<?xml version="1.0" encoding="UTF-8"?>
<testsuites tests="82" failures="20" errors="20" skipped="0">
  <testsuite timestamp="2025-05-15T16:19:10" time="885.134" tests="8" failures="0" errors="0" skipped="0">
    <properties>
      <property name="specId" value="0" />
      <property name="suiteName" value="Stock increase - with WHM US125587" />
      <property name="capabilities" value="chrome.136_0_7103_93.windows" />
      <property name="file" value="file:///D:/a/1/s/test/specs/HTR/stock-increase.spec.js" />
    </properties>
    <testcase classname="chrome.136_0_7103_93.windows.Stock_increase_-_with_WHM_US125587" name="Should create a new WHM yard" time="145.35">
      <system-out><![CDATA[
COMMAND: POST /session/73a4fd280a32fd38d4d0602b1d656d13/window/fullscreen - {}
RESULT: {}
COMMAND: POST /session/73a4fd280a32fd38d4d0602b1d656d13/execute/async - {"script":"<script> [1562 bytes]","args":[{"selector":{"controlType":"sap.m.GenericTile","properties":{"header":"Manage Yards"}},"wdio_ui5_key":"sapm.GenericTile{\"header\":\"Manage Yards\"}"}]}
RESULT: {"script":"<script> [1562 bytes]","args":[{"selector":{"controlType":"sap.m.GenericTile","properties":{"header":"Manage Yards"}},"wdio_ui5_key":"sapm.GenericTile{\"header\":\"Manage Yards\"}"}]}
RESULT: undefined
COMMAND: POST /session/73a4fd280a32fd38d4d0602b1d656d13/element - {"using":"xpath","value":"//*[@id=\"__tile41\"]"}
RESULT: {"using":"xpath","value":"//*[@id=\"__tile41\"]"}
COMMAND: POST /session/73a4fd280a32fd38d4d0602b1d656d13/element/f.8A8223F9DEA97DA973980CAD3BB2ACE0.d.56B77746DE068006AB643AFD4F7C513F.e.138/click - {}
RESULT: {}
COMMAND: GET /session/73a4fd280a32fd38d4d0602b1d656d13/screenshot - {}
RESULT: {}
COMMAND: POST /session/73a4fd280a32fd38d4d0602b1d656d13/elements - {"using":"xpath","value":"//span[text()='Error']"}
RESULT: {"using":"xpath","value":"//span[text()='Error']"}
COMMAND: POST /session/73a4fd280a32fd38d4d0602b1d656d13/element - {"using":"xpath","value":"//button[@data-kt=\"addNewYardOverflowToolbarButton\"]"}
RESULT: {"using":"xpath","value":"//button[@data-kt=\"addNewYardOverflowToolbarButton\"]"}
COMMAND: POST /session/73a4fd280a32fd38d4d0602b1d656d13/elements - {"using":"xpath","value":"//button[@data-kt=\"addNewYardOverflowToolbarButton\"]"}
RESULT: {"using":"xpath","value":"//button[@data-kt=\"addNewYardOverflowToolbarButton\"]"}
COMMAND: POST /session/73a4fd280a32fd38d4d0602b1d656d13/elements - {"using":"xpath","value":"//button[@data-kt=\"addNewYardOverflowToolbarButton\"]"}
RESULT: {"using":"xpath","value":"//button[@data-kt=\"addNewYardOverflowToolbarButton\"]"}
COMMAND: POST /session/73a4fd280a32fd38d4d0602b1d656d13/elements - {"using":"xpath","value":"//button[@data-kt=\"addNewYardOverflowToolbarButton\"]"}
RESULT: {"using":"xpath","value":"//button[@data-kt=\"addNewYardOverflowToolbarButton\"]"}
COMMAND: POST /session/73a4fd280a32fd38d4d0602b1d656d13/elements - {"using":"xpath","value":"//button[@data-kt=\"addNewYardOverflowToolbarButton\"]"}
RESULT: {"using":"xpath","value":"//button[@data-kt=\"addNewYardOverflowToolbarButton\"]"}
COMMAND: POST /session/73a4fd280a32fd38d4d0602b1d656d13/elements - {"using":"xpath","value":"//button[@data-kt=\"addNewYardOverflowToolbarButton\"]"}
RESULT: {"using":"xpath","value":"//button[@data-kt=\"addNewYardOverflowToolbarButton\"]"}
COMMAND: POST /session/73a4fd280a32fd38d4d0602b1d656d13/elements - {"using":"xpath","value":"//button[@data-kt=\"addNewYardOverflowToolbarButton\"]"}
RESULT: {"using":"xpath","value":"//button[@data-kt=\"addNewYardOverflowToolbarButton\"]"}
COMMAND: POST /session/73a4fd280a32fd38d4d0602b1d656d13/elements - {"using":"xpath","value":"//button[@data-kt=\"addNewYardOverflowToolbarButton\"]"}
RESULT: {"using":"xpath","value":"//button[@data-kt=\"addNewYardOverflowToolbarButton\"]"}
COMMAND: POST /session/73a4fd280a32fd38d4d0602b1d656d13/elements - {"using":"xpath","value":"//button[@data-kt=\"addNewYardOverflowToolbarButton\"]"}
RESULT: {"using":"xpath","value":"//button[@data-kt=\"addNewYardOverflowToolbarButton\"]"}
COMMAND: POST /session/73a4fd280a32fd38d4d0602b1d656d13/elements - {"using":"xpath","value":"//button[@data-kt=\"addNewYardOverflowToolbarButton\"]"}
RESULT: {"using":"xpath","value":"//button[@data-kt=\"addNewYardOverflowToolbarButton\"]"}
COMMAND: POST /session/73a4fd280a32fd38d4d0602b1d656d13/elements - {"using":"xpath","value":"//button[@data-kt=\"addNewYardOverflowToolbarButton\"]"}
RESULT: {"using":"xpath","value":"//button[@data-kt=\"addNewYardOverflowToolbarButton\"]"}
COMMAND: POST /session/73a4fd280a32fd38d4d0602b1d656d13/elements - {"using":"xpath","value":"//button[@data-kt=\"addNewYardOverflowToolbarButton\"]"}
RESULT: {"using":"xpath","value":"//button[@data-kt=\"addNewYardOverflowToolbarButton\"]"}
COMMAND: POST /session/73a4fd280a32fd38d4d0602b1d656d13/elements - {"using":"xpath","value":"//button[@data-kt=\"addNewYardOverflowToolbarButton\"]"}
RESULT: {"using":"xpath","value":"//button[@data-kt=\"addNewYardOverflowToolbarButton\"]"}
COMMAND: POST /session/73a4fd280a32fd38d4d0602b1d656d13/elements - {"using":"xpath","value":"//button[@data-kt=\"addNewYardOverflowToolbarButton\"]"}
RESULT: {"using":"xpath","value":"//button[@data-kt=\"addNewYardOverflowToolbarButton\"]"}
COMMAND: POST /session/73a4fd280a32fd38d4d0602b1d656d13/elements - {"using":"xpath","value":"//button[@data-kt=\"addNewYardOverflowToolbarButton\"]"}
RESULT: {"using":"xpath","value":"//button[@data-kt=\"addNewYardOverflowToolbarButton\"]"}
COMMAND: POST /session/73a4fd280a32fd38d4d0602b1d656d13/elements - {"using":"xpath","value":"//button[@data-kt=\"addNewYardOverflowToolbarButton\"]"}
RESULT: {"using":"xpath","value":"//button[@data-kt=\"addNewYardOverflowToolbarButton\"]"}
COMMAND: POST /session/73a4fd280a32fd38d4d0602b1d656d13/elements - {"using":"xpath","value":"//button[@data-kt=\"addNewYardOverflowToolbarButton\"]"}
RESULT: {"using":"xpath","value":"//button[@data-kt=\"addNewYardOverflowToolbarButton\"]"}
COMMAND: POST /session/73a4fd280a32fd38d4d0602b1d656d13/elements - {"using":"xpath","value":"//button[@data-kt=\"addNewYardOverflowToolbarButton\"]"}
RESULT: {"using":"xpath","value":"//button[@data-kt=\"addNewYardOverflowToolbarButton\"]"}
COMMAND: POST /session/73a4fd280a32fd38d4d0602b1d656d13/elements - {"using":"xpath","value":"//button[@data-kt=\"addNewYardOverflowToolbarButton\"]"}
RESULT: {"using":"xpath","value":"//button[@data-kt=\"addNewYardOverflowToolbarButton\"]"}
COMMAND: POST /session/73a4fd280a32fd38d4d0602b1d656d13/elements - {"using":"xpath","value":"//button[@data-kt=\"addNewYardOverflowToolbarButton\"]"}
RESULT: {"using":"xpath","value":"//button[@data-kt=\"addNewYardOverflowToolbarButton\"]"}
COMMAND: POST /session/73a4fd280a32fd38d4d0602b1d656d13/elements - {"using":"xpath","value":"//button[@data-kt=\"addNewYardOverflowToolbarButton\"]"}
RESULT: {"using":"xpath","value":"//button[@data-kt=\"addNewYardOverflowToolbarButton\"]"}
COMMAND: POST /session/73a4fd280a32fd38d4d0602b1d656d13/elements - {"using":"xpath","value":"//button[@data-kt=\"addNewYardOverflowToolbarButton\"]"}
RESULT: {"using":"xpath","value":"//button[@data-kt=\"addNewYardOverflowToolbarButton\"]"}
COMMAND: POST /session/73a4fd280a32fd38d4d0602b1d656d13/elements - {"using":"xpath","value":"//button[@data-kt=\"addNewYardOverflowToolbarButton\"]"}
RESULT: {"using":"xpath","value":"//button[@data-kt=\"addNewYardOverflowToolbarButton\"]"}
COMMAND: POST /session/73a4fd280a32fd38d4d0602b1d656d13/elements - {"using":"xpath","value":"//button[@data-kt=\"addNewYardOverflowToolbarButton\"]"}
RESULT: {"using":"xpath","value":"//button[@data-kt=\"addNewYardOverflowToolbarButton\"]"}
COMMAND: POST /session/73a4fd280a32fd38d4d0602b1d656d13/elements - {"using":"xpath","value":"//button[@data-kt=\"addNewYardOverflowToolbarButton\"]"}
RESULT: {"using":"xpath","value":"//button[@data-kt=\"addNewYardOverflowToolbarButton\"]"}
COMMAND: POST /session/73a4fd280a32fd38d4d0602b1d656d13/elements - {"using":"xpath","value":"//button[@data-kt=\"addNewYardOverflowToolbarButton\"]"}
RESULT: {"using":"xpath","value":"//button[@data-kt=\"addNewYardOverflowToolbarButton\"]"}
COMMAND: POST /session/73a4fd280a32fd38d4d0602b1d656d13/elements - {"using":"xpath","value":"//button[@data-kt=\"addNewYardOverflowToolbarButton\"]"}
RESULT: {"using":"xpath","value":"//button[@data-kt=\"addNewYardOverflowToolbarButton\"]"}
COMMAND: POST /session/73a4fd280a32fd38d4d0602b1d656d13/element - {"using":"xpath","value":"//button[@data-kt=\"addNewYardOverflowToolbarButton\"]"}
RESULT: {"using":"xpath","value":"//button[@data-kt=\"addNewYardOverflowToolbarButton\"]"}
COMMAND: POST /session/73a4fd280a32fd38d4d0602b1d656d13/execute/sync - {"script":"<script> [8489 bytes]","args":[{"element-6066-11e4-a52e-4f735466cecf":"f.8A8223F9DEA97DA973980CAD3BB2ACE0.d.56B77746DE068006AB643AFD4F7C513F.e.271","ELEMENT":"f.8A8223F9DEA97DA973980CAD3BB2ACE0.d.56B77746DE068006AB643AFD4F7C513F.e.271"}]}
RESULT: {"script":"<script> [8489 bytes]","args":[{"element-6066-11e4-a52e-4f735466cecf":"f.8A8223F9DEA97DA973980CAD3BB2ACE0.d.56B77746DE068006AB643AFD4F7C513F.e.271","ELEMENT":"f.8A8223F9DEA97DA973980CAD3BB2ACE0.d.56B77746DE068006AB643AFD4F7C513F.e.271"}]}
COMMAND: GET /session/73a4fd280a32fd38d4d0602b1d656d13/element/f.8A8223F9DEA97DA973980CAD3BB2ACE0.d.56B77746DE068006AB643AFD4F7C513F.e.271/enabled - {}
COMMAND: GET /session/73a4fd280a32fd38d4d0602b1d656d13/screenshot - {}
RESULT: {}
COMMAND: POST /session/73a4fd280a32fd38d4d0602b1d656d13/execute/sync - {"script":"<script> [8489 bytes]","args":[{"element-6066-11e4-a52e-4f735466cecf":"f.8A8223F9DEA97DA973980CAD3BB2ACE0.d.56B77746DE068006AB643AFD4F7C513F.e.271","ELEMENT":"f.8A8223F9DEA97DA973980CAD3BB2ACE0.d.56B77746DE068006AB643AFD4F7C513F.e.271"}]}
COMMAND: GET /session/73a4fd280a32fd38d4d0602b1d656d13/screenshot - {}
RESULT: {}
RESULT: {"script":"<script> [8489 bytes]","args":[{"element-6066-11e4-a52e-4f735466cecf":"f.8A8223F9DEA97DA973980CAD3BB2ACE0.d.56B77746DE068006AB643AFD4F7C513F.e.271","ELEMENT":"f.8A8223F9DEA97DA973980CAD3BB2ACE0.d.56B77746DE068006AB643AFD4F7C513F.e.271"}]}
COMMAND: POST /session/73a4fd280a32fd38d4d0602b1d656d13/execute/sync - {"script":"<script> [5351 bytes]","args":[{"element-6066-11e4-a52e-4f735466cecf":"f.8A8223F9DEA97DA973980CAD3BB2ACE0.d.56B77746DE068006AB643AFD4F7C513F.e.271","ELEMENT":"f.8A8223F9DEA97DA973980CAD3BB2ACE0.d.56B77746DE068006AB643AFD4F7C513F.e.271"}]}
COMMAND: GET /session/73a4fd280a32fd38d4d0602b1d656d13/screenshot - {}
RESULT: {}
RESULT: {"script":"<script> [5351 bytes]","args":[{"element-6066-11e4-a52e-4f735466cecf":"f.8A8223F9DEA97DA973980CAD3BB2ACE0.d.56B77746DE068006AB643AFD4F7C513F.e.271","ELEMENT":"f.8A8223F9DEA97DA973980CAD3BB2ACE0.d.56B77746DE068006AB643AFD4F7C513F.e.271"}]}
COMMAND: POST /session/73a4fd280a32fd38d4d0602b1d656d13/element/f.8A8223F9DEA97DA973980CAD3BB2ACE0.d.56B77746DE068006AB643AFD4F7C513F.e.271/click - {}
COMMAND: GET /session/73a4fd280a32fd38d4d0602b1d656d13/screenshot - {}
RESULT: {}
RESULT: {}
COMMAND: GET /session/73a4fd280a32fd38d4d0602b1d656d13/screenshot - {}
RESULT: {}
RESULT: {}
COMMAND: POST /session/73a4fd280a32fd38d4d0602b1d656d13/element - {"using":"xpath","value":"//input[@id=\"application-manageyards-display-component---NewYard--yardId-inner\"]"}
RESULT: {"using":"xpath","value":"//input[@id=\"application-manageyards-display-component---NewYard--yardId-inner\"]"}
COMMAND: POST /session/73a4fd280a32fd38d4d0602b1d656d13/element - {"using":"xpath","value":"//input[@id=\"application-manageyards-display-component---NewYard--yardId-inner\"]"}
RESULT: {"using":"xpath","value":"//input[@id=\"application-manageyards-display-component---NewYard--yardId-inner\"]"}
COMMAND: POST /session/73a4fd280a32fd38d4d0602b1d656d13/execute/async - {"script":"<script> [1562 bytes]","args":[{"selector":{"id":"application-manageyards-display-component---NewYard--addressDetailDetailsName1","interaction":{"idSuffix":"inner"}},"wdio_ui5_key":"applicationmanageyards-display-component---NewYard--addressDetailDetailsName1"}]}
RESULT: {"script":"<script> [1562 bytes]","args":[{"selector":{"id":"application-manageyards-display-component---NewYard--addressDetailDetailsName1","interaction":{"idSuffix":"inner"}},"wdio_ui5_key":"applicationmanageyards-display-component---NewYard--addressDetailDetailsName1"}]}
RESULT: undefined
COMMAND: POST /session/73a4fd280a32fd38d4d0602b1d656d13/execute/async - {"script":"<script> [776 bytes]","args":[{"enterText":"Warehouse Managed WDIO","selector":{"id":"application-manageyards-display-component---NewYard--addressDetailDetailsName1","interaction":{"idSuffix":"inner"}},"clearTextFirst":true,"interactionType":"ENTER_TEXT"}]}
RESULT: {"script":"<script> [776 bytes]","args":[{"enterText":"Warehouse Managed WDIO","selector":{"id":"application-manageyards-display-component---NewYard--addressDetailDetailsName1","interaction":{"idSuffix":"inner"}},"clearTextFirst":true,"interactionType":"ENTER_TEXT"}]}
COMMAND: POST /session/73a4fd280a32fd38d4d0602b1d656d13/execute/async - {"script":"<script> [1562 bytes]","args":[{"selector":{"id":"application-manageyards-display-component---NewYard--addressDetailDetailsLanguage-arrow"},"wdio_ui5_key":"applicationmanageyards-display-component---NewYard--addressDetailDetailsLanguage-arrow"}]}
RESULT: {"script":"<script> [1562 bytes]","args":[{"selector":{"id":"application-manageyards-display-component---NewYard--addressDetailDetailsLanguage-arrow"},"wdio_ui5_key":"applicationmanageyards-display-component---NewYard--addressDetailDetailsLanguage-arrow"}]}
RESULT: undefined
COMMAND: POST /session/73a4fd280a32fd38d4d0602b1d656d13/element - {"using":"xpath","value":"//*[@id=\"application-manageyards-display-component---NewYard--addressDetailDetailsLanguage-arrow\"]"}
RESULT: {"using":"xpath","value":"//*[@id=\"application-manageyards-display-component---NewYard--addressDetailDetailsLanguage-arrow\"]"}
COMMAND: POST /session/73a4fd280a32fd38d4d0602b1d656d13/element/f.8A8223F9DEA97DA973980CAD3BB2ACE0.d.56B77746DE068006AB643AFD4F7C513F.e.713/click - {}
RESULT: {}
COMMAND: POST /session/73a4fd280a32fd38d4d0602b1d656d13/element - {"using":"xpath","value":"//span[contains(text(), \"English\")]"}
COMMAND: GET /session/73a4fd280a32fd38d4d0602b1d656d13/screenshot - {}
RESULT: {"using":"xpath","value":"//span[contains(text(), \"English\")]"}
COMMAND: POST /session/73a4fd280a32fd38d4d0602b1d656d13/element/f.8A8223F9DEA97DA973980CAD3BB2ACE0.d.56B77746DE068006AB643AFD4F7C513F.e.714/click - {}
RESULT: {}
RESULT: {}
COMMAND: POST /session/73a4fd280a32fd38d4d0602b1d656d13/execute/async - {"script":"<script> [1562 bytes]","args":[{"selector":{"id":"application-manageyards-display-component---NewYard--addressDetailDetailsCity1","interaction":{"idSuffix":"inner"}},"wdio_ui5_key":"applicationmanageyards-display-component---NewYard--addressDetailDetailsCity1"}]}
COMMAND: GET /session/73a4fd280a32fd38d4d0602b1d656d13/screenshot - {}
RESULT: {"script":"<script> [1562 bytes]","args":[{"selector":{"id":"application-manageyards-display-component---NewYard--addressDetailDetailsCity1","interaction":{"idSuffix":"inner"}},"wdio_ui5_key":"applicationmanageyards-display-component---NewYard--addressDetailDetailsCity1"}]}
RESULT: undefined
COMMAND: POST /session/73a4fd280a32fd38d4d0602b1d656d13/execute/async - {"script":"<script> [776 bytes]","args":[{"enterText":"Rosario","selector":{"id":"application-manageyards-display-component---NewYard--addressDetailDetailsCity1","interaction":{"idSuffix":"inner"}},"clearTextFirst":true,"interactionType":"ENTER_TEXT"}]}
RESULT: {}
RESULT: {"script":"<script> [776 bytes]","args":[{"enterText":"Rosario","selector":{"id":"application-manageyards-display-component---NewYard--addressDetailDetailsCity1","interaction":{"idSuffix":"inner"}},"clearTextFirst":true,"interactionType":"ENTER_TEXT"}]}
COMMAND: POST /session/73a4fd280a32fd38d4d0602b1d656d13/execute/async - {"script":"<script> [1562 bytes]","args":[{"selector":{"id":"application-manageyards-display-component---NewYard--addressDetailDetailsCountry-arrow"},"wdio_ui5_key":"applicationmanageyards-display-component---NewYard--addressDetailDetailsCountry-arrow"}]}
RESULT: {"script":"<script> [1562 bytes]","args":[{"selector":{"id":"application-manageyards-display-component---NewYard--addressDetailDetailsCountry-arrow"},"wdio_ui5_key":"applicationmanageyards-display-component---NewYard--addressDetailDetailsCountry-arrow"}]}
RESULT: undefined
COMMAND: POST /session/73a4fd280a32fd38d4d0602b1d656d13/element - {"using":"xpath","value":"//*[@id=\"application-manageyards-display-component---NewYard--addressDetailDetailsCountry-arrow\"]"}
RESULT: {"using":"xpath","value":"//*[@id=\"application-manageyards-display-component---NewYard--addressDetailDetailsCountry-arrow\"]"}
COMMAND: POST /session/73a4fd280a32fd38d4d0602b1d656d13/element/f.8A8223F9DEA97DA973980CAD3BB2ACE0.d.56B77746DE068006AB643AFD4F7C513F.e.716/click - {}
RESULT: {}
COMMAND: POST /session/73a4fd280a32fd38d4d0602b1d656d13/element - {"using":"xpath","value":"//span[contains(text(), \"Argentina\")]"}
COMMAND: GET /session/73a4fd280a32fd38d4d0602b1d656d13/screenshot - {}
RESULT: {"using":"xpath","value":"//span[contains(text(), \"Argentina\")]"}
COMMAND: POST /session/73a4fd280a32fd38d4d0602b1d656d13/element/f.8A8223F9DEA97DA973980CAD3BB2ACE0.d.56B77746DE068006AB643AFD4F7C513F.e.717/click - {}
RESULT: {}
RESULT: {}
COMMAND: POST /session/73a4fd280a32fd38d4d0602b1d656d13/execute/async - {"script":"<script> [1562 bytes]","args":[{"selector":{"id":"application-manageyards-display-component---NewYard--addressEditDetailsCostObjectCstType-arrow"},"wdio_ui5_key":"applicationmanageyards-display-component---NewYard--addressEditDetailsCostObjectCstType-arrow"}]}
COMMAND: GET /session/73a4fd280a32fd38d4d0602b1d656d13/screenshot - {}
RESULT: {"script":"<script> [1562 bytes]","args":[{"selector":{"id":"application-manageyards-display-component---NewYard--addressEditDetailsCostObjectCstType-arrow"},"wdio_ui5_key":"applicationmanageyards-display-component---NewYard--addressEditDetailsCostObjectCstType-arrow"}]}
RESULT: undefined
COMMAND: POST /session/73a4fd280a32fd38d4d0602b1d656d13/element - {"using":"xpath","value":"//*[@id=\"application-manageyards-display-component---NewYard--addressEditDetailsCostObjectCstType-arrow\"]"}
RESULT: {}
RESULT: {"using":"xpath","value":"//*[@id=\"application-manageyards-display-component---NewYard--addressEditDetailsCostObjectCstType-arrow\"]"}
COMMAND: POST /session/73a4fd280a32fd38d4d0602b1d656d13/element/f.8A8223F9DEA97DA973980CAD3BB2ACE0.d.56B77746DE068006AB643AFD4F7C513F.e.719/click - {}
RESULT: {}
COMMAND: POST /session/73a4fd280a32fd38d4d0602b1d656d13/element - {"using":"xpath","value":"//span[contains(text(), \"Cost Center\")]"}
COMMAND: GET /session/73a4fd280a32fd38d4d0602b1d656d13/screenshot - {}
RESULT: {"using":"xpath","value":"//span[contains(text(), \"Cost Center\")]"}
COMMAND: POST /session/73a4fd280a32fd38d4d0602b1d656d13/element/f.8A8223F9DEA97DA973980CAD3BB2ACE0.d.56B77746DE068006AB643AFD4F7C513F.e.720/click - {}
RESULT: {}
RESULT: {}
COMMAND: GET /session/73a4fd280a32fd38d4d0602b1d656d13/screenshot - {}
RESULT: {}
COMMAND: POST /session/73a4fd280a32fd38d4d0602b1d656d13/element - {"using":"xpath","value":"//span[@id=\"application-manageyards-display-component---NewYard--addressNewCostObjectCstID-vhi\"]"}
RESULT: {"using":"xpath","value":"//span[@id=\"application-manageyards-display-component---NewYard--addressNewCostObjectCstID-vhi\"]"}
COMMAND: POST /session/73a4fd280a32fd38d4d0602b1d656d13/execute/sync - {"script":"<script> [8489 bytes]","args":[{"element-6066-11e4-a52e-4f735466cecf":"f.8A8223F9DEA97DA973980CAD3BB2ACE0.d.56B77746DE068006AB643AFD4F7C513F.e.724","ELEMENT":"f.8A8223F9DEA97DA973980CAD3BB2ACE0.d.56B77746DE068006AB643AFD4F7C513F.e.724"}]}
RESULT: {"script":"<script> [8489 bytes]","args":[{"element-6066-11e4-a52e-4f735466cecf":"f.8A8223F9DEA97DA973980CAD3BB2ACE0.d.56B77746DE068006AB643AFD4F7C513F.e.724","ELEMENT":"f.8A8223F9DEA97DA973980CAD3BB2ACE0.d.56B77746DE068006AB643AFD4F7C513F.e.724"}]}
COMMAND: POST /session/73a4fd280a32fd38d4d0602b1d656d13/execute/async - {"script":"<script> [1562 bytes]","args":[{"selector":{"id":"application-manageyards-display-component---NewYard--addressNewCostObjectCstID-vhi"},"wdio_ui5_key":"applicationmanageyards-display-component---NewYard--addressNewCostObjectCstID-vhi"}]}
COMMAND: GET /session/73a4fd280a32fd38d4d0602b1d656d13/screenshot - {}
RESULT: {"script":"<script> [1562 bytes]","args":[{"selector":{"id":"application-manageyards-display-component---NewYard--addressNewCostObjectCstID-vhi"},"wdio_ui5_key":"applicationmanageyards-display-component---NewYard--addressNewCostObjectCstID-vhi"}]}
RESULT: undefined
COMMAND: POST /session/73a4fd280a32fd38d4d0602b1d656d13/element - {"using":"xpath","value":"//*[@id=\"application-manageyards-display-component---NewYard--addressNewCostObjectCstID-vhi\"]"}
RESULT: {}
RESULT: {"using":"xpath","value":"//*[@id=\"application-manageyards-display-component---NewYard--addressNewCostObjectCstID-vhi\"]"}
COMMAND: POST /session/73a4fd280a32fd38d4d0602b1d656d13/element/f.8A8223F9DEA97DA973980CAD3BB2ACE0.d.56B77746DE068006AB643AFD4F7C513F.e.724/click - {}
RESULT: {}
COMMAND: GET /session/73a4fd280a32fd38d4d0602b1d656d13/screenshot - {}
COMMAND: POST /session/73a4fd280a32fd38d4d0602b1d656d13/execute/async - {"script":"<script> [1562 bytes]","args":[{"selector":{"controlType":"sap.m.SearchField","properties":{"placeholder":"Search"},"searchOpenDialogs":true,"interaction":{"idSuffix":"I"}},"wdio_ui5_key":"sapm.SearchField{\"placeholder\":\"Search\"}"}]}
RESULT: {}
RESULT: {"script":"<script> [1562 bytes]","args":[{"selector":{"controlType":"sap.m.SearchField","properties":{"placeholder":"Search"},"searchOpenDialogs":true,"interaction":{"idSuffix":"I"}},"wdio_ui5_key":"sapm.SearchField{\"placeholder\":\"Search\"}"}]}
RESULT: undefined
COMMAND: POST /session/73a4fd280a32fd38d4d0602b1d656d13/execute/async - {"script":"<script> [776 bytes]","args":[{"enterText":"bauh_b","selector":{"controlType":"sap.m.SearchField","properties":{"placeholder":"Search"},"searchOpenDialogs":true,"interaction":{"idSuffix":"I"}},"clearTextFirst":true,"interactionType":"ENTER_TEXT"}]}
RESULT: {"script":"<script> [776 bytes]","args":[{"enterText":"bauh_b","selector":{"controlType":"sap.m.SearchField","properties":{"placeholder":"Search"},"searchOpenDialogs":true,"interaction":{"idSuffix":"I"}},"clearTextFirst":true,"interactionType":"ENTER_TEXT"}]}
COMMAND: POST /session/73a4fd280a32fd38d4d0602b1d656d13/actions - {"actions":[{"id":"action1","type":"key","parameters":{},"actions":[{"type":"keyDown","value":"î€‡"},{"type":"pause","duration":10},{"type":"keyUp","value":"î€‡"}]}]}
RESULT: {"actions":[{"id":"action1","type":"key","parameters":{},"actions":[{"type":"keyDown","value":"î€‡"},{"type":"pause","duration":10},{"type":"keyUp","value":"î€‡"}]}]}
COMMAND: GET /session/73a4fd280a32fd38d4d0602b1d656d13/screenshot - {}
RESULT: {}
COMMAND: POST /session/73a4fd280a32fd38d4d0602b1d656d13/element - {"using":"xpath","value":"//span[contains(text(), \"Demo Yard\")]"}
RESULT: {"using":"xpath","value":"//span[contains(text(), \"Demo Yard\")]"}
COMMAND: POST /session/73a4fd280a32fd38d4d0602b1d656d13/element/f.8A8223F9DEA97DA973980CAD3BB2ACE0.d.56B77746DE068006AB643AFD4F7C513F.e.764/click - {}
RESULT: {}
COMMAND: GET /session/73a4fd280a32fd38d4d0602b1d656d13/screenshot - {}
RESULT: {}
COMMAND: POST /session/73a4fd280a32fd38d4d0602b1d656d13/element - {"using":"xpath","value":"//bdi[contains(text(), \"OK\")]"}
RESULT: {"using":"xpath","value":"//bdi[contains(text(), \"OK\")]"}
COMMAND: POST /session/73a4fd280a32fd38d4d0602b1d656d13/element/f.8A8223F9DEA97DA973980CAD3BB2ACE0.d.56B77746DE068006AB643AFD4F7C513F.e.765/click - {}
RESULT: {}
COMMAND: GET /session/73a4fd280a32fd38d4d0602b1d656d13/screenshot - {}
RESULT: {}
COMMAND: POST /session/73a4fd280a32fd38d4d0602b1d656d13/execute/async - {"script":"<script> [1562 bytes]","args":[{"selector":{"id":"application-manageyards-display-component---NewYard--addressEditDetailsCurrency-arrow"},"wdio_ui5_key":"applicationmanageyards-display-component---NewYard--addressEditDetailsCurrency-arrow"}]}
RESULT: {"script":"<script> [1562 bytes]","args":[{"selector":{"id":"application-manageyards-display-component---NewYard--addressEditDetailsCurrency-arrow"},"wdio_ui5_key":"applicationmanageyards-display-component---NewYard--addressEditDetailsCurrency-arrow"}]}
RESULT: undefined
COMMAND: POST /session/73a4fd280a32fd38d4d0602b1d656d13/element - {"using":"xpath","value":"//*[@id=\"application-manageyards-display-component---NewYard--addressEditDetailsCurrency-arrow\"]"}
RESULT: {"using":"xpath","value":"//*[@id=\"application-manageyards-display-component---NewYard--addressEditDetailsCurrency-arrow\"]"}
COMMAND: POST /session/73a4fd280a32fd38d4d0602b1d656d13/element/f.8A8223F9DEA97DA973980CAD3BB2ACE0.d.56B77746DE068006AB643AFD4F7C513F.e.768/click - {}
RESULT: {}
COMMAND: POST /session/73a4fd280a32fd38d4d0602b1d656d13/element - {"using":"xpath","value":"//span[contains(text(), \"Euro\")]"}
COMMAND: GET /session/73a4fd280a32fd38d4d0602b1d656d13/screenshot - {}
RESULT: {"using":"xpath","value":"//span[contains(text(), \"Euro\")]"}
COMMAND: POST /session/73a4fd280a32fd38d4d0602b1d656d13/element/f.8A8223F9DEA97DA973980CAD3BB2ACE0.d.56B77746DE068006AB643AFD4F7C513F.e.769/click - {}
RESULT: {}
RESULT: {}
COMMAND: POST /session/73a4fd280a32fd38d4d0602b1d656d13/execute/async - {"script":"<script> [1562 bytes]","args":[{"selector":{"controlType":"sap.m.Input","viewName":"etm.portal.ui.manageyards.view.New","viewId":"application-manageyards-display-component---NewYard","bindingPath":{"path":"","propertyPath":"/CONTROLLING_AREA","modelName":"NewYardModel"},"interaction":{"idSuffix":"inner"}},"wdio_ui5_key":"etmportal.ui.manageyards.view.Newsap.m.Input{\"path\":\"\",\"propertyPath\":\"/CONTROLLING_AREA\",\"modelName\":\"NewYardModel\"}"}]}
COMMAND: GET /session/73a4fd280a32fd38d4d0602b1d656d13/screenshot - {}
RESULT: {"script":"<script> [1562 bytes]","args":[{"selector":{"controlType":"sap.m.Input","viewName":"etm.portal.ui.manageyards.view.New","viewId":"application-manageyards-display-component---NewYard","bindingPath":{"path":"","propertyPath":"/CONTROLLING_AREA","modelName":"NewYardModel"},"interaction":{"idSuffix":"inner"}},"wdio_ui5_key":"etmportal.ui.manageyards.view.Newsap.m.Input{\"path\":\"\",\"propertyPath\":\"/CONTROLLING_AREA\",\"modelName\":\"NewYardModel\"}"}]}
RESULT: undefined
COMMAND: POST /session/73a4fd280a32fd38d4d0602b1d656d13/execute/async - {"script":"<script> [776 bytes]","args":[{"enterText":"Z001","selector":{"controlType":"sap.m.Input","viewName":"etm.portal.ui.manageyards.view.New","viewId":"application-manageyards-display-component---NewYard","bindingPath":{"path":"","propertyPath":"/CONTROLLING_AREA","modelName":"NewYardModel"},"interaction":{"idSuffix":"inner"}},"clearTextFirst":true,"interactionType":"ENTER_TEXT"}]}
RESULT: {}
RESULT: {"script":"<script> [776 bytes]","args":[{"enterText":"Z001","selector":{"controlType":"sap.m.Input","viewName":"etm.portal.ui.manageyards.view.New","viewId":"application-manageyards-display-component---NewYard","bindingPath":{"path":"","propertyPath":"/CONTROLLING_AREA","modelName":"NewYardModel"},"interaction":{"idSuffix":"inner"}},"clearTextFirst":true,"interactionType":"ENTER_TEXT"}]}
COMMAND: POST /session/73a4fd280a32fd38d4d0602b1d656d13/execute/async - {"script":"<script> [1562 bytes]","args":[{"selector":{"id":"application-manageyards-display-component---NewYard--companyCodeComboBox","interaction":{"idSuffix":"inner"}},"wdio_ui5_key":"applicationmanageyards-display-component---NewYard--companyCodeComboBox"}]}
RESULT: {"script":"<script> [1562 bytes]","args":[{"selector":{"id":"application-manageyards-display-component---NewYard--companyCodeComboBox","interaction":{"idSuffix":"inner"}},"wdio_ui5_key":"applicationmanageyards-display-component---NewYard--companyCodeComboBox"}]}
RESULT: undefined
COMMAND: POST /session/73a4fd280a32fd38d4d0602b1d656d13/execute/async - {"script":"<script> [776 bytes]","args":[{"enterText":"1000","selector":{"id":"application-manageyards-display-component---NewYard--companyCodeComboBox","interaction":{"idSuffix":"inner"}},"clearTextFirst":true,"interactionType":"ENTER_TEXT"}]}
RESULT: {"script":"<script> [776 bytes]","args":[{"enterText":"1000","selector":{"id":"application-manageyards-display-component---NewYard--companyCodeComboBox","interaction":{"idSuffix":"inner"}},"clearTextFirst":true,"interactionType":"ENTER_TEXT"}]}
COMMAND: POST /session/73a4fd280a32fd38d4d0602b1d656d13/execute/async - {"script":"<script> [1562 bytes]","args":[{"selector":{"controlType":"sap.m.Input","viewName":"etm.portal.ui.manageyards.view.New","viewId":"application-manageyards-display-component---NewYard","bindingPath":{"path":"","propertyPath":"/PLANT","modelName":"NewYardModel"},"interaction":{"idSuffix":"inner"}},"wdio_ui5_key":"etmportal.ui.manageyards.view.Newsap.m.Input{\"path\":\"\",\"propertyPath\":\"/PLANT\",\"modelName\":\"NewYardModel\"}"}]}
RESULT: {"script":"<script> [1562 bytes]","args":[{"selector":{"controlType":"sap.m.Input","viewName":"etm.portal.ui.manageyards.view.New","viewId":"application-manageyards-display-component---NewYard","bindingPath":{"path":"","propertyPath":"/PLANT","modelName":"NewYardModel"},"interaction":{"idSuffix":"inner"}},"wdio_ui5_key":"etmportal.ui.manageyards.view.Newsap.m.Input{\"path\":\"\",\"propertyPath\":\"/PLANT\",\"modelName\":\"NewYardModel\"}"}]}
RESULT: undefined
COMMAND: POST /session/73a4fd280a32fd38d4d0602b1d656d13/execute/async - {"script":"<script> [776 bytes]","args":[{"enterText":"1001","selector":{"controlType":"sap.m.Input","viewName":"etm.portal.ui.manageyards.view.New","viewId":"application-manageyards-display-component---NewYard","bindingPath":{"path":"","propertyPath":"/PLANT","modelName":"NewYardModel"},"interaction":{"idSuffix":"inner"}},"clearTextFirst":true,"interactionType":"ENTER_TEXT"}]}
RESULT: {"script":"<script> [776 bytes]","args":[{"enterText":"1001","selector":{"controlType":"sap.m.Input","viewName":"etm.portal.ui.manageyards.view.New","viewId":"application-manageyards-display-component---NewYard","bindingPath":{"path":"","propertyPath":"/PLANT","modelName":"NewYardModel"},"interaction":{"idSuffix":"inner"}},"clearTextFirst":true,"interactionType":"ENTER_TEXT"}]}
COMMAND: POST /session/73a4fd280a32fd38d4d0602b1d656d13/execute/async - {"script":"<script> [1562 bytes]","args":[{"selector":{"controlType":"sap.m.Input","viewName":"etm.portal.ui.manageyards.view.New","viewId":"application-manageyards-display-component---NewYard","bindingPath":{"path":"","propertyPath":"/SALES_AREA_VKORG","modelName":"NewYardModel"},"interaction":{"idSuffix":"inner"}},"wdio_ui5_key":"etmportal.ui.manageyards.view.Newsap.m.Input{\"path\":\"\",\"propertyPath\":\"/SALES_AREA_VKORG\",\"modelName\":\"NewYardModel\"}"}]}
RESULT: {"script":"<script> [1562 bytes]","args":[{"selector":{"controlType":"sap.m.Input","viewName":"etm.portal.ui.manageyards.view.New","viewId":"application-manageyards-display-component---NewYard","bindingPath":{"path":"","propertyPath":"/SALES_AREA_VKORG","modelName":"NewYardModel"},"interaction":{"idSuffix":"inner"}},"wdio_ui5_key":"etmportal.ui.manageyards.view.Newsap.m.Input{\"path\":\"\",\"propertyPath\":\"/SALES_AREA_VKORG\",\"modelName\":\"NewYardModel\"}"}]}
RESULT: undefined
COMMAND: POST /session/73a4fd280a32fd38d4d0602b1d656d13/execute/async - {"script":"<script> [776 bytes]","args":[{"enterText":"C002","selector":{"controlType":"sap.m.Input","viewName":"etm.portal.ui.manageyards.view.New","viewId":"application-manageyards-display-component---NewYard","bindingPath":{"path":"","propertyPath":"/SALES_AREA_VKORG","modelName":"NewYardModel"},"interaction":{"idSuffix":"inner"}},"clearTextFirst":true,"interactionType":"ENTER_TEXT"}]}
RESULT: {"script":"<script> [776 bytes]","args":[{"enterText":"C002","selector":{"controlType":"sap.m.Input","viewName":"etm.portal.ui.manageyards.view.New","viewId":"application-manageyards-display-component---NewYard","bindingPath":{"path":"","propertyPath":"/SALES_AREA_VKORG","modelName":"NewYardModel"},"interaction":{"idSuffix":"inner"}},"clearTextFirst":true,"interactionType":"ENTER_TEXT"}]}
COMMAND: POST /session/73a4fd280a32fd38d4d0602b1d656d13/execute/async - {"script":"<script> [1562 bytes]","args":[{"selector":{"controlType":"sap.m.Input","viewName":"etm.portal.ui.manageyards.view.New","viewId":"application-manageyards-display-component---NewYard","bindingPath":{"path":"","propertyPath":"/SALES_AREA_VTWEG","modelName":"NewYardModel"},"interaction":{"idSuffix":"inner"}},"wdio_ui5_key":"etmportal.ui.manageyards.view.Newsap.m.Input{\"path\":\"\",\"propertyPath\":\"/SALES_AREA_VTWEG\",\"modelName\":\"NewYardModel\"}"}]}
RESULT: {"script":"<script> [1562 bytes]","args":[{"selector":{"controlType":"sap.m.Input","viewName":"etm.portal.ui.manageyards.view.New","viewId":"application-manageyards-display-component---NewYard","bindingPath":{"path":"","propertyPath":"/SALES_AREA_VTWEG","modelName":"NewYardModel"},"interaction":{"idSuffix":"inner"}},"wdio_ui5_key":"etmportal.ui.manageyards.view.Newsap.m.Input{\"path\":\"\",\"propertyPath\":\"/SALES_AREA_VTWEG\",\"modelName\":\"NewYardModel\"}"}]}
RESULT: undefined
COMMAND: POST /session/73a4fd280a32fd38d4d0602b1d656d13/execute/async - {"script":"<script> [776 bytes]","args":[{"enterText":"C2","selector":{"controlType":"sap.m.Input","viewName":"etm.portal.ui.manageyards.view.New","viewId":"application-manageyards-display-component---NewYard","bindingPath":{"path":"","propertyPath":"/SALES_AREA_VTWEG","modelName":"NewYardModel"},"interaction":{"idSuffix":"inner"}},"clearTextFirst":true,"interactionType":"ENTER_TEXT"}]}
RESULT: {"script":"<script> [776 bytes]","args":[{"enterText":"C2","selector":{"controlType":"sap.m.Input","viewName":"etm.portal.ui.manageyards.view.New","viewId":"application-manageyards-display-component---NewYard","bindingPath":{"path":"","propertyPath":"/SALES_AREA_VTWEG","modelName":"NewYardModel"},"interaction":{"idSuffix":"inner"}},"clearTextFirst":true,"interactionType":"ENTER_TEXT"}]}
COMMAND: POST /session/73a4fd280a32fd38d4d0602b1d656d13/execute/async - {"script":"<script> [1562 bytes]","args":[{"selector":{"controlType":"sap.m.Input","viewName":"etm.portal.ui.manageyards.view.New","viewId":"application-manageyards-display-component---NewYard","bindingPath":{"path":"","propertyPath":"/SALES_AREA_SPART","modelName":"NewYardModel"},"interaction":{"idSuffix":"inner"}},"wdio_ui5_key":"etmportal.ui.manageyards.view.Newsap.m.Input{\"path\":\"\",\"propertyPath\":\"/SALES_AREA_SPART\",\"modelName\":\"NewYardModel\"}"}]}
RESULT: {"script":"<script> [1562 bytes]","args":[{"selector":{"controlType":"sap.m.Input","viewName":"etm.portal.ui.manageyards.view.New","viewId":"application-manageyards-display-component---NewYard","bindingPath":{"path":"","propertyPath":"/SALES_AREA_SPART","modelName":"NewYardModel"},"interaction":{"idSuffix":"inner"}},"wdio_ui5_key":"etmportal.ui.manageyards.view.Newsap.m.Input{\"path\":\"\",\"propertyPath\":\"/SALES_AREA_SPART\",\"modelName\":\"NewYardModel\"}"}]}
RESULT: undefined
COMMAND: POST /session/73a4fd280a32fd38d4d0602b1d656d13/execute/async - {"script":"<script> [776 bytes]","args":[{"enterText":"C2","selector":{"controlType":"sap.m.Input","viewName":"etm.portal.ui.manageyards.view.New","viewId":"application-manageyards-display-component---NewYard","bindingPath":{"path":"","propertyPath":"/SALES_AREA_SPART","modelName":"NewYardModel"},"interaction":{"idSuffix":"inner"}},"clearTextFirst":true,"interactionType":"ENTER_TEXT"}]}
RESULT: {"script":"<script> [776 bytes]","args":[{"enterText":"C2","selector":{"controlType":"sap.m.Input","viewName":"etm.portal.ui.manageyards.view.New","viewId":"application-manageyards-display-component---NewYard","bindingPath":{"path":"","propertyPath":"/SALES_AREA_SPART","modelName":"NewYardModel"},"interaction":{"idSuffix":"inner"}},"clearTextFirst":true,"interactionType":"ENTER_TEXT"}]}
COMMAND: POST /session/73a4fd280a32fd38d4d0602b1d656d13/execute/async - {"script":"<script> [1562 bytes]","args":[{"selector":{"controlType":"sap.m.Input","viewName":"etm.portal.ui.manageyards.view.New","viewId":"application-manageyards-display-component---NewYard","bindingPath":{"path":"","propertyPath":"/SHIP_POINT","modelName":"NewYardModel"},"interaction":{"idSuffix":"inner"}},"wdio_ui5_key":"etmportal.ui.manageyards.view.Newsap.m.Input{\"path\":\"\",\"propertyPath\":\"/SHIP_POINT\",\"modelName\":\"NewYardModel\"}"}]}
RESULT: {"script":"<script> [1562 bytes]","args":[{"selector":{"controlType":"sap.m.Input","viewName":"etm.portal.ui.manageyards.view.New","viewId":"application-manageyards-display-component---NewYard","bindingPath":{"path":"","propertyPath":"/SHIP_POINT","modelName":"NewYardModel"},"interaction":{"idSuffix":"inner"}},"wdio_ui5_key":"etmportal.ui.manageyards.view.Newsap.m.Input{\"path\":\"\",\"propertyPath\":\"/SHIP_POINT\",\"modelName\":\"NewYardModel\"}"}]}
RESULT: undefined
COMMAND: POST /session/73a4fd280a32fd38d4d0602b1d656d13/execute/async - {"script":"<script> [776 bytes]","args":[{"enterText":"1710","selector":{"controlType":"sap.m.Input","viewName":"etm.portal.ui.manageyards.view.New","viewId":"application-manageyards-display-component---NewYard","bindingPath":{"path":"","propertyPath":"/SHIP_POINT","modelName":"NewYardModel"},"interaction":{"idSuffix":"inner"}},"clearTextFirst":true,"interactionType":"ENTER_TEXT"}]}
RESULT: {"script":"<script> [776 bytes]","args":[{"enterText":"1710","selector":{"controlType":"sap.m.Input","viewName":"etm.portal.ui.manageyards.view.New","viewId":"application-manageyards-display-component---NewYard","bindingPath":{"path":"","propertyPath":"/SHIP_POINT","modelName":"NewYardModel"},"interaction":{"idSuffix":"inner"}},"clearTextFirst":true,"interactionType":"ENTER_TEXT"}]}
COMMAND: POST /session/73a4fd280a32fd38d4d0602b1d656d13/execute/async - {"script":"<script> [1562 bytes]","args":[{"selector":{"controlType":"sap.m.Input","viewName":"etm.portal.ui.manageyards.view.New","viewId":"application-manageyards-display-component---NewYard","bindingPath":{"path":"","propertyPath":"/DELIVERY_TYPE","modelName":"NewYardModel"},"interaction":{"idSuffix":"inner"}},"wdio_ui5_key":"etmportal.ui.manageyards.view.Newsap.m.Input{\"path\":\"\",\"propertyPath\":\"/DELIVERY_TYPE\",\"modelName\":\"NewYardModel\"}"}]}
RESULT: {"script":"<script> [1562 bytes]","args":[{"selector":{"controlType":"sap.m.Input","viewName":"etm.portal.ui.manageyards.view.New","viewId":"application-manageyards-display-component---NewYard","bindingPath":{"path":"","propertyPath":"/DELIVERY_TYPE","modelName":"NewYardModel"},"interaction":{"idSuffix":"inner"}},"wdio_ui5_key":"etmportal.ui.manageyards.view.Newsap.m.Input{\"path\":\"\",\"propertyPath\":\"/DELIVERY_TYPE\",\"modelName\":\"NewYardModel\"}"}]}
RESULT: undefined
COMMAND: POST /session/73a4fd280a32fd38d4d0602b1d656d13/execute/async - {"script":"<script> [776 bytes]","args":[{"enterText":"ZL01","selector":{"controlType":"sap.m.Input","viewName":"etm.portal.ui.manageyards.view.New","viewId":"application-manageyards-display-component---NewYard","bindingPath":{"path":"","propertyPath":"/DELIVERY_TYPE","modelName":"NewYardModel"},"interaction":{"idSuffix":"inner"}},"clearTextFirst":true,"interactionType":"ENTER_TEXT"}]}
RESULT: {"script":"<script> [776 bytes]","args":[{"enterText":"ZL01","selector":{"controlType":"sap.m.Input","viewName":"etm.portal.ui.manageyards.view.New","viewId":"application-manageyards-display-component---NewYard","bindingPath":{"path":"","propertyPath":"/DELIVERY_TYPE","modelName":"NewYardModel"},"interaction":{"idSuffix":"inner"}},"clearTextFirst":true,"interactionType":"ENTER_TEXT"}]}
COMMAND: POST /session/73a4fd280a32fd38d4d0602b1d656d13/execute/async - {"script":"<script> [1562 bytes]","args":[{"selector":{"controlType":"sap.m.Input","viewName":"etm.portal.ui.manageyards.view.New","viewId":"application-manageyards-display-component---NewYard","bindingPath":{"path":"","propertyPath":"/AUART","modelName":"NewYardModel"},"interaction":{"idSuffix":"inner"}},"wdio_ui5_key":"etmportal.ui.manageyards.view.Newsap.m.Input{\"path\":\"\",\"propertyPath\":\"/AUART\",\"modelName\":\"NewYardModel\"}"}]}
RESULT: {"script":"<script> [1562 bytes]","args":[{"selector":{"controlType":"sap.m.Input","viewName":"etm.portal.ui.manageyards.view.New","viewId":"application-manageyards-display-component---NewYard","bindingPath":{"path":"","propertyPath":"/AUART","modelName":"NewYardModel"},"interaction":{"idSuffix":"inner"}},"wdio_ui5_key":"etmportal.ui.manageyards.view.Newsap.m.Input{\"path\":\"\",\"propertyPath\":\"/AUART\",\"modelName\":\"NewYardModel\"}"}]}
RESULT: undefined
COMMAND: POST /session/73a4fd280a32fd38d4d0602b1d656d13/execute/async - {"script":"<script> [776 bytes]","args":[{"enterText":"TA","selector":{"controlType":"sap.m.Input","viewName":"etm.portal.ui.manageyards.view.New","viewId":"application-manageyards-display-component---NewYard","bindingPath":{"path":"","propertyPath":"/AUART","modelName":"NewYardModel"},"interaction":{"idSuffix":"inner"}},"clearTextFirst":true,"interactionType":"ENTER_TEXT"}]}
RESULT: {"script":"<script> [776 bytes]","args":[{"enterText":"TA","selector":{"controlType":"sap.m.Input","viewName":"etm.portal.ui.manageyards.view.New","viewId":"application-manageyards-display-component---NewYard","bindingPath":{"path":"","propertyPath":"/AUART","modelName":"NewYardModel"},"interaction":{"idSuffix":"inner"}},"clearTextFirst":true,"interactionType":"ENTER_TEXT"}]}
COMMAND: POST /session/73a4fd280a32fd38d4d0602b1d656d13/execute/async - {"script":"<script> [1562 bytes]","args":[{"selector":{"id":"application-manageyards-display-component---NewYard--whmCheckBox","interaction":{"idSuffix":"CbBg"}},"wdio_ui5_key":"applicationmanageyards-display-component---NewYard--whmCheckBox"}]}
RESULT: {"script":"<script> [1562 bytes]","args":[{"selector":{"id":"application-manageyards-display-component---NewYard--whmCheckBox","interaction":{"idSuffix":"CbBg"}},"wdio_ui5_key":"applicationmanageyards-display-component---NewYard--whmCheckBox"}]}
RESULT: undefined
COMMAND: POST /session/73a4fd280a32fd38d4d0602b1d656d13/element - {"using":"xpath","value":"//*[@id=\"application-manageyards-display-component---NewYard--whmCheckBox\"]"}
RESULT: {"using":"xpath","value":"//*[@id=\"application-manageyards-display-component---NewYard--whmCheckBox\"]"}
COMMAND: POST /session/73a4fd280a32fd38d4d0602b1d656d13/element/f.8A8223F9DEA97DA973980CAD3BB2ACE0.d.56B77746DE068006AB643AFD4F7C513F.e.789/click - {}
RESULT: {}
COMMAND: GET /session/73a4fd280a32fd38d4d0602b1d656d13/screenshot - {}
RESULT: {}
COMMAND: POST /session/73a4fd280a32fd38d4d0602b1d656d13/element - {"using":"xpath","value":"//button[@data-kt=\"newYardSaveButton\"]"}
RESULT: {"using":"xpath","value":"//button[@data-kt=\"newYardSaveButton\"]"}
COMMAND: POST /session/73a4fd280a32fd38d4d0602b1d656d13/element/f.8A8223F9DEA97DA973980CAD3BB2ACE0.d.56B77746DE068006AB643AFD4F7C513F.e.653/click - {}
RESULT: {}
COMMAND: GET /session/73a4fd280a32fd38d4d0602b1d656d13/screenshot - {}
RESULT: {}
COMMAND: POST /session/73a4fd280a32fd38d4d0602b1d656d13/element - {"using":"xpath","value":"//header[contains(@id, 'ObjectPageLayout-headerTitle')]/div[1]/div[2]/div[1]/span[1]"}
RESULT: {"using":"xpath","value":"//header[contains(@id, 'ObjectPageLayout-headerTitle')]/div[1]/div[2]/div[1]/span[1]"}
COMMAND: POST /session/73a4fd280a32fd38d4d0602b1d656d13/elements - {"using":"xpath","value":"//header[contains(@id, 'ObjectPageLayout-headerTitle')]/div[1]/div[2]/div[1]/span[1]"}
RESULT: {"using":"xpath","value":"//header[contains(@id, 'ObjectPageLayout-headerTitle')]/div[1]/div[2]/div[1]/span[1]"}
COMMAND: POST /session/73a4fd280a32fd38d4d0602b1d656d13/execute/sync - {"script":"<script> [56 bytes]","args":[{"element-6066-11e4-a52e-4f735466cecf":"f.8A8223F9DEA97DA973980CAD3BB2ACE0.d.56B77746DE068006AB643AFD4F7C513F.e.1005","ELEMENT":"f.8A8223F9DEA97DA973980CAD3BB2ACE0.d.56B77746DE068006AB643AFD4F7C513F.e.1005"}]}
RESULT: {"script":"<script> [56 bytes]","args":[{"element-6066-11e4-a52e-4f735466cecf":"f.8A8223F9DEA97DA973980CAD3BB2ACE0.d.56B77746DE068006AB643AFD4F7C513F.e.1005","ELEMENT":"f.8A8223F9DEA97DA973980CAD3BB2ACE0.d.56B77746DE068006AB643AFD4F7C513F.e.1005"}]}
COMMAND: GET /session/73a4fd280a32fd38d4d0602b1d656d13/screenshot - {}
RESULT: {}
COMMAND: POST /session/73a4fd280a32fd38d4d0602b1d656d13/element - {"using":"css selector","value":"#shell-header-logo"}
RESULT: {"using":"css selector","value":"#shell-header-logo"}
COMMAND: POST /session/73a4fd280a32fd38d4d0602b1d656d13/element/f.8A8223F9DEA97DA973980CAD3BB2ACE0.d.56B77746DE068006AB643AFD4F7C513F.e.240/click - {}
RESULT: {}
COMMAND: GET /session/73a4fd280a32fd38d4d0602b1d656d13/screenshot - {}
RESULT: {}
COMMAND: POST /session/73a4fd280a32fd38d4d0602b1d656d13/execute/sync - {"script":"<script> [299 bytes]","args":[["getModel","getResource"]]}
RESULT: {"script":"<script> [299 bytes]","args":[["getModel","getResource"]]}
]]></system-out>
    </testcase>
    <testcase classname="chrome.136_0_7103_93.windows.Stock_increase_-_with_WHM_US125587" name="Should create a new external WHM partner" time="100.961">
      <system-out><![CDATA[
COMMAND: GET /session/73a4fd280a32fd38d4d0602b1d656d13/screenshot - {}
COMMAND: POST /session/73a4fd280a32fd38d4d0602b1d656d13/window/fullscreen - {}
RESULT: {}
COMMAND: POST /session/73a4fd280a32fd38d4d0602b1d656d13/execute/async - {"script":"<script> [1562 bytes]","args":[{"selector":{"controlType":"sap.m.GenericTile","properties":{"header":"Manage Partners"}},"wdio_ui5_key":"sapm.GenericTile{\"header\":\"Manage Partners\"}"}]}
RESULT: {}
RESULT: {"script":"<script> [1562 bytes]","args":[{"selector":{"controlType":"sap.m.GenericTile","properties":{"header":"Manage Partners"}},"wdio_ui5_key":"sapm.GenericTile{\"header\":\"Manage Partners\"}"}]}
RESULT: undefined
COMMAND: POST /session/73a4fd280a32fd38d4d0602b1d656d13/element - {"using":"xpath","value":"//*[@id=\"__tile38\"]"}
RESULT: {"using":"xpath","value":"//*[@id=\"__tile38\"]"}
COMMAND: POST /session/73a4fd280a32fd38d4d0602b1d656d13/element/f.8A8223F9DEA97DA973980CAD3BB2ACE0.d.56B77746DE068006AB643AFD4F7C513F.e.129/click - {}
RESULT: {}
COMMAND: GET /session/73a4fd280a32fd38d4d0602b1d656d13/screenshot - {}
RESULT: {}
COMMAND: POST /session/73a4fd280a32fd38d4d0602b1d656d13/elements - {"using":"xpath","value":"//span[text()='Error']"}
RESULT: {"using":"xpath","value":"//span[text()='Error']"}
COMMAND: POST /session/73a4fd280a32fd38d4d0602b1d656d13/element - {"using":"xpath","value":"//button[@data-kt=\"addButton\"]"}
RESULT: {"using":"xpath","value":"//button[@data-kt=\"addButton\"]"}
COMMAND: POST /session/73a4fd280a32fd38d4d0602b1d656d13/elements - {"using":"xpath","value":"//button[@data-kt=\"addButton\"]"}
RESULT: {"using":"xpath","value":"//button[@data-kt=\"addButton\"]"}
COMMAND: POST /session/73a4fd280a32fd38d4d0602b1d656d13/elements - {"using":"xpath","value":"//button[@data-kt=\"addButton\"]"}
RESULT: {"using":"xpath","value":"//button[@data-kt=\"addButton\"]"}
COMMAND: POST /session/73a4fd280a32fd38d4d0602b1d656d13/element - {"using":"xpath","value":"//button[@data-kt=\"addButton\"]"}
RESULT: {"using":"xpath","value":"//button[@data-kt=\"addButton\"]"}
COMMAND: POST /session/73a4fd280a32fd38d4d0602b1d656d13/execute/sync - {"script":"<script> [8489 bytes]","args":[{"element-6066-11e4-a52e-4f735466cecf":"f.8A8223F9DEA97DA973980CAD3BB2ACE0.d.56B77746DE068006AB643AFD4F7C513F.e.1054","ELEMENT":"f.8A8223F9DEA97DA973980CAD3BB2ACE0.d.56B77746DE068006AB643AFD4F7C513F.e.1054"}]}
RESULT: {"script":"<script> [8489 bytes]","args":[{"element-6066-11e4-a52e-4f735466cecf":"f.8A8223F9DEA97DA973980CAD3BB2ACE0.d.56B77746DE068006AB643AFD4F7C513F.e.1054","ELEMENT":"f.8A8223F9DEA97DA973980CAD3BB2ACE0.d.56B77746DE068006AB643AFD4F7C513F.e.1054"}]}
COMMAND: GET /session/73a4fd280a32fd38d4d0602b1d656d13/element/f.8A8223F9DEA97DA973980CAD3BB2ACE0.d.56B77746DE068006AB643AFD4F7C513F.e.1054/enabled - {}
COMMAND: GET /session/73a4fd280a32fd38d4d0602b1d656d13/screenshot - {}
RESULT: {}
COMMAND: POST /session/73a4fd280a32fd38d4d0602b1d656d13/execute/sync - {"script":"<script> [8489 bytes]","args":[{"element-6066-11e4-a52e-4f735466cecf":"f.8A8223F9DEA97DA973980CAD3BB2ACE0.d.56B77746DE068006AB643AFD4F7C513F.e.1054","ELEMENT":"f.8A8223F9DEA97DA973980CAD3BB2ACE0.d.56B77746DE068006AB643AFD4F7C513F.e.1054"}]}
COMMAND: GET /session/73a4fd280a32fd38d4d0602b1d656d13/screenshot - {}
RESULT: {}
RESULT: {"script":"<script> [8489 bytes]","args":[{"element-6066-11e4-a52e-4f735466cecf":"f.8A8223F9DEA97DA973980CAD3BB2ACE0.d.56B77746DE068006AB643AFD4F7C513F.e.1054","ELEMENT":"f.8A8223F9DEA97DA973980CAD3BB2ACE0.d.56B77746DE068006AB643AFD4F7C513F.e.1054"}]}
COMMAND: POST /session/73a4fd280a32fd38d4d0602b1d656d13/execute/sync - {"script":"<script> [5351 bytes]","args":[{"element-6066-11e4-a52e-4f735466cecf":"f.8A8223F9DEA97DA973980CAD3BB2ACE0.d.56B77746DE068006AB643AFD4F7C513F.e.1054","ELEMENT":"f.8A8223F9DEA97DA973980CAD3BB2ACE0.d.56B77746DE068006AB643AFD4F7C513F.e.1054"}]}
COMMAND: GET /session/73a4fd280a32fd38d4d0602b1d656d13/screenshot - {}
RESULT: {}
RESULT: {"script":"<script> [5351 bytes]","args":[{"element-6066-11e4-a52e-4f735466cecf":"f.8A8223F9DEA97DA973980CAD3BB2ACE0.d.56B77746DE068006AB643AFD4F7C513F.e.1054","ELEMENT":"f.8A8223F9DEA97DA973980CAD3BB2ACE0.d.56B77746DE068006AB643AFD4F7C513F.e.1054"}]}
COMMAND: POST /session/73a4fd280a32fd38d4d0602b1d656d13/element/f.8A8223F9DEA97DA973980CAD3BB2ACE0.d.56B77746DE068006AB643AFD4F7C513F.e.1054/click - {}
COMMAND: GET /session/73a4fd280a32fd38d4d0602b1d656d13/screenshot - {}
RESULT: {}
RESULT: {}
COMMAND: GET /session/73a4fd280a32fd38d4d0602b1d656d13/screenshot - {}
RESULT: {}
COMMAND: POST /session/73a4fd280a32fd38d4d0602b1d656d13/execute/async - {"script":"<script> [1562 bytes]","args":[{"selector":{"id":"application-managepartners-display-component---NewPartner--addressDetailDetailsName1","interaction":{"idSuffix":"inner"}},"wdio_ui5_key":"applicationmanagepartners-display-component---NewPartner--addressDetailDetailsName1"}]}
RESULT: {}
RESULT: {"script":"<script> [1562 bytes]","args":[{"selector":{"id":"application-managepartners-display-component---NewPartner--addressDetailDetailsName1","interaction":{"idSuffix":"inner"}},"wdio_ui5_key":"applicationmanagepartners-display-component---NewPartner--addressDetailDetailsName1"}]}
RESULT: undefined
COMMAND: POST /session/73a4fd280a32fd38d4d0602b1d656d13/execute/async - {"script":"<script> [776 bytes]","args":[{"enterText":"External Partner WDIO","selector":{"id":"application-managepartners-display-component---NewPartner--addressDetailDetailsName1","interaction":{"idSuffix":"inner"}},"clearTextFirst":true,"interactionType":"ENTER_TEXT"}]}
RESULT: {"script":"<script> [776 bytes]","args":[{"enterText":"External Partner WDIO","selector":{"id":"application-managepartners-display-component---NewPartner--addressDetailDetailsName1","interaction":{"idSuffix":"inner"}},"clearTextFirst":true,"interactionType":"ENTER_TEXT"}]}
COMMAND: POST /session/73a4fd280a32fd38d4d0602b1d656d13/execute/async - {"script":"<script> [1562 bytes]","args":[{"selector":{"id":"application-managepartners-display-component---NewPartner--addressDetailDetailsLanguage-arrow"},"wdio_ui5_key":"applicationmanagepartners-display-component---NewPartner--addressDetailDetailsLanguage-arrow"}]}
RESULT: {"script":"<script> [1562 bytes]","args":[{"selector":{"id":"application-managepartners-display-component---NewPartner--addressDetailDetailsLanguage-arrow"},"wdio_ui5_key":"applicationmanagepartners-display-component---NewPartner--addressDetailDetailsLanguage-arrow"}]}
RESULT: undefined
COMMAND: POST /session/73a4fd280a32fd38d4d0602b1d656d13/element - {"using":"xpath","value":"//*[@id=\"application-managepartners-display-component---NewPartner--addressDetailDetailsLanguage-arrow\"]"}
RESULT: {"using":"xpath","value":"//*[@id=\"application-managepartners-display-component---NewPartner--addressDetailDetailsLanguage-arrow\"]"}
COMMAND: POST /session/73a4fd280a32fd38d4d0602b1d656d13/element/f.8A8223F9DEA97DA973980CAD3BB2ACE0.d.56B77746DE068006AB643AFD4F7C513F.e.1489/click - {}
RESULT: {}
COMMAND: POST /session/73a4fd280a32fd38d4d0602b1d656d13/element - {"using":"xpath","value":"//span[contains(text(), \"English\")]"}
COMMAND: GET /session/73a4fd280a32fd38d4d0602b1d656d13/screenshot - {}
RESULT: {"using":"xpath","value":"//span[contains(text(), \"English\")]"}
COMMAND: POST /session/73a4fd280a32fd38d4d0602b1d656d13/element/f.8A8223F9DEA97DA973980CAD3BB2ACE0.d.56B77746DE068006AB643AFD4F7C513F.e.1490/click - {}
RESULT: {}
RESULT: {}
COMMAND: GET /session/73a4fd280a32fd38d4d0602b1d656d13/screenshot - {}
RESULT: {}
COMMAND: POST /session/73a4fd280a32fd38d4d0602b1d656d13/execute/async - {"script":"<script> [1562 bytes]","args":[{"selector":{"id":"application-managepartners-display-component---NewPartner--addressDetailDetailsCity1","interaction":{"idSuffix":"inner"}},"wdio_ui5_key":"applicationmanagepartners-display-component---NewPartner--addressDetailDetailsCity1"}]}
RESULT: {"script":"<script> [1562 bytes]","args":[{"selector":{"id":"application-managepartners-display-component---NewPartner--addressDetailDetailsCity1","interaction":{"idSuffix":"inner"}},"wdio_ui5_key":"applicationmanagepartners-display-component---NewPartner--addressDetailDetailsCity1"}]}
RESULT: undefined
COMMAND: POST /session/73a4fd280a32fd38d4d0602b1d656d13/execute/async - {"script":"<script> [776 bytes]","args":[{"enterText":"Rosario","selector":{"id":"application-managepartners-display-component---NewPartner--addressDetailDetailsCity1","interaction":{"idSuffix":"inner"}},"clearTextFirst":true,"interactionType":"ENTER_TEXT"}]}
RESULT: {"script":"<script> [776 bytes]","args":[{"enterText":"Rosario","selector":{"id":"application-managepartners-display-component---NewPartner--addressDetailDetailsCity1","interaction":{"idSuffix":"inner"}},"clearTextFirst":true,"interactionType":"ENTER_TEXT"}]}
COMMAND: POST /session/73a4fd280a32fd38d4d0602b1d656d13/execute/async - {"script":"<script> [1562 bytes]","args":[{"selector":{"id":"application-managepartners-display-component---NewPartner--addressDetailDetailsCountry-arrow"},"wdio_ui5_key":"applicationmanagepartners-display-component---NewPartner--addressDetailDetailsCountry-arrow"}]}
RESULT: {"script":"<script> [1562 bytes]","args":[{"selector":{"id":"application-managepartners-display-component---NewPartner--addressDetailDetailsCountry-arrow"},"wdio_ui5_key":"applicationmanagepartners-display-component---NewPartner--addressDetailDetailsCountry-arrow"}]}
RESULT: undefined
COMMAND: POST /session/73a4fd280a32fd38d4d0602b1d656d13/element - {"using":"xpath","value":"//*[@id=\"application-managepartners-display-component---NewPartner--addressDetailDetailsCountry-arrow\"]"}
RESULT: {"using":"xpath","value":"//*[@id=\"application-managepartners-display-component---NewPartner--addressDetailDetailsCountry-arrow\"]"}
COMMAND: POST /session/73a4fd280a32fd38d4d0602b1d656d13/element/f.8A8223F9DEA97DA973980CAD3BB2ACE0.d.56B77746DE068006AB643AFD4F7C513F.e.1457/click - {}
RESULT: {}
COMMAND: POST /session/73a4fd280a32fd38d4d0602b1d656d13/element - {"using":"xpath","value":"//span[contains(text(), \"Argentina\")]"}
COMMAND: GET /session/73a4fd280a32fd38d4d0602b1d656d13/screenshot - {}
RESULT: {"using":"xpath","value":"//span[contains(text(), \"Argentina\")]"}
COMMAND: POST /session/73a4fd280a32fd38d4d0602b1d656d13/element/f.8A8223F9DEA97DA973980CAD3BB2ACE0.d.56B77746DE068006AB643AFD4F7C513F.e.1492/click - {}
RESULT: {}
RESULT: {}
COMMAND: GET /session/73a4fd280a32fd38d4d0602b1d656d13/screenshot - {}
RESULT: {}
COMMAND: POST /session/73a4fd280a32fd38d4d0602b1d656d13/element - {"using":"xpath","value":"//bdi[contains(text(), \"Commercial\")]"}
RESULT: {"using":"xpath","value":"//bdi[contains(text(), \"Commercial\")]"}
COMMAND: POST /session/73a4fd280a32fd38d4d0602b1d656d13/element/f.8A8223F9DEA97DA973980CAD3BB2ACE0.d.56B77746DE068006AB643AFD4F7C513F.e.1493/click - {}
RESULT: {}
COMMAND: GET /session/73a4fd280a32fd38d4d0602b1d656d13/screenshot - {}
RESULT: {}
COMMAND: POST /session/73a4fd280a32fd38d4d0602b1d656d13/execute/async - {"script":"<script> [1562 bytes]","args":[{"selector":{"id":"application-managepartners-display-component---NewPartner--partnerDetailInternal-arrow"},"wdio_ui5_key":"applicationmanagepartners-display-component---NewPartner--partnerDetailInternal-arrow"}]}
RESULT: {"script":"<script> [1562 bytes]","args":[{"selector":{"id":"application-managepartners-display-component---NewPartner--partnerDetailInternal-arrow"},"wdio_ui5_key":"applicationmanagepartners-display-component---NewPartner--partnerDetailInternal-arrow"}]}
RESULT: undefined
COMMAND: POST /session/73a4fd280a32fd38d4d0602b1d656d13/element - {"using":"xpath","value":"//*[@id=\"application-managepartners-display-component---NewPartner--partnerDetailInternal-arrow\"]"}
RESULT: {"using":"xpath","value":"//*[@id=\"application-managepartners-display-component---NewPartner--partnerDetailInternal-arrow\"]"}
COMMAND: POST /session/73a4fd280a32fd38d4d0602b1d656d13/element/f.8A8223F9DEA97DA973980CAD3BB2ACE0.d.56B77746DE068006AB643AFD4F7C513F.e.1501/click - {}
RESULT: {}
COMMAND: POST /session/73a4fd280a32fd38d4d0602b1d656d13/element - {"using":"xpath","value":"//span[contains(text(), \"External partner\")]"}
COMMAND: GET /session/73a4fd280a32fd38d4d0602b1d656d13/screenshot - {}
RESULT: {"using":"xpath","value":"//span[contains(text(), \"External partner\")]"}
COMMAND: POST /session/73a4fd280a32fd38d4d0602b1d656d13/element/f.8A8223F9DEA97DA973980CAD3BB2ACE0.d.56B77746DE068006AB643AFD4F7C513F.e.1502/click - {}
RESULT: {}
RESULT: {}
COMMAND: POST /session/73a4fd280a32fd38d4d0602b1d656d13/execute/async - {"script":"<script> [1562 bytes]","args":[{"selector":{"id":"application-managepartners-display-component---NewPartner--partnerDetailsCurrency-arrow"},"wdio_ui5_key":"applicationmanagepartners-display-component---NewPartner--partnerDetailsCurrency-arrow"}]}
COMMAND: GET /session/73a4fd280a32fd38d4d0602b1d656d13/screenshot - {}
RESULT: {"script":"<script> [1562 bytes]","args":[{"selector":{"id":"application-managepartners-display-component---NewPartner--partnerDetailsCurrency-arrow"},"wdio_ui5_key":"applicationmanagepartners-display-component---NewPartner--partnerDetailsCurrency-arrow"}]}
RESULT: undefined
COMMAND: POST /session/73a4fd280a32fd38d4d0602b1d656d13/element - {"using":"xpath","value":"//*[@id=\"application-managepartners-display-component---NewPartner--partnerDetailsCurrency-arrow\"]"}
RESULT: {}
RESULT: {"using":"xpath","value":"//*[@id=\"application-managepartners-display-component---NewPartner--partnerDetailsCurrency-arrow\"]"}
COMMAND: POST /session/73a4fd280a32fd38d4d0602b1d656d13/element/f.8A8223F9DEA97DA973980CAD3BB2ACE0.d.56B77746DE068006AB643AFD4F7C513F.e.1507/click - {}
RESULT: {}
COMMAND: POST /session/73a4fd280a32fd38d4d0602b1d656d13/element - {"using":"xpath","value":"//span[contains(text(), \"US Dollar\")]"}
COMMAND: GET /session/73a4fd280a32fd38d4d0602b1d656d13/screenshot - {}
RESULT: {"using":"xpath","value":"//span[contains(text(), \"US Dollar\")]"}
COMMAND: POST /session/73a4fd280a32fd38d4d0602b1d656d13/element/f.8A8223F9DEA97DA973980CAD3BB2ACE0.d.56B77746DE068006AB643AFD4F7C513F.e.1508/click - {}
RESULT: {}
RESULT: {}
COMMAND: GET /session/73a4fd280a32fd38d4d0602b1d656d13/screenshot - {}
RESULT: {}
COMMAND: POST /session/73a4fd280a32fd38d4d0602b1d656d13/element - {"using":"xpath","value":"//input[@id=\"application-managepartners-display-component---NewPartner--companyCodeComboBox-inner\"]"}
RESULT: {"using":"xpath","value":"//input[@id=\"application-managepartners-display-component---NewPartner--companyCodeComboBox-inner\"]"}
COMMAND: POST /session/73a4fd280a32fd38d4d0602b1d656d13/element/f.8A8223F9DEA97DA973980CAD3BB2ACE0.d.56B77746DE068006AB643AFD4F7C513F.e.1384/clear - {}
RESULT: {}
COMMAND: POST /session/73a4fd280a32fd38d4d0602b1d656d13/element/f.8A8223F9DEA97DA973980CAD3BB2ACE0.d.56B77746DE068006AB643AFD4F7C513F.e.1384/value - {"text":"C002"}
COMMAND: GET /session/73a4fd280a32fd38d4d0602b1d656d13/screenshot - {}
RESULT: {"text":"C002"}
COMMAND: GET /session/73a4fd280a32fd38d4d0602b1d656d13/screenshot - {}
RESULT: {}
RESULT: {}
COMMAND: POST /session/73a4fd280a32fd38d4d0602b1d656d13/element - {"using":"xpath","value":"//li[.//span[text()= \"C002\"]]"}
RESULT: {"using":"xpath","value":"//li[.//span[text()= \"C002\"]]"}
COMMAND: POST /session/73a4fd280a32fd38d4d0602b1d656d13/element/f.8A8223F9DEA97DA973980CAD3BB2ACE0.d.56B77746DE068006AB643AFD4F7C513F.e.1512/click - {}
RESULT: {}
COMMAND: GET /session/73a4fd280a32fd38d4d0602b1d656d13/screenshot - {}
RESULT: {}
COMMAND: POST /session/73a4fd280a32fd38d4d0602b1d656d13/execute/async - {"script":"<script> [1562 bytes]","args":[{"selector":{"id":"application-managepartners-display-component---NewPartner--btnAddTableRow-img"},"wdio_ui5_key":"applicationmanagepartners-display-component---NewPartner--btnAddTableRow-img"}]}
RESULT: {"script":"<script> [1562 bytes]","args":[{"selector":{"id":"application-managepartners-display-component---NewPartner--btnAddTableRow-img"},"wdio_ui5_key":"applicationmanagepartners-display-component---NewPartner--btnAddTableRow-img"}]}
RESULT: undefined
COMMAND: POST /session/73a4fd280a32fd38d4d0602b1d656d13/element - {"using":"xpath","value":"//*[@id=\"application-managepartners-display-component---NewPartner--btnAddTableRow-img\"]"}
RESULT: {"using":"xpath","value":"//*[@id=\"application-managepartners-display-component---NewPartner--btnAddTableRow-img\"]"}
COMMAND: POST /session/73a4fd280a32fd38d4d0602b1d656d13/element/f.8A8223F9DEA97DA973980CAD3BB2ACE0.d.56B77746DE068006AB643AFD4F7C513F.e.1513/click - {}
RESULT: {}
COMMAND: GET /session/73a4fd280a32fd38d4d0602b1d656d13/screenshot - {}
RESULT: {}
COMMAND: POST /session/73a4fd280a32fd38d4d0602b1d656d13/element - {"using":"xpath","value":"//input[@id=\"application-managepartners-display-component---NewPartner--assignmentYard-application-managepartners-display-component---NewPartner--assignmentsTable-0-inner\"]"}
RESULT: {"using":"xpath","value":"//input[@id=\"application-managepartners-display-component---NewPartner--assignmentYard-application-managepartners-display-component---NewPartner--assignmentsTable-0-inner\"]"}
COMMAND: POST /session/73a4fd280a32fd38d4d0602b1d656d13/element/f.8A8223F9DEA97DA973980CAD3BB2ACE0.d.56B77746DE068006AB643AFD4F7C513F.e.1516/clear - {}
RESULT: {}
COMMAND: POST /session/73a4fd280a32fd38d4d0602b1d656d13/element/f.8A8223F9DEA97DA973980CAD3BB2ACE0.d.56B77746DE068006AB643AFD4F7C513F.e.1516/value - {"text":"403"}
COMMAND: GET /session/73a4fd280a32fd38d4d0602b1d656d13/screenshot - {}
RESULT: {"text":"403"}
COMMAND: GET /session/73a4fd280a32fd38d4d0602b1d656d13/screenshot - {}
RESULT: {}
RESULT: {}
COMMAND: POST /session/73a4fd280a32fd38d4d0602b1d656d13/element - {"using":"xpath","value":"//li[.//span[text()='403']]"}
RESULT: {"using":"xpath","value":"//li[.//span[text()='403']]"}
COMMAND: POST /session/73a4fd280a32fd38d4d0602b1d656d13/element/f.8A8223F9DEA97DA973980CAD3BB2ACE0.d.56B77746DE068006AB643AFD4F7C513F.e.1524/click - {}
RESULT: {}
COMMAND: GET /session/73a4fd280a32fd38d4d0602b1d656d13/screenshot - {}
RESULT: {}
COMMAND: POST /session/73a4fd280a32fd38d4d0602b1d656d13/actions - {"actions":[{"id":"action2","type":"key","parameters":{},"actions":[{"type":"keyDown","value":"î€‡"},{"type":"pause","duration":10},{"type":"keyUp","value":"î€‡"}]}]}
RESULT: {"actions":[{"id":"action2","type":"key","parameters":{},"actions":[{"type":"keyDown","value":"î€‡"},{"type":"pause","duration":10},{"type":"keyUp","value":"î€‡"}]}]}
COMMAND: POST /session/73a4fd280a32fd38d4d0602b1d656d13/element - {"using":"xpath","value":"//td[contains(@id, \"assignmentsTable-0-cell2\")]/div/div"}
COMMAND: GET /session/73a4fd280a32fd38d4d0602b1d656d13/screenshot - {}
RESULT: {"using":"xpath","value":"//td[contains(@id, \"assignmentsTable-0-cell2\")]/div/div"}
COMMAND: POST /session/73a4fd280a32fd38d4d0602b1d656d13/element/f.8A8223F9DEA97DA973980CAD3BB2ACE0.d.56B77746DE068006AB643AFD4F7C513F.e.1527/click - {}
RESULT: {}
RESULT: {}
COMMAND: GET /session/73a4fd280a32fd38d4d0602b1d656d13/screenshot - {}
RESULT: {}
COMMAND: POST /session/73a4fd280a32fd38d4d0602b1d656d13/element - {"using":"xpath","value":"//button[@data-kt=\"saveButton\"]"}
RESULT: {"using":"xpath","value":"//button[@data-kt=\"saveButton\"]"}
COMMAND: POST /session/73a4fd280a32fd38d4d0602b1d656d13/element/f.8A8223F9DEA97DA973980CAD3BB2ACE0.d.56B77746DE068006AB643AFD4F7C513F.e.1426/click - {}
RESULT: {}
COMMAND: GET /session/73a4fd280a32fd38d4d0602b1d656d13/screenshot - {}
RESULT: {}
COMMAND: POST /session/73a4fd280a32fd38d4d0602b1d656d13/element - {"using":"xpath","value":"//header[contains(@id, 'ObjectPageLayout-headerTitle')]/div[1]/div[2]/div[2]/span[1]"}
RESULT: {"using":"xpath","value":"//header[contains(@id, 'ObjectPageLayout-headerTitle')]/div[1]/div[2]/div[2]/span[1]"}
COMMAND: POST /session/73a4fd280a32fd38d4d0602b1d656d13/elements - {"using":"xpath","value":"//header[contains(@id, 'ObjectPageLayout-headerTitle')]/div[1]/div[2]/div[2]/span[1]"}
RESULT: {"using":"xpath","value":"//header[contains(@id, 'ObjectPageLayout-headerTitle')]/div[1]/div[2]/div[2]/span[1]"}
COMMAND: POST /session/73a4fd280a32fd38d4d0602b1d656d13/execute/sync - {"script":"<script> [56 bytes]","args":[{"element-6066-11e4-a52e-4f735466cecf":"f.8A8223F9DEA97DA973980CAD3BB2ACE0.d.56B77746DE068006AB643AFD4F7C513F.e.1692","ELEMENT":"f.8A8223F9DEA97DA973980CAD3BB2ACE0.d.56B77746DE068006AB643AFD4F7C513F.e.1692"}]}
RESULT: {"script":"<script> [56 bytes]","args":[{"element-6066-11e4-a52e-4f735466cecf":"f.8A8223F9DEA97DA973980CAD3BB2ACE0.d.56B77746DE068006AB643AFD4F7C513F.e.1692","ELEMENT":"f.8A8223F9DEA97DA973980CAD3BB2ACE0.d.56B77746DE068006AB643AFD4F7C513F.e.1692"}]}
COMMAND: POST /session/73a4fd280a32fd38d4d0602b1d656d13/element - {"using":"css selector","value":"#shell-header-logo"}
COMMAND: GET /session/73a4fd280a32fd38d4d0602b1d656d13/screenshot - {}
RESULT: {"using":"css selector","value":"#shell-header-logo"}
COMMAND: POST /session/73a4fd280a32fd38d4d0602b1d656d13/element/f.8A8223F9DEA97DA973980CAD3BB2ACE0.d.56B77746DE068006AB643AFD4F7C513F.e.1010/click - {}
RESULT: {}
RESULT: {}
COMMAND: GET /session/73a4fd280a32fd38d4d0602b1d656d13/screenshot - {}
RESULT: {}
COMMAND: POST /session/73a4fd280a32fd38d4d0602b1d656d13/execute/sync - {"script":"<script> [299 bytes]","args":[["getModel","getResource"]]}
RESULT: {"script":"<script> [299 bytes]","args":[["getModel","getResource"]]}
COMMAND: GET /session/73a4fd280a32fd38d4d0602b1d656d13/screenshot - {}
]]></system-out>
    </testcase>
    <testcase classname="chrome.136_0_7103_93.windows.Stock_increase_-_with_WHM_US125587" name="Should create a new WHM site" time="161.743">
      <system-out><![CDATA[
COMMAND: POST /session/73a4fd280a32fd38d4d0602b1d656d13/execute/async - {"script":"<script> [1562 bytes]","args":[{"selector":{"controlType":"sap.m.GenericTile","properties":{"header":"Manage Sites"}},"wdio_ui5_key":"sapm.GenericTile{\"header\":\"Manage Sites\"}"}]}
RESULT: {}
RESULT: {"script":"<script> [1562 bytes]","args":[{"selector":{"controlType":"sap.m.GenericTile","properties":{"header":"Manage Sites"}},"wdio_ui5_key":"sapm.GenericTile{\"header\":\"Manage Sites\"}"}]}
RESULT: undefined
COMMAND: POST /session/73a4fd280a32fd38d4d0602b1d656d13/element - {"using":"xpath","value":"//*[@id=\"__tile40\"]"}
RESULT: {"using":"xpath","value":"//*[@id=\"__tile40\"]"}
COMMAND: POST /session/73a4fd280a32fd38d4d0602b1d656d13/element/f.8A8223F9DEA97DA973980CAD3BB2ACE0.d.56B77746DE068006AB643AFD4F7C513F.e.135/click - {}
RESULT: {}
COMMAND: GET /session/73a4fd280a32fd38d4d0602b1d656d13/screenshot - {}
RESULT: {}
COMMAND: POST /session/73a4fd280a32fd38d4d0602b1d656d13/elements - {"using":"xpath","value":"//span[text()='Error']"}
RESULT: {"using":"xpath","value":"//span[text()='Error']"}
COMMAND: POST /session/73a4fd280a32fd38d4d0602b1d656d13/element - {"using":"xpath","value":"//button[@data-kt=\"addOverflowToolbarButton\"]"}
RESULT: {"using":"xpath","value":"//button[@data-kt=\"addOverflowToolbarButton\"]"}
COMMAND: POST /session/73a4fd280a32fd38d4d0602b1d656d13/elements - {"using":"xpath","value":"//button[@data-kt=\"addOverflowToolbarButton\"]"}
RESULT: {"using":"xpath","value":"//button[@data-kt=\"addOverflowToolbarButton\"]"}
COMMAND: POST /session/73a4fd280a32fd38d4d0602b1d656d13/execute/sync - {"script":"<script> [8489 bytes]","args":[{"element-6066-11e4-a52e-4f735466cecf":"f.8A8223F9DEA97DA973980CAD3BB2ACE0.d.56B77746DE068006AB643AFD4F7C513F.e.1732","ELEMENT":"f.8A8223F9DEA97DA973980CAD3BB2ACE0.d.56B77746DE068006AB643AFD4F7C513F.e.1732"}]}
RESULT: {"script":"<script> [8489 bytes]","args":[{"element-6066-11e4-a52e-4f735466cecf":"f.8A8223F9DEA97DA973980CAD3BB2ACE0.d.56B77746DE068006AB643AFD4F7C513F.e.1732","ELEMENT":"f.8A8223F9DEA97DA973980CAD3BB2ACE0.d.56B77746DE068006AB643AFD4F7C513F.e.1732"}]}
COMMAND: GET /session/73a4fd280a32fd38d4d0602b1d656d13/element/f.8A8223F9DEA97DA973980CAD3BB2ACE0.d.56B77746DE068006AB643AFD4F7C513F.e.1732/enabled - {}
COMMAND: GET /session/73a4fd280a32fd38d4d0602b1d656d13/screenshot - {}
RESULT: {}
COMMAND: POST /session/73a4fd280a32fd38d4d0602b1d656d13/execute/sync - {"script":"<script> [8489 bytes]","args":[{"element-6066-11e4-a52e-4f735466cecf":"f.8A8223F9DEA97DA973980CAD3BB2ACE0.d.56B77746DE068006AB643AFD4F7C513F.e.1732","ELEMENT":"f.8A8223F9DEA97DA973980CAD3BB2ACE0.d.56B77746DE068006AB643AFD4F7C513F.e.1732"}]}
COMMAND: GET /session/73a4fd280a32fd38d4d0602b1d656d13/screenshot - {}
RESULT: {}
RESULT: {"script":"<script> [8489 bytes]","args":[{"element-6066-11e4-a52e-4f735466cecf":"f.8A8223F9DEA97DA973980CAD3BB2ACE0.d.56B77746DE068006AB643AFD4F7C513F.e.1732","ELEMENT":"f.8A8223F9DEA97DA973980CAD3BB2ACE0.d.56B77746DE068006AB643AFD4F7C513F.e.1732"}]}
COMMAND: POST /session/73a4fd280a32fd38d4d0602b1d656d13/execute/sync - {"script":"<script> [5351 bytes]","args":[{"element-6066-11e4-a52e-4f735466cecf":"f.8A8223F9DEA97DA973980CAD3BB2ACE0.d.56B77746DE068006AB643AFD4F7C513F.e.1732","ELEMENT":"f.8A8223F9DEA97DA973980CAD3BB2ACE0.d.56B77746DE068006AB643AFD4F7C513F.e.1732"}]}
COMMAND: GET /session/73a4fd280a32fd38d4d0602b1d656d13/screenshot - {}
RESULT: {}
RESULT: {"script":"<script> [5351 bytes]","args":[{"element-6066-11e4-a52e-4f735466cecf":"f.8A8223F9DEA97DA973980CAD3BB2ACE0.d.56B77746DE068006AB643AFD4F7C513F.e.1732","ELEMENT":"f.8A8223F9DEA97DA973980CAD3BB2ACE0.d.56B77746DE068006AB643AFD4F7C513F.e.1732"}]}
COMMAND: POST /session/73a4fd280a32fd38d4d0602b1d656d13/element/f.8A8223F9DEA97DA973980CAD3BB2ACE0.d.56B77746DE068006AB643AFD4F7C513F.e.1732/click - {}
COMMAND: GET /session/73a4fd280a32fd38d4d0602b1d656d13/screenshot - {}
RESULT: {}
RESULT: {}
COMMAND: GET /session/73a4fd280a32fd38d4d0602b1d656d13/screenshot - {}
COMMAND: POST /session/73a4fd280a32fd38d4d0602b1d656d13/element - {"using":"xpath","value":"//input[@id=\"application-managesites-display-component---NewSite--siteId-inner\"]"}
RESULT: {}
RESULT: {}
RESULT: {"using":"xpath","value":"//input[@id=\"application-managesites-display-component---NewSite--siteId-inner\"]"}
COMMAND: POST /session/73a4fd280a32fd38d4d0602b1d656d13/element - {"using":"xpath","value":"//input[@id=\"application-managesites-display-component---NewSite--siteId-inner\"]"}
RESULT: {"using":"xpath","value":"//input[@id=\"application-managesites-display-component---NewSite--siteId-inner\"]"}
COMMAND: POST /session/73a4fd280a32fd38d4d0602b1d656d13/execute/async - {"script":"<script> [1562 bytes]","args":[{"selector":{"id":"application-managesites-display-component---NewSite--addressDetailDetailsName1","interaction":{"idSuffix":"inner"}},"wdio_ui5_key":"applicationmanagesites-display-component---NewSite--addressDetailDetailsName1"}]}
RESULT: {"script":"<script> [1562 bytes]","args":[{"selector":{"id":"application-managesites-display-component---NewSite--addressDetailDetailsName1","interaction":{"idSuffix":"inner"}},"wdio_ui5_key":"applicationmanagesites-display-component---NewSite--addressDetailDetailsName1"}]}
RESULT: undefined
COMMAND: POST /session/73a4fd280a32fd38d4d0602b1d656d13/execute/async - {"script":"<script> [776 bytes]","args":[{"enterText":"Warehouse Managed Site WDIO","selector":{"id":"application-managesites-display-component---NewSite--addressDetailDetailsName1","interaction":{"idSuffix":"inner"}},"clearTextFirst":true,"interactionType":"ENTER_TEXT"}]}
RESULT: {"script":"<script> [776 bytes]","args":[{"enterText":"Warehouse Managed Site WDIO","selector":{"id":"application-managesites-display-component---NewSite--addressDetailDetailsName1","interaction":{"idSuffix":"inner"}},"clearTextFirst":true,"interactionType":"ENTER_TEXT"}]}
COMMAND: POST /session/73a4fd280a32fd38d4d0602b1d656d13/execute/async - {"script":"<script> [1562 bytes]","args":[{"selector":{"id":"application-managesites-display-component---NewSite--addressDetailDetailsLanguage-arrow"},"wdio_ui5_key":"applicationmanagesites-display-component---NewSite--addressDetailDetailsLanguage-arrow"}]}
RESULT: {"script":"<script> [1562 bytes]","args":[{"selector":{"id":"application-managesites-display-component---NewSite--addressDetailDetailsLanguage-arrow"},"wdio_ui5_key":"applicationmanagesites-display-component---NewSite--addressDetailDetailsLanguage-arrow"}]}
RESULT: undefined
COMMAND: POST /session/73a4fd280a32fd38d4d0602b1d656d13/element - {"using":"xpath","value":"//*[@id=\"application-managesites-display-component---NewSite--addressDetailDetailsLanguage-arrow\"]"}
RESULT: {"using":"xpath","value":"//*[@id=\"application-managesites-display-component---NewSite--addressDetailDetailsLanguage-arrow\"]"}
COMMAND: POST /session/73a4fd280a32fd38d4d0602b1d656d13/element/f.8A8223F9DEA97DA973980CAD3BB2ACE0.d.56B77746DE068006AB643AFD4F7C513F.e.2128/click - {}
RESULT: {}
COMMAND: POST /session/73a4fd280a32fd38d4d0602b1d656d13/element - {"using":"xpath","value":"//span[contains(text(), \"English\")]"}
COMMAND: GET /session/73a4fd280a32fd38d4d0602b1d656d13/screenshot - {}
RESULT: {"using":"xpath","value":"//span[contains(text(), \"English\")]"}
COMMAND: POST /session/73a4fd280a32fd38d4d0602b1d656d13/element/f.8A8223F9DEA97DA973980CAD3BB2ACE0.d.56B77746DE068006AB643AFD4F7C513F.e.2129/click - {}
RESULT: {}
RESULT: {}
COMMAND: POST /session/73a4fd280a32fd38d4d0602b1d656d13/execute/async - {"script":"<script> [1562 bytes]","args":[{"selector":{"id":"application-managesites-display-component---NewSite--addressDetailDetailsCity1","interaction":{"idSuffix":"inner"}},"wdio_ui5_key":"applicationmanagesites-display-component---NewSite--addressDetailDetailsCity1"}]}
COMMAND: GET /session/73a4fd280a32fd38d4d0602b1d656d13/screenshot - {}
RESULT: {"script":"<script> [1562 bytes]","args":[{"selector":{"id":"application-managesites-display-component---NewSite--addressDetailDetailsCity1","interaction":{"idSuffix":"inner"}},"wdio_ui5_key":"applicationmanagesites-display-component---NewSite--addressDetailDetailsCity1"}]}
RESULT: undefined
COMMAND: POST /session/73a4fd280a32fd38d4d0602b1d656d13/execute/async - {"script":"<script> [776 bytes]","args":[{"enterText":"Rosario","selector":{"id":"application-managesites-display-component---NewSite--addressDetailDetailsCity1","interaction":{"idSuffix":"inner"}},"clearTextFirst":true,"interactionType":"ENTER_TEXT"}]}
RESULT: {}
RESULT: {"script":"<script> [776 bytes]","args":[{"enterText":"Rosario","selector":{"id":"application-managesites-display-component---NewSite--addressDetailDetailsCity1","interaction":{"idSuffix":"inner"}},"clearTextFirst":true,"interactionType":"ENTER_TEXT"}]}
COMMAND: POST /session/73a4fd280a32fd38d4d0602b1d656d13/execute/async - {"script":"<script> [1562 bytes]","args":[{"selector":{"id":"application-managesites-display-component---NewSite--addressDetailDetailsCountry-arrow"},"wdio_ui5_key":"applicationmanagesites-display-component---NewSite--addressDetailDetailsCountry-arrow"}]}
RESULT: {"script":"<script> [1562 bytes]","args":[{"selector":{"id":"application-managesites-display-component---NewSite--addressDetailDetailsCountry-arrow"},"wdio_ui5_key":"applicationmanagesites-display-component---NewSite--addressDetailDetailsCountry-arrow"}]}
RESULT: undefined
COMMAND: POST /session/73a4fd280a32fd38d4d0602b1d656d13/element - {"using":"xpath","value":"//*[@id=\"application-managesites-display-component---NewSite--addressDetailDetailsCountry-arrow\"]"}
RESULT: {"using":"xpath","value":"//*[@id=\"application-managesites-display-component---NewSite--addressDetailDetailsCountry-arrow\"]"}
COMMAND: POST /session/73a4fd280a32fd38d4d0602b1d656d13/element/f.8A8223F9DEA97DA973980CAD3BB2ACE0.d.56B77746DE068006AB643AFD4F7C513F.e.2131/click - {}
RESULT: {}
COMMAND: POST /session/73a4fd280a32fd38d4d0602b1d656d13/element - {"using":"xpath","value":"//span[contains(text(), \"Argentina\")]"}
COMMAND: GET /session/73a4fd280a32fd38d4d0602b1d656d13/screenshot - {}
RESULT: {"using":"xpath","value":"//span[contains(text(), \"Argentina\")]"}
COMMAND: POST /session/73a4fd280a32fd38d4d0602b1d656d13/element/f.8A8223F9DEA97DA973980CAD3BB2ACE0.d.56B77746DE068006AB643AFD4F7C513F.e.2132/click - {}
RESULT: {}
RESULT: {}
COMMAND: GET /session/73a4fd280a32fd38d4d0602b1d656d13/screenshot - {}
RESULT: {}
COMMAND: POST /session/73a4fd280a32fd38d4d0602b1d656d13/execute/async - {"script":"<script> [1562 bytes]","args":[{"selector":{"id":"application-managesites-display-component---NewSite--addressEditDetailsCostObjectCstType-arrow"},"wdio_ui5_key":"applicationmanagesites-display-component---NewSite--addressEditDetailsCostObjectCstType-arrow"}]}
RESULT: {"script":"<script> [1562 bytes]","args":[{"selector":{"id":"application-managesites-display-component---NewSite--addressEditDetailsCostObjectCstType-arrow"},"wdio_ui5_key":"applicationmanagesites-display-component---NewSite--addressEditDetailsCostObjectCstType-arrow"}]}
RESULT: undefined
COMMAND: POST /session/73a4fd280a32fd38d4d0602b1d656d13/element - {"using":"xpath","value":"//*[@id=\"application-managesites-display-component---NewSite--addressEditDetailsCostObjectCstType-arrow\"]"}
RESULT: {"using":"xpath","value":"//*[@id=\"application-managesites-display-component---NewSite--addressEditDetailsCostObjectCstType-arrow\"]"}
COMMAND: POST /session/73a4fd280a32fd38d4d0602b1d656d13/element/f.8A8223F9DEA97DA973980CAD3BB2ACE0.d.56B77746DE068006AB643AFD4F7C513F.e.2134/click - {}
RESULT: {}
COMMAND: POST /session/73a4fd280a32fd38d4d0602b1d656d13/element - {"using":"xpath","value":"//span[contains(text(), \"Cost Center\")]"}
COMMAND: GET /session/73a4fd280a32fd38d4d0602b1d656d13/screenshot - {}
RESULT: {"using":"xpath","value":"//span[contains(text(), \"Cost Center\")]"}
COMMAND: POST /session/73a4fd280a32fd38d4d0602b1d656d13/element/f.8A8223F9DEA97DA973980CAD3BB2ACE0.d.56B77746DE068006AB643AFD4F7C513F.e.2135/click - {}
RESULT: {}
RESULT: {}
COMMAND: GET /session/73a4fd280a32fd38d4d0602b1d656d13/screenshot - {}
RESULT: {}
COMMAND: POST /session/73a4fd280a32fd38d4d0602b1d656d13/element - {"using":"xpath","value":"//span[@id=\"application-managesites-display-component---NewSite--addressNewCostObjectCstID-vhi\"]"}
RESULT: {"using":"xpath","value":"//span[@id=\"application-managesites-display-component---NewSite--addressNewCostObjectCstID-vhi\"]"}
COMMAND: POST /session/73a4fd280a32fd38d4d0602b1d656d13/execute/sync - {"script":"<script> [8489 bytes]","args":[{"element-6066-11e4-a52e-4f735466cecf":"f.8A8223F9DEA97DA973980CAD3BB2ACE0.d.56B77746DE068006AB643AFD4F7C513F.e.2140","ELEMENT":"f.8A8223F9DEA97DA973980CAD3BB2ACE0.d.56B77746DE068006AB643AFD4F7C513F.e.2140"}]}
RESULT: {"script":"<script> [8489 bytes]","args":[{"element-6066-11e4-a52e-4f735466cecf":"f.8A8223F9DEA97DA973980CAD3BB2ACE0.d.56B77746DE068006AB643AFD4F7C513F.e.2140","ELEMENT":"f.8A8223F9DEA97DA973980CAD3BB2ACE0.d.56B77746DE068006AB643AFD4F7C513F.e.2140"}]}
COMMAND: POST /session/73a4fd280a32fd38d4d0602b1d656d13/execute/async - {"script":"<script> [1562 bytes]","args":[{"selector":{"id":"application-managesites-display-component---NewSite--addressNewCostObjectCstID-vhi"},"wdio_ui5_key":"applicationmanagesites-display-component---NewSite--addressNewCostObjectCstID-vhi"}]}
COMMAND: GET /session/73a4fd280a32fd38d4d0602b1d656d13/screenshot - {}
RESULT: {"script":"<script> [1562 bytes]","args":[{"selector":{"id":"application-managesites-display-component---NewSite--addressNewCostObjectCstID-vhi"},"wdio_ui5_key":"applicationmanagesites-display-component---NewSite--addressNewCostObjectCstID-vhi"}]}
RESULT: undefined
COMMAND: POST /session/73a4fd280a32fd38d4d0602b1d656d13/element - {"using":"xpath","value":"//*[@id=\"application-managesites-display-component---NewSite--addressNewCostObjectCstID-vhi\"]"}
RESULT: {}
RESULT: {"using":"xpath","value":"//*[@id=\"application-managesites-display-component---NewSite--addressNewCostObjectCstID-vhi\"]"}
COMMAND: POST /session/73a4fd280a32fd38d4d0602b1d656d13/element/f.8A8223F9DEA97DA973980CAD3BB2ACE0.d.56B77746DE068006AB643AFD4F7C513F.e.2140/click - {}
RESULT: {}
COMMAND: GET /session/73a4fd280a32fd38d4d0602b1d656d13/screenshot - {}
RESULT: {}
RESULT: undefined
COMMAND: POST /session/73a4fd280a32fd38d4d0602b1d656d13/execute/async - {"script":"<script> [776 bytes]","args":[{"enterText":"10001013","selector":{"controlType":"sap.m.SearchField","properties":{"placeholder":"Search"},"searchOpenDialogs":true,"interaction":{"idSuffix":"I"}},"clearTextFirst":true,"interactionType":"ENTER_TEXT"}]}
RESULT: {"script":"<script> [776 bytes]","args":[{"enterText":"10001013","selector":{"controlType":"sap.m.SearchField","properties":{"placeholder":"Search"},"searchOpenDialogs":true,"interaction":{"idSuffix":"I"}},"clearTextFirst":true,"interactionType":"ENTER_TEXT"}]}
COMMAND: POST /session/73a4fd280a32fd38d4d0602b1d656d13/actions - {"actions":[{"id":"action3","type":"key","parameters":{},"actions":[{"type":"keyDown","value":"î€‡"},{"type":"pause","duration":10},{"type":"keyUp","value":"î€‡"}]}]}
RESULT: {"actions":[{"id":"action3","type":"key","parameters":{},"actions":[{"type":"keyDown","value":"î€‡"},{"type":"pause","duration":10},{"type":"keyUp","value":"î€‡"}]}]}
COMMAND: GET /session/73a4fd280a32fd38d4d0602b1d656d13/screenshot - {}
RESULT: {}
COMMAND: POST /session/73a4fd280a32fd38d4d0602b1d656d13/element - {"using":"xpath","value":"//span[contains(text(), \"General Management\")]"}
RESULT: {"using":"xpath","value":"//span[contains(text(), \"General Management\")]"}
COMMAND: POST /session/73a4fd280a32fd38d4d0602b1d656d13/element/f.8A8223F9DEA97DA973980CAD3BB2ACE0.d.56B77746DE068006AB643AFD4F7C513F.e.2178/click - {}
RESULT: {}
COMMAND: GET /session/73a4fd280a32fd38d4d0602b1d656d13/screenshot - {}
RESULT: {}
COMMAND: POST /session/73a4fd280a32fd38d4d0602b1d656d13/element - {"using":"xpath","value":"//bdi[contains(text(), \"OK\")]"}
RESULT: {"using":"xpath","value":"//bdi[contains(text(), \"OK\")]"}
COMMAND: POST /session/73a4fd280a32fd38d4d0602b1d656d13/element/f.8A8223F9DEA97DA973980CAD3BB2ACE0.d.56B77746DE068006AB643AFD4F7C513F.e.2179/click - {}
RESULT: {}
COMMAND: GET /session/73a4fd280a32fd38d4d0602b1d656d13/screenshot - {}
RESULT: {}
COMMAND: POST /session/73a4fd280a32fd38d4d0602b1d656d13/element - {"using":"xpath","value":"//input[@id=\"application-managesites-display-component---NewSite--addressDetailDetailsCalendar-inner\"]"}
RESULT: {"using":"xpath","value":"//input[@id=\"application-managesites-display-component---NewSite--addressDetailDetailsCalendar-inner\"]"}
COMMAND: POST /session/73a4fd280a32fd38d4d0602b1d656d13/element/f.8A8223F9DEA97DA973980CAD3BB2ACE0.d.56B77746DE068006AB643AFD4F7C513F.e.1925/clear - {}
RESULT: {}
COMMAND: POST /session/73a4fd280a32fd38d4d0602b1d656d13/element/f.8A8223F9DEA97DA973980CAD3BB2ACE0.d.56B77746DE068006AB643AFD4F7C513F.e.1925/value - {"text":"Unit"}
COMMAND: GET /session/73a4fd280a32fd38d4d0602b1d656d13/screenshot - {}
RESULT: {"text":"Unit"}
COMMAND: GET /session/73a4fd280a32fd38d4d0602b1d656d13/screenshot - {}
RESULT: {}
RESULT: {}
COMMAND: POST /session/73a4fd280a32fd38d4d0602b1d656d13/actions - {"actions":[{"id":"action4","type":"key","parameters":{},"actions":[{"type":"keyDown","value":"î€‡"},{"type":"pause","duration":10},{"type":"keyUp","value":"î€‡"}]}]}
RESULT: {"actions":[{"id":"action4","type":"key","parameters":{},"actions":[{"type":"keyDown","value":"î€‡"},{"type":"pause","duration":10},{"type":"keyUp","value":"î€‡"}]}]}
COMMAND: POST /session/73a4fd280a32fd38d4d0602b1d656d13/element - {"using":"xpath","value":"//input[@id=\"application-managesites-display-component---NewSite--addressDetailDetailsYard-inner\"]"}
COMMAND: GET /session/73a4fd280a32fd38d4d0602b1d656d13/screenshot - {}
RESULT: {"using":"xpath","value":"//input[@id=\"application-managesites-display-component---NewSite--addressDetailDetailsYard-inner\"]"}
COMMAND: POST /session/73a4fd280a32fd38d4d0602b1d656d13/element/f.8A8223F9DEA97DA973980CAD3BB2ACE0.d.56B77746DE068006AB643AFD4F7C513F.e.1926/clear - {}
RESULT: {}
RESULT: {}
COMMAND: POST /session/73a4fd280a32fd38d4d0602b1d656d13/element/f.8A8223F9DEA97DA973980CAD3BB2ACE0.d.56B77746DE068006AB643AFD4F7C513F.e.1926/value - {"text":"403"}
COMMAND: GET /session/73a4fd280a32fd38d4d0602b1d656d13/screenshot - {}
RESULT: {"text":"403"}
COMMAND: GET /session/73a4fd280a32fd38d4d0602b1d656d13/screenshot - {}
RESULT: {}
RESULT: {}
COMMAND: POST /session/73a4fd280a32fd38d4d0602b1d656d13/element - {"using":"xpath","value":"//li[.//span[text()='403']]"}
RESULT: {"using":"xpath","value":"//li[.//span[text()='403']]"}
COMMAND: POST /session/73a4fd280a32fd38d4d0602b1d656d13/element/f.8A8223F9DEA97DA973980CAD3BB2ACE0.d.56B77746DE068006AB643AFD4F7C513F.e.2187/click - {}
RESULT: {}
COMMAND: GET /session/73a4fd280a32fd38d4d0602b1d656d13/screenshot - {}
RESULT: {}
COMMAND: POST /session/73a4fd280a32fd38d4d0602b1d656d13/element - {"using":"xpath","value":"//input[@id=\"application-managesites-display-component---NewSite--addressDetailDetailsPartner-inner\"]"}
RESULT: {"using":"xpath","value":"//input[@id=\"application-managesites-display-component---NewSite--addressDetailDetailsPartner-inner\"]"}
COMMAND: POST /session/73a4fd280a32fd38d4d0602b1d656d13/element - {"using":"xpath","value":"//input[@id=\"application-managesites-display-component---NewSite--addressDetailDetailsPartner-inner\"]"}
RESULT: {"using":"xpath","value":"//input[@id=\"application-managesites-display-component---NewSite--addressDetailDetailsPartner-inner\"]"}
COMMAND: POST /session/73a4fd280a32fd38d4d0602b1d656d13/execute/async - {"script":"<script> [1562 bytes]","args":[{"selector":{"id":"application-managesites-display-component---NewSite--siteWhmCheckBox-label","interaction":{"idSuffix":"bdi"}},"wdio_ui5_key":"applicationmanagesites-display-component---NewSite--siteWhmCheckBox-label"}]}
RESULT: {"script":"<script> [1562 bytes]","args":[{"selector":{"id":"application-managesites-display-component---NewSite--siteWhmCheckBox-label","interaction":{"idSuffix":"bdi"}},"wdio_ui5_key":"applicationmanagesites-display-component---NewSite--siteWhmCheckBox-label"}]}
RESULT: undefined
COMMAND: POST /session/73a4fd280a32fd38d4d0602b1d656d13/element - {"using":"xpath","value":"//*[@id=\"application-managesites-display-component---NewSite--siteWhmCheckBox-label\"]"}
RESULT: {"using":"xpath","value":"//*[@id=\"application-managesites-display-component---NewSite--siteWhmCheckBox-label\"]"}
COMMAND: POST /session/73a4fd280a32fd38d4d0602b1d656d13/element/f.8A8223F9DEA97DA973980CAD3BB2ACE0.d.56B77746DE068006AB643AFD4F7C513F.e.2189/click - {}
RESULT: {}
COMMAND: GET /session/73a4fd280a32fd38d4d0602b1d656d13/screenshot - {}
RESULT: {}
COMMAND: POST /session/73a4fd280a32fd38d4d0602b1d656d13/element - {"using":"xpath","value":"//button[@data-kt=\"saveButton\"]"}
RESULT: {"using":"xpath","value":"//button[@data-kt=\"saveButton\"]"}
COMMAND: POST /session/73a4fd280a32fd38d4d0602b1d656d13/element/f.8A8223F9DEA97DA973980CAD3BB2ACE0.d.56B77746DE068006AB643AFD4F7C513F.e.2072/click - {}
RESULT: {}
COMMAND: GET /session/73a4fd280a32fd38d4d0602b1d656d13/screenshot - {}
COMMAND: POST /session/73a4fd280a32fd38d4d0602b1d656d13/element - {"using":"xpath","value":"//header[contains(@id, 'ObjectPageLayout-headerTitle')]/div[1]/div[2]/div[2]/span[1]"}
RESULT: {}
RESULT: {"using":"xpath","value":"//header[contains(@id, 'ObjectPageLayout-headerTitle')]/div[1]/div[2]/div[2]/span[1]"}
COMMAND: POST /session/73a4fd280a32fd38d4d0602b1d656d13/elements - {"using":"xpath","value":"//header[contains(@id, 'ObjectPageLayout-headerTitle')]/div[1]/div[2]/div[2]/span[1]"}
RESULT: {"using":"xpath","value":"//header[contains(@id, 'ObjectPageLayout-headerTitle')]/div[1]/div[2]/div[2]/span[1]"}
COMMAND: POST /session/73a4fd280a32fd38d4d0602b1d656d13/execute/sync - {"script":"<script> [56 bytes]","args":[{"element-6066-11e4-a52e-4f735466cecf":"f.8A8223F9DEA97DA973980CAD3BB2ACE0.d.56B77746DE068006AB643AFD4F7C513F.e.2398","ELEMENT":"f.8A8223F9DEA97DA973980CAD3BB2ACE0.d.56B77746DE068006AB643AFD4F7C513F.e.2398"}]}
RESULT: {"script":"<script> [56 bytes]","args":[{"element-6066-11e4-a52e-4f735466cecf":"f.8A8223F9DEA97DA973980CAD3BB2ACE0.d.56B77746DE068006AB643AFD4F7C513F.e.2398","ELEMENT":"f.8A8223F9DEA97DA973980CAD3BB2ACE0.d.56B77746DE068006AB643AFD4F7C513F.e.2398"}]}
COMMAND: POST /session/73a4fd280a32fd38d4d0602b1d656d13/element - {"using":"css selector","value":"#shell-header-logo"}
COMMAND: GET /session/73a4fd280a32fd38d4d0602b1d656d13/screenshot - {}
RESULT: {"using":"css selector","value":"#shell-header-logo"}
COMMAND: POST /session/73a4fd280a32fd38d4d0602b1d656d13/element/f.8A8223F9DEA97DA973980CAD3BB2ACE0.d.56B77746DE068006AB643AFD4F7C513F.e.1698/click - {}
RESULT: {}
RESULT: {}
COMMAND: GET /session/73a4fd280a32fd38d4d0602b1d656d13/screenshot - {}
RESULT: {}
COMMAND: POST /session/73a4fd280a32fd38d4d0602b1d656d13/execute/sync - {"script":"<script> [299 bytes]","args":[["getModel","getResource"]]}
RESULT: {"script":"<script> [299 bytes]","args":[["getModel","getResource"]]}
COMMAND: POST /session/73a4fd280a32fd38d4d0602b1d656d13/actions - {"actions":[{"id":"action5","type":"key","parameters":{},"actions":[{"type":"keyDown","value":"î€‡"},{"type":"pause","duration":10},{"type":"keyUp","value":"î€‡"}]}]}
COMMAND: GET /session/73a4fd280a32fd38d4d0602b1d656d13/screenshot - {}
RESULT: {"actions":[{"id":"action5","type":"key","parameters":{},"actions":[{"type":"keyDown","value":"î€‡"},{"type":"pause","duration":10},{"type":"keyUp","value":"î€‡"}]}]}
COMMAND: GET /session/73a4fd280a32fd38d4d0602b1d656d13/screenshot - {}
RESULT: {}
RESULT: {}
COMMAND: POST /session/73a4fd280a32fd38d4d0602b1d656d13/refresh - {}
RESULT: {}
COMMAND: GET /session/73a4fd280a32fd38d4d0602b1d656d13/screenshot - {}
RESULT: {}
COMMAND: POST /session/73a4fd280a32fd38d4d0602b1d656d13/refresh - {}
RESULT: {}
COMMAND: GET /session/73a4fd280a32fd38d4d0602b1d656d13/screenshot - {}
RESULT: {}
COMMAND: POST /session/73a4fd280a32fd38d4d0602b1d656d13/window/fullscreen - {}
RESULT: {}
COMMAND: POST /session/73a4fd280a32fd38d4d0602b1d656d13/execute/async - {"script":"<script> [189 bytes]","args":[]}
RESULT: {"script":"<script> [189 bytes]","args":[]}
COMMAND: POST /session/73a4fd280a32fd38d4d0602b1d656d13/execute/async - {"script":"<script> [123 bytes]","args":[]}
RESULT: {"script":"<script> [123 bytes]","args":[]}
COMMAND: POST /session/73a4fd280a32fd38d4d0602b1d656d13/timeouts - {"script":"<number>"}
RESULT: {"script":"<number>"}
COMMAND: GET /session/73a4fd280a32fd38d4d0602b1d656d13/timeouts - {}
RESULT: {}
RESULT: undefined
COMMAND: POST /session/73a4fd280a32fd38d4d0602b1d656d13/execute/async - {"script":"<script> [2676 bytes]","args":[]}
RESULT: {"script":"<script> [2676 bytes]","args":[]}
COMMAND: POST /session/73a4fd280a32fd38d4d0602b1d656d13/execute/async - {"script":"<script> [2342 bytes]","args":[{"protocol":"http","hostname":"0.0.0.0","path":"/","capabilities":{"browserName":"chrome","goog:chromeOptions":{"binary":"C:\\Program Files\\Google\\Chrome\\Application\\chrome.exe","args":["--start-maximized"]}},"logLevel":"warn","connectionRetryTimeout":120000,"connectionRetryCount":3,"logLevels":{},"enableDirectConnect":true,"strictSSL":true,"_":"65 more keys: [\"cacheDir\",\"port\",\"requestedCapabilities\",\"automationProtocol\",\"baseUrl\",\"waitforInterval\",\"waitforTimeout\",\"onReload\",\"beforeCommand\",\"afterCommand\",\"rootDir\",\"specs\",\"suites\",\"exclude\",\"groupLogsByTestSpec\",\"excludeDriverLogs\",\"bail\",\"framework\",\"reporters\",\"services\",\"maxInstances\",\"maxInstancesPerCapability\",\"injectGlobals\",\"filesToWatch\",\"execArgv\",\"runnerEnv\",\"runner\",\"shard\",\"specFileRetries\",\"specFileRetriesDelay\",\"specFileRetriesDeferred\",\"reporterSyncInterval\",\"reporterSyncTimeout\",\"cucumberFeaturesWithLineNumbers\",\"autoCompileOpts\",\"mochaOpts\",\"jasmineOpts\",\"cucumberOpts\",\"onPrepare\",\"onWorkerStart\",\"onWorkerEnd\",\"before\",\"beforeSession\",\"beforeSuite\",\"beforeHook\",\"beforeTest\",\"afterTest\",\"afterHook\",\"afterSuite\",\"afterSession\",\"after\",\"onComplete\",\"beforeAssertion\",\"afterAssertion\",\"beforeFeature\",\"beforeScenario\",\"beforeStep\",\"afterStep\",\"afterScenario\",\"afterFeature\",\"_\",\"suite\",\"$0\",\"ignoredWorkerServices\",\"wdi5\"]"}]}
RESULT: {"script":"<script> [2342 bytes]","args":[{"protocol":"http","hostname":"0.0.0.0","path":"/","capabilities":{"browserName":"chrome","goog:chromeOptions":{"binary":"C:\\Program Files\\Google\\Chrome\\Application\\chrome.exe","args":["--start-maximized"]}},"logLevel":"warn","connectionRetryTimeout":120000,"connectionRetryCount":3,"logLevels":{},"enableDirectConnect":true,"strictSSL":true,"_":"65 more keys: [\"cacheDir\",\"port\",\"requestedCapabilities\",\"automationProtocol\",\"baseUrl\",\"waitforInterval\",\"waitforTimeout\",\"onReload\",\"beforeCommand\",\"afterCommand\",\"rootDir\",\"specs\",\"suites\",\"exclude\",\"groupLogsByTestSpec\",\"excludeDriverLogs\",\"bail\",\"framework\",\"reporters\",\"services\",\"maxInstances\",\"maxInstancesPerCapability\",\"injectGlobals\",\"filesToWatch\",\"execArgv\",\"runnerEnv\",\"runner\",\"shard\",\"specFileRetries\",\"specFileRetriesDelay\",\"specFileRetriesDeferred\",\"reporterSyncInterval\",\"reporterSyncTimeout\",\"cucumberFeaturesWithLineNumbers\",\"autoCompileOpts\",\"mochaOpts\",\"jasmineOpts\",\"cucumberOpts\",\"onPrepare\",\"onWorkerStart\",\"onWorkerEnd\",\"before\",\"beforeSession\",\"beforeSuite\",\"beforeHook\",\"beforeTest\",\"afterTest\",\"afterHook\",\"afterSuite\",\"afterSession\",\"after\",\"onComplete\",\"beforeAssertion\",\"afterAssertion\",\"beforeFeature\",\"beforeScenario\",\"beforeStep\",\"afterStep\",\"afterScenario\",\"afterFeature\",\"_\",\"suite\",\"$0\",\"ignoredWorkerServices\",\"wdi5\"]"}]}
COMMAND: POST /session/73a4fd280a32fd38d4d0602b1d656d13/execute/async - {"script":"<script> [21126 bytes]","args":[35000]}
RESULT: {"script":"<script> [21126 bytes]","args":[35000]}
COMMAND: POST /session/73a4fd280a32fd38d4d0602b1d656d13/window/fullscreen - {}
RESULT: {}
]]></system-out>
    </testcase>
    <testcase classname="chrome.136_0_7103_93.windows.Stock_increase_-_with_WHM_US125587" name="Should create a new material" time="130.795">
      <system-out><![CDATA[
COMMAND: POST /session/73a4fd280a32fd38d4d0602b1d656d13/execute/async - {"script":"<script> [1562 bytes]","args":[{"selector":{"controlType":"sap.m.GenericTile","properties":{"header":"Manage Resources"}},"wdio_ui5_key":"sapm.GenericTile{\"header\":\"Manage Resources\"}"}]}
RESULT: {"script":"<script> [1562 bytes]","args":[{"selector":{"controlType":"sap.m.GenericTile","properties":{"header":"Manage Resources"}},"wdio_ui5_key":"sapm.GenericTile{\"header\":\"Manage Resources\"}"}]}
RESULT: undefined
COMMAND: POST /session/73a4fd280a32fd38d4d0602b1d656d13/element - {"using":"xpath","value":"//*[@id=\"__tile31\"]"}
RESULT: {"using":"xpath","value":"//*[@id=\"__tile31\"]"}
COMMAND: POST /session/73a4fd280a32fd38d4d0602b1d656d13/element/f.8A8223F9DEA97DA973980CAD3BB2ACE0.d.9D74FDB647F61A15691A6BFFCDA84BB4.e.2473/click - {}
RESULT: {}
COMMAND: GET /session/73a4fd280a32fd38d4d0602b1d656d13/screenshot - {}
RESULT: {}
COMMAND: POST /session/73a4fd280a32fd38d4d0602b1d656d13/elements - {"using":"xpath","value":"//span[text()='Error']"}
RESULT: {"using":"xpath","value":"//span[text()='Error']"}
COMMAND: POST /session/73a4fd280a32fd38d4d0602b1d656d13/element - {"using":"xpath","value":"//button[@data-kt=\"addNewRUOverflowToolbarButton\"]"}
RESULT: {"using":"xpath","value":"//button[@data-kt=\"addNewRUOverflowToolbarButton\"]"}
COMMAND: POST /session/73a4fd280a32fd38d4d0602b1d656d13/elements - {"using":"xpath","value":"//button[@data-kt=\"addNewRUOverflowToolbarButton\"]"}
RESULT: {"using":"xpath","value":"//button[@data-kt=\"addNewRUOverflowToolbarButton\"]"}
COMMAND: POST /session/73a4fd280a32fd38d4d0602b1d656d13/elements - {"using":"xpath","value":"//button[@data-kt=\"addNewRUOverflowToolbarButton\"]"}
RESULT: {"using":"xpath","value":"//button[@data-kt=\"addNewRUOverflowToolbarButton\"]"}
COMMAND: POST /session/73a4fd280a32fd38d4d0602b1d656d13/elements - {"using":"xpath","value":"//button[@data-kt=\"addNewRUOverflowToolbarButton\"]"}
RESULT: {"using":"xpath","value":"//button[@data-kt=\"addNewRUOverflowToolbarButton\"]"}
COMMAND: POST /session/73a4fd280a32fd38d4d0602b1d656d13/elements - {"using":"xpath","value":"//button[@data-kt=\"addNewRUOverflowToolbarButton\"]"}
RESULT: {"using":"xpath","value":"//button[@data-kt=\"addNewRUOverflowToolbarButton\"]"}
COMMAND: POST /session/73a4fd280a32fd38d4d0602b1d656d13/elements - {"using":"xpath","value":"//button[@data-kt=\"addNewRUOverflowToolbarButton\"]"}
RESULT: {"using":"xpath","value":"//button[@data-kt=\"addNewRUOverflowToolbarButton\"]"}
COMMAND: POST /session/73a4fd280a32fd38d4d0602b1d656d13/elements - {"using":"xpath","value":"//button[@data-kt=\"addNewRUOverflowToolbarButton\"]"}
RESULT: {"using":"xpath","value":"//button[@data-kt=\"addNewRUOverflowToolbarButton\"]"}
COMMAND: POST /session/73a4fd280a32fd38d4d0602b1d656d13/elements - {"using":"xpath","value":"//button[@data-kt=\"addNewRUOverflowToolbarButton\"]"}
RESULT: {"using":"xpath","value":"//button[@data-kt=\"addNewRUOverflowToolbarButton\"]"}
COMMAND: POST /session/73a4fd280a32fd38d4d0602b1d656d13/elements - {"using":"xpath","value":"//button[@data-kt=\"addNewRUOverflowToolbarButton\"]"}
RESULT: {"using":"xpath","value":"//button[@data-kt=\"addNewRUOverflowToolbarButton\"]"}
COMMAND: POST /session/73a4fd280a32fd38d4d0602b1d656d13/element - {"using":"xpath","value":"//button[@data-kt=\"addNewRUOverflowToolbarButton\"]"}
RESULT: {"using":"xpath","value":"//button[@data-kt=\"addNewRUOverflowToolbarButton\"]"}
COMMAND: POST /session/73a4fd280a32fd38d4d0602b1d656d13/execute/sync - {"script":"<script> [8489 bytes]","args":[{"element-6066-11e4-a52e-4f735466cecf":"f.8A8223F9DEA97DA973980CAD3BB2ACE0.d.9D74FDB647F61A15691A6BFFCDA84BB4.e.2582","ELEMENT":"f.8A8223F9DEA97DA973980CAD3BB2ACE0.d.9D74FDB647F61A15691A6BFFCDA84BB4.e.2582"}]}
RESULT: {"script":"<script> [8489 bytes]","args":[{"element-6066-11e4-a52e-4f735466cecf":"f.8A8223F9DEA97DA973980CAD3BB2ACE0.d.9D74FDB647F61A15691A6BFFCDA84BB4.e.2582","ELEMENT":"f.8A8223F9DEA97DA973980CAD3BB2ACE0.d.9D74FDB647F61A15691A6BFFCDA84BB4.e.2582"}]}
COMMAND: GET /session/73a4fd280a32fd38d4d0602b1d656d13/element/f.8A8223F9DEA97DA973980CAD3BB2ACE0.d.9D74FDB647F61A15691A6BFFCDA84BB4.e.2582/enabled - {}
COMMAND: GET /session/73a4fd280a32fd38d4d0602b1d656d13/screenshot - {}
RESULT: {}
COMMAND: POST /session/73a4fd280a32fd38d4d0602b1d656d13/execute/sync - {"script":"<script> [8489 bytes]","args":[{"element-6066-11e4-a52e-4f735466cecf":"f.8A8223F9DEA97DA973980CAD3BB2ACE0.d.9D74FDB647F61A15691A6BFFCDA84BB4.e.2582","ELEMENT":"f.8A8223F9DEA97DA973980CAD3BB2ACE0.d.9D74FDB647F61A15691A6BFFCDA84BB4.e.2582"}]}
COMMAND: GET /session/73a4fd280a32fd38d4d0602b1d656d13/screenshot - {}
RESULT: {}
RESULT: {"script":"<script> [8489 bytes]","args":[{"element-6066-11e4-a52e-4f735466cecf":"f.8A8223F9DEA97DA973980CAD3BB2ACE0.d.9D74FDB647F61A15691A6BFFCDA84BB4.e.2582","ELEMENT":"f.8A8223F9DEA97DA973980CAD3BB2ACE0.d.9D74FDB647F61A15691A6BFFCDA84BB4.e.2582"}]}
COMMAND: POST /session/73a4fd280a32fd38d4d0602b1d656d13/execute/sync - {"script":"<script> [5351 bytes]","args":[{"element-6066-11e4-a52e-4f735466cecf":"f.8A8223F9DEA97DA973980CAD3BB2ACE0.d.9D74FDB647F61A15691A6BFFCDA84BB4.e.2582","ELEMENT":"f.8A8223F9DEA97DA973980CAD3BB2ACE0.d.9D74FDB647F61A15691A6BFFCDA84BB4.e.2582"}]}
COMMAND: GET /session/73a4fd280a32fd38d4d0602b1d656d13/screenshot - {}
RESULT: {}
RESULT: {"script":"<script> [5351 bytes]","args":[{"element-6066-11e4-a52e-4f735466cecf":"f.8A8223F9DEA97DA973980CAD3BB2ACE0.d.9D74FDB647F61A15691A6BFFCDA84BB4.e.2582","ELEMENT":"f.8A8223F9DEA97DA973980CAD3BB2ACE0.d.9D74FDB647F61A15691A6BFFCDA84BB4.e.2582"}]}
COMMAND: POST /session/73a4fd280a32fd38d4d0602b1d656d13/element/f.8A8223F9DEA97DA973980CAD3BB2ACE0.d.9D74FDB647F61A15691A6BFFCDA84BB4.e.2582/click - {}
COMMAND: GET /session/73a4fd280a32fd38d4d0602b1d656d13/screenshot - {}
RESULT: {}
RESULT: {}
COMMAND: GET /session/73a4fd280a32fd38d4d0602b1d656d13/screenshot - {}
RESULT: {}
COMMAND: POST /session/73a4fd280a32fd38d4d0602b1d656d13/execute/async - {"script":"<script> [1562 bytes]","args":[{"selector":{"id":"application-manageresources-display-component---newResourceUnit--TYPE-arrow"},"wdio_ui5_key":"applicationmanageresources-display-component---newResourceUnit--TYPE-arrow"}]}
RESULT: {}
RESULT: {"script":"<script> [1562 bytes]","args":[{"selector":{"id":"application-manageresources-display-component---newResourceUnit--TYPE-arrow"},"wdio_ui5_key":"applicationmanageresources-display-component---newResourceUnit--TYPE-arrow"}]}
RESULT: undefined
COMMAND: POST /session/73a4fd280a32fd38d4d0602b1d656d13/element - {"using":"xpath","value":"//*[@id=\"application-manageresources-display-component---newResourceUnit--TYPE-arrow\"]"}
RESULT: {"using":"xpath","value":"//*[@id=\"application-manageresources-display-component---newResourceUnit--TYPE-arrow\"]"}
COMMAND: POST /session/73a4fd280a32fd38d4d0602b1d656d13/element/f.8A8223F9DEA97DA973980CAD3BB2ACE0.d.9D74FDB647F61A15691A6BFFCDA84BB4.e.2940/click - {}
RESULT: {}
COMMAND: POST /session/73a4fd280a32fd38d4d0602b1d656d13/element - {"using":"xpath","value":"//input[@id=\"application-manageresources-display-component---newResourceUnit--TYPE-inner\"]"}
COMMAND: GET /session/73a4fd280a32fd38d4d0602b1d656d13/screenshot - {}
RESULT: {"using":"xpath","value":"//input[@id=\"application-manageresources-display-component---newResourceUnit--TYPE-inner\"]"}
COMMAND: POST /session/73a4fd280a32fd38d4d0602b1d656d13/element/f.8A8223F9DEA97DA973980CAD3BB2ACE0.d.9D74FDB647F61A15691A6BFFCDA84BB4.e.2936/clear - {}
RESULT: {}
RESULT: {}
COMMAND: POST /session/73a4fd280a32fd38d4d0602b1d656d13/element/f.8A8223F9DEA97DA973980CAD3BB2ACE0.d.9D74FDB647F61A15691A6BFFCDA84BB4.e.2936/value - {"text":"Material"}
COMMAND: GET /session/73a4fd280a32fd38d4d0602b1d656d13/screenshot - {}
RESULT: {"text":"Material"}
COMMAND: GET /session/73a4fd280a32fd38d4d0602b1d656d13/screenshot - {}
RESULT: {}
RESULT: {}
COMMAND: POST /session/73a4fd280a32fd38d4d0602b1d656d13/actions - {"actions":[{"id":"action6","type":"key","parameters":{},"actions":[{"type":"keyDown","value":"î€‡"},{"type":"pause","duration":10},{"type":"keyUp","value":"î€‡"}]}]}
RESULT: {"actions":[{"id":"action6","type":"key","parameters":{},"actions":[{"type":"keyDown","value":"î€‡"},{"type":"pause","duration":10},{"type":"keyUp","value":"î€‡"}]}]}
COMMAND: POST /session/73a4fd280a32fd38d4d0602b1d656d13/execute/async - {"script":"<script> [1562 bytes]","args":[{"selector":{"id":"application-manageresources-display-component---newResourceUnit--SHORT_TEXT","interaction":{"idSuffix":"inner"}},"wdio_ui5_key":"applicationmanageresources-display-component---newResourceUnit--SHORT_TEXT"}]}
COMMAND: GET /session/73a4fd280a32fd38d4d0602b1d656d13/screenshot - {}
RESULT: {"script":"<script> [1562 bytes]","args":[{"selector":{"id":"application-manageresources-display-component---newResourceUnit--SHORT_TEXT","interaction":{"idSuffix":"inner"}},"wdio_ui5_key":"applicationmanageresources-display-component---newResourceUnit--SHORT_TEXT"}]}
RESULT: undefined
COMMAND: POST /session/73a4fd280a32fd38d4d0602b1d656d13/execute/async - {"script":"<script> [776 bytes]","args":[{"enterText":"Cement WDIO","selector":{"id":"application-manageresources-display-component---newResourceUnit--SHORT_TEXT","interaction":{"idSuffix":"inner"}},"clearTextFirst":true,"interactionType":"ENTER_TEXT"}]}
RESULT: {}
RESULT: {"script":"<script> [776 bytes]","args":[{"enterText":"Cement WDIO","selector":{"id":"application-manageresources-display-component---newResourceUnit--SHORT_TEXT","interaction":{"idSuffix":"inner"}},"clearTextFirst":true,"interactionType":"ENTER_TEXT"}]}
COMMAND: POST /session/73a4fd280a32fd38d4d0602b1d656d13/execute/async - {"script":"<script> [1562 bytes]","args":[{"selector":{"id":"application-manageresources-display-component---newResourceUnit--BASE_UNIT_OF_MEASURE","interaction":{"idSuffix":"inner"}},"wdio_ui5_key":"applicationmanageresources-display-component---newResourceUnit--BASE_UNIT_OF_MEASURE"}]}
RESULT: {"script":"<script> [1562 bytes]","args":[{"selector":{"id":"application-manageresources-display-component---newResourceUnit--BASE_UNIT_OF_MEASURE","interaction":{"idSuffix":"inner"}},"wdio_ui5_key":"applicationmanageresources-display-component---newResourceUnit--BASE_UNIT_OF_MEASURE"}]}
RESULT: undefined
COMMAND: POST /session/73a4fd280a32fd38d4d0602b1d656d13/execute/async - {"script":"<script> [776 bytes]","args":[{"enterText":"Piece","selector":{"id":"application-manageresources-display-component---newResourceUnit--BASE_UNIT_OF_MEASURE","interaction":{"idSuffix":"inner"}},"clearTextFirst":true,"interactionType":"ENTER_TEXT"}]}
RESULT: {"script":"<script> [776 bytes]","args":[{"enterText":"Piece","selector":{"id":"application-manageresources-display-component---newResourceUnit--BASE_UNIT_OF_MEASURE","interaction":{"idSuffix":"inner"}},"clearTextFirst":true,"interactionType":"ENTER_TEXT"}]}
COMMAND: POST /session/73a4fd280a32fd38d4d0602b1d656d13/execute/async - {"script":"<script> [1562 bytes]","args":[{"selector":{"id":"application-manageresources-display-component---newResourceUnit--WEIGHT_UNIT","interaction":{"idSuffix":"inner"}},"wdio_ui5_key":"applicationmanageresources-display-component---newResourceUnit--WEIGHT_UNIT"}]}
RESULT: {"script":"<script> [1562 bytes]","args":[{"selector":{"id":"application-manageresources-display-component---newResourceUnit--WEIGHT_UNIT","interaction":{"idSuffix":"inner"}},"wdio_ui5_key":"applicationmanageresources-display-component---newResourceUnit--WEIGHT_UNIT"}]}
RESULT: undefined
COMMAND: POST /session/73a4fd280a32fd38d4d0602b1d656d13/execute/async - {"script":"<script> [776 bytes]","args":[{"enterText":"Gram","selector":{"id":"application-manageresources-display-component---newResourceUnit--WEIGHT_UNIT","interaction":{"idSuffix":"inner"}},"clearTextFirst":true,"interactionType":"ENTER_TEXT"}]}
RESULT: {"script":"<script> [776 bytes]","args":[{"enterText":"Gram","selector":{"id":"application-manageresources-display-component---newResourceUnit--WEIGHT_UNIT","interaction":{"idSuffix":"inner"}},"clearTextFirst":true,"interactionType":"ENTER_TEXT"}]}
COMMAND: POST /session/73a4fd280a32fd38d4d0602b1d656d13/execute/async - {"script":"<script> [1562 bytes]","args":[{"selector":{"id":"application-manageresources-display-component---newResourceUnit--DIMENSION_UNIT","interaction":{"idSuffix":"inner"}},"wdio_ui5_key":"applicationmanageresources-display-component---newResourceUnit--DIMENSION_UNIT"}]}
RESULT: {"script":"<script> [1562 bytes]","args":[{"selector":{"id":"application-manageresources-display-component---newResourceUnit--DIMENSION_UNIT","interaction":{"idSuffix":"inner"}},"wdio_ui5_key":"applicationmanageresources-display-component---newResourceUnit--DIMENSION_UNIT"}]}
RESULT: undefined
COMMAND: POST /session/73a4fd280a32fd38d4d0602b1d656d13/execute/async - {"script":"<script> [776 bytes]","args":[{"enterText":"Meter","selector":{"id":"application-manageresources-display-component---newResourceUnit--DIMENSION_UNIT","interaction":{"idSuffix":"inner"}},"clearTextFirst":true,"interactionType":"ENTER_TEXT"}]}
RESULT: {"script":"<script> [776 bytes]","args":[{"enterText":"Meter","selector":{"id":"application-manageresources-display-component---newResourceUnit--DIMENSION_UNIT","interaction":{"idSuffix":"inner"}},"clearTextFirst":true,"interactionType":"ENTER_TEXT"}]}
COMMAND: POST /session/73a4fd280a32fd38d4d0602b1d656d13/execute/async - {"script":"<script> [1562 bytes]","args":[{"selector":{"id":"application-manageresources-display-component---newResourceUnit--newRRUPage-anchBar-application-manageresources-display-component---newResourceUnit--control-anchor","interaction":{"idSuffix":"BDI-content"}},"wdio_ui5_key":"applicationmanageresources-display-component---newResourceUnit--newRRUPage-anchBar-application-manageresources-display-component---newResourceUnit--control-anchor"}]}
RESULT: {"script":"<script> [1562 bytes]","args":[{"selector":{"id":"application-manageresources-display-component---newResourceUnit--newRRUPage-anchBar-application-manageresources-display-component---newResourceUnit--control-anchor","interaction":{"idSuffix":"BDI-content"}},"wdio_ui5_key":"applicationmanageresources-display-component---newResourceUnit--newRRUPage-anchBar-application-manageresources-display-component---newResourceUnit--control-anchor"}]}
RESULT: undefined
COMMAND: POST /session/73a4fd280a32fd38d4d0602b1d656d13/element - {"using":"xpath","value":"//*[@id=\"application-manageresources-display-component---newResourceUnit--newRRUPage-anchBar-application-manageresources-display-component---newResourceUnit--control-anchor\"]"}
RESULT: {"using":"xpath","value":"//*[@id=\"application-manageresources-display-component---newResourceUnit--newRRUPage-anchBar-application-manageresources-display-component---newResourceUnit--control-anchor\"]"}
COMMAND: POST /session/73a4fd280a32fd38d4d0602b1d656d13/element/f.8A8223F9DEA97DA973980CAD3BB2ACE0.d.9D74FDB647F61A15691A6BFFCDA84BB4.e.3006/click - {}
RESULT: {}
COMMAND: POST /session/73a4fd280a32fd38d4d0602b1d656d13/execute/async - {"script":"<script> [1562 bytes]","args":[{"selector":{"id":"application-manageresources-display-component---newResourceUnit--PLANNING_GROUP","interaction":{"idSuffix":"inner"}},"wdio_ui5_key":"applicationmanageresources-display-component---newResourceUnit--PLANNING_GROUP"}]}
COMMAND: GET /session/73a4fd280a32fd38d4d0602b1d656d13/screenshot - {}
RESULT: {"script":"<script> [1562 bytes]","args":[{"selector":{"id":"application-manageresources-display-component---newResourceUnit--PLANNING_GROUP","interaction":{"idSuffix":"inner"}},"wdio_ui5_key":"applicationmanageresources-display-component---newResourceUnit--PLANNING_GROUP"}]}
RESULT: undefined
COMMAND: POST /session/73a4fd280a32fd38d4d0602b1d656d13/execute/async - {"script":"<script> [776 bytes]","args":[{"enterText":"Material","selector":{"id":"application-manageresources-display-component---newResourceUnit--PLANNING_GROUP","interaction":{"idSuffix":"inner"}},"clearTextFirst":true,"interactionType":"ENTER_TEXT"}]}
RESULT: {}
RESULT: {"script":"<script> [776 bytes]","args":[{"enterText":"Material","selector":{"id":"application-manageresources-display-component---newResourceUnit--PLANNING_GROUP","interaction":{"idSuffix":"inner"}},"clearTextFirst":true,"interactionType":"ENTER_TEXT"}]}
COMMAND: POST /session/73a4fd280a32fd38d4d0602b1d656d13/execute/async - {"script":"<script> [1562 bytes]","args":[{"selector":{"id":"application-manageresources-display-component---newResourceUnit--PLANNING_INDICATOR","interaction":{"idSuffix":"inner"}},"wdio_ui5_key":"applicationmanageresources-display-component---newResourceUnit--PLANNING_INDICATOR"}]}
RESULT: {"script":"<script> [1562 bytes]","args":[{"selector":{"id":"application-manageresources-display-component---newResourceUnit--PLANNING_INDICATOR","interaction":{"idSuffix":"inner"}},"wdio_ui5_key":"applicationmanageresources-display-component---newResourceUnit--PLANNING_INDICATOR"}]}
RESULT: undefined
COMMAND: POST /session/73a4fd280a32fd38d4d0602b1d656d13/execute/async - {"script":"<script> [776 bytes]","args":[{"enterText":"10 - infinite","selector":{"id":"application-manageresources-display-component---newResourceUnit--PLANNING_INDICATOR","interaction":{"idSuffix":"inner"}},"clearTextFirst":true,"interactionType":"ENTER_TEXT"}]}
RESULT: {"script":"<script> [776 bytes]","args":[{"enterText":"10 - infinite","selector":{"id":"application-manageresources-display-component---newResourceUnit--PLANNING_INDICATOR","interaction":{"idSuffix":"inner"}},"clearTextFirst":true,"interactionType":"ENTER_TEXT"}]}
COMMAND: POST /session/73a4fd280a32fd38d4d0602b1d656d13/element - {"using":"css selector","value":"#application-manageresources-display-component---newResourceUnit--btnAddTimeSegment"}
RESULT: {"using":"css selector","value":"#application-manageresources-display-component---newResourceUnit--btnAddTimeSegment"}
COMMAND: GET /session/73a4fd280a32fd38d4d0602b1d656d13/element/f.8A8223F9DEA97DA973980CAD3BB2ACE0.d.9D74FDB647F61A15691A6BFFCDA84BB4.e.3016/rect - {}
RESULT: {}
COMMAND: GET /session/73a4fd280a32fd38d4d0602b1d656d13/window/rect - {}
RESULT: {}
COMMAND: POST /session/73a4fd280a32fd38d4d0602b1d656d13/execute/sync - {"script":"<script> [92 bytes]","args":[]}
RESULT: {"script":"<script> [92 bytes]","args":[]}
COMMAND: POST /session/73a4fd280a32fd38d4d0602b1d656d13/actions - {"actions":[{"id":"action7","type":"wheel","parameters":{},"actions":[{"type":"scroll","x":-1888,"y":-32,"deltaX":0,"deltaY":0,"duration":0,"origin":{"element-6066-11e4-a52e-4f735466cecf":"f.8A8223F9DEA97DA973980CAD3BB2ACE0.d.9D74FDB647F61A15691A6BFFCDA84BB4.e.3016"}}]}]}
COMMAND: GET /session/73a4fd280a32fd38d4d0602b1d656d13/screenshot - {}
RESULT: {}
COMMAND: POST /session/73a4fd280a32fd38d4d0602b1d656d13/execute/sync - {"script":"<script> [79 bytes]","args":[{"element-6066-11e4-a52e-4f735466cecf":"f.8A8223F9DEA97DA973980CAD3BB2ACE0.d.9D74FDB647F61A15691A6BFFCDA84BB4.e.3016","ELEMENT":"f.8A8223F9DEA97DA973980CAD3BB2ACE0.d.9D74FDB647F61A15691A6BFFCDA84BB4.e.3016"},{"block":"start","inline":"nearest"}]}
RESULT: {"script":"<script> [79 bytes]","args":[{"element-6066-11e4-a52e-4f735466cecf":"f.8A8223F9DEA97DA973980CAD3BB2ACE0.d.9D74FDB647F61A15691A6BFFCDA84BB4.e.3016","ELEMENT":"f.8A8223F9DEA97DA973980CAD3BB2ACE0.d.9D74FDB647F61A15691A6BFFCDA84BB4.e.3016"},{"block":"start","inline":"nearest"}]}
COMMAND: POST /session/73a4fd280a32fd38d4d0602b1d656d13/execute/async - {"script":"<script> [1562 bytes]","args":[{"selector":{"id":"application-manageresources-display-component---newResourceUnit--btnAddTimeSegment","interaction":{"idSuffix":"inner"}},"wdio_ui5_key":"applicationmanageresources-display-component---newResourceUnit--btnAddTimeSegment"}]}
COMMAND: GET /session/73a4fd280a32fd38d4d0602b1d656d13/screenshot - {}
RESULT: {"script":"<script> [1562 bytes]","args":[{"selector":{"id":"application-manageresources-display-component---newResourceUnit--btnAddTimeSegment","interaction":{"idSuffix":"inner"}},"wdio_ui5_key":"applicationmanageresources-display-component---newResourceUnit--btnAddTimeSegment"}]}
RESULT: undefined
COMMAND: POST /session/73a4fd280a32fd38d4d0602b1d656d13/element - {"using":"xpath","value":"//*[@id=\"application-manageresources-display-component---newResourceUnit--btnAddTimeSegment\"]"}
RESULT: {}
RESULT: {"using":"xpath","value":"//*[@id=\"application-manageresources-display-component---newResourceUnit--btnAddTimeSegment\"]"}
COMMAND: POST /session/73a4fd280a32fd38d4d0602b1d656d13/element/f.8A8223F9DEA97DA973980CAD3BB2ACE0.d.9D74FDB647F61A15691A6BFFCDA84BB4.e.3016/click - {}
RESULT: {}
COMMAND: GET /session/73a4fd280a32fd38d4d0602b1d656d13/screenshot - {}
RESULT: {}
COMMAND: POST /session/73a4fd280a32fd38d4d0602b1d656d13/element - {"using":"xpath","value":"//input[@id=\"application-manageresources-display-component---newResourceUnit--idRuTSAdmin-application-manageresources-display-component---newResourceUnit--RUTimeSegment-0-inner\"]"}
RESULT: {"using":"xpath","value":"//input[@id=\"application-manageresources-display-component---newResourceUnit--idRuTSAdmin-application-manageresources-display-component---newResourceUnit--RUTimeSegment-0-inner\"]"}
COMMAND: POST /session/73a4fd280a32fd38d4d0602b1d656d13/element/f.8A8223F9DEA97DA973980CAD3BB2ACE0.d.9D74FDB647F61A15691A6BFFCDA84BB4.e.3021/clear - {}
RESULT: {}
COMMAND: POST /session/73a4fd280a32fd38d4d0602b1d656d13/element/f.8A8223F9DEA97DA973980CAD3BB2ACE0.d.9D74FDB647F61A15691A6BFFCDA84BB4.e.3021/value - {"text":"403"}
COMMAND: GET /session/73a4fd280a32fd38d4d0602b1d656d13/screenshot - {}
RESULT: {"text":"403"}
COMMAND: GET /session/73a4fd280a32fd38d4d0602b1d656d13/screenshot - {}
RESULT: {}
RESULT: {}
COMMAND: POST /session/73a4fd280a32fd38d4d0602b1d656d13/element - {"using":"xpath","value":"//li[.//span[text()='403']]"}
RESULT: {"using":"xpath","value":"//li[.//span[text()='403']]"}
COMMAND: POST /session/73a4fd280a32fd38d4d0602b1d656d13/element/f.8A8223F9DEA97DA973980CAD3BB2ACE0.d.9D74FDB647F61A15691A6BFFCDA84BB4.e.3030/click - {}
RESULT: {}
COMMAND: GET /session/73a4fd280a32fd38d4d0602b1d656d13/screenshot - {}
RESULT: {}
COMMAND: POST /session/73a4fd280a32fd38d4d0602b1d656d13/element - {"using":"xpath","value":"(//span[contains(@id, \"-application-manageresources-display-component---newResourceUnit--RUTimeSegment-0-arrow\")])[2]"}
RESULT: {"using":"xpath","value":"(//span[contains(@id, \"-application-manageresources-display-component---newResourceUnit--RUTimeSegment-0-arrow\")])[2]"}
COMMAND: POST /session/73a4fd280a32fd38d4d0602b1d656d13/element/f.8A8223F9DEA97DA973980CAD3BB2ACE0.d.9D74FDB647F61A15691A6BFFCDA84BB4.e.3031/click - {}
RESULT: {}
COMMAND: POST /session/73a4fd280a32fd38d4d0602b1d656d13/element - {"using":"xpath","value":"//span[contains(text(), \"PM Order\")]"}
COMMAND: GET /session/73a4fd280a32fd38d4d0602b1d656d13/screenshot - {}
RESULT: {"using":"xpath","value":"//span[contains(text(), \"PM Order\")]"}
COMMAND: POST /session/73a4fd280a32fd38d4d0602b1d656d13/element/f.8A8223F9DEA97DA973980CAD3BB2ACE0.d.9D74FDB647F61A15691A6BFFCDA84BB4.e.3032/click - {}
RESULT: {}
RESULT: {}
COMMAND: GET /session/73a4fd280a32fd38d4d0602b1d656d13/screenshot - {}
RESULT: {}
COMMAND: POST /session/73a4fd280a32fd38d4d0602b1d656d13/element - {"using":"xpath","value":"//td/div/div/div/span[contains(@id, \"newResourceUnit--RUTimeSegment-0-vhi\")][1]"}
RESULT: {"using":"xpath","value":"//td/div/div/div/span[contains(@id, \"newResourceUnit--RUTimeSegment-0-vhi\")][1]"}
COMMAND: GET /session/73a4fd280a32fd38d4d0602b1d656d13/element/f.8A8223F9DEA97DA973980CAD3BB2ACE0.d.9D74FDB647F61A15691A6BFFCDA84BB4.e.3036/rect - {}
RESULT: {}
COMMAND: GET /session/73a4fd280a32fd38d4d0602b1d656d13/window/rect - {}
RESULT: {}
COMMAND: POST /session/73a4fd280a32fd38d4d0602b1d656d13/execute/sync - {"script":"<script> [92 bytes]","args":[]}
RESULT: {"script":"<script> [92 bytes]","args":[]}
COMMAND: POST /session/73a4fd280a32fd38d4d0602b1d656d13/actions - {"actions":[{"id":"action8","type":"wheel","parameters":{},"actions":[{"type":"scroll","x":-1888,"y":-24,"deltaX":0,"deltaY":0,"duration":0,"origin":{"element-6066-11e4-a52e-4f735466cecf":"f.8A8223F9DEA97DA973980CAD3BB2ACE0.d.9D74FDB647F61A15691A6BFFCDA84BB4.e.3036"}}]}]}
COMMAND: GET /session/73a4fd280a32fd38d4d0602b1d656d13/screenshot - {}
RESULT: {}
COMMAND: POST /session/73a4fd280a32fd38d4d0602b1d656d13/execute/sync - {"script":"<script> [79 bytes]","args":[{"element-6066-11e4-a52e-4f735466cecf":"f.8A8223F9DEA97DA973980CAD3BB2ACE0.d.9D74FDB647F61A15691A6BFFCDA84BB4.e.3036","ELEMENT":"f.8A8223F9DEA97DA973980CAD3BB2ACE0.d.9D74FDB647F61A15691A6BFFCDA84BB4.e.3036"},{"block":"start","inline":"nearest"}]}
RESULT: {"script":"<script> [79 bytes]","args":[{"element-6066-11e4-a52e-4f735466cecf":"f.8A8223F9DEA97DA973980CAD3BB2ACE0.d.9D74FDB647F61A15691A6BFFCDA84BB4.e.3036","ELEMENT":"f.8A8223F9DEA97DA973980CAD3BB2ACE0.d.9D74FDB647F61A15691A6BFFCDA84BB4.e.3036"},{"block":"start","inline":"nearest"}]}
COMMAND: GET /session/73a4fd280a32fd38d4d0602b1d656d13/screenshot - {}
RESULT: {}
COMMAND: POST /session/73a4fd280a32fd38d4d0602b1d656d13/element/f.8A8223F9DEA97DA973980CAD3BB2ACE0.d.9D74FDB647F61A15691A6BFFCDA84BB4.e.3036/click - {}
RESULT: {}
COMMAND: GET /session/73a4fd280a32fd38d4d0602b1d656d13/screenshot - {}
RESULT: {}
COMMAND: POST /session/73a4fd280a32fd38d4d0602b1d656d13/execute/async - {"script":"<script> [1562 bytes]","args":[{"selector":{"controlType":"sap.m.SearchField","properties":{"placeholder":"Search"},"searchOpenDialogs":true,"interaction":{"idSuffix":"I"}},"wdio_ui5_key":"sapm.SearchField{\"placeholder\":\"Search\"}"}]}
RESULT: {"script":"<script> [1562 bytes]","args":[{"selector":{"controlType":"sap.m.SearchField","properties":{"placeholder":"Search"},"searchOpenDialogs":true,"interaction":{"idSuffix":"I"}},"wdio_ui5_key":"sapm.SearchField{\"placeholder\":\"Search\"}"}]}
RESULT: undefined
COMMAND: POST /session/73a4fd280a32fd38d4d0602b1d656d13/execute/async - {"script":"<script> [776 bytes]","args":[{"enterText":"4000360","selector":{"controlType":"sap.m.SearchField","properties":{"placeholder":"Search"},"searchOpenDialogs":true,"interaction":{"idSuffix":"I"}},"clearTextFirst":true,"interactionType":"ENTER_TEXT"}]}
RESULT: {"script":"<script> [776 bytes]","args":[{"enterText":"4000360","selector":{"controlType":"sap.m.SearchField","properties":{"placeholder":"Search"},"searchOpenDialogs":true,"interaction":{"idSuffix":"I"}},"clearTextFirst":true,"interactionType":"ENTER_TEXT"}]}
COMMAND: POST /session/73a4fd280a32fd38d4d0602b1d656d13/actions - {"actions":[{"id":"action9","type":"key","parameters":{},"actions":[{"type":"keyDown","value":"î€‡"},{"type":"pause","duration":10},{"type":"keyUp","value":"î€‡"}]}]}
RESULT: {"actions":[{"id":"action9","type":"key","parameters":{},"actions":[{"type":"keyDown","value":"î€‡"},{"type":"pause","duration":10},{"type":"keyUp","value":"î€‡"}]}]}
COMMAND: GET /session/73a4fd280a32fd38d4d0602b1d656d13/screenshot - {}
RESULT: {}
COMMAND: POST /session/73a4fd280a32fd38d4d0602b1d656d13/element - {"using":"xpath","value":"//td/div/span[contains(text(), \"BGL Vehicles\")]"}
RESULT: {"using":"xpath","value":"//td/div/span[contains(text(), \"BGL Vehicles\")]"}
COMMAND: POST /session/73a4fd280a32fd38d4d0602b1d656d13/element/f.8A8223F9DEA97DA973980CAD3BB2ACE0.d.9D74FDB647F61A15691A6BFFCDA84BB4.e.3057/click - {}
RESULT: {}
COMMAND: GET /session/73a4fd280a32fd38d4d0602b1d656d13/screenshot - {}
RESULT: {}
COMMAND: POST /session/73a4fd280a32fd38d4d0602b1d656d13/element - {"using":"xpath","value":"//bdi[contains(text(), \"OK\")]"}
RESULT: {"using":"xpath","value":"//bdi[contains(text(), \"OK\")]"}
COMMAND: POST /session/73a4fd280a32fd38d4d0602b1d656d13/element/f.8A8223F9DEA97DA973980CAD3BB2ACE0.d.9D74FDB647F61A15691A6BFFCDA84BB4.e.3058/click - {}
RESULT: {}
COMMAND: GET /session/73a4fd280a32fd38d4d0602b1d656d13/screenshot - {}
RESULT: {}
COMMAND: POST /session/73a4fd280a32fd38d4d0602b1d656d13/element - {"using":"xpath","value":"//label[contains(@class, 'sapMLabelRequired') and .//bdi[contains(text(), 'Planned Retirement')]]"}
RESULT: {"using":"xpath","value":"//label[contains(@class, 'sapMLabelRequired') and .//bdi[contains(text(), 'Planned Retirement')]]"}
COMMAND: POST /session/73a4fd280a32fd38d4d0602b1d656d13/elements - {"using":"xpath","value":"//label[contains(@class, 'sapMLabelRequired') and .//bdi[contains(text(), 'Planned Retirement')]]"}
RESULT: {"using":"xpath","value":"//label[contains(@class, 'sapMLabelRequired') and .//bdi[contains(text(), 'Planned Retirement')]]"}
COMMAND: POST /session/73a4fd280a32fd38d4d0602b1d656d13/element - {"using":"xpath","value":"//button[@data-kt=\"resourceUnitSaveButton\"]"}
RESULT: {"using":"xpath","value":"//button[@data-kt=\"resourceUnitSaveButton\"]"}
COMMAND: POST /session/73a4fd280a32fd38d4d0602b1d656d13/element/f.8A8223F9DEA97DA973980CAD3BB2ACE0.d.9D74FDB647F61A15691A6BFFCDA84BB4.e.2959/click - {}
RESULT: {}
COMMAND: GET /session/73a4fd280a32fd38d4d0602b1d656d13/screenshot - {}
RESULT: {}
COMMAND: POST /session/73a4fd280a32fd38d4d0602b1d656d13/element - {"using":"xpath","value":"//bdi[contains(text(), \"Close\")]"}
RESULT: {"using":"xpath","value":"//bdi[contains(text(), \"Close\")]"}
COMMAND: POST /session/73a4fd280a32fd38d4d0602b1d656d13/element/f.8A8223F9DEA97DA973980CAD3BB2ACE0.d.9D74FDB647F61A15691A6BFFCDA84BB4.e.3064/click - {}
RESULT: {}
COMMAND: GET /session/73a4fd280a32fd38d4d0602b1d656d13/screenshot - {}
RESULT: {}
COMMAND: POST /session/73a4fd280a32fd38d4d0602b1d656d13/element - {"using":"xpath","value":"//header[contains(@id, 'detailRruPage-headerTitle')]/div[1]/div[2]/div[2]/span[1]"}
RESULT: {"using":"xpath","value":"//header[contains(@id, 'detailRruPage-headerTitle')]/div[1]/div[2]/div[2]/span[1]"}
COMMAND: POST /session/73a4fd280a32fd38d4d0602b1d656d13/elements - {"using":"xpath","value":"//header[contains(@id, 'detailRruPage-headerTitle')]/div[1]/div[2]/div[2]/span[1]"}
RESULT: {"using":"xpath","value":"//header[contains(@id, 'detailRruPage-headerTitle')]/div[1]/div[2]/div[2]/span[1]"}
COMMAND: POST /session/73a4fd280a32fd38d4d0602b1d656d13/execute/sync - {"script":"<script> [56 bytes]","args":[{"element-6066-11e4-a52e-4f735466cecf":"f.8A8223F9DEA97DA973980CAD3BB2ACE0.d.9D74FDB647F61A15691A6BFFCDA84BB4.e.3101","ELEMENT":"f.8A8223F9DEA97DA973980CAD3BB2ACE0.d.9D74FDB647F61A15691A6BFFCDA84BB4.e.3101"}]}
RESULT: {"script":"<script> [56 bytes]","args":[{"element-6066-11e4-a52e-4f735466cecf":"f.8A8223F9DEA97DA973980CAD3BB2ACE0.d.9D74FDB647F61A15691A6BFFCDA84BB4.e.3101","ELEMENT":"f.8A8223F9DEA97DA973980CAD3BB2ACE0.d.9D74FDB647F61A15691A6BFFCDA84BB4.e.3101"}]}
COMMAND: POST /session/73a4fd280a32fd38d4d0602b1d656d13/element - {"using":"css selector","value":"#shell-header-logo"}
COMMAND: GET /session/73a4fd280a32fd38d4d0602b1d656d13/screenshot - {}
RESULT: {"using":"css selector","value":"#shell-header-logo"}
COMMAND: POST /session/73a4fd280a32fd38d4d0602b1d656d13/element/f.8A8223F9DEA97DA973980CAD3BB2ACE0.d.9D74FDB647F61A15691A6BFFCDA84BB4.e.2551/click - {}
RESULT: {}
RESULT: {}
COMMAND: GET /session/73a4fd280a32fd38d4d0602b1d656d13/screenshot - {}
RESULT: {}
]]></system-out>
    </testcase>
    <testcase classname="chrome.136_0_7103_93.windows.Stock_increase_-_with_WHM_US125587" name="Bin Status Report Should Create New Organization yard" time="91.689">
      <system-out><![CDATA[
COMMAND: POST /session/73a4fd280a32fd38d4d0602b1d656d13/execute/async - {"script":"<script> [1562 bytes]","args":[{"selector":{"controlType":"sap.m.GenericTile","properties":{"header":"Bin Status Report"}},"wdio_ui5_key":"sapm.GenericTile{\"header\":\"Bin Status Report\"}"}]}
RESULT: {"script":"<script> [1562 bytes]","args":[{"selector":{"controlType":"sap.m.GenericTile","properties":{"header":"Bin Status Report"}},"wdio_ui5_key":"sapm.GenericTile{\"header\":\"Bin Status Report\"}"}]}
RESULT: undefined
COMMAND: POST /session/73a4fd280a32fd38d4d0602b1d656d13/element - {"using":"xpath","value":"//*[@id=\"__tile104\"]"}
RESULT: {"using":"xpath","value":"//*[@id=\"__tile104\"]"}
COMMAND: POST /session/73a4fd280a32fd38d4d0602b1d656d13/element/f.8A8223F9DEA97DA973980CAD3BB2ACE0.d.9D74FDB647F61A15691A6BFFCDA84BB4.e.3103/click - {}
RESULT: {}
COMMAND: GET /session/73a4fd280a32fd38d4d0602b1d656d13/screenshot - {}
RESULT: {}
COMMAND: POST /session/73a4fd280a32fd38d4d0602b1d656d13/elements - {"using":"xpath","value":"//span[text()='Error']"}
RESULT: {"using":"xpath","value":"//span[text()='Error']"}
COMMAND: POST /session/73a4fd280a32fd38d4d0602b1d656d13/element - {"using":"xpath","value":"//button[@id=\"application-binstatusreport-display-component---warehousing--createOrgBtn\"]"}
RESULT: {"using":"xpath","value":"//button[@id=\"application-binstatusreport-display-component---warehousing--createOrgBtn\"]"}
COMMAND: POST /session/73a4fd280a32fd38d4d0602b1d656d13/elements - {"using":"xpath","value":"//button[@id=\"application-binstatusreport-display-component---warehousing--createOrgBtn\"]"}
RESULT: {"using":"xpath","value":"//button[@id=\"application-binstatusreport-display-component---warehousing--createOrgBtn\"]"}
COMMAND: POST /session/73a4fd280a32fd38d4d0602b1d656d13/execute/sync - {"script":"<script> [8489 bytes]","args":[{"element-6066-11e4-a52e-4f735466cecf":"f.8A8223F9DEA97DA973980CAD3BB2ACE0.d.9D74FDB647F61A15691A6BFFCDA84BB4.e.3162","ELEMENT":"f.8A8223F9DEA97DA973980CAD3BB2ACE0.d.9D74FDB647F61A15691A6BFFCDA84BB4.e.3162"}]}
RESULT: {"script":"<script> [8489 bytes]","args":[{"element-6066-11e4-a52e-4f735466cecf":"f.8A8223F9DEA97DA973980CAD3BB2ACE0.d.9D74FDB647F61A15691A6BFFCDA84BB4.e.3162","ELEMENT":"f.8A8223F9DEA97DA973980CAD3BB2ACE0.d.9D74FDB647F61A15691A6BFFCDA84BB4.e.3162"}]}
COMMAND: GET /session/73a4fd280a32fd38d4d0602b1d656d13/element/f.8A8223F9DEA97DA973980CAD3BB2ACE0.d.9D74FDB647F61A15691A6BFFCDA84BB4.e.3162/enabled - {}
COMMAND: GET /session/73a4fd280a32fd38d4d0602b1d656d13/screenshot - {}
RESULT: {}
COMMAND: POST /session/73a4fd280a32fd38d4d0602b1d656d13/execute/sync - {"script":"<script> [8489 bytes]","args":[{"element-6066-11e4-a52e-4f735466cecf":"f.8A8223F9DEA97DA973980CAD3BB2ACE0.d.9D74FDB647F61A15691A6BFFCDA84BB4.e.3162","ELEMENT":"f.8A8223F9DEA97DA973980CAD3BB2ACE0.d.9D74FDB647F61A15691A6BFFCDA84BB4.e.3162"}]}
COMMAND: GET /session/73a4fd280a32fd38d4d0602b1d656d13/screenshot - {}
RESULT: {}
RESULT: {"script":"<script> [8489 bytes]","args":[{"element-6066-11e4-a52e-4f735466cecf":"f.8A8223F9DEA97DA973980CAD3BB2ACE0.d.9D74FDB647F61A15691A6BFFCDA84BB4.e.3162","ELEMENT":"f.8A8223F9DEA97DA973980CAD3BB2ACE0.d.9D74FDB647F61A15691A6BFFCDA84BB4.e.3162"}]}
COMMAND: POST /session/73a4fd280a32fd38d4d0602b1d656d13/execute/sync - {"script":"<script> [5351 bytes]","args":[{"element-6066-11e4-a52e-4f735466cecf":"f.8A8223F9DEA97DA973980CAD3BB2ACE0.d.9D74FDB647F61A15691A6BFFCDA84BB4.e.3162","ELEMENT":"f.8A8223F9DEA97DA973980CAD3BB2ACE0.d.9D74FDB647F61A15691A6BFFCDA84BB4.e.3162"}]}
COMMAND: GET /session/73a4fd280a32fd38d4d0602b1d656d13/screenshot - {}
RESULT: {}
RESULT: {"script":"<script> [5351 bytes]","args":[{"element-6066-11e4-a52e-4f735466cecf":"f.8A8223F9DEA97DA973980CAD3BB2ACE0.d.9D74FDB647F61A15691A6BFFCDA84BB4.e.3162","ELEMENT":"f.8A8223F9DEA97DA973980CAD3BB2ACE0.d.9D74FDB647F61A15691A6BFFCDA84BB4.e.3162"}]}
COMMAND: GET /session/73a4fd280a32fd38d4d0602b1d656d13/screenshot - {}
RESULT: {}
RESULT: {}
COMMAND: POST /session/73a4fd280a32fd38d4d0602b1d656d13/element/f.8A8223F9DEA97DA973980CAD3BB2ACE0.d.9D74FDB647F61A15691A6BFFCDA84BB4.e.3162/click - {}
RESULT: {}
COMMAND: GET /session/73a4fd280a32fd38d4d0602b1d656d13/screenshot - {}
RESULT: {}
COMMAND: POST /session/73a4fd280a32fd38d4d0602b1d656d13/execute/async - {"script":"<script> [1562 bytes]","args":[{"selector":{"id":"createOrganizationPop--sectionInput","searchOpenDialogs":true,"interaction":{"idSuffix":"inner"}},"wdio_ui5_key":"createOrganizationPopsectionInput"}]}
RESULT: {"script":"<script> [1562 bytes]","args":[{"selector":{"id":"createOrganizationPop--sectionInput","searchOpenDialogs":true,"interaction":{"idSuffix":"inner"}},"wdio_ui5_key":"createOrganizationPopsectionInput"}]}
RESULT: undefined
COMMAND: POST /session/73a4fd280a32fd38d4d0602b1d656d13/execute/async - {"script":"<script> [776 bytes]","args":[{"enterText":"WDIO-403","selector":{"id":"createOrganizationPop--sectionInput","searchOpenDialogs":true,"interaction":{"idSuffix":"inner"}},"clearTextFirst":true,"interactionType":"ENTER_TEXT"}]}
RESULT: {"script":"<script> [776 bytes]","args":[{"enterText":"WDIO-403","selector":{"id":"createOrganizationPop--sectionInput","searchOpenDialogs":true,"interaction":{"idSuffix":"inner"}},"clearTextFirst":true,"interactionType":"ENTER_TEXT"}]}
COMMAND: POST /session/73a4fd280a32fd38d4d0602b1d656d13/execute/async - {"script":"<script> [1562 bytes]","args":[{"selector":{"id":"createOrganizationPop--descriptionInput","searchOpenDialogs":true,"interaction":{"idSuffix":"inner"}},"wdio_ui5_key":"createOrganizationPopdescriptionInput"}]}
RESULT: {"script":"<script> [1562 bytes]","args":[{"selector":{"id":"createOrganizationPop--descriptionInput","searchOpenDialogs":true,"interaction":{"idSuffix":"inner"}},"wdio_ui5_key":"createOrganizationPopdescriptionInput"}]}
RESULT: undefined
COMMAND: POST /session/73a4fd280a32fd38d4d0602b1d656d13/execute/async - {"script":"<script> [776 bytes]","args":[{"enterText":"Shipping-403","selector":{"id":"createOrganizationPop--descriptionInput","searchOpenDialogs":true,"interaction":{"idSuffix":"inner"}},"clearTextFirst":true,"interactionType":"ENTER_TEXT"}]}
RESULT: {"script":"<script> [776 bytes]","args":[{"enterText":"Shipping-403","selector":{"id":"createOrganizationPop--descriptionInput","searchOpenDialogs":true,"interaction":{"idSuffix":"inner"}},"clearTextFirst":true,"interactionType":"ENTER_TEXT"}]}
COMMAND: POST /session/73a4fd280a32fd38d4d0602b1d656d13/element - {"using":"css selector","value":"#createOrganizationPop--yardOrg-inner"}
RESULT: {"using":"css selector","value":"#createOrganizationPop--yardOrg-inner"}
COMMAND: POST /session/73a4fd280a32fd38d4d0602b1d656d13/element/f.8A8223F9DEA97DA973980CAD3BB2ACE0.d.9D74FDB647F61A15691A6BFFCDA84BB4.e.3470/clear - {}
RESULT: {}
COMMAND: POST /session/73a4fd280a32fd38d4d0602b1d656d13/element/f.8A8223F9DEA97DA973980CAD3BB2ACE0.d.9D74FDB647F61A15691A6BFFCDA84BB4.e.3470/value - {"text":"403"}
COMMAND: GET /session/73a4fd280a32fd38d4d0602b1d656d13/screenshot - {}
RESULT: {"text":"403"}
COMMAND: GET /session/73a4fd280a32fd38d4d0602b1d656d13/screenshot - {}
RESULT: {}
RESULT: {}
COMMAND: POST /session/73a4fd280a32fd38d4d0602b1d656d13/actions - {"actions":[{"id":"action10","type":"key","parameters":{},"actions":[{"type":"keyDown","value":"î€‡"},{"type":"pause","duration":10},{"type":"keyUp","value":"î€‡"}]}]}
RESULT: {"actions":[{"id":"action10","type":"key","parameters":{},"actions":[{"type":"keyDown","value":"î€‡"},{"type":"pause","duration":10},{"type":"keyUp","value":"î€‡"}]}]}
COMMAND: POST /session/73a4fd280a32fd38d4d0602b1d656d13/execute/async - {"script":"<script> [1562 bytes]","args":[{"selector":{"id":"createOrganizationPop--grZone","searchOpenDialogs":true,"interaction":{"idSuffix":"CbBg"}},"wdio_ui5_key":"createOrganizationPopgrZone"}]}
COMMAND: GET /session/73a4fd280a32fd38d4d0602b1d656d13/screenshot - {}
RESULT: {"script":"<script> [1562 bytes]","args":[{"selector":{"id":"createOrganizationPop--grZone","searchOpenDialogs":true,"interaction":{"idSuffix":"CbBg"}},"wdio_ui5_key":"createOrganizationPopgrZone"}]}
RESULT: undefined
COMMAND: POST /session/73a4fd280a32fd38d4d0602b1d656d13/element - {"using":"xpath","value":"//*[@id=\"createOrganizationPop--grZone\"]"}
RESULT: {}
RESULT: {"using":"xpath","value":"//*[@id=\"createOrganizationPop--grZone\"]"}
COMMAND: POST /session/73a4fd280a32fd38d4d0602b1d656d13/element/f.8A8223F9DEA97DA973980CAD3BB2ACE0.d.9D74FDB647F61A15691A6BFFCDA84BB4.e.3491/click - {}
RESULT: {}
COMMAND: GET /session/73a4fd280a32fd38d4d0602b1d656d13/screenshot - {}
RESULT: {}
COMMAND: POST /session/73a4fd280a32fd38d4d0602b1d656d13/execute/async - {"script":"<script> [1562 bytes]","args":[{"selector":{"id":"createOrganizationPop--giZone","searchOpenDialogs":true,"interaction":{"idSuffix":"CbBg"}},"wdio_ui5_key":"createOrganizationPopgiZone"}]}
RESULT: {"script":"<script> [1562 bytes]","args":[{"selector":{"id":"createOrganizationPop--giZone","searchOpenDialogs":true,"interaction":{"idSuffix":"CbBg"}},"wdio_ui5_key":"createOrganizationPopgiZone"}]}
RESULT: undefined
COMMAND: POST /session/73a4fd280a32fd38d4d0602b1d656d13/element - {"using":"xpath","value":"//*[@id=\"createOrganizationPop--giZone\"]"}
RESULT: {"using":"xpath","value":"//*[@id=\"createOrganizationPop--giZone\"]"}
COMMAND: POST /session/73a4fd280a32fd38d4d0602b1d656d13/element/f.8A8223F9DEA97DA973980CAD3BB2ACE0.d.9D74FDB647F61A15691A6BFFCDA84BB4.e.3493/click - {}
RESULT: {}
COMMAND: GET /session/73a4fd280a32fd38d4d0602b1d656d13/screenshot - {}
RESULT: {}
COMMAND: POST /session/73a4fd280a32fd38d4d0602b1d656d13/execute/async - {"script":"<script> [1562 bytes]","args":[{"selector":{"id":"createOrganizationPop--binNoInput","searchOpenDialogs":true,"interaction":{"idSuffix":"inner"}},"wdio_ui5_key":"createOrganizationPopbinNoInput"}]}
RESULT: {"script":"<script> [1562 bytes]","args":[{"selector":{"id":"createOrganizationPop--binNoInput","searchOpenDialogs":true,"interaction":{"idSuffix":"inner"}},"wdio_ui5_key":"createOrganizationPopbinNoInput"}]}
RESULT: undefined
COMMAND: POST /session/73a4fd280a32fd38d4d0602b1d656d13/execute/async - {"script":"<script> [776 bytes]","args":[{"enterText":"Bin-Wd","selector":{"id":"createOrganizationPop--binNoInput","searchOpenDialogs":true,"interaction":{"idSuffix":"inner"}},"clearTextFirst":true,"interactionType":"ENTER_TEXT"}]}
RESULT: {"script":"<script> [776 bytes]","args":[{"enterText":"Bin-Wd","selector":{"id":"createOrganizationPop--binNoInput","searchOpenDialogs":true,"interaction":{"idSuffix":"inner"}},"clearTextFirst":true,"interactionType":"ENTER_TEXT"}]}
COMMAND: POST /session/73a4fd280a32fd38d4d0602b1d656d13/execute/async - {"script":"<script> [1562 bytes]","args":[{"selector":{"id":"createOrganizationPop--descriptionId","searchOpenDialogs":true,"interaction":{"idSuffix":"inner"}},"wdio_ui5_key":"createOrganizationPopdescriptionId"}]}
RESULT: {"script":"<script> [1562 bytes]","args":[{"selector":{"id":"createOrganizationPop--descriptionId","searchOpenDialogs":true,"interaction":{"idSuffix":"inner"}},"wdio_ui5_key":"createOrganizationPopdescriptionId"}]}
RESULT: undefined
COMMAND: POST /session/73a4fd280a32fd38d4d0602b1d656d13/execute/async - {"script":"<script> [776 bytes]","args":[{"enterText":"Shipping-Wd","selector":{"id":"createOrganizationPop--descriptionId","searchOpenDialogs":true,"interaction":{"idSuffix":"inner"}},"clearTextFirst":true,"interactionType":"ENTER_TEXT"}]}
RESULT: {"script":"<script> [776 bytes]","args":[{"enterText":"Shipping-Wd","selector":{"id":"createOrganizationPop--descriptionId","searchOpenDialogs":true,"interaction":{"idSuffix":"inner"}},"clearTextFirst":true,"interactionType":"ENTER_TEXT"}]}
COMMAND: POST /session/73a4fd280a32fd38d4d0602b1d656d13/execute/async - {"script":"<script> [1562 bytes]","args":[{"selector":{"controlType":"sap.m.CheckBox","viewName":"etm.portal.ui.binstatusreport.view.MasterWareBins","viewId":"application-binstatusreport-display-component---warehousing","bindingPath":{"path":"","propertyPath":"/ZONE","modelName":"newBin"},"searchOpenDialogs":true,"interaction":{"idSuffix":"CbBg"}},"wdio_ui5_key":"etmportal.ui.binstatusreport.view.MasterWareBinssap.m.CheckBox{\"path\":\"\",\"propertyPath\":\"/ZONE\",\"modelName\":\"newBin\"}"}]}
RESULT: {"script":"<script> [1562 bytes]","args":[{"selector":{"controlType":"sap.m.CheckBox","viewName":"etm.portal.ui.binstatusreport.view.MasterWareBins","viewId":"application-binstatusreport-display-component---warehousing","bindingPath":{"path":"","propertyPath":"/ZONE","modelName":"newBin"},"searchOpenDialogs":true,"interaction":{"idSuffix":"CbBg"}},"wdio_ui5_key":"etmportal.ui.binstatusreport.view.MasterWareBinssap.m.CheckBox{\"path\":\"\",\"propertyPath\":\"/ZONE\",\"modelName\":\"newBin\"}"}]}
RESULT: undefined
COMMAND: POST /session/73a4fd280a32fd38d4d0602b1d656d13/element - {"using":"xpath","value":"//*[@id=\"__box16\"]"}
RESULT: {"using":"xpath","value":"//*[@id=\"__box16\"]"}
COMMAND: POST /session/73a4fd280a32fd38d4d0602b1d656d13/element/f.8A8223F9DEA97DA973980CAD3BB2ACE0.d.9D74FDB647F61A15691A6BFFCDA84BB4.e.3497/click - {}
RESULT: {}
COMMAND: GET /session/73a4fd280a32fd38d4d0602b1d656d13/screenshot - {}
RESULT: {}
COMMAND: POST /session/73a4fd280a32fd38d4d0602b1d656d13/execute/async - {"script":"<script> [1562 bytes]","args":[{"selector":{"id":"createOrganizationPop--binTypesCB","searchOpenDialogs":true,"interaction":{"idSuffix":"inner"}},"wdio_ui5_key":"createOrganizationPopbinTypesCB"}]}
RESULT: {"script":"<script> [1562 bytes]","args":[{"selector":{"id":"createOrganizationPop--binTypesCB","searchOpenDialogs":true,"interaction":{"idSuffix":"inner"}},"wdio_ui5_key":"createOrganizationPopbinTypesCB"}]}
RESULT: undefined
COMMAND: POST /session/73a4fd280a32fd38d4d0602b1d656d13/execute/async - {"script":"<script> [776 bytes]","args":[{"enterText":"1 - General / No capacity check","selector":{"id":"createOrganizationPop--binTypesCB","searchOpenDialogs":true,"interaction":{"idSuffix":"inner"}},"clearTextFirst":true,"interactionType":"ENTER_TEXT"}]}
RESULT: {"script":"<script> [776 bytes]","args":[{"enterText":"1 - General / No capacity check","selector":{"id":"createOrganizationPop--binTypesCB","searchOpenDialogs":true,"interaction":{"idSuffix":"inner"}},"clearTextFirst":true,"interactionType":"ENTER_TEXT"}]}
COMMAND: POST /session/73a4fd280a32fd38d4d0602b1d656d13/actions - {"actions":[{"id":"action11","type":"key","parameters":{},"actions":[{"type":"keyDown","value":"î€‡"},{"type":"pause","duration":10},{"type":"keyUp","value":"î€‡"}]}]}
RESULT: {"actions":[{"id":"action11","type":"key","parameters":{},"actions":[{"type":"keyDown","value":"î€‡"},{"type":"pause","duration":10},{"type":"keyUp","value":"î€‡"}]}]}
COMMAND: GET /session/73a4fd280a32fd38d4d0602b1d656d13/screenshot - {}
RESULT: {}
COMMAND: POST /session/73a4fd280a32fd38d4d0602b1d656d13/execute/async - {"script":"<script> [1562 bytes]","args":[{"selector":{"id":"createOrganizationPop--finishBtn","searchOpenDialogs":true,"interaction":{"idSuffix":"BDI-content"}},"wdio_ui5_key":"createOrganizationPopfinishBtn"}]}
RESULT: {"script":"<script> [1562 bytes]","args":[{"selector":{"id":"createOrganizationPop--finishBtn","searchOpenDialogs":true,"interaction":{"idSuffix":"BDI-content"}},"wdio_ui5_key":"createOrganizationPopfinishBtn"}]}
RESULT: undefined
COMMAND: POST /session/73a4fd280a32fd38d4d0602b1d656d13/element - {"using":"xpath","value":"//*[@id=\"createOrganizationPop--finishBtn\"]"}
RESULT: {"using":"xpath","value":"//*[@id=\"createOrganizationPop--finishBtn\"]"}
COMMAND: POST /session/73a4fd280a32fd38d4d0602b1d656d13/element/f.8A8223F9DEA97DA973980CAD3BB2ACE0.d.9D74FDB647F61A15691A6BFFCDA84BB4.e.3500/click - {}
RESULT: {}
COMMAND: GET /session/73a4fd280a32fd38d4d0602b1d656d13/screenshot - {}
RESULT: {}
COMMAND: POST /session/73a4fd280a32fd38d4d0602b1d656d13/element - {"using":"css selector","value":"#shell-header-logo"}
RESULT: {"using":"css selector","value":"#shell-header-logo"}
COMMAND: POST /session/73a4fd280a32fd38d4d0602b1d656d13/element/f.8A8223F9DEA97DA973980CAD3BB2ACE0.d.9D74FDB647F61A15691A6BFFCDA84BB4.e.3109/click - {}
RESULT: {}
COMMAND: GET /session/73a4fd280a32fd38d4d0602b1d656d13/screenshot - {}
RESULT: {}
]]></system-out>
    </testcase>
    <testcase classname="chrome.136_0_7103_93.windows.Stock_increase_-_with_WHM_US125587" name="Bin Status Report Should Create New Organization for Site" time="75.117">
      <system-out><![CDATA[
RESULT: undefined
COMMAND: POST /session/73a4fd280a32fd38d4d0602b1d656d13/element - {"using":"xpath","value":"//*[@id=\"__tile104\"]"}
RESULT: {"using":"xpath","value":"//*[@id=\"__tile104\"]"}
COMMAND: POST /session/73a4fd280a32fd38d4d0602b1d656d13/element/f.8A8223F9DEA97DA973980CAD3BB2ACE0.d.9D74FDB647F61A15691A6BFFCDA84BB4.e.3103/click - {}
RESULT: {}
COMMAND: GET /session/73a4fd280a32fd38d4d0602b1d656d13/screenshot - {}
COMMAND: POST /session/73a4fd280a32fd38d4d0602b1d656d13/elements - {"using":"xpath","value":"//span[text()='Error']"}
RESULT: {}
RESULT: {"using":"xpath","value":"//span[text()='Error']"}
COMMAND: POST /session/73a4fd280a32fd38d4d0602b1d656d13/element - {"using":"xpath","value":"//button[@id=\"application-binstatusreport-display-component---warehousing--createOrgBtn\"]"}
RESULT: {"using":"xpath","value":"//button[@id=\"application-binstatusreport-display-component---warehousing--createOrgBtn\"]"}
COMMAND: POST /session/73a4fd280a32fd38d4d0602b1d656d13/elements - {"using":"xpath","value":"//button[@id=\"application-binstatusreport-display-component---warehousing--createOrgBtn\"]"}
RESULT: {"using":"xpath","value":"//button[@id=\"application-binstatusreport-display-component---warehousing--createOrgBtn\"]"}
COMMAND: POST /session/73a4fd280a32fd38d4d0602b1d656d13/execute/sync - {"script":"<script> [8489 bytes]","args":[{"element-6066-11e4-a52e-4f735466cecf":"f.8A8223F9DEA97DA973980CAD3BB2ACE0.d.9D74FDB647F61A15691A6BFFCDA84BB4.e.3545","ELEMENT":"f.8A8223F9DEA97DA973980CAD3BB2ACE0.d.9D74FDB647F61A15691A6BFFCDA84BB4.e.3545"}]}
RESULT: {"script":"<script> [8489 bytes]","args":[{"element-6066-11e4-a52e-4f735466cecf":"f.8A8223F9DEA97DA973980CAD3BB2ACE0.d.9D74FDB647F61A15691A6BFFCDA84BB4.e.3545","ELEMENT":"f.8A8223F9DEA97DA973980CAD3BB2ACE0.d.9D74FDB647F61A15691A6BFFCDA84BB4.e.3545"}]}
COMMAND: GET /session/73a4fd280a32fd38d4d0602b1d656d13/element/f.8A8223F9DEA97DA973980CAD3BB2ACE0.d.9D74FDB647F61A15691A6BFFCDA84BB4.e.3545/enabled - {}
COMMAND: GET /session/73a4fd280a32fd38d4d0602b1d656d13/screenshot - {}
RESULT: {}
COMMAND: POST /session/73a4fd280a32fd38d4d0602b1d656d13/execute/sync - {"script":"<script> [8489 bytes]","args":[{"element-6066-11e4-a52e-4f735466cecf":"f.8A8223F9DEA97DA973980CAD3BB2ACE0.d.9D74FDB647F61A15691A6BFFCDA84BB4.e.3545","ELEMENT":"f.8A8223F9DEA97DA973980CAD3BB2ACE0.d.9D74FDB647F61A15691A6BFFCDA84BB4.e.3545"}]}
COMMAND: GET /session/73a4fd280a32fd38d4d0602b1d656d13/screenshot - {}
RESULT: {}
RESULT: {"script":"<script> [8489 bytes]","args":[{"element-6066-11e4-a52e-4f735466cecf":"f.8A8223F9DEA97DA973980CAD3BB2ACE0.d.9D74FDB647F61A15691A6BFFCDA84BB4.e.3545","ELEMENT":"f.8A8223F9DEA97DA973980CAD3BB2ACE0.d.9D74FDB647F61A15691A6BFFCDA84BB4.e.3545"}]}
COMMAND: POST /session/73a4fd280a32fd38d4d0602b1d656d13/execute/sync - {"script":"<script> [5351 bytes]","args":[{"element-6066-11e4-a52e-4f735466cecf":"f.8A8223F9DEA97DA973980CAD3BB2ACE0.d.9D74FDB647F61A15691A6BFFCDA84BB4.e.3545","ELEMENT":"f.8A8223F9DEA97DA973980CAD3BB2ACE0.d.9D74FDB647F61A15691A6BFFCDA84BB4.e.3545"}]}
COMMAND: GET /session/73a4fd280a32fd38d4d0602b1d656d13/screenshot - {}
RESULT: {}
RESULT: {"script":"<script> [5351 bytes]","args":[{"element-6066-11e4-a52e-4f735466cecf":"f.8A8223F9DEA97DA973980CAD3BB2ACE0.d.9D74FDB647F61A15691A6BFFCDA84BB4.e.3545","ELEMENT":"f.8A8223F9DEA97DA973980CAD3BB2ACE0.d.9D74FDB647F61A15691A6BFFCDA84BB4.e.3545"}]}
RESULT: {}
COMMAND: GET /session/73a4fd280a32fd38d4d0602b1d656d13/screenshot - {}
RESULT: {}
COMMAND: POST /session/73a4fd280a32fd38d4d0602b1d656d13/element/f.8A8223F9DEA97DA973980CAD3BB2ACE0.d.9D74FDB647F61A15691A6BFFCDA84BB4.e.3545/click - {}
RESULT: {}
COMMAND: GET /session/73a4fd280a32fd38d4d0602b1d656d13/screenshot - {}
RESULT: {}
RESULT: undefined
COMMAND: POST /session/73a4fd280a32fd38d4d0602b1d656d13/execute/async - {"script":"<script> [776 bytes]","args":[{"enterText":"2179","selector":{"id":"createOrganizationPop--sectionInput","searchOpenDialogs":true,"interaction":{"idSuffix":"inner"}},"clearTextFirst":true,"interactionType":"ENTER_TEXT"}]}
RESULT: {"script":"<script> [776 bytes]","args":[{"enterText":"2179","selector":{"id":"createOrganizationPop--sectionInput","searchOpenDialogs":true,"interaction":{"idSuffix":"inner"}},"clearTextFirst":true,"interactionType":"ENTER_TEXT"}]}
RESULT: undefined
COMMAND: POST /session/73a4fd280a32fd38d4d0602b1d656d13/execute/async - {"script":"<script> [776 bytes]","args":[{"enterText":"WDIO-2179","selector":{"id":"createOrganizationPop--descriptionInput","searchOpenDialogs":true,"interaction":{"idSuffix":"inner"}},"clearTextFirst":true,"interactionType":"ENTER_TEXT"}]}
RESULT: {"script":"<script> [776 bytes]","args":[{"enterText":"WDIO-2179","selector":{"id":"createOrganizationPop--descriptionInput","searchOpenDialogs":true,"interaction":{"idSuffix":"inner"}},"clearTextFirst":true,"interactionType":"ENTER_TEXT"}]}
COMMAND: POST /session/73a4fd280a32fd38d4d0602b1d656d13/element - {"using":"css selector","value":"#createOrganizationPop--siteOrg-inner"}
RESULT: {"using":"css selector","value":"#createOrganizationPop--siteOrg-inner"}
COMMAND: POST /session/73a4fd280a32fd38d4d0602b1d656d13/element/f.8A8223F9DEA97DA973980CAD3BB2ACE0.d.9D74FDB647F61A15691A6BFFCDA84BB4.e.3584/clear - {}
RESULT: {}
COMMAND: POST /session/73a4fd280a32fd38d4d0602b1d656d13/element/f.8A8223F9DEA97DA973980CAD3BB2ACE0.d.9D74FDB647F61A15691A6BFFCDA84BB4.e.3584/value - {"text":"2179"}
COMMAND: GET /session/73a4fd280a32fd38d4d0602b1d656d13/screenshot - {}
RESULT: {"text":"2179"}
COMMAND: GET /session/73a4fd280a32fd38d4d0602b1d656d13/screenshot - {}
RESULT: {}
RESULT: {}
COMMAND: POST /session/73a4fd280a32fd38d4d0602b1d656d13/actions - {"actions":[{"id":"action12","type":"key","parameters":{},"actions":[{"type":"keyDown","value":"î€‡"},{"type":"pause","duration":10},{"type":"keyUp","value":"î€‡"}]}]}
RESULT: {"actions":[{"id":"action12","type":"key","parameters":{},"actions":[{"type":"keyDown","value":"î€‡"},{"type":"pause","duration":10},{"type":"keyUp","value":"î€‡"}]}]}
RESULT: undefined
COMMAND: POST /session/73a4fd280a32fd38d4d0602b1d656d13/element - {"using":"xpath","value":"//*[@id=\"createOrganizationPop--giZone\"]"}
COMMAND: GET /session/73a4fd280a32fd38d4d0602b1d656d13/screenshot - {}
RESULT: {"using":"xpath","value":"//*[@id=\"createOrganizationPop--giZone\"]"}
COMMAND: POST /session/73a4fd280a32fd38d4d0602b1d656d13/element/f.8A8223F9DEA97DA973980CAD3BB2ACE0.d.9D74FDB647F61A15691A6BFFCDA84BB4.e.3602/click - {}
RESULT: {}
RESULT: {}
COMMAND: GET /session/73a4fd280a32fd38d4d0602b1d656d13/screenshot - {}
RESULT: {}
RESULT: undefined
COMMAND: POST /session/73a4fd280a32fd38d4d0602b1d656d13/execute/async - {"script":"<script> [776 bytes]","args":[{"enterText":"WD-BIN","selector":{"id":"createOrganizationPop--binNoInput","searchOpenDialogs":true,"interaction":{"idSuffix":"inner"}},"clearTextFirst":true,"interactionType":"ENTER_TEXT"}]}
RESULT: {"script":"<script> [776 bytes]","args":[{"enterText":"WD-BIN","selector":{"id":"createOrganizationPop--binNoInput","searchOpenDialogs":true,"interaction":{"idSuffix":"inner"}},"clearTextFirst":true,"interactionType":"ENTER_TEXT"}]}
RESULT: undefined
COMMAND: POST /session/73a4fd280a32fd38d4d0602b1d656d13/execute/async - {"script":"<script> [776 bytes]","args":[{"enterText":"WD-BIN","selector":{"id":"createOrganizationPop--descriptionId","searchOpenDialogs":true,"interaction":{"idSuffix":"inner"}},"clearTextFirst":true,"interactionType":"ENTER_TEXT"}]}
RESULT: {"script":"<script> [776 bytes]","args":[{"enterText":"WD-BIN","selector":{"id":"createOrganizationPop--descriptionId","searchOpenDialogs":true,"interaction":{"idSuffix":"inner"}},"clearTextFirst":true,"interactionType":"ENTER_TEXT"}]}
COMMAND: POST /session/73a4fd280a32fd38d4d0602b1d656d13/execute/async - {"script":"<script> [1562 bytes]","args":[{"selector":{"controlType":"sap.m.CheckBox","viewName":"etm.portal.ui.binstatusreport.view.MasterWareBins","viewId":"application-binstatusreport-display-component---warehousing","bindingPath":{"propertyPath":"/ZONE","modelName":"newBin"},"searchOpenDialogs":true,"interaction":{"idSuffix":"CbBg"}},"wdio_ui5_key":"etmportal.ui.binstatusreport.view.MasterWareBinssap.m.CheckBox{\"propertyPath\":\"/ZONE\",\"modelName\":\"newBin\"}"}]}
RESULT: {"script":"<script> [1562 bytes]","args":[{"selector":{"controlType":"sap.m.CheckBox","viewName":"etm.portal.ui.binstatusreport.view.MasterWareBins","viewId":"application-binstatusreport-display-component---warehousing","bindingPath":{"propertyPath":"/ZONE","modelName":"newBin"},"searchOpenDialogs":true,"interaction":{"idSuffix":"CbBg"}},"wdio_ui5_key":"etmportal.ui.binstatusreport.view.MasterWareBinssap.m.CheckBox{\"propertyPath\":\"/ZONE\",\"modelName\":\"newBin\"}"}]}
RESULT: undefined
COMMAND: POST /session/73a4fd280a32fd38d4d0602b1d656d13/element - {"using":"xpath","value":"//*[@id=\"__box28\"]"}
RESULT: {"using":"xpath","value":"//*[@id=\"__box28\"]"}
COMMAND: POST /session/73a4fd280a32fd38d4d0602b1d656d13/element/f.8A8223F9DEA97DA973980CAD3BB2ACE0.d.9D74FDB647F61A15691A6BFFCDA84BB4.e.3604/click - {}
RESULT: {}
COMMAND: GET /session/73a4fd280a32fd38d4d0602b1d656d13/screenshot - {}
RESULT: {}
RESULT: undefined
COMMAND: POST /session/73a4fd280a32fd38d4d0602b1d656d13/execute/async - {"script":"<script> [776 bytes]","args":[{"enterText":"1 - General / No capacity check","selector":{"id":"createOrganizationPop--binTypesCB","searchOpenDialogs":true,"interaction":{"idSuffix":"inner"}},"clearTextFirst":true,"interactionType":"ENTER_TEXT"}]}
RESULT: {"script":"<script> [776 bytes]","args":[{"enterText":"1 - General / No capacity check","selector":{"id":"createOrganizationPop--binTypesCB","searchOpenDialogs":true,"interaction":{"idSuffix":"inner"}},"clearTextFirst":true,"interactionType":"ENTER_TEXT"}]}
COMMAND: POST /session/73a4fd280a32fd38d4d0602b1d656d13/execute/async - {"script":"<script> [1562 bytes]","args":[{"selector":{"id":"createOrganizationPop--capacityId","searchOpenDialogs":true,"interaction":{"idSuffix":"inner"}},"wdio_ui5_key":"createOrganizationPopcapacityId"}]}
RESULT: {"script":"<script> [1562 bytes]","args":[{"selector":{"id":"createOrganizationPop--capacityId","searchOpenDialogs":true,"interaction":{"idSuffix":"inner"}},"wdio_ui5_key":"createOrganizationPopcapacityId"}]}
RESULT: undefined
COMMAND: POST /session/73a4fd280a32fd38d4d0602b1d656d13/actions - {"actions":[{"id":"action13","type":"key","parameters":{},"actions":[{"type":"keyDown","value":"î€‡"},{"type":"pause","duration":10},{"type":"keyUp","value":"î€‡"}]}]}
RESULT: {"actions":[{"id":"action13","type":"key","parameters":{},"actions":[{"type":"keyDown","value":"î€‡"},{"type":"pause","duration":10},{"type":"keyUp","value":"î€‡"}]}]}
COMMAND: GET /session/73a4fd280a32fd38d4d0602b1d656d13/screenshot - {}
RESULT: {}
RESULT: undefined
COMMAND: POST /session/73a4fd280a32fd38d4d0602b1d656d13/element - {"using":"xpath","value":"//*[@id=\"createOrganizationPop--finishBtn\"]"}
RESULT: {"using":"xpath","value":"//*[@id=\"createOrganizationPop--finishBtn\"]"}
COMMAND: POST /session/73a4fd280a32fd38d4d0602b1d656d13/element/f.8A8223F9DEA97DA973980CAD3BB2ACE0.d.9D74FDB647F61A15691A6BFFCDA84BB4.e.3605/click - {}
RESULT: {}
COMMAND: GET /session/73a4fd280a32fd38d4d0602b1d656d13/screenshot - {}
RESULT: {}
COMMAND: POST /session/73a4fd280a32fd38d4d0602b1d656d13/element - {"using":"css selector","value":"#shell-header-logo"}
RESULT: {"using":"css selector","value":"#shell-header-logo"}
COMMAND: POST /session/73a4fd280a32fd38d4d0602b1d656d13/element/f.8A8223F9DEA97DA973980CAD3BB2ACE0.d.9D74FDB647F61A15691A6BFFCDA84BB4.e.3509/click - {}
RESULT: {}
COMMAND: GET /session/73a4fd280a32fd38d4d0602b1d656d13/screenshot - {}
RESULT: {}
]]></system-out>
    </testcase>
    <testcase classname="chrome.136_0_7103_93.windows.Stock_increase_-_with_WHM_US125587" name="Create a Warehouse Movement for created yard" time="50.026">
      <system-out><![CDATA[
COMMAND: POST /session/73a4fd280a32fd38d4d0602b1d656d13/execute/async - {"script":"<script> [1562 bytes]","args":[{"selector":{"controlType":"sap.m.GenericTile","properties":{"header":"Manage Warehouse Movements"}},"wdio_ui5_key":"sapm.GenericTile{\"header\":\"Manage Warehouse Movements\"}"}]}
RESULT: {"script":"<script> [1562 bytes]","args":[{"selector":{"controlType":"sap.m.GenericTile","properties":{"header":"Manage Warehouse Movements"}},"wdio_ui5_key":"sapm.GenericTile{\"header\":\"Manage Warehouse Movements\"}"}]}
RESULT: undefined
COMMAND: POST /session/73a4fd280a32fd38d4d0602b1d656d13/element - {"using":"xpath","value":"//*[@id=\"__tile105\"]"}
RESULT: {"using":"xpath","value":"//*[@id=\"__tile105\"]"}
COMMAND: POST /session/73a4fd280a32fd38d4d0602b1d656d13/element/f.8A8223F9DEA97DA973980CAD3BB2ACE0.d.9D74FDB647F61A15691A6BFFCDA84BB4.e.3625/click - {}
RESULT: {}
COMMAND: GET /session/73a4fd280a32fd38d4d0602b1d656d13/screenshot - {}
RESULT: {}
COMMAND: POST /session/73a4fd280a32fd38d4d0602b1d656d13/elements - {"using":"xpath","value":"//span[text()='Error']"}
RESULT: {"using":"xpath","value":"//span[text()='Error']"}
COMMAND: POST /session/73a4fd280a32fd38d4d0602b1d656d13/element - {"using":"xpath","value":"//input[@id='application-warehousemovements-display-component---warehouseMovements--smartFilterBar-filterItemControl_BASIC-YARD-inner']"}
RESULT: {"using":"xpath","value":"//input[@id='application-warehousemovements-display-component---warehouseMovements--smartFilterBar-filterItemControl_BASIC-YARD-inner']"}
COMMAND: POST /session/73a4fd280a32fd38d4d0602b1d656d13/elements - {"using":"xpath","value":"//input[@id='application-warehousemovements-display-component---warehouseMovements--smartFilterBar-filterItemControl_BASIC-YARD-inner']"}
RESULT: {"using":"xpath","value":"//input[@id='application-warehousemovements-display-component---warehouseMovements--smartFilterBar-filterItemControl_BASIC-YARD-inner']"}
COMMAND: POST /session/73a4fd280a32fd38d4d0602b1d656d13/elements - {"using":"xpath","value":"//input[@id='application-warehousemovements-display-component---warehouseMovements--smartFilterBar-filterItemControl_BASIC-YARD-inner']"}
RESULT: {"using":"xpath","value":"//input[@id='application-warehousemovements-display-component---warehouseMovements--smartFilterBar-filterItemControl_BASIC-YARD-inner']"}
COMMAND: POST /session/73a4fd280a32fd38d4d0602b1d656d13/element - {"using":"xpath","value":"//input[@id='application-warehousemovements-display-component---warehouseMovements--smartFilterBar-filterItemControl_BASIC-YARD-inner']"}
RESULT: {"using":"xpath","value":"//input[@id='application-warehousemovements-display-component---warehouseMovements--smartFilterBar-filterItemControl_BASIC-YARD-inner']"}
COMMAND: POST /session/73a4fd280a32fd38d4d0602b1d656d13/execute/sync - {"script":"<script> [8489 bytes]","args":[{"element-6066-11e4-a52e-4f735466cecf":"f.8A8223F9DEA97DA973980CAD3BB2ACE0.d.9D74FDB647F61A15691A6BFFCDA84BB4.e.3647","ELEMENT":"f.8A8223F9DEA97DA973980CAD3BB2ACE0.d.9D74FDB647F61A15691A6BFFCDA84BB4.e.3647"}]}
RESULT: {"script":"<script> [8489 bytes]","args":[{"element-6066-11e4-a52e-4f735466cecf":"f.8A8223F9DEA97DA973980CAD3BB2ACE0.d.9D74FDB647F61A15691A6BFFCDA84BB4.e.3647","ELEMENT":"f.8A8223F9DEA97DA973980CAD3BB2ACE0.d.9D74FDB647F61A15691A6BFFCDA84BB4.e.3647"}]}
COMMAND: GET /session/73a4fd280a32fd38d4d0602b1d656d13/element/f.8A8223F9DEA97DA973980CAD3BB2ACE0.d.9D74FDB647F61A15691A6BFFCDA84BB4.e.3647/enabled - {}
COMMAND: GET /session/73a4fd280a32fd38d4d0602b1d656d13/screenshot - {}
RESULT: {}
COMMAND: POST /session/73a4fd280a32fd38d4d0602b1d656d13/execute/sync - {"script":"<script> [8489 bytes]","args":[{"element-6066-11e4-a52e-4f735466cecf":"f.8A8223F9DEA97DA973980CAD3BB2ACE0.d.9D74FDB647F61A15691A6BFFCDA84BB4.e.3647","ELEMENT":"f.8A8223F9DEA97DA973980CAD3BB2ACE0.d.9D74FDB647F61A15691A6BFFCDA84BB4.e.3647"}]}
COMMAND: GET /session/73a4fd280a32fd38d4d0602b1d656d13/screenshot - {}
RESULT: {}
RESULT: {"script":"<script> [8489 bytes]","args":[{"element-6066-11e4-a52e-4f735466cecf":"f.8A8223F9DEA97DA973980CAD3BB2ACE0.d.9D74FDB647F61A15691A6BFFCDA84BB4.e.3647","ELEMENT":"f.8A8223F9DEA97DA973980CAD3BB2ACE0.d.9D74FDB647F61A15691A6BFFCDA84BB4.e.3647"}]}
COMMAND: POST /session/73a4fd280a32fd38d4d0602b1d656d13/execute/sync - {"script":"<script> [5351 bytes]","args":[{"element-6066-11e4-a52e-4f735466cecf":"f.8A8223F9DEA97DA973980CAD3BB2ACE0.d.9D74FDB647F61A15691A6BFFCDA84BB4.e.3647","ELEMENT":"f.8A8223F9DEA97DA973980CAD3BB2ACE0.d.9D74FDB647F61A15691A6BFFCDA84BB4.e.3647"}]}
COMMAND: GET /session/73a4fd280a32fd38d4d0602b1d656d13/screenshot - {}
RESULT: {}
RESULT: {"script":"<script> [5351 bytes]","args":[{"element-6066-11e4-a52e-4f735466cecf":"f.8A8223F9DEA97DA973980CAD3BB2ACE0.d.9D74FDB647F61A15691A6BFFCDA84BB4.e.3647","ELEMENT":"f.8A8223F9DEA97DA973980CAD3BB2ACE0.d.9D74FDB647F61A15691A6BFFCDA84BB4.e.3647"}]}
COMMAND: GET /session/73a4fd280a32fd38d4d0602b1d656d13/screenshot - {}
RESULT: {}
RESULT: {}
COMMAND: POST /session/73a4fd280a32fd38d4d0602b1d656d13/element/f.8A8223F9DEA97DA973980CAD3BB2ACE0.d.9D74FDB647F61A15691A6BFFCDA84BB4.e.3647/clear - {}
RESULT: {}
COMMAND: POST /session/73a4fd280a32fd38d4d0602b1d656d13/element/f.8A8223F9DEA97DA973980CAD3BB2ACE0.d.9D74FDB647F61A15691A6BFFCDA84BB4.e.3647/value - {"text":"403"}
COMMAND: GET /session/73a4fd280a32fd38d4d0602b1d656d13/screenshot - {}
RESULT: {"text":"403"}
COMMAND: POST /session/73a4fd280a32fd38d4d0602b1d656d13/actions - {"actions":[{"id":"action14","type":"key","parameters":{},"actions":[{"type":"keyDown","value":"î€‡"},{"type":"pause","duration":10},{"type":"keyUp","value":"î€‡"}]}]}
COMMAND: GET /session/73a4fd280a32fd38d4d0602b1d656d13/screenshot - {}
RESULT: {}
RESULT: {"actions":[{"id":"action14","type":"key","parameters":{},"actions":[{"type":"keyDown","value":"î€‡"},{"type":"pause","duration":10},{"type":"keyUp","value":"î€‡"}]}]}
COMMAND: GET /session/73a4fd280a32fd38d4d0602b1d656d13/screenshot - {}
RESULT: {}
RESULT: {}
COMMAND: POST /session/73a4fd280a32fd38d4d0602b1d656d13/element - {"using":"xpath","value":"//button[contains(@data-kt, \"MasterMovementAddOverflowToolbarButton\")]"}
RESULT: {"using":"xpath","value":"//button[contains(@data-kt, \"MasterMovementAddOverflowToolbarButton\")]"}
COMMAND: POST /session/73a4fd280a32fd38d4d0602b1d656d13/element/f.8A8223F9DEA97DA973980CAD3BB2ACE0.d.9D74FDB647F61A15691A6BFFCDA84BB4.e.3670/click - {}
RESULT: {}
COMMAND: GET /session/73a4fd280a32fd38d4d0602b1d656d13/screenshot - {}
RESULT: {}
COMMAND: POST /session/73a4fd280a32fd38d4d0602b1d656d13/element - {"using":"xpath","value":"//*[@id=\"application-warehousemovements-display-component---addMovement--sectionsList-arrow\"]"}
RESULT: {"using":"xpath","value":"//*[@id=\"application-warehousemovements-display-component---addMovement--sectionsList-arrow\"]"}
COMMAND: POST /session/73a4fd280a32fd38d4d0602b1d656d13/element/f.8A8223F9DEA97DA973980CAD3BB2ACE0.d.9D74FDB647F61A15691A6BFFCDA84BB4.e.3973/click - {}
RESULT: {}
COMMAND: POST /session/73a4fd280a32fd38d4d0602b1d656d13/actions - {"actions":[{"id":"action15","type":"key","parameters":{},"actions":[{"type":"keyDown","value":"î€•"},{"type":"pause","duration":10},{"type":"keyUp","value":"î€•"}]}]}
COMMAND: GET /session/73a4fd280a32fd38d4d0602b1d656d13/screenshot - {}
RESULT: {"actions":[{"id":"action15","type":"key","parameters":{},"actions":[{"type":"keyDown","value":"î€•"},{"type":"pause","duration":10},{"type":"keyUp","value":"î€•"}]}]}
COMMAND: GET /session/73a4fd280a32fd38d4d0602b1d656d13/screenshot - {}
RESULT: {}
RESULT: {}
COMMAND: POST /session/73a4fd280a32fd38d4d0602b1d656d13/actions - {"actions":[{"id":"action16","type":"key","parameters":{},"actions":[{"type":"keyDown","value":"î€‡"},{"type":"pause","duration":10},{"type":"keyUp","value":"î€‡"}]}]}
RESULT: {"actions":[{"id":"action16","type":"key","parameters":{},"actions":[{"type":"keyDown","value":"î€‡"},{"type":"pause","duration":10},{"type":"keyUp","value":"î€‡"}]}]}
COMMAND: GET /session/73a4fd280a32fd38d4d0602b1d656d13/screenshot - {}
RESULT: {}
COMMAND: POST /session/73a4fd280a32fd38d4d0602b1d656d13/element - {"using":"xpath","value":"//*[@id=\"application-warehousemovements-display-component---addMovement--saveMovementBtn-BDI-content\" and text()=\"Save\"]"}
RESULT: {"using":"xpath","value":"//*[@id=\"application-warehousemovements-display-component---addMovement--saveMovementBtn-BDI-content\" and text()=\"Save\"]"}
COMMAND: POST /session/73a4fd280a32fd38d4d0602b1d656d13/element/f.8A8223F9DEA97DA973980CAD3BB2ACE0.d.9D74FDB647F61A15691A6BFFCDA84BB4.e.3974/click - {}
RESULT: {}
COMMAND: GET /session/73a4fd280a32fd38d4d0602b1d656d13/screenshot - {}
RESULT: {}
COMMAND: POST /session/73a4fd280a32fd38d4d0602b1d656d13/element - {"using":"css selector","value":"#shell-header-logo"}
RESULT: {"using":"css selector","value":"#shell-header-logo"}
COMMAND: POST /session/73a4fd280a32fd38d4d0602b1d656d13/element/f.8A8223F9DEA97DA973980CAD3BB2ACE0.d.9D74FDB647F61A15691A6BFFCDA84BB4.e.3627/click - {}
RESULT: {}
COMMAND: GET /session/73a4fd280a32fd38d4d0602b1d656d13/screenshot - {}
RESULT: {}
]]></system-out>
    </testcase>
    <testcase classname="chrome.136_0_7103_93.windows.Stock_increase_-_with_WHM_US125587" name="Should do a stock increase handover" time="99.312">
      <system-out><![CDATA[
COMMAND: POST /session/73a4fd280a32fd38d4d0602b1d656d13/execute/async - {"script":"<script> [1562 bytes]","args":[{"selector":{"controlType":"sap.m.GenericTile","properties":{"header":"Manage Handovers"}},"wdio_ui5_key":"sapm.GenericTile{\"header\":\"Manage Handovers\"}"}]}
RESULT: {"script":"<script> [1562 bytes]","args":[{"selector":{"controlType":"sap.m.GenericTile","properties":{"header":"Manage Handovers"}},"wdio_ui5_key":"sapm.GenericTile{\"header\":\"Manage Handovers\"}"}]}
RESULT: undefined
COMMAND: POST /session/73a4fd280a32fd38d4d0602b1d656d13/element - {"using":"xpath","value":"//*[@id=\"__tile133\"]"}
RESULT: {"using":"xpath","value":"//*[@id=\"__tile133\"]"}
COMMAND: POST /session/73a4fd280a32fd38d4d0602b1d656d13/element/f.8A8223F9DEA97DA973980CAD3BB2ACE0.d.9D74FDB647F61A15691A6BFFCDA84BB4.e.2500/click - {}
RESULT: {}
COMMAND: GET /session/73a4fd280a32fd38d4d0602b1d656d13/screenshot - {}
RESULT: {}
COMMAND: POST /session/73a4fd280a32fd38d4d0602b1d656d13/elements - {"using":"xpath","value":"//span[text()='Error']"}
RESULT: {"using":"xpath","value":"//span[text()='Error']"}
COMMAND: POST /session/73a4fd280a32fd38d4d0602b1d656d13/element - {"using":"xpath","value":"//button[@data-kt=\"masterHOAddButton\"]"}
RESULT: {"using":"xpath","value":"//button[@data-kt=\"masterHOAddButton\"]"}
COMMAND: POST /session/73a4fd280a32fd38d4d0602b1d656d13/elements - {"using":"xpath","value":"//button[@data-kt=\"masterHOAddButton\"]"}
RESULT: {"using":"xpath","value":"//button[@data-kt=\"masterHOAddButton\"]"}
COMMAND: POST /session/73a4fd280a32fd38d4d0602b1d656d13/elements - {"using":"xpath","value":"//button[@data-kt=\"masterHOAddButton\"]"}
RESULT: {"using":"xpath","value":"//button[@data-kt=\"masterHOAddButton\"]"}
COMMAND: POST /session/73a4fd280a32fd38d4d0602b1d656d13/element - {"using":"xpath","value":"//button[@data-kt=\"masterHOAddButton\"]"}
RESULT: {"using":"xpath","value":"//button[@data-kt=\"masterHOAddButton\"]"}
COMMAND: POST /session/73a4fd280a32fd38d4d0602b1d656d13/execute/sync - {"script":"<script> [8489 bytes]","args":[{"element-6066-11e4-a52e-4f735466cecf":"f.8A8223F9DEA97DA973980CAD3BB2ACE0.d.9D74FDB647F61A15691A6BFFCDA84BB4.e.4071","ELEMENT":"f.8A8223F9DEA97DA973980CAD3BB2ACE0.d.9D74FDB647F61A15691A6BFFCDA84BB4.e.4071"}]}
RESULT: {"script":"<script> [8489 bytes]","args":[{"element-6066-11e4-a52e-4f735466cecf":"f.8A8223F9DEA97DA973980CAD3BB2ACE0.d.9D74FDB647F61A15691A6BFFCDA84BB4.e.4071","ELEMENT":"f.8A8223F9DEA97DA973980CAD3BB2ACE0.d.9D74FDB647F61A15691A6BFFCDA84BB4.e.4071"}]}
COMMAND: GET /session/73a4fd280a32fd38d4d0602b1d656d13/element/f.8A8223F9DEA97DA973980CAD3BB2ACE0.d.9D74FDB647F61A15691A6BFFCDA84BB4.e.4071/enabled - {}
COMMAND: GET /session/73a4fd280a32fd38d4d0602b1d656d13/screenshot - {}
RESULT: {}
COMMAND: POST /session/73a4fd280a32fd38d4d0602b1d656d13/execute/sync - {"script":"<script> [8489 bytes]","args":[{"element-6066-11e4-a52e-4f735466cecf":"f.8A8223F9DEA97DA973980CAD3BB2ACE0.d.9D74FDB647F61A15691A6BFFCDA84BB4.e.4071","ELEMENT":"f.8A8223F9DEA97DA973980CAD3BB2ACE0.d.9D74FDB647F61A15691A6BFFCDA84BB4.e.4071"}]}
COMMAND: GET /session/73a4fd280a32fd38d4d0602b1d656d13/screenshot - {}
RESULT: {}
RESULT: {"script":"<script> [8489 bytes]","args":[{"element-6066-11e4-a52e-4f735466cecf":"f.8A8223F9DEA97DA973980CAD3BB2ACE0.d.9D74FDB647F61A15691A6BFFCDA84BB4.e.4071","ELEMENT":"f.8A8223F9DEA97DA973980CAD3BB2ACE0.d.9D74FDB647F61A15691A6BFFCDA84BB4.e.4071"}]}
COMMAND: POST /session/73a4fd280a32fd38d4d0602b1d656d13/execute/sync - {"script":"<script> [5351 bytes]","args":[{"element-6066-11e4-a52e-4f735466cecf":"f.8A8223F9DEA97DA973980CAD3BB2ACE0.d.9D74FDB647F61A15691A6BFFCDA84BB4.e.4071","ELEMENT":"f.8A8223F9DEA97DA973980CAD3BB2ACE0.d.9D74FDB647F61A15691A6BFFCDA84BB4.e.4071"}]}
COMMAND: GET /session/73a4fd280a32fd38d4d0602b1d656d13/screenshot - {}
RESULT: {}
RESULT: {"script":"<script> [5351 bytes]","args":[{"element-6066-11e4-a52e-4f735466cecf":"f.8A8223F9DEA97DA973980CAD3BB2ACE0.d.9D74FDB647F61A15691A6BFFCDA84BB4.e.4071","ELEMENT":"f.8A8223F9DEA97DA973980CAD3BB2ACE0.d.9D74FDB647F61A15691A6BFFCDA84BB4.e.4071"}]}
COMMAND: POST /session/73a4fd280a32fd38d4d0602b1d656d13/element/f.8A8223F9DEA97DA973980CAD3BB2ACE0.d.9D74FDB647F61A15691A6BFFCDA84BB4.e.4071/click - {}
COMMAND: GET /session/73a4fd280a32fd38d4d0602b1d656d13/screenshot - {}
RESULT: {}
RESULT: {}
COMMAND: GET /session/73a4fd280a32fd38d4d0602b1d656d13/screenshot - {}
COMMAND: POST /session/73a4fd280a32fd38d4d0602b1d656d13/element - {"using":"xpath","value":"//span[contains(@id ,\"AddNewHO--typeSelect-arrow\")]"}
RESULT: {}
RESULT: {}
RESULT: {"using":"xpath","value":"//span[contains(@id ,\"AddNewHO--typeSelect-arrow\")]"}
COMMAND: POST /session/73a4fd280a32fd38d4d0602b1d656d13/element/f.8A8223F9DEA97DA973980CAD3BB2ACE0.d.9D74FDB647F61A15691A6BFFCDA84BB4.e.4431/click - {}
RESULT: {}
COMMAND: GET /session/73a4fd280a32fd38d4d0602b1d656d13/screenshot - {}
RESULT: {}
COMMAND: POST /session/73a4fd280a32fd38d4d0602b1d656d13/element - {"using":"xpath","value":"(//li[contains(text(), \"stock increase yard\")])[1]"}
RESULT: {"using":"xpath","value":"(//li[contains(text(), \"stock increase yard\")])[1]"}
COMMAND: POST /session/73a4fd280a32fd38d4d0602b1d656d13/element/f.8A8223F9DEA97DA973980CAD3BB2ACE0.d.9D74FDB647F61A15691A6BFFCDA84BB4.e.4432/click - {}
RESULT: {}
COMMAND: GET /session/73a4fd280a32fd38d4d0602b1d656d13/screenshot - {}
RESULT: {}
COMMAND: POST /session/73a4fd280a32fd38d4d0602b1d656d13/execute/async - {"script":"<script> [1562 bytes]","args":[{"selector":{"id":"application-managehandovers-display-component---AddNewHO--dueDate","interaction":{"idSuffix":"inner"}},"wdio_ui5_key":"applicationmanagehandovers-display-component---AddNewHO--dueDate"}]}
RESULT: {"script":"<script> [1562 bytes]","args":[{"selector":{"id":"application-managehandovers-display-component---AddNewHO--dueDate","interaction":{"idSuffix":"inner"}},"wdio_ui5_key":"applicationmanagehandovers-display-component---AddNewHO--dueDate"}]}
RESULT: undefined
COMMAND: POST /session/73a4fd280a32fd38d4d0602b1d656d13/execute/async - {"script":"<script> [6424 bytes]","args":[{"element-6066-11e4-a52e-4f735466cecf":"f.8A8223F9DEA97DA973980CAD3BB2ACE0.d.9D74FDB647F61A15691A6BFFCDA84BB4.e.4434"},"setValue",["5/15/25"]]}
RESULT: {"script":"<script> [6424 bytes]","args":[{"element-6066-11e4-a52e-4f735466cecf":"f.8A8223F9DEA97DA973980CAD3BB2ACE0.d.9D74FDB647F61A15691A6BFFCDA84BB4.e.4434"},"setValue",["5/15/25"]]}
COMMAND: POST /session/73a4fd280a32fd38d4d0602b1d656d13/element - {"using":"xpath","value":"//input[@id=\"generalSectionFrg--receiveYard-inner\"]"}
RESULT: {"using":"xpath","value":"//input[@id=\"generalSectionFrg--receiveYard-inner\"]"}
COMMAND: POST /session/73a4fd280a32fd38d4d0602b1d656d13/element/f.8A8223F9DEA97DA973980CAD3BB2ACE0.d.9D74FDB647F61A15691A6BFFCDA84BB4.e.4438/clear - {}
RESULT: {}
COMMAND: POST /session/73a4fd280a32fd38d4d0602b1d656d13/element/f.8A8223F9DEA97DA973980CAD3BB2ACE0.d.9D74FDB647F61A15691A6BFFCDA84BB4.e.4438/value - {"text":"403"}
COMMAND: GET /session/73a4fd280a32fd38d4d0602b1d656d13/screenshot - {}
RESULT: {"text":"403"}
COMMAND: GET /session/73a4fd280a32fd38d4d0602b1d656d13/screenshot - {}
RESULT: {}
RESULT: {}
COMMAND: POST /session/73a4fd280a32fd38d4d0602b1d656d13/element - {"using":"xpath","value":"//li[.//span[text()='403']]"}
RESULT: {"using":"xpath","value":"//li[.//span[text()='403']]"}
COMMAND: POST /session/73a4fd280a32fd38d4d0602b1d656d13/element/f.8A8223F9DEA97DA973980CAD3BB2ACE0.d.9D74FDB647F61A15691A6BFFCDA84BB4.e.4456/click - {}
RESULT: {}
COMMAND: GET /session/73a4fd280a32fd38d4d0602b1d656d13/screenshot - {}
RESULT: {}
COMMAND: POST /session/73a4fd280a32fd38d4d0602b1d656d13/execute/async - {"script":"<script> [1562 bytes]","args":[{"selector":{"id":"application-managehandovers-display-component---AddNewHO--ObjectPageLayout-anchBar-application-managehandovers-display-component---AddNewHO--section4-anchor","interaction":{"idSuffix":"BDI-content"}},"wdio_ui5_key":"applicationmanagehandovers-display-component---AddNewHO--ObjectPageLayout-anchBar-application-managehandovers-display-component---AddNewHO--section4-anchor"}]}
RESULT: {"script":"<script> [1562 bytes]","args":[{"selector":{"id":"application-managehandovers-display-component---AddNewHO--ObjectPageLayout-anchBar-application-managehandovers-display-component---AddNewHO--section4-anchor","interaction":{"idSuffix":"BDI-content"}},"wdio_ui5_key":"applicationmanagehandovers-display-component---AddNewHO--ObjectPageLayout-anchBar-application-managehandovers-display-component---AddNewHO--section4-anchor"}]}
RESULT: undefined
COMMAND: POST /session/73a4fd280a32fd38d4d0602b1d656d13/element - {"using":"xpath","value":"//*[@id=\"application-managehandovers-display-component---AddNewHO--ObjectPageLayout-anchBar-application-managehandovers-display-component---AddNewHO--section4-anchor\"]"}
RESULT: {"using":"xpath","value":"//*[@id=\"application-managehandovers-display-component---AddNewHO--ObjectPageLayout-anchBar-application-managehandovers-display-component---AddNewHO--section4-anchor\"]"}
COMMAND: POST /session/73a4fd280a32fd38d4d0602b1d656d13/element/f.8A8223F9DEA97DA973980CAD3BB2ACE0.d.9D74FDB647F61A15691A6BFFCDA84BB4.e.4458/click - {}
RESULT: {}
COMMAND: POST /session/73a4fd280a32fd38d4d0602b1d656d13/element - {"using":"xpath","value":"//button[@aria-label=\"Add\"]"}
COMMAND: GET /session/73a4fd280a32fd38d4d0602b1d656d13/screenshot - {}
RESULT: {"using":"xpath","value":"//button[@aria-label=\"Add\"]"}
COMMAND: POST /session/73a4fd280a32fd38d4d0602b1d656d13/element/f.8A8223F9DEA97DA973980CAD3BB2ACE0.d.9D74FDB647F61A15691A6BFFCDA84BB4.e.4462/click - {}
RESULT: {}
RESULT: {}
COMMAND: GET /session/73a4fd280a32fd38d4d0602b1d656d13/screenshot - {}
RESULT: {}
COMMAND: POST /session/73a4fd280a32fd38d4d0602b1d656d13/execute/async - {"script":"<script> [1562 bytes]","args":[{"selector":{"id":"application-managehandovers-display-component---AddNewHO--smartFilterBar-btnBasicSearch","searchOpenDialogs":true,"interaction":{"idSuffix":"I"}},"wdio_ui5_key":"applicationmanagehandovers-display-component---AddNewHO--smartFilterBar-btnBasicSearch"}]}
RESULT: {"script":"<script> [1562 bytes]","args":[{"selector":{"id":"application-managehandovers-display-component---AddNewHO--smartFilterBar-btnBasicSearch","searchOpenDialogs":true,"interaction":{"idSuffix":"I"}},"wdio_ui5_key":"applicationmanagehandovers-display-component---AddNewHO--smartFilterBar-btnBasicSearch"}]}
RESULT: undefined
COMMAND: POST /session/73a4fd280a32fd38d4d0602b1d656d13/execute/async - {"script":"<script> [776 bytes]","args":[{"enterText":"200186","selector":{"id":"application-managehandovers-display-component---AddNewHO--smartFilterBar-btnBasicSearch","searchOpenDialogs":true,"interaction":{"idSuffix":"I"}},"clearTextFirst":true,"interactionType":"ENTER_TEXT"}]}
RESULT: {"script":"<script> [776 bytes]","args":[{"enterText":"200186","selector":{"id":"application-managehandovers-display-component---AddNewHO--smartFilterBar-btnBasicSearch","searchOpenDialogs":true,"interaction":{"idSuffix":"I"}},"clearTextFirst":true,"interactionType":"ENTER_TEXT"}]}
COMMAND: POST /session/73a4fd280a32fd38d4d0602b1d656d13/actions - {"actions":[{"id":"action17","type":"key","parameters":{},"actions":[{"type":"keyDown","value":"î€‡"},{"type":"pause","duration":10},{"type":"keyUp","value":"î€‡"}]}]}
RESULT: {"actions":[{"id":"action17","type":"key","parameters":{},"actions":[{"type":"keyDown","value":"î€‡"},{"type":"pause","duration":10},{"type":"keyUp","value":"î€‡"}]}]}
COMMAND: GET /session/73a4fd280a32fd38d4d0602b1d656d13/screenshot - {}
RESULT: {}
COMMAND: POST /session/73a4fd280a32fd38d4d0602b1d656d13/execute/async - {"script":"<script> [1562 bytes]","args":[{"selector":{"id":"application-managehandovers-display-component---AddNewHO--popup-sa","searchOpenDialogs":true,"interaction":{"idSuffix":"CbBg"}},"wdio_ui5_key":"applicationmanagehandovers-display-component---AddNewHO--popup-sa"}]}
RESULT: {"script":"<script> [1562 bytes]","args":[{"selector":{"id":"application-managehandovers-display-component---AddNewHO--popup-sa","searchOpenDialogs":true,"interaction":{"idSuffix":"CbBg"}},"wdio_ui5_key":"applicationmanagehandovers-display-component---AddNewHO--popup-sa"}]}
RESULT: undefined
COMMAND: POST /session/73a4fd280a32fd38d4d0602b1d656d13/element - {"using":"xpath","value":"//*[@id=\"application-managehandovers-display-component---AddNewHO--popup-sa\"]"}
RESULT: {"using":"xpath","value":"//*[@id=\"application-managehandovers-display-component---AddNewHO--popup-sa\"]"}
COMMAND: POST /session/73a4fd280a32fd38d4d0602b1d656d13/element/f.8A8223F9DEA97DA973980CAD3BB2ACE0.d.9D74FDB647F61A15691A6BFFCDA84BB4.e.4616/click - {}
RESULT: {}
COMMAND: GET /session/73a4fd280a32fd38d4d0602b1d656d13/screenshot - {}
RESULT: {}
COMMAND: POST /session/73a4fd280a32fd38d4d0602b1d656d13/element - {"using":"xpath","value":"//bdi[contains(text(), \"Select\")]"}
RESULT: {"using":"xpath","value":"//bdi[contains(text(), \"Select\")]"}
COMMAND: POST /session/73a4fd280a32fd38d4d0602b1d656d13/element/f.8A8223F9DEA97DA973980CAD3BB2ACE0.d.9D74FDB647F61A15691A6BFFCDA84BB4.e.4617/click - {}
RESULT: {}
COMMAND: GET /session/73a4fd280a32fd38d4d0602b1d656d13/screenshot - {}
RESULT: {}
COMMAND: POST /session/73a4fd280a32fd38d4d0602b1d656d13/element - {"using":"xpath","value":"//button[@data-kt=\"AddNewHOSaveButton\"]"}
RESULT: {"using":"xpath","value":"//button[@data-kt=\"AddNewHOSaveButton\"]"}
COMMAND: POST /session/73a4fd280a32fd38d4d0602b1d656d13/element/f.8A8223F9DEA97DA973980CAD3BB2ACE0.d.9D74FDB647F61A15691A6BFFCDA84BB4.e.4621/click - {}
RESULT: {}
COMMAND: GET /session/73a4fd280a32fd38d4d0602b1d656d13/screenshot - {}
COMMAND: POST /session/73a4fd280a32fd38d4d0602b1d656d13/execute/async - {"script":"<script> [1562 bytes]","args":[{"selector":{"id":"receiptDatePicker","viewName":"etm.portal.ui.managehandovers.view.DetailExecuteHO","interaction":{"idSuffix":"inner"}},"wdio_ui5_key":"receiptDatePickeretmportal.ui.managehandovers.view.DetailExecuteHO"}]}
RESULT: {}
RESULT: {"script":"<script> [1562 bytes]","args":[{"selector":{"id":"receiptDatePicker","viewName":"etm.portal.ui.managehandovers.view.DetailExecuteHO","interaction":{"idSuffix":"inner"}},"wdio_ui5_key":"receiptDatePickeretmportal.ui.managehandovers.view.DetailExecuteHO"}]}
RESULT: undefined
COMMAND: POST /session/73a4fd280a32fd38d4d0602b1d656d13/execute/async - {"script":"<script> [6424 bytes]","args":[{"element-6066-11e4-a52e-4f735466cecf":"f.8A8223F9DEA97DA973980CAD3BB2ACE0.d.9D74FDB647F61A15691A6BFFCDA84BB4.e.4642"},"setValue",["5/15/25"]]}
RESULT: {"script":"<script> [6424 bytes]","args":[{"element-6066-11e4-a52e-4f735466cecf":"f.8A8223F9DEA97DA973980CAD3BB2ACE0.d.9D74FDB647F61A15691A6BFFCDA84BB4.e.4642"},"setValue",["5/15/25"]]}
COMMAND: POST /session/73a4fd280a32fd38d4d0602b1d656d13/element - {"using":"xpath","value":"//button[@data-kt=\"PickingTableConfirmAllButton\"]"}
RESULT: {"using":"xpath","value":"//button[@data-kt=\"PickingTableConfirmAllButton\"]"}
COMMAND: POST /session/73a4fd280a32fd38d4d0602b1d656d13/element/f.8A8223F9DEA97DA973980CAD3BB2ACE0.d.9D74FDB647F61A15691A6BFFCDA84BB4.e.4658/click - {}
RESULT: {}
COMMAND: GET /session/73a4fd280a32fd38d4d0602b1d656d13/screenshot - {}
RESULT: {}
COMMAND: POST /session/73a4fd280a32fd38d4d0602b1d656d13/element - {"using":"xpath","value":"//bdi[contains(text(), \"OK\")]"}
RESULT: {"using":"xpath","value":"//bdi[contains(text(), \"OK\")]"}
COMMAND: POST /session/73a4fd280a32fd38d4d0602b1d656d13/element/f.8A8223F9DEA97DA973980CAD3BB2ACE0.d.9D74FDB647F61A15691A6BFFCDA84BB4.e.4660/click - {}
RESULT: {}
COMMAND: GET /session/73a4fd280a32fd38d4d0602b1d656d13/screenshot - {}
RESULT: {}
COMMAND: POST /session/73a4fd280a32fd38d4d0602b1d656d13/element - {"using":"xpath","value":"(//bdi[contains(text(), \"Receive\")])[2]"}
RESULT: {"using":"xpath","value":"(//bdi[contains(text(), \"Receive\")])[2]"}
COMMAND: POST /session/73a4fd280a32fd38d4d0602b1d656d13/element/f.8A8223F9DEA97DA973980CAD3BB2ACE0.d.9D74FDB647F61A15691A6BFFCDA84BB4.e.4662/click - {}
RESULT: {}
COMMAND: GET /session/73a4fd280a32fd38d4d0602b1d656d13/screenshot - {}
RESULT: {}
COMMAND: POST /session/73a4fd280a32fd38d4d0602b1d656d13/element - {"using":"css selector","value":"#shell-header-logo"}
RESULT: {"using":"css selector","value":"#shell-header-logo"}
COMMAND: POST /session/73a4fd280a32fd38d4d0602b1d656d13/element/f.8A8223F9DEA97DA973980CAD3BB2ACE0.d.9D74FDB647F61A15691A6BFFCDA84BB4.e.4042/click - {}
RESULT: {}
COMMAND: GET /session/73a4fd280a32fd38d4d0602b1d656d13/screenshot - {}
RESULT: {}
COMMAND: POST /session/73a4fd280a32fd38d4d0602b1d656d13/element - {"using":"css selector","value":"#j_username"}
COMMAND: POST /session/73a4fd280a32fd38d4d0602b1d656d13/url - {"url":"https://qa-testing-00-live-etm-ui.cfapps.eu10-004.hana.ondemand.com/"}
RESULT: {"using":"css selector","value":"#j_username"}
COMMAND: POST /session/73a4fd280a32fd38d4d0602b1d656d13/element - {"using":"css selector","value":"#j_username"}
RESULT: {"url":"https://qa-testing-00-live-etm-ui.cfapps.eu10-004.hana.ondemand.com/"}
RESULT: undefined
COMMAND: GET /session/73a4fd280a32fd38d4d0602b1d656d13/screenshot - {}
RESULT: {"using":"css selector","value":"#j_username"}
COMMAND: POST /session/73a4fd280a32fd38d4d0602b1d656d13/element - {"using":"css selector","value":"#shell-header-logo"}
RESULT: {}
RESULT: {"using":"css selector","value":"#shell-header-logo"}
COMMAND: POST /session/73a4fd280a32fd38d4d0602b1d656d13/execute/sync - {"script":"<script> [8489 bytes]","args":[{"element-6066-11e4-a52e-4f735466cecf":"f.8A8223F9DEA97DA973980CAD3BB2ACE0.d.18032672BCB5F1D91CBD58839982B775.e.4838","ELEMENT":"f.8A8223F9DEA97DA973980CAD3BB2ACE0.d.18032672BCB5F1D91CBD58839982B775.e.4838"}]}
RESULT: {"script":"<script> [8489 bytes]","args":[{"element-6066-11e4-a52e-4f735466cecf":"f.8A8223F9DEA97DA973980CAD3BB2ACE0.d.18032672BCB5F1D91CBD58839982B775.e.4838","ELEMENT":"f.8A8223F9DEA97DA973980CAD3BB2ACE0.d.18032672BCB5F1D91CBD58839982B775.e.4838"}]}
COMMAND: POST /session/73a4fd280a32fd38d4d0602b1d656d13/element - {"using":"css selector","value":"#shell-header-logo"}
COMMAND: GET /session/73a4fd280a32fd38d4d0602b1d656d13/screenshot - {}
RESULT: {"using":"css selector","value":"#shell-header-logo"}
COMMAND: POST /session/73a4fd280a32fd38d4d0602b1d656d13/execute/sync - {"script":"<script> [8489 bytes]","args":[{"element-6066-11e4-a52e-4f735466cecf":"f.8A8223F9DEA97DA973980CAD3BB2ACE0.d.18032672BCB5F1D91CBD58839982B775.e.4838","ELEMENT":"f.8A8223F9DEA97DA973980CAD3BB2ACE0.d.18032672BCB5F1D91CBD58839982B775.e.4838"}]}
RESULT: {}
RESULT: {"script":"<script> [8489 bytes]","args":[{"element-6066-11e4-a52e-4f735466cecf":"f.8A8223F9DEA97DA973980CAD3BB2ACE0.d.18032672BCB5F1D91CBD58839982B775.e.4838","ELEMENT":"f.8A8223F9DEA97DA973980CAD3BB2ACE0.d.18032672BCB5F1D91CBD58839982B775.e.4838"}]}
COMMAND: POST /session/73a4fd280a32fd38d4d0602b1d656d13/execute/sync - {"script":"<script> [5351 bytes]","args":[{"element-6066-11e4-a52e-4f735466cecf":"f.8A8223F9DEA97DA973980CAD3BB2ACE0.d.18032672BCB5F1D91CBD58839982B775.e.4838","ELEMENT":"f.8A8223F9DEA97DA973980CAD3BB2ACE0.d.18032672BCB5F1D91CBD58839982B775.e.4838"}]}
COMMAND: GET /session/73a4fd280a32fd38d4d0602b1d656d13/screenshot - {}
RESULT: {"script":"<script> [5351 bytes]","args":[{"element-6066-11e4-a52e-4f735466cecf":"f.8A8223F9DEA97DA973980CAD3BB2ACE0.d.18032672BCB5F1D91CBD58839982B775.e.4838","ELEMENT":"f.8A8223F9DEA97DA973980CAD3BB2ACE0.d.18032672BCB5F1D91CBD58839982B775.e.4838"}]}
COMMAND: POST /session/73a4fd280a32fd38d4d0602b1d656d13/element - {"using":"css selector","value":"#shell-header-logo"}
COMMAND: GET /session/73a4fd280a32fd38d4d0602b1d656d13/screenshot - {}
RESULT: {}
RESULT: {"using":"css selector","value":"#shell-header-logo"}
COMMAND: POST /session/73a4fd280a32fd38d4d0602b1d656d13/element/f.8A8223F9DEA97DA973980CAD3BB2ACE0.d.18032672BCB5F1D91CBD58839982B775.e.4838/click - {}
RESULT: {}
RESULT: {}
COMMAND: GET /session/73a4fd280a32fd38d4d0602b1d656d13/screenshot - {}
RESULT: {}
COMMAND: POST /session/73a4fd280a32fd38d4d0602b1d656d13/execute/async - {"script":"<script> [189 bytes]","args":[]}
RESULT: {"script":"<script> [189 bytes]","args":[]}
COMMAND: POST /session/73a4fd280a32fd38d4d0602b1d656d13/execute/async - {"script":"<script> [123 bytes]","args":[]}
RESULT: {"script":"<script> [123 bytes]","args":[]}
COMMAND: POST /session/73a4fd280a32fd38d4d0602b1d656d13/timeouts - {"script":"<number>"}
RESULT: {"script":"<number>"}
COMMAND: GET /session/73a4fd280a32fd38d4d0602b1d656d13/timeouts - {}
RESULT: {}
RESULT: undefined
COMMAND: POST /session/73a4fd280a32fd38d4d0602b1d656d13/execute/async - {"script":"<script> [2676 bytes]","args":[]}
RESULT: {"script":"<script> [2676 bytes]","args":[]}
COMMAND: POST /session/73a4fd280a32fd38d4d0602b1d656d13/execute/async - {"script":"<script> [2342 bytes]","args":[{"protocol":"http","hostname":"0.0.0.0","path":"/","capabilities":{"browserName":"chrome","goog:chromeOptions":{"binary":"C:\\Program Files\\Google\\Chrome\\Application\\chrome.exe","args":["--start-maximized"]}},"logLevel":"warn","connectionRetryTimeout":120000,"connectionRetryCount":3,"logLevels":{},"enableDirectConnect":true,"strictSSL":true,"_":"65 more keys: [\"cacheDir\",\"port\",\"requestedCapabilities\",\"automationProtocol\",\"baseUrl\",\"waitforInterval\",\"waitforTimeout\",\"onReload\",\"beforeCommand\",\"afterCommand\",\"rootDir\",\"specs\",\"suites\",\"exclude\",\"groupLogsByTestSpec\",\"excludeDriverLogs\",\"bail\",\"framework\",\"reporters\",\"services\",\"maxInstances\",\"maxInstancesPerCapability\",\"injectGlobals\",\"filesToWatch\",\"execArgv\",\"runnerEnv\",\"runner\",\"shard\",\"specFileRetries\",\"specFileRetriesDelay\",\"specFileRetriesDeferred\",\"reporterSyncInterval\",\"reporterSyncTimeout\",\"cucumberFeaturesWithLineNumbers\",\"autoCompileOpts\",\"mochaOpts\",\"jasmineOpts\",\"cucumberOpts\",\"onPrepare\",\"onWorkerStart\",\"onWorkerEnd\",\"before\",\"beforeSession\",\"beforeSuite\",\"beforeHook\",\"beforeTest\",\"afterTest\",\"afterHook\",\"afterSuite\",\"afterSession\",\"after\",\"onComplete\",\"beforeAssertion\",\"afterAssertion\",\"beforeFeature\",\"beforeScenario\",\"beforeStep\",\"afterStep\",\"afterScenario\",\"afterFeature\",\"_\",\"suite\",\"$0\",\"ignoredWorkerServices\",\"wdi5\"]"}]}
RESULT: {"script":"<script> [2342 bytes]","args":[{"protocol":"http","hostname":"0.0.0.0","path":"/","capabilities":{"browserName":"chrome","goog:chromeOptions":{"binary":"C:\\Program Files\\Google\\Chrome\\Application\\chrome.exe","args":["--start-maximized"]}},"logLevel":"warn","connectionRetryTimeout":120000,"connectionRetryCount":3,"logLevels":{},"enableDirectConnect":true,"strictSSL":true,"_":"65 more keys: [\"cacheDir\",\"port\",\"requestedCapabilities\",\"automationProtocol\",\"baseUrl\",\"waitforInterval\",\"waitforTimeout\",\"onReload\",\"beforeCommand\",\"afterCommand\",\"rootDir\",\"specs\",\"suites\",\"exclude\",\"groupLogsByTestSpec\",\"excludeDriverLogs\",\"bail\",\"framework\",\"reporters\",\"services\",\"maxInstances\",\"maxInstancesPerCapability\",\"injectGlobals\",\"filesToWatch\",\"execArgv\",\"runnerEnv\",\"runner\",\"shard\",\"specFileRetries\",\"specFileRetriesDelay\",\"specFileRetriesDeferred\",\"reporterSyncInterval\",\"reporterSyncTimeout\",\"cucumberFeaturesWithLineNumbers\",\"autoCompileOpts\",\"mochaOpts\",\"jasmineOpts\",\"cucumberOpts\",\"onPrepare\",\"onWorkerStart\",\"onWorkerEnd\",\"before\",\"beforeSession\",\"beforeSuite\",\"beforeHook\",\"beforeTest\",\"afterTest\",\"afterHook\",\"afterSuite\",\"afterSession\",\"after\",\"onComplete\",\"beforeAssertion\",\"afterAssertion\",\"beforeFeature\",\"beforeScenario\",\"beforeStep\",\"afterStep\",\"afterScenario\",\"afterFeature\",\"_\",\"suite\",\"$0\",\"ignoredWorkerServices\",\"wdi5\"]"}]}
COMMAND: POST /session/73a4fd280a32fd38d4d0602b1d656d13/execute/async - {"script":"<script> [21126 bytes]","args":[35000]}
RESULT: {"script":"<script> [21126 bytes]","args":[35000]}
COMMAND: POST /session/73a4fd280a32fd38d4d0602b1d656d13/window/maximize - {}
RESULT: {}
COMMAND: POST /session/73a4fd280a32fd38d4d0602b1d656d13/execute/async - {"script":"<script> [1562 bytes]","args":[{"selector":{"id":"shell-header","interaction":{"idSuffix":"icon"}},"wdio_ui5_key":"shellheader"}]}
COMMAND: GET /session/73a4fd280a32fd38d4d0602b1d656d13/screenshot - {}
RESULT: {"script":"<script> [1562 bytes]","args":[{"selector":{"id":"shell-header","interaction":{"idSuffix":"icon"}},"wdio_ui5_key":"shellheader"}]}
RESULT: undefined
COMMAND: POST /session/73a4fd280a32fd38d4d0602b1d656d13/window/fullscreen - {}
RESULT: {}
RESULT: {}
]]></system-out>
    </testcase>
  </testsuite>
  <testsuite timestamp="2025-05-15T16:33:55" time="158.89" tests="6" failures="0" errors="0" skipped="0">
    <properties>
      <property name="specId" value="0" />
      <property name="suiteName" value="Provide to Site w/ warehouse management w/ clarification US115878" />
      <property name="capabilities" value="chrome.136_0_7103_93.windows" />
      <property name="file" value="file:///D:/a/1/s/test/specs/HTR/provide-to-site-w-warehouse-w-clarification.spec.js" />
    </properties>
    <testcase classname="chrome.136_0_7103_93.windows.Provide_to_Site_w/_warehouse_management_w/_clarification_US115878" name="Should create a new WHM yard" time="0.277">
      <system-out><![CDATA[
COMMAND: POST /session/73a4fd280a32fd38d4d0602b1d656d13/window/fullscreen - {}
RESULT: {}
]]></system-out>
    </testcase>
    <testcase classname="chrome.136_0_7103_93.windows.Provide_to_Site_w/_warehouse_management_w/_clarification_US115878" name="Should create a new external WHM partner" time="0.005" />
    <testcase classname="chrome.136_0_7103_93.windows.Provide_to_Site_w/_warehouse_management_w/_clarification_US115878" name="Should create a new WHM site" time="0.004" />
    <testcase classname="chrome.136_0_7103_93.windows.Provide_to_Site_w/_warehouse_management_w/_clarification_US115878" name="Should create a new material" time="140.767">
      <system-out><![CDATA[
COMMAND: POST /session/73a4fd280a32fd38d4d0602b1d656d13/execute/async - {"script":"<script> [1562 bytes]","args":[{"selector":{"controlType":"sap.m.GenericTile","properties":{"header":"Manage Resources"}},"wdio_ui5_key":"sapm.GenericTile{\"header\":\"Manage Resources\"}"}]}
RESULT: {"script":"<script> [1562 bytes]","args":[{"selector":{"controlType":"sap.m.GenericTile","properties":{"header":"Manage Resources"}},"wdio_ui5_key":"sapm.GenericTile{\"header\":\"Manage Resources\"}"}]}
RESULT: undefined
COMMAND: POST /session/73a4fd280a32fd38d4d0602b1d656d13/element - {"using":"xpath","value":"//*[@id=\"__tile31\"]"}
RESULT: {"using":"xpath","value":"//*[@id=\"__tile31\"]"}
COMMAND: POST /session/73a4fd280a32fd38d4d0602b1d656d13/element/f.8A8223F9DEA97DA973980CAD3BB2ACE0.d.18032672BCB5F1D91CBD58839982B775.e.4862/click - {}
RESULT: {}
COMMAND: GET /session/73a4fd280a32fd38d4d0602b1d656d13/screenshot - {}
RESULT: {}
COMMAND: POST /session/73a4fd280a32fd38d4d0602b1d656d13/elements - {"using":"xpath","value":"//span[text()='Error']"}
RESULT: {"using":"xpath","value":"//span[text()='Error']"}
COMMAND: POST /session/73a4fd280a32fd38d4d0602b1d656d13/element - {"using":"xpath","value":"//button[@data-kt=\"addNewRUOverflowToolbarButton\"]"}
RESULT: {"using":"xpath","value":"//button[@data-kt=\"addNewRUOverflowToolbarButton\"]"}
COMMAND: POST /session/73a4fd280a32fd38d4d0602b1d656d13/elements - {"using":"xpath","value":"//button[@data-kt=\"addNewRUOverflowToolbarButton\"]"}
RESULT: {"using":"xpath","value":"//button[@data-kt=\"addNewRUOverflowToolbarButton\"]"}
COMMAND: POST /session/73a4fd280a32fd38d4d0602b1d656d13/execute/sync - {"script":"<script> [8489 bytes]","args":[{"element-6066-11e4-a52e-4f735466cecf":"f.8A8223F9DEA97DA973980CAD3BB2ACE0.d.18032672BCB5F1D91CBD58839982B775.e.4988","ELEMENT":"f.8A8223F9DEA97DA973980CAD3BB2ACE0.d.18032672BCB5F1D91CBD58839982B775.e.4988"}]}
RESULT: {"script":"<script> [8489 bytes]","args":[{"element-6066-11e4-a52e-4f735466cecf":"f.8A8223F9DEA97DA973980CAD3BB2ACE0.d.18032672BCB5F1D91CBD58839982B775.e.4988","ELEMENT":"f.8A8223F9DEA97DA973980CAD3BB2ACE0.d.18032672BCB5F1D91CBD58839982B775.e.4988"}]}
COMMAND: GET /session/73a4fd280a32fd38d4d0602b1d656d13/element/f.8A8223F9DEA97DA973980CAD3BB2ACE0.d.18032672BCB5F1D91CBD58839982B775.e.4988/enabled - {}
COMMAND: GET /session/73a4fd280a32fd38d4d0602b1d656d13/screenshot - {}
RESULT: {}
COMMAND: POST /session/73a4fd280a32fd38d4d0602b1d656d13/execute/sync - {"script":"<script> [8489 bytes]","args":[{"element-6066-11e4-a52e-4f735466cecf":"f.8A8223F9DEA97DA973980CAD3BB2ACE0.d.18032672BCB5F1D91CBD58839982B775.e.4988","ELEMENT":"f.8A8223F9DEA97DA973980CAD3BB2ACE0.d.18032672BCB5F1D91CBD58839982B775.e.4988"}]}
COMMAND: GET /session/73a4fd280a32fd38d4d0602b1d656d13/screenshot - {}
RESULT: {}
RESULT: {"script":"<script> [8489 bytes]","args":[{"element-6066-11e4-a52e-4f735466cecf":"f.8A8223F9DEA97DA973980CAD3BB2ACE0.d.18032672BCB5F1D91CBD58839982B775.e.4988","ELEMENT":"f.8A8223F9DEA97DA973980CAD3BB2ACE0.d.18032672BCB5F1D91CBD58839982B775.e.4988"}]}
COMMAND: POST /session/73a4fd280a32fd38d4d0602b1d656d13/execute/sync - {"script":"<script> [5351 bytes]","args":[{"element-6066-11e4-a52e-4f735466cecf":"f.8A8223F9DEA97DA973980CAD3BB2ACE0.d.18032672BCB5F1D91CBD58839982B775.e.4988","ELEMENT":"f.8A8223F9DEA97DA973980CAD3BB2ACE0.d.18032672BCB5F1D91CBD58839982B775.e.4988"}]}
COMMAND: GET /session/73a4fd280a32fd38d4d0602b1d656d13/screenshot - {}
RESULT: {}
RESULT: {"script":"<script> [5351 bytes]","args":[{"element-6066-11e4-a52e-4f735466cecf":"f.8A8223F9DEA97DA973980CAD3BB2ACE0.d.18032672BCB5F1D91CBD58839982B775.e.4988","ELEMENT":"f.8A8223F9DEA97DA973980CAD3BB2ACE0.d.18032672BCB5F1D91CBD58839982B775.e.4988"}]}
COMMAND: POST /session/73a4fd280a32fd38d4d0602b1d656d13/element/f.8A8223F9DEA97DA973980CAD3BB2ACE0.d.18032672BCB5F1D91CBD58839982B775.e.4988/click - {}
COMMAND: GET /session/73a4fd280a32fd38d4d0602b1d656d13/screenshot - {}
RESULT: {}
RESULT: {}
COMMAND: GET /session/73a4fd280a32fd38d4d0602b1d656d13/screenshot - {}
RESULT: {}
COMMAND: POST /session/73a4fd280a32fd38d4d0602b1d656d13/execute/async - {"script":"<script> [1562 bytes]","args":[{"selector":{"id":"application-manageresources-display-component---newResourceUnit--TYPE-arrow"},"wdio_ui5_key":"applicationmanageresources-display-component---newResourceUnit--TYPE-arrow"}]}
RESULT: {}
RESULT: {"script":"<script> [1562 bytes]","args":[{"selector":{"id":"application-manageresources-display-component---newResourceUnit--TYPE-arrow"},"wdio_ui5_key":"applicationmanageresources-display-component---newResourceUnit--TYPE-arrow"}]}
RESULT: undefined
COMMAND: POST /session/73a4fd280a32fd38d4d0602b1d656d13/element - {"using":"xpath","value":"//*[@id=\"application-manageresources-display-component---newResourceUnit--TYPE-arrow\"]"}
RESULT: {"using":"xpath","value":"//*[@id=\"application-manageresources-display-component---newResourceUnit--TYPE-arrow\"]"}
COMMAND: POST /session/73a4fd280a32fd38d4d0602b1d656d13/element/f.8A8223F9DEA97DA973980CAD3BB2ACE0.d.18032672BCB5F1D91CBD58839982B775.e.5160/click - {}
RESULT: {}
COMMAND: POST /session/73a4fd280a32fd38d4d0602b1d656d13/element - {"using":"xpath","value":"//input[@id=\"application-manageresources-display-component---newResourceUnit--TYPE-inner\"]"}
COMMAND: GET /session/73a4fd280a32fd38d4d0602b1d656d13/screenshot - {}
RESULT: {"using":"xpath","value":"//input[@id=\"application-manageresources-display-component---newResourceUnit--TYPE-inner\"]"}
COMMAND: POST /session/73a4fd280a32fd38d4d0602b1d656d13/element/f.8A8223F9DEA97DA973980CAD3BB2ACE0.d.18032672BCB5F1D91CBD58839982B775.e.5047/clear - {}
RESULT: {}
RESULT: {}
COMMAND: POST /session/73a4fd280a32fd38d4d0602b1d656d13/element/f.8A8223F9DEA97DA973980CAD3BB2ACE0.d.18032672BCB5F1D91CBD58839982B775.e.5047/value - {"text":"Material"}
COMMAND: GET /session/73a4fd280a32fd38d4d0602b1d656d13/screenshot - {}
RESULT: {"text":"Material"}
COMMAND: GET /session/73a4fd280a32fd38d4d0602b1d656d13/screenshot - {}
RESULT: {}
RESULT: {}
COMMAND: POST /session/73a4fd280a32fd38d4d0602b1d656d13/actions - {"actions":[{"id":"action18","type":"key","parameters":{},"actions":[{"type":"keyDown","value":"î€‡"},{"type":"pause","duration":10},{"type":"keyUp","value":"î€‡"}]}]}
RESULT: {"actions":[{"id":"action18","type":"key","parameters":{},"actions":[{"type":"keyDown","value":"î€‡"},{"type":"pause","duration":10},{"type":"keyUp","value":"î€‡"}]}]}
COMMAND: POST /session/73a4fd280a32fd38d4d0602b1d656d13/execute/async - {"script":"<script> [1562 bytes]","args":[{"selector":{"id":"application-manageresources-display-component---newResourceUnit--SHORT_TEXT","interaction":{"idSuffix":"inner"}},"wdio_ui5_key":"applicationmanageresources-display-component---newResourceUnit--SHORT_TEXT"}]}
COMMAND: GET /session/73a4fd280a32fd38d4d0602b1d656d13/screenshot - {}
RESULT: {"script":"<script> [1562 bytes]","args":[{"selector":{"id":"application-manageresources-display-component---newResourceUnit--SHORT_TEXT","interaction":{"idSuffix":"inner"}},"wdio_ui5_key":"applicationmanageresources-display-component---newResourceUnit--SHORT_TEXT"}]}
RESULT: undefined
COMMAND: POST /session/73a4fd280a32fd38d4d0602b1d656d13/execute/async - {"script":"<script> [776 bytes]","args":[{"enterText":"Cement WDIO","selector":{"id":"application-manageresources-display-component---newResourceUnit--SHORT_TEXT","interaction":{"idSuffix":"inner"}},"clearTextFirst":true,"interactionType":"ENTER_TEXT"}]}
RESULT: {}
RESULT: {"script":"<script> [776 bytes]","args":[{"enterText":"Cement WDIO","selector":{"id":"application-manageresources-display-component---newResourceUnit--SHORT_TEXT","interaction":{"idSuffix":"inner"}},"clearTextFirst":true,"interactionType":"ENTER_TEXT"}]}
COMMAND: POST /session/73a4fd280a32fd38d4d0602b1d656d13/execute/async - {"script":"<script> [1562 bytes]","args":[{"selector":{"id":"application-manageresources-display-component---newResourceUnit--BASE_UNIT_OF_MEASURE","interaction":{"idSuffix":"inner"}},"wdio_ui5_key":"applicationmanageresources-display-component---newResourceUnit--BASE_UNIT_OF_MEASURE"}]}
RESULT: {"script":"<script> [1562 bytes]","args":[{"selector":{"id":"application-manageresources-display-component---newResourceUnit--BASE_UNIT_OF_MEASURE","interaction":{"idSuffix":"inner"}},"wdio_ui5_key":"applicationmanageresources-display-component---newResourceUnit--BASE_UNIT_OF_MEASURE"}]}
RESULT: undefined
COMMAND: POST /session/73a4fd280a32fd38d4d0602b1d656d13/execute/async - {"script":"<script> [776 bytes]","args":[{"enterText":"Piece","selector":{"id":"application-manageresources-display-component---newResourceUnit--BASE_UNIT_OF_MEASURE","interaction":{"idSuffix":"inner"}},"clearTextFirst":true,"interactionType":"ENTER_TEXT"}]}
RESULT: {"script":"<script> [776 bytes]","args":[{"enterText":"Piece","selector":{"id":"application-manageresources-display-component---newResourceUnit--BASE_UNIT_OF_MEASURE","interaction":{"idSuffix":"inner"}},"clearTextFirst":true,"interactionType":"ENTER_TEXT"}]}
COMMAND: POST /session/73a4fd280a32fd38d4d0602b1d656d13/execute/async - {"script":"<script> [1562 bytes]","args":[{"selector":{"id":"application-manageresources-display-component---newResourceUnit--WEIGHT_UNIT","interaction":{"idSuffix":"inner"}},"wdio_ui5_key":"applicationmanageresources-display-component---newResourceUnit--WEIGHT_UNIT"}]}
RESULT: {"script":"<script> [1562 bytes]","args":[{"selector":{"id":"application-manageresources-display-component---newResourceUnit--WEIGHT_UNIT","interaction":{"idSuffix":"inner"}},"wdio_ui5_key":"applicationmanageresources-display-component---newResourceUnit--WEIGHT_UNIT"}]}
RESULT: undefined
COMMAND: POST /session/73a4fd280a32fd38d4d0602b1d656d13/execute/async - {"script":"<script> [776 bytes]","args":[{"enterText":"Gram","selector":{"id":"application-manageresources-display-component---newResourceUnit--WEIGHT_UNIT","interaction":{"idSuffix":"inner"}},"clearTextFirst":true,"interactionType":"ENTER_TEXT"}]}
RESULT: {"script":"<script> [776 bytes]","args":[{"enterText":"Gram","selector":{"id":"application-manageresources-display-component---newResourceUnit--WEIGHT_UNIT","interaction":{"idSuffix":"inner"}},"clearTextFirst":true,"interactionType":"ENTER_TEXT"}]}
COMMAND: POST /session/73a4fd280a32fd38d4d0602b1d656d13/execute/async - {"script":"<script> [1562 bytes]","args":[{"selector":{"id":"application-manageresources-display-component---newResourceUnit--DIMENSION_UNIT","interaction":{"idSuffix":"inner"}},"wdio_ui5_key":"applicationmanageresources-display-component---newResourceUnit--DIMENSION_UNIT"}]}
RESULT: {"script":"<script> [1562 bytes]","args":[{"selector":{"id":"application-manageresources-display-component---newResourceUnit--DIMENSION_UNIT","interaction":{"idSuffix":"inner"}},"wdio_ui5_key":"applicationmanageresources-display-component---newResourceUnit--DIMENSION_UNIT"}]}
RESULT: undefined
COMMAND: POST /session/73a4fd280a32fd38d4d0602b1d656d13/execute/async - {"script":"<script> [776 bytes]","args":[{"enterText":"Meter","selector":{"id":"application-manageresources-display-component---newResourceUnit--DIMENSION_UNIT","interaction":{"idSuffix":"inner"}},"clearTextFirst":true,"interactionType":"ENTER_TEXT"}]}
RESULT: {"script":"<script> [776 bytes]","args":[{"enterText":"Meter","selector":{"id":"application-manageresources-display-component---newResourceUnit--DIMENSION_UNIT","interaction":{"idSuffix":"inner"}},"clearTextFirst":true,"interactionType":"ENTER_TEXT"}]}
COMMAND: POST /session/73a4fd280a32fd38d4d0602b1d656d13/execute/async - {"script":"<script> [1562 bytes]","args":[{"selector":{"id":"application-manageresources-display-component---newResourceUnit--newRRUPage-anchBar-application-manageresources-display-component---newResourceUnit--control-anchor","interaction":{"idSuffix":"BDI-content"}},"wdio_ui5_key":"applicationmanageresources-display-component---newResourceUnit--newRRUPage-anchBar-application-manageresources-display-component---newResourceUnit--control-anchor"}]}
RESULT: {"script":"<script> [1562 bytes]","args":[{"selector":{"id":"application-manageresources-display-component---newResourceUnit--newRRUPage-anchBar-application-manageresources-display-component---newResourceUnit--control-anchor","interaction":{"idSuffix":"BDI-content"}},"wdio_ui5_key":"applicationmanageresources-display-component---newResourceUnit--newRRUPage-anchBar-application-manageresources-display-component---newResourceUnit--control-anchor"}]}
RESULT: undefined
COMMAND: POST /session/73a4fd280a32fd38d4d0602b1d656d13/element - {"using":"xpath","value":"//*[@id=\"application-manageresources-display-component---newResourceUnit--newRRUPage-anchBar-application-manageresources-display-component---newResourceUnit--control-anchor\"]"}
RESULT: {"using":"xpath","value":"//*[@id=\"application-manageresources-display-component---newResourceUnit--newRRUPage-anchBar-application-manageresources-display-component---newResourceUnit--control-anchor\"]"}
COMMAND: POST /session/73a4fd280a32fd38d4d0602b1d656d13/element/f.8A8223F9DEA97DA973980CAD3BB2ACE0.d.18032672BCB5F1D91CBD58839982B775.e.5225/click - {}
RESULT: {}
COMMAND: POST /session/73a4fd280a32fd38d4d0602b1d656d13/execute/async - {"script":"<script> [1562 bytes]","args":[{"selector":{"id":"application-manageresources-display-component---newResourceUnit--PLANNING_GROUP","interaction":{"idSuffix":"inner"}},"wdio_ui5_key":"applicationmanageresources-display-component---newResourceUnit--PLANNING_GROUP"}]}
COMMAND: GET /session/73a4fd280a32fd38d4d0602b1d656d13/screenshot - {}
RESULT: {"script":"<script> [1562 bytes]","args":[{"selector":{"id":"application-manageresources-display-component---newResourceUnit--PLANNING_GROUP","interaction":{"idSuffix":"inner"}},"wdio_ui5_key":"applicationmanageresources-display-component---newResourceUnit--PLANNING_GROUP"}]}
RESULT: undefined
COMMAND: POST /session/73a4fd280a32fd38d4d0602b1d656d13/execute/async - {"script":"<script> [776 bytes]","args":[{"enterText":"Material","selector":{"id":"application-manageresources-display-component---newResourceUnit--PLANNING_GROUP","interaction":{"idSuffix":"inner"}},"clearTextFirst":true,"interactionType":"ENTER_TEXT"}]}
RESULT: {}
RESULT: {"script":"<script> [776 bytes]","args":[{"enterText":"Material","selector":{"id":"application-manageresources-display-component---newResourceUnit--PLANNING_GROUP","interaction":{"idSuffix":"inner"}},"clearTextFirst":true,"interactionType":"ENTER_TEXT"}]}
COMMAND: POST /session/73a4fd280a32fd38d4d0602b1d656d13/execute/async - {"script":"<script> [1562 bytes]","args":[{"selector":{"id":"application-manageresources-display-component---newResourceUnit--PLANNING_INDICATOR","interaction":{"idSuffix":"inner"}},"wdio_ui5_key":"applicationmanageresources-display-component---newResourceUnit--PLANNING_INDICATOR"}]}
RESULT: {"script":"<script> [1562 bytes]","args":[{"selector":{"id":"application-manageresources-display-component---newResourceUnit--PLANNING_INDICATOR","interaction":{"idSuffix":"inner"}},"wdio_ui5_key":"applicationmanageresources-display-component---newResourceUnit--PLANNING_INDICATOR"}]}
RESULT: undefined
COMMAND: POST /session/73a4fd280a32fd38d4d0602b1d656d13/execute/async - {"script":"<script> [776 bytes]","args":[{"enterText":"10 - infinite","selector":{"id":"application-manageresources-display-component---newResourceUnit--PLANNING_INDICATOR","interaction":{"idSuffix":"inner"}},"clearTextFirst":true,"interactionType":"ENTER_TEXT"}]}
RESULT: {"script":"<script> [776 bytes]","args":[{"enterText":"10 - infinite","selector":{"id":"application-manageresources-display-component---newResourceUnit--PLANNING_INDICATOR","interaction":{"idSuffix":"inner"}},"clearTextFirst":true,"interactionType":"ENTER_TEXT"}]}
COMMAND: POST /session/73a4fd280a32fd38d4d0602b1d656d13/element - {"using":"css selector","value":"#application-manageresources-display-component---newResourceUnit--btnAddTimeSegment"}
RESULT: {"using":"css selector","value":"#application-manageresources-display-component---newResourceUnit--btnAddTimeSegment"}
COMMAND: GET /session/73a4fd280a32fd38d4d0602b1d656d13/element/f.8A8223F9DEA97DA973980CAD3BB2ACE0.d.18032672BCB5F1D91CBD58839982B775.e.5233/rect - {}
RESULT: {}
COMMAND: GET /session/73a4fd280a32fd38d4d0602b1d656d13/window/rect - {}
RESULT: {}
COMMAND: POST /session/73a4fd280a32fd38d4d0602b1d656d13/execute/sync - {"script":"<script> [92 bytes]","args":[]}
RESULT: {"script":"<script> [92 bytes]","args":[]}
COMMAND: POST /session/73a4fd280a32fd38d4d0602b1d656d13/actions - {"actions":[{"id":"action19","type":"wheel","parameters":{},"actions":[{"type":"scroll","x":-1888,"y":-32,"deltaX":0,"deltaY":0,"duration":0,"origin":{"element-6066-11e4-a52e-4f735466cecf":"f.8A8223F9DEA97DA973980CAD3BB2ACE0.d.18032672BCB5F1D91CBD58839982B775.e.5233"}}]}]}
COMMAND: GET /session/73a4fd280a32fd38d4d0602b1d656d13/screenshot - {}
RESULT: {}
COMMAND: POST /session/73a4fd280a32fd38d4d0602b1d656d13/execute/sync - {"script":"<script> [79 bytes]","args":[{"element-6066-11e4-a52e-4f735466cecf":"f.8A8223F9DEA97DA973980CAD3BB2ACE0.d.18032672BCB5F1D91CBD58839982B775.e.5233","ELEMENT":"f.8A8223F9DEA97DA973980CAD3BB2ACE0.d.18032672BCB5F1D91CBD58839982B775.e.5233"},{"block":"start","inline":"nearest"}]}
RESULT: {"script":"<script> [79 bytes]","args":[{"element-6066-11e4-a52e-4f735466cecf":"f.8A8223F9DEA97DA973980CAD3BB2ACE0.d.18032672BCB5F1D91CBD58839982B775.e.5233","ELEMENT":"f.8A8223F9DEA97DA973980CAD3BB2ACE0.d.18032672BCB5F1D91CBD58839982B775.e.5233"},{"block":"start","inline":"nearest"}]}
COMMAND: POST /session/73a4fd280a32fd38d4d0602b1d656d13/execute/async - {"script":"<script> [1562 bytes]","args":[{"selector":{"id":"application-manageresources-display-component---newResourceUnit--btnAddTimeSegment","interaction":{"idSuffix":"inner"}},"wdio_ui5_key":"applicationmanageresources-display-component---newResourceUnit--btnAddTimeSegment"}]}
COMMAND: GET /session/73a4fd280a32fd38d4d0602b1d656d13/screenshot - {}
RESULT: {"script":"<script> [1562 bytes]","args":[{"selector":{"id":"application-manageresources-display-component---newResourceUnit--btnAddTimeSegment","interaction":{"idSuffix":"inner"}},"wdio_ui5_key":"applicationmanageresources-display-component---newResourceUnit--btnAddTimeSegment"}]}
RESULT: undefined
COMMAND: POST /session/73a4fd280a32fd38d4d0602b1d656d13/element - {"using":"xpath","value":"//*[@id=\"application-manageresources-display-component---newResourceUnit--btnAddTimeSegment\"]"}
RESULT: {}
RESULT: {"using":"xpath","value":"//*[@id=\"application-manageresources-display-component---newResourceUnit--btnAddTimeSegment\"]"}
COMMAND: POST /session/73a4fd280a32fd38d4d0602b1d656d13/element/f.8A8223F9DEA97DA973980CAD3BB2ACE0.d.18032672BCB5F1D91CBD58839982B775.e.5233/click - {}
RESULT: {}
COMMAND: GET /session/73a4fd280a32fd38d4d0602b1d656d13/screenshot - {}
RESULT: {}
COMMAND: POST /session/73a4fd280a32fd38d4d0602b1d656d13/element - {"using":"xpath","value":"//input[@id=\"application-manageresources-display-component---newResourceUnit--idRuTSAdmin-application-manageresources-display-component---newResourceUnit--RUTimeSegment-0-inner\"]"}
RESULT: {"using":"xpath","value":"//input[@id=\"application-manageresources-display-component---newResourceUnit--idRuTSAdmin-application-manageresources-display-component---newResourceUnit--RUTimeSegment-0-inner\"]"}
COMMAND: POST /session/73a4fd280a32fd38d4d0602b1d656d13/element/f.8A8223F9DEA97DA973980CAD3BB2ACE0.d.18032672BCB5F1D91CBD58839982B775.e.5238/clear - {}
RESULT: {}
COMMAND: POST /session/73a4fd280a32fd38d4d0602b1d656d13/element/f.8A8223F9DEA97DA973980CAD3BB2ACE0.d.18032672BCB5F1D91CBD58839982B775.e.5238/value - {"text":"403"}
COMMAND: GET /session/73a4fd280a32fd38d4d0602b1d656d13/screenshot - {}
RESULT: {"text":"403"}
COMMAND: GET /session/73a4fd280a32fd38d4d0602b1d656d13/screenshot - {}
RESULT: {}
RESULT: {}
COMMAND: POST /session/73a4fd280a32fd38d4d0602b1d656d13/element - {"using":"xpath","value":"//li[.//span[text()='403']]"}
RESULT: {"using":"xpath","value":"//li[.//span[text()='403']]"}
COMMAND: POST /session/73a4fd280a32fd38d4d0602b1d656d13/element/f.8A8223F9DEA97DA973980CAD3BB2ACE0.d.18032672BCB5F1D91CBD58839982B775.e.5247/click - {}
RESULT: {}
COMMAND: GET /session/73a4fd280a32fd38d4d0602b1d656d13/screenshot - {}
RESULT: {}
COMMAND: POST /session/73a4fd280a32fd38d4d0602b1d656d13/element - {"using":"xpath","value":"(//span[contains(@id, \"-application-manageresources-display-component---newResourceUnit--RUTimeSegment-0-arrow\")])[2]"}
RESULT: {"using":"xpath","value":"(//span[contains(@id, \"-application-manageresources-display-component---newResourceUnit--RUTimeSegment-0-arrow\")])[2]"}
COMMAND: POST /session/73a4fd280a32fd38d4d0602b1d656d13/element/f.8A8223F9DEA97DA973980CAD3BB2ACE0.d.18032672BCB5F1D91CBD58839982B775.e.5248/click - {}
RESULT: {}
COMMAND: POST /session/73a4fd280a32fd38d4d0602b1d656d13/element - {"using":"xpath","value":"//span[contains(text(), \"PM Order\")]"}
COMMAND: GET /session/73a4fd280a32fd38d4d0602b1d656d13/screenshot - {}
RESULT: {"using":"xpath","value":"//span[contains(text(), \"PM Order\")]"}
COMMAND: POST /session/73a4fd280a32fd38d4d0602b1d656d13/element/f.8A8223F9DEA97DA973980CAD3BB2ACE0.d.18032672BCB5F1D91CBD58839982B775.e.5249/click - {}
RESULT: {}
RESULT: {}
COMMAND: GET /session/73a4fd280a32fd38d4d0602b1d656d13/screenshot - {}
RESULT: {}
COMMAND: POST /session/73a4fd280a32fd38d4d0602b1d656d13/element - {"using":"xpath","value":"//td/div/div/div/span[contains(@id, \"newResourceUnit--RUTimeSegment-0-vhi\")][1]"}
RESULT: {"using":"xpath","value":"//td/div/div/div/span[contains(@id, \"newResourceUnit--RUTimeSegment-0-vhi\")][1]"}
COMMAND: GET /session/73a4fd280a32fd38d4d0602b1d656d13/element/f.8A8223F9DEA97DA973980CAD3BB2ACE0.d.18032672BCB5F1D91CBD58839982B775.e.5253/rect - {}
RESULT: {}
COMMAND: GET /session/73a4fd280a32fd38d4d0602b1d656d13/window/rect - {}
RESULT: {}
COMMAND: POST /session/73a4fd280a32fd38d4d0602b1d656d13/execute/sync - {"script":"<script> [92 bytes]","args":[]}
RESULT: {"script":"<script> [92 bytes]","args":[]}
COMMAND: POST /session/73a4fd280a32fd38d4d0602b1d656d13/actions - {"actions":[{"id":"action20","type":"wheel","parameters":{},"actions":[{"type":"scroll","x":-1888,"y":-24,"deltaX":0,"deltaY":0,"duration":0,"origin":{"element-6066-11e4-a52e-4f735466cecf":"f.8A8223F9DEA97DA973980CAD3BB2ACE0.d.18032672BCB5F1D91CBD58839982B775.e.5253"}}]}]}
COMMAND: GET /session/73a4fd280a32fd38d4d0602b1d656d13/screenshot - {}
RESULT: {}
COMMAND: POST /session/73a4fd280a32fd38d4d0602b1d656d13/execute/sync - {"script":"<script> [79 bytes]","args":[{"element-6066-11e4-a52e-4f735466cecf":"f.8A8223F9DEA97DA973980CAD3BB2ACE0.d.18032672BCB5F1D91CBD58839982B775.e.5253","ELEMENT":"f.8A8223F9DEA97DA973980CAD3BB2ACE0.d.18032672BCB5F1D91CBD58839982B775.e.5253"},{"block":"start","inline":"nearest"}]}
RESULT: {"script":"<script> [79 bytes]","args":[{"element-6066-11e4-a52e-4f735466cecf":"f.8A8223F9DEA97DA973980CAD3BB2ACE0.d.18032672BCB5F1D91CBD58839982B775.e.5253","ELEMENT":"f.8A8223F9DEA97DA973980CAD3BB2ACE0.d.18032672BCB5F1D91CBD58839982B775.e.5253"},{"block":"start","inline":"nearest"}]}
COMMAND: GET /session/73a4fd280a32fd38d4d0602b1d656d13/screenshot - {}
RESULT: {}
COMMAND: POST /session/73a4fd280a32fd38d4d0602b1d656d13/element/f.8A8223F9DEA97DA973980CAD3BB2ACE0.d.18032672BCB5F1D91CBD58839982B775.e.5253/click - {}
RESULT: {}
COMMAND: GET /session/73a4fd280a32fd38d4d0602b1d656d13/screenshot - {}
RESULT: {}
COMMAND: POST /session/73a4fd280a32fd38d4d0602b1d656d13/execute/async - {"script":"<script> [1562 bytes]","args":[{"selector":{"controlType":"sap.m.SearchField","properties":{"placeholder":"Search"},"searchOpenDialogs":true,"interaction":{"idSuffix":"I"}},"wdio_ui5_key":"sapm.SearchField{\"placeholder\":\"Search\"}"}]}
RESULT: {"script":"<script> [1562 bytes]","args":[{"selector":{"controlType":"sap.m.SearchField","properties":{"placeholder":"Search"},"searchOpenDialogs":true,"interaction":{"idSuffix":"I"}},"wdio_ui5_key":"sapm.SearchField{\"placeholder\":\"Search\"}"}]}
RESULT: undefined
COMMAND: POST /session/73a4fd280a32fd38d4d0602b1d656d13/execute/async - {"script":"<script> [776 bytes]","args":[{"enterText":"4000360","selector":{"controlType":"sap.m.SearchField","properties":{"placeholder":"Search"},"searchOpenDialogs":true,"interaction":{"idSuffix":"I"}},"clearTextFirst":true,"interactionType":"ENTER_TEXT"}]}
RESULT: {"script":"<script> [776 bytes]","args":[{"enterText":"4000360","selector":{"controlType":"sap.m.SearchField","properties":{"placeholder":"Search"},"searchOpenDialogs":true,"interaction":{"idSuffix":"I"}},"clearTextFirst":true,"interactionType":"ENTER_TEXT"}]}
COMMAND: POST /session/73a4fd280a32fd38d4d0602b1d656d13/actions - {"actions":[{"id":"action21","type":"key","parameters":{},"actions":[{"type":"keyDown","value":"î€‡"},{"type":"pause","duration":10},{"type":"keyUp","value":"î€‡"}]}]}
RESULT: {"actions":[{"id":"action21","type":"key","parameters":{},"actions":[{"type":"keyDown","value":"î€‡"},{"type":"pause","duration":10},{"type":"keyUp","value":"î€‡"}]}]}
COMMAND: GET /session/73a4fd280a32fd38d4d0602b1d656d13/screenshot - {}
RESULT: {}
COMMAND: POST /session/73a4fd280a32fd38d4d0602b1d656d13/element - {"using":"xpath","value":"//td/div/span[contains(text(), \"BGL Vehicles\")]"}
RESULT: {"using":"xpath","value":"//td/div/span[contains(text(), \"BGL Vehicles\")]"}
COMMAND: POST /session/73a4fd280a32fd38d4d0602b1d656d13/element/f.8A8223F9DEA97DA973980CAD3BB2ACE0.d.18032672BCB5F1D91CBD58839982B775.e.5274/click - {}
RESULT: {}
COMMAND: GET /session/73a4fd280a32fd38d4d0602b1d656d13/screenshot - {}
RESULT: {}
COMMAND: POST /session/73a4fd280a32fd38d4d0602b1d656d13/element - {"using":"xpath","value":"//bdi[contains(text(), \"OK\")]"}
RESULT: {"using":"xpath","value":"//bdi[contains(text(), \"OK\")]"}
COMMAND: POST /session/73a4fd280a32fd38d4d0602b1d656d13/element/f.8A8223F9DEA97DA973980CAD3BB2ACE0.d.18032672BCB5F1D91CBD58839982B775.e.5275/click - {}
RESULT: {}
COMMAND: GET /session/73a4fd280a32fd38d4d0602b1d656d13/screenshot - {}
RESULT: {}
COMMAND: POST /session/73a4fd280a32fd38d4d0602b1d656d13/element - {"using":"xpath","value":"//label[contains(@class, 'sapMLabelRequired') and .//bdi[contains(text(), 'Planned Retirement')]]"}
RESULT: {"using":"xpath","value":"//label[contains(@class, 'sapMLabelRequired') and .//bdi[contains(text(), 'Planned Retirement')]]"}
COMMAND: POST /session/73a4fd280a32fd38d4d0602b1d656d13/elements - {"using":"xpath","value":"//label[contains(@class, 'sapMLabelRequired') and .//bdi[contains(text(), 'Planned Retirement')]]"}
RESULT: {"using":"xpath","value":"//label[contains(@class, 'sapMLabelRequired') and .//bdi[contains(text(), 'Planned Retirement')]]"}
COMMAND: POST /session/73a4fd280a32fd38d4d0602b1d656d13/element - {"using":"xpath","value":"//button[@data-kt=\"resourceUnitSaveButton\"]"}
RESULT: {"using":"xpath","value":"//button[@data-kt=\"resourceUnitSaveButton\"]"}
COMMAND: POST /session/73a4fd280a32fd38d4d0602b1d656d13/element/f.8A8223F9DEA97DA973980CAD3BB2ACE0.d.18032672BCB5F1D91CBD58839982B775.e.5177/click - {}
RESULT: {}
COMMAND: GET /session/73a4fd280a32fd38d4d0602b1d656d13/screenshot - {}
RESULT: {}
COMMAND: POST /session/73a4fd280a32fd38d4d0602b1d656d13/element - {"using":"xpath","value":"//bdi[contains(text(), \"Close\")]"}
RESULT: {"using":"xpath","value":"//bdi[contains(text(), \"Close\")]"}
COMMAND: POST /session/73a4fd280a32fd38d4d0602b1d656d13/element/f.8A8223F9DEA97DA973980CAD3BB2ACE0.d.18032672BCB5F1D91CBD58839982B775.e.5282/click - {}
RESULT: {}
COMMAND: GET /session/73a4fd280a32fd38d4d0602b1d656d13/screenshot - {}
RESULT: {}
COMMAND: POST /session/73a4fd280a32fd38d4d0602b1d656d13/element - {"using":"xpath","value":"//header[contains(@id, 'detailRruPage-headerTitle')]/div[1]/div[2]/div[2]/span[1]"}
RESULT: {"using":"xpath","value":"//header[contains(@id, 'detailRruPage-headerTitle')]/div[1]/div[2]/div[2]/span[1]"}
COMMAND: POST /session/73a4fd280a32fd38d4d0602b1d656d13/elements - {"using":"xpath","value":"//header[contains(@id, 'detailRruPage-headerTitle')]/div[1]/div[2]/div[2]/span[1]"}
RESULT: {"using":"xpath","value":"//header[contains(@id, 'detailRruPage-headerTitle')]/div[1]/div[2]/div[2]/span[1]"}
COMMAND: POST /session/73a4fd280a32fd38d4d0602b1d656d13/execute/sync - {"script":"<script> [56 bytes]","args":[{"element-6066-11e4-a52e-4f735466cecf":"f.8A8223F9DEA97DA973980CAD3BB2ACE0.d.18032672BCB5F1D91CBD58839982B775.e.5315","ELEMENT":"f.8A8223F9DEA97DA973980CAD3BB2ACE0.d.18032672BCB5F1D91CBD58839982B775.e.5315"}]}
RESULT: {"script":"<script> [56 bytes]","args":[{"element-6066-11e4-a52e-4f735466cecf":"f.8A8223F9DEA97DA973980CAD3BB2ACE0.d.18032672BCB5F1D91CBD58839982B775.e.5315","ELEMENT":"f.8A8223F9DEA97DA973980CAD3BB2ACE0.d.18032672BCB5F1D91CBD58839982B775.e.5315"}]}
COMMAND: POST /session/73a4fd280a32fd38d4d0602b1d656d13/element - {"using":"css selector","value":"#shell-header-logo"}
COMMAND: GET /session/73a4fd280a32fd38d4d0602b1d656d13/screenshot - {}
RESULT: {"using":"css selector","value":"#shell-header-logo"}
COMMAND: POST /session/73a4fd280a32fd38d4d0602b1d656d13/element/f.8A8223F9DEA97DA973980CAD3BB2ACE0.d.18032672BCB5F1D91CBD58839982B775.e.4838/click - {}
RESULT: {}
RESULT: {}
COMMAND: GET /session/73a4fd280a32fd38d4d0602b1d656d13/screenshot - {}
RESULT: {}
]]></system-out>
    </testcase>
    <testcase classname="chrome.136_0_7103_93.windows.Provide_to_Site_w/_warehouse_management_w/_clarification_US115878" name="Bin Status Report Should Create New Organization yard" time="0.006" />
    <testcase classname="chrome.136_0_7103_93.windows.Provide_to_Site_w/_warehouse_management_w/_clarification_US115878" name="Bin Status Report Should Create New Organization for Site" time="0.004" />
  </testsuite>
  <testsuite timestamp="2025-05-15T16:36:34" time="495.487" tests="6" failures="0" errors="0" skipped="0">
    <properties>
      <property name="specId" value="0" />
      <property name="suiteName" value="Provide to Site w/ warehouse management w clarification" />
      <property name="capabilities" value="chrome.136_0_7103_93.windows" />
      <property name="file" value="file:///D:/a/1/s/test/specs/HTR/provide-to-site-w-warehouse-w-clarification.spec.js" />
    </properties>
    <testcase classname="chrome.136_0_7103_93.windows.Provide_to_Site_w/_warehouse_management_w_clarification" name="Should do a stock increase handover" time="96.189">
      <system-out><![CDATA[
COMMAND: POST /session/73a4fd280a32fd38d4d0602b1d656d13/execute/async - {"script":"<script> [1562 bytes]","args":[{"selector":{"controlType":"sap.m.GenericTile","properties":{"header":"Manage Handovers"}},"wdio_ui5_key":"sapm.GenericTile{\"header\":\"Manage Handovers\"}"}]}
RESULT: {"script":"<script> [1562 bytes]","args":[{"selector":{"controlType":"sap.m.GenericTile","properties":{"header":"Manage Handovers"}},"wdio_ui5_key":"sapm.GenericTile{\"header\":\"Manage Handovers\"}"}]}
RESULT: undefined
COMMAND: POST /session/73a4fd280a32fd38d4d0602b1d656d13/element - {"using":"xpath","value":"//*[@id=\"__tile132\"]"}
RESULT: {"using":"xpath","value":"//*[@id=\"__tile132\"]"}
COMMAND: POST /session/73a4fd280a32fd38d4d0602b1d656d13/element/f.8A8223F9DEA97DA973980CAD3BB2ACE0.d.18032672BCB5F1D91CBD58839982B775.e.4889/click - {}
RESULT: {}
COMMAND: GET /session/73a4fd280a32fd38d4d0602b1d656d13/screenshot - {}
RESULT: {}
COMMAND: POST /session/73a4fd280a32fd38d4d0602b1d656d13/elements - {"using":"xpath","value":"//span[text()='Error']"}
RESULT: {"using":"xpath","value":"//span[text()='Error']"}
COMMAND: POST /session/73a4fd280a32fd38d4d0602b1d656d13/element - {"using":"xpath","value":"//button[@data-kt=\"masterHOAddButton\"]"}
RESULT: {"using":"xpath","value":"//button[@data-kt=\"masterHOAddButton\"]"}
COMMAND: POST /session/73a4fd280a32fd38d4d0602b1d656d13/elements - {"using":"xpath","value":"//button[@data-kt=\"masterHOAddButton\"]"}
RESULT: {"using":"xpath","value":"//button[@data-kt=\"masterHOAddButton\"]"}
COMMAND: POST /session/73a4fd280a32fd38d4d0602b1d656d13/execute/sync - {"script":"<script> [8489 bytes]","args":[{"element-6066-11e4-a52e-4f735466cecf":"f.8A8223F9DEA97DA973980CAD3BB2ACE0.d.18032672BCB5F1D91CBD58839982B775.e.5357","ELEMENT":"f.8A8223F9DEA97DA973980CAD3BB2ACE0.d.18032672BCB5F1D91CBD58839982B775.e.5357"}]}
RESULT: {"script":"<script> [8489 bytes]","args":[{"element-6066-11e4-a52e-4f735466cecf":"f.8A8223F9DEA97DA973980CAD3BB2ACE0.d.18032672BCB5F1D91CBD58839982B775.e.5357","ELEMENT":"f.8A8223F9DEA97DA973980CAD3BB2ACE0.d.18032672BCB5F1D91CBD58839982B775.e.5357"}]}
COMMAND: GET /session/73a4fd280a32fd38d4d0602b1d656d13/element/f.8A8223F9DEA97DA973980CAD3BB2ACE0.d.18032672BCB5F1D91CBD58839982B775.e.5357/enabled - {}
COMMAND: GET /session/73a4fd280a32fd38d4d0602b1d656d13/screenshot - {}
RESULT: {}
COMMAND: POST /session/73a4fd280a32fd38d4d0602b1d656d13/execute/sync - {"script":"<script> [8489 bytes]","args":[{"element-6066-11e4-a52e-4f735466cecf":"f.8A8223F9DEA97DA973980CAD3BB2ACE0.d.18032672BCB5F1D91CBD58839982B775.e.5357","ELEMENT":"f.8A8223F9DEA97DA973980CAD3BB2ACE0.d.18032672BCB5F1D91CBD58839982B775.e.5357"}]}
COMMAND: GET /session/73a4fd280a32fd38d4d0602b1d656d13/screenshot - {}
RESULT: {}
RESULT: {"script":"<script> [8489 bytes]","args":[{"element-6066-11e4-a52e-4f735466cecf":"f.8A8223F9DEA97DA973980CAD3BB2ACE0.d.18032672BCB5F1D91CBD58839982B775.e.5357","ELEMENT":"f.8A8223F9DEA97DA973980CAD3BB2ACE0.d.18032672BCB5F1D91CBD58839982B775.e.5357"}]}
COMMAND: POST /session/73a4fd280a32fd38d4d0602b1d656d13/execute/sync - {"script":"<script> [5351 bytes]","args":[{"element-6066-11e4-a52e-4f735466cecf":"f.8A8223F9DEA97DA973980CAD3BB2ACE0.d.18032672BCB5F1D91CBD58839982B775.e.5357","ELEMENT":"f.8A8223F9DEA97DA973980CAD3BB2ACE0.d.18032672BCB5F1D91CBD58839982B775.e.5357"}]}
COMMAND: GET /session/73a4fd280a32fd38d4d0602b1d656d13/screenshot - {}
RESULT: {}
RESULT: {"script":"<script> [5351 bytes]","args":[{"element-6066-11e4-a52e-4f735466cecf":"f.8A8223F9DEA97DA973980CAD3BB2ACE0.d.18032672BCB5F1D91CBD58839982B775.e.5357","ELEMENT":"f.8A8223F9DEA97DA973980CAD3BB2ACE0.d.18032672BCB5F1D91CBD58839982B775.e.5357"}]}
COMMAND: POST /session/73a4fd280a32fd38d4d0602b1d656d13/element/f.8A8223F9DEA97DA973980CAD3BB2ACE0.d.18032672BCB5F1D91CBD58839982B775.e.5357/click - {}
COMMAND: GET /session/73a4fd280a32fd38d4d0602b1d656d13/screenshot - {}
RESULT: {}
RESULT: {}
COMMAND: GET /session/73a4fd280a32fd38d4d0602b1d656d13/screenshot - {}
COMMAND: POST /session/73a4fd280a32fd38d4d0602b1d656d13/element - {"using":"xpath","value":"//span[contains(@id ,\"AddNewHO--typeSelect-arrow\")]"}
RESULT: {}
RESULT: {}
RESULT: {"using":"xpath","value":"//span[contains(@id ,\"AddNewHO--typeSelect-arrow\")]"}
COMMAND: POST /session/73a4fd280a32fd38d4d0602b1d656d13/element/f.8A8223F9DEA97DA973980CAD3BB2ACE0.d.18032672BCB5F1D91CBD58839982B775.e.5707/click - {}
RESULT: {}
COMMAND: GET /session/73a4fd280a32fd38d4d0602b1d656d13/screenshot - {}
RESULT: {}
COMMAND: POST /session/73a4fd280a32fd38d4d0602b1d656d13/element - {"using":"xpath","value":"(//li[contains(text(), \"stock increase yard\")])[1]"}
RESULT: {"using":"xpath","value":"(//li[contains(text(), \"stock increase yard\")])[1]"}
COMMAND: POST /session/73a4fd280a32fd38d4d0602b1d656d13/element/f.8A8223F9DEA97DA973980CAD3BB2ACE0.d.18032672BCB5F1D91CBD58839982B775.e.5708/click - {}
RESULT: {}
COMMAND: GET /session/73a4fd280a32fd38d4d0602b1d656d13/screenshot - {}
RESULT: {}
COMMAND: POST /session/73a4fd280a32fd38d4d0602b1d656d13/execute/async - {"script":"<script> [1562 bytes]","args":[{"selector":{"id":"application-managehandovers-display-component---AddNewHO--dueDate","interaction":{"idSuffix":"inner"}},"wdio_ui5_key":"applicationmanagehandovers-display-component---AddNewHO--dueDate"}]}
RESULT: {"script":"<script> [1562 bytes]","args":[{"selector":{"id":"application-managehandovers-display-component---AddNewHO--dueDate","interaction":{"idSuffix":"inner"}},"wdio_ui5_key":"applicationmanagehandovers-display-component---AddNewHO--dueDate"}]}
RESULT: undefined
COMMAND: POST /session/73a4fd280a32fd38d4d0602b1d656d13/execute/async - {"script":"<script> [6424 bytes]","args":[{"element-6066-11e4-a52e-4f735466cecf":"f.8A8223F9DEA97DA973980CAD3BB2ACE0.d.18032672BCB5F1D91CBD58839982B775.e.5712"},"setValue",["5/15/25"]]}
RESULT: {"script":"<script> [6424 bytes]","args":[{"element-6066-11e4-a52e-4f735466cecf":"f.8A8223F9DEA97DA973980CAD3BB2ACE0.d.18032672BCB5F1D91CBD58839982B775.e.5712"},"setValue",["5/15/25"]]}
COMMAND: POST /session/73a4fd280a32fd38d4d0602b1d656d13/element - {"using":"xpath","value":"//input[@id=\"generalSectionFrg--receiveYard-inner\"]"}
RESULT: {"using":"xpath","value":"//input[@id=\"generalSectionFrg--receiveYard-inner\"]"}
COMMAND: POST /session/73a4fd280a32fd38d4d0602b1d656d13/element/f.8A8223F9DEA97DA973980CAD3BB2ACE0.d.18032672BCB5F1D91CBD58839982B775.e.5716/clear - {}
RESULT: {}
COMMAND: POST /session/73a4fd280a32fd38d4d0602b1d656d13/element/f.8A8223F9DEA97DA973980CAD3BB2ACE0.d.18032672BCB5F1D91CBD58839982B775.e.5716/value - {"text":"403"}
COMMAND: GET /session/73a4fd280a32fd38d4d0602b1d656d13/screenshot - {}
RESULT: {"text":"403"}
COMMAND: GET /session/73a4fd280a32fd38d4d0602b1d656d13/screenshot - {}
RESULT: {}
RESULT: {}
COMMAND: POST /session/73a4fd280a32fd38d4d0602b1d656d13/element - {"using":"xpath","value":"//li[.//span[text()='403']]"}
RESULT: {"using":"xpath","value":"//li[.//span[text()='403']]"}
COMMAND: POST /session/73a4fd280a32fd38d4d0602b1d656d13/element/f.8A8223F9DEA97DA973980CAD3BB2ACE0.d.18032672BCB5F1D91CBD58839982B775.e.5732/click - {}
RESULT: {}
COMMAND: GET /session/73a4fd280a32fd38d4d0602b1d656d13/screenshot - {}
RESULT: {}
COMMAND: POST /session/73a4fd280a32fd38d4d0602b1d656d13/execute/async - {"script":"<script> [1562 bytes]","args":[{"selector":{"id":"application-managehandovers-display-component---AddNewHO--ObjectPageLayout-anchBar-application-managehandovers-display-component---AddNewHO--section4-anchor","interaction":{"idSuffix":"BDI-content"}},"wdio_ui5_key":"applicationmanagehandovers-display-component---AddNewHO--ObjectPageLayout-anchBar-application-managehandovers-display-component---AddNewHO--section4-anchor"}]}
RESULT: {"script":"<script> [1562 bytes]","args":[{"selector":{"id":"application-managehandovers-display-component---AddNewHO--ObjectPageLayout-anchBar-application-managehandovers-display-component---AddNewHO--section4-anchor","interaction":{"idSuffix":"BDI-content"}},"wdio_ui5_key":"applicationmanagehandovers-display-component---AddNewHO--ObjectPageLayout-anchBar-application-managehandovers-display-component---AddNewHO--section4-anchor"}]}
RESULT: undefined
COMMAND: POST /session/73a4fd280a32fd38d4d0602b1d656d13/element - {"using":"xpath","value":"//*[@id=\"application-managehandovers-display-component---AddNewHO--ObjectPageLayout-anchBar-application-managehandovers-display-component---AddNewHO--section4-anchor\"]"}
RESULT: {"using":"xpath","value":"//*[@id=\"application-managehandovers-display-component---AddNewHO--ObjectPageLayout-anchBar-application-managehandovers-display-component---AddNewHO--section4-anchor\"]"}
COMMAND: POST /session/73a4fd280a32fd38d4d0602b1d656d13/element/f.8A8223F9DEA97DA973980CAD3BB2ACE0.d.18032672BCB5F1D91CBD58839982B775.e.5734/click - {}
RESULT: {}
COMMAND: POST /session/73a4fd280a32fd38d4d0602b1d656d13/element - {"using":"xpath","value":"//button[@aria-label=\"Add\"]"}
COMMAND: GET /session/73a4fd280a32fd38d4d0602b1d656d13/screenshot - {}
RESULT: {"using":"xpath","value":"//button[@aria-label=\"Add\"]"}
COMMAND: POST /session/73a4fd280a32fd38d4d0602b1d656d13/element/f.8A8223F9DEA97DA973980CAD3BB2ACE0.d.18032672BCB5F1D91CBD58839982B775.e.5736/click - {}
RESULT: {}
RESULT: {}
COMMAND: GET /session/73a4fd280a32fd38d4d0602b1d656d13/screenshot - {}
RESULT: {}
COMMAND: POST /session/73a4fd280a32fd38d4d0602b1d656d13/execute/async - {"script":"<script> [1562 bytes]","args":[{"selector":{"id":"application-managehandovers-display-component---AddNewHO--smartFilterBar-btnBasicSearch","searchOpenDialogs":true,"interaction":{"idSuffix":"I"}},"wdio_ui5_key":"applicationmanagehandovers-display-component---AddNewHO--smartFilterBar-btnBasicSearch"}]}
RESULT: {"script":"<script> [1562 bytes]","args":[{"selector":{"id":"application-managehandovers-display-component---AddNewHO--smartFilterBar-btnBasicSearch","searchOpenDialogs":true,"interaction":{"idSuffix":"I"}},"wdio_ui5_key":"applicationmanagehandovers-display-component---AddNewHO--smartFilterBar-btnBasicSearch"}]}
RESULT: undefined
COMMAND: POST /session/73a4fd280a32fd38d4d0602b1d656d13/execute/async - {"script":"<script> [776 bytes]","args":[{"enterText":"200187","selector":{"id":"application-managehandovers-display-component---AddNewHO--smartFilterBar-btnBasicSearch","searchOpenDialogs":true,"interaction":{"idSuffix":"I"}},"clearTextFirst":true,"interactionType":"ENTER_TEXT"}]}
RESULT: {"script":"<script> [776 bytes]","args":[{"enterText":"200187","selector":{"id":"application-managehandovers-display-component---AddNewHO--smartFilterBar-btnBasicSearch","searchOpenDialogs":true,"interaction":{"idSuffix":"I"}},"clearTextFirst":true,"interactionType":"ENTER_TEXT"}]}
COMMAND: POST /session/73a4fd280a32fd38d4d0602b1d656d13/actions - {"actions":[{"id":"action22","type":"key","parameters":{},"actions":[{"type":"keyDown","value":"î€‡"},{"type":"pause","duration":10},{"type":"keyUp","value":"î€‡"}]}]}
RESULT: {"actions":[{"id":"action22","type":"key","parameters":{},"actions":[{"type":"keyDown","value":"î€‡"},{"type":"pause","duration":10},{"type":"keyUp","value":"î€‡"}]}]}
COMMAND: GET /session/73a4fd280a32fd38d4d0602b1d656d13/screenshot - {}
RESULT: {}
COMMAND: POST /session/73a4fd280a32fd38d4d0602b1d656d13/execute/async - {"script":"<script> [1562 bytes]","args":[{"selector":{"id":"application-managehandovers-display-component---AddNewHO--popup-sa","searchOpenDialogs":true,"interaction":{"idSuffix":"CbBg"}},"wdio_ui5_key":"applicationmanagehandovers-display-component---AddNewHO--popup-sa"}]}
RESULT: {"script":"<script> [1562 bytes]","args":[{"selector":{"id":"application-managehandovers-display-component---AddNewHO--popup-sa","searchOpenDialogs":true,"interaction":{"idSuffix":"CbBg"}},"wdio_ui5_key":"applicationmanagehandovers-display-component---AddNewHO--popup-sa"}]}
RESULT: undefined
COMMAND: POST /session/73a4fd280a32fd38d4d0602b1d656d13/element - {"using":"xpath","value":"//*[@id=\"application-managehandovers-display-component---AddNewHO--popup-sa\"]"}
RESULT: {"using":"xpath","value":"//*[@id=\"application-managehandovers-display-component---AddNewHO--popup-sa\"]"}
COMMAND: POST /session/73a4fd280a32fd38d4d0602b1d656d13/element/f.8A8223F9DEA97DA973980CAD3BB2ACE0.d.18032672BCB5F1D91CBD58839982B775.e.5891/click - {}
RESULT: {}
COMMAND: GET /session/73a4fd280a32fd38d4d0602b1d656d13/screenshot - {}
RESULT: {}
COMMAND: POST /session/73a4fd280a32fd38d4d0602b1d656d13/element - {"using":"xpath","value":"//bdi[contains(text(), \"Select\")]"}
RESULT: {"using":"xpath","value":"//bdi[contains(text(), \"Select\")]"}
COMMAND: POST /session/73a4fd280a32fd38d4d0602b1d656d13/element/f.8A8223F9DEA97DA973980CAD3BB2ACE0.d.18032672BCB5F1D91CBD58839982B775.e.5892/click - {}
RESULT: {}
COMMAND: GET /session/73a4fd280a32fd38d4d0602b1d656d13/screenshot - {}
RESULT: {}
COMMAND: POST /session/73a4fd280a32fd38d4d0602b1d656d13/element - {"using":"xpath","value":"//button[@data-kt=\"AddNewHOSaveButton\"]"}
RESULT: {"using":"xpath","value":"//button[@data-kt=\"AddNewHOSaveButton\"]"}
COMMAND: POST /session/73a4fd280a32fd38d4d0602b1d656d13/element/f.8A8223F9DEA97DA973980CAD3BB2ACE0.d.18032672BCB5F1D91CBD58839982B775.e.5896/click - {}
RESULT: {}
COMMAND: GET /session/73a4fd280a32fd38d4d0602b1d656d13/screenshot - {}
RESULT: {}
COMMAND: POST /session/73a4fd280a32fd38d4d0602b1d656d13/execute/async - {"script":"<script> [1562 bytes]","args":[{"selector":{"id":"receiptDatePicker","viewName":"etm.portal.ui.managehandovers.view.DetailExecuteHO","interaction":{"idSuffix":"inner"}},"wdio_ui5_key":"receiptDatePickeretmportal.ui.managehandovers.view.DetailExecuteHO"}]}
RESULT: {"script":"<script> [1562 bytes]","args":[{"selector":{"id":"receiptDatePicker","viewName":"etm.portal.ui.managehandovers.view.DetailExecuteHO","interaction":{"idSuffix":"inner"}},"wdio_ui5_key":"receiptDatePickeretmportal.ui.managehandovers.view.DetailExecuteHO"}]}
RESULT: undefined
COMMAND: POST /session/73a4fd280a32fd38d4d0602b1d656d13/execute/async - {"script":"<script> [6424 bytes]","args":[{"element-6066-11e4-a52e-4f735466cecf":"f.8A8223F9DEA97DA973980CAD3BB2ACE0.d.18032672BCB5F1D91CBD58839982B775.e.5915"},"setValue",["5/15/25"]]}
RESULT: {"script":"<script> [6424 bytes]","args":[{"element-6066-11e4-a52e-4f735466cecf":"f.8A8223F9DEA97DA973980CAD3BB2ACE0.d.18032672BCB5F1D91CBD58839982B775.e.5915"},"setValue",["5/15/25"]]}
COMMAND: POST /session/73a4fd280a32fd38d4d0602b1d656d13/element - {"using":"xpath","value":"//button[@data-kt=\"PickingTableConfirmAllButton\"]"}
RESULT: {"using":"xpath","value":"//button[@data-kt=\"PickingTableConfirmAllButton\"]"}
COMMAND: POST /session/73a4fd280a32fd38d4d0602b1d656d13/element/f.8A8223F9DEA97DA973980CAD3BB2ACE0.d.18032672BCB5F1D91CBD58839982B775.e.5932/click - {}
RESULT: {}
COMMAND: GET /session/73a4fd280a32fd38d4d0602b1d656d13/screenshot - {}
RESULT: {}
COMMAND: POST /session/73a4fd280a32fd38d4d0602b1d656d13/element - {"using":"xpath","value":"//bdi[contains(text(), \"OK\")]"}
RESULT: {"using":"xpath","value":"//bdi[contains(text(), \"OK\")]"}
COMMAND: POST /session/73a4fd280a32fd38d4d0602b1d656d13/element/f.8A8223F9DEA97DA973980CAD3BB2ACE0.d.18032672BCB5F1D91CBD58839982B775.e.5934/click - {}
RESULT: {}
COMMAND: GET /session/73a4fd280a32fd38d4d0602b1d656d13/screenshot - {}
RESULT: {}
COMMAND: POST /session/73a4fd280a32fd38d4d0602b1d656d13/element - {"using":"xpath","value":"(//bdi[contains(text(), \"Receive\")])[2]"}
RESULT: {"using":"xpath","value":"(//bdi[contains(text(), \"Receive\")])[2]"}
COMMAND: POST /session/73a4fd280a32fd38d4d0602b1d656d13/element/f.8A8223F9DEA97DA973980CAD3BB2ACE0.d.18032672BCB5F1D91CBD58839982B775.e.5936/click - {}
RESULT: {}
COMMAND: GET /session/73a4fd280a32fd38d4d0602b1d656d13/screenshot - {}
RESULT: {}
COMMAND: POST /session/73a4fd280a32fd38d4d0602b1d656d13/element - {"using":"css selector","value":"#shell-header-logo"}
RESULT: {"using":"css selector","value":"#shell-header-logo"}
COMMAND: POST /session/73a4fd280a32fd38d4d0602b1d656d13/element/f.8A8223F9DEA97DA973980CAD3BB2ACE0.d.18032672BCB5F1D91CBD58839982B775.e.5318/click - {}
RESULT: {}
COMMAND: GET /session/73a4fd280a32fd38d4d0602b1d656d13/screenshot - {}
RESULT: {}
]]></system-out>
    </testcase>
    <testcase classname="chrome.136_0_7103_93.windows.Provide_to_Site_w/_warehouse_management_w_clarification" name="Should create a new contract" time="63.684">
      <system-out><![CDATA[
COMMAND: POST /session/73a4fd280a32fd38d4d0602b1d656d13/execute/async - {"script":"<script> [1562 bytes]","args":[{"selector":{"controlType":"sap.m.GenericTile","properties":{"header":"Manage Contracts"}},"wdio_ui5_key":"sapm.GenericTile{\"header\":\"Manage Contracts\"}"}]}
RESULT: {"script":"<script> [1562 bytes]","args":[{"selector":{"controlType":"sap.m.GenericTile","properties":{"header":"Manage Contracts"}},"wdio_ui5_key":"sapm.GenericTile{\"header\":\"Manage Contracts\"}"}]}
RESULT: undefined
COMMAND: POST /session/73a4fd280a32fd38d4d0602b1d656d13/element - {"using":"xpath","value":"//*[@id=\"__tile130\"]"}
RESULT: {"using":"xpath","value":"//*[@id=\"__tile130\"]"}
COMMAND: POST /session/73a4fd280a32fd38d4d0602b1d656d13/element/f.8A8223F9DEA97DA973980CAD3BB2ACE0.d.18032672BCB5F1D91CBD58839982B775.e.4878/click - {}
RESULT: {}
COMMAND: GET /session/73a4fd280a32fd38d4d0602b1d656d13/screenshot - {}
RESULT: {}
COMMAND: POST /session/73a4fd280a32fd38d4d0602b1d656d13/elements - {"using":"xpath","value":"//span[text()='Error']"}
RESULT: {"using":"xpath","value":"//span[text()='Error']"}
COMMAND: POST /session/73a4fd280a32fd38d4d0602b1d656d13/element - {"using":"xpath","value":"//button[@data-kt=\"addButton\"]"}
RESULT: {"using":"xpath","value":"//button[@data-kt=\"addButton\"]"}
COMMAND: POST /session/73a4fd280a32fd38d4d0602b1d656d13/elements - {"using":"xpath","value":"//button[@data-kt=\"addButton\"]"}
RESULT: {"using":"xpath","value":"//button[@data-kt=\"addButton\"]"}
COMMAND: POST /session/73a4fd280a32fd38d4d0602b1d656d13/execute/sync - {"script":"<script> [8489 bytes]","args":[{"element-6066-11e4-a52e-4f735466cecf":"f.8A8223F9DEA97DA973980CAD3BB2ACE0.d.18032672BCB5F1D91CBD58839982B775.e.6159","ELEMENT":"f.8A8223F9DEA97DA973980CAD3BB2ACE0.d.18032672BCB5F1D91CBD58839982B775.e.6159"}]}
RESULT: {"script":"<script> [8489 bytes]","args":[{"element-6066-11e4-a52e-4f735466cecf":"f.8A8223F9DEA97DA973980CAD3BB2ACE0.d.18032672BCB5F1D91CBD58839982B775.e.6159","ELEMENT":"f.8A8223F9DEA97DA973980CAD3BB2ACE0.d.18032672BCB5F1D91CBD58839982B775.e.6159"}]}
COMMAND: GET /session/73a4fd280a32fd38d4d0602b1d656d13/element/f.8A8223F9DEA97DA973980CAD3BB2ACE0.d.18032672BCB5F1D91CBD58839982B775.e.6159/enabled - {}
COMMAND: GET /session/73a4fd280a32fd38d4d0602b1d656d13/screenshot - {}
RESULT: {}
COMMAND: POST /session/73a4fd280a32fd38d4d0602b1d656d13/execute/sync - {"script":"<script> [8489 bytes]","args":[{"element-6066-11e4-a52e-4f735466cecf":"f.8A8223F9DEA97DA973980CAD3BB2ACE0.d.18032672BCB5F1D91CBD58839982B775.e.6159","ELEMENT":"f.8A8223F9DEA97DA973980CAD3BB2ACE0.d.18032672BCB5F1D91CBD58839982B775.e.6159"}]}
COMMAND: GET /session/73a4fd280a32fd38d4d0602b1d656d13/screenshot - {}
RESULT: {}
RESULT: {"script":"<script> [8489 bytes]","args":[{"element-6066-11e4-a52e-4f735466cecf":"f.8A8223F9DEA97DA973980CAD3BB2ACE0.d.18032672BCB5F1D91CBD58839982B775.e.6159","ELEMENT":"f.8A8223F9DEA97DA973980CAD3BB2ACE0.d.18032672BCB5F1D91CBD58839982B775.e.6159"}]}
COMMAND: POST /session/73a4fd280a32fd38d4d0602b1d656d13/execute/sync - {"script":"<script> [5351 bytes]","args":[{"element-6066-11e4-a52e-4f735466cecf":"f.8A8223F9DEA97DA973980CAD3BB2ACE0.d.18032672BCB5F1D91CBD58839982B775.e.6159","ELEMENT":"f.8A8223F9DEA97DA973980CAD3BB2ACE0.d.18032672BCB5F1D91CBD58839982B775.e.6159"}]}
COMMAND: GET /session/73a4fd280a32fd38d4d0602b1d656d13/screenshot - {}
RESULT: {}
RESULT: {"script":"<script> [5351 bytes]","args":[{"element-6066-11e4-a52e-4f735466cecf":"f.8A8223F9DEA97DA973980CAD3BB2ACE0.d.18032672BCB5F1D91CBD58839982B775.e.6159","ELEMENT":"f.8A8223F9DEA97DA973980CAD3BB2ACE0.d.18032672BCB5F1D91CBD58839982B775.e.6159"}]}
COMMAND: GET /session/73a4fd280a32fd38d4d0602b1d656d13/screenshot - {}
RESULT: {}
RESULT: {}
COMMAND: POST /session/73a4fd280a32fd38d4d0602b1d656d13/element/f.8A8223F9DEA97DA973980CAD3BB2ACE0.d.18032672BCB5F1D91CBD58839982B775.e.6159/click - {}
RESULT: {}
COMMAND: GET /session/73a4fd280a32fd38d4d0602b1d656d13/screenshot - {}
RESULT: {}
COMMAND: POST /session/73a4fd280a32fd38d4d0602b1d656d13/execute/async - {"script":"<script> [1562 bytes]","args":[{"selector":{"id":"application-managecontracts-display-component---AddNewContract--projectDescription","interaction":{"idSuffix":"inner"}},"wdio_ui5_key":"applicationmanagecontracts-display-component---AddNewContract--projectDescription"}]}
RESULT: {"script":"<script> [1562 bytes]","args":[{"selector":{"id":"application-managecontracts-display-component---AddNewContract--projectDescription","interaction":{"idSuffix":"inner"}},"wdio_ui5_key":"applicationmanagecontracts-display-component---AddNewContract--projectDescription"}]}
RESULT: undefined
COMMAND: POST /session/73a4fd280a32fd38d4d0602b1d656d13/execute/async - {"script":"<script> [776 bytes]","args":[{"enterText":"Contract WDIO","selector":{"id":"application-managecontracts-display-component---AddNewContract--projectDescription","interaction":{"idSuffix":"inner"}},"clearTextFirst":true,"interactionType":"ENTER_TEXT"}]}
RESULT: {"script":"<script> [776 bytes]","args":[{"enterText":"Contract WDIO","selector":{"id":"application-managecontracts-display-component---AddNewContract--projectDescription","interaction":{"idSuffix":"inner"}},"clearTextFirst":true,"interactionType":"ENTER_TEXT"}]}
COMMAND: POST /session/73a4fd280a32fd38d4d0602b1d656d13/element - {"using":"xpath","value":"//input[@id=\"application-managecontracts-display-component---AddNewContract--site-inner\"]"}
RESULT: {"using":"xpath","value":"//input[@id=\"application-managecontracts-display-component---AddNewContract--site-inner\"]"}
COMMAND: POST /session/73a4fd280a32fd38d4d0602b1d656d13/element/f.8A8223F9DEA97DA973980CAD3BB2ACE0.d.18032672BCB5F1D91CBD58839982B775.e.6513/clear - {}
RESULT: {}
COMMAND: POST /session/73a4fd280a32fd38d4d0602b1d656d13/element/f.8A8223F9DEA97DA973980CAD3BB2ACE0.d.18032672BCB5F1D91CBD58839982B775.e.6513/value - {"text":"2179"}
COMMAND: GET /session/73a4fd280a32fd38d4d0602b1d656d13/screenshot - {}
RESULT: {"text":"2179"}
COMMAND: GET /session/73a4fd280a32fd38d4d0602b1d656d13/screenshot - {}
RESULT: {}
RESULT: {}
COMMAND: POST /session/73a4fd280a32fd38d4d0602b1d656d13/element - {"using":"xpath","value":"//li[.//span[text()='2179']]"}
RESULT: {"using":"xpath","value":"//li[.//span[text()='2179']]"}
COMMAND: POST /session/73a4fd280a32fd38d4d0602b1d656d13/element/f.8A8223F9DEA97DA973980CAD3BB2ACE0.d.18032672BCB5F1D91CBD58839982B775.e.6551/click - {}
RESULT: {}
COMMAND: GET /session/73a4fd280a32fd38d4d0602b1d656d13/screenshot - {}
RESULT: {}
COMMAND: POST /session/73a4fd280a32fd38d4d0602b1d656d13/element - {"using":"xpath","value":"//input[@id=\"application-managecontracts-display-component---AddNewContract--yardId-inner\"]"}
RESULT: {"using":"xpath","value":"//input[@id=\"application-managecontracts-display-component---AddNewContract--yardId-inner\"]"}
COMMAND: GET /session/73a4fd280a32fd38d4d0602b1d656d13/element/f.8A8223F9DEA97DA973980CAD3BB2ACE0.d.18032672BCB5F1D91CBD58839982B775.e.6514/property/value - {}
RESULT: {}
COMMAND: POST /session/73a4fd280a32fd38d4d0602b1d656d13/element - {"using":"xpath","value":"//input[@id=\"application-managecontracts-display-component---AddNewContract--customerSelect-inner\"]"}
COMMAND: GET /session/73a4fd280a32fd38d4d0602b1d656d13/screenshot - {}
RESULT: {"using":"xpath","value":"//input[@id=\"application-managecontracts-display-component---AddNewContract--customerSelect-inner\"]"}
COMMAND: POST /session/73a4fd280a32fd38d4d0602b1d656d13/element/f.8A8223F9DEA97DA973980CAD3BB2ACE0.d.18032672BCB5F1D91CBD58839982B775.e.6512/clear - {}
RESULT: {}
RESULT: {}
COMMAND: POST /session/73a4fd280a32fd38d4d0602b1d656d13/element/f.8A8223F9DEA97DA973980CAD3BB2ACE0.d.18032672BCB5F1D91CBD58839982B775.e.6512/value - {"text":"1216"}
COMMAND: GET /session/73a4fd280a32fd38d4d0602b1d656d13/screenshot - {}
RESULT: {"text":"1216"}
COMMAND: GET /session/73a4fd280a32fd38d4d0602b1d656d13/screenshot - {}
RESULT: {}
RESULT: {}
COMMAND: POST /session/73a4fd280a32fd38d4d0602b1d656d13/element - {"using":"xpath","value":"//li[.//span[text()='1216']]"}
RESULT: {"using":"xpath","value":"//li[.//span[text()='1216']]"}
COMMAND: POST /session/73a4fd280a32fd38d4d0602b1d656d13/element/f.8A8223F9DEA97DA973980CAD3BB2ACE0.d.18032672BCB5F1D91CBD58839982B775.e.6554/click - {}
RESULT: {}
COMMAND: GET /session/73a4fd280a32fd38d4d0602b1d656d13/screenshot - {}
RESULT: {}
COMMAND: POST /session/73a4fd280a32fd38d4d0602b1d656d13/element - {"using":"xpath","value":"//button[@data-kt=\"saveButton\"]"}
RESULT: {"using":"xpath","value":"//button[@data-kt=\"saveButton\"]"}
COMMAND: POST /session/73a4fd280a32fd38d4d0602b1d656d13/element/f.8A8223F9DEA97DA973980CAD3BB2ACE0.d.18032672BCB5F1D91CBD58839982B775.e.6555/click - {}
RESULT: {}
COMMAND: GET /session/73a4fd280a32fd38d4d0602b1d656d13/screenshot - {}
RESULT: {}
COMMAND: POST /session/73a4fd280a32fd38d4d0602b1d656d13/element - {"using":"xpath","value":"//span[contains(@id ,\"contractDetailTitleNoExpanded\")]"}
RESULT: {"using":"xpath","value":"//span[contains(@id ,\"contractDetailTitleNoExpanded\")]"}
COMMAND: POST /session/73a4fd280a32fd38d4d0602b1d656d13/elements - {"using":"xpath","value":"//span[contains(@id ,\"contractDetailTitleNoExpanded\")]"}
RESULT: {"using":"xpath","value":"//span[contains(@id ,\"contractDetailTitleNoExpanded\")]"}
COMMAND: POST /session/73a4fd280a32fd38d4d0602b1d656d13/execute/sync - {"script":"<script> [56 bytes]","args":[{"element-6066-11e4-a52e-4f735466cecf":"f.8A8223F9DEA97DA973980CAD3BB2ACE0.d.18032672BCB5F1D91CBD58839982B775.e.6627","ELEMENT":"f.8A8223F9DEA97DA973980CAD3BB2ACE0.d.18032672BCB5F1D91CBD58839982B775.e.6627"}]}
RESULT: {"script":"<script> [56 bytes]","args":[{"element-6066-11e4-a52e-4f735466cecf":"f.8A8223F9DEA97DA973980CAD3BB2ACE0.d.18032672BCB5F1D91CBD58839982B775.e.6627","ELEMENT":"f.8A8223F9DEA97DA973980CAD3BB2ACE0.d.18032672BCB5F1D91CBD58839982B775.e.6627"}]}
COMMAND: GET /session/73a4fd280a32fd38d4d0602b1d656d13/screenshot - {}
RESULT: {}
]]></system-out>
    </testcase>
    <testcase classname="chrome.136_0_7103_93.windows.Provide_to_Site_w/_warehouse_management_w_clarification" name="Should add equipment to the contract" time="60.693">
      <system-out><![CDATA[
COMMAND: POST /session/73a4fd280a32fd38d4d0602b1d656d13/element - {"using":"xpath","value":"//button[@data-kt=\"contractDetailEditBtnButton\"]"}
RESULT: {"using":"xpath","value":"//button[@data-kt=\"contractDetailEditBtnButton\"]"}
COMMAND: POST /session/73a4fd280a32fd38d4d0602b1d656d13/element/f.8A8223F9DEA97DA973980CAD3BB2ACE0.d.18032672BCB5F1D91CBD58839982B775.e.6629/click - {}
RESULT: {}
COMMAND: GET /session/73a4fd280a32fd38d4d0602b1d656d13/screenshot - {}
RESULT: {}
COMMAND: POST /session/73a4fd280a32fd38d4d0602b1d656d13/element - {"using":"xpath","value":"(//span[contains(text(), \"Additional Addresses\")])[2]"}
RESULT: {"using":"xpath","value":"(//span[contains(text(), \"Additional Addresses\")])[2]"}
COMMAND: POST /session/73a4fd280a32fd38d4d0602b1d656d13/element/f.8A8223F9DEA97DA973980CAD3BB2ACE0.d.18032672BCB5F1D91CBD58839982B775.e.6687/click - {}
RESULT: {}
COMMAND: GET /session/73a4fd280a32fd38d4d0602b1d656d13/screenshot - {}
RESULT: {}
COMMAND: POST /session/73a4fd280a32fd38d4d0602b1d656d13/element - {"using":"xpath","value":"//button[@data-kt=\"btnAddTableRowOverflowToolbarButton\"]"}
RESULT: {"using":"xpath","value":"//button[@data-kt=\"btnAddTableRowOverflowToolbarButton\"]"}
COMMAND: POST /session/73a4fd280a32fd38d4d0602b1d656d13/element/f.8A8223F9DEA97DA973980CAD3BB2ACE0.d.18032672BCB5F1D91CBD58839982B775.e.6690/click - {}
RESULT: {}
COMMAND: GET /session/73a4fd280a32fd38d4d0602b1d656d13/screenshot - {}
RESULT: {}
COMMAND: POST /session/73a4fd280a32fd38d4d0602b1d656d13/element - {"using":"xpath","value":"//div[(text() = 'Standard Entry' or . = 'Standard Entry')]"}
RESULT: {"using":"xpath","value":"//div[(text() = 'Standard Entry' or . = 'Standard Entry')]"}
COMMAND: POST /session/73a4fd280a32fd38d4d0602b1d656d13/element/f.8A8223F9DEA97DA973980CAD3BB2ACE0.d.18032672BCB5F1D91CBD58839982B775.e.6692/click - {}
RESULT: {}
COMMAND: GET /session/73a4fd280a32fd38d4d0602b1d656d13/screenshot - {}
RESULT: {}
COMMAND: POST /session/73a4fd280a32fd38d4d0602b1d656d13/element - {"using":"xpath","value":"//td[6]/div/div/div/span"}
RESULT: {"using":"xpath","value":"//td[6]/div/div/div/span"}
COMMAND: POST /session/73a4fd280a32fd38d4d0602b1d656d13/element/f.8A8223F9DEA97DA973980CAD3BB2ACE0.d.18032672BCB5F1D91CBD58839982B775.e.6704/click - {}
RESULT: {}
COMMAND: GET /session/73a4fd280a32fd38d4d0602b1d656d13/screenshot - {}
RESULT: {}
COMMAND: POST /session/73a4fd280a32fd38d4d0602b1d656d13/element - {"using":"xpath","value":"(//span[contains(text(), \"Material\")])"}
RESULT: {"using":"xpath","value":"(//span[contains(text(), \"Material\")])"}
COMMAND: POST /session/73a4fd280a32fd38d4d0602b1d656d13/element/f.8A8223F9DEA97DA973980CAD3BB2ACE0.d.18032672BCB5F1D91CBD58839982B775.e.6705/click - {}
RESULT: {}
COMMAND: GET /session/73a4fd280a32fd38d4d0602b1d656d13/screenshot - {}
RESULT: {}
COMMAND: POST /session/73a4fd280a32fd38d4d0602b1d656d13/element - {"using":"xpath","value":"//td[7]/div/div/input"}
RESULT: {"using":"xpath","value":"//td[7]/div/div/input"}
COMMAND: POST /session/73a4fd280a32fd38d4d0602b1d656d13/element/f.8A8223F9DEA97DA973980CAD3BB2ACE0.d.18032672BCB5F1D91CBD58839982B775.e.6709/clear - {}
RESULT: {}
COMMAND: POST /session/73a4fd280a32fd38d4d0602b1d656d13/element/f.8A8223F9DEA97DA973980CAD3BB2ACE0.d.18032672BCB5F1D91CBD58839982B775.e.6709/value - {"text":"200187"}
COMMAND: GET /session/73a4fd280a32fd38d4d0602b1d656d13/screenshot - {}
RESULT: {"text":"200187"}
COMMAND: GET /session/73a4fd280a32fd38d4d0602b1d656d13/screenshot - {}
RESULT: {}
RESULT: {}
COMMAND: POST /session/73a4fd280a32fd38d4d0602b1d656d13/actions - {"actions":[{"id":"action23","type":"key","parameters":{},"actions":[{"type":"keyDown","value":"î€‡"},{"type":"pause","duration":10},{"type":"keyUp","value":"î€‡"}]}]}
RESULT: {"actions":[{"id":"action23","type":"key","parameters":{},"actions":[{"type":"keyDown","value":"î€‡"},{"type":"pause","duration":10},{"type":"keyUp","value":"î€‡"}]}]}
COMMAND: GET /session/73a4fd280a32fd38d4d0602b1d656d13/screenshot - {}
RESULT: {}
COMMAND: POST /session/73a4fd280a32fd38d4d0602b1d656d13/execute/sync - {"script":"<script> [276 bytes]","args":["No pricing information was found"]}
RESULT: {"script":"<script> [276 bytes]","args":["No pricing information was found"]}
COMMAND: POST /session/73a4fd280a32fd38d4d0602b1d656d13/element - {"using":"xpath","value":"//bdi[contains(text(), \"OK\")]"}
COMMAND: GET /session/73a4fd280a32fd38d4d0602b1d656d13/screenshot - {}
RESULT: {"using":"xpath","value":"//bdi[contains(text(), \"OK\")]"}
COMMAND: POST /session/73a4fd280a32fd38d4d0602b1d656d13/element/f.8A8223F9DEA97DA973980CAD3BB2ACE0.d.18032672BCB5F1D91CBD58839982B775.e.6735/click - {}
RESULT: {}
RESULT: {}
COMMAND: GET /session/73a4fd280a32fd38d4d0602b1d656d13/screenshot - {}
RESULT: {}
COMMAND: POST /session/73a4fd280a32fd38d4d0602b1d656d13/element - {"using":"xpath","value":"(//button[@data-kt=\"saveButton\"])[2]"}
RESULT: {"using":"xpath","value":"(//button[@data-kt=\"saveButton\"])[2]"}
COMMAND: POST /session/73a4fd280a32fd38d4d0602b1d656d13/element/f.8A8223F9DEA97DA973980CAD3BB2ACE0.d.18032672BCB5F1D91CBD58839982B775.e.6736/click - {}
RESULT: {}
COMMAND: GET /session/73a4fd280a32fd38d4d0602b1d656d13/screenshot - {}
RESULT: {}
COMMAND: POST /session/73a4fd280a32fd38d4d0602b1d656d13/execute/sync - {"script":"<script> [276 bytes]","args":["Some contract items are having rental validity exceeding header rental validity"]}
RESULT: {"script":"<script> [276 bytes]","args":["Some contract items are having rental validity exceeding header rental validity"]}
COMMAND: GET /session/73a4fd280a32fd38d4d0602b1d656d13/screenshot - {}
RESULT: {}
COMMAND: POST /session/73a4fd280a32fd38d4d0602b1d656d13/element - {"using":"xpath","value":"//span[contains(@id ,\"contractItemsSmartTable-header-inner\")]"}
RESULT: {"using":"xpath","value":"//span[contains(@id ,\"contractItemsSmartTable-header-inner\")]"}
COMMAND: POST /session/73a4fd280a32fd38d4d0602b1d656d13/elements - {"using":"xpath","value":"//span[contains(@id ,\"contractItemsSmartTable-header-inner\")]"}
RESULT: {"using":"xpath","value":"//span[contains(@id ,\"contractItemsSmartTable-header-inner\")]"}
COMMAND: POST /session/73a4fd280a32fd38d4d0602b1d656d13/execute/sync - {"script":"<script> [56 bytes]","args":[{"element-6066-11e4-a52e-4f735466cecf":"f.8A8223F9DEA97DA973980CAD3BB2ACE0.d.18032672BCB5F1D91CBD58839982B775.e.6740","ELEMENT":"f.8A8223F9DEA97DA973980CAD3BB2ACE0.d.18032672BCB5F1D91CBD58839982B775.e.6740"}]}
RESULT: {"script":"<script> [56 bytes]","args":[{"element-6066-11e4-a52e-4f735466cecf":"f.8A8223F9DEA97DA973980CAD3BB2ACE0.d.18032672BCB5F1D91CBD58839982B775.e.6740","ELEMENT":"f.8A8223F9DEA97DA973980CAD3BB2ACE0.d.18032672BCB5F1D91CBD58839982B775.e.6740"}]}
]]></system-out>
    </testcase>
    <testcase classname="chrome.136_0_7103_93.windows.Provide_to_Site_w/_warehouse_management_w_clarification" name="Should provide to site" time="42.624">
      <system-out><![CDATA[
COMMAND: POST /session/73a4fd280a32fd38d4d0602b1d656d13/element - {"using":"xpath","value":"//button[@data-kt=\"provideButton\"]"}
COMMAND: GET /session/73a4fd280a32fd38d4d0602b1d656d13/screenshot - {}
RESULT: {"using":"xpath","value":"//button[@data-kt=\"provideButton\"]"}
COMMAND: POST /session/73a4fd280a32fd38d4d0602b1d656d13/element/f.8A8223F9DEA97DA973980CAD3BB2ACE0.d.18032672BCB5F1D91CBD58839982B775.e.6741/click - {}
RESULT: {}
RESULT: {}
COMMAND: GET /session/73a4fd280a32fd38d4d0602b1d656d13/screenshot - {}
RESULT: {}
RESULT: undefined
COMMAND: POST /session/73a4fd280a32fd38d4d0602b1d656d13/execute/async - {"script":"<script> [6424 bytes]","args":[{"element-6066-11e4-a52e-4f735466cecf":"f.8A8223F9DEA97DA973980CAD3BB2ACE0.d.18032672BCB5F1D91CBD58839982B775.e.5712"},"setValue",["05/15/25"]]}
COMMAND: POST /session/73a4fd280a32fd38d4d0602b1d656d13/execute/async - {"script":"<script> [1562 bytes]","args":[{"selector":{"id":"application-managehandovers-display-component---AddNewHO--dueDate","interaction":{"idSuffix":"inner"}},"wdio_ui5_key":"applicationmanagehandovers-display-component---AddNewHO--dueDate"}]}
RESULT: {"script":"<script> [1562 bytes]","args":[{"selector":{"id":"application-managehandovers-display-component---AddNewHO--dueDate","interaction":{"idSuffix":"inner"}},"wdio_ui5_key":"applicationmanagehandovers-display-component---AddNewHO--dueDate"}]}
COMMAND: POST /session/73a4fd280a32fd38d4d0602b1d656d13/execute/async - {"script":"<script> [6424 bytes]","args":[{"element-6066-11e4-a52e-4f735466cecf":"f.8A8223F9DEA97DA973980CAD3BB2ACE0.d.18032672BCB5F1D91CBD58839982B775.e.6817"},"setValue",["05/15/25"]]}
RESULT: {"script":"<script> [6424 bytes]","args":[{"element-6066-11e4-a52e-4f735466cecf":"f.8A8223F9DEA97DA973980CAD3BB2ACE0.d.18032672BCB5F1D91CBD58839982B775.e.6817"},"setValue",["05/15/25"]]}
COMMAND: POST /session/73a4fd280a32fd38d4d0602b1d656d13/element - {"using":"xpath","value":"//bdi[contains(text(), \"Instructions\")]"}
RESULT: {"using":"xpath","value":"//bdi[contains(text(), \"Instructions\")]"}
COMMAND: POST /session/73a4fd280a32fd38d4d0602b1d656d13/element/f.8A8223F9DEA97DA973980CAD3BB2ACE0.d.18032672BCB5F1D91CBD58839982B775.e.7049/click - {}
RESULT: {}
COMMAND: GET /session/73a4fd280a32fd38d4d0602b1d656d13/screenshot - {}
RESULT: {}
COMMAND: POST /session/73a4fd280a32fd38d4d0602b1d656d13/element - {"using":"xpath","value":"//button[@data-kt=\"AddNewHOProvideAddItemsButton\"]"}
RESULT: {"using":"xpath","value":"//button[@data-kt=\"AddNewHOProvideAddItemsButton\"]"}
COMMAND: POST /session/73a4fd280a32fd38d4d0602b1d656d13/element/f.8A8223F9DEA97DA973980CAD3BB2ACE0.d.18032672BCB5F1D91CBD58839982B775.e.7053/click - {}
RESULT: {}
COMMAND: GET /session/73a4fd280a32fd38d4d0602b1d656d13/screenshot - {}
RESULT: {}
RESULT: undefined
COMMAND: POST /session/73a4fd280a32fd38d4d0602b1d656d13/element - {"using":"xpath","value":"//*[@id=\"application-managehandovers-display-component---AddNewHO--popup-sa\"]"}
RESULT: {"using":"xpath","value":"//*[@id=\"application-managehandovers-display-component---AddNewHO--popup-sa\"]"}
COMMAND: POST /session/73a4fd280a32fd38d4d0602b1d656d13/element/f.8A8223F9DEA97DA973980CAD3BB2ACE0.d.18032672BCB5F1D91CBD58839982B775.e.7063/click - {}
RESULT: {}
COMMAND: GET /session/73a4fd280a32fd38d4d0602b1d656d13/screenshot - {}
RESULT: {}
COMMAND: POST /session/73a4fd280a32fd38d4d0602b1d656d13/element - {"using":"xpath","value":"//*[contains(@id ,\"BDI-content\")][contains(text(), \"Select\")]"}
RESULT: {"using":"xpath","value":"//*[contains(@id ,\"BDI-content\")][contains(text(), \"Select\")]"}
COMMAND: POST /session/73a4fd280a32fd38d4d0602b1d656d13/element/f.8A8223F9DEA97DA973980CAD3BB2ACE0.d.18032672BCB5F1D91CBD58839982B775.e.7064/click - {}
RESULT: {}
COMMAND: GET /session/73a4fd280a32fd38d4d0602b1d656d13/screenshot - {}
RESULT: {}
COMMAND: POST /session/73a4fd280a32fd38d4d0602b1d656d13/element - {"using":"xpath","value":"//bdi[(text() = 'Save' or . = 'Save')]"}
RESULT: {"using":"xpath","value":"//bdi[(text() = 'Save' or . = 'Save')]"}
COMMAND: POST /session/73a4fd280a32fd38d4d0602b1d656d13/element/f.8A8223F9DEA97DA973980CAD3BB2ACE0.d.18032672BCB5F1D91CBD58839982B775.e.7067/click - {}
RESULT: {}
COMMAND: GET /session/73a4fd280a32fd38d4d0602b1d656d13/screenshot - {}
RESULT: {}
]]></system-out>
    </testcase>
    <testcase classname="chrome.136_0_7103_93.windows.Provide_to_Site_w/_warehouse_management_w_clarification" name="Should test for Handover Execution" time="160.332">
      <system-out><![CDATA[
COMMAND: POST /session/73a4fd280a32fd38d4d0602b1d656d13/execute/async - {"script":"<script> [1562 bytes]","args":[{"selector":{"controlType":"sap.m.Link","viewName":"etm.portal.ui.managehandovers.view.DetailExecuteHO","bindingPath":{"path":"","propertyPath":"/wmDoc","modelName":"warehouseMovModel"}},"wdio_ui5_key":"etmportal.ui.managehandovers.view.DetailExecuteHOsap.m.Link{\"path\":\"\",\"propertyPath\":\"/wmDoc\",\"modelName\":\"warehouseMovModel\"}"}]}
RESULT: {"script":"<script> [1562 bytes]","args":[{"selector":{"controlType":"sap.m.Link","viewName":"etm.portal.ui.managehandovers.view.DetailExecuteHO","bindingPath":{"path":"","propertyPath":"/wmDoc","modelName":"warehouseMovModel"}},"wdio_ui5_key":"etmportal.ui.managehandovers.view.DetailExecuteHOsap.m.Link{\"path\":\"\",\"propertyPath\":\"/wmDoc\",\"modelName\":\"warehouseMovModel\"}"}]}
RESULT: undefined
COMMAND: POST /session/73a4fd280a32fd38d4d0602b1d656d13/element - {"using":"xpath","value":"//*[@id=\"__link81\"]"}
RESULT: {"using":"xpath","value":"//*[@id=\"__link81\"]"}
COMMAND: POST /session/73a4fd280a32fd38d4d0602b1d656d13/element/f.8A8223F9DEA97DA973980CAD3BB2ACE0.d.18032672BCB5F1D91CBD58839982B775.e.7100/click - {}
RESULT: {}
COMMAND: GET /session/73a4fd280a32fd38d4d0602b1d656d13/screenshot - {}
RESULT: {}
COMMAND: POST /session/73a4fd280a32fd38d4d0602b1d656d13/execute/async - {"script":"<script> [1562 bytes]","args":[{"selector":{"controlType":"sap.m.Link","viewName":"etm.portal.ui.managehandovers.view.DetailExecuteHO","properties":{"text":"Warehouse Overview"},"searchOpenDialogs":true},"wdio_ui5_key":"etmportal.ui.managehandovers.view.DetailExecuteHOsap.m.Link{\"text\":\"Warehouse Overview\"}"}]}
RESULT: {"script":"<script> [1562 bytes]","args":[{"selector":{"controlType":"sap.m.Link","viewName":"etm.portal.ui.managehandovers.view.DetailExecuteHO","properties":{"text":"Warehouse Overview"},"searchOpenDialogs":true},"wdio_ui5_key":"etmportal.ui.managehandovers.view.DetailExecuteHOsap.m.Link{\"text\":\"Warehouse Overview\"}"}]}
RESULT: undefined
COMMAND: POST /session/73a4fd280a32fd38d4d0602b1d656d13/element - {"using":"xpath","value":"//*[@id=\"__link96\"]"}
RESULT: {"using":"xpath","value":"//*[@id=\"__link96\"]"}
COMMAND: POST /session/73a4fd280a32fd38d4d0602b1d656d13/element/f.8A8223F9DEA97DA973980CAD3BB2ACE0.d.18032672BCB5F1D91CBD58839982B775.e.7104/click - {}
RESULT: {}
COMMAND: GET /session/73a4fd280a32fd38d4d0602b1d656d13/screenshot - {}
COMMAND: POST /session/73a4fd280a32fd38d4d0602b1d656d13/execute/async - {"script":"<script> [1562 bytes]","args":[{"selector":{"controlType":"sap.m.Button","viewName":"etm.portal.ui.warehousemovements.view.DisplayMovement","viewId":"application-warehousemovements-display-component---displayMovement","i18NText":{"propertyName":"text","key":"execution"},"interaction":{"idSuffix":"BDI-content"}},"wdio_ui5_key":"etmportal.ui.warehousemovements.view.DisplayMovementsap.m.Button{\"propertyName\":\"text\",\"key\":\"execution\"}"}]}
RESULT: {}
RESULT: {"script":"<script> [1562 bytes]","args":[{"selector":{"controlType":"sap.m.Button","viewName":"etm.portal.ui.warehousemovements.view.DisplayMovement","viewId":"application-warehousemovements-display-component---displayMovement","i18NText":{"propertyName":"text","key":"execution"},"interaction":{"idSuffix":"BDI-content"}},"wdio_ui5_key":"etmportal.ui.warehousemovements.view.DisplayMovementsap.m.Button{\"propertyName\":\"text\",\"key\":\"execution\"}"}]}
RESULT: undefined
COMMAND: POST /session/73a4fd280a32fd38d4d0602b1d656d13/element - {"using":"xpath","value":"//*[@id=\"__button219\"]"}
RESULT: {"using":"xpath","value":"//*[@id=\"__button219\"]"}
COMMAND: POST /session/73a4fd280a32fd38d4d0602b1d656d13/element/f.8A8223F9DEA97DA973980CAD3BB2ACE0.d.18032672BCB5F1D91CBD58839982B775.e.7229/click - {}
RESULT: {}
COMMAND: GET /session/73a4fd280a32fd38d4d0602b1d656d13/screenshot - {}
RESULT: {}
COMMAND: POST /session/73a4fd280a32fd38d4d0602b1d656d13/execute/async - {"script":"<script> [1562 bytes]","args":[{"selector":{"controlType":"sap.m.Button","viewName":"etm.portal.ui.warehousemovements.view.ExecuteMovement","viewId":"application-warehousemovements-display-component---executeMovement","properties":{"text":"Items"},"interaction":{"idSuffix":"BDI-content"}},"wdio_ui5_key":"etmportal.ui.warehousemovements.view.ExecuteMovementsap.m.Button{\"text\":\"Items\"}"}]}
RESULT: {"script":"<script> [1562 bytes]","args":[{"selector":{"controlType":"sap.m.Button","viewName":"etm.portal.ui.warehousemovements.view.ExecuteMovement","viewId":"application-warehousemovements-display-component---executeMovement","properties":{"text":"Items"},"interaction":{"idSuffix":"BDI-content"}},"wdio_ui5_key":"etmportal.ui.warehousemovements.view.ExecuteMovementsap.m.Button{\"text\":\"Items\"}"}]}
RESULT: undefined
COMMAND: POST /session/73a4fd280a32fd38d4d0602b1d656d13/element - {"using":"xpath","value":"//*[@id=\"__layout353-anchBar-application-warehousemovements-display-component---executeMovement--itemsSection-anchor\"]"}
RESULT: {"using":"xpath","value":"//*[@id=\"__layout353-anchBar-application-warehousemovements-display-component---executeMovement--itemsSection-anchor\"]"}
COMMAND: POST /session/73a4fd280a32fd38d4d0602b1d656d13/element/f.8A8223F9DEA97DA973980CAD3BB2ACE0.d.18032672BCB5F1D91CBD58839982B775.e.7325/click - {}
RESULT: {}
COMMAND: GET /session/73a4fd280a32fd38d4d0602b1d656d13/screenshot - {}
RESULT: {}
COMMAND: POST /session/73a4fd280a32fd38d4d0602b1d656d13/execute/async - {"script":"<script> [1562 bytes]","args":[{"selector":{"controlType":"sap.m.ToggleButton","viewName":"etm.portal.ui.warehousemovements.view.ExecuteMovement","viewId":"application-warehousemovements-display-component---executeMovement","bindingPath":{"propertyPath":"STATUS","modelName":"catalogModel"},"interaction":{"idSuffix":"BDI-content"}},"wdio_ui5_key":"etmportal.ui.warehousemovements.view.ExecuteMovementsap.m.ToggleButton{\"propertyPath\":\"STATUS\",\"modelName\":\"catalogModel\"}"}]}
RESULT: {"script":"<script> [1562 bytes]","args":[{"selector":{"controlType":"sap.m.ToggleButton","viewName":"etm.portal.ui.warehousemovements.view.ExecuteMovement","viewId":"application-warehousemovements-display-component---executeMovement","bindingPath":{"propertyPath":"STATUS","modelName":"catalogModel"},"interaction":{"idSuffix":"BDI-content"}},"wdio_ui5_key":"etmportal.ui.warehousemovements.view.ExecuteMovementsap.m.ToggleButton{\"propertyPath\":\"STATUS\",\"modelName\":\"catalogModel\"}"}]}
RESULT: undefined
COMMAND: POST /session/73a4fd280a32fd38d4d0602b1d656d13/element - {"using":"xpath","value":"//*[@id=\"__button242-__clone2718\"]"}
RESULT: {"using":"xpath","value":"//*[@id=\"__button242-__clone2718\"]"}
COMMAND: POST /session/73a4fd280a32fd38d4d0602b1d656d13/element/f.8A8223F9DEA97DA973980CAD3BB2ACE0.d.18032672BCB5F1D91CBD58839982B775.e.7297/click - {}
RESULT: {}
RESULT: undefined
COMMAND: POST /session/73a4fd280a32fd38d4d0602b1d656d13/element - {"using":"xpath","value":"//*[@id=\"__button242-__clone2718\"]"}
COMMAND: GET /session/73a4fd280a32fd38d4d0602b1d656d13/screenshot - {}
RESULT: {"using":"xpath","value":"//*[@id=\"__button242-__clone2718\"]"}
COMMAND: POST /session/73a4fd280a32fd38d4d0602b1d656d13/element/f.8A8223F9DEA97DA973980CAD3BB2ACE0.d.18032672BCB5F1D91CBD58839982B775.e.7297/click - {}
RESULT: {}
RESULT: {}
COMMAND: GET /session/73a4fd280a32fd38d4d0602b1d656d13/screenshot - {}
RESULT: {}
COMMAND: POST /session/73a4fd280a32fd38d4d0602b1d656d13/element - {"using":"xpath","value":"//section[contains(@id,\"FC-NoHead\")]/div[1]/div[5]/div[2]/span"}
RESULT: {"using":"xpath","value":"//section[contains(@id,\"FC-NoHead\")]/div[1]/div[5]/div[2]/span"}
COMMAND: POST /session/73a4fd280a32fd38d4d0602b1d656d13/elements - {"using":"xpath","value":"//section[contains(@id,\"FC-NoHead\")]/div[1]/div[5]/div[2]/span"}
RESULT: {"using":"xpath","value":"//section[contains(@id,\"FC-NoHead\")]/div[1]/div[5]/div[2]/span"}
COMMAND: POST /session/73a4fd280a32fd38d4d0602b1d656d13/execute/sync - {"script":"<script> [56 bytes]","args":[{"element-6066-11e4-a52e-4f735466cecf":"f.8A8223F9DEA97DA973980CAD3BB2ACE0.d.18032672BCB5F1D91CBD58839982B775.e.7332","ELEMENT":"f.8A8223F9DEA97DA973980CAD3BB2ACE0.d.18032672BCB5F1D91CBD58839982B775.e.7332"}]}
RESULT: {"script":"<script> [56 bytes]","args":[{"element-6066-11e4-a52e-4f735466cecf":"f.8A8223F9DEA97DA973980CAD3BB2ACE0.d.18032672BCB5F1D91CBD58839982B775.e.7332","ELEMENT":"f.8A8223F9DEA97DA973980CAD3BB2ACE0.d.18032672BCB5F1D91CBD58839982B775.e.7332"}]}
COMMAND: POST /session/73a4fd280a32fd38d4d0602b1d656d13/actions - {"actions":[{"id":"action24","type":"key","parameters":{},"actions":[{"type":"keyDown","value":"î€‡"},{"type":"pause","duration":10},{"type":"keyUp","value":"î€‡"}]}]}
COMMAND: GET /session/73a4fd280a32fd38d4d0602b1d656d13/screenshot - {}
RESULT: {"actions":[{"id":"action24","type":"key","parameters":{},"actions":[{"type":"keyDown","value":"î€‡"},{"type":"pause","duration":10},{"type":"keyUp","value":"î€‡"}]}]}
COMMAND: POST /session/73a4fd280a32fd38d4d0602b1d656d13/execute/async - {"script":"<script> [1562 bytes]","args":[{"selector":{"id":"application-warehousemovements-display-component---executeMovement--executeId","interaction":{"idSuffix":"BDI-content"}},"wdio_ui5_key":"applicationwarehousemovements-display-component---executeMovement--executeId"}]}
COMMAND: GET /session/73a4fd280a32fd38d4d0602b1d656d13/screenshot - {}
RESULT: {}
RESULT: {"script":"<script> [1562 bytes]","args":[{"selector":{"id":"application-warehousemovements-display-component---executeMovement--executeId","interaction":{"idSuffix":"BDI-content"}},"wdio_ui5_key":"applicationwarehousemovements-display-component---executeMovement--executeId"}]}
RESULT: undefined
COMMAND: POST /session/73a4fd280a32fd38d4d0602b1d656d13/element - {"using":"xpath","value":"//*[@id=\"application-warehousemovements-display-component---executeMovement--executeId\"]"}
RESULT: {}
RESULT: {"using":"xpath","value":"//*[@id=\"application-warehousemovements-display-component---executeMovement--executeId\"]"}
COMMAND: POST /session/73a4fd280a32fd38d4d0602b1d656d13/element/f.8A8223F9DEA97DA973980CAD3BB2ACE0.d.18032672BCB5F1D91CBD58839982B775.e.7289/click - {}
RESULT: {}
COMMAND: GET /session/73a4fd280a32fd38d4d0602b1d656d13/screenshot - {}
RESULT: {}
COMMAND: POST /session/73a4fd280a32fd38d4d0602b1d656d13/element - {"using":"css selector","value":"#shell-header-logo"}
RESULT: {"using":"css selector","value":"#shell-header-logo"}
COMMAND: POST /session/73a4fd280a32fd38d4d0602b1d656d13/element/f.8A8223F9DEA97DA973980CAD3BB2ACE0.d.18032672BCB5F1D91CBD58839982B775.e.6109/click - {}
RESULT: {}
COMMAND: GET /session/73a4fd280a32fd38d4d0602b1d656d13/screenshot - {}
RESULT: {}
RESULT: undefined
COMMAND: POST /session/73a4fd280a32fd38d4d0602b1d656d13/element - {"using":"xpath","value":"//*[@id=\"__tile132\"]"}
RESULT: {"using":"xpath","value":"//*[@id=\"__tile132\"]"}
COMMAND: POST /session/73a4fd280a32fd38d4d0602b1d656d13/element/f.8A8223F9DEA97DA973980CAD3BB2ACE0.d.18032672BCB5F1D91CBD58839982B775.e.4889/click - {}
RESULT: {}
COMMAND: GET /session/73a4fd280a32fd38d4d0602b1d656d13/screenshot - {}
RESULT: {}
COMMAND: POST /session/73a4fd280a32fd38d4d0602b1d656d13/elements - {"using":"xpath","value":"//span[text()='Error']"}
RESULT: {"using":"xpath","value":"//span[text()='Error']"}
COMMAND: POST /session/73a4fd280a32fd38d4d0602b1d656d13/execute/async - {"script":"<script> [1562 bytes]","args":[{"selector":{"controlType":"sap.m.SearchField","viewName":"etm.portal.ui.managehandovers.view.MasterHO","bindingPath":{"propertyPath":"/_BASIC_SEARCH_FIELD","modelName":"fi1t3rM0d31"},"interaction":{"idSuffix":"I"}},"wdio_ui5_key":"etmportal.ui.managehandovers.view.MasterHOsap.m.SearchField{\"propertyPath\":\"/_BASIC_SEARCH_FIELD\",\"modelName\":\"fi1t3rM0d31\"}"}]}
RESULT: {"script":"<script> [1562 bytes]","args":[{"selector":{"controlType":"sap.m.SearchField","viewName":"etm.portal.ui.managehandovers.view.MasterHO","bindingPath":{"propertyPath":"/_BASIC_SEARCH_FIELD","modelName":"fi1t3rM0d31"},"interaction":{"idSuffix":"I"}},"wdio_ui5_key":"etmportal.ui.managehandovers.view.MasterHOsap.m.SearchField{\"propertyPath\":\"/_BASIC_SEARCH_FIELD\",\"modelName\":\"fi1t3rM0d31\"}"}]}
RESULT: undefined
COMMAND: POST /session/73a4fd280a32fd38d4d0602b1d656d13/execute/async - {"script":"<script> [776 bytes]","args":[{"enterText":"30459","selector":{"controlType":"sap.m.SearchField","viewName":"etm.portal.ui.managehandovers.view.MasterHO","bindingPath":{"propertyPath":"/_BASIC_SEARCH_FIELD","modelName":"fi1t3rM0d31"},"interaction":{"idSuffix":"I"}},"clearTextFirst":true,"interactionType":"ENTER_TEXT"}]}
RESULT: {"script":"<script> [776 bytes]","args":[{"enterText":"30459","selector":{"controlType":"sap.m.SearchField","viewName":"etm.portal.ui.managehandovers.view.MasterHO","bindingPath":{"propertyPath":"/_BASIC_SEARCH_FIELD","modelName":"fi1t3rM0d31"},"interaction":{"idSuffix":"I"}},"clearTextFirst":true,"interactionType":"ENTER_TEXT"}]}
COMMAND: POST /session/73a4fd280a32fd38d4d0602b1d656d13/actions - {"actions":[{"id":"action25","type":"key","parameters":{},"actions":[{"type":"keyDown","value":"î€‡"},{"type":"pause","duration":10},{"type":"keyUp","value":"î€‡"}]}]}
RESULT: {"actions":[{"id":"action25","type":"key","parameters":{},"actions":[{"type":"keyDown","value":"î€‡"},{"type":"pause","duration":10},{"type":"keyUp","value":"î€‡"}]}]}
COMMAND: GET /session/73a4fd280a32fd38d4d0602b1d656d13/screenshot - {}
RESULT: {}
COMMAND: POST /session/73a4fd280a32fd38d4d0602b1d656d13/execute/async - {"script":"<script> [1562 bytes]","args":[{"selector":{"controlType":"sap.ui.core.Icon","viewName":"etm.portal.ui.managehandovers.view.MasterHO","properties":{"src":{"regex":{"source":"slim\\-arrow\\-right"}}}},"wdio_ui5_key":"etmportal.ui.managehandovers.view.MasterHOsap.ui.core.Icon{\"src\":{\"regex\":{\"source\":\"slim\\\\-arrow\\\\-right\"}}}"}]}
RESULT: {"script":"<script> [1562 bytes]","args":[{"selector":{"controlType":"sap.ui.core.Icon","viewName":"etm.portal.ui.managehandovers.view.MasterHO","properties":{"src":{"regex":{"source":"slim\\-arrow\\-right"}}}},"wdio_ui5_key":"etmportal.ui.managehandovers.view.MasterHOsap.ui.core.Icon{\"src\":{\"regex\":{\"source\":\"slim\\\\-arrow\\\\-right\"}}}"}]}
RESULT: undefined
COMMAND: POST /session/73a4fd280a32fd38d4d0602b1d656d13/element - {"using":"xpath","value":"//*[@id=\"__item1449-__clone2797-imgNav\"]"}
RESULT: {"using":"xpath","value":"//*[@id=\"__item1449-__clone2797-imgNav\"]"}
COMMAND: POST /session/73a4fd280a32fd38d4d0602b1d656d13/element/f.8A8223F9DEA97DA973980CAD3BB2ACE0.d.18032672BCB5F1D91CBD58839982B775.e.7521/click - {}
RESULT: {}
COMMAND: GET /session/73a4fd280a32fd38d4d0602b1d656d13/screenshot - {}
RESULT: {}
COMMAND: POST /session/73a4fd280a32fd38d4d0602b1d656d13/execute/async - {"script":"<script> [1562 bytes]","args":[{"selector":{"controlType":"sap.m.Button","viewName":"etm.portal.ui.managehandovers.view.DetailExecuteHO","i18NText":{"propertyName":"text","key":"confirmAll"},"interaction":{"idSuffix":"BDI-content"}},"wdio_ui5_key":"etmportal.ui.managehandovers.view.DetailExecuteHOsap.m.Button{\"propertyName\":\"text\",\"key\":\"confirmAll\"}"}]}
RESULT: {"script":"<script> [1562 bytes]","args":[{"selector":{"controlType":"sap.m.Button","viewName":"etm.portal.ui.managehandovers.view.DetailExecuteHO","i18NText":{"propertyName":"text","key":"confirmAll"},"interaction":{"idSuffix":"BDI-content"}},"wdio_ui5_key":"etmportal.ui.managehandovers.view.DetailExecuteHOsap.m.Button{\"propertyName\":\"text\",\"key\":\"confirmAll\"}"}]}
RESULT: undefined
COMMAND: POST /session/73a4fd280a32fd38d4d0602b1d656d13/element - {"using":"xpath","value":"//*[@id=\"__button280\"]"}
RESULT: {"using":"xpath","value":"//*[@id=\"__button280\"]"}
COMMAND: POST /session/73a4fd280a32fd38d4d0602b1d656d13/element/f.8A8223F9DEA97DA973980CAD3BB2ACE0.d.18032672BCB5F1D91CBD58839982B775.e.7605/click - {}
RESULT: {}
COMMAND: GET /session/73a4fd280a32fd38d4d0602b1d656d13/screenshot - {}
RESULT: {}
COMMAND: POST /session/73a4fd280a32fd38d4d0602b1d656d13/actions - {"actions":[{"id":"action26","type":"key","parameters":{},"actions":[{"type":"keyDown","value":"î€‡"},{"type":"pause","duration":10},{"type":"keyUp","value":"î€‡"}]}]}
RESULT: {"actions":[{"id":"action26","type":"key","parameters":{},"actions":[{"type":"keyDown","value":"î€‡"},{"type":"pause","duration":10},{"type":"keyUp","value":"î€‡"}]}]}
COMMAND: GET /session/73a4fd280a32fd38d4d0602b1d656d13/screenshot - {}
RESULT: {}
COMMAND: POST /session/73a4fd280a32fd38d4d0602b1d656d13/element - {"using":"xpath","value":"//button[@data-kt=\"execHoIssueButton\"]"}
RESULT: {"using":"xpath","value":"//button[@data-kt=\"execHoIssueButton\"]"}
COMMAND: POST /session/73a4fd280a32fd38d4d0602b1d656d13/element/f.8A8223F9DEA97DA973980CAD3BB2ACE0.d.18032672BCB5F1D91CBD58839982B775.e.7612/click - {}
RESULT: {}
COMMAND: GET /session/73a4fd280a32fd38d4d0602b1d656d13/screenshot - {}
RESULT: {}
RESULT: undefined
COMMAND: POST /session/73a4fd280a32fd38d4d0602b1d656d13/execute/async - {"script":"<script> [776 bytes]","args":[{"enterText":"30459","selector":{"controlType":"sap.m.SearchField","viewName":"etm.portal.ui.managehandovers.view.MasterHO","bindingPath":{"propertyPath":"/_BASIC_SEARCH_FIELD","modelName":"fi1t3rM0d31"},"interaction":{"idSuffix":"I"}},"clearTextFirst":true,"interactionType":"ENTER_TEXT"}]}
RESULT: {"script":"<script> [776 bytes]","args":[{"enterText":"30459","selector":{"controlType":"sap.m.SearchField","viewName":"etm.portal.ui.managehandovers.view.MasterHO","bindingPath":{"propertyPath":"/_BASIC_SEARCH_FIELD","modelName":"fi1t3rM0d31"},"interaction":{"idSuffix":"I"}},"clearTextFirst":true,"interactionType":"ENTER_TEXT"}]}
COMMAND: POST /session/73a4fd280a32fd38d4d0602b1d656d13/actions - {"actions":[{"id":"action27","type":"key","parameters":{},"actions":[{"type":"keyDown","value":"î€‡"},{"type":"pause","duration":10},{"type":"keyUp","value":"î€‡"}]}]}
RESULT: {"actions":[{"id":"action27","type":"key","parameters":{},"actions":[{"type":"keyDown","value":"î€‡"},{"type":"pause","duration":10},{"type":"keyUp","value":"î€‡"}]}]}
COMMAND: GET /session/73a4fd280a32fd38d4d0602b1d656d13/screenshot - {}
RESULT: {}
COMMAND: POST /session/73a4fd280a32fd38d4d0602b1d656d13/element - {"using":"xpath","value":"//span[(text() = '30459' or . = '30459')]"}
RESULT: {"using":"xpath","value":"//span[(text() = '30459' or . = '30459')]"}
COMMAND: POST /session/73a4fd280a32fd38d4d0602b1d656d13/element/f.8A8223F9DEA97DA973980CAD3BB2ACE0.d.18032672BCB5F1D91CBD58839982B775.e.7667/click - {}
RESULT: {}
COMMAND: GET /session/73a4fd280a32fd38d4d0602b1d656d13/screenshot - {}
RESULT: {}
COMMAND: POST /session/73a4fd280a32fd38d4d0602b1d656d13/element - {"using":"xpath","value":"//span[contains(text(), \"Instructions\")]"}
RESULT: {"using":"xpath","value":"//span[contains(text(), \"Instructions\")]"}
COMMAND: POST /session/73a4fd280a32fd38d4d0602b1d656d13/element/f.8A8223F9DEA97DA973980CAD3BB2ACE0.d.18032672BCB5F1D91CBD58839982B775.e.7693/click - {}
RESULT: {}
COMMAND: GET /session/73a4fd280a32fd38d4d0602b1d656d13/screenshot - {}
RESULT: {}
COMMAND: POST /session/73a4fd280a32fd38d4d0602b1d656d13/element - {"using":"xpath","value":"//span[contains(text(), \"Instructions\")]"}
RESULT: {"using":"xpath","value":"//span[contains(text(), \"Instructions\")]"}
COMMAND: POST /session/73a4fd280a32fd38d4d0602b1d656d13/element/f.8A8223F9DEA97DA973980CAD3BB2ACE0.d.18032672BCB5F1D91CBD58839982B775.e.7693/click - {}
RESULT: {}
COMMAND: GET /session/73a4fd280a32fd38d4d0602b1d656d13/screenshot - {}
RESULT: {}
COMMAND: POST /session/73a4fd280a32fd38d4d0602b1d656d13/execute/async - {"script":"<script> [1562 bytes]","args":[{"selector":{"controlType":"sap.m.ComboBox","viewName":"etm.portal.ui.managehandovers.view.DetailExecuteHO","bindingPath":{"propertyPath":"RECEIVING_SECTION","modelName":"catalogModel"},"interaction":{"idSuffix":"inner"}},"wdio_ui5_key":"etmportal.ui.managehandovers.view.DetailExecuteHOsap.m.ComboBox{\"propertyPath\":\"RECEIVING_SECTION\",\"modelName\":\"catalogModel\"}"}]}
RESULT: {"script":"<script> [1562 bytes]","args":[{"selector":{"controlType":"sap.m.ComboBox","viewName":"etm.portal.ui.managehandovers.view.DetailExecuteHO","bindingPath":{"propertyPath":"RECEIVING_SECTION","modelName":"catalogModel"},"interaction":{"idSuffix":"inner"}},"wdio_ui5_key":"etmportal.ui.managehandovers.view.DetailExecuteHOsap.m.ComboBox{\"propertyPath\":\"RECEIVING_SECTION\",\"modelName\":\"catalogModel\"}"}]}
RESULT: undefined
COMMAND: POST /session/73a4fd280a32fd38d4d0602b1d656d13/execute/async - {"script":"<script> [776 bytes]","args":[{"enterText":"WDIO-2179","selector":{"controlType":"sap.m.ComboBox","viewName":"etm.portal.ui.managehandovers.view.DetailExecuteHO","bindingPath":{"propertyPath":"RECEIVING_SECTION","modelName":"catalogModel"},"interaction":{"idSuffix":"inner"}},"clearTextFirst":true,"interactionType":"ENTER_TEXT"}]}
RESULT: {"script":"<script> [776 bytes]","args":[{"enterText":"WDIO-2179","selector":{"controlType":"sap.m.ComboBox","viewName":"etm.portal.ui.managehandovers.view.DetailExecuteHO","bindingPath":{"propertyPath":"RECEIVING_SECTION","modelName":"catalogModel"},"interaction":{"idSuffix":"inner"}},"clearTextFirst":true,"interactionType":"ENTER_TEXT"}]}
COMMAND: POST /session/73a4fd280a32fd38d4d0602b1d656d13/actions - {"actions":[{"id":"action28","type":"key","parameters":{},"actions":[{"type":"keyDown","value":"î€‡"},{"type":"pause","duration":10},{"type":"keyUp","value":"î€‡"}]}]}
RESULT: {"actions":[{"id":"action28","type":"key","parameters":{},"actions":[{"type":"keyDown","value":"î€‡"},{"type":"pause","duration":10},{"type":"keyUp","value":"î€‡"}]}]}
COMMAND: GET /session/73a4fd280a32fd38d4d0602b1d656d13/screenshot - {}
RESULT: {}
COMMAND: POST /session/73a4fd280a32fd38d4d0602b1d656d13/element - {"using":"xpath","value":"//button[@data-kt= \"execHoReceiveButton\"]"}
RESULT: {"using":"xpath","value":"//button[@data-kt= \"execHoReceiveButton\"]"}
COMMAND: POST /session/73a4fd280a32fd38d4d0602b1d656d13/element/f.8A8223F9DEA97DA973980CAD3BB2ACE0.d.18032672BCB5F1D91CBD58839982B775.e.7698/click - {}
RESULT: {}
COMMAND: GET /session/73a4fd280a32fd38d4d0602b1d656d13/screenshot - {}
RESULT: {}
COMMAND: POST /session/73a4fd280a32fd38d4d0602b1d656d13/execute/async - {"script":"<script> [1562 bytes]","args":[{"selector":{"controlType":"sap.m.Button","properties":{"text":"Continue"},"searchOpenDialogs":true,"interaction":{"idSuffix":"content"}},"wdio_ui5_key":"sapm.Button{\"text\":\"Continue\"}"}]}
RESULT: {"script":"<script> [1562 bytes]","args":[{"selector":{"controlType":"sap.m.Button","properties":{"text":"Continue"},"searchOpenDialogs":true,"interaction":{"idSuffix":"content"}},"wdio_ui5_key":"sapm.Button{\"text\":\"Continue\"}"}]}
RESULT: undefined
COMMAND: POST /session/73a4fd280a32fd38d4d0602b1d656d13/element - {"using":"xpath","value":"//*[@id=\"__mbox-btn-6\"]"}
RESULT: {"using":"xpath","value":"//*[@id=\"__mbox-btn-6\"]"}
COMMAND: POST /session/73a4fd280a32fd38d4d0602b1d656d13/element/f.8A8223F9DEA97DA973980CAD3BB2ACE0.d.18032672BCB5F1D91CBD58839982B775.e.7699/click - {}
RESULT: {}
COMMAND: GET /session/73a4fd280a32fd38d4d0602b1d656d13/screenshot - {}
RESULT: {}
COMMAND: POST /session/73a4fd280a32fd38d4d0602b1d656d13/element - {"using":"css selector","value":"#shell-header-logo"}
RESULT: {"using":"css selector","value":"#shell-header-logo"}
COMMAND: POST /session/73a4fd280a32fd38d4d0602b1d656d13/element/f.8A8223F9DEA97DA973980CAD3BB2ACE0.d.18032672BCB5F1D91CBD58839982B775.e.7398/click - {}
RESULT: {}
COMMAND: GET /session/73a4fd280a32fd38d4d0602b1d656d13/screenshot - {}
RESULT: {}
]]></system-out>
    </testcase>
    <testcase classname="chrome.136_0_7103_93.windows.Provide_to_Site_w/_warehouse_management_w_clarification" name="Should test for Clarification" time="71.954">
      <system-out><![CDATA[
RESULT: undefined
COMMAND: POST /session/73a4fd280a32fd38d4d0602b1d656d13/element - {"using":"xpath","value":"//*[@id=\"__tile132\"]"}
RESULT: {"using":"xpath","value":"//*[@id=\"__tile132\"]"}
COMMAND: POST /session/73a4fd280a32fd38d4d0602b1d656d13/element/f.8A8223F9DEA97DA973980CAD3BB2ACE0.d.18032672BCB5F1D91CBD58839982B775.e.4889/click - {}
RESULT: {}
COMMAND: GET /session/73a4fd280a32fd38d4d0602b1d656d13/screenshot - {}
RESULT: {}
COMMAND: POST /session/73a4fd280a32fd38d4d0602b1d656d13/elements - {"using":"xpath","value":"//span[text()='Error']"}
RESULT: {"using":"xpath","value":"//span[text()='Error']"}
RESULT: undefined
COMMAND: POST /session/73a4fd280a32fd38d4d0602b1d656d13/execute/async - {"script":"<script> [776 bytes]","args":[{"enterText":"30459","selector":{"controlType":"sap.m.SearchField","viewName":"etm.portal.ui.managehandovers.view.MasterHO","bindingPath":{"propertyPath":"/_BASIC_SEARCH_FIELD","modelName":"fi1t3rM0d31"},"interaction":{"idSuffix":"I"}},"clearTextFirst":true,"interactionType":"ENTER_TEXT"}]}
RESULT: {"script":"<script> [776 bytes]","args":[{"enterText":"30459","selector":{"controlType":"sap.m.SearchField","viewName":"etm.portal.ui.managehandovers.view.MasterHO","bindingPath":{"propertyPath":"/_BASIC_SEARCH_FIELD","modelName":"fi1t3rM0d31"},"interaction":{"idSuffix":"I"}},"clearTextFirst":true,"interactionType":"ENTER_TEXT"}]}
COMMAND: POST /session/73a4fd280a32fd38d4d0602b1d656d13/actions - {"actions":[{"id":"action29","type":"key","parameters":{},"actions":[{"type":"keyDown","value":"î€‡"},{"type":"pause","duration":10},{"type":"keyUp","value":"î€‡"}]}]}
RESULT: {"actions":[{"id":"action29","type":"key","parameters":{},"actions":[{"type":"keyDown","value":"î€‡"},{"type":"pause","duration":10},{"type":"keyUp","value":"î€‡"}]}]}
COMMAND: GET /session/73a4fd280a32fd38d4d0602b1d656d13/screenshot - {}
RESULT: {}
COMMAND: POST /session/73a4fd280a32fd38d4d0602b1d656d13/element - {"using":"xpath","value":"//span[(text() = '30459' or . = '30459')]"}
RESULT: {"using":"xpath","value":"//span[(text() = '30459' or . = '30459')]"}
COMMAND: POST /session/73a4fd280a32fd38d4d0602b1d656d13/element/f.8A8223F9DEA97DA973980CAD3BB2ACE0.d.18032672BCB5F1D91CBD58839982B775.e.7993/click - {}
RESULT: {}
COMMAND: GET /session/73a4fd280a32fd38d4d0602b1d656d13/screenshot - {}
RESULT: {}
COMMAND: POST /session/73a4fd280a32fd38d4d0602b1d656d13/element - {"using":"xpath","value":"//span[contains(text(), \"Instructions\")]"}
RESULT: {"using":"xpath","value":"//span[contains(text(), \"Instructions\")]"}
COMMAND: POST /session/73a4fd280a32fd38d4d0602b1d656d13/element/f.8A8223F9DEA97DA973980CAD3BB2ACE0.d.18032672BCB5F1D91CBD58839982B775.e.8077/click - {}
RESULT: {}
COMMAND: GET /session/73a4fd280a32fd38d4d0602b1d656d13/screenshot - {}
RESULT: {}
COMMAND: POST /session/73a4fd280a32fd38d4d0602b1d656d13/element - {"using":"xpath","value":"//span[contains(text(), \"Instructions\")]"}
RESULT: {"using":"xpath","value":"//span[contains(text(), \"Instructions\")]"}
COMMAND: POST /session/73a4fd280a32fd38d4d0602b1d656d13/element/f.8A8223F9DEA97DA973980CAD3BB2ACE0.d.18032672BCB5F1D91CBD58839982B775.e.8077/click - {}
RESULT: {}
COMMAND: GET /session/73a4fd280a32fd38d4d0602b1d656d13/screenshot - {}
RESULT: {}
COMMAND: POST /session/73a4fd280a32fd38d4d0602b1d656d13/element - {"using":"xpath","value":"//button[.//bdi[text() = \"Refuse\"]]"}
RESULT: {"using":"xpath","value":"//button[.//bdi[text() = \"Refuse\"]]"}
COMMAND: POST /session/73a4fd280a32fd38d4d0602b1d656d13/element/f.8A8223F9DEA97DA973980CAD3BB2ACE0.d.18032672BCB5F1D91CBD58839982B775.e.8083/click - {}
RESULT: {}
COMMAND: GET /session/73a4fd280a32fd38d4d0602b1d656d13/screenshot - {}
RESULT: {}
COMMAND: POST /session/73a4fd280a32fd38d4d0602b1d656d13/element - {"using":"xpath","value":"//button[@data-kt= \"execHoReceiveRefuseButton\"]"}
RESULT: {"using":"xpath","value":"//button[@data-kt= \"execHoReceiveRefuseButton\"]"}
COMMAND: POST /session/73a4fd280a32fd38d4d0602b1d656d13/element/f.8A8223F9DEA97DA973980CAD3BB2ACE0.d.18032672BCB5F1D91CBD58839982B775.e.8085/click - {}
RESULT: {}
COMMAND: GET /session/73a4fd280a32fd38d4d0602b1d656d13/screenshot - {}
RESULT: {}
COMMAND: POST /session/73a4fd280a32fd38d4d0602b1d656d13/element - {"using":"css selector","value":"#shell-header-logo"}
RESULT: {"using":"css selector","value":"#shell-header-logo"}
COMMAND: POST /session/73a4fd280a32fd38d4d0602b1d656d13/element/f.8A8223F9DEA97DA973980CAD3BB2ACE0.d.18032672BCB5F1D91CBD58839982B775.e.7739/click - {}
RESULT: {}
COMMAND: GET /session/73a4fd280a32fd38d4d0602b1d656d13/screenshot - {}
RESULT: {}
COMMAND: POST /session/73a4fd280a32fd38d4d0602b1d656d13/element - {"using":"css selector","value":"#j_username"}
COMMAND: POST /session/73a4fd280a32fd38d4d0602b1d656d13/url - {"url":"https://qa-testing-00-live-etm-ui.cfapps.eu10-004.hana.ondemand.com/"}
RESULT: {"using":"css selector","value":"#j_username"}
COMMAND: POST /session/73a4fd280a32fd38d4d0602b1d656d13/element - {"using":"css selector","value":"#j_username"}
RESULT: {"url":"https://qa-testing-00-live-etm-ui.cfapps.eu10-004.hana.ondemand.com/"}
RESULT: undefined
COMMAND: GET /session/73a4fd280a32fd38d4d0602b1d656d13/screenshot - {}
RESULT: {"using":"css selector","value":"#j_username"}
COMMAND: POST /session/73a4fd280a32fd38d4d0602b1d656d13/element - {"using":"css selector","value":"#shell-header-logo"}
RESULT: {}
RESULT: {"using":"css selector","value":"#shell-header-logo"}
COMMAND: POST /session/73a4fd280a32fd38d4d0602b1d656d13/execute/sync - {"script":"<script> [8489 bytes]","args":[{"element-6066-11e4-a52e-4f735466cecf":"f.8A8223F9DEA97DA973980CAD3BB2ACE0.d.329266C3E4FF3F49C5BD8C6C0F49A678.e.8149","ELEMENT":"f.8A8223F9DEA97DA973980CAD3BB2ACE0.d.329266C3E4FF3F49C5BD8C6C0F49A678.e.8149"}]}
RESULT: {"script":"<script> [8489 bytes]","args":[{"element-6066-11e4-a52e-4f735466cecf":"f.8A8223F9DEA97DA973980CAD3BB2ACE0.d.329266C3E4FF3F49C5BD8C6C0F49A678.e.8149","ELEMENT":"f.8A8223F9DEA97DA973980CAD3BB2ACE0.d.329266C3E4FF3F49C5BD8C6C0F49A678.e.8149"}]}
COMMAND: POST /session/73a4fd280a32fd38d4d0602b1d656d13/element - {"using":"css selector","value":"#shell-header-logo"}
COMMAND: GET /session/73a4fd280a32fd38d4d0602b1d656d13/screenshot - {}
RESULT: {"using":"css selector","value":"#shell-header-logo"}
COMMAND: POST /session/73a4fd280a32fd38d4d0602b1d656d13/execute/sync - {"script":"<script> [8489 bytes]","args":[{"element-6066-11e4-a52e-4f735466cecf":"f.8A8223F9DEA97DA973980CAD3BB2ACE0.d.329266C3E4FF3F49C5BD8C6C0F49A678.e.8149","ELEMENT":"f.8A8223F9DEA97DA973980CAD3BB2ACE0.d.329266C3E4FF3F49C5BD8C6C0F49A678.e.8149"}]}
RESULT: {}
RESULT: {"script":"<script> [8489 bytes]","args":[{"element-6066-11e4-a52e-4f735466cecf":"f.8A8223F9DEA97DA973980CAD3BB2ACE0.d.329266C3E4FF3F49C5BD8C6C0F49A678.e.8149","ELEMENT":"f.8A8223F9DEA97DA973980CAD3BB2ACE0.d.329266C3E4FF3F49C5BD8C6C0F49A678.e.8149"}]}
COMMAND: POST /session/73a4fd280a32fd38d4d0602b1d656d13/execute/sync - {"script":"<script> [5351 bytes]","args":[{"element-6066-11e4-a52e-4f735466cecf":"f.8A8223F9DEA97DA973980CAD3BB2ACE0.d.329266C3E4FF3F49C5BD8C6C0F49A678.e.8149","ELEMENT":"f.8A8223F9DEA97DA973980CAD3BB2ACE0.d.329266C3E4FF3F49C5BD8C6C0F49A678.e.8149"}]}
COMMAND: GET /session/73a4fd280a32fd38d4d0602b1d656d13/screenshot - {}
RESULT: {"script":"<script> [5351 bytes]","args":[{"element-6066-11e4-a52e-4f735466cecf":"f.8A8223F9DEA97DA973980CAD3BB2ACE0.d.329266C3E4FF3F49C5BD8C6C0F49A678.e.8149","ELEMENT":"f.8A8223F9DEA97DA973980CAD3BB2ACE0.d.329266C3E4FF3F49C5BD8C6C0F49A678.e.8149"}]}
COMMAND: POST /session/73a4fd280a32fd38d4d0602b1d656d13/element - {"using":"css selector","value":"#shell-header-logo"}
COMMAND: GET /session/73a4fd280a32fd38d4d0602b1d656d13/screenshot - {}
RESULT: {}
RESULT: {"using":"css selector","value":"#shell-header-logo"}
COMMAND: POST /session/73a4fd280a32fd38d4d0602b1d656d13/element/f.8A8223F9DEA97DA973980CAD3BB2ACE0.d.329266C3E4FF3F49C5BD8C6C0F49A678.e.8149/click - {}
RESULT: {}
RESULT: {}
COMMAND: GET /session/73a4fd280a32fd38d4d0602b1d656d13/screenshot - {}
RESULT: {}
COMMAND: POST /session/73a4fd280a32fd38d4d0602b1d656d13/execute/async - {"script":"<script> [189 bytes]","args":[]}
RESULT: {"script":"<script> [189 bytes]","args":[]}
COMMAND: POST /session/73a4fd280a32fd38d4d0602b1d656d13/execute/async - {"script":"<script> [123 bytes]","args":[]}
RESULT: {"script":"<script> [123 bytes]","args":[]}
COMMAND: POST /session/73a4fd280a32fd38d4d0602b1d656d13/timeouts - {"script":"<number>"}
RESULT: {"script":"<number>"}
COMMAND: GET /session/73a4fd280a32fd38d4d0602b1d656d13/timeouts - {}
RESULT: {}
RESULT: undefined
COMMAND: POST /session/73a4fd280a32fd38d4d0602b1d656d13/execute/async - {"script":"<script> [2676 bytes]","args":[]}
RESULT: {"script":"<script> [2676 bytes]","args":[]}
COMMAND: POST /session/73a4fd280a32fd38d4d0602b1d656d13/execute/async - {"script":"<script> [2342 bytes]","args":[{"protocol":"http","hostname":"0.0.0.0","path":"/","capabilities":{"browserName":"chrome","goog:chromeOptions":{"binary":"C:\\Program Files\\Google\\Chrome\\Application\\chrome.exe","args":["--start-maximized"]}},"logLevel":"warn","connectionRetryTimeout":120000,"connectionRetryCount":3,"logLevels":{},"enableDirectConnect":true,"strictSSL":true,"_":"65 more keys: [\"cacheDir\",\"port\",\"requestedCapabilities\",\"automationProtocol\",\"baseUrl\",\"waitforInterval\",\"waitforTimeout\",\"onReload\",\"beforeCommand\",\"afterCommand\",\"rootDir\",\"specs\",\"suites\",\"exclude\",\"groupLogsByTestSpec\",\"excludeDriverLogs\",\"bail\",\"framework\",\"reporters\",\"services\",\"maxInstances\",\"maxInstancesPerCapability\",\"injectGlobals\",\"filesToWatch\",\"execArgv\",\"runnerEnv\",\"runner\",\"shard\",\"specFileRetries\",\"specFileRetriesDelay\",\"specFileRetriesDeferred\",\"reporterSyncInterval\",\"reporterSyncTimeout\",\"cucumberFeaturesWithLineNumbers\",\"autoCompileOpts\",\"mochaOpts\",\"jasmineOpts\",\"cucumberOpts\",\"onPrepare\",\"onWorkerStart\",\"onWorkerEnd\",\"before\",\"beforeSession\",\"beforeSuite\",\"beforeHook\",\"beforeTest\",\"afterTest\",\"afterHook\",\"afterSuite\",\"afterSession\",\"after\",\"onComplete\",\"beforeAssertion\",\"afterAssertion\",\"beforeFeature\",\"beforeScenario\",\"beforeStep\",\"afterStep\",\"afterScenario\",\"afterFeature\",\"_\",\"suite\",\"$0\",\"ignoredWorkerServices\",\"wdi5\"]"}]}
RESULT: {"script":"<script> [2342 bytes]","args":[{"protocol":"http","hostname":"0.0.0.0","path":"/","capabilities":{"browserName":"chrome","goog:chromeOptions":{"binary":"C:\\Program Files\\Google\\Chrome\\Application\\chrome.exe","args":["--start-maximized"]}},"logLevel":"warn","connectionRetryTimeout":120000,"connectionRetryCount":3,"logLevels":{},"enableDirectConnect":true,"strictSSL":true,"_":"65 more keys: [\"cacheDir\",\"port\",\"requestedCapabilities\",\"automationProtocol\",\"baseUrl\",\"waitforInterval\",\"waitforTimeout\",\"onReload\",\"beforeCommand\",\"afterCommand\",\"rootDir\",\"specs\",\"suites\",\"exclude\",\"groupLogsByTestSpec\",\"excludeDriverLogs\",\"bail\",\"framework\",\"reporters\",\"services\",\"maxInstances\",\"maxInstancesPerCapability\",\"injectGlobals\",\"filesToWatch\",\"execArgv\",\"runnerEnv\",\"runner\",\"shard\",\"specFileRetries\",\"specFileRetriesDelay\",\"specFileRetriesDeferred\",\"reporterSyncInterval\",\"reporterSyncTimeout\",\"cucumberFeaturesWithLineNumbers\",\"autoCompileOpts\",\"mochaOpts\",\"jasmineOpts\",\"cucumberOpts\",\"onPrepare\",\"onWorkerStart\",\"onWorkerEnd\",\"before\",\"beforeSession\",\"beforeSuite\",\"beforeHook\",\"beforeTest\",\"afterTest\",\"afterHook\",\"afterSuite\",\"afterSession\",\"after\",\"onComplete\",\"beforeAssertion\",\"afterAssertion\",\"beforeFeature\",\"beforeScenario\",\"beforeStep\",\"afterStep\",\"afterScenario\",\"afterFeature\",\"_\",\"suite\",\"$0\",\"ignoredWorkerServices\",\"wdi5\"]"}]}
COMMAND: POST /session/73a4fd280a32fd38d4d0602b1d656d13/execute/async - {"script":"<script> [21126 bytes]","args":[35000]}
RESULT: {"script":"<script> [21126 bytes]","args":[35000]}
COMMAND: POST /session/73a4fd280a32fd38d4d0602b1d656d13/window/maximize - {}
RESULT: {}
COMMAND: POST /session/73a4fd280a32fd38d4d0602b1d656d13/execute/async - {"script":"<script> [1562 bytes]","args":[{"selector":{"id":"shell-header","interaction":{"idSuffix":"icon"}},"wdio_ui5_key":"shellheader"}]}
COMMAND: GET /session/73a4fd280a32fd38d4d0602b1d656d13/screenshot - {}
RESULT: {"script":"<script> [1562 bytes]","args":[{"selector":{"id":"shell-header","interaction":{"idSuffix":"icon"}},"wdio_ui5_key":"shellheader"}]}
RESULT: undefined
COMMAND: POST /session/73a4fd280a32fd38d4d0602b1d656d13/window/fullscreen - {}
RESULT: {}
RESULT: {}
]]></system-out>
    </testcase>
  </testsuite>
  <testsuite timestamp="2025-05-15T16:44:50" time="160.627" tests="6" failures="0" errors="0" skipped="0">
    <properties>
      <property name="specId" value="0" />
      <property name="suiteName" value="Provide to Site w/ warehouse management w/o clarification US113782 " />
      <property name="capabilities" value="chrome.136_0_7103_93.windows" />
      <property name="file" value="file:///D:/a/1/s/test/specs/HTR/provide-to-site-w-warehouse-wo-clarification.spec.js" />
    </properties>
    <testcase classname="chrome.136_0_7103_93.windows.Provide_to_Site_w/_warehouse_management_w/o_clarification_US113782_" name="Should create a new WHM yard" time="0.016">
      <system-out><![CDATA[
COMMAND: POST /session/73a4fd280a32fd38d4d0602b1d656d13/window/fullscreen - {}
RESULT: {}
]]></system-out>
    </testcase>
    <testcase classname="chrome.136_0_7103_93.windows.Provide_to_Site_w/_warehouse_management_w/o_clarification_US113782_" name="Should create a new external WHM partner" time="0.005" />
    <testcase classname="chrome.136_0_7103_93.windows.Provide_to_Site_w/_warehouse_management_w/o_clarification_US113782_" name="Should create a new WHM site" time="0.005" />
    <testcase classname="chrome.136_0_7103_93.windows.Provide_to_Site_w/_warehouse_management_w/o_clarification_US113782_" name="Should create a new material" time="138.816">
      <system-out><![CDATA[
COMMAND: POST /session/73a4fd280a32fd38d4d0602b1d656d13/execute/async - {"script":"<script> [1562 bytes]","args":[{"selector":{"controlType":"sap.m.GenericTile","properties":{"header":"Manage Resources"}},"wdio_ui5_key":"sapm.GenericTile{\"header\":\"Manage Resources\"}"}]}
RESULT: {"script":"<script> [1562 bytes]","args":[{"selector":{"controlType":"sap.m.GenericTile","properties":{"header":"Manage Resources"}},"wdio_ui5_key":"sapm.GenericTile{\"header\":\"Manage Resources\"}"}]}
RESULT: undefined
COMMAND: POST /session/73a4fd280a32fd38d4d0602b1d656d13/element - {"using":"xpath","value":"//*[@id=\"__tile31\"]"}
RESULT: {"using":"xpath","value":"//*[@id=\"__tile31\"]"}
COMMAND: POST /session/73a4fd280a32fd38d4d0602b1d656d13/element/f.8A8223F9DEA97DA973980CAD3BB2ACE0.d.329266C3E4FF3F49C5BD8C6C0F49A678.e.8166/click - {}
RESULT: {}
COMMAND: GET /session/73a4fd280a32fd38d4d0602b1d656d13/screenshot - {}
RESULT: {}
COMMAND: POST /session/73a4fd280a32fd38d4d0602b1d656d13/elements - {"using":"xpath","value":"//span[text()='Error']"}
RESULT: {"using":"xpath","value":"//span[text()='Error']"}
COMMAND: POST /session/73a4fd280a32fd38d4d0602b1d656d13/element - {"using":"xpath","value":"//button[@data-kt=\"addNewRUOverflowToolbarButton\"]"}
RESULT: {"using":"xpath","value":"//button[@data-kt=\"addNewRUOverflowToolbarButton\"]"}
COMMAND: POST /session/73a4fd280a32fd38d4d0602b1d656d13/elements - {"using":"xpath","value":"//button[@data-kt=\"addNewRUOverflowToolbarButton\"]"}
RESULT: {"using":"xpath","value":"//button[@data-kt=\"addNewRUOverflowToolbarButton\"]"}
COMMAND: POST /session/73a4fd280a32fd38d4d0602b1d656d13/elements - {"using":"xpath","value":"//button[@data-kt=\"addNewRUOverflowToolbarButton\"]"}
RESULT: {"using":"xpath","value":"//button[@data-kt=\"addNewRUOverflowToolbarButton\"]"}
COMMAND: POST /session/73a4fd280a32fd38d4d0602b1d656d13/element - {"using":"xpath","value":"//button[@data-kt=\"addNewRUOverflowToolbarButton\"]"}
RESULT: {"using":"xpath","value":"//button[@data-kt=\"addNewRUOverflowToolbarButton\"]"}
COMMAND: POST /session/73a4fd280a32fd38d4d0602b1d656d13/execute/sync - {"script":"<script> [8489 bytes]","args":[{"element-6066-11e4-a52e-4f735466cecf":"f.8A8223F9DEA97DA973980CAD3BB2ACE0.d.329266C3E4FF3F49C5BD8C6C0F49A678.e.8296","ELEMENT":"f.8A8223F9DEA97DA973980CAD3BB2ACE0.d.329266C3E4FF3F49C5BD8C6C0F49A678.e.8296"}]}
RESULT: {"script":"<script> [8489 bytes]","args":[{"element-6066-11e4-a52e-4f735466cecf":"f.8A8223F9DEA97DA973980CAD3BB2ACE0.d.329266C3E4FF3F49C5BD8C6C0F49A678.e.8296","ELEMENT":"f.8A8223F9DEA97DA973980CAD3BB2ACE0.d.329266C3E4FF3F49C5BD8C6C0F49A678.e.8296"}]}
COMMAND: GET /session/73a4fd280a32fd38d4d0602b1d656d13/element/f.8A8223F9DEA97DA973980CAD3BB2ACE0.d.329266C3E4FF3F49C5BD8C6C0F49A678.e.8296/enabled - {}
RESULT: {}
COMMAND: POST /session/73a4fd280a32fd38d4d0602b1d656d13/execute/sync - {"script":"<script> [8489 bytes]","args":[{"element-6066-11e4-a52e-4f735466cecf":"f.8A8223F9DEA97DA973980CAD3BB2ACE0.d.329266C3E4FF3F49C5BD8C6C0F49A678.e.8296","ELEMENT":"f.8A8223F9DEA97DA973980CAD3BB2ACE0.d.329266C3E4FF3F49C5BD8C6C0F49A678.e.8296"}]}
RESULT: {"script":"<script> [8489 bytes]","args":[{"element-6066-11e4-a52e-4f735466cecf":"f.8A8223F9DEA97DA973980CAD3BB2ACE0.d.329266C3E4FF3F49C5BD8C6C0F49A678.e.8296","ELEMENT":"f.8A8223F9DEA97DA973980CAD3BB2ACE0.d.329266C3E4FF3F49C5BD8C6C0F49A678.e.8296"}]}
COMMAND: POST /session/73a4fd280a32fd38d4d0602b1d656d13/execute/sync - {"script":"<script> [5351 bytes]","args":[{"element-6066-11e4-a52e-4f735466cecf":"f.8A8223F9DEA97DA973980CAD3BB2ACE0.d.329266C3E4FF3F49C5BD8C6C0F49A678.e.8296","ELEMENT":"f.8A8223F9DEA97DA973980CAD3BB2ACE0.d.329266C3E4FF3F49C5BD8C6C0F49A678.e.8296"}]}
RESULT: {"script":"<script> [5351 bytes]","args":[{"element-6066-11e4-a52e-4f735466cecf":"f.8A8223F9DEA97DA973980CAD3BB2ACE0.d.329266C3E4FF3F49C5BD8C6C0F49A678.e.8296","ELEMENT":"f.8A8223F9DEA97DA973980CAD3BB2ACE0.d.329266C3E4FF3F49C5BD8C6C0F49A678.e.8296"}]}
COMMAND: POST /session/73a4fd280a32fd38d4d0602b1d656d13/element/f.8A8223F9DEA97DA973980CAD3BB2ACE0.d.329266C3E4FF3F49C5BD8C6C0F49A678.e.8296/click - {}
COMMAND: GET /session/73a4fd280a32fd38d4d0602b1d656d13/screenshot - {}
COMMAND: GET /session/73a4fd280a32fd38d4d0602b1d656d13/screenshot - {}
COMMAND: GET /session/73a4fd280a32fd38d4d0602b1d656d13/screenshot - {}
COMMAND: GET /session/73a4fd280a32fd38d4d0602b1d656d13/screenshot - {}
RESULT: {}
COMMAND: GET /session/73a4fd280a32fd38d4d0602b1d656d13/screenshot - {}
RESULT: {}
RESULT: {}
RESULT: {}
RESULT: {}
RESULT: {}
COMMAND: POST /session/73a4fd280a32fd38d4d0602b1d656d13/execute/async - {"script":"<script> [1562 bytes]","args":[{"selector":{"id":"application-manageresources-display-component---newResourceUnit--TYPE-arrow"},"wdio_ui5_key":"applicationmanageresources-display-component---newResourceUnit--TYPE-arrow"}]}
RESULT: {"script":"<script> [1562 bytes]","args":[{"selector":{"id":"application-manageresources-display-component---newResourceUnit--TYPE-arrow"},"wdio_ui5_key":"applicationmanageresources-display-component---newResourceUnit--TYPE-arrow"}]}
RESULT: undefined
COMMAND: POST /session/73a4fd280a32fd38d4d0602b1d656d13/element - {"using":"xpath","value":"//*[@id=\"application-manageresources-display-component---newResourceUnit--TYPE-arrow\"]"}
RESULT: {"using":"xpath","value":"//*[@id=\"application-manageresources-display-component---newResourceUnit--TYPE-arrow\"]"}
COMMAND: POST /session/73a4fd280a32fd38d4d0602b1d656d13/element/f.8A8223F9DEA97DA973980CAD3BB2ACE0.d.329266C3E4FF3F49C5BD8C6C0F49A678.e.8654/click - {}
RESULT: {}
COMMAND: POST /session/73a4fd280a32fd38d4d0602b1d656d13/element - {"using":"xpath","value":"//input[@id=\"application-manageresources-display-component---newResourceUnit--TYPE-inner\"]"}
COMMAND: GET /session/73a4fd280a32fd38d4d0602b1d656d13/screenshot - {}
RESULT: {"using":"xpath","value":"//input[@id=\"application-manageresources-display-component---newResourceUnit--TYPE-inner\"]"}
COMMAND: POST /session/73a4fd280a32fd38d4d0602b1d656d13/element/f.8A8223F9DEA97DA973980CAD3BB2ACE0.d.329266C3E4FF3F49C5BD8C6C0F49A678.e.8650/clear - {}
RESULT: {}
RESULT: {}
COMMAND: POST /session/73a4fd280a32fd38d4d0602b1d656d13/element/f.8A8223F9DEA97DA973980CAD3BB2ACE0.d.329266C3E4FF3F49C5BD8C6C0F49A678.e.8650/value - {"text":"Material"}
COMMAND: GET /session/73a4fd280a32fd38d4d0602b1d656d13/screenshot - {}
RESULT: {"text":"Material"}
COMMAND: GET /session/73a4fd280a32fd38d4d0602b1d656d13/screenshot - {}
RESULT: {}
RESULT: {}
COMMAND: POST /session/73a4fd280a32fd38d4d0602b1d656d13/actions - {"actions":[{"id":"action30","type":"key","parameters":{},"actions":[{"type":"keyDown","value":"î€‡"},{"type":"pause","duration":10},{"type":"keyUp","value":"î€‡"}]}]}
RESULT: {"actions":[{"id":"action30","type":"key","parameters":{},"actions":[{"type":"keyDown","value":"î€‡"},{"type":"pause","duration":10},{"type":"keyUp","value":"î€‡"}]}]}
COMMAND: POST /session/73a4fd280a32fd38d4d0602b1d656d13/execute/async - {"script":"<script> [1562 bytes]","args":[{"selector":{"id":"application-manageresources-display-component---newResourceUnit--SHORT_TEXT","interaction":{"idSuffix":"inner"}},"wdio_ui5_key":"applicationmanageresources-display-component---newResourceUnit--SHORT_TEXT"}]}
COMMAND: GET /session/73a4fd280a32fd38d4d0602b1d656d13/screenshot - {}
RESULT: {"script":"<script> [1562 bytes]","args":[{"selector":{"id":"application-manageresources-display-component---newResourceUnit--SHORT_TEXT","interaction":{"idSuffix":"inner"}},"wdio_ui5_key":"applicationmanageresources-display-component---newResourceUnit--SHORT_TEXT"}]}
RESULT: undefined
COMMAND: POST /session/73a4fd280a32fd38d4d0602b1d656d13/execute/async - {"script":"<script> [776 bytes]","args":[{"enterText":"Cement WDIO","selector":{"id":"application-manageresources-display-component---newResourceUnit--SHORT_TEXT","interaction":{"idSuffix":"inner"}},"clearTextFirst":true,"interactionType":"ENTER_TEXT"}]}
RESULT: {}
RESULT: {"script":"<script> [776 bytes]","args":[{"enterText":"Cement WDIO","selector":{"id":"application-manageresources-display-component---newResourceUnit--SHORT_TEXT","interaction":{"idSuffix":"inner"}},"clearTextFirst":true,"interactionType":"ENTER_TEXT"}]}
COMMAND: POST /session/73a4fd280a32fd38d4d0602b1d656d13/execute/async - {"script":"<script> [1562 bytes]","args":[{"selector":{"id":"application-manageresources-display-component---newResourceUnit--BASE_UNIT_OF_MEASURE","interaction":{"idSuffix":"inner"}},"wdio_ui5_key":"applicationmanageresources-display-component---newResourceUnit--BASE_UNIT_OF_MEASURE"}]}
RESULT: {"script":"<script> [1562 bytes]","args":[{"selector":{"id":"application-manageresources-display-component---newResourceUnit--BASE_UNIT_OF_MEASURE","interaction":{"idSuffix":"inner"}},"wdio_ui5_key":"applicationmanageresources-display-component---newResourceUnit--BASE_UNIT_OF_MEASURE"}]}
RESULT: undefined
COMMAND: POST /session/73a4fd280a32fd38d4d0602b1d656d13/execute/async - {"script":"<script> [776 bytes]","args":[{"enterText":"Piece","selector":{"id":"application-manageresources-display-component---newResourceUnit--BASE_UNIT_OF_MEASURE","interaction":{"idSuffix":"inner"}},"clearTextFirst":true,"interactionType":"ENTER_TEXT"}]}
RESULT: {"script":"<script> [776 bytes]","args":[{"enterText":"Piece","selector":{"id":"application-manageresources-display-component---newResourceUnit--BASE_UNIT_OF_MEASURE","interaction":{"idSuffix":"inner"}},"clearTextFirst":true,"interactionType":"ENTER_TEXT"}]}
COMMAND: POST /session/73a4fd280a32fd38d4d0602b1d656d13/execute/async - {"script":"<script> [1562 bytes]","args":[{"selector":{"id":"application-manageresources-display-component---newResourceUnit--WEIGHT_UNIT","interaction":{"idSuffix":"inner"}},"wdio_ui5_key":"applicationmanageresources-display-component---newResourceUnit--WEIGHT_UNIT"}]}
RESULT: {"script":"<script> [1562 bytes]","args":[{"selector":{"id":"application-manageresources-display-component---newResourceUnit--WEIGHT_UNIT","interaction":{"idSuffix":"inner"}},"wdio_ui5_key":"applicationmanageresources-display-component---newResourceUnit--WEIGHT_UNIT"}]}
RESULT: undefined
COMMAND: POST /session/73a4fd280a32fd38d4d0602b1d656d13/execute/async - {"script":"<script> [776 bytes]","args":[{"enterText":"Gram","selector":{"id":"application-manageresources-display-component---newResourceUnit--WEIGHT_UNIT","interaction":{"idSuffix":"inner"}},"clearTextFirst":true,"interactionType":"ENTER_TEXT"}]}
RESULT: {"script":"<script> [776 bytes]","args":[{"enterText":"Gram","selector":{"id":"application-manageresources-display-component---newResourceUnit--WEIGHT_UNIT","interaction":{"idSuffix":"inner"}},"clearTextFirst":true,"interactionType":"ENTER_TEXT"}]}
COMMAND: POST /session/73a4fd280a32fd38d4d0602b1d656d13/execute/async - {"script":"<script> [1562 bytes]","args":[{"selector":{"id":"application-manageresources-display-component---newResourceUnit--DIMENSION_UNIT","interaction":{"idSuffix":"inner"}},"wdio_ui5_key":"applicationmanageresources-display-component---newResourceUnit--DIMENSION_UNIT"}]}
RESULT: {"script":"<script> [1562 bytes]","args":[{"selector":{"id":"application-manageresources-display-component---newResourceUnit--DIMENSION_UNIT","interaction":{"idSuffix":"inner"}},"wdio_ui5_key":"applicationmanageresources-display-component---newResourceUnit--DIMENSION_UNIT"}]}
RESULT: undefined
COMMAND: POST /session/73a4fd280a32fd38d4d0602b1d656d13/execute/async - {"script":"<script> [776 bytes]","args":[{"enterText":"Meter","selector":{"id":"application-manageresources-display-component---newResourceUnit--DIMENSION_UNIT","interaction":{"idSuffix":"inner"}},"clearTextFirst":true,"interactionType":"ENTER_TEXT"}]}
RESULT: {"script":"<script> [776 bytes]","args":[{"enterText":"Meter","selector":{"id":"application-manageresources-display-component---newResourceUnit--DIMENSION_UNIT","interaction":{"idSuffix":"inner"}},"clearTextFirst":true,"interactionType":"ENTER_TEXT"}]}
COMMAND: POST /session/73a4fd280a32fd38d4d0602b1d656d13/execute/async - {"script":"<script> [1562 bytes]","args":[{"selector":{"id":"application-manageresources-display-component---newResourceUnit--newRRUPage-anchBar-application-manageresources-display-component---newResourceUnit--control-anchor","interaction":{"idSuffix":"BDI-content"}},"wdio_ui5_key":"applicationmanageresources-display-component---newResourceUnit--newRRUPage-anchBar-application-manageresources-display-component---newResourceUnit--control-anchor"}]}
RESULT: {"script":"<script> [1562 bytes]","args":[{"selector":{"id":"application-manageresources-display-component---newResourceUnit--newRRUPage-anchBar-application-manageresources-display-component---newResourceUnit--control-anchor","interaction":{"idSuffix":"BDI-content"}},"wdio_ui5_key":"applicationmanageresources-display-component---newResourceUnit--newRRUPage-anchBar-application-manageresources-display-component---newResourceUnit--control-anchor"}]}
RESULT: undefined
COMMAND: POST /session/73a4fd280a32fd38d4d0602b1d656d13/element - {"using":"xpath","value":"//*[@id=\"application-manageresources-display-component---newResourceUnit--newRRUPage-anchBar-application-manageresources-display-component---newResourceUnit--control-anchor\"]"}
RESULT: {"using":"xpath","value":"//*[@id=\"application-manageresources-display-component---newResourceUnit--newRRUPage-anchBar-application-manageresources-display-component---newResourceUnit--control-anchor\"]"}
COMMAND: POST /session/73a4fd280a32fd38d4d0602b1d656d13/element/f.8A8223F9DEA97DA973980CAD3BB2ACE0.d.329266C3E4FF3F49C5BD8C6C0F49A678.e.8719/click - {}
RESULT: {}
COMMAND: POST /session/73a4fd280a32fd38d4d0602b1d656d13/execute/async - {"script":"<script> [1562 bytes]","args":[{"selector":{"id":"application-manageresources-display-component---newResourceUnit--PLANNING_GROUP","interaction":{"idSuffix":"inner"}},"wdio_ui5_key":"applicationmanageresources-display-component---newResourceUnit--PLANNING_GROUP"}]}
COMMAND: GET /session/73a4fd280a32fd38d4d0602b1d656d13/screenshot - {}
RESULT: {"script":"<script> [1562 bytes]","args":[{"selector":{"id":"application-manageresources-display-component---newResourceUnit--PLANNING_GROUP","interaction":{"idSuffix":"inner"}},"wdio_ui5_key":"applicationmanageresources-display-component---newResourceUnit--PLANNING_GROUP"}]}
RESULT: undefined
COMMAND: POST /session/73a4fd280a32fd38d4d0602b1d656d13/execute/async - {"script":"<script> [776 bytes]","args":[{"enterText":"Material","selector":{"id":"application-manageresources-display-component---newResourceUnit--PLANNING_GROUP","interaction":{"idSuffix":"inner"}},"clearTextFirst":true,"interactionType":"ENTER_TEXT"}]}
RESULT: {}
RESULT: {"script":"<script> [776 bytes]","args":[{"enterText":"Material","selector":{"id":"application-manageresources-display-component---newResourceUnit--PLANNING_GROUP","interaction":{"idSuffix":"inner"}},"clearTextFirst":true,"interactionType":"ENTER_TEXT"}]}
COMMAND: POST /session/73a4fd280a32fd38d4d0602b1d656d13/execute/async - {"script":"<script> [1562 bytes]","args":[{"selector":{"id":"application-manageresources-display-component---newResourceUnit--PLANNING_INDICATOR","interaction":{"idSuffix":"inner"}},"wdio_ui5_key":"applicationmanageresources-display-component---newResourceUnit--PLANNING_INDICATOR"}]}
RESULT: {"script":"<script> [1562 bytes]","args":[{"selector":{"id":"application-manageresources-display-component---newResourceUnit--PLANNING_INDICATOR","interaction":{"idSuffix":"inner"}},"wdio_ui5_key":"applicationmanageresources-display-component---newResourceUnit--PLANNING_INDICATOR"}]}
RESULT: undefined
COMMAND: POST /session/73a4fd280a32fd38d4d0602b1d656d13/execute/async - {"script":"<script> [776 bytes]","args":[{"enterText":"10 - infinite","selector":{"id":"application-manageresources-display-component---newResourceUnit--PLANNING_INDICATOR","interaction":{"idSuffix":"inner"}},"clearTextFirst":true,"interactionType":"ENTER_TEXT"}]}
RESULT: {"script":"<script> [776 bytes]","args":[{"enterText":"10 - infinite","selector":{"id":"application-manageresources-display-component---newResourceUnit--PLANNING_INDICATOR","interaction":{"idSuffix":"inner"}},"clearTextFirst":true,"interactionType":"ENTER_TEXT"}]}
COMMAND: POST /session/73a4fd280a32fd38d4d0602b1d656d13/element - {"using":"css selector","value":"#application-manageresources-display-component---newResourceUnit--btnAddTimeSegment"}
RESULT: {"using":"css selector","value":"#application-manageresources-display-component---newResourceUnit--btnAddTimeSegment"}
COMMAND: GET /session/73a4fd280a32fd38d4d0602b1d656d13/element/f.8A8223F9DEA97DA973980CAD3BB2ACE0.d.329266C3E4FF3F49C5BD8C6C0F49A678.e.8727/rect - {}
RESULT: {}
COMMAND: GET /session/73a4fd280a32fd38d4d0602b1d656d13/window/rect - {}
RESULT: {}
COMMAND: POST /session/73a4fd280a32fd38d4d0602b1d656d13/execute/sync - {"script":"<script> [92 bytes]","args":[]}
RESULT: {"script":"<script> [92 bytes]","args":[]}
COMMAND: POST /session/73a4fd280a32fd38d4d0602b1d656d13/actions - {"actions":[{"id":"action31","type":"wheel","parameters":{},"actions":[{"type":"scroll","x":-1888,"y":-32,"deltaX":0,"deltaY":0,"duration":0,"origin":{"element-6066-11e4-a52e-4f735466cecf":"f.8A8223F9DEA97DA973980CAD3BB2ACE0.d.329266C3E4FF3F49C5BD8C6C0F49A678.e.8727"}}]}]}
COMMAND: GET /session/73a4fd280a32fd38d4d0602b1d656d13/screenshot - {}
RESULT: {}
COMMAND: POST /session/73a4fd280a32fd38d4d0602b1d656d13/execute/sync - {"script":"<script> [79 bytes]","args":[{"element-6066-11e4-a52e-4f735466cecf":"f.8A8223F9DEA97DA973980CAD3BB2ACE0.d.329266C3E4FF3F49C5BD8C6C0F49A678.e.8727","ELEMENT":"f.8A8223F9DEA97DA973980CAD3BB2ACE0.d.329266C3E4FF3F49C5BD8C6C0F49A678.e.8727"},{"block":"start","inline":"nearest"}]}
RESULT: {"script":"<script> [79 bytes]","args":[{"element-6066-11e4-a52e-4f735466cecf":"f.8A8223F9DEA97DA973980CAD3BB2ACE0.d.329266C3E4FF3F49C5BD8C6C0F49A678.e.8727","ELEMENT":"f.8A8223F9DEA97DA973980CAD3BB2ACE0.d.329266C3E4FF3F49C5BD8C6C0F49A678.e.8727"},{"block":"start","inline":"nearest"}]}
COMMAND: POST /session/73a4fd280a32fd38d4d0602b1d656d13/execute/async - {"script":"<script> [1562 bytes]","args":[{"selector":{"id":"application-manageresources-display-component---newResourceUnit--btnAddTimeSegment","interaction":{"idSuffix":"inner"}},"wdio_ui5_key":"applicationmanageresources-display-component---newResourceUnit--btnAddTimeSegment"}]}
COMMAND: GET /session/73a4fd280a32fd38d4d0602b1d656d13/screenshot - {}
RESULT: {"script":"<script> [1562 bytes]","args":[{"selector":{"id":"application-manageresources-display-component---newResourceUnit--btnAddTimeSegment","interaction":{"idSuffix":"inner"}},"wdio_ui5_key":"applicationmanageresources-display-component---newResourceUnit--btnAddTimeSegment"}]}
RESULT: undefined
COMMAND: POST /session/73a4fd280a32fd38d4d0602b1d656d13/element - {"using":"xpath","value":"//*[@id=\"application-manageresources-display-component---newResourceUnit--btnAddTimeSegment\"]"}
RESULT: {}
RESULT: {"using":"xpath","value":"//*[@id=\"application-manageresources-display-component---newResourceUnit--btnAddTimeSegment\"]"}
COMMAND: POST /session/73a4fd280a32fd38d4d0602b1d656d13/element/f.8A8223F9DEA97DA973980CAD3BB2ACE0.d.329266C3E4FF3F49C5BD8C6C0F49A678.e.8727/click - {}
RESULT: {}
COMMAND: GET /session/73a4fd280a32fd38d4d0602b1d656d13/screenshot - {}
RESULT: {}
COMMAND: POST /session/73a4fd280a32fd38d4d0602b1d656d13/element - {"using":"xpath","value":"//input[@id=\"application-manageresources-display-component---newResourceUnit--idRuTSAdmin-application-manageresources-display-component---newResourceUnit--RUTimeSegment-0-inner\"]"}
RESULT: {"using":"xpath","value":"//input[@id=\"application-manageresources-display-component---newResourceUnit--idRuTSAdmin-application-manageresources-display-component---newResourceUnit--RUTimeSegment-0-inner\"]"}
COMMAND: POST /session/73a4fd280a32fd38d4d0602b1d656d13/element/f.8A8223F9DEA97DA973980CAD3BB2ACE0.d.329266C3E4FF3F49C5BD8C6C0F49A678.e.8732/clear - {}
RESULT: {}
COMMAND: POST /session/73a4fd280a32fd38d4d0602b1d656d13/element/f.8A8223F9DEA97DA973980CAD3BB2ACE0.d.329266C3E4FF3F49C5BD8C6C0F49A678.e.8732/value - {"text":"403"}
COMMAND: GET /session/73a4fd280a32fd38d4d0602b1d656d13/screenshot - {}
RESULT: {"text":"403"}
COMMAND: GET /session/73a4fd280a32fd38d4d0602b1d656d13/screenshot - {}
RESULT: {}
RESULT: {}
COMMAND: POST /session/73a4fd280a32fd38d4d0602b1d656d13/element - {"using":"xpath","value":"//li[.//span[text()='403']]"}
RESULT: {"using":"xpath","value":"//li[.//span[text()='403']]"}
COMMAND: POST /session/73a4fd280a32fd38d4d0602b1d656d13/element/f.8A8223F9DEA97DA973980CAD3BB2ACE0.d.329266C3E4FF3F49C5BD8C6C0F49A678.e.8741/click - {}
RESULT: {}
COMMAND: GET /session/73a4fd280a32fd38d4d0602b1d656d13/screenshot - {}
RESULT: {}
COMMAND: POST /session/73a4fd280a32fd38d4d0602b1d656d13/element - {"using":"xpath","value":"(//span[contains(@id, \"-application-manageresources-display-component---newResourceUnit--RUTimeSegment-0-arrow\")])[2]"}
RESULT: {"using":"xpath","value":"(//span[contains(@id, \"-application-manageresources-display-component---newResourceUnit--RUTimeSegment-0-arrow\")])[2]"}
COMMAND: POST /session/73a4fd280a32fd38d4d0602b1d656d13/element/f.8A8223F9DEA97DA973980CAD3BB2ACE0.d.329266C3E4FF3F49C5BD8C6C0F49A678.e.8742/click - {}
RESULT: {}
COMMAND: POST /session/73a4fd280a32fd38d4d0602b1d656d13/element - {"using":"xpath","value":"//span[contains(text(), \"PM Order\")]"}
COMMAND: GET /session/73a4fd280a32fd38d4d0602b1d656d13/screenshot - {}
RESULT: {"using":"xpath","value":"//span[contains(text(), \"PM Order\")]"}
COMMAND: POST /session/73a4fd280a32fd38d4d0602b1d656d13/element/f.8A8223F9DEA97DA973980CAD3BB2ACE0.d.329266C3E4FF3F49C5BD8C6C0F49A678.e.8743/click - {}
RESULT: {}
RESULT: {}
COMMAND: GET /session/73a4fd280a32fd38d4d0602b1d656d13/screenshot - {}
RESULT: {}
COMMAND: POST /session/73a4fd280a32fd38d4d0602b1d656d13/element - {"using":"xpath","value":"//td/div/div/div/span[contains(@id, \"newResourceUnit--RUTimeSegment-0-vhi\")][1]"}
RESULT: {"using":"xpath","value":"//td/div/div/div/span[contains(@id, \"newResourceUnit--RUTimeSegment-0-vhi\")][1]"}
COMMAND: GET /session/73a4fd280a32fd38d4d0602b1d656d13/element/f.8A8223F9DEA97DA973980CAD3BB2ACE0.d.329266C3E4FF3F49C5BD8C6C0F49A678.e.8747/rect - {}
RESULT: {}
COMMAND: GET /session/73a4fd280a32fd38d4d0602b1d656d13/window/rect - {}
RESULT: {}
COMMAND: POST /session/73a4fd280a32fd38d4d0602b1d656d13/execute/sync - {"script":"<script> [92 bytes]","args":[]}
RESULT: {"script":"<script> [92 bytes]","args":[]}
COMMAND: POST /session/73a4fd280a32fd38d4d0602b1d656d13/actions - {"actions":[{"id":"action32","type":"wheel","parameters":{},"actions":[{"type":"scroll","x":-1888,"y":-24,"deltaX":0,"deltaY":0,"duration":0,"origin":{"element-6066-11e4-a52e-4f735466cecf":"f.8A8223F9DEA97DA973980CAD3BB2ACE0.d.329266C3E4FF3F49C5BD8C6C0F49A678.e.8747"}}]}]}
COMMAND: GET /session/73a4fd280a32fd38d4d0602b1d656d13/screenshot - {}
RESULT: {}
COMMAND: POST /session/73a4fd280a32fd38d4d0602b1d656d13/execute/sync - {"script":"<script> [79 bytes]","args":[{"element-6066-11e4-a52e-4f735466cecf":"f.8A8223F9DEA97DA973980CAD3BB2ACE0.d.329266C3E4FF3F49C5BD8C6C0F49A678.e.8747","ELEMENT":"f.8A8223F9DEA97DA973980CAD3BB2ACE0.d.329266C3E4FF3F49C5BD8C6C0F49A678.e.8747"},{"block":"start","inline":"nearest"}]}
RESULT: {"script":"<script> [79 bytes]","args":[{"element-6066-11e4-a52e-4f735466cecf":"f.8A8223F9DEA97DA973980CAD3BB2ACE0.d.329266C3E4FF3F49C5BD8C6C0F49A678.e.8747","ELEMENT":"f.8A8223F9DEA97DA973980CAD3BB2ACE0.d.329266C3E4FF3F49C5BD8C6C0F49A678.e.8747"},{"block":"start","inline":"nearest"}]}
COMMAND: GET /session/73a4fd280a32fd38d4d0602b1d656d13/screenshot - {}
RESULT: {}
COMMAND: POST /session/73a4fd280a32fd38d4d0602b1d656d13/element/f.8A8223F9DEA97DA973980CAD3BB2ACE0.d.329266C3E4FF3F49C5BD8C6C0F49A678.e.8747/click - {}
RESULT: {}
COMMAND: GET /session/73a4fd280a32fd38d4d0602b1d656d13/screenshot - {}
RESULT: {}
COMMAND: POST /session/73a4fd280a32fd38d4d0602b1d656d13/execute/async - {"script":"<script> [1562 bytes]","args":[{"selector":{"controlType":"sap.m.SearchField","properties":{"placeholder":"Search"},"searchOpenDialogs":true,"interaction":{"idSuffix":"I"}},"wdio_ui5_key":"sapm.SearchField{\"placeholder\":\"Search\"}"}]}
RESULT: {"script":"<script> [1562 bytes]","args":[{"selector":{"controlType":"sap.m.SearchField","properties":{"placeholder":"Search"},"searchOpenDialogs":true,"interaction":{"idSuffix":"I"}},"wdio_ui5_key":"sapm.SearchField{\"placeholder\":\"Search\"}"}]}
RESULT: undefined
COMMAND: POST /session/73a4fd280a32fd38d4d0602b1d656d13/execute/async - {"script":"<script> [776 bytes]","args":[{"enterText":"4000360","selector":{"controlType":"sap.m.SearchField","properties":{"placeholder":"Search"},"searchOpenDialogs":true,"interaction":{"idSuffix":"I"}},"clearTextFirst":true,"interactionType":"ENTER_TEXT"}]}
RESULT: {"script":"<script> [776 bytes]","args":[{"enterText":"4000360","selector":{"controlType":"sap.m.SearchField","properties":{"placeholder":"Search"},"searchOpenDialogs":true,"interaction":{"idSuffix":"I"}},"clearTextFirst":true,"interactionType":"ENTER_TEXT"}]}
COMMAND: POST /session/73a4fd280a32fd38d4d0602b1d656d13/actions - {"actions":[{"id":"action33","type":"key","parameters":{},"actions":[{"type":"keyDown","value":"î€‡"},{"type":"pause","duration":10},{"type":"keyUp","value":"î€‡"}]}]}
RESULT: {"actions":[{"id":"action33","type":"key","parameters":{},"actions":[{"type":"keyDown","value":"î€‡"},{"type":"pause","duration":10},{"type":"keyUp","value":"î€‡"}]}]}
COMMAND: GET /session/73a4fd280a32fd38d4d0602b1d656d13/screenshot - {}
RESULT: {}
COMMAND: POST /session/73a4fd280a32fd38d4d0602b1d656d13/element - {"using":"xpath","value":"//td/div/span[contains(text(), \"BGL Vehicles\")]"}
RESULT: {"using":"xpath","value":"//td/div/span[contains(text(), \"BGL Vehicles\")]"}
COMMAND: POST /session/73a4fd280a32fd38d4d0602b1d656d13/element/f.8A8223F9DEA97DA973980CAD3BB2ACE0.d.329266C3E4FF3F49C5BD8C6C0F49A678.e.8767/click - {}
RESULT: {}
COMMAND: GET /session/73a4fd280a32fd38d4d0602b1d656d13/screenshot - {}
RESULT: {}
COMMAND: POST /session/73a4fd280a32fd38d4d0602b1d656d13/element - {"using":"xpath","value":"//bdi[contains(text(), \"OK\")]"}
RESULT: {"using":"xpath","value":"//bdi[contains(text(), \"OK\")]"}
COMMAND: POST /session/73a4fd280a32fd38d4d0602b1d656d13/element/f.8A8223F9DEA97DA973980CAD3BB2ACE0.d.329266C3E4FF3F49C5BD8C6C0F49A678.e.8768/click - {}
RESULT: {}
COMMAND: GET /session/73a4fd280a32fd38d4d0602b1d656d13/screenshot - {}
RESULT: {}
COMMAND: POST /session/73a4fd280a32fd38d4d0602b1d656d13/element - {"using":"xpath","value":"//label[contains(@class, 'sapMLabelRequired') and .//bdi[contains(text(), 'Planned Retirement')]]"}
RESULT: {"using":"xpath","value":"//label[contains(@class, 'sapMLabelRequired') and .//bdi[contains(text(), 'Planned Retirement')]]"}
COMMAND: POST /session/73a4fd280a32fd38d4d0602b1d656d13/elements - {"using":"xpath","value":"//label[contains(@class, 'sapMLabelRequired') and .//bdi[contains(text(), 'Planned Retirement')]]"}
RESULT: {"using":"xpath","value":"//label[contains(@class, 'sapMLabelRequired') and .//bdi[contains(text(), 'Planned Retirement')]]"}
COMMAND: POST /session/73a4fd280a32fd38d4d0602b1d656d13/element - {"using":"xpath","value":"//button[@data-kt=\"resourceUnitSaveButton\"]"}
RESULT: {"using":"xpath","value":"//button[@data-kt=\"resourceUnitSaveButton\"]"}
COMMAND: POST /session/73a4fd280a32fd38d4d0602b1d656d13/element/f.8A8223F9DEA97DA973980CAD3BB2ACE0.d.329266C3E4FF3F49C5BD8C6C0F49A678.e.8671/click - {}
RESULT: {}
COMMAND: GET /session/73a4fd280a32fd38d4d0602b1d656d13/screenshot - {}
RESULT: {}
COMMAND: POST /session/73a4fd280a32fd38d4d0602b1d656d13/element - {"using":"xpath","value":"//bdi[contains(text(), \"Close\")]"}
RESULT: {"using":"xpath","value":"//bdi[contains(text(), \"Close\")]"}
COMMAND: POST /session/73a4fd280a32fd38d4d0602b1d656d13/element/f.8A8223F9DEA97DA973980CAD3BB2ACE0.d.329266C3E4FF3F49C5BD8C6C0F49A678.e.8775/click - {}
RESULT: {}
COMMAND: GET /session/73a4fd280a32fd38d4d0602b1d656d13/screenshot - {}
RESULT: {}
COMMAND: POST /session/73a4fd280a32fd38d4d0602b1d656d13/element - {"using":"xpath","value":"//header[contains(@id, 'detailRruPage-headerTitle')]/div[1]/div[2]/div[2]/span[1]"}
RESULT: {"using":"xpath","value":"//header[contains(@id, 'detailRruPage-headerTitle')]/div[1]/div[2]/div[2]/span[1]"}
COMMAND: POST /session/73a4fd280a32fd38d4d0602b1d656d13/elements - {"using":"xpath","value":"//header[contains(@id, 'detailRruPage-headerTitle')]/div[1]/div[2]/div[2]/span[1]"}
RESULT: {"using":"xpath","value":"//header[contains(@id, 'detailRruPage-headerTitle')]/div[1]/div[2]/div[2]/span[1]"}
COMMAND: POST /session/73a4fd280a32fd38d4d0602b1d656d13/execute/sync - {"script":"<script> [56 bytes]","args":[{"element-6066-11e4-a52e-4f735466cecf":"f.8A8223F9DEA97DA973980CAD3BB2ACE0.d.329266C3E4FF3F49C5BD8C6C0F49A678.e.8805","ELEMENT":"f.8A8223F9DEA97DA973980CAD3BB2ACE0.d.329266C3E4FF3F49C5BD8C6C0F49A678.e.8805"}]}
RESULT: {"script":"<script> [56 bytes]","args":[{"element-6066-11e4-a52e-4f735466cecf":"f.8A8223F9DEA97DA973980CAD3BB2ACE0.d.329266C3E4FF3F49C5BD8C6C0F49A678.e.8805","ELEMENT":"f.8A8223F9DEA97DA973980CAD3BB2ACE0.d.329266C3E4FF3F49C5BD8C6C0F49A678.e.8805"}]}
COMMAND: POST /session/73a4fd280a32fd38d4d0602b1d656d13/element - {"using":"css selector","value":"#shell-header-logo"}
COMMAND: GET /session/73a4fd280a32fd38d4d0602b1d656d13/screenshot - {}
RESULT: {"using":"css selector","value":"#shell-header-logo"}
COMMAND: POST /session/73a4fd280a32fd38d4d0602b1d656d13/element/f.8A8223F9DEA97DA973980CAD3BB2ACE0.d.329266C3E4FF3F49C5BD8C6C0F49A678.e.8149/click - {}
RESULT: {}
RESULT: {}
COMMAND: GET /session/73a4fd280a32fd38d4d0602b1d656d13/screenshot - {}
RESULT: {}
]]></system-out>
    </testcase>
    <testcase classname="chrome.136_0_7103_93.windows.Provide_to_Site_w/_warehouse_management_w/o_clarification_US113782_" name="Bin Status Report Should Create New Organization yard" time="0.005" />
    <testcase classname="chrome.136_0_7103_93.windows.Provide_to_Site_w/_warehouse_management_w/o_clarification_US113782_" name="Bin Status Report Should Create New Organization for Site" time="0.004" />
  </testsuite>
  <testsuite timestamp="2025-05-15T16:47:30" time="439.261" tests="5" failures="0" errors="0" skipped="0">
    <properties>
      <property name="specId" value="0" />
      <property name="suiteName" value="Provide to Site w/ warehouse management wo clarification" />
      <property name="capabilities" value="chrome.136_0_7103_93.windows" />
      <property name="file" value="file:///D:/a/1/s/test/specs/HTR/provide-to-site-w-warehouse-wo-clarification.spec.js" />
    </properties>
    <testcase classname="chrome.136_0_7103_93.windows.Provide_to_Site_w/_warehouse_management_wo_clarification" name="Should do a stock increase handover" time="98.628">
      <system-out><![CDATA[
COMMAND: POST /session/73a4fd280a32fd38d4d0602b1d656d13/execute/async - {"script":"<script> [1562 bytes]","args":[{"selector":{"controlType":"sap.m.GenericTile","properties":{"header":"Manage Handovers"}},"wdio_ui5_key":"sapm.GenericTile{\"header\":\"Manage Handovers\"}"}]}
RESULT: {"script":"<script> [1562 bytes]","args":[{"selector":{"controlType":"sap.m.GenericTile","properties":{"header":"Manage Handovers"}},"wdio_ui5_key":"sapm.GenericTile{\"header\":\"Manage Handovers\"}"}]}
RESULT: undefined
COMMAND: POST /session/73a4fd280a32fd38d4d0602b1d656d13/element - {"using":"xpath","value":"//*[@id=\"__tile133\"]"}
RESULT: {"using":"xpath","value":"//*[@id=\"__tile133\"]"}
COMMAND: POST /session/73a4fd280a32fd38d4d0602b1d656d13/element/f.8A8223F9DEA97DA973980CAD3BB2ACE0.d.329266C3E4FF3F49C5BD8C6C0F49A678.e.8193/click - {}
RESULT: {}
COMMAND: GET /session/73a4fd280a32fd38d4d0602b1d656d13/screenshot - {}
RESULT: {}
COMMAND: POST /session/73a4fd280a32fd38d4d0602b1d656d13/elements - {"using":"xpath","value":"//span[text()='Error']"}
RESULT: {"using":"xpath","value":"//span[text()='Error']"}
COMMAND: POST /session/73a4fd280a32fd38d4d0602b1d656d13/element - {"using":"xpath","value":"//button[@data-kt=\"masterHOAddButton\"]"}
RESULT: {"using":"xpath","value":"//button[@data-kt=\"masterHOAddButton\"]"}
COMMAND: POST /session/73a4fd280a32fd38d4d0602b1d656d13/elements - {"using":"xpath","value":"//button[@data-kt=\"masterHOAddButton\"]"}
RESULT: {"using":"xpath","value":"//button[@data-kt=\"masterHOAddButton\"]"}
COMMAND: POST /session/73a4fd280a32fd38d4d0602b1d656d13/execute/sync - {"script":"<script> [8489 bytes]","args":[{"element-6066-11e4-a52e-4f735466cecf":"f.8A8223F9DEA97DA973980CAD3BB2ACE0.d.329266C3E4FF3F49C5BD8C6C0F49A678.e.8837","ELEMENT":"f.8A8223F9DEA97DA973980CAD3BB2ACE0.d.329266C3E4FF3F49C5BD8C6C0F49A678.e.8837"}]}
RESULT: {"script":"<script> [8489 bytes]","args":[{"element-6066-11e4-a52e-4f735466cecf":"f.8A8223F9DEA97DA973980CAD3BB2ACE0.d.329266C3E4FF3F49C5BD8C6C0F49A678.e.8837","ELEMENT":"f.8A8223F9DEA97DA973980CAD3BB2ACE0.d.329266C3E4FF3F49C5BD8C6C0F49A678.e.8837"}]}
COMMAND: GET /session/73a4fd280a32fd38d4d0602b1d656d13/element/f.8A8223F9DEA97DA973980CAD3BB2ACE0.d.329266C3E4FF3F49C5BD8C6C0F49A678.e.8837/enabled - {}
COMMAND: GET /session/73a4fd280a32fd38d4d0602b1d656d13/screenshot - {}
RESULT: {}
COMMAND: POST /session/73a4fd280a32fd38d4d0602b1d656d13/execute/sync - {"script":"<script> [8489 bytes]","args":[{"element-6066-11e4-a52e-4f735466cecf":"f.8A8223F9DEA97DA973980CAD3BB2ACE0.d.329266C3E4FF3F49C5BD8C6C0F49A678.e.8837","ELEMENT":"f.8A8223F9DEA97DA973980CAD3BB2ACE0.d.329266C3E4FF3F49C5BD8C6C0F49A678.e.8837"}]}
COMMAND: GET /session/73a4fd280a32fd38d4d0602b1d656d13/screenshot - {}
RESULT: {}
RESULT: {"script":"<script> [8489 bytes]","args":[{"element-6066-11e4-a52e-4f735466cecf":"f.8A8223F9DEA97DA973980CAD3BB2ACE0.d.329266C3E4FF3F49C5BD8C6C0F49A678.e.8837","ELEMENT":"f.8A8223F9DEA97DA973980CAD3BB2ACE0.d.329266C3E4FF3F49C5BD8C6C0F49A678.e.8837"}]}
COMMAND: POST /session/73a4fd280a32fd38d4d0602b1d656d13/execute/sync - {"script":"<script> [5351 bytes]","args":[{"element-6066-11e4-a52e-4f735466cecf":"f.8A8223F9DEA97DA973980CAD3BB2ACE0.d.329266C3E4FF3F49C5BD8C6C0F49A678.e.8837","ELEMENT":"f.8A8223F9DEA97DA973980CAD3BB2ACE0.d.329266C3E4FF3F49C5BD8C6C0F49A678.e.8837"}]}
COMMAND: GET /session/73a4fd280a32fd38d4d0602b1d656d13/screenshot - {}
RESULT: {}
RESULT: {"script":"<script> [5351 bytes]","args":[{"element-6066-11e4-a52e-4f735466cecf":"f.8A8223F9DEA97DA973980CAD3BB2ACE0.d.329266C3E4FF3F49C5BD8C6C0F49A678.e.8837","ELEMENT":"f.8A8223F9DEA97DA973980CAD3BB2ACE0.d.329266C3E4FF3F49C5BD8C6C0F49A678.e.8837"}]}
COMMAND: POST /session/73a4fd280a32fd38d4d0602b1d656d13/element/f.8A8223F9DEA97DA973980CAD3BB2ACE0.d.329266C3E4FF3F49C5BD8C6C0F49A678.e.8837/click - {}
COMMAND: GET /session/73a4fd280a32fd38d4d0602b1d656d13/screenshot - {}
RESULT: {}
RESULT: {}
COMMAND: GET /session/73a4fd280a32fd38d4d0602b1d656d13/screenshot - {}
RESULT: {}
COMMAND: POST /session/73a4fd280a32fd38d4d0602b1d656d13/element - {"using":"xpath","value":"//span[contains(@id ,\"AddNewHO--typeSelect-arrow\")]"}
RESULT: {}
RESULT: {"using":"xpath","value":"//span[contains(@id ,\"AddNewHO--typeSelect-arrow\")]"}
COMMAND: POST /session/73a4fd280a32fd38d4d0602b1d656d13/element/f.8A8223F9DEA97DA973980CAD3BB2ACE0.d.329266C3E4FF3F49C5BD8C6C0F49A678.e.9199/click - {}
RESULT: {}
COMMAND: GET /session/73a4fd280a32fd38d4d0602b1d656d13/screenshot - {}
RESULT: {}
COMMAND: POST /session/73a4fd280a32fd38d4d0602b1d656d13/element - {"using":"xpath","value":"(//li[contains(text(), \"stock increase yard\")])[1]"}
RESULT: {"using":"xpath","value":"(//li[contains(text(), \"stock increase yard\")])[1]"}
COMMAND: POST /session/73a4fd280a32fd38d4d0602b1d656d13/element/f.8A8223F9DEA97DA973980CAD3BB2ACE0.d.329266C3E4FF3F49C5BD8C6C0F49A678.e.9200/click - {}
RESULT: {}
COMMAND: GET /session/73a4fd280a32fd38d4d0602b1d656d13/screenshot - {}
RESULT: {}
COMMAND: POST /session/73a4fd280a32fd38d4d0602b1d656d13/execute/async - {"script":"<script> [1562 bytes]","args":[{"selector":{"id":"application-managehandovers-display-component---AddNewHO--dueDate","interaction":{"idSuffix":"inner"}},"wdio_ui5_key":"applicationmanagehandovers-display-component---AddNewHO--dueDate"}]}
RESULT: {"script":"<script> [1562 bytes]","args":[{"selector":{"id":"application-managehandovers-display-component---AddNewHO--dueDate","interaction":{"idSuffix":"inner"}},"wdio_ui5_key":"applicationmanagehandovers-display-component---AddNewHO--dueDate"}]}
RESULT: undefined
COMMAND: POST /session/73a4fd280a32fd38d4d0602b1d656d13/execute/async - {"script":"<script> [6424 bytes]","args":[{"element-6066-11e4-a52e-4f735466cecf":"f.8A8223F9DEA97DA973980CAD3BB2ACE0.d.329266C3E4FF3F49C5BD8C6C0F49A678.e.9204"},"setValue",["5/15/25"]]}
RESULT: {"script":"<script> [6424 bytes]","args":[{"element-6066-11e4-a52e-4f735466cecf":"f.8A8223F9DEA97DA973980CAD3BB2ACE0.d.329266C3E4FF3F49C5BD8C6C0F49A678.e.9204"},"setValue",["5/15/25"]]}
COMMAND: POST /session/73a4fd280a32fd38d4d0602b1d656d13/element - {"using":"xpath","value":"//input[@id=\"generalSectionFrg--receiveYard-inner\"]"}
RESULT: {"using":"xpath","value":"//input[@id=\"generalSectionFrg--receiveYard-inner\"]"}
COMMAND: POST /session/73a4fd280a32fd38d4d0602b1d656d13/element/f.8A8223F9DEA97DA973980CAD3BB2ACE0.d.329266C3E4FF3F49C5BD8C6C0F49A678.e.9208/clear - {}
RESULT: {}
COMMAND: POST /session/73a4fd280a32fd38d4d0602b1d656d13/element/f.8A8223F9DEA97DA973980CAD3BB2ACE0.d.329266C3E4FF3F49C5BD8C6C0F49A678.e.9208/value - {"text":"403"}
COMMAND: GET /session/73a4fd280a32fd38d4d0602b1d656d13/screenshot - {}
RESULT: {"text":"403"}
COMMAND: GET /session/73a4fd280a32fd38d4d0602b1d656d13/screenshot - {}
RESULT: {}
RESULT: {}
COMMAND: POST /session/73a4fd280a32fd38d4d0602b1d656d13/element - {"using":"xpath","value":"//li[.//span[text()='403']]"}
RESULT: {"using":"xpath","value":"//li[.//span[text()='403']]"}
COMMAND: POST /session/73a4fd280a32fd38d4d0602b1d656d13/element/f.8A8223F9DEA97DA973980CAD3BB2ACE0.d.329266C3E4FF3F49C5BD8C6C0F49A678.e.9224/click - {}
RESULT: {}
COMMAND: GET /session/73a4fd280a32fd38d4d0602b1d656d13/screenshot - {}
RESULT: {}
COMMAND: POST /session/73a4fd280a32fd38d4d0602b1d656d13/execute/async - {"script":"<script> [1562 bytes]","args":[{"selector":{"id":"application-managehandovers-display-component---AddNewHO--ObjectPageLayout-anchBar-application-managehandovers-display-component---AddNewHO--section4-anchor","interaction":{"idSuffix":"BDI-content"}},"wdio_ui5_key":"applicationmanagehandovers-display-component---AddNewHO--ObjectPageLayout-anchBar-application-managehandovers-display-component---AddNewHO--section4-anchor"}]}
RESULT: {"script":"<script> [1562 bytes]","args":[{"selector":{"id":"application-managehandovers-display-component---AddNewHO--ObjectPageLayout-anchBar-application-managehandovers-display-component---AddNewHO--section4-anchor","interaction":{"idSuffix":"BDI-content"}},"wdio_ui5_key":"applicationmanagehandovers-display-component---AddNewHO--ObjectPageLayout-anchBar-application-managehandovers-display-component---AddNewHO--section4-anchor"}]}
RESULT: undefined
COMMAND: POST /session/73a4fd280a32fd38d4d0602b1d656d13/element - {"using":"xpath","value":"//*[@id=\"application-managehandovers-display-component---AddNewHO--ObjectPageLayout-anchBar-application-managehandovers-display-component---AddNewHO--section4-anchor\"]"}
RESULT: {"using":"xpath","value":"//*[@id=\"application-managehandovers-display-component---AddNewHO--ObjectPageLayout-anchBar-application-managehandovers-display-component---AddNewHO--section4-anchor\"]"}
COMMAND: POST /session/73a4fd280a32fd38d4d0602b1d656d13/element/f.8A8223F9DEA97DA973980CAD3BB2ACE0.d.329266C3E4FF3F49C5BD8C6C0F49A678.e.9226/click - {}
RESULT: {}
COMMAND: POST /session/73a4fd280a32fd38d4d0602b1d656d13/element - {"using":"xpath","value":"//button[@aria-label=\"Add\"]"}
COMMAND: GET /session/73a4fd280a32fd38d4d0602b1d656d13/screenshot - {}
RESULT: {"using":"xpath","value":"//button[@aria-label=\"Add\"]"}
COMMAND: POST /session/73a4fd280a32fd38d4d0602b1d656d13/element/f.8A8223F9DEA97DA973980CAD3BB2ACE0.d.329266C3E4FF3F49C5BD8C6C0F49A678.e.9229/click - {}
RESULT: {}
RESULT: {}
COMMAND: GET /session/73a4fd280a32fd38d4d0602b1d656d13/screenshot - {}
RESULT: {}
COMMAND: POST /session/73a4fd280a32fd38d4d0602b1d656d13/execute/async - {"script":"<script> [1562 bytes]","args":[{"selector":{"id":"application-managehandovers-display-component---AddNewHO--smartFilterBar-btnBasicSearch","searchOpenDialogs":true,"interaction":{"idSuffix":"I"}},"wdio_ui5_key":"applicationmanagehandovers-display-component---AddNewHO--smartFilterBar-btnBasicSearch"}]}
RESULT: {"script":"<script> [1562 bytes]","args":[{"selector":{"id":"application-managehandovers-display-component---AddNewHO--smartFilterBar-btnBasicSearch","searchOpenDialogs":true,"interaction":{"idSuffix":"I"}},"wdio_ui5_key":"applicationmanagehandovers-display-component---AddNewHO--smartFilterBar-btnBasicSearch"}]}
RESULT: undefined
COMMAND: POST /session/73a4fd280a32fd38d4d0602b1d656d13/execute/async - {"script":"<script> [776 bytes]","args":[{"enterText":"200191","selector":{"id":"application-managehandovers-display-component---AddNewHO--smartFilterBar-btnBasicSearch","searchOpenDialogs":true,"interaction":{"idSuffix":"I"}},"clearTextFirst":true,"interactionType":"ENTER_TEXT"}]}
RESULT: {"script":"<script> [776 bytes]","args":[{"enterText":"200191","selector":{"id":"application-managehandovers-display-component---AddNewHO--smartFilterBar-btnBasicSearch","searchOpenDialogs":true,"interaction":{"idSuffix":"I"}},"clearTextFirst":true,"interactionType":"ENTER_TEXT"}]}
COMMAND: POST /session/73a4fd280a32fd38d4d0602b1d656d13/actions - {"actions":[{"id":"action34","type":"key","parameters":{},"actions":[{"type":"keyDown","value":"î€‡"},{"type":"pause","duration":10},{"type":"keyUp","value":"î€‡"}]}]}
RESULT: {"actions":[{"id":"action34","type":"key","parameters":{},"actions":[{"type":"keyDown","value":"î€‡"},{"type":"pause","duration":10},{"type":"keyUp","value":"î€‡"}]}]}
COMMAND: GET /session/73a4fd280a32fd38d4d0602b1d656d13/screenshot - {}
RESULT: {}
COMMAND: POST /session/73a4fd280a32fd38d4d0602b1d656d13/execute/async - {"script":"<script> [1562 bytes]","args":[{"selector":{"id":"application-managehandovers-display-component---AddNewHO--popup-sa","searchOpenDialogs":true,"interaction":{"idSuffix":"CbBg"}},"wdio_ui5_key":"applicationmanagehandovers-display-component---AddNewHO--popup-sa"}]}
RESULT: {"script":"<script> [1562 bytes]","args":[{"selector":{"id":"application-managehandovers-display-component---AddNewHO--popup-sa","searchOpenDialogs":true,"interaction":{"idSuffix":"CbBg"}},"wdio_ui5_key":"applicationmanagehandovers-display-component---AddNewHO--popup-sa"}]}
RESULT: undefined
COMMAND: POST /session/73a4fd280a32fd38d4d0602b1d656d13/element - {"using":"xpath","value":"//*[@id=\"application-managehandovers-display-component---AddNewHO--popup-sa\"]"}
RESULT: {"using":"xpath","value":"//*[@id=\"application-managehandovers-display-component---AddNewHO--popup-sa\"]"}
COMMAND: POST /session/73a4fd280a32fd38d4d0602b1d656d13/element/f.8A8223F9DEA97DA973980CAD3BB2ACE0.d.329266C3E4FF3F49C5BD8C6C0F49A678.e.9382/click - {}
RESULT: {}
COMMAND: GET /session/73a4fd280a32fd38d4d0602b1d656d13/screenshot - {}
RESULT: {}
COMMAND: POST /session/73a4fd280a32fd38d4d0602b1d656d13/element - {"using":"xpath","value":"//bdi[contains(text(), \"Select\")]"}
RESULT: {"using":"xpath","value":"//bdi[contains(text(), \"Select\")]"}
COMMAND: POST /session/73a4fd280a32fd38d4d0602b1d656d13/element/f.8A8223F9DEA97DA973980CAD3BB2ACE0.d.329266C3E4FF3F49C5BD8C6C0F49A678.e.9383/click - {}
RESULT: {}
COMMAND: GET /session/73a4fd280a32fd38d4d0602b1d656d13/screenshot - {}
RESULT: {}
COMMAND: POST /session/73a4fd280a32fd38d4d0602b1d656d13/element - {"using":"xpath","value":"//button[@data-kt=\"AddNewHOSaveButton\"]"}
RESULT: {"using":"xpath","value":"//button[@data-kt=\"AddNewHOSaveButton\"]"}
COMMAND: POST /session/73a4fd280a32fd38d4d0602b1d656d13/element/f.8A8223F9DEA97DA973980CAD3BB2ACE0.d.329266C3E4FF3F49C5BD8C6C0F49A678.e.9387/click - {}
RESULT: {}
COMMAND: GET /session/73a4fd280a32fd38d4d0602b1d656d13/screenshot - {}
RESULT: {}
COMMAND: POST /session/73a4fd280a32fd38d4d0602b1d656d13/execute/async - {"script":"<script> [1562 bytes]","args":[{"selector":{"id":"receiptDatePicker","viewName":"etm.portal.ui.managehandovers.view.DetailExecuteHO","interaction":{"idSuffix":"inner"}},"wdio_ui5_key":"receiptDatePickeretmportal.ui.managehandovers.view.DetailExecuteHO"}]}
RESULT: {"script":"<script> [1562 bytes]","args":[{"selector":{"id":"receiptDatePicker","viewName":"etm.portal.ui.managehandovers.view.DetailExecuteHO","interaction":{"idSuffix":"inner"}},"wdio_ui5_key":"receiptDatePickeretmportal.ui.managehandovers.view.DetailExecuteHO"}]}
RESULT: undefined
COMMAND: POST /session/73a4fd280a32fd38d4d0602b1d656d13/execute/async - {"script":"<script> [6424 bytes]","args":[{"element-6066-11e4-a52e-4f735466cecf":"f.8A8223F9DEA97DA973980CAD3BB2ACE0.d.329266C3E4FF3F49C5BD8C6C0F49A678.e.9406"},"setValue",["5/15/25"]]}
RESULT: {"script":"<script> [6424 bytes]","args":[{"element-6066-11e4-a52e-4f735466cecf":"f.8A8223F9DEA97DA973980CAD3BB2ACE0.d.329266C3E4FF3F49C5BD8C6C0F49A678.e.9406"},"setValue",["5/15/25"]]}
COMMAND: POST /session/73a4fd280a32fd38d4d0602b1d656d13/element - {"using":"xpath","value":"//button[@data-kt=\"PickingTableConfirmAllButton\"]"}
RESULT: {"using":"xpath","value":"//button[@data-kt=\"PickingTableConfirmAllButton\"]"}
COMMAND: POST /session/73a4fd280a32fd38d4d0602b1d656d13/element/f.8A8223F9DEA97DA973980CAD3BB2ACE0.d.329266C3E4FF3F49C5BD8C6C0F49A678.e.9424/click - {}
RESULT: {}
COMMAND: GET /session/73a4fd280a32fd38d4d0602b1d656d13/screenshot - {}
RESULT: {}
COMMAND: POST /session/73a4fd280a32fd38d4d0602b1d656d13/element - {"using":"xpath","value":"//bdi[contains(text(), \"OK\")]"}
RESULT: {"using":"xpath","value":"//bdi[contains(text(), \"OK\")]"}
COMMAND: POST /session/73a4fd280a32fd38d4d0602b1d656d13/element/f.8A8223F9DEA97DA973980CAD3BB2ACE0.d.329266C3E4FF3F49C5BD8C6C0F49A678.e.9426/click - {}
RESULT: {}
COMMAND: GET /session/73a4fd280a32fd38d4d0602b1d656d13/screenshot - {}
RESULT: {}
COMMAND: POST /session/73a4fd280a32fd38d4d0602b1d656d13/element - {"using":"xpath","value":"(//bdi[contains(text(), \"Receive\")])[2]"}
RESULT: {"using":"xpath","value":"(//bdi[contains(text(), \"Receive\")])[2]"}
COMMAND: POST /session/73a4fd280a32fd38d4d0602b1d656d13/element/f.8A8223F9DEA97DA973980CAD3BB2ACE0.d.329266C3E4FF3F49C5BD8C6C0F49A678.e.9428/click - {}
RESULT: {}
COMMAND: GET /session/73a4fd280a32fd38d4d0602b1d656d13/screenshot - {}
RESULT: {}
COMMAND: POST /session/73a4fd280a32fd38d4d0602b1d656d13/element - {"using":"css selector","value":"#shell-header-logo"}
RESULT: {"using":"css selector","value":"#shell-header-logo"}
COMMAND: POST /session/73a4fd280a32fd38d4d0602b1d656d13/element/f.8A8223F9DEA97DA973980CAD3BB2ACE0.d.329266C3E4FF3F49C5BD8C6C0F49A678.e.8808/click - {}
RESULT: {}
COMMAND: GET /session/73a4fd280a32fd38d4d0602b1d656d13/screenshot - {}
RESULT: {}
]]></system-out>
    </testcase>
    <testcase classname="chrome.136_0_7103_93.windows.Provide_to_Site_w/_warehouse_management_wo_clarification" name="Should create a new contract" time="73.36">
      <system-out><![CDATA[
COMMAND: POST /session/73a4fd280a32fd38d4d0602b1d656d13/execute/async - {"script":"<script> [1562 bytes]","args":[{"selector":{"controlType":"sap.m.GenericTile","properties":{"header":"Manage Contracts"}},"wdio_ui5_key":"sapm.GenericTile{\"header\":\"Manage Contracts\"}"}]}
RESULT: {"script":"<script> [1562 bytes]","args":[{"selector":{"controlType":"sap.m.GenericTile","properties":{"header":"Manage Contracts"}},"wdio_ui5_key":"sapm.GenericTile{\"header\":\"Manage Contracts\"}"}]}
RESULT: undefined
COMMAND: POST /session/73a4fd280a32fd38d4d0602b1d656d13/element - {"using":"xpath","value":"//*[@id=\"__tile130\"]"}
RESULT: {"using":"xpath","value":"//*[@id=\"__tile130\"]"}
COMMAND: POST /session/73a4fd280a32fd38d4d0602b1d656d13/element/f.8A8223F9DEA97DA973980CAD3BB2ACE0.d.329266C3E4FF3F49C5BD8C6C0F49A678.e.8182/click - {}
RESULT: {}
COMMAND: GET /session/73a4fd280a32fd38d4d0602b1d656d13/screenshot - {}
RESULT: {}
COMMAND: POST /session/73a4fd280a32fd38d4d0602b1d656d13/elements - {"using":"xpath","value":"//span[text()='Error']"}
RESULT: {"using":"xpath","value":"//span[text()='Error']"}
COMMAND: POST /session/73a4fd280a32fd38d4d0602b1d656d13/element - {"using":"xpath","value":"//button[@data-kt=\"addButton\"]"}
RESULT: {"using":"xpath","value":"//button[@data-kt=\"addButton\"]"}
COMMAND: POST /session/73a4fd280a32fd38d4d0602b1d656d13/elements - {"using":"xpath","value":"//button[@data-kt=\"addButton\"]"}
RESULT: {"using":"xpath","value":"//button[@data-kt=\"addButton\"]"}
COMMAND: POST /session/73a4fd280a32fd38d4d0602b1d656d13/execute/sync - {"script":"<script> [8489 bytes]","args":[{"element-6066-11e4-a52e-4f735466cecf":"f.8A8223F9DEA97DA973980CAD3BB2ACE0.d.329266C3E4FF3F49C5BD8C6C0F49A678.e.9643","ELEMENT":"f.8A8223F9DEA97DA973980CAD3BB2ACE0.d.329266C3E4FF3F49C5BD8C6C0F49A678.e.9643"}]}
RESULT: {"script":"<script> [8489 bytes]","args":[{"element-6066-11e4-a52e-4f735466cecf":"f.8A8223F9DEA97DA973980CAD3BB2ACE0.d.329266C3E4FF3F49C5BD8C6C0F49A678.e.9643","ELEMENT":"f.8A8223F9DEA97DA973980CAD3BB2ACE0.d.329266C3E4FF3F49C5BD8C6C0F49A678.e.9643"}]}
COMMAND: GET /session/73a4fd280a32fd38d4d0602b1d656d13/element/f.8A8223F9DEA97DA973980CAD3BB2ACE0.d.329266C3E4FF3F49C5BD8C6C0F49A678.e.9643/enabled - {}
COMMAND: GET /session/73a4fd280a32fd38d4d0602b1d656d13/screenshot - {}
RESULT: {}
COMMAND: POST /session/73a4fd280a32fd38d4d0602b1d656d13/execute/sync - {"script":"<script> [8489 bytes]","args":[{"element-6066-11e4-a52e-4f735466cecf":"f.8A8223F9DEA97DA973980CAD3BB2ACE0.d.329266C3E4FF3F49C5BD8C6C0F49A678.e.9643","ELEMENT":"f.8A8223F9DEA97DA973980CAD3BB2ACE0.d.329266C3E4FF3F49C5BD8C6C0F49A678.e.9643"}]}
COMMAND: GET /session/73a4fd280a32fd38d4d0602b1d656d13/screenshot - {}
RESULT: {}
RESULT: {"script":"<script> [8489 bytes]","args":[{"element-6066-11e4-a52e-4f735466cecf":"f.8A8223F9DEA97DA973980CAD3BB2ACE0.d.329266C3E4FF3F49C5BD8C6C0F49A678.e.9643","ELEMENT":"f.8A8223F9DEA97DA973980CAD3BB2ACE0.d.329266C3E4FF3F49C5BD8C6C0F49A678.e.9643"}]}
COMMAND: POST /session/73a4fd280a32fd38d4d0602b1d656d13/execute/sync - {"script":"<script> [5351 bytes]","args":[{"element-6066-11e4-a52e-4f735466cecf":"f.8A8223F9DEA97DA973980CAD3BB2ACE0.d.329266C3E4FF3F49C5BD8C6C0F49A678.e.9643","ELEMENT":"f.8A8223F9DEA97DA973980CAD3BB2ACE0.d.329266C3E4FF3F49C5BD8C6C0F49A678.e.9643"}]}
COMMAND: GET /session/73a4fd280a32fd38d4d0602b1d656d13/screenshot - {}
RESULT: {}
RESULT: {"script":"<script> [5351 bytes]","args":[{"element-6066-11e4-a52e-4f735466cecf":"f.8A8223F9DEA97DA973980CAD3BB2ACE0.d.329266C3E4FF3F49C5BD8C6C0F49A678.e.9643","ELEMENT":"f.8A8223F9DEA97DA973980CAD3BB2ACE0.d.329266C3E4FF3F49C5BD8C6C0F49A678.e.9643"}]}
COMMAND: GET /session/73a4fd280a32fd38d4d0602b1d656d13/screenshot - {}
RESULT: {}
RESULT: {}
COMMAND: POST /session/73a4fd280a32fd38d4d0602b1d656d13/element/f.8A8223F9DEA97DA973980CAD3BB2ACE0.d.329266C3E4FF3F49C5BD8C6C0F49A678.e.9643/click - {}
RESULT: {}
COMMAND: GET /session/73a4fd280a32fd38d4d0602b1d656d13/screenshot - {}
COMMAND: POST /session/73a4fd280a32fd38d4d0602b1d656d13/execute/async - {"script":"<script> [1562 bytes]","args":[{"selector":{"id":"application-managecontracts-display-component---AddNewContract--projectDescription","interaction":{"idSuffix":"inner"}},"wdio_ui5_key":"applicationmanagecontracts-display-component---AddNewContract--projectDescription"}]}
RESULT: {}
RESULT: {"script":"<script> [1562 bytes]","args":[{"selector":{"id":"application-managecontracts-display-component---AddNewContract--projectDescription","interaction":{"idSuffix":"inner"}},"wdio_ui5_key":"applicationmanagecontracts-display-component---AddNewContract--projectDescription"}]}
RESULT: undefined
COMMAND: POST /session/73a4fd280a32fd38d4d0602b1d656d13/execute/async - {"script":"<script> [776 bytes]","args":[{"enterText":"Contract WDIO","selector":{"id":"application-managecontracts-display-component---AddNewContract--projectDescription","interaction":{"idSuffix":"inner"}},"clearTextFirst":true,"interactionType":"ENTER_TEXT"}]}
RESULT: {"script":"<script> [776 bytes]","args":[{"enterText":"Contract WDIO","selector":{"id":"application-managecontracts-display-component---AddNewContract--projectDescription","interaction":{"idSuffix":"inner"}},"clearTextFirst":true,"interactionType":"ENTER_TEXT"}]}
COMMAND: POST /session/73a4fd280a32fd38d4d0602b1d656d13/element - {"using":"xpath","value":"//input[@id=\"application-managecontracts-display-component---AddNewContract--site-inner\"]"}
RESULT: {"using":"xpath","value":"//input[@id=\"application-managecontracts-display-component---AddNewContract--site-inner\"]"}
COMMAND: POST /session/73a4fd280a32fd38d4d0602b1d656d13/element/f.8A8223F9DEA97DA973980CAD3BB2ACE0.d.329266C3E4FF3F49C5BD8C6C0F49A678.e.9999/clear - {}
RESULT: {}
COMMAND: POST /session/73a4fd280a32fd38d4d0602b1d656d13/element/f.8A8223F9DEA97DA973980CAD3BB2ACE0.d.329266C3E4FF3F49C5BD8C6C0F49A678.e.9999/value - {"text":"2179"}
COMMAND: GET /session/73a4fd280a32fd38d4d0602b1d656d13/screenshot - {}
RESULT: {"text":"2179"}
COMMAND: GET /session/73a4fd280a32fd38d4d0602b1d656d13/screenshot - {}
RESULT: {}
RESULT: {}
COMMAND: POST /session/73a4fd280a32fd38d4d0602b1d656d13/element - {"using":"xpath","value":"//li[.//span[text()='2179']]"}
RESULT: {"using":"xpath","value":"//li[.//span[text()='2179']]"}
COMMAND: POST /session/73a4fd280a32fd38d4d0602b1d656d13/element/f.8A8223F9DEA97DA973980CAD3BB2ACE0.d.329266C3E4FF3F49C5BD8C6C0F49A678.e.10036/click - {}
RESULT: {}
COMMAND: GET /session/73a4fd280a32fd38d4d0602b1d656d13/screenshot - {}
RESULT: {}
COMMAND: POST /session/73a4fd280a32fd38d4d0602b1d656d13/element - {"using":"xpath","value":"//input[@id=\"application-managecontracts-display-component---AddNewContract--yardId-inner\"]"}
RESULT: {"using":"xpath","value":"//input[@id=\"application-managecontracts-display-component---AddNewContract--yardId-inner\"]"}
COMMAND: GET /session/73a4fd280a32fd38d4d0602b1d656d13/element/f.8A8223F9DEA97DA973980CAD3BB2ACE0.d.329266C3E4FF3F49C5BD8C6C0F49A678.e.10000/property/value - {}
RESULT: {}
COMMAND: POST /session/73a4fd280a32fd38d4d0602b1d656d13/element - {"using":"xpath","value":"//input[@id=\"application-managecontracts-display-component---AddNewContract--customerSelect-inner\"]"}
COMMAND: GET /session/73a4fd280a32fd38d4d0602b1d656d13/screenshot - {}
RESULT: {"using":"xpath","value":"//input[@id=\"application-managecontracts-display-component---AddNewContract--customerSelect-inner\"]"}
COMMAND: POST /session/73a4fd280a32fd38d4d0602b1d656d13/element/f.8A8223F9DEA97DA973980CAD3BB2ACE0.d.329266C3E4FF3F49C5BD8C6C0F49A678.e.9998/clear - {}
RESULT: {}
RESULT: {}
COMMAND: POST /session/73a4fd280a32fd38d4d0602b1d656d13/element/f.8A8223F9DEA97DA973980CAD3BB2ACE0.d.329266C3E4FF3F49C5BD8C6C0F49A678.e.9998/value - {"text":"1216"}
COMMAND: GET /session/73a4fd280a32fd38d4d0602b1d656d13/screenshot - {}
RESULT: {"text":"1216"}
COMMAND: GET /session/73a4fd280a32fd38d4d0602b1d656d13/screenshot - {}
COMMAND: POST /session/73a4fd280a32fd38d4d0602b1d656d13/element - {"using":"xpath","value":"//li[.//span[text()='1216']]"}
RESULT: {}
RESULT: {}
RESULT: {"using":"xpath","value":"//li[.//span[text()='1216']]"}
COMMAND: POST /session/73a4fd280a32fd38d4d0602b1d656d13/element/f.8A8223F9DEA97DA973980CAD3BB2ACE0.d.329266C3E4FF3F49C5BD8C6C0F49A678.e.10039/click - {}
RESULT: {}
COMMAND: GET /session/73a4fd280a32fd38d4d0602b1d656d13/screenshot - {}
RESULT: {}
COMMAND: POST /session/73a4fd280a32fd38d4d0602b1d656d13/element - {"using":"xpath","value":"//button[@data-kt=\"saveButton\"]"}
RESULT: {"using":"xpath","value":"//button[@data-kt=\"saveButton\"]"}
COMMAND: POST /session/73a4fd280a32fd38d4d0602b1d656d13/element/f.8A8223F9DEA97DA973980CAD3BB2ACE0.d.329266C3E4FF3F49C5BD8C6C0F49A678.e.10040/click - {}
RESULT: {}
COMMAND: GET /session/73a4fd280a32fd38d4d0602b1d656d13/screenshot - {}
RESULT: {}
COMMAND: POST /session/73a4fd280a32fd38d4d0602b1d656d13/element - {"using":"xpath","value":"//span[contains(@id ,\"contractDetailTitleNoExpanded\")]"}
RESULT: {"using":"xpath","value":"//span[contains(@id ,\"contractDetailTitleNoExpanded\")]"}
COMMAND: POST /session/73a4fd280a32fd38d4d0602b1d656d13/elements - {"using":"xpath","value":"//span[contains(@id ,\"contractDetailTitleNoExpanded\")]"}
RESULT: {"using":"xpath","value":"//span[contains(@id ,\"contractDetailTitleNoExpanded\")]"}
COMMAND: POST /session/73a4fd280a32fd38d4d0602b1d656d13/execute/sync - {"script":"<script> [56 bytes]","args":[{"element-6066-11e4-a52e-4f735466cecf":"f.8A8223F9DEA97DA973980CAD3BB2ACE0.d.329266C3E4FF3F49C5BD8C6C0F49A678.e.10113","ELEMENT":"f.8A8223F9DEA97DA973980CAD3BB2ACE0.d.329266C3E4FF3F49C5BD8C6C0F49A678.e.10113"}]}
RESULT: {"script":"<script> [56 bytes]","args":[{"element-6066-11e4-a52e-4f735466cecf":"f.8A8223F9DEA97DA973980CAD3BB2ACE0.d.329266C3E4FF3F49C5BD8C6C0F49A678.e.10113","ELEMENT":"f.8A8223F9DEA97DA973980CAD3BB2ACE0.d.329266C3E4FF3F49C5BD8C6C0F49A678.e.10113"}]}
COMMAND: GET /session/73a4fd280a32fd38d4d0602b1d656d13/screenshot - {}
RESULT: {}
]]></system-out>
    </testcase>
    <testcase classname="chrome.136_0_7103_93.windows.Provide_to_Site_w/_warehouse_management_wo_clarification" name="Should add equipment to the contract" time="59.592">
      <system-out><![CDATA[
COMMAND: POST /session/73a4fd280a32fd38d4d0602b1d656d13/element - {"using":"xpath","value":"//button[@data-kt=\"contractDetailEditBtnButton\"]"}
RESULT: {"using":"xpath","value":"//button[@data-kt=\"contractDetailEditBtnButton\"]"}
COMMAND: POST /session/73a4fd280a32fd38d4d0602b1d656d13/element/f.8A8223F9DEA97DA973980CAD3BB2ACE0.d.329266C3E4FF3F49C5BD8C6C0F49A678.e.10115/click - {}
RESULT: {}
COMMAND: GET /session/73a4fd280a32fd38d4d0602b1d656d13/screenshot - {}
RESULT: {}
COMMAND: POST /session/73a4fd280a32fd38d4d0602b1d656d13/element - {"using":"xpath","value":"(//span[contains(text(), \"Additional Addresses\")])[2]"}
RESULT: {"using":"xpath","value":"(//span[contains(text(), \"Additional Addresses\")])[2]"}
COMMAND: POST /session/73a4fd280a32fd38d4d0602b1d656d13/element/f.8A8223F9DEA97DA973980CAD3BB2ACE0.d.329266C3E4FF3F49C5BD8C6C0F49A678.e.10171/click - {}
RESULT: {}
COMMAND: GET /session/73a4fd280a32fd38d4d0602b1d656d13/screenshot - {}
RESULT: {}
COMMAND: POST /session/73a4fd280a32fd38d4d0602b1d656d13/element - {"using":"xpath","value":"//button[@data-kt=\"btnAddTableRowOverflowToolbarButton\"]"}
RESULT: {"using":"xpath","value":"//button[@data-kt=\"btnAddTableRowOverflowToolbarButton\"]"}
COMMAND: POST /session/73a4fd280a32fd38d4d0602b1d656d13/element/f.8A8223F9DEA97DA973980CAD3BB2ACE0.d.329266C3E4FF3F49C5BD8C6C0F49A678.e.10176/click - {}
RESULT: {}
COMMAND: GET /session/73a4fd280a32fd38d4d0602b1d656d13/screenshot - {}
RESULT: {}
COMMAND: POST /session/73a4fd280a32fd38d4d0602b1d656d13/element - {"using":"xpath","value":"//div[(text() = 'Standard Entry' or . = 'Standard Entry')]"}
RESULT: {"using":"xpath","value":"//div[(text() = 'Standard Entry' or . = 'Standard Entry')]"}
COMMAND: POST /session/73a4fd280a32fd38d4d0602b1d656d13/element/f.8A8223F9DEA97DA973980CAD3BB2ACE0.d.329266C3E4FF3F49C5BD8C6C0F49A678.e.10177/click - {}
RESULT: {}
COMMAND: GET /session/73a4fd280a32fd38d4d0602b1d656d13/screenshot - {}
RESULT: {}
COMMAND: POST /session/73a4fd280a32fd38d4d0602b1d656d13/element - {"using":"xpath","value":"//td[6]/div/div/div/span"}
RESULT: {"using":"xpath","value":"//td[6]/div/div/div/span"}
COMMAND: POST /session/73a4fd280a32fd38d4d0602b1d656d13/element/f.8A8223F9DEA97DA973980CAD3BB2ACE0.d.329266C3E4FF3F49C5BD8C6C0F49A678.e.10189/click - {}
RESULT: {}
COMMAND: GET /session/73a4fd280a32fd38d4d0602b1d656d13/screenshot - {}
RESULT: {}
COMMAND: POST /session/73a4fd280a32fd38d4d0602b1d656d13/element - {"using":"xpath","value":"(//span[contains(text(), \"Material\")])"}
RESULT: {"using":"xpath","value":"(//span[contains(text(), \"Material\")])"}
COMMAND: POST /session/73a4fd280a32fd38d4d0602b1d656d13/element/f.8A8223F9DEA97DA973980CAD3BB2ACE0.d.329266C3E4FF3F49C5BD8C6C0F49A678.e.10190/click - {}
RESULT: {}
COMMAND: GET /session/73a4fd280a32fd38d4d0602b1d656d13/screenshot - {}
RESULT: {}
COMMAND: POST /session/73a4fd280a32fd38d4d0602b1d656d13/element - {"using":"xpath","value":"//td[7]/div/div/input"}
RESULT: {"using":"xpath","value":"//td[7]/div/div/input"}
COMMAND: POST /session/73a4fd280a32fd38d4d0602b1d656d13/element/f.8A8223F9DEA97DA973980CAD3BB2ACE0.d.329266C3E4FF3F49C5BD8C6C0F49A678.e.10194/clear - {}
RESULT: {}
COMMAND: POST /session/73a4fd280a32fd38d4d0602b1d656d13/element/f.8A8223F9DEA97DA973980CAD3BB2ACE0.d.329266C3E4FF3F49C5BD8C6C0F49A678.e.10194/value - {"text":"200191"}
COMMAND: GET /session/73a4fd280a32fd38d4d0602b1d656d13/screenshot - {}
RESULT: {"text":"200191"}
COMMAND: GET /session/73a4fd280a32fd38d4d0602b1d656d13/screenshot - {}
RESULT: {}
RESULT: {}
COMMAND: POST /session/73a4fd280a32fd38d4d0602b1d656d13/actions - {"actions":[{"id":"action35","type":"key","parameters":{},"actions":[{"type":"keyDown","value":"î€‡"},{"type":"pause","duration":10},{"type":"keyUp","value":"î€‡"}]}]}
RESULT: {"actions":[{"id":"action35","type":"key","parameters":{},"actions":[{"type":"keyDown","value":"î€‡"},{"type":"pause","duration":10},{"type":"keyUp","value":"î€‡"}]}]}
COMMAND: GET /session/73a4fd280a32fd38d4d0602b1d656d13/screenshot - {}
RESULT: {}
COMMAND: POST /session/73a4fd280a32fd38d4d0602b1d656d13/execute/sync - {"script":"<script> [276 bytes]","args":["No pricing information was found"]}
RESULT: {"script":"<script> [276 bytes]","args":["No pricing information was found"]}
COMMAND: POST /session/73a4fd280a32fd38d4d0602b1d656d13/element - {"using":"xpath","value":"//bdi[contains(text(), \"OK\")]"}
COMMAND: GET /session/73a4fd280a32fd38d4d0602b1d656d13/screenshot - {}
RESULT: {"using":"xpath","value":"//bdi[contains(text(), \"OK\")]"}
COMMAND: POST /session/73a4fd280a32fd38d4d0602b1d656d13/element/f.8A8223F9DEA97DA973980CAD3BB2ACE0.d.329266C3E4FF3F49C5BD8C6C0F49A678.e.10220/click - {}
RESULT: {}
RESULT: {}
COMMAND: GET /session/73a4fd280a32fd38d4d0602b1d656d13/screenshot - {}
RESULT: {}
COMMAND: POST /session/73a4fd280a32fd38d4d0602b1d656d13/element - {"using":"xpath","value":"(//button[@data-kt=\"saveButton\"])[2]"}
RESULT: {"using":"xpath","value":"(//button[@data-kt=\"saveButton\"])[2]"}
COMMAND: POST /session/73a4fd280a32fd38d4d0602b1d656d13/element/f.8A8223F9DEA97DA973980CAD3BB2ACE0.d.329266C3E4FF3F49C5BD8C6C0F49A678.e.10221/click - {}
RESULT: {}
COMMAND: GET /session/73a4fd280a32fd38d4d0602b1d656d13/screenshot - {}
RESULT: {}
COMMAND: POST /session/73a4fd280a32fd38d4d0602b1d656d13/execute/sync - {"script":"<script> [276 bytes]","args":["Some contract items are having rental validity exceeding header rental validity"]}
RESULT: {"script":"<script> [276 bytes]","args":["Some contract items are having rental validity exceeding header rental validity"]}
COMMAND: GET /session/73a4fd280a32fd38d4d0602b1d656d13/screenshot - {}
RESULT: {}
COMMAND: POST /session/73a4fd280a32fd38d4d0602b1d656d13/element - {"using":"xpath","value":"//span[contains(@id ,\"contractItemsSmartTable-header-inner\")]"}
RESULT: {"using":"xpath","value":"//span[contains(@id ,\"contractItemsSmartTable-header-inner\")]"}
COMMAND: POST /session/73a4fd280a32fd38d4d0602b1d656d13/elements - {"using":"xpath","value":"//span[contains(@id ,\"contractItemsSmartTable-header-inner\")]"}
RESULT: {"using":"xpath","value":"//span[contains(@id ,\"contractItemsSmartTable-header-inner\")]"}
COMMAND: POST /session/73a4fd280a32fd38d4d0602b1d656d13/execute/sync - {"script":"<script> [56 bytes]","args":[{"element-6066-11e4-a52e-4f735466cecf":"f.8A8223F9DEA97DA973980CAD3BB2ACE0.d.329266C3E4FF3F49C5BD8C6C0F49A678.e.10226","ELEMENT":"f.8A8223F9DEA97DA973980CAD3BB2ACE0.d.329266C3E4FF3F49C5BD8C6C0F49A678.e.10226"}]}
RESULT: {"script":"<script> [56 bytes]","args":[{"element-6066-11e4-a52e-4f735466cecf":"f.8A8223F9DEA97DA973980CAD3BB2ACE0.d.329266C3E4FF3F49C5BD8C6C0F49A678.e.10226","ELEMENT":"f.8A8223F9DEA97DA973980CAD3BB2ACE0.d.329266C3E4FF3F49C5BD8C6C0F49A678.e.10226"}]}
]]></system-out>
    </testcase>
    <testcase classname="chrome.136_0_7103_93.windows.Provide_to_Site_w/_warehouse_management_wo_clarification" name="Should provide to site" time="45.613">
      <system-out><![CDATA[
COMMAND: GET /session/73a4fd280a32fd38d4d0602b1d656d13/screenshot - {}
COMMAND: POST /session/73a4fd280a32fd38d4d0602b1d656d13/element - {"using":"xpath","value":"//button[@data-kt=\"provideButton\"]"}
RESULT: {}
RESULT: {"using":"xpath","value":"//button[@data-kt=\"provideButton\"]"}
COMMAND: POST /session/73a4fd280a32fd38d4d0602b1d656d13/element/f.8A8223F9DEA97DA973980CAD3BB2ACE0.d.329266C3E4FF3F49C5BD8C6C0F49A678.e.10227/click - {}
RESULT: {}
COMMAND: GET /session/73a4fd280a32fd38d4d0602b1d656d13/screenshot - {}
RESULT: {}
RESULT: undefined
COMMAND: POST /session/73a4fd280a32fd38d4d0602b1d656d13/execute/async - {"script":"<script> [6424 bytes]","args":[{"element-6066-11e4-a52e-4f735466cecf":"f.8A8223F9DEA97DA973980CAD3BB2ACE0.d.329266C3E4FF3F49C5BD8C6C0F49A678.e.9204"},"setValue",["05/15/25"]]}
COMMAND: POST /session/73a4fd280a32fd38d4d0602b1d656d13/execute/async - {"script":"<script> [1562 bytes]","args":[{"selector":{"id":"application-managehandovers-display-component---AddNewHO--dueDate","interaction":{"idSuffix":"inner"}},"wdio_ui5_key":"applicationmanagehandovers-display-component---AddNewHO--dueDate"}]}
RESULT: {"script":"<script> [1562 bytes]","args":[{"selector":{"id":"application-managehandovers-display-component---AddNewHO--dueDate","interaction":{"idSuffix":"inner"}},"wdio_ui5_key":"applicationmanagehandovers-display-component---AddNewHO--dueDate"}]}
COMMAND: POST /session/73a4fd280a32fd38d4d0602b1d656d13/execute/async - {"script":"<script> [6424 bytes]","args":[{"element-6066-11e4-a52e-4f735466cecf":"f.8A8223F9DEA97DA973980CAD3BB2ACE0.d.329266C3E4FF3F49C5BD8C6C0F49A678.e.10317"},"setValue",["05/15/25"]]}
RESULT: {"script":"<script> [6424 bytes]","args":[{"element-6066-11e4-a52e-4f735466cecf":"f.8A8223F9DEA97DA973980CAD3BB2ACE0.d.329266C3E4FF3F49C5BD8C6C0F49A678.e.10317"},"setValue",["05/15/25"]]}
COMMAND: POST /session/73a4fd280a32fd38d4d0602b1d656d13/element - {"using":"xpath","value":"//bdi[contains(text(), \"Instructions\")]"}
RESULT: {"using":"xpath","value":"//bdi[contains(text(), \"Instructions\")]"}
COMMAND: POST /session/73a4fd280a32fd38d4d0602b1d656d13/element/f.8A8223F9DEA97DA973980CAD3BB2ACE0.d.329266C3E4FF3F49C5BD8C6C0F49A678.e.10541/click - {}
RESULT: {}
COMMAND: GET /session/73a4fd280a32fd38d4d0602b1d656d13/screenshot - {}
RESULT: {}
COMMAND: POST /session/73a4fd280a32fd38d4d0602b1d656d13/element - {"using":"xpath","value":"//button[@data-kt=\"AddNewHOProvideAddItemsButton\"]"}
RESULT: {"using":"xpath","value":"//button[@data-kt=\"AddNewHOProvideAddItemsButton\"]"}
COMMAND: POST /session/73a4fd280a32fd38d4d0602b1d656d13/element/f.8A8223F9DEA97DA973980CAD3BB2ACE0.d.329266C3E4FF3F49C5BD8C6C0F49A678.e.10545/click - {}
RESULT: {}
COMMAND: GET /session/73a4fd280a32fd38d4d0602b1d656d13/screenshot - {}
RESULT: {}
RESULT: undefined
COMMAND: POST /session/73a4fd280a32fd38d4d0602b1d656d13/element - {"using":"xpath","value":"//*[@id=\"application-managehandovers-display-component---AddNewHO--popup-sa\"]"}
RESULT: {"using":"xpath","value":"//*[@id=\"application-managehandovers-display-component---AddNewHO--popup-sa\"]"}
COMMAND: POST /session/73a4fd280a32fd38d4d0602b1d656d13/element/f.8A8223F9DEA97DA973980CAD3BB2ACE0.d.329266C3E4FF3F49C5BD8C6C0F49A678.e.10550/click - {}
RESULT: {}
COMMAND: GET /session/73a4fd280a32fd38d4d0602b1d656d13/screenshot - {}
RESULT: {}
COMMAND: POST /session/73a4fd280a32fd38d4d0602b1d656d13/element - {"using":"xpath","value":"//*[contains(@id ,\"BDI-content\")][contains(text(), \"Select\")]"}
RESULT: {"using":"xpath","value":"//*[contains(@id ,\"BDI-content\")][contains(text(), \"Select\")]"}
COMMAND: POST /session/73a4fd280a32fd38d4d0602b1d656d13/element/f.8A8223F9DEA97DA973980CAD3BB2ACE0.d.329266C3E4FF3F49C5BD8C6C0F49A678.e.10551/click - {}
RESULT: {}
COMMAND: GET /session/73a4fd280a32fd38d4d0602b1d656d13/screenshot - {}
RESULT: {}
COMMAND: POST /session/73a4fd280a32fd38d4d0602b1d656d13/element - {"using":"xpath","value":"//bdi[(text() = 'Save' or . = 'Save')]"}
RESULT: {"using":"xpath","value":"//bdi[(text() = 'Save' or . = 'Save')]"}
COMMAND: POST /session/73a4fd280a32fd38d4d0602b1d656d13/element/f.8A8223F9DEA97DA973980CAD3BB2ACE0.d.329266C3E4FF3F49C5BD8C6C0F49A678.e.10554/click - {}
RESULT: {}
COMMAND: GET /session/73a4fd280a32fd38d4d0602b1d656d13/screenshot - {}
RESULT: {}
]]></system-out>
    </testcase>
    <testcase classname="chrome.136_0_7103_93.windows.Provide_to_Site_w/_warehouse_management_wo_clarification" name="Should Test for Handover Execution" time="162.06">
      <system-out><![CDATA[
COMMAND: POST /session/73a4fd280a32fd38d4d0602b1d656d13/execute/async - {"script":"<script> [1562 bytes]","args":[{"selector":{"controlType":"sap.m.Link","viewName":"etm.portal.ui.managehandovers.view.DetailExecuteHO","bindingPath":{"path":"","propertyPath":"/wmDoc","modelName":"warehouseMovModel"}},"wdio_ui5_key":"etmportal.ui.managehandovers.view.DetailExecuteHOsap.m.Link{\"path\":\"\",\"propertyPath\":\"/wmDoc\",\"modelName\":\"warehouseMovModel\"}"}]}
RESULT: {"script":"<script> [1562 bytes]","args":[{"selector":{"controlType":"sap.m.Link","viewName":"etm.portal.ui.managehandovers.view.DetailExecuteHO","bindingPath":{"path":"","propertyPath":"/wmDoc","modelName":"warehouseMovModel"}},"wdio_ui5_key":"etmportal.ui.managehandovers.view.DetailExecuteHOsap.m.Link{\"path\":\"\",\"propertyPath\":\"/wmDoc\",\"modelName\":\"warehouseMovModel\"}"}]}
RESULT: undefined
COMMAND: POST /session/73a4fd280a32fd38d4d0602b1d656d13/element - {"using":"xpath","value":"//*[@id=\"__link81\"]"}
RESULT: {"using":"xpath","value":"//*[@id=\"__link81\"]"}
COMMAND: POST /session/73a4fd280a32fd38d4d0602b1d656d13/element/f.8A8223F9DEA97DA973980CAD3BB2ACE0.d.329266C3E4FF3F49C5BD8C6C0F49A678.e.10585/click - {}
RESULT: {}
COMMAND: GET /session/73a4fd280a32fd38d4d0602b1d656d13/screenshot - {}
RESULT: {}
COMMAND: POST /session/73a4fd280a32fd38d4d0602b1d656d13/execute/async - {"script":"<script> [1562 bytes]","args":[{"selector":{"controlType":"sap.m.Link","viewName":"etm.portal.ui.managehandovers.view.DetailExecuteHO","properties":{"text":"Warehouse Overview"},"searchOpenDialogs":true},"wdio_ui5_key":"etmportal.ui.managehandovers.view.DetailExecuteHOsap.m.Link{\"text\":\"Warehouse Overview\"}"}]}
RESULT: {"script":"<script> [1562 bytes]","args":[{"selector":{"controlType":"sap.m.Link","viewName":"etm.portal.ui.managehandovers.view.DetailExecuteHO","properties":{"text":"Warehouse Overview"},"searchOpenDialogs":true},"wdio_ui5_key":"etmportal.ui.managehandovers.view.DetailExecuteHOsap.m.Link{\"text\":\"Warehouse Overview\"}"}]}
RESULT: undefined
COMMAND: POST /session/73a4fd280a32fd38d4d0602b1d656d13/element - {"using":"xpath","value":"//*[@id=\"__link96\"]"}
RESULT: {"using":"xpath","value":"//*[@id=\"__link96\"]"}
COMMAND: POST /session/73a4fd280a32fd38d4d0602b1d656d13/element/f.8A8223F9DEA97DA973980CAD3BB2ACE0.d.329266C3E4FF3F49C5BD8C6C0F49A678.e.10589/click - {}
RESULT: {}
COMMAND: GET /session/73a4fd280a32fd38d4d0602b1d656d13/screenshot - {}
RESULT: {}
COMMAND: POST /session/73a4fd280a32fd38d4d0602b1d656d13/execute/async - {"script":"<script> [1562 bytes]","args":[{"selector":{"controlType":"sap.m.Button","viewName":"etm.portal.ui.warehousemovements.view.DisplayMovement","viewId":"application-warehousemovements-display-component---displayMovement","i18NText":{"propertyName":"text","key":"execution"},"interaction":{"idSuffix":"BDI-content"}},"wdio_ui5_key":"etmportal.ui.warehousemovements.view.DisplayMovementsap.m.Button{\"propertyName\":\"text\",\"key\":\"execution\"}"}]}
RESULT: {"script":"<script> [1562 bytes]","args":[{"selector":{"controlType":"sap.m.Button","viewName":"etm.portal.ui.warehousemovements.view.DisplayMovement","viewId":"application-warehousemovements-display-component---displayMovement","i18NText":{"propertyName":"text","key":"execution"},"interaction":{"idSuffix":"BDI-content"}},"wdio_ui5_key":"etmportal.ui.warehousemovements.view.DisplayMovementsap.m.Button{\"propertyName\":\"text\",\"key\":\"execution\"}"}]}
RESULT: undefined
COMMAND: POST /session/73a4fd280a32fd38d4d0602b1d656d13/element - {"using":"xpath","value":"//*[@id=\"__button219\"]"}
RESULT: {"using":"xpath","value":"//*[@id=\"__button219\"]"}
COMMAND: POST /session/73a4fd280a32fd38d4d0602b1d656d13/element/f.8A8223F9DEA97DA973980CAD3BB2ACE0.d.329266C3E4FF3F49C5BD8C6C0F49A678.e.10699/click - {}
RESULT: {}
COMMAND: GET /session/73a4fd280a32fd38d4d0602b1d656d13/screenshot - {}
RESULT: {}
COMMAND: POST /session/73a4fd280a32fd38d4d0602b1d656d13/execute/async - {"script":"<script> [1562 bytes]","args":[{"selector":{"controlType":"sap.m.Button","viewName":"etm.portal.ui.warehousemovements.view.ExecuteMovement","viewId":"application-warehousemovements-display-component---executeMovement","properties":{"text":"Items"},"interaction":{"idSuffix":"BDI-content"}},"wdio_ui5_key":"etmportal.ui.warehousemovements.view.ExecuteMovementsap.m.Button{\"text\":\"Items\"}"}]}
RESULT: {"script":"<script> [1562 bytes]","args":[{"selector":{"controlType":"sap.m.Button","viewName":"etm.portal.ui.warehousemovements.view.ExecuteMovement","viewId":"application-warehousemovements-display-component---executeMovement","properties":{"text":"Items"},"interaction":{"idSuffix":"BDI-content"}},"wdio_ui5_key":"etmportal.ui.warehousemovements.view.ExecuteMovementsap.m.Button{\"text\":\"Items\"}"}]}
RESULT: undefined
COMMAND: POST /session/73a4fd280a32fd38d4d0602b1d656d13/element - {"using":"xpath","value":"//*[@id=\"__layout353-anchBar-application-warehousemovements-display-component---executeMovement--itemsSection-anchor\"]"}
RESULT: {"using":"xpath","value":"//*[@id=\"__layout353-anchBar-application-warehousemovements-display-component---executeMovement--itemsSection-anchor\"]"}
COMMAND: POST /session/73a4fd280a32fd38d4d0602b1d656d13/element/f.8A8223F9DEA97DA973980CAD3BB2ACE0.d.329266C3E4FF3F49C5BD8C6C0F49A678.e.10810/click - {}
RESULT: {}
COMMAND: GET /session/73a4fd280a32fd38d4d0602b1d656d13/screenshot - {}
RESULT: {}
COMMAND: POST /session/73a4fd280a32fd38d4d0602b1d656d13/execute/async - {"script":"<script> [1562 bytes]","args":[{"selector":{"controlType":"sap.m.ToggleButton","viewName":"etm.portal.ui.warehousemovements.view.ExecuteMovement","viewId":"application-warehousemovements-display-component---executeMovement","bindingPath":{"propertyPath":"STATUS","modelName":"catalogModel"},"interaction":{"idSuffix":"BDI-content"}},"wdio_ui5_key":"etmportal.ui.warehousemovements.view.ExecuteMovementsap.m.ToggleButton{\"propertyPath\":\"STATUS\",\"modelName\":\"catalogModel\"}"}]}
RESULT: {"script":"<script> [1562 bytes]","args":[{"selector":{"controlType":"sap.m.ToggleButton","viewName":"etm.portal.ui.warehousemovements.view.ExecuteMovement","viewId":"application-warehousemovements-display-component---executeMovement","bindingPath":{"propertyPath":"STATUS","modelName":"catalogModel"},"interaction":{"idSuffix":"BDI-content"}},"wdio_ui5_key":"etmportal.ui.warehousemovements.view.ExecuteMovementsap.m.ToggleButton{\"propertyPath\":\"STATUS\",\"modelName\":\"catalogModel\"}"}]}
RESULT: undefined
COMMAND: POST /session/73a4fd280a32fd38d4d0602b1d656d13/element - {"using":"xpath","value":"//*[@id=\"__button242-__clone2728\"]"}
RESULT: {"using":"xpath","value":"//*[@id=\"__button242-__clone2728\"]"}
COMMAND: POST /session/73a4fd280a32fd38d4d0602b1d656d13/element/f.8A8223F9DEA97DA973980CAD3BB2ACE0.d.329266C3E4FF3F49C5BD8C6C0F49A678.e.10751/click - {}
RESULT: {}
RESULT: undefined
COMMAND: POST /session/73a4fd280a32fd38d4d0602b1d656d13/element - {"using":"xpath","value":"//*[@id=\"__button242-__clone2728\"]"}
COMMAND: GET /session/73a4fd280a32fd38d4d0602b1d656d13/screenshot - {}
RESULT: {"using":"xpath","value":"//*[@id=\"__button242-__clone2728\"]"}
COMMAND: POST /session/73a4fd280a32fd38d4d0602b1d656d13/element/f.8A8223F9DEA97DA973980CAD3BB2ACE0.d.329266C3E4FF3F49C5BD8C6C0F49A678.e.10751/click - {}
RESULT: {}
RESULT: {}
COMMAND: GET /session/73a4fd280a32fd38d4d0602b1d656d13/screenshot - {}
RESULT: {}
RESULT: undefined
COMMAND: POST /session/73a4fd280a32fd38d4d0602b1d656d13/execute/async - {"script":"<script> [6424 bytes]","args":[{"element-6066-11e4-a52e-4f735466cecf":"f.8A8223F9DEA97DA973980CAD3BB2ACE0.d.329266C3E4FF3F49C5BD8C6C0F49A678.e.10816"},"getText",[]]}
RESULT: {"script":"<script> [6424 bytes]","args":[{"element-6066-11e4-a52e-4f735466cecf":"f.8A8223F9DEA97DA973980CAD3BB2ACE0.d.329266C3E4FF3F49C5BD8C6C0F49A678.e.10816"},"getText",[]]}
COMMAND: POST /session/73a4fd280a32fd38d4d0602b1d656d13/element - {"using":"xpath","value":"//section[contains(@id,\"FC-NoHead\")]/div[1]/div[5]/div[2]/span"}
RESULT: {"using":"xpath","value":"//section[contains(@id,\"FC-NoHead\")]/div[1]/div[5]/div[2]/span"}
COMMAND: POST /session/73a4fd280a32fd38d4d0602b1d656d13/elements - {"using":"xpath","value":"//section[contains(@id,\"FC-NoHead\")]/div[1]/div[5]/div[2]/span"}
RESULT: {"using":"xpath","value":"//section[contains(@id,\"FC-NoHead\")]/div[1]/div[5]/div[2]/span"}
COMMAND: POST /session/73a4fd280a32fd38d4d0602b1d656d13/execute/sync - {"script":"<script> [56 bytes]","args":[{"element-6066-11e4-a52e-4f735466cecf":"f.8A8223F9DEA97DA973980CAD3BB2ACE0.d.329266C3E4FF3F49C5BD8C6C0F49A678.e.10818","ELEMENT":"f.8A8223F9DEA97DA973980CAD3BB2ACE0.d.329266C3E4FF3F49C5BD8C6C0F49A678.e.10818"}]}
RESULT: {"script":"<script> [56 bytes]","args":[{"element-6066-11e4-a52e-4f735466cecf":"f.8A8223F9DEA97DA973980CAD3BB2ACE0.d.329266C3E4FF3F49C5BD8C6C0F49A678.e.10818","ELEMENT":"f.8A8223F9DEA97DA973980CAD3BB2ACE0.d.329266C3E4FF3F49C5BD8C6C0F49A678.e.10818"}]}
COMMAND: POST /session/73a4fd280a32fd38d4d0602b1d656d13/actions - {"actions":[{"id":"action36","type":"key","parameters":{},"actions":[{"type":"keyDown","value":"î€‡"},{"type":"pause","duration":10},{"type":"keyUp","value":"î€‡"}]}]}
COMMAND: GET /session/73a4fd280a32fd38d4d0602b1d656d13/screenshot - {}
RESULT: {"actions":[{"id":"action36","type":"key","parameters":{},"actions":[{"type":"keyDown","value":"î€‡"},{"type":"pause","duration":10},{"type":"keyUp","value":"î€‡"}]}]}
COMMAND: POST /session/73a4fd280a32fd38d4d0602b1d656d13/execute/async - {"script":"<script> [1562 bytes]","args":[{"selector":{"id":"application-warehousemovements-display-component---executeMovement--executeId","interaction":{"idSuffix":"BDI-content"}},"wdio_ui5_key":"applicationwarehousemovements-display-component---executeMovement--executeId"}]}
COMMAND: GET /session/73a4fd280a32fd38d4d0602b1d656d13/screenshot - {}
RESULT: {}
RESULT: {"script":"<script> [1562 bytes]","args":[{"selector":{"id":"application-warehousemovements-display-component---executeMovement--executeId","interaction":{"idSuffix":"BDI-content"}},"wdio_ui5_key":"applicationwarehousemovements-display-component---executeMovement--executeId"}]}
RESULT: undefined
COMMAND: POST /session/73a4fd280a32fd38d4d0602b1d656d13/element - {"using":"xpath","value":"//*[@id=\"application-warehousemovements-display-component---executeMovement--executeId\"]"}
RESULT: {}
RESULT: {"using":"xpath","value":"//*[@id=\"application-warehousemovements-display-component---executeMovement--executeId\"]"}
COMMAND: POST /session/73a4fd280a32fd38d4d0602b1d656d13/element/f.8A8223F9DEA97DA973980CAD3BB2ACE0.d.329266C3E4FF3F49C5BD8C6C0F49A678.e.10803/click - {}
RESULT: {}
COMMAND: GET /session/73a4fd280a32fd38d4d0602b1d656d13/screenshot - {}
RESULT: {}
COMMAND: POST /session/73a4fd280a32fd38d4d0602b1d656d13/element - {"using":"css selector","value":"#shell-header-logo"}
RESULT: {"using":"css selector","value":"#shell-header-logo"}
COMMAND: POST /session/73a4fd280a32fd38d4d0602b1d656d13/element/f.8A8223F9DEA97DA973980CAD3BB2ACE0.d.329266C3E4FF3F49C5BD8C6C0F49A678.e.9598/click - {}
RESULT: {}
COMMAND: GET /session/73a4fd280a32fd38d4d0602b1d656d13/screenshot - {}
RESULT: {}
RESULT: undefined
COMMAND: POST /session/73a4fd280a32fd38d4d0602b1d656d13/element - {"using":"xpath","value":"//*[@id=\"__tile133\"]"}
RESULT: {"using":"xpath","value":"//*[@id=\"__tile133\"]"}
COMMAND: POST /session/73a4fd280a32fd38d4d0602b1d656d13/element/f.8A8223F9DEA97DA973980CAD3BB2ACE0.d.329266C3E4FF3F49C5BD8C6C0F49A678.e.8193/click - {}
RESULT: {}
COMMAND: GET /session/73a4fd280a32fd38d4d0602b1d656d13/screenshot - {}
RESULT: {}
COMMAND: POST /session/73a4fd280a32fd38d4d0602b1d656d13/elements - {"using":"xpath","value":"//span[text()='Error']"}
RESULT: {"using":"xpath","value":"//span[text()='Error']"}
COMMAND: POST /session/73a4fd280a32fd38d4d0602b1d656d13/execute/async - {"script":"<script> [1562 bytes]","args":[{"selector":{"controlType":"sap.m.SearchField","viewName":"etm.portal.ui.managehandovers.view.MasterHO","bindingPath":{"propertyPath":"/_BASIC_SEARCH_FIELD","modelName":"fi1t3rM0d31"},"interaction":{"idSuffix":"I"}},"wdio_ui5_key":"etmportal.ui.managehandovers.view.MasterHOsap.m.SearchField{\"propertyPath\":\"/_BASIC_SEARCH_FIELD\",\"modelName\":\"fi1t3rM0d31\"}"}]}
RESULT: {"script":"<script> [1562 bytes]","args":[{"selector":{"controlType":"sap.m.SearchField","viewName":"etm.portal.ui.managehandovers.view.MasterHO","bindingPath":{"propertyPath":"/_BASIC_SEARCH_FIELD","modelName":"fi1t3rM0d31"},"interaction":{"idSuffix":"I"}},"wdio_ui5_key":"etmportal.ui.managehandovers.view.MasterHOsap.m.SearchField{\"propertyPath\":\"/_BASIC_SEARCH_FIELD\",\"modelName\":\"fi1t3rM0d31\"}"}]}
RESULT: undefined
COMMAND: POST /session/73a4fd280a32fd38d4d0602b1d656d13/execute/async - {"script":"<script> [776 bytes]","args":[{"enterText":"30468","selector":{"controlType":"sap.m.SearchField","viewName":"etm.portal.ui.managehandovers.view.MasterHO","bindingPath":{"propertyPath":"/_BASIC_SEARCH_FIELD","modelName":"fi1t3rM0d31"},"interaction":{"idSuffix":"I"}},"clearTextFirst":true,"interactionType":"ENTER_TEXT"}]}
RESULT: {"script":"<script> [776 bytes]","args":[{"enterText":"30468","selector":{"controlType":"sap.m.SearchField","viewName":"etm.portal.ui.managehandovers.view.MasterHO","bindingPath":{"propertyPath":"/_BASIC_SEARCH_FIELD","modelName":"fi1t3rM0d31"},"interaction":{"idSuffix":"I"}},"clearTextFirst":true,"interactionType":"ENTER_TEXT"}]}
COMMAND: POST /session/73a4fd280a32fd38d4d0602b1d656d13/actions - {"actions":[{"id":"action37","type":"key","parameters":{},"actions":[{"type":"keyDown","value":"î€‡"},{"type":"pause","duration":10},{"type":"keyUp","value":"î€‡"}]}]}
RESULT: {"actions":[{"id":"action37","type":"key","parameters":{},"actions":[{"type":"keyDown","value":"î€‡"},{"type":"pause","duration":10},{"type":"keyUp","value":"î€‡"}]}]}
COMMAND: GET /session/73a4fd280a32fd38d4d0602b1d656d13/screenshot - {}
RESULT: {}
COMMAND: POST /session/73a4fd280a32fd38d4d0602b1d656d13/execute/async - {"script":"<script> [1562 bytes]","args":[{"selector":{"controlType":"sap.ui.core.Icon","viewName":"etm.portal.ui.managehandovers.view.MasterHO","properties":{"src":{"regex":{"source":"slim\\-arrow\\-right"}}}},"wdio_ui5_key":"etmportal.ui.managehandovers.view.MasterHOsap.ui.core.Icon{\"src\":{\"regex\":{\"source\":\"slim\\\\-arrow\\\\-right\"}}}"}]}
RESULT: {"script":"<script> [1562 bytes]","args":[{"selector":{"controlType":"sap.ui.core.Icon","viewName":"etm.portal.ui.managehandovers.view.MasterHO","properties":{"src":{"regex":{"source":"slim\\-arrow\\-right"}}}},"wdio_ui5_key":"etmportal.ui.managehandovers.view.MasterHOsap.ui.core.Icon{\"src\":{\"regex\":{\"source\":\"slim\\\\-arrow\\\\-right\"}}}"}]}
RESULT: undefined
COMMAND: POST /session/73a4fd280a32fd38d4d0602b1d656d13/element - {"using":"xpath","value":"//*[@id=\"__item1452-__clone2807-imgNav\"]"}
RESULT: {"using":"xpath","value":"//*[@id=\"__item1452-__clone2807-imgNav\"]"}
COMMAND: POST /session/73a4fd280a32fd38d4d0602b1d656d13/element/f.8A8223F9DEA97DA973980CAD3BB2ACE0.d.329266C3E4FF3F49C5BD8C6C0F49A678.e.10999/click - {}
RESULT: {}
COMMAND: GET /session/73a4fd280a32fd38d4d0602b1d656d13/screenshot - {}
RESULT: {}
COMMAND: POST /session/73a4fd280a32fd38d4d0602b1d656d13/execute/async - {"script":"<script> [1562 bytes]","args":[{"selector":{"controlType":"sap.m.Button","viewName":"etm.portal.ui.managehandovers.view.DetailExecuteHO","i18NText":{"propertyName":"text","key":"confirmAll"},"interaction":{"idSuffix":"BDI-content"}},"wdio_ui5_key":"etmportal.ui.managehandovers.view.DetailExecuteHOsap.m.Button{\"propertyName\":\"text\",\"key\":\"confirmAll\"}"}]}
RESULT: {"script":"<script> [1562 bytes]","args":[{"selector":{"controlType":"sap.m.Button","viewName":"etm.portal.ui.managehandovers.view.DetailExecuteHO","i18NText":{"propertyName":"text","key":"confirmAll"},"interaction":{"idSuffix":"BDI-content"}},"wdio_ui5_key":"etmportal.ui.managehandovers.view.DetailExecuteHOsap.m.Button{\"propertyName\":\"text\",\"key\":\"confirmAll\"}"}]}
RESULT: undefined
COMMAND: POST /session/73a4fd280a32fd38d4d0602b1d656d13/element - {"using":"xpath","value":"//*[@id=\"__button280\"]"}
RESULT: {"using":"xpath","value":"//*[@id=\"__button280\"]"}
COMMAND: POST /session/73a4fd280a32fd38d4d0602b1d656d13/element/f.8A8223F9DEA97DA973980CAD3BB2ACE0.d.329266C3E4FF3F49C5BD8C6C0F49A678.e.11084/click - {}
RESULT: {}
COMMAND: GET /session/73a4fd280a32fd38d4d0602b1d656d13/screenshot - {}
RESULT: {}
COMMAND: POST /session/73a4fd280a32fd38d4d0602b1d656d13/actions - {"actions":[{"id":"action38","type":"key","parameters":{},"actions":[{"type":"keyDown","value":"î€‡"},{"type":"pause","duration":10},{"type":"keyUp","value":"î€‡"}]}]}
RESULT: {"actions":[{"id":"action38","type":"key","parameters":{},"actions":[{"type":"keyDown","value":"î€‡"},{"type":"pause","duration":10},{"type":"keyUp","value":"î€‡"}]}]}
COMMAND: GET /session/73a4fd280a32fd38d4d0602b1d656d13/screenshot - {}
RESULT: {}
COMMAND: POST /session/73a4fd280a32fd38d4d0602b1d656d13/element - {"using":"xpath","value":"//button[@data-kt=\"execHoIssueButton\"]"}
RESULT: {"using":"xpath","value":"//button[@data-kt=\"execHoIssueButton\"]"}
COMMAND: POST /session/73a4fd280a32fd38d4d0602b1d656d13/element/f.8A8223F9DEA97DA973980CAD3BB2ACE0.d.329266C3E4FF3F49C5BD8C6C0F49A678.e.11092/click - {}
RESULT: {}
COMMAND: GET /session/73a4fd280a32fd38d4d0602b1d656d13/screenshot - {}
RESULT: {}
RESULT: undefined
COMMAND: POST /session/73a4fd280a32fd38d4d0602b1d656d13/execute/async - {"script":"<script> [776 bytes]","args":[{"enterText":"30468","selector":{"controlType":"sap.m.SearchField","viewName":"etm.portal.ui.managehandovers.view.MasterHO","bindingPath":{"propertyPath":"/_BASIC_SEARCH_FIELD","modelName":"fi1t3rM0d31"},"interaction":{"idSuffix":"I"}},"clearTextFirst":true,"interactionType":"ENTER_TEXT"}]}
RESULT: {"script":"<script> [776 bytes]","args":[{"enterText":"30468","selector":{"controlType":"sap.m.SearchField","viewName":"etm.portal.ui.managehandovers.view.MasterHO","bindingPath":{"propertyPath":"/_BASIC_SEARCH_FIELD","modelName":"fi1t3rM0d31"},"interaction":{"idSuffix":"I"}},"clearTextFirst":true,"interactionType":"ENTER_TEXT"}]}
COMMAND: POST /session/73a4fd280a32fd38d4d0602b1d656d13/actions - {"actions":[{"id":"action39","type":"key","parameters":{},"actions":[{"type":"keyDown","value":"î€‡"},{"type":"pause","duration":10},{"type":"keyUp","value":"î€‡"}]}]}
RESULT: {"actions":[{"id":"action39","type":"key","parameters":{},"actions":[{"type":"keyDown","value":"î€‡"},{"type":"pause","duration":10},{"type":"keyUp","value":"î€‡"}]}]}
COMMAND: GET /session/73a4fd280a32fd38d4d0602b1d656d13/screenshot - {}
RESULT: {}
COMMAND: POST /session/73a4fd280a32fd38d4d0602b1d656d13/element - {"using":"xpath","value":"//span[(text() = '30468' or . = '30468')]"}
RESULT: {"using":"xpath","value":"//span[(text() = '30468' or . = '30468')]"}
COMMAND: POST /session/73a4fd280a32fd38d4d0602b1d656d13/element/f.8A8223F9DEA97DA973980CAD3BB2ACE0.d.329266C3E4FF3F49C5BD8C6C0F49A678.e.11135/click - {}
RESULT: {}
COMMAND: GET /session/73a4fd280a32fd38d4d0602b1d656d13/screenshot - {}
RESULT: {}
COMMAND: POST /session/73a4fd280a32fd38d4d0602b1d656d13/element - {"using":"xpath","value":"//span[contains(text(), \"Instructions\")]"}
RESULT: {"using":"xpath","value":"//span[contains(text(), \"Instructions\")]"}
COMMAND: POST /session/73a4fd280a32fd38d4d0602b1d656d13/element/f.8A8223F9DEA97DA973980CAD3BB2ACE0.d.329266C3E4FF3F49C5BD8C6C0F49A678.e.11174/click - {}
RESULT: {}
COMMAND: GET /session/73a4fd280a32fd38d4d0602b1d656d13/screenshot - {}
RESULT: {}
COMMAND: POST /session/73a4fd280a32fd38d4d0602b1d656d13/element - {"using":"xpath","value":"//span[contains(text(), \"Instructions\")]"}
RESULT: {"using":"xpath","value":"//span[contains(text(), \"Instructions\")]"}
COMMAND: POST /session/73a4fd280a32fd38d4d0602b1d656d13/element/f.8A8223F9DEA97DA973980CAD3BB2ACE0.d.329266C3E4FF3F49C5BD8C6C0F49A678.e.11174/click - {}
RESULT: {}
COMMAND: GET /session/73a4fd280a32fd38d4d0602b1d656d13/screenshot - {}
RESULT: {}
COMMAND: POST /session/73a4fd280a32fd38d4d0602b1d656d13/execute/async - {"script":"<script> [1562 bytes]","args":[{"selector":{"controlType":"sap.m.ComboBox","viewName":"etm.portal.ui.managehandovers.view.DetailExecuteHO","bindingPath":{"propertyPath":"RECEIVING_SECTION","modelName":"catalogModel"},"interaction":{"idSuffix":"inner"}},"wdio_ui5_key":"etmportal.ui.managehandovers.view.DetailExecuteHOsap.m.ComboBox{\"propertyPath\":\"RECEIVING_SECTION\",\"modelName\":\"catalogModel\"}"}]}
RESULT: {"script":"<script> [1562 bytes]","args":[{"selector":{"controlType":"sap.m.ComboBox","viewName":"etm.portal.ui.managehandovers.view.DetailExecuteHO","bindingPath":{"propertyPath":"RECEIVING_SECTION","modelName":"catalogModel"},"interaction":{"idSuffix":"inner"}},"wdio_ui5_key":"etmportal.ui.managehandovers.view.DetailExecuteHOsap.m.ComboBox{\"propertyPath\":\"RECEIVING_SECTION\",\"modelName\":\"catalogModel\"}"}]}
RESULT: undefined
COMMAND: POST /session/73a4fd280a32fd38d4d0602b1d656d13/execute/async - {"script":"<script> [776 bytes]","args":[{"enterText":"WDIO-2179","selector":{"controlType":"sap.m.ComboBox","viewName":"etm.portal.ui.managehandovers.view.DetailExecuteHO","bindingPath":{"propertyPath":"RECEIVING_SECTION","modelName":"catalogModel"},"interaction":{"idSuffix":"inner"}},"clearTextFirst":true,"interactionType":"ENTER_TEXT"}]}
RESULT: {"script":"<script> [776 bytes]","args":[{"enterText":"WDIO-2179","selector":{"controlType":"sap.m.ComboBox","viewName":"etm.portal.ui.managehandovers.view.DetailExecuteHO","bindingPath":{"propertyPath":"RECEIVING_SECTION","modelName":"catalogModel"},"interaction":{"idSuffix":"inner"}},"clearTextFirst":true,"interactionType":"ENTER_TEXT"}]}
COMMAND: POST /session/73a4fd280a32fd38d4d0602b1d656d13/actions - {"actions":[{"id":"action40","type":"key","parameters":{},"actions":[{"type":"keyDown","value":"î€‡"},{"type":"pause","duration":10},{"type":"keyUp","value":"î€‡"}]}]}
RESULT: {"actions":[{"id":"action40","type":"key","parameters":{},"actions":[{"type":"keyDown","value":"î€‡"},{"type":"pause","duration":10},{"type":"keyUp","value":"î€‡"}]}]}
COMMAND: GET /session/73a4fd280a32fd38d4d0602b1d656d13/screenshot - {}
RESULT: {}
COMMAND: POST /session/73a4fd280a32fd38d4d0602b1d656d13/element - {"using":"xpath","value":"//button[@data-kt= \"execHoReceiveButton\"]"}
RESULT: {"using":"xpath","value":"//button[@data-kt= \"execHoReceiveButton\"]"}
COMMAND: POST /session/73a4fd280a32fd38d4d0602b1d656d13/element/f.8A8223F9DEA97DA973980CAD3BB2ACE0.d.329266C3E4FF3F49C5BD8C6C0F49A678.e.11179/click - {}
RESULT: {}
COMMAND: GET /session/73a4fd280a32fd38d4d0602b1d656d13/screenshot - {}
RESULT: {}
COMMAND: POST /session/73a4fd280a32fd38d4d0602b1d656d13/execute/async - {"script":"<script> [1562 bytes]","args":[{"selector":{"controlType":"sap.m.Button","properties":{"text":"Continue"},"searchOpenDialogs":true,"interaction":{"idSuffix":"content"}},"wdio_ui5_key":"sapm.Button{\"text\":\"Continue\"}"}]}
RESULT: {"script":"<script> [1562 bytes]","args":[{"selector":{"controlType":"sap.m.Button","properties":{"text":"Continue"},"searchOpenDialogs":true,"interaction":{"idSuffix":"content"}},"wdio_ui5_key":"sapm.Button{\"text\":\"Continue\"}"}]}
RESULT: undefined
COMMAND: POST /session/73a4fd280a32fd38d4d0602b1d656d13/element - {"using":"xpath","value":"//*[@id=\"__mbox-btn-6\"]"}
RESULT: {"using":"xpath","value":"//*[@id=\"__mbox-btn-6\"]"}
COMMAND: POST /session/73a4fd280a32fd38d4d0602b1d656d13/element/f.8A8223F9DEA97DA973980CAD3BB2ACE0.d.329266C3E4FF3F49C5BD8C6C0F49A678.e.11180/click - {}
RESULT: {}
COMMAND: GET /session/73a4fd280a32fd38d4d0602b1d656d13/screenshot - {}
RESULT: {}
COMMAND: POST /session/73a4fd280a32fd38d4d0602b1d656d13/element - {"using":"css selector","value":"#shell-header-logo"}
RESULT: {"using":"css selector","value":"#shell-header-logo"}
COMMAND: POST /session/73a4fd280a32fd38d4d0602b1d656d13/element/f.8A8223F9DEA97DA973980CAD3BB2ACE0.d.329266C3E4FF3F49C5BD8C6C0F49A678.e.10882/click - {}
RESULT: {}
COMMAND: GET /session/73a4fd280a32fd38d4d0602b1d656d13/screenshot - {}
RESULT: {}
COMMAND: POST /session/73a4fd280a32fd38d4d0602b1d656d13/element - {"using":"css selector","value":"#j_username"}
COMMAND: POST /session/73a4fd280a32fd38d4d0602b1d656d13/url - {"url":"https://qa-testing-00-live-etm-ui.cfapps.eu10-004.hana.ondemand.com/"}
RESULT: {"using":"css selector","value":"#j_username"}
COMMAND: POST /session/73a4fd280a32fd38d4d0602b1d656d13/element - {"using":"css selector","value":"#j_username"}
RESULT: {"url":"https://qa-testing-00-live-etm-ui.cfapps.eu10-004.hana.ondemand.com/"}
RESULT: undefined
COMMAND: GET /session/73a4fd280a32fd38d4d0602b1d656d13/screenshot - {}
RESULT: {"using":"css selector","value":"#j_username"}
COMMAND: POST /session/73a4fd280a32fd38d4d0602b1d656d13/element - {"using":"css selector","value":"#shell-header-logo"}
RESULT: {}
RESULT: {"using":"css selector","value":"#shell-header-logo"}
COMMAND: POST /session/73a4fd280a32fd38d4d0602b1d656d13/execute/sync - {"script":"<script> [8489 bytes]","args":[{"element-6066-11e4-a52e-4f735466cecf":"f.8A8223F9DEA97DA973980CAD3BB2ACE0.d.569C69800ED02BFCA9D9784349141785.e.11233","ELEMENT":"f.8A8223F9DEA97DA973980CAD3BB2ACE0.d.569C69800ED02BFCA9D9784349141785.e.11233"}]}
RESULT: {"script":"<script> [8489 bytes]","args":[{"element-6066-11e4-a52e-4f735466cecf":"f.8A8223F9DEA97DA973980CAD3BB2ACE0.d.569C69800ED02BFCA9D9784349141785.e.11233","ELEMENT":"f.8A8223F9DEA97DA973980CAD3BB2ACE0.d.569C69800ED02BFCA9D9784349141785.e.11233"}]}
COMMAND: POST /session/73a4fd280a32fd38d4d0602b1d656d13/element - {"using":"css selector","value":"#shell-header-logo"}
COMMAND: GET /session/73a4fd280a32fd38d4d0602b1d656d13/screenshot - {}
RESULT: {"using":"css selector","value":"#shell-header-logo"}
COMMAND: POST /session/73a4fd280a32fd38d4d0602b1d656d13/execute/sync - {"script":"<script> [8489 bytes]","args":[{"element-6066-11e4-a52e-4f735466cecf":"f.8A8223F9DEA97DA973980CAD3BB2ACE0.d.569C69800ED02BFCA9D9784349141785.e.11233","ELEMENT":"f.8A8223F9DEA97DA973980CAD3BB2ACE0.d.569C69800ED02BFCA9D9784349141785.e.11233"}]}
RESULT: {}
RESULT: {"script":"<script> [8489 bytes]","args":[{"element-6066-11e4-a52e-4f735466cecf":"f.8A8223F9DEA97DA973980CAD3BB2ACE0.d.569C69800ED02BFCA9D9784349141785.e.11233","ELEMENT":"f.8A8223F9DEA97DA973980CAD3BB2ACE0.d.569C69800ED02BFCA9D9784349141785.e.11233"}]}
COMMAND: POST /session/73a4fd280a32fd38d4d0602b1d656d13/execute/sync - {"script":"<script> [5351 bytes]","args":[{"element-6066-11e4-a52e-4f735466cecf":"f.8A8223F9DEA97DA973980CAD3BB2ACE0.d.569C69800ED02BFCA9D9784349141785.e.11233","ELEMENT":"f.8A8223F9DEA97DA973980CAD3BB2ACE0.d.569C69800ED02BFCA9D9784349141785.e.11233"}]}
COMMAND: GET /session/73a4fd280a32fd38d4d0602b1d656d13/screenshot - {}
RESULT: {"script":"<script> [5351 bytes]","args":[{"element-6066-11e4-a52e-4f735466cecf":"f.8A8223F9DEA97DA973980CAD3BB2ACE0.d.569C69800ED02BFCA9D9784349141785.e.11233","ELEMENT":"f.8A8223F9DEA97DA973980CAD3BB2ACE0.d.569C69800ED02BFCA9D9784349141785.e.11233"}]}
COMMAND: POST /session/73a4fd280a32fd38d4d0602b1d656d13/element - {"using":"css selector","value":"#shell-header-logo"}
COMMAND: GET /session/73a4fd280a32fd38d4d0602b1d656d13/screenshot - {}
RESULT: {}
RESULT: {"using":"css selector","value":"#shell-header-logo"}
COMMAND: POST /session/73a4fd280a32fd38d4d0602b1d656d13/element/f.8A8223F9DEA97DA973980CAD3BB2ACE0.d.569C69800ED02BFCA9D9784349141785.e.11233/click - {}
RESULT: {}
RESULT: {}
COMMAND: GET /session/73a4fd280a32fd38d4d0602b1d656d13/screenshot - {}
RESULT: {}
COMMAND: POST /session/73a4fd280a32fd38d4d0602b1d656d13/execute/async - {"script":"<script> [189 bytes]","args":[]}
RESULT: {"script":"<script> [189 bytes]","args":[]}
COMMAND: POST /session/73a4fd280a32fd38d4d0602b1d656d13/execute/async - {"script":"<script> [123 bytes]","args":[]}
RESULT: {"script":"<script> [123 bytes]","args":[]}
COMMAND: POST /session/73a4fd280a32fd38d4d0602b1d656d13/timeouts - {"script":"<number>"}
RESULT: {"script":"<number>"}
COMMAND: GET /session/73a4fd280a32fd38d4d0602b1d656d13/timeouts - {}
RESULT: {}
RESULT: undefined
COMMAND: POST /session/73a4fd280a32fd38d4d0602b1d656d13/execute/async - {"script":"<script> [2676 bytes]","args":[]}
RESULT: {"script":"<script> [2676 bytes]","args":[]}
COMMAND: POST /session/73a4fd280a32fd38d4d0602b1d656d13/execute/async - {"script":"<script> [2342 bytes]","args":[{"protocol":"http","hostname":"0.0.0.0","path":"/","capabilities":{"browserName":"chrome","goog:chromeOptions":{"binary":"C:\\Program Files\\Google\\Chrome\\Application\\chrome.exe","args":["--start-maximized"]}},"logLevel":"warn","connectionRetryTimeout":120000,"connectionRetryCount":3,"logLevels":{},"enableDirectConnect":true,"strictSSL":true,"_":"65 more keys: [\"cacheDir\",\"port\",\"requestedCapabilities\",\"automationProtocol\",\"baseUrl\",\"waitforInterval\",\"waitforTimeout\",\"onReload\",\"beforeCommand\",\"afterCommand\",\"rootDir\",\"specs\",\"suites\",\"exclude\",\"groupLogsByTestSpec\",\"excludeDriverLogs\",\"bail\",\"framework\",\"reporters\",\"services\",\"maxInstances\",\"maxInstancesPerCapability\",\"injectGlobals\",\"filesToWatch\",\"execArgv\",\"runnerEnv\",\"runner\",\"shard\",\"specFileRetries\",\"specFileRetriesDelay\",\"specFileRetriesDeferred\",\"reporterSyncInterval\",\"reporterSyncTimeout\",\"cucumberFeaturesWithLineNumbers\",\"autoCompileOpts\",\"mochaOpts\",\"jasmineOpts\",\"cucumberOpts\",\"onPrepare\",\"onWorkerStart\",\"onWorkerEnd\",\"before\",\"beforeSession\",\"beforeSuite\",\"beforeHook\",\"beforeTest\",\"afterTest\",\"afterHook\",\"afterSuite\",\"afterSession\",\"after\",\"onComplete\",\"beforeAssertion\",\"afterAssertion\",\"beforeFeature\",\"beforeScenario\",\"beforeStep\",\"afterStep\",\"afterScenario\",\"afterFeature\",\"_\",\"suite\",\"$0\",\"ignoredWorkerServices\",\"wdi5\"]"}]}
RESULT: {"script":"<script> [2342 bytes]","args":[{"protocol":"http","hostname":"0.0.0.0","path":"/","capabilities":{"browserName":"chrome","goog:chromeOptions":{"binary":"C:\\Program Files\\Google\\Chrome\\Application\\chrome.exe","args":["--start-maximized"]}},"logLevel":"warn","connectionRetryTimeout":120000,"connectionRetryCount":3,"logLevels":{},"enableDirectConnect":true,"strictSSL":true,"_":"65 more keys: [\"cacheDir\",\"port\",\"requestedCapabilities\",\"automationProtocol\",\"baseUrl\",\"waitforInterval\",\"waitforTimeout\",\"onReload\",\"beforeCommand\",\"afterCommand\",\"rootDir\",\"specs\",\"suites\",\"exclude\",\"groupLogsByTestSpec\",\"excludeDriverLogs\",\"bail\",\"framework\",\"reporters\",\"services\",\"maxInstances\",\"maxInstancesPerCapability\",\"injectGlobals\",\"filesToWatch\",\"execArgv\",\"runnerEnv\",\"runner\",\"shard\",\"specFileRetries\",\"specFileRetriesDelay\",\"specFileRetriesDeferred\",\"reporterSyncInterval\",\"reporterSyncTimeout\",\"cucumberFeaturesWithLineNumbers\",\"autoCompileOpts\",\"mochaOpts\",\"jasmineOpts\",\"cucumberOpts\",\"onPrepare\",\"onWorkerStart\",\"onWorkerEnd\",\"before\",\"beforeSession\",\"beforeSuite\",\"beforeHook\",\"beforeTest\",\"afterTest\",\"afterHook\",\"afterSuite\",\"afterSession\",\"after\",\"onComplete\",\"beforeAssertion\",\"afterAssertion\",\"beforeFeature\",\"beforeScenario\",\"beforeStep\",\"afterStep\",\"afterScenario\",\"afterFeature\",\"_\",\"suite\",\"$0\",\"ignoredWorkerServices\",\"wdi5\"]"}]}
COMMAND: POST /session/73a4fd280a32fd38d4d0602b1d656d13/execute/async - {"script":"<script> [21126 bytes]","args":[35000]}
RESULT: {"script":"<script> [21126 bytes]","args":[35000]}
COMMAND: POST /session/73a4fd280a32fd38d4d0602b1d656d13/window/maximize - {}
RESULT: {}
COMMAND: POST /session/73a4fd280a32fd38d4d0602b1d656d13/execute/async - {"script":"<script> [1562 bytes]","args":[{"selector":{"id":"shell-header","interaction":{"idSuffix":"icon"}},"wdio_ui5_key":"shellheader"}]}
COMMAND: GET /session/73a4fd280a32fd38d4d0602b1d656d13/screenshot - {}
RESULT: {"script":"<script> [1562 bytes]","args":[{"selector":{"id":"shell-header","interaction":{"idSuffix":"icon"}},"wdio_ui5_key":"shellheader"}]}
RESULT: undefined
COMMAND: POST /session/73a4fd280a32fd38d4d0602b1d656d13/window/fullscreen - {}
RESULT: {}
RESULT: {}
]]></system-out>
    </testcase>
  </testsuite>
  <testsuite timestamp="2025-05-15T16:54:50" time="555.736" tests="4" failures="0" errors="0" skipped="0">
    <properties>
      <property name="specId" value="0" />
      <property name="suiteName" value="Provide to Site w/o warehouse management w/ clarification US116605" />
      <property name="capabilities" value="chrome.136_0_7103_93.windows" />
      <property name="file" value="file:///D:/a/1/s/test/specs/HTR/provide-to-site-wo-warehouse-w-clarification.spec.js" />
    </properties>
    <testcase classname="chrome.136_0_7103_93.windows.Provide_to_Site_w/o_warehouse_management_w/_clarification_US116605" name="Should create a new yard" time="132.032">
      <system-out><![CDATA[
COMMAND: POST /session/73a4fd280a32fd38d4d0602b1d656d13/window/fullscreen - {}
RESULT: {}
COMMAND: POST /session/73a4fd280a32fd38d4d0602b1d656d13/execute/async - {"script":"<script> [1562 bytes]","args":[{"selector":{"controlType":"sap.m.GenericTile","properties":{"header":"Manage Yards"}},"wdio_ui5_key":"sapm.GenericTile{\"header\":\"Manage Yards\"}"}]}
RESULT: {"script":"<script> [1562 bytes]","args":[{"selector":{"controlType":"sap.m.GenericTile","properties":{"header":"Manage Yards"}},"wdio_ui5_key":"sapm.GenericTile{\"header\":\"Manage Yards\"}"}]}
RESULT: undefined
COMMAND: POST /session/73a4fd280a32fd38d4d0602b1d656d13/element - {"using":"xpath","value":"//*[@id=\"__tile33\"]"}
RESULT: {"using":"xpath","value":"//*[@id=\"__tile33\"]"}
COMMAND: POST /session/73a4fd280a32fd38d4d0602b1d656d13/element/f.8A8223F9DEA97DA973980CAD3BB2ACE0.d.569C69800ED02BFCA9D9784349141785.e.11258/click - {}
RESULT: {}
COMMAND: GET /session/73a4fd280a32fd38d4d0602b1d656d13/screenshot - {}
RESULT: {}
COMMAND: POST /session/73a4fd280a32fd38d4d0602b1d656d13/elements - {"using":"xpath","value":"//span[text()='Error']"}
RESULT: {"using":"xpath","value":"//span[text()='Error']"}
COMMAND: POST /session/73a4fd280a32fd38d4d0602b1d656d13/element - {"using":"xpath","value":"//button[@data-kt=\"addNewYardOverflowToolbarButton\"]"}
RESULT: {"using":"xpath","value":"//button[@data-kt=\"addNewYardOverflowToolbarButton\"]"}
COMMAND: POST /session/73a4fd280a32fd38d4d0602b1d656d13/elements - {"using":"xpath","value":"//button[@data-kt=\"addNewYardOverflowToolbarButton\"]"}
RESULT: {"using":"xpath","value":"//button[@data-kt=\"addNewYardOverflowToolbarButton\"]"}
COMMAND: POST /session/73a4fd280a32fd38d4d0602b1d656d13/elements - {"using":"xpath","value":"//button[@data-kt=\"addNewYardOverflowToolbarButton\"]"}
RESULT: {"using":"xpath","value":"//button[@data-kt=\"addNewYardOverflowToolbarButton\"]"}
COMMAND: POST /session/73a4fd280a32fd38d4d0602b1d656d13/elements - {"using":"xpath","value":"//button[@data-kt=\"addNewYardOverflowToolbarButton\"]"}
RESULT: {"using":"xpath","value":"//button[@data-kt=\"addNewYardOverflowToolbarButton\"]"}
COMMAND: POST /session/73a4fd280a32fd38d4d0602b1d656d13/element - {"using":"xpath","value":"//button[@data-kt=\"addNewYardOverflowToolbarButton\"]"}
RESULT: {"using":"xpath","value":"//button[@data-kt=\"addNewYardOverflowToolbarButton\"]"}
COMMAND: POST /session/73a4fd280a32fd38d4d0602b1d656d13/execute/sync - {"script":"<script> [8489 bytes]","args":[{"element-6066-11e4-a52e-4f735466cecf":"f.8A8223F9DEA97DA973980CAD3BB2ACE0.d.569C69800ED02BFCA9D9784349141785.e.11383","ELEMENT":"f.8A8223F9DEA97DA973980CAD3BB2ACE0.d.569C69800ED02BFCA9D9784349141785.e.11383"}]}
RESULT: {"script":"<script> [8489 bytes]","args":[{"element-6066-11e4-a52e-4f735466cecf":"f.8A8223F9DEA97DA973980CAD3BB2ACE0.d.569C69800ED02BFCA9D9784349141785.e.11383","ELEMENT":"f.8A8223F9DEA97DA973980CAD3BB2ACE0.d.569C69800ED02BFCA9D9784349141785.e.11383"}]}
COMMAND: GET /session/73a4fd280a32fd38d4d0602b1d656d13/element/f.8A8223F9DEA97DA973980CAD3BB2ACE0.d.569C69800ED02BFCA9D9784349141785.e.11383/enabled - {}
COMMAND: GET /session/73a4fd280a32fd38d4d0602b1d656d13/screenshot - {}
RESULT: {}
COMMAND: POST /session/73a4fd280a32fd38d4d0602b1d656d13/execute/sync - {"script":"<script> [8489 bytes]","args":[{"element-6066-11e4-a52e-4f735466cecf":"f.8A8223F9DEA97DA973980CAD3BB2ACE0.d.569C69800ED02BFCA9D9784349141785.e.11383","ELEMENT":"f.8A8223F9DEA97DA973980CAD3BB2ACE0.d.569C69800ED02BFCA9D9784349141785.e.11383"}]}
COMMAND: GET /session/73a4fd280a32fd38d4d0602b1d656d13/screenshot - {}
RESULT: {}
RESULT: {"script":"<script> [8489 bytes]","args":[{"element-6066-11e4-a52e-4f735466cecf":"f.8A8223F9DEA97DA973980CAD3BB2ACE0.d.569C69800ED02BFCA9D9784349141785.e.11383","ELEMENT":"f.8A8223F9DEA97DA973980CAD3BB2ACE0.d.569C69800ED02BFCA9D9784349141785.e.11383"}]}
COMMAND: POST /session/73a4fd280a32fd38d4d0602b1d656d13/execute/sync - {"script":"<script> [5351 bytes]","args":[{"element-6066-11e4-a52e-4f735466cecf":"f.8A8223F9DEA97DA973980CAD3BB2ACE0.d.569C69800ED02BFCA9D9784349141785.e.11383","ELEMENT":"f.8A8223F9DEA97DA973980CAD3BB2ACE0.d.569C69800ED02BFCA9D9784349141785.e.11383"}]}
COMMAND: GET /session/73a4fd280a32fd38d4d0602b1d656d13/screenshot - {}
RESULT: {}
RESULT: {"script":"<script> [5351 bytes]","args":[{"element-6066-11e4-a52e-4f735466cecf":"f.8A8223F9DEA97DA973980CAD3BB2ACE0.d.569C69800ED02BFCA9D9784349141785.e.11383","ELEMENT":"f.8A8223F9DEA97DA973980CAD3BB2ACE0.d.569C69800ED02BFCA9D9784349141785.e.11383"}]}
COMMAND: POST /session/73a4fd280a32fd38d4d0602b1d656d13/element/f.8A8223F9DEA97DA973980CAD3BB2ACE0.d.569C69800ED02BFCA9D9784349141785.e.11383/click - {}
COMMAND: GET /session/73a4fd280a32fd38d4d0602b1d656d13/screenshot - {}
RESULT: {}
RESULT: {}
COMMAND: GET /session/73a4fd280a32fd38d4d0602b1d656d13/screenshot - {}
RESULT: {}
COMMAND: POST /session/73a4fd280a32fd38d4d0602b1d656d13/element - {"using":"xpath","value":"//input[@id=\"application-manageyards-display-component---NewYard--yardId-inner\"]"}
RESULT: {}
RESULT: {"using":"xpath","value":"//input[@id=\"application-manageyards-display-component---NewYard--yardId-inner\"]"}
COMMAND: POST /session/73a4fd280a32fd38d4d0602b1d656d13/element - {"using":"xpath","value":"//input[@id=\"application-manageyards-display-component---NewYard--yardId-inner\"]"}
RESULT: {"using":"xpath","value":"//input[@id=\"application-manageyards-display-component---NewYard--yardId-inner\"]"}
COMMAND: POST /session/73a4fd280a32fd38d4d0602b1d656d13/execute/async - {"script":"<script> [1562 bytes]","args":[{"selector":{"id":"application-manageyards-display-component---NewYard--addressDetailDetailsName1","interaction":{"idSuffix":"inner"}},"wdio_ui5_key":"applicationmanageyards-display-component---NewYard--addressDetailDetailsName1"}]}
RESULT: {"script":"<script> [1562 bytes]","args":[{"selector":{"id":"application-manageyards-display-component---NewYard--addressDetailDetailsName1","interaction":{"idSuffix":"inner"}},"wdio_ui5_key":"applicationmanageyards-display-component---NewYard--addressDetailDetailsName1"}]}
RESULT: undefined
COMMAND: POST /session/73a4fd280a32fd38d4d0602b1d656d13/execute/async - {"script":"<script> [776 bytes]","args":[{"enterText":"Other Yard WDIO","selector":{"id":"application-manageyards-display-component---NewYard--addressDetailDetailsName1","interaction":{"idSuffix":"inner"}},"clearTextFirst":true,"interactionType":"ENTER_TEXT"}]}
RESULT: {"script":"<script> [776 bytes]","args":[{"enterText":"Other Yard WDIO","selector":{"id":"application-manageyards-display-component---NewYard--addressDetailDetailsName1","interaction":{"idSuffix":"inner"}},"clearTextFirst":true,"interactionType":"ENTER_TEXT"}]}
COMMAND: POST /session/73a4fd280a32fd38d4d0602b1d656d13/execute/async - {"script":"<script> [1562 bytes]","args":[{"selector":{"id":"application-manageyards-display-component---NewYard--addressDetailDetailsLanguage-arrow"},"wdio_ui5_key":"applicationmanageyards-display-component---NewYard--addressDetailDetailsLanguage-arrow"}]}
RESULT: {"script":"<script> [1562 bytes]","args":[{"selector":{"id":"application-manageyards-display-component---NewYard--addressDetailDetailsLanguage-arrow"},"wdio_ui5_key":"applicationmanageyards-display-component---NewYard--addressDetailDetailsLanguage-arrow"}]}
RESULT: undefined
COMMAND: POST /session/73a4fd280a32fd38d4d0602b1d656d13/element - {"using":"xpath","value":"//*[@id=\"application-manageyards-display-component---NewYard--addressDetailDetailsLanguage-arrow\"]"}
RESULT: {"using":"xpath","value":"//*[@id=\"application-manageyards-display-component---NewYard--addressDetailDetailsLanguage-arrow\"]"}
COMMAND: POST /session/73a4fd280a32fd38d4d0602b1d656d13/element/f.8A8223F9DEA97DA973980CAD3BB2ACE0.d.569C69800ED02BFCA9D9784349141785.e.11818/click - {}
RESULT: {}
COMMAND: POST /session/73a4fd280a32fd38d4d0602b1d656d13/element - {"using":"xpath","value":"//span[contains(text(), \"English\")]"}
COMMAND: GET /session/73a4fd280a32fd38d4d0602b1d656d13/screenshot - {}
RESULT: {"using":"xpath","value":"//span[contains(text(), \"English\")]"}
COMMAND: POST /session/73a4fd280a32fd38d4d0602b1d656d13/element/f.8A8223F9DEA97DA973980CAD3BB2ACE0.d.569C69800ED02BFCA9D9784349141785.e.11819/click - {}
RESULT: {}
RESULT: {}
COMMAND: POST /session/73a4fd280a32fd38d4d0602b1d656d13/execute/async - {"script":"<script> [1562 bytes]","args":[{"selector":{"id":"application-manageyards-display-component---NewYard--addressDetailDetailsCity1","interaction":{"idSuffix":"inner"}},"wdio_ui5_key":"applicationmanageyards-display-component---NewYard--addressDetailDetailsCity1"}]}
COMMAND: GET /session/73a4fd280a32fd38d4d0602b1d656d13/screenshot - {}
RESULT: {"script":"<script> [1562 bytes]","args":[{"selector":{"id":"application-manageyards-display-component---NewYard--addressDetailDetailsCity1","interaction":{"idSuffix":"inner"}},"wdio_ui5_key":"applicationmanageyards-display-component---NewYard--addressDetailDetailsCity1"}]}
RESULT: undefined
COMMAND: POST /session/73a4fd280a32fd38d4d0602b1d656d13/execute/async - {"script":"<script> [776 bytes]","args":[{"enterText":"Rosario","selector":{"id":"application-manageyards-display-component---NewYard--addressDetailDetailsCity1","interaction":{"idSuffix":"inner"}},"clearTextFirst":true,"interactionType":"ENTER_TEXT"}]}
RESULT: {}
RESULT: {"script":"<script> [776 bytes]","args":[{"enterText":"Rosario","selector":{"id":"application-manageyards-display-component---NewYard--addressDetailDetailsCity1","interaction":{"idSuffix":"inner"}},"clearTextFirst":true,"interactionType":"ENTER_TEXT"}]}
COMMAND: POST /session/73a4fd280a32fd38d4d0602b1d656d13/execute/async - {"script":"<script> [1562 bytes]","args":[{"selector":{"id":"application-manageyards-display-component---NewYard--addressDetailDetailsCountry-arrow"},"wdio_ui5_key":"applicationmanageyards-display-component---NewYard--addressDetailDetailsCountry-arrow"}]}
RESULT: {"script":"<script> [1562 bytes]","args":[{"selector":{"id":"application-manageyards-display-component---NewYard--addressDetailDetailsCountry-arrow"},"wdio_ui5_key":"applicationmanageyards-display-component---NewYard--addressDetailDetailsCountry-arrow"}]}
RESULT: undefined
COMMAND: POST /session/73a4fd280a32fd38d4d0602b1d656d13/element - {"using":"xpath","value":"//*[@id=\"application-manageyards-display-component---NewYard--addressDetailDetailsCountry-arrow\"]"}
RESULT: {"using":"xpath","value":"//*[@id=\"application-manageyards-display-component---NewYard--addressDetailDetailsCountry-arrow\"]"}
COMMAND: POST /session/73a4fd280a32fd38d4d0602b1d656d13/element/f.8A8223F9DEA97DA973980CAD3BB2ACE0.d.569C69800ED02BFCA9D9784349141785.e.11821/click - {}
RESULT: {}
COMMAND: POST /session/73a4fd280a32fd38d4d0602b1d656d13/element - {"using":"xpath","value":"//span[contains(text(), \"Argentina\")]"}
COMMAND: GET /session/73a4fd280a32fd38d4d0602b1d656d13/screenshot - {}
RESULT: {"using":"xpath","value":"//span[contains(text(), \"Argentina\")]"}
COMMAND: POST /session/73a4fd280a32fd38d4d0602b1d656d13/element/f.8A8223F9DEA97DA973980CAD3BB2ACE0.d.569C69800ED02BFCA9D9784349141785.e.11823/click - {}
RESULT: {}
RESULT: {}
COMMAND: POST /session/73a4fd280a32fd38d4d0602b1d656d13/execute/async - {"script":"<script> [1562 bytes]","args":[{"selector":{"id":"application-manageyards-display-component---NewYard--addressEditDetailsCostObjectCstType-arrow"},"wdio_ui5_key":"applicationmanageyards-display-component---NewYard--addressEditDetailsCostObjectCstType-arrow"}]}
COMMAND: GET /session/73a4fd280a32fd38d4d0602b1d656d13/screenshot - {}
RESULT: {"script":"<script> [1562 bytes]","args":[{"selector":{"id":"application-manageyards-display-component---NewYard--addressEditDetailsCostObjectCstType-arrow"},"wdio_ui5_key":"applicationmanageyards-display-component---NewYard--addressEditDetailsCostObjectCstType-arrow"}]}
RESULT: undefined
COMMAND: POST /session/73a4fd280a32fd38d4d0602b1d656d13/element - {"using":"xpath","value":"//*[@id=\"application-manageyards-display-component---NewYard--addressEditDetailsCostObjectCstType-arrow\"]"}
RESULT: {}
RESULT: {"using":"xpath","value":"//*[@id=\"application-manageyards-display-component---NewYard--addressEditDetailsCostObjectCstType-arrow\"]"}
COMMAND: POST /session/73a4fd280a32fd38d4d0602b1d656d13/element/f.8A8223F9DEA97DA973980CAD3BB2ACE0.d.569C69800ED02BFCA9D9784349141785.e.11824/click - {}
RESULT: {}
COMMAND: POST /session/73a4fd280a32fd38d4d0602b1d656d13/element - {"using":"xpath","value":"//span[contains(text(), \"Cost Center\")]"}
COMMAND: GET /session/73a4fd280a32fd38d4d0602b1d656d13/screenshot - {}
RESULT: {"using":"xpath","value":"//span[contains(text(), \"Cost Center\")]"}
COMMAND: POST /session/73a4fd280a32fd38d4d0602b1d656d13/element/f.8A8223F9DEA97DA973980CAD3BB2ACE0.d.569C69800ED02BFCA9D9784349141785.e.11825/click - {}
RESULT: {}
RESULT: {}
COMMAND: GET /session/73a4fd280a32fd38d4d0602b1d656d13/screenshot - {}
RESULT: {}
COMMAND: POST /session/73a4fd280a32fd38d4d0602b1d656d13/element - {"using":"xpath","value":"//span[@id=\"application-manageyards-display-component---NewYard--addressNewCostObjectCstID-vhi\"]"}
RESULT: {"using":"xpath","value":"//span[@id=\"application-manageyards-display-component---NewYard--addressNewCostObjectCstID-vhi\"]"}
COMMAND: POST /session/73a4fd280a32fd38d4d0602b1d656d13/execute/sync - {"script":"<script> [8489 bytes]","args":[{"element-6066-11e4-a52e-4f735466cecf":"f.8A8223F9DEA97DA973980CAD3BB2ACE0.d.569C69800ED02BFCA9D9784349141785.e.11829","ELEMENT":"f.8A8223F9DEA97DA973980CAD3BB2ACE0.d.569C69800ED02BFCA9D9784349141785.e.11829"}]}
RESULT: {"script":"<script> [8489 bytes]","args":[{"element-6066-11e4-a52e-4f735466cecf":"f.8A8223F9DEA97DA973980CAD3BB2ACE0.d.569C69800ED02BFCA9D9784349141785.e.11829","ELEMENT":"f.8A8223F9DEA97DA973980CAD3BB2ACE0.d.569C69800ED02BFCA9D9784349141785.e.11829"}]}
COMMAND: POST /session/73a4fd280a32fd38d4d0602b1d656d13/execute/async - {"script":"<script> [1562 bytes]","args":[{"selector":{"id":"application-manageyards-display-component---NewYard--addressNewCostObjectCstID-vhi"},"wdio_ui5_key":"applicationmanageyards-display-component---NewYard--addressNewCostObjectCstID-vhi"}]}
COMMAND: GET /session/73a4fd280a32fd38d4d0602b1d656d13/screenshot - {}
RESULT: {"script":"<script> [1562 bytes]","args":[{"selector":{"id":"application-manageyards-display-component---NewYard--addressNewCostObjectCstID-vhi"},"wdio_ui5_key":"applicationmanageyards-display-component---NewYard--addressNewCostObjectCstID-vhi"}]}
RESULT: undefined
COMMAND: POST /session/73a4fd280a32fd38d4d0602b1d656d13/element - {"using":"xpath","value":"//*[@id=\"application-manageyards-display-component---NewYard--addressNewCostObjectCstID-vhi\"]"}
RESULT: {}
RESULT: {"using":"xpath","value":"//*[@id=\"application-manageyards-display-component---NewYard--addressNewCostObjectCstID-vhi\"]"}
COMMAND: POST /session/73a4fd280a32fd38d4d0602b1d656d13/element/f.8A8223F9DEA97DA973980CAD3BB2ACE0.d.569C69800ED02BFCA9D9784349141785.e.11829/click - {}
RESULT: {}
COMMAND: GET /session/73a4fd280a32fd38d4d0602b1d656d13/screenshot - {}
RESULT: {}
COMMAND: POST /session/73a4fd280a32fd38d4d0602b1d656d13/execute/async - {"script":"<script> [1562 bytes]","args":[{"selector":{"controlType":"sap.m.SearchField","properties":{"placeholder":"Search"},"searchOpenDialogs":true,"interaction":{"idSuffix":"I"}},"wdio_ui5_key":"sapm.SearchField{\"placeholder\":\"Search\"}"}]}
RESULT: {"script":"<script> [1562 bytes]","args":[{"selector":{"controlType":"sap.m.SearchField","properties":{"placeholder":"Search"},"searchOpenDialogs":true,"interaction":{"idSuffix":"I"}},"wdio_ui5_key":"sapm.SearchField{\"placeholder\":\"Search\"}"}]}
RESULT: undefined
COMMAND: POST /session/73a4fd280a32fd38d4d0602b1d656d13/execute/async - {"script":"<script> [776 bytes]","args":[{"enterText":"bauh_b","selector":{"controlType":"sap.m.SearchField","properties":{"placeholder":"Search"},"searchOpenDialogs":true,"interaction":{"idSuffix":"I"}},"clearTextFirst":true,"interactionType":"ENTER_TEXT"}]}
RESULT: {"script":"<script> [776 bytes]","args":[{"enterText":"bauh_b","selector":{"controlType":"sap.m.SearchField","properties":{"placeholder":"Search"},"searchOpenDialogs":true,"interaction":{"idSuffix":"I"}},"clearTextFirst":true,"interactionType":"ENTER_TEXT"}]}
COMMAND: POST /session/73a4fd280a32fd38d4d0602b1d656d13/actions - {"actions":[{"id":"action41","type":"key","parameters":{},"actions":[{"type":"keyDown","value":"î€‡"},{"type":"pause","duration":10},{"type":"keyUp","value":"î€‡"}]}]}
RESULT: {"actions":[{"id":"action41","type":"key","parameters":{},"actions":[{"type":"keyDown","value":"î€‡"},{"type":"pause","duration":10},{"type":"keyUp","value":"î€‡"}]}]}
COMMAND: GET /session/73a4fd280a32fd38d4d0602b1d656d13/screenshot - {}
RESULT: {}
COMMAND: POST /session/73a4fd280a32fd38d4d0602b1d656d13/element - {"using":"xpath","value":"//span[contains(text(), \"Demo Yard\")]"}
RESULT: {"using":"xpath","value":"//span[contains(text(), \"Demo Yard\")]"}
COMMAND: POST /session/73a4fd280a32fd38d4d0602b1d656d13/element/f.8A8223F9DEA97DA973980CAD3BB2ACE0.d.569C69800ED02BFCA9D9784349141785.e.11870/click - {}
RESULT: {}
COMMAND: GET /session/73a4fd280a32fd38d4d0602b1d656d13/screenshot - {}
RESULT: {}
COMMAND: POST /session/73a4fd280a32fd38d4d0602b1d656d13/element - {"using":"xpath","value":"//bdi[contains(text(), \"OK\")]"}
RESULT: {"using":"xpath","value":"//bdi[contains(text(), \"OK\")]"}
COMMAND: POST /session/73a4fd280a32fd38d4d0602b1d656d13/element/f.8A8223F9DEA97DA973980CAD3BB2ACE0.d.569C69800ED02BFCA9D9784349141785.e.11871/click - {}
RESULT: {}
COMMAND: GET /session/73a4fd280a32fd38d4d0602b1d656d13/screenshot - {}
RESULT: {}
COMMAND: POST /session/73a4fd280a32fd38d4d0602b1d656d13/execute/async - {"script":"<script> [1562 bytes]","args":[{"selector":{"id":"application-manageyards-display-component---NewYard--addressEditDetailsCurrency-arrow"},"wdio_ui5_key":"applicationmanageyards-display-component---NewYard--addressEditDetailsCurrency-arrow"}]}
RESULT: {"script":"<script> [1562 bytes]","args":[{"selector":{"id":"application-manageyards-display-component---NewYard--addressEditDetailsCurrency-arrow"},"wdio_ui5_key":"applicationmanageyards-display-component---NewYard--addressEditDetailsCurrency-arrow"}]}
RESULT: undefined
COMMAND: POST /session/73a4fd280a32fd38d4d0602b1d656d13/element - {"using":"xpath","value":"//*[@id=\"application-manageyards-display-component---NewYard--addressEditDetailsCurrency-arrow\"]"}
RESULT: {"using":"xpath","value":"//*[@id=\"application-manageyards-display-component---NewYard--addressEditDetailsCurrency-arrow\"]"}
COMMAND: POST /session/73a4fd280a32fd38d4d0602b1d656d13/element/f.8A8223F9DEA97DA973980CAD3BB2ACE0.d.569C69800ED02BFCA9D9784349141785.e.11874/click - {}
RESULT: {}
COMMAND: POST /session/73a4fd280a32fd38d4d0602b1d656d13/element - {"using":"xpath","value":"//span[contains(text(), \"Euro\")]"}
COMMAND: GET /session/73a4fd280a32fd38d4d0602b1d656d13/screenshot - {}
RESULT: {"using":"xpath","value":"//span[contains(text(), \"Euro\")]"}
COMMAND: POST /session/73a4fd280a32fd38d4d0602b1d656d13/element/f.8A8223F9DEA97DA973980CAD3BB2ACE0.d.569C69800ED02BFCA9D9784349141785.e.11875/click - {}
RESULT: {}
RESULT: {}
COMMAND: POST /session/73a4fd280a32fd38d4d0602b1d656d13/execute/async - {"script":"<script> [1562 bytes]","args":[{"selector":{"controlType":"sap.m.Input","viewName":"etm.portal.ui.manageyards.view.New","viewId":"application-manageyards-display-component---NewYard","bindingPath":{"path":"","propertyPath":"/CONTROLLING_AREA","modelName":"NewYardModel"},"interaction":{"idSuffix":"inner"}},"wdio_ui5_key":"etmportal.ui.manageyards.view.Newsap.m.Input{\"path\":\"\",\"propertyPath\":\"/CONTROLLING_AREA\",\"modelName\":\"NewYardModel\"}"}]}
COMMAND: GET /session/73a4fd280a32fd38d4d0602b1d656d13/screenshot - {}
RESULT: {"script":"<script> [1562 bytes]","args":[{"selector":{"controlType":"sap.m.Input","viewName":"etm.portal.ui.manageyards.view.New","viewId":"application-manageyards-display-component---NewYard","bindingPath":{"path":"","propertyPath":"/CONTROLLING_AREA","modelName":"NewYardModel"},"interaction":{"idSuffix":"inner"}},"wdio_ui5_key":"etmportal.ui.manageyards.view.Newsap.m.Input{\"path\":\"\",\"propertyPath\":\"/CONTROLLING_AREA\",\"modelName\":\"NewYardModel\"}"}]}
RESULT: undefined
COMMAND: POST /session/73a4fd280a32fd38d4d0602b1d656d13/execute/async - {"script":"<script> [776 bytes]","args":[{"enterText":"Z001","selector":{"controlType":"sap.m.Input","viewName":"etm.portal.ui.manageyards.view.New","viewId":"application-manageyards-display-component---NewYard","bindingPath":{"path":"","propertyPath":"/CONTROLLING_AREA","modelName":"NewYardModel"},"interaction":{"idSuffix":"inner"}},"clearTextFirst":true,"interactionType":"ENTER_TEXT"}]}
RESULT: {}
RESULT: {"script":"<script> [776 bytes]","args":[{"enterText":"Z001","selector":{"controlType":"sap.m.Input","viewName":"etm.portal.ui.manageyards.view.New","viewId":"application-manageyards-display-component---NewYard","bindingPath":{"path":"","propertyPath":"/CONTROLLING_AREA","modelName":"NewYardModel"},"interaction":{"idSuffix":"inner"}},"clearTextFirst":true,"interactionType":"ENTER_TEXT"}]}
COMMAND: POST /session/73a4fd280a32fd38d4d0602b1d656d13/execute/async - {"script":"<script> [1562 bytes]","args":[{"selector":{"id":"application-manageyards-display-component---NewYard--companyCodeComboBox","interaction":{"idSuffix":"inner"}},"wdio_ui5_key":"applicationmanageyards-display-component---NewYard--companyCodeComboBox"}]}
RESULT: {"script":"<script> [1562 bytes]","args":[{"selector":{"id":"application-manageyards-display-component---NewYard--companyCodeComboBox","interaction":{"idSuffix":"inner"}},"wdio_ui5_key":"applicationmanageyards-display-component---NewYard--companyCodeComboBox"}]}
RESULT: undefined
COMMAND: POST /session/73a4fd280a32fd38d4d0602b1d656d13/execute/async - {"script":"<script> [776 bytes]","args":[{"enterText":"1000","selector":{"id":"application-manageyards-display-component---NewYard--companyCodeComboBox","interaction":{"idSuffix":"inner"}},"clearTextFirst":true,"interactionType":"ENTER_TEXT"}]}
RESULT: {"script":"<script> [776 bytes]","args":[{"enterText":"1000","selector":{"id":"application-manageyards-display-component---NewYard--companyCodeComboBox","interaction":{"idSuffix":"inner"}},"clearTextFirst":true,"interactionType":"ENTER_TEXT"}]}
COMMAND: POST /session/73a4fd280a32fd38d4d0602b1d656d13/execute/async - {"script":"<script> [1562 bytes]","args":[{"selector":{"controlType":"sap.m.Input","viewName":"etm.portal.ui.manageyards.view.New","viewId":"application-manageyards-display-component---NewYard","bindingPath":{"path":"","propertyPath":"/PLANT","modelName":"NewYardModel"},"interaction":{"idSuffix":"inner"}},"wdio_ui5_key":"etmportal.ui.manageyards.view.Newsap.m.Input{\"path\":\"\",\"propertyPath\":\"/PLANT\",\"modelName\":\"NewYardModel\"}"}]}
RESULT: {"script":"<script> [1562 bytes]","args":[{"selector":{"controlType":"sap.m.Input","viewName":"etm.portal.ui.manageyards.view.New","viewId":"application-manageyards-display-component---NewYard","bindingPath":{"path":"","propertyPath":"/PLANT","modelName":"NewYardModel"},"interaction":{"idSuffix":"inner"}},"wdio_ui5_key":"etmportal.ui.manageyards.view.Newsap.m.Input{\"path\":\"\",\"propertyPath\":\"/PLANT\",\"modelName\":\"NewYardModel\"}"}]}
RESULT: undefined
COMMAND: POST /session/73a4fd280a32fd38d4d0602b1d656d13/execute/async - {"script":"<script> [776 bytes]","args":[{"enterText":"1001","selector":{"controlType":"sap.m.Input","viewName":"etm.portal.ui.manageyards.view.New","viewId":"application-manageyards-display-component---NewYard","bindingPath":{"path":"","propertyPath":"/PLANT","modelName":"NewYardModel"},"interaction":{"idSuffix":"inner"}},"clearTextFirst":true,"interactionType":"ENTER_TEXT"}]}
RESULT: {"script":"<script> [776 bytes]","args":[{"enterText":"1001","selector":{"controlType":"sap.m.Input","viewName":"etm.portal.ui.manageyards.view.New","viewId":"application-manageyards-display-component---NewYard","bindingPath":{"path":"","propertyPath":"/PLANT","modelName":"NewYardModel"},"interaction":{"idSuffix":"inner"}},"clearTextFirst":true,"interactionType":"ENTER_TEXT"}]}
COMMAND: POST /session/73a4fd280a32fd38d4d0602b1d656d13/execute/async - {"script":"<script> [1562 bytes]","args":[{"selector":{"controlType":"sap.m.Input","viewName":"etm.portal.ui.manageyards.view.New","viewId":"application-manageyards-display-component---NewYard","bindingPath":{"path":"","propertyPath":"/SALES_AREA_VKORG","modelName":"NewYardModel"},"interaction":{"idSuffix":"inner"}},"wdio_ui5_key":"etmportal.ui.manageyards.view.Newsap.m.Input{\"path\":\"\",\"propertyPath\":\"/SALES_AREA_VKORG\",\"modelName\":\"NewYardModel\"}"}]}
RESULT: {"script":"<script> [1562 bytes]","args":[{"selector":{"controlType":"sap.m.Input","viewName":"etm.portal.ui.manageyards.view.New","viewId":"application-manageyards-display-component---NewYard","bindingPath":{"path":"","propertyPath":"/SALES_AREA_VKORG","modelName":"NewYardModel"},"interaction":{"idSuffix":"inner"}},"wdio_ui5_key":"etmportal.ui.manageyards.view.Newsap.m.Input{\"path\":\"\",\"propertyPath\":\"/SALES_AREA_VKORG\",\"modelName\":\"NewYardModel\"}"}]}
RESULT: undefined
COMMAND: POST /session/73a4fd280a32fd38d4d0602b1d656d13/execute/async - {"script":"<script> [776 bytes]","args":[{"enterText":"C002","selector":{"controlType":"sap.m.Input","viewName":"etm.portal.ui.manageyards.view.New","viewId":"application-manageyards-display-component---NewYard","bindingPath":{"path":"","propertyPath":"/SALES_AREA_VKORG","modelName":"NewYardModel"},"interaction":{"idSuffix":"inner"}},"clearTextFirst":true,"interactionType":"ENTER_TEXT"}]}
RESULT: {"script":"<script> [776 bytes]","args":[{"enterText":"C002","selector":{"controlType":"sap.m.Input","viewName":"etm.portal.ui.manageyards.view.New","viewId":"application-manageyards-display-component---NewYard","bindingPath":{"path":"","propertyPath":"/SALES_AREA_VKORG","modelName":"NewYardModel"},"interaction":{"idSuffix":"inner"}},"clearTextFirst":true,"interactionType":"ENTER_TEXT"}]}
COMMAND: POST /session/73a4fd280a32fd38d4d0602b1d656d13/execute/async - {"script":"<script> [1562 bytes]","args":[{"selector":{"controlType":"sap.m.Input","viewName":"etm.portal.ui.manageyards.view.New","viewId":"application-manageyards-display-component---NewYard","bindingPath":{"path":"","propertyPath":"/SALES_AREA_VTWEG","modelName":"NewYardModel"},"interaction":{"idSuffix":"inner"}},"wdio_ui5_key":"etmportal.ui.manageyards.view.Newsap.m.Input{\"path\":\"\",\"propertyPath\":\"/SALES_AREA_VTWEG\",\"modelName\":\"NewYardModel\"}"}]}
RESULT: {"script":"<script> [1562 bytes]","args":[{"selector":{"controlType":"sap.m.Input","viewName":"etm.portal.ui.manageyards.view.New","viewId":"application-manageyards-display-component---NewYard","bindingPath":{"path":"","propertyPath":"/SALES_AREA_VTWEG","modelName":"NewYardModel"},"interaction":{"idSuffix":"inner"}},"wdio_ui5_key":"etmportal.ui.manageyards.view.Newsap.m.Input{\"path\":\"\",\"propertyPath\":\"/SALES_AREA_VTWEG\",\"modelName\":\"NewYardModel\"}"}]}
RESULT: undefined
COMMAND: POST /session/73a4fd280a32fd38d4d0602b1d656d13/execute/async - {"script":"<script> [776 bytes]","args":[{"enterText":"C2","selector":{"controlType":"sap.m.Input","viewName":"etm.portal.ui.manageyards.view.New","viewId":"application-manageyards-display-component---NewYard","bindingPath":{"path":"","propertyPath":"/SALES_AREA_VTWEG","modelName":"NewYardModel"},"interaction":{"idSuffix":"inner"}},"clearTextFirst":true,"interactionType":"ENTER_TEXT"}]}
RESULT: {"script":"<script> [776 bytes]","args":[{"enterText":"C2","selector":{"controlType":"sap.m.Input","viewName":"etm.portal.ui.manageyards.view.New","viewId":"application-manageyards-display-component---NewYard","bindingPath":{"path":"","propertyPath":"/SALES_AREA_VTWEG","modelName":"NewYardModel"},"interaction":{"idSuffix":"inner"}},"clearTextFirst":true,"interactionType":"ENTER_TEXT"}]}
COMMAND: POST /session/73a4fd280a32fd38d4d0602b1d656d13/execute/async - {"script":"<script> [1562 bytes]","args":[{"selector":{"controlType":"sap.m.Input","viewName":"etm.portal.ui.manageyards.view.New","viewId":"application-manageyards-display-component---NewYard","bindingPath":{"path":"","propertyPath":"/SALES_AREA_SPART","modelName":"NewYardModel"},"interaction":{"idSuffix":"inner"}},"wdio_ui5_key":"etmportal.ui.manageyards.view.Newsap.m.Input{\"path\":\"\",\"propertyPath\":\"/SALES_AREA_SPART\",\"modelName\":\"NewYardModel\"}"}]}
RESULT: {"script":"<script> [1562 bytes]","args":[{"selector":{"controlType":"sap.m.Input","viewName":"etm.portal.ui.manageyards.view.New","viewId":"application-manageyards-display-component---NewYard","bindingPath":{"path":"","propertyPath":"/SALES_AREA_SPART","modelName":"NewYardModel"},"interaction":{"idSuffix":"inner"}},"wdio_ui5_key":"etmportal.ui.manageyards.view.Newsap.m.Input{\"path\":\"\",\"propertyPath\":\"/SALES_AREA_SPART\",\"modelName\":\"NewYardModel\"}"}]}
RESULT: undefined
COMMAND: POST /session/73a4fd280a32fd38d4d0602b1d656d13/execute/async - {"script":"<script> [776 bytes]","args":[{"enterText":"C2","selector":{"controlType":"sap.m.Input","viewName":"etm.portal.ui.manageyards.view.New","viewId":"application-manageyards-display-component---NewYard","bindingPath":{"path":"","propertyPath":"/SALES_AREA_SPART","modelName":"NewYardModel"},"interaction":{"idSuffix":"inner"}},"clearTextFirst":true,"interactionType":"ENTER_TEXT"}]}
RESULT: {"script":"<script> [776 bytes]","args":[{"enterText":"C2","selector":{"controlType":"sap.m.Input","viewName":"etm.portal.ui.manageyards.view.New","viewId":"application-manageyards-display-component---NewYard","bindingPath":{"path":"","propertyPath":"/SALES_AREA_SPART","modelName":"NewYardModel"},"interaction":{"idSuffix":"inner"}},"clearTextFirst":true,"interactionType":"ENTER_TEXT"}]}
COMMAND: POST /session/73a4fd280a32fd38d4d0602b1d656d13/execute/async - {"script":"<script> [1562 bytes]","args":[{"selector":{"controlType":"sap.m.Input","viewName":"etm.portal.ui.manageyards.view.New","viewId":"application-manageyards-display-component---NewYard","bindingPath":{"path":"","propertyPath":"/SHIP_POINT","modelName":"NewYardModel"},"interaction":{"idSuffix":"inner"}},"wdio_ui5_key":"etmportal.ui.manageyards.view.Newsap.m.Input{\"path\":\"\",\"propertyPath\":\"/SHIP_POINT\",\"modelName\":\"NewYardModel\"}"}]}
RESULT: {"script":"<script> [1562 bytes]","args":[{"selector":{"controlType":"sap.m.Input","viewName":"etm.portal.ui.manageyards.view.New","viewId":"application-manageyards-display-component---NewYard","bindingPath":{"path":"","propertyPath":"/SHIP_POINT","modelName":"NewYardModel"},"interaction":{"idSuffix":"inner"}},"wdio_ui5_key":"etmportal.ui.manageyards.view.Newsap.m.Input{\"path\":\"\",\"propertyPath\":\"/SHIP_POINT\",\"modelName\":\"NewYardModel\"}"}]}
RESULT: undefined
COMMAND: POST /session/73a4fd280a32fd38d4d0602b1d656d13/execute/async - {"script":"<script> [776 bytes]","args":[{"enterText":"1710","selector":{"controlType":"sap.m.Input","viewName":"etm.portal.ui.manageyards.view.New","viewId":"application-manageyards-display-component---NewYard","bindingPath":{"path":"","propertyPath":"/SHIP_POINT","modelName":"NewYardModel"},"interaction":{"idSuffix":"inner"}},"clearTextFirst":true,"interactionType":"ENTER_TEXT"}]}
RESULT: {"script":"<script> [776 bytes]","args":[{"enterText":"1710","selector":{"controlType":"sap.m.Input","viewName":"etm.portal.ui.manageyards.view.New","viewId":"application-manageyards-display-component---NewYard","bindingPath":{"path":"","propertyPath":"/SHIP_POINT","modelName":"NewYardModel"},"interaction":{"idSuffix":"inner"}},"clearTextFirst":true,"interactionType":"ENTER_TEXT"}]}
COMMAND: POST /session/73a4fd280a32fd38d4d0602b1d656d13/execute/async - {"script":"<script> [1562 bytes]","args":[{"selector":{"controlType":"sap.m.Input","viewName":"etm.portal.ui.manageyards.view.New","viewId":"application-manageyards-display-component---NewYard","bindingPath":{"path":"","propertyPath":"/DELIVERY_TYPE","modelName":"NewYardModel"},"interaction":{"idSuffix":"inner"}},"wdio_ui5_key":"etmportal.ui.manageyards.view.Newsap.m.Input{\"path\":\"\",\"propertyPath\":\"/DELIVERY_TYPE\",\"modelName\":\"NewYardModel\"}"}]}
RESULT: {"script":"<script> [1562 bytes]","args":[{"selector":{"controlType":"sap.m.Input","viewName":"etm.portal.ui.manageyards.view.New","viewId":"application-manageyards-display-component---NewYard","bindingPath":{"path":"","propertyPath":"/DELIVERY_TYPE","modelName":"NewYardModel"},"interaction":{"idSuffix":"inner"}},"wdio_ui5_key":"etmportal.ui.manageyards.view.Newsap.m.Input{\"path\":\"\",\"propertyPath\":\"/DELIVERY_TYPE\",\"modelName\":\"NewYardModel\"}"}]}
RESULT: undefined
COMMAND: POST /session/73a4fd280a32fd38d4d0602b1d656d13/execute/async - {"script":"<script> [776 bytes]","args":[{"enterText":"ZL01","selector":{"controlType":"sap.m.Input","viewName":"etm.portal.ui.manageyards.view.New","viewId":"application-manageyards-display-component---NewYard","bindingPath":{"path":"","propertyPath":"/DELIVERY_TYPE","modelName":"NewYardModel"},"interaction":{"idSuffix":"inner"}},"clearTextFirst":true,"interactionType":"ENTER_TEXT"}]}
RESULT: {"script":"<script> [776 bytes]","args":[{"enterText":"ZL01","selector":{"controlType":"sap.m.Input","viewName":"etm.portal.ui.manageyards.view.New","viewId":"application-manageyards-display-component---NewYard","bindingPath":{"path":"","propertyPath":"/DELIVERY_TYPE","modelName":"NewYardModel"},"interaction":{"idSuffix":"inner"}},"clearTextFirst":true,"interactionType":"ENTER_TEXT"}]}
COMMAND: POST /session/73a4fd280a32fd38d4d0602b1d656d13/execute/async - {"script":"<script> [1562 bytes]","args":[{"selector":{"controlType":"sap.m.Input","viewName":"etm.portal.ui.manageyards.view.New","viewId":"application-manageyards-display-component---NewYard","bindingPath":{"path":"","propertyPath":"/AUART","modelName":"NewYardModel"},"interaction":{"idSuffix":"inner"}},"wdio_ui5_key":"etmportal.ui.manageyards.view.Newsap.m.Input{\"path\":\"\",\"propertyPath\":\"/AUART\",\"modelName\":\"NewYardModel\"}"}]}
RESULT: {"script":"<script> [1562 bytes]","args":[{"selector":{"controlType":"sap.m.Input","viewName":"etm.portal.ui.manageyards.view.New","viewId":"application-manageyards-display-component---NewYard","bindingPath":{"path":"","propertyPath":"/AUART","modelName":"NewYardModel"},"interaction":{"idSuffix":"inner"}},"wdio_ui5_key":"etmportal.ui.manageyards.view.Newsap.m.Input{\"path\":\"\",\"propertyPath\":\"/AUART\",\"modelName\":\"NewYardModel\"}"}]}
RESULT: undefined
COMMAND: POST /session/73a4fd280a32fd38d4d0602b1d656d13/execute/async - {"script":"<script> [776 bytes]","args":[{"enterText":"TA","selector":{"controlType":"sap.m.Input","viewName":"etm.portal.ui.manageyards.view.New","viewId":"application-manageyards-display-component---NewYard","bindingPath":{"path":"","propertyPath":"/AUART","modelName":"NewYardModel"},"interaction":{"idSuffix":"inner"}},"clearTextFirst":true,"interactionType":"ENTER_TEXT"}]}
RESULT: {"script":"<script> [776 bytes]","args":[{"enterText":"TA","selector":{"controlType":"sap.m.Input","viewName":"etm.portal.ui.manageyards.view.New","viewId":"application-manageyards-display-component---NewYard","bindingPath":{"path":"","propertyPath":"/AUART","modelName":"NewYardModel"},"interaction":{"idSuffix":"inner"}},"clearTextFirst":true,"interactionType":"ENTER_TEXT"}]}
COMMAND: POST /session/73a4fd280a32fd38d4d0602b1d656d13/element - {"using":"xpath","value":"//button[@data-kt=\"newYardSaveButton\"]"}
RESULT: {"using":"xpath","value":"//button[@data-kt=\"newYardSaveButton\"]"}
COMMAND: POST /session/73a4fd280a32fd38d4d0602b1d656d13/element/f.8A8223F9DEA97DA973980CAD3BB2ACE0.d.569C69800ED02BFCA9D9784349141785.e.11783/click - {}
RESULT: {}
COMMAND: GET /session/73a4fd280a32fd38d4d0602b1d656d13/screenshot - {}
RESULT: {}
COMMAND: POST /session/73a4fd280a32fd38d4d0602b1d656d13/element - {"using":"xpath","value":"//header[contains(@id, 'ObjectPageLayout-headerTitle')]/div[1]/div[2]/div[1]/span[1]"}
RESULT: {"using":"xpath","value":"//header[contains(@id, 'ObjectPageLayout-headerTitle')]/div[1]/div[2]/div[1]/span[1]"}
COMMAND: POST /session/73a4fd280a32fd38d4d0602b1d656d13/elements - {"using":"xpath","value":"//header[contains(@id, 'ObjectPageLayout-headerTitle')]/div[1]/div[2]/div[1]/span[1]"}
RESULT: {"using":"xpath","value":"//header[contains(@id, 'ObjectPageLayout-headerTitle')]/div[1]/div[2]/div[1]/span[1]"}
COMMAND: POST /session/73a4fd280a32fd38d4d0602b1d656d13/execute/sync - {"script":"<script> [56 bytes]","args":[{"element-6066-11e4-a52e-4f735466cecf":"f.8A8223F9DEA97DA973980CAD3BB2ACE0.d.569C69800ED02BFCA9D9784349141785.e.12100","ELEMENT":"f.8A8223F9DEA97DA973980CAD3BB2ACE0.d.569C69800ED02BFCA9D9784349141785.e.12100"}]}
RESULT: {"script":"<script> [56 bytes]","args":[{"element-6066-11e4-a52e-4f735466cecf":"f.8A8223F9DEA97DA973980CAD3BB2ACE0.d.569C69800ED02BFCA9D9784349141785.e.12100","ELEMENT":"f.8A8223F9DEA97DA973980CAD3BB2ACE0.d.569C69800ED02BFCA9D9784349141785.e.12100"}]}
COMMAND: GET /session/73a4fd280a32fd38d4d0602b1d656d13/screenshot - {}
RESULT: {}
COMMAND: POST /session/73a4fd280a32fd38d4d0602b1d656d13/element - {"using":"css selector","value":"#shell-header-logo"}
RESULT: {"using":"css selector","value":"#shell-header-logo"}
COMMAND: POST /session/73a4fd280a32fd38d4d0602b1d656d13/element/f.8A8223F9DEA97DA973980CAD3BB2ACE0.d.569C69800ED02BFCA9D9784349141785.e.11233/click - {}
RESULT: {}
COMMAND: GET /session/73a4fd280a32fd38d4d0602b1d656d13/screenshot - {}
RESULT: {}
COMMAND: POST /session/73a4fd280a32fd38d4d0602b1d656d13/execute/sync - {"script":"<script> [299 bytes]","args":[["getModel","getResource"]]}
RESULT: {"script":"<script> [299 bytes]","args":[["getModel","getResource"]]}
COMMAND: GET /session/73a4fd280a32fd38d4d0602b1d656d13/screenshot - {}
]]></system-out>
    </testcase>
    <testcase classname="chrome.136_0_7103_93.windows.Provide_to_Site_w/o_warehouse_management_w/_clarification_US116605" name="Should create a new external partner" time="101.17">
      <system-out><![CDATA[
COMMAND: POST /session/73a4fd280a32fd38d4d0602b1d656d13/window/fullscreen - {}
RESULT: {}
RESULT: {}
COMMAND: POST /session/73a4fd280a32fd38d4d0602b1d656d13/execute/async - {"script":"<script> [1562 bytes]","args":[{"selector":{"controlType":"sap.m.GenericTile","properties":{"header":"Manage Partners"}},"wdio_ui5_key":"sapm.GenericTile{\"header\":\"Manage Partners\"}"}]}
RESULT: {"script":"<script> [1562 bytes]","args":[{"selector":{"controlType":"sap.m.GenericTile","properties":{"header":"Manage Partners"}},"wdio_ui5_key":"sapm.GenericTile{\"header\":\"Manage Partners\"}"}]}
RESULT: undefined
COMMAND: POST /session/73a4fd280a32fd38d4d0602b1d656d13/element - {"using":"xpath","value":"//*[@id=\"__tile30\"]"}
RESULT: {"using":"xpath","value":"//*[@id=\"__tile30\"]"}
COMMAND: POST /session/73a4fd280a32fd38d4d0602b1d656d13/element/f.8A8223F9DEA97DA973980CAD3BB2ACE0.d.569C69800ED02BFCA9D9784349141785.e.11249/click - {}
RESULT: {}
COMMAND: GET /session/73a4fd280a32fd38d4d0602b1d656d13/screenshot - {}
RESULT: {}
COMMAND: POST /session/73a4fd280a32fd38d4d0602b1d656d13/elements - {"using":"xpath","value":"//span[text()='Error']"}
RESULT: {"using":"xpath","value":"//span[text()='Error']"}
COMMAND: POST /session/73a4fd280a32fd38d4d0602b1d656d13/element - {"using":"xpath","value":"//button[@data-kt=\"addButton\"]"}
RESULT: {"using":"xpath","value":"//button[@data-kt=\"addButton\"]"}
COMMAND: POST /session/73a4fd280a32fd38d4d0602b1d656d13/elements - {"using":"xpath","value":"//button[@data-kt=\"addButton\"]"}
RESULT: {"using":"xpath","value":"//button[@data-kt=\"addButton\"]"}
COMMAND: POST /session/73a4fd280a32fd38d4d0602b1d656d13/elements - {"using":"xpath","value":"//button[@data-kt=\"addButton\"]"}
RESULT: {"using":"xpath","value":"//button[@data-kt=\"addButton\"]"}
COMMAND: POST /session/73a4fd280a32fd38d4d0602b1d656d13/element - {"using":"xpath","value":"//button[@data-kt=\"addButton\"]"}
RESULT: {"using":"xpath","value":"//button[@data-kt=\"addButton\"]"}
COMMAND: POST /session/73a4fd280a32fd38d4d0602b1d656d13/execute/sync - {"script":"<script> [8489 bytes]","args":[{"element-6066-11e4-a52e-4f735466cecf":"f.8A8223F9DEA97DA973980CAD3BB2ACE0.d.569C69800ED02BFCA9D9784349141785.e.12138","ELEMENT":"f.8A8223F9DEA97DA973980CAD3BB2ACE0.d.569C69800ED02BFCA9D9784349141785.e.12138"}]}
RESULT: {"script":"<script> [8489 bytes]","args":[{"element-6066-11e4-a52e-4f735466cecf":"f.8A8223F9DEA97DA973980CAD3BB2ACE0.d.569C69800ED02BFCA9D9784349141785.e.12138","ELEMENT":"f.8A8223F9DEA97DA973980CAD3BB2ACE0.d.569C69800ED02BFCA9D9784349141785.e.12138"}]}
COMMAND: GET /session/73a4fd280a32fd38d4d0602b1d656d13/element/f.8A8223F9DEA97DA973980CAD3BB2ACE0.d.569C69800ED02BFCA9D9784349141785.e.12138/enabled - {}
COMMAND: GET /session/73a4fd280a32fd38d4d0602b1d656d13/screenshot - {}
RESULT: {}
COMMAND: POST /session/73a4fd280a32fd38d4d0602b1d656d13/execute/sync - {"script":"<script> [8489 bytes]","args":[{"element-6066-11e4-a52e-4f735466cecf":"f.8A8223F9DEA97DA973980CAD3BB2ACE0.d.569C69800ED02BFCA9D9784349141785.e.12138","ELEMENT":"f.8A8223F9DEA97DA973980CAD3BB2ACE0.d.569C69800ED02BFCA9D9784349141785.e.12138"}]}
COMMAND: GET /session/73a4fd280a32fd38d4d0602b1d656d13/screenshot - {}
RESULT: {}
RESULT: {"script":"<script> [8489 bytes]","args":[{"element-6066-11e4-a52e-4f735466cecf":"f.8A8223F9DEA97DA973980CAD3BB2ACE0.d.569C69800ED02BFCA9D9784349141785.e.12138","ELEMENT":"f.8A8223F9DEA97DA973980CAD3BB2ACE0.d.569C69800ED02BFCA9D9784349141785.e.12138"}]}
COMMAND: POST /session/73a4fd280a32fd38d4d0602b1d656d13/execute/sync - {"script":"<script> [5351 bytes]","args":[{"element-6066-11e4-a52e-4f735466cecf":"f.8A8223F9DEA97DA973980CAD3BB2ACE0.d.569C69800ED02BFCA9D9784349141785.e.12138","ELEMENT":"f.8A8223F9DEA97DA973980CAD3BB2ACE0.d.569C69800ED02BFCA9D9784349141785.e.12138"}]}
COMMAND: GET /session/73a4fd280a32fd38d4d0602b1d656d13/screenshot - {}
RESULT: {}
RESULT: {"script":"<script> [5351 bytes]","args":[{"element-6066-11e4-a52e-4f735466cecf":"f.8A8223F9DEA97DA973980CAD3BB2ACE0.d.569C69800ED02BFCA9D9784349141785.e.12138","ELEMENT":"f.8A8223F9DEA97DA973980CAD3BB2ACE0.d.569C69800ED02BFCA9D9784349141785.e.12138"}]}
COMMAND: POST /session/73a4fd280a32fd38d4d0602b1d656d13/element/f.8A8223F9DEA97DA973980CAD3BB2ACE0.d.569C69800ED02BFCA9D9784349141785.e.12138/click - {}
COMMAND: GET /session/73a4fd280a32fd38d4d0602b1d656d13/screenshot - {}
RESULT: {}
RESULT: {}
COMMAND: GET /session/73a4fd280a32fd38d4d0602b1d656d13/screenshot - {}
COMMAND: POST /session/73a4fd280a32fd38d4d0602b1d656d13/execute/async - {"script":"<script> [1562 bytes]","args":[{"selector":{"id":"application-managepartners-display-component---NewPartner--addressDetailDetailsName1","interaction":{"idSuffix":"inner"}},"wdio_ui5_key":"applicationmanagepartners-display-component---NewPartner--addressDetailDetailsName1"}]}
RESULT: {}
RESULT: {}
RESULT: {"script":"<script> [1562 bytes]","args":[{"selector":{"id":"application-managepartners-display-component---NewPartner--addressDetailDetailsName1","interaction":{"idSuffix":"inner"}},"wdio_ui5_key":"applicationmanagepartners-display-component---NewPartner--addressDetailDetailsName1"}]}
RESULT: undefined
COMMAND: POST /session/73a4fd280a32fd38d4d0602b1d656d13/execute/async - {"script":"<script> [776 bytes]","args":[{"enterText":"External Partner WDIO","selector":{"id":"application-managepartners-display-component---NewPartner--addressDetailDetailsName1","interaction":{"idSuffix":"inner"}},"clearTextFirst":true,"interactionType":"ENTER_TEXT"}]}
RESULT: {"script":"<script> [776 bytes]","args":[{"enterText":"External Partner WDIO","selector":{"id":"application-managepartners-display-component---NewPartner--addressDetailDetailsName1","interaction":{"idSuffix":"inner"}},"clearTextFirst":true,"interactionType":"ENTER_TEXT"}]}
COMMAND: POST /session/73a4fd280a32fd38d4d0602b1d656d13/execute/async - {"script":"<script> [1562 bytes]","args":[{"selector":{"id":"application-managepartners-display-component---NewPartner--addressDetailDetailsLanguage-arrow"},"wdio_ui5_key":"applicationmanagepartners-display-component---NewPartner--addressDetailDetailsLanguage-arrow"}]}
RESULT: {"script":"<script> [1562 bytes]","args":[{"selector":{"id":"application-managepartners-display-component---NewPartner--addressDetailDetailsLanguage-arrow"},"wdio_ui5_key":"applicationmanagepartners-display-component---NewPartner--addressDetailDetailsLanguage-arrow"}]}
RESULT: undefined
COMMAND: POST /session/73a4fd280a32fd38d4d0602b1d656d13/element - {"using":"xpath","value":"//*[@id=\"application-managepartners-display-component---NewPartner--addressDetailDetailsLanguage-arrow\"]"}
RESULT: {"using":"xpath","value":"//*[@id=\"application-managepartners-display-component---NewPartner--addressDetailDetailsLanguage-arrow\"]"}
COMMAND: POST /session/73a4fd280a32fd38d4d0602b1d656d13/element/f.8A8223F9DEA97DA973980CAD3BB2ACE0.d.569C69800ED02BFCA9D9784349141785.e.12586/click - {}
RESULT: {}
COMMAND: POST /session/73a4fd280a32fd38d4d0602b1d656d13/element - {"using":"xpath","value":"//span[contains(text(), \"English\")]"}
COMMAND: GET /session/73a4fd280a32fd38d4d0602b1d656d13/screenshot - {}
RESULT: {"using":"xpath","value":"//span[contains(text(), \"English\")]"}
COMMAND: POST /session/73a4fd280a32fd38d4d0602b1d656d13/element/f.8A8223F9DEA97DA973980CAD3BB2ACE0.d.569C69800ED02BFCA9D9784349141785.e.12587/click - {}
RESULT: {}
RESULT: {}
COMMAND: GET /session/73a4fd280a32fd38d4d0602b1d656d13/screenshot - {}
RESULT: {}
COMMAND: POST /session/73a4fd280a32fd38d4d0602b1d656d13/execute/async - {"script":"<script> [1562 bytes]","args":[{"selector":{"id":"application-managepartners-display-component---NewPartner--addressDetailDetailsCity1","interaction":{"idSuffix":"inner"}},"wdio_ui5_key":"applicationmanagepartners-display-component---NewPartner--addressDetailDetailsCity1"}]}
RESULT: {"script":"<script> [1562 bytes]","args":[{"selector":{"id":"application-managepartners-display-component---NewPartner--addressDetailDetailsCity1","interaction":{"idSuffix":"inner"}},"wdio_ui5_key":"applicationmanagepartners-display-component---NewPartner--addressDetailDetailsCity1"}]}
RESULT: undefined
COMMAND: POST /session/73a4fd280a32fd38d4d0602b1d656d13/execute/async - {"script":"<script> [776 bytes]","args":[{"enterText":"Rosario","selector":{"id":"application-managepartners-display-component---NewPartner--addressDetailDetailsCity1","interaction":{"idSuffix":"inner"}},"clearTextFirst":true,"interactionType":"ENTER_TEXT"}]}
RESULT: {"script":"<script> [776 bytes]","args":[{"enterText":"Rosario","selector":{"id":"application-managepartners-display-component---NewPartner--addressDetailDetailsCity1","interaction":{"idSuffix":"inner"}},"clearTextFirst":true,"interactionType":"ENTER_TEXT"}]}
COMMAND: POST /session/73a4fd280a32fd38d4d0602b1d656d13/execute/async - {"script":"<script> [1562 bytes]","args":[{"selector":{"id":"application-managepartners-display-component---NewPartner--addressDetailDetailsCountry-arrow"},"wdio_ui5_key":"applicationmanagepartners-display-component---NewPartner--addressDetailDetailsCountry-arrow"}]}
RESULT: {"script":"<script> [1562 bytes]","args":[{"selector":{"id":"application-managepartners-display-component---NewPartner--addressDetailDetailsCountry-arrow"},"wdio_ui5_key":"applicationmanagepartners-display-component---NewPartner--addressDetailDetailsCountry-arrow"}]}
RESULT: undefined
COMMAND: POST /session/73a4fd280a32fd38d4d0602b1d656d13/element - {"using":"xpath","value":"//*[@id=\"application-managepartners-display-component---NewPartner--addressDetailDetailsCountry-arrow\"]"}
RESULT: {"using":"xpath","value":"//*[@id=\"application-managepartners-display-component---NewPartner--addressDetailDetailsCountry-arrow\"]"}
COMMAND: POST /session/73a4fd280a32fd38d4d0602b1d656d13/element/f.8A8223F9DEA97DA973980CAD3BB2ACE0.d.569C69800ED02BFCA9D9784349141785.e.12553/click - {}
RESULT: {}
COMMAND: POST /session/73a4fd280a32fd38d4d0602b1d656d13/element - {"using":"xpath","value":"//span[contains(text(), \"Argentina\")]"}
COMMAND: GET /session/73a4fd280a32fd38d4d0602b1d656d13/screenshot - {}
RESULT: {"using":"xpath","value":"//span[contains(text(), \"Argentina\")]"}
COMMAND: POST /session/73a4fd280a32fd38d4d0602b1d656d13/element/f.8A8223F9DEA97DA973980CAD3BB2ACE0.d.569C69800ED02BFCA9D9784349141785.e.12589/click - {}
RESULT: {}
RESULT: {}
COMMAND: GET /session/73a4fd280a32fd38d4d0602b1d656d13/screenshot - {}
RESULT: {}
COMMAND: POST /session/73a4fd280a32fd38d4d0602b1d656d13/element - {"using":"xpath","value":"//bdi[contains(text(), \"Commercial\")]"}
RESULT: {"using":"xpath","value":"//bdi[contains(text(), \"Commercial\")]"}
COMMAND: POST /session/73a4fd280a32fd38d4d0602b1d656d13/element/f.8A8223F9DEA97DA973980CAD3BB2ACE0.d.569C69800ED02BFCA9D9784349141785.e.12590/click - {}
RESULT: {}
COMMAND: GET /session/73a4fd280a32fd38d4d0602b1d656d13/screenshot - {}
RESULT: {}
COMMAND: POST /session/73a4fd280a32fd38d4d0602b1d656d13/execute/async - {"script":"<script> [1562 bytes]","args":[{"selector":{"id":"application-managepartners-display-component---NewPartner--partnerDetailInternal-arrow"},"wdio_ui5_key":"applicationmanagepartners-display-component---NewPartner--partnerDetailInternal-arrow"}]}
RESULT: {"script":"<script> [1562 bytes]","args":[{"selector":{"id":"application-managepartners-display-component---NewPartner--partnerDetailInternal-arrow"},"wdio_ui5_key":"applicationmanagepartners-display-component---NewPartner--partnerDetailInternal-arrow"}]}
RESULT: undefined
COMMAND: POST /session/73a4fd280a32fd38d4d0602b1d656d13/element - {"using":"xpath","value":"//*[@id=\"application-managepartners-display-component---NewPartner--partnerDetailInternal-arrow\"]"}
RESULT: {"using":"xpath","value":"//*[@id=\"application-managepartners-display-component---NewPartner--partnerDetailInternal-arrow\"]"}
COMMAND: POST /session/73a4fd280a32fd38d4d0602b1d656d13/element/f.8A8223F9DEA97DA973980CAD3BB2ACE0.d.569C69800ED02BFCA9D9784349141785.e.12596/click - {}
RESULT: {}
COMMAND: POST /session/73a4fd280a32fd38d4d0602b1d656d13/element - {"using":"xpath","value":"//span[contains(text(), \"External partner\")]"}
COMMAND: GET /session/73a4fd280a32fd38d4d0602b1d656d13/screenshot - {}
RESULT: {"using":"xpath","value":"//span[contains(text(), \"External partner\")]"}
COMMAND: POST /session/73a4fd280a32fd38d4d0602b1d656d13/element/f.8A8223F9DEA97DA973980CAD3BB2ACE0.d.569C69800ED02BFCA9D9784349141785.e.12597/click - {}
RESULT: {}
RESULT: {}
COMMAND: POST /session/73a4fd280a32fd38d4d0602b1d656d13/execute/async - {"script":"<script> [1562 bytes]","args":[{"selector":{"id":"application-managepartners-display-component---NewPartner--partnerDetailsCurrency-arrow"},"wdio_ui5_key":"applicationmanagepartners-display-component---NewPartner--partnerDetailsCurrency-arrow"}]}
COMMAND: GET /session/73a4fd280a32fd38d4d0602b1d656d13/screenshot - {}
RESULT: {"script":"<script> [1562 bytes]","args":[{"selector":{"id":"application-managepartners-display-component---NewPartner--partnerDetailsCurrency-arrow"},"wdio_ui5_key":"applicationmanagepartners-display-component---NewPartner--partnerDetailsCurrency-arrow"}]}
RESULT: undefined
COMMAND: POST /session/73a4fd280a32fd38d4d0602b1d656d13/element - {"using":"xpath","value":"//*[@id=\"application-managepartners-display-component---NewPartner--partnerDetailsCurrency-arrow\"]"}
RESULT: {}
RESULT: {"using":"xpath","value":"//*[@id=\"application-managepartners-display-component---NewPartner--partnerDetailsCurrency-arrow\"]"}
COMMAND: POST /session/73a4fd280a32fd38d4d0602b1d656d13/element/f.8A8223F9DEA97DA973980CAD3BB2ACE0.d.569C69800ED02BFCA9D9784349141785.e.12602/click - {}
RESULT: {}
COMMAND: POST /session/73a4fd280a32fd38d4d0602b1d656d13/element - {"using":"xpath","value":"//span[contains(text(), \"US Dollar\")]"}
COMMAND: GET /session/73a4fd280a32fd38d4d0602b1d656d13/screenshot - {}
RESULT: {"using":"xpath","value":"//span[contains(text(), \"US Dollar\")]"}
COMMAND: POST /session/73a4fd280a32fd38d4d0602b1d656d13/element/f.8A8223F9DEA97DA973980CAD3BB2ACE0.d.569C69800ED02BFCA9D9784349141785.e.12603/click - {}
RESULT: {}
RESULT: {}
COMMAND: GET /session/73a4fd280a32fd38d4d0602b1d656d13/screenshot - {}
RESULT: {}
COMMAND: POST /session/73a4fd280a32fd38d4d0602b1d656d13/element - {"using":"xpath","value":"//input[@id=\"application-managepartners-display-component---NewPartner--companyCodeComboBox-inner\"]"}
RESULT: {"using":"xpath","value":"//input[@id=\"application-managepartners-display-component---NewPartner--companyCodeComboBox-inner\"]"}
COMMAND: POST /session/73a4fd280a32fd38d4d0602b1d656d13/element/f.8A8223F9DEA97DA973980CAD3BB2ACE0.d.569C69800ED02BFCA9D9784349141785.e.12463/clear - {}
RESULT: {}
COMMAND: POST /session/73a4fd280a32fd38d4d0602b1d656d13/element/f.8A8223F9DEA97DA973980CAD3BB2ACE0.d.569C69800ED02BFCA9D9784349141785.e.12463/value - {"text":"C002"}
COMMAND: GET /session/73a4fd280a32fd38d4d0602b1d656d13/screenshot - {}
RESULT: {"text":"C002"}
COMMAND: GET /session/73a4fd280a32fd38d4d0602b1d656d13/screenshot - {}
RESULT: {}
RESULT: {}
COMMAND: POST /session/73a4fd280a32fd38d4d0602b1d656d13/element - {"using":"xpath","value":"//li[.//span[text()= \"C002\"]]"}
RESULT: {"using":"xpath","value":"//li[.//span[text()= \"C002\"]]"}
COMMAND: POST /session/73a4fd280a32fd38d4d0602b1d656d13/element/f.8A8223F9DEA97DA973980CAD3BB2ACE0.d.569C69800ED02BFCA9D9784349141785.e.12607/click - {}
RESULT: {}
COMMAND: GET /session/73a4fd280a32fd38d4d0602b1d656d13/screenshot - {}
RESULT: {}
COMMAND: POST /session/73a4fd280a32fd38d4d0602b1d656d13/execute/async - {"script":"<script> [1562 bytes]","args":[{"selector":{"id":"application-managepartners-display-component---NewPartner--btnAddTableRow-img"},"wdio_ui5_key":"applicationmanagepartners-display-component---NewPartner--btnAddTableRow-img"}]}
RESULT: {"script":"<script> [1562 bytes]","args":[{"selector":{"id":"application-managepartners-display-component---NewPartner--btnAddTableRow-img"},"wdio_ui5_key":"applicationmanagepartners-display-component---NewPartner--btnAddTableRow-img"}]}
RESULT: undefined
COMMAND: POST /session/73a4fd280a32fd38d4d0602b1d656d13/element - {"using":"xpath","value":"//*[@id=\"application-managepartners-display-component---NewPartner--btnAddTableRow-img\"]"}
RESULT: {"using":"xpath","value":"//*[@id=\"application-managepartners-display-component---NewPartner--btnAddTableRow-img\"]"}
COMMAND: POST /session/73a4fd280a32fd38d4d0602b1d656d13/element/f.8A8223F9DEA97DA973980CAD3BB2ACE0.d.569C69800ED02BFCA9D9784349141785.e.12608/click - {}
RESULT: {}
COMMAND: GET /session/73a4fd280a32fd38d4d0602b1d656d13/screenshot - {}
RESULT: {}
COMMAND: POST /session/73a4fd280a32fd38d4d0602b1d656d13/element - {"using":"xpath","value":"//input[@id=\"application-managepartners-display-component---NewPartner--assignmentYard-application-managepartners-display-component---NewPartner--assignmentsTable-0-inner\"]"}
RESULT: {"using":"xpath","value":"//input[@id=\"application-managepartners-display-component---NewPartner--assignmentYard-application-managepartners-display-component---NewPartner--assignmentsTable-0-inner\"]"}
COMMAND: POST /session/73a4fd280a32fd38d4d0602b1d656d13/element/f.8A8223F9DEA97DA973980CAD3BB2ACE0.d.569C69800ED02BFCA9D9784349141785.e.12611/clear - {}
RESULT: {}
COMMAND: POST /session/73a4fd280a32fd38d4d0602b1d656d13/element/f.8A8223F9DEA97DA973980CAD3BB2ACE0.d.569C69800ED02BFCA9D9784349141785.e.12611/value - {"text":"407"}
COMMAND: GET /session/73a4fd280a32fd38d4d0602b1d656d13/screenshot - {}
RESULT: {"text":"407"}
COMMAND: GET /session/73a4fd280a32fd38d4d0602b1d656d13/screenshot - {}
RESULT: {}
RESULT: {}
COMMAND: POST /session/73a4fd280a32fd38d4d0602b1d656d13/element - {"using":"xpath","value":"//li[.//span[text()='407']]"}
RESULT: {"using":"xpath","value":"//li[.//span[text()='407']]"}
COMMAND: POST /session/73a4fd280a32fd38d4d0602b1d656d13/element/f.8A8223F9DEA97DA973980CAD3BB2ACE0.d.569C69800ED02BFCA9D9784349141785.e.12619/click - {}
RESULT: {}
COMMAND: GET /session/73a4fd280a32fd38d4d0602b1d656d13/screenshot - {}
RESULT: {}
COMMAND: POST /session/73a4fd280a32fd38d4d0602b1d656d13/actions - {"actions":[{"id":"action42","type":"key","parameters":{},"actions":[{"type":"keyDown","value":"î€‡"},{"type":"pause","duration":10},{"type":"keyUp","value":"î€‡"}]}]}
RESULT: {"actions":[{"id":"action42","type":"key","parameters":{},"actions":[{"type":"keyDown","value":"î€‡"},{"type":"pause","duration":10},{"type":"keyUp","value":"î€‡"}]}]}
COMMAND: POST /session/73a4fd280a32fd38d4d0602b1d656d13/element - {"using":"xpath","value":"//td[contains(@id, \"assignmentsTable-0-cell2\")]/div/div"}
COMMAND: GET /session/73a4fd280a32fd38d4d0602b1d656d13/screenshot - {}
RESULT: {"using":"xpath","value":"//td[contains(@id, \"assignmentsTable-0-cell2\")]/div/div"}
COMMAND: POST /session/73a4fd280a32fd38d4d0602b1d656d13/element/f.8A8223F9DEA97DA973980CAD3BB2ACE0.d.569C69800ED02BFCA9D9784349141785.e.12622/click - {}
RESULT: {}
RESULT: {}
COMMAND: GET /session/73a4fd280a32fd38d4d0602b1d656d13/screenshot - {}
RESULT: {}
COMMAND: POST /session/73a4fd280a32fd38d4d0602b1d656d13/element - {"using":"xpath","value":"//button[@data-kt=\"saveButton\"]"}
RESULT: {"using":"xpath","value":"//button[@data-kt=\"saveButton\"]"}
COMMAND: POST /session/73a4fd280a32fd38d4d0602b1d656d13/element/f.8A8223F9DEA97DA973980CAD3BB2ACE0.d.569C69800ED02BFCA9D9784349141785.e.12472/click - {}
RESULT: {}
COMMAND: GET /session/73a4fd280a32fd38d4d0602b1d656d13/screenshot - {}
RESULT: {}
COMMAND: POST /session/73a4fd280a32fd38d4d0602b1d656d13/element - {"using":"xpath","value":"//header[contains(@id, 'ObjectPageLayout-headerTitle')]/div[1]/div[2]/div[2]/span[1]"}
RESULT: {"using":"xpath","value":"//header[contains(@id, 'ObjectPageLayout-headerTitle')]/div[1]/div[2]/div[2]/span[1]"}
COMMAND: POST /session/73a4fd280a32fd38d4d0602b1d656d13/elements - {"using":"xpath","value":"//header[contains(@id, 'ObjectPageLayout-headerTitle')]/div[1]/div[2]/div[2]/span[1]"}
RESULT: {"using":"xpath","value":"//header[contains(@id, 'ObjectPageLayout-headerTitle')]/div[1]/div[2]/div[2]/span[1]"}
COMMAND: POST /session/73a4fd280a32fd38d4d0602b1d656d13/execute/sync - {"script":"<script> [56 bytes]","args":[{"element-6066-11e4-a52e-4f735466cecf":"f.8A8223F9DEA97DA973980CAD3BB2ACE0.d.569C69800ED02BFCA9D9784349141785.e.12784","ELEMENT":"f.8A8223F9DEA97DA973980CAD3BB2ACE0.d.569C69800ED02BFCA9D9784349141785.e.12784"}]}
RESULT: {"script":"<script> [56 bytes]","args":[{"element-6066-11e4-a52e-4f735466cecf":"f.8A8223F9DEA97DA973980CAD3BB2ACE0.d.569C69800ED02BFCA9D9784349141785.e.12784","ELEMENT":"f.8A8223F9DEA97DA973980CAD3BB2ACE0.d.569C69800ED02BFCA9D9784349141785.e.12784"}]}
COMMAND: POST /session/73a4fd280a32fd38d4d0602b1d656d13/element - {"using":"css selector","value":"#shell-header-logo"}
COMMAND: GET /session/73a4fd280a32fd38d4d0602b1d656d13/screenshot - {}
RESULT: {"using":"css selector","value":"#shell-header-logo"}
COMMAND: POST /session/73a4fd280a32fd38d4d0602b1d656d13/element/f.8A8223F9DEA97DA973980CAD3BB2ACE0.d.569C69800ED02BFCA9D9784349141785.e.12104/click - {}
RESULT: {}
RESULT: {}
COMMAND: GET /session/73a4fd280a32fd38d4d0602b1d656d13/screenshot - {}
RESULT: {}
COMMAND: POST /session/73a4fd280a32fd38d4d0602b1d656d13/execute/sync - {"script":"<script> [299 bytes]","args":[["getModel","getResource"]]}
RESULT: {"script":"<script> [299 bytes]","args":[["getModel","getResource"]]}
COMMAND: GET /session/73a4fd280a32fd38d4d0602b1d656d13/screenshot - {}
]]></system-out>
    </testcase>
    <testcase classname="chrome.136_0_7103_93.windows.Provide_to_Site_w/o_warehouse_management_w/_clarification_US116605" name="Should create a new site" time="169.838">
      <system-out><![CDATA[
COMMAND: POST /session/73a4fd280a32fd38d4d0602b1d656d13/execute/async - {"script":"<script> [1562 bytes]","args":[{"selector":{"controlType":"sap.m.GenericTile","properties":{"header":"Manage Sites"}},"wdio_ui5_key":"sapm.GenericTile{\"header\":\"Manage Sites\"}"}]}
RESULT: {}
RESULT: {"script":"<script> [1562 bytes]","args":[{"selector":{"controlType":"sap.m.GenericTile","properties":{"header":"Manage Sites"}},"wdio_ui5_key":"sapm.GenericTile{\"header\":\"Manage Sites\"}"}]}
RESULT: undefined
COMMAND: POST /session/73a4fd280a32fd38d4d0602b1d656d13/element - {"using":"xpath","value":"//*[@id=\"__tile32\"]"}
RESULT: {"using":"xpath","value":"//*[@id=\"__tile32\"]"}
COMMAND: POST /session/73a4fd280a32fd38d4d0602b1d656d13/element/f.8A8223F9DEA97DA973980CAD3BB2ACE0.d.569C69800ED02BFCA9D9784349141785.e.11255/click - {}
RESULT: {}
COMMAND: GET /session/73a4fd280a32fd38d4d0602b1d656d13/screenshot - {}
RESULT: {}
COMMAND: POST /session/73a4fd280a32fd38d4d0602b1d656d13/elements - {"using":"xpath","value":"//span[text()='Error']"}
RESULT: {"using":"xpath","value":"//span[text()='Error']"}
COMMAND: POST /session/73a4fd280a32fd38d4d0602b1d656d13/element - {"using":"xpath","value":"//button[@data-kt=\"addOverflowToolbarButton\"]"}
RESULT: {"using":"xpath","value":"//button[@data-kt=\"addOverflowToolbarButton\"]"}
COMMAND: POST /session/73a4fd280a32fd38d4d0602b1d656d13/elements - {"using":"xpath","value":"//button[@data-kt=\"addOverflowToolbarButton\"]"}
RESULT: {"using":"xpath","value":"//button[@data-kt=\"addOverflowToolbarButton\"]"}
COMMAND: POST /session/73a4fd280a32fd38d4d0602b1d656d13/execute/sync - {"script":"<script> [8489 bytes]","args":[{"element-6066-11e4-a52e-4f735466cecf":"f.8A8223F9DEA97DA973980CAD3BB2ACE0.d.569C69800ED02BFCA9D9784349141785.e.12832","ELEMENT":"f.8A8223F9DEA97DA973980CAD3BB2ACE0.d.569C69800ED02BFCA9D9784349141785.e.12832"}]}
RESULT: {"script":"<script> [8489 bytes]","args":[{"element-6066-11e4-a52e-4f735466cecf":"f.8A8223F9DEA97DA973980CAD3BB2ACE0.d.569C69800ED02BFCA9D9784349141785.e.12832","ELEMENT":"f.8A8223F9DEA97DA973980CAD3BB2ACE0.d.569C69800ED02BFCA9D9784349141785.e.12832"}]}
COMMAND: GET /session/73a4fd280a32fd38d4d0602b1d656d13/element/f.8A8223F9DEA97DA973980CAD3BB2ACE0.d.569C69800ED02BFCA9D9784349141785.e.12832/enabled - {}
COMMAND: GET /session/73a4fd280a32fd38d4d0602b1d656d13/screenshot - {}
RESULT: {}
COMMAND: POST /session/73a4fd280a32fd38d4d0602b1d656d13/execute/sync - {"script":"<script> [8489 bytes]","args":[{"element-6066-11e4-a52e-4f735466cecf":"f.8A8223F9DEA97DA973980CAD3BB2ACE0.d.569C69800ED02BFCA9D9784349141785.e.12832","ELEMENT":"f.8A8223F9DEA97DA973980CAD3BB2ACE0.d.569C69800ED02BFCA9D9784349141785.e.12832"}]}
COMMAND: GET /session/73a4fd280a32fd38d4d0602b1d656d13/screenshot - {}
RESULT: {}
RESULT: {"script":"<script> [8489 bytes]","args":[{"element-6066-11e4-a52e-4f735466cecf":"f.8A8223F9DEA97DA973980CAD3BB2ACE0.d.569C69800ED02BFCA9D9784349141785.e.12832","ELEMENT":"f.8A8223F9DEA97DA973980CAD3BB2ACE0.d.569C69800ED02BFCA9D9784349141785.e.12832"}]}
COMMAND: POST /session/73a4fd280a32fd38d4d0602b1d656d13/execute/sync - {"script":"<script> [5351 bytes]","args":[{"element-6066-11e4-a52e-4f735466cecf":"f.8A8223F9DEA97DA973980CAD3BB2ACE0.d.569C69800ED02BFCA9D9784349141785.e.12832","ELEMENT":"f.8A8223F9DEA97DA973980CAD3BB2ACE0.d.569C69800ED02BFCA9D9784349141785.e.12832"}]}
COMMAND: GET /session/73a4fd280a32fd38d4d0602b1d656d13/screenshot - {}
RESULT: {}
RESULT: {"script":"<script> [5351 bytes]","args":[{"element-6066-11e4-a52e-4f735466cecf":"f.8A8223F9DEA97DA973980CAD3BB2ACE0.d.569C69800ED02BFCA9D9784349141785.e.12832","ELEMENT":"f.8A8223F9DEA97DA973980CAD3BB2ACE0.d.569C69800ED02BFCA9D9784349141785.e.12832"}]}
COMMAND: POST /session/73a4fd280a32fd38d4d0602b1d656d13/element/f.8A8223F9DEA97DA973980CAD3BB2ACE0.d.569C69800ED02BFCA9D9784349141785.e.12832/click - {}
COMMAND: GET /session/73a4fd280a32fd38d4d0602b1d656d13/screenshot - {}
RESULT: {}
RESULT: {}
COMMAND: GET /session/73a4fd280a32fd38d4d0602b1d656d13/screenshot - {}
COMMAND: POST /session/73a4fd280a32fd38d4d0602b1d656d13/element - {"using":"xpath","value":"//input[@id=\"application-managesites-display-component---NewSite--siteId-inner\"]"}
RESULT: {}
RESULT: {}
RESULT: {"using":"xpath","value":"//input[@id=\"application-managesites-display-component---NewSite--siteId-inner\"]"}
COMMAND: POST /session/73a4fd280a32fd38d4d0602b1d656d13/element - {"using":"xpath","value":"//input[@id=\"application-managesites-display-component---NewSite--siteId-inner\"]"}
RESULT: {"using":"xpath","value":"//input[@id=\"application-managesites-display-component---NewSite--siteId-inner\"]"}
COMMAND: POST /session/73a4fd280a32fd38d4d0602b1d656d13/execute/async - {"script":"<script> [1562 bytes]","args":[{"selector":{"id":"application-managesites-display-component---NewSite--addressDetailDetailsName1","interaction":{"idSuffix":"inner"}},"wdio_ui5_key":"applicationmanagesites-display-component---NewSite--addressDetailDetailsName1"}]}
RESULT: {"script":"<script> [1562 bytes]","args":[{"selector":{"id":"application-managesites-display-component---NewSite--addressDetailDetailsName1","interaction":{"idSuffix":"inner"}},"wdio_ui5_key":"applicationmanagesites-display-component---NewSite--addressDetailDetailsName1"}]}
RESULT: undefined
COMMAND: POST /session/73a4fd280a32fd38d4d0602b1d656d13/execute/async - {"script":"<script> [776 bytes]","args":[{"enterText":"Other Type Site WDIO","selector":{"id":"application-managesites-display-component---NewSite--addressDetailDetailsName1","interaction":{"idSuffix":"inner"}},"clearTextFirst":true,"interactionType":"ENTER_TEXT"}]}
RESULT: {"script":"<script> [776 bytes]","args":[{"enterText":"Other Type Site WDIO","selector":{"id":"application-managesites-display-component---NewSite--addressDetailDetailsName1","interaction":{"idSuffix":"inner"}},"clearTextFirst":true,"interactionType":"ENTER_TEXT"}]}
COMMAND: POST /session/73a4fd280a32fd38d4d0602b1d656d13/execute/async - {"script":"<script> [1562 bytes]","args":[{"selector":{"id":"application-managesites-display-component---NewSite--addressDetailDetailsLanguage-arrow"},"wdio_ui5_key":"applicationmanagesites-display-component---NewSite--addressDetailDetailsLanguage-arrow"}]}
RESULT: {"script":"<script> [1562 bytes]","args":[{"selector":{"id":"application-managesites-display-component---NewSite--addressDetailDetailsLanguage-arrow"},"wdio_ui5_key":"applicationmanagesites-display-component---NewSite--addressDetailDetailsLanguage-arrow"}]}
RESULT: undefined
COMMAND: POST /session/73a4fd280a32fd38d4d0602b1d656d13/element - {"using":"xpath","value":"//*[@id=\"application-managesites-display-component---NewSite--addressDetailDetailsLanguage-arrow\"]"}
RESULT: {"using":"xpath","value":"//*[@id=\"application-managesites-display-component---NewSite--addressDetailDetailsLanguage-arrow\"]"}
COMMAND: POST /session/73a4fd280a32fd38d4d0602b1d656d13/element/f.8A8223F9DEA97DA973980CAD3BB2ACE0.d.569C69800ED02BFCA9D9784349141785.e.13232/click - {}
RESULT: {}
COMMAND: POST /session/73a4fd280a32fd38d4d0602b1d656d13/element - {"using":"xpath","value":"//span[contains(text(), \"English\")]"}
COMMAND: GET /session/73a4fd280a32fd38d4d0602b1d656d13/screenshot - {}
RESULT: {"using":"xpath","value":"//span[contains(text(), \"English\")]"}
COMMAND: POST /session/73a4fd280a32fd38d4d0602b1d656d13/element/f.8A8223F9DEA97DA973980CAD3BB2ACE0.d.569C69800ED02BFCA9D9784349141785.e.13233/click - {}
RESULT: {}
RESULT: {}
COMMAND: POST /session/73a4fd280a32fd38d4d0602b1d656d13/execute/async - {"script":"<script> [1562 bytes]","args":[{"selector":{"id":"application-managesites-display-component---NewSite--addressDetailDetailsCity1","interaction":{"idSuffix":"inner"}},"wdio_ui5_key":"applicationmanagesites-display-component---NewSite--addressDetailDetailsCity1"}]}
COMMAND: GET /session/73a4fd280a32fd38d4d0602b1d656d13/screenshot - {}
RESULT: {"script":"<script> [1562 bytes]","args":[{"selector":{"id":"application-managesites-display-component---NewSite--addressDetailDetailsCity1","interaction":{"idSuffix":"inner"}},"wdio_ui5_key":"applicationmanagesites-display-component---NewSite--addressDetailDetailsCity1"}]}
RESULT: undefined
COMMAND: POST /session/73a4fd280a32fd38d4d0602b1d656d13/execute/async - {"script":"<script> [776 bytes]","args":[{"enterText":"Rosario","selector":{"id":"application-managesites-display-component---NewSite--addressDetailDetailsCity1","interaction":{"idSuffix":"inner"}},"clearTextFirst":true,"interactionType":"ENTER_TEXT"}]}
RESULT: {}
RESULT: {"script":"<script> [776 bytes]","args":[{"enterText":"Rosario","selector":{"id":"application-managesites-display-component---NewSite--addressDetailDetailsCity1","interaction":{"idSuffix":"inner"}},"clearTextFirst":true,"interactionType":"ENTER_TEXT"}]}
COMMAND: POST /session/73a4fd280a32fd38d4d0602b1d656d13/execute/async - {"script":"<script> [1562 bytes]","args":[{"selector":{"id":"application-managesites-display-component---NewSite--addressDetailDetailsCountry-arrow"},"wdio_ui5_key":"applicationmanagesites-display-component---NewSite--addressDetailDetailsCountry-arrow"}]}
RESULT: {"script":"<script> [1562 bytes]","args":[{"selector":{"id":"application-managesites-display-component---NewSite--addressDetailDetailsCountry-arrow"},"wdio_ui5_key":"applicationmanagesites-display-component---NewSite--addressDetailDetailsCountry-arrow"}]}
RESULT: undefined
COMMAND: POST /session/73a4fd280a32fd38d4d0602b1d656d13/element - {"using":"xpath","value":"//*[@id=\"application-managesites-display-component---NewSite--addressDetailDetailsCountry-arrow\"]"}
RESULT: {"using":"xpath","value":"//*[@id=\"application-managesites-display-component---NewSite--addressDetailDetailsCountry-arrow\"]"}
COMMAND: POST /session/73a4fd280a32fd38d4d0602b1d656d13/element/f.8A8223F9DEA97DA973980CAD3BB2ACE0.d.569C69800ED02BFCA9D9784349141785.e.13235/click - {}
RESULT: {}
COMMAND: POST /session/73a4fd280a32fd38d4d0602b1d656d13/element - {"using":"xpath","value":"//span[contains(text(), \"Argentina\")]"}
COMMAND: GET /session/73a4fd280a32fd38d4d0602b1d656d13/screenshot - {}
RESULT: {"using":"xpath","value":"//span[contains(text(), \"Argentina\")]"}
COMMAND: POST /session/73a4fd280a32fd38d4d0602b1d656d13/element/f.8A8223F9DEA97DA973980CAD3BB2ACE0.d.569C69800ED02BFCA9D9784349141785.e.13236/click - {}
RESULT: {}
RESULT: {}
COMMAND: GET /session/73a4fd280a32fd38d4d0602b1d656d13/screenshot - {}
RESULT: {}
COMMAND: POST /session/73a4fd280a32fd38d4d0602b1d656d13/execute/async - {"script":"<script> [1562 bytes]","args":[{"selector":{"id":"application-managesites-display-component---NewSite--addressEditDetailsCostObjectCstType-arrow"},"wdio_ui5_key":"applicationmanagesites-display-component---NewSite--addressEditDetailsCostObjectCstType-arrow"}]}
RESULT: {"script":"<script> [1562 bytes]","args":[{"selector":{"id":"application-managesites-display-component---NewSite--addressEditDetailsCostObjectCstType-arrow"},"wdio_ui5_key":"applicationmanagesites-display-component---NewSite--addressEditDetailsCostObjectCstType-arrow"}]}
RESULT: undefined
COMMAND: POST /session/73a4fd280a32fd38d4d0602b1d656d13/element - {"using":"xpath","value":"//*[@id=\"application-managesites-display-component---NewSite--addressEditDetailsCostObjectCstType-arrow\"]"}
RESULT: {"using":"xpath","value":"//*[@id=\"application-managesites-display-component---NewSite--addressEditDetailsCostObjectCstType-arrow\"]"}
COMMAND: POST /session/73a4fd280a32fd38d4d0602b1d656d13/element/f.8A8223F9DEA97DA973980CAD3BB2ACE0.d.569C69800ED02BFCA9D9784349141785.e.13238/click - {}
RESULT: {}
COMMAND: POST /session/73a4fd280a32fd38d4d0602b1d656d13/element - {"using":"xpath","value":"//span[contains(text(), \"Cost Center\")]"}
COMMAND: GET /session/73a4fd280a32fd38d4d0602b1d656d13/screenshot - {}
RESULT: {"using":"xpath","value":"//span[contains(text(), \"Cost Center\")]"}
COMMAND: POST /session/73a4fd280a32fd38d4d0602b1d656d13/element/f.8A8223F9DEA97DA973980CAD3BB2ACE0.d.569C69800ED02BFCA9D9784349141785.e.13240/click - {}
RESULT: {}
RESULT: {}
COMMAND: GET /session/73a4fd280a32fd38d4d0602b1d656d13/screenshot - {}
RESULT: {}
COMMAND: POST /session/73a4fd280a32fd38d4d0602b1d656d13/element - {"using":"xpath","value":"//span[@id=\"application-managesites-display-component---NewSite--addressNewCostObjectCstID-vhi\"]"}
RESULT: {"using":"xpath","value":"//span[@id=\"application-managesites-display-component---NewSite--addressNewCostObjectCstID-vhi\"]"}
COMMAND: POST /session/73a4fd280a32fd38d4d0602b1d656d13/execute/sync - {"script":"<script> [8489 bytes]","args":[{"element-6066-11e4-a52e-4f735466cecf":"f.8A8223F9DEA97DA973980CAD3BB2ACE0.d.569C69800ED02BFCA9D9784349141785.e.13244","ELEMENT":"f.8A8223F9DEA97DA973980CAD3BB2ACE0.d.569C69800ED02BFCA9D9784349141785.e.13244"}]}
RESULT: {"script":"<script> [8489 bytes]","args":[{"element-6066-11e4-a52e-4f735466cecf":"f.8A8223F9DEA97DA973980CAD3BB2ACE0.d.569C69800ED02BFCA9D9784349141785.e.13244","ELEMENT":"f.8A8223F9DEA97DA973980CAD3BB2ACE0.d.569C69800ED02BFCA9D9784349141785.e.13244"}]}
COMMAND: POST /session/73a4fd280a32fd38d4d0602b1d656d13/execute/async - {"script":"<script> [1562 bytes]","args":[{"selector":{"id":"application-managesites-display-component---NewSite--addressNewCostObjectCstID-vhi"},"wdio_ui5_key":"applicationmanagesites-display-component---NewSite--addressNewCostObjectCstID-vhi"}]}
COMMAND: GET /session/73a4fd280a32fd38d4d0602b1d656d13/screenshot - {}
RESULT: {"script":"<script> [1562 bytes]","args":[{"selector":{"id":"application-managesites-display-component---NewSite--addressNewCostObjectCstID-vhi"},"wdio_ui5_key":"applicationmanagesites-display-component---NewSite--addressNewCostObjectCstID-vhi"}]}
RESULT: undefined
COMMAND: POST /session/73a4fd280a32fd38d4d0602b1d656d13/element - {"using":"xpath","value":"//*[@id=\"application-managesites-display-component---NewSite--addressNewCostObjectCstID-vhi\"]"}
RESULT: {}
RESULT: {"using":"xpath","value":"//*[@id=\"application-managesites-display-component---NewSite--addressNewCostObjectCstID-vhi\"]"}
COMMAND: POST /session/73a4fd280a32fd38d4d0602b1d656d13/element/f.8A8223F9DEA97DA973980CAD3BB2ACE0.d.569C69800ED02BFCA9D9784349141785.e.13244/click - {}
RESULT: {}
COMMAND: GET /session/73a4fd280a32fd38d4d0602b1d656d13/screenshot - {}
RESULT: {}
RESULT: undefined
COMMAND: POST /session/73a4fd280a32fd38d4d0602b1d656d13/execute/async - {"script":"<script> [776 bytes]","args":[{"enterText":"10001013","selector":{"controlType":"sap.m.SearchField","properties":{"placeholder":"Search"},"searchOpenDialogs":true,"interaction":{"idSuffix":"I"}},"clearTextFirst":true,"interactionType":"ENTER_TEXT"}]}
RESULT: {"script":"<script> [776 bytes]","args":[{"enterText":"10001013","selector":{"controlType":"sap.m.SearchField","properties":{"placeholder":"Search"},"searchOpenDialogs":true,"interaction":{"idSuffix":"I"}},"clearTextFirst":true,"interactionType":"ENTER_TEXT"}]}
COMMAND: POST /session/73a4fd280a32fd38d4d0602b1d656d13/actions - {"actions":[{"id":"action43","type":"key","parameters":{},"actions":[{"type":"keyDown","value":"î€‡"},{"type":"pause","duration":10},{"type":"keyUp","value":"î€‡"}]}]}
RESULT: {"actions":[{"id":"action43","type":"key","parameters":{},"actions":[{"type":"keyDown","value":"î€‡"},{"type":"pause","duration":10},{"type":"keyUp","value":"î€‡"}]}]}
COMMAND: GET /session/73a4fd280a32fd38d4d0602b1d656d13/screenshot - {}
RESULT: {}
COMMAND: POST /session/73a4fd280a32fd38d4d0602b1d656d13/element - {"using":"xpath","value":"//span[contains(text(), \"General Management\")]"}
RESULT: {"using":"xpath","value":"//span[contains(text(), \"General Management\")]"}
COMMAND: POST /session/73a4fd280a32fd38d4d0602b1d656d13/element/f.8A8223F9DEA97DA973980CAD3BB2ACE0.d.569C69800ED02BFCA9D9784349141785.e.13283/click - {}
RESULT: {}
COMMAND: GET /session/73a4fd280a32fd38d4d0602b1d656d13/screenshot - {}
RESULT: {}
COMMAND: POST /session/73a4fd280a32fd38d4d0602b1d656d13/element - {"using":"xpath","value":"//bdi[contains(text(), \"OK\")]"}
RESULT: {"using":"xpath","value":"//bdi[contains(text(), \"OK\")]"}
COMMAND: POST /session/73a4fd280a32fd38d4d0602b1d656d13/element/f.8A8223F9DEA97DA973980CAD3BB2ACE0.d.569C69800ED02BFCA9D9784349141785.e.13284/click - {}
RESULT: {}
COMMAND: GET /session/73a4fd280a32fd38d4d0602b1d656d13/screenshot - {}
RESULT: {}
COMMAND: POST /session/73a4fd280a32fd38d4d0602b1d656d13/element - {"using":"xpath","value":"//input[@id=\"application-managesites-display-component---NewSite--addressDetailDetailsCalendar-inner\"]"}
RESULT: {"using":"xpath","value":"//input[@id=\"application-managesites-display-component---NewSite--addressDetailDetailsCalendar-inner\"]"}
COMMAND: POST /session/73a4fd280a32fd38d4d0602b1d656d13/element/f.8A8223F9DEA97DA973980CAD3BB2ACE0.d.569C69800ED02BFCA9D9784349141785.e.13031/clear - {}
RESULT: {}
COMMAND: POST /session/73a4fd280a32fd38d4d0602b1d656d13/element/f.8A8223F9DEA97DA973980CAD3BB2ACE0.d.569C69800ED02BFCA9D9784349141785.e.13031/value - {"text":"Unit"}
COMMAND: GET /session/73a4fd280a32fd38d4d0602b1d656d13/screenshot - {}
RESULT: {"text":"Unit"}
COMMAND: GET /session/73a4fd280a32fd38d4d0602b1d656d13/screenshot - {}
RESULT: {}
RESULT: {}
COMMAND: POST /session/73a4fd280a32fd38d4d0602b1d656d13/actions - {"actions":[{"id":"action44","type":"key","parameters":{},"actions":[{"type":"keyDown","value":"î€‡"},{"type":"pause","duration":10},{"type":"keyUp","value":"î€‡"}]}]}
RESULT: {"actions":[{"id":"action44","type":"key","parameters":{},"actions":[{"type":"keyDown","value":"î€‡"},{"type":"pause","duration":10},{"type":"keyUp","value":"î€‡"}]}]}
COMMAND: POST /session/73a4fd280a32fd38d4d0602b1d656d13/element - {"using":"xpath","value":"//input[@id=\"application-managesites-display-component---NewSite--addressDetailDetailsYard-inner\"]"}
COMMAND: GET /session/73a4fd280a32fd38d4d0602b1d656d13/screenshot - {}
RESULT: {"using":"xpath","value":"//input[@id=\"application-managesites-display-component---NewSite--addressDetailDetailsYard-inner\"]"}
COMMAND: POST /session/73a4fd280a32fd38d4d0602b1d656d13/element/f.8A8223F9DEA97DA973980CAD3BB2ACE0.d.569C69800ED02BFCA9D9784349141785.e.13032/clear - {}
RESULT: {}
RESULT: {}
COMMAND: POST /session/73a4fd280a32fd38d4d0602b1d656d13/element/f.8A8223F9DEA97DA973980CAD3BB2ACE0.d.569C69800ED02BFCA9D9784349141785.e.13032/value - {"text":"407"}
COMMAND: GET /session/73a4fd280a32fd38d4d0602b1d656d13/screenshot - {}
RESULT: {"text":"407"}
COMMAND: GET /session/73a4fd280a32fd38d4d0602b1d656d13/screenshot - {}
RESULT: {}
RESULT: {}
COMMAND: POST /session/73a4fd280a32fd38d4d0602b1d656d13/element - {"using":"xpath","value":"//li[.//span[text()='407']]"}
RESULT: {"using":"xpath","value":"//li[.//span[text()='407']]"}
COMMAND: POST /session/73a4fd280a32fd38d4d0602b1d656d13/element/f.8A8223F9DEA97DA973980CAD3BB2ACE0.d.569C69800ED02BFCA9D9784349141785.e.13292/click - {}
RESULT: {}
COMMAND: GET /session/73a4fd280a32fd38d4d0602b1d656d13/screenshot - {}
RESULT: {}
COMMAND: POST /session/73a4fd280a32fd38d4d0602b1d656d13/element - {"using":"xpath","value":"//input[@id=\"application-managesites-display-component---NewSite--addressDetailDetailsPartner-inner\"]"}
RESULT: {"using":"xpath","value":"//input[@id=\"application-managesites-display-component---NewSite--addressDetailDetailsPartner-inner\"]"}
COMMAND: POST /session/73a4fd280a32fd38d4d0602b1d656d13/element - {"using":"xpath","value":"//input[@id=\"application-managesites-display-component---NewSite--addressDetailDetailsPartner-inner\"]"}
RESULT: {"using":"xpath","value":"//input[@id=\"application-managesites-display-component---NewSite--addressDetailDetailsPartner-inner\"]"}
COMMAND: POST /session/73a4fd280a32fd38d4d0602b1d656d13/element - {"using":"xpath","value":"//button[@data-kt=\"saveButton\"]"}
RESULT: {"using":"xpath","value":"//button[@data-kt=\"saveButton\"]"}
COMMAND: POST /session/73a4fd280a32fd38d4d0602b1d656d13/element/f.8A8223F9DEA97DA973980CAD3BB2ACE0.d.569C69800ED02BFCA9D9784349141785.e.13177/click - {}
RESULT: {}
COMMAND: GET /session/73a4fd280a32fd38d4d0602b1d656d13/screenshot - {}
RESULT: {}
COMMAND: POST /session/73a4fd280a32fd38d4d0602b1d656d13/element - {"using":"xpath","value":"//header[contains(@id, 'ObjectPageLayout-headerTitle')]/div[1]/div[2]/div[2]/span[1]"}
RESULT: {"using":"xpath","value":"//header[contains(@id, 'ObjectPageLayout-headerTitle')]/div[1]/div[2]/div[2]/span[1]"}
COMMAND: POST /session/73a4fd280a32fd38d4d0602b1d656d13/elements - {"using":"xpath","value":"//header[contains(@id, 'ObjectPageLayout-headerTitle')]/div[1]/div[2]/div[2]/span[1]"}
RESULT: {"using":"xpath","value":"//header[contains(@id, 'ObjectPageLayout-headerTitle')]/div[1]/div[2]/div[2]/span[1]"}
COMMAND: POST /session/73a4fd280a32fd38d4d0602b1d656d13/execute/sync - {"script":"<script> [56 bytes]","args":[{"element-6066-11e4-a52e-4f735466cecf":"f.8A8223F9DEA97DA973980CAD3BB2ACE0.d.569C69800ED02BFCA9D9784349141785.e.13495","ELEMENT":"f.8A8223F9DEA97DA973980CAD3BB2ACE0.d.569C69800ED02BFCA9D9784349141785.e.13495"}]}
RESULT: {"script":"<script> [56 bytes]","args":[{"element-6066-11e4-a52e-4f735466cecf":"f.8A8223F9DEA97DA973980CAD3BB2ACE0.d.569C69800ED02BFCA9D9784349141785.e.13495","ELEMENT":"f.8A8223F9DEA97DA973980CAD3BB2ACE0.d.569C69800ED02BFCA9D9784349141785.e.13495"}]}
COMMAND: POST /session/73a4fd280a32fd38d4d0602b1d656d13/element - {"using":"css selector","value":"#shell-header-logo"}
COMMAND: GET /session/73a4fd280a32fd38d4d0602b1d656d13/screenshot - {}
RESULT: {"using":"css selector","value":"#shell-header-logo"}
COMMAND: POST /session/73a4fd280a32fd38d4d0602b1d656d13/element/f.8A8223F9DEA97DA973980CAD3BB2ACE0.d.569C69800ED02BFCA9D9784349141785.e.12790/click - {}
RESULT: {}
RESULT: {}
COMMAND: GET /session/73a4fd280a32fd38d4d0602b1d656d13/screenshot - {}
RESULT: {}
COMMAND: POST /session/73a4fd280a32fd38d4d0602b1d656d13/execute/sync - {"script":"<script> [299 bytes]","args":[["getModel","getResource"]]}
RESULT: {"script":"<script> [299 bytes]","args":[["getModel","getResource"]]}
COMMAND: POST /session/73a4fd280a32fd38d4d0602b1d656d13/actions - {"actions":[{"id":"action45","type":"key","parameters":{},"actions":[{"type":"keyDown","value":"î€‡"},{"type":"pause","duration":10},{"type":"keyUp","value":"î€‡"}]}]}
COMMAND: GET /session/73a4fd280a32fd38d4d0602b1d656d13/screenshot - {}
RESULT: {"actions":[{"id":"action45","type":"key","parameters":{},"actions":[{"type":"keyDown","value":"î€‡"},{"type":"pause","duration":10},{"type":"keyUp","value":"î€‡"}]}]}
COMMAND: GET /session/73a4fd280a32fd38d4d0602b1d656d13/screenshot - {}
RESULT: {}
RESULT: {}
COMMAND: POST /session/73a4fd280a32fd38d4d0602b1d656d13/refresh - {}
RESULT: {}
COMMAND: GET /session/73a4fd280a32fd38d4d0602b1d656d13/screenshot - {}
RESULT: {}
COMMAND: POST /session/73a4fd280a32fd38d4d0602b1d656d13/refresh - {}
RESULT: {}
COMMAND: GET /session/73a4fd280a32fd38d4d0602b1d656d13/screenshot - {}
RESULT: {}
COMMAND: POST /session/73a4fd280a32fd38d4d0602b1d656d13/window/fullscreen - {}
RESULT: {}
COMMAND: POST /session/73a4fd280a32fd38d4d0602b1d656d13/execute/async - {"script":"<script> [189 bytes]","args":[]}
RESULT: {"script":"<script> [189 bytes]","args":[]}
COMMAND: POST /session/73a4fd280a32fd38d4d0602b1d656d13/execute/async - {"script":"<script> [123 bytes]","args":[]}
RESULT: {"script":"<script> [123 bytes]","args":[]}
COMMAND: POST /session/73a4fd280a32fd38d4d0602b1d656d13/timeouts - {"script":"<number>"}
RESULT: {"script":"<number>"}
COMMAND: GET /session/73a4fd280a32fd38d4d0602b1d656d13/timeouts - {}
RESULT: {}
RESULT: undefined
COMMAND: POST /session/73a4fd280a32fd38d4d0602b1d656d13/execute/async - {"script":"<script> [2676 bytes]","args":[]}
RESULT: {"script":"<script> [2676 bytes]","args":[]}
COMMAND: POST /session/73a4fd280a32fd38d4d0602b1d656d13/execute/async - {"script":"<script> [2342 bytes]","args":[{"protocol":"http","hostname":"0.0.0.0","path":"/","capabilities":{"browserName":"chrome","goog:chromeOptions":{"binary":"C:\\Program Files\\Google\\Chrome\\Application\\chrome.exe","args":["--start-maximized"]}},"logLevel":"warn","connectionRetryTimeout":120000,"connectionRetryCount":3,"logLevels":{},"enableDirectConnect":true,"strictSSL":true,"_":"65 more keys: [\"cacheDir\",\"port\",\"requestedCapabilities\",\"automationProtocol\",\"baseUrl\",\"waitforInterval\",\"waitforTimeout\",\"onReload\",\"beforeCommand\",\"afterCommand\",\"rootDir\",\"specs\",\"suites\",\"exclude\",\"groupLogsByTestSpec\",\"excludeDriverLogs\",\"bail\",\"framework\",\"reporters\",\"services\",\"maxInstances\",\"maxInstancesPerCapability\",\"injectGlobals\",\"filesToWatch\",\"execArgv\",\"runnerEnv\",\"runner\",\"shard\",\"specFileRetries\",\"specFileRetriesDelay\",\"specFileRetriesDeferred\",\"reporterSyncInterval\",\"reporterSyncTimeout\",\"cucumberFeaturesWithLineNumbers\",\"autoCompileOpts\",\"mochaOpts\",\"jasmineOpts\",\"cucumberOpts\",\"onPrepare\",\"onWorkerStart\",\"onWorkerEnd\",\"before\",\"beforeSession\",\"beforeSuite\",\"beforeHook\",\"beforeTest\",\"afterTest\",\"afterHook\",\"afterSuite\",\"afterSession\",\"after\",\"onComplete\",\"beforeAssertion\",\"afterAssertion\",\"beforeFeature\",\"beforeScenario\",\"beforeStep\",\"afterStep\",\"afterScenario\",\"afterFeature\",\"_\",\"suite\",\"$0\",\"ignoredWorkerServices\",\"wdi5\"]"}]}
RESULT: {"script":"<script> [2342 bytes]","args":[{"protocol":"http","hostname":"0.0.0.0","path":"/","capabilities":{"browserName":"chrome","goog:chromeOptions":{"binary":"C:\\Program Files\\Google\\Chrome\\Application\\chrome.exe","args":["--start-maximized"]}},"logLevel":"warn","connectionRetryTimeout":120000,"connectionRetryCount":3,"logLevels":{},"enableDirectConnect":true,"strictSSL":true,"_":"65 more keys: [\"cacheDir\",\"port\",\"requestedCapabilities\",\"automationProtocol\",\"baseUrl\",\"waitforInterval\",\"waitforTimeout\",\"onReload\",\"beforeCommand\",\"afterCommand\",\"rootDir\",\"specs\",\"suites\",\"exclude\",\"groupLogsByTestSpec\",\"excludeDriverLogs\",\"bail\",\"framework\",\"reporters\",\"services\",\"maxInstances\",\"maxInstancesPerCapability\",\"injectGlobals\",\"filesToWatch\",\"execArgv\",\"runnerEnv\",\"runner\",\"shard\",\"specFileRetries\",\"specFileRetriesDelay\",\"specFileRetriesDeferred\",\"reporterSyncInterval\",\"reporterSyncTimeout\",\"cucumberFeaturesWithLineNumbers\",\"autoCompileOpts\",\"mochaOpts\",\"jasmineOpts\",\"cucumberOpts\",\"onPrepare\",\"onWorkerStart\",\"onWorkerEnd\",\"before\",\"beforeSession\",\"beforeSuite\",\"beforeHook\",\"beforeTest\",\"afterTest\",\"afterHook\",\"afterSuite\",\"afterSession\",\"after\",\"onComplete\",\"beforeAssertion\",\"afterAssertion\",\"beforeFeature\",\"beforeScenario\",\"beforeStep\",\"afterStep\",\"afterScenario\",\"afterFeature\",\"_\",\"suite\",\"$0\",\"ignoredWorkerServices\",\"wdi5\"]"}]}
COMMAND: POST /session/73a4fd280a32fd38d4d0602b1d656d13/execute/async - {"script":"<script> [21126 bytes]","args":[35000]}
RESULT: {"script":"<script> [21126 bytes]","args":[35000]}
COMMAND: POST /session/73a4fd280a32fd38d4d0602b1d656d13/window/fullscreen - {}
RESULT: {}
]]></system-out>
    </testcase>
    <testcase classname="chrome.136_0_7103_93.windows.Provide_to_Site_w/o_warehouse_management_w/_clarification_US116605" name="Should create a new material" time="132.134">
      <system-out><![CDATA[
COMMAND: POST /session/73a4fd280a32fd38d4d0602b1d656d13/execute/async - {"script":"<script> [1562 bytes]","args":[{"selector":{"controlType":"sap.m.GenericTile","properties":{"header":"Manage Resources"}},"wdio_ui5_key":"sapm.GenericTile{\"header\":\"Manage Resources\"}"}]}
RESULT: {"script":"<script> [1562 bytes]","args":[{"selector":{"controlType":"sap.m.GenericTile","properties":{"header":"Manage Resources"}},"wdio_ui5_key":"sapm.GenericTile{\"header\":\"Manage Resources\"}"}]}
RESULT: undefined
COMMAND: POST /session/73a4fd280a32fd38d4d0602b1d656d13/element - {"using":"xpath","value":"//*[@id=\"__tile31\"]"}
RESULT: {"using":"xpath","value":"//*[@id=\"__tile31\"]"}
COMMAND: POST /session/73a4fd280a32fd38d4d0602b1d656d13/element/f.8A8223F9DEA97DA973980CAD3BB2ACE0.d.1E378B5DB9ABD0AF207BD67700EE7288.e.13564/click - {}
RESULT: {}
COMMAND: GET /session/73a4fd280a32fd38d4d0602b1d656d13/screenshot - {}
RESULT: {}
COMMAND: POST /session/73a4fd280a32fd38d4d0602b1d656d13/elements - {"using":"xpath","value":"//span[text()='Error']"}
RESULT: {"using":"xpath","value":"//span[text()='Error']"}
COMMAND: POST /session/73a4fd280a32fd38d4d0602b1d656d13/element - {"using":"xpath","value":"//button[@data-kt=\"addNewRUOverflowToolbarButton\"]"}
RESULT: {"using":"xpath","value":"//button[@data-kt=\"addNewRUOverflowToolbarButton\"]"}
COMMAND: POST /session/73a4fd280a32fd38d4d0602b1d656d13/elements - {"using":"xpath","value":"//button[@data-kt=\"addNewRUOverflowToolbarButton\"]"}
RESULT: {"using":"xpath","value":"//button[@data-kt=\"addNewRUOverflowToolbarButton\"]"}
COMMAND: POST /session/73a4fd280a32fd38d4d0602b1d656d13/elements - {"using":"xpath","value":"//button[@data-kt=\"addNewRUOverflowToolbarButton\"]"}
RESULT: {"using":"xpath","value":"//button[@data-kt=\"addNewRUOverflowToolbarButton\"]"}
COMMAND: POST /session/73a4fd280a32fd38d4d0602b1d656d13/element - {"using":"xpath","value":"//button[@data-kt=\"addNewRUOverflowToolbarButton\"]"}
RESULT: {"using":"xpath","value":"//button[@data-kt=\"addNewRUOverflowToolbarButton\"]"}
COMMAND: POST /session/73a4fd280a32fd38d4d0602b1d656d13/execute/sync - {"script":"<script> [8489 bytes]","args":[{"element-6066-11e4-a52e-4f735466cecf":"f.8A8223F9DEA97DA973980CAD3BB2ACE0.d.1E378B5DB9ABD0AF207BD67700EE7288.e.13673","ELEMENT":"f.8A8223F9DEA97DA973980CAD3BB2ACE0.d.1E378B5DB9ABD0AF207BD67700EE7288.e.13673"}]}
RESULT: {"script":"<script> [8489 bytes]","args":[{"element-6066-11e4-a52e-4f735466cecf":"f.8A8223F9DEA97DA973980CAD3BB2ACE0.d.1E378B5DB9ABD0AF207BD67700EE7288.e.13673","ELEMENT":"f.8A8223F9DEA97DA973980CAD3BB2ACE0.d.1E378B5DB9ABD0AF207BD67700EE7288.e.13673"}]}
COMMAND: GET /session/73a4fd280a32fd38d4d0602b1d656d13/element/f.8A8223F9DEA97DA973980CAD3BB2ACE0.d.1E378B5DB9ABD0AF207BD67700EE7288.e.13673/enabled - {}
COMMAND: GET /session/73a4fd280a32fd38d4d0602b1d656d13/screenshot - {}
RESULT: {}
COMMAND: POST /session/73a4fd280a32fd38d4d0602b1d656d13/execute/sync - {"script":"<script> [8489 bytes]","args":[{"element-6066-11e4-a52e-4f735466cecf":"f.8A8223F9DEA97DA973980CAD3BB2ACE0.d.1E378B5DB9ABD0AF207BD67700EE7288.e.13673","ELEMENT":"f.8A8223F9DEA97DA973980CAD3BB2ACE0.d.1E378B5DB9ABD0AF207BD67700EE7288.e.13673"}]}
COMMAND: GET /session/73a4fd280a32fd38d4d0602b1d656d13/screenshot - {}
RESULT: {}
RESULT: {"script":"<script> [8489 bytes]","args":[{"element-6066-11e4-a52e-4f735466cecf":"f.8A8223F9DEA97DA973980CAD3BB2ACE0.d.1E378B5DB9ABD0AF207BD67700EE7288.e.13673","ELEMENT":"f.8A8223F9DEA97DA973980CAD3BB2ACE0.d.1E378B5DB9ABD0AF207BD67700EE7288.e.13673"}]}
COMMAND: POST /session/73a4fd280a32fd38d4d0602b1d656d13/execute/sync - {"script":"<script> [5351 bytes]","args":[{"element-6066-11e4-a52e-4f735466cecf":"f.8A8223F9DEA97DA973980CAD3BB2ACE0.d.1E378B5DB9ABD0AF207BD67700EE7288.e.13673","ELEMENT":"f.8A8223F9DEA97DA973980CAD3BB2ACE0.d.1E378B5DB9ABD0AF207BD67700EE7288.e.13673"}]}
COMMAND: GET /session/73a4fd280a32fd38d4d0602b1d656d13/screenshot - {}
RESULT: {}
RESULT: {"script":"<script> [5351 bytes]","args":[{"element-6066-11e4-a52e-4f735466cecf":"f.8A8223F9DEA97DA973980CAD3BB2ACE0.d.1E378B5DB9ABD0AF207BD67700EE7288.e.13673","ELEMENT":"f.8A8223F9DEA97DA973980CAD3BB2ACE0.d.1E378B5DB9ABD0AF207BD67700EE7288.e.13673"}]}
COMMAND: POST /session/73a4fd280a32fd38d4d0602b1d656d13/element/f.8A8223F9DEA97DA973980CAD3BB2ACE0.d.1E378B5DB9ABD0AF207BD67700EE7288.e.13673/click - {}
COMMAND: GET /session/73a4fd280a32fd38d4d0602b1d656d13/screenshot - {}
RESULT: {}
RESULT: {}
RESULT: {}
COMMAND: GET /session/73a4fd280a32fd38d4d0602b1d656d13/screenshot - {}
RESULT: {}
COMMAND: POST /session/73a4fd280a32fd38d4d0602b1d656d13/execute/async - {"script":"<script> [1562 bytes]","args":[{"selector":{"id":"application-manageresources-display-component---newResourceUnit--TYPE-arrow"},"wdio_ui5_key":"applicationmanageresources-display-component---newResourceUnit--TYPE-arrow"}]}
RESULT: {"script":"<script> [1562 bytes]","args":[{"selector":{"id":"application-manageresources-display-component---newResourceUnit--TYPE-arrow"},"wdio_ui5_key":"applicationmanageresources-display-component---newResourceUnit--TYPE-arrow"}]}
RESULT: undefined
COMMAND: POST /session/73a4fd280a32fd38d4d0602b1d656d13/element - {"using":"xpath","value":"//*[@id=\"application-manageresources-display-component---newResourceUnit--TYPE-arrow\"]"}
RESULT: {"using":"xpath","value":"//*[@id=\"application-manageresources-display-component---newResourceUnit--TYPE-arrow\"]"}
COMMAND: POST /session/73a4fd280a32fd38d4d0602b1d656d13/element/f.8A8223F9DEA97DA973980CAD3BB2ACE0.d.1E378B5DB9ABD0AF207BD67700EE7288.e.14029/click - {}
RESULT: {}
COMMAND: POST /session/73a4fd280a32fd38d4d0602b1d656d13/element - {"using":"xpath","value":"//input[@id=\"application-manageresources-display-component---newResourceUnit--TYPE-inner\"]"}
COMMAND: GET /session/73a4fd280a32fd38d4d0602b1d656d13/screenshot - {}
RESULT: {"using":"xpath","value":"//input[@id=\"application-manageresources-display-component---newResourceUnit--TYPE-inner\"]"}
COMMAND: POST /session/73a4fd280a32fd38d4d0602b1d656d13/element/f.8A8223F9DEA97DA973980CAD3BB2ACE0.d.1E378B5DB9ABD0AF207BD67700EE7288.e.14025/clear - {}
RESULT: {}
RESULT: {}
COMMAND: POST /session/73a4fd280a32fd38d4d0602b1d656d13/element/f.8A8223F9DEA97DA973980CAD3BB2ACE0.d.1E378B5DB9ABD0AF207BD67700EE7288.e.14025/value - {"text":"Material"}
COMMAND: GET /session/73a4fd280a32fd38d4d0602b1d656d13/screenshot - {}
RESULT: {"text":"Material"}
COMMAND: GET /session/73a4fd280a32fd38d4d0602b1d656d13/screenshot - {}
RESULT: {}
RESULT: {}
COMMAND: POST /session/73a4fd280a32fd38d4d0602b1d656d13/actions - {"actions":[{"id":"action46","type":"key","parameters":{},"actions":[{"type":"keyDown","value":"î€‡"},{"type":"pause","duration":10},{"type":"keyUp","value":"î€‡"}]}]}
RESULT: {"actions":[{"id":"action46","type":"key","parameters":{},"actions":[{"type":"keyDown","value":"î€‡"},{"type":"pause","duration":10},{"type":"keyUp","value":"î€‡"}]}]}
COMMAND: POST /session/73a4fd280a32fd38d4d0602b1d656d13/execute/async - {"script":"<script> [1562 bytes]","args":[{"selector":{"id":"application-manageresources-display-component---newResourceUnit--SHORT_TEXT","interaction":{"idSuffix":"inner"}},"wdio_ui5_key":"applicationmanageresources-display-component---newResourceUnit--SHORT_TEXT"}]}
COMMAND: GET /session/73a4fd280a32fd38d4d0602b1d656d13/screenshot - {}
RESULT: {"script":"<script> [1562 bytes]","args":[{"selector":{"id":"application-manageresources-display-component---newResourceUnit--SHORT_TEXT","interaction":{"idSuffix":"inner"}},"wdio_ui5_key":"applicationmanageresources-display-component---newResourceUnit--SHORT_TEXT"}]}
RESULT: undefined
COMMAND: POST /session/73a4fd280a32fd38d4d0602b1d656d13/execute/async - {"script":"<script> [776 bytes]","args":[{"enterText":"Cement WDIO","selector":{"id":"application-manageresources-display-component---newResourceUnit--SHORT_TEXT","interaction":{"idSuffix":"inner"}},"clearTextFirst":true,"interactionType":"ENTER_TEXT"}]}
RESULT: {}
RESULT: {"script":"<script> [776 bytes]","args":[{"enterText":"Cement WDIO","selector":{"id":"application-manageresources-display-component---newResourceUnit--SHORT_TEXT","interaction":{"idSuffix":"inner"}},"clearTextFirst":true,"interactionType":"ENTER_TEXT"}]}
COMMAND: POST /session/73a4fd280a32fd38d4d0602b1d656d13/execute/async - {"script":"<script> [1562 bytes]","args":[{"selector":{"id":"application-manageresources-display-component---newResourceUnit--BASE_UNIT_OF_MEASURE","interaction":{"idSuffix":"inner"}},"wdio_ui5_key":"applicationmanageresources-display-component---newResourceUnit--BASE_UNIT_OF_MEASURE"}]}
RESULT: {"script":"<script> [1562 bytes]","args":[{"selector":{"id":"application-manageresources-display-component---newResourceUnit--BASE_UNIT_OF_MEASURE","interaction":{"idSuffix":"inner"}},"wdio_ui5_key":"applicationmanageresources-display-component---newResourceUnit--BASE_UNIT_OF_MEASURE"}]}
RESULT: undefined
COMMAND: POST /session/73a4fd280a32fd38d4d0602b1d656d13/execute/async - {"script":"<script> [776 bytes]","args":[{"enterText":"Piece","selector":{"id":"application-manageresources-display-component---newResourceUnit--BASE_UNIT_OF_MEASURE","interaction":{"idSuffix":"inner"}},"clearTextFirst":true,"interactionType":"ENTER_TEXT"}]}
RESULT: {"script":"<script> [776 bytes]","args":[{"enterText":"Piece","selector":{"id":"application-manageresources-display-component---newResourceUnit--BASE_UNIT_OF_MEASURE","interaction":{"idSuffix":"inner"}},"clearTextFirst":true,"interactionType":"ENTER_TEXT"}]}
COMMAND: POST /session/73a4fd280a32fd38d4d0602b1d656d13/execute/async - {"script":"<script> [1562 bytes]","args":[{"selector":{"id":"application-manageresources-display-component---newResourceUnit--WEIGHT_UNIT","interaction":{"idSuffix":"inner"}},"wdio_ui5_key":"applicationmanageresources-display-component---newResourceUnit--WEIGHT_UNIT"}]}
RESULT: {"script":"<script> [1562 bytes]","args":[{"selector":{"id":"application-manageresources-display-component---newResourceUnit--WEIGHT_UNIT","interaction":{"idSuffix":"inner"}},"wdio_ui5_key":"applicationmanageresources-display-component---newResourceUnit--WEIGHT_UNIT"}]}
RESULT: undefined
COMMAND: POST /session/73a4fd280a32fd38d4d0602b1d656d13/execute/async - {"script":"<script> [776 bytes]","args":[{"enterText":"Gram","selector":{"id":"application-manageresources-display-component---newResourceUnit--WEIGHT_UNIT","interaction":{"idSuffix":"inner"}},"clearTextFirst":true,"interactionType":"ENTER_TEXT"}]}
RESULT: {"script":"<script> [776 bytes]","args":[{"enterText":"Gram","selector":{"id":"application-manageresources-display-component---newResourceUnit--WEIGHT_UNIT","interaction":{"idSuffix":"inner"}},"clearTextFirst":true,"interactionType":"ENTER_TEXT"}]}
COMMAND: POST /session/73a4fd280a32fd38d4d0602b1d656d13/execute/async - {"script":"<script> [1562 bytes]","args":[{"selector":{"id":"application-manageresources-display-component---newResourceUnit--DIMENSION_UNIT","interaction":{"idSuffix":"inner"}},"wdio_ui5_key":"applicationmanageresources-display-component---newResourceUnit--DIMENSION_UNIT"}]}
RESULT: {"script":"<script> [1562 bytes]","args":[{"selector":{"id":"application-manageresources-display-component---newResourceUnit--DIMENSION_UNIT","interaction":{"idSuffix":"inner"}},"wdio_ui5_key":"applicationmanageresources-display-component---newResourceUnit--DIMENSION_UNIT"}]}
RESULT: undefined
COMMAND: POST /session/73a4fd280a32fd38d4d0602b1d656d13/execute/async - {"script":"<script> [776 bytes]","args":[{"enterText":"Meter","selector":{"id":"application-manageresources-display-component---newResourceUnit--DIMENSION_UNIT","interaction":{"idSuffix":"inner"}},"clearTextFirst":true,"interactionType":"ENTER_TEXT"}]}
RESULT: {"script":"<script> [776 bytes]","args":[{"enterText":"Meter","selector":{"id":"application-manageresources-display-component---newResourceUnit--DIMENSION_UNIT","interaction":{"idSuffix":"inner"}},"clearTextFirst":true,"interactionType":"ENTER_TEXT"}]}
COMMAND: POST /session/73a4fd280a32fd38d4d0602b1d656d13/execute/async - {"script":"<script> [1562 bytes]","args":[{"selector":{"id":"application-manageresources-display-component---newResourceUnit--newRRUPage-anchBar-application-manageresources-display-component---newResourceUnit--control-anchor","interaction":{"idSuffix":"BDI-content"}},"wdio_ui5_key":"applicationmanageresources-display-component---newResourceUnit--newRRUPage-anchBar-application-manageresources-display-component---newResourceUnit--control-anchor"}]}
RESULT: {"script":"<script> [1562 bytes]","args":[{"selector":{"id":"application-manageresources-display-component---newResourceUnit--newRRUPage-anchBar-application-manageresources-display-component---newResourceUnit--control-anchor","interaction":{"idSuffix":"BDI-content"}},"wdio_ui5_key":"applicationmanageresources-display-component---newResourceUnit--newRRUPage-anchBar-application-manageresources-display-component---newResourceUnit--control-anchor"}]}
RESULT: undefined
COMMAND: POST /session/73a4fd280a32fd38d4d0602b1d656d13/element - {"using":"xpath","value":"//*[@id=\"application-manageresources-display-component---newResourceUnit--newRRUPage-anchBar-application-manageresources-display-component---newResourceUnit--control-anchor\"]"}
RESULT: {"using":"xpath","value":"//*[@id=\"application-manageresources-display-component---newResourceUnit--newRRUPage-anchBar-application-manageresources-display-component---newResourceUnit--control-anchor\"]"}
COMMAND: POST /session/73a4fd280a32fd38d4d0602b1d656d13/element/f.8A8223F9DEA97DA973980CAD3BB2ACE0.d.1E378B5DB9ABD0AF207BD67700EE7288.e.14095/click - {}
RESULT: {}
COMMAND: POST /session/73a4fd280a32fd38d4d0602b1d656d13/execute/async - {"script":"<script> [1562 bytes]","args":[{"selector":{"id":"application-manageresources-display-component---newResourceUnit--PLANNING_GROUP","interaction":{"idSuffix":"inner"}},"wdio_ui5_key":"applicationmanageresources-display-component---newResourceUnit--PLANNING_GROUP"}]}
COMMAND: GET /session/73a4fd280a32fd38d4d0602b1d656d13/screenshot - {}
RESULT: {"script":"<script> [1562 bytes]","args":[{"selector":{"id":"application-manageresources-display-component---newResourceUnit--PLANNING_GROUP","interaction":{"idSuffix":"inner"}},"wdio_ui5_key":"applicationmanageresources-display-component---newResourceUnit--PLANNING_GROUP"}]}
RESULT: undefined
COMMAND: POST /session/73a4fd280a32fd38d4d0602b1d656d13/execute/async - {"script":"<script> [776 bytes]","args":[{"enterText":"Material","selector":{"id":"application-manageresources-display-component---newResourceUnit--PLANNING_GROUP","interaction":{"idSuffix":"inner"}},"clearTextFirst":true,"interactionType":"ENTER_TEXT"}]}
RESULT: {}
RESULT: {"script":"<script> [776 bytes]","args":[{"enterText":"Material","selector":{"id":"application-manageresources-display-component---newResourceUnit--PLANNING_GROUP","interaction":{"idSuffix":"inner"}},"clearTextFirst":true,"interactionType":"ENTER_TEXT"}]}
COMMAND: POST /session/73a4fd280a32fd38d4d0602b1d656d13/execute/async - {"script":"<script> [1562 bytes]","args":[{"selector":{"id":"application-manageresources-display-component---newResourceUnit--PLANNING_INDICATOR","interaction":{"idSuffix":"inner"}},"wdio_ui5_key":"applicationmanageresources-display-component---newResourceUnit--PLANNING_INDICATOR"}]}
RESULT: {"script":"<script> [1562 bytes]","args":[{"selector":{"id":"application-manageresources-display-component---newResourceUnit--PLANNING_INDICATOR","interaction":{"idSuffix":"inner"}},"wdio_ui5_key":"applicationmanageresources-display-component---newResourceUnit--PLANNING_INDICATOR"}]}
RESULT: undefined
COMMAND: POST /session/73a4fd280a32fd38d4d0602b1d656d13/execute/async - {"script":"<script> [776 bytes]","args":[{"enterText":"10 - infinite","selector":{"id":"application-manageresources-display-component---newResourceUnit--PLANNING_INDICATOR","interaction":{"idSuffix":"inner"}},"clearTextFirst":true,"interactionType":"ENTER_TEXT"}]}
RESULT: {"script":"<script> [776 bytes]","args":[{"enterText":"10 - infinite","selector":{"id":"application-manageresources-display-component---newResourceUnit--PLANNING_INDICATOR","interaction":{"idSuffix":"inner"}},"clearTextFirst":true,"interactionType":"ENTER_TEXT"}]}
COMMAND: POST /session/73a4fd280a32fd38d4d0602b1d656d13/element - {"using":"css selector","value":"#application-manageresources-display-component---newResourceUnit--btnAddTimeSegment"}
RESULT: {"using":"css selector","value":"#application-manageresources-display-component---newResourceUnit--btnAddTimeSegment"}
COMMAND: GET /session/73a4fd280a32fd38d4d0602b1d656d13/element/f.8A8223F9DEA97DA973980CAD3BB2ACE0.d.1E378B5DB9ABD0AF207BD67700EE7288.e.14103/rect - {}
RESULT: {}
COMMAND: GET /session/73a4fd280a32fd38d4d0602b1d656d13/window/rect - {}
RESULT: {}
COMMAND: POST /session/73a4fd280a32fd38d4d0602b1d656d13/execute/sync - {"script":"<script> [92 bytes]","args":[]}
RESULT: {"script":"<script> [92 bytes]","args":[]}
COMMAND: POST /session/73a4fd280a32fd38d4d0602b1d656d13/actions - {"actions":[{"id":"action47","type":"wheel","parameters":{},"actions":[{"type":"scroll","x":-1888,"y":-32,"deltaX":0,"deltaY":0,"duration":0,"origin":{"element-6066-11e4-a52e-4f735466cecf":"f.8A8223F9DEA97DA973980CAD3BB2ACE0.d.1E378B5DB9ABD0AF207BD67700EE7288.e.14103"}}]}]}
COMMAND: GET /session/73a4fd280a32fd38d4d0602b1d656d13/screenshot - {}
RESULT: {}
COMMAND: POST /session/73a4fd280a32fd38d4d0602b1d656d13/execute/sync - {"script":"<script> [79 bytes]","args":[{"element-6066-11e4-a52e-4f735466cecf":"f.8A8223F9DEA97DA973980CAD3BB2ACE0.d.1E378B5DB9ABD0AF207BD67700EE7288.e.14103","ELEMENT":"f.8A8223F9DEA97DA973980CAD3BB2ACE0.d.1E378B5DB9ABD0AF207BD67700EE7288.e.14103"},{"block":"start","inline":"nearest"}]}
RESULT: {"script":"<script> [79 bytes]","args":[{"element-6066-11e4-a52e-4f735466cecf":"f.8A8223F9DEA97DA973980CAD3BB2ACE0.d.1E378B5DB9ABD0AF207BD67700EE7288.e.14103","ELEMENT":"f.8A8223F9DEA97DA973980CAD3BB2ACE0.d.1E378B5DB9ABD0AF207BD67700EE7288.e.14103"},{"block":"start","inline":"nearest"}]}
COMMAND: POST /session/73a4fd280a32fd38d4d0602b1d656d13/execute/async - {"script":"<script> [1562 bytes]","args":[{"selector":{"id":"application-manageresources-display-component---newResourceUnit--btnAddTimeSegment","interaction":{"idSuffix":"inner"}},"wdio_ui5_key":"applicationmanageresources-display-component---newResourceUnit--btnAddTimeSegment"}]}
COMMAND: GET /session/73a4fd280a32fd38d4d0602b1d656d13/screenshot - {}
RESULT: {"script":"<script> [1562 bytes]","args":[{"selector":{"id":"application-manageresources-display-component---newResourceUnit--btnAddTimeSegment","interaction":{"idSuffix":"inner"}},"wdio_ui5_key":"applicationmanageresources-display-component---newResourceUnit--btnAddTimeSegment"}]}
RESULT: undefined
COMMAND: POST /session/73a4fd280a32fd38d4d0602b1d656d13/element - {"using":"xpath","value":"//*[@id=\"application-manageresources-display-component---newResourceUnit--btnAddTimeSegment\"]"}
RESULT: {}
RESULT: {"using":"xpath","value":"//*[@id=\"application-manageresources-display-component---newResourceUnit--btnAddTimeSegment\"]"}
COMMAND: POST /session/73a4fd280a32fd38d4d0602b1d656d13/element/f.8A8223F9DEA97DA973980CAD3BB2ACE0.d.1E378B5DB9ABD0AF207BD67700EE7288.e.14103/click - {}
RESULT: {}
COMMAND: GET /session/73a4fd280a32fd38d4d0602b1d656d13/screenshot - {}
RESULT: {}
COMMAND: POST /session/73a4fd280a32fd38d4d0602b1d656d13/element - {"using":"xpath","value":"//input[@id=\"application-manageresources-display-component---newResourceUnit--idRuTSAdmin-application-manageresources-display-component---newResourceUnit--RUTimeSegment-0-inner\"]"}
RESULT: {"using":"xpath","value":"//input[@id=\"application-manageresources-display-component---newResourceUnit--idRuTSAdmin-application-manageresources-display-component---newResourceUnit--RUTimeSegment-0-inner\"]"}
COMMAND: POST /session/73a4fd280a32fd38d4d0602b1d656d13/element/f.8A8223F9DEA97DA973980CAD3BB2ACE0.d.1E378B5DB9ABD0AF207BD67700EE7288.e.14108/clear - {}
RESULT: {}
COMMAND: POST /session/73a4fd280a32fd38d4d0602b1d656d13/element/f.8A8223F9DEA97DA973980CAD3BB2ACE0.d.1E378B5DB9ABD0AF207BD67700EE7288.e.14108/value - {"text":"407"}
COMMAND: GET /session/73a4fd280a32fd38d4d0602b1d656d13/screenshot - {}
RESULT: {"text":"407"}
COMMAND: GET /session/73a4fd280a32fd38d4d0602b1d656d13/screenshot - {}
RESULT: {}
RESULT: {}
COMMAND: POST /session/73a4fd280a32fd38d4d0602b1d656d13/element - {"using":"xpath","value":"//li[.//span[text()='407']]"}
RESULT: {"using":"xpath","value":"//li[.//span[text()='407']]"}
COMMAND: POST /session/73a4fd280a32fd38d4d0602b1d656d13/element/f.8A8223F9DEA97DA973980CAD3BB2ACE0.d.1E378B5DB9ABD0AF207BD67700EE7288.e.14118/click - {}
RESULT: {}
COMMAND: GET /session/73a4fd280a32fd38d4d0602b1d656d13/screenshot - {}
RESULT: {}
COMMAND: POST /session/73a4fd280a32fd38d4d0602b1d656d13/element - {"using":"xpath","value":"(//span[contains(@id, \"-application-manageresources-display-component---newResourceUnit--RUTimeSegment-0-arrow\")])[2]"}
RESULT: {"using":"xpath","value":"(//span[contains(@id, \"-application-manageresources-display-component---newResourceUnit--RUTimeSegment-0-arrow\")])[2]"}
COMMAND: POST /session/73a4fd280a32fd38d4d0602b1d656d13/element/f.8A8223F9DEA97DA973980CAD3BB2ACE0.d.1E378B5DB9ABD0AF207BD67700EE7288.e.14119/click - {}
RESULT: {}
COMMAND: POST /session/73a4fd280a32fd38d4d0602b1d656d13/element - {"using":"xpath","value":"//span[contains(text(), \"PM Order\")]"}
COMMAND: GET /session/73a4fd280a32fd38d4d0602b1d656d13/screenshot - {}
RESULT: {"using":"xpath","value":"//span[contains(text(), \"PM Order\")]"}
COMMAND: POST /session/73a4fd280a32fd38d4d0602b1d656d13/element/f.8A8223F9DEA97DA973980CAD3BB2ACE0.d.1E378B5DB9ABD0AF207BD67700EE7288.e.14120/click - {}
RESULT: {}
RESULT: {}
COMMAND: GET /session/73a4fd280a32fd38d4d0602b1d656d13/screenshot - {}
RESULT: {}
COMMAND: POST /session/73a4fd280a32fd38d4d0602b1d656d13/element - {"using":"xpath","value":"//td/div/div/div/span[contains(@id, \"newResourceUnit--RUTimeSegment-0-vhi\")][1]"}
RESULT: {"using":"xpath","value":"//td/div/div/div/span[contains(@id, \"newResourceUnit--RUTimeSegment-0-vhi\")][1]"}
COMMAND: GET /session/73a4fd280a32fd38d4d0602b1d656d13/element/f.8A8223F9DEA97DA973980CAD3BB2ACE0.d.1E378B5DB9ABD0AF207BD67700EE7288.e.14124/rect - {}
RESULT: {}
COMMAND: GET /session/73a4fd280a32fd38d4d0602b1d656d13/window/rect - {}
RESULT: {}
COMMAND: POST /session/73a4fd280a32fd38d4d0602b1d656d13/execute/sync - {"script":"<script> [92 bytes]","args":[]}
RESULT: {"script":"<script> [92 bytes]","args":[]}
COMMAND: POST /session/73a4fd280a32fd38d4d0602b1d656d13/actions - {"actions":[{"id":"action48","type":"wheel","parameters":{},"actions":[{"type":"scroll","x":-1888,"y":-24,"deltaX":0,"deltaY":0,"duration":0,"origin":{"element-6066-11e4-a52e-4f735466cecf":"f.8A8223F9DEA97DA973980CAD3BB2ACE0.d.1E378B5DB9ABD0AF207BD67700EE7288.e.14124"}}]}]}
COMMAND: GET /session/73a4fd280a32fd38d4d0602b1d656d13/screenshot - {}
RESULT: {}
COMMAND: POST /session/73a4fd280a32fd38d4d0602b1d656d13/execute/sync - {"script":"<script> [79 bytes]","args":[{"element-6066-11e4-a52e-4f735466cecf":"f.8A8223F9DEA97DA973980CAD3BB2ACE0.d.1E378B5DB9ABD0AF207BD67700EE7288.e.14124","ELEMENT":"f.8A8223F9DEA97DA973980CAD3BB2ACE0.d.1E378B5DB9ABD0AF207BD67700EE7288.e.14124"},{"block":"start","inline":"nearest"}]}
RESULT: {"script":"<script> [79 bytes]","args":[{"element-6066-11e4-a52e-4f735466cecf":"f.8A8223F9DEA97DA973980CAD3BB2ACE0.d.1E378B5DB9ABD0AF207BD67700EE7288.e.14124","ELEMENT":"f.8A8223F9DEA97DA973980CAD3BB2ACE0.d.1E378B5DB9ABD0AF207BD67700EE7288.e.14124"},{"block":"start","inline":"nearest"}]}
COMMAND: GET /session/73a4fd280a32fd38d4d0602b1d656d13/screenshot - {}
RESULT: {}
COMMAND: POST /session/73a4fd280a32fd38d4d0602b1d656d13/element/f.8A8223F9DEA97DA973980CAD3BB2ACE0.d.1E378B5DB9ABD0AF207BD67700EE7288.e.14124/click - {}
RESULT: {}
COMMAND: GET /session/73a4fd280a32fd38d4d0602b1d656d13/screenshot - {}
RESULT: {}
COMMAND: POST /session/73a4fd280a32fd38d4d0602b1d656d13/execute/async - {"script":"<script> [1562 bytes]","args":[{"selector":{"controlType":"sap.m.SearchField","properties":{"placeholder":"Search"},"searchOpenDialogs":true,"interaction":{"idSuffix":"I"}},"wdio_ui5_key":"sapm.SearchField{\"placeholder\":\"Search\"}"}]}
RESULT: {"script":"<script> [1562 bytes]","args":[{"selector":{"controlType":"sap.m.SearchField","properties":{"placeholder":"Search"},"searchOpenDialogs":true,"interaction":{"idSuffix":"I"}},"wdio_ui5_key":"sapm.SearchField{\"placeholder\":\"Search\"}"}]}
RESULT: undefined
COMMAND: POST /session/73a4fd280a32fd38d4d0602b1d656d13/execute/async - {"script":"<script> [776 bytes]","args":[{"enterText":"4000360","selector":{"controlType":"sap.m.SearchField","properties":{"placeholder":"Search"},"searchOpenDialogs":true,"interaction":{"idSuffix":"I"}},"clearTextFirst":true,"interactionType":"ENTER_TEXT"}]}
RESULT: {"script":"<script> [776 bytes]","args":[{"enterText":"4000360","selector":{"controlType":"sap.m.SearchField","properties":{"placeholder":"Search"},"searchOpenDialogs":true,"interaction":{"idSuffix":"I"}},"clearTextFirst":true,"interactionType":"ENTER_TEXT"}]}
COMMAND: POST /session/73a4fd280a32fd38d4d0602b1d656d13/actions - {"actions":[{"id":"action49","type":"key","parameters":{},"actions":[{"type":"keyDown","value":"î€‡"},{"type":"pause","duration":10},{"type":"keyUp","value":"î€‡"}]}]}
RESULT: {"actions":[{"id":"action49","type":"key","parameters":{},"actions":[{"type":"keyDown","value":"î€‡"},{"type":"pause","duration":10},{"type":"keyUp","value":"î€‡"}]}]}
COMMAND: GET /session/73a4fd280a32fd38d4d0602b1d656d13/screenshot - {}
RESULT: {}
COMMAND: POST /session/73a4fd280a32fd38d4d0602b1d656d13/element - {"using":"xpath","value":"//td/div/span[contains(text(), \"BGL Vehicles\")]"}
RESULT: {"using":"xpath","value":"//td/div/span[contains(text(), \"BGL Vehicles\")]"}
COMMAND: POST /session/73a4fd280a32fd38d4d0602b1d656d13/element/f.8A8223F9DEA97DA973980CAD3BB2ACE0.d.1E378B5DB9ABD0AF207BD67700EE7288.e.14145/click - {}
RESULT: {}
COMMAND: GET /session/73a4fd280a32fd38d4d0602b1d656d13/screenshot - {}
RESULT: {}
COMMAND: POST /session/73a4fd280a32fd38d4d0602b1d656d13/element - {"using":"xpath","value":"//bdi[contains(text(), \"OK\")]"}
RESULT: {"using":"xpath","value":"//bdi[contains(text(), \"OK\")]"}
COMMAND: POST /session/73a4fd280a32fd38d4d0602b1d656d13/element/f.8A8223F9DEA97DA973980CAD3BB2ACE0.d.1E378B5DB9ABD0AF207BD67700EE7288.e.14146/click - {}
RESULT: {}
COMMAND: GET /session/73a4fd280a32fd38d4d0602b1d656d13/screenshot - {}
RESULT: {}
COMMAND: POST /session/73a4fd280a32fd38d4d0602b1d656d13/element - {"using":"xpath","value":"//label[contains(@class, 'sapMLabelRequired') and .//bdi[contains(text(), 'Planned Retirement')]]"}
RESULT: {"using":"xpath","value":"//label[contains(@class, 'sapMLabelRequired') and .//bdi[contains(text(), 'Planned Retirement')]]"}
COMMAND: POST /session/73a4fd280a32fd38d4d0602b1d656d13/elements - {"using":"xpath","value":"//label[contains(@class, 'sapMLabelRequired') and .//bdi[contains(text(), 'Planned Retirement')]]"}
RESULT: {"using":"xpath","value":"//label[contains(@class, 'sapMLabelRequired') and .//bdi[contains(text(), 'Planned Retirement')]]"}
COMMAND: POST /session/73a4fd280a32fd38d4d0602b1d656d13/element - {"using":"xpath","value":"//button[@data-kt=\"resourceUnitSaveButton\"]"}
RESULT: {"using":"xpath","value":"//button[@data-kt=\"resourceUnitSaveButton\"]"}
COMMAND: POST /session/73a4fd280a32fd38d4d0602b1d656d13/element/f.8A8223F9DEA97DA973980CAD3BB2ACE0.d.1E378B5DB9ABD0AF207BD67700EE7288.e.14047/click - {}
RESULT: {}
COMMAND: GET /session/73a4fd280a32fd38d4d0602b1d656d13/screenshot - {}
RESULT: {}
COMMAND: POST /session/73a4fd280a32fd38d4d0602b1d656d13/element - {"using":"xpath","value":"//bdi[contains(text(), \"Close\")]"}
RESULT: {"using":"xpath","value":"//bdi[contains(text(), \"Close\")]"}
COMMAND: POST /session/73a4fd280a32fd38d4d0602b1d656d13/element/f.8A8223F9DEA97DA973980CAD3BB2ACE0.d.1E378B5DB9ABD0AF207BD67700EE7288.e.14153/click - {}
RESULT: {}
COMMAND: GET /session/73a4fd280a32fd38d4d0602b1d656d13/screenshot - {}
RESULT: {}
COMMAND: POST /session/73a4fd280a32fd38d4d0602b1d656d13/element - {"using":"xpath","value":"//header[contains(@id, 'detailRruPage-headerTitle')]/div[1]/div[2]/div[2]/span[1]"}
RESULT: {"using":"xpath","value":"//header[contains(@id, 'detailRruPage-headerTitle')]/div[1]/div[2]/div[2]/span[1]"}
COMMAND: POST /session/73a4fd280a32fd38d4d0602b1d656d13/elements - {"using":"xpath","value":"//header[contains(@id, 'detailRruPage-headerTitle')]/div[1]/div[2]/div[2]/span[1]"}
RESULT: {"using":"xpath","value":"//header[contains(@id, 'detailRruPage-headerTitle')]/div[1]/div[2]/div[2]/span[1]"}
COMMAND: POST /session/73a4fd280a32fd38d4d0602b1d656d13/execute/sync - {"script":"<script> [56 bytes]","args":[{"element-6066-11e4-a52e-4f735466cecf":"f.8A8223F9DEA97DA973980CAD3BB2ACE0.d.1E378B5DB9ABD0AF207BD67700EE7288.e.14181","ELEMENT":"f.8A8223F9DEA97DA973980CAD3BB2ACE0.d.1E378B5DB9ABD0AF207BD67700EE7288.e.14181"}]}
RESULT: {"script":"<script> [56 bytes]","args":[{"element-6066-11e4-a52e-4f735466cecf":"f.8A8223F9DEA97DA973980CAD3BB2ACE0.d.1E378B5DB9ABD0AF207BD67700EE7288.e.14181","ELEMENT":"f.8A8223F9DEA97DA973980CAD3BB2ACE0.d.1E378B5DB9ABD0AF207BD67700EE7288.e.14181"}]}
COMMAND: POST /session/73a4fd280a32fd38d4d0602b1d656d13/element - {"using":"css selector","value":"#shell-header-logo"}
COMMAND: GET /session/73a4fd280a32fd38d4d0602b1d656d13/screenshot - {}
RESULT: {"using":"css selector","value":"#shell-header-logo"}
COMMAND: POST /session/73a4fd280a32fd38d4d0602b1d656d13/element/f.8A8223F9DEA97DA973980CAD3BB2ACE0.d.1E378B5DB9ABD0AF207BD67700EE7288.e.13642/click - {}
RESULT: {}
RESULT: {}
COMMAND: GET /session/73a4fd280a32fd38d4d0602b1d656d13/screenshot - {}
RESULT: {}
]]></system-out>
    </testcase>
  </testsuite>
  <testsuite timestamp="2025-05-15T17:04:05" time="362.392" tests="6" failures="2" errors="2" skipped="0">
    <properties>
      <property name="specId" value="0" />
      <property name="suiteName" value="Provide to Site w/o warehouse management w clarification" />
      <property name="capabilities" value="chrome.136_0_7103_93.windows" />
      <property name="file" value="file:///D:/a/1/s/test/specs/HTR/provide-to-site-wo-warehouse-w-clarification.spec.js" />
    </properties>
    <testcase classname="chrome.136_0_7103_93.windows.Provide_to_Site_w/o_warehouse_management_w_clarification" name="Should do a stock increase handover" time="101.292">
      <system-out><![CDATA[
COMMAND: POST /session/73a4fd280a32fd38d4d0602b1d656d13/execute/async - {"script":"<script> [1562 bytes]","args":[{"selector":{"controlType":"sap.m.GenericTile","properties":{"header":"Manage Handovers"}},"wdio_ui5_key":"sapm.GenericTile{\"header\":\"Manage Handovers\"}"}]}
RESULT: {"script":"<script> [1562 bytes]","args":[{"selector":{"controlType":"sap.m.GenericTile","properties":{"header":"Manage Handovers"}},"wdio_ui5_key":"sapm.GenericTile{\"header\":\"Manage Handovers\"}"}]}
RESULT: undefined
COMMAND: POST /session/73a4fd280a32fd38d4d0602b1d656d13/element - {"using":"xpath","value":"//*[@id=\"__tile133\"]"}
RESULT: {"using":"xpath","value":"//*[@id=\"__tile133\"]"}
COMMAND: POST /session/73a4fd280a32fd38d4d0602b1d656d13/element/f.8A8223F9DEA97DA973980CAD3BB2ACE0.d.1E378B5DB9ABD0AF207BD67700EE7288.e.13591/click - {}
RESULT: {}
COMMAND: GET /session/73a4fd280a32fd38d4d0602b1d656d13/screenshot - {}
RESULT: {}
COMMAND: POST /session/73a4fd280a32fd38d4d0602b1d656d13/elements - {"using":"xpath","value":"//span[text()='Error']"}
RESULT: {"using":"xpath","value":"//span[text()='Error']"}
COMMAND: POST /session/73a4fd280a32fd38d4d0602b1d656d13/element - {"using":"xpath","value":"//button[@data-kt=\"masterHOAddButton\"]"}
RESULT: {"using":"xpath","value":"//button[@data-kt=\"masterHOAddButton\"]"}
COMMAND: POST /session/73a4fd280a32fd38d4d0602b1d656d13/elements - {"using":"xpath","value":"//button[@data-kt=\"masterHOAddButton\"]"}
RESULT: {"using":"xpath","value":"//button[@data-kt=\"masterHOAddButton\"]"}
COMMAND: POST /session/73a4fd280a32fd38d4d0602b1d656d13/elements - {"using":"xpath","value":"//button[@data-kt=\"masterHOAddButton\"]"}
RESULT: {"using":"xpath","value":"//button[@data-kt=\"masterHOAddButton\"]"}
COMMAND: POST /session/73a4fd280a32fd38d4d0602b1d656d13/element - {"using":"xpath","value":"//button[@data-kt=\"masterHOAddButton\"]"}
RESULT: {"using":"xpath","value":"//button[@data-kt=\"masterHOAddButton\"]"}
COMMAND: POST /session/73a4fd280a32fd38d4d0602b1d656d13/execute/sync - {"script":"<script> [8489 bytes]","args":[{"element-6066-11e4-a52e-4f735466cecf":"f.8A8223F9DEA97DA973980CAD3BB2ACE0.d.1E378B5DB9ABD0AF207BD67700EE7288.e.14223","ELEMENT":"f.8A8223F9DEA97DA973980CAD3BB2ACE0.d.1E378B5DB9ABD0AF207BD67700EE7288.e.14223"}]}
RESULT: {"script":"<script> [8489 bytes]","args":[{"element-6066-11e4-a52e-4f735466cecf":"f.8A8223F9DEA97DA973980CAD3BB2ACE0.d.1E378B5DB9ABD0AF207BD67700EE7288.e.14223","ELEMENT":"f.8A8223F9DEA97DA973980CAD3BB2ACE0.d.1E378B5DB9ABD0AF207BD67700EE7288.e.14223"}]}
COMMAND: GET /session/73a4fd280a32fd38d4d0602b1d656d13/element/f.8A8223F9DEA97DA973980CAD3BB2ACE0.d.1E378B5DB9ABD0AF207BD67700EE7288.e.14223/enabled - {}
COMMAND: GET /session/73a4fd280a32fd38d4d0602b1d656d13/screenshot - {}
RESULT: {}
COMMAND: POST /session/73a4fd280a32fd38d4d0602b1d656d13/execute/sync - {"script":"<script> [8489 bytes]","args":[{"element-6066-11e4-a52e-4f735466cecf":"f.8A8223F9DEA97DA973980CAD3BB2ACE0.d.1E378B5DB9ABD0AF207BD67700EE7288.e.14223","ELEMENT":"f.8A8223F9DEA97DA973980CAD3BB2ACE0.d.1E378B5DB9ABD0AF207BD67700EE7288.e.14223"}]}
COMMAND: GET /session/73a4fd280a32fd38d4d0602b1d656d13/screenshot - {}
RESULT: {}
RESULT: {"script":"<script> [8489 bytes]","args":[{"element-6066-11e4-a52e-4f735466cecf":"f.8A8223F9DEA97DA973980CAD3BB2ACE0.d.1E378B5DB9ABD0AF207BD67700EE7288.e.14223","ELEMENT":"f.8A8223F9DEA97DA973980CAD3BB2ACE0.d.1E378B5DB9ABD0AF207BD67700EE7288.e.14223"}]}
COMMAND: POST /session/73a4fd280a32fd38d4d0602b1d656d13/execute/sync - {"script":"<script> [5351 bytes]","args":[{"element-6066-11e4-a52e-4f735466cecf":"f.8A8223F9DEA97DA973980CAD3BB2ACE0.d.1E378B5DB9ABD0AF207BD67700EE7288.e.14223","ELEMENT":"f.8A8223F9DEA97DA973980CAD3BB2ACE0.d.1E378B5DB9ABD0AF207BD67700EE7288.e.14223"}]}
COMMAND: GET /session/73a4fd280a32fd38d4d0602b1d656d13/screenshot - {}
RESULT: {}
RESULT: {"script":"<script> [5351 bytes]","args":[{"element-6066-11e4-a52e-4f735466cecf":"f.8A8223F9DEA97DA973980CAD3BB2ACE0.d.1E378B5DB9ABD0AF207BD67700EE7288.e.14223","ELEMENT":"f.8A8223F9DEA97DA973980CAD3BB2ACE0.d.1E378B5DB9ABD0AF207BD67700EE7288.e.14223"}]}
COMMAND: POST /session/73a4fd280a32fd38d4d0602b1d656d13/element/f.8A8223F9DEA97DA973980CAD3BB2ACE0.d.1E378B5DB9ABD0AF207BD67700EE7288.e.14223/click - {}
COMMAND: GET /session/73a4fd280a32fd38d4d0602b1d656d13/screenshot - {}
RESULT: {}
RESULT: {}
COMMAND: GET /session/73a4fd280a32fd38d4d0602b1d656d13/screenshot - {}
RESULT: {}
COMMAND: POST /session/73a4fd280a32fd38d4d0602b1d656d13/element - {"using":"xpath","value":"//span[contains(@id ,\"AddNewHO--typeSelect-arrow\")]"}
RESULT: {}
RESULT: {"using":"xpath","value":"//span[contains(@id ,\"AddNewHO--typeSelect-arrow\")]"}
COMMAND: POST /session/73a4fd280a32fd38d4d0602b1d656d13/element/f.8A8223F9DEA97DA973980CAD3BB2ACE0.d.1E378B5DB9ABD0AF207BD67700EE7288.e.14574/click - {}
RESULT: {}
COMMAND: GET /session/73a4fd280a32fd38d4d0602b1d656d13/screenshot - {}
RESULT: {}
COMMAND: POST /session/73a4fd280a32fd38d4d0602b1d656d13/element - {"using":"xpath","value":"(//li[contains(text(), \"stock increase yard\")])[1]"}
RESULT: {"using":"xpath","value":"(//li[contains(text(), \"stock increase yard\")])[1]"}
COMMAND: POST /session/73a4fd280a32fd38d4d0602b1d656d13/element/f.8A8223F9DEA97DA973980CAD3BB2ACE0.d.1E378B5DB9ABD0AF207BD67700EE7288.e.14575/click - {}
RESULT: {}
COMMAND: GET /session/73a4fd280a32fd38d4d0602b1d656d13/screenshot - {}
RESULT: {}
COMMAND: POST /session/73a4fd280a32fd38d4d0602b1d656d13/execute/async - {"script":"<script> [1562 bytes]","args":[{"selector":{"id":"application-managehandovers-display-component---AddNewHO--dueDate","interaction":{"idSuffix":"inner"}},"wdio_ui5_key":"applicationmanagehandovers-display-component---AddNewHO--dueDate"}]}
RESULT: {"script":"<script> [1562 bytes]","args":[{"selector":{"id":"application-managehandovers-display-component---AddNewHO--dueDate","interaction":{"idSuffix":"inner"}},"wdio_ui5_key":"applicationmanagehandovers-display-component---AddNewHO--dueDate"}]}
RESULT: undefined
COMMAND: POST /session/73a4fd280a32fd38d4d0602b1d656d13/execute/async - {"script":"<script> [6424 bytes]","args":[{"element-6066-11e4-a52e-4f735466cecf":"f.8A8223F9DEA97DA973980CAD3BB2ACE0.d.1E378B5DB9ABD0AF207BD67700EE7288.e.14577"},"setValue",["5/15/25"]]}
RESULT: {"script":"<script> [6424 bytes]","args":[{"element-6066-11e4-a52e-4f735466cecf":"f.8A8223F9DEA97DA973980CAD3BB2ACE0.d.1E378B5DB9ABD0AF207BD67700EE7288.e.14577"},"setValue",["5/15/25"]]}
COMMAND: POST /session/73a4fd280a32fd38d4d0602b1d656d13/element - {"using":"xpath","value":"//input[@id=\"generalSectionFrg--receiveYard-inner\"]"}
RESULT: {"using":"xpath","value":"//input[@id=\"generalSectionFrg--receiveYard-inner\"]"}
COMMAND: POST /session/73a4fd280a32fd38d4d0602b1d656d13/element/f.8A8223F9DEA97DA973980CAD3BB2ACE0.d.1E378B5DB9ABD0AF207BD67700EE7288.e.14581/clear - {}
RESULT: {}
COMMAND: POST /session/73a4fd280a32fd38d4d0602b1d656d13/element/f.8A8223F9DEA97DA973980CAD3BB2ACE0.d.1E378B5DB9ABD0AF207BD67700EE7288.e.14581/value - {"text":"407"}
COMMAND: GET /session/73a4fd280a32fd38d4d0602b1d656d13/screenshot - {}
RESULT: {"text":"407"}
COMMAND: GET /session/73a4fd280a32fd38d4d0602b1d656d13/screenshot - {}
RESULT: {}
RESULT: {}
COMMAND: POST /session/73a4fd280a32fd38d4d0602b1d656d13/element - {"using":"xpath","value":"//li[.//span[text()='407']]"}
RESULT: {"using":"xpath","value":"//li[.//span[text()='407']]"}
COMMAND: POST /session/73a4fd280a32fd38d4d0602b1d656d13/element/f.8A8223F9DEA97DA973980CAD3BB2ACE0.d.1E378B5DB9ABD0AF207BD67700EE7288.e.14599/click - {}
RESULT: {}
COMMAND: GET /session/73a4fd280a32fd38d4d0602b1d656d13/screenshot - {}
RESULT: {}
COMMAND: POST /session/73a4fd280a32fd38d4d0602b1d656d13/execute/async - {"script":"<script> [1562 bytes]","args":[{"selector":{"id":"application-managehandovers-display-component---AddNewHO--ObjectPageLayout-anchBar-application-managehandovers-display-component---AddNewHO--section4-anchor","interaction":{"idSuffix":"BDI-content"}},"wdio_ui5_key":"applicationmanagehandovers-display-component---AddNewHO--ObjectPageLayout-anchBar-application-managehandovers-display-component---AddNewHO--section4-anchor"}]}
RESULT: {"script":"<script> [1562 bytes]","args":[{"selector":{"id":"application-managehandovers-display-component---AddNewHO--ObjectPageLayout-anchBar-application-managehandovers-display-component---AddNewHO--section4-anchor","interaction":{"idSuffix":"BDI-content"}},"wdio_ui5_key":"applicationmanagehandovers-display-component---AddNewHO--ObjectPageLayout-anchBar-application-managehandovers-display-component---AddNewHO--section4-anchor"}]}
RESULT: undefined
COMMAND: POST /session/73a4fd280a32fd38d4d0602b1d656d13/element - {"using":"xpath","value":"//*[@id=\"application-managehandovers-display-component---AddNewHO--ObjectPageLayout-anchBar-application-managehandovers-display-component---AddNewHO--section4-anchor\"]"}
RESULT: {"using":"xpath","value":"//*[@id=\"application-managehandovers-display-component---AddNewHO--ObjectPageLayout-anchBar-application-managehandovers-display-component---AddNewHO--section4-anchor\"]"}
COMMAND: POST /session/73a4fd280a32fd38d4d0602b1d656d13/element/f.8A8223F9DEA97DA973980CAD3BB2ACE0.d.1E378B5DB9ABD0AF207BD67700EE7288.e.14601/click - {}
RESULT: {}
COMMAND: POST /session/73a4fd280a32fd38d4d0602b1d656d13/element - {"using":"xpath","value":"//button[@aria-label=\"Add\"]"}
COMMAND: GET /session/73a4fd280a32fd38d4d0602b1d656d13/screenshot - {}
RESULT: {"using":"xpath","value":"//button[@aria-label=\"Add\"]"}
COMMAND: POST /session/73a4fd280a32fd38d4d0602b1d656d13/element/f.8A8223F9DEA97DA973980CAD3BB2ACE0.d.1E378B5DB9ABD0AF207BD67700EE7288.e.14603/click - {}
RESULT: {}
RESULT: {}
COMMAND: GET /session/73a4fd280a32fd38d4d0602b1d656d13/screenshot - {}
RESULT: {}
COMMAND: POST /session/73a4fd280a32fd38d4d0602b1d656d13/execute/async - {"script":"<script> [1562 bytes]","args":[{"selector":{"id":"application-managehandovers-display-component---AddNewHO--smartFilterBar-btnBasicSearch","searchOpenDialogs":true,"interaction":{"idSuffix":"I"}},"wdio_ui5_key":"applicationmanagehandovers-display-component---AddNewHO--smartFilterBar-btnBasicSearch"}]}
RESULT: {"script":"<script> [1562 bytes]","args":[{"selector":{"id":"application-managehandovers-display-component---AddNewHO--smartFilterBar-btnBasicSearch","searchOpenDialogs":true,"interaction":{"idSuffix":"I"}},"wdio_ui5_key":"applicationmanagehandovers-display-component---AddNewHO--smartFilterBar-btnBasicSearch"}]}
RESULT: undefined
COMMAND: POST /session/73a4fd280a32fd38d4d0602b1d656d13/execute/async - {"script":"<script> [776 bytes]","args":[{"enterText":"200193","selector":{"id":"application-managehandovers-display-component---AddNewHO--smartFilterBar-btnBasicSearch","searchOpenDialogs":true,"interaction":{"idSuffix":"I"}},"clearTextFirst":true,"interactionType":"ENTER_TEXT"}]}
RESULT: {"script":"<script> [776 bytes]","args":[{"enterText":"200193","selector":{"id":"application-managehandovers-display-component---AddNewHO--smartFilterBar-btnBasicSearch","searchOpenDialogs":true,"interaction":{"idSuffix":"I"}},"clearTextFirst":true,"interactionType":"ENTER_TEXT"}]}
COMMAND: POST /session/73a4fd280a32fd38d4d0602b1d656d13/actions - {"actions":[{"id":"action50","type":"key","parameters":{},"actions":[{"type":"keyDown","value":"î€‡"},{"type":"pause","duration":10},{"type":"keyUp","value":"î€‡"}]}]}
RESULT: {"actions":[{"id":"action50","type":"key","parameters":{},"actions":[{"type":"keyDown","value":"î€‡"},{"type":"pause","duration":10},{"type":"keyUp","value":"î€‡"}]}]}
COMMAND: GET /session/73a4fd280a32fd38d4d0602b1d656d13/screenshot - {}
RESULT: {}
COMMAND: POST /session/73a4fd280a32fd38d4d0602b1d656d13/execute/async - {"script":"<script> [1562 bytes]","args":[{"selector":{"id":"application-managehandovers-display-component---AddNewHO--popup-sa","searchOpenDialogs":true,"interaction":{"idSuffix":"CbBg"}},"wdio_ui5_key":"applicationmanagehandovers-display-component---AddNewHO--popup-sa"}]}
RESULT: {"script":"<script> [1562 bytes]","args":[{"selector":{"id":"application-managehandovers-display-component---AddNewHO--popup-sa","searchOpenDialogs":true,"interaction":{"idSuffix":"CbBg"}},"wdio_ui5_key":"applicationmanagehandovers-display-component---AddNewHO--popup-sa"}]}
RESULT: undefined
COMMAND: POST /session/73a4fd280a32fd38d4d0602b1d656d13/element - {"using":"xpath","value":"//*[@id=\"application-managehandovers-display-component---AddNewHO--popup-sa\"]"}
RESULT: {"using":"xpath","value":"//*[@id=\"application-managehandovers-display-component---AddNewHO--popup-sa\"]"}
COMMAND: POST /session/73a4fd280a32fd38d4d0602b1d656d13/element/f.8A8223F9DEA97DA973980CAD3BB2ACE0.d.1E378B5DB9ABD0AF207BD67700EE7288.e.14757/click - {}
RESULT: {}
COMMAND: GET /session/73a4fd280a32fd38d4d0602b1d656d13/screenshot - {}
RESULT: {}
COMMAND: POST /session/73a4fd280a32fd38d4d0602b1d656d13/element - {"using":"xpath","value":"//bdi[contains(text(), \"Select\")]"}
RESULT: {"using":"xpath","value":"//bdi[contains(text(), \"Select\")]"}
COMMAND: POST /session/73a4fd280a32fd38d4d0602b1d656d13/element/f.8A8223F9DEA97DA973980CAD3BB2ACE0.d.1E378B5DB9ABD0AF207BD67700EE7288.e.14758/click - {}
RESULT: {}
COMMAND: GET /session/73a4fd280a32fd38d4d0602b1d656d13/screenshot - {}
RESULT: {}
COMMAND: POST /session/73a4fd280a32fd38d4d0602b1d656d13/element - {"using":"xpath","value":"//button[@data-kt=\"AddNewHOSaveButton\"]"}
RESULT: {"using":"xpath","value":"//button[@data-kt=\"AddNewHOSaveButton\"]"}
COMMAND: POST /session/73a4fd280a32fd38d4d0602b1d656d13/element/f.8A8223F9DEA97DA973980CAD3BB2ACE0.d.1E378B5DB9ABD0AF207BD67700EE7288.e.14762/click - {}
RESULT: {}
COMMAND: GET /session/73a4fd280a32fd38d4d0602b1d656d13/screenshot - {}
COMMAND: POST /session/73a4fd280a32fd38d4d0602b1d656d13/execute/async - {"script":"<script> [1562 bytes]","args":[{"selector":{"id":"receiptDatePicker","viewName":"etm.portal.ui.managehandovers.view.DetailExecuteHO","interaction":{"idSuffix":"inner"}},"wdio_ui5_key":"receiptDatePickeretmportal.ui.managehandovers.view.DetailExecuteHO"}]}
RESULT: {}
RESULT: {"script":"<script> [1562 bytes]","args":[{"selector":{"id":"receiptDatePicker","viewName":"etm.portal.ui.managehandovers.view.DetailExecuteHO","interaction":{"idSuffix":"inner"}},"wdio_ui5_key":"receiptDatePickeretmportal.ui.managehandovers.view.DetailExecuteHO"}]}
RESULT: undefined
COMMAND: POST /session/73a4fd280a32fd38d4d0602b1d656d13/execute/async - {"script":"<script> [6424 bytes]","args":[{"element-6066-11e4-a52e-4f735466cecf":"f.8A8223F9DEA97DA973980CAD3BB2ACE0.d.1E378B5DB9ABD0AF207BD67700EE7288.e.14781"},"setValue",["5/15/25"]]}
RESULT: {"script":"<script> [6424 bytes]","args":[{"element-6066-11e4-a52e-4f735466cecf":"f.8A8223F9DEA97DA973980CAD3BB2ACE0.d.1E378B5DB9ABD0AF207BD67700EE7288.e.14781"},"setValue",["5/15/25"]]}
COMMAND: POST /session/73a4fd280a32fd38d4d0602b1d656d13/element - {"using":"xpath","value":"//button[@data-kt=\"PickingTableConfirmAllButton\"]"}
RESULT: {"using":"xpath","value":"//button[@data-kt=\"PickingTableConfirmAllButton\"]"}
COMMAND: POST /session/73a4fd280a32fd38d4d0602b1d656d13/element/f.8A8223F9DEA97DA973980CAD3BB2ACE0.d.1E378B5DB9ABD0AF207BD67700EE7288.e.14796/click - {}
RESULT: {}
COMMAND: GET /session/73a4fd280a32fd38d4d0602b1d656d13/screenshot - {}
RESULT: {}
COMMAND: POST /session/73a4fd280a32fd38d4d0602b1d656d13/element - {"using":"xpath","value":"//bdi[contains(text(), \"OK\")]"}
RESULT: {"using":"xpath","value":"//bdi[contains(text(), \"OK\")]"}
COMMAND: POST /session/73a4fd280a32fd38d4d0602b1d656d13/element/f.8A8223F9DEA97DA973980CAD3BB2ACE0.d.1E378B5DB9ABD0AF207BD67700EE7288.e.14798/click - {}
RESULT: {}
COMMAND: GET /session/73a4fd280a32fd38d4d0602b1d656d13/screenshot - {}
RESULT: {}
COMMAND: POST /session/73a4fd280a32fd38d4d0602b1d656d13/element - {"using":"xpath","value":"(//bdi[contains(text(), \"Receive\")])[2]"}
RESULT: {"using":"xpath","value":"(//bdi[contains(text(), \"Receive\")])[2]"}
COMMAND: POST /session/73a4fd280a32fd38d4d0602b1d656d13/element/f.8A8223F9DEA97DA973980CAD3BB2ACE0.d.1E378B5DB9ABD0AF207BD67700EE7288.e.14800/click - {}
RESULT: {}
COMMAND: GET /session/73a4fd280a32fd38d4d0602b1d656d13/screenshot - {}
RESULT: {}
COMMAND: POST /session/73a4fd280a32fd38d4d0602b1d656d13/element - {"using":"css selector","value":"#shell-header-logo"}
RESULT: {"using":"css selector","value":"#shell-header-logo"}
COMMAND: POST /session/73a4fd280a32fd38d4d0602b1d656d13/element/f.8A8223F9DEA97DA973980CAD3BB2ACE0.d.1E378B5DB9ABD0AF207BD67700EE7288.e.14184/click - {}
RESULT: {}
COMMAND: GET /session/73a4fd280a32fd38d4d0602b1d656d13/screenshot - {}
RESULT: {}
]]></system-out>
    </testcase>
    <testcase classname="chrome.136_0_7103_93.windows.Provide_to_Site_w/o_warehouse_management_w_clarification" name="Should create a new contract" time="67.265">
      <system-out><![CDATA[
COMMAND: POST /session/73a4fd280a32fd38d4d0602b1d656d13/execute/async - {"script":"<script> [1562 bytes]","args":[{"selector":{"controlType":"sap.m.GenericTile","properties":{"header":"Manage Contracts"}},"wdio_ui5_key":"sapm.GenericTile{\"header\":\"Manage Contracts\"}"}]}
RESULT: {"script":"<script> [1562 bytes]","args":[{"selector":{"controlType":"sap.m.GenericTile","properties":{"header":"Manage Contracts"}},"wdio_ui5_key":"sapm.GenericTile{\"header\":\"Manage Contracts\"}"}]}
RESULT: undefined
COMMAND: POST /session/73a4fd280a32fd38d4d0602b1d656d13/element - {"using":"xpath","value":"//*[@id=\"__tile131\"]"}
RESULT: {"using":"xpath","value":"//*[@id=\"__tile131\"]"}
COMMAND: POST /session/73a4fd280a32fd38d4d0602b1d656d13/element/f.8A8223F9DEA97DA973980CAD3BB2ACE0.d.1E378B5DB9ABD0AF207BD67700EE7288.e.13580/click - {}
RESULT: {}
COMMAND: GET /session/73a4fd280a32fd38d4d0602b1d656d13/screenshot - {}
RESULT: {}
COMMAND: POST /session/73a4fd280a32fd38d4d0602b1d656d13/elements - {"using":"xpath","value":"//span[text()='Error']"}
RESULT: {"using":"xpath","value":"//span[text()='Error']"}
COMMAND: POST /session/73a4fd280a32fd38d4d0602b1d656d13/element - {"using":"xpath","value":"//button[@data-kt=\"addButton\"]"}
RESULT: {"using":"xpath","value":"//button[@data-kt=\"addButton\"]"}
COMMAND: POST /session/73a4fd280a32fd38d4d0602b1d656d13/elements - {"using":"xpath","value":"//button[@data-kt=\"addButton\"]"}
RESULT: {"using":"xpath","value":"//button[@data-kt=\"addButton\"]"}
COMMAND: POST /session/73a4fd280a32fd38d4d0602b1d656d13/execute/sync - {"script":"<script> [8489 bytes]","args":[{"element-6066-11e4-a52e-4f735466cecf":"f.8A8223F9DEA97DA973980CAD3BB2ACE0.d.1E378B5DB9ABD0AF207BD67700EE7288.e.15022","ELEMENT":"f.8A8223F9DEA97DA973980CAD3BB2ACE0.d.1E378B5DB9ABD0AF207BD67700EE7288.e.15022"}]}
RESULT: {"script":"<script> [8489 bytes]","args":[{"element-6066-11e4-a52e-4f735466cecf":"f.8A8223F9DEA97DA973980CAD3BB2ACE0.d.1E378B5DB9ABD0AF207BD67700EE7288.e.15022","ELEMENT":"f.8A8223F9DEA97DA973980CAD3BB2ACE0.d.1E378B5DB9ABD0AF207BD67700EE7288.e.15022"}]}
COMMAND: GET /session/73a4fd280a32fd38d4d0602b1d656d13/element/f.8A8223F9DEA97DA973980CAD3BB2ACE0.d.1E378B5DB9ABD0AF207BD67700EE7288.e.15022/enabled - {}
COMMAND: GET /session/73a4fd280a32fd38d4d0602b1d656d13/screenshot - {}
RESULT: {}
COMMAND: POST /session/73a4fd280a32fd38d4d0602b1d656d13/execute/sync - {"script":"<script> [8489 bytes]","args":[{"element-6066-11e4-a52e-4f735466cecf":"f.8A8223F9DEA97DA973980CAD3BB2ACE0.d.1E378B5DB9ABD0AF207BD67700EE7288.e.15022","ELEMENT":"f.8A8223F9DEA97DA973980CAD3BB2ACE0.d.1E378B5DB9ABD0AF207BD67700EE7288.e.15022"}]}
COMMAND: GET /session/73a4fd280a32fd38d4d0602b1d656d13/screenshot - {}
RESULT: {}
RESULT: {"script":"<script> [8489 bytes]","args":[{"element-6066-11e4-a52e-4f735466cecf":"f.8A8223F9DEA97DA973980CAD3BB2ACE0.d.1E378B5DB9ABD0AF207BD67700EE7288.e.15022","ELEMENT":"f.8A8223F9DEA97DA973980CAD3BB2ACE0.d.1E378B5DB9ABD0AF207BD67700EE7288.e.15022"}]}
COMMAND: POST /session/73a4fd280a32fd38d4d0602b1d656d13/execute/sync - {"script":"<script> [5351 bytes]","args":[{"element-6066-11e4-a52e-4f735466cecf":"f.8A8223F9DEA97DA973980CAD3BB2ACE0.d.1E378B5DB9ABD0AF207BD67700EE7288.e.15022","ELEMENT":"f.8A8223F9DEA97DA973980CAD3BB2ACE0.d.1E378B5DB9ABD0AF207BD67700EE7288.e.15022"}]}
COMMAND: GET /session/73a4fd280a32fd38d4d0602b1d656d13/screenshot - {}
RESULT: {}
RESULT: {"script":"<script> [5351 bytes]","args":[{"element-6066-11e4-a52e-4f735466cecf":"f.8A8223F9DEA97DA973980CAD3BB2ACE0.d.1E378B5DB9ABD0AF207BD67700EE7288.e.15022","ELEMENT":"f.8A8223F9DEA97DA973980CAD3BB2ACE0.d.1E378B5DB9ABD0AF207BD67700EE7288.e.15022"}]}
COMMAND: GET /session/73a4fd280a32fd38d4d0602b1d656d13/screenshot - {}
RESULT: {}
RESULT: {}
COMMAND: POST /session/73a4fd280a32fd38d4d0602b1d656d13/element/f.8A8223F9DEA97DA973980CAD3BB2ACE0.d.1E378B5DB9ABD0AF207BD67700EE7288.e.15022/click - {}
RESULT: {}
COMMAND: GET /session/73a4fd280a32fd38d4d0602b1d656d13/screenshot - {}
COMMAND: POST /session/73a4fd280a32fd38d4d0602b1d656d13/execute/async - {"script":"<script> [1562 bytes]","args":[{"selector":{"id":"application-managecontracts-display-component---AddNewContract--projectDescription","interaction":{"idSuffix":"inner"}},"wdio_ui5_key":"applicationmanagecontracts-display-component---AddNewContract--projectDescription"}]}
RESULT: {}
RESULT: {"script":"<script> [1562 bytes]","args":[{"selector":{"id":"application-managecontracts-display-component---AddNewContract--projectDescription","interaction":{"idSuffix":"inner"}},"wdio_ui5_key":"applicationmanagecontracts-display-component---AddNewContract--projectDescription"}]}
RESULT: undefined
COMMAND: POST /session/73a4fd280a32fd38d4d0602b1d656d13/execute/async - {"script":"<script> [776 bytes]","args":[{"enterText":"Contract WDIO","selector":{"id":"application-managecontracts-display-component---AddNewContract--projectDescription","interaction":{"idSuffix":"inner"}},"clearTextFirst":true,"interactionType":"ENTER_TEXT"}]}
RESULT: {"script":"<script> [776 bytes]","args":[{"enterText":"Contract WDIO","selector":{"id":"application-managecontracts-display-component---AddNewContract--projectDescription","interaction":{"idSuffix":"inner"}},"clearTextFirst":true,"interactionType":"ENTER_TEXT"}]}
COMMAND: POST /session/73a4fd280a32fd38d4d0602b1d656d13/element - {"using":"xpath","value":"//input[@id=\"application-managecontracts-display-component---AddNewContract--site-inner\"]"}
RESULT: {"using":"xpath","value":"//input[@id=\"application-managecontracts-display-component---AddNewContract--site-inner\"]"}
COMMAND: POST /session/73a4fd280a32fd38d4d0602b1d656d13/element/f.8A8223F9DEA97DA973980CAD3BB2ACE0.d.1E378B5DB9ABD0AF207BD67700EE7288.e.15391/clear - {}
RESULT: {}
COMMAND: POST /session/73a4fd280a32fd38d4d0602b1d656d13/element/f.8A8223F9DEA97DA973980CAD3BB2ACE0.d.1E378B5DB9ABD0AF207BD67700EE7288.e.15391/value - {"text":"2182"}
COMMAND: GET /session/73a4fd280a32fd38d4d0602b1d656d13/screenshot - {}
RESULT: {"text":"2182"}
COMMAND: GET /session/73a4fd280a32fd38d4d0602b1d656d13/screenshot - {}
RESULT: {}
RESULT: {}
COMMAND: POST /session/73a4fd280a32fd38d4d0602b1d656d13/element - {"using":"xpath","value":"//li[.//span[text()='2182']]"}
RESULT: {"using":"xpath","value":"//li[.//span[text()='2182']]"}
COMMAND: POST /session/73a4fd280a32fd38d4d0602b1d656d13/element/f.8A8223F9DEA97DA973980CAD3BB2ACE0.d.1E378B5DB9ABD0AF207BD67700EE7288.e.15418/click - {}
RESULT: {}
COMMAND: GET /session/73a4fd280a32fd38d4d0602b1d656d13/screenshot - {}
RESULT: {}
COMMAND: POST /session/73a4fd280a32fd38d4d0602b1d656d13/element - {"using":"xpath","value":"//input[@id=\"application-managecontracts-display-component---AddNewContract--yardId-inner\"]"}
RESULT: {"using":"xpath","value":"//input[@id=\"application-managecontracts-display-component---AddNewContract--yardId-inner\"]"}
COMMAND: GET /session/73a4fd280a32fd38d4d0602b1d656d13/element/f.8A8223F9DEA97DA973980CAD3BB2ACE0.d.1E378B5DB9ABD0AF207BD67700EE7288.e.15392/property/value - {}
RESULT: {}
COMMAND: POST /session/73a4fd280a32fd38d4d0602b1d656d13/element - {"using":"xpath","value":"//input[@id=\"application-managecontracts-display-component---AddNewContract--customerSelect-inner\"]"}
COMMAND: GET /session/73a4fd280a32fd38d4d0602b1d656d13/screenshot - {}
RESULT: {"using":"xpath","value":"//input[@id=\"application-managecontracts-display-component---AddNewContract--customerSelect-inner\"]"}
COMMAND: POST /session/73a4fd280a32fd38d4d0602b1d656d13/element/f.8A8223F9DEA97DA973980CAD3BB2ACE0.d.1E378B5DB9ABD0AF207BD67700EE7288.e.15390/clear - {}
RESULT: {}
RESULT: {}
COMMAND: POST /session/73a4fd280a32fd38d4d0602b1d656d13/element/f.8A8223F9DEA97DA973980CAD3BB2ACE0.d.1E378B5DB9ABD0AF207BD67700EE7288.e.15390/value - {"text":"1219"}
COMMAND: GET /session/73a4fd280a32fd38d4d0602b1d656d13/screenshot - {}
RESULT: {"text":"1219"}
COMMAND: GET /session/73a4fd280a32fd38d4d0602b1d656d13/screenshot - {}
RESULT: {}
RESULT: {}
COMMAND: POST /session/73a4fd280a32fd38d4d0602b1d656d13/element - {"using":"xpath","value":"//li[.//span[text()='1219']]"}
RESULT: {"using":"xpath","value":"//li[.//span[text()='1219']]"}
COMMAND: POST /session/73a4fd280a32fd38d4d0602b1d656d13/element/f.8A8223F9DEA97DA973980CAD3BB2ACE0.d.1E378B5DB9ABD0AF207BD67700EE7288.e.15421/click - {}
RESULT: {}
COMMAND: GET /session/73a4fd280a32fd38d4d0602b1d656d13/screenshot - {}
RESULT: {}
COMMAND: POST /session/73a4fd280a32fd38d4d0602b1d656d13/element - {"using":"xpath","value":"//button[@data-kt=\"saveButton\"]"}
RESULT: {"using":"xpath","value":"//button[@data-kt=\"saveButton\"]"}
COMMAND: POST /session/73a4fd280a32fd38d4d0602b1d656d13/element/f.8A8223F9DEA97DA973980CAD3BB2ACE0.d.1E378B5DB9ABD0AF207BD67700EE7288.e.15422/click - {}
RESULT: {}
COMMAND: GET /session/73a4fd280a32fd38d4d0602b1d656d13/screenshot - {}
RESULT: {}
COMMAND: POST /session/73a4fd280a32fd38d4d0602b1d656d13/element - {"using":"xpath","value":"//span[contains(@id ,\"contractDetailTitleNoExpanded\")]"}
RESULT: {"using":"xpath","value":"//span[contains(@id ,\"contractDetailTitleNoExpanded\")]"}
COMMAND: POST /session/73a4fd280a32fd38d4d0602b1d656d13/elements - {"using":"xpath","value":"//span[contains(@id ,\"contractDetailTitleNoExpanded\")]"}
RESULT: {"using":"xpath","value":"//span[contains(@id ,\"contractDetailTitleNoExpanded\")]"}
COMMAND: POST /session/73a4fd280a32fd38d4d0602b1d656d13/execute/sync - {"script":"<script> [56 bytes]","args":[{"element-6066-11e4-a52e-4f735466cecf":"f.8A8223F9DEA97DA973980CAD3BB2ACE0.d.1E378B5DB9ABD0AF207BD67700EE7288.e.15432","ELEMENT":"f.8A8223F9DEA97DA973980CAD3BB2ACE0.d.1E378B5DB9ABD0AF207BD67700EE7288.e.15432"}]}
RESULT: {"script":"<script> [56 bytes]","args":[{"element-6066-11e4-a52e-4f735466cecf":"f.8A8223F9DEA97DA973980CAD3BB2ACE0.d.1E378B5DB9ABD0AF207BD67700EE7288.e.15432","ELEMENT":"f.8A8223F9DEA97DA973980CAD3BB2ACE0.d.1E378B5DB9ABD0AF207BD67700EE7288.e.15432"}]}
COMMAND: GET /session/73a4fd280a32fd38d4d0602b1d656d13/screenshot - {}
RESULT: {}
]]></system-out>
    </testcase>
    <testcase classname="chrome.136_0_7103_93.windows.Provide_to_Site_w/o_warehouse_management_w_clarification" name="Should add equipment to the contract" time="62.667">
      <system-out><![CDATA[
COMMAND: POST /session/73a4fd280a32fd38d4d0602b1d656d13/element - {"using":"xpath","value":"//button[@data-kt=\"contractDetailEditBtnButton\"]"}
RESULT: {"using":"xpath","value":"//button[@data-kt=\"contractDetailEditBtnButton\"]"}
COMMAND: POST /session/73a4fd280a32fd38d4d0602b1d656d13/element/f.8A8223F9DEA97DA973980CAD3BB2ACE0.d.1E378B5DB9ABD0AF207BD67700EE7288.e.15434/click - {}
RESULT: {}
COMMAND: GET /session/73a4fd280a32fd38d4d0602b1d656d13/screenshot - {}
RESULT: {}
COMMAND: POST /session/73a4fd280a32fd38d4d0602b1d656d13/element - {"using":"xpath","value":"(//span[contains(text(), \"Additional Addresses\")])[2]"}
RESULT: {"using":"xpath","value":"(//span[contains(text(), \"Additional Addresses\")])[2]"}
COMMAND: POST /session/73a4fd280a32fd38d4d0602b1d656d13/element/f.8A8223F9DEA97DA973980CAD3BB2ACE0.d.1E378B5DB9ABD0AF207BD67700EE7288.e.15490/click - {}
RESULT: {}
COMMAND: GET /session/73a4fd280a32fd38d4d0602b1d656d13/screenshot - {}
RESULT: {}
COMMAND: POST /session/73a4fd280a32fd38d4d0602b1d656d13/element - {"using":"xpath","value":"//button[@data-kt=\"btnAddTableRowOverflowToolbarButton\"]"}
RESULT: {"using":"xpath","value":"//button[@data-kt=\"btnAddTableRowOverflowToolbarButton\"]"}
COMMAND: POST /session/73a4fd280a32fd38d4d0602b1d656d13/element/f.8A8223F9DEA97DA973980CAD3BB2ACE0.d.1E378B5DB9ABD0AF207BD67700EE7288.e.15493/click - {}
RESULT: {}
COMMAND: GET /session/73a4fd280a32fd38d4d0602b1d656d13/screenshot - {}
RESULT: {}
COMMAND: POST /session/73a4fd280a32fd38d4d0602b1d656d13/element - {"using":"xpath","value":"//div[(text() = 'Standard Entry' or . = 'Standard Entry')]"}
RESULT: {"using":"xpath","value":"//div[(text() = 'Standard Entry' or . = 'Standard Entry')]"}
COMMAND: POST /session/73a4fd280a32fd38d4d0602b1d656d13/element/f.8A8223F9DEA97DA973980CAD3BB2ACE0.d.1E378B5DB9ABD0AF207BD67700EE7288.e.15495/click - {}
RESULT: {}
COMMAND: GET /session/73a4fd280a32fd38d4d0602b1d656d13/screenshot - {}
RESULT: {}
COMMAND: POST /session/73a4fd280a32fd38d4d0602b1d656d13/element - {"using":"xpath","value":"//td[6]/div/div/div/span"}
RESULT: {"using":"xpath","value":"//td[6]/div/div/div/span"}
COMMAND: POST /session/73a4fd280a32fd38d4d0602b1d656d13/element/f.8A8223F9DEA97DA973980CAD3BB2ACE0.d.1E378B5DB9ABD0AF207BD67700EE7288.e.15507/click - {}
RESULT: {}
COMMAND: GET /session/73a4fd280a32fd38d4d0602b1d656d13/screenshot - {}
RESULT: {}
COMMAND: POST /session/73a4fd280a32fd38d4d0602b1d656d13/element - {"using":"xpath","value":"(//span[contains(text(), \"Material\")])"}
RESULT: {"using":"xpath","value":"(//span[contains(text(), \"Material\")])"}
COMMAND: POST /session/73a4fd280a32fd38d4d0602b1d656d13/element/f.8A8223F9DEA97DA973980CAD3BB2ACE0.d.1E378B5DB9ABD0AF207BD67700EE7288.e.15508/click - {}
RESULT: {}
COMMAND: GET /session/73a4fd280a32fd38d4d0602b1d656d13/screenshot - {}
RESULT: {}
COMMAND: POST /session/73a4fd280a32fd38d4d0602b1d656d13/element - {"using":"xpath","value":"//td[7]/div/div/input"}
RESULT: {"using":"xpath","value":"//td[7]/div/div/input"}
COMMAND: POST /session/73a4fd280a32fd38d4d0602b1d656d13/element/f.8A8223F9DEA97DA973980CAD3BB2ACE0.d.1E378B5DB9ABD0AF207BD67700EE7288.e.15512/clear - {}
RESULT: {}
COMMAND: POST /session/73a4fd280a32fd38d4d0602b1d656d13/element/f.8A8223F9DEA97DA973980CAD3BB2ACE0.d.1E378B5DB9ABD0AF207BD67700EE7288.e.15512/value - {"text":"200193"}
COMMAND: GET /session/73a4fd280a32fd38d4d0602b1d656d13/screenshot - {}
RESULT: {"text":"200193"}
COMMAND: GET /session/73a4fd280a32fd38d4d0602b1d656d13/screenshot - {}
RESULT: {}
RESULT: {}
COMMAND: POST /session/73a4fd280a32fd38d4d0602b1d656d13/actions - {"actions":[{"id":"action51","type":"key","parameters":{},"actions":[{"type":"keyDown","value":"î€‡"},{"type":"pause","duration":10},{"type":"keyUp","value":"î€‡"}]}]}
RESULT: {"actions":[{"id":"action51","type":"key","parameters":{},"actions":[{"type":"keyDown","value":"î€‡"},{"type":"pause","duration":10},{"type":"keyUp","value":"î€‡"}]}]}
COMMAND: GET /session/73a4fd280a32fd38d4d0602b1d656d13/screenshot - {}
RESULT: {}
COMMAND: POST /session/73a4fd280a32fd38d4d0602b1d656d13/execute/sync - {"script":"<script> [276 bytes]","args":["No pricing information was found"]}
RESULT: {"script":"<script> [276 bytes]","args":["No pricing information was found"]}
COMMAND: POST /session/73a4fd280a32fd38d4d0602b1d656d13/element - {"using":"xpath","value":"//bdi[contains(text(), \"OK\")]"}
COMMAND: GET /session/73a4fd280a32fd38d4d0602b1d656d13/screenshot - {}
RESULT: {"using":"xpath","value":"//bdi[contains(text(), \"OK\")]"}
COMMAND: POST /session/73a4fd280a32fd38d4d0602b1d656d13/element/f.8A8223F9DEA97DA973980CAD3BB2ACE0.d.1E378B5DB9ABD0AF207BD67700EE7288.e.15538/click - {}
RESULT: {}
RESULT: {}
COMMAND: GET /session/73a4fd280a32fd38d4d0602b1d656d13/screenshot - {}
RESULT: {}
COMMAND: POST /session/73a4fd280a32fd38d4d0602b1d656d13/element - {"using":"xpath","value":"(//button[@data-kt=\"saveButton\"])[2]"}
RESULT: {"using":"xpath","value":"(//button[@data-kt=\"saveButton\"])[2]"}
COMMAND: POST /session/73a4fd280a32fd38d4d0602b1d656d13/element/f.8A8223F9DEA97DA973980CAD3BB2ACE0.d.1E378B5DB9ABD0AF207BD67700EE7288.e.15539/click - {}
RESULT: {}
COMMAND: GET /session/73a4fd280a32fd38d4d0602b1d656d13/screenshot - {}
RESULT: {}
COMMAND: POST /session/73a4fd280a32fd38d4d0602b1d656d13/execute/sync - {"script":"<script> [276 bytes]","args":["Some contract items are having rental validity exceeding header rental validity"]}
RESULT: {"script":"<script> [276 bytes]","args":["Some contract items are having rental validity exceeding header rental validity"]}
COMMAND: GET /session/73a4fd280a32fd38d4d0602b1d656d13/screenshot - {}
RESULT: {}
COMMAND: POST /session/73a4fd280a32fd38d4d0602b1d656d13/element - {"using":"xpath","value":"//span[contains(@id ,\"contractItemsSmartTable-header-inner\")]"}
RESULT: {"using":"xpath","value":"//span[contains(@id ,\"contractItemsSmartTable-header-inner\")]"}
COMMAND: POST /session/73a4fd280a32fd38d4d0602b1d656d13/elements - {"using":"xpath","value":"//span[contains(@id ,\"contractItemsSmartTable-header-inner\")]"}
RESULT: {"using":"xpath","value":"//span[contains(@id ,\"contractItemsSmartTable-header-inner\")]"}
COMMAND: POST /session/73a4fd280a32fd38d4d0602b1d656d13/execute/sync - {"script":"<script> [56 bytes]","args":[{"element-6066-11e4-a52e-4f735466cecf":"f.8A8223F9DEA97DA973980CAD3BB2ACE0.d.1E378B5DB9ABD0AF207BD67700EE7288.e.15543","ELEMENT":"f.8A8223F9DEA97DA973980CAD3BB2ACE0.d.1E378B5DB9ABD0AF207BD67700EE7288.e.15543"}]}
RESULT: {"script":"<script> [56 bytes]","args":[{"element-6066-11e4-a52e-4f735466cecf":"f.8A8223F9DEA97DA973980CAD3BB2ACE0.d.1E378B5DB9ABD0AF207BD67700EE7288.e.15543","ELEMENT":"f.8A8223F9DEA97DA973980CAD3BB2ACE0.d.1E378B5DB9ABD0AF207BD67700EE7288.e.15543"}]}
]]></system-out>
    </testcase>
    <testcase classname="chrome.136_0_7103_93.windows.Provide_to_Site_w/o_warehouse_management_w_clarification" name="Should test for Clarification" time="0.011">
      <system-out><![CDATA[
COMMAND: GET /session/73a4fd280a32fd38d4d0602b1d656d13/screenshot - {}
COMMAND: POST /session/73a4fd280a32fd38d4d0602b1d656d13/element - {"using":"css selector","value":"#j_username"}
COMMAND: POST /session/73a4fd280a32fd38d4d0602b1d656d13/url - {"url":"https://qa-testing-00-live-etm-ui.cfapps.eu10-004.hana.ondemand.com/"}
COMMAND: GET /session/73a4fd280a32fd38d4d0602b1d656d13/screenshot - {}
RESULT: {}
RESULT: {"using":"css selector","value":"#j_username"}
COMMAND: POST /session/73a4fd280a32fd38d4d0602b1d656d13/element - {"using":"css selector","value":"#j_username"}
RESULT: {"url":"https://qa-testing-00-live-etm-ui.cfapps.eu10-004.hana.ondemand.com/"}
RESULT: undefined
COMMAND: GET /session/73a4fd280a32fd38d4d0602b1d656d13/screenshot - {}
RESULT: {}
RESULT: {"using":"css selector","value":"#j_username"}
COMMAND: POST /session/73a4fd280a32fd38d4d0602b1d656d13/element - {"using":"css selector","value":"#shell-header-logo"}
RESULT: {}
RESULT: {"using":"css selector","value":"#shell-header-logo"}
COMMAND: POST /session/73a4fd280a32fd38d4d0602b1d656d13/execute/sync - {"script":"<script> [8489 bytes]","args":[{"element-6066-11e4-a52e-4f735466cecf":"f.8A8223F9DEA97DA973980CAD3BB2ACE0.d.38DD9F1D7CCFBF87C087E265530E3311.e.15946","ELEMENT":"f.8A8223F9DEA97DA973980CAD3BB2ACE0.d.38DD9F1D7CCFBF87C087E265530E3311.e.15946"}]}
RESULT: {"script":"<script> [8489 bytes]","args":[{"element-6066-11e4-a52e-4f735466cecf":"f.8A8223F9DEA97DA973980CAD3BB2ACE0.d.38DD9F1D7CCFBF87C087E265530E3311.e.15946","ELEMENT":"f.8A8223F9DEA97DA973980CAD3BB2ACE0.d.38DD9F1D7CCFBF87C087E265530E3311.e.15946"}]}
COMMAND: POST /session/73a4fd280a32fd38d4d0602b1d656d13/element - {"using":"css selector","value":"#shell-header-logo"}
COMMAND: GET /session/73a4fd280a32fd38d4d0602b1d656d13/screenshot - {}
RESULT: {"using":"css selector","value":"#shell-header-logo"}
COMMAND: POST /session/73a4fd280a32fd38d4d0602b1d656d13/execute/sync - {"script":"<script> [8489 bytes]","args":[{"element-6066-11e4-a52e-4f735466cecf":"f.8A8223F9DEA97DA973980CAD3BB2ACE0.d.38DD9F1D7CCFBF87C087E265530E3311.e.15946","ELEMENT":"f.8A8223F9DEA97DA973980CAD3BB2ACE0.d.38DD9F1D7CCFBF87C087E265530E3311.e.15946"}]}
RESULT: {}
RESULT: {"script":"<script> [8489 bytes]","args":[{"element-6066-11e4-a52e-4f735466cecf":"f.8A8223F9DEA97DA973980CAD3BB2ACE0.d.38DD9F1D7CCFBF87C087E265530E3311.e.15946","ELEMENT":"f.8A8223F9DEA97DA973980CAD3BB2ACE0.d.38DD9F1D7CCFBF87C087E265530E3311.e.15946"}]}
COMMAND: POST /session/73a4fd280a32fd38d4d0602b1d656d13/execute/sync - {"script":"<script> [5351 bytes]","args":[{"element-6066-11e4-a52e-4f735466cecf":"f.8A8223F9DEA97DA973980CAD3BB2ACE0.d.38DD9F1D7CCFBF87C087E265530E3311.e.15946","ELEMENT":"f.8A8223F9DEA97DA973980CAD3BB2ACE0.d.38DD9F1D7CCFBF87C087E265530E3311.e.15946"}]}
COMMAND: GET /session/73a4fd280a32fd38d4d0602b1d656d13/screenshot - {}
RESULT: {"script":"<script> [5351 bytes]","args":[{"element-6066-11e4-a52e-4f735466cecf":"f.8A8223F9DEA97DA973980CAD3BB2ACE0.d.38DD9F1D7CCFBF87C087E265530E3311.e.15946","ELEMENT":"f.8A8223F9DEA97DA973980CAD3BB2ACE0.d.38DD9F1D7CCFBF87C087E265530E3311.e.15946"}]}
COMMAND: POST /session/73a4fd280a32fd38d4d0602b1d656d13/element - {"using":"css selector","value":"#shell-header-logo"}
COMMAND: GET /session/73a4fd280a32fd38d4d0602b1d656d13/screenshot - {}
RESULT: {}
RESULT: {"using":"css selector","value":"#shell-header-logo"}
COMMAND: POST /session/73a4fd280a32fd38d4d0602b1d656d13/element/f.8A8223F9DEA97DA973980CAD3BB2ACE0.d.38DD9F1D7CCFBF87C087E265530E3311.e.15946/click - {}
RESULT: {}
RESULT: {}
COMMAND: GET /session/73a4fd280a32fd38d4d0602b1d656d13/screenshot - {}
RESULT: {}
COMMAND: POST /session/73a4fd280a32fd38d4d0602b1d656d13/execute/async - {"script":"<script> [189 bytes]","args":[]}
RESULT: {"script":"<script> [189 bytes]","args":[]}
COMMAND: POST /session/73a4fd280a32fd38d4d0602b1d656d13/execute/async - {"script":"<script> [123 bytes]","args":[]}
RESULT: {"script":"<script> [123 bytes]","args":[]}
COMMAND: POST /session/73a4fd280a32fd38d4d0602b1d656d13/timeouts - {"script":"<number>"}
RESULT: {"script":"<number>"}
COMMAND: GET /session/73a4fd280a32fd38d4d0602b1d656d13/timeouts - {}
RESULT: {}
RESULT: undefined
COMMAND: POST /session/73a4fd280a32fd38d4d0602b1d656d13/execute/async - {"script":"<script> [2676 bytes]","args":[]}
RESULT: {"script":"<script> [2676 bytes]","args":[]}
COMMAND: POST /session/73a4fd280a32fd38d4d0602b1d656d13/execute/async - {"script":"<script> [2342 bytes]","args":[{"protocol":"http","hostname":"0.0.0.0","path":"/","capabilities":{"browserName":"chrome","goog:chromeOptions":{"binary":"C:\\Program Files\\Google\\Chrome\\Application\\chrome.exe","args":["--start-maximized"]}},"logLevel":"warn","connectionRetryTimeout":120000,"connectionRetryCount":3,"logLevels":{},"enableDirectConnect":true,"strictSSL":true,"_":"65 more keys: [\"cacheDir\",\"port\",\"requestedCapabilities\",\"automationProtocol\",\"baseUrl\",\"waitforInterval\",\"waitforTimeout\",\"onReload\",\"beforeCommand\",\"afterCommand\",\"rootDir\",\"specs\",\"suites\",\"exclude\",\"groupLogsByTestSpec\",\"excludeDriverLogs\",\"bail\",\"framework\",\"reporters\",\"services\",\"maxInstances\",\"maxInstancesPerCapability\",\"injectGlobals\",\"filesToWatch\",\"execArgv\",\"runnerEnv\",\"runner\",\"shard\",\"specFileRetries\",\"specFileRetriesDelay\",\"specFileRetriesDeferred\",\"reporterSyncInterval\",\"reporterSyncTimeout\",\"cucumberFeaturesWithLineNumbers\",\"autoCompileOpts\",\"mochaOpts\",\"jasmineOpts\",\"cucumberOpts\",\"onPrepare\",\"onWorkerStart\",\"onWorkerEnd\",\"before\",\"beforeSession\",\"beforeSuite\",\"beforeHook\",\"beforeTest\",\"afterTest\",\"afterHook\",\"afterSuite\",\"afterSession\",\"after\",\"onComplete\",\"beforeAssertion\",\"afterAssertion\",\"beforeFeature\",\"beforeScenario\",\"beforeStep\",\"afterStep\",\"afterScenario\",\"afterFeature\",\"_\",\"suite\",\"$0\",\"ignoredWorkerServices\",\"wdi5\"]"}]}
RESULT: {"script":"<script> [2342 bytes]","args":[{"protocol":"http","hostname":"0.0.0.0","path":"/","capabilities":{"browserName":"chrome","goog:chromeOptions":{"binary":"C:\\Program Files\\Google\\Chrome\\Application\\chrome.exe","args":["--start-maximized"]}},"logLevel":"warn","connectionRetryTimeout":120000,"connectionRetryCount":3,"logLevels":{},"enableDirectConnect":true,"strictSSL":true,"_":"65 more keys: [\"cacheDir\",\"port\",\"requestedCapabilities\",\"automationProtocol\",\"baseUrl\",\"waitforInterval\",\"waitforTimeout\",\"onReload\",\"beforeCommand\",\"afterCommand\",\"rootDir\",\"specs\",\"suites\",\"exclude\",\"groupLogsByTestSpec\",\"excludeDriverLogs\",\"bail\",\"framework\",\"reporters\",\"services\",\"maxInstances\",\"maxInstancesPerCapability\",\"injectGlobals\",\"filesToWatch\",\"execArgv\",\"runnerEnv\",\"runner\",\"shard\",\"specFileRetries\",\"specFileRetriesDelay\",\"specFileRetriesDeferred\",\"reporterSyncInterval\",\"reporterSyncTimeout\",\"cucumberFeaturesWithLineNumbers\",\"autoCompileOpts\",\"mochaOpts\",\"jasmineOpts\",\"cucumberOpts\",\"onPrepare\",\"onWorkerStart\",\"onWorkerEnd\",\"before\",\"beforeSession\",\"beforeSuite\",\"beforeHook\",\"beforeTest\",\"afterTest\",\"afterHook\",\"afterSuite\",\"afterSession\",\"after\",\"onComplete\",\"beforeAssertion\",\"afterAssertion\",\"beforeFeature\",\"beforeScenario\",\"beforeStep\",\"afterStep\",\"afterScenario\",\"afterFeature\",\"_\",\"suite\",\"$0\",\"ignoredWorkerServices\",\"wdi5\"]"}]}
COMMAND: POST /session/73a4fd280a32fd38d4d0602b1d656d13/execute/async - {"script":"<script> [21126 bytes]","args":[35000]}
RESULT: {"script":"<script> [21126 bytes]","args":[35000]}
COMMAND: POST /session/73a4fd280a32fd38d4d0602b1d656d13/window/maximize - {}
RESULT: {}
COMMAND: POST /session/73a4fd280a32fd38d4d0602b1d656d13/execute/async - {"script":"<script> [1562 bytes]","args":[{"selector":{"id":"shell-header","interaction":{"idSuffix":"icon"}},"wdio_ui5_key":"shellheader"}]}
COMMAND: GET /session/73a4fd280a32fd38d4d0602b1d656d13/screenshot - {}
RESULT: {"script":"<script> [1562 bytes]","args":[{"selector":{"id":"shell-header","interaction":{"idSuffix":"icon"}},"wdio_ui5_key":"shellheader"}]}
RESULT: undefined
COMMAND: POST /session/73a4fd280a32fd38d4d0602b1d656d13/window/fullscreen - {}
RESULT: {}
RESULT: {}
]]></system-out>
    </testcase>
  </testsuite>
  <testsuite timestamp="2025-05-15T17:10:08" time="160.876" tests="4" failures="0" errors="0" skipped="0">
    <properties>
      <property name="specId" value="0" />
      <property name="suiteName" value="Provide to Site w/o warehouse management w/o clarification US116612" />
      <property name="capabilities" value="chrome.136_0_7103_93.windows" />
      <property name="file" value="file:///D:/a/1/s/test/specs/HTR/provide-to-site-wo-warehouse-wo-clarification.spec.js" />
    </properties>
    <testcase classname="chrome.136_0_7103_93.windows.Provide_to_Site_w/o_warehouse_management_w/o_clarification_US116612" name="Should create a new yard" time="0.041">
      <system-out><![CDATA[
COMMAND: POST /session/73a4fd280a32fd38d4d0602b1d656d13/window/fullscreen - {}
RESULT: {}
]]></system-out>
    </testcase>
    <testcase classname="chrome.136_0_7103_93.windows.Provide_to_Site_w/o_warehouse_management_w/o_clarification_US116612" name="Should create a new external partner" time="0.005" />
    <testcase classname="chrome.136_0_7103_93.windows.Provide_to_Site_w/o_warehouse_management_w/o_clarification_US116612" name="Should create a new site" time="0.004" />
    <testcase classname="chrome.136_0_7103_93.windows.Provide_to_Site_w/o_warehouse_management_w/o_clarification_US116612" name="Should create a new material" time="137.491">
      <system-out><![CDATA[
COMMAND: POST /session/73a4fd280a32fd38d4d0602b1d656d13/execute/async - {"script":"<script> [1562 bytes]","args":[{"selector":{"controlType":"sap.m.GenericTile","properties":{"header":"Manage Resources"}},"wdio_ui5_key":"sapm.GenericTile{\"header\":\"Manage Resources\"}"}]}
RESULT: {"script":"<script> [1562 bytes]","args":[{"selector":{"controlType":"sap.m.GenericTile","properties":{"header":"Manage Resources"}},"wdio_ui5_key":"sapm.GenericTile{\"header\":\"Manage Resources\"}"}]}
RESULT: undefined
COMMAND: POST /session/73a4fd280a32fd38d4d0602b1d656d13/element - {"using":"xpath","value":"//*[@id=\"__tile31\"]"}
RESULT: {"using":"xpath","value":"//*[@id=\"__tile31\"]"}
COMMAND: POST /session/73a4fd280a32fd38d4d0602b1d656d13/element/f.8A8223F9DEA97DA973980CAD3BB2ACE0.d.38DD9F1D7CCFBF87C087E265530E3311.e.15967/click - {}
RESULT: {}
COMMAND: GET /session/73a4fd280a32fd38d4d0602b1d656d13/screenshot - {}
RESULT: {}
COMMAND: POST /session/73a4fd280a32fd38d4d0602b1d656d13/elements - {"using":"xpath","value":"//span[text()='Error']"}
RESULT: {"using":"xpath","value":"//span[text()='Error']"}
COMMAND: POST /session/73a4fd280a32fd38d4d0602b1d656d13/element - {"using":"xpath","value":"//button[@data-kt=\"addNewRUOverflowToolbarButton\"]"}
RESULT: {"using":"xpath","value":"//button[@data-kt=\"addNewRUOverflowToolbarButton\"]"}
COMMAND: POST /session/73a4fd280a32fd38d4d0602b1d656d13/elements - {"using":"xpath","value":"//button[@data-kt=\"addNewRUOverflowToolbarButton\"]"}
RESULT: {"using":"xpath","value":"//button[@data-kt=\"addNewRUOverflowToolbarButton\"]"}
COMMAND: POST /session/73a4fd280a32fd38d4d0602b1d656d13/execute/sync - {"script":"<script> [8489 bytes]","args":[{"element-6066-11e4-a52e-4f735466cecf":"f.8A8223F9DEA97DA973980CAD3BB2ACE0.d.38DD9F1D7CCFBF87C087E265530E3311.e.16097","ELEMENT":"f.8A8223F9DEA97DA973980CAD3BB2ACE0.d.38DD9F1D7CCFBF87C087E265530E3311.e.16097"}]}
RESULT: {"script":"<script> [8489 bytes]","args":[{"element-6066-11e4-a52e-4f735466cecf":"f.8A8223F9DEA97DA973980CAD3BB2ACE0.d.38DD9F1D7CCFBF87C087E265530E3311.e.16097","ELEMENT":"f.8A8223F9DEA97DA973980CAD3BB2ACE0.d.38DD9F1D7CCFBF87C087E265530E3311.e.16097"}]}
COMMAND: GET /session/73a4fd280a32fd38d4d0602b1d656d13/element/f.8A8223F9DEA97DA973980CAD3BB2ACE0.d.38DD9F1D7CCFBF87C087E265530E3311.e.16097/enabled - {}
COMMAND: GET /session/73a4fd280a32fd38d4d0602b1d656d13/screenshot - {}
RESULT: {}
COMMAND: POST /session/73a4fd280a32fd38d4d0602b1d656d13/execute/sync - {"script":"<script> [8489 bytes]","args":[{"element-6066-11e4-a52e-4f735466cecf":"f.8A8223F9DEA97DA973980CAD3BB2ACE0.d.38DD9F1D7CCFBF87C087E265530E3311.e.16097","ELEMENT":"f.8A8223F9DEA97DA973980CAD3BB2ACE0.d.38DD9F1D7CCFBF87C087E265530E3311.e.16097"}]}
COMMAND: GET /session/73a4fd280a32fd38d4d0602b1d656d13/screenshot - {}
RESULT: {}
RESULT: {"script":"<script> [8489 bytes]","args":[{"element-6066-11e4-a52e-4f735466cecf":"f.8A8223F9DEA97DA973980CAD3BB2ACE0.d.38DD9F1D7CCFBF87C087E265530E3311.e.16097","ELEMENT":"f.8A8223F9DEA97DA973980CAD3BB2ACE0.d.38DD9F1D7CCFBF87C087E265530E3311.e.16097"}]}
COMMAND: POST /session/73a4fd280a32fd38d4d0602b1d656d13/execute/sync - {"script":"<script> [5351 bytes]","args":[{"element-6066-11e4-a52e-4f735466cecf":"f.8A8223F9DEA97DA973980CAD3BB2ACE0.d.38DD9F1D7CCFBF87C087E265530E3311.e.16097","ELEMENT":"f.8A8223F9DEA97DA973980CAD3BB2ACE0.d.38DD9F1D7CCFBF87C087E265530E3311.e.16097"}]}
RESULT: {}
RESULT: {"script":"<script> [5351 bytes]","args":[{"element-6066-11e4-a52e-4f735466cecf":"f.8A8223F9DEA97DA973980CAD3BB2ACE0.d.38DD9F1D7CCFBF87C087E265530E3311.e.16097","ELEMENT":"f.8A8223F9DEA97DA973980CAD3BB2ACE0.d.38DD9F1D7CCFBF87C087E265530E3311.e.16097"}]}
COMMAND: POST /session/73a4fd280a32fd38d4d0602b1d656d13/element/f.8A8223F9DEA97DA973980CAD3BB2ACE0.d.38DD9F1D7CCFBF87C087E265530E3311.e.16097/click - {}
COMMAND: GET /session/73a4fd280a32fd38d4d0602b1d656d13/screenshot - {}
COMMAND: GET /session/73a4fd280a32fd38d4d0602b1d656d13/screenshot - {}
RESULT: {}
COMMAND: GET /session/73a4fd280a32fd38d4d0602b1d656d13/screenshot - {}
COMMAND: POST /session/73a4fd280a32fd38d4d0602b1d656d13/execute/async - {"script":"<script> [1562 bytes]","args":[{"selector":{"id":"application-manageresources-display-component---newResourceUnit--TYPE-arrow"},"wdio_ui5_key":"applicationmanageresources-display-component---newResourceUnit--TYPE-arrow"}]}
RESULT: {}
RESULT: {}
RESULT: {}
RESULT: {"script":"<script> [1562 bytes]","args":[{"selector":{"id":"application-manageresources-display-component---newResourceUnit--TYPE-arrow"},"wdio_ui5_key":"applicationmanageresources-display-component---newResourceUnit--TYPE-arrow"}]}
RESULT: undefined
COMMAND: POST /session/73a4fd280a32fd38d4d0602b1d656d13/element - {"using":"xpath","value":"//*[@id=\"application-manageresources-display-component---newResourceUnit--TYPE-arrow\"]"}
RESULT: {"using":"xpath","value":"//*[@id=\"application-manageresources-display-component---newResourceUnit--TYPE-arrow\"]"}
COMMAND: POST /session/73a4fd280a32fd38d4d0602b1d656d13/element/f.8A8223F9DEA97DA973980CAD3BB2ACE0.d.38DD9F1D7CCFBF87C087E265530E3311.e.16455/click - {}
RESULT: {}
COMMAND: POST /session/73a4fd280a32fd38d4d0602b1d656d13/element - {"using":"xpath","value":"//input[@id=\"application-manageresources-display-component---newResourceUnit--TYPE-inner\"]"}
COMMAND: GET /session/73a4fd280a32fd38d4d0602b1d656d13/screenshot - {}
RESULT: {"using":"xpath","value":"//input[@id=\"application-manageresources-display-component---newResourceUnit--TYPE-inner\"]"}
COMMAND: POST /session/73a4fd280a32fd38d4d0602b1d656d13/element/f.8A8223F9DEA97DA973980CAD3BB2ACE0.d.38DD9F1D7CCFBF87C087E265530E3311.e.16451/clear - {}
RESULT: {}
RESULT: {}
COMMAND: POST /session/73a4fd280a32fd38d4d0602b1d656d13/element/f.8A8223F9DEA97DA973980CAD3BB2ACE0.d.38DD9F1D7CCFBF87C087E265530E3311.e.16451/value - {"text":"Material"}
COMMAND: GET /session/73a4fd280a32fd38d4d0602b1d656d13/screenshot - {}
RESULT: {"text":"Material"}
COMMAND: GET /session/73a4fd280a32fd38d4d0602b1d656d13/screenshot - {}
RESULT: {}
RESULT: {}
COMMAND: POST /session/73a4fd280a32fd38d4d0602b1d656d13/actions - {"actions":[{"id":"action52","type":"key","parameters":{},"actions":[{"type":"keyDown","value":"î€‡"},{"type":"pause","duration":10},{"type":"keyUp","value":"î€‡"}]}]}
RESULT: {"actions":[{"id":"action52","type":"key","parameters":{},"actions":[{"type":"keyDown","value":"î€‡"},{"type":"pause","duration":10},{"type":"keyUp","value":"î€‡"}]}]}
COMMAND: POST /session/73a4fd280a32fd38d4d0602b1d656d13/execute/async - {"script":"<script> [1562 bytes]","args":[{"selector":{"id":"application-manageresources-display-component---newResourceUnit--SHORT_TEXT","interaction":{"idSuffix":"inner"}},"wdio_ui5_key":"applicationmanageresources-display-component---newResourceUnit--SHORT_TEXT"}]}
COMMAND: GET /session/73a4fd280a32fd38d4d0602b1d656d13/screenshot - {}
RESULT: {"script":"<script> [1562 bytes]","args":[{"selector":{"id":"application-manageresources-display-component---newResourceUnit--SHORT_TEXT","interaction":{"idSuffix":"inner"}},"wdio_ui5_key":"applicationmanageresources-display-component---newResourceUnit--SHORT_TEXT"}]}
RESULT: undefined
COMMAND: POST /session/73a4fd280a32fd38d4d0602b1d656d13/execute/async - {"script":"<script> [776 bytes]","args":[{"enterText":"Cement WDIO","selector":{"id":"application-manageresources-display-component---newResourceUnit--SHORT_TEXT","interaction":{"idSuffix":"inner"}},"clearTextFirst":true,"interactionType":"ENTER_TEXT"}]}
RESULT: {}
RESULT: {"script":"<script> [776 bytes]","args":[{"enterText":"Cement WDIO","selector":{"id":"application-manageresources-display-component---newResourceUnit--SHORT_TEXT","interaction":{"idSuffix":"inner"}},"clearTextFirst":true,"interactionType":"ENTER_TEXT"}]}
COMMAND: POST /session/73a4fd280a32fd38d4d0602b1d656d13/execute/async - {"script":"<script> [1562 bytes]","args":[{"selector":{"id":"application-manageresources-display-component---newResourceUnit--BASE_UNIT_OF_MEASURE","interaction":{"idSuffix":"inner"}},"wdio_ui5_key":"applicationmanageresources-display-component---newResourceUnit--BASE_UNIT_OF_MEASURE"}]}
RESULT: {"script":"<script> [1562 bytes]","args":[{"selector":{"id":"application-manageresources-display-component---newResourceUnit--BASE_UNIT_OF_MEASURE","interaction":{"idSuffix":"inner"}},"wdio_ui5_key":"applicationmanageresources-display-component---newResourceUnit--BASE_UNIT_OF_MEASURE"}]}
RESULT: undefined
COMMAND: POST /session/73a4fd280a32fd38d4d0602b1d656d13/execute/async - {"script":"<script> [776 bytes]","args":[{"enterText":"Piece","selector":{"id":"application-manageresources-display-component---newResourceUnit--BASE_UNIT_OF_MEASURE","interaction":{"idSuffix":"inner"}},"clearTextFirst":true,"interactionType":"ENTER_TEXT"}]}
RESULT: {"script":"<script> [776 bytes]","args":[{"enterText":"Piece","selector":{"id":"application-manageresources-display-component---newResourceUnit--BASE_UNIT_OF_MEASURE","interaction":{"idSuffix":"inner"}},"clearTextFirst":true,"interactionType":"ENTER_TEXT"}]}
COMMAND: POST /session/73a4fd280a32fd38d4d0602b1d656d13/execute/async - {"script":"<script> [1562 bytes]","args":[{"selector":{"id":"application-manageresources-display-component---newResourceUnit--WEIGHT_UNIT","interaction":{"idSuffix":"inner"}},"wdio_ui5_key":"applicationmanageresources-display-component---newResourceUnit--WEIGHT_UNIT"}]}
RESULT: {"script":"<script> [1562 bytes]","args":[{"selector":{"id":"application-manageresources-display-component---newResourceUnit--WEIGHT_UNIT","interaction":{"idSuffix":"inner"}},"wdio_ui5_key":"applicationmanageresources-display-component---newResourceUnit--WEIGHT_UNIT"}]}
RESULT: undefined
COMMAND: POST /session/73a4fd280a32fd38d4d0602b1d656d13/execute/async - {"script":"<script> [776 bytes]","args":[{"enterText":"Gram","selector":{"id":"application-manageresources-display-component---newResourceUnit--WEIGHT_UNIT","interaction":{"idSuffix":"inner"}},"clearTextFirst":true,"interactionType":"ENTER_TEXT"}]}
RESULT: {"script":"<script> [776 bytes]","args":[{"enterText":"Gram","selector":{"id":"application-manageresources-display-component---newResourceUnit--WEIGHT_UNIT","interaction":{"idSuffix":"inner"}},"clearTextFirst":true,"interactionType":"ENTER_TEXT"}]}
COMMAND: POST /session/73a4fd280a32fd38d4d0602b1d656d13/execute/async - {"script":"<script> [1562 bytes]","args":[{"selector":{"id":"application-manageresources-display-component---newResourceUnit--DIMENSION_UNIT","interaction":{"idSuffix":"inner"}},"wdio_ui5_key":"applicationmanageresources-display-component---newResourceUnit--DIMENSION_UNIT"}]}
RESULT: {"script":"<script> [1562 bytes]","args":[{"selector":{"id":"application-manageresources-display-component---newResourceUnit--DIMENSION_UNIT","interaction":{"idSuffix":"inner"}},"wdio_ui5_key":"applicationmanageresources-display-component---newResourceUnit--DIMENSION_UNIT"}]}
RESULT: undefined
COMMAND: POST /session/73a4fd280a32fd38d4d0602b1d656d13/execute/async - {"script":"<script> [776 bytes]","args":[{"enterText":"Meter","selector":{"id":"application-manageresources-display-component---newResourceUnit--DIMENSION_UNIT","interaction":{"idSuffix":"inner"}},"clearTextFirst":true,"interactionType":"ENTER_TEXT"}]}
RESULT: {"script":"<script> [776 bytes]","args":[{"enterText":"Meter","selector":{"id":"application-manageresources-display-component---newResourceUnit--DIMENSION_UNIT","interaction":{"idSuffix":"inner"}},"clearTextFirst":true,"interactionType":"ENTER_TEXT"}]}
COMMAND: POST /session/73a4fd280a32fd38d4d0602b1d656d13/execute/async - {"script":"<script> [1562 bytes]","args":[{"selector":{"id":"application-manageresources-display-component---newResourceUnit--newRRUPage-anchBar-application-manageresources-display-component---newResourceUnit--control-anchor","interaction":{"idSuffix":"BDI-content"}},"wdio_ui5_key":"applicationmanageresources-display-component---newResourceUnit--newRRUPage-anchBar-application-manageresources-display-component---newResourceUnit--control-anchor"}]}
RESULT: {"script":"<script> [1562 bytes]","args":[{"selector":{"id":"application-manageresources-display-component---newResourceUnit--newRRUPage-anchBar-application-manageresources-display-component---newResourceUnit--control-anchor","interaction":{"idSuffix":"BDI-content"}},"wdio_ui5_key":"applicationmanageresources-display-component---newResourceUnit--newRRUPage-anchBar-application-manageresources-display-component---newResourceUnit--control-anchor"}]}
RESULT: undefined
COMMAND: POST /session/73a4fd280a32fd38d4d0602b1d656d13/element - {"using":"xpath","value":"//*[@id=\"application-manageresources-display-component---newResourceUnit--newRRUPage-anchBar-application-manageresources-display-component---newResourceUnit--control-anchor\"]"}
RESULT: {"using":"xpath","value":"//*[@id=\"application-manageresources-display-component---newResourceUnit--newRRUPage-anchBar-application-manageresources-display-component---newResourceUnit--control-anchor\"]"}
COMMAND: POST /session/73a4fd280a32fd38d4d0602b1d656d13/element/f.8A8223F9DEA97DA973980CAD3BB2ACE0.d.38DD9F1D7CCFBF87C087E265530E3311.e.16520/click - {}
RESULT: {}
COMMAND: POST /session/73a4fd280a32fd38d4d0602b1d656d13/execute/async - {"script":"<script> [1562 bytes]","args":[{"selector":{"id":"application-manageresources-display-component---newResourceUnit--PLANNING_GROUP","interaction":{"idSuffix":"inner"}},"wdio_ui5_key":"applicationmanageresources-display-component---newResourceUnit--PLANNING_GROUP"}]}
COMMAND: GET /session/73a4fd280a32fd38d4d0602b1d656d13/screenshot - {}
RESULT: {"script":"<script> [1562 bytes]","args":[{"selector":{"id":"application-manageresources-display-component---newResourceUnit--PLANNING_GROUP","interaction":{"idSuffix":"inner"}},"wdio_ui5_key":"applicationmanageresources-display-component---newResourceUnit--PLANNING_GROUP"}]}
RESULT: undefined
COMMAND: POST /session/73a4fd280a32fd38d4d0602b1d656d13/execute/async - {"script":"<script> [776 bytes]","args":[{"enterText":"Material","selector":{"id":"application-manageresources-display-component---newResourceUnit--PLANNING_GROUP","interaction":{"idSuffix":"inner"}},"clearTextFirst":true,"interactionType":"ENTER_TEXT"}]}
RESULT: {}
RESULT: {"script":"<script> [776 bytes]","args":[{"enterText":"Material","selector":{"id":"application-manageresources-display-component---newResourceUnit--PLANNING_GROUP","interaction":{"idSuffix":"inner"}},"clearTextFirst":true,"interactionType":"ENTER_TEXT"}]}
COMMAND: POST /session/73a4fd280a32fd38d4d0602b1d656d13/execute/async - {"script":"<script> [1562 bytes]","args":[{"selector":{"id":"application-manageresources-display-component---newResourceUnit--PLANNING_INDICATOR","interaction":{"idSuffix":"inner"}},"wdio_ui5_key":"applicationmanageresources-display-component---newResourceUnit--PLANNING_INDICATOR"}]}
RESULT: {"script":"<script> [1562 bytes]","args":[{"selector":{"id":"application-manageresources-display-component---newResourceUnit--PLANNING_INDICATOR","interaction":{"idSuffix":"inner"}},"wdio_ui5_key":"applicationmanageresources-display-component---newResourceUnit--PLANNING_INDICATOR"}]}
RESULT: undefined
COMMAND: POST /session/73a4fd280a32fd38d4d0602b1d656d13/execute/async - {"script":"<script> [776 bytes]","args":[{"enterText":"10 - infinite","selector":{"id":"application-manageresources-display-component---newResourceUnit--PLANNING_INDICATOR","interaction":{"idSuffix":"inner"}},"clearTextFirst":true,"interactionType":"ENTER_TEXT"}]}
RESULT: {"script":"<script> [776 bytes]","args":[{"enterText":"10 - infinite","selector":{"id":"application-manageresources-display-component---newResourceUnit--PLANNING_INDICATOR","interaction":{"idSuffix":"inner"}},"clearTextFirst":true,"interactionType":"ENTER_TEXT"}]}
COMMAND: POST /session/73a4fd280a32fd38d4d0602b1d656d13/element - {"using":"css selector","value":"#application-manageresources-display-component---newResourceUnit--btnAddTimeSegment"}
RESULT: {"using":"css selector","value":"#application-manageresources-display-component---newResourceUnit--btnAddTimeSegment"}
COMMAND: GET /session/73a4fd280a32fd38d4d0602b1d656d13/element/f.8A8223F9DEA97DA973980CAD3BB2ACE0.d.38DD9F1D7CCFBF87C087E265530E3311.e.16530/rect - {}
RESULT: {}
COMMAND: GET /session/73a4fd280a32fd38d4d0602b1d656d13/window/rect - {}
RESULT: {}
COMMAND: POST /session/73a4fd280a32fd38d4d0602b1d656d13/execute/sync - {"script":"<script> [92 bytes]","args":[]}
RESULT: {"script":"<script> [92 bytes]","args":[]}
COMMAND: POST /session/73a4fd280a32fd38d4d0602b1d656d13/actions - {"actions":[{"id":"action53","type":"wheel","parameters":{},"actions":[{"type":"scroll","x":-1888,"y":-32,"deltaX":0,"deltaY":0,"duration":0,"origin":{"element-6066-11e4-a52e-4f735466cecf":"f.8A8223F9DEA97DA973980CAD3BB2ACE0.d.38DD9F1D7CCFBF87C087E265530E3311.e.16530"}}]}]}
COMMAND: GET /session/73a4fd280a32fd38d4d0602b1d656d13/screenshot - {}
RESULT: {}
COMMAND: POST /session/73a4fd280a32fd38d4d0602b1d656d13/execute/sync - {"script":"<script> [79 bytes]","args":[{"element-6066-11e4-a52e-4f735466cecf":"f.8A8223F9DEA97DA973980CAD3BB2ACE0.d.38DD9F1D7CCFBF87C087E265530E3311.e.16530","ELEMENT":"f.8A8223F9DEA97DA973980CAD3BB2ACE0.d.38DD9F1D7CCFBF87C087E265530E3311.e.16530"},{"block":"start","inline":"nearest"}]}
RESULT: {"script":"<script> [79 bytes]","args":[{"element-6066-11e4-a52e-4f735466cecf":"f.8A8223F9DEA97DA973980CAD3BB2ACE0.d.38DD9F1D7CCFBF87C087E265530E3311.e.16530","ELEMENT":"f.8A8223F9DEA97DA973980CAD3BB2ACE0.d.38DD9F1D7CCFBF87C087E265530E3311.e.16530"},{"block":"start","inline":"nearest"}]}
COMMAND: POST /session/73a4fd280a32fd38d4d0602b1d656d13/execute/async - {"script":"<script> [1562 bytes]","args":[{"selector":{"id":"application-manageresources-display-component---newResourceUnit--btnAddTimeSegment","interaction":{"idSuffix":"inner"}},"wdio_ui5_key":"applicationmanageresources-display-component---newResourceUnit--btnAddTimeSegment"}]}
COMMAND: GET /session/73a4fd280a32fd38d4d0602b1d656d13/screenshot - {}
RESULT: {"script":"<script> [1562 bytes]","args":[{"selector":{"id":"application-manageresources-display-component---newResourceUnit--btnAddTimeSegment","interaction":{"idSuffix":"inner"}},"wdio_ui5_key":"applicationmanageresources-display-component---newResourceUnit--btnAddTimeSegment"}]}
RESULT: undefined
COMMAND: POST /session/73a4fd280a32fd38d4d0602b1d656d13/element - {"using":"xpath","value":"//*[@id=\"application-manageresources-display-component---newResourceUnit--btnAddTimeSegment\"]"}
RESULT: {}
RESULT: {"using":"xpath","value":"//*[@id=\"application-manageresources-display-component---newResourceUnit--btnAddTimeSegment\"]"}
COMMAND: POST /session/73a4fd280a32fd38d4d0602b1d656d13/element/f.8A8223F9DEA97DA973980CAD3BB2ACE0.d.38DD9F1D7CCFBF87C087E265530E3311.e.16530/click - {}
RESULT: {}
COMMAND: GET /session/73a4fd280a32fd38d4d0602b1d656d13/screenshot - {}
RESULT: {}
COMMAND: POST /session/73a4fd280a32fd38d4d0602b1d656d13/element - {"using":"xpath","value":"//input[@id=\"application-manageresources-display-component---newResourceUnit--idRuTSAdmin-application-manageresources-display-component---newResourceUnit--RUTimeSegment-0-inner\"]"}
RESULT: {"using":"xpath","value":"//input[@id=\"application-manageresources-display-component---newResourceUnit--idRuTSAdmin-application-manageresources-display-component---newResourceUnit--RUTimeSegment-0-inner\"]"}
COMMAND: POST /session/73a4fd280a32fd38d4d0602b1d656d13/element/f.8A8223F9DEA97DA973980CAD3BB2ACE0.d.38DD9F1D7CCFBF87C087E265530E3311.e.16535/clear - {}
RESULT: {}
COMMAND: POST /session/73a4fd280a32fd38d4d0602b1d656d13/element/f.8A8223F9DEA97DA973980CAD3BB2ACE0.d.38DD9F1D7CCFBF87C087E265530E3311.e.16535/value - {"text":"407"}
COMMAND: GET /session/73a4fd280a32fd38d4d0602b1d656d13/screenshot - {}
RESULT: {"text":"407"}
COMMAND: GET /session/73a4fd280a32fd38d4d0602b1d656d13/screenshot - {}
RESULT: {}
RESULT: {}
COMMAND: POST /session/73a4fd280a32fd38d4d0602b1d656d13/element - {"using":"xpath","value":"//li[.//span[text()='407']]"}
RESULT: {"using":"xpath","value":"//li[.//span[text()='407']]"}
COMMAND: POST /session/73a4fd280a32fd38d4d0602b1d656d13/element/f.8A8223F9DEA97DA973980CAD3BB2ACE0.d.38DD9F1D7CCFBF87C087E265530E3311.e.16544/click - {}
RESULT: {}
COMMAND: GET /session/73a4fd280a32fd38d4d0602b1d656d13/screenshot - {}
RESULT: {}
COMMAND: POST /session/73a4fd280a32fd38d4d0602b1d656d13/element - {"using":"xpath","value":"(//span[contains(@id, \"-application-manageresources-display-component---newResourceUnit--RUTimeSegment-0-arrow\")])[2]"}
RESULT: {"using":"xpath","value":"(//span[contains(@id, \"-application-manageresources-display-component---newResourceUnit--RUTimeSegment-0-arrow\")])[2]"}
COMMAND: POST /session/73a4fd280a32fd38d4d0602b1d656d13/element/f.8A8223F9DEA97DA973980CAD3BB2ACE0.d.38DD9F1D7CCFBF87C087E265530E3311.e.16545/click - {}
RESULT: {}
COMMAND: POST /session/73a4fd280a32fd38d4d0602b1d656d13/element - {"using":"xpath","value":"//span[contains(text(), \"PM Order\")]"}
COMMAND: GET /session/73a4fd280a32fd38d4d0602b1d656d13/screenshot - {}
RESULT: {"using":"xpath","value":"//span[contains(text(), \"PM Order\")]"}
COMMAND: POST /session/73a4fd280a32fd38d4d0602b1d656d13/element/f.8A8223F9DEA97DA973980CAD3BB2ACE0.d.38DD9F1D7CCFBF87C087E265530E3311.e.16546/click - {}
RESULT: {}
RESULT: {}
COMMAND: GET /session/73a4fd280a32fd38d4d0602b1d656d13/screenshot - {}
RESULT: {}
COMMAND: POST /session/73a4fd280a32fd38d4d0602b1d656d13/element - {"using":"xpath","value":"//td/div/div/div/span[contains(@id, \"newResourceUnit--RUTimeSegment-0-vhi\")][1]"}
RESULT: {"using":"xpath","value":"//td/div/div/div/span[contains(@id, \"newResourceUnit--RUTimeSegment-0-vhi\")][1]"}
COMMAND: GET /session/73a4fd280a32fd38d4d0602b1d656d13/element/f.8A8223F9DEA97DA973980CAD3BB2ACE0.d.38DD9F1D7CCFBF87C087E265530E3311.e.16550/rect - {}
RESULT: {}
COMMAND: GET /session/73a4fd280a32fd38d4d0602b1d656d13/window/rect - {}
RESULT: {}
COMMAND: POST /session/73a4fd280a32fd38d4d0602b1d656d13/execute/sync - {"script":"<script> [92 bytes]","args":[]}
RESULT: {"script":"<script> [92 bytes]","args":[]}
COMMAND: POST /session/73a4fd280a32fd38d4d0602b1d656d13/actions - {"actions":[{"id":"action54","type":"wheel","parameters":{},"actions":[{"type":"scroll","x":-1888,"y":-24,"deltaX":0,"deltaY":0,"duration":0,"origin":{"element-6066-11e4-a52e-4f735466cecf":"f.8A8223F9DEA97DA973980CAD3BB2ACE0.d.38DD9F1D7CCFBF87C087E265530E3311.e.16550"}}]}]}
COMMAND: GET /session/73a4fd280a32fd38d4d0602b1d656d13/screenshot - {}
RESULT: {}
COMMAND: POST /session/73a4fd280a32fd38d4d0602b1d656d13/execute/sync - {"script":"<script> [79 bytes]","args":[{"element-6066-11e4-a52e-4f735466cecf":"f.8A8223F9DEA97DA973980CAD3BB2ACE0.d.38DD9F1D7CCFBF87C087E265530E3311.e.16550","ELEMENT":"f.8A8223F9DEA97DA973980CAD3BB2ACE0.d.38DD9F1D7CCFBF87C087E265530E3311.e.16550"},{"block":"start","inline":"nearest"}]}
RESULT: {"script":"<script> [79 bytes]","args":[{"element-6066-11e4-a52e-4f735466cecf":"f.8A8223F9DEA97DA973980CAD3BB2ACE0.d.38DD9F1D7CCFBF87C087E265530E3311.e.16550","ELEMENT":"f.8A8223F9DEA97DA973980CAD3BB2ACE0.d.38DD9F1D7CCFBF87C087E265530E3311.e.16550"},{"block":"start","inline":"nearest"}]}
COMMAND: GET /session/73a4fd280a32fd38d4d0602b1d656d13/screenshot - {}
RESULT: {}
COMMAND: POST /session/73a4fd280a32fd38d4d0602b1d656d13/element/f.8A8223F9DEA97DA973980CAD3BB2ACE0.d.38DD9F1D7CCFBF87C087E265530E3311.e.16550/click - {}
RESULT: {}
COMMAND: GET /session/73a4fd280a32fd38d4d0602b1d656d13/screenshot - {}
RESULT: {}
COMMAND: POST /session/73a4fd280a32fd38d4d0602b1d656d13/execute/async - {"script":"<script> [1562 bytes]","args":[{"selector":{"controlType":"sap.m.SearchField","properties":{"placeholder":"Search"},"searchOpenDialogs":true,"interaction":{"idSuffix":"I"}},"wdio_ui5_key":"sapm.SearchField{\"placeholder\":\"Search\"}"}]}
RESULT: {"script":"<script> [1562 bytes]","args":[{"selector":{"controlType":"sap.m.SearchField","properties":{"placeholder":"Search"},"searchOpenDialogs":true,"interaction":{"idSuffix":"I"}},"wdio_ui5_key":"sapm.SearchField{\"placeholder\":\"Search\"}"}]}
RESULT: undefined
COMMAND: POST /session/73a4fd280a32fd38d4d0602b1d656d13/execute/async - {"script":"<script> [776 bytes]","args":[{"enterText":"4000360","selector":{"controlType":"sap.m.SearchField","properties":{"placeholder":"Search"},"searchOpenDialogs":true,"interaction":{"idSuffix":"I"}},"clearTextFirst":true,"interactionType":"ENTER_TEXT"}]}
RESULT: {"script":"<script> [776 bytes]","args":[{"enterText":"4000360","selector":{"controlType":"sap.m.SearchField","properties":{"placeholder":"Search"},"searchOpenDialogs":true,"interaction":{"idSuffix":"I"}},"clearTextFirst":true,"interactionType":"ENTER_TEXT"}]}
COMMAND: POST /session/73a4fd280a32fd38d4d0602b1d656d13/actions - {"actions":[{"id":"action55","type":"key","parameters":{},"actions":[{"type":"keyDown","value":"î€‡"},{"type":"pause","duration":10},{"type":"keyUp","value":"î€‡"}]}]}
RESULT: {"actions":[{"id":"action55","type":"key","parameters":{},"actions":[{"type":"keyDown","value":"î€‡"},{"type":"pause","duration":10},{"type":"keyUp","value":"î€‡"}]}]}
COMMAND: GET /session/73a4fd280a32fd38d4d0602b1d656d13/screenshot - {}
RESULT: {}
COMMAND: POST /session/73a4fd280a32fd38d4d0602b1d656d13/element - {"using":"xpath","value":"//td/div/span[contains(text(), \"BGL Vehicles\")]"}
RESULT: {"using":"xpath","value":"//td/div/span[contains(text(), \"BGL Vehicles\")]"}
COMMAND: POST /session/73a4fd280a32fd38d4d0602b1d656d13/element/f.8A8223F9DEA97DA973980CAD3BB2ACE0.d.38DD9F1D7CCFBF87C087E265530E3311.e.16572/click - {}
RESULT: {}
COMMAND: GET /session/73a4fd280a32fd38d4d0602b1d656d13/screenshot - {}
RESULT: {}
COMMAND: POST /session/73a4fd280a32fd38d4d0602b1d656d13/element - {"using":"xpath","value":"//bdi[contains(text(), \"OK\")]"}
RESULT: {"using":"xpath","value":"//bdi[contains(text(), \"OK\")]"}
COMMAND: POST /session/73a4fd280a32fd38d4d0602b1d656d13/element/f.8A8223F9DEA97DA973980CAD3BB2ACE0.d.38DD9F1D7CCFBF87C087E265530E3311.e.16573/click - {}
RESULT: {}
COMMAND: GET /session/73a4fd280a32fd38d4d0602b1d656d13/screenshot - {}
RESULT: {}
COMMAND: POST /session/73a4fd280a32fd38d4d0602b1d656d13/element - {"using":"xpath","value":"//label[contains(@class, 'sapMLabelRequired') and .//bdi[contains(text(), 'Planned Retirement')]]"}
RESULT: {"using":"xpath","value":"//label[contains(@class, 'sapMLabelRequired') and .//bdi[contains(text(), 'Planned Retirement')]]"}
COMMAND: POST /session/73a4fd280a32fd38d4d0602b1d656d13/elements - {"using":"xpath","value":"//label[contains(@class, 'sapMLabelRequired') and .//bdi[contains(text(), 'Planned Retirement')]]"}
RESULT: {"using":"xpath","value":"//label[contains(@class, 'sapMLabelRequired') and .//bdi[contains(text(), 'Planned Retirement')]]"}
COMMAND: POST /session/73a4fd280a32fd38d4d0602b1d656d13/element - {"using":"xpath","value":"//button[@data-kt=\"resourceUnitSaveButton\"]"}
RESULT: {"using":"xpath","value":"//button[@data-kt=\"resourceUnitSaveButton\"]"}
COMMAND: POST /session/73a4fd280a32fd38d4d0602b1d656d13/element/f.8A8223F9DEA97DA973980CAD3BB2ACE0.d.38DD9F1D7CCFBF87C087E265530E3311.e.16472/click - {}
RESULT: {}
COMMAND: GET /session/73a4fd280a32fd38d4d0602b1d656d13/screenshot - {}
RESULT: {}
COMMAND: POST /session/73a4fd280a32fd38d4d0602b1d656d13/element - {"using":"xpath","value":"//bdi[contains(text(), \"Close\")]"}
RESULT: {"using":"xpath","value":"//bdi[contains(text(), \"Close\")]"}
COMMAND: POST /session/73a4fd280a32fd38d4d0602b1d656d13/element/f.8A8223F9DEA97DA973980CAD3BB2ACE0.d.38DD9F1D7CCFBF87C087E265530E3311.e.16579/click - {}
RESULT: {}
COMMAND: GET /session/73a4fd280a32fd38d4d0602b1d656d13/screenshot - {}
RESULT: {}
COMMAND: POST /session/73a4fd280a32fd38d4d0602b1d656d13/element - {"using":"xpath","value":"//header[contains(@id, 'detailRruPage-headerTitle')]/div[1]/div[2]/div[2]/span[1]"}
RESULT: {"using":"xpath","value":"//header[contains(@id, 'detailRruPage-headerTitle')]/div[1]/div[2]/div[2]/span[1]"}
COMMAND: POST /session/73a4fd280a32fd38d4d0602b1d656d13/elements - {"using":"xpath","value":"//header[contains(@id, 'detailRruPage-headerTitle')]/div[1]/div[2]/div[2]/span[1]"}
RESULT: {"using":"xpath","value":"//header[contains(@id, 'detailRruPage-headerTitle')]/div[1]/div[2]/div[2]/span[1]"}
COMMAND: POST /session/73a4fd280a32fd38d4d0602b1d656d13/execute/sync - {"script":"<script> [56 bytes]","args":[{"element-6066-11e4-a52e-4f735466cecf":"f.8A8223F9DEA97DA973980CAD3BB2ACE0.d.38DD9F1D7CCFBF87C087E265530E3311.e.16607","ELEMENT":"f.8A8223F9DEA97DA973980CAD3BB2ACE0.d.38DD9F1D7CCFBF87C087E265530E3311.e.16607"}]}
RESULT: {"script":"<script> [56 bytes]","args":[{"element-6066-11e4-a52e-4f735466cecf":"f.8A8223F9DEA97DA973980CAD3BB2ACE0.d.38DD9F1D7CCFBF87C087E265530E3311.e.16607","ELEMENT":"f.8A8223F9DEA97DA973980CAD3BB2ACE0.d.38DD9F1D7CCFBF87C087E265530E3311.e.16607"}]}
COMMAND: POST /session/73a4fd280a32fd38d4d0602b1d656d13/element - {"using":"css selector","value":"#shell-header-logo"}
COMMAND: GET /session/73a4fd280a32fd38d4d0602b1d656d13/screenshot - {}
RESULT: {"using":"css selector","value":"#shell-header-logo"}
COMMAND: POST /session/73a4fd280a32fd38d4d0602b1d656d13/element/f.8A8223F9DEA97DA973980CAD3BB2ACE0.d.38DD9F1D7CCFBF87C087E265530E3311.e.15946/click - {}
RESULT: {}
RESULT: {}
COMMAND: GET /session/73a4fd280a32fd38d4d0602b1d656d13/screenshot - {}
RESULT: {}
]]></system-out>
    </testcase>
  </testsuite>
  <testsuite timestamp="2025-05-15T17:12:49" time="347.541" tests="6" failures="2" errors="2" skipped="0">
    <properties>
      <property name="specId" value="0" />
      <property name="suiteName" value="Provide to Site w/o warehouse management w/o clarification" />
      <property name="capabilities" value="chrome.136_0_7103_93.windows" />
      <property name="file" value="file:///D:/a/1/s/test/specs/HTR/provide-to-site-wo-warehouse-wo-clarification.spec.js" />
    </properties>
    <testcase classname="chrome.136_0_7103_93.windows.Provide_to_Site_w/o_warehouse_management_w/o_clarification" name="Should do a stock increase handover" time="99.826">
      <system-out><![CDATA[
COMMAND: POST /session/73a4fd280a32fd38d4d0602b1d656d13/execute/async - {"script":"<script> [1562 bytes]","args":[{"selector":{"controlType":"sap.m.GenericTile","properties":{"header":"Manage Handovers"}},"wdio_ui5_key":"sapm.GenericTile{\"header\":\"Manage Handovers\"}"}]}
RESULT: {"script":"<script> [1562 bytes]","args":[{"selector":{"controlType":"sap.m.GenericTile","properties":{"header":"Manage Handovers"}},"wdio_ui5_key":"sapm.GenericTile{\"header\":\"Manage Handovers\"}"}]}
RESULT: undefined
COMMAND: POST /session/73a4fd280a32fd38d4d0602b1d656d13/element - {"using":"xpath","value":"//*[@id=\"__tile133\"]"}
RESULT: {"using":"xpath","value":"//*[@id=\"__tile133\"]"}
COMMAND: POST /session/73a4fd280a32fd38d4d0602b1d656d13/element/f.8A8223F9DEA97DA973980CAD3BB2ACE0.d.38DD9F1D7CCFBF87C087E265530E3311.e.15994/click - {}
RESULT: {}
COMMAND: GET /session/73a4fd280a32fd38d4d0602b1d656d13/screenshot - {}
COMMAND: POST /session/73a4fd280a32fd38d4d0602b1d656d13/elements - {"using":"xpath","value":"//span[text()='Error']"}
RESULT: {}
RESULT: {"using":"xpath","value":"//span[text()='Error']"}
COMMAND: POST /session/73a4fd280a32fd38d4d0602b1d656d13/element - {"using":"xpath","value":"//button[@data-kt=\"masterHOAddButton\"]"}
RESULT: {"using":"xpath","value":"//button[@data-kt=\"masterHOAddButton\"]"}
COMMAND: POST /session/73a4fd280a32fd38d4d0602b1d656d13/elements - {"using":"xpath","value":"//button[@data-kt=\"masterHOAddButton\"]"}
RESULT: {"using":"xpath","value":"//button[@data-kt=\"masterHOAddButton\"]"}
COMMAND: POST /session/73a4fd280a32fd38d4d0602b1d656d13/element - {"using":"xpath","value":"//button[@data-kt=\"masterHOAddButton\"]"}
RESULT: {"using":"xpath","value":"//button[@data-kt=\"masterHOAddButton\"]"}
COMMAND: POST /session/73a4fd280a32fd38d4d0602b1d656d13/execute/sync - {"script":"<script> [8489 bytes]","args":[{"element-6066-11e4-a52e-4f735466cecf":"f.8A8223F9DEA97DA973980CAD3BB2ACE0.d.38DD9F1D7CCFBF87C087E265530E3311.e.16645","ELEMENT":"f.8A8223F9DEA97DA973980CAD3BB2ACE0.d.38DD9F1D7CCFBF87C087E265530E3311.e.16645"}]}
RESULT: {"script":"<script> [8489 bytes]","args":[{"element-6066-11e4-a52e-4f735466cecf":"f.8A8223F9DEA97DA973980CAD3BB2ACE0.d.38DD9F1D7CCFBF87C087E265530E3311.e.16645","ELEMENT":"f.8A8223F9DEA97DA973980CAD3BB2ACE0.d.38DD9F1D7CCFBF87C087E265530E3311.e.16645"}]}
COMMAND: GET /session/73a4fd280a32fd38d4d0602b1d656d13/element/f.8A8223F9DEA97DA973980CAD3BB2ACE0.d.38DD9F1D7CCFBF87C087E265530E3311.e.16645/enabled - {}
COMMAND: GET /session/73a4fd280a32fd38d4d0602b1d656d13/screenshot - {}
RESULT: {}
COMMAND: POST /session/73a4fd280a32fd38d4d0602b1d656d13/execute/sync - {"script":"<script> [8489 bytes]","args":[{"element-6066-11e4-a52e-4f735466cecf":"f.8A8223F9DEA97DA973980CAD3BB2ACE0.d.38DD9F1D7CCFBF87C087E265530E3311.e.16645","ELEMENT":"f.8A8223F9DEA97DA973980CAD3BB2ACE0.d.38DD9F1D7CCFBF87C087E265530E3311.e.16645"}]}
COMMAND: GET /session/73a4fd280a32fd38d4d0602b1d656d13/screenshot - {}
RESULT: {}
RESULT: {"script":"<script> [8489 bytes]","args":[{"element-6066-11e4-a52e-4f735466cecf":"f.8A8223F9DEA97DA973980CAD3BB2ACE0.d.38DD9F1D7CCFBF87C087E265530E3311.e.16645","ELEMENT":"f.8A8223F9DEA97DA973980CAD3BB2ACE0.d.38DD9F1D7CCFBF87C087E265530E3311.e.16645"}]}
COMMAND: POST /session/73a4fd280a32fd38d4d0602b1d656d13/execute/sync - {"script":"<script> [5351 bytes]","args":[{"element-6066-11e4-a52e-4f735466cecf":"f.8A8223F9DEA97DA973980CAD3BB2ACE0.d.38DD9F1D7CCFBF87C087E265530E3311.e.16645","ELEMENT":"f.8A8223F9DEA97DA973980CAD3BB2ACE0.d.38DD9F1D7CCFBF87C087E265530E3311.e.16645"}]}
COMMAND: GET /session/73a4fd280a32fd38d4d0602b1d656d13/screenshot - {}
RESULT: {}
RESULT: {"script":"<script> [5351 bytes]","args":[{"element-6066-11e4-a52e-4f735466cecf":"f.8A8223F9DEA97DA973980CAD3BB2ACE0.d.38DD9F1D7CCFBF87C087E265530E3311.e.16645","ELEMENT":"f.8A8223F9DEA97DA973980CAD3BB2ACE0.d.38DD9F1D7CCFBF87C087E265530E3311.e.16645"}]}
COMMAND: POST /session/73a4fd280a32fd38d4d0602b1d656d13/element/f.8A8223F9DEA97DA973980CAD3BB2ACE0.d.38DD9F1D7CCFBF87C087E265530E3311.e.16645/click - {}
COMMAND: GET /session/73a4fd280a32fd38d4d0602b1d656d13/screenshot - {}
RESULT: {}
RESULT: {}
COMMAND: GET /session/73a4fd280a32fd38d4d0602b1d656d13/screenshot - {}
RESULT: {}
RESULT: {}
COMMAND: POST /session/73a4fd280a32fd38d4d0602b1d656d13/element - {"using":"xpath","value":"//span[contains(@id ,\"AddNewHO--typeSelect-arrow\")]"}
RESULT: {"using":"xpath","value":"//span[contains(@id ,\"AddNewHO--typeSelect-arrow\")]"}
COMMAND: POST /session/73a4fd280a32fd38d4d0602b1d656d13/element/f.8A8223F9DEA97DA973980CAD3BB2ACE0.d.38DD9F1D7CCFBF87C087E265530E3311.e.16999/click - {}
RESULT: {}
COMMAND: GET /session/73a4fd280a32fd38d4d0602b1d656d13/screenshot - {}
RESULT: {}
COMMAND: POST /session/73a4fd280a32fd38d4d0602b1d656d13/element - {"using":"xpath","value":"(//li[contains(text(), \"stock increase yard\")])[1]"}
RESULT: {"using":"xpath","value":"(//li[contains(text(), \"stock increase yard\")])[1]"}
COMMAND: POST /session/73a4fd280a32fd38d4d0602b1d656d13/element/f.8A8223F9DEA97DA973980CAD3BB2ACE0.d.38DD9F1D7CCFBF87C087E265530E3311.e.17000/click - {}
RESULT: {}
COMMAND: GET /session/73a4fd280a32fd38d4d0602b1d656d13/screenshot - {}
RESULT: {}
COMMAND: POST /session/73a4fd280a32fd38d4d0602b1d656d13/execute/async - {"script":"<script> [1562 bytes]","args":[{"selector":{"id":"application-managehandovers-display-component---AddNewHO--dueDate","interaction":{"idSuffix":"inner"}},"wdio_ui5_key":"applicationmanagehandovers-display-component---AddNewHO--dueDate"}]}
RESULT: {"script":"<script> [1562 bytes]","args":[{"selector":{"id":"application-managehandovers-display-component---AddNewHO--dueDate","interaction":{"idSuffix":"inner"}},"wdio_ui5_key":"applicationmanagehandovers-display-component---AddNewHO--dueDate"}]}
RESULT: undefined
COMMAND: POST /session/73a4fd280a32fd38d4d0602b1d656d13/execute/async - {"script":"<script> [6424 bytes]","args":[{"element-6066-11e4-a52e-4f735466cecf":"f.8A8223F9DEA97DA973980CAD3BB2ACE0.d.38DD9F1D7CCFBF87C087E265530E3311.e.17004"},"setValue",["5/15/25"]]}
RESULT: {"script":"<script> [6424 bytes]","args":[{"element-6066-11e4-a52e-4f735466cecf":"f.8A8223F9DEA97DA973980CAD3BB2ACE0.d.38DD9F1D7CCFBF87C087E265530E3311.e.17004"},"setValue",["5/15/25"]]}
COMMAND: POST /session/73a4fd280a32fd38d4d0602b1d656d13/element - {"using":"xpath","value":"//input[@id=\"generalSectionFrg--receiveYard-inner\"]"}
RESULT: {"using":"xpath","value":"//input[@id=\"generalSectionFrg--receiveYard-inner\"]"}
COMMAND: POST /session/73a4fd280a32fd38d4d0602b1d656d13/element/f.8A8223F9DEA97DA973980CAD3BB2ACE0.d.38DD9F1D7CCFBF87C087E265530E3311.e.17008/clear - {}
RESULT: {}
COMMAND: POST /session/73a4fd280a32fd38d4d0602b1d656d13/element/f.8A8223F9DEA97DA973980CAD3BB2ACE0.d.38DD9F1D7CCFBF87C087E265530E3311.e.17008/value - {"text":"407"}
COMMAND: GET /session/73a4fd280a32fd38d4d0602b1d656d13/screenshot - {}
RESULT: {"text":"407"}
COMMAND: GET /session/73a4fd280a32fd38d4d0602b1d656d13/screenshot - {}
RESULT: {}
RESULT: {}
COMMAND: POST /session/73a4fd280a32fd38d4d0602b1d656d13/element - {"using":"xpath","value":"//li[.//span[text()='407']]"}
RESULT: {"using":"xpath","value":"//li[.//span[text()='407']]"}
COMMAND: POST /session/73a4fd280a32fd38d4d0602b1d656d13/element/f.8A8223F9DEA97DA973980CAD3BB2ACE0.d.38DD9F1D7CCFBF87C087E265530E3311.e.17024/click - {}
RESULT: {}
COMMAND: GET /session/73a4fd280a32fd38d4d0602b1d656d13/screenshot - {}
RESULT: {}
COMMAND: POST /session/73a4fd280a32fd38d4d0602b1d656d13/execute/async - {"script":"<script> [1562 bytes]","args":[{"selector":{"id":"application-managehandovers-display-component---AddNewHO--ObjectPageLayout-anchBar-application-managehandovers-display-component---AddNewHO--section4-anchor","interaction":{"idSuffix":"BDI-content"}},"wdio_ui5_key":"applicationmanagehandovers-display-component---AddNewHO--ObjectPageLayout-anchBar-application-managehandovers-display-component---AddNewHO--section4-anchor"}]}
RESULT: {"script":"<script> [1562 bytes]","args":[{"selector":{"id":"application-managehandovers-display-component---AddNewHO--ObjectPageLayout-anchBar-application-managehandovers-display-component---AddNewHO--section4-anchor","interaction":{"idSuffix":"BDI-content"}},"wdio_ui5_key":"applicationmanagehandovers-display-component---AddNewHO--ObjectPageLayout-anchBar-application-managehandovers-display-component---AddNewHO--section4-anchor"}]}
RESULT: undefined
COMMAND: POST /session/73a4fd280a32fd38d4d0602b1d656d13/element - {"using":"xpath","value":"//*[@id=\"application-managehandovers-display-component---AddNewHO--ObjectPageLayout-anchBar-application-managehandovers-display-component---AddNewHO--section4-anchor\"]"}
RESULT: {"using":"xpath","value":"//*[@id=\"application-managehandovers-display-component---AddNewHO--ObjectPageLayout-anchBar-application-managehandovers-display-component---AddNewHO--section4-anchor\"]"}
COMMAND: POST /session/73a4fd280a32fd38d4d0602b1d656d13/element/f.8A8223F9DEA97DA973980CAD3BB2ACE0.d.38DD9F1D7CCFBF87C087E265530E3311.e.17026/click - {}
RESULT: {}
COMMAND: POST /session/73a4fd280a32fd38d4d0602b1d656d13/element - {"using":"xpath","value":"//button[@aria-label=\"Add\"]"}
COMMAND: GET /session/73a4fd280a32fd38d4d0602b1d656d13/screenshot - {}
RESULT: {"using":"xpath","value":"//button[@aria-label=\"Add\"]"}
COMMAND: POST /session/73a4fd280a32fd38d4d0602b1d656d13/element/f.8A8223F9DEA97DA973980CAD3BB2ACE0.d.38DD9F1D7CCFBF87C087E265530E3311.e.17028/click - {}
RESULT: {}
RESULT: {}
COMMAND: GET /session/73a4fd280a32fd38d4d0602b1d656d13/screenshot - {}
RESULT: {}
COMMAND: POST /session/73a4fd280a32fd38d4d0602b1d656d13/execute/async - {"script":"<script> [1562 bytes]","args":[{"selector":{"id":"application-managehandovers-display-component---AddNewHO--smartFilterBar-btnBasicSearch","searchOpenDialogs":true,"interaction":{"idSuffix":"I"}},"wdio_ui5_key":"applicationmanagehandovers-display-component---AddNewHO--smartFilterBar-btnBasicSearch"}]}
RESULT: {"script":"<script> [1562 bytes]","args":[{"selector":{"id":"application-managehandovers-display-component---AddNewHO--smartFilterBar-btnBasicSearch","searchOpenDialogs":true,"interaction":{"idSuffix":"I"}},"wdio_ui5_key":"applicationmanagehandovers-display-component---AddNewHO--smartFilterBar-btnBasicSearch"}]}
RESULT: undefined
COMMAND: POST /session/73a4fd280a32fd38d4d0602b1d656d13/execute/async - {"script":"<script> [776 bytes]","args":[{"enterText":"200194","selector":{"id":"application-managehandovers-display-component---AddNewHO--smartFilterBar-btnBasicSearch","searchOpenDialogs":true,"interaction":{"idSuffix":"I"}},"clearTextFirst":true,"interactionType":"ENTER_TEXT"}]}
RESULT: {"script":"<script> [776 bytes]","args":[{"enterText":"200194","selector":{"id":"application-managehandovers-display-component---AddNewHO--smartFilterBar-btnBasicSearch","searchOpenDialogs":true,"interaction":{"idSuffix":"I"}},"clearTextFirst":true,"interactionType":"ENTER_TEXT"}]}
COMMAND: POST /session/73a4fd280a32fd38d4d0602b1d656d13/actions - {"actions":[{"id":"action56","type":"key","parameters":{},"actions":[{"type":"keyDown","value":"î€‡"},{"type":"pause","duration":10},{"type":"keyUp","value":"î€‡"}]}]}
RESULT: {"actions":[{"id":"action56","type":"key","parameters":{},"actions":[{"type":"keyDown","value":"î€‡"},{"type":"pause","duration":10},{"type":"keyUp","value":"î€‡"}]}]}
COMMAND: GET /session/73a4fd280a32fd38d4d0602b1d656d13/screenshot - {}
RESULT: {}
COMMAND: POST /session/73a4fd280a32fd38d4d0602b1d656d13/execute/async - {"script":"<script> [1562 bytes]","args":[{"selector":{"id":"application-managehandovers-display-component---AddNewHO--popup-sa","searchOpenDialogs":true,"interaction":{"idSuffix":"CbBg"}},"wdio_ui5_key":"applicationmanagehandovers-display-component---AddNewHO--popup-sa"}]}
RESULT: {"script":"<script> [1562 bytes]","args":[{"selector":{"id":"application-managehandovers-display-component---AddNewHO--popup-sa","searchOpenDialogs":true,"interaction":{"idSuffix":"CbBg"}},"wdio_ui5_key":"applicationmanagehandovers-display-component---AddNewHO--popup-sa"}]}
RESULT: undefined
COMMAND: POST /session/73a4fd280a32fd38d4d0602b1d656d13/element - {"using":"xpath","value":"//*[@id=\"application-managehandovers-display-component---AddNewHO--popup-sa\"]"}
RESULT: {"using":"xpath","value":"//*[@id=\"application-managehandovers-display-component---AddNewHO--popup-sa\"]"}
COMMAND: POST /session/73a4fd280a32fd38d4d0602b1d656d13/element/f.8A8223F9DEA97DA973980CAD3BB2ACE0.d.38DD9F1D7CCFBF87C087E265530E3311.e.17180/click - {}
RESULT: {}
COMMAND: GET /session/73a4fd280a32fd38d4d0602b1d656d13/screenshot - {}
RESULT: {}
COMMAND: POST /session/73a4fd280a32fd38d4d0602b1d656d13/element - {"using":"xpath","value":"//bdi[contains(text(), \"Select\")]"}
RESULT: {"using":"xpath","value":"//bdi[contains(text(), \"Select\")]"}
COMMAND: POST /session/73a4fd280a32fd38d4d0602b1d656d13/element/f.8A8223F9DEA97DA973980CAD3BB2ACE0.d.38DD9F1D7CCFBF87C087E265530E3311.e.17181/click - {}
RESULT: {}
COMMAND: GET /session/73a4fd280a32fd38d4d0602b1d656d13/screenshot - {}
RESULT: {}
COMMAND: POST /session/73a4fd280a32fd38d4d0602b1d656d13/element - {"using":"xpath","value":"//button[@data-kt=\"AddNewHOSaveButton\"]"}
RESULT: {"using":"xpath","value":"//button[@data-kt=\"AddNewHOSaveButton\"]"}
COMMAND: POST /session/73a4fd280a32fd38d4d0602b1d656d13/element/f.8A8223F9DEA97DA973980CAD3BB2ACE0.d.38DD9F1D7CCFBF87C087E265530E3311.e.17185/click - {}
RESULT: {}
COMMAND: GET /session/73a4fd280a32fd38d4d0602b1d656d13/screenshot - {}
COMMAND: POST /session/73a4fd280a32fd38d4d0602b1d656d13/execute/async - {"script":"<script> [1562 bytes]","args":[{"selector":{"id":"receiptDatePicker","viewName":"etm.portal.ui.managehandovers.view.DetailExecuteHO","interaction":{"idSuffix":"inner"}},"wdio_ui5_key":"receiptDatePickeretmportal.ui.managehandovers.view.DetailExecuteHO"}]}
RESULT: {}
RESULT: {"script":"<script> [1562 bytes]","args":[{"selector":{"id":"receiptDatePicker","viewName":"etm.portal.ui.managehandovers.view.DetailExecuteHO","interaction":{"idSuffix":"inner"}},"wdio_ui5_key":"receiptDatePickeretmportal.ui.managehandovers.view.DetailExecuteHO"}]}
RESULT: undefined
COMMAND: POST /session/73a4fd280a32fd38d4d0602b1d656d13/execute/async - {"script":"<script> [6424 bytes]","args":[{"element-6066-11e4-a52e-4f735466cecf":"f.8A8223F9DEA97DA973980CAD3BB2ACE0.d.38DD9F1D7CCFBF87C087E265530E3311.e.17203"},"setValue",["5/15/25"]]}
RESULT: {"script":"<script> [6424 bytes]","args":[{"element-6066-11e4-a52e-4f735466cecf":"f.8A8223F9DEA97DA973980CAD3BB2ACE0.d.38DD9F1D7CCFBF87C087E265530E3311.e.17203"},"setValue",["5/15/25"]]}
COMMAND: POST /session/73a4fd280a32fd38d4d0602b1d656d13/element - {"using":"xpath","value":"//button[@data-kt=\"PickingTableConfirmAllButton\"]"}
RESULT: {"using":"xpath","value":"//button[@data-kt=\"PickingTableConfirmAllButton\"]"}
COMMAND: POST /session/73a4fd280a32fd38d4d0602b1d656d13/element/f.8A8223F9DEA97DA973980CAD3BB2ACE0.d.38DD9F1D7CCFBF87C087E265530E3311.e.17217/click - {}
RESULT: {}
COMMAND: GET /session/73a4fd280a32fd38d4d0602b1d656d13/screenshot - {}
RESULT: {}
COMMAND: POST /session/73a4fd280a32fd38d4d0602b1d656d13/element - {"using":"xpath","value":"//bdi[contains(text(), \"OK\")]"}
RESULT: {"using":"xpath","value":"//bdi[contains(text(), \"OK\")]"}
COMMAND: POST /session/73a4fd280a32fd38d4d0602b1d656d13/element/f.8A8223F9DEA97DA973980CAD3BB2ACE0.d.38DD9F1D7CCFBF87C087E265530E3311.e.17219/click - {}
RESULT: {}
COMMAND: GET /session/73a4fd280a32fd38d4d0602b1d656d13/screenshot - {}
RESULT: {}
COMMAND: POST /session/73a4fd280a32fd38d4d0602b1d656d13/element - {"using":"xpath","value":"(//bdi[contains(text(), \"Receive\")])[2]"}
RESULT: {"using":"xpath","value":"(//bdi[contains(text(), \"Receive\")])[2]"}
COMMAND: POST /session/73a4fd280a32fd38d4d0602b1d656d13/element/f.8A8223F9DEA97DA973980CAD3BB2ACE0.d.38DD9F1D7CCFBF87C087E265530E3311.e.17221/click - {}
RESULT: {}
COMMAND: GET /session/73a4fd280a32fd38d4d0602b1d656d13/screenshot - {}
RESULT: {}
COMMAND: POST /session/73a4fd280a32fd38d4d0602b1d656d13/element - {"using":"css selector","value":"#shell-header-logo"}
RESULT: {"using":"css selector","value":"#shell-header-logo"}
COMMAND: POST /session/73a4fd280a32fd38d4d0602b1d656d13/element/f.8A8223F9DEA97DA973980CAD3BB2ACE0.d.38DD9F1D7CCFBF87C087E265530E3311.e.16610/click - {}
RESULT: {}
COMMAND: GET /session/73a4fd280a32fd38d4d0602b1d656d13/screenshot - {}
RESULT: {}
]]></system-out>
    </testcase>
    <testcase classname="chrome.136_0_7103_93.windows.Provide_to_Site_w/o_warehouse_management_w/o_clarification" name="Should create a new contract" time="65.957">
      <system-out><![CDATA[
COMMAND: POST /session/73a4fd280a32fd38d4d0602b1d656d13/execute/async - {"script":"<script> [1562 bytes]","args":[{"selector":{"controlType":"sap.m.GenericTile","properties":{"header":"Manage Contracts"}},"wdio_ui5_key":"sapm.GenericTile{\"header\":\"Manage Contracts\"}"}]}
RESULT: {"script":"<script> [1562 bytes]","args":[{"selector":{"controlType":"sap.m.GenericTile","properties":{"header":"Manage Contracts"}},"wdio_ui5_key":"sapm.GenericTile{\"header\":\"Manage Contracts\"}"}]}
RESULT: undefined
COMMAND: POST /session/73a4fd280a32fd38d4d0602b1d656d13/element - {"using":"xpath","value":"//*[@id=\"__tile130\"]"}
RESULT: {"using":"xpath","value":"//*[@id=\"__tile130\"]"}
COMMAND: POST /session/73a4fd280a32fd38d4d0602b1d656d13/element/f.8A8223F9DEA97DA973980CAD3BB2ACE0.d.38DD9F1D7CCFBF87C087E265530E3311.e.15983/click - {}
RESULT: {}
COMMAND: GET /session/73a4fd280a32fd38d4d0602b1d656d13/screenshot - {}
COMMAND: POST /session/73a4fd280a32fd38d4d0602b1d656d13/elements - {"using":"xpath","value":"//span[text()='Error']"}
RESULT: {}
RESULT: {"using":"xpath","value":"//span[text()='Error']"}
COMMAND: POST /session/73a4fd280a32fd38d4d0602b1d656d13/element - {"using":"xpath","value":"//button[@data-kt=\"addButton\"]"}
RESULT: {"using":"xpath","value":"//button[@data-kt=\"addButton\"]"}
COMMAND: POST /session/73a4fd280a32fd38d4d0602b1d656d13/elements - {"using":"xpath","value":"//button[@data-kt=\"addButton\"]"}
RESULT: {"using":"xpath","value":"//button[@data-kt=\"addButton\"]"}
COMMAND: POST /session/73a4fd280a32fd38d4d0602b1d656d13/execute/sync - {"script":"<script> [8489 bytes]","args":[{"element-6066-11e4-a52e-4f735466cecf":"f.8A8223F9DEA97DA973980CAD3BB2ACE0.d.38DD9F1D7CCFBF87C087E265530E3311.e.17551","ELEMENT":"f.8A8223F9DEA97DA973980CAD3BB2ACE0.d.38DD9F1D7CCFBF87C087E265530E3311.e.17551"}]}
RESULT: {"script":"<script> [8489 bytes]","args":[{"element-6066-11e4-a52e-4f735466cecf":"f.8A8223F9DEA97DA973980CAD3BB2ACE0.d.38DD9F1D7CCFBF87C087E265530E3311.e.17551","ELEMENT":"f.8A8223F9DEA97DA973980CAD3BB2ACE0.d.38DD9F1D7CCFBF87C087E265530E3311.e.17551"}]}
COMMAND: GET /session/73a4fd280a32fd38d4d0602b1d656d13/element/f.8A8223F9DEA97DA973980CAD3BB2ACE0.d.38DD9F1D7CCFBF87C087E265530E3311.e.17551/enabled - {}
COMMAND: GET /session/73a4fd280a32fd38d4d0602b1d656d13/screenshot - {}
RESULT: {}
COMMAND: POST /session/73a4fd280a32fd38d4d0602b1d656d13/execute/sync - {"script":"<script> [8489 bytes]","args":[{"element-6066-11e4-a52e-4f735466cecf":"f.8A8223F9DEA97DA973980CAD3BB2ACE0.d.38DD9F1D7CCFBF87C087E265530E3311.e.17551","ELEMENT":"f.8A8223F9DEA97DA973980CAD3BB2ACE0.d.38DD9F1D7CCFBF87C087E265530E3311.e.17551"}]}
COMMAND: GET /session/73a4fd280a32fd38d4d0602b1d656d13/screenshot - {}
RESULT: {}
RESULT: {"script":"<script> [8489 bytes]","args":[{"element-6066-11e4-a52e-4f735466cecf":"f.8A8223F9DEA97DA973980CAD3BB2ACE0.d.38DD9F1D7CCFBF87C087E265530E3311.e.17551","ELEMENT":"f.8A8223F9DEA97DA973980CAD3BB2ACE0.d.38DD9F1D7CCFBF87C087E265530E3311.e.17551"}]}
COMMAND: POST /session/73a4fd280a32fd38d4d0602b1d656d13/execute/sync - {"script":"<script> [5351 bytes]","args":[{"element-6066-11e4-a52e-4f735466cecf":"f.8A8223F9DEA97DA973980CAD3BB2ACE0.d.38DD9F1D7CCFBF87C087E265530E3311.e.17551","ELEMENT":"f.8A8223F9DEA97DA973980CAD3BB2ACE0.d.38DD9F1D7CCFBF87C087E265530E3311.e.17551"}]}
COMMAND: GET /session/73a4fd280a32fd38d4d0602b1d656d13/screenshot - {}
RESULT: {}
RESULT: {"script":"<script> [5351 bytes]","args":[{"element-6066-11e4-a52e-4f735466cecf":"f.8A8223F9DEA97DA973980CAD3BB2ACE0.d.38DD9F1D7CCFBF87C087E265530E3311.e.17551","ELEMENT":"f.8A8223F9DEA97DA973980CAD3BB2ACE0.d.38DD9F1D7CCFBF87C087E265530E3311.e.17551"}]}
COMMAND: GET /session/73a4fd280a32fd38d4d0602b1d656d13/screenshot - {}
RESULT: {}
RESULT: {}
COMMAND: POST /session/73a4fd280a32fd38d4d0602b1d656d13/element/f.8A8223F9DEA97DA973980CAD3BB2ACE0.d.38DD9F1D7CCFBF87C087E265530E3311.e.17551/click - {}
RESULT: {}
COMMAND: GET /session/73a4fd280a32fd38d4d0602b1d656d13/screenshot - {}
COMMAND: POST /session/73a4fd280a32fd38d4d0602b1d656d13/execute/async - {"script":"<script> [1562 bytes]","args":[{"selector":{"id":"application-managecontracts-display-component---AddNewContract--projectDescription","interaction":{"idSuffix":"inner"}},"wdio_ui5_key":"applicationmanagecontracts-display-component---AddNewContract--projectDescription"}]}
RESULT: {}
RESULT: {"script":"<script> [1562 bytes]","args":[{"selector":{"id":"application-managecontracts-display-component---AddNewContract--projectDescription","interaction":{"idSuffix":"inner"}},"wdio_ui5_key":"applicationmanagecontracts-display-component---AddNewContract--projectDescription"}]}
RESULT: undefined
COMMAND: POST /session/73a4fd280a32fd38d4d0602b1d656d13/execute/async - {"script":"<script> [776 bytes]","args":[{"enterText":"Contract WDIO","selector":{"id":"application-managecontracts-display-component---AddNewContract--projectDescription","interaction":{"idSuffix":"inner"}},"clearTextFirst":true,"interactionType":"ENTER_TEXT"}]}
RESULT: {"script":"<script> [776 bytes]","args":[{"enterText":"Contract WDIO","selector":{"id":"application-managecontracts-display-component---AddNewContract--projectDescription","interaction":{"idSuffix":"inner"}},"clearTextFirst":true,"interactionType":"ENTER_TEXT"}]}
COMMAND: POST /session/73a4fd280a32fd38d4d0602b1d656d13/element - {"using":"xpath","value":"//input[@id=\"application-managecontracts-display-component---AddNewContract--site-inner\"]"}
RESULT: {"using":"xpath","value":"//input[@id=\"application-managecontracts-display-component---AddNewContract--site-inner\"]"}
COMMAND: POST /session/73a4fd280a32fd38d4d0602b1d656d13/element/f.8A8223F9DEA97DA973980CAD3BB2ACE0.d.38DD9F1D7CCFBF87C087E265530E3311.e.17906/clear - {}
RESULT: {}
COMMAND: POST /session/73a4fd280a32fd38d4d0602b1d656d13/element/f.8A8223F9DEA97DA973980CAD3BB2ACE0.d.38DD9F1D7CCFBF87C087E265530E3311.e.17906/value - {"text":"2182"}
COMMAND: GET /session/73a4fd280a32fd38d4d0602b1d656d13/screenshot - {}
RESULT: {"text":"2182"}
COMMAND: GET /session/73a4fd280a32fd38d4d0602b1d656d13/screenshot - {}
RESULT: {}
RESULT: {}
COMMAND: POST /session/73a4fd280a32fd38d4d0602b1d656d13/element - {"using":"xpath","value":"//li[.//span[text()='2182']]"}
RESULT: {"using":"xpath","value":"//li[.//span[text()='2182']]"}
COMMAND: POST /session/73a4fd280a32fd38d4d0602b1d656d13/element/f.8A8223F9DEA97DA973980CAD3BB2ACE0.d.38DD9F1D7CCFBF87C087E265530E3311.e.17944/click - {}
RESULT: {}
COMMAND: GET /session/73a4fd280a32fd38d4d0602b1d656d13/screenshot - {}
RESULT: {}
COMMAND: POST /session/73a4fd280a32fd38d4d0602b1d656d13/element - {"using":"xpath","value":"//input[@id=\"application-managecontracts-display-component---AddNewContract--yardId-inner\"]"}
RESULT: {"using":"xpath","value":"//input[@id=\"application-managecontracts-display-component---AddNewContract--yardId-inner\"]"}
COMMAND: GET /session/73a4fd280a32fd38d4d0602b1d656d13/element/f.8A8223F9DEA97DA973980CAD3BB2ACE0.d.38DD9F1D7CCFBF87C087E265530E3311.e.17907/property/value - {}
RESULT: {}
COMMAND: POST /session/73a4fd280a32fd38d4d0602b1d656d13/element - {"using":"xpath","value":"//input[@id=\"application-managecontracts-display-component---AddNewContract--customerSelect-inner\"]"}
COMMAND: GET /session/73a4fd280a32fd38d4d0602b1d656d13/screenshot - {}
RESULT: {"using":"xpath","value":"//input[@id=\"application-managecontracts-display-component---AddNewContract--customerSelect-inner\"]"}
COMMAND: POST /session/73a4fd280a32fd38d4d0602b1d656d13/element/f.8A8223F9DEA97DA973980CAD3BB2ACE0.d.38DD9F1D7CCFBF87C087E265530E3311.e.17905/clear - {}
RESULT: {}
RESULT: {}
COMMAND: POST /session/73a4fd280a32fd38d4d0602b1d656d13/element/f.8A8223F9DEA97DA973980CAD3BB2ACE0.d.38DD9F1D7CCFBF87C087E265530E3311.e.17905/value - {"text":"1219"}
COMMAND: GET /session/73a4fd280a32fd38d4d0602b1d656d13/screenshot - {}
RESULT: {"text":"1219"}
COMMAND: GET /session/73a4fd280a32fd38d4d0602b1d656d13/screenshot - {}
RESULT: {}
RESULT: {}
COMMAND: POST /session/73a4fd280a32fd38d4d0602b1d656d13/element - {"using":"xpath","value":"//li[.//span[text()='1219']]"}
RESULT: {"using":"xpath","value":"//li[.//span[text()='1219']]"}
COMMAND: POST /session/73a4fd280a32fd38d4d0602b1d656d13/element/f.8A8223F9DEA97DA973980CAD3BB2ACE0.d.38DD9F1D7CCFBF87C087E265530E3311.e.17947/click - {}
RESULT: {}
COMMAND: GET /session/73a4fd280a32fd38d4d0602b1d656d13/screenshot - {}
RESULT: {}
COMMAND: POST /session/73a4fd280a32fd38d4d0602b1d656d13/element - {"using":"xpath","value":"//button[@data-kt=\"saveButton\"]"}
RESULT: {"using":"xpath","value":"//button[@data-kt=\"saveButton\"]"}
COMMAND: POST /session/73a4fd280a32fd38d4d0602b1d656d13/element/f.8A8223F9DEA97DA973980CAD3BB2ACE0.d.38DD9F1D7CCFBF87C087E265530E3311.e.17948/click - {}
RESULT: {}
COMMAND: GET /session/73a4fd280a32fd38d4d0602b1d656d13/screenshot - {}
RESULT: {}
COMMAND: POST /session/73a4fd280a32fd38d4d0602b1d656d13/element - {"using":"xpath","value":"//span[contains(@id ,\"contractDetailTitleNoExpanded\")]"}
RESULT: {"using":"xpath","value":"//span[contains(@id ,\"contractDetailTitleNoExpanded\")]"}
COMMAND: POST /session/73a4fd280a32fd38d4d0602b1d656d13/elements - {"using":"xpath","value":"//span[contains(@id ,\"contractDetailTitleNoExpanded\")]"}
RESULT: {"using":"xpath","value":"//span[contains(@id ,\"contractDetailTitleNoExpanded\")]"}
COMMAND: POST /session/73a4fd280a32fd38d4d0602b1d656d13/execute/sync - {"script":"<script> [56 bytes]","args":[{"element-6066-11e4-a52e-4f735466cecf":"f.8A8223F9DEA97DA973980CAD3BB2ACE0.d.38DD9F1D7CCFBF87C087E265530E3311.e.17965","ELEMENT":"f.8A8223F9DEA97DA973980CAD3BB2ACE0.d.38DD9F1D7CCFBF87C087E265530E3311.e.17965"}]}
RESULT: {"script":"<script> [56 bytes]","args":[{"element-6066-11e4-a52e-4f735466cecf":"f.8A8223F9DEA97DA973980CAD3BB2ACE0.d.38DD9F1D7CCFBF87C087E265530E3311.e.17965","ELEMENT":"f.8A8223F9DEA97DA973980CAD3BB2ACE0.d.38DD9F1D7CCFBF87C087E265530E3311.e.17965"}]}
COMMAND: GET /session/73a4fd280a32fd38d4d0602b1d656d13/screenshot - {}
RESULT: {}
]]></system-out>
    </testcase>
    <testcase classname="chrome.136_0_7103_93.windows.Provide_to_Site_w/o_warehouse_management_w/o_clarification" name="Should add equipment to the contract" time="59.517">
      <system-out><![CDATA[
COMMAND: POST /session/73a4fd280a32fd38d4d0602b1d656d13/element - {"using":"xpath","value":"//button[@data-kt=\"contractDetailEditBtnButton\"]"}
RESULT: {"using":"xpath","value":"//button[@data-kt=\"contractDetailEditBtnButton\"]"}
COMMAND: POST /session/73a4fd280a32fd38d4d0602b1d656d13/element/f.8A8223F9DEA97DA973980CAD3BB2ACE0.d.38DD9F1D7CCFBF87C087E265530E3311.e.17966/click - {}
RESULT: {}
COMMAND: GET /session/73a4fd280a32fd38d4d0602b1d656d13/screenshot - {}
RESULT: {}
COMMAND: POST /session/73a4fd280a32fd38d4d0602b1d656d13/element - {"using":"xpath","value":"(//span[contains(text(), \"Additional Addresses\")])[2]"}
RESULT: {"using":"xpath","value":"(//span[contains(text(), \"Additional Addresses\")])[2]"}
COMMAND: POST /session/73a4fd280a32fd38d4d0602b1d656d13/element/f.8A8223F9DEA97DA973980CAD3BB2ACE0.d.38DD9F1D7CCFBF87C087E265530E3311.e.18023/click - {}
RESULT: {}
COMMAND: GET /session/73a4fd280a32fd38d4d0602b1d656d13/screenshot - {}
RESULT: {}
COMMAND: POST /session/73a4fd280a32fd38d4d0602b1d656d13/element - {"using":"xpath","value":"//button[@data-kt=\"btnAddTableRowOverflowToolbarButton\"]"}
RESULT: {"using":"xpath","value":"//button[@data-kt=\"btnAddTableRowOverflowToolbarButton\"]"}
COMMAND: POST /session/73a4fd280a32fd38d4d0602b1d656d13/element/f.8A8223F9DEA97DA973980CAD3BB2ACE0.d.38DD9F1D7CCFBF87C087E265530E3311.e.18025/click - {}
RESULT: {}
COMMAND: GET /session/73a4fd280a32fd38d4d0602b1d656d13/screenshot - {}
RESULT: {}
COMMAND: POST /session/73a4fd280a32fd38d4d0602b1d656d13/element - {"using":"xpath","value":"//div[(text() = 'Standard Entry' or . = 'Standard Entry')]"}
RESULT: {"using":"xpath","value":"//div[(text() = 'Standard Entry' or . = 'Standard Entry')]"}
COMMAND: POST /session/73a4fd280a32fd38d4d0602b1d656d13/element/f.8A8223F9DEA97DA973980CAD3BB2ACE0.d.38DD9F1D7CCFBF87C087E265530E3311.e.18027/click - {}
RESULT: {}
COMMAND: GET /session/73a4fd280a32fd38d4d0602b1d656d13/screenshot - {}
RESULT: {}
COMMAND: POST /session/73a4fd280a32fd38d4d0602b1d656d13/element - {"using":"xpath","value":"//td[6]/div/div/div/span"}
RESULT: {"using":"xpath","value":"//td[6]/div/div/div/span"}
COMMAND: POST /session/73a4fd280a32fd38d4d0602b1d656d13/element/f.8A8223F9DEA97DA973980CAD3BB2ACE0.d.38DD9F1D7CCFBF87C087E265530E3311.e.18039/click - {}
RESULT: {}
COMMAND: GET /session/73a4fd280a32fd38d4d0602b1d656d13/screenshot - {}
RESULT: {}
COMMAND: POST /session/73a4fd280a32fd38d4d0602b1d656d13/element - {"using":"xpath","value":"(//span[contains(text(), \"Material\")])"}
RESULT: {"using":"xpath","value":"(//span[contains(text(), \"Material\")])"}
COMMAND: POST /session/73a4fd280a32fd38d4d0602b1d656d13/element/f.8A8223F9DEA97DA973980CAD3BB2ACE0.d.38DD9F1D7CCFBF87C087E265530E3311.e.18040/click - {}
RESULT: {}
COMMAND: GET /session/73a4fd280a32fd38d4d0602b1d656d13/screenshot - {}
RESULT: {}
COMMAND: POST /session/73a4fd280a32fd38d4d0602b1d656d13/element - {"using":"xpath","value":"//td[7]/div/div/input"}
RESULT: {"using":"xpath","value":"//td[7]/div/div/input"}
COMMAND: POST /session/73a4fd280a32fd38d4d0602b1d656d13/element/f.8A8223F9DEA97DA973980CAD3BB2ACE0.d.38DD9F1D7CCFBF87C087E265530E3311.e.18044/clear - {}
RESULT: {}
COMMAND: POST /session/73a4fd280a32fd38d4d0602b1d656d13/element/f.8A8223F9DEA97DA973980CAD3BB2ACE0.d.38DD9F1D7CCFBF87C087E265530E3311.e.18044/value - {"text":"200194"}
COMMAND: GET /session/73a4fd280a32fd38d4d0602b1d656d13/screenshot - {}
RESULT: {"text":"200194"}
COMMAND: GET /session/73a4fd280a32fd38d4d0602b1d656d13/screenshot - {}
RESULT: {}
RESULT: {}
COMMAND: POST /session/73a4fd280a32fd38d4d0602b1d656d13/actions - {"actions":[{"id":"action57","type":"key","parameters":{},"actions":[{"type":"keyDown","value":"î€‡"},{"type":"pause","duration":10},{"type":"keyUp","value":"î€‡"}]}]}
RESULT: {"actions":[{"id":"action57","type":"key","parameters":{},"actions":[{"type":"keyDown","value":"î€‡"},{"type":"pause","duration":10},{"type":"keyUp","value":"î€‡"}]}]}
COMMAND: GET /session/73a4fd280a32fd38d4d0602b1d656d13/screenshot - {}
RESULT: {}
COMMAND: POST /session/73a4fd280a32fd38d4d0602b1d656d13/execute/sync - {"script":"<script> [276 bytes]","args":["No pricing information was found"]}
RESULT: {"script":"<script> [276 bytes]","args":["No pricing information was found"]}
COMMAND: POST /session/73a4fd280a32fd38d4d0602b1d656d13/element - {"using":"xpath","value":"//bdi[contains(text(), \"OK\")]"}
COMMAND: GET /session/73a4fd280a32fd38d4d0602b1d656d13/screenshot - {}
RESULT: {"using":"xpath","value":"//bdi[contains(text(), \"OK\")]"}
COMMAND: POST /session/73a4fd280a32fd38d4d0602b1d656d13/element/f.8A8223F9DEA97DA973980CAD3BB2ACE0.d.38DD9F1D7CCFBF87C087E265530E3311.e.18070/click - {}
RESULT: {}
RESULT: {}
COMMAND: GET /session/73a4fd280a32fd38d4d0602b1d656d13/screenshot - {}
RESULT: {}
COMMAND: POST /session/73a4fd280a32fd38d4d0602b1d656d13/element - {"using":"xpath","value":"(//button[@data-kt=\"saveButton\"])[2]"}
RESULT: {"using":"xpath","value":"(//button[@data-kt=\"saveButton\"])[2]"}
COMMAND: POST /session/73a4fd280a32fd38d4d0602b1d656d13/element/f.8A8223F9DEA97DA973980CAD3BB2ACE0.d.38DD9F1D7CCFBF87C087E265530E3311.e.18071/click - {}
RESULT: {}
COMMAND: GET /session/73a4fd280a32fd38d4d0602b1d656d13/screenshot - {}
RESULT: {}
COMMAND: POST /session/73a4fd280a32fd38d4d0602b1d656d13/execute/sync - {"script":"<script> [276 bytes]","args":["Some contract items are having rental validity exceeding header rental validity"]}
RESULT: {"script":"<script> [276 bytes]","args":["Some contract items are having rental validity exceeding header rental validity"]}
COMMAND: GET /session/73a4fd280a32fd38d4d0602b1d656d13/screenshot - {}
RESULT: {}
COMMAND: POST /session/73a4fd280a32fd38d4d0602b1d656d13/element - {"using":"xpath","value":"//span[contains(@id ,\"contractItemsSmartTable-header-inner\")]"}
RESULT: {"using":"xpath","value":"//span[contains(@id ,\"contractItemsSmartTable-header-inner\")]"}
COMMAND: POST /session/73a4fd280a32fd38d4d0602b1d656d13/elements - {"using":"xpath","value":"//span[contains(@id ,\"contractItemsSmartTable-header-inner\")]"}
RESULT: {"using":"xpath","value":"//span[contains(@id ,\"contractItemsSmartTable-header-inner\")]"}
COMMAND: POST /session/73a4fd280a32fd38d4d0602b1d656d13/execute/sync - {"script":"<script> [56 bytes]","args":[{"element-6066-11e4-a52e-4f735466cecf":"f.8A8223F9DEA97DA973980CAD3BB2ACE0.d.38DD9F1D7CCFBF87C087E265530E3311.e.18076","ELEMENT":"f.8A8223F9DEA97DA973980CAD3BB2ACE0.d.38DD9F1D7CCFBF87C087E265530E3311.e.18076"}]}
RESULT: {"script":"<script> [56 bytes]","args":[{"element-6066-11e4-a52e-4f735466cecf":"f.8A8223F9DEA97DA973980CAD3BB2ACE0.d.38DD9F1D7CCFBF87C087E265530E3311.e.18076","ELEMENT":"f.8A8223F9DEA97DA973980CAD3BB2ACE0.d.38DD9F1D7CCFBF87C087E265530E3311.e.18076"}]}
]]></system-out>
    </testcase>
    <testcase classname="chrome.136_0_7103_93.windows.Provide_to_Site_w/o_warehouse_management_w/o_clarification" name="Should test for Clarification" time="0.007">
      <system-out><![CDATA[
COMMAND: GET /session/73a4fd280a32fd38d4d0602b1d656d13/screenshot - {}
COMMAND: POST /session/73a4fd280a32fd38d4d0602b1d656d13/element - {"using":"css selector","value":"#j_username"}
COMMAND: POST /session/73a4fd280a32fd38d4d0602b1d656d13/url - {"url":"https://qa-testing-00-live-etm-ui.cfapps.eu10-004.hana.ondemand.com/"}
COMMAND: GET /session/73a4fd280a32fd38d4d0602b1d656d13/screenshot - {}
RESULT: {}
RESULT: {"url":"https://qa-testing-00-live-etm-ui.cfapps.eu10-004.hana.ondemand.com/"}
RESULT: undefined
COMMAND: GET /session/73a4fd280a32fd38d4d0602b1d656d13/screenshot - {}
RESULT: {"using":"css selector","value":"#j_username"}
COMMAND: POST /session/73a4fd280a32fd38d4d0602b1d656d13/element - {"using":"css selector","value":"#j_username"}
RESULT: {}
RESULT: {}
RESULT: {"using":"css selector","value":"#j_username"}
COMMAND: POST /session/73a4fd280a32fd38d4d0602b1d656d13/element - {"using":"css selector","value":"#shell-header-logo"}
RESULT: {"using":"css selector","value":"#shell-header-logo"}
COMMAND: POST /session/73a4fd280a32fd38d4d0602b1d656d13/execute/sync - {"script":"<script> [8489 bytes]","args":[{"element-6066-11e4-a52e-4f735466cecf":"f.8A8223F9DEA97DA973980CAD3BB2ACE0.d.EEEEC5259C070A99AA2F7EA595EFBC58.e.18474","ELEMENT":"f.8A8223F9DEA97DA973980CAD3BB2ACE0.d.EEEEC5259C070A99AA2F7EA595EFBC58.e.18474"}]}
RESULT: {"script":"<script> [8489 bytes]","args":[{"element-6066-11e4-a52e-4f735466cecf":"f.8A8223F9DEA97DA973980CAD3BB2ACE0.d.EEEEC5259C070A99AA2F7EA595EFBC58.e.18474","ELEMENT":"f.8A8223F9DEA97DA973980CAD3BB2ACE0.d.EEEEC5259C070A99AA2F7EA595EFBC58.e.18474"}]}
COMMAND: POST /session/73a4fd280a32fd38d4d0602b1d656d13/element - {"using":"css selector","value":"#shell-header-logo"}
COMMAND: GET /session/73a4fd280a32fd38d4d0602b1d656d13/screenshot - {}
RESULT: {"using":"css selector","value":"#shell-header-logo"}
COMMAND: POST /session/73a4fd280a32fd38d4d0602b1d656d13/execute/sync - {"script":"<script> [8489 bytes]","args":[{"element-6066-11e4-a52e-4f735466cecf":"f.8A8223F9DEA97DA973980CAD3BB2ACE0.d.EEEEC5259C070A99AA2F7EA595EFBC58.e.18474","ELEMENT":"f.8A8223F9DEA97DA973980CAD3BB2ACE0.d.EEEEC5259C070A99AA2F7EA595EFBC58.e.18474"}]}
RESULT: {}
RESULT: {"script":"<script> [8489 bytes]","args":[{"element-6066-11e4-a52e-4f735466cecf":"f.8A8223F9DEA97DA973980CAD3BB2ACE0.d.EEEEC5259C070A99AA2F7EA595EFBC58.e.18474","ELEMENT":"f.8A8223F9DEA97DA973980CAD3BB2ACE0.d.EEEEC5259C070A99AA2F7EA595EFBC58.e.18474"}]}
COMMAND: POST /session/73a4fd280a32fd38d4d0602b1d656d13/execute/sync - {"script":"<script> [5351 bytes]","args":[{"element-6066-11e4-a52e-4f735466cecf":"f.8A8223F9DEA97DA973980CAD3BB2ACE0.d.EEEEC5259C070A99AA2F7EA595EFBC58.e.18474","ELEMENT":"f.8A8223F9DEA97DA973980CAD3BB2ACE0.d.EEEEC5259C070A99AA2F7EA595EFBC58.e.18474"}]}
COMMAND: GET /session/73a4fd280a32fd38d4d0602b1d656d13/screenshot - {}
RESULT: {"script":"<script> [5351 bytes]","args":[{"element-6066-11e4-a52e-4f735466cecf":"f.8A8223F9DEA97DA973980CAD3BB2ACE0.d.EEEEC5259C070A99AA2F7EA595EFBC58.e.18474","ELEMENT":"f.8A8223F9DEA97DA973980CAD3BB2ACE0.d.EEEEC5259C070A99AA2F7EA595EFBC58.e.18474"}]}
COMMAND: POST /session/73a4fd280a32fd38d4d0602b1d656d13/element - {"using":"css selector","value":"#shell-header-logo"}
COMMAND: GET /session/73a4fd280a32fd38d4d0602b1d656d13/screenshot - {}
RESULT: {}
RESULT: {"using":"css selector","value":"#shell-header-logo"}
COMMAND: POST /session/73a4fd280a32fd38d4d0602b1d656d13/element/f.8A8223F9DEA97DA973980CAD3BB2ACE0.d.EEEEC5259C070A99AA2F7EA595EFBC58.e.18474/click - {}
RESULT: {}
RESULT: {}
COMMAND: GET /session/73a4fd280a32fd38d4d0602b1d656d13/screenshot - {}
RESULT: {}
COMMAND: POST /session/73a4fd280a32fd38d4d0602b1d656d13/execute/async - {"script":"<script> [189 bytes]","args":[]}
RESULT: {"script":"<script> [189 bytes]","args":[]}
COMMAND: POST /session/73a4fd280a32fd38d4d0602b1d656d13/execute/async - {"script":"<script> [123 bytes]","args":[]}
RESULT: {"script":"<script> [123 bytes]","args":[]}
COMMAND: POST /session/73a4fd280a32fd38d4d0602b1d656d13/timeouts - {"script":"<number>"}
RESULT: {"script":"<number>"}
COMMAND: GET /session/73a4fd280a32fd38d4d0602b1d656d13/timeouts - {}
RESULT: {}
RESULT: undefined
COMMAND: POST /session/73a4fd280a32fd38d4d0602b1d656d13/execute/async - {"script":"<script> [2676 bytes]","args":[]}
RESULT: {"script":"<script> [2676 bytes]","args":[]}
COMMAND: POST /session/73a4fd280a32fd38d4d0602b1d656d13/execute/async - {"script":"<script> [2342 bytes]","args":[{"protocol":"http","hostname":"0.0.0.0","path":"/","capabilities":{"browserName":"chrome","goog:chromeOptions":{"binary":"C:\\Program Files\\Google\\Chrome\\Application\\chrome.exe","args":["--start-maximized"]}},"logLevel":"warn","connectionRetryTimeout":120000,"connectionRetryCount":3,"logLevels":{},"enableDirectConnect":true,"strictSSL":true,"_":"65 more keys: [\"cacheDir\",\"port\",\"requestedCapabilities\",\"automationProtocol\",\"baseUrl\",\"waitforInterval\",\"waitforTimeout\",\"onReload\",\"beforeCommand\",\"afterCommand\",\"rootDir\",\"specs\",\"suites\",\"exclude\",\"groupLogsByTestSpec\",\"excludeDriverLogs\",\"bail\",\"framework\",\"reporters\",\"services\",\"maxInstances\",\"maxInstancesPerCapability\",\"injectGlobals\",\"filesToWatch\",\"execArgv\",\"runnerEnv\",\"runner\",\"shard\",\"specFileRetries\",\"specFileRetriesDelay\",\"specFileRetriesDeferred\",\"reporterSyncInterval\",\"reporterSyncTimeout\",\"cucumberFeaturesWithLineNumbers\",\"autoCompileOpts\",\"mochaOpts\",\"jasmineOpts\",\"cucumberOpts\",\"onPrepare\",\"onWorkerStart\",\"onWorkerEnd\",\"before\",\"beforeSession\",\"beforeSuite\",\"beforeHook\",\"beforeTest\",\"afterTest\",\"afterHook\",\"afterSuite\",\"afterSession\",\"after\",\"onComplete\",\"beforeAssertion\",\"afterAssertion\",\"beforeFeature\",\"beforeScenario\",\"beforeStep\",\"afterStep\",\"afterScenario\",\"afterFeature\",\"_\",\"suite\",\"$0\",\"ignoredWorkerServices\",\"wdi5\"]"}]}
RESULT: {"script":"<script> [2342 bytes]","args":[{"protocol":"http","hostname":"0.0.0.0","path":"/","capabilities":{"browserName":"chrome","goog:chromeOptions":{"binary":"C:\\Program Files\\Google\\Chrome\\Application\\chrome.exe","args":["--start-maximized"]}},"logLevel":"warn","connectionRetryTimeout":120000,"connectionRetryCount":3,"logLevels":{},"enableDirectConnect":true,"strictSSL":true,"_":"65 more keys: [\"cacheDir\",\"port\",\"requestedCapabilities\",\"automationProtocol\",\"baseUrl\",\"waitforInterval\",\"waitforTimeout\",\"onReload\",\"beforeCommand\",\"afterCommand\",\"rootDir\",\"specs\",\"suites\",\"exclude\",\"groupLogsByTestSpec\",\"excludeDriverLogs\",\"bail\",\"framework\",\"reporters\",\"services\",\"maxInstances\",\"maxInstancesPerCapability\",\"injectGlobals\",\"filesToWatch\",\"execArgv\",\"runnerEnv\",\"runner\",\"shard\",\"specFileRetries\",\"specFileRetriesDelay\",\"specFileRetriesDeferred\",\"reporterSyncInterval\",\"reporterSyncTimeout\",\"cucumberFeaturesWithLineNumbers\",\"autoCompileOpts\",\"mochaOpts\",\"jasmineOpts\",\"cucumberOpts\",\"onPrepare\",\"onWorkerStart\",\"onWorkerEnd\",\"before\",\"beforeSession\",\"beforeSuite\",\"beforeHook\",\"beforeTest\",\"afterTest\",\"afterHook\",\"afterSuite\",\"afterSession\",\"after\",\"onComplete\",\"beforeAssertion\",\"afterAssertion\",\"beforeFeature\",\"beforeScenario\",\"beforeStep\",\"afterStep\",\"afterScenario\",\"afterFeature\",\"_\",\"suite\",\"$0\",\"ignoredWorkerServices\",\"wdi5\"]"}]}
COMMAND: POST /session/73a4fd280a32fd38d4d0602b1d656d13/execute/async - {"script":"<script> [21126 bytes]","args":[35000]}
RESULT: {"script":"<script> [21126 bytes]","args":[35000]}
COMMAND: POST /session/73a4fd280a32fd38d4d0602b1d656d13/window/maximize - {}
RESULT: {}
COMMAND: POST /session/73a4fd280a32fd38d4d0602b1d656d13/execute/async - {"script":"<script> [1562 bytes]","args":[{"selector":{"id":"shell-header","interaction":{"idSuffix":"icon"}},"wdio_ui5_key":"shellheader"}]}
COMMAND: GET /session/73a4fd280a32fd38d4d0602b1d656d13/screenshot - {}
RESULT: {"script":"<script> [1562 bytes]","args":[{"selector":{"id":"shell-header","interaction":{"idSuffix":"icon"}},"wdio_ui5_key":"shellheader"}]}
RESULT: undefined
COMMAND: POST /session/73a4fd280a32fd38d4d0602b1d656d13/refresh - {}
RESULT: {}
RESULT: {}
COMMAND: GET /session/73a4fd280a32fd38d4d0602b1d656d13/screenshot - {}
RESULT: {}
COMMAND: POST /session/73a4fd280a32fd38d4d0602b1d656d13/refresh - {}
RESULT: {}
COMMAND: GET /session/73a4fd280a32fd38d4d0602b1d656d13/screenshot - {}
RESULT: {}
COMMAND: POST /session/73a4fd280a32fd38d4d0602b1d656d13/window/fullscreen - {}
RESULT: {}
COMMAND: POST /session/73a4fd280a32fd38d4d0602b1d656d13/execute/async - {"script":"<script> [189 bytes]","args":[]}
RESULT: {"script":"<script> [189 bytes]","args":[]}
COMMAND: POST /session/73a4fd280a32fd38d4d0602b1d656d13/execute/async - {"script":"<script> [123 bytes]","args":[]}
RESULT: {"script":"<script> [123 bytes]","args":[]}
COMMAND: POST /session/73a4fd280a32fd38d4d0602b1d656d13/timeouts - {"script":"<number>"}
RESULT: {"script":"<number>"}
COMMAND: GET /session/73a4fd280a32fd38d4d0602b1d656d13/timeouts - {}
RESULT: {}
RESULT: undefined
COMMAND: POST /session/73a4fd280a32fd38d4d0602b1d656d13/execute/async - {"script":"<script> [2676 bytes]","args":[]}
RESULT: {"script":"<script> [2676 bytes]","args":[]}
COMMAND: POST /session/73a4fd280a32fd38d4d0602b1d656d13/execute/async - {"script":"<script> [2342 bytes]","args":[{"protocol":"http","hostname":"0.0.0.0","path":"/","capabilities":{"browserName":"chrome","goog:chromeOptions":{"binary":"C:\\Program Files\\Google\\Chrome\\Application\\chrome.exe","args":["--start-maximized"]}},"logLevel":"warn","connectionRetryTimeout":120000,"connectionRetryCount":3,"logLevels":{},"enableDirectConnect":true,"strictSSL":true,"_":"65 more keys: [\"cacheDir\",\"port\",\"requestedCapabilities\",\"automationProtocol\",\"baseUrl\",\"waitforInterval\",\"waitforTimeout\",\"onReload\",\"beforeCommand\",\"afterCommand\",\"rootDir\",\"specs\",\"suites\",\"exclude\",\"groupLogsByTestSpec\",\"excludeDriverLogs\",\"bail\",\"framework\",\"reporters\",\"services\",\"maxInstances\",\"maxInstancesPerCapability\",\"injectGlobals\",\"filesToWatch\",\"execArgv\",\"runnerEnv\",\"runner\",\"shard\",\"specFileRetries\",\"specFileRetriesDelay\",\"specFileRetriesDeferred\",\"reporterSyncInterval\",\"reporterSyncTimeout\",\"cucumberFeaturesWithLineNumbers\",\"autoCompileOpts\",\"mochaOpts\",\"jasmineOpts\",\"cucumberOpts\",\"onPrepare\",\"onWorkerStart\",\"onWorkerEnd\",\"before\",\"beforeSession\",\"beforeSuite\",\"beforeHook\",\"beforeTest\",\"afterTest\",\"afterHook\",\"afterSuite\",\"afterSession\",\"after\",\"onComplete\",\"beforeAssertion\",\"afterAssertion\",\"beforeFeature\",\"beforeScenario\",\"beforeStep\",\"afterStep\",\"afterScenario\",\"afterFeature\",\"_\",\"suite\",\"$0\",\"ignoredWorkerServices\",\"wdi5\"]"}]}
RESULT: {"script":"<script> [2342 bytes]","args":[{"protocol":"http","hostname":"0.0.0.0","path":"/","capabilities":{"browserName":"chrome","goog:chromeOptions":{"binary":"C:\\Program Files\\Google\\Chrome\\Application\\chrome.exe","args":["--start-maximized"]}},"logLevel":"warn","connectionRetryTimeout":120000,"connectionRetryCount":3,"logLevels":{},"enableDirectConnect":true,"strictSSL":true,"_":"65 more keys: [\"cacheDir\",\"port\",\"requestedCapabilities\",\"automationProtocol\",\"baseUrl\",\"waitforInterval\",\"waitforTimeout\",\"onReload\",\"beforeCommand\",\"afterCommand\",\"rootDir\",\"specs\",\"suites\",\"exclude\",\"groupLogsByTestSpec\",\"excludeDriverLogs\",\"bail\",\"framework\",\"reporters\",\"services\",\"maxInstances\",\"maxInstancesPerCapability\",\"injectGlobals\",\"filesToWatch\",\"execArgv\",\"runnerEnv\",\"runner\",\"shard\",\"specFileRetries\",\"specFileRetriesDelay\",\"specFileRetriesDeferred\",\"reporterSyncInterval\",\"reporterSyncTimeout\",\"cucumberFeaturesWithLineNumbers\",\"autoCompileOpts\",\"mochaOpts\",\"jasmineOpts\",\"cucumberOpts\",\"onPrepare\",\"onWorkerStart\",\"onWorkerEnd\",\"before\",\"beforeSession\",\"beforeSuite\",\"beforeHook\",\"beforeTest\",\"afterTest\",\"afterHook\",\"afterSuite\",\"afterSession\",\"after\",\"onComplete\",\"beforeAssertion\",\"afterAssertion\",\"beforeFeature\",\"beforeScenario\",\"beforeStep\",\"afterStep\",\"afterScenario\",\"afterFeature\",\"_\",\"suite\",\"$0\",\"ignoredWorkerServices\",\"wdi5\"]"}]}
COMMAND: POST /session/73a4fd280a32fd38d4d0602b1d656d13/execute/async - {"script":"<script> [21126 bytes]","args":[35000]}
RESULT: {"script":"<script> [21126 bytes]","args":[35000]}
]]></system-out>
    </testcase>
  </testsuite>
  <testsuite timestamp="2025-05-15T17:18:36" time="435.304" tests="8" failures="5" errors="5" skipped="0">
    <properties>
      <property name="specId" value="0" />
      <property name="suiteName" value="Return from Site w/ warehouse management w/ clarification US125588" />
      <property name="capabilities" value="chrome.136_0_7103_93.windows" />
      <property name="file" value="file:///D:/a/1/s/test/specs/HTR/return-from-site-w-warehouse-management-w-clarification.spec.js" />
    </properties>
    <testcase classname="chrome.136_0_7103_93.windows.Return_from_Site_w/_warehouse_management_w/_clarification_US125588" name="Should create a new WHM yard" time="0.013">
      <system-out><![CDATA[
COMMAND: POST /session/73a4fd280a32fd38d4d0602b1d656d13/window/fullscreen - {}
RESULT: {}
]]></system-out>
    </testcase>
    <testcase classname="chrome.136_0_7103_93.windows.Return_from_Site_w/_warehouse_management_w/_clarification_US125588" name="Should create a new external WHM partner" time="0.004" />
    <testcase classname="chrome.136_0_7103_93.windows.Return_from_Site_w/_warehouse_management_w/_clarification_US125588" name="Should create a new WHM site" time="0.004" />
  </testsuite>
  <testsuite timestamp="2025-05-15T17:25:51" time="454.704" tests="7" failures="7" errors="7" skipped="0">
    <properties>
      <property name="specId" value="0" />
      <property name="suiteName" value="Provide to Site w/ warehouse management w clarification" />
      <property name="capabilities" value="chrome.136_0_7103_93.windows" />
      <property name="file" value="file:///D:/a/1/s/test/specs/HTR/return-from-site-w-warehouse-management-w-clarification.spec.js" />
    </properties>
  </testsuite>
  <testsuite timestamp="2025-05-15T17:33:26" time="295.794" tests="9" failures="2" errors="2" skipped="0">
    <properties>
      <property name="specId" value="0" />
      <property name="suiteName" value="Create masterdata for Yard Overview - trigger provide US130988" />
      <property name="capabilities" value="chrome.136_0_7103_93.windows" />
      <property name="file" value="file:///D:/a/1/s/test/specs/HTR/stock-decrease.spec.js" />
    </properties>
    <testcase classname="chrome.136_0_7103_93.windows.Create_masterdata_for_Yard_Overview_-_trigger_provide_US130988" name="Should create a new WHM yard" time="0.075">
      <system-out><![CDATA[
COMMAND: POST /session/73a4fd280a32fd38d4d0602b1d656d13/window/fullscreen - {}
RESULT: {}
]]></system-out>
    </testcase>
    <testcase classname="chrome.136_0_7103_93.windows.Create_masterdata_for_Yard_Overview_-_trigger_provide_US130988" name="Should create a new partner" time="0.004" />
    <testcase classname="chrome.136_0_7103_93.windows.Create_masterdata_for_Yard_Overview_-_trigger_provide_US130988" name="Should create a new site" time="0.004" />
    <testcase classname="chrome.136_0_7103_93.windows.Create_masterdata_for_Yard_Overview_-_trigger_provide_US130988" name="Should create a new material" time="125.766">
      <system-out><![CDATA[
COMMAND: POST /session/73a4fd280a32fd38d4d0602b1d656d13/execute/async - {"script":"<script> [1562 bytes]","args":[{"selector":{"controlType":"sap.m.GenericTile","properties":{"header":"Manage Resources"}},"wdio_ui5_key":"sapm.GenericTile{\"header\":\"Manage Resources\"}"}]}
RESULT: {"script":"<script> [1562 bytes]","args":[{"selector":{"controlType":"sap.m.GenericTile","properties":{"header":"Manage Resources"}},"wdio_ui5_key":"sapm.GenericTile{\"header\":\"Manage Resources\"}"}]}
RESULT: undefined
COMMAND: POST /session/73a4fd280a32fd38d4d0602b1d656d13/element - {"using":"xpath","value":"//*[@id=\"__tile31\"]"}
RESULT: {"using":"xpath","value":"//*[@id=\"__tile31\"]"}
COMMAND: POST /session/73a4fd280a32fd38d4d0602b1d656d13/element/f.8A8223F9DEA97DA973980CAD3BB2ACE0.d.4BAB713D12288B27E9B48EA2F5B605D3.e.19620/click - {}
RESULT: {}
COMMAND: GET /session/73a4fd280a32fd38d4d0602b1d656d13/screenshot - {}
RESULT: {}
COMMAND: POST /session/73a4fd280a32fd38d4d0602b1d656d13/elements - {"using":"xpath","value":"//span[text()='Error']"}
RESULT: {"using":"xpath","value":"//span[text()='Error']"}
COMMAND: POST /session/73a4fd280a32fd38d4d0602b1d656d13/element - {"using":"xpath","value":"//button[@data-kt=\"addNewRUOverflowToolbarButton\"]"}
RESULT: {"using":"xpath","value":"//button[@data-kt=\"addNewRUOverflowToolbarButton\"]"}
COMMAND: POST /session/73a4fd280a32fd38d4d0602b1d656d13/elements - {"using":"xpath","value":"//button[@data-kt=\"addNewRUOverflowToolbarButton\"]"}
RESULT: {"using":"xpath","value":"//button[@data-kt=\"addNewRUOverflowToolbarButton\"]"}
COMMAND: POST /session/73a4fd280a32fd38d4d0602b1d656d13/execute/sync - {"script":"<script> [8489 bytes]","args":[{"element-6066-11e4-a52e-4f735466cecf":"f.8A8223F9DEA97DA973980CAD3BB2ACE0.d.4BAB713D12288B27E9B48EA2F5B605D3.e.19761","ELEMENT":"f.8A8223F9DEA97DA973980CAD3BB2ACE0.d.4BAB713D12288B27E9B48EA2F5B605D3.e.19761"}]}
RESULT: {"script":"<script> [8489 bytes]","args":[{"element-6066-11e4-a52e-4f735466cecf":"f.8A8223F9DEA97DA973980CAD3BB2ACE0.d.4BAB713D12288B27E9B48EA2F5B605D3.e.19761","ELEMENT":"f.8A8223F9DEA97DA973980CAD3BB2ACE0.d.4BAB713D12288B27E9B48EA2F5B605D3.e.19761"}]}
COMMAND: GET /session/73a4fd280a32fd38d4d0602b1d656d13/element/f.8A8223F9DEA97DA973980CAD3BB2ACE0.d.4BAB713D12288B27E9B48EA2F5B605D3.e.19761/enabled - {}
COMMAND: GET /session/73a4fd280a32fd38d4d0602b1d656d13/screenshot - {}
RESULT: {}
COMMAND: POST /session/73a4fd280a32fd38d4d0602b1d656d13/execute/sync - {"script":"<script> [8489 bytes]","args":[{"element-6066-11e4-a52e-4f735466cecf":"f.8A8223F9DEA97DA973980CAD3BB2ACE0.d.4BAB713D12288B27E9B48EA2F5B605D3.e.19761","ELEMENT":"f.8A8223F9DEA97DA973980CAD3BB2ACE0.d.4BAB713D12288B27E9B48EA2F5B605D3.e.19761"}]}
COMMAND: GET /session/73a4fd280a32fd38d4d0602b1d656d13/screenshot - {}
RESULT: {}
RESULT: {"script":"<script> [8489 bytes]","args":[{"element-6066-11e4-a52e-4f735466cecf":"f.8A8223F9DEA97DA973980CAD3BB2ACE0.d.4BAB713D12288B27E9B48EA2F5B605D3.e.19761","ELEMENT":"f.8A8223F9DEA97DA973980CAD3BB2ACE0.d.4BAB713D12288B27E9B48EA2F5B605D3.e.19761"}]}
COMMAND: POST /session/73a4fd280a32fd38d4d0602b1d656d13/execute/sync - {"script":"<script> [5351 bytes]","args":[{"element-6066-11e4-a52e-4f735466cecf":"f.8A8223F9DEA97DA973980CAD3BB2ACE0.d.4BAB713D12288B27E9B48EA2F5B605D3.e.19761","ELEMENT":"f.8A8223F9DEA97DA973980CAD3BB2ACE0.d.4BAB713D12288B27E9B48EA2F5B605D3.e.19761"}]}
COMMAND: GET /session/73a4fd280a32fd38d4d0602b1d656d13/screenshot - {}
RESULT: {}
RESULT: {"script":"<script> [5351 bytes]","args":[{"element-6066-11e4-a52e-4f735466cecf":"f.8A8223F9DEA97DA973980CAD3BB2ACE0.d.4BAB713D12288B27E9B48EA2F5B605D3.e.19761","ELEMENT":"f.8A8223F9DEA97DA973980CAD3BB2ACE0.d.4BAB713D12288B27E9B48EA2F5B605D3.e.19761"}]}
COMMAND: POST /session/73a4fd280a32fd38d4d0602b1d656d13/element/f.8A8223F9DEA97DA973980CAD3BB2ACE0.d.4BAB713D12288B27E9B48EA2F5B605D3.e.19761/click - {}
COMMAND: GET /session/73a4fd280a32fd38d4d0602b1d656d13/screenshot - {}
RESULT: {}
RESULT: {}
COMMAND: GET /session/73a4fd280a32fd38d4d0602b1d656d13/screenshot - {}
COMMAND: POST /session/73a4fd280a32fd38d4d0602b1d656d13/execute/async - {"script":"<script> [1562 bytes]","args":[{"selector":{"id":"application-manageresources-display-component---newResourceUnit--TYPE-arrow"},"wdio_ui5_key":"applicationmanageresources-display-component---newResourceUnit--TYPE-arrow"}]}
RESULT: {}
RESULT: {}
RESULT: {"script":"<script> [1562 bytes]","args":[{"selector":{"id":"application-manageresources-display-component---newResourceUnit--TYPE-arrow"},"wdio_ui5_key":"applicationmanageresources-display-component---newResourceUnit--TYPE-arrow"}]}
RESULT: undefined
COMMAND: POST /session/73a4fd280a32fd38d4d0602b1d656d13/element - {"using":"xpath","value":"//*[@id=\"application-manageresources-display-component---newResourceUnit--TYPE-arrow\"]"}
RESULT: {"using":"xpath","value":"//*[@id=\"application-manageresources-display-component---newResourceUnit--TYPE-arrow\"]"}
COMMAND: POST /session/73a4fd280a32fd38d4d0602b1d656d13/element/f.8A8223F9DEA97DA973980CAD3BB2ACE0.d.4BAB713D12288B27E9B48EA2F5B605D3.e.20107/click - {}
RESULT: {}
COMMAND: POST /session/73a4fd280a32fd38d4d0602b1d656d13/element - {"using":"xpath","value":"//input[@id=\"application-manageresources-display-component---newResourceUnit--TYPE-inner\"]"}
COMMAND: GET /session/73a4fd280a32fd38d4d0602b1d656d13/screenshot - {}
RESULT: {"using":"xpath","value":"//input[@id=\"application-manageresources-display-component---newResourceUnit--TYPE-inner\"]"}
COMMAND: POST /session/73a4fd280a32fd38d4d0602b1d656d13/element/f.8A8223F9DEA97DA973980CAD3BB2ACE0.d.4BAB713D12288B27E9B48EA2F5B605D3.e.20103/clear - {}
RESULT: {}
RESULT: {}
COMMAND: POST /session/73a4fd280a32fd38d4d0602b1d656d13/element/f.8A8223F9DEA97DA973980CAD3BB2ACE0.d.4BAB713D12288B27E9B48EA2F5B605D3.e.20103/value - {"text":"Material"}
COMMAND: GET /session/73a4fd280a32fd38d4d0602b1d656d13/screenshot - {}
RESULT: {"text":"Material"}
COMMAND: GET /session/73a4fd280a32fd38d4d0602b1d656d13/screenshot - {}
RESULT: {}
RESULT: {}
COMMAND: POST /session/73a4fd280a32fd38d4d0602b1d656d13/actions - {"actions":[{"id":"action60","type":"key","parameters":{},"actions":[{"type":"keyDown","value":"î€‡"},{"type":"pause","duration":10},{"type":"keyUp","value":"î€‡"}]}]}
RESULT: {"actions":[{"id":"action60","type":"key","parameters":{},"actions":[{"type":"keyDown","value":"î€‡"},{"type":"pause","duration":10},{"type":"keyUp","value":"î€‡"}]}]}
COMMAND: POST /session/73a4fd280a32fd38d4d0602b1d656d13/execute/async - {"script":"<script> [1562 bytes]","args":[{"selector":{"id":"application-manageresources-display-component---newResourceUnit--SHORT_TEXT","interaction":{"idSuffix":"inner"}},"wdio_ui5_key":"applicationmanageresources-display-component---newResourceUnit--SHORT_TEXT"}]}
COMMAND: GET /session/73a4fd280a32fd38d4d0602b1d656d13/screenshot - {}
RESULT: {"script":"<script> [1562 bytes]","args":[{"selector":{"id":"application-manageresources-display-component---newResourceUnit--SHORT_TEXT","interaction":{"idSuffix":"inner"}},"wdio_ui5_key":"applicationmanageresources-display-component---newResourceUnit--SHORT_TEXT"}]}
RESULT: undefined
COMMAND: POST /session/73a4fd280a32fd38d4d0602b1d656d13/execute/async - {"script":"<script> [776 bytes]","args":[{"enterText":"Cement WDIO","selector":{"id":"application-manageresources-display-component---newResourceUnit--SHORT_TEXT","interaction":{"idSuffix":"inner"}},"clearTextFirst":true,"interactionType":"ENTER_TEXT"}]}
RESULT: {}
RESULT: {"script":"<script> [776 bytes]","args":[{"enterText":"Cement WDIO","selector":{"id":"application-manageresources-display-component---newResourceUnit--SHORT_TEXT","interaction":{"idSuffix":"inner"}},"clearTextFirst":true,"interactionType":"ENTER_TEXT"}]}
COMMAND: POST /session/73a4fd280a32fd38d4d0602b1d656d13/execute/async - {"script":"<script> [1562 bytes]","args":[{"selector":{"id":"application-manageresources-display-component---newResourceUnit--BASE_UNIT_OF_MEASURE","interaction":{"idSuffix":"inner"}},"wdio_ui5_key":"applicationmanageresources-display-component---newResourceUnit--BASE_UNIT_OF_MEASURE"}]}
RESULT: {"script":"<script> [1562 bytes]","args":[{"selector":{"id":"application-manageresources-display-component---newResourceUnit--BASE_UNIT_OF_MEASURE","interaction":{"idSuffix":"inner"}},"wdio_ui5_key":"applicationmanageresources-display-component---newResourceUnit--BASE_UNIT_OF_MEASURE"}]}
RESULT: undefined
COMMAND: POST /session/73a4fd280a32fd38d4d0602b1d656d13/execute/async - {"script":"<script> [776 bytes]","args":[{"enterText":"Piece","selector":{"id":"application-manageresources-display-component---newResourceUnit--BASE_UNIT_OF_MEASURE","interaction":{"idSuffix":"inner"}},"clearTextFirst":true,"interactionType":"ENTER_TEXT"}]}
RESULT: {"script":"<script> [776 bytes]","args":[{"enterText":"Piece","selector":{"id":"application-manageresources-display-component---newResourceUnit--BASE_UNIT_OF_MEASURE","interaction":{"idSuffix":"inner"}},"clearTextFirst":true,"interactionType":"ENTER_TEXT"}]}
COMMAND: POST /session/73a4fd280a32fd38d4d0602b1d656d13/execute/async - {"script":"<script> [1562 bytes]","args":[{"selector":{"id":"application-manageresources-display-component---newResourceUnit--WEIGHT_UNIT","interaction":{"idSuffix":"inner"}},"wdio_ui5_key":"applicationmanageresources-display-component---newResourceUnit--WEIGHT_UNIT"}]}
RESULT: {"script":"<script> [1562 bytes]","args":[{"selector":{"id":"application-manageresources-display-component---newResourceUnit--WEIGHT_UNIT","interaction":{"idSuffix":"inner"}},"wdio_ui5_key":"applicationmanageresources-display-component---newResourceUnit--WEIGHT_UNIT"}]}
RESULT: undefined
COMMAND: POST /session/73a4fd280a32fd38d4d0602b1d656d13/execute/async - {"script":"<script> [776 bytes]","args":[{"enterText":"Gram","selector":{"id":"application-manageresources-display-component---newResourceUnit--WEIGHT_UNIT","interaction":{"idSuffix":"inner"}},"clearTextFirst":true,"interactionType":"ENTER_TEXT"}]}
RESULT: {"script":"<script> [776 bytes]","args":[{"enterText":"Gram","selector":{"id":"application-manageresources-display-component---newResourceUnit--WEIGHT_UNIT","interaction":{"idSuffix":"inner"}},"clearTextFirst":true,"interactionType":"ENTER_TEXT"}]}
COMMAND: POST /session/73a4fd280a32fd38d4d0602b1d656d13/execute/async - {"script":"<script> [1562 bytes]","args":[{"selector":{"id":"application-manageresources-display-component---newResourceUnit--DIMENSION_UNIT","interaction":{"idSuffix":"inner"}},"wdio_ui5_key":"applicationmanageresources-display-component---newResourceUnit--DIMENSION_UNIT"}]}
RESULT: {"script":"<script> [1562 bytes]","args":[{"selector":{"id":"application-manageresources-display-component---newResourceUnit--DIMENSION_UNIT","interaction":{"idSuffix":"inner"}},"wdio_ui5_key":"applicationmanageresources-display-component---newResourceUnit--DIMENSION_UNIT"}]}
RESULT: undefined
COMMAND: POST /session/73a4fd280a32fd38d4d0602b1d656d13/execute/async - {"script":"<script> [776 bytes]","args":[{"enterText":"Meter","selector":{"id":"application-manageresources-display-component---newResourceUnit--DIMENSION_UNIT","interaction":{"idSuffix":"inner"}},"clearTextFirst":true,"interactionType":"ENTER_TEXT"}]}
RESULT: {"script":"<script> [776 bytes]","args":[{"enterText":"Meter","selector":{"id":"application-manageresources-display-component---newResourceUnit--DIMENSION_UNIT","interaction":{"idSuffix":"inner"}},"clearTextFirst":true,"interactionType":"ENTER_TEXT"}]}
COMMAND: POST /session/73a4fd280a32fd38d4d0602b1d656d13/execute/async - {"script":"<script> [1562 bytes]","args":[{"selector":{"id":"application-manageresources-display-component---newResourceUnit--newRRUPage-anchBar-application-manageresources-display-component---newResourceUnit--control-anchor","interaction":{"idSuffix":"BDI-content"}},"wdio_ui5_key":"applicationmanageresources-display-component---newResourceUnit--newRRUPage-anchBar-application-manageresources-display-component---newResourceUnit--control-anchor"}]}
RESULT: {"script":"<script> [1562 bytes]","args":[{"selector":{"id":"application-manageresources-display-component---newResourceUnit--newRRUPage-anchBar-application-manageresources-display-component---newResourceUnit--control-anchor","interaction":{"idSuffix":"BDI-content"}},"wdio_ui5_key":"applicationmanageresources-display-component---newResourceUnit--newRRUPage-anchBar-application-manageresources-display-component---newResourceUnit--control-anchor"}]}
RESULT: undefined
COMMAND: POST /session/73a4fd280a32fd38d4d0602b1d656d13/element - {"using":"xpath","value":"//*[@id=\"application-manageresources-display-component---newResourceUnit--newRRUPage-anchBar-application-manageresources-display-component---newResourceUnit--control-anchor\"]"}
RESULT: {"using":"xpath","value":"//*[@id=\"application-manageresources-display-component---newResourceUnit--newRRUPage-anchBar-application-manageresources-display-component---newResourceUnit--control-anchor\"]"}
COMMAND: POST /session/73a4fd280a32fd38d4d0602b1d656d13/element/f.8A8223F9DEA97DA973980CAD3BB2ACE0.d.4BAB713D12288B27E9B48EA2F5B605D3.e.20173/click - {}
RESULT: {}
COMMAND: POST /session/73a4fd280a32fd38d4d0602b1d656d13/execute/async - {"script":"<script> [1562 bytes]","args":[{"selector":{"id":"application-manageresources-display-component---newResourceUnit--PLANNING_GROUP","interaction":{"idSuffix":"inner"}},"wdio_ui5_key":"applicationmanageresources-display-component---newResourceUnit--PLANNING_GROUP"}]}
COMMAND: GET /session/73a4fd280a32fd38d4d0602b1d656d13/screenshot - {}
RESULT: {"script":"<script> [1562 bytes]","args":[{"selector":{"id":"application-manageresources-display-component---newResourceUnit--PLANNING_GROUP","interaction":{"idSuffix":"inner"}},"wdio_ui5_key":"applicationmanageresources-display-component---newResourceUnit--PLANNING_GROUP"}]}
RESULT: undefined
COMMAND: POST /session/73a4fd280a32fd38d4d0602b1d656d13/execute/async - {"script":"<script> [776 bytes]","args":[{"enterText":"Material","selector":{"id":"application-manageresources-display-component---newResourceUnit--PLANNING_GROUP","interaction":{"idSuffix":"inner"}},"clearTextFirst":true,"interactionType":"ENTER_TEXT"}]}
RESULT: {}
RESULT: {"script":"<script> [776 bytes]","args":[{"enterText":"Material","selector":{"id":"application-manageresources-display-component---newResourceUnit--PLANNING_GROUP","interaction":{"idSuffix":"inner"}},"clearTextFirst":true,"interactionType":"ENTER_TEXT"}]}
COMMAND: POST /session/73a4fd280a32fd38d4d0602b1d656d13/execute/async - {"script":"<script> [1562 bytes]","args":[{"selector":{"id":"application-manageresources-display-component---newResourceUnit--PLANNING_INDICATOR","interaction":{"idSuffix":"inner"}},"wdio_ui5_key":"applicationmanageresources-display-component---newResourceUnit--PLANNING_INDICATOR"}]}
RESULT: {"script":"<script> [1562 bytes]","args":[{"selector":{"id":"application-manageresources-display-component---newResourceUnit--PLANNING_INDICATOR","interaction":{"idSuffix":"inner"}},"wdio_ui5_key":"applicationmanageresources-display-component---newResourceUnit--PLANNING_INDICATOR"}]}
RESULT: undefined
COMMAND: POST /session/73a4fd280a32fd38d4d0602b1d656d13/execute/async - {"script":"<script> [776 bytes]","args":[{"enterText":"10 - infinite","selector":{"id":"application-manageresources-display-component---newResourceUnit--PLANNING_INDICATOR","interaction":{"idSuffix":"inner"}},"clearTextFirst":true,"interactionType":"ENTER_TEXT"}]}
RESULT: {"script":"<script> [776 bytes]","args":[{"enterText":"10 - infinite","selector":{"id":"application-manageresources-display-component---newResourceUnit--PLANNING_INDICATOR","interaction":{"idSuffix":"inner"}},"clearTextFirst":true,"interactionType":"ENTER_TEXT"}]}
COMMAND: POST /session/73a4fd280a32fd38d4d0602b1d656d13/element - {"using":"css selector","value":"#application-manageresources-display-component---newResourceUnit--btnAddTimeSegment"}
RESULT: {"using":"css selector","value":"#application-manageresources-display-component---newResourceUnit--btnAddTimeSegment"}
COMMAND: GET /session/73a4fd280a32fd38d4d0602b1d656d13/element/f.8A8223F9DEA97DA973980CAD3BB2ACE0.d.4BAB713D12288B27E9B48EA2F5B605D3.e.20183/rect - {}
RESULT: {}
COMMAND: GET /session/73a4fd280a32fd38d4d0602b1d656d13/window/rect - {}
RESULT: {}
COMMAND: POST /session/73a4fd280a32fd38d4d0602b1d656d13/execute/sync - {"script":"<script> [92 bytes]","args":[]}
RESULT: {"script":"<script> [92 bytes]","args":[]}
COMMAND: POST /session/73a4fd280a32fd38d4d0602b1d656d13/actions - {"actions":[{"id":"action61","type":"wheel","parameters":{},"actions":[{"type":"scroll","x":-1888,"y":-32,"deltaX":0,"deltaY":0,"duration":0,"origin":{"element-6066-11e4-a52e-4f735466cecf":"f.8A8223F9DEA97DA973980CAD3BB2ACE0.d.4BAB713D12288B27E9B48EA2F5B605D3.e.20183"}}]}]}
COMMAND: GET /session/73a4fd280a32fd38d4d0602b1d656d13/screenshot - {}
RESULT: {}
COMMAND: POST /session/73a4fd280a32fd38d4d0602b1d656d13/execute/sync - {"script":"<script> [79 bytes]","args":[{"element-6066-11e4-a52e-4f735466cecf":"f.8A8223F9DEA97DA973980CAD3BB2ACE0.d.4BAB713D12288B27E9B48EA2F5B605D3.e.20183","ELEMENT":"f.8A8223F9DEA97DA973980CAD3BB2ACE0.d.4BAB713D12288B27E9B48EA2F5B605D3.e.20183"},{"block":"start","inline":"nearest"}]}
RESULT: {"script":"<script> [79 bytes]","args":[{"element-6066-11e4-a52e-4f735466cecf":"f.8A8223F9DEA97DA973980CAD3BB2ACE0.d.4BAB713D12288B27E9B48EA2F5B605D3.e.20183","ELEMENT":"f.8A8223F9DEA97DA973980CAD3BB2ACE0.d.4BAB713D12288B27E9B48EA2F5B605D3.e.20183"},{"block":"start","inline":"nearest"}]}
COMMAND: POST /session/73a4fd280a32fd38d4d0602b1d656d13/execute/async - {"script":"<script> [1562 bytes]","args":[{"selector":{"id":"application-manageresources-display-component---newResourceUnit--btnAddTimeSegment","interaction":{"idSuffix":"inner"}},"wdio_ui5_key":"applicationmanageresources-display-component---newResourceUnit--btnAddTimeSegment"}]}
COMMAND: GET /session/73a4fd280a32fd38d4d0602b1d656d13/screenshot - {}
RESULT: {"script":"<script> [1562 bytes]","args":[{"selector":{"id":"application-manageresources-display-component---newResourceUnit--btnAddTimeSegment","interaction":{"idSuffix":"inner"}},"wdio_ui5_key":"applicationmanageresources-display-component---newResourceUnit--btnAddTimeSegment"}]}
RESULT: undefined
COMMAND: POST /session/73a4fd280a32fd38d4d0602b1d656d13/element - {"using":"xpath","value":"//*[@id=\"application-manageresources-display-component---newResourceUnit--btnAddTimeSegment\"]"}
RESULT: {}
RESULT: {"using":"xpath","value":"//*[@id=\"application-manageresources-display-component---newResourceUnit--btnAddTimeSegment\"]"}
COMMAND: POST /session/73a4fd280a32fd38d4d0602b1d656d13/element/f.8A8223F9DEA97DA973980CAD3BB2ACE0.d.4BAB713D12288B27E9B48EA2F5B605D3.e.20183/click - {}
RESULT: {}
COMMAND: GET /session/73a4fd280a32fd38d4d0602b1d656d13/screenshot - {}
RESULT: {}
COMMAND: POST /session/73a4fd280a32fd38d4d0602b1d656d13/element - {"using":"xpath","value":"//input[@id=\"application-manageresources-display-component---newResourceUnit--idRuTSAdmin-application-manageresources-display-component---newResourceUnit--RUTimeSegment-0-inner\"]"}
RESULT: {"using":"xpath","value":"//input[@id=\"application-manageresources-display-component---newResourceUnit--idRuTSAdmin-application-manageresources-display-component---newResourceUnit--RUTimeSegment-0-inner\"]"}
COMMAND: POST /session/73a4fd280a32fd38d4d0602b1d656d13/element/f.8A8223F9DEA97DA973980CAD3BB2ACE0.d.4BAB713D12288B27E9B48EA2F5B605D3.e.20188/clear - {}
RESULT: {}
COMMAND: POST /session/73a4fd280a32fd38d4d0602b1d656d13/element/f.8A8223F9DEA97DA973980CAD3BB2ACE0.d.4BAB713D12288B27E9B48EA2F5B605D3.e.20188/value - {"text":"403"}
COMMAND: GET /session/73a4fd280a32fd38d4d0602b1d656d13/screenshot - {}
RESULT: {"text":"403"}
COMMAND: GET /session/73a4fd280a32fd38d4d0602b1d656d13/screenshot - {}
RESULT: {}
RESULT: {}
COMMAND: POST /session/73a4fd280a32fd38d4d0602b1d656d13/element - {"using":"xpath","value":"//li[.//span[text()='403']]"}
RESULT: {"using":"xpath","value":"//li[.//span[text()='403']]"}
COMMAND: POST /session/73a4fd280a32fd38d4d0602b1d656d13/element/f.8A8223F9DEA97DA973980CAD3BB2ACE0.d.4BAB713D12288B27E9B48EA2F5B605D3.e.20197/click - {}
RESULT: {}
COMMAND: GET /session/73a4fd280a32fd38d4d0602b1d656d13/screenshot - {}
RESULT: {}
COMMAND: POST /session/73a4fd280a32fd38d4d0602b1d656d13/element - {"using":"xpath","value":"(//span[contains(@id, \"-application-manageresources-display-component---newResourceUnit--RUTimeSegment-0-arrow\")])[2]"}
RESULT: {"using":"xpath","value":"(//span[contains(@id, \"-application-manageresources-display-component---newResourceUnit--RUTimeSegment-0-arrow\")])[2]"}
COMMAND: POST /session/73a4fd280a32fd38d4d0602b1d656d13/element/f.8A8223F9DEA97DA973980CAD3BB2ACE0.d.4BAB713D12288B27E9B48EA2F5B605D3.e.20198/click - {}
RESULT: {}
COMMAND: POST /session/73a4fd280a32fd38d4d0602b1d656d13/element - {"using":"xpath","value":"//span[contains(text(), \"PM Order\")]"}
COMMAND: GET /session/73a4fd280a32fd38d4d0602b1d656d13/screenshot - {}
RESULT: {"using":"xpath","value":"//span[contains(text(), \"PM Order\")]"}
COMMAND: POST /session/73a4fd280a32fd38d4d0602b1d656d13/element/f.8A8223F9DEA97DA973980CAD3BB2ACE0.d.4BAB713D12288B27E9B48EA2F5B605D3.e.20199/click - {}
RESULT: {}
RESULT: {}
COMMAND: GET /session/73a4fd280a32fd38d4d0602b1d656d13/screenshot - {}
RESULT: {}
COMMAND: POST /session/73a4fd280a32fd38d4d0602b1d656d13/element - {"using":"xpath","value":"//td/div/div/div/span[contains(@id, \"newResourceUnit--RUTimeSegment-0-vhi\")][1]"}
RESULT: {"using":"xpath","value":"//td/div/div/div/span[contains(@id, \"newResourceUnit--RUTimeSegment-0-vhi\")][1]"}
COMMAND: GET /session/73a4fd280a32fd38d4d0602b1d656d13/element/f.8A8223F9DEA97DA973980CAD3BB2ACE0.d.4BAB713D12288B27E9B48EA2F5B605D3.e.20203/rect - {}
RESULT: {}
COMMAND: GET /session/73a4fd280a32fd38d4d0602b1d656d13/window/rect - {}
RESULT: {}
COMMAND: POST /session/73a4fd280a32fd38d4d0602b1d656d13/execute/sync - {"script":"<script> [92 bytes]","args":[]}
RESULT: {"script":"<script> [92 bytes]","args":[]}
COMMAND: POST /session/73a4fd280a32fd38d4d0602b1d656d13/actions - {"actions":[{"id":"action62","type":"wheel","parameters":{},"actions":[{"type":"scroll","x":-1888,"y":-24,"deltaX":0,"deltaY":0,"duration":0,"origin":{"element-6066-11e4-a52e-4f735466cecf":"f.8A8223F9DEA97DA973980CAD3BB2ACE0.d.4BAB713D12288B27E9B48EA2F5B605D3.e.20203"}}]}]}
COMMAND: GET /session/73a4fd280a32fd38d4d0602b1d656d13/screenshot - {}
RESULT: {}
COMMAND: POST /session/73a4fd280a32fd38d4d0602b1d656d13/execute/sync - {"script":"<script> [79 bytes]","args":[{"element-6066-11e4-a52e-4f735466cecf":"f.8A8223F9DEA97DA973980CAD3BB2ACE0.d.4BAB713D12288B27E9B48EA2F5B605D3.e.20203","ELEMENT":"f.8A8223F9DEA97DA973980CAD3BB2ACE0.d.4BAB713D12288B27E9B48EA2F5B605D3.e.20203"},{"block":"start","inline":"nearest"}]}
RESULT: {"script":"<script> [79 bytes]","args":[{"element-6066-11e4-a52e-4f735466cecf":"f.8A8223F9DEA97DA973980CAD3BB2ACE0.d.4BAB713D12288B27E9B48EA2F5B605D3.e.20203","ELEMENT":"f.8A8223F9DEA97DA973980CAD3BB2ACE0.d.4BAB713D12288B27E9B48EA2F5B605D3.e.20203"},{"block":"start","inline":"nearest"}]}
COMMAND: GET /session/73a4fd280a32fd38d4d0602b1d656d13/screenshot - {}
RESULT: {}
COMMAND: POST /session/73a4fd280a32fd38d4d0602b1d656d13/element/f.8A8223F9DEA97DA973980CAD3BB2ACE0.d.4BAB713D12288B27E9B48EA2F5B605D3.e.20203/click - {}
RESULT: {}
COMMAND: GET /session/73a4fd280a32fd38d4d0602b1d656d13/screenshot - {}
RESULT: {}
COMMAND: POST /session/73a4fd280a32fd38d4d0602b1d656d13/execute/async - {"script":"<script> [1562 bytes]","args":[{"selector":{"controlType":"sap.m.SearchField","properties":{"placeholder":"Search"},"searchOpenDialogs":true,"interaction":{"idSuffix":"I"}},"wdio_ui5_key":"sapm.SearchField{\"placeholder\":\"Search\"}"}]}
RESULT: {"script":"<script> [1562 bytes]","args":[{"selector":{"controlType":"sap.m.SearchField","properties":{"placeholder":"Search"},"searchOpenDialogs":true,"interaction":{"idSuffix":"I"}},"wdio_ui5_key":"sapm.SearchField{\"placeholder\":\"Search\"}"}]}
RESULT: undefined
COMMAND: POST /session/73a4fd280a32fd38d4d0602b1d656d13/execute/async - {"script":"<script> [776 bytes]","args":[{"enterText":"4000360","selector":{"controlType":"sap.m.SearchField","properties":{"placeholder":"Search"},"searchOpenDialogs":true,"interaction":{"idSuffix":"I"}},"clearTextFirst":true,"interactionType":"ENTER_TEXT"}]}
RESULT: {"script":"<script> [776 bytes]","args":[{"enterText":"4000360","selector":{"controlType":"sap.m.SearchField","properties":{"placeholder":"Search"},"searchOpenDialogs":true,"interaction":{"idSuffix":"I"}},"clearTextFirst":true,"interactionType":"ENTER_TEXT"}]}
COMMAND: POST /session/73a4fd280a32fd38d4d0602b1d656d13/actions - {"actions":[{"id":"action63","type":"key","parameters":{},"actions":[{"type":"keyDown","value":"î€‡"},{"type":"pause","duration":10},{"type":"keyUp","value":"î€‡"}]}]}
RESULT: {"actions":[{"id":"action63","type":"key","parameters":{},"actions":[{"type":"keyDown","value":"î€‡"},{"type":"pause","duration":10},{"type":"keyUp","value":"î€‡"}]}]}
COMMAND: GET /session/73a4fd280a32fd38d4d0602b1d656d13/screenshot - {}
RESULT: {}
COMMAND: POST /session/73a4fd280a32fd38d4d0602b1d656d13/element - {"using":"xpath","value":"//td/div/span[contains(text(), \"BGL Vehicles\")]"}
RESULT: {"using":"xpath","value":"//td/div/span[contains(text(), \"BGL Vehicles\")]"}
COMMAND: POST /session/73a4fd280a32fd38d4d0602b1d656d13/element/f.8A8223F9DEA97DA973980CAD3BB2ACE0.d.4BAB713D12288B27E9B48EA2F5B605D3.e.20224/click - {}
RESULT: {}
COMMAND: GET /session/73a4fd280a32fd38d4d0602b1d656d13/screenshot - {}
RESULT: {}
COMMAND: POST /session/73a4fd280a32fd38d4d0602b1d656d13/element - {"using":"xpath","value":"//bdi[contains(text(), \"OK\")]"}
RESULT: {"using":"xpath","value":"//bdi[contains(text(), \"OK\")]"}
COMMAND: POST /session/73a4fd280a32fd38d4d0602b1d656d13/element/f.8A8223F9DEA97DA973980CAD3BB2ACE0.d.4BAB713D12288B27E9B48EA2F5B605D3.e.20225/click - {}
RESULT: {}
COMMAND: GET /session/73a4fd280a32fd38d4d0602b1d656d13/screenshot - {}
RESULT: {}
COMMAND: POST /session/73a4fd280a32fd38d4d0602b1d656d13/element - {"using":"xpath","value":"//label[contains(@class, 'sapMLabelRequired') and .//bdi[contains(text(), 'Planned Retirement')]]"}
RESULT: {"using":"xpath","value":"//label[contains(@class, 'sapMLabelRequired') and .//bdi[contains(text(), 'Planned Retirement')]]"}
COMMAND: POST /session/73a4fd280a32fd38d4d0602b1d656d13/elements - {"using":"xpath","value":"//label[contains(@class, 'sapMLabelRequired') and .//bdi[contains(text(), 'Planned Retirement')]]"}
RESULT: {"using":"xpath","value":"//label[contains(@class, 'sapMLabelRequired') and .//bdi[contains(text(), 'Planned Retirement')]]"}
COMMAND: POST /session/73a4fd280a32fd38d4d0602b1d656d13/element - {"using":"xpath","value":"//button[@data-kt=\"resourceUnitSaveButton\"]"}
RESULT: {"using":"xpath","value":"//button[@data-kt=\"resourceUnitSaveButton\"]"}
COMMAND: POST /session/73a4fd280a32fd38d4d0602b1d656d13/element/f.8A8223F9DEA97DA973980CAD3BB2ACE0.d.4BAB713D12288B27E9B48EA2F5B605D3.e.20125/click - {}
RESULT: {}
COMMAND: GET /session/73a4fd280a32fd38d4d0602b1d656d13/screenshot - {}
RESULT: {}
COMMAND: POST /session/73a4fd280a32fd38d4d0602b1d656d13/element - {"using":"xpath","value":"//bdi[contains(text(), \"Close\")]"}
RESULT: {"using":"xpath","value":"//bdi[contains(text(), \"Close\")]"}
COMMAND: POST /session/73a4fd280a32fd38d4d0602b1d656d13/element/f.8A8223F9DEA97DA973980CAD3BB2ACE0.d.4BAB713D12288B27E9B48EA2F5B605D3.e.20231/click - {}
RESULT: {}
COMMAND: GET /session/73a4fd280a32fd38d4d0602b1d656d13/screenshot - {}
RESULT: {}
COMMAND: POST /session/73a4fd280a32fd38d4d0602b1d656d13/element - {"using":"xpath","value":"//header[contains(@id, 'detailRruPage-headerTitle')]/div[1]/div[2]/div[2]/span[1]"}
RESULT: {"using":"xpath","value":"//header[contains(@id, 'detailRruPage-headerTitle')]/div[1]/div[2]/div[2]/span[1]"}
COMMAND: POST /session/73a4fd280a32fd38d4d0602b1d656d13/elements - {"using":"xpath","value":"//header[contains(@id, 'detailRruPage-headerTitle')]/div[1]/div[2]/div[2]/span[1]"}
RESULT: {"using":"xpath","value":"//header[contains(@id, 'detailRruPage-headerTitle')]/div[1]/div[2]/div[2]/span[1]"}
COMMAND: POST /session/73a4fd280a32fd38d4d0602b1d656d13/execute/sync - {"script":"<script> [56 bytes]","args":[{"element-6066-11e4-a52e-4f735466cecf":"f.8A8223F9DEA97DA973980CAD3BB2ACE0.d.4BAB713D12288B27E9B48EA2F5B605D3.e.20260","ELEMENT":"f.8A8223F9DEA97DA973980CAD3BB2ACE0.d.4BAB713D12288B27E9B48EA2F5B605D3.e.20260"}]}
RESULT: {"script":"<script> [56 bytes]","args":[{"element-6066-11e4-a52e-4f735466cecf":"f.8A8223F9DEA97DA973980CAD3BB2ACE0.d.4BAB713D12288B27E9B48EA2F5B605D3.e.20260","ELEMENT":"f.8A8223F9DEA97DA973980CAD3BB2ACE0.d.4BAB713D12288B27E9B48EA2F5B605D3.e.20260"}]}
COMMAND: POST /session/73a4fd280a32fd38d4d0602b1d656d13/element - {"using":"css selector","value":"#shell-header-logo"}
COMMAND: GET /session/73a4fd280a32fd38d4d0602b1d656d13/screenshot - {}
RESULT: {"using":"css selector","value":"#shell-header-logo"}
COMMAND: POST /session/73a4fd280a32fd38d4d0602b1d656d13/element/f.8A8223F9DEA97DA973980CAD3BB2ACE0.d.4BAB713D12288B27E9B48EA2F5B605D3.e.19604/click - {}
RESULT: {}
RESULT: {}
COMMAND: GET /session/73a4fd280a32fd38d4d0602b1d656d13/screenshot - {}
RESULT: {}
]]></system-out>
    </testcase>
    <testcase classname="chrome.136_0_7103_93.windows.Create_masterdata_for_Yard_Overview_-_trigger_provide_US130988" name="Bin Status Report Should Create New Organization yard" time="0.006" />
    <testcase classname="chrome.136_0_7103_93.windows.Create_masterdata_for_Yard_Overview_-_trigger_provide_US130988" name="Create a Warehouse Movement for created yard" time="51.059">
      <system-out><![CDATA[
COMMAND: POST /session/73a4fd280a32fd38d4d0602b1d656d13/execute/async - {"script":"<script> [1562 bytes]","args":[{"selector":{"controlType":"sap.m.GenericTile","properties":{"header":"Manage Warehouse Movements"}},"wdio_ui5_key":"sapm.GenericTile{\"header\":\"Manage Warehouse Movements\"}"}]}
RESULT: {"script":"<script> [1562 bytes]","args":[{"selector":{"controlType":"sap.m.GenericTile","properties":{"header":"Manage Warehouse Movements"}},"wdio_ui5_key":"sapm.GenericTile{\"header\":\"Manage Warehouse Movements\"}"}]}
RESULT: undefined
COMMAND: POST /session/73a4fd280a32fd38d4d0602b1d656d13/element - {"using":"xpath","value":"//*[@id=\"__tile105\"]"}
RESULT: {"using":"xpath","value":"//*[@id=\"__tile105\"]"}
COMMAND: POST /session/73a4fd280a32fd38d4d0602b1d656d13/element/f.8A8223F9DEA97DA973980CAD3BB2ACE0.d.4BAB713D12288B27E9B48EA2F5B605D3.e.20262/click - {}
RESULT: {}
COMMAND: POST /session/73a4fd280a32fd38d4d0602b1d656d13/element - {"using":"xpath","value":"//input[@id='application-warehousemovements-display-component---warehouseMovements--smartFilterBar-filterItemControl_BASIC-YARD-inner']"}
COMMAND: GET /session/73a4fd280a32fd38d4d0602b1d656d13/screenshot - {}
RESULT: {"using":"xpath","value":"//input[@id='application-warehousemovements-display-component---warehouseMovements--smartFilterBar-filterItemControl_BASIC-YARD-inner']"}
COMMAND: POST /session/73a4fd280a32fd38d4d0602b1d656d13/elements - {"using":"xpath","value":"//input[@id='application-warehousemovements-display-component---warehouseMovements--smartFilterBar-filterItemControl_BASIC-YARD-inner']"}
RESULT: {}
RESULT: {"using":"xpath","value":"//input[@id='application-warehousemovements-display-component---warehouseMovements--smartFilterBar-filterItemControl_BASIC-YARD-inner']"}
COMMAND: POST /session/73a4fd280a32fd38d4d0602b1d656d13/elements - {"using":"xpath","value":"//input[@id='application-warehousemovements-display-component---warehouseMovements--smartFilterBar-filterItemControl_BASIC-YARD-inner']"}
RESULT: {"using":"xpath","value":"//input[@id='application-warehousemovements-display-component---warehouseMovements--smartFilterBar-filterItemControl_BASIC-YARD-inner']"}
COMMAND: POST /session/73a4fd280a32fd38d4d0602b1d656d13/element - {"using":"xpath","value":"//input[@id='application-warehousemovements-display-component---warehouseMovements--smartFilterBar-filterItemControl_BASIC-YARD-inner']"}
RESULT: {"using":"xpath","value":"//input[@id='application-warehousemovements-display-component---warehouseMovements--smartFilterBar-filterItemControl_BASIC-YARD-inner']"}
COMMAND: POST /session/73a4fd280a32fd38d4d0602b1d656d13/execute/sync - {"script":"<script> [8489 bytes]","args":[{"element-6066-11e4-a52e-4f735466cecf":"f.8A8223F9DEA97DA973980CAD3BB2ACE0.d.4BAB713D12288B27E9B48EA2F5B605D3.e.20286","ELEMENT":"f.8A8223F9DEA97DA973980CAD3BB2ACE0.d.4BAB713D12288B27E9B48EA2F5B605D3.e.20286"}]}
RESULT: {"script":"<script> [8489 bytes]","args":[{"element-6066-11e4-a52e-4f735466cecf":"f.8A8223F9DEA97DA973980CAD3BB2ACE0.d.4BAB713D12288B27E9B48EA2F5B605D3.e.20286","ELEMENT":"f.8A8223F9DEA97DA973980CAD3BB2ACE0.d.4BAB713D12288B27E9B48EA2F5B605D3.e.20286"}]}
COMMAND: GET /session/73a4fd280a32fd38d4d0602b1d656d13/element/f.8A8223F9DEA97DA973980CAD3BB2ACE0.d.4BAB713D12288B27E9B48EA2F5B605D3.e.20286/enabled - {}
COMMAND: GET /session/73a4fd280a32fd38d4d0602b1d656d13/screenshot - {}
RESULT: {}
COMMAND: POST /session/73a4fd280a32fd38d4d0602b1d656d13/execute/sync - {"script":"<script> [8489 bytes]","args":[{"element-6066-11e4-a52e-4f735466cecf":"f.8A8223F9DEA97DA973980CAD3BB2ACE0.d.4BAB713D12288B27E9B48EA2F5B605D3.e.20286","ELEMENT":"f.8A8223F9DEA97DA973980CAD3BB2ACE0.d.4BAB713D12288B27E9B48EA2F5B605D3.e.20286"}]}
COMMAND: GET /session/73a4fd280a32fd38d4d0602b1d656d13/screenshot - {}
RESULT: {}
RESULT: {"script":"<script> [8489 bytes]","args":[{"element-6066-11e4-a52e-4f735466cecf":"f.8A8223F9DEA97DA973980CAD3BB2ACE0.d.4BAB713D12288B27E9B48EA2F5B605D3.e.20286","ELEMENT":"f.8A8223F9DEA97DA973980CAD3BB2ACE0.d.4BAB713D12288B27E9B48EA2F5B605D3.e.20286"}]}
COMMAND: POST /session/73a4fd280a32fd38d4d0602b1d656d13/execute/sync - {"script":"<script> [5351 bytes]","args":[{"element-6066-11e4-a52e-4f735466cecf":"f.8A8223F9DEA97DA973980CAD3BB2ACE0.d.4BAB713D12288B27E9B48EA2F5B605D3.e.20286","ELEMENT":"f.8A8223F9DEA97DA973980CAD3BB2ACE0.d.4BAB713D12288B27E9B48EA2F5B605D3.e.20286"}]}
COMMAND: GET /session/73a4fd280a32fd38d4d0602b1d656d13/screenshot - {}
RESULT: {}
RESULT: {"script":"<script> [5351 bytes]","args":[{"element-6066-11e4-a52e-4f735466cecf":"f.8A8223F9DEA97DA973980CAD3BB2ACE0.d.4BAB713D12288B27E9B48EA2F5B605D3.e.20286","ELEMENT":"f.8A8223F9DEA97DA973980CAD3BB2ACE0.d.4BAB713D12288B27E9B48EA2F5B605D3.e.20286"}]}
COMMAND: GET /session/73a4fd280a32fd38d4d0602b1d656d13/screenshot - {}
RESULT: {}
RESULT: {}
COMMAND: POST /session/73a4fd280a32fd38d4d0602b1d656d13/element/f.8A8223F9DEA97DA973980CAD3BB2ACE0.d.4BAB713D12288B27E9B48EA2F5B605D3.e.20286/clear - {}
RESULT: {}
COMMAND: POST /session/73a4fd280a32fd38d4d0602b1d656d13/element/f.8A8223F9DEA97DA973980CAD3BB2ACE0.d.4BAB713D12288B27E9B48EA2F5B605D3.e.20286/value - {"text":"403"}
COMMAND: GET /session/73a4fd280a32fd38d4d0602b1d656d13/screenshot - {}
RESULT: {"text":"403"}
COMMAND: POST /session/73a4fd280a32fd38d4d0602b1d656d13/actions - {"actions":[{"id":"action64","type":"key","parameters":{},"actions":[{"type":"keyDown","value":"î€‡"},{"type":"pause","duration":10},{"type":"keyUp","value":"î€‡"}]}]}
COMMAND: GET /session/73a4fd280a32fd38d4d0602b1d656d13/screenshot - {}
RESULT: {}
RESULT: {"actions":[{"id":"action64","type":"key","parameters":{},"actions":[{"type":"keyDown","value":"î€‡"},{"type":"pause","duration":10},{"type":"keyUp","value":"î€‡"}]}]}
COMMAND: GET /session/73a4fd280a32fd38d4d0602b1d656d13/screenshot - {}
RESULT: {}
RESULT: {}
COMMAND: POST /session/73a4fd280a32fd38d4d0602b1d656d13/element - {"using":"xpath","value":"//button[contains(@data-kt, \"MasterMovementAddOverflowToolbarButton\")]"}
RESULT: {"using":"xpath","value":"//button[contains(@data-kt, \"MasterMovementAddOverflowToolbarButton\")]"}
COMMAND: POST /session/73a4fd280a32fd38d4d0602b1d656d13/element/f.8A8223F9DEA97DA973980CAD3BB2ACE0.d.4BAB713D12288B27E9B48EA2F5B605D3.e.20311/click - {}
RESULT: {}
COMMAND: GET /session/73a4fd280a32fd38d4d0602b1d656d13/screenshot - {}
RESULT: {}
COMMAND: POST /session/73a4fd280a32fd38d4d0602b1d656d13/element - {"using":"xpath","value":"//*[@id=\"application-warehousemovements-display-component---addMovement--sectionsList-arrow\"]"}
RESULT: {"using":"xpath","value":"//*[@id=\"application-warehousemovements-display-component---addMovement--sectionsList-arrow\"]"}
COMMAND: POST /session/73a4fd280a32fd38d4d0602b1d656d13/element/f.8A8223F9DEA97DA973980CAD3BB2ACE0.d.4BAB713D12288B27E9B48EA2F5B605D3.e.20500/click - {}
RESULT: {}
COMMAND: POST /session/73a4fd280a32fd38d4d0602b1d656d13/actions - {"actions":[{"id":"action65","type":"key","parameters":{},"actions":[{"type":"keyDown","value":"î€•"},{"type":"pause","duration":10},{"type":"keyUp","value":"î€•"}]}]}
COMMAND: GET /session/73a4fd280a32fd38d4d0602b1d656d13/screenshot - {}
RESULT: {"actions":[{"id":"action65","type":"key","parameters":{},"actions":[{"type":"keyDown","value":"î€•"},{"type":"pause","duration":10},{"type":"keyUp","value":"î€•"}]}]}
COMMAND: GET /session/73a4fd280a32fd38d4d0602b1d656d13/screenshot - {}
RESULT: {}
RESULT: {}
COMMAND: POST /session/73a4fd280a32fd38d4d0602b1d656d13/actions - {"actions":[{"id":"action66","type":"key","parameters":{},"actions":[{"type":"keyDown","value":"î€‡"},{"type":"pause","duration":10},{"type":"keyUp","value":"î€‡"}]}]}
RESULT: {"actions":[{"id":"action66","type":"key","parameters":{},"actions":[{"type":"keyDown","value":"î€‡"},{"type":"pause","duration":10},{"type":"keyUp","value":"î€‡"}]}]}
COMMAND: GET /session/73a4fd280a32fd38d4d0602b1d656d13/screenshot - {}
RESULT: {}
COMMAND: POST /session/73a4fd280a32fd38d4d0602b1d656d13/element - {"using":"xpath","value":"//*[@id=\"application-warehousemovements-display-component---addMovement--saveMovementBtn-BDI-content\" and text()=\"Save\"]"}
RESULT: {"using":"xpath","value":"//*[@id=\"application-warehousemovements-display-component---addMovement--saveMovementBtn-BDI-content\" and text()=\"Save\"]"}
COMMAND: POST /session/73a4fd280a32fd38d4d0602b1d656d13/element/f.8A8223F9DEA97DA973980CAD3BB2ACE0.d.4BAB713D12288B27E9B48EA2F5B605D3.e.20501/click - {}
RESULT: {}
COMMAND: GET /session/73a4fd280a32fd38d4d0602b1d656d13/screenshot - {}
RESULT: {}
COMMAND: POST /session/73a4fd280a32fd38d4d0602b1d656d13/element - {"using":"css selector","value":"#shell-header-logo"}
RESULT: {"using":"css selector","value":"#shell-header-logo"}
COMMAND: POST /session/73a4fd280a32fd38d4d0602b1d656d13/element/f.8A8223F9DEA97DA973980CAD3BB2ACE0.d.4BAB713D12288B27E9B48EA2F5B605D3.e.20266/click - {}
RESULT: {}
COMMAND: GET /session/73a4fd280a32fd38d4d0602b1d656d13/screenshot - {}
RESULT: {}
]]></system-out>
    </testcase>
    <testcase classname="chrome.136_0_7103_93.windows.Create_masterdata_for_Yard_Overview_-_trigger_provide_US130988" name="Set status to defect" time="35.816">
      <system-out><![CDATA[
COMMAND: GET /session/73a4fd280a32fd38d4d0602b1d656d13/screenshot - {}
COMMAND: POST /session/73a4fd280a32fd38d4d0602b1d656d13/execute/async - {"script":"<script> [1562 bytes]","args":[{"selector":{"controlType":"sap.ushell.ui.launchpad.AnchorItem","bindingPath":{"path":"/groups/3","propertyPath":"index"},"interaction":{"idSuffix":"inner"}},"wdio_ui5_key":"sapushell.ui.launchpad.AnchorItem{\"path\":\"/groups/3\",\"propertyPath\":\"index\"}"}]}
RESULT: {}
RESULT: {"script":"<script> [1562 bytes]","args":[{"selector":{"controlType":"sap.ushell.ui.launchpad.AnchorItem","bindingPath":{"path":"/groups/3","propertyPath":"index"},"interaction":{"idSuffix":"inner"}},"wdio_ui5_key":"sapushell.ui.launchpad.AnchorItem{\"path\":\"/groups/3\",\"propertyPath\":\"index\"}"}]}
RESULT: undefined
COMMAND: POST /session/73a4fd280a32fd38d4d0602b1d656d13/execute/async - {"script":"<script> [1562 bytes]","args":[{"selector":{"controlType":"sap.m.GenericTile","properties":{"header":"Manage States & Performance"}},"wdio_ui5_key":"sapm.GenericTile{\"header\":\"Manage States & Performance\"}"}]}
RESULT: {"script":"<script> [1562 bytes]","args":[{"selector":{"controlType":"sap.m.GenericTile","properties":{"header":"Manage States & Performance"}},"wdio_ui5_key":"sapm.GenericTile{\"header\":\"Manage States & Performance\"}"}]}
RESULT: undefined
COMMAND: POST /session/73a4fd280a32fd38d4d0602b1d656d13/elements - {"using":"xpath","value":"//span[text()='Error']"}
RESULT: {"using":"xpath","value":"//span[text()='Error']"}
COMMAND: POST /session/73a4fd280a32fd38d4d0602b1d656d13/execute/async - {"script":"<script> [1562 bytes]","args":[{"selector":{"controlType":"sap.ui.core.Icon","viewName":"etm.portal.ui.managestatesandperformance.view.Master","viewId":"application-managestatesandperformance-display-component---stateAndPerform","properties":{"src":{"regex":{"source":"inventory"}}}},"wdio_ui5_key":"etmportal.ui.managestatesandperformance.view.Mastersap.ui.core.Icon{\"src\":{\"regex\":{\"source\":\"inventory\"}}}"}]}
RESULT: {"script":"<script> [1562 bytes]","args":[{"selector":{"controlType":"sap.ui.core.Icon","viewName":"etm.portal.ui.managestatesandperformance.view.Master","viewId":"application-managestatesandperformance-display-component---stateAndPerform","properties":{"src":{"regex":{"source":"inventory"}}}},"wdio_ui5_key":"etmportal.ui.managestatesandperformance.view.Mastersap.ui.core.Icon{\"src\":{\"regex\":{\"source\":\"inventory\"}}}"}]}
RESULT: undefined
COMMAND: POST /session/73a4fd280a32fd38d4d0602b1d656d13/execute/async - {"script":"<script> [1562 bytes]","args":[{"selector":{"id":"application-managestatesandperformance-display-component---stateAndPerform--smartFilterBarYard-btnBasicSearch","interaction":{"idSuffix":"I"}},"wdio_ui5_key":"applicationmanagestatesandperformance-display-component---stateAndPerform--smartFilterBarYard-btnBasicSearch"}]}
RESULT: {"script":"<script> [1562 bytes]","args":[{"selector":{"id":"application-managestatesandperformance-display-component---stateAndPerform--smartFilterBarYard-btnBasicSearch","interaction":{"idSuffix":"I"}},"wdio_ui5_key":"applicationmanagestatesandperformance-display-component---stateAndPerform--smartFilterBarYard-btnBasicSearch"}]}
RESULT: undefined
COMMAND: POST /session/73a4fd280a32fd38d4d0602b1d656d13/execute/async - {"script":"<script> [1562 bytes]","args":[{"selector":{"controlType":"sap.m.ColumnListItem","viewName":"etm.portal.ui.managestatesandperformance.view.Master","viewId":"application-managestatesandperformance-display-component---stateAndPerform","properties":{"type":"Navigation"},"interaction":{"idSuffix":"cell0"}},"wdio_ui5_key":"etmportal.ui.managestatesandperformance.view.Mastersap.m.ColumnListItem{\"type\":\"Navigation\"}"}]}
RESULT: {"script":"<script> [1562 bytes]","args":[{"selector":{"controlType":"sap.m.ColumnListItem","viewName":"etm.portal.ui.managestatesandperformance.view.Master","viewId":"application-managestatesandperformance-display-component---stateAndPerform","properties":{"type":"Navigation"},"interaction":{"idSuffix":"cell0"}},"wdio_ui5_key":"etmportal.ui.managestatesandperformance.view.Mastersap.m.ColumnListItem{\"type\":\"Navigation\"}"}]}
RESULT: undefined
COMMAND: POST /session/73a4fd280a32fd38d4d0602b1d656d13/execute/async - {"script":"<script> [1562 bytes]","args":[{"selector":{"controlType":"sap.m.Button","viewName":"etm.portal.ui.managestatesandperformance.view.Detail","viewId":"application-managestatesandperformance-display-component---detailStateAndPerform","i18NText":{"propertyName":"text","key":"createStateChange"},"interaction":{"idSuffix":"content"}},"wdio_ui5_key":"etmportal.ui.managestatesandperformance.view.Detailsap.m.Button{\"propertyName\":\"text\",\"key\":\"createStateChange\"}"}]}
RESULT: {"script":"<script> [1562 bytes]","args":[{"selector":{"controlType":"sap.m.Button","viewName":"etm.portal.ui.managestatesandperformance.view.Detail","viewId":"application-managestatesandperformance-display-component---detailStateAndPerform","i18NText":{"propertyName":"text","key":"createStateChange"},"interaction":{"idSuffix":"content"}},"wdio_ui5_key":"etmportal.ui.managestatesandperformance.view.Detailsap.m.Button{\"propertyName\":\"text\",\"key\":\"createStateChange\"}"}]}
RESULT: undefined
COMMAND: POST /session/73a4fd280a32fd38d4d0602b1d656d13/execute/async - {"script":"<script> [1562 bytes]","args":[{"selector":{"id":"addStateDialog--stateSelect","searchOpenDialogs":true,"interaction":{"idSuffix":"arrow"}},"wdio_ui5_key":"addStateDialogstateSelect"}]}
RESULT: {"script":"<script> [1562 bytes]","args":[{"selector":{"id":"addStateDialog--stateSelect","searchOpenDialogs":true,"interaction":{"idSuffix":"arrow"}},"wdio_ui5_key":"addStateDialogstateSelect"}]}
RESULT: undefined
COMMAND: POST /session/73a4fd280a32fd38d4d0602b1d656d13/execute/async - {"script":"<script> [1562 bytes]","args":[{"selector":{"controlType":"sap.ui.core.Item","viewName":"etm.portal.ui.managestatesandperformance.view.Detail","viewId":"application-managestatesandperformance-display-component---detailStateAndPerform","bindingPath":{"path":"/StateTypes(70)","propertyPath":"STATE","modelName":"catalogModel"},"searchOpenDialogs":true},"wdio_ui5_key":"etmportal.ui.managestatesandperformance.view.Detailsap.ui.core.Item{\"path\":\"/StateTypes(70)\",\"propertyPath\":\"STATE\",\"modelName\":\"catalogModel\"}"}]}
RESULT: {"script":"<script> [1562 bytes]","args":[{"selector":{"controlType":"sap.ui.core.Item","viewName":"etm.portal.ui.managestatesandperformance.view.Detail","viewId":"application-managestatesandperformance-display-component---detailStateAndPerform","bindingPath":{"path":"/StateTypes(70)","propertyPath":"STATE","modelName":"catalogModel"},"searchOpenDialogs":true},"wdio_ui5_key":"etmportal.ui.managestatesandperformance.view.Detailsap.ui.core.Item{\"path\":\"/StateTypes(70)\",\"propertyPath\":\"STATE\",\"modelName\":\"catalogModel\"}"}]}
RESULT: undefined
COMMAND: POST /session/73a4fd280a32fd38d4d0602b1d656d13/execute/async - {"script":"<script> [1562 bytes]","args":[{"selector":{"controlType":"sap.m.NumericInput","viewName":"etm.portal.ui.managestatesandperformance.view.Detail","viewId":"application-managestatesandperformance-display-component---detailStateAndPerform","properties":{"value":"0"},"searchOpenDialogs":true,"interaction":{"idSuffix":"inner"}},"wdio_ui5_key":"etmportal.ui.managestatesandperformance.view.Detailsap.m.NumericInput{\"value\":\"0\"}"}]}
RESULT: {"script":"<script> [1562 bytes]","args":[{"selector":{"controlType":"sap.m.NumericInput","viewName":"etm.portal.ui.managestatesandperformance.view.Detail","viewId":"application-managestatesandperformance-display-component---detailStateAndPerform","properties":{"value":"0"},"searchOpenDialogs":true,"interaction":{"idSuffix":"inner"}},"wdio_ui5_key":"etmportal.ui.managestatesandperformance.view.Detailsap.m.NumericInput{\"value\":\"0\"}"}]}
RESULT: undefined
COMMAND: POST /session/73a4fd280a32fd38d4d0602b1d656d13/execute/async - {"script":"<script> [1562 bytes]","args":[{"selector":{"controlType":"sap.m.Button","viewName":"etm.portal.ui.managestatesandperformance.view.Detail","viewId":"application-managestatesandperformance-display-component---detailStateAndPerform","i18NText":{"propertyName":"text","key":"save"},"searchOpenDialogs":true,"interaction":{"idSuffix":"BDI-content"}},"wdio_ui5_key":"etmportal.ui.managestatesandperformance.view.Detailsap.m.Button{\"propertyName\":\"text\",\"key\":\"save\"}"}]}
RESULT: {"script":"<script> [1562 bytes]","args":[{"selector":{"controlType":"sap.m.Button","viewName":"etm.portal.ui.managestatesandperformance.view.Detail","viewId":"application-managestatesandperformance-display-component---detailStateAndPerform","i18NText":{"propertyName":"text","key":"save"},"searchOpenDialogs":true,"interaction":{"idSuffix":"BDI-content"}},"wdio_ui5_key":"etmportal.ui.managestatesandperformance.view.Detailsap.m.Button{\"propertyName\":\"text\",\"key\":\"save\"}"}]}
RESULT: undefined
COMMAND: POST /session/73a4fd280a32fd38d4d0602b1d656d13/element - {"using":"css selector","value":"#shell-header-logo"}
RESULT: {"using":"css selector","value":"#shell-header-logo"}
COMMAND: POST /session/73a4fd280a32fd38d4d0602b1d656d13/element/f.8A8223F9DEA97DA973980CAD3BB2ACE0.d.4BAB713D12288B27E9B48EA2F5B605D3.e.20618/click - {}
RESULT: {}
COMMAND: GET /session/73a4fd280a32fd38d4d0602b1d656d13/screenshot - {}
]]></system-out>
    </testcase>
  </testsuite>
  <testsuite timestamp="2025-05-15T17:38:22" time="651.807" tests="7" failures="2" errors="2" skipped="0">
    <properties>
      <property name="specId" value="0" />
      <property name="suiteName" value="Transfer Yard to Yard US131076" />
      <property name="capabilities" value="chrome.136_0_7103_93.windows" />
      <property name="file" value="file:///D:/a/1/s/test/specs/HTR/transfer-yard-to-yard.spec.js" />
    </properties>
    <testcase classname="chrome.136_0_7103_93.windows.Transfer_Yard_to_Yard_US131076" name="Should create a new yard" time="0.045">
      <system-out><![CDATA[
COMMAND: POST /session/73a4fd280a32fd38d4d0602b1d656d13/window/fullscreen - {}
RESULT: {}
]]></system-out>
    </testcase>
    <testcase classname="chrome.136_0_7103_93.windows.Transfer_Yard_to_Yard_US131076" name="Should create a new 2nd yard" time="134.151">
      <system-out><![CDATA[
COMMAND: POST /session/73a4fd280a32fd38d4d0602b1d656d13/window/fullscreen - {}
RESULT: {}
COMMAND: POST /session/73a4fd280a32fd38d4d0602b1d656d13/execute/async - {"script":"<script> [1562 bytes]","args":[{"selector":{"controlType":"sap.m.GenericTile","properties":{"header":"Manage Yards"}},"wdio_ui5_key":"sapm.GenericTile{\"header\":\"Manage Yards\"}"}]}
RESULT: {"script":"<script> [1562 bytes]","args":[{"selector":{"controlType":"sap.m.GenericTile","properties":{"header":"Manage Yards"}},"wdio_ui5_key":"sapm.GenericTile{\"header\":\"Manage Yards\"}"}]}
RESULT: undefined
COMMAND: POST /session/73a4fd280a32fd38d4d0602b1d656d13/element - {"using":"xpath","value":"//*[@id=\"__tile33\"]"}
RESULT: {"using":"xpath","value":"//*[@id=\"__tile33\"]"}
COMMAND: POST /session/73a4fd280a32fd38d4d0602b1d656d13/element/f.8A8223F9DEA97DA973980CAD3BB2ACE0.d.E0FF4058171B0577D398BE5F3B4D088A.e.21536/click - {}
RESULT: {}
COMMAND: GET /session/73a4fd280a32fd38d4d0602b1d656d13/screenshot - {}
RESULT: {}
COMMAND: POST /session/73a4fd280a32fd38d4d0602b1d656d13/elements - {"using":"xpath","value":"//span[text()='Error']"}
RESULT: {"using":"xpath","value":"//span[text()='Error']"}
COMMAND: POST /session/73a4fd280a32fd38d4d0602b1d656d13/element - {"using":"xpath","value":"//button[@data-kt=\"addNewYardOverflowToolbarButton\"]"}
RESULT: {"using":"xpath","value":"//button[@data-kt=\"addNewYardOverflowToolbarButton\"]"}
COMMAND: POST /session/73a4fd280a32fd38d4d0602b1d656d13/elements - {"using":"xpath","value":"//button[@data-kt=\"addNewYardOverflowToolbarButton\"]"}
RESULT: {"using":"xpath","value":"//button[@data-kt=\"addNewYardOverflowToolbarButton\"]"}
COMMAND: POST /session/73a4fd280a32fd38d4d0602b1d656d13/elements - {"using":"xpath","value":"//button[@data-kt=\"addNewYardOverflowToolbarButton\"]"}
RESULT: {"using":"xpath","value":"//button[@data-kt=\"addNewYardOverflowToolbarButton\"]"}
COMMAND: POST /session/73a4fd280a32fd38d4d0602b1d656d13/elements - {"using":"xpath","value":"//button[@data-kt=\"addNewYardOverflowToolbarButton\"]"}
RESULT: {"using":"xpath","value":"//button[@data-kt=\"addNewYardOverflowToolbarButton\"]"}
COMMAND: POST /session/73a4fd280a32fd38d4d0602b1d656d13/elements - {"using":"xpath","value":"//button[@data-kt=\"addNewYardOverflowToolbarButton\"]"}
RESULT: {"using":"xpath","value":"//button[@data-kt=\"addNewYardOverflowToolbarButton\"]"}
COMMAND: POST /session/73a4fd280a32fd38d4d0602b1d656d13/elements - {"using":"xpath","value":"//button[@data-kt=\"addNewYardOverflowToolbarButton\"]"}
RESULT: {"using":"xpath","value":"//button[@data-kt=\"addNewYardOverflowToolbarButton\"]"}
COMMAND: POST /session/73a4fd280a32fd38d4d0602b1d656d13/elements - {"using":"xpath","value":"//button[@data-kt=\"addNewYardOverflowToolbarButton\"]"}
RESULT: {"using":"xpath","value":"//button[@data-kt=\"addNewYardOverflowToolbarButton\"]"}
COMMAND: POST /session/73a4fd280a32fd38d4d0602b1d656d13/elements - {"using":"xpath","value":"//button[@data-kt=\"addNewYardOverflowToolbarButton\"]"}
RESULT: {"using":"xpath","value":"//button[@data-kt=\"addNewYardOverflowToolbarButton\"]"}
COMMAND: POST /session/73a4fd280a32fd38d4d0602b1d656d13/elements - {"using":"xpath","value":"//button[@data-kt=\"addNewYardOverflowToolbarButton\"]"}
RESULT: {"using":"xpath","value":"//button[@data-kt=\"addNewYardOverflowToolbarButton\"]"}
COMMAND: POST /session/73a4fd280a32fd38d4d0602b1d656d13/elements - {"using":"xpath","value":"//button[@data-kt=\"addNewYardOverflowToolbarButton\"]"}
RESULT: {"using":"xpath","value":"//button[@data-kt=\"addNewYardOverflowToolbarButton\"]"}
COMMAND: POST /session/73a4fd280a32fd38d4d0602b1d656d13/elements - {"using":"xpath","value":"//button[@data-kt=\"addNewYardOverflowToolbarButton\"]"}
RESULT: {"using":"xpath","value":"//button[@data-kt=\"addNewYardOverflowToolbarButton\"]"}
COMMAND: POST /session/73a4fd280a32fd38d4d0602b1d656d13/elements - {"using":"xpath","value":"//button[@data-kt=\"addNewYardOverflowToolbarButton\"]"}
RESULT: {"using":"xpath","value":"//button[@data-kt=\"addNewYardOverflowToolbarButton\"]"}
COMMAND: POST /session/73a4fd280a32fd38d4d0602b1d656d13/elements - {"using":"xpath","value":"//button[@data-kt=\"addNewYardOverflowToolbarButton\"]"}
RESULT: {"using":"xpath","value":"//button[@data-kt=\"addNewYardOverflowToolbarButton\"]"}
COMMAND: POST /session/73a4fd280a32fd38d4d0602b1d656d13/elements - {"using":"xpath","value":"//button[@data-kt=\"addNewYardOverflowToolbarButton\"]"}
RESULT: {"using":"xpath","value":"//button[@data-kt=\"addNewYardOverflowToolbarButton\"]"}
COMMAND: POST /session/73a4fd280a32fd38d4d0602b1d656d13/elements - {"using":"xpath","value":"//button[@data-kt=\"addNewYardOverflowToolbarButton\"]"}
RESULT: {"using":"xpath","value":"//button[@data-kt=\"addNewYardOverflowToolbarButton\"]"}
COMMAND: POST /session/73a4fd280a32fd38d4d0602b1d656d13/elements - {"using":"xpath","value":"//button[@data-kt=\"addNewYardOverflowToolbarButton\"]"}
RESULT: {"using":"xpath","value":"//button[@data-kt=\"addNewYardOverflowToolbarButton\"]"}
COMMAND: POST /session/73a4fd280a32fd38d4d0602b1d656d13/elements - {"using":"xpath","value":"//button[@data-kt=\"addNewYardOverflowToolbarButton\"]"}
RESULT: {"using":"xpath","value":"//button[@data-kt=\"addNewYardOverflowToolbarButton\"]"}
COMMAND: POST /session/73a4fd280a32fd38d4d0602b1d656d13/elements - {"using":"xpath","value":"//button[@data-kt=\"addNewYardOverflowToolbarButton\"]"}
RESULT: {"using":"xpath","value":"//button[@data-kt=\"addNewYardOverflowToolbarButton\"]"}
COMMAND: POST /session/73a4fd280a32fd38d4d0602b1d656d13/elements - {"using":"xpath","value":"//button[@data-kt=\"addNewYardOverflowToolbarButton\"]"}
RESULT: {"using":"xpath","value":"//button[@data-kt=\"addNewYardOverflowToolbarButton\"]"}
COMMAND: POST /session/73a4fd280a32fd38d4d0602b1d656d13/elements - {"using":"xpath","value":"//button[@data-kt=\"addNewYardOverflowToolbarButton\"]"}
RESULT: {"using":"xpath","value":"//button[@data-kt=\"addNewYardOverflowToolbarButton\"]"}
COMMAND: POST /session/73a4fd280a32fd38d4d0602b1d656d13/elements - {"using":"xpath","value":"//button[@data-kt=\"addNewYardOverflowToolbarButton\"]"}
RESULT: {"using":"xpath","value":"//button[@data-kt=\"addNewYardOverflowToolbarButton\"]"}
COMMAND: POST /session/73a4fd280a32fd38d4d0602b1d656d13/elements - {"using":"xpath","value":"//button[@data-kt=\"addNewYardOverflowToolbarButton\"]"}
RESULT: {"using":"xpath","value":"//button[@data-kt=\"addNewYardOverflowToolbarButton\"]"}
COMMAND: POST /session/73a4fd280a32fd38d4d0602b1d656d13/elements - {"using":"xpath","value":"//button[@data-kt=\"addNewYardOverflowToolbarButton\"]"}
RESULT: {"using":"xpath","value":"//button[@data-kt=\"addNewYardOverflowToolbarButton\"]"}
COMMAND: POST /session/73a4fd280a32fd38d4d0602b1d656d13/elements - {"using":"xpath","value":"//button[@data-kt=\"addNewYardOverflowToolbarButton\"]"}
RESULT: {"using":"xpath","value":"//button[@data-kt=\"addNewYardOverflowToolbarButton\"]"}
COMMAND: POST /session/73a4fd280a32fd38d4d0602b1d656d13/element - {"using":"xpath","value":"//button[@data-kt=\"addNewYardOverflowToolbarButton\"]"}
RESULT: {"using":"xpath","value":"//button[@data-kt=\"addNewYardOverflowToolbarButton\"]"}
COMMAND: POST /session/73a4fd280a32fd38d4d0602b1d656d13/execute/sync - {"script":"<script> [8489 bytes]","args":[{"element-6066-11e4-a52e-4f735466cecf":"f.8A8223F9DEA97DA973980CAD3BB2ACE0.d.E0FF4058171B0577D398BE5F3B4D088A.e.21660","ELEMENT":"f.8A8223F9DEA97DA973980CAD3BB2ACE0.d.E0FF4058171B0577D398BE5F3B4D088A.e.21660"}]}
RESULT: {"script":"<script> [8489 bytes]","args":[{"element-6066-11e4-a52e-4f735466cecf":"f.8A8223F9DEA97DA973980CAD3BB2ACE0.d.E0FF4058171B0577D398BE5F3B4D088A.e.21660","ELEMENT":"f.8A8223F9DEA97DA973980CAD3BB2ACE0.d.E0FF4058171B0577D398BE5F3B4D088A.e.21660"}]}
COMMAND: GET /session/73a4fd280a32fd38d4d0602b1d656d13/element/f.8A8223F9DEA97DA973980CAD3BB2ACE0.d.E0FF4058171B0577D398BE5F3B4D088A.e.21660/enabled - {}
COMMAND: GET /session/73a4fd280a32fd38d4d0602b1d656d13/screenshot - {}
RESULT: {}
COMMAND: POST /session/73a4fd280a32fd38d4d0602b1d656d13/execute/sync - {"script":"<script> [8489 bytes]","args":[{"element-6066-11e4-a52e-4f735466cecf":"f.8A8223F9DEA97DA973980CAD3BB2ACE0.d.E0FF4058171B0577D398BE5F3B4D088A.e.21660","ELEMENT":"f.8A8223F9DEA97DA973980CAD3BB2ACE0.d.E0FF4058171B0577D398BE5F3B4D088A.e.21660"}]}
COMMAND: GET /session/73a4fd280a32fd38d4d0602b1d656d13/screenshot - {}
RESULT: {}
RESULT: {"script":"<script> [8489 bytes]","args":[{"element-6066-11e4-a52e-4f735466cecf":"f.8A8223F9DEA97DA973980CAD3BB2ACE0.d.E0FF4058171B0577D398BE5F3B4D088A.e.21660","ELEMENT":"f.8A8223F9DEA97DA973980CAD3BB2ACE0.d.E0FF4058171B0577D398BE5F3B4D088A.e.21660"}]}
COMMAND: POST /session/73a4fd280a32fd38d4d0602b1d656d13/execute/sync - {"script":"<script> [5351 bytes]","args":[{"element-6066-11e4-a52e-4f735466cecf":"f.8A8223F9DEA97DA973980CAD3BB2ACE0.d.E0FF4058171B0577D398BE5F3B4D088A.e.21660","ELEMENT":"f.8A8223F9DEA97DA973980CAD3BB2ACE0.d.E0FF4058171B0577D398BE5F3B4D088A.e.21660"}]}
COMMAND: GET /session/73a4fd280a32fd38d4d0602b1d656d13/screenshot - {}
RESULT: {}
RESULT: {"script":"<script> [5351 bytes]","args":[{"element-6066-11e4-a52e-4f735466cecf":"f.8A8223F9DEA97DA973980CAD3BB2ACE0.d.E0FF4058171B0577D398BE5F3B4D088A.e.21660","ELEMENT":"f.8A8223F9DEA97DA973980CAD3BB2ACE0.d.E0FF4058171B0577D398BE5F3B4D088A.e.21660"}]}
COMMAND: POST /session/73a4fd280a32fd38d4d0602b1d656d13/element/f.8A8223F9DEA97DA973980CAD3BB2ACE0.d.E0FF4058171B0577D398BE5F3B4D088A.e.21660/click - {}
COMMAND: GET /session/73a4fd280a32fd38d4d0602b1d656d13/screenshot - {}
RESULT: {}
RESULT: {}
COMMAND: GET /session/73a4fd280a32fd38d4d0602b1d656d13/screenshot - {}
RESULT: {}
COMMAND: POST /session/73a4fd280a32fd38d4d0602b1d656d13/element - {"using":"xpath","value":"//input[@id=\"application-manageyards-display-component---NewYard--yardId-inner\"]"}
RESULT: {}
RESULT: {"using":"xpath","value":"//input[@id=\"application-manageyards-display-component---NewYard--yardId-inner\"]"}
COMMAND: POST /session/73a4fd280a32fd38d4d0602b1d656d13/element - {"using":"xpath","value":"//input[@id=\"application-manageyards-display-component---NewYard--yardId-inner\"]"}
RESULT: {"using":"xpath","value":"//input[@id=\"application-manageyards-display-component---NewYard--yardId-inner\"]"}
COMMAND: POST /session/73a4fd280a32fd38d4d0602b1d656d13/execute/async - {"script":"<script> [1562 bytes]","args":[{"selector":{"id":"application-manageyards-display-component---NewYard--addressDetailDetailsName1","interaction":{"idSuffix":"inner"}},"wdio_ui5_key":"applicationmanageyards-display-component---NewYard--addressDetailDetailsName1"}]}
RESULT: {"script":"<script> [1562 bytes]","args":[{"selector":{"id":"application-manageyards-display-component---NewYard--addressDetailDetailsName1","interaction":{"idSuffix":"inner"}},"wdio_ui5_key":"applicationmanageyards-display-component---NewYard--addressDetailDetailsName1"}]}
RESULT: undefined
COMMAND: POST /session/73a4fd280a32fd38d4d0602b1d656d13/execute/async - {"script":"<script> [776 bytes]","args":[{"enterText":"Intracompany Yard wdIO","selector":{"id":"application-manageyards-display-component---NewYard--addressDetailDetailsName1","interaction":{"idSuffix":"inner"}},"clearTextFirst":true,"interactionType":"ENTER_TEXT"}]}
RESULT: {"script":"<script> [776 bytes]","args":[{"enterText":"Intracompany Yard wdIO","selector":{"id":"application-manageyards-display-component---NewYard--addressDetailDetailsName1","interaction":{"idSuffix":"inner"}},"clearTextFirst":true,"interactionType":"ENTER_TEXT"}]}
COMMAND: POST /session/73a4fd280a32fd38d4d0602b1d656d13/execute/async - {"script":"<script> [1562 bytes]","args":[{"selector":{"id":"application-manageyards-display-component---NewYard--addressDetailDetailsLanguage-arrow"},"wdio_ui5_key":"applicationmanageyards-display-component---NewYard--addressDetailDetailsLanguage-arrow"}]}
RESULT: {"script":"<script> [1562 bytes]","args":[{"selector":{"id":"application-manageyards-display-component---NewYard--addressDetailDetailsLanguage-arrow"},"wdio_ui5_key":"applicationmanageyards-display-component---NewYard--addressDetailDetailsLanguage-arrow"}]}
RESULT: undefined
COMMAND: POST /session/73a4fd280a32fd38d4d0602b1d656d13/element - {"using":"xpath","value":"//*[@id=\"application-manageyards-display-component---NewYard--addressDetailDetailsLanguage-arrow\"]"}
RESULT: {"using":"xpath","value":"//*[@id=\"application-manageyards-display-component---NewYard--addressDetailDetailsLanguage-arrow\"]"}
COMMAND: POST /session/73a4fd280a32fd38d4d0602b1d656d13/element/f.8A8223F9DEA97DA973980CAD3BB2ACE0.d.E0FF4058171B0577D398BE5F3B4D088A.e.22094/click - {}
RESULT: {}
COMMAND: POST /session/73a4fd280a32fd38d4d0602b1d656d13/element - {"using":"xpath","value":"//span[contains(text(), \"English\")]"}
COMMAND: GET /session/73a4fd280a32fd38d4d0602b1d656d13/screenshot - {}
RESULT: {"using":"xpath","value":"//span[contains(text(), \"English\")]"}
COMMAND: POST /session/73a4fd280a32fd38d4d0602b1d656d13/element/f.8A8223F9DEA97DA973980CAD3BB2ACE0.d.E0FF4058171B0577D398BE5F3B4D088A.e.22095/click - {}
RESULT: {}
RESULT: {}
COMMAND: POST /session/73a4fd280a32fd38d4d0602b1d656d13/execute/async - {"script":"<script> [1562 bytes]","args":[{"selector":{"id":"application-manageyards-display-component---NewYard--addressDetailDetailsCity1","interaction":{"idSuffix":"inner"}},"wdio_ui5_key":"applicationmanageyards-display-component---NewYard--addressDetailDetailsCity1"}]}
COMMAND: GET /session/73a4fd280a32fd38d4d0602b1d656d13/screenshot - {}
RESULT: {"script":"<script> [1562 bytes]","args":[{"selector":{"id":"application-manageyards-display-component---NewYard--addressDetailDetailsCity1","interaction":{"idSuffix":"inner"}},"wdio_ui5_key":"applicationmanageyards-display-component---NewYard--addressDetailDetailsCity1"}]}
RESULT: undefined
COMMAND: POST /session/73a4fd280a32fd38d4d0602b1d656d13/execute/async - {"script":"<script> [776 bytes]","args":[{"enterText":"Rosario","selector":{"id":"application-manageyards-display-component---NewYard--addressDetailDetailsCity1","interaction":{"idSuffix":"inner"}},"clearTextFirst":true,"interactionType":"ENTER_TEXT"}]}
RESULT: {}
RESULT: {"script":"<script> [776 bytes]","args":[{"enterText":"Rosario","selector":{"id":"application-manageyards-display-component---NewYard--addressDetailDetailsCity1","interaction":{"idSuffix":"inner"}},"clearTextFirst":true,"interactionType":"ENTER_TEXT"}]}
COMMAND: POST /session/73a4fd280a32fd38d4d0602b1d656d13/execute/async - {"script":"<script> [1562 bytes]","args":[{"selector":{"id":"application-manageyards-display-component---NewYard--addressDetailDetailsCountry-arrow"},"wdio_ui5_key":"applicationmanageyards-display-component---NewYard--addressDetailDetailsCountry-arrow"}]}
RESULT: {"script":"<script> [1562 bytes]","args":[{"selector":{"id":"application-manageyards-display-component---NewYard--addressDetailDetailsCountry-arrow"},"wdio_ui5_key":"applicationmanageyards-display-component---NewYard--addressDetailDetailsCountry-arrow"}]}
RESULT: undefined
COMMAND: POST /session/73a4fd280a32fd38d4d0602b1d656d13/element - {"using":"xpath","value":"//*[@id=\"application-manageyards-display-component---NewYard--addressDetailDetailsCountry-arrow\"]"}
RESULT: {"using":"xpath","value":"//*[@id=\"application-manageyards-display-component---NewYard--addressDetailDetailsCountry-arrow\"]"}
COMMAND: POST /session/73a4fd280a32fd38d4d0602b1d656d13/element/f.8A8223F9DEA97DA973980CAD3BB2ACE0.d.E0FF4058171B0577D398BE5F3B4D088A.e.22097/click - {}
RESULT: {}
COMMAND: POST /session/73a4fd280a32fd38d4d0602b1d656d13/element - {"using":"xpath","value":"//span[contains(text(), \"Argentina\")]"}
COMMAND: GET /session/73a4fd280a32fd38d4d0602b1d656d13/screenshot - {}
RESULT: {"using":"xpath","value":"//span[contains(text(), \"Argentina\")]"}
COMMAND: POST /session/73a4fd280a32fd38d4d0602b1d656d13/element/f.8A8223F9DEA97DA973980CAD3BB2ACE0.d.E0FF4058171B0577D398BE5F3B4D088A.e.22099/click - {}
RESULT: {}
RESULT: {}
COMMAND: POST /session/73a4fd280a32fd38d4d0602b1d656d13/execute/async - {"script":"<script> [1562 bytes]","args":[{"selector":{"id":"application-manageyards-display-component---NewYard--addressEditDetailsCostObjectCstType-arrow"},"wdio_ui5_key":"applicationmanageyards-display-component---NewYard--addressEditDetailsCostObjectCstType-arrow"}]}
COMMAND: GET /session/73a4fd280a32fd38d4d0602b1d656d13/screenshot - {}
RESULT: {"script":"<script> [1562 bytes]","args":[{"selector":{"id":"application-manageyards-display-component---NewYard--addressEditDetailsCostObjectCstType-arrow"},"wdio_ui5_key":"applicationmanageyards-display-component---NewYard--addressEditDetailsCostObjectCstType-arrow"}]}
RESULT: undefined
COMMAND: POST /session/73a4fd280a32fd38d4d0602b1d656d13/element - {"using":"xpath","value":"//*[@id=\"application-manageyards-display-component---NewYard--addressEditDetailsCostObjectCstType-arrow\"]"}
RESULT: {}
RESULT: {"using":"xpath","value":"//*[@id=\"application-manageyards-display-component---NewYard--addressEditDetailsCostObjectCstType-arrow\"]"}
COMMAND: POST /session/73a4fd280a32fd38d4d0602b1d656d13/element/f.8A8223F9DEA97DA973980CAD3BB2ACE0.d.E0FF4058171B0577D398BE5F3B4D088A.e.22100/click - {}
RESULT: {}
COMMAND: POST /session/73a4fd280a32fd38d4d0602b1d656d13/element - {"using":"xpath","value":"//span[contains(text(), \"Cost Center\")]"}
COMMAND: GET /session/73a4fd280a32fd38d4d0602b1d656d13/screenshot - {}
RESULT: {"using":"xpath","value":"//span[contains(text(), \"Cost Center\")]"}
COMMAND: POST /session/73a4fd280a32fd38d4d0602b1d656d13/element/f.8A8223F9DEA97DA973980CAD3BB2ACE0.d.E0FF4058171B0577D398BE5F3B4D088A.e.22101/click - {}
RESULT: {}
RESULT: {}
COMMAND: GET /session/73a4fd280a32fd38d4d0602b1d656d13/screenshot - {}
RESULT: {}
COMMAND: POST /session/73a4fd280a32fd38d4d0602b1d656d13/element - {"using":"xpath","value":"//span[@id=\"application-manageyards-display-component---NewYard--addressNewCostObjectCstID-vhi\"]"}
RESULT: {"using":"xpath","value":"//span[@id=\"application-manageyards-display-component---NewYard--addressNewCostObjectCstID-vhi\"]"}
COMMAND: POST /session/73a4fd280a32fd38d4d0602b1d656d13/execute/sync - {"script":"<script> [8489 bytes]","args":[{"element-6066-11e4-a52e-4f735466cecf":"f.8A8223F9DEA97DA973980CAD3BB2ACE0.d.E0FF4058171B0577D398BE5F3B4D088A.e.22105","ELEMENT":"f.8A8223F9DEA97DA973980CAD3BB2ACE0.d.E0FF4058171B0577D398BE5F3B4D088A.e.22105"}]}
RESULT: {"script":"<script> [8489 bytes]","args":[{"element-6066-11e4-a52e-4f735466cecf":"f.8A8223F9DEA97DA973980CAD3BB2ACE0.d.E0FF4058171B0577D398BE5F3B4D088A.e.22105","ELEMENT":"f.8A8223F9DEA97DA973980CAD3BB2ACE0.d.E0FF4058171B0577D398BE5F3B4D088A.e.22105"}]}
COMMAND: POST /session/73a4fd280a32fd38d4d0602b1d656d13/execute/async - {"script":"<script> [1562 bytes]","args":[{"selector":{"id":"application-manageyards-display-component---NewYard--addressNewCostObjectCstID-vhi"},"wdio_ui5_key":"applicationmanageyards-display-component---NewYard--addressNewCostObjectCstID-vhi"}]}
COMMAND: GET /session/73a4fd280a32fd38d4d0602b1d656d13/screenshot - {}
RESULT: {"script":"<script> [1562 bytes]","args":[{"selector":{"id":"application-manageyards-display-component---NewYard--addressNewCostObjectCstID-vhi"},"wdio_ui5_key":"applicationmanageyards-display-component---NewYard--addressNewCostObjectCstID-vhi"}]}
RESULT: undefined
COMMAND: POST /session/73a4fd280a32fd38d4d0602b1d656d13/element - {"using":"xpath","value":"//*[@id=\"application-manageyards-display-component---NewYard--addressNewCostObjectCstID-vhi\"]"}
RESULT: {}
RESULT: {"using":"xpath","value":"//*[@id=\"application-manageyards-display-component---NewYard--addressNewCostObjectCstID-vhi\"]"}
COMMAND: POST /session/73a4fd280a32fd38d4d0602b1d656d13/element/f.8A8223F9DEA97DA973980CAD3BB2ACE0.d.E0FF4058171B0577D398BE5F3B4D088A.e.22105/click - {}
RESULT: {}
COMMAND: GET /session/73a4fd280a32fd38d4d0602b1d656d13/screenshot - {}
RESULT: {}
COMMAND: POST /session/73a4fd280a32fd38d4d0602b1d656d13/execute/async - {"script":"<script> [1562 bytes]","args":[{"selector":{"controlType":"sap.m.SearchField","properties":{"placeholder":"Search"},"searchOpenDialogs":true,"interaction":{"idSuffix":"I"}},"wdio_ui5_key":"sapm.SearchField{\"placeholder\":\"Search\"}"}]}
RESULT: {"script":"<script> [1562 bytes]","args":[{"selector":{"controlType":"sap.m.SearchField","properties":{"placeholder":"Search"},"searchOpenDialogs":true,"interaction":{"idSuffix":"I"}},"wdio_ui5_key":"sapm.SearchField{\"placeholder\":\"Search\"}"}]}
RESULT: undefined
COMMAND: POST /session/73a4fd280a32fd38d4d0602b1d656d13/execute/async - {"script":"<script> [776 bytes]","args":[{"enterText":"bauh_b","selector":{"controlType":"sap.m.SearchField","properties":{"placeholder":"Search"},"searchOpenDialogs":true,"interaction":{"idSuffix":"I"}},"clearTextFirst":true,"interactionType":"ENTER_TEXT"}]}
RESULT: {"script":"<script> [776 bytes]","args":[{"enterText":"bauh_b","selector":{"controlType":"sap.m.SearchField","properties":{"placeholder":"Search"},"searchOpenDialogs":true,"interaction":{"idSuffix":"I"}},"clearTextFirst":true,"interactionType":"ENTER_TEXT"}]}
COMMAND: POST /session/73a4fd280a32fd38d4d0602b1d656d13/actions - {"actions":[{"id":"action67","type":"key","parameters":{},"actions":[{"type":"keyDown","value":"î€‡"},{"type":"pause","duration":10},{"type":"keyUp","value":"î€‡"}]}]}
RESULT: {"actions":[{"id":"action67","type":"key","parameters":{},"actions":[{"type":"keyDown","value":"î€‡"},{"type":"pause","duration":10},{"type":"keyUp","value":"î€‡"}]}]}
COMMAND: GET /session/73a4fd280a32fd38d4d0602b1d656d13/screenshot - {}
RESULT: {}
COMMAND: POST /session/73a4fd280a32fd38d4d0602b1d656d13/element - {"using":"xpath","value":"//span[contains(text(), \"Demo Yard\")]"}
RESULT: {"using":"xpath","value":"//span[contains(text(), \"Demo Yard\")]"}
COMMAND: POST /session/73a4fd280a32fd38d4d0602b1d656d13/element/f.8A8223F9DEA97DA973980CAD3BB2ACE0.d.E0FF4058171B0577D398BE5F3B4D088A.e.22148/click - {}
RESULT: {}
COMMAND: GET /session/73a4fd280a32fd38d4d0602b1d656d13/screenshot - {}
RESULT: {}
COMMAND: POST /session/73a4fd280a32fd38d4d0602b1d656d13/element - {"using":"xpath","value":"//bdi[contains(text(), \"OK\")]"}
RESULT: {"using":"xpath","value":"//bdi[contains(text(), \"OK\")]"}
COMMAND: POST /session/73a4fd280a32fd38d4d0602b1d656d13/element/f.8A8223F9DEA97DA973980CAD3BB2ACE0.d.E0FF4058171B0577D398BE5F3B4D088A.e.22149/click - {}
RESULT: {}
COMMAND: GET /session/73a4fd280a32fd38d4d0602b1d656d13/screenshot - {}
RESULT: {}
COMMAND: POST /session/73a4fd280a32fd38d4d0602b1d656d13/execute/async - {"script":"<script> [1562 bytes]","args":[{"selector":{"id":"application-manageyards-display-component---NewYard--addressEditDetailsCurrency-arrow"},"wdio_ui5_key":"applicationmanageyards-display-component---NewYard--addressEditDetailsCurrency-arrow"}]}
RESULT: {"script":"<script> [1562 bytes]","args":[{"selector":{"id":"application-manageyards-display-component---NewYard--addressEditDetailsCurrency-arrow"},"wdio_ui5_key":"applicationmanageyards-display-component---NewYard--addressEditDetailsCurrency-arrow"}]}
RESULT: undefined
COMMAND: POST /session/73a4fd280a32fd38d4d0602b1d656d13/element - {"using":"xpath","value":"//*[@id=\"application-manageyards-display-component---NewYard--addressEditDetailsCurrency-arrow\"]"}
RESULT: {"using":"xpath","value":"//*[@id=\"application-manageyards-display-component---NewYard--addressEditDetailsCurrency-arrow\"]"}
COMMAND: POST /session/73a4fd280a32fd38d4d0602b1d656d13/element/f.8A8223F9DEA97DA973980CAD3BB2ACE0.d.E0FF4058171B0577D398BE5F3B4D088A.e.22152/click - {}
RESULT: {}
COMMAND: POST /session/73a4fd280a32fd38d4d0602b1d656d13/element - {"using":"xpath","value":"//span[contains(text(), \"Euro\")]"}
COMMAND: GET /session/73a4fd280a32fd38d4d0602b1d656d13/screenshot - {}
RESULT: {"using":"xpath","value":"//span[contains(text(), \"Euro\")]"}
COMMAND: POST /session/73a4fd280a32fd38d4d0602b1d656d13/element/f.8A8223F9DEA97DA973980CAD3BB2ACE0.d.E0FF4058171B0577D398BE5F3B4D088A.e.22153/click - {}
RESULT: {}
RESULT: {}
COMMAND: POST /session/73a4fd280a32fd38d4d0602b1d656d13/execute/async - {"script":"<script> [1562 bytes]","args":[{"selector":{"controlType":"sap.m.Input","viewName":"etm.portal.ui.manageyards.view.New","viewId":"application-manageyards-display-component---NewYard","bindingPath":{"path":"","propertyPath":"/CONTROLLING_AREA","modelName":"NewYardModel"},"interaction":{"idSuffix":"inner"}},"wdio_ui5_key":"etmportal.ui.manageyards.view.Newsap.m.Input{\"path\":\"\",\"propertyPath\":\"/CONTROLLING_AREA\",\"modelName\":\"NewYardModel\"}"}]}
COMMAND: GET /session/73a4fd280a32fd38d4d0602b1d656d13/screenshot - {}
RESULT: {"script":"<script> [1562 bytes]","args":[{"selector":{"controlType":"sap.m.Input","viewName":"etm.portal.ui.manageyards.view.New","viewId":"application-manageyards-display-component---NewYard","bindingPath":{"path":"","propertyPath":"/CONTROLLING_AREA","modelName":"NewYardModel"},"interaction":{"idSuffix":"inner"}},"wdio_ui5_key":"etmportal.ui.manageyards.view.Newsap.m.Input{\"path\":\"\",\"propertyPath\":\"/CONTROLLING_AREA\",\"modelName\":\"NewYardModel\"}"}]}
RESULT: undefined
COMMAND: POST /session/73a4fd280a32fd38d4d0602b1d656d13/execute/async - {"script":"<script> [776 bytes]","args":[{"enterText":"Z001","selector":{"controlType":"sap.m.Input","viewName":"etm.portal.ui.manageyards.view.New","viewId":"application-manageyards-display-component---NewYard","bindingPath":{"path":"","propertyPath":"/CONTROLLING_AREA","modelName":"NewYardModel"},"interaction":{"idSuffix":"inner"}},"clearTextFirst":true,"interactionType":"ENTER_TEXT"}]}
RESULT: {}
RESULT: {"script":"<script> [776 bytes]","args":[{"enterText":"Z001","selector":{"controlType":"sap.m.Input","viewName":"etm.portal.ui.manageyards.view.New","viewId":"application-manageyards-display-component---NewYard","bindingPath":{"path":"","propertyPath":"/CONTROLLING_AREA","modelName":"NewYardModel"},"interaction":{"idSuffix":"inner"}},"clearTextFirst":true,"interactionType":"ENTER_TEXT"}]}
COMMAND: POST /session/73a4fd280a32fd38d4d0602b1d656d13/execute/async - {"script":"<script> [1562 bytes]","args":[{"selector":{"id":"application-manageyards-display-component---NewYard--companyCodeComboBox","interaction":{"idSuffix":"inner"}},"wdio_ui5_key":"applicationmanageyards-display-component---NewYard--companyCodeComboBox"}]}
RESULT: {"script":"<script> [1562 bytes]","args":[{"selector":{"id":"application-manageyards-display-component---NewYard--companyCodeComboBox","interaction":{"idSuffix":"inner"}},"wdio_ui5_key":"applicationmanageyards-display-component---NewYard--companyCodeComboBox"}]}
RESULT: undefined
COMMAND: POST /session/73a4fd280a32fd38d4d0602b1d656d13/execute/async - {"script":"<script> [776 bytes]","args":[{"enterText":"1000","selector":{"id":"application-manageyards-display-component---NewYard--companyCodeComboBox","interaction":{"idSuffix":"inner"}},"clearTextFirst":true,"interactionType":"ENTER_TEXT"}]}
RESULT: {"script":"<script> [776 bytes]","args":[{"enterText":"1000","selector":{"id":"application-manageyards-display-component---NewYard--companyCodeComboBox","interaction":{"idSuffix":"inner"}},"clearTextFirst":true,"interactionType":"ENTER_TEXT"}]}
COMMAND: POST /session/73a4fd280a32fd38d4d0602b1d656d13/execute/async - {"script":"<script> [1562 bytes]","args":[{"selector":{"controlType":"sap.m.Input","viewName":"etm.portal.ui.manageyards.view.New","viewId":"application-manageyards-display-component---NewYard","bindingPath":{"path":"","propertyPath":"/PLANT","modelName":"NewYardModel"},"interaction":{"idSuffix":"inner"}},"wdio_ui5_key":"etmportal.ui.manageyards.view.Newsap.m.Input{\"path\":\"\",\"propertyPath\":\"/PLANT\",\"modelName\":\"NewYardModel\"}"}]}
RESULT: {"script":"<script> [1562 bytes]","args":[{"selector":{"controlType":"sap.m.Input","viewName":"etm.portal.ui.manageyards.view.New","viewId":"application-manageyards-display-component---NewYard","bindingPath":{"path":"","propertyPath":"/PLANT","modelName":"NewYardModel"},"interaction":{"idSuffix":"inner"}},"wdio_ui5_key":"etmportal.ui.manageyards.view.Newsap.m.Input{\"path\":\"\",\"propertyPath\":\"/PLANT\",\"modelName\":\"NewYardModel\"}"}]}
RESULT: undefined
COMMAND: POST /session/73a4fd280a32fd38d4d0602b1d656d13/execute/async - {"script":"<script> [776 bytes]","args":[{"enterText":"1001","selector":{"controlType":"sap.m.Input","viewName":"etm.portal.ui.manageyards.view.New","viewId":"application-manageyards-display-component---NewYard","bindingPath":{"path":"","propertyPath":"/PLANT","modelName":"NewYardModel"},"interaction":{"idSuffix":"inner"}},"clearTextFirst":true,"interactionType":"ENTER_TEXT"}]}
RESULT: {"script":"<script> [776 bytes]","args":[{"enterText":"1001","selector":{"controlType":"sap.m.Input","viewName":"etm.portal.ui.manageyards.view.New","viewId":"application-manageyards-display-component---NewYard","bindingPath":{"path":"","propertyPath":"/PLANT","modelName":"NewYardModel"},"interaction":{"idSuffix":"inner"}},"clearTextFirst":true,"interactionType":"ENTER_TEXT"}]}
COMMAND: POST /session/73a4fd280a32fd38d4d0602b1d656d13/execute/async - {"script":"<script> [1562 bytes]","args":[{"selector":{"controlType":"sap.m.Input","viewName":"etm.portal.ui.manageyards.view.New","viewId":"application-manageyards-display-component---NewYard","bindingPath":{"path":"","propertyPath":"/SALES_AREA_VKORG","modelName":"NewYardModel"},"interaction":{"idSuffix":"inner"}},"wdio_ui5_key":"etmportal.ui.manageyards.view.Newsap.m.Input{\"path\":\"\",\"propertyPath\":\"/SALES_AREA_VKORG\",\"modelName\":\"NewYardModel\"}"}]}
RESULT: {"script":"<script> [1562 bytes]","args":[{"selector":{"controlType":"sap.m.Input","viewName":"etm.portal.ui.manageyards.view.New","viewId":"application-manageyards-display-component---NewYard","bindingPath":{"path":"","propertyPath":"/SALES_AREA_VKORG","modelName":"NewYardModel"},"interaction":{"idSuffix":"inner"}},"wdio_ui5_key":"etmportal.ui.manageyards.view.Newsap.m.Input{\"path\":\"\",\"propertyPath\":\"/SALES_AREA_VKORG\",\"modelName\":\"NewYardModel\"}"}]}
RESULT: undefined
COMMAND: POST /session/73a4fd280a32fd38d4d0602b1d656d13/execute/async - {"script":"<script> [776 bytes]","args":[{"enterText":"C002","selector":{"controlType":"sap.m.Input","viewName":"etm.portal.ui.manageyards.view.New","viewId":"application-manageyards-display-component---NewYard","bindingPath":{"path":"","propertyPath":"/SALES_AREA_VKORG","modelName":"NewYardModel"},"interaction":{"idSuffix":"inner"}},"clearTextFirst":true,"interactionType":"ENTER_TEXT"}]}
RESULT: {"script":"<script> [776 bytes]","args":[{"enterText":"C002","selector":{"controlType":"sap.m.Input","viewName":"etm.portal.ui.manageyards.view.New","viewId":"application-manageyards-display-component---NewYard","bindingPath":{"path":"","propertyPath":"/SALES_AREA_VKORG","modelName":"NewYardModel"},"interaction":{"idSuffix":"inner"}},"clearTextFirst":true,"interactionType":"ENTER_TEXT"}]}
COMMAND: POST /session/73a4fd280a32fd38d4d0602b1d656d13/execute/async - {"script":"<script> [1562 bytes]","args":[{"selector":{"controlType":"sap.m.Input","viewName":"etm.portal.ui.manageyards.view.New","viewId":"application-manageyards-display-component---NewYard","bindingPath":{"path":"","propertyPath":"/SALES_AREA_VTWEG","modelName":"NewYardModel"},"interaction":{"idSuffix":"inner"}},"wdio_ui5_key":"etmportal.ui.manageyards.view.Newsap.m.Input{\"path\":\"\",\"propertyPath\":\"/SALES_AREA_VTWEG\",\"modelName\":\"NewYardModel\"}"}]}
RESULT: {"script":"<script> [1562 bytes]","args":[{"selector":{"controlType":"sap.m.Input","viewName":"etm.portal.ui.manageyards.view.New","viewId":"application-manageyards-display-component---NewYard","bindingPath":{"path":"","propertyPath":"/SALES_AREA_VTWEG","modelName":"NewYardModel"},"interaction":{"idSuffix":"inner"}},"wdio_ui5_key":"etmportal.ui.manageyards.view.Newsap.m.Input{\"path\":\"\",\"propertyPath\":\"/SALES_AREA_VTWEG\",\"modelName\":\"NewYardModel\"}"}]}
RESULT: undefined
COMMAND: POST /session/73a4fd280a32fd38d4d0602b1d656d13/execute/async - {"script":"<script> [776 bytes]","args":[{"enterText":"C2","selector":{"controlType":"sap.m.Input","viewName":"etm.portal.ui.manageyards.view.New","viewId":"application-manageyards-display-component---NewYard","bindingPath":{"path":"","propertyPath":"/SALES_AREA_VTWEG","modelName":"NewYardModel"},"interaction":{"idSuffix":"inner"}},"clearTextFirst":true,"interactionType":"ENTER_TEXT"}]}
RESULT: {"script":"<script> [776 bytes]","args":[{"enterText":"C2","selector":{"controlType":"sap.m.Input","viewName":"etm.portal.ui.manageyards.view.New","viewId":"application-manageyards-display-component---NewYard","bindingPath":{"path":"","propertyPath":"/SALES_AREA_VTWEG","modelName":"NewYardModel"},"interaction":{"idSuffix":"inner"}},"clearTextFirst":true,"interactionType":"ENTER_TEXT"}]}
COMMAND: POST /session/73a4fd280a32fd38d4d0602b1d656d13/execute/async - {"script":"<script> [1562 bytes]","args":[{"selector":{"controlType":"sap.m.Input","viewName":"etm.portal.ui.manageyards.view.New","viewId":"application-manageyards-display-component---NewYard","bindingPath":{"path":"","propertyPath":"/SALES_AREA_SPART","modelName":"NewYardModel"},"interaction":{"idSuffix":"inner"}},"wdio_ui5_key":"etmportal.ui.manageyards.view.Newsap.m.Input{\"path\":\"\",\"propertyPath\":\"/SALES_AREA_SPART\",\"modelName\":\"NewYardModel\"}"}]}
RESULT: {"script":"<script> [1562 bytes]","args":[{"selector":{"controlType":"sap.m.Input","viewName":"etm.portal.ui.manageyards.view.New","viewId":"application-manageyards-display-component---NewYard","bindingPath":{"path":"","propertyPath":"/SALES_AREA_SPART","modelName":"NewYardModel"},"interaction":{"idSuffix":"inner"}},"wdio_ui5_key":"etmportal.ui.manageyards.view.Newsap.m.Input{\"path\":\"\",\"propertyPath\":\"/SALES_AREA_SPART\",\"modelName\":\"NewYardModel\"}"}]}
RESULT: undefined
COMMAND: POST /session/73a4fd280a32fd38d4d0602b1d656d13/execute/async - {"script":"<script> [776 bytes]","args":[{"enterText":"C2","selector":{"controlType":"sap.m.Input","viewName":"etm.portal.ui.manageyards.view.New","viewId":"application-manageyards-display-component---NewYard","bindingPath":{"path":"","propertyPath":"/SALES_AREA_SPART","modelName":"NewYardModel"},"interaction":{"idSuffix":"inner"}},"clearTextFirst":true,"interactionType":"ENTER_TEXT"}]}
RESULT: {"script":"<script> [776 bytes]","args":[{"enterText":"C2","selector":{"controlType":"sap.m.Input","viewName":"etm.portal.ui.manageyards.view.New","viewId":"application-manageyards-display-component---NewYard","bindingPath":{"path":"","propertyPath":"/SALES_AREA_SPART","modelName":"NewYardModel"},"interaction":{"idSuffix":"inner"}},"clearTextFirst":true,"interactionType":"ENTER_TEXT"}]}
COMMAND: POST /session/73a4fd280a32fd38d4d0602b1d656d13/execute/async - {"script":"<script> [1562 bytes]","args":[{"selector":{"controlType":"sap.m.Input","viewName":"etm.portal.ui.manageyards.view.New","viewId":"application-manageyards-display-component---NewYard","bindingPath":{"path":"","propertyPath":"/SHIP_POINT","modelName":"NewYardModel"},"interaction":{"idSuffix":"inner"}},"wdio_ui5_key":"etmportal.ui.manageyards.view.Newsap.m.Input{\"path\":\"\",\"propertyPath\":\"/SHIP_POINT\",\"modelName\":\"NewYardModel\"}"}]}
RESULT: {"script":"<script> [1562 bytes]","args":[{"selector":{"controlType":"sap.m.Input","viewName":"etm.portal.ui.manageyards.view.New","viewId":"application-manageyards-display-component---NewYard","bindingPath":{"path":"","propertyPath":"/SHIP_POINT","modelName":"NewYardModel"},"interaction":{"idSuffix":"inner"}},"wdio_ui5_key":"etmportal.ui.manageyards.view.Newsap.m.Input{\"path\":\"\",\"propertyPath\":\"/SHIP_POINT\",\"modelName\":\"NewYardModel\"}"}]}
RESULT: undefined
COMMAND: POST /session/73a4fd280a32fd38d4d0602b1d656d13/execute/async - {"script":"<script> [776 bytes]","args":[{"enterText":"1710","selector":{"controlType":"sap.m.Input","viewName":"etm.portal.ui.manageyards.view.New","viewId":"application-manageyards-display-component---NewYard","bindingPath":{"path":"","propertyPath":"/SHIP_POINT","modelName":"NewYardModel"},"interaction":{"idSuffix":"inner"}},"clearTextFirst":true,"interactionType":"ENTER_TEXT"}]}
RESULT: {"script":"<script> [776 bytes]","args":[{"enterText":"1710","selector":{"controlType":"sap.m.Input","viewName":"etm.portal.ui.manageyards.view.New","viewId":"application-manageyards-display-component---NewYard","bindingPath":{"path":"","propertyPath":"/SHIP_POINT","modelName":"NewYardModel"},"interaction":{"idSuffix":"inner"}},"clearTextFirst":true,"interactionType":"ENTER_TEXT"}]}
COMMAND: POST /session/73a4fd280a32fd38d4d0602b1d656d13/execute/async - {"script":"<script> [1562 bytes]","args":[{"selector":{"controlType":"sap.m.Input","viewName":"etm.portal.ui.manageyards.view.New","viewId":"application-manageyards-display-component---NewYard","bindingPath":{"path":"","propertyPath":"/DELIVERY_TYPE","modelName":"NewYardModel"},"interaction":{"idSuffix":"inner"}},"wdio_ui5_key":"etmportal.ui.manageyards.view.Newsap.m.Input{\"path\":\"\",\"propertyPath\":\"/DELIVERY_TYPE\",\"modelName\":\"NewYardModel\"}"}]}
RESULT: {"script":"<script> [1562 bytes]","args":[{"selector":{"controlType":"sap.m.Input","viewName":"etm.portal.ui.manageyards.view.New","viewId":"application-manageyards-display-component---NewYard","bindingPath":{"path":"","propertyPath":"/DELIVERY_TYPE","modelName":"NewYardModel"},"interaction":{"idSuffix":"inner"}},"wdio_ui5_key":"etmportal.ui.manageyards.view.Newsap.m.Input{\"path\":\"\",\"propertyPath\":\"/DELIVERY_TYPE\",\"modelName\":\"NewYardModel\"}"}]}
RESULT: undefined
COMMAND: POST /session/73a4fd280a32fd38d4d0602b1d656d13/execute/async - {"script":"<script> [776 bytes]","args":[{"enterText":"ZL01","selector":{"controlType":"sap.m.Input","viewName":"etm.portal.ui.manageyards.view.New","viewId":"application-manageyards-display-component---NewYard","bindingPath":{"path":"","propertyPath":"/DELIVERY_TYPE","modelName":"NewYardModel"},"interaction":{"idSuffix":"inner"}},"clearTextFirst":true,"interactionType":"ENTER_TEXT"}]}
RESULT: {"script":"<script> [776 bytes]","args":[{"enterText":"ZL01","selector":{"controlType":"sap.m.Input","viewName":"etm.portal.ui.manageyards.view.New","viewId":"application-manageyards-display-component---NewYard","bindingPath":{"path":"","propertyPath":"/DELIVERY_TYPE","modelName":"NewYardModel"},"interaction":{"idSuffix":"inner"}},"clearTextFirst":true,"interactionType":"ENTER_TEXT"}]}
COMMAND: POST /session/73a4fd280a32fd38d4d0602b1d656d13/execute/async - {"script":"<script> [1562 bytes]","args":[{"selector":{"controlType":"sap.m.Input","viewName":"etm.portal.ui.manageyards.view.New","viewId":"application-manageyards-display-component---NewYard","bindingPath":{"path":"","propertyPath":"/AUART","modelName":"NewYardModel"},"interaction":{"idSuffix":"inner"}},"wdio_ui5_key":"etmportal.ui.manageyards.view.Newsap.m.Input{\"path\":\"\",\"propertyPath\":\"/AUART\",\"modelName\":\"NewYardModel\"}"}]}
RESULT: {"script":"<script> [1562 bytes]","args":[{"selector":{"controlType":"sap.m.Input","viewName":"etm.portal.ui.manageyards.view.New","viewId":"application-manageyards-display-component---NewYard","bindingPath":{"path":"","propertyPath":"/AUART","modelName":"NewYardModel"},"interaction":{"idSuffix":"inner"}},"wdio_ui5_key":"etmportal.ui.manageyards.view.Newsap.m.Input{\"path\":\"\",\"propertyPath\":\"/AUART\",\"modelName\":\"NewYardModel\"}"}]}
RESULT: undefined
COMMAND: POST /session/73a4fd280a32fd38d4d0602b1d656d13/execute/async - {"script":"<script> [776 bytes]","args":[{"enterText":"TA","selector":{"controlType":"sap.m.Input","viewName":"etm.portal.ui.manageyards.view.New","viewId":"application-manageyards-display-component---NewYard","bindingPath":{"path":"","propertyPath":"/AUART","modelName":"NewYardModel"},"interaction":{"idSuffix":"inner"}},"clearTextFirst":true,"interactionType":"ENTER_TEXT"}]}
RESULT: {"script":"<script> [776 bytes]","args":[{"enterText":"TA","selector":{"controlType":"sap.m.Input","viewName":"etm.portal.ui.manageyards.view.New","viewId":"application-manageyards-display-component---NewYard","bindingPath":{"path":"","propertyPath":"/AUART","modelName":"NewYardModel"},"interaction":{"idSuffix":"inner"}},"clearTextFirst":true,"interactionType":"ENTER_TEXT"}]}
COMMAND: POST /session/73a4fd280a32fd38d4d0602b1d656d13/element - {"using":"xpath","value":"//button[@data-kt=\"newYardSaveButton\"]"}
RESULT: {"using":"xpath","value":"//button[@data-kt=\"newYardSaveButton\"]"}
COMMAND: POST /session/73a4fd280a32fd38d4d0602b1d656d13/element/f.8A8223F9DEA97DA973980CAD3BB2ACE0.d.E0FF4058171B0577D398BE5F3B4D088A.e.22054/click - {}
RESULT: {}
COMMAND: GET /session/73a4fd280a32fd38d4d0602b1d656d13/screenshot - {}
RESULT: {}
COMMAND: POST /session/73a4fd280a32fd38d4d0602b1d656d13/element - {"using":"xpath","value":"//header[contains(@id, 'ObjectPageLayout-headerTitle')]/div[1]/div[2]/div[1]/span[1]"}
RESULT: {"using":"xpath","value":"//header[contains(@id, 'ObjectPageLayout-headerTitle')]/div[1]/div[2]/div[1]/span[1]"}
COMMAND: POST /session/73a4fd280a32fd38d4d0602b1d656d13/elements - {"using":"xpath","value":"//header[contains(@id, 'ObjectPageLayout-headerTitle')]/div[1]/div[2]/div[1]/span[1]"}
RESULT: {"using":"xpath","value":"//header[contains(@id, 'ObjectPageLayout-headerTitle')]/div[1]/div[2]/div[1]/span[1]"}
COMMAND: POST /session/73a4fd280a32fd38d4d0602b1d656d13/execute/sync - {"script":"<script> [56 bytes]","args":[{"element-6066-11e4-a52e-4f735466cecf":"f.8A8223F9DEA97DA973980CAD3BB2ACE0.d.E0FF4058171B0577D398BE5F3B4D088A.e.22377","ELEMENT":"f.8A8223F9DEA97DA973980CAD3BB2ACE0.d.E0FF4058171B0577D398BE5F3B4D088A.e.22377"}]}
RESULT: {"script":"<script> [56 bytes]","args":[{"element-6066-11e4-a52e-4f735466cecf":"f.8A8223F9DEA97DA973980CAD3BB2ACE0.d.E0FF4058171B0577D398BE5F3B4D088A.e.22377","ELEMENT":"f.8A8223F9DEA97DA973980CAD3BB2ACE0.d.E0FF4058171B0577D398BE5F3B4D088A.e.22377"}]}
COMMAND: GET /session/73a4fd280a32fd38d4d0602b1d656d13/screenshot - {}
RESULT: {}
COMMAND: POST /session/73a4fd280a32fd38d4d0602b1d656d13/element - {"using":"css selector","value":"#shell-header-logo"}
RESULT: {"using":"css selector","value":"#shell-header-logo"}
COMMAND: POST /session/73a4fd280a32fd38d4d0602b1d656d13/element/f.8A8223F9DEA97DA973980CAD3BB2ACE0.d.E0FF4058171B0577D398BE5F3B4D088A.e.21511/click - {}
RESULT: {}
COMMAND: GET /session/73a4fd280a32fd38d4d0602b1d656d13/screenshot - {}
RESULT: {}
COMMAND: POST /session/73a4fd280a32fd38d4d0602b1d656d13/execute/sync - {"script":"<script> [299 bytes]","args":[["getModel","getResource"]]}
RESULT: {"script":"<script> [299 bytes]","args":[["getModel","getResource"]]}
]]></system-out>
    </testcase>
    <testcase classname="chrome.136_0_7103_93.windows.Transfer_Yard_to_Yard_US131076" name="Should create the equipment" time="157.271">
      <system-out><![CDATA[
COMMAND: GET /session/73a4fd280a32fd38d4d0602b1d656d13/screenshot - {}
COMMAND: POST /session/73a4fd280a32fd38d4d0602b1d656d13/execute/async - {"script":"<script> [1562 bytes]","args":[{"selector":{"controlType":"sap.m.GenericTile","properties":{"header":"Manage Resources"}},"wdio_ui5_key":"sapm.GenericTile{\"header\":\"Manage Resources\"}"}]}
RESULT: {}
RESULT: {"script":"<script> [1562 bytes]","args":[{"selector":{"controlType":"sap.m.GenericTile","properties":{"header":"Manage Resources"}},"wdio_ui5_key":"sapm.GenericTile{\"header\":\"Manage Resources\"}"}]}
RESULT: undefined
COMMAND: POST /session/73a4fd280a32fd38d4d0602b1d656d13/element - {"using":"xpath","value":"//*[@id=\"__tile31\"]"}
RESULT: {"using":"xpath","value":"//*[@id=\"__tile31\"]"}
COMMAND: POST /session/73a4fd280a32fd38d4d0602b1d656d13/element/f.8A8223F9DEA97DA973980CAD3BB2ACE0.d.E0FF4058171B0577D398BE5F3B4D088A.e.21530/click - {}
RESULT: {}
COMMAND: GET /session/73a4fd280a32fd38d4d0602b1d656d13/screenshot - {}
COMMAND: POST /session/73a4fd280a32fd38d4d0602b1d656d13/elements - {"using":"xpath","value":"//span[text()='Error']"}
RESULT: {}
RESULT: {"using":"xpath","value":"//span[text()='Error']"}
COMMAND: POST /session/73a4fd280a32fd38d4d0602b1d656d13/element - {"using":"xpath","value":"//button[@data-kt=\"addNewRUOverflowToolbarButton\"]"}
RESULT: {"using":"xpath","value":"//button[@data-kt=\"addNewRUOverflowToolbarButton\"]"}
COMMAND: POST /session/73a4fd280a32fd38d4d0602b1d656d13/elements - {"using":"xpath","value":"//button[@data-kt=\"addNewRUOverflowToolbarButton\"]"}
RESULT: {"using":"xpath","value":"//button[@data-kt=\"addNewRUOverflowToolbarButton\"]"}
COMMAND: POST /session/73a4fd280a32fd38d4d0602b1d656d13/elements - {"using":"xpath","value":"//button[@data-kt=\"addNewRUOverflowToolbarButton\"]"}
RESULT: {"using":"xpath","value":"//button[@data-kt=\"addNewRUOverflowToolbarButton\"]"}
COMMAND: POST /session/73a4fd280a32fd38d4d0602b1d656d13/element - {"using":"xpath","value":"//button[@data-kt=\"addNewRUOverflowToolbarButton\"]"}
RESULT: {"using":"xpath","value":"//button[@data-kt=\"addNewRUOverflowToolbarButton\"]"}
COMMAND: POST /session/73a4fd280a32fd38d4d0602b1d656d13/execute/sync - {"script":"<script> [8489 bytes]","args":[{"element-6066-11e4-a52e-4f735466cecf":"f.8A8223F9DEA97DA973980CAD3BB2ACE0.d.E0FF4058171B0577D398BE5F3B4D088A.e.22409","ELEMENT":"f.8A8223F9DEA97DA973980CAD3BB2ACE0.d.E0FF4058171B0577D398BE5F3B4D088A.e.22409"}]}
RESULT: {"script":"<script> [8489 bytes]","args":[{"element-6066-11e4-a52e-4f735466cecf":"f.8A8223F9DEA97DA973980CAD3BB2ACE0.d.E0FF4058171B0577D398BE5F3B4D088A.e.22409","ELEMENT":"f.8A8223F9DEA97DA973980CAD3BB2ACE0.d.E0FF4058171B0577D398BE5F3B4D088A.e.22409"}]}
COMMAND: GET /session/73a4fd280a32fd38d4d0602b1d656d13/element/f.8A8223F9DEA97DA973980CAD3BB2ACE0.d.E0FF4058171B0577D398BE5F3B4D088A.e.22409/enabled - {}
COMMAND: GET /session/73a4fd280a32fd38d4d0602b1d656d13/screenshot - {}
RESULT: {}
COMMAND: POST /session/73a4fd280a32fd38d4d0602b1d656d13/execute/sync - {"script":"<script> [8489 bytes]","args":[{"element-6066-11e4-a52e-4f735466cecf":"f.8A8223F9DEA97DA973980CAD3BB2ACE0.d.E0FF4058171B0577D398BE5F3B4D088A.e.22409","ELEMENT":"f.8A8223F9DEA97DA973980CAD3BB2ACE0.d.E0FF4058171B0577D398BE5F3B4D088A.e.22409"}]}
COMMAND: GET /session/73a4fd280a32fd38d4d0602b1d656d13/screenshot - {}
RESULT: {}
RESULT: {"script":"<script> [8489 bytes]","args":[{"element-6066-11e4-a52e-4f735466cecf":"f.8A8223F9DEA97DA973980CAD3BB2ACE0.d.E0FF4058171B0577D398BE5F3B4D088A.e.22409","ELEMENT":"f.8A8223F9DEA97DA973980CAD3BB2ACE0.d.E0FF4058171B0577D398BE5F3B4D088A.e.22409"}]}
COMMAND: POST /session/73a4fd280a32fd38d4d0602b1d656d13/execute/sync - {"script":"<script> [5351 bytes]","args":[{"element-6066-11e4-a52e-4f735466cecf":"f.8A8223F9DEA97DA973980CAD3BB2ACE0.d.E0FF4058171B0577D398BE5F3B4D088A.e.22409","ELEMENT":"f.8A8223F9DEA97DA973980CAD3BB2ACE0.d.E0FF4058171B0577D398BE5F3B4D088A.e.22409"}]}
COMMAND: GET /session/73a4fd280a32fd38d4d0602b1d656d13/screenshot - {}
RESULT: {}
RESULT: {"script":"<script> [5351 bytes]","args":[{"element-6066-11e4-a52e-4f735466cecf":"f.8A8223F9DEA97DA973980CAD3BB2ACE0.d.E0FF4058171B0577D398BE5F3B4D088A.e.22409","ELEMENT":"f.8A8223F9DEA97DA973980CAD3BB2ACE0.d.E0FF4058171B0577D398BE5F3B4D088A.e.22409"}]}
COMMAND: POST /session/73a4fd280a32fd38d4d0602b1d656d13/element/f.8A8223F9DEA97DA973980CAD3BB2ACE0.d.E0FF4058171B0577D398BE5F3B4D088A.e.22409/click - {}
COMMAND: GET /session/73a4fd280a32fd38d4d0602b1d656d13/screenshot - {}
RESULT: {}
RESULT: {}
COMMAND: GET /session/73a4fd280a32fd38d4d0602b1d656d13/screenshot - {}
COMMAND: POST /session/73a4fd280a32fd38d4d0602b1d656d13/execute/async - {"script":"<script> [1562 bytes]","args":[{"selector":{"id":"application-manageresources-display-component---newResourceUnit--TYPE-arrow"},"wdio_ui5_key":"applicationmanageresources-display-component---newResourceUnit--TYPE-arrow"}]}
RESULT: {}
RESULT: {}
RESULT: {"script":"<script> [1562 bytes]","args":[{"selector":{"id":"application-manageresources-display-component---newResourceUnit--TYPE-arrow"},"wdio_ui5_key":"applicationmanageresources-display-component---newResourceUnit--TYPE-arrow"}]}
RESULT: undefined
COMMAND: POST /session/73a4fd280a32fd38d4d0602b1d656d13/element - {"using":"xpath","value":"//*[@id=\"application-manageresources-display-component---newResourceUnit--TYPE-arrow\"]"}
RESULT: {"using":"xpath","value":"//*[@id=\"application-manageresources-display-component---newResourceUnit--TYPE-arrow\"]"}
COMMAND: POST /session/73a4fd280a32fd38d4d0602b1d656d13/element/f.8A8223F9DEA97DA973980CAD3BB2ACE0.d.E0FF4058171B0577D398BE5F3B4D088A.e.22766/click - {}
RESULT: {}
COMMAND: POST /session/73a4fd280a32fd38d4d0602b1d656d13/element - {"using":"xpath","value":"//input[@id=\"application-manageresources-display-component---newResourceUnit--TYPE-inner\"]"}
COMMAND: GET /session/73a4fd280a32fd38d4d0602b1d656d13/screenshot - {}
RESULT: {"using":"xpath","value":"//input[@id=\"application-manageresources-display-component---newResourceUnit--TYPE-inner\"]"}
COMMAND: POST /session/73a4fd280a32fd38d4d0602b1d656d13/element/f.8A8223F9DEA97DA973980CAD3BB2ACE0.d.E0FF4058171B0577D398BE5F3B4D088A.e.22763/clear - {}
RESULT: {}
RESULT: {}
COMMAND: POST /session/73a4fd280a32fd38d4d0602b1d656d13/element/f.8A8223F9DEA97DA973980CAD3BB2ACE0.d.E0FF4058171B0577D398BE5F3B4D088A.e.22763/value - {"text":"Equipment"}
COMMAND: GET /session/73a4fd280a32fd38d4d0602b1d656d13/screenshot - {}
RESULT: {"text":"Equipment"}
COMMAND: GET /session/73a4fd280a32fd38d4d0602b1d656d13/screenshot - {}
RESULT: {}
RESULT: {}
COMMAND: POST /session/73a4fd280a32fd38d4d0602b1d656d13/actions - {"actions":[{"id":"action68","type":"key","parameters":{},"actions":[{"type":"keyDown","value":"î€‡"},{"type":"pause","duration":10},{"type":"keyUp","value":"î€‡"}]}]}
RESULT: {"actions":[{"id":"action68","type":"key","parameters":{},"actions":[{"type":"keyDown","value":"î€‡"},{"type":"pause","duration":10},{"type":"keyUp","value":"î€‡"}]}]}
COMMAND: POST /session/73a4fd280a32fd38d4d0602b1d656d13/execute/async - {"script":"<script> [1562 bytes]","args":[{"selector":{"id":"application-manageresources-display-component---newResourceUnit--resourceId","interaction":{"idSuffix":"inner"}},"wdio_ui5_key":"applicationmanageresources-display-component---newResourceUnit--resourceId"}]}
COMMAND: GET /session/73a4fd280a32fd38d4d0602b1d656d13/screenshot - {}
RESULT: {"script":"<script> [1562 bytes]","args":[{"selector":{"id":"application-manageresources-display-component---newResourceUnit--resourceId","interaction":{"idSuffix":"inner"}},"wdio_ui5_key":"applicationmanageresources-display-component---newResourceUnit--resourceId"}]}
RESULT: undefined
COMMAND: POST /session/73a4fd280a32fd38d4d0602b1d656d13/execute/async - {"script":"<script> [776 bytes]","args":[{"enterText":"rbh9yKGwVC","selector":{"id":"application-manageresources-display-component---newResourceUnit--resourceId","interaction":{"idSuffix":"inner"}},"clearTextFirst":true,"interactionType":"ENTER_TEXT"}]}
RESULT: {}
RESULT: {"script":"<script> [776 bytes]","args":[{"enterText":"rbh9yKGwVC","selector":{"id":"application-manageresources-display-component---newResourceUnit--resourceId","interaction":{"idSuffix":"inner"}},"clearTextFirst":true,"interactionType":"ENTER_TEXT"}]}
COMMAND: POST /session/73a4fd280a32fd38d4d0602b1d656d13/execute/async - {"script":"<script> [1562 bytes]","args":[{"selector":{"id":"application-manageresources-display-component---newResourceUnit--SHORT_TEXT","interaction":{"idSuffix":"inner"}},"wdio_ui5_key":"applicationmanageresources-display-component---newResourceUnit--SHORT_TEXT"}]}
RESULT: {"script":"<script> [1562 bytes]","args":[{"selector":{"id":"application-manageresources-display-component---newResourceUnit--SHORT_TEXT","interaction":{"idSuffix":"inner"}},"wdio_ui5_key":"applicationmanageresources-display-component---newResourceUnit--SHORT_TEXT"}]}
RESULT: undefined
COMMAND: POST /session/73a4fd280a32fd38d4d0602b1d656d13/execute/async - {"script":"<script> [776 bytes]","args":[{"enterText":"Intercompany Equipment WDIO","selector":{"id":"application-manageresources-display-component---newResourceUnit--SHORT_TEXT","interaction":{"idSuffix":"inner"}},"clearTextFirst":true,"interactionType":"ENTER_TEXT"}]}
RESULT: {"script":"<script> [776 bytes]","args":[{"enterText":"Intercompany Equipment WDIO","selector":{"id":"application-manageresources-display-component---newResourceUnit--SHORT_TEXT","interaction":{"idSuffix":"inner"}},"clearTextFirst":true,"interactionType":"ENTER_TEXT"}]}
COMMAND: POST /session/73a4fd280a32fd38d4d0602b1d656d13/execute/async - {"script":"<script> [1562 bytes]","args":[{"selector":{"id":"application-manageresources-display-component---newResourceUnit--BASE_UNIT_OF_MEASURE","interaction":{"idSuffix":"inner"}},"wdio_ui5_key":"applicationmanageresources-display-component---newResourceUnit--BASE_UNIT_OF_MEASURE"}]}
RESULT: {"script":"<script> [1562 bytes]","args":[{"selector":{"id":"application-manageresources-display-component---newResourceUnit--BASE_UNIT_OF_MEASURE","interaction":{"idSuffix":"inner"}},"wdio_ui5_key":"applicationmanageresources-display-component---newResourceUnit--BASE_UNIT_OF_MEASURE"}]}
RESULT: undefined
COMMAND: POST /session/73a4fd280a32fd38d4d0602b1d656d13/execute/async - {"script":"<script> [776 bytes]","args":[{"enterText":"Piece","selector":{"id":"application-manageresources-display-component---newResourceUnit--BASE_UNIT_OF_MEASURE","interaction":{"idSuffix":"inner"}},"clearTextFirst":true,"interactionType":"ENTER_TEXT"}]}
RESULT: {"script":"<script> [776 bytes]","args":[{"enterText":"Piece","selector":{"id":"application-manageresources-display-component---newResourceUnit--BASE_UNIT_OF_MEASURE","interaction":{"idSuffix":"inner"}},"clearTextFirst":true,"interactionType":"ENTER_TEXT"}]}
COMMAND: POST /session/73a4fd280a32fd38d4d0602b1d656d13/execute/async - {"script":"<script> [1562 bytes]","args":[{"selector":{"id":"application-manageresources-display-component---newResourceUnit--WEIGHT_UNIT","interaction":{"idSuffix":"inner"}},"wdio_ui5_key":"applicationmanageresources-display-component---newResourceUnit--WEIGHT_UNIT"}]}
RESULT: {"script":"<script> [1562 bytes]","args":[{"selector":{"id":"application-manageresources-display-component---newResourceUnit--WEIGHT_UNIT","interaction":{"idSuffix":"inner"}},"wdio_ui5_key":"applicationmanageresources-display-component---newResourceUnit--WEIGHT_UNIT"}]}
RESULT: undefined
COMMAND: POST /session/73a4fd280a32fd38d4d0602b1d656d13/execute/async - {"script":"<script> [776 bytes]","args":[{"enterText":"Gram","selector":{"id":"application-manageresources-display-component---newResourceUnit--WEIGHT_UNIT","interaction":{"idSuffix":"inner"}},"clearTextFirst":true,"interactionType":"ENTER_TEXT"}]}
RESULT: {"script":"<script> [776 bytes]","args":[{"enterText":"Gram","selector":{"id":"application-manageresources-display-component---newResourceUnit--WEIGHT_UNIT","interaction":{"idSuffix":"inner"}},"clearTextFirst":true,"interactionType":"ENTER_TEXT"}]}
COMMAND: POST /session/73a4fd280a32fd38d4d0602b1d656d13/execute/async - {"script":"<script> [1562 bytes]","args":[{"selector":{"id":"application-manageresources-display-component---newResourceUnit--DIMENSION_UNIT","interaction":{"idSuffix":"inner"}},"wdio_ui5_key":"applicationmanageresources-display-component---newResourceUnit--DIMENSION_UNIT"}]}
RESULT: {"script":"<script> [1562 bytes]","args":[{"selector":{"id":"application-manageresources-display-component---newResourceUnit--DIMENSION_UNIT","interaction":{"idSuffix":"inner"}},"wdio_ui5_key":"applicationmanageresources-display-component---newResourceUnit--DIMENSION_UNIT"}]}
RESULT: undefined
COMMAND: POST /session/73a4fd280a32fd38d4d0602b1d656d13/execute/async - {"script":"<script> [776 bytes]","args":[{"enterText":"Meter","selector":{"id":"application-manageresources-display-component---newResourceUnit--DIMENSION_UNIT","interaction":{"idSuffix":"inner"}},"clearTextFirst":true,"interactionType":"ENTER_TEXT"}]}
RESULT: {"script":"<script> [776 bytes]","args":[{"enterText":"Meter","selector":{"id":"application-manageresources-display-component---newResourceUnit--DIMENSION_UNIT","interaction":{"idSuffix":"inner"}},"clearTextFirst":true,"interactionType":"ENTER_TEXT"}]}
COMMAND: POST /session/73a4fd280a32fd38d4d0602b1d656d13/execute/async - {"script":"<script> [1562 bytes]","args":[{"selector":{"id":"application-manageresources-display-component---newResourceUnit--newRRUPage-anchBar-application-manageresources-display-component---newResourceUnit--control-anchor","interaction":{"idSuffix":"BDI-content"}},"wdio_ui5_key":"applicationmanageresources-display-component---newResourceUnit--newRRUPage-anchBar-application-manageresources-display-component---newResourceUnit--control-anchor"}]}
RESULT: {"script":"<script> [1562 bytes]","args":[{"selector":{"id":"application-manageresources-display-component---newResourceUnit--newRRUPage-anchBar-application-manageresources-display-component---newResourceUnit--control-anchor","interaction":{"idSuffix":"BDI-content"}},"wdio_ui5_key":"applicationmanageresources-display-component---newResourceUnit--newRRUPage-anchBar-application-manageresources-display-component---newResourceUnit--control-anchor"}]}
RESULT: undefined
COMMAND: POST /session/73a4fd280a32fd38d4d0602b1d656d13/element - {"using":"xpath","value":"//*[@id=\"application-manageresources-display-component---newResourceUnit--newRRUPage-anchBar-application-manageresources-display-component---newResourceUnit--control-anchor\"]"}
RESULT: {"using":"xpath","value":"//*[@id=\"application-manageresources-display-component---newResourceUnit--newRRUPage-anchBar-application-manageresources-display-component---newResourceUnit--control-anchor\"]"}
COMMAND: POST /session/73a4fd280a32fd38d4d0602b1d656d13/element/f.8A8223F9DEA97DA973980CAD3BB2ACE0.d.E0FF4058171B0577D398BE5F3B4D088A.e.22899/click - {}
RESULT: {}
COMMAND: POST /session/73a4fd280a32fd38d4d0602b1d656d13/execute/async - {"script":"<script> [1562 bytes]","args":[{"selector":{"id":"application-manageresources-display-component---newResourceUnit--PLANNING_GROUP","interaction":{"idSuffix":"inner"}},"wdio_ui5_key":"applicationmanageresources-display-component---newResourceUnit--PLANNING_GROUP"}]}
COMMAND: GET /session/73a4fd280a32fd38d4d0602b1d656d13/screenshot - {}
RESULT: {"script":"<script> [1562 bytes]","args":[{"selector":{"id":"application-manageresources-display-component---newResourceUnit--PLANNING_GROUP","interaction":{"idSuffix":"inner"}},"wdio_ui5_key":"applicationmanageresources-display-component---newResourceUnit--PLANNING_GROUP"}]}
RESULT: undefined
COMMAND: POST /session/73a4fd280a32fd38d4d0602b1d656d13/execute/async - {"script":"<script> [776 bytes]","args":[{"enterText":"Heavy Equi","selector":{"id":"application-manageresources-display-component---newResourceUnit--PLANNING_GROUP","interaction":{"idSuffix":"inner"}},"clearTextFirst":true,"interactionType":"ENTER_TEXT"}]}
RESULT: {}
RESULT: {"script":"<script> [776 bytes]","args":[{"enterText":"Heavy Equi","selector":{"id":"application-manageresources-display-component---newResourceUnit--PLANNING_GROUP","interaction":{"idSuffix":"inner"}},"clearTextFirst":true,"interactionType":"ENTER_TEXT"}]}
COMMAND: POST /session/73a4fd280a32fd38d4d0602b1d656d13/execute/async - {"script":"<script> [1562 bytes]","args":[{"selector":{"id":"application-manageresources-display-component---newResourceUnit--ITEM_TYPE-arrow"},"wdio_ui5_key":"applicationmanageresources-display-component---newResourceUnit--ITEM_TYPE-arrow"}]}
RESULT: {"script":"<script> [1562 bytes]","args":[{"selector":{"id":"application-manageresources-display-component---newResourceUnit--ITEM_TYPE-arrow"},"wdio_ui5_key":"applicationmanageresources-display-component---newResourceUnit--ITEM_TYPE-arrow"}]}
RESULT: undefined
COMMAND: POST /session/73a4fd280a32fd38d4d0602b1d656d13/element - {"using":"xpath","value":"//*[@id=\"application-manageresources-display-component---newResourceUnit--ITEM_TYPE-arrow\"]"}
RESULT: {"using":"xpath","value":"//*[@id=\"application-manageresources-display-component---newResourceUnit--ITEM_TYPE-arrow\"]"}
COMMAND: POST /session/73a4fd280a32fd38d4d0602b1d656d13/element/f.8A8223F9DEA97DA973980CAD3BB2ACE0.d.E0FF4058171B0577D398BE5F3B4D088A.e.22906/click - {}
RESULT: {}
COMMAND: POST /session/73a4fd280a32fd38d4d0602b1d656d13/element - {"using":"xpath","value":"(//span[contains(text(), \"Resource Unit\")])[2]"}
COMMAND: GET /session/73a4fd280a32fd38d4d0602b1d656d13/screenshot - {}
RESULT: {"using":"xpath","value":"(//span[contains(text(), \"Resource Unit\")])[2]"}
COMMAND: POST /session/73a4fd280a32fd38d4d0602b1d656d13/element/f.8A8223F9DEA97DA973980CAD3BB2ACE0.d.E0FF4058171B0577D398BE5F3B4D088A.e.22907/click - {}
RESULT: {}
RESULT: {}
COMMAND: GET /session/73a4fd280a32fd38d4d0602b1d656d13/screenshot - {}
RESULT: {}
COMMAND: POST /session/73a4fd280a32fd38d4d0602b1d656d13/element - {"using":"css selector","value":"#application-manageresources-display-component---newResourceUnit--btnAddTimeSegment"}
RESULT: {"using":"css selector","value":"#application-manageresources-display-component---newResourceUnit--btnAddTimeSegment"}
COMMAND: GET /session/73a4fd280a32fd38d4d0602b1d656d13/element/f.8A8223F9DEA97DA973980CAD3BB2ACE0.d.E0FF4058171B0577D398BE5F3B4D088A.e.22908/rect - {}
RESULT: {}
COMMAND: GET /session/73a4fd280a32fd38d4d0602b1d656d13/window/rect - {}
RESULT: {}
COMMAND: POST /session/73a4fd280a32fd38d4d0602b1d656d13/execute/sync - {"script":"<script> [92 bytes]","args":[]}
RESULT: {"script":"<script> [92 bytes]","args":[]}
COMMAND: POST /session/73a4fd280a32fd38d4d0602b1d656d13/actions - {"actions":[{"id":"action69","type":"wheel","parameters":{},"actions":[{"type":"scroll","x":-1888,"y":-32,"deltaX":0,"deltaY":0,"duration":0,"origin":{"element-6066-11e4-a52e-4f735466cecf":"f.8A8223F9DEA97DA973980CAD3BB2ACE0.d.E0FF4058171B0577D398BE5F3B4D088A.e.22908"}}]}]}
COMMAND: GET /session/73a4fd280a32fd38d4d0602b1d656d13/screenshot - {}
RESULT: {}
COMMAND: POST /session/73a4fd280a32fd38d4d0602b1d656d13/execute/sync - {"script":"<script> [79 bytes]","args":[{"element-6066-11e4-a52e-4f735466cecf":"f.8A8223F9DEA97DA973980CAD3BB2ACE0.d.E0FF4058171B0577D398BE5F3B4D088A.e.22908","ELEMENT":"f.8A8223F9DEA97DA973980CAD3BB2ACE0.d.E0FF4058171B0577D398BE5F3B4D088A.e.22908"},{"block":"start","inline":"nearest"}]}
RESULT: {"script":"<script> [79 bytes]","args":[{"element-6066-11e4-a52e-4f735466cecf":"f.8A8223F9DEA97DA973980CAD3BB2ACE0.d.E0FF4058171B0577D398BE5F3B4D088A.e.22908","ELEMENT":"f.8A8223F9DEA97DA973980CAD3BB2ACE0.d.E0FF4058171B0577D398BE5F3B4D088A.e.22908"},{"block":"start","inline":"nearest"}]}
COMMAND: POST /session/73a4fd280a32fd38d4d0602b1d656d13/execute/async - {"script":"<script> [1562 bytes]","args":[{"selector":{"id":"application-manageresources-display-component---newResourceUnit--btnAddTimeSegment","interaction":{"idSuffix":"inner"}},"wdio_ui5_key":"applicationmanageresources-display-component---newResourceUnit--btnAddTimeSegment"}]}
COMMAND: GET /session/73a4fd280a32fd38d4d0602b1d656d13/screenshot - {}
RESULT: {"script":"<script> [1562 bytes]","args":[{"selector":{"id":"application-manageresources-display-component---newResourceUnit--btnAddTimeSegment","interaction":{"idSuffix":"inner"}},"wdio_ui5_key":"applicationmanageresources-display-component---newResourceUnit--btnAddTimeSegment"}]}
RESULT: undefined
COMMAND: POST /session/73a4fd280a32fd38d4d0602b1d656d13/element - {"using":"xpath","value":"//*[@id=\"application-manageresources-display-component---newResourceUnit--btnAddTimeSegment\"]"}
RESULT: {}
RESULT: {"using":"xpath","value":"//*[@id=\"application-manageresources-display-component---newResourceUnit--btnAddTimeSegment\"]"}
COMMAND: POST /session/73a4fd280a32fd38d4d0602b1d656d13/element/f.8A8223F9DEA97DA973980CAD3BB2ACE0.d.E0FF4058171B0577D398BE5F3B4D088A.e.22908/click - {}
RESULT: {}
COMMAND: GET /session/73a4fd280a32fd38d4d0602b1d656d13/screenshot - {}
RESULT: {}
COMMAND: POST /session/73a4fd280a32fd38d4d0602b1d656d13/element - {"using":"xpath","value":"//input[@id=\"application-manageresources-display-component---newResourceUnit--idRuTSAdmin-application-manageresources-display-component---newResourceUnit--RUTimeSegment-0-inner\"]"}
RESULT: {"using":"xpath","value":"//input[@id=\"application-manageresources-display-component---newResourceUnit--idRuTSAdmin-application-manageresources-display-component---newResourceUnit--RUTimeSegment-0-inner\"]"}
COMMAND: POST /session/73a4fd280a32fd38d4d0602b1d656d13/element/f.8A8223F9DEA97DA973980CAD3BB2ACE0.d.E0FF4058171B0577D398BE5F3B4D088A.e.22914/clear - {}
RESULT: {}
COMMAND: POST /session/73a4fd280a32fd38d4d0602b1d656d13/element/f.8A8223F9DEA97DA973980CAD3BB2ACE0.d.E0FF4058171B0577D398BE5F3B4D088A.e.22914/value - {"text":"407"}
COMMAND: GET /session/73a4fd280a32fd38d4d0602b1d656d13/screenshot - {}
RESULT: {"text":"407"}
RESULT: {}
COMMAND: GET /session/73a4fd280a32fd38d4d0602b1d656d13/screenshot - {}
RESULT: {}
COMMAND: POST /session/73a4fd280a32fd38d4d0602b1d656d13/element - {"using":"xpath","value":"//li[.//span[text()='407']]"}
RESULT: {"using":"xpath","value":"//li[.//span[text()='407']]"}
COMMAND: POST /session/73a4fd280a32fd38d4d0602b1d656d13/element/f.8A8223F9DEA97DA973980CAD3BB2ACE0.d.E0FF4058171B0577D398BE5F3B4D088A.e.22927/click - {}
RESULT: {}
COMMAND: GET /session/73a4fd280a32fd38d4d0602b1d656d13/screenshot - {}
RESULT: {}
COMMAND: POST /session/73a4fd280a32fd38d4d0602b1d656d13/element - {"using":"xpath","value":"(//span[contains(@id, \"-application-manageresources-display-component---newResourceUnit--RUTimeSegment-0-arrow\")])[6]"}
RESULT: {"using":"xpath","value":"(//span[contains(@id, \"-application-manageresources-display-component---newResourceUnit--RUTimeSegment-0-arrow\")])[6]"}
COMMAND: POST /session/73a4fd280a32fd38d4d0602b1d656d13/element/f.8A8223F9DEA97DA973980CAD3BB2ACE0.d.E0FF4058171B0577D398BE5F3B4D088A.e.22928/click - {}
RESULT: {}
COMMAND: GET /session/73a4fd280a32fd38d4d0602b1d656d13/screenshot - {}
RESULT: {}
COMMAND: POST /session/73a4fd280a32fd38d4d0602b1d656d13/element - {"using":"xpath","value":"//span[contains(text(), \"PM Order\")]"}
RESULT: {"using":"xpath","value":"//span[contains(text(), \"PM Order\")]"}
COMMAND: POST /session/73a4fd280a32fd38d4d0602b1d656d13/element/f.8A8223F9DEA97DA973980CAD3BB2ACE0.d.E0FF4058171B0577D398BE5F3B4D088A.e.22931/click - {}
RESULT: {}
COMMAND: GET /session/73a4fd280a32fd38d4d0602b1d656d13/screenshot - {}
RESULT: {}
COMMAND: POST /session/73a4fd280a32fd38d4d0602b1d656d13/element - {"using":"xpath","value":"(//span[contains(@id ,\"manageresources-display-component---newResourceUnit--RUTimeSegment-0-vhi\")])[1]"}
RESULT: {"using":"xpath","value":"(//span[contains(@id ,\"manageresources-display-component---newResourceUnit--RUTimeSegment-0-vhi\")])[1]"}
COMMAND: GET /session/73a4fd280a32fd38d4d0602b1d656d13/element/f.8A8223F9DEA97DA973980CAD3BB2ACE0.d.E0FF4058171B0577D398BE5F3B4D088A.e.22935/rect - {}
RESULT: {}
COMMAND: GET /session/73a4fd280a32fd38d4d0602b1d656d13/window/rect - {}
RESULT: {}
COMMAND: POST /session/73a4fd280a32fd38d4d0602b1d656d13/execute/sync - {"script":"<script> [92 bytes]","args":[]}
RESULT: {"script":"<script> [92 bytes]","args":[]}
COMMAND: POST /session/73a4fd280a32fd38d4d0602b1d656d13/actions - {"actions":[{"id":"action70","type":"wheel","parameters":{},"actions":[{"type":"scroll","x":-869,"y":-24,"deltaX":0,"deltaY":0,"duration":0,"origin":{"element-6066-11e4-a52e-4f735466cecf":"f.8A8223F9DEA97DA973980CAD3BB2ACE0.d.E0FF4058171B0577D398BE5F3B4D088A.e.22935"}}]}]}
COMMAND: GET /session/73a4fd280a32fd38d4d0602b1d656d13/screenshot - {}
RESULT: {"actions":[{"id":"action70","type":"wheel","parameters":{},"actions":[{"type":"scroll","x":-869,"y":-24,"deltaX":0,"deltaY":0,"duration":0,"origin":{"element-6066-11e4-a52e-4f735466cecf":"f.8A8223F9DEA97DA973980CAD3BB2ACE0.d.E0FF4058171B0577D398BE5F3B4D088A.e.22935"}}]}]}
COMMAND: DELETE /session/73a4fd280a32fd38d4d0602b1d656d13/actions - {}
COMMAND: GET /session/73a4fd280a32fd38d4d0602b1d656d13/screenshot - {}
RESULT: {}
RESULT: {}
COMMAND: GET /session/73a4fd280a32fd38d4d0602b1d656d13/screenshot - {}
RESULT: {}
RESULT: {}
COMMAND: POST /session/73a4fd280a32fd38d4d0602b1d656d13/element/f.8A8223F9DEA97DA973980CAD3BB2ACE0.d.E0FF4058171B0577D398BE5F3B4D088A.e.22935/click - {}
RESULT: {}
COMMAND: GET /session/73a4fd280a32fd38d4d0602b1d656d13/screenshot - {}
RESULT: {}
RESULT: undefined
COMMAND: POST /session/73a4fd280a32fd38d4d0602b1d656d13/execute/async - {"script":"<script> [776 bytes]","args":[{"enterText":"4000360","selector":{"controlType":"sap.m.SearchField","properties":{"placeholder":"Search"},"searchOpenDialogs":true,"interaction":{"idSuffix":"I"}},"clearTextFirst":true,"interactionType":"ENTER_TEXT"}]}
RESULT: {"script":"<script> [776 bytes]","args":[{"enterText":"4000360","selector":{"controlType":"sap.m.SearchField","properties":{"placeholder":"Search"},"searchOpenDialogs":true,"interaction":{"idSuffix":"I"}},"clearTextFirst":true,"interactionType":"ENTER_TEXT"}]}
COMMAND: POST /session/73a4fd280a32fd38d4d0602b1d656d13/actions - {"actions":[{"id":"action71","type":"key","parameters":{},"actions":[{"type":"keyDown","value":"î€‡"},{"type":"pause","duration":10},{"type":"keyUp","value":"î€‡"}]}]}
RESULT: {"actions":[{"id":"action71","type":"key","parameters":{},"actions":[{"type":"keyDown","value":"î€‡"},{"type":"pause","duration":10},{"type":"keyUp","value":"î€‡"}]}]}
COMMAND: GET /session/73a4fd280a32fd38d4d0602b1d656d13/screenshot - {}
RESULT: {}
COMMAND: POST /session/73a4fd280a32fd38d4d0602b1d656d13/element - {"using":"xpath","value":"//td/div/span[contains(text(), \"BGL Vehicles\")]"}
RESULT: {"using":"xpath","value":"//td/div/span[contains(text(), \"BGL Vehicles\")]"}
COMMAND: POST /session/73a4fd280a32fd38d4d0602b1d656d13/element/f.8A8223F9DEA97DA973980CAD3BB2ACE0.d.E0FF4058171B0577D398BE5F3B4D088A.e.22956/click - {}
RESULT: {}
COMMAND: GET /session/73a4fd280a32fd38d4d0602b1d656d13/screenshot - {}
RESULT: {}
COMMAND: POST /session/73a4fd280a32fd38d4d0602b1d656d13/element - {"using":"xpath","value":"//bdi[contains(text(), \"OK\")]"}
RESULT: {"using":"xpath","value":"//bdi[contains(text(), \"OK\")]"}
COMMAND: POST /session/73a4fd280a32fd38d4d0602b1d656d13/element/f.8A8223F9DEA97DA973980CAD3BB2ACE0.d.E0FF4058171B0577D398BE5F3B4D088A.e.22957/click - {}
RESULT: {}
COMMAND: GET /session/73a4fd280a32fd38d4d0602b1d656d13/screenshot - {}
RESULT: {}
COMMAND: POST /session/73a4fd280a32fd38d4d0602b1d656d13/execute/async - {"script":"<script> [1562 bytes]","args":[{"selector":{"id":"application-manageresources-display-component---newResourceUnit--newRRUPage-anchBar-application-manageresources-display-component---newResourceUnit--resource-anchor","interaction":{"idSuffix":"BDI-content"}},"wdio_ui5_key":"applicationmanageresources-display-component---newResourceUnit--newRRUPage-anchBar-application-manageresources-display-component---newResourceUnit--resource-anchor"}]}
RESULT: {"script":"<script> [1562 bytes]","args":[{"selector":{"id":"application-manageresources-display-component---newResourceUnit--newRRUPage-anchBar-application-manageresources-display-component---newResourceUnit--resource-anchor","interaction":{"idSuffix":"BDI-content"}},"wdio_ui5_key":"applicationmanageresources-display-component---newResourceUnit--newRRUPage-anchBar-application-manageresources-display-component---newResourceUnit--resource-anchor"}]}
RESULT: undefined
COMMAND: POST /session/73a4fd280a32fd38d4d0602b1d656d13/element - {"using":"xpath","value":"//*[@id=\"application-manageresources-display-component---newResourceUnit--newRRUPage-anchBar-application-manageresources-display-component---newResourceUnit--resource-anchor\"]"}
RESULT: {"using":"xpath","value":"//*[@id=\"application-manageresources-display-component---newResourceUnit--newRRUPage-anchBar-application-manageresources-display-component---newResourceUnit--resource-anchor\"]"}
COMMAND: POST /session/73a4fd280a32fd38d4d0602b1d656d13/element/f.8A8223F9DEA97DA973980CAD3BB2ACE0.d.E0FF4058171B0577D398BE5F3B4D088A.e.22961/click - {}
RESULT: {}
COMMAND: POST /session/73a4fd280a32fd38d4d0602b1d656d13/execute/async - {"script":"<script> [1562 bytes]","args":[{"selector":{"id":"application-manageresources-display-component---newResourceUnit--PLANNED_DELIVERY_DATE","interaction":{"idSuffix":"inner"}},"wdio_ui5_key":"applicationmanageresources-display-component---newResourceUnit--PLANNED_DELIVERY_DATE"}]}
COMMAND: GET /session/73a4fd280a32fd38d4d0602b1d656d13/screenshot - {}
RESULT: {"script":"<script> [1562 bytes]","args":[{"selector":{"id":"application-manageresources-display-component---newResourceUnit--PLANNED_DELIVERY_DATE","interaction":{"idSuffix":"inner"}},"wdio_ui5_key":"applicationmanageresources-display-component---newResourceUnit--PLANNED_DELIVERY_DATE"}]}
RESULT: undefined
COMMAND: POST /session/73a4fd280a32fd38d4d0602b1d656d13/execute/async - {"script":"<script> [6424 bytes]","args":[{"element-6066-11e4-a52e-4f735466cecf":"f.8A8223F9DEA97DA973980CAD3BB2ACE0.d.E0FF4058171B0577D398BE5F3B4D088A.e.22823"},"setValue",["5/15/25"]]}
RESULT: {}
RESULT: {"script":"<script> [6424 bytes]","args":[{"element-6066-11e4-a52e-4f735466cecf":"f.8A8223F9DEA97DA973980CAD3BB2ACE0.d.E0FF4058171B0577D398BE5F3B4D088A.e.22823"},"setValue",["5/15/25"]]}
COMMAND: POST /session/73a4fd280a32fd38d4d0602b1d656d13/element - {"using":"xpath","value":"//label[contains(@class, 'sapMLabelRequired') and .//bdi[contains(text(), 'Planned Retirement')]]"}
RESULT: {"using":"xpath","value":"//label[contains(@class, 'sapMLabelRequired') and .//bdi[contains(text(), 'Planned Retirement')]]"}
COMMAND: POST /session/73a4fd280a32fd38d4d0602b1d656d13/elements - {"using":"xpath","value":"//label[contains(@class, 'sapMLabelRequired') and .//bdi[contains(text(), 'Planned Retirement')]]"}
RESULT: {"using":"xpath","value":"//label[contains(@class, 'sapMLabelRequired') and .//bdi[contains(text(), 'Planned Retirement')]]"}
COMMAND: POST /session/73a4fd280a32fd38d4d0602b1d656d13/element - {"using":"xpath","value":"//button[@data-kt=\"resourceUnitSaveButton\"]"}
RESULT: {"using":"xpath","value":"//button[@data-kt=\"resourceUnitSaveButton\"]"}
COMMAND: POST /session/73a4fd280a32fd38d4d0602b1d656d13/element/f.8A8223F9DEA97DA973980CAD3BB2ACE0.d.E0FF4058171B0577D398BE5F3B4D088A.e.22783/click - {}
RESULT: {}
COMMAND: GET /session/73a4fd280a32fd38d4d0602b1d656d13/screenshot - {}
RESULT: {}
COMMAND: POST /session/73a4fd280a32fd38d4d0602b1d656d13/element - {"using":"xpath","value":"//bdi[contains(text(), \"Close\")]"}
RESULT: {"using":"xpath","value":"//bdi[contains(text(), \"Close\")]"}
COMMAND: POST /session/73a4fd280a32fd38d4d0602b1d656d13/element/f.8A8223F9DEA97DA973980CAD3BB2ACE0.d.E0FF4058171B0577D398BE5F3B4D088A.e.22969/click - {}
RESULT: {}
COMMAND: GET /session/73a4fd280a32fd38d4d0602b1d656d13/screenshot - {}
RESULT: {}
COMMAND: POST /session/73a4fd280a32fd38d4d0602b1d656d13/element - {"using":"xpath","value":"(//button[contains(@id ,\"actionsToolbar-overflowButton\")])[1]"}
RESULT: {"using":"xpath","value":"(//button[contains(@id ,\"actionsToolbar-overflowButton\")])[1]"}
COMMAND: POST /session/73a4fd280a32fd38d4d0602b1d656d13/element/f.8A8223F9DEA97DA973980CAD3BB2ACE0.d.E0FF4058171B0577D398BE5F3B4D088A.e.23025/click - {}
RESULT: {}
COMMAND: GET /session/73a4fd280a32fd38d4d0602b1d656d13/screenshot - {}
RESULT: {}
COMMAND: POST /session/73a4fd280a32fd38d4d0602b1d656d13/element - {"using":"xpath","value":"//button[@data-kt=\"priceInfoButton\"]"}
RESULT: {"using":"xpath","value":"//button[@data-kt=\"priceInfoButton\"]"}
COMMAND: POST /session/73a4fd280a32fd38d4d0602b1d656d13/element/f.8A8223F9DEA97DA973980CAD3BB2ACE0.d.E0FF4058171B0577D398BE5F3B4D088A.e.23027/click - {}
RESULT: {}
COMMAND: GET /session/73a4fd280a32fd38d4d0602b1d656d13/screenshot - {}
RESULT: {}
COMMAND: POST /session/73a4fd280a32fd38d4d0602b1d656d13/element - {"using":"css selector","value":"#shell-header-logo"}
RESULT: {"using":"css selector","value":"#shell-header-logo"}
COMMAND: POST /session/73a4fd280a32fd38d4d0602b1d656d13/element/f.8A8223F9DEA97DA973980CAD3BB2ACE0.d.E0FF4058171B0577D398BE5F3B4D088A.e.22380/click - {}
RESULT: {}
COMMAND: GET /session/73a4fd280a32fd38d4d0602b1d656d13/screenshot - {}
RESULT: {}
]]></system-out>
    </testcase>
    <testcase classname="chrome.136_0_7103_93.windows.Transfer_Yard_to_Yard_US131076" name="Prereq Should create a new equipment multipart" time="128.614">
      <system-out><![CDATA[
RESULT: undefined
COMMAND: POST /session/73a4fd280a32fd38d4d0602b1d656d13/element - {"using":"xpath","value":"//*[@id=\"__tile31\"]"}
RESULT: {"using":"xpath","value":"//*[@id=\"__tile31\"]"}
COMMAND: POST /session/73a4fd280a32fd38d4d0602b1d656d13/element/f.8A8223F9DEA97DA973980CAD3BB2ACE0.d.E0FF4058171B0577D398BE5F3B4D088A.e.21530/click - {}
RESULT: {}
COMMAND: GET /session/73a4fd280a32fd38d4d0602b1d656d13/screenshot - {}
RESULT: {}
COMMAND: POST /session/73a4fd280a32fd38d4d0602b1d656d13/elements - {"using":"xpath","value":"//span[text()='Error']"}
RESULT: {"using":"xpath","value":"//span[text()='Error']"}
COMMAND: POST /session/73a4fd280a32fd38d4d0602b1d656d13/element - {"using":"xpath","value":"//button[@data-kt=\"addNewRUOverflowToolbarButton\"]"}
RESULT: {"using":"xpath","value":"//button[@data-kt=\"addNewRUOverflowToolbarButton\"]"}
COMMAND: POST /session/73a4fd280a32fd38d4d0602b1d656d13/elements - {"using":"xpath","value":"//button[@data-kt=\"addNewRUOverflowToolbarButton\"]"}
RESULT: {"using":"xpath","value":"//button[@data-kt=\"addNewRUOverflowToolbarButton\"]"}
COMMAND: POST /session/73a4fd280a32fd38d4d0602b1d656d13/execute/sync - {"script":"<script> [8489 bytes]","args":[{"element-6066-11e4-a52e-4f735466cecf":"f.8A8223F9DEA97DA973980CAD3BB2ACE0.d.E0FF4058171B0577D398BE5F3B4D088A.e.23103","ELEMENT":"f.8A8223F9DEA97DA973980CAD3BB2ACE0.d.E0FF4058171B0577D398BE5F3B4D088A.e.23103"}]}
RESULT: {"script":"<script> [8489 bytes]","args":[{"element-6066-11e4-a52e-4f735466cecf":"f.8A8223F9DEA97DA973980CAD3BB2ACE0.d.E0FF4058171B0577D398BE5F3B4D088A.e.23103","ELEMENT":"f.8A8223F9DEA97DA973980CAD3BB2ACE0.d.E0FF4058171B0577D398BE5F3B4D088A.e.23103"}]}
COMMAND: GET /session/73a4fd280a32fd38d4d0602b1d656d13/element/f.8A8223F9DEA97DA973980CAD3BB2ACE0.d.E0FF4058171B0577D398BE5F3B4D088A.e.23103/enabled - {}
COMMAND: GET /session/73a4fd280a32fd38d4d0602b1d656d13/screenshot - {}
RESULT: {}
COMMAND: POST /session/73a4fd280a32fd38d4d0602b1d656d13/execute/sync - {"script":"<script> [8489 bytes]","args":[{"element-6066-11e4-a52e-4f735466cecf":"f.8A8223F9DEA97DA973980CAD3BB2ACE0.d.E0FF4058171B0577D398BE5F3B4D088A.e.23103","ELEMENT":"f.8A8223F9DEA97DA973980CAD3BB2ACE0.d.E0FF4058171B0577D398BE5F3B4D088A.e.23103"}]}
COMMAND: GET /session/73a4fd280a32fd38d4d0602b1d656d13/screenshot - {}
RESULT: {}
RESULT: {"script":"<script> [8489 bytes]","args":[{"element-6066-11e4-a52e-4f735466cecf":"f.8A8223F9DEA97DA973980CAD3BB2ACE0.d.E0FF4058171B0577D398BE5F3B4D088A.e.23103","ELEMENT":"f.8A8223F9DEA97DA973980CAD3BB2ACE0.d.E0FF4058171B0577D398BE5F3B4D088A.e.23103"}]}
COMMAND: POST /session/73a4fd280a32fd38d4d0602b1d656d13/execute/sync - {"script":"<script> [5351 bytes]","args":[{"element-6066-11e4-a52e-4f735466cecf":"f.8A8223F9DEA97DA973980CAD3BB2ACE0.d.E0FF4058171B0577D398BE5F3B4D088A.e.23103","ELEMENT":"f.8A8223F9DEA97DA973980CAD3BB2ACE0.d.E0FF4058171B0577D398BE5F3B4D088A.e.23103"}]}
COMMAND: GET /session/73a4fd280a32fd38d4d0602b1d656d13/screenshot - {}
RESULT: {}
RESULT: {"script":"<script> [5351 bytes]","args":[{"element-6066-11e4-a52e-4f735466cecf":"f.8A8223F9DEA97DA973980CAD3BB2ACE0.d.E0FF4058171B0577D398BE5F3B4D088A.e.23103","ELEMENT":"f.8A8223F9DEA97DA973980CAD3BB2ACE0.d.E0FF4058171B0577D398BE5F3B4D088A.e.23103"}]}
COMMAND: POST /session/73a4fd280a32fd38d4d0602b1d656d13/element/f.8A8223F9DEA97DA973980CAD3BB2ACE0.d.E0FF4058171B0577D398BE5F3B4D088A.e.23103/click - {}
COMMAND: GET /session/73a4fd280a32fd38d4d0602b1d656d13/screenshot - {}
RESULT: {}
RESULT: {}
COMMAND: GET /session/73a4fd280a32fd38d4d0602b1d656d13/screenshot - {}
RESULT: {}
RESULT: {}
RESULT: undefined
COMMAND: POST /session/73a4fd280a32fd38d4d0602b1d656d13/element - {"using":"xpath","value":"//*[@id=\"application-manageresources-display-component---newResourceUnit--TYPE-arrow\"]"}
RESULT: {"using":"xpath","value":"//*[@id=\"application-manageresources-display-component---newResourceUnit--TYPE-arrow\"]"}
COMMAND: POST /session/73a4fd280a32fd38d4d0602b1d656d13/element/f.8A8223F9DEA97DA973980CAD3BB2ACE0.d.E0FF4058171B0577D398BE5F3B4D088A.e.23450/click - {}
RESULT: {}
COMMAND: POST /session/73a4fd280a32fd38d4d0602b1d656d13/element - {"using":"xpath","value":"//input[@id=\"application-manageresources-display-component---newResourceUnit--TYPE-inner\"]"}
COMMAND: GET /session/73a4fd280a32fd38d4d0602b1d656d13/screenshot - {}
RESULT: {"using":"xpath","value":"//input[@id=\"application-manageresources-display-component---newResourceUnit--TYPE-inner\"]"}
COMMAND: POST /session/73a4fd280a32fd38d4d0602b1d656d13/element/f.8A8223F9DEA97DA973980CAD3BB2ACE0.d.E0FF4058171B0577D398BE5F3B4D088A.e.23446/clear - {}
RESULT: {}
RESULT: {}
COMMAND: POST /session/73a4fd280a32fd38d4d0602b1d656d13/element/f.8A8223F9DEA97DA973980CAD3BB2ACE0.d.E0FF4058171B0577D398BE5F3B4D088A.e.23446/value - {"text":"Equi Multipart"}
COMMAND: GET /session/73a4fd280a32fd38d4d0602b1d656d13/screenshot - {}
RESULT: {"text":"Equi Multipart"}
COMMAND: GET /session/73a4fd280a32fd38d4d0602b1d656d13/screenshot - {}
RESULT: {}
RESULT: {}
COMMAND: POST /session/73a4fd280a32fd38d4d0602b1d656d13/actions - {"actions":[{"id":"action72","type":"key","parameters":{},"actions":[{"type":"keyDown","value":"î€‡"},{"type":"pause","duration":10},{"type":"keyUp","value":"î€‡"}]}]}
RESULT: {"actions":[{"id":"action72","type":"key","parameters":{},"actions":[{"type":"keyDown","value":"î€‡"},{"type":"pause","duration":10},{"type":"keyUp","value":"î€‡"}]}]}
RESULT: undefined
COMMAND: POST /session/73a4fd280a32fd38d4d0602b1d656d13/execute/async - {"script":"<script> [776 bytes]","args":[{"enterText":"Equipment Multipart WDIO","selector":{"id":"application-manageresources-display-component---newResourceUnit--SHORT_TEXT","interaction":{"idSuffix":"inner"}},"clearTextFirst":true,"interactionType":"ENTER_TEXT"}]}
COMMAND: GET /session/73a4fd280a32fd38d4d0602b1d656d13/screenshot - {}
RESULT: {"script":"<script> [776 bytes]","args":[{"enterText":"Equipment Multipart WDIO","selector":{"id":"application-manageresources-display-component---newResourceUnit--SHORT_TEXT","interaction":{"idSuffix":"inner"}},"clearTextFirst":true,"interactionType":"ENTER_TEXT"}]}
RESULT: undefined
COMMAND: POST /session/73a4fd280a32fd38d4d0602b1d656d13/execute/async - {"script":"<script> [776 bytes]","args":[{"enterText":"Piece","selector":{"id":"application-manageresources-display-component---newResourceUnit--BASE_UNIT_OF_MEASURE","interaction":{"idSuffix":"inner"}},"clearTextFirst":true,"interactionType":"ENTER_TEXT"}]}
RESULT: {}
RESULT: {"script":"<script> [776 bytes]","args":[{"enterText":"Piece","selector":{"id":"application-manageresources-display-component---newResourceUnit--BASE_UNIT_OF_MEASURE","interaction":{"idSuffix":"inner"}},"clearTextFirst":true,"interactionType":"ENTER_TEXT"}]}
RESULT: undefined
COMMAND: POST /session/73a4fd280a32fd38d4d0602b1d656d13/execute/async - {"script":"<script> [776 bytes]","args":[{"enterText":"Gram","selector":{"id":"application-manageresources-display-component---newResourceUnit--WEIGHT_UNIT","interaction":{"idSuffix":"inner"}},"clearTextFirst":true,"interactionType":"ENTER_TEXT"}]}
RESULT: {"script":"<script> [776 bytes]","args":[{"enterText":"Gram","selector":{"id":"application-manageresources-display-component---newResourceUnit--WEIGHT_UNIT","interaction":{"idSuffix":"inner"}},"clearTextFirst":true,"interactionType":"ENTER_TEXT"}]}
RESULT: undefined
COMMAND: POST /session/73a4fd280a32fd38d4d0602b1d656d13/execute/async - {"script":"<script> [776 bytes]","args":[{"enterText":"Meter","selector":{"id":"application-manageresources-display-component---newResourceUnit--DIMENSION_UNIT","interaction":{"idSuffix":"inner"}},"clearTextFirst":true,"interactionType":"ENTER_TEXT"}]}
RESULT: {"script":"<script> [776 bytes]","args":[{"enterText":"Meter","selector":{"id":"application-manageresources-display-component---newResourceUnit--DIMENSION_UNIT","interaction":{"idSuffix":"inner"}},"clearTextFirst":true,"interactionType":"ENTER_TEXT"}]}
RESULT: undefined
COMMAND: POST /session/73a4fd280a32fd38d4d0602b1d656d13/element - {"using":"xpath","value":"//*[@id=\"application-manageresources-display-component---newResourceUnit--newRRUPage-anchBar-application-manageresources-display-component---newResourceUnit--control-anchor\"]"}
RESULT: {"using":"xpath","value":"//*[@id=\"application-manageresources-display-component---newResourceUnit--newRRUPage-anchBar-application-manageresources-display-component---newResourceUnit--control-anchor\"]"}
COMMAND: POST /session/73a4fd280a32fd38d4d0602b1d656d13/element/f.8A8223F9DEA97DA973980CAD3BB2ACE0.d.E0FF4058171B0577D398BE5F3B4D088A.e.23513/click - {}
RESULT: {}
RESULT: undefined
COMMAND: POST /session/73a4fd280a32fd38d4d0602b1d656d13/execute/async - {"script":"<script> [776 bytes]","args":[{"enterText":"Heavy Equi","selector":{"id":"application-manageresources-display-component---newResourceUnit--PLANNING_GROUP","interaction":{"idSuffix":"inner"}},"clearTextFirst":true,"interactionType":"ENTER_TEXT"}]}
COMMAND: GET /session/73a4fd280a32fd38d4d0602b1d656d13/screenshot - {}
RESULT: {"script":"<script> [776 bytes]","args":[{"enterText":"Heavy Equi","selector":{"id":"application-manageresources-display-component---newResourceUnit--PLANNING_GROUP","interaction":{"idSuffix":"inner"}},"clearTextFirst":true,"interactionType":"ENTER_TEXT"}]}
RESULT: {}
COMMAND: POST /session/73a4fd280a32fd38d4d0602b1d656d13/execute/async - {"script":"<script> [1562 bytes]","args":[{"selector":{"id":"application-manageresources-display-component---newResourceUnit--PLANNING_INDICATOR","interaction":{"idSuffix":"inner"}},"wdio_ui5_key":"applicationmanageresources-display-component---newResourceUnit--PLANNING_INDICATOR"}]}
RESULT: {"script":"<script> [1562 bytes]","args":[{"selector":{"id":"application-manageresources-display-component---newResourceUnit--PLANNING_INDICATOR","interaction":{"idSuffix":"inner"}},"wdio_ui5_key":"applicationmanageresources-display-component---newResourceUnit--PLANNING_INDICATOR"}]}
RESULT: undefined
COMMAND: POST /session/73a4fd280a32fd38d4d0602b1d656d13/execute/async - {"script":"<script> [776 bytes]","args":[{"enterText":"10 - infinite","selector":{"id":"application-manageresources-display-component---newResourceUnit--PLANNING_INDICATOR","interaction":{"idSuffix":"inner"}},"clearTextFirst":true,"interactionType":"ENTER_TEXT"}]}
RESULT: {"script":"<script> [776 bytes]","args":[{"enterText":"10 - infinite","selector":{"id":"application-manageresources-display-component---newResourceUnit--PLANNING_INDICATOR","interaction":{"idSuffix":"inner"}},"clearTextFirst":true,"interactionType":"ENTER_TEXT"}]}
RESULT: undefined
COMMAND: POST /session/73a4fd280a32fd38d4d0602b1d656d13/element - {"using":"xpath","value":"//*[@id=\"application-manageresources-display-component---newResourceUnit--ITEM_TYPE-arrow\"]"}
RESULT: {"using":"xpath","value":"//*[@id=\"application-manageresources-display-component---newResourceUnit--ITEM_TYPE-arrow\"]"}
COMMAND: POST /session/73a4fd280a32fd38d4d0602b1d656d13/element/f.8A8223F9DEA97DA973980CAD3BB2ACE0.d.E0FF4058171B0577D398BE5F3B4D088A.e.23520/click - {}
RESULT: {}
COMMAND: GET /session/73a4fd280a32fd38d4d0602b1d656d13/screenshot - {}
RESULT: {}
COMMAND: POST /session/73a4fd280a32fd38d4d0602b1d656d13/execute/async - {"script":"<script> [1562 bytes]","args":[{"selector":{"controlType":"sap.m.StandardListItem","viewName":"reusables.view.manageresources.NewResourceUnit","viewId":"application-manageresources-display-component---newResourceUnit","properties":{"title":"Pool Equipment"},"searchOpenDialogs":true,"interaction":{"idSuffix":"content"}},"wdio_ui5_key":"reusablesview.manageresources.NewResourceUnitsap.m.StandardListItem{\"title\":\"Pool Equipment\"}"}]}
RESULT: {"script":"<script> [1562 bytes]","args":[{"selector":{"controlType":"sap.m.StandardListItem","viewName":"reusables.view.manageresources.NewResourceUnit","viewId":"application-manageresources-display-component---newResourceUnit","properties":{"title":"Pool Equipment"},"searchOpenDialogs":true,"interaction":{"idSuffix":"content"}},"wdio_ui5_key":"reusablesview.manageresources.NewResourceUnitsap.m.StandardListItem{\"title\":\"Pool Equipment\"}"}]}
RESULT: undefined
COMMAND: POST /session/73a4fd280a32fd38d4d0602b1d656d13/element - {"using":"xpath","value":"//*[@id=\"__item1165\"]"}
RESULT: {"using":"xpath","value":"//*[@id=\"__item1165\"]"}
COMMAND: POST /session/73a4fd280a32fd38d4d0602b1d656d13/element/f.8A8223F9DEA97DA973980CAD3BB2ACE0.d.E0FF4058171B0577D398BE5F3B4D088A.e.23522/click - {}
RESULT: {}
COMMAND: GET /session/73a4fd280a32fd38d4d0602b1d656d13/screenshot - {}
RESULT: {}
COMMAND: POST /session/73a4fd280a32fd38d4d0602b1d656d13/element - {"using":"css selector","value":"#application-manageresources-display-component---newResourceUnit--btnAddTimeSegment"}
RESULT: {"using":"css selector","value":"#application-manageresources-display-component---newResourceUnit--btnAddTimeSegment"}
COMMAND: GET /session/73a4fd280a32fd38d4d0602b1d656d13/element/f.8A8223F9DEA97DA973980CAD3BB2ACE0.d.E0FF4058171B0577D398BE5F3B4D088A.e.23523/rect - {}
RESULT: {}
COMMAND: GET /session/73a4fd280a32fd38d4d0602b1d656d13/window/rect - {}
RESULT: {}
COMMAND: POST /session/73a4fd280a32fd38d4d0602b1d656d13/execute/sync - {"script":"<script> [92 bytes]","args":[]}
RESULT: {"script":"<script> [92 bytes]","args":[]}
COMMAND: POST /session/73a4fd280a32fd38d4d0602b1d656d13/actions - {"actions":[{"id":"action73","type":"wheel","parameters":{},"actions":[{"type":"scroll","x":-1888,"y":-32,"deltaX":0,"deltaY":0,"duration":0,"origin":{"element-6066-11e4-a52e-4f735466cecf":"f.8A8223F9DEA97DA973980CAD3BB2ACE0.d.E0FF4058171B0577D398BE5F3B4D088A.e.23523"}}]}]}
COMMAND: GET /session/73a4fd280a32fd38d4d0602b1d656d13/screenshot - {}
RESULT: {}
COMMAND: POST /session/73a4fd280a32fd38d4d0602b1d656d13/execute/sync - {"script":"<script> [79 bytes]","args":[{"element-6066-11e4-a52e-4f735466cecf":"f.8A8223F9DEA97DA973980CAD3BB2ACE0.d.E0FF4058171B0577D398BE5F3B4D088A.e.23523","ELEMENT":"f.8A8223F9DEA97DA973980CAD3BB2ACE0.d.E0FF4058171B0577D398BE5F3B4D088A.e.23523"},{"block":"start","inline":"nearest"}]}
RESULT: {"script":"<script> [79 bytes]","args":[{"element-6066-11e4-a52e-4f735466cecf":"f.8A8223F9DEA97DA973980CAD3BB2ACE0.d.E0FF4058171B0577D398BE5F3B4D088A.e.23523","ELEMENT":"f.8A8223F9DEA97DA973980CAD3BB2ACE0.d.E0FF4058171B0577D398BE5F3B4D088A.e.23523"},{"block":"start","inline":"nearest"}]}
RESULT: undefined
COMMAND: POST /session/73a4fd280a32fd38d4d0602b1d656d13/element - {"using":"xpath","value":"//*[@id=\"application-manageresources-display-component---newResourceUnit--btnAddTimeSegment\"]"}
COMMAND: GET /session/73a4fd280a32fd38d4d0602b1d656d13/screenshot - {}
RESULT: {"using":"xpath","value":"//*[@id=\"application-manageresources-display-component---newResourceUnit--btnAddTimeSegment\"]"}
COMMAND: POST /session/73a4fd280a32fd38d4d0602b1d656d13/element/f.8A8223F9DEA97DA973980CAD3BB2ACE0.d.E0FF4058171B0577D398BE5F3B4D088A.e.23523/click - {}
RESULT: {}
RESULT: {}
COMMAND: GET /session/73a4fd280a32fd38d4d0602b1d656d13/screenshot - {}
RESULT: {}
COMMAND: POST /session/73a4fd280a32fd38d4d0602b1d656d13/element - {"using":"xpath","value":"//input[@id=\"application-manageresources-display-component---newResourceUnit--idRuTSAdmin-application-manageresources-display-component---newResourceUnit--RUTimeSegment-0-inner\"]"}
RESULT: {"using":"xpath","value":"//input[@id=\"application-manageresources-display-component---newResourceUnit--idRuTSAdmin-application-manageresources-display-component---newResourceUnit--RUTimeSegment-0-inner\"]"}
COMMAND: POST /session/73a4fd280a32fd38d4d0602b1d656d13/element/f.8A8223F9DEA97DA973980CAD3BB2ACE0.d.E0FF4058171B0577D398BE5F3B4D088A.e.23528/clear - {}
RESULT: {}
COMMAND: POST /session/73a4fd280a32fd38d4d0602b1d656d13/element/f.8A8223F9DEA97DA973980CAD3BB2ACE0.d.E0FF4058171B0577D398BE5F3B4D088A.e.23528/value - {"text":"407"}
COMMAND: GET /session/73a4fd280a32fd38d4d0602b1d656d13/screenshot - {}
RESULT: {"text":"407"}
COMMAND: GET /session/73a4fd280a32fd38d4d0602b1d656d13/screenshot - {}
RESULT: {}
RESULT: {}
COMMAND: POST /session/73a4fd280a32fd38d4d0602b1d656d13/element - {"using":"xpath","value":"//li[.//span[text()='407']]"}
RESULT: {"using":"xpath","value":"//li[.//span[text()='407']]"}
COMMAND: POST /session/73a4fd280a32fd38d4d0602b1d656d13/element/f.8A8223F9DEA97DA973980CAD3BB2ACE0.d.E0FF4058171B0577D398BE5F3B4D088A.e.23541/click - {}
RESULT: {}
COMMAND: GET /session/73a4fd280a32fd38d4d0602b1d656d13/screenshot - {}
RESULT: {}
COMMAND: POST /session/73a4fd280a32fd38d4d0602b1d656d13/element - {"using":"xpath","value":"(//span[contains(@id, \"-application-manageresources-display-component---newResourceUnit--RUTimeSegment-0-arrow\")])[5]"}
RESULT: {"using":"xpath","value":"(//span[contains(@id, \"-application-manageresources-display-component---newResourceUnit--RUTimeSegment-0-arrow\")])[5]"}
COMMAND: POST /session/73a4fd280a32fd38d4d0602b1d656d13/element/f.8A8223F9DEA97DA973980CAD3BB2ACE0.d.E0FF4058171B0577D398BE5F3B4D088A.e.23542/click - {}
RESULT: {}
COMMAND: GET /session/73a4fd280a32fd38d4d0602b1d656d13/screenshot - {}
RESULT: {}
COMMAND: POST /session/73a4fd280a32fd38d4d0602b1d656d13/element - {"using":"xpath","value":"//span[contains(text(), \"PM Order\")]"}
RESULT: {"using":"xpath","value":"//span[contains(text(), \"PM Order\")]"}
COMMAND: POST /session/73a4fd280a32fd38d4d0602b1d656d13/element/f.8A8223F9DEA97DA973980CAD3BB2ACE0.d.E0FF4058171B0577D398BE5F3B4D088A.e.23543/click - {}
RESULT: {}
COMMAND: GET /session/73a4fd280a32fd38d4d0602b1d656d13/screenshot - {}
RESULT: {}
COMMAND: POST /session/73a4fd280a32fd38d4d0602b1d656d13/element - {"using":"xpath","value":"(//span[contains(@id ,\"manageresources-display-component---newResourceUnit--RUTimeSegment-0-vhi\")])[1]"}
RESULT: {"using":"xpath","value":"(//span[contains(@id ,\"manageresources-display-component---newResourceUnit--RUTimeSegment-0-vhi\")])[1]"}
COMMAND: GET /session/73a4fd280a32fd38d4d0602b1d656d13/element/f.8A8223F9DEA97DA973980CAD3BB2ACE0.d.E0FF4058171B0577D398BE5F3B4D088A.e.23547/rect - {}
RESULT: {}
COMMAND: GET /session/73a4fd280a32fd38d4d0602b1d656d13/window/rect - {}
RESULT: {}
COMMAND: POST /session/73a4fd280a32fd38d4d0602b1d656d13/execute/sync - {"script":"<script> [92 bytes]","args":[]}
RESULT: {"script":"<script> [92 bytes]","args":[]}
COMMAND: POST /session/73a4fd280a32fd38d4d0602b1d656d13/actions - {"actions":[{"id":"action74","type":"wheel","parameters":{},"actions":[{"type":"scroll","x":-1888,"y":-24,"deltaX":0,"deltaY":0,"duration":0,"origin":{"element-6066-11e4-a52e-4f735466cecf":"f.8A8223F9DEA97DA973980CAD3BB2ACE0.d.E0FF4058171B0577D398BE5F3B4D088A.e.23547"}}]}]}
COMMAND: GET /session/73a4fd280a32fd38d4d0602b1d656d13/screenshot - {}
RESULT: {}
COMMAND: POST /session/73a4fd280a32fd38d4d0602b1d656d13/execute/sync - {"script":"<script> [79 bytes]","args":[{"element-6066-11e4-a52e-4f735466cecf":"f.8A8223F9DEA97DA973980CAD3BB2ACE0.d.E0FF4058171B0577D398BE5F3B4D088A.e.23547","ELEMENT":"f.8A8223F9DEA97DA973980CAD3BB2ACE0.d.E0FF4058171B0577D398BE5F3B4D088A.e.23547"},{"block":"start","inline":"nearest"}]}
RESULT: {"script":"<script> [79 bytes]","args":[{"element-6066-11e4-a52e-4f735466cecf":"f.8A8223F9DEA97DA973980CAD3BB2ACE0.d.E0FF4058171B0577D398BE5F3B4D088A.e.23547","ELEMENT":"f.8A8223F9DEA97DA973980CAD3BB2ACE0.d.E0FF4058171B0577D398BE5F3B4D088A.e.23547"},{"block":"start","inline":"nearest"}]}
COMMAND: GET /session/73a4fd280a32fd38d4d0602b1d656d13/screenshot - {}
RESULT: {}
COMMAND: POST /session/73a4fd280a32fd38d4d0602b1d656d13/element/f.8A8223F9DEA97DA973980CAD3BB2ACE0.d.E0FF4058171B0577D398BE5F3B4D088A.e.23547/click - {}
RESULT: {}
COMMAND: GET /session/73a4fd280a32fd38d4d0602b1d656d13/screenshot - {}
RESULT: {}
RESULT: undefined
COMMAND: POST /session/73a4fd280a32fd38d4d0602b1d656d13/execute/async - {"script":"<script> [776 bytes]","args":[{"enterText":"4000360","selector":{"controlType":"sap.m.SearchField","properties":{"placeholder":"Search"},"searchOpenDialogs":true,"interaction":{"idSuffix":"I"}},"clearTextFirst":true,"interactionType":"ENTER_TEXT"}]}
RESULT: {"script":"<script> [776 bytes]","args":[{"enterText":"4000360","selector":{"controlType":"sap.m.SearchField","properties":{"placeholder":"Search"},"searchOpenDialogs":true,"interaction":{"idSuffix":"I"}},"clearTextFirst":true,"interactionType":"ENTER_TEXT"}]}
COMMAND: POST /session/73a4fd280a32fd38d4d0602b1d656d13/actions - {"actions":[{"id":"action75","type":"key","parameters":{},"actions":[{"type":"keyDown","value":"î€‡"},{"type":"pause","duration":10},{"type":"keyUp","value":"î€‡"}]}]}
RESULT: {"actions":[{"id":"action75","type":"key","parameters":{},"actions":[{"type":"keyDown","value":"î€‡"},{"type":"pause","duration":10},{"type":"keyUp","value":"î€‡"}]}]}
COMMAND: GET /session/73a4fd280a32fd38d4d0602b1d656d13/screenshot - {}
RESULT: {}
COMMAND: POST /session/73a4fd280a32fd38d4d0602b1d656d13/element - {"using":"xpath","value":"//td/div/span[contains(text(), \"BGL Vehicles\")]"}
RESULT: {"using":"xpath","value":"//td/div/span[contains(text(), \"BGL Vehicles\")]"}
COMMAND: POST /session/73a4fd280a32fd38d4d0602b1d656d13/element/f.8A8223F9DEA97DA973980CAD3BB2ACE0.d.E0FF4058171B0577D398BE5F3B4D088A.e.23567/click - {}
RESULT: {}
COMMAND: GET /session/73a4fd280a32fd38d4d0602b1d656d13/screenshot - {}
RESULT: {}
COMMAND: POST /session/73a4fd280a32fd38d4d0602b1d656d13/element - {"using":"xpath","value":"//bdi[contains(text(), \"OK\")]"}
RESULT: {"using":"xpath","value":"//bdi[contains(text(), \"OK\")]"}
COMMAND: POST /session/73a4fd280a32fd38d4d0602b1d656d13/element/f.8A8223F9DEA97DA973980CAD3BB2ACE0.d.E0FF4058171B0577D398BE5F3B4D088A.e.23568/click - {}
RESULT: {}
COMMAND: GET /session/73a4fd280a32fd38d4d0602b1d656d13/screenshot - {}
RESULT: {}
COMMAND: POST /session/73a4fd280a32fd38d4d0602b1d656d13/element - {"using":"xpath","value":"//label[contains(@class, 'sapMLabelRequired') and .//bdi[contains(text(), 'Planned Retirement')]]"}
RESULT: {"using":"xpath","value":"//label[contains(@class, 'sapMLabelRequired') and .//bdi[contains(text(), 'Planned Retirement')]]"}
COMMAND: POST /session/73a4fd280a32fd38d4d0602b1d656d13/elements - {"using":"xpath","value":"//label[contains(@class, 'sapMLabelRequired') and .//bdi[contains(text(), 'Planned Retirement')]]"}
RESULT: {"using":"xpath","value":"//label[contains(@class, 'sapMLabelRequired') and .//bdi[contains(text(), 'Planned Retirement')]]"}
COMMAND: POST /session/73a4fd280a32fd38d4d0602b1d656d13/element - {"using":"xpath","value":"//button[@data-kt=\"resourceUnitSaveButton\"]"}
RESULT: {"using":"xpath","value":"//button[@data-kt=\"resourceUnitSaveButton\"]"}
COMMAND: POST /session/73a4fd280a32fd38d4d0602b1d656d13/element/f.8A8223F9DEA97DA973980CAD3BB2ACE0.d.E0FF4058171B0577D398BE5F3B4D088A.e.23467/click - {}
RESULT: {}
COMMAND: GET /session/73a4fd280a32fd38d4d0602b1d656d13/screenshot - {}
RESULT: {}
COMMAND: POST /session/73a4fd280a32fd38d4d0602b1d656d13/element - {"using":"xpath","value":"//bdi[contains(text(), \"Close\")]"}
RESULT: {"using":"xpath","value":"//bdi[contains(text(), \"Close\")]"}
COMMAND: POST /session/73a4fd280a32fd38d4d0602b1d656d13/element/f.8A8223F9DEA97DA973980CAD3BB2ACE0.d.E0FF4058171B0577D398BE5F3B4D088A.e.23575/click - {}
RESULT: {}
COMMAND: GET /session/73a4fd280a32fd38d4d0602b1d656d13/screenshot - {}
RESULT: {}
COMMAND: POST /session/73a4fd280a32fd38d4d0602b1d656d13/element - {"using":"xpath","value":"//header[contains(@id, 'detailRruPage-headerTitle')]/div[1]/div[2]/div[2]/span[1]"}
RESULT: {"using":"xpath","value":"//header[contains(@id, 'detailRruPage-headerTitle')]/div[1]/div[2]/div[2]/span[1]"}
COMMAND: POST /session/73a4fd280a32fd38d4d0602b1d656d13/elements - {"using":"xpath","value":"//header[contains(@id, 'detailRruPage-headerTitle')]/div[1]/div[2]/div[2]/span[1]"}
RESULT: {"using":"xpath","value":"//header[contains(@id, 'detailRruPage-headerTitle')]/div[1]/div[2]/div[2]/span[1]"}
COMMAND: POST /session/73a4fd280a32fd38d4d0602b1d656d13/execute/sync - {"script":"<script> [56 bytes]","args":[{"element-6066-11e4-a52e-4f735466cecf":"f.8A8223F9DEA97DA973980CAD3BB2ACE0.d.E0FF4058171B0577D398BE5F3B4D088A.e.23609","ELEMENT":"f.8A8223F9DEA97DA973980CAD3BB2ACE0.d.E0FF4058171B0577D398BE5F3B4D088A.e.23609"}]}
RESULT: {"script":"<script> [56 bytes]","args":[{"element-6066-11e4-a52e-4f735466cecf":"f.8A8223F9DEA97DA973980CAD3BB2ACE0.d.E0FF4058171B0577D398BE5F3B4D088A.e.23609","ELEMENT":"f.8A8223F9DEA97DA973980CAD3BB2ACE0.d.E0FF4058171B0577D398BE5F3B4D088A.e.23609"}]}
COMMAND: POST /session/73a4fd280a32fd38d4d0602b1d656d13/element - {"using":"css selector","value":"#shell-header-logo"}
COMMAND: GET /session/73a4fd280a32fd38d4d0602b1d656d13/screenshot - {}
RESULT: {"using":"css selector","value":"#shell-header-logo"}
COMMAND: POST /session/73a4fd280a32fd38d4d0602b1d656d13/element/f.8A8223F9DEA97DA973980CAD3BB2ACE0.d.E0FF4058171B0577D398BE5F3B4D088A.e.23065/click - {}
RESULT: {}
RESULT: {}
COMMAND: GET /session/73a4fd280a32fd38d4d0602b1d656d13/screenshot - {}
RESULT: {}
]]></system-out>
    </testcase>
    <testcase classname="chrome.136_0_7103_93.windows.Transfer_Yard_to_Yard_US131076" name="Should do a stock increase handover" time="95.642">
      <system-out><![CDATA[
COMMAND: POST /session/73a4fd280a32fd38d4d0602b1d656d13/execute/async - {"script":"<script> [1562 bytes]","args":[{"selector":{"controlType":"sap.m.GenericTile","properties":{"header":"Manage Handovers"}},"wdio_ui5_key":"sapm.GenericTile{\"header\":\"Manage Handovers\"}"}]}
RESULT: {"script":"<script> [1562 bytes]","args":[{"selector":{"controlType":"sap.m.GenericTile","properties":{"header":"Manage Handovers"}},"wdio_ui5_key":"sapm.GenericTile{\"header\":\"Manage Handovers\"}"}]}
RESULT: undefined
COMMAND: POST /session/73a4fd280a32fd38d4d0602b1d656d13/element - {"using":"xpath","value":"//*[@id=\"__tile133\"]"}
RESULT: {"using":"xpath","value":"//*[@id=\"__tile133\"]"}
COMMAND: POST /session/73a4fd280a32fd38d4d0602b1d656d13/element/f.8A8223F9DEA97DA973980CAD3BB2ACE0.d.E0FF4058171B0577D398BE5F3B4D088A.e.21557/click - {}
RESULT: {}
COMMAND: GET /session/73a4fd280a32fd38d4d0602b1d656d13/screenshot - {}
RESULT: {}
COMMAND: POST /session/73a4fd280a32fd38d4d0602b1d656d13/elements - {"using":"xpath","value":"//span[text()='Error']"}
RESULT: {"using":"xpath","value":"//span[text()='Error']"}
COMMAND: POST /session/73a4fd280a32fd38d4d0602b1d656d13/element - {"using":"xpath","value":"//button[@data-kt=\"masterHOAddButton\"]"}
RESULT: {"using":"xpath","value":"//button[@data-kt=\"masterHOAddButton\"]"}
COMMAND: POST /session/73a4fd280a32fd38d4d0602b1d656d13/elements - {"using":"xpath","value":"//button[@data-kt=\"masterHOAddButton\"]"}
RESULT: {"using":"xpath","value":"//button[@data-kt=\"masterHOAddButton\"]"}
COMMAND: POST /session/73a4fd280a32fd38d4d0602b1d656d13/execute/sync - {"script":"<script> [8489 bytes]","args":[{"element-6066-11e4-a52e-4f735466cecf":"f.8A8223F9DEA97DA973980CAD3BB2ACE0.d.E0FF4058171B0577D398BE5F3B4D088A.e.23647","ELEMENT":"f.8A8223F9DEA97DA973980CAD3BB2ACE0.d.E0FF4058171B0577D398BE5F3B4D088A.e.23647"}]}
RESULT: {"script":"<script> [8489 bytes]","args":[{"element-6066-11e4-a52e-4f735466cecf":"f.8A8223F9DEA97DA973980CAD3BB2ACE0.d.E0FF4058171B0577D398BE5F3B4D088A.e.23647","ELEMENT":"f.8A8223F9DEA97DA973980CAD3BB2ACE0.d.E0FF4058171B0577D398BE5F3B4D088A.e.23647"}]}
COMMAND: GET /session/73a4fd280a32fd38d4d0602b1d656d13/element/f.8A8223F9DEA97DA973980CAD3BB2ACE0.d.E0FF4058171B0577D398BE5F3B4D088A.e.23647/enabled - {}
COMMAND: GET /session/73a4fd280a32fd38d4d0602b1d656d13/screenshot - {}
RESULT: {}
COMMAND: POST /session/73a4fd280a32fd38d4d0602b1d656d13/execute/sync - {"script":"<script> [8489 bytes]","args":[{"element-6066-11e4-a52e-4f735466cecf":"f.8A8223F9DEA97DA973980CAD3BB2ACE0.d.E0FF4058171B0577D398BE5F3B4D088A.e.23647","ELEMENT":"f.8A8223F9DEA97DA973980CAD3BB2ACE0.d.E0FF4058171B0577D398BE5F3B4D088A.e.23647"}]}
COMMAND: GET /session/73a4fd280a32fd38d4d0602b1d656d13/screenshot - {}
RESULT: {}
RESULT: {"script":"<script> [8489 bytes]","args":[{"element-6066-11e4-a52e-4f735466cecf":"f.8A8223F9DEA97DA973980CAD3BB2ACE0.d.E0FF4058171B0577D398BE5F3B4D088A.e.23647","ELEMENT":"f.8A8223F9DEA97DA973980CAD3BB2ACE0.d.E0FF4058171B0577D398BE5F3B4D088A.e.23647"}]}
COMMAND: POST /session/73a4fd280a32fd38d4d0602b1d656d13/execute/sync - {"script":"<script> [5351 bytes]","args":[{"element-6066-11e4-a52e-4f735466cecf":"f.8A8223F9DEA97DA973980CAD3BB2ACE0.d.E0FF4058171B0577D398BE5F3B4D088A.e.23647","ELEMENT":"f.8A8223F9DEA97DA973980CAD3BB2ACE0.d.E0FF4058171B0577D398BE5F3B4D088A.e.23647"}]}
COMMAND: GET /session/73a4fd280a32fd38d4d0602b1d656d13/screenshot - {}
RESULT: {}
RESULT: {"script":"<script> [5351 bytes]","args":[{"element-6066-11e4-a52e-4f735466cecf":"f.8A8223F9DEA97DA973980CAD3BB2ACE0.d.E0FF4058171B0577D398BE5F3B4D088A.e.23647","ELEMENT":"f.8A8223F9DEA97DA973980CAD3BB2ACE0.d.E0FF4058171B0577D398BE5F3B4D088A.e.23647"}]}
COMMAND: POST /session/73a4fd280a32fd38d4d0602b1d656d13/element/f.8A8223F9DEA97DA973980CAD3BB2ACE0.d.E0FF4058171B0577D398BE5F3B4D088A.e.23647/click - {}
COMMAND: GET /session/73a4fd280a32fd38d4d0602b1d656d13/screenshot - {}
RESULT: {}
RESULT: {}
COMMAND: GET /session/73a4fd280a32fd38d4d0602b1d656d13/screenshot - {}
RESULT: {}
RESULT: {}
COMMAND: POST /session/73a4fd280a32fd38d4d0602b1d656d13/element - {"using":"xpath","value":"//span[contains(@id ,\"AddNewHO--typeSelect-arrow\")]"}
RESULT: {"using":"xpath","value":"//span[contains(@id ,\"AddNewHO--typeSelect-arrow\")]"}
COMMAND: POST /session/73a4fd280a32fd38d4d0602b1d656d13/element/f.8A8223F9DEA97DA973980CAD3BB2ACE0.d.E0FF4058171B0577D398BE5F3B4D088A.e.24004/click - {}
RESULT: {}
COMMAND: GET /session/73a4fd280a32fd38d4d0602b1d656d13/screenshot - {}
RESULT: {}
COMMAND: POST /session/73a4fd280a32fd38d4d0602b1d656d13/element - {"using":"xpath","value":"(//li[contains(text(), \"stock increase yard\")])[1]"}
RESULT: {"using":"xpath","value":"(//li[contains(text(), \"stock increase yard\")])[1]"}
COMMAND: POST /session/73a4fd280a32fd38d4d0602b1d656d13/element/f.8A8223F9DEA97DA973980CAD3BB2ACE0.d.E0FF4058171B0577D398BE5F3B4D088A.e.24005/click - {}
RESULT: {}
COMMAND: GET /session/73a4fd280a32fd38d4d0602b1d656d13/screenshot - {}
RESULT: {}
COMMAND: POST /session/73a4fd280a32fd38d4d0602b1d656d13/execute/async - {"script":"<script> [1562 bytes]","args":[{"selector":{"id":"application-managehandovers-display-component---AddNewHO--dueDate","interaction":{"idSuffix":"inner"}},"wdio_ui5_key":"applicationmanagehandovers-display-component---AddNewHO--dueDate"}]}
RESULT: {"script":"<script> [1562 bytes]","args":[{"selector":{"id":"application-managehandovers-display-component---AddNewHO--dueDate","interaction":{"idSuffix":"inner"}},"wdio_ui5_key":"applicationmanagehandovers-display-component---AddNewHO--dueDate"}]}
RESULT: undefined
COMMAND: POST /session/73a4fd280a32fd38d4d0602b1d656d13/execute/async - {"script":"<script> [6424 bytes]","args":[{"element-6066-11e4-a52e-4f735466cecf":"f.8A8223F9DEA97DA973980CAD3BB2ACE0.d.E0FF4058171B0577D398BE5F3B4D088A.e.24009"},"setValue",["5/15/25"]]}
RESULT: {"script":"<script> [6424 bytes]","args":[{"element-6066-11e4-a52e-4f735466cecf":"f.8A8223F9DEA97DA973980CAD3BB2ACE0.d.E0FF4058171B0577D398BE5F3B4D088A.e.24009"},"setValue",["5/15/25"]]}
COMMAND: POST /session/73a4fd280a32fd38d4d0602b1d656d13/element - {"using":"xpath","value":"//input[@id=\"generalSectionFrg--receiveYard-inner\"]"}
RESULT: {"using":"xpath","value":"//input[@id=\"generalSectionFrg--receiveYard-inner\"]"}
COMMAND: POST /session/73a4fd280a32fd38d4d0602b1d656d13/element/f.8A8223F9DEA97DA973980CAD3BB2ACE0.d.E0FF4058171B0577D398BE5F3B4D088A.e.24013/clear - {}
RESULT: {}
COMMAND: POST /session/73a4fd280a32fd38d4d0602b1d656d13/element/f.8A8223F9DEA97DA973980CAD3BB2ACE0.d.E0FF4058171B0577D398BE5F3B4D088A.e.24013/value - {"text":"407"}
COMMAND: GET /session/73a4fd280a32fd38d4d0602b1d656d13/screenshot - {}
RESULT: {"text":"407"}
COMMAND: GET /session/73a4fd280a32fd38d4d0602b1d656d13/screenshot - {}
RESULT: {}
RESULT: {}
COMMAND: POST /session/73a4fd280a32fd38d4d0602b1d656d13/element - {"using":"xpath","value":"//li[.//span[text()='407']]"}
RESULT: {"using":"xpath","value":"//li[.//span[text()='407']]"}
COMMAND: POST /session/73a4fd280a32fd38d4d0602b1d656d13/element/f.8A8223F9DEA97DA973980CAD3BB2ACE0.d.E0FF4058171B0577D398BE5F3B4D088A.e.24027/click - {}
RESULT: {}
COMMAND: GET /session/73a4fd280a32fd38d4d0602b1d656d13/screenshot - {}
RESULT: {}
COMMAND: POST /session/73a4fd280a32fd38d4d0602b1d656d13/execute/async - {"script":"<script> [1562 bytes]","args":[{"selector":{"id":"application-managehandovers-display-component---AddNewHO--ObjectPageLayout-anchBar-application-managehandovers-display-component---AddNewHO--section4-anchor","interaction":{"idSuffix":"BDI-content"}},"wdio_ui5_key":"applicationmanagehandovers-display-component---AddNewHO--ObjectPageLayout-anchBar-application-managehandovers-display-component---AddNewHO--section4-anchor"}]}
RESULT: {"script":"<script> [1562 bytes]","args":[{"selector":{"id":"application-managehandovers-display-component---AddNewHO--ObjectPageLayout-anchBar-application-managehandovers-display-component---AddNewHO--section4-anchor","interaction":{"idSuffix":"BDI-content"}},"wdio_ui5_key":"applicationmanagehandovers-display-component---AddNewHO--ObjectPageLayout-anchBar-application-managehandovers-display-component---AddNewHO--section4-anchor"}]}
RESULT: undefined
COMMAND: POST /session/73a4fd280a32fd38d4d0602b1d656d13/element - {"using":"xpath","value":"//*[@id=\"application-managehandovers-display-component---AddNewHO--ObjectPageLayout-anchBar-application-managehandovers-display-component---AddNewHO--section4-anchor\"]"}
RESULT: {"using":"xpath","value":"//*[@id=\"application-managehandovers-display-component---AddNewHO--ObjectPageLayout-anchBar-application-managehandovers-display-component---AddNewHO--section4-anchor\"]"}
COMMAND: POST /session/73a4fd280a32fd38d4d0602b1d656d13/element/f.8A8223F9DEA97DA973980CAD3BB2ACE0.d.E0FF4058171B0577D398BE5F3B4D088A.e.24029/click - {}
RESULT: {}
COMMAND: POST /session/73a4fd280a32fd38d4d0602b1d656d13/element - {"using":"xpath","value":"//button[@aria-label=\"Add\"]"}
COMMAND: GET /session/73a4fd280a32fd38d4d0602b1d656d13/screenshot - {}
RESULT: {"using":"xpath","value":"//button[@aria-label=\"Add\"]"}
COMMAND: POST /session/73a4fd280a32fd38d4d0602b1d656d13/element/f.8A8223F9DEA97DA973980CAD3BB2ACE0.d.E0FF4058171B0577D398BE5F3B4D088A.e.24031/click - {}
RESULT: {}
RESULT: {}
COMMAND: GET /session/73a4fd280a32fd38d4d0602b1d656d13/screenshot - {}
RESULT: {}
COMMAND: POST /session/73a4fd280a32fd38d4d0602b1d656d13/execute/async - {"script":"<script> [1562 bytes]","args":[{"selector":{"id":"application-managehandovers-display-component---AddNewHO--smartFilterBar-btnBasicSearch","searchOpenDialogs":true,"interaction":{"idSuffix":"I"}},"wdio_ui5_key":"applicationmanagehandovers-display-component---AddNewHO--smartFilterBar-btnBasicSearch"}]}
RESULT: {"script":"<script> [1562 bytes]","args":[{"selector":{"id":"application-managehandovers-display-component---AddNewHO--smartFilterBar-btnBasicSearch","searchOpenDialogs":true,"interaction":{"idSuffix":"I"}},"wdio_ui5_key":"applicationmanagehandovers-display-component---AddNewHO--smartFilterBar-btnBasicSearch"}]}
RESULT: undefined
COMMAND: POST /session/73a4fd280a32fd38d4d0602b1d656d13/execute/async - {"script":"<script> [776 bytes]","args":[{"enterText":"rbh9yKGwVC","selector":{"id":"application-managehandovers-display-component---AddNewHO--smartFilterBar-btnBasicSearch","searchOpenDialogs":true,"interaction":{"idSuffix":"I"}},"clearTextFirst":true,"interactionType":"ENTER_TEXT"}]}
RESULT: {"script":"<script> [776 bytes]","args":[{"enterText":"rbh9yKGwVC","selector":{"id":"application-managehandovers-display-component---AddNewHO--smartFilterBar-btnBasicSearch","searchOpenDialogs":true,"interaction":{"idSuffix":"I"}},"clearTextFirst":true,"interactionType":"ENTER_TEXT"}]}
COMMAND: POST /session/73a4fd280a32fd38d4d0602b1d656d13/actions - {"actions":[{"id":"action76","type":"key","parameters":{},"actions":[{"type":"keyDown","value":"î€‡"},{"type":"pause","duration":10},{"type":"keyUp","value":"î€‡"}]}]}
RESULT: {"actions":[{"id":"action76","type":"key","parameters":{},"actions":[{"type":"keyDown","value":"î€‡"},{"type":"pause","duration":10},{"type":"keyUp","value":"î€‡"}]}]}
COMMAND: GET /session/73a4fd280a32fd38d4d0602b1d656d13/screenshot - {}
RESULT: {}
COMMAND: POST /session/73a4fd280a32fd38d4d0602b1d656d13/execute/async - {"script":"<script> [1562 bytes]","args":[{"selector":{"id":"application-managehandovers-display-component---AddNewHO--popup-sa","searchOpenDialogs":true,"interaction":{"idSuffix":"CbBg"}},"wdio_ui5_key":"applicationmanagehandovers-display-component---AddNewHO--popup-sa"}]}
RESULT: {"script":"<script> [1562 bytes]","args":[{"selector":{"id":"application-managehandovers-display-component---AddNewHO--popup-sa","searchOpenDialogs":true,"interaction":{"idSuffix":"CbBg"}},"wdio_ui5_key":"applicationmanagehandovers-display-component---AddNewHO--popup-sa"}]}
RESULT: undefined
COMMAND: POST /session/73a4fd280a32fd38d4d0602b1d656d13/element - {"using":"xpath","value":"//*[@id=\"application-managehandovers-display-component---AddNewHO--popup-sa\"]"}
RESULT: {"using":"xpath","value":"//*[@id=\"application-managehandovers-display-component---AddNewHO--popup-sa\"]"}
COMMAND: POST /session/73a4fd280a32fd38d4d0602b1d656d13/element/f.8A8223F9DEA97DA973980CAD3BB2ACE0.d.E0FF4058171B0577D398BE5F3B4D088A.e.24185/click - {}
RESULT: {}
COMMAND: GET /session/73a4fd280a32fd38d4d0602b1d656d13/screenshot - {}
RESULT: {}
COMMAND: POST /session/73a4fd280a32fd38d4d0602b1d656d13/element - {"using":"xpath","value":"//bdi[contains(text(), \"Select\")]"}
RESULT: {"using":"xpath","value":"//bdi[contains(text(), \"Select\")]"}
COMMAND: POST /session/73a4fd280a32fd38d4d0602b1d656d13/element/f.8A8223F9DEA97DA973980CAD3BB2ACE0.d.E0FF4058171B0577D398BE5F3B4D088A.e.24186/click - {}
RESULT: {}
COMMAND: GET /session/73a4fd280a32fd38d4d0602b1d656d13/screenshot - {}
RESULT: {}
COMMAND: POST /session/73a4fd280a32fd38d4d0602b1d656d13/element - {"using":"xpath","value":"//button[@data-kt=\"AddNewHOSaveButton\"]"}
RESULT: {"using":"xpath","value":"//button[@data-kt=\"AddNewHOSaveButton\"]"}
COMMAND: POST /session/73a4fd280a32fd38d4d0602b1d656d13/element/f.8A8223F9DEA97DA973980CAD3BB2ACE0.d.E0FF4058171B0577D398BE5F3B4D088A.e.24190/click - {}
RESULT: {}
COMMAND: GET /session/73a4fd280a32fd38d4d0602b1d656d13/screenshot - {}
RESULT: {}
COMMAND: POST /session/73a4fd280a32fd38d4d0602b1d656d13/execute/async - {"script":"<script> [1562 bytes]","args":[{"selector":{"id":"receiptDatePicker","viewName":"etm.portal.ui.managehandovers.view.DetailExecuteHO","interaction":{"idSuffix":"inner"}},"wdio_ui5_key":"receiptDatePickeretmportal.ui.managehandovers.view.DetailExecuteHO"}]}
RESULT: {"script":"<script> [1562 bytes]","args":[{"selector":{"id":"receiptDatePicker","viewName":"etm.portal.ui.managehandovers.view.DetailExecuteHO","interaction":{"idSuffix":"inner"}},"wdio_ui5_key":"receiptDatePickeretmportal.ui.managehandovers.view.DetailExecuteHO"}]}
RESULT: undefined
COMMAND: POST /session/73a4fd280a32fd38d4d0602b1d656d13/execute/async - {"script":"<script> [6424 bytes]","args":[{"element-6066-11e4-a52e-4f735466cecf":"f.8A8223F9DEA97DA973980CAD3BB2ACE0.d.E0FF4058171B0577D398BE5F3B4D088A.e.24209"},"setValue",["5/15/25"]]}
RESULT: {"script":"<script> [6424 bytes]","args":[{"element-6066-11e4-a52e-4f735466cecf":"f.8A8223F9DEA97DA973980CAD3BB2ACE0.d.E0FF4058171B0577D398BE5F3B4D088A.e.24209"},"setValue",["5/15/25"]]}
COMMAND: POST /session/73a4fd280a32fd38d4d0602b1d656d13/element - {"using":"xpath","value":"//button[@data-kt=\"PickingTableConfirmAllButton\"]"}
RESULT: {"using":"xpath","value":"//button[@data-kt=\"PickingTableConfirmAllButton\"]"}
COMMAND: POST /session/73a4fd280a32fd38d4d0602b1d656d13/element/f.8A8223F9DEA97DA973980CAD3BB2ACE0.d.E0FF4058171B0577D398BE5F3B4D088A.e.24224/click - {}
RESULT: {}
COMMAND: GET /session/73a4fd280a32fd38d4d0602b1d656d13/screenshot - {}
RESULT: {}
COMMAND: POST /session/73a4fd280a32fd38d4d0602b1d656d13/element - {"using":"xpath","value":"//bdi[contains(text(), \"OK\")]"}
RESULT: {"using":"xpath","value":"//bdi[contains(text(), \"OK\")]"}
COMMAND: POST /session/73a4fd280a32fd38d4d0602b1d656d13/element/f.8A8223F9DEA97DA973980CAD3BB2ACE0.d.E0FF4058171B0577D398BE5F3B4D088A.e.24226/click - {}
RESULT: {}
COMMAND: GET /session/73a4fd280a32fd38d4d0602b1d656d13/screenshot - {}
RESULT: {}
COMMAND: POST /session/73a4fd280a32fd38d4d0602b1d656d13/element - {"using":"xpath","value":"(//bdi[contains(text(), \"Receive\")])[2]"}
RESULT: {"using":"xpath","value":"(//bdi[contains(text(), \"Receive\")])[2]"}
COMMAND: POST /session/73a4fd280a32fd38d4d0602b1d656d13/element/f.8A8223F9DEA97DA973980CAD3BB2ACE0.d.E0FF4058171B0577D398BE5F3B4D088A.e.24228/click - {}
RESULT: {}
COMMAND: GET /session/73a4fd280a32fd38d4d0602b1d656d13/screenshot - {}
RESULT: {}
COMMAND: POST /session/73a4fd280a32fd38d4d0602b1d656d13/element - {"using":"css selector","value":"#shell-header-logo"}
RESULT: {"using":"css selector","value":"#shell-header-logo"}
COMMAND: POST /session/73a4fd280a32fd38d4d0602b1d656d13/element/f.8A8223F9DEA97DA973980CAD3BB2ACE0.d.E0FF4058171B0577D398BE5F3B4D088A.e.23612/click - {}
RESULT: {}
COMMAND: GET /session/73a4fd280a32fd38d4d0602b1d656d13/screenshot - {}
RESULT: {}
]]></system-out>
    </testcase>
  </testsuite>
</testsuites>