<?xml version="1.0" encoding="UTF-8"?>
<testsuites tests="12" failures="2" errors="2" skipped="0">
  <testsuite timestamp="2025-05-31T16:36:28" time="576.714" tests="5" failures="0" errors="0" skipped="0">
    <properties>
      <property name="specId" value="0"/>
      <property name="suiteName" value="Warehouse movements inventory test"/>
      <property name="capabilities" value="chrome.136_0_7103_93.windows"/>
      <property name="file" value="file:///D:/a/1/s/test/specs/HTR/smoke-warehouse-movements-inventory.js"/>
    </properties>
    <testcase classname="chrome.136_0_7103_93.windows.Warehouse_movements_inventory_test" name="Should create a new WHM yard" time="146.419">
      <system-out><![CDATA[
COMMAND: POST /session/f524b757760d5c60bd583e9ee049f297/execute/async - {"script":"<script> [1562 bytes]","args":[{"selector":{"controlType":"sap.m.GenericTile","properties":{"header":"Manage Yards"}},"wdio_ui5_key":"sapm.GenericTile{\"header\":\"Manage Yards\"}"}]}
RESULT: {"script":"<script> [1562 bytes]","args":[{"selector":{"controlType":"sap.m.GenericTile","properties":{"header":"Manage Yards"}},"wdio_ui5_key":"sapm.GenericTile{\"header\":\"Manage Yards\"}"}]}
RESULT: undefined
COMMAND: POST /session/f524b757760d5c60bd583e9ee049f297/element - {"using":"xpath","value":"//*[@id=\"__tile41\"]"}
RESULT: {"using":"xpath","value":"//*[@id=\"__tile41\"]"}
COMMAND: POST /session/f524b757760d5c60bd583e9ee049f297/element/f.21BCA9660A1D2E3CF9A692D178FDB716.d.7EFE4992491CECC3300C04F18BB4E4CF.e.129/click - {}
RESULT: {}
COMMAND: GET /session/f524b757760d5c60bd583e9ee049f297/screenshot - {}
RESULT: {}
COMMAND: POST /session/f524b757760d5c60bd583e9ee049f297/elements - {"using":"xpath","value":"//span[text()='Error']"}
RESULT: {"using":"xpath","value":"//span[text()='Error']"}
COMMAND: POST /session/f524b757760d5c60bd583e9ee049f297/execute/async - {"script":"<script> [1562 bytes]","args":[{"selector":{"controlType":"sap.ui.core.Icon","viewName":"etm.portal.ui.manageyards.view.Master","viewId":"application-manageyards-display-component---masterYard","properties":{"src":{"regex":{"source":"add"}}}},"wdio_ui5_key":"etmportal.ui.manageyards.view.Mastersap.ui.core.Icon{\"src\":{\"regex\":{\"source\":\"add\"}}}"}]}
RESULT: {"script":"<script> [1562 bytes]","args":[{"selector":{"controlType":"sap.ui.core.Icon","viewName":"etm.portal.ui.manageyards.view.Master","viewId":"application-manageyards-display-component---masterYard","properties":{"src":{"regex":{"source":"add"}}}},"wdio_ui5_key":"etmportal.ui.manageyards.view.Mastersap.ui.core.Icon{\"src\":{\"regex\":{\"source\":\"add\"}}}"}]}
RESULT: undefined
COMMAND: POST /session/f524b757760d5c60bd583e9ee049f297/element - {"using":"xpath","value":"//*[@id=\"__button4-img\"]"}
RESULT: {"using":"xpath","value":"//*[@id=\"__button4-img\"]"}
COMMAND: POST /session/f524b757760d5c60bd583e9ee049f297/element/f.21BCA9660A1D2E3CF9A692D178FDB716.d.7EFE4992491CECC3300C04F18BB4E4CF.e.177/click - {}
RESULT: {}
COMMAND: GET /session/f524b757760d5c60bd583e9ee049f297/screenshot - {}
RESULT: {}
COMMAND: POST /session/f524b757760d5c60bd583e9ee049f297/execute/async - {"script":"<script> [1562 bytes]","args":[{"selector":{"id":"application-manageyards-display-component---NewYard--yardId","interaction":{"idSuffix":"inner"}},"wdio_ui5_key":"applicationmanageyards-display-component---NewYard--yardId"}]}
RESULT: {"script":"<script> [1562 bytes]","args":[{"selector":{"id":"application-manageyards-display-component---NewYard--yardId","interaction":{"idSuffix":"inner"}},"wdio_ui5_key":"applicationmanageyards-display-component---NewYard--yardId"}]}
RESULT: undefined
COMMAND: POST /session/f524b757760d5c60bd583e9ee049f297/element - {"using":"xpath","value":"//*[@id=\"application-manageyards-display-component---NewYard--addressDetailDetailsName1-inner\"]"}
RESULT: {"using":"xpath","value":"//*[@id=\"application-manageyards-display-component---NewYard--addressDetailDetailsName1-inner\"]"}
COMMAND: POST /session/f524b757760d5c60bd583e9ee049f297/element/f.21BCA9660A1D2E3CF9A692D178FDB716.d.7EFE4992491CECC3300C04F18BB4E4CF.e.390/clear - {}
RESULT: {}
COMMAND: POST /session/f524b757760d5c60bd583e9ee049f297/element/f.21BCA9660A1D2E3CF9A692D178FDB716.d.7EFE4992491CECC3300C04F18BB4E4CF.e.390/value - {"text":"WebdriverWHMYardm79n5"}
COMMAND: GET /session/f524b757760d5c60bd583e9ee049f297/screenshot - {}
RESULT: {"text":"WebdriverWHMYardm79n5"}
COMMAND: POST /session/f524b757760d5c60bd583e9ee049f297/element - {"using":"xpath","value":"//*[@id=\"application-manageyards-display-component---NewYard--addressDetailDetailsLanguage-inner\"]"}
COMMAND: GET /session/f524b757760d5c60bd583e9ee049f297/screenshot - {}
RESULT: {}
RESULT: {"using":"xpath","value":"//*[@id=\"application-manageyards-display-component---NewYard--addressDetailDetailsLanguage-inner\"]"}
COMMAND: POST /session/f524b757760d5c60bd583e9ee049f297/element/f.21BCA9660A1D2E3CF9A692D178FDB716.d.7EFE4992491CECC3300C04F18BB4E4CF.e.391/clear - {}
RESULT: {}
RESULT: {}
COMMAND: POST /session/f524b757760d5c60bd583e9ee049f297/element/f.21BCA9660A1D2E3CF9A692D178FDB716.d.7EFE4992491CECC3300C04F18BB4E4CF.e.391/value - {"text":"Romanian"}
COMMAND: GET /session/f524b757760d5c60bd583e9ee049f297/screenshot - {}
RESULT: {"text":"Romanian"}
COMMAND: POST /session/f524b757760d5c60bd583e9ee049f297/element - {"using":"xpath","value":"//input[contains(@id ,\"application-manageyards-display-component---NewYard--addressDetailDetailsName1-inner\")]"}
COMMAND: GET /session/f524b757760d5c60bd583e9ee049f297/screenshot - {}
RESULT: {}
RESULT: {"using":"xpath","value":"//input[contains(@id ,\"application-manageyards-display-component---NewYard--addressDetailDetailsName1-inner\")]"}
COMMAND: GET /session/f524b757760d5c60bd583e9ee049f297/element/f.21BCA9660A1D2E3CF9A692D178FDB716.d.7EFE4992491CECC3300C04F18BB4E4CF.e.390/property/value - {}
RESULT: {}
RESULT: {}
COMMAND: GET /session/f524b757760d5c60bd583e9ee049f297/screenshot - {}
RESULT: {}
COMMAND: POST /session/f524b757760d5c60bd583e9ee049f297/element - {"using":"xpath","value":"//*[@id=\"application-manageyards-display-component---NewYard--addressDetailDetailsCity1-inner\"]"}
RESULT: {"using":"xpath","value":"//*[@id=\"application-manageyards-display-component---NewYard--addressDetailDetailsCity1-inner\"]"}
COMMAND: POST /session/f524b757760d5c60bd583e9ee049f297/element/f.21BCA9660A1D2E3CF9A692D178FDB716.d.7EFE4992491CECC3300C04F18BB4E4CF.e.393/clear - {}
RESULT: {}
COMMAND: POST /session/f524b757760d5c60bd583e9ee049f297/element/f.21BCA9660A1D2E3CF9A692D178FDB716.d.7EFE4992491CECC3300C04F18BB4E4CF.e.393/value - {"text":"Bucuresti"}
COMMAND: GET /session/f524b757760d5c60bd583e9ee049f297/screenshot - {}
RESULT: {"text":"Bucuresti"}
COMMAND: GET /session/f524b757760d5c60bd583e9ee049f297/screenshot - {}
RESULT: {}
RESULT: {}
COMMAND: POST /session/f524b757760d5c60bd583e9ee049f297/element - {"using":"xpath","value":"//*[@id=\"application-manageyards-display-component---NewYard--addressDetailDetailsCountry-inner\"]"}
RESULT: {"using":"xpath","value":"//*[@id=\"application-manageyards-display-component---NewYard--addressDetailDetailsCountry-inner\"]"}
COMMAND: POST /session/f524b757760d5c60bd583e9ee049f297/element/f.21BCA9660A1D2E3CF9A692D178FDB716.d.7EFE4992491CECC3300C04F18BB4E4CF.e.397/clear - {}
RESULT: {}
COMMAND: POST /session/f524b757760d5c60bd583e9ee049f297/element/f.21BCA9660A1D2E3CF9A692D178FDB716.d.7EFE4992491CECC3300C04F18BB4E4CF.e.397/value - {"text":"Romania"}
COMMAND: GET /session/f524b757760d5c60bd583e9ee049f297/screenshot - {}
RESULT: {"text":"Romania"}
COMMAND: GET /session/f524b757760d5c60bd583e9ee049f297/screenshot - {}
RESULT: {}
RESULT: {}
COMMAND: POST /session/f524b757760d5c60bd583e9ee049f297/execute/async - {"script":"<script> [1562 bytes]","args":[{"selector":{"controlType":"sap.m.Button","viewName":"etm.portal.ui.manageyards.view.New","viewId":"application-manageyards-display-component---NewYard","properties":{"text":"Commercial"},"interaction":{"idSuffix":"BDI-content"}},"wdio_ui5_key":"etmportal.ui.manageyards.view.Newsap.m.Button{\"text\":\"Commercial\"}"}]}
RESULT: {"script":"<script> [1562 bytes]","args":[{"selector":{"controlType":"sap.m.Button","viewName":"etm.portal.ui.manageyards.view.New","viewId":"application-manageyards-display-component---NewYard","properties":{"text":"Commercial"},"interaction":{"idSuffix":"BDI-content"}},"wdio_ui5_key":"etmportal.ui.manageyards.view.Newsap.m.Button{\"text\":\"Commercial\"}"}]}
RESULT: undefined
COMMAND: POST /session/f524b757760d5c60bd583e9ee049f297/element - {"using":"xpath","value":"//*[@id=\"application-manageyards-display-component---NewYard--ObjectPageLayout-anchBar-__section5-anchor\"]"}
RESULT: {"using":"xpath","value":"//*[@id=\"application-manageyards-display-component---NewYard--ObjectPageLayout-anchBar-__section5-anchor\"]"}
COMMAND: POST /session/f524b757760d5c60bd583e9ee049f297/element/f.21BCA9660A1D2E3CF9A692D178FDB716.d.7EFE4992491CECC3300C04F18BB4E4CF.e.585/click - {}
RESULT: {}
COMMAND: GET /session/f524b757760d5c60bd583e9ee049f297/screenshot - {}
RESULT: {}
COMMAND: POST /session/f524b757760d5c60bd583e9ee049f297/element - {"using":"xpath","value":"//div[contains(text(), \"Commercial\")]"}
RESULT: {"using":"xpath","value":"//div[contains(text(), \"Commercial\")]"}
COMMAND: GET /session/f524b757760d5c60bd583e9ee049f297/element/f.21BCA9660A1D2E3CF9A692D178FDB716.d.7EFE4992491CECC3300C04F18BB4E4CF.e.596/rect - {}
RESULT: {}
COMMAND: GET /session/f524b757760d5c60bd583e9ee049f297/window/rect - {}
RESULT: {}
COMMAND: POST /session/f524b757760d5c60bd583e9ee049f297/execute/sync - {"script":"<script> [92 bytes]","args":[]}
RESULT: {"script":"<script> [92 bytes]","args":[]}
COMMAND: POST /session/f524b757760d5c60bd583e9ee049f297/actions - {"actions":[{"id":"action1","type":"wheel","parameters":{},"actions":[{"type":"scroll","x":-1841,"y":-44,"deltaX":0,"deltaY":0,"duration":0,"origin":{"element-6066-11e4-a52e-4f735466cecf":"f.21BCA9660A1D2E3CF9A692D178FDB716.d.7EFE4992491CECC3300C04F18BB4E4CF.e.596"}}]}]}
COMMAND: GET /session/f524b757760d5c60bd583e9ee049f297/screenshot - {}
RESULT: {}
COMMAND: POST /session/f524b757760d5c60bd583e9ee049f297/execute/sync - {"script":"<script> [79 bytes]","args":[{"element-6066-11e4-a52e-4f735466cecf":"f.21BCA9660A1D2E3CF9A692D178FDB716.d.7EFE4992491CECC3300C04F18BB4E4CF.e.596","ELEMENT":"f.21BCA9660A1D2E3CF9A692D178FDB716.d.7EFE4992491CECC3300C04F18BB4E4CF.e.596"},{"block":"start","inline":"nearest"}]}
RESULT: {"script":"<script> [79 bytes]","args":[{"element-6066-11e4-a52e-4f735466cecf":"f.21BCA9660A1D2E3CF9A692D178FDB716.d.7EFE4992491CECC3300C04F18BB4E4CF.e.596","ELEMENT":"f.21BCA9660A1D2E3CF9A692D178FDB716.d.7EFE4992491CECC3300C04F18BB4E4CF.e.596"},{"block":"start","inline":"nearest"}]}
COMMAND: GET /session/f524b757760d5c60bd583e9ee049f297/screenshot - {}
RESULT: {}
COMMAND: POST /session/f524b757760d5c60bd583e9ee049f297/execute/async - {"script":"<script> [1562 bytes]","args":[{"selector":{"id":"application-manageyards-display-component---NewYard--addressEditDetailsCostObjectCstType-arrow"},"wdio_ui5_key":"applicationmanageyards-display-component---NewYard--addressEditDetailsCostObjectCstType-arrow"}]}
RESULT: {"script":"<script> [1562 bytes]","args":[{"selector":{"id":"application-manageyards-display-component---NewYard--addressEditDetailsCostObjectCstType-arrow"},"wdio_ui5_key":"applicationmanageyards-display-component---NewYard--addressEditDetailsCostObjectCstType-arrow"}]}
RESULT: undefined
COMMAND: POST /session/f524b757760d5c60bd583e9ee049f297/element - {"using":"xpath","value":"//*[@id=\"application-manageyards-display-component---NewYard--addressEditDetailsCostObjectCstType-arrow\"]"}
RESULT: {"using":"xpath","value":"//*[@id=\"application-manageyards-display-component---NewYard--addressEditDetailsCostObjectCstType-arrow\"]"}
COMMAND: POST /session/f524b757760d5c60bd583e9ee049f297/element/f.21BCA9660A1D2E3CF9A692D178FDB716.d.7EFE4992491CECC3300C04F18BB4E4CF.e.597/click - {}
RESULT: {}
COMMAND: POST /session/f524b757760d5c60bd583e9ee049f297/element - {"using":"xpath","value":"//span[contains(text(), \"Cost Center\")]"}
COMMAND: GET /session/f524b757760d5c60bd583e9ee049f297/screenshot - {}
RESULT: {"using":"xpath","value":"//span[contains(text(), \"Cost Center\")]"}
COMMAND: POST /session/f524b757760d5c60bd583e9ee049f297/element/f.21BCA9660A1D2E3CF9A692D178FDB716.d.7EFE4992491CECC3300C04F18BB4E4CF.e.598/click - {}
RESULT: {}
RESULT: {}
COMMAND: GET /session/f524b757760d5c60bd583e9ee049f297/screenshot - {}
RESULT: {}
COMMAND: POST /session/f524b757760d5c60bd583e9ee049f297/execute/async - {"script":"<script> [1562 bytes]","args":[{"selector":{"id":"application-manageyards-display-component---NewYard--addressNewCostObjectCstID-vhi"},"wdio_ui5_key":"applicationmanageyards-display-component---NewYard--addressNewCostObjectCstID-vhi"}]}
RESULT: {"script":"<script> [1562 bytes]","args":[{"selector":{"id":"application-manageyards-display-component---NewYard--addressNewCostObjectCstID-vhi"},"wdio_ui5_key":"applicationmanageyards-display-component---NewYard--addressNewCostObjectCstID-vhi"}]}
RESULT: undefined
COMMAND: POST /session/f524b757760d5c60bd583e9ee049f297/element - {"using":"xpath","value":"//*[@id=\"application-manageyards-display-component---NewYard--addressNewCostObjectCstID-vhi\"]"}
RESULT: {"using":"xpath","value":"//*[@id=\"application-manageyards-display-component---NewYard--addressNewCostObjectCstID-vhi\"]"}
COMMAND: POST /session/f524b757760d5c60bd583e9ee049f297/element/f.21BCA9660A1D2E3CF9A692D178FDB716.d.7EFE4992491CECC3300C04F18BB4E4CF.e.602/click - {}
RESULT: {}
COMMAND: GET /session/f524b757760d5c60bd583e9ee049f297/screenshot - {}
RESULT: {}
COMMAND: POST /session/f524b757760d5c60bd583e9ee049f297/execute/async - {"script":"<script> [1562 bytes]","args":[{"selector":{"controlType":"sap.m.SearchField","properties":{"placeholder":"Search"},"searchOpenDialogs":true,"interaction":{"idSuffix":"I"}},"wdio_ui5_key":"sapm.SearchField{\"placeholder\":\"Search\"}"}]}
RESULT: {"script":"<script> [1562 bytes]","args":[{"selector":{"controlType":"sap.m.SearchField","properties":{"placeholder":"Search"},"searchOpenDialogs":true,"interaction":{"idSuffix":"I"}},"wdio_ui5_key":"sapm.SearchField{\"placeholder\":\"Search\"}"}]}
RESULT: undefined
COMMAND: POST /session/f524b757760d5c60bd583e9ee049f297/execute/async - {"script":"<script> [776 bytes]","args":[{"enterText":"10001013","selector":{"controlType":"sap.m.SearchField","properties":{"placeholder":"Search"},"searchOpenDialogs":true,"interaction":{"idSuffix":"I"}},"clearTextFirst":true,"interactionType":"ENTER_TEXT"}]}
RESULT: {"script":"<script> [776 bytes]","args":[{"enterText":"10001013","selector":{"controlType":"sap.m.SearchField","properties":{"placeholder":"Search"},"searchOpenDialogs":true,"interaction":{"idSuffix":"I"}},"clearTextFirst":true,"interactionType":"ENTER_TEXT"}]}
COMMAND: POST /session/f524b757760d5c60bd583e9ee049f297/actions - {"actions":[{"id":"action2","type":"key","parameters":{},"actions":[{"type":"keyDown","value":""},{"type":"pause","duration":10},{"type":"keyUp","value":""}]}]}
RESULT: {"actions":[{"id":"action2","type":"key","parameters":{},"actions":[{"type":"keyDown","value":""},{"type":"pause","duration":10},{"type":"keyUp","value":""}]}]}
COMMAND: GET /session/f524b757760d5c60bd583e9ee049f297/screenshot - {}
RESULT: {}
COMMAND: POST /session/f524b757760d5c60bd583e9ee049f297/element - {"using":"xpath","value":"//span[contains(text(), \"General Management\")]"}
RESULT: {"using":"xpath","value":"//span[contains(text(), \"General Management\")]"}
COMMAND: POST /session/f524b757760d5c60bd583e9ee049f297/element/f.21BCA9660A1D2E3CF9A692D178FDB716.d.7EFE4992491CECC3300C04F18BB4E4CF.e.642/click - {}
RESULT: {}
COMMAND: GET /session/f524b757760d5c60bd583e9ee049f297/screenshot - {}
RESULT: {}
COMMAND: POST /session/f524b757760d5c60bd583e9ee049f297/element - {"using":"xpath","value":"//bdi[contains(text(), \"OK\")]"}
RESULT: {"using":"xpath","value":"//bdi[contains(text(), \"OK\")]"}
COMMAND: POST /session/f524b757760d5c60bd583e9ee049f297/element/f.21BCA9660A1D2E3CF9A692D178FDB716.d.7EFE4992491CECC3300C04F18BB4E4CF.e.643/click - {}
RESULT: {}
COMMAND: GET /session/f524b757760d5c60bd583e9ee049f297/screenshot - {}
RESULT: {}
COMMAND: POST /session/f524b757760d5c60bd583e9ee049f297/execute/async - {"script":"<script> [1562 bytes]","args":[{"selector":{"id":"application-manageyards-display-component---NewYard--addressEditDetailsCurrency","interaction":{"idSuffix":"inner"}},"wdio_ui5_key":"applicationmanageyards-display-component---NewYard--addressEditDetailsCurrency"}]}
RESULT: {"script":"<script> [1562 bytes]","args":[{"selector":{"id":"application-manageyards-display-component---NewYard--addressEditDetailsCurrency","interaction":{"idSuffix":"inner"}},"wdio_ui5_key":"applicationmanageyards-display-component---NewYard--addressEditDetailsCurrency"}]}
RESULT: undefined
COMMAND: POST /session/f524b757760d5c60bd583e9ee049f297/execute/async - {"script":"<script> [776 bytes]","args":[{"enterText":"Euro","selector":{"id":"application-manageyards-display-component---NewYard--addressEditDetailsCurrency","interaction":{"idSuffix":"inner"}},"clearTextFirst":true,"interactionType":"ENTER_TEXT"}]}
RESULT: {"script":"<script> [776 bytes]","args":[{"enterText":"Euro","selector":{"id":"application-manageyards-display-component---NewYard--addressEditDetailsCurrency","interaction":{"idSuffix":"inner"}},"clearTextFirst":true,"interactionType":"ENTER_TEXT"}]}
COMMAND: POST /session/f524b757760d5c60bd583e9ee049f297/execute/async - {"script":"<script> [1562 bytes]","args":[{"selector":{"controlType":"sap.m.Input","viewName":"etm.portal.ui.manageyards.view.New","viewId":"application-manageyards-display-component---NewYard","bindingPath":{"path":"","propertyPath":"/CONTROLLING_AREA","modelName":"NewYardModel"},"interaction":{"idSuffix":"inner"}},"wdio_ui5_key":"etmportal.ui.manageyards.view.Newsap.m.Input{\"path\":\"\",\"propertyPath\":\"/CONTROLLING_AREA\",\"modelName\":\"NewYardModel\"}"}]}
RESULT: {"script":"<script> [1562 bytes]","args":[{"selector":{"controlType":"sap.m.Input","viewName":"etm.portal.ui.manageyards.view.New","viewId":"application-manageyards-display-component---NewYard","bindingPath":{"path":"","propertyPath":"/CONTROLLING_AREA","modelName":"NewYardModel"},"interaction":{"idSuffix":"inner"}},"wdio_ui5_key":"etmportal.ui.manageyards.view.Newsap.m.Input{\"path\":\"\",\"propertyPath\":\"/CONTROLLING_AREA\",\"modelName\":\"NewYardModel\"}"}]}
RESULT: undefined
COMMAND: POST /session/f524b757760d5c60bd583e9ee049f297/execute/async - {"script":"<script> [776 bytes]","args":[{"enterText":"Z001","selector":{"controlType":"sap.m.Input","viewName":"etm.portal.ui.manageyards.view.New","viewId":"application-manageyards-display-component---NewYard","bindingPath":{"path":"","propertyPath":"/CONTROLLING_AREA","modelName":"NewYardModel"},"interaction":{"idSuffix":"inner"}},"clearTextFirst":true,"interactionType":"ENTER_TEXT"}]}
RESULT: {"script":"<script> [776 bytes]","args":[{"enterText":"Z001","selector":{"controlType":"sap.m.Input","viewName":"etm.portal.ui.manageyards.view.New","viewId":"application-manageyards-display-component---NewYard","bindingPath":{"path":"","propertyPath":"/CONTROLLING_AREA","modelName":"NewYardModel"},"interaction":{"idSuffix":"inner"}},"clearTextFirst":true,"interactionType":"ENTER_TEXT"}]}
COMMAND: POST /session/f524b757760d5c60bd583e9ee049f297/execute/async - {"script":"<script> [1562 bytes]","args":[{"selector":{"id":"application-manageyards-display-component---NewYard--companyCodeComboBox","interaction":{"idSuffix":"inner"}},"wdio_ui5_key":"applicationmanageyards-display-component---NewYard--companyCodeComboBox"}]}
RESULT: {"script":"<script> [1562 bytes]","args":[{"selector":{"id":"application-manageyards-display-component---NewYard--companyCodeComboBox","interaction":{"idSuffix":"inner"}},"wdio_ui5_key":"applicationmanageyards-display-component---NewYard--companyCodeComboBox"}]}
RESULT: undefined
COMMAND: POST /session/f524b757760d5c60bd583e9ee049f297/execute/async - {"script":"<script> [776 bytes]","args":[{"enterText":"1000","selector":{"id":"application-manageyards-display-component---NewYard--companyCodeComboBox","interaction":{"idSuffix":"inner"}},"clearTextFirst":true,"interactionType":"ENTER_TEXT"}]}
RESULT: {"script":"<script> [776 bytes]","args":[{"enterText":"1000","selector":{"id":"application-manageyards-display-component---NewYard--companyCodeComboBox","interaction":{"idSuffix":"inner"}},"clearTextFirst":true,"interactionType":"ENTER_TEXT"}]}
COMMAND: POST /session/f524b757760d5c60bd583e9ee049f297/actions - {"actions":[{"id":"action3","type":"key","parameters":{},"actions":[{"type":"keyDown","value":""},{"type":"pause","duration":10},{"type":"keyUp","value":""}]}]}
RESULT: {"actions":[{"id":"action3","type":"key","parameters":{},"actions":[{"type":"keyDown","value":""},{"type":"pause","duration":10},{"type":"keyUp","value":""}]}]}
COMMAND: POST /session/f524b757760d5c60bd583e9ee049f297/execute/async - {"script":"<script> [1562 bytes]","args":[{"selector":{"controlType":"sap.m.Input","viewName":"etm.portal.ui.manageyards.view.New","viewId":"application-manageyards-display-component---NewYard","bindingPath":{"path":"","propertyPath":"/PLANT","modelName":"NewYardModel"},"interaction":{"idSuffix":"inner"}},"wdio_ui5_key":"etmportal.ui.manageyards.view.Newsap.m.Input{\"path\":\"\",\"propertyPath\":\"/PLANT\",\"modelName\":\"NewYardModel\"}"}]}
COMMAND: GET /session/f524b757760d5c60bd583e9ee049f297/screenshot - {}
RESULT: {"script":"<script> [1562 bytes]","args":[{"selector":{"controlType":"sap.m.Input","viewName":"etm.portal.ui.manageyards.view.New","viewId":"application-manageyards-display-component---NewYard","bindingPath":{"path":"","propertyPath":"/PLANT","modelName":"NewYardModel"},"interaction":{"idSuffix":"inner"}},"wdio_ui5_key":"etmportal.ui.manageyards.view.Newsap.m.Input{\"path\":\"\",\"propertyPath\":\"/PLANT\",\"modelName\":\"NewYardModel\"}"}]}
RESULT: undefined
COMMAND: POST /session/f524b757760d5c60bd583e9ee049f297/execute/async - {"script":"<script> [776 bytes]","args":[{"enterText":"1001","selector":{"controlType":"sap.m.Input","viewName":"etm.portal.ui.manageyards.view.New","viewId":"application-manageyards-display-component---NewYard","bindingPath":{"path":"","propertyPath":"/PLANT","modelName":"NewYardModel"},"interaction":{"idSuffix":"inner"}},"clearTextFirst":true,"interactionType":"ENTER_TEXT"}]}
RESULT: {}
RESULT: {"script":"<script> [776 bytes]","args":[{"enterText":"1001","selector":{"controlType":"sap.m.Input","viewName":"etm.portal.ui.manageyards.view.New","viewId":"application-manageyards-display-component---NewYard","bindingPath":{"path":"","propertyPath":"/PLANT","modelName":"NewYardModel"},"interaction":{"idSuffix":"inner"}},"clearTextFirst":true,"interactionType":"ENTER_TEXT"}]}
COMMAND: POST /session/f524b757760d5c60bd583e9ee049f297/execute/async - {"script":"<script> [1562 bytes]","args":[{"selector":{"controlType":"sap.m.Input","viewName":"etm.portal.ui.manageyards.view.New","viewId":"application-manageyards-display-component---NewYard","bindingPath":{"path":"","propertyPath":"/SALES_AREA_VKORG","modelName":"NewYardModel"},"interaction":{"idSuffix":"inner"}},"wdio_ui5_key":"etmportal.ui.manageyards.view.Newsap.m.Input{\"path\":\"\",\"propertyPath\":\"/SALES_AREA_VKORG\",\"modelName\":\"NewYardModel\"}"}]}
RESULT: {"script":"<script> [1562 bytes]","args":[{"selector":{"controlType":"sap.m.Input","viewName":"etm.portal.ui.manageyards.view.New","viewId":"application-manageyards-display-component---NewYard","bindingPath":{"path":"","propertyPath":"/SALES_AREA_VKORG","modelName":"NewYardModel"},"interaction":{"idSuffix":"inner"}},"wdio_ui5_key":"etmportal.ui.manageyards.view.Newsap.m.Input{\"path\":\"\",\"propertyPath\":\"/SALES_AREA_VKORG\",\"modelName\":\"NewYardModel\"}"}]}
RESULT: undefined
COMMAND: POST /session/f524b757760d5c60bd583e9ee049f297/execute/async - {"script":"<script> [776 bytes]","args":[{"enterText":"C002","selector":{"controlType":"sap.m.Input","viewName":"etm.portal.ui.manageyards.view.New","viewId":"application-manageyards-display-component---NewYard","bindingPath":{"path":"","propertyPath":"/SALES_AREA_VKORG","modelName":"NewYardModel"},"interaction":{"idSuffix":"inner"}},"clearTextFirst":true,"interactionType":"ENTER_TEXT"}]}
RESULT: {"script":"<script> [776 bytes]","args":[{"enterText":"C002","selector":{"controlType":"sap.m.Input","viewName":"etm.portal.ui.manageyards.view.New","viewId":"application-manageyards-display-component---NewYard","bindingPath":{"path":"","propertyPath":"/SALES_AREA_VKORG","modelName":"NewYardModel"},"interaction":{"idSuffix":"inner"}},"clearTextFirst":true,"interactionType":"ENTER_TEXT"}]}
COMMAND: POST /session/f524b757760d5c60bd583e9ee049f297/execute/async - {"script":"<script> [1562 bytes]","args":[{"selector":{"controlType":"sap.m.Input","viewName":"etm.portal.ui.manageyards.view.New","viewId":"application-manageyards-display-component---NewYard","bindingPath":{"path":"","propertyPath":"/SALES_AREA_VTWEG","modelName":"NewYardModel"},"interaction":{"idSuffix":"inner"}},"wdio_ui5_key":"etmportal.ui.manageyards.view.Newsap.m.Input{\"path\":\"\",\"propertyPath\":\"/SALES_AREA_VTWEG\",\"modelName\":\"NewYardModel\"}"}]}
RESULT: {"script":"<script> [1562 bytes]","args":[{"selector":{"controlType":"sap.m.Input","viewName":"etm.portal.ui.manageyards.view.New","viewId":"application-manageyards-display-component---NewYard","bindingPath":{"path":"","propertyPath":"/SALES_AREA_VTWEG","modelName":"NewYardModel"},"interaction":{"idSuffix":"inner"}},"wdio_ui5_key":"etmportal.ui.manageyards.view.Newsap.m.Input{\"path\":\"\",\"propertyPath\":\"/SALES_AREA_VTWEG\",\"modelName\":\"NewYardModel\"}"}]}
RESULT: undefined
COMMAND: POST /session/f524b757760d5c60bd583e9ee049f297/execute/async - {"script":"<script> [776 bytes]","args":[{"enterText":"C2","selector":{"controlType":"sap.m.Input","viewName":"etm.portal.ui.manageyards.view.New","viewId":"application-manageyards-display-component---NewYard","bindingPath":{"path":"","propertyPath":"/SALES_AREA_VTWEG","modelName":"NewYardModel"},"interaction":{"idSuffix":"inner"}},"clearTextFirst":true,"interactionType":"ENTER_TEXT"}]}
RESULT: {"script":"<script> [776 bytes]","args":[{"enterText":"C2","selector":{"controlType":"sap.m.Input","viewName":"etm.portal.ui.manageyards.view.New","viewId":"application-manageyards-display-component---NewYard","bindingPath":{"path":"","propertyPath":"/SALES_AREA_VTWEG","modelName":"NewYardModel"},"interaction":{"idSuffix":"inner"}},"clearTextFirst":true,"interactionType":"ENTER_TEXT"}]}
COMMAND: POST /session/f524b757760d5c60bd583e9ee049f297/execute/async - {"script":"<script> [1562 bytes]","args":[{"selector":{"controlType":"sap.m.Input","viewName":"etm.portal.ui.manageyards.view.New","viewId":"application-manageyards-display-component---NewYard","bindingPath":{"path":"","propertyPath":"/SALES_AREA_SPART","modelName":"NewYardModel"},"interaction":{"idSuffix":"inner"}},"wdio_ui5_key":"etmportal.ui.manageyards.view.Newsap.m.Input{\"path\":\"\",\"propertyPath\":\"/SALES_AREA_SPART\",\"modelName\":\"NewYardModel\"}"}]}
RESULT: {"script":"<script> [1562 bytes]","args":[{"selector":{"controlType":"sap.m.Input","viewName":"etm.portal.ui.manageyards.view.New","viewId":"application-manageyards-display-component---NewYard","bindingPath":{"path":"","propertyPath":"/SALES_AREA_SPART","modelName":"NewYardModel"},"interaction":{"idSuffix":"inner"}},"wdio_ui5_key":"etmportal.ui.manageyards.view.Newsap.m.Input{\"path\":\"\",\"propertyPath\":\"/SALES_AREA_SPART\",\"modelName\":\"NewYardModel\"}"}]}
RESULT: undefined
COMMAND: POST /session/f524b757760d5c60bd583e9ee049f297/execute/async - {"script":"<script> [776 bytes]","args":[{"enterText":"C2","selector":{"controlType":"sap.m.Input","viewName":"etm.portal.ui.manageyards.view.New","viewId":"application-manageyards-display-component---NewYard","bindingPath":{"path":"","propertyPath":"/SALES_AREA_SPART","modelName":"NewYardModel"},"interaction":{"idSuffix":"inner"}},"clearTextFirst":true,"interactionType":"ENTER_TEXT"}]}
RESULT: {"script":"<script> [776 bytes]","args":[{"enterText":"C2","selector":{"controlType":"sap.m.Input","viewName":"etm.portal.ui.manageyards.view.New","viewId":"application-manageyards-display-component---NewYard","bindingPath":{"path":"","propertyPath":"/SALES_AREA_SPART","modelName":"NewYardModel"},"interaction":{"idSuffix":"inner"}},"clearTextFirst":true,"interactionType":"ENTER_TEXT"}]}
COMMAND: POST /session/f524b757760d5c60bd583e9ee049f297/execute/async - {"script":"<script> [1562 bytes]","args":[{"selector":{"id":"application-manageyards-display-component---NewYard--whmCheckBox","interaction":{"idSuffix":"CbBg"}},"wdio_ui5_key":"applicationmanageyards-display-component---NewYard--whmCheckBox"}]}
RESULT: {"script":"<script> [1562 bytes]","args":[{"selector":{"id":"application-manageyards-display-component---NewYard--whmCheckBox","interaction":{"idSuffix":"CbBg"}},"wdio_ui5_key":"applicationmanageyards-display-component---NewYard--whmCheckBox"}]}
RESULT: undefined
COMMAND: POST /session/f524b757760d5c60bd583e9ee049f297/element - {"using":"xpath","value":"//*[@id=\"application-manageyards-display-component---NewYard--whmCheckBox\"]"}
RESULT: {"using":"xpath","value":"//*[@id=\"application-manageyards-display-component---NewYard--whmCheckBox\"]"}
COMMAND: POST /session/f524b757760d5c60bd583e9ee049f297/element/f.21BCA9660A1D2E3CF9A692D178FDB716.d.7EFE4992491CECC3300C04F18BB4E4CF.e.654/click - {}
RESULT: {}
COMMAND: POST /session/f524b757760d5c60bd583e9ee049f297/execute/async - {"script":"<script> [1562 bytes]","args":[{"selector":{"controlType":"sap.m.Button","viewName":"etm.portal.ui.manageyards.view.New","viewId":"application-manageyards-display-component---NewYard","i18NText":{"propertyName":"text","key":"save"},"interaction":{"idSuffix":"inner"}},"wdio_ui5_key":"etmportal.ui.manageyards.view.Newsap.m.Button{\"propertyName\":\"text\",\"key\":\"save\"}"}]}
COMMAND: GET /session/f524b757760d5c60bd583e9ee049f297/screenshot - {}
RESULT: {"script":"<script> [1562 bytes]","args":[{"selector":{"controlType":"sap.m.Button","viewName":"etm.portal.ui.manageyards.view.New","viewId":"application-manageyards-display-component---NewYard","i18NText":{"propertyName":"text","key":"save"},"interaction":{"idSuffix":"inner"}},"wdio_ui5_key":"etmportal.ui.manageyards.view.Newsap.m.Button{\"propertyName\":\"text\",\"key\":\"save\"}"}]}
RESULT: undefined
COMMAND: POST /session/f524b757760d5c60bd583e9ee049f297/element - {"using":"xpath","value":"//*[@id=\"__button18\"]"}
RESULT: {}
RESULT: {"using":"xpath","value":"//*[@id=\"__button18\"]"}
COMMAND: POST /session/f524b757760d5c60bd583e9ee049f297/element/f.21BCA9660A1D2E3CF9A692D178FDB716.d.7EFE4992491CECC3300C04F18BB4E4CF.e.564/click - {}
RESULT: {}
COMMAND: GET /session/f524b757760d5c60bd583e9ee049f297/screenshot - {}
RESULT: {}
COMMAND: POST /session/f524b757760d5c60bd583e9ee049f297/element - {"using":"css selector","value":"#shell-header-logo"}
RESULT: {"using":"css selector","value":"#shell-header-logo"}
COMMAND: POST /session/f524b757760d5c60bd583e9ee049f297/element/f.21BCA9660A1D2E3CF9A692D178FDB716.d.7EFE4992491CECC3300C04F18BB4E4CF.e.132/click - {}
RESULT: {}
COMMAND: GET /session/f524b757760d5c60bd583e9ee049f297/screenshot - {}
RESULT: {}
COMMAND: POST /session/f524b757760d5c60bd583e9ee049f297/refresh - {}
RESULT: {}
COMMAND: GET /session/f524b757760d5c60bd583e9ee049f297/screenshot - {}
RESULT: {}
COMMAND: POST /session/f524b757760d5c60bd583e9ee049f297/execute/async - {"script":"<script> [189 bytes]","args":[]}
RESULT: {"script":"<script> [189 bytes]","args":[]}
COMMAND: POST /session/f524b757760d5c60bd583e9ee049f297/execute/async - {"script":"<script> [123 bytes]","args":[]}
RESULT: {"script":"<script> [123 bytes]","args":[]}
COMMAND: POST /session/f524b757760d5c60bd583e9ee049f297/timeouts - {"script":"<number>"}
RESULT: {"script":"<number>"}
COMMAND: GET /session/f524b757760d5c60bd583e9ee049f297/timeouts - {}
RESULT: {}
RESULT: undefined
COMMAND: POST /session/f524b757760d5c60bd583e9ee049f297/execute/async - {"script":"<script> [2676 bytes]","args":[]}
RESULT: {"script":"<script> [2676 bytes]","args":[]}
COMMAND: POST /session/f524b757760d5c60bd583e9ee049f297/execute/async - {"script":"<script> [2342 bytes]","args":[{"protocol":"http","hostname":"0.0.0.0","path":"/","capabilities":{"browserName":"chrome","goog:chromeOptions":{"binary":"C:\\Program Files\\Google\\Chrome\\Application\\chrome.exe","args":["--start-maximized"]}},"logLevel":"warn","connectionRetryTimeout":120000,"connectionRetryCount":3,"logLevels":{},"enableDirectConnect":true,"strictSSL":true,"_":"65 more keys: [\"cacheDir\",\"port\",\"requestedCapabilities\",\"automationProtocol\",\"baseUrl\",\"waitforInterval\",\"waitforTimeout\",\"onReload\",\"beforeCommand\",\"afterCommand\",\"rootDir\",\"specs\",\"suites\",\"exclude\",\"groupLogsByTestSpec\",\"excludeDriverLogs\",\"bail\",\"framework\",\"reporters\",\"services\",\"maxInstances\",\"maxInstancesPerCapability\",\"injectGlobals\",\"filesToWatch\",\"execArgv\",\"runnerEnv\",\"runner\",\"shard\",\"specFileRetries\",\"specFileRetriesDelay\",\"specFileRetriesDeferred\",\"reporterSyncInterval\",\"reporterSyncTimeout\",\"cucumberFeaturesWithLineNumbers\",\"autoCompileOpts\",\"mochaOpts\",\"jasmineOpts\",\"cucumberOpts\",\"onPrepare\",\"onWorkerStart\",\"onWorkerEnd\",\"before\",\"beforeSession\",\"beforeSuite\",\"beforeHook\",\"beforeTest\",\"afterTest\",\"afterHook\",\"afterSuite\",\"afterSession\",\"after\",\"onComplete\",\"beforeAssertion\",\"afterAssertion\",\"beforeFeature\",\"beforeScenario\",\"beforeStep\",\"afterStep\",\"afterScenario\",\"afterFeature\",\"_\",\"suite\",\"$0\",\"ignoredWorkerServices\",\"wdi5\"]"}]}
RESULT: {"script":"<script> [2342 bytes]","args":[{"protocol":"http","hostname":"0.0.0.0","path":"/","capabilities":{"browserName":"chrome","goog:chromeOptions":{"binary":"C:\\Program Files\\Google\\Chrome\\Application\\chrome.exe","args":["--start-maximized"]}},"logLevel":"warn","connectionRetryTimeout":120000,"connectionRetryCount":3,"logLevels":{},"enableDirectConnect":true,"strictSSL":true,"_":"65 more keys: [\"cacheDir\",\"port\",\"requestedCapabilities\",\"automationProtocol\",\"baseUrl\",\"waitforInterval\",\"waitforTimeout\",\"onReload\",\"beforeCommand\",\"afterCommand\",\"rootDir\",\"specs\",\"suites\",\"exclude\",\"groupLogsByTestSpec\",\"excludeDriverLogs\",\"bail\",\"framework\",\"reporters\",\"services\",\"maxInstances\",\"maxInstancesPerCapability\",\"injectGlobals\",\"filesToWatch\",\"execArgv\",\"runnerEnv\",\"runner\",\"shard\",\"specFileRetries\",\"specFileRetriesDelay\",\"specFileRetriesDeferred\",\"reporterSyncInterval\",\"reporterSyncTimeout\",\"cucumberFeaturesWithLineNumbers\",\"autoCompileOpts\",\"mochaOpts\",\"jasmineOpts\",\"cucumberOpts\",\"onPrepare\",\"onWorkerStart\",\"onWorkerEnd\",\"before\",\"beforeSession\",\"beforeSuite\",\"beforeHook\",\"beforeTest\",\"afterTest\",\"afterHook\",\"afterSuite\",\"afterSession\",\"after\",\"onComplete\",\"beforeAssertion\",\"afterAssertion\",\"beforeFeature\",\"beforeScenario\",\"beforeStep\",\"afterStep\",\"afterScenario\",\"afterFeature\",\"_\",\"suite\",\"$0\",\"ignoredWorkerServices\",\"wdi5\"]"}]}
COMMAND: POST /session/f524b757760d5c60bd583e9ee049f297/execute/async - {"script":"<script> [21126 bytes]","args":[35000]}
RESULT: {"script":"<script> [21126 bytes]","args":[35000]}
]]></system-out>
    </testcase>
    <testcase classname="chrome.136_0_7103_93.windows.Warehouse_movements_inventory_test" name="Should create a new warehouse organization" time="92.425">
      <system-out><![CDATA[
COMMAND: POST /session/f524b757760d5c60bd583e9ee049f297/execute/async - {"script":"<script> [1562 bytes]","args":[{"selector":{"controlType":"sap.m.GenericTile","properties":{"header":"Bin Status Report"}},"wdio_ui5_key":"sapm.GenericTile{\"header\":\"Bin Status Report\"}"}]}
RESULT: {"script":"<script> [1562 bytes]","args":[{"selector":{"controlType":"sap.m.GenericTile","properties":{"header":"Bin Status Report"}},"wdio_ui5_key":"sapm.GenericTile{\"header\":\"Bin Status Report\"}"}]}
RESULT: undefined
COMMAND: POST /session/f524b757760d5c60bd583e9ee049f297/element - {"using":"xpath","value":"//*[@id=\"__tile104\"]"}
RESULT: {"using":"xpath","value":"//*[@id=\"__tile104\"]"}
COMMAND: POST /session/f524b757760d5c60bd583e9ee049f297/element/f.21BCA9660A1D2E3CF9A692D178FDB716.d.35EE26C8600855AA6A565415E8C17D2A.e.871/click - {}
RESULT: {}
COMMAND: GET /session/f524b757760d5c60bd583e9ee049f297/screenshot - {}
RESULT: {}
COMMAND: POST /session/f524b757760d5c60bd583e9ee049f297/elements - {"using":"xpath","value":"//span[text()='Error']"}
RESULT: {"using":"xpath","value":"//span[text()='Error']"}
COMMAND: POST /session/f524b757760d5c60bd583e9ee049f297/execute/async - {"script":"<script> [1562 bytes]","args":[{"selector":{"id":"application-binstatusreport-display-component---warehousing--createOrgBtn","interaction":{"idSuffix":"BDI-content"}},"wdio_ui5_key":"applicationbinstatusreport-display-component---warehousing--createOrgBtn"}]}
RESULT: {"script":"<script> [1562 bytes]","args":[{"selector":{"id":"application-binstatusreport-display-component---warehousing--createOrgBtn","interaction":{"idSuffix":"BDI-content"}},"wdio_ui5_key":"applicationbinstatusreport-display-component---warehousing--createOrgBtn"}]}
RESULT: undefined
COMMAND: POST /session/f524b757760d5c60bd583e9ee049f297/element - {"using":"xpath","value":"//*[@id=\"application-binstatusreport-display-component---warehousing--createOrgBtn\"]"}
RESULT: {"using":"xpath","value":"//*[@id=\"application-binstatusreport-display-component---warehousing--createOrgBtn\"]"}
COMMAND: POST /session/f524b757760d5c60bd583e9ee049f297/element/f.21BCA9660A1D2E3CF9A692D178FDB716.d.35EE26C8600855AA6A565415E8C17D2A.e.916/click - {}
RESULT: {}
COMMAND: GET /session/f524b757760d5c60bd583e9ee049f297/screenshot - {}
RESULT: {}
COMMAND: POST /session/f524b757760d5c60bd583e9ee049f297/execute/async - {"script":"<script> [1562 bytes]","args":[{"selector":{"id":"createOrganizationPop--sectionInput","searchOpenDialogs":true,"interaction":{"idSuffix":"inner"}},"wdio_ui5_key":"createOrganizationPopsectionInput"}]}
RESULT: {"script":"<script> [1562 bytes]","args":[{"selector":{"id":"createOrganizationPop--sectionInput","searchOpenDialogs":true,"interaction":{"idSuffix":"inner"}},"wdio_ui5_key":"createOrganizationPopsectionInput"}]}
RESULT: undefined
COMMAND: POST /session/f524b757760d5c60bd583e9ee049f297/execute/async - {"script":"<script> [776 bytes]","args":[{"enterText":"Secyg31l","selector":{"id":"createOrganizationPop--sectionInput","searchOpenDialogs":true,"interaction":{"idSuffix":"inner"}},"clearTextFirst":true,"interactionType":"ENTER_TEXT"}]}
RESULT: {"script":"<script> [776 bytes]","args":[{"enterText":"Secyg31l","selector":{"id":"createOrganizationPop--sectionInput","searchOpenDialogs":true,"interaction":{"idSuffix":"inner"}},"clearTextFirst":true,"interactionType":"ENTER_TEXT"}]}
COMMAND: POST /session/f524b757760d5c60bd583e9ee049f297/execute/async - {"script":"<script> [1562 bytes]","args":[{"selector":{"id":"createOrganizationPop--descriptionInput","searchOpenDialogs":true,"interaction":{"idSuffix":"inner"}},"wdio_ui5_key":"createOrganizationPopdescriptionInput"}]}
RESULT: {"script":"<script> [1562 bytes]","args":[{"selector":{"id":"createOrganizationPop--descriptionInput","searchOpenDialogs":true,"interaction":{"idSuffix":"inner"}},"wdio_ui5_key":"createOrganizationPopdescriptionInput"}]}
RESULT: undefined
COMMAND: POST /session/f524b757760d5c60bd583e9ee049f297/execute/async - {"script":"<script> [776 bytes]","args":[{"enterText":"OrgNamez6zrek","selector":{"id":"createOrganizationPop--descriptionInput","searchOpenDialogs":true,"interaction":{"idSuffix":"inner"}},"clearTextFirst":true,"interactionType":"ENTER_TEXT"}]}
RESULT: {"script":"<script> [776 bytes]","args":[{"enterText":"OrgNamez6zrek","selector":{"id":"createOrganizationPop--descriptionInput","searchOpenDialogs":true,"interaction":{"idSuffix":"inner"}},"clearTextFirst":true,"interactionType":"ENTER_TEXT"}]}
COMMAND: POST /session/f524b757760d5c60bd583e9ee049f297/element - {"using":"xpath","value":"//input[contains(@id ,\"createOrganizationPop--yardOrg-inner\")]"}
RESULT: {"using":"xpath","value":"//input[contains(@id ,\"createOrganizationPop--yardOrg-inner\")]"}
COMMAND: POST /session/f524b757760d5c60bd583e9ee049f297/element/f.21BCA9660A1D2E3CF9A692D178FDB716.d.35EE26C8600855AA6A565415E8C17D2A.e.958/clear - {}
RESULT: {}
COMMAND: POST /session/f524b757760d5c60bd583e9ee049f297/element/f.21BCA9660A1D2E3CF9A692D178FDB716.d.35EE26C8600855AA6A565415E8C17D2A.e.958/value - {"text":"WebdriverWHMYardm79n5"}
COMMAND: GET /session/f524b757760d5c60bd583e9ee049f297/screenshot - {}
RESULT: {"text":"WebdriverWHMYardm79n5"}
COMMAND: GET /session/f524b757760d5c60bd583e9ee049f297/screenshot - {}
RESULT: {}
RESULT: {}
COMMAND: POST /session/f524b757760d5c60bd583e9ee049f297/actions - {"actions":[{"id":"action4","type":"key","parameters":{},"actions":[{"type":"keyDown","value":""},{"type":"pause","duration":10},{"type":"keyUp","value":""}]}]}
RESULT: {"actions":[{"id":"action4","type":"key","parameters":{},"actions":[{"type":"keyDown","value":""},{"type":"pause","duration":10},{"type":"keyUp","value":""}]}]}
COMMAND: GET /session/f524b757760d5c60bd583e9ee049f297/screenshot - {}
RESULT: {}
COMMAND: POST /session/f524b757760d5c60bd583e9ee049f297/execute/async - {"script":"<script> [1562 bytes]","args":[{"selector":{"id":"createOrganizationPop--grZone","searchOpenDialogs":true,"interaction":{"idSuffix":"CbBg"}},"wdio_ui5_key":"createOrganizationPopgrZone"}]}
RESULT: {"script":"<script> [1562 bytes]","args":[{"selector":{"id":"createOrganizationPop--grZone","searchOpenDialogs":true,"interaction":{"idSuffix":"CbBg"}},"wdio_ui5_key":"createOrganizationPopgrZone"}]}
RESULT: undefined
COMMAND: POST /session/f524b757760d5c60bd583e9ee049f297/element - {"using":"xpath","value":"//*[@id=\"createOrganizationPop--grZone\"]"}
RESULT: {"using":"xpath","value":"//*[@id=\"createOrganizationPop--grZone\"]"}
COMMAND: POST /session/f524b757760d5c60bd583e9ee049f297/element/f.21BCA9660A1D2E3CF9A692D178FDB716.d.35EE26C8600855AA6A565415E8C17D2A.e.981/click - {}
RESULT: {}
COMMAND: POST /session/f524b757760d5c60bd583e9ee049f297/execute/async - {"script":"<script> [1562 bytes]","args":[{"selector":{"id":"createOrganizationPop--giZone","searchOpenDialogs":true,"interaction":{"idSuffix":"CbBg"}},"wdio_ui5_key":"createOrganizationPopgiZone"}]}
COMMAND: GET /session/f524b757760d5c60bd583e9ee049f297/screenshot - {}
RESULT: {"script":"<script> [1562 bytes]","args":[{"selector":{"id":"createOrganizationPop--giZone","searchOpenDialogs":true,"interaction":{"idSuffix":"CbBg"}},"wdio_ui5_key":"createOrganizationPopgiZone"}]}
RESULT: undefined
COMMAND: POST /session/f524b757760d5c60bd583e9ee049f297/element - {"using":"xpath","value":"//*[@id=\"createOrganizationPop--giZone\"]"}
RESULT: {}
RESULT: {"using":"xpath","value":"//*[@id=\"createOrganizationPop--giZone\"]"}
COMMAND: POST /session/f524b757760d5c60bd583e9ee049f297/element/f.21BCA9660A1D2E3CF9A692D178FDB716.d.35EE26C8600855AA6A565415E8C17D2A.e.983/click - {}
RESULT: {}
COMMAND: POST /session/f524b757760d5c60bd583e9ee049f297/execute/async - {"script":"<script> [1562 bytes]","args":[{"selector":{"id":"createOrganizationPop--binNoInput","searchOpenDialogs":true,"interaction":{"idSuffix":"inner"}},"wdio_ui5_key":"createOrganizationPopbinNoInput"}]}
COMMAND: GET /session/f524b757760d5c60bd583e9ee049f297/screenshot - {}
RESULT: {"script":"<script> [1562 bytes]","args":[{"selector":{"id":"createOrganizationPop--binNoInput","searchOpenDialogs":true,"interaction":{"idSuffix":"inner"}},"wdio_ui5_key":"createOrganizationPopbinNoInput"}]}
RESULT: undefined
COMMAND: POST /session/f524b757760d5c60bd583e9ee049f297/execute/async - {"script":"<script> [776 bytes]","args":[{"enterText":"Bin93eu2","selector":{"id":"createOrganizationPop--binNoInput","searchOpenDialogs":true,"interaction":{"idSuffix":"inner"}},"clearTextFirst":true,"interactionType":"ENTER_TEXT"}]}
RESULT: {}
RESULT: {"script":"<script> [776 bytes]","args":[{"enterText":"Bin93eu2","selector":{"id":"createOrganizationPop--binNoInput","searchOpenDialogs":true,"interaction":{"idSuffix":"inner"}},"clearTextFirst":true,"interactionType":"ENTER_TEXT"}]}
COMMAND: POST /session/f524b757760d5c60bd583e9ee049f297/execute/async - {"script":"<script> [1562 bytes]","args":[{"selector":{"id":"createOrganizationPop--descriptionId","searchOpenDialogs":true,"interaction":{"idSuffix":"inner"}},"wdio_ui5_key":"createOrganizationPopdescriptionId"}]}
RESULT: {"script":"<script> [1562 bytes]","args":[{"selector":{"id":"createOrganizationPop--descriptionId","searchOpenDialogs":true,"interaction":{"idSuffix":"inner"}},"wdio_ui5_key":"createOrganizationPopdescriptionId"}]}
RESULT: undefined
COMMAND: POST /session/f524b757760d5c60bd583e9ee049f297/execute/async - {"script":"<script> [776 bytes]","args":[{"enterText":"Binnxcu6","selector":{"id":"createOrganizationPop--descriptionId","searchOpenDialogs":true,"interaction":{"idSuffix":"inner"}},"clearTextFirst":true,"interactionType":"ENTER_TEXT"}]}
RESULT: {"script":"<script> [776 bytes]","args":[{"enterText":"Binnxcu6","selector":{"id":"createOrganizationPop--descriptionId","searchOpenDialogs":true,"interaction":{"idSuffix":"inner"}},"clearTextFirst":true,"interactionType":"ENTER_TEXT"}]}
COMMAND: POST /session/f524b757760d5c60bd583e9ee049f297/execute/async - {"script":"<script> [1562 bytes]","args":[{"selector":{"controlType":"sap.m.CheckBox","viewName":"etm.portal.ui.binstatusreport.view.MasterWareBins","viewId":"application-binstatusreport-display-component---warehousing","bindingPath":{"path":"","propertyPath":"/ZONE","modelName":"newBin"},"searchOpenDialogs":true,"interaction":{"idSuffix":"CbBg"}},"wdio_ui5_key":"etmportal.ui.binstatusreport.view.MasterWareBinssap.m.CheckBox{\"path\":\"\",\"propertyPath\":\"/ZONE\",\"modelName\":\"newBin\"}"}]}
RESULT: {"script":"<script> [1562 bytes]","args":[{"selector":{"controlType":"sap.m.CheckBox","viewName":"etm.portal.ui.binstatusreport.view.MasterWareBins","viewId":"application-binstatusreport-display-component---warehousing","bindingPath":{"path":"","propertyPath":"/ZONE","modelName":"newBin"},"searchOpenDialogs":true,"interaction":{"idSuffix":"CbBg"}},"wdio_ui5_key":"etmportal.ui.binstatusreport.view.MasterWareBinssap.m.CheckBox{\"path\":\"\",\"propertyPath\":\"/ZONE\",\"modelName\":\"newBin\"}"}]}
RESULT: undefined
COMMAND: POST /session/f524b757760d5c60bd583e9ee049f297/element - {"using":"xpath","value":"//*[@id=\"__box12\"]"}
RESULT: {"using":"xpath","value":"//*[@id=\"__box12\"]"}
COMMAND: POST /session/f524b757760d5c60bd583e9ee049f297/element/f.21BCA9660A1D2E3CF9A692D178FDB716.d.35EE26C8600855AA6A565415E8C17D2A.e.1005/click - {}
RESULT: {}
COMMAND: POST /session/f524b757760d5c60bd583e9ee049f297/execute/async - {"script":"<script> [1562 bytes]","args":[{"selector":{"id":"createOrganizationPop--binTypesCB-arrow","searchOpenDialogs":true},"wdio_ui5_key":"createOrganizationPopbinTypesCB-arrow"}]}
COMMAND: GET /session/f524b757760d5c60bd583e9ee049f297/screenshot - {}
RESULT: {"script":"<script> [1562 bytes]","args":[{"selector":{"id":"createOrganizationPop--binTypesCB-arrow","searchOpenDialogs":true},"wdio_ui5_key":"createOrganizationPopbinTypesCB-arrow"}]}
RESULT: undefined
COMMAND: POST /session/f524b757760d5c60bd583e9ee049f297/element - {"using":"xpath","value":"//*[@id=\"createOrganizationPop--binTypesCB-arrow\"]"}
RESULT: {}
RESULT: {"using":"xpath","value":"//*[@id=\"createOrganizationPop--binTypesCB-arrow\"]"}
COMMAND: POST /session/f524b757760d5c60bd583e9ee049f297/element/f.21BCA9660A1D2E3CF9A692D178FDB716.d.35EE26C8600855AA6A565415E8C17D2A.e.1014/click - {}
RESULT: {}
COMMAND: POST /session/f524b757760d5c60bd583e9ee049f297/execute/async - {"script":"<script> [1562 bytes]","args":[{"selector":{"controlType":"sap.m.StandardListItem","viewName":"etm.portal.ui.binstatusreport.view.MasterWareBins","viewId":"application-binstatusreport-display-component---warehousing","properties":{"title":"1 - General / No capacity check"},"searchOpenDialogs":true,"interaction":{"idSuffix":"content"}},"wdio_ui5_key":"etmportal.ui.binstatusreport.view.MasterWareBinssap.m.StandardListItem{\"title\":\"1 - General / No capacity check\"}"}]}
COMMAND: GET /session/f524b757760d5c60bd583e9ee049f297/screenshot - {}
RESULT: {"script":"<script> [1562 bytes]","args":[{"selector":{"controlType":"sap.m.StandardListItem","viewName":"etm.portal.ui.binstatusreport.view.MasterWareBins","viewId":"application-binstatusreport-display-component---warehousing","properties":{"title":"1 - General / No capacity check"},"searchOpenDialogs":true,"interaction":{"idSuffix":"content"}},"wdio_ui5_key":"etmportal.ui.binstatusreport.view.MasterWareBinssap.m.StandardListItem{\"title\":\"1 - General / No capacity check\"}"}]}
RESULT: undefined
COMMAND: POST /session/f524b757760d5c60bd583e9ee049f297/element - {"using":"xpath","value":"//*[@id=\"__item139\"]"}
RESULT: {}
RESULT: {"using":"xpath","value":"//*[@id=\"__item139\"]"}
COMMAND: POST /session/f524b757760d5c60bd583e9ee049f297/element/f.21BCA9660A1D2E3CF9A692D178FDB716.d.35EE26C8600855AA6A565415E8C17D2A.e.1016/click - {}
RESULT: {}
COMMAND: POST /session/f524b757760d5c60bd583e9ee049f297/execute/async - {"script":"<script> [1562 bytes]","args":[{"selector":{"id":"createOrganizationPop--finishBtn","searchOpenDialogs":true,"interaction":{"idSuffix":"BDI-content"}},"wdio_ui5_key":"createOrganizationPopfinishBtn"}]}
COMMAND: GET /session/f524b757760d5c60bd583e9ee049f297/screenshot - {}
RESULT: {"script":"<script> [1562 bytes]","args":[{"selector":{"id":"createOrganizationPop--finishBtn","searchOpenDialogs":true,"interaction":{"idSuffix":"BDI-content"}},"wdio_ui5_key":"createOrganizationPopfinishBtn"}]}
RESULT: undefined
COMMAND: POST /session/f524b757760d5c60bd583e9ee049f297/element - {"using":"xpath","value":"//*[@id=\"createOrganizationPop--finishBtn\"]"}
RESULT: {}
RESULT: {"using":"xpath","value":"//*[@id=\"createOrganizationPop--finishBtn\"]"}
COMMAND: POST /session/f524b757760d5c60bd583e9ee049f297/element/f.21BCA9660A1D2E3CF9A692D178FDB716.d.35EE26C8600855AA6A565415E8C17D2A.e.1018/click - {}
RESULT: {}
COMMAND: GET /session/f524b757760d5c60bd583e9ee049f297/screenshot - {}
RESULT: {}
COMMAND: POST /session/f524b757760d5c60bd583e9ee049f297/element - {"using":"css selector","value":"#shell-header-logo"}
RESULT: {"using":"css selector","value":"#shell-header-logo"}
COMMAND: POST /session/f524b757760d5c60bd583e9ee049f297/element/f.21BCA9660A1D2E3CF9A692D178FDB716.d.35EE26C8600855AA6A565415E8C17D2A.e.875/click - {}
RESULT: {}
COMMAND: GET /session/f524b757760d5c60bd583e9ee049f297/screenshot - {}
RESULT: {}
]]></system-out>
    </testcase>
    <testcase classname="chrome.136_0_7103_93.windows.Warehouse_movements_inventory_test" name="Should Create new material for WHM yard" time="164.373">
      <system-out><![CDATA[
COMMAND: POST /session/f524b757760d5c60bd583e9ee049f297/execute/async - {"script":"<script> [1562 bytes]","args":[{"selector":{"controlType":"sap.m.GenericTile","properties":{"header":"Manage Resources"}},"wdio_ui5_key":"sapm.GenericTile{\"header\":\"Manage Resources\"}"}]}
RESULT: {"script":"<script> [1562 bytes]","args":[{"selector":{"controlType":"sap.m.GenericTile","properties":{"header":"Manage Resources"}},"wdio_ui5_key":"sapm.GenericTile{\"header\":\"Manage Resources\"}"}]}
RESULT: undefined
COMMAND: POST /session/f524b757760d5c60bd583e9ee049f297/element - {"using":"xpath","value":"//*[@id=\"__tile39\"]"}
RESULT: {"using":"xpath","value":"//*[@id=\"__tile39\"]"}
COMMAND: POST /session/f524b757760d5c60bd583e9ee049f297/element/f.21BCA9660A1D2E3CF9A692D178FDB716.d.35EE26C8600855AA6A565415E8C17D2A.e.1025/click - {}
RESULT: {}
COMMAND: GET /session/f524b757760d5c60bd583e9ee049f297/screenshot - {}
RESULT: {}
COMMAND: POST /session/f524b757760d5c60bd583e9ee049f297/elements - {"using":"xpath","value":"//span[text()='Error']"}
RESULT: {"using":"xpath","value":"//span[text()='Error']"}
COMMAND: POST /session/f524b757760d5c60bd583e9ee049f297/element - {"using":"xpath","value":"//button[@data-kt=\"addNewRUOverflowToolbarButton\"]"}
RESULT: {"using":"xpath","value":"//button[@data-kt=\"addNewRUOverflowToolbarButton\"]"}
COMMAND: POST /session/f524b757760d5c60bd583e9ee049f297/execute/sync - {"script":"<script> [8489 bytes]","args":[{"element-6066-11e4-a52e-4f735466cecf":"f.21BCA9660A1D2E3CF9A692D178FDB716.d.35EE26C8600855AA6A565415E8C17D2A.e.1068","ELEMENT":"f.21BCA9660A1D2E3CF9A692D178FDB716.d.35EE26C8600855AA6A565415E8C17D2A.e.1068"}]}
RESULT: {"script":"<script> [8489 bytes]","args":[{"element-6066-11e4-a52e-4f735466cecf":"f.21BCA9660A1D2E3CF9A692D178FDB716.d.35EE26C8600855AA6A565415E8C17D2A.e.1068","ELEMENT":"f.21BCA9660A1D2E3CF9A692D178FDB716.d.35EE26C8600855AA6A565415E8C17D2A.e.1068"}]}
COMMAND: POST /session/f524b757760d5c60bd583e9ee049f297/element/f.21BCA9660A1D2E3CF9A692D178FDB716.d.35EE26C8600855AA6A565415E8C17D2A.e.1068/click - {}
COMMAND: GET /session/f524b757760d5c60bd583e9ee049f297/screenshot - {}
RESULT: {}
COMMAND: POST /session/f524b757760d5c60bd583e9ee049f297/execute/async - {"script":"<script> [1562 bytes]","args":[{"selector":{"id":"application-manageresources-display-component---newResourceUnit--TYPE-arrow"},"wdio_ui5_key":"applicationmanageresources-display-component---newResourceUnit--TYPE-arrow"}]}
COMMAND: GET /session/f524b757760d5c60bd583e9ee049f297/screenshot - {}
RESULT: {}
RESULT: {"script":"<script> [1562 bytes]","args":[{"selector":{"id":"application-manageresources-display-component---newResourceUnit--TYPE-arrow"},"wdio_ui5_key":"applicationmanageresources-display-component---newResourceUnit--TYPE-arrow"}]}
RESULT: undefined
COMMAND: POST /session/f524b757760d5c60bd583e9ee049f297/element - {"using":"xpath","value":"//*[@id=\"application-manageresources-display-component---newResourceUnit--TYPE-arrow\"]"}
RESULT: {}
RESULT: {"using":"xpath","value":"//*[@id=\"application-manageresources-display-component---newResourceUnit--TYPE-arrow\"]"}
COMMAND: POST /session/f524b757760d5c60bd583e9ee049f297/element/f.21BCA9660A1D2E3CF9A692D178FDB716.d.35EE26C8600855AA6A565415E8C17D2A.e.1380/click - {}
RESULT: {}
COMMAND: POST /session/f524b757760d5c60bd583e9ee049f297/execute/async - {"script":"<script> [1562 bytes]","args":[{"selector":{"controlType":"sap.m.StandardListItem","viewName":"reusables.view.manageresources.NewResourceUnit","viewId":"application-manageresources-display-component---newResourceUnit","properties":{"title":"Material"},"searchOpenDialogs":true,"interaction":{"idSuffix":"titleText"}},"wdio_ui5_key":"reusablesview.manageresources.NewResourceUnitsap.m.StandardListItem{\"title\":\"Material\"}"}]}
COMMAND: GET /session/f524b757760d5c60bd583e9ee049f297/screenshot - {}
RESULT: {"script":"<script> [1562 bytes]","args":[{"selector":{"controlType":"sap.m.StandardListItem","viewName":"reusables.view.manageresources.NewResourceUnit","viewId":"application-manageresources-display-component---newResourceUnit","properties":{"title":"Material"},"searchOpenDialogs":true,"interaction":{"idSuffix":"titleText"}},"wdio_ui5_key":"reusablesview.manageresources.NewResourceUnitsap.m.StandardListItem{\"title\":\"Material\"}"}]}
RESULT: undefined
COMMAND: POST /session/f524b757760d5c60bd583e9ee049f297/element - {"using":"xpath","value":"//*[@id=\"__item273\"]"}
RESULT: {}
RESULT: {"using":"xpath","value":"//*[@id=\"__item273\"]"}
COMMAND: POST /session/f524b757760d5c60bd583e9ee049f297/element/f.21BCA9660A1D2E3CF9A692D178FDB716.d.35EE26C8600855AA6A565415E8C17D2A.e.1383/click - {}
RESULT: {}
COMMAND: POST /session/f524b757760d5c60bd583e9ee049f297/execute/async - {"script":"<script> [1562 bytes]","args":[{"selector":{"id":"application-manageresources-display-component---newResourceUnit--SHORT_TEXT","interaction":{"idSuffix":"inner"}},"wdio_ui5_key":"applicationmanageresources-display-component---newResourceUnit--SHORT_TEXT"}]}
COMMAND: GET /session/f524b757760d5c60bd583e9ee049f297/screenshot - {}
RESULT: {"script":"<script> [1562 bytes]","args":[{"selector":{"id":"application-manageresources-display-component---newResourceUnit--SHORT_TEXT","interaction":{"idSuffix":"inner"}},"wdio_ui5_key":"applicationmanageresources-display-component---newResourceUnit--SHORT_TEXT"}]}
RESULT: undefined
COMMAND: POST /session/f524b757760d5c60bd583e9ee049f297/execute/async - {"script":"<script> [776 bytes]","args":[{"enterText":"WebdriverMatTestnvrvr","selector":{"id":"application-manageresources-display-component---newResourceUnit--SHORT_TEXT","interaction":{"idSuffix":"inner"}},"clearTextFirst":true,"interactionType":"ENTER_TEXT"}]}
RESULT: {}
RESULT: {"script":"<script> [776 bytes]","args":[{"enterText":"WebdriverMatTestnvrvr","selector":{"id":"application-manageresources-display-component---newResourceUnit--SHORT_TEXT","interaction":{"idSuffix":"inner"}},"clearTextFirst":true,"interactionType":"ENTER_TEXT"}]}
COMMAND: POST /session/f524b757760d5c60bd583e9ee049f297/execute/async - {"script":"<script> [1562 bytes]","args":[{"selector":{"id":"application-manageresources-display-component---newResourceUnit--BASE_UNIT_OF_MEASURE-arrow"},"wdio_ui5_key":"applicationmanageresources-display-component---newResourceUnit--BASE_UNIT_OF_MEASURE-arrow"}]}
RESULT: {"script":"<script> [1562 bytes]","args":[{"selector":{"id":"application-manageresources-display-component---newResourceUnit--BASE_UNIT_OF_MEASURE-arrow"},"wdio_ui5_key":"applicationmanageresources-display-component---newResourceUnit--BASE_UNIT_OF_MEASURE-arrow"}]}
RESULT: undefined
COMMAND: POST /session/f524b757760d5c60bd583e9ee049f297/element - {"using":"xpath","value":"//*[@id=\"application-manageresources-display-component---newResourceUnit--BASE_UNIT_OF_MEASURE-arrow\"]"}
RESULT: {"using":"xpath","value":"//*[@id=\"application-manageresources-display-component---newResourceUnit--BASE_UNIT_OF_MEASURE-arrow\"]"}
COMMAND: POST /session/f524b757760d5c60bd583e9ee049f297/element/f.21BCA9660A1D2E3CF9A692D178FDB716.d.35EE26C8600855AA6A565415E8C17D2A.e.1503/click - {}
RESULT: {}
COMMAND: POST /session/f524b757760d5c60bd583e9ee049f297/execute/async - {"script":"<script> [1562 bytes]","args":[{"selector":{"controlType":"sap.m.StandardListItem","viewName":"reusables.view.manageresources.NewResourceUnit","viewId":"application-manageresources-display-component---newResourceUnit","properties":{"title":"Piece"},"searchOpenDialogs":true,"interaction":{"idSuffix":"titleText"}},"wdio_ui5_key":"reusablesview.manageresources.NewResourceUnitsap.m.StandardListItem{\"title\":\"Piece\"}"}]}
COMMAND: GET /session/f524b757760d5c60bd583e9ee049f297/screenshot - {}
RESULT: {"script":"<script> [1562 bytes]","args":[{"selector":{"controlType":"sap.m.StandardListItem","viewName":"reusables.view.manageresources.NewResourceUnit","viewId":"application-manageresources-display-component---newResourceUnit","properties":{"title":"Piece"},"searchOpenDialogs":true,"interaction":{"idSuffix":"titleText"}},"wdio_ui5_key":"reusablesview.manageresources.NewResourceUnitsap.m.StandardListItem{\"title\":\"Piece\"}"}]}
RESULT: undefined
COMMAND: POST /session/f524b757760d5c60bd583e9ee049f297/element - {"using":"xpath","value":"//*[@id=\"__item326\"]"}
RESULT: {}
RESULT: {"using":"xpath","value":"//*[@id=\"__item326\"]"}
COMMAND: POST /session/f524b757760d5c60bd583e9ee049f297/element/f.21BCA9660A1D2E3CF9A692D178FDB716.d.35EE26C8600855AA6A565415E8C17D2A.e.1505/click - {}
RESULT: {}
COMMAND: POST /session/f524b757760d5c60bd583e9ee049f297/element - {"using":"xpath","value":"//input[contains(@id ,\"application-manageresources-display-component---newResourceUnit--SHORT_TEXT-inner\")]"}
COMMAND: GET /session/f524b757760d5c60bd583e9ee049f297/screenshot - {}
RESULT: {"using":"xpath","value":"//input[contains(@id ,\"application-manageresources-display-component---newResourceUnit--SHORT_TEXT-inner\")]"}
COMMAND: GET /session/f524b757760d5c60bd583e9ee049f297/element/f.21BCA9660A1D2E3CF9A692D178FDB716.d.35EE26C8600855AA6A565415E8C17D2A.e.1400/property/value - {}
RESULT: {}
RESULT: {}
COMMAND: POST /session/f524b757760d5c60bd583e9ee049f297/execute/async - {"script":"<script> [1562 bytes]","args":[{"selector":{"id":"application-manageresources-display-component---newResourceUnit--WEIGHT_UNIT-arrow"},"wdio_ui5_key":"applicationmanageresources-display-component---newResourceUnit--WEIGHT_UNIT-arrow"}]}
COMMAND: GET /session/f524b757760d5c60bd583e9ee049f297/screenshot - {}
RESULT: {"script":"<script> [1562 bytes]","args":[{"selector":{"id":"application-manageresources-display-component---newResourceUnit--WEIGHT_UNIT-arrow"},"wdio_ui5_key":"applicationmanageresources-display-component---newResourceUnit--WEIGHT_UNIT-arrow"}]}
RESULT: undefined
COMMAND: POST /session/f524b757760d5c60bd583e9ee049f297/element - {"using":"xpath","value":"//*[@id=\"application-manageresources-display-component---newResourceUnit--WEIGHT_UNIT-arrow\"]"}
RESULT: {}
RESULT: {"using":"xpath","value":"//*[@id=\"application-manageresources-display-component---newResourceUnit--WEIGHT_UNIT-arrow\"]"}
COMMAND: POST /session/f524b757760d5c60bd583e9ee049f297/element/f.21BCA9660A1D2E3CF9A692D178FDB716.d.35EE26C8600855AA6A565415E8C17D2A.e.1506/click - {}
RESULT: {}
COMMAND: POST /session/f524b757760d5c60bd583e9ee049f297/execute/async - {"script":"<script> [1562 bytes]","args":[{"selector":{"controlType":"sap.m.StandardListItem","viewName":"reusables.view.manageresources.NewResourceUnit","viewId":"application-manageresources-display-component---newResourceUnit","properties":{"title":"Gram"},"searchOpenDialogs":true,"interaction":{"idSuffix":"content"}},"wdio_ui5_key":"reusablesview.manageresources.NewResourceUnitsap.m.StandardListItem{\"title\":\"Gram\"}"}]}
COMMAND: GET /session/f524b757760d5c60bd583e9ee049f297/screenshot - {}
RESULT: {"script":"<script> [1562 bytes]","args":[{"selector":{"controlType":"sap.m.StandardListItem","viewName":"reusables.view.manageresources.NewResourceUnit","viewId":"application-manageresources-display-component---newResourceUnit","properties":{"title":"Gram"},"searchOpenDialogs":true,"interaction":{"idSuffix":"content"}},"wdio_ui5_key":"reusablesview.manageresources.NewResourceUnitsap.m.StandardListItem{\"title\":\"Gram\"}"}]}
RESULT: undefined
COMMAND: POST /session/f524b757760d5c60bd583e9ee049f297/element - {"using":"xpath","value":"//*[@id=\"__item391\"]"}
RESULT: {}
RESULT: {"using":"xpath","value":"//*[@id=\"__item391\"]"}
COMMAND: POST /session/f524b757760d5c60bd583e9ee049f297/element/f.21BCA9660A1D2E3CF9A692D178FDB716.d.35EE26C8600855AA6A565415E8C17D2A.e.1508/click - {}
RESULT: {}
COMMAND: POST /session/f524b757760d5c60bd583e9ee049f297/execute/async - {"script":"<script> [1562 bytes]","args":[{"selector":{"id":"application-manageresources-display-component---newResourceUnit--newRRUPage-OPHeaderContent-collapseBtn-img"},"wdio_ui5_key":"applicationmanageresources-display-component---newResourceUnit--newRRUPage-OPHeaderContent-collapseBtn-img"}]}
COMMAND: GET /session/f524b757760d5c60bd583e9ee049f297/screenshot - {}
RESULT: {"script":"<script> [1562 bytes]","args":[{"selector":{"id":"application-manageresources-display-component---newResourceUnit--newRRUPage-OPHeaderContent-collapseBtn-img"},"wdio_ui5_key":"applicationmanageresources-display-component---newResourceUnit--newRRUPage-OPHeaderContent-collapseBtn-img"}]}
RESULT: undefined
COMMAND: POST /session/f524b757760d5c60bd583e9ee049f297/element - {"using":"xpath","value":"//*[@id=\"application-manageresources-display-component---newResourceUnit--newRRUPage-OPHeaderContent-collapseBtn-img\"]"}
RESULT: {}
RESULT: {"using":"xpath","value":"//*[@id=\"application-manageresources-display-component---newResourceUnit--newRRUPage-OPHeaderContent-collapseBtn-img\"]"}
COMMAND: POST /session/f524b757760d5c60bd583e9ee049f297/element/f.21BCA9660A1D2E3CF9A692D178FDB716.d.35EE26C8600855AA6A565415E8C17D2A.e.1390/click - {}
RESULT: {}
COMMAND: GET /session/f524b757760d5c60bd583e9ee049f297/screenshot - {}
RESULT: {}
COMMAND: POST /session/f524b757760d5c60bd583e9ee049f297/element - {"using":"xpath","value":"(//span[contains(@id ,\"application-manageresources-display-component---newResourceUnit--DIMENSION_UNIT-arrow\")])[1]"}
RESULT: {"using":"xpath","value":"(//span[contains(@id ,\"application-manageresources-display-component---newResourceUnit--DIMENSION_UNIT-arrow\")])[1]"}
COMMAND: POST /session/f524b757760d5c60bd583e9ee049f297/element/f.21BCA9660A1D2E3CF9A692D178FDB716.d.35EE26C8600855AA6A565415E8C17D2A.e.1514/click - {}
RESULT: {}
COMMAND: GET /session/f524b757760d5c60bd583e9ee049f297/screenshot - {}
RESULT: {}
COMMAND: POST /session/f524b757760d5c60bd583e9ee049f297/execute/async - {"script":"<script> [1562 bytes]","args":[{"selector":{"controlType":"sap.m.StandardListItem","viewName":"reusables.view.manageresources.NewResourceUnit","viewId":"application-manageresources-display-component---newResourceUnit","properties":{"title":"Centimeter"},"searchOpenDialogs":true,"interaction":{"idSuffix":"titleText"}},"wdio_ui5_key":"reusablesview.manageresources.NewResourceUnitsap.m.StandardListItem{\"title\":\"Centimeter\"}"}]}
RESULT: {"script":"<script> [1562 bytes]","args":[{"selector":{"controlType":"sap.m.StandardListItem","viewName":"reusables.view.manageresources.NewResourceUnit","viewId":"application-manageresources-display-component---newResourceUnit","properties":{"title":"Centimeter"},"searchOpenDialogs":true,"interaction":{"idSuffix":"titleText"}},"wdio_ui5_key":"reusablesview.manageresources.NewResourceUnitsap.m.StandardListItem{\"title\":\"Centimeter\"}"}]}
RESULT: undefined
COMMAND: POST /session/f524b757760d5c60bd583e9ee049f297/element - {"using":"xpath","value":"//*[@id=\"__item394\"]"}
RESULT: {"using":"xpath","value":"//*[@id=\"__item394\"]"}
COMMAND: POST /session/f524b757760d5c60bd583e9ee049f297/element/f.21BCA9660A1D2E3CF9A692D178FDB716.d.35EE26C8600855AA6A565415E8C17D2A.e.1516/click - {}
RESULT: {}
COMMAND: POST /session/f524b757760d5c60bd583e9ee049f297/execute/async - {"script":"<script> [1562 bytes]","args":[{"selector":{"id":"application-manageresources-display-component---newResourceUnit--newRRUPage-anchBar-application-manageresources-display-component---newResourceUnit--reference-anchor","interaction":{"idSuffix":"BDI-content"}},"wdio_ui5_key":"applicationmanageresources-display-component---newResourceUnit--newRRUPage-anchBar-application-manageresources-display-component---newResourceUnit--reference-anchor"}]}
COMMAND: GET /session/f524b757760d5c60bd583e9ee049f297/screenshot - {}
RESULT: {"script":"<script> [1562 bytes]","args":[{"selector":{"id":"application-manageresources-display-component---newResourceUnit--newRRUPage-anchBar-application-manageresources-display-component---newResourceUnit--reference-anchor","interaction":{"idSuffix":"BDI-content"}},"wdio_ui5_key":"applicationmanageresources-display-component---newResourceUnit--newRRUPage-anchBar-application-manageresources-display-component---newResourceUnit--reference-anchor"}]}
RESULT: undefined
COMMAND: POST /session/f524b757760d5c60bd583e9ee049f297/element - {"using":"xpath","value":"//*[@id=\"application-manageresources-display-component---newResourceUnit--newRRUPage-anchBar-application-manageresources-display-component---newResourceUnit--reference-anchor\"]"}
RESULT: {}
RESULT: {"using":"xpath","value":"//*[@id=\"application-manageresources-display-component---newResourceUnit--newRRUPage-anchBar-application-manageresources-display-component---newResourceUnit--reference-anchor\"]"}
COMMAND: POST /session/f524b757760d5c60bd583e9ee049f297/element/f.21BCA9660A1D2E3CF9A692D178FDB716.d.35EE26C8600855AA6A565415E8C17D2A.e.1518/click - {}
RESULT: {}
COMMAND: POST /session/f524b757760d5c60bd583e9ee049f297/execute/async - {"script":"<script> [1562 bytes]","args":[{"selector":{"id":"application-manageresources-display-component---newResourceUnit--PLANNING_GROUP-arrow"},"wdio_ui5_key":"applicationmanageresources-display-component---newResourceUnit--PLANNING_GROUP-arrow"}]}
COMMAND: GET /session/f524b757760d5c60bd583e9ee049f297/screenshot - {}
RESULT: {"script":"<script> [1562 bytes]","args":[{"selector":{"id":"application-manageresources-display-component---newResourceUnit--PLANNING_GROUP-arrow"},"wdio_ui5_key":"applicationmanageresources-display-component---newResourceUnit--PLANNING_GROUP-arrow"}]}
RESULT: undefined
COMMAND: POST /session/f524b757760d5c60bd583e9ee049f297/element - {"using":"xpath","value":"//*[@id=\"application-manageresources-display-component---newResourceUnit--PLANNING_GROUP-arrow\"]"}
RESULT: {}
RESULT: {"using":"xpath","value":"//*[@id=\"application-manageresources-display-component---newResourceUnit--PLANNING_GROUP-arrow\"]"}
COMMAND: POST /session/f524b757760d5c60bd583e9ee049f297/element/f.21BCA9660A1D2E3CF9A692D178FDB716.d.35EE26C8600855AA6A565415E8C17D2A.e.1522/click - {}
RESULT: {}
COMMAND: POST /session/f524b757760d5c60bd583e9ee049f297/execute/async - {"script":"<script> [1562 bytes]","args":[{"selector":{"controlType":"sap.m.StandardListItem","viewName":"reusables.view.manageresources.NewResourceUnit","viewId":"application-manageresources-display-component---newResourceUnit","properties":{"title":"Heavy Equi"},"searchOpenDialogs":true,"interaction":{"idSuffix":"content"}},"wdio_ui5_key":"reusablesview.manageresources.NewResourceUnitsap.m.StandardListItem{\"title\":\"Heavy Equi\"}"}]}
COMMAND: GET /session/f524b757760d5c60bd583e9ee049f297/screenshot - {}
RESULT: {"script":"<script> [1562 bytes]","args":[{"selector":{"controlType":"sap.m.StandardListItem","viewName":"reusables.view.manageresources.NewResourceUnit","viewId":"application-manageresources-display-component---newResourceUnit","properties":{"title":"Heavy Equi"},"searchOpenDialogs":true,"interaction":{"idSuffix":"content"}},"wdio_ui5_key":"reusablesview.manageresources.NewResourceUnitsap.m.StandardListItem{\"title\":\"Heavy Equi\"}"}]}
RESULT: undefined
COMMAND: POST /session/f524b757760d5c60bd583e9ee049f297/element - {"using":"xpath","value":"//*[@id=\"__item402\"]"}
RESULT: {}
RESULT: {"using":"xpath","value":"//*[@id=\"__item402\"]"}
COMMAND: POST /session/f524b757760d5c60bd583e9ee049f297/element/f.21BCA9660A1D2E3CF9A692D178FDB716.d.35EE26C8600855AA6A565415E8C17D2A.e.1524/click - {}
RESULT: {}
COMMAND: GET /session/f524b757760d5c60bd583e9ee049f297/screenshot - {}
RESULT: {}
COMMAND: POST /session/f524b757760d5c60bd583e9ee049f297/execute/async - {"script":"<script> [1562 bytes]","args":[{"selector":{"id":"application-manageresources-display-component---newResourceUnit--PLANNING_INDICATOR-arrow"},"wdio_ui5_key":"applicationmanageresources-display-component---newResourceUnit--PLANNING_INDICATOR-arrow"}]}
RESULT: {"script":"<script> [1562 bytes]","args":[{"selector":{"id":"application-manageresources-display-component---newResourceUnit--PLANNING_INDICATOR-arrow"},"wdio_ui5_key":"applicationmanageresources-display-component---newResourceUnit--PLANNING_INDICATOR-arrow"}]}
RESULT: undefined
COMMAND: POST /session/f524b757760d5c60bd583e9ee049f297/element - {"using":"xpath","value":"//*[@id=\"application-manageresources-display-component---newResourceUnit--PLANNING_INDICATOR-arrow\"]"}
RESULT: {"using":"xpath","value":"//*[@id=\"application-manageresources-display-component---newResourceUnit--PLANNING_INDICATOR-arrow\"]"}
COMMAND: POST /session/f524b757760d5c60bd583e9ee049f297/element/f.21BCA9660A1D2E3CF9A692D178FDB716.d.35EE26C8600855AA6A565415E8C17D2A.e.1525/click - {}
RESULT: {}
COMMAND: POST /session/f524b757760d5c60bd583e9ee049f297/execute/async - {"script":"<script> [1562 bytes]","args":[{"selector":{"controlType":"sap.m.StandardListItem","viewName":"reusables.view.manageresources.NewResourceUnit","viewId":"application-manageresources-display-component---newResourceUnit","properties":{"title":"10 - infinite"},"searchOpenDialogs":true,"interaction":{"idSuffix":"content"}},"wdio_ui5_key":"reusablesview.manageresources.NewResourceUnitsap.m.StandardListItem{\"title\":\"10 - infinite\"}"}]}
COMMAND: GET /session/f524b757760d5c60bd583e9ee049f297/screenshot - {}
RESULT: {"script":"<script> [1562 bytes]","args":[{"selector":{"controlType":"sap.m.StandardListItem","viewName":"reusables.view.manageresources.NewResourceUnit","viewId":"application-manageresources-display-component---newResourceUnit","properties":{"title":"10 - infinite"},"searchOpenDialogs":true,"interaction":{"idSuffix":"content"}},"wdio_ui5_key":"reusablesview.manageresources.NewResourceUnitsap.m.StandardListItem{\"title\":\"10 - infinite\"}"}]}
RESULT: undefined
COMMAND: POST /session/f524b757760d5c60bd583e9ee049f297/element - {"using":"xpath","value":"//*[@id=\"__item412\"]"}
RESULT: {}
RESULT: {"using":"xpath","value":"//*[@id=\"__item412\"]"}
COMMAND: POST /session/f524b757760d5c60bd583e9ee049f297/element/f.21BCA9660A1D2E3CF9A692D178FDB716.d.35EE26C8600855AA6A565415E8C17D2A.e.1527/click - {}
RESULT: {}
COMMAND: GET /session/f524b757760d5c60bd583e9ee049f297/screenshot - {}
RESULT: {}
COMMAND: POST /session/f524b757760d5c60bd583e9ee049f297/element - {"using":"xpath","value":"//bdi[contains(text(), \"Time Segment\")]"}
RESULT: {"using":"xpath","value":"//bdi[contains(text(), \"Time Segment\")]"}
COMMAND: GET /session/f524b757760d5c60bd583e9ee049f297/element/f.21BCA9660A1D2E3CF9A692D178FDB716.d.35EE26C8600855AA6A565415E8C17D2A.e.1528/rect - {}
RESULT: {}
COMMAND: GET /session/f524b757760d5c60bd583e9ee049f297/window/rect - {}
RESULT: {}
COMMAND: POST /session/f524b757760d5c60bd583e9ee049f297/execute/sync - {"script":"<script> [92 bytes]","args":[]}
RESULT: {"script":"<script> [92 bytes]","args":[]}
COMMAND: POST /session/f524b757760d5c60bd583e9ee049f297/actions - {"actions":[{"id":"action5","type":"wheel","parameters":{},"actions":[{"type":"scroll","x":-1820,"y":-21,"deltaX":0,"deltaY":0,"duration":0,"origin":{"element-6066-11e4-a52e-4f735466cecf":"f.21BCA9660A1D2E3CF9A692D178FDB716.d.35EE26C8600855AA6A565415E8C17D2A.e.1528"}}]}]}
COMMAND: GET /session/f524b757760d5c60bd583e9ee049f297/screenshot - {}
RESULT: {}
COMMAND: POST /session/f524b757760d5c60bd583e9ee049f297/execute/sync - {"script":"<script> [79 bytes]","args":[{"element-6066-11e4-a52e-4f735466cecf":"f.21BCA9660A1D2E3CF9A692D178FDB716.d.35EE26C8600855AA6A565415E8C17D2A.e.1528","ELEMENT":"f.21BCA9660A1D2E3CF9A692D178FDB716.d.35EE26C8600855AA6A565415E8C17D2A.e.1528"},{"block":"start","inline":"nearest"}]}
RESULT: {"script":"<script> [79 bytes]","args":[{"element-6066-11e4-a52e-4f735466cecf":"f.21BCA9660A1D2E3CF9A692D178FDB716.d.35EE26C8600855AA6A565415E8C17D2A.e.1528","ELEMENT":"f.21BCA9660A1D2E3CF9A692D178FDB716.d.35EE26C8600855AA6A565415E8C17D2A.e.1528"},{"block":"start","inline":"nearest"}]}
COMMAND: GET /session/f524b757760d5c60bd583e9ee049f297/screenshot - {}
RESULT: {}
COMMAND: POST /session/f524b757760d5c60bd583e9ee049f297/element - {"using":"xpath","value":"//span[@id=\"application-manageresources-display-component---newResourceUnit--btnAddTimeSegment-img\"]"}
RESULT: {"using":"xpath","value":"//span[@id=\"application-manageresources-display-component---newResourceUnit--btnAddTimeSegment-img\"]"}
COMMAND: POST /session/f524b757760d5c60bd583e9ee049f297/execute/sync - {"script":"<script> [8489 bytes]","args":[{"element-6066-11e4-a52e-4f735466cecf":"f.21BCA9660A1D2E3CF9A692D178FDB716.d.35EE26C8600855AA6A565415E8C17D2A.e.1531","ELEMENT":"f.21BCA9660A1D2E3CF9A692D178FDB716.d.35EE26C8600855AA6A565415E8C17D2A.e.1531"}]}
RESULT: {"script":"<script> [8489 bytes]","args":[{"element-6066-11e4-a52e-4f735466cecf":"f.21BCA9660A1D2E3CF9A692D178FDB716.d.35EE26C8600855AA6A565415E8C17D2A.e.1531","ELEMENT":"f.21BCA9660A1D2E3CF9A692D178FDB716.d.35EE26C8600855AA6A565415E8C17D2A.e.1531"}]}
COMMAND: POST /session/f524b757760d5c60bd583e9ee049f297/element/f.21BCA9660A1D2E3CF9A692D178FDB716.d.35EE26C8600855AA6A565415E8C17D2A.e.1531/click - {}
COMMAND: GET /session/f524b757760d5c60bd583e9ee049f297/screenshot - {}
RESULT: {}
COMMAND: GET /session/f524b757760d5c60bd583e9ee049f297/screenshot - {}
COMMAND: POST /session/f524b757760d5c60bd583e9ee049f297/element - {"using":"xpath","value":"//input[@id=\"application-manageresources-display-component---newResourceUnit--idRuTSAdmin-application-manageresources-display-component---newResourceUnit--RUTimeSegment-0-inner\"]"}
RESULT: {}
RESULT: {}
RESULT: {"using":"xpath","value":"//input[@id=\"application-manageresources-display-component---newResourceUnit--idRuTSAdmin-application-manageresources-display-component---newResourceUnit--RUTimeSegment-0-inner\"]"}
COMMAND: POST /session/f524b757760d5c60bd583e9ee049f297/element/f.21BCA9660A1D2E3CF9A692D178FDB716.d.35EE26C8600855AA6A565415E8C17D2A.e.1534/clear - {}
RESULT: {}
COMMAND: POST /session/f524b757760d5c60bd583e9ee049f297/element/f.21BCA9660A1D2E3CF9A692D178FDB716.d.35EE26C8600855AA6A565415E8C17D2A.e.1534/value - {"text":"WebdriverWHMYardm79n5"}
COMMAND: GET /session/f524b757760d5c60bd583e9ee049f297/screenshot - {}
RESULT: {"text":"WebdriverWHMYardm79n5"}
COMMAND: GET /session/f524b757760d5c60bd583e9ee049f297/screenshot - {}
RESULT: {}
RESULT: {}
COMMAND: POST /session/f524b757760d5c60bd583e9ee049f297/actions - {"actions":[{"id":"action6","type":"key","parameters":{},"actions":[{"type":"keyDown","value":""},{"type":"pause","duration":10},{"type":"keyUp","value":""}]}]}
RESULT: {"actions":[{"id":"action6","type":"key","parameters":{},"actions":[{"type":"keyDown","value":""},{"type":"pause","duration":10},{"type":"keyUp","value":""}]}]}
COMMAND: GET /session/f524b757760d5c60bd583e9ee049f297/screenshot - {}
RESULT: {}
COMMAND: POST /session/f524b757760d5c60bd583e9ee049f297/execute/async - {"script":"<script> [1562 bytes]","args":[{"selector":{"controlType":"sap.m.Button","viewName":"reusables.view.manageresources.NewResourceUnit","viewId":"application-manageresources-display-component---newResourceUnit","i18NText":{"propertyName":"tooltip","key":"save"},"interaction":{"idSuffix":"BDI-content"}},"wdio_ui5_key":"reusablesview.manageresources.NewResourceUnitsap.m.Button{\"propertyName\":\"tooltip\",\"key\":\"save\"}"}]}
RESULT: {"script":"<script> [1562 bytes]","args":[{"selector":{"controlType":"sap.m.Button","viewName":"reusables.view.manageresources.NewResourceUnit","viewId":"application-manageresources-display-component---newResourceUnit","i18NText":{"propertyName":"tooltip","key":"save"},"interaction":{"idSuffix":"BDI-content"}},"wdio_ui5_key":"reusablesview.manageresources.NewResourceUnitsap.m.Button{\"propertyName\":\"tooltip\",\"key\":\"save\"}"}]}
RESULT: undefined
COMMAND: POST /session/f524b757760d5c60bd583e9ee049f297/element - {"using":"xpath","value":"//*[@id=\"application-manageresources-display-component---newResourceUnit--createRuButton\"]"}
RESULT: {"using":"xpath","value":"//*[@id=\"application-manageresources-display-component---newResourceUnit--createRuButton\"]"}
COMMAND: POST /session/f524b757760d5c60bd583e9ee049f297/element/f.21BCA9660A1D2E3CF9A692D178FDB716.d.35EE26C8600855AA6A565415E8C17D2A.e.1396/click - {}
RESULT: {}
COMMAND: GET /session/f524b757760d5c60bd583e9ee049f297/screenshot - {}
RESULT: {}
COMMAND: POST /session/f524b757760d5c60bd583e9ee049f297/execute/async - {"script":"<script> [1562 bytes]","args":[{"selector":{"controlType":"sap.m.Title","properties":{"text":"Success"},"searchOpenDialogs":true},"wdio_ui5_key":"sapm.Title{\"text\":\"Success\"}"}]}
RESULT: {"script":"<script> [1562 bytes]","args":[{"selector":{"controlType":"sap.m.Title","properties":{"text":"Success"},"searchOpenDialogs":true},"wdio_ui5_key":"sapm.Title{\"text\":\"Success\"}"}]}
RESULT: undefined
COMMAND: POST /session/f524b757760d5c60bd583e9ee049f297/execute/async - {"script":"<script> [6424 bytes]","args":[{"element-6066-11e4-a52e-4f735466cecf":"f.21BCA9660A1D2E3CF9A692D178FDB716.d.35EE26C8600855AA6A565415E8C17D2A.e.1548"},"getText",[]]}
RESULT: {"script":"<script> [6424 bytes]","args":[{"element-6066-11e4-a52e-4f735466cecf":"f.21BCA9660A1D2E3CF9A692D178FDB716.d.35EE26C8600855AA6A565415E8C17D2A.e.1548"},"getText",[]]}
COMMAND: POST /session/f524b757760d5c60bd583e9ee049f297/element - {"using":"xpath","value":"//*[contains(@id, '__text') and (contains(text(), 'successfully created') or contains(., 'successfully created'))]"}
RESULT: {"using":"xpath","value":"//*[contains(@id, '__text') and (contains(text(), 'successfully created') or contains(., 'successfully created'))]"}
COMMAND: GET /session/f524b757760d5c60bd583e9ee049f297/element/f.21BCA9660A1D2E3CF9A692D178FDB716.d.35EE26C8600855AA6A565415E8C17D2A.e.1546/text - {}
RESULT: {}
COMMAND: POST /session/f524b757760d5c60bd583e9ee049f297/execute/async - {"script":"<script> [1562 bytes]","args":[{"selector":{"controlType":"sap.m.Button","properties":{"text":"Close"},"searchOpenDialogs":true,"interaction":{"idSuffix":"BDI-content"}},"wdio_ui5_key":"sapm.Button{\"text\":\"Close\"}"}]}
RESULT: {"script":"<script> [1562 bytes]","args":[{"selector":{"controlType":"sap.m.Button","properties":{"text":"Close"},"searchOpenDialogs":true,"interaction":{"idSuffix":"BDI-content"}},"wdio_ui5_key":"sapm.Button{\"text\":\"Close\"}"}]}
RESULT: undefined
COMMAND: POST /session/f524b757760d5c60bd583e9ee049f297/element - {"using":"xpath","value":"//*[@id=\"__mbox-btn-0\"]"}
RESULT: {"using":"xpath","value":"//*[@id=\"__mbox-btn-0\"]"}
COMMAND: POST /session/f524b757760d5c60bd583e9ee049f297/element/f.21BCA9660A1D2E3CF9A692D178FDB716.d.35EE26C8600855AA6A565415E8C17D2A.e.1544/click - {}
RESULT: {}
COMMAND: GET /session/f524b757760d5c60bd583e9ee049f297/screenshot - {}
RESULT: {}
COMMAND: POST /session/f524b757760d5c60bd583e9ee049f297/execute/async - {"script":"<script> [1562 bytes]","args":[{"selector":{"controlType":"sap.ui.core.Icon","viewName":"etm.portal.ui.manageresources.view.Detail","viewId":"application-manageresources-display-component---detailRU","properties":{"src":{"regex":{"source":"overflow"}}}},"wdio_ui5_key":"etmportal.ui.manageresources.view.Detailsap.ui.core.Icon{\"src\":{\"regex\":{\"source\":\"overflow\"}}}"}]}
RESULT: {"script":"<script> [1562 bytes]","args":[{"selector":{"controlType":"sap.ui.core.Icon","viewName":"etm.portal.ui.manageresources.view.Detail","viewId":"application-manageresources-display-component---detailRU","properties":{"src":{"regex":{"source":"overflow"}}}},"wdio_ui5_key":"etmportal.ui.manageresources.view.Detailsap.ui.core.Icon{\"src\":{\"regex\":{\"source\":\"overflow\"}}}"}]}
RESULT: undefined
COMMAND: POST /session/f524b757760d5c60bd583e9ee049f297/element - {"using":"xpath","value":"//*[@id=\"__title18-_actionsToolbar-overflowButton-img\"]"}
RESULT: {"using":"xpath","value":"//*[@id=\"__title18-_actionsToolbar-overflowButton-img\"]"}
COMMAND: POST /session/f524b757760d5c60bd583e9ee049f297/element/f.21BCA9660A1D2E3CF9A692D178FDB716.d.35EE26C8600855AA6A565415E8C17D2A.e.1577/click - {}
RESULT: {}
COMMAND: POST /session/f524b757760d5c60bd583e9ee049f297/execute/async - {"script":"<script> [1562 bytes]","args":[{"selector":{"controlType":"sap.m.Button","viewName":"etm.portal.ui.manageresources.view.Detail","viewId":"application-manageresources-display-component---detailRU","i18NText":{"propertyName":"tooltip","key":"closeColumn"},"searchOpenDialogs":true,"interaction":{"idSuffix":"inner"}},"wdio_ui5_key":"etmportal.ui.manageresources.view.Detailsap.m.Button{\"propertyName\":\"tooltip\",\"key\":\"closeColumn\"}"}]}
COMMAND: GET /session/f524b757760d5c60bd583e9ee049f297/screenshot - {}
RESULT: {"script":"<script> [1562 bytes]","args":[{"selector":{"controlType":"sap.m.Button","viewName":"etm.portal.ui.manageresources.view.Detail","viewId":"application-manageresources-display-component---detailRU","i18NText":{"propertyName":"tooltip","key":"closeColumn"},"searchOpenDialogs":true,"interaction":{"idSuffix":"inner"}},"wdio_ui5_key":"etmportal.ui.manageresources.view.Detailsap.m.Button{\"propertyName\":\"tooltip\",\"key\":\"closeColumn\"}"}]}
RESULT: undefined
COMMAND: POST /session/f524b757760d5c60bd583e9ee049f297/element - {"using":"xpath","value":"//*[@id=\"__button51\"]"}
RESULT: {}
RESULT: {"using":"xpath","value":"//*[@id=\"__button51\"]"}
COMMAND: POST /session/f524b757760d5c60bd583e9ee049f297/element/f.21BCA9660A1D2E3CF9A692D178FDB716.d.35EE26C8600855AA6A565415E8C17D2A.e.1579/click - {}
RESULT: {}
COMMAND: GET /session/f524b757760d5c60bd583e9ee049f297/screenshot - {}
RESULT: {}
COMMAND: POST /session/f524b757760d5c60bd583e9ee049f297/refresh - {}
RESULT: {}
COMMAND: GET /session/f524b757760d5c60bd583e9ee049f297/screenshot - {}
RESULT: {}
COMMAND: POST /session/f524b757760d5c60bd583e9ee049f297/execute/async - {"script":"<script> [189 bytes]","args":[]}
RESULT: {"script":"<script> [189 bytes]","args":[]}
COMMAND: POST /session/f524b757760d5c60bd583e9ee049f297/execute/async - {"script":"<script> [123 bytes]","args":[]}
RESULT: {"script":"<script> [123 bytes]","args":[]}
COMMAND: POST /session/f524b757760d5c60bd583e9ee049f297/timeouts - {"script":"<number>"}
RESULT: {"script":"<number>"}
COMMAND: GET /session/f524b757760d5c60bd583e9ee049f297/timeouts - {}
RESULT: {}
RESULT: undefined
COMMAND: POST /session/f524b757760d5c60bd583e9ee049f297/execute/async - {"script":"<script> [2676 bytes]","args":[]}
RESULT: {"script":"<script> [2676 bytes]","args":[]}
COMMAND: POST /session/f524b757760d5c60bd583e9ee049f297/execute/async - {"script":"<script> [2342 bytes]","args":[{"protocol":"http","hostname":"0.0.0.0","path":"/","capabilities":{"browserName":"chrome","goog:chromeOptions":{"binary":"C:\\Program Files\\Google\\Chrome\\Application\\chrome.exe","args":["--start-maximized"]}},"logLevel":"warn","connectionRetryTimeout":120000,"connectionRetryCount":3,"logLevels":{},"enableDirectConnect":true,"strictSSL":true,"_":"65 more keys: [\"cacheDir\",\"port\",\"requestedCapabilities\",\"automationProtocol\",\"baseUrl\",\"waitforInterval\",\"waitforTimeout\",\"onReload\",\"beforeCommand\",\"afterCommand\",\"rootDir\",\"specs\",\"suites\",\"exclude\",\"groupLogsByTestSpec\",\"excludeDriverLogs\",\"bail\",\"framework\",\"reporters\",\"services\",\"maxInstances\",\"maxInstancesPerCapability\",\"injectGlobals\",\"filesToWatch\",\"execArgv\",\"runnerEnv\",\"runner\",\"shard\",\"specFileRetries\",\"specFileRetriesDelay\",\"specFileRetriesDeferred\",\"reporterSyncInterval\",\"reporterSyncTimeout\",\"cucumberFeaturesWithLineNumbers\",\"autoCompileOpts\",\"mochaOpts\",\"jasmineOpts\",\"cucumberOpts\",\"onPrepare\",\"onWorkerStart\",\"onWorkerEnd\",\"before\",\"beforeSession\",\"beforeSuite\",\"beforeHook\",\"beforeTest\",\"afterTest\",\"afterHook\",\"afterSuite\",\"afterSession\",\"after\",\"onComplete\",\"beforeAssertion\",\"afterAssertion\",\"beforeFeature\",\"beforeScenario\",\"beforeStep\",\"afterStep\",\"afterScenario\",\"afterFeature\",\"_\",\"suite\",\"$0\",\"ignoredWorkerServices\",\"wdi5\"]"}]}
RESULT: {"script":"<script> [2342 bytes]","args":[{"protocol":"http","hostname":"0.0.0.0","path":"/","capabilities":{"browserName":"chrome","goog:chromeOptions":{"binary":"C:\\Program Files\\Google\\Chrome\\Application\\chrome.exe","args":["--start-maximized"]}},"logLevel":"warn","connectionRetryTimeout":120000,"connectionRetryCount":3,"logLevels":{},"enableDirectConnect":true,"strictSSL":true,"_":"65 more keys: [\"cacheDir\",\"port\",\"requestedCapabilities\",\"automationProtocol\",\"baseUrl\",\"waitforInterval\",\"waitforTimeout\",\"onReload\",\"beforeCommand\",\"afterCommand\",\"rootDir\",\"specs\",\"suites\",\"exclude\",\"groupLogsByTestSpec\",\"excludeDriverLogs\",\"bail\",\"framework\",\"reporters\",\"services\",\"maxInstances\",\"maxInstancesPerCapability\",\"injectGlobals\",\"filesToWatch\",\"execArgv\",\"runnerEnv\",\"runner\",\"shard\",\"specFileRetries\",\"specFileRetriesDelay\",\"specFileRetriesDeferred\",\"reporterSyncInterval\",\"reporterSyncTimeout\",\"cucumberFeaturesWithLineNumbers\",\"autoCompileOpts\",\"mochaOpts\",\"jasmineOpts\",\"cucumberOpts\",\"onPrepare\",\"onWorkerStart\",\"onWorkerEnd\",\"before\",\"beforeSession\",\"beforeSuite\",\"beforeHook\",\"beforeTest\",\"afterTest\",\"afterHook\",\"afterSuite\",\"afterSession\",\"after\",\"onComplete\",\"beforeAssertion\",\"afterAssertion\",\"beforeFeature\",\"beforeScenario\",\"beforeStep\",\"afterStep\",\"afterScenario\",\"afterFeature\",\"_\",\"suite\",\"$0\",\"ignoredWorkerServices\",\"wdi5\"]"}]}
COMMAND: POST /session/f524b757760d5c60bd583e9ee049f297/execute/async - {"script":"<script> [21126 bytes]","args":[35000]}
RESULT: {"script":"<script> [21126 bytes]","args":[35000]}
COMMAND: POST /session/f524b757760d5c60bd583e9ee049f297/element - {"using":"css selector","value":"#shell-header-logo"}
RESULT: {"using":"css selector","value":"#shell-header-logo"}
COMMAND: POST /session/f524b757760d5c60bd583e9ee049f297/element/f.21BCA9660A1D2E3CF9A692D178FDB716.d.F1971DF958E4DE84F9677B25DC1FA5F7.e.1670/click - {}
RESULT: {}
COMMAND: GET /session/f524b757760d5c60bd583e9ee049f297/screenshot - {}
COMMAND: POST /session/f524b757760d5c60bd583e9ee049f297/element - {"using":"css selector","value":"#shell-header-logo"}
RESULT: {}
RESULT: {"using":"css selector","value":"#shell-header-logo"}
COMMAND: POST /session/f524b757760d5c60bd583e9ee049f297/element/f.21BCA9660A1D2E3CF9A692D178FDB716.d.F1971DF958E4DE84F9677B25DC1FA5F7.e.1862/click - {}
RESULT: {}
COMMAND: GET /session/f524b757760d5c60bd583e9ee049f297/screenshot - {}
RESULT: {}
]]></system-out>
    </testcase>
    <testcase classname="chrome.136_0_7103_93.windows.Warehouse_movements_inventory_test" name="Should do a stock increase handover" time="89.793">
      <system-out><![CDATA[
COMMAND: POST /session/f524b757760d5c60bd583e9ee049f297/execute/async - {"script":"<script> [1562 bytes]","args":[{"selector":{"controlType":"sap.m.GenericTile","properties":{"header":"Manage Handovers"}},"wdio_ui5_key":"sapm.GenericTile{\"header\":\"Manage Handovers\"}"}]}
RESULT: {"script":"<script> [1562 bytes]","args":[{"selector":{"controlType":"sap.m.GenericTile","properties":{"header":"Manage Handovers"}},"wdio_ui5_key":"sapm.GenericTile{\"header\":\"Manage Handovers\"}"}]}
RESULT: undefined
COMMAND: POST /session/f524b757760d5c60bd583e9ee049f297/element - {"using":"xpath","value":"//*[@id=\"__tile133\"]"}
RESULT: {"using":"xpath","value":"//*[@id=\"__tile133\"]"}
COMMAND: POST /session/f524b757760d5c60bd583e9ee049f297/element/f.21BCA9660A1D2E3CF9A692D178FDB716.d.F1971DF958E4DE84F9677B25DC1FA5F7.e.1863/click - {}
RESULT: {}
COMMAND: GET /session/f524b757760d5c60bd583e9ee049f297/screenshot - {}
RESULT: {}
COMMAND: POST /session/f524b757760d5c60bd583e9ee049f297/elements - {"using":"xpath","value":"//span[text()='Error']"}
RESULT: {"using":"xpath","value":"//span[text()='Error']"}
COMMAND: POST /session/f524b757760d5c60bd583e9ee049f297/element - {"using":"xpath","value":"//button[(@data-kt = 'masterHOAddButton')]"}
RESULT: {"using":"xpath","value":"//button[(@data-kt = 'masterHOAddButton')]"}
COMMAND: POST /session/f524b757760d5c60bd583e9ee049f297/element/f.21BCA9660A1D2E3CF9A692D178FDB716.d.F1971DF958E4DE84F9677B25DC1FA5F7.e.1902/click - {}
RESULT: {}
COMMAND: GET /session/f524b757760d5c60bd583e9ee049f297/screenshot - {}
RESULT: {}
COMMAND: POST /session/f524b757760d5c60bd583e9ee049f297/element - {"using":"xpath","value":"//span[contains(@id ,\"AddNewHO--typeSelect-arrow\")]"}
RESULT: {"using":"xpath","value":"//span[contains(@id ,\"AddNewHO--typeSelect-arrow\")]"}
COMMAND: POST /session/f524b757760d5c60bd583e9ee049f297/element/f.21BCA9660A1D2E3CF9A692D178FDB716.d.F1971DF958E4DE84F9677B25DC1FA5F7.e.2208/click - {}
RESULT: {}
COMMAND: POST /session/f524b757760d5c60bd583e9ee049f297/element - {"using":"xpath","value":"(//li[contains(text(), \"stock increase yard\")])[1]"}
COMMAND: GET /session/f524b757760d5c60bd583e9ee049f297/screenshot - {}
RESULT: {"using":"xpath","value":"(//li[contains(text(), \"stock increase yard\")])[1]"}
COMMAND: POST /session/f524b757760d5c60bd583e9ee049f297/element/f.21BCA9660A1D2E3CF9A692D178FDB716.d.F1971DF958E4DE84F9677B25DC1FA5F7.e.2209/click - {}
RESULT: {}
RESULT: {}
COMMAND: GET /session/f524b757760d5c60bd583e9ee049f297/screenshot - {}
RESULT: {}
COMMAND: POST /session/f524b757760d5c60bd583e9ee049f297/execute/async - {"script":"<script> [1562 bytes]","args":[{"selector":{"id":"application-managehandovers-display-component---AddNewHO--dueDate","interaction":{"idSuffix":"inner"}},"wdio_ui5_key":"applicationmanagehandovers-display-component---AddNewHO--dueDate"}]}
RESULT: {"script":"<script> [1562 bytes]","args":[{"selector":{"id":"application-managehandovers-display-component---AddNewHO--dueDate","interaction":{"idSuffix":"inner"}},"wdio_ui5_key":"applicationmanagehandovers-display-component---AddNewHO--dueDate"}]}
RESULT: undefined
COMMAND: POST /session/f524b757760d5c60bd583e9ee049f297/execute/async - {"script":"<script> [6424 bytes]","args":[{"element-6066-11e4-a52e-4f735466cecf":"f.21BCA9660A1D2E3CF9A692D178FDB716.d.F1971DF958E4DE84F9677B25DC1FA5F7.e.2212"},"setValue",["5/31/25"]]}
RESULT: {"script":"<script> [6424 bytes]","args":[{"element-6066-11e4-a52e-4f735466cecf":"f.21BCA9660A1D2E3CF9A692D178FDB716.d.F1971DF958E4DE84F9677B25DC1FA5F7.e.2212"},"setValue",["5/31/25"]]}
COMMAND: POST /session/f524b757760d5c60bd583e9ee049f297/element - {"using":"xpath","value":"//input[@id=\"generalSectionFrg--receiveYard-inner\"]"}
RESULT: {"using":"xpath","value":"//input[@id=\"generalSectionFrg--receiveYard-inner\"]"}
COMMAND: POST /session/f524b757760d5c60bd583e9ee049f297/element/f.21BCA9660A1D2E3CF9A692D178FDB716.d.F1971DF958E4DE84F9677B25DC1FA5F7.e.2218/clear - {}
RESULT: {}
COMMAND: POST /session/f524b757760d5c60bd583e9ee049f297/element/f.21BCA9660A1D2E3CF9A692D178FDB716.d.F1971DF958E4DE84F9677B25DC1FA5F7.e.2218/value - {"text":"WebdriverWHMYardm79n5"}
COMMAND: GET /session/f524b757760d5c60bd583e9ee049f297/screenshot - {}
RESULT: {"text":"WebdriverWHMYardm79n5"}
COMMAND: GET /session/f524b757760d5c60bd583e9ee049f297/screenshot - {}
RESULT: {}
RESULT: {}
COMMAND: POST /session/f524b757760d5c60bd583e9ee049f297/execute/async - {"script":"<script> [1562 bytes]","args":[{"selector":{"id":"application-managehandovers-display-component---AddNewHO--ObjectPageLayout-anchBar-application-managehandovers-display-component---AddNewHO--section4-anchor","interaction":{"idSuffix":"BDI-content"}},"wdio_ui5_key":"applicationmanagehandovers-display-component---AddNewHO--ObjectPageLayout-anchBar-application-managehandovers-display-component---AddNewHO--section4-anchor"}]}
RESULT: {"script":"<script> [1562 bytes]","args":[{"selector":{"id":"application-managehandovers-display-component---AddNewHO--ObjectPageLayout-anchBar-application-managehandovers-display-component---AddNewHO--section4-anchor","interaction":{"idSuffix":"BDI-content"}},"wdio_ui5_key":"applicationmanagehandovers-display-component---AddNewHO--ObjectPageLayout-anchBar-application-managehandovers-display-component---AddNewHO--section4-anchor"}]}
RESULT: undefined
COMMAND: POST /session/f524b757760d5c60bd583e9ee049f297/element - {"using":"xpath","value":"//*[@id=\"application-managehandovers-display-component---AddNewHO--ObjectPageLayout-anchBar-application-managehandovers-display-component---AddNewHO--section4-anchor\"]"}
RESULT: {"using":"xpath","value":"//*[@id=\"application-managehandovers-display-component---AddNewHO--ObjectPageLayout-anchBar-application-managehandovers-display-component---AddNewHO--section4-anchor\"]"}
COMMAND: POST /session/f524b757760d5c60bd583e9ee049f297/element/f.21BCA9660A1D2E3CF9A692D178FDB716.d.F1971DF958E4DE84F9677B25DC1FA5F7.e.2237/click - {}
RESULT: {}
COMMAND: GET /session/f524b757760d5c60bd583e9ee049f297/screenshot - {}
RESULT: {}
COMMAND: POST /session/f524b757760d5c60bd583e9ee049f297/element - {"using":"xpath","value":"//button[@aria-label=\"Add\"]"}
RESULT: {"using":"xpath","value":"//button[@aria-label=\"Add\"]"}
COMMAND: POST /session/f524b757760d5c60bd583e9ee049f297/element/f.21BCA9660A1D2E3CF9A692D178FDB716.d.F1971DF958E4DE84F9677B25DC1FA5F7.e.2241/click - {}
RESULT: {}
COMMAND: GET /session/f524b757760d5c60bd583e9ee049f297/screenshot - {}
RESULT: {}
COMMAND: POST /session/f524b757760d5c60bd583e9ee049f297/execute/async - {"script":"<script> [1562 bytes]","args":[{"selector":{"id":"application-managehandovers-display-component---AddNewHO--smartFilterBar-btnBasicSearch","searchOpenDialogs":true,"interaction":{"idSuffix":"I"}},"wdio_ui5_key":"applicationmanagehandovers-display-component---AddNewHO--smartFilterBar-btnBasicSearch"}]}
RESULT: {"script":"<script> [1562 bytes]","args":[{"selector":{"id":"application-managehandovers-display-component---AddNewHO--smartFilterBar-btnBasicSearch","searchOpenDialogs":true,"interaction":{"idSuffix":"I"}},"wdio_ui5_key":"applicationmanagehandovers-display-component---AddNewHO--smartFilterBar-btnBasicSearch"}]}
RESULT: undefined
COMMAND: POST /session/f524b757760d5c60bd583e9ee049f297/execute/async - {"script":"<script> [776 bytes]","args":[{"enterText":"WebdriverMatTestnvrvr","selector":{"id":"application-managehandovers-display-component---AddNewHO--smartFilterBar-btnBasicSearch","searchOpenDialogs":true,"interaction":{"idSuffix":"I"}},"clearTextFirst":true,"interactionType":"ENTER_TEXT"}]}
RESULT: {"script":"<script> [776 bytes]","args":[{"enterText":"WebdriverMatTestnvrvr","selector":{"id":"application-managehandovers-display-component---AddNewHO--smartFilterBar-btnBasicSearch","searchOpenDialogs":true,"interaction":{"idSuffix":"I"}},"clearTextFirst":true,"interactionType":"ENTER_TEXT"}]}
COMMAND: POST /session/f524b757760d5c60bd583e9ee049f297/actions - {"actions":[{"id":"action7","type":"key","parameters":{},"actions":[{"type":"keyDown","value":""},{"type":"pause","duration":10},{"type":"keyUp","value":""}]}]}
RESULT: {"actions":[{"id":"action7","type":"key","parameters":{},"actions":[{"type":"keyDown","value":""},{"type":"pause","duration":10},{"type":"keyUp","value":""}]}]}
COMMAND: POST /session/f524b757760d5c60bd583e9ee049f297/execute/async - {"script":"<script> [1562 bytes]","args":[{"selector":{"id":"application-managehandovers-display-component---AddNewHO--popup-sa","searchOpenDialogs":true,"interaction":{"idSuffix":"CbBg"}},"wdio_ui5_key":"applicationmanagehandovers-display-component---AddNewHO--popup-sa"}]}
COMMAND: GET /session/f524b757760d5c60bd583e9ee049f297/screenshot - {}
RESULT: {"script":"<script> [1562 bytes]","args":[{"selector":{"id":"application-managehandovers-display-component---AddNewHO--popup-sa","searchOpenDialogs":true,"interaction":{"idSuffix":"CbBg"}},"wdio_ui5_key":"applicationmanagehandovers-display-component---AddNewHO--popup-sa"}]}
RESULT: undefined
COMMAND: POST /session/f524b757760d5c60bd583e9ee049f297/element - {"using":"xpath","value":"//*[@id=\"application-managehandovers-display-component---AddNewHO--popup-sa\"]"}
RESULT: {}
RESULT: {"using":"xpath","value":"//*[@id=\"application-managehandovers-display-component---AddNewHO--popup-sa\"]"}
COMMAND: POST /session/f524b757760d5c60bd583e9ee049f297/element/f.21BCA9660A1D2E3CF9A692D178FDB716.d.F1971DF958E4DE84F9677B25DC1FA5F7.e.2396/click - {}
RESULT: {}
COMMAND: GET /session/f524b757760d5c60bd583e9ee049f297/screenshot - {}
RESULT: {}
COMMAND: POST /session/f524b757760d5c60bd583e9ee049f297/element - {"using":"xpath","value":"//bdi[contains(text(), \"Select\")]"}
RESULT: {"using":"xpath","value":"//bdi[contains(text(), \"Select\")]"}
COMMAND: POST /session/f524b757760d5c60bd583e9ee049f297/element/f.21BCA9660A1D2E3CF9A692D178FDB716.d.F1971DF958E4DE84F9677B25DC1FA5F7.e.2397/click - {}
RESULT: {}
COMMAND: GET /session/f524b757760d5c60bd583e9ee049f297/screenshot - {}
RESULT: {}
COMMAND: POST /session/f524b757760d5c60bd583e9ee049f297/element - {"using":"xpath","value":"//button[@data-kt=\"AddNewHOSaveButton\"]"}
RESULT: {"using":"xpath","value":"//button[@data-kt=\"AddNewHOSaveButton\"]"}
COMMAND: POST /session/f524b757760d5c60bd583e9ee049f297/element/f.21BCA9660A1D2E3CF9A692D178FDB716.d.F1971DF958E4DE84F9677B25DC1FA5F7.e.2401/click - {}
RESULT: {}
COMMAND: GET /session/f524b757760d5c60bd583e9ee049f297/screenshot - {}
RESULT: {}
COMMAND: POST /session/f524b757760d5c60bd583e9ee049f297/execute/async - {"script":"<script> [1562 bytes]","args":[{"selector":{"id":"receiptDatePicker","viewName":"etm.portal.ui.managehandovers.view.DetailExecuteHO","interaction":{"idSuffix":"inner"}},"wdio_ui5_key":"receiptDatePickeretmportal.ui.managehandovers.view.DetailExecuteHO"}]}
RESULT: {"script":"<script> [1562 bytes]","args":[{"selector":{"id":"receiptDatePicker","viewName":"etm.portal.ui.managehandovers.view.DetailExecuteHO","interaction":{"idSuffix":"inner"}},"wdio_ui5_key":"receiptDatePickeretmportal.ui.managehandovers.view.DetailExecuteHO"}]}
RESULT: undefined
COMMAND: POST /session/f524b757760d5c60bd583e9ee049f297/execute/async - {"script":"<script> [6424 bytes]","args":[{"element-6066-11e4-a52e-4f735466cecf":"f.21BCA9660A1D2E3CF9A692D178FDB716.d.F1971DF958E4DE84F9677B25DC1FA5F7.e.2430"},"setValue",["5/31/25"]]}
RESULT: {"script":"<script> [6424 bytes]","args":[{"element-6066-11e4-a52e-4f735466cecf":"f.21BCA9660A1D2E3CF9A692D178FDB716.d.F1971DF958E4DE84F9677B25DC1FA5F7.e.2430"},"setValue",["5/31/25"]]}
COMMAND: POST /session/f524b757760d5c60bd583e9ee049f297/element - {"using":"xpath","value":"//button[@data-kt=\"ReceivingTableConfirmAllButton\"]"}
RESULT: {"using":"xpath","value":"//button[@data-kt=\"ReceivingTableConfirmAllButton\"]"}
COMMAND: POST /session/f524b757760d5c60bd583e9ee049f297/element/f.21BCA9660A1D2E3CF9A692D178FDB716.d.F1971DF958E4DE84F9677B25DC1FA5F7.e.2448/click - {}
RESULT: {}
COMMAND: GET /session/f524b757760d5c60bd583e9ee049f297/screenshot - {}
RESULT: {}
COMMAND: POST /session/f524b757760d5c60bd583e9ee049f297/element - {"using":"xpath","value":"//bdi[contains(text(), \"OK\")]"}
RESULT: {"using":"xpath","value":"//bdi[contains(text(), \"OK\")]"}
COMMAND: POST /session/f524b757760d5c60bd583e9ee049f297/element/f.21BCA9660A1D2E3CF9A692D178FDB716.d.F1971DF958E4DE84F9677B25DC1FA5F7.e.2450/click - {}
RESULT: {}
COMMAND: GET /session/f524b757760d5c60bd583e9ee049f297/screenshot - {}
RESULT: {}
COMMAND: POST /session/f524b757760d5c60bd583e9ee049f297/element - {"using":"xpath","value":"(//bdi[contains(text(), \"Receive\")])[2]"}
RESULT: {"using":"xpath","value":"(//bdi[contains(text(), \"Receive\")])[2]"}
COMMAND: POST /session/f524b757760d5c60bd583e9ee049f297/element/f.21BCA9660A1D2E3CF9A692D178FDB716.d.F1971DF958E4DE84F9677B25DC1FA5F7.e.2452/click - {}
RESULT: {}
COMMAND: GET /session/f524b757760d5c60bd583e9ee049f297/screenshot - {}
RESULT: {}
COMMAND: POST /session/f524b757760d5c60bd583e9ee049f297/element - {"using":"css selector","value":"#shell-header-logo"}
RESULT: {"using":"css selector","value":"#shell-header-logo"}
COMMAND: POST /session/f524b757760d5c60bd583e9ee049f297/element/f.21BCA9660A1D2E3CF9A692D178FDB716.d.F1971DF958E4DE84F9677B25DC1FA5F7.e.1862/click - {}
RESULT: {}
COMMAND: GET /session/f524b757760d5c60bd583e9ee049f297/screenshot - {}
RESULT: {}
]]></system-out>
    </testcase>
    <testcase classname="chrome.136_0_7103_93.windows.Warehouse_movements_inventory_test" name="Verify the warehouse movement" time="56.259">
      <system-out><![CDATA[
COMMAND: POST /session/f524b757760d5c60bd583e9ee049f297/execute/async - {"script":"<script> [1562 bytes]","args":[{"selector":{"controlType":"sap.m.GenericTile","properties":{"header":"Manage Warehouse Movements"}},"wdio_ui5_key":"sapm.GenericTile{\"header\":\"Manage Warehouse Movements\"}"}]}
RESULT: {"script":"<script> [1562 bytes]","args":[{"selector":{"controlType":"sap.m.GenericTile","properties":{"header":"Manage Warehouse Movements"}},"wdio_ui5_key":"sapm.GenericTile{\"header\":\"Manage Warehouse Movements\"}"}]}
RESULT: undefined
COMMAND: POST /session/f524b757760d5c60bd583e9ee049f297/element - {"using":"xpath","value":"//*[@id=\"__tile105\"]"}
RESULT: {"using":"xpath","value":"//*[@id=\"__tile105\"]"}
COMMAND: POST /session/f524b757760d5c60bd583e9ee049f297/element/f.21BCA9660A1D2E3CF9A692D178FDB716.d.F1971DF958E4DE84F9677B25DC1FA5F7.e.2599/click - {}
RESULT: {}
COMMAND: GET /session/f524b757760d5c60bd583e9ee049f297/screenshot - {}
RESULT: {}
COMMAND: POST /session/f524b757760d5c60bd583e9ee049f297/elements - {"using":"xpath","value":"//span[text()='Error']"}
RESULT: {"using":"xpath","value":"//span[text()='Error']"}
COMMAND: POST /session/f524b757760d5c60bd583e9ee049f297/execute/async - {"script":"<script> [1562 bytes]","args":[{"selector":{"id":"application-warehousemovements-display-component---warehouseMovements--smartFilterBar-filterItemControl_BASIC-YARD-vhi"},"wdio_ui5_key":"applicationwarehousemovements-display-component---warehouseMovements--smartFilterBar-filterItemControl_BASIC-YARD-vhi"}]}
RESULT: {"script":"<script> [1562 bytes]","args":[{"selector":{"id":"application-warehousemovements-display-component---warehouseMovements--smartFilterBar-filterItemControl_BASIC-YARD-vhi"},"wdio_ui5_key":"applicationwarehousemovements-display-component---warehouseMovements--smartFilterBar-filterItemControl_BASIC-YARD-vhi"}]}
RESULT: undefined
COMMAND: POST /session/f524b757760d5c60bd583e9ee049f297/element - {"using":"xpath","value":"//*[@id=\"application-warehousemovements-display-component---warehouseMovements--smartFilterBar-filterItemControl_BASIC-YARD-vhi\"]"}
RESULT: {"using":"xpath","value":"//*[@id=\"application-warehousemovements-display-component---warehouseMovements--smartFilterBar-filterItemControl_BASIC-YARD-vhi\"]"}
COMMAND: POST /session/f524b757760d5c60bd583e9ee049f297/element/f.21BCA9660A1D2E3CF9A692D178FDB716.d.F1971DF958E4DE84F9677B25DC1FA5F7.e.2690/click - {}
RESULT: {}
COMMAND: GET /session/f524b757760d5c60bd583e9ee049f297/screenshot - {}
RESULT: {}
COMMAND: POST /session/f524b757760d5c60bd583e9ee049f297/execute/async - {"script":"<script> [1562 bytes]","args":[{"selector":{"id":"application-warehousemovements-display-component---warehouseMovements--smartFilterBar-filterItemControl_BASIC-YARD-valueHelpDialog-smartFilterBar-btnBasicSearch","searchOpenDialogs":true,"interaction":{"idSuffix":"I"}},"wdio_ui5_key":"applicationwarehousemovements-display-component---warehouseMovements--smartFilterBar-filterItemControl_BASIC-YARD-valueHelpDialog-smartFilterBar-btnBasicSearch"}]}
RESULT: {"script":"<script> [1562 bytes]","args":[{"selector":{"id":"application-warehousemovements-display-component---warehouseMovements--smartFilterBar-filterItemControl_BASIC-YARD-valueHelpDialog-smartFilterBar-btnBasicSearch","searchOpenDialogs":true,"interaction":{"idSuffix":"I"}},"wdio_ui5_key":"applicationwarehousemovements-display-component---warehouseMovements--smartFilterBar-filterItemControl_BASIC-YARD-valueHelpDialog-smartFilterBar-btnBasicSearch"}]}
RESULT: undefined
COMMAND: POST /session/f524b757760d5c60bd583e9ee049f297/execute/async - {"script":"<script> [776 bytes]","args":[{"enterText":"WebdriverWHMYardm79n5","selector":{"id":"application-warehousemovements-display-component---warehouseMovements--smartFilterBar-filterItemControl_BASIC-YARD-valueHelpDialog-smartFilterBar-btnBasicSearch","searchOpenDialogs":true,"interaction":{"idSuffix":"I"}},"clearTextFirst":true,"interactionType":"ENTER_TEXT"}]}
RESULT: {"script":"<script> [776 bytes]","args":[{"enterText":"WebdriverWHMYardm79n5","selector":{"id":"application-warehousemovements-display-component---warehouseMovements--smartFilterBar-filterItemControl_BASIC-YARD-valueHelpDialog-smartFilterBar-btnBasicSearch","searchOpenDialogs":true,"interaction":{"idSuffix":"I"}},"clearTextFirst":true,"interactionType":"ENTER_TEXT"}]}
COMMAND: POST /session/f524b757760d5c60bd583e9ee049f297/actions - {"actions":[{"id":"action8","type":"key","parameters":{},"actions":[{"type":"keyDown","value":""},{"type":"pause","duration":10},{"type":"keyUp","value":""}]}]}
RESULT: {"actions":[{"id":"action8","type":"key","parameters":{},"actions":[{"type":"keyDown","value":""},{"type":"pause","duration":10},{"type":"keyUp","value":""}]}]}
COMMAND: GET /session/f524b757760d5c60bd583e9ee049f297/screenshot - {}
RESULT: {}
COMMAND: POST /session/f524b757760d5c60bd583e9ee049f297/element - {"using":"xpath","value":"//div[@id='application-warehousemovements-display-component---warehouseMovements--smartFilterBar-filterItemControl_BASIC-YARD-valueHelpDialog-table-rowsel0']"}
RESULT: {"using":"xpath","value":"//div[@id='application-warehousemovements-display-component---warehouseMovements--smartFilterBar-filterItemControl_BASIC-YARD-valueHelpDialog-table-rowsel0']"}
COMMAND: POST /session/f524b757760d5c60bd583e9ee049f297/element/f.21BCA9660A1D2E3CF9A692D178FDB716.d.F1971DF958E4DE84F9677B25DC1FA5F7.e.2699/click - {}
RESULT: {}
COMMAND: POST /session/f524b757760d5c60bd583e9ee049f297/execute/async - {"script":"<script> [1562 bytes]","args":[{"selector":{"id":"application-warehousemovements-display-component---warehouseMovements--smartFilterBar-filterItemControl_BASIC-YARD-valueHelpDialog-ok","searchOpenDialogs":true,"interaction":{"idSuffix":"BDI-content"}},"wdio_ui5_key":"applicationwarehousemovements-display-component---warehouseMovements--smartFilterBar-filterItemControl_BASIC-YARD-valueHelpDialog-ok"}]}
COMMAND: GET /session/f524b757760d5c60bd583e9ee049f297/screenshot - {}
RESULT: {"script":"<script> [1562 bytes]","args":[{"selector":{"id":"application-warehousemovements-display-component---warehouseMovements--smartFilterBar-filterItemControl_BASIC-YARD-valueHelpDialog-ok","searchOpenDialogs":true,"interaction":{"idSuffix":"BDI-content"}},"wdio_ui5_key":"applicationwarehousemovements-display-component---warehouseMovements--smartFilterBar-filterItemControl_BASIC-YARD-valueHelpDialog-ok"}]}
RESULT: undefined
COMMAND: POST /session/f524b757760d5c60bd583e9ee049f297/element - {"using":"xpath","value":"//*[@id=\"application-warehousemovements-display-component---warehouseMovements--smartFilterBar-filterItemControl_BASIC-YARD-valueHelpDialog-ok\"]"}
RESULT: {}
RESULT: {"using":"xpath","value":"//*[@id=\"application-warehousemovements-display-component---warehouseMovements--smartFilterBar-filterItemControl_BASIC-YARD-valueHelpDialog-ok\"]"}
COMMAND: POST /session/f524b757760d5c60bd583e9ee049f297/element/f.21BCA9660A1D2E3CF9A692D178FDB716.d.F1971DF958E4DE84F9677B25DC1FA5F7.e.2702/click - {}
RESULT: {}
COMMAND: POST /session/f524b757760d5c60bd583e9ee049f297/execute/async - {"script":"<script> [1562 bytes]","args":[{"selector":{"controlType":"sap.ui.core.Icon","viewName":"etm.portal.ui.warehousemovements.view.MasterMovement","viewId":"application-warehousemovements-display-component---warehouseMovements","properties":{"src":{"regex":{"source":"add"}}}},"wdio_ui5_key":"etmportal.ui.warehousemovements.view.MasterMovementsap.ui.core.Icon{\"src\":{\"regex\":{\"source\":\"add\"}}}"}]}
COMMAND: GET /session/f524b757760d5c60bd583e9ee049f297/screenshot - {}
RESULT: {"script":"<script> [1562 bytes]","args":[{"selector":{"controlType":"sap.ui.core.Icon","viewName":"etm.portal.ui.warehousemovements.view.MasterMovement","viewId":"application-warehousemovements-display-component---warehouseMovements","properties":{"src":{"regex":{"source":"add"}}}},"wdio_ui5_key":"etmportal.ui.warehousemovements.view.MasterMovementsap.ui.core.Icon{\"src\":{\"regex\":{\"source\":\"add\"}}}"}]}
RESULT: undefined
COMMAND: POST /session/f524b757760d5c60bd583e9ee049f297/element - {"using":"xpath","value":"//*[@id=\"__button77-img\"]"}
RESULT: {}
RESULT: {"using":"xpath","value":"//*[@id=\"__button77-img\"]"}
COMMAND: POST /session/f524b757760d5c60bd583e9ee049f297/element/f.21BCA9660A1D2E3CF9A692D178FDB716.d.F1971DF958E4DE84F9677B25DC1FA5F7.e.2636/click - {}
RESULT: {}
COMMAND: POST /session/f524b757760d5c60bd583e9ee049f297/element - {"using":"xpath","value":"//input[contains(@id ,\"application-warehousemovements-display-component---addMovement--sectionsList-inner\")]"}
COMMAND: GET /session/f524b757760d5c60bd583e9ee049f297/screenshot - {}
RESULT: {"using":"xpath","value":"//input[contains(@id ,\"application-warehousemovements-display-component---addMovement--sectionsList-inner\")]"}
COMMAND: POST /session/f524b757760d5c60bd583e9ee049f297/elements - {"using":"xpath","value":"//input[contains(@id ,\"application-warehousemovements-display-component---addMovement--sectionsList-inner\")]"}
RESULT: {}
RESULT: {"using":"xpath","value":"//input[contains(@id ,\"application-warehousemovements-display-component---addMovement--sectionsList-inner\")]"}
COMMAND: POST /session/f524b757760d5c60bd583e9ee049f297/elements - {"using":"xpath","value":"//input[contains(@id ,\"application-warehousemovements-display-component---addMovement--sectionsList-inner\")]"}
RESULT: {"using":"xpath","value":"//input[contains(@id ,\"application-warehousemovements-display-component---addMovement--sectionsList-inner\")]"}
COMMAND: POST /session/f524b757760d5c60bd583e9ee049f297/elements - {"using":"xpath","value":"//input[contains(@id ,\"application-warehousemovements-display-component---addMovement--sectionsList-inner\")]"}
RESULT: {"using":"xpath","value":"//input[contains(@id ,\"application-warehousemovements-display-component---addMovement--sectionsList-inner\")]"}
COMMAND: POST /session/f524b757760d5c60bd583e9ee049f297/element - {"using":"xpath","value":"//input[contains(@id ,\"application-warehousemovements-display-component---addMovement--sectionsList-inner\")]"}
RESULT: {"using":"xpath","value":"//input[contains(@id ,\"application-warehousemovements-display-component---addMovement--sectionsList-inner\")]"}
COMMAND: POST /session/f524b757760d5c60bd583e9ee049f297/element/f.21BCA9660A1D2E3CF9A692D178FDB716.d.F1971DF958E4DE84F9677B25DC1FA5F7.e.2767/clear - {}
RESULT: {}
COMMAND: POST /session/f524b757760d5c60bd583e9ee049f297/element/f.21BCA9660A1D2E3CF9A692D178FDB716.d.F1971DF958E4DE84F9677B25DC1FA5F7.e.2767/value - {"text":"Secyg31l"}
COMMAND: GET /session/f524b757760d5c60bd583e9ee049f297/screenshot - {}
RESULT: {"text":"Secyg31l"}
COMMAND: GET /session/f524b757760d5c60bd583e9ee049f297/screenshot - {}
RESULT: {}
RESULT: {}
COMMAND: POST /session/f524b757760d5c60bd583e9ee049f297/actions - {"actions":[{"id":"action9","type":"key","parameters":{},"actions":[{"type":"keyDown","value":""},{"type":"pause","duration":10},{"type":"keyUp","value":""}]}]}
RESULT: {"actions":[{"id":"action9","type":"key","parameters":{},"actions":[{"type":"keyDown","value":""},{"type":"pause","duration":10},{"type":"keyUp","value":""}]}]}
COMMAND: GET /session/f524b757760d5c60bd583e9ee049f297/screenshot - {}
RESULT: {}
COMMAND: POST /session/f524b757760d5c60bd583e9ee049f297/execute/async - {"script":"<script> [1562 bytes]","args":[{"selector":{"id":"application-warehousemovements-display-component---addMovement--addItem-img"},"wdio_ui5_key":"applicationwarehousemovements-display-component---addMovement--addItem-img"}]}
RESULT: {"script":"<script> [1562 bytes]","args":[{"selector":{"id":"application-warehousemovements-display-component---addMovement--addItem-img"},"wdio_ui5_key":"applicationwarehousemovements-display-component---addMovement--addItem-img"}]}
RESULT: undefined
COMMAND: POST /session/f524b757760d5c60bd583e9ee049f297/element - {"using":"xpath","value":"//*[@id=\"application-warehousemovements-display-component---addMovement--addItem-img\"]"}
RESULT: {"using":"xpath","value":"//*[@id=\"application-warehousemovements-display-component---addMovement--addItem-img\"]"}
COMMAND: POST /session/f524b757760d5c60bd583e9ee049f297/element/f.21BCA9660A1D2E3CF9A692D178FDB716.d.F1971DF958E4DE84F9677B25DC1FA5F7.e.2751/click - {}
RESULT: {}
COMMAND: POST /session/f524b757760d5c60bd583e9ee049f297/execute/async - {"script":"<script> [1562 bytes]","args":[{"selector":{"id":"movementItemsPopUp--invSearch","searchOpenDialogs":true,"interaction":{"idSuffix":"I"}},"wdio_ui5_key":"movementItemsPopUpinvSearch"}]}
COMMAND: GET /session/f524b757760d5c60bd583e9ee049f297/screenshot - {}
RESULT: {"script":"<script> [1562 bytes]","args":[{"selector":{"id":"movementItemsPopUp--invSearch","searchOpenDialogs":true,"interaction":{"idSuffix":"I"}},"wdio_ui5_key":"movementItemsPopUpinvSearch"}]}
RESULT: undefined
COMMAND: POST /session/f524b757760d5c60bd583e9ee049f297/execute/async - {"script":"<script> [776 bytes]","args":[{"enterText":"WebdriverMatTestnvrvr","selector":{"id":"movementItemsPopUp--invSearch","searchOpenDialogs":true,"interaction":{"idSuffix":"I"}},"clearTextFirst":true,"interactionType":"ENTER_TEXT"}]}
RESULT: {}
RESULT: {"script":"<script> [776 bytes]","args":[{"enterText":"WebdriverMatTestnvrvr","selector":{"id":"movementItemsPopUp--invSearch","searchOpenDialogs":true,"interaction":{"idSuffix":"I"}},"clearTextFirst":true,"interactionType":"ENTER_TEXT"}]}
COMMAND: POST /session/f524b757760d5c60bd583e9ee049f297/execute/async - {"script":"<script> [1562 bytes]","args":[{"selector":{"id":"movementItemsPopUp--movementItemsTable-sa","searchOpenDialogs":true,"interaction":{"idSuffix":"CbBg"}},"wdio_ui5_key":"movementItemsPopUpmovementItemsTable-sa"}]}
RESULT: {"script":"<script> [1562 bytes]","args":[{"selector":{"id":"movementItemsPopUp--movementItemsTable-sa","searchOpenDialogs":true,"interaction":{"idSuffix":"CbBg"}},"wdio_ui5_key":"movementItemsPopUpmovementItemsTable-sa"}]}
RESULT: undefined
COMMAND: POST /session/f524b757760d5c60bd583e9ee049f297/element - {"using":"xpath","value":"//*[@id=\"movementItemsPopUp--movementItemsTable-sa\"]"}
RESULT: {"using":"xpath","value":"//*[@id=\"movementItemsPopUp--movementItemsTable-sa\"]"}
COMMAND: POST /session/f524b757760d5c60bd583e9ee049f297/element/f.21BCA9660A1D2E3CF9A692D178FDB716.d.F1971DF958E4DE84F9677B25DC1FA5F7.e.2852/click - {}
RESULT: {}
COMMAND: POST /session/f524b757760d5c60bd583e9ee049f297/execute/async - {"script":"<script> [1562 bytes]","args":[{"selector":{"id":"movementItemsPopUp--createBtn","searchOpenDialogs":true,"interaction":{"idSuffix":"BDI-content"}},"wdio_ui5_key":"movementItemsPopUpcreateBtn"}]}
COMMAND: GET /session/f524b757760d5c60bd583e9ee049f297/screenshot - {}
RESULT: {"script":"<script> [1562 bytes]","args":[{"selector":{"id":"movementItemsPopUp--createBtn","searchOpenDialogs":true,"interaction":{"idSuffix":"BDI-content"}},"wdio_ui5_key":"movementItemsPopUpcreateBtn"}]}
RESULT: undefined
COMMAND: POST /session/f524b757760d5c60bd583e9ee049f297/element - {"using":"xpath","value":"//*[@id=\"movementItemsPopUp--createBtn\"]"}
RESULT: {}
RESULT: {"using":"xpath","value":"//*[@id=\"movementItemsPopUp--createBtn\"]"}
COMMAND: POST /session/f524b757760d5c60bd583e9ee049f297/element/f.21BCA9660A1D2E3CF9A692D178FDB716.d.F1971DF958E4DE84F9677B25DC1FA5F7.e.2854/click - {}
RESULT: {}
COMMAND: GET /session/f524b757760d5c60bd583e9ee049f297/screenshot - {}
RESULT: {}
COMMAND: POST /session/f524b757760d5c60bd583e9ee049f297/element - {"using":"css selector","value":"#j_username"}
COMMAND: POST /session/f524b757760d5c60bd583e9ee049f297/url - {"url":"https://qa-testing-00-live-etm-ui.cfapps.eu10-004.hana.ondemand.com/"}
RESULT: {"using":"css selector","value":"#j_username"}
COMMAND: POST /session/f524b757760d5c60bd583e9ee049f297/element - {"using":"css selector","value":"#j_username"}
RESULT: {"url":"https://qa-testing-00-live-etm-ui.cfapps.eu10-004.hana.ondemand.com/"}
RESULT: undefined
COMMAND: GET /session/f524b757760d5c60bd583e9ee049f297/screenshot - {}
RESULT: {"using":"css selector","value":"#j_username"}
COMMAND: POST /session/f524b757760d5c60bd583e9ee049f297/element - {"using":"css selector","value":"#shell-header-logo"}
RESULT: {}
RESULT: {"using":"css selector","value":"#shell-header-logo"}
COMMAND: POST /session/f524b757760d5c60bd583e9ee049f297/execute/sync - {"script":"<script> [8489 bytes]","args":[{"element-6066-11e4-a52e-4f735466cecf":"f.21BCA9660A1D2E3CF9A692D178FDB716.d.8E0CBDCD0D4C816A5FEEE1F0B05D524D.e.2864","ELEMENT":"f.21BCA9660A1D2E3CF9A692D178FDB716.d.8E0CBDCD0D4C816A5FEEE1F0B05D524D.e.2864"}]}
RESULT: {"script":"<script> [8489 bytes]","args":[{"element-6066-11e4-a52e-4f735466cecf":"f.21BCA9660A1D2E3CF9A692D178FDB716.d.8E0CBDCD0D4C816A5FEEE1F0B05D524D.e.2864","ELEMENT":"f.21BCA9660A1D2E3CF9A692D178FDB716.d.8E0CBDCD0D4C816A5FEEE1F0B05D524D.e.2864"}]}
COMMAND: POST /session/f524b757760d5c60bd583e9ee049f297/element - {"using":"css selector","value":"#shell-header-logo"}
COMMAND: GET /session/f524b757760d5c60bd583e9ee049f297/screenshot - {}
RESULT: {"using":"css selector","value":"#shell-header-logo"}
COMMAND: POST /session/f524b757760d5c60bd583e9ee049f297/execute/sync - {"script":"<script> [8489 bytes]","args":[{"element-6066-11e4-a52e-4f735466cecf":"f.21BCA9660A1D2E3CF9A692D178FDB716.d.8E0CBDCD0D4C816A5FEEE1F0B05D524D.e.2864","ELEMENT":"f.21BCA9660A1D2E3CF9A692D178FDB716.d.8E0CBDCD0D4C816A5FEEE1F0B05D524D.e.2864"}]}
RESULT: {}
RESULT: {"script":"<script> [8489 bytes]","args":[{"element-6066-11e4-a52e-4f735466cecf":"f.21BCA9660A1D2E3CF9A692D178FDB716.d.8E0CBDCD0D4C816A5FEEE1F0B05D524D.e.2864","ELEMENT":"f.21BCA9660A1D2E3CF9A692D178FDB716.d.8E0CBDCD0D4C816A5FEEE1F0B05D524D.e.2864"}]}
COMMAND: POST /session/f524b757760d5c60bd583e9ee049f297/execute/sync - {"script":"<script> [5351 bytes]","args":[{"element-6066-11e4-a52e-4f735466cecf":"f.21BCA9660A1D2E3CF9A692D178FDB716.d.8E0CBDCD0D4C816A5FEEE1F0B05D524D.e.2864","ELEMENT":"f.21BCA9660A1D2E3CF9A692D178FDB716.d.8E0CBDCD0D4C816A5FEEE1F0B05D524D.e.2864"}]}
COMMAND: GET /session/f524b757760d5c60bd583e9ee049f297/screenshot - {}
RESULT: {"script":"<script> [5351 bytes]","args":[{"element-6066-11e4-a52e-4f735466cecf":"f.21BCA9660A1D2E3CF9A692D178FDB716.d.8E0CBDCD0D4C816A5FEEE1F0B05D524D.e.2864","ELEMENT":"f.21BCA9660A1D2E3CF9A692D178FDB716.d.8E0CBDCD0D4C816A5FEEE1F0B05D524D.e.2864"}]}
COMMAND: POST /session/f524b757760d5c60bd583e9ee049f297/element - {"using":"css selector","value":"#shell-header-logo"}
COMMAND: GET /session/f524b757760d5c60bd583e9ee049f297/screenshot - {}
RESULT: {}
RESULT: {"using":"css selector","value":"#shell-header-logo"}
COMMAND: POST /session/f524b757760d5c60bd583e9ee049f297/element/f.21BCA9660A1D2E3CF9A692D178FDB716.d.8E0CBDCD0D4C816A5FEEE1F0B05D524D.e.2864/click - {}
RESULT: {}
RESULT: {}
COMMAND: GET /session/f524b757760d5c60bd583e9ee049f297/screenshot - {}
RESULT: {}
COMMAND: POST /session/f524b757760d5c60bd583e9ee049f297/execute/async - {"script":"<script> [189 bytes]","args":[]}
RESULT: {"script":"<script> [189 bytes]","args":[]}
COMMAND: POST /session/f524b757760d5c60bd583e9ee049f297/execute/async - {"script":"<script> [123 bytes]","args":[]}
RESULT: {"script":"<script> [123 bytes]","args":[]}
COMMAND: POST /session/f524b757760d5c60bd583e9ee049f297/timeouts - {"script":"<number>"}
RESULT: {"script":"<number>"}
COMMAND: GET /session/f524b757760d5c60bd583e9ee049f297/timeouts - {}
RESULT: {}
RESULT: undefined
COMMAND: POST /session/f524b757760d5c60bd583e9ee049f297/execute/async - {"script":"<script> [2676 bytes]","args":[]}
RESULT: {"script":"<script> [2676 bytes]","args":[]}
COMMAND: POST /session/f524b757760d5c60bd583e9ee049f297/execute/async - {"script":"<script> [2342 bytes]","args":[{"protocol":"http","hostname":"0.0.0.0","path":"/","capabilities":{"browserName":"chrome","goog:chromeOptions":{"binary":"C:\\Program Files\\Google\\Chrome\\Application\\chrome.exe","args":["--start-maximized"]}},"logLevel":"warn","connectionRetryTimeout":120000,"connectionRetryCount":3,"logLevels":{},"enableDirectConnect":true,"strictSSL":true,"_":"65 more keys: [\"cacheDir\",\"port\",\"requestedCapabilities\",\"automationProtocol\",\"baseUrl\",\"waitforInterval\",\"waitforTimeout\",\"onReload\",\"beforeCommand\",\"afterCommand\",\"rootDir\",\"specs\",\"suites\",\"exclude\",\"groupLogsByTestSpec\",\"excludeDriverLogs\",\"bail\",\"framework\",\"reporters\",\"services\",\"maxInstances\",\"maxInstancesPerCapability\",\"injectGlobals\",\"filesToWatch\",\"execArgv\",\"runnerEnv\",\"runner\",\"shard\",\"specFileRetries\",\"specFileRetriesDelay\",\"specFileRetriesDeferred\",\"reporterSyncInterval\",\"reporterSyncTimeout\",\"cucumberFeaturesWithLineNumbers\",\"autoCompileOpts\",\"mochaOpts\",\"jasmineOpts\",\"cucumberOpts\",\"onPrepare\",\"onWorkerStart\",\"onWorkerEnd\",\"before\",\"beforeSession\",\"beforeSuite\",\"beforeHook\",\"beforeTest\",\"afterTest\",\"afterHook\",\"afterSuite\",\"afterSession\",\"after\",\"onComplete\",\"beforeAssertion\",\"afterAssertion\",\"beforeFeature\",\"beforeScenario\",\"beforeStep\",\"afterStep\",\"afterScenario\",\"afterFeature\",\"_\",\"suite\",\"$0\",\"ignoredWorkerServices\",\"wdi5\"]"}]}
RESULT: {"script":"<script> [2342 bytes]","args":[{"protocol":"http","hostname":"0.0.0.0","path":"/","capabilities":{"browserName":"chrome","goog:chromeOptions":{"binary":"C:\\Program Files\\Google\\Chrome\\Application\\chrome.exe","args":["--start-maximized"]}},"logLevel":"warn","connectionRetryTimeout":120000,"connectionRetryCount":3,"logLevels":{},"enableDirectConnect":true,"strictSSL":true,"_":"65 more keys: [\"cacheDir\",\"port\",\"requestedCapabilities\",\"automationProtocol\",\"baseUrl\",\"waitforInterval\",\"waitforTimeout\",\"onReload\",\"beforeCommand\",\"afterCommand\",\"rootDir\",\"specs\",\"suites\",\"exclude\",\"groupLogsByTestSpec\",\"excludeDriverLogs\",\"bail\",\"framework\",\"reporters\",\"services\",\"maxInstances\",\"maxInstancesPerCapability\",\"injectGlobals\",\"filesToWatch\",\"execArgv\",\"runnerEnv\",\"runner\",\"shard\",\"specFileRetries\",\"specFileRetriesDelay\",\"specFileRetriesDeferred\",\"reporterSyncInterval\",\"reporterSyncTimeout\",\"cucumberFeaturesWithLineNumbers\",\"autoCompileOpts\",\"mochaOpts\",\"jasmineOpts\",\"cucumberOpts\",\"onPrepare\",\"onWorkerStart\",\"onWorkerEnd\",\"before\",\"beforeSession\",\"beforeSuite\",\"beforeHook\",\"beforeTest\",\"afterTest\",\"afterHook\",\"afterSuite\",\"afterSession\",\"after\",\"onComplete\",\"beforeAssertion\",\"afterAssertion\",\"beforeFeature\",\"beforeScenario\",\"beforeStep\",\"afterStep\",\"afterScenario\",\"afterFeature\",\"_\",\"suite\",\"$0\",\"ignoredWorkerServices\",\"wdi5\"]"}]}
COMMAND: POST /session/f524b757760d5c60bd583e9ee049f297/execute/async - {"script":"<script> [21126 bytes]","args":[35000]}
RESULT: {"script":"<script> [21126 bytes]","args":[35000]}
COMMAND: POST /session/f524b757760d5c60bd583e9ee049f297/window/maximize - {}
RESULT: {}
COMMAND: POST /session/f524b757760d5c60bd583e9ee049f297/execute/async - {"script":"<script> [1562 bytes]","args":[{"selector":{"id":"shell-header","interaction":{"idSuffix":"icon"}},"wdio_ui5_key":"shellheader"}]}
COMMAND: GET /session/f524b757760d5c60bd583e9ee049f297/screenshot - {}
RESULT: {"script":"<script> [1562 bytes]","args":[{"selector":{"id":"shell-header","interaction":{"idSuffix":"icon"}},"wdio_ui5_key":"shellheader"}]}
RESULT: undefined
COMMAND: POST /session/f524b757760d5c60bd583e9ee049f297/refresh - {}
RESULT: {}
RESULT: {}
COMMAND: GET /session/f524b757760d5c60bd583e9ee049f297/screenshot - {}
RESULT: {}
COMMAND: POST /session/f524b757760d5c60bd583e9ee049f297/refresh - {}
RESULT: {}
COMMAND: GET /session/f524b757760d5c60bd583e9ee049f297/screenshot - {}
RESULT: {}
COMMAND: POST /session/f524b757760d5c60bd583e9ee049f297/window/fullscreen - {}
RESULT: {}
COMMAND: POST /session/f524b757760d5c60bd583e9ee049f297/execute/async - {"script":"<script> [189 bytes]","args":[]}
RESULT: {"script":"<script> [189 bytes]","args":[]}
COMMAND: POST /session/f524b757760d5c60bd583e9ee049f297/execute/async - {"script":"<script> [123 bytes]","args":[]}
RESULT: {"script":"<script> [123 bytes]","args":[]}
COMMAND: POST /session/f524b757760d5c60bd583e9ee049f297/timeouts - {"script":"<number>"}
RESULT: {"script":"<number>"}
COMMAND: GET /session/f524b757760d5c60bd583e9ee049f297/timeouts - {}
RESULT: {}
RESULT: undefined
COMMAND: POST /session/f524b757760d5c60bd583e9ee049f297/execute/async - {"script":"<script> [2676 bytes]","args":[]}
RESULT: {"script":"<script> [2676 bytes]","args":[]}
COMMAND: POST /session/f524b757760d5c60bd583e9ee049f297/execute/async - {"script":"<script> [2342 bytes]","args":[{"protocol":"http","hostname":"0.0.0.0","path":"/","capabilities":{"browserName":"chrome","goog:chromeOptions":{"binary":"C:\\Program Files\\Google\\Chrome\\Application\\chrome.exe","args":["--start-maximized"]}},"logLevel":"warn","connectionRetryTimeout":120000,"connectionRetryCount":3,"logLevels":{},"enableDirectConnect":true,"strictSSL":true,"_":"65 more keys: [\"cacheDir\",\"port\",\"requestedCapabilities\",\"automationProtocol\",\"baseUrl\",\"waitforInterval\",\"waitforTimeout\",\"onReload\",\"beforeCommand\",\"afterCommand\",\"rootDir\",\"specs\",\"suites\",\"exclude\",\"groupLogsByTestSpec\",\"excludeDriverLogs\",\"bail\",\"framework\",\"reporters\",\"services\",\"maxInstances\",\"maxInstancesPerCapability\",\"injectGlobals\",\"filesToWatch\",\"execArgv\",\"runnerEnv\",\"runner\",\"shard\",\"specFileRetries\",\"specFileRetriesDelay\",\"specFileRetriesDeferred\",\"reporterSyncInterval\",\"reporterSyncTimeout\",\"cucumberFeaturesWithLineNumbers\",\"autoCompileOpts\",\"mochaOpts\",\"jasmineOpts\",\"cucumberOpts\",\"onPrepare\",\"onWorkerStart\",\"onWorkerEnd\",\"before\",\"beforeSession\",\"beforeSuite\",\"beforeHook\",\"beforeTest\",\"afterTest\",\"afterHook\",\"afterSuite\",\"afterSession\",\"after\",\"onComplete\",\"beforeAssertion\",\"afterAssertion\",\"beforeFeature\",\"beforeScenario\",\"beforeStep\",\"afterStep\",\"afterScenario\",\"afterFeature\",\"_\",\"suite\",\"$0\",\"ignoredWorkerServices\",\"wdi5\"]"}]}
RESULT: {"script":"<script> [2342 bytes]","args":[{"protocol":"http","hostname":"0.0.0.0","path":"/","capabilities":{"browserName":"chrome","goog:chromeOptions":{"binary":"C:\\Program Files\\Google\\Chrome\\Application\\chrome.exe","args":["--start-maximized"]}},"logLevel":"warn","connectionRetryTimeout":120000,"connectionRetryCount":3,"logLevels":{},"enableDirectConnect":true,"strictSSL":true,"_":"65 more keys: [\"cacheDir\",\"port\",\"requestedCapabilities\",\"automationProtocol\",\"baseUrl\",\"waitforInterval\",\"waitforTimeout\",\"onReload\",\"beforeCommand\",\"afterCommand\",\"rootDir\",\"specs\",\"suites\",\"exclude\",\"groupLogsByTestSpec\",\"excludeDriverLogs\",\"bail\",\"framework\",\"reporters\",\"services\",\"maxInstances\",\"maxInstancesPerCapability\",\"injectGlobals\",\"filesToWatch\",\"execArgv\",\"runnerEnv\",\"runner\",\"shard\",\"specFileRetries\",\"specFileRetriesDelay\",\"specFileRetriesDeferred\",\"reporterSyncInterval\",\"reporterSyncTimeout\",\"cucumberFeaturesWithLineNumbers\",\"autoCompileOpts\",\"mochaOpts\",\"jasmineOpts\",\"cucumberOpts\",\"onPrepare\",\"onWorkerStart\",\"onWorkerEnd\",\"before\",\"beforeSession\",\"beforeSuite\",\"beforeHook\",\"beforeTest\",\"afterTest\",\"afterHook\",\"afterSuite\",\"afterSession\",\"after\",\"onComplete\",\"beforeAssertion\",\"afterAssertion\",\"beforeFeature\",\"beforeScenario\",\"beforeStep\",\"afterStep\",\"afterScenario\",\"afterFeature\",\"_\",\"suite\",\"$0\",\"ignoredWorkerServices\",\"wdi5\"]"}]}
COMMAND: POST /session/f524b757760d5c60bd583e9ee049f297/execute/async - {"script":"<script> [21126 bytes]","args":[35000]}
RESULT: {"script":"<script> [21126 bytes]","args":[35000]}
]]></system-out>
    </testcase>
  </testsuite>
  <testsuite timestamp="2025-05-31T16:46:04" time="837.528" tests="7" failures="2" errors="2" skipped="0">
    <properties>
      <property name="specId" value="0"/>
      <property name="suiteName" value="Create masterdata for Yard Overview - trigger provide US130988"/>
      <property name="capabilities" value="chrome.136_0_7103_93.windows"/>
      <property name="file" value="file:///D:/a/1/s/test/specs/HTR/yard-movement-putaways.spec.js"/>
    </properties>
    <testcase classname="chrome.136_0_7103_93.windows.Create_masterdata_for_Yard_Overview_-_trigger_provide_US130988" name="Should create a new WHM yard" time="138.842">
      <system-out><![CDATA[
COMMAND: POST /session/f524b757760d5c60bd583e9ee049f297/window/fullscreen - {}
RESULT: {}
COMMAND: POST /session/f524b757760d5c60bd583e9ee049f297/execute/async - {"script":"<script> [1562 bytes]","args":[{"selector":{"controlType":"sap.m.GenericTile","properties":{"header":"Manage Yards"}},"wdio_ui5_key":"sapm.GenericTile{\"header\":\"Manage Yards\"}"}]}
RESULT: {"script":"<script> [1562 bytes]","args":[{"selector":{"controlType":"sap.m.GenericTile","properties":{"header":"Manage Yards"}},"wdio_ui5_key":"sapm.GenericTile{\"header\":\"Manage Yards\"}"}]}
RESULT: undefined
COMMAND: POST /session/f524b757760d5c60bd583e9ee049f297/element - {"using":"xpath","value":"//*[@id=\"__tile41\"]"}
RESULT: {"using":"xpath","value":"//*[@id=\"__tile41\"]"}
COMMAND: POST /session/f524b757760d5c60bd583e9ee049f297/element/f.21BCA9660A1D2E3CF9A692D178FDB716.d.32B8C31FD11D0B73F00E8843C2420A58.e.2917/click - {}
RESULT: {}
COMMAND: GET /session/f524b757760d5c60bd583e9ee049f297/screenshot - {}
RESULT: {}
COMMAND: POST /session/f524b757760d5c60bd583e9ee049f297/elements - {"using":"xpath","value":"//span[text()='Error']"}
RESULT: {"using":"xpath","value":"//span[text()='Error']"}
COMMAND: POST /session/f524b757760d5c60bd583e9ee049f297/element - {"using":"xpath","value":"//button[@data-kt=\"addNewYardOverflowToolbarButton\"]"}
RESULT: {"using":"xpath","value":"//button[@data-kt=\"addNewYardOverflowToolbarButton\"]"}
COMMAND: POST /session/f524b757760d5c60bd583e9ee049f297/elements - {"using":"xpath","value":"//button[@data-kt=\"addNewYardOverflowToolbarButton\"]"}
RESULT: {"using":"xpath","value":"//button[@data-kt=\"addNewYardOverflowToolbarButton\"]"}
COMMAND: POST /session/f524b757760d5c60bd583e9ee049f297/elements - {"using":"xpath","value":"//button[@data-kt=\"addNewYardOverflowToolbarButton\"]"}
RESULT: {"using":"xpath","value":"//button[@data-kt=\"addNewYardOverflowToolbarButton\"]"}
COMMAND: POST /session/f524b757760d5c60bd583e9ee049f297/elements - {"using":"xpath","value":"//button[@data-kt=\"addNewYardOverflowToolbarButton\"]"}
RESULT: {"using":"xpath","value":"//button[@data-kt=\"addNewYardOverflowToolbarButton\"]"}
COMMAND: POST /session/f524b757760d5c60bd583e9ee049f297/element - {"using":"xpath","value":"//button[@data-kt=\"addNewYardOverflowToolbarButton\"]"}
RESULT: {"using":"xpath","value":"//button[@data-kt=\"addNewYardOverflowToolbarButton\"]"}
COMMAND: POST /session/f524b757760d5c60bd583e9ee049f297/execute/sync - {"script":"<script> [8489 bytes]","args":[{"element-6066-11e4-a52e-4f735466cecf":"f.21BCA9660A1D2E3CF9A692D178FDB716.d.32B8C31FD11D0B73F00E8843C2420A58.e.3049","ELEMENT":"f.21BCA9660A1D2E3CF9A692D178FDB716.d.32B8C31FD11D0B73F00E8843C2420A58.e.3049"}]}
RESULT: {"script":"<script> [8489 bytes]","args":[{"element-6066-11e4-a52e-4f735466cecf":"f.21BCA9660A1D2E3CF9A692D178FDB716.d.32B8C31FD11D0B73F00E8843C2420A58.e.3049","ELEMENT":"f.21BCA9660A1D2E3CF9A692D178FDB716.d.32B8C31FD11D0B73F00E8843C2420A58.e.3049"}]}
COMMAND: GET /session/f524b757760d5c60bd583e9ee049f297/element/f.21BCA9660A1D2E3CF9A692D178FDB716.d.32B8C31FD11D0B73F00E8843C2420A58.e.3049/enabled - {}
COMMAND: GET /session/f524b757760d5c60bd583e9ee049f297/screenshot - {}
RESULT: {}
COMMAND: POST /session/f524b757760d5c60bd583e9ee049f297/execute/sync - {"script":"<script> [8489 bytes]","args":[{"element-6066-11e4-a52e-4f735466cecf":"f.21BCA9660A1D2E3CF9A692D178FDB716.d.32B8C31FD11D0B73F00E8843C2420A58.e.3049","ELEMENT":"f.21BCA9660A1D2E3CF9A692D178FDB716.d.32B8C31FD11D0B73F00E8843C2420A58.e.3049"}]}
COMMAND: GET /session/f524b757760d5c60bd583e9ee049f297/screenshot - {}
RESULT: {}
RESULT: {"script":"<script> [8489 bytes]","args":[{"element-6066-11e4-a52e-4f735466cecf":"f.21BCA9660A1D2E3CF9A692D178FDB716.d.32B8C31FD11D0B73F00E8843C2420A58.e.3049","ELEMENT":"f.21BCA9660A1D2E3CF9A692D178FDB716.d.32B8C31FD11D0B73F00E8843C2420A58.e.3049"}]}
COMMAND: POST /session/f524b757760d5c60bd583e9ee049f297/execute/sync - {"script":"<script> [5351 bytes]","args":[{"element-6066-11e4-a52e-4f735466cecf":"f.21BCA9660A1D2E3CF9A692D178FDB716.d.32B8C31FD11D0B73F00E8843C2420A58.e.3049","ELEMENT":"f.21BCA9660A1D2E3CF9A692D178FDB716.d.32B8C31FD11D0B73F00E8843C2420A58.e.3049"}]}
COMMAND: GET /session/f524b757760d5c60bd583e9ee049f297/screenshot - {}
RESULT: {}
RESULT: {"script":"<script> [5351 bytes]","args":[{"element-6066-11e4-a52e-4f735466cecf":"f.21BCA9660A1D2E3CF9A692D178FDB716.d.32B8C31FD11D0B73F00E8843C2420A58.e.3049","ELEMENT":"f.21BCA9660A1D2E3CF9A692D178FDB716.d.32B8C31FD11D0B73F00E8843C2420A58.e.3049"}]}
COMMAND: POST /session/f524b757760d5c60bd583e9ee049f297/element/f.21BCA9660A1D2E3CF9A692D178FDB716.d.32B8C31FD11D0B73F00E8843C2420A58.e.3049/click - {}
COMMAND: GET /session/f524b757760d5c60bd583e9ee049f297/screenshot - {}
RESULT: {}
RESULT: {}
COMMAND: GET /session/f524b757760d5c60bd583e9ee049f297/screenshot - {}
COMMAND: POST /session/f524b757760d5c60bd583e9ee049f297/element - {"using":"xpath","value":"//input[@id=\"application-manageyards-display-component---NewYard--yardId-inner\"]"}
RESULT: {}
RESULT: {}
RESULT: {"using":"xpath","value":"//input[@id=\"application-manageyards-display-component---NewYard--yardId-inner\"]"}
COMMAND: POST /session/f524b757760d5c60bd583e9ee049f297/element - {"using":"xpath","value":"//input[@id=\"application-manageyards-display-component---NewYard--yardId-inner\"]"}
RESULT: {"using":"xpath","value":"//input[@id=\"application-manageyards-display-component---NewYard--yardId-inner\"]"}
COMMAND: POST /session/f524b757760d5c60bd583e9ee049f297/execute/async - {"script":"<script> [1562 bytes]","args":[{"selector":{"id":"application-manageyards-display-component---NewYard--addressDetailDetailsName1","interaction":{"idSuffix":"inner"}},"wdio_ui5_key":"applicationmanageyards-display-component---NewYard--addressDetailDetailsName1"}]}
RESULT: {"script":"<script> [1562 bytes]","args":[{"selector":{"id":"application-manageyards-display-component---NewYard--addressDetailDetailsName1","interaction":{"idSuffix":"inner"}},"wdio_ui5_key":"applicationmanageyards-display-component---NewYard--addressDetailDetailsName1"}]}
RESULT: undefined
COMMAND: POST /session/f524b757760d5c60bd583e9ee049f297/execute/async - {"script":"<script> [776 bytes]","args":[{"enterText":"Warehouse Managed WDIO","selector":{"id":"application-manageyards-display-component---NewYard--addressDetailDetailsName1","interaction":{"idSuffix":"inner"}},"clearTextFirst":true,"interactionType":"ENTER_TEXT"}]}
RESULT: {"script":"<script> [776 bytes]","args":[{"enterText":"Warehouse Managed WDIO","selector":{"id":"application-manageyards-display-component---NewYard--addressDetailDetailsName1","interaction":{"idSuffix":"inner"}},"clearTextFirst":true,"interactionType":"ENTER_TEXT"}]}
COMMAND: POST /session/f524b757760d5c60bd583e9ee049f297/execute/async - {"script":"<script> [1562 bytes]","args":[{"selector":{"id":"application-manageyards-display-component---NewYard--addressDetailDetailsLanguage-arrow"},"wdio_ui5_key":"applicationmanageyards-display-component---NewYard--addressDetailDetailsLanguage-arrow"}]}
RESULT: {"script":"<script> [1562 bytes]","args":[{"selector":{"id":"application-manageyards-display-component---NewYard--addressDetailDetailsLanguage-arrow"},"wdio_ui5_key":"applicationmanageyards-display-component---NewYard--addressDetailDetailsLanguage-arrow"}]}
RESULT: undefined
COMMAND: POST /session/f524b757760d5c60bd583e9ee049f297/element - {"using":"xpath","value":"//*[@id=\"application-manageyards-display-component---NewYard--addressDetailDetailsLanguage-arrow\"]"}
RESULT: {"using":"xpath","value":"//*[@id=\"application-manageyards-display-component---NewYard--addressDetailDetailsLanguage-arrow\"]"}
COMMAND: POST /session/f524b757760d5c60bd583e9ee049f297/element/f.21BCA9660A1D2E3CF9A692D178FDB716.d.32B8C31FD11D0B73F00E8843C2420A58.e.3482/click - {}
RESULT: {}
COMMAND: POST /session/f524b757760d5c60bd583e9ee049f297/element - {"using":"xpath","value":"//span[contains(text(), \"English\")]"}
COMMAND: GET /session/f524b757760d5c60bd583e9ee049f297/screenshot - {}
RESULT: {"using":"xpath","value":"//span[contains(text(), \"English\")]"}
COMMAND: POST /session/f524b757760d5c60bd583e9ee049f297/element/f.21BCA9660A1D2E3CF9A692D178FDB716.d.32B8C31FD11D0B73F00E8843C2420A58.e.3483/click - {}
RESULT: {}
RESULT: {}
COMMAND: POST /session/f524b757760d5c60bd583e9ee049f297/execute/async - {"script":"<script> [1562 bytes]","args":[{"selector":{"id":"application-manageyards-display-component---NewYard--addressDetailDetailsCity1","interaction":{"idSuffix":"inner"}},"wdio_ui5_key":"applicationmanageyards-display-component---NewYard--addressDetailDetailsCity1"}]}
COMMAND: GET /session/f524b757760d5c60bd583e9ee049f297/screenshot - {}
RESULT: {"script":"<script> [1562 bytes]","args":[{"selector":{"id":"application-manageyards-display-component---NewYard--addressDetailDetailsCity1","interaction":{"idSuffix":"inner"}},"wdio_ui5_key":"applicationmanageyards-display-component---NewYard--addressDetailDetailsCity1"}]}
RESULT: undefined
COMMAND: POST /session/f524b757760d5c60bd583e9ee049f297/execute/async - {"script":"<script> [776 bytes]","args":[{"enterText":"Rosario","selector":{"id":"application-manageyards-display-component---NewYard--addressDetailDetailsCity1","interaction":{"idSuffix":"inner"}},"clearTextFirst":true,"interactionType":"ENTER_TEXT"}]}
RESULT: {}
RESULT: {"script":"<script> [776 bytes]","args":[{"enterText":"Rosario","selector":{"id":"application-manageyards-display-component---NewYard--addressDetailDetailsCity1","interaction":{"idSuffix":"inner"}},"clearTextFirst":true,"interactionType":"ENTER_TEXT"}]}
COMMAND: POST /session/f524b757760d5c60bd583e9ee049f297/execute/async - {"script":"<script> [1562 bytes]","args":[{"selector":{"id":"application-manageyards-display-component---NewYard--addressDetailDetailsCountry-arrow"},"wdio_ui5_key":"applicationmanageyards-display-component---NewYard--addressDetailDetailsCountry-arrow"}]}
RESULT: {"script":"<script> [1562 bytes]","args":[{"selector":{"id":"application-manageyards-display-component---NewYard--addressDetailDetailsCountry-arrow"},"wdio_ui5_key":"applicationmanageyards-display-component---NewYard--addressDetailDetailsCountry-arrow"}]}
RESULT: undefined
COMMAND: POST /session/f524b757760d5c60bd583e9ee049f297/element - {"using":"xpath","value":"//*[@id=\"application-manageyards-display-component---NewYard--addressDetailDetailsCountry-arrow\"]"}
RESULT: {"using":"xpath","value":"//*[@id=\"application-manageyards-display-component---NewYard--addressDetailDetailsCountry-arrow\"]"}
COMMAND: POST /session/f524b757760d5c60bd583e9ee049f297/element/f.21BCA9660A1D2E3CF9A692D178FDB716.d.32B8C31FD11D0B73F00E8843C2420A58.e.3485/click - {}
RESULT: {}
COMMAND: POST /session/f524b757760d5c60bd583e9ee049f297/element - {"using":"xpath","value":"//span[contains(text(), \"Argentina\")]"}
COMMAND: GET /session/f524b757760d5c60bd583e9ee049f297/screenshot - {}
RESULT: {"using":"xpath","value":"//span[contains(text(), \"Argentina\")]"}
COMMAND: POST /session/f524b757760d5c60bd583e9ee049f297/element/f.21BCA9660A1D2E3CF9A692D178FDB716.d.32B8C31FD11D0B73F00E8843C2420A58.e.3487/click - {}
RESULT: {}
RESULT: {}
COMMAND: POST /session/f524b757760d5c60bd583e9ee049f297/execute/async - {"script":"<script> [1562 bytes]","args":[{"selector":{"id":"application-manageyards-display-component---NewYard--addressEditDetailsCostObjectCstType-arrow"},"wdio_ui5_key":"applicationmanageyards-display-component---NewYard--addressEditDetailsCostObjectCstType-arrow"}]}
COMMAND: GET /session/f524b757760d5c60bd583e9ee049f297/screenshot - {}
RESULT: {"script":"<script> [1562 bytes]","args":[{"selector":{"id":"application-manageyards-display-component---NewYard--addressEditDetailsCostObjectCstType-arrow"},"wdio_ui5_key":"applicationmanageyards-display-component---NewYard--addressEditDetailsCostObjectCstType-arrow"}]}
RESULT: undefined
COMMAND: POST /session/f524b757760d5c60bd583e9ee049f297/element - {"using":"xpath","value":"//*[@id=\"application-manageyards-display-component---NewYard--addressEditDetailsCostObjectCstType-arrow\"]"}
RESULT: {}
RESULT: {"using":"xpath","value":"//*[@id=\"application-manageyards-display-component---NewYard--addressEditDetailsCostObjectCstType-arrow\"]"}
COMMAND: POST /session/f524b757760d5c60bd583e9ee049f297/element/f.21BCA9660A1D2E3CF9A692D178FDB716.d.32B8C31FD11D0B73F00E8843C2420A58.e.3488/click - {}
RESULT: {}
COMMAND: POST /session/f524b757760d5c60bd583e9ee049f297/element - {"using":"xpath","value":"//span[contains(text(), \"Cost Center\")]"}
COMMAND: GET /session/f524b757760d5c60bd583e9ee049f297/screenshot - {}
RESULT: {"using":"xpath","value":"//span[contains(text(), \"Cost Center\")]"}
COMMAND: POST /session/f524b757760d5c60bd583e9ee049f297/element/f.21BCA9660A1D2E3CF9A692D178FDB716.d.32B8C31FD11D0B73F00E8843C2420A58.e.3489/click - {}
RESULT: {}
RESULT: {}
COMMAND: GET /session/f524b757760d5c60bd583e9ee049f297/screenshot - {}
RESULT: {}
COMMAND: POST /session/f524b757760d5c60bd583e9ee049f297/element - {"using":"xpath","value":"//span[@id=\"application-manageyards-display-component---NewYard--addressNewCostObjectCstID-vhi\"]"}
RESULT: {"using":"xpath","value":"//span[@id=\"application-manageyards-display-component---NewYard--addressNewCostObjectCstID-vhi\"]"}
COMMAND: POST /session/f524b757760d5c60bd583e9ee049f297/execute/sync - {"script":"<script> [8489 bytes]","args":[{"element-6066-11e4-a52e-4f735466cecf":"f.21BCA9660A1D2E3CF9A692D178FDB716.d.32B8C31FD11D0B73F00E8843C2420A58.e.3493","ELEMENT":"f.21BCA9660A1D2E3CF9A692D178FDB716.d.32B8C31FD11D0B73F00E8843C2420A58.e.3493"}]}
RESULT: {"script":"<script> [8489 bytes]","args":[{"element-6066-11e4-a52e-4f735466cecf":"f.21BCA9660A1D2E3CF9A692D178FDB716.d.32B8C31FD11D0B73F00E8843C2420A58.e.3493","ELEMENT":"f.21BCA9660A1D2E3CF9A692D178FDB716.d.32B8C31FD11D0B73F00E8843C2420A58.e.3493"}]}
COMMAND: POST /session/f524b757760d5c60bd583e9ee049f297/execute/async - {"script":"<script> [1562 bytes]","args":[{"selector":{"id":"application-manageyards-display-component---NewYard--addressNewCostObjectCstID-vhi"},"wdio_ui5_key":"applicationmanageyards-display-component---NewYard--addressNewCostObjectCstID-vhi"}]}
COMMAND: GET /session/f524b757760d5c60bd583e9ee049f297/screenshot - {}
RESULT: {"script":"<script> [1562 bytes]","args":[{"selector":{"id":"application-manageyards-display-component---NewYard--addressNewCostObjectCstID-vhi"},"wdio_ui5_key":"applicationmanageyards-display-component---NewYard--addressNewCostObjectCstID-vhi"}]}
RESULT: undefined
COMMAND: POST /session/f524b757760d5c60bd583e9ee049f297/element - {"using":"xpath","value":"//*[@id=\"application-manageyards-display-component---NewYard--addressNewCostObjectCstID-vhi\"]"}
RESULT: {}
RESULT: {"using":"xpath","value":"//*[@id=\"application-manageyards-display-component---NewYard--addressNewCostObjectCstID-vhi\"]"}
COMMAND: POST /session/f524b757760d5c60bd583e9ee049f297/element/f.21BCA9660A1D2E3CF9A692D178FDB716.d.32B8C31FD11D0B73F00E8843C2420A58.e.3493/click - {}
RESULT: {}
COMMAND: GET /session/f524b757760d5c60bd583e9ee049f297/screenshot - {}
RESULT: {}
COMMAND: POST /session/f524b757760d5c60bd583e9ee049f297/execute/async - {"script":"<script> [1562 bytes]","args":[{"selector":{"controlType":"sap.m.SearchField","properties":{"placeholder":"Search"},"searchOpenDialogs":true,"interaction":{"idSuffix":"I"}},"wdio_ui5_key":"sapm.SearchField{\"placeholder\":\"Search\"}"}]}
RESULT: {"script":"<script> [1562 bytes]","args":[{"selector":{"controlType":"sap.m.SearchField","properties":{"placeholder":"Search"},"searchOpenDialogs":true,"interaction":{"idSuffix":"I"}},"wdio_ui5_key":"sapm.SearchField{\"placeholder\":\"Search\"}"}]}
RESULT: undefined
COMMAND: POST /session/f524b757760d5c60bd583e9ee049f297/execute/async - {"script":"<script> [776 bytes]","args":[{"enterText":"bauh_b","selector":{"controlType":"sap.m.SearchField","properties":{"placeholder":"Search"},"searchOpenDialogs":true,"interaction":{"idSuffix":"I"}},"clearTextFirst":true,"interactionType":"ENTER_TEXT"}]}
RESULT: {"script":"<script> [776 bytes]","args":[{"enterText":"bauh_b","selector":{"controlType":"sap.m.SearchField","properties":{"placeholder":"Search"},"searchOpenDialogs":true,"interaction":{"idSuffix":"I"}},"clearTextFirst":true,"interactionType":"ENTER_TEXT"}]}
COMMAND: POST /session/f524b757760d5c60bd583e9ee049f297/actions - {"actions":[{"id":"action10","type":"key","parameters":{},"actions":[{"type":"keyDown","value":""},{"type":"pause","duration":10},{"type":"keyUp","value":""}]}]}
RESULT: {"actions":[{"id":"action10","type":"key","parameters":{},"actions":[{"type":"keyDown","value":""},{"type":"pause","duration":10},{"type":"keyUp","value":""}]}]}
COMMAND: GET /session/f524b757760d5c60bd583e9ee049f297/screenshot - {}
RESULT: {}
COMMAND: POST /session/f524b757760d5c60bd583e9ee049f297/element - {"using":"xpath","value":"//span[contains(text(), \"Demo Yard\")]"}
RESULT: {"using":"xpath","value":"//span[contains(text(), \"Demo Yard\")]"}
COMMAND: POST /session/f524b757760d5c60bd583e9ee049f297/element/f.21BCA9660A1D2E3CF9A692D178FDB716.d.32B8C31FD11D0B73F00E8843C2420A58.e.3534/click - {}
RESULT: {}
COMMAND: GET /session/f524b757760d5c60bd583e9ee049f297/screenshot - {}
RESULT: {}
COMMAND: POST /session/f524b757760d5c60bd583e9ee049f297/element - {"using":"xpath","value":"//bdi[contains(text(), \"OK\")]"}
RESULT: {"using":"xpath","value":"//bdi[contains(text(), \"OK\")]"}
COMMAND: POST /session/f524b757760d5c60bd583e9ee049f297/element/f.21BCA9660A1D2E3CF9A692D178FDB716.d.32B8C31FD11D0B73F00E8843C2420A58.e.3535/click - {}
RESULT: {}
COMMAND: GET /session/f524b757760d5c60bd583e9ee049f297/screenshot - {}
RESULT: {}
COMMAND: POST /session/f524b757760d5c60bd583e9ee049f297/execute/async - {"script":"<script> [1562 bytes]","args":[{"selector":{"id":"application-manageyards-display-component---NewYard--addressEditDetailsCurrency-arrow"},"wdio_ui5_key":"applicationmanageyards-display-component---NewYard--addressEditDetailsCurrency-arrow"}]}
RESULT: {"script":"<script> [1562 bytes]","args":[{"selector":{"id":"application-manageyards-display-component---NewYard--addressEditDetailsCurrency-arrow"},"wdio_ui5_key":"applicationmanageyards-display-component---NewYard--addressEditDetailsCurrency-arrow"}]}
RESULT: undefined
COMMAND: POST /session/f524b757760d5c60bd583e9ee049f297/element - {"using":"xpath","value":"//*[@id=\"application-manageyards-display-component---NewYard--addressEditDetailsCurrency-arrow\"]"}
RESULT: {"using":"xpath","value":"//*[@id=\"application-manageyards-display-component---NewYard--addressEditDetailsCurrency-arrow\"]"}
COMMAND: POST /session/f524b757760d5c60bd583e9ee049f297/element/f.21BCA9660A1D2E3CF9A692D178FDB716.d.32B8C31FD11D0B73F00E8843C2420A58.e.3538/click - {}
RESULT: {}
COMMAND: POST /session/f524b757760d5c60bd583e9ee049f297/element - {"using":"xpath","value":"//span[contains(text(), \"Euro\")]"}
COMMAND: GET /session/f524b757760d5c60bd583e9ee049f297/screenshot - {}
RESULT: {"using":"xpath","value":"//span[contains(text(), \"Euro\")]"}
COMMAND: POST /session/f524b757760d5c60bd583e9ee049f297/element/f.21BCA9660A1D2E3CF9A692D178FDB716.d.32B8C31FD11D0B73F00E8843C2420A58.e.3539/click - {}
RESULT: {}
RESULT: {}
COMMAND: POST /session/f524b757760d5c60bd583e9ee049f297/execute/async - {"script":"<script> [1562 bytes]","args":[{"selector":{"controlType":"sap.m.Input","viewName":"etm.portal.ui.manageyards.view.New","viewId":"application-manageyards-display-component---NewYard","bindingPath":{"path":"","propertyPath":"/CONTROLLING_AREA","modelName":"NewYardModel"},"interaction":{"idSuffix":"inner"}},"wdio_ui5_key":"etmportal.ui.manageyards.view.Newsap.m.Input{\"path\":\"\",\"propertyPath\":\"/CONTROLLING_AREA\",\"modelName\":\"NewYardModel\"}"}]}
COMMAND: GET /session/f524b757760d5c60bd583e9ee049f297/screenshot - {}
RESULT: {"script":"<script> [1562 bytes]","args":[{"selector":{"controlType":"sap.m.Input","viewName":"etm.portal.ui.manageyards.view.New","viewId":"application-manageyards-display-component---NewYard","bindingPath":{"path":"","propertyPath":"/CONTROLLING_AREA","modelName":"NewYardModel"},"interaction":{"idSuffix":"inner"}},"wdio_ui5_key":"etmportal.ui.manageyards.view.Newsap.m.Input{\"path\":\"\",\"propertyPath\":\"/CONTROLLING_AREA\",\"modelName\":\"NewYardModel\"}"}]}
RESULT: undefined
COMMAND: POST /session/f524b757760d5c60bd583e9ee049f297/execute/async - {"script":"<script> [776 bytes]","args":[{"enterText":"Z001","selector":{"controlType":"sap.m.Input","viewName":"etm.portal.ui.manageyards.view.New","viewId":"application-manageyards-display-component---NewYard","bindingPath":{"path":"","propertyPath":"/CONTROLLING_AREA","modelName":"NewYardModel"},"interaction":{"idSuffix":"inner"}},"clearTextFirst":true,"interactionType":"ENTER_TEXT"}]}
RESULT: {}
RESULT: {"script":"<script> [776 bytes]","args":[{"enterText":"Z001","selector":{"controlType":"sap.m.Input","viewName":"etm.portal.ui.manageyards.view.New","viewId":"application-manageyards-display-component---NewYard","bindingPath":{"path":"","propertyPath":"/CONTROLLING_AREA","modelName":"NewYardModel"},"interaction":{"idSuffix":"inner"}},"clearTextFirst":true,"interactionType":"ENTER_TEXT"}]}
COMMAND: POST /session/f524b757760d5c60bd583e9ee049f297/execute/async - {"script":"<script> [1562 bytes]","args":[{"selector":{"id":"application-manageyards-display-component---NewYard--companyCodeComboBox","interaction":{"idSuffix":"inner"}},"wdio_ui5_key":"applicationmanageyards-display-component---NewYard--companyCodeComboBox"}]}
RESULT: {"script":"<script> [1562 bytes]","args":[{"selector":{"id":"application-manageyards-display-component---NewYard--companyCodeComboBox","interaction":{"idSuffix":"inner"}},"wdio_ui5_key":"applicationmanageyards-display-component---NewYard--companyCodeComboBox"}]}
RESULT: undefined
COMMAND: POST /session/f524b757760d5c60bd583e9ee049f297/execute/async - {"script":"<script> [776 bytes]","args":[{"enterText":"1000","selector":{"id":"application-manageyards-display-component---NewYard--companyCodeComboBox","interaction":{"idSuffix":"inner"}},"clearTextFirst":true,"interactionType":"ENTER_TEXT"}]}
RESULT: {"script":"<script> [776 bytes]","args":[{"enterText":"1000","selector":{"id":"application-manageyards-display-component---NewYard--companyCodeComboBox","interaction":{"idSuffix":"inner"}},"clearTextFirst":true,"interactionType":"ENTER_TEXT"}]}
COMMAND: POST /session/f524b757760d5c60bd583e9ee049f297/execute/async - {"script":"<script> [1562 bytes]","args":[{"selector":{"controlType":"sap.m.Input","viewName":"etm.portal.ui.manageyards.view.New","viewId":"application-manageyards-display-component---NewYard","bindingPath":{"path":"","propertyPath":"/PLANT","modelName":"NewYardModel"},"interaction":{"idSuffix":"inner"}},"wdio_ui5_key":"etmportal.ui.manageyards.view.Newsap.m.Input{\"path\":\"\",\"propertyPath\":\"/PLANT\",\"modelName\":\"NewYardModel\"}"}]}
RESULT: {"script":"<script> [1562 bytes]","args":[{"selector":{"controlType":"sap.m.Input","viewName":"etm.portal.ui.manageyards.view.New","viewId":"application-manageyards-display-component---NewYard","bindingPath":{"path":"","propertyPath":"/PLANT","modelName":"NewYardModel"},"interaction":{"idSuffix":"inner"}},"wdio_ui5_key":"etmportal.ui.manageyards.view.Newsap.m.Input{\"path\":\"\",\"propertyPath\":\"/PLANT\",\"modelName\":\"NewYardModel\"}"}]}
RESULT: undefined
COMMAND: POST /session/f524b757760d5c60bd583e9ee049f297/execute/async - {"script":"<script> [776 bytes]","args":[{"enterText":"1001","selector":{"controlType":"sap.m.Input","viewName":"etm.portal.ui.manageyards.view.New","viewId":"application-manageyards-display-component---NewYard","bindingPath":{"path":"","propertyPath":"/PLANT","modelName":"NewYardModel"},"interaction":{"idSuffix":"inner"}},"clearTextFirst":true,"interactionType":"ENTER_TEXT"}]}
RESULT: {"script":"<script> [776 bytes]","args":[{"enterText":"1001","selector":{"controlType":"sap.m.Input","viewName":"etm.portal.ui.manageyards.view.New","viewId":"application-manageyards-display-component---NewYard","bindingPath":{"path":"","propertyPath":"/PLANT","modelName":"NewYardModel"},"interaction":{"idSuffix":"inner"}},"clearTextFirst":true,"interactionType":"ENTER_TEXT"}]}
COMMAND: POST /session/f524b757760d5c60bd583e9ee049f297/execute/async - {"script":"<script> [1562 bytes]","args":[{"selector":{"controlType":"sap.m.Input","viewName":"etm.portal.ui.manageyards.view.New","viewId":"application-manageyards-display-component---NewYard","bindingPath":{"path":"","propertyPath":"/SALES_AREA_VKORG","modelName":"NewYardModel"},"interaction":{"idSuffix":"inner"}},"wdio_ui5_key":"etmportal.ui.manageyards.view.Newsap.m.Input{\"path\":\"\",\"propertyPath\":\"/SALES_AREA_VKORG\",\"modelName\":\"NewYardModel\"}"}]}
RESULT: {"script":"<script> [1562 bytes]","args":[{"selector":{"controlType":"sap.m.Input","viewName":"etm.portal.ui.manageyards.view.New","viewId":"application-manageyards-display-component---NewYard","bindingPath":{"path":"","propertyPath":"/SALES_AREA_VKORG","modelName":"NewYardModel"},"interaction":{"idSuffix":"inner"}},"wdio_ui5_key":"etmportal.ui.manageyards.view.Newsap.m.Input{\"path\":\"\",\"propertyPath\":\"/SALES_AREA_VKORG\",\"modelName\":\"NewYardModel\"}"}]}
RESULT: undefined
COMMAND: POST /session/f524b757760d5c60bd583e9ee049f297/execute/async - {"script":"<script> [776 bytes]","args":[{"enterText":"C002","selector":{"controlType":"sap.m.Input","viewName":"etm.portal.ui.manageyards.view.New","viewId":"application-manageyards-display-component---NewYard","bindingPath":{"path":"","propertyPath":"/SALES_AREA_VKORG","modelName":"NewYardModel"},"interaction":{"idSuffix":"inner"}},"clearTextFirst":true,"interactionType":"ENTER_TEXT"}]}
RESULT: {"script":"<script> [776 bytes]","args":[{"enterText":"C002","selector":{"controlType":"sap.m.Input","viewName":"etm.portal.ui.manageyards.view.New","viewId":"application-manageyards-display-component---NewYard","bindingPath":{"path":"","propertyPath":"/SALES_AREA_VKORG","modelName":"NewYardModel"},"interaction":{"idSuffix":"inner"}},"clearTextFirst":true,"interactionType":"ENTER_TEXT"}]}
COMMAND: POST /session/f524b757760d5c60bd583e9ee049f297/execute/async - {"script":"<script> [1562 bytes]","args":[{"selector":{"controlType":"sap.m.Input","viewName":"etm.portal.ui.manageyards.view.New","viewId":"application-manageyards-display-component---NewYard","bindingPath":{"path":"","propertyPath":"/SALES_AREA_VTWEG","modelName":"NewYardModel"},"interaction":{"idSuffix":"inner"}},"wdio_ui5_key":"etmportal.ui.manageyards.view.Newsap.m.Input{\"path\":\"\",\"propertyPath\":\"/SALES_AREA_VTWEG\",\"modelName\":\"NewYardModel\"}"}]}
RESULT: {"script":"<script> [1562 bytes]","args":[{"selector":{"controlType":"sap.m.Input","viewName":"etm.portal.ui.manageyards.view.New","viewId":"application-manageyards-display-component---NewYard","bindingPath":{"path":"","propertyPath":"/SALES_AREA_VTWEG","modelName":"NewYardModel"},"interaction":{"idSuffix":"inner"}},"wdio_ui5_key":"etmportal.ui.manageyards.view.Newsap.m.Input{\"path\":\"\",\"propertyPath\":\"/SALES_AREA_VTWEG\",\"modelName\":\"NewYardModel\"}"}]}
RESULT: undefined
COMMAND: POST /session/f524b757760d5c60bd583e9ee049f297/execute/async - {"script":"<script> [776 bytes]","args":[{"enterText":"C2","selector":{"controlType":"sap.m.Input","viewName":"etm.portal.ui.manageyards.view.New","viewId":"application-manageyards-display-component---NewYard","bindingPath":{"path":"","propertyPath":"/SALES_AREA_VTWEG","modelName":"NewYardModel"},"interaction":{"idSuffix":"inner"}},"clearTextFirst":true,"interactionType":"ENTER_TEXT"}]}
RESULT: {"script":"<script> [776 bytes]","args":[{"enterText":"C2","selector":{"controlType":"sap.m.Input","viewName":"etm.portal.ui.manageyards.view.New","viewId":"application-manageyards-display-component---NewYard","bindingPath":{"path":"","propertyPath":"/SALES_AREA_VTWEG","modelName":"NewYardModel"},"interaction":{"idSuffix":"inner"}},"clearTextFirst":true,"interactionType":"ENTER_TEXT"}]}
COMMAND: POST /session/f524b757760d5c60bd583e9ee049f297/execute/async - {"script":"<script> [1562 bytes]","args":[{"selector":{"controlType":"sap.m.Input","viewName":"etm.portal.ui.manageyards.view.New","viewId":"application-manageyards-display-component---NewYard","bindingPath":{"path":"","propertyPath":"/SALES_AREA_SPART","modelName":"NewYardModel"},"interaction":{"idSuffix":"inner"}},"wdio_ui5_key":"etmportal.ui.manageyards.view.Newsap.m.Input{\"path\":\"\",\"propertyPath\":\"/SALES_AREA_SPART\",\"modelName\":\"NewYardModel\"}"}]}
RESULT: {"script":"<script> [1562 bytes]","args":[{"selector":{"controlType":"sap.m.Input","viewName":"etm.portal.ui.manageyards.view.New","viewId":"application-manageyards-display-component---NewYard","bindingPath":{"path":"","propertyPath":"/SALES_AREA_SPART","modelName":"NewYardModel"},"interaction":{"idSuffix":"inner"}},"wdio_ui5_key":"etmportal.ui.manageyards.view.Newsap.m.Input{\"path\":\"\",\"propertyPath\":\"/SALES_AREA_SPART\",\"modelName\":\"NewYardModel\"}"}]}
RESULT: undefined
COMMAND: POST /session/f524b757760d5c60bd583e9ee049f297/execute/async - {"script":"<script> [776 bytes]","args":[{"enterText":"C2","selector":{"controlType":"sap.m.Input","viewName":"etm.portal.ui.manageyards.view.New","viewId":"application-manageyards-display-component---NewYard","bindingPath":{"path":"","propertyPath":"/SALES_AREA_SPART","modelName":"NewYardModel"},"interaction":{"idSuffix":"inner"}},"clearTextFirst":true,"interactionType":"ENTER_TEXT"}]}
RESULT: {"script":"<script> [776 bytes]","args":[{"enterText":"C2","selector":{"controlType":"sap.m.Input","viewName":"etm.portal.ui.manageyards.view.New","viewId":"application-manageyards-display-component---NewYard","bindingPath":{"path":"","propertyPath":"/SALES_AREA_SPART","modelName":"NewYardModel"},"interaction":{"idSuffix":"inner"}},"clearTextFirst":true,"interactionType":"ENTER_TEXT"}]}
COMMAND: POST /session/f524b757760d5c60bd583e9ee049f297/execute/async - {"script":"<script> [1562 bytes]","args":[{"selector":{"controlType":"sap.m.Input","viewName":"etm.portal.ui.manageyards.view.New","viewId":"application-manageyards-display-component---NewYard","bindingPath":{"path":"","propertyPath":"/SHIP_POINT","modelName":"NewYardModel"},"interaction":{"idSuffix":"inner"}},"wdio_ui5_key":"etmportal.ui.manageyards.view.Newsap.m.Input{\"path\":\"\",\"propertyPath\":\"/SHIP_POINT\",\"modelName\":\"NewYardModel\"}"}]}
RESULT: {"script":"<script> [1562 bytes]","args":[{"selector":{"controlType":"sap.m.Input","viewName":"etm.portal.ui.manageyards.view.New","viewId":"application-manageyards-display-component---NewYard","bindingPath":{"path":"","propertyPath":"/SHIP_POINT","modelName":"NewYardModel"},"interaction":{"idSuffix":"inner"}},"wdio_ui5_key":"etmportal.ui.manageyards.view.Newsap.m.Input{\"path\":\"\",\"propertyPath\":\"/SHIP_POINT\",\"modelName\":\"NewYardModel\"}"}]}
RESULT: undefined
COMMAND: POST /session/f524b757760d5c60bd583e9ee049f297/execute/async - {"script":"<script> [776 bytes]","args":[{"enterText":"1710","selector":{"controlType":"sap.m.Input","viewName":"etm.portal.ui.manageyards.view.New","viewId":"application-manageyards-display-component---NewYard","bindingPath":{"path":"","propertyPath":"/SHIP_POINT","modelName":"NewYardModel"},"interaction":{"idSuffix":"inner"}},"clearTextFirst":true,"interactionType":"ENTER_TEXT"}]}
RESULT: {"script":"<script> [776 bytes]","args":[{"enterText":"1710","selector":{"controlType":"sap.m.Input","viewName":"etm.portal.ui.manageyards.view.New","viewId":"application-manageyards-display-component---NewYard","bindingPath":{"path":"","propertyPath":"/SHIP_POINT","modelName":"NewYardModel"},"interaction":{"idSuffix":"inner"}},"clearTextFirst":true,"interactionType":"ENTER_TEXT"}]}
COMMAND: POST /session/f524b757760d5c60bd583e9ee049f297/execute/async - {"script":"<script> [1562 bytes]","args":[{"selector":{"controlType":"sap.m.Input","viewName":"etm.portal.ui.manageyards.view.New","viewId":"application-manageyards-display-component---NewYard","bindingPath":{"path":"","propertyPath":"/DELIVERY_TYPE","modelName":"NewYardModel"},"interaction":{"idSuffix":"inner"}},"wdio_ui5_key":"etmportal.ui.manageyards.view.Newsap.m.Input{\"path\":\"\",\"propertyPath\":\"/DELIVERY_TYPE\",\"modelName\":\"NewYardModel\"}"}]}
RESULT: {"script":"<script> [1562 bytes]","args":[{"selector":{"controlType":"sap.m.Input","viewName":"etm.portal.ui.manageyards.view.New","viewId":"application-manageyards-display-component---NewYard","bindingPath":{"path":"","propertyPath":"/DELIVERY_TYPE","modelName":"NewYardModel"},"interaction":{"idSuffix":"inner"}},"wdio_ui5_key":"etmportal.ui.manageyards.view.Newsap.m.Input{\"path\":\"\",\"propertyPath\":\"/DELIVERY_TYPE\",\"modelName\":\"NewYardModel\"}"}]}
RESULT: undefined
COMMAND: POST /session/f524b757760d5c60bd583e9ee049f297/execute/async - {"script":"<script> [776 bytes]","args":[{"enterText":"ZL01","selector":{"controlType":"sap.m.Input","viewName":"etm.portal.ui.manageyards.view.New","viewId":"application-manageyards-display-component---NewYard","bindingPath":{"path":"","propertyPath":"/DELIVERY_TYPE","modelName":"NewYardModel"},"interaction":{"idSuffix":"inner"}},"clearTextFirst":true,"interactionType":"ENTER_TEXT"}]}
RESULT: {"script":"<script> [776 bytes]","args":[{"enterText":"ZL01","selector":{"controlType":"sap.m.Input","viewName":"etm.portal.ui.manageyards.view.New","viewId":"application-manageyards-display-component---NewYard","bindingPath":{"path":"","propertyPath":"/DELIVERY_TYPE","modelName":"NewYardModel"},"interaction":{"idSuffix":"inner"}},"clearTextFirst":true,"interactionType":"ENTER_TEXT"}]}
COMMAND: POST /session/f524b757760d5c60bd583e9ee049f297/execute/async - {"script":"<script> [1562 bytes]","args":[{"selector":{"controlType":"sap.m.Input","viewName":"etm.portal.ui.manageyards.view.New","viewId":"application-manageyards-display-component---NewYard","bindingPath":{"path":"","propertyPath":"/AUART","modelName":"NewYardModel"},"interaction":{"idSuffix":"inner"}},"wdio_ui5_key":"etmportal.ui.manageyards.view.Newsap.m.Input{\"path\":\"\",\"propertyPath\":\"/AUART\",\"modelName\":\"NewYardModel\"}"}]}
RESULT: {"script":"<script> [1562 bytes]","args":[{"selector":{"controlType":"sap.m.Input","viewName":"etm.portal.ui.manageyards.view.New","viewId":"application-manageyards-display-component---NewYard","bindingPath":{"path":"","propertyPath":"/AUART","modelName":"NewYardModel"},"interaction":{"idSuffix":"inner"}},"wdio_ui5_key":"etmportal.ui.manageyards.view.Newsap.m.Input{\"path\":\"\",\"propertyPath\":\"/AUART\",\"modelName\":\"NewYardModel\"}"}]}
RESULT: undefined
COMMAND: POST /session/f524b757760d5c60bd583e9ee049f297/execute/async - {"script":"<script> [776 bytes]","args":[{"enterText":"TA","selector":{"controlType":"sap.m.Input","viewName":"etm.portal.ui.manageyards.view.New","viewId":"application-manageyards-display-component---NewYard","bindingPath":{"path":"","propertyPath":"/AUART","modelName":"NewYardModel"},"interaction":{"idSuffix":"inner"}},"clearTextFirst":true,"interactionType":"ENTER_TEXT"}]}
RESULT: {"script":"<script> [776 bytes]","args":[{"enterText":"TA","selector":{"controlType":"sap.m.Input","viewName":"etm.portal.ui.manageyards.view.New","viewId":"application-manageyards-display-component---NewYard","bindingPath":{"path":"","propertyPath":"/AUART","modelName":"NewYardModel"},"interaction":{"idSuffix":"inner"}},"clearTextFirst":true,"interactionType":"ENTER_TEXT"}]}
COMMAND: POST /session/f524b757760d5c60bd583e9ee049f297/execute/async - {"script":"<script> [1562 bytes]","args":[{"selector":{"id":"application-manageyards-display-component---NewYard--whmCheckBox","interaction":{"idSuffix":"CbBg"}},"wdio_ui5_key":"applicationmanageyards-display-component---NewYard--whmCheckBox"}]}
RESULT: {"script":"<script> [1562 bytes]","args":[{"selector":{"id":"application-manageyards-display-component---NewYard--whmCheckBox","interaction":{"idSuffix":"CbBg"}},"wdio_ui5_key":"applicationmanageyards-display-component---NewYard--whmCheckBox"}]}
RESULT: undefined
COMMAND: POST /session/f524b757760d5c60bd583e9ee049f297/element - {"using":"xpath","value":"//*[@id=\"application-manageyards-display-component---NewYard--whmCheckBox\"]"}
RESULT: {"using":"xpath","value":"//*[@id=\"application-manageyards-display-component---NewYard--whmCheckBox\"]"}
COMMAND: POST /session/f524b757760d5c60bd583e9ee049f297/element/f.21BCA9660A1D2E3CF9A692D178FDB716.d.32B8C31FD11D0B73F00E8843C2420A58.e.3559/click - {}
RESULT: {}
COMMAND: GET /session/f524b757760d5c60bd583e9ee049f297/screenshot - {}
RESULT: {}
COMMAND: POST /session/f524b757760d5c60bd583e9ee049f297/element - {"using":"xpath","value":"//button[@data-kt=\"newYardSaveButton\"]"}
RESULT: {"using":"xpath","value":"//button[@data-kt=\"newYardSaveButton\"]"}
COMMAND: POST /session/f524b757760d5c60bd583e9ee049f297/element/f.21BCA9660A1D2E3CF9A692D178FDB716.d.32B8C31FD11D0B73F00E8843C2420A58.e.3467/click - {}
RESULT: {}
COMMAND: GET /session/f524b757760d5c60bd583e9ee049f297/screenshot - {}
RESULT: {}
COMMAND: POST /session/f524b757760d5c60bd583e9ee049f297/element - {"using":"xpath","value":"//header[contains(@id, 'ObjectPageLayout-headerTitle')]/div[1]/div[2]/div[1]/span[1]"}
RESULT: {"using":"xpath","value":"//header[contains(@id, 'ObjectPageLayout-headerTitle')]/div[1]/div[2]/div[1]/span[1]"}
COMMAND: POST /session/f524b757760d5c60bd583e9ee049f297/elements - {"using":"xpath","value":"//header[contains(@id, 'ObjectPageLayout-headerTitle')]/div[1]/div[2]/div[1]/span[1]"}
RESULT: {"using":"xpath","value":"//header[contains(@id, 'ObjectPageLayout-headerTitle')]/div[1]/div[2]/div[1]/span[1]"}
COMMAND: POST /session/f524b757760d5c60bd583e9ee049f297/execute/sync - {"script":"<script> [56 bytes]","args":[{"element-6066-11e4-a52e-4f735466cecf":"f.21BCA9660A1D2E3CF9A692D178FDB716.d.32B8C31FD11D0B73F00E8843C2420A58.e.3760","ELEMENT":"f.21BCA9660A1D2E3CF9A692D178FDB716.d.32B8C31FD11D0B73F00E8843C2420A58.e.3760"}]}
RESULT: {"script":"<script> [56 bytes]","args":[{"element-6066-11e4-a52e-4f735466cecf":"f.21BCA9660A1D2E3CF9A692D178FDB716.d.32B8C31FD11D0B73F00E8843C2420A58.e.3760","ELEMENT":"f.21BCA9660A1D2E3CF9A692D178FDB716.d.32B8C31FD11D0B73F00E8843C2420A58.e.3760"}]}
COMMAND: GET /session/f524b757760d5c60bd583e9ee049f297/screenshot - {}
RESULT: {}
COMMAND: POST /session/f524b757760d5c60bd583e9ee049f297/element - {"using":"css selector","value":"#shell-header-logo"}
RESULT: {"using":"css selector","value":"#shell-header-logo"}
COMMAND: POST /session/f524b757760d5c60bd583e9ee049f297/element/f.21BCA9660A1D2E3CF9A692D178FDB716.d.32B8C31FD11D0B73F00E8843C2420A58.e.3018/click - {}
RESULT: {}
COMMAND: GET /session/f524b757760d5c60bd583e9ee049f297/screenshot - {}
RESULT: {}
COMMAND: POST /session/f524b757760d5c60bd583e9ee049f297/execute/sync - {"script":"<script> [299 bytes]","args":[["getModel","getResource"]]}
RESULT: {"script":"<script> [299 bytes]","args":[["getModel","getResource"]]}
]]></system-out>
    </testcase>
    <testcase classname="chrome.136_0_7103_93.windows.Create_masterdata_for_Yard_Overview_-_trigger_provide_US130988" name="Should create a new external partner" time="105.474">
      <system-out><![CDATA[
COMMAND: GET /session/f524b757760d5c60bd583e9ee049f297/screenshot - {}
COMMAND: POST /session/f524b757760d5c60bd583e9ee049f297/window/fullscreen - {}
RESULT: {}
RESULT: {}
COMMAND: POST /session/f524b757760d5c60bd583e9ee049f297/execute/async - {"script":"<script> [1562 bytes]","args":[{"selector":{"controlType":"sap.m.GenericTile","properties":{"header":"Manage Partners"}},"wdio_ui5_key":"sapm.GenericTile{\"header\":\"Manage Partners\"}"}]}
RESULT: {"script":"<script> [1562 bytes]","args":[{"selector":{"controlType":"sap.m.GenericTile","properties":{"header":"Manage Partners"}},"wdio_ui5_key":"sapm.GenericTile{\"header\":\"Manage Partners\"}"}]}
RESULT: undefined
COMMAND: POST /session/f524b757760d5c60bd583e9ee049f297/element - {"using":"xpath","value":"//*[@id=\"__tile38\"]"}
RESULT: {"using":"xpath","value":"//*[@id=\"__tile38\"]"}
COMMAND: POST /session/f524b757760d5c60bd583e9ee049f297/element/f.21BCA9660A1D2E3CF9A692D178FDB716.d.32B8C31FD11D0B73F00E8843C2420A58.e.2908/click - {}
RESULT: {}
COMMAND: GET /session/f524b757760d5c60bd583e9ee049f297/screenshot - {}
RESULT: {}
COMMAND: POST /session/f524b757760d5c60bd583e9ee049f297/elements - {"using":"xpath","value":"//span[text()='Error']"}
RESULT: {"using":"xpath","value":"//span[text()='Error']"}
COMMAND: POST /session/f524b757760d5c60bd583e9ee049f297/element - {"using":"xpath","value":"//button[@data-kt=\"addButton\"]"}
RESULT: {"using":"xpath","value":"//button[@data-kt=\"addButton\"]"}
COMMAND: POST /session/f524b757760d5c60bd583e9ee049f297/elements - {"using":"xpath","value":"//button[@data-kt=\"addButton\"]"}
RESULT: {"using":"xpath","value":"//button[@data-kt=\"addButton\"]"}
COMMAND: POST /session/f524b757760d5c60bd583e9ee049f297/elements - {"using":"xpath","value":"//button[@data-kt=\"addButton\"]"}
RESULT: {"using":"xpath","value":"//button[@data-kt=\"addButton\"]"}
COMMAND: POST /session/f524b757760d5c60bd583e9ee049f297/element - {"using":"xpath","value":"//button[@data-kt=\"addButton\"]"}
RESULT: {"using":"xpath","value":"//button[@data-kt=\"addButton\"]"}
COMMAND: POST /session/f524b757760d5c60bd583e9ee049f297/execute/sync - {"script":"<script> [8489 bytes]","args":[{"element-6066-11e4-a52e-4f735466cecf":"f.21BCA9660A1D2E3CF9A692D178FDB716.d.32B8C31FD11D0B73F00E8843C2420A58.e.3799","ELEMENT":"f.21BCA9660A1D2E3CF9A692D178FDB716.d.32B8C31FD11D0B73F00E8843C2420A58.e.3799"}]}
RESULT: {"script":"<script> [8489 bytes]","args":[{"element-6066-11e4-a52e-4f735466cecf":"f.21BCA9660A1D2E3CF9A692D178FDB716.d.32B8C31FD11D0B73F00E8843C2420A58.e.3799","ELEMENT":"f.21BCA9660A1D2E3CF9A692D178FDB716.d.32B8C31FD11D0B73F00E8843C2420A58.e.3799"}]}
COMMAND: GET /session/f524b757760d5c60bd583e9ee049f297/element/f.21BCA9660A1D2E3CF9A692D178FDB716.d.32B8C31FD11D0B73F00E8843C2420A58.e.3799/enabled - {}
COMMAND: GET /session/f524b757760d5c60bd583e9ee049f297/screenshot - {}
RESULT: {}
COMMAND: POST /session/f524b757760d5c60bd583e9ee049f297/execute/sync - {"script":"<script> [8489 bytes]","args":[{"element-6066-11e4-a52e-4f735466cecf":"f.21BCA9660A1D2E3CF9A692D178FDB716.d.32B8C31FD11D0B73F00E8843C2420A58.e.3799","ELEMENT":"f.21BCA9660A1D2E3CF9A692D178FDB716.d.32B8C31FD11D0B73F00E8843C2420A58.e.3799"}]}
COMMAND: GET /session/f524b757760d5c60bd583e9ee049f297/screenshot - {}
RESULT: {}
RESULT: {"script":"<script> [8489 bytes]","args":[{"element-6066-11e4-a52e-4f735466cecf":"f.21BCA9660A1D2E3CF9A692D178FDB716.d.32B8C31FD11D0B73F00E8843C2420A58.e.3799","ELEMENT":"f.21BCA9660A1D2E3CF9A692D178FDB716.d.32B8C31FD11D0B73F00E8843C2420A58.e.3799"}]}
COMMAND: POST /session/f524b757760d5c60bd583e9ee049f297/execute/sync - {"script":"<script> [5351 bytes]","args":[{"element-6066-11e4-a52e-4f735466cecf":"f.21BCA9660A1D2E3CF9A692D178FDB716.d.32B8C31FD11D0B73F00E8843C2420A58.e.3799","ELEMENT":"f.21BCA9660A1D2E3CF9A692D178FDB716.d.32B8C31FD11D0B73F00E8843C2420A58.e.3799"}]}
COMMAND: GET /session/f524b757760d5c60bd583e9ee049f297/screenshot - {}
RESULT: {}
RESULT: {"script":"<script> [5351 bytes]","args":[{"element-6066-11e4-a52e-4f735466cecf":"f.21BCA9660A1D2E3CF9A692D178FDB716.d.32B8C31FD11D0B73F00E8843C2420A58.e.3799","ELEMENT":"f.21BCA9660A1D2E3CF9A692D178FDB716.d.32B8C31FD11D0B73F00E8843C2420A58.e.3799"}]}
COMMAND: POST /session/f524b757760d5c60bd583e9ee049f297/element/f.21BCA9660A1D2E3CF9A692D178FDB716.d.32B8C31FD11D0B73F00E8843C2420A58.e.3799/click - {}
COMMAND: GET /session/f524b757760d5c60bd583e9ee049f297/screenshot - {}
RESULT: {}
RESULT: {}
COMMAND: GET /session/f524b757760d5c60bd583e9ee049f297/screenshot - {}
COMMAND: POST /session/f524b757760d5c60bd583e9ee049f297/execute/async - {"script":"<script> [1562 bytes]","args":[{"selector":{"id":"application-managepartners-display-component---NewPartner--addressDetailDetailsName1","interaction":{"idSuffix":"inner"}},"wdio_ui5_key":"applicationmanagepartners-display-component---NewPartner--addressDetailDetailsName1"}]}
RESULT: {}
RESULT: {}
RESULT: {"script":"<script> [1562 bytes]","args":[{"selector":{"id":"application-managepartners-display-component---NewPartner--addressDetailDetailsName1","interaction":{"idSuffix":"inner"}},"wdio_ui5_key":"applicationmanagepartners-display-component---NewPartner--addressDetailDetailsName1"}]}
RESULT: undefined
COMMAND: POST /session/f524b757760d5c60bd583e9ee049f297/execute/async - {"script":"<script> [776 bytes]","args":[{"enterText":"External Partner WDIO","selector":{"id":"application-managepartners-display-component---NewPartner--addressDetailDetailsName1","interaction":{"idSuffix":"inner"}},"clearTextFirst":true,"interactionType":"ENTER_TEXT"}]}
RESULT: {"script":"<script> [776 bytes]","args":[{"enterText":"External Partner WDIO","selector":{"id":"application-managepartners-display-component---NewPartner--addressDetailDetailsName1","interaction":{"idSuffix":"inner"}},"clearTextFirst":true,"interactionType":"ENTER_TEXT"}]}
COMMAND: POST /session/f524b757760d5c60bd583e9ee049f297/execute/async - {"script":"<script> [1562 bytes]","args":[{"selector":{"id":"application-managepartners-display-component---NewPartner--addressDetailDetailsLanguage-arrow"},"wdio_ui5_key":"applicationmanagepartners-display-component---NewPartner--addressDetailDetailsLanguage-arrow"}]}
RESULT: {"script":"<script> [1562 bytes]","args":[{"selector":{"id":"application-managepartners-display-component---NewPartner--addressDetailDetailsLanguage-arrow"},"wdio_ui5_key":"applicationmanagepartners-display-component---NewPartner--addressDetailDetailsLanguage-arrow"}]}
RESULT: undefined
COMMAND: POST /session/f524b757760d5c60bd583e9ee049f297/element - {"using":"xpath","value":"//*[@id=\"application-managepartners-display-component---NewPartner--addressDetailDetailsLanguage-arrow\"]"}
RESULT: {"using":"xpath","value":"//*[@id=\"application-managepartners-display-component---NewPartner--addressDetailDetailsLanguage-arrow\"]"}
COMMAND: POST /session/f524b757760d5c60bd583e9ee049f297/element/f.21BCA9660A1D2E3CF9A692D178FDB716.d.32B8C31FD11D0B73F00E8843C2420A58.e.4241/click - {}
RESULT: {}
COMMAND: POST /session/f524b757760d5c60bd583e9ee049f297/element - {"using":"xpath","value":"//span[contains(text(), \"English\")]"}
COMMAND: GET /session/f524b757760d5c60bd583e9ee049f297/screenshot - {}
RESULT: {"using":"xpath","value":"//span[contains(text(), \"English\")]"}
COMMAND: POST /session/f524b757760d5c60bd583e9ee049f297/element/f.21BCA9660A1D2E3CF9A692D178FDB716.d.32B8C31FD11D0B73F00E8843C2420A58.e.4242/click - {}
RESULT: {}
RESULT: {}
COMMAND: GET /session/f524b757760d5c60bd583e9ee049f297/screenshot - {}
RESULT: {}
COMMAND: POST /session/f524b757760d5c60bd583e9ee049f297/execute/async - {"script":"<script> [1562 bytes]","args":[{"selector":{"id":"application-managepartners-display-component---NewPartner--addressDetailDetailsCity1","interaction":{"idSuffix":"inner"}},"wdio_ui5_key":"applicationmanagepartners-display-component---NewPartner--addressDetailDetailsCity1"}]}
RESULT: {"script":"<script> [1562 bytes]","args":[{"selector":{"id":"application-managepartners-display-component---NewPartner--addressDetailDetailsCity1","interaction":{"idSuffix":"inner"}},"wdio_ui5_key":"applicationmanagepartners-display-component---NewPartner--addressDetailDetailsCity1"}]}
RESULT: undefined
COMMAND: POST /session/f524b757760d5c60bd583e9ee049f297/execute/async - {"script":"<script> [776 bytes]","args":[{"enterText":"Rosario","selector":{"id":"application-managepartners-display-component---NewPartner--addressDetailDetailsCity1","interaction":{"idSuffix":"inner"}},"clearTextFirst":true,"interactionType":"ENTER_TEXT"}]}
RESULT: {"script":"<script> [776 bytes]","args":[{"enterText":"Rosario","selector":{"id":"application-managepartners-display-component---NewPartner--addressDetailDetailsCity1","interaction":{"idSuffix":"inner"}},"clearTextFirst":true,"interactionType":"ENTER_TEXT"}]}
COMMAND: POST /session/f524b757760d5c60bd583e9ee049f297/execute/async - {"script":"<script> [1562 bytes]","args":[{"selector":{"id":"application-managepartners-display-component---NewPartner--addressDetailDetailsCountry-arrow"},"wdio_ui5_key":"applicationmanagepartners-display-component---NewPartner--addressDetailDetailsCountry-arrow"}]}
RESULT: {"script":"<script> [1562 bytes]","args":[{"selector":{"id":"application-managepartners-display-component---NewPartner--addressDetailDetailsCountry-arrow"},"wdio_ui5_key":"applicationmanagepartners-display-component---NewPartner--addressDetailDetailsCountry-arrow"}]}
RESULT: undefined
COMMAND: POST /session/f524b757760d5c60bd583e9ee049f297/element - {"using":"xpath","value":"//*[@id=\"application-managepartners-display-component---NewPartner--addressDetailDetailsCountry-arrow\"]"}
RESULT: {"using":"xpath","value":"//*[@id=\"application-managepartners-display-component---NewPartner--addressDetailDetailsCountry-arrow\"]"}
COMMAND: POST /session/f524b757760d5c60bd583e9ee049f297/element/f.21BCA9660A1D2E3CF9A692D178FDB716.d.32B8C31FD11D0B73F00E8843C2420A58.e.4216/click - {}
RESULT: {}
COMMAND: POST /session/f524b757760d5c60bd583e9ee049f297/element - {"using":"xpath","value":"//span[contains(text(), \"Argentina\")]"}
COMMAND: GET /session/f524b757760d5c60bd583e9ee049f297/screenshot - {}
RESULT: {"using":"xpath","value":"//span[contains(text(), \"Argentina\")]"}
COMMAND: POST /session/f524b757760d5c60bd583e9ee049f297/element/f.21BCA9660A1D2E3CF9A692D178FDB716.d.32B8C31FD11D0B73F00E8843C2420A58.e.4244/click - {}
RESULT: {}
RESULT: {}
COMMAND: GET /session/f524b757760d5c60bd583e9ee049f297/screenshot - {}
RESULT: {}
COMMAND: POST /session/f524b757760d5c60bd583e9ee049f297/element - {"using":"xpath","value":"//bdi[contains(text(), \"Commercial\")]"}
RESULT: {"using":"xpath","value":"//bdi[contains(text(), \"Commercial\")]"}
COMMAND: POST /session/f524b757760d5c60bd583e9ee049f297/element/f.21BCA9660A1D2E3CF9A692D178FDB716.d.32B8C31FD11D0B73F00E8843C2420A58.e.4245/click - {}
RESULT: {}
COMMAND: GET /session/f524b757760d5c60bd583e9ee049f297/screenshot - {}
RESULT: {}
COMMAND: POST /session/f524b757760d5c60bd583e9ee049f297/execute/async - {"script":"<script> [1562 bytes]","args":[{"selector":{"id":"application-managepartners-display-component---NewPartner--partnerDetailInternal-arrow"},"wdio_ui5_key":"applicationmanagepartners-display-component---NewPartner--partnerDetailInternal-arrow"}]}
RESULT: {"script":"<script> [1562 bytes]","args":[{"selector":{"id":"application-managepartners-display-component---NewPartner--partnerDetailInternal-arrow"},"wdio_ui5_key":"applicationmanagepartners-display-component---NewPartner--partnerDetailInternal-arrow"}]}
RESULT: undefined
COMMAND: POST /session/f524b757760d5c60bd583e9ee049f297/element - {"using":"xpath","value":"//*[@id=\"application-managepartners-display-component---NewPartner--partnerDetailInternal-arrow\"]"}
RESULT: {"using":"xpath","value":"//*[@id=\"application-managepartners-display-component---NewPartner--partnerDetailInternal-arrow\"]"}
COMMAND: POST /session/f524b757760d5c60bd583e9ee049f297/element/f.21BCA9660A1D2E3CF9A692D178FDB716.d.32B8C31FD11D0B73F00E8843C2420A58.e.4251/click - {}
RESULT: {}
COMMAND: POST /session/f524b757760d5c60bd583e9ee049f297/element - {"using":"xpath","value":"//span[contains(text(), \"External partner\")]"}
COMMAND: GET /session/f524b757760d5c60bd583e9ee049f297/screenshot - {}
RESULT: {"using":"xpath","value":"//span[contains(text(), \"External partner\")]"}
COMMAND: POST /session/f524b757760d5c60bd583e9ee049f297/element/f.21BCA9660A1D2E3CF9A692D178FDB716.d.32B8C31FD11D0B73F00E8843C2420A58.e.4252/click - {}
RESULT: {}
RESULT: {}
COMMAND: POST /session/f524b757760d5c60bd583e9ee049f297/execute/async - {"script":"<script> [1562 bytes]","args":[{"selector":{"id":"application-managepartners-display-component---NewPartner--partnerDetailsCurrency-arrow"},"wdio_ui5_key":"applicationmanagepartners-display-component---NewPartner--partnerDetailsCurrency-arrow"}]}
COMMAND: GET /session/f524b757760d5c60bd583e9ee049f297/screenshot - {}
RESULT: {"script":"<script> [1562 bytes]","args":[{"selector":{"id":"application-managepartners-display-component---NewPartner--partnerDetailsCurrency-arrow"},"wdio_ui5_key":"applicationmanagepartners-display-component---NewPartner--partnerDetailsCurrency-arrow"}]}
RESULT: undefined
COMMAND: POST /session/f524b757760d5c60bd583e9ee049f297/element - {"using":"xpath","value":"//*[@id=\"application-managepartners-display-component---NewPartner--partnerDetailsCurrency-arrow\"]"}
RESULT: {}
RESULT: {"using":"xpath","value":"//*[@id=\"application-managepartners-display-component---NewPartner--partnerDetailsCurrency-arrow\"]"}
COMMAND: POST /session/f524b757760d5c60bd583e9ee049f297/element/f.21BCA9660A1D2E3CF9A692D178FDB716.d.32B8C31FD11D0B73F00E8843C2420A58.e.4257/click - {}
RESULT: {}
COMMAND: POST /session/f524b757760d5c60bd583e9ee049f297/element - {"using":"xpath","value":"//span[contains(text(), \"US Dollar\")]"}
COMMAND: GET /session/f524b757760d5c60bd583e9ee049f297/screenshot - {}
RESULT: {"using":"xpath","value":"//span[contains(text(), \"US Dollar\")]"}
COMMAND: POST /session/f524b757760d5c60bd583e9ee049f297/element/f.21BCA9660A1D2E3CF9A692D178FDB716.d.32B8C31FD11D0B73F00E8843C2420A58.e.4258/click - {}
RESULT: {}
RESULT: {}
COMMAND: GET /session/f524b757760d5c60bd583e9ee049f297/screenshot - {}
RESULT: {}
COMMAND: POST /session/f524b757760d5c60bd583e9ee049f297/element - {"using":"xpath","value":"//input[@id=\"application-managepartners-display-component---NewPartner--companyCodeComboBox-inner\"]"}
RESULT: {"using":"xpath","value":"//input[@id=\"application-managepartners-display-component---NewPartner--companyCodeComboBox-inner\"]"}
COMMAND: POST /session/f524b757760d5c60bd583e9ee049f297/element/f.21BCA9660A1D2E3CF9A692D178FDB716.d.32B8C31FD11D0B73F00E8843C2420A58.e.4154/clear - {}
RESULT: {}
COMMAND: POST /session/f524b757760d5c60bd583e9ee049f297/element/f.21BCA9660A1D2E3CF9A692D178FDB716.d.32B8C31FD11D0B73F00E8843C2420A58.e.4154/value - {"text":"C002"}
COMMAND: GET /session/f524b757760d5c60bd583e9ee049f297/screenshot - {}
RESULT: {"text":"C002"}
COMMAND: GET /session/f524b757760d5c60bd583e9ee049f297/screenshot - {}
RESULT: {}
RESULT: {}
COMMAND: POST /session/f524b757760d5c60bd583e9ee049f297/element - {"using":"xpath","value":"//li[.//span[text()= \"C002\"]]"}
RESULT: {"using":"xpath","value":"//li[.//span[text()= \"C002\"]]"}
COMMAND: POST /session/f524b757760d5c60bd583e9ee049f297/element/f.21BCA9660A1D2E3CF9A692D178FDB716.d.32B8C31FD11D0B73F00E8843C2420A58.e.4262/click - {}
RESULT: {}
COMMAND: GET /session/f524b757760d5c60bd583e9ee049f297/screenshot - {}
RESULT: {}
COMMAND: POST /session/f524b757760d5c60bd583e9ee049f297/execute/async - {"script":"<script> [1562 bytes]","args":[{"selector":{"controlType":"sap.ui.core.Icon","viewName":"etm.portal.ui.managepartners.view.NewPartner","viewId":"application-managepartners-display-component---NewPartner","properties":{"src":{"regex":{"source":"slim\\-arrow\\-down"}}},"ancestor":{"controlType":"sap.m.ComboBox","viewName":"etm.portal.ui.managepartners.view.NewPartner","viewId":"application-managepartners-display-component---NewPartner","bindingPath":{"path":"","propertyPath":"/CATALOG","modelName":"oNewPartnerModel"}}},"wdio_ui5_key":"etmportal.ui.managepartners.view.NewPartnersap.ui.core.Icon{\"src\":{\"regex\":{\"source\":\"slim\\\\-arrow\\\\-down\"}}}{\"controlType\":\"sap.m.ComboBox\",\"viewName\":\"etm.portal.ui.managepartners.view.NewPartner\",\"viewId\":\"application-managepartners-display-component---NewPartner\",\"bindingPath\":{\"path\":\"\",\"propertyPath\":\"/CATALOG\",\"modelName\":\"oNewPartnerModel\"}}"}]}
RESULT: {"script":"<script> [1562 bytes]","args":[{"selector":{"controlType":"sap.ui.core.Icon","viewName":"etm.portal.ui.managepartners.view.NewPartner","viewId":"application-managepartners-display-component---NewPartner","properties":{"src":{"regex":{"source":"slim\\-arrow\\-down"}}},"ancestor":{"controlType":"sap.m.ComboBox","viewName":"etm.portal.ui.managepartners.view.NewPartner","viewId":"application-managepartners-display-component---NewPartner","bindingPath":{"path":"","propertyPath":"/CATALOG","modelName":"oNewPartnerModel"}}},"wdio_ui5_key":"etmportal.ui.managepartners.view.NewPartnersap.ui.core.Icon{\"src\":{\"regex\":{\"source\":\"slim\\\\-arrow\\\\-down\"}}}{\"controlType\":\"sap.m.ComboBox\",\"viewName\":\"etm.portal.ui.managepartners.view.NewPartner\",\"viewId\":\"application-managepartners-display-component---NewPartner\",\"bindingPath\":{\"path\":\"\",\"propertyPath\":\"/CATALOG\",\"modelName\":\"oNewPartnerModel\"}}"}]}
RESULT: undefined
COMMAND: POST /session/f524b757760d5c60bd583e9ee049f297/element - {"using":"xpath","value":"//*[@id=\"__box22-arrow\"]"}
RESULT: {"using":"xpath","value":"//*[@id=\"__box22-arrow\"]"}
COMMAND: POST /session/f524b757760d5c60bd583e9ee049f297/element/f.21BCA9660A1D2E3CF9A692D178FDB716.d.32B8C31FD11D0B73F00E8843C2420A58.e.4217/click - {}
RESULT: {}
COMMAND: GET /session/f524b757760d5c60bd583e9ee049f297/screenshot - {}
RESULT: {}
COMMAND: POST /session/f524b757760d5c60bd583e9ee049f297/element - {"using":"xpath","value":"//ul[contains(@id,\"popup-list-listUl\")]//li[.//span[text()= \"Webshop Catalog\"]]"}
RESULT: {"using":"xpath","value":"//ul[contains(@id,\"popup-list-listUl\")]//li[.//span[text()= \"Webshop Catalog\"]]"}
COMMAND: POST /session/f524b757760d5c60bd583e9ee049f297/element/f.21BCA9660A1D2E3CF9A692D178FDB716.d.32B8C31FD11D0B73F00E8843C2420A58.e.4264/click - {}
RESULT: {}
COMMAND: GET /session/f524b757760d5c60bd583e9ee049f297/screenshot - {}
RESULT: {}
COMMAND: POST /session/f524b757760d5c60bd583e9ee049f297/execute/async - {"script":"<script> [1562 bytes]","args":[{"selector":{"id":"application-managepartners-display-component---NewPartner--btnAddTableRow-img"},"wdio_ui5_key":"applicationmanagepartners-display-component---NewPartner--btnAddTableRow-img"}]}
RESULT: {"script":"<script> [1562 bytes]","args":[{"selector":{"id":"application-managepartners-display-component---NewPartner--btnAddTableRow-img"},"wdio_ui5_key":"applicationmanagepartners-display-component---NewPartner--btnAddTableRow-img"}]}
RESULT: undefined
COMMAND: POST /session/f524b757760d5c60bd583e9ee049f297/element - {"using":"xpath","value":"//*[@id=\"application-managepartners-display-component---NewPartner--btnAddTableRow-img\"]"}
RESULT: {"using":"xpath","value":"//*[@id=\"application-managepartners-display-component---NewPartner--btnAddTableRow-img\"]"}
COMMAND: POST /session/f524b757760d5c60bd583e9ee049f297/element/f.21BCA9660A1D2E3CF9A692D178FDB716.d.32B8C31FD11D0B73F00E8843C2420A58.e.4265/click - {}
RESULT: {}
COMMAND: GET /session/f524b757760d5c60bd583e9ee049f297/screenshot - {}
RESULT: {}
COMMAND: POST /session/f524b757760d5c60bd583e9ee049f297/element - {"using":"xpath","value":"//input[@id=\"application-managepartners-display-component---NewPartner--assignmentYard-application-managepartners-display-component---NewPartner--assignmentsTable-0-inner\"]"}
RESULT: {"using":"xpath","value":"//input[@id=\"application-managepartners-display-component---NewPartner--assignmentYard-application-managepartners-display-component---NewPartner--assignmentsTable-0-inner\"]"}
COMMAND: POST /session/f524b757760d5c60bd583e9ee049f297/element/f.21BCA9660A1D2E3CF9A692D178FDB716.d.32B8C31FD11D0B73F00E8843C2420A58.e.4268/clear - {}
RESULT: {}
COMMAND: POST /session/f524b757760d5c60bd583e9ee049f297/element/f.21BCA9660A1D2E3CF9A692D178FDB716.d.32B8C31FD11D0B73F00E8843C2420A58.e.4268/value - {"text":"527"}
COMMAND: GET /session/f524b757760d5c60bd583e9ee049f297/screenshot - {}
RESULT: {"text":"527"}
COMMAND: GET /session/f524b757760d5c60bd583e9ee049f297/screenshot - {}
RESULT: {}
RESULT: {}
COMMAND: POST /session/f524b757760d5c60bd583e9ee049f297/element - {"using":"xpath","value":"//li[.//span[text()='527']]"}
RESULT: {"using":"xpath","value":"//li[.//span[text()='527']]"}
COMMAND: POST /session/f524b757760d5c60bd583e9ee049f297/element/f.21BCA9660A1D2E3CF9A692D178FDB716.d.32B8C31FD11D0B73F00E8843C2420A58.e.4277/click - {}
RESULT: {}
COMMAND: GET /session/f524b757760d5c60bd583e9ee049f297/screenshot - {}
RESULT: {}
COMMAND: POST /session/f524b757760d5c60bd583e9ee049f297/actions - {"actions":[{"id":"action11","type":"key","parameters":{},"actions":[{"type":"keyDown","value":""},{"type":"pause","duration":10},{"type":"keyUp","value":""}]}]}
RESULT: {"actions":[{"id":"action11","type":"key","parameters":{},"actions":[{"type":"keyDown","value":""},{"type":"pause","duration":10},{"type":"keyUp","value":""}]}]}
COMMAND: POST /session/f524b757760d5c60bd583e9ee049f297/element - {"using":"xpath","value":"//td[contains(@id, \"assignmentsTable-0-cell2\")]/div/div"}
COMMAND: GET /session/f524b757760d5c60bd583e9ee049f297/screenshot - {}
RESULT: {"using":"xpath","value":"//td[contains(@id, \"assignmentsTable-0-cell2\")]/div/div"}
COMMAND: POST /session/f524b757760d5c60bd583e9ee049f297/element/f.21BCA9660A1D2E3CF9A692D178FDB716.d.32B8C31FD11D0B73F00E8843C2420A58.e.4280/click - {}
RESULT: {}
RESULT: {}
COMMAND: GET /session/f524b757760d5c60bd583e9ee049f297/screenshot - {}
RESULT: {}
COMMAND: POST /session/f524b757760d5c60bd583e9ee049f297/element - {"using":"xpath","value":"//button[@data-kt=\"saveButton\"]"}
RESULT: {"using":"xpath","value":"//button[@data-kt=\"saveButton\"]"}
COMMAND: POST /session/f524b757760d5c60bd583e9ee049f297/element/f.21BCA9660A1D2E3CF9A692D178FDB716.d.32B8C31FD11D0B73F00E8843C2420A58.e.4218/click - {}
RESULT: {}
COMMAND: GET /session/f524b757760d5c60bd583e9ee049f297/screenshot - {}
RESULT: {}
COMMAND: POST /session/f524b757760d5c60bd583e9ee049f297/element - {"using":"xpath","value":"//header[contains(@id, 'ObjectPageLayout-headerTitle')]/div[1]/div[2]/div[2]/span[1]"}
RESULT: {"using":"xpath","value":"//header[contains(@id, 'ObjectPageLayout-headerTitle')]/div[1]/div[2]/div[2]/span[1]"}
COMMAND: POST /session/f524b757760d5c60bd583e9ee049f297/elements - {"using":"xpath","value":"//header[contains(@id, 'ObjectPageLayout-headerTitle')]/div[1]/div[2]/div[2]/span[1]"}
RESULT: {"using":"xpath","value":"//header[contains(@id, 'ObjectPageLayout-headerTitle')]/div[1]/div[2]/div[2]/span[1]"}
COMMAND: POST /session/f524b757760d5c60bd583e9ee049f297/execute/sync - {"script":"<script> [56 bytes]","args":[{"element-6066-11e4-a52e-4f735466cecf":"f.21BCA9660A1D2E3CF9A692D178FDB716.d.32B8C31FD11D0B73F00E8843C2420A58.e.4441","ELEMENT":"f.21BCA9660A1D2E3CF9A692D178FDB716.d.32B8C31FD11D0B73F00E8843C2420A58.e.4441"}]}
RESULT: {"script":"<script> [56 bytes]","args":[{"element-6066-11e4-a52e-4f735466cecf":"f.21BCA9660A1D2E3CF9A692D178FDB716.d.32B8C31FD11D0B73F00E8843C2420A58.e.4441","ELEMENT":"f.21BCA9660A1D2E3CF9A692D178FDB716.d.32B8C31FD11D0B73F00E8843C2420A58.e.4441"}]}
COMMAND: POST /session/f524b757760d5c60bd583e9ee049f297/element - {"using":"css selector","value":"#shell-header-logo"}
COMMAND: GET /session/f524b757760d5c60bd583e9ee049f297/screenshot - {}
RESULT: {"using":"css selector","value":"#shell-header-logo"}
COMMAND: POST /session/f524b757760d5c60bd583e9ee049f297/element/f.21BCA9660A1D2E3CF9A692D178FDB716.d.32B8C31FD11D0B73F00E8843C2420A58.e.3765/click - {}
RESULT: {}
RESULT: {}
COMMAND: GET /session/f524b757760d5c60bd583e9ee049f297/screenshot - {}
RESULT: {}
COMMAND: POST /session/f524b757760d5c60bd583e9ee049f297/execute/sync - {"script":"<script> [299 bytes]","args":[["getModel","getResource"]]}
RESULT: {"script":"<script> [299 bytes]","args":[["getModel","getResource"]]}
]]></system-out>
    </testcase>
    <testcase classname="chrome.136_0_7103_93.windows.Create_masterdata_for_Yard_Overview_-_trigger_provide_US130988" name="Should create a new WHM site" time="160.899">
      <system-out><![CDATA[
COMMAND: GET /session/f524b757760d5c60bd583e9ee049f297/screenshot - {}
COMMAND: POST /session/f524b757760d5c60bd583e9ee049f297/execute/async - {"script":"<script> [1562 bytes]","args":[{"selector":{"controlType":"sap.m.GenericTile","properties":{"header":"Manage Sites"}},"wdio_ui5_key":"sapm.GenericTile{\"header\":\"Manage Sites\"}"}]}
RESULT: {}
RESULT: {"script":"<script> [1562 bytes]","args":[{"selector":{"controlType":"sap.m.GenericTile","properties":{"header":"Manage Sites"}},"wdio_ui5_key":"sapm.GenericTile{\"header\":\"Manage Sites\"}"}]}
RESULT: undefined
COMMAND: POST /session/f524b757760d5c60bd583e9ee049f297/element - {"using":"xpath","value":"//*[@id=\"__tile40\"]"}
RESULT: {"using":"xpath","value":"//*[@id=\"__tile40\"]"}
COMMAND: POST /session/f524b757760d5c60bd583e9ee049f297/element/f.21BCA9660A1D2E3CF9A692D178FDB716.d.32B8C31FD11D0B73F00E8843C2420A58.e.2914/click - {}
RESULT: {}
COMMAND: GET /session/f524b757760d5c60bd583e9ee049f297/screenshot - {}
RESULT: {}
COMMAND: POST /session/f524b757760d5c60bd583e9ee049f297/elements - {"using":"xpath","value":"//span[text()='Error']"}
RESULT: {"using":"xpath","value":"//span[text()='Error']"}
COMMAND: POST /session/f524b757760d5c60bd583e9ee049f297/element - {"using":"xpath","value":"//button[@data-kt=\"addOverflowToolbarButton\"]"}
RESULT: {"using":"xpath","value":"//button[@data-kt=\"addOverflowToolbarButton\"]"}
COMMAND: POST /session/f524b757760d5c60bd583e9ee049f297/elements - {"using":"xpath","value":"//button[@data-kt=\"addOverflowToolbarButton\"]"}
RESULT: {"using":"xpath","value":"//button[@data-kt=\"addOverflowToolbarButton\"]"}
COMMAND: POST /session/f524b757760d5c60bd583e9ee049f297/execute/sync - {"script":"<script> [8489 bytes]","args":[{"element-6066-11e4-a52e-4f735466cecf":"f.21BCA9660A1D2E3CF9A692D178FDB716.d.32B8C31FD11D0B73F00E8843C2420A58.e.4490","ELEMENT":"f.21BCA9660A1D2E3CF9A692D178FDB716.d.32B8C31FD11D0B73F00E8843C2420A58.e.4490"}]}
RESULT: {"script":"<script> [8489 bytes]","args":[{"element-6066-11e4-a52e-4f735466cecf":"f.21BCA9660A1D2E3CF9A692D178FDB716.d.32B8C31FD11D0B73F00E8843C2420A58.e.4490","ELEMENT":"f.21BCA9660A1D2E3CF9A692D178FDB716.d.32B8C31FD11D0B73F00E8843C2420A58.e.4490"}]}
COMMAND: GET /session/f524b757760d5c60bd583e9ee049f297/element/f.21BCA9660A1D2E3CF9A692D178FDB716.d.32B8C31FD11D0B73F00E8843C2420A58.e.4490/enabled - {}
COMMAND: GET /session/f524b757760d5c60bd583e9ee049f297/screenshot - {}
RESULT: {}
COMMAND: POST /session/f524b757760d5c60bd583e9ee049f297/execute/sync - {"script":"<script> [8489 bytes]","args":[{"element-6066-11e4-a52e-4f735466cecf":"f.21BCA9660A1D2E3CF9A692D178FDB716.d.32B8C31FD11D0B73F00E8843C2420A58.e.4490","ELEMENT":"f.21BCA9660A1D2E3CF9A692D178FDB716.d.32B8C31FD11D0B73F00E8843C2420A58.e.4490"}]}
COMMAND: GET /session/f524b757760d5c60bd583e9ee049f297/screenshot - {}
RESULT: {}
RESULT: {"script":"<script> [8489 bytes]","args":[{"element-6066-11e4-a52e-4f735466cecf":"f.21BCA9660A1D2E3CF9A692D178FDB716.d.32B8C31FD11D0B73F00E8843C2420A58.e.4490","ELEMENT":"f.21BCA9660A1D2E3CF9A692D178FDB716.d.32B8C31FD11D0B73F00E8843C2420A58.e.4490"}]}
COMMAND: POST /session/f524b757760d5c60bd583e9ee049f297/execute/sync - {"script":"<script> [5351 bytes]","args":[{"element-6066-11e4-a52e-4f735466cecf":"f.21BCA9660A1D2E3CF9A692D178FDB716.d.32B8C31FD11D0B73F00E8843C2420A58.e.4490","ELEMENT":"f.21BCA9660A1D2E3CF9A692D178FDB716.d.32B8C31FD11D0B73F00E8843C2420A58.e.4490"}]}
COMMAND: GET /session/f524b757760d5c60bd583e9ee049f297/screenshot - {}
RESULT: {}
RESULT: {"script":"<script> [5351 bytes]","args":[{"element-6066-11e4-a52e-4f735466cecf":"f.21BCA9660A1D2E3CF9A692D178FDB716.d.32B8C31FD11D0B73F00E8843C2420A58.e.4490","ELEMENT":"f.21BCA9660A1D2E3CF9A692D178FDB716.d.32B8C31FD11D0B73F00E8843C2420A58.e.4490"}]}
COMMAND: POST /session/f524b757760d5c60bd583e9ee049f297/element/f.21BCA9660A1D2E3CF9A692D178FDB716.d.32B8C31FD11D0B73F00E8843C2420A58.e.4490/click - {}
COMMAND: GET /session/f524b757760d5c60bd583e9ee049f297/screenshot - {}
RESULT: {}
RESULT: {}
COMMAND: GET /session/f524b757760d5c60bd583e9ee049f297/screenshot - {}
COMMAND: POST /session/f524b757760d5c60bd583e9ee049f297/element - {"using":"xpath","value":"//input[@id=\"application-managesites-display-component---NewSite--siteId-inner\"]"}
RESULT: {}
RESULT: {}
RESULT: {"using":"xpath","value":"//input[@id=\"application-managesites-display-component---NewSite--siteId-inner\"]"}
COMMAND: POST /session/f524b757760d5c60bd583e9ee049f297/element - {"using":"xpath","value":"//input[@id=\"application-managesites-display-component---NewSite--siteId-inner\"]"}
RESULT: {"using":"xpath","value":"//input[@id=\"application-managesites-display-component---NewSite--siteId-inner\"]"}
COMMAND: POST /session/f524b757760d5c60bd583e9ee049f297/execute/async - {"script":"<script> [1562 bytes]","args":[{"selector":{"id":"application-managesites-display-component---NewSite--addressDetailDetailsName1","interaction":{"idSuffix":"inner"}},"wdio_ui5_key":"applicationmanagesites-display-component---NewSite--addressDetailDetailsName1"}]}
RESULT: {"script":"<script> [1562 bytes]","args":[{"selector":{"id":"application-managesites-display-component---NewSite--addressDetailDetailsName1","interaction":{"idSuffix":"inner"}},"wdio_ui5_key":"applicationmanagesites-display-component---NewSite--addressDetailDetailsName1"}]}
RESULT: undefined
COMMAND: POST /session/f524b757760d5c60bd583e9ee049f297/execute/async - {"script":"<script> [776 bytes]","args":[{"enterText":"Other Type Site WDIO","selector":{"id":"application-managesites-display-component---NewSite--addressDetailDetailsName1","interaction":{"idSuffix":"inner"}},"clearTextFirst":true,"interactionType":"ENTER_TEXT"}]}
RESULT: {"script":"<script> [776 bytes]","args":[{"enterText":"Other Type Site WDIO","selector":{"id":"application-managesites-display-component---NewSite--addressDetailDetailsName1","interaction":{"idSuffix":"inner"}},"clearTextFirst":true,"interactionType":"ENTER_TEXT"}]}
COMMAND: POST /session/f524b757760d5c60bd583e9ee049f297/execute/async - {"script":"<script> [1562 bytes]","args":[{"selector":{"id":"application-managesites-display-component---NewSite--addressDetailDetailsLanguage-arrow"},"wdio_ui5_key":"applicationmanagesites-display-component---NewSite--addressDetailDetailsLanguage-arrow"}]}
RESULT: {"script":"<script> [1562 bytes]","args":[{"selector":{"id":"application-managesites-display-component---NewSite--addressDetailDetailsLanguage-arrow"},"wdio_ui5_key":"applicationmanagesites-display-component---NewSite--addressDetailDetailsLanguage-arrow"}]}
RESULT: undefined
COMMAND: POST /session/f524b757760d5c60bd583e9ee049f297/element - {"using":"xpath","value":"//*[@id=\"application-managesites-display-component---NewSite--addressDetailDetailsLanguage-arrow\"]"}
RESULT: {"using":"xpath","value":"//*[@id=\"application-managesites-display-component---NewSite--addressDetailDetailsLanguage-arrow\"]"}
COMMAND: POST /session/f524b757760d5c60bd583e9ee049f297/element/f.21BCA9660A1D2E3CF9A692D178FDB716.d.32B8C31FD11D0B73F00E8843C2420A58.e.4892/click - {}
RESULT: {}
COMMAND: POST /session/f524b757760d5c60bd583e9ee049f297/element - {"using":"xpath","value":"//span[contains(text(), \"English\")]"}
COMMAND: GET /session/f524b757760d5c60bd583e9ee049f297/screenshot - {}
RESULT: {"using":"xpath","value":"//span[contains(text(), \"English\")]"}
COMMAND: POST /session/f524b757760d5c60bd583e9ee049f297/element/f.21BCA9660A1D2E3CF9A692D178FDB716.d.32B8C31FD11D0B73F00E8843C2420A58.e.4893/click - {}
RESULT: {}
RESULT: {}
COMMAND: POST /session/f524b757760d5c60bd583e9ee049f297/execute/async - {"script":"<script> [1562 bytes]","args":[{"selector":{"id":"application-managesites-display-component---NewSite--addressDetailDetailsCity1","interaction":{"idSuffix":"inner"}},"wdio_ui5_key":"applicationmanagesites-display-component---NewSite--addressDetailDetailsCity1"}]}
COMMAND: GET /session/f524b757760d5c60bd583e9ee049f297/screenshot - {}
RESULT: {"script":"<script> [1562 bytes]","args":[{"selector":{"id":"application-managesites-display-component---NewSite--addressDetailDetailsCity1","interaction":{"idSuffix":"inner"}},"wdio_ui5_key":"applicationmanagesites-display-component---NewSite--addressDetailDetailsCity1"}]}
RESULT: undefined
COMMAND: POST /session/f524b757760d5c60bd583e9ee049f297/execute/async - {"script":"<script> [776 bytes]","args":[{"enterText":"Rosario","selector":{"id":"application-managesites-display-component---NewSite--addressDetailDetailsCity1","interaction":{"idSuffix":"inner"}},"clearTextFirst":true,"interactionType":"ENTER_TEXT"}]}
RESULT: {}
RESULT: {"script":"<script> [776 bytes]","args":[{"enterText":"Rosario","selector":{"id":"application-managesites-display-component---NewSite--addressDetailDetailsCity1","interaction":{"idSuffix":"inner"}},"clearTextFirst":true,"interactionType":"ENTER_TEXT"}]}
COMMAND: POST /session/f524b757760d5c60bd583e9ee049f297/execute/async - {"script":"<script> [1562 bytes]","args":[{"selector":{"id":"application-managesites-display-component---NewSite--addressDetailDetailsCountry-arrow"},"wdio_ui5_key":"applicationmanagesites-display-component---NewSite--addressDetailDetailsCountry-arrow"}]}
RESULT: {"script":"<script> [1562 bytes]","args":[{"selector":{"id":"application-managesites-display-component---NewSite--addressDetailDetailsCountry-arrow"},"wdio_ui5_key":"applicationmanagesites-display-component---NewSite--addressDetailDetailsCountry-arrow"}]}
RESULT: undefined
COMMAND: POST /session/f524b757760d5c60bd583e9ee049f297/element - {"using":"xpath","value":"//*[@id=\"application-managesites-display-component---NewSite--addressDetailDetailsCountry-arrow\"]"}
RESULT: {"using":"xpath","value":"//*[@id=\"application-managesites-display-component---NewSite--addressDetailDetailsCountry-arrow\"]"}
COMMAND: POST /session/f524b757760d5c60bd583e9ee049f297/element/f.21BCA9660A1D2E3CF9A692D178FDB716.d.32B8C31FD11D0B73F00E8843C2420A58.e.4895/click - {}
RESULT: {}
COMMAND: POST /session/f524b757760d5c60bd583e9ee049f297/element - {"using":"xpath","value":"//span[contains(text(), \"Argentina\")]"}
COMMAND: GET /session/f524b757760d5c60bd583e9ee049f297/screenshot - {}
RESULT: {"using":"xpath","value":"//span[contains(text(), \"Argentina\")]"}
COMMAND: POST /session/f524b757760d5c60bd583e9ee049f297/element/f.21BCA9660A1D2E3CF9A692D178FDB716.d.32B8C31FD11D0B73F00E8843C2420A58.e.4896/click - {}
RESULT: {}
RESULT: {}
COMMAND: GET /session/f524b757760d5c60bd583e9ee049f297/screenshot - {}
RESULT: {}
COMMAND: POST /session/f524b757760d5c60bd583e9ee049f297/execute/async - {"script":"<script> [1562 bytes]","args":[{"selector":{"id":"application-managesites-display-component---NewSite--addressEditDetailsCostObjectCstType-arrow"},"wdio_ui5_key":"applicationmanagesites-display-component---NewSite--addressEditDetailsCostObjectCstType-arrow"}]}
RESULT: {"script":"<script> [1562 bytes]","args":[{"selector":{"id":"application-managesites-display-component---NewSite--addressEditDetailsCostObjectCstType-arrow"},"wdio_ui5_key":"applicationmanagesites-display-component---NewSite--addressEditDetailsCostObjectCstType-arrow"}]}
RESULT: undefined
COMMAND: POST /session/f524b757760d5c60bd583e9ee049f297/element - {"using":"xpath","value":"//*[@id=\"application-managesites-display-component---NewSite--addressEditDetailsCostObjectCstType-arrow\"]"}
RESULT: {"using":"xpath","value":"//*[@id=\"application-managesites-display-component---NewSite--addressEditDetailsCostObjectCstType-arrow\"]"}
COMMAND: POST /session/f524b757760d5c60bd583e9ee049f297/element/f.21BCA9660A1D2E3CF9A692D178FDB716.d.32B8C31FD11D0B73F00E8843C2420A58.e.4898/click - {}
RESULT: {}
COMMAND: POST /session/f524b757760d5c60bd583e9ee049f297/element - {"using":"xpath","value":"//span[contains(text(), \"Cost Center\")]"}
COMMAND: GET /session/f524b757760d5c60bd583e9ee049f297/screenshot - {}
RESULT: {"using":"xpath","value":"//span[contains(text(), \"Cost Center\")]"}
COMMAND: POST /session/f524b757760d5c60bd583e9ee049f297/element/f.21BCA9660A1D2E3CF9A692D178FDB716.d.32B8C31FD11D0B73F00E8843C2420A58.e.4899/click - {}
RESULT: {}
RESULT: {}
COMMAND: GET /session/f524b757760d5c60bd583e9ee049f297/screenshot - {}
RESULT: {}
COMMAND: POST /session/f524b757760d5c60bd583e9ee049f297/element - {"using":"xpath","value":"//span[@id=\"application-managesites-display-component---NewSite--addressNewCostObjectCstID-vhi\"]"}
RESULT: {"using":"xpath","value":"//span[@id=\"application-managesites-display-component---NewSite--addressNewCostObjectCstID-vhi\"]"}
COMMAND: POST /session/f524b757760d5c60bd583e9ee049f297/execute/sync - {"script":"<script> [8489 bytes]","args":[{"element-6066-11e4-a52e-4f735466cecf":"f.21BCA9660A1D2E3CF9A692D178FDB716.d.32B8C31FD11D0B73F00E8843C2420A58.e.4904","ELEMENT":"f.21BCA9660A1D2E3CF9A692D178FDB716.d.32B8C31FD11D0B73F00E8843C2420A58.e.4904"}]}
RESULT: {"script":"<script> [8489 bytes]","args":[{"element-6066-11e4-a52e-4f735466cecf":"f.21BCA9660A1D2E3CF9A692D178FDB716.d.32B8C31FD11D0B73F00E8843C2420A58.e.4904","ELEMENT":"f.21BCA9660A1D2E3CF9A692D178FDB716.d.32B8C31FD11D0B73F00E8843C2420A58.e.4904"}]}
COMMAND: POST /session/f524b757760d5c60bd583e9ee049f297/execute/async - {"script":"<script> [1562 bytes]","args":[{"selector":{"id":"application-managesites-display-component---NewSite--addressNewCostObjectCstID-vhi"},"wdio_ui5_key":"applicationmanagesites-display-component---NewSite--addressNewCostObjectCstID-vhi"}]}
COMMAND: GET /session/f524b757760d5c60bd583e9ee049f297/screenshot - {}
RESULT: {"script":"<script> [1562 bytes]","args":[{"selector":{"id":"application-managesites-display-component---NewSite--addressNewCostObjectCstID-vhi"},"wdio_ui5_key":"applicationmanagesites-display-component---NewSite--addressNewCostObjectCstID-vhi"}]}
RESULT: undefined
COMMAND: POST /session/f524b757760d5c60bd583e9ee049f297/element - {"using":"xpath","value":"//*[@id=\"application-managesites-display-component---NewSite--addressNewCostObjectCstID-vhi\"]"}
RESULT: {}
RESULT: {"using":"xpath","value":"//*[@id=\"application-managesites-display-component---NewSite--addressNewCostObjectCstID-vhi\"]"}
COMMAND: POST /session/f524b757760d5c60bd583e9ee049f297/element/f.21BCA9660A1D2E3CF9A692D178FDB716.d.32B8C31FD11D0B73F00E8843C2420A58.e.4904/click - {}
RESULT: {}
COMMAND: GET /session/f524b757760d5c60bd583e9ee049f297/screenshot - {}
RESULT: {}
RESULT: undefined
COMMAND: POST /session/f524b757760d5c60bd583e9ee049f297/execute/async - {"script":"<script> [776 bytes]","args":[{"enterText":"10001013","selector":{"controlType":"sap.m.SearchField","properties":{"placeholder":"Search"},"searchOpenDialogs":true,"interaction":{"idSuffix":"I"}},"clearTextFirst":true,"interactionType":"ENTER_TEXT"}]}
RESULT: {"script":"<script> [776 bytes]","args":[{"enterText":"10001013","selector":{"controlType":"sap.m.SearchField","properties":{"placeholder":"Search"},"searchOpenDialogs":true,"interaction":{"idSuffix":"I"}},"clearTextFirst":true,"interactionType":"ENTER_TEXT"}]}
COMMAND: POST /session/f524b757760d5c60bd583e9ee049f297/actions - {"actions":[{"id":"action12","type":"key","parameters":{},"actions":[{"type":"keyDown","value":""},{"type":"pause","duration":10},{"type":"keyUp","value":""}]}]}
RESULT: {"actions":[{"id":"action12","type":"key","parameters":{},"actions":[{"type":"keyDown","value":""},{"type":"pause","duration":10},{"type":"keyUp","value":""}]}]}
COMMAND: GET /session/f524b757760d5c60bd583e9ee049f297/screenshot - {}
RESULT: {}
COMMAND: POST /session/f524b757760d5c60bd583e9ee049f297/element - {"using":"xpath","value":"//span[contains(text(), \"General Management\")]"}
RESULT: {"using":"xpath","value":"//span[contains(text(), \"General Management\")]"}
COMMAND: POST /session/f524b757760d5c60bd583e9ee049f297/element/f.21BCA9660A1D2E3CF9A692D178FDB716.d.32B8C31FD11D0B73F00E8843C2420A58.e.4943/click - {}
RESULT: {}
COMMAND: GET /session/f524b757760d5c60bd583e9ee049f297/screenshot - {}
RESULT: {}
COMMAND: POST /session/f524b757760d5c60bd583e9ee049f297/element - {"using":"xpath","value":"//bdi[contains(text(), \"OK\")]"}
RESULT: {"using":"xpath","value":"//bdi[contains(text(), \"OK\")]"}
COMMAND: POST /session/f524b757760d5c60bd583e9ee049f297/element/f.21BCA9660A1D2E3CF9A692D178FDB716.d.32B8C31FD11D0B73F00E8843C2420A58.e.4944/click - {}
RESULT: {}
COMMAND: GET /session/f524b757760d5c60bd583e9ee049f297/screenshot - {}
RESULT: {}
COMMAND: POST /session/f524b757760d5c60bd583e9ee049f297/element - {"using":"xpath","value":"//input[@id=\"application-managesites-display-component---NewSite--addressDetailDetailsCalendar-inner\"]"}
RESULT: {"using":"xpath","value":"//input[@id=\"application-managesites-display-component---NewSite--addressDetailDetailsCalendar-inner\"]"}
COMMAND: POST /session/f524b757760d5c60bd583e9ee049f297/element/f.21BCA9660A1D2E3CF9A692D178FDB716.d.32B8C31FD11D0B73F00E8843C2420A58.e.4689/clear - {}
RESULT: {}
COMMAND: POST /session/f524b757760d5c60bd583e9ee049f297/element/f.21BCA9660A1D2E3CF9A692D178FDB716.d.32B8C31FD11D0B73F00E8843C2420A58.e.4689/value - {"text":"Unit"}
COMMAND: GET /session/f524b757760d5c60bd583e9ee049f297/screenshot - {}
RESULT: {"text":"Unit"}
COMMAND: GET /session/f524b757760d5c60bd583e9ee049f297/screenshot - {}
RESULT: {}
RESULT: {}
COMMAND: POST /session/f524b757760d5c60bd583e9ee049f297/actions - {"actions":[{"id":"action13","type":"key","parameters":{},"actions":[{"type":"keyDown","value":""},{"type":"pause","duration":10},{"type":"keyUp","value":""}]}]}
RESULT: {"actions":[{"id":"action13","type":"key","parameters":{},"actions":[{"type":"keyDown","value":""},{"type":"pause","duration":10},{"type":"keyUp","value":""}]}]}
COMMAND: POST /session/f524b757760d5c60bd583e9ee049f297/element - {"using":"xpath","value":"//input[@id=\"application-managesites-display-component---NewSite--addressDetailDetailsYard-inner\"]"}
COMMAND: GET /session/f524b757760d5c60bd583e9ee049f297/screenshot - {}
RESULT: {"using":"xpath","value":"//input[@id=\"application-managesites-display-component---NewSite--addressDetailDetailsYard-inner\"]"}
COMMAND: POST /session/f524b757760d5c60bd583e9ee049f297/element/f.21BCA9660A1D2E3CF9A692D178FDB716.d.32B8C31FD11D0B73F00E8843C2420A58.e.4690/clear - {}
RESULT: {}
RESULT: {}
COMMAND: POST /session/f524b757760d5c60bd583e9ee049f297/element/f.21BCA9660A1D2E3CF9A692D178FDB716.d.32B8C31FD11D0B73F00E8843C2420A58.e.4690/value - {"text":"527"}
COMMAND: GET /session/f524b757760d5c60bd583e9ee049f297/screenshot - {}
RESULT: {"text":"527"}
COMMAND: GET /session/f524b757760d5c60bd583e9ee049f297/screenshot - {}
RESULT: {}
RESULT: {}
COMMAND: POST /session/f524b757760d5c60bd583e9ee049f297/element - {"using":"xpath","value":"//li[.//span[text()='527']]"}
RESULT: {"using":"xpath","value":"//li[.//span[text()='527']]"}
COMMAND: POST /session/f524b757760d5c60bd583e9ee049f297/element/f.21BCA9660A1D2E3CF9A692D178FDB716.d.32B8C31FD11D0B73F00E8843C2420A58.e.4952/click - {}
RESULT: {}
COMMAND: GET /session/f524b757760d5c60bd583e9ee049f297/screenshot - {}
RESULT: {}
COMMAND: POST /session/f524b757760d5c60bd583e9ee049f297/element - {"using":"xpath","value":"//input[@id=\"application-managesites-display-component---NewSite--addressDetailDetailsPartner-inner\"]"}
RESULT: {"using":"xpath","value":"//input[@id=\"application-managesites-display-component---NewSite--addressDetailDetailsPartner-inner\"]"}
COMMAND: POST /session/f524b757760d5c60bd583e9ee049f297/element - {"using":"xpath","value":"//input[@id=\"application-managesites-display-component---NewSite--addressDetailDetailsPartner-inner\"]"}
RESULT: {"using":"xpath","value":"//input[@id=\"application-managesites-display-component---NewSite--addressDetailDetailsPartner-inner\"]"}
COMMAND: POST /session/f524b757760d5c60bd583e9ee049f297/element - {"using":"xpath","value":"//button[@data-kt=\"saveButton\"]"}
RESULT: {"using":"xpath","value":"//button[@data-kt=\"saveButton\"]"}
COMMAND: POST /session/f524b757760d5c60bd583e9ee049f297/element/f.21BCA9660A1D2E3CF9A692D178FDB716.d.32B8C31FD11D0B73F00E8843C2420A58.e.4885/click - {}
RESULT: {}
COMMAND: GET /session/f524b757760d5c60bd583e9ee049f297/screenshot - {}
RESULT: {}
COMMAND: POST /session/f524b757760d5c60bd583e9ee049f297/element - {"using":"xpath","value":"//header[contains(@id, 'ObjectPageLayout-headerTitle')]/div[1]/div[2]/div[2]/span[1]"}
RESULT: {"using":"xpath","value":"//header[contains(@id, 'ObjectPageLayout-headerTitle')]/div[1]/div[2]/div[2]/span[1]"}
COMMAND: POST /session/f524b757760d5c60bd583e9ee049f297/elements - {"using":"xpath","value":"//header[contains(@id, 'ObjectPageLayout-headerTitle')]/div[1]/div[2]/div[2]/span[1]"}
RESULT: {"using":"xpath","value":"//header[contains(@id, 'ObjectPageLayout-headerTitle')]/div[1]/div[2]/div[2]/span[1]"}
COMMAND: POST /session/f524b757760d5c60bd583e9ee049f297/execute/sync - {"script":"<script> [56 bytes]","args":[{"element-6066-11e4-a52e-4f735466cecf":"f.21BCA9660A1D2E3CF9A692D178FDB716.d.32B8C31FD11D0B73F00E8843C2420A58.e.5156","ELEMENT":"f.21BCA9660A1D2E3CF9A692D178FDB716.d.32B8C31FD11D0B73F00E8843C2420A58.e.5156"}]}
RESULT: {"script":"<script> [56 bytes]","args":[{"element-6066-11e4-a52e-4f735466cecf":"f.21BCA9660A1D2E3CF9A692D178FDB716.d.32B8C31FD11D0B73F00E8843C2420A58.e.5156","ELEMENT":"f.21BCA9660A1D2E3CF9A692D178FDB716.d.32B8C31FD11D0B73F00E8843C2420A58.e.5156"}]}
COMMAND: POST /session/f524b757760d5c60bd583e9ee049f297/element - {"using":"css selector","value":"#shell-header-logo"}
COMMAND: GET /session/f524b757760d5c60bd583e9ee049f297/screenshot - {}
RESULT: {"using":"css selector","value":"#shell-header-logo"}
COMMAND: POST /session/f524b757760d5c60bd583e9ee049f297/element/f.21BCA9660A1D2E3CF9A692D178FDB716.d.32B8C31FD11D0B73F00E8843C2420A58.e.4447/click - {}
RESULT: {}
RESULT: {}
COMMAND: GET /session/f524b757760d5c60bd583e9ee049f297/screenshot - {}
RESULT: {}
COMMAND: POST /session/f524b757760d5c60bd583e9ee049f297/execute/sync - {"script":"<script> [299 bytes]","args":[["getModel","getResource"]]}
RESULT: {"script":"<script> [299 bytes]","args":[["getModel","getResource"]]}
COMMAND: POST /session/f524b757760d5c60bd583e9ee049f297/actions - {"actions":[{"id":"action14","type":"key","parameters":{},"actions":[{"type":"keyDown","value":""},{"type":"pause","duration":10},{"type":"keyUp","value":""}]}]}
COMMAND: GET /session/f524b757760d5c60bd583e9ee049f297/screenshot - {}
RESULT: {"actions":[{"id":"action14","type":"key","parameters":{},"actions":[{"type":"keyDown","value":""},{"type":"pause","duration":10},{"type":"keyUp","value":""}]}]}
COMMAND: GET /session/f524b757760d5c60bd583e9ee049f297/screenshot - {}
RESULT: {}
RESULT: {}
COMMAND: POST /session/f524b757760d5c60bd583e9ee049f297/refresh - {}
RESULT: {}
COMMAND: GET /session/f524b757760d5c60bd583e9ee049f297/screenshot - {}
RESULT: {}
COMMAND: POST /session/f524b757760d5c60bd583e9ee049f297/refresh - {}
RESULT: {}
COMMAND: GET /session/f524b757760d5c60bd583e9ee049f297/screenshot - {}
RESULT: {}
COMMAND: POST /session/f524b757760d5c60bd583e9ee049f297/window/fullscreen - {}
RESULT: {}
COMMAND: POST /session/f524b757760d5c60bd583e9ee049f297/execute/async - {"script":"<script> [189 bytes]","args":[]}
RESULT: {"script":"<script> [189 bytes]","args":[]}
COMMAND: POST /session/f524b757760d5c60bd583e9ee049f297/execute/async - {"script":"<script> [123 bytes]","args":[]}
RESULT: {"script":"<script> [123 bytes]","args":[]}
COMMAND: POST /session/f524b757760d5c60bd583e9ee049f297/timeouts - {"script":"<number>"}
RESULT: {"script":"<number>"}
COMMAND: GET /session/f524b757760d5c60bd583e9ee049f297/timeouts - {}
RESULT: {}
RESULT: undefined
COMMAND: POST /session/f524b757760d5c60bd583e9ee049f297/execute/async - {"script":"<script> [2676 bytes]","args":[]}
RESULT: {"script":"<script> [2676 bytes]","args":[]}
COMMAND: POST /session/f524b757760d5c60bd583e9ee049f297/execute/async - {"script":"<script> [2342 bytes]","args":[{"protocol":"http","hostname":"0.0.0.0","path":"/","capabilities":{"browserName":"chrome","goog:chromeOptions":{"binary":"C:\\Program Files\\Google\\Chrome\\Application\\chrome.exe","args":["--start-maximized"]}},"logLevel":"warn","connectionRetryTimeout":120000,"connectionRetryCount":3,"logLevels":{},"enableDirectConnect":true,"strictSSL":true,"_":"65 more keys: [\"cacheDir\",\"port\",\"requestedCapabilities\",\"automationProtocol\",\"baseUrl\",\"waitforInterval\",\"waitforTimeout\",\"onReload\",\"beforeCommand\",\"afterCommand\",\"rootDir\",\"specs\",\"suites\",\"exclude\",\"groupLogsByTestSpec\",\"excludeDriverLogs\",\"bail\",\"framework\",\"reporters\",\"services\",\"maxInstances\",\"maxInstancesPerCapability\",\"injectGlobals\",\"filesToWatch\",\"execArgv\",\"runnerEnv\",\"runner\",\"shard\",\"specFileRetries\",\"specFileRetriesDelay\",\"specFileRetriesDeferred\",\"reporterSyncInterval\",\"reporterSyncTimeout\",\"cucumberFeaturesWithLineNumbers\",\"autoCompileOpts\",\"mochaOpts\",\"jasmineOpts\",\"cucumberOpts\",\"onPrepare\",\"onWorkerStart\",\"onWorkerEnd\",\"before\",\"beforeSession\",\"beforeSuite\",\"beforeHook\",\"beforeTest\",\"afterTest\",\"afterHook\",\"afterSuite\",\"afterSession\",\"after\",\"onComplete\",\"beforeAssertion\",\"afterAssertion\",\"beforeFeature\",\"beforeScenario\",\"beforeStep\",\"afterStep\",\"afterScenario\",\"afterFeature\",\"_\",\"suite\",\"$0\",\"ignoredWorkerServices\",\"wdi5\"]"}]}
RESULT: {"script":"<script> [2342 bytes]","args":[{"protocol":"http","hostname":"0.0.0.0","path":"/","capabilities":{"browserName":"chrome","goog:chromeOptions":{"binary":"C:\\Program Files\\Google\\Chrome\\Application\\chrome.exe","args":["--start-maximized"]}},"logLevel":"warn","connectionRetryTimeout":120000,"connectionRetryCount":3,"logLevels":{},"enableDirectConnect":true,"strictSSL":true,"_":"65 more keys: [\"cacheDir\",\"port\",\"requestedCapabilities\",\"automationProtocol\",\"baseUrl\",\"waitforInterval\",\"waitforTimeout\",\"onReload\",\"beforeCommand\",\"afterCommand\",\"rootDir\",\"specs\",\"suites\",\"exclude\",\"groupLogsByTestSpec\",\"excludeDriverLogs\",\"bail\",\"framework\",\"reporters\",\"services\",\"maxInstances\",\"maxInstancesPerCapability\",\"injectGlobals\",\"filesToWatch\",\"execArgv\",\"runnerEnv\",\"runner\",\"shard\",\"specFileRetries\",\"specFileRetriesDelay\",\"specFileRetriesDeferred\",\"reporterSyncInterval\",\"reporterSyncTimeout\",\"cucumberFeaturesWithLineNumbers\",\"autoCompileOpts\",\"mochaOpts\",\"jasmineOpts\",\"cucumberOpts\",\"onPrepare\",\"onWorkerStart\",\"onWorkerEnd\",\"before\",\"beforeSession\",\"beforeSuite\",\"beforeHook\",\"beforeTest\",\"afterTest\",\"afterHook\",\"afterSuite\",\"afterSession\",\"after\",\"onComplete\",\"beforeAssertion\",\"afterAssertion\",\"beforeFeature\",\"beforeScenario\",\"beforeStep\",\"afterStep\",\"afterScenario\",\"afterFeature\",\"_\",\"suite\",\"$0\",\"ignoredWorkerServices\",\"wdi5\"]"}]}
COMMAND: POST /session/f524b757760d5c60bd583e9ee049f297/execute/async - {"script":"<script> [21126 bytes]","args":[35000]}
RESULT: {"script":"<script> [21126 bytes]","args":[35000]}
COMMAND: POST /session/f524b757760d5c60bd583e9ee049f297/window/fullscreen - {}
RESULT: {}
]]></system-out>
    </testcase>
    <testcase classname="chrome.136_0_7103_93.windows.Create_masterdata_for_Yard_Overview_-_trigger_provide_US130988" name="Should create a new material" time="133.712">
      <system-out><![CDATA[
COMMAND: POST /session/f524b757760d5c60bd583e9ee049f297/execute/async - {"script":"<script> [1562 bytes]","args":[{"selector":{"controlType":"sap.m.GenericTile","properties":{"header":"Manage Resources"}},"wdio_ui5_key":"sapm.GenericTile{\"header\":\"Manage Resources\"}"}]}
RESULT: {"script":"<script> [1562 bytes]","args":[{"selector":{"controlType":"sap.m.GenericTile","properties":{"header":"Manage Resources"}},"wdio_ui5_key":"sapm.GenericTile{\"header\":\"Manage Resources\"}"}]}
RESULT: undefined
COMMAND: POST /session/f524b757760d5c60bd583e9ee049f297/element - {"using":"xpath","value":"//*[@id=\"__tile31\"]"}
RESULT: {"using":"xpath","value":"//*[@id=\"__tile31\"]"}
COMMAND: POST /session/f524b757760d5c60bd583e9ee049f297/element/f.21BCA9660A1D2E3CF9A692D178FDB716.d.41AC2C6FA35301AA738377E4A7FBC736.e.5253/click - {}
RESULT: {}
COMMAND: GET /session/f524b757760d5c60bd583e9ee049f297/screenshot - {}
RESULT: {}
COMMAND: POST /session/f524b757760d5c60bd583e9ee049f297/elements - {"using":"xpath","value":"//span[text()='Error']"}
RESULT: {"using":"xpath","value":"//span[text()='Error']"}
COMMAND: POST /session/f524b757760d5c60bd583e9ee049f297/element - {"using":"xpath","value":"//button[@data-kt=\"addNewRUOverflowToolbarButton\"]"}
RESULT: {"using":"xpath","value":"//button[@data-kt=\"addNewRUOverflowToolbarButton\"]"}
COMMAND: POST /session/f524b757760d5c60bd583e9ee049f297/elements - {"using":"xpath","value":"//button[@data-kt=\"addNewRUOverflowToolbarButton\"]"}
RESULT: {"using":"xpath","value":"//button[@data-kt=\"addNewRUOverflowToolbarButton\"]"}
COMMAND: POST /session/f524b757760d5c60bd583e9ee049f297/elements - {"using":"xpath","value":"//button[@data-kt=\"addNewRUOverflowToolbarButton\"]"}
RESULT: {"using":"xpath","value":"//button[@data-kt=\"addNewRUOverflowToolbarButton\"]"}
COMMAND: POST /session/f524b757760d5c60bd583e9ee049f297/elements - {"using":"xpath","value":"//button[@data-kt=\"addNewRUOverflowToolbarButton\"]"}
RESULT: {"using":"xpath","value":"//button[@data-kt=\"addNewRUOverflowToolbarButton\"]"}
COMMAND: POST /session/f524b757760d5c60bd583e9ee049f297/elements - {"using":"xpath","value":"//button[@data-kt=\"addNewRUOverflowToolbarButton\"]"}
RESULT: {"using":"xpath","value":"//button[@data-kt=\"addNewRUOverflowToolbarButton\"]"}
COMMAND: POST /session/f524b757760d5c60bd583e9ee049f297/elements - {"using":"xpath","value":"//button[@data-kt=\"addNewRUOverflowToolbarButton\"]"}
RESULT: {"using":"xpath","value":"//button[@data-kt=\"addNewRUOverflowToolbarButton\"]"}
COMMAND: POST /session/f524b757760d5c60bd583e9ee049f297/elements - {"using":"xpath","value":"//button[@data-kt=\"addNewRUOverflowToolbarButton\"]"}
RESULT: {"using":"xpath","value":"//button[@data-kt=\"addNewRUOverflowToolbarButton\"]"}
COMMAND: POST /session/f524b757760d5c60bd583e9ee049f297/elements - {"using":"xpath","value":"//button[@data-kt=\"addNewRUOverflowToolbarButton\"]"}
RESULT: {"using":"xpath","value":"//button[@data-kt=\"addNewRUOverflowToolbarButton\"]"}
COMMAND: POST /session/f524b757760d5c60bd583e9ee049f297/elements - {"using":"xpath","value":"//button[@data-kt=\"addNewRUOverflowToolbarButton\"]"}
RESULT: {"using":"xpath","value":"//button[@data-kt=\"addNewRUOverflowToolbarButton\"]"}
COMMAND: POST /session/f524b757760d5c60bd583e9ee049f297/elements - {"using":"xpath","value":"//button[@data-kt=\"addNewRUOverflowToolbarButton\"]"}
RESULT: {"using":"xpath","value":"//button[@data-kt=\"addNewRUOverflowToolbarButton\"]"}
COMMAND: POST /session/f524b757760d5c60bd583e9ee049f297/elements - {"using":"xpath","value":"//button[@data-kt=\"addNewRUOverflowToolbarButton\"]"}
RESULT: {"using":"xpath","value":"//button[@data-kt=\"addNewRUOverflowToolbarButton\"]"}
COMMAND: POST /session/f524b757760d5c60bd583e9ee049f297/elements - {"using":"xpath","value":"//button[@data-kt=\"addNewRUOverflowToolbarButton\"]"}
RESULT: {"using":"xpath","value":"//button[@data-kt=\"addNewRUOverflowToolbarButton\"]"}
COMMAND: POST /session/f524b757760d5c60bd583e9ee049f297/elements - {"using":"xpath","value":"//button[@data-kt=\"addNewRUOverflowToolbarButton\"]"}
RESULT: {"using":"xpath","value":"//button[@data-kt=\"addNewRUOverflowToolbarButton\"]"}
COMMAND: POST /session/f524b757760d5c60bd583e9ee049f297/elements - {"using":"xpath","value":"//button[@data-kt=\"addNewRUOverflowToolbarButton\"]"}
RESULT: {"using":"xpath","value":"//button[@data-kt=\"addNewRUOverflowToolbarButton\"]"}
COMMAND: POST /session/f524b757760d5c60bd583e9ee049f297/element - {"using":"xpath","value":"//button[@data-kt=\"addNewRUOverflowToolbarButton\"]"}
RESULT: {"using":"xpath","value":"//button[@data-kt=\"addNewRUOverflowToolbarButton\"]"}
COMMAND: POST /session/f524b757760d5c60bd583e9ee049f297/execute/sync - {"script":"<script> [8489 bytes]","args":[{"element-6066-11e4-a52e-4f735466cecf":"f.21BCA9660A1D2E3CF9A692D178FDB716.d.41AC2C6FA35301AA738377E4A7FBC736.e.5402","ELEMENT":"f.21BCA9660A1D2E3CF9A692D178FDB716.d.41AC2C6FA35301AA738377E4A7FBC736.e.5402"}]}
RESULT: {"script":"<script> [8489 bytes]","args":[{"element-6066-11e4-a52e-4f735466cecf":"f.21BCA9660A1D2E3CF9A692D178FDB716.d.41AC2C6FA35301AA738377E4A7FBC736.e.5402","ELEMENT":"f.21BCA9660A1D2E3CF9A692D178FDB716.d.41AC2C6FA35301AA738377E4A7FBC736.e.5402"}]}
COMMAND: GET /session/f524b757760d5c60bd583e9ee049f297/element/f.21BCA9660A1D2E3CF9A692D178FDB716.d.41AC2C6FA35301AA738377E4A7FBC736.e.5402/enabled - {}
COMMAND: GET /session/f524b757760d5c60bd583e9ee049f297/screenshot - {}
RESULT: {}
COMMAND: POST /session/f524b757760d5c60bd583e9ee049f297/execute/sync - {"script":"<script> [8489 bytes]","args":[{"element-6066-11e4-a52e-4f735466cecf":"f.21BCA9660A1D2E3CF9A692D178FDB716.d.41AC2C6FA35301AA738377E4A7FBC736.e.5402","ELEMENT":"f.21BCA9660A1D2E3CF9A692D178FDB716.d.41AC2C6FA35301AA738377E4A7FBC736.e.5402"}]}
COMMAND: GET /session/f524b757760d5c60bd583e9ee049f297/screenshot - {}
RESULT: {}
RESULT: {"script":"<script> [8489 bytes]","args":[{"element-6066-11e4-a52e-4f735466cecf":"f.21BCA9660A1D2E3CF9A692D178FDB716.d.41AC2C6FA35301AA738377E4A7FBC736.e.5402","ELEMENT":"f.21BCA9660A1D2E3CF9A692D178FDB716.d.41AC2C6FA35301AA738377E4A7FBC736.e.5402"}]}
COMMAND: POST /session/f524b757760d5c60bd583e9ee049f297/execute/sync - {"script":"<script> [5351 bytes]","args":[{"element-6066-11e4-a52e-4f735466cecf":"f.21BCA9660A1D2E3CF9A692D178FDB716.d.41AC2C6FA35301AA738377E4A7FBC736.e.5402","ELEMENT":"f.21BCA9660A1D2E3CF9A692D178FDB716.d.41AC2C6FA35301AA738377E4A7FBC736.e.5402"}]}
COMMAND: GET /session/f524b757760d5c60bd583e9ee049f297/screenshot - {}
RESULT: {}
RESULT: {"script":"<script> [5351 bytes]","args":[{"element-6066-11e4-a52e-4f735466cecf":"f.21BCA9660A1D2E3CF9A692D178FDB716.d.41AC2C6FA35301AA738377E4A7FBC736.e.5402","ELEMENT":"f.21BCA9660A1D2E3CF9A692D178FDB716.d.41AC2C6FA35301AA738377E4A7FBC736.e.5402"}]}
COMMAND: POST /session/f524b757760d5c60bd583e9ee049f297/element/f.21BCA9660A1D2E3CF9A692D178FDB716.d.41AC2C6FA35301AA738377E4A7FBC736.e.5402/click - {}
COMMAND: GET /session/f524b757760d5c60bd583e9ee049f297/screenshot - {}
RESULT: {}
RESULT: {}
COMMAND: GET /session/f524b757760d5c60bd583e9ee049f297/screenshot - {}
RESULT: {}
RESULT: {}
COMMAND: POST /session/f524b757760d5c60bd583e9ee049f297/execute/async - {"script":"<script> [1562 bytes]","args":[{"selector":{"id":"application-manageresources-display-component---newResourceUnit--TYPE-arrow"},"wdio_ui5_key":"applicationmanageresources-display-component---newResourceUnit--TYPE-arrow"}]}
RESULT: {"script":"<script> [1562 bytes]","args":[{"selector":{"id":"application-manageresources-display-component---newResourceUnit--TYPE-arrow"},"wdio_ui5_key":"applicationmanageresources-display-component---newResourceUnit--TYPE-arrow"}]}
RESULT: undefined
COMMAND: POST /session/f524b757760d5c60bd583e9ee049f297/element - {"using":"xpath","value":"//*[@id=\"application-manageresources-display-component---newResourceUnit--TYPE-arrow\"]"}
RESULT: {"using":"xpath","value":"//*[@id=\"application-manageresources-display-component---newResourceUnit--TYPE-arrow\"]"}
COMMAND: POST /session/f524b757760d5c60bd583e9ee049f297/element/f.21BCA9660A1D2E3CF9A692D178FDB716.d.41AC2C6FA35301AA738377E4A7FBC736.e.5758/click - {}
RESULT: {}
COMMAND: POST /session/f524b757760d5c60bd583e9ee049f297/element - {"using":"xpath","value":"//input[@id=\"application-manageresources-display-component---newResourceUnit--TYPE-inner\"]"}
COMMAND: GET /session/f524b757760d5c60bd583e9ee049f297/screenshot - {}
RESULT: {"using":"xpath","value":"//input[@id=\"application-manageresources-display-component---newResourceUnit--TYPE-inner\"]"}
COMMAND: POST /session/f524b757760d5c60bd583e9ee049f297/element/f.21BCA9660A1D2E3CF9A692D178FDB716.d.41AC2C6FA35301AA738377E4A7FBC736.e.5753/clear - {}
RESULT: {}
RESULT: {}
COMMAND: POST /session/f524b757760d5c60bd583e9ee049f297/element/f.21BCA9660A1D2E3CF9A692D178FDB716.d.41AC2C6FA35301AA738377E4A7FBC736.e.5753/value - {"text":"Material"}
COMMAND: GET /session/f524b757760d5c60bd583e9ee049f297/screenshot - {}
RESULT: {"text":"Material"}
COMMAND: GET /session/f524b757760d5c60bd583e9ee049f297/screenshot - {}
RESULT: {}
RESULT: {}
COMMAND: POST /session/f524b757760d5c60bd583e9ee049f297/actions - {"actions":[{"id":"action15","type":"key","parameters":{},"actions":[{"type":"keyDown","value":""},{"type":"pause","duration":10},{"type":"keyUp","value":""}]}]}
RESULT: {"actions":[{"id":"action15","type":"key","parameters":{},"actions":[{"type":"keyDown","value":""},{"type":"pause","duration":10},{"type":"keyUp","value":""}]}]}
COMMAND: POST /session/f524b757760d5c60bd583e9ee049f297/execute/async - {"script":"<script> [1562 bytes]","args":[{"selector":{"id":"application-manageresources-display-component---newResourceUnit--SHORT_TEXT","interaction":{"idSuffix":"inner"}},"wdio_ui5_key":"applicationmanageresources-display-component---newResourceUnit--SHORT_TEXT"}]}
COMMAND: GET /session/f524b757760d5c60bd583e9ee049f297/screenshot - {}
RESULT: {"script":"<script> [1562 bytes]","args":[{"selector":{"id":"application-manageresources-display-component---newResourceUnit--SHORT_TEXT","interaction":{"idSuffix":"inner"}},"wdio_ui5_key":"applicationmanageresources-display-component---newResourceUnit--SHORT_TEXT"}]}
RESULT: undefined
COMMAND: POST /session/f524b757760d5c60bd583e9ee049f297/execute/async - {"script":"<script> [776 bytes]","args":[{"enterText":"Cement WDIO","selector":{"id":"application-manageresources-display-component---newResourceUnit--SHORT_TEXT","interaction":{"idSuffix":"inner"}},"clearTextFirst":true,"interactionType":"ENTER_TEXT"}]}
RESULT: {}
RESULT: {"script":"<script> [776 bytes]","args":[{"enterText":"Cement WDIO","selector":{"id":"application-manageresources-display-component---newResourceUnit--SHORT_TEXT","interaction":{"idSuffix":"inner"}},"clearTextFirst":true,"interactionType":"ENTER_TEXT"}]}
COMMAND: POST /session/f524b757760d5c60bd583e9ee049f297/execute/async - {"script":"<script> [1562 bytes]","args":[{"selector":{"id":"application-manageresources-display-component---newResourceUnit--BASE_UNIT_OF_MEASURE","interaction":{"idSuffix":"inner"}},"wdio_ui5_key":"applicationmanageresources-display-component---newResourceUnit--BASE_UNIT_OF_MEASURE"}]}
RESULT: {"script":"<script> [1562 bytes]","args":[{"selector":{"id":"application-manageresources-display-component---newResourceUnit--BASE_UNIT_OF_MEASURE","interaction":{"idSuffix":"inner"}},"wdio_ui5_key":"applicationmanageresources-display-component---newResourceUnit--BASE_UNIT_OF_MEASURE"}]}
RESULT: undefined
COMMAND: POST /session/f524b757760d5c60bd583e9ee049f297/execute/async - {"script":"<script> [776 bytes]","args":[{"enterText":"Piece","selector":{"id":"application-manageresources-display-component---newResourceUnit--BASE_UNIT_OF_MEASURE","interaction":{"idSuffix":"inner"}},"clearTextFirst":true,"interactionType":"ENTER_TEXT"}]}
RESULT: {"script":"<script> [776 bytes]","args":[{"enterText":"Piece","selector":{"id":"application-manageresources-display-component---newResourceUnit--BASE_UNIT_OF_MEASURE","interaction":{"idSuffix":"inner"}},"clearTextFirst":true,"interactionType":"ENTER_TEXT"}]}
COMMAND: POST /session/f524b757760d5c60bd583e9ee049f297/execute/async - {"script":"<script> [1562 bytes]","args":[{"selector":{"id":"application-manageresources-display-component---newResourceUnit--WEIGHT_UNIT","interaction":{"idSuffix":"inner"}},"wdio_ui5_key":"applicationmanageresources-display-component---newResourceUnit--WEIGHT_UNIT"}]}
RESULT: {"script":"<script> [1562 bytes]","args":[{"selector":{"id":"application-manageresources-display-component---newResourceUnit--WEIGHT_UNIT","interaction":{"idSuffix":"inner"}},"wdio_ui5_key":"applicationmanageresources-display-component---newResourceUnit--WEIGHT_UNIT"}]}
RESULT: undefined
COMMAND: POST /session/f524b757760d5c60bd583e9ee049f297/execute/async - {"script":"<script> [776 bytes]","args":[{"enterText":"Gram","selector":{"id":"application-manageresources-display-component---newResourceUnit--WEIGHT_UNIT","interaction":{"idSuffix":"inner"}},"clearTextFirst":true,"interactionType":"ENTER_TEXT"}]}
RESULT: {"script":"<script> [776 bytes]","args":[{"enterText":"Gram","selector":{"id":"application-manageresources-display-component---newResourceUnit--WEIGHT_UNIT","interaction":{"idSuffix":"inner"}},"clearTextFirst":true,"interactionType":"ENTER_TEXT"}]}
COMMAND: POST /session/f524b757760d5c60bd583e9ee049f297/execute/async - {"script":"<script> [1562 bytes]","args":[{"selector":{"id":"application-manageresources-display-component---newResourceUnit--DIMENSION_UNIT","interaction":{"idSuffix":"inner"}},"wdio_ui5_key":"applicationmanageresources-display-component---newResourceUnit--DIMENSION_UNIT"}]}
RESULT: {"script":"<script> [1562 bytes]","args":[{"selector":{"id":"application-manageresources-display-component---newResourceUnit--DIMENSION_UNIT","interaction":{"idSuffix":"inner"}},"wdio_ui5_key":"applicationmanageresources-display-component---newResourceUnit--DIMENSION_UNIT"}]}
RESULT: undefined
COMMAND: POST /session/f524b757760d5c60bd583e9ee049f297/execute/async - {"script":"<script> [776 bytes]","args":[{"enterText":"Meter","selector":{"id":"application-manageresources-display-component---newResourceUnit--DIMENSION_UNIT","interaction":{"idSuffix":"inner"}},"clearTextFirst":true,"interactionType":"ENTER_TEXT"}]}
RESULT: {"script":"<script> [776 bytes]","args":[{"enterText":"Meter","selector":{"id":"application-manageresources-display-component---newResourceUnit--DIMENSION_UNIT","interaction":{"idSuffix":"inner"}},"clearTextFirst":true,"interactionType":"ENTER_TEXT"}]}
COMMAND: POST /session/f524b757760d5c60bd583e9ee049f297/execute/async - {"script":"<script> [1562 bytes]","args":[{"selector":{"id":"application-manageresources-display-component---newResourceUnit--newRRUPage-anchBar-application-manageresources-display-component---newResourceUnit--control-anchor","interaction":{"idSuffix":"BDI-content"}},"wdio_ui5_key":"applicationmanageresources-display-component---newResourceUnit--newRRUPage-anchBar-application-manageresources-display-component---newResourceUnit--control-anchor"}]}
RESULT: {"script":"<script> [1562 bytes]","args":[{"selector":{"id":"application-manageresources-display-component---newResourceUnit--newRRUPage-anchBar-application-manageresources-display-component---newResourceUnit--control-anchor","interaction":{"idSuffix":"BDI-content"}},"wdio_ui5_key":"applicationmanageresources-display-component---newResourceUnit--newRRUPage-anchBar-application-manageresources-display-component---newResourceUnit--control-anchor"}]}
RESULT: undefined
COMMAND: POST /session/f524b757760d5c60bd583e9ee049f297/element - {"using":"xpath","value":"//*[@id=\"application-manageresources-display-component---newResourceUnit--newRRUPage-anchBar-application-manageresources-display-component---newResourceUnit--control-anchor\"]"}
RESULT: {"using":"xpath","value":"//*[@id=\"application-manageresources-display-component---newResourceUnit--newRRUPage-anchBar-application-manageresources-display-component---newResourceUnit--control-anchor\"]"}
COMMAND: POST /session/f524b757760d5c60bd583e9ee049f297/element/f.21BCA9660A1D2E3CF9A692D178FDB716.d.41AC2C6FA35301AA738377E4A7FBC736.e.5889/click - {}
RESULT: {}
COMMAND: POST /session/f524b757760d5c60bd583e9ee049f297/execute/async - {"script":"<script> [1562 bytes]","args":[{"selector":{"id":"application-manageresources-display-component---newResourceUnit--PLANNING_GROUP","interaction":{"idSuffix":"inner"}},"wdio_ui5_key":"applicationmanageresources-display-component---newResourceUnit--PLANNING_GROUP"}]}
COMMAND: GET /session/f524b757760d5c60bd583e9ee049f297/screenshot - {}
RESULT: {"script":"<script> [1562 bytes]","args":[{"selector":{"id":"application-manageresources-display-component---newResourceUnit--PLANNING_GROUP","interaction":{"idSuffix":"inner"}},"wdio_ui5_key":"applicationmanageresources-display-component---newResourceUnit--PLANNING_GROUP"}]}
RESULT: undefined
COMMAND: POST /session/f524b757760d5c60bd583e9ee049f297/execute/async - {"script":"<script> [776 bytes]","args":[{"enterText":"Material","selector":{"id":"application-manageresources-display-component---newResourceUnit--PLANNING_GROUP","interaction":{"idSuffix":"inner"}},"clearTextFirst":true,"interactionType":"ENTER_TEXT"}]}
RESULT: {}
RESULT: {"script":"<script> [776 bytes]","args":[{"enterText":"Material","selector":{"id":"application-manageresources-display-component---newResourceUnit--PLANNING_GROUP","interaction":{"idSuffix":"inner"}},"clearTextFirst":true,"interactionType":"ENTER_TEXT"}]}
COMMAND: POST /session/f524b757760d5c60bd583e9ee049f297/execute/async - {"script":"<script> [1562 bytes]","args":[{"selector":{"id":"application-manageresources-display-component---newResourceUnit--PLANNING_INDICATOR","interaction":{"idSuffix":"inner"}},"wdio_ui5_key":"applicationmanageresources-display-component---newResourceUnit--PLANNING_INDICATOR"}]}
RESULT: {"script":"<script> [1562 bytes]","args":[{"selector":{"id":"application-manageresources-display-component---newResourceUnit--PLANNING_INDICATOR","interaction":{"idSuffix":"inner"}},"wdio_ui5_key":"applicationmanageresources-display-component---newResourceUnit--PLANNING_INDICATOR"}]}
RESULT: undefined
COMMAND: POST /session/f524b757760d5c60bd583e9ee049f297/execute/async - {"script":"<script> [776 bytes]","args":[{"enterText":"10 - infinite","selector":{"id":"application-manageresources-display-component---newResourceUnit--PLANNING_INDICATOR","interaction":{"idSuffix":"inner"}},"clearTextFirst":true,"interactionType":"ENTER_TEXT"}]}
RESULT: {"script":"<script> [776 bytes]","args":[{"enterText":"10 - infinite","selector":{"id":"application-manageresources-display-component---newResourceUnit--PLANNING_INDICATOR","interaction":{"idSuffix":"inner"}},"clearTextFirst":true,"interactionType":"ENTER_TEXT"}]}
COMMAND: POST /session/f524b757760d5c60bd583e9ee049f297/element - {"using":"css selector","value":"#application-manageresources-display-component---newResourceUnit--btnAddTimeSegment"}
RESULT: {"using":"css selector","value":"#application-manageresources-display-component---newResourceUnit--btnAddTimeSegment"}
COMMAND: GET /session/f524b757760d5c60bd583e9ee049f297/element/f.21BCA9660A1D2E3CF9A692D178FDB716.d.41AC2C6FA35301AA738377E4A7FBC736.e.5899/rect - {}
RESULT: {}
COMMAND: GET /session/f524b757760d5c60bd583e9ee049f297/window/rect - {}
RESULT: {}
COMMAND: POST /session/f524b757760d5c60bd583e9ee049f297/execute/sync - {"script":"<script> [92 bytes]","args":[]}
RESULT: {"script":"<script> [92 bytes]","args":[]}
COMMAND: POST /session/f524b757760d5c60bd583e9ee049f297/actions - {"actions":[{"id":"action16","type":"wheel","parameters":{},"actions":[{"type":"scroll","x":-1888,"y":-32,"deltaX":0,"deltaY":0,"duration":0,"origin":{"element-6066-11e4-a52e-4f735466cecf":"f.21BCA9660A1D2E3CF9A692D178FDB716.d.41AC2C6FA35301AA738377E4A7FBC736.e.5899"}}]}]}
COMMAND: GET /session/f524b757760d5c60bd583e9ee049f297/screenshot - {}
RESULT: {}
COMMAND: POST /session/f524b757760d5c60bd583e9ee049f297/execute/sync - {"script":"<script> [79 bytes]","args":[{"element-6066-11e4-a52e-4f735466cecf":"f.21BCA9660A1D2E3CF9A692D178FDB716.d.41AC2C6FA35301AA738377E4A7FBC736.e.5899","ELEMENT":"f.21BCA9660A1D2E3CF9A692D178FDB716.d.41AC2C6FA35301AA738377E4A7FBC736.e.5899"},{"block":"start","inline":"nearest"}]}
RESULT: {"script":"<script> [79 bytes]","args":[{"element-6066-11e4-a52e-4f735466cecf":"f.21BCA9660A1D2E3CF9A692D178FDB716.d.41AC2C6FA35301AA738377E4A7FBC736.e.5899","ELEMENT":"f.21BCA9660A1D2E3CF9A692D178FDB716.d.41AC2C6FA35301AA738377E4A7FBC736.e.5899"},{"block":"start","inline":"nearest"}]}
COMMAND: POST /session/f524b757760d5c60bd583e9ee049f297/execute/async - {"script":"<script> [1562 bytes]","args":[{"selector":{"id":"application-manageresources-display-component---newResourceUnit--btnAddTimeSegment","interaction":{"idSuffix":"inner"}},"wdio_ui5_key":"applicationmanageresources-display-component---newResourceUnit--btnAddTimeSegment"}]}
COMMAND: GET /session/f524b757760d5c60bd583e9ee049f297/screenshot - {}
RESULT: {"script":"<script> [1562 bytes]","args":[{"selector":{"id":"application-manageresources-display-component---newResourceUnit--btnAddTimeSegment","interaction":{"idSuffix":"inner"}},"wdio_ui5_key":"applicationmanageresources-display-component---newResourceUnit--btnAddTimeSegment"}]}
RESULT: undefined
COMMAND: POST /session/f524b757760d5c60bd583e9ee049f297/element - {"using":"xpath","value":"//*[@id=\"application-manageresources-display-component---newResourceUnit--btnAddTimeSegment\"]"}
RESULT: {}
RESULT: {"using":"xpath","value":"//*[@id=\"application-manageresources-display-component---newResourceUnit--btnAddTimeSegment\"]"}
COMMAND: POST /session/f524b757760d5c60bd583e9ee049f297/element/f.21BCA9660A1D2E3CF9A692D178FDB716.d.41AC2C6FA35301AA738377E4A7FBC736.e.5899/click - {}
RESULT: {}
COMMAND: GET /session/f524b757760d5c60bd583e9ee049f297/screenshot - {}
RESULT: {}
COMMAND: POST /session/f524b757760d5c60bd583e9ee049f297/element - {"using":"xpath","value":"//input[@id=\"application-manageresources-display-component---newResourceUnit--idRuTSAdmin-application-manageresources-display-component---newResourceUnit--RUTimeSegment-0-inner\"]"}
RESULT: {"using":"xpath","value":"//input[@id=\"application-manageresources-display-component---newResourceUnit--idRuTSAdmin-application-manageresources-display-component---newResourceUnit--RUTimeSegment-0-inner\"]"}
COMMAND: POST /session/f524b757760d5c60bd583e9ee049f297/element/f.21BCA9660A1D2E3CF9A692D178FDB716.d.41AC2C6FA35301AA738377E4A7FBC736.e.5904/clear - {}
RESULT: {}
COMMAND: POST /session/f524b757760d5c60bd583e9ee049f297/element/f.21BCA9660A1D2E3CF9A692D178FDB716.d.41AC2C6FA35301AA738377E4A7FBC736.e.5904/value - {"text":"527"}
COMMAND: GET /session/f524b757760d5c60bd583e9ee049f297/screenshot - {}
RESULT: {"text":"527"}
COMMAND: GET /session/f524b757760d5c60bd583e9ee049f297/screenshot - {}
RESULT: {}
RESULT: {}
COMMAND: POST /session/f524b757760d5c60bd583e9ee049f297/element - {"using":"xpath","value":"//li[.//span[text()='527']]"}
RESULT: {"using":"xpath","value":"//li[.//span[text()='527']]"}
COMMAND: POST /session/f524b757760d5c60bd583e9ee049f297/element/f.21BCA9660A1D2E3CF9A692D178FDB716.d.41AC2C6FA35301AA738377E4A7FBC736.e.5915/click - {}
RESULT: {}
COMMAND: GET /session/f524b757760d5c60bd583e9ee049f297/screenshot - {}
RESULT: {}
COMMAND: POST /session/f524b757760d5c60bd583e9ee049f297/element - {"using":"xpath","value":"(//span[contains(@id, \"-application-manageresources-display-component---newResourceUnit--RUTimeSegment-0-arrow\")])[2]"}
RESULT: {"using":"xpath","value":"(//span[contains(@id, \"-application-manageresources-display-component---newResourceUnit--RUTimeSegment-0-arrow\")])[2]"}
COMMAND: POST /session/f524b757760d5c60bd583e9ee049f297/element/f.21BCA9660A1D2E3CF9A692D178FDB716.d.41AC2C6FA35301AA738377E4A7FBC736.e.5916/click - {}
RESULT: {}
COMMAND: POST /session/f524b757760d5c60bd583e9ee049f297/element - {"using":"xpath","value":"//span[contains(text(), \"PM Order\")]"}
COMMAND: GET /session/f524b757760d5c60bd583e9ee049f297/screenshot - {}
RESULT: {"using":"xpath","value":"//span[contains(text(), \"PM Order\")]"}
COMMAND: POST /session/f524b757760d5c60bd583e9ee049f297/element/f.21BCA9660A1D2E3CF9A692D178FDB716.d.41AC2C6FA35301AA738377E4A7FBC736.e.5917/click - {}
RESULT: {}
RESULT: {}
COMMAND: GET /session/f524b757760d5c60bd583e9ee049f297/screenshot - {}
RESULT: {}
COMMAND: POST /session/f524b757760d5c60bd583e9ee049f297/element - {"using":"xpath","value":"//td/div/div/div/span[contains(@id, \"newResourceUnit--RUTimeSegment-0-vhi\")][1]"}
RESULT: {"using":"xpath","value":"//td/div/div/div/span[contains(@id, \"newResourceUnit--RUTimeSegment-0-vhi\")][1]"}
COMMAND: GET /session/f524b757760d5c60bd583e9ee049f297/element/f.21BCA9660A1D2E3CF9A692D178FDB716.d.41AC2C6FA35301AA738377E4A7FBC736.e.5921/rect - {}
RESULT: {}
COMMAND: GET /session/f524b757760d5c60bd583e9ee049f297/window/rect - {}
RESULT: {}
COMMAND: POST /session/f524b757760d5c60bd583e9ee049f297/execute/sync - {"script":"<script> [92 bytes]","args":[]}
RESULT: {"script":"<script> [92 bytes]","args":[]}
COMMAND: POST /session/f524b757760d5c60bd583e9ee049f297/actions - {"actions":[{"id":"action17","type":"wheel","parameters":{},"actions":[{"type":"scroll","x":-1888,"y":-24,"deltaX":0,"deltaY":0,"duration":0,"origin":{"element-6066-11e4-a52e-4f735466cecf":"f.21BCA9660A1D2E3CF9A692D178FDB716.d.41AC2C6FA35301AA738377E4A7FBC736.e.5921"}}]}]}
COMMAND: GET /session/f524b757760d5c60bd583e9ee049f297/screenshot - {}
RESULT: {}
COMMAND: POST /session/f524b757760d5c60bd583e9ee049f297/execute/sync - {"script":"<script> [79 bytes]","args":[{"element-6066-11e4-a52e-4f735466cecf":"f.21BCA9660A1D2E3CF9A692D178FDB716.d.41AC2C6FA35301AA738377E4A7FBC736.e.5921","ELEMENT":"f.21BCA9660A1D2E3CF9A692D178FDB716.d.41AC2C6FA35301AA738377E4A7FBC736.e.5921"},{"block":"start","inline":"nearest"}]}
RESULT: {"script":"<script> [79 bytes]","args":[{"element-6066-11e4-a52e-4f735466cecf":"f.21BCA9660A1D2E3CF9A692D178FDB716.d.41AC2C6FA35301AA738377E4A7FBC736.e.5921","ELEMENT":"f.21BCA9660A1D2E3CF9A692D178FDB716.d.41AC2C6FA35301AA738377E4A7FBC736.e.5921"},{"block":"start","inline":"nearest"}]}
COMMAND: GET /session/f524b757760d5c60bd583e9ee049f297/screenshot - {}
RESULT: {}
COMMAND: POST /session/f524b757760d5c60bd583e9ee049f297/element/f.21BCA9660A1D2E3CF9A692D178FDB716.d.41AC2C6FA35301AA738377E4A7FBC736.e.5921/click - {}
RESULT: {}
COMMAND: GET /session/f524b757760d5c60bd583e9ee049f297/screenshot - {}
RESULT: {}
COMMAND: POST /session/f524b757760d5c60bd583e9ee049f297/execute/async - {"script":"<script> [1562 bytes]","args":[{"selector":{"controlType":"sap.m.SearchField","properties":{"placeholder":"Search"},"searchOpenDialogs":true,"interaction":{"idSuffix":"I"}},"wdio_ui5_key":"sapm.SearchField{\"placeholder\":\"Search\"}"}]}
RESULT: {"script":"<script> [1562 bytes]","args":[{"selector":{"controlType":"sap.m.SearchField","properties":{"placeholder":"Search"},"searchOpenDialogs":true,"interaction":{"idSuffix":"I"}},"wdio_ui5_key":"sapm.SearchField{\"placeholder\":\"Search\"}"}]}
RESULT: undefined
COMMAND: POST /session/f524b757760d5c60bd583e9ee049f297/execute/async - {"script":"<script> [776 bytes]","args":[{"enterText":"4000360","selector":{"controlType":"sap.m.SearchField","properties":{"placeholder":"Search"},"searchOpenDialogs":true,"interaction":{"idSuffix":"I"}},"clearTextFirst":true,"interactionType":"ENTER_TEXT"}]}
RESULT: {"script":"<script> [776 bytes]","args":[{"enterText":"4000360","selector":{"controlType":"sap.m.SearchField","properties":{"placeholder":"Search"},"searchOpenDialogs":true,"interaction":{"idSuffix":"I"}},"clearTextFirst":true,"interactionType":"ENTER_TEXT"}]}
COMMAND: POST /session/f524b757760d5c60bd583e9ee049f297/actions - {"actions":[{"id":"action18","type":"key","parameters":{},"actions":[{"type":"keyDown","value":""},{"type":"pause","duration":10},{"type":"keyUp","value":""}]}]}
RESULT: {"actions":[{"id":"action18","type":"key","parameters":{},"actions":[{"type":"keyDown","value":""},{"type":"pause","duration":10},{"type":"keyUp","value":""}]}]}
COMMAND: GET /session/f524b757760d5c60bd583e9ee049f297/screenshot - {}
RESULT: {}
COMMAND: POST /session/f524b757760d5c60bd583e9ee049f297/element - {"using":"xpath","value":"//td/div/span[contains(text(), \"BGL Vehicles\")]"}
RESULT: {"using":"xpath","value":"//td/div/span[contains(text(), \"BGL Vehicles\")]"}
COMMAND: POST /session/f524b757760d5c60bd583e9ee049f297/element/f.21BCA9660A1D2E3CF9A692D178FDB716.d.41AC2C6FA35301AA738377E4A7FBC736.e.5943/click - {}
RESULT: {}
COMMAND: GET /session/f524b757760d5c60bd583e9ee049f297/screenshot - {}
RESULT: {}
COMMAND: POST /session/f524b757760d5c60bd583e9ee049f297/element - {"using":"xpath","value":"//bdi[contains(text(), \"OK\")]"}
RESULT: {"using":"xpath","value":"//bdi[contains(text(), \"OK\")]"}
COMMAND: POST /session/f524b757760d5c60bd583e9ee049f297/element/f.21BCA9660A1D2E3CF9A692D178FDB716.d.41AC2C6FA35301AA738377E4A7FBC736.e.5944/click - {}
RESULT: {}
COMMAND: GET /session/f524b757760d5c60bd583e9ee049f297/screenshot - {}
RESULT: {}
COMMAND: POST /session/f524b757760d5c60bd583e9ee049f297/element - {"using":"xpath","value":"//label[contains(@class, 'sapMLabelRequired') and .//bdi[contains(text(), 'Planned Retirement')]]"}
RESULT: {"using":"xpath","value":"//label[contains(@class, 'sapMLabelRequired') and .//bdi[contains(text(), 'Planned Retirement')]]"}
COMMAND: POST /session/f524b757760d5c60bd583e9ee049f297/elements - {"using":"xpath","value":"//label[contains(@class, 'sapMLabelRequired') and .//bdi[contains(text(), 'Planned Retirement')]]"}
RESULT: {"using":"xpath","value":"//label[contains(@class, 'sapMLabelRequired') and .//bdi[contains(text(), 'Planned Retirement')]]"}
COMMAND: POST /session/f524b757760d5c60bd583e9ee049f297/element - {"using":"xpath","value":"//button[@data-kt=\"resourceUnitSaveButton\"]"}
RESULT: {"using":"xpath","value":"//button[@data-kt=\"resourceUnitSaveButton\"]"}
COMMAND: POST /session/f524b757760d5c60bd583e9ee049f297/element/f.21BCA9660A1D2E3CF9A692D178FDB716.d.41AC2C6FA35301AA738377E4A7FBC736.e.5775/click - {}
RESULT: {}
COMMAND: GET /session/f524b757760d5c60bd583e9ee049f297/screenshot - {}
RESULT: {}
COMMAND: POST /session/f524b757760d5c60bd583e9ee049f297/element - {"using":"xpath","value":"//bdi[contains(text(), \"Close\")]"}
RESULT: {"using":"xpath","value":"//bdi[contains(text(), \"Close\")]"}
COMMAND: POST /session/f524b757760d5c60bd583e9ee049f297/element/f.21BCA9660A1D2E3CF9A692D178FDB716.d.41AC2C6FA35301AA738377E4A7FBC736.e.5951/click - {}
RESULT: {}
COMMAND: GET /session/f524b757760d5c60bd583e9ee049f297/screenshot - {}
RESULT: {}
COMMAND: POST /session/f524b757760d5c60bd583e9ee049f297/element - {"using":"xpath","value":"//header[contains(@id, 'detailRruPage-headerTitle')]/div[1]/div[2]/div[2]/span[1]"}
RESULT: {"using":"xpath","value":"//header[contains(@id, 'detailRruPage-headerTitle')]/div[1]/div[2]/div[2]/span[1]"}
COMMAND: POST /session/f524b757760d5c60bd583e9ee049f297/elements - {"using":"xpath","value":"//header[contains(@id, 'detailRruPage-headerTitle')]/div[1]/div[2]/div[2]/span[1]"}
RESULT: {"using":"xpath","value":"//header[contains(@id, 'detailRruPage-headerTitle')]/div[1]/div[2]/div[2]/span[1]"}
COMMAND: POST /session/f524b757760d5c60bd583e9ee049f297/execute/sync - {"script":"<script> [56 bytes]","args":[{"element-6066-11e4-a52e-4f735466cecf":"f.21BCA9660A1D2E3CF9A692D178FDB716.d.41AC2C6FA35301AA738377E4A7FBC736.e.5979","ELEMENT":"f.21BCA9660A1D2E3CF9A692D178FDB716.d.41AC2C6FA35301AA738377E4A7FBC736.e.5979"}]}
RESULT: {"script":"<script> [56 bytes]","args":[{"element-6066-11e4-a52e-4f735466cecf":"f.21BCA9660A1D2E3CF9A692D178FDB716.d.41AC2C6FA35301AA738377E4A7FBC736.e.5979","ELEMENT":"f.21BCA9660A1D2E3CF9A692D178FDB716.d.41AC2C6FA35301AA738377E4A7FBC736.e.5979"}]}
COMMAND: POST /session/f524b757760d5c60bd583e9ee049f297/element - {"using":"css selector","value":"#shell-header-logo"}
COMMAND: GET /session/f524b757760d5c60bd583e9ee049f297/screenshot - {}
RESULT: {"using":"css selector","value":"#shell-header-logo"}
COMMAND: POST /session/f524b757760d5c60bd583e9ee049f297/element/f.21BCA9660A1D2E3CF9A692D178FDB716.d.41AC2C6FA35301AA738377E4A7FBC736.e.5372/click - {}
RESULT: {}
RESULT: {}
COMMAND: GET /session/f524b757760d5c60bd583e9ee049f297/screenshot - {}
RESULT: {}
]]></system-out>
    </testcase>
    <testcase classname="chrome.136_0_7103_93.windows.Create_masterdata_for_Yard_Overview_-_trigger_provide_US130988" name="Bin Status Report Should Create New Organization yard" time="86.516">
      <system-out><![CDATA[
COMMAND: POST /session/f524b757760d5c60bd583e9ee049f297/execute/async - {"script":"<script> [1562 bytes]","args":[{"selector":{"controlType":"sap.m.GenericTile","properties":{"header":"Bin Status Report"}},"wdio_ui5_key":"sapm.GenericTile{\"header\":\"Bin Status Report\"}"}]}
RESULT: {"script":"<script> [1562 bytes]","args":[{"selector":{"controlType":"sap.m.GenericTile","properties":{"header":"Bin Status Report"}},"wdio_ui5_key":"sapm.GenericTile{\"header\":\"Bin Status Report\"}"}]}
RESULT: undefined
COMMAND: POST /session/f524b757760d5c60bd583e9ee049f297/element - {"using":"xpath","value":"//*[@id=\"__tile104\"]"}
RESULT: {"using":"xpath","value":"//*[@id=\"__tile104\"]"}
COMMAND: POST /session/f524b757760d5c60bd583e9ee049f297/element/f.21BCA9660A1D2E3CF9A692D178FDB716.d.41AC2C6FA35301AA738377E4A7FBC736.e.5981/click - {}
RESULT: {}
COMMAND: GET /session/f524b757760d5c60bd583e9ee049f297/screenshot - {}
RESULT: {}
COMMAND: POST /session/f524b757760d5c60bd583e9ee049f297/elements - {"using":"xpath","value":"//span[text()='Error']"}
RESULT: {"using":"xpath","value":"//span[text()='Error']"}
COMMAND: POST /session/f524b757760d5c60bd583e9ee049f297/element - {"using":"xpath","value":"//button[@id=\"application-binstatusreport-display-component---warehousing--createOrgBtn\"]"}
RESULT: {"using":"xpath","value":"//button[@id=\"application-binstatusreport-display-component---warehousing--createOrgBtn\"]"}
COMMAND: POST /session/f524b757760d5c60bd583e9ee049f297/elements - {"using":"xpath","value":"//button[@id=\"application-binstatusreport-display-component---warehousing--createOrgBtn\"]"}
RESULT: {"using":"xpath","value":"//button[@id=\"application-binstatusreport-display-component---warehousing--createOrgBtn\"]"}
COMMAND: POST /session/f524b757760d5c60bd583e9ee049f297/execute/sync - {"script":"<script> [8489 bytes]","args":[{"element-6066-11e4-a52e-4f735466cecf":"f.21BCA9660A1D2E3CF9A692D178FDB716.d.41AC2C6FA35301AA738377E4A7FBC736.e.6017","ELEMENT":"f.21BCA9660A1D2E3CF9A692D178FDB716.d.41AC2C6FA35301AA738377E4A7FBC736.e.6017"}]}
RESULT: {"script":"<script> [8489 bytes]","args":[{"element-6066-11e4-a52e-4f735466cecf":"f.21BCA9660A1D2E3CF9A692D178FDB716.d.41AC2C6FA35301AA738377E4A7FBC736.e.6017","ELEMENT":"f.21BCA9660A1D2E3CF9A692D178FDB716.d.41AC2C6FA35301AA738377E4A7FBC736.e.6017"}]}
COMMAND: GET /session/f524b757760d5c60bd583e9ee049f297/element/f.21BCA9660A1D2E3CF9A692D178FDB716.d.41AC2C6FA35301AA738377E4A7FBC736.e.6017/enabled - {}
COMMAND: GET /session/f524b757760d5c60bd583e9ee049f297/screenshot - {}
RESULT: {}
COMMAND: POST /session/f524b757760d5c60bd583e9ee049f297/execute/sync - {"script":"<script> [8489 bytes]","args":[{"element-6066-11e4-a52e-4f735466cecf":"f.21BCA9660A1D2E3CF9A692D178FDB716.d.41AC2C6FA35301AA738377E4A7FBC736.e.6017","ELEMENT":"f.21BCA9660A1D2E3CF9A692D178FDB716.d.41AC2C6FA35301AA738377E4A7FBC736.e.6017"}]}
COMMAND: GET /session/f524b757760d5c60bd583e9ee049f297/screenshot - {}
RESULT: {}
RESULT: {"script":"<script> [8489 bytes]","args":[{"element-6066-11e4-a52e-4f735466cecf":"f.21BCA9660A1D2E3CF9A692D178FDB716.d.41AC2C6FA35301AA738377E4A7FBC736.e.6017","ELEMENT":"f.21BCA9660A1D2E3CF9A692D178FDB716.d.41AC2C6FA35301AA738377E4A7FBC736.e.6017"}]}
COMMAND: POST /session/f524b757760d5c60bd583e9ee049f297/execute/sync - {"script":"<script> [5351 bytes]","args":[{"element-6066-11e4-a52e-4f735466cecf":"f.21BCA9660A1D2E3CF9A692D178FDB716.d.41AC2C6FA35301AA738377E4A7FBC736.e.6017","ELEMENT":"f.21BCA9660A1D2E3CF9A692D178FDB716.d.41AC2C6FA35301AA738377E4A7FBC736.e.6017"}]}
COMMAND: GET /session/f524b757760d5c60bd583e9ee049f297/screenshot - {}
RESULT: {}
RESULT: {"script":"<script> [5351 bytes]","args":[{"element-6066-11e4-a52e-4f735466cecf":"f.21BCA9660A1D2E3CF9A692D178FDB716.d.41AC2C6FA35301AA738377E4A7FBC736.e.6017","ELEMENT":"f.21BCA9660A1D2E3CF9A692D178FDB716.d.41AC2C6FA35301AA738377E4A7FBC736.e.6017"}]}
COMMAND: GET /session/f524b757760d5c60bd583e9ee049f297/screenshot - {}
RESULT: {}
RESULT: {}
COMMAND: POST /session/f524b757760d5c60bd583e9ee049f297/element/f.21BCA9660A1D2E3CF9A692D178FDB716.d.41AC2C6FA35301AA738377E4A7FBC736.e.6017/click - {}
RESULT: {}
COMMAND: GET /session/f524b757760d5c60bd583e9ee049f297/screenshot - {}
RESULT: {}
COMMAND: POST /session/f524b757760d5c60bd583e9ee049f297/execute/async - {"script":"<script> [1562 bytes]","args":[{"selector":{"id":"createOrganizationPop--sectionInput","searchOpenDialogs":true,"interaction":{"idSuffix":"inner"}},"wdio_ui5_key":"createOrganizationPopsectionInput"}]}
RESULT: {"script":"<script> [1562 bytes]","args":[{"selector":{"id":"createOrganizationPop--sectionInput","searchOpenDialogs":true,"interaction":{"idSuffix":"inner"}},"wdio_ui5_key":"createOrganizationPopsectionInput"}]}
RESULT: undefined
COMMAND: POST /session/f524b757760d5c60bd583e9ee049f297/execute/async - {"script":"<script> [776 bytes]","args":[{"enterText":"WDIO-527","selector":{"id":"createOrganizationPop--sectionInput","searchOpenDialogs":true,"interaction":{"idSuffix":"inner"}},"clearTextFirst":true,"interactionType":"ENTER_TEXT"}]}
RESULT: {"script":"<script> [776 bytes]","args":[{"enterText":"WDIO-527","selector":{"id":"createOrganizationPop--sectionInput","searchOpenDialogs":true,"interaction":{"idSuffix":"inner"}},"clearTextFirst":true,"interactionType":"ENTER_TEXT"}]}
COMMAND: POST /session/f524b757760d5c60bd583e9ee049f297/execute/async - {"script":"<script> [1562 bytes]","args":[{"selector":{"id":"createOrganizationPop--descriptionInput","searchOpenDialogs":true,"interaction":{"idSuffix":"inner"}},"wdio_ui5_key":"createOrganizationPopdescriptionInput"}]}
RESULT: {"script":"<script> [1562 bytes]","args":[{"selector":{"id":"createOrganizationPop--descriptionInput","searchOpenDialogs":true,"interaction":{"idSuffix":"inner"}},"wdio_ui5_key":"createOrganizationPopdescriptionInput"}]}
RESULT: undefined
COMMAND: POST /session/f524b757760d5c60bd583e9ee049f297/execute/async - {"script":"<script> [776 bytes]","args":[{"enterText":"Shipping-527","selector":{"id":"createOrganizationPop--descriptionInput","searchOpenDialogs":true,"interaction":{"idSuffix":"inner"}},"clearTextFirst":true,"interactionType":"ENTER_TEXT"}]}
RESULT: {"script":"<script> [776 bytes]","args":[{"enterText":"Shipping-527","selector":{"id":"createOrganizationPop--descriptionInput","searchOpenDialogs":true,"interaction":{"idSuffix":"inner"}},"clearTextFirst":true,"interactionType":"ENTER_TEXT"}]}
COMMAND: POST /session/f524b757760d5c60bd583e9ee049f297/element - {"using":"css selector","value":"#createOrganizationPop--yardOrg-inner"}
RESULT: {"using":"css selector","value":"#createOrganizationPop--yardOrg-inner"}
COMMAND: POST /session/f524b757760d5c60bd583e9ee049f297/element/f.21BCA9660A1D2E3CF9A692D178FDB716.d.41AC2C6FA35301AA738377E4A7FBC736.e.6065/clear - {}
RESULT: {}
COMMAND: POST /session/f524b757760d5c60bd583e9ee049f297/element/f.21BCA9660A1D2E3CF9A692D178FDB716.d.41AC2C6FA35301AA738377E4A7FBC736.e.6065/value - {"text":"527"}
COMMAND: GET /session/f524b757760d5c60bd583e9ee049f297/screenshot - {}
RESULT: {"text":"527"}
COMMAND: GET /session/f524b757760d5c60bd583e9ee049f297/screenshot - {}
RESULT: {}
RESULT: {}
COMMAND: POST /session/f524b757760d5c60bd583e9ee049f297/actions - {"actions":[{"id":"action19","type":"key","parameters":{},"actions":[{"type":"keyDown","value":""},{"type":"pause","duration":10},{"type":"keyUp","value":""}]}]}
RESULT: {"actions":[{"id":"action19","type":"key","parameters":{},"actions":[{"type":"keyDown","value":""},{"type":"pause","duration":10},{"type":"keyUp","value":""}]}]}
COMMAND: POST /session/f524b757760d5c60bd583e9ee049f297/execute/async - {"script":"<script> [1562 bytes]","args":[{"selector":{"id":"createOrganizationPop--grZone","searchOpenDialogs":true,"interaction":{"idSuffix":"CbBg"}},"wdio_ui5_key":"createOrganizationPopgrZone"}]}
COMMAND: GET /session/f524b757760d5c60bd583e9ee049f297/screenshot - {}
RESULT: {"script":"<script> [1562 bytes]","args":[{"selector":{"id":"createOrganizationPop--grZone","searchOpenDialogs":true,"interaction":{"idSuffix":"CbBg"}},"wdio_ui5_key":"createOrganizationPopgrZone"}]}
RESULT: undefined
COMMAND: POST /session/f524b757760d5c60bd583e9ee049f297/element - {"using":"xpath","value":"//*[@id=\"createOrganizationPop--grZone\"]"}
RESULT: {}
RESULT: {"using":"xpath","value":"//*[@id=\"createOrganizationPop--grZone\"]"}
COMMAND: POST /session/f524b757760d5c60bd583e9ee049f297/element/f.21BCA9660A1D2E3CF9A692D178FDB716.d.41AC2C6FA35301AA738377E4A7FBC736.e.6087/click - {}
RESULT: {}
COMMAND: GET /session/f524b757760d5c60bd583e9ee049f297/screenshot - {}
RESULT: {}
COMMAND: POST /session/f524b757760d5c60bd583e9ee049f297/execute/async - {"script":"<script> [1562 bytes]","args":[{"selector":{"id":"createOrganizationPop--giZone","searchOpenDialogs":true,"interaction":{"idSuffix":"CbBg"}},"wdio_ui5_key":"createOrganizationPopgiZone"}]}
RESULT: {"script":"<script> [1562 bytes]","args":[{"selector":{"id":"createOrganizationPop--giZone","searchOpenDialogs":true,"interaction":{"idSuffix":"CbBg"}},"wdio_ui5_key":"createOrganizationPopgiZone"}]}
RESULT: undefined
COMMAND: POST /session/f524b757760d5c60bd583e9ee049f297/element - {"using":"xpath","value":"//*[@id=\"createOrganizationPop--giZone\"]"}
RESULT: {"using":"xpath","value":"//*[@id=\"createOrganizationPop--giZone\"]"}
COMMAND: POST /session/f524b757760d5c60bd583e9ee049f297/element/f.21BCA9660A1D2E3CF9A692D178FDB716.d.41AC2C6FA35301AA738377E4A7FBC736.e.6089/click - {}
RESULT: {}
COMMAND: GET /session/f524b757760d5c60bd583e9ee049f297/screenshot - {}
RESULT: {}
COMMAND: POST /session/f524b757760d5c60bd583e9ee049f297/execute/async - {"script":"<script> [1562 bytes]","args":[{"selector":{"id":"createOrganizationPop--binNoInput","searchOpenDialogs":true,"interaction":{"idSuffix":"inner"}},"wdio_ui5_key":"createOrganizationPopbinNoInput"}]}
RESULT: {"script":"<script> [1562 bytes]","args":[{"selector":{"id":"createOrganizationPop--binNoInput","searchOpenDialogs":true,"interaction":{"idSuffix":"inner"}},"wdio_ui5_key":"createOrganizationPopbinNoInput"}]}
RESULT: undefined
COMMAND: POST /session/f524b757760d5c60bd583e9ee049f297/execute/async - {"script":"<script> [776 bytes]","args":[{"enterText":"Bin-Wd","selector":{"id":"createOrganizationPop--binNoInput","searchOpenDialogs":true,"interaction":{"idSuffix":"inner"}},"clearTextFirst":true,"interactionType":"ENTER_TEXT"}]}
RESULT: {"script":"<script> [776 bytes]","args":[{"enterText":"Bin-Wd","selector":{"id":"createOrganizationPop--binNoInput","searchOpenDialogs":true,"interaction":{"idSuffix":"inner"}},"clearTextFirst":true,"interactionType":"ENTER_TEXT"}]}
COMMAND: POST /session/f524b757760d5c60bd583e9ee049f297/execute/async - {"script":"<script> [1562 bytes]","args":[{"selector":{"id":"createOrganizationPop--descriptionId","searchOpenDialogs":true,"interaction":{"idSuffix":"inner"}},"wdio_ui5_key":"createOrganizationPopdescriptionId"}]}
RESULT: {"script":"<script> [1562 bytes]","args":[{"selector":{"id":"createOrganizationPop--descriptionId","searchOpenDialogs":true,"interaction":{"idSuffix":"inner"}},"wdio_ui5_key":"createOrganizationPopdescriptionId"}]}
RESULT: undefined
COMMAND: POST /session/f524b757760d5c60bd583e9ee049f297/execute/async - {"script":"<script> [776 bytes]","args":[{"enterText":"Shipping-Wd","selector":{"id":"createOrganizationPop--descriptionId","searchOpenDialogs":true,"interaction":{"idSuffix":"inner"}},"clearTextFirst":true,"interactionType":"ENTER_TEXT"}]}
RESULT: {"script":"<script> [776 bytes]","args":[{"enterText":"Shipping-Wd","selector":{"id":"createOrganizationPop--descriptionId","searchOpenDialogs":true,"interaction":{"idSuffix":"inner"}},"clearTextFirst":true,"interactionType":"ENTER_TEXT"}]}
COMMAND: POST /session/f524b757760d5c60bd583e9ee049f297/execute/async - {"script":"<script> [1562 bytes]","args":[{"selector":{"controlType":"sap.m.CheckBox","viewName":"etm.portal.ui.binstatusreport.view.MasterWareBins","viewId":"application-binstatusreport-display-component---warehousing","bindingPath":{"path":"","propertyPath":"/ZONE","modelName":"newBin"},"searchOpenDialogs":true,"interaction":{"idSuffix":"CbBg"}},"wdio_ui5_key":"etmportal.ui.binstatusreport.view.MasterWareBinssap.m.CheckBox{\"path\":\"\",\"propertyPath\":\"/ZONE\",\"modelName\":\"newBin\"}"}]}
RESULT: {"script":"<script> [1562 bytes]","args":[{"selector":{"controlType":"sap.m.CheckBox","viewName":"etm.portal.ui.binstatusreport.view.MasterWareBins","viewId":"application-binstatusreport-display-component---warehousing","bindingPath":{"path":"","propertyPath":"/ZONE","modelName":"newBin"},"searchOpenDialogs":true,"interaction":{"idSuffix":"CbBg"}},"wdio_ui5_key":"etmportal.ui.binstatusreport.view.MasterWareBinssap.m.CheckBox{\"path\":\"\",\"propertyPath\":\"/ZONE\",\"modelName\":\"newBin\"}"}]}
RESULT: undefined
COMMAND: POST /session/f524b757760d5c60bd583e9ee049f297/element - {"using":"xpath","value":"//*[@id=\"__box16\"]"}
RESULT: {"using":"xpath","value":"//*[@id=\"__box16\"]"}
COMMAND: POST /session/f524b757760d5c60bd583e9ee049f297/element/f.21BCA9660A1D2E3CF9A692D178FDB716.d.41AC2C6FA35301AA738377E4A7FBC736.e.6112/click - {}
RESULT: {}
COMMAND: GET /session/f524b757760d5c60bd583e9ee049f297/screenshot - {}
RESULT: {}
COMMAND: POST /session/f524b757760d5c60bd583e9ee049f297/execute/async - {"script":"<script> [1562 bytes]","args":[{"selector":{"id":"createOrganizationPop--binTypesCB","searchOpenDialogs":true,"interaction":{"idSuffix":"inner"}},"wdio_ui5_key":"createOrganizationPopbinTypesCB"}]}
RESULT: {"script":"<script> [1562 bytes]","args":[{"selector":{"id":"createOrganizationPop--binTypesCB","searchOpenDialogs":true,"interaction":{"idSuffix":"inner"}},"wdio_ui5_key":"createOrganizationPopbinTypesCB"}]}
RESULT: undefined
COMMAND: POST /session/f524b757760d5c60bd583e9ee049f297/execute/async - {"script":"<script> [776 bytes]","args":[{"enterText":"1 - General / No capacity check","selector":{"id":"createOrganizationPop--binTypesCB","searchOpenDialogs":true,"interaction":{"idSuffix":"inner"}},"clearTextFirst":true,"interactionType":"ENTER_TEXT"}]}
RESULT: {"script":"<script> [776 bytes]","args":[{"enterText":"1 - General / No capacity check","selector":{"id":"createOrganizationPop--binTypesCB","searchOpenDialogs":true,"interaction":{"idSuffix":"inner"}},"clearTextFirst":true,"interactionType":"ENTER_TEXT"}]}
COMMAND: POST /session/f524b757760d5c60bd583e9ee049f297/actions - {"actions":[{"id":"action20","type":"key","parameters":{},"actions":[{"type":"keyDown","value":""},{"type":"pause","duration":10},{"type":"keyUp","value":""}]}]}
RESULT: {"actions":[{"id":"action20","type":"key","parameters":{},"actions":[{"type":"keyDown","value":""},{"type":"pause","duration":10},{"type":"keyUp","value":""}]}]}
COMMAND: GET /session/f524b757760d5c60bd583e9ee049f297/screenshot - {}
RESULT: {}
COMMAND: POST /session/f524b757760d5c60bd583e9ee049f297/execute/async - {"script":"<script> [1562 bytes]","args":[{"selector":{"id":"createOrganizationPop--finishBtn","searchOpenDialogs":true,"interaction":{"idSuffix":"BDI-content"}},"wdio_ui5_key":"createOrganizationPopfinishBtn"}]}
RESULT: {"script":"<script> [1562 bytes]","args":[{"selector":{"id":"createOrganizationPop--finishBtn","searchOpenDialogs":true,"interaction":{"idSuffix":"BDI-content"}},"wdio_ui5_key":"createOrganizationPopfinishBtn"}]}
RESULT: undefined
COMMAND: POST /session/f524b757760d5c60bd583e9ee049f297/element - {"using":"xpath","value":"//*[@id=\"createOrganizationPop--finishBtn\"]"}
RESULT: {"using":"xpath","value":"//*[@id=\"createOrganizationPop--finishBtn\"]"}
COMMAND: POST /session/f524b757760d5c60bd583e9ee049f297/element/f.21BCA9660A1D2E3CF9A692D178FDB716.d.41AC2C6FA35301AA738377E4A7FBC736.e.6123/click - {}
RESULT: {}
COMMAND: GET /session/f524b757760d5c60bd583e9ee049f297/screenshot - {}
RESULT: {}
COMMAND: POST /session/f524b757760d5c60bd583e9ee049f297/element - {"using":"css selector","value":"#shell-header-logo"}
RESULT: {"using":"css selector","value":"#shell-header-logo"}
COMMAND: POST /session/f524b757760d5c60bd583e9ee049f297/element/f.21BCA9660A1D2E3CF9A692D178FDB716.d.41AC2C6FA35301AA738377E4A7FBC736.e.5987/click - {}
RESULT: {}
COMMAND: GET /session/f524b757760d5c60bd583e9ee049f297/screenshot - {}
RESULT: {}
]]></system-out>
    </testcase>
    <testcase classname="chrome.136_0_7103_93.windows.Create_masterdata_for_Yard_Overview_-_trigger_provide_US130988" name="Should do a stock increase handover" time="95.352">
      <failure/>
      <error message="Can't call click on element with selector &quot;//li[.//span[contains(text(),'527 -')]]&quot; because element wasn't found"/>
      <system-out><![CDATA[
COMMAND: POST /session/f524b757760d5c60bd583e9ee049f297/execute/async - {"script":"<script> [1562 bytes]","args":[{"selector":{"controlType":"sap.m.GenericTile","properties":{"header":"Manage Handovers"}},"wdio_ui5_key":"sapm.GenericTile{\"header\":\"Manage Handovers\"}"}]}
RESULT: {"script":"<script> [1562 bytes]","args":[{"selector":{"controlType":"sap.m.GenericTile","properties":{"header":"Manage Handovers"}},"wdio_ui5_key":"sapm.GenericTile{\"header\":\"Manage Handovers\"}"}]}
RESULT: undefined
COMMAND: POST /session/f524b757760d5c60bd583e9ee049f297/element - {"using":"xpath","value":"//*[@id=\"__tile132\"]"}
RESULT: {"using":"xpath","value":"//*[@id=\"__tile132\"]"}
COMMAND: POST /session/f524b757760d5c60bd583e9ee049f297/element/f.21BCA9660A1D2E3CF9A692D178FDB716.d.41AC2C6FA35301AA738377E4A7FBC736.e.5322/click - {}
RESULT: {}
COMMAND: GET /session/f524b757760d5c60bd583e9ee049f297/screenshot - {}
COMMAND: POST /session/f524b757760d5c60bd583e9ee049f297/elements - {"using":"xpath","value":"//span[text()='Error']"}
RESULT: {}
RESULT: {"using":"xpath","value":"//span[text()='Error']"}
COMMAND: POST /session/f524b757760d5c60bd583e9ee049f297/element - {"using":"xpath","value":"//button[@data-kt=\"masterHOAddButton\"]"}
RESULT: {"using":"xpath","value":"//button[@data-kt=\"masterHOAddButton\"]"}
COMMAND: POST /session/f524b757760d5c60bd583e9ee049f297/elements - {"using":"xpath","value":"//button[@data-kt=\"masterHOAddButton\"]"}
RESULT: {"using":"xpath","value":"//button[@data-kt=\"masterHOAddButton\"]"}
COMMAND: POST /session/f524b757760d5c60bd583e9ee049f297/execute/sync - {"script":"<script> [8489 bytes]","args":[{"element-6066-11e4-a52e-4f735466cecf":"f.21BCA9660A1D2E3CF9A692D178FDB716.d.41AC2C6FA35301AA738377E4A7FBC736.e.6158","ELEMENT":"f.21BCA9660A1D2E3CF9A692D178FDB716.d.41AC2C6FA35301AA738377E4A7FBC736.e.6158"}]}
RESULT: {"script":"<script> [8489 bytes]","args":[{"element-6066-11e4-a52e-4f735466cecf":"f.21BCA9660A1D2E3CF9A692D178FDB716.d.41AC2C6FA35301AA738377E4A7FBC736.e.6158","ELEMENT":"f.21BCA9660A1D2E3CF9A692D178FDB716.d.41AC2C6FA35301AA738377E4A7FBC736.e.6158"}]}
COMMAND: GET /session/f524b757760d5c60bd583e9ee049f297/element/f.21BCA9660A1D2E3CF9A692D178FDB716.d.41AC2C6FA35301AA738377E4A7FBC736.e.6158/enabled - {}
COMMAND: GET /session/f524b757760d5c60bd583e9ee049f297/screenshot - {}
RESULT: {}
COMMAND: POST /session/f524b757760d5c60bd583e9ee049f297/execute/sync - {"script":"<script> [8489 bytes]","args":[{"element-6066-11e4-a52e-4f735466cecf":"f.21BCA9660A1D2E3CF9A692D178FDB716.d.41AC2C6FA35301AA738377E4A7FBC736.e.6158","ELEMENT":"f.21BCA9660A1D2E3CF9A692D178FDB716.d.41AC2C6FA35301AA738377E4A7FBC736.e.6158"}]}
COMMAND: GET /session/f524b757760d5c60bd583e9ee049f297/screenshot - {}
RESULT: {}
RESULT: {"script":"<script> [8489 bytes]","args":[{"element-6066-11e4-a52e-4f735466cecf":"f.21BCA9660A1D2E3CF9A692D178FDB716.d.41AC2C6FA35301AA738377E4A7FBC736.e.6158","ELEMENT":"f.21BCA9660A1D2E3CF9A692D178FDB716.d.41AC2C6FA35301AA738377E4A7FBC736.e.6158"}]}
COMMAND: POST /session/f524b757760d5c60bd583e9ee049f297/execute/sync - {"script":"<script> [5351 bytes]","args":[{"element-6066-11e4-a52e-4f735466cecf":"f.21BCA9660A1D2E3CF9A692D178FDB716.d.41AC2C6FA35301AA738377E4A7FBC736.e.6158","ELEMENT":"f.21BCA9660A1D2E3CF9A692D178FDB716.d.41AC2C6FA35301AA738377E4A7FBC736.e.6158"}]}
COMMAND: GET /session/f524b757760d5c60bd583e9ee049f297/screenshot - {}
RESULT: {}
RESULT: {"script":"<script> [5351 bytes]","args":[{"element-6066-11e4-a52e-4f735466cecf":"f.21BCA9660A1D2E3CF9A692D178FDB716.d.41AC2C6FA35301AA738377E4A7FBC736.e.6158","ELEMENT":"f.21BCA9660A1D2E3CF9A692D178FDB716.d.41AC2C6FA35301AA738377E4A7FBC736.e.6158"}]}
COMMAND: POST /session/f524b757760d5c60bd583e9ee049f297/element/f.21BCA9660A1D2E3CF9A692D178FDB716.d.41AC2C6FA35301AA738377E4A7FBC736.e.6158/click - {}
COMMAND: GET /session/f524b757760d5c60bd583e9ee049f297/screenshot - {}
RESULT: {}
RESULT: {}
COMMAND: GET /session/f524b757760d5c60bd583e9ee049f297/screenshot - {}
RESULT: {}
COMMAND: POST /session/f524b757760d5c60bd583e9ee049f297/element - {"using":"xpath","value":"//span[contains(@id ,\"AddNewHO--typeSelect-arrow\")]"}
RESULT: {}
RESULT: {"using":"xpath","value":"//span[contains(@id ,\"AddNewHO--typeSelect-arrow\")]"}
COMMAND: POST /session/f524b757760d5c60bd583e9ee049f297/element/f.21BCA9660A1D2E3CF9A692D178FDB716.d.41AC2C6FA35301AA738377E4A7FBC736.e.6520/click - {}
RESULT: {}
COMMAND: GET /session/f524b757760d5c60bd583e9ee049f297/screenshot - {}
RESULT: {}
COMMAND: POST /session/f524b757760d5c60bd583e9ee049f297/element - {"using":"xpath","value":"(//li[contains(text(), \"stock increase yard\")])[1]"}
RESULT: {"using":"xpath","value":"(//li[contains(text(), \"stock increase yard\")])[1]"}
COMMAND: POST /session/f524b757760d5c60bd583e9ee049f297/element/f.21BCA9660A1D2E3CF9A692D178FDB716.d.41AC2C6FA35301AA738377E4A7FBC736.e.6521/click - {}
RESULT: {}
COMMAND: GET /session/f524b757760d5c60bd583e9ee049f297/screenshot - {}
RESULT: {}
COMMAND: POST /session/f524b757760d5c60bd583e9ee049f297/execute/async - {"script":"<script> [1562 bytes]","args":[{"selector":{"id":"application-managehandovers-display-component---AddNewHO--dueDate","interaction":{"idSuffix":"inner"}},"wdio_ui5_key":"applicationmanagehandovers-display-component---AddNewHO--dueDate"}]}
RESULT: {"script":"<script> [1562 bytes]","args":[{"selector":{"id":"application-managehandovers-display-component---AddNewHO--dueDate","interaction":{"idSuffix":"inner"}},"wdio_ui5_key":"applicationmanagehandovers-display-component---AddNewHO--dueDate"}]}
RESULT: undefined
COMMAND: POST /session/f524b757760d5c60bd583e9ee049f297/execute/async - {"script":"<script> [6424 bytes]","args":[{"element-6066-11e4-a52e-4f735466cecf":"f.21BCA9660A1D2E3CF9A692D178FDB716.d.41AC2C6FA35301AA738377E4A7FBC736.e.6523"},"setValue",["5/31/25"]]}
RESULT: {"script":"<script> [6424 bytes]","args":[{"element-6066-11e4-a52e-4f735466cecf":"f.21BCA9660A1D2E3CF9A692D178FDB716.d.41AC2C6FA35301AA738377E4A7FBC736.e.6523"},"setValue",["5/31/25"]]}
COMMAND: POST /session/f524b757760d5c60bd583e9ee049f297/element - {"using":"xpath","value":"//input[@id=\"generalSectionFrg--receiveYard-inner\"]"}
RESULT: {"using":"xpath","value":"//input[@id=\"generalSectionFrg--receiveYard-inner\"]"}
COMMAND: POST /session/f524b757760d5c60bd583e9ee049f297/element/f.21BCA9660A1D2E3CF9A692D178FDB716.d.41AC2C6FA35301AA738377E4A7FBC736.e.6529/clear - {}
RESULT: {}
COMMAND: POST /session/f524b757760d5c60bd583e9ee049f297/element/f.21BCA9660A1D2E3CF9A692D178FDB716.d.41AC2C6FA35301AA738377E4A7FBC736.e.6529/value - {"text":"527"}
COMMAND: GET /session/f524b757760d5c60bd583e9ee049f297/screenshot - {}
RESULT: {"text":"527"}
COMMAND: GET /session/f524b757760d5c60bd583e9ee049f297/screenshot - {}
RESULT: {}
RESULT: {}
COMMAND: POST /session/f524b757760d5c60bd583e9ee049f297/element - {"using":"xpath","value":"//li[.//span[contains(text(),'527 -')]]"}
RESULT: {"using":"xpath","value":"//li[.//span[contains(text(),'527 -')]]"}
COMMAND: POST /session/f524b757760d5c60bd583e9ee049f297/elements - {"using":"xpath","value":"//li[.//span[contains(text(),'527 -')]]"}
RESULT: {"using":"xpath","value":"//li[.//span[contains(text(),'527 -')]]"}
COMMAND: POST /session/f524b757760d5c60bd583e9ee049f297/elements - {"using":"xpath","value":"//li[.//span[contains(text(),'527 -')]]"}
RESULT: {"using":"xpath","value":"//li[.//span[contains(text(),'527 -')]]"}
COMMAND: POST /session/f524b757760d5c60bd583e9ee049f297/elements - {"using":"xpath","value":"//li[.//span[contains(text(),'527 -')]]"}
RESULT: {"using":"xpath","value":"//li[.//span[contains(text(),'527 -')]]"}
COMMAND: POST /session/f524b757760d5c60bd583e9ee049f297/elements - {"using":"xpath","value":"//li[.//span[contains(text(),'527 -')]]"}
RESULT: {"using":"xpath","value":"//li[.//span[contains(text(),'527 -')]]"}
COMMAND: POST /session/f524b757760d5c60bd583e9ee049f297/elements - {"using":"xpath","value":"//li[.//span[contains(text(),'527 -')]]"}
RESULT: {"using":"xpath","value":"//li[.//span[contains(text(),'527 -')]]"}
COMMAND: POST /session/f524b757760d5c60bd583e9ee049f297/elements - {"using":"xpath","value":"//li[.//span[contains(text(),'527 -')]]"}
RESULT: {"using":"xpath","value":"//li[.//span[contains(text(),'527 -')]]"}
COMMAND: POST /session/f524b757760d5c60bd583e9ee049f297/elements - {"using":"xpath","value":"//li[.//span[contains(text(),'527 -')]]"}
RESULT: {"using":"xpath","value":"//li[.//span[contains(text(),'527 -')]]"}
COMMAND: POST /session/f524b757760d5c60bd583e9ee049f297/elements - {"using":"xpath","value":"//li[.//span[contains(text(),'527 -')]]"}
RESULT: {"using":"xpath","value":"//li[.//span[contains(text(),'527 -')]]"}
COMMAND: POST /session/f524b757760d5c60bd583e9ee049f297/elements - {"using":"xpath","value":"//li[.//span[contains(text(),'527 -')]]"}
RESULT: {"using":"xpath","value":"//li[.//span[contains(text(),'527 -')]]"}
COMMAND: POST /session/f524b757760d5c60bd583e9ee049f297/elements - {"using":"xpath","value":"//li[.//span[contains(text(),'527 -')]]"}
RESULT: {"using":"xpath","value":"//li[.//span[contains(text(),'527 -')]]"}
COMMAND: POST /session/f524b757760d5c60bd583e9ee049f297/elements - {"using":"xpath","value":"//li[.//span[contains(text(),'527 -')]]"}
RESULT: {"using":"xpath","value":"//li[.//span[contains(text(),'527 -')]]"}
COMMAND: POST /session/f524b757760d5c60bd583e9ee049f297/elements - {"using":"xpath","value":"//li[.//span[contains(text(),'527 -')]]"}
RESULT: {"using":"xpath","value":"//li[.//span[contains(text(),'527 -')]]"}
COMMAND: POST /session/f524b757760d5c60bd583e9ee049f297/elements - {"using":"xpath","value":"//li[.//span[contains(text(),'527 -')]]"}
RESULT: {"using":"xpath","value":"//li[.//span[contains(text(),'527 -')]]"}
COMMAND: POST /session/f524b757760d5c60bd583e9ee049f297/elements - {"using":"xpath","value":"//li[.//span[contains(text(),'527 -')]]"}
RESULT: {"using":"xpath","value":"//li[.//span[contains(text(),'527 -')]]"}
COMMAND: POST /session/f524b757760d5c60bd583e9ee049f297/elements - {"using":"xpath","value":"//li[.//span[contains(text(),'527 -')]]"}
RESULT: {"using":"xpath","value":"//li[.//span[contains(text(),'527 -')]]"}
COMMAND: POST /session/f524b757760d5c60bd583e9ee049f297/elements - {"using":"xpath","value":"//li[.//span[contains(text(),'527 -')]]"}
RESULT: {"using":"xpath","value":"//li[.//span[contains(text(),'527 -')]]"}
COMMAND: POST /session/f524b757760d5c60bd583e9ee049f297/elements - {"using":"xpath","value":"//li[.//span[contains(text(),'527 -')]]"}
RESULT: {"using":"xpath","value":"//li[.//span[contains(text(),'527 -')]]"}
COMMAND: POST /session/f524b757760d5c60bd583e9ee049f297/elements - {"using":"xpath","value":"//li[.//span[contains(text(),'527 -')]]"}
RESULT: {"using":"xpath","value":"//li[.//span[contains(text(),'527 -')]]"}
COMMAND: POST /session/f524b757760d5c60bd583e9ee049f297/elements - {"using":"xpath","value":"//li[.//span[contains(text(),'527 -')]]"}
RESULT: {"using":"xpath","value":"//li[.//span[contains(text(),'527 -')]]"}
COMMAND: POST /session/f524b757760d5c60bd583e9ee049f297/elements - {"using":"xpath","value":"//li[.//span[contains(text(),'527 -')]]"}
RESULT: {"using":"xpath","value":"//li[.//span[contains(text(),'527 -')]]"}
COMMAND: POST /session/f524b757760d5c60bd583e9ee049f297/elements - {"using":"xpath","value":"//li[.//span[contains(text(),'527 -')]]"}
RESULT: {"using":"xpath","value":"//li[.//span[contains(text(),'527 -')]]"}
COMMAND: POST /session/f524b757760d5c60bd583e9ee049f297/elements - {"using":"xpath","value":"//li[.//span[contains(text(),'527 -')]]"}
RESULT: {"using":"xpath","value":"//li[.//span[contains(text(),'527 -')]]"}
COMMAND: POST /session/f524b757760d5c60bd583e9ee049f297/elements - {"using":"xpath","value":"//li[.//span[contains(text(),'527 -')]]"}
RESULT: {"using":"xpath","value":"//li[.//span[contains(text(),'527 -')]]"}
COMMAND: POST /session/f524b757760d5c60bd583e9ee049f297/elements - {"using":"xpath","value":"//li[.//span[contains(text(),'527 -')]]"}
RESULT: {"using":"xpath","value":"//li[.//span[contains(text(),'527 -')]]"}
COMMAND: POST /session/f524b757760d5c60bd583e9ee049f297/elements - {"using":"xpath","value":"//li[.//span[contains(text(),'527 -')]]"}
RESULT: {"using":"xpath","value":"//li[.//span[contains(text(),'527 -')]]"}
COMMAND: POST /session/f524b757760d5c60bd583e9ee049f297/elements - {"using":"xpath","value":"//li[.//span[contains(text(),'527 -')]]"}
RESULT: {"using":"xpath","value":"//li[.//span[contains(text(),'527 -')]]"}
COMMAND: POST /session/f524b757760d5c60bd583e9ee049f297/elements - {"using":"xpath","value":"//li[.//span[contains(text(),'527 -')]]"}
RESULT: {"using":"xpath","value":"//li[.//span[contains(text(),'527 -')]]"}
COMMAND: POST /session/f524b757760d5c60bd583e9ee049f297/elements - {"using":"xpath","value":"//li[.//span[contains(text(),'527 -')]]"}
RESULT: {"using":"xpath","value":"//li[.//span[contains(text(),'527 -')]]"}
COMMAND: POST /session/f524b757760d5c60bd583e9ee049f297/elements - {"using":"xpath","value":"//li[.//span[contains(text(),'527 -')]]"}
RESULT: {"using":"xpath","value":"//li[.//span[contains(text(),'527 -')]]"}
COMMAND: POST /session/f524b757760d5c60bd583e9ee049f297/elements - {"using":"xpath","value":"//li[.//span[contains(text(),'527 -')]]"}
RESULT: {"using":"xpath","value":"//li[.//span[contains(text(),'527 -')]]"}
COMMAND: POST /session/f524b757760d5c60bd583e9ee049f297/elements - {"using":"xpath","value":"//li[.//span[contains(text(),'527 -')]]"}
RESULT: {"using":"xpath","value":"//li[.//span[contains(text(),'527 -')]]"}
COMMAND: POST /session/f524b757760d5c60bd583e9ee049f297/elements - {"using":"xpath","value":"//li[.//span[contains(text(),'527 -')]]"}
RESULT: {"using":"xpath","value":"//li[.//span[contains(text(),'527 -')]]"}
COMMAND: POST /session/f524b757760d5c60bd583e9ee049f297/elements - {"using":"xpath","value":"//li[.//span[contains(text(),'527 -')]]"}
RESULT: {"using":"xpath","value":"//li[.//span[contains(text(),'527 -')]]"}
COMMAND: POST /session/f524b757760d5c60bd583e9ee049f297/elements - {"using":"xpath","value":"//li[.//span[contains(text(),'527 -')]]"}
RESULT: {"using":"xpath","value":"//li[.//span[contains(text(),'527 -')]]"}
COMMAND: POST /session/f524b757760d5c60bd583e9ee049f297/elements - {"using":"xpath","value":"//li[.//span[contains(text(),'527 -')]]"}
RESULT: {"using":"xpath","value":"//li[.//span[contains(text(),'527 -')]]"}
COMMAND: POST /session/f524b757760d5c60bd583e9ee049f297/elements - {"using":"xpath","value":"//li[.//span[contains(text(),'527 -')]]"}
RESULT: {"using":"xpath","value":"//li[.//span[contains(text(),'527 -')]]"}
COMMAND: POST /session/f524b757760d5c60bd583e9ee049f297/elements - {"using":"xpath","value":"//li[.//span[contains(text(),'527 -')]]"}
RESULT: {"using":"xpath","value":"//li[.//span[contains(text(),'527 -')]]"}
COMMAND: POST /session/f524b757760d5c60bd583e9ee049f297/elements - {"using":"xpath","value":"//li[.//span[contains(text(),'527 -')]]"}
RESULT: {"using":"xpath","value":"//li[.//span[contains(text(),'527 -')]]"}
COMMAND: POST /session/f524b757760d5c60bd583e9ee049f297/elements - {"using":"xpath","value":"//li[.//span[contains(text(),'527 -')]]"}
RESULT: {"using":"xpath","value":"//li[.//span[contains(text(),'527 -')]]"}
COMMAND: POST /session/f524b757760d5c60bd583e9ee049f297/elements - {"using":"xpath","value":"//li[.//span[contains(text(),'527 -')]]"}
RESULT: {"using":"xpath","value":"//li[.//span[contains(text(),'527 -')]]"}
COMMAND: POST /session/f524b757760d5c60bd583e9ee049f297/elements - {"using":"xpath","value":"//li[.//span[contains(text(),'527 -')]]"}
RESULT: {"using":"xpath","value":"//li[.//span[contains(text(),'527 -')]]"}
COMMAND: POST /session/f524b757760d5c60bd583e9ee049f297/elements - {"using":"xpath","value":"//li[.//span[contains(text(),'527 -')]]"}
RESULT: {"using":"xpath","value":"//li[.//span[contains(text(),'527 -')]]"}
COMMAND: POST /session/f524b757760d5c60bd583e9ee049f297/elements - {"using":"xpath","value":"//li[.//span[contains(text(),'527 -')]]"}
RESULT: {"using":"xpath","value":"//li[.//span[contains(text(),'527 -')]]"}
COMMAND: POST /session/f524b757760d5c60bd583e9ee049f297/elements - {"using":"xpath","value":"//li[.//span[contains(text(),'527 -')]]"}
RESULT: {"using":"xpath","value":"//li[.//span[contains(text(),'527 -')]]"}
COMMAND: POST /session/f524b757760d5c60bd583e9ee049f297/elements - {"using":"xpath","value":"//li[.//span[contains(text(),'527 -')]]"}
RESULT: {"using":"xpath","value":"//li[.//span[contains(text(),'527 -')]]"}
COMMAND: POST /session/f524b757760d5c60bd583e9ee049f297/elements - {"using":"xpath","value":"//li[.//span[contains(text(),'527 -')]]"}
RESULT: {"using":"xpath","value":"//li[.//span[contains(text(),'527 -')]]"}
COMMAND: POST /session/f524b757760d5c60bd583e9ee049f297/elements - {"using":"xpath","value":"//li[.//span[contains(text(),'527 -')]]"}
RESULT: {"using":"xpath","value":"//li[.//span[contains(text(),'527 -')]]"}
COMMAND: POST /session/f524b757760d5c60bd583e9ee049f297/elements - {"using":"xpath","value":"//li[.//span[contains(text(),'527 -')]]"}
RESULT: {"using":"xpath","value":"//li[.//span[contains(text(),'527 -')]]"}
COMMAND: POST /session/f524b757760d5c60bd583e9ee049f297/elements - {"using":"xpath","value":"//li[.//span[contains(text(),'527 -')]]"}
RESULT: {"using":"xpath","value":"//li[.//span[contains(text(),'527 -')]]"}
COMMAND: POST /session/f524b757760d5c60bd583e9ee049f297/elements - {"using":"xpath","value":"//li[.//span[contains(text(),'527 -')]]"}
RESULT: {"using":"xpath","value":"//li[.//span[contains(text(),'527 -')]]"}
COMMAND: POST /session/f524b757760d5c60bd583e9ee049f297/elements - {"using":"xpath","value":"//li[.//span[contains(text(),'527 -')]]"}
RESULT: {"using":"xpath","value":"//li[.//span[contains(text(),'527 -')]]"}
COMMAND: POST /session/f524b757760d5c60bd583e9ee049f297/elements - {"using":"xpath","value":"//li[.//span[contains(text(),'527 -')]]"}
RESULT: {"using":"xpath","value":"//li[.//span[contains(text(),'527 -')]]"}
COMMAND: POST /session/f524b757760d5c60bd583e9ee049f297/elements - {"using":"xpath","value":"//li[.//span[contains(text(),'527 -')]]"}
RESULT: {"using":"xpath","value":"//li[.//span[contains(text(),'527 -')]]"}
COMMAND: POST /session/f524b757760d5c60bd583e9ee049f297/elements - {"using":"xpath","value":"//li[.//span[contains(text(),'527 -')]]"}
RESULT: {"using":"xpath","value":"//li[.//span[contains(text(),'527 -')]]"}
COMMAND: POST /session/f524b757760d5c60bd583e9ee049f297/elements - {"using":"xpath","value":"//li[.//span[contains(text(),'527 -')]]"}
RESULT: {"using":"xpath","value":"//li[.//span[contains(text(),'527 -')]]"}
COMMAND: POST /session/f524b757760d5c60bd583e9ee049f297/elements - {"using":"xpath","value":"//li[.//span[contains(text(),'527 -')]]"}
RESULT: {"using":"xpath","value":"//li[.//span[contains(text(),'527 -')]]"}
COMMAND: POST /session/f524b757760d5c60bd583e9ee049f297/elements - {"using":"xpath","value":"//li[.//span[contains(text(),'527 -')]]"}
RESULT: {"using":"xpath","value":"//li[.//span[contains(text(),'527 -')]]"}
COMMAND: POST /session/f524b757760d5c60bd583e9ee049f297/elements - {"using":"xpath","value":"//li[.//span[contains(text(),'527 -')]]"}
RESULT: {"using":"xpath","value":"//li[.//span[contains(text(),'527 -')]]"}
COMMAND: POST /session/f524b757760d5c60bd583e9ee049f297/elements - {"using":"xpath","value":"//li[.//span[contains(text(),'527 -')]]"}
RESULT: {"using":"xpath","value":"//li[.//span[contains(text(),'527 -')]]"}
COMMAND: POST /session/f524b757760d5c60bd583e9ee049f297/elements - {"using":"xpath","value":"//li[.//span[contains(text(),'527 -')]]"}
RESULT: {"using":"xpath","value":"//li[.//span[contains(text(),'527 -')]]"}
COMMAND: POST /session/f524b757760d5c60bd583e9ee049f297/elements - {"using":"xpath","value":"//li[.//span[contains(text(),'527 -')]]"}
RESULT: {"using":"xpath","value":"//li[.//span[contains(text(),'527 -')]]"}
COMMAND: POST /session/f524b757760d5c60bd583e9ee049f297/elements - {"using":"xpath","value":"//li[.//span[contains(text(),'527 -')]]"}
RESULT: {"using":"xpath","value":"//li[.//span[contains(text(),'527 -')]]"}
COMMAND: POST /session/f524b757760d5c60bd583e9ee049f297/elements - {"using":"xpath","value":"//li[.//span[contains(text(),'527 -')]]"}
RESULT: {"using":"xpath","value":"//li[.//span[contains(text(),'527 -')]]"}
COMMAND: POST /session/f524b757760d5c60bd583e9ee049f297/elements - {"using":"xpath","value":"//li[.//span[contains(text(),'527 -')]]"}
RESULT: {"using":"xpath","value":"//li[.//span[contains(text(),'527 -')]]"}
COMMAND: POST /session/f524b757760d5c60bd583e9ee049f297/elements - {"using":"xpath","value":"//li[.//span[contains(text(),'527 -')]]"}
RESULT: {"using":"xpath","value":"//li[.//span[contains(text(),'527 -')]]"}
COMMAND: POST /session/f524b757760d5c60bd583e9ee049f297/elements - {"using":"xpath","value":"//li[.//span[contains(text(),'527 -')]]"}
RESULT: {"using":"xpath","value":"//li[.//span[contains(text(),'527 -')]]"}
COMMAND: POST /session/f524b757760d5c60bd583e9ee049f297/elements - {"using":"xpath","value":"//li[.//span[contains(text(),'527 -')]]"}
RESULT: {"using":"xpath","value":"//li[.//span[contains(text(),'527 -')]]"}
COMMAND: POST /session/f524b757760d5c60bd583e9ee049f297/elements - {"using":"xpath","value":"//li[.//span[contains(text(),'527 -')]]"}
RESULT: {"using":"xpath","value":"//li[.//span[contains(text(),'527 -')]]"}
COMMAND: POST /session/f524b757760d5c60bd583e9ee049f297/elements - {"using":"xpath","value":"//li[.//span[contains(text(),'527 -')]]"}
RESULT: {"using":"xpath","value":"//li[.//span[contains(text(),'527 -')]]"}
COMMAND: POST /session/f524b757760d5c60bd583e9ee049f297/elements - {"using":"xpath","value":"//li[.//span[contains(text(),'527 -')]]"}
RESULT: {"using":"xpath","value":"//li[.//span[contains(text(),'527 -')]]"}
COMMAND: POST /session/f524b757760d5c60bd583e9ee049f297/elements - {"using":"xpath","value":"//li[.//span[contains(text(),'527 -')]]"}
RESULT: {"using":"xpath","value":"//li[.//span[contains(text(),'527 -')]]"}
COMMAND: POST /session/f524b757760d5c60bd583e9ee049f297/elements - {"using":"xpath","value":"//li[.//span[contains(text(),'527 -')]]"}
RESULT: {"using":"xpath","value":"//li[.//span[contains(text(),'527 -')]]"}
COMMAND: POST /session/f524b757760d5c60bd583e9ee049f297/elements - {"using":"xpath","value":"//li[.//span[contains(text(),'527 -')]]"}
RESULT: {"using":"xpath","value":"//li[.//span[contains(text(),'527 -')]]"}
COMMAND: POST /session/f524b757760d5c60bd583e9ee049f297/elements - {"using":"xpath","value":"//li[.//span[contains(text(),'527 -')]]"}
RESULT: {"using":"xpath","value":"//li[.//span[contains(text(),'527 -')]]"}
COMMAND: POST /session/f524b757760d5c60bd583e9ee049f297/elements - {"using":"xpath","value":"//li[.//span[contains(text(),'527 -')]]"}
RESULT: {"using":"xpath","value":"//li[.//span[contains(text(),'527 -')]]"}
COMMAND: POST /session/f524b757760d5c60bd583e9ee049f297/elements - {"using":"xpath","value":"//li[.//span[contains(text(),'527 -')]]"}
RESULT: {"using":"xpath","value":"//li[.//span[contains(text(),'527 -')]]"}
COMMAND: POST /session/f524b757760d5c60bd583e9ee049f297/elements - {"using":"xpath","value":"//li[.//span[contains(text(),'527 -')]]"}
RESULT: {"using":"xpath","value":"//li[.//span[contains(text(),'527 -')]]"}
COMMAND: POST /session/f524b757760d5c60bd583e9ee049f297/elements - {"using":"xpath","value":"//li[.//span[contains(text(),'527 -')]]"}
RESULT: {"using":"xpath","value":"//li[.//span[contains(text(),'527 -')]]"}
COMMAND: POST /session/f524b757760d5c60bd583e9ee049f297/elements - {"using":"xpath","value":"//li[.//span[contains(text(),'527 -')]]"}
RESULT: {"using":"xpath","value":"//li[.//span[contains(text(),'527 -')]]"}
COMMAND: POST /session/f524b757760d5c60bd583e9ee049f297/elements - {"using":"xpath","value":"//li[.//span[contains(text(),'527 -')]]"}
RESULT: {"using":"xpath","value":"//li[.//span[contains(text(),'527 -')]]"}
COMMAND: POST /session/f524b757760d5c60bd583e9ee049f297/elements - {"using":"xpath","value":"//li[.//span[contains(text(),'527 -')]]"}
RESULT: {"using":"xpath","value":"//li[.//span[contains(text(),'527 -')]]"}
COMMAND: POST /session/f524b757760d5c60bd583e9ee049f297/elements - {"using":"xpath","value":"//li[.//span[contains(text(),'527 -')]]"}
RESULT: {"using":"xpath","value":"//li[.//span[contains(text(),'527 -')]]"}
COMMAND: POST /session/f524b757760d5c60bd583e9ee049f297/elements - {"using":"xpath","value":"//li[.//span[contains(text(),'527 -')]]"}
RESULT: {"using":"xpath","value":"//li[.//span[contains(text(),'527 -')]]"}
COMMAND: POST /session/f524b757760d5c60bd583e9ee049f297/elements - {"using":"xpath","value":"//li[.//span[contains(text(),'527 -')]]"}
RESULT: {"using":"xpath","value":"//li[.//span[contains(text(),'527 -')]]"}
COMMAND: POST /session/f524b757760d5c60bd583e9ee049f297/elements - {"using":"xpath","value":"//li[.//span[contains(text(),'527 -')]]"}
RESULT: {"using":"xpath","value":"//li[.//span[contains(text(),'527 -')]]"}
COMMAND: POST /session/f524b757760d5c60bd583e9ee049f297/elements - {"using":"xpath","value":"//li[.//span[contains(text(),'527 -')]]"}
RESULT: {"using":"xpath","value":"//li[.//span[contains(text(),'527 -')]]"}
COMMAND: POST /session/f524b757760d5c60bd583e9ee049f297/elements - {"using":"xpath","value":"//li[.//span[contains(text(),'527 -')]]"}
RESULT: {"using":"xpath","value":"//li[.//span[contains(text(),'527 -')]]"}
COMMAND: POST /session/f524b757760d5c60bd583e9ee049f297/elements - {"using":"xpath","value":"//li[.//span[contains(text(),'527 -')]]"}
RESULT: {"using":"xpath","value":"//li[.//span[contains(text(),'527 -')]]"}
COMMAND: POST /session/f524b757760d5c60bd583e9ee049f297/elements - {"using":"xpath","value":"//li[.//span[contains(text(),'527 -')]]"}
RESULT: {"using":"xpath","value":"//li[.//span[contains(text(),'527 -')]]"}
COMMAND: POST /session/f524b757760d5c60bd583e9ee049f297/elements - {"using":"xpath","value":"//li[.//span[contains(text(),'527 -')]]"}
RESULT: {"using":"xpath","value":"//li[.//span[contains(text(),'527 -')]]"}
COMMAND: POST /session/f524b757760d5c60bd583e9ee049f297/elements - {"using":"xpath","value":"//li[.//span[contains(text(),'527 -')]]"}
RESULT: {"using":"xpath","value":"//li[.//span[contains(text(),'527 -')]]"}
COMMAND: POST /session/f524b757760d5c60bd583e9ee049f297/elements - {"using":"xpath","value":"//li[.//span[contains(text(),'527 -')]]"}
RESULT: {"using":"xpath","value":"//li[.//span[contains(text(),'527 -')]]"}
COMMAND: POST /session/f524b757760d5c60bd583e9ee049f297/elements - {"using":"xpath","value":"//li[.//span[contains(text(),'527 -')]]"}
RESULT: {"using":"xpath","value":"//li[.//span[contains(text(),'527 -')]]"}
COMMAND: POST /session/f524b757760d5c60bd583e9ee049f297/elements - {"using":"xpath","value":"//li[.//span[contains(text(),'527 -')]]"}
RESULT: {"using":"xpath","value":"//li[.//span[contains(text(),'527 -')]]"}
COMMAND: POST /session/f524b757760d5c60bd583e9ee049f297/elements - {"using":"xpath","value":"//li[.//span[contains(text(),'527 -')]]"}
RESULT: {"using":"xpath","value":"//li[.//span[contains(text(),'527 -')]]"}
COMMAND: POST /session/f524b757760d5c60bd583e9ee049f297/elements - {"using":"xpath","value":"//li[.//span[contains(text(),'527 -')]]"}
RESULT: {"using":"xpath","value":"//li[.//span[contains(text(),'527 -')]]"}
COMMAND: POST /session/f524b757760d5c60bd583e9ee049f297/elements - {"using":"xpath","value":"//li[.//span[contains(text(),'527 -')]]"}
RESULT: {"using":"xpath","value":"//li[.//span[contains(text(),'527 -')]]"}
COMMAND: POST /session/f524b757760d5c60bd583e9ee049f297/elements - {"using":"xpath","value":"//li[.//span[contains(text(),'527 -')]]"}
RESULT: {"using":"xpath","value":"//li[.//span[contains(text(),'527 -')]]"}
COMMAND: POST /session/f524b757760d5c60bd583e9ee049f297/elements - {"using":"xpath","value":"//li[.//span[contains(text(),'527 -')]]"}
RESULT: {"using":"xpath","value":"//li[.//span[contains(text(),'527 -')]]"}
COMMAND: POST /session/f524b757760d5c60bd583e9ee049f297/elements - {"using":"xpath","value":"//li[.//span[contains(text(),'527 -')]]"}
RESULT: {"using":"xpath","value":"//li[.//span[contains(text(),'527 -')]]"}
COMMAND: POST /session/f524b757760d5c60bd583e9ee049f297/elements - {"using":"xpath","value":"//li[.//span[contains(text(),'527 -')]]"}
RESULT: {"using":"xpath","value":"//li[.//span[contains(text(),'527 -')]]"}
COMMAND: POST /session/f524b757760d5c60bd583e9ee049f297/elements - {"using":"xpath","value":"//li[.//span[contains(text(),'527 -')]]"}
RESULT: {"using":"xpath","value":"//li[.//span[contains(text(),'527 -')]]"}
COMMAND: POST /session/f524b757760d5c60bd583e9ee049f297/elements - {"using":"xpath","value":"//li[.//span[contains(text(),'527 -')]]"}
RESULT: {"using":"xpath","value":"//li[.//span[contains(text(),'527 -')]]"}
COMMAND: POST /session/f524b757760d5c60bd583e9ee049f297/elements - {"using":"xpath","value":"//li[.//span[contains(text(),'527 -')]]"}
RESULT: {"using":"xpath","value":"//li[.//span[contains(text(),'527 -')]]"}
COMMAND: POST /session/f524b757760d5c60bd583e9ee049f297/elements - {"using":"xpath","value":"//li[.//span[contains(text(),'527 -')]]"}
RESULT: {"using":"xpath","value":"//li[.//span[contains(text(),'527 -')]]"}
COMMAND: POST /session/f524b757760d5c60bd583e9ee049f297/elements - {"using":"xpath","value":"//li[.//span[contains(text(),'527 -')]]"}
RESULT: {"using":"xpath","value":"//li[.//span[contains(text(),'527 -')]]"}
COMMAND: POST /session/f524b757760d5c60bd583e9ee049f297/elements - {"using":"xpath","value":"//li[.//span[contains(text(),'527 -')]]"}
RESULT: {"using":"xpath","value":"//li[.//span[contains(text(),'527 -')]]"}
COMMAND: POST /session/f524b757760d5c60bd583e9ee049f297/elements - {"using":"xpath","value":"//li[.//span[contains(text(),'527 -')]]"}
RESULT: {"using":"xpath","value":"//li[.//span[contains(text(),'527 -')]]"}
COMMAND: POST /session/f524b757760d5c60bd583e9ee049f297/elements - {"using":"xpath","value":"//li[.//span[contains(text(),'527 -')]]"}
RESULT: {"using":"xpath","value":"//li[.//span[contains(text(),'527 -')]]"}
COMMAND: POST /session/f524b757760d5c60bd583e9ee049f297/elements - {"using":"xpath","value":"//li[.//span[contains(text(),'527 -')]]"}
RESULT: {"using":"xpath","value":"//li[.//span[contains(text(),'527 -')]]"}
COMMAND: POST /session/f524b757760d5c60bd583e9ee049f297/elements - {"using":"xpath","value":"//li[.//span[contains(text(),'527 -')]]"}
RESULT: {"using":"xpath","value":"//li[.//span[contains(text(),'527 -')]]"}
COMMAND: POST /session/f524b757760d5c60bd583e9ee049f297/elements - {"using":"xpath","value":"//li[.//span[contains(text(),'527 -')]]"}
RESULT: {"using":"xpath","value":"//li[.//span[contains(text(),'527 -')]]"}
COMMAND: POST /session/f524b757760d5c60bd583e9ee049f297/elements - {"using":"xpath","value":"//li[.//span[contains(text(),'527 -')]]"}
RESULT: {"using":"xpath","value":"//li[.//span[contains(text(),'527 -')]]"}
COMMAND: POST /session/f524b757760d5c60bd583e9ee049f297/elements - {"using":"xpath","value":"//li[.//span[contains(text(),'527 -')]]"}
RESULT: {"using":"xpath","value":"//li[.//span[contains(text(),'527 -')]]"}
COMMAND: POST /session/f524b757760d5c60bd583e9ee049f297/elements - {"using":"xpath","value":"//li[.//span[contains(text(),'527 -')]]"}
RESULT: {"using":"xpath","value":"//li[.//span[contains(text(),'527 -')]]"}
COMMAND: POST /session/f524b757760d5c60bd583e9ee049f297/elements - {"using":"xpath","value":"//li[.//span[contains(text(),'527 -')]]"}
RESULT: {"using":"xpath","value":"//li[.//span[contains(text(),'527 -')]]"}
COMMAND: POST /session/f524b757760d5c60bd583e9ee049f297/elements - {"using":"xpath","value":"//li[.//span[contains(text(),'527 -')]]"}
RESULT: {"using":"xpath","value":"//li[.//span[contains(text(),'527 -')]]"}
COMMAND: POST /session/f524b757760d5c60bd583e9ee049f297/elements - {"using":"xpath","value":"//li[.//span[contains(text(),'527 -')]]"}
RESULT: {"using":"xpath","value":"//li[.//span[contains(text(),'527 -')]]"}
COMMAND: POST /session/f524b757760d5c60bd583e9ee049f297/elements - {"using":"xpath","value":"//li[.//span[contains(text(),'527 -')]]"}
RESULT: {"using":"xpath","value":"//li[.//span[contains(text(),'527 -')]]"}
COMMAND: POST /session/f524b757760d5c60bd583e9ee049f297/elements - {"using":"xpath","value":"//li[.//span[contains(text(),'527 -')]]"}
RESULT: {"using":"xpath","value":"//li[.//span[contains(text(),'527 -')]]"}
COMMAND: GET /session/f524b757760d5c60bd583e9ee049f297/screenshot - {}
RESULT: {}
]]></system-out>
      <system-err><![CDATA[
Error: Can't call click on element with selector "//li[.//span[contains(text(),'527 -')]]" because element wasn't found
    at async UtilsPrerequisites.stockIncrease (D:\a\1\s\test\specs\BTS\prerequisites-and-utils-functions.js:1638:9)
    at async Context.<anonymous> (D:\a\1\s\test\specs\HTR\yard-movement-putaways.spec.js:60:9)
]]></system-err>
    </testcase>
    <testcase classname="chrome.136_0_7103_93.windows.Create_masterdata_for_Yard_Overview_-_trigger_provide_US130988" name="Should Putaway WHM" time="61.056">
      <failure/>
      <error message="element (&quot;//button[@data-kt=&quot;MasterMovementAddOverflowToolbarButton&quot;]&quot;) still not existing after 45000ms"/>
      <system-out><![CDATA[
COMMAND: GET /session/f524b757760d5c60bd583e9ee049f297/screenshot - {}
COMMAND: POST /session/f524b757760d5c60bd583e9ee049f297/execute/async - {"script":"<script> [1562 bytes]","args":[{"selector":{"controlType":"sap.m.GenericTile","properties":{"header":"Manage Warehouse Movements"}},"wdio_ui5_key":"sapm.GenericTile{\"header\":\"Manage Warehouse Movements\"}"}]}
RESULT: {"script":"<script> [1562 bytes]","args":[{"selector":{"controlType":"sap.m.GenericTile","properties":{"header":"Manage Warehouse Movements"}},"wdio_ui5_key":"sapm.GenericTile{\"header\":\"Manage Warehouse Movements\"}"}]}
RESULT: undefined
RESULT: {}
COMMAND: POST /session/f524b757760d5c60bd583e9ee049f297/elements - {"using":"xpath","value":"//span[text()='Error']"}
RESULT: {"using":"xpath","value":"//span[text()='Error']"}
COMMAND: POST /session/f524b757760d5c60bd583e9ee049f297/element - {"using":"xpath","value":"//button[@data-kt=\"MasterMovementAddOverflowToolbarButton\"]"}
RESULT: {"using":"xpath","value":"//button[@data-kt=\"MasterMovementAddOverflowToolbarButton\"]"}
COMMAND: POST /session/f524b757760d5c60bd583e9ee049f297/elements - {"using":"xpath","value":"//button[@data-kt=\"MasterMovementAddOverflowToolbarButton\"]"}
RESULT: {"using":"xpath","value":"//button[@data-kt=\"MasterMovementAddOverflowToolbarButton\"]"}
COMMAND: POST /session/f524b757760d5c60bd583e9ee049f297/elements - {"using":"xpath","value":"//button[@data-kt=\"MasterMovementAddOverflowToolbarButton\"]"}
RESULT: {"using":"xpath","value":"//button[@data-kt=\"MasterMovementAddOverflowToolbarButton\"]"}
COMMAND: POST /session/f524b757760d5c60bd583e9ee049f297/elements - {"using":"xpath","value":"//button[@data-kt=\"MasterMovementAddOverflowToolbarButton\"]"}
RESULT: {"using":"xpath","value":"//button[@data-kt=\"MasterMovementAddOverflowToolbarButton\"]"}
COMMAND: POST /session/f524b757760d5c60bd583e9ee049f297/elements - {"using":"xpath","value":"//button[@data-kt=\"MasterMovementAddOverflowToolbarButton\"]"}
RESULT: {"using":"xpath","value":"//button[@data-kt=\"MasterMovementAddOverflowToolbarButton\"]"}
COMMAND: POST /session/f524b757760d5c60bd583e9ee049f297/elements - {"using":"xpath","value":"//button[@data-kt=\"MasterMovementAddOverflowToolbarButton\"]"}
RESULT: {"using":"xpath","value":"//button[@data-kt=\"MasterMovementAddOverflowToolbarButton\"]"}
COMMAND: POST /session/f524b757760d5c60bd583e9ee049f297/elements - {"using":"xpath","value":"//button[@data-kt=\"MasterMovementAddOverflowToolbarButton\"]"}
RESULT: {"using":"xpath","value":"//button[@data-kt=\"MasterMovementAddOverflowToolbarButton\"]"}
COMMAND: POST /session/f524b757760d5c60bd583e9ee049f297/elements - {"using":"xpath","value":"//button[@data-kt=\"MasterMovementAddOverflowToolbarButton\"]"}
RESULT: {"using":"xpath","value":"//button[@data-kt=\"MasterMovementAddOverflowToolbarButton\"]"}
COMMAND: POST /session/f524b757760d5c60bd583e9ee049f297/elements - {"using":"xpath","value":"//button[@data-kt=\"MasterMovementAddOverflowToolbarButton\"]"}
RESULT: {"using":"xpath","value":"//button[@data-kt=\"MasterMovementAddOverflowToolbarButton\"]"}
COMMAND: POST /session/f524b757760d5c60bd583e9ee049f297/elements - {"using":"xpath","value":"//button[@data-kt=\"MasterMovementAddOverflowToolbarButton\"]"}
RESULT: {"using":"xpath","value":"//button[@data-kt=\"MasterMovementAddOverflowToolbarButton\"]"}
COMMAND: POST /session/f524b757760d5c60bd583e9ee049f297/elements - {"using":"xpath","value":"//button[@data-kt=\"MasterMovementAddOverflowToolbarButton\"]"}
RESULT: {"using":"xpath","value":"//button[@data-kt=\"MasterMovementAddOverflowToolbarButton\"]"}
COMMAND: POST /session/f524b757760d5c60bd583e9ee049f297/elements - {"using":"xpath","value":"//button[@data-kt=\"MasterMovementAddOverflowToolbarButton\"]"}
RESULT: {"using":"xpath","value":"//button[@data-kt=\"MasterMovementAddOverflowToolbarButton\"]"}
COMMAND: POST /session/f524b757760d5c60bd583e9ee049f297/elements - {"using":"xpath","value":"//button[@data-kt=\"MasterMovementAddOverflowToolbarButton\"]"}
RESULT: {"using":"xpath","value":"//button[@data-kt=\"MasterMovementAddOverflowToolbarButton\"]"}
COMMAND: POST /session/f524b757760d5c60bd583e9ee049f297/elements - {"using":"xpath","value":"//button[@data-kt=\"MasterMovementAddOverflowToolbarButton\"]"}
RESULT: {"using":"xpath","value":"//button[@data-kt=\"MasterMovementAddOverflowToolbarButton\"]"}
COMMAND: POST /session/f524b757760d5c60bd583e9ee049f297/elements - {"using":"xpath","value":"//button[@data-kt=\"MasterMovementAddOverflowToolbarButton\"]"}
RESULT: {"using":"xpath","value":"//button[@data-kt=\"MasterMovementAddOverflowToolbarButton\"]"}
COMMAND: POST /session/f524b757760d5c60bd583e9ee049f297/elements - {"using":"xpath","value":"//button[@data-kt=\"MasterMovementAddOverflowToolbarButton\"]"}
RESULT: {"using":"xpath","value":"//button[@data-kt=\"MasterMovementAddOverflowToolbarButton\"]"}
COMMAND: POST /session/f524b757760d5c60bd583e9ee049f297/elements - {"using":"xpath","value":"//button[@data-kt=\"MasterMovementAddOverflowToolbarButton\"]"}
RESULT: {"using":"xpath","value":"//button[@data-kt=\"MasterMovementAddOverflowToolbarButton\"]"}
COMMAND: POST /session/f524b757760d5c60bd583e9ee049f297/elements - {"using":"xpath","value":"//button[@data-kt=\"MasterMovementAddOverflowToolbarButton\"]"}
RESULT: {"using":"xpath","value":"//button[@data-kt=\"MasterMovementAddOverflowToolbarButton\"]"}
COMMAND: POST /session/f524b757760d5c60bd583e9ee049f297/elements - {"using":"xpath","value":"//button[@data-kt=\"MasterMovementAddOverflowToolbarButton\"]"}
RESULT: {"using":"xpath","value":"//button[@data-kt=\"MasterMovementAddOverflowToolbarButton\"]"}
COMMAND: POST /session/f524b757760d5c60bd583e9ee049f297/elements - {"using":"xpath","value":"//button[@data-kt=\"MasterMovementAddOverflowToolbarButton\"]"}
RESULT: {"using":"xpath","value":"//button[@data-kt=\"MasterMovementAddOverflowToolbarButton\"]"}
COMMAND: POST /session/f524b757760d5c60bd583e9ee049f297/elements - {"using":"xpath","value":"//button[@data-kt=\"MasterMovementAddOverflowToolbarButton\"]"}
RESULT: {"using":"xpath","value":"//button[@data-kt=\"MasterMovementAddOverflowToolbarButton\"]"}
COMMAND: POST /session/f524b757760d5c60bd583e9ee049f297/elements - {"using":"xpath","value":"//button[@data-kt=\"MasterMovementAddOverflowToolbarButton\"]"}
RESULT: {"using":"xpath","value":"//button[@data-kt=\"MasterMovementAddOverflowToolbarButton\"]"}
COMMAND: POST /session/f524b757760d5c60bd583e9ee049f297/elements - {"using":"xpath","value":"//button[@data-kt=\"MasterMovementAddOverflowToolbarButton\"]"}
RESULT: {"using":"xpath","value":"//button[@data-kt=\"MasterMovementAddOverflowToolbarButton\"]"}
COMMAND: POST /session/f524b757760d5c60bd583e9ee049f297/elements - {"using":"xpath","value":"//button[@data-kt=\"MasterMovementAddOverflowToolbarButton\"]"}
RESULT: {"using":"xpath","value":"//button[@data-kt=\"MasterMovementAddOverflowToolbarButton\"]"}
COMMAND: POST /session/f524b757760d5c60bd583e9ee049f297/elements - {"using":"xpath","value":"//button[@data-kt=\"MasterMovementAddOverflowToolbarButton\"]"}
RESULT: {"using":"xpath","value":"//button[@data-kt=\"MasterMovementAddOverflowToolbarButton\"]"}
COMMAND: POST /session/f524b757760d5c60bd583e9ee049f297/elements - {"using":"xpath","value":"//button[@data-kt=\"MasterMovementAddOverflowToolbarButton\"]"}
RESULT: {"using":"xpath","value":"//button[@data-kt=\"MasterMovementAddOverflowToolbarButton\"]"}
COMMAND: POST /session/f524b757760d5c60bd583e9ee049f297/elements - {"using":"xpath","value":"//button[@data-kt=\"MasterMovementAddOverflowToolbarButton\"]"}
RESULT: {"using":"xpath","value":"//button[@data-kt=\"MasterMovementAddOverflowToolbarButton\"]"}
COMMAND: POST /session/f524b757760d5c60bd583e9ee049f297/elements - {"using":"xpath","value":"//button[@data-kt=\"MasterMovementAddOverflowToolbarButton\"]"}
RESULT: {"using":"xpath","value":"//button[@data-kt=\"MasterMovementAddOverflowToolbarButton\"]"}
COMMAND: POST /session/f524b757760d5c60bd583e9ee049f297/elements - {"using":"xpath","value":"//button[@data-kt=\"MasterMovementAddOverflowToolbarButton\"]"}
RESULT: {"using":"xpath","value":"//button[@data-kt=\"MasterMovementAddOverflowToolbarButton\"]"}
COMMAND: POST /session/f524b757760d5c60bd583e9ee049f297/elements - {"using":"xpath","value":"//button[@data-kt=\"MasterMovementAddOverflowToolbarButton\"]"}
RESULT: {"using":"xpath","value":"//button[@data-kt=\"MasterMovementAddOverflowToolbarButton\"]"}
COMMAND: POST /session/f524b757760d5c60bd583e9ee049f297/elements - {"using":"xpath","value":"//button[@data-kt=\"MasterMovementAddOverflowToolbarButton\"]"}
RESULT: {"using":"xpath","value":"//button[@data-kt=\"MasterMovementAddOverflowToolbarButton\"]"}
COMMAND: POST /session/f524b757760d5c60bd583e9ee049f297/elements - {"using":"xpath","value":"//button[@data-kt=\"MasterMovementAddOverflowToolbarButton\"]"}
RESULT: {"using":"xpath","value":"//button[@data-kt=\"MasterMovementAddOverflowToolbarButton\"]"}
COMMAND: POST /session/f524b757760d5c60bd583e9ee049f297/elements - {"using":"xpath","value":"//button[@data-kt=\"MasterMovementAddOverflowToolbarButton\"]"}
RESULT: {"using":"xpath","value":"//button[@data-kt=\"MasterMovementAddOverflowToolbarButton\"]"}
COMMAND: POST /session/f524b757760d5c60bd583e9ee049f297/elements - {"using":"xpath","value":"//button[@data-kt=\"MasterMovementAddOverflowToolbarButton\"]"}
RESULT: {"using":"xpath","value":"//button[@data-kt=\"MasterMovementAddOverflowToolbarButton\"]"}
COMMAND: POST /session/f524b757760d5c60bd583e9ee049f297/elements - {"using":"xpath","value":"//button[@data-kt=\"MasterMovementAddOverflowToolbarButton\"]"}
RESULT: {"using":"xpath","value":"//button[@data-kt=\"MasterMovementAddOverflowToolbarButton\"]"}
COMMAND: POST /session/f524b757760d5c60bd583e9ee049f297/elements - {"using":"xpath","value":"//button[@data-kt=\"MasterMovementAddOverflowToolbarButton\"]"}
RESULT: {"using":"xpath","value":"//button[@data-kt=\"MasterMovementAddOverflowToolbarButton\"]"}
COMMAND: POST /session/f524b757760d5c60bd583e9ee049f297/elements - {"using":"xpath","value":"//button[@data-kt=\"MasterMovementAddOverflowToolbarButton\"]"}
RESULT: {"using":"xpath","value":"//button[@data-kt=\"MasterMovementAddOverflowToolbarButton\"]"}
COMMAND: POST /session/f524b757760d5c60bd583e9ee049f297/elements - {"using":"xpath","value":"//button[@data-kt=\"MasterMovementAddOverflowToolbarButton\"]"}
RESULT: {"using":"xpath","value":"//button[@data-kt=\"MasterMovementAddOverflowToolbarButton\"]"}
COMMAND: POST /session/f524b757760d5c60bd583e9ee049f297/elements - {"using":"xpath","value":"//button[@data-kt=\"MasterMovementAddOverflowToolbarButton\"]"}
RESULT: {"using":"xpath","value":"//button[@data-kt=\"MasterMovementAddOverflowToolbarButton\"]"}
COMMAND: POST /session/f524b757760d5c60bd583e9ee049f297/elements - {"using":"xpath","value":"//button[@data-kt=\"MasterMovementAddOverflowToolbarButton\"]"}
RESULT: {"using":"xpath","value":"//button[@data-kt=\"MasterMovementAddOverflowToolbarButton\"]"}
COMMAND: POST /session/f524b757760d5c60bd583e9ee049f297/elements - {"using":"xpath","value":"//button[@data-kt=\"MasterMovementAddOverflowToolbarButton\"]"}
RESULT: {"using":"xpath","value":"//button[@data-kt=\"MasterMovementAddOverflowToolbarButton\"]"}
COMMAND: POST /session/f524b757760d5c60bd583e9ee049f297/elements - {"using":"xpath","value":"//button[@data-kt=\"MasterMovementAddOverflowToolbarButton\"]"}
RESULT: {"using":"xpath","value":"//button[@data-kt=\"MasterMovementAddOverflowToolbarButton\"]"}
COMMAND: POST /session/f524b757760d5c60bd583e9ee049f297/elements - {"using":"xpath","value":"//button[@data-kt=\"MasterMovementAddOverflowToolbarButton\"]"}
RESULT: {"using":"xpath","value":"//button[@data-kt=\"MasterMovementAddOverflowToolbarButton\"]"}
COMMAND: POST /session/f524b757760d5c60bd583e9ee049f297/elements - {"using":"xpath","value":"//button[@data-kt=\"MasterMovementAddOverflowToolbarButton\"]"}
RESULT: {"using":"xpath","value":"//button[@data-kt=\"MasterMovementAddOverflowToolbarButton\"]"}
COMMAND: POST /session/f524b757760d5c60bd583e9ee049f297/elements - {"using":"xpath","value":"//button[@data-kt=\"MasterMovementAddOverflowToolbarButton\"]"}
RESULT: {"using":"xpath","value":"//button[@data-kt=\"MasterMovementAddOverflowToolbarButton\"]"}
COMMAND: POST /session/f524b757760d5c60bd583e9ee049f297/elements - {"using":"xpath","value":"//button[@data-kt=\"MasterMovementAddOverflowToolbarButton\"]"}
RESULT: {"using":"xpath","value":"//button[@data-kt=\"MasterMovementAddOverflowToolbarButton\"]"}
COMMAND: POST /session/f524b757760d5c60bd583e9ee049f297/elements - {"using":"xpath","value":"//button[@data-kt=\"MasterMovementAddOverflowToolbarButton\"]"}
RESULT: {"using":"xpath","value":"//button[@data-kt=\"MasterMovementAddOverflowToolbarButton\"]"}
COMMAND: POST /session/f524b757760d5c60bd583e9ee049f297/elements - {"using":"xpath","value":"//button[@data-kt=\"MasterMovementAddOverflowToolbarButton\"]"}
RESULT: {"using":"xpath","value":"//button[@data-kt=\"MasterMovementAddOverflowToolbarButton\"]"}
COMMAND: POST /session/f524b757760d5c60bd583e9ee049f297/elements - {"using":"xpath","value":"//button[@data-kt=\"MasterMovementAddOverflowToolbarButton\"]"}
RESULT: {"using":"xpath","value":"//button[@data-kt=\"MasterMovementAddOverflowToolbarButton\"]"}
COMMAND: POST /session/f524b757760d5c60bd583e9ee049f297/elements - {"using":"xpath","value":"//button[@data-kt=\"MasterMovementAddOverflowToolbarButton\"]"}
RESULT: {"using":"xpath","value":"//button[@data-kt=\"MasterMovementAddOverflowToolbarButton\"]"}
COMMAND: POST /session/f524b757760d5c60bd583e9ee049f297/elements - {"using":"xpath","value":"//button[@data-kt=\"MasterMovementAddOverflowToolbarButton\"]"}
RESULT: {"using":"xpath","value":"//button[@data-kt=\"MasterMovementAddOverflowToolbarButton\"]"}
COMMAND: POST /session/f524b757760d5c60bd583e9ee049f297/elements - {"using":"xpath","value":"//button[@data-kt=\"MasterMovementAddOverflowToolbarButton\"]"}
RESULT: {"using":"xpath","value":"//button[@data-kt=\"MasterMovementAddOverflowToolbarButton\"]"}
COMMAND: POST /session/f524b757760d5c60bd583e9ee049f297/elements - {"using":"xpath","value":"//button[@data-kt=\"MasterMovementAddOverflowToolbarButton\"]"}
RESULT: {"using":"xpath","value":"//button[@data-kt=\"MasterMovementAddOverflowToolbarButton\"]"}
COMMAND: POST /session/f524b757760d5c60bd583e9ee049f297/elements - {"using":"xpath","value":"//button[@data-kt=\"MasterMovementAddOverflowToolbarButton\"]"}
RESULT: {"using":"xpath","value":"//button[@data-kt=\"MasterMovementAddOverflowToolbarButton\"]"}
COMMAND: POST /session/f524b757760d5c60bd583e9ee049f297/elements - {"using":"xpath","value":"//button[@data-kt=\"MasterMovementAddOverflowToolbarButton\"]"}
RESULT: {"using":"xpath","value":"//button[@data-kt=\"MasterMovementAddOverflowToolbarButton\"]"}
COMMAND: POST /session/f524b757760d5c60bd583e9ee049f297/elements - {"using":"xpath","value":"//button[@data-kt=\"MasterMovementAddOverflowToolbarButton\"]"}
RESULT: {"using":"xpath","value":"//button[@data-kt=\"MasterMovementAddOverflowToolbarButton\"]"}
COMMAND: POST /session/f524b757760d5c60bd583e9ee049f297/elements - {"using":"xpath","value":"//button[@data-kt=\"MasterMovementAddOverflowToolbarButton\"]"}
RESULT: {"using":"xpath","value":"//button[@data-kt=\"MasterMovementAddOverflowToolbarButton\"]"}
COMMAND: POST /session/f524b757760d5c60bd583e9ee049f297/elements - {"using":"xpath","value":"//button[@data-kt=\"MasterMovementAddOverflowToolbarButton\"]"}
RESULT: {"using":"xpath","value":"//button[@data-kt=\"MasterMovementAddOverflowToolbarButton\"]"}
COMMAND: POST /session/f524b757760d5c60bd583e9ee049f297/elements - {"using":"xpath","value":"//button[@data-kt=\"MasterMovementAddOverflowToolbarButton\"]"}
RESULT: {"using":"xpath","value":"//button[@data-kt=\"MasterMovementAddOverflowToolbarButton\"]"}
COMMAND: POST /session/f524b757760d5c60bd583e9ee049f297/elements - {"using":"xpath","value":"//button[@data-kt=\"MasterMovementAddOverflowToolbarButton\"]"}
RESULT: {"using":"xpath","value":"//button[@data-kt=\"MasterMovementAddOverflowToolbarButton\"]"}
COMMAND: POST /session/f524b757760d5c60bd583e9ee049f297/elements - {"using":"xpath","value":"//button[@data-kt=\"MasterMovementAddOverflowToolbarButton\"]"}
RESULT: {"using":"xpath","value":"//button[@data-kt=\"MasterMovementAddOverflowToolbarButton\"]"}
COMMAND: POST /session/f524b757760d5c60bd583e9ee049f297/elements - {"using":"xpath","value":"//button[@data-kt=\"MasterMovementAddOverflowToolbarButton\"]"}
RESULT: {"using":"xpath","value":"//button[@data-kt=\"MasterMovementAddOverflowToolbarButton\"]"}
COMMAND: POST /session/f524b757760d5c60bd583e9ee049f297/elements - {"using":"xpath","value":"//button[@data-kt=\"MasterMovementAddOverflowToolbarButton\"]"}
RESULT: {"using":"xpath","value":"//button[@data-kt=\"MasterMovementAddOverflowToolbarButton\"]"}
COMMAND: POST /session/f524b757760d5c60bd583e9ee049f297/elements - {"using":"xpath","value":"//button[@data-kt=\"MasterMovementAddOverflowToolbarButton\"]"}
RESULT: {"using":"xpath","value":"//button[@data-kt=\"MasterMovementAddOverflowToolbarButton\"]"}
COMMAND: POST /session/f524b757760d5c60bd583e9ee049f297/elements - {"using":"xpath","value":"//button[@data-kt=\"MasterMovementAddOverflowToolbarButton\"]"}
RESULT: {"using":"xpath","value":"//button[@data-kt=\"MasterMovementAddOverflowToolbarButton\"]"}
COMMAND: POST /session/f524b757760d5c60bd583e9ee049f297/elements - {"using":"xpath","value":"//button[@data-kt=\"MasterMovementAddOverflowToolbarButton\"]"}
RESULT: {"using":"xpath","value":"//button[@data-kt=\"MasterMovementAddOverflowToolbarButton\"]"}
COMMAND: POST /session/f524b757760d5c60bd583e9ee049f297/elements - {"using":"xpath","value":"//button[@data-kt=\"MasterMovementAddOverflowToolbarButton\"]"}
RESULT: {"using":"xpath","value":"//button[@data-kt=\"MasterMovementAddOverflowToolbarButton\"]"}
COMMAND: POST /session/f524b757760d5c60bd583e9ee049f297/elements - {"using":"xpath","value":"//button[@data-kt=\"MasterMovementAddOverflowToolbarButton\"]"}
RESULT: {"using":"xpath","value":"//button[@data-kt=\"MasterMovementAddOverflowToolbarButton\"]"}
COMMAND: POST /session/f524b757760d5c60bd583e9ee049f297/elements - {"using":"xpath","value":"//button[@data-kt=\"MasterMovementAddOverflowToolbarButton\"]"}
RESULT: {"using":"xpath","value":"//button[@data-kt=\"MasterMovementAddOverflowToolbarButton\"]"}
COMMAND: POST /session/f524b757760d5c60bd583e9ee049f297/elements - {"using":"xpath","value":"//button[@data-kt=\"MasterMovementAddOverflowToolbarButton\"]"}
RESULT: {"using":"xpath","value":"//button[@data-kt=\"MasterMovementAddOverflowToolbarButton\"]"}
COMMAND: POST /session/f524b757760d5c60bd583e9ee049f297/elements - {"using":"xpath","value":"//button[@data-kt=\"MasterMovementAddOverflowToolbarButton\"]"}
RESULT: {"using":"xpath","value":"//button[@data-kt=\"MasterMovementAddOverflowToolbarButton\"]"}
COMMAND: POST /session/f524b757760d5c60bd583e9ee049f297/elements - {"using":"xpath","value":"//button[@data-kt=\"MasterMovementAddOverflowToolbarButton\"]"}
RESULT: {"using":"xpath","value":"//button[@data-kt=\"MasterMovementAddOverflowToolbarButton\"]"}
COMMAND: POST /session/f524b757760d5c60bd583e9ee049f297/elements - {"using":"xpath","value":"//button[@data-kt=\"MasterMovementAddOverflowToolbarButton\"]"}
RESULT: {"using":"xpath","value":"//button[@data-kt=\"MasterMovementAddOverflowToolbarButton\"]"}
COMMAND: POST /session/f524b757760d5c60bd583e9ee049f297/elements - {"using":"xpath","value":"//button[@data-kt=\"MasterMovementAddOverflowToolbarButton\"]"}
RESULT: {"using":"xpath","value":"//button[@data-kt=\"MasterMovementAddOverflowToolbarButton\"]"}
COMMAND: POST /session/f524b757760d5c60bd583e9ee049f297/elements - {"using":"xpath","value":"//button[@data-kt=\"MasterMovementAddOverflowToolbarButton\"]"}
RESULT: {"using":"xpath","value":"//button[@data-kt=\"MasterMovementAddOverflowToolbarButton\"]"}
COMMAND: POST /session/f524b757760d5c60bd583e9ee049f297/elements - {"using":"xpath","value":"//button[@data-kt=\"MasterMovementAddOverflowToolbarButton\"]"}
RESULT: {"using":"xpath","value":"//button[@data-kt=\"MasterMovementAddOverflowToolbarButton\"]"}
COMMAND: POST /session/f524b757760d5c60bd583e9ee049f297/elements - {"using":"xpath","value":"//button[@data-kt=\"MasterMovementAddOverflowToolbarButton\"]"}
RESULT: {"using":"xpath","value":"//button[@data-kt=\"MasterMovementAddOverflowToolbarButton\"]"}
COMMAND: POST /session/f524b757760d5c60bd583e9ee049f297/elements - {"using":"xpath","value":"//button[@data-kt=\"MasterMovementAddOverflowToolbarButton\"]"}
RESULT: {"using":"xpath","value":"//button[@data-kt=\"MasterMovementAddOverflowToolbarButton\"]"}
COMMAND: POST /session/f524b757760d5c60bd583e9ee049f297/elements - {"using":"xpath","value":"//button[@data-kt=\"MasterMovementAddOverflowToolbarButton\"]"}
RESULT: {"using":"xpath","value":"//button[@data-kt=\"MasterMovementAddOverflowToolbarButton\"]"}
COMMAND: POST /session/f524b757760d5c60bd583e9ee049f297/elements - {"using":"xpath","value":"//button[@data-kt=\"MasterMovementAddOverflowToolbarButton\"]"}
RESULT: {"using":"xpath","value":"//button[@data-kt=\"MasterMovementAddOverflowToolbarButton\"]"}
COMMAND: POST /session/f524b757760d5c60bd583e9ee049f297/elements - {"using":"xpath","value":"//button[@data-kt=\"MasterMovementAddOverflowToolbarButton\"]"}
RESULT: {"using":"xpath","value":"//button[@data-kt=\"MasterMovementAddOverflowToolbarButton\"]"}
COMMAND: POST /session/f524b757760d5c60bd583e9ee049f297/elements - {"using":"xpath","value":"//button[@data-kt=\"MasterMovementAddOverflowToolbarButton\"]"}
RESULT: {"using":"xpath","value":"//button[@data-kt=\"MasterMovementAddOverflowToolbarButton\"]"}
COMMAND: POST /session/f524b757760d5c60bd583e9ee049f297/elements - {"using":"xpath","value":"//button[@data-kt=\"MasterMovementAddOverflowToolbarButton\"]"}
RESULT: {"using":"xpath","value":"//button[@data-kt=\"MasterMovementAddOverflowToolbarButton\"]"}
COMMAND: POST /session/f524b757760d5c60bd583e9ee049f297/elements - {"using":"xpath","value":"//button[@data-kt=\"MasterMovementAddOverflowToolbarButton\"]"}
RESULT: {"using":"xpath","value":"//button[@data-kt=\"MasterMovementAddOverflowToolbarButton\"]"}
COMMAND: POST /session/f524b757760d5c60bd583e9ee049f297/elements - {"using":"xpath","value":"//button[@data-kt=\"MasterMovementAddOverflowToolbarButton\"]"}
RESULT: {"using":"xpath","value":"//button[@data-kt=\"MasterMovementAddOverflowToolbarButton\"]"}
COMMAND: POST /session/f524b757760d5c60bd583e9ee049f297/elements - {"using":"xpath","value":"//button[@data-kt=\"MasterMovementAddOverflowToolbarButton\"]"}
RESULT: {"using":"xpath","value":"//button[@data-kt=\"MasterMovementAddOverflowToolbarButton\"]"}
COMMAND: POST /session/f524b757760d5c60bd583e9ee049f297/elements - {"using":"xpath","value":"//button[@data-kt=\"MasterMovementAddOverflowToolbarButton\"]"}
RESULT: {"using":"xpath","value":"//button[@data-kt=\"MasterMovementAddOverflowToolbarButton\"]"}
COMMAND: POST /session/f524b757760d5c60bd583e9ee049f297/elements - {"using":"xpath","value":"//button[@data-kt=\"MasterMovementAddOverflowToolbarButton\"]"}
RESULT: {"using":"xpath","value":"//button[@data-kt=\"MasterMovementAddOverflowToolbarButton\"]"}
COMMAND: POST /session/f524b757760d5c60bd583e9ee049f297/elements - {"using":"xpath","value":"//button[@data-kt=\"MasterMovementAddOverflowToolbarButton\"]"}
RESULT: {"using":"xpath","value":"//button[@data-kt=\"MasterMovementAddOverflowToolbarButton\"]"}
COMMAND: POST /session/f524b757760d5c60bd583e9ee049f297/elements - {"using":"xpath","value":"//button[@data-kt=\"MasterMovementAddOverflowToolbarButton\"]"}
RESULT: {"using":"xpath","value":"//button[@data-kt=\"MasterMovementAddOverflowToolbarButton\"]"}
COMMAND: POST /session/f524b757760d5c60bd583e9ee049f297/elements - {"using":"xpath","value":"//button[@data-kt=\"MasterMovementAddOverflowToolbarButton\"]"}
RESULT: {"using":"xpath","value":"//button[@data-kt=\"MasterMovementAddOverflowToolbarButton\"]"}
COMMAND: POST /session/f524b757760d5c60bd583e9ee049f297/elements - {"using":"xpath","value":"//button[@data-kt=\"MasterMovementAddOverflowToolbarButton\"]"}
COMMAND: GET /session/f524b757760d5c60bd583e9ee049f297/screenshot - {}
RESULT: {"using":"xpath","value":"//button[@data-kt=\"MasterMovementAddOverflowToolbarButton\"]"}
RESULT: {}
COMMAND: GET /session/f524b757760d5c60bd583e9ee049f297/screenshot - {}
COMMAND: GET /session/f524b757760d5c60bd583e9ee049f297/screenshot - {}
RESULT: {}
RESULT: {}
COMMAND: DELETE /session/f524b757760d5c60bd583e9ee049f297 - {}
RESULT: {}
]]></system-out>
      <system-err><![CDATA[
Error: element ("//button[@data-kt="MasterMovementAddOverflowToolbarButton"]") still not existing after 45000ms
    at async Context.<anonymous> (D:\a\1\s\test\specs\HTR\yard-movement-putaways.spec.js:70:9)
]]></system-err>
    </testcase>
  </testsuite>
</testsuites>