<?xml version="1.0" encoding="UTF-8"?>
<testsuites tests="23" failures="0" errors="0" skipped="0">
  <testsuite timestamp="2025-06-05T17:47:27" time="1157.856" tests="6" failures="0" errors="0" skipped="0">
    <properties>
      <property name="specId" value="0" />
      <property name="suiteName" value="Standard contract - add contract items by Insert Request US118222" />
      <property name="capabilities" value="chrome.137_0_7151_56.windows" />
      <property name="file" value="file:///D:/a/1/s/test/specs/R2C/standard-contract-add-contract-items-by-insert-request.spec.js" />
    </properties>
    <testcase classname="chrome.137_0_7151_56.windows.Standard_contract_-_add_contract_items_by_Insert_Request_US118222" name="Should create prerequisites yard partner site material and equipment" time="316.226">
      <system-out><![CDATA[
COMMAND: POST /session/17938e7f8541bcff555766d2bec8a2c8/execute/async - {"script":"<script> [1562 bytes]","args":[{"selector":{"controlType":"sap.m.GenericTile","properties":{"header":"Manage Yards"}},"wdio_ui5_key":"sapm.GenericTile{\"header\":\"Manage Yards\"}"}]}
RESULT: {"script":"<script> [1562 bytes]","args":[{"selector":{"controlType":"sap.m.GenericTile","properties":{"header":"Manage Yards"}},"wdio_ui5_key":"sapm.GenericTile{\"header\":\"Manage Yards\"}"}]}
RESULT: undefined
COMMAND: POST /session/17938e7f8541bcff555766d2bec8a2c8/element - {"using":"xpath","value":"//*[@id=\"__tile41\"]"}
RESULT: {"using":"xpath","value":"//*[@id=\"__tile41\"]"}
COMMAND: POST /session/17938e7f8541bcff555766d2bec8a2c8/element/f.0F1FAEEE2861019DFD6915B8D9C967AD.d.53DDD4C204E9DE31D30AEEF687EC9932.e.117/click - {}
RESULT: {}
COMMAND: GET /session/17938e7f8541bcff555766d2bec8a2c8/screenshot - {}
RESULT: {}
COMMAND: POST /session/17938e7f8541bcff555766d2bec8a2c8/elements - {"using":"xpath","value":"//span[text()='Error']"}
RESULT: {"using":"xpath","value":"//span[text()='Error']"}
COMMAND: POST /session/17938e7f8541bcff555766d2bec8a2c8/execute/async - {"script":"<script> [1562 bytes]","args":[{"selector":{"controlType":"sap.ui.core.Icon","viewName":"etm.portal.ui.manageyards.view.Master","viewId":"application-manageyards-display-component---masterYard","properties":{"src":{"regex":{"source":"add"}}}},"wdio_ui5_key":"etmportal.ui.manageyards.view.Mastersap.ui.core.Icon{\"src\":{\"regex\":{\"source\":\"add\"}}}"}]}
RESULT: {"script":"<script> [1562 bytes]","args":[{"selector":{"controlType":"sap.ui.core.Icon","viewName":"etm.portal.ui.manageyards.view.Master","viewId":"application-manageyards-display-component---masterYard","properties":{"src":{"regex":{"source":"add"}}}},"wdio_ui5_key":"etmportal.ui.manageyards.view.Mastersap.ui.core.Icon{\"src\":{\"regex\":{\"source\":\"add\"}}}"}]}
RESULT: undefined
COMMAND: POST /session/17938e7f8541bcff555766d2bec8a2c8/element - {"using":"xpath","value":"//*[@id=\"__button4-img\"]"}
RESULT: {"using":"xpath","value":"//*[@id=\"__button4-img\"]"}
COMMAND: POST /session/17938e7f8541bcff555766d2bec8a2c8/element/f.0F1FAEEE2861019DFD6915B8D9C967AD.d.53DDD4C204E9DE31D30AEEF687EC9932.e.164/click - {}
RESULT: {}
COMMAND: GET /session/17938e7f8541bcff555766d2bec8a2c8/screenshot - {}
RESULT: {}
COMMAND: POST /session/17938e7f8541bcff555766d2bec8a2c8/execute/async - {"script":"<script> [1562 bytes]","args":[{"selector":{"id":"application-manageyards-display-component---NewYard--yardId","interaction":{"idSuffix":"inner"}},"wdio_ui5_key":"applicationmanageyards-display-component---NewYard--yardId"}]}
RESULT: {"script":"<script> [1562 bytes]","args":[{"selector":{"id":"application-manageyards-display-component---NewYard--yardId","interaction":{"idSuffix":"inner"}},"wdio_ui5_key":"applicationmanageyards-display-component---NewYard--yardId"}]}
RESULT: undefined
COMMAND: POST /session/17938e7f8541bcff555766d2bec8a2c8/element - {"using":"xpath","value":"//*[@id=\"application-manageyards-display-component---NewYard--addressDetailDetailsName1-inner\"]"}
RESULT: {"using":"xpath","value":"//*[@id=\"application-manageyards-display-component---NewYard--addressDetailDetailsName1-inner\"]"}
COMMAND: POST /session/17938e7f8541bcff555766d2bec8a2c8/element/f.0F1FAEEE2861019DFD6915B8D9C967AD.d.53DDD4C204E9DE31D30AEEF687EC9932.e.375/clear - {}
RESULT: {}
COMMAND: POST /session/17938e7f8541bcff555766d2bec8a2c8/element/f.0F1FAEEE2861019DFD6915B8D9C967AD.d.53DDD4C204E9DE31D30AEEF687EC9932.e.375/value - {"text":"WebdriverYardjxvo1"}
COMMAND: GET /session/17938e7f8541bcff555766d2bec8a2c8/screenshot - {}
RESULT: {"text":"WebdriverYardjxvo1"}
COMMAND: POST /session/17938e7f8541bcff555766d2bec8a2c8/element - {"using":"xpath","value":"//*[@id=\"application-manageyards-display-component---NewYard--addressDetailDetailsLanguage-inner\"]"}
COMMAND: GET /session/17938e7f8541bcff555766d2bec8a2c8/screenshot - {}
RESULT: {}
RESULT: {"using":"xpath","value":"//*[@id=\"application-manageyards-display-component---NewYard--addressDetailDetailsLanguage-inner\"]"}
COMMAND: POST /session/17938e7f8541bcff555766d2bec8a2c8/element/f.0F1FAEEE2861019DFD6915B8D9C967AD.d.53DDD4C204E9DE31D30AEEF687EC9932.e.376/clear - {}
RESULT: {}
RESULT: {}
COMMAND: POST /session/17938e7f8541bcff555766d2bec8a2c8/element/f.0F1FAEEE2861019DFD6915B8D9C967AD.d.53DDD4C204E9DE31D30AEEF687EC9932.e.376/value - {"text":"Romanian"}
COMMAND: GET /session/17938e7f8541bcff555766d2bec8a2c8/screenshot - {}
RESULT: {"text":"Romanian"}
COMMAND: POST /session/17938e7f8541bcff555766d2bec8a2c8/element - {"using":"xpath","value":"//input[contains(@id ,\"application-manageyards-display-component---NewYard--addressDetailDetailsName1-inner\")]"}
COMMAND: GET /session/17938e7f8541bcff555766d2bec8a2c8/screenshot - {}
RESULT: {}
RESULT: {"using":"xpath","value":"//input[contains(@id ,\"application-manageyards-display-component---NewYard--addressDetailDetailsName1-inner\")]"}
COMMAND: GET /session/17938e7f8541bcff555766d2bec8a2c8/element/f.0F1FAEEE2861019DFD6915B8D9C967AD.d.53DDD4C204E9DE31D30AEEF687EC9932.e.375/property/value - {}
RESULT: {}
RESULT: {}
COMMAND: GET /session/17938e7f8541bcff555766d2bec8a2c8/screenshot - {}
RESULT: {}
COMMAND: POST /session/17938e7f8541bcff555766d2bec8a2c8/element - {"using":"xpath","value":"//*[@id=\"application-manageyards-display-component---NewYard--addressDetailDetailsCity1-inner\"]"}
RESULT: {"using":"xpath","value":"//*[@id=\"application-manageyards-display-component---NewYard--addressDetailDetailsCity1-inner\"]"}
COMMAND: POST /session/17938e7f8541bcff555766d2bec8a2c8/element/f.0F1FAEEE2861019DFD6915B8D9C967AD.d.53DDD4C204E9DE31D30AEEF687EC9932.e.378/clear - {}
RESULT: {}
COMMAND: POST /session/17938e7f8541bcff555766d2bec8a2c8/element/f.0F1FAEEE2861019DFD6915B8D9C967AD.d.53DDD4C204E9DE31D30AEEF687EC9932.e.378/value - {"text":"Bucuresti"}
COMMAND: GET /session/17938e7f8541bcff555766d2bec8a2c8/screenshot - {}
RESULT: {"text":"Bucuresti"}
COMMAND: GET /session/17938e7f8541bcff555766d2bec8a2c8/screenshot - {}
RESULT: {}
RESULT: {}
COMMAND: POST /session/17938e7f8541bcff555766d2bec8a2c8/element - {"using":"xpath","value":"//*[@id=\"application-manageyards-display-component---NewYard--addressDetailDetailsCountry-inner\"]"}
RESULT: {"using":"xpath","value":"//*[@id=\"application-manageyards-display-component---NewYard--addressDetailDetailsCountry-inner\"]"}
COMMAND: POST /session/17938e7f8541bcff555766d2bec8a2c8/element/f.0F1FAEEE2861019DFD6915B8D9C967AD.d.53DDD4C204E9DE31D30AEEF687EC9932.e.382/clear - {}
RESULT: {}
COMMAND: POST /session/17938e7f8541bcff555766d2bec8a2c8/element/f.0F1FAEEE2861019DFD6915B8D9C967AD.d.53DDD4C204E9DE31D30AEEF687EC9932.e.382/value - {"text":"Romania"}
COMMAND: GET /session/17938e7f8541bcff555766d2bec8a2c8/screenshot - {}
RESULT: {"text":"Romania"}
COMMAND: GET /session/17938e7f8541bcff555766d2bec8a2c8/screenshot - {}
RESULT: {}
RESULT: {}
COMMAND: POST /session/17938e7f8541bcff555766d2bec8a2c8/element - {"using":"xpath","value":"//div[contains(text(), \"Commercial\")]"}
RESULT: {"using":"xpath","value":"//div[contains(text(), \"Commercial\")]"}
COMMAND: GET /session/17938e7f8541bcff555766d2bec8a2c8/element/f.0F1FAEEE2861019DFD6915B8D9C967AD.d.53DDD4C204E9DE31D30AEEF687EC9932.e.575/rect - {}
RESULT: {}
COMMAND: GET /session/17938e7f8541bcff555766d2bec8a2c8/window/rect - {}
RESULT: {}
COMMAND: POST /session/17938e7f8541bcff555766d2bec8a2c8/execute/sync - {"script":"<script> [92 bytes]","args":[]}
RESULT: {"script":"<script> [92 bytes]","args":[]}
COMMAND: POST /session/17938e7f8541bcff555766d2bec8a2c8/actions - {"actions":[{"id":"action1","type":"wheel","parameters":{},"actions":[{"type":"scroll","x":-1841,"y":-44,"deltaX":0,"deltaY":0,"duration":0,"origin":{"element-6066-11e4-a52e-4f735466cecf":"f.0F1FAEEE2861019DFD6915B8D9C967AD.d.53DDD4C204E9DE31D30AEEF687EC9932.e.575"}}]}]}
COMMAND: GET /session/17938e7f8541bcff555766d2bec8a2c8/screenshot - {}
RESULT: {}
COMMAND: POST /session/17938e7f8541bcff555766d2bec8a2c8/execute/sync - {"script":"<script> [79 bytes]","args":[{"element-6066-11e4-a52e-4f735466cecf":"f.0F1FAEEE2861019DFD6915B8D9C967AD.d.53DDD4C204E9DE31D30AEEF687EC9932.e.575","ELEMENT":"f.0F1FAEEE2861019DFD6915B8D9C967AD.d.53DDD4C204E9DE31D30AEEF687EC9932.e.575"},{"block":"start","inline":"nearest"}]}
RESULT: {"script":"<script> [79 bytes]","args":[{"element-6066-11e4-a52e-4f735466cecf":"f.0F1FAEEE2861019DFD6915B8D9C967AD.d.53DDD4C204E9DE31D30AEEF687EC9932.e.575","ELEMENT":"f.0F1FAEEE2861019DFD6915B8D9C967AD.d.53DDD4C204E9DE31D30AEEF687EC9932.e.575"},{"block":"start","inline":"nearest"}]}
COMMAND: GET /session/17938e7f8541bcff555766d2bec8a2c8/screenshot - {}
RESULT: {}
COMMAND: POST /session/17938e7f8541bcff555766d2bec8a2c8/execute/async - {"script":"<script> [1562 bytes]","args":[{"selector":{"id":"application-manageyards-display-component---NewYard--addressEditDetailsCostObjectCstType-arrow"},"wdio_ui5_key":"applicationmanageyards-display-component---NewYard--addressEditDetailsCostObjectCstType-arrow"}]}
RESULT: {"script":"<script> [1562 bytes]","args":[{"selector":{"id":"application-manageyards-display-component---NewYard--addressEditDetailsCostObjectCstType-arrow"},"wdio_ui5_key":"applicationmanageyards-display-component---NewYard--addressEditDetailsCostObjectCstType-arrow"}]}
RESULT: undefined
COMMAND: POST /session/17938e7f8541bcff555766d2bec8a2c8/element - {"using":"xpath","value":"//*[@id=\"application-manageyards-display-component---NewYard--addressEditDetailsCostObjectCstType-arrow\"]"}
RESULT: {"using":"xpath","value":"//*[@id=\"application-manageyards-display-component---NewYard--addressEditDetailsCostObjectCstType-arrow\"]"}
COMMAND: POST /session/17938e7f8541bcff555766d2bec8a2c8/element/f.0F1FAEEE2861019DFD6915B8D9C967AD.d.53DDD4C204E9DE31D30AEEF687EC9932.e.583/click - {}
RESULT: {}
COMMAND: POST /session/17938e7f8541bcff555766d2bec8a2c8/element - {"using":"xpath","value":"//span[contains(text(), \"Cost Center\")]"}
COMMAND: GET /session/17938e7f8541bcff555766d2bec8a2c8/screenshot - {}
RESULT: {"using":"xpath","value":"//span[contains(text(), \"Cost Center\")]"}
COMMAND: POST /session/17938e7f8541bcff555766d2bec8a2c8/element/f.0F1FAEEE2861019DFD6915B8D9C967AD.d.53DDD4C204E9DE31D30AEEF687EC9932.e.584/click - {}
RESULT: {}
RESULT: {}
COMMAND: GET /session/17938e7f8541bcff555766d2bec8a2c8/screenshot - {}
RESULT: {}
COMMAND: POST /session/17938e7f8541bcff555766d2bec8a2c8/execute/async - {"script":"<script> [1562 bytes]","args":[{"selector":{"id":"application-manageyards-display-component---NewYard--addressNewCostObjectCstID-vhi"},"wdio_ui5_key":"applicationmanageyards-display-component---NewYard--addressNewCostObjectCstID-vhi"}]}
RESULT: {"script":"<script> [1562 bytes]","args":[{"selector":{"id":"application-manageyards-display-component---NewYard--addressNewCostObjectCstID-vhi"},"wdio_ui5_key":"applicationmanageyards-display-component---NewYard--addressNewCostObjectCstID-vhi"}]}
RESULT: undefined
COMMAND: POST /session/17938e7f8541bcff555766d2bec8a2c8/element - {"using":"xpath","value":"//*[@id=\"application-manageyards-display-component---NewYard--addressNewCostObjectCstID-vhi\"]"}
RESULT: {"using":"xpath","value":"//*[@id=\"application-manageyards-display-component---NewYard--addressNewCostObjectCstID-vhi\"]"}
COMMAND: POST /session/17938e7f8541bcff555766d2bec8a2c8/element/f.0F1FAEEE2861019DFD6915B8D9C967AD.d.53DDD4C204E9DE31D30AEEF687EC9932.e.588/click - {}
RESULT: {}
COMMAND: GET /session/17938e7f8541bcff555766d2bec8a2c8/screenshot - {}
RESULT: {}
COMMAND: POST /session/17938e7f8541bcff555766d2bec8a2c8/execute/async - {"script":"<script> [1562 bytes]","args":[{"selector":{"controlType":"sap.m.SearchField","properties":{"placeholder":"Search"},"searchOpenDialogs":true,"interaction":{"idSuffix":"I"}},"wdio_ui5_key":"sapm.SearchField{\"placeholder\":\"Search\"}"}]}
RESULT: {"script":"<script> [1562 bytes]","args":[{"selector":{"controlType":"sap.m.SearchField","properties":{"placeholder":"Search"},"searchOpenDialogs":true,"interaction":{"idSuffix":"I"}},"wdio_ui5_key":"sapm.SearchField{\"placeholder\":\"Search\"}"}]}
RESULT: undefined
COMMAND: POST /session/17938e7f8541bcff555766d2bec8a2c8/execute/async - {"script":"<script> [776 bytes]","args":[{"enterText":"10001013","selector":{"controlType":"sap.m.SearchField","properties":{"placeholder":"Search"},"searchOpenDialogs":true,"interaction":{"idSuffix":"I"}},"clearTextFirst":true,"interactionType":"ENTER_TEXT"}]}
RESULT: {"script":"<script> [776 bytes]","args":[{"enterText":"10001013","selector":{"controlType":"sap.m.SearchField","properties":{"placeholder":"Search"},"searchOpenDialogs":true,"interaction":{"idSuffix":"I"}},"clearTextFirst":true,"interactionType":"ENTER_TEXT"}]}
COMMAND: POST /session/17938e7f8541bcff555766d2bec8a2c8/actions - {"actions":[{"id":"action2","type":"key","parameters":{},"actions":[{"type":"keyDown","value":"î€‡"},{"type":"pause","duration":10},{"type":"keyUp","value":"î€‡"}]}]}
RESULT: {"actions":[{"id":"action2","type":"key","parameters":{},"actions":[{"type":"keyDown","value":"î€‡"},{"type":"pause","duration":10},{"type":"keyUp","value":"î€‡"}]}]}
COMMAND: GET /session/17938e7f8541bcff555766d2bec8a2c8/screenshot - {}
RESULT: {}
COMMAND: POST /session/17938e7f8541bcff555766d2bec8a2c8/element - {"using":"xpath","value":"//span[contains(text(), \"General Management\")]"}
RESULT: {"using":"xpath","value":"//span[contains(text(), \"General Management\")]"}
COMMAND: POST /session/17938e7f8541bcff555766d2bec8a2c8/element/f.0F1FAEEE2861019DFD6915B8D9C967AD.d.53DDD4C204E9DE31D30AEEF687EC9932.e.629/click - {}
RESULT: {}
COMMAND: GET /session/17938e7f8541bcff555766d2bec8a2c8/screenshot - {}
RESULT: {}
COMMAND: POST /session/17938e7f8541bcff555766d2bec8a2c8/element - {"using":"xpath","value":"//bdi[contains(text(), \"OK\")]"}
RESULT: {"using":"xpath","value":"//bdi[contains(text(), \"OK\")]"}
COMMAND: POST /session/17938e7f8541bcff555766d2bec8a2c8/element/f.0F1FAEEE2861019DFD6915B8D9C967AD.d.53DDD4C204E9DE31D30AEEF687EC9932.e.630/click - {}
RESULT: {}
COMMAND: GET /session/17938e7f8541bcff555766d2bec8a2c8/screenshot - {}
RESULT: {}
COMMAND: POST /session/17938e7f8541bcff555766d2bec8a2c8/execute/async - {"script":"<script> [1562 bytes]","args":[{"selector":{"controlType":"sap.m.Button","viewName":"etm.portal.ui.manageyards.view.New","viewId":"application-manageyards-display-component---NewYard","i18NText":{"propertyName":"text","key":"save"},"interaction":{"idSuffix":"inner"}},"wdio_ui5_key":"etmportal.ui.manageyards.view.Newsap.m.Button{\"propertyName\":\"text\",\"key\":\"save\"}"}]}
RESULT: {"script":"<script> [1562 bytes]","args":[{"selector":{"controlType":"sap.m.Button","viewName":"etm.portal.ui.manageyards.view.New","viewId":"application-manageyards-display-component---NewYard","i18NText":{"propertyName":"text","key":"save"},"interaction":{"idSuffix":"inner"}},"wdio_ui5_key":"etmportal.ui.manageyards.view.Newsap.m.Button{\"propertyName\":\"text\",\"key\":\"save\"}"}]}
RESULT: undefined
COMMAND: POST /session/17938e7f8541bcff555766d2bec8a2c8/element - {"using":"xpath","value":"//*[@id=\"__button18\"]"}
RESULT: {"using":"xpath","value":"//*[@id=\"__button18\"]"}
COMMAND: POST /session/17938e7f8541bcff555766d2bec8a2c8/element/f.0F1FAEEE2861019DFD6915B8D9C967AD.d.53DDD4C204E9DE31D30AEEF687EC9932.e.542/click - {}
RESULT: {}
COMMAND: GET /session/17938e7f8541bcff555766d2bec8a2c8/screenshot - {}
RESULT: {}
COMMAND: POST /session/17938e7f8541bcff555766d2bec8a2c8/element - {"using":"xpath","value":"//header/div/div[2]/div[2]/span"}
RESULT: {"using":"xpath","value":"//header/div/div[2]/div[2]/span"}
COMMAND: GET /session/17938e7f8541bcff555766d2bec8a2c8/element/f.0F1FAEEE2861019DFD6915B8D9C967AD.d.53DDD4C204E9DE31D30AEEF687EC9932.e.828/text - {}
RESULT: {}
COMMAND: POST /session/17938e7f8541bcff555766d2bec8a2c8/execute/async - {"script":"<script> [1562 bytes]","args":[{"selector":{"controlType":"sap.m.OverflowToolbarButton","viewName":"etm.portal.ui.manageyards.view.Detail","viewId":"application-manageyards-display-component---detailYard","i18NText":{"propertyName":"tooltip","key":"closeColumn"},"interaction":{"idSuffix":"inner"}},"wdio_ui5_key":"etmportal.ui.manageyards.view.Detailsap.m.OverflowToolbarButton{\"propertyName\":\"tooltip\",\"key\":\"closeColumn\"}"}]}
RESULT: {"script":"<script> [1562 bytes]","args":[{"selector":{"controlType":"sap.m.OverflowToolbarButton","viewName":"etm.portal.ui.manageyards.view.Detail","viewId":"application-manageyards-display-component---detailYard","i18NText":{"propertyName":"tooltip","key":"closeColumn"},"interaction":{"idSuffix":"inner"}},"wdio_ui5_key":"etmportal.ui.manageyards.view.Detailsap.m.OverflowToolbarButton{\"propertyName\":\"tooltip\",\"key\":\"closeColumn\"}"}]}
RESULT: undefined
COMMAND: POST /session/17938e7f8541bcff555766d2bec8a2c8/element - {"using":"xpath","value":"//*[@id=\"__button42\"]"}
RESULT: {"using":"xpath","value":"//*[@id=\"__button42\"]"}
COMMAND: POST /session/17938e7f8541bcff555766d2bec8a2c8/element/f.0F1FAEEE2861019DFD6915B8D9C967AD.d.53DDD4C204E9DE31D30AEEF687EC9932.e.830/click - {}
RESULT: {}
COMMAND: GET /session/17938e7f8541bcff555766d2bec8a2c8/screenshot - {}
RESULT: {}
COMMAND: POST /session/17938e7f8541bcff555766d2bec8a2c8/element - {"using":"css selector","value":"#shell-header-logo"}
RESULT: {"using":"css selector","value":"#shell-header-logo"}
COMMAND: POST /session/17938e7f8541bcff555766d2bec8a2c8/element/f.0F1FAEEE2861019DFD6915B8D9C967AD.d.53DDD4C204E9DE31D30AEEF687EC9932.e.120/click - {}
RESULT: {}
COMMAND: GET /session/17938e7f8541bcff555766d2bec8a2c8/screenshot - {}
RESULT: {}
COMMAND: POST /session/17938e7f8541bcff555766d2bec8a2c8/refresh - {}
RESULT: {}
COMMAND: GET /session/17938e7f8541bcff555766d2bec8a2c8/screenshot - {}
RESULT: {}
COMMAND: POST /session/17938e7f8541bcff555766d2bec8a2c8/execute/async - {"script":"<script> [189 bytes]","args":[]}
RESULT: {"script":"<script> [189 bytes]","args":[]}
COMMAND: POST /session/17938e7f8541bcff555766d2bec8a2c8/execute/async - {"script":"<script> [123 bytes]","args":[]}
RESULT: {"script":"<script> [123 bytes]","args":[]}
COMMAND: POST /session/17938e7f8541bcff555766d2bec8a2c8/timeouts - {"script":"<number>"}
RESULT: {"script":"<number>"}
COMMAND: GET /session/17938e7f8541bcff555766d2bec8a2c8/timeouts - {}
RESULT: {}
RESULT: undefined
COMMAND: POST /session/17938e7f8541bcff555766d2bec8a2c8/execute/async - {"script":"<script> [2676 bytes]","args":[]}
RESULT: {"script":"<script> [2676 bytes]","args":[]}
COMMAND: POST /session/17938e7f8541bcff555766d2bec8a2c8/execute/async - {"script":"<script> [2342 bytes]","args":[{"protocol":"http","hostname":"0.0.0.0","path":"/","capabilities":{"browserName":"chrome","goog:chromeOptions":{"binary":"C:\\Program Files\\Google\\Chrome\\Application\\chrome.exe","args":["--start-maximized"]}},"logLevel":"warn","connectionRetryTimeout":120000,"connectionRetryCount":3,"logLevels":{},"enableDirectConnect":true,"strictSSL":true,"_":"65 more keys: [\"cacheDir\",\"port\",\"requestedCapabilities\",\"automationProtocol\",\"baseUrl\",\"waitforInterval\",\"waitforTimeout\",\"onReload\",\"beforeCommand\",\"afterCommand\",\"rootDir\",\"specs\",\"suites\",\"exclude\",\"groupLogsByTestSpec\",\"excludeDriverLogs\",\"bail\",\"framework\",\"reporters\",\"services\",\"maxInstances\",\"maxInstancesPerCapability\",\"injectGlobals\",\"filesToWatch\",\"execArgv\",\"runnerEnv\",\"runner\",\"shard\",\"specFileRetries\",\"specFileRetriesDelay\",\"specFileRetriesDeferred\",\"reporterSyncInterval\",\"reporterSyncTimeout\",\"cucumberFeaturesWithLineNumbers\",\"autoCompileOpts\",\"mochaOpts\",\"jasmineOpts\",\"cucumberOpts\",\"onPrepare\",\"onWorkerStart\",\"onWorkerEnd\",\"before\",\"beforeSession\",\"beforeSuite\",\"beforeHook\",\"beforeTest\",\"afterTest\",\"afterHook\",\"afterSuite\",\"afterSession\",\"after\",\"onComplete\",\"beforeAssertion\",\"afterAssertion\",\"beforeFeature\",\"beforeScenario\",\"beforeStep\",\"afterStep\",\"afterScenario\",\"afterFeature\",\"_\",\"suite\",\"$0\",\"ignoredWorkerServices\",\"wdi5\"]"}]}
RESULT: {"script":"<script> [2342 bytes]","args":[{"protocol":"http","hostname":"0.0.0.0","path":"/","capabilities":{"browserName":"chrome","goog:chromeOptions":{"binary":"C:\\Program Files\\Google\\Chrome\\Application\\chrome.exe","args":["--start-maximized"]}},"logLevel":"warn","connectionRetryTimeout":120000,"connectionRetryCount":3,"logLevels":{},"enableDirectConnect":true,"strictSSL":true,"_":"65 more keys: [\"cacheDir\",\"port\",\"requestedCapabilities\",\"automationProtocol\",\"baseUrl\",\"waitforInterval\",\"waitforTimeout\",\"onReload\",\"beforeCommand\",\"afterCommand\",\"rootDir\",\"specs\",\"suites\",\"exclude\",\"groupLogsByTestSpec\",\"excludeDriverLogs\",\"bail\",\"framework\",\"reporters\",\"services\",\"maxInstances\",\"maxInstancesPerCapability\",\"injectGlobals\",\"filesToWatch\",\"execArgv\",\"runnerEnv\",\"runner\",\"shard\",\"specFileRetries\",\"specFileRetriesDelay\",\"specFileRetriesDeferred\",\"reporterSyncInterval\",\"reporterSyncTimeout\",\"cucumberFeaturesWithLineNumbers\",\"autoCompileOpts\",\"mochaOpts\",\"jasmineOpts\",\"cucumberOpts\",\"onPrepare\",\"onWorkerStart\",\"onWorkerEnd\",\"before\",\"beforeSession\",\"beforeSuite\",\"beforeHook\",\"beforeTest\",\"afterTest\",\"afterHook\",\"afterSuite\",\"afterSession\",\"after\",\"onComplete\",\"beforeAssertion\",\"afterAssertion\",\"beforeFeature\",\"beforeScenario\",\"beforeStep\",\"afterStep\",\"afterScenario\",\"afterFeature\",\"_\",\"suite\",\"$0\",\"ignoredWorkerServices\",\"wdi5\"]"}]}
COMMAND: POST /session/17938e7f8541bcff555766d2bec8a2c8/execute/async - {"script":"<script> [21126 bytes]","args":[35000]}
RESULT: {"script":"<script> [21126 bytes]","args":[35000]}
COMMAND: POST /session/17938e7f8541bcff555766d2bec8a2c8/execute/async - {"script":"<script> [1562 bytes]","args":[{"selector":{"controlType":"sap.m.GenericTile","properties":{"header":"Manage Partners"}},"wdio_ui5_key":"sapm.GenericTile{\"header\":\"Manage Partners\"}"}]}
RESULT: {"script":"<script> [1562 bytes]","args":[{"selector":{"controlType":"sap.m.GenericTile","properties":{"header":"Manage Partners"}},"wdio_ui5_key":"sapm.GenericTile{\"header\":\"Manage Partners\"}"}]}
RESULT: undefined
COMMAND: POST /session/17938e7f8541bcff555766d2bec8a2c8/element - {"using":"xpath","value":"//*[@id=\"__tile38\"]"}
RESULT: {"using":"xpath","value":"//*[@id=\"__tile38\"]"}
COMMAND: POST /session/17938e7f8541bcff555766d2bec8a2c8/element/f.0F1FAEEE2861019DFD6915B8D9C967AD.d.C2DEFEC3C2D597A4C145C129D10EE3BD.e.1185/click - {}
RESULT: {}
COMMAND: GET /session/17938e7f8541bcff555766d2bec8a2c8/screenshot - {}
RESULT: {}
COMMAND: POST /session/17938e7f8541bcff555766d2bec8a2c8/elements - {"using":"xpath","value":"//span[text()='Error']"}
RESULT: {"using":"xpath","value":"//span[text()='Error']"}
COMMAND: POST /session/17938e7f8541bcff555766d2bec8a2c8/execute/async - {"script":"<script> [1562 bytes]","args":[{"selector":{"controlType":"sap.ui.core.Icon","viewName":"etm.portal.ui.managepartners.view.Master","viewId":"application-managepartners-display-component---masterPtm","properties":{"src":{"regex":{"source":"add"}}}},"wdio_ui5_key":"etmportal.ui.managepartners.view.Mastersap.ui.core.Icon{\"src\":{\"regex\":{\"source\":\"add\"}}}"}]}
RESULT: {"script":"<script> [1562 bytes]","args":[{"selector":{"controlType":"sap.ui.core.Icon","viewName":"etm.portal.ui.managepartners.view.Master","viewId":"application-managepartners-display-component---masterPtm","properties":{"src":{"regex":{"source":"add"}}}},"wdio_ui5_key":"etmportal.ui.managepartners.view.Mastersap.ui.core.Icon{\"src\":{\"regex\":{\"source\":\"add\"}}}"}]}
RESULT: undefined
COMMAND: POST /session/17938e7f8541bcff555766d2bec8a2c8/element - {"using":"xpath","value":"//*[@id=\"__button4-img\"]"}
RESULT: {"using":"xpath","value":"//*[@id=\"__button4-img\"]"}
COMMAND: POST /session/17938e7f8541bcff555766d2bec8a2c8/element/f.0F1FAEEE2861019DFD6915B8D9C967AD.d.C2DEFEC3C2D597A4C145C129D10EE3BD.e.1236/click - {}
RESULT: {}
COMMAND: GET /session/17938e7f8541bcff555766d2bec8a2c8/screenshot - {}
RESULT: {}
COMMAND: POST /session/17938e7f8541bcff555766d2bec8a2c8/execute/async - {"script":"<script> [1562 bytes]","args":[{"selector":{"id":"application-managepartners-display-component---NewPartner--partnerId","interaction":{"idSuffix":"inner"}},"wdio_ui5_key":"applicationmanagepartners-display-component---NewPartner--partnerId"}]}
RESULT: {"script":"<script> [1562 bytes]","args":[{"selector":{"id":"application-managepartners-display-component---NewPartner--partnerId","interaction":{"idSuffix":"inner"}},"wdio_ui5_key":"applicationmanagepartners-display-component---NewPartner--partnerId"}]}
RESULT: undefined
COMMAND: POST /session/17938e7f8541bcff555766d2bec8a2c8/execute/async - {"script":"<script> [1562 bytes]","args":[{"selector":{"id":"application-managepartners-display-component---NewPartner--addressDetailDetailsName1","interaction":{"idSuffix":"inner"}},"wdio_ui5_key":"applicationmanagepartners-display-component---NewPartner--addressDetailDetailsName1"}]}
RESULT: {"script":"<script> [1562 bytes]","args":[{"selector":{"id":"application-managepartners-display-component---NewPartner--addressDetailDetailsName1","interaction":{"idSuffix":"inner"}},"wdio_ui5_key":"applicationmanagepartners-display-component---NewPartner--addressDetailDetailsName1"}]}
RESULT: undefined
COMMAND: POST /session/17938e7f8541bcff555766d2bec8a2c8/execute/async - {"script":"<script> [776 bytes]","args":[{"enterText":"WebdriverPartnerlbtm1i","selector":{"id":"application-managepartners-display-component---NewPartner--addressDetailDetailsName1","interaction":{"idSuffix":"inner"}},"clearTextFirst":true,"interactionType":"ENTER_TEXT"}]}
RESULT: {"script":"<script> [776 bytes]","args":[{"enterText":"WebdriverPartnerlbtm1i","selector":{"id":"application-managepartners-display-component---NewPartner--addressDetailDetailsName1","interaction":{"idSuffix":"inner"}},"clearTextFirst":true,"interactionType":"ENTER_TEXT"}]}
COMMAND: POST /session/17938e7f8541bcff555766d2bec8a2c8/execute/async - {"script":"<script> [1562 bytes]","args":[{"selector":{"id":"application-managepartners-display-component---NewPartner--addressDetailDetailsLanguage","interaction":{"idSuffix":"inner"}},"wdio_ui5_key":"applicationmanagepartners-display-component---NewPartner--addressDetailDetailsLanguage"}]}
RESULT: {"script":"<script> [1562 bytes]","args":[{"selector":{"id":"application-managepartners-display-component---NewPartner--addressDetailDetailsLanguage","interaction":{"idSuffix":"inner"}},"wdio_ui5_key":"applicationmanagepartners-display-component---NewPartner--addressDetailDetailsLanguage"}]}
RESULT: undefined
COMMAND: POST /session/17938e7f8541bcff555766d2bec8a2c8/execute/async - {"script":"<script> [776 bytes]","args":[{"enterText":"Romanian","selector":{"id":"application-managepartners-display-component---NewPartner--addressDetailDetailsLanguage","interaction":{"idSuffix":"inner"}},"clearTextFirst":true,"interactionType":"ENTER_TEXT"}]}
RESULT: {"script":"<script> [776 bytes]","args":[{"enterText":"Romanian","selector":{"id":"application-managepartners-display-component---NewPartner--addressDetailDetailsLanguage","interaction":{"idSuffix":"inner"}},"clearTextFirst":true,"interactionType":"ENTER_TEXT"}]}
COMMAND: POST /session/17938e7f8541bcff555766d2bec8a2c8/element - {"using":"xpath","value":"//input[contains(@id ,\"application-managepartners-display-component---NewPartner--addressDetailDetailsName1-inner\")]"}
RESULT: {"using":"xpath","value":"//input[contains(@id ,\"application-managepartners-display-component---NewPartner--addressDetailDetailsName1-inner\")]"}
COMMAND: GET /session/17938e7f8541bcff555766d2bec8a2c8/element/f.0F1FAEEE2861019DFD6915B8D9C967AD.d.C2DEFEC3C2D597A4C145C129D10EE3BD.e.1442/property/value - {}
RESULT: {}
COMMAND: POST /session/17938e7f8541bcff555766d2bec8a2c8/execute/async - {"script":"<script> [1562 bytes]","args":[{"selector":{"id":"application-managepartners-display-component---NewPartner--addressDetailDetailsCity1","interaction":{"idSuffix":"inner"}},"wdio_ui5_key":"applicationmanagepartners-display-component---NewPartner--addressDetailDetailsCity1"}]}
COMMAND: GET /session/17938e7f8541bcff555766d2bec8a2c8/screenshot - {}
RESULT: {"script":"<script> [1562 bytes]","args":[{"selector":{"id":"application-managepartners-display-component---NewPartner--addressDetailDetailsCity1","interaction":{"idSuffix":"inner"}},"wdio_ui5_key":"applicationmanagepartners-display-component---NewPartner--addressDetailDetailsCity1"}]}
RESULT: undefined
COMMAND: POST /session/17938e7f8541bcff555766d2bec8a2c8/execute/async - {"script":"<script> [776 bytes]","args":[{"enterText":"Bucharest","selector":{"id":"application-managepartners-display-component---NewPartner--addressDetailDetailsCity1","interaction":{"idSuffix":"inner"}},"clearTextFirst":true,"interactionType":"ENTER_TEXT"}]}
RESULT: {}
RESULT: {"script":"<script> [776 bytes]","args":[{"enterText":"Bucharest","selector":{"id":"application-managepartners-display-component---NewPartner--addressDetailDetailsCity1","interaction":{"idSuffix":"inner"}},"clearTextFirst":true,"interactionType":"ENTER_TEXT"}]}
COMMAND: POST /session/17938e7f8541bcff555766d2bec8a2c8/execute/async - {"script":"<script> [1562 bytes]","args":[{"selector":{"id":"application-managepartners-display-component---NewPartner--addressDetailDetailsCountry","interaction":{"idSuffix":"inner"}},"wdio_ui5_key":"applicationmanagepartners-display-component---NewPartner--addressDetailDetailsCountry"}]}
RESULT: {"script":"<script> [1562 bytes]","args":[{"selector":{"id":"application-managepartners-display-component---NewPartner--addressDetailDetailsCountry","interaction":{"idSuffix":"inner"}},"wdio_ui5_key":"applicationmanagepartners-display-component---NewPartner--addressDetailDetailsCountry"}]}
RESULT: undefined
COMMAND: POST /session/17938e7f8541bcff555766d2bec8a2c8/execute/async - {"script":"<script> [6424 bytes]","args":[{"element-6066-11e4-a52e-4f735466cecf":"f.0F1FAEEE2861019DFD6915B8D9C967AD.d.C2DEFEC3C2D597A4C145C129D10EE3BD.e.1449"},"setValue",["Romania"]]}
RESULT: {"script":"<script> [6424 bytes]","args":[{"element-6066-11e4-a52e-4f735466cecf":"f.0F1FAEEE2861019DFD6915B8D9C967AD.d.C2DEFEC3C2D597A4C145C129D10EE3BD.e.1449"},"setValue",["Romania"]]}
COMMAND: POST /session/17938e7f8541bcff555766d2bec8a2c8/execute/async - {"script":"<script> [1562 bytes]","args":[{"selector":{"id":"application-managepartners-display-component---NewPartner--partnerDetailInternal","interaction":{"idSuffix":"inner"}},"wdio_ui5_key":"applicationmanagepartners-display-component---NewPartner--partnerDetailInternal"}]}
RESULT: {"script":"<script> [1562 bytes]","args":[{"selector":{"id":"application-managepartners-display-component---NewPartner--partnerDetailInternal","interaction":{"idSuffix":"inner"}},"wdio_ui5_key":"applicationmanagepartners-display-component---NewPartner--partnerDetailInternal"}]}
RESULT: undefined
COMMAND: POST /session/17938e7f8541bcff555766d2bec8a2c8/execute/async - {"script":"<script> [776 bytes]","args":[{"enterText":"External partner","selector":{"id":"application-managepartners-display-component---NewPartner--partnerDetailInternal","interaction":{"idSuffix":"inner"}},"clearTextFirst":true,"interactionType":"ENTER_TEXT"}]}
RESULT: {"script":"<script> [776 bytes]","args":[{"enterText":"External partner","selector":{"id":"application-managepartners-display-component---NewPartner--partnerDetailInternal","interaction":{"idSuffix":"inner"}},"clearTextFirst":true,"interactionType":"ENTER_TEXT"}]}
COMMAND: POST /session/17938e7f8541bcff555766d2bec8a2c8/execute/async - {"script":"<script> [1562 bytes]","args":[{"selector":{"id":"application-managepartners-display-component---NewPartner--partnerDetailsCurrency","interaction":{"idSuffix":"inner"}},"wdio_ui5_key":"applicationmanagepartners-display-component---NewPartner--partnerDetailsCurrency"}]}
RESULT: {"script":"<script> [1562 bytes]","args":[{"selector":{"id":"application-managepartners-display-component---NewPartner--partnerDetailsCurrency","interaction":{"idSuffix":"inner"}},"wdio_ui5_key":"applicationmanagepartners-display-component---NewPartner--partnerDetailsCurrency"}]}
RESULT: undefined
COMMAND: POST /session/17938e7f8541bcff555766d2bec8a2c8/execute/async - {"script":"<script> [776 bytes]","args":[{"enterText":"Euro","selector":{"id":"application-managepartners-display-component---NewPartner--partnerDetailsCurrency","interaction":{"idSuffix":"inner"}},"clearTextFirst":true,"interactionType":"ENTER_TEXT"}]}
RESULT: {"script":"<script> [776 bytes]","args":[{"enterText":"Euro","selector":{"id":"application-managepartners-display-component---NewPartner--partnerDetailsCurrency","interaction":{"idSuffix":"inner"}},"clearTextFirst":true,"interactionType":"ENTER_TEXT"}]}
COMMAND: POST /session/17938e7f8541bcff555766d2bec8a2c8/execute/async - {"script":"<script> [1562 bytes]","args":[{"selector":{"controlType":"sap.m.Button","viewName":"etm.portal.ui.managepartners.view.NewPartner","viewId":"application-managepartners-display-component---NewPartner","properties":{"text":"Commercial"},"interaction":{"idSuffix":"BDI-content"}},"wdio_ui5_key":"etmportal.ui.managepartners.view.NewPartnersap.m.Button{\"text\":\"Commercial\"}"}]}
RESULT: {"script":"<script> [1562 bytes]","args":[{"selector":{"controlType":"sap.m.Button","viewName":"etm.portal.ui.managepartners.view.NewPartner","viewId":"application-managepartners-display-component---NewPartner","properties":{"text":"Commercial"},"interaction":{"idSuffix":"BDI-content"}},"wdio_ui5_key":"etmportal.ui.managepartners.view.NewPartnersap.m.Button{\"text\":\"Commercial\"}"}]}
RESULT: undefined
COMMAND: POST /session/17938e7f8541bcff555766d2bec8a2c8/element - {"using":"xpath","value":"//*[@id=\"application-managepartners-display-component---NewPartner--ObjectPageLayout-anchBar-__section5-anchor\"]"}
RESULT: {"using":"xpath","value":"//*[@id=\"application-managepartners-display-component---NewPartner--ObjectPageLayout-anchBar-__section5-anchor\"]"}
COMMAND: POST /session/17938e7f8541bcff555766d2bec8a2c8/element/f.0F1FAEEE2861019DFD6915B8D9C967AD.d.C2DEFEC3C2D597A4C145C129D10EE3BD.e.1630/click - {}
RESULT: {}
COMMAND: GET /session/17938e7f8541bcff555766d2bec8a2c8/screenshot - {}
RESULT: {}
COMMAND: POST /session/17938e7f8541bcff555766d2bec8a2c8/execute/async - {"script":"<script> [1562 bytes]","args":[{"selector":{"id":"application-managepartners-display-component---NewPartner--btnAddTableRow-img"},"wdio_ui5_key":"applicationmanagepartners-display-component---NewPartner--btnAddTableRow-img"}]}
RESULT: {"script":"<script> [1562 bytes]","args":[{"selector":{"id":"application-managepartners-display-component---NewPartner--btnAddTableRow-img"},"wdio_ui5_key":"applicationmanagepartners-display-component---NewPartner--btnAddTableRow-img"}]}
RESULT: undefined
COMMAND: POST /session/17938e7f8541bcff555766d2bec8a2c8/element - {"using":"xpath","value":"//*[@id=\"application-managepartners-display-component---NewPartner--btnAddTableRow-img\"]"}
RESULT: {"using":"xpath","value":"//*[@id=\"application-managepartners-display-component---NewPartner--btnAddTableRow-img\"]"}
COMMAND: POST /session/17938e7f8541bcff555766d2bec8a2c8/element/f.0F1FAEEE2861019DFD6915B8D9C967AD.d.C2DEFEC3C2D597A4C145C129D10EE3BD.e.1636/click - {}
RESULT: {}
COMMAND: POST /session/17938e7f8541bcff555766d2bec8a2c8/element - {"using":"xpath","value":"//input[contains(@id ,\"application-managepartners-display-component---NewPartner--assignmentYard-application-managepartners-display-component---NewPartner\")]"}
COMMAND: GET /session/17938e7f8541bcff555766d2bec8a2c8/screenshot - {}
RESULT: {"using":"xpath","value":"//input[contains(@id ,\"application-managepartners-display-component---NewPartner--assignmentYard-application-managepartners-display-component---NewPartner\")]"}
COMMAND: POST /session/17938e7f8541bcff555766d2bec8a2c8/element/f.0F1FAEEE2861019DFD6915B8D9C967AD.d.C2DEFEC3C2D597A4C145C129D10EE3BD.e.1639/clear - {}
RESULT: {}
RESULT: {}
COMMAND: POST /session/17938e7f8541bcff555766d2bec8a2c8/element/f.0F1FAEEE2861019DFD6915B8D9C967AD.d.C2DEFEC3C2D597A4C145C129D10EE3BD.e.1639/value - {"text":"WebdriverYardjxvo1"}
COMMAND: GET /session/17938e7f8541bcff555766d2bec8a2c8/screenshot - {}
RESULT: {"text":"WebdriverYardjxvo1"}
COMMAND: GET /session/17938e7f8541bcff555766d2bec8a2c8/screenshot - {}
RESULT: {}
RESULT: {}
COMMAND: POST /session/17938e7f8541bcff555766d2bec8a2c8/execute/async - {"script":"<script> [1562 bytes]","args":[{"selector":{"controlType":"sap.m.Button","viewName":"etm.portal.ui.managepartners.view.NewPartner","viewId":"application-managepartners-display-component---NewPartner","i18NText":{"propertyName":"text","key":"save"},"interaction":{"idSuffix":"BDI-content"}},"wdio_ui5_key":"etmportal.ui.managepartners.view.NewPartnersap.m.Button{\"propertyName\":\"text\",\"key\":\"save\"}"}]}
RESULT: {"script":"<script> [1562 bytes]","args":[{"selector":{"controlType":"sap.m.Button","viewName":"etm.portal.ui.managepartners.view.NewPartner","viewId":"application-managepartners-display-component---NewPartner","i18NText":{"propertyName":"text","key":"save"},"interaction":{"idSuffix":"BDI-content"}},"wdio_ui5_key":"etmportal.ui.managepartners.view.NewPartnersap.m.Button{\"propertyName\":\"text\",\"key\":\"save\"}"}]}
RESULT: undefined
COMMAND: POST /session/17938e7f8541bcff555766d2bec8a2c8/element - {"using":"xpath","value":"//*[@id=\"__button12\"]"}
RESULT: {"using":"xpath","value":"//*[@id=\"__button12\"]"}
COMMAND: POST /session/17938e7f8541bcff555766d2bec8a2c8/element/f.0F1FAEEE2861019DFD6915B8D9C967AD.d.C2DEFEC3C2D597A4C145C129D10EE3BD.e.1604/click - {}
RESULT: {}
COMMAND: GET /session/17938e7f8541bcff555766d2bec8a2c8/screenshot - {}
RESULT: {}
COMMAND: POST /session/17938e7f8541bcff555766d2bec8a2c8/element - {"using":"xpath","value":"//header/div/div[2]/div[2]/span"}
RESULT: {"using":"xpath","value":"//header/div/div[2]/div[2]/span"}
COMMAND: GET /session/17938e7f8541bcff555766d2bec8a2c8/element/f.0F1FAEEE2861019DFD6915B8D9C967AD.d.C2DEFEC3C2D597A4C145C129D10EE3BD.e.1808/text - {}
RESULT: {}
COMMAND: POST /session/17938e7f8541bcff555766d2bec8a2c8/element - {"using":"xpath","value":"//header/div/div/div/div/div/div[2]/div/span"}
RESULT: {"using":"xpath","value":"//header/div/div/div/div/div/div[2]/div/span"}
COMMAND: GET /session/17938e7f8541bcff555766d2bec8a2c8/element/f.0F1FAEEE2861019DFD6915B8D9C967AD.d.C2DEFEC3C2D597A4C145C129D10EE3BD.e.1809/text - {}
RESULT: {}
COMMAND: POST /session/17938e7f8541bcff555766d2bec8a2c8/execute/async - {"script":"<script> [1562 bytes]","args":[{"selector":{"id":"application-managepartners-display-component---detailPtm--partnerType"},"wdio_ui5_key":"applicationmanagepartners-display-component---detailPtm--partnerType"}]}
RESULT: {"script":"<script> [1562 bytes]","args":[{"selector":{"id":"application-managepartners-display-component---detailPtm--partnerType"},"wdio_ui5_key":"applicationmanagepartners-display-component---detailPtm--partnerType"}]}
RESULT: undefined
COMMAND: POST /session/17938e7f8541bcff555766d2bec8a2c8/execute/async - {"script":"<script> [6424 bytes]","args":[{"element-6066-11e4-a52e-4f735466cecf":"f.0F1FAEEE2861019DFD6915B8D9C967AD.d.C2DEFEC3C2D597A4C145C129D10EE3BD.e.1810"},"getText",[]]}
RESULT: {"script":"<script> [6424 bytes]","args":[{"element-6066-11e4-a52e-4f735466cecf":"f.0F1FAEEE2861019DFD6915B8D9C967AD.d.C2DEFEC3C2D597A4C145C129D10EE3BD.e.1810"},"getText",[]]}
COMMAND: POST /session/17938e7f8541bcff555766d2bec8a2c8/element - {"using":"css selector","value":"#shell-header-logo"}
RESULT: {"using":"css selector","value":"#shell-header-logo"}
COMMAND: POST /session/17938e7f8541bcff555766d2bec8a2c8/element/f.0F1FAEEE2861019DFD6915B8D9C967AD.d.C2DEFEC3C2D597A4C145C129D10EE3BD.e.1188/click - {}
RESULT: {}
COMMAND: GET /session/17938e7f8541bcff555766d2bec8a2c8/screenshot - {}
RESULT: {}
COMMAND: POST /session/17938e7f8541bcff555766d2bec8a2c8/execute/async - {"script":"<script> [1562 bytes]","args":[{"selector":{"controlType":"sap.m.GenericTile","properties":{"header":"Manage Sites"}},"wdio_ui5_key":"sapm.GenericTile{\"header\":\"Manage Sites\"}"}]}
RESULT: {"script":"<script> [1562 bytes]","args":[{"selector":{"controlType":"sap.m.GenericTile","properties":{"header":"Manage Sites"}},"wdio_ui5_key":"sapm.GenericTile{\"header\":\"Manage Sites\"}"}]}
RESULT: undefined
COMMAND: POST /session/17938e7f8541bcff555766d2bec8a2c8/element - {"using":"xpath","value":"//*[@id=\"__tile40\"]"}
RESULT: {"using":"xpath","value":"//*[@id=\"__tile40\"]"}
COMMAND: POST /session/17938e7f8541bcff555766d2bec8a2c8/element/f.0F1FAEEE2861019DFD6915B8D9C967AD.d.C2DEFEC3C2D597A4C145C129D10EE3BD.e.1812/click - {}
RESULT: {}
COMMAND: GET /session/17938e7f8541bcff555766d2bec8a2c8/screenshot - {}
RESULT: {}
COMMAND: POST /session/17938e7f8541bcff555766d2bec8a2c8/elements - {"using":"xpath","value":"//span[text()='Error']"}
RESULT: {"using":"xpath","value":"//span[text()='Error']"}
COMMAND: POST /session/17938e7f8541bcff555766d2bec8a2c8/execute/async - {"script":"<script> [1562 bytes]","args":[{"selector":{"controlType":"sap.ui.core.Icon","viewName":"etm.portal.ui.managesites.view.Master","viewId":"application-managesites-display-component---masterSite","properties":{"src":{"regex":{"source":"add"}}}},"wdio_ui5_key":"etmportal.ui.managesites.view.Mastersap.ui.core.Icon{\"src\":{\"regex\":{\"source\":\"add\"}}}"}]}
RESULT: {"script":"<script> [1562 bytes]","args":[{"selector":{"controlType":"sap.ui.core.Icon","viewName":"etm.portal.ui.managesites.view.Master","viewId":"application-managesites-display-component---masterSite","properties":{"src":{"regex":{"source":"add"}}}},"wdio_ui5_key":"etmportal.ui.managesites.view.Mastersap.ui.core.Icon{\"src\":{\"regex\":{\"source\":\"add\"}}}"}]}
RESULT: undefined
COMMAND: POST /session/17938e7f8541bcff555766d2bec8a2c8/element - {"using":"xpath","value":"//*[@id=\"__button52-img\"]"}
RESULT: {"using":"xpath","value":"//*[@id=\"__button52-img\"]"}
COMMAND: POST /session/17938e7f8541bcff555766d2bec8a2c8/element/f.0F1FAEEE2861019DFD6915B8D9C967AD.d.C2DEFEC3C2D597A4C145C129D10EE3BD.e.1859/click - {}
RESULT: {}
COMMAND: POST /session/17938e7f8541bcff555766d2bec8a2c8/execute/async - {"script":"<script> [1562 bytes]","args":[{"selector":{"id":"application-managesites-display-component---NewSite--siteId","interaction":{"idSuffix":"inner"}},"wdio_ui5_key":"applicationmanagesites-display-component---NewSite--siteId"}]}
COMMAND: GET /session/17938e7f8541bcff555766d2bec8a2c8/screenshot - {}
RESULT: {"script":"<script> [1562 bytes]","args":[{"selector":{"id":"application-managesites-display-component---NewSite--siteId","interaction":{"idSuffix":"inner"}},"wdio_ui5_key":"applicationmanagesites-display-component---NewSite--siteId"}]}
RESULT: undefined
COMMAND: POST /session/17938e7f8541bcff555766d2bec8a2c8/execute/async - {"script":"<script> [1562 bytes]","args":[{"selector":{"id":"application-managesites-display-component---NewSite--addressDetailDetailsName1","interaction":{"idSuffix":"inner"}},"wdio_ui5_key":"applicationmanagesites-display-component---NewSite--addressDetailDetailsName1"}]}
RESULT: {}
RESULT: {"script":"<script> [1562 bytes]","args":[{"selector":{"id":"application-managesites-display-component---NewSite--addressDetailDetailsName1","interaction":{"idSuffix":"inner"}},"wdio_ui5_key":"applicationmanagesites-display-component---NewSite--addressDetailDetailsName1"}]}
RESULT: undefined
COMMAND: POST /session/17938e7f8541bcff555766d2bec8a2c8/execute/async - {"script":"<script> [776 bytes]","args":[{"enterText":"WebdriverSitea19o7","selector":{"id":"application-managesites-display-component---NewSite--addressDetailDetailsName1","interaction":{"idSuffix":"inner"}},"clearTextFirst":true,"interactionType":"ENTER_TEXT"}]}
RESULT: {"script":"<script> [776 bytes]","args":[{"enterText":"WebdriverSitea19o7","selector":{"id":"application-managesites-display-component---NewSite--addressDetailDetailsName1","interaction":{"idSuffix":"inner"}},"clearTextFirst":true,"interactionType":"ENTER_TEXT"}]}
COMMAND: POST /session/17938e7f8541bcff555766d2bec8a2c8/execute/async - {"script":"<script> [1562 bytes]","args":[{"selector":{"id":"application-managesites-display-component---NewSite--addressDetailDetailsLanguage","interaction":{"idSuffix":"inner"}},"wdio_ui5_key":"applicationmanagesites-display-component---NewSite--addressDetailDetailsLanguage"}]}
RESULT: {"script":"<script> [1562 bytes]","args":[{"selector":{"id":"application-managesites-display-component---NewSite--addressDetailDetailsLanguage","interaction":{"idSuffix":"inner"}},"wdio_ui5_key":"applicationmanagesites-display-component---NewSite--addressDetailDetailsLanguage"}]}
RESULT: undefined
COMMAND: POST /session/17938e7f8541bcff555766d2bec8a2c8/execute/async - {"script":"<script> [776 bytes]","args":[{"enterText":"Romanian","selector":{"id":"application-managesites-display-component---NewSite--addressDetailDetailsLanguage","interaction":{"idSuffix":"inner"}},"clearTextFirst":true,"interactionType":"ENTER_TEXT"}]}
RESULT: {"script":"<script> [776 bytes]","args":[{"enterText":"Romanian","selector":{"id":"application-managesites-display-component---NewSite--addressDetailDetailsLanguage","interaction":{"idSuffix":"inner"}},"clearTextFirst":true,"interactionType":"ENTER_TEXT"}]}
COMMAND: POST /session/17938e7f8541bcff555766d2bec8a2c8/execute/async - {"script":"<script> [1562 bytes]","args":[{"selector":{"id":"application-managesites-display-component---NewSite--addressDetailDetailsCity1","interaction":{"idSuffix":"inner"}},"wdio_ui5_key":"applicationmanagesites-display-component---NewSite--addressDetailDetailsCity1"}]}
RESULT: {"script":"<script> [1562 bytes]","args":[{"selector":{"id":"application-managesites-display-component---NewSite--addressDetailDetailsCity1","interaction":{"idSuffix":"inner"}},"wdio_ui5_key":"applicationmanagesites-display-component---NewSite--addressDetailDetailsCity1"}]}
RESULT: undefined
COMMAND: POST /session/17938e7f8541bcff555766d2bec8a2c8/execute/async - {"script":"<script> [776 bytes]","args":[{"enterText":"Bucharest","selector":{"id":"application-managesites-display-component---NewSite--addressDetailDetailsCity1","interaction":{"idSuffix":"inner"}},"clearTextFirst":true,"interactionType":"ENTER_TEXT"}]}
RESULT: {"script":"<script> [776 bytes]","args":[{"enterText":"Bucharest","selector":{"id":"application-managesites-display-component---NewSite--addressDetailDetailsCity1","interaction":{"idSuffix":"inner"}},"clearTextFirst":true,"interactionType":"ENTER_TEXT"}]}
COMMAND: POST /session/17938e7f8541bcff555766d2bec8a2c8/execute/async - {"script":"<script> [1562 bytes]","args":[{"selector":{"id":"application-managesites-display-component---NewSite--addressDetailDetailsCountry","interaction":{"idSuffix":"inner"}},"wdio_ui5_key":"applicationmanagesites-display-component---NewSite--addressDetailDetailsCountry"}]}
RESULT: {"script":"<script> [1562 bytes]","args":[{"selector":{"id":"application-managesites-display-component---NewSite--addressDetailDetailsCountry","interaction":{"idSuffix":"inner"}},"wdio_ui5_key":"applicationmanagesites-display-component---NewSite--addressDetailDetailsCountry"}]}
RESULT: undefined
COMMAND: POST /session/17938e7f8541bcff555766d2bec8a2c8/execute/async - {"script":"<script> [776 bytes]","args":[{"enterText":"Romania","selector":{"id":"application-managesites-display-component---NewSite--addressDetailDetailsCountry","interaction":{"idSuffix":"inner"}},"clearTextFirst":true,"interactionType":"ENTER_TEXT"}]}
RESULT: {"script":"<script> [776 bytes]","args":[{"enterText":"Romania","selector":{"id":"application-managesites-display-component---NewSite--addressDetailDetailsCountry","interaction":{"idSuffix":"inner"}},"clearTextFirst":true,"interactionType":"ENTER_TEXT"}]}
COMMAND: POST /session/17938e7f8541bcff555766d2bec8a2c8/element - {"using":"css selector","value":"#application-managesites-display-component---NewSite--addressDetailDetailsCalendar-inner"}
RESULT: {"using":"css selector","value":"#application-managesites-display-component---NewSite--addressDetailDetailsCalendar-inner"}
COMMAND: POST /session/17938e7f8541bcff555766d2bec8a2c8/element/f.0F1FAEEE2861019DFD6915B8D9C967AD.d.C2DEFEC3C2D597A4C145C129D10EE3BD.e.2053/clear - {}
RESULT: {}
COMMAND: POST /session/17938e7f8541bcff555766d2bec8a2c8/element/f.0F1FAEEE2861019DFD6915B8D9C967AD.d.C2DEFEC3C2D597A4C145C129D10EE3BD.e.2053/value - {"text":"Germany"}
COMMAND: GET /session/17938e7f8541bcff555766d2bec8a2c8/screenshot - {}
RESULT: {"text":"Germany"}
COMMAND: POST /session/17938e7f8541bcff555766d2bec8a2c8/execute/async - {"script":"<script> [1562 bytes]","args":[{"selector":{"id":"application-managesites-display-component---NewSite--addressEditDetailsCostObjectCstType-arrow"},"wdio_ui5_key":"applicationmanagesites-display-component---NewSite--addressEditDetailsCostObjectCstType-arrow"}]}
COMMAND: GET /session/17938e7f8541bcff555766d2bec8a2c8/screenshot - {}
RESULT: {}
RESULT: {"script":"<script> [1562 bytes]","args":[{"selector":{"id":"application-managesites-display-component---NewSite--addressEditDetailsCostObjectCstType-arrow"},"wdio_ui5_key":"applicationmanagesites-display-component---NewSite--addressEditDetailsCostObjectCstType-arrow"}]}
RESULT: undefined
COMMAND: POST /session/17938e7f8541bcff555766d2bec8a2c8/element - {"using":"xpath","value":"//*[@id=\"application-managesites-display-component---NewSite--addressEditDetailsCostObjectCstType-arrow\"]"}
RESULT: {}
RESULT: {"using":"xpath","value":"//*[@id=\"application-managesites-display-component---NewSite--addressEditDetailsCostObjectCstType-arrow\"]"}
COMMAND: POST /session/17938e7f8541bcff555766d2bec8a2c8/element/f.0F1FAEEE2861019DFD6915B8D9C967AD.d.C2DEFEC3C2D597A4C145C129D10EE3BD.e.2253/click - {}
RESULT: {}
COMMAND: POST /session/17938e7f8541bcff555766d2bec8a2c8/element - {"using":"xpath","value":"//span[contains(text(), \"Work Breakdown Structure\")]"}
COMMAND: GET /session/17938e7f8541bcff555766d2bec8a2c8/screenshot - {}
RESULT: {"using":"xpath","value":"//span[contains(text(), \"Work Breakdown Structure\")]"}
COMMAND: POST /session/17938e7f8541bcff555766d2bec8a2c8/element/f.0F1FAEEE2861019DFD6915B8D9C967AD.d.C2DEFEC3C2D597A4C145C129D10EE3BD.e.2254/click - {}
RESULT: {}
RESULT: {}
COMMAND: GET /session/17938e7f8541bcff555766d2bec8a2c8/screenshot - {}
RESULT: {}
COMMAND: POST /session/17938e7f8541bcff555766d2bec8a2c8/execute/async - {"script":"<script> [1562 bytes]","args":[{"selector":{"id":"application-managesites-display-component---NewSite--addressNewCostObjectCstID-vhi"},"wdio_ui5_key":"applicationmanagesites-display-component---NewSite--addressNewCostObjectCstID-vhi"}]}
RESULT: {"script":"<script> [1562 bytes]","args":[{"selector":{"id":"application-managesites-display-component---NewSite--addressNewCostObjectCstID-vhi"},"wdio_ui5_key":"applicationmanagesites-display-component---NewSite--addressNewCostObjectCstID-vhi"}]}
RESULT: undefined
COMMAND: POST /session/17938e7f8541bcff555766d2bec8a2c8/element - {"using":"xpath","value":"//*[@id=\"application-managesites-display-component---NewSite--addressNewCostObjectCstID-vhi\"]"}
RESULT: {"using":"xpath","value":"//*[@id=\"application-managesites-display-component---NewSite--addressNewCostObjectCstID-vhi\"]"}
COMMAND: POST /session/17938e7f8541bcff555766d2bec8a2c8/element/f.0F1FAEEE2861019DFD6915B8D9C967AD.d.C2DEFEC3C2D597A4C145C129D10EE3BD.e.2259/click - {}
RESULT: {}
COMMAND: GET /session/17938e7f8541bcff555766d2bec8a2c8/screenshot - {}
RESULT: {}
COMMAND: POST /session/17938e7f8541bcff555766d2bec8a2c8/execute/async - {"script":"<script> [1562 bytes]","args":[{"selector":{"controlType":"sap.m.SearchField","properties":{"placeholder":"Search"},"searchOpenDialogs":true,"interaction":{"idSuffix":"I"}},"wdio_ui5_key":"sapm.SearchField{\"placeholder\":\"Search\"}"}]}
RESULT: {"script":"<script> [1562 bytes]","args":[{"selector":{"controlType":"sap.m.SearchField","properties":{"placeholder":"Search"},"searchOpenDialogs":true,"interaction":{"idSuffix":"I"}},"wdio_ui5_key":"sapm.SearchField{\"placeholder\":\"Search\"}"}]}
RESULT: undefined
COMMAND: POST /session/17938e7f8541bcff555766d2bec8a2c8/execute/async - {"script":"<script> [776 bytes]","args":[{"enterText":"A1-000100-01","selector":{"controlType":"sap.m.SearchField","properties":{"placeholder":"Search"},"searchOpenDialogs":true,"interaction":{"idSuffix":"I"}},"clearTextFirst":true,"interactionType":"ENTER_TEXT"}]}
RESULT: {"script":"<script> [776 bytes]","args":[{"enterText":"A1-000100-01","selector":{"controlType":"sap.m.SearchField","properties":{"placeholder":"Search"},"searchOpenDialogs":true,"interaction":{"idSuffix":"I"}},"clearTextFirst":true,"interactionType":"ENTER_TEXT"}]}
COMMAND: POST /session/17938e7f8541bcff555766d2bec8a2c8/actions - {"actions":[{"id":"action3","type":"key","parameters":{},"actions":[{"type":"keyDown","value":"î€‡"},{"type":"pause","duration":10},{"type":"keyUp","value":"î€‡"}]}]}
RESULT: {"actions":[{"id":"action3","type":"key","parameters":{},"actions":[{"type":"keyDown","value":"î€‡"},{"type":"pause","duration":10},{"type":"keyUp","value":"î€‡"}]}]}
COMMAND: GET /session/17938e7f8541bcff555766d2bec8a2c8/screenshot - {}
RESULT: {}
COMMAND: POST /session/17938e7f8541bcff555766d2bec8a2c8/element - {"using":"xpath","value":"//span[contains(text(), \"Template for ETO-Process\")]"}
RESULT: {"using":"xpath","value":"//span[contains(text(), \"Template for ETO-Process\")]"}
COMMAND: POST /session/17938e7f8541bcff555766d2bec8a2c8/element/f.0F1FAEEE2861019DFD6915B8D9C967AD.d.C2DEFEC3C2D597A4C145C129D10EE3BD.e.2279/click - {}
RESULT: {}
COMMAND: GET /session/17938e7f8541bcff555766d2bec8a2c8/screenshot - {}
RESULT: {}
COMMAND: POST /session/17938e7f8541bcff555766d2bec8a2c8/element - {"using":"xpath","value":"//bdi[contains(text(), \"OK\")]"}
RESULT: {"using":"xpath","value":"//bdi[contains(text(), \"OK\")]"}
COMMAND: POST /session/17938e7f8541bcff555766d2bec8a2c8/element/f.0F1FAEEE2861019DFD6915B8D9C967AD.d.C2DEFEC3C2D597A4C145C129D10EE3BD.e.2280/click - {}
RESULT: {}
COMMAND: GET /session/17938e7f8541bcff555766d2bec8a2c8/screenshot - {}
RESULT: {}
COMMAND: POST /session/17938e7f8541bcff555766d2bec8a2c8/element - {"using":"xpath","value":"//input[@id=\"application-managesites-display-component---NewSite--addressDetailDetailsYard-inner\"]"}
RESULT: {"using":"xpath","value":"//input[@id=\"application-managesites-display-component---NewSite--addressDetailDetailsYard-inner\"]"}
COMMAND: POST /session/17938e7f8541bcff555766d2bec8a2c8/element/f.0F1FAEEE2861019DFD6915B8D9C967AD.d.C2DEFEC3C2D597A4C145C129D10EE3BD.e.2054/value - {"text":"WebdriverYardjxvo1"}
RESULT: {"text":"WebdriverYardjxvo1"}
COMMAND: GET /session/17938e7f8541bcff555766d2bec8a2c8/screenshot - {}
RESULT: {}
COMMAND: POST /session/17938e7f8541bcff555766d2bec8a2c8/actions - {"actions":[{"id":"action4","type":"key","parameters":{},"actions":[{"type":"keyDown","value":"î€‡"},{"type":"pause","duration":10},{"type":"keyUp","value":"î€‡"}]}]}
RESULT: {"actions":[{"id":"action4","type":"key","parameters":{},"actions":[{"type":"keyDown","value":"î€‡"},{"type":"pause","duration":10},{"type":"keyUp","value":"î€‡"}]}]}
COMMAND: GET /session/17938e7f8541bcff555766d2bec8a2c8/screenshot - {}
RESULT: {}
COMMAND: POST /session/17938e7f8541bcff555766d2bec8a2c8/element - {"using":"xpath","value":"//input[@id=\"application-managesites-display-component---NewSite--addressDetailDetailsPartner-inner\"]"}
RESULT: {"using":"xpath","value":"//input[@id=\"application-managesites-display-component---NewSite--addressDetailDetailsPartner-inner\"]"}
COMMAND: POST /session/17938e7f8541bcff555766d2bec8a2c8/elements - {"using":"xpath","value":"//input[@id=\"application-managesites-display-component---NewSite--addressDetailDetailsPartner-inner\"]"}
RESULT: {"using":"xpath","value":"//input[@id=\"application-managesites-display-component---NewSite--addressDetailDetailsPartner-inner\"]"}
COMMAND: POST /session/17938e7f8541bcff555766d2bec8a2c8/execute/async - {"script":"<script> [1562 bytes]","args":[{"selector":{"controlType":"sap.m.Button","viewName":"etm.portal.ui.managesites.view.NewSmartSite","viewId":"application-managesites-display-component---NewSite","properties":{"text":"Commercial"},"interaction":{"idSuffix":"BDI-content"}},"wdio_ui5_key":"etmportal.ui.managesites.view.NewSmartSitesap.m.Button{\"text\":\"Commercial\"}"}]}
RESULT: {"script":"<script> [1562 bytes]","args":[{"selector":{"controlType":"sap.m.Button","viewName":"etm.portal.ui.managesites.view.NewSmartSite","viewId":"application-managesites-display-component---NewSite","properties":{"text":"Commercial"},"interaction":{"idSuffix":"BDI-content"}},"wdio_ui5_key":"etmportal.ui.managesites.view.NewSmartSitesap.m.Button{\"text\":\"Commercial\"}"}]}
RESULT: undefined
COMMAND: POST /session/17938e7f8541bcff555766d2bec8a2c8/element - {"using":"xpath","value":"//*[@id=\"application-managesites-display-component---NewSite--ObjectPageLayout-anchBar-__section31-anchor\"]"}
RESULT: {"using":"xpath","value":"//*[@id=\"application-managesites-display-component---NewSite--ObjectPageLayout-anchBar-__section31-anchor\"]"}
COMMAND: POST /session/17938e7f8541bcff555766d2bec8a2c8/element/f.0F1FAEEE2861019DFD6915B8D9C967AD.d.C2DEFEC3C2D597A4C145C129D10EE3BD.e.2287/click - {}
RESULT: {}
COMMAND: POST /session/17938e7f8541bcff555766d2bec8a2c8/execute/async - {"script":"<script> [1562 bytes]","args":[{"selector":{"controlType":"sap.m.Button","viewName":"etm.portal.ui.managesites.view.NewSmartSite","viewId":"application-managesites-display-component---NewSite","i18NText":{"propertyName":"text","key":"save"},"interaction":{"idSuffix":"BDI-content"}},"wdio_ui5_key":"etmportal.ui.managesites.view.NewSmartSitesap.m.Button{\"propertyName\":\"text\",\"key\":\"save\"}"}]}
COMMAND: GET /session/17938e7f8541bcff555766d2bec8a2c8/screenshot - {}
RESULT: {"script":"<script> [1562 bytes]","args":[{"selector":{"controlType":"sap.m.Button","viewName":"etm.portal.ui.managesites.view.NewSmartSite","viewId":"application-managesites-display-component---NewSite","i18NText":{"propertyName":"text","key":"save"},"interaction":{"idSuffix":"BDI-content"}},"wdio_ui5_key":"etmportal.ui.managesites.view.NewSmartSitesap.m.Button{\"propertyName\":\"text\",\"key\":\"save\"}"}]}
RESULT: undefined
COMMAND: POST /session/17938e7f8541bcff555766d2bec8a2c8/element - {"using":"xpath","value":"//*[@id=\"__button64\"]"}
RESULT: {}
RESULT: {"using":"xpath","value":"//*[@id=\"__button64\"]"}
COMMAND: POST /session/17938e7f8541bcff555766d2bec8a2c8/element/f.0F1FAEEE2861019DFD6915B8D9C967AD.d.C2DEFEC3C2D597A4C145C129D10EE3BD.e.2232/click - {}
RESULT: {}
COMMAND: GET /session/17938e7f8541bcff555766d2bec8a2c8/screenshot - {}
RESULT: {}
COMMAND: POST /session/17938e7f8541bcff555766d2bec8a2c8/execute/async - {"script":"<script> [1562 bytes]","args":[{"selector":{"id":"application-managesites-display-component---detailSite--addressDetailDetailsYardText"},"wdio_ui5_key":"applicationmanagesites-display-component---detailSite--addressDetailDetailsYardText"}]}
RESULT: {"script":"<script> [1562 bytes]","args":[{"selector":{"id":"application-managesites-display-component---detailSite--addressDetailDetailsYardText"},"wdio_ui5_key":"applicationmanagesites-display-component---detailSite--addressDetailDetailsYardText"}]}
RESULT: undefined
COMMAND: POST /session/17938e7f8541bcff555766d2bec8a2c8/element - {"using":"xpath","value":"//header/div/div[2]/div[2]/span"}
RESULT: {"using":"xpath","value":"//header/div/div[2]/div[2]/span"}
COMMAND: GET /session/17938e7f8541bcff555766d2bec8a2c8/element/f.0F1FAEEE2861019DFD6915B8D9C967AD.d.C2DEFEC3C2D597A4C145C129D10EE3BD.e.2489/text - {}
RESULT: {}
COMMAND: POST /session/17938e7f8541bcff555766d2bec8a2c8/element - {"using":"xpath","value":"//header/div/div/div/div/div/div[2]/div/span"}
RESULT: {"using":"xpath","value":"//header/div/div/div/div/div/div[2]/div/span"}
COMMAND: GET /session/17938e7f8541bcff555766d2bec8a2c8/element/f.0F1FAEEE2861019DFD6915B8D9C967AD.d.C2DEFEC3C2D597A4C145C129D10EE3BD.e.2490/text - {}
RESULT: {}
COMMAND: POST /session/17938e7f8541bcff555766d2bec8a2c8/element - {"using":"css selector","value":"#shell-header-logo"}
RESULT: {"using":"css selector","value":"#shell-header-logo"}
COMMAND: POST /session/17938e7f8541bcff555766d2bec8a2c8/element/f.0F1FAEEE2861019DFD6915B8D9C967AD.d.C2DEFEC3C2D597A4C145C129D10EE3BD.e.1815/click - {}
RESULT: {}
COMMAND: GET /session/17938e7f8541bcff555766d2bec8a2c8/screenshot - {}
RESULT: {}
]]></system-out>
    </testcase>
    <testcase classname="chrome.137_0_7151_56.windows.Standard_contract_-_add_contract_items_by_Insert_Request_US118222" name="Should create 2 new resources and a catalog item" time="417.549">
      <system-out><![CDATA[
COMMAND: POST /session/17938e7f8541bcff555766d2bec8a2c8/execute/async - {"script":"<script> [1562 bytes]","args":[{"selector":{"controlType":"sap.m.GenericTile","properties":{"header":"Manage Resources"}},"wdio_ui5_key":"sapm.GenericTile{\"header\":\"Manage Resources\"}"}]}
RESULT: {"script":"<script> [1562 bytes]","args":[{"selector":{"controlType":"sap.m.GenericTile","properties":{"header":"Manage Resources"}},"wdio_ui5_key":"sapm.GenericTile{\"header\":\"Manage Resources\"}"}]}
RESULT: undefined
COMMAND: POST /session/17938e7f8541bcff555766d2bec8a2c8/element - {"using":"xpath","value":"//*[@id=\"__tile39\"]"}
RESULT: {"using":"xpath","value":"//*[@id=\"__tile39\"]"}
COMMAND: POST /session/17938e7f8541bcff555766d2bec8a2c8/element/f.0F1FAEEE2861019DFD6915B8D9C967AD.d.C2DEFEC3C2D597A4C145C129D10EE3BD.e.2492/click - {}
RESULT: {}
COMMAND: GET /session/17938e7f8541bcff555766d2bec8a2c8/screenshot - {}
RESULT: {}
COMMAND: POST /session/17938e7f8541bcff555766d2bec8a2c8/elements - {"using":"xpath","value":"//span[text()='Error']"}
RESULT: {"using":"xpath","value":"//span[text()='Error']"}
COMMAND: POST /session/17938e7f8541bcff555766d2bec8a2c8/element - {"using":"xpath","value":"//button[@data-kt=\"addNewRUOverflowToolbarButton\"]"}
RESULT: {"using":"xpath","value":"//button[@data-kt=\"addNewRUOverflowToolbarButton\"]"}
COMMAND: POST /session/17938e7f8541bcff555766d2bec8a2c8/execute/sync - {"script":"<script> [8489 bytes]","args":[{"element-6066-11e4-a52e-4f735466cecf":"f.0F1FAEEE2861019DFD6915B8D9C967AD.d.C2DEFEC3C2D597A4C145C129D10EE3BD.e.2533","ELEMENT":"f.0F1FAEEE2861019DFD6915B8D9C967AD.d.C2DEFEC3C2D597A4C145C129D10EE3BD.e.2533"}]}
RESULT: {"script":"<script> [8489 bytes]","args":[{"element-6066-11e4-a52e-4f735466cecf":"f.0F1FAEEE2861019DFD6915B8D9C967AD.d.C2DEFEC3C2D597A4C145C129D10EE3BD.e.2533","ELEMENT":"f.0F1FAEEE2861019DFD6915B8D9C967AD.d.C2DEFEC3C2D597A4C145C129D10EE3BD.e.2533"}]}
COMMAND: POST /session/17938e7f8541bcff555766d2bec8a2c8/element/f.0F1FAEEE2861019DFD6915B8D9C967AD.d.C2DEFEC3C2D597A4C145C129D10EE3BD.e.2533/click - {}
COMMAND: GET /session/17938e7f8541bcff555766d2bec8a2c8/screenshot - {}
RESULT: {}
COMMAND: POST /session/17938e7f8541bcff555766d2bec8a2c8/execute/async - {"script":"<script> [1562 bytes]","args":[{"selector":{"id":"application-manageresources-display-component---newResourceUnit--TYPE-arrow"},"wdio_ui5_key":"applicationmanageresources-display-component---newResourceUnit--TYPE-arrow"}]}
COMMAND: GET /session/17938e7f8541bcff555766d2bec8a2c8/screenshot - {}
RESULT: {}
RESULT: {"script":"<script> [1562 bytes]","args":[{"selector":{"id":"application-manageresources-display-component---newResourceUnit--TYPE-arrow"},"wdio_ui5_key":"applicationmanageresources-display-component---newResourceUnit--TYPE-arrow"}]}
RESULT: undefined
COMMAND: POST /session/17938e7f8541bcff555766d2bec8a2c8/element - {"using":"xpath","value":"//*[@id=\"application-manageresources-display-component---newResourceUnit--TYPE-arrow\"]"}
RESULT: {}
RESULT: {"using":"xpath","value":"//*[@id=\"application-manageresources-display-component---newResourceUnit--TYPE-arrow\"]"}
COMMAND: POST /session/17938e7f8541bcff555766d2bec8a2c8/element/f.0F1FAEEE2861019DFD6915B8D9C967AD.d.C2DEFEC3C2D597A4C145C129D10EE3BD.e.2858/click - {}
RESULT: {}
COMMAND: POST /session/17938e7f8541bcff555766d2bec8a2c8/execute/async - {"script":"<script> [1562 bytes]","args":[{"selector":{"controlType":"sap.m.StandardListItem","viewName":"reusables.view.manageresources.NewResourceUnit","viewId":"application-manageresources-display-component---newResourceUnit","properties":{"title":"Material"},"searchOpenDialogs":true,"interaction":{"idSuffix":"titleText"}},"wdio_ui5_key":"reusablesview.manageresources.NewResourceUnitsap.m.StandardListItem{\"title\":\"Material\"}"}]}
COMMAND: GET /session/17938e7f8541bcff555766d2bec8a2c8/screenshot - {}
RESULT: {"script":"<script> [1562 bytes]","args":[{"selector":{"controlType":"sap.m.StandardListItem","viewName":"reusables.view.manageresources.NewResourceUnit","viewId":"application-manageresources-display-component---newResourceUnit","properties":{"title":"Material"},"searchOpenDialogs":true,"interaction":{"idSuffix":"titleText"}},"wdio_ui5_key":"reusablesview.manageresources.NewResourceUnitsap.m.StandardListItem{\"title\":\"Material\"}"}]}
RESULT: undefined
COMMAND: POST /session/17938e7f8541bcff555766d2bec8a2c8/element - {"using":"xpath","value":"//*[@id=\"__item1461\"]"}
RESULT: {}
RESULT: {"using":"xpath","value":"//*[@id=\"__item1461\"]"}
COMMAND: POST /session/17938e7f8541bcff555766d2bec8a2c8/element/f.0F1FAEEE2861019DFD6915B8D9C967AD.d.C2DEFEC3C2D597A4C145C129D10EE3BD.e.2861/click - {}
RESULT: {}
COMMAND: POST /session/17938e7f8541bcff555766d2bec8a2c8/execute/async - {"script":"<script> [1562 bytes]","args":[{"selector":{"id":"application-manageresources-display-component---newResourceUnit--SHORT_TEXT","interaction":{"idSuffix":"inner"}},"wdio_ui5_key":"applicationmanageresources-display-component---newResourceUnit--SHORT_TEXT"}]}
COMMAND: GET /session/17938e7f8541bcff555766d2bec8a2c8/screenshot - {}
RESULT: {"script":"<script> [1562 bytes]","args":[{"selector":{"id":"application-manageresources-display-component---newResourceUnit--SHORT_TEXT","interaction":{"idSuffix":"inner"}},"wdio_ui5_key":"applicationmanageresources-display-component---newResourceUnit--SHORT_TEXT"}]}
RESULT: undefined
COMMAND: POST /session/17938e7f8541bcff555766d2bec8a2c8/execute/async - {"script":"<script> [776 bytes]","args":[{"enterText":"WebdriverMatTestkqd8n","selector":{"id":"application-manageresources-display-component---newResourceUnit--SHORT_TEXT","interaction":{"idSuffix":"inner"}},"clearTextFirst":true,"interactionType":"ENTER_TEXT"}]}
RESULT: {}
RESULT: {"script":"<script> [776 bytes]","args":[{"enterText":"WebdriverMatTestkqd8n","selector":{"id":"application-manageresources-display-component---newResourceUnit--SHORT_TEXT","interaction":{"idSuffix":"inner"}},"clearTextFirst":true,"interactionType":"ENTER_TEXT"}]}
COMMAND: POST /session/17938e7f8541bcff555766d2bec8a2c8/execute/async - {"script":"<script> [1562 bytes]","args":[{"selector":{"id":"application-manageresources-display-component---newResourceUnit--BASE_UNIT_OF_MEASURE-arrow"},"wdio_ui5_key":"applicationmanageresources-display-component---newResourceUnit--BASE_UNIT_OF_MEASURE-arrow"}]}
RESULT: {"script":"<script> [1562 bytes]","args":[{"selector":{"id":"application-manageresources-display-component---newResourceUnit--BASE_UNIT_OF_MEASURE-arrow"},"wdio_ui5_key":"applicationmanageresources-display-component---newResourceUnit--BASE_UNIT_OF_MEASURE-arrow"}]}
RESULT: undefined
COMMAND: POST /session/17938e7f8541bcff555766d2bec8a2c8/element - {"using":"xpath","value":"//*[@id=\"application-manageresources-display-component---newResourceUnit--BASE_UNIT_OF_MEASURE-arrow\"]"}
RESULT: {"using":"xpath","value":"//*[@id=\"application-manageresources-display-component---newResourceUnit--BASE_UNIT_OF_MEASURE-arrow\"]"}
COMMAND: POST /session/17938e7f8541bcff555766d2bec8a2c8/element/f.0F1FAEEE2861019DFD6915B8D9C967AD.d.C2DEFEC3C2D597A4C145C129D10EE3BD.e.2982/click - {}
RESULT: {}
COMMAND: POST /session/17938e7f8541bcff555766d2bec8a2c8/execute/async - {"script":"<script> [1562 bytes]","args":[{"selector":{"controlType":"sap.m.StandardListItem","viewName":"reusables.view.manageresources.NewResourceUnit","viewId":"application-manageresources-display-component---newResourceUnit","properties":{"title":"Piece"},"searchOpenDialogs":true,"interaction":{"idSuffix":"titleText"}},"wdio_ui5_key":"reusablesview.manageresources.NewResourceUnitsap.m.StandardListItem{\"title\":\"Piece\"}"}]}
COMMAND: GET /session/17938e7f8541bcff555766d2bec8a2c8/screenshot - {}
RESULT: {"script":"<script> [1562 bytes]","args":[{"selector":{"controlType":"sap.m.StandardListItem","viewName":"reusables.view.manageresources.NewResourceUnit","viewId":"application-manageresources-display-component---newResourceUnit","properties":{"title":"Piece"},"searchOpenDialogs":true,"interaction":{"idSuffix":"titleText"}},"wdio_ui5_key":"reusablesview.manageresources.NewResourceUnitsap.m.StandardListItem{\"title\":\"Piece\"}"}]}
RESULT: undefined
COMMAND: POST /session/17938e7f8541bcff555766d2bec8a2c8/element - {"using":"xpath","value":"//*[@id=\"__item1514\"]"}
RESULT: {}
RESULT: {"using":"xpath","value":"//*[@id=\"__item1514\"]"}
COMMAND: POST /session/17938e7f8541bcff555766d2bec8a2c8/element/f.0F1FAEEE2861019DFD6915B8D9C967AD.d.C2DEFEC3C2D597A4C145C129D10EE3BD.e.2984/click - {}
RESULT: {}
COMMAND: POST /session/17938e7f8541bcff555766d2bec8a2c8/element - {"using":"xpath","value":"//input[contains(@id ,\"application-manageresources-display-component---newResourceUnit--SHORT_TEXT-inner\")]"}
COMMAND: GET /session/17938e7f8541bcff555766d2bec8a2c8/screenshot - {}
RESULT: {"using":"xpath","value":"//input[contains(@id ,\"application-manageresources-display-component---newResourceUnit--SHORT_TEXT-inner\")]"}
COMMAND: GET /session/17938e7f8541bcff555766d2bec8a2c8/element/f.0F1FAEEE2861019DFD6915B8D9C967AD.d.C2DEFEC3C2D597A4C145C129D10EE3BD.e.2879/property/value - {}
RESULT: {}
RESULT: {}
COMMAND: POST /session/17938e7f8541bcff555766d2bec8a2c8/execute/async - {"script":"<script> [1562 bytes]","args":[{"selector":{"id":"application-manageresources-display-component---newResourceUnit--WEIGHT_UNIT-arrow"},"wdio_ui5_key":"applicationmanageresources-display-component---newResourceUnit--WEIGHT_UNIT-arrow"}]}
COMMAND: GET /session/17938e7f8541bcff555766d2bec8a2c8/screenshot - {}
RESULT: {"script":"<script> [1562 bytes]","args":[{"selector":{"id":"application-manageresources-display-component---newResourceUnit--WEIGHT_UNIT-arrow"},"wdio_ui5_key":"applicationmanageresources-display-component---newResourceUnit--WEIGHT_UNIT-arrow"}]}
RESULT: undefined
COMMAND: POST /session/17938e7f8541bcff555766d2bec8a2c8/element - {"using":"xpath","value":"//*[@id=\"application-manageresources-display-component---newResourceUnit--WEIGHT_UNIT-arrow\"]"}
RESULT: {}
RESULT: {"using":"xpath","value":"//*[@id=\"application-manageresources-display-component---newResourceUnit--WEIGHT_UNIT-arrow\"]"}
COMMAND: POST /session/17938e7f8541bcff555766d2bec8a2c8/element/f.0F1FAEEE2861019DFD6915B8D9C967AD.d.C2DEFEC3C2D597A4C145C129D10EE3BD.e.2985/click - {}
RESULT: {}
COMMAND: POST /session/17938e7f8541bcff555766d2bec8a2c8/execute/async - {"script":"<script> [1562 bytes]","args":[{"selector":{"controlType":"sap.m.StandardListItem","viewName":"reusables.view.manageresources.NewResourceUnit","viewId":"application-manageresources-display-component---newResourceUnit","properties":{"title":"Gram"},"searchOpenDialogs":true,"interaction":{"idSuffix":"content"}},"wdio_ui5_key":"reusablesview.manageresources.NewResourceUnitsap.m.StandardListItem{\"title\":\"Gram\"}"}]}
COMMAND: GET /session/17938e7f8541bcff555766d2bec8a2c8/screenshot - {}
RESULT: {"script":"<script> [1562 bytes]","args":[{"selector":{"controlType":"sap.m.StandardListItem","viewName":"reusables.view.manageresources.NewResourceUnit","viewId":"application-manageresources-display-component---newResourceUnit","properties":{"title":"Gram"},"searchOpenDialogs":true,"interaction":{"idSuffix":"content"}},"wdio_ui5_key":"reusablesview.manageresources.NewResourceUnitsap.m.StandardListItem{\"title\":\"Gram\"}"}]}
RESULT: undefined
COMMAND: POST /session/17938e7f8541bcff555766d2bec8a2c8/element - {"using":"xpath","value":"//*[@id=\"__item1579\"]"}
RESULT: {}
RESULT: {"using":"xpath","value":"//*[@id=\"__item1579\"]"}
COMMAND: POST /session/17938e7f8541bcff555766d2bec8a2c8/element/f.0F1FAEEE2861019DFD6915B8D9C967AD.d.C2DEFEC3C2D597A4C145C129D10EE3BD.e.2987/click - {}
RESULT: {}
COMMAND: POST /session/17938e7f8541bcff555766d2bec8a2c8/execute/async - {"script":"<script> [1562 bytes]","args":[{"selector":{"id":"application-manageresources-display-component---newResourceUnit--newRRUPage-OPHeaderContent-collapseBtn-img"},"wdio_ui5_key":"applicationmanageresources-display-component---newResourceUnit--newRRUPage-OPHeaderContent-collapseBtn-img"}]}
COMMAND: GET /session/17938e7f8541bcff555766d2bec8a2c8/screenshot - {}
RESULT: {"script":"<script> [1562 bytes]","args":[{"selector":{"id":"application-manageresources-display-component---newResourceUnit--newRRUPage-OPHeaderContent-collapseBtn-img"},"wdio_ui5_key":"applicationmanageresources-display-component---newResourceUnit--newRRUPage-OPHeaderContent-collapseBtn-img"}]}
RESULT: undefined
COMMAND: POST /session/17938e7f8541bcff555766d2bec8a2c8/element - {"using":"xpath","value":"//*[@id=\"application-manageresources-display-component---newResourceUnit--newRRUPage-OPHeaderContent-collapseBtn-img\"]"}
RESULT: {}
RESULT: {"using":"xpath","value":"//*[@id=\"application-manageresources-display-component---newResourceUnit--newRRUPage-OPHeaderContent-collapseBtn-img\"]"}
COMMAND: POST /session/17938e7f8541bcff555766d2bec8a2c8/element/f.0F1FAEEE2861019DFD6915B8D9C967AD.d.C2DEFEC3C2D597A4C145C129D10EE3BD.e.2869/click - {}
RESULT: {}
COMMAND: GET /session/17938e7f8541bcff555766d2bec8a2c8/screenshot - {}
RESULT: {}
COMMAND: POST /session/17938e7f8541bcff555766d2bec8a2c8/element - {"using":"xpath","value":"(//span[contains(@id ,\"application-manageresources-display-component---newResourceUnit--DIMENSION_UNIT-arrow\")])[1]"}
RESULT: {"using":"xpath","value":"(//span[contains(@id ,\"application-manageresources-display-component---newResourceUnit--DIMENSION_UNIT-arrow\")])[1]"}
COMMAND: POST /session/17938e7f8541bcff555766d2bec8a2c8/element/f.0F1FAEEE2861019DFD6915B8D9C967AD.d.C2DEFEC3C2D597A4C145C129D10EE3BD.e.2992/click - {}
RESULT: {}
COMMAND: GET /session/17938e7f8541bcff555766d2bec8a2c8/screenshot - {}
RESULT: {}
COMMAND: POST /session/17938e7f8541bcff555766d2bec8a2c8/execute/async - {"script":"<script> [1562 bytes]","args":[{"selector":{"controlType":"sap.m.StandardListItem","viewName":"reusables.view.manageresources.NewResourceUnit","viewId":"application-manageresources-display-component---newResourceUnit","properties":{"title":"Centimeter"},"searchOpenDialogs":true,"interaction":{"idSuffix":"titleText"}},"wdio_ui5_key":"reusablesview.manageresources.NewResourceUnitsap.m.StandardListItem{\"title\":\"Centimeter\"}"}]}
RESULT: {"script":"<script> [1562 bytes]","args":[{"selector":{"controlType":"sap.m.StandardListItem","viewName":"reusables.view.manageresources.NewResourceUnit","viewId":"application-manageresources-display-component---newResourceUnit","properties":{"title":"Centimeter"},"searchOpenDialogs":true,"interaction":{"idSuffix":"titleText"}},"wdio_ui5_key":"reusablesview.manageresources.NewResourceUnitsap.m.StandardListItem{\"title\":\"Centimeter\"}"}]}
RESULT: undefined
COMMAND: POST /session/17938e7f8541bcff555766d2bec8a2c8/element - {"using":"xpath","value":"//*[@id=\"__item1582\"]"}
RESULT: {"using":"xpath","value":"//*[@id=\"__item1582\"]"}
COMMAND: POST /session/17938e7f8541bcff555766d2bec8a2c8/element/f.0F1FAEEE2861019DFD6915B8D9C967AD.d.C2DEFEC3C2D597A4C145C129D10EE3BD.e.2995/click - {}
RESULT: {}
COMMAND: POST /session/17938e7f8541bcff555766d2bec8a2c8/execute/async - {"script":"<script> [1562 bytes]","args":[{"selector":{"id":"application-manageresources-display-component---newResourceUnit--newRRUPage-anchBar-application-manageresources-display-component---newResourceUnit--reference-anchor","interaction":{"idSuffix":"BDI-content"}},"wdio_ui5_key":"applicationmanageresources-display-component---newResourceUnit--newRRUPage-anchBar-application-manageresources-display-component---newResourceUnit--reference-anchor"}]}
COMMAND: GET /session/17938e7f8541bcff555766d2bec8a2c8/screenshot - {}
RESULT: {"script":"<script> [1562 bytes]","args":[{"selector":{"id":"application-manageresources-display-component---newResourceUnit--newRRUPage-anchBar-application-manageresources-display-component---newResourceUnit--reference-anchor","interaction":{"idSuffix":"BDI-content"}},"wdio_ui5_key":"applicationmanageresources-display-component---newResourceUnit--newRRUPage-anchBar-application-manageresources-display-component---newResourceUnit--reference-anchor"}]}
RESULT: undefined
COMMAND: POST /session/17938e7f8541bcff555766d2bec8a2c8/element - {"using":"xpath","value":"//*[@id=\"application-manageresources-display-component---newResourceUnit--newRRUPage-anchBar-application-manageresources-display-component---newResourceUnit--reference-anchor\"]"}
RESULT: {}
RESULT: {"using":"xpath","value":"//*[@id=\"application-manageresources-display-component---newResourceUnit--newRRUPage-anchBar-application-manageresources-display-component---newResourceUnit--reference-anchor\"]"}
COMMAND: POST /session/17938e7f8541bcff555766d2bec8a2c8/element/f.0F1FAEEE2861019DFD6915B8D9C967AD.d.C2DEFEC3C2D597A4C145C129D10EE3BD.e.2997/click - {}
RESULT: {}
COMMAND: POST /session/17938e7f8541bcff555766d2bec8a2c8/execute/async - {"script":"<script> [1562 bytes]","args":[{"selector":{"id":"application-manageresources-display-component---newResourceUnit--PLANNING_GROUP-arrow"},"wdio_ui5_key":"applicationmanageresources-display-component---newResourceUnit--PLANNING_GROUP-arrow"}]}
COMMAND: GET /session/17938e7f8541bcff555766d2bec8a2c8/screenshot - {}
RESULT: {"script":"<script> [1562 bytes]","args":[{"selector":{"id":"application-manageresources-display-component---newResourceUnit--PLANNING_GROUP-arrow"},"wdio_ui5_key":"applicationmanageresources-display-component---newResourceUnit--PLANNING_GROUP-arrow"}]}
RESULT: undefined
COMMAND: POST /session/17938e7f8541bcff555766d2bec8a2c8/element - {"using":"xpath","value":"//*[@id=\"application-manageresources-display-component---newResourceUnit--PLANNING_GROUP-arrow\"]"}
RESULT: {}
RESULT: {"using":"xpath","value":"//*[@id=\"application-manageresources-display-component---newResourceUnit--PLANNING_GROUP-arrow\"]"}
COMMAND: POST /session/17938e7f8541bcff555766d2bec8a2c8/element/f.0F1FAEEE2861019DFD6915B8D9C967AD.d.C2DEFEC3C2D597A4C145C129D10EE3BD.e.3001/click - {}
RESULT: {}
COMMAND: POST /session/17938e7f8541bcff555766d2bec8a2c8/execute/async - {"script":"<script> [1562 bytes]","args":[{"selector":{"controlType":"sap.m.StandardListItem","viewName":"reusables.view.manageresources.NewResourceUnit","viewId":"application-manageresources-display-component---newResourceUnit","properties":{"title":"Heavy Equi"},"searchOpenDialogs":true,"interaction":{"idSuffix":"content"}},"wdio_ui5_key":"reusablesview.manageresources.NewResourceUnitsap.m.StandardListItem{\"title\":\"Heavy Equi\"}"}]}
COMMAND: GET /session/17938e7f8541bcff555766d2bec8a2c8/screenshot - {}
RESULT: {}
RESULT: {"script":"<script> [1562 bytes]","args":[{"selector":{"controlType":"sap.m.StandardListItem","viewName":"reusables.view.manageresources.NewResourceUnit","viewId":"application-manageresources-display-component---newResourceUnit","properties":{"title":"Heavy Equi"},"searchOpenDialogs":true,"interaction":{"idSuffix":"content"}},"wdio_ui5_key":"reusablesview.manageresources.NewResourceUnitsap.m.StandardListItem{\"title\":\"Heavy Equi\"}"}]}
RESULT: undefined
COMMAND: POST /session/17938e7f8541bcff555766d2bec8a2c8/element - {"using":"xpath","value":"//*[@id=\"__item1590\"]"}
RESULT: {"using":"xpath","value":"//*[@id=\"__item1590\"]"}
COMMAND: POST /session/17938e7f8541bcff555766d2bec8a2c8/element/f.0F1FAEEE2861019DFD6915B8D9C967AD.d.C2DEFEC3C2D597A4C145C129D10EE3BD.e.3003/click - {}
RESULT: {}
COMMAND: GET /session/17938e7f8541bcff555766d2bec8a2c8/screenshot - {}
RESULT: {}
COMMAND: POST /session/17938e7f8541bcff555766d2bec8a2c8/execute/async - {"script":"<script> [1562 bytes]","args":[{"selector":{"id":"application-manageresources-display-component---newResourceUnit--PLANNING_INDICATOR-arrow"},"wdio_ui5_key":"applicationmanageresources-display-component---newResourceUnit--PLANNING_INDICATOR-arrow"}]}
RESULT: {"script":"<script> [1562 bytes]","args":[{"selector":{"id":"application-manageresources-display-component---newResourceUnit--PLANNING_INDICATOR-arrow"},"wdio_ui5_key":"applicationmanageresources-display-component---newResourceUnit--PLANNING_INDICATOR-arrow"}]}
RESULT: undefined
COMMAND: POST /session/17938e7f8541bcff555766d2bec8a2c8/element - {"using":"xpath","value":"//*[@id=\"application-manageresources-display-component---newResourceUnit--PLANNING_INDICATOR-arrow\"]"}
RESULT: {"using":"xpath","value":"//*[@id=\"application-manageresources-display-component---newResourceUnit--PLANNING_INDICATOR-arrow\"]"}
COMMAND: POST /session/17938e7f8541bcff555766d2bec8a2c8/element/f.0F1FAEEE2861019DFD6915B8D9C967AD.d.C2DEFEC3C2D597A4C145C129D10EE3BD.e.3004/click - {}
RESULT: {}
COMMAND: POST /session/17938e7f8541bcff555766d2bec8a2c8/execute/async - {"script":"<script> [1562 bytes]","args":[{"selector":{"controlType":"sap.m.StandardListItem","viewName":"reusables.view.manageresources.NewResourceUnit","viewId":"application-manageresources-display-component---newResourceUnit","properties":{"title":"10 - infinite"},"searchOpenDialogs":true,"interaction":{"idSuffix":"content"}},"wdio_ui5_key":"reusablesview.manageresources.NewResourceUnitsap.m.StandardListItem{\"title\":\"10 - infinite\"}"}]}
COMMAND: GET /session/17938e7f8541bcff555766d2bec8a2c8/screenshot - {}
RESULT: {"script":"<script> [1562 bytes]","args":[{"selector":{"controlType":"sap.m.StandardListItem","viewName":"reusables.view.manageresources.NewResourceUnit","viewId":"application-manageresources-display-component---newResourceUnit","properties":{"title":"10 - infinite"},"searchOpenDialogs":true,"interaction":{"idSuffix":"content"}},"wdio_ui5_key":"reusablesview.manageresources.NewResourceUnitsap.m.StandardListItem{\"title\":\"10 - infinite\"}"}]}
RESULT: undefined
COMMAND: POST /session/17938e7f8541bcff555766d2bec8a2c8/element - {"using":"xpath","value":"//*[@id=\"__item1600\"]"}
RESULT: {}
RESULT: {"using":"xpath","value":"//*[@id=\"__item1600\"]"}
COMMAND: POST /session/17938e7f8541bcff555766d2bec8a2c8/element/f.0F1FAEEE2861019DFD6915B8D9C967AD.d.C2DEFEC3C2D597A4C145C129D10EE3BD.e.3006/click - {}
RESULT: {}
COMMAND: GET /session/17938e7f8541bcff555766d2bec8a2c8/screenshot - {}
RESULT: {}
COMMAND: POST /session/17938e7f8541bcff555766d2bec8a2c8/element - {"using":"xpath","value":"//bdi[contains(text(), \"Time Segment\")]"}
RESULT: {"using":"xpath","value":"//bdi[contains(text(), \"Time Segment\")]"}
COMMAND: GET /session/17938e7f8541bcff555766d2bec8a2c8/element/f.0F1FAEEE2861019DFD6915B8D9C967AD.d.C2DEFEC3C2D597A4C145C129D10EE3BD.e.3007/rect - {}
RESULT: {}
COMMAND: GET /session/17938e7f8541bcff555766d2bec8a2c8/window/rect - {}
RESULT: {}
COMMAND: POST /session/17938e7f8541bcff555766d2bec8a2c8/execute/sync - {"script":"<script> [92 bytes]","args":[]}
RESULT: {"script":"<script> [92 bytes]","args":[]}
COMMAND: POST /session/17938e7f8541bcff555766d2bec8a2c8/actions - {"actions":[{"id":"action5","type":"wheel","parameters":{},"actions":[{"type":"scroll","x":-1820,"y":-21,"deltaX":0,"deltaY":0,"duration":0,"origin":{"element-6066-11e4-a52e-4f735466cecf":"f.0F1FAEEE2861019DFD6915B8D9C967AD.d.C2DEFEC3C2D597A4C145C129D10EE3BD.e.3007"}}]}]}
COMMAND: GET /session/17938e7f8541bcff555766d2bec8a2c8/screenshot - {}
RESULT: {}
COMMAND: POST /session/17938e7f8541bcff555766d2bec8a2c8/execute/sync - {"script":"<script> [79 bytes]","args":[{"element-6066-11e4-a52e-4f735466cecf":"f.0F1FAEEE2861019DFD6915B8D9C967AD.d.C2DEFEC3C2D597A4C145C129D10EE3BD.e.3007","ELEMENT":"f.0F1FAEEE2861019DFD6915B8D9C967AD.d.C2DEFEC3C2D597A4C145C129D10EE3BD.e.3007"},{"block":"start","inline":"nearest"}]}
RESULT: {"script":"<script> [79 bytes]","args":[{"element-6066-11e4-a52e-4f735466cecf":"f.0F1FAEEE2861019DFD6915B8D9C967AD.d.C2DEFEC3C2D597A4C145C129D10EE3BD.e.3007","ELEMENT":"f.0F1FAEEE2861019DFD6915B8D9C967AD.d.C2DEFEC3C2D597A4C145C129D10EE3BD.e.3007"},{"block":"start","inline":"nearest"}]}
COMMAND: GET /session/17938e7f8541bcff555766d2bec8a2c8/screenshot - {}
RESULT: {}
COMMAND: POST /session/17938e7f8541bcff555766d2bec8a2c8/element - {"using":"xpath","value":"//span[@id=\"application-manageresources-display-component---newResourceUnit--btnAddTimeSegment-img\"]"}
RESULT: {"using":"xpath","value":"//span[@id=\"application-manageresources-display-component---newResourceUnit--btnAddTimeSegment-img\"]"}
COMMAND: POST /session/17938e7f8541bcff555766d2bec8a2c8/execute/sync - {"script":"<script> [8489 bytes]","args":[{"element-6066-11e4-a52e-4f735466cecf":"f.0F1FAEEE2861019DFD6915B8D9C967AD.d.C2DEFEC3C2D597A4C145C129D10EE3BD.e.3010","ELEMENT":"f.0F1FAEEE2861019DFD6915B8D9C967AD.d.C2DEFEC3C2D597A4C145C129D10EE3BD.e.3010"}]}
RESULT: {"script":"<script> [8489 bytes]","args":[{"element-6066-11e4-a52e-4f735466cecf":"f.0F1FAEEE2861019DFD6915B8D9C967AD.d.C2DEFEC3C2D597A4C145C129D10EE3BD.e.3010","ELEMENT":"f.0F1FAEEE2861019DFD6915B8D9C967AD.d.C2DEFEC3C2D597A4C145C129D10EE3BD.e.3010"}]}
COMMAND: POST /session/17938e7f8541bcff555766d2bec8a2c8/element/f.0F1FAEEE2861019DFD6915B8D9C967AD.d.C2DEFEC3C2D597A4C145C129D10EE3BD.e.3010/click - {}
COMMAND: GET /session/17938e7f8541bcff555766d2bec8a2c8/screenshot - {}
RESULT: {}
COMMAND: GET /session/17938e7f8541bcff555766d2bec8a2c8/screenshot - {}
COMMAND: POST /session/17938e7f8541bcff555766d2bec8a2c8/element - {"using":"xpath","value":"//input[@id=\"application-manageresources-display-component---newResourceUnit--idRuTSAdmin-application-manageresources-display-component---newResourceUnit--RUTimeSegment-0-inner\"]"}
RESULT: {}
RESULT: {}
RESULT: {"using":"xpath","value":"//input[@id=\"application-manageresources-display-component---newResourceUnit--idRuTSAdmin-application-manageresources-display-component---newResourceUnit--RUTimeSegment-0-inner\"]"}
COMMAND: POST /session/17938e7f8541bcff555766d2bec8a2c8/element/f.0F1FAEEE2861019DFD6915B8D9C967AD.d.C2DEFEC3C2D597A4C145C129D10EE3BD.e.3013/clear - {}
RESULT: {}
COMMAND: POST /session/17938e7f8541bcff555766d2bec8a2c8/element/f.0F1FAEEE2861019DFD6915B8D9C967AD.d.C2DEFEC3C2D597A4C145C129D10EE3BD.e.3013/value - {"text":"WebdriverYardjxvo1"}
COMMAND: GET /session/17938e7f8541bcff555766d2bec8a2c8/screenshot - {}
RESULT: {"text":"WebdriverYardjxvo1"}
COMMAND: GET /session/17938e7f8541bcff555766d2bec8a2c8/screenshot - {}
RESULT: {}
RESULT: {}
COMMAND: POST /session/17938e7f8541bcff555766d2bec8a2c8/actions - {"actions":[{"id":"action6","type":"key","parameters":{},"actions":[{"type":"keyDown","value":"î€‡"},{"type":"pause","duration":10},{"type":"keyUp","value":"î€‡"}]}]}
RESULT: {"actions":[{"id":"action6","type":"key","parameters":{},"actions":[{"type":"keyDown","value":"î€‡"},{"type":"pause","duration":10},{"type":"keyUp","value":"î€‡"}]}]}
COMMAND: GET /session/17938e7f8541bcff555766d2bec8a2c8/screenshot - {}
RESULT: {}
COMMAND: POST /session/17938e7f8541bcff555766d2bec8a2c8/execute/async - {"script":"<script> [1562 bytes]","args":[{"selector":{"controlType":"sap.m.Button","viewName":"reusables.view.manageresources.NewResourceUnit","viewId":"application-manageresources-display-component---newResourceUnit","i18NText":{"propertyName":"tooltip","key":"save"},"interaction":{"idSuffix":"BDI-content"}},"wdio_ui5_key":"reusablesview.manageresources.NewResourceUnitsap.m.Button{\"propertyName\":\"tooltip\",\"key\":\"save\"}"}]}
RESULT: {"script":"<script> [1562 bytes]","args":[{"selector":{"controlType":"sap.m.Button","viewName":"reusables.view.manageresources.NewResourceUnit","viewId":"application-manageresources-display-component---newResourceUnit","i18NText":{"propertyName":"tooltip","key":"save"},"interaction":{"idSuffix":"BDI-content"}},"wdio_ui5_key":"reusablesview.manageresources.NewResourceUnitsap.m.Button{\"propertyName\":\"tooltip\",\"key\":\"save\"}"}]}
RESULT: undefined
COMMAND: POST /session/17938e7f8541bcff555766d2bec8a2c8/element - {"using":"xpath","value":"//*[@id=\"application-manageresources-display-component---newResourceUnit--createRuButton\"]"}
RESULT: {"using":"xpath","value":"//*[@id=\"application-manageresources-display-component---newResourceUnit--createRuButton\"]"}
COMMAND: POST /session/17938e7f8541bcff555766d2bec8a2c8/element/f.0F1FAEEE2861019DFD6915B8D9C967AD.d.C2DEFEC3C2D597A4C145C129D10EE3BD.e.2875/click - {}
RESULT: {}
COMMAND: GET /session/17938e7f8541bcff555766d2bec8a2c8/screenshot - {}
RESULT: {}
COMMAND: POST /session/17938e7f8541bcff555766d2bec8a2c8/execute/async - {"script":"<script> [1562 bytes]","args":[{"selector":{"controlType":"sap.m.Title","properties":{"text":"Success"},"searchOpenDialogs":true},"wdio_ui5_key":"sapm.Title{\"text\":\"Success\"}"}]}
RESULT: {"script":"<script> [1562 bytes]","args":[{"selector":{"controlType":"sap.m.Title","properties":{"text":"Success"},"searchOpenDialogs":true},"wdio_ui5_key":"sapm.Title{\"text\":\"Success\"}"}]}
RESULT: undefined
COMMAND: POST /session/17938e7f8541bcff555766d2bec8a2c8/execute/async - {"script":"<script> [6424 bytes]","args":[{"element-6066-11e4-a52e-4f735466cecf":"f.0F1FAEEE2861019DFD6915B8D9C967AD.d.C2DEFEC3C2D597A4C145C129D10EE3BD.e.3027"},"getText",[]]}
RESULT: {"script":"<script> [6424 bytes]","args":[{"element-6066-11e4-a52e-4f735466cecf":"f.0F1FAEEE2861019DFD6915B8D9C967AD.d.C2DEFEC3C2D597A4C145C129D10EE3BD.e.3027"},"getText",[]]}
COMMAND: POST /session/17938e7f8541bcff555766d2bec8a2c8/element - {"using":"xpath","value":"//*[contains(@id, '__text') and (contains(text(), 'successfully created') or contains(., 'successfully created'))]"}
RESULT: {"using":"xpath","value":"//*[contains(@id, '__text') and (contains(text(), 'successfully created') or contains(., 'successfully created'))]"}
COMMAND: GET /session/17938e7f8541bcff555766d2bec8a2c8/element/f.0F1FAEEE2861019DFD6915B8D9C967AD.d.C2DEFEC3C2D597A4C145C129D10EE3BD.e.3026/text - {}
RESULT: {}
COMMAND: POST /session/17938e7f8541bcff555766d2bec8a2c8/execute/async - {"script":"<script> [1562 bytes]","args":[{"selector":{"controlType":"sap.m.Button","properties":{"text":"Close"},"searchOpenDialogs":true,"interaction":{"idSuffix":"BDI-content"}},"wdio_ui5_key":"sapm.Button{\"text\":\"Close\"}"}]}
RESULT: {"script":"<script> [1562 bytes]","args":[{"selector":{"controlType":"sap.m.Button","properties":{"text":"Close"},"searchOpenDialogs":true,"interaction":{"idSuffix":"BDI-content"}},"wdio_ui5_key":"sapm.Button{\"text\":\"Close\"}"}]}
RESULT: undefined
COMMAND: POST /session/17938e7f8541bcff555766d2bec8a2c8/element - {"using":"xpath","value":"//*[@id=\"__mbox-btn-0\"]"}
RESULT: {"using":"xpath","value":"//*[@id=\"__mbox-btn-0\"]"}
COMMAND: POST /session/17938e7f8541bcff555766d2bec8a2c8/element/f.0F1FAEEE2861019DFD6915B8D9C967AD.d.C2DEFEC3C2D597A4C145C129D10EE3BD.e.3024/click - {}
RESULT: {}
COMMAND: GET /session/17938e7f8541bcff555766d2bec8a2c8/screenshot - {}
RESULT: {}
COMMAND: POST /session/17938e7f8541bcff555766d2bec8a2c8/execute/async - {"script":"<script> [1562 bytes]","args":[{"selector":{"controlType":"sap.ui.core.Icon","viewName":"etm.portal.ui.manageresources.view.Detail","viewId":"application-manageresources-display-component---detailRU","properties":{"src":{"regex":{"source":"overflow"}}}},"wdio_ui5_key":"etmportal.ui.manageresources.view.Detailsap.ui.core.Icon{\"src\":{\"regex\":{\"source\":\"overflow\"}}}"}]}
RESULT: {"script":"<script> [1562 bytes]","args":[{"selector":{"controlType":"sap.ui.core.Icon","viewName":"etm.portal.ui.manageresources.view.Detail","viewId":"application-manageresources-display-component---detailRU","properties":{"src":{"regex":{"source":"overflow"}}}},"wdio_ui5_key":"etmportal.ui.manageresources.view.Detailsap.ui.core.Icon{\"src\":{\"regex\":{\"source\":\"overflow\"}}}"}]}
RESULT: undefined
COMMAND: POST /session/17938e7f8541bcff555766d2bec8a2c8/element - {"using":"xpath","value":"//*[@id=\"__title36-_actionsToolbar-overflowButton-img\"]"}
RESULT: {"using":"xpath","value":"//*[@id=\"__title36-_actionsToolbar-overflowButton-img\"]"}
COMMAND: POST /session/17938e7f8541bcff555766d2bec8a2c8/element/f.0F1FAEEE2861019DFD6915B8D9C967AD.d.C2DEFEC3C2D597A4C145C129D10EE3BD.e.3063/click - {}
RESULT: {}
COMMAND: POST /session/17938e7f8541bcff555766d2bec8a2c8/execute/async - {"script":"<script> [1562 bytes]","args":[{"selector":{"controlType":"sap.m.Button","viewName":"etm.portal.ui.manageresources.view.Detail","viewId":"application-manageresources-display-component---detailRU","i18NText":{"propertyName":"tooltip","key":"closeColumn"},"searchOpenDialogs":true,"interaction":{"idSuffix":"inner"}},"wdio_ui5_key":"etmportal.ui.manageresources.view.Detailsap.m.Button{\"propertyName\":\"tooltip\",\"key\":\"closeColumn\"}"}]}
COMMAND: GET /session/17938e7f8541bcff555766d2bec8a2c8/screenshot - {}
RESULT: {"script":"<script> [1562 bytes]","args":[{"selector":{"controlType":"sap.m.Button","viewName":"etm.portal.ui.manageresources.view.Detail","viewId":"application-manageresources-display-component---detailRU","i18NText":{"propertyName":"tooltip","key":"closeColumn"},"searchOpenDialogs":true,"interaction":{"idSuffix":"inner"}},"wdio_ui5_key":"etmportal.ui.manageresources.view.Detailsap.m.Button{\"propertyName\":\"tooltip\",\"key\":\"closeColumn\"}"}]}
RESULT: undefined
COMMAND: POST /session/17938e7f8541bcff555766d2bec8a2c8/element - {"using":"xpath","value":"//*[@id=\"__button151\"]"}
RESULT: {}
RESULT: {"using":"xpath","value":"//*[@id=\"__button151\"]"}
COMMAND: POST /session/17938e7f8541bcff555766d2bec8a2c8/element/f.0F1FAEEE2861019DFD6915B8D9C967AD.d.C2DEFEC3C2D597A4C145C129D10EE3BD.e.3065/click - {}
RESULT: {}
COMMAND: GET /session/17938e7f8541bcff555766d2bec8a2c8/screenshot - {}
RESULT: {}
COMMAND: POST /session/17938e7f8541bcff555766d2bec8a2c8/refresh - {}
RESULT: {}
COMMAND: GET /session/17938e7f8541bcff555766d2bec8a2c8/screenshot - {}
RESULT: {}
COMMAND: POST /session/17938e7f8541bcff555766d2bec8a2c8/execute/async - {"script":"<script> [189 bytes]","args":[]}
RESULT: {"script":"<script> [189 bytes]","args":[]}
COMMAND: POST /session/17938e7f8541bcff555766d2bec8a2c8/execute/async - {"script":"<script> [123 bytes]","args":[]}
RESULT: {"script":"<script> [123 bytes]","args":[]}
COMMAND: POST /session/17938e7f8541bcff555766d2bec8a2c8/timeouts - {"script":"<number>"}
RESULT: {"script":"<number>"}
COMMAND: GET /session/17938e7f8541bcff555766d2bec8a2c8/timeouts - {}
RESULT: {}
RESULT: undefined
COMMAND: POST /session/17938e7f8541bcff555766d2bec8a2c8/execute/async - {"script":"<script> [2676 bytes]","args":[]}
RESULT: {"script":"<script> [2676 bytes]","args":[]}
COMMAND: POST /session/17938e7f8541bcff555766d2bec8a2c8/execute/async - {"script":"<script> [2342 bytes]","args":[{"protocol":"http","hostname":"0.0.0.0","path":"/","capabilities":{"browserName":"chrome","goog:chromeOptions":{"binary":"C:\\Program Files\\Google\\Chrome\\Application\\chrome.exe","args":["--start-maximized"]}},"logLevel":"warn","connectionRetryTimeout":120000,"connectionRetryCount":3,"logLevels":{},"enableDirectConnect":true,"strictSSL":true,"_":"65 more keys: [\"cacheDir\",\"port\",\"requestedCapabilities\",\"automationProtocol\",\"baseUrl\",\"waitforInterval\",\"waitforTimeout\",\"onReload\",\"beforeCommand\",\"afterCommand\",\"rootDir\",\"specs\",\"suites\",\"exclude\",\"groupLogsByTestSpec\",\"excludeDriverLogs\",\"bail\",\"framework\",\"reporters\",\"services\",\"maxInstances\",\"maxInstancesPerCapability\",\"injectGlobals\",\"filesToWatch\",\"execArgv\",\"runnerEnv\",\"runner\",\"shard\",\"specFileRetries\",\"specFileRetriesDelay\",\"specFileRetriesDeferred\",\"reporterSyncInterval\",\"reporterSyncTimeout\",\"cucumberFeaturesWithLineNumbers\",\"autoCompileOpts\",\"mochaOpts\",\"jasmineOpts\",\"cucumberOpts\",\"onPrepare\",\"onWorkerStart\",\"onWorkerEnd\",\"before\",\"beforeSession\",\"beforeSuite\",\"beforeHook\",\"beforeTest\",\"afterTest\",\"afterHook\",\"afterSuite\",\"afterSession\",\"after\",\"onComplete\",\"beforeAssertion\",\"afterAssertion\",\"beforeFeature\",\"beforeScenario\",\"beforeStep\",\"afterStep\",\"afterScenario\",\"afterFeature\",\"_\",\"suite\",\"$0\",\"ignoredWorkerServices\",\"wdi5\"]"}]}
RESULT: {"script":"<script> [2342 bytes]","args":[{"protocol":"http","hostname":"0.0.0.0","path":"/","capabilities":{"browserName":"chrome","goog:chromeOptions":{"binary":"C:\\Program Files\\Google\\Chrome\\Application\\chrome.exe","args":["--start-maximized"]}},"logLevel":"warn","connectionRetryTimeout":120000,"connectionRetryCount":3,"logLevels":{},"enableDirectConnect":true,"strictSSL":true,"_":"65 more keys: [\"cacheDir\",\"port\",\"requestedCapabilities\",\"automationProtocol\",\"baseUrl\",\"waitforInterval\",\"waitforTimeout\",\"onReload\",\"beforeCommand\",\"afterCommand\",\"rootDir\",\"specs\",\"suites\",\"exclude\",\"groupLogsByTestSpec\",\"excludeDriverLogs\",\"bail\",\"framework\",\"reporters\",\"services\",\"maxInstances\",\"maxInstancesPerCapability\",\"injectGlobals\",\"filesToWatch\",\"execArgv\",\"runnerEnv\",\"runner\",\"shard\",\"specFileRetries\",\"specFileRetriesDelay\",\"specFileRetriesDeferred\",\"reporterSyncInterval\",\"reporterSyncTimeout\",\"cucumberFeaturesWithLineNumbers\",\"autoCompileOpts\",\"mochaOpts\",\"jasmineOpts\",\"cucumberOpts\",\"onPrepare\",\"onWorkerStart\",\"onWorkerEnd\",\"before\",\"beforeSession\",\"beforeSuite\",\"beforeHook\",\"beforeTest\",\"afterTest\",\"afterHook\",\"afterSuite\",\"afterSession\",\"after\",\"onComplete\",\"beforeAssertion\",\"afterAssertion\",\"beforeFeature\",\"beforeScenario\",\"beforeStep\",\"afterStep\",\"afterScenario\",\"afterFeature\",\"_\",\"suite\",\"$0\",\"ignoredWorkerServices\",\"wdi5\"]"}]}
COMMAND: POST /session/17938e7f8541bcff555766d2bec8a2c8/execute/async - {"script":"<script> [21126 bytes]","args":[35000]}
RESULT: {"script":"<script> [21126 bytes]","args":[35000]}
COMMAND: POST /session/17938e7f8541bcff555766d2bec8a2c8/element - {"using":"css selector","value":"#shell-header-logo"}
RESULT: {"using":"css selector","value":"#shell-header-logo"}
COMMAND: POST /session/17938e7f8541bcff555766d2bec8a2c8/element/f.0F1FAEEE2861019DFD6915B8D9C967AD.d.9935B3E6DDBB48675BA73D8B6A3E5EE7.e.3224/click - {}
RESULT: {}
COMMAND: GET /session/17938e7f8541bcff555766d2bec8a2c8/screenshot - {}
RESULT: {}
COMMAND: POST /session/17938e7f8541bcff555766d2bec8a2c8/execute/async - {"script":"<script> [1562 bytes]","args":[{"selector":{"controlType":"sap.m.GenericTile","properties":{"header":"Manage Resources"}},"wdio_ui5_key":"sapm.GenericTile{\"header\":\"Manage Resources\"}"}]}
RESULT: {"script":"<script> [1562 bytes]","args":[{"selector":{"controlType":"sap.m.GenericTile","properties":{"header":"Manage Resources"}},"wdio_ui5_key":"sapm.GenericTile{\"header\":\"Manage Resources\"}"}]}
RESULT: undefined
COMMAND: POST /session/17938e7f8541bcff555766d2bec8a2c8/element - {"using":"xpath","value":"//*[@id=\"__tile39\"]"}
RESULT: {"using":"xpath","value":"//*[@id=\"__tile39\"]"}
COMMAND: POST /session/17938e7f8541bcff555766d2bec8a2c8/element/f.0F1FAEEE2861019DFD6915B8D9C967AD.d.9935B3E6DDBB48675BA73D8B6A3E5EE7.e.3408/click - {}
RESULT: {}
COMMAND: GET /session/17938e7f8541bcff555766d2bec8a2c8/screenshot - {}
RESULT: {}
COMMAND: POST /session/17938e7f8541bcff555766d2bec8a2c8/elements - {"using":"xpath","value":"//span[text()='Error']"}
RESULT: {"using":"xpath","value":"//span[text()='Error']"}
COMMAND: POST /session/17938e7f8541bcff555766d2bec8a2c8/element - {"using":"xpath","value":"//button[@data-kt=\"addNewRUOverflowToolbarButton\"]"}
RESULT: {"using":"xpath","value":"//button[@data-kt=\"addNewRUOverflowToolbarButton\"]"}
COMMAND: POST /session/17938e7f8541bcff555766d2bec8a2c8/execute/sync - {"script":"<script> [8489 bytes]","args":[{"element-6066-11e4-a52e-4f735466cecf":"f.0F1FAEEE2861019DFD6915B8D9C967AD.d.9935B3E6DDBB48675BA73D8B6A3E5EE7.e.3449","ELEMENT":"f.0F1FAEEE2861019DFD6915B8D9C967AD.d.9935B3E6DDBB48675BA73D8B6A3E5EE7.e.3449"}]}
RESULT: {"script":"<script> [8489 bytes]","args":[{"element-6066-11e4-a52e-4f735466cecf":"f.0F1FAEEE2861019DFD6915B8D9C967AD.d.9935B3E6DDBB48675BA73D8B6A3E5EE7.e.3449","ELEMENT":"f.0F1FAEEE2861019DFD6915B8D9C967AD.d.9935B3E6DDBB48675BA73D8B6A3E5EE7.e.3449"}]}
COMMAND: POST /session/17938e7f8541bcff555766d2bec8a2c8/element/f.0F1FAEEE2861019DFD6915B8D9C967AD.d.9935B3E6DDBB48675BA73D8B6A3E5EE7.e.3449/click - {}
COMMAND: GET /session/17938e7f8541bcff555766d2bec8a2c8/screenshot - {}
RESULT: {}
COMMAND: GET /session/17938e7f8541bcff555766d2bec8a2c8/screenshot - {}
COMMAND: POST /session/17938e7f8541bcff555766d2bec8a2c8/execute/async - {"script":"<script> [1562 bytes]","args":[{"selector":{"id":"application-manageresources-display-component---newResourceUnit--TYPE-arrow"},"wdio_ui5_key":"applicationmanageresources-display-component---newResourceUnit--TYPE-arrow"}]}
RESULT: {}
RESULT: {}
RESULT: {"script":"<script> [1562 bytes]","args":[{"selector":{"id":"application-manageresources-display-component---newResourceUnit--TYPE-arrow"},"wdio_ui5_key":"applicationmanageresources-display-component---newResourceUnit--TYPE-arrow"}]}
RESULT: undefined
COMMAND: POST /session/17938e7f8541bcff555766d2bec8a2c8/element - {"using":"xpath","value":"//*[@id=\"application-manageresources-display-component---newResourceUnit--TYPE-arrow\"]"}
RESULT: {"using":"xpath","value":"//*[@id=\"application-manageresources-display-component---newResourceUnit--TYPE-arrow\"]"}
COMMAND: POST /session/17938e7f8541bcff555766d2bec8a2c8/element/f.0F1FAEEE2861019DFD6915B8D9C967AD.d.9935B3E6DDBB48675BA73D8B6A3E5EE7.e.3773/click - {}
RESULT: {}
COMMAND: POST /session/17938e7f8541bcff555766d2bec8a2c8/execute/async - {"script":"<script> [1562 bytes]","args":[{"selector":{"controlType":"sap.m.StandardListItem","viewName":"reusables.view.manageresources.NewResourceUnit","viewId":"application-manageresources-display-component---newResourceUnit","properties":{"title":"Equipment"},"searchOpenDialogs":true,"interaction":{"idSuffix":"content"}},"wdio_ui5_key":"reusablesview.manageresources.NewResourceUnitsap.m.StandardListItem{\"title\":\"Equipment\"}"}]}
COMMAND: GET /session/17938e7f8541bcff555766d2bec8a2c8/screenshot - {}
RESULT: {"script":"<script> [1562 bytes]","args":[{"selector":{"controlType":"sap.m.StandardListItem","viewName":"reusables.view.manageresources.NewResourceUnit","viewId":"application-manageresources-display-component---newResourceUnit","properties":{"title":"Equipment"},"searchOpenDialogs":true,"interaction":{"idSuffix":"content"}},"wdio_ui5_key":"reusablesview.manageresources.NewResourceUnitsap.m.StandardListItem{\"title\":\"Equipment\"}"}]}
RESULT: undefined
COMMAND: POST /session/17938e7f8541bcff555766d2bec8a2c8/element - {"using":"xpath","value":"//*[@id=\"__item185\"]"}
RESULT: {}
RESULT: {"using":"xpath","value":"//*[@id=\"__item185\"]"}
COMMAND: POST /session/17938e7f8541bcff555766d2bec8a2c8/element/f.0F1FAEEE2861019DFD6915B8D9C967AD.d.9935B3E6DDBB48675BA73D8B6A3E5EE7.e.3776/click - {}
RESULT: {}
COMMAND: POST /session/17938e7f8541bcff555766d2bec8a2c8/execute/async - {"script":"<script> [1562 bytes]","args":[{"selector":{"id":"application-manageresources-display-component---newResourceUnit--resourceId","interaction":{"idSuffix":"inner"}},"wdio_ui5_key":"applicationmanageresources-display-component---newResourceUnit--resourceId"}]}
COMMAND: GET /session/17938e7f8541bcff555766d2bec8a2c8/screenshot - {}
RESULT: {"script":"<script> [1562 bytes]","args":[{"selector":{"id":"application-manageresources-display-component---newResourceUnit--resourceId","interaction":{"idSuffix":"inner"}},"wdio_ui5_key":"applicationmanageresources-display-component---newResourceUnit--resourceId"}]}
RESULT: undefined
COMMAND: POST /session/17938e7f8541bcff555766d2bec8a2c8/execute/async - {"script":"<script> [776 bytes]","args":[{"enterText":"WdIOTestEquipa35wo","selector":{"id":"application-manageresources-display-component---newResourceUnit--resourceId","interaction":{"idSuffix":"inner"}},"clearTextFirst":true,"interactionType":"ENTER_TEXT"}]}
RESULT: {}
RESULT: {"script":"<script> [776 bytes]","args":[{"enterText":"WdIOTestEquipa35wo","selector":{"id":"application-manageresources-display-component---newResourceUnit--resourceId","interaction":{"idSuffix":"inner"}},"clearTextFirst":true,"interactionType":"ENTER_TEXT"}]}
COMMAND: POST /session/17938e7f8541bcff555766d2bec8a2c8/execute/async - {"script":"<script> [1562 bytes]","args":[{"selector":{"id":"application-manageresources-display-component---newResourceUnit--SHORT_TEXT","interaction":{"idSuffix":"inner"}},"wdio_ui5_key":"applicationmanageresources-display-component---newResourceUnit--SHORT_TEXT"}]}
RESULT: {"script":"<script> [1562 bytes]","args":[{"selector":{"id":"application-manageresources-display-component---newResourceUnit--SHORT_TEXT","interaction":{"idSuffix":"inner"}},"wdio_ui5_key":"applicationmanageresources-display-component---newResourceUnit--SHORT_TEXT"}]}
RESULT: undefined
COMMAND: POST /session/17938e7f8541bcff555766d2bec8a2c8/execute/async - {"script":"<script> [776 bytes]","args":[{"enterText":"WdIOTestEquipa35wo","selector":{"id":"application-manageresources-display-component---newResourceUnit--SHORT_TEXT","interaction":{"idSuffix":"inner"}},"clearTextFirst":true,"interactionType":"ENTER_TEXT"}]}
RESULT: {"script":"<script> [776 bytes]","args":[{"enterText":"WdIOTestEquipa35wo","selector":{"id":"application-manageresources-display-component---newResourceUnit--SHORT_TEXT","interaction":{"idSuffix":"inner"}},"clearTextFirst":true,"interactionType":"ENTER_TEXT"}]}
COMMAND: POST /session/17938e7f8541bcff555766d2bec8a2c8/execute/async - {"script":"<script> [1562 bytes]","args":[{"selector":{"id":"application-manageresources-display-component---newResourceUnit--BASE_UNIT_OF_MEASURE","interaction":{"idSuffix":"inner"}},"wdio_ui5_key":"applicationmanageresources-display-component---newResourceUnit--BASE_UNIT_OF_MEASURE"}]}
RESULT: {"script":"<script> [1562 bytes]","args":[{"selector":{"id":"application-manageresources-display-component---newResourceUnit--BASE_UNIT_OF_MEASURE","interaction":{"idSuffix":"inner"}},"wdio_ui5_key":"applicationmanageresources-display-component---newResourceUnit--BASE_UNIT_OF_MEASURE"}]}
RESULT: undefined
COMMAND: POST /session/17938e7f8541bcff555766d2bec8a2c8/execute/async - {"script":"<script> [776 bytes]","args":[{"enterText":"Piece","selector":{"id":"application-manageresources-display-component---newResourceUnit--BASE_UNIT_OF_MEASURE","interaction":{"idSuffix":"inner"}},"clearTextFirst":true,"interactionType":"ENTER_TEXT"}]}
RESULT: {"script":"<script> [776 bytes]","args":[{"enterText":"Piece","selector":{"id":"application-manageresources-display-component---newResourceUnit--BASE_UNIT_OF_MEASURE","interaction":{"idSuffix":"inner"}},"clearTextFirst":true,"interactionType":"ENTER_TEXT"}]}
COMMAND: POST /session/17938e7f8541bcff555766d2bec8a2c8/execute/async - {"script":"<script> [1562 bytes]","args":[{"selector":{"id":"application-manageresources-display-component---newResourceUnit--WEIGHT_UNIT","interaction":{"idSuffix":"inner"}},"wdio_ui5_key":"applicationmanageresources-display-component---newResourceUnit--WEIGHT_UNIT"}]}
RESULT: {"script":"<script> [1562 bytes]","args":[{"selector":{"id":"application-manageresources-display-component---newResourceUnit--WEIGHT_UNIT","interaction":{"idSuffix":"inner"}},"wdio_ui5_key":"applicationmanageresources-display-component---newResourceUnit--WEIGHT_UNIT"}]}
RESULT: undefined
COMMAND: POST /session/17938e7f8541bcff555766d2bec8a2c8/execute/async - {"script":"<script> [776 bytes]","args":[{"enterText":"Gram","selector":{"id":"application-manageresources-display-component---newResourceUnit--WEIGHT_UNIT","interaction":{"idSuffix":"inner"}},"clearTextFirst":true,"interactionType":"ENTER_TEXT"}]}
RESULT: {"script":"<script> [776 bytes]","args":[{"enterText":"Gram","selector":{"id":"application-manageresources-display-component---newResourceUnit--WEIGHT_UNIT","interaction":{"idSuffix":"inner"}},"clearTextFirst":true,"interactionType":"ENTER_TEXT"}]}
COMMAND: POST /session/17938e7f8541bcff555766d2bec8a2c8/execute/async - {"script":"<script> [1562 bytes]","args":[{"selector":{"id":"application-manageresources-display-component---newResourceUnit--newRRUPage-OPHeaderContent-collapseBtn-img"},"wdio_ui5_key":"applicationmanageresources-display-component---newResourceUnit--newRRUPage-OPHeaderContent-collapseBtn-img"}]}
RESULT: {"script":"<script> [1562 bytes]","args":[{"selector":{"id":"application-manageresources-display-component---newResourceUnit--newRRUPage-OPHeaderContent-collapseBtn-img"},"wdio_ui5_key":"applicationmanageresources-display-component---newResourceUnit--newRRUPage-OPHeaderContent-collapseBtn-img"}]}
RESULT: undefined
COMMAND: POST /session/17938e7f8541bcff555766d2bec8a2c8/element - {"using":"xpath","value":"//*[@id=\"application-manageresources-display-component---newResourceUnit--newRRUPage-OPHeaderContent-collapseBtn-img\"]"}
RESULT: {"using":"xpath","value":"//*[@id=\"application-manageresources-display-component---newResourceUnit--newRRUPage-OPHeaderContent-collapseBtn-img\"]"}
COMMAND: POST /session/17938e7f8541bcff555766d2bec8a2c8/element/f.0F1FAEEE2861019DFD6915B8D9C967AD.d.9935B3E6DDBB48675BA73D8B6A3E5EE7.e.3784/click - {}
RESULT: {}
COMMAND: GET /session/17938e7f8541bcff555766d2bec8a2c8/screenshot - {}
RESULT: {}
COMMAND: POST /session/17938e7f8541bcff555766d2bec8a2c8/element - {"using":"xpath","value":"(//span[contains(@id ,\"application-manageresources-display-component---newResourceUnit--DIMENSION_UNIT-arrow\")])[1]"}
RESULT: {"using":"xpath","value":"(//span[contains(@id ,\"application-manageresources-display-component---newResourceUnit--DIMENSION_UNIT-arrow\")])[1]"}
COMMAND: POST /session/17938e7f8541bcff555766d2bec8a2c8/element/f.0F1FAEEE2861019DFD6915B8D9C967AD.d.9935B3E6DDBB48675BA73D8B6A3E5EE7.e.3934/click - {}
RESULT: {}
COMMAND: GET /session/17938e7f8541bcff555766d2bec8a2c8/screenshot - {}
RESULT: {}
COMMAND: POST /session/17938e7f8541bcff555766d2bec8a2c8/execute/async - {"script":"<script> [1562 bytes]","args":[{"selector":{"controlType":"sap.m.StandardListItem","viewName":"reusables.view.manageresources.NewResourceUnit","viewId":"application-manageresources-display-component---newResourceUnit","properties":{"title":"Centimeter"},"searchOpenDialogs":true,"interaction":{"idSuffix":"titleText"}},"wdio_ui5_key":"reusablesview.manageresources.NewResourceUnitsap.m.StandardListItem{\"title\":\"Centimeter\"}"}]}
RESULT: {"script":"<script> [1562 bytes]","args":[{"selector":{"controlType":"sap.m.StandardListItem","viewName":"reusables.view.manageresources.NewResourceUnit","viewId":"application-manageresources-display-component---newResourceUnit","properties":{"title":"Centimeter"},"searchOpenDialogs":true,"interaction":{"idSuffix":"titleText"}},"wdio_ui5_key":"reusablesview.manageresources.NewResourceUnitsap.m.StandardListItem{\"title\":\"Centimeter\"}"}]}
RESULT: undefined
COMMAND: POST /session/17938e7f8541bcff555766d2bec8a2c8/element - {"using":"xpath","value":"//*[@id=\"__item245\"]"}
RESULT: {"using":"xpath","value":"//*[@id=\"__item245\"]"}
COMMAND: POST /session/17938e7f8541bcff555766d2bec8a2c8/element/f.0F1FAEEE2861019DFD6915B8D9C967AD.d.9935B3E6DDBB48675BA73D8B6A3E5EE7.e.3936/click - {}
RESULT: {}
COMMAND: GET /session/17938e7f8541bcff555766d2bec8a2c8/screenshot - {}
RESULT: {}
COMMAND: POST /session/17938e7f8541bcff555766d2bec8a2c8/execute/async - {"script":"<script> [1562 bytes]","args":[{"selector":{"id":"application-manageresources-display-component---newResourceUnit--newRRUPage-anchBar-application-manageresources-display-component---newResourceUnit--control-anchor","interaction":{"idSuffix":"BDI-content"}},"wdio_ui5_key":"applicationmanageresources-display-component---newResourceUnit--newRRUPage-anchBar-application-manageresources-display-component---newResourceUnit--control-anchor"}]}
RESULT: {"script":"<script> [1562 bytes]","args":[{"selector":{"id":"application-manageresources-display-component---newResourceUnit--newRRUPage-anchBar-application-manageresources-display-component---newResourceUnit--control-anchor","interaction":{"idSuffix":"BDI-content"}},"wdio_ui5_key":"applicationmanageresources-display-component---newResourceUnit--newRRUPage-anchBar-application-manageresources-display-component---newResourceUnit--control-anchor"}]}
RESULT: undefined
COMMAND: POST /session/17938e7f8541bcff555766d2bec8a2c8/element - {"using":"xpath","value":"//*[@id=\"application-manageresources-display-component---newResourceUnit--newRRUPage-anchBar-application-manageresources-display-component---newResourceUnit--control-anchor\"]"}
RESULT: {"using":"xpath","value":"//*[@id=\"application-manageresources-display-component---newResourceUnit--newRRUPage-anchBar-application-manageresources-display-component---newResourceUnit--control-anchor\"]"}
COMMAND: POST /session/17938e7f8541bcff555766d2bec8a2c8/element/f.0F1FAEEE2861019DFD6915B8D9C967AD.d.9935B3E6DDBB48675BA73D8B6A3E5EE7.e.3938/click - {}
RESULT: {}
COMMAND: POST /session/17938e7f8541bcff555766d2bec8a2c8/execute/async - {"script":"<script> [1562 bytes]","args":[{"selector":{"id":"application-manageresources-display-component---newResourceUnit--PLANNING_GROUP","interaction":{"idSuffix":"inner"}},"wdio_ui5_key":"applicationmanageresources-display-component---newResourceUnit--PLANNING_GROUP"}]}
COMMAND: GET /session/17938e7f8541bcff555766d2bec8a2c8/screenshot - {}
RESULT: {"script":"<script> [1562 bytes]","args":[{"selector":{"id":"application-manageresources-display-component---newResourceUnit--PLANNING_GROUP","interaction":{"idSuffix":"inner"}},"wdio_ui5_key":"applicationmanageresources-display-component---newResourceUnit--PLANNING_GROUP"}]}
RESULT: undefined
COMMAND: POST /session/17938e7f8541bcff555766d2bec8a2c8/execute/async - {"script":"<script> [776 bytes]","args":[{"enterText":"Heavy Equi","selector":{"id":"application-manageresources-display-component---newResourceUnit--PLANNING_GROUP","interaction":{"idSuffix":"inner"}},"clearTextFirst":true,"interactionType":"ENTER_TEXT"}]}
RESULT: {}
RESULT: {"script":"<script> [776 bytes]","args":[{"enterText":"Heavy Equi","selector":{"id":"application-manageresources-display-component---newResourceUnit--PLANNING_GROUP","interaction":{"idSuffix":"inner"}},"clearTextFirst":true,"interactionType":"ENTER_TEXT"}]}
COMMAND: POST /session/17938e7f8541bcff555766d2bec8a2c8/execute/async - {"script":"<script> [1562 bytes]","args":[{"selector":{"id":"application-manageresources-display-component---newResourceUnit--ITEM_TYPE-arrow"},"wdio_ui5_key":"applicationmanageresources-display-component---newResourceUnit--ITEM_TYPE-arrow"}]}
RESULT: {"script":"<script> [1562 bytes]","args":[{"selector":{"id":"application-manageresources-display-component---newResourceUnit--ITEM_TYPE-arrow"},"wdio_ui5_key":"applicationmanageresources-display-component---newResourceUnit--ITEM_TYPE-arrow"}]}
RESULT: undefined
COMMAND: POST /session/17938e7f8541bcff555766d2bec8a2c8/element - {"using":"xpath","value":"//*[@id=\"application-manageresources-display-component---newResourceUnit--ITEM_TYPE-arrow\"]"}
RESULT: {"using":"xpath","value":"//*[@id=\"application-manageresources-display-component---newResourceUnit--ITEM_TYPE-arrow\"]"}
COMMAND: POST /session/17938e7f8541bcff555766d2bec8a2c8/element/f.0F1FAEEE2861019DFD6915B8D9C967AD.d.9935B3E6DDBB48675BA73D8B6A3E5EE7.e.3945/click - {}
RESULT: {}
COMMAND: POST /session/17938e7f8541bcff555766d2bec8a2c8/execute/async - {"script":"<script> [1562 bytes]","args":[{"selector":{"controlType":"sap.m.StandardListItem","viewName":"reusables.view.manageresources.NewResourceUnit","viewId":"application-manageresources-display-component---newResourceUnit","properties":{"title":"Resource Unit"},"searchOpenDialogs":true,"interaction":{"idSuffix":"titleText"}},"wdio_ui5_key":"reusablesview.manageresources.NewResourceUnitsap.m.StandardListItem{\"title\":\"Resource Unit\"}"}]}
COMMAND: GET /session/17938e7f8541bcff555766d2bec8a2c8/screenshot - {}
RESULT: {"script":"<script> [1562 bytes]","args":[{"selector":{"controlType":"sap.m.StandardListItem","viewName":"reusables.view.manageresources.NewResourceUnit","viewId":"application-manageresources-display-component---newResourceUnit","properties":{"title":"Resource Unit"},"searchOpenDialogs":true,"interaction":{"idSuffix":"titleText"}},"wdio_ui5_key":"reusablesview.manageresources.NewResourceUnitsap.m.StandardListItem{\"title\":\"Resource Unit\"}"}]}
RESULT: undefined
COMMAND: POST /session/17938e7f8541bcff555766d2bec8a2c8/element - {"using":"xpath","value":"//*[@id=\"__item267\"]"}
RESULT: {}
RESULT: {"using":"xpath","value":"//*[@id=\"__item267\"]"}
COMMAND: POST /session/17938e7f8541bcff555766d2bec8a2c8/element/f.0F1FAEEE2861019DFD6915B8D9C967AD.d.9935B3E6DDBB48675BA73D8B6A3E5EE7.e.3947/click - {}
RESULT: {}
COMMAND: POST /session/17938e7f8541bcff555766d2bec8a2c8/element - {"using":"xpath","value":"//bdi[contains(text(), \"Time Segment\")]"}
COMMAND: GET /session/17938e7f8541bcff555766d2bec8a2c8/screenshot - {}
RESULT: {"using":"xpath","value":"//bdi[contains(text(), \"Time Segment\")]"}
COMMAND: GET /session/17938e7f8541bcff555766d2bec8a2c8/element/f.0F1FAEEE2861019DFD6915B8D9C967AD.d.9935B3E6DDBB48675BA73D8B6A3E5EE7.e.3954/rect - {}
RESULT: {}
RESULT: {}
COMMAND: GET /session/17938e7f8541bcff555766d2bec8a2c8/window/rect - {}
RESULT: {}
COMMAND: POST /session/17938e7f8541bcff555766d2bec8a2c8/execute/sync - {"script":"<script> [92 bytes]","args":[]}
RESULT: {"script":"<script> [92 bytes]","args":[]}
COMMAND: POST /session/17938e7f8541bcff555766d2bec8a2c8/actions - {"actions":[{"id":"action7","type":"wheel","parameters":{},"actions":[{"type":"scroll","x":-1820,"y":-21,"deltaX":0,"deltaY":0,"duration":0,"origin":{"element-6066-11e4-a52e-4f735466cecf":"f.0F1FAEEE2861019DFD6915B8D9C967AD.d.9935B3E6DDBB48675BA73D8B6A3E5EE7.e.3954"}}]}]}
COMMAND: GET /session/17938e7f8541bcff555766d2bec8a2c8/screenshot - {}
RESULT: {}
COMMAND: POST /session/17938e7f8541bcff555766d2bec8a2c8/execute/sync - {"script":"<script> [79 bytes]","args":[{"element-6066-11e4-a52e-4f735466cecf":"f.0F1FAEEE2861019DFD6915B8D9C967AD.d.9935B3E6DDBB48675BA73D8B6A3E5EE7.e.3954","ELEMENT":"f.0F1FAEEE2861019DFD6915B8D9C967AD.d.9935B3E6DDBB48675BA73D8B6A3E5EE7.e.3954"},{"block":"start","inline":"nearest"}]}
RESULT: {"script":"<script> [79 bytes]","args":[{"element-6066-11e4-a52e-4f735466cecf":"f.0F1FAEEE2861019DFD6915B8D9C967AD.d.9935B3E6DDBB48675BA73D8B6A3E5EE7.e.3954","ELEMENT":"f.0F1FAEEE2861019DFD6915B8D9C967AD.d.9935B3E6DDBB48675BA73D8B6A3E5EE7.e.3954"},{"block":"start","inline":"nearest"}]}
COMMAND: POST /session/17938e7f8541bcff555766d2bec8a2c8/execute/async - {"script":"<script> [1562 bytes]","args":[{"selector":{"id":"application-manageresources-display-component---newResourceUnit--btnAddTimeSegment-img"},"wdio_ui5_key":"applicationmanageresources-display-component---newResourceUnit--btnAddTimeSegment-img"}]}
COMMAND: GET /session/17938e7f8541bcff555766d2bec8a2c8/screenshot - {}
RESULT: {"script":"<script> [1562 bytes]","args":[{"selector":{"id":"application-manageresources-display-component---newResourceUnit--btnAddTimeSegment-img"},"wdio_ui5_key":"applicationmanageresources-display-component---newResourceUnit--btnAddTimeSegment-img"}]}
RESULT: undefined
COMMAND: POST /session/17938e7f8541bcff555766d2bec8a2c8/element - {"using":"xpath","value":"//*[@id=\"application-manageresources-display-component---newResourceUnit--btnAddTimeSegment-img\"]"}
RESULT: {}
RESULT: {"using":"xpath","value":"//*[@id=\"application-manageresources-display-component---newResourceUnit--btnAddTimeSegment-img\"]"}
COMMAND: POST /session/17938e7f8541bcff555766d2bec8a2c8/element/f.0F1FAEEE2861019DFD6915B8D9C967AD.d.9935B3E6DDBB48675BA73D8B6A3E5EE7.e.3957/click - {}
RESULT: {}
COMMAND: GET /session/17938e7f8541bcff555766d2bec8a2c8/screenshot - {}
RESULT: {}
COMMAND: POST /session/17938e7f8541bcff555766d2bec8a2c8/element - {"using":"xpath","value":"//input[@id=\"application-manageresources-display-component---newResourceUnit--idRuTSAdmin-application-manageresources-display-component---newResourceUnit--RUTimeSegment-0-inner\"]"}
RESULT: {"using":"xpath","value":"//input[@id=\"application-manageresources-display-component---newResourceUnit--idRuTSAdmin-application-manageresources-display-component---newResourceUnit--RUTimeSegment-0-inner\"]"}
COMMAND: POST /session/17938e7f8541bcff555766d2bec8a2c8/element/f.0F1FAEEE2861019DFD6915B8D9C967AD.d.9935B3E6DDBB48675BA73D8B6A3E5EE7.e.3961/clear - {}
RESULT: {}
COMMAND: POST /session/17938e7f8541bcff555766d2bec8a2c8/element/f.0F1FAEEE2861019DFD6915B8D9C967AD.d.9935B3E6DDBB48675BA73D8B6A3E5EE7.e.3961/value - {"text":"WebdriverYardjxvo1"}
COMMAND: GET /session/17938e7f8541bcff555766d2bec8a2c8/screenshot - {}
RESULT: {"text":"WebdriverYardjxvo1"}
COMMAND: GET /session/17938e7f8541bcff555766d2bec8a2c8/screenshot - {}
RESULT: {}
RESULT: {}
COMMAND: POST /session/17938e7f8541bcff555766d2bec8a2c8/actions - {"actions":[{"id":"action8","type":"key","parameters":{},"actions":[{"type":"keyDown","value":"î€‡"},{"type":"pause","duration":10},{"type":"keyUp","value":"î€‡"}]}]}
RESULT: {"actions":[{"id":"action8","type":"key","parameters":{},"actions":[{"type":"keyDown","value":"î€‡"},{"type":"pause","duration":10},{"type":"keyUp","value":"î€‡"}]}]}
COMMAND: POST /session/17938e7f8541bcff555766d2bec8a2c8/execute/async - {"script":"<script> [1562 bytes]","args":[{"selector":{"controlType":"sap.ui.core.Icon","viewName":"reusables.view.manageresources.NewResourceUnit","viewId":"application-manageresources-display-component---newResourceUnit","properties":{"src":{"regex":{"source":"slim\\-arrow\\-down"}}},"ancestor":{"controlType":"sap.m.ComboBox","viewName":"reusables.view.manageresources.NewResourceUnit","viewId":"application-manageresources-display-component---newResourceUnit","bindingPath":{"path":"/RESOURCE_UNIT_TIME_SEQUENCES/0","propertyPath":"COST_OBJECT_ADMIN_CST_TYPE","modelName":"oNewRruModel"}}},"wdio_ui5_key":"reusablesview.manageresources.NewResourceUnitsap.ui.core.Icon{\"src\":{\"regex\":{\"source\":\"slim\\\\-arrow\\\\-down\"}}}{\"controlType\":\"sap.m.ComboBox\",\"viewName\":\"reusables.view.manageresources.NewResourceUnit\",\"viewId\":\"application-manageresources-display-component---newResourceUnit\",\"bindingPath\":{\"path\":\"/RESOURCE_UNIT_TIME_SEQUENCES/0\",\"propertyPath\":\"COST_OBJECT_ADMIN_CST_TYPE\",\"modelName\":\"oNewRruModel\"}}"}]}
COMMAND: GET /session/17938e7f8541bcff555766d2bec8a2c8/screenshot - {}
RESULT: {"script":"<script> [1562 bytes]","args":[{"selector":{"controlType":"sap.ui.core.Icon","viewName":"reusables.view.manageresources.NewResourceUnit","viewId":"application-manageresources-display-component---newResourceUnit","properties":{"src":{"regex":{"source":"slim\\-arrow\\-down"}}},"ancestor":{"controlType":"sap.m.ComboBox","viewName":"reusables.view.manageresources.NewResourceUnit","viewId":"application-manageresources-display-component---newResourceUnit","bindingPath":{"path":"/RESOURCE_UNIT_TIME_SEQUENCES/0","propertyPath":"COST_OBJECT_ADMIN_CST_TYPE","modelName":"oNewRruModel"}}},"wdio_ui5_key":"reusablesview.manageresources.NewResourceUnitsap.ui.core.Icon{\"src\":{\"regex\":{\"source\":\"slim\\\\-arrow\\\\-down\"}}}{\"controlType\":\"sap.m.ComboBox\",\"viewName\":\"reusables.view.manageresources.NewResourceUnit\",\"viewId\":\"application-manageresources-display-component---newResourceUnit\",\"bindingPath\":{\"path\":\"/RESOURCE_UNIT_TIME_SEQUENCES/0\",\"propertyPath\":\"COST_OBJECT_ADMIN_CST_TYPE\",\"modelName\":\"oNewRruModel\"}}"}]}
RESULT: undefined
COMMAND: POST /session/17938e7f8541bcff555766d2bec8a2c8/element - {"using":"xpath","value":"//*[@id=\"__box7-application-manageresources-display-component---newResourceUnit--RUTimeSegment-0-arrow\"]"}
RESULT: {}
RESULT: {"using":"xpath","value":"//*[@id=\"__box7-application-manageresources-display-component---newResourceUnit--RUTimeSegment-0-arrow\"]"}
COMMAND: POST /session/17938e7f8541bcff555766d2bec8a2c8/element/f.0F1FAEEE2861019DFD6915B8D9C967AD.d.9935B3E6DDBB48675BA73D8B6A3E5EE7.e.3975/click - {}
RESULT: {}
COMMAND: POST /session/17938e7f8541bcff555766d2bec8a2c8/execute/async - {"script":"<script> [1562 bytes]","args":[{"selector":{"controlType":"sap.m.StandardListItem","viewName":"reusables.view.manageresources.NewResourceUnit","viewId":"application-manageresources-display-component---newResourceUnit","properties":{"title":"PM Order"},"searchOpenDialogs":true,"interaction":{"idSuffix":"titleText"}},"wdio_ui5_key":"reusablesview.manageresources.NewResourceUnitsap.m.StandardListItem{\"title\":\"PM Order\"}"}]}
COMMAND: GET /session/17938e7f8541bcff555766d2bec8a2c8/screenshot - {}
RESULT: {"script":"<script> [1562 bytes]","args":[{"selector":{"controlType":"sap.m.StandardListItem","viewName":"reusables.view.manageresources.NewResourceUnit","viewId":"application-manageresources-display-component---newResourceUnit","properties":{"title":"PM Order"},"searchOpenDialogs":true,"interaction":{"idSuffix":"titleText"}},"wdio_ui5_key":"reusablesview.manageresources.NewResourceUnitsap.m.StandardListItem{\"title\":\"PM Order\"}"}]}
RESULT: undefined
COMMAND: POST /session/17938e7f8541bcff555766d2bec8a2c8/element - {"using":"xpath","value":"//*[@id=\"__item1424\"]"}
RESULT: {}
RESULT: {"using":"xpath","value":"//*[@id=\"__item1424\"]"}
COMMAND: POST /session/17938e7f8541bcff555766d2bec8a2c8/element/f.0F1FAEEE2861019DFD6915B8D9C967AD.d.9935B3E6DDBB48675BA73D8B6A3E5EE7.e.3979/click - {}
RESULT: {}
COMMAND: GET /session/17938e7f8541bcff555766d2bec8a2c8/screenshot - {}
RESULT: {}
COMMAND: POST /session/17938e7f8541bcff555766d2bec8a2c8/element - {"using":"xpath","value":"(//input[contains(@id ,\"-application-manageresources-display-component---newResourceUnit--RUTimeSegment-0-inner\")])[8]"}
RESULT: {"using":"xpath","value":"(//input[contains(@id ,\"-application-manageresources-display-component---newResourceUnit--RUTimeSegment-0-inner\")])[8]"}
COMMAND: POST /session/17938e7f8541bcff555766d2bec8a2c8/element/f.0F1FAEEE2861019DFD6915B8D9C967AD.d.9935B3E6DDBB48675BA73D8B6A3E5EE7.e.3982/clear - {}
RESULT: {}
COMMAND: POST /session/17938e7f8541bcff555766d2bec8a2c8/element/f.0F1FAEEE2861019DFD6915B8D9C967AD.d.9935B3E6DDBB48675BA73D8B6A3E5EE7.e.3982/value - {"text":"4000360"}
COMMAND: GET /session/17938e7f8541bcff555766d2bec8a2c8/screenshot - {}
RESULT: {"text":"4000360"}
COMMAND: GET /session/17938e7f8541bcff555766d2bec8a2c8/screenshot - {}
RESULT: {}
RESULT: {}
COMMAND: POST /session/17938e7f8541bcff555766d2bec8a2c8/actions - {"actions":[{"id":"action9","type":"key","parameters":{},"actions":[{"type":"keyDown","value":"î€‡"},{"type":"pause","duration":10},{"type":"keyUp","value":"î€‡"}]}]}
RESULT: {"actions":[{"id":"action9","type":"key","parameters":{},"actions":[{"type":"keyDown","value":"î€‡"},{"type":"pause","duration":10},{"type":"keyUp","value":"î€‡"}]}]}
COMMAND: GET /session/17938e7f8541bcff555766d2bec8a2c8/screenshot - {}
RESULT: {}
COMMAND: POST /session/17938e7f8541bcff555766d2bec8a2c8/element - {"using":"xpath","value":"//input[contains(@id ,\"application-manageresources-display-component---newResourceUnit--newTimeSegmentFromDatePicker-application-manageresources-display-component---newResourceUnit--RUTimeSegment-0-inner\")]"}
RESULT: {"using":"xpath","value":"//input[contains(@id ,\"application-manageresources-display-component---newResourceUnit--newTimeSegmentFromDatePicker-application-manageresources-display-component---newResourceUnit--RUTimeSegment-0-inner\")]"}
COMMAND: POST /session/17938e7f8541bcff555766d2bec8a2c8/element/f.0F1FAEEE2861019DFD6915B8D9C967AD.d.9935B3E6DDBB48675BA73D8B6A3E5EE7.e.3968/clear - {}
RESULT: {}
COMMAND: POST /session/17938e7f8541bcff555766d2bec8a2c8/element/f.0F1FAEEE2861019DFD6915B8D9C967AD.d.9935B3E6DDBB48675BA73D8B6A3E5EE7.e.3968/clear - {}
COMMAND: GET /session/17938e7f8541bcff555766d2bec8a2c8/screenshot - {}
RESULT: {}
RESULT: {}
COMMAND: POST /session/17938e7f8541bcff555766d2bec8a2c8/element/f.0F1FAEEE2861019DFD6915B8D9C967AD.d.9935B3E6DDBB48675BA73D8B6A3E5EE7.e.3968/value - {"text":"7/5/24"}
COMMAND: GET /session/17938e7f8541bcff555766d2bec8a2c8/screenshot - {}
RESULT: {"text":"7/5/24"}
COMMAND: POST /session/17938e7f8541bcff555766d2bec8a2c8/execute/async - {"script":"<script> [1562 bytes]","args":[{"selector":{"id":"application-manageresources-display-component---newResourceUnit--newRRUPage-anchBar-application-manageresources-display-component---newResourceUnit--resource-anchor","interaction":{"idSuffix":"BDI-content"}},"wdio_ui5_key":"applicationmanageresources-display-component---newResourceUnit--newRRUPage-anchBar-application-manageresources-display-component---newResourceUnit--resource-anchor"}]}
COMMAND: GET /session/17938e7f8541bcff555766d2bec8a2c8/screenshot - {}
RESULT: {}
RESULT: {"script":"<script> [1562 bytes]","args":[{"selector":{"id":"application-manageresources-display-component---newResourceUnit--newRRUPage-anchBar-application-manageresources-display-component---newResourceUnit--resource-anchor","interaction":{"idSuffix":"BDI-content"}},"wdio_ui5_key":"applicationmanageresources-display-component---newResourceUnit--newRRUPage-anchBar-application-manageresources-display-component---newResourceUnit--resource-anchor"}]}
RESULT: undefined
COMMAND: POST /session/17938e7f8541bcff555766d2bec8a2c8/element - {"using":"xpath","value":"//*[@id=\"application-manageresources-display-component---newResourceUnit--newRRUPage-anchBar-application-manageresources-display-component---newResourceUnit--resource-anchor\"]"}
RESULT: {}
RESULT: {"using":"xpath","value":"//*[@id=\"application-manageresources-display-component---newResourceUnit--newRRUPage-anchBar-application-manageresources-display-component---newResourceUnit--resource-anchor\"]"}
COMMAND: POST /session/17938e7f8541bcff555766d2bec8a2c8/element/f.0F1FAEEE2861019DFD6915B8D9C967AD.d.9935B3E6DDBB48675BA73D8B6A3E5EE7.e.4003/click - {}
RESULT: {}
COMMAND: POST /session/17938e7f8541bcff555766d2bec8a2c8/execute/async - {"script":"<script> [1562 bytes]","args":[{"selector":{"id":"application-manageresources-display-component---newResourceUnit--PLANNED_DELIVERY_DATE","interaction":{"idSuffix":"inner"}},"wdio_ui5_key":"applicationmanageresources-display-component---newResourceUnit--PLANNED_DELIVERY_DATE"}]}
COMMAND: GET /session/17938e7f8541bcff555766d2bec8a2c8/screenshot - {}
RESULT: {"script":"<script> [1562 bytes]","args":[{"selector":{"id":"application-manageresources-display-component---newResourceUnit--PLANNED_DELIVERY_DATE","interaction":{"idSuffix":"inner"}},"wdio_ui5_key":"applicationmanageresources-display-component---newResourceUnit--PLANNED_DELIVERY_DATE"}]}
RESULT: undefined
COMMAND: POST /session/17938e7f8541bcff555766d2bec8a2c8/execute/async - {"script":"<script> [6424 bytes]","args":[{"element-6066-11e4-a52e-4f735466cecf":"f.0F1FAEEE2861019DFD6915B8D9C967AD.d.9935B3E6DDBB48675BA73D8B6A3E5EE7.e.3831"},"setValue",["7/5/24"]]}
RESULT: {}
RESULT: {"script":"<script> [6424 bytes]","args":[{"element-6066-11e4-a52e-4f735466cecf":"f.0F1FAEEE2861019DFD6915B8D9C967AD.d.9935B3E6DDBB48675BA73D8B6A3E5EE7.e.3831"},"setValue",["7/5/24"]]}
COMMAND: POST /session/17938e7f8541bcff555766d2bec8a2c8/execute/async - {"script":"<script> [1562 bytes]","args":[{"selector":{"id":"application-manageresources-display-component---newResourceUnit--RETIRE_PLANNED_DATE","interaction":{"idSuffix":"inner"}},"wdio_ui5_key":"applicationmanageresources-display-component---newResourceUnit--RETIRE_PLANNED_DATE"}]}
RESULT: {"script":"<script> [1562 bytes]","args":[{"selector":{"id":"application-manageresources-display-component---newResourceUnit--RETIRE_PLANNED_DATE","interaction":{"idSuffix":"inner"}},"wdio_ui5_key":"applicationmanageresources-display-component---newResourceUnit--RETIRE_PLANNED_DATE"}]}
RESULT: undefined
COMMAND: POST /session/17938e7f8541bcff555766d2bec8a2c8/execute/async - {"script":"<script> [776 bytes]","args":[{"enterText":"3/14/29","selector":{"id":"application-manageresources-display-component---newResourceUnit--RETIRE_PLANNED_DATE","interaction":{"idSuffix":"inner"}},"clearTextFirst":true,"interactionType":"ENTER_TEXT"}]}
RESULT: {"script":"<script> [776 bytes]","args":[{"enterText":"3/14/29","selector":{"id":"application-manageresources-display-component---newResourceUnit--RETIRE_PLANNED_DATE","interaction":{"idSuffix":"inner"}},"clearTextFirst":true,"interactionType":"ENTER_TEXT"}]}
COMMAND: POST /session/17938e7f8541bcff555766d2bec8a2c8/execute/async - {"script":"<script> [1562 bytes]","args":[{"selector":{"controlType":"sap.m.Button","viewName":"reusables.view.manageresources.NewResourceUnit","viewId":"application-manageresources-display-component---newResourceUnit","i18NText":{"propertyName":"tooltip","key":"save"},"interaction":{"idSuffix":"BDI-content"}},"wdio_ui5_key":"reusablesview.manageresources.NewResourceUnitsap.m.Button{\"propertyName\":\"tooltip\",\"key\":\"save\"}"}]}
RESULT: {"script":"<script> [1562 bytes]","args":[{"selector":{"controlType":"sap.m.Button","viewName":"reusables.view.manageresources.NewResourceUnit","viewId":"application-manageresources-display-component---newResourceUnit","i18NText":{"propertyName":"tooltip","key":"save"},"interaction":{"idSuffix":"BDI-content"}},"wdio_ui5_key":"reusablesview.manageresources.NewResourceUnitsap.m.Button{\"propertyName\":\"tooltip\",\"key\":\"save\"}"}]}
RESULT: undefined
COMMAND: POST /session/17938e7f8541bcff555766d2bec8a2c8/element - {"using":"xpath","value":"//*[@id=\"application-manageresources-display-component---newResourceUnit--createRuButton\"]"}
RESULT: {"using":"xpath","value":"//*[@id=\"application-manageresources-display-component---newResourceUnit--createRuButton\"]"}
COMMAND: POST /session/17938e7f8541bcff555766d2bec8a2c8/element/f.0F1FAEEE2861019DFD6915B8D9C967AD.d.9935B3E6DDBB48675BA73D8B6A3E5EE7.e.3790/click - {}
RESULT: {}
COMMAND: GET /session/17938e7f8541bcff555766d2bec8a2c8/screenshot - {}
RESULT: {}
COMMAND: POST /session/17938e7f8541bcff555766d2bec8a2c8/execute/async - {"script":"<script> [1562 bytes]","args":[{"selector":{"controlType":"sap.m.Button","properties":{"text":"Close"},"searchOpenDialogs":true,"interaction":{"idSuffix":"inner"}},"wdio_ui5_key":"sapm.Button{\"text\":\"Close\"}"}]}
RESULT: {"script":"<script> [1562 bytes]","args":[{"selector":{"controlType":"sap.m.Button","properties":{"text":"Close"},"searchOpenDialogs":true,"interaction":{"idSuffix":"inner"}},"wdio_ui5_key":"sapm.Button{\"text\":\"Close\"}"}]}
RESULT: undefined
COMMAND: POST /session/17938e7f8541bcff555766d2bec8a2c8/element - {"using":"xpath","value":"//*[@id=\"__mbox-btn-0\"]"}
RESULT: {"using":"xpath","value":"//*[@id=\"__mbox-btn-0\"]"}
COMMAND: POST /session/17938e7f8541bcff555766d2bec8a2c8/element/f.0F1FAEEE2861019DFD6915B8D9C967AD.d.9935B3E6DDBB48675BA73D8B6A3E5EE7.e.4011/click - {}
RESULT: {}
COMMAND: GET /session/17938e7f8541bcff555766d2bec8a2c8/screenshot - {}
COMMAND: POST /session/17938e7f8541bcff555766d2bec8a2c8/execute/async - {"script":"<script> [1562 bytes]","args":[{"selector":{"controlType":"sap.m.Text","viewName":"etm.portal.ui.manageresources.view.Detail","viewId":"application-manageresources-display-component---detailRU","bindingPath":{"propertyPath":"ID","modelName":"catalogModel"}},"wdio_ui5_key":"etmportal.ui.manageresources.view.Detailsap.m.Text{\"propertyPath\":\"ID\",\"modelName\":\"catalogModel\"}"}]}
RESULT: {}
RESULT: {"script":"<script> [1562 bytes]","args":[{"selector":{"controlType":"sap.m.Text","viewName":"etm.portal.ui.manageresources.view.Detail","viewId":"application-manageresources-display-component---detailRU","bindingPath":{"propertyPath":"ID","modelName":"catalogModel"}},"wdio_ui5_key":"etmportal.ui.manageresources.view.Detailsap.m.Text{\"propertyPath\":\"ID\",\"modelName\":\"catalogModel\"}"}]}
RESULT: undefined
COMMAND: POST /session/17938e7f8541bcff555766d2bec8a2c8/execute/async - {"script":"<script> [6424 bytes]","args":[{"element-6066-11e4-a52e-4f735466cecf":"f.0F1FAEEE2861019DFD6915B8D9C967AD.d.9935B3E6DDBB48675BA73D8B6A3E5EE7.e.4069"},"getText",[]]}
RESULT: {"script":"<script> [6424 bytes]","args":[{"element-6066-11e4-a52e-4f735466cecf":"f.0F1FAEEE2861019DFD6915B8D9C967AD.d.9935B3E6DDBB48675BA73D8B6A3E5EE7.e.4069"},"getText",[]]}
COMMAND: POST /session/17938e7f8541bcff555766d2bec8a2c8/element - {"using":"css selector","value":"#shell-header-logo"}
RESULT: {"using":"css selector","value":"#shell-header-logo"}
COMMAND: POST /session/17938e7f8541bcff555766d2bec8a2c8/element/f.0F1FAEEE2861019DFD6915B8D9C967AD.d.9935B3E6DDBB48675BA73D8B6A3E5EE7.e.3410/click - {}
RESULT: {}
COMMAND: GET /session/17938e7f8541bcff555766d2bec8a2c8/screenshot - {}
RESULT: {}
COMMAND: POST /session/17938e7f8541bcff555766d2bec8a2c8/execute/async - {"script":"<script> [1562 bytes]","args":[{"selector":{"controlType":"sap.m.GenericTile","properties":{"header":"Manage Catalogs"}},"wdio_ui5_key":"sapm.GenericTile{\"header\":\"Manage Catalogs\"}"}]}
RESULT: {"script":"<script> [1562 bytes]","args":[{"selector":{"controlType":"sap.m.GenericTile","properties":{"header":"Manage Catalogs"}},"wdio_ui5_key":"sapm.GenericTile{\"header\":\"Manage Catalogs\"}"}]}
RESULT: undefined
COMMAND: POST /session/17938e7f8541bcff555766d2bec8a2c8/element - {"using":"xpath","value":"//*[@id=\"__tile37\"]"}
RESULT: {"using":"xpath","value":"//*[@id=\"__tile37\"]"}
COMMAND: POST /session/17938e7f8541bcff555766d2bec8a2c8/element/f.0F1FAEEE2861019DFD6915B8D9C967AD.d.9935B3E6DDBB48675BA73D8B6A3E5EE7.e.4071/click - {}
RESULT: {}
COMMAND: GET /session/17938e7f8541bcff555766d2bec8a2c8/screenshot - {}
RESULT: {}
COMMAND: POST /session/17938e7f8541bcff555766d2bec8a2c8/elements - {"using":"xpath","value":"//span[text()='Error']"}
RESULT: {"using":"xpath","value":"//span[text()='Error']"}
COMMAND: POST /session/17938e7f8541bcff555766d2bec8a2c8/execute/async - {"script":"<script> [1562 bytes]","args":[{"selector":{"controlType":"sap.m.Text","viewName":"etm.portal.ui.managecatalogs.view.MasterCatalogs","viewId":"application-managecatalogs-display-component---masterCatalogs","bindingPath":{"path":"/Catalogs('0D7502D073D53A0F1700BE067B89AFF9')","propertyPath":"DESCRIPTION","modelName":"catalogModel"}},"wdio_ui5_key":"etmportal.ui.managecatalogs.view.MasterCatalogssap.m.Text{\"path\":\"/Catalogs('0D7502D073D53A0F1700BE067B89AFF9')\",\"propertyPath\":\"DESCRIPTION\",\"modelName\":\"catalogModel\"}"}]}
RESULT: {"script":"<script> [1562 bytes]","args":[{"selector":{"controlType":"sap.m.Text","viewName":"etm.portal.ui.managecatalogs.view.MasterCatalogs","viewId":"application-managecatalogs-display-component---masterCatalogs","bindingPath":{"path":"/Catalogs('0D7502D073D53A0F1700BE067B89AFF9')","propertyPath":"DESCRIPTION","modelName":"catalogModel"}},"wdio_ui5_key":"etmportal.ui.managecatalogs.view.MasterCatalogssap.m.Text{\"path\":\"/Catalogs('0D7502D073D53A0F1700BE067B89AFF9')\",\"propertyPath\":\"DESCRIPTION\",\"modelName\":\"catalogModel\"}"}]}
RESULT: undefined
COMMAND: POST /session/17938e7f8541bcff555766d2bec8a2c8/element - {"using":"xpath","value":"//*[@id=\"__text1058-application-managecatalogs-display-component---masterCatalogs--CatalogsTable-11\"]"}
RESULT: {"using":"xpath","value":"//*[@id=\"__text1058-application-managecatalogs-display-component---masterCatalogs--CatalogsTable-11\"]"}
COMMAND: POST /session/17938e7f8541bcff555766d2bec8a2c8/element/f.0F1FAEEE2861019DFD6915B8D9C967AD.d.9935B3E6DDBB48675BA73D8B6A3E5EE7.e.4139/click - {}
RESULT: {}
COMMAND: POST /session/17938e7f8541bcff555766d2bec8a2c8/execute/async - {"script":"<script> [1562 bytes]","args":[{"selector":{"controlType":"sap.ui.layout.HorizontalLayout","viewName":"etm.portal.ui.managecatalogs.view.MasterItems","viewId":"application-managecatalogs-display-component---masterCatalogItems","ancestor":{"id":"application-managecatalogs-display-component---masterCatalogItems--idCatalogItemsTree-rows-row0"}},"wdio_ui5_key":"etmportal.ui.managecatalogs.view.MasterItemssap.ui.layout.HorizontalLayout{\"id\":\"application-managecatalogs-display-component---masterCatalogItems--idCatalogItemsTree-rows-row0\"}"}]}
COMMAND: GET /session/17938e7f8541bcff555766d2bec8a2c8/screenshot - {}
RESULT: {"script":"<script> [1562 bytes]","args":[{"selector":{"controlType":"sap.ui.layout.HorizontalLayout","viewName":"etm.portal.ui.managecatalogs.view.MasterItems","viewId":"application-managecatalogs-display-component---masterCatalogItems","ancestor":{"id":"application-managecatalogs-display-component---masterCatalogItems--idCatalogItemsTree-rows-row0"}},"wdio_ui5_key":"etmportal.ui.managecatalogs.view.MasterItemssap.ui.layout.HorizontalLayout{\"id\":\"application-managecatalogs-display-component---masterCatalogItems--idCatalogItemsTree-rows-row0\"}"}]}
RESULT: undefined
COMMAND: POST /session/17938e7f8541bcff555766d2bec8a2c8/element - {"using":"xpath","value":"//*[@id=\"__layout302-__clone4242\"]"}
RESULT: {}
RESULT: {"using":"xpath","value":"//*[@id=\"__layout302-__clone4242\"]"}
COMMAND: POST /session/17938e7f8541bcff555766d2bec8a2c8/element/f.0F1FAEEE2861019DFD6915B8D9C967AD.d.9935B3E6DDBB48675BA73D8B6A3E5EE7.e.4174/click - {}
RESULT: {}
COMMAND: GET /session/17938e7f8541bcff555766d2bec8a2c8/screenshot - {}
COMMAND: POST /session/17938e7f8541bcff555766d2bec8a2c8/execute/async - {"script":"<script> [1562 bytes]","args":[{"selector":{"controlType":"sap.m.Button","viewName":"etm.portal.ui.managecatalogs.view.Detail","viewId":"application-managecatalogs-display-component---detailCatalog","i18NText":{"propertyName":"text","key":"edit"},"interaction":{"idSuffix":"BDI-content"}},"wdio_ui5_key":"etmportal.ui.managecatalogs.view.Detailsap.m.Button{\"propertyName\":\"text\",\"key\":\"edit\"}"}]}
RESULT: {}
RESULT: {"script":"<script> [1562 bytes]","args":[{"selector":{"controlType":"sap.m.Button","viewName":"etm.portal.ui.managecatalogs.view.Detail","viewId":"application-managecatalogs-display-component---detailCatalog","i18NText":{"propertyName":"text","key":"edit"},"interaction":{"idSuffix":"BDI-content"}},"wdio_ui5_key":"etmportal.ui.managecatalogs.view.Detailsap.m.Button{\"propertyName\":\"text\",\"key\":\"edit\"}"}]}
RESULT: undefined
COMMAND: POST /session/17938e7f8541bcff555766d2bec8a2c8/element - {"using":"xpath","value":"//*[@id=\"__button134\"]"}
RESULT: {"using":"xpath","value":"//*[@id=\"__button134\"]"}
COMMAND: POST /session/17938e7f8541bcff555766d2bec8a2c8/element/f.0F1FAEEE2861019DFD6915B8D9C967AD.d.9935B3E6DDBB48675BA73D8B6A3E5EE7.e.4289/click - {}
RESULT: {}
COMMAND: GET /session/17938e7f8541bcff555766d2bec8a2c8/screenshot - {}
RESULT: {}
COMMAND: POST /session/17938e7f8541bcff555766d2bec8a2c8/element - {"using":"xpath","value":"//bdi[contains(text(), \"Unlock\")]"}
RESULT: {"using":"xpath","value":"//bdi[contains(text(), \"Unlock\")]"}
COMMAND: POST /session/17938e7f8541bcff555766d2bec8a2c8/elements - {"using":"xpath","value":"//bdi[contains(text(), \"Unlock\")]"}
RESULT: {"using":"xpath","value":"//bdi[contains(text(), \"Unlock\")]"}
COMMAND: POST /session/17938e7f8541bcff555766d2bec8a2c8/execute/async - {"script":"<script> [1562 bytes]","args":[{"selector":{"controlType":"sap.ui.core.Icon","viewName":"etm.portal.ui.managecatalogs.view.Detail","viewId":"application-managecatalogs-display-component---detailCatalog","properties":{"src":{"regex":{"source":"add\\-folder"}}}},"wdio_ui5_key":"etmportal.ui.managecatalogs.view.Detailsap.ui.core.Icon{\"src\":{\"regex\":{\"source\":\"add\\\\-folder\"}}}"}]}
RESULT: {"script":"<script> [1562 bytes]","args":[{"selector":{"controlType":"sap.ui.core.Icon","viewName":"etm.portal.ui.managecatalogs.view.Detail","viewId":"application-managecatalogs-display-component---detailCatalog","properties":{"src":{"regex":{"source":"add\\-folder"}}}},"wdio_ui5_key":"etmportal.ui.managecatalogs.view.Detailsap.ui.core.Icon{\"src\":{\"regex\":{\"source\":\"add\\\\-folder\"}}}"}]}
RESULT: undefined
COMMAND: POST /session/17938e7f8541bcff555766d2bec8a2c8/element - {"using":"xpath","value":"//*[@id=\"__button142-img\"]"}
RESULT: {"using":"xpath","value":"//*[@id=\"__button142-img\"]"}
COMMAND: POST /session/17938e7f8541bcff555766d2bec8a2c8/element/f.0F1FAEEE2861019DFD6915B8D9C967AD.d.9935B3E6DDBB48675BA73D8B6A3E5EE7.e.4297/click - {}
RESULT: {}
COMMAND: GET /session/17938e7f8541bcff555766d2bec8a2c8/screenshot - {}
RESULT: {}
COMMAND: POST /session/17938e7f8541bcff555766d2bec8a2c8/execute/async - {"script":"<script> [1562 bytes]","args":[{"selector":{"id":"application-managecatalogs-display-component---detailCatalog--numberInput","searchOpenDialogs":true,"interaction":{"idSuffix":"inner"}},"wdio_ui5_key":"applicationmanagecatalogs-display-component---detailCatalog--numberInput"}]}
RESULT: {"script":"<script> [1562 bytes]","args":[{"selector":{"id":"application-managecatalogs-display-component---detailCatalog--numberInput","searchOpenDialogs":true,"interaction":{"idSuffix":"inner"}},"wdio_ui5_key":"applicationmanagecatalogs-display-component---detailCatalog--numberInput"}]}
RESULT: undefined
COMMAND: POST /session/17938e7f8541bcff555766d2bec8a2c8/execute/async - {"script":"<script> [776 bytes]","args":[{"enterText":"Sectionel984","selector":{"id":"application-managecatalogs-display-component---detailCatalog--numberInput","searchOpenDialogs":true,"interaction":{"idSuffix":"inner"}},"clearTextFirst":true,"interactionType":"ENTER_TEXT"}]}
RESULT: {"script":"<script> [776 bytes]","args":[{"enterText":"Sectionel984","selector":{"id":"application-managecatalogs-display-component---detailCatalog--numberInput","searchOpenDialogs":true,"interaction":{"idSuffix":"inner"}},"clearTextFirst":true,"interactionType":"ENTER_TEXT"}]}
COMMAND: POST /session/17938e7f8541bcff555766d2bec8a2c8/element - {"using":"css selector","value":"#application-managecatalogs-display-component---detailCatalog--nameInput-inner"}
RESULT: {"using":"css selector","value":"#application-managecatalogs-display-component---detailCatalog--nameInput-inner"}
COMMAND: POST /session/17938e7f8541bcff555766d2bec8a2c8/elements - {"using":"css selector","value":"#application-managecatalogs-display-component---detailCatalog--nameInput-inner"}
RESULT: {"using":"css selector","value":"#application-managecatalogs-display-component---detailCatalog--nameInput-inner"}
COMMAND: POST /session/17938e7f8541bcff555766d2bec8a2c8/element/f.0F1FAEEE2861019DFD6915B8D9C967AD.d.9935B3E6DDBB48675BA73D8B6A3E5EE7.e.4301/clear - {}
RESULT: {}
COMMAND: POST /session/17938e7f8541bcff555766d2bec8a2c8/element/f.0F1FAEEE2861019DFD6915B8D9C967AD.d.9935B3E6DDBB48675BA73D8B6A3E5EE7.e.4301/value - {"text":"Webdrivervbrjv"}
COMMAND: GET /session/17938e7f8541bcff555766d2bec8a2c8/screenshot - {}
RESULT: {"text":"Webdrivervbrjv"}
COMMAND: POST /session/17938e7f8541bcff555766d2bec8a2c8/execute/async - {"script":"<script> [1562 bytes]","args":[{"selector":{"controlType":"sap.m.Button","viewName":"etm.portal.ui.managecatalogs.view.Detail","viewId":"application-managecatalogs-display-component---detailCatalog","i18NText":{"propertyName":"text","key":"create"},"searchOpenDialogs":true,"interaction":{"idSuffix":"BDI-content"}},"wdio_ui5_key":"etmportal.ui.managecatalogs.view.Detailsap.m.Button{\"propertyName\":\"text\",\"key\":\"create\"}"}]}
COMMAND: GET /session/17938e7f8541bcff555766d2bec8a2c8/screenshot - {}
RESULT: {}
RESULT: {"script":"<script> [1562 bytes]","args":[{"selector":{"controlType":"sap.m.Button","viewName":"etm.portal.ui.managecatalogs.view.Detail","viewId":"application-managecatalogs-display-component---detailCatalog","i18NText":{"propertyName":"text","key":"create"},"searchOpenDialogs":true,"interaction":{"idSuffix":"BDI-content"}},"wdio_ui5_key":"etmportal.ui.managecatalogs.view.Detailsap.m.Button{\"propertyName\":\"text\",\"key\":\"create\"}"}]}
RESULT: undefined
COMMAND: POST /session/17938e7f8541bcff555766d2bec8a2c8/element - {"using":"xpath","value":"//*[@id=\"__button112\"]"}
RESULT: {}
RESULT: {"using":"xpath","value":"//*[@id=\"__button112\"]"}
COMMAND: POST /session/17938e7f8541bcff555766d2bec8a2c8/element/f.0F1FAEEE2861019DFD6915B8D9C967AD.d.9935B3E6DDBB48675BA73D8B6A3E5EE7.e.4306/click - {}
RESULT: {}
COMMAND: GET /session/17938e7f8541bcff555766d2bec8a2c8/screenshot - {}
RESULT: {}
COMMAND: POST /session/17938e7f8541bcff555766d2bec8a2c8/element - {"using":"xpath","value":"//button[@title=\"Save\"]"}
RESULT: {"using":"xpath","value":"//button[@title=\"Save\"]"}
COMMAND: POST /session/17938e7f8541bcff555766d2bec8a2c8/element/f.0F1FAEEE2861019DFD6915B8D9C967AD.d.9935B3E6DDBB48675BA73D8B6A3E5EE7.e.4307/click - {}
RESULT: {}
COMMAND: POST /session/17938e7f8541bcff555766d2bec8a2c8/execute/async - {"script":"<script> [1562 bytes]","args":[{"selector":{"controlType":"sap.ui.core.Icon","viewName":"etm.portal.ui.managecatalogs.view.Detail","viewId":"application-managecatalogs-display-component---detailCatalog","properties":{"src":{"regex":{"source":"decline"}}}},"wdio_ui5_key":"etmportal.ui.managecatalogs.view.Detailsap.ui.core.Icon{\"src\":{\"regex\":{\"source\":\"decline\"}}}"}]}
COMMAND: GET /session/17938e7f8541bcff555766d2bec8a2c8/screenshot - {}
RESULT: {"script":"<script> [1562 bytes]","args":[{"selector":{"controlType":"sap.ui.core.Icon","viewName":"etm.portal.ui.managecatalogs.view.Detail","viewId":"application-managecatalogs-display-component---detailCatalog","properties":{"src":{"regex":{"source":"decline"}}}},"wdio_ui5_key":"etmportal.ui.managecatalogs.view.Detailsap.ui.core.Icon{\"src\":{\"regex\":{\"source\":\"decline\"}}}"}]}
RESULT: undefined
COMMAND: POST /session/17938e7f8541bcff555766d2bec8a2c8/element - {"using":"xpath","value":"//*[@id=\"__button137-img\"]"}
RESULT: {}
RESULT: {"using":"xpath","value":"//*[@id=\"__button137-img\"]"}
COMMAND: POST /session/17938e7f8541bcff555766d2bec8a2c8/element/f.0F1FAEEE2861019DFD6915B8D9C967AD.d.9935B3E6DDBB48675BA73D8B6A3E5EE7.e.4313/click - {}
RESULT: {}
COMMAND: GET /session/17938e7f8541bcff555766d2bec8a2c8/screenshot - {}
RESULT: {}
COMMAND: POST /session/17938e7f8541bcff555766d2bec8a2c8/execute/async - {"script":"<script> [1562 bytes]","args":[{"selector":{"controlType":"sap.ui.core.Icon","viewName":"etm.portal.ui.managecatalogs.view.MasterItems","viewId":"application-managecatalogs-display-component---masterCatalogItems","properties":{"src":{"regex":{"source":"refresh"}}}},"wdio_ui5_key":"etmportal.ui.managecatalogs.view.MasterItemssap.ui.core.Icon{\"src\":{\"regex\":{\"source\":\"refresh\"}}}"}]}
RESULT: {"script":"<script> [1562 bytes]","args":[{"selector":{"controlType":"sap.ui.core.Icon","viewName":"etm.portal.ui.managecatalogs.view.MasterItems","viewId":"application-managecatalogs-display-component---masterCatalogItems","properties":{"src":{"regex":{"source":"refresh"}}}},"wdio_ui5_key":"etmportal.ui.managecatalogs.view.MasterItemssap.ui.core.Icon{\"src\":{\"regex\":{\"source\":\"refresh\"}}}"}]}
RESULT: undefined
COMMAND: POST /session/17938e7f8541bcff555766d2bec8a2c8/element - {"using":"xpath","value":"//*[@id=\"__button110-img\"]"}
RESULT: {"using":"xpath","value":"//*[@id=\"__button110-img\"]"}
COMMAND: POST /session/17938e7f8541bcff555766d2bec8a2c8/element/f.0F1FAEEE2861019DFD6915B8D9C967AD.d.9935B3E6DDBB48675BA73D8B6A3E5EE7.e.4349/click - {}
RESULT: {}
COMMAND: POST /session/17938e7f8541bcff555766d2bec8a2c8/execute/async - {"script":"<script> [1562 bytes]","args":[{"selector":{"id":"application-managecatalogs-display-component---masterCatalogItems--searchItemsField","interaction":{"idSuffix":"I"}},"wdio_ui5_key":"applicationmanagecatalogs-display-component---masterCatalogItems--searchItemsField"}]}
COMMAND: GET /session/17938e7f8541bcff555766d2bec8a2c8/screenshot - {}
RESULT: {"script":"<script> [1562 bytes]","args":[{"selector":{"id":"application-managecatalogs-display-component---masterCatalogItems--searchItemsField","interaction":{"idSuffix":"I"}},"wdio_ui5_key":"applicationmanagecatalogs-display-component---masterCatalogItems--searchItemsField"}]}
RESULT: undefined
COMMAND: POST /session/17938e7f8541bcff555766d2bec8a2c8/execute/async - {"script":"<script> [776 bytes]","args":[{"enterText":"Webdrivervbrjv","selector":{"id":"application-managecatalogs-display-component---masterCatalogItems--searchItemsField","interaction":{"idSuffix":"I"}},"clearTextFirst":true,"interactionType":"ENTER_TEXT"}]}
RESULT: {}
RESULT: {"script":"<script> [776 bytes]","args":[{"enterText":"Webdrivervbrjv","selector":{"id":"application-managecatalogs-display-component---masterCatalogItems--searchItemsField","interaction":{"idSuffix":"I"}},"clearTextFirst":true,"interactionType":"ENTER_TEXT"}]}
COMMAND: POST /session/17938e7f8541bcff555766d2bec8a2c8/actions - {"actions":[{"id":"action10","type":"key","parameters":{},"actions":[{"type":"keyDown","value":"î€‡"},{"type":"pause","duration":10},{"type":"keyUp","value":"î€‡"}]}]}
RESULT: {"actions":[{"id":"action10","type":"key","parameters":{},"actions":[{"type":"keyDown","value":"î€‡"},{"type":"pause","duration":10},{"type":"keyUp","value":"î€‡"}]}]}
COMMAND: POST /session/17938e7f8541bcff555766d2bec8a2c8/element - {"using":"xpath","value":"(//span[contains(text(), \"Webdrivervbrjv\")])[1]"}
COMMAND: GET /session/17938e7f8541bcff555766d2bec8a2c8/screenshot - {}
RESULT: {"using":"xpath","value":"(//span[contains(text(), \"Webdrivervbrjv\")])[1]"}
COMMAND: POST /session/17938e7f8541bcff555766d2bec8a2c8/element/f.0F1FAEEE2861019DFD6915B8D9C967AD.d.9935B3E6DDBB48675BA73D8B6A3E5EE7.e.4352/click - {}
RESULT: {}
RESULT: {}
COMMAND: GET /session/17938e7f8541bcff555766d2bec8a2c8/screenshot - {}
RESULT: {}
RESULT: undefined
COMMAND: POST /session/17938e7f8541bcff555766d2bec8a2c8/element - {"using":"xpath","value":"//*[@id=\"__button134\"]"}
RESULT: {"using":"xpath","value":"//*[@id=\"__button134\"]"}
COMMAND: POST /session/17938e7f8541bcff555766d2bec8a2c8/element/f.0F1FAEEE2861019DFD6915B8D9C967AD.d.9935B3E6DDBB48675BA73D8B6A3E5EE7.e.4389/click - {}
RESULT: {}
COMMAND: GET /session/17938e7f8541bcff555766d2bec8a2c8/screenshot - {}
RESULT: {}
RESULT: undefined
COMMAND: POST /session/17938e7f8541bcff555766d2bec8a2c8/element - {"using":"xpath","value":"//*[@id=\"__button142-img\"]"}
RESULT: {"using":"xpath","value":"//*[@id=\"__button142-img\"]"}
COMMAND: POST /session/17938e7f8541bcff555766d2bec8a2c8/element/f.0F1FAEEE2861019DFD6915B8D9C967AD.d.9935B3E6DDBB48675BA73D8B6A3E5EE7.e.4440/click - {}
RESULT: {}
COMMAND: GET /session/17938e7f8541bcff555766d2bec8a2c8/screenshot - {}
RESULT: {}
RESULT: undefined
COMMAND: POST /session/17938e7f8541bcff555766d2bec8a2c8/execute/async - {"script":"<script> [776 bytes]","args":[{"enterText":"SecondSectionm6mpv","selector":{"id":"application-managecatalogs-display-component---detailCatalog--numberInput","searchOpenDialogs":true,"interaction":{"idSuffix":"inner"}},"clearTextFirst":true,"interactionType":"ENTER_TEXT"}]}
RESULT: {"script":"<script> [776 bytes]","args":[{"enterText":"SecondSectionm6mpv","selector":{"id":"application-managecatalogs-display-component---detailCatalog--numberInput","searchOpenDialogs":true,"interaction":{"idSuffix":"inner"}},"clearTextFirst":true,"interactionType":"ENTER_TEXT"}]}
COMMAND: POST /session/17938e7f8541bcff555766d2bec8a2c8/element - {"using":"xpath","value":"//input[contains(@id ,\"application-managecatalogs-display-component---detailCatalog--nameInput-inner\")]"}
RESULT: {"using":"xpath","value":"//input[contains(@id ,\"application-managecatalogs-display-component---detailCatalog--nameInput-inner\")]"}
COMMAND: POST /session/17938e7f8541bcff555766d2bec8a2c8/elements - {"using":"xpath","value":"//input[contains(@id ,\"application-managecatalogs-display-component---detailCatalog--nameInput-inner\")]"}
RESULT: {"using":"xpath","value":"//input[contains(@id ,\"application-managecatalogs-display-component---detailCatalog--nameInput-inner\")]"}
COMMAND: POST /session/17938e7f8541bcff555766d2bec8a2c8/element/f.0F1FAEEE2861019DFD6915B8D9C967AD.d.9935B3E6DDBB48675BA73D8B6A3E5EE7.e.4444/clear - {}
RESULT: {}
COMMAND: POST /session/17938e7f8541bcff555766d2bec8a2c8/element/f.0F1FAEEE2861019DFD6915B8D9C967AD.d.9935B3E6DDBB48675BA73D8B6A3E5EE7.e.4444/value - {"text":"webdriversecondxypk9"}
COMMAND: GET /session/17938e7f8541bcff555766d2bec8a2c8/screenshot - {}
RESULT: {"text":"webdriversecondxypk9"}
RESULT: undefined
COMMAND: POST /session/17938e7f8541bcff555766d2bec8a2c8/element - {"using":"xpath","value":"//*[@id=\"__button112\"]"}
COMMAND: GET /session/17938e7f8541bcff555766d2bec8a2c8/screenshot - {}
RESULT: {}
RESULT: {"using":"xpath","value":"//*[@id=\"__button112\"]"}
COMMAND: POST /session/17938e7f8541bcff555766d2bec8a2c8/element/f.0F1FAEEE2861019DFD6915B8D9C967AD.d.9935B3E6DDBB48675BA73D8B6A3E5EE7.e.4447/click - {}
RESULT: {}
RESULT: {}
COMMAND: GET /session/17938e7f8541bcff555766d2bec8a2c8/screenshot - {}
RESULT: {}
COMMAND: POST /session/17938e7f8541bcff555766d2bec8a2c8/element - {"using":"xpath","value":"//button[@title=\"Save\"]"}
RESULT: {"using":"xpath","value":"//button[@title=\"Save\"]"}
COMMAND: POST /session/17938e7f8541bcff555766d2bec8a2c8/element/f.0F1FAEEE2861019DFD6915B8D9C967AD.d.9935B3E6DDBB48675BA73D8B6A3E5EE7.e.4425/click - {}
RESULT: {}
COMMAND: GET /session/17938e7f8541bcff555766d2bec8a2c8/screenshot - {}
RESULT: {}
RESULT: undefined
COMMAND: POST /session/17938e7f8541bcff555766d2bec8a2c8/element - {"using":"xpath","value":"//*[@id=\"__button137-img\"]"}
RESULT: {"using":"xpath","value":"//*[@id=\"__button137-img\"]"}
COMMAND: POST /session/17938e7f8541bcff555766d2bec8a2c8/element/f.0F1FAEEE2861019DFD6915B8D9C967AD.d.9935B3E6DDBB48675BA73D8B6A3E5EE7.e.4396/click - {}
RESULT: {}
COMMAND: GET /session/17938e7f8541bcff555766d2bec8a2c8/screenshot - {}
RESULT: {}
RESULT: undefined
COMMAND: POST /session/17938e7f8541bcff555766d2bec8a2c8/element - {"using":"xpath","value":"//*[@id=\"__button110-img\"]"}
RESULT: {"using":"xpath","value":"//*[@id=\"__button110-img\"]"}
COMMAND: POST /session/17938e7f8541bcff555766d2bec8a2c8/element/f.0F1FAEEE2861019DFD6915B8D9C967AD.d.9935B3E6DDBB48675BA73D8B6A3E5EE7.e.4487/click - {}
RESULT: {}
COMMAND: GET /session/17938e7f8541bcff555766d2bec8a2c8/screenshot - {}
RESULT: {}
RESULT: undefined
COMMAND: POST /session/17938e7f8541bcff555766d2bec8a2c8/execute/async - {"script":"<script> [776 bytes]","args":[{"enterText":"SecondSectionm6mpv","selector":{"id":"application-managecatalogs-display-component---masterCatalogItems--searchItemsField","interaction":{"idSuffix":"I"}},"clearTextFirst":true,"interactionType":"ENTER_TEXT"}]}
RESULT: {"script":"<script> [776 bytes]","args":[{"enterText":"SecondSectionm6mpv","selector":{"id":"application-managecatalogs-display-component---masterCatalogItems--searchItemsField","interaction":{"idSuffix":"I"}},"clearTextFirst":true,"interactionType":"ENTER_TEXT"}]}
COMMAND: POST /session/17938e7f8541bcff555766d2bec8a2c8/actions - {"actions":[{"id":"action11","type":"key","parameters":{},"actions":[{"type":"keyDown","value":"î€‡"},{"type":"pause","duration":10},{"type":"keyUp","value":"î€‡"}]}]}
RESULT: {"actions":[{"id":"action11","type":"key","parameters":{},"actions":[{"type":"keyDown","value":"î€‡"},{"type":"pause","duration":10},{"type":"keyUp","value":"î€‡"}]}]}
COMMAND: POST /session/17938e7f8541bcff555766d2bec8a2c8/element - {"using":"xpath","value":"(//span[contains(text(), \"SecondSectionm6mpv\")])[1]"}
COMMAND: GET /session/17938e7f8541bcff555766d2bec8a2c8/screenshot - {}
RESULT: {"using":"xpath","value":"(//span[contains(text(), \"SecondSectionm6mpv\")])[1]"}
COMMAND: POST /session/17938e7f8541bcff555766d2bec8a2c8/element/f.0F1FAEEE2861019DFD6915B8D9C967AD.d.9935B3E6DDBB48675BA73D8B6A3E5EE7.e.4490/click - {}
RESULT: {}
RESULT: {}
COMMAND: POST /session/17938e7f8541bcff555766d2bec8a2c8/element - {"using":"xpath","value":"(//span[contains(text(), \"SecondSectionm6mpv\")])[1]"}
COMMAND: GET /session/17938e7f8541bcff555766d2bec8a2c8/screenshot - {}
RESULT: {"using":"xpath","value":"(//span[contains(text(), \"SecondSectionm6mpv\")])[1]"}
COMMAND: GET /session/17938e7f8541bcff555766d2bec8a2c8/element/f.0F1FAEEE2861019DFD6915B8D9C967AD.d.9935B3E6DDBB48675BA73D8B6A3E5EE7.e.4490/text - {}
RESULT: {}
COMMAND: POST /session/17938e7f8541bcff555766d2bec8a2c8/element - {"using":"xpath","value":"(//span[contains(text(), \"SecondSectionm6mpv\")])[1]"}
RESULT: {"using":"xpath","value":"(//span[contains(text(), \"SecondSectionm6mpv\")])[1]"}
COMMAND: GET /session/17938e7f8541bcff555766d2bec8a2c8/element/f.0F1FAEEE2861019DFD6915B8D9C967AD.d.9935B3E6DDBB48675BA73D8B6A3E5EE7.e.4490/text - {}
COMMAND: POST /session/17938e7f8541bcff555766d2bec8a2c8/element - {"using":"xpath","value":"(//span[contains(text(), \"SecondSectionm6mpv\")])[1]"}
RESULT: {"using":"xpath","value":"(//span[contains(text(), \"SecondSectionm6mpv\")])[1]"}
COMMAND: GET /session/17938e7f8541bcff555766d2bec8a2c8/element/f.0F1FAEEE2861019DFD6915B8D9C967AD.d.9935B3E6DDBB48675BA73D8B6A3E5EE7.e.4543/text - {}
RESULT: {}
COMMAND: POST /session/17938e7f8541bcff555766d2bec8a2c8/refresh - {}
RESULT: {}
COMMAND: GET /session/17938e7f8541bcff555766d2bec8a2c8/screenshot - {}
RESULT: {}
COMMAND: POST /session/17938e7f8541bcff555766d2bec8a2c8/execute/async - {"script":"<script> [189 bytes]","args":[]}
RESULT: {"script":"<script> [189 bytes]","args":[]}
COMMAND: POST /session/17938e7f8541bcff555766d2bec8a2c8/execute/async - {"script":"<script> [123 bytes]","args":[]}
RESULT: {"script":"<script> [123 bytes]","args":[]}
COMMAND: POST /session/17938e7f8541bcff555766d2bec8a2c8/timeouts - {"script":"<number>"}
RESULT: {"script":"<number>"}
COMMAND: GET /session/17938e7f8541bcff555766d2bec8a2c8/timeouts - {}
RESULT: {}
RESULT: undefined
COMMAND: POST /session/17938e7f8541bcff555766d2bec8a2c8/execute/async - {"script":"<script> [2676 bytes]","args":[]}
RESULT: {"script":"<script> [2676 bytes]","args":[]}
COMMAND: POST /session/17938e7f8541bcff555766d2bec8a2c8/execute/async - {"script":"<script> [2342 bytes]","args":[{"protocol":"http","hostname":"0.0.0.0","path":"/","capabilities":{"browserName":"chrome","goog:chromeOptions":{"binary":"C:\\Program Files\\Google\\Chrome\\Application\\chrome.exe","args":["--start-maximized"]}},"logLevel":"warn","connectionRetryTimeout":120000,"connectionRetryCount":3,"logLevels":{},"enableDirectConnect":true,"strictSSL":true,"_":"65 more keys: [\"cacheDir\",\"port\",\"requestedCapabilities\",\"automationProtocol\",\"baseUrl\",\"waitforInterval\",\"waitforTimeout\",\"onReload\",\"beforeCommand\",\"afterCommand\",\"rootDir\",\"specs\",\"suites\",\"exclude\",\"groupLogsByTestSpec\",\"excludeDriverLogs\",\"bail\",\"framework\",\"reporters\",\"services\",\"maxInstances\",\"maxInstancesPerCapability\",\"injectGlobals\",\"filesToWatch\",\"execArgv\",\"runnerEnv\",\"runner\",\"shard\",\"specFileRetries\",\"specFileRetriesDelay\",\"specFileRetriesDeferred\",\"reporterSyncInterval\",\"reporterSyncTimeout\",\"cucumberFeaturesWithLineNumbers\",\"autoCompileOpts\",\"mochaOpts\",\"jasmineOpts\",\"cucumberOpts\",\"onPrepare\",\"onWorkerStart\",\"onWorkerEnd\",\"before\",\"beforeSession\",\"beforeSuite\",\"beforeHook\",\"beforeTest\",\"afterTest\",\"afterHook\",\"afterSuite\",\"afterSession\",\"after\",\"onComplete\",\"beforeAssertion\",\"afterAssertion\",\"beforeFeature\",\"beforeScenario\",\"beforeStep\",\"afterStep\",\"afterScenario\",\"afterFeature\",\"_\",\"suite\",\"$0\",\"ignoredWorkerServices\",\"wdi5\"]"}]}
RESULT: {"script":"<script> [2342 bytes]","args":[{"protocol":"http","hostname":"0.0.0.0","path":"/","capabilities":{"browserName":"chrome","goog:chromeOptions":{"binary":"C:\\Program Files\\Google\\Chrome\\Application\\chrome.exe","args":["--start-maximized"]}},"logLevel":"warn","connectionRetryTimeout":120000,"connectionRetryCount":3,"logLevels":{},"enableDirectConnect":true,"strictSSL":true,"_":"65 more keys: [\"cacheDir\",\"port\",\"requestedCapabilities\",\"automationProtocol\",\"baseUrl\",\"waitforInterval\",\"waitforTimeout\",\"onReload\",\"beforeCommand\",\"afterCommand\",\"rootDir\",\"specs\",\"suites\",\"exclude\",\"groupLogsByTestSpec\",\"excludeDriverLogs\",\"bail\",\"framework\",\"reporters\",\"services\",\"maxInstances\",\"maxInstancesPerCapability\",\"injectGlobals\",\"filesToWatch\",\"execArgv\",\"runnerEnv\",\"runner\",\"shard\",\"specFileRetries\",\"specFileRetriesDelay\",\"specFileRetriesDeferred\",\"reporterSyncInterval\",\"reporterSyncTimeout\",\"cucumberFeaturesWithLineNumbers\",\"autoCompileOpts\",\"mochaOpts\",\"jasmineOpts\",\"cucumberOpts\",\"onPrepare\",\"onWorkerStart\",\"onWorkerEnd\",\"before\",\"beforeSession\",\"beforeSuite\",\"beforeHook\",\"beforeTest\",\"afterTest\",\"afterHook\",\"afterSuite\",\"afterSession\",\"after\",\"onComplete\",\"beforeAssertion\",\"afterAssertion\",\"beforeFeature\",\"beforeScenario\",\"beforeStep\",\"afterStep\",\"afterScenario\",\"afterFeature\",\"_\",\"suite\",\"$0\",\"ignoredWorkerServices\",\"wdi5\"]"}]}
COMMAND: POST /session/17938e7f8541bcff555766d2bec8a2c8/execute/async - {"script":"<script> [21126 bytes]","args":[35000]}
RESULT: {"script":"<script> [21126 bytes]","args":[35000]}
COMMAND: POST /session/17938e7f8541bcff555766d2bec8a2c8/execute/async - {"script":"<script> [1562 bytes]","args":[{"selector":{"controlType":"sap.m.Button","viewName":"etm.portal.ui.managecatalogs.view.Detail","viewId":"application-managecatalogs-display-component---detailCatalog","i18NText":{"propertyName":"text","key":"edit"},"interaction":{"idSuffix":"BDI-content"}},"wdio_ui5_key":"etmportal.ui.managecatalogs.view.Detailsap.m.Button{\"propertyName\":\"text\",\"key\":\"edit\"}"}]}
RESULT: {"script":"<script> [1562 bytes]","args":[{"selector":{"controlType":"sap.m.Button","viewName":"etm.portal.ui.managecatalogs.view.Detail","viewId":"application-managecatalogs-display-component---detailCatalog","i18NText":{"propertyName":"text","key":"edit"},"interaction":{"idSuffix":"BDI-content"}},"wdio_ui5_key":"etmportal.ui.managecatalogs.view.Detailsap.m.Button{\"propertyName\":\"text\",\"key\":\"edit\"}"}]}
RESULT: undefined
COMMAND: POST /session/17938e7f8541bcff555766d2bec8a2c8/element - {"using":"xpath","value":"//*[@id=\"__button25\"]"}
RESULT: {"using":"xpath","value":"//*[@id=\"__button25\"]"}
COMMAND: POST /session/17938e7f8541bcff555766d2bec8a2c8/element/f.0F1FAEEE2861019DFD6915B8D9C967AD.d.4CBF372F6BFE616DC2182E0D582189D4.e.4602/click - {}
RESULT: {}
COMMAND: GET /session/17938e7f8541bcff555766d2bec8a2c8/screenshot - {}
RESULT: {}
COMMAND: POST /session/17938e7f8541bcff555766d2bec8a2c8/element - {"using":"xpath","value":"//button[contains(@title ,\"Create Catalog Item\")]"}
RESULT: {"using":"xpath","value":"//button[contains(@title ,\"Create Catalog Item\")]"}
COMMAND: POST /session/17938e7f8541bcff555766d2bec8a2c8/element/f.0F1FAEEE2861019DFD6915B8D9C967AD.d.4CBF372F6BFE616DC2182E0D582189D4.e.4608/click - {}
RESULT: {}
COMMAND: POST /session/17938e7f8541bcff555766d2bec8a2c8/execute/async - {"script":"<script> [1562 bytes]","args":[{"selector":{"id":"application-managecatalogs-display-component---detailCatalog--newItemNumberInput","searchOpenDialogs":true,"interaction":{"idSuffix":"inner"}},"wdio_ui5_key":"applicationmanagecatalogs-display-component---detailCatalog--newItemNumberInput"}]}
COMMAND: GET /session/17938e7f8541bcff555766d2bec8a2c8/screenshot - {}
RESULT: {"script":"<script> [1562 bytes]","args":[{"selector":{"id":"application-managecatalogs-display-component---detailCatalog--newItemNumberInput","searchOpenDialogs":true,"interaction":{"idSuffix":"inner"}},"wdio_ui5_key":"applicationmanagecatalogs-display-component---detailCatalog--newItemNumberInput"}]}
RESULT: undefined
COMMAND: POST /session/17938e7f8541bcff555766d2bec8a2c8/execute/async - {"script":"<script> [776 bytes]","args":[{"enterText":"catalogItemktmgw","selector":{"id":"application-managecatalogs-display-component---detailCatalog--newItemNumberInput","searchOpenDialogs":true,"interaction":{"idSuffix":"inner"}},"clearTextFirst":true,"interactionType":"ENTER_TEXT"}]}
RESULT: {}
RESULT: {"script":"<script> [776 bytes]","args":[{"enterText":"catalogItemktmgw","selector":{"id":"application-managecatalogs-display-component---detailCatalog--newItemNumberInput","searchOpenDialogs":true,"interaction":{"idSuffix":"inner"}},"clearTextFirst":true,"interactionType":"ENTER_TEXT"}]}
COMMAND: POST /session/17938e7f8541bcff555766d2bec8a2c8/execute/async - {"script":"<script> [1562 bytes]","args":[{"selector":{"controlType":"sap.m.Input","viewName":"etm.portal.ui.managecatalogs.view.Detail","viewId":"application-managecatalogs-display-component---detailCatalog","bindingPath":{"path":"","propertyPath":"/DESCRIPTION"},"searchOpenDialogs":true,"interaction":{"idSuffix":"inner"}},"wdio_ui5_key":"etmportal.ui.managecatalogs.view.Detailsap.m.Input{\"path\":\"\",\"propertyPath\":\"/DESCRIPTION\"}"}]}
RESULT: {"script":"<script> [1562 bytes]","args":[{"selector":{"controlType":"sap.m.Input","viewName":"etm.portal.ui.managecatalogs.view.Detail","viewId":"application-managecatalogs-display-component---detailCatalog","bindingPath":{"path":"","propertyPath":"/DESCRIPTION"},"searchOpenDialogs":true,"interaction":{"idSuffix":"inner"}},"wdio_ui5_key":"etmportal.ui.managecatalogs.view.Detailsap.m.Input{\"path\":\"\",\"propertyPath\":\"/DESCRIPTION\"}"}]}
RESULT: undefined
COMMAND: POST /session/17938e7f8541bcff555766d2bec8a2c8/execute/async - {"script":"<script> [776 bytes]","args":[{"enterText":"catalogItemName33gzsi","selector":{"controlType":"sap.m.Input","viewName":"etm.portal.ui.managecatalogs.view.Detail","viewId":"application-managecatalogs-display-component---detailCatalog","bindingPath":{"path":"","propertyPath":"/DESCRIPTION"},"searchOpenDialogs":true,"interaction":{"idSuffix":"inner"}},"clearTextFirst":true,"interactionType":"ENTER_TEXT"}]}
RESULT: {"script":"<script> [776 bytes]","args":[{"enterText":"catalogItemName33gzsi","selector":{"controlType":"sap.m.Input","viewName":"etm.portal.ui.managecatalogs.view.Detail","viewId":"application-managecatalogs-display-component---detailCatalog","bindingPath":{"path":"","propertyPath":"/DESCRIPTION"},"searchOpenDialogs":true,"interaction":{"idSuffix":"inner"}},"clearTextFirst":true,"interactionType":"ENTER_TEXT"}]}
COMMAND: POST /session/17938e7f8541bcff555766d2bec8a2c8/actions - {"actions":[{"id":"action12","type":"key","parameters":{},"actions":[{"type":"keyDown","value":"î€„"},{"type":"pause","duration":10},{"type":"keyUp","value":"î€„"}]}]}
RESULT: {"actions":[{"id":"action12","type":"key","parameters":{},"actions":[{"type":"keyDown","value":"î€„"},{"type":"pause","duration":10},{"type":"keyUp","value":"î€„"}]}]}
COMMAND: GET /session/17938e7f8541bcff555766d2bec8a2c8/screenshot - {}
RESULT: {}
COMMAND: POST /session/17938e7f8541bcff555766d2bec8a2c8/actions - {"actions":[{"id":"action13","type":"key","parameters":{},"actions":[{"type":"keyDown","value":"î€‡"},{"type":"pause","duration":10},{"type":"keyUp","value":"î€‡"}]}]}
RESULT: {"actions":[{"id":"action13","type":"key","parameters":{},"actions":[{"type":"keyDown","value":"î€‡"},{"type":"pause","duration":10},{"type":"keyUp","value":"î€‡"}]}]}
COMMAND: GET /session/17938e7f8541bcff555766d2bec8a2c8/screenshot - {}
RESULT: {}
COMMAND: POST /session/17938e7f8541bcff555766d2bec8a2c8/element - {"using":"xpath","value":"//button[@title=\"Save\"]"}
RESULT: {"using":"xpath","value":"//button[@title=\"Save\"]"}
COMMAND: POST /session/17938e7f8541bcff555766d2bec8a2c8/element/f.0F1FAEEE2861019DFD6915B8D9C967AD.d.4CBF372F6BFE616DC2182E0D582189D4.e.4617/click - {}
RESULT: {}
COMMAND: GET /session/17938e7f8541bcff555766d2bec8a2c8/screenshot - {}
RESULT: {}
COMMAND: POST /session/17938e7f8541bcff555766d2bec8a2c8/execute/async - {"script":"<script> [1562 bytes]","args":[{"selector":{"controlType":"sap.ui.core.Icon","viewName":"etm.portal.ui.managecatalogs.view.Detail","viewId":"application-managecatalogs-display-component---detailCatalog","properties":{"src":{"regex":{"source":"decline"}}}},"wdio_ui5_key":"etmportal.ui.managecatalogs.view.Detailsap.ui.core.Icon{\"src\":{\"regex\":{\"source\":\"decline\"}}}"}]}
RESULT: {"script":"<script> [1562 bytes]","args":[{"selector":{"controlType":"sap.ui.core.Icon","viewName":"etm.portal.ui.managecatalogs.view.Detail","viewId":"application-managecatalogs-display-component---detailCatalog","properties":{"src":{"regex":{"source":"decline"}}}},"wdio_ui5_key":"etmportal.ui.managecatalogs.view.Detailsap.ui.core.Icon{\"src\":{\"regex\":{\"source\":\"decline\"}}}"}]}
RESULT: undefined
COMMAND: POST /session/17938e7f8541bcff555766d2bec8a2c8/element - {"using":"xpath","value":"//*[@id=\"__button28-img\"]"}
RESULT: {"using":"xpath","value":"//*[@id=\"__button28-img\"]"}
COMMAND: POST /session/17938e7f8541bcff555766d2bec8a2c8/element/f.0F1FAEEE2861019DFD6915B8D9C967AD.d.4CBF372F6BFE616DC2182E0D582189D4.e.4622/click - {}
RESULT: {}
COMMAND: GET /session/17938e7f8541bcff555766d2bec8a2c8/screenshot - {}
RESULT: {}
COMMAND: POST /session/17938e7f8541bcff555766d2bec8a2c8/execute/async - {"script":"<script> [1562 bytes]","args":[{"selector":{"controlType":"sap.ui.core.Icon","viewName":"etm.portal.ui.managecatalogs.view.MasterItems","viewId":"application-managecatalogs-display-component---masterCatalogItems","properties":{"src":{"regex":{"source":"refresh"}}}},"wdio_ui5_key":"etmportal.ui.managecatalogs.view.MasterItemssap.ui.core.Icon{\"src\":{\"regex\":{\"source\":\"refresh\"}}}"}]}
RESULT: {"script":"<script> [1562 bytes]","args":[{"selector":{"controlType":"sap.ui.core.Icon","viewName":"etm.portal.ui.managecatalogs.view.MasterItems","viewId":"application-managecatalogs-display-component---masterCatalogItems","properties":{"src":{"regex":{"source":"refresh"}}}},"wdio_ui5_key":"etmportal.ui.managecatalogs.view.MasterItemssap.ui.core.Icon{\"src\":{\"regex\":{\"source\":\"refresh\"}}}"}]}
RESULT: undefined
COMMAND: POST /session/17938e7f8541bcff555766d2bec8a2c8/element - {"using":"xpath","value":"//*[@id=\"__button1-img\"]"}
RESULT: {"using":"xpath","value":"//*[@id=\"__button1-img\"]"}
COMMAND: POST /session/17938e7f8541bcff555766d2bec8a2c8/element/f.0F1FAEEE2861019DFD6915B8D9C967AD.d.4CBF372F6BFE616DC2182E0D582189D4.e.4631/click - {}
RESULT: {}
COMMAND: GET /session/17938e7f8541bcff555766d2bec8a2c8/screenshot - {}
RESULT: {}
COMMAND: POST /session/17938e7f8541bcff555766d2bec8a2c8/execute/async - {"script":"<script> [1562 bytes]","args":[{"selector":{"id":"application-managecatalogs-display-component---masterCatalogItems--searchItemsField","interaction":{"idSuffix":"I"}},"wdio_ui5_key":"applicationmanagecatalogs-display-component---masterCatalogItems--searchItemsField"}]}
RESULT: {"script":"<script> [1562 bytes]","args":[{"selector":{"id":"application-managecatalogs-display-component---masterCatalogItems--searchItemsField","interaction":{"idSuffix":"I"}},"wdio_ui5_key":"applicationmanagecatalogs-display-component---masterCatalogItems--searchItemsField"}]}
RESULT: undefined
COMMAND: POST /session/17938e7f8541bcff555766d2bec8a2c8/execute/async - {"script":"<script> [776 bytes]","args":[{"enterText":"catalogItemName33gzsi","selector":{"id":"application-managecatalogs-display-component---masterCatalogItems--searchItemsField","interaction":{"idSuffix":"I"}},"clearTextFirst":true,"interactionType":"ENTER_TEXT"}]}
RESULT: {"script":"<script> [776 bytes]","args":[{"enterText":"catalogItemName33gzsi","selector":{"id":"application-managecatalogs-display-component---masterCatalogItems--searchItemsField","interaction":{"idSuffix":"I"}},"clearTextFirst":true,"interactionType":"ENTER_TEXT"}]}
COMMAND: POST /session/17938e7f8541bcff555766d2bec8a2c8/actions - {"actions":[{"id":"action14","type":"key","parameters":{},"actions":[{"type":"keyDown","value":"î€‡"},{"type":"pause","duration":10},{"type":"keyUp","value":"î€‡"}]}]}
RESULT: {"actions":[{"id":"action14","type":"key","parameters":{},"actions":[{"type":"keyDown","value":"î€‡"},{"type":"pause","duration":10},{"type":"keyUp","value":"î€‡"}]}]}
COMMAND: POST /session/17938e7f8541bcff555766d2bec8a2c8/element - {"using":"xpath","value":"(//span[contains(text(), \"catalogItemName33gzsi\")])[1]"}
COMMAND: GET /session/17938e7f8541bcff555766d2bec8a2c8/screenshot - {}
RESULT: {"using":"xpath","value":"(//span[contains(text(), \"catalogItemName33gzsi\")])[1]"}
COMMAND: POST /session/17938e7f8541bcff555766d2bec8a2c8/element/f.0F1FAEEE2861019DFD6915B8D9C967AD.d.4CBF372F6BFE616DC2182E0D582189D4.e.4666/click - {}
RESULT: {}
RESULT: {}
COMMAND: GET /session/17938e7f8541bcff555766d2bec8a2c8/screenshot - {}
RESULT: {}
COMMAND: POST /session/17938e7f8541bcff555766d2bec8a2c8/element - {"using":"xpath","value":"//span[contains(text(), \"catalogItemktmgw\")]"}
RESULT: {"using":"xpath","value":"//span[contains(text(), \"catalogItemktmgw\")]"}
COMMAND: GET /session/17938e7f8541bcff555766d2bec8a2c8/element/f.0F1FAEEE2861019DFD6915B8D9C967AD.d.4CBF372F6BFE616DC2182E0D582189D4.e.4726/text - {}
RESULT: {}
]]></system-out>
    </testcase>
    <testcase classname="chrome.137_0_7151_56.windows.Standard_contract_-_add_contract_items_by_Insert_Request_US118222" name="Should assign resources to the catalog item" time="57.433">
      <system-out><![CDATA[
RESULT: undefined
COMMAND: POST /session/17938e7f8541bcff555766d2bec8a2c8/element - {"using":"xpath","value":"//*[@id=\"__button25\"]"}
RESULT: {"using":"xpath","value":"//*[@id=\"__button25\"]"}
COMMAND: POST /session/17938e7f8541bcff555766d2bec8a2c8/element/f.0F1FAEEE2861019DFD6915B8D9C967AD.d.4CBF372F6BFE616DC2182E0D582189D4.e.4727/click - {}
RESULT: {}
COMMAND: GET /session/17938e7f8541bcff555766d2bec8a2c8/screenshot - {}
RESULT: {}
COMMAND: POST /session/17938e7f8541bcff555766d2bec8a2c8/execute/async - {"script":"<script> [1562 bytes]","args":[{"selector":{"id":"application-managecatalogs-display-component---detailCatalog--BASE_UNIT_OF_MEASURE-arrow"},"wdio_ui5_key":"applicationmanagecatalogs-display-component---detailCatalog--BASE_UNIT_OF_MEASURE-arrow"}]}
RESULT: {"script":"<script> [1562 bytes]","args":[{"selector":{"id":"application-managecatalogs-display-component---detailCatalog--BASE_UNIT_OF_MEASURE-arrow"},"wdio_ui5_key":"applicationmanagecatalogs-display-component---detailCatalog--BASE_UNIT_OF_MEASURE-arrow"}]}
RESULT: undefined
COMMAND: POST /session/17938e7f8541bcff555766d2bec8a2c8/element - {"using":"xpath","value":"//*[@id=\"application-managecatalogs-display-component---detailCatalog--BASE_UNIT_OF_MEASURE-arrow\"]"}
RESULT: {"using":"xpath","value":"//*[@id=\"application-managecatalogs-display-component---detailCatalog--BASE_UNIT_OF_MEASURE-arrow\"]"}
COMMAND: POST /session/17938e7f8541bcff555766d2bec8a2c8/element/f.0F1FAEEE2861019DFD6915B8D9C967AD.d.4CBF372F6BFE616DC2182E0D582189D4.e.4758/click - {}
RESULT: {}
COMMAND: POST /session/17938e7f8541bcff555766d2bec8a2c8/execute/async - {"script":"<script> [1562 bytes]","args":[{"selector":{"controlType":"sap.m.StandardListItem","viewName":"etm.portal.ui.managecatalogs.view.Detail","viewId":"application-managecatalogs-display-component---detailCatalog","properties":{"title":"Piece"},"searchOpenDialogs":true,"interaction":{"idSuffix":"titleText"}},"wdio_ui5_key":"etmportal.ui.managecatalogs.view.Detailsap.m.StandardListItem{\"title\":\"Piece\"}"}]}
COMMAND: GET /session/17938e7f8541bcff555766d2bec8a2c8/screenshot - {}
RESULT: {"script":"<script> [1562 bytes]","args":[{"selector":{"controlType":"sap.m.StandardListItem","viewName":"etm.portal.ui.managecatalogs.view.Detail","viewId":"application-managecatalogs-display-component---detailCatalog","properties":{"title":"Piece"},"searchOpenDialogs":true,"interaction":{"idSuffix":"titleText"}},"wdio_ui5_key":"etmportal.ui.managecatalogs.view.Detailsap.m.StandardListItem{\"title\":\"Piece\"}"}]}
RESULT: undefined
COMMAND: POST /session/17938e7f8541bcff555766d2bec8a2c8/element - {"using":"xpath","value":"//*[@id=\"__item218\"]"}
RESULT: {}
RESULT: {"using":"xpath","value":"//*[@id=\"__item218\"]"}
COMMAND: POST /session/17938e7f8541bcff555766d2bec8a2c8/element/f.0F1FAEEE2861019DFD6915B8D9C967AD.d.4CBF372F6BFE616DC2182E0D582189D4.e.4760/click - {}
RESULT: {}
COMMAND: POST /session/17938e7f8541bcff555766d2bec8a2c8/execute/async - {"script":"<script> [1562 bytes]","args":[{"selector":{"id":"application-managecatalogs-display-component---detailCatalog--ObjectPageLayout-anchBar-application-managecatalogs-display-component---detailCatalog--sectionRUs-anchor","interaction":{"idSuffix":"BDI-content"}},"wdio_ui5_key":"applicationmanagecatalogs-display-component---detailCatalog--ObjectPageLayout-anchBar-application-managecatalogs-display-component---detailCatalog--sectionRUs-anchor"}]}
COMMAND: GET /session/17938e7f8541bcff555766d2bec8a2c8/screenshot - {}
RESULT: {"script":"<script> [1562 bytes]","args":[{"selector":{"id":"application-managecatalogs-display-component---detailCatalog--ObjectPageLayout-anchBar-application-managecatalogs-display-component---detailCatalog--sectionRUs-anchor","interaction":{"idSuffix":"BDI-content"}},"wdio_ui5_key":"applicationmanagecatalogs-display-component---detailCatalog--ObjectPageLayout-anchBar-application-managecatalogs-display-component---detailCatalog--sectionRUs-anchor"}]}
RESULT: undefined
COMMAND: POST /session/17938e7f8541bcff555766d2bec8a2c8/element - {"using":"xpath","value":"//*[@id=\"application-managecatalogs-display-component---detailCatalog--ObjectPageLayout-anchBar-application-managecatalogs-display-component---detailCatalog--sectionRUs-anchor\"]"}
RESULT: {}
RESULT: {"using":"xpath","value":"//*[@id=\"application-managecatalogs-display-component---detailCatalog--ObjectPageLayout-anchBar-application-managecatalogs-display-component---detailCatalog--sectionRUs-anchor\"]"}
COMMAND: POST /session/17938e7f8541bcff555766d2bec8a2c8/element/f.0F1FAEEE2861019DFD6915B8D9C967AD.d.4CBF372F6BFE616DC2182E0D582189D4.e.4762/click - {}
RESULT: {}
COMMAND: POST /session/17938e7f8541bcff555766d2bec8a2c8/element - {"using":"xpath","value":"//button[contains(@data-kt ,\"catalogItemAssignRuButton\")]"}
COMMAND: GET /session/17938e7f8541bcff555766d2bec8a2c8/screenshot - {}
RESULT: {"using":"xpath","value":"//button[contains(@data-kt ,\"catalogItemAssignRuButton\")]"}
COMMAND: POST /session/17938e7f8541bcff555766d2bec8a2c8/element/f.0F1FAEEE2861019DFD6915B8D9C967AD.d.4CBF372F6BFE616DC2182E0D582189D4.e.4766/click - {}
RESULT: {}
RESULT: {}
COMMAND: GET /session/17938e7f8541bcff555766d2bec8a2c8/screenshot - {}
RESULT: {}
COMMAND: POST /session/17938e7f8541bcff555766d2bec8a2c8/actions - {"actions":[{"id":"action15","type":"key","parameters":{},"actions":[{"type":"keyDown","value":"î€‡"},{"type":"pause","duration":10},{"type":"keyUp","value":"î€‡"}]}]}
RESULT: {"actions":[{"id":"action15","type":"key","parameters":{},"actions":[{"type":"keyDown","value":"î€‡"},{"type":"pause","duration":10},{"type":"keyUp","value":"î€‡"}]}]}
COMMAND: POST /session/17938e7f8541bcff555766d2bec8a2c8/execute/async - {"script":"<script> [1562 bytes]","args":[{"selector":{"id":"application-managecatalogs-display-component---detailCatalog--assignRUSearchField-vhi","searchOpenDialogs":true},"wdio_ui5_key":"applicationmanagecatalogs-display-component---detailCatalog--assignRUSearchField-vhi"}]}
COMMAND: GET /session/17938e7f8541bcff555766d2bec8a2c8/screenshot - {}
RESULT: {"script":"<script> [1562 bytes]","args":[{"selector":{"id":"application-managecatalogs-display-component---detailCatalog--assignRUSearchField-vhi","searchOpenDialogs":true},"wdio_ui5_key":"applicationmanagecatalogs-display-component---detailCatalog--assignRUSearchField-vhi"}]}
RESULT: undefined
COMMAND: POST /session/17938e7f8541bcff555766d2bec8a2c8/element - {"using":"xpath","value":"//*[@id=\"application-managecatalogs-display-component---detailCatalog--assignRUSearchField-vhi\"]"}
RESULT: {}
RESULT: {"using":"xpath","value":"//*[@id=\"application-managecatalogs-display-component---detailCatalog--assignRUSearchField-vhi\"]"}
COMMAND: POST /session/17938e7f8541bcff555766d2bec8a2c8/element/f.0F1FAEEE2861019DFD6915B8D9C967AD.d.4CBF372F6BFE616DC2182E0D582189D4.e.4785/click - {}
RESULT: {}
COMMAND: GET /session/17938e7f8541bcff555766d2bec8a2c8/screenshot - {}
RESULT: {}
COMMAND: POST /session/17938e7f8541bcff555766d2bec8a2c8/element - {"using":"xpath","value":"//input[contains(@id ,\"searchField-I\")]"}
RESULT: {"using":"xpath","value":"//input[contains(@id ,\"searchField-I\")]"}
COMMAND: POST /session/17938e7f8541bcff555766d2bec8a2c8/element/f.0F1FAEEE2861019DFD6915B8D9C967AD.d.4CBF372F6BFE616DC2182E0D582189D4.e.4789/clear - {}
RESULT: {}
COMMAND: POST /session/17938e7f8541bcff555766d2bec8a2c8/element/f.0F1FAEEE2861019DFD6915B8D9C967AD.d.4CBF372F6BFE616DC2182E0D582189D4.e.4789/value - {"text":"WdIOTestEquipa35wo"}
COMMAND: GET /session/17938e7f8541bcff555766d2bec8a2c8/screenshot - {}
RESULT: {"text":"WdIOTestEquipa35wo"}
COMMAND: GET /session/17938e7f8541bcff555766d2bec8a2c8/screenshot - {}
RESULT: {}
RESULT: {}
COMMAND: POST /session/17938e7f8541bcff555766d2bec8a2c8/actions - {"actions":[{"id":"action16","type":"key","parameters":{},"actions":[{"type":"keyDown","value":"î€‡"},{"type":"pause","duration":10},{"type":"keyUp","value":"î€‡"}]}]}
RESULT: {"actions":[{"id":"action16","type":"key","parameters":{},"actions":[{"type":"keyDown","value":"î€‡"},{"type":"pause","duration":10},{"type":"keyUp","value":"î€‡"}]}]}
COMMAND: GET /session/17938e7f8541bcff555766d2bec8a2c8/screenshot - {}
RESULT: {}
COMMAND: POST /session/17938e7f8541bcff555766d2bec8a2c8/actions - {"actions":[{"id":"action17","type":"key","parameters":{},"actions":[{"type":"keyDown","value":"î€„"},{"type":"pause","duration":10},{"type":"keyUp","value":"î€„"}]}]}
RESULT: {"actions":[{"id":"action17","type":"key","parameters":{},"actions":[{"type":"keyDown","value":"î€„"},{"type":"pause","duration":10},{"type":"keyUp","value":"î€„"}]}]}
COMMAND: GET /session/17938e7f8541bcff555766d2bec8a2c8/screenshot - {}
RESULT: {}
COMMAND: POST /session/17938e7f8541bcff555766d2bec8a2c8/actions - {"actions":[{"id":"action18","type":"key","parameters":{},"actions":[{"type":"keyDown","value":"î€‡"},{"type":"pause","duration":10},{"type":"keyUp","value":"î€‡"}]}]}
RESULT: {"actions":[{"id":"action18","type":"key","parameters":{},"actions":[{"type":"keyDown","value":"î€‡"},{"type":"pause","duration":10},{"type":"keyUp","value":"î€‡"}]}]}
COMMAND: GET /session/17938e7f8541bcff555766d2bec8a2c8/screenshot - {}
RESULT: {}
COMMAND: POST /session/17938e7f8541bcff555766d2bec8a2c8/element - {"using":"xpath","value":"//bdi[contains(@id ,\"application-managecatalogs-display-component---detailCatalog--RUAssignmentSaveButton-BDI-content\")]"}
RESULT: {"using":"xpath","value":"//bdi[contains(@id ,\"application-managecatalogs-display-component---detailCatalog--RUAssignmentSaveButton-BDI-content\")]"}
COMMAND: POST /session/17938e7f8541bcff555766d2bec8a2c8/element/f.0F1FAEEE2861019DFD6915B8D9C967AD.d.4CBF372F6BFE616DC2182E0D582189D4.e.4824/click - {}
RESULT: {}
COMMAND: GET /session/17938e7f8541bcff555766d2bec8a2c8/screenshot - {}
RESULT: {}
COMMAND: POST /session/17938e7f8541bcff555766d2bec8a2c8/element - {"using":"xpath","value":"//bdi[contains(@id ,\"application-managecatalogs-display-component---detailCatalog--ObjectPageLayout-anchBar-application-managecatalogs-display-component---detailCatalog--sectionRUs-anchor-BDI-content\")]"}
RESULT: {"using":"xpath","value":"//bdi[contains(@id ,\"application-managecatalogs-display-component---detailCatalog--ObjectPageLayout-anchBar-application-managecatalogs-display-component---detailCatalog--sectionRUs-anchor-BDI-content\")]"}
COMMAND: POST /session/17938e7f8541bcff555766d2bec8a2c8/element/f.0F1FAEEE2861019DFD6915B8D9C967AD.d.4CBF372F6BFE616DC2182E0D582189D4.e.4854/click - {}
RESULT: {}
COMMAND: GET /session/17938e7f8541bcff555766d2bec8a2c8/screenshot - {}
RESULT: {}
COMMAND: POST /session/17938e7f8541bcff555766d2bec8a2c8/element - {"using":"xpath","value":"//button[contains(@data-kt ,\"catalogItemAssignRuButton\")]"}
RESULT: {"using":"xpath","value":"//button[contains(@data-kt ,\"catalogItemAssignRuButton\")]"}
COMMAND: POST /session/17938e7f8541bcff555766d2bec8a2c8/element/f.0F1FAEEE2861019DFD6915B8D9C967AD.d.4CBF372F6BFE616DC2182E0D582189D4.e.4766/click - {}
RESULT: {}
COMMAND: GET /session/17938e7f8541bcff555766d2bec8a2c8/screenshot - {}
RESULT: {}
COMMAND: POST /session/17938e7f8541bcff555766d2bec8a2c8/actions - {"actions":[{"id":"action19","type":"key","parameters":{},"actions":[{"type":"keyDown","value":"î€‡"},{"type":"pause","duration":10},{"type":"keyUp","value":"î€‡"}]}]}
RESULT: {"actions":[{"id":"action19","type":"key","parameters":{},"actions":[{"type":"keyDown","value":"î€‡"},{"type":"pause","duration":10},{"type":"keyUp","value":"î€‡"}]}]}
RESULT: undefined
COMMAND: POST /session/17938e7f8541bcff555766d2bec8a2c8/element - {"using":"xpath","value":"//*[@id=\"application-managecatalogs-display-component---detailCatalog--assignRUSearchField-vhi\"]"}
COMMAND: GET /session/17938e7f8541bcff555766d2bec8a2c8/screenshot - {}
RESULT: {"using":"xpath","value":"//*[@id=\"application-managecatalogs-display-component---detailCatalog--assignRUSearchField-vhi\"]"}
COMMAND: POST /session/17938e7f8541bcff555766d2bec8a2c8/elements - {"using":"xpath","value":"//*[@id=\"application-managecatalogs-display-component---detailCatalog--assignRUSearchField-vhi\"]"}
RESULT: {}
RESULT: {"using":"xpath","value":"//*[@id=\"application-managecatalogs-display-component---detailCatalog--assignRUSearchField-vhi\"]"}
COMMAND: POST /session/17938e7f8541bcff555766d2bec8a2c8/element - {"using":"xpath","value":"//*[@id=\"application-managecatalogs-display-component---detailCatalog--assignRUSearchField-vhi\"]"}
RESULT: {"using":"xpath","value":"//*[@id=\"application-managecatalogs-display-component---detailCatalog--assignRUSearchField-vhi\"]"}
COMMAND: POST /session/17938e7f8541bcff555766d2bec8a2c8/element/f.0F1FAEEE2861019DFD6915B8D9C967AD.d.4CBF372F6BFE616DC2182E0D582189D4.e.4871/click - {}
RESULT: {}
COMMAND: POST /session/17938e7f8541bcff555766d2bec8a2c8/execute/async - {"script":"<script> [1562 bytes]","args":[{"selector":{"controlType":"sap.m.SearchField","viewName":"etm.portal.ui.managecatalogs.view.Detail","viewId":"application-managecatalogs-display-component---detailCatalog","searchOpenDialogs":true,"interaction":{"idSuffix":"I"}},"wdio_ui5_key":"etmportal.ui.managecatalogs.view.Detailsap.m.SearchField"}]}
COMMAND: GET /session/17938e7f8541bcff555766d2bec8a2c8/screenshot - {}
RESULT: {"script":"<script> [1562 bytes]","args":[{"selector":{"controlType":"sap.m.SearchField","viewName":"etm.portal.ui.managecatalogs.view.Detail","viewId":"application-managecatalogs-display-component---detailCatalog","searchOpenDialogs":true,"interaction":{"idSuffix":"I"}},"wdio_ui5_key":"etmportal.ui.managecatalogs.view.Detailsap.m.SearchField"}]}
RESULT: undefined
COMMAND: POST /session/17938e7f8541bcff555766d2bec8a2c8/execute/async - {"script":"<script> [776 bytes]","args":[{"enterText":"WebdriverMatTestkqd8n","selector":{"controlType":"sap.m.SearchField","viewName":"etm.portal.ui.managecatalogs.view.Detail","viewId":"application-managecatalogs-display-component---detailCatalog","searchOpenDialogs":true,"interaction":{"idSuffix":"I"}},"clearTextFirst":true,"interactionType":"ENTER_TEXT"}]}
RESULT: {}
RESULT: {"script":"<script> [776 bytes]","args":[{"enterText":"WebdriverMatTestkqd8n","selector":{"controlType":"sap.m.SearchField","viewName":"etm.portal.ui.managecatalogs.view.Detail","viewId":"application-managecatalogs-display-component---detailCatalog","searchOpenDialogs":true,"interaction":{"idSuffix":"I"}},"clearTextFirst":true,"interactionType":"ENTER_TEXT"}]}
COMMAND: POST /session/17938e7f8541bcff555766d2bec8a2c8/actions - {"actions":[{"id":"action20","type":"key","parameters":{},"actions":[{"type":"keyDown","value":"î€‡"},{"type":"pause","duration":10},{"type":"keyUp","value":"î€‡"}]}]}
RESULT: {"actions":[{"id":"action20","type":"key","parameters":{},"actions":[{"type":"keyDown","value":"î€‡"},{"type":"pause","duration":10},{"type":"keyUp","value":"î€‡"}]}]}
COMMAND: GET /session/17938e7f8541bcff555766d2bec8a2c8/screenshot - {}
RESULT: {}
COMMAND: POST /session/17938e7f8541bcff555766d2bec8a2c8/element - {"using":"xpath","value":"(//span[contains(text(), \"WebdriverMatTestkqd8n\")])[1]"}
RESULT: {"using":"xpath","value":"(//span[contains(text(), \"WebdriverMatTestkqd8n\")])[1]"}
COMMAND: POST /session/17938e7f8541bcff555766d2bec8a2c8/element/f.0F1FAEEE2861019DFD6915B8D9C967AD.d.4CBF372F6BFE616DC2182E0D582189D4.e.4903/click - {}
RESULT: {}
COMMAND: POST /session/17938e7f8541bcff555766d2bec8a2c8/execute/async - {"script":"<script> [1562 bytes]","args":[{"selector":{"id":"application-managecatalogs-display-component---detailCatalog--RUAssignmentSaveButton","searchOpenDialogs":true,"interaction":{"idSuffix":"BDI-content"}},"wdio_ui5_key":"applicationmanagecatalogs-display-component---detailCatalog--RUAssignmentSaveButton"}]}
COMMAND: GET /session/17938e7f8541bcff555766d2bec8a2c8/screenshot - {}
RESULT: {"script":"<script> [1562 bytes]","args":[{"selector":{"id":"application-managecatalogs-display-component---detailCatalog--RUAssignmentSaveButton","searchOpenDialogs":true,"interaction":{"idSuffix":"BDI-content"}},"wdio_ui5_key":"applicationmanagecatalogs-display-component---detailCatalog--RUAssignmentSaveButton"}]}
RESULT: undefined
COMMAND: POST /session/17938e7f8541bcff555766d2bec8a2c8/element - {"using":"xpath","value":"//*[@id=\"application-managecatalogs-display-component---detailCatalog--RUAssignmentSaveButton\"]"}
RESULT: {}
RESULT: {"using":"xpath","value":"//*[@id=\"application-managecatalogs-display-component---detailCatalog--RUAssignmentSaveButton\"]"}
COMMAND: POST /session/17938e7f8541bcff555766d2bec8a2c8/element/f.0F1FAEEE2861019DFD6915B8D9C967AD.d.4CBF372F6BFE616DC2182E0D582189D4.e.4906/click - {}
RESULT: {}
COMMAND: GET /session/17938e7f8541bcff555766d2bec8a2c8/screenshot - {}
RESULT: {}
COMMAND: POST /session/17938e7f8541bcff555766d2bec8a2c8/element - {"using":"xpath","value":"//bdi[contains(text(), \"Save\")]"}
RESULT: {"using":"xpath","value":"//bdi[contains(text(), \"Save\")]"}
COMMAND: POST /session/17938e7f8541bcff555766d2bec8a2c8/element/f.0F1FAEEE2861019DFD6915B8D9C967AD.d.4CBF372F6BFE616DC2182E0D582189D4.e.4917/click - {}
RESULT: {}
COMMAND: GET /session/17938e7f8541bcff555766d2bec8a2c8/screenshot - {}
RESULT: {}
COMMAND: POST /session/17938e7f8541bcff555766d2bec8a2c8/element - {"using":"css selector","value":"#shell-header-logo"}
RESULT: {"using":"css selector","value":"#shell-header-logo"}
COMMAND: POST /session/17938e7f8541bcff555766d2bec8a2c8/element/f.0F1FAEEE2861019DFD6915B8D9C967AD.d.4CBF372F6BFE616DC2182E0D582189D4.e.4551/click - {}
RESULT: {}
COMMAND: GET /session/17938e7f8541bcff555766d2bec8a2c8/screenshot - {}
]]></system-out>
    </testcase>
    <testcase classname="chrome.137_0_7151_56.windows.Standard_contract_-_add_contract_items_by_Insert_Request_US118222" name="Should create a new contract" time="98.217">
      <system-out><![CDATA[
COMMAND: POST /session/17938e7f8541bcff555766d2bec8a2c8/execute/async - {"script":"<script> [1562 bytes]","args":[{"selector":{"controlType":"sap.m.GenericTile","properties":{"header":"Manage Contracts"}},"wdio_ui5_key":"sapm.GenericTile{\"header\":\"Manage Contracts\"}"}]}
RESULT: {}
RESULT: {"script":"<script> [1562 bytes]","args":[{"selector":{"controlType":"sap.m.GenericTile","properties":{"header":"Manage Contracts"}},"wdio_ui5_key":"sapm.GenericTile{\"header\":\"Manage Contracts\"}"}]}
RESULT: undefined
COMMAND: POST /session/17938e7f8541bcff555766d2bec8a2c8/element - {"using":"xpath","value":"//*[@id=\"__tile130\"]"}
RESULT: {"using":"xpath","value":"//*[@id=\"__tile130\"]"}
COMMAND: POST /session/17938e7f8541bcff555766d2bec8a2c8/element/f.0F1FAEEE2861019DFD6915B8D9C967AD.d.4CBF372F6BFE616DC2182E0D582189D4.e.4950/click - {}
RESULT: {}
COMMAND: GET /session/17938e7f8541bcff555766d2bec8a2c8/screenshot - {}
RESULT: {}
COMMAND: POST /session/17938e7f8541bcff555766d2bec8a2c8/elements - {"using":"xpath","value":"//span[text()='Error']"}
RESULT: {"using":"xpath","value":"//span[text()='Error']"}
COMMAND: POST /session/17938e7f8541bcff555766d2bec8a2c8/element - {"using":"xpath","value":"//button[@data-kt=\"addButton\"]"}
RESULT: {"using":"xpath","value":"//button[@data-kt=\"addButton\"]"}
COMMAND: POST /session/17938e7f8541bcff555766d2bec8a2c8/element/f.0F1FAEEE2861019DFD6915B8D9C967AD.d.4CBF372F6BFE616DC2182E0D582189D4.e.4999/click - {}
RESULT: {}
COMMAND: GET /session/17938e7f8541bcff555766d2bec8a2c8/screenshot - {}
COMMAND: POST /session/17938e7f8541bcff555766d2bec8a2c8/execute/async - {"script":"<script> [1562 bytes]","args":[{"selector":{"id":"application-managecontracts-display-component---AddNewContract--projectDescription","interaction":{"idSuffix":"inner"}},"wdio_ui5_key":"applicationmanagecontracts-display-component---AddNewContract--projectDescription"}]}
RESULT: {}
RESULT: {"script":"<script> [1562 bytes]","args":[{"selector":{"id":"application-managecontracts-display-component---AddNewContract--projectDescription","interaction":{"idSuffix":"inner"}},"wdio_ui5_key":"applicationmanagecontracts-display-component---AddNewContract--projectDescription"}]}
RESULT: undefined
COMMAND: POST /session/17938e7f8541bcff555766d2bec8a2c8/execute/async - {"script":"<script> [776 bytes]","args":[{"enterText":"WdIOTest233vg","selector":{"id":"application-managecontracts-display-component---AddNewContract--projectDescription","interaction":{"idSuffix":"inner"}},"clearTextFirst":true,"interactionType":"ENTER_TEXT"}]}
RESULT: {"script":"<script> [776 bytes]","args":[{"enterText":"WdIOTest233vg","selector":{"id":"application-managecontracts-display-component---AddNewContract--projectDescription","interaction":{"idSuffix":"inner"}},"clearTextFirst":true,"interactionType":"ENTER_TEXT"}]}
COMMAND: POST /session/17938e7f8541bcff555766d2bec8a2c8/element - {"using":"xpath","value":"//input[@id=\"application-managecontracts-display-component---AddNewContract--yardId-inner\"]"}
RESULT: {"using":"xpath","value":"//input[@id=\"application-managecontracts-display-component---AddNewContract--yardId-inner\"]"}
COMMAND: POST /session/17938e7f8541bcff555766d2bec8a2c8/element/f.0F1FAEEE2861019DFD6915B8D9C967AD.d.4CBF372F6BFE616DC2182E0D582189D4.e.5265/clear - {}
RESULT: {}
COMMAND: POST /session/17938e7f8541bcff555766d2bec8a2c8/element/f.0F1FAEEE2861019DFD6915B8D9C967AD.d.4CBF372F6BFE616DC2182E0D582189D4.e.5265/value - {"text":"WebdriverYardjxvo1"}
COMMAND: GET /session/17938e7f8541bcff555766d2bec8a2c8/screenshot - {}
RESULT: {"text":"WebdriverYardjxvo1"}
COMMAND: GET /session/17938e7f8541bcff555766d2bec8a2c8/screenshot - {}
RESULT: {}
RESULT: {}
COMMAND: POST /session/17938e7f8541bcff555766d2bec8a2c8/actions - {"actions":[{"id":"action21","type":"key","parameters":{},"actions":[{"type":"keyDown","value":"î€‡"},{"type":"pause","duration":10},{"type":"keyUp","value":"î€‡"}]}]}
RESULT: {"actions":[{"id":"action21","type":"key","parameters":{},"actions":[{"type":"keyDown","value":"î€‡"},{"type":"pause","duration":10},{"type":"keyUp","value":"î€‡"}]}]}
COMMAND: GET /session/17938e7f8541bcff555766d2bec8a2c8/screenshot - {}
RESULT: {}
COMMAND: POST /session/17938e7f8541bcff555766d2bec8a2c8/element - {"using":"xpath","value":"//input[@id=\"application-managecontracts-display-component---AddNewContract--customerSelect-inner\"]"}
RESULT: {"using":"xpath","value":"//input[@id=\"application-managecontracts-display-component---AddNewContract--customerSelect-inner\"]"}
COMMAND: POST /session/17938e7f8541bcff555766d2bec8a2c8/element/f.0F1FAEEE2861019DFD6915B8D9C967AD.d.4CBF372F6BFE616DC2182E0D582189D4.e.5263/clear - {}
RESULT: {}
COMMAND: POST /session/17938e7f8541bcff555766d2bec8a2c8/element/f.0F1FAEEE2861019DFD6915B8D9C967AD.d.4CBF372F6BFE616DC2182E0D582189D4.e.5263/value - {"text":"WebdriverPartnerlbtm1i"}
COMMAND: GET /session/17938e7f8541bcff555766d2bec8a2c8/screenshot - {}
RESULT: {}
RESULT: {"text":"WebdriverPartnerlbtm1i"}
COMMAND: GET /session/17938e7f8541bcff555766d2bec8a2c8/screenshot - {}
RESULT: {}
COMMAND: POST /session/17938e7f8541bcff555766d2bec8a2c8/actions - {"actions":[{"id":"action22","type":"key","parameters":{},"actions":[{"type":"keyDown","value":"î€‡"},{"type":"pause","duration":10},{"type":"keyUp","value":"î€‡"}]}]}
RESULT: {"actions":[{"id":"action22","type":"key","parameters":{},"actions":[{"type":"keyDown","value":"î€‡"},{"type":"pause","duration":10},{"type":"keyUp","value":"î€‡"}]}]}
COMMAND: GET /session/17938e7f8541bcff555766d2bec8a2c8/screenshot - {}
RESULT: {}
COMMAND: POST /session/17938e7f8541bcff555766d2bec8a2c8/element - {"using":"xpath","value":"//input[@id=\"application-managecontracts-display-component---AddNewContract--site-inner\"]"}
RESULT: {"using":"xpath","value":"//input[@id=\"application-managecontracts-display-component---AddNewContract--site-inner\"]"}
COMMAND: POST /session/17938e7f8541bcff555766d2bec8a2c8/element/f.0F1FAEEE2861019DFD6915B8D9C967AD.d.4CBF372F6BFE616DC2182E0D582189D4.e.5264/clear - {}
RESULT: {}
COMMAND: POST /session/17938e7f8541bcff555766d2bec8a2c8/element/f.0F1FAEEE2861019DFD6915B8D9C967AD.d.4CBF372F6BFE616DC2182E0D582189D4.e.5264/value - {"text":"WebdriverSitea19o7"}
COMMAND: GET /session/17938e7f8541bcff555766d2bec8a2c8/screenshot - {}
RESULT: {"text":"WebdriverSitea19o7"}
COMMAND: GET /session/17938e7f8541bcff555766d2bec8a2c8/screenshot - {}
RESULT: {}
RESULT: {}
COMMAND: POST /session/17938e7f8541bcff555766d2bec8a2c8/actions - {"actions":[{"id":"action23","type":"key","parameters":{},"actions":[{"type":"keyDown","value":"î€‡"},{"type":"pause","duration":10},{"type":"keyUp","value":"î€‡"}]}]}
RESULT: {"actions":[{"id":"action23","type":"key","parameters":{},"actions":[{"type":"keyDown","value":"î€‡"},{"type":"pause","duration":10},{"type":"keyUp","value":"î€‡"}]}]}
COMMAND: GET /session/17938e7f8541bcff555766d2bec8a2c8/screenshot - {}
COMMAND: POST /session/17938e7f8541bcff555766d2bec8a2c8/element - {"using":"xpath","value":"//button[@data-kt=\"saveButton\"]"}
RESULT: {}
RESULT: {"using":"xpath","value":"//button[@data-kt=\"saveButton\"]"}
COMMAND: POST /session/17938e7f8541bcff555766d2bec8a2c8/element/f.0F1FAEEE2861019DFD6915B8D9C967AD.d.4CBF372F6BFE616DC2182E0D582189D4.e.5341/click - {}
RESULT: {}
COMMAND: GET /session/17938e7f8541bcff555766d2bec8a2c8/screenshot - {}
RESULT: {}
COMMAND: POST /session/17938e7f8541bcff555766d2bec8a2c8/execute/async - {"script":"<script> [1562 bytes]","args":[{"selector":{"id":"contractDetailTitleNoExpanded","viewName":"etm.portal.ui.managecontracts.view.Detail"},"wdio_ui5_key":"contractDetailTitleNoExpandedetmportal.ui.managecontracts.view.Detail"}]}
RESULT: {"script":"<script> [1562 bytes]","args":[{"selector":{"id":"contractDetailTitleNoExpanded","viewName":"etm.portal.ui.managecontracts.view.Detail"},"wdio_ui5_key":"contractDetailTitleNoExpandedetmportal.ui.managecontracts.view.Detail"}]}
RESULT: undefined
COMMAND: POST /session/17938e7f8541bcff555766d2bec8a2c8/execute/async - {"script":"<script> [6424 bytes]","args":[{"element-6066-11e4-a52e-4f735466cecf":"f.0F1FAEEE2861019DFD6915B8D9C967AD.d.4CBF372F6BFE616DC2182E0D582189D4.e.5419"},"getText",[]]}
RESULT: {"script":"<script> [6424 bytes]","args":[{"element-6066-11e4-a52e-4f735466cecf":"f.0F1FAEEE2861019DFD6915B8D9C967AD.d.4CBF372F6BFE616DC2182E0D582189D4.e.5419"},"getText",[]]}
]]></system-out>
    </testcase>
    <testcase classname="chrome.137_0_7151_56.windows.Standard_contract_-_add_contract_items_by_Insert_Request_US118222" name="Should create a new request and plan it" time="170.603">
      <system-out><![CDATA[
COMMAND: POST /session/17938e7f8541bcff555766d2bec8a2c8/element - {"using":"css selector","value":"#shell-header-logo"}
RESULT: {"using":"css selector","value":"#shell-header-logo"}
COMMAND: POST /session/17938e7f8541bcff555766d2bec8a2c8/element/f.0F1FAEEE2861019DFD6915B8D9C967AD.d.4CBF372F6BFE616DC2182E0D582189D4.e.4953/click - {}
RESULT: {}
COMMAND: GET /session/17938e7f8541bcff555766d2bec8a2c8/screenshot - {}
RESULT: {}
COMMAND: POST /session/17938e7f8541bcff555766d2bec8a2c8/execute/async - {"script":"<script> [1562 bytes]","args":[{"selector":{"controlType":"sap.m.GenericTile","properties":{"header":"Manage Requests"}},"wdio_ui5_key":"sapm.GenericTile{\"header\":\"Manage Requests\"}"}]}
RESULT: {"script":"<script> [1562 bytes]","args":[{"selector":{"controlType":"sap.m.GenericTile","properties":{"header":"Manage Requests"}},"wdio_ui5_key":"sapm.GenericTile{\"header\":\"Manage Requests\"}"}]}
RESULT: undefined
COMMAND: POST /session/17938e7f8541bcff555766d2bec8a2c8/element - {"using":"xpath","value":"//*[@id=\"__tile47\"]"}
RESULT: {"using":"xpath","value":"//*[@id=\"__tile47\"]"}
COMMAND: POST /session/17938e7f8541bcff555766d2bec8a2c8/element/f.0F1FAEEE2861019DFD6915B8D9C967AD.d.4CBF372F6BFE616DC2182E0D582189D4.e.5424/click - {}
RESULT: {}
COMMAND: GET /session/17938e7f8541bcff555766d2bec8a2c8/screenshot - {}
RESULT: {}
COMMAND: POST /session/17938e7f8541bcff555766d2bec8a2c8/elements - {"using":"xpath","value":"//span[text()='Error']"}
RESULT: {"using":"xpath","value":"//span[text()='Error']"}
COMMAND: POST /session/17938e7f8541bcff555766d2bec8a2c8/element - {"using":"xpath","value":"//button[contains(@data-kt ,\"btnCreateNewOverflowToolbarButton\")]"}
COMMAND: POST /session/17938e7f8541bcff555766d2bec8a2c8/element - {"using":"xpath","value":"(//span[contains(@class ,\"sapMObjStatusText\")])[1]"}
RESULT: {"using":"xpath","value":"//button[contains(@data-kt ,\"btnCreateNewOverflowToolbarButton\")]"}
COMMAND: POST /session/17938e7f8541bcff555766d2bec8a2c8/element/f.0F1FAEEE2861019DFD6915B8D9C967AD.d.4CBF372F6BFE616DC2182E0D582189D4.e.5463/click - {}
RESULT: {"using":"xpath","value":"(//span[contains(@class ,\"sapMObjStatusText\")])[1]"}
COMMAND: POST /session/17938e7f8541bcff555766d2bec8a2c8/execute/sync - {"script":"<script> [8489 bytes]","args":[{"element-6066-11e4-a52e-4f735466cecf":"f.0F1FAEEE2861019DFD6915B8D9C967AD.d.4CBF372F6BFE616DC2182E0D582189D4.e.5536","ELEMENT":"f.0F1FAEEE2861019DFD6915B8D9C967AD.d.4CBF372F6BFE616DC2182E0D582189D4.e.5536"}]}
RESULT: {}
COMMAND: GET /session/17938e7f8541bcff555766d2bec8a2c8/screenshot - {}
COMMAND: POST /session/17938e7f8541bcff555766d2bec8a2c8/element - {"using":"xpath","value":"(//span[contains(@class ,\"sapMObjStatusText\")])[1]"}
RESULT: {}
RESULT: {"using":"xpath","value":"(//span[contains(@class ,\"sapMObjStatusText\")])[1]"}
COMMAND: POST /session/17938e7f8541bcff555766d2bec8a2c8/execute/sync - {"script":"<script> [8489 bytes]","args":[{"element-6066-11e4-a52e-4f735466cecf":"f.0F1FAEEE2861019DFD6915B8D9C967AD.d.4CBF372F6BFE616DC2182E0D582189D4.e.5782","ELEMENT":"f.0F1FAEEE2861019DFD6915B8D9C967AD.d.4CBF372F6BFE616DC2182E0D582189D4.e.5782"}]}
RESULT: {"script":"<script> [8489 bytes]","args":[{"element-6066-11e4-a52e-4f735466cecf":"f.0F1FAEEE2861019DFD6915B8D9C967AD.d.4CBF372F6BFE616DC2182E0D582189D4.e.5782","ELEMENT":"f.0F1FAEEE2861019DFD6915B8D9C967AD.d.4CBF372F6BFE616DC2182E0D582189D4.e.5782"}]}
COMMAND: GET /session/17938e7f8541bcff555766d2bec8a2c8/screenshot - {}
RESULT: {}
COMMAND: POST /session/17938e7f8541bcff555766d2bec8a2c8/element - {"using":"xpath","value":"//input[contains(@id ,\"yardId-inner\")]"}
RESULT: {"using":"xpath","value":"//input[contains(@id ,\"yardId-inner\")]"}
COMMAND: POST /session/17938e7f8541bcff555766d2bec8a2c8/execute/sync - {"script":"<script> [8489 bytes]","args":[{"element-6066-11e4-a52e-4f735466cecf":"f.0F1FAEEE2861019DFD6915B8D9C967AD.d.4CBF372F6BFE616DC2182E0D582189D4.e.5618","ELEMENT":"f.0F1FAEEE2861019DFD6915B8D9C967AD.d.4CBF372F6BFE616DC2182E0D582189D4.e.5618"}]}
RESULT: {"script":"<script> [8489 bytes]","args":[{"element-6066-11e4-a52e-4f735466cecf":"f.0F1FAEEE2861019DFD6915B8D9C967AD.d.4CBF372F6BFE616DC2182E0D582189D4.e.5618","ELEMENT":"f.0F1FAEEE2861019DFD6915B8D9C967AD.d.4CBF372F6BFE616DC2182E0D582189D4.e.5618"}]}
COMMAND: POST /session/17938e7f8541bcff555766d2bec8a2c8/element - {"using":"xpath","value":"//input[contains(@id ,\"requestContractNo-inner\")]"}
COMMAND: POST /session/17938e7f8541bcff555766d2bec8a2c8/element - {"using":"xpath","value":"//input[contains(@id ,\"requestContractNo-inner\")]"}
COMMAND: GET /session/17938e7f8541bcff555766d2bec8a2c8/screenshot - {}
RESULT: {"using":"xpath","value":"//input[contains(@id ,\"requestContractNo-inner\")]"}
COMMAND: POST /session/17938e7f8541bcff555766d2bec8a2c8/element/f.0F1FAEEE2861019DFD6915B8D9C967AD.d.4CBF372F6BFE616DC2182E0D582189D4.e.5613/value - {"text":"10467"}
RESULT: {"using":"xpath","value":"//input[contains(@id ,\"requestContractNo-inner\")]"}
COMMAND: GET /session/17938e7f8541bcff555766d2bec8a2c8/element/f.0F1FAEEE2861019DFD6915B8D9C967AD.d.4CBF372F6BFE616DC2182E0D582189D4.e.5613/enabled - {}
RESULT: {}
RESULT: {"text":"10467"}
COMMAND: GET /session/17938e7f8541bcff555766d2bec8a2c8/screenshot - {}
RESULT: {}
COMMAND: GET /session/17938e7f8541bcff555766d2bec8a2c8/screenshot - {}
RESULT: {}
RESULT: {}
COMMAND: POST /session/17938e7f8541bcff555766d2bec8a2c8/actions - {"actions":[{"id":"action24","type":"key","parameters":{},"actions":[{"type":"keyDown","value":"î€‡"},{"type":"pause","duration":10},{"type":"keyUp","value":"î€‡"}]}]}
RESULT: {"actions":[{"id":"action24","type":"key","parameters":{},"actions":[{"type":"keyDown","value":"î€‡"},{"type":"pause","duration":10},{"type":"keyUp","value":"î€‡"}]}]}
COMMAND: GET /session/17938e7f8541bcff555766d2bec8a2c8/screenshot - {}
RESULT: {}
COMMAND: POST /session/17938e7f8541bcff555766d2bec8a2c8/execute/async - {"script":"<script> [1562 bytes]","args":[{"selector":{"controlType":"sap.ui.core.Icon","viewName":"etm.portal.ui.managerequests.view.NewRequest","properties":{"src":{"regex":{"source":"add"}}}},"wdio_ui5_key":"etmportal.ui.managerequests.view.NewRequestsap.ui.core.Icon{\"src\":{\"regex\":{\"source\":\"add\"}}}"}]}
RESULT: {"script":"<script> [1562 bytes]","args":[{"selector":{"controlType":"sap.ui.core.Icon","viewName":"etm.portal.ui.managerequests.view.NewRequest","properties":{"src":{"regex":{"source":"add"}}}},"wdio_ui5_key":"etmportal.ui.managerequests.view.NewRequestsap.ui.core.Icon{\"src\":{\"regex\":{\"source\":\"add\"}}}"}]}
RESULT: undefined
COMMAND: POST /session/17938e7f8541bcff555766d2bec8a2c8/element - {"using":"xpath","value":"//*[@id=\"__xmlview61--btnAddTableRow-img\"]"}
RESULT: {"using":"xpath","value":"//*[@id=\"__xmlview61--btnAddTableRow-img\"]"}
COMMAND: POST /session/17938e7f8541bcff555766d2bec8a2c8/element/f.0F1FAEEE2861019DFD6915B8D9C967AD.d.4CBF372F6BFE616DC2182E0D582189D4.e.5791/click - {}
RESULT: {}
COMMAND: GET /session/17938e7f8541bcff555766d2bec8a2c8/screenshot - {}
RESULT: {}
COMMAND: POST /session/17938e7f8541bcff555766d2bec8a2c8/execute/async - {"script":"<script> [1562 bytes]","args":[{"selector":{"controlType":"sap.ui.unified.MenuItem","viewName":"etm.portal.ui.managerequests.view.NewRequest","i18NText":{"propertyName":"text","key":"standardEntry"},"searchOpenDialogs":true,"interaction":{"idSuffix":"txt"}},"wdio_ui5_key":"etmportal.ui.managerequests.view.NewRequestsap.ui.unified.MenuItem{\"propertyName\":\"text\",\"key\":\"standardEntry\"}"}]}
RESULT: {"script":"<script> [1562 bytes]","args":[{"selector":{"controlType":"sap.ui.unified.MenuItem","viewName":"etm.portal.ui.managerequests.view.NewRequest","i18NText":{"propertyName":"text","key":"standardEntry"},"searchOpenDialogs":true,"interaction":{"idSuffix":"txt"}},"wdio_ui5_key":"etmportal.ui.managerequests.view.NewRequestsap.ui.unified.MenuItem{\"propertyName\":\"text\",\"key\":\"standardEntry\"}"}]}
RESULT: undefined
COMMAND: POST /session/17938e7f8541bcff555766d2bec8a2c8/element - {"using":"xpath","value":"//*[@id=\"__item2630\"]"}
RESULT: {"using":"xpath","value":"//*[@id=\"__item2630\"]"}
COMMAND: POST /session/17938e7f8541bcff555766d2bec8a2c8/element/f.0F1FAEEE2861019DFD6915B8D9C967AD.d.4CBF372F6BFE616DC2182E0D582189D4.e.5795/click - {}
RESULT: {}
COMMAND: GET /session/17938e7f8541bcff555766d2bec8a2c8/screenshot - {}
RESULT: {}
RESULT: undefined
COMMAND: POST /session/17938e7f8541bcff555766d2bec8a2c8/element - {"using":"xpath","value":"//*[@id=\"__xmlview61--btnAddTableRow-img\"]"}
RESULT: {"using":"xpath","value":"//*[@id=\"__xmlview61--btnAddTableRow-img\"]"}
COMMAND: POST /session/17938e7f8541bcff555766d2bec8a2c8/element/f.0F1FAEEE2861019DFD6915B8D9C967AD.d.4CBF372F6BFE616DC2182E0D582189D4.e.5791/click - {}
RESULT: {}
COMMAND: GET /session/17938e7f8541bcff555766d2bec8a2c8/screenshot - {}
RESULT: {}
RESULT: undefined
COMMAND: POST /session/17938e7f8541bcff555766d2bec8a2c8/element - {"using":"xpath","value":"//*[@id=\"__item2630\"]"}
RESULT: {"using":"xpath","value":"//*[@id=\"__item2630\"]"}
COMMAND: POST /session/17938e7f8541bcff555766d2bec8a2c8/element/f.0F1FAEEE2861019DFD6915B8D9C967AD.d.4CBF372F6BFE616DC2182E0D582189D4.e.5807/click - {}
RESULT: {}
COMMAND: GET /session/17938e7f8541bcff555766d2bec8a2c8/screenshot - {}
RESULT: {}
COMMAND: POST /session/17938e7f8541bcff555766d2bec8a2c8/element - {"using":"xpath","value":"(//input[contains(@id ,\"requestItemsTable-0-inner\")])[1]"}
RESULT: {"using":"xpath","value":"(//input[contains(@id ,\"requestItemsTable-0-inner\")])[1]"}
COMMAND: POST /session/17938e7f8541bcff555766d2bec8a2c8/element/f.0F1FAEEE2861019DFD6915B8D9C967AD.d.4CBF372F6BFE616DC2182E0D582189D4.e.5797/clear - {}
RESULT: {}
COMMAND: POST /session/17938e7f8541bcff555766d2bec8a2c8/element/f.0F1FAEEE2861019DFD6915B8D9C967AD.d.4CBF372F6BFE616DC2182E0D582189D4.e.5797/value - {"text":"catalogItemktmgw"}
COMMAND: GET /session/17938e7f8541bcff555766d2bec8a2c8/screenshot - {}
RESULT: {"text":"catalogItemktmgw"}
COMMAND: GET /session/17938e7f8541bcff555766d2bec8a2c8/screenshot - {}
RESULT: {}
RESULT: {}
COMMAND: POST /session/17938e7f8541bcff555766d2bec8a2c8/actions - {"actions":[{"id":"action25","type":"key","parameters":{},"actions":[{"type":"keyDown","value":"î€‡"},{"type":"pause","duration":10},{"type":"keyUp","value":"î€‡"}]}]}
RESULT: {"actions":[{"id":"action25","type":"key","parameters":{},"actions":[{"type":"keyDown","value":"î€‡"},{"type":"pause","duration":10},{"type":"keyUp","value":"î€‡"}]}]}
COMMAND: POST /session/17938e7f8541bcff555766d2bec8a2c8/element - {"using":"xpath","value":"(//input[contains(@id ,\"requestItemsTable-1-inner\")])[1]"}
COMMAND: GET /session/17938e7f8541bcff555766d2bec8a2c8/screenshot - {}
RESULT: {"using":"xpath","value":"(//input[contains(@id ,\"requestItemsTable-1-inner\")])[1]"}
COMMAND: POST /session/17938e7f8541bcff555766d2bec8a2c8/element/f.0F1FAEEE2861019DFD6915B8D9C967AD.d.4CBF372F6BFE616DC2182E0D582189D4.e.5809/clear - {}
RESULT: {}
RESULT: {}
COMMAND: POST /session/17938e7f8541bcff555766d2bec8a2c8/element/f.0F1FAEEE2861019DFD6915B8D9C967AD.d.4CBF372F6BFE616DC2182E0D582189D4.e.5809/value - {"text":"catalogItemktmgw"}
COMMAND: GET /session/17938e7f8541bcff555766d2bec8a2c8/screenshot - {}
RESULT: {"text":"catalogItemktmgw"}
COMMAND: GET /session/17938e7f8541bcff555766d2bec8a2c8/screenshot - {}
RESULT: {}
RESULT: {}
COMMAND: POST /session/17938e7f8541bcff555766d2bec8a2c8/actions - {"actions":[{"id":"action26","type":"key","parameters":{},"actions":[{"type":"keyDown","value":"î€‡"},{"type":"pause","duration":10},{"type":"keyUp","value":"î€‡"}]}]}
RESULT: {"actions":[{"id":"action26","type":"key","parameters":{},"actions":[{"type":"keyDown","value":"î€‡"},{"type":"pause","duration":10},{"type":"keyUp","value":"î€‡"}]}]}
COMMAND: GET /session/17938e7f8541bcff555766d2bec8a2c8/screenshot - {}
RESULT: {}
COMMAND: POST /session/17938e7f8541bcff555766d2bec8a2c8/execute/async - {"script":"<script> [1562 bytes]","args":[{"selector":{"controlType":"sap.ui.core.Icon","viewName":"etm.portal.ui.managerequests.view.NewRequest","properties":{"src":{"regex":{"source":"slim\\-arrow\\-down"}}},"ancestor":{"controlType":"sap.m.Button","viewName":"etm.portal.ui.managerequests.view.NewRequest","properties":{"icon":"sap-icon://slim-arrow-down"}}},"wdio_ui5_key":"etmportal.ui.managerequests.view.NewRequestsap.ui.core.Icon{\"src\":{\"regex\":{\"source\":\"slim\\\\-arrow\\\\-down\"}}}{\"controlType\":\"sap.m.Button\",\"viewName\":\"etm.portal.ui.managerequests.view.NewRequest\",\"properties\":{\"icon\":\"sap-icon://slim-arrow-down\"}}"}]}
RESULT: {"script":"<script> [1562 bytes]","args":[{"selector":{"controlType":"sap.ui.core.Icon","viewName":"etm.portal.ui.managerequests.view.NewRequest","properties":{"src":{"regex":{"source":"slim\\-arrow\\-down"}}},"ancestor":{"controlType":"sap.m.Button","viewName":"etm.portal.ui.managerequests.view.NewRequest","properties":{"icon":"sap-icon://slim-arrow-down"}}},"wdio_ui5_key":"etmportal.ui.managerequests.view.NewRequestsap.ui.core.Icon{\"src\":{\"regex\":{\"source\":\"slim\\\\-arrow\\\\-down\"}}}{\"controlType\":\"sap.m.Button\",\"viewName\":\"etm.portal.ui.managerequests.view.NewRequest\",\"properties\":{\"icon\":\"sap-icon://slim-arrow-down\"}}"}]}
RESULT: undefined
COMMAND: POST /session/17938e7f8541bcff555766d2bec8a2c8/element - {"using":"xpath","value":"//*[@id=\"__title47-expandBtn-img\"]"}
RESULT: {"using":"xpath","value":"//*[@id=\"__title47-expandBtn-img\"]"}
COMMAND: POST /session/17938e7f8541bcff555766d2bec8a2c8/element/f.0F1FAEEE2861019DFD6915B8D9C967AD.d.4CBF372F6BFE616DC2182E0D582189D4.e.5830/click - {}
RESULT: {}
COMMAND: POST /session/17938e7f8541bcff555766d2bec8a2c8/element - {"using":"xpath","value":"//div[contains(@data-kt ,\"splitAllocationObjectStatus\")]"}
COMMAND: GET /session/17938e7f8541bcff555766d2bec8a2c8/screenshot - {}
RESULT: {"using":"xpath","value":"//div[contains(@data-kt ,\"splitAllocationObjectStatus\")]"}
COMMAND: POST /session/17938e7f8541bcff555766d2bec8a2c8/elements - {"using":"xpath","value":"//div[contains(@data-kt ,\"splitAllocationObjectStatus\")]"}
RESULT: {}
RESULT: {"using":"xpath","value":"//div[contains(@data-kt ,\"splitAllocationObjectStatus\")]"}
COMMAND: POST /session/17938e7f8541bcff555766d2bec8a2c8/execute/async - {"script":"<script> [1562 bytes]","args":[{"selector":{"controlType":"sap.ui.core.Icon","viewName":"etm.portal.ui.managerequests.view.NewRequest","properties":{"src":{"regex":{"source":"message\\-error"}}},"ancestor":{"controlType":"sap.m.ColumnListItem","viewName":"etm.portal.ui.managerequests.view.NewRequest","bindingPath":{"modelName":"newRequestItems","path":"/RequestItems/0"},"ancestor":{"id":"requestItemsTable","viewName":"etm.portal.ui.managerequests.view.NewRequest"}}},"wdio_ui5_key":"etmportal.ui.managerequests.view.NewRequestsap.ui.core.Icon{\"src\":{\"regex\":{\"source\":\"message\\\\-error\"}}}{\"controlType\":\"sap.m.ColumnListItem\",\"viewName\":\"etm.portal.ui.managerequests.view.NewRequest\",\"bindingPath\":{\"modelName\":\"newRequestItems\",\"path\":\"/RequestItems/0\"},\"ancestor\":{\"id\":\"requestItemsTable\",\"viewName\":\"etm.portal.ui.managerequests.view.NewRequest\"}}"}]}
RESULT: {"script":"<script> [1562 bytes]","args":[{"selector":{"controlType":"sap.ui.core.Icon","viewName":"etm.portal.ui.managerequests.view.NewRequest","properties":{"src":{"regex":{"source":"message\\-error"}}},"ancestor":{"controlType":"sap.m.ColumnListItem","viewName":"etm.portal.ui.managerequests.view.NewRequest","bindingPath":{"modelName":"newRequestItems","path":"/RequestItems/0"},"ancestor":{"id":"requestItemsTable","viewName":"etm.portal.ui.managerequests.view.NewRequest"}}},"wdio_ui5_key":"etmportal.ui.managerequests.view.NewRequestsap.ui.core.Icon{\"src\":{\"regex\":{\"source\":\"message\\\\-error\"}}}{\"controlType\":\"sap.m.ColumnListItem\",\"viewName\":\"etm.portal.ui.managerequests.view.NewRequest\",\"bindingPath\":{\"modelName\":\"newRequestItems\",\"path\":\"/RequestItems/0\"},\"ancestor\":{\"id\":\"requestItemsTable\",\"viewName\":\"etm.portal.ui.managerequests.view.NewRequest\"}}"}]}
RESULT: undefined
COMMAND: POST /session/17938e7f8541bcff555766d2bec8a2c8/element - {"using":"xpath","value":"//*[@id=\"__status15-__xmlview61--requestItemsTable-0-icon\"]"}
RESULT: {"using":"xpath","value":"//*[@id=\"__status15-__xmlview61--requestItemsTable-0-icon\"]"}
COMMAND: POST /session/17938e7f8541bcff555766d2bec8a2c8/element/f.0F1FAEEE2861019DFD6915B8D9C967AD.d.4CBF372F6BFE616DC2182E0D582189D4.e.5837/click - {}
RESULT: {}
COMMAND: GET /session/17938e7f8541bcff555766d2bec8a2c8/screenshot - {}
RESULT: {}
COMMAND: POST /session/17938e7f8541bcff555766d2bec8a2c8/execute/async - {"script":"<script> [1562 bytes]","args":[{"selector":{"id":"costObjectAdminTypeComboBox","viewName":"etm.portal.ui.managerequests.view.NewRequest","searchOpenDialogs":true,"interaction":{"idSuffix":"inner"}},"wdio_ui5_key":"costObjectAdminTypeComboBoxetmportal.ui.managerequests.view.NewRequest"}]}
RESULT: {"script":"<script> [1562 bytes]","args":[{"selector":{"id":"costObjectAdminTypeComboBox","viewName":"etm.portal.ui.managerequests.view.NewRequest","searchOpenDialogs":true,"interaction":{"idSuffix":"inner"}},"wdio_ui5_key":"costObjectAdminTypeComboBoxetmportal.ui.managerequests.view.NewRequest"}]}
RESULT: undefined
COMMAND: POST /session/17938e7f8541bcff555766d2bec8a2c8/execute/async - {"script":"<script> [776 bytes]","args":[{"enterText":"Cost Center","selector":{"id":"costObjectAdminTypeComboBox","viewName":"etm.portal.ui.managerequests.view.NewRequest","searchOpenDialogs":true,"interaction":{"idSuffix":"inner"}},"clearTextFirst":true,"interactionType":"ENTER_TEXT"}]}
RESULT: {"script":"<script> [776 bytes]","args":[{"enterText":"Cost Center","selector":{"id":"costObjectAdminTypeComboBox","viewName":"etm.portal.ui.managerequests.view.NewRequest","searchOpenDialogs":true,"interaction":{"idSuffix":"inner"}},"clearTextFirst":true,"interactionType":"ENTER_TEXT"}]}
COMMAND: POST /session/17938e7f8541bcff555766d2bec8a2c8/actions - {"actions":[{"id":"action27","type":"key","parameters":{},"actions":[{"type":"keyDown","value":"î€‡"},{"type":"pause","duration":10},{"type":"keyUp","value":"î€‡"}]}]}
RESULT: {"actions":[{"id":"action27","type":"key","parameters":{},"actions":[{"type":"keyDown","value":"î€‡"},{"type":"pause","duration":10},{"type":"keyUp","value":"î€‡"}]}]}
COMMAND: GET /session/17938e7f8541bcff555766d2bec8a2c8/screenshot - {}
RESULT: {}
COMMAND: POST /session/17938e7f8541bcff555766d2bec8a2c8/execute/async - {"script":"<script> [1562 bytes]","args":[{"selector":{"controlType":"sap.ui.core.Icon","viewName":"etm.portal.ui.managerequests.view.NewRequest","properties":{"src":{"regex":{"source":"value\\-help"}}},"searchOpenDialogs":true},"wdio_ui5_key":"etmportal.ui.managerequests.view.NewRequestsap.ui.core.Icon{\"src\":{\"regex\":{\"source\":\"value\\\\-help\"}}}"}]}
RESULT: {"script":"<script> [1562 bytes]","args":[{"selector":{"controlType":"sap.ui.core.Icon","viewName":"etm.portal.ui.managerequests.view.NewRequest","properties":{"src":{"regex":{"source":"value\\-help"}}},"searchOpenDialogs":true},"wdio_ui5_key":"etmportal.ui.managerequests.view.NewRequestsap.ui.core.Icon{\"src\":{\"regex\":{\"source\":\"value\\\\-help\"}}}"}]}
RESULT: undefined
COMMAND: POST /session/17938e7f8541bcff555766d2bec8a2c8/element - {"using":"xpath","value":"//*[@id=\"__xmlview61--costObjectIdComboBox-vhi\"]"}
RESULT: {"using":"xpath","value":"//*[@id=\"__xmlview61--costObjectIdComboBox-vhi\"]"}
COMMAND: POST /session/17938e7f8541bcff555766d2bec8a2c8/element/f.0F1FAEEE2861019DFD6915B8D9C967AD.d.4CBF372F6BFE616DC2182E0D582189D4.e.5849/click - {}
RESULT: {}
COMMAND: POST /session/17938e7f8541bcff555766d2bec8a2c8/execute/async - {"script":"<script> [1562 bytes]","args":[{"selector":{"controlType":"sap.m.SearchField","properties":{"placeholder":"Search"},"searchOpenDialogs":true,"interaction":{"idSuffix":"I"}},"wdio_ui5_key":"sapm.SearchField{\"placeholder\":\"Search\"}"}]}
COMMAND: GET /session/17938e7f8541bcff555766d2bec8a2c8/screenshot - {}
RESULT: {"script":"<script> [1562 bytes]","args":[{"selector":{"controlType":"sap.m.SearchField","properties":{"placeholder":"Search"},"searchOpenDialogs":true,"interaction":{"idSuffix":"I"}},"wdio_ui5_key":"sapm.SearchField{\"placeholder\":\"Search\"}"}]}
RESULT: undefined
COMMAND: POST /session/17938e7f8541bcff555766d2bec8a2c8/execute/async - {"script":"<script> [776 bytes]","args":[{"enterText":"10001013","selector":{"controlType":"sap.m.SearchField","properties":{"placeholder":"Search"},"searchOpenDialogs":true,"interaction":{"idSuffix":"I"}},"clearTextFirst":true,"interactionType":"ENTER_TEXT"}]}
RESULT: {}
RESULT: {"script":"<script> [776 bytes]","args":[{"enterText":"10001013","selector":{"controlType":"sap.m.SearchField","properties":{"placeholder":"Search"},"searchOpenDialogs":true,"interaction":{"idSuffix":"I"}},"clearTextFirst":true,"interactionType":"ENTER_TEXT"}]}
COMMAND: POST /session/17938e7f8541bcff555766d2bec8a2c8/actions - {"actions":[{"id":"action28","type":"key","parameters":{},"actions":[{"type":"keyDown","value":"î€‡"},{"type":"pause","duration":10},{"type":"keyUp","value":"î€‡"}]}]}
RESULT: {"actions":[{"id":"action28","type":"key","parameters":{},"actions":[{"type":"keyDown","value":"î€‡"},{"type":"pause","duration":10},{"type":"keyUp","value":"î€‡"}]}]}
COMMAND: GET /session/17938e7f8541bcff555766d2bec8a2c8/screenshot - {}
RESULT: {}
COMMAND: POST /session/17938e7f8541bcff555766d2bec8a2c8/element - {"using":"xpath","value":"//span[contains(text(), \"General Management\")]"}
RESULT: {"using":"xpath","value":"//span[contains(text(), \"General Management\")]"}
COMMAND: POST /session/17938e7f8541bcff555766d2bec8a2c8/element/f.0F1FAEEE2861019DFD6915B8D9C967AD.d.4CBF372F6BFE616DC2182E0D582189D4.e.5889/click - {}
RESULT: {}
COMMAND: GET /session/17938e7f8541bcff555766d2bec8a2c8/screenshot - {}
RESULT: {}
COMMAND: POST /session/17938e7f8541bcff555766d2bec8a2c8/element - {"using":"xpath","value":"//bdi[contains(text(), \"OK\")]"}
RESULT: {"using":"xpath","value":"//bdi[contains(text(), \"OK\")]"}
COMMAND: POST /session/17938e7f8541bcff555766d2bec8a2c8/element/f.0F1FAEEE2861019DFD6915B8D9C967AD.d.4CBF372F6BFE616DC2182E0D582189D4.e.5890/click - {}
RESULT: {}
COMMAND: GET /session/17938e7f8541bcff555766d2bec8a2c8/screenshot - {}
RESULT: {}
COMMAND: POST /session/17938e7f8541bcff555766d2bec8a2c8/element - {"using":"xpath","value":"(//bdi[contains(@id ,\"BDI-content\")][contains(text(), \"Save\")])[1]"}
RESULT: {"using":"xpath","value":"(//bdi[contains(@id ,\"BDI-content\")][contains(text(), \"Save\")])[1]"}
COMMAND: POST /session/17938e7f8541bcff555766d2bec8a2c8/element/f.0F1FAEEE2861019DFD6915B8D9C967AD.d.4CBF372F6BFE616DC2182E0D582189D4.e.5894/click - {}
RESULT: {}
COMMAND: GET /session/17938e7f8541bcff555766d2bec8a2c8/screenshot - {}
RESULT: {}
COMMAND: POST /session/17938e7f8541bcff555766d2bec8a2c8/execute/async - {"script":"<script> [1562 bytes]","args":[{"selector":{"controlType":"sap.ui.core.Icon","viewName":"etm.portal.ui.managerequests.view.NewRequest","properties":{"src":{"regex":{"source":"message\\-error"}}},"ancestor":{"controlType":"sap.m.ColumnListItem","viewName":"etm.portal.ui.managerequests.view.NewRequest","bindingPath":{"modelName":"newRequestItems","path":"/RequestItems/1"},"ancestor":{"id":"requestItemsTable","viewName":"etm.portal.ui.managerequests.view.NewRequest"}}},"wdio_ui5_key":"etmportal.ui.managerequests.view.NewRequestsap.ui.core.Icon{\"src\":{\"regex\":{\"source\":\"message\\\\-error\"}}}{\"controlType\":\"sap.m.ColumnListItem\",\"viewName\":\"etm.portal.ui.managerequests.view.NewRequest\",\"bindingPath\":{\"modelName\":\"newRequestItems\",\"path\":\"/RequestItems/1\"},\"ancestor\":{\"id\":\"requestItemsTable\",\"viewName\":\"etm.portal.ui.managerequests.view.NewRequest\"}}"}]}
RESULT: {"script":"<script> [1562 bytes]","args":[{"selector":{"controlType":"sap.ui.core.Icon","viewName":"etm.portal.ui.managerequests.view.NewRequest","properties":{"src":{"regex":{"source":"message\\-error"}}},"ancestor":{"controlType":"sap.m.ColumnListItem","viewName":"etm.portal.ui.managerequests.view.NewRequest","bindingPath":{"modelName":"newRequestItems","path":"/RequestItems/1"},"ancestor":{"id":"requestItemsTable","viewName":"etm.portal.ui.managerequests.view.NewRequest"}}},"wdio_ui5_key":"etmportal.ui.managerequests.view.NewRequestsap.ui.core.Icon{\"src\":{\"regex\":{\"source\":\"message\\\\-error\"}}}{\"controlType\":\"sap.m.ColumnListItem\",\"viewName\":\"etm.portal.ui.managerequests.view.NewRequest\",\"bindingPath\":{\"modelName\":\"newRequestItems\",\"path\":\"/RequestItems/1\"},\"ancestor\":{\"id\":\"requestItemsTable\",\"viewName\":\"etm.portal.ui.managerequests.view.NewRequest\"}}"}]}
RESULT: undefined
COMMAND: POST /session/17938e7f8541bcff555766d2bec8a2c8/element - {"using":"xpath","value":"//*[@id=\"__status15-__xmlview61--requestItemsTable-1-icon\"]"}
RESULT: {"using":"xpath","value":"//*[@id=\"__status15-__xmlview61--requestItemsTable-1-icon\"]"}
COMMAND: POST /session/17938e7f8541bcff555766d2bec8a2c8/element/f.0F1FAEEE2861019DFD6915B8D9C967AD.d.4CBF372F6BFE616DC2182E0D582189D4.e.5897/click - {}
RESULT: {}
COMMAND: GET /session/17938e7f8541bcff555766d2bec8a2c8/screenshot - {}
RESULT: {}
RESULT: undefined
COMMAND: POST /session/17938e7f8541bcff555766d2bec8a2c8/execute/async - {"script":"<script> [776 bytes]","args":[{"enterText":"Cost Center","selector":{"id":"costObjectAdminTypeComboBox","viewName":"etm.portal.ui.managerequests.view.NewRequest","searchOpenDialogs":true,"interaction":{"idSuffix":"inner"}},"clearTextFirst":true,"interactionType":"ENTER_TEXT"}]}
RESULT: {"script":"<script> [776 bytes]","args":[{"enterText":"Cost Center","selector":{"id":"costObjectAdminTypeComboBox","viewName":"etm.portal.ui.managerequests.view.NewRequest","searchOpenDialogs":true,"interaction":{"idSuffix":"inner"}},"clearTextFirst":true,"interactionType":"ENTER_TEXT"}]}
COMMAND: POST /session/17938e7f8541bcff555766d2bec8a2c8/actions - {"actions":[{"id":"action29","type":"key","parameters":{},"actions":[{"type":"keyDown","value":"î€‡"},{"type":"pause","duration":10},{"type":"keyUp","value":"î€‡"}]}]}
RESULT: {"actions":[{"id":"action29","type":"key","parameters":{},"actions":[{"type":"keyDown","value":"î€‡"},{"type":"pause","duration":10},{"type":"keyUp","value":"î€‡"}]}]}
COMMAND: GET /session/17938e7f8541bcff555766d2bec8a2c8/screenshot - {}
RESULT: {}
RESULT: undefined
COMMAND: POST /session/17938e7f8541bcff555766d2bec8a2c8/element - {"using":"xpath","value":"//*[@id=\"__xmlview61--costObjectIdComboBox-vhi\"]"}
RESULT: {"using":"xpath","value":"//*[@id=\"__xmlview61--costObjectIdComboBox-vhi\"]"}
COMMAND: POST /session/17938e7f8541bcff555766d2bec8a2c8/element/f.0F1FAEEE2861019DFD6915B8D9C967AD.d.4CBF372F6BFE616DC2182E0D582189D4.e.5907/click - {}
RESULT: {}
RESULT: undefined
COMMAND: POST /session/17938e7f8541bcff555766d2bec8a2c8/execute/async - {"script":"<script> [776 bytes]","args":[{"enterText":"10001013","selector":{"controlType":"sap.m.SearchField","properties":{"placeholder":"Search"},"searchOpenDialogs":true,"interaction":{"idSuffix":"I"}},"clearTextFirst":true,"interactionType":"ENTER_TEXT"}]}
COMMAND: GET /session/17938e7f8541bcff555766d2bec8a2c8/screenshot - {}
RESULT: {"script":"<script> [776 bytes]","args":[{"enterText":"10001013","selector":{"controlType":"sap.m.SearchField","properties":{"placeholder":"Search"},"searchOpenDialogs":true,"interaction":{"idSuffix":"I"}},"clearTextFirst":true,"interactionType":"ENTER_TEXT"}]}
COMMAND: POST /session/17938e7f8541bcff555766d2bec8a2c8/actions - {"actions":[{"id":"action30","type":"key","parameters":{},"actions":[{"type":"keyDown","value":"î€‡"},{"type":"pause","duration":10},{"type":"keyUp","value":"î€‡"}]}]}
RESULT: {}
RESULT: {"actions":[{"id":"action30","type":"key","parameters":{},"actions":[{"type":"keyDown","value":"î€‡"},{"type":"pause","duration":10},{"type":"keyUp","value":"î€‡"}]}]}
COMMAND: GET /session/17938e7f8541bcff555766d2bec8a2c8/screenshot - {}
RESULT: {}
COMMAND: POST /session/17938e7f8541bcff555766d2bec8a2c8/element - {"using":"xpath","value":"//span[contains(text(), \"General Management\")]"}
RESULT: {"using":"xpath","value":"//span[contains(text(), \"General Management\")]"}
COMMAND: POST /session/17938e7f8541bcff555766d2bec8a2c8/element/f.0F1FAEEE2861019DFD6915B8D9C967AD.d.4CBF372F6BFE616DC2182E0D582189D4.e.5946/click - {}
RESULT: {}
COMMAND: GET /session/17938e7f8541bcff555766d2bec8a2c8/screenshot - {}
RESULT: {}
COMMAND: POST /session/17938e7f8541bcff555766d2bec8a2c8/element - {"using":"xpath","value":"//bdi[contains(text(), \"OK\")]"}
RESULT: {"using":"xpath","value":"//bdi[contains(text(), \"OK\")]"}
COMMAND: POST /session/17938e7f8541bcff555766d2bec8a2c8/element/f.0F1FAEEE2861019DFD6915B8D9C967AD.d.4CBF372F6BFE616DC2182E0D582189D4.e.5947/click - {}
RESULT: {}
COMMAND: GET /session/17938e7f8541bcff555766d2bec8a2c8/screenshot - {}
RESULT: {}
COMMAND: POST /session/17938e7f8541bcff555766d2bec8a2c8/element - {"using":"xpath","value":"(//bdi[contains(@id ,\"BDI-content\")][contains(text(), \"Save\")])[1]"}
RESULT: {"using":"xpath","value":"(//bdi[contains(@id ,\"BDI-content\")][contains(text(), \"Save\")])[1]"}
COMMAND: POST /session/17938e7f8541bcff555766d2bec8a2c8/element/f.0F1FAEEE2861019DFD6915B8D9C967AD.d.4CBF372F6BFE616DC2182E0D582189D4.e.5951/click - {}
RESULT: {}
COMMAND: GET /session/17938e7f8541bcff555766d2bec8a2c8/screenshot - {}
RESULT: {}
COMMAND: POST /session/17938e7f8541bcff555766d2bec8a2c8/execute/async - {"script":"<script> [1562 bytes]","args":[{"selector":{"controlType":"sap.m.Button","viewName":"etm.portal.ui.managerequests.view.NewRequest","i18NText":{"propertyName":"tooltip","key":"save"},"interaction":{"idSuffix":"content"}},"wdio_ui5_key":"etmportal.ui.managerequests.view.NewRequestsap.m.Button{\"propertyName\":\"tooltip\",\"key\":\"save\"}"}]}
RESULT: {"script":"<script> [1562 bytes]","args":[{"selector":{"controlType":"sap.m.Button","viewName":"etm.portal.ui.managerequests.view.NewRequest","i18NText":{"propertyName":"tooltip","key":"save"},"interaction":{"idSuffix":"content"}},"wdio_ui5_key":"etmportal.ui.managerequests.view.NewRequestsap.m.Button{\"propertyName\":\"tooltip\",\"key\":\"save\"}"}]}
RESULT: undefined
COMMAND: POST /session/17938e7f8541bcff555766d2bec8a2c8/element - {"using":"xpath","value":"//*[@id=\"__button107\"]"}
RESULT: {"using":"xpath","value":"//*[@id=\"__button107\"]"}
COMMAND: POST /session/17938e7f8541bcff555766d2bec8a2c8/element/f.0F1FAEEE2861019DFD6915B8D9C967AD.d.4CBF372F6BFE616DC2182E0D582189D4.e.5719/click - {}
RESULT: {}
COMMAND: GET /session/17938e7f8541bcff555766d2bec8a2c8/screenshot - {}
RESULT: {}
COMMAND: POST /session/17938e7f8541bcff555766d2bec8a2c8/execute/async - {"script":"<script> [1562 bytes]","args":[{"selector":{"controlType":"sap.m.Title","properties":{"text":"Success"},"searchOpenDialogs":true},"wdio_ui5_key":"sapm.Title{\"text\":\"Success\"}"}]}
RESULT: {"script":"<script> [1562 bytes]","args":[{"selector":{"controlType":"sap.m.Title","properties":{"text":"Success"},"searchOpenDialogs":true},"wdio_ui5_key":"sapm.Title{\"text\":\"Success\"}"}]}
RESULT: undefined
COMMAND: POST /session/17938e7f8541bcff555766d2bec8a2c8/execute/async - {"script":"<script> [6424 bytes]","args":[{"element-6066-11e4-a52e-4f735466cecf":"f.0F1FAEEE2861019DFD6915B8D9C967AD.d.4CBF372F6BFE616DC2182E0D582189D4.e.5957"},"getText",[]]}
RESULT: {"script":"<script> [6424 bytes]","args":[{"element-6066-11e4-a52e-4f735466cecf":"f.0F1FAEEE2861019DFD6915B8D9C967AD.d.4CBF372F6BFE616DC2182E0D582189D4.e.5957"},"getText",[]]}
COMMAND: POST /session/17938e7f8541bcff555766d2bec8a2c8/execute/async - {"script":"<script> [1562 bytes]","args":[{"selector":{"controlType":"sap.m.Button","properties":{"text":"Close"},"searchOpenDialogs":true,"interaction":{"idSuffix":"BDI-content"}},"wdio_ui5_key":"sapm.Button{\"text\":\"Close\"}"}]}
RESULT: {"script":"<script> [1562 bytes]","args":[{"selector":{"controlType":"sap.m.Button","properties":{"text":"Close"},"searchOpenDialogs":true,"interaction":{"idSuffix":"BDI-content"}},"wdio_ui5_key":"sapm.Button{\"text\":\"Close\"}"}]}
RESULT: undefined
COMMAND: POST /session/17938e7f8541bcff555766d2bec8a2c8/element - {"using":"xpath","value":"//*[@id=\"__mbox-btn-4\"]"}
RESULT: {"using":"xpath","value":"//*[@id=\"__mbox-btn-4\"]"}
COMMAND: POST /session/17938e7f8541bcff555766d2bec8a2c8/element/f.0F1FAEEE2861019DFD6915B8D9C967AD.d.4CBF372F6BFE616DC2182E0D582189D4.e.5956/click - {}
RESULT: {}
COMMAND: GET /session/17938e7f8541bcff555766d2bec8a2c8/screenshot - {}
RESULT: {}
COMMAND: POST /session/17938e7f8541bcff555766d2bec8a2c8/execute/async - {"script":"<script> [1562 bytes]","args":[{"selector":{"controlType":"sap.m.Text","viewName":"etm.portal.ui.managerequests.view.Detail","bindingPath":{"propertyPath":"NO","modelName":"catalogModel"}},"wdio_ui5_key":"etmportal.ui.managerequests.view.Detailsap.m.Text{\"propertyPath\":\"NO\",\"modelName\":\"catalogModel\"}"}]}
RESULT: {"script":"<script> [1562 bytes]","args":[{"selector":{"controlType":"sap.m.Text","viewName":"etm.portal.ui.managerequests.view.Detail","bindingPath":{"propertyPath":"NO","modelName":"catalogModel"}},"wdio_ui5_key":"etmportal.ui.managerequests.view.Detailsap.m.Text{\"propertyPath\":\"NO\",\"modelName\":\"catalogModel\"}"}]}
RESULT: undefined
COMMAND: POST /session/17938e7f8541bcff555766d2bec8a2c8/execute/async - {"script":"<script> [6424 bytes]","args":[{"element-6066-11e4-a52e-4f735466cecf":"f.0F1FAEEE2861019DFD6915B8D9C967AD.d.4CBF372F6BFE616DC2182E0D582189D4.e.6083"},"getText",[]]}
RESULT: {"script":"<script> [6424 bytes]","args":[{"element-6066-11e4-a52e-4f735466cecf":"f.0F1FAEEE2861019DFD6915B8D9C967AD.d.4CBF372F6BFE616DC2182E0D582189D4.e.6083"},"getText",[]]}
COMMAND: POST /session/17938e7f8541bcff555766d2bec8a2c8/execute/async - {"script":"<script> [1562 bytes]","args":[{"selector":{"controlType":"sap.ui.core.Icon","viewName":"etm.portal.ui.managerequests.view.Detail","properties":{"src":{"regex":{"source":"date\\-time"}}},"ancestor":{"controlType":"sap.m.ColumnListItem","viewName":"etm.portal.ui.managerequests.view.Detail","bindingPath":{"path":"/SmartRequestItemsPlanningBoard(ITEM=10m,REQUEST='20271')"},"ancestor":{"id":"requestItemsTable","viewName":"etm.portal.ui.managerequests.view.Detail"}}},"wdio_ui5_key":"etmportal.ui.managerequests.view.Detailsap.ui.core.Icon{\"src\":{\"regex\":{\"source\":\"date\\\\-time\"}}}{\"controlType\":\"sap.m.ColumnListItem\",\"viewName\":\"etm.portal.ui.managerequests.view.Detail\",\"bindingPath\":{\"path\":\"/SmartRequestItemsPlanningBoard(ITEM=10m,REQUEST='20271')\"},\"ancestor\":{\"id\":\"requestItemsTable\",\"viewName\":\"etm.portal.ui.managerequests.view.Detail\"}}"}]}
RESULT: {"script":"<script> [1562 bytes]","args":[{"selector":{"controlType":"sap.ui.core.Icon","viewName":"etm.portal.ui.managerequests.view.Detail","properties":{"src":{"regex":{"source":"date\\-time"}}},"ancestor":{"controlType":"sap.m.ColumnListItem","viewName":"etm.portal.ui.managerequests.view.Detail","bindingPath":{"path":"/SmartRequestItemsPlanningBoard(ITEM=10m,REQUEST='20271')"},"ancestor":{"id":"requestItemsTable","viewName":"etm.portal.ui.managerequests.view.Detail"}}},"wdio_ui5_key":"etmportal.ui.managerequests.view.Detailsap.ui.core.Icon{\"src\":{\"regex\":{\"source\":\"date\\\\-time\"}}}{\"controlType\":\"sap.m.ColumnListItem\",\"viewName\":\"etm.portal.ui.managerequests.view.Detail\",\"bindingPath\":{\"path\":\"/SmartRequestItemsPlanningBoard(ITEM=10m,REQUEST='20271')\"},\"ancestor\":{\"id\":\"requestItemsTable\",\"viewName\":\"etm.portal.ui.managerequests.view.Detail\"}}"}]}
RESULT: undefined
COMMAND: POST /session/17938e7f8541bcff555766d2bec8a2c8/element - {"using":"xpath","value":"//*[@id=\"__button137-__clone9770-img\"]"}
RESULT: {"using":"xpath","value":"//*[@id=\"__button137-__clone9770-img\"]"}
COMMAND: POST /session/17938e7f8541bcff555766d2bec8a2c8/element/f.0F1FAEEE2861019DFD6915B8D9C967AD.d.4CBF372F6BFE616DC2182E0D582189D4.e.6084/click - {}
RESULT: {}
COMMAND: POST /session/17938e7f8541bcff555766d2bec8a2c8/execute/async - {"script":"<script> [1562 bytes]","args":[{"selector":{"controlType":"sap.m.Button","viewName":"etm.portal.ui.managerequests.view.Detail","properties":{"text":"Close"},"searchOpenDialogs":true,"interaction":{"idSuffix":"BDI-content"}},"wdio_ui5_key":"etmportal.ui.managerequests.view.Detailsap.m.Button{\"text\":\"Close\"}"}]}
COMMAND: GET /session/17938e7f8541bcff555766d2bec8a2c8/screenshot - {}
RESULT: {"script":"<script> [1562 bytes]","args":[{"selector":{"controlType":"sap.m.Button","viewName":"etm.portal.ui.managerequests.view.Detail","properties":{"text":"Close"},"searchOpenDialogs":true,"interaction":{"idSuffix":"BDI-content"}},"wdio_ui5_key":"etmportal.ui.managerequests.view.Detailsap.m.Button{\"text\":\"Close\"}"}]}
RESULT: undefined
COMMAND: POST /session/17938e7f8541bcff555766d2bec8a2c8/element - {"using":"xpath","value":"//*[@id=\"__button147\"]"}
RESULT: {}
RESULT: {"using":"xpath","value":"//*[@id=\"__button147\"]"}
COMMAND: POST /session/17938e7f8541bcff555766d2bec8a2c8/element/f.0F1FAEEE2861019DFD6915B8D9C967AD.d.4CBF372F6BFE616DC2182E0D582189D4.e.6087/click - {}
RESULT: {}
COMMAND: POST /session/17938e7f8541bcff555766d2bec8a2c8/execute/async - {"script":"<script> [1562 bytes]","args":[{"selector":{"controlType":"sap.ui.core.Icon","viewName":"etm.portal.ui.managerequests.view.Detail","properties":{"src":{"regex":{"source":"date\\-time"}}},"ancestor":{"controlType":"sap.m.ColumnListItem","viewName":"etm.portal.ui.managerequests.view.Detail","bindingPath":{"path":"/SmartRequestItemsPlanningBoard(ITEM=20m,REQUEST='20271')"},"ancestor":{"id":"requestItemsTable","viewName":"etm.portal.ui.managerequests.view.Detail"}}},"wdio_ui5_key":"etmportal.ui.managerequests.view.Detailsap.ui.core.Icon{\"src\":{\"regex\":{\"source\":\"date\\\\-time\"}}}{\"controlType\":\"sap.m.ColumnListItem\",\"viewName\":\"etm.portal.ui.managerequests.view.Detail\",\"bindingPath\":{\"path\":\"/SmartRequestItemsPlanningBoard(ITEM=20m,REQUEST='20271')\"},\"ancestor\":{\"id\":\"requestItemsTable\",\"viewName\":\"etm.portal.ui.managerequests.view.Detail\"}}"}]}
COMMAND: GET /session/17938e7f8541bcff555766d2bec8a2c8/screenshot - {}
RESULT: {}
RESULT: {"script":"<script> [1562 bytes]","args":[{"selector":{"controlType":"sap.ui.core.Icon","viewName":"etm.portal.ui.managerequests.view.Detail","properties":{"src":{"regex":{"source":"date\\-time"}}},"ancestor":{"controlType":"sap.m.ColumnListItem","viewName":"etm.portal.ui.managerequests.view.Detail","bindingPath":{"path":"/SmartRequestItemsPlanningBoard(ITEM=20m,REQUEST='20271')"},"ancestor":{"id":"requestItemsTable","viewName":"etm.portal.ui.managerequests.view.Detail"}}},"wdio_ui5_key":"etmportal.ui.managerequests.view.Detailsap.ui.core.Icon{\"src\":{\"regex\":{\"source\":\"date\\\\-time\"}}}{\"controlType\":\"sap.m.ColumnListItem\",\"viewName\":\"etm.portal.ui.managerequests.view.Detail\",\"bindingPath\":{\"path\":\"/SmartRequestItemsPlanningBoard(ITEM=20m,REQUEST='20271')\"},\"ancestor\":{\"id\":\"requestItemsTable\",\"viewName\":\"etm.portal.ui.managerequests.view.Detail\"}}"}]}
RESULT: undefined
COMMAND: POST /session/17938e7f8541bcff555766d2bec8a2c8/element - {"using":"xpath","value":"//*[@id=\"__button137-__clone9771-img\"]"}
RESULT: {"using":"xpath","value":"//*[@id=\"__button137-__clone9771-img\"]"}
COMMAND: POST /session/17938e7f8541bcff555766d2bec8a2c8/element/f.0F1FAEEE2861019DFD6915B8D9C967AD.d.4CBF372F6BFE616DC2182E0D582189D4.e.6094/click - {}
RESULT: {}
RESULT: undefined
COMMAND: POST /session/17938e7f8541bcff555766d2bec8a2c8/element - {"using":"xpath","value":"//*[@id=\"__button147\"]"}
COMMAND: GET /session/17938e7f8541bcff555766d2bec8a2c8/screenshot - {}
RESULT: {"using":"xpath","value":"//*[@id=\"__button147\"]"}
COMMAND: POST /session/17938e7f8541bcff555766d2bec8a2c8/elements - {"using":"xpath","value":"//*[@id=\"__button147\"]"}
RESULT: {}
RESULT: {"using":"xpath","value":"//*[@id=\"__button147\"]"}
COMMAND: POST /session/17938e7f8541bcff555766d2bec8a2c8/element - {"using":"xpath","value":"//*[@id=\"__button147\"]"}
RESULT: {"using":"xpath","value":"//*[@id=\"__button147\"]"}
COMMAND: POST /session/17938e7f8541bcff555766d2bec8a2c8/element/f.0F1FAEEE2861019DFD6915B8D9C967AD.d.4CBF372F6BFE616DC2182E0D582189D4.e.6102/click - {}
RESULT: {}
COMMAND: POST /session/17938e7f8541bcff555766d2bec8a2c8/element - {"using":"css selector","value":"#shell-header-logo"}
COMMAND: GET /session/17938e7f8541bcff555766d2bec8a2c8/screenshot - {}
RESULT: {"using":"css selector","value":"#shell-header-logo"}
COMMAND: POST /session/17938e7f8541bcff555766d2bec8a2c8/element/f.0F1FAEEE2861019DFD6915B8D9C967AD.d.4CBF372F6BFE616DC2182E0D582189D4.e.5428/click - {}
RESULT: {}
RESULT: {}
COMMAND: GET /session/17938e7f8541bcff555766d2bec8a2c8/screenshot - {}
RESULT: {}
]]></system-out>
    </testcase>
    <testcase classname="chrome.137_0_7151_56.windows.Standard_contract_-_add_contract_items_by_Insert_Request_US118222" name="Should insert the request into the contract" time="64.987">
      <system-out><![CDATA[
RESULT: undefined
COMMAND: POST /session/17938e7f8541bcff555766d2bec8a2c8/element - {"using":"xpath","value":"//*[@id=\"__tile130\"]"}
RESULT: {"using":"xpath","value":"//*[@id=\"__tile130\"]"}
COMMAND: POST /session/17938e7f8541bcff555766d2bec8a2c8/element/f.0F1FAEEE2861019DFD6915B8D9C967AD.d.4CBF372F6BFE616DC2182E0D582189D4.e.4950/click - {}
RESULT: {}
COMMAND: GET /session/17938e7f8541bcff555766d2bec8a2c8/screenshot - {}
RESULT: {}
COMMAND: POST /session/17938e7f8541bcff555766d2bec8a2c8/elements - {"using":"xpath","value":"//span[text()='Error']"}
RESULT: {"using":"xpath","value":"//span[text()='Error']"}
COMMAND: POST /session/17938e7f8541bcff555766d2bec8a2c8/execute/async - {"script":"<script> [1562 bytes]","args":[{"selector":{"controlType":"sap.m.SearchField","viewName":"etm.portal.ui.managecontracts.view.Master","bindingPath":{"path":"","propertyPath":"/_BASIC_SEARCH_FIELD","modelName":"fi1t3rM0d31"},"interaction":{"idSuffix":"I"}},"wdio_ui5_key":"etmportal.ui.managecontracts.view.Mastersap.m.SearchField{\"path\":\"\",\"propertyPath\":\"/_BASIC_SEARCH_FIELD\",\"modelName\":\"fi1t3rM0d31\"}"}]}
RESULT: {"script":"<script> [1562 bytes]","args":[{"selector":{"controlType":"sap.m.SearchField","viewName":"etm.portal.ui.managecontracts.view.Master","bindingPath":{"path":"","propertyPath":"/_BASIC_SEARCH_FIELD","modelName":"fi1t3rM0d31"},"interaction":{"idSuffix":"I"}},"wdio_ui5_key":"etmportal.ui.managecontracts.view.Mastersap.m.SearchField{\"path\":\"\",\"propertyPath\":\"/_BASIC_SEARCH_FIELD\",\"modelName\":\"fi1t3rM0d31\"}"}]}
RESULT: undefined
COMMAND: POST /session/17938e7f8541bcff555766d2bec8a2c8/execute/async - {"script":"<script> [776 bytes]","args":[{"enterText":"10467","selector":{"controlType":"sap.m.SearchField","viewName":"etm.portal.ui.managecontracts.view.Master","bindingPath":{"path":"","propertyPath":"/_BASIC_SEARCH_FIELD","modelName":"fi1t3rM0d31"},"interaction":{"idSuffix":"I"}},"clearTextFirst":true,"interactionType":"ENTER_TEXT"}]}
RESULT: {"script":"<script> [776 bytes]","args":[{"enterText":"10467","selector":{"controlType":"sap.m.SearchField","viewName":"etm.portal.ui.managecontracts.view.Master","bindingPath":{"path":"","propertyPath":"/_BASIC_SEARCH_FIELD","modelName":"fi1t3rM0d31"},"interaction":{"idSuffix":"I"}},"clearTextFirst":true,"interactionType":"ENTER_TEXT"}]}
COMMAND: POST /session/17938e7f8541bcff555766d2bec8a2c8/actions - {"actions":[{"id":"action31","type":"key","parameters":{},"actions":[{"type":"keyDown","value":"î€‡"},{"type":"pause","duration":10},{"type":"keyUp","value":"î€‡"}]}]}
RESULT: {"actions":[{"id":"action31","type":"key","parameters":{},"actions":[{"type":"keyDown","value":"î€‡"},{"type":"pause","duration":10},{"type":"keyUp","value":"î€‡"}]}]}
COMMAND: GET /session/17938e7f8541bcff555766d2bec8a2c8/screenshot - {}
RESULT: {}
COMMAND: POST /session/17938e7f8541bcff555766d2bec8a2c8/execute/async - {"script":"<script> [1562 bytes]","args":[{"selector":{"controlType":"sap.ui.core.Icon","viewName":"etm.portal.ui.managecontracts.view.Master","properties":{"src":{"regex":{"source":"slim\\-arrow\\-right"}}}},"wdio_ui5_key":"etmportal.ui.managecontracts.view.Mastersap.ui.core.Icon{\"src\":{\"regex\":{\"source\":\"slim\\\\-arrow\\\\-right\"}}}"}]}
RESULT: {"script":"<script> [1562 bytes]","args":[{"selector":{"controlType":"sap.ui.core.Icon","viewName":"etm.portal.ui.managecontracts.view.Master","properties":{"src":{"regex":{"source":"slim\\-arrow\\-right"}}}},"wdio_ui5_key":"etmportal.ui.managecontracts.view.Mastersap.ui.core.Icon{\"src\":{\"regex\":{\"source\":\"slim\\\\-arrow\\\\-right\"}}}"}]}
RESULT: undefined
COMMAND: POST /session/17938e7f8541bcff555766d2bec8a2c8/element - {"using":"xpath","value":"//*[@id=\"__item2986-__clone9883-imgNav\"]"}
RESULT: {"using":"xpath","value":"//*[@id=\"__item2986-__clone9883-imgNav\"]"}
COMMAND: POST /session/17938e7f8541bcff555766d2bec8a2c8/element/f.0F1FAEEE2861019DFD6915B8D9C967AD.d.4CBF372F6BFE616DC2182E0D582189D4.e.6216/click - {}
RESULT: {}
COMMAND: POST /session/17938e7f8541bcff555766d2bec8a2c8/execute/async - {"script":"<script> [1562 bytes]","args":[{"selector":{"id":"addRequestItemBtn","viewName":"etm.portal.ui.managecontracts.view.Detail","interaction":{"idSuffix":"BDI-content"}},"wdio_ui5_key":"addRequestItemBtnetmportal.ui.managecontracts.view.Detail"}]}
COMMAND: GET /session/17938e7f8541bcff555766d2bec8a2c8/screenshot - {}
RESULT: {"script":"<script> [1562 bytes]","args":[{"selector":{"id":"addRequestItemBtn","viewName":"etm.portal.ui.managecontracts.view.Detail","interaction":{"idSuffix":"BDI-content"}},"wdio_ui5_key":"addRequestItemBtnetmportal.ui.managecontracts.view.Detail"}]}
RESULT: undefined
COMMAND: POST /session/17938e7f8541bcff555766d2bec8a2c8/element - {"using":"xpath","value":"//*[@id=\"__xmlview64--addRequestItemBtn\"]"}
RESULT: {}
RESULT: {"using":"xpath","value":"//*[@id=\"__xmlview64--addRequestItemBtn\"]"}
COMMAND: POST /session/17938e7f8541bcff555766d2bec8a2c8/element/f.0F1FAEEE2861019DFD6915B8D9C967AD.d.4CBF372F6BFE616DC2182E0D582189D4.e.6333/click - {}
RESULT: {}
COMMAND: GET /session/17938e7f8541bcff555766d2bec8a2c8/screenshot - {}
RESULT: {}
COMMAND: POST /session/17938e7f8541bcff555766d2bec8a2c8/element - {"using":"xpath","value":"//div[contains(@id ,\"popupRequestTable-sa-CbBg\")]"}
RESULT: {"using":"xpath","value":"//div[contains(@id ,\"popupRequestTable-sa-CbBg\")]"}
COMMAND: POST /session/17938e7f8541bcff555766d2bec8a2c8/element/f.0F1FAEEE2861019DFD6915B8D9C967AD.d.4CBF372F6BFE616DC2182E0D582189D4.e.6367/click - {}
RESULT: {}
COMMAND: GET /session/17938e7f8541bcff555766d2bec8a2c8/screenshot - {}
RESULT: {}
COMMAND: POST /session/17938e7f8541bcff555766d2bec8a2c8/execute/async - {"script":"<script> [1562 bytes]","args":[{"selector":{"controlType":"sap.m.Button","viewName":"etm.portal.ui.managecontracts.view.Detail","i18NText":{"propertyName":"text","key":"selectionDone"},"searchOpenDialogs":true,"interaction":{"idSuffix":"BDI-content"}},"wdio_ui5_key":"etmportal.ui.managecontracts.view.Detailsap.m.Button{\"propertyName\":\"text\",\"key\":\"selectionDone\"}"}]}
RESULT: {"script":"<script> [1562 bytes]","args":[{"selector":{"controlType":"sap.m.Button","viewName":"etm.portal.ui.managecontracts.view.Detail","i18NText":{"propertyName":"text","key":"selectionDone"},"searchOpenDialogs":true,"interaction":{"idSuffix":"BDI-content"}},"wdio_ui5_key":"etmportal.ui.managecontracts.view.Detailsap.m.Button{\"propertyName\":\"text\",\"key\":\"selectionDone\"}"}]}
RESULT: undefined
COMMAND: POST /session/17938e7f8541bcff555766d2bec8a2c8/element - {"using":"xpath","value":"//*[@id=\"__button158\"]"}
RESULT: {"using":"xpath","value":"//*[@id=\"__button158\"]"}
COMMAND: POST /session/17938e7f8541bcff555766d2bec8a2c8/element/f.0F1FAEEE2861019DFD6915B8D9C967AD.d.4CBF372F6BFE616DC2182E0D582189D4.e.6370/click - {}
RESULT: {}
COMMAND: POST /session/17938e7f8541bcff555766d2bec8a2c8/execute/async - {"script":"<script> [1562 bytes]","args":[{"selector":{"controlType":"sap.m.Text","properties":{"text":"Started processing request items into the contract."},"searchOpenDialogs":true},"wdio_ui5_key":"sapm.Text{\"text\":\"Started processing request items into the contract.\"}"}]}
COMMAND: GET /session/17938e7f8541bcff555766d2bec8a2c8/screenshot - {}
RESULT: {"script":"<script> [1562 bytes]","args":[{"selector":{"controlType":"sap.m.Text","properties":{"text":"Started processing request items into the contract."},"searchOpenDialogs":true},"wdio_ui5_key":"sapm.Text{\"text\":\"Started processing request items into the contract.\"}"}]}
RESULT: undefined
COMMAND: POST /session/17938e7f8541bcff555766d2bec8a2c8/execute/async - {"script":"<script> [6424 bytes]","args":[{"element-6066-11e4-a52e-4f735466cecf":"f.0F1FAEEE2861019DFD6915B8D9C967AD.d.4CBF372F6BFE616DC2182E0D582189D4.e.6372"},"getText",[]]}
RESULT: {}
RESULT: {"script":"<script> [6424 bytes]","args":[{"element-6066-11e4-a52e-4f735466cecf":"f.0F1FAEEE2861019DFD6915B8D9C967AD.d.4CBF372F6BFE616DC2182E0D582189D4.e.6372"},"getText",[]]}
COMMAND: POST /session/17938e7f8541bcff555766d2bec8a2c8/execute/async - {"script":"<script> [1562 bytes]","args":[{"selector":{"controlType":"sap.m.Button","properties":{"text":"OK"},"searchOpenDialogs":true,"interaction":{"idSuffix":"inner"}},"wdio_ui5_key":"sapm.Button{\"text\":\"OK\"}"}]}
RESULT: {"script":"<script> [1562 bytes]","args":[{"selector":{"controlType":"sap.m.Button","properties":{"text":"OK"},"searchOpenDialogs":true,"interaction":{"idSuffix":"inner"}},"wdio_ui5_key":"sapm.Button{\"text\":\"OK\"}"}]}
RESULT: undefined
COMMAND: POST /session/17938e7f8541bcff555766d2bec8a2c8/element - {"using":"xpath","value":"//*[@id=\"__mbox-btn-5\"]"}
RESULT: {"using":"xpath","value":"//*[@id=\"__mbox-btn-5\"]"}
COMMAND: POST /session/17938e7f8541bcff555766d2bec8a2c8/element/f.0F1FAEEE2861019DFD6915B8D9C967AD.d.4CBF372F6BFE616DC2182E0D582189D4.e.6371/click - {}
RESULT: {}
COMMAND: POST /session/17938e7f8541bcff555766d2bec8a2c8/execute/async - {"script":"<script> [1562 bytes]","args":[{"selector":{"id":"headerBillingItemsTabFilter","viewName":"etm.portal.ui.managecontracts.view.Detail","interaction":{"idSuffix":"text"}},"wdio_ui5_key":"headerBillingItemsTabFilteretmportal.ui.managecontracts.view.Detail"}]}
COMMAND: GET /session/17938e7f8541bcff555766d2bec8a2c8/screenshot - {}
RESULT: {"script":"<script> [1562 bytes]","args":[{"selector":{"id":"headerBillingItemsTabFilter","viewName":"etm.portal.ui.managecontracts.view.Detail","interaction":{"idSuffix":"text"}},"wdio_ui5_key":"headerBillingItemsTabFilteretmportal.ui.managecontracts.view.Detail"}]}
RESULT: undefined
COMMAND: POST /session/17938e7f8541bcff555766d2bec8a2c8/element - {"using":"xpath","value":"//*[@id=\"__xmlview64--headerBillingItemsTabFilter\"]"}
RESULT: {}
RESULT: {"using":"xpath","value":"//*[@id=\"__xmlview64--headerBillingItemsTabFilter\"]"}
COMMAND: POST /session/17938e7f8541bcff555766d2bec8a2c8/element/f.0F1FAEEE2861019DFD6915B8D9C967AD.d.4CBF372F6BFE616DC2182E0D582189D4.e.6382/click - {}
RESULT: {}
COMMAND: GET /session/17938e7f8541bcff555766d2bec8a2c8/screenshot - {}
RESULT: {}
COMMAND: POST /session/17938e7f8541bcff555766d2bec8a2c8/execute/async - {"script":"<script> [1562 bytes]","args":[{"selector":{"controlType":"sap.ui.core.Icon","viewName":"etm.portal.ui.managecontracts.view.Detail","properties":{"src":{"regex":{"source":"synchronize"}}}},"wdio_ui5_key":"etmportal.ui.managecontracts.view.Detailsap.ui.core.Icon{\"src\":{\"regex\":{\"source\":\"synchronize\"}}}"}]}
RESULT: {"script":"<script> [1562 bytes]","args":[{"selector":{"controlType":"sap.ui.core.Icon","viewName":"etm.portal.ui.managecontracts.view.Detail","properties":{"src":{"regex":{"source":"synchronize"}}}},"wdio_ui5_key":"etmportal.ui.managecontracts.view.Detailsap.ui.core.Icon{\"src\":{\"regex\":{\"source\":\"synchronize\"}}}"}]}
RESULT: undefined
COMMAND: POST /session/17938e7f8541bcff555766d2bec8a2c8/element - {"using":"xpath","value":"//*[@id=\"__xmlview64--btnToggleUpdate-img\"]"}
RESULT: {"using":"xpath","value":"//*[@id=\"__xmlview64--btnToggleUpdate-img\"]"}
COMMAND: POST /session/17938e7f8541bcff555766d2bec8a2c8/element/f.0F1FAEEE2861019DFD6915B8D9C967AD.d.4CBF372F6BFE616DC2182E0D582189D4.e.6384/click - {}
RESULT: {}
COMMAND: GET /session/17938e7f8541bcff555766d2bec8a2c8/screenshot - {}
RESULT: {}
RESULT: undefined
COMMAND: POST /session/17938e7f8541bcff555766d2bec8a2c8/element - {"using":"xpath","value":"//*[@id=\"__xmlview64--headerBillingItemsTabFilter\"]"}
RESULT: {"using":"xpath","value":"//*[@id=\"__xmlview64--headerBillingItemsTabFilter\"]"}
COMMAND: POST /session/17938e7f8541bcff555766d2bec8a2c8/element/f.0F1FAEEE2861019DFD6915B8D9C967AD.d.4CBF372F6BFE616DC2182E0D582189D4.e.6382/click - {}
RESULT: {}
COMMAND: POST /session/17938e7f8541bcff555766d2bec8a2c8/execute/async - {"script":"<script> [1562 bytes]","args":[{"selector":{"controlType":"sap.m.Title","viewName":"etm.portal.ui.managecontracts.view.Detail","properties":{"text":"Contract Items (2)"}},"wdio_ui5_key":"etmportal.ui.managecontracts.view.Detailsap.m.Title{\"text\":\"Contract Items (2)\"}"}]}
COMMAND: GET /session/17938e7f8541bcff555766d2bec8a2c8/screenshot - {}
RESULT: {"script":"<script> [1562 bytes]","args":[{"selector":{"controlType":"sap.m.Title","viewName":"etm.portal.ui.managecontracts.view.Detail","properties":{"text":"Contract Items (2)"}},"wdio_ui5_key":"etmportal.ui.managecontracts.view.Detailsap.m.Title{\"text\":\"Contract Items (2)\"}"}]}
RESULT: undefined
COMMAND: POST /session/17938e7f8541bcff555766d2bec8a2c8/execute/async - {"script":"<script> [6424 bytes]","args":[{"element-6066-11e4-a52e-4f735466cecf":"f.0F1FAEEE2861019DFD6915B8D9C967AD.d.4CBF372F6BFE616DC2182E0D582189D4.e.6392"},"getText",[]]}
RESULT: {}
RESULT: {"script":"<script> [6424 bytes]","args":[{"element-6066-11e4-a52e-4f735466cecf":"f.0F1FAEEE2861019DFD6915B8D9C967AD.d.4CBF372F6BFE616DC2182E0D582189D4.e.6392"},"getText",[]]}
COMMAND: POST /session/17938e7f8541bcff555766d2bec8a2c8/execute/async - {"script":"<script> [1562 bytes]","args":[{"selector":{"controlType":"sap.m.ObjectStatus","viewName":"etm.portal.ui.managecontracts.view.Detail","bindingPath":{"path":"/SmartContractItems(CONTRACT='10467',ITEM=10m,SUB_ITEM=0m)","propertyPath":"STATUS"}},"wdio_ui5_key":"etmportal.ui.managecontracts.view.Detailsap.m.ObjectStatus{\"path\":\"/SmartContractItems(CONTRACT='10467',ITEM=10m,SUB_ITEM=0m)\",\"propertyPath\":\"STATUS\"}"}]}
RESULT: {"script":"<script> [1562 bytes]","args":[{"selector":{"controlType":"sap.m.ObjectStatus","viewName":"etm.portal.ui.managecontracts.view.Detail","bindingPath":{"path":"/SmartContractItems(CONTRACT='10467',ITEM=10m,SUB_ITEM=0m)","propertyPath":"STATUS"}},"wdio_ui5_key":"etmportal.ui.managecontracts.view.Detailsap.m.ObjectStatus{\"path\":\"/SmartContractItems(CONTRACT='10467',ITEM=10m,SUB_ITEM=0m)\",\"propertyPath\":\"STATUS\"}"}]}
RESULT: undefined
COMMAND: POST /session/17938e7f8541bcff555766d2bec8a2c8/execute/async - {"script":"<script> [6424 bytes]","args":[{"element-6066-11e4-a52e-4f735466cecf":"f.0F1FAEEE2861019DFD6915B8D9C967AD.d.4CBF372F6BFE616DC2182E0D582189D4.e.6394"},"getText",[]]}
RESULT: {"script":"<script> [6424 bytes]","args":[{"element-6066-11e4-a52e-4f735466cecf":"f.0F1FAEEE2861019DFD6915B8D9C967AD.d.4CBF372F6BFE616DC2182E0D582189D4.e.6394"},"getText",[]]}
COMMAND: POST /session/17938e7f8541bcff555766d2bec8a2c8/execute/async - {"script":"<script> [1562 bytes]","args":[{"selector":{"controlType":"sap.m.ObjectStatus","viewName":"etm.portal.ui.managecontracts.view.Detail","bindingPath":{"path":"/SmartContractItems(CONTRACT='10467',ITEM=20m,SUB_ITEM=0m)","propertyPath":"STATUS"}},"wdio_ui5_key":"etmportal.ui.managecontracts.view.Detailsap.m.ObjectStatus{\"path\":\"/SmartContractItems(CONTRACT='10467',ITEM=20m,SUB_ITEM=0m)\",\"propertyPath\":\"STATUS\"}"}]}
RESULT: {"script":"<script> [1562 bytes]","args":[{"selector":{"controlType":"sap.m.ObjectStatus","viewName":"etm.portal.ui.managecontracts.view.Detail","bindingPath":{"path":"/SmartContractItems(CONTRACT='10467',ITEM=20m,SUB_ITEM=0m)","propertyPath":"STATUS"}},"wdio_ui5_key":"etmportal.ui.managecontracts.view.Detailsap.m.ObjectStatus{\"path\":\"/SmartContractItems(CONTRACT='10467',ITEM=20m,SUB_ITEM=0m)\",\"propertyPath\":\"STATUS\"}"}]}
RESULT: undefined
COMMAND: POST /session/17938e7f8541bcff555766d2bec8a2c8/execute/async - {"script":"<script> [6424 bytes]","args":[{"element-6066-11e4-a52e-4f735466cecf":"f.0F1FAEEE2861019DFD6915B8D9C967AD.d.4CBF372F6BFE616DC2182E0D582189D4.e.6395"},"getText",[]]}
RESULT: {"script":"<script> [6424 bytes]","args":[{"element-6066-11e4-a52e-4f735466cecf":"f.0F1FAEEE2861019DFD6915B8D9C967AD.d.4CBF372F6BFE616DC2182E0D582189D4.e.6395"},"getText",[]]}
]]></system-out>
    </testcase>
  </testsuite>
  <testsuite timestamp="2025-06-05T18:06:45" time="79.709" tests="1" failures="0" errors="0" skipped="0">
    <properties>
      <property name="specId" value="0" />
      <property name="suiteName" value="Manage contracts - revert request US152962" />
      <property name="capabilities" value="chrome.137_0_7151_56.windows" />
      <property name="file" value="file:///D:/a/1/s/test/specs/R2C/manage-contracts-revert-request.spec.js" />
    </properties>
    <testcase classname="chrome.137_0_7151_56.windows.Manage_contracts_-_revert_request_US152962" name="Should revert the request" time="79.707">
      <system-out><![CDATA[
COMMAND: POST /session/17938e7f8541bcff555766d2bec8a2c8/execute/async - {"script":"<script> [1562 bytes]","args":[{"selector":{"id":"revertPlanningBtn","viewName":"etm.portal.ui.managecontracts.view.Detail","interaction":{"idSuffix":"BDI-content"}},"wdio_ui5_key":"revertPlanningBtnetmportal.ui.managecontracts.view.Detail"}]}
RESULT: {"script":"<script> [1562 bytes]","args":[{"selector":{"id":"revertPlanningBtn","viewName":"etm.portal.ui.managecontracts.view.Detail","interaction":{"idSuffix":"BDI-content"}},"wdio_ui5_key":"revertPlanningBtnetmportal.ui.managecontracts.view.Detail"}]}
RESULT: undefined
COMMAND: POST /session/17938e7f8541bcff555766d2bec8a2c8/element - {"using":"xpath","value":"//*[@id=\"__xmlview64--revertPlanningBtn\"]"}
RESULT: {"using":"xpath","value":"//*[@id=\"__xmlview64--revertPlanningBtn\"]"}
COMMAND: POST /session/17938e7f8541bcff555766d2bec8a2c8/element/f.0F1FAEEE2861019DFD6915B8D9C967AD.d.4CBF372F6BFE616DC2182E0D582189D4.e.6397/click - {}
RESULT: {}
COMMAND: POST /session/17938e7f8541bcff555766d2bec8a2c8/element - {"using":"xpath","value":"(//div[contains(@id ,\"selectMulti-CbBg\")])[2]"}
COMMAND: GET /session/17938e7f8541bcff555766d2bec8a2c8/screenshot - {}
RESULT: {"using":"xpath","value":"(//div[contains(@id ,\"selectMulti-CbBg\")])[2]"}
COMMAND: POST /session/17938e7f8541bcff555766d2bec8a2c8/element/f.0F1FAEEE2861019DFD6915B8D9C967AD.d.4CBF372F6BFE616DC2182E0D582189D4.e.6445/click - {}
RESULT: {}
RESULT: {}
COMMAND: GET /session/17938e7f8541bcff555766d2bec8a2c8/screenshot - {}
RESULT: {}
COMMAND: POST /session/17938e7f8541bcff555766d2bec8a2c8/element - {"using":"xpath","value":"//span[contains(@id ,\"executeRevertPlanningBtn-content\")]"}
RESULT: {"using":"xpath","value":"//span[contains(@id ,\"executeRevertPlanningBtn-content\")]"}
COMMAND: POST /session/17938e7f8541bcff555766d2bec8a2c8/element/f.0F1FAEEE2861019DFD6915B8D9C967AD.d.4CBF372F6BFE616DC2182E0D582189D4.e.6446/click - {}
RESULT: {}
COMMAND: GET /session/17938e7f8541bcff555766d2bec8a2c8/screenshot - {}
RESULT: {}
COMMAND: POST /session/17938e7f8541bcff555766d2bec8a2c8/actions - {"actions":[{"id":"action32","type":"key","parameters":{},"actions":[{"type":"keyDown","value":"î€‡"},{"type":"pause","duration":10},{"type":"keyUp","value":"î€‡"}]}]}
RESULT: {"actions":[{"id":"action32","type":"key","parameters":{},"actions":[{"type":"keyDown","value":"î€‡"},{"type":"pause","duration":10},{"type":"keyUp","value":"î€‡"}]}]}
COMMAND: GET /session/17938e7f8541bcff555766d2bec8a2c8/screenshot - {}
RESULT: {}
COMMAND: POST /session/17938e7f8541bcff555766d2bec8a2c8/refresh - {}
RESULT: {}
COMMAND: GET /session/17938e7f8541bcff555766d2bec8a2c8/screenshot - {}
RESULT: {}
COMMAND: POST /session/17938e7f8541bcff555766d2bec8a2c8/execute/async - {"script":"<script> [189 bytes]","args":[]}
RESULT: {"script":"<script> [189 bytes]","args":[]}
COMMAND: POST /session/17938e7f8541bcff555766d2bec8a2c8/execute/async - {"script":"<script> [123 bytes]","args":[]}
RESULT: {"script":"<script> [123 bytes]","args":[]}
COMMAND: POST /session/17938e7f8541bcff555766d2bec8a2c8/timeouts - {"script":"<number>"}
RESULT: {"script":"<number>"}
COMMAND: GET /session/17938e7f8541bcff555766d2bec8a2c8/timeouts - {}
RESULT: {}
RESULT: undefined
COMMAND: POST /session/17938e7f8541bcff555766d2bec8a2c8/execute/async - {"script":"<script> [2676 bytes]","args":[]}
RESULT: {"script":"<script> [2676 bytes]","args":[]}
COMMAND: POST /session/17938e7f8541bcff555766d2bec8a2c8/execute/async - {"script":"<script> [2342 bytes]","args":[{"protocol":"http","hostname":"0.0.0.0","path":"/","capabilities":{"browserName":"chrome","goog:chromeOptions":{"binary":"C:\\Program Files\\Google\\Chrome\\Application\\chrome.exe","args":["--start-maximized"]}},"logLevel":"warn","connectionRetryTimeout":120000,"connectionRetryCount":3,"logLevels":{},"enableDirectConnect":true,"strictSSL":true,"_":"65 more keys: [\"cacheDir\",\"port\",\"requestedCapabilities\",\"automationProtocol\",\"baseUrl\",\"waitforInterval\",\"waitforTimeout\",\"onReload\",\"beforeCommand\",\"afterCommand\",\"rootDir\",\"specs\",\"suites\",\"exclude\",\"groupLogsByTestSpec\",\"excludeDriverLogs\",\"bail\",\"framework\",\"reporters\",\"services\",\"maxInstances\",\"maxInstancesPerCapability\",\"injectGlobals\",\"filesToWatch\",\"execArgv\",\"runnerEnv\",\"runner\",\"shard\",\"specFileRetries\",\"specFileRetriesDelay\",\"specFileRetriesDeferred\",\"reporterSyncInterval\",\"reporterSyncTimeout\",\"cucumberFeaturesWithLineNumbers\",\"autoCompileOpts\",\"mochaOpts\",\"jasmineOpts\",\"cucumberOpts\",\"onPrepare\",\"onWorkerStart\",\"onWorkerEnd\",\"before\",\"beforeSession\",\"beforeSuite\",\"beforeHook\",\"beforeTest\",\"afterTest\",\"afterHook\",\"afterSuite\",\"afterSession\",\"after\",\"onComplete\",\"beforeAssertion\",\"afterAssertion\",\"beforeFeature\",\"beforeScenario\",\"beforeStep\",\"afterStep\",\"afterScenario\",\"afterFeature\",\"_\",\"suite\",\"$0\",\"ignoredWorkerServices\",\"wdi5\"]"}]}
RESULT: {"script":"<script> [2342 bytes]","args":[{"protocol":"http","hostname":"0.0.0.0","path":"/","capabilities":{"browserName":"chrome","goog:chromeOptions":{"binary":"C:\\Program Files\\Google\\Chrome\\Application\\chrome.exe","args":["--start-maximized"]}},"logLevel":"warn","connectionRetryTimeout":120000,"connectionRetryCount":3,"logLevels":{},"enableDirectConnect":true,"strictSSL":true,"_":"65 more keys: [\"cacheDir\",\"port\",\"requestedCapabilities\",\"automationProtocol\",\"baseUrl\",\"waitforInterval\",\"waitforTimeout\",\"onReload\",\"beforeCommand\",\"afterCommand\",\"rootDir\",\"specs\",\"suites\",\"exclude\",\"groupLogsByTestSpec\",\"excludeDriverLogs\",\"bail\",\"framework\",\"reporters\",\"services\",\"maxInstances\",\"maxInstancesPerCapability\",\"injectGlobals\",\"filesToWatch\",\"execArgv\",\"runnerEnv\",\"runner\",\"shard\",\"specFileRetries\",\"specFileRetriesDelay\",\"specFileRetriesDeferred\",\"reporterSyncInterval\",\"reporterSyncTimeout\",\"cucumberFeaturesWithLineNumbers\",\"autoCompileOpts\",\"mochaOpts\",\"jasmineOpts\",\"cucumberOpts\",\"onPrepare\",\"onWorkerStart\",\"onWorkerEnd\",\"before\",\"beforeSession\",\"beforeSuite\",\"beforeHook\",\"beforeTest\",\"afterTest\",\"afterHook\",\"afterSuite\",\"afterSession\",\"after\",\"onComplete\",\"beforeAssertion\",\"afterAssertion\",\"beforeFeature\",\"beforeScenario\",\"beforeStep\",\"afterStep\",\"afterScenario\",\"afterFeature\",\"_\",\"suite\",\"$0\",\"ignoredWorkerServices\",\"wdi5\"]"}]}
COMMAND: POST /session/17938e7f8541bcff555766d2bec8a2c8/execute/async - {"script":"<script> [21126 bytes]","args":[35000]}
RESULT: {"script":"<script> [21126 bytes]","args":[35000]}
COMMAND: POST /session/17938e7f8541bcff555766d2bec8a2c8/execute/async - {"script":"<script> [1562 bytes]","args":[{"selector":{"controlType":"sap.m.Title","viewName":"etm.portal.ui.managecontracts.view.Detail","properties":{"text":"Contract Items (1)"}},"wdio_ui5_key":"etmportal.ui.managecontracts.view.Detailsap.m.Title{\"text\":\"Contract Items (1)\"}"}]}
RESULT: {"script":"<script> [1562 bytes]","args":[{"selector":{"controlType":"sap.m.Title","viewName":"etm.portal.ui.managecontracts.view.Detail","properties":{"text":"Contract Items (1)"}},"wdio_ui5_key":"etmportal.ui.managecontracts.view.Detailsap.m.Title{\"text\":\"Contract Items (1)\"}"}]}
RESULT: undefined
COMMAND: POST /session/17938e7f8541bcff555766d2bec8a2c8/execute/async - {"script":"<script> [6424 bytes]","args":[{"element-6066-11e4-a52e-4f735466cecf":"f.0F1FAEEE2861019DFD6915B8D9C967AD.d.6EA8A192EFA128F3B7F105DC1B5DCE53.e.6674"},"getText",[]]}
RESULT: {"script":"<script> [6424 bytes]","args":[{"element-6066-11e4-a52e-4f735466cecf":"f.0F1FAEEE2861019DFD6915B8D9C967AD.d.6EA8A192EFA128F3B7F105DC1B5DCE53.e.6674"},"getText",[]]}
COMMAND: POST /session/17938e7f8541bcff555766d2bec8a2c8/execute/async - {"script":"<script> [1562 bytes]","args":[{"selector":{"id":"contractDetailEditBtn","viewName":"etm.portal.ui.managecontracts.view.Detail","interaction":{"idSuffix":"inner"}},"wdio_ui5_key":"contractDetailEditBtnetmportal.ui.managecontracts.view.Detail"}]}
RESULT: {"script":"<script> [1562 bytes]","args":[{"selector":{"id":"contractDetailEditBtn","viewName":"etm.portal.ui.managecontracts.view.Detail","interaction":{"idSuffix":"inner"}},"wdio_ui5_key":"contractDetailEditBtnetmportal.ui.managecontracts.view.Detail"}]}
RESULT: undefined
COMMAND: POST /session/17938e7f8541bcff555766d2bec8a2c8/element - {"using":"xpath","value":"//*[@id=\"__xmlview1--contractDetailEditBtn\"]"}
RESULT: {"using":"xpath","value":"//*[@id=\"__xmlview1--contractDetailEditBtn\"]"}
COMMAND: POST /session/17938e7f8541bcff555766d2bec8a2c8/element/f.0F1FAEEE2861019DFD6915B8D9C967AD.d.6EA8A192EFA128F3B7F105DC1B5DCE53.e.6520/click - {}
RESULT: {}
COMMAND: GET /session/17938e7f8541bcff555766d2bec8a2c8/screenshot - {}
RESULT: {}
COMMAND: POST /session/17938e7f8541bcff555766d2bec8a2c8/element - {"using":"xpath","value":"(//span[contains(text(), \"Header Billing Items\")])[2]"}
RESULT: {"using":"xpath","value":"(//span[contains(text(), \"Header Billing Items\")])[2]"}
COMMAND: POST /session/17938e7f8541bcff555766d2bec8a2c8/element/f.0F1FAEEE2861019DFD6915B8D9C967AD.d.6EA8A192EFA128F3B7F105DC1B5DCE53.e.6738/click - {}
RESULT: {}
COMMAND: GET /session/17938e7f8541bcff555766d2bec8a2c8/screenshot - {}
RESULT: {}
COMMAND: POST /session/17938e7f8541bcff555766d2bec8a2c8/element - {"using":"xpath","value":"//div[contains(@id ,\"ProductsTable-sa-CbBg\")]"}
RESULT: {"using":"xpath","value":"//div[contains(@id ,\"ProductsTable-sa-CbBg\")]"}
COMMAND: POST /session/17938e7f8541bcff555766d2bec8a2c8/element/f.0F1FAEEE2861019DFD6915B8D9C967AD.d.6EA8A192EFA128F3B7F105DC1B5DCE53.e.6741/click - {}
RESULT: {}
COMMAND: GET /session/17938e7f8541bcff555766d2bec8a2c8/screenshot - {}
RESULT: {}
COMMAND: POST /session/17938e7f8541bcff555766d2bec8a2c8/execute/async - {"script":"<script> [1562 bytes]","args":[{"selector":{"id":"deleteBtn","viewName":"etm.portal.ui.managecontracts.view.EditContract","interaction":{"idSuffix":"BDI-content"}},"wdio_ui5_key":"deleteBtnetmportal.ui.managecontracts.view.EditContract"}]}
RESULT: {"script":"<script> [1562 bytes]","args":[{"selector":{"id":"deleteBtn","viewName":"etm.portal.ui.managecontracts.view.EditContract","interaction":{"idSuffix":"BDI-content"}},"wdio_ui5_key":"deleteBtnetmportal.ui.managecontracts.view.EditContract"}]}
RESULT: undefined
COMMAND: POST /session/17938e7f8541bcff555766d2bec8a2c8/element - {"using":"xpath","value":"//*[@id=\"__xmlview2--deleteBtn\"]"}
RESULT: {"using":"xpath","value":"//*[@id=\"__xmlview2--deleteBtn\"]"}
COMMAND: POST /session/17938e7f8541bcff555766d2bec8a2c8/element/f.0F1FAEEE2861019DFD6915B8D9C967AD.d.6EA8A192EFA128F3B7F105DC1B5DCE53.e.6744/click - {}
RESULT: {}
COMMAND: POST /session/17938e7f8541bcff555766d2bec8a2c8/element - {"using":"xpath","value":"//bdi[contains(@id ,\"BDI-content\")][contains(text(), \"OK\")]"}
COMMAND: GET /session/17938e7f8541bcff555766d2bec8a2c8/screenshot - {}
RESULT: {"using":"xpath","value":"//bdi[contains(@id ,\"BDI-content\")][contains(text(), \"OK\")]"}
COMMAND: POST /session/17938e7f8541bcff555766d2bec8a2c8/element/f.0F1FAEEE2861019DFD6915B8D9C967AD.d.6EA8A192EFA128F3B7F105DC1B5DCE53.e.6746/click - {}
RESULT: {}
RESULT: {}
COMMAND: GET /session/17938e7f8541bcff555766d2bec8a2c8/screenshot - {}
RESULT: {}
COMMAND: POST /session/17938e7f8541bcff555766d2bec8a2c8/element - {"using":"xpath","value":"//bdi[contains(@id ,\"BDI-content\")][contains(text(), \"Save\")]"}
RESULT: {"using":"xpath","value":"//bdi[contains(@id ,\"BDI-content\")][contains(text(), \"Save\")]"}
COMMAND: POST /session/17938e7f8541bcff555766d2bec8a2c8/element/f.0F1FAEEE2861019DFD6915B8D9C967AD.d.6EA8A192EFA128F3B7F105DC1B5DCE53.e.6748/click - {}
RESULT: {}
COMMAND: GET /session/17938e7f8541bcff555766d2bec8a2c8/screenshot - {}
RESULT: {}
COMMAND: POST /session/17938e7f8541bcff555766d2bec8a2c8/element - {"using":"xpath","value":"(//span[contains(text(), \"Header Billing Items\")])[1]"}
RESULT: {"using":"xpath","value":"(//span[contains(text(), \"Header Billing Items\")])[1]"}
COMMAND: POST /session/17938e7f8541bcff555766d2bec8a2c8/element/f.0F1FAEEE2861019DFD6915B8D9C967AD.d.6EA8A192EFA128F3B7F105DC1B5DCE53.e.6751/click - {}
RESULT: {}
COMMAND: GET /session/17938e7f8541bcff555766d2bec8a2c8/screenshot - {}
RESULT: {}
COMMAND: POST /session/17938e7f8541bcff555766d2bec8a2c8/execute/async - {"script":"<script> [1562 bytes]","args":[{"selector":{"controlType":"sap.m.ObjectStatus","viewName":"etm.portal.ui.managecontracts.view.Detail","bindingPath":{"path":"/SmartContractItems(CONTRACT='10467',ITEM=10m,SUB_ITEM=0m)","propertyPath":"STATUS"}},"wdio_ui5_key":"etmportal.ui.managecontracts.view.Detailsap.m.ObjectStatus{\"path\":\"/SmartContractItems(CONTRACT='10467',ITEM=10m,SUB_ITEM=0m)\",\"propertyPath\":\"STATUS\"}"}]}
RESULT: {"script":"<script> [1562 bytes]","args":[{"selector":{"controlType":"sap.m.ObjectStatus","viewName":"etm.portal.ui.managecontracts.view.Detail","bindingPath":{"path":"/SmartContractItems(CONTRACT='10467',ITEM=10m,SUB_ITEM=0m)","propertyPath":"STATUS"}},"wdio_ui5_key":"etmportal.ui.managecontracts.view.Detailsap.m.ObjectStatus{\"path\":\"/SmartContractItems(CONTRACT='10467',ITEM=10m,SUB_ITEM=0m)\",\"propertyPath\":\"STATUS\"}"}]}
RESULT: undefined
COMMAND: POST /session/17938e7f8541bcff555766d2bec8a2c8/execute/async - {"script":"<script> [6424 bytes]","args":[{"element-6066-11e4-a52e-4f735466cecf":"f.0F1FAEEE2861019DFD6915B8D9C967AD.d.6EA8A192EFA128F3B7F105DC1B5DCE53.e.6753"},"getText",[]]}
RESULT: {"script":"<script> [6424 bytes]","args":[{"element-6066-11e4-a52e-4f735466cecf":"f.0F1FAEEE2861019DFD6915B8D9C967AD.d.6EA8A192EFA128F3B7F105DC1B5DCE53.e.6753"},"getText",[]]}
COMMAND: POST /session/17938e7f8541bcff555766d2bec8a2c8/element - {"using":"css selector","value":"#shell-header-logo"}
RESULT: {"using":"css selector","value":"#shell-header-logo"}
COMMAND: POST /session/17938e7f8541bcff555766d2bec8a2c8/element/f.0F1FAEEE2861019DFD6915B8D9C967AD.d.6EA8A192EFA128F3B7F105DC1B5DCE53.e.6462/click - {}
RESULT: {}
COMMAND: GET /session/17938e7f8541bcff555766d2bec8a2c8/screenshot - {}
RESULT: {}
COMMAND: POST /session/17938e7f8541bcff555766d2bec8a2c8/execute/async - {"script":"<script> [1562 bytes]","args":[{"selector":{"controlType":"sap.m.GenericTile","properties":{"header":"Manage Requests"}},"wdio_ui5_key":"sapm.GenericTile{\"header\":\"Manage Requests\"}"}]}
RESULT: {"script":"<script> [1562 bytes]","args":[{"selector":{"controlType":"sap.m.GenericTile","properties":{"header":"Manage Requests"}},"wdio_ui5_key":"sapm.GenericTile{\"header\":\"Manage Requests\"}"}]}
RESULT: undefined
COMMAND: POST /session/17938e7f8541bcff555766d2bec8a2c8/element - {"using":"xpath","value":"//*[@id=\"__tile47\"]"}
RESULT: {"using":"xpath","value":"//*[@id=\"__tile47\"]"}
COMMAND: POST /session/17938e7f8541bcff555766d2bec8a2c8/element/f.0F1FAEEE2861019DFD6915B8D9C967AD.d.6EA8A192EFA128F3B7F105DC1B5DCE53.e.6768/click - {}
RESULT: {}
COMMAND: GET /session/17938e7f8541bcff555766d2bec8a2c8/screenshot - {}
RESULT: {}
COMMAND: POST /session/17938e7f8541bcff555766d2bec8a2c8/elements - {"using":"xpath","value":"//span[text()='Error']"}
COMMAND: POST /session/17938e7f8541bcff555766d2bec8a2c8/execute/async - {"script":"<script> [1562 bytes]","args":[{"selector":{"controlType":"sap.m.SearchField","viewName":"etm.portal.ui.managerequests.view.Master","bindingPath":{"path":"","propertyPath":"/_BASIC_SEARCH_FIELD","modelName":"fi1t3rM0d31"},"interaction":{"idSuffix":"I"}},"wdio_ui5_key":"etmportal.ui.managerequests.view.Mastersap.m.SearchField{\"path\":\"\",\"propertyPath\":\"/_BASIC_SEARCH_FIELD\",\"modelName\":\"fi1t3rM0d31\"}"}]}
RESULT: {"using":"xpath","value":"//span[text()='Error']"}
RESULT: {"script":"<script> [1562 bytes]","args":[{"selector":{"controlType":"sap.m.SearchField","viewName":"etm.portal.ui.managerequests.view.Master","bindingPath":{"path":"","propertyPath":"/_BASIC_SEARCH_FIELD","modelName":"fi1t3rM0d31"},"interaction":{"idSuffix":"I"}},"wdio_ui5_key":"etmportal.ui.managerequests.view.Mastersap.m.SearchField{\"path\":\"\",\"propertyPath\":\"/_BASIC_SEARCH_FIELD\",\"modelName\":\"fi1t3rM0d31\"}"}]}
RESULT: undefined
COMMAND: POST /session/17938e7f8541bcff555766d2bec8a2c8/execute/async - {"script":"<script> [776 bytes]","args":[{"enterText":"20271","selector":{"controlType":"sap.m.SearchField","viewName":"etm.portal.ui.managerequests.view.Master","bindingPath":{"path":"","propertyPath":"/_BASIC_SEARCH_FIELD","modelName":"fi1t3rM0d31"},"interaction":{"idSuffix":"I"}},"clearTextFirst":true,"interactionType":"ENTER_TEXT"}]}
RESULT: {"script":"<script> [776 bytes]","args":[{"enterText":"20271","selector":{"controlType":"sap.m.SearchField","viewName":"etm.portal.ui.managerequests.view.Master","bindingPath":{"path":"","propertyPath":"/_BASIC_SEARCH_FIELD","modelName":"fi1t3rM0d31"},"interaction":{"idSuffix":"I"}},"clearTextFirst":true,"interactionType":"ENTER_TEXT"}]}
COMMAND: POST /session/17938e7f8541bcff555766d2bec8a2c8/actions - {"actions":[{"id":"action33","type":"key","parameters":{},"actions":[{"type":"keyDown","value":"î€‡"},{"type":"pause","duration":10},{"type":"keyUp","value":"î€‡"}]}]}
RESULT: {"actions":[{"id":"action33","type":"key","parameters":{},"actions":[{"type":"keyDown","value":"î€‡"},{"type":"pause","duration":10},{"type":"keyUp","value":"î€‡"}]}]}
COMMAND: GET /session/17938e7f8541bcff555766d2bec8a2c8/screenshot - {}
RESULT: {}
COMMAND: POST /session/17938e7f8541bcff555766d2bec8a2c8/execute/async - {"script":"<script> [1562 bytes]","args":[{"selector":{"controlType":"sap.m.Text","viewName":"etm.portal.ui.managerequests.view.Master","bindingPath":{"path":"/SmartManageRequests('20271')","propertyPath":"NO"}},"wdio_ui5_key":"etmportal.ui.managerequests.view.Mastersap.m.Text{\"path\":\"/SmartManageRequests('20271')\",\"propertyPath\":\"NO\"}"}]}
RESULT: {"script":"<script> [1562 bytes]","args":[{"selector":{"controlType":"sap.m.Text","viewName":"etm.portal.ui.managerequests.view.Master","bindingPath":{"path":"/SmartManageRequests('20271')","propertyPath":"NO"}},"wdio_ui5_key":"etmportal.ui.managerequests.view.Mastersap.m.Text{\"path\":\"/SmartManageRequests('20271')\",\"propertyPath\":\"NO\"}"}]}
RESULT: undefined
COMMAND: POST /session/17938e7f8541bcff555766d2bec8a2c8/element - {"using":"xpath","value":"//*[@id=\"__text463-__clone168\"]"}
RESULT: {"using":"xpath","value":"//*[@id=\"__text463-__clone168\"]"}
COMMAND: POST /session/17938e7f8541bcff555766d2bec8a2c8/element/f.0F1FAEEE2861019DFD6915B8D9C967AD.d.6EA8A192EFA128F3B7F105DC1B5DCE53.e.6895/click - {}
RESULT: {}
COMMAND: GET /session/17938e7f8541bcff555766d2bec8a2c8/screenshot - {}
RESULT: {}
COMMAND: POST /session/17938e7f8541bcff555766d2bec8a2c8/execute/async - {"script":"<script> [1562 bytes]","args":[{"selector":{"controlType":"sap.ui.core.Icon","viewName":"etm.portal.ui.managerequests.view.Detail","properties":{"src":{"regex":{"source":"slim\\-arrow\\-up"}}}},"wdio_ui5_key":"etmportal.ui.managerequests.view.Detailsap.ui.core.Icon{\"src\":{\"regex\":{\"source\":\"slim\\\\-arrow\\\\-up\"}}}"}]}
RESULT: {"script":"<script> [1562 bytes]","args":[{"selector":{"controlType":"sap.ui.core.Icon","viewName":"etm.portal.ui.managerequests.view.Detail","properties":{"src":{"regex":{"source":"slim\\-arrow\\-up"}}}},"wdio_ui5_key":"etmportal.ui.managerequests.view.Detailsap.ui.core.Icon{\"src\":{\"regex\":{\"source\":\"slim\\\\-arrow\\\\-up\"}}}"}]}
RESULT: undefined
COMMAND: POST /session/17938e7f8541bcff555766d2bec8a2c8/element - {"using":"xpath","value":"//*[@id=\"__xmlview62--detailRequestPage-OPHeaderContent-collapseBtn-img\"]"}
RESULT: {"using":"xpath","value":"//*[@id=\"__xmlview62--detailRequestPage-OPHeaderContent-collapseBtn-img\"]"}
COMMAND: POST /session/17938e7f8541bcff555766d2bec8a2c8/element/f.0F1FAEEE2861019DFD6915B8D9C967AD.d.6EA8A192EFA128F3B7F105DC1B5DCE53.e.7044/click - {}
RESULT: {}
COMMAND: GET /session/17938e7f8541bcff555766d2bec8a2c8/screenshot - {}
RESULT: {}
COMMAND: POST /session/17938e7f8541bcff555766d2bec8a2c8/execute/async - {"script":"<script> [1562 bytes]","args":[{"selector":{"controlType":"sap.m.Text","viewName":"etm.portal.ui.managerequests.view.Detail","bindingPath":{"path":"/SmartRequestItemsPlanningBoard(ITEM=20m,REQUEST='20271')","propertyPath":"STATUS_DESC"}},"wdio_ui5_key":"etmportal.ui.managerequests.view.Detailsap.m.Text{\"path\":\"/SmartRequestItemsPlanningBoard(ITEM=20m,REQUEST='20271')\",\"propertyPath\":\"STATUS_DESC\"}"}]}
RESULT: {"script":"<script> [1562 bytes]","args":[{"selector":{"controlType":"sap.m.Text","viewName":"etm.portal.ui.managerequests.view.Detail","bindingPath":{"path":"/SmartRequestItemsPlanningBoard(ITEM=20m,REQUEST='20271')","propertyPath":"STATUS_DESC"}},"wdio_ui5_key":"etmportal.ui.managerequests.view.Detailsap.m.Text{\"path\":\"/SmartRequestItemsPlanningBoard(ITEM=20m,REQUEST='20271')\",\"propertyPath\":\"STATUS_DESC\"}"}]}
RESULT: undefined
COMMAND: POST /session/17938e7f8541bcff555766d2bec8a2c8/execute/async - {"script":"<script> [6424 bytes]","args":[{"element-6066-11e4-a52e-4f735466cecf":"f.0F1FAEEE2861019DFD6915B8D9C967AD.d.6EA8A192EFA128F3B7F105DC1B5DCE53.e.7102"},"getText",[]]}
RESULT: {"script":"<script> [6424 bytes]","args":[{"element-6066-11e4-a52e-4f735466cecf":"f.0F1FAEEE2861019DFD6915B8D9C967AD.d.6EA8A192EFA128F3B7F105DC1B5DCE53.e.7102"},"getText",[]]}
COMMAND: POST /session/17938e7f8541bcff555766d2bec8a2c8/element - {"using":"css selector","value":"#shell-header-logo"}
RESULT: {"using":"css selector","value":"#shell-header-logo"}
COMMAND: POST /session/17938e7f8541bcff555766d2bec8a2c8/element/f.0F1FAEEE2861019DFD6915B8D9C967AD.d.6EA8A192EFA128F3B7F105DC1B5DCE53.e.6772/click - {}
RESULT: {}
COMMAND: GET /session/17938e7f8541bcff555766d2bec8a2c8/screenshot - {}
RESULT: {}
]]></system-out>
    </testcase>
  </testsuite>
  <testsuite timestamp="2025-06-05T18:08:04" time="252.785" tests="4" failures="0" errors="0" skipped="0">
    <properties>
      <property name="specId" value="0" />
      <property name="suiteName" value="Standard contract close-reopen US111278" />
      <property name="capabilities" value="chrome.137_0_7151_56.windows" />
      <property name="file" value="file:///D:/a/1/s/test/specs/R2C/standard-contract-close-reopen.spec.js" />
    </properties>
    <testcase classname="chrome.137_0_7151_56.windows.Standard_contract_close-reopen_US111278" name="Should create a new contract and add an item" time="147.549">
      <system-out><![CDATA[
COMMAND: POST /session/17938e7f8541bcff555766d2bec8a2c8/execute/async - {"script":"<script> [1562 bytes]","args":[{"selector":{"controlType":"sap.m.GenericTile","properties":{"header":"Manage Contracts"}},"wdio_ui5_key":"sapm.GenericTile{\"header\":\"Manage Contracts\"}"}]}
RESULT: {"script":"<script> [1562 bytes]","args":[{"selector":{"controlType":"sap.m.GenericTile","properties":{"header":"Manage Contracts"}},"wdio_ui5_key":"sapm.GenericTile{\"header\":\"Manage Contracts\"}"}]}
RESULT: undefined
COMMAND: POST /session/17938e7f8541bcff555766d2bec8a2c8/element - {"using":"xpath","value":"//*[@id=\"__tile131\"]"}
RESULT: {"using":"xpath","value":"//*[@id=\"__tile131\"]"}
COMMAND: POST /session/17938e7f8541bcff555766d2bec8a2c8/element/f.0F1FAEEE2861019DFD6915B8D9C967AD.d.6EA8A192EFA128F3B7F105DC1B5DCE53.e.7107/click - {}
RESULT: {}
COMMAND: GET /session/17938e7f8541bcff555766d2bec8a2c8/screenshot - {}
RESULT: {}
COMMAND: POST /session/17938e7f8541bcff555766d2bec8a2c8/elements - {"using":"xpath","value":"//span[text()='Error']"}
RESULT: {"using":"xpath","value":"//span[text()='Error']"}
COMMAND: POST /session/17938e7f8541bcff555766d2bec8a2c8/element - {"using":"xpath","value":"//button[@data-kt=\"addButton\"]"}
RESULT: {"using":"xpath","value":"//button[@data-kt=\"addButton\"]"}
COMMAND: POST /session/17938e7f8541bcff555766d2bec8a2c8/element/f.0F1FAEEE2861019DFD6915B8D9C967AD.d.6EA8A192EFA128F3B7F105DC1B5DCE53.e.7158/click - {}
RESULT: {}
COMMAND: GET /session/17938e7f8541bcff555766d2bec8a2c8/screenshot - {}
RESULT: {}
COMMAND: POST /session/17938e7f8541bcff555766d2bec8a2c8/execute/async - {"script":"<script> [1562 bytes]","args":[{"selector":{"id":"application-managecontracts-display-component---AddNewContract--projectDescription","interaction":{"idSuffix":"inner"}},"wdio_ui5_key":"applicationmanagecontracts-display-component---AddNewContract--projectDescription"}]}
RESULT: {"script":"<script> [1562 bytes]","args":[{"selector":{"id":"application-managecontracts-display-component---AddNewContract--projectDescription","interaction":{"idSuffix":"inner"}},"wdio_ui5_key":"applicationmanagecontracts-display-component---AddNewContract--projectDescription"}]}
RESULT: undefined
COMMAND: POST /session/17938e7f8541bcff555766d2bec8a2c8/execute/async - {"script":"<script> [776 bytes]","args":[{"enterText":"WdIOTest93e5e","selector":{"id":"application-managecontracts-display-component---AddNewContract--projectDescription","interaction":{"idSuffix":"inner"}},"clearTextFirst":true,"interactionType":"ENTER_TEXT"}]}
RESULT: {"script":"<script> [776 bytes]","args":[{"enterText":"WdIOTest93e5e","selector":{"id":"application-managecontracts-display-component---AddNewContract--projectDescription","interaction":{"idSuffix":"inner"}},"clearTextFirst":true,"interactionType":"ENTER_TEXT"}]}
COMMAND: POST /session/17938e7f8541bcff555766d2bec8a2c8/element - {"using":"xpath","value":"//input[@id=\"application-managecontracts-display-component---AddNewContract--yardId-inner\"]"}
RESULT: {"using":"xpath","value":"//input[@id=\"application-managecontracts-display-component---AddNewContract--yardId-inner\"]"}
COMMAND: POST /session/17938e7f8541bcff555766d2bec8a2c8/element/f.0F1FAEEE2861019DFD6915B8D9C967AD.d.6EA8A192EFA128F3B7F105DC1B5DCE53.e.7420/clear - {}
RESULT: {}
COMMAND: POST /session/17938e7f8541bcff555766d2bec8a2c8/element/f.0F1FAEEE2861019DFD6915B8D9C967AD.d.6EA8A192EFA128F3B7F105DC1B5DCE53.e.7420/value - {"text":"WebdriverYardjxvo1"}
COMMAND: GET /session/17938e7f8541bcff555766d2bec8a2c8/screenshot - {}
RESULT: {"text":"WebdriverYardjxvo1"}
COMMAND: GET /session/17938e7f8541bcff555766d2bec8a2c8/screenshot - {}
RESULT: {}
RESULT: {}
COMMAND: POST /session/17938e7f8541bcff555766d2bec8a2c8/actions - {"actions":[{"id":"action34","type":"key","parameters":{},"actions":[{"type":"keyDown","value":"î€‡"},{"type":"pause","duration":10},{"type":"keyUp","value":"î€‡"}]}]}
RESULT: {"actions":[{"id":"action34","type":"key","parameters":{},"actions":[{"type":"keyDown","value":"î€‡"},{"type":"pause","duration":10},{"type":"keyUp","value":"î€‡"}]}]}
COMMAND: GET /session/17938e7f8541bcff555766d2bec8a2c8/screenshot - {}
RESULT: {}
COMMAND: POST /session/17938e7f8541bcff555766d2bec8a2c8/element - {"using":"xpath","value":"//input[@id=\"application-managecontracts-display-component---AddNewContract--customerSelect-inner\"]"}
RESULT: {"using":"xpath","value":"//input[@id=\"application-managecontracts-display-component---AddNewContract--customerSelect-inner\"]"}
COMMAND: POST /session/17938e7f8541bcff555766d2bec8a2c8/element/f.0F1FAEEE2861019DFD6915B8D9C967AD.d.6EA8A192EFA128F3B7F105DC1B5DCE53.e.7418/clear - {}
RESULT: {}
COMMAND: POST /session/17938e7f8541bcff555766d2bec8a2c8/element/f.0F1FAEEE2861019DFD6915B8D9C967AD.d.6EA8A192EFA128F3B7F105DC1B5DCE53.e.7418/value - {"text":"WebdriverPartnerlbtm1i"}
COMMAND: GET /session/17938e7f8541bcff555766d2bec8a2c8/screenshot - {}
RESULT: {"text":"WebdriverPartnerlbtm1i"}
COMMAND: GET /session/17938e7f8541bcff555766d2bec8a2c8/screenshot - {}
RESULT: {}
RESULT: {}
COMMAND: POST /session/17938e7f8541bcff555766d2bec8a2c8/actions - {"actions":[{"id":"action35","type":"key","parameters":{},"actions":[{"type":"keyDown","value":"î€‡"},{"type":"pause","duration":10},{"type":"keyUp","value":"î€‡"}]}]}
RESULT: {"actions":[{"id":"action35","type":"key","parameters":{},"actions":[{"type":"keyDown","value":"î€‡"},{"type":"pause","duration":10},{"type":"keyUp","value":"î€‡"}]}]}
COMMAND: GET /session/17938e7f8541bcff555766d2bec8a2c8/screenshot - {}
RESULT: {}
COMMAND: POST /session/17938e7f8541bcff555766d2bec8a2c8/element - {"using":"xpath","value":"//input[@id=\"application-managecontracts-display-component---AddNewContract--site-inner\"]"}
RESULT: {"using":"xpath","value":"//input[@id=\"application-managecontracts-display-component---AddNewContract--site-inner\"]"}
COMMAND: POST /session/17938e7f8541bcff555766d2bec8a2c8/element/f.0F1FAEEE2861019DFD6915B8D9C967AD.d.6EA8A192EFA128F3B7F105DC1B5DCE53.e.7419/clear - {}
RESULT: {}
COMMAND: POST /session/17938e7f8541bcff555766d2bec8a2c8/element/f.0F1FAEEE2861019DFD6915B8D9C967AD.d.6EA8A192EFA128F3B7F105DC1B5DCE53.e.7419/value - {"text":"WebdriverSitea19o7"}
COMMAND: GET /session/17938e7f8541bcff555766d2bec8a2c8/screenshot - {}
RESULT: {"text":"WebdriverSitea19o7"}
COMMAND: GET /session/17938e7f8541bcff555766d2bec8a2c8/screenshot - {}
RESULT: {}
RESULT: {}
COMMAND: POST /session/17938e7f8541bcff555766d2bec8a2c8/actions - {"actions":[{"id":"action36","type":"key","parameters":{},"actions":[{"type":"keyDown","value":"î€‡"},{"type":"pause","duration":10},{"type":"keyUp","value":"î€‡"}]}]}
RESULT: {"actions":[{"id":"action36","type":"key","parameters":{},"actions":[{"type":"keyDown","value":"î€‡"},{"type":"pause","duration":10},{"type":"keyUp","value":"î€‡"}]}]}
COMMAND: GET /session/17938e7f8541bcff555766d2bec8a2c8/screenshot - {}
COMMAND: POST /session/17938e7f8541bcff555766d2bec8a2c8/element - {"using":"xpath","value":"//button[@data-kt=\"saveButton\"]"}
RESULT: {}
RESULT: {"using":"xpath","value":"//button[@data-kt=\"saveButton\"]"}
COMMAND: POST /session/17938e7f8541bcff555766d2bec8a2c8/element/f.0F1FAEEE2861019DFD6915B8D9C967AD.d.6EA8A192EFA128F3B7F105DC1B5DCE53.e.7496/click - {}
RESULT: {}
COMMAND: GET /session/17938e7f8541bcff555766d2bec8a2c8/screenshot - {}
RESULT: {}
COMMAND: POST /session/17938e7f8541bcff555766d2bec8a2c8/execute/async - {"script":"<script> [1562 bytes]","args":[{"selector":{"id":"contractDetailTitleNoExpanded","viewName":"etm.portal.ui.managecontracts.view.Detail"},"wdio_ui5_key":"contractDetailTitleNoExpandedetmportal.ui.managecontracts.view.Detail"}]}
RESULT: {"script":"<script> [1562 bytes]","args":[{"selector":{"id":"contractDetailTitleNoExpanded","viewName":"etm.portal.ui.managecontracts.view.Detail"},"wdio_ui5_key":"contractDetailTitleNoExpandedetmportal.ui.managecontracts.view.Detail"}]}
RESULT: undefined
COMMAND: POST /session/17938e7f8541bcff555766d2bec8a2c8/execute/async - {"script":"<script> [6424 bytes]","args":[{"element-6066-11e4-a52e-4f735466cecf":"f.0F1FAEEE2861019DFD6915B8D9C967AD.d.6EA8A192EFA128F3B7F105DC1B5DCE53.e.7515"},"getText",[]]}
RESULT: {"script":"<script> [6424 bytes]","args":[{"element-6066-11e4-a52e-4f735466cecf":"f.0F1FAEEE2861019DFD6915B8D9C967AD.d.6EA8A192EFA128F3B7F105DC1B5DCE53.e.7515"},"getText",[]]}
COMMAND: POST /session/17938e7f8541bcff555766d2bec8a2c8/execute/async - {"script":"<script> [1562 bytes]","args":[{"selector":{"id":"closeContractBtn","viewName":"etm.portal.ui.managecontracts.view.Detail"},"wdio_ui5_key":"closeContractBtnetmportal.ui.managecontracts.view.Detail"}]}
RESULT: {"script":"<script> [1562 bytes]","args":[{"selector":{"id":"closeContractBtn","viewName":"etm.portal.ui.managecontracts.view.Detail"},"wdio_ui5_key":"closeContractBtnetmportal.ui.managecontracts.view.Detail"}]}
RESULT: undefined
COMMAND: POST /session/17938e7f8541bcff555766d2bec8a2c8/execute/async - {"script":"<script> [6424 bytes]","args":[{"element-6066-11e4-a52e-4f735466cecf":"f.0F1FAEEE2861019DFD6915B8D9C967AD.d.6EA8A192EFA128F3B7F105DC1B5DCE53.e.7516"},"getEnabled",[]]}
RESULT: {"script":"<script> [6424 bytes]","args":[{"element-6066-11e4-a52e-4f735466cecf":"f.0F1FAEEE2861019DFD6915B8D9C967AD.d.6EA8A192EFA128F3B7F105DC1B5DCE53.e.7516"},"getEnabled",[]]}
COMMAND: POST /session/17938e7f8541bcff555766d2bec8a2c8/element - {"using":"xpath","value":"//button[@data-kt=\"contractDetailEditBtnButton\"]"}
RESULT: {"using":"xpath","value":"//button[@data-kt=\"contractDetailEditBtnButton\"]"}
COMMAND: POST /session/17938e7f8541bcff555766d2bec8a2c8/element/f.0F1FAEEE2861019DFD6915B8D9C967AD.d.6EA8A192EFA128F3B7F105DC1B5DCE53.e.7517/click - {}
RESULT: {}
COMMAND: GET /session/17938e7f8541bcff555766d2bec8a2c8/screenshot - {}
RESULT: {}
COMMAND: POST /session/17938e7f8541bcff555766d2bec8a2c8/element - {"using":"xpath","value":"(//span[contains(text(), \"Additional Addresses\")])[2]"}
RESULT: {"using":"xpath","value":"(//span[contains(text(), \"Additional Addresses\")])[2]"}
COMMAND: POST /session/17938e7f8541bcff555766d2bec8a2c8/element/f.0F1FAEEE2861019DFD6915B8D9C967AD.d.6EA8A192EFA128F3B7F105DC1B5DCE53.e.7574/click - {}
RESULT: {}
COMMAND: GET /session/17938e7f8541bcff555766d2bec8a2c8/screenshot - {}
RESULT: {}
COMMAND: POST /session/17938e7f8541bcff555766d2bec8a2c8/element - {"using":"xpath","value":"//button[@data-kt=\"btnAddTableRowOverflowToolbarButton\"]"}
RESULT: {"using":"xpath","value":"//button[@data-kt=\"btnAddTableRowOverflowToolbarButton\"]"}
COMMAND: POST /session/17938e7f8541bcff555766d2bec8a2c8/element/f.0F1FAEEE2861019DFD6915B8D9C967AD.d.6EA8A192EFA128F3B7F105DC1B5DCE53.e.7576/click - {}
RESULT: {}
COMMAND: GET /session/17938e7f8541bcff555766d2bec8a2c8/screenshot - {}
RESULT: {}
COMMAND: POST /session/17938e7f8541bcff555766d2bec8a2c8/element - {"using":"xpath","value":"//div[(text() = 'Standard Entry' or . = 'Standard Entry')]"}
RESULT: {"using":"xpath","value":"//div[(text() = 'Standard Entry' or . = 'Standard Entry')]"}
COMMAND: POST /session/17938e7f8541bcff555766d2bec8a2c8/element/f.0F1FAEEE2861019DFD6915B8D9C967AD.d.6EA8A192EFA128F3B7F105DC1B5DCE53.e.7578/click - {}
RESULT: {}
COMMAND: POST /session/17938e7f8541bcff555766d2bec8a2c8/element - {"using":"xpath","value":"//td[6]/div/div/input[1]"}
COMMAND: GET /session/17938e7f8541bcff555766d2bec8a2c8/screenshot - {}
RESULT: {"using":"xpath","value":"//td[6]/div/div/input[1]"}
COMMAND: POST /session/17938e7f8541bcff555766d2bec8a2c8/element/f.0F1FAEEE2861019DFD6915B8D9C967AD.d.6EA8A192EFA128F3B7F105DC1B5DCE53.e.7580/click - {}
RESULT: {}
RESULT: {}
COMMAND: POST /session/17938e7f8541bcff555766d2bec8a2c8/actions - {"actions":[{"id":"action37","type":"key","parameters":{},"actions":[{"type":"keyDown","value":"î€ƒ"},{"type":"pause","duration":10},{"type":"keyUp","value":"î€ƒ"}]}]}
COMMAND: GET /session/17938e7f8541bcff555766d2bec8a2c8/screenshot - {}
RESULT: {"actions":[{"id":"action37","type":"key","parameters":{},"actions":[{"type":"keyDown","value":"î€ƒ"},{"type":"pause","duration":10},{"type":"keyUp","value":"î€ƒ"}]}]}
COMMAND: POST /session/17938e7f8541bcff555766d2bec8a2c8/element - {"using":"xpath","value":"//td[6]/div/div/input[1]"}
COMMAND: GET /session/17938e7f8541bcff555766d2bec8a2c8/screenshot - {}
RESULT: {}
RESULT: {"using":"xpath","value":"//td[6]/div/div/input[1]"}
COMMAND: POST /session/17938e7f8541bcff555766d2bec8a2c8/element/f.0F1FAEEE2861019DFD6915B8D9C967AD.d.6EA8A192EFA128F3B7F105DC1B5DCE53.e.7580/clear - {}
RESULT: {}
RESULT: {}
COMMAND: POST /session/17938e7f8541bcff555766d2bec8a2c8/element/f.0F1FAEEE2861019DFD6915B8D9C967AD.d.6EA8A192EFA128F3B7F105DC1B5DCE53.e.7580/value - {"text":"Material"}
COMMAND: GET /session/17938e7f8541bcff555766d2bec8a2c8/screenshot - {}
RESULT: {"text":"Material"}
COMMAND: GET /session/17938e7f8541bcff555766d2bec8a2c8/screenshot - {}
RESULT: {}
RESULT: {}
COMMAND: POST /session/17938e7f8541bcff555766d2bec8a2c8/actions - {"actions":[{"id":"action38","type":"key","parameters":{},"actions":[{"type":"keyDown","value":"î€‡"},{"type":"pause","duration":10},{"type":"keyUp","value":"î€‡"}]}]}
RESULT: {"actions":[{"id":"action38","type":"key","parameters":{},"actions":[{"type":"keyDown","value":"î€‡"},{"type":"pause","duration":10},{"type":"keyUp","value":"î€‡"}]}]}
COMMAND: GET /session/17938e7f8541bcff555766d2bec8a2c8/screenshot - {}
RESULT: {}
COMMAND: POST /session/17938e7f8541bcff555766d2bec8a2c8/actions - {"actions":[{"id":"action39","type":"key","parameters":{},"actions":[{"type":"keyDown","value":"î€‡"},{"type":"pause","duration":10},{"type":"keyUp","value":"î€‡"}]}]}
RESULT: {"actions":[{"id":"action39","type":"key","parameters":{},"actions":[{"type":"keyDown","value":"î€‡"},{"type":"pause","duration":10},{"type":"keyUp","value":"î€‡"}]}]}
COMMAND: POST /session/17938e7f8541bcff555766d2bec8a2c8/element - {"using":"xpath","value":"//td[7]/div/div/input"}
COMMAND: GET /session/17938e7f8541bcff555766d2bec8a2c8/screenshot - {}
RESULT: {"using":"xpath","value":"//td[7]/div/div/input"}
COMMAND: POST /session/17938e7f8541bcff555766d2bec8a2c8/element/f.0F1FAEEE2861019DFD6915B8D9C967AD.d.6EA8A192EFA128F3B7F105DC1B5DCE53.e.7593/clear - {}
RESULT: {}
RESULT: {}
COMMAND: POST /session/17938e7f8541bcff555766d2bec8a2c8/element/f.0F1FAEEE2861019DFD6915B8D9C967AD.d.6EA8A192EFA128F3B7F105DC1B5DCE53.e.7593/value - {"text":"WebdriverMatTestkqd8n"}
COMMAND: GET /session/17938e7f8541bcff555766d2bec8a2c8/screenshot - {}
RESULT: {"text":"WebdriverMatTestkqd8n"}
COMMAND: GET /session/17938e7f8541bcff555766d2bec8a2c8/screenshot - {}
RESULT: {}
RESULT: {}
COMMAND: POST /session/17938e7f8541bcff555766d2bec8a2c8/actions - {"actions":[{"id":"action40","type":"key","parameters":{},"actions":[{"type":"keyDown","value":"î€‡"},{"type":"pause","duration":10},{"type":"keyUp","value":"î€‡"}]}]}
RESULT: {"actions":[{"id":"action40","type":"key","parameters":{},"actions":[{"type":"keyDown","value":"î€‡"},{"type":"pause","duration":10},{"type":"keyUp","value":"î€‡"}]}]}
COMMAND: GET /session/17938e7f8541bcff555766d2bec8a2c8/screenshot - {}
COMMAND: POST /session/17938e7f8541bcff555766d2bec8a2c8/actions - {"actions":[{"id":"action41","type":"key","parameters":{},"actions":[{"type":"keyDown","value":"î€‡"},{"type":"pause","duration":10},{"type":"keyUp","value":"î€‡"}]}]}
RESULT: {}
RESULT: {"actions":[{"id":"action41","type":"key","parameters":{},"actions":[{"type":"keyDown","value":"î€‡"},{"type":"pause","duration":10},{"type":"keyUp","value":"î€‡"}]}]}
COMMAND: GET /session/17938e7f8541bcff555766d2bec8a2c8/screenshot - {}
RESULT: {}
COMMAND: POST /session/17938e7f8541bcff555766d2bec8a2c8/element - {"using":"xpath","value":"(//button[@data-kt=\"saveButton\"])[2]"}
RESULT: {"using":"xpath","value":"(//button[@data-kt=\"saveButton\"])[2]"}
COMMAND: POST /session/17938e7f8541bcff555766d2bec8a2c8/element/f.0F1FAEEE2861019DFD6915B8D9C967AD.d.6EA8A192EFA128F3B7F105DC1B5DCE53.e.7619/click - {}
RESULT: {}
COMMAND: GET /session/17938e7f8541bcff555766d2bec8a2c8/screenshot - {}
RESULT: {}
]]></system-out>
    </testcase>
    <testcase classname="chrome.137_0_7151_56.windows.Standard_contract_close-reopen_US111278" name="It should close the contract" time="23.316">
      <system-out><![CDATA[
RESULT: undefined
COMMAND: POST /session/17938e7f8541bcff555766d2bec8a2c8/element - {"using":"xpath","value":"//*[@id=\"__xmlview64--closeContractBtn\"]"}
RESULT: {"using":"xpath","value":"//*[@id=\"__xmlview64--closeContractBtn\"]"}
COMMAND: POST /session/17938e7f8541bcff555766d2bec8a2c8/element/f.0F1FAEEE2861019DFD6915B8D9C967AD.d.6EA8A192EFA128F3B7F105DC1B5DCE53.e.7516/click - {}
RESULT: {}
COMMAND: GET /session/17938e7f8541bcff555766d2bec8a2c8/screenshot - {}
RESULT: {}
COMMAND: POST /session/17938e7f8541bcff555766d2bec8a2c8/element - {"using":"xpath","value":"//span[contains(text(), \"Do you want to close the whole contract?\")]"}
RESULT: {"using":"xpath","value":"//span[contains(text(), \"Do you want to close the whole contract?\")]"}
COMMAND: POST /session/17938e7f8541bcff555766d2bec8a2c8/execute/sync - {"script":"<script> [8489 bytes]","args":[{"element-6066-11e4-a52e-4f735466cecf":"f.0F1FAEEE2861019DFD6915B8D9C967AD.d.6EA8A192EFA128F3B7F105DC1B5DCE53.e.7623","ELEMENT":"f.0F1FAEEE2861019DFD6915B8D9C967AD.d.6EA8A192EFA128F3B7F105DC1B5DCE53.e.7623"}]}
RESULT: {"script":"<script> [8489 bytes]","args":[{"element-6066-11e4-a52e-4f735466cecf":"f.0F1FAEEE2861019DFD6915B8D9C967AD.d.6EA8A192EFA128F3B7F105DC1B5DCE53.e.7623","ELEMENT":"f.0F1FAEEE2861019DFD6915B8D9C967AD.d.6EA8A192EFA128F3B7F105DC1B5DCE53.e.7623"}]}
COMMAND: POST /session/17938e7f8541bcff555766d2bec8a2c8/element - {"using":"xpath","value":"//bdi[contains(text(), \"OK\")]"}
COMMAND: GET /session/17938e7f8541bcff555766d2bec8a2c8/screenshot - {}
RESULT: {"using":"xpath","value":"//bdi[contains(text(), \"OK\")]"}
COMMAND: POST /session/17938e7f8541bcff555766d2bec8a2c8/element/f.0F1FAEEE2861019DFD6915B8D9C967AD.d.6EA8A192EFA128F3B7F105DC1B5DCE53.e.7624/click - {}
RESULT: {}
RESULT: {}
COMMAND: GET /session/17938e7f8541bcff555766d2bec8a2c8/screenshot - {}
RESULT: {}
COMMAND: POST /session/17938e7f8541bcff555766d2bec8a2c8/element - {"using":"xpath","value":"//input[contains(@id ,\"smartContractFilterBar-btnBasicSearch-I\")]"}
RESULT: {"using":"xpath","value":"//input[contains(@id ,\"smartContractFilterBar-btnBasicSearch-I\")]"}
COMMAND: POST /session/17938e7f8541bcff555766d2bec8a2c8/element/f.0F1FAEEE2861019DFD6915B8D9C967AD.d.6EA8A192EFA128F3B7F105DC1B5DCE53.e.7118/clear - {}
RESULT: {}
COMMAND: POST /session/17938e7f8541bcff555766d2bec8a2c8/element/f.0F1FAEEE2861019DFD6915B8D9C967AD.d.6EA8A192EFA128F3B7F105DC1B5DCE53.e.7118/value - {"text":"10468"}
COMMAND: GET /session/17938e7f8541bcff555766d2bec8a2c8/screenshot - {}
RESULT: {"text":"10468"}
COMMAND: POST /session/17938e7f8541bcff555766d2bec8a2c8/actions - {"actions":[{"id":"action42","type":"key","parameters":{},"actions":[{"type":"keyDown","value":"î€‡"},{"type":"pause","duration":10},{"type":"keyUp","value":"î€‡"}]}]}
COMMAND: GET /session/17938e7f8541bcff555766d2bec8a2c8/screenshot - {}
RESULT: {}
RESULT: {"actions":[{"id":"action42","type":"key","parameters":{},"actions":[{"type":"keyDown","value":"î€‡"},{"type":"pause","duration":10},{"type":"keyUp","value":"î€‡"}]}]}
COMMAND: GET /session/17938e7f8541bcff555766d2bec8a2c8/screenshot - {}
RESULT: {}
RESULT: {}
COMMAND: POST /session/17938e7f8541bcff555766d2bec8a2c8/execute/async - {"script":"<script> [1562 bytes]","args":[{"selector":{"controlType":"sap.ui.core.Icon","viewName":"etm.portal.ui.managecontracts.view.Master","properties":{"src":{"regex":{"source":"slim\\-arrow\\-right"}}}},"wdio_ui5_key":"etmportal.ui.managecontracts.view.Mastersap.ui.core.Icon{\"src\":{\"regex\":{\"source\":\"slim\\\\-arrow\\\\-right\"}}}"}]}
RESULT: {"script":"<script> [1562 bytes]","args":[{"selector":{"controlType":"sap.ui.core.Icon","viewName":"etm.portal.ui.managecontracts.view.Master","properties":{"src":{"regex":{"source":"slim\\-arrow\\-right"}}}},"wdio_ui5_key":"etmportal.ui.managecontracts.view.Mastersap.ui.core.Icon{\"src\":{\"regex\":{\"source\":\"slim\\\\-arrow\\\\-right\"}}}"}]}
RESULT: undefined
COMMAND: POST /session/17938e7f8541bcff555766d2bec8a2c8/element - {"using":"xpath","value":"//*[@id=\"__item129-__clone10534-imgNav\"]"}
RESULT: {"using":"xpath","value":"//*[@id=\"__item129-__clone10534-imgNav\"]"}
COMMAND: POST /session/17938e7f8541bcff555766d2bec8a2c8/element/f.0F1FAEEE2861019DFD6915B8D9C967AD.d.6EA8A192EFA128F3B7F105DC1B5DCE53.e.7833/click - {}
RESULT: {}
COMMAND: POST /session/17938e7f8541bcff555766d2bec8a2c8/execute/async - {"script":"<script> [1562 bytes]","args":[{"selector":{"controlType":"sap.m.ObjectStatus","viewName":"etm.portal.ui.managecontracts.view.Detail","bindingPath":{"propertyPath":"LINK_TO_LOGISTICAL_STATUS/DESCRIPTION","modelName":"catalogModel"}},"wdio_ui5_key":"etmportal.ui.managecontracts.view.Detailsap.m.ObjectStatus{\"propertyPath\":\"LINK_TO_LOGISTICAL_STATUS/DESCRIPTION\",\"modelName\":\"catalogModel\"}"}]}
COMMAND: GET /session/17938e7f8541bcff555766d2bec8a2c8/screenshot - {}
RESULT: {"script":"<script> [1562 bytes]","args":[{"selector":{"controlType":"sap.m.ObjectStatus","viewName":"etm.portal.ui.managecontracts.view.Detail","bindingPath":{"propertyPath":"LINK_TO_LOGISTICAL_STATUS/DESCRIPTION","modelName":"catalogModel"}},"wdio_ui5_key":"etmportal.ui.managecontracts.view.Detailsap.m.ObjectStatus{\"propertyPath\":\"LINK_TO_LOGISTICAL_STATUS/DESCRIPTION\",\"modelName\":\"catalogModel\"}"}]}
RESULT: undefined
COMMAND: POST /session/17938e7f8541bcff555766d2bec8a2c8/execute/async - {"script":"<script> [6424 bytes]","args":[{"element-6066-11e4-a52e-4f735466cecf":"f.0F1FAEEE2861019DFD6915B8D9C967AD.d.6EA8A192EFA128F3B7F105DC1B5DCE53.e.7873"},"getText",[]]}
RESULT: {}
RESULT: {"script":"<script> [6424 bytes]","args":[{"element-6066-11e4-a52e-4f735466cecf":"f.0F1FAEEE2861019DFD6915B8D9C967AD.d.6EA8A192EFA128F3B7F105DC1B5DCE53.e.7873"},"getText",[]]}
]]></system-out>
    </testcase>
    <testcase classname="chrome.137_0_7151_56.windows.Standard_contract_close-reopen_US111278" name="Should reopen the contract" time="10.172">
      <system-out><![CDATA[
COMMAND: POST /session/17938e7f8541bcff555766d2bec8a2c8/execute/async - {"script":"<script> [1562 bytes]","args":[{"selector":{"id":"openContractBtn","viewName":"etm.portal.ui.managecontracts.view.Detail"},"wdio_ui5_key":"openContractBtnetmportal.ui.managecontracts.view.Detail"}]}
RESULT: {"script":"<script> [1562 bytes]","args":[{"selector":{"id":"openContractBtn","viewName":"etm.portal.ui.managecontracts.view.Detail"},"wdio_ui5_key":"openContractBtnetmportal.ui.managecontracts.view.Detail"}]}
RESULT: undefined
COMMAND: POST /session/17938e7f8541bcff555766d2bec8a2c8/execute/async - {"script":"<script> [6424 bytes]","args":[{"element-6066-11e4-a52e-4f735466cecf":"f.0F1FAEEE2861019DFD6915B8D9C967AD.d.6EA8A192EFA128F3B7F105DC1B5DCE53.e.7853"},"getEnabled",[]]}
RESULT: {"script":"<script> [6424 bytes]","args":[{"element-6066-11e4-a52e-4f735466cecf":"f.0F1FAEEE2861019DFD6915B8D9C967AD.d.6EA8A192EFA128F3B7F105DC1B5DCE53.e.7853"},"getEnabled",[]]}
COMMAND: POST /session/17938e7f8541bcff555766d2bec8a2c8/element - {"using":"xpath","value":"//bdi[contains(text(), \"Edit\")]"}
RESULT: {"using":"xpath","value":"//bdi[contains(text(), \"Edit\")]"}
COMMAND: POST /session/17938e7f8541bcff555766d2bec8a2c8/element - {"using":"xpath","value":"//bdi[contains(text(), \"Edit\")]"}
RESULT: undefined
COMMAND: POST /session/17938e7f8541bcff555766d2bec8a2c8/element - {"using":"xpath","value":"//*[@id=\"__xmlview64--openContractBtn\"]"}
RESULT: {"using":"xpath","value":"//*[@id=\"__xmlview64--openContractBtn\"]"}
COMMAND: POST /session/17938e7f8541bcff555766d2bec8a2c8/element/f.0F1FAEEE2861019DFD6915B8D9C967AD.d.6EA8A192EFA128F3B7F105DC1B5DCE53.e.7853/click - {}
RESULT: {"using":"xpath","value":"//bdi[contains(text(), \"Edit\")]"}
RESULT: {}
COMMAND: POST /session/17938e7f8541bcff555766d2bec8a2c8/execute/async - {"script":"<script> [1562 bytes]","args":[{"selector":{"controlType":"sap.m.Text","properties":{"text":"Contract has been reopened successfully"},"searchOpenDialogs":true},"wdio_ui5_key":"sapm.Text{\"text\":\"Contract has been reopened successfully\"}"}]}
COMMAND: GET /session/17938e7f8541bcff555766d2bec8a2c8/screenshot - {}
RESULT: {"script":"<script> [1562 bytes]","args":[{"selector":{"controlType":"sap.m.Text","properties":{"text":"Contract has been reopened successfully"},"searchOpenDialogs":true},"wdio_ui5_key":"sapm.Text{\"text\":\"Contract has been reopened successfully\"}"}]}
RESULT: undefined
COMMAND: POST /session/17938e7f8541bcff555766d2bec8a2c8/execute/async - {"script":"<script> [6424 bytes]","args":[{"element-6066-11e4-a52e-4f735466cecf":"f.0F1FAEEE2861019DFD6915B8D9C967AD.d.6EA8A192EFA128F3B7F105DC1B5DCE53.e.7876"},"getText",[]]}
RESULT: {}
RESULT: {"script":"<script> [6424 bytes]","args":[{"element-6066-11e4-a52e-4f735466cecf":"f.0F1FAEEE2861019DFD6915B8D9C967AD.d.6EA8A192EFA128F3B7F105DC1B5DCE53.e.7876"},"getText",[]]}
COMMAND: POST /session/17938e7f8541bcff555766d2bec8a2c8/element - {"using":"xpath","value":"//bdi[contains(text(), \"OK\")]"}
RESULT: {"using":"xpath","value":"//bdi[contains(text(), \"OK\")]"}
COMMAND: POST /session/17938e7f8541bcff555766d2bec8a2c8/element/f.0F1FAEEE2861019DFD6915B8D9C967AD.d.6EA8A192EFA128F3B7F105DC1B5DCE53.e.7877/click - {}
RESULT: {}
COMMAND: GET /session/17938e7f8541bcff555766d2bec8a2c8/screenshot - {}
RESULT: {}
COMMAND: POST /session/17938e7f8541bcff555766d2bec8a2c8/element - {"using":"xpath","value":"//bdi[contains(text(), \"Edit\")]"}
RESULT: undefined
COMMAND: POST /session/17938e7f8541bcff555766d2bec8a2c8/execute/async - {"script":"<script> [6424 bytes]","args":[{"element-6066-11e4-a52e-4f735466cecf":"f.0F1FAEEE2861019DFD6915B8D9C967AD.d.6EA8A192EFA128F3B7F105DC1B5DCE53.e.7516"},"getEnabled",[]]}
RESULT: {"using":"xpath","value":"//bdi[contains(text(), \"Edit\")]"}
COMMAND: POST /session/17938e7f8541bcff555766d2bec8a2c8/execute/sync - {"script":"<script> [8489 bytes]","args":[{"element-6066-11e4-a52e-4f735466cecf":"f.0F1FAEEE2861019DFD6915B8D9C967AD.d.6EA8A192EFA128F3B7F105DC1B5DCE53.e.7878","ELEMENT":"f.0F1FAEEE2861019DFD6915B8D9C967AD.d.6EA8A192EFA128F3B7F105DC1B5DCE53.e.7878"}]}
COMMAND: POST /session/17938e7f8541bcff555766d2bec8a2c8/execute/async - {"script":"<script> [1562 bytes]","args":[{"selector":{"id":"closeContractBtn","viewName":"etm.portal.ui.managecontracts.view.Detail"},"wdio_ui5_key":"closeContractBtnetmportal.ui.managecontracts.view.Detail"}]}
RESULT: {"script":"<script> [8489 bytes]","args":[{"element-6066-11e4-a52e-4f735466cecf":"f.0F1FAEEE2861019DFD6915B8D9C967AD.d.6EA8A192EFA128F3B7F105DC1B5DCE53.e.7878","ELEMENT":"f.0F1FAEEE2861019DFD6915B8D9C967AD.d.6EA8A192EFA128F3B7F105DC1B5DCE53.e.7878"}]}
COMMAND: GET /session/17938e7f8541bcff555766d2bec8a2c8/screenshot - {}
RESULT: {"script":"<script> [1562 bytes]","args":[{"selector":{"id":"closeContractBtn","viewName":"etm.portal.ui.managecontracts.view.Detail"},"wdio_ui5_key":"closeContractBtnetmportal.ui.managecontracts.view.Detail"}]}
COMMAND: POST /session/17938e7f8541bcff555766d2bec8a2c8/execute/async - {"script":"<script> [6424 bytes]","args":[{"element-6066-11e4-a52e-4f735466cecf":"f.0F1FAEEE2861019DFD6915B8D9C967AD.d.6EA8A192EFA128F3B7F105DC1B5DCE53.e.7879"},"getEnabled",[]]}
RESULT: {}
RESULT: {"script":"<script> [6424 bytes]","args":[{"element-6066-11e4-a52e-4f735466cecf":"f.0F1FAEEE2861019DFD6915B8D9C967AD.d.6EA8A192EFA128F3B7F105DC1B5DCE53.e.7879"},"getEnabled",[]]}
]]></system-out>
    </testcase>
    <testcase classname="chrome.137_0_7151_56.windows.Standard_contract_close-reopen_US111278" name="Should verify for multiple statuses that open button is not visible" time="67.177">
      <system-out><![CDATA[
COMMAND: POST /session/17938e7f8541bcff555766d2bec8a2c8/execute/async - {"script":"<script> [1562 bytes]","args":[{"selector":{"controlType":"sap.ui.core.Icon","viewName":"etm.portal.ui.managecontracts.view.Detail","properties":{"src":{"regex":{"source":"decline"}}}},"wdio_ui5_key":"etmportal.ui.managecontracts.view.Detailsap.ui.core.Icon{\"src\":{\"regex\":{\"source\":\"decline\"}}}"}]}
RESULT: {"script":"<script> [1562 bytes]","args":[{"selector":{"controlType":"sap.ui.core.Icon","viewName":"etm.portal.ui.managecontracts.view.Detail","properties":{"src":{"regex":{"source":"decline"}}}},"wdio_ui5_key":"etmportal.ui.managecontracts.view.Detailsap.ui.core.Icon{\"src\":{\"regex\":{\"source\":\"decline\"}}}"}]}
RESULT: undefined
COMMAND: POST /session/17938e7f8541bcff555766d2bec8a2c8/element - {"using":"xpath","value":"//*[@id=\"__xmlview64--closeColumnBtn-img\"]"}
RESULT: {"using":"xpath","value":"//*[@id=\"__xmlview64--closeColumnBtn-img\"]"}
COMMAND: POST /session/17938e7f8541bcff555766d2bec8a2c8/element/f.0F1FAEEE2861019DFD6915B8D9C967AD.d.6EA8A192EFA128F3B7F105DC1B5DCE53.e.7850/click - {}
RESULT: {}
COMMAND: GET /session/17938e7f8541bcff555766d2bec8a2c8/screenshot - {}
COMMAND: POST /session/17938e7f8541bcff555766d2bec8a2c8/element - {"using":"xpath","value":"//div[contains(@id ,\"smartContractFilterBar-btnBasicSearch-reset\")]"}
RESULT: {}
RESULT: {"using":"xpath","value":"//div[contains(@id ,\"smartContractFilterBar-btnBasicSearch-reset\")]"}
COMMAND: POST /session/17938e7f8541bcff555766d2bec8a2c8/element/f.0F1FAEEE2861019DFD6915B8D9C967AD.d.6EA8A192EFA128F3B7F105DC1B5DCE53.e.7888/click - {}
RESULT: {}
COMMAND: GET /session/17938e7f8541bcff555766d2bec8a2c8/screenshot - {}
COMMAND: POST /session/17938e7f8541bcff555766d2bec8a2c8/execute/async - {"script":"<script> [1562 bytes]","args":[{"selector":{"controlType":"sap.ui.core.Icon","viewName":"etm.portal.ui.managecontracts.view.Master","properties":{"src":{"regex":{"source":"slim\\-arrow\\-down"}}},"ancestor":{"id":"smartContractStatusFilter","viewName":"etm.portal.ui.managecontracts.view.Master"}},"wdio_ui5_key":"etmportal.ui.managecontracts.view.Mastersap.ui.core.Icon{\"src\":{\"regex\":{\"source\":\"slim\\\\-arrow\\\\-down\"}}}{\"id\":\"smartContractStatusFilter\",\"viewName\":\"etm.portal.ui.managecontracts.view.Master\"}"}]}
RESULT: {}
RESULT: {"script":"<script> [1562 bytes]","args":[{"selector":{"controlType":"sap.ui.core.Icon","viewName":"etm.portal.ui.managecontracts.view.Master","properties":{"src":{"regex":{"source":"slim\\-arrow\\-down"}}},"ancestor":{"id":"smartContractStatusFilter","viewName":"etm.portal.ui.managecontracts.view.Master"}},"wdio_ui5_key":"etmportal.ui.managecontracts.view.Mastersap.ui.core.Icon{\"src\":{\"regex\":{\"source\":\"slim\\\\-arrow\\\\-down\"}}}{\"id\":\"smartContractStatusFilter\",\"viewName\":\"etm.portal.ui.managecontracts.view.Master\"}"}]}
RESULT: undefined
COMMAND: POST /session/17938e7f8541bcff555766d2bec8a2c8/element - {"using":"xpath","value":"//*[@id=\"__xmlview63--smartContractStatusFilter-arrow\"]"}
RESULT: {"using":"xpath","value":"//*[@id=\"__xmlview63--smartContractStatusFilter-arrow\"]"}
COMMAND: POST /session/17938e7f8541bcff555766d2bec8a2c8/element/f.0F1FAEEE2861019DFD6915B8D9C967AD.d.6EA8A192EFA128F3B7F105DC1B5DCE53.e.7930/click - {}
RESULT: {}
COMMAND: POST /session/17938e7f8541bcff555766d2bec8a2c8/execute/async - {"script":"<script> [1562 bytes]","args":[{"selector":{"controlType":"sap.m.CheckBox","viewName":"etm.portal.ui.managecontracts.view.Master","properties":{"editable":true},"searchOpenDialogs":true,"ancestor":{"controlType":"sap.m.StandardListItem","viewName":"etm.portal.ui.managecontracts.view.Master","properties":{"title":"partial provided"},"searchOpenDialogs":true},"interaction":{"idSuffix":"CbBg"}},"wdio_ui5_key":"etmportal.ui.managecontracts.view.Mastersap.m.CheckBox{\"editable\":true}{\"controlType\":\"sap.m.StandardListItem\",\"viewName\":\"etm.portal.ui.managecontracts.view.Master\",\"properties\":{\"title\":\"partial provided\"},\"searchOpenDialogs\":true}"}]}
COMMAND: GET /session/17938e7f8541bcff555766d2bec8a2c8/screenshot - {}
RESULT: {"script":"<script> [1562 bytes]","args":[{"selector":{"controlType":"sap.m.CheckBox","viewName":"etm.portal.ui.managecontracts.view.Master","properties":{"editable":true},"searchOpenDialogs":true,"ancestor":{"controlType":"sap.m.StandardListItem","viewName":"etm.portal.ui.managecontracts.view.Master","properties":{"title":"partial provided"},"searchOpenDialogs":true},"interaction":{"idSuffix":"CbBg"}},"wdio_ui5_key":"etmportal.ui.managecontracts.view.Mastersap.m.CheckBox{\"editable\":true}{\"controlType\":\"sap.m.StandardListItem\",\"viewName\":\"etm.portal.ui.managecontracts.view.Master\",\"properties\":{\"title\":\"partial provided\"},\"searchOpenDialogs\":true}"}]}
RESULT: undefined
COMMAND: POST /session/17938e7f8541bcff555766d2bec8a2c8/element - {"using":"xpath","value":"//*[@id=\"__item3299-selectMulti\"]"}
RESULT: {}
RESULT: {"using":"xpath","value":"//*[@id=\"__item3299-selectMulti\"]"}
COMMAND: POST /session/17938e7f8541bcff555766d2bec8a2c8/element/f.0F1FAEEE2861019DFD6915B8D9C967AD.d.6EA8A192EFA128F3B7F105DC1B5DCE53.e.7939/click - {}
RESULT: {}
COMMAND: GET /session/17938e7f8541bcff555766d2bec8a2c8/screenshot - {}
RESULT: {}
COMMAND: POST /session/17938e7f8541bcff555766d2bec8a2c8/element - {"using":"xpath","value":"(//span[contains(@title ,\"Navigation\")])[2]"}
RESULT: {"using":"xpath","value":"(//span[contains(@title ,\"Navigation\")])[2]"}
COMMAND: POST /session/17938e7f8541bcff555766d2bec8a2c8/element/f.0F1FAEEE2861019DFD6915B8D9C967AD.d.6EA8A192EFA128F3B7F105DC1B5DCE53.e.7970/click - {}
RESULT: {}
COMMAND: GET /session/17938e7f8541bcff555766d2bec8a2c8/screenshot - {}
RESULT: {}
COMMAND: POST /session/17938e7f8541bcff555766d2bec8a2c8/element - {"using":"xpath","value":"//bdi[contains(@id ,\"closeContractBtn-BDI-content\")]"}
RESULT: {"using":"xpath","value":"//bdi[contains(@id ,\"closeContractBtn-BDI-content\")]"}
COMMAND: POST /session/17938e7f8541bcff555766d2bec8a2c8/execute/sync - {"script":"<script> [8489 bytes]","args":[{"element-6066-11e4-a52e-4f735466cecf":"f.0F1FAEEE2861019DFD6915B8D9C967AD.d.6EA8A192EFA128F3B7F105DC1B5DCE53.e.8163","ELEMENT":"f.0F1FAEEE2861019DFD6915B8D9C967AD.d.6EA8A192EFA128F3B7F105DC1B5DCE53.e.8163"}]}
RESULT: undefined
COMMAND: POST /session/17938e7f8541bcff555766d2bec8a2c8/element - {"using":"xpath","value":"//*[@id=\"__xmlview64--closeColumnBtn-img\"]"}
RESULT: {"script":"<script> [8489 bytes]","args":[{"element-6066-11e4-a52e-4f735466cecf":"f.0F1FAEEE2861019DFD6915B8D9C967AD.d.6EA8A192EFA128F3B7F105DC1B5DCE53.e.8163","ELEMENT":"f.0F1FAEEE2861019DFD6915B8D9C967AD.d.6EA8A192EFA128F3B7F105DC1B5DCE53.e.8163"}]}
COMMAND: GET /session/17938e7f8541bcff555766d2bec8a2c8/screenshot - {}
RESULT: {"using":"xpath","value":"//*[@id=\"__xmlview64--closeColumnBtn-img\"]"}
COMMAND: POST /session/17938e7f8541bcff555766d2bec8a2c8/element/f.0F1FAEEE2861019DFD6915B8D9C967AD.d.6EA8A192EFA128F3B7F105DC1B5DCE53.e.7850/click - {}
RESULT: {}
COMMAND: POST /session/17938e7f8541bcff555766d2bec8a2c8/execute/sync - {"script":"<script> [8489 bytes]","args":[{"element-6066-11e4-a52e-4f735466cecf":"f.0F1FAEEE2861019DFD6915B8D9C967AD.d.6EA8A192EFA128F3B7F105DC1B5DCE53.e.8163","ELEMENT":"f.0F1FAEEE2861019DFD6915B8D9C967AD.d.6EA8A192EFA128F3B7F105DC1B5DCE53.e.8163"}]}
RESULT: {}
COMMAND: GET /session/17938e7f8541bcff555766d2bec8a2c8/screenshot - {}
RESULT: {"script":"<script> [8489 bytes]","args":[{"element-6066-11e4-a52e-4f735466cecf":"f.0F1FAEEE2861019DFD6915B8D9C967AD.d.6EA8A192EFA128F3B7F105DC1B5DCE53.e.8163","ELEMENT":"f.0F1FAEEE2861019DFD6915B8D9C967AD.d.6EA8A192EFA128F3B7F105DC1B5DCE53.e.8163"}]}
COMMAND: GET /session/17938e7f8541bcff555766d2bec8a2c8/screenshot - {}
COMMAND: POST /session/17938e7f8541bcff555766d2bec8a2c8/execute/sync - {"script":"<script> [8489 bytes]","args":[{"element-6066-11e4-a52e-4f735466cecf":"f.0F1FAEEE2861019DFD6915B8D9C967AD.d.6EA8A192EFA128F3B7F105DC1B5DCE53.e.8163","ELEMENT":"f.0F1FAEEE2861019DFD6915B8D9C967AD.d.6EA8A192EFA128F3B7F105DC1B5DCE53.e.8163"}]}
COMMAND: POST /session/17938e7f8541bcff555766d2bec8a2c8/refresh - {}
RESULT: {}
RESULT: {}
RESULT: {"script":"<script> [8489 bytes]","args":[{"element-6066-11e4-a52e-4f735466cecf":"f.0F1FAEEE2861019DFD6915B8D9C967AD.d.6EA8A192EFA128F3B7F105DC1B5DCE53.e.8163","ELEMENT":"f.0F1FAEEE2861019DFD6915B8D9C967AD.d.6EA8A192EFA128F3B7F105DC1B5DCE53.e.8163"}]}
COMMAND: GET /session/17938e7f8541bcff555766d2bec8a2c8/screenshot - {}
RESULT: {}
COMMAND: GET /session/17938e7f8541bcff555766d2bec8a2c8/screenshot - {}
RESULT: {}
RESULT: {}
COMMAND: POST /session/17938e7f8541bcff555766d2bec8a2c8/execute/async - {"script":"<script> [189 bytes]","args":[]}
RESULT: {"script":"<script> [189 bytes]","args":[]}
COMMAND: POST /session/17938e7f8541bcff555766d2bec8a2c8/execute/async - {"script":"<script> [123 bytes]","args":[]}
RESULT: {"script":"<script> [123 bytes]","args":[]}
COMMAND: POST /session/17938e7f8541bcff555766d2bec8a2c8/timeouts - {"script":"<number>"}
RESULT: {"script":"<number>"}
COMMAND: GET /session/17938e7f8541bcff555766d2bec8a2c8/timeouts - {}
RESULT: {}
RESULT: undefined
COMMAND: POST /session/17938e7f8541bcff555766d2bec8a2c8/execute/async - {"script":"<script> [2676 bytes]","args":[]}
RESULT: {"script":"<script> [2676 bytes]","args":[]}
COMMAND: POST /session/17938e7f8541bcff555766d2bec8a2c8/execute/async - {"script":"<script> [2342 bytes]","args":[{"protocol":"http","hostname":"0.0.0.0","path":"/","capabilities":{"browserName":"chrome","goog:chromeOptions":{"binary":"C:\\Program Files\\Google\\Chrome\\Application\\chrome.exe","args":["--start-maximized"]}},"logLevel":"warn","connectionRetryTimeout":120000,"connectionRetryCount":3,"logLevels":{},"enableDirectConnect":true,"strictSSL":true,"_":"65 more keys: [\"cacheDir\",\"port\",\"requestedCapabilities\",\"automationProtocol\",\"baseUrl\",\"waitforInterval\",\"waitforTimeout\",\"onReload\",\"beforeCommand\",\"afterCommand\",\"rootDir\",\"specs\",\"suites\",\"exclude\",\"groupLogsByTestSpec\",\"excludeDriverLogs\",\"bail\",\"framework\",\"reporters\",\"services\",\"maxInstances\",\"maxInstancesPerCapability\",\"injectGlobals\",\"filesToWatch\",\"execArgv\",\"runnerEnv\",\"runner\",\"shard\",\"specFileRetries\",\"specFileRetriesDelay\",\"specFileRetriesDeferred\",\"reporterSyncInterval\",\"reporterSyncTimeout\",\"cucumberFeaturesWithLineNumbers\",\"autoCompileOpts\",\"mochaOpts\",\"jasmineOpts\",\"cucumberOpts\",\"onPrepare\",\"onWorkerStart\",\"onWorkerEnd\",\"before\",\"beforeSession\",\"beforeSuite\",\"beforeHook\",\"beforeTest\",\"afterTest\",\"afterHook\",\"afterSuite\",\"afterSession\",\"after\",\"onComplete\",\"beforeAssertion\",\"afterAssertion\",\"beforeFeature\",\"beforeScenario\",\"beforeStep\",\"afterStep\",\"afterScenario\",\"afterFeature\",\"_\",\"suite\",\"$0\",\"ignoredWorkerServices\",\"wdi5\"]"}]}
RESULT: {"script":"<script> [2342 bytes]","args":[{"protocol":"http","hostname":"0.0.0.0","path":"/","capabilities":{"browserName":"chrome","goog:chromeOptions":{"binary":"C:\\Program Files\\Google\\Chrome\\Application\\chrome.exe","args":["--start-maximized"]}},"logLevel":"warn","connectionRetryTimeout":120000,"connectionRetryCount":3,"logLevels":{},"enableDirectConnect":true,"strictSSL":true,"_":"65 more keys: [\"cacheDir\",\"port\",\"requestedCapabilities\",\"automationProtocol\",\"baseUrl\",\"waitforInterval\",\"waitforTimeout\",\"onReload\",\"beforeCommand\",\"afterCommand\",\"rootDir\",\"specs\",\"suites\",\"exclude\",\"groupLogsByTestSpec\",\"excludeDriverLogs\",\"bail\",\"framework\",\"reporters\",\"services\",\"maxInstances\",\"maxInstancesPerCapability\",\"injectGlobals\",\"filesToWatch\",\"execArgv\",\"runnerEnv\",\"runner\",\"shard\",\"specFileRetries\",\"specFileRetriesDelay\",\"specFileRetriesDeferred\",\"reporterSyncInterval\",\"reporterSyncTimeout\",\"cucumberFeaturesWithLineNumbers\",\"autoCompileOpts\",\"mochaOpts\",\"jasmineOpts\",\"cucumberOpts\",\"onPrepare\",\"onWorkerStart\",\"onWorkerEnd\",\"before\",\"beforeSession\",\"beforeSuite\",\"beforeHook\",\"beforeTest\",\"afterTest\",\"afterHook\",\"afterSuite\",\"afterSession\",\"after\",\"onComplete\",\"beforeAssertion\",\"afterAssertion\",\"beforeFeature\",\"beforeScenario\",\"beforeStep\",\"afterStep\",\"afterScenario\",\"afterFeature\",\"_\",\"suite\",\"$0\",\"ignoredWorkerServices\",\"wdi5\"]"}]}
COMMAND: POST /session/17938e7f8541bcff555766d2bec8a2c8/execute/async - {"script":"<script> [21126 bytes]","args":[35000]}
RESULT: {"script":"<script> [21126 bytes]","args":[35000]}
COMMAND: POST /session/17938e7f8541bcff555766d2bec8a2c8/execute/async - {"script":"<script> [1562 bytes]","args":[{"selector":{"controlType":"sap.ui.core.Icon","viewName":"etm.portal.ui.managecontracts.view.Master","properties":{"src":{"regex":{"source":"slim\\-arrow\\-down"}}},"ancestor":{"id":"smartContractStatusFilter","viewName":"etm.portal.ui.managecontracts.view.Master"}},"wdio_ui5_key":"etmportal.ui.managecontracts.view.Mastersap.ui.core.Icon{\"src\":{\"regex\":{\"source\":\"slim\\\\-arrow\\\\-down\"}}}{\"id\":\"smartContractStatusFilter\",\"viewName\":\"etm.portal.ui.managecontracts.view.Master\"}"}]}
RESULT: {"script":"<script> [1562 bytes]","args":[{"selector":{"controlType":"sap.ui.core.Icon","viewName":"etm.portal.ui.managecontracts.view.Master","properties":{"src":{"regex":{"source":"slim\\-arrow\\-down"}}},"ancestor":{"id":"smartContractStatusFilter","viewName":"etm.portal.ui.managecontracts.view.Master"}},"wdio_ui5_key":"etmportal.ui.managecontracts.view.Mastersap.ui.core.Icon{\"src\":{\"regex\":{\"source\":\"slim\\\\-arrow\\\\-down\"}}}{\"id\":\"smartContractStatusFilter\",\"viewName\":\"etm.portal.ui.managecontracts.view.Master\"}"}]}
RESULT: undefined
COMMAND: POST /session/17938e7f8541bcff555766d2bec8a2c8/element - {"using":"xpath","value":"//*[@id=\"__xmlview0--smartContractStatusFilter-arrow\"]"}
RESULT: {"using":"xpath","value":"//*[@id=\"__xmlview0--smartContractStatusFilter-arrow\"]"}
COMMAND: POST /session/17938e7f8541bcff555766d2bec8a2c8/element/f.0F1FAEEE2861019DFD6915B8D9C967AD.d.07879A7A5E4B9817CCC3B46F4F59B253.e.8345/click - {}
RESULT: {}
COMMAND: GET /session/17938e7f8541bcff555766d2bec8a2c8/screenshot - {}
RESULT: {}
COMMAND: POST /session/17938e7f8541bcff555766d2bec8a2c8/execute/async - {"script":"<script> [1562 bytes]","args":[{"selector":{"controlType":"sap.m.CheckBox","viewName":"etm.portal.ui.managecontracts.view.Master","properties":{"editable":true},"searchOpenDialogs":true,"ancestor":{"controlType":"sap.m.StandardListItem","viewName":"etm.portal.ui.managecontracts.view.Master","properties":{"title":"partial billed"},"searchOpenDialogs":true},"interaction":{"idSuffix":"CbBg"}},"wdio_ui5_key":"etmportal.ui.managecontracts.view.Mastersap.m.CheckBox{\"editable\":true}{\"controlType\":\"sap.m.StandardListItem\",\"viewName\":\"etm.portal.ui.managecontracts.view.Master\",\"properties\":{\"title\":\"partial billed\"},\"searchOpenDialogs\":true}"}]}
RESULT: {"script":"<script> [1562 bytes]","args":[{"selector":{"controlType":"sap.m.CheckBox","viewName":"etm.portal.ui.managecontracts.view.Master","properties":{"editable":true},"searchOpenDialogs":true,"ancestor":{"controlType":"sap.m.StandardListItem","viewName":"etm.portal.ui.managecontracts.view.Master","properties":{"title":"partial billed"},"searchOpenDialogs":true},"interaction":{"idSuffix":"CbBg"}},"wdio_ui5_key":"etmportal.ui.managecontracts.view.Mastersap.m.CheckBox{\"editable\":true}{\"controlType\":\"sap.m.StandardListItem\",\"viewName\":\"etm.portal.ui.managecontracts.view.Master\",\"properties\":{\"title\":\"partial billed\"},\"searchOpenDialogs\":true}"}]}
RESULT: undefined
COMMAND: POST /session/17938e7f8541bcff555766d2bec8a2c8/element - {"using":"xpath","value":"//*[@id=\"__item41-selectMulti\"]"}
RESULT: {"using":"xpath","value":"//*[@id=\"__item41-selectMulti\"]"}
COMMAND: POST /session/17938e7f8541bcff555766d2bec8a2c8/element/f.0F1FAEEE2861019DFD6915B8D9C967AD.d.07879A7A5E4B9817CCC3B46F4F59B253.e.8354/click - {}
RESULT: {}
COMMAND: GET /session/17938e7f8541bcff555766d2bec8a2c8/screenshot - {}
RESULT: {}
COMMAND: POST /session/17938e7f8541bcff555766d2bec8a2c8/element - {"using":"xpath","value":"(//span[contains(@title ,\"Navigation\")])[2]"}
RESULT: {"using":"xpath","value":"(//span[contains(@title ,\"Navigation\")])[2]"}
COMMAND: POST /session/17938e7f8541bcff555766d2bec8a2c8/element/f.0F1FAEEE2861019DFD6915B8D9C967AD.d.07879A7A5E4B9817CCC3B46F4F59B253.e.8381/click - {}
RESULT: {}
COMMAND: GET /session/17938e7f8541bcff555766d2bec8a2c8/screenshot - {}
RESULT: {}
COMMAND: POST /session/17938e7f8541bcff555766d2bec8a2c8/execute/sync - {"script":"<script> [8489 bytes]","args":[{"element-6066-11e4-a52e-4f735466cecf":"f.0F1FAEEE2861019DFD6915B8D9C967AD.d.6EA8A192EFA128F3B7F105DC1B5DCE53.e.8163","ELEMENT":"f.0F1FAEEE2861019DFD6915B8D9C967AD.d.6EA8A192EFA128F3B7F105DC1B5DCE53.e.8163"}]}
COMMAND: POST /session/17938e7f8541bcff555766d2bec8a2c8/element - {"using":"css selector","value":"#shell-header-logo"}
COMMAND: POST /session/17938e7f8541bcff555766d2bec8a2c8/element - {"using":"xpath","value":"//bdi[contains(@id ,\"closeContractBtn-BDI-content\")]"}
RESULT: {"using":"css selector","value":"#shell-header-logo"}
COMMAND: POST /session/17938e7f8541bcff555766d2bec8a2c8/element/f.0F1FAEEE2861019DFD6915B8D9C967AD.d.07879A7A5E4B9817CCC3B46F4F59B253.e.8283/click - {}
RESULT: {"using":"xpath","value":"//bdi[contains(@id ,\"closeContractBtn-BDI-content\")]"}
COMMAND: POST /session/17938e7f8541bcff555766d2bec8a2c8/execute/sync - {"script":"<script> [8489 bytes]","args":[{"element-6066-11e4-a52e-4f735466cecf":"f.0F1FAEEE2861019DFD6915B8D9C967AD.d.07879A7A5E4B9817CCC3B46F4F59B253.e.8747","ELEMENT":"f.0F1FAEEE2861019DFD6915B8D9C967AD.d.07879A7A5E4B9817CCC3B46F4F59B253.e.8747"}]}
RESULT: {}
COMMAND: GET /session/17938e7f8541bcff555766d2bec8a2c8/screenshot - {}
COMMAND: POST /session/17938e7f8541bcff555766d2bec8a2c8/execute/sync - {"script":"<script> [8489 bytes]","args":[{"element-6066-11e4-a52e-4f735466cecf":"f.0F1FAEEE2861019DFD6915B8D9C967AD.d.07879A7A5E4B9817CCC3B46F4F59B253.e.8747","ELEMENT":"f.0F1FAEEE2861019DFD6915B8D9C967AD.d.07879A7A5E4B9817CCC3B46F4F59B253.e.8747"}]}
RESULT: {}
COMMAND: POST /session/17938e7f8541bcff555766d2bec8a2c8/element - {"using":"xpath","value":"//bdi[contains(@id ,\"closeContractBtn-BDI-content\")]"}
RESULT: {"using":"xpath","value":"//bdi[contains(@id ,\"closeContractBtn-BDI-content\")]"}
COMMAND: POST /session/17938e7f8541bcff555766d2bec8a2c8/element - {"using":"xpath","value":"//bdi[contains(@id ,\"closeContractBtn-BDI-content\")]"}
RESULT: {"using":"xpath","value":"//bdi[contains(@id ,\"closeContractBtn-BDI-content\")]"}
]]></system-out>
    </testcase>
  </testsuite>
  <testsuite timestamp="2025-06-05T18:12:17" time="57.276" tests="1" failures="0" errors="0" skipped="0">
    <properties>
      <property name="specId" value="0" />
      <property name="suiteName" value="Standard contract decline US151279" />
      <property name="capabilities" value="chrome.137_0_7151_56.windows" />
      <property name="file" value="file:///D:/a/1/s/test/specs/R2C/standard-contract-decline.spec.js" />
    </properties>
    <testcase classname="chrome.137_0_7151_56.windows.Standard_contract_decline_US151279" name="Should decline a contract" time="51.714">
      <system-out><![CDATA[
COMMAND: POST /session/17938e7f8541bcff555766d2bec8a2c8/execute/async - {"script":"<script> [1562 bytes]","args":[{"selector":{"controlType":"sap.m.GenericTile","properties":{"header":"Manage Contracts"}},"wdio_ui5_key":"sapm.GenericTile{\"header\":\"Manage Contracts\"}"}]}
RESULT: {"script":"<script> [1562 bytes]","args":[{"selector":{"controlType":"sap.m.GenericTile","properties":{"header":"Manage Contracts"}},"wdio_ui5_key":"sapm.GenericTile{\"header\":\"Manage Contracts\"}"}]}
RESULT: undefined
COMMAND: POST /session/17938e7f8541bcff555766d2bec8a2c8/element - {"using":"xpath","value":"//*[@id=\"__tile132\"]"}
RESULT: {"using":"xpath","value":"//*[@id=\"__tile132\"]"}
COMMAND: POST /session/17938e7f8541bcff555766d2bec8a2c8/element/f.0F1FAEEE2861019DFD6915B8D9C967AD.d.07879A7A5E4B9817CCC3B46F4F59B253.e.8761/click - {}
COMMAND: POST /session/17938e7f8541bcff555766d2bec8a2c8/element - {"using":"xpath","value":"//input[contains(@id ,\"smartContractFilterBar-btnBasicSearch-I\")]"}
RESULT: {}
COMMAND: GET /session/17938e7f8541bcff555766d2bec8a2c8/screenshot - {}
RESULT: {"using":"xpath","value":"//input[contains(@id ,\"smartContractFilterBar-btnBasicSearch-I\")]"}
COMMAND: POST /session/17938e7f8541bcff555766d2bec8a2c8/element/f.0F1FAEEE2861019DFD6915B8D9C967AD.d.07879A7A5E4B9817CCC3B46F4F59B253.e.8767/clear - {}
RESULT: {}
RESULT: {}
COMMAND: POST /session/17938e7f8541bcff555766d2bec8a2c8/element/f.0F1FAEEE2861019DFD6915B8D9C967AD.d.07879A7A5E4B9817CCC3B46F4F59B253.e.8767/value - {"text":"10468"}
COMMAND: GET /session/17938e7f8541bcff555766d2bec8a2c8/screenshot - {}
RESULT: {"text":"10468"}
COMMAND: POST /session/17938e7f8541bcff555766d2bec8a2c8/actions - {"actions":[{"id":"action43","type":"key","parameters":{},"actions":[{"type":"keyDown","value":"î€‡"},{"type":"pause","duration":10},{"type":"keyUp","value":"î€‡"}]}]}
COMMAND: GET /session/17938e7f8541bcff555766d2bec8a2c8/screenshot - {}
RESULT: {}
RESULT: {"actions":[{"id":"action43","type":"key","parameters":{},"actions":[{"type":"keyDown","value":"î€‡"},{"type":"pause","duration":10},{"type":"keyUp","value":"î€‡"}]}]}
COMMAND: GET /session/17938e7f8541bcff555766d2bec8a2c8/screenshot - {}
RESULT: {}
RESULT: {}
COMMAND: POST /session/17938e7f8541bcff555766d2bec8a2c8/execute/async - {"script":"<script> [1562 bytes]","args":[{"selector":{"controlType":"sap.ui.core.Icon","viewName":"etm.portal.ui.managecontracts.view.Master","properties":{"src":{"regex":{"source":"slim\\-arrow\\-right"}}}},"wdio_ui5_key":"etmportal.ui.managecontracts.view.Mastersap.ui.core.Icon{\"src\":{\"regex\":{\"source\":\"slim\\\\-arrow\\\\-right\"}}}"}]}
RESULT: {"script":"<script> [1562 bytes]","args":[{"selector":{"controlType":"sap.ui.core.Icon","viewName":"etm.portal.ui.managecontracts.view.Master","properties":{"src":{"regex":{"source":"slim\\-arrow\\-right"}}}},"wdio_ui5_key":"etmportal.ui.managecontracts.view.Mastersap.ui.core.Icon{\"src\":{\"regex\":{\"source\":\"slim\\\\-arrow\\\\-right\"}}}"}]}
RESULT: undefined
COMMAND: POST /session/17938e7f8541bcff555766d2bec8a2c8/element - {"using":"xpath","value":"//*[@id=\"__item77-__clone243-imgNav\"]"}
RESULT: {"using":"xpath","value":"//*[@id=\"__item77-__clone243-imgNav\"]"}
COMMAND: POST /session/17938e7f8541bcff555766d2bec8a2c8/element/f.0F1FAEEE2861019DFD6915B8D9C967AD.d.07879A7A5E4B9817CCC3B46F4F59B253.e.8860/click - {}
RESULT: {}
COMMAND: GET /session/17938e7f8541bcff555766d2bec8a2c8/screenshot - {}
COMMAND: POST /session/17938e7f8541bcff555766d2bec8a2c8/elements - {"using":"xpath","value":"//span[text()='Error']"}
RESULT: {}
RESULT: {"using":"xpath","value":"//span[text()='Error']"}
COMMAND: POST /session/17938e7f8541bcff555766d2bec8a2c8/execute/async - {"script":"<script> [1562 bytes]","args":[{"selector":{"id":"cancelContractBtn","viewName":"etm.portal.ui.managecontracts.view.Detail","interaction":{"idSuffix":"BDI-content"}},"wdio_ui5_key":"cancelContractBtnetmportal.ui.managecontracts.view.Detail"}]}
RESULT: {"script":"<script> [1562 bytes]","args":[{"selector":{"id":"cancelContractBtn","viewName":"etm.portal.ui.managecontracts.view.Detail","interaction":{"idSuffix":"BDI-content"}},"wdio_ui5_key":"cancelContractBtnetmportal.ui.managecontracts.view.Detail"}]}
RESULT: undefined
COMMAND: POST /session/17938e7f8541bcff555766d2bec8a2c8/element - {"using":"xpath","value":"//*[@id=\"__xmlview61--cancelContractBtn\"]"}
RESULT: {"using":"xpath","value":"//*[@id=\"__xmlview61--cancelContractBtn\"]"}
COMMAND: POST /session/17938e7f8541bcff555766d2bec8a2c8/element/f.0F1FAEEE2861019DFD6915B8D9C967AD.d.07879A7A5E4B9817CCC3B46F4F59B253.e.8995/click - {}
RESULT: {}
COMMAND: GET /session/17938e7f8541bcff555766d2bec8a2c8/screenshot - {}
RESULT: {}
COMMAND: POST /session/17938e7f8541bcff555766d2bec8a2c8/execute/async - {"script":"<script> [1562 bytes]","args":[{"selector":{"controlType":"sap.m.Text","properties":{"text":"Do you want to cancel the whole contract?"},"searchOpenDialogs":true},"wdio_ui5_key":"sapm.Text{\"text\":\"Do you want to cancel the whole contract?\"}"}]}
RESULT: {"script":"<script> [1562 bytes]","args":[{"selector":{"controlType":"sap.m.Text","properties":{"text":"Do you want to cancel the whole contract?"},"searchOpenDialogs":true},"wdio_ui5_key":"sapm.Text{\"text\":\"Do you want to cancel the whole contract?\"}"}]}
RESULT: undefined
COMMAND: POST /session/17938e7f8541bcff555766d2bec8a2c8/execute/async - {"script":"<script> [6424 bytes]","args":[{"element-6066-11e4-a52e-4f735466cecf":"f.0F1FAEEE2861019DFD6915B8D9C967AD.d.07879A7A5E4B9817CCC3B46F4F59B253.e.9028"},"getText",[]]}
RESULT: {"script":"<script> [6424 bytes]","args":[{"element-6066-11e4-a52e-4f735466cecf":"f.0F1FAEEE2861019DFD6915B8D9C967AD.d.07879A7A5E4B9817CCC3B46F4F59B253.e.9028"},"getText",[]]}
COMMAND: POST /session/17938e7f8541bcff555766d2bec8a2c8/element - {"using":"xpath","value":"//bdi[contains(text(), \"OK\")]"}
RESULT: {"using":"xpath","value":"//bdi[contains(text(), \"OK\")]"}
COMMAND: POST /session/17938e7f8541bcff555766d2bec8a2c8/element/f.0F1FAEEE2861019DFD6915B8D9C967AD.d.07879A7A5E4B9817CCC3B46F4F59B253.e.9029/click - {}
RESULT: {}
COMMAND: GET /session/17938e7f8541bcff555766d2bec8a2c8/screenshot - {}
RESULT: {}
COMMAND: POST /session/17938e7f8541bcff555766d2bec8a2c8/element - {"using":"xpath","value":"//input[contains(@id ,\"smartContractFilterBar-btnBasicSearch-I\")]"}
RESULT: {"using":"xpath","value":"//input[contains(@id ,\"smartContractFilterBar-btnBasicSearch-I\")]"}
COMMAND: POST /session/17938e7f8541bcff555766d2bec8a2c8/element/f.0F1FAEEE2861019DFD6915B8D9C967AD.d.07879A7A5E4B9817CCC3B46F4F59B253.e.8767/clear - {}
RESULT: {}
COMMAND: POST /session/17938e7f8541bcff555766d2bec8a2c8/element/f.0F1FAEEE2861019DFD6915B8D9C967AD.d.07879A7A5E4B9817CCC3B46F4F59B253.e.8767/value - {"text":"10468"}
COMMAND: GET /session/17938e7f8541bcff555766d2bec8a2c8/screenshot - {}
RESULT: {"text":"10468"}
COMMAND: POST /session/17938e7f8541bcff555766d2bec8a2c8/actions - {"actions":[{"id":"action44","type":"key","parameters":{},"actions":[{"type":"keyDown","value":"î€‡"},{"type":"pause","duration":10},{"type":"keyUp","value":"î€‡"}]}]}
COMMAND: GET /session/17938e7f8541bcff555766d2bec8a2c8/screenshot - {}
RESULT: {}
RESULT: {"actions":[{"id":"action44","type":"key","parameters":{},"actions":[{"type":"keyDown","value":"î€‡"},{"type":"pause","duration":10},{"type":"keyUp","value":"î€‡"}]}]}
COMMAND: GET /session/17938e7f8541bcff555766d2bec8a2c8/screenshot - {}
RESULT: {}
RESULT: {}
COMMAND: POST /session/17938e7f8541bcff555766d2bec8a2c8/execute/async - {"script":"<script> [1562 bytes]","args":[{"selector":{"controlType":"sap.m.ObjectStatus","viewName":"etm.portal.ui.managecontracts.view.Master","bindingPath":{"path":"/SmartContractHeaders('10468')","propertyPath":"STATUS_DESCRIPTION"}},"wdio_ui5_key":"etmportal.ui.managecontracts.view.Mastersap.m.ObjectStatus{\"path\":\"/SmartContractHeaders('10468')\",\"propertyPath\":\"STATUS_DESCRIPTION\"}"}]}
RESULT: {"script":"<script> [1562 bytes]","args":[{"selector":{"controlType":"sap.m.ObjectStatus","viewName":"etm.portal.ui.managecontracts.view.Master","bindingPath":{"path":"/SmartContractHeaders('10468')","propertyPath":"STATUS_DESCRIPTION"}},"wdio_ui5_key":"etmportal.ui.managecontracts.view.Mastersap.m.ObjectStatus{\"path\":\"/SmartContractHeaders('10468')\",\"propertyPath\":\"STATUS_DESCRIPTION\"}"}]}
RESULT: undefined
COMMAND: POST /session/17938e7f8541bcff555766d2bec8a2c8/execute/async - {"script":"<script> [6424 bytes]","args":[{"element-6066-11e4-a52e-4f735466cecf":"f.0F1FAEEE2861019DFD6915B8D9C967AD.d.07879A7A5E4B9817CCC3B46F4F59B253.e.9085"},"getText",[]]}
RESULT: {"script":"<script> [6424 bytes]","args":[{"element-6066-11e4-a52e-4f735466cecf":"f.0F1FAEEE2861019DFD6915B8D9C967AD.d.07879A7A5E4B9817CCC3B46F4F59B253.e.9085"},"getText",[]]}
RESULT: undefined
COMMAND: POST /session/17938e7f8541bcff555766d2bec8a2c8/element - {"using":"xpath","value":"//*[@id=\"__item77-__clone243-imgNav\"]"}
RESULT: {"using":"xpath","value":"//*[@id=\"__item77-__clone243-imgNav\"]"}
COMMAND: POST /session/17938e7f8541bcff555766d2bec8a2c8/element/f.0F1FAEEE2861019DFD6915B8D9C967AD.d.07879A7A5E4B9817CCC3B46F4F59B253.e.8860/click - {}
RESULT: {}
COMMAND: GET /session/17938e7f8541bcff555766d2bec8a2c8/screenshot - {}
RESULT: {}
COMMAND: POST /session/17938e7f8541bcff555766d2bec8a2c8/execute/async - {"script":"<script> [1562 bytes]","args":[{"selector":{"controlType":"sap.m.ObjectStatus","viewName":"etm.portal.ui.managecontracts.view.Detail","bindingPath":{"path":"/SmartContractItems(CONTRACT='10468',ITEM=10m,SUB_ITEM=0m)","propertyPath":"STATUS"}},"wdio_ui5_key":"etmportal.ui.managecontracts.view.Detailsap.m.ObjectStatus{\"path\":\"/SmartContractItems(CONTRACT='10468',ITEM=10m,SUB_ITEM=0m)\",\"propertyPath\":\"STATUS\"}"}]}
RESULT: {"script":"<script> [1562 bytes]","args":[{"selector":{"controlType":"sap.m.ObjectStatus","viewName":"etm.portal.ui.managecontracts.view.Detail","bindingPath":{"path":"/SmartContractItems(CONTRACT='10468',ITEM=10m,SUB_ITEM=0m)","propertyPath":"STATUS"}},"wdio_ui5_key":"etmportal.ui.managecontracts.view.Detailsap.m.ObjectStatus{\"path\":\"/SmartContractItems(CONTRACT='10468',ITEM=10m,SUB_ITEM=0m)\",\"propertyPath\":\"STATUS\"}"}]}
RESULT: undefined
COMMAND: POST /session/17938e7f8541bcff555766d2bec8a2c8/execute/async - {"script":"<script> [6424 bytes]","args":[{"element-6066-11e4-a52e-4f735466cecf":"f.0F1FAEEE2861019DFD6915B8D9C967AD.d.07879A7A5E4B9817CCC3B46F4F59B253.e.9107"},"getText",[]]}
RESULT: {"script":"<script> [6424 bytes]","args":[{"element-6066-11e4-a52e-4f735466cecf":"f.0F1FAEEE2861019DFD6915B8D9C967AD.d.07879A7A5E4B9817CCC3B46F4F59B253.e.9107"},"getText",[]]}
COMMAND: POST /session/17938e7f8541bcff555766d2bec8a2c8/element - {"using":"css selector","value":"#shell-header-logo"}
RESULT: {"using":"css selector","value":"#shell-header-logo"}
COMMAND: POST /session/17938e7f8541bcff555766d2bec8a2c8/element/f.0F1FAEEE2861019DFD6915B8D9C967AD.d.07879A7A5E4B9817CCC3B46F4F59B253.e.8763/click - {}
RESULT: {}
COMMAND: GET /session/17938e7f8541bcff555766d2bec8a2c8/screenshot - {}
RESULT: {}
]]></system-out>
    </testcase>
  </testsuite>
  <testsuite timestamp="2025-06-05T18:13:14" time="200.144" tests="2" failures="0" errors="0" skipped="0">
    <properties>
      <property name="specId" value="0" />
      <property name="suiteName" value="Insert service into a contract US152956" />
      <property name="capabilities" value="chrome.137_0_7151_56.windows" />
      <property name="file" value="file:///D:/a/1/s/test/specs/R2C/insert-service-into-a-contract.spec.js" />
    </properties>
    <testcase classname="chrome.137_0_7151_56.windows.Insert_service_into_a_contract_US152956" name="Should create a new contract" time="107.506">
      <system-out><![CDATA[
RESULT: undefined
COMMAND: POST /session/17938e7f8541bcff555766d2bec8a2c8/element - {"using":"xpath","value":"//*[@id=\"__tile132\"]"}
RESULT: {"using":"xpath","value":"//*[@id=\"__tile132\"]"}
COMMAND: POST /session/17938e7f8541bcff555766d2bec8a2c8/element/f.0F1FAEEE2861019DFD6915B8D9C967AD.d.07879A7A5E4B9817CCC3B46F4F59B253.e.8761/click - {}
RESULT: {}
COMMAND: GET /session/17938e7f8541bcff555766d2bec8a2c8/screenshot - {}
RESULT: {}
COMMAND: POST /session/17938e7f8541bcff555766d2bec8a2c8/elements - {"using":"xpath","value":"//span[text()='Error']"}
RESULT: {"using":"xpath","value":"//span[text()='Error']"}
COMMAND: POST /session/17938e7f8541bcff555766d2bec8a2c8/element - {"using":"xpath","value":"//button[@data-kt=\"addButton\"]"}
RESULT: {"using":"xpath","value":"//button[@data-kt=\"addButton\"]"}
COMMAND: POST /session/17938e7f8541bcff555766d2bec8a2c8/element/f.0F1FAEEE2861019DFD6915B8D9C967AD.d.07879A7A5E4B9817CCC3B46F4F59B253.e.9161/click - {}
RESULT: {}
COMMAND: GET /session/17938e7f8541bcff555766d2bec8a2c8/screenshot - {}
COMMAND: POST /session/17938e7f8541bcff555766d2bec8a2c8/execute/async - {"script":"<script> [1562 bytes]","args":[{"selector":{"id":"application-managecontracts-display-component---AddNewContract--projectDescription","interaction":{"idSuffix":"inner"}},"wdio_ui5_key":"applicationmanagecontracts-display-component---AddNewContract--projectDescription"}]}
RESULT: {}
RESULT: {"script":"<script> [1562 bytes]","args":[{"selector":{"id":"application-managecontracts-display-component---AddNewContract--projectDescription","interaction":{"idSuffix":"inner"}},"wdio_ui5_key":"applicationmanagecontracts-display-component---AddNewContract--projectDescription"}]}
RESULT: undefined
COMMAND: POST /session/17938e7f8541bcff555766d2bec8a2c8/execute/async - {"script":"<script> [776 bytes]","args":[{"enterText":"WdIOTestpyf1hj","selector":{"id":"application-managecontracts-display-component---AddNewContract--projectDescription","interaction":{"idSuffix":"inner"}},"clearTextFirst":true,"interactionType":"ENTER_TEXT"}]}
RESULT: {"script":"<script> [776 bytes]","args":[{"enterText":"WdIOTestpyf1hj","selector":{"id":"application-managecontracts-display-component---AddNewContract--projectDescription","interaction":{"idSuffix":"inner"}},"clearTextFirst":true,"interactionType":"ENTER_TEXT"}]}
COMMAND: POST /session/17938e7f8541bcff555766d2bec8a2c8/element - {"using":"xpath","value":"//input[@id=\"application-managecontracts-display-component---AddNewContract--yardId-inner\"]"}
RESULT: {"using":"xpath","value":"//input[@id=\"application-managecontracts-display-component---AddNewContract--yardId-inner\"]"}
COMMAND: POST /session/17938e7f8541bcff555766d2bec8a2c8/element/f.0F1FAEEE2861019DFD6915B8D9C967AD.d.07879A7A5E4B9817CCC3B46F4F59B253.e.9424/clear - {}
RESULT: {}
COMMAND: POST /session/17938e7f8541bcff555766d2bec8a2c8/element/f.0F1FAEEE2861019DFD6915B8D9C967AD.d.07879A7A5E4B9817CCC3B46F4F59B253.e.9424/value - {"text":"WebdriverYardjxvo1"}
COMMAND: GET /session/17938e7f8541bcff555766d2bec8a2c8/screenshot - {}
RESULT: {"text":"WebdriverYardjxvo1"}
COMMAND: GET /session/17938e7f8541bcff555766d2bec8a2c8/screenshot - {}
RESULT: {}
RESULT: {}
COMMAND: POST /session/17938e7f8541bcff555766d2bec8a2c8/actions - {"actions":[{"id":"action45","type":"key","parameters":{},"actions":[{"type":"keyDown","value":"î€‡"},{"type":"pause","duration":10},{"type":"keyUp","value":"î€‡"}]}]}
RESULT: {"actions":[{"id":"action45","type":"key","parameters":{},"actions":[{"type":"keyDown","value":"î€‡"},{"type":"pause","duration":10},{"type":"keyUp","value":"î€‡"}]}]}
COMMAND: GET /session/17938e7f8541bcff555766d2bec8a2c8/screenshot - {}
RESULT: {}
COMMAND: POST /session/17938e7f8541bcff555766d2bec8a2c8/element - {"using":"xpath","value":"//input[@id=\"application-managecontracts-display-component---AddNewContract--customerSelect-inner\"]"}
RESULT: {"using":"xpath","value":"//input[@id=\"application-managecontracts-display-component---AddNewContract--customerSelect-inner\"]"}
COMMAND: POST /session/17938e7f8541bcff555766d2bec8a2c8/element/f.0F1FAEEE2861019DFD6915B8D9C967AD.d.07879A7A5E4B9817CCC3B46F4F59B253.e.9422/clear - {}
RESULT: {}
COMMAND: POST /session/17938e7f8541bcff555766d2bec8a2c8/element/f.0F1FAEEE2861019DFD6915B8D9C967AD.d.07879A7A5E4B9817CCC3B46F4F59B253.e.9422/value - {"text":"WebdriverPartnerlbtm1i"}
COMMAND: GET /session/17938e7f8541bcff555766d2bec8a2c8/screenshot - {}
RESULT: {"text":"WebdriverPartnerlbtm1i"}
COMMAND: GET /session/17938e7f8541bcff555766d2bec8a2c8/screenshot - {}
RESULT: {}
RESULT: {}
COMMAND: POST /session/17938e7f8541bcff555766d2bec8a2c8/actions - {"actions":[{"id":"action46","type":"key","parameters":{},"actions":[{"type":"keyDown","value":"î€‡"},{"type":"pause","duration":10},{"type":"keyUp","value":"î€‡"}]}]}
RESULT: {"actions":[{"id":"action46","type":"key","parameters":{},"actions":[{"type":"keyDown","value":"î€‡"},{"type":"pause","duration":10},{"type":"keyUp","value":"î€‡"}]}]}
COMMAND: GET /session/17938e7f8541bcff555766d2bec8a2c8/screenshot - {}
RESULT: {}
COMMAND: POST /session/17938e7f8541bcff555766d2bec8a2c8/element - {"using":"xpath","value":"//input[@id=\"application-managecontracts-display-component---AddNewContract--site-inner\"]"}
RESULT: {"using":"xpath","value":"//input[@id=\"application-managecontracts-display-component---AddNewContract--site-inner\"]"}
COMMAND: POST /session/17938e7f8541bcff555766d2bec8a2c8/element/f.0F1FAEEE2861019DFD6915B8D9C967AD.d.07879A7A5E4B9817CCC3B46F4F59B253.e.9423/clear - {}
RESULT: {}
COMMAND: POST /session/17938e7f8541bcff555766d2bec8a2c8/element/f.0F1FAEEE2861019DFD6915B8D9C967AD.d.07879A7A5E4B9817CCC3B46F4F59B253.e.9423/value - {"text":"WebdriverSitea19o7"}
COMMAND: GET /session/17938e7f8541bcff555766d2bec8a2c8/screenshot - {}
RESULT: {"text":"WebdriverSitea19o7"}
COMMAND: GET /session/17938e7f8541bcff555766d2bec8a2c8/screenshot - {}
RESULT: {}
RESULT: {}
COMMAND: POST /session/17938e7f8541bcff555766d2bec8a2c8/actions - {"actions":[{"id":"action47","type":"key","parameters":{},"actions":[{"type":"keyDown","value":"î€‡"},{"type":"pause","duration":10},{"type":"keyUp","value":"î€‡"}]}]}
RESULT: {"actions":[{"id":"action47","type":"key","parameters":{},"actions":[{"type":"keyDown","value":"î€‡"},{"type":"pause","duration":10},{"type":"keyUp","value":"î€‡"}]}]}
COMMAND: GET /session/17938e7f8541bcff555766d2bec8a2c8/screenshot - {}
COMMAND: POST /session/17938e7f8541bcff555766d2bec8a2c8/element - {"using":"xpath","value":"//button[@data-kt=\"saveButton\"]"}
RESULT: {}
RESULT: {"using":"xpath","value":"//button[@data-kt=\"saveButton\"]"}
COMMAND: POST /session/17938e7f8541bcff555766d2bec8a2c8/element/f.0F1FAEEE2861019DFD6915B8D9C967AD.d.07879A7A5E4B9817CCC3B46F4F59B253.e.9498/click - {}
RESULT: {}
COMMAND: GET /session/17938e7f8541bcff555766d2bec8a2c8/screenshot - {}
RESULT: {}
COMMAND: POST /session/17938e7f8541bcff555766d2bec8a2c8/execute/async - {"script":"<script> [1562 bytes]","args":[{"selector":{"id":"contractDetailTitleNoExpanded","viewName":"etm.portal.ui.managecontracts.view.Detail"},"wdio_ui5_key":"contractDetailTitleNoExpandedetmportal.ui.managecontracts.view.Detail"}]}
RESULT: {"script":"<script> [1562 bytes]","args":[{"selector":{"id":"contractDetailTitleNoExpanded","viewName":"etm.portal.ui.managecontracts.view.Detail"},"wdio_ui5_key":"contractDetailTitleNoExpandedetmportal.ui.managecontracts.view.Detail"}]}
RESULT: undefined
COMMAND: POST /session/17938e7f8541bcff555766d2bec8a2c8/execute/async - {"script":"<script> [6424 bytes]","args":[{"element-6066-11e4-a52e-4f735466cecf":"f.0F1FAEEE2861019DFD6915B8D9C967AD.d.07879A7A5E4B9817CCC3B46F4F59B253.e.9517"},"getText",[]]}
RESULT: {"script":"<script> [6424 bytes]","args":[{"element-6066-11e4-a52e-4f735466cecf":"f.0F1FAEEE2861019DFD6915B8D9C967AD.d.07879A7A5E4B9817CCC3B46F4F59B253.e.9517"},"getText",[]]}
]]></system-out>
    </testcase>
    <testcase classname="chrome.137_0_7151_56.windows.Insert_service_into_a_contract_US152956" name="Should add a service unit and a service group to the contract" time="88.699">
      <system-out><![CDATA[
COMMAND: POST /session/17938e7f8541bcff555766d2bec8a2c8/element - {"using":"xpath","value":"//button[@data-kt=\"contractDetailEditBtnButton\"]"}
RESULT: {"using":"xpath","value":"//button[@data-kt=\"contractDetailEditBtnButton\"]"}
COMMAND: POST /session/17938e7f8541bcff555766d2bec8a2c8/execute/sync - {"script":"<script> [8489 bytes]","args":[{"element-6066-11e4-a52e-4f735466cecf":"f.0F1FAEEE2861019DFD6915B8D9C967AD.d.07879A7A5E4B9817CCC3B46F4F59B253.e.9518","ELEMENT":"f.0F1FAEEE2861019DFD6915B8D9C967AD.d.07879A7A5E4B9817CCC3B46F4F59B253.e.9518"}]}
RESULT: {"script":"<script> [8489 bytes]","args":[{"element-6066-11e4-a52e-4f735466cecf":"f.0F1FAEEE2861019DFD6915B8D9C967AD.d.07879A7A5E4B9817CCC3B46F4F59B253.e.9518","ELEMENT":"f.0F1FAEEE2861019DFD6915B8D9C967AD.d.07879A7A5E4B9817CCC3B46F4F59B253.e.9518"}]}
COMMAND: POST /session/17938e7f8541bcff555766d2bec8a2c8/execute/sync - {"script":"<script> [8489 bytes]","args":[{"element-6066-11e4-a52e-4f735466cecf":"f.0F1FAEEE2861019DFD6915B8D9C967AD.d.07879A7A5E4B9817CCC3B46F4F59B253.e.9518","ELEMENT":"f.0F1FAEEE2861019DFD6915B8D9C967AD.d.07879A7A5E4B9817CCC3B46F4F59B253.e.9518"}]}
COMMAND: GET /session/17938e7f8541bcff555766d2bec8a2c8/screenshot - {}
RESULT: {"script":"<script> [8489 bytes]","args":[{"element-6066-11e4-a52e-4f735466cecf":"f.0F1FAEEE2861019DFD6915B8D9C967AD.d.07879A7A5E4B9817CCC3B46F4F59B253.e.9518","ELEMENT":"f.0F1FAEEE2861019DFD6915B8D9C967AD.d.07879A7A5E4B9817CCC3B46F4F59B253.e.9518"}]}
COMMAND: POST /session/17938e7f8541bcff555766d2bec8a2c8/execute/sync - {"script":"<script> [5351 bytes]","args":[{"element-6066-11e4-a52e-4f735466cecf":"f.0F1FAEEE2861019DFD6915B8D9C967AD.d.07879A7A5E4B9817CCC3B46F4F59B253.e.9518","ELEMENT":"f.0F1FAEEE2861019DFD6915B8D9C967AD.d.07879A7A5E4B9817CCC3B46F4F59B253.e.9518"}]}
COMMAND: GET /session/17938e7f8541bcff555766d2bec8a2c8/screenshot - {}
RESULT: {}
RESULT: {"script":"<script> [5351 bytes]","args":[{"element-6066-11e4-a52e-4f735466cecf":"f.0F1FAEEE2861019DFD6915B8D9C967AD.d.07879A7A5E4B9817CCC3B46F4F59B253.e.9518","ELEMENT":"f.0F1FAEEE2861019DFD6915B8D9C967AD.d.07879A7A5E4B9817CCC3B46F4F59B253.e.9518"}]}
COMMAND: POST /session/17938e7f8541bcff555766d2bec8a2c8/element/f.0F1FAEEE2861019DFD6915B8D9C967AD.d.07879A7A5E4B9817CCC3B46F4F59B253.e.9518/click - {}
COMMAND: GET /session/17938e7f8541bcff555766d2bec8a2c8/screenshot - {}
RESULT: {}
RESULT: {}
COMMAND: GET /session/17938e7f8541bcff555766d2bec8a2c8/screenshot - {}
RESULT: {}
RESULT: {}
COMMAND: POST /session/17938e7f8541bcff555766d2bec8a2c8/element - {"using":"xpath","value":"(//span[contains(text(), \"Additional Addresses\")])[2]"}
RESULT: {"using":"xpath","value":"(//span[contains(text(), \"Additional Addresses\")])[2]"}
COMMAND: POST /session/17938e7f8541bcff555766d2bec8a2c8/element/f.0F1FAEEE2861019DFD6915B8D9C967AD.d.07879A7A5E4B9817CCC3B46F4F59B253.e.9576/click - {}
RESULT: {}
COMMAND: GET /session/17938e7f8541bcff555766d2bec8a2c8/screenshot - {}
RESULT: {}
COMMAND: POST /session/17938e7f8541bcff555766d2bec8a2c8/element - {"using":"xpath","value":"//button[@data-kt=\"btnAddTableRowOverflowToolbarButton\"]"}
RESULT: {"using":"xpath","value":"//button[@data-kt=\"btnAddTableRowOverflowToolbarButton\"]"}
COMMAND: POST /session/17938e7f8541bcff555766d2bec8a2c8/element/f.0F1FAEEE2861019DFD6915B8D9C967AD.d.07879A7A5E4B9817CCC3B46F4F59B253.e.9580/click - {}
RESULT: {}
COMMAND: GET /session/17938e7f8541bcff555766d2bec8a2c8/screenshot - {}
RESULT: {}
COMMAND: POST /session/17938e7f8541bcff555766d2bec8a2c8/element - {"using":"xpath","value":"//div[(text() = 'Standard Entry' or . = 'Standard Entry')]"}
RESULT: {"using":"xpath","value":"//div[(text() = 'Standard Entry' or . = 'Standard Entry')]"}
COMMAND: POST /session/17938e7f8541bcff555766d2bec8a2c8/element/f.0F1FAEEE2861019DFD6915B8D9C967AD.d.07879A7A5E4B9817CCC3B46F4F59B253.e.9582/click - {}
RESULT: {}
COMMAND: POST /session/17938e7f8541bcff555766d2bec8a2c8/element - {"using":"xpath","value":"//button[@data-kt=\"btnAddTableRowOverflowToolbarButton\"]"}
COMMAND: GET /session/17938e7f8541bcff555766d2bec8a2c8/screenshot - {}
RESULT: {"using":"xpath","value":"//button[@data-kt=\"btnAddTableRowOverflowToolbarButton\"]"}
COMMAND: POST /session/17938e7f8541bcff555766d2bec8a2c8/element/f.0F1FAEEE2861019DFD6915B8D9C967AD.d.07879A7A5E4B9817CCC3B46F4F59B253.e.9580/click - {}
RESULT: {}
RESULT: {}
COMMAND: GET /session/17938e7f8541bcff555766d2bec8a2c8/screenshot - {}
RESULT: {}
COMMAND: POST /session/17938e7f8541bcff555766d2bec8a2c8/element - {"using":"xpath","value":"//div[(text() = 'Standard Entry' or . = 'Standard Entry')]"}
RESULT: {"using":"xpath","value":"//div[(text() = 'Standard Entry' or . = 'Standard Entry')]"}
COMMAND: POST /session/17938e7f8541bcff555766d2bec8a2c8/element/f.0F1FAEEE2861019DFD6915B8D9C967AD.d.07879A7A5E4B9817CCC3B46F4F59B253.e.9594/click - {}
RESULT: {}
COMMAND: POST /session/17938e7f8541bcff555766d2bec8a2c8/element - {"using":"xpath","value":"(//td[6]/div/div/input)[1]"}
COMMAND: GET /session/17938e7f8541bcff555766d2bec8a2c8/screenshot - {}
RESULT: {"using":"xpath","value":"(//td[6]/div/div/input)[1]"}
COMMAND: POST /session/17938e7f8541bcff555766d2bec8a2c8/element/f.0F1FAEEE2861019DFD6915B8D9C967AD.d.07879A7A5E4B9817CCC3B46F4F59B253.e.9596/click - {}
RESULT: {}
RESULT: {}
COMMAND: POST /session/17938e7f8541bcff555766d2bec8a2c8/actions - {"actions":[{"id":"action48","type":"key","parameters":{},"actions":[{"type":"keyDown","value":"î€ƒ"},{"type":"pause","duration":10},{"type":"keyUp","value":"î€ƒ"}]}]}
COMMAND: GET /session/17938e7f8541bcff555766d2bec8a2c8/screenshot - {}
RESULT: {"actions":[{"id":"action48","type":"key","parameters":{},"actions":[{"type":"keyDown","value":"î€ƒ"},{"type":"pause","duration":10},{"type":"keyUp","value":"î€ƒ"}]}]}
COMMAND: POST /session/17938e7f8541bcff555766d2bec8a2c8/element - {"using":"xpath","value":"(//td[6]/div/div/input)[1]"}
COMMAND: GET /session/17938e7f8541bcff555766d2bec8a2c8/screenshot - {}
RESULT: {}
RESULT: {"using":"xpath","value":"(//td[6]/div/div/input)[1]"}
COMMAND: POST /session/17938e7f8541bcff555766d2bec8a2c8/element/f.0F1FAEEE2861019DFD6915B8D9C967AD.d.07879A7A5E4B9817CCC3B46F4F59B253.e.9596/clear - {}
RESULT: {}
RESULT: {}
COMMAND: POST /session/17938e7f8541bcff555766d2bec8a2c8/element/f.0F1FAEEE2861019DFD6915B8D9C967AD.d.07879A7A5E4B9817CCC3B46F4F59B253.e.9596/value - {"text":"Service Unit"}
COMMAND: GET /session/17938e7f8541bcff555766d2bec8a2c8/screenshot - {}
RESULT: {"text":"Service Unit"}
COMMAND: GET /session/17938e7f8541bcff555766d2bec8a2c8/screenshot - {}
RESULT: {}
RESULT: {}
COMMAND: POST /session/17938e7f8541bcff555766d2bec8a2c8/actions - {"actions":[{"id":"action49","type":"key","parameters":{},"actions":[{"type":"keyDown","value":"î€‡"},{"type":"pause","duration":10},{"type":"keyUp","value":"î€‡"}]}]}
RESULT: {"actions":[{"id":"action49","type":"key","parameters":{},"actions":[{"type":"keyDown","value":"î€‡"},{"type":"pause","duration":10},{"type":"keyUp","value":"î€‡"}]}]}
COMMAND: GET /session/17938e7f8541bcff555766d2bec8a2c8/screenshot - {}
COMMAND: POST /session/17938e7f8541bcff555766d2bec8a2c8/actions - {"actions":[{"id":"action50","type":"key","parameters":{},"actions":[{"type":"keyDown","value":"î€‡"},{"type":"pause","duration":10},{"type":"keyUp","value":"î€‡"}]}]}
RESULT: {}
RESULT: {"actions":[{"id":"action50","type":"key","parameters":{},"actions":[{"type":"keyDown","value":"î€‡"},{"type":"pause","duration":10},{"type":"keyUp","value":"î€‡"}]}]}
COMMAND: POST /session/17938e7f8541bcff555766d2bec8a2c8/element - {"using":"xpath","value":"(//td[7]/div/div/input)[1]"}
COMMAND: GET /session/17938e7f8541bcff555766d2bec8a2c8/screenshot - {}
RESULT: {"using":"xpath","value":"(//td[7]/div/div/input)[1]"}
COMMAND: POST /session/17938e7f8541bcff555766d2bec8a2c8/element/f.0F1FAEEE2861019DFD6915B8D9C967AD.d.07879A7A5E4B9817CCC3B46F4F59B253.e.9612/clear - {}
RESULT: {}
RESULT: {}
COMMAND: POST /session/17938e7f8541bcff555766d2bec8a2c8/element/f.0F1FAEEE2861019DFD6915B8D9C967AD.d.07879A7A5E4B9817CCC3B46F4F59B253.e.9612/value - {"text":"1000001"}
COMMAND: GET /session/17938e7f8541bcff555766d2bec8a2c8/screenshot - {}
RESULT: {"text":"1000001"}
COMMAND: GET /session/17938e7f8541bcff555766d2bec8a2c8/screenshot - {}
RESULT: {}
RESULT: {}
COMMAND: POST /session/17938e7f8541bcff555766d2bec8a2c8/actions - {"actions":[{"id":"action51","type":"key","parameters":{},"actions":[{"type":"keyDown","value":"î€‡"},{"type":"pause","duration":10},{"type":"keyUp","value":"î€‡"}]}]}
RESULT: {"actions":[{"id":"action51","type":"key","parameters":{},"actions":[{"type":"keyDown","value":"î€‡"},{"type":"pause","duration":10},{"type":"keyUp","value":"î€‡"}]}]}
COMMAND: GET /session/17938e7f8541bcff555766d2bec8a2c8/screenshot - {}
COMMAND: POST /session/17938e7f8541bcff555766d2bec8a2c8/actions - {"actions":[{"id":"action52","type":"key","parameters":{},"actions":[{"type":"keyDown","value":"î€‡"},{"type":"pause","duration":10},{"type":"keyUp","value":"î€‡"}]}]}
RESULT: {}
RESULT: {"actions":[{"id":"action52","type":"key","parameters":{},"actions":[{"type":"keyDown","value":"î€‡"},{"type":"pause","duration":10},{"type":"keyUp","value":"î€‡"}]}]}
COMMAND: GET /session/17938e7f8541bcff555766d2bec8a2c8/screenshot - {}
RESULT: {}
COMMAND: POST /session/17938e7f8541bcff555766d2bec8a2c8/element - {"using":"xpath","value":"(//td[6]/div/div/input)[2]"}
RESULT: {"using":"xpath","value":"(//td[6]/div/div/input)[2]"}
COMMAND: POST /session/17938e7f8541bcff555766d2bec8a2c8/element/f.0F1FAEEE2861019DFD6915B8D9C967AD.d.07879A7A5E4B9817CCC3B46F4F59B253.e.9584/click - {}
RESULT: {}
COMMAND: POST /session/17938e7f8541bcff555766d2bec8a2c8/actions - {"actions":[{"id":"action53","type":"key","parameters":{},"actions":[{"type":"keyDown","value":"î€ƒ"},{"type":"pause","duration":10},{"type":"keyUp","value":"î€ƒ"}]}]}
COMMAND: GET /session/17938e7f8541bcff555766d2bec8a2c8/screenshot - {}
RESULT: {"actions":[{"id":"action53","type":"key","parameters":{},"actions":[{"type":"keyDown","value":"î€ƒ"},{"type":"pause","duration":10},{"type":"keyUp","value":"î€ƒ"}]}]}
COMMAND: POST /session/17938e7f8541bcff555766d2bec8a2c8/element - {"using":"xpath","value":"(//td[6]/div/div/input)[2]"}
COMMAND: GET /session/17938e7f8541bcff555766d2bec8a2c8/screenshot - {}
RESULT: {}
RESULT: {"using":"xpath","value":"(//td[6]/div/div/input)[2]"}
COMMAND: POST /session/17938e7f8541bcff555766d2bec8a2c8/element/f.0F1FAEEE2861019DFD6915B8D9C967AD.d.07879A7A5E4B9817CCC3B46F4F59B253.e.9584/clear - {}
RESULT: {}
RESULT: {}
COMMAND: POST /session/17938e7f8541bcff555766d2bec8a2c8/element/f.0F1FAEEE2861019DFD6915B8D9C967AD.d.07879A7A5E4B9817CCC3B46F4F59B253.e.9584/value - {"text":"Service Unit Group"}
COMMAND: GET /session/17938e7f8541bcff555766d2bec8a2c8/screenshot - {}
RESULT: {"text":"Service Unit Group"}
COMMAND: GET /session/17938e7f8541bcff555766d2bec8a2c8/screenshot - {}
RESULT: {}
RESULT: {}
COMMAND: POST /session/17938e7f8541bcff555766d2bec8a2c8/actions - {"actions":[{"id":"action54","type":"key","parameters":{},"actions":[{"type":"keyDown","value":"î€‡"},{"type":"pause","duration":10},{"type":"keyUp","value":"î€‡"}]}]}
RESULT: {"actions":[{"id":"action54","type":"key","parameters":{},"actions":[{"type":"keyDown","value":"î€‡"},{"type":"pause","duration":10},{"type":"keyUp","value":"î€‡"}]}]}
COMMAND: GET /session/17938e7f8541bcff555766d2bec8a2c8/screenshot - {}
RESULT: {}
COMMAND: POST /session/17938e7f8541bcff555766d2bec8a2c8/actions - {"actions":[{"id":"action55","type":"key","parameters":{},"actions":[{"type":"keyDown","value":"î€‡"},{"type":"pause","duration":10},{"type":"keyUp","value":"î€‡"}]}]}
RESULT: {"actions":[{"id":"action55","type":"key","parameters":{},"actions":[{"type":"keyDown","value":"î€‡"},{"type":"pause","duration":10},{"type":"keyUp","value":"î€‡"}]}]}
COMMAND: POST /session/17938e7f8541bcff555766d2bec8a2c8/element - {"using":"xpath","value":"(//td[7]/div/div/input)[2]"}
COMMAND: GET /session/17938e7f8541bcff555766d2bec8a2c8/screenshot - {}
RESULT: {"using":"xpath","value":"(//td[7]/div/div/input)[2]"}
COMMAND: POST /session/17938e7f8541bcff555766d2bec8a2c8/element/f.0F1FAEEE2861019DFD6915B8D9C967AD.d.07879A7A5E4B9817CCC3B46F4F59B253.e.9641/clear - {}
RESULT: {}
RESULT: {}
COMMAND: POST /session/17938e7f8541bcff555766d2bec8a2c8/element/f.0F1FAEEE2861019DFD6915B8D9C967AD.d.07879A7A5E4B9817CCC3B46F4F59B253.e.9641/value - {"text":"1100001"}
COMMAND: GET /session/17938e7f8541bcff555766d2bec8a2c8/screenshot - {}
RESULT: {"text":"1100001"}
COMMAND: GET /session/17938e7f8541bcff555766d2bec8a2c8/screenshot - {}
RESULT: {}
RESULT: {}
COMMAND: POST /session/17938e7f8541bcff555766d2bec8a2c8/actions - {"actions":[{"id":"action56","type":"key","parameters":{},"actions":[{"type":"keyDown","value":"î€‡"},{"type":"pause","duration":10},{"type":"keyUp","value":"î€‡"}]}]}
RESULT: {"actions":[{"id":"action56","type":"key","parameters":{},"actions":[{"type":"keyDown","value":"î€‡"},{"type":"pause","duration":10},{"type":"keyUp","value":"î€‡"}]}]}
COMMAND: GET /session/17938e7f8541bcff555766d2bec8a2c8/screenshot - {}
COMMAND: POST /session/17938e7f8541bcff555766d2bec8a2c8/actions - {"actions":[{"id":"action57","type":"key","parameters":{},"actions":[{"type":"keyDown","value":"î€‡"},{"type":"pause","duration":10},{"type":"keyUp","value":"î€‡"}]}]}
RESULT: {}
RESULT: {"actions":[{"id":"action57","type":"key","parameters":{},"actions":[{"type":"keyDown","value":"î€‡"},{"type":"pause","duration":10},{"type":"keyUp","value":"î€‡"}]}]}
COMMAND: GET /session/17938e7f8541bcff555766d2bec8a2c8/screenshot - {}
RESULT: {}
COMMAND: POST /session/17938e7f8541bcff555766d2bec8a2c8/element - {"using":"xpath","value":"(//button[@data-kt=\"saveButton\"])[2]"}
RESULT: {"using":"xpath","value":"(//button[@data-kt=\"saveButton\"])[2]"}
COMMAND: POST /session/17938e7f8541bcff555766d2bec8a2c8/element/f.0F1FAEEE2861019DFD6915B8D9C967AD.d.07879A7A5E4B9817CCC3B46F4F59B253.e.9666/click - {}
RESULT: {}
COMMAND: GET /session/17938e7f8541bcff555766d2bec8a2c8/screenshot - {}
RESULT: {}
COMMAND: POST /session/17938e7f8541bcff555766d2bec8a2c8/element - {"using":"xpath","value":"(//span[contains(text(), \"Additional Addresses\")])[1]"}
RESULT: {"using":"xpath","value":"(//span[contains(text(), \"Additional Addresses\")])[1]"}
COMMAND: POST /session/17938e7f8541bcff555766d2bec8a2c8/element/f.0F1FAEEE2861019DFD6915B8D9C967AD.d.07879A7A5E4B9817CCC3B46F4F59B253.e.9669/click - {}
RESULT: {}
COMMAND: GET /session/17938e7f8541bcff555766d2bec8a2c8/screenshot - {}
RESULT: {}
COMMAND: POST /session/17938e7f8541bcff555766d2bec8a2c8/execute/async - {"script":"<script> [1562 bytes]","args":[{"selector":{"controlType":"sap.m.Title","viewName":"etm.portal.ui.managecontracts.view.Detail","properties":{"text":"Contract Items (2)"}},"wdio_ui5_key":"etmportal.ui.managecontracts.view.Detailsap.m.Title{\"text\":\"Contract Items (2)\"}"}]}
RESULT: {"script":"<script> [1562 bytes]","args":[{"selector":{"controlType":"sap.m.Title","viewName":"etm.portal.ui.managecontracts.view.Detail","properties":{"text":"Contract Items (2)"}},"wdio_ui5_key":"etmportal.ui.managecontracts.view.Detailsap.m.Title{\"text\":\"Contract Items (2)\"}"}]}
RESULT: undefined
COMMAND: POST /session/17938e7f8541bcff555766d2bec8a2c8/execute/async - {"script":"<script> [6424 bytes]","args":[{"element-6066-11e4-a52e-4f735466cecf":"f.0F1FAEEE2861019DFD6915B8D9C967AD.d.07879A7A5E4B9817CCC3B46F4F59B253.e.9671"},"getText",[]]}
RESULT: {"script":"<script> [6424 bytes]","args":[{"element-6066-11e4-a52e-4f735466cecf":"f.0F1FAEEE2861019DFD6915B8D9C967AD.d.07879A7A5E4B9817CCC3B46F4F59B253.e.9671"},"getText",[]]}
COMMAND: POST /session/17938e7f8541bcff555766d2bec8a2c8/element - {"using":"xpath","value":"(//span[contains(@class ,\"sapMObjStatusText\")])[1]"}
RESULT: {"using":"xpath","value":"(//span[contains(@class ,\"sapMObjStatusText\")])[1]"}
COMMAND: GET /session/17938e7f8541bcff555766d2bec8a2c8/element/f.0F1FAEEE2861019DFD6915B8D9C967AD.d.07879A7A5E4B9817CCC3B46F4F59B253.e.9672/text - {}
RESULT: {}
COMMAND: POST /session/17938e7f8541bcff555766d2bec8a2c8/element - {"using":"xpath","value":"(//span[contains(@class ,\"sapMObjStatusText\")])[4]"}
RESULT: {"using":"xpath","value":"(//span[contains(@class ,\"sapMObjStatusText\")])[4]"}
COMMAND: GET /session/17938e7f8541bcff555766d2bec8a2c8/element/f.0F1FAEEE2861019DFD6915B8D9C967AD.d.07879A7A5E4B9817CCC3B46F4F59B253.e.9673/text - {}
RESULT: {}
COMMAND: POST /session/17938e7f8541bcff555766d2bec8a2c8/element - {"using":"css selector","value":"#shell-header-logo"}
RESULT: {"using":"css selector","value":"#shell-header-logo"}
COMMAND: POST /session/17938e7f8541bcff555766d2bec8a2c8/element/f.0F1FAEEE2861019DFD6915B8D9C967AD.d.07879A7A5E4B9817CCC3B46F4F59B253.e.9111/click - {}
RESULT: {}
COMMAND: GET /session/17938e7f8541bcff555766d2bec8a2c8/screenshot - {}
RESULT: {}
]]></system-out>
    </testcase>
  </testsuite>
  <testsuite timestamp="2025-06-05T18:16:35" time="187.282" tests="2" failures="0" errors="0" skipped="0">
    <properties>
      <property name="specId" value="0" />
      <property name="suiteName" value="Reduced contract US151275" />
      <property name="capabilities" value="chrome.137_0_7151_56.windows" />
      <property name="file" value="file:///D:/a/1/s/test/specs/R2C/reduced-contract-creation.spec.js" />
    </properties>
    <testcase classname="chrome.137_0_7151_56.windows.Reduced_contract_US151275" name="Should create a new reduced contract" time="137.269">
      <system-out><![CDATA[
RESULT: undefined
COMMAND: POST /session/17938e7f8541bcff555766d2bec8a2c8/element - {"using":"xpath","value":"//*[@id=\"__tile132\"]"}
RESULT: {"using":"xpath","value":"//*[@id=\"__tile132\"]"}
COMMAND: POST /session/17938e7f8541bcff555766d2bec8a2c8/element/f.0F1FAEEE2861019DFD6915B8D9C967AD.d.07879A7A5E4B9817CCC3B46F4F59B253.e.8761/click - {}
RESULT: {}
COMMAND: GET /session/17938e7f8541bcff555766d2bec8a2c8/screenshot - {}
RESULT: {}
COMMAND: POST /session/17938e7f8541bcff555766d2bec8a2c8/element - {"using":"xpath","value":"//button[@data-kt=\"addButton\"]"}
RESULT: {"using":"xpath","value":"//button[@data-kt=\"addButton\"]"}
COMMAND: POST /session/17938e7f8541bcff555766d2bec8a2c8/element/f.0F1FAEEE2861019DFD6915B8D9C967AD.d.07879A7A5E4B9817CCC3B46F4F59B253.e.9727/click - {}
COMMAND: POST /session/17938e7f8541bcff555766d2bec8a2c8/elements - {"using":"xpath","value":"//span[text()='Error']"}
RESULT: {}
COMMAND: GET /session/17938e7f8541bcff555766d2bec8a2c8/screenshot - {}
COMMAND: POST /session/17938e7f8541bcff555766d2bec8a2c8/refresh - {}
RESULT: {"using":"xpath","value":"//span[text()='Error']"}
RESULT: {}
RESULT: {}
COMMAND: GET /session/17938e7f8541bcff555766d2bec8a2c8/screenshot - {}
RESULT: {}
COMMAND: POST /session/17938e7f8541bcff555766d2bec8a2c8/execute/async - {"script":"<script> [189 bytes]","args":[]}
RESULT: {"script":"<script> [189 bytes]","args":[]}
COMMAND: POST /session/17938e7f8541bcff555766d2bec8a2c8/execute/async - {"script":"<script> [123 bytes]","args":[]}
RESULT: {"script":"<script> [123 bytes]","args":[]}
COMMAND: POST /session/17938e7f8541bcff555766d2bec8a2c8/timeouts - {"script":"<number>"}
RESULT: {"script":"<number>"}
COMMAND: GET /session/17938e7f8541bcff555766d2bec8a2c8/timeouts - {}
RESULT: {}
RESULT: undefined
COMMAND: POST /session/17938e7f8541bcff555766d2bec8a2c8/execute/async - {"script":"<script> [2676 bytes]","args":[]}
RESULT: {"script":"<script> [2676 bytes]","args":[]}
COMMAND: POST /session/17938e7f8541bcff555766d2bec8a2c8/execute/async - {"script":"<script> [2342 bytes]","args":[{"protocol":"http","hostname":"0.0.0.0","path":"/","capabilities":{"browserName":"chrome","goog:chromeOptions":{"binary":"C:\\Program Files\\Google\\Chrome\\Application\\chrome.exe","args":["--start-maximized"]}},"logLevel":"warn","connectionRetryTimeout":120000,"connectionRetryCount":3,"logLevels":{},"enableDirectConnect":true,"strictSSL":true,"_":"65 more keys: [\"cacheDir\",\"port\",\"requestedCapabilities\",\"automationProtocol\",\"baseUrl\",\"waitforInterval\",\"waitforTimeout\",\"onReload\",\"beforeCommand\",\"afterCommand\",\"rootDir\",\"specs\",\"suites\",\"exclude\",\"groupLogsByTestSpec\",\"excludeDriverLogs\",\"bail\",\"framework\",\"reporters\",\"services\",\"maxInstances\",\"maxInstancesPerCapability\",\"injectGlobals\",\"filesToWatch\",\"execArgv\",\"runnerEnv\",\"runner\",\"shard\",\"specFileRetries\",\"specFileRetriesDelay\",\"specFileRetriesDeferred\",\"reporterSyncInterval\",\"reporterSyncTimeout\",\"cucumberFeaturesWithLineNumbers\",\"autoCompileOpts\",\"mochaOpts\",\"jasmineOpts\",\"cucumberOpts\",\"onPrepare\",\"onWorkerStart\",\"onWorkerEnd\",\"before\",\"beforeSession\",\"beforeSuite\",\"beforeHook\",\"beforeTest\",\"afterTest\",\"afterHook\",\"afterSuite\",\"afterSession\",\"after\",\"onComplete\",\"beforeAssertion\",\"afterAssertion\",\"beforeFeature\",\"beforeScenario\",\"beforeStep\",\"afterStep\",\"afterScenario\",\"afterFeature\",\"_\",\"suite\",\"$0\",\"ignoredWorkerServices\",\"wdi5\"]"}]}
RESULT: {"script":"<script> [2342 bytes]","args":[{"protocol":"http","hostname":"0.0.0.0","path":"/","capabilities":{"browserName":"chrome","goog:chromeOptions":{"binary":"C:\\Program Files\\Google\\Chrome\\Application\\chrome.exe","args":["--start-maximized"]}},"logLevel":"warn","connectionRetryTimeout":120000,"connectionRetryCount":3,"logLevels":{},"enableDirectConnect":true,"strictSSL":true,"_":"65 more keys: [\"cacheDir\",\"port\",\"requestedCapabilities\",\"automationProtocol\",\"baseUrl\",\"waitforInterval\",\"waitforTimeout\",\"onReload\",\"beforeCommand\",\"afterCommand\",\"rootDir\",\"specs\",\"suites\",\"exclude\",\"groupLogsByTestSpec\",\"excludeDriverLogs\",\"bail\",\"framework\",\"reporters\",\"services\",\"maxInstances\",\"maxInstancesPerCapability\",\"injectGlobals\",\"filesToWatch\",\"execArgv\",\"runnerEnv\",\"runner\",\"shard\",\"specFileRetries\",\"specFileRetriesDelay\",\"specFileRetriesDeferred\",\"reporterSyncInterval\",\"reporterSyncTimeout\",\"cucumberFeaturesWithLineNumbers\",\"autoCompileOpts\",\"mochaOpts\",\"jasmineOpts\",\"cucumberOpts\",\"onPrepare\",\"onWorkerStart\",\"onWorkerEnd\",\"before\",\"beforeSession\",\"beforeSuite\",\"beforeHook\",\"beforeTest\",\"afterTest\",\"afterHook\",\"afterSuite\",\"afterSession\",\"after\",\"onComplete\",\"beforeAssertion\",\"afterAssertion\",\"beforeFeature\",\"beforeScenario\",\"beforeStep\",\"afterStep\",\"afterScenario\",\"afterFeature\",\"_\",\"suite\",\"$0\",\"ignoredWorkerServices\",\"wdi5\"]"}]}
COMMAND: POST /session/17938e7f8541bcff555766d2bec8a2c8/execute/async - {"script":"<script> [21126 bytes]","args":[35000]}
RESULT: {"script":"<script> [21126 bytes]","args":[35000]}
COMMAND: POST /session/17938e7f8541bcff555766d2bec8a2c8/execute/async - {"script":"<script> [1562 bytes]","args":[{"selector":{"id":"application-managecontracts-display-component---AddNewContract--contractType","interaction":{"idSuffix":"arrow"}},"wdio_ui5_key":"applicationmanagecontracts-display-component---AddNewContract--contractType"}]}
RESULT: {"script":"<script> [1562 bytes]","args":[{"selector":{"id":"application-managecontracts-display-component---AddNewContract--contractType","interaction":{"idSuffix":"arrow"}},"wdio_ui5_key":"applicationmanagecontracts-display-component---AddNewContract--contractType"}]}
RESULT: undefined
COMMAND: POST /session/17938e7f8541bcff555766d2bec8a2c8/element - {"using":"xpath","value":"//*[@id=\"application-managecontracts-display-component---AddNewContract--contractType\"]"}
RESULT: {"using":"xpath","value":"//*[@id=\"application-managecontracts-display-component---AddNewContract--contractType\"]"}
COMMAND: POST /session/17938e7f8541bcff555766d2bec8a2c8/element/f.0F1FAEEE2861019DFD6915B8D9C967AD.d.F5AF37FBFF1EE3DF4BF7E201F8F22C69.e.10302/click - {}
RESULT: {}
COMMAND: GET /session/17938e7f8541bcff555766d2bec8a2c8/screenshot - {}
RESULT: {}
COMMAND: POST /session/17938e7f8541bcff555766d2bec8a2c8/execute/async - {"script":"<script> [1562 bytes]","args":[{"selector":{"controlType":"sap.ui.core.Item","viewName":"etm.portal.ui.managecontracts.view.AddNewContract","viewId":"application-managecontracts-display-component---AddNewContract","bindingPath":{"path":"/ContractTypes('02')","propertyPath":"ID","modelName":"catalogModel"},"searchOpenDialogs":true},"wdio_ui5_key":"etmportal.ui.managecontracts.view.AddNewContractsap.ui.core.Item{\"path\":\"/ContractTypes('02')\",\"propertyPath\":\"ID\",\"modelName\":\"catalogModel\"}"}]}
RESULT: {"script":"<script> [1562 bytes]","args":[{"selector":{"controlType":"sap.ui.core.Item","viewName":"etm.portal.ui.managecontracts.view.AddNewContract","viewId":"application-managecontracts-display-component---AddNewContract","bindingPath":{"path":"/ContractTypes('02')","propertyPath":"ID","modelName":"catalogModel"},"searchOpenDialogs":true},"wdio_ui5_key":"etmportal.ui.managecontracts.view.AddNewContractsap.ui.core.Item{\"path\":\"/ContractTypes('02')\",\"propertyPath\":\"ID\",\"modelName\":\"catalogModel\"}"}]}
RESULT: undefined
COMMAND: POST /session/17938e7f8541bcff555766d2bec8a2c8/element - {"using":"xpath","value":"//*[@id=\"__item44-application-managecontracts-display-component---AddNewContract--contractType-1\"]"}
RESULT: {"using":"xpath","value":"//*[@id=\"__item44-application-managecontracts-display-component---AddNewContract--contractType-1\"]"}
COMMAND: POST /session/17938e7f8541bcff555766d2bec8a2c8/element/f.0F1FAEEE2861019DFD6915B8D9C967AD.d.F5AF37FBFF1EE3DF4BF7E201F8F22C69.e.10303/click - {}
RESULT: {}
COMMAND: GET /session/17938e7f8541bcff555766d2bec8a2c8/screenshot - {}
RESULT: {}
COMMAND: POST /session/17938e7f8541bcff555766d2bec8a2c8/execute/async - {"script":"<script> [1562 bytes]","args":[{"selector":{"id":"application-managecontracts-display-component---AddNewContract--projectDescription","interaction":{"idSuffix":"inner"}},"wdio_ui5_key":"applicationmanagecontracts-display-component---AddNewContract--projectDescription"}]}
RESULT: {"script":"<script> [1562 bytes]","args":[{"selector":{"id":"application-managecontracts-display-component---AddNewContract--projectDescription","interaction":{"idSuffix":"inner"}},"wdio_ui5_key":"applicationmanagecontracts-display-component---AddNewContract--projectDescription"}]}
RESULT: undefined
COMMAND: POST /session/17938e7f8541bcff555766d2bec8a2c8/execute/async - {"script":"<script> [776 bytes]","args":[{"enterText":"WdIOReducedze4pp","selector":{"id":"application-managecontracts-display-component---AddNewContract--projectDescription","interaction":{"idSuffix":"inner"}},"clearTextFirst":true,"interactionType":"ENTER_TEXT"}]}
RESULT: {"script":"<script> [776 bytes]","args":[{"enterText":"WdIOReducedze4pp","selector":{"id":"application-managecontracts-display-component---AddNewContract--projectDescription","interaction":{"idSuffix":"inner"}},"clearTextFirst":true,"interactionType":"ENTER_TEXT"}]}
COMMAND: POST /session/17938e7f8541bcff555766d2bec8a2c8/element - {"using":"xpath","value":"//input[@id=\"application-managecontracts-display-component---AddNewContract--yardId-inner\"]"}
RESULT: {"using":"xpath","value":"//input[@id=\"application-managecontracts-display-component---AddNewContract--yardId-inner\"]"}
COMMAND: POST /session/17938e7f8541bcff555766d2bec8a2c8/element/f.0F1FAEEE2861019DFD6915B8D9C967AD.d.F5AF37FBFF1EE3DF4BF7E201F8F22C69.e.10161/clear - {}
RESULT: {}
COMMAND: POST /session/17938e7f8541bcff555766d2bec8a2c8/element/f.0F1FAEEE2861019DFD6915B8D9C967AD.d.F5AF37FBFF1EE3DF4BF7E201F8F22C69.e.10161/value - {"text":"WebdriverYardjxvo1"}
COMMAND: GET /session/17938e7f8541bcff555766d2bec8a2c8/screenshot - {}
RESULT: {"text":"WebdriverYardjxvo1"}
COMMAND: GET /session/17938e7f8541bcff555766d2bec8a2c8/screenshot - {}
RESULT: {}
RESULT: {}
COMMAND: POST /session/17938e7f8541bcff555766d2bec8a2c8/actions - {"actions":[{"id":"action58","type":"key","parameters":{},"actions":[{"type":"keyDown","value":"î€‡"},{"type":"pause","duration":10},{"type":"keyUp","value":"î€‡"}]}]}
RESULT: {"actions":[{"id":"action58","type":"key","parameters":{},"actions":[{"type":"keyDown","value":"î€‡"},{"type":"pause","duration":10},{"type":"keyUp","value":"î€‡"}]}]}
COMMAND: GET /session/17938e7f8541bcff555766d2bec8a2c8/screenshot - {}
RESULT: {}
COMMAND: POST /session/17938e7f8541bcff555766d2bec8a2c8/element - {"using":"xpath","value":"//input[@id=\"application-managecontracts-display-component---AddNewContract--customerSelect-inner\"]"}
RESULT: {"using":"xpath","value":"//input[@id=\"application-managecontracts-display-component---AddNewContract--customerSelect-inner\"]"}
COMMAND: POST /session/17938e7f8541bcff555766d2bec8a2c8/element/f.0F1FAEEE2861019DFD6915B8D9C967AD.d.F5AF37FBFF1EE3DF4BF7E201F8F22C69.e.10159/clear - {}
RESULT: {}
COMMAND: POST /session/17938e7f8541bcff555766d2bec8a2c8/element/f.0F1FAEEE2861019DFD6915B8D9C967AD.d.F5AF37FBFF1EE3DF4BF7E201F8F22C69.e.10159/value - {"text":"WebdriverPartnerlbtm1i"}
COMMAND: GET /session/17938e7f8541bcff555766d2bec8a2c8/screenshot - {}
RESULT: {"text":"WebdriverPartnerlbtm1i"}
COMMAND: GET /session/17938e7f8541bcff555766d2bec8a2c8/screenshot - {}
RESULT: {}
RESULT: {}
COMMAND: POST /session/17938e7f8541bcff555766d2bec8a2c8/actions - {"actions":[{"id":"action59","type":"key","parameters":{},"actions":[{"type":"keyDown","value":"î€‡"},{"type":"pause","duration":10},{"type":"keyUp","value":"î€‡"}]}]}
RESULT: {"actions":[{"id":"action59","type":"key","parameters":{},"actions":[{"type":"keyDown","value":"î€‡"},{"type":"pause","duration":10},{"type":"keyUp","value":"î€‡"}]}]}
COMMAND: GET /session/17938e7f8541bcff555766d2bec8a2c8/screenshot - {}
RESULT: {}
COMMAND: POST /session/17938e7f8541bcff555766d2bec8a2c8/execute/async - {"script":"<script> [1562 bytes]","args":[{"selector":{"id":"application-managecontracts-display-component---AddNewContract--calendarInput-arrow"},"wdio_ui5_key":"applicationmanagecontracts-display-component---AddNewContract--calendarInput-arrow"}]}
RESULT: {"script":"<script> [1562 bytes]","args":[{"selector":{"id":"application-managecontracts-display-component---AddNewContract--calendarInput-arrow"},"wdio_ui5_key":"applicationmanagecontracts-display-component---AddNewContract--calendarInput-arrow"}]}
RESULT: undefined
COMMAND: POST /session/17938e7f8541bcff555766d2bec8a2c8/element - {"using":"xpath","value":"//*[@id=\"application-managecontracts-display-component---AddNewContract--calendarInput-arrow\"]"}
RESULT: {"using":"xpath","value":"//*[@id=\"application-managecontracts-display-component---AddNewContract--calendarInput-arrow\"]"}
COMMAND: POST /session/17938e7f8541bcff555766d2bec8a2c8/element/f.0F1FAEEE2861019DFD6915B8D9C967AD.d.F5AF37FBFF1EE3DF4BF7E201F8F22C69.e.10307/click - {}
RESULT: {}
COMMAND: GET /session/17938e7f8541bcff555766d2bec8a2c8/screenshot - {}
RESULT: {}
COMMAND: POST /session/17938e7f8541bcff555766d2bec8a2c8/execute/async - {"script":"<script> [1562 bytes]","args":[{"selector":{"controlType":"sap.m.StandardListItem","viewName":"etm.portal.ui.managecontracts.view.AddNewContract","viewId":"application-managecontracts-display-component---AddNewContract","properties":{"title":"1 - Calendar unit test patch"},"searchOpenDialogs":true,"interaction":{"idSuffix":"titleText"}},"wdio_ui5_key":"etmportal.ui.managecontracts.view.AddNewContractsap.m.StandardListItem{\"title\":\"1 - Calendar unit test patch\"}"}]}
RESULT: {"script":"<script> [1562 bytes]","args":[{"selector":{"controlType":"sap.m.StandardListItem","viewName":"etm.portal.ui.managecontracts.view.AddNewContract","viewId":"application-managecontracts-display-component---AddNewContract","properties":{"title":"1 - Calendar unit test patch"},"searchOpenDialogs":true,"interaction":{"idSuffix":"titleText"}},"wdio_ui5_key":"etmportal.ui.managecontracts.view.AddNewContractsap.m.StandardListItem{\"title\":\"1 - Calendar unit test patch\"}"}]}
RESULT: undefined
COMMAND: POST /session/17938e7f8541bcff555766d2bec8a2c8/element - {"using":"xpath","value":"//*[@id=\"__item1149\"]"}
RESULT: {"using":"xpath","value":"//*[@id=\"__item1149\"]"}
COMMAND: POST /session/17938e7f8541bcff555766d2bec8a2c8/element/f.0F1FAEEE2861019DFD6915B8D9C967AD.d.F5AF37FBFF1EE3DF4BF7E201F8F22C69.e.10309/click - {}
RESULT: {}
COMMAND: GET /session/17938e7f8541bcff555766d2bec8a2c8/screenshot - {}
RESULT: {}
COMMAND: POST /session/17938e7f8541bcff555766d2bec8a2c8/execute/async - {"script":"<script> [1562 bytes]","args":[{"selector":{"id":"application-managecontracts-display-component---AddNewContract--streetInput","interaction":{"idSuffix":"inner"}},"wdio_ui5_key":"applicationmanagecontracts-display-component---AddNewContract--streetInput"}]}
RESULT: {"script":"<script> [1562 bytes]","args":[{"selector":{"id":"application-managecontracts-display-component---AddNewContract--streetInput","interaction":{"idSuffix":"inner"}},"wdio_ui5_key":"applicationmanagecontracts-display-component---AddNewContract--streetInput"}]}
RESULT: undefined
COMMAND: POST /session/17938e7f8541bcff555766d2bec8a2c8/execute/async - {"script":"<script> [776 bytes]","args":[{"enterText":"StreetWdIO","selector":{"id":"application-managecontracts-display-component---AddNewContract--streetInput","interaction":{"idSuffix":"inner"}},"clearTextFirst":true,"interactionType":"ENTER_TEXT"}]}
RESULT: {"script":"<script> [776 bytes]","args":[{"enterText":"StreetWdIO","selector":{"id":"application-managecontracts-display-component---AddNewContract--streetInput","interaction":{"idSuffix":"inner"}},"clearTextFirst":true,"interactionType":"ENTER_TEXT"}]}
COMMAND: POST /session/17938e7f8541bcff555766d2bec8a2c8/execute/async - {"script":"<script> [1562 bytes]","args":[{"selector":{"id":"application-managecontracts-display-component---AddNewContract--numberInput","interaction":{"idSuffix":"inner"}},"wdio_ui5_key":"applicationmanagecontracts-display-component---AddNewContract--numberInput"}]}
RESULT: {"script":"<script> [1562 bytes]","args":[{"selector":{"id":"application-managecontracts-display-component---AddNewContract--numberInput","interaction":{"idSuffix":"inner"}},"wdio_ui5_key":"applicationmanagecontracts-display-component---AddNewContract--numberInput"}]}
RESULT: undefined
COMMAND: POST /session/17938e7f8541bcff555766d2bec8a2c8/execute/async - {"script":"<script> [776 bytes]","args":[{"enterText":"3","selector":{"id":"application-managecontracts-display-component---AddNewContract--numberInput","interaction":{"idSuffix":"inner"}},"clearTextFirst":true,"interactionType":"ENTER_TEXT"}]}
RESULT: {"script":"<script> [776 bytes]","args":[{"enterText":"3","selector":{"id":"application-managecontracts-display-component---AddNewContract--numberInput","interaction":{"idSuffix":"inner"}},"clearTextFirst":true,"interactionType":"ENTER_TEXT"}]}
COMMAND: POST /session/17938e7f8541bcff555766d2bec8a2c8/execute/async - {"script":"<script> [1562 bytes]","args":[{"selector":{"id":"application-managecontracts-display-component---AddNewContract--cityInput","interaction":{"idSuffix":"inner"}},"wdio_ui5_key":"applicationmanagecontracts-display-component---AddNewContract--cityInput"}]}
RESULT: {"script":"<script> [1562 bytes]","args":[{"selector":{"id":"application-managecontracts-display-component---AddNewContract--cityInput","interaction":{"idSuffix":"inner"}},"wdio_ui5_key":"applicationmanagecontracts-display-component---AddNewContract--cityInput"}]}
RESULT: undefined
COMMAND: POST /session/17938e7f8541bcff555766d2bec8a2c8/execute/async - {"script":"<script> [776 bytes]","args":[{"enterText":"Bucharest","selector":{"id":"application-managecontracts-display-component---AddNewContract--cityInput","interaction":{"idSuffix":"inner"}},"clearTextFirst":true,"interactionType":"ENTER_TEXT"}]}
RESULT: {"script":"<script> [776 bytes]","args":[{"enterText":"Bucharest","selector":{"id":"application-managecontracts-display-component---AddNewContract--cityInput","interaction":{"idSuffix":"inner"}},"clearTextFirst":true,"interactionType":"ENTER_TEXT"}]}
COMMAND: POST /session/17938e7f8541bcff555766d2bec8a2c8/execute/async - {"script":"<script> [1562 bytes]","args":[{"selector":{"id":"application-managecontracts-display-component---AddNewContract--zipInput","interaction":{"idSuffix":"inner"}},"wdio_ui5_key":"applicationmanagecontracts-display-component---AddNewContract--zipInput"}]}
RESULT: {"script":"<script> [1562 bytes]","args":[{"selector":{"id":"application-managecontracts-display-component---AddNewContract--zipInput","interaction":{"idSuffix":"inner"}},"wdio_ui5_key":"applicationmanagecontracts-display-component---AddNewContract--zipInput"}]}
RESULT: undefined
COMMAND: POST /session/17938e7f8541bcff555766d2bec8a2c8/execute/async - {"script":"<script> [776 bytes]","args":[{"enterText":"021210","selector":{"id":"application-managecontracts-display-component---AddNewContract--zipInput","interaction":{"idSuffix":"inner"}},"clearTextFirst":true,"interactionType":"ENTER_TEXT"}]}
RESULT: {"script":"<script> [776 bytes]","args":[{"enterText":"021210","selector":{"id":"application-managecontracts-display-component---AddNewContract--zipInput","interaction":{"idSuffix":"inner"}},"clearTextFirst":true,"interactionType":"ENTER_TEXT"}]}
COMMAND: POST /session/17938e7f8541bcff555766d2bec8a2c8/element - {"using":"xpath","value":"//bdi[contains(@id ,\"application-managecontracts-display-component---AddNewContract--saveBtn-BDI-content\")]"}
RESULT: {"using":"xpath","value":"//bdi[contains(@id ,\"application-managecontracts-display-component---AddNewContract--saveBtn-BDI-content\")]"}
COMMAND: POST /session/17938e7f8541bcff555766d2bec8a2c8/element/f.0F1FAEEE2861019DFD6915B8D9C967AD.d.F5AF37FBFF1EE3DF4BF7E201F8F22C69.e.10314/click - {}
RESULT: {}
COMMAND: GET /session/17938e7f8541bcff555766d2bec8a2c8/screenshot - {}
RESULT: {}
COMMAND: POST /session/17938e7f8541bcff555766d2bec8a2c8/element - {"using":"xpath","value":"//button[contains(@data-kt ,\"contractDetailEditBtnButton\")]"}
RESULT: {"using":"xpath","value":"//button[contains(@data-kt ,\"contractDetailEditBtnButton\")]"}
COMMAND: POST /session/17938e7f8541bcff555766d2bec8a2c8/execute/sync - {"script":"<script> [8489 bytes]","args":[{"element-6066-11e4-a52e-4f735466cecf":"f.0F1FAEEE2861019DFD6915B8D9C967AD.d.F5AF37FBFF1EE3DF4BF7E201F8F22C69.e.10373","ELEMENT":"f.0F1FAEEE2861019DFD6915B8D9C967AD.d.F5AF37FBFF1EE3DF4BF7E201F8F22C69.e.10373"}]}
RESULT: {"script":"<script> [8489 bytes]","args":[{"element-6066-11e4-a52e-4f735466cecf":"f.0F1FAEEE2861019DFD6915B8D9C967AD.d.F5AF37FBFF1EE3DF4BF7E201F8F22C69.e.10373","ELEMENT":"f.0F1FAEEE2861019DFD6915B8D9C967AD.d.F5AF37FBFF1EE3DF4BF7E201F8F22C69.e.10373"}]}
COMMAND: POST /session/17938e7f8541bcff555766d2bec8a2c8/execute/sync - {"script":"<script> [8489 bytes]","args":[{"element-6066-11e4-a52e-4f735466cecf":"f.0F1FAEEE2861019DFD6915B8D9C967AD.d.F5AF37FBFF1EE3DF4BF7E201F8F22C69.e.10373","ELEMENT":"f.0F1FAEEE2861019DFD6915B8D9C967AD.d.F5AF37FBFF1EE3DF4BF7E201F8F22C69.e.10373"}]}
COMMAND: GET /session/17938e7f8541bcff555766d2bec8a2c8/screenshot - {}
RESULT: {"script":"<script> [8489 bytes]","args":[{"element-6066-11e4-a52e-4f735466cecf":"f.0F1FAEEE2861019DFD6915B8D9C967AD.d.F5AF37FBFF1EE3DF4BF7E201F8F22C69.e.10373","ELEMENT":"f.0F1FAEEE2861019DFD6915B8D9C967AD.d.F5AF37FBFF1EE3DF4BF7E201F8F22C69.e.10373"}]}
COMMAND: POST /session/17938e7f8541bcff555766d2bec8a2c8/execute/sync - {"script":"<script> [5351 bytes]","args":[{"element-6066-11e4-a52e-4f735466cecf":"f.0F1FAEEE2861019DFD6915B8D9C967AD.d.F5AF37FBFF1EE3DF4BF7E201F8F22C69.e.10373","ELEMENT":"f.0F1FAEEE2861019DFD6915B8D9C967AD.d.F5AF37FBFF1EE3DF4BF7E201F8F22C69.e.10373"}]}
COMMAND: GET /session/17938e7f8541bcff555766d2bec8a2c8/screenshot - {}
RESULT: {}
RESULT: {"script":"<script> [5351 bytes]","args":[{"element-6066-11e4-a52e-4f735466cecf":"f.0F1FAEEE2861019DFD6915B8D9C967AD.d.F5AF37FBFF1EE3DF4BF7E201F8F22C69.e.10373","ELEMENT":"f.0F1FAEEE2861019DFD6915B8D9C967AD.d.F5AF37FBFF1EE3DF4BF7E201F8F22C69.e.10373"}]}
COMMAND: POST /session/17938e7f8541bcff555766d2bec8a2c8/execute/async - {"script":"<script> [1562 bytes]","args":[{"selector":{"controlType":"sap.m.Text","viewName":"etm.portal.ui.managecontracts.view.Detail","bindingPath":{"propertyPath":"LINK_TO_C_CONTRACT_TYPES/DESCRIPTION","modelName":"catalogModel"}},"wdio_ui5_key":"etmportal.ui.managecontracts.view.Detailsap.m.Text{\"propertyPath\":\"LINK_TO_C_CONTRACT_TYPES/DESCRIPTION\",\"modelName\":\"catalogModel\"}"}]}
COMMAND: GET /session/17938e7f8541bcff555766d2bec8a2c8/screenshot - {}
RESULT: {}
RESULT: {"script":"<script> [1562 bytes]","args":[{"selector":{"controlType":"sap.m.Text","viewName":"etm.portal.ui.managecontracts.view.Detail","bindingPath":{"propertyPath":"LINK_TO_C_CONTRACT_TYPES/DESCRIPTION","modelName":"catalogModel"}},"wdio_ui5_key":"etmportal.ui.managecontracts.view.Detailsap.m.Text{\"propertyPath\":\"LINK_TO_C_CONTRACT_TYPES/DESCRIPTION\",\"modelName\":\"catalogModel\"}"}]}
RESULT: undefined
COMMAND: POST /session/17938e7f8541bcff555766d2bec8a2c8/execute/async - {"script":"<script> [6424 bytes]","args":[{"element-6066-11e4-a52e-4f735466cecf":"f.0F1FAEEE2861019DFD6915B8D9C967AD.d.F5AF37FBFF1EE3DF4BF7E201F8F22C69.e.10375"},"getText",[]]}
RESULT: {}
RESULT: {"script":"<script> [6424 bytes]","args":[{"element-6066-11e4-a52e-4f735466cecf":"f.0F1FAEEE2861019DFD6915B8D9C967AD.d.F5AF37FBFF1EE3DF4BF7E201F8F22C69.e.10375"},"getText",[]]}
COMMAND: POST /session/17938e7f8541bcff555766d2bec8a2c8/element/f.0F1FAEEE2861019DFD6915B8D9C967AD.d.F5AF37FBFF1EE3DF4BF7E201F8F22C69.e.10373/click - {}
RESULT: {}
COMMAND: GET /session/17938e7f8541bcff555766d2bec8a2c8/screenshot - {}
RESULT: {}
]]></system-out>
    </testcase>
    <testcase classname="chrome.137_0_7151_56.windows.Reduced_contract_US151275" name="Should add a RU to the contract" time="46.816">
      <system-out><![CDATA[
COMMAND: POST /session/17938e7f8541bcff555766d2bec8a2c8/element - {"using":"xpath","value":"(//span[contains(text(), \"Header Billing Items\")])[2]"}
RESULT: {"using":"xpath","value":"(//span[contains(text(), \"Header Billing Items\")])[2]"}
COMMAND: POST /session/17938e7f8541bcff555766d2bec8a2c8/element/f.0F1FAEEE2861019DFD6915B8D9C967AD.d.F5AF37FBFF1EE3DF4BF7E201F8F22C69.e.10418/click - {}
RESULT: {}
COMMAND: GET /session/17938e7f8541bcff555766d2bec8a2c8/screenshot - {}
RESULT: {}
COMMAND: POST /session/17938e7f8541bcff555766d2bec8a2c8/element - {"using":"xpath","value":"//button[@data-kt=\"btnAddTableRowOverflowToolbarButton\"]"}
RESULT: {"using":"xpath","value":"//button[@data-kt=\"btnAddTableRowOverflowToolbarButton\"]"}
COMMAND: POST /session/17938e7f8541bcff555766d2bec8a2c8/element/f.0F1FAEEE2861019DFD6915B8D9C967AD.d.F5AF37FBFF1EE3DF4BF7E201F8F22C69.e.10421/click - {}
RESULT: {}
COMMAND: GET /session/17938e7f8541bcff555766d2bec8a2c8/screenshot - {}
RESULT: {}
COMMAND: POST /session/17938e7f8541bcff555766d2bec8a2c8/element - {"using":"xpath","value":"//div[(text() = 'Standard Entry' or . = 'Standard Entry')]"}
RESULT: {"using":"xpath","value":"//div[(text() = 'Standard Entry' or . = 'Standard Entry')]"}
COMMAND: POST /session/17938e7f8541bcff555766d2bec8a2c8/element/f.0F1FAEEE2861019DFD6915B8D9C967AD.d.F5AF37FBFF1EE3DF4BF7E201F8F22C69.e.10423/click - {}
RESULT: {}
COMMAND: POST /session/17938e7f8541bcff555766d2bec8a2c8/element - {"using":"xpath","value":"//td[6]/div/div/input[1]"}
COMMAND: GET /session/17938e7f8541bcff555766d2bec8a2c8/screenshot - {}
RESULT: {"using":"xpath","value":"//td[6]/div/div/input[1]"}
COMMAND: POST /session/17938e7f8541bcff555766d2bec8a2c8/element/f.0F1FAEEE2861019DFD6915B8D9C967AD.d.F5AF37FBFF1EE3DF4BF7E201F8F22C69.e.10425/click - {}
RESULT: {}
RESULT: {}
COMMAND: POST /session/17938e7f8541bcff555766d2bec8a2c8/actions - {"actions":[{"id":"action60","type":"key","parameters":{},"actions":[{"type":"keyDown","value":"î€ƒ"},{"type":"pause","duration":10},{"type":"keyUp","value":"î€ƒ"}]}]}
COMMAND: GET /session/17938e7f8541bcff555766d2bec8a2c8/screenshot - {}
RESULT: {"actions":[{"id":"action60","type":"key","parameters":{},"actions":[{"type":"keyDown","value":"î€ƒ"},{"type":"pause","duration":10},{"type":"keyUp","value":"î€ƒ"}]}]}
COMMAND: POST /session/17938e7f8541bcff555766d2bec8a2c8/element - {"using":"xpath","value":"//td[6]/div/div/input[1]"}
COMMAND: GET /session/17938e7f8541bcff555766d2bec8a2c8/screenshot - {}
RESULT: {}
RESULT: {"using":"xpath","value":"//td[6]/div/div/input[1]"}
COMMAND: POST /session/17938e7f8541bcff555766d2bec8a2c8/element/f.0F1FAEEE2861019DFD6915B8D9C967AD.d.F5AF37FBFF1EE3DF4BF7E201F8F22C69.e.10425/clear - {}
RESULT: {}
RESULT: {}
COMMAND: POST /session/17938e7f8541bcff555766d2bec8a2c8/element/f.0F1FAEEE2861019DFD6915B8D9C967AD.d.F5AF37FBFF1EE3DF4BF7E201F8F22C69.e.10425/value - {"text":"Material"}
COMMAND: GET /session/17938e7f8541bcff555766d2bec8a2c8/screenshot - {}
RESULT: {"text":"Material"}
COMMAND: GET /session/17938e7f8541bcff555766d2bec8a2c8/screenshot - {}
RESULT: {}
RESULT: {}
COMMAND: POST /session/17938e7f8541bcff555766d2bec8a2c8/actions - {"actions":[{"id":"action61","type":"key","parameters":{},"actions":[{"type":"keyDown","value":"î€‡"},{"type":"pause","duration":10},{"type":"keyUp","value":"î€‡"}]}]}
RESULT: {"actions":[{"id":"action61","type":"key","parameters":{},"actions":[{"type":"keyDown","value":"î€‡"},{"type":"pause","duration":10},{"type":"keyUp","value":"î€‡"}]}]}
COMMAND: GET /session/17938e7f8541bcff555766d2bec8a2c8/screenshot - {}
RESULT: {}
COMMAND: POST /session/17938e7f8541bcff555766d2bec8a2c8/actions - {"actions":[{"id":"action62","type":"key","parameters":{},"actions":[{"type":"keyDown","value":"î€‡"},{"type":"pause","duration":10},{"type":"keyUp","value":"î€‡"}]}]}
RESULT: {"actions":[{"id":"action62","type":"key","parameters":{},"actions":[{"type":"keyDown","value":"î€‡"},{"type":"pause","duration":10},{"type":"keyUp","value":"î€‡"}]}]}
COMMAND: POST /session/17938e7f8541bcff555766d2bec8a2c8/element - {"using":"xpath","value":"//td[7]/div/div/input"}
COMMAND: GET /session/17938e7f8541bcff555766d2bec8a2c8/screenshot - {}
RESULT: {"using":"xpath","value":"//td[7]/div/div/input"}
COMMAND: POST /session/17938e7f8541bcff555766d2bec8a2c8/element/f.0F1FAEEE2861019DFD6915B8D9C967AD.d.F5AF37FBFF1EE3DF4BF7E201F8F22C69.e.10438/clear - {}
RESULT: {}
RESULT: {}
COMMAND: POST /session/17938e7f8541bcff555766d2bec8a2c8/element/f.0F1FAEEE2861019DFD6915B8D9C967AD.d.F5AF37FBFF1EE3DF4BF7E201F8F22C69.e.10438/value - {"text":"WebdriverRUR2C"}
COMMAND: GET /session/17938e7f8541bcff555766d2bec8a2c8/screenshot - {}
RESULT: {"text":"WebdriverRUR2C"}
COMMAND: GET /session/17938e7f8541bcff555766d2bec8a2c8/screenshot - {}
RESULT: {}
RESULT: {}
COMMAND: POST /session/17938e7f8541bcff555766d2bec8a2c8/actions - {"actions":[{"id":"action63","type":"key","parameters":{},"actions":[{"type":"keyDown","value":"î€‡"},{"type":"pause","duration":10},{"type":"keyUp","value":"î€‡"}]}]}
RESULT: {"actions":[{"id":"action63","type":"key","parameters":{},"actions":[{"type":"keyDown","value":"î€‡"},{"type":"pause","duration":10},{"type":"keyUp","value":"î€‡"}]}]}
COMMAND: GET /session/17938e7f8541bcff555766d2bec8a2c8/screenshot - {}
COMMAND: POST /session/17938e7f8541bcff555766d2bec8a2c8/actions - {"actions":[{"id":"action64","type":"key","parameters":{},"actions":[{"type":"keyDown","value":"î€‡"},{"type":"pause","duration":10},{"type":"keyUp","value":"î€‡"}]}]}
RESULT: {}
RESULT: {"actions":[{"id":"action64","type":"key","parameters":{},"actions":[{"type":"keyDown","value":"î€‡"},{"type":"pause","duration":10},{"type":"keyUp","value":"î€‡"}]}]}
COMMAND: GET /session/17938e7f8541bcff555766d2bec8a2c8/screenshot - {}
RESULT: {}
COMMAND: POST /session/17938e7f8541bcff555766d2bec8a2c8/element - {"using":"xpath","value":"(//button[@data-kt=\"saveButton\"])[2]"}
RESULT: {"using":"xpath","value":"(//button[@data-kt=\"saveButton\"])[2]"}
COMMAND: POST /session/17938e7f8541bcff555766d2bec8a2c8/element/f.0F1FAEEE2861019DFD6915B8D9C967AD.d.F5AF37FBFF1EE3DF4BF7E201F8F22C69.e.10463/click - {}
RESULT: {}
COMMAND: GET /session/17938e7f8541bcff555766d2bec8a2c8/screenshot - {}
RESULT: {}
COMMAND: POST /session/17938e7f8541bcff555766d2bec8a2c8/element - {"using":"xpath","value":"//button[contains(@data-kt ,\"contractDetailEditBtnButton\")]"}
RESULT: {"using":"xpath","value":"//button[contains(@data-kt ,\"contractDetailEditBtnButton\")]"}
COMMAND: POST /session/17938e7f8541bcff555766d2bec8a2c8/execute/sync - {"script":"<script> [8489 bytes]","args":[{"element-6066-11e4-a52e-4f735466cecf":"f.0F1FAEEE2861019DFD6915B8D9C967AD.d.F5AF37FBFF1EE3DF4BF7E201F8F22C69.e.10373","ELEMENT":"f.0F1FAEEE2861019DFD6915B8D9C967AD.d.F5AF37FBFF1EE3DF4BF7E201F8F22C69.e.10373"}]}
RESULT: {"script":"<script> [8489 bytes]","args":[{"element-6066-11e4-a52e-4f735466cecf":"f.0F1FAEEE2861019DFD6915B8D9C967AD.d.F5AF37FBFF1EE3DF4BF7E201F8F22C69.e.10373","ELEMENT":"f.0F1FAEEE2861019DFD6915B8D9C967AD.d.F5AF37FBFF1EE3DF4BF7E201F8F22C69.e.10373"}]}
COMMAND: POST /session/17938e7f8541bcff555766d2bec8a2c8/execute/sync - {"script":"<script> [8489 bytes]","args":[{"element-6066-11e4-a52e-4f735466cecf":"f.0F1FAEEE2861019DFD6915B8D9C967AD.d.F5AF37FBFF1EE3DF4BF7E201F8F22C69.e.10373","ELEMENT":"f.0F1FAEEE2861019DFD6915B8D9C967AD.d.F5AF37FBFF1EE3DF4BF7E201F8F22C69.e.10373"}]}
COMMAND: GET /session/17938e7f8541bcff555766d2bec8a2c8/screenshot - {}
RESULT: {"script":"<script> [8489 bytes]","args":[{"element-6066-11e4-a52e-4f735466cecf":"f.0F1FAEEE2861019DFD6915B8D9C967AD.d.F5AF37FBFF1EE3DF4BF7E201F8F22C69.e.10373","ELEMENT":"f.0F1FAEEE2861019DFD6915B8D9C967AD.d.F5AF37FBFF1EE3DF4BF7E201F8F22C69.e.10373"}]}
COMMAND: POST /session/17938e7f8541bcff555766d2bec8a2c8/execute/sync - {"script":"<script> [5351 bytes]","args":[{"element-6066-11e4-a52e-4f735466cecf":"f.0F1FAEEE2861019DFD6915B8D9C967AD.d.F5AF37FBFF1EE3DF4BF7E201F8F22C69.e.10373","ELEMENT":"f.0F1FAEEE2861019DFD6915B8D9C967AD.d.F5AF37FBFF1EE3DF4BF7E201F8F22C69.e.10373"}]}
COMMAND: GET /session/17938e7f8541bcff555766d2bec8a2c8/screenshot - {}
RESULT: {}
RESULT: {"script":"<script> [5351 bytes]","args":[{"element-6066-11e4-a52e-4f735466cecf":"f.0F1FAEEE2861019DFD6915B8D9C967AD.d.F5AF37FBFF1EE3DF4BF7E201F8F22C69.e.10373","ELEMENT":"f.0F1FAEEE2861019DFD6915B8D9C967AD.d.F5AF37FBFF1EE3DF4BF7E201F8F22C69.e.10373"}]}
COMMAND: POST /session/17938e7f8541bcff555766d2bec8a2c8/element - {"using":"xpath","value":"(//span[contains(text(), \"Header Billing Items\")])[1]"}
COMMAND: GET /session/17938e7f8541bcff555766d2bec8a2c8/screenshot - {}
RESULT: {}
RESULT: {"using":"xpath","value":"(//span[contains(text(), \"Header Billing Items\")])[1]"}
COMMAND: POST /session/17938e7f8541bcff555766d2bec8a2c8/element/f.0F1FAEEE2861019DFD6915B8D9C967AD.d.F5AF37FBFF1EE3DF4BF7E201F8F22C69.e.10466/click - {}
RESULT: {}
RESULT: {}
COMMAND: GET /session/17938e7f8541bcff555766d2bec8a2c8/screenshot - {}
RESULT: {}
COMMAND: POST /session/17938e7f8541bcff555766d2bec8a2c8/execute/async - {"script":"<script> [1562 bytes]","args":[{"selector":{"controlType":"sap.m.Title","viewName":"etm.portal.ui.managecontracts.view.Detail","properties":{"text":"Contract Items (1)"}},"wdio_ui5_key":"etmportal.ui.managecontracts.view.Detailsap.m.Title{\"text\":\"Contract Items (1)\"}"}]}
RESULT: {"script":"<script> [1562 bytes]","args":[{"selector":{"controlType":"sap.m.Title","viewName":"etm.portal.ui.managecontracts.view.Detail","properties":{"text":"Contract Items (1)"}},"wdio_ui5_key":"etmportal.ui.managecontracts.view.Detailsap.m.Title{\"text\":\"Contract Items (1)\"}"}]}
RESULT: undefined
COMMAND: POST /session/17938e7f8541bcff555766d2bec8a2c8/execute/async - {"script":"<script> [6424 bytes]","args":[{"element-6066-11e4-a52e-4f735466cecf":"f.0F1FAEEE2861019DFD6915B8D9C967AD.d.F5AF37FBFF1EE3DF4BF7E201F8F22C69.e.10468"},"getText",[]]}
RESULT: {"script":"<script> [6424 bytes]","args":[{"element-6066-11e4-a52e-4f735466cecf":"f.0F1FAEEE2861019DFD6915B8D9C967AD.d.F5AF37FBFF1EE3DF4BF7E201F8F22C69.e.10468"},"getText",[]]}
COMMAND: POST /session/17938e7f8541bcff555766d2bec8a2c8/element - {"using":"xpath","value":"(//span[contains(@class ,\"sapMObjStatusText\")])[1]"}
RESULT: {"using":"xpath","value":"(//span[contains(@class ,\"sapMObjStatusText\")])[1]"}
COMMAND: GET /session/17938e7f8541bcff555766d2bec8a2c8/element/f.0F1FAEEE2861019DFD6915B8D9C967AD.d.F5AF37FBFF1EE3DF4BF7E201F8F22C69.e.10469/text - {}
RESULT: {}
COMMAND: POST /session/17938e7f8541bcff555766d2bec8a2c8/refresh - {}
RESULT: {}
COMMAND: GET /session/17938e7f8541bcff555766d2bec8a2c8/screenshot - {}
RESULT: {}
COMMAND: POST /session/17938e7f8541bcff555766d2bec8a2c8/execute/async - {"script":"<script> [189 bytes]","args":[]}
RESULT: {"script":"<script> [189 bytes]","args":[]}
COMMAND: POST /session/17938e7f8541bcff555766d2bec8a2c8/execute/async - {"script":"<script> [123 bytes]","args":[]}
RESULT: {"script":"<script> [123 bytes]","args":[]}
COMMAND: POST /session/17938e7f8541bcff555766d2bec8a2c8/timeouts - {"script":"<number>"}
RESULT: {"script":"<number>"}
COMMAND: GET /session/17938e7f8541bcff555766d2bec8a2c8/timeouts - {}
RESULT: {}
RESULT: undefined
COMMAND: POST /session/17938e7f8541bcff555766d2bec8a2c8/execute/async - {"script":"<script> [2676 bytes]","args":[]}
RESULT: {"script":"<script> [2676 bytes]","args":[]}
COMMAND: POST /session/17938e7f8541bcff555766d2bec8a2c8/execute/async - {"script":"<script> [2342 bytes]","args":[{"protocol":"http","hostname":"0.0.0.0","path":"/","capabilities":{"browserName":"chrome","goog:chromeOptions":{"binary":"C:\\Program Files\\Google\\Chrome\\Application\\chrome.exe","args":["--start-maximized"]}},"logLevel":"warn","connectionRetryTimeout":120000,"connectionRetryCount":3,"logLevels":{},"enableDirectConnect":true,"strictSSL":true,"_":"65 more keys: [\"cacheDir\",\"port\",\"requestedCapabilities\",\"automationProtocol\",\"baseUrl\",\"waitforInterval\",\"waitforTimeout\",\"onReload\",\"beforeCommand\",\"afterCommand\",\"rootDir\",\"specs\",\"suites\",\"exclude\",\"groupLogsByTestSpec\",\"excludeDriverLogs\",\"bail\",\"framework\",\"reporters\",\"services\",\"maxInstances\",\"maxInstancesPerCapability\",\"injectGlobals\",\"filesToWatch\",\"execArgv\",\"runnerEnv\",\"runner\",\"shard\",\"specFileRetries\",\"specFileRetriesDelay\",\"specFileRetriesDeferred\",\"reporterSyncInterval\",\"reporterSyncTimeout\",\"cucumberFeaturesWithLineNumbers\",\"autoCompileOpts\",\"mochaOpts\",\"jasmineOpts\",\"cucumberOpts\",\"onPrepare\",\"onWorkerStart\",\"onWorkerEnd\",\"before\",\"beforeSession\",\"beforeSuite\",\"beforeHook\",\"beforeTest\",\"afterTest\",\"afterHook\",\"afterSuite\",\"afterSession\",\"after\",\"onComplete\",\"beforeAssertion\",\"afterAssertion\",\"beforeFeature\",\"beforeScenario\",\"beforeStep\",\"afterStep\",\"afterScenario\",\"afterFeature\",\"_\",\"suite\",\"$0\",\"ignoredWorkerServices\",\"wdi5\"]"}]}
RESULT: {"script":"<script> [2342 bytes]","args":[{"protocol":"http","hostname":"0.0.0.0","path":"/","capabilities":{"browserName":"chrome","goog:chromeOptions":{"binary":"C:\\Program Files\\Google\\Chrome\\Application\\chrome.exe","args":["--start-maximized"]}},"logLevel":"warn","connectionRetryTimeout":120000,"connectionRetryCount":3,"logLevels":{},"enableDirectConnect":true,"strictSSL":true,"_":"65 more keys: [\"cacheDir\",\"port\",\"requestedCapabilities\",\"automationProtocol\",\"baseUrl\",\"waitforInterval\",\"waitforTimeout\",\"onReload\",\"beforeCommand\",\"afterCommand\",\"rootDir\",\"specs\",\"suites\",\"exclude\",\"groupLogsByTestSpec\",\"excludeDriverLogs\",\"bail\",\"framework\",\"reporters\",\"services\",\"maxInstances\",\"maxInstancesPerCapability\",\"injectGlobals\",\"filesToWatch\",\"execArgv\",\"runnerEnv\",\"runner\",\"shard\",\"specFileRetries\",\"specFileRetriesDelay\",\"specFileRetriesDeferred\",\"reporterSyncInterval\",\"reporterSyncTimeout\",\"cucumberFeaturesWithLineNumbers\",\"autoCompileOpts\",\"mochaOpts\",\"jasmineOpts\",\"cucumberOpts\",\"onPrepare\",\"onWorkerStart\",\"onWorkerEnd\",\"before\",\"beforeSession\",\"beforeSuite\",\"beforeHook\",\"beforeTest\",\"afterTest\",\"afterHook\",\"afterSuite\",\"afterSession\",\"after\",\"onComplete\",\"beforeAssertion\",\"afterAssertion\",\"beforeFeature\",\"beforeScenario\",\"beforeStep\",\"afterStep\",\"afterScenario\",\"afterFeature\",\"_\",\"suite\",\"$0\",\"ignoredWorkerServices\",\"wdi5\"]"}]}
COMMAND: POST /session/17938e7f8541bcff555766d2bec8a2c8/execute/async - {"script":"<script> [21126 bytes]","args":[35000]}
RESULT: {"script":"<script> [21126 bytes]","args":[35000]}
COMMAND: POST /session/17938e7f8541bcff555766d2bec8a2c8/element - {"using":"css selector","value":"#shell-header-logo"}
RESULT: {"using":"css selector","value":"#shell-header-logo"}
COMMAND: POST /session/17938e7f8541bcff555766d2bec8a2c8/element/f.0F1FAEEE2861019DFD6915B8D9C967AD.d.99EAFA87E133262DCDBA4554F1983C98.e.10476/click - {}
RESULT: {}
COMMAND: GET /session/17938e7f8541bcff555766d2bec8a2c8/screenshot - {}
RESULT: {}
]]></system-out>
    </testcase>
  </testsuite>
  <testsuite timestamp="2025-06-05T18:19:42" time="1404.044" tests="7" failures="0" errors="0" skipped="0">
    <properties>
      <property name="specId" value="0" />
      <property name="suiteName" value="E2E - Logistical and commercial statuses" />
      <property name="capabilities" value="chrome.137_0_7151_56.windows" />
      <property name="file" value="file:///D:/a/1/s/test/specs/R2C/E2E-Logistical-and-commercial-status.spec.js" />
    </properties>
    <testcase classname="chrome.137_0_7151_56.windows.E2E_-_Logistical_and_commercial_statuses" name="Should create prerequisites yard partner and site" time="307.09">
      <system-out><![CDATA[
COMMAND: POST /session/17938e7f8541bcff555766d2bec8a2c8/execute/async - {"script":"<script> [1562 bytes]","args":[{"selector":{"controlType":"sap.m.GenericTile","properties":{"header":"Manage Yards"}},"wdio_ui5_key":"sapm.GenericTile{\"header\":\"Manage Yards\"}"}]}
RESULT: {"script":"<script> [1562 bytes]","args":[{"selector":{"controlType":"sap.m.GenericTile","properties":{"header":"Manage Yards"}},"wdio_ui5_key":"sapm.GenericTile{\"header\":\"Manage Yards\"}"}]}
RESULT: undefined
COMMAND: POST /session/17938e7f8541bcff555766d2bec8a2c8/element - {"using":"xpath","value":"//*[@id=\"__tile41\"]"}
RESULT: {"using":"xpath","value":"//*[@id=\"__tile41\"]"}
COMMAND: POST /session/17938e7f8541bcff555766d2bec8a2c8/element/f.0F1FAEEE2861019DFD6915B8D9C967AD.d.99EAFA87E133262DCDBA4554F1983C98.e.10706/click - {}
RESULT: {}
COMMAND: GET /session/17938e7f8541bcff555766d2bec8a2c8/screenshot - {}
RESULT: {}
COMMAND: POST /session/17938e7f8541bcff555766d2bec8a2c8/elements - {"using":"xpath","value":"//span[text()='Error']"}
RESULT: {"using":"xpath","value":"//span[text()='Error']"}
COMMAND: POST /session/17938e7f8541bcff555766d2bec8a2c8/execute/async - {"script":"<script> [1562 bytes]","args":[{"selector":{"controlType":"sap.ui.core.Icon","viewName":"etm.portal.ui.manageyards.view.Master","viewId":"application-manageyards-display-component---masterYard","properties":{"src":{"regex":{"source":"add"}}}},"wdio_ui5_key":"etmportal.ui.manageyards.view.Mastersap.ui.core.Icon{\"src\":{\"regex\":{\"source\":\"add\"}}}"}]}
RESULT: {"script":"<script> [1562 bytes]","args":[{"selector":{"controlType":"sap.ui.core.Icon","viewName":"etm.portal.ui.manageyards.view.Master","viewId":"application-manageyards-display-component---masterYard","properties":{"src":{"regex":{"source":"add"}}}},"wdio_ui5_key":"etmportal.ui.manageyards.view.Mastersap.ui.core.Icon{\"src\":{\"regex\":{\"source\":\"add\"}}}"}]}
RESULT: undefined
COMMAND: POST /session/17938e7f8541bcff555766d2bec8a2c8/element - {"using":"xpath","value":"//*[@id=\"__button14-img\"]"}
RESULT: {"using":"xpath","value":"//*[@id=\"__button14-img\"]"}
COMMAND: POST /session/17938e7f8541bcff555766d2bec8a2c8/element/f.0F1FAEEE2861019DFD6915B8D9C967AD.d.99EAFA87E133262DCDBA4554F1983C98.e.10749/click - {}
RESULT: {}
COMMAND: GET /session/17938e7f8541bcff555766d2bec8a2c8/screenshot - {}
RESULT: {}
COMMAND: POST /session/17938e7f8541bcff555766d2bec8a2c8/execute/async - {"script":"<script> [1562 bytes]","args":[{"selector":{"id":"application-manageyards-display-component---NewYard--yardId","interaction":{"idSuffix":"inner"}},"wdio_ui5_key":"applicationmanageyards-display-component---NewYard--yardId"}]}
RESULT: {"script":"<script> [1562 bytes]","args":[{"selector":{"id":"application-manageyards-display-component---NewYard--yardId","interaction":{"idSuffix":"inner"}},"wdio_ui5_key":"applicationmanageyards-display-component---NewYard--yardId"}]}
RESULT: undefined
COMMAND: POST /session/17938e7f8541bcff555766d2bec8a2c8/element - {"using":"xpath","value":"//*[@id=\"application-manageyards-display-component---NewYard--addressDetailDetailsName1-inner\"]"}
RESULT: {"using":"xpath","value":"//*[@id=\"application-manageyards-display-component---NewYard--addressDetailDetailsName1-inner\"]"}
COMMAND: POST /session/17938e7f8541bcff555766d2bec8a2c8/element/f.0F1FAEEE2861019DFD6915B8D9C967AD.d.99EAFA87E133262DCDBA4554F1983C98.e.10973/clear - {}
RESULT: {}
COMMAND: POST /session/17938e7f8541bcff555766d2bec8a2c8/element/f.0F1FAEEE2861019DFD6915B8D9C967AD.d.99EAFA87E133262DCDBA4554F1983C98.e.10973/value - {"text":"WebdriverYardjawrt"}
COMMAND: GET /session/17938e7f8541bcff555766d2bec8a2c8/screenshot - {}
RESULT: {"text":"WebdriverYardjawrt"}
COMMAND: POST /session/17938e7f8541bcff555766d2bec8a2c8/element - {"using":"xpath","value":"//*[@id=\"application-manageyards-display-component---NewYard--addressDetailDetailsLanguage-inner\"]"}
COMMAND: GET /session/17938e7f8541bcff555766d2bec8a2c8/screenshot - {}
RESULT: {}
RESULT: {"using":"xpath","value":"//*[@id=\"application-manageyards-display-component---NewYard--addressDetailDetailsLanguage-inner\"]"}
COMMAND: POST /session/17938e7f8541bcff555766d2bec8a2c8/element/f.0F1FAEEE2861019DFD6915B8D9C967AD.d.99EAFA87E133262DCDBA4554F1983C98.e.10974/clear - {}
RESULT: {}
RESULT: {}
COMMAND: POST /session/17938e7f8541bcff555766d2bec8a2c8/element/f.0F1FAEEE2861019DFD6915B8D9C967AD.d.99EAFA87E133262DCDBA4554F1983C98.e.10974/value - {"text":"Romanian"}
COMMAND: GET /session/17938e7f8541bcff555766d2bec8a2c8/screenshot - {}
RESULT: {"text":"Romanian"}
COMMAND: POST /session/17938e7f8541bcff555766d2bec8a2c8/element - {"using":"xpath","value":"//input[contains(@id ,\"application-manageyards-display-component---NewYard--addressDetailDetailsName1-inner\")]"}
COMMAND: GET /session/17938e7f8541bcff555766d2bec8a2c8/screenshot - {}
RESULT: {}
RESULT: {"using":"xpath","value":"//input[contains(@id ,\"application-manageyards-display-component---NewYard--addressDetailDetailsName1-inner\")]"}
COMMAND: GET /session/17938e7f8541bcff555766d2bec8a2c8/element/f.0F1FAEEE2861019DFD6915B8D9C967AD.d.99EAFA87E133262DCDBA4554F1983C98.e.10973/property/value - {}
RESULT: {}
RESULT: {}
COMMAND: GET /session/17938e7f8541bcff555766d2bec8a2c8/screenshot - {}
RESULT: {}
COMMAND: POST /session/17938e7f8541bcff555766d2bec8a2c8/element - {"using":"xpath","value":"//*[@id=\"application-manageyards-display-component---NewYard--addressDetailDetailsCity1-inner\"]"}
RESULT: {"using":"xpath","value":"//*[@id=\"application-manageyards-display-component---NewYard--addressDetailDetailsCity1-inner\"]"}
COMMAND: POST /session/17938e7f8541bcff555766d2bec8a2c8/element/f.0F1FAEEE2861019DFD6915B8D9C967AD.d.99EAFA87E133262DCDBA4554F1983C98.e.10976/clear - {}
RESULT: {}
COMMAND: POST /session/17938e7f8541bcff555766d2bec8a2c8/element/f.0F1FAEEE2861019DFD6915B8D9C967AD.d.99EAFA87E133262DCDBA4554F1983C98.e.10976/value - {"text":"Bucuresti"}
COMMAND: GET /session/17938e7f8541bcff555766d2bec8a2c8/screenshot - {}
RESULT: {"text":"Bucuresti"}
COMMAND: GET /session/17938e7f8541bcff555766d2bec8a2c8/screenshot - {}
RESULT: {}
RESULT: {}
COMMAND: POST /session/17938e7f8541bcff555766d2bec8a2c8/element - {"using":"xpath","value":"//*[@id=\"application-manageyards-display-component---NewYard--addressDetailDetailsCountry-inner\"]"}
RESULT: {"using":"xpath","value":"//*[@id=\"application-manageyards-display-component---NewYard--addressDetailDetailsCountry-inner\"]"}
COMMAND: POST /session/17938e7f8541bcff555766d2bec8a2c8/element/f.0F1FAEEE2861019DFD6915B8D9C967AD.d.99EAFA87E133262DCDBA4554F1983C98.e.10980/clear - {}
RESULT: {}
COMMAND: POST /session/17938e7f8541bcff555766d2bec8a2c8/element/f.0F1FAEEE2861019DFD6915B8D9C967AD.d.99EAFA87E133262DCDBA4554F1983C98.e.10980/value - {"text":"Romania"}
COMMAND: GET /session/17938e7f8541bcff555766d2bec8a2c8/screenshot - {}
RESULT: {"text":"Romania"}
COMMAND: GET /session/17938e7f8541bcff555766d2bec8a2c8/screenshot - {}
RESULT: {}
RESULT: {}
COMMAND: POST /session/17938e7f8541bcff555766d2bec8a2c8/element - {"using":"xpath","value":"//div[contains(text(), \"Commercial\")]"}
RESULT: {"using":"xpath","value":"//div[contains(text(), \"Commercial\")]"}
COMMAND: GET /session/17938e7f8541bcff555766d2bec8a2c8/element/f.0F1FAEEE2861019DFD6915B8D9C967AD.d.99EAFA87E133262DCDBA4554F1983C98.e.11166/rect - {}
RESULT: {}
COMMAND: GET /session/17938e7f8541bcff555766d2bec8a2c8/window/rect - {}
RESULT: {}
COMMAND: POST /session/17938e7f8541bcff555766d2bec8a2c8/execute/sync - {"script":"<script> [92 bytes]","args":[]}
RESULT: {"script":"<script> [92 bytes]","args":[]}
COMMAND: POST /session/17938e7f8541bcff555766d2bec8a2c8/actions - {"actions":[{"id":"action65","type":"wheel","parameters":{},"actions":[{"type":"scroll","x":-1841,"y":-44,"deltaX":0,"deltaY":0,"duration":0,"origin":{"element-6066-11e4-a52e-4f735466cecf":"f.0F1FAEEE2861019DFD6915B8D9C967AD.d.99EAFA87E133262DCDBA4554F1983C98.e.11166"}}]}]}
COMMAND: GET /session/17938e7f8541bcff555766d2bec8a2c8/screenshot - {}
RESULT: {}
COMMAND: POST /session/17938e7f8541bcff555766d2bec8a2c8/execute/sync - {"script":"<script> [79 bytes]","args":[{"element-6066-11e4-a52e-4f735466cecf":"f.0F1FAEEE2861019DFD6915B8D9C967AD.d.99EAFA87E133262DCDBA4554F1983C98.e.11166","ELEMENT":"f.0F1FAEEE2861019DFD6915B8D9C967AD.d.99EAFA87E133262DCDBA4554F1983C98.e.11166"},{"block":"start","inline":"nearest"}]}
RESULT: {"script":"<script> [79 bytes]","args":[{"element-6066-11e4-a52e-4f735466cecf":"f.0F1FAEEE2861019DFD6915B8D9C967AD.d.99EAFA87E133262DCDBA4554F1983C98.e.11166","ELEMENT":"f.0F1FAEEE2861019DFD6915B8D9C967AD.d.99EAFA87E133262DCDBA4554F1983C98.e.11166"},{"block":"start","inline":"nearest"}]}
COMMAND: GET /session/17938e7f8541bcff555766d2bec8a2c8/screenshot - {}
RESULT: {}
COMMAND: POST /session/17938e7f8541bcff555766d2bec8a2c8/execute/async - {"script":"<script> [1562 bytes]","args":[{"selector":{"id":"application-manageyards-display-component---NewYard--addressEditDetailsCostObjectCstType-arrow"},"wdio_ui5_key":"applicationmanageyards-display-component---NewYard--addressEditDetailsCostObjectCstType-arrow"}]}
RESULT: {"script":"<script> [1562 bytes]","args":[{"selector":{"id":"application-manageyards-display-component---NewYard--addressEditDetailsCostObjectCstType-arrow"},"wdio_ui5_key":"applicationmanageyards-display-component---NewYard--addressEditDetailsCostObjectCstType-arrow"}]}
RESULT: undefined
COMMAND: POST /session/17938e7f8541bcff555766d2bec8a2c8/element - {"using":"xpath","value":"//*[@id=\"application-manageyards-display-component---NewYard--addressEditDetailsCostObjectCstType-arrow\"]"}
RESULT: {"using":"xpath","value":"//*[@id=\"application-manageyards-display-component---NewYard--addressEditDetailsCostObjectCstType-arrow\"]"}
COMMAND: POST /session/17938e7f8541bcff555766d2bec8a2c8/element/f.0F1FAEEE2861019DFD6915B8D9C967AD.d.99EAFA87E133262DCDBA4554F1983C98.e.11174/click - {}
RESULT: {}
COMMAND: POST /session/17938e7f8541bcff555766d2bec8a2c8/element - {"using":"xpath","value":"//span[contains(text(), \"Cost Center\")]"}
COMMAND: GET /session/17938e7f8541bcff555766d2bec8a2c8/screenshot - {}
RESULT: {"using":"xpath","value":"//span[contains(text(), \"Cost Center\")]"}
COMMAND: POST /session/17938e7f8541bcff555766d2bec8a2c8/element/f.0F1FAEEE2861019DFD6915B8D9C967AD.d.99EAFA87E133262DCDBA4554F1983C98.e.11175/click - {}
RESULT: {}
RESULT: {}
COMMAND: GET /session/17938e7f8541bcff555766d2bec8a2c8/screenshot - {}
RESULT: {}
COMMAND: POST /session/17938e7f8541bcff555766d2bec8a2c8/execute/async - {"script":"<script> [1562 bytes]","args":[{"selector":{"id":"application-manageyards-display-component---NewYard--addressNewCostObjectCstID-vhi"},"wdio_ui5_key":"applicationmanageyards-display-component---NewYard--addressNewCostObjectCstID-vhi"}]}
RESULT: {"script":"<script> [1562 bytes]","args":[{"selector":{"id":"application-manageyards-display-component---NewYard--addressNewCostObjectCstID-vhi"},"wdio_ui5_key":"applicationmanageyards-display-component---NewYard--addressNewCostObjectCstID-vhi"}]}
RESULT: undefined
COMMAND: POST /session/17938e7f8541bcff555766d2bec8a2c8/element - {"using":"xpath","value":"//*[@id=\"application-manageyards-display-component---NewYard--addressNewCostObjectCstID-vhi\"]"}
RESULT: {"using":"xpath","value":"//*[@id=\"application-manageyards-display-component---NewYard--addressNewCostObjectCstID-vhi\"]"}
COMMAND: POST /session/17938e7f8541bcff555766d2bec8a2c8/element/f.0F1FAEEE2861019DFD6915B8D9C967AD.d.99EAFA87E133262DCDBA4554F1983C98.e.11179/click - {}
RESULT: {}
COMMAND: GET /session/17938e7f8541bcff555766d2bec8a2c8/screenshot - {}
RESULT: {}
COMMAND: POST /session/17938e7f8541bcff555766d2bec8a2c8/execute/async - {"script":"<script> [1562 bytes]","args":[{"selector":{"controlType":"sap.m.SearchField","properties":{"placeholder":"Search"},"searchOpenDialogs":true,"interaction":{"idSuffix":"I"}},"wdio_ui5_key":"sapm.SearchField{\"placeholder\":\"Search\"}"}]}
RESULT: {"script":"<script> [1562 bytes]","args":[{"selector":{"controlType":"sap.m.SearchField","properties":{"placeholder":"Search"},"searchOpenDialogs":true,"interaction":{"idSuffix":"I"}},"wdio_ui5_key":"sapm.SearchField{\"placeholder\":\"Search\"}"}]}
RESULT: undefined
COMMAND: POST /session/17938e7f8541bcff555766d2bec8a2c8/execute/async - {"script":"<script> [776 bytes]","args":[{"enterText":"10001013","selector":{"controlType":"sap.m.SearchField","properties":{"placeholder":"Search"},"searchOpenDialogs":true,"interaction":{"idSuffix":"I"}},"clearTextFirst":true,"interactionType":"ENTER_TEXT"}]}
RESULT: {"script":"<script> [776 bytes]","args":[{"enterText":"10001013","selector":{"controlType":"sap.m.SearchField","properties":{"placeholder":"Search"},"searchOpenDialogs":true,"interaction":{"idSuffix":"I"}},"clearTextFirst":true,"interactionType":"ENTER_TEXT"}]}
COMMAND: POST /session/17938e7f8541bcff555766d2bec8a2c8/actions - {"actions":[{"id":"action66","type":"key","parameters":{},"actions":[{"type":"keyDown","value":"î€‡"},{"type":"pause","duration":10},{"type":"keyUp","value":"î€‡"}]}]}
RESULT: {"actions":[{"id":"action66","type":"key","parameters":{},"actions":[{"type":"keyDown","value":"î€‡"},{"type":"pause","duration":10},{"type":"keyUp","value":"î€‡"}]}]}
COMMAND: GET /session/17938e7f8541bcff555766d2bec8a2c8/screenshot - {}
RESULT: {}
COMMAND: POST /session/17938e7f8541bcff555766d2bec8a2c8/element - {"using":"xpath","value":"//span[contains(text(), \"General Management\")]"}
RESULT: {"using":"xpath","value":"//span[contains(text(), \"General Management\")]"}
COMMAND: POST /session/17938e7f8541bcff555766d2bec8a2c8/element/f.0F1FAEEE2861019DFD6915B8D9C967AD.d.99EAFA87E133262DCDBA4554F1983C98.e.11220/click - {}
RESULT: {}
COMMAND: GET /session/17938e7f8541bcff555766d2bec8a2c8/screenshot - {}
RESULT: {}
COMMAND: POST /session/17938e7f8541bcff555766d2bec8a2c8/element - {"using":"xpath","value":"//bdi[contains(text(), \"OK\")]"}
RESULT: {"using":"xpath","value":"//bdi[contains(text(), \"OK\")]"}
COMMAND: POST /session/17938e7f8541bcff555766d2bec8a2c8/element/f.0F1FAEEE2861019DFD6915B8D9C967AD.d.99EAFA87E133262DCDBA4554F1983C98.e.11221/click - {}
RESULT: {}
COMMAND: GET /session/17938e7f8541bcff555766d2bec8a2c8/screenshot - {}
RESULT: {}
COMMAND: POST /session/17938e7f8541bcff555766d2bec8a2c8/execute/async - {"script":"<script> [1562 bytes]","args":[{"selector":{"controlType":"sap.m.Button","viewName":"etm.portal.ui.manageyards.view.New","viewId":"application-manageyards-display-component---NewYard","i18NText":{"propertyName":"text","key":"save"},"interaction":{"idSuffix":"inner"}},"wdio_ui5_key":"etmportal.ui.manageyards.view.Newsap.m.Button{\"propertyName\":\"text\",\"key\":\"save\"}"}]}
RESULT: {"script":"<script> [1562 bytes]","args":[{"selector":{"controlType":"sap.m.Button","viewName":"etm.portal.ui.manageyards.view.New","viewId":"application-manageyards-display-component---NewYard","i18NText":{"propertyName":"text","key":"save"},"interaction":{"idSuffix":"inner"}},"wdio_ui5_key":"etmportal.ui.manageyards.view.Newsap.m.Button{\"propertyName\":\"text\",\"key\":\"save\"}"}]}
RESULT: undefined
COMMAND: POST /session/17938e7f8541bcff555766d2bec8a2c8/element - {"using":"xpath","value":"//*[@id=\"__button28\"]"}
RESULT: {"using":"xpath","value":"//*[@id=\"__button28\"]"}
COMMAND: POST /session/17938e7f8541bcff555766d2bec8a2c8/element/f.0F1FAEEE2861019DFD6915B8D9C967AD.d.99EAFA87E133262DCDBA4554F1983C98.e.11147/click - {}
RESULT: {}
COMMAND: GET /session/17938e7f8541bcff555766d2bec8a2c8/screenshot - {}
RESULT: {}
COMMAND: POST /session/17938e7f8541bcff555766d2bec8a2c8/element - {"using":"xpath","value":"//header/div/div[2]/div[2]/span"}
RESULT: {"using":"xpath","value":"//header/div/div[2]/div[2]/span"}
COMMAND: GET /session/17938e7f8541bcff555766d2bec8a2c8/element/f.0F1FAEEE2861019DFD6915B8D9C967AD.d.99EAFA87E133262DCDBA4554F1983C98.e.11417/text - {}
RESULT: {}
COMMAND: POST /session/17938e7f8541bcff555766d2bec8a2c8/execute/async - {"script":"<script> [1562 bytes]","args":[{"selector":{"controlType":"sap.m.OverflowToolbarButton","viewName":"etm.portal.ui.manageyards.view.Detail","viewId":"application-manageyards-display-component---detailYard","i18NText":{"propertyName":"tooltip","key":"closeColumn"},"interaction":{"idSuffix":"inner"}},"wdio_ui5_key":"etmportal.ui.manageyards.view.Detailsap.m.OverflowToolbarButton{\"propertyName\":\"tooltip\",\"key\":\"closeColumn\"}"}]}
RESULT: {"script":"<script> [1562 bytes]","args":[{"selector":{"controlType":"sap.m.OverflowToolbarButton","viewName":"etm.portal.ui.manageyards.view.Detail","viewId":"application-manageyards-display-component---detailYard","i18NText":{"propertyName":"tooltip","key":"closeColumn"},"interaction":{"idSuffix":"inner"}},"wdio_ui5_key":"etmportal.ui.manageyards.view.Detailsap.m.OverflowToolbarButton{\"propertyName\":\"tooltip\",\"key\":\"closeColumn\"}"}]}
RESULT: undefined
COMMAND: POST /session/17938e7f8541bcff555766d2bec8a2c8/element - {"using":"xpath","value":"//*[@id=\"__button52\"]"}
RESULT: {"using":"xpath","value":"//*[@id=\"__button52\"]"}
COMMAND: POST /session/17938e7f8541bcff555766d2bec8a2c8/element/f.0F1FAEEE2861019DFD6915B8D9C967AD.d.99EAFA87E133262DCDBA4554F1983C98.e.11419/click - {}
RESULT: {}
COMMAND: GET /session/17938e7f8541bcff555766d2bec8a2c8/screenshot - {}
RESULT: {}
COMMAND: POST /session/17938e7f8541bcff555766d2bec8a2c8/element - {"using":"css selector","value":"#shell-header-logo"}
RESULT: {"using":"css selector","value":"#shell-header-logo"}
COMMAND: POST /session/17938e7f8541bcff555766d2bec8a2c8/element/f.0F1FAEEE2861019DFD6915B8D9C967AD.d.99EAFA87E133262DCDBA4554F1983C98.e.10709/click - {}
RESULT: {}
COMMAND: GET /session/17938e7f8541bcff555766d2bec8a2c8/screenshot - {}
RESULT: {}
COMMAND: POST /session/17938e7f8541bcff555766d2bec8a2c8/refresh - {}
RESULT: {}
COMMAND: GET /session/17938e7f8541bcff555766d2bec8a2c8/screenshot - {}
RESULT: {}
COMMAND: POST /session/17938e7f8541bcff555766d2bec8a2c8/execute/async - {"script":"<script> [189 bytes]","args":[]}
RESULT: {"script":"<script> [189 bytes]","args":[]}
COMMAND: POST /session/17938e7f8541bcff555766d2bec8a2c8/execute/async - {"script":"<script> [123 bytes]","args":[]}
RESULT: {"script":"<script> [123 bytes]","args":[]}
COMMAND: POST /session/17938e7f8541bcff555766d2bec8a2c8/timeouts - {"script":"<number>"}
RESULT: {"script":"<number>"}
COMMAND: GET /session/17938e7f8541bcff555766d2bec8a2c8/timeouts - {}
RESULT: {}
RESULT: undefined
COMMAND: POST /session/17938e7f8541bcff555766d2bec8a2c8/execute/async - {"script":"<script> [2676 bytes]","args":[]}
RESULT: {"script":"<script> [2676 bytes]","args":[]}
COMMAND: POST /session/17938e7f8541bcff555766d2bec8a2c8/execute/async - {"script":"<script> [2342 bytes]","args":[{"protocol":"http","hostname":"0.0.0.0","path":"/","capabilities":{"browserName":"chrome","goog:chromeOptions":{"binary":"C:\\Program Files\\Google\\Chrome\\Application\\chrome.exe","args":["--start-maximized"]}},"logLevel":"warn","connectionRetryTimeout":120000,"connectionRetryCount":3,"logLevels":{},"enableDirectConnect":true,"strictSSL":true,"_":"65 more keys: [\"cacheDir\",\"port\",\"requestedCapabilities\",\"automationProtocol\",\"baseUrl\",\"waitforInterval\",\"waitforTimeout\",\"onReload\",\"beforeCommand\",\"afterCommand\",\"rootDir\",\"specs\",\"suites\",\"exclude\",\"groupLogsByTestSpec\",\"excludeDriverLogs\",\"bail\",\"framework\",\"reporters\",\"services\",\"maxInstances\",\"maxInstancesPerCapability\",\"injectGlobals\",\"filesToWatch\",\"execArgv\",\"runnerEnv\",\"runner\",\"shard\",\"specFileRetries\",\"specFileRetriesDelay\",\"specFileRetriesDeferred\",\"reporterSyncInterval\",\"reporterSyncTimeout\",\"cucumberFeaturesWithLineNumbers\",\"autoCompileOpts\",\"mochaOpts\",\"jasmineOpts\",\"cucumberOpts\",\"onPrepare\",\"onWorkerStart\",\"onWorkerEnd\",\"before\",\"beforeSession\",\"beforeSuite\",\"beforeHook\",\"beforeTest\",\"afterTest\",\"afterHook\",\"afterSuite\",\"afterSession\",\"after\",\"onComplete\",\"beforeAssertion\",\"afterAssertion\",\"beforeFeature\",\"beforeScenario\",\"beforeStep\",\"afterStep\",\"afterScenario\",\"afterFeature\",\"_\",\"suite\",\"$0\",\"ignoredWorkerServices\",\"wdi5\"]"}]}
RESULT: {"script":"<script> [2342 bytes]","args":[{"protocol":"http","hostname":"0.0.0.0","path":"/","capabilities":{"browserName":"chrome","goog:chromeOptions":{"binary":"C:\\Program Files\\Google\\Chrome\\Application\\chrome.exe","args":["--start-maximized"]}},"logLevel":"warn","connectionRetryTimeout":120000,"connectionRetryCount":3,"logLevels":{},"enableDirectConnect":true,"strictSSL":true,"_":"65 more keys: [\"cacheDir\",\"port\",\"requestedCapabilities\",\"automationProtocol\",\"baseUrl\",\"waitforInterval\",\"waitforTimeout\",\"onReload\",\"beforeCommand\",\"afterCommand\",\"rootDir\",\"specs\",\"suites\",\"exclude\",\"groupLogsByTestSpec\",\"excludeDriverLogs\",\"bail\",\"framework\",\"reporters\",\"services\",\"maxInstances\",\"maxInstancesPerCapability\",\"injectGlobals\",\"filesToWatch\",\"execArgv\",\"runnerEnv\",\"runner\",\"shard\",\"specFileRetries\",\"specFileRetriesDelay\",\"specFileRetriesDeferred\",\"reporterSyncInterval\",\"reporterSyncTimeout\",\"cucumberFeaturesWithLineNumbers\",\"autoCompileOpts\",\"mochaOpts\",\"jasmineOpts\",\"cucumberOpts\",\"onPrepare\",\"onWorkerStart\",\"onWorkerEnd\",\"before\",\"beforeSession\",\"beforeSuite\",\"beforeHook\",\"beforeTest\",\"afterTest\",\"afterHook\",\"afterSuite\",\"afterSession\",\"after\",\"onComplete\",\"beforeAssertion\",\"afterAssertion\",\"beforeFeature\",\"beforeScenario\",\"beforeStep\",\"afterStep\",\"afterScenario\",\"afterFeature\",\"_\",\"suite\",\"$0\",\"ignoredWorkerServices\",\"wdi5\"]"}]}
COMMAND: POST /session/17938e7f8541bcff555766d2bec8a2c8/execute/async - {"script":"<script> [21126 bytes]","args":[35000]}
RESULT: {"script":"<script> [21126 bytes]","args":[35000]}
COMMAND: POST /session/17938e7f8541bcff555766d2bec8a2c8/execute/async - {"script":"<script> [1562 bytes]","args":[{"selector":{"controlType":"sap.m.GenericTile","properties":{"header":"Manage Partners"}},"wdio_ui5_key":"sapm.GenericTile{\"header\":\"Manage Partners\"}"}]}
RESULT: {"script":"<script> [1562 bytes]","args":[{"selector":{"controlType":"sap.m.GenericTile","properties":{"header":"Manage Partners"}},"wdio_ui5_key":"sapm.GenericTile{\"header\":\"Manage Partners\"}"}]}
RESULT: undefined
COMMAND: POST /session/17938e7f8541bcff555766d2bec8a2c8/element - {"using":"xpath","value":"//*[@id=\"__tile38\"]"}
RESULT: {"using":"xpath","value":"//*[@id=\"__tile38\"]"}
COMMAND: POST /session/17938e7f8541bcff555766d2bec8a2c8/element/f.0F1FAEEE2861019DFD6915B8D9C967AD.d.D56BCF98180ACA47A515CE29DFD93322.e.11778/click - {}
RESULT: {}
COMMAND: GET /session/17938e7f8541bcff555766d2bec8a2c8/screenshot - {}
RESULT: {}
COMMAND: POST /session/17938e7f8541bcff555766d2bec8a2c8/elements - {"using":"xpath","value":"//span[text()='Error']"}
RESULT: {"using":"xpath","value":"//span[text()='Error']"}
COMMAND: POST /session/17938e7f8541bcff555766d2bec8a2c8/execute/async - {"script":"<script> [1562 bytes]","args":[{"selector":{"controlType":"sap.ui.core.Icon","viewName":"etm.portal.ui.managepartners.view.Master","viewId":"application-managepartners-display-component---masterPtm","properties":{"src":{"regex":{"source":"add"}}}},"wdio_ui5_key":"etmportal.ui.managepartners.view.Mastersap.ui.core.Icon{\"src\":{\"regex\":{\"source\":\"add\"}}}"}]}
RESULT: {"script":"<script> [1562 bytes]","args":[{"selector":{"controlType":"sap.ui.core.Icon","viewName":"etm.portal.ui.managepartners.view.Master","viewId":"application-managepartners-display-component---masterPtm","properties":{"src":{"regex":{"source":"add"}}}},"wdio_ui5_key":"etmportal.ui.managepartners.view.Mastersap.ui.core.Icon{\"src\":{\"regex\":{\"source\":\"add\"}}}"}]}
RESULT: undefined
COMMAND: POST /session/17938e7f8541bcff555766d2bec8a2c8/element - {"using":"xpath","value":"//*[@id=\"__button4-img\"]"}
RESULT: {"using":"xpath","value":"//*[@id=\"__button4-img\"]"}
COMMAND: POST /session/17938e7f8541bcff555766d2bec8a2c8/element/f.0F1FAEEE2861019DFD6915B8D9C967AD.d.D56BCF98180ACA47A515CE29DFD93322.e.11829/click - {}
RESULT: {}
COMMAND: GET /session/17938e7f8541bcff555766d2bec8a2c8/screenshot - {}
RESULT: {}
COMMAND: POST /session/17938e7f8541bcff555766d2bec8a2c8/execute/async - {"script":"<script> [1562 bytes]","args":[{"selector":{"id":"application-managepartners-display-component---NewPartner--partnerId","interaction":{"idSuffix":"inner"}},"wdio_ui5_key":"applicationmanagepartners-display-component---NewPartner--partnerId"}]}
RESULT: {"script":"<script> [1562 bytes]","args":[{"selector":{"id":"application-managepartners-display-component---NewPartner--partnerId","interaction":{"idSuffix":"inner"}},"wdio_ui5_key":"applicationmanagepartners-display-component---NewPartner--partnerId"}]}
RESULT: undefined
COMMAND: POST /session/17938e7f8541bcff555766d2bec8a2c8/execute/async - {"script":"<script> [1562 bytes]","args":[{"selector":{"id":"application-managepartners-display-component---NewPartner--addressDetailDetailsName1","interaction":{"idSuffix":"inner"}},"wdio_ui5_key":"applicationmanagepartners-display-component---NewPartner--addressDetailDetailsName1"}]}
RESULT: {"script":"<script> [1562 bytes]","args":[{"selector":{"id":"application-managepartners-display-component---NewPartner--addressDetailDetailsName1","interaction":{"idSuffix":"inner"}},"wdio_ui5_key":"applicationmanagepartners-display-component---NewPartner--addressDetailDetailsName1"}]}
RESULT: undefined
COMMAND: POST /session/17938e7f8541bcff555766d2bec8a2c8/execute/async - {"script":"<script> [776 bytes]","args":[{"enterText":"WebdriverPartnerin911","selector":{"id":"application-managepartners-display-component---NewPartner--addressDetailDetailsName1","interaction":{"idSuffix":"inner"}},"clearTextFirst":true,"interactionType":"ENTER_TEXT"}]}
RESULT: {"script":"<script> [776 bytes]","args":[{"enterText":"WebdriverPartnerin911","selector":{"id":"application-managepartners-display-component---NewPartner--addressDetailDetailsName1","interaction":{"idSuffix":"inner"}},"clearTextFirst":true,"interactionType":"ENTER_TEXT"}]}
COMMAND: POST /session/17938e7f8541bcff555766d2bec8a2c8/execute/async - {"script":"<script> [1562 bytes]","args":[{"selector":{"id":"application-managepartners-display-component---NewPartner--addressDetailDetailsLanguage","interaction":{"idSuffix":"inner"}},"wdio_ui5_key":"applicationmanagepartners-display-component---NewPartner--addressDetailDetailsLanguage"}]}
RESULT: {"script":"<script> [1562 bytes]","args":[{"selector":{"id":"application-managepartners-display-component---NewPartner--addressDetailDetailsLanguage","interaction":{"idSuffix":"inner"}},"wdio_ui5_key":"applicationmanagepartners-display-component---NewPartner--addressDetailDetailsLanguage"}]}
RESULT: undefined
COMMAND: POST /session/17938e7f8541bcff555766d2bec8a2c8/execute/async - {"script":"<script> [776 bytes]","args":[{"enterText":"Romanian","selector":{"id":"application-managepartners-display-component---NewPartner--addressDetailDetailsLanguage","interaction":{"idSuffix":"inner"}},"clearTextFirst":true,"interactionType":"ENTER_TEXT"}]}
RESULT: {"script":"<script> [776 bytes]","args":[{"enterText":"Romanian","selector":{"id":"application-managepartners-display-component---NewPartner--addressDetailDetailsLanguage","interaction":{"idSuffix":"inner"}},"clearTextFirst":true,"interactionType":"ENTER_TEXT"}]}
COMMAND: POST /session/17938e7f8541bcff555766d2bec8a2c8/element - {"using":"xpath","value":"//input[contains(@id ,\"application-managepartners-display-component---NewPartner--addressDetailDetailsName1-inner\")]"}
RESULT: {"using":"xpath","value":"//input[contains(@id ,\"application-managepartners-display-component---NewPartner--addressDetailDetailsName1-inner\")]"}
COMMAND: GET /session/17938e7f8541bcff555766d2bec8a2c8/element/f.0F1FAEEE2861019DFD6915B8D9C967AD.d.D56BCF98180ACA47A515CE29DFD93322.e.12003/property/value - {}
RESULT: {}
COMMAND: POST /session/17938e7f8541bcff555766d2bec8a2c8/execute/async - {"script":"<script> [1562 bytes]","args":[{"selector":{"id":"application-managepartners-display-component---NewPartner--addressDetailDetailsCity1","interaction":{"idSuffix":"inner"}},"wdio_ui5_key":"applicationmanagepartners-display-component---NewPartner--addressDetailDetailsCity1"}]}
COMMAND: GET /session/17938e7f8541bcff555766d2bec8a2c8/screenshot - {}
RESULT: {"script":"<script> [1562 bytes]","args":[{"selector":{"id":"application-managepartners-display-component---NewPartner--addressDetailDetailsCity1","interaction":{"idSuffix":"inner"}},"wdio_ui5_key":"applicationmanagepartners-display-component---NewPartner--addressDetailDetailsCity1"}]}
RESULT: undefined
COMMAND: POST /session/17938e7f8541bcff555766d2bec8a2c8/execute/async - {"script":"<script> [776 bytes]","args":[{"enterText":"Bucharest","selector":{"id":"application-managepartners-display-component---NewPartner--addressDetailDetailsCity1","interaction":{"idSuffix":"inner"}},"clearTextFirst":true,"interactionType":"ENTER_TEXT"}]}
RESULT: {}
RESULT: {"script":"<script> [776 bytes]","args":[{"enterText":"Bucharest","selector":{"id":"application-managepartners-display-component---NewPartner--addressDetailDetailsCity1","interaction":{"idSuffix":"inner"}},"clearTextFirst":true,"interactionType":"ENTER_TEXT"}]}
COMMAND: POST /session/17938e7f8541bcff555766d2bec8a2c8/execute/async - {"script":"<script> [1562 bytes]","args":[{"selector":{"id":"application-managepartners-display-component---NewPartner--addressDetailDetailsCountry","interaction":{"idSuffix":"inner"}},"wdio_ui5_key":"applicationmanagepartners-display-component---NewPartner--addressDetailDetailsCountry"}]}
RESULT: {"script":"<script> [1562 bytes]","args":[{"selector":{"id":"application-managepartners-display-component---NewPartner--addressDetailDetailsCountry","interaction":{"idSuffix":"inner"}},"wdio_ui5_key":"applicationmanagepartners-display-component---NewPartner--addressDetailDetailsCountry"}]}
RESULT: undefined
COMMAND: POST /session/17938e7f8541bcff555766d2bec8a2c8/execute/async - {"script":"<script> [6424 bytes]","args":[{"element-6066-11e4-a52e-4f735466cecf":"f.0F1FAEEE2861019DFD6915B8D9C967AD.d.D56BCF98180ACA47A515CE29DFD93322.e.12010"},"setValue",["Romania"]]}
RESULT: {"script":"<script> [6424 bytes]","args":[{"element-6066-11e4-a52e-4f735466cecf":"f.0F1FAEEE2861019DFD6915B8D9C967AD.d.D56BCF98180ACA47A515CE29DFD93322.e.12010"},"setValue",["Romania"]]}
COMMAND: POST /session/17938e7f8541bcff555766d2bec8a2c8/execute/async - {"script":"<script> [1562 bytes]","args":[{"selector":{"id":"application-managepartners-display-component---NewPartner--partnerDetailInternal","interaction":{"idSuffix":"inner"}},"wdio_ui5_key":"applicationmanagepartners-display-component---NewPartner--partnerDetailInternal"}]}
RESULT: {"script":"<script> [1562 bytes]","args":[{"selector":{"id":"application-managepartners-display-component---NewPartner--partnerDetailInternal","interaction":{"idSuffix":"inner"}},"wdio_ui5_key":"applicationmanagepartners-display-component---NewPartner--partnerDetailInternal"}]}
RESULT: undefined
COMMAND: POST /session/17938e7f8541bcff555766d2bec8a2c8/execute/async - {"script":"<script> [776 bytes]","args":[{"enterText":"External partner","selector":{"id":"application-managepartners-display-component---NewPartner--partnerDetailInternal","interaction":{"idSuffix":"inner"}},"clearTextFirst":true,"interactionType":"ENTER_TEXT"}]}
RESULT: {"script":"<script> [776 bytes]","args":[{"enterText":"External partner","selector":{"id":"application-managepartners-display-component---NewPartner--partnerDetailInternal","interaction":{"idSuffix":"inner"}},"clearTextFirst":true,"interactionType":"ENTER_TEXT"}]}
COMMAND: POST /session/17938e7f8541bcff555766d2bec8a2c8/execute/async - {"script":"<script> [1562 bytes]","args":[{"selector":{"id":"application-managepartners-display-component---NewPartner--partnerDetailsCurrency","interaction":{"idSuffix":"inner"}},"wdio_ui5_key":"applicationmanagepartners-display-component---NewPartner--partnerDetailsCurrency"}]}
RESULT: {"script":"<script> [1562 bytes]","args":[{"selector":{"id":"application-managepartners-display-component---NewPartner--partnerDetailsCurrency","interaction":{"idSuffix":"inner"}},"wdio_ui5_key":"applicationmanagepartners-display-component---NewPartner--partnerDetailsCurrency"}]}
RESULT: undefined
COMMAND: POST /session/17938e7f8541bcff555766d2bec8a2c8/execute/async - {"script":"<script> [776 bytes]","args":[{"enterText":"Euro","selector":{"id":"application-managepartners-display-component---NewPartner--partnerDetailsCurrency","interaction":{"idSuffix":"inner"}},"clearTextFirst":true,"interactionType":"ENTER_TEXT"}]}
RESULT: {"script":"<script> [776 bytes]","args":[{"enterText":"Euro","selector":{"id":"application-managepartners-display-component---NewPartner--partnerDetailsCurrency","interaction":{"idSuffix":"inner"}},"clearTextFirst":true,"interactionType":"ENTER_TEXT"}]}
COMMAND: POST /session/17938e7f8541bcff555766d2bec8a2c8/execute/async - {"script":"<script> [1562 bytes]","args":[{"selector":{"controlType":"sap.m.Button","viewName":"etm.portal.ui.managepartners.view.NewPartner","viewId":"application-managepartners-display-component---NewPartner","properties":{"text":"Commercial"},"interaction":{"idSuffix":"BDI-content"}},"wdio_ui5_key":"etmportal.ui.managepartners.view.NewPartnersap.m.Button{\"text\":\"Commercial\"}"}]}
RESULT: {"script":"<script> [1562 bytes]","args":[{"selector":{"controlType":"sap.m.Button","viewName":"etm.portal.ui.managepartners.view.NewPartner","viewId":"application-managepartners-display-component---NewPartner","properties":{"text":"Commercial"},"interaction":{"idSuffix":"BDI-content"}},"wdio_ui5_key":"etmportal.ui.managepartners.view.NewPartnersap.m.Button{\"text\":\"Commercial\"}"}]}
RESULT: undefined
COMMAND: POST /session/17938e7f8541bcff555766d2bec8a2c8/element - {"using":"xpath","value":"//*[@id=\"application-managepartners-display-component---NewPartner--ObjectPageLayout-anchBar-__section5-anchor\"]"}
RESULT: {"using":"xpath","value":"//*[@id=\"application-managepartners-display-component---NewPartner--ObjectPageLayout-anchBar-__section5-anchor\"]"}
COMMAND: POST /session/17938e7f8541bcff555766d2bec8a2c8/element/f.0F1FAEEE2861019DFD6915B8D9C967AD.d.D56BCF98180ACA47A515CE29DFD93322.e.12250/click - {}
RESULT: {}
COMMAND: GET /session/17938e7f8541bcff555766d2bec8a2c8/screenshot - {}
RESULT: {}
COMMAND: POST /session/17938e7f8541bcff555766d2bec8a2c8/execute/async - {"script":"<script> [1562 bytes]","args":[{"selector":{"id":"application-managepartners-display-component---NewPartner--btnAddTableRow-img"},"wdio_ui5_key":"applicationmanagepartners-display-component---NewPartner--btnAddTableRow-img"}]}
RESULT: {"script":"<script> [1562 bytes]","args":[{"selector":{"id":"application-managepartners-display-component---NewPartner--btnAddTableRow-img"},"wdio_ui5_key":"applicationmanagepartners-display-component---NewPartner--btnAddTableRow-img"}]}
RESULT: undefined
COMMAND: POST /session/17938e7f8541bcff555766d2bec8a2c8/element - {"using":"xpath","value":"//*[@id=\"application-managepartners-display-component---NewPartner--btnAddTableRow-img\"]"}
RESULT: {"using":"xpath","value":"//*[@id=\"application-managepartners-display-component---NewPartner--btnAddTableRow-img\"]"}
COMMAND: POST /session/17938e7f8541bcff555766d2bec8a2c8/element/f.0F1FAEEE2861019DFD6915B8D9C967AD.d.D56BCF98180ACA47A515CE29DFD93322.e.12256/click - {}
RESULT: {}
COMMAND: POST /session/17938e7f8541bcff555766d2bec8a2c8/element - {"using":"xpath","value":"//input[contains(@id ,\"application-managepartners-display-component---NewPartner--assignmentYard-application-managepartners-display-component---NewPartner\")]"}
COMMAND: GET /session/17938e7f8541bcff555766d2bec8a2c8/screenshot - {}
RESULT: {"using":"xpath","value":"//input[contains(@id ,\"application-managepartners-display-component---NewPartner--assignmentYard-application-managepartners-display-component---NewPartner\")]"}
COMMAND: POST /session/17938e7f8541bcff555766d2bec8a2c8/element/f.0F1FAEEE2861019DFD6915B8D9C967AD.d.D56BCF98180ACA47A515CE29DFD93322.e.12259/clear - {}
RESULT: {}
RESULT: {}
COMMAND: POST /session/17938e7f8541bcff555766d2bec8a2c8/element/f.0F1FAEEE2861019DFD6915B8D9C967AD.d.D56BCF98180ACA47A515CE29DFD93322.e.12259/value - {"text":"WebdriverYardjawrt"}
COMMAND: GET /session/17938e7f8541bcff555766d2bec8a2c8/screenshot - {}
RESULT: {"text":"WebdriverYardjawrt"}
COMMAND: GET /session/17938e7f8541bcff555766d2bec8a2c8/screenshot - {}
RESULT: {}
RESULT: {}
COMMAND: POST /session/17938e7f8541bcff555766d2bec8a2c8/execute/async - {"script":"<script> [1562 bytes]","args":[{"selector":{"controlType":"sap.m.Button","viewName":"etm.portal.ui.managepartners.view.NewPartner","viewId":"application-managepartners-display-component---NewPartner","i18NText":{"propertyName":"text","key":"save"},"interaction":{"idSuffix":"BDI-content"}},"wdio_ui5_key":"etmportal.ui.managepartners.view.NewPartnersap.m.Button{\"propertyName\":\"text\",\"key\":\"save\"}"}]}
RESULT: {"script":"<script> [1562 bytes]","args":[{"selector":{"controlType":"sap.m.Button","viewName":"etm.portal.ui.managepartners.view.NewPartner","viewId":"application-managepartners-display-component---NewPartner","i18NText":{"propertyName":"text","key":"save"},"interaction":{"idSuffix":"BDI-content"}},"wdio_ui5_key":"etmportal.ui.managepartners.view.NewPartnersap.m.Button{\"propertyName\":\"text\",\"key\":\"save\"}"}]}
RESULT: undefined
COMMAND: POST /session/17938e7f8541bcff555766d2bec8a2c8/element - {"using":"xpath","value":"//*[@id=\"__button12\"]"}
RESULT: {"using":"xpath","value":"//*[@id=\"__button12\"]"}
COMMAND: POST /session/17938e7f8541bcff555766d2bec8a2c8/element/f.0F1FAEEE2861019DFD6915B8D9C967AD.d.D56BCF98180ACA47A515CE29DFD93322.e.12228/click - {}
RESULT: {}
COMMAND: GET /session/17938e7f8541bcff555766d2bec8a2c8/screenshot - {}
RESULT: {}
COMMAND: POST /session/17938e7f8541bcff555766d2bec8a2c8/element - {"using":"xpath","value":"//header/div/div[2]/div[2]/span"}
RESULT: {"using":"xpath","value":"//header/div/div[2]/div[2]/span"}
COMMAND: GET /session/17938e7f8541bcff555766d2bec8a2c8/element/f.0F1FAEEE2861019DFD6915B8D9C967AD.d.D56BCF98180ACA47A515CE29DFD93322.e.12427/text - {}
RESULT: {}
COMMAND: POST /session/17938e7f8541bcff555766d2bec8a2c8/element - {"using":"xpath","value":"//header/div/div/div/div/div/div[2]/div/span"}
RESULT: {"using":"xpath","value":"//header/div/div/div/div/div/div[2]/div/span"}
COMMAND: GET /session/17938e7f8541bcff555766d2bec8a2c8/element/f.0F1FAEEE2861019DFD6915B8D9C967AD.d.D56BCF98180ACA47A515CE29DFD93322.e.12428/text - {}
RESULT: {}
COMMAND: POST /session/17938e7f8541bcff555766d2bec8a2c8/execute/async - {"script":"<script> [1562 bytes]","args":[{"selector":{"id":"application-managepartners-display-component---detailPtm--partnerType"},"wdio_ui5_key":"applicationmanagepartners-display-component---detailPtm--partnerType"}]}
RESULT: {"script":"<script> [1562 bytes]","args":[{"selector":{"id":"application-managepartners-display-component---detailPtm--partnerType"},"wdio_ui5_key":"applicationmanagepartners-display-component---detailPtm--partnerType"}]}
RESULT: undefined
COMMAND: POST /session/17938e7f8541bcff555766d2bec8a2c8/execute/async - {"script":"<script> [6424 bytes]","args":[{"element-6066-11e4-a52e-4f735466cecf":"f.0F1FAEEE2861019DFD6915B8D9C967AD.d.D56BCF98180ACA47A515CE29DFD93322.e.12429"},"getText",[]]}
RESULT: {"script":"<script> [6424 bytes]","args":[{"element-6066-11e4-a52e-4f735466cecf":"f.0F1FAEEE2861019DFD6915B8D9C967AD.d.D56BCF98180ACA47A515CE29DFD93322.e.12429"},"getText",[]]}
COMMAND: POST /session/17938e7f8541bcff555766d2bec8a2c8/element - {"using":"css selector","value":"#shell-header-logo"}
RESULT: {"using":"css selector","value":"#shell-header-logo"}
COMMAND: POST /session/17938e7f8541bcff555766d2bec8a2c8/element/f.0F1FAEEE2861019DFD6915B8D9C967AD.d.D56BCF98180ACA47A515CE29DFD93322.e.11779/click - {}
RESULT: {}
COMMAND: GET /session/17938e7f8541bcff555766d2bec8a2c8/screenshot - {}
RESULT: {}
COMMAND: POST /session/17938e7f8541bcff555766d2bec8a2c8/execute/async - {"script":"<script> [1562 bytes]","args":[{"selector":{"controlType":"sap.m.GenericTile","properties":{"header":"Manage Sites"}},"wdio_ui5_key":"sapm.GenericTile{\"header\":\"Manage Sites\"}"}]}
RESULT: {"script":"<script> [1562 bytes]","args":[{"selector":{"controlType":"sap.m.GenericTile","properties":{"header":"Manage Sites"}},"wdio_ui5_key":"sapm.GenericTile{\"header\":\"Manage Sites\"}"}]}
RESULT: undefined
COMMAND: POST /session/17938e7f8541bcff555766d2bec8a2c8/element - {"using":"xpath","value":"//*[@id=\"__tile40\"]"}
RESULT: {"using":"xpath","value":"//*[@id=\"__tile40\"]"}
COMMAND: POST /session/17938e7f8541bcff555766d2bec8a2c8/element/f.0F1FAEEE2861019DFD6915B8D9C967AD.d.D56BCF98180ACA47A515CE29DFD93322.e.12431/click - {}
RESULT: {}
COMMAND: GET /session/17938e7f8541bcff555766d2bec8a2c8/screenshot - {}
RESULT: {}
COMMAND: POST /session/17938e7f8541bcff555766d2bec8a2c8/elements - {"using":"xpath","value":"//span[text()='Error']"}
RESULT: {"using":"xpath","value":"//span[text()='Error']"}
COMMAND: POST /session/17938e7f8541bcff555766d2bec8a2c8/execute/async - {"script":"<script> [1562 bytes]","args":[{"selector":{"controlType":"sap.ui.core.Icon","viewName":"etm.portal.ui.managesites.view.Master","viewId":"application-managesites-display-component---masterSite","properties":{"src":{"regex":{"source":"add"}}}},"wdio_ui5_key":"etmportal.ui.managesites.view.Mastersap.ui.core.Icon{\"src\":{\"regex\":{\"source\":\"add\"}}}"}]}
RESULT: {"script":"<script> [1562 bytes]","args":[{"selector":{"controlType":"sap.ui.core.Icon","viewName":"etm.portal.ui.managesites.view.Master","viewId":"application-managesites-display-component---masterSite","properties":{"src":{"regex":{"source":"add"}}}},"wdio_ui5_key":"etmportal.ui.managesites.view.Mastersap.ui.core.Icon{\"src\":{\"regex\":{\"source\":\"add\"}}}"}]}
RESULT: undefined
COMMAND: POST /session/17938e7f8541bcff555766d2bec8a2c8/element - {"using":"xpath","value":"//*[@id=\"__button52-img\"]"}
RESULT: {"using":"xpath","value":"//*[@id=\"__button52-img\"]"}
COMMAND: POST /session/17938e7f8541bcff555766d2bec8a2c8/element/f.0F1FAEEE2861019DFD6915B8D9C967AD.d.D56BCF98180ACA47A515CE29DFD93322.e.12480/click - {}
RESULT: {}
COMMAND: POST /session/17938e7f8541bcff555766d2bec8a2c8/execute/async - {"script":"<script> [1562 bytes]","args":[{"selector":{"id":"application-managesites-display-component---NewSite--siteId","interaction":{"idSuffix":"inner"}},"wdio_ui5_key":"applicationmanagesites-display-component---NewSite--siteId"}]}
COMMAND: GET /session/17938e7f8541bcff555766d2bec8a2c8/screenshot - {}
RESULT: {"script":"<script> [1562 bytes]","args":[{"selector":{"id":"application-managesites-display-component---NewSite--siteId","interaction":{"idSuffix":"inner"}},"wdio_ui5_key":"applicationmanagesites-display-component---NewSite--siteId"}]}
RESULT: undefined
COMMAND: POST /session/17938e7f8541bcff555766d2bec8a2c8/execute/async - {"script":"<script> [1562 bytes]","args":[{"selector":{"id":"application-managesites-display-component---NewSite--addressDetailDetailsName1","interaction":{"idSuffix":"inner"}},"wdio_ui5_key":"applicationmanagesites-display-component---NewSite--addressDetailDetailsName1"}]}
RESULT: {}
RESULT: {"script":"<script> [1562 bytes]","args":[{"selector":{"id":"application-managesites-display-component---NewSite--addressDetailDetailsName1","interaction":{"idSuffix":"inner"}},"wdio_ui5_key":"applicationmanagesites-display-component---NewSite--addressDetailDetailsName1"}]}
RESULT: undefined
COMMAND: POST /session/17938e7f8541bcff555766d2bec8a2c8/execute/async - {"script":"<script> [776 bytes]","args":[{"enterText":"WebdriverSitehfgme","selector":{"id":"application-managesites-display-component---NewSite--addressDetailDetailsName1","interaction":{"idSuffix":"inner"}},"clearTextFirst":true,"interactionType":"ENTER_TEXT"}]}
RESULT: {"script":"<script> [776 bytes]","args":[{"enterText":"WebdriverSitehfgme","selector":{"id":"application-managesites-display-component---NewSite--addressDetailDetailsName1","interaction":{"idSuffix":"inner"}},"clearTextFirst":true,"interactionType":"ENTER_TEXT"}]}
COMMAND: POST /session/17938e7f8541bcff555766d2bec8a2c8/execute/async - {"script":"<script> [1562 bytes]","args":[{"selector":{"id":"application-managesites-display-component---NewSite--addressDetailDetailsLanguage","interaction":{"idSuffix":"inner"}},"wdio_ui5_key":"applicationmanagesites-display-component---NewSite--addressDetailDetailsLanguage"}]}
RESULT: {"script":"<script> [1562 bytes]","args":[{"selector":{"id":"application-managesites-display-component---NewSite--addressDetailDetailsLanguage","interaction":{"idSuffix":"inner"}},"wdio_ui5_key":"applicationmanagesites-display-component---NewSite--addressDetailDetailsLanguage"}]}
RESULT: undefined
COMMAND: POST /session/17938e7f8541bcff555766d2bec8a2c8/execute/async - {"script":"<script> [776 bytes]","args":[{"enterText":"Romanian","selector":{"id":"application-managesites-display-component---NewSite--addressDetailDetailsLanguage","interaction":{"idSuffix":"inner"}},"clearTextFirst":true,"interactionType":"ENTER_TEXT"}]}
RESULT: {"script":"<script> [776 bytes]","args":[{"enterText":"Romanian","selector":{"id":"application-managesites-display-component---NewSite--addressDetailDetailsLanguage","interaction":{"idSuffix":"inner"}},"clearTextFirst":true,"interactionType":"ENTER_TEXT"}]}
COMMAND: POST /session/17938e7f8541bcff555766d2bec8a2c8/execute/async - {"script":"<script> [1562 bytes]","args":[{"selector":{"id":"application-managesites-display-component---NewSite--addressDetailDetailsCity1","interaction":{"idSuffix":"inner"}},"wdio_ui5_key":"applicationmanagesites-display-component---NewSite--addressDetailDetailsCity1"}]}
RESULT: {"script":"<script> [1562 bytes]","args":[{"selector":{"id":"application-managesites-display-component---NewSite--addressDetailDetailsCity1","interaction":{"idSuffix":"inner"}},"wdio_ui5_key":"applicationmanagesites-display-component---NewSite--addressDetailDetailsCity1"}]}
RESULT: undefined
COMMAND: POST /session/17938e7f8541bcff555766d2bec8a2c8/execute/async - {"script":"<script> [776 bytes]","args":[{"enterText":"Bucharest","selector":{"id":"application-managesites-display-component---NewSite--addressDetailDetailsCity1","interaction":{"idSuffix":"inner"}},"clearTextFirst":true,"interactionType":"ENTER_TEXT"}]}
RESULT: {"script":"<script> [776 bytes]","args":[{"enterText":"Bucharest","selector":{"id":"application-managesites-display-component---NewSite--addressDetailDetailsCity1","interaction":{"idSuffix":"inner"}},"clearTextFirst":true,"interactionType":"ENTER_TEXT"}]}
COMMAND: POST /session/17938e7f8541bcff555766d2bec8a2c8/execute/async - {"script":"<script> [1562 bytes]","args":[{"selector":{"id":"application-managesites-display-component---NewSite--addressDetailDetailsCountry","interaction":{"idSuffix":"inner"}},"wdio_ui5_key":"applicationmanagesites-display-component---NewSite--addressDetailDetailsCountry"}]}
RESULT: {"script":"<script> [1562 bytes]","args":[{"selector":{"id":"application-managesites-display-component---NewSite--addressDetailDetailsCountry","interaction":{"idSuffix":"inner"}},"wdio_ui5_key":"applicationmanagesites-display-component---NewSite--addressDetailDetailsCountry"}]}
RESULT: undefined
COMMAND: POST /session/17938e7f8541bcff555766d2bec8a2c8/execute/async - {"script":"<script> [776 bytes]","args":[{"enterText":"Romania","selector":{"id":"application-managesites-display-component---NewSite--addressDetailDetailsCountry","interaction":{"idSuffix":"inner"}},"clearTextFirst":true,"interactionType":"ENTER_TEXT"}]}
RESULT: {"script":"<script> [776 bytes]","args":[{"enterText":"Romania","selector":{"id":"application-managesites-display-component---NewSite--addressDetailDetailsCountry","interaction":{"idSuffix":"inner"}},"clearTextFirst":true,"interactionType":"ENTER_TEXT"}]}
COMMAND: POST /session/17938e7f8541bcff555766d2bec8a2c8/element - {"using":"css selector","value":"#application-managesites-display-component---NewSite--addressDetailDetailsCalendar-inner"}
RESULT: {"using":"css selector","value":"#application-managesites-display-component---NewSite--addressDetailDetailsCalendar-inner"}
COMMAND: POST /session/17938e7f8541bcff555766d2bec8a2c8/element/f.0F1FAEEE2861019DFD6915B8D9C967AD.d.D56BCF98180ACA47A515CE29DFD93322.e.12878/clear - {}
RESULT: {}
COMMAND: POST /session/17938e7f8541bcff555766d2bec8a2c8/element/f.0F1FAEEE2861019DFD6915B8D9C967AD.d.D56BCF98180ACA47A515CE29DFD93322.e.12878/value - {"text":"Germany"}
COMMAND: GET /session/17938e7f8541bcff555766d2bec8a2c8/screenshot - {}
RESULT: {"text":"Germany"}
COMMAND: POST /session/17938e7f8541bcff555766d2bec8a2c8/execute/async - {"script":"<script> [1562 bytes]","args":[{"selector":{"id":"application-managesites-display-component---NewSite--addressEditDetailsCostObjectCstType-arrow"},"wdio_ui5_key":"applicationmanagesites-display-component---NewSite--addressEditDetailsCostObjectCstType-arrow"}]}
COMMAND: GET /session/17938e7f8541bcff555766d2bec8a2c8/screenshot - {}
RESULT: {}
RESULT: {}
RESULT: {"script":"<script> [1562 bytes]","args":[{"selector":{"id":"application-managesites-display-component---NewSite--addressEditDetailsCostObjectCstType-arrow"},"wdio_ui5_key":"applicationmanagesites-display-component---NewSite--addressEditDetailsCostObjectCstType-arrow"}]}
RESULT: undefined
COMMAND: POST /session/17938e7f8541bcff555766d2bec8a2c8/element - {"using":"xpath","value":"//*[@id=\"application-managesites-display-component---NewSite--addressEditDetailsCostObjectCstType-arrow\"]"}
RESULT: {"using":"xpath","value":"//*[@id=\"application-managesites-display-component---NewSite--addressEditDetailsCostObjectCstType-arrow\"]"}
COMMAND: POST /session/17938e7f8541bcff555766d2bec8a2c8/element/f.0F1FAEEE2861019DFD6915B8D9C967AD.d.D56BCF98180ACA47A515CE29DFD93322.e.13051/click - {}
RESULT: {}
COMMAND: POST /session/17938e7f8541bcff555766d2bec8a2c8/element - {"using":"xpath","value":"//span[contains(text(), \"Work Breakdown Structure\")]"}
COMMAND: GET /session/17938e7f8541bcff555766d2bec8a2c8/screenshot - {}
RESULT: {"using":"xpath","value":"//span[contains(text(), \"Work Breakdown Structure\")]"}
COMMAND: POST /session/17938e7f8541bcff555766d2bec8a2c8/element/f.0F1FAEEE2861019DFD6915B8D9C967AD.d.D56BCF98180ACA47A515CE29DFD93322.e.13052/click - {}
RESULT: {}
RESULT: {}
COMMAND: GET /session/17938e7f8541bcff555766d2bec8a2c8/screenshot - {}
RESULT: {}
COMMAND: POST /session/17938e7f8541bcff555766d2bec8a2c8/execute/async - {"script":"<script> [1562 bytes]","args":[{"selector":{"id":"application-managesites-display-component---NewSite--addressNewCostObjectCstID-vhi"},"wdio_ui5_key":"applicationmanagesites-display-component---NewSite--addressNewCostObjectCstID-vhi"}]}
RESULT: {"script":"<script> [1562 bytes]","args":[{"selector":{"id":"application-managesites-display-component---NewSite--addressNewCostObjectCstID-vhi"},"wdio_ui5_key":"applicationmanagesites-display-component---NewSite--addressNewCostObjectCstID-vhi"}]}
RESULT: undefined
COMMAND: POST /session/17938e7f8541bcff555766d2bec8a2c8/element - {"using":"xpath","value":"//*[@id=\"application-managesites-display-component---NewSite--addressNewCostObjectCstID-vhi\"]"}
RESULT: {"using":"xpath","value":"//*[@id=\"application-managesites-display-component---NewSite--addressNewCostObjectCstID-vhi\"]"}
COMMAND: POST /session/17938e7f8541bcff555766d2bec8a2c8/element/f.0F1FAEEE2861019DFD6915B8D9C967AD.d.D56BCF98180ACA47A515CE29DFD93322.e.13057/click - {}
RESULT: {}
COMMAND: GET /session/17938e7f8541bcff555766d2bec8a2c8/screenshot - {}
RESULT: {}
COMMAND: POST /session/17938e7f8541bcff555766d2bec8a2c8/execute/async - {"script":"<script> [1562 bytes]","args":[{"selector":{"controlType":"sap.m.SearchField","properties":{"placeholder":"Search"},"searchOpenDialogs":true,"interaction":{"idSuffix":"I"}},"wdio_ui5_key":"sapm.SearchField{\"placeholder\":\"Search\"}"}]}
RESULT: {"script":"<script> [1562 bytes]","args":[{"selector":{"controlType":"sap.m.SearchField","properties":{"placeholder":"Search"},"searchOpenDialogs":true,"interaction":{"idSuffix":"I"}},"wdio_ui5_key":"sapm.SearchField{\"placeholder\":\"Search\"}"}]}
RESULT: undefined
COMMAND: POST /session/17938e7f8541bcff555766d2bec8a2c8/execute/async - {"script":"<script> [776 bytes]","args":[{"enterText":"A1-000100-01","selector":{"controlType":"sap.m.SearchField","properties":{"placeholder":"Search"},"searchOpenDialogs":true,"interaction":{"idSuffix":"I"}},"clearTextFirst":true,"interactionType":"ENTER_TEXT"}]}
RESULT: {"script":"<script> [776 bytes]","args":[{"enterText":"A1-000100-01","selector":{"controlType":"sap.m.SearchField","properties":{"placeholder":"Search"},"searchOpenDialogs":true,"interaction":{"idSuffix":"I"}},"clearTextFirst":true,"interactionType":"ENTER_TEXT"}]}
COMMAND: POST /session/17938e7f8541bcff555766d2bec8a2c8/actions - {"actions":[{"id":"action67","type":"key","parameters":{},"actions":[{"type":"keyDown","value":"î€‡"},{"type":"pause","duration":10},{"type":"keyUp","value":"î€‡"}]}]}
RESULT: {"actions":[{"id":"action67","type":"key","parameters":{},"actions":[{"type":"keyDown","value":"î€‡"},{"type":"pause","duration":10},{"type":"keyUp","value":"î€‡"}]}]}
COMMAND: GET /session/17938e7f8541bcff555766d2bec8a2c8/screenshot - {}
RESULT: {}
COMMAND: POST /session/17938e7f8541bcff555766d2bec8a2c8/element - {"using":"xpath","value":"//span[contains(text(), \"Template for ETO-Process\")]"}
RESULT: {"using":"xpath","value":"//span[contains(text(), \"Template for ETO-Process\")]"}
COMMAND: POST /session/17938e7f8541bcff555766d2bec8a2c8/element/f.0F1FAEEE2861019DFD6915B8D9C967AD.d.D56BCF98180ACA47A515CE29DFD93322.e.13076/click - {}
RESULT: {}
COMMAND: GET /session/17938e7f8541bcff555766d2bec8a2c8/screenshot - {}
RESULT: {}
COMMAND: POST /session/17938e7f8541bcff555766d2bec8a2c8/element - {"using":"xpath","value":"//bdi[contains(text(), \"OK\")]"}
RESULT: {"using":"xpath","value":"//bdi[contains(text(), \"OK\")]"}
COMMAND: POST /session/17938e7f8541bcff555766d2bec8a2c8/element/f.0F1FAEEE2861019DFD6915B8D9C967AD.d.D56BCF98180ACA47A515CE29DFD93322.e.13077/click - {}
RESULT: {}
COMMAND: GET /session/17938e7f8541bcff555766d2bec8a2c8/screenshot - {}
RESULT: {}
COMMAND: POST /session/17938e7f8541bcff555766d2bec8a2c8/element - {"using":"xpath","value":"//input[@id=\"application-managesites-display-component---NewSite--addressDetailDetailsYard-inner\"]"}
RESULT: {"using":"xpath","value":"//input[@id=\"application-managesites-display-component---NewSite--addressDetailDetailsYard-inner\"]"}
COMMAND: POST /session/17938e7f8541bcff555766d2bec8a2c8/element/f.0F1FAEEE2861019DFD6915B8D9C967AD.d.D56BCF98180ACA47A515CE29DFD93322.e.12879/value - {"text":"WebdriverYardjawrt"}
RESULT: {"text":"WebdriverYardjawrt"}
COMMAND: GET /session/17938e7f8541bcff555766d2bec8a2c8/screenshot - {}
RESULT: {}
COMMAND: POST /session/17938e7f8541bcff555766d2bec8a2c8/actions - {"actions":[{"id":"action68","type":"key","parameters":{},"actions":[{"type":"keyDown","value":"î€‡"},{"type":"pause","duration":10},{"type":"keyUp","value":"î€‡"}]}]}
RESULT: {"actions":[{"id":"action68","type":"key","parameters":{},"actions":[{"type":"keyDown","value":"î€‡"},{"type":"pause","duration":10},{"type":"keyUp","value":"î€‡"}]}]}
COMMAND: GET /session/17938e7f8541bcff555766d2bec8a2c8/screenshot - {}
RESULT: {}
COMMAND: POST /session/17938e7f8541bcff555766d2bec8a2c8/element - {"using":"xpath","value":"//input[@id=\"application-managesites-display-component---NewSite--addressDetailDetailsPartner-inner\"]"}
RESULT: {"using":"xpath","value":"//input[@id=\"application-managesites-display-component---NewSite--addressDetailDetailsPartner-inner\"]"}
COMMAND: POST /session/17938e7f8541bcff555766d2bec8a2c8/elements - {"using":"xpath","value":"//input[@id=\"application-managesites-display-component---NewSite--addressDetailDetailsPartner-inner\"]"}
RESULT: {"using":"xpath","value":"//input[@id=\"application-managesites-display-component---NewSite--addressDetailDetailsPartner-inner\"]"}
COMMAND: POST /session/17938e7f8541bcff555766d2bec8a2c8/execute/async - {"script":"<script> [1562 bytes]","args":[{"selector":{"controlType":"sap.m.Button","viewName":"etm.portal.ui.managesites.view.NewSmartSite","viewId":"application-managesites-display-component---NewSite","properties":{"text":"Commercial"},"interaction":{"idSuffix":"BDI-content"}},"wdio_ui5_key":"etmportal.ui.managesites.view.NewSmartSitesap.m.Button{\"text\":\"Commercial\"}"}]}
RESULT: {"script":"<script> [1562 bytes]","args":[{"selector":{"controlType":"sap.m.Button","viewName":"etm.portal.ui.managesites.view.NewSmartSite","viewId":"application-managesites-display-component---NewSite","properties":{"text":"Commercial"},"interaction":{"idSuffix":"BDI-content"}},"wdio_ui5_key":"etmportal.ui.managesites.view.NewSmartSitesap.m.Button{\"text\":\"Commercial\"}"}]}
RESULT: undefined
COMMAND: POST /session/17938e7f8541bcff555766d2bec8a2c8/element - {"using":"xpath","value":"//*[@id=\"application-managesites-display-component---NewSite--ObjectPageLayout-anchBar-__section31-anchor\"]"}
RESULT: {"using":"xpath","value":"//*[@id=\"application-managesites-display-component---NewSite--ObjectPageLayout-anchBar-__section31-anchor\"]"}
COMMAND: POST /session/17938e7f8541bcff555766d2bec8a2c8/element/f.0F1FAEEE2861019DFD6915B8D9C967AD.d.D56BCF98180ACA47A515CE29DFD93322.e.13084/click - {}
RESULT: {}
COMMAND: POST /session/17938e7f8541bcff555766d2bec8a2c8/execute/async - {"script":"<script> [1562 bytes]","args":[{"selector":{"controlType":"sap.m.Button","viewName":"etm.portal.ui.managesites.view.NewSmartSite","viewId":"application-managesites-display-component---NewSite","i18NText":{"propertyName":"text","key":"save"},"interaction":{"idSuffix":"BDI-content"}},"wdio_ui5_key":"etmportal.ui.managesites.view.NewSmartSitesap.m.Button{\"propertyName\":\"text\",\"key\":\"save\"}"}]}
COMMAND: GET /session/17938e7f8541bcff555766d2bec8a2c8/screenshot - {}
RESULT: {"script":"<script> [1562 bytes]","args":[{"selector":{"controlType":"sap.m.Button","viewName":"etm.portal.ui.managesites.view.NewSmartSite","viewId":"application-managesites-display-component---NewSite","i18NText":{"propertyName":"text","key":"save"},"interaction":{"idSuffix":"BDI-content"}},"wdio_ui5_key":"etmportal.ui.managesites.view.NewSmartSitesap.m.Button{\"propertyName\":\"text\",\"key\":\"save\"}"}]}
RESULT: undefined
COMMAND: POST /session/17938e7f8541bcff555766d2bec8a2c8/element - {"using":"xpath","value":"//*[@id=\"__button64\"]"}
RESULT: {}
RESULT: {"using":"xpath","value":"//*[@id=\"__button64\"]"}
COMMAND: POST /session/17938e7f8541bcff555766d2bec8a2c8/element/f.0F1FAEEE2861019DFD6915B8D9C967AD.d.D56BCF98180ACA47A515CE29DFD93322.e.13028/click - {}
RESULT: {}
COMMAND: GET /session/17938e7f8541bcff555766d2bec8a2c8/screenshot - {}
RESULT: {}
COMMAND: POST /session/17938e7f8541bcff555766d2bec8a2c8/execute/async - {"script":"<script> [1562 bytes]","args":[{"selector":{"id":"application-managesites-display-component---detailSite--addressDetailDetailsYardText"},"wdio_ui5_key":"applicationmanagesites-display-component---detailSite--addressDetailDetailsYardText"}]}
RESULT: {"script":"<script> [1562 bytes]","args":[{"selector":{"id":"application-managesites-display-component---detailSite--addressDetailDetailsYardText"},"wdio_ui5_key":"applicationmanagesites-display-component---detailSite--addressDetailDetailsYardText"}]}
RESULT: undefined
COMMAND: POST /session/17938e7f8541bcff555766d2bec8a2c8/element - {"using":"xpath","value":"//header/div/div[2]/div[2]/span"}
RESULT: {"using":"xpath","value":"//header/div/div[2]/div[2]/span"}
COMMAND: GET /session/17938e7f8541bcff555766d2bec8a2c8/element/f.0F1FAEEE2861019DFD6915B8D9C967AD.d.D56BCF98180ACA47A515CE29DFD93322.e.13289/text - {}
RESULT: {}
COMMAND: POST /session/17938e7f8541bcff555766d2bec8a2c8/element - {"using":"xpath","value":"//header/div/div/div/div/div/div[2]/div/span"}
RESULT: {"using":"xpath","value":"//header/div/div/div/div/div/div[2]/div/span"}
COMMAND: GET /session/17938e7f8541bcff555766d2bec8a2c8/element/f.0F1FAEEE2861019DFD6915B8D9C967AD.d.D56BCF98180ACA47A515CE29DFD93322.e.13290/text - {}
RESULT: {}
COMMAND: POST /session/17938e7f8541bcff555766d2bec8a2c8/element - {"using":"css selector","value":"#shell-header-logo"}
RESULT: {"using":"css selector","value":"#shell-header-logo"}
COMMAND: POST /session/17938e7f8541bcff555766d2bec8a2c8/element/f.0F1FAEEE2861019DFD6915B8D9C967AD.d.D56BCF98180ACA47A515CE29DFD93322.e.12436/click - {}
RESULT: {}
COMMAND: GET /session/17938e7f8541bcff555766d2bec8a2c8/screenshot - {}
RESULT: {}
]]></system-out>
    </testcase>
    <testcase classname="chrome.137_0_7151_56.windows.E2E_-_Logistical_and_commercial_statuses" name="It should stock increase the resource" time="226.79">
      <system-out><![CDATA[
COMMAND: POST /session/17938e7f8541bcff555766d2bec8a2c8/execute/async - {"script":"<script> [1562 bytes]","args":[{"selector":{"controlType":"sap.m.GenericTile","properties":{"header":"Manage Resources"}},"wdio_ui5_key":"sapm.GenericTile{\"header\":\"Manage Resources\"}"}]}
RESULT: {"script":"<script> [1562 bytes]","args":[{"selector":{"controlType":"sap.m.GenericTile","properties":{"header":"Manage Resources"}},"wdio_ui5_key":"sapm.GenericTile{\"header\":\"Manage Resources\"}"}]}
RESULT: undefined
COMMAND: POST /session/17938e7f8541bcff555766d2bec8a2c8/element - {"using":"xpath","value":"//*[@id=\"__tile39\"]"}
RESULT: {"using":"xpath","value":"//*[@id=\"__tile39\"]"}
COMMAND: POST /session/17938e7f8541bcff555766d2bec8a2c8/element/f.0F1FAEEE2861019DFD6915B8D9C967AD.d.D56BCF98180ACA47A515CE29DFD93322.e.13292/click - {}
RESULT: {}
COMMAND: GET /session/17938e7f8541bcff555766d2bec8a2c8/screenshot - {}
RESULT: {}
COMMAND: POST /session/17938e7f8541bcff555766d2bec8a2c8/elements - {"using":"xpath","value":"//span[text()='Error']"}
RESULT: {"using":"xpath","value":"//span[text()='Error']"}
COMMAND: POST /session/17938e7f8541bcff555766d2bec8a2c8/element - {"using":"xpath","value":"//button[@data-kt=\"addNewRUOverflowToolbarButton\"]"}
RESULT: {"using":"xpath","value":"//button[@data-kt=\"addNewRUOverflowToolbarButton\"]"}
COMMAND: POST /session/17938e7f8541bcff555766d2bec8a2c8/execute/sync - {"script":"<script> [8489 bytes]","args":[{"element-6066-11e4-a52e-4f735466cecf":"f.0F1FAEEE2861019DFD6915B8D9C967AD.d.D56BCF98180ACA47A515CE29DFD93322.e.13334","ELEMENT":"f.0F1FAEEE2861019DFD6915B8D9C967AD.d.D56BCF98180ACA47A515CE29DFD93322.e.13334"}]}
RESULT: {"script":"<script> [8489 bytes]","args":[{"element-6066-11e4-a52e-4f735466cecf":"f.0F1FAEEE2861019DFD6915B8D9C967AD.d.D56BCF98180ACA47A515CE29DFD93322.e.13334","ELEMENT":"f.0F1FAEEE2861019DFD6915B8D9C967AD.d.D56BCF98180ACA47A515CE29DFD93322.e.13334"}]}
COMMAND: POST /session/17938e7f8541bcff555766d2bec8a2c8/element/f.0F1FAEEE2861019DFD6915B8D9C967AD.d.D56BCF98180ACA47A515CE29DFD93322.e.13334/click - {}
COMMAND: GET /session/17938e7f8541bcff555766d2bec8a2c8/screenshot - {}
RESULT: {}
COMMAND: POST /session/17938e7f8541bcff555766d2bec8a2c8/execute/async - {"script":"<script> [1562 bytes]","args":[{"selector":{"id":"application-manageresources-display-component---newResourceUnit--TYPE-arrow"},"wdio_ui5_key":"applicationmanageresources-display-component---newResourceUnit--TYPE-arrow"}]}
COMMAND: GET /session/17938e7f8541bcff555766d2bec8a2c8/screenshot - {}
RESULT: {}
RESULT: {"script":"<script> [1562 bytes]","args":[{"selector":{"id":"application-manageresources-display-component---newResourceUnit--TYPE-arrow"},"wdio_ui5_key":"applicationmanageresources-display-component---newResourceUnit--TYPE-arrow"}]}
RESULT: undefined
COMMAND: POST /session/17938e7f8541bcff555766d2bec8a2c8/element - {"using":"xpath","value":"//*[@id=\"application-manageresources-display-component---newResourceUnit--TYPE-arrow\"]"}
RESULT: {}
RESULT: {"using":"xpath","value":"//*[@id=\"application-manageresources-display-component---newResourceUnit--TYPE-arrow\"]"}
COMMAND: POST /session/17938e7f8541bcff555766d2bec8a2c8/element/f.0F1FAEEE2861019DFD6915B8D9C967AD.d.D56BCF98180ACA47A515CE29DFD93322.e.13653/click - {}
RESULT: {}
COMMAND: POST /session/17938e7f8541bcff555766d2bec8a2c8/execute/async - {"script":"<script> [1562 bytes]","args":[{"selector":{"controlType":"sap.m.StandardListItem","viewName":"reusables.view.manageresources.NewResourceUnit","viewId":"application-manageresources-display-component---newResourceUnit","properties":{"title":"Material"},"searchOpenDialogs":true,"interaction":{"idSuffix":"titleText"}},"wdio_ui5_key":"reusablesview.manageresources.NewResourceUnitsap.m.StandardListItem{\"title\":\"Material\"}"}]}
COMMAND: GET /session/17938e7f8541bcff555766d2bec8a2c8/screenshot - {}
RESULT: {"script":"<script> [1562 bytes]","args":[{"selector":{"controlType":"sap.m.StandardListItem","viewName":"reusables.view.manageresources.NewResourceUnit","viewId":"application-manageresources-display-component---newResourceUnit","properties":{"title":"Material"},"searchOpenDialogs":true,"interaction":{"idSuffix":"titleText"}},"wdio_ui5_key":"reusablesview.manageresources.NewResourceUnitsap.m.StandardListItem{\"title\":\"Material\"}"}]}
RESULT: undefined
COMMAND: POST /session/17938e7f8541bcff555766d2bec8a2c8/element - {"using":"xpath","value":"//*[@id=\"__item1309\"]"}
RESULT: {}
RESULT: {"using":"xpath","value":"//*[@id=\"__item1309\"]"}
COMMAND: POST /session/17938e7f8541bcff555766d2bec8a2c8/element/f.0F1FAEEE2861019DFD6915B8D9C967AD.d.D56BCF98180ACA47A515CE29DFD93322.e.13656/click - {}
RESULT: {}
COMMAND: POST /session/17938e7f8541bcff555766d2bec8a2c8/execute/async - {"script":"<script> [1562 bytes]","args":[{"selector":{"id":"application-manageresources-display-component---newResourceUnit--SHORT_TEXT","interaction":{"idSuffix":"inner"}},"wdio_ui5_key":"applicationmanageresources-display-component---newResourceUnit--SHORT_TEXT"}]}
COMMAND: GET /session/17938e7f8541bcff555766d2bec8a2c8/screenshot - {}
RESULT: {"script":"<script> [1562 bytes]","args":[{"selector":{"id":"application-manageresources-display-component---newResourceUnit--SHORT_TEXT","interaction":{"idSuffix":"inner"}},"wdio_ui5_key":"applicationmanageresources-display-component---newResourceUnit--SHORT_TEXT"}]}
RESULT: undefined
COMMAND: POST /session/17938e7f8541bcff555766d2bec8a2c8/execute/async - {"script":"<script> [776 bytes]","args":[{"enterText":"WebdriverMatTest4svea","selector":{"id":"application-manageresources-display-component---newResourceUnit--SHORT_TEXT","interaction":{"idSuffix":"inner"}},"clearTextFirst":true,"interactionType":"ENTER_TEXT"}]}
RESULT: {}
RESULT: {"script":"<script> [776 bytes]","args":[{"enterText":"WebdriverMatTest4svea","selector":{"id":"application-manageresources-display-component---newResourceUnit--SHORT_TEXT","interaction":{"idSuffix":"inner"}},"clearTextFirst":true,"interactionType":"ENTER_TEXT"}]}
COMMAND: POST /session/17938e7f8541bcff555766d2bec8a2c8/execute/async - {"script":"<script> [1562 bytes]","args":[{"selector":{"id":"application-manageresources-display-component---newResourceUnit--BASE_UNIT_OF_MEASURE-arrow"},"wdio_ui5_key":"applicationmanageresources-display-component---newResourceUnit--BASE_UNIT_OF_MEASURE-arrow"}]}
RESULT: {"script":"<script> [1562 bytes]","args":[{"selector":{"id":"application-manageresources-display-component---newResourceUnit--BASE_UNIT_OF_MEASURE-arrow"},"wdio_ui5_key":"applicationmanageresources-display-component---newResourceUnit--BASE_UNIT_OF_MEASURE-arrow"}]}
RESULT: undefined
COMMAND: POST /session/17938e7f8541bcff555766d2bec8a2c8/element - {"using":"xpath","value":"//*[@id=\"application-manageresources-display-component---newResourceUnit--BASE_UNIT_OF_MEASURE-arrow\"]"}
RESULT: {"using":"xpath","value":"//*[@id=\"application-manageresources-display-component---newResourceUnit--BASE_UNIT_OF_MEASURE-arrow\"]"}
COMMAND: POST /session/17938e7f8541bcff555766d2bec8a2c8/element/f.0F1FAEEE2861019DFD6915B8D9C967AD.d.D56BCF98180ACA47A515CE29DFD93322.e.13776/click - {}
RESULT: {}
COMMAND: POST /session/17938e7f8541bcff555766d2bec8a2c8/execute/async - {"script":"<script> [1562 bytes]","args":[{"selector":{"controlType":"sap.m.StandardListItem","viewName":"reusables.view.manageresources.NewResourceUnit","viewId":"application-manageresources-display-component---newResourceUnit","properties":{"title":"Piece"},"searchOpenDialogs":true,"interaction":{"idSuffix":"titleText"}},"wdio_ui5_key":"reusablesview.manageresources.NewResourceUnitsap.m.StandardListItem{\"title\":\"Piece\"}"}]}
COMMAND: GET /session/17938e7f8541bcff555766d2bec8a2c8/screenshot - {}
RESULT: {"script":"<script> [1562 bytes]","args":[{"selector":{"controlType":"sap.m.StandardListItem","viewName":"reusables.view.manageresources.NewResourceUnit","viewId":"application-manageresources-display-component---newResourceUnit","properties":{"title":"Piece"},"searchOpenDialogs":true,"interaction":{"idSuffix":"titleText"}},"wdio_ui5_key":"reusablesview.manageresources.NewResourceUnitsap.m.StandardListItem{\"title\":\"Piece\"}"}]}
RESULT: undefined
COMMAND: POST /session/17938e7f8541bcff555766d2bec8a2c8/element - {"using":"xpath","value":"//*[@id=\"__item1362\"]"}
RESULT: {}
RESULT: {"using":"xpath","value":"//*[@id=\"__item1362\"]"}
COMMAND: POST /session/17938e7f8541bcff555766d2bec8a2c8/element/f.0F1FAEEE2861019DFD6915B8D9C967AD.d.D56BCF98180ACA47A515CE29DFD93322.e.13778/click - {}
RESULT: {}
COMMAND: POST /session/17938e7f8541bcff555766d2bec8a2c8/element - {"using":"xpath","value":"//input[contains(@id ,\"application-manageresources-display-component---newResourceUnit--SHORT_TEXT-inner\")]"}
COMMAND: GET /session/17938e7f8541bcff555766d2bec8a2c8/screenshot - {}
RESULT: {"using":"xpath","value":"//input[contains(@id ,\"application-manageresources-display-component---newResourceUnit--SHORT_TEXT-inner\")]"}
COMMAND: GET /session/17938e7f8541bcff555766d2bec8a2c8/element/f.0F1FAEEE2861019DFD6915B8D9C967AD.d.D56BCF98180ACA47A515CE29DFD93322.e.13673/property/value - {}
RESULT: {}
RESULT: {}
COMMAND: POST /session/17938e7f8541bcff555766d2bec8a2c8/execute/async - {"script":"<script> [1562 bytes]","args":[{"selector":{"id":"application-manageresources-display-component---newResourceUnit--WEIGHT_UNIT-arrow"},"wdio_ui5_key":"applicationmanageresources-display-component---newResourceUnit--WEIGHT_UNIT-arrow"}]}
COMMAND: GET /session/17938e7f8541bcff555766d2bec8a2c8/screenshot - {}
RESULT: {"script":"<script> [1562 bytes]","args":[{"selector":{"id":"application-manageresources-display-component---newResourceUnit--WEIGHT_UNIT-arrow"},"wdio_ui5_key":"applicationmanageresources-display-component---newResourceUnit--WEIGHT_UNIT-arrow"}]}
RESULT: undefined
COMMAND: POST /session/17938e7f8541bcff555766d2bec8a2c8/element - {"using":"xpath","value":"//*[@id=\"application-manageresources-display-component---newResourceUnit--WEIGHT_UNIT-arrow\"]"}
RESULT: {}
RESULT: {"using":"xpath","value":"//*[@id=\"application-manageresources-display-component---newResourceUnit--WEIGHT_UNIT-arrow\"]"}
COMMAND: POST /session/17938e7f8541bcff555766d2bec8a2c8/element/f.0F1FAEEE2861019DFD6915B8D9C967AD.d.D56BCF98180ACA47A515CE29DFD93322.e.13779/click - {}
RESULT: {}
COMMAND: POST /session/17938e7f8541bcff555766d2bec8a2c8/execute/async - {"script":"<script> [1562 bytes]","args":[{"selector":{"controlType":"sap.m.StandardListItem","viewName":"reusables.view.manageresources.NewResourceUnit","viewId":"application-manageresources-display-component---newResourceUnit","properties":{"title":"Gram"},"searchOpenDialogs":true,"interaction":{"idSuffix":"content"}},"wdio_ui5_key":"reusablesview.manageresources.NewResourceUnitsap.m.StandardListItem{\"title\":\"Gram\"}"}]}
COMMAND: GET /session/17938e7f8541bcff555766d2bec8a2c8/screenshot - {}
RESULT: {"script":"<script> [1562 bytes]","args":[{"selector":{"controlType":"sap.m.StandardListItem","viewName":"reusables.view.manageresources.NewResourceUnit","viewId":"application-manageresources-display-component---newResourceUnit","properties":{"title":"Gram"},"searchOpenDialogs":true,"interaction":{"idSuffix":"content"}},"wdio_ui5_key":"reusablesview.manageresources.NewResourceUnitsap.m.StandardListItem{\"title\":\"Gram\"}"}]}
RESULT: undefined
COMMAND: POST /session/17938e7f8541bcff555766d2bec8a2c8/element - {"using":"xpath","value":"//*[@id=\"__item1427\"]"}
RESULT: {}
RESULT: {"using":"xpath","value":"//*[@id=\"__item1427\"]"}
COMMAND: POST /session/17938e7f8541bcff555766d2bec8a2c8/element/f.0F1FAEEE2861019DFD6915B8D9C967AD.d.D56BCF98180ACA47A515CE29DFD93322.e.13781/click - {}
RESULT: {}
COMMAND: POST /session/17938e7f8541bcff555766d2bec8a2c8/execute/async - {"script":"<script> [1562 bytes]","args":[{"selector":{"id":"application-manageresources-display-component---newResourceUnit--newRRUPage-OPHeaderContent-collapseBtn-img"},"wdio_ui5_key":"applicationmanageresources-display-component---newResourceUnit--newRRUPage-OPHeaderContent-collapseBtn-img"}]}
COMMAND: GET /session/17938e7f8541bcff555766d2bec8a2c8/screenshot - {}
RESULT: {"script":"<script> [1562 bytes]","args":[{"selector":{"id":"application-manageresources-display-component---newResourceUnit--newRRUPage-OPHeaderContent-collapseBtn-img"},"wdio_ui5_key":"applicationmanageresources-display-component---newResourceUnit--newRRUPage-OPHeaderContent-collapseBtn-img"}]}
RESULT: undefined
COMMAND: POST /session/17938e7f8541bcff555766d2bec8a2c8/element - {"using":"xpath","value":"//*[@id=\"application-manageresources-display-component---newResourceUnit--newRRUPage-OPHeaderContent-collapseBtn-img\"]"}
RESULT: {}
RESULT: {"using":"xpath","value":"//*[@id=\"application-manageresources-display-component---newResourceUnit--newRRUPage-OPHeaderContent-collapseBtn-img\"]"}
COMMAND: POST /session/17938e7f8541bcff555766d2bec8a2c8/element/f.0F1FAEEE2861019DFD6915B8D9C967AD.d.D56BCF98180ACA47A515CE29DFD93322.e.13663/click - {}
RESULT: {}
COMMAND: GET /session/17938e7f8541bcff555766d2bec8a2c8/screenshot - {}
RESULT: {}
COMMAND: POST /session/17938e7f8541bcff555766d2bec8a2c8/element - {"using":"xpath","value":"(//span[contains(@id ,\"application-manageresources-display-component---newResourceUnit--DIMENSION_UNIT-arrow\")])[1]"}
RESULT: {"using":"xpath","value":"(//span[contains(@id ,\"application-manageresources-display-component---newResourceUnit--DIMENSION_UNIT-arrow\")])[1]"}
COMMAND: POST /session/17938e7f8541bcff555766d2bec8a2c8/element/f.0F1FAEEE2861019DFD6915B8D9C967AD.d.D56BCF98180ACA47A515CE29DFD93322.e.13787/click - {}
RESULT: {}
COMMAND: GET /session/17938e7f8541bcff555766d2bec8a2c8/screenshot - {}
RESULT: {}
COMMAND: POST /session/17938e7f8541bcff555766d2bec8a2c8/execute/async - {"script":"<script> [1562 bytes]","args":[{"selector":{"controlType":"sap.m.StandardListItem","viewName":"reusables.view.manageresources.NewResourceUnit","viewId":"application-manageresources-display-component---newResourceUnit","properties":{"title":"Centimeter"},"searchOpenDialogs":true,"interaction":{"idSuffix":"titleText"}},"wdio_ui5_key":"reusablesview.manageresources.NewResourceUnitsap.m.StandardListItem{\"title\":\"Centimeter\"}"}]}
RESULT: {"script":"<script> [1562 bytes]","args":[{"selector":{"controlType":"sap.m.StandardListItem","viewName":"reusables.view.manageresources.NewResourceUnit","viewId":"application-manageresources-display-component---newResourceUnit","properties":{"title":"Centimeter"},"searchOpenDialogs":true,"interaction":{"idSuffix":"titleText"}},"wdio_ui5_key":"reusablesview.manageresources.NewResourceUnitsap.m.StandardListItem{\"title\":\"Centimeter\"}"}]}
RESULT: undefined
COMMAND: POST /session/17938e7f8541bcff555766d2bec8a2c8/element - {"using":"xpath","value":"//*[@id=\"__item1430\"]"}
RESULT: {"using":"xpath","value":"//*[@id=\"__item1430\"]"}
COMMAND: POST /session/17938e7f8541bcff555766d2bec8a2c8/element/f.0F1FAEEE2861019DFD6915B8D9C967AD.d.D56BCF98180ACA47A515CE29DFD93322.e.13789/click - {}
RESULT: {}
COMMAND: POST /session/17938e7f8541bcff555766d2bec8a2c8/execute/async - {"script":"<script> [1562 bytes]","args":[{"selector":{"id":"application-manageresources-display-component---newResourceUnit--newRRUPage-anchBar-application-manageresources-display-component---newResourceUnit--reference-anchor","interaction":{"idSuffix":"BDI-content"}},"wdio_ui5_key":"applicationmanageresources-display-component---newResourceUnit--newRRUPage-anchBar-application-manageresources-display-component---newResourceUnit--reference-anchor"}]}
COMMAND: GET /session/17938e7f8541bcff555766d2bec8a2c8/screenshot - {}
RESULT: {"script":"<script> [1562 bytes]","args":[{"selector":{"id":"application-manageresources-display-component---newResourceUnit--newRRUPage-anchBar-application-manageresources-display-component---newResourceUnit--reference-anchor","interaction":{"idSuffix":"BDI-content"}},"wdio_ui5_key":"applicationmanageresources-display-component---newResourceUnit--newRRUPage-anchBar-application-manageresources-display-component---newResourceUnit--reference-anchor"}]}
RESULT: undefined
COMMAND: POST /session/17938e7f8541bcff555766d2bec8a2c8/element - {"using":"xpath","value":"//*[@id=\"application-manageresources-display-component---newResourceUnit--newRRUPage-anchBar-application-manageresources-display-component---newResourceUnit--reference-anchor\"]"}
RESULT: {}
RESULT: {"using":"xpath","value":"//*[@id=\"application-manageresources-display-component---newResourceUnit--newRRUPage-anchBar-application-manageresources-display-component---newResourceUnit--reference-anchor\"]"}
COMMAND: POST /session/17938e7f8541bcff555766d2bec8a2c8/element/f.0F1FAEEE2861019DFD6915B8D9C967AD.d.D56BCF98180ACA47A515CE29DFD93322.e.13791/click - {}
RESULT: {}
COMMAND: POST /session/17938e7f8541bcff555766d2bec8a2c8/execute/async - {"script":"<script> [1562 bytes]","args":[{"selector":{"id":"application-manageresources-display-component---newResourceUnit--PLANNING_GROUP-arrow"},"wdio_ui5_key":"applicationmanageresources-display-component---newResourceUnit--PLANNING_GROUP-arrow"}]}
COMMAND: GET /session/17938e7f8541bcff555766d2bec8a2c8/screenshot - {}
RESULT: {"script":"<script> [1562 bytes]","args":[{"selector":{"id":"application-manageresources-display-component---newResourceUnit--PLANNING_GROUP-arrow"},"wdio_ui5_key":"applicationmanageresources-display-component---newResourceUnit--PLANNING_GROUP-arrow"}]}
RESULT: undefined
COMMAND: POST /session/17938e7f8541bcff555766d2bec8a2c8/element - {"using":"xpath","value":"//*[@id=\"application-manageresources-display-component---newResourceUnit--PLANNING_GROUP-arrow\"]"}
RESULT: {}
RESULT: {"using":"xpath","value":"//*[@id=\"application-manageresources-display-component---newResourceUnit--PLANNING_GROUP-arrow\"]"}
COMMAND: POST /session/17938e7f8541bcff555766d2bec8a2c8/element/f.0F1FAEEE2861019DFD6915B8D9C967AD.d.D56BCF98180ACA47A515CE29DFD93322.e.13795/click - {}
RESULT: {}
COMMAND: POST /session/17938e7f8541bcff555766d2bec8a2c8/execute/async - {"script":"<script> [1562 bytes]","args":[{"selector":{"controlType":"sap.m.StandardListItem","viewName":"reusables.view.manageresources.NewResourceUnit","viewId":"application-manageresources-display-component---newResourceUnit","properties":{"title":"Heavy Equi"},"searchOpenDialogs":true,"interaction":{"idSuffix":"content"}},"wdio_ui5_key":"reusablesview.manageresources.NewResourceUnitsap.m.StandardListItem{\"title\":\"Heavy Equi\"}"}]}
COMMAND: GET /session/17938e7f8541bcff555766d2bec8a2c8/screenshot - {}
RESULT: {"script":"<script> [1562 bytes]","args":[{"selector":{"controlType":"sap.m.StandardListItem","viewName":"reusables.view.manageresources.NewResourceUnit","viewId":"application-manageresources-display-component---newResourceUnit","properties":{"title":"Heavy Equi"},"searchOpenDialogs":true,"interaction":{"idSuffix":"content"}},"wdio_ui5_key":"reusablesview.manageresources.NewResourceUnitsap.m.StandardListItem{\"title\":\"Heavy Equi\"}"}]}
RESULT: undefined
COMMAND: POST /session/17938e7f8541bcff555766d2bec8a2c8/element - {"using":"xpath","value":"//*[@id=\"__item1438\"]"}
RESULT: {}
RESULT: {"using":"xpath","value":"//*[@id=\"__item1438\"]"}
COMMAND: POST /session/17938e7f8541bcff555766d2bec8a2c8/element/f.0F1FAEEE2861019DFD6915B8D9C967AD.d.D56BCF98180ACA47A515CE29DFD93322.e.13797/click - {}
RESULT: {}
COMMAND: GET /session/17938e7f8541bcff555766d2bec8a2c8/screenshot - {}
RESULT: {}
COMMAND: POST /session/17938e7f8541bcff555766d2bec8a2c8/execute/async - {"script":"<script> [1562 bytes]","args":[{"selector":{"id":"application-manageresources-display-component---newResourceUnit--PLANNING_INDICATOR-arrow"},"wdio_ui5_key":"applicationmanageresources-display-component---newResourceUnit--PLANNING_INDICATOR-arrow"}]}
RESULT: {"script":"<script> [1562 bytes]","args":[{"selector":{"id":"application-manageresources-display-component---newResourceUnit--PLANNING_INDICATOR-arrow"},"wdio_ui5_key":"applicationmanageresources-display-component---newResourceUnit--PLANNING_INDICATOR-arrow"}]}
RESULT: undefined
COMMAND: POST /session/17938e7f8541bcff555766d2bec8a2c8/element - {"using":"xpath","value":"//*[@id=\"application-manageresources-display-component---newResourceUnit--PLANNING_INDICATOR-arrow\"]"}
RESULT: {"using":"xpath","value":"//*[@id=\"application-manageresources-display-component---newResourceUnit--PLANNING_INDICATOR-arrow\"]"}
COMMAND: POST /session/17938e7f8541bcff555766d2bec8a2c8/element/f.0F1FAEEE2861019DFD6915B8D9C967AD.d.D56BCF98180ACA47A515CE29DFD93322.e.13798/click - {}
RESULT: {}
COMMAND: POST /session/17938e7f8541bcff555766d2bec8a2c8/execute/async - {"script":"<script> [1562 bytes]","args":[{"selector":{"controlType":"sap.m.StandardListItem","viewName":"reusables.view.manageresources.NewResourceUnit","viewId":"application-manageresources-display-component---newResourceUnit","properties":{"title":"10 - infinite"},"searchOpenDialogs":true,"interaction":{"idSuffix":"content"}},"wdio_ui5_key":"reusablesview.manageresources.NewResourceUnitsap.m.StandardListItem{\"title\":\"10 - infinite\"}"}]}
COMMAND: GET /session/17938e7f8541bcff555766d2bec8a2c8/screenshot - {}
RESULT: {"script":"<script> [1562 bytes]","args":[{"selector":{"controlType":"sap.m.StandardListItem","viewName":"reusables.view.manageresources.NewResourceUnit","viewId":"application-manageresources-display-component---newResourceUnit","properties":{"title":"10 - infinite"},"searchOpenDialogs":true,"interaction":{"idSuffix":"content"}},"wdio_ui5_key":"reusablesview.manageresources.NewResourceUnitsap.m.StandardListItem{\"title\":\"10 - infinite\"}"}]}
RESULT: undefined
COMMAND: POST /session/17938e7f8541bcff555766d2bec8a2c8/element - {"using":"xpath","value":"//*[@id=\"__item1448\"]"}
RESULT: {}
RESULT: {"using":"xpath","value":"//*[@id=\"__item1448\"]"}
COMMAND: POST /session/17938e7f8541bcff555766d2bec8a2c8/element/f.0F1FAEEE2861019DFD6915B8D9C967AD.d.D56BCF98180ACA47A515CE29DFD93322.e.13800/click - {}
RESULT: {}
COMMAND: GET /session/17938e7f8541bcff555766d2bec8a2c8/screenshot - {}
RESULT: {}
COMMAND: POST /session/17938e7f8541bcff555766d2bec8a2c8/element - {"using":"xpath","value":"//bdi[contains(text(), \"Time Segment\")]"}
RESULT: {"using":"xpath","value":"//bdi[contains(text(), \"Time Segment\")]"}
COMMAND: GET /session/17938e7f8541bcff555766d2bec8a2c8/element/f.0F1FAEEE2861019DFD6915B8D9C967AD.d.D56BCF98180ACA47A515CE29DFD93322.e.13801/rect - {}
RESULT: {}
COMMAND: GET /session/17938e7f8541bcff555766d2bec8a2c8/window/rect - {}
RESULT: {}
COMMAND: POST /session/17938e7f8541bcff555766d2bec8a2c8/execute/sync - {"script":"<script> [92 bytes]","args":[]}
RESULT: {"script":"<script> [92 bytes]","args":[]}
COMMAND: POST /session/17938e7f8541bcff555766d2bec8a2c8/actions - {"actions":[{"id":"action69","type":"wheel","parameters":{},"actions":[{"type":"scroll","x":-1820,"y":-21,"deltaX":0,"deltaY":0,"duration":0,"origin":{"element-6066-11e4-a52e-4f735466cecf":"f.0F1FAEEE2861019DFD6915B8D9C967AD.d.D56BCF98180ACA47A515CE29DFD93322.e.13801"}}]}]}
COMMAND: GET /session/17938e7f8541bcff555766d2bec8a2c8/screenshot - {}
RESULT: {}
COMMAND: POST /session/17938e7f8541bcff555766d2bec8a2c8/execute/sync - {"script":"<script> [79 bytes]","args":[{"element-6066-11e4-a52e-4f735466cecf":"f.0F1FAEEE2861019DFD6915B8D9C967AD.d.D56BCF98180ACA47A515CE29DFD93322.e.13801","ELEMENT":"f.0F1FAEEE2861019DFD6915B8D9C967AD.d.D56BCF98180ACA47A515CE29DFD93322.e.13801"},{"block":"start","inline":"nearest"}]}
RESULT: {"script":"<script> [79 bytes]","args":[{"element-6066-11e4-a52e-4f735466cecf":"f.0F1FAEEE2861019DFD6915B8D9C967AD.d.D56BCF98180ACA47A515CE29DFD93322.e.13801","ELEMENT":"f.0F1FAEEE2861019DFD6915B8D9C967AD.d.D56BCF98180ACA47A515CE29DFD93322.e.13801"},{"block":"start","inline":"nearest"}]}
COMMAND: GET /session/17938e7f8541bcff555766d2bec8a2c8/screenshot - {}
RESULT: {}
COMMAND: POST /session/17938e7f8541bcff555766d2bec8a2c8/element - {"using":"xpath","value":"//span[@id=\"application-manageresources-display-component---newResourceUnit--btnAddTimeSegment-img\"]"}
RESULT: {"using":"xpath","value":"//span[@id=\"application-manageresources-display-component---newResourceUnit--btnAddTimeSegment-img\"]"}
COMMAND: POST /session/17938e7f8541bcff555766d2bec8a2c8/execute/sync - {"script":"<script> [8489 bytes]","args":[{"element-6066-11e4-a52e-4f735466cecf":"f.0F1FAEEE2861019DFD6915B8D9C967AD.d.D56BCF98180ACA47A515CE29DFD93322.e.13804","ELEMENT":"f.0F1FAEEE2861019DFD6915B8D9C967AD.d.D56BCF98180ACA47A515CE29DFD93322.e.13804"}]}
RESULT: {"script":"<script> [8489 bytes]","args":[{"element-6066-11e4-a52e-4f735466cecf":"f.0F1FAEEE2861019DFD6915B8D9C967AD.d.D56BCF98180ACA47A515CE29DFD93322.e.13804","ELEMENT":"f.0F1FAEEE2861019DFD6915B8D9C967AD.d.D56BCF98180ACA47A515CE29DFD93322.e.13804"}]}
COMMAND: POST /session/17938e7f8541bcff555766d2bec8a2c8/element/f.0F1FAEEE2861019DFD6915B8D9C967AD.d.D56BCF98180ACA47A515CE29DFD93322.e.13804/click - {}
COMMAND: GET /session/17938e7f8541bcff555766d2bec8a2c8/screenshot - {}
RESULT: {}
COMMAND: GET /session/17938e7f8541bcff555766d2bec8a2c8/screenshot - {}
COMMAND: POST /session/17938e7f8541bcff555766d2bec8a2c8/element - {"using":"xpath","value":"//input[@id=\"application-manageresources-display-component---newResourceUnit--idRuTSAdmin-application-manageresources-display-component---newResourceUnit--RUTimeSegment-0-inner\"]"}
RESULT: {}
RESULT: {}
RESULT: {"using":"xpath","value":"//input[@id=\"application-manageresources-display-component---newResourceUnit--idRuTSAdmin-application-manageresources-display-component---newResourceUnit--RUTimeSegment-0-inner\"]"}
COMMAND: POST /session/17938e7f8541bcff555766d2bec8a2c8/element/f.0F1FAEEE2861019DFD6915B8D9C967AD.d.D56BCF98180ACA47A515CE29DFD93322.e.13807/clear - {}
RESULT: {}
COMMAND: POST /session/17938e7f8541bcff555766d2bec8a2c8/element/f.0F1FAEEE2861019DFD6915B8D9C967AD.d.D56BCF98180ACA47A515CE29DFD93322.e.13807/value - {"text":"WebdriverYardjawrt"}
COMMAND: GET /session/17938e7f8541bcff555766d2bec8a2c8/screenshot - {}
RESULT: {"text":"WebdriverYardjawrt"}
COMMAND: GET /session/17938e7f8541bcff555766d2bec8a2c8/screenshot - {}
RESULT: {}
RESULT: {}
COMMAND: POST /session/17938e7f8541bcff555766d2bec8a2c8/actions - {"actions":[{"id":"action70","type":"key","parameters":{},"actions":[{"type":"keyDown","value":"î€‡"},{"type":"pause","duration":10},{"type":"keyUp","value":"î€‡"}]}]}
RESULT: {"actions":[{"id":"action70","type":"key","parameters":{},"actions":[{"type":"keyDown","value":"î€‡"},{"type":"pause","duration":10},{"type":"keyUp","value":"î€‡"}]}]}
COMMAND: GET /session/17938e7f8541bcff555766d2bec8a2c8/screenshot - {}
RESULT: {}
COMMAND: POST /session/17938e7f8541bcff555766d2bec8a2c8/execute/async - {"script":"<script> [1562 bytes]","args":[{"selector":{"controlType":"sap.m.Button","viewName":"reusables.view.manageresources.NewResourceUnit","viewId":"application-manageresources-display-component---newResourceUnit","i18NText":{"propertyName":"tooltip","key":"save"},"interaction":{"idSuffix":"BDI-content"}},"wdio_ui5_key":"reusablesview.manageresources.NewResourceUnitsap.m.Button{\"propertyName\":\"tooltip\",\"key\":\"save\"}"}]}
RESULT: {"script":"<script> [1562 bytes]","args":[{"selector":{"controlType":"sap.m.Button","viewName":"reusables.view.manageresources.NewResourceUnit","viewId":"application-manageresources-display-component---newResourceUnit","i18NText":{"propertyName":"tooltip","key":"save"},"interaction":{"idSuffix":"BDI-content"}},"wdio_ui5_key":"reusablesview.manageresources.NewResourceUnitsap.m.Button{\"propertyName\":\"tooltip\",\"key\":\"save\"}"}]}
RESULT: undefined
COMMAND: POST /session/17938e7f8541bcff555766d2bec8a2c8/element - {"using":"xpath","value":"//*[@id=\"application-manageresources-display-component---newResourceUnit--createRuButton\"]"}
RESULT: {"using":"xpath","value":"//*[@id=\"application-manageresources-display-component---newResourceUnit--createRuButton\"]"}
COMMAND: POST /session/17938e7f8541bcff555766d2bec8a2c8/element/f.0F1FAEEE2861019DFD6915B8D9C967AD.d.D56BCF98180ACA47A515CE29DFD93322.e.13669/click - {}
RESULT: {}
COMMAND: GET /session/17938e7f8541bcff555766d2bec8a2c8/screenshot - {}
RESULT: {}
COMMAND: POST /session/17938e7f8541bcff555766d2bec8a2c8/execute/async - {"script":"<script> [1562 bytes]","args":[{"selector":{"controlType":"sap.m.Title","properties":{"text":"Success"},"searchOpenDialogs":true},"wdio_ui5_key":"sapm.Title{\"text\":\"Success\"}"}]}
RESULT: {"script":"<script> [1562 bytes]","args":[{"selector":{"controlType":"sap.m.Title","properties":{"text":"Success"},"searchOpenDialogs":true},"wdio_ui5_key":"sapm.Title{\"text\":\"Success\"}"}]}
RESULT: undefined
COMMAND: POST /session/17938e7f8541bcff555766d2bec8a2c8/execute/async - {"script":"<script> [6424 bytes]","args":[{"element-6066-11e4-a52e-4f735466cecf":"f.0F1FAEEE2861019DFD6915B8D9C967AD.d.D56BCF98180ACA47A515CE29DFD93322.e.13821"},"getText",[]]}
RESULT: {"script":"<script> [6424 bytes]","args":[{"element-6066-11e4-a52e-4f735466cecf":"f.0F1FAEEE2861019DFD6915B8D9C967AD.d.D56BCF98180ACA47A515CE29DFD93322.e.13821"},"getText",[]]}
COMMAND: POST /session/17938e7f8541bcff555766d2bec8a2c8/element - {"using":"xpath","value":"//*[contains(@id, '__text') and (contains(text(), 'successfully created') or contains(., 'successfully created'))]"}
RESULT: {"using":"xpath","value":"//*[contains(@id, '__text') and (contains(text(), 'successfully created') or contains(., 'successfully created'))]"}
COMMAND: GET /session/17938e7f8541bcff555766d2bec8a2c8/element/f.0F1FAEEE2861019DFD6915B8D9C967AD.d.D56BCF98180ACA47A515CE29DFD93322.e.13820/text - {}
RESULT: {}
COMMAND: POST /session/17938e7f8541bcff555766d2bec8a2c8/execute/async - {"script":"<script> [1562 bytes]","args":[{"selector":{"controlType":"sap.m.Button","properties":{"text":"Close"},"searchOpenDialogs":true,"interaction":{"idSuffix":"BDI-content"}},"wdio_ui5_key":"sapm.Button{\"text\":\"Close\"}"}]}
RESULT: {"script":"<script> [1562 bytes]","args":[{"selector":{"controlType":"sap.m.Button","properties":{"text":"Close"},"searchOpenDialogs":true,"interaction":{"idSuffix":"BDI-content"}},"wdio_ui5_key":"sapm.Button{\"text\":\"Close\"}"}]}
RESULT: undefined
COMMAND: POST /session/17938e7f8541bcff555766d2bec8a2c8/element - {"using":"xpath","value":"//*[@id=\"__mbox-btn-0\"]"}
RESULT: {"using":"xpath","value":"//*[@id=\"__mbox-btn-0\"]"}
COMMAND: POST /session/17938e7f8541bcff555766d2bec8a2c8/element/f.0F1FAEEE2861019DFD6915B8D9C967AD.d.D56BCF98180ACA47A515CE29DFD93322.e.13818/click - {}
RESULT: {}
COMMAND: GET /session/17938e7f8541bcff555766d2bec8a2c8/screenshot - {}
RESULT: {}
COMMAND: POST /session/17938e7f8541bcff555766d2bec8a2c8/execute/async - {"script":"<script> [1562 bytes]","args":[{"selector":{"controlType":"sap.ui.core.Icon","viewName":"etm.portal.ui.manageresources.view.Detail","viewId":"application-manageresources-display-component---detailRU","properties":{"src":{"regex":{"source":"overflow"}}}},"wdio_ui5_key":"etmportal.ui.manageresources.view.Detailsap.ui.core.Icon{\"src\":{\"regex\":{\"source\":\"overflow\"}}}"}]}
RESULT: {"script":"<script> [1562 bytes]","args":[{"selector":{"controlType":"sap.ui.core.Icon","viewName":"etm.portal.ui.manageresources.view.Detail","viewId":"application-manageresources-display-component---detailRU","properties":{"src":{"regex":{"source":"overflow"}}}},"wdio_ui5_key":"etmportal.ui.manageresources.view.Detailsap.ui.core.Icon{\"src\":{\"regex\":{\"source\":\"overflow\"}}}"}]}
RESULT: undefined
COMMAND: POST /session/17938e7f8541bcff555766d2bec8a2c8/element - {"using":"xpath","value":"//*[@id=\"__title36-_actionsToolbar-overflowButton-img\"]"}
RESULT: {"using":"xpath","value":"//*[@id=\"__title36-_actionsToolbar-overflowButton-img\"]"}
COMMAND: POST /session/17938e7f8541bcff555766d2bec8a2c8/element/f.0F1FAEEE2861019DFD6915B8D9C967AD.d.D56BCF98180ACA47A515CE29DFD93322.e.13857/click - {}
RESULT: {}
COMMAND: POST /session/17938e7f8541bcff555766d2bec8a2c8/execute/async - {"script":"<script> [1562 bytes]","args":[{"selector":{"controlType":"sap.m.Button","viewName":"etm.portal.ui.manageresources.view.Detail","viewId":"application-manageresources-display-component---detailRU","i18NText":{"propertyName":"tooltip","key":"closeColumn"},"searchOpenDialogs":true,"interaction":{"idSuffix":"inner"}},"wdio_ui5_key":"etmportal.ui.manageresources.view.Detailsap.m.Button{\"propertyName\":\"tooltip\",\"key\":\"closeColumn\"}"}]}
COMMAND: GET /session/17938e7f8541bcff555766d2bec8a2c8/screenshot - {}
RESULT: {"script":"<script> [1562 bytes]","args":[{"selector":{"controlType":"sap.m.Button","viewName":"etm.portal.ui.manageresources.view.Detail","viewId":"application-manageresources-display-component---detailRU","i18NText":{"propertyName":"tooltip","key":"closeColumn"},"searchOpenDialogs":true,"interaction":{"idSuffix":"inner"}},"wdio_ui5_key":"etmportal.ui.manageresources.view.Detailsap.m.Button{\"propertyName\":\"tooltip\",\"key\":\"closeColumn\"}"}]}
RESULT: undefined
COMMAND: POST /session/17938e7f8541bcff555766d2bec8a2c8/element - {"using":"xpath","value":"//*[@id=\"__button151\"]"}
RESULT: {}
RESULT: {"using":"xpath","value":"//*[@id=\"__button151\"]"}
COMMAND: POST /session/17938e7f8541bcff555766d2bec8a2c8/element/f.0F1FAEEE2861019DFD6915B8D9C967AD.d.D56BCF98180ACA47A515CE29DFD93322.e.13859/click - {}
RESULT: {}
COMMAND: GET /session/17938e7f8541bcff555766d2bec8a2c8/screenshot - {}
RESULT: {}
COMMAND: POST /session/17938e7f8541bcff555766d2bec8a2c8/refresh - {}
RESULT: {}
COMMAND: GET /session/17938e7f8541bcff555766d2bec8a2c8/screenshot - {}
RESULT: {}
COMMAND: POST /session/17938e7f8541bcff555766d2bec8a2c8/execute/async - {"script":"<script> [189 bytes]","args":[]}
RESULT: {"script":"<script> [189 bytes]","args":[]}
COMMAND: POST /session/17938e7f8541bcff555766d2bec8a2c8/execute/async - {"script":"<script> [123 bytes]","args":[]}
RESULT: {"script":"<script> [123 bytes]","args":[]}
COMMAND: POST /session/17938e7f8541bcff555766d2bec8a2c8/timeouts - {"script":"<number>"}
RESULT: {"script":"<number>"}
COMMAND: GET /session/17938e7f8541bcff555766d2bec8a2c8/timeouts - {}
RESULT: {}
RESULT: undefined
COMMAND: POST /session/17938e7f8541bcff555766d2bec8a2c8/execute/async - {"script":"<script> [2676 bytes]","args":[]}
RESULT: {"script":"<script> [2676 bytes]","args":[]}
COMMAND: POST /session/17938e7f8541bcff555766d2bec8a2c8/execute/async - {"script":"<script> [2342 bytes]","args":[{"protocol":"http","hostname":"0.0.0.0","path":"/","capabilities":{"browserName":"chrome","goog:chromeOptions":{"binary":"C:\\Program Files\\Google\\Chrome\\Application\\chrome.exe","args":["--start-maximized"]}},"logLevel":"warn","connectionRetryTimeout":120000,"connectionRetryCount":3,"logLevels":{},"enableDirectConnect":true,"strictSSL":true,"_":"65 more keys: [\"cacheDir\",\"port\",\"requestedCapabilities\",\"automationProtocol\",\"baseUrl\",\"waitforInterval\",\"waitforTimeout\",\"onReload\",\"beforeCommand\",\"afterCommand\",\"rootDir\",\"specs\",\"suites\",\"exclude\",\"groupLogsByTestSpec\",\"excludeDriverLogs\",\"bail\",\"framework\",\"reporters\",\"services\",\"maxInstances\",\"maxInstancesPerCapability\",\"injectGlobals\",\"filesToWatch\",\"execArgv\",\"runnerEnv\",\"runner\",\"shard\",\"specFileRetries\",\"specFileRetriesDelay\",\"specFileRetriesDeferred\",\"reporterSyncInterval\",\"reporterSyncTimeout\",\"cucumberFeaturesWithLineNumbers\",\"autoCompileOpts\",\"mochaOpts\",\"jasmineOpts\",\"cucumberOpts\",\"onPrepare\",\"onWorkerStart\",\"onWorkerEnd\",\"before\",\"beforeSession\",\"beforeSuite\",\"beforeHook\",\"beforeTest\",\"afterTest\",\"afterHook\",\"afterSuite\",\"afterSession\",\"after\",\"onComplete\",\"beforeAssertion\",\"afterAssertion\",\"beforeFeature\",\"beforeScenario\",\"beforeStep\",\"afterStep\",\"afterScenario\",\"afterFeature\",\"_\",\"suite\",\"$0\",\"ignoredWorkerServices\",\"wdi5\"]"}]}
RESULT: {"script":"<script> [2342 bytes]","args":[{"protocol":"http","hostname":"0.0.0.0","path":"/","capabilities":{"browserName":"chrome","goog:chromeOptions":{"binary":"C:\\Program Files\\Google\\Chrome\\Application\\chrome.exe","args":["--start-maximized"]}},"logLevel":"warn","connectionRetryTimeout":120000,"connectionRetryCount":3,"logLevels":{},"enableDirectConnect":true,"strictSSL":true,"_":"65 more keys: [\"cacheDir\",\"port\",\"requestedCapabilities\",\"automationProtocol\",\"baseUrl\",\"waitforInterval\",\"waitforTimeout\",\"onReload\",\"beforeCommand\",\"afterCommand\",\"rootDir\",\"specs\",\"suites\",\"exclude\",\"groupLogsByTestSpec\",\"excludeDriverLogs\",\"bail\",\"framework\",\"reporters\",\"services\",\"maxInstances\",\"maxInstancesPerCapability\",\"injectGlobals\",\"filesToWatch\",\"execArgv\",\"runnerEnv\",\"runner\",\"shard\",\"specFileRetries\",\"specFileRetriesDelay\",\"specFileRetriesDeferred\",\"reporterSyncInterval\",\"reporterSyncTimeout\",\"cucumberFeaturesWithLineNumbers\",\"autoCompileOpts\",\"mochaOpts\",\"jasmineOpts\",\"cucumberOpts\",\"onPrepare\",\"onWorkerStart\",\"onWorkerEnd\",\"before\",\"beforeSession\",\"beforeSuite\",\"beforeHook\",\"beforeTest\",\"afterTest\",\"afterHook\",\"afterSuite\",\"afterSession\",\"after\",\"onComplete\",\"beforeAssertion\",\"afterAssertion\",\"beforeFeature\",\"beforeScenario\",\"beforeStep\",\"afterStep\",\"afterScenario\",\"afterFeature\",\"_\",\"suite\",\"$0\",\"ignoredWorkerServices\",\"wdi5\"]"}]}
COMMAND: POST /session/17938e7f8541bcff555766d2bec8a2c8/execute/async - {"script":"<script> [21126 bytes]","args":[35000]}
RESULT: {"script":"<script> [21126 bytes]","args":[35000]}
COMMAND: POST /session/17938e7f8541bcff555766d2bec8a2c8/element - {"using":"css selector","value":"#shell-header-logo"}
RESULT: {"using":"css selector","value":"#shell-header-logo"}
COMMAND: POST /session/17938e7f8541bcff555766d2bec8a2c8/element/f.0F1FAEEE2861019DFD6915B8D9C967AD.d.B6E76EBD12ED3E7D7CB15FAF6091D5CE.e.13960/click - {}
RESULT: {}
COMMAND: GET /session/17938e7f8541bcff555766d2bec8a2c8/screenshot - {}
RESULT: {}
COMMAND: POST /session/17938e7f8541bcff555766d2bec8a2c8/execute/async - {"script":"<script> [1562 bytes]","args":[{"selector":{"controlType":"sap.m.GenericTile","properties":{"header":"Manage Handovers"}},"wdio_ui5_key":"sapm.GenericTile{\"header\":\"Manage Handovers\"}"}]}
RESULT: {"script":"<script> [1562 bytes]","args":[{"selector":{"controlType":"sap.m.GenericTile","properties":{"header":"Manage Handovers"}},"wdio_ui5_key":"sapm.GenericTile{\"header\":\"Manage Handovers\"}"}]}
RESULT: undefined
COMMAND: POST /session/17938e7f8541bcff555766d2bec8a2c8/element - {"using":"xpath","value":"//*[@id=\"__tile132\"]"}
RESULT: {"using":"xpath","value":"//*[@id=\"__tile132\"]"}
COMMAND: POST /session/17938e7f8541bcff555766d2bec8a2c8/element/f.0F1FAEEE2861019DFD6915B8D9C967AD.d.B6E76EBD12ED3E7D7CB15FAF6091D5CE.e.14145/click - {}
RESULT: {}
COMMAND: GET /session/17938e7f8541bcff555766d2bec8a2c8/screenshot - {}
RESULT: {}
COMMAND: POST /session/17938e7f8541bcff555766d2bec8a2c8/elements - {"using":"xpath","value":"//span[text()='Error']"}
RESULT: {"using":"xpath","value":"//span[text()='Error']"}
COMMAND: POST /session/17938e7f8541bcff555766d2bec8a2c8/element - {"using":"xpath","value":"//button[@data-kt=\"masterHOAddButton\"]"}
RESULT: {"using":"xpath","value":"//button[@data-kt=\"masterHOAddButton\"]"}
COMMAND: POST /session/17938e7f8541bcff555766d2bec8a2c8/execute/sync - {"script":"<script> [8489 bytes]","args":[{"element-6066-11e4-a52e-4f735466cecf":"f.0F1FAEEE2861019DFD6915B8D9C967AD.d.B6E76EBD12ED3E7D7CB15FAF6091D5CE.e.14188","ELEMENT":"f.0F1FAEEE2861019DFD6915B8D9C967AD.d.B6E76EBD12ED3E7D7CB15FAF6091D5CE.e.14188"}]}
RESULT: {"script":"<script> [8489 bytes]","args":[{"element-6066-11e4-a52e-4f735466cecf":"f.0F1FAEEE2861019DFD6915B8D9C967AD.d.B6E76EBD12ED3E7D7CB15FAF6091D5CE.e.14188","ELEMENT":"f.0F1FAEEE2861019DFD6915B8D9C967AD.d.B6E76EBD12ED3E7D7CB15FAF6091D5CE.e.14188"}]}
COMMAND: POST /session/17938e7f8541bcff555766d2bec8a2c8/element/f.0F1FAEEE2861019DFD6915B8D9C967AD.d.B6E76EBD12ED3E7D7CB15FAF6091D5CE.e.14188/click - {}
COMMAND: GET /session/17938e7f8541bcff555766d2bec8a2c8/screenshot - {}
RESULT: {}
COMMAND: GET /session/17938e7f8541bcff555766d2bec8a2c8/screenshot - {}
COMMAND: POST /session/17938e7f8541bcff555766d2bec8a2c8/element - {"using":"xpath","value":"//span[contains(@id ,\"AddNewHO--typeSelect-arrow\")]"}
RESULT: {}
RESULT: {}
RESULT: {"using":"xpath","value":"//span[contains(@id ,\"AddNewHO--typeSelect-arrow\")]"}
COMMAND: POST /session/17938e7f8541bcff555766d2bec8a2c8/element/f.0F1FAEEE2861019DFD6915B8D9C967AD.d.B6E76EBD12ED3E7D7CB15FAF6091D5CE.e.14478/click - {}
RESULT: {}
COMMAND: GET /session/17938e7f8541bcff555766d2bec8a2c8/screenshot - {}
RESULT: {}
COMMAND: POST /session/17938e7f8541bcff555766d2bec8a2c8/element - {"using":"xpath","value":"(//li[contains(text(), \"stock increase yard\")])[1]"}
RESULT: {"using":"xpath","value":"(//li[contains(text(), \"stock increase yard\")])[1]"}
COMMAND: POST /session/17938e7f8541bcff555766d2bec8a2c8/element/f.0F1FAEEE2861019DFD6915B8D9C967AD.d.B6E76EBD12ED3E7D7CB15FAF6091D5CE.e.14479/click - {}
RESULT: {}
COMMAND: GET /session/17938e7f8541bcff555766d2bec8a2c8/screenshot - {}
RESULT: {}
COMMAND: POST /session/17938e7f8541bcff555766d2bec8a2c8/execute/async - {"script":"<script> [1562 bytes]","args":[{"selector":{"id":"application-managehandovers-display-component---AddNewHO--dueDate","interaction":{"idSuffix":"inner"}},"wdio_ui5_key":"applicationmanagehandovers-display-component---AddNewHO--dueDate"}]}
RESULT: {"script":"<script> [1562 bytes]","args":[{"selector":{"id":"application-managehandovers-display-component---AddNewHO--dueDate","interaction":{"idSuffix":"inner"}},"wdio_ui5_key":"applicationmanagehandovers-display-component---AddNewHO--dueDate"}]}
RESULT: undefined
COMMAND: POST /session/17938e7f8541bcff555766d2bec8a2c8/execute/async - {"script":"<script> [6424 bytes]","args":[{"element-6066-11e4-a52e-4f735466cecf":"f.0F1FAEEE2861019DFD6915B8D9C967AD.d.B6E76EBD12ED3E7D7CB15FAF6091D5CE.e.14483"},"setValue",["6/5/25"]]}
RESULT: {"script":"<script> [6424 bytes]","args":[{"element-6066-11e4-a52e-4f735466cecf":"f.0F1FAEEE2861019DFD6915B8D9C967AD.d.B6E76EBD12ED3E7D7CB15FAF6091D5CE.e.14483"},"setValue",["6/5/25"]]}
COMMAND: POST /session/17938e7f8541bcff555766d2bec8a2c8/element - {"using":"xpath","value":"//input[@id=\"generalSectionFrg--receiveYard-inner\"]"}
RESULT: {"using":"xpath","value":"//input[@id=\"generalSectionFrg--receiveYard-inner\"]"}
COMMAND: POST /session/17938e7f8541bcff555766d2bec8a2c8/element/f.0F1FAEEE2861019DFD6915B8D9C967AD.d.B6E76EBD12ED3E7D7CB15FAF6091D5CE.e.14489/clear - {}
RESULT: {}
COMMAND: POST /session/17938e7f8541bcff555766d2bec8a2c8/element/f.0F1FAEEE2861019DFD6915B8D9C967AD.d.B6E76EBD12ED3E7D7CB15FAF6091D5CE.e.14489/value - {"text":"WebdriverYardjawrt"}
COMMAND: GET /session/17938e7f8541bcff555766d2bec8a2c8/screenshot - {}
RESULT: {"text":"WebdriverYardjawrt"}
COMMAND: GET /session/17938e7f8541bcff555766d2bec8a2c8/screenshot - {}
RESULT: {}
RESULT: {}
COMMAND: POST /session/17938e7f8541bcff555766d2bec8a2c8/execute/async - {"script":"<script> [1562 bytes]","args":[{"selector":{"id":"application-managehandovers-display-component---AddNewHO--ObjectPageLayout-anchBar-application-managehandovers-display-component---AddNewHO--section4-anchor","interaction":{"idSuffix":"BDI-content"}},"wdio_ui5_key":"applicationmanagehandovers-display-component---AddNewHO--ObjectPageLayout-anchBar-application-managehandovers-display-component---AddNewHO--section4-anchor"}]}
RESULT: {"script":"<script> [1562 bytes]","args":[{"selector":{"id":"application-managehandovers-display-component---AddNewHO--ObjectPageLayout-anchBar-application-managehandovers-display-component---AddNewHO--section4-anchor","interaction":{"idSuffix":"BDI-content"}},"wdio_ui5_key":"applicationmanagehandovers-display-component---AddNewHO--ObjectPageLayout-anchBar-application-managehandovers-display-component---AddNewHO--section4-anchor"}]}
RESULT: undefined
COMMAND: POST /session/17938e7f8541bcff555766d2bec8a2c8/element - {"using":"xpath","value":"//*[@id=\"application-managehandovers-display-component---AddNewHO--ObjectPageLayout-anchBar-application-managehandovers-display-component---AddNewHO--section4-anchor\"]"}
RESULT: {"using":"xpath","value":"//*[@id=\"application-managehandovers-display-component---AddNewHO--ObjectPageLayout-anchBar-application-managehandovers-display-component---AddNewHO--section4-anchor\"]"}
COMMAND: POST /session/17938e7f8541bcff555766d2bec8a2c8/element/f.0F1FAEEE2861019DFD6915B8D9C967AD.d.B6E76EBD12ED3E7D7CB15FAF6091D5CE.e.14508/click - {}
RESULT: {}
COMMAND: GET /session/17938e7f8541bcff555766d2bec8a2c8/screenshot - {}
RESULT: {}
COMMAND: POST /session/17938e7f8541bcff555766d2bec8a2c8/element - {"using":"xpath","value":"//button[@aria-label=\"Add\"]"}
RESULT: {"using":"xpath","value":"//button[@aria-label=\"Add\"]"}
COMMAND: POST /session/17938e7f8541bcff555766d2bec8a2c8/element/f.0F1FAEEE2861019DFD6915B8D9C967AD.d.B6E76EBD12ED3E7D7CB15FAF6091D5CE.e.14512/click - {}
RESULT: {}
COMMAND: GET /session/17938e7f8541bcff555766d2bec8a2c8/screenshot - {}
RESULT: {}
COMMAND: POST /session/17938e7f8541bcff555766d2bec8a2c8/execute/async - {"script":"<script> [1562 bytes]","args":[{"selector":{"id":"application-managehandovers-display-component---AddNewHO--smartFilterBar-btnBasicSearch","searchOpenDialogs":true,"interaction":{"idSuffix":"I"}},"wdio_ui5_key":"applicationmanagehandovers-display-component---AddNewHO--smartFilterBar-btnBasicSearch"}]}
RESULT: {"script":"<script> [1562 bytes]","args":[{"selector":{"id":"application-managehandovers-display-component---AddNewHO--smartFilterBar-btnBasicSearch","searchOpenDialogs":true,"interaction":{"idSuffix":"I"}},"wdio_ui5_key":"applicationmanagehandovers-display-component---AddNewHO--smartFilterBar-btnBasicSearch"}]}
RESULT: undefined
COMMAND: POST /session/17938e7f8541bcff555766d2bec8a2c8/execute/async - {"script":"<script> [776 bytes]","args":[{"enterText":"WebdriverMatTest4svea","selector":{"id":"application-managehandovers-display-component---AddNewHO--smartFilterBar-btnBasicSearch","searchOpenDialogs":true,"interaction":{"idSuffix":"I"}},"clearTextFirst":true,"interactionType":"ENTER_TEXT"}]}
RESULT: {"script":"<script> [776 bytes]","args":[{"enterText":"WebdriverMatTest4svea","selector":{"id":"application-managehandovers-display-component---AddNewHO--smartFilterBar-btnBasicSearch","searchOpenDialogs":true,"interaction":{"idSuffix":"I"}},"clearTextFirst":true,"interactionType":"ENTER_TEXT"}]}
COMMAND: POST /session/17938e7f8541bcff555766d2bec8a2c8/actions - {"actions":[{"id":"action71","type":"key","parameters":{},"actions":[{"type":"keyDown","value":"î€‡"},{"type":"pause","duration":10},{"type":"keyUp","value":"î€‡"}]}]}
RESULT: {"actions":[{"id":"action71","type":"key","parameters":{},"actions":[{"type":"keyDown","value":"î€‡"},{"type":"pause","duration":10},{"type":"keyUp","value":"î€‡"}]}]}
COMMAND: POST /session/17938e7f8541bcff555766d2bec8a2c8/execute/async - {"script":"<script> [1562 bytes]","args":[{"selector":{"id":"application-managehandovers-display-component---AddNewHO--popup-sa","searchOpenDialogs":true,"interaction":{"idSuffix":"CbBg"}},"wdio_ui5_key":"applicationmanagehandovers-display-component---AddNewHO--popup-sa"}]}
COMMAND: GET /session/17938e7f8541bcff555766d2bec8a2c8/screenshot - {}
RESULT: {"script":"<script> [1562 bytes]","args":[{"selector":{"id":"application-managehandovers-display-component---AddNewHO--popup-sa","searchOpenDialogs":true,"interaction":{"idSuffix":"CbBg"}},"wdio_ui5_key":"applicationmanagehandovers-display-component---AddNewHO--popup-sa"}]}
RESULT: undefined
COMMAND: POST /session/17938e7f8541bcff555766d2bec8a2c8/element - {"using":"xpath","value":"//*[@id=\"application-managehandovers-display-component---AddNewHO--popup-sa\"]"}
RESULT: {}
RESULT: {"using":"xpath","value":"//*[@id=\"application-managehandovers-display-component---AddNewHO--popup-sa\"]"}
COMMAND: POST /session/17938e7f8541bcff555766d2bec8a2c8/element/f.0F1FAEEE2861019DFD6915B8D9C967AD.d.B6E76EBD12ED3E7D7CB15FAF6091D5CE.e.14657/click - {}
RESULT: {}
COMMAND: GET /session/17938e7f8541bcff555766d2bec8a2c8/screenshot - {}
RESULT: {}
COMMAND: POST /session/17938e7f8541bcff555766d2bec8a2c8/element - {"using":"xpath","value":"//bdi[contains(text(), \"Select\")]"}
RESULT: {"using":"xpath","value":"//bdi[contains(text(), \"Select\")]"}
COMMAND: POST /session/17938e7f8541bcff555766d2bec8a2c8/element/f.0F1FAEEE2861019DFD6915B8D9C967AD.d.B6E76EBD12ED3E7D7CB15FAF6091D5CE.e.14658/click - {}
RESULT: {}
COMMAND: GET /session/17938e7f8541bcff555766d2bec8a2c8/screenshot - {}
RESULT: {}
COMMAND: POST /session/17938e7f8541bcff555766d2bec8a2c8/execute/async - {"script":"<script> [1562 bytes]","args":[{"selector":{"controlType":"sap.m.Input","viewName":"etm.portal.ui.managehandovers.view.AddNewHO","viewId":"application-managehandovers-display-component---AddNewHO","bindingPath":{"path":"/items/0","propertyPath":"TYPE","modelName":"hoItemsModel"},"interaction":{"idSuffix":"inner"}},"wdio_ui5_key":"etmportal.ui.managehandovers.view.AddNewHOsap.m.Input{\"path\":\"/items/0\",\"propertyPath\":\"TYPE\",\"modelName\":\"hoItemsModel\"}"}]}
RESULT: {"script":"<script> [1562 bytes]","args":[{"selector":{"controlType":"sap.m.Input","viewName":"etm.portal.ui.managehandovers.view.AddNewHO","viewId":"application-managehandovers-display-component---AddNewHO","bindingPath":{"path":"/items/0","propertyPath":"TYPE","modelName":"hoItemsModel"},"interaction":{"idSuffix":"inner"}},"wdio_ui5_key":"etmportal.ui.managehandovers.view.AddNewHOsap.m.Input{\"path\":\"/items/0\",\"propertyPath\":\"TYPE\",\"modelName\":\"hoItemsModel\"}"}]}
RESULT: undefined
COMMAND: POST /session/17938e7f8541bcff555766d2bec8a2c8/execute/async - {"script":"<script> [776 bytes]","args":[{"enterText":"100","selector":{"controlType":"sap.m.Input","viewName":"etm.portal.ui.managehandovers.view.AddNewHO","viewId":"application-managehandovers-display-component---AddNewHO","bindingPath":{"path":"/items/0","propertyPath":"TYPE","modelName":"hoItemsModel"},"interaction":{"idSuffix":"inner"}},"clearTextFirst":true,"interactionType":"ENTER_TEXT"}]}
RESULT: {"script":"<script> [776 bytes]","args":[{"enterText":"100","selector":{"controlType":"sap.m.Input","viewName":"etm.portal.ui.managehandovers.view.AddNewHO","viewId":"application-managehandovers-display-component---AddNewHO","bindingPath":{"path":"/items/0","propertyPath":"TYPE","modelName":"hoItemsModel"},"interaction":{"idSuffix":"inner"}},"clearTextFirst":true,"interactionType":"ENTER_TEXT"}]}
COMMAND: POST /session/17938e7f8541bcff555766d2bec8a2c8/element - {"using":"xpath","value":"//button[@data-kt=\"AddNewHOSaveButton\"]"}
RESULT: {"using":"xpath","value":"//button[@data-kt=\"AddNewHOSaveButton\"]"}
COMMAND: POST /session/17938e7f8541bcff555766d2bec8a2c8/element/f.0F1FAEEE2861019DFD6915B8D9C967AD.d.B6E76EBD12ED3E7D7CB15FAF6091D5CE.e.14663/click - {}
RESULT: {}
COMMAND: GET /session/17938e7f8541bcff555766d2bec8a2c8/screenshot - {}
RESULT: {}
COMMAND: POST /session/17938e7f8541bcff555766d2bec8a2c8/execute/async - {"script":"<script> [1562 bytes]","args":[{"selector":{"id":"receiptDatePicker","viewName":"etm.portal.ui.managehandovers.view.DetailExecuteHO","interaction":{"idSuffix":"inner"}},"wdio_ui5_key":"receiptDatePickeretmportal.ui.managehandovers.view.DetailExecuteHO"}]}
RESULT: {"script":"<script> [1562 bytes]","args":[{"selector":{"id":"receiptDatePicker","viewName":"etm.portal.ui.managehandovers.view.DetailExecuteHO","interaction":{"idSuffix":"inner"}},"wdio_ui5_key":"receiptDatePickeretmportal.ui.managehandovers.view.DetailExecuteHO"}]}
RESULT: undefined
COMMAND: POST /session/17938e7f8541bcff555766d2bec8a2c8/execute/async - {"script":"<script> [6424 bytes]","args":[{"element-6066-11e4-a52e-4f735466cecf":"f.0F1FAEEE2861019DFD6915B8D9C967AD.d.B6E76EBD12ED3E7D7CB15FAF6091D5CE.e.14691"},"setValue",["6/5/25"]]}
RESULT: {"script":"<script> [6424 bytes]","args":[{"element-6066-11e4-a52e-4f735466cecf":"f.0F1FAEEE2861019DFD6915B8D9C967AD.d.B6E76EBD12ED3E7D7CB15FAF6091D5CE.e.14691"},"setValue",["6/5/25"]]}
COMMAND: POST /session/17938e7f8541bcff555766d2bec8a2c8/actions - {"actions":[{"id":"action72","type":"key","parameters":{},"actions":[{"type":"keyDown","value":"î€‡"},{"type":"pause","duration":10},{"type":"keyUp","value":"î€‡"}]}]}
RESULT: {"actions":[{"id":"action72","type":"key","parameters":{},"actions":[{"type":"keyDown","value":"î€‡"},{"type":"pause","duration":10},{"type":"keyUp","value":"î€‡"}]}]}
COMMAND: POST /session/17938e7f8541bcff555766d2bec8a2c8/actions - {"actions":[{"id":"action73","type":"key","parameters":{},"actions":[{"type":"keyDown","value":"î€‡"},{"type":"pause","duration":10},{"type":"keyUp","value":"î€‡"}]}]}
COMMAND: GET /session/17938e7f8541bcff555766d2bec8a2c8/screenshot - {}
RESULT: {"actions":[{"id":"action73","type":"key","parameters":{},"actions":[{"type":"keyDown","value":"î€‡"},{"type":"pause","duration":10},{"type":"keyUp","value":"î€‡"}]}]}
COMMAND: POST /session/17938e7f8541bcff555766d2bec8a2c8/element - {"using":"xpath","value":"//button[@data-kt=\"ReceivingTableConfirmAllButton\"]"}
COMMAND: GET /session/17938e7f8541bcff555766d2bec8a2c8/screenshot - {}
RESULT: {}
RESULT: {"using":"xpath","value":"//button[@data-kt=\"ReceivingTableConfirmAllButton\"]"}
COMMAND: POST /session/17938e7f8541bcff555766d2bec8a2c8/element/f.0F1FAEEE2861019DFD6915B8D9C967AD.d.B6E76EBD12ED3E7D7CB15FAF6091D5CE.e.14706/click - {}
RESULT: {}
RESULT: {}
COMMAND: GET /session/17938e7f8541bcff555766d2bec8a2c8/screenshot - {}
RESULT: {}
COMMAND: POST /session/17938e7f8541bcff555766d2bec8a2c8/element - {"using":"xpath","value":"//bdi[contains(text(), \"OK\")]"}
RESULT: {"using":"xpath","value":"//bdi[contains(text(), \"OK\")]"}
COMMAND: POST /session/17938e7f8541bcff555766d2bec8a2c8/element/f.0F1FAEEE2861019DFD6915B8D9C967AD.d.B6E76EBD12ED3E7D7CB15FAF6091D5CE.e.14709/click - {}
RESULT: {}
COMMAND: GET /session/17938e7f8541bcff555766d2bec8a2c8/screenshot - {}
RESULT: {}
COMMAND: POST /session/17938e7f8541bcff555766d2bec8a2c8/element - {"using":"xpath","value":"(//bdi[contains(text(), \"Receive\")])[2]"}
RESULT: {"using":"xpath","value":"(//bdi[contains(text(), \"Receive\")])[2]"}
COMMAND: POST /session/17938e7f8541bcff555766d2bec8a2c8/element/f.0F1FAEEE2861019DFD6915B8D9C967AD.d.B6E76EBD12ED3E7D7CB15FAF6091D5CE.e.14710/click - {}
RESULT: {}
COMMAND: GET /session/17938e7f8541bcff555766d2bec8a2c8/screenshot - {}
RESULT: {}
COMMAND: POST /session/17938e7f8541bcff555766d2bec8a2c8/element - {"using":"css selector","value":"#shell-header-logo"}
RESULT: {"using":"css selector","value":"#shell-header-logo"}
COMMAND: POST /session/17938e7f8541bcff555766d2bec8a2c8/element/f.0F1FAEEE2861019DFD6915B8D9C967AD.d.B6E76EBD12ED3E7D7CB15FAF6091D5CE.e.14148/click - {}
RESULT: {}
COMMAND: GET /session/17938e7f8541bcff555766d2bec8a2c8/screenshot - {}
]]></system-out>
    </testcase>
    <testcase classname="chrome.137_0_7151_56.windows.E2E_-_Logistical_and_commercial_statuses" name="Should add a pricing rule and a condition to the RU" time="108.105">
      <system-out><![CDATA[
COMMAND: POST /session/17938e7f8541bcff555766d2bec8a2c8/execute/async - {"script":"<script> [1562 bytes]","args":[{"selector":{"controlType":"sap.m.GenericTile","properties":{"header":"Manage Pricing Rules"}},"wdio_ui5_key":"sapm.GenericTile{\"header\":\"Manage Pricing Rules\"}"}]}
RESULT: {}
RESULT: {"script":"<script> [1562 bytes]","args":[{"selector":{"controlType":"sap.m.GenericTile","properties":{"header":"Manage Pricing Rules"}},"wdio_ui5_key":"sapm.GenericTile{\"header\":\"Manage Pricing Rules\"}"}]}
RESULT: undefined
COMMAND: POST /session/17938e7f8541bcff555766d2bec8a2c8/element - {"using":"xpath","value":"//*[@id=\"__tile55\"]"}
RESULT: {"using":"xpath","value":"//*[@id=\"__tile55\"]"}
COMMAND: POST /session/17938e7f8541bcff555766d2bec8a2c8/element/f.0F1FAEEE2861019DFD6915B8D9C967AD.d.B6E76EBD12ED3E7D7CB15FAF6091D5CE.e.14855/click - {}
RESULT: {}
COMMAND: GET /session/17938e7f8541bcff555766d2bec8a2c8/screenshot - {}
RESULT: {}
COMMAND: POST /session/17938e7f8541bcff555766d2bec8a2c8/elements - {"using":"xpath","value":"//span[text()='Error']"}
RESULT: {"using":"xpath","value":"//span[text()='Error']"}
COMMAND: POST /session/17938e7f8541bcff555766d2bec8a2c8/execute/async - {"script":"<script> [1562 bytes]","args":[{"selector":{"controlType":"sap.ui.core.Icon","viewName":"etm.portal.ui.managepricingrules.view.MasterHeader","viewId":"application-managepricingrules-display-component---priceInfoHeader","properties":{"src":{"regex":{"source":"activity\\-items"}}}},"wdio_ui5_key":"etmportal.ui.managepricingrules.view.MasterHeadersap.ui.core.Icon{\"src\":{\"regex\":{\"source\":\"activity\\\\-items\"}}}"}]}
RESULT: {"script":"<script> [1562 bytes]","args":[{"selector":{"controlType":"sap.ui.core.Icon","viewName":"etm.portal.ui.managepricingrules.view.MasterHeader","viewId":"application-managepricingrules-display-component---priceInfoHeader","properties":{"src":{"regex":{"source":"activity\\-items"}}}},"wdio_ui5_key":"etmportal.ui.managepricingrules.view.MasterHeadersap.ui.core.Icon{\"src\":{\"regex\":{\"source\":\"activity\\\\-items\"}}}"}]}
RESULT: undefined
COMMAND: POST /session/17938e7f8541bcff555766d2bec8a2c8/element - {"using":"xpath","value":"//*[@id=\"__filter22-icon\"]"}
RESULT: {"using":"xpath","value":"//*[@id=\"__filter22-icon\"]"}
COMMAND: POST /session/17938e7f8541bcff555766d2bec8a2c8/element/f.0F1FAEEE2861019DFD6915B8D9C967AD.d.B6E76EBD12ED3E7D7CB15FAF6091D5CE.e.14904/click - {}
RESULT: {}
COMMAND: GET /session/17938e7f8541bcff555766d2bec8a2c8/screenshot - {}
RESULT: {}
COMMAND: POST /session/17938e7f8541bcff555766d2bec8a2c8/execute/async - {"script":"<script> [1562 bytes]","args":[{"selector":{"controlType":"sap.ui.core.Icon","viewName":"etm.portal.ui.managepricingrules.view.MasterItem","viewId":"application-managepricingrules-display-component---priceInfoItem","properties":{"src":{"regex":{"source":"add"}}}},"wdio_ui5_key":"etmportal.ui.managepricingrules.view.MasterItemsap.ui.core.Icon{\"src\":{\"regex\":{\"source\":\"add\"}}}"}]}
RESULT: {"script":"<script> [1562 bytes]","args":[{"selector":{"controlType":"sap.ui.core.Icon","viewName":"etm.portal.ui.managepricingrules.view.MasterItem","viewId":"application-managepricingrules-display-component---priceInfoItem","properties":{"src":{"regex":{"source":"add"}}}},"wdio_ui5_key":"etmportal.ui.managepricingrules.view.MasterItemsap.ui.core.Icon{\"src\":{\"regex\":{\"source\":\"add\"}}}"}]}
RESULT: undefined
COMMAND: POST /session/17938e7f8541bcff555766d2bec8a2c8/element - {"using":"xpath","value":"//*[@id=\"__button80-img\"]"}
RESULT: {"using":"xpath","value":"//*[@id=\"__button80-img\"]"}
COMMAND: POST /session/17938e7f8541bcff555766d2bec8a2c8/element/f.0F1FAEEE2861019DFD6915B8D9C967AD.d.B6E76EBD12ED3E7D7CB15FAF6091D5CE.e.14951/click - {}
RESULT: {}
COMMAND: GET /session/17938e7f8541bcff555766d2bec8a2c8/screenshot - {}
RESULT: {}
COMMAND: POST /session/17938e7f8541bcff555766d2bec8a2c8/element - {"using":"xpath","value":"//input[@id=\"application-managepricingrules-display-component---newInfoPriceItem--condRU-inner\"]"}
RESULT: {"using":"xpath","value":"//input[@id=\"application-managepricingrules-display-component---newInfoPriceItem--condRU-inner\"]"}
COMMAND: POST /session/17938e7f8541bcff555766d2bec8a2c8/element/f.0F1FAEEE2861019DFD6915B8D9C967AD.d.B6E76EBD12ED3E7D7CB15FAF6091D5CE.e.15164/clear - {}
RESULT: {}
COMMAND: POST /session/17938e7f8541bcff555766d2bec8a2c8/element/f.0F1FAEEE2861019DFD6915B8D9C967AD.d.B6E76EBD12ED3E7D7CB15FAF6091D5CE.e.15164/value - {"text":"WebdriverMatTest4svea"}
COMMAND: GET /session/17938e7f8541bcff555766d2bec8a2c8/screenshot - {}
RESULT: {"text":"WebdriverMatTest4svea"}
COMMAND: POST /session/17938e7f8541bcff555766d2bec8a2c8/execute/async - {"script":"<script> [1562 bytes]","args":[{"selector":{"id":"application-managepricingrules-display-component---newInfoPriceItem--condValidTo","interaction":{"idSuffix":"inner"}},"wdio_ui5_key":"applicationmanagepricingrules-display-component---newInfoPriceItem--condValidTo"}]}
COMMAND: GET /session/17938e7f8541bcff555766d2bec8a2c8/screenshot - {}
RESULT: {}
RESULT: {"script":"<script> [1562 bytes]","args":[{"selector":{"id":"application-managepricingrules-display-component---newInfoPriceItem--condValidTo","interaction":{"idSuffix":"inner"}},"wdio_ui5_key":"applicationmanagepricingrules-display-component---newInfoPriceItem--condValidTo"}]}
RESULT: undefined
COMMAND: POST /session/17938e7f8541bcff555766d2bec8a2c8/execute/async - {"script":"<script> [776 bytes]","args":[{"enterText":"5/18/33","selector":{"id":"application-managepricingrules-display-component---newInfoPriceItem--condValidTo","interaction":{"idSuffix":"inner"}},"clearTextFirst":true,"interactionType":"ENTER_TEXT"}]}
RESULT: {}
RESULT: {"script":"<script> [776 bytes]","args":[{"enterText":"5/18/33","selector":{"id":"application-managepricingrules-display-component---newInfoPriceItem--condValidTo","interaction":{"idSuffix":"inner"}},"clearTextFirst":true,"interactionType":"ENTER_TEXT"}]}
COMMAND: POST /session/17938e7f8541bcff555766d2bec8a2c8/execute/async - {"script":"<script> [1562 bytes]","args":[{"selector":{"id":"application-managepricingrules-display-component---newInfoPriceItem--billType-arrow"},"wdio_ui5_key":"applicationmanagepricingrules-display-component---newInfoPriceItem--billType-arrow"}]}
RESULT: {"script":"<script> [1562 bytes]","args":[{"selector":{"id":"application-managepricingrules-display-component---newInfoPriceItem--billType-arrow"},"wdio_ui5_key":"applicationmanagepricingrules-display-component---newInfoPriceItem--billType-arrow"}]}
RESULT: undefined
COMMAND: POST /session/17938e7f8541bcff555766d2bec8a2c8/element - {"using":"xpath","value":"//*[@id=\"application-managepricingrules-display-component---newInfoPriceItem--billType-arrow\"]"}
RESULT: {"using":"xpath","value":"//*[@id=\"application-managepricingrules-display-component---newInfoPriceItem--billType-arrow\"]"}
COMMAND: POST /session/17938e7f8541bcff555766d2bec8a2c8/element/f.0F1FAEEE2861019DFD6915B8D9C967AD.d.B6E76EBD12ED3E7D7CB15FAF6091D5CE.e.15263/click - {}
RESULT: {}
COMMAND: POST /session/17938e7f8541bcff555766d2bec8a2c8/element - {"using":"xpath","value":"//span[contains(text(), \"TB - Time based\")]"}
COMMAND: GET /session/17938e7f8541bcff555766d2bec8a2c8/screenshot - {}
RESULT: {"using":"xpath","value":"//span[contains(text(), \"TB - Time based\")]"}
COMMAND: POST /session/17938e7f8541bcff555766d2bec8a2c8/element/f.0F1FAEEE2861019DFD6915B8D9C967AD.d.B6E76EBD12ED3E7D7CB15FAF6091D5CE.e.15304/click - {}
RESULT: {}
RESULT: {}
COMMAND: POST /session/17938e7f8541bcff555766d2bec8a2c8/execute/async - {"script":"<script> [1562 bytes]","args":[{"selector":{"id":"application-managepricingrules-display-component---newInfoPriceItem--priceProc-arrow"},"wdio_ui5_key":"applicationmanagepricingrules-display-component---newInfoPriceItem--priceProc-arrow"}]}
COMMAND: GET /session/17938e7f8541bcff555766d2bec8a2c8/screenshot - {}
RESULT: {"script":"<script> [1562 bytes]","args":[{"selector":{"id":"application-managepricingrules-display-component---newInfoPriceItem--priceProc-arrow"},"wdio_ui5_key":"applicationmanagepricingrules-display-component---newInfoPriceItem--priceProc-arrow"}]}
RESULT: undefined
COMMAND: POST /session/17938e7f8541bcff555766d2bec8a2c8/element - {"using":"xpath","value":"//*[@id=\"application-managepricingrules-display-component---newInfoPriceItem--priceProc-arrow\"]"}
RESULT: {}
RESULT: {"using":"xpath","value":"//*[@id=\"application-managepricingrules-display-component---newInfoPriceItem--priceProc-arrow\"]"}
COMMAND: POST /session/17938e7f8541bcff555766d2bec8a2c8/element/f.0F1FAEEE2861019DFD6915B8D9C967AD.d.B6E76EBD12ED3E7D7CB15FAF6091D5CE.e.15270/click - {}
RESULT: {}
COMMAND: POST /session/17938e7f8541bcff555766d2bec8a2c8/element - {"using":"xpath","value":"//span[contains(text(), \"TBS - Time based standard\")]"}
COMMAND: GET /session/17938e7f8541bcff555766d2bec8a2c8/screenshot - {}
RESULT: {"using":"xpath","value":"//span[contains(text(), \"TBS - Time based standard\")]"}
COMMAND: POST /session/17938e7f8541bcff555766d2bec8a2c8/element/f.0F1FAEEE2861019DFD6915B8D9C967AD.d.B6E76EBD12ED3E7D7CB15FAF6091D5CE.e.15305/click - {}
RESULT: {}
RESULT: {}
COMMAND: POST /session/17938e7f8541bcff555766d2bec8a2c8/execute/async - {"script":"<script> [1562 bytes]","args":[{"selector":{"id":"application-managepricingrules-display-component---newInfoPriceItem--calcBase-arrow"},"wdio_ui5_key":"applicationmanagepricingrules-display-component---newInfoPriceItem--calcBase-arrow"}]}
COMMAND: GET /session/17938e7f8541bcff555766d2bec8a2c8/screenshot - {}
RESULT: {"script":"<script> [1562 bytes]","args":[{"selector":{"id":"application-managepricingrules-display-component---newInfoPriceItem--calcBase-arrow"},"wdio_ui5_key":"applicationmanagepricingrules-display-component---newInfoPriceItem--calcBase-arrow"}]}
RESULT: undefined
COMMAND: POST /session/17938e7f8541bcff555766d2bec8a2c8/element - {"using":"xpath","value":"//*[@id=\"application-managepricingrules-display-component---newInfoPriceItem--calcBase-arrow\"]"}
RESULT: {}
RESULT: {"using":"xpath","value":"//*[@id=\"application-managepricingrules-display-component---newInfoPriceItem--calcBase-arrow\"]"}
COMMAND: POST /session/17938e7f8541bcff555766d2bec8a2c8/element/f.0F1FAEEE2861019DFD6915B8D9C967AD.d.B6E76EBD12ED3E7D7CB15FAF6091D5CE.e.15277/click - {}
RESULT: {}
COMMAND: GET /session/17938e7f8541bcff555766d2bec8a2c8/screenshot - {}
RESULT: {}
COMMAND: POST /session/17938e7f8541bcff555766d2bec8a2c8/element - {"using":"xpath","value":"//span[contains(text(), \"0006 - TB(calendar days)\")]"}
RESULT: {"using":"xpath","value":"//span[contains(text(), \"0006 - TB(calendar days)\")]"}
COMMAND: POST /session/17938e7f8541bcff555766d2bec8a2c8/element/f.0F1FAEEE2861019DFD6915B8D9C967AD.d.B6E76EBD12ED3E7D7CB15FAF6091D5CE.e.15306/click - {}
RESULT: {}
COMMAND: POST /session/17938e7f8541bcff555766d2bec8a2c8/execute/async - {"script":"<script> [1562 bytes]","args":[{"selector":{"id":"application-managepricingrules-display-component---newInfoPriceItem--daysMonth","interaction":{"idSuffix":"inner"}},"wdio_ui5_key":"applicationmanagepricingrules-display-component---newInfoPriceItem--daysMonth"}]}
COMMAND: GET /session/17938e7f8541bcff555766d2bec8a2c8/screenshot - {}
RESULT: {"script":"<script> [1562 bytes]","args":[{"selector":{"id":"application-managepricingrules-display-component---newInfoPriceItem--daysMonth","interaction":{"idSuffix":"inner"}},"wdio_ui5_key":"applicationmanagepricingrules-display-component---newInfoPriceItem--daysMonth"}]}
RESULT: undefined
COMMAND: POST /session/17938e7f8541bcff555766d2bec8a2c8/execute/async - {"script":"<script> [776 bytes]","args":[{"enterText":"30","selector":{"id":"application-managepricingrules-display-component---newInfoPriceItem--daysMonth","interaction":{"idSuffix":"inner"}},"clearTextFirst":true,"interactionType":"ENTER_TEXT"}]}
RESULT: {}
RESULT: {"script":"<script> [776 bytes]","args":[{"enterText":"30","selector":{"id":"application-managepricingrules-display-component---newInfoPriceItem--daysMonth","interaction":{"idSuffix":"inner"}},"clearTextFirst":true,"interactionType":"ENTER_TEXT"}]}
COMMAND: POST /session/17938e7f8541bcff555766d2bec8a2c8/element - {"using":"xpath","value":"//button[@data-kt=\"saveNewRuleButton\"]"}
RESULT: {"using":"xpath","value":"//button[@data-kt=\"saveNewRuleButton\"]"}
COMMAND: POST /session/17938e7f8541bcff555766d2bec8a2c8/element/f.0F1FAEEE2861019DFD6915B8D9C967AD.d.B6E76EBD12ED3E7D7CB15FAF6091D5CE.e.15297/click - {}
RESULT: {}
COMMAND: GET /session/17938e7f8541bcff555766d2bec8a2c8/screenshot - {}
RESULT: {}
COMMAND: POST /session/17938e7f8541bcff555766d2bec8a2c8/element - {"using":"css selector","value":"#shell-header-logo"}
RESULT: {"using":"css selector","value":"#shell-header-logo"}
COMMAND: POST /session/17938e7f8541bcff555766d2bec8a2c8/element/f.0F1FAEEE2861019DFD6915B8D9C967AD.d.B6E76EBD12ED3E7D7CB15FAF6091D5CE.e.14858/click - {}
RESULT: {}
COMMAND: GET /session/17938e7f8541bcff555766d2bec8a2c8/screenshot - {}
RESULT: {}
COMMAND: POST /session/17938e7f8541bcff555766d2bec8a2c8/execute/async - {"script":"<script> [1562 bytes]","args":[{"selector":{"controlType":"sap.m.Text","properties":{"text":"Manage Conditions & Prices"},"interaction":{"idSuffix":"inner"}},"wdio_ui5_key":"sapm.Text{\"text\":\"Manage Conditions & Prices\"}"}]}
RESULT: {"script":"<script> [1562 bytes]","args":[{"selector":{"controlType":"sap.m.Text","properties":{"text":"Manage Conditions & Prices"},"interaction":{"idSuffix":"inner"}},"wdio_ui5_key":"sapm.Text{\"text\":\"Manage Conditions & Prices\"}"}]}
RESULT: undefined
COMMAND: POST /session/17938e7f8541bcff555766d2bec8a2c8/element - {"using":"xpath","value":"//*[@id=\"__tile53-title\"]"}
RESULT: {"using":"xpath","value":"//*[@id=\"__tile53-title\"]"}
COMMAND: POST /session/17938e7f8541bcff555766d2bec8a2c8/element/f.0F1FAEEE2861019DFD6915B8D9C967AD.d.B6E76EBD12ED3E7D7CB15FAF6091D5CE.e.15325/click - {}
RESULT: {}
COMMAND: GET /session/17938e7f8541bcff555766d2bec8a2c8/screenshot - {}
RESULT: {}
COMMAND: POST /session/17938e7f8541bcff555766d2bec8a2c8/element - {"using":"xpath","value":"//button[@aria-label=\"Create\"]"}
RESULT: {"using":"xpath","value":"//button[@aria-label=\"Create\"]"}
COMMAND: POST /session/17938e7f8541bcff555766d2bec8a2c8/element/f.0F1FAEEE2861019DFD6915B8D9C967AD.d.B6E76EBD12ED3E7D7CB15FAF6091D5CE.e.15367/click - {}
RESULT: {}
COMMAND: POST /session/17938e7f8541bcff555766d2bec8a2c8/actions - {"actions":[{"id":"action74","type":"key","parameters":{},"actions":[{"type":"keyDown","value":"î€‡"},{"type":"pause","duration":10},{"type":"keyUp","value":"î€‡"}]}]}
COMMAND: GET /session/17938e7f8541bcff555766d2bec8a2c8/screenshot - {}
RESULT: {"actions":[{"id":"action74","type":"key","parameters":{},"actions":[{"type":"keyDown","value":"î€‡"},{"type":"pause","duration":10},{"type":"keyUp","value":"î€‡"}]}]}
COMMAND: GET /session/17938e7f8541bcff555766d2bec8a2c8/screenshot - {}
COMMAND: POST /session/17938e7f8541bcff555766d2bec8a2c8/execute/async - {"script":"<script> [1562 bytes]","args":[{"selector":{"id":"application-manageconditionprice-display-component---newCondition--condBillCond-arrow"},"wdio_ui5_key":"applicationmanageconditionprice-display-component---newCondition--condBillCond-arrow"}]}
RESULT: {}
RESULT: {}
RESULT: {"script":"<script> [1562 bytes]","args":[{"selector":{"id":"application-manageconditionprice-display-component---newCondition--condBillCond-arrow"},"wdio_ui5_key":"applicationmanageconditionprice-display-component---newCondition--condBillCond-arrow"}]}
RESULT: undefined
COMMAND: POST /session/17938e7f8541bcff555766d2bec8a2c8/element - {"using":"xpath","value":"//*[@id=\"application-manageconditionprice-display-component---newCondition--condBillCond-arrow\"]"}
RESULT: {"using":"xpath","value":"//*[@id=\"application-manageconditionprice-display-component---newCondition--condBillCond-arrow\"]"}
COMMAND: POST /session/17938e7f8541bcff555766d2bec8a2c8/element/f.0F1FAEEE2861019DFD6915B8D9C967AD.d.B6E76EBD12ED3E7D7CB15FAF6091D5CE.e.15821/click - {}
RESULT: {}
COMMAND: POST /session/17938e7f8541bcff555766d2bec8a2c8/element - {"using":"xpath","value":"//span[contains(text(), \"DISP - D&I special price\")]"}
COMMAND: GET /session/17938e7f8541bcff555766d2bec8a2c8/screenshot - {}
RESULT: {"using":"xpath","value":"//span[contains(text(), \"DISP - D&I special price\")]"}
COMMAND: POST /session/17938e7f8541bcff555766d2bec8a2c8/element/f.0F1FAEEE2861019DFD6915B8D9C967AD.d.B6E76EBD12ED3E7D7CB15FAF6091D5CE.e.15824/click - {}
RESULT: {}
RESULT: {}
COMMAND: POST /session/17938e7f8541bcff555766d2bec8a2c8/execute/async - {"script":"<script> [1562 bytes]","args":[{"selector":{"id":"application-manageconditionprice-display-component---newCondition--condValidTo","interaction":{"idSuffix":"inner"}},"wdio_ui5_key":"applicationmanageconditionprice-display-component---newCondition--condValidTo"}]}
COMMAND: GET /session/17938e7f8541bcff555766d2bec8a2c8/screenshot - {}
RESULT: {"script":"<script> [1562 bytes]","args":[{"selector":{"id":"application-manageconditionprice-display-component---newCondition--condValidTo","interaction":{"idSuffix":"inner"}},"wdio_ui5_key":"applicationmanageconditionprice-display-component---newCondition--condValidTo"}]}
RESULT: undefined
COMMAND: POST /session/17938e7f8541bcff555766d2bec8a2c8/execute/async - {"script":"<script> [776 bytes]","args":[{"enterText":"5/11/33","selector":{"id":"application-manageconditionprice-display-component---newCondition--condValidTo","interaction":{"idSuffix":"inner"}},"clearTextFirst":true,"interactionType":"ENTER_TEXT"}]}
RESULT: {}
RESULT: {"script":"<script> [776 bytes]","args":[{"enterText":"5/11/33","selector":{"id":"application-manageconditionprice-display-component---newCondition--condValidTo","interaction":{"idSuffix":"inner"}},"clearTextFirst":true,"interactionType":"ENTER_TEXT"}]}
COMMAND: POST /session/17938e7f8541bcff555766d2bec8a2c8/element - {"using":"xpath","value":"//input[@id=\"application-manageconditionprice-display-component---newCondition--condRU-inner\"]"}
RESULT: {"using":"xpath","value":"//input[@id=\"application-manageconditionprice-display-component---newCondition--condRU-inner\"]"}
COMMAND: POST /session/17938e7f8541bcff555766d2bec8a2c8/element/f.0F1FAEEE2861019DFD6915B8D9C967AD.d.B6E76EBD12ED3E7D7CB15FAF6091D5CE.e.15554/clear - {}
RESULT: {}
COMMAND: POST /session/17938e7f8541bcff555766d2bec8a2c8/element/f.0F1FAEEE2861019DFD6915B8D9C967AD.d.B6E76EBD12ED3E7D7CB15FAF6091D5CE.e.15554/value - {"text":"WebdriverMatTest4svea"}
COMMAND: GET /session/17938e7f8541bcff555766d2bec8a2c8/screenshot - {}
RESULT: {"text":"WebdriverMatTest4svea"}
COMMAND: GET /session/17938e7f8541bcff555766d2bec8a2c8/screenshot - {}
RESULT: {}
RESULT: {}
COMMAND: POST /session/17938e7f8541bcff555766d2bec8a2c8/actions - {"actions":[{"id":"action75","type":"key","parameters":{},"actions":[{"type":"keyDown","value":"î€‡"},{"type":"pause","duration":10},{"type":"keyUp","value":"î€‡"}]}]}
RESULT: {"actions":[{"id":"action75","type":"key","parameters":{},"actions":[{"type":"keyDown","value":"î€‡"},{"type":"pause","duration":10},{"type":"keyUp","value":"î€‡"}]}]}
COMMAND: POST /session/17938e7f8541bcff555766d2bec8a2c8/execute/async - {"script":"<script> [1562 bytes]","args":[{"selector":{"id":"application-manageconditionprice-display-component---newCondition--condBaseQty","interaction":{"idSuffix":"inner"}},"wdio_ui5_key":"applicationmanageconditionprice-display-component---newCondition--condBaseQty"}]}
COMMAND: GET /session/17938e7f8541bcff555766d2bec8a2c8/screenshot - {}
RESULT: {"script":"<script> [1562 bytes]","args":[{"selector":{"id":"application-manageconditionprice-display-component---newCondition--condBaseQty","interaction":{"idSuffix":"inner"}},"wdio_ui5_key":"applicationmanageconditionprice-display-component---newCondition--condBaseQty"}]}
RESULT: undefined
COMMAND: POST /session/17938e7f8541bcff555766d2bec8a2c8/execute/async - {"script":"<script> [776 bytes]","args":[{"enterText":"1","selector":{"id":"application-manageconditionprice-display-component---newCondition--condBaseQty","interaction":{"idSuffix":"inner"}},"clearTextFirst":true,"interactionType":"ENTER_TEXT"}]}
RESULT: {}
RESULT: {"script":"<script> [776 bytes]","args":[{"enterText":"1","selector":{"id":"application-manageconditionprice-display-component---newCondition--condBaseQty","interaction":{"idSuffix":"inner"}},"clearTextFirst":true,"interactionType":"ENTER_TEXT"}]}
COMMAND: POST /session/17938e7f8541bcff555766d2bec8a2c8/execute/async - {"script":"<script> [1562 bytes]","args":[{"selector":{"id":"application-manageconditionprice-display-component---newCondition--condValue","interaction":{"idSuffix":"inner"}},"wdio_ui5_key":"applicationmanageconditionprice-display-component---newCondition--condValue"}]}
RESULT: {"script":"<script> [1562 bytes]","args":[{"selector":{"id":"application-manageconditionprice-display-component---newCondition--condValue","interaction":{"idSuffix":"inner"}},"wdio_ui5_key":"applicationmanageconditionprice-display-component---newCondition--condValue"}]}
RESULT: undefined
COMMAND: POST /session/17938e7f8541bcff555766d2bec8a2c8/execute/async - {"script":"<script> [776 bytes]","args":[{"enterText":"100","selector":{"id":"application-manageconditionprice-display-component---newCondition--condValue","interaction":{"idSuffix":"inner"}},"clearTextFirst":true,"interactionType":"ENTER_TEXT"}]}
RESULT: {"script":"<script> [776 bytes]","args":[{"enterText":"100","selector":{"id":"application-manageconditionprice-display-component---newCondition--condValue","interaction":{"idSuffix":"inner"}},"clearTextFirst":true,"interactionType":"ENTER_TEXT"}]}
COMMAND: POST /session/17938e7f8541bcff555766d2bec8a2c8/execute/async - {"script":"<script> [1562 bytes]","args":[{"selector":{"id":"application-manageconditionprice-display-component---newCondition--condCurr-arrow"},"wdio_ui5_key":"applicationmanageconditionprice-display-component---newCondition--condCurr-arrow"}]}
RESULT: {"script":"<script> [1562 bytes]","args":[{"selector":{"id":"application-manageconditionprice-display-component---newCondition--condCurr-arrow"},"wdio_ui5_key":"applicationmanageconditionprice-display-component---newCondition--condCurr-arrow"}]}
RESULT: undefined
COMMAND: POST /session/17938e7f8541bcff555766d2bec8a2c8/element - {"using":"xpath","value":"//*[@id=\"application-manageconditionprice-display-component---newCondition--condCurr-arrow\"]"}
RESULT: {"using":"xpath","value":"//*[@id=\"application-manageconditionprice-display-component---newCondition--condCurr-arrow\"]"}
COMMAND: POST /session/17938e7f8541bcff555766d2bec8a2c8/element/f.0F1FAEEE2861019DFD6915B8D9C967AD.d.B6E76EBD12ED3E7D7CB15FAF6091D5CE.e.15783/click - {}
RESULT: {}
COMMAND: POST /session/17938e7f8541bcff555766d2bec8a2c8/element - {"using":"xpath","value":"//span[contains(text(), \"Euro\")]"}
COMMAND: GET /session/17938e7f8541bcff555766d2bec8a2c8/screenshot - {}
RESULT: {"using":"xpath","value":"//span[contains(text(), \"Euro\")]"}
COMMAND: POST /session/17938e7f8541bcff555766d2bec8a2c8/element/f.0F1FAEEE2861019DFD6915B8D9C967AD.d.B6E76EBD12ED3E7D7CB15FAF6091D5CE.e.15860/click - {}
RESULT: {}
RESULT: {}
COMMAND: POST /session/17938e7f8541bcff555766d2bec8a2c8/element - {"using":"xpath","value":"//button[@data-kt=\"saveButton\"]"}
COMMAND: GET /session/17938e7f8541bcff555766d2bec8a2c8/screenshot - {}
RESULT: {"using":"xpath","value":"//button[@data-kt=\"saveButton\"]"}
COMMAND: POST /session/17938e7f8541bcff555766d2bec8a2c8/element/f.0F1FAEEE2861019DFD6915B8D9C967AD.d.B6E76EBD12ED3E7D7CB15FAF6091D5CE.e.15784/click - {}
RESULT: {}
RESULT: {}
COMMAND: GET /session/17938e7f8541bcff555766d2bec8a2c8/screenshot - {}
RESULT: {}
COMMAND: POST /session/17938e7f8541bcff555766d2bec8a2c8/element - {"using":"css selector","value":"#shell-header-logo"}
RESULT: {"using":"css selector","value":"#shell-header-logo"}
COMMAND: POST /session/17938e7f8541bcff555766d2bec8a2c8/element/f.0F1FAEEE2861019DFD6915B8D9C967AD.d.B6E76EBD12ED3E7D7CB15FAF6091D5CE.e.15328/click - {}
RESULT: {}
COMMAND: GET /session/17938e7f8541bcff555766d2bec8a2c8/screenshot - {}
RESULT: {}
]]></system-out>
    </testcase>
    <testcase classname="chrome.137_0_7151_56.windows.E2E_-_Logistical_and_commercial_statuses" name="Should create a new contract" time="78.916">
      <system-out><![CDATA[
COMMAND: POST /session/17938e7f8541bcff555766d2bec8a2c8/execute/async - {"script":"<script> [1562 bytes]","args":[{"selector":{"controlType":"sap.m.GenericTile","properties":{"header":"Manage Contracts"}},"wdio_ui5_key":"sapm.GenericTile{\"header\":\"Manage Contracts\"}"}]}
RESULT: {"script":"<script> [1562 bytes]","args":[{"selector":{"controlType":"sap.m.GenericTile","properties":{"header":"Manage Contracts"}},"wdio_ui5_key":"sapm.GenericTile{\"header\":\"Manage Contracts\"}"}]}
RESULT: undefined
COMMAND: POST /session/17938e7f8541bcff555766d2bec8a2c8/element - {"using":"xpath","value":"//*[@id=\"__tile131\"]"}
RESULT: {"using":"xpath","value":"//*[@id=\"__tile131\"]"}
COMMAND: POST /session/17938e7f8541bcff555766d2bec8a2c8/element/f.0F1FAEEE2861019DFD6915B8D9C967AD.d.B6E76EBD12ED3E7D7CB15FAF6091D5CE.e.14136/click - {}
RESULT: {}
COMMAND: GET /session/17938e7f8541bcff555766d2bec8a2c8/screenshot - {}
RESULT: {}
COMMAND: POST /session/17938e7f8541bcff555766d2bec8a2c8/elements - {"using":"xpath","value":"//span[text()='Error']"}
RESULT: {"using":"xpath","value":"//span[text()='Error']"}
COMMAND: POST /session/17938e7f8541bcff555766d2bec8a2c8/element - {"using":"xpath","value":"//button[@data-kt=\"addButton\"]"}
RESULT: {"using":"xpath","value":"//button[@data-kt=\"addButton\"]"}
COMMAND: POST /session/17938e7f8541bcff555766d2bec8a2c8/element/f.0F1FAEEE2861019DFD6915B8D9C967AD.d.B6E76EBD12ED3E7D7CB15FAF6091D5CE.e.15912/click - {}
RESULT: {}
COMMAND: GET /session/17938e7f8541bcff555766d2bec8a2c8/screenshot - {}
COMMAND: POST /session/17938e7f8541bcff555766d2bec8a2c8/execute/async - {"script":"<script> [1562 bytes]","args":[{"selector":{"id":"application-managecontracts-display-component---AddNewContract--projectDescription","interaction":{"idSuffix":"inner"}},"wdio_ui5_key":"applicationmanagecontracts-display-component---AddNewContract--projectDescription"}]}
RESULT: {}
RESULT: {"script":"<script> [1562 bytes]","args":[{"selector":{"id":"application-managecontracts-display-component---AddNewContract--projectDescription","interaction":{"idSuffix":"inner"}},"wdio_ui5_key":"applicationmanagecontracts-display-component---AddNewContract--projectDescription"}]}
RESULT: undefined
COMMAND: POST /session/17938e7f8541bcff555766d2bec8a2c8/execute/async - {"script":"<script> [776 bytes]","args":[{"enterText":"WdIOR2czc3pxi","selector":{"id":"application-managecontracts-display-component---AddNewContract--projectDescription","interaction":{"idSuffix":"inner"}},"clearTextFirst":true,"interactionType":"ENTER_TEXT"}]}
RESULT: {"script":"<script> [776 bytes]","args":[{"enterText":"WdIOR2czc3pxi","selector":{"id":"application-managecontracts-display-component---AddNewContract--projectDescription","interaction":{"idSuffix":"inner"}},"clearTextFirst":true,"interactionType":"ENTER_TEXT"}]}
COMMAND: POST /session/17938e7f8541bcff555766d2bec8a2c8/element - {"using":"xpath","value":"//input[@id=\"application-managecontracts-display-component---AddNewContract--yardId-inner\"]"}
RESULT: {"using":"xpath","value":"//input[@id=\"application-managecontracts-display-component---AddNewContract--yardId-inner\"]"}
COMMAND: POST /session/17938e7f8541bcff555766d2bec8a2c8/element/f.0F1FAEEE2861019DFD6915B8D9C967AD.d.B6E76EBD12ED3E7D7CB15FAF6091D5CE.e.16177/clear - {}
RESULT: {}
COMMAND: POST /session/17938e7f8541bcff555766d2bec8a2c8/element/f.0F1FAEEE2861019DFD6915B8D9C967AD.d.B6E76EBD12ED3E7D7CB15FAF6091D5CE.e.16177/value - {"text":"WebdriverYardjawrt"}
COMMAND: GET /session/17938e7f8541bcff555766d2bec8a2c8/screenshot - {}
RESULT: {"text":"WebdriverYardjawrt"}
COMMAND: GET /session/17938e7f8541bcff555766d2bec8a2c8/screenshot - {}
RESULT: {}
RESULT: {}
COMMAND: POST /session/17938e7f8541bcff555766d2bec8a2c8/actions - {"actions":[{"id":"action76","type":"key","parameters":{},"actions":[{"type":"keyDown","value":"î€‡"},{"type":"pause","duration":10},{"type":"keyUp","value":"î€‡"}]}]}
RESULT: {"actions":[{"id":"action76","type":"key","parameters":{},"actions":[{"type":"keyDown","value":"î€‡"},{"type":"pause","duration":10},{"type":"keyUp","value":"î€‡"}]}]}
COMMAND: GET /session/17938e7f8541bcff555766d2bec8a2c8/screenshot - {}
RESULT: {}
COMMAND: POST /session/17938e7f8541bcff555766d2bec8a2c8/element - {"using":"xpath","value":"//input[@id=\"application-managecontracts-display-component---AddNewContract--customerSelect-inner\"]"}
RESULT: {"using":"xpath","value":"//input[@id=\"application-managecontracts-display-component---AddNewContract--customerSelect-inner\"]"}
COMMAND: POST /session/17938e7f8541bcff555766d2bec8a2c8/element/f.0F1FAEEE2861019DFD6915B8D9C967AD.d.B6E76EBD12ED3E7D7CB15FAF6091D5CE.e.16175/clear - {}
RESULT: {}
COMMAND: POST /session/17938e7f8541bcff555766d2bec8a2c8/element/f.0F1FAEEE2861019DFD6915B8D9C967AD.d.B6E76EBD12ED3E7D7CB15FAF6091D5CE.e.16175/value - {"text":"WebdriverPartnerin911"}
COMMAND: GET /session/17938e7f8541bcff555766d2bec8a2c8/screenshot - {}
RESULT: {"text":"WebdriverPartnerin911"}
COMMAND: GET /session/17938e7f8541bcff555766d2bec8a2c8/screenshot - {}
RESULT: {}
RESULT: {}
COMMAND: POST /session/17938e7f8541bcff555766d2bec8a2c8/actions - {"actions":[{"id":"action77","type":"key","parameters":{},"actions":[{"type":"keyDown","value":"î€‡"},{"type":"pause","duration":10},{"type":"keyUp","value":"î€‡"}]}]}
RESULT: {"actions":[{"id":"action77","type":"key","parameters":{},"actions":[{"type":"keyDown","value":"î€‡"},{"type":"pause","duration":10},{"type":"keyUp","value":"î€‡"}]}]}
COMMAND: GET /session/17938e7f8541bcff555766d2bec8a2c8/screenshot - {}
RESULT: {}
COMMAND: POST /session/17938e7f8541bcff555766d2bec8a2c8/element - {"using":"xpath","value":"//input[@id=\"application-managecontracts-display-component---AddNewContract--site-inner\"]"}
RESULT: {"using":"xpath","value":"//input[@id=\"application-managecontracts-display-component---AddNewContract--site-inner\"]"}
COMMAND: POST /session/17938e7f8541bcff555766d2bec8a2c8/element/f.0F1FAEEE2861019DFD6915B8D9C967AD.d.B6E76EBD12ED3E7D7CB15FAF6091D5CE.e.16176/clear - {}
RESULT: {}
COMMAND: POST /session/17938e7f8541bcff555766d2bec8a2c8/element/f.0F1FAEEE2861019DFD6915B8D9C967AD.d.B6E76EBD12ED3E7D7CB15FAF6091D5CE.e.16176/value - {"text":"WebdriverSitehfgme"}
COMMAND: GET /session/17938e7f8541bcff555766d2bec8a2c8/screenshot - {}
RESULT: {"text":"WebdriverSitehfgme"}
COMMAND: GET /session/17938e7f8541bcff555766d2bec8a2c8/screenshot - {}
RESULT: {}
RESULT: {}
COMMAND: POST /session/17938e7f8541bcff555766d2bec8a2c8/actions - {"actions":[{"id":"action78","type":"key","parameters":{},"actions":[{"type":"keyDown","value":"î€‡"},{"type":"pause","duration":10},{"type":"keyUp","value":"î€‡"}]}]}
RESULT: {"actions":[{"id":"action78","type":"key","parameters":{},"actions":[{"type":"keyDown","value":"î€‡"},{"type":"pause","duration":10},{"type":"keyUp","value":"î€‡"}]}]}
COMMAND: POST /session/17938e7f8541bcff555766d2bec8a2c8/element - {"using":"xpath","value":"//button[@data-kt=\"saveButton\"]"}
COMMAND: GET /session/17938e7f8541bcff555766d2bec8a2c8/screenshot - {}
RESULT: {"using":"xpath","value":"//button[@data-kt=\"saveButton\"]"}
COMMAND: POST /session/17938e7f8541bcff555766d2bec8a2c8/element/f.0F1FAEEE2861019DFD6915B8D9C967AD.d.B6E76EBD12ED3E7D7CB15FAF6091D5CE.e.16251/click - {}
RESULT: {}
RESULT: {}
COMMAND: GET /session/17938e7f8541bcff555766d2bec8a2c8/screenshot - {}
RESULT: {}
COMMAND: POST /session/17938e7f8541bcff555766d2bec8a2c8/execute/async - {"script":"<script> [1562 bytes]","args":[{"selector":{"id":"contractDetailTitleNoExpanded","viewName":"etm.portal.ui.managecontracts.view.Detail"},"wdio_ui5_key":"contractDetailTitleNoExpandedetmportal.ui.managecontracts.view.Detail"}]}
RESULT: {"script":"<script> [1562 bytes]","args":[{"selector":{"id":"contractDetailTitleNoExpanded","viewName":"etm.portal.ui.managecontracts.view.Detail"},"wdio_ui5_key":"contractDetailTitleNoExpandedetmportal.ui.managecontracts.view.Detail"}]}
RESULT: undefined
COMMAND: POST /session/17938e7f8541bcff555766d2bec8a2c8/execute/async - {"script":"<script> [6424 bytes]","args":[{"element-6066-11e4-a52e-4f735466cecf":"f.0F1FAEEE2861019DFD6915B8D9C967AD.d.B6E76EBD12ED3E7D7CB15FAF6091D5CE.e.16268"},"getText",[]]}
RESULT: {"script":"<script> [6424 bytes]","args":[{"element-6066-11e4-a52e-4f735466cecf":"f.0F1FAEEE2861019DFD6915B8D9C967AD.d.B6E76EBD12ED3E7D7CB15FAF6091D5CE.e.16268"},"getText",[]]}
]]></system-out>
    </testcase>
    <testcase classname="chrome.137_0_7151_56.windows.E2E_-_Logistical_and_commercial_statuses" name="Should add materialID to the contract" time="46.325">
      <system-out><![CDATA[
COMMAND: POST /session/17938e7f8541bcff555766d2bec8a2c8/element - {"using":"xpath","value":"//button[@data-kt=\"contractDetailEditBtnButton\"]"}
RESULT: {"using":"xpath","value":"//button[@data-kt=\"contractDetailEditBtnButton\"]"}
COMMAND: POST /session/17938e7f8541bcff555766d2bec8a2c8/element/f.0F1FAEEE2861019DFD6915B8D9C967AD.d.B6E76EBD12ED3E7D7CB15FAF6091D5CE.e.16269/click - {}
RESULT: {}
COMMAND: GET /session/17938e7f8541bcff555766d2bec8a2c8/screenshot - {}
RESULT: {}
COMMAND: POST /session/17938e7f8541bcff555766d2bec8a2c8/element - {"using":"xpath","value":"(//span[contains(text(), \"Additional Addresses\")])[2]"}
RESULT: {"using":"xpath","value":"(//span[contains(text(), \"Additional Addresses\")])[2]"}
COMMAND: POST /session/17938e7f8541bcff555766d2bec8a2c8/element/f.0F1FAEEE2861019DFD6915B8D9C967AD.d.B6E76EBD12ED3E7D7CB15FAF6091D5CE.e.16328/click - {}
RESULT: {}
COMMAND: GET /session/17938e7f8541bcff555766d2bec8a2c8/screenshot - {}
RESULT: {}
COMMAND: POST /session/17938e7f8541bcff555766d2bec8a2c8/element - {"using":"xpath","value":"//button[@data-kt=\"btnAddTableRowOverflowToolbarButton\"]"}
RESULT: {"using":"xpath","value":"//button[@data-kt=\"btnAddTableRowOverflowToolbarButton\"]"}
COMMAND: POST /session/17938e7f8541bcff555766d2bec8a2c8/element/f.0F1FAEEE2861019DFD6915B8D9C967AD.d.B6E76EBD12ED3E7D7CB15FAF6091D5CE.e.16330/click - {}
RESULT: {}
COMMAND: GET /session/17938e7f8541bcff555766d2bec8a2c8/screenshot - {}
RESULT: {}
COMMAND: POST /session/17938e7f8541bcff555766d2bec8a2c8/element - {"using":"xpath","value":"//div[(text() = 'Standard Entry' or . = 'Standard Entry')]"}
RESULT: {"using":"xpath","value":"//div[(text() = 'Standard Entry' or . = 'Standard Entry')]"}
COMMAND: POST /session/17938e7f8541bcff555766d2bec8a2c8/element/f.0F1FAEEE2861019DFD6915B8D9C967AD.d.B6E76EBD12ED3E7D7CB15FAF6091D5CE.e.16332/click - {}
RESULT: {}
COMMAND: POST /session/17938e7f8541bcff555766d2bec8a2c8/element - {"using":"xpath","value":"//td[6]/div/div/input[1]"}
COMMAND: GET /session/17938e7f8541bcff555766d2bec8a2c8/screenshot - {}
RESULT: {"using":"xpath","value":"//td[6]/div/div/input[1]"}
COMMAND: POST /session/17938e7f8541bcff555766d2bec8a2c8/element/f.0F1FAEEE2861019DFD6915B8D9C967AD.d.B6E76EBD12ED3E7D7CB15FAF6091D5CE.e.16334/click - {}
RESULT: {}
RESULT: {}
COMMAND: POST /session/17938e7f8541bcff555766d2bec8a2c8/actions - {"actions":[{"id":"action79","type":"key","parameters":{},"actions":[{"type":"keyDown","value":"î€ƒ"},{"type":"pause","duration":10},{"type":"keyUp","value":"î€ƒ"}]}]}
COMMAND: GET /session/17938e7f8541bcff555766d2bec8a2c8/screenshot - {}
RESULT: {"actions":[{"id":"action79","type":"key","parameters":{},"actions":[{"type":"keyDown","value":"î€ƒ"},{"type":"pause","duration":10},{"type":"keyUp","value":"î€ƒ"}]}]}
COMMAND: POST /session/17938e7f8541bcff555766d2bec8a2c8/element - {"using":"xpath","value":"//td[6]/div/div/input[1]"}
COMMAND: GET /session/17938e7f8541bcff555766d2bec8a2c8/screenshot - {}
RESULT: {}
RESULT: {"using":"xpath","value":"//td[6]/div/div/input[1]"}
COMMAND: POST /session/17938e7f8541bcff555766d2bec8a2c8/element/f.0F1FAEEE2861019DFD6915B8D9C967AD.d.B6E76EBD12ED3E7D7CB15FAF6091D5CE.e.16334/clear - {}
RESULT: {}
RESULT: {}
COMMAND: POST /session/17938e7f8541bcff555766d2bec8a2c8/element/f.0F1FAEEE2861019DFD6915B8D9C967AD.d.B6E76EBD12ED3E7D7CB15FAF6091D5CE.e.16334/value - {"text":"Material"}
COMMAND: GET /session/17938e7f8541bcff555766d2bec8a2c8/screenshot - {}
RESULT: {"text":"Material"}
COMMAND: GET /session/17938e7f8541bcff555766d2bec8a2c8/screenshot - {}
RESULT: {}
RESULT: {}
COMMAND: POST /session/17938e7f8541bcff555766d2bec8a2c8/actions - {"actions":[{"id":"action80","type":"key","parameters":{},"actions":[{"type":"keyDown","value":"î€‡"},{"type":"pause","duration":10},{"type":"keyUp","value":"î€‡"}]}]}
RESULT: {"actions":[{"id":"action80","type":"key","parameters":{},"actions":[{"type":"keyDown","value":"î€‡"},{"type":"pause","duration":10},{"type":"keyUp","value":"î€‡"}]}]}
COMMAND: GET /session/17938e7f8541bcff555766d2bec8a2c8/screenshot - {}
COMMAND: POST /session/17938e7f8541bcff555766d2bec8a2c8/actions - {"actions":[{"id":"action81","type":"key","parameters":{},"actions":[{"type":"keyDown","value":"î€‡"},{"type":"pause","duration":10},{"type":"keyUp","value":"î€‡"}]}]}
RESULT: {}
RESULT: {"actions":[{"id":"action81","type":"key","parameters":{},"actions":[{"type":"keyDown","value":"î€‡"},{"type":"pause","duration":10},{"type":"keyUp","value":"î€‡"}]}]}
COMMAND: POST /session/17938e7f8541bcff555766d2bec8a2c8/element - {"using":"xpath","value":"//td[7]/div/div/input"}
COMMAND: GET /session/17938e7f8541bcff555766d2bec8a2c8/screenshot - {}
RESULT: {"using":"xpath","value":"//td[7]/div/div/input"}
COMMAND: POST /session/17938e7f8541bcff555766d2bec8a2c8/element/f.0F1FAEEE2861019DFD6915B8D9C967AD.d.B6E76EBD12ED3E7D7CB15FAF6091D5CE.e.16347/clear - {}
RESULT: {}
RESULT: {}
COMMAND: POST /session/17938e7f8541bcff555766d2bec8a2c8/element/f.0F1FAEEE2861019DFD6915B8D9C967AD.d.B6E76EBD12ED3E7D7CB15FAF6091D5CE.e.16347/value - {"text":"WebdriverMatTest4svea"}
COMMAND: GET /session/17938e7f8541bcff555766d2bec8a2c8/screenshot - {}
RESULT: {"text":"WebdriverMatTest4svea"}
COMMAND: GET /session/17938e7f8541bcff555766d2bec8a2c8/screenshot - {}
RESULT: {}
RESULT: {}
COMMAND: POST /session/17938e7f8541bcff555766d2bec8a2c8/actions - {"actions":[{"id":"action82","type":"key","parameters":{},"actions":[{"type":"keyDown","value":"î€‡"},{"type":"pause","duration":10},{"type":"keyUp","value":"î€‡"}]}]}
RESULT: {"actions":[{"id":"action82","type":"key","parameters":{},"actions":[{"type":"keyDown","value":"î€‡"},{"type":"pause","duration":10},{"type":"keyUp","value":"î€‡"}]}]}
COMMAND: GET /session/17938e7f8541bcff555766d2bec8a2c8/screenshot - {}
COMMAND: POST /session/17938e7f8541bcff555766d2bec8a2c8/actions - {"actions":[{"id":"action83","type":"key","parameters":{},"actions":[{"type":"keyDown","value":"î€‡"},{"type":"pause","duration":10},{"type":"keyUp","value":"î€‡"}]}]}
RESULT: {}
RESULT: {"actions":[{"id":"action83","type":"key","parameters":{},"actions":[{"type":"keyDown","value":"î€‡"},{"type":"pause","duration":10},{"type":"keyUp","value":"î€‡"}]}]}
COMMAND: GET /session/17938e7f8541bcff555766d2bec8a2c8/screenshot - {}
RESULT: {}
COMMAND: POST /session/17938e7f8541bcff555766d2bec8a2c8/element - {"using":"xpath","value":"(//button[@data-kt=\"saveButton\"])[2]"}
RESULT: {"using":"xpath","value":"(//button[@data-kt=\"saveButton\"])[2]"}
COMMAND: POST /session/17938e7f8541bcff555766d2bec8a2c8/element/f.0F1FAEEE2861019DFD6915B8D9C967AD.d.B6E76EBD12ED3E7D7CB15FAF6091D5CE.e.16370/click - {}
RESULT: {}
COMMAND: GET /session/17938e7f8541bcff555766d2bec8a2c8/screenshot - {}
RESULT: {}
]]></system-out>
    </testcase>
    <testcase classname="chrome.137_0_7151_56.windows.E2E_-_Logistical_and_commercial_statuses" name="It should follow the handover steps to the status fully provided" time="360.364">
      <system-out><![CDATA[
COMMAND: POST /session/17938e7f8541bcff555766d2bec8a2c8/execute/async - {"script":"<script> [1562 bytes]","args":[{"selector":{"id":"contractDetailProvideButton","viewName":"etm.portal.ui.managecontracts.view.Detail","interaction":{"idSuffix":"BDI-content"}},"wdio_ui5_key":"contractDetailProvideButtonetmportal.ui.managecontracts.view.Detail"}]}
RESULT: {"script":"<script> [1562 bytes]","args":[{"selector":{"id":"contractDetailProvideButton","viewName":"etm.portal.ui.managecontracts.view.Detail","interaction":{"idSuffix":"BDI-content"}},"wdio_ui5_key":"contractDetailProvideButtonetmportal.ui.managecontracts.view.Detail"}]}
RESULT: undefined
COMMAND: POST /session/17938e7f8541bcff555766d2bec8a2c8/element - {"using":"xpath","value":"//*[@id=\"__xmlview61--contractDetailProvideButton\"]"}
RESULT: {"using":"xpath","value":"//*[@id=\"__xmlview61--contractDetailProvideButton\"]"}
COMMAND: POST /session/17938e7f8541bcff555766d2bec8a2c8/element/f.0F1FAEEE2861019DFD6915B8D9C967AD.d.B6E76EBD12ED3E7D7CB15FAF6091D5CE.e.16376/click - {}
RESULT: {}
COMMAND: GET /session/17938e7f8541bcff555766d2bec8a2c8/screenshot - {}
RESULT: {}
COMMAND: POST /session/17938e7f8541bcff555766d2bec8a2c8/execute/async - {"script":"<script> [1562 bytes]","args":[{"selector":{"id":"application-managehandovers-display-component---AddNewHO--oneStep","interaction":{"idSuffix":"CbBg"}},"wdio_ui5_key":"applicationmanagehandovers-display-component---AddNewHO--oneStep"}]}
RESULT: {"script":"<script> [1562 bytes]","args":[{"selector":{"id":"application-managehandovers-display-component---AddNewHO--oneStep","interaction":{"idSuffix":"CbBg"}},"wdio_ui5_key":"applicationmanagehandovers-display-component---AddNewHO--oneStep"}]}
RESULT: undefined
COMMAND: POST /session/17938e7f8541bcff555766d2bec8a2c8/element - {"using":"xpath","value":"//*[@id=\"application-managehandovers-display-component---AddNewHO--oneStep\"]"}
RESULT: {"using":"xpath","value":"//*[@id=\"application-managehandovers-display-component---AddNewHO--oneStep\"]"}
COMMAND: POST /session/17938e7f8541bcff555766d2bec8a2c8/element/f.0F1FAEEE2861019DFD6915B8D9C967AD.d.B6E76EBD12ED3E7D7CB15FAF6091D5CE.e.16537/click - {}
RESULT: {}
RESULT: undefined
COMMAND: POST /session/17938e7f8541bcff555766d2bec8a2c8/execute/async - {"script":"<script> [776 bytes]","args":[{"enterText":"06/05/25","selector":{"id":"application-managehandovers-display-component---AddNewHO--dueDate","interaction":{"idSuffix":"inner"}},"clearTextFirst":true,"interactionType":"ENTER_TEXT"}]}
COMMAND: GET /session/17938e7f8541bcff555766d2bec8a2c8/screenshot - {}
RESULT: {"script":"<script> [776 bytes]","args":[{"enterText":"06/05/25","selector":{"id":"application-managehandovers-display-component---AddNewHO--dueDate","interaction":{"idSuffix":"inner"}},"clearTextFirst":true,"interactionType":"ENTER_TEXT"}]}
RESULT: undefined
COMMAND: POST /session/17938e7f8541bcff555766d2bec8a2c8/element - {"using":"xpath","value":"//*[@id=\"application-managehandovers-display-component---AddNewHO--ObjectPageLayout-anchBar-application-managehandovers-display-component---AddNewHO--section4-anchor\"]"}
RESULT: {}
RESULT: {"using":"xpath","value":"//*[@id=\"application-managehandovers-display-component---AddNewHO--ObjectPageLayout-anchBar-application-managehandovers-display-component---AddNewHO--section4-anchor\"]"}
COMMAND: POST /session/17938e7f8541bcff555766d2bec8a2c8/element/f.0F1FAEEE2861019DFD6915B8D9C967AD.d.B6E76EBD12ED3E7D7CB15FAF6091D5CE.e.16540/click - {}
RESULT: {}
COMMAND: POST /session/17938e7f8541bcff555766d2bec8a2c8/execute/async - {"script":"<script> [1562 bytes]","args":[{"selector":{"controlType":"sap.ui.core.Icon","viewName":"etm.portal.ui.managehandovers.view.AddNewHO","viewId":"application-managehandovers-display-component---AddNewHO","properties":{"src":{"regex":{"source":"add"}}}},"wdio_ui5_key":"etmportal.ui.managehandovers.view.AddNewHOsap.ui.core.Icon{\"src\":{\"regex\":{\"source\":\"add\"}}}"}]}
COMMAND: GET /session/17938e7f8541bcff555766d2bec8a2c8/screenshot - {}
RESULT: {"script":"<script> [1562 bytes]","args":[{"selector":{"controlType":"sap.ui.core.Icon","viewName":"etm.portal.ui.managehandovers.view.AddNewHO","viewId":"application-managehandovers-display-component---AddNewHO","properties":{"src":{"regex":{"source":"add"}}}},"wdio_ui5_key":"etmportal.ui.managehandovers.view.AddNewHOsap.ui.core.Icon{\"src\":{\"regex\":{\"source\":\"add\"}}}"}]}
RESULT: undefined
COMMAND: POST /session/17938e7f8541bcff555766d2bec8a2c8/element - {"using":"xpath","value":"//*[@id=\"__button167-img\"]"}
RESULT: {}
RESULT: {"using":"xpath","value":"//*[@id=\"__button167-img\"]"}
COMMAND: POST /session/17938e7f8541bcff555766d2bec8a2c8/element/f.0F1FAEEE2861019DFD6915B8D9C967AD.d.B6E76EBD12ED3E7D7CB15FAF6091D5CE.e.16544/click - {}
RESULT: {}
COMMAND: GET /session/17938e7f8541bcff555766d2bec8a2c8/screenshot - {}
RESULT: {}
RESULT: undefined
COMMAND: POST /session/17938e7f8541bcff555766d2bec8a2c8/element - {"using":"xpath","value":"//*[@id=\"application-managehandovers-display-component---AddNewHO--popup-sa\"]"}
RESULT: {"using":"xpath","value":"//*[@id=\"application-managehandovers-display-component---AddNewHO--popup-sa\"]"}
COMMAND: POST /session/17938e7f8541bcff555766d2bec8a2c8/element/f.0F1FAEEE2861019DFD6915B8D9C967AD.d.B6E76EBD12ED3E7D7CB15FAF6091D5CE.e.16556/click - {}
RESULT: {}
COMMAND: POST /session/17938e7f8541bcff555766d2bec8a2c8/execute/async - {"script":"<script> [1562 bytes]","args":[{"selector":{"controlType":"sap.m.Button","viewName":"etm.portal.ui.managehandovers.view.AddNewHO","viewId":"application-managehandovers-display-component---AddNewHO","i18NText":{"propertyName":"text","key":"select"},"searchOpenDialogs":true,"interaction":{"idSuffix":"inner"}},"wdio_ui5_key":"etmportal.ui.managehandovers.view.AddNewHOsap.m.Button{\"propertyName\":\"text\",\"key\":\"select\"}"}]}
COMMAND: GET /session/17938e7f8541bcff555766d2bec8a2c8/screenshot - {}
RESULT: {"script":"<script> [1562 bytes]","args":[{"selector":{"controlType":"sap.m.Button","viewName":"etm.portal.ui.managehandovers.view.AddNewHO","viewId":"application-managehandovers-display-component---AddNewHO","i18NText":{"propertyName":"text","key":"select"},"searchOpenDialogs":true,"interaction":{"idSuffix":"inner"}},"wdio_ui5_key":"etmportal.ui.managehandovers.view.AddNewHOsap.m.Button{\"propertyName\":\"text\",\"key\":\"select\"}"}]}
RESULT: undefined
COMMAND: POST /session/17938e7f8541bcff555766d2bec8a2c8/element - {"using":"xpath","value":"//*[@id=\"__button171\"]"}
RESULT: {}
RESULT: {"using":"xpath","value":"//*[@id=\"__button171\"]"}
COMMAND: POST /session/17938e7f8541bcff555766d2bec8a2c8/element/f.0F1FAEEE2861019DFD6915B8D9C967AD.d.B6E76EBD12ED3E7D7CB15FAF6091D5CE.e.16558/click - {}
RESULT: {}
COMMAND: POST /session/17938e7f8541bcff555766d2bec8a2c8/execute/async - {"script":"<script> [1562 bytes]","args":[{"selector":{"id":"application-managehandovers-display-component---AddNewHO--confirmCreationButton","interaction":{"idSuffix":"BDI-content"}},"wdio_ui5_key":"applicationmanagehandovers-display-component---AddNewHO--confirmCreationButton"}]}
COMMAND: GET /session/17938e7f8541bcff555766d2bec8a2c8/screenshot - {}
RESULT: {"script":"<script> [1562 bytes]","args":[{"selector":{"id":"application-managehandovers-display-component---AddNewHO--confirmCreationButton","interaction":{"idSuffix":"BDI-content"}},"wdio_ui5_key":"applicationmanagehandovers-display-component---AddNewHO--confirmCreationButton"}]}
RESULT: undefined
COMMAND: POST /session/17938e7f8541bcff555766d2bec8a2c8/element - {"using":"xpath","value":"//*[@id=\"application-managehandovers-display-component---AddNewHO--confirmCreationButton\"]"}
RESULT: {}
RESULT: {"using":"xpath","value":"//*[@id=\"application-managehandovers-display-component---AddNewHO--confirmCreationButton\"]"}
COMMAND: POST /session/17938e7f8541bcff555766d2bec8a2c8/element/f.0F1FAEEE2861019DFD6915B8D9C967AD.d.B6E76EBD12ED3E7D7CB15FAF6091D5CE.e.16499/click - {}
RESULT: {}
COMMAND: GET /session/17938e7f8541bcff555766d2bec8a2c8/screenshot - {}
RESULT: {}
COMMAND: POST /session/17938e7f8541bcff555766d2bec8a2c8/element - {"using":"xpath","value":"//a[contains(@data-kt ,\"GeneralSectionReceiveContracttLink\")]"}
RESULT: {"using":"xpath","value":"//a[contains(@data-kt ,\"GeneralSectionReceiveContracttLink\")]"}
COMMAND: POST /session/17938e7f8541bcff555766d2bec8a2c8/element/f.0F1FAEEE2861019DFD6915B8D9C967AD.d.B6E76EBD12ED3E7D7CB15FAF6091D5CE.e.16601/click - {}
RESULT: {}
COMMAND: GET /session/17938e7f8541bcff555766d2bec8a2c8/screenshot - {}
RESULT: {}
COMMAND: POST /session/17938e7f8541bcff555766d2bec8a2c8/element - {"using":"xpath","value":"//a[contains(@data-kt ,\"ContextMenuId2Link\")]"}
RESULT: {"using":"xpath","value":"//a[contains(@data-kt ,\"ContextMenuId2Link\")]"}
COMMAND: POST /session/17938e7f8541bcff555766d2bec8a2c8/element/f.0F1FAEEE2861019DFD6915B8D9C967AD.d.B6E76EBD12ED3E7D7CB15FAF6091D5CE.e.16612/click - {}
RESULT: {}
COMMAND: GET /session/17938e7f8541bcff555766d2bec8a2c8/screenshot - {}
RESULT: {}
COMMAND: POST /session/17938e7f8541bcff555766d2bec8a2c8/execute/async - {"script":"<script> [1562 bytes]","args":[{"selector":{"controlType":"sap.m.ObjectStatus","viewName":"etm.portal.ui.managecontracts.view.Detail","bindingPath":{"propertyPath":"LINK_TO_LOGISTICAL_STATUS/DESCRIPTION","modelName":"catalogModel"}},"wdio_ui5_key":"etmportal.ui.managecontracts.view.Detailsap.m.ObjectStatus{\"propertyPath\":\"LINK_TO_LOGISTICAL_STATUS/DESCRIPTION\",\"modelName\":\"catalogModel\"}"}]}
RESULT: {"script":"<script> [1562 bytes]","args":[{"selector":{"controlType":"sap.m.ObjectStatus","viewName":"etm.portal.ui.managecontracts.view.Detail","bindingPath":{"propertyPath":"LINK_TO_LOGISTICAL_STATUS/DESCRIPTION","modelName":"catalogModel"}},"wdio_ui5_key":"etmportal.ui.managecontracts.view.Detailsap.m.ObjectStatus{\"propertyPath\":\"LINK_TO_LOGISTICAL_STATUS/DESCRIPTION\",\"modelName\":\"catalogModel\"}"}]}
RESULT: undefined
COMMAND: POST /session/17938e7f8541bcff555766d2bec8a2c8/execute/async - {"script":"<script> [6424 bytes]","args":[{"element-6066-11e4-a52e-4f735466cecf":"f.0F1FAEEE2861019DFD6915B8D9C967AD.d.B6E76EBD12ED3E7D7CB15FAF6091D5CE.e.16794"},"getText",[]]}
RESULT: {"script":"<script> [6424 bytes]","args":[{"element-6066-11e4-a52e-4f735466cecf":"f.0F1FAEEE2861019DFD6915B8D9C967AD.d.B6E76EBD12ED3E7D7CB15FAF6091D5CE.e.16794"},"getText",[]]}
COMMAND: POST /session/17938e7f8541bcff555766d2bec8a2c8/execute/async - {"script":"<script> [1562 bytes]","args":[{"selector":{"controlType":"sap.m.ObjectStatus","viewName":"etm.portal.ui.managecontracts.view.Detail","bindingPath":{"propertyPath":"LINK_TO_COMMERCIAL_STATUS/DESCRIPTION","modelName":"catalogModel"}},"wdio_ui5_key":"etmportal.ui.managecontracts.view.Detailsap.m.ObjectStatus{\"propertyPath\":\"LINK_TO_COMMERCIAL_STATUS/DESCRIPTION\",\"modelName\":\"catalogModel\"}"}]}
RESULT: {"script":"<script> [1562 bytes]","args":[{"selector":{"controlType":"sap.m.ObjectStatus","viewName":"etm.portal.ui.managecontracts.view.Detail","bindingPath":{"propertyPath":"LINK_TO_COMMERCIAL_STATUS/DESCRIPTION","modelName":"catalogModel"}},"wdio_ui5_key":"etmportal.ui.managecontracts.view.Detailsap.m.ObjectStatus{\"propertyPath\":\"LINK_TO_COMMERCIAL_STATUS/DESCRIPTION\",\"modelName\":\"catalogModel\"}"}]}
RESULT: undefined
COMMAND: POST /session/17938e7f8541bcff555766d2bec8a2c8/execute/async - {"script":"<script> [6424 bytes]","args":[{"element-6066-11e4-a52e-4f735466cecf":"f.0F1FAEEE2861019DFD6915B8D9C967AD.d.B6E76EBD12ED3E7D7CB15FAF6091D5CE.e.16795"},"getText",[]]}
RESULT: {"script":"<script> [6424 bytes]","args":[{"element-6066-11e4-a52e-4f735466cecf":"f.0F1FAEEE2861019DFD6915B8D9C967AD.d.B6E76EBD12ED3E7D7CB15FAF6091D5CE.e.16795"},"getText",[]]}
COMMAND: POST /session/17938e7f8541bcff555766d2bec8a2c8/execute/async - {"script":"<script> [1562 bytes]","args":[{"selector":{"id":"backBtn"},"wdio_ui5_key":"backBtn"}]}
RESULT: {"script":"<script> [1562 bytes]","args":[{"selector":{"id":"backBtn"},"wdio_ui5_key":"backBtn"}]}
RESULT: undefined
COMMAND: POST /session/17938e7f8541bcff555766d2bec8a2c8/element - {"using":"xpath","value":"//*[@id=\"backBtn\"]"}
RESULT: {"using":"xpath","value":"//*[@id=\"backBtn\"]"}
COMMAND: POST /session/17938e7f8541bcff555766d2bec8a2c8/element/f.0F1FAEEE2861019DFD6915B8D9C967AD.d.B6E76EBD12ED3E7D7CB15FAF6091D5CE.e.16796/click - {}
RESULT: {}
COMMAND: GET /session/17938e7f8541bcff555766d2bec8a2c8/screenshot - {}
COMMAND: POST /session/17938e7f8541bcff555766d2bec8a2c8/execute/async - {"script":"<script> [1562 bytes]","args":[{"selector":{"controlType":"sap.m.Text","viewName":"etm.portal.ui.managehandovers.view.DetailExecuteHO","bindingPath":{"propertyPath":"NO","modelName":"catalogModel"}},"wdio_ui5_key":"etmportal.ui.managehandovers.view.DetailExecuteHOsap.m.Text{\"propertyPath\":\"NO\",\"modelName\":\"catalogModel\"}"}]}
RESULT: {}
RESULT: {"script":"<script> [1562 bytes]","args":[{"selector":{"controlType":"sap.m.Text","viewName":"etm.portal.ui.managehandovers.view.DetailExecuteHO","bindingPath":{"propertyPath":"NO","modelName":"catalogModel"}},"wdio_ui5_key":"etmportal.ui.managehandovers.view.DetailExecuteHOsap.m.Text{\"propertyPath\":\"NO\",\"modelName\":\"catalogModel\"}"}]}
RESULT: undefined
COMMAND: POST /session/17938e7f8541bcff555766d2bec8a2c8/execute/async - {"script":"<script> [6424 bytes]","args":[{"element-6066-11e4-a52e-4f735466cecf":"f.0F1FAEEE2861019DFD6915B8D9C967AD.d.B6E76EBD12ED3E7D7CB15FAF6091D5CE.e.16948"},"getText",[]]}
RESULT: {"script":"<script> [6424 bytes]","args":[{"element-6066-11e4-a52e-4f735466cecf":"f.0F1FAEEE2861019DFD6915B8D9C967AD.d.B6E76EBD12ED3E7D7CB15FAF6091D5CE.e.16948"},"getText",[]]}
COMMAND: POST /session/17938e7f8541bcff555766d2bec8a2c8/element - {"using":"xpath","value":"//input[contains(@id ,\"issueDatePicker-inner\")]"}
RESULT: {"using":"xpath","value":"//input[contains(@id ,\"issueDatePicker-inner\")]"}
COMMAND: GET /session/17938e7f8541bcff555766d2bec8a2c8/element/f.0F1FAEEE2861019DFD6915B8D9C967AD.d.B6E76EBD12ED3E7D7CB15FAF6091D5CE.e.16931/property/value - {}
RESULT: {}
COMMAND: POST /session/17938e7f8541bcff555766d2bec8a2c8/element/f.0F1FAEEE2861019DFD6915B8D9C967AD.d.B6E76EBD12ED3E7D7CB15FAF6091D5CE.e.16931/clear - {}
COMMAND: GET /session/17938e7f8541bcff555766d2bec8a2c8/screenshot - {}
RESULT: {}
COMMAND: POST /session/17938e7f8541bcff555766d2bec8a2c8/element/f.0F1FAEEE2861019DFD6915B8D9C967AD.d.B6E76EBD12ED3E7D7CB15FAF6091D5CE.e.16931/value - {"text":"06/05/25"}
COMMAND: GET /session/17938e7f8541bcff555766d2bec8a2c8/screenshot - {}
RESULT: {}
RESULT: {"text":"06/05/25"}
COMMAND: GET /session/17938e7f8541bcff555766d2bec8a2c8/screenshot - {}
RESULT: {}
RESULT: {}
COMMAND: POST /session/17938e7f8541bcff555766d2bec8a2c8/execute/async - {"script":"<script> [1562 bytes]","args":[{"selector":{"controlType":"sap.m.Button","viewName":"etm.portal.ui.managehandovers.view.DetailExecuteHO","i18NText":{"propertyName":"text","key":"confirmAll"},"interaction":{"idSuffix":"inner"}},"wdio_ui5_key":"etmportal.ui.managehandovers.view.DetailExecuteHOsap.m.Button{\"propertyName\":\"text\",\"key\":\"confirmAll\"}"}]}
RESULT: {"script":"<script> [1562 bytes]","args":[{"selector":{"controlType":"sap.m.Button","viewName":"etm.portal.ui.managehandovers.view.DetailExecuteHO","i18NText":{"propertyName":"text","key":"confirmAll"},"interaction":{"idSuffix":"inner"}},"wdio_ui5_key":"etmportal.ui.managehandovers.view.DetailExecuteHOsap.m.Button{\"propertyName\":\"text\",\"key\":\"confirmAll\"}"}]}
RESULT: undefined
COMMAND: POST /session/17938e7f8541bcff555766d2bec8a2c8/element - {"using":"xpath","value":"//*[@id=\"__button255\"]"}
RESULT: {"using":"xpath","value":"//*[@id=\"__button255\"]"}
COMMAND: POST /session/17938e7f8541bcff555766d2bec8a2c8/element/f.0F1FAEEE2861019DFD6915B8D9C967AD.d.B6E76EBD12ED3E7D7CB15FAF6091D5CE.e.16952/click - {}
RESULT: {}
COMMAND: GET /session/17938e7f8541bcff555766d2bec8a2c8/screenshot - {}
RESULT: {}
COMMAND: POST /session/17938e7f8541bcff555766d2bec8a2c8/actions - {"actions":[{"id":"action84","type":"key","parameters":{},"actions":[{"type":"keyDown","value":"î€‡"},{"type":"pause","duration":10},{"type":"keyUp","value":"î€‡"}]}]}
RESULT: {"actions":[{"id":"action84","type":"key","parameters":{},"actions":[{"type":"keyDown","value":"î€‡"},{"type":"pause","duration":10},{"type":"keyUp","value":"î€‡"}]}]}
COMMAND: GET /session/17938e7f8541bcff555766d2bec8a2c8/screenshot - {}
RESULT: {}
RESULT: undefined
COMMAND: POST /session/17938e7f8541bcff555766d2bec8a2c8/element - {"using":"xpath","value":"//*[@id=\"__button255\"]"}
RESULT: {"using":"xpath","value":"//*[@id=\"__button255\"]"}
COMMAND: POST /session/17938e7f8541bcff555766d2bec8a2c8/element/f.0F1FAEEE2861019DFD6915B8D9C967AD.d.B6E76EBD12ED3E7D7CB15FAF6091D5CE.e.16952/click - {}
RESULT: {}
COMMAND: GET /session/17938e7f8541bcff555766d2bec8a2c8/screenshot - {}
RESULT: {}
COMMAND: POST /session/17938e7f8541bcff555766d2bec8a2c8/execute/async - {"script":"<script> [1562 bytes]","args":[{"selector":{"controlType":"sap.m.Button","properties":{"text":"OK"},"searchOpenDialogs":true,"interaction":{"idSuffix":"content"}},"wdio_ui5_key":"sapm.Button{\"text\":\"OK\"}"}]}
RESULT: {"script":"<script> [1562 bytes]","args":[{"selector":{"controlType":"sap.m.Button","properties":{"text":"OK"},"searchOpenDialogs":true,"interaction":{"idSuffix":"content"}},"wdio_ui5_key":"sapm.Button{\"text\":\"OK\"}"}]}
RESULT: undefined
COMMAND: POST /session/17938e7f8541bcff555766d2bec8a2c8/element - {"using":"xpath","value":"//*[@id=\"__mbox-btn-4\"]"}
RESULT: {"using":"xpath","value":"//*[@id=\"__mbox-btn-4\"]"}
COMMAND: POST /session/17938e7f8541bcff555766d2bec8a2c8/element/f.0F1FAEEE2861019DFD6915B8D9C967AD.d.B6E76EBD12ED3E7D7CB15FAF6091D5CE.e.16960/click - {}
RESULT: {}
COMMAND: GET /session/17938e7f8541bcff555766d2bec8a2c8/screenshot - {}
RESULT: {}
COMMAND: POST /session/17938e7f8541bcff555766d2bec8a2c8/element - {"using":"xpath","value":"//button[contains(@data-kt ,\"execHoPickFooterButton\")]"}
RESULT: {"using":"xpath","value":"//button[contains(@data-kt ,\"execHoPickFooterButton\")]"}
COMMAND: POST /session/17938e7f8541bcff555766d2bec8a2c8/element/f.0F1FAEEE2861019DFD6915B8D9C967AD.d.B6E76EBD12ED3E7D7CB15FAF6091D5CE.e.16964/click - {}
RESULT: {}
COMMAND: GET /session/17938e7f8541bcff555766d2bec8a2c8/screenshot - {}
RESULT: {}
COMMAND: POST /session/17938e7f8541bcff555766d2bec8a2c8/refresh - {}
RESULT: {}
COMMAND: GET /session/17938e7f8541bcff555766d2bec8a2c8/screenshot - {}
RESULT: {}
COMMAND: POST /session/17938e7f8541bcff555766d2bec8a2c8/refresh - {}
RESULT: {}
COMMAND: GET /session/17938e7f8541bcff555766d2bec8a2c8/screenshot - {}
RESULT: {}
COMMAND: POST /session/17938e7f8541bcff555766d2bec8a2c8/window/fullscreen - {}
RESULT: {}
COMMAND: POST /session/17938e7f8541bcff555766d2bec8a2c8/execute/async - {"script":"<script> [189 bytes]","args":[]}
RESULT: {"script":"<script> [189 bytes]","args":[]}
COMMAND: POST /session/17938e7f8541bcff555766d2bec8a2c8/execute/async - {"script":"<script> [123 bytes]","args":[]}
RESULT: {"script":"<script> [123 bytes]","args":[]}
COMMAND: POST /session/17938e7f8541bcff555766d2bec8a2c8/timeouts - {"script":"<number>"}
RESULT: {"script":"<number>"}
COMMAND: GET /session/17938e7f8541bcff555766d2bec8a2c8/timeouts - {}
RESULT: {}
RESULT: undefined
COMMAND: POST /session/17938e7f8541bcff555766d2bec8a2c8/execute/async - {"script":"<script> [2676 bytes]","args":[]}
RESULT: {"script":"<script> [2676 bytes]","args":[]}
COMMAND: POST /session/17938e7f8541bcff555766d2bec8a2c8/execute/async - {"script":"<script> [2342 bytes]","args":[{"protocol":"http","hostname":"0.0.0.0","path":"/","capabilities":{"browserName":"chrome","goog:chromeOptions":{"binary":"C:\\Program Files\\Google\\Chrome\\Application\\chrome.exe","args":["--start-maximized"]}},"logLevel":"warn","connectionRetryTimeout":120000,"connectionRetryCount":3,"logLevels":{},"enableDirectConnect":true,"strictSSL":true,"_":"65 more keys: [\"cacheDir\",\"port\",\"requestedCapabilities\",\"automationProtocol\",\"baseUrl\",\"waitforInterval\",\"waitforTimeout\",\"onReload\",\"beforeCommand\",\"afterCommand\",\"rootDir\",\"specs\",\"suites\",\"exclude\",\"groupLogsByTestSpec\",\"excludeDriverLogs\",\"bail\",\"framework\",\"reporters\",\"services\",\"maxInstances\",\"maxInstancesPerCapability\",\"injectGlobals\",\"filesToWatch\",\"execArgv\",\"runnerEnv\",\"runner\",\"shard\",\"specFileRetries\",\"specFileRetriesDelay\",\"specFileRetriesDeferred\",\"reporterSyncInterval\",\"reporterSyncTimeout\",\"cucumberFeaturesWithLineNumbers\",\"autoCompileOpts\",\"mochaOpts\",\"jasmineOpts\",\"cucumberOpts\",\"onPrepare\",\"onWorkerStart\",\"onWorkerEnd\",\"before\",\"beforeSession\",\"beforeSuite\",\"beforeHook\",\"beforeTest\",\"afterTest\",\"afterHook\",\"afterSuite\",\"afterSession\",\"after\",\"onComplete\",\"beforeAssertion\",\"afterAssertion\",\"beforeFeature\",\"beforeScenario\",\"beforeStep\",\"afterStep\",\"afterScenario\",\"afterFeature\",\"_\",\"suite\",\"$0\",\"ignoredWorkerServices\",\"wdi5\"]"}]}
RESULT: {"script":"<script> [2342 bytes]","args":[{"protocol":"http","hostname":"0.0.0.0","path":"/","capabilities":{"browserName":"chrome","goog:chromeOptions":{"binary":"C:\\Program Files\\Google\\Chrome\\Application\\chrome.exe","args":["--start-maximized"]}},"logLevel":"warn","connectionRetryTimeout":120000,"connectionRetryCount":3,"logLevels":{},"enableDirectConnect":true,"strictSSL":true,"_":"65 more keys: [\"cacheDir\",\"port\",\"requestedCapabilities\",\"automationProtocol\",\"baseUrl\",\"waitforInterval\",\"waitforTimeout\",\"onReload\",\"beforeCommand\",\"afterCommand\",\"rootDir\",\"specs\",\"suites\",\"exclude\",\"groupLogsByTestSpec\",\"excludeDriverLogs\",\"bail\",\"framework\",\"reporters\",\"services\",\"maxInstances\",\"maxInstancesPerCapability\",\"injectGlobals\",\"filesToWatch\",\"execArgv\",\"runnerEnv\",\"runner\",\"shard\",\"specFileRetries\",\"specFileRetriesDelay\",\"specFileRetriesDeferred\",\"reporterSyncInterval\",\"reporterSyncTimeout\",\"cucumberFeaturesWithLineNumbers\",\"autoCompileOpts\",\"mochaOpts\",\"jasmineOpts\",\"cucumberOpts\",\"onPrepare\",\"onWorkerStart\",\"onWorkerEnd\",\"before\",\"beforeSession\",\"beforeSuite\",\"beforeHook\",\"beforeTest\",\"afterTest\",\"afterHook\",\"afterSuite\",\"afterSession\",\"after\",\"onComplete\",\"beforeAssertion\",\"afterAssertion\",\"beforeFeature\",\"beforeScenario\",\"beforeStep\",\"afterStep\",\"afterScenario\",\"afterFeature\",\"_\",\"suite\",\"$0\",\"ignoredWorkerServices\",\"wdi5\"]"}]}
COMMAND: POST /session/17938e7f8541bcff555766d2bec8a2c8/execute/async - {"script":"<script> [21126 bytes]","args":[35000]}
RESULT: {"script":"<script> [21126 bytes]","args":[35000]}
COMMAND: POST /session/17938e7f8541bcff555766d2bec8a2c8/execute/async - {"script":"<script> [1562 bytes]","args":[{"selector":{"controlType":"sap.m.SearchField","viewName":"etm.portal.ui.managehandovers.view.MasterHO","bindingPath":{"path":"","propertyPath":"/_BASIC_SEARCH_FIELD","modelName":"fi1t3rM0d31"},"interaction":{"idSuffix":"I"}},"wdio_ui5_key":"etmportal.ui.managehandovers.view.MasterHOsap.m.SearchField{\"path\":\"\",\"propertyPath\":\"/_BASIC_SEARCH_FIELD\",\"modelName\":\"fi1t3rM0d31\"}"}]}
RESULT: {"script":"<script> [1562 bytes]","args":[{"selector":{"controlType":"sap.m.SearchField","viewName":"etm.portal.ui.managehandovers.view.MasterHO","bindingPath":{"path":"","propertyPath":"/_BASIC_SEARCH_FIELD","modelName":"fi1t3rM0d31"},"interaction":{"idSuffix":"I"}},"wdio_ui5_key":"etmportal.ui.managehandovers.view.MasterHOsap.m.SearchField{\"path\":\"\",\"propertyPath\":\"/_BASIC_SEARCH_FIELD\",\"modelName\":\"fi1t3rM0d31\"}"}]}
RESULT: undefined
COMMAND: POST /session/17938e7f8541bcff555766d2bec8a2c8/execute/async - {"script":"<script> [776 bytes]","args":[{"enterText":"30933","selector":{"controlType":"sap.m.SearchField","viewName":"etm.portal.ui.managehandovers.view.MasterHO","bindingPath":{"path":"","propertyPath":"/_BASIC_SEARCH_FIELD","modelName":"fi1t3rM0d31"},"interaction":{"idSuffix":"I"}},"clearTextFirst":true,"interactionType":"ENTER_TEXT"}]}
RESULT: {"script":"<script> [776 bytes]","args":[{"enterText":"30933","selector":{"controlType":"sap.m.SearchField","viewName":"etm.portal.ui.managehandovers.view.MasterHO","bindingPath":{"path":"","propertyPath":"/_BASIC_SEARCH_FIELD","modelName":"fi1t3rM0d31"},"interaction":{"idSuffix":"I"}},"clearTextFirst":true,"interactionType":"ENTER_TEXT"}]}
COMMAND: POST /session/17938e7f8541bcff555766d2bec8a2c8/actions - {"actions":[{"id":"action85","type":"key","parameters":{},"actions":[{"type":"keyDown","value":"î€‡"},{"type":"pause","duration":10},{"type":"keyUp","value":"î€‡"}]}]}
RESULT: {"actions":[{"id":"action85","type":"key","parameters":{},"actions":[{"type":"keyDown","value":"î€‡"},{"type":"pause","duration":10},{"type":"keyUp","value":"î€‡"}]}]}
COMMAND: GET /session/17938e7f8541bcff555766d2bec8a2c8/screenshot - {}
RESULT: {}
COMMAND: POST /session/17938e7f8541bcff555766d2bec8a2c8/execute/async - {"script":"<script> [1562 bytes]","args":[{"selector":{"controlType":"sap.m.Title","viewName":"etm.portal.ui.managehandovers.view.MasterHO","properties":{"text":"Records (1)"}},"wdio_ui5_key":"etmportal.ui.managehandovers.view.MasterHOsap.m.Title{\"text\":\"Records (1)\"}"}]}
RESULT: {"script":"<script> [1562 bytes]","args":[{"selector":{"controlType":"sap.m.Title","viewName":"etm.portal.ui.managehandovers.view.MasterHO","properties":{"text":"Records (1)"}},"wdio_ui5_key":"etmportal.ui.managehandovers.view.MasterHOsap.m.Title{\"text\":\"Records (1)\"}"}]}
RESULT: undefined
COMMAND: POST /session/17938e7f8541bcff555766d2bec8a2c8/execute/async - {"script":"<script> [6424 bytes]","args":[{"element-6066-11e4-a52e-4f735466cecf":"f.0F1FAEEE2861019DFD6915B8D9C967AD.d.35AE9E2CCCB8A5E08A241AE6E5D5A8BD.e.17225"},"getText",[]]}
RESULT: {"script":"<script> [6424 bytes]","args":[{"element-6066-11e4-a52e-4f735466cecf":"f.0F1FAEEE2861019DFD6915B8D9C967AD.d.35AE9E2CCCB8A5E08A241AE6E5D5A8BD.e.17225"},"getText",[]]}
COMMAND: POST /session/17938e7f8541bcff555766d2bec8a2c8/execute/async - {"script":"<script> [1562 bytes]","args":[{"selector":{"controlType":"sap.ui.core.Icon","viewName":"etm.portal.ui.managehandovers.view.MasterHO","properties":{"src":{"regex":{"source":"slim\\-arrow\\-right"}}}},"wdio_ui5_key":"etmportal.ui.managehandovers.view.MasterHOsap.ui.core.Icon{\"src\":{\"regex\":{\"source\":\"slim\\\\-arrow\\\\-right\"}}}"}]}
RESULT: {"script":"<script> [1562 bytes]","args":[{"selector":{"controlType":"sap.ui.core.Icon","viewName":"etm.portal.ui.managehandovers.view.MasterHO","properties":{"src":{"regex":{"source":"slim\\-arrow\\-right"}}}},"wdio_ui5_key":"etmportal.ui.managehandovers.view.MasterHOsap.ui.core.Icon{\"src\":{\"regex\":{\"source\":\"slim\\\\-arrow\\\\-right\"}}}"}]}
RESULT: undefined
COMMAND: POST /session/17938e7f8541bcff555766d2bec8a2c8/element - {"using":"xpath","value":"//*[@id=\"__item29-__clone17-imgNav\"]"}
RESULT: {"using":"xpath","value":"//*[@id=\"__item29-__clone17-imgNav\"]"}
COMMAND: POST /session/17938e7f8541bcff555766d2bec8a2c8/element/f.0F1FAEEE2861019DFD6915B8D9C967AD.d.35AE9E2CCCB8A5E08A241AE6E5D5A8BD.e.17224/click - {}
RESULT: {}
COMMAND: GET /session/17938e7f8541bcff555766d2bec8a2c8/screenshot - {}
RESULT: {}
COMMAND: POST /session/17938e7f8541bcff555766d2bec8a2c8/element - {"using":"xpath","value":"//a[contains(@data-kt ,\"GeneralSectionReceiveContracttLink\")]"}
RESULT: {"using":"xpath","value":"//a[contains(@data-kt ,\"GeneralSectionReceiveContracttLink\")]"}
COMMAND: POST /session/17938e7f8541bcff555766d2bec8a2c8/element/f.0F1FAEEE2861019DFD6915B8D9C967AD.d.35AE9E2CCCB8A5E08A241AE6E5D5A8BD.e.17329/click - {}
RESULT: {}
COMMAND: GET /session/17938e7f8541bcff555766d2bec8a2c8/screenshot - {}
RESULT: {}
COMMAND: POST /session/17938e7f8541bcff555766d2bec8a2c8/element - {"using":"xpath","value":"//a[contains(@data-kt ,\"ContextMenuId2Link\")]"}
RESULT: {"using":"xpath","value":"//a[contains(@data-kt ,\"ContextMenuId2Link\")]"}
COMMAND: POST /session/17938e7f8541bcff555766d2bec8a2c8/element/f.0F1FAEEE2861019DFD6915B8D9C967AD.d.35AE9E2CCCB8A5E08A241AE6E5D5A8BD.e.17332/click - {}
RESULT: {}
COMMAND: GET /session/17938e7f8541bcff555766d2bec8a2c8/screenshot - {}
RESULT: {}
COMMAND: POST /session/17938e7f8541bcff555766d2bec8a2c8/execute/async - {"script":"<script> [1562 bytes]","args":[{"selector":{"controlType":"sap.m.ObjectStatus","viewName":"etm.portal.ui.managecontracts.view.Detail","bindingPath":{"propertyPath":"LINK_TO_LOGISTICAL_STATUS/DESCRIPTION","modelName":"catalogModel"}},"wdio_ui5_key":"etmportal.ui.managecontracts.view.Detailsap.m.ObjectStatus{\"propertyPath\":\"LINK_TO_LOGISTICAL_STATUS/DESCRIPTION\",\"modelName\":\"catalogModel\"}"}]}
RESULT: {"script":"<script> [1562 bytes]","args":[{"selector":{"controlType":"sap.m.ObjectStatus","viewName":"etm.portal.ui.managecontracts.view.Detail","bindingPath":{"propertyPath":"LINK_TO_LOGISTICAL_STATUS/DESCRIPTION","modelName":"catalogModel"}},"wdio_ui5_key":"etmportal.ui.managecontracts.view.Detailsap.m.ObjectStatus{\"propertyPath\":\"LINK_TO_LOGISTICAL_STATUS/DESCRIPTION\",\"modelName\":\"catalogModel\"}"}]}
RESULT: undefined
COMMAND: POST /session/17938e7f8541bcff555766d2bec8a2c8/execute/async - {"script":"<script> [6424 bytes]","args":[{"element-6066-11e4-a52e-4f735466cecf":"f.0F1FAEEE2861019DFD6915B8D9C967AD.d.35AE9E2CCCB8A5E08A241AE6E5D5A8BD.e.17597"},"getText",[]]}
RESULT: {"script":"<script> [6424 bytes]","args":[{"element-6066-11e4-a52e-4f735466cecf":"f.0F1FAEEE2861019DFD6915B8D9C967AD.d.35AE9E2CCCB8A5E08A241AE6E5D5A8BD.e.17597"},"getText",[]]}
COMMAND: POST /session/17938e7f8541bcff555766d2bec8a2c8/execute/async - {"script":"<script> [1562 bytes]","args":[{"selector":{"controlType":"sap.m.ObjectStatus","viewName":"etm.portal.ui.managecontracts.view.Detail","bindingPath":{"propertyPath":"LINK_TO_COMMERCIAL_STATUS/DESCRIPTION","modelName":"catalogModel"}},"wdio_ui5_key":"etmportal.ui.managecontracts.view.Detailsap.m.ObjectStatus{\"propertyPath\":\"LINK_TO_COMMERCIAL_STATUS/DESCRIPTION\",\"modelName\":\"catalogModel\"}"}]}
RESULT: {"script":"<script> [1562 bytes]","args":[{"selector":{"controlType":"sap.m.ObjectStatus","viewName":"etm.portal.ui.managecontracts.view.Detail","bindingPath":{"propertyPath":"LINK_TO_COMMERCIAL_STATUS/DESCRIPTION","modelName":"catalogModel"}},"wdio_ui5_key":"etmportal.ui.managecontracts.view.Detailsap.m.ObjectStatus{\"propertyPath\":\"LINK_TO_COMMERCIAL_STATUS/DESCRIPTION\",\"modelName\":\"catalogModel\"}"}]}
RESULT: undefined
COMMAND: POST /session/17938e7f8541bcff555766d2bec8a2c8/execute/async - {"script":"<script> [6424 bytes]","args":[{"element-6066-11e4-a52e-4f735466cecf":"f.0F1FAEEE2861019DFD6915B8D9C967AD.d.35AE9E2CCCB8A5E08A241AE6E5D5A8BD.e.17598"},"getText",[]]}
RESULT: {"script":"<script> [6424 bytes]","args":[{"element-6066-11e4-a52e-4f735466cecf":"f.0F1FAEEE2861019DFD6915B8D9C967AD.d.35AE9E2CCCB8A5E08A241AE6E5D5A8BD.e.17598"},"getText",[]]}
COMMAND: POST /session/17938e7f8541bcff555766d2bec8a2c8/execute/async - {"script":"<script> [1562 bytes]","args":[{"selector":{"id":"backBtn"},"wdio_ui5_key":"backBtn"}]}
RESULT: {"script":"<script> [1562 bytes]","args":[{"selector":{"id":"backBtn"},"wdio_ui5_key":"backBtn"}]}
RESULT: undefined
COMMAND: POST /session/17938e7f8541bcff555766d2bec8a2c8/element - {"using":"xpath","value":"//*[@id=\"backBtn\"]"}
RESULT: {"using":"xpath","value":"//*[@id=\"backBtn\"]"}
COMMAND: POST /session/17938e7f8541bcff555766d2bec8a2c8/element/f.0F1FAEEE2861019DFD6915B8D9C967AD.d.35AE9E2CCCB8A5E08A241AE6E5D5A8BD.e.17599/click - {}
RESULT: {}
COMMAND: GET /session/17938e7f8541bcff555766d2bec8a2c8/screenshot - {}
RESULT: {}
COMMAND: POST /session/17938e7f8541bcff555766d2bec8a2c8/execute/async - {"script":"<script> [1562 bytes]","args":[{"selector":{"controlType":"sap.m.Button","viewName":"etm.portal.ui.managehandovers.view.DetailExecuteHO","i18NText":{"propertyName":"text","key":"confirmAll"},"interaction":{"idSuffix":"BDI-content"}},"wdio_ui5_key":"etmportal.ui.managehandovers.view.DetailExecuteHOsap.m.Button{\"propertyName\":\"text\",\"key\":\"confirmAll\"}"}]}
RESULT: {"script":"<script> [1562 bytes]","args":[{"selector":{"controlType":"sap.m.Button","viewName":"etm.portal.ui.managehandovers.view.DetailExecuteHO","i18NText":{"propertyName":"text","key":"confirmAll"},"interaction":{"idSuffix":"BDI-content"}},"wdio_ui5_key":"etmportal.ui.managehandovers.view.DetailExecuteHOsap.m.Button{\"propertyName\":\"text\",\"key\":\"confirmAll\"}"}]}
RESULT: undefined
COMMAND: POST /session/17938e7f8541bcff555766d2bec8a2c8/element - {"using":"xpath","value":"//*[@id=\"__button85\"]"}
RESULT: {"using":"xpath","value":"//*[@id=\"__button85\"]"}
COMMAND: POST /session/17938e7f8541bcff555766d2bec8a2c8/element/f.0F1FAEEE2861019DFD6915B8D9C967AD.d.35AE9E2CCCB8A5E08A241AE6E5D5A8BD.e.17883/click - {}
RESULT: {}
COMMAND: GET /session/17938e7f8541bcff555766d2bec8a2c8/screenshot - {}
RESULT: {}
COMMAND: POST /session/17938e7f8541bcff555766d2bec8a2c8/execute/async - {"script":"<script> [1562 bytes]","args":[{"selector":{"controlType":"sap.m.Button","properties":{"text":"OK"},"searchOpenDialogs":true,"interaction":{"idSuffix":"inner"}},"wdio_ui5_key":"sapm.Button{\"text\":\"OK\"}"}]}
RESULT: {"script":"<script> [1562 bytes]","args":[{"selector":{"controlType":"sap.m.Button","properties":{"text":"OK"},"searchOpenDialogs":true,"interaction":{"idSuffix":"inner"}},"wdio_ui5_key":"sapm.Button{\"text\":\"OK\"}"}]}
RESULT: undefined
COMMAND: POST /session/17938e7f8541bcff555766d2bec8a2c8/element - {"using":"xpath","value":"//*[@id=\"__mbox-btn-0\"]"}
RESULT: {"using":"xpath","value":"//*[@id=\"__mbox-btn-0\"]"}
COMMAND: POST /session/17938e7f8541bcff555766d2bec8a2c8/element/f.0F1FAEEE2861019DFD6915B8D9C967AD.d.35AE9E2CCCB8A5E08A241AE6E5D5A8BD.e.17885/click - {}
RESULT: {}
COMMAND: GET /session/17938e7f8541bcff555766d2bec8a2c8/screenshot - {}
RESULT: {}
COMMAND: POST /session/17938e7f8541bcff555766d2bec8a2c8/element - {"using":"xpath","value":"//button[contains(@data-kt ,\"execHoIssueFooterButton\")]"}
RESULT: {"using":"xpath","value":"//button[contains(@data-kt ,\"execHoIssueFooterButton\")]"}
COMMAND: POST /session/17938e7f8541bcff555766d2bec8a2c8/element/f.0F1FAEEE2861019DFD6915B8D9C967AD.d.35AE9E2CCCB8A5E08A241AE6E5D5A8BD.e.17888/click - {}
RESULT: {}
COMMAND: GET /session/17938e7f8541bcff555766d2bec8a2c8/screenshot - {}
RESULT: {}
COMMAND: POST /session/17938e7f8541bcff555766d2bec8a2c8/refresh - {}
RESULT: {}
COMMAND: GET /session/17938e7f8541bcff555766d2bec8a2c8/screenshot - {}
RESULT: {}
COMMAND: POST /session/17938e7f8541bcff555766d2bec8a2c8/refresh - {}
RESULT: {}
COMMAND: GET /session/17938e7f8541bcff555766d2bec8a2c8/screenshot - {}
RESULT: {}
COMMAND: POST /session/17938e7f8541bcff555766d2bec8a2c8/window/fullscreen - {}
RESULT: {}
COMMAND: POST /session/17938e7f8541bcff555766d2bec8a2c8/execute/async - {"script":"<script> [189 bytes]","args":[]}
RESULT: {"script":"<script> [189 bytes]","args":[]}
COMMAND: POST /session/17938e7f8541bcff555766d2bec8a2c8/execute/async - {"script":"<script> [123 bytes]","args":[]}
RESULT: {"script":"<script> [123 bytes]","args":[]}
COMMAND: POST /session/17938e7f8541bcff555766d2bec8a2c8/timeouts - {"script":"<number>"}
RESULT: {"script":"<number>"}
COMMAND: GET /session/17938e7f8541bcff555766d2bec8a2c8/timeouts - {}
RESULT: {}
RESULT: undefined
COMMAND: POST /session/17938e7f8541bcff555766d2bec8a2c8/execute/async - {"script":"<script> [2676 bytes]","args":[]}
RESULT: {"script":"<script> [2676 bytes]","args":[]}
COMMAND: POST /session/17938e7f8541bcff555766d2bec8a2c8/execute/async - {"script":"<script> [2342 bytes]","args":[{"protocol":"http","hostname":"0.0.0.0","path":"/","capabilities":{"browserName":"chrome","goog:chromeOptions":{"binary":"C:\\Program Files\\Google\\Chrome\\Application\\chrome.exe","args":["--start-maximized"]}},"logLevel":"warn","connectionRetryTimeout":120000,"connectionRetryCount":3,"logLevels":{},"enableDirectConnect":true,"strictSSL":true,"_":"65 more keys: [\"cacheDir\",\"port\",\"requestedCapabilities\",\"automationProtocol\",\"baseUrl\",\"waitforInterval\",\"waitforTimeout\",\"onReload\",\"beforeCommand\",\"afterCommand\",\"rootDir\",\"specs\",\"suites\",\"exclude\",\"groupLogsByTestSpec\",\"excludeDriverLogs\",\"bail\",\"framework\",\"reporters\",\"services\",\"maxInstances\",\"maxInstancesPerCapability\",\"injectGlobals\",\"filesToWatch\",\"execArgv\",\"runnerEnv\",\"runner\",\"shard\",\"specFileRetries\",\"specFileRetriesDelay\",\"specFileRetriesDeferred\",\"reporterSyncInterval\",\"reporterSyncTimeout\",\"cucumberFeaturesWithLineNumbers\",\"autoCompileOpts\",\"mochaOpts\",\"jasmineOpts\",\"cucumberOpts\",\"onPrepare\",\"onWorkerStart\",\"onWorkerEnd\",\"before\",\"beforeSession\",\"beforeSuite\",\"beforeHook\",\"beforeTest\",\"afterTest\",\"afterHook\",\"afterSuite\",\"afterSession\",\"after\",\"onComplete\",\"beforeAssertion\",\"afterAssertion\",\"beforeFeature\",\"beforeScenario\",\"beforeStep\",\"afterStep\",\"afterScenario\",\"afterFeature\",\"_\",\"suite\",\"$0\",\"ignoredWorkerServices\",\"wdi5\"]"}]}
RESULT: {"script":"<script> [2342 bytes]","args":[{"protocol":"http","hostname":"0.0.0.0","path":"/","capabilities":{"browserName":"chrome","goog:chromeOptions":{"binary":"C:\\Program Files\\Google\\Chrome\\Application\\chrome.exe","args":["--start-maximized"]}},"logLevel":"warn","connectionRetryTimeout":120000,"connectionRetryCount":3,"logLevels":{},"enableDirectConnect":true,"strictSSL":true,"_":"65 more keys: [\"cacheDir\",\"port\",\"requestedCapabilities\",\"automationProtocol\",\"baseUrl\",\"waitforInterval\",\"waitforTimeout\",\"onReload\",\"beforeCommand\",\"afterCommand\",\"rootDir\",\"specs\",\"suites\",\"exclude\",\"groupLogsByTestSpec\",\"excludeDriverLogs\",\"bail\",\"framework\",\"reporters\",\"services\",\"maxInstances\",\"maxInstancesPerCapability\",\"injectGlobals\",\"filesToWatch\",\"execArgv\",\"runnerEnv\",\"runner\",\"shard\",\"specFileRetries\",\"specFileRetriesDelay\",\"specFileRetriesDeferred\",\"reporterSyncInterval\",\"reporterSyncTimeout\",\"cucumberFeaturesWithLineNumbers\",\"autoCompileOpts\",\"mochaOpts\",\"jasmineOpts\",\"cucumberOpts\",\"onPrepare\",\"onWorkerStart\",\"onWorkerEnd\",\"before\",\"beforeSession\",\"beforeSuite\",\"beforeHook\",\"beforeTest\",\"afterTest\",\"afterHook\",\"afterSuite\",\"afterSession\",\"after\",\"onComplete\",\"beforeAssertion\",\"afterAssertion\",\"beforeFeature\",\"beforeScenario\",\"beforeStep\",\"afterStep\",\"afterScenario\",\"afterFeature\",\"_\",\"suite\",\"$0\",\"ignoredWorkerServices\",\"wdi5\"]"}]}
COMMAND: POST /session/17938e7f8541bcff555766d2bec8a2c8/execute/async - {"script":"<script> [21126 bytes]","args":[35000]}
RESULT: {"script":"<script> [21126 bytes]","args":[35000]}
COMMAND: POST /session/17938e7f8541bcff555766d2bec8a2c8/execute/async - {"script":"<script> [1562 bytes]","args":[{"selector":{"controlType":"sap.m.SearchField","viewName":"etm.portal.ui.managehandovers.view.MasterHO","bindingPath":{"path":"","propertyPath":"/_BASIC_SEARCH_FIELD","modelName":"fi1t3rM0d31"},"interaction":{"idSuffix":"I"}},"wdio_ui5_key":"etmportal.ui.managehandovers.view.MasterHOsap.m.SearchField{\"path\":\"\",\"propertyPath\":\"/_BASIC_SEARCH_FIELD\",\"modelName\":\"fi1t3rM0d31\"}"}]}
RESULT: {"script":"<script> [1562 bytes]","args":[{"selector":{"controlType":"sap.m.SearchField","viewName":"etm.portal.ui.managehandovers.view.MasterHO","bindingPath":{"path":"","propertyPath":"/_BASIC_SEARCH_FIELD","modelName":"fi1t3rM0d31"},"interaction":{"idSuffix":"I"}},"wdio_ui5_key":"etmportal.ui.managehandovers.view.MasterHOsap.m.SearchField{\"path\":\"\",\"propertyPath\":\"/_BASIC_SEARCH_FIELD\",\"modelName\":\"fi1t3rM0d31\"}"}]}
RESULT: undefined
COMMAND: POST /session/17938e7f8541bcff555766d2bec8a2c8/execute/async - {"script":"<script> [776 bytes]","args":[{"enterText":"30933","selector":{"controlType":"sap.m.SearchField","viewName":"etm.portal.ui.managehandovers.view.MasterHO","bindingPath":{"path":"","propertyPath":"/_BASIC_SEARCH_FIELD","modelName":"fi1t3rM0d31"},"interaction":{"idSuffix":"I"}},"clearTextFirst":true,"interactionType":"ENTER_TEXT"}]}
RESULT: {"script":"<script> [776 bytes]","args":[{"enterText":"30933","selector":{"controlType":"sap.m.SearchField","viewName":"etm.portal.ui.managehandovers.view.MasterHO","bindingPath":{"path":"","propertyPath":"/_BASIC_SEARCH_FIELD","modelName":"fi1t3rM0d31"},"interaction":{"idSuffix":"I"}},"clearTextFirst":true,"interactionType":"ENTER_TEXT"}]}
COMMAND: POST /session/17938e7f8541bcff555766d2bec8a2c8/actions - {"actions":[{"id":"action86","type":"key","parameters":{},"actions":[{"type":"keyDown","value":"î€‡"},{"type":"pause","duration":10},{"type":"keyUp","value":"î€‡"}]}]}
RESULT: {"actions":[{"id":"action86","type":"key","parameters":{},"actions":[{"type":"keyDown","value":"î€‡"},{"type":"pause","duration":10},{"type":"keyUp","value":"î€‡"}]}]}
COMMAND: GET /session/17938e7f8541bcff555766d2bec8a2c8/screenshot - {}
RESULT: {}
COMMAND: POST /session/17938e7f8541bcff555766d2bec8a2c8/execute/async - {"script":"<script> [1562 bytes]","args":[{"selector":{"controlType":"sap.m.Title","viewName":"etm.portal.ui.managehandovers.view.MasterHO","properties":{"text":"Records (1)"}},"wdio_ui5_key":"etmportal.ui.managehandovers.view.MasterHOsap.m.Title{\"text\":\"Records (1)\"}"}]}
RESULT: {"script":"<script> [1562 bytes]","args":[{"selector":{"controlType":"sap.m.Title","viewName":"etm.portal.ui.managehandovers.view.MasterHO","properties":{"text":"Records (1)"}},"wdio_ui5_key":"etmportal.ui.managehandovers.view.MasterHOsap.m.Title{\"text\":\"Records (1)\"}"}]}
RESULT: undefined
COMMAND: POST /session/17938e7f8541bcff555766d2bec8a2c8/execute/async - {"script":"<script> [6424 bytes]","args":[{"element-6066-11e4-a52e-4f735466cecf":"f.0F1FAEEE2861019DFD6915B8D9C967AD.d.435D58F19AB1E48A2050846B53411FC2.e.18195"},"getText",[]]}
RESULT: {"script":"<script> [6424 bytes]","args":[{"element-6066-11e4-a52e-4f735466cecf":"f.0F1FAEEE2861019DFD6915B8D9C967AD.d.435D58F19AB1E48A2050846B53411FC2.e.18195"},"getText",[]]}
COMMAND: POST /session/17938e7f8541bcff555766d2bec8a2c8/execute/async - {"script":"<script> [1562 bytes]","args":[{"selector":{"controlType":"sap.ui.core.Icon","viewName":"etm.portal.ui.managehandovers.view.MasterHO","properties":{"src":{"regex":{"source":"slim\\-arrow\\-right"}}}},"wdio_ui5_key":"etmportal.ui.managehandovers.view.MasterHOsap.ui.core.Icon{\"src\":{\"regex\":{\"source\":\"slim\\\\-arrow\\\\-right\"}}}"}]}
RESULT: {"script":"<script> [1562 bytes]","args":[{"selector":{"controlType":"sap.ui.core.Icon","viewName":"etm.portal.ui.managehandovers.view.MasterHO","properties":{"src":{"regex":{"source":"slim\\-arrow\\-right"}}}},"wdio_ui5_key":"etmportal.ui.managehandovers.view.MasterHOsap.ui.core.Icon{\"src\":{\"regex\":{\"source\":\"slim\\\\-arrow\\\\-right\"}}}"}]}
RESULT: undefined
COMMAND: POST /session/17938e7f8541bcff555766d2bec8a2c8/element - {"using":"xpath","value":"//*[@id=\"__item27-__clone17-imgNav\"]"}
RESULT: {"using":"xpath","value":"//*[@id=\"__item27-__clone17-imgNav\"]"}
COMMAND: POST /session/17938e7f8541bcff555766d2bec8a2c8/element/f.0F1FAEEE2861019DFD6915B8D9C967AD.d.435D58F19AB1E48A2050846B53411FC2.e.18194/click - {}
RESULT: {}
COMMAND: GET /session/17938e7f8541bcff555766d2bec8a2c8/screenshot - {}
RESULT: {}
COMMAND: POST /session/17938e7f8541bcff555766d2bec8a2c8/execute/async - {"script":"<script> [1562 bytes]","args":[{"selector":{"controlType":"sap.m.ObjectStatus","viewName":"etm.portal.ui.managehandovers.view.DetailExecuteHO","labelFor":{"text":"Status"}},"wdio_ui5_key":"etmportal.ui.managehandovers.view.DetailExecuteHOsap.m.ObjectStatus{\"text\":\"Status\"}"}]}
RESULT: {"script":"<script> [1562 bytes]","args":[{"selector":{"controlType":"sap.m.ObjectStatus","viewName":"etm.portal.ui.managehandovers.view.DetailExecuteHO","labelFor":{"text":"Status"}},"wdio_ui5_key":"etmportal.ui.managehandovers.view.DetailExecuteHOsap.m.ObjectStatus{\"text\":\"Status\"}"}]}
RESULT: undefined
COMMAND: POST /session/17938e7f8541bcff555766d2bec8a2c8/execute/async - {"script":"<script> [6424 bytes]","args":[{"element-6066-11e4-a52e-4f735466cecf":"f.0F1FAEEE2861019DFD6915B8D9C967AD.d.435D58F19AB1E48A2050846B53411FC2.e.18295"},"getText",[]]}
RESULT: {"script":"<script> [6424 bytes]","args":[{"element-6066-11e4-a52e-4f735466cecf":"f.0F1FAEEE2861019DFD6915B8D9C967AD.d.435D58F19AB1E48A2050846B53411FC2.e.18295"},"getText",[]]}
COMMAND: POST /session/17938e7f8541bcff555766d2bec8a2c8/execute/async - {"script":"<script> [1562 bytes]","args":[{"selector":{"controlType":"sap.m.Button","viewName":"etm.portal.ui.managehandovers.view.DetailExecuteHO","i18NText":{"propertyName":"text","key":"confirmAll"},"interaction":{"idSuffix":"BDI-content"}},"wdio_ui5_key":"etmportal.ui.managehandovers.view.DetailExecuteHOsap.m.Button{\"propertyName\":\"text\",\"key\":\"confirmAll\"}"}]}
RESULT: {"script":"<script> [1562 bytes]","args":[{"selector":{"controlType":"sap.m.Button","viewName":"etm.portal.ui.managehandovers.view.DetailExecuteHO","i18NText":{"propertyName":"text","key":"confirmAll"},"interaction":{"idSuffix":"BDI-content"}},"wdio_ui5_key":"etmportal.ui.managehandovers.view.DetailExecuteHOsap.m.Button{\"propertyName\":\"text\",\"key\":\"confirmAll\"}"}]}
RESULT: undefined
COMMAND: POST /session/17938e7f8541bcff555766d2bec8a2c8/element - {"using":"xpath","value":"//*[@id=\"__button30\"]"}
RESULT: {"using":"xpath","value":"//*[@id=\"__button30\"]"}
COMMAND: POST /session/17938e7f8541bcff555766d2bec8a2c8/element/f.0F1FAEEE2861019DFD6915B8D9C967AD.d.435D58F19AB1E48A2050846B53411FC2.e.18297/click - {}
RESULT: {}
COMMAND: GET /session/17938e7f8541bcff555766d2bec8a2c8/screenshot - {}
RESULT: {}
COMMAND: POST /session/17938e7f8541bcff555766d2bec8a2c8/execute/async - {"script":"<script> [1562 bytes]","args":[{"selector":{"controlType":"sap.m.Button","properties":{"text":"OK"},"searchOpenDialogs":true,"interaction":{"idSuffix":"BDI-content"}},"wdio_ui5_key":"sapm.Button{\"text\":\"OK\"}"}]}
RESULT: {"script":"<script> [1562 bytes]","args":[{"selector":{"controlType":"sap.m.Button","properties":{"text":"OK"},"searchOpenDialogs":true,"interaction":{"idSuffix":"BDI-content"}},"wdio_ui5_key":"sapm.Button{\"text\":\"OK\"}"}]}
RESULT: undefined
COMMAND: POST /session/17938e7f8541bcff555766d2bec8a2c8/element - {"using":"xpath","value":"//*[@id=\"__mbox-btn-0\"]"}
RESULT: {"using":"xpath","value":"//*[@id=\"__mbox-btn-0\"]"}
COMMAND: POST /session/17938e7f8541bcff555766d2bec8a2c8/element/f.0F1FAEEE2861019DFD6915B8D9C967AD.d.435D58F19AB1E48A2050846B53411FC2.e.18298/click - {}
RESULT: {}
COMMAND: GET /session/17938e7f8541bcff555766d2bec8a2c8/screenshot - {}
RESULT: {}
COMMAND: POST /session/17938e7f8541bcff555766d2bec8a2c8/element - {"using":"xpath","value":"//button[contains(@data-kt ,\"execHoReceiveFooterButton\")]"}
RESULT: {"using":"xpath","value":"//button[contains(@data-kt ,\"execHoReceiveFooterButton\")]"}
COMMAND: POST /session/17938e7f8541bcff555766d2bec8a2c8/element/f.0F1FAEEE2861019DFD6915B8D9C967AD.d.435D58F19AB1E48A2050846B53411FC2.e.18253/click - {}
RESULT: {}
COMMAND: GET /session/17938e7f8541bcff555766d2bec8a2c8/screenshot - {}
RESULT: {}
COMMAND: POST /session/17938e7f8541bcff555766d2bec8a2c8/refresh - {}
RESULT: {}
COMMAND: GET /session/17938e7f8541bcff555766d2bec8a2c8/screenshot - {}
RESULT: {}
COMMAND: POST /session/17938e7f8541bcff555766d2bec8a2c8/refresh - {}
RESULT: {}
COMMAND: GET /session/17938e7f8541bcff555766d2bec8a2c8/screenshot - {}
RESULT: {}
COMMAND: POST /session/17938e7f8541bcff555766d2bec8a2c8/window/fullscreen - {}
RESULT: {}
COMMAND: POST /session/17938e7f8541bcff555766d2bec8a2c8/execute/async - {"script":"<script> [189 bytes]","args":[]}
RESULT: {"script":"<script> [189 bytes]","args":[]}
COMMAND: POST /session/17938e7f8541bcff555766d2bec8a2c8/execute/async - {"script":"<script> [123 bytes]","args":[]}
RESULT: {"script":"<script> [123 bytes]","args":[]}
COMMAND: POST /session/17938e7f8541bcff555766d2bec8a2c8/timeouts - {"script":"<number>"}
RESULT: {"script":"<number>"}
COMMAND: GET /session/17938e7f8541bcff555766d2bec8a2c8/timeouts - {}
RESULT: {}
RESULT: undefined
COMMAND: POST /session/17938e7f8541bcff555766d2bec8a2c8/execute/async - {"script":"<script> [2676 bytes]","args":[]}
RESULT: {"script":"<script> [2676 bytes]","args":[]}
COMMAND: POST /session/17938e7f8541bcff555766d2bec8a2c8/execute/async - {"script":"<script> [2342 bytes]","args":[{"protocol":"http","hostname":"0.0.0.0","path":"/","capabilities":{"browserName":"chrome","goog:chromeOptions":{"binary":"C:\\Program Files\\Google\\Chrome\\Application\\chrome.exe","args":["--start-maximized"]}},"logLevel":"warn","connectionRetryTimeout":120000,"connectionRetryCount":3,"logLevels":{},"enableDirectConnect":true,"strictSSL":true,"_":"65 more keys: [\"cacheDir\",\"port\",\"requestedCapabilities\",\"automationProtocol\",\"baseUrl\",\"waitforInterval\",\"waitforTimeout\",\"onReload\",\"beforeCommand\",\"afterCommand\",\"rootDir\",\"specs\",\"suites\",\"exclude\",\"groupLogsByTestSpec\",\"excludeDriverLogs\",\"bail\",\"framework\",\"reporters\",\"services\",\"maxInstances\",\"maxInstancesPerCapability\",\"injectGlobals\",\"filesToWatch\",\"execArgv\",\"runnerEnv\",\"runner\",\"shard\",\"specFileRetries\",\"specFileRetriesDelay\",\"specFileRetriesDeferred\",\"reporterSyncInterval\",\"reporterSyncTimeout\",\"cucumberFeaturesWithLineNumbers\",\"autoCompileOpts\",\"mochaOpts\",\"jasmineOpts\",\"cucumberOpts\",\"onPrepare\",\"onWorkerStart\",\"onWorkerEnd\",\"before\",\"beforeSession\",\"beforeSuite\",\"beforeHook\",\"beforeTest\",\"afterTest\",\"afterHook\",\"afterSuite\",\"afterSession\",\"after\",\"onComplete\",\"beforeAssertion\",\"afterAssertion\",\"beforeFeature\",\"beforeScenario\",\"beforeStep\",\"afterStep\",\"afterScenario\",\"afterFeature\",\"_\",\"suite\",\"$0\",\"ignoredWorkerServices\",\"wdi5\"]"}]}
RESULT: {"script":"<script> [2342 bytes]","args":[{"protocol":"http","hostname":"0.0.0.0","path":"/","capabilities":{"browserName":"chrome","goog:chromeOptions":{"binary":"C:\\Program Files\\Google\\Chrome\\Application\\chrome.exe","args":["--start-maximized"]}},"logLevel":"warn","connectionRetryTimeout":120000,"connectionRetryCount":3,"logLevels":{},"enableDirectConnect":true,"strictSSL":true,"_":"65 more keys: [\"cacheDir\",\"port\",\"requestedCapabilities\",\"automationProtocol\",\"baseUrl\",\"waitforInterval\",\"waitforTimeout\",\"onReload\",\"beforeCommand\",\"afterCommand\",\"rootDir\",\"specs\",\"suites\",\"exclude\",\"groupLogsByTestSpec\",\"excludeDriverLogs\",\"bail\",\"framework\",\"reporters\",\"services\",\"maxInstances\",\"maxInstancesPerCapability\",\"injectGlobals\",\"filesToWatch\",\"execArgv\",\"runnerEnv\",\"runner\",\"shard\",\"specFileRetries\",\"specFileRetriesDelay\",\"specFileRetriesDeferred\",\"reporterSyncInterval\",\"reporterSyncTimeout\",\"cucumberFeaturesWithLineNumbers\",\"autoCompileOpts\",\"mochaOpts\",\"jasmineOpts\",\"cucumberOpts\",\"onPrepare\",\"onWorkerStart\",\"onWorkerEnd\",\"before\",\"beforeSession\",\"beforeSuite\",\"beforeHook\",\"beforeTest\",\"afterTest\",\"afterHook\",\"afterSuite\",\"afterSession\",\"after\",\"onComplete\",\"beforeAssertion\",\"afterAssertion\",\"beforeFeature\",\"beforeScenario\",\"beforeStep\",\"afterStep\",\"afterScenario\",\"afterFeature\",\"_\",\"suite\",\"$0\",\"ignoredWorkerServices\",\"wdi5\"]"}]}
COMMAND: POST /session/17938e7f8541bcff555766d2bec8a2c8/execute/async - {"script":"<script> [21126 bytes]","args":[35000]}
RESULT: {"script":"<script> [21126 bytes]","args":[35000]}
COMMAND: POST /session/17938e7f8541bcff555766d2bec8a2c8/execute/async - {"script":"<script> [1562 bytes]","args":[{"selector":{"controlType":"sap.m.SearchField","viewName":"etm.portal.ui.managehandovers.view.MasterHO","bindingPath":{"path":"","propertyPath":"/_BASIC_SEARCH_FIELD","modelName":"fi1t3rM0d31"},"interaction":{"idSuffix":"I"}},"wdio_ui5_key":"etmportal.ui.managehandovers.view.MasterHOsap.m.SearchField{\"path\":\"\",\"propertyPath\":\"/_BASIC_SEARCH_FIELD\",\"modelName\":\"fi1t3rM0d31\"}"}]}
RESULT: {"script":"<script> [1562 bytes]","args":[{"selector":{"controlType":"sap.m.SearchField","viewName":"etm.portal.ui.managehandovers.view.MasterHO","bindingPath":{"path":"","propertyPath":"/_BASIC_SEARCH_FIELD","modelName":"fi1t3rM0d31"},"interaction":{"idSuffix":"I"}},"wdio_ui5_key":"etmportal.ui.managehandovers.view.MasterHOsap.m.SearchField{\"path\":\"\",\"propertyPath\":\"/_BASIC_SEARCH_FIELD\",\"modelName\":\"fi1t3rM0d31\"}"}]}
RESULT: undefined
COMMAND: POST /session/17938e7f8541bcff555766d2bec8a2c8/execute/async - {"script":"<script> [776 bytes]","args":[{"enterText":"30933","selector":{"controlType":"sap.m.SearchField","viewName":"etm.portal.ui.managehandovers.view.MasterHO","bindingPath":{"path":"","propertyPath":"/_BASIC_SEARCH_FIELD","modelName":"fi1t3rM0d31"},"interaction":{"idSuffix":"I"}},"clearTextFirst":true,"interactionType":"ENTER_TEXT"}]}
RESULT: {"script":"<script> [776 bytes]","args":[{"enterText":"30933","selector":{"controlType":"sap.m.SearchField","viewName":"etm.portal.ui.managehandovers.view.MasterHO","bindingPath":{"path":"","propertyPath":"/_BASIC_SEARCH_FIELD","modelName":"fi1t3rM0d31"},"interaction":{"idSuffix":"I"}},"clearTextFirst":true,"interactionType":"ENTER_TEXT"}]}
COMMAND: POST /session/17938e7f8541bcff555766d2bec8a2c8/actions - {"actions":[{"id":"action87","type":"key","parameters":{},"actions":[{"type":"keyDown","value":"î€‡"},{"type":"pause","duration":10},{"type":"keyUp","value":"î€‡"}]}]}
RESULT: {"actions":[{"id":"action87","type":"key","parameters":{},"actions":[{"type":"keyDown","value":"î€‡"},{"type":"pause","duration":10},{"type":"keyUp","value":"î€‡"}]}]}
COMMAND: GET /session/17938e7f8541bcff555766d2bec8a2c8/screenshot - {}
RESULT: {}
COMMAND: POST /session/17938e7f8541bcff555766d2bec8a2c8/execute/async - {"script":"<script> [1562 bytes]","args":[{"selector":{"controlType":"sap.m.Title","viewName":"etm.portal.ui.managehandovers.view.MasterHO","properties":{"text":"Records (1)"}},"wdio_ui5_key":"etmportal.ui.managehandovers.view.MasterHOsap.m.Title{\"text\":\"Records (1)\"}"}]}
RESULT: {"script":"<script> [1562 bytes]","args":[{"selector":{"controlType":"sap.m.Title","viewName":"etm.portal.ui.managehandovers.view.MasterHO","properties":{"text":"Records (1)"}},"wdio_ui5_key":"etmportal.ui.managehandovers.view.MasterHOsap.m.Title{\"text\":\"Records (1)\"}"}]}
RESULT: undefined
COMMAND: POST /session/17938e7f8541bcff555766d2bec8a2c8/execute/async - {"script":"<script> [6424 bytes]","args":[{"element-6066-11e4-a52e-4f735466cecf":"f.0F1FAEEE2861019DFD6915B8D9C967AD.d.DF618D39EA60E6AC37D74391EF8F599F.e.18461"},"getText",[]]}
RESULT: {"script":"<script> [6424 bytes]","args":[{"element-6066-11e4-a52e-4f735466cecf":"f.0F1FAEEE2861019DFD6915B8D9C967AD.d.DF618D39EA60E6AC37D74391EF8F599F.e.18461"},"getText",[]]}
COMMAND: POST /session/17938e7f8541bcff555766d2bec8a2c8/execute/async - {"script":"<script> [1562 bytes]","args":[{"selector":{"controlType":"sap.ui.core.Icon","viewName":"etm.portal.ui.managehandovers.view.MasterHO","properties":{"src":{"regex":{"source":"slim\\-arrow\\-right"}}}},"wdio_ui5_key":"etmportal.ui.managehandovers.view.MasterHOsap.ui.core.Icon{\"src\":{\"regex\":{\"source\":\"slim\\\\-arrow\\\\-right\"}}}"}]}
RESULT: {"script":"<script> [1562 bytes]","args":[{"selector":{"controlType":"sap.ui.core.Icon","viewName":"etm.portal.ui.managehandovers.view.MasterHO","properties":{"src":{"regex":{"source":"slim\\-arrow\\-right"}}}},"wdio_ui5_key":"etmportal.ui.managehandovers.view.MasterHOsap.ui.core.Icon{\"src\":{\"regex\":{\"source\":\"slim\\\\-arrow\\\\-right\"}}}"}]}
RESULT: undefined
COMMAND: POST /session/17938e7f8541bcff555766d2bec8a2c8/element - {"using":"xpath","value":"//*[@id=\"__item19-__clone17-imgNav\"]"}
RESULT: {"using":"xpath","value":"//*[@id=\"__item19-__clone17-imgNav\"]"}
COMMAND: POST /session/17938e7f8541bcff555766d2bec8a2c8/element/f.0F1FAEEE2861019DFD6915B8D9C967AD.d.DF618D39EA60E6AC37D74391EF8F599F.e.18460/click - {}
RESULT: {}
COMMAND: GET /session/17938e7f8541bcff555766d2bec8a2c8/screenshot - {}
RESULT: {}
COMMAND: POST /session/17938e7f8541bcff555766d2bec8a2c8/execute/async - {"script":"<script> [1562 bytes]","args":[{"selector":{"controlType":"sap.m.ObjectStatus","viewName":"etm.portal.ui.managehandovers.view.DetailManageHO","viewId":"application-managehandovers-display-component---detailManageHO","labelFor":{"text":"Status"}},"wdio_ui5_key":"etmportal.ui.managehandovers.view.DetailManageHOsap.m.ObjectStatus{\"text\":\"Status\"}"}]}
RESULT: {"script":"<script> [1562 bytes]","args":[{"selector":{"controlType":"sap.m.ObjectStatus","viewName":"etm.portal.ui.managehandovers.view.DetailManageHO","viewId":"application-managehandovers-display-component---detailManageHO","labelFor":{"text":"Status"}},"wdio_ui5_key":"etmportal.ui.managehandovers.view.DetailManageHOsap.m.ObjectStatus{\"text\":\"Status\"}"}]}
RESULT: undefined
COMMAND: POST /session/17938e7f8541bcff555766d2bec8a2c8/execute/async - {"script":"<script> [6424 bytes]","args":[{"element-6066-11e4-a52e-4f735466cecf":"f.0F1FAEEE2861019DFD6915B8D9C967AD.d.DF618D39EA60E6AC37D74391EF8F599F.e.18550"},"getText",[]]}
RESULT: {"script":"<script> [6424 bytes]","args":[{"element-6066-11e4-a52e-4f735466cecf":"f.0F1FAEEE2861019DFD6915B8D9C967AD.d.DF618D39EA60E6AC37D74391EF8F599F.e.18550"},"getText",[]]}
COMMAND: POST /session/17938e7f8541bcff555766d2bec8a2c8/element - {"using":"xpath","value":"//a[contains(@data-kt ,\"GeneralSectionReceiveContracttLink\")]"}
RESULT: {"using":"xpath","value":"//a[contains(@data-kt ,\"GeneralSectionReceiveContracttLink\")]"}
COMMAND: POST /session/17938e7f8541bcff555766d2bec8a2c8/element/f.0F1FAEEE2861019DFD6915B8D9C967AD.d.DF618D39EA60E6AC37D74391EF8F599F.e.18553/click - {}
RESULT: {}
COMMAND: GET /session/17938e7f8541bcff555766d2bec8a2c8/screenshot - {}
RESULT: {}
COMMAND: POST /session/17938e7f8541bcff555766d2bec8a2c8/element - {"using":"xpath","value":"//a[contains(@data-kt ,\"ContextMenuId2Link\")]"}
RESULT: {"using":"xpath","value":"//a[contains(@data-kt ,\"ContextMenuId2Link\")]"}
COMMAND: POST /session/17938e7f8541bcff555766d2bec8a2c8/element/f.0F1FAEEE2861019DFD6915B8D9C967AD.d.DF618D39EA60E6AC37D74391EF8F599F.e.18556/click - {}
RESULT: {}
COMMAND: GET /session/17938e7f8541bcff555766d2bec8a2c8/screenshot - {}
RESULT: {}
COMMAND: POST /session/17938e7f8541bcff555766d2bec8a2c8/execute/async - {"script":"<script> [1562 bytes]","args":[{"selector":{"controlType":"sap.m.ObjectStatus","viewName":"etm.portal.ui.managecontracts.view.Detail","bindingPath":{"propertyPath":"LINK_TO_LOGISTICAL_STATUS/DESCRIPTION","modelName":"catalogModel"}},"wdio_ui5_key":"etmportal.ui.managecontracts.view.Detailsap.m.ObjectStatus{\"propertyPath\":\"LINK_TO_LOGISTICAL_STATUS/DESCRIPTION\",\"modelName\":\"catalogModel\"}"}]}
RESULT: {"script":"<script> [1562 bytes]","args":[{"selector":{"controlType":"sap.m.ObjectStatus","viewName":"etm.portal.ui.managecontracts.view.Detail","bindingPath":{"propertyPath":"LINK_TO_LOGISTICAL_STATUS/DESCRIPTION","modelName":"catalogModel"}},"wdio_ui5_key":"etmportal.ui.managecontracts.view.Detailsap.m.ObjectStatus{\"propertyPath\":\"LINK_TO_LOGISTICAL_STATUS/DESCRIPTION\",\"modelName\":\"catalogModel\"}"}]}
RESULT: undefined
COMMAND: POST /session/17938e7f8541bcff555766d2bec8a2c8/execute/async - {"script":"<script> [6424 bytes]","args":[{"element-6066-11e4-a52e-4f735466cecf":"f.0F1FAEEE2861019DFD6915B8D9C967AD.d.DF618D39EA60E6AC37D74391EF8F599F.e.18786"},"getText",[]]}
RESULT: {"script":"<script> [6424 bytes]","args":[{"element-6066-11e4-a52e-4f735466cecf":"f.0F1FAEEE2861019DFD6915B8D9C967AD.d.DF618D39EA60E6AC37D74391EF8F599F.e.18786"},"getText",[]]}
COMMAND: POST /session/17938e7f8541bcff555766d2bec8a2c8/execute/async - {"script":"<script> [1562 bytes]","args":[{"selector":{"controlType":"sap.m.ObjectStatus","viewName":"etm.portal.ui.managecontracts.view.Detail","bindingPath":{"propertyPath":"LINK_TO_COMMERCIAL_STATUS/DESCRIPTION","modelName":"catalogModel"}},"wdio_ui5_key":"etmportal.ui.managecontracts.view.Detailsap.m.ObjectStatus{\"propertyPath\":\"LINK_TO_COMMERCIAL_STATUS/DESCRIPTION\",\"modelName\":\"catalogModel\"}"}]}
RESULT: {"script":"<script> [1562 bytes]","args":[{"selector":{"controlType":"sap.m.ObjectStatus","viewName":"etm.portal.ui.managecontracts.view.Detail","bindingPath":{"propertyPath":"LINK_TO_COMMERCIAL_STATUS/DESCRIPTION","modelName":"catalogModel"}},"wdio_ui5_key":"etmportal.ui.managecontracts.view.Detailsap.m.ObjectStatus{\"propertyPath\":\"LINK_TO_COMMERCIAL_STATUS/DESCRIPTION\",\"modelName\":\"catalogModel\"}"}]}
RESULT: undefined
COMMAND: POST /session/17938e7f8541bcff555766d2bec8a2c8/execute/async - {"script":"<script> [6424 bytes]","args":[{"element-6066-11e4-a52e-4f735466cecf":"f.0F1FAEEE2861019DFD6915B8D9C967AD.d.DF618D39EA60E6AC37D74391EF8F599F.e.18787"},"getText",[]]}
RESULT: {"script":"<script> [6424 bytes]","args":[{"element-6066-11e4-a52e-4f735466cecf":"f.0F1FAEEE2861019DFD6915B8D9C967AD.d.DF618D39EA60E6AC37D74391EF8F599F.e.18787"},"getText",[]]}
]]></system-out>
    </testcase>
    <testcase classname="chrome.137_0_7151_56.windows.E2E_-_Logistical_and_commercial_statuses" name="It should follow the handover steps to the status fully returned" time="239.141">
      <system-out><![CDATA[
COMMAND: POST /session/17938e7f8541bcff555766d2bec8a2c8/execute/async - {"script":"<script> [1562 bytes]","args":[{"selector":{"id":"contractDetailReturnButton","viewName":"etm.portal.ui.managecontracts.view.Detail","interaction":{"idSuffix":"BDI-content"}},"wdio_ui5_key":"contractDetailReturnButtonetmportal.ui.managecontracts.view.Detail"}]}
RESULT: {"script":"<script> [1562 bytes]","args":[{"selector":{"id":"contractDetailReturnButton","viewName":"etm.portal.ui.managecontracts.view.Detail","interaction":{"idSuffix":"BDI-content"}},"wdio_ui5_key":"contractDetailReturnButtonetmportal.ui.managecontracts.view.Detail"}]}
RESULT: undefined
COMMAND: POST /session/17938e7f8541bcff555766d2bec8a2c8/element - {"using":"xpath","value":"//*[@id=\"__xmlview2--contractDetailReturnButton\"]"}
RESULT: {"using":"xpath","value":"//*[@id=\"__xmlview2--contractDetailReturnButton\"]"}
COMMAND: POST /session/17938e7f8541bcff555766d2bec8a2c8/element/f.0F1FAEEE2861019DFD6915B8D9C967AD.d.DF618D39EA60E6AC37D74391EF8F599F.e.18678/click - {}
RESULT: {}
COMMAND: POST /session/17938e7f8541bcff555766d2bec8a2c8/execute/async - {"script":"<script> [1562 bytes]","args":[{"selector":{"id":"application-managehandovers-display-component---AddNewHO--dueDate","interaction":{"idSuffix":"inner"}},"wdio_ui5_key":"applicationmanagehandovers-display-component---AddNewHO--dueDate"}]}
COMMAND: GET /session/17938e7f8541bcff555766d2bec8a2c8/screenshot - {}
RESULT: {"script":"<script> [1562 bytes]","args":[{"selector":{"id":"application-managehandovers-display-component---AddNewHO--dueDate","interaction":{"idSuffix":"inner"}},"wdio_ui5_key":"applicationmanagehandovers-display-component---AddNewHO--dueDate"}]}
RESULT: undefined
COMMAND: POST /session/17938e7f8541bcff555766d2bec8a2c8/execute/async - {"script":"<script> [776 bytes]","args":[{"enterText":"06/05/25","selector":{"id":"application-managehandovers-display-component---AddNewHO--dueDate","interaction":{"idSuffix":"inner"}},"clearTextFirst":true,"interactionType":"ENTER_TEXT"}]}
RESULT: {}
RESULT: {"script":"<script> [776 bytes]","args":[{"enterText":"06/05/25","selector":{"id":"application-managehandovers-display-component---AddNewHO--dueDate","interaction":{"idSuffix":"inner"}},"clearTextFirst":true,"interactionType":"ENTER_TEXT"}]}
COMMAND: POST /session/17938e7f8541bcff555766d2bec8a2c8/element - {"using":"xpath","value":"//bdi[contains(@id ,\"application-managehandovers-display-component---AddNewHO--ObjectPageLayout-anchBar-application-managehandovers-display-component---AddNewHO--section4-anchor-BDI-content\")]"}
RESULT: {"using":"xpath","value":"//bdi[contains(@id ,\"application-managehandovers-display-component---AddNewHO--ObjectPageLayout-anchBar-application-managehandovers-display-component---AddNewHO--section4-anchor-BDI-content\")]"}
COMMAND: POST /session/17938e7f8541bcff555766d2bec8a2c8/element/f.0F1FAEEE2861019DFD6915B8D9C967AD.d.DF618D39EA60E6AC37D74391EF8F599F.e.19100/click - {}
RESULT: {}
COMMAND: GET /session/17938e7f8541bcff555766d2bec8a2c8/screenshot - {}
RESULT: {}
COMMAND: POST /session/17938e7f8541bcff555766d2bec8a2c8/element - {"using":"xpath","value":"//button[contains(@data-kt ,\"AddNewHOProvideAddItemsButton\")]"}
RESULT: {"using":"xpath","value":"//button[contains(@data-kt ,\"AddNewHOProvideAddItemsButton\")]"}
COMMAND: POST /session/17938e7f8541bcff555766d2bec8a2c8/element/f.0F1FAEEE2861019DFD6915B8D9C967AD.d.DF618D39EA60E6AC37D74391EF8F599F.e.18906/click - {}
RESULT: {}
COMMAND: GET /session/17938e7f8541bcff555766d2bec8a2c8/screenshot - {}
RESULT: {}
COMMAND: POST /session/17938e7f8541bcff555766d2bec8a2c8/execute/async - {"script":"<script> [1562 bytes]","args":[{"selector":{"id":"application-managehandovers-display-component---AddNewHO--popup-sa","searchOpenDialogs":true,"interaction":{"idSuffix":"CbBg"}},"wdio_ui5_key":"applicationmanagehandovers-display-component---AddNewHO--popup-sa"}]}
RESULT: {"script":"<script> [1562 bytes]","args":[{"selector":{"id":"application-managehandovers-display-component---AddNewHO--popup-sa","searchOpenDialogs":true,"interaction":{"idSuffix":"CbBg"}},"wdio_ui5_key":"applicationmanagehandovers-display-component---AddNewHO--popup-sa"}]}
RESULT: undefined
COMMAND: POST /session/17938e7f8541bcff555766d2bec8a2c8/element - {"using":"xpath","value":"//*[@id=\"application-managehandovers-display-component---AddNewHO--popup-sa\"]"}
RESULT: {"using":"xpath","value":"//*[@id=\"application-managehandovers-display-component---AddNewHO--popup-sa\"]"}
COMMAND: POST /session/17938e7f8541bcff555766d2bec8a2c8/element/f.0F1FAEEE2861019DFD6915B8D9C967AD.d.DF618D39EA60E6AC37D74391EF8F599F.e.19120/click - {}
RESULT: {}
COMMAND: POST /session/17938e7f8541bcff555766d2bec8a2c8/execute/async - {"script":"<script> [1562 bytes]","args":[{"selector":{"controlType":"sap.m.Button","viewName":"etm.portal.ui.managehandovers.view.AddNewHO","viewId":"application-managehandovers-display-component---AddNewHO","i18NText":{"propertyName":"text","key":"select"},"searchOpenDialogs":true,"interaction":{"idSuffix":"BDI-content"}},"wdio_ui5_key":"etmportal.ui.managehandovers.view.AddNewHOsap.m.Button{\"propertyName\":\"text\",\"key\":\"select\"}"}]}
COMMAND: GET /session/17938e7f8541bcff555766d2bec8a2c8/screenshot - {}
RESULT: {"script":"<script> [1562 bytes]","args":[{"selector":{"controlType":"sap.m.Button","viewName":"etm.portal.ui.managehandovers.view.AddNewHO","viewId":"application-managehandovers-display-component---AddNewHO","i18NText":{"propertyName":"text","key":"select"},"searchOpenDialogs":true,"interaction":{"idSuffix":"BDI-content"}},"wdio_ui5_key":"etmportal.ui.managehandovers.view.AddNewHOsap.m.Button{\"propertyName\":\"text\",\"key\":\"select\"}"}]}
RESULT: undefined
COMMAND: POST /session/17938e7f8541bcff555766d2bec8a2c8/element - {"using":"xpath","value":"//*[@id=\"__button61\"]"}
RESULT: {}
RESULT: {"using":"xpath","value":"//*[@id=\"__button61\"]"}
COMMAND: POST /session/17938e7f8541bcff555766d2bec8a2c8/element/f.0F1FAEEE2861019DFD6915B8D9C967AD.d.DF618D39EA60E6AC37D74391EF8F599F.e.19123/click - {}
RESULT: {}
COMMAND: GET /session/17938e7f8541bcff555766d2bec8a2c8/screenshot - {}
RESULT: {}
COMMAND: POST /session/17938e7f8541bcff555766d2bec8a2c8/execute/async - {"script":"<script> [1562 bytes]","args":[{"selector":{"id":"application-managehandovers-display-component---AddNewHO--confirmCreationButton","interaction":{"idSuffix":"BDI-content"}},"wdio_ui5_key":"applicationmanagehandovers-display-component---AddNewHO--confirmCreationButton"}]}
RESULT: {"script":"<script> [1562 bytes]","args":[{"selector":{"id":"application-managehandovers-display-component---AddNewHO--confirmCreationButton","interaction":{"idSuffix":"BDI-content"}},"wdio_ui5_key":"applicationmanagehandovers-display-component---AddNewHO--confirmCreationButton"}]}
RESULT: undefined
COMMAND: POST /session/17938e7f8541bcff555766d2bec8a2c8/element - {"using":"xpath","value":"//*[@id=\"application-managehandovers-display-component---AddNewHO--confirmCreationButton\"]"}
RESULT: {"using":"xpath","value":"//*[@id=\"application-managehandovers-display-component---AddNewHO--confirmCreationButton\"]"}
COMMAND: POST /session/17938e7f8541bcff555766d2bec8a2c8/element/f.0F1FAEEE2861019DFD6915B8D9C967AD.d.DF618D39EA60E6AC37D74391EF8F599F.e.18913/click - {}
RESULT: {}
COMMAND: GET /session/17938e7f8541bcff555766d2bec8a2c8/screenshot - {}
RESULT: {}
COMMAND: POST /session/17938e7f8541bcff555766d2bec8a2c8/execute/async - {"script":"<script> [1562 bytes]","args":[{"selector":{"controlType":"sap.m.Text","viewName":"etm.portal.ui.managehandovers.view.DetailExecuteHO","bindingPath":{"propertyPath":"NO","modelName":"catalogModel"}},"wdio_ui5_key":"etmportal.ui.managehandovers.view.DetailExecuteHOsap.m.Text{\"propertyPath\":\"NO\",\"modelName\":\"catalogModel\"}"}]}
RESULT: {"script":"<script> [1562 bytes]","args":[{"selector":{"controlType":"sap.m.Text","viewName":"etm.portal.ui.managehandovers.view.DetailExecuteHO","bindingPath":{"propertyPath":"NO","modelName":"catalogModel"}},"wdio_ui5_key":"etmportal.ui.managehandovers.view.DetailExecuteHOsap.m.Text{\"propertyPath\":\"NO\",\"modelName\":\"catalogModel\"}"}]}
RESULT: undefined
COMMAND: POST /session/17938e7f8541bcff555766d2bec8a2c8/execute/async - {"script":"<script> [6424 bytes]","args":[{"element-6066-11e4-a52e-4f735466cecf":"f.0F1FAEEE2861019DFD6915B8D9C967AD.d.DF618D39EA60E6AC37D74391EF8F599F.e.19177"},"getText",[]]}
RESULT: {"script":"<script> [6424 bytes]","args":[{"element-6066-11e4-a52e-4f735466cecf":"f.0F1FAEEE2861019DFD6915B8D9C967AD.d.DF618D39EA60E6AC37D74391EF8F599F.e.19177"},"getText",[]]}
COMMAND: POST /session/17938e7f8541bcff555766d2bec8a2c8/element - {"using":"xpath","value":"//a[contains(@data-kt ,\"GeneralSectionSendContractLink\")]"}
RESULT: {"using":"xpath","value":"//a[contains(@data-kt ,\"GeneralSectionSendContractLink\")]"}
COMMAND: POST /session/17938e7f8541bcff555766d2bec8a2c8/element/f.0F1FAEEE2861019DFD6915B8D9C967AD.d.DF618D39EA60E6AC37D74391EF8F599F.e.19178/click - {}
RESULT: {}
COMMAND: GET /session/17938e7f8541bcff555766d2bec8a2c8/screenshot - {}
RESULT: {}
COMMAND: POST /session/17938e7f8541bcff555766d2bec8a2c8/element - {"using":"xpath","value":"//a[contains(@data-kt ,\"ContextMenuId2Link\")]"}
RESULT: {"using":"xpath","value":"//a[contains(@data-kt ,\"ContextMenuId2Link\")]"}
COMMAND: POST /session/17938e7f8541bcff555766d2bec8a2c8/elements - {"using":"xpath","value":"//a[contains(@data-kt ,\"ContextMenuId2Link\")]"}
RESULT: {"using":"xpath","value":"//a[contains(@data-kt ,\"ContextMenuId2Link\")]"}
COMMAND: POST /session/17938e7f8541bcff555766d2bec8a2c8/element/f.0F1FAEEE2861019DFD6915B8D9C967AD.d.DF618D39EA60E6AC37D74391EF8F599F.e.19182/click - {}
RESULT: {}
COMMAND: GET /session/17938e7f8541bcff555766d2bec8a2c8/screenshot - {}
COMMAND: POST /session/17938e7f8541bcff555766d2bec8a2c8/execute/async - {"script":"<script> [1562 bytes]","args":[{"selector":{"controlType":"sap.m.Link","viewName":"etm.portal.ui.managehandovers.view.DetailExecuteHO","properties":{"text":"Contract Overview"},"searchOpenDialogs":true},"wdio_ui5_key":"etmportal.ui.managehandovers.view.DetailExecuteHOsap.m.Link{\"text\":\"Contract Overview\"}"}]}
RESULT: {}
RESULT: {"script":"<script> [1562 bytes]","args":[{"selector":{"controlType":"sap.m.Link","viewName":"etm.portal.ui.managehandovers.view.DetailExecuteHO","properties":{"text":"Contract Overview"},"searchOpenDialogs":true},"wdio_ui5_key":"etmportal.ui.managehandovers.view.DetailExecuteHOsap.m.Link{\"text\":\"Contract Overview\"}"}]}
RESULT: undefined
RESULT: undefined
COMMAND: POST /session/17938e7f8541bcff555766d2bec8a2c8/execute/async - {"script":"<script> [6424 bytes]","args":[{"element-6066-11e4-a52e-4f735466cecf":"f.0F1FAEEE2861019DFD6915B8D9C967AD.d.DF618D39EA60E6AC37D74391EF8F599F.e.18786"},"getText",[]]}
COMMAND: POST /session/17938e7f8541bcff555766d2bec8a2c8/execute/async - {"script":"<script> [1562 bytes]","args":[{"selector":{"controlType":"sap.m.ObjectStatus","viewName":"etm.portal.ui.managecontracts.view.Detail","bindingPath":{"propertyPath":"LINK_TO_LOGISTICAL_STATUS/DESCRIPTION","modelName":"catalogModel"}},"wdio_ui5_key":"etmportal.ui.managecontracts.view.Detailsap.m.ObjectStatus{\"propertyPath\":\"LINK_TO_LOGISTICAL_STATUS/DESCRIPTION\",\"modelName\":\"catalogModel\"}"}]}
RESULT: {"script":"<script> [1562 bytes]","args":[{"selector":{"controlType":"sap.m.ObjectStatus","viewName":"etm.portal.ui.managecontracts.view.Detail","bindingPath":{"propertyPath":"LINK_TO_LOGISTICAL_STATUS/DESCRIPTION","modelName":"catalogModel"}},"wdio_ui5_key":"etmportal.ui.managecontracts.view.Detailsap.m.ObjectStatus{\"propertyPath\":\"LINK_TO_LOGISTICAL_STATUS/DESCRIPTION\",\"modelName\":\"catalogModel\"}"}]}
COMMAND: POST /session/17938e7f8541bcff555766d2bec8a2c8/execute/async - {"script":"<script> [6424 bytes]","args":[{"element-6066-11e4-a52e-4f735466cecf":"f.0F1FAEEE2861019DFD6915B8D9C967AD.d.DF618D39EA60E6AC37D74391EF8F599F.e.19409"},"getText",[]]}
RESULT: {"script":"<script> [6424 bytes]","args":[{"element-6066-11e4-a52e-4f735466cecf":"f.0F1FAEEE2861019DFD6915B8D9C967AD.d.DF618D39EA60E6AC37D74391EF8F599F.e.19409"},"getText",[]]}
RESULT: undefined
COMMAND: POST /session/17938e7f8541bcff555766d2bec8a2c8/execute/async - {"script":"<script> [6424 bytes]","args":[{"element-6066-11e4-a52e-4f735466cecf":"f.0F1FAEEE2861019DFD6915B8D9C967AD.d.DF618D39EA60E6AC37D74391EF8F599F.e.18787"},"getText",[]]}
COMMAND: POST /session/17938e7f8541bcff555766d2bec8a2c8/execute/async - {"script":"<script> [1562 bytes]","args":[{"selector":{"controlType":"sap.m.ObjectStatus","viewName":"etm.portal.ui.managecontracts.view.Detail","bindingPath":{"propertyPath":"LINK_TO_COMMERCIAL_STATUS/DESCRIPTION","modelName":"catalogModel"}},"wdio_ui5_key":"etmportal.ui.managecontracts.view.Detailsap.m.ObjectStatus{\"propertyPath\":\"LINK_TO_COMMERCIAL_STATUS/DESCRIPTION\",\"modelName\":\"catalogModel\"}"}]}
RESULT: {"script":"<script> [1562 bytes]","args":[{"selector":{"controlType":"sap.m.ObjectStatus","viewName":"etm.portal.ui.managecontracts.view.Detail","bindingPath":{"propertyPath":"LINK_TO_COMMERCIAL_STATUS/DESCRIPTION","modelName":"catalogModel"}},"wdio_ui5_key":"etmportal.ui.managecontracts.view.Detailsap.m.ObjectStatus{\"propertyPath\":\"LINK_TO_COMMERCIAL_STATUS/DESCRIPTION\",\"modelName\":\"catalogModel\"}"}]}
COMMAND: POST /session/17938e7f8541bcff555766d2bec8a2c8/execute/async - {"script":"<script> [6424 bytes]","args":[{"element-6066-11e4-a52e-4f735466cecf":"f.0F1FAEEE2861019DFD6915B8D9C967AD.d.DF618D39EA60E6AC37D74391EF8F599F.e.19410"},"getText",[]]}
RESULT: {"script":"<script> [6424 bytes]","args":[{"element-6066-11e4-a52e-4f735466cecf":"f.0F1FAEEE2861019DFD6915B8D9C967AD.d.DF618D39EA60E6AC37D74391EF8F599F.e.19410"},"getText",[]]}
COMMAND: POST /session/17938e7f8541bcff555766d2bec8a2c8/execute/async - {"script":"<script> [1562 bytes]","args":[{"selector":{"id":"backBtn"},"wdio_ui5_key":"backBtn"}]}
RESULT: {"script":"<script> [1562 bytes]","args":[{"selector":{"id":"backBtn"},"wdio_ui5_key":"backBtn"}]}
RESULT: undefined
COMMAND: POST /session/17938e7f8541bcff555766d2bec8a2c8/element - {"using":"xpath","value":"//*[@id=\"backBtn\"]"}
RESULT: {"using":"xpath","value":"//*[@id=\"backBtn\"]"}
COMMAND: POST /session/17938e7f8541bcff555766d2bec8a2c8/element/f.0F1FAEEE2861019DFD6915B8D9C967AD.d.DF618D39EA60E6AC37D74391EF8F599F.e.19411/click - {}
RESULT: {}
COMMAND: GET /session/17938e7f8541bcff555766d2bec8a2c8/screenshot - {}
RESULT: {}
COMMAND: POST /session/17938e7f8541bcff555766d2bec8a2c8/element - {"using":"xpath","value":"//input[contains(@id ,\"issueDatePicker-inner\")]"}
RESULT: {"using":"xpath","value":"//input[contains(@id ,\"issueDatePicker-inner\")]"}
COMMAND: GET /session/17938e7f8541bcff555766d2bec8a2c8/element/f.0F1FAEEE2861019DFD6915B8D9C967AD.d.DF618D39EA60E6AC37D74391EF8F599F.e.19688/property/value - {}
RESULT: {}
COMMAND: POST /session/17938e7f8541bcff555766d2bec8a2c8/element/f.0F1FAEEE2861019DFD6915B8D9C967AD.d.DF618D39EA60E6AC37D74391EF8F599F.e.19688/clear - {}
COMMAND: GET /session/17938e7f8541bcff555766d2bec8a2c8/screenshot - {}
RESULT: {}
COMMAND: POST /session/17938e7f8541bcff555766d2bec8a2c8/element/f.0F1FAEEE2861019DFD6915B8D9C967AD.d.DF618D39EA60E6AC37D74391EF8F599F.e.19688/value - {"text":"06/05/25"}
COMMAND: GET /session/17938e7f8541bcff555766d2bec8a2c8/screenshot - {}
RESULT: {}
RESULT: {"text":"06/05/25"}
COMMAND: GET /session/17938e7f8541bcff555766d2bec8a2c8/screenshot - {}
RESULT: {}
RESULT: {}
COMMAND: POST /session/17938e7f8541bcff555766d2bec8a2c8/execute/async - {"script":"<script> [1562 bytes]","args":[{"selector":{"controlType":"sap.m.Button","viewName":"etm.portal.ui.managehandovers.view.DetailExecuteHO","i18NText":{"propertyName":"text","key":"confirmAll"},"interaction":{"idSuffix":"inner"}},"wdio_ui5_key":"etmportal.ui.managehandovers.view.DetailExecuteHOsap.m.Button{\"propertyName\":\"text\",\"key\":\"confirmAll\"}"}]}
RESULT: {"script":"<script> [1562 bytes]","args":[{"selector":{"controlType":"sap.m.Button","viewName":"etm.portal.ui.managehandovers.view.DetailExecuteHO","i18NText":{"propertyName":"text","key":"confirmAll"},"interaction":{"idSuffix":"inner"}},"wdio_ui5_key":"etmportal.ui.managehandovers.view.DetailExecuteHOsap.m.Button{\"propertyName\":\"text\",\"key\":\"confirmAll\"}"}]}
RESULT: undefined
COMMAND: POST /session/17938e7f8541bcff555766d2bec8a2c8/element - {"using":"xpath","value":"//*[@id=\"__button145\"]"}
RESULT: {"using":"xpath","value":"//*[@id=\"__button145\"]"}
COMMAND: POST /session/17938e7f8541bcff555766d2bec8a2c8/element/f.0F1FAEEE2861019DFD6915B8D9C967AD.d.DF618D39EA60E6AC37D74391EF8F599F.e.19711/click - {}
RESULT: {}
COMMAND: GET /session/17938e7f8541bcff555766d2bec8a2c8/screenshot - {}
RESULT: {}
COMMAND: POST /session/17938e7f8541bcff555766d2bec8a2c8/actions - {"actions":[{"id":"action88","type":"key","parameters":{},"actions":[{"type":"keyDown","value":"î€‡"},{"type":"pause","duration":10},{"type":"keyUp","value":"î€‡"}]}]}
RESULT: {"actions":[{"id":"action88","type":"key","parameters":{},"actions":[{"type":"keyDown","value":"î€‡"},{"type":"pause","duration":10},{"type":"keyUp","value":"î€‡"}]}]}
COMMAND: GET /session/17938e7f8541bcff555766d2bec8a2c8/screenshot - {}
RESULT: {}
RESULT: undefined
COMMAND: POST /session/17938e7f8541bcff555766d2bec8a2c8/element - {"using":"xpath","value":"//*[@id=\"__button145\"]"}
RESULT: {"using":"xpath","value":"//*[@id=\"__button145\"]"}
COMMAND: POST /session/17938e7f8541bcff555766d2bec8a2c8/element/f.0F1FAEEE2861019DFD6915B8D9C967AD.d.DF618D39EA60E6AC37D74391EF8F599F.e.19711/click - {}
RESULT: {}
COMMAND: GET /session/17938e7f8541bcff555766d2bec8a2c8/screenshot - {}
RESULT: {}
COMMAND: POST /session/17938e7f8541bcff555766d2bec8a2c8/execute/async - {"script":"<script> [1562 bytes]","args":[{"selector":{"controlType":"sap.m.Button","properties":{"text":"OK"},"searchOpenDialogs":true,"interaction":{"idSuffix":"content"}},"wdio_ui5_key":"sapm.Button{\"text\":\"OK\"}"}]}
RESULT: {"script":"<script> [1562 bytes]","args":[{"selector":{"controlType":"sap.m.Button","properties":{"text":"OK"},"searchOpenDialogs":true,"interaction":{"idSuffix":"content"}},"wdio_ui5_key":"sapm.Button{\"text\":\"OK\"}"}]}
RESULT: undefined
COMMAND: POST /session/17938e7f8541bcff555766d2bec8a2c8/element - {"using":"xpath","value":"//*[@id=\"__mbox-btn-2\"]"}
RESULT: {"using":"xpath","value":"//*[@id=\"__mbox-btn-2\"]"}
COMMAND: POST /session/17938e7f8541bcff555766d2bec8a2c8/element/f.0F1FAEEE2861019DFD6915B8D9C967AD.d.DF618D39EA60E6AC37D74391EF8F599F.e.19719/click - {}
RESULT: {}
COMMAND: GET /session/17938e7f8541bcff555766d2bec8a2c8/screenshot - {}
RESULT: {}
COMMAND: POST /session/17938e7f8541bcff555766d2bec8a2c8/element - {"using":"xpath","value":"//button[contains(@data-kt ,\"execHoIssueFooterButton\")]"}
RESULT: {"using":"xpath","value":"//button[contains(@data-kt ,\"execHoIssueFooterButton\")]"}
COMMAND: POST /session/17938e7f8541bcff555766d2bec8a2c8/element/f.0F1FAEEE2861019DFD6915B8D9C967AD.d.DF618D39EA60E6AC37D74391EF8F599F.e.19723/click - {}
RESULT: {}
COMMAND: GET /session/17938e7f8541bcff555766d2bec8a2c8/screenshot - {}
RESULT: {}
COMMAND: POST /session/17938e7f8541bcff555766d2bec8a2c8/refresh - {}
RESULT: {}
COMMAND: GET /session/17938e7f8541bcff555766d2bec8a2c8/screenshot - {}
RESULT: {}
COMMAND: POST /session/17938e7f8541bcff555766d2bec8a2c8/refresh - {}
RESULT: {}
COMMAND: GET /session/17938e7f8541bcff555766d2bec8a2c8/screenshot - {}
RESULT: {}
COMMAND: POST /session/17938e7f8541bcff555766d2bec8a2c8/window/fullscreen - {}
RESULT: {}
COMMAND: POST /session/17938e7f8541bcff555766d2bec8a2c8/execute/async - {"script":"<script> [189 bytes]","args":[]}
RESULT: {"script":"<script> [189 bytes]","args":[]}
COMMAND: POST /session/17938e7f8541bcff555766d2bec8a2c8/execute/async - {"script":"<script> [123 bytes]","args":[]}
RESULT: {"script":"<script> [123 bytes]","args":[]}
COMMAND: POST /session/17938e7f8541bcff555766d2bec8a2c8/timeouts - {"script":"<number>"}
RESULT: {"script":"<number>"}
COMMAND: GET /session/17938e7f8541bcff555766d2bec8a2c8/timeouts - {}
RESULT: {}
RESULT: undefined
COMMAND: POST /session/17938e7f8541bcff555766d2bec8a2c8/execute/async - {"script":"<script> [2676 bytes]","args":[]}
RESULT: {"script":"<script> [2676 bytes]","args":[]}
COMMAND: POST /session/17938e7f8541bcff555766d2bec8a2c8/execute/async - {"script":"<script> [2342 bytes]","args":[{"protocol":"http","hostname":"0.0.0.0","path":"/","capabilities":{"browserName":"chrome","goog:chromeOptions":{"binary":"C:\\Program Files\\Google\\Chrome\\Application\\chrome.exe","args":["--start-maximized"]}},"logLevel":"warn","connectionRetryTimeout":120000,"connectionRetryCount":3,"logLevels":{},"enableDirectConnect":true,"strictSSL":true,"_":"65 more keys: [\"cacheDir\",\"port\",\"requestedCapabilities\",\"automationProtocol\",\"baseUrl\",\"waitforInterval\",\"waitforTimeout\",\"onReload\",\"beforeCommand\",\"afterCommand\",\"rootDir\",\"specs\",\"suites\",\"exclude\",\"groupLogsByTestSpec\",\"excludeDriverLogs\",\"bail\",\"framework\",\"reporters\",\"services\",\"maxInstances\",\"maxInstancesPerCapability\",\"injectGlobals\",\"filesToWatch\",\"execArgv\",\"runnerEnv\",\"runner\",\"shard\",\"specFileRetries\",\"specFileRetriesDelay\",\"specFileRetriesDeferred\",\"reporterSyncInterval\",\"reporterSyncTimeout\",\"cucumberFeaturesWithLineNumbers\",\"autoCompileOpts\",\"mochaOpts\",\"jasmineOpts\",\"cucumberOpts\",\"onPrepare\",\"onWorkerStart\",\"onWorkerEnd\",\"before\",\"beforeSession\",\"beforeSuite\",\"beforeHook\",\"beforeTest\",\"afterTest\",\"afterHook\",\"afterSuite\",\"afterSession\",\"after\",\"onComplete\",\"beforeAssertion\",\"afterAssertion\",\"beforeFeature\",\"beforeScenario\",\"beforeStep\",\"afterStep\",\"afterScenario\",\"afterFeature\",\"_\",\"suite\",\"$0\",\"ignoredWorkerServices\",\"wdi5\"]"}]}
RESULT: {"script":"<script> [2342 bytes]","args":[{"protocol":"http","hostname":"0.0.0.0","path":"/","capabilities":{"browserName":"chrome","goog:chromeOptions":{"binary":"C:\\Program Files\\Google\\Chrome\\Application\\chrome.exe","args":["--start-maximized"]}},"logLevel":"warn","connectionRetryTimeout":120000,"connectionRetryCount":3,"logLevels":{},"enableDirectConnect":true,"strictSSL":true,"_":"65 more keys: [\"cacheDir\",\"port\",\"requestedCapabilities\",\"automationProtocol\",\"baseUrl\",\"waitforInterval\",\"waitforTimeout\",\"onReload\",\"beforeCommand\",\"afterCommand\",\"rootDir\",\"specs\",\"suites\",\"exclude\",\"groupLogsByTestSpec\",\"excludeDriverLogs\",\"bail\",\"framework\",\"reporters\",\"services\",\"maxInstances\",\"maxInstancesPerCapability\",\"injectGlobals\",\"filesToWatch\",\"execArgv\",\"runnerEnv\",\"runner\",\"shard\",\"specFileRetries\",\"specFileRetriesDelay\",\"specFileRetriesDeferred\",\"reporterSyncInterval\",\"reporterSyncTimeout\",\"cucumberFeaturesWithLineNumbers\",\"autoCompileOpts\",\"mochaOpts\",\"jasmineOpts\",\"cucumberOpts\",\"onPrepare\",\"onWorkerStart\",\"onWorkerEnd\",\"before\",\"beforeSession\",\"beforeSuite\",\"beforeHook\",\"beforeTest\",\"afterTest\",\"afterHook\",\"afterSuite\",\"afterSession\",\"after\",\"onComplete\",\"beforeAssertion\",\"afterAssertion\",\"beforeFeature\",\"beforeScenario\",\"beforeStep\",\"afterStep\",\"afterScenario\",\"afterFeature\",\"_\",\"suite\",\"$0\",\"ignoredWorkerServices\",\"wdi5\"]"}]}
COMMAND: POST /session/17938e7f8541bcff555766d2bec8a2c8/execute/async - {"script":"<script> [21126 bytes]","args":[35000]}
RESULT: {"script":"<script> [21126 bytes]","args":[35000]}
COMMAND: POST /session/17938e7f8541bcff555766d2bec8a2c8/execute/async - {"script":"<script> [1562 bytes]","args":[{"selector":{"controlType":"sap.m.SearchField","viewName":"etm.portal.ui.managehandovers.view.MasterHO","bindingPath":{"path":"","propertyPath":"/_BASIC_SEARCH_FIELD","modelName":"fi1t3rM0d31"},"interaction":{"idSuffix":"I"}},"wdio_ui5_key":"etmportal.ui.managehandovers.view.MasterHOsap.m.SearchField{\"path\":\"\",\"propertyPath\":\"/_BASIC_SEARCH_FIELD\",\"modelName\":\"fi1t3rM0d31\"}"}]}
RESULT: {"script":"<script> [1562 bytes]","args":[{"selector":{"controlType":"sap.m.SearchField","viewName":"etm.portal.ui.managehandovers.view.MasterHO","bindingPath":{"path":"","propertyPath":"/_BASIC_SEARCH_FIELD","modelName":"fi1t3rM0d31"},"interaction":{"idSuffix":"I"}},"wdio_ui5_key":"etmportal.ui.managehandovers.view.MasterHOsap.m.SearchField{\"path\":\"\",\"propertyPath\":\"/_BASIC_SEARCH_FIELD\",\"modelName\":\"fi1t3rM0d31\"}"}]}
RESULT: undefined
COMMAND: POST /session/17938e7f8541bcff555766d2bec8a2c8/execute/async - {"script":"<script> [776 bytes]","args":[{"enterText":"30934","selector":{"controlType":"sap.m.SearchField","viewName":"etm.portal.ui.managehandovers.view.MasterHO","bindingPath":{"path":"","propertyPath":"/_BASIC_SEARCH_FIELD","modelName":"fi1t3rM0d31"},"interaction":{"idSuffix":"I"}},"clearTextFirst":true,"interactionType":"ENTER_TEXT"}]}
RESULT: {"script":"<script> [776 bytes]","args":[{"enterText":"30934","selector":{"controlType":"sap.m.SearchField","viewName":"etm.portal.ui.managehandovers.view.MasterHO","bindingPath":{"path":"","propertyPath":"/_BASIC_SEARCH_FIELD","modelName":"fi1t3rM0d31"},"interaction":{"idSuffix":"I"}},"clearTextFirst":true,"interactionType":"ENTER_TEXT"}]}
COMMAND: POST /session/17938e7f8541bcff555766d2bec8a2c8/actions - {"actions":[{"id":"action89","type":"key","parameters":{},"actions":[{"type":"keyDown","value":"î€‡"},{"type":"pause","duration":10},{"type":"keyUp","value":"î€‡"}]}]}
RESULT: {"actions":[{"id":"action89","type":"key","parameters":{},"actions":[{"type":"keyDown","value":"î€‡"},{"type":"pause","duration":10},{"type":"keyUp","value":"î€‡"}]}]}
COMMAND: GET /session/17938e7f8541bcff555766d2bec8a2c8/screenshot - {}
RESULT: {}
COMMAND: POST /session/17938e7f8541bcff555766d2bec8a2c8/execute/async - {"script":"<script> [1562 bytes]","args":[{"selector":{"controlType":"sap.m.Title","viewName":"etm.portal.ui.managehandovers.view.MasterHO","properties":{"text":"Records (1)"}},"wdio_ui5_key":"etmportal.ui.managehandovers.view.MasterHOsap.m.Title{\"text\":\"Records (1)\"}"}]}
RESULT: {"script":"<script> [1562 bytes]","args":[{"selector":{"controlType":"sap.m.Title","viewName":"etm.portal.ui.managehandovers.view.MasterHO","properties":{"text":"Records (1)"}},"wdio_ui5_key":"etmportal.ui.managehandovers.view.MasterHOsap.m.Title{\"text\":\"Records (1)\"}"}]}
RESULT: undefined
COMMAND: POST /session/17938e7f8541bcff555766d2bec8a2c8/execute/async - {"script":"<script> [6424 bytes]","args":[{"element-6066-11e4-a52e-4f735466cecf":"f.0F1FAEEE2861019DFD6915B8D9C967AD.d.971A85E2377E60E8A115D6CCD11317C1.e.19986"},"getText",[]]}
RESULT: {"script":"<script> [6424 bytes]","args":[{"element-6066-11e4-a52e-4f735466cecf":"f.0F1FAEEE2861019DFD6915B8D9C967AD.d.971A85E2377E60E8A115D6CCD11317C1.e.19986"},"getText",[]]}
COMMAND: POST /session/17938e7f8541bcff555766d2bec8a2c8/execute/async - {"script":"<script> [1562 bytes]","args":[{"selector":{"controlType":"sap.ui.core.Icon","viewName":"etm.portal.ui.managehandovers.view.MasterHO","properties":{"src":{"regex":{"source":"slim\\-arrow\\-right"}}}},"wdio_ui5_key":"etmportal.ui.managehandovers.view.MasterHOsap.ui.core.Icon{\"src\":{\"regex\":{\"source\":\"slim\\\\-arrow\\\\-right\"}}}"}]}
RESULT: {"script":"<script> [1562 bytes]","args":[{"selector":{"controlType":"sap.ui.core.Icon","viewName":"etm.portal.ui.managehandovers.view.MasterHO","properties":{"src":{"regex":{"source":"slim\\-arrow\\-right"}}}},"wdio_ui5_key":"etmportal.ui.managehandovers.view.MasterHOsap.ui.core.Icon{\"src\":{\"regex\":{\"source\":\"slim\\\\-arrow\\\\-right\"}}}"}]}
RESULT: undefined
COMMAND: POST /session/17938e7f8541bcff555766d2bec8a2c8/element - {"using":"xpath","value":"//*[@id=\"__item27-__clone17-imgNav\"]"}
RESULT: {"using":"xpath","value":"//*[@id=\"__item27-__clone17-imgNav\"]"}
COMMAND: POST /session/17938e7f8541bcff555766d2bec8a2c8/element/f.0F1FAEEE2861019DFD6915B8D9C967AD.d.971A85E2377E60E8A115D6CCD11317C1.e.19985/click - {}
RESULT: {}
COMMAND: GET /session/17938e7f8541bcff555766d2bec8a2c8/screenshot - {}
RESULT: {}
COMMAND: POST /session/17938e7f8541bcff555766d2bec8a2c8/execute/async - {"script":"<script> [1562 bytes]","args":[{"selector":{"controlType":"sap.m.ObjectStatus","viewName":"etm.portal.ui.managehandovers.view.DetailManageHO","viewId":"application-managehandovers-display-component---detailManageHO","labelFor":{"text":"Status"}},"wdio_ui5_key":"etmportal.ui.managehandovers.view.DetailManageHOsap.m.ObjectStatus{\"text\":\"Status\"}"}]}
RESULT: {"script":"<script> [1562 bytes]","args":[{"selector":{"controlType":"sap.m.ObjectStatus","viewName":"etm.portal.ui.managehandovers.view.DetailManageHO","viewId":"application-managehandovers-display-component---detailManageHO","labelFor":{"text":"Status"}},"wdio_ui5_key":"etmportal.ui.managehandovers.view.DetailManageHOsap.m.ObjectStatus{\"text\":\"Status\"}"}]}
RESULT: undefined
COMMAND: POST /session/17938e7f8541bcff555766d2bec8a2c8/execute/async - {"script":"<script> [6424 bytes]","args":[{"element-6066-11e4-a52e-4f735466cecf":"f.0F1FAEEE2861019DFD6915B8D9C967AD.d.971A85E2377E60E8A115D6CCD11317C1.e.20066"},"getText",[]]}
RESULT: {"script":"<script> [6424 bytes]","args":[{"element-6066-11e4-a52e-4f735466cecf":"f.0F1FAEEE2861019DFD6915B8D9C967AD.d.971A85E2377E60E8A115D6CCD11317C1.e.20066"},"getText",[]]}
COMMAND: POST /session/17938e7f8541bcff555766d2bec8a2c8/element - {"using":"xpath","value":"//a[contains(@data-kt ,\"GeneralSectionSendContractLink\")]"}
RESULT: {"using":"xpath","value":"//a[contains(@data-kt ,\"GeneralSectionSendContractLink\")]"}
COMMAND: POST /session/17938e7f8541bcff555766d2bec8a2c8/element/f.0F1FAEEE2861019DFD6915B8D9C967AD.d.971A85E2377E60E8A115D6CCD11317C1.e.20067/click - {}
RESULT: {}
COMMAND: GET /session/17938e7f8541bcff555766d2bec8a2c8/screenshot - {}
RESULT: {}
COMMAND: POST /session/17938e7f8541bcff555766d2bec8a2c8/elements - {"using":"xpath","value":"//a[contains(@data-kt ,\"ContextMenuId2Link\")]"}
RESULT: {"using":"xpath","value":"//a[contains(@data-kt ,\"ContextMenuId2Link\")]"}
COMMAND: POST /session/17938e7f8541bcff555766d2bec8a2c8/element/f.0F1FAEEE2861019DFD6915B8D9C967AD.d.DF618D39EA60E6AC37D74391EF8F599F.e.19182/click - {}
COMMAND: POST /session/17938e7f8541bcff555766d2bec8a2c8/element - {"using":"xpath","value":"//a[contains(@data-kt ,\"ContextMenuId2Link\")]"}
RESULT: {"using":"xpath","value":"//a[contains(@data-kt ,\"ContextMenuId2Link\")]"}
COMMAND: POST /session/17938e7f8541bcff555766d2bec8a2c8/element/f.0F1FAEEE2861019DFD6915B8D9C967AD.d.DF618D39EA60E6AC37D74391EF8F599F.e.19182/click - {}
COMMAND: POST /session/17938e7f8541bcff555766d2bec8a2c8/element - {"using":"xpath","value":"//a[contains(@data-kt ,\"ContextMenuId2Link\")]"}
RESULT: {"using":"xpath","value":"//a[contains(@data-kt ,\"ContextMenuId2Link\")]"}
COMMAND: POST /session/17938e7f8541bcff555766d2bec8a2c8/element/f.0F1FAEEE2861019DFD6915B8D9C967AD.d.971A85E2377E60E8A115D6CCD11317C1.e.20070/click - {}
RESULT: {}
COMMAND: GET /session/17938e7f8541bcff555766d2bec8a2c8/screenshot - {}
RESULT: {}
COMMAND: POST /session/17938e7f8541bcff555766d2bec8a2c8/execute/async - {"script":"<script> [1562 bytes]","args":[{"selector":{"controlType":"sap.m.ObjectStatus","viewName":"etm.portal.ui.managecontracts.view.Detail","bindingPath":{"propertyPath":"LINK_TO_COMMERCIAL_STATUS/DESCRIPTION","modelName":"catalogModel"}},"wdio_ui5_key":"etmportal.ui.managecontracts.view.Detailsap.m.ObjectStatus{\"propertyPath\":\"LINK_TO_COMMERCIAL_STATUS/DESCRIPTION\",\"modelName\":\"catalogModel\"}"}]}
RESULT: {"script":"<script> [1562 bytes]","args":[{"selector":{"controlType":"sap.m.ObjectStatus","viewName":"etm.portal.ui.managecontracts.view.Detail","bindingPath":{"propertyPath":"LINK_TO_COMMERCIAL_STATUS/DESCRIPTION","modelName":"catalogModel"}},"wdio_ui5_key":"etmportal.ui.managecontracts.view.Detailsap.m.ObjectStatus{\"propertyPath\":\"LINK_TO_COMMERCIAL_STATUS/DESCRIPTION\",\"modelName\":\"catalogModel\"}"}]}
RESULT: undefined
COMMAND: POST /session/17938e7f8541bcff555766d2bec8a2c8/execute/async - {"script":"<script> [6424 bytes]","args":[{"element-6066-11e4-a52e-4f735466cecf":"f.0F1FAEEE2861019DFD6915B8D9C967AD.d.971A85E2377E60E8A115D6CCD11317C1.e.20307"},"getText",[]]}
RESULT: {"script":"<script> [6424 bytes]","args":[{"element-6066-11e4-a52e-4f735466cecf":"f.0F1FAEEE2861019DFD6915B8D9C967AD.d.971A85E2377E60E8A115D6CCD11317C1.e.20307"},"getText",[]]}
COMMAND: POST /session/17938e7f8541bcff555766d2bec8a2c8/execute/async - {"script":"<script> [1562 bytes]","args":[{"selector":{"controlType":"sap.m.ObjectStatus","viewName":"etm.portal.ui.managecontracts.view.Detail","bindingPath":{"propertyPath":"LINK_TO_LOGISTICAL_STATUS/DESCRIPTION","modelName":"catalogModel"}},"wdio_ui5_key":"etmportal.ui.managecontracts.view.Detailsap.m.ObjectStatus{\"propertyPath\":\"LINK_TO_LOGISTICAL_STATUS/DESCRIPTION\",\"modelName\":\"catalogModel\"}"}]}
RESULT: {"script":"<script> [1562 bytes]","args":[{"selector":{"controlType":"sap.m.ObjectStatus","viewName":"etm.portal.ui.managecontracts.view.Detail","bindingPath":{"propertyPath":"LINK_TO_LOGISTICAL_STATUS/DESCRIPTION","modelName":"catalogModel"}},"wdio_ui5_key":"etmportal.ui.managecontracts.view.Detailsap.m.ObjectStatus{\"propertyPath\":\"LINK_TO_LOGISTICAL_STATUS/DESCRIPTION\",\"modelName\":\"catalogModel\"}"}]}
RESULT: undefined
COMMAND: POST /session/17938e7f8541bcff555766d2bec8a2c8/execute/async - {"script":"<script> [6424 bytes]","args":[{"element-6066-11e4-a52e-4f735466cecf":"f.0F1FAEEE2861019DFD6915B8D9C967AD.d.971A85E2377E60E8A115D6CCD11317C1.e.20308"},"getText",[]]}
RESULT: {"script":"<script> [6424 bytes]","args":[{"element-6066-11e4-a52e-4f735466cecf":"f.0F1FAEEE2861019DFD6915B8D9C967AD.d.971A85E2377E60E8A115D6CCD11317C1.e.20308"},"getText",[]]}
COMMAND: POST /session/17938e7f8541bcff555766d2bec8a2c8/element - {"using":"xpath","value":"//button[@data-kt=\"contractDetailEditBtnButton\"]"}
RESULT: {"using":"xpath","value":"//button[@data-kt=\"contractDetailEditBtnButton\"]"}
COMMAND: POST /session/17938e7f8541bcff555766d2bec8a2c8/element/f.0F1FAEEE2861019DFD6915B8D9C967AD.d.971A85E2377E60E8A115D6CCD11317C1.e.20130/click - {}
RESULT: {}
COMMAND: GET /session/17938e7f8541bcff555766d2bec8a2c8/screenshot - {}
RESULT: {}
COMMAND: POST /session/17938e7f8541bcff555766d2bec8a2c8/element - {"using":"xpath","value":"(//span[contains(text(), \"Additional Addresses\")])[2]"}
RESULT: {"using":"xpath","value":"(//span[contains(text(), \"Additional Addresses\")])[2]"}
COMMAND: POST /session/17938e7f8541bcff555766d2bec8a2c8/element/f.0F1FAEEE2861019DFD6915B8D9C967AD.d.971A85E2377E60E8A115D6CCD11317C1.e.20368/click - {}
RESULT: {}
COMMAND: GET /session/17938e7f8541bcff555766d2bec8a2c8/screenshot - {}
RESULT: {}
COMMAND: POST /session/17938e7f8541bcff555766d2bec8a2c8/element - {"using":"xpath","value":"//button[@data-kt=\"btnAddTableRowOverflowToolbarButton\"]"}
RESULT: {"using":"xpath","value":"//button[@data-kt=\"btnAddTableRowOverflowToolbarButton\"]"}
COMMAND: POST /session/17938e7f8541bcff555766d2bec8a2c8/element/f.0F1FAEEE2861019DFD6915B8D9C967AD.d.971A85E2377E60E8A115D6CCD11317C1.e.20370/click - {}
RESULT: {}
COMMAND: GET /session/17938e7f8541bcff555766d2bec8a2c8/screenshot - {}
RESULT: {}
COMMAND: POST /session/17938e7f8541bcff555766d2bec8a2c8/element - {"using":"xpath","value":"//div[(text() = 'Standard Entry' or . = 'Standard Entry')]"}
RESULT: {"using":"xpath","value":"//div[(text() = 'Standard Entry' or . = 'Standard Entry')]"}
COMMAND: POST /session/17938e7f8541bcff555766d2bec8a2c8/element/f.0F1FAEEE2861019DFD6915B8D9C967AD.d.971A85E2377E60E8A115D6CCD11317C1.e.20372/click - {}
RESULT: {}
COMMAND: POST /session/17938e7f8541bcff555766d2bec8a2c8/execute/async - {"script":"<script> [1562 bytes]","args":[{"selector":{"controlType":"sap.ui.core.Icon","viewName":"etm.portal.ui.managecontracts.view.EditContract","properties":{"src":{"regex":{"source":"slim\\-arrow\\-down"}}},"ancestor":{"controlType":"sap.m.ComboBox","viewName":"etm.portal.ui.managecontracts.view.EditContract","bindingPath":{"propertyPath":"RU_TYPE","modelName":"catalogModel"}}},"wdio_ui5_key":"etmportal.ui.managecontracts.view.EditContractsap.ui.core.Icon{\"src\":{\"regex\":{\"source\":\"slim\\\\-arrow\\\\-down\"}}}{\"controlType\":\"sap.m.ComboBox\",\"viewName\":\"etm.portal.ui.managecontracts.view.EditContract\",\"bindingPath\":{\"propertyPath\":\"RU_TYPE\",\"modelName\":\"catalogModel\"}}"}]}
COMMAND: GET /session/17938e7f8541bcff555766d2bec8a2c8/screenshot - {}
RESULT: {"script":"<script> [1562 bytes]","args":[{"selector":{"controlType":"sap.ui.core.Icon","viewName":"etm.portal.ui.managecontracts.view.EditContract","properties":{"src":{"regex":{"source":"slim\\-arrow\\-down"}}},"ancestor":{"controlType":"sap.m.ComboBox","viewName":"etm.portal.ui.managecontracts.view.EditContract","bindingPath":{"propertyPath":"RU_TYPE","modelName":"catalogModel"}}},"wdio_ui5_key":"etmportal.ui.managecontracts.view.EditContractsap.ui.core.Icon{\"src\":{\"regex\":{\"source\":\"slim\\\\-arrow\\\\-down\"}}}{\"controlType\":\"sap.m.ComboBox\",\"viewName\":\"etm.portal.ui.managecontracts.view.EditContract\",\"bindingPath\":{\"propertyPath\":\"RU_TYPE\",\"modelName\":\"catalogModel\"}}"}]}
RESULT: undefined
COMMAND: POST /session/17938e7f8541bcff555766d2bec8a2c8/element - {"using":"xpath","value":"//*[@id=\"__box19-arrow\"]"}
RESULT: {}
RESULT: {"using":"xpath","value":"//*[@id=\"__box19-arrow\"]"}
COMMAND: POST /session/17938e7f8541bcff555766d2bec8a2c8/element/f.0F1FAEEE2861019DFD6915B8D9C967AD.d.971A85E2377E60E8A115D6CCD11317C1.e.20387/click - {}
RESULT: {}
COMMAND: POST /session/17938e7f8541bcff555766d2bec8a2c8/execute/async - {"script":"<script> [1562 bytes]","args":[{"selector":{"controlType":"sap.m.StandardListItem","viewName":"etm.portal.ui.managecontracts.view.EditContract","properties":{"title":"Material"},"searchOpenDialogs":true,"interaction":{"idSuffix":"content"}},"wdio_ui5_key":"etmportal.ui.managecontracts.view.EditContractsap.m.StandardListItem{\"title\":\"Material\"}"}]}
COMMAND: GET /session/17938e7f8541bcff555766d2bec8a2c8/screenshot - {}
RESULT: {"script":"<script> [1562 bytes]","args":[{"selector":{"controlType":"sap.m.StandardListItem","viewName":"etm.portal.ui.managecontracts.view.EditContract","properties":{"title":"Material"},"searchOpenDialogs":true,"interaction":{"idSuffix":"content"}},"wdio_ui5_key":"etmportal.ui.managecontracts.view.EditContractsap.m.StandardListItem{\"title\":\"Material\"}"}]}
RESULT: undefined
COMMAND: POST /session/17938e7f8541bcff555766d2bec8a2c8/element - {"using":"xpath","value":"//*[@id=\"__item94\"]"}
RESULT: {}
RESULT: {"using":"xpath","value":"//*[@id=\"__item94\"]"}
COMMAND: POST /session/17938e7f8541bcff555766d2bec8a2c8/element/f.0F1FAEEE2861019DFD6915B8D9C967AD.d.971A85E2377E60E8A115D6CCD11317C1.e.20390/click - {}
RESULT: {}
COMMAND: POST /session/17938e7f8541bcff555766d2bec8a2c8/element - {"using":"xpath","value":"//td[7]/div/div/input"}
COMMAND: GET /session/17938e7f8541bcff555766d2bec8a2c8/screenshot - {}
RESULT: {"using":"xpath","value":"//td[7]/div/div/input"}
COMMAND: POST /session/17938e7f8541bcff555766d2bec8a2c8/element/f.0F1FAEEE2861019DFD6915B8D9C967AD.d.971A85E2377E60E8A115D6CCD11317C1.e.20393/clear - {}
RESULT: {}
RESULT: {}
COMMAND: POST /session/17938e7f8541bcff555766d2bec8a2c8/element/f.0F1FAEEE2861019DFD6915B8D9C967AD.d.971A85E2377E60E8A115D6CCD11317C1.e.20393/value - {"text":"WebdriverMatTest4svea"}
COMMAND: GET /session/17938e7f8541bcff555766d2bec8a2c8/screenshot - {}
RESULT: {"text":"WebdriverMatTest4svea"}
COMMAND: GET /session/17938e7f8541bcff555766d2bec8a2c8/screenshot - {}
RESULT: {}
RESULT: {}
COMMAND: POST /session/17938e7f8541bcff555766d2bec8a2c8/actions - {"actions":[{"id":"action90","type":"key","parameters":{},"actions":[{"type":"keyDown","value":"î€‡"},{"type":"pause","duration":10},{"type":"keyUp","value":"î€‡"}]}]}
RESULT: {"actions":[{"id":"action90","type":"key","parameters":{},"actions":[{"type":"keyDown","value":"î€‡"},{"type":"pause","duration":10},{"type":"keyUp","value":"î€‡"}]}]}
COMMAND: GET /session/17938e7f8541bcff555766d2bec8a2c8/screenshot - {}
RESULT: {}
COMMAND: POST /session/17938e7f8541bcff555766d2bec8a2c8/element - {"using":"xpath","value":"//button[@data-kt=\"saveButton\"]"}
RESULT: {"using":"xpath","value":"//button[@data-kt=\"saveButton\"]"}
COMMAND: POST /session/17938e7f8541bcff555766d2bec8a2c8/element/f.0F1FAEEE2861019DFD6915B8D9C967AD.d.971A85E2377E60E8A115D6CCD11317C1.e.20416/click - {}
RESULT: {}
COMMAND: GET /session/17938e7f8541bcff555766d2bec8a2c8/screenshot - {}
RESULT: {}
RESULT: undefined
COMMAND: POST /session/17938e7f8541bcff555766d2bec8a2c8/execute/async - {"script":"<script> [6424 bytes]","args":[{"element-6066-11e4-a52e-4f735466cecf":"f.0F1FAEEE2861019DFD6915B8D9C967AD.d.971A85E2377E60E8A115D6CCD11317C1.e.20308"},"getText",[]]}
RESULT: {"script":"<script> [6424 bytes]","args":[{"element-6066-11e4-a52e-4f735466cecf":"f.0F1FAEEE2861019DFD6915B8D9C967AD.d.971A85E2377E60E8A115D6CCD11317C1.e.20308"},"getText",[]]}
COMMAND: DELETE /session/17938e7f8541bcff555766d2bec8a2c8 - {}
RESULT: {}
]]></system-out>
    </testcase>
  </testsuite>
</testsuites>