<?xml version="1.0" encoding="UTF-8"?>
<testsuites tests="15" failures="5" errors="5" skipped="0">
  <testsuite timestamp="2025-06-04T05:43:50" time="832.575" tests="9" failures="5" errors="5" skipped="0">
    <properties>
      <property name="specId" value="0" />
      <property name="suiteName" value="Prerequisites &amp; test for yard mass return on Yard Overview US131057" />
      <property name="capabilities" value="chrome.136_0_7103_93.windows" />
      <property name="file" value="file:///D:/a/1/s/test/specs/HTR/yard-mass-return.spec.js" />
    </properties>
    <testcase classname="chrome.136_0_7103_93.windows.Prerequisites_&amp;_test_for_yard_mass_return_on_Yard_Overview_US131057" name="Prereq Should create a new yard used for all following tests" time="113.752">
      <system-out><![CDATA[
COMMAND: POST /session/fd980d4c89ba2068ef27cc02fb238359/window/fullscreen - {}
RESULT: {}
COMMAND: POST /session/fd980d4c89ba2068ef27cc02fb238359/execute/async - {"script":"<script> [1562 bytes]","args":[{"selector":{"controlType":"sap.m.GenericTile","properties":{"header":"Manage Yards"}},"wdio_ui5_key":"sapm.GenericTile{\"header\":\"Manage Yards\"}"}]}
RESULT: {"script":"<script> [1562 bytes]","args":[{"selector":{"controlType":"sap.m.GenericTile","properties":{"header":"Manage Yards"}},"wdio_ui5_key":"sapm.GenericTile{\"header\":\"Manage Yards\"}"}]}
RESULT: undefined
COMMAND: POST /session/fd980d4c89ba2068ef27cc02fb238359/element - {"using":"xpath","value":"//*[@id=\"__tile41\"]"}
RESULT: {"using":"xpath","value":"//*[@id=\"__tile41\"]"}
COMMAND: POST /session/fd980d4c89ba2068ef27cc02fb238359/element/f.D12FFF457A26405181F15BE3B17219F1.d.FC8A074093923DA36D8A7EBAC21B2405.e.152/click - {}
RESULT: {}
COMMAND: GET /session/fd980d4c89ba2068ef27cc02fb238359/screenshot - {}
RESULT: {}
COMMAND: POST /session/fd980d4c89ba2068ef27cc02fb238359/elements - {"using":"xpath","value":"//span[text()='Error']"}
RESULT: {"using":"xpath","value":"//span[text()='Error']"}
COMMAND: POST /session/fd980d4c89ba2068ef27cc02fb238359/element - {"using":"xpath","value":"//button[@data-kt=\"addNewYardOverflowToolbarButton\"]"}
RESULT: {"using":"xpath","value":"//button[@data-kt=\"addNewYardOverflowToolbarButton\"]"}
COMMAND: POST /session/fd980d4c89ba2068ef27cc02fb238359/elements - {"using":"xpath","value":"//button[@data-kt=\"addNewYardOverflowToolbarButton\"]"}
RESULT: {"using":"xpath","value":"//button[@data-kt=\"addNewYardOverflowToolbarButton\"]"}
COMMAND: POST /session/fd980d4c89ba2068ef27cc02fb238359/execute/sync - {"script":"<script> [8489 bytes]","args":[{"element-6066-11e4-a52e-4f735466cecf":"f.D12FFF457A26405181F15BE3B17219F1.d.FC8A074093923DA36D8A7EBAC21B2405.e.291","ELEMENT":"f.D12FFF457A26405181F15BE3B17219F1.d.FC8A074093923DA36D8A7EBAC21B2405.e.291"}]}
RESULT: {"script":"<script> [8489 bytes]","args":[{"element-6066-11e4-a52e-4f735466cecf":"f.D12FFF457A26405181F15BE3B17219F1.d.FC8A074093923DA36D8A7EBAC21B2405.e.291","ELEMENT":"f.D12FFF457A26405181F15BE3B17219F1.d.FC8A074093923DA36D8A7EBAC21B2405.e.291"}]}
COMMAND: GET /session/fd980d4c89ba2068ef27cc02fb238359/element/f.D12FFF457A26405181F15BE3B17219F1.d.FC8A074093923DA36D8A7EBAC21B2405.e.291/enabled - {}
COMMAND: GET /session/fd980d4c89ba2068ef27cc02fb238359/screenshot - {}
RESULT: {}
COMMAND: POST /session/fd980d4c89ba2068ef27cc02fb238359/execute/sync - {"script":"<script> [8489 bytes]","args":[{"element-6066-11e4-a52e-4f735466cecf":"f.D12FFF457A26405181F15BE3B17219F1.d.FC8A074093923DA36D8A7EBAC21B2405.e.291","ELEMENT":"f.D12FFF457A26405181F15BE3B17219F1.d.FC8A074093923DA36D8A7EBAC21B2405.e.291"}]}
COMMAND: GET /session/fd980d4c89ba2068ef27cc02fb238359/screenshot - {}
RESULT: {}
RESULT: {"script":"<script> [8489 bytes]","args":[{"element-6066-11e4-a52e-4f735466cecf":"f.D12FFF457A26405181F15BE3B17219F1.d.FC8A074093923DA36D8A7EBAC21B2405.e.291","ELEMENT":"f.D12FFF457A26405181F15BE3B17219F1.d.FC8A074093923DA36D8A7EBAC21B2405.e.291"}]}
COMMAND: POST /session/fd980d4c89ba2068ef27cc02fb238359/execute/sync - {"script":"<script> [5351 bytes]","args":[{"element-6066-11e4-a52e-4f735466cecf":"f.D12FFF457A26405181F15BE3B17219F1.d.FC8A074093923DA36D8A7EBAC21B2405.e.291","ELEMENT":"f.D12FFF457A26405181F15BE3B17219F1.d.FC8A074093923DA36D8A7EBAC21B2405.e.291"}]}
COMMAND: GET /session/fd980d4c89ba2068ef27cc02fb238359/screenshot - {}
RESULT: {}
RESULT: {"script":"<script> [5351 bytes]","args":[{"element-6066-11e4-a52e-4f735466cecf":"f.D12FFF457A26405181F15BE3B17219F1.d.FC8A074093923DA36D8A7EBAC21B2405.e.291","ELEMENT":"f.D12FFF457A26405181F15BE3B17219F1.d.FC8A074093923DA36D8A7EBAC21B2405.e.291"}]}
COMMAND: POST /session/fd980d4c89ba2068ef27cc02fb238359/element/f.D12FFF457A26405181F15BE3B17219F1.d.FC8A074093923DA36D8A7EBAC21B2405.e.291/click - {}
COMMAND: GET /session/fd980d4c89ba2068ef27cc02fb238359/screenshot - {}
RESULT: {}
RESULT: {}
COMMAND: GET /session/fd980d4c89ba2068ef27cc02fb238359/screenshot - {}
RESULT: {}
RESULT: {}
COMMAND: POST /session/fd980d4c89ba2068ef27cc02fb238359/element - {"using":"xpath","value":"//input[@id=\"application-manageyards-display-component---NewYard--yardId-inner\"]"}
RESULT: {"using":"xpath","value":"//input[@id=\"application-manageyards-display-component---NewYard--yardId-inner\"]"}
COMMAND: POST /session/fd980d4c89ba2068ef27cc02fb238359/element - {"using":"xpath","value":"//input[@id=\"application-manageyards-display-component---NewYard--yardId-inner\"]"}
RESULT: {"using":"xpath","value":"//input[@id=\"application-manageyards-display-component---NewYard--yardId-inner\"]"}
COMMAND: POST /session/fd980d4c89ba2068ef27cc02fb238359/execute/async - {"script":"<script> [1562 bytes]","args":[{"selector":{"id":"application-manageyards-display-component---NewYard--addressDetailDetailsName1","interaction":{"idSuffix":"inner"}},"wdio_ui5_key":"applicationmanageyards-display-component---NewYard--addressDetailDetailsName1"}]}
RESULT: {"script":"<script> [1562 bytes]","args":[{"selector":{"id":"application-manageyards-display-component---NewYard--addressDetailDetailsName1","interaction":{"idSuffix":"inner"}},"wdio_ui5_key":"applicationmanageyards-display-component---NewYard--addressDetailDetailsName1"}]}
RESULT: undefined
COMMAND: POST /session/fd980d4c89ba2068ef27cc02fb238359/execute/async - {"script":"<script> [776 bytes]","args":[{"enterText":"Other Yard WDIO","selector":{"id":"application-manageyards-display-component---NewYard--addressDetailDetailsName1","interaction":{"idSuffix":"inner"}},"clearTextFirst":true,"interactionType":"ENTER_TEXT"}]}
RESULT: {"script":"<script> [776 bytes]","args":[{"enterText":"Other Yard WDIO","selector":{"id":"application-manageyards-display-component---NewYard--addressDetailDetailsName1","interaction":{"idSuffix":"inner"}},"clearTextFirst":true,"interactionType":"ENTER_TEXT"}]}
COMMAND: POST /session/fd980d4c89ba2068ef27cc02fb238359/execute/async - {"script":"<script> [1562 bytes]","args":[{"selector":{"id":"application-manageyards-display-component---NewYard--addressDetailDetailsLanguage-arrow"},"wdio_ui5_key":"applicationmanageyards-display-component---NewYard--addressDetailDetailsLanguage-arrow"}]}
RESULT: {"script":"<script> [1562 bytes]","args":[{"selector":{"id":"application-manageyards-display-component---NewYard--addressDetailDetailsLanguage-arrow"},"wdio_ui5_key":"applicationmanageyards-display-component---NewYard--addressDetailDetailsLanguage-arrow"}]}
RESULT: undefined
COMMAND: POST /session/fd980d4c89ba2068ef27cc02fb238359/element - {"using":"xpath","value":"//*[@id=\"application-manageyards-display-component---NewYard--addressDetailDetailsLanguage-arrow\"]"}
RESULT: {"using":"xpath","value":"//*[@id=\"application-manageyards-display-component---NewYard--addressDetailDetailsLanguage-arrow\"]"}
COMMAND: POST /session/fd980d4c89ba2068ef27cc02fb238359/element/f.D12FFF457A26405181F15BE3B17219F1.d.FC8A074093923DA36D8A7EBAC21B2405.e.730/click - {}
RESULT: {}
COMMAND: POST /session/fd980d4c89ba2068ef27cc02fb238359/element - {"using":"xpath","value":"//span[contains(text(), \"English\")]"}
COMMAND: GET /session/fd980d4c89ba2068ef27cc02fb238359/screenshot - {}
RESULT: {"using":"xpath","value":"//span[contains(text(), \"English\")]"}
COMMAND: POST /session/fd980d4c89ba2068ef27cc02fb238359/element/f.D12FFF457A26405181F15BE3B17219F1.d.FC8A074093923DA36D8A7EBAC21B2405.e.731/click - {}
RESULT: {}
RESULT: {}
COMMAND: POST /session/fd980d4c89ba2068ef27cc02fb238359/execute/async - {"script":"<script> [1562 bytes]","args":[{"selector":{"id":"application-manageyards-display-component---NewYard--addressDetailDetailsCity1","interaction":{"idSuffix":"inner"}},"wdio_ui5_key":"applicationmanageyards-display-component---NewYard--addressDetailDetailsCity1"}]}
COMMAND: GET /session/fd980d4c89ba2068ef27cc02fb238359/screenshot - {}
RESULT: {"script":"<script> [1562 bytes]","args":[{"selector":{"id":"application-manageyards-display-component---NewYard--addressDetailDetailsCity1","interaction":{"idSuffix":"inner"}},"wdio_ui5_key":"applicationmanageyards-display-component---NewYard--addressDetailDetailsCity1"}]}
RESULT: undefined
COMMAND: POST /session/fd980d4c89ba2068ef27cc02fb238359/execute/async - {"script":"<script> [776 bytes]","args":[{"enterText":"Rosario","selector":{"id":"application-manageyards-display-component---NewYard--addressDetailDetailsCity1","interaction":{"idSuffix":"inner"}},"clearTextFirst":true,"interactionType":"ENTER_TEXT"}]}
RESULT: {}
RESULT: {"script":"<script> [776 bytes]","args":[{"enterText":"Rosario","selector":{"id":"application-manageyards-display-component---NewYard--addressDetailDetailsCity1","interaction":{"idSuffix":"inner"}},"clearTextFirst":true,"interactionType":"ENTER_TEXT"}]}
COMMAND: POST /session/fd980d4c89ba2068ef27cc02fb238359/execute/async - {"script":"<script> [1562 bytes]","args":[{"selector":{"id":"application-manageyards-display-component---NewYard--addressDetailDetailsCountry-arrow"},"wdio_ui5_key":"applicationmanageyards-display-component---NewYard--addressDetailDetailsCountry-arrow"}]}
RESULT: {"script":"<script> [1562 bytes]","args":[{"selector":{"id":"application-manageyards-display-component---NewYard--addressDetailDetailsCountry-arrow"},"wdio_ui5_key":"applicationmanageyards-display-component---NewYard--addressDetailDetailsCountry-arrow"}]}
RESULT: undefined
COMMAND: POST /session/fd980d4c89ba2068ef27cc02fb238359/element - {"using":"xpath","value":"//*[@id=\"application-manageyards-display-component---NewYard--addressDetailDetailsCountry-arrow\"]"}
RESULT: {"using":"xpath","value":"//*[@id=\"application-manageyards-display-component---NewYard--addressDetailDetailsCountry-arrow\"]"}
COMMAND: POST /session/fd980d4c89ba2068ef27cc02fb238359/element/f.D12FFF457A26405181F15BE3B17219F1.d.FC8A074093923DA36D8A7EBAC21B2405.e.733/click - {}
RESULT: {}
COMMAND: POST /session/fd980d4c89ba2068ef27cc02fb238359/element - {"using":"xpath","value":"//span[contains(text(), \"Argentina\")]"}
COMMAND: GET /session/fd980d4c89ba2068ef27cc02fb238359/screenshot - {}
RESULT: {"using":"xpath","value":"//span[contains(text(), \"Argentina\")]"}
COMMAND: POST /session/fd980d4c89ba2068ef27cc02fb238359/element/f.D12FFF457A26405181F15BE3B17219F1.d.FC8A074093923DA36D8A7EBAC21B2405.e.734/click - {}
RESULT: {}
RESULT: {}
COMMAND: POST /session/fd980d4c89ba2068ef27cc02fb238359/execute/async - {"script":"<script> [1562 bytes]","args":[{"selector":{"id":"application-manageyards-display-component---NewYard--addressEditDetailsCostObjectCstType-arrow"},"wdio_ui5_key":"applicationmanageyards-display-component---NewYard--addressEditDetailsCostObjectCstType-arrow"}]}
COMMAND: GET /session/fd980d4c89ba2068ef27cc02fb238359/screenshot - {}
RESULT: {"script":"<script> [1562 bytes]","args":[{"selector":{"id":"application-manageyards-display-component---NewYard--addressEditDetailsCostObjectCstType-arrow"},"wdio_ui5_key":"applicationmanageyards-display-component---NewYard--addressEditDetailsCostObjectCstType-arrow"}]}
RESULT: undefined
COMMAND: POST /session/fd980d4c89ba2068ef27cc02fb238359/element - {"using":"xpath","value":"//*[@id=\"application-manageyards-display-component---NewYard--addressEditDetailsCostObjectCstType-arrow\"]"}
RESULT: {}
RESULT: {"using":"xpath","value":"//*[@id=\"application-manageyards-display-component---NewYard--addressEditDetailsCostObjectCstType-arrow\"]"}
COMMAND: POST /session/fd980d4c89ba2068ef27cc02fb238359/element/f.D12FFF457A26405181F15BE3B17219F1.d.FC8A074093923DA36D8A7EBAC21B2405.e.736/click - {}
RESULT: {}
COMMAND: POST /session/fd980d4c89ba2068ef27cc02fb238359/element - {"using":"xpath","value":"//span[contains(text(), \"Cost Center\")]"}
COMMAND: GET /session/fd980d4c89ba2068ef27cc02fb238359/screenshot - {}
RESULT: {"using":"xpath","value":"//span[contains(text(), \"Cost Center\")]"}
COMMAND: POST /session/fd980d4c89ba2068ef27cc02fb238359/element/f.D12FFF457A26405181F15BE3B17219F1.d.FC8A074093923DA36D8A7EBAC21B2405.e.737/click - {}
RESULT: {}
RESULT: {}
COMMAND: GET /session/fd980d4c89ba2068ef27cc02fb238359/screenshot - {}
RESULT: {}
COMMAND: POST /session/fd980d4c89ba2068ef27cc02fb238359/element - {"using":"xpath","value":"//span[@id=\"application-manageyards-display-component---NewYard--addressNewCostObjectCstID-vhi\"]"}
RESULT: {"using":"xpath","value":"//span[@id=\"application-manageyards-display-component---NewYard--addressNewCostObjectCstID-vhi\"]"}
COMMAND: POST /session/fd980d4c89ba2068ef27cc02fb238359/execute/sync - {"script":"<script> [8489 bytes]","args":[{"element-6066-11e4-a52e-4f735466cecf":"f.D12FFF457A26405181F15BE3B17219F1.d.FC8A074093923DA36D8A7EBAC21B2405.e.741","ELEMENT":"f.D12FFF457A26405181F15BE3B17219F1.d.FC8A074093923DA36D8A7EBAC21B2405.e.741"}]}
RESULT: {"script":"<script> [8489 bytes]","args":[{"element-6066-11e4-a52e-4f735466cecf":"f.D12FFF457A26405181F15BE3B17219F1.d.FC8A074093923DA36D8A7EBAC21B2405.e.741","ELEMENT":"f.D12FFF457A26405181F15BE3B17219F1.d.FC8A074093923DA36D8A7EBAC21B2405.e.741"}]}
COMMAND: POST /session/fd980d4c89ba2068ef27cc02fb238359/execute/async - {"script":"<script> [1562 bytes]","args":[{"selector":{"id":"application-manageyards-display-component---NewYard--addressNewCostObjectCstID-vhi"},"wdio_ui5_key":"applicationmanageyards-display-component---NewYard--addressNewCostObjectCstID-vhi"}]}
COMMAND: GET /session/fd980d4c89ba2068ef27cc02fb238359/screenshot - {}
RESULT: {"script":"<script> [1562 bytes]","args":[{"selector":{"id":"application-manageyards-display-component---NewYard--addressNewCostObjectCstID-vhi"},"wdio_ui5_key":"applicationmanageyards-display-component---NewYard--addressNewCostObjectCstID-vhi"}]}
RESULT: undefined
COMMAND: POST /session/fd980d4c89ba2068ef27cc02fb238359/element - {"using":"xpath","value":"//*[@id=\"application-manageyards-display-component---NewYard--addressNewCostObjectCstID-vhi\"]"}
RESULT: {}
RESULT: {"using":"xpath","value":"//*[@id=\"application-manageyards-display-component---NewYard--addressNewCostObjectCstID-vhi\"]"}
COMMAND: POST /session/fd980d4c89ba2068ef27cc02fb238359/element/f.D12FFF457A26405181F15BE3B17219F1.d.FC8A074093923DA36D8A7EBAC21B2405.e.741/click - {}
RESULT: {}
COMMAND: GET /session/fd980d4c89ba2068ef27cc02fb238359/screenshot - {}
RESULT: {}
COMMAND: POST /session/fd980d4c89ba2068ef27cc02fb238359/execute/async - {"script":"<script> [1562 bytes]","args":[{"selector":{"controlType":"sap.m.SearchField","properties":{"placeholder":"Search"},"searchOpenDialogs":true,"interaction":{"idSuffix":"I"}},"wdio_ui5_key":"sapm.SearchField{\"placeholder\":\"Search\"}"}]}
RESULT: {"script":"<script> [1562 bytes]","args":[{"selector":{"controlType":"sap.m.SearchField","properties":{"placeholder":"Search"},"searchOpenDialogs":true,"interaction":{"idSuffix":"I"}},"wdio_ui5_key":"sapm.SearchField{\"placeholder\":\"Search\"}"}]}
RESULT: undefined
COMMAND: POST /session/fd980d4c89ba2068ef27cc02fb238359/execute/async - {"script":"<script> [776 bytes]","args":[{"enterText":"bauh_b","selector":{"controlType":"sap.m.SearchField","properties":{"placeholder":"Search"},"searchOpenDialogs":true,"interaction":{"idSuffix":"I"}},"clearTextFirst":true,"interactionType":"ENTER_TEXT"}]}
RESULT: {"script":"<script> [776 bytes]","args":[{"enterText":"bauh_b","selector":{"controlType":"sap.m.SearchField","properties":{"placeholder":"Search"},"searchOpenDialogs":true,"interaction":{"idSuffix":"I"}},"clearTextFirst":true,"interactionType":"ENTER_TEXT"}]}
COMMAND: POST /session/fd980d4c89ba2068ef27cc02fb238359/actions - {"actions":[{"id":"action1","type":"key","parameters":{},"actions":[{"type":"keyDown","value":"î€‡"},{"type":"pause","duration":10},{"type":"keyUp","value":"î€‡"}]}]}
RESULT: {"actions":[{"id":"action1","type":"key","parameters":{},"actions":[{"type":"keyDown","value":"î€‡"},{"type":"pause","duration":10},{"type":"keyUp","value":"î€‡"}]}]}
COMMAND: GET /session/fd980d4c89ba2068ef27cc02fb238359/screenshot - {}
RESULT: {}
COMMAND: POST /session/fd980d4c89ba2068ef27cc02fb238359/element - {"using":"xpath","value":"//span[contains(text(), \"Demo Yard\")]"}
RESULT: {"using":"xpath","value":"//span[contains(text(), \"Demo Yard\")]"}
COMMAND: POST /session/fd980d4c89ba2068ef27cc02fb238359/element/f.D12FFF457A26405181F15BE3B17219F1.d.FC8A074093923DA36D8A7EBAC21B2405.e.781/click - {}
RESULT: {}
COMMAND: GET /session/fd980d4c89ba2068ef27cc02fb238359/screenshot - {}
RESULT: {}
COMMAND: POST /session/fd980d4c89ba2068ef27cc02fb238359/element - {"using":"xpath","value":"//bdi[contains(text(), \"OK\")]"}
RESULT: {"using":"xpath","value":"//bdi[contains(text(), \"OK\")]"}
COMMAND: POST /session/fd980d4c89ba2068ef27cc02fb238359/element/f.D12FFF457A26405181F15BE3B17219F1.d.FC8A074093923DA36D8A7EBAC21B2405.e.782/click - {}
RESULT: {}
COMMAND: GET /session/fd980d4c89ba2068ef27cc02fb238359/screenshot - {}
RESULT: {}
COMMAND: POST /session/fd980d4c89ba2068ef27cc02fb238359/execute/async - {"script":"<script> [1562 bytes]","args":[{"selector":{"id":"application-manageyards-display-component---NewYard--addressEditDetailsCurrency-arrow"},"wdio_ui5_key":"applicationmanageyards-display-component---NewYard--addressEditDetailsCurrency-arrow"}]}
RESULT: {"script":"<script> [1562 bytes]","args":[{"selector":{"id":"application-manageyards-display-component---NewYard--addressEditDetailsCurrency-arrow"},"wdio_ui5_key":"applicationmanageyards-display-component---NewYard--addressEditDetailsCurrency-arrow"}]}
RESULT: undefined
COMMAND: POST /session/fd980d4c89ba2068ef27cc02fb238359/element - {"using":"xpath","value":"//*[@id=\"application-manageyards-display-component---NewYard--addressEditDetailsCurrency-arrow\"]"}
RESULT: {"using":"xpath","value":"//*[@id=\"application-manageyards-display-component---NewYard--addressEditDetailsCurrency-arrow\"]"}
COMMAND: POST /session/fd980d4c89ba2068ef27cc02fb238359/element/f.D12FFF457A26405181F15BE3B17219F1.d.FC8A074093923DA36D8A7EBAC21B2405.e.785/click - {}
RESULT: {}
COMMAND: POST /session/fd980d4c89ba2068ef27cc02fb238359/element - {"using":"xpath","value":"//span[contains(text(), \"Euro\")]"}
COMMAND: GET /session/fd980d4c89ba2068ef27cc02fb238359/screenshot - {}
RESULT: {"using":"xpath","value":"//span[contains(text(), \"Euro\")]"}
COMMAND: POST /session/fd980d4c89ba2068ef27cc02fb238359/element/f.D12FFF457A26405181F15BE3B17219F1.d.FC8A074093923DA36D8A7EBAC21B2405.e.786/click - {}
RESULT: {}
RESULT: {}
COMMAND: POST /session/fd980d4c89ba2068ef27cc02fb238359/execute/async - {"script":"<script> [1562 bytes]","args":[{"selector":{"controlType":"sap.m.Input","viewName":"etm.portal.ui.manageyards.view.New","viewId":"application-manageyards-display-component---NewYard","bindingPath":{"path":"","propertyPath":"/CONTROLLING_AREA","modelName":"NewYardModel"},"interaction":{"idSuffix":"inner"}},"wdio_ui5_key":"etmportal.ui.manageyards.view.Newsap.m.Input{\"path\":\"\",\"propertyPath\":\"/CONTROLLING_AREA\",\"modelName\":\"NewYardModel\"}"}]}
COMMAND: GET /session/fd980d4c89ba2068ef27cc02fb238359/screenshot - {}
RESULT: {"script":"<script> [1562 bytes]","args":[{"selector":{"controlType":"sap.m.Input","viewName":"etm.portal.ui.manageyards.view.New","viewId":"application-manageyards-display-component---NewYard","bindingPath":{"path":"","propertyPath":"/CONTROLLING_AREA","modelName":"NewYardModel"},"interaction":{"idSuffix":"inner"}},"wdio_ui5_key":"etmportal.ui.manageyards.view.Newsap.m.Input{\"path\":\"\",\"propertyPath\":\"/CONTROLLING_AREA\",\"modelName\":\"NewYardModel\"}"}]}
RESULT: undefined
COMMAND: POST /session/fd980d4c89ba2068ef27cc02fb238359/execute/async - {"script":"<script> [776 bytes]","args":[{"enterText":"Z001","selector":{"controlType":"sap.m.Input","viewName":"etm.portal.ui.manageyards.view.New","viewId":"application-manageyards-display-component---NewYard","bindingPath":{"path":"","propertyPath":"/CONTROLLING_AREA","modelName":"NewYardModel"},"interaction":{"idSuffix":"inner"}},"clearTextFirst":true,"interactionType":"ENTER_TEXT"}]}
RESULT: {}
RESULT: {"script":"<script> [776 bytes]","args":[{"enterText":"Z001","selector":{"controlType":"sap.m.Input","viewName":"etm.portal.ui.manageyards.view.New","viewId":"application-manageyards-display-component---NewYard","bindingPath":{"path":"","propertyPath":"/CONTROLLING_AREA","modelName":"NewYardModel"},"interaction":{"idSuffix":"inner"}},"clearTextFirst":true,"interactionType":"ENTER_TEXT"}]}
COMMAND: POST /session/fd980d4c89ba2068ef27cc02fb238359/execute/async - {"script":"<script> [1562 bytes]","args":[{"selector":{"id":"application-manageyards-display-component---NewYard--companyCodeComboBox","interaction":{"idSuffix":"inner"}},"wdio_ui5_key":"applicationmanageyards-display-component---NewYard--companyCodeComboBox"}]}
RESULT: {"script":"<script> [1562 bytes]","args":[{"selector":{"id":"application-manageyards-display-component---NewYard--companyCodeComboBox","interaction":{"idSuffix":"inner"}},"wdio_ui5_key":"applicationmanageyards-display-component---NewYard--companyCodeComboBox"}]}
RESULT: undefined
COMMAND: POST /session/fd980d4c89ba2068ef27cc02fb238359/execute/async - {"script":"<script> [776 bytes]","args":[{"enterText":"1000","selector":{"id":"application-manageyards-display-component---NewYard--companyCodeComboBox","interaction":{"idSuffix":"inner"}},"clearTextFirst":true,"interactionType":"ENTER_TEXT"}]}
RESULT: {"script":"<script> [776 bytes]","args":[{"enterText":"1000","selector":{"id":"application-manageyards-display-component---NewYard--companyCodeComboBox","interaction":{"idSuffix":"inner"}},"clearTextFirst":true,"interactionType":"ENTER_TEXT"}]}
COMMAND: POST /session/fd980d4c89ba2068ef27cc02fb238359/execute/async - {"script":"<script> [1562 bytes]","args":[{"selector":{"controlType":"sap.m.Input","viewName":"etm.portal.ui.manageyards.view.New","viewId":"application-manageyards-display-component---NewYard","bindingPath":{"path":"","propertyPath":"/PLANT","modelName":"NewYardModel"},"interaction":{"idSuffix":"inner"}},"wdio_ui5_key":"etmportal.ui.manageyards.view.Newsap.m.Input{\"path\":\"\",\"propertyPath\":\"/PLANT\",\"modelName\":\"NewYardModel\"}"}]}
RESULT: {"script":"<script> [1562 bytes]","args":[{"selector":{"controlType":"sap.m.Input","viewName":"etm.portal.ui.manageyards.view.New","viewId":"application-manageyards-display-component---NewYard","bindingPath":{"path":"","propertyPath":"/PLANT","modelName":"NewYardModel"},"interaction":{"idSuffix":"inner"}},"wdio_ui5_key":"etmportal.ui.manageyards.view.Newsap.m.Input{\"path\":\"\",\"propertyPath\":\"/PLANT\",\"modelName\":\"NewYardModel\"}"}]}
RESULT: undefined
COMMAND: POST /session/fd980d4c89ba2068ef27cc02fb238359/execute/async - {"script":"<script> [776 bytes]","args":[{"enterText":"1001","selector":{"controlType":"sap.m.Input","viewName":"etm.portal.ui.manageyards.view.New","viewId":"application-manageyards-display-component---NewYard","bindingPath":{"path":"","propertyPath":"/PLANT","modelName":"NewYardModel"},"interaction":{"idSuffix":"inner"}},"clearTextFirst":true,"interactionType":"ENTER_TEXT"}]}
RESULT: {"script":"<script> [776 bytes]","args":[{"enterText":"1001","selector":{"controlType":"sap.m.Input","viewName":"etm.portal.ui.manageyards.view.New","viewId":"application-manageyards-display-component---NewYard","bindingPath":{"path":"","propertyPath":"/PLANT","modelName":"NewYardModel"},"interaction":{"idSuffix":"inner"}},"clearTextFirst":true,"interactionType":"ENTER_TEXT"}]}
COMMAND: POST /session/fd980d4c89ba2068ef27cc02fb238359/execute/async - {"script":"<script> [1562 bytes]","args":[{"selector":{"controlType":"sap.m.Input","viewName":"etm.portal.ui.manageyards.view.New","viewId":"application-manageyards-display-component---NewYard","bindingPath":{"path":"","propertyPath":"/SALES_AREA_VKORG","modelName":"NewYardModel"},"interaction":{"idSuffix":"inner"}},"wdio_ui5_key":"etmportal.ui.manageyards.view.Newsap.m.Input{\"path\":\"\",\"propertyPath\":\"/SALES_AREA_VKORG\",\"modelName\":\"NewYardModel\"}"}]}
RESULT: {"script":"<script> [1562 bytes]","args":[{"selector":{"controlType":"sap.m.Input","viewName":"etm.portal.ui.manageyards.view.New","viewId":"application-manageyards-display-component---NewYard","bindingPath":{"path":"","propertyPath":"/SALES_AREA_VKORG","modelName":"NewYardModel"},"interaction":{"idSuffix":"inner"}},"wdio_ui5_key":"etmportal.ui.manageyards.view.Newsap.m.Input{\"path\":\"\",\"propertyPath\":\"/SALES_AREA_VKORG\",\"modelName\":\"NewYardModel\"}"}]}
RESULT: undefined
COMMAND: POST /session/fd980d4c89ba2068ef27cc02fb238359/execute/async - {"script":"<script> [776 bytes]","args":[{"enterText":"C002","selector":{"controlType":"sap.m.Input","viewName":"etm.portal.ui.manageyards.view.New","viewId":"application-manageyards-display-component---NewYard","bindingPath":{"path":"","propertyPath":"/SALES_AREA_VKORG","modelName":"NewYardModel"},"interaction":{"idSuffix":"inner"}},"clearTextFirst":true,"interactionType":"ENTER_TEXT"}]}
RESULT: {"script":"<script> [776 bytes]","args":[{"enterText":"C002","selector":{"controlType":"sap.m.Input","viewName":"etm.portal.ui.manageyards.view.New","viewId":"application-manageyards-display-component---NewYard","bindingPath":{"path":"","propertyPath":"/SALES_AREA_VKORG","modelName":"NewYardModel"},"interaction":{"idSuffix":"inner"}},"clearTextFirst":true,"interactionType":"ENTER_TEXT"}]}
COMMAND: POST /session/fd980d4c89ba2068ef27cc02fb238359/execute/async - {"script":"<script> [1562 bytes]","args":[{"selector":{"controlType":"sap.m.Input","viewName":"etm.portal.ui.manageyards.view.New","viewId":"application-manageyards-display-component---NewYard","bindingPath":{"path":"","propertyPath":"/SALES_AREA_VTWEG","modelName":"NewYardModel"},"interaction":{"idSuffix":"inner"}},"wdio_ui5_key":"etmportal.ui.manageyards.view.Newsap.m.Input{\"path\":\"\",\"propertyPath\":\"/SALES_AREA_VTWEG\",\"modelName\":\"NewYardModel\"}"}]}
RESULT: {"script":"<script> [1562 bytes]","args":[{"selector":{"controlType":"sap.m.Input","viewName":"etm.portal.ui.manageyards.view.New","viewId":"application-manageyards-display-component---NewYard","bindingPath":{"path":"","propertyPath":"/SALES_AREA_VTWEG","modelName":"NewYardModel"},"interaction":{"idSuffix":"inner"}},"wdio_ui5_key":"etmportal.ui.manageyards.view.Newsap.m.Input{\"path\":\"\",\"propertyPath\":\"/SALES_AREA_VTWEG\",\"modelName\":\"NewYardModel\"}"}]}
RESULT: undefined
COMMAND: POST /session/fd980d4c89ba2068ef27cc02fb238359/execute/async - {"script":"<script> [776 bytes]","args":[{"enterText":"C2","selector":{"controlType":"sap.m.Input","viewName":"etm.portal.ui.manageyards.view.New","viewId":"application-manageyards-display-component---NewYard","bindingPath":{"path":"","propertyPath":"/SALES_AREA_VTWEG","modelName":"NewYardModel"},"interaction":{"idSuffix":"inner"}},"clearTextFirst":true,"interactionType":"ENTER_TEXT"}]}
RESULT: {"script":"<script> [776 bytes]","args":[{"enterText":"C2","selector":{"controlType":"sap.m.Input","viewName":"etm.portal.ui.manageyards.view.New","viewId":"application-manageyards-display-component---NewYard","bindingPath":{"path":"","propertyPath":"/SALES_AREA_VTWEG","modelName":"NewYardModel"},"interaction":{"idSuffix":"inner"}},"clearTextFirst":true,"interactionType":"ENTER_TEXT"}]}
COMMAND: POST /session/fd980d4c89ba2068ef27cc02fb238359/execute/async - {"script":"<script> [1562 bytes]","args":[{"selector":{"controlType":"sap.m.Input","viewName":"etm.portal.ui.manageyards.view.New","viewId":"application-manageyards-display-component---NewYard","bindingPath":{"path":"","propertyPath":"/SALES_AREA_SPART","modelName":"NewYardModel"},"interaction":{"idSuffix":"inner"}},"wdio_ui5_key":"etmportal.ui.manageyards.view.Newsap.m.Input{\"path\":\"\",\"propertyPath\":\"/SALES_AREA_SPART\",\"modelName\":\"NewYardModel\"}"}]}
RESULT: {"script":"<script> [1562 bytes]","args":[{"selector":{"controlType":"sap.m.Input","viewName":"etm.portal.ui.manageyards.view.New","viewId":"application-manageyards-display-component---NewYard","bindingPath":{"path":"","propertyPath":"/SALES_AREA_SPART","modelName":"NewYardModel"},"interaction":{"idSuffix":"inner"}},"wdio_ui5_key":"etmportal.ui.manageyards.view.Newsap.m.Input{\"path\":\"\",\"propertyPath\":\"/SALES_AREA_SPART\",\"modelName\":\"NewYardModel\"}"}]}
RESULT: undefined
COMMAND: POST /session/fd980d4c89ba2068ef27cc02fb238359/execute/async - {"script":"<script> [776 bytes]","args":[{"enterText":"C2","selector":{"controlType":"sap.m.Input","viewName":"etm.portal.ui.manageyards.view.New","viewId":"application-manageyards-display-component---NewYard","bindingPath":{"path":"","propertyPath":"/SALES_AREA_SPART","modelName":"NewYardModel"},"interaction":{"idSuffix":"inner"}},"clearTextFirst":true,"interactionType":"ENTER_TEXT"}]}
RESULT: {"script":"<script> [776 bytes]","args":[{"enterText":"C2","selector":{"controlType":"sap.m.Input","viewName":"etm.portal.ui.manageyards.view.New","viewId":"application-manageyards-display-component---NewYard","bindingPath":{"path":"","propertyPath":"/SALES_AREA_SPART","modelName":"NewYardModel"},"interaction":{"idSuffix":"inner"}},"clearTextFirst":true,"interactionType":"ENTER_TEXT"}]}
COMMAND: POST /session/fd980d4c89ba2068ef27cc02fb238359/execute/async - {"script":"<script> [1562 bytes]","args":[{"selector":{"controlType":"sap.m.Input","viewName":"etm.portal.ui.manageyards.view.New","viewId":"application-manageyards-display-component---NewYard","bindingPath":{"path":"","propertyPath":"/SHIP_POINT","modelName":"NewYardModel"},"interaction":{"idSuffix":"inner"}},"wdio_ui5_key":"etmportal.ui.manageyards.view.Newsap.m.Input{\"path\":\"\",\"propertyPath\":\"/SHIP_POINT\",\"modelName\":\"NewYardModel\"}"}]}
RESULT: {"script":"<script> [1562 bytes]","args":[{"selector":{"controlType":"sap.m.Input","viewName":"etm.portal.ui.manageyards.view.New","viewId":"application-manageyards-display-component---NewYard","bindingPath":{"path":"","propertyPath":"/SHIP_POINT","modelName":"NewYardModel"},"interaction":{"idSuffix":"inner"}},"wdio_ui5_key":"etmportal.ui.manageyards.view.Newsap.m.Input{\"path\":\"\",\"propertyPath\":\"/SHIP_POINT\",\"modelName\":\"NewYardModel\"}"}]}
RESULT: undefined
COMMAND: POST /session/fd980d4c89ba2068ef27cc02fb238359/execute/async - {"script":"<script> [776 bytes]","args":[{"enterText":"1710","selector":{"controlType":"sap.m.Input","viewName":"etm.portal.ui.manageyards.view.New","viewId":"application-manageyards-display-component---NewYard","bindingPath":{"path":"","propertyPath":"/SHIP_POINT","modelName":"NewYardModel"},"interaction":{"idSuffix":"inner"}},"clearTextFirst":true,"interactionType":"ENTER_TEXT"}]}
RESULT: {"script":"<script> [776 bytes]","args":[{"enterText":"1710","selector":{"controlType":"sap.m.Input","viewName":"etm.portal.ui.manageyards.view.New","viewId":"application-manageyards-display-component---NewYard","bindingPath":{"path":"","propertyPath":"/SHIP_POINT","modelName":"NewYardModel"},"interaction":{"idSuffix":"inner"}},"clearTextFirst":true,"interactionType":"ENTER_TEXT"}]}
COMMAND: POST /session/fd980d4c89ba2068ef27cc02fb238359/execute/async - {"script":"<script> [1562 bytes]","args":[{"selector":{"controlType":"sap.m.Input","viewName":"etm.portal.ui.manageyards.view.New","viewId":"application-manageyards-display-component---NewYard","bindingPath":{"path":"","propertyPath":"/DELIVERY_TYPE","modelName":"NewYardModel"},"interaction":{"idSuffix":"inner"}},"wdio_ui5_key":"etmportal.ui.manageyards.view.Newsap.m.Input{\"path\":\"\",\"propertyPath\":\"/DELIVERY_TYPE\",\"modelName\":\"NewYardModel\"}"}]}
RESULT: {"script":"<script> [1562 bytes]","args":[{"selector":{"controlType":"sap.m.Input","viewName":"etm.portal.ui.manageyards.view.New","viewId":"application-manageyards-display-component---NewYard","bindingPath":{"path":"","propertyPath":"/DELIVERY_TYPE","modelName":"NewYardModel"},"interaction":{"idSuffix":"inner"}},"wdio_ui5_key":"etmportal.ui.manageyards.view.Newsap.m.Input{\"path\":\"\",\"propertyPath\":\"/DELIVERY_TYPE\",\"modelName\":\"NewYardModel\"}"}]}
RESULT: undefined
COMMAND: POST /session/fd980d4c89ba2068ef27cc02fb238359/execute/async - {"script":"<script> [776 bytes]","args":[{"enterText":"ZL01","selector":{"controlType":"sap.m.Input","viewName":"etm.portal.ui.manageyards.view.New","viewId":"application-manageyards-display-component---NewYard","bindingPath":{"path":"","propertyPath":"/DELIVERY_TYPE","modelName":"NewYardModel"},"interaction":{"idSuffix":"inner"}},"clearTextFirst":true,"interactionType":"ENTER_TEXT"}]}
RESULT: {"script":"<script> [776 bytes]","args":[{"enterText":"ZL01","selector":{"controlType":"sap.m.Input","viewName":"etm.portal.ui.manageyards.view.New","viewId":"application-manageyards-display-component---NewYard","bindingPath":{"path":"","propertyPath":"/DELIVERY_TYPE","modelName":"NewYardModel"},"interaction":{"idSuffix":"inner"}},"clearTextFirst":true,"interactionType":"ENTER_TEXT"}]}
COMMAND: POST /session/fd980d4c89ba2068ef27cc02fb238359/execute/async - {"script":"<script> [1562 bytes]","args":[{"selector":{"controlType":"sap.m.Input","viewName":"etm.portal.ui.manageyards.view.New","viewId":"application-manageyards-display-component---NewYard","bindingPath":{"path":"","propertyPath":"/AUART","modelName":"NewYardModel"},"interaction":{"idSuffix":"inner"}},"wdio_ui5_key":"etmportal.ui.manageyards.view.Newsap.m.Input{\"path\":\"\",\"propertyPath\":\"/AUART\",\"modelName\":\"NewYardModel\"}"}]}
RESULT: {"script":"<script> [1562 bytes]","args":[{"selector":{"controlType":"sap.m.Input","viewName":"etm.portal.ui.manageyards.view.New","viewId":"application-manageyards-display-component---NewYard","bindingPath":{"path":"","propertyPath":"/AUART","modelName":"NewYardModel"},"interaction":{"idSuffix":"inner"}},"wdio_ui5_key":"etmportal.ui.manageyards.view.Newsap.m.Input{\"path\":\"\",\"propertyPath\":\"/AUART\",\"modelName\":\"NewYardModel\"}"}]}
RESULT: undefined
COMMAND: POST /session/fd980d4c89ba2068ef27cc02fb238359/execute/async - {"script":"<script> [776 bytes]","args":[{"enterText":"TA","selector":{"controlType":"sap.m.Input","viewName":"etm.portal.ui.manageyards.view.New","viewId":"application-manageyards-display-component---NewYard","bindingPath":{"path":"","propertyPath":"/AUART","modelName":"NewYardModel"},"interaction":{"idSuffix":"inner"}},"clearTextFirst":true,"interactionType":"ENTER_TEXT"}]}
RESULT: {"script":"<script> [776 bytes]","args":[{"enterText":"TA","selector":{"controlType":"sap.m.Input","viewName":"etm.portal.ui.manageyards.view.New","viewId":"application-manageyards-display-component---NewYard","bindingPath":{"path":"","propertyPath":"/AUART","modelName":"NewYardModel"},"interaction":{"idSuffix":"inner"}},"clearTextFirst":true,"interactionType":"ENTER_TEXT"}]}
COMMAND: POST /session/fd980d4c89ba2068ef27cc02fb238359/element - {"using":"xpath","value":"//button[@data-kt=\"newYardSaveButton\"]"}
RESULT: {"using":"xpath","value":"//button[@data-kt=\"newYardSaveButton\"]"}
COMMAND: POST /session/fd980d4c89ba2068ef27cc02fb238359/element/f.D12FFF457A26405181F15BE3B17219F1.d.FC8A074093923DA36D8A7EBAC21B2405.e.698/click - {}
RESULT: {}
COMMAND: GET /session/fd980d4c89ba2068ef27cc02fb238359/screenshot - {}
RESULT: {}
COMMAND: POST /session/fd980d4c89ba2068ef27cc02fb238359/element - {"using":"xpath","value":"//header[contains(@id, 'ObjectPageLayout-headerTitle')]/div[1]/div[2]/div[1]/span[1]"}
RESULT: {"using":"xpath","value":"//header[contains(@id, 'ObjectPageLayout-headerTitle')]/div[1]/div[2]/div[1]/span[1]"}
COMMAND: POST /session/fd980d4c89ba2068ef27cc02fb238359/elements - {"using":"xpath","value":"//header[contains(@id, 'ObjectPageLayout-headerTitle')]/div[1]/div[2]/div[1]/span[1]"}
RESULT: {"using":"xpath","value":"//header[contains(@id, 'ObjectPageLayout-headerTitle')]/div[1]/div[2]/div[1]/span[1]"}
COMMAND: POST /session/fd980d4c89ba2068ef27cc02fb238359/execute/sync - {"script":"<script> [56 bytes]","args":[{"element-6066-11e4-a52e-4f735466cecf":"f.D12FFF457A26405181F15BE3B17219F1.d.FC8A074093923DA36D8A7EBAC21B2405.e.1005","ELEMENT":"f.D12FFF457A26405181F15BE3B17219F1.d.FC8A074093923DA36D8A7EBAC21B2405.e.1005"}]}
RESULT: {"script":"<script> [56 bytes]","args":[{"element-6066-11e4-a52e-4f735466cecf":"f.D12FFF457A26405181F15BE3B17219F1.d.FC8A074093923DA36D8A7EBAC21B2405.e.1005","ELEMENT":"f.D12FFF457A26405181F15BE3B17219F1.d.FC8A074093923DA36D8A7EBAC21B2405.e.1005"}]}
COMMAND: GET /session/fd980d4c89ba2068ef27cc02fb238359/screenshot - {}
RESULT: {}
COMMAND: POST /session/fd980d4c89ba2068ef27cc02fb238359/element - {"using":"css selector","value":"#shell-header-logo"}
RESULT: {"using":"css selector","value":"#shell-header-logo"}
COMMAND: POST /session/fd980d4c89ba2068ef27cc02fb238359/element/f.D12FFF457A26405181F15BE3B17219F1.d.FC8A074093923DA36D8A7EBAC21B2405.e.259/click - {}
RESULT: {}
COMMAND: GET /session/fd980d4c89ba2068ef27cc02fb238359/screenshot - {}
RESULT: {}
COMMAND: POST /session/fd980d4c89ba2068ef27cc02fb238359/execute/sync - {"script":"<script> [299 bytes]","args":[["getModel","getResource"]]}
RESULT: {"script":"<script> [299 bytes]","args":[["getModel","getResource"]]}
]]></system-out>
    </testcase>
    <testcase classname="chrome.136_0_7103_93.windows.Prerequisites_&amp;_test_for_yard_mass_return_on_Yard_Overview_US131057" name="Prereq Should create a new partner" time="130.739">
      <system-out><![CDATA[
COMMAND: GET /session/fd980d4c89ba2068ef27cc02fb238359/screenshot - {}
COMMAND: POST /session/fd980d4c89ba2068ef27cc02fb238359/window/fullscreen - {}
RESULT: {}
RESULT: {}
COMMAND: POST /session/fd980d4c89ba2068ef27cc02fb238359/execute/async - {"script":"<script> [1562 bytes]","args":[{"selector":{"controlType":"sap.m.GenericTile","properties":{"header":"Manage Partners"}},"wdio_ui5_key":"sapm.GenericTile{\"header\":\"Manage Partners\"}"}]}
RESULT: {"script":"<script> [1562 bytes]","args":[{"selector":{"controlType":"sap.m.GenericTile","properties":{"header":"Manage Partners"}},"wdio_ui5_key":"sapm.GenericTile{\"header\":\"Manage Partners\"}"}]}
RESULT: undefined
COMMAND: POST /session/fd980d4c89ba2068ef27cc02fb238359/element - {"using":"xpath","value":"//*[@id=\"__tile38\"]"}
RESULT: {"using":"xpath","value":"//*[@id=\"__tile38\"]"}
COMMAND: POST /session/fd980d4c89ba2068ef27cc02fb238359/element/f.D12FFF457A26405181F15BE3B17219F1.d.FC8A074093923DA36D8A7EBAC21B2405.e.143/click - {}
RESULT: {}
COMMAND: GET /session/fd980d4c89ba2068ef27cc02fb238359/screenshot - {}
RESULT: {}
COMMAND: POST /session/fd980d4c89ba2068ef27cc02fb238359/elements - {"using":"xpath","value":"//span[text()='Error']"}
RESULT: {"using":"xpath","value":"//span[text()='Error']"}
COMMAND: POST /session/fd980d4c89ba2068ef27cc02fb238359/element - {"using":"xpath","value":"//button[@data-kt=\"addButton\"]"}
RESULT: {"using":"xpath","value":"//button[@data-kt=\"addButton\"]"}
COMMAND: POST /session/fd980d4c89ba2068ef27cc02fb238359/elements - {"using":"xpath","value":"//button[@data-kt=\"addButton\"]"}
RESULT: {"using":"xpath","value":"//button[@data-kt=\"addButton\"]"}
COMMAND: POST /session/fd980d4c89ba2068ef27cc02fb238359/execute/sync - {"script":"<script> [8489 bytes]","args":[{"element-6066-11e4-a52e-4f735466cecf":"f.D12FFF457A26405181F15BE3B17219F1.d.FC8A074093923DA36D8A7EBAC21B2405.e.1054","ELEMENT":"f.D12FFF457A26405181F15BE3B17219F1.d.FC8A074093923DA36D8A7EBAC21B2405.e.1054"}]}
RESULT: {"script":"<script> [8489 bytes]","args":[{"element-6066-11e4-a52e-4f735466cecf":"f.D12FFF457A26405181F15BE3B17219F1.d.FC8A074093923DA36D8A7EBAC21B2405.e.1054","ELEMENT":"f.D12FFF457A26405181F15BE3B17219F1.d.FC8A074093923DA36D8A7EBAC21B2405.e.1054"}]}
COMMAND: GET /session/fd980d4c89ba2068ef27cc02fb238359/element/f.D12FFF457A26405181F15BE3B17219F1.d.FC8A074093923DA36D8A7EBAC21B2405.e.1054/enabled - {}
COMMAND: GET /session/fd980d4c89ba2068ef27cc02fb238359/screenshot - {}
RESULT: {}
COMMAND: POST /session/fd980d4c89ba2068ef27cc02fb238359/execute/sync - {"script":"<script> [8489 bytes]","args":[{"element-6066-11e4-a52e-4f735466cecf":"f.D12FFF457A26405181F15BE3B17219F1.d.FC8A074093923DA36D8A7EBAC21B2405.e.1054","ELEMENT":"f.D12FFF457A26405181F15BE3B17219F1.d.FC8A074093923DA36D8A7EBAC21B2405.e.1054"}]}
COMMAND: GET /session/fd980d4c89ba2068ef27cc02fb238359/screenshot - {}
RESULT: {}
RESULT: {"script":"<script> [8489 bytes]","args":[{"element-6066-11e4-a52e-4f735466cecf":"f.D12FFF457A26405181F15BE3B17219F1.d.FC8A074093923DA36D8A7EBAC21B2405.e.1054","ELEMENT":"f.D12FFF457A26405181F15BE3B17219F1.d.FC8A074093923DA36D8A7EBAC21B2405.e.1054"}]}
COMMAND: POST /session/fd980d4c89ba2068ef27cc02fb238359/execute/sync - {"script":"<script> [5351 bytes]","args":[{"element-6066-11e4-a52e-4f735466cecf":"f.D12FFF457A26405181F15BE3B17219F1.d.FC8A074093923DA36D8A7EBAC21B2405.e.1054","ELEMENT":"f.D12FFF457A26405181F15BE3B17219F1.d.FC8A074093923DA36D8A7EBAC21B2405.e.1054"}]}
COMMAND: GET /session/fd980d4c89ba2068ef27cc02fb238359/screenshot - {}
RESULT: {}
RESULT: {"script":"<script> [5351 bytes]","args":[{"element-6066-11e4-a52e-4f735466cecf":"f.D12FFF457A26405181F15BE3B17219F1.d.FC8A074093923DA36D8A7EBAC21B2405.e.1054","ELEMENT":"f.D12FFF457A26405181F15BE3B17219F1.d.FC8A074093923DA36D8A7EBAC21B2405.e.1054"}]}
COMMAND: POST /session/fd980d4c89ba2068ef27cc02fb238359/element/f.D12FFF457A26405181F15BE3B17219F1.d.FC8A074093923DA36D8A7EBAC21B2405.e.1054/click - {}
COMMAND: GET /session/fd980d4c89ba2068ef27cc02fb238359/screenshot - {}
RESULT: {}
RESULT: {}
COMMAND: GET /session/fd980d4c89ba2068ef27cc02fb238359/screenshot - {}
COMMAND: POST /session/fd980d4c89ba2068ef27cc02fb238359/execute/async - {"script":"<script> [1562 bytes]","args":[{"selector":{"id":"application-managepartners-display-component---NewPartner--addressDetailDetailsName1","interaction":{"idSuffix":"inner"}},"wdio_ui5_key":"applicationmanagepartners-display-component---NewPartner--addressDetailDetailsName1"}]}
RESULT: {}
RESULT: {}
RESULT: {"script":"<script> [1562 bytes]","args":[{"selector":{"id":"application-managepartners-display-component---NewPartner--addressDetailDetailsName1","interaction":{"idSuffix":"inner"}},"wdio_ui5_key":"applicationmanagepartners-display-component---NewPartner--addressDetailDetailsName1"}]}
RESULT: undefined
COMMAND: POST /session/fd980d4c89ba2068ef27cc02fb238359/execute/async - {"script":"<script> [776 bytes]","args":[{"enterText":"Intracompany Partner WDIO","selector":{"id":"application-managepartners-display-component---NewPartner--addressDetailDetailsName1","interaction":{"idSuffix":"inner"}},"clearTextFirst":true,"interactionType":"ENTER_TEXT"}]}
RESULT: {"script":"<script> [776 bytes]","args":[{"enterText":"Intracompany Partner WDIO","selector":{"id":"application-managepartners-display-component---NewPartner--addressDetailDetailsName1","interaction":{"idSuffix":"inner"}},"clearTextFirst":true,"interactionType":"ENTER_TEXT"}]}
COMMAND: POST /session/fd980d4c89ba2068ef27cc02fb238359/execute/async - {"script":"<script> [1562 bytes]","args":[{"selector":{"id":"application-managepartners-display-component---NewPartner--addressDetailDetailsLanguage-arrow"},"wdio_ui5_key":"applicationmanagepartners-display-component---NewPartner--addressDetailDetailsLanguage-arrow"}]}
RESULT: {"script":"<script> [1562 bytes]","args":[{"selector":{"id":"application-managepartners-display-component---NewPartner--addressDetailDetailsLanguage-arrow"},"wdio_ui5_key":"applicationmanagepartners-display-component---NewPartner--addressDetailDetailsLanguage-arrow"}]}
RESULT: undefined
COMMAND: POST /session/fd980d4c89ba2068ef27cc02fb238359/element - {"using":"xpath","value":"//*[@id=\"application-managepartners-display-component---NewPartner--addressDetailDetailsLanguage-arrow\"]"}
RESULT: {"using":"xpath","value":"//*[@id=\"application-managepartners-display-component---NewPartner--addressDetailDetailsLanguage-arrow\"]"}
COMMAND: POST /session/fd980d4c89ba2068ef27cc02fb238359/element/f.D12FFF457A26405181F15BE3B17219F1.d.FC8A074093923DA36D8A7EBAC21B2405.e.1653/click - {}
RESULT: {}
COMMAND: POST /session/fd980d4c89ba2068ef27cc02fb238359/element - {"using":"xpath","value":"//span[contains(text(), \"English\")]"}
COMMAND: GET /session/fd980d4c89ba2068ef27cc02fb238359/screenshot - {}
RESULT: {"using":"xpath","value":"//span[contains(text(), \"English\")]"}
COMMAND: POST /session/fd980d4c89ba2068ef27cc02fb238359/element/f.D12FFF457A26405181F15BE3B17219F1.d.FC8A074093923DA36D8A7EBAC21B2405.e.1654/click - {}
RESULT: {}
RESULT: {}
COMMAND: GET /session/fd980d4c89ba2068ef27cc02fb238359/screenshot - {}
RESULT: {}
COMMAND: POST /session/fd980d4c89ba2068ef27cc02fb238359/execute/async - {"script":"<script> [1562 bytes]","args":[{"selector":{"id":"application-managepartners-display-component---NewPartner--addressDetailDetailsCity1","interaction":{"idSuffix":"inner"}},"wdio_ui5_key":"applicationmanagepartners-display-component---NewPartner--addressDetailDetailsCity1"}]}
RESULT: {"script":"<script> [1562 bytes]","args":[{"selector":{"id":"application-managepartners-display-component---NewPartner--addressDetailDetailsCity1","interaction":{"idSuffix":"inner"}},"wdio_ui5_key":"applicationmanagepartners-display-component---NewPartner--addressDetailDetailsCity1"}]}
RESULT: undefined
COMMAND: POST /session/fd980d4c89ba2068ef27cc02fb238359/execute/async - {"script":"<script> [776 bytes]","args":[{"enterText":"Rosario","selector":{"id":"application-managepartners-display-component---NewPartner--addressDetailDetailsCity1","interaction":{"idSuffix":"inner"}},"clearTextFirst":true,"interactionType":"ENTER_TEXT"}]}
RESULT: {"script":"<script> [776 bytes]","args":[{"enterText":"Rosario","selector":{"id":"application-managepartners-display-component---NewPartner--addressDetailDetailsCity1","interaction":{"idSuffix":"inner"}},"clearTextFirst":true,"interactionType":"ENTER_TEXT"}]}
COMMAND: POST /session/fd980d4c89ba2068ef27cc02fb238359/execute/async - {"script":"<script> [1562 bytes]","args":[{"selector":{"id":"application-managepartners-display-component---NewPartner--addressDetailDetailsCountry-arrow"},"wdio_ui5_key":"applicationmanagepartners-display-component---NewPartner--addressDetailDetailsCountry-arrow"}]}
RESULT: {"script":"<script> [1562 bytes]","args":[{"selector":{"id":"application-managepartners-display-component---NewPartner--addressDetailDetailsCountry-arrow"},"wdio_ui5_key":"applicationmanagepartners-display-component---NewPartner--addressDetailDetailsCountry-arrow"}]}
RESULT: undefined
COMMAND: POST /session/fd980d4c89ba2068ef27cc02fb238359/element - {"using":"xpath","value":"//*[@id=\"application-managepartners-display-component---NewPartner--addressDetailDetailsCountry-arrow\"]"}
RESULT: {"using":"xpath","value":"//*[@id=\"application-managepartners-display-component---NewPartner--addressDetailDetailsCountry-arrow\"]"}
COMMAND: POST /session/fd980d4c89ba2068ef27cc02fb238359/element/f.D12FFF457A26405181F15BE3B17219F1.d.FC8A074093923DA36D8A7EBAC21B2405.e.1640/click - {}
RESULT: {}
COMMAND: POST /session/fd980d4c89ba2068ef27cc02fb238359/element - {"using":"xpath","value":"//span[contains(text(), \"Argentina\")]"}
COMMAND: GET /session/fd980d4c89ba2068ef27cc02fb238359/screenshot - {}
RESULT: {"using":"xpath","value":"//span[contains(text(), \"Argentina\")]"}
COMMAND: POST /session/fd980d4c89ba2068ef27cc02fb238359/element/f.D12FFF457A26405181F15BE3B17219F1.d.FC8A074093923DA36D8A7EBAC21B2405.e.1656/click - {}
RESULT: {}
RESULT: {}
COMMAND: GET /session/fd980d4c89ba2068ef27cc02fb238359/screenshot - {}
RESULT: {}
COMMAND: POST /session/fd980d4c89ba2068ef27cc02fb238359/element - {"using":"xpath","value":"//bdi[contains(text(), \"Commercial\")]"}
RESULT: {"using":"xpath","value":"//bdi[contains(text(), \"Commercial\")]"}
COMMAND: POST /session/fd980d4c89ba2068ef27cc02fb238359/element/f.D12FFF457A26405181F15BE3B17219F1.d.FC8A074093923DA36D8A7EBAC21B2405.e.1657/click - {}
RESULT: {}
COMMAND: GET /session/fd980d4c89ba2068ef27cc02fb238359/screenshot - {}
RESULT: {}
COMMAND: POST /session/fd980d4c89ba2068ef27cc02fb238359/execute/async - {"script":"<script> [1562 bytes]","args":[{"selector":{"id":"application-managepartners-display-component---NewPartner--partnerDetailInternal-arrow"},"wdio_ui5_key":"applicationmanagepartners-display-component---NewPartner--partnerDetailInternal-arrow"}]}
RESULT: {"script":"<script> [1562 bytes]","args":[{"selector":{"id":"application-managepartners-display-component---NewPartner--partnerDetailInternal-arrow"},"wdio_ui5_key":"applicationmanagepartners-display-component---NewPartner--partnerDetailInternal-arrow"}]}
RESULT: undefined
COMMAND: POST /session/fd980d4c89ba2068ef27cc02fb238359/element - {"using":"xpath","value":"//*[@id=\"application-managepartners-display-component---NewPartner--partnerDetailInternal-arrow\"]"}
RESULT: {"using":"xpath","value":"//*[@id=\"application-managepartners-display-component---NewPartner--partnerDetailInternal-arrow\"]"}
COMMAND: POST /session/fd980d4c89ba2068ef27cc02fb238359/element/f.D12FFF457A26405181F15BE3B17219F1.d.FC8A074093923DA36D8A7EBAC21B2405.e.1663/click - {}
RESULT: {}
COMMAND: POST /session/fd980d4c89ba2068ef27cc02fb238359/element - {"using":"xpath","value":"//span[contains(text(), \"Affiliated company\")]"}
COMMAND: GET /session/fd980d4c89ba2068ef27cc02fb238359/screenshot - {}
RESULT: {"using":"xpath","value":"//span[contains(text(), \"Affiliated company\")]"}
COMMAND: POST /session/fd980d4c89ba2068ef27cc02fb238359/element/f.D12FFF457A26405181F15BE3B17219F1.d.FC8A074093923DA36D8A7EBAC21B2405.e.1664/click - {}
RESULT: {}
RESULT: {}
COMMAND: POST /session/fd980d4c89ba2068ef27cc02fb238359/execute/async - {"script":"<script> [1562 bytes]","args":[{"selector":{"id":"application-managepartners-display-component---NewPartner--partnerDetailsCurrency-arrow"},"wdio_ui5_key":"applicationmanagepartners-display-component---NewPartner--partnerDetailsCurrency-arrow"}]}
COMMAND: GET /session/fd980d4c89ba2068ef27cc02fb238359/screenshot - {}
RESULT: {"script":"<script> [1562 bytes]","args":[{"selector":{"id":"application-managepartners-display-component---NewPartner--partnerDetailsCurrency-arrow"},"wdio_ui5_key":"applicationmanagepartners-display-component---NewPartner--partnerDetailsCurrency-arrow"}]}
RESULT: undefined
COMMAND: POST /session/fd980d4c89ba2068ef27cc02fb238359/element - {"using":"xpath","value":"//*[@id=\"application-managepartners-display-component---NewPartner--partnerDetailsCurrency-arrow\"]"}
RESULT: {}
RESULT: {"using":"xpath","value":"//*[@id=\"application-managepartners-display-component---NewPartner--partnerDetailsCurrency-arrow\"]"}
COMMAND: POST /session/fd980d4c89ba2068ef27cc02fb238359/element/f.D12FFF457A26405181F15BE3B17219F1.d.FC8A074093923DA36D8A7EBAC21B2405.e.1671/click - {}
RESULT: {}
COMMAND: POST /session/fd980d4c89ba2068ef27cc02fb238359/element - {"using":"xpath","value":"//span[contains(text(), \"Euro\")]"}
COMMAND: GET /session/fd980d4c89ba2068ef27cc02fb238359/screenshot - {}
RESULT: {"using":"xpath","value":"//span[contains(text(), \"Euro\")]"}
COMMAND: POST /session/fd980d4c89ba2068ef27cc02fb238359/element/f.D12FFF457A26405181F15BE3B17219F1.d.FC8A074093923DA36D8A7EBAC21B2405.e.1672/click - {}
RESULT: {}
RESULT: {}
COMMAND: POST /session/fd980d4c89ba2068ef27cc02fb238359/execute/async - {"script":"<script> [1562 bytes]","args":[{"selector":{"id":"application-managepartners-display-component---NewPartner--addressEditDetailsCostObjectCstType-arrow"},"wdio_ui5_key":"applicationmanagepartners-display-component---NewPartner--addressEditDetailsCostObjectCstType-arrow"}]}
COMMAND: GET /session/fd980d4c89ba2068ef27cc02fb238359/screenshot - {}
RESULT: {"script":"<script> [1562 bytes]","args":[{"selector":{"id":"application-managepartners-display-component---NewPartner--addressEditDetailsCostObjectCstType-arrow"},"wdio_ui5_key":"applicationmanagepartners-display-component---NewPartner--addressEditDetailsCostObjectCstType-arrow"}]}
RESULT: undefined
COMMAND: POST /session/fd980d4c89ba2068ef27cc02fb238359/element - {"using":"xpath","value":"//*[@id=\"application-managepartners-display-component---NewPartner--addressEditDetailsCostObjectCstType-arrow\"]"}
RESULT: {}
RESULT: {"using":"xpath","value":"//*[@id=\"application-managepartners-display-component---NewPartner--addressEditDetailsCostObjectCstType-arrow\"]"}
COMMAND: POST /session/fd980d4c89ba2068ef27cc02fb238359/element/f.D12FFF457A26405181F15BE3B17219F1.d.FC8A074093923DA36D8A7EBAC21B2405.e.1673/click - {}
RESULT: {}
COMMAND: POST /session/fd980d4c89ba2068ef27cc02fb238359/element - {"using":"xpath","value":"//span[contains(text(), \"Cost Center\")]"}
COMMAND: GET /session/fd980d4c89ba2068ef27cc02fb238359/screenshot - {}
RESULT: {"using":"xpath","value":"//span[contains(text(), \"Cost Center\")]"}
COMMAND: POST /session/fd980d4c89ba2068ef27cc02fb238359/element/f.D12FFF457A26405181F15BE3B17219F1.d.FC8A074093923DA36D8A7EBAC21B2405.e.1674/click - {}
RESULT: {}
RESULT: {}
COMMAND: GET /session/fd980d4c89ba2068ef27cc02fb238359/screenshot - {}
RESULT: {}
COMMAND: POST /session/fd980d4c89ba2068ef27cc02fb238359/element - {"using":"xpath","value":"//span[@id=\"application-managepartners-display-component---NewPartner--addressNewCostObjectCstID-vhi\"]"}
RESULT: {"using":"xpath","value":"//span[@id=\"application-managepartners-display-component---NewPartner--addressNewCostObjectCstID-vhi\"]"}
COMMAND: POST /session/fd980d4c89ba2068ef27cc02fb238359/execute/sync - {"script":"<script> [8489 bytes]","args":[{"element-6066-11e4-a52e-4f735466cecf":"f.D12FFF457A26405181F15BE3B17219F1.d.FC8A074093923DA36D8A7EBAC21B2405.e.1678","ELEMENT":"f.D12FFF457A26405181F15BE3B17219F1.d.FC8A074093923DA36D8A7EBAC21B2405.e.1678"}]}
RESULT: {"script":"<script> [8489 bytes]","args":[{"element-6066-11e4-a52e-4f735466cecf":"f.D12FFF457A26405181F15BE3B17219F1.d.FC8A074093923DA36D8A7EBAC21B2405.e.1678","ELEMENT":"f.D12FFF457A26405181F15BE3B17219F1.d.FC8A074093923DA36D8A7EBAC21B2405.e.1678"}]}
COMMAND: POST /session/fd980d4c89ba2068ef27cc02fb238359/execute/async - {"script":"<script> [1562 bytes]","args":[{"selector":{"id":"application-managepartners-display-component---NewPartner--addressNewCostObjectCstID-vhi"},"wdio_ui5_key":"applicationmanagepartners-display-component---NewPartner--addressNewCostObjectCstID-vhi"}]}
COMMAND: GET /session/fd980d4c89ba2068ef27cc02fb238359/screenshot - {}
RESULT: {"script":"<script> [1562 bytes]","args":[{"selector":{"id":"application-managepartners-display-component---NewPartner--addressNewCostObjectCstID-vhi"},"wdio_ui5_key":"applicationmanagepartners-display-component---NewPartner--addressNewCostObjectCstID-vhi"}]}
RESULT: undefined
COMMAND: POST /session/fd980d4c89ba2068ef27cc02fb238359/element - {"using":"xpath","value":"//*[@id=\"application-managepartners-display-component---NewPartner--addressNewCostObjectCstID-vhi\"]"}
RESULT: {}
RESULT: {"using":"xpath","value":"//*[@id=\"application-managepartners-display-component---NewPartner--addressNewCostObjectCstID-vhi\"]"}
COMMAND: POST /session/fd980d4c89ba2068ef27cc02fb238359/element/f.D12FFF457A26405181F15BE3B17219F1.d.FC8A074093923DA36D8A7EBAC21B2405.e.1678/click - {}
RESULT: {}
COMMAND: GET /session/fd980d4c89ba2068ef27cc02fb238359/screenshot - {}
RESULT: {}
RESULT: undefined
COMMAND: POST /session/fd980d4c89ba2068ef27cc02fb238359/execute/async - {"script":"<script> [776 bytes]","args":[{"enterText":"10001013","selector":{"controlType":"sap.m.SearchField","properties":{"placeholder":"Search"},"searchOpenDialogs":true,"interaction":{"idSuffix":"I"}},"clearTextFirst":true,"interactionType":"ENTER_TEXT"}]}
RESULT: {"script":"<script> [776 bytes]","args":[{"enterText":"10001013","selector":{"controlType":"sap.m.SearchField","properties":{"placeholder":"Search"},"searchOpenDialogs":true,"interaction":{"idSuffix":"I"}},"clearTextFirst":true,"interactionType":"ENTER_TEXT"}]}
COMMAND: POST /session/fd980d4c89ba2068ef27cc02fb238359/actions - {"actions":[{"id":"action2","type":"key","parameters":{},"actions":[{"type":"keyDown","value":"î€‡"},{"type":"pause","duration":10},{"type":"keyUp","value":"î€‡"}]}]}
RESULT: {"actions":[{"id":"action2","type":"key","parameters":{},"actions":[{"type":"keyDown","value":"î€‡"},{"type":"pause","duration":10},{"type":"keyUp","value":"î€‡"}]}]}
COMMAND: GET /session/fd980d4c89ba2068ef27cc02fb238359/screenshot - {}
RESULT: {}
COMMAND: POST /session/fd980d4c89ba2068ef27cc02fb238359/element - {"using":"xpath","value":"//span[contains(text(), \"General Management\")]"}
RESULT: {"using":"xpath","value":"//span[contains(text(), \"General Management\")]"}
COMMAND: POST /session/fd980d4c89ba2068ef27cc02fb238359/element/f.D12FFF457A26405181F15BE3B17219F1.d.FC8A074093923DA36D8A7EBAC21B2405.e.1718/click - {}
RESULT: {}
COMMAND: GET /session/fd980d4c89ba2068ef27cc02fb238359/screenshot - {}
RESULT: {}
COMMAND: POST /session/fd980d4c89ba2068ef27cc02fb238359/element - {"using":"xpath","value":"//bdi[contains(text(), \"OK\")]"}
RESULT: {"using":"xpath","value":"//bdi[contains(text(), \"OK\")]"}
COMMAND: POST /session/fd980d4c89ba2068ef27cc02fb238359/element/f.D12FFF457A26405181F15BE3B17219F1.d.FC8A074093923DA36D8A7EBAC21B2405.e.1719/click - {}
RESULT: {}
COMMAND: GET /session/fd980d4c89ba2068ef27cc02fb238359/screenshot - {}
RESULT: {}
COMMAND: POST /session/fd980d4c89ba2068ef27cc02fb238359/element - {"using":"xpath","value":"//input[@id=\"application-managepartners-display-component---NewPartner--companyCodeComboBox-inner\"]"}
RESULT: {"using":"xpath","value":"//input[@id=\"application-managepartners-display-component---NewPartner--companyCodeComboBox-inner\"]"}
COMMAND: POST /session/fd980d4c89ba2068ef27cc02fb238359/element/f.D12FFF457A26405181F15BE3B17219F1.d.FC8A074093923DA36D8A7EBAC21B2405.e.1509/clear - {}
RESULT: {}
COMMAND: POST /session/fd980d4c89ba2068ef27cc02fb238359/element/f.D12FFF457A26405181F15BE3B17219F1.d.FC8A074093923DA36D8A7EBAC21B2405.e.1509/value - {"text":"1000"}
COMMAND: GET /session/fd980d4c89ba2068ef27cc02fb238359/screenshot - {}
RESULT: {"text":"1000"}
COMMAND: GET /session/fd980d4c89ba2068ef27cc02fb238359/screenshot - {}
RESULT: {}
RESULT: {}
COMMAND: POST /session/fd980d4c89ba2068ef27cc02fb238359/element - {"using":"xpath","value":"//li[.//span[text()= \"1000\"]]"}
RESULT: {"using":"xpath","value":"//li[.//span[text()= \"1000\"]]"}
COMMAND: POST /session/fd980d4c89ba2068ef27cc02fb238359/element/f.D12FFF457A26405181F15BE3B17219F1.d.FC8A074093923DA36D8A7EBAC21B2405.e.1725/click - {}
RESULT: {}
COMMAND: GET /session/fd980d4c89ba2068ef27cc02fb238359/screenshot - {}
RESULT: {}
COMMAND: POST /session/fd980d4c89ba2068ef27cc02fb238359/execute/async - {"script":"<script> [1562 bytes]","args":[{"selector":{"id":"application-managepartners-display-component---NewPartner--btnAddTableRow-img"},"wdio_ui5_key":"applicationmanagepartners-display-component---NewPartner--btnAddTableRow-img"}]}
RESULT: {"script":"<script> [1562 bytes]","args":[{"selector":{"id":"application-managepartners-display-component---NewPartner--btnAddTableRow-img"},"wdio_ui5_key":"applicationmanagepartners-display-component---NewPartner--btnAddTableRow-img"}]}
RESULT: undefined
COMMAND: POST /session/fd980d4c89ba2068ef27cc02fb238359/element - {"using":"xpath","value":"//*[@id=\"application-managepartners-display-component---NewPartner--btnAddTableRow-img\"]"}
RESULT: {"using":"xpath","value":"//*[@id=\"application-managepartners-display-component---NewPartner--btnAddTableRow-img\"]"}
COMMAND: POST /session/fd980d4c89ba2068ef27cc02fb238359/element/f.D12FFF457A26405181F15BE3B17219F1.d.FC8A074093923DA36D8A7EBAC21B2405.e.1726/click - {}
RESULT: {}
COMMAND: GET /session/fd980d4c89ba2068ef27cc02fb238359/screenshot - {}
RESULT: {}
COMMAND: POST /session/fd980d4c89ba2068ef27cc02fb238359/element - {"using":"xpath","value":"//input[@id=\"application-managepartners-display-component---NewPartner--assignmentYard-application-managepartners-display-component---NewPartner--assignmentsTable-0-inner\"]"}
RESULT: {"using":"xpath","value":"//input[@id=\"application-managepartners-display-component---NewPartner--assignmentYard-application-managepartners-display-component---NewPartner--assignmentsTable-0-inner\"]"}
COMMAND: POST /session/fd980d4c89ba2068ef27cc02fb238359/element/f.D12FFF457A26405181F15BE3B17219F1.d.FC8A074093923DA36D8A7EBAC21B2405.e.1729/clear - {}
RESULT: {}
COMMAND: POST /session/fd980d4c89ba2068ef27cc02fb238359/element/f.D12FFF457A26405181F15BE3B17219F1.d.FC8A074093923DA36D8A7EBAC21B2405.e.1729/value - {"text":"634"}
COMMAND: GET /session/fd980d4c89ba2068ef27cc02fb238359/screenshot - {}
RESULT: {"text":"634"}
COMMAND: GET /session/fd980d4c89ba2068ef27cc02fb238359/screenshot - {}
RESULT: {}
RESULT: {}
COMMAND: POST /session/fd980d4c89ba2068ef27cc02fb238359/element - {"using":"xpath","value":"//li[.//span[text()='634']]"}
RESULT: {"using":"xpath","value":"//li[.//span[text()='634']]"}
COMMAND: POST /session/fd980d4c89ba2068ef27cc02fb238359/element/f.D12FFF457A26405181F15BE3B17219F1.d.FC8A074093923DA36D8A7EBAC21B2405.e.1738/click - {}
RESULT: {}
COMMAND: GET /session/fd980d4c89ba2068ef27cc02fb238359/screenshot - {}
RESULT: {}
COMMAND: POST /session/fd980d4c89ba2068ef27cc02fb238359/actions - {"actions":[{"id":"action3","type":"key","parameters":{},"actions":[{"type":"keyDown","value":"î€‡"},{"type":"pause","duration":10},{"type":"keyUp","value":"î€‡"}]}]}
RESULT: {"actions":[{"id":"action3","type":"key","parameters":{},"actions":[{"type":"keyDown","value":"î€‡"},{"type":"pause","duration":10},{"type":"keyUp","value":"î€‡"}]}]}
COMMAND: POST /session/fd980d4c89ba2068ef27cc02fb238359/execute/async - {"script":"<script> [1562 bytes]","args":[{"selector":{"id":"application-managepartners-display-component---NewPartner--externalCustomerComboBox-application-managepartners-display-component---NewPartner--assignmentsTable-0-vhi"},"wdio_ui5_key":"applicationmanagepartners-display-component---NewPartner--externalCustomerComboBox-application-managepartners-display-component---NewPartner--assignmentsTable-0-vhi"}]}
COMMAND: GET /session/fd980d4c89ba2068ef27cc02fb238359/screenshot - {}
RESULT: {"script":"<script> [1562 bytes]","args":[{"selector":{"id":"application-managepartners-display-component---NewPartner--externalCustomerComboBox-application-managepartners-display-component---NewPartner--assignmentsTable-0-vhi"},"wdio_ui5_key":"applicationmanagepartners-display-component---NewPartner--externalCustomerComboBox-application-managepartners-display-component---NewPartner--assignmentsTable-0-vhi"}]}
RESULT: undefined
COMMAND: POST /session/fd980d4c89ba2068ef27cc02fb238359/element - {"using":"xpath","value":"//*[@id=\"application-managepartners-display-component---NewPartner--externalCustomerComboBox-application-managepartners-display-component---NewPartner--assignmentsTable-0-vhi\"]"}
RESULT: {}
RESULT: {"using":"xpath","value":"//*[@id=\"application-managepartners-display-component---NewPartner--externalCustomerComboBox-application-managepartners-display-component---NewPartner--assignmentsTable-0-vhi\"]"}
COMMAND: POST /session/fd980d4c89ba2068ef27cc02fb238359/element/f.D12FFF457A26405181F15BE3B17219F1.d.FC8A074093923DA36D8A7EBAC21B2405.e.1742/click - {}
RESULT: {}
RESULT: undefined
COMMAND: POST /session/fd980d4c89ba2068ef27cc02fb238359/execute/async - {"script":"<script> [776 bytes]","args":[{"enterText":"300003","selector":{"controlType":"sap.m.SearchField","properties":{"placeholder":"Search"},"searchOpenDialogs":true,"interaction":{"idSuffix":"I"}},"clearTextFirst":true,"interactionType":"ENTER_TEXT"}]}
COMMAND: GET /session/fd980d4c89ba2068ef27cc02fb238359/screenshot - {}
RESULT: {"script":"<script> [776 bytes]","args":[{"enterText":"300003","selector":{"controlType":"sap.m.SearchField","properties":{"placeholder":"Search"},"searchOpenDialogs":true,"interaction":{"idSuffix":"I"}},"clearTextFirst":true,"interactionType":"ENTER_TEXT"}]}
COMMAND: POST /session/fd980d4c89ba2068ef27cc02fb238359/actions - {"actions":[{"id":"action4","type":"key","parameters":{},"actions":[{"type":"keyDown","value":"î€‡"},{"type":"pause","duration":10},{"type":"keyUp","value":"î€‡"}]}]}
RESULT: {}
RESULT: {"actions":[{"id":"action4","type":"key","parameters":{},"actions":[{"type":"keyDown","value":"î€‡"},{"type":"pause","duration":10},{"type":"keyUp","value":"î€‡"}]}]}
COMMAND: GET /session/fd980d4c89ba2068ef27cc02fb238359/screenshot - {}
RESULT: {}
COMMAND: POST /session/fd980d4c89ba2068ef27cc02fb238359/element - {"using":"xpath","value":"//span[contains(text(), \"300003\")]"}
RESULT: {"using":"xpath","value":"//span[contains(text(), \"300003\")]"}
COMMAND: POST /session/fd980d4c89ba2068ef27cc02fb238359/element/f.D12FFF457A26405181F15BE3B17219F1.d.FC8A074093923DA36D8A7EBAC21B2405.e.1759/click - {}
RESULT: {}
COMMAND: GET /session/fd980d4c89ba2068ef27cc02fb238359/screenshot - {}
RESULT: {}
COMMAND: POST /session/fd980d4c89ba2068ef27cc02fb238359/element - {"using":"xpath","value":"//bdi[contains(text(), \"OK\")]"}
RESULT: {"using":"xpath","value":"//bdi[contains(text(), \"OK\")]"}
COMMAND: POST /session/fd980d4c89ba2068ef27cc02fb238359/element/f.D12FFF457A26405181F15BE3B17219F1.d.FC8A074093923DA36D8A7EBAC21B2405.e.1761/click - {}
RESULT: {}
COMMAND: GET /session/fd980d4c89ba2068ef27cc02fb238359/screenshot - {}
RESULT: {}
COMMAND: POST /session/fd980d4c89ba2068ef27cc02fb238359/execute/async - {"script":"<script> [1562 bytes]","args":[{"selector":{"id":"application-managepartners-display-component---NewPartner--intercompVendorComboBox-application-managepartners-display-component---NewPartner--assignmentsTable-0-vhi"},"wdio_ui5_key":"applicationmanagepartners-display-component---NewPartner--intercompVendorComboBox-application-managepartners-display-component---NewPartner--assignmentsTable-0-vhi"}]}
RESULT: {"script":"<script> [1562 bytes]","args":[{"selector":{"id":"application-managepartners-display-component---NewPartner--intercompVendorComboBox-application-managepartners-display-component---NewPartner--assignmentsTable-0-vhi"},"wdio_ui5_key":"applicationmanagepartners-display-component---NewPartner--intercompVendorComboBox-application-managepartners-display-component---NewPartner--assignmentsTable-0-vhi"}]}
RESULT: undefined
COMMAND: POST /session/fd980d4c89ba2068ef27cc02fb238359/element - {"using":"xpath","value":"//*[@id=\"application-managepartners-display-component---NewPartner--intercompVendorComboBox-application-managepartners-display-component---NewPartner--assignmentsTable-0-vhi\"]"}
RESULT: {"using":"xpath","value":"//*[@id=\"application-managepartners-display-component---NewPartner--intercompVendorComboBox-application-managepartners-display-component---NewPartner--assignmentsTable-0-vhi\"]"}
COMMAND: POST /session/fd980d4c89ba2068ef27cc02fb238359/element/f.D12FFF457A26405181F15BE3B17219F1.d.FC8A074093923DA36D8A7EBAC21B2405.e.1765/click - {}
RESULT: {}
RESULT: undefined
COMMAND: POST /session/fd980d4c89ba2068ef27cc02fb238359/execute/async - {"script":"<script> [776 bytes]","args":[{"enterText":"100005","selector":{"controlType":"sap.m.SearchField","properties":{"placeholder":"Search"},"searchOpenDialogs":true,"interaction":{"idSuffix":"I"}},"clearTextFirst":true,"interactionType":"ENTER_TEXT"}]}
COMMAND: GET /session/fd980d4c89ba2068ef27cc02fb238359/screenshot - {}
RESULT: {"script":"<script> [776 bytes]","args":[{"enterText":"100005","selector":{"controlType":"sap.m.SearchField","properties":{"placeholder":"Search"},"searchOpenDialogs":true,"interaction":{"idSuffix":"I"}},"clearTextFirst":true,"interactionType":"ENTER_TEXT"}]}
COMMAND: POST /session/fd980d4c89ba2068ef27cc02fb238359/actions - {"actions":[{"id":"action5","type":"key","parameters":{},"actions":[{"type":"keyDown","value":"î€‡"},{"type":"pause","duration":10},{"type":"keyUp","value":"î€‡"}]}]}
RESULT: {}
RESULT: {"actions":[{"id":"action5","type":"key","parameters":{},"actions":[{"type":"keyDown","value":"î€‡"},{"type":"pause","duration":10},{"type":"keyUp","value":"î€‡"}]}]}
COMMAND: GET /session/fd980d4c89ba2068ef27cc02fb238359/screenshot - {}
RESULT: {}
COMMAND: POST /session/fd980d4c89ba2068ef27cc02fb238359/element - {"using":"xpath","value":"//span[contains(text(), \"Penguins - Field/12345 Berlin\")]"}
RESULT: {"using":"xpath","value":"//span[contains(text(), \"Penguins - Field/12345 Berlin\")]"}
COMMAND: POST /session/fd980d4c89ba2068ef27cc02fb238359/element/f.D12FFF457A26405181F15BE3B17219F1.d.FC8A074093923DA36D8A7EBAC21B2405.e.1784/click - {}
RESULT: {}
COMMAND: GET /session/fd980d4c89ba2068ef27cc02fb238359/screenshot - {}
RESULT: {}
COMMAND: POST /session/fd980d4c89ba2068ef27cc02fb238359/element - {"using":"xpath","value":"//bdi[contains(text(), \"OK\")]"}
RESULT: {"using":"xpath","value":"//bdi[contains(text(), \"OK\")]"}
COMMAND: POST /session/fd980d4c89ba2068ef27cc02fb238359/element/f.D12FFF457A26405181F15BE3B17219F1.d.FC8A074093923DA36D8A7EBAC21B2405.e.1785/click - {}
RESULT: {}
COMMAND: GET /session/fd980d4c89ba2068ef27cc02fb238359/screenshot - {}
RESULT: {}
COMMAND: POST /session/fd980d4c89ba2068ef27cc02fb238359/element - {"using":"xpath","value":"//button[@data-kt=\"saveButton\"]"}
RESULT: {"using":"xpath","value":"//button[@data-kt=\"saveButton\"]"}
COMMAND: POST /session/fd980d4c89ba2068ef27cc02fb238359/element/f.D12FFF457A26405181F15BE3B17219F1.d.FC8A074093923DA36D8A7EBAC21B2405.e.1589/click - {}
RESULT: {}
COMMAND: GET /session/fd980d4c89ba2068ef27cc02fb238359/screenshot - {}
RESULT: {}
COMMAND: POST /session/fd980d4c89ba2068ef27cc02fb238359/element - {"using":"xpath","value":"//header[contains(@id, 'ObjectPageLayout-headerTitle')]/div[1]/div[2]/div[2]/span[1]"}
RESULT: {"using":"xpath","value":"//header[contains(@id, 'ObjectPageLayout-headerTitle')]/div[1]/div[2]/div[2]/span[1]"}
COMMAND: POST /session/fd980d4c89ba2068ef27cc02fb238359/elements - {"using":"xpath","value":"//header[contains(@id, 'ObjectPageLayout-headerTitle')]/div[1]/div[2]/div[2]/span[1]"}
RESULT: {"using":"xpath","value":"//header[contains(@id, 'ObjectPageLayout-headerTitle')]/div[1]/div[2]/div[2]/span[1]"}
COMMAND: POST /session/fd980d4c89ba2068ef27cc02fb238359/execute/sync - {"script":"<script> [56 bytes]","args":[{"element-6066-11e4-a52e-4f735466cecf":"f.D12FFF457A26405181F15BE3B17219F1.d.FC8A074093923DA36D8A7EBAC21B2405.e.1950","ELEMENT":"f.D12FFF457A26405181F15BE3B17219F1.d.FC8A074093923DA36D8A7EBAC21B2405.e.1950"}]}
RESULT: {"script":"<script> [56 bytes]","args":[{"element-6066-11e4-a52e-4f735466cecf":"f.D12FFF457A26405181F15BE3B17219F1.d.FC8A074093923DA36D8A7EBAC21B2405.e.1950","ELEMENT":"f.D12FFF457A26405181F15BE3B17219F1.d.FC8A074093923DA36D8A7EBAC21B2405.e.1950"}]}
COMMAND: POST /session/fd980d4c89ba2068ef27cc02fb238359/element - {"using":"css selector","value":"#shell-header-logo"}
COMMAND: GET /session/fd980d4c89ba2068ef27cc02fb238359/screenshot - {}
RESULT: {"using":"css selector","value":"#shell-header-logo"}
COMMAND: POST /session/fd980d4c89ba2068ef27cc02fb238359/element/f.D12FFF457A26405181F15BE3B17219F1.d.FC8A074093923DA36D8A7EBAC21B2405.e.1009/click - {}
RESULT: {}
RESULT: {}
COMMAND: GET /session/fd980d4c89ba2068ef27cc02fb238359/screenshot - {}
RESULT: {}
COMMAND: POST /session/fd980d4c89ba2068ef27cc02fb238359/execute/sync - {"script":"<script> [299 bytes]","args":[["getModel","getResource"]]}
RESULT: {"script":"<script> [299 bytes]","args":[["getModel","getResource"]]}
COMMAND: GET /session/fd980d4c89ba2068ef27cc02fb238359/screenshot - {}
]]></system-out>
    </testcase>
    <testcase classname="chrome.136_0_7103_93.windows.Prerequisites_&amp;_test_for_yard_mass_return_on_Yard_Overview_US131057" name="Prereq Should create a new site" time="90.641">
      <system-out><![CDATA[
COMMAND: POST /session/fd980d4c89ba2068ef27cc02fb238359/execute/async - {"script":"<script> [1562 bytes]","args":[{"selector":{"controlType":"sap.m.GenericTile","properties":{"header":"Manage Sites"}},"wdio_ui5_key":"sapm.GenericTile{\"header\":\"Manage Sites\"}"}]}
RESULT: {}
RESULT: {"script":"<script> [1562 bytes]","args":[{"selector":{"controlType":"sap.m.GenericTile","properties":{"header":"Manage Sites"}},"wdio_ui5_key":"sapm.GenericTile{\"header\":\"Manage Sites\"}"}]}
RESULT: undefined
COMMAND: POST /session/fd980d4c89ba2068ef27cc02fb238359/element - {"using":"xpath","value":"//*[@id=\"__tile40\"]"}
RESULT: {"using":"xpath","value":"//*[@id=\"__tile40\"]"}
COMMAND: POST /session/fd980d4c89ba2068ef27cc02fb238359/element/f.D12FFF457A26405181F15BE3B17219F1.d.FC8A074093923DA36D8A7EBAC21B2405.e.149/click - {}
RESULT: {}
COMMAND: GET /session/fd980d4c89ba2068ef27cc02fb238359/screenshot - {}
RESULT: {}
COMMAND: POST /session/fd980d4c89ba2068ef27cc02fb238359/elements - {"using":"xpath","value":"//span[text()='Error']"}
RESULT: {"using":"xpath","value":"//span[text()='Error']"}
COMMAND: POST /session/fd980d4c89ba2068ef27cc02fb238359/element - {"using":"xpath","value":"//button[@data-kt=\"addOverflowToolbarButton\"]"}
RESULT: {"using":"xpath","value":"//button[@data-kt=\"addOverflowToolbarButton\"]"}
COMMAND: POST /session/fd980d4c89ba2068ef27cc02fb238359/elements - {"using":"xpath","value":"//button[@data-kt=\"addOverflowToolbarButton\"]"}
RESULT: {"using":"xpath","value":"//button[@data-kt=\"addOverflowToolbarButton\"]"}
COMMAND: POST /session/fd980d4c89ba2068ef27cc02fb238359/execute/sync - {"script":"<script> [8489 bytes]","args":[{"element-6066-11e4-a52e-4f735466cecf":"f.D12FFF457A26405181F15BE3B17219F1.d.FC8A074093923DA36D8A7EBAC21B2405.e.1997","ELEMENT":"f.D12FFF457A26405181F15BE3B17219F1.d.FC8A074093923DA36D8A7EBAC21B2405.e.1997"}]}
RESULT: {"script":"<script> [8489 bytes]","args":[{"element-6066-11e4-a52e-4f735466cecf":"f.D12FFF457A26405181F15BE3B17219F1.d.FC8A074093923DA36D8A7EBAC21B2405.e.1997","ELEMENT":"f.D12FFF457A26405181F15BE3B17219F1.d.FC8A074093923DA36D8A7EBAC21B2405.e.1997"}]}
COMMAND: GET /session/fd980d4c89ba2068ef27cc02fb238359/element/f.D12FFF457A26405181F15BE3B17219F1.d.FC8A074093923DA36D8A7EBAC21B2405.e.1997/enabled - {}
COMMAND: GET /session/fd980d4c89ba2068ef27cc02fb238359/screenshot - {}
RESULT: {}
COMMAND: POST /session/fd980d4c89ba2068ef27cc02fb238359/execute/sync - {"script":"<script> [8489 bytes]","args":[{"element-6066-11e4-a52e-4f735466cecf":"f.D12FFF457A26405181F15BE3B17219F1.d.FC8A074093923DA36D8A7EBAC21B2405.e.1997","ELEMENT":"f.D12FFF457A26405181F15BE3B17219F1.d.FC8A074093923DA36D8A7EBAC21B2405.e.1997"}]}
COMMAND: GET /session/fd980d4c89ba2068ef27cc02fb238359/screenshot - {}
RESULT: {}
RESULT: {"script":"<script> [8489 bytes]","args":[{"element-6066-11e4-a52e-4f735466cecf":"f.D12FFF457A26405181F15BE3B17219F1.d.FC8A074093923DA36D8A7EBAC21B2405.e.1997","ELEMENT":"f.D12FFF457A26405181F15BE3B17219F1.d.FC8A074093923DA36D8A7EBAC21B2405.e.1997"}]}
COMMAND: POST /session/fd980d4c89ba2068ef27cc02fb238359/execute/sync - {"script":"<script> [5351 bytes]","args":[{"element-6066-11e4-a52e-4f735466cecf":"f.D12FFF457A26405181F15BE3B17219F1.d.FC8A074093923DA36D8A7EBAC21B2405.e.1997","ELEMENT":"f.D12FFF457A26405181F15BE3B17219F1.d.FC8A074093923DA36D8A7EBAC21B2405.e.1997"}]}
COMMAND: GET /session/fd980d4c89ba2068ef27cc02fb238359/screenshot - {}
RESULT: {}
RESULT: {"script":"<script> [5351 bytes]","args":[{"element-6066-11e4-a52e-4f735466cecf":"f.D12FFF457A26405181F15BE3B17219F1.d.FC8A074093923DA36D8A7EBAC21B2405.e.1997","ELEMENT":"f.D12FFF457A26405181F15BE3B17219F1.d.FC8A074093923DA36D8A7EBAC21B2405.e.1997"}]}
COMMAND: POST /session/fd980d4c89ba2068ef27cc02fb238359/element/f.D12FFF457A26405181F15BE3B17219F1.d.FC8A074093923DA36D8A7EBAC21B2405.e.1997/click - {}
COMMAND: GET /session/fd980d4c89ba2068ef27cc02fb238359/screenshot - {}
RESULT: {}
RESULT: {}
COMMAND: GET /session/fd980d4c89ba2068ef27cc02fb238359/screenshot - {}
RESULT: {}
RESULT: {}
COMMAND: POST /session/fd980d4c89ba2068ef27cc02fb238359/element - {"using":"xpath","value":"//input[@id=\"application-managesites-display-component---NewSite--siteId-inner\"]"}
RESULT: {"using":"xpath","value":"//input[@id=\"application-managesites-display-component---NewSite--siteId-inner\"]"}
COMMAND: POST /session/fd980d4c89ba2068ef27cc02fb238359/element - {"using":"xpath","value":"//input[@id=\"application-managesites-display-component---NewSite--siteId-inner\"]"}
RESULT: {"using":"xpath","value":"//input[@id=\"application-managesites-display-component---NewSite--siteId-inner\"]"}
COMMAND: POST /session/fd980d4c89ba2068ef27cc02fb238359/execute/async - {"script":"<script> [1562 bytes]","args":[{"selector":{"id":"application-managesites-display-component---NewSite--addressDetailDetailsName1","interaction":{"idSuffix":"inner"}},"wdio_ui5_key":"applicationmanagesites-display-component---NewSite--addressDetailDetailsName1"}]}
RESULT: {"script":"<script> [1562 bytes]","args":[{"selector":{"id":"application-managesites-display-component---NewSite--addressDetailDetailsName1","interaction":{"idSuffix":"inner"}},"wdio_ui5_key":"applicationmanagesites-display-component---NewSite--addressDetailDetailsName1"}]}
RESULT: undefined
COMMAND: POST /session/fd980d4c89ba2068ef27cc02fb238359/execute/async - {"script":"<script> [776 bytes]","args":[{"enterText":"Intracompany Site wdIO","selector":{"id":"application-managesites-display-component---NewSite--addressDetailDetailsName1","interaction":{"idSuffix":"inner"}},"clearTextFirst":true,"interactionType":"ENTER_TEXT"}]}
RESULT: {"script":"<script> [776 bytes]","args":[{"enterText":"Intracompany Site wdIO","selector":{"id":"application-managesites-display-component---NewSite--addressDetailDetailsName1","interaction":{"idSuffix":"inner"}},"clearTextFirst":true,"interactionType":"ENTER_TEXT"}]}
COMMAND: POST /session/fd980d4c89ba2068ef27cc02fb238359/execute/async - {"script":"<script> [1562 bytes]","args":[{"selector":{"id":"application-managesites-display-component---NewSite--addressDetailDetailsLanguage-arrow"},"wdio_ui5_key":"applicationmanagesites-display-component---NewSite--addressDetailDetailsLanguage-arrow"}]}
RESULT: {"script":"<script> [1562 bytes]","args":[{"selector":{"id":"application-managesites-display-component---NewSite--addressDetailDetailsLanguage-arrow"},"wdio_ui5_key":"applicationmanagesites-display-component---NewSite--addressDetailDetailsLanguage-arrow"}]}
RESULT: undefined
COMMAND: POST /session/fd980d4c89ba2068ef27cc02fb238359/element - {"using":"xpath","value":"//*[@id=\"application-managesites-display-component---NewSite--addressDetailDetailsLanguage-arrow\"]"}
RESULT: {"using":"xpath","value":"//*[@id=\"application-managesites-display-component---NewSite--addressDetailDetailsLanguage-arrow\"]"}
COMMAND: POST /session/fd980d4c89ba2068ef27cc02fb238359/element/f.D12FFF457A26405181F15BE3B17219F1.d.FC8A074093923DA36D8A7EBAC21B2405.e.2622/click - {}
RESULT: {}
COMMAND: POST /session/fd980d4c89ba2068ef27cc02fb238359/element - {"using":"xpath","value":"//span[contains(text(), \"English\")]"}
COMMAND: GET /session/fd980d4c89ba2068ef27cc02fb238359/screenshot - {}
RESULT: {"using":"xpath","value":"//span[contains(text(), \"English\")]"}
COMMAND: POST /session/fd980d4c89ba2068ef27cc02fb238359/element/f.D12FFF457A26405181F15BE3B17219F1.d.FC8A074093923DA36D8A7EBAC21B2405.e.2623/click - {}
RESULT: {}
RESULT: {}
COMMAND: POST /session/fd980d4c89ba2068ef27cc02fb238359/execute/async - {"script":"<script> [1562 bytes]","args":[{"selector":{"id":"application-managesites-display-component---NewSite--addressDetailDetailsCity1","interaction":{"idSuffix":"inner"}},"wdio_ui5_key":"applicationmanagesites-display-component---NewSite--addressDetailDetailsCity1"}]}
COMMAND: GET /session/fd980d4c89ba2068ef27cc02fb238359/screenshot - {}
RESULT: {"script":"<script> [1562 bytes]","args":[{"selector":{"id":"application-managesites-display-component---NewSite--addressDetailDetailsCity1","interaction":{"idSuffix":"inner"}},"wdio_ui5_key":"applicationmanagesites-display-component---NewSite--addressDetailDetailsCity1"}]}
RESULT: undefined
COMMAND: POST /session/fd980d4c89ba2068ef27cc02fb238359/execute/async - {"script":"<script> [776 bytes]","args":[{"enterText":"Rosario","selector":{"id":"application-managesites-display-component---NewSite--addressDetailDetailsCity1","interaction":{"idSuffix":"inner"}},"clearTextFirst":true,"interactionType":"ENTER_TEXT"}]}
RESULT: {}
RESULT: {"script":"<script> [776 bytes]","args":[{"enterText":"Rosario","selector":{"id":"application-managesites-display-component---NewSite--addressDetailDetailsCity1","interaction":{"idSuffix":"inner"}},"clearTextFirst":true,"interactionType":"ENTER_TEXT"}]}
COMMAND: POST /session/fd980d4c89ba2068ef27cc02fb238359/execute/async - {"script":"<script> [1562 bytes]","args":[{"selector":{"id":"application-managesites-display-component---NewSite--addressDetailDetailsCountry-arrow"},"wdio_ui5_key":"applicationmanagesites-display-component---NewSite--addressDetailDetailsCountry-arrow"}]}
RESULT: {"script":"<script> [1562 bytes]","args":[{"selector":{"id":"application-managesites-display-component---NewSite--addressDetailDetailsCountry-arrow"},"wdio_ui5_key":"applicationmanagesites-display-component---NewSite--addressDetailDetailsCountry-arrow"}]}
RESULT: undefined
COMMAND: POST /session/fd980d4c89ba2068ef27cc02fb238359/element - {"using":"xpath","value":"//*[@id=\"application-managesites-display-component---NewSite--addressDetailDetailsCountry-arrow\"]"}
RESULT: {"using":"xpath","value":"//*[@id=\"application-managesites-display-component---NewSite--addressDetailDetailsCountry-arrow\"]"}
COMMAND: POST /session/fd980d4c89ba2068ef27cc02fb238359/element/f.D12FFF457A26405181F15BE3B17219F1.d.FC8A074093923DA36D8A7EBAC21B2405.e.2625/click - {}
RESULT: {}
COMMAND: POST /session/fd980d4c89ba2068ef27cc02fb238359/element - {"using":"xpath","value":"//span[contains(text(), \"Argentina\")]"}
COMMAND: GET /session/fd980d4c89ba2068ef27cc02fb238359/screenshot - {}
RESULT: {"using":"xpath","value":"//span[contains(text(), \"Argentina\")]"}
COMMAND: POST /session/fd980d4c89ba2068ef27cc02fb238359/element/f.D12FFF457A26405181F15BE3B17219F1.d.FC8A074093923DA36D8A7EBAC21B2405.e.2626/click - {}
RESULT: {}
RESULT: {}
COMMAND: GET /session/fd980d4c89ba2068ef27cc02fb238359/screenshot - {}
RESULT: {}
COMMAND: POST /session/fd980d4c89ba2068ef27cc02fb238359/execute/async - {"script":"<script> [1562 bytes]","args":[{"selector":{"id":"application-managesites-display-component---NewSite--addressEditDetailsCostObjectCstType-arrow"},"wdio_ui5_key":"applicationmanagesites-display-component---NewSite--addressEditDetailsCostObjectCstType-arrow"}]}
RESULT: {"script":"<script> [1562 bytes]","args":[{"selector":{"id":"application-managesites-display-component---NewSite--addressEditDetailsCostObjectCstType-arrow"},"wdio_ui5_key":"applicationmanagesites-display-component---NewSite--addressEditDetailsCostObjectCstType-arrow"}]}
RESULT: undefined
COMMAND: POST /session/fd980d4c89ba2068ef27cc02fb238359/element - {"using":"xpath","value":"//*[@id=\"application-managesites-display-component---NewSite--addressEditDetailsCostObjectCstType-arrow\"]"}
RESULT: {"using":"xpath","value":"//*[@id=\"application-managesites-display-component---NewSite--addressEditDetailsCostObjectCstType-arrow\"]"}
COMMAND: POST /session/fd980d4c89ba2068ef27cc02fb238359/element/f.D12FFF457A26405181F15BE3B17219F1.d.FC8A074093923DA36D8A7EBAC21B2405.e.2628/click - {}
RESULT: {}
COMMAND: POST /session/fd980d4c89ba2068ef27cc02fb238359/element - {"using":"xpath","value":"//span[contains(text(), \"Cost Center\")]"}
COMMAND: GET /session/fd980d4c89ba2068ef27cc02fb238359/screenshot - {}
RESULT: {"using":"xpath","value":"//span[contains(text(), \"Cost Center\")]"}
COMMAND: POST /session/fd980d4c89ba2068ef27cc02fb238359/element/f.D12FFF457A26405181F15BE3B17219F1.d.FC8A074093923DA36D8A7EBAC21B2405.e.2629/click - {}
RESULT: {}
RESULT: {}
COMMAND: GET /session/fd980d4c89ba2068ef27cc02fb238359/screenshot - {}
RESULT: {}
COMMAND: POST /session/fd980d4c89ba2068ef27cc02fb238359/element - {"using":"xpath","value":"//span[@id=\"application-managesites-display-component---NewSite--addressNewCostObjectCstID-vhi\"]"}
RESULT: {"using":"xpath","value":"//span[@id=\"application-managesites-display-component---NewSite--addressNewCostObjectCstID-vhi\"]"}
COMMAND: POST /session/fd980d4c89ba2068ef27cc02fb238359/execute/sync - {"script":"<script> [8489 bytes]","args":[{"element-6066-11e4-a52e-4f735466cecf":"f.D12FFF457A26405181F15BE3B17219F1.d.FC8A074093923DA36D8A7EBAC21B2405.e.2634","ELEMENT":"f.D12FFF457A26405181F15BE3B17219F1.d.FC8A074093923DA36D8A7EBAC21B2405.e.2634"}]}
RESULT: {"script":"<script> [8489 bytes]","args":[{"element-6066-11e4-a52e-4f735466cecf":"f.D12FFF457A26405181F15BE3B17219F1.d.FC8A074093923DA36D8A7EBAC21B2405.e.2634","ELEMENT":"f.D12FFF457A26405181F15BE3B17219F1.d.FC8A074093923DA36D8A7EBAC21B2405.e.2634"}]}
COMMAND: POST /session/fd980d4c89ba2068ef27cc02fb238359/execute/async - {"script":"<script> [1562 bytes]","args":[{"selector":{"id":"application-managesites-display-component---NewSite--addressNewCostObjectCstID-vhi"},"wdio_ui5_key":"applicationmanagesites-display-component---NewSite--addressNewCostObjectCstID-vhi"}]}
COMMAND: GET /session/fd980d4c89ba2068ef27cc02fb238359/screenshot - {}
RESULT: {"script":"<script> [1562 bytes]","args":[{"selector":{"id":"application-managesites-display-component---NewSite--addressNewCostObjectCstID-vhi"},"wdio_ui5_key":"applicationmanagesites-display-component---NewSite--addressNewCostObjectCstID-vhi"}]}
RESULT: undefined
COMMAND: POST /session/fd980d4c89ba2068ef27cc02fb238359/element - {"using":"xpath","value":"//*[@id=\"application-managesites-display-component---NewSite--addressNewCostObjectCstID-vhi\"]"}
RESULT: {}
RESULT: {"using":"xpath","value":"//*[@id=\"application-managesites-display-component---NewSite--addressNewCostObjectCstID-vhi\"]"}
COMMAND: POST /session/fd980d4c89ba2068ef27cc02fb238359/element/f.D12FFF457A26405181F15BE3B17219F1.d.FC8A074093923DA36D8A7EBAC21B2405.e.2634/click - {}
RESULT: {}
COMMAND: GET /session/fd980d4c89ba2068ef27cc02fb238359/screenshot - {}
RESULT: {}
RESULT: undefined
COMMAND: POST /session/fd980d4c89ba2068ef27cc02fb238359/execute/async - {"script":"<script> [776 bytes]","args":[{"enterText":"10001013","selector":{"controlType":"sap.m.SearchField","properties":{"placeholder":"Search"},"searchOpenDialogs":true,"interaction":{"idSuffix":"I"}},"clearTextFirst":true,"interactionType":"ENTER_TEXT"}]}
RESULT: {"script":"<script> [776 bytes]","args":[{"enterText":"10001013","selector":{"controlType":"sap.m.SearchField","properties":{"placeholder":"Search"},"searchOpenDialogs":true,"interaction":{"idSuffix":"I"}},"clearTextFirst":true,"interactionType":"ENTER_TEXT"}]}
COMMAND: POST /session/fd980d4c89ba2068ef27cc02fb238359/actions - {"actions":[{"id":"action6","type":"key","parameters":{},"actions":[{"type":"keyDown","value":"î€‡"},{"type":"pause","duration":10},{"type":"keyUp","value":"î€‡"}]}]}
RESULT: {"actions":[{"id":"action6","type":"key","parameters":{},"actions":[{"type":"keyDown","value":"î€‡"},{"type":"pause","duration":10},{"type":"keyUp","value":"î€‡"}]}]}
COMMAND: GET /session/fd980d4c89ba2068ef27cc02fb238359/screenshot - {}
RESULT: {}
COMMAND: POST /session/fd980d4c89ba2068ef27cc02fb238359/element - {"using":"xpath","value":"//span[contains(text(), \"General Management\")]"}
RESULT: {"using":"xpath","value":"//span[contains(text(), \"General Management\")]"}
COMMAND: POST /session/fd980d4c89ba2068ef27cc02fb238359/element/f.D12FFF457A26405181F15BE3B17219F1.d.FC8A074093923DA36D8A7EBAC21B2405.e.2673/click - {}
RESULT: {}
COMMAND: GET /session/fd980d4c89ba2068ef27cc02fb238359/screenshot - {}
RESULT: {}
COMMAND: POST /session/fd980d4c89ba2068ef27cc02fb238359/element - {"using":"xpath","value":"//bdi[contains(text(), \"OK\")]"}
RESULT: {"using":"xpath","value":"//bdi[contains(text(), \"OK\")]"}
COMMAND: POST /session/fd980d4c89ba2068ef27cc02fb238359/element/f.D12FFF457A26405181F15BE3B17219F1.d.FC8A074093923DA36D8A7EBAC21B2405.e.2674/click - {}
RESULT: {}
COMMAND: GET /session/fd980d4c89ba2068ef27cc02fb238359/screenshot - {}
RESULT: {}
COMMAND: POST /session/fd980d4c89ba2068ef27cc02fb238359/element - {"using":"xpath","value":"//input[@id=\"application-managesites-display-component---NewSite--addressDetailDetailsCalendar-inner\"]"}
RESULT: {"using":"xpath","value":"//input[@id=\"application-managesites-display-component---NewSite--addressDetailDetailsCalendar-inner\"]"}
COMMAND: POST /session/fd980d4c89ba2068ef27cc02fb238359/element/f.D12FFF457A26405181F15BE3B17219F1.d.FC8A074093923DA36D8A7EBAC21B2405.e.2469/clear - {}
RESULT: {}
COMMAND: POST /session/fd980d4c89ba2068ef27cc02fb238359/element/f.D12FFF457A26405181F15BE3B17219F1.d.FC8A074093923DA36D8A7EBAC21B2405.e.2469/value - {"text":"Unit"}
COMMAND: GET /session/fd980d4c89ba2068ef27cc02fb238359/screenshot - {}
RESULT: {"text":"Unit"}
COMMAND: GET /session/fd980d4c89ba2068ef27cc02fb238359/screenshot - {}
RESULT: {}
RESULT: {}
COMMAND: POST /session/fd980d4c89ba2068ef27cc02fb238359/actions - {"actions":[{"id":"action7","type":"key","parameters":{},"actions":[{"type":"keyDown","value":"î€‡"},{"type":"pause","duration":10},{"type":"keyUp","value":"î€‡"}]}]}
RESULT: {"actions":[{"id":"action7","type":"key","parameters":{},"actions":[{"type":"keyDown","value":"î€‡"},{"type":"pause","duration":10},{"type":"keyUp","value":"î€‡"}]}]}
COMMAND: POST /session/fd980d4c89ba2068ef27cc02fb238359/element - {"using":"xpath","value":"//input[@id=\"application-managesites-display-component---NewSite--addressDetailDetailsYard-inner\"]"}
COMMAND: GET /session/fd980d4c89ba2068ef27cc02fb238359/screenshot - {}
RESULT: {"using":"xpath","value":"//input[@id=\"application-managesites-display-component---NewSite--addressDetailDetailsYard-inner\"]"}
COMMAND: POST /session/fd980d4c89ba2068ef27cc02fb238359/element/f.D12FFF457A26405181F15BE3B17219F1.d.FC8A074093923DA36D8A7EBAC21B2405.e.2470/clear - {}
RESULT: {}
RESULT: {}
COMMAND: POST /session/fd980d4c89ba2068ef27cc02fb238359/element/f.D12FFF457A26405181F15BE3B17219F1.d.FC8A074093923DA36D8A7EBAC21B2405.e.2470/value - {"text":"634"}
COMMAND: GET /session/fd980d4c89ba2068ef27cc02fb238359/screenshot - {}
RESULT: {"text":"634"}
COMMAND: GET /session/fd980d4c89ba2068ef27cc02fb238359/screenshot - {}
RESULT: {}
RESULT: {}
COMMAND: POST /session/fd980d4c89ba2068ef27cc02fb238359/element - {"using":"xpath","value":"//li[.//span[text()='634']]"}
RESULT: {"using":"xpath","value":"//li[.//span[text()='634']]"}
COMMAND: POST /session/fd980d4c89ba2068ef27cc02fb238359/element/f.D12FFF457A26405181F15BE3B17219F1.d.FC8A074093923DA36D8A7EBAC21B2405.e.2682/click - {}
RESULT: {}
COMMAND: GET /session/fd980d4c89ba2068ef27cc02fb238359/screenshot - {}
RESULT: {}
COMMAND: POST /session/fd980d4c89ba2068ef27cc02fb238359/element - {"using":"xpath","value":"//input[@id=\"application-managesites-display-component---NewSite--addressDetailDetailsPartner-inner\"]"}
RESULT: {"using":"xpath","value":"//input[@id=\"application-managesites-display-component---NewSite--addressDetailDetailsPartner-inner\"]"}
COMMAND: POST /session/fd980d4c89ba2068ef27cc02fb238359/element - {"using":"xpath","value":"//input[@id=\"application-managesites-display-component---NewSite--addressDetailDetailsPartner-inner\"]"}
RESULT: {"using":"xpath","value":"//input[@id=\"application-managesites-display-component---NewSite--addressDetailDetailsPartner-inner\"]"}
COMMAND: POST /session/fd980d4c89ba2068ef27cc02fb238359/element - {"using":"xpath","value":"//button[@data-kt=\"saveButton\"]"}
RESULT: {"using":"xpath","value":"//button[@data-kt=\"saveButton\"]"}
COMMAND: POST /session/fd980d4c89ba2068ef27cc02fb238359/element/f.D12FFF457A26405181F15BE3B17219F1.d.FC8A074093923DA36D8A7EBAC21B2405.e.2603/click - {}
RESULT: {}
COMMAND: GET /session/fd980d4c89ba2068ef27cc02fb238359/screenshot - {}
RESULT: {}
COMMAND: POST /session/fd980d4c89ba2068ef27cc02fb238359/element - {"using":"xpath","value":"//header[contains(@id, 'ObjectPageLayout-headerTitle')]/div[1]/div[2]/div[2]/span[1]"}
RESULT: {"using":"xpath","value":"//header[contains(@id, 'ObjectPageLayout-headerTitle')]/div[1]/div[2]/div[2]/span[1]"}
COMMAND: POST /session/fd980d4c89ba2068ef27cc02fb238359/elements - {"using":"xpath","value":"//header[contains(@id, 'ObjectPageLayout-headerTitle')]/div[1]/div[2]/div[2]/span[1]"}
RESULT: {"using":"xpath","value":"//header[contains(@id, 'ObjectPageLayout-headerTitle')]/div[1]/div[2]/div[2]/span[1]"}
COMMAND: POST /session/fd980d4c89ba2068ef27cc02fb238359/execute/sync - {"script":"<script> [56 bytes]","args":[{"element-6066-11e4-a52e-4f735466cecf":"f.D12FFF457A26405181F15BE3B17219F1.d.FC8A074093923DA36D8A7EBAC21B2405.e.2886","ELEMENT":"f.D12FFF457A26405181F15BE3B17219F1.d.FC8A074093923DA36D8A7EBAC21B2405.e.2886"}]}
RESULT: {"script":"<script> [56 bytes]","args":[{"element-6066-11e4-a52e-4f735466cecf":"f.D12FFF457A26405181F15BE3B17219F1.d.FC8A074093923DA36D8A7EBAC21B2405.e.2886","ELEMENT":"f.D12FFF457A26405181F15BE3B17219F1.d.FC8A074093923DA36D8A7EBAC21B2405.e.2886"}]}
COMMAND: POST /session/fd980d4c89ba2068ef27cc02fb238359/element - {"using":"css selector","value":"#shell-header-logo"}
COMMAND: GET /session/fd980d4c89ba2068ef27cc02fb238359/screenshot - {}
RESULT: {"using":"css selector","value":"#shell-header-logo"}
COMMAND: POST /session/fd980d4c89ba2068ef27cc02fb238359/element/f.D12FFF457A26405181F15BE3B17219F1.d.FC8A074093923DA36D8A7EBAC21B2405.e.1955/click - {}
RESULT: {}
RESULT: {}
COMMAND: GET /session/fd980d4c89ba2068ef27cc02fb238359/screenshot - {}
RESULT: {}
COMMAND: POST /session/fd980d4c89ba2068ef27cc02fb238359/execute/sync - {"script":"<script> [299 bytes]","args":[["getModel","getResource"]]}
RESULT: {"script":"<script> [299 bytes]","args":[["getModel","getResource"]]}
]]></system-out>
    </testcase>
    <testcase classname="chrome.136_0_7103_93.windows.Prerequisites_&amp;_test_for_yard_mass_return_on_Yard_Overview_US131057" name="Prereq Should create a new material" time="115.721">
      <system-out><![CDATA[
COMMAND: POST /session/fd980d4c89ba2068ef27cc02fb238359/execute/async - {"script":"<script> [1562 bytes]","args":[{"selector":{"controlType":"sap.m.GenericTile","properties":{"header":"Manage Resources"}},"wdio_ui5_key":"sapm.GenericTile{\"header\":\"Manage Resources\"}"}]}
COMMAND: GET /session/fd980d4c89ba2068ef27cc02fb238359/screenshot - {}
RESULT: {"script":"<script> [1562 bytes]","args":[{"selector":{"controlType":"sap.m.GenericTile","properties":{"header":"Manage Resources"}},"wdio_ui5_key":"sapm.GenericTile{\"header\":\"Manage Resources\"}"}]}
RESULT: undefined
COMMAND: POST /session/fd980d4c89ba2068ef27cc02fb238359/element - {"using":"xpath","value":"//*[@id=\"__tile39\"]"}
RESULT: {}
RESULT: {"using":"xpath","value":"//*[@id=\"__tile39\"]"}
COMMAND: POST /session/fd980d4c89ba2068ef27cc02fb238359/element/f.D12FFF457A26405181F15BE3B17219F1.d.FC8A074093923DA36D8A7EBAC21B2405.e.146/click - {}
RESULT: {}
COMMAND: GET /session/fd980d4c89ba2068ef27cc02fb238359/screenshot - {}
RESULT: {}
COMMAND: POST /session/fd980d4c89ba2068ef27cc02fb238359/elements - {"using":"xpath","value":"//span[text()='Error']"}
RESULT: {"using":"xpath","value":"//span[text()='Error']"}
COMMAND: POST /session/fd980d4c89ba2068ef27cc02fb238359/element - {"using":"xpath","value":"//button[@data-kt=\"addNewRUOverflowToolbarButton\"]"}
RESULT: {"using":"xpath","value":"//button[@data-kt=\"addNewRUOverflowToolbarButton\"]"}
COMMAND: POST /session/fd980d4c89ba2068ef27cc02fb238359/elements - {"using":"xpath","value":"//button[@data-kt=\"addNewRUOverflowToolbarButton\"]"}
RESULT: {"using":"xpath","value":"//button[@data-kt=\"addNewRUOverflowToolbarButton\"]"}
COMMAND: POST /session/fd980d4c89ba2068ef27cc02fb238359/execute/sync - {"script":"<script> [8489 bytes]","args":[{"element-6066-11e4-a52e-4f735466cecf":"f.D12FFF457A26405181F15BE3B17219F1.d.FC8A074093923DA36D8A7EBAC21B2405.e.2930","ELEMENT":"f.D12FFF457A26405181F15BE3B17219F1.d.FC8A074093923DA36D8A7EBAC21B2405.e.2930"}]}
RESULT: {"script":"<script> [8489 bytes]","args":[{"element-6066-11e4-a52e-4f735466cecf":"f.D12FFF457A26405181F15BE3B17219F1.d.FC8A074093923DA36D8A7EBAC21B2405.e.2930","ELEMENT":"f.D12FFF457A26405181F15BE3B17219F1.d.FC8A074093923DA36D8A7EBAC21B2405.e.2930"}]}
COMMAND: GET /session/fd980d4c89ba2068ef27cc02fb238359/element/f.D12FFF457A26405181F15BE3B17219F1.d.FC8A074093923DA36D8A7EBAC21B2405.e.2930/enabled - {}
COMMAND: GET /session/fd980d4c89ba2068ef27cc02fb238359/screenshot - {}
RESULT: {}
COMMAND: POST /session/fd980d4c89ba2068ef27cc02fb238359/execute/sync - {"script":"<script> [8489 bytes]","args":[{"element-6066-11e4-a52e-4f735466cecf":"f.D12FFF457A26405181F15BE3B17219F1.d.FC8A074093923DA36D8A7EBAC21B2405.e.2930","ELEMENT":"f.D12FFF457A26405181F15BE3B17219F1.d.FC8A074093923DA36D8A7EBAC21B2405.e.2930"}]}
COMMAND: GET /session/fd980d4c89ba2068ef27cc02fb238359/screenshot - {}
RESULT: {}
RESULT: {"script":"<script> [8489 bytes]","args":[{"element-6066-11e4-a52e-4f735466cecf":"f.D12FFF457A26405181F15BE3B17219F1.d.FC8A074093923DA36D8A7EBAC21B2405.e.2930","ELEMENT":"f.D12FFF457A26405181F15BE3B17219F1.d.FC8A074093923DA36D8A7EBAC21B2405.e.2930"}]}
COMMAND: POST /session/fd980d4c89ba2068ef27cc02fb238359/execute/sync - {"script":"<script> [5351 bytes]","args":[{"element-6066-11e4-a52e-4f735466cecf":"f.D12FFF457A26405181F15BE3B17219F1.d.FC8A074093923DA36D8A7EBAC21B2405.e.2930","ELEMENT":"f.D12FFF457A26405181F15BE3B17219F1.d.FC8A074093923DA36D8A7EBAC21B2405.e.2930"}]}
COMMAND: GET /session/fd980d4c89ba2068ef27cc02fb238359/screenshot - {}
RESULT: {}
RESULT: {"script":"<script> [5351 bytes]","args":[{"element-6066-11e4-a52e-4f735466cecf":"f.D12FFF457A26405181F15BE3B17219F1.d.FC8A074093923DA36D8A7EBAC21B2405.e.2930","ELEMENT":"f.D12FFF457A26405181F15BE3B17219F1.d.FC8A074093923DA36D8A7EBAC21B2405.e.2930"}]}
COMMAND: POST /session/fd980d4c89ba2068ef27cc02fb238359/element/f.D12FFF457A26405181F15BE3B17219F1.d.FC8A074093923DA36D8A7EBAC21B2405.e.2930/click - {}
COMMAND: GET /session/fd980d4c89ba2068ef27cc02fb238359/screenshot - {}
RESULT: {}
RESULT: {}
COMMAND: GET /session/fd980d4c89ba2068ef27cc02fb238359/screenshot - {}
RESULT: {}
COMMAND: POST /session/fd980d4c89ba2068ef27cc02fb238359/execute/async - {"script":"<script> [1562 bytes]","args":[{"selector":{"id":"application-manageresources-display-component---newResourceUnit--TYPE-arrow"},"wdio_ui5_key":"applicationmanageresources-display-component---newResourceUnit--TYPE-arrow"}]}
RESULT: {}
RESULT: {"script":"<script> [1562 bytes]","args":[{"selector":{"id":"application-manageresources-display-component---newResourceUnit--TYPE-arrow"},"wdio_ui5_key":"applicationmanageresources-display-component---newResourceUnit--TYPE-arrow"}]}
RESULT: undefined
COMMAND: POST /session/fd980d4c89ba2068ef27cc02fb238359/element - {"using":"xpath","value":"//*[@id=\"application-manageresources-display-component---newResourceUnit--TYPE-arrow\"]"}
RESULT: {"using":"xpath","value":"//*[@id=\"application-manageresources-display-component---newResourceUnit--TYPE-arrow\"]"}
COMMAND: POST /session/fd980d4c89ba2068ef27cc02fb238359/element/f.D12FFF457A26405181F15BE3B17219F1.d.FC8A074093923DA36D8A7EBAC21B2405.e.3296/click - {}
RESULT: {}
COMMAND: POST /session/fd980d4c89ba2068ef27cc02fb238359/element - {"using":"xpath","value":"//input[@id=\"application-manageresources-display-component---newResourceUnit--TYPE-inner\"]"}
COMMAND: GET /session/fd980d4c89ba2068ef27cc02fb238359/screenshot - {}
RESULT: {"using":"xpath","value":"//input[@id=\"application-manageresources-display-component---newResourceUnit--TYPE-inner\"]"}
COMMAND: POST /session/fd980d4c89ba2068ef27cc02fb238359/element/f.D12FFF457A26405181F15BE3B17219F1.d.FC8A074093923DA36D8A7EBAC21B2405.e.3272/clear - {}
RESULT: {}
RESULT: {}
COMMAND: POST /session/fd980d4c89ba2068ef27cc02fb238359/element/f.D12FFF457A26405181F15BE3B17219F1.d.FC8A074093923DA36D8A7EBAC21B2405.e.3272/value - {"text":"Material"}
COMMAND: GET /session/fd980d4c89ba2068ef27cc02fb238359/screenshot - {}
RESULT: {"text":"Material"}
COMMAND: GET /session/fd980d4c89ba2068ef27cc02fb238359/screenshot - {}
RESULT: {}
RESULT: {}
COMMAND: POST /session/fd980d4c89ba2068ef27cc02fb238359/actions - {"actions":[{"id":"action8","type":"key","parameters":{},"actions":[{"type":"keyDown","value":"î€‡"},{"type":"pause","duration":10},{"type":"keyUp","value":"î€‡"}]}]}
RESULT: {"actions":[{"id":"action8","type":"key","parameters":{},"actions":[{"type":"keyDown","value":"î€‡"},{"type":"pause","duration":10},{"type":"keyUp","value":"î€‡"}]}]}
COMMAND: POST /session/fd980d4c89ba2068ef27cc02fb238359/execute/async - {"script":"<script> [1562 bytes]","args":[{"selector":{"id":"application-manageresources-display-component---newResourceUnit--SHORT_TEXT","interaction":{"idSuffix":"inner"}},"wdio_ui5_key":"applicationmanageresources-display-component---newResourceUnit--SHORT_TEXT"}]}
COMMAND: GET /session/fd980d4c89ba2068ef27cc02fb238359/screenshot - {}
RESULT: {"script":"<script> [1562 bytes]","args":[{"selector":{"id":"application-manageresources-display-component---newResourceUnit--SHORT_TEXT","interaction":{"idSuffix":"inner"}},"wdio_ui5_key":"applicationmanageresources-display-component---newResourceUnit--SHORT_TEXT"}]}
RESULT: undefined
COMMAND: POST /session/fd980d4c89ba2068ef27cc02fb238359/execute/async - {"script":"<script> [776 bytes]","args":[{"enterText":"Cement WDIO","selector":{"id":"application-manageresources-display-component---newResourceUnit--SHORT_TEXT","interaction":{"idSuffix":"inner"}},"clearTextFirst":true,"interactionType":"ENTER_TEXT"}]}
RESULT: {}
RESULT: {"script":"<script> [776 bytes]","args":[{"enterText":"Cement WDIO","selector":{"id":"application-manageresources-display-component---newResourceUnit--SHORT_TEXT","interaction":{"idSuffix":"inner"}},"clearTextFirst":true,"interactionType":"ENTER_TEXT"}]}
COMMAND: POST /session/fd980d4c89ba2068ef27cc02fb238359/execute/async - {"script":"<script> [1562 bytes]","args":[{"selector":{"id":"application-manageresources-display-component---newResourceUnit--BASE_UNIT_OF_MEASURE","interaction":{"idSuffix":"inner"}},"wdio_ui5_key":"applicationmanageresources-display-component---newResourceUnit--BASE_UNIT_OF_MEASURE"}]}
RESULT: {"script":"<script> [1562 bytes]","args":[{"selector":{"id":"application-manageresources-display-component---newResourceUnit--BASE_UNIT_OF_MEASURE","interaction":{"idSuffix":"inner"}},"wdio_ui5_key":"applicationmanageresources-display-component---newResourceUnit--BASE_UNIT_OF_MEASURE"}]}
RESULT: undefined
COMMAND: POST /session/fd980d4c89ba2068ef27cc02fb238359/execute/async - {"script":"<script> [776 bytes]","args":[{"enterText":"Piece","selector":{"id":"application-manageresources-display-component---newResourceUnit--BASE_UNIT_OF_MEASURE","interaction":{"idSuffix":"inner"}},"clearTextFirst":true,"interactionType":"ENTER_TEXT"}]}
RESULT: {"script":"<script> [776 bytes]","args":[{"enterText":"Piece","selector":{"id":"application-manageresources-display-component---newResourceUnit--BASE_UNIT_OF_MEASURE","interaction":{"idSuffix":"inner"}},"clearTextFirst":true,"interactionType":"ENTER_TEXT"}]}
COMMAND: POST /session/fd980d4c89ba2068ef27cc02fb238359/execute/async - {"script":"<script> [1562 bytes]","args":[{"selector":{"id":"application-manageresources-display-component---newResourceUnit--WEIGHT_UNIT","interaction":{"idSuffix":"inner"}},"wdio_ui5_key":"applicationmanageresources-display-component---newResourceUnit--WEIGHT_UNIT"}]}
RESULT: {"script":"<script> [1562 bytes]","args":[{"selector":{"id":"application-manageresources-display-component---newResourceUnit--WEIGHT_UNIT","interaction":{"idSuffix":"inner"}},"wdio_ui5_key":"applicationmanageresources-display-component---newResourceUnit--WEIGHT_UNIT"}]}
RESULT: undefined
COMMAND: POST /session/fd980d4c89ba2068ef27cc02fb238359/execute/async - {"script":"<script> [776 bytes]","args":[{"enterText":"Gram","selector":{"id":"application-manageresources-display-component---newResourceUnit--WEIGHT_UNIT","interaction":{"idSuffix":"inner"}},"clearTextFirst":true,"interactionType":"ENTER_TEXT"}]}
RESULT: {"script":"<script> [776 bytes]","args":[{"enterText":"Gram","selector":{"id":"application-manageresources-display-component---newResourceUnit--WEIGHT_UNIT","interaction":{"idSuffix":"inner"}},"clearTextFirst":true,"interactionType":"ENTER_TEXT"}]}
COMMAND: POST /session/fd980d4c89ba2068ef27cc02fb238359/execute/async - {"script":"<script> [1562 bytes]","args":[{"selector":{"id":"application-manageresources-display-component---newResourceUnit--DIMENSION_UNIT","interaction":{"idSuffix":"inner"}},"wdio_ui5_key":"applicationmanageresources-display-component---newResourceUnit--DIMENSION_UNIT"}]}
RESULT: {"script":"<script> [1562 bytes]","args":[{"selector":{"id":"application-manageresources-display-component---newResourceUnit--DIMENSION_UNIT","interaction":{"idSuffix":"inner"}},"wdio_ui5_key":"applicationmanageresources-display-component---newResourceUnit--DIMENSION_UNIT"}]}
RESULT: undefined
COMMAND: POST /session/fd980d4c89ba2068ef27cc02fb238359/execute/async - {"script":"<script> [776 bytes]","args":[{"enterText":"Meter","selector":{"id":"application-manageresources-display-component---newResourceUnit--DIMENSION_UNIT","interaction":{"idSuffix":"inner"}},"clearTextFirst":true,"interactionType":"ENTER_TEXT"}]}
RESULT: {"script":"<script> [776 bytes]","args":[{"enterText":"Meter","selector":{"id":"application-manageresources-display-component---newResourceUnit--DIMENSION_UNIT","interaction":{"idSuffix":"inner"}},"clearTextFirst":true,"interactionType":"ENTER_TEXT"}]}
COMMAND: POST /session/fd980d4c89ba2068ef27cc02fb238359/execute/async - {"script":"<script> [1562 bytes]","args":[{"selector":{"id":"application-manageresources-display-component---newResourceUnit--newRRUPage-anchBar-application-manageresources-display-component---newResourceUnit--control-anchor","interaction":{"idSuffix":"BDI-content"}},"wdio_ui5_key":"applicationmanageresources-display-component---newResourceUnit--newRRUPage-anchBar-application-manageresources-display-component---newResourceUnit--control-anchor"}]}
RESULT: {"script":"<script> [1562 bytes]","args":[{"selector":{"id":"application-manageresources-display-component---newResourceUnit--newRRUPage-anchBar-application-manageresources-display-component---newResourceUnit--control-anchor","interaction":{"idSuffix":"BDI-content"}},"wdio_ui5_key":"applicationmanageresources-display-component---newResourceUnit--newRRUPage-anchBar-application-manageresources-display-component---newResourceUnit--control-anchor"}]}
RESULT: undefined
COMMAND: POST /session/fd980d4c89ba2068ef27cc02fb238359/element - {"using":"xpath","value":"//*[@id=\"application-manageresources-display-component---newResourceUnit--newRRUPage-anchBar-application-manageresources-display-component---newResourceUnit--control-anchor\"]"}
RESULT: {"using":"xpath","value":"//*[@id=\"application-manageresources-display-component---newResourceUnit--newRRUPage-anchBar-application-manageresources-display-component---newResourceUnit--control-anchor\"]"}
COMMAND: POST /session/fd980d4c89ba2068ef27cc02fb238359/element/f.D12FFF457A26405181F15BE3B17219F1.d.FC8A074093923DA36D8A7EBAC21B2405.e.3426/click - {}
RESULT: {}
COMMAND: POST /session/fd980d4c89ba2068ef27cc02fb238359/execute/async - {"script":"<script> [1562 bytes]","args":[{"selector":{"id":"application-manageresources-display-component---newResourceUnit--PLANNING_GROUP","interaction":{"idSuffix":"inner"}},"wdio_ui5_key":"applicationmanageresources-display-component---newResourceUnit--PLANNING_GROUP"}]}
COMMAND: GET /session/fd980d4c89ba2068ef27cc02fb238359/screenshot - {}
RESULT: {"script":"<script> [1562 bytes]","args":[{"selector":{"id":"application-manageresources-display-component---newResourceUnit--PLANNING_GROUP","interaction":{"idSuffix":"inner"}},"wdio_ui5_key":"applicationmanageresources-display-component---newResourceUnit--PLANNING_GROUP"}]}
RESULT: undefined
COMMAND: POST /session/fd980d4c89ba2068ef27cc02fb238359/execute/async - {"script":"<script> [776 bytes]","args":[{"enterText":"Material","selector":{"id":"application-manageresources-display-component---newResourceUnit--PLANNING_GROUP","interaction":{"idSuffix":"inner"}},"clearTextFirst":true,"interactionType":"ENTER_TEXT"}]}
RESULT: {}
RESULT: {"script":"<script> [776 bytes]","args":[{"enterText":"Material","selector":{"id":"application-manageresources-display-component---newResourceUnit--PLANNING_GROUP","interaction":{"idSuffix":"inner"}},"clearTextFirst":true,"interactionType":"ENTER_TEXT"}]}
COMMAND: POST /session/fd980d4c89ba2068ef27cc02fb238359/execute/async - {"script":"<script> [1562 bytes]","args":[{"selector":{"id":"application-manageresources-display-component---newResourceUnit--PLANNING_INDICATOR","interaction":{"idSuffix":"inner"}},"wdio_ui5_key":"applicationmanageresources-display-component---newResourceUnit--PLANNING_INDICATOR"}]}
RESULT: {"script":"<script> [1562 bytes]","args":[{"selector":{"id":"application-manageresources-display-component---newResourceUnit--PLANNING_INDICATOR","interaction":{"idSuffix":"inner"}},"wdio_ui5_key":"applicationmanageresources-display-component---newResourceUnit--PLANNING_INDICATOR"}]}
RESULT: undefined
COMMAND: POST /session/fd980d4c89ba2068ef27cc02fb238359/execute/async - {"script":"<script> [776 bytes]","args":[{"enterText":"10 - infinite","selector":{"id":"application-manageresources-display-component---newResourceUnit--PLANNING_INDICATOR","interaction":{"idSuffix":"inner"}},"clearTextFirst":true,"interactionType":"ENTER_TEXT"}]}
RESULT: {"script":"<script> [776 bytes]","args":[{"enterText":"10 - infinite","selector":{"id":"application-manageresources-display-component---newResourceUnit--PLANNING_INDICATOR","interaction":{"idSuffix":"inner"}},"clearTextFirst":true,"interactionType":"ENTER_TEXT"}]}
COMMAND: POST /session/fd980d4c89ba2068ef27cc02fb238359/element - {"using":"css selector","value":"#application-manageresources-display-component---newResourceUnit--btnAddTimeSegment"}
RESULT: {"using":"css selector","value":"#application-manageresources-display-component---newResourceUnit--btnAddTimeSegment"}
COMMAND: GET /session/fd980d4c89ba2068ef27cc02fb238359/element/f.D12FFF457A26405181F15BE3B17219F1.d.FC8A074093923DA36D8A7EBAC21B2405.e.3436/rect - {}
RESULT: {}
COMMAND: GET /session/fd980d4c89ba2068ef27cc02fb238359/window/rect - {}
RESULT: {}
COMMAND: POST /session/fd980d4c89ba2068ef27cc02fb238359/execute/sync - {"script":"<script> [92 bytes]","args":[]}
RESULT: {"script":"<script> [92 bytes]","args":[]}
COMMAND: POST /session/fd980d4c89ba2068ef27cc02fb238359/actions - {"actions":[{"id":"action9","type":"wheel","parameters":{},"actions":[{"type":"scroll","x":-1888,"y":-32,"deltaX":0,"deltaY":0,"duration":0,"origin":{"element-6066-11e4-a52e-4f735466cecf":"f.D12FFF457A26405181F15BE3B17219F1.d.FC8A074093923DA36D8A7EBAC21B2405.e.3436"}}]}]}
COMMAND: GET /session/fd980d4c89ba2068ef27cc02fb238359/screenshot - {}
RESULT: {}
COMMAND: POST /session/fd980d4c89ba2068ef27cc02fb238359/execute/sync - {"script":"<script> [79 bytes]","args":[{"element-6066-11e4-a52e-4f735466cecf":"f.D12FFF457A26405181F15BE3B17219F1.d.FC8A074093923DA36D8A7EBAC21B2405.e.3436","ELEMENT":"f.D12FFF457A26405181F15BE3B17219F1.d.FC8A074093923DA36D8A7EBAC21B2405.e.3436"},{"block":"start","inline":"nearest"}]}
RESULT: {"script":"<script> [79 bytes]","args":[{"element-6066-11e4-a52e-4f735466cecf":"f.D12FFF457A26405181F15BE3B17219F1.d.FC8A074093923DA36D8A7EBAC21B2405.e.3436","ELEMENT":"f.D12FFF457A26405181F15BE3B17219F1.d.FC8A074093923DA36D8A7EBAC21B2405.e.3436"},{"block":"start","inline":"nearest"}]}
COMMAND: POST /session/fd980d4c89ba2068ef27cc02fb238359/execute/async - {"script":"<script> [1562 bytes]","args":[{"selector":{"id":"application-manageresources-display-component---newResourceUnit--btnAddTimeSegment","interaction":{"idSuffix":"inner"}},"wdio_ui5_key":"applicationmanageresources-display-component---newResourceUnit--btnAddTimeSegment"}]}
COMMAND: GET /session/fd980d4c89ba2068ef27cc02fb238359/screenshot - {}
RESULT: {"script":"<script> [1562 bytes]","args":[{"selector":{"id":"application-manageresources-display-component---newResourceUnit--btnAddTimeSegment","interaction":{"idSuffix":"inner"}},"wdio_ui5_key":"applicationmanageresources-display-component---newResourceUnit--btnAddTimeSegment"}]}
RESULT: undefined
COMMAND: POST /session/fd980d4c89ba2068ef27cc02fb238359/element - {"using":"xpath","value":"//*[@id=\"application-manageresources-display-component---newResourceUnit--btnAddTimeSegment\"]"}
RESULT: {}
RESULT: {"using":"xpath","value":"//*[@id=\"application-manageresources-display-component---newResourceUnit--btnAddTimeSegment\"]"}
COMMAND: POST /session/fd980d4c89ba2068ef27cc02fb238359/element/f.D12FFF457A26405181F15BE3B17219F1.d.FC8A074093923DA36D8A7EBAC21B2405.e.3436/click - {}
RESULT: {}
COMMAND: GET /session/fd980d4c89ba2068ef27cc02fb238359/screenshot - {}
RESULT: {}
COMMAND: POST /session/fd980d4c89ba2068ef27cc02fb238359/element - {"using":"xpath","value":"//input[@id=\"application-manageresources-display-component---newResourceUnit--idRuTSAdmin-application-manageresources-display-component---newResourceUnit--RUTimeSegment-0-inner\"]"}
RESULT: {"using":"xpath","value":"//input[@id=\"application-manageresources-display-component---newResourceUnit--idRuTSAdmin-application-manageresources-display-component---newResourceUnit--RUTimeSegment-0-inner\"]"}
COMMAND: POST /session/fd980d4c89ba2068ef27cc02fb238359/element/f.D12FFF457A26405181F15BE3B17219F1.d.FC8A074093923DA36D8A7EBAC21B2405.e.3441/clear - {}
RESULT: {}
COMMAND: POST /session/fd980d4c89ba2068ef27cc02fb238359/element/f.D12FFF457A26405181F15BE3B17219F1.d.FC8A074093923DA36D8A7EBAC21B2405.e.3441/value - {"text":"634"}
COMMAND: GET /session/fd980d4c89ba2068ef27cc02fb238359/screenshot - {}
RESULT: {"text":"634"}
COMMAND: GET /session/fd980d4c89ba2068ef27cc02fb238359/screenshot - {}
RESULT: {}
RESULT: {}
COMMAND: POST /session/fd980d4c89ba2068ef27cc02fb238359/element - {"using":"xpath","value":"//li[.//span[text()='634']]"}
RESULT: {"using":"xpath","value":"//li[.//span[text()='634']]"}
COMMAND: POST /session/fd980d4c89ba2068ef27cc02fb238359/element/f.D12FFF457A26405181F15BE3B17219F1.d.FC8A074093923DA36D8A7EBAC21B2405.e.3452/click - {}
RESULT: {}
COMMAND: GET /session/fd980d4c89ba2068ef27cc02fb238359/screenshot - {}
RESULT: {}
COMMAND: POST /session/fd980d4c89ba2068ef27cc02fb238359/element - {"using":"xpath","value":"(//span[contains(@id, \"-application-manageresources-display-component---newResourceUnit--RUTimeSegment-0-arrow\")])[2]"}
RESULT: {"using":"xpath","value":"(//span[contains(@id, \"-application-manageresources-display-component---newResourceUnit--RUTimeSegment-0-arrow\")])[2]"}
COMMAND: POST /session/fd980d4c89ba2068ef27cc02fb238359/element/f.D12FFF457A26405181F15BE3B17219F1.d.FC8A074093923DA36D8A7EBAC21B2405.e.3453/click - {}
RESULT: {}
COMMAND: POST /session/fd980d4c89ba2068ef27cc02fb238359/element - {"using":"xpath","value":"//span[contains(text(), \"PM Order\")]"}
COMMAND: GET /session/fd980d4c89ba2068ef27cc02fb238359/screenshot - {}
RESULT: {"using":"xpath","value":"//span[contains(text(), \"PM Order\")]"}
COMMAND: POST /session/fd980d4c89ba2068ef27cc02fb238359/element/f.D12FFF457A26405181F15BE3B17219F1.d.FC8A074093923DA36D8A7EBAC21B2405.e.3454/click - {}
RESULT: {}
RESULT: {}
COMMAND: GET /session/fd980d4c89ba2068ef27cc02fb238359/screenshot - {}
RESULT: {}
COMMAND: POST /session/fd980d4c89ba2068ef27cc02fb238359/element - {"using":"xpath","value":"//td/div/div/div/span[contains(@id, \"newResourceUnit--RUTimeSegment-0-vhi\")][1]"}
RESULT: {"using":"xpath","value":"//td/div/div/div/span[contains(@id, \"newResourceUnit--RUTimeSegment-0-vhi\")][1]"}
COMMAND: GET /session/fd980d4c89ba2068ef27cc02fb238359/element/f.D12FFF457A26405181F15BE3B17219F1.d.FC8A074093923DA36D8A7EBAC21B2405.e.3458/rect - {}
RESULT: {}
COMMAND: GET /session/fd980d4c89ba2068ef27cc02fb238359/window/rect - {}
RESULT: {}
COMMAND: POST /session/fd980d4c89ba2068ef27cc02fb238359/execute/sync - {"script":"<script> [92 bytes]","args":[]}
RESULT: {"script":"<script> [92 bytes]","args":[]}
COMMAND: POST /session/fd980d4c89ba2068ef27cc02fb238359/actions - {"actions":[{"id":"action10","type":"wheel","parameters":{},"actions":[{"type":"scroll","x":-1888,"y":-24,"deltaX":0,"deltaY":0,"duration":0,"origin":{"element-6066-11e4-a52e-4f735466cecf":"f.D12FFF457A26405181F15BE3B17219F1.d.FC8A074093923DA36D8A7EBAC21B2405.e.3458"}}]}]}
COMMAND: GET /session/fd980d4c89ba2068ef27cc02fb238359/screenshot - {}
RESULT: {}
COMMAND: POST /session/fd980d4c89ba2068ef27cc02fb238359/execute/sync - {"script":"<script> [79 bytes]","args":[{"element-6066-11e4-a52e-4f735466cecf":"f.D12FFF457A26405181F15BE3B17219F1.d.FC8A074093923DA36D8A7EBAC21B2405.e.3458","ELEMENT":"f.D12FFF457A26405181F15BE3B17219F1.d.FC8A074093923DA36D8A7EBAC21B2405.e.3458"},{"block":"start","inline":"nearest"}]}
RESULT: {"script":"<script> [79 bytes]","args":[{"element-6066-11e4-a52e-4f735466cecf":"f.D12FFF457A26405181F15BE3B17219F1.d.FC8A074093923DA36D8A7EBAC21B2405.e.3458","ELEMENT":"f.D12FFF457A26405181F15BE3B17219F1.d.FC8A074093923DA36D8A7EBAC21B2405.e.3458"},{"block":"start","inline":"nearest"}]}
COMMAND: GET /session/fd980d4c89ba2068ef27cc02fb238359/screenshot - {}
RESULT: {}
COMMAND: POST /session/fd980d4c89ba2068ef27cc02fb238359/element/f.D12FFF457A26405181F15BE3B17219F1.d.FC8A074093923DA36D8A7EBAC21B2405.e.3458/click - {}
RESULT: {}
COMMAND: GET /session/fd980d4c89ba2068ef27cc02fb238359/screenshot - {}
RESULT: {}
RESULT: undefined
COMMAND: POST /session/fd980d4c89ba2068ef27cc02fb238359/execute/async - {"script":"<script> [776 bytes]","args":[{"enterText":"4000360","selector":{"controlType":"sap.m.SearchField","properties":{"placeholder":"Search"},"searchOpenDialogs":true,"interaction":{"idSuffix":"I"}},"clearTextFirst":true,"interactionType":"ENTER_TEXT"}]}
RESULT: {"script":"<script> [776 bytes]","args":[{"enterText":"4000360","selector":{"controlType":"sap.m.SearchField","properties":{"placeholder":"Search"},"searchOpenDialogs":true,"interaction":{"idSuffix":"I"}},"clearTextFirst":true,"interactionType":"ENTER_TEXT"}]}
COMMAND: POST /session/fd980d4c89ba2068ef27cc02fb238359/actions - {"actions":[{"id":"action11","type":"key","parameters":{},"actions":[{"type":"keyDown","value":"î€‡"},{"type":"pause","duration":10},{"type":"keyUp","value":"î€‡"}]}]}
RESULT: {"actions":[{"id":"action11","type":"key","parameters":{},"actions":[{"type":"keyDown","value":"î€‡"},{"type":"pause","duration":10},{"type":"keyUp","value":"î€‡"}]}]}
COMMAND: GET /session/fd980d4c89ba2068ef27cc02fb238359/screenshot - {}
RESULT: {}
COMMAND: POST /session/fd980d4c89ba2068ef27cc02fb238359/element - {"using":"xpath","value":"//td/div/span[contains(text(), \"BGL Vehicles\")]"}
RESULT: {"using":"xpath","value":"//td/div/span[contains(text(), \"BGL Vehicles\")]"}
COMMAND: POST /session/fd980d4c89ba2068ef27cc02fb238359/element/f.D12FFF457A26405181F15BE3B17219F1.d.FC8A074093923DA36D8A7EBAC21B2405.e.3478/click - {}
RESULT: {}
COMMAND: GET /session/fd980d4c89ba2068ef27cc02fb238359/screenshot - {}
RESULT: {}
COMMAND: POST /session/fd980d4c89ba2068ef27cc02fb238359/element - {"using":"xpath","value":"//bdi[contains(text(), \"OK\")]"}
RESULT: {"using":"xpath","value":"//bdi[contains(text(), \"OK\")]"}
COMMAND: POST /session/fd980d4c89ba2068ef27cc02fb238359/element/f.D12FFF457A26405181F15BE3B17219F1.d.FC8A074093923DA36D8A7EBAC21B2405.e.3479/click - {}
RESULT: {}
COMMAND: GET /session/fd980d4c89ba2068ef27cc02fb238359/screenshot - {}
RESULT: {}
COMMAND: POST /session/fd980d4c89ba2068ef27cc02fb238359/element - {"using":"xpath","value":"//label[contains(@class, 'sapMLabelRequired') and .//bdi[contains(text(), 'Planned Retirement')]]"}
RESULT: {"using":"xpath","value":"//label[contains(@class, 'sapMLabelRequired') and .//bdi[contains(text(), 'Planned Retirement')]]"}
COMMAND: POST /session/fd980d4c89ba2068ef27cc02fb238359/elements - {"using":"xpath","value":"//label[contains(@class, 'sapMLabelRequired') and .//bdi[contains(text(), 'Planned Retirement')]]"}
RESULT: {"using":"xpath","value":"//label[contains(@class, 'sapMLabelRequired') and .//bdi[contains(text(), 'Planned Retirement')]]"}
COMMAND: POST /session/fd980d4c89ba2068ef27cc02fb238359/element - {"using":"xpath","value":"//button[@data-kt=\"resourceUnitSaveButton\"]"}
RESULT: {"using":"xpath","value":"//button[@data-kt=\"resourceUnitSaveButton\"]"}
COMMAND: POST /session/fd980d4c89ba2068ef27cc02fb238359/element/f.D12FFF457A26405181F15BE3B17219F1.d.FC8A074093923DA36D8A7EBAC21B2405.e.3313/click - {}
RESULT: {}
COMMAND: GET /session/fd980d4c89ba2068ef27cc02fb238359/screenshot - {}
RESULT: {}
COMMAND: POST /session/fd980d4c89ba2068ef27cc02fb238359/element - {"using":"xpath","value":"//bdi[contains(text(), \"Close\")]"}
RESULT: {"using":"xpath","value":"//bdi[contains(text(), \"Close\")]"}
COMMAND: POST /session/fd980d4c89ba2068ef27cc02fb238359/element/f.D12FFF457A26405181F15BE3B17219F1.d.FC8A074093923DA36D8A7EBAC21B2405.e.3485/click - {}
RESULT: {}
COMMAND: GET /session/fd980d4c89ba2068ef27cc02fb238359/screenshot - {}
RESULT: {}
COMMAND: POST /session/fd980d4c89ba2068ef27cc02fb238359/element - {"using":"xpath","value":"//header[contains(@id, 'detailRruPage-headerTitle')]/div[1]/div[2]/div[2]/span[1]"}
RESULT: {"using":"xpath","value":"//header[contains(@id, 'detailRruPage-headerTitle')]/div[1]/div[2]/div[2]/span[1]"}
COMMAND: POST /session/fd980d4c89ba2068ef27cc02fb238359/elements - {"using":"xpath","value":"//header[contains(@id, 'detailRruPage-headerTitle')]/div[1]/div[2]/div[2]/span[1]"}
RESULT: {"using":"xpath","value":"//header[contains(@id, 'detailRruPage-headerTitle')]/div[1]/div[2]/div[2]/span[1]"}
COMMAND: POST /session/fd980d4c89ba2068ef27cc02fb238359/execute/sync - {"script":"<script> [56 bytes]","args":[{"element-6066-11e4-a52e-4f735466cecf":"f.D12FFF457A26405181F15BE3B17219F1.d.FC8A074093923DA36D8A7EBAC21B2405.e.3516","ELEMENT":"f.D12FFF457A26405181F15BE3B17219F1.d.FC8A074093923DA36D8A7EBAC21B2405.e.3516"}]}
RESULT: {"script":"<script> [56 bytes]","args":[{"element-6066-11e4-a52e-4f735466cecf":"f.D12FFF457A26405181F15BE3B17219F1.d.FC8A074093923DA36D8A7EBAC21B2405.e.3516","ELEMENT":"f.D12FFF457A26405181F15BE3B17219F1.d.FC8A074093923DA36D8A7EBAC21B2405.e.3516"}]}
COMMAND: POST /session/fd980d4c89ba2068ef27cc02fb238359/element - {"using":"css selector","value":"#shell-header-logo"}
COMMAND: GET /session/fd980d4c89ba2068ef27cc02fb238359/screenshot - {}
RESULT: {"using":"css selector","value":"#shell-header-logo"}
COMMAND: POST /session/fd980d4c89ba2068ef27cc02fb238359/element/f.D12FFF457A26405181F15BE3B17219F1.d.FC8A074093923DA36D8A7EBAC21B2405.e.2890/click - {}
RESULT: {}
RESULT: {}
COMMAND: GET /session/fd980d4c89ba2068ef27cc02fb238359/screenshot - {}
RESULT: {}
]]></system-out>
    </testcase>
  </testsuite>
  <testsuite timestamp="2025-06-04T05:57:43" time="380.619" tests="6" failures="0" errors="0" skipped="0">
    <properties>
      <property name="specId" value="0" />
      <property name="suiteName" value="Yard Overview Autoplanning US130989" />
      <property name="capabilities" value="chrome.136_0_7103_93.windows" />
      <property name="file" value="file:///D:/a/1/s/test/specs/HTR/yard-overview-autoplanning.spec.js" />
    </properties>
    <testcase classname="chrome.136_0_7103_93.windows.Yard_Overview_Autoplanning_US130989" name="Prereq Should create a new yard used for all following tests" time="0.019">
      <system-out><![CDATA[
COMMAND: POST /session/fd980d4c89ba2068ef27cc02fb238359/window/fullscreen - {}
RESULT: {}
]]></system-out>
    </testcase>
    <testcase classname="chrome.136_0_7103_93.windows.Yard_Overview_Autoplanning_US130989" name="Prereq Should create a new partner" time="0.004" />
    <testcase classname="chrome.136_0_7103_93.windows.Yard_Overview_Autoplanning_US130989" name="Prereq Should create a new site" time="0.003" />
    <testcase classname="chrome.136_0_7103_93.windows.Yard_Overview_Autoplanning_US130989" name="Prereq Should create a new material with catalog selection" time="109.977">
      <system-out><![CDATA[
COMMAND: POST /session/fd980d4c89ba2068ef27cc02fb238359/execute/async - {"script":"<script> [1562 bytes]","args":[{"selector":{"controlType":"sap.m.GenericTile","properties":{"header":"Manage Resources"}},"wdio_ui5_key":"sapm.GenericTile{\"header\":\"Manage Resources\"}"}]}
RESULT: {"script":"<script> [1562 bytes]","args":[{"selector":{"controlType":"sap.m.GenericTile","properties":{"header":"Manage Resources"}},"wdio_ui5_key":"sapm.GenericTile{\"header\":\"Manage Resources\"}"}]}
RESULT: undefined
COMMAND: POST /session/fd980d4c89ba2068ef27cc02fb238359/element - {"using":"xpath","value":"//*[@id=\"__tile39\"]"}
RESULT: {"using":"xpath","value":"//*[@id=\"__tile39\"]"}
COMMAND: POST /session/fd980d4c89ba2068ef27cc02fb238359/element/f.D12FFF457A26405181F15BE3B17219F1.d.27E4790AD1204054E6171FD8E1945448.e.4091/click - {}
RESULT: {}
COMMAND: GET /session/fd980d4c89ba2068ef27cc02fb238359/screenshot - {}
RESULT: {}
COMMAND: POST /session/fd980d4c89ba2068ef27cc02fb238359/elements - {"using":"xpath","value":"//span[text()='Error']"}
RESULT: {"using":"xpath","value":"//span[text()='Error']"}
COMMAND: POST /session/fd980d4c89ba2068ef27cc02fb238359/element - {"using":"xpath","value":"//button[@data-kt=\"addNewRUOverflowToolbarButton\"]"}
RESULT: {"using":"xpath","value":"//button[@data-kt=\"addNewRUOverflowToolbarButton\"]"}
COMMAND: POST /session/fd980d4c89ba2068ef27cc02fb238359/elements - {"using":"xpath","value":"//button[@data-kt=\"addNewRUOverflowToolbarButton\"]"}
RESULT: {"using":"xpath","value":"//button[@data-kt=\"addNewRUOverflowToolbarButton\"]"}
COMMAND: POST /session/fd980d4c89ba2068ef27cc02fb238359/elements - {"using":"xpath","value":"//button[@data-kt=\"addNewRUOverflowToolbarButton\"]"}
RESULT: {"using":"xpath","value":"//button[@data-kt=\"addNewRUOverflowToolbarButton\"]"}
COMMAND: POST /session/fd980d4c89ba2068ef27cc02fb238359/elements - {"using":"xpath","value":"//button[@data-kt=\"addNewRUOverflowToolbarButton\"]"}
RESULT: {"using":"xpath","value":"//button[@data-kt=\"addNewRUOverflowToolbarButton\"]"}
COMMAND: POST /session/fd980d4c89ba2068ef27cc02fb238359/element - {"using":"xpath","value":"//button[@data-kt=\"addNewRUOverflowToolbarButton\"]"}
RESULT: {"using":"xpath","value":"//button[@data-kt=\"addNewRUOverflowToolbarButton\"]"}
COMMAND: POST /session/fd980d4c89ba2068ef27cc02fb238359/execute/sync - {"script":"<script> [8489 bytes]","args":[{"element-6066-11e4-a52e-4f735466cecf":"f.D12FFF457A26405181F15BE3B17219F1.d.27E4790AD1204054E6171FD8E1945448.e.4249","ELEMENT":"f.D12FFF457A26405181F15BE3B17219F1.d.27E4790AD1204054E6171FD8E1945448.e.4249"}]}
RESULT: {"script":"<script> [8489 bytes]","args":[{"element-6066-11e4-a52e-4f735466cecf":"f.D12FFF457A26405181F15BE3B17219F1.d.27E4790AD1204054E6171FD8E1945448.e.4249","ELEMENT":"f.D12FFF457A26405181F15BE3B17219F1.d.27E4790AD1204054E6171FD8E1945448.e.4249"}]}
COMMAND: GET /session/fd980d4c89ba2068ef27cc02fb238359/element/f.D12FFF457A26405181F15BE3B17219F1.d.27E4790AD1204054E6171FD8E1945448.e.4249/enabled - {}
COMMAND: GET /session/fd980d4c89ba2068ef27cc02fb238359/screenshot - {}
RESULT: {}
COMMAND: POST /session/fd980d4c89ba2068ef27cc02fb238359/execute/sync - {"script":"<script> [8489 bytes]","args":[{"element-6066-11e4-a52e-4f735466cecf":"f.D12FFF457A26405181F15BE3B17219F1.d.27E4790AD1204054E6171FD8E1945448.e.4249","ELEMENT":"f.D12FFF457A26405181F15BE3B17219F1.d.27E4790AD1204054E6171FD8E1945448.e.4249"}]}
COMMAND: GET /session/fd980d4c89ba2068ef27cc02fb238359/screenshot - {}
RESULT: {}
RESULT: {"script":"<script> [8489 bytes]","args":[{"element-6066-11e4-a52e-4f735466cecf":"f.D12FFF457A26405181F15BE3B17219F1.d.27E4790AD1204054E6171FD8E1945448.e.4249","ELEMENT":"f.D12FFF457A26405181F15BE3B17219F1.d.27E4790AD1204054E6171FD8E1945448.e.4249"}]}
COMMAND: POST /session/fd980d4c89ba2068ef27cc02fb238359/execute/sync - {"script":"<script> [5351 bytes]","args":[{"element-6066-11e4-a52e-4f735466cecf":"f.D12FFF457A26405181F15BE3B17219F1.d.27E4790AD1204054E6171FD8E1945448.e.4249","ELEMENT":"f.D12FFF457A26405181F15BE3B17219F1.d.27E4790AD1204054E6171FD8E1945448.e.4249"}]}
COMMAND: GET /session/fd980d4c89ba2068ef27cc02fb238359/screenshot - {}
RESULT: {}
RESULT: {"script":"<script> [5351 bytes]","args":[{"element-6066-11e4-a52e-4f735466cecf":"f.D12FFF457A26405181F15BE3B17219F1.d.27E4790AD1204054E6171FD8E1945448.e.4249","ELEMENT":"f.D12FFF457A26405181F15BE3B17219F1.d.27E4790AD1204054E6171FD8E1945448.e.4249"}]}
COMMAND: POST /session/fd980d4c89ba2068ef27cc02fb238359/element/f.D12FFF457A26405181F15BE3B17219F1.d.27E4790AD1204054E6171FD8E1945448.e.4249/click - {}
COMMAND: GET /session/fd980d4c89ba2068ef27cc02fb238359/screenshot - {}
RESULT: {}
RESULT: {}
COMMAND: GET /session/fd980d4c89ba2068ef27cc02fb238359/screenshot - {}
RESULT: {}
COMMAND: POST /session/fd980d4c89ba2068ef27cc02fb238359/execute/async - {"script":"<script> [1562 bytes]","args":[{"selector":{"id":"application-manageresources-display-component---newResourceUnit--TYPE-arrow"},"wdio_ui5_key":"applicationmanageresources-display-component---newResourceUnit--TYPE-arrow"}]}
RESULT: {}
RESULT: {"script":"<script> [1562 bytes]","args":[{"selector":{"id":"application-manageresources-display-component---newResourceUnit--TYPE-arrow"},"wdio_ui5_key":"applicationmanageresources-display-component---newResourceUnit--TYPE-arrow"}]}
RESULT: undefined
COMMAND: POST /session/fd980d4c89ba2068ef27cc02fb238359/element - {"using":"xpath","value":"//*[@id=\"application-manageresources-display-component---newResourceUnit--TYPE-arrow\"]"}
RESULT: {"using":"xpath","value":"//*[@id=\"application-manageresources-display-component---newResourceUnit--TYPE-arrow\"]"}
COMMAND: POST /session/fd980d4c89ba2068ef27cc02fb238359/element/f.D12FFF457A26405181F15BE3B17219F1.d.27E4790AD1204054E6171FD8E1945448.e.4612/click - {}
RESULT: {}
COMMAND: POST /session/fd980d4c89ba2068ef27cc02fb238359/element - {"using":"xpath","value":"//input[@id=\"application-manageresources-display-component---newResourceUnit--TYPE-inner\"]"}
COMMAND: GET /session/fd980d4c89ba2068ef27cc02fb238359/screenshot - {}
RESULT: {"using":"xpath","value":"//input[@id=\"application-manageresources-display-component---newResourceUnit--TYPE-inner\"]"}
COMMAND: POST /session/fd980d4c89ba2068ef27cc02fb238359/element/f.D12FFF457A26405181F15BE3B17219F1.d.27E4790AD1204054E6171FD8E1945448.e.4601/clear - {}
RESULT: {}
RESULT: {}
COMMAND: POST /session/fd980d4c89ba2068ef27cc02fb238359/element/f.D12FFF457A26405181F15BE3B17219F1.d.27E4790AD1204054E6171FD8E1945448.e.4601/value - {"text":"Material"}
COMMAND: GET /session/fd980d4c89ba2068ef27cc02fb238359/screenshot - {}
RESULT: {"text":"Material"}
COMMAND: GET /session/fd980d4c89ba2068ef27cc02fb238359/screenshot - {}
RESULT: {}
RESULT: {}
COMMAND: POST /session/fd980d4c89ba2068ef27cc02fb238359/actions - {"actions":[{"id":"action12","type":"key","parameters":{},"actions":[{"type":"keyDown","value":"î€‡"},{"type":"pause","duration":10},{"type":"keyUp","value":"î€‡"}]}]}
RESULT: {"actions":[{"id":"action12","type":"key","parameters":{},"actions":[{"type":"keyDown","value":"î€‡"},{"type":"pause","duration":10},{"type":"keyUp","value":"î€‡"}]}]}
COMMAND: POST /session/fd980d4c89ba2068ef27cc02fb238359/execute/async - {"script":"<script> [1562 bytes]","args":[{"selector":{"id":"application-manageresources-display-component---newResourceUnit--SHORT_TEXT","interaction":{"idSuffix":"inner"}},"wdio_ui5_key":"applicationmanageresources-display-component---newResourceUnit--SHORT_TEXT"}]}
COMMAND: GET /session/fd980d4c89ba2068ef27cc02fb238359/screenshot - {}
RESULT: {"script":"<script> [1562 bytes]","args":[{"selector":{"id":"application-manageresources-display-component---newResourceUnit--SHORT_TEXT","interaction":{"idSuffix":"inner"}},"wdio_ui5_key":"applicationmanageresources-display-component---newResourceUnit--SHORT_TEXT"}]}
RESULT: undefined
COMMAND: POST /session/fd980d4c89ba2068ef27cc02fb238359/execute/async - {"script":"<script> [776 bytes]","args":[{"enterText":"Cement WDIO","selector":{"id":"application-manageresources-display-component---newResourceUnit--SHORT_TEXT","interaction":{"idSuffix":"inner"}},"clearTextFirst":true,"interactionType":"ENTER_TEXT"}]}
RESULT: {}
RESULT: {"script":"<script> [776 bytes]","args":[{"enterText":"Cement WDIO","selector":{"id":"application-manageresources-display-component---newResourceUnit--SHORT_TEXT","interaction":{"idSuffix":"inner"}},"clearTextFirst":true,"interactionType":"ENTER_TEXT"}]}
COMMAND: POST /session/fd980d4c89ba2068ef27cc02fb238359/execute/async - {"script":"<script> [1562 bytes]","args":[{"selector":{"id":"application-manageresources-display-component---newResourceUnit--BASE_UNIT_OF_MEASURE","interaction":{"idSuffix":"inner"}},"wdio_ui5_key":"applicationmanageresources-display-component---newResourceUnit--BASE_UNIT_OF_MEASURE"}]}
RESULT: {"script":"<script> [1562 bytes]","args":[{"selector":{"id":"application-manageresources-display-component---newResourceUnit--BASE_UNIT_OF_MEASURE","interaction":{"idSuffix":"inner"}},"wdio_ui5_key":"applicationmanageresources-display-component---newResourceUnit--BASE_UNIT_OF_MEASURE"}]}
RESULT: undefined
COMMAND: POST /session/fd980d4c89ba2068ef27cc02fb238359/execute/async - {"script":"<script> [776 bytes]","args":[{"enterText":"Piece","selector":{"id":"application-manageresources-display-component---newResourceUnit--BASE_UNIT_OF_MEASURE","interaction":{"idSuffix":"inner"}},"clearTextFirst":true,"interactionType":"ENTER_TEXT"}]}
RESULT: {"script":"<script> [776 bytes]","args":[{"enterText":"Piece","selector":{"id":"application-manageresources-display-component---newResourceUnit--BASE_UNIT_OF_MEASURE","interaction":{"idSuffix":"inner"}},"clearTextFirst":true,"interactionType":"ENTER_TEXT"}]}
COMMAND: POST /session/fd980d4c89ba2068ef27cc02fb238359/execute/async - {"script":"<script> [1562 bytes]","args":[{"selector":{"id":"application-manageresources-display-component---newResourceUnit--WEIGHT_UNIT","interaction":{"idSuffix":"inner"}},"wdio_ui5_key":"applicationmanageresources-display-component---newResourceUnit--WEIGHT_UNIT"}]}
RESULT: {"script":"<script> [1562 bytes]","args":[{"selector":{"id":"application-manageresources-display-component---newResourceUnit--WEIGHT_UNIT","interaction":{"idSuffix":"inner"}},"wdio_ui5_key":"applicationmanageresources-display-component---newResourceUnit--WEIGHT_UNIT"}]}
RESULT: undefined
COMMAND: POST /session/fd980d4c89ba2068ef27cc02fb238359/execute/async - {"script":"<script> [776 bytes]","args":[{"enterText":"Gram","selector":{"id":"application-manageresources-display-component---newResourceUnit--WEIGHT_UNIT","interaction":{"idSuffix":"inner"}},"clearTextFirst":true,"interactionType":"ENTER_TEXT"}]}
RESULT: {"script":"<script> [776 bytes]","args":[{"enterText":"Gram","selector":{"id":"application-manageresources-display-component---newResourceUnit--WEIGHT_UNIT","interaction":{"idSuffix":"inner"}},"clearTextFirst":true,"interactionType":"ENTER_TEXT"}]}
COMMAND: POST /session/fd980d4c89ba2068ef27cc02fb238359/execute/async - {"script":"<script> [1562 bytes]","args":[{"selector":{"id":"application-manageresources-display-component---newResourceUnit--DIMENSION_UNIT","interaction":{"idSuffix":"inner"}},"wdio_ui5_key":"applicationmanageresources-display-component---newResourceUnit--DIMENSION_UNIT"}]}
RESULT: {"script":"<script> [1562 bytes]","args":[{"selector":{"id":"application-manageresources-display-component---newResourceUnit--DIMENSION_UNIT","interaction":{"idSuffix":"inner"}},"wdio_ui5_key":"applicationmanageresources-display-component---newResourceUnit--DIMENSION_UNIT"}]}
RESULT: undefined
COMMAND: POST /session/fd980d4c89ba2068ef27cc02fb238359/execute/async - {"script":"<script> [776 bytes]","args":[{"enterText":"Meter","selector":{"id":"application-manageresources-display-component---newResourceUnit--DIMENSION_UNIT","interaction":{"idSuffix":"inner"}},"clearTextFirst":true,"interactionType":"ENTER_TEXT"}]}
RESULT: {"script":"<script> [776 bytes]","args":[{"enterText":"Meter","selector":{"id":"application-manageresources-display-component---newResourceUnit--DIMENSION_UNIT","interaction":{"idSuffix":"inner"}},"clearTextFirst":true,"interactionType":"ENTER_TEXT"}]}
COMMAND: POST /session/fd980d4c89ba2068ef27cc02fb238359/execute/async - {"script":"<script> [1562 bytes]","args":[{"selector":{"id":"application-manageresources-display-component---newResourceUnit--newRRUPage-anchBar-application-manageresources-display-component---newResourceUnit--control-anchor","interaction":{"idSuffix":"BDI-content"}},"wdio_ui5_key":"applicationmanageresources-display-component---newResourceUnit--newRRUPage-anchBar-application-manageresources-display-component---newResourceUnit--control-anchor"}]}
RESULT: {"script":"<script> [1562 bytes]","args":[{"selector":{"id":"application-manageresources-display-component---newResourceUnit--newRRUPage-anchBar-application-manageresources-display-component---newResourceUnit--control-anchor","interaction":{"idSuffix":"BDI-content"}},"wdio_ui5_key":"applicationmanageresources-display-component---newResourceUnit--newRRUPage-anchBar-application-manageresources-display-component---newResourceUnit--control-anchor"}]}
RESULT: undefined
COMMAND: POST /session/fd980d4c89ba2068ef27cc02fb238359/element - {"using":"xpath","value":"//*[@id=\"application-manageresources-display-component---newResourceUnit--newRRUPage-anchBar-application-manageresources-display-component---newResourceUnit--control-anchor\"]"}
RESULT: {"using":"xpath","value":"//*[@id=\"application-manageresources-display-component---newResourceUnit--newRRUPage-anchBar-application-manageresources-display-component---newResourceUnit--control-anchor\"]"}
COMMAND: POST /session/fd980d4c89ba2068ef27cc02fb238359/element/f.D12FFF457A26405181F15BE3B17219F1.d.27E4790AD1204054E6171FD8E1945448.e.4743/click - {}
RESULT: {}
COMMAND: POST /session/fd980d4c89ba2068ef27cc02fb238359/execute/async - {"script":"<script> [1562 bytes]","args":[{"selector":{"id":"application-manageresources-display-component---newResourceUnit--PLANNING_GROUP","interaction":{"idSuffix":"inner"}},"wdio_ui5_key":"applicationmanageresources-display-component---newResourceUnit--PLANNING_GROUP"}]}
COMMAND: GET /session/fd980d4c89ba2068ef27cc02fb238359/screenshot - {}
RESULT: {"script":"<script> [1562 bytes]","args":[{"selector":{"id":"application-manageresources-display-component---newResourceUnit--PLANNING_GROUP","interaction":{"idSuffix":"inner"}},"wdio_ui5_key":"applicationmanageresources-display-component---newResourceUnit--PLANNING_GROUP"}]}
RESULT: undefined
COMMAND: POST /session/fd980d4c89ba2068ef27cc02fb238359/execute/async - {"script":"<script> [776 bytes]","args":[{"enterText":"Material","selector":{"id":"application-manageresources-display-component---newResourceUnit--PLANNING_GROUP","interaction":{"idSuffix":"inner"}},"clearTextFirst":true,"interactionType":"ENTER_TEXT"}]}
RESULT: {}
RESULT: {"script":"<script> [776 bytes]","args":[{"enterText":"Material","selector":{"id":"application-manageresources-display-component---newResourceUnit--PLANNING_GROUP","interaction":{"idSuffix":"inner"}},"clearTextFirst":true,"interactionType":"ENTER_TEXT"}]}
COMMAND: POST /session/fd980d4c89ba2068ef27cc02fb238359/execute/async - {"script":"<script> [1562 bytes]","args":[{"selector":{"id":"application-manageresources-display-component---newResourceUnit--PLANNING_INDICATOR","interaction":{"idSuffix":"inner"}},"wdio_ui5_key":"applicationmanageresources-display-component---newResourceUnit--PLANNING_INDICATOR"}]}
RESULT: {"script":"<script> [1562 bytes]","args":[{"selector":{"id":"application-manageresources-display-component---newResourceUnit--PLANNING_INDICATOR","interaction":{"idSuffix":"inner"}},"wdio_ui5_key":"applicationmanageresources-display-component---newResourceUnit--PLANNING_INDICATOR"}]}
RESULT: undefined
COMMAND: POST /session/fd980d4c89ba2068ef27cc02fb238359/execute/async - {"script":"<script> [776 bytes]","args":[{"enterText":"10 - infinite","selector":{"id":"application-manageresources-display-component---newResourceUnit--PLANNING_INDICATOR","interaction":{"idSuffix":"inner"}},"clearTextFirst":true,"interactionType":"ENTER_TEXT"}]}
RESULT: {"script":"<script> [776 bytes]","args":[{"enterText":"10 - infinite","selector":{"id":"application-manageresources-display-component---newResourceUnit--PLANNING_INDICATOR","interaction":{"idSuffix":"inner"}},"clearTextFirst":true,"interactionType":"ENTER_TEXT"}]}
COMMAND: POST /session/fd980d4c89ba2068ef27cc02fb238359/element - {"using":"css selector","value":"#application-manageresources-display-component---newResourceUnit--btnAddTimeSegment"}
RESULT: {"using":"css selector","value":"#application-manageresources-display-component---newResourceUnit--btnAddTimeSegment"}
COMMAND: GET /session/fd980d4c89ba2068ef27cc02fb238359/element/f.D12FFF457A26405181F15BE3B17219F1.d.27E4790AD1204054E6171FD8E1945448.e.4753/rect - {}
RESULT: {}
COMMAND: GET /session/fd980d4c89ba2068ef27cc02fb238359/window/rect - {}
RESULT: {}
COMMAND: POST /session/fd980d4c89ba2068ef27cc02fb238359/execute/sync - {"script":"<script> [92 bytes]","args":[]}
RESULT: {"script":"<script> [92 bytes]","args":[]}
COMMAND: POST /session/fd980d4c89ba2068ef27cc02fb238359/actions - {"actions":[{"id":"action13","type":"wheel","parameters":{},"actions":[{"type":"scroll","x":-1888,"y":-32,"deltaX":0,"deltaY":0,"duration":0,"origin":{"element-6066-11e4-a52e-4f735466cecf":"f.D12FFF457A26405181F15BE3B17219F1.d.27E4790AD1204054E6171FD8E1945448.e.4753"}}]}]}
COMMAND: GET /session/fd980d4c89ba2068ef27cc02fb238359/screenshot - {}
RESULT: {}
COMMAND: POST /session/fd980d4c89ba2068ef27cc02fb238359/execute/sync - {"script":"<script> [79 bytes]","args":[{"element-6066-11e4-a52e-4f735466cecf":"f.D12FFF457A26405181F15BE3B17219F1.d.27E4790AD1204054E6171FD8E1945448.e.4753","ELEMENT":"f.D12FFF457A26405181F15BE3B17219F1.d.27E4790AD1204054E6171FD8E1945448.e.4753"},{"block":"start","inline":"nearest"}]}
RESULT: {"script":"<script> [79 bytes]","args":[{"element-6066-11e4-a52e-4f735466cecf":"f.D12FFF457A26405181F15BE3B17219F1.d.27E4790AD1204054E6171FD8E1945448.e.4753","ELEMENT":"f.D12FFF457A26405181F15BE3B17219F1.d.27E4790AD1204054E6171FD8E1945448.e.4753"},{"block":"start","inline":"nearest"}]}
COMMAND: POST /session/fd980d4c89ba2068ef27cc02fb238359/execute/async - {"script":"<script> [1562 bytes]","args":[{"selector":{"id":"application-manageresources-display-component---newResourceUnit--btnAddTimeSegment","interaction":{"idSuffix":"inner"}},"wdio_ui5_key":"applicationmanageresources-display-component---newResourceUnit--btnAddTimeSegment"}]}
COMMAND: GET /session/fd980d4c89ba2068ef27cc02fb238359/screenshot - {}
RESULT: {"script":"<script> [1562 bytes]","args":[{"selector":{"id":"application-manageresources-display-component---newResourceUnit--btnAddTimeSegment","interaction":{"idSuffix":"inner"}},"wdio_ui5_key":"applicationmanageresources-display-component---newResourceUnit--btnAddTimeSegment"}]}
RESULT: undefined
COMMAND: POST /session/fd980d4c89ba2068ef27cc02fb238359/element - {"using":"xpath","value":"//*[@id=\"application-manageresources-display-component---newResourceUnit--btnAddTimeSegment\"]"}
RESULT: {}
RESULT: {"using":"xpath","value":"//*[@id=\"application-manageresources-display-component---newResourceUnit--btnAddTimeSegment\"]"}
COMMAND: POST /session/fd980d4c89ba2068ef27cc02fb238359/element/f.D12FFF457A26405181F15BE3B17219F1.d.27E4790AD1204054E6171FD8E1945448.e.4753/click - {}
RESULT: {}
COMMAND: GET /session/fd980d4c89ba2068ef27cc02fb238359/screenshot - {}
RESULT: {}
COMMAND: POST /session/fd980d4c89ba2068ef27cc02fb238359/element - {"using":"xpath","value":"//input[@id=\"application-manageresources-display-component---newResourceUnit--idRuTSAdmin-application-manageresources-display-component---newResourceUnit--RUTimeSegment-0-inner\"]"}
RESULT: {"using":"xpath","value":"//input[@id=\"application-manageresources-display-component---newResourceUnit--idRuTSAdmin-application-manageresources-display-component---newResourceUnit--RUTimeSegment-0-inner\"]"}
COMMAND: POST /session/fd980d4c89ba2068ef27cc02fb238359/element/f.D12FFF457A26405181F15BE3B17219F1.d.27E4790AD1204054E6171FD8E1945448.e.4758/clear - {}
RESULT: {}
COMMAND: POST /session/fd980d4c89ba2068ef27cc02fb238359/element/f.D12FFF457A26405181F15BE3B17219F1.d.27E4790AD1204054E6171FD8E1945448.e.4758/value - {"text":"634"}
COMMAND: GET /session/fd980d4c89ba2068ef27cc02fb238359/screenshot - {}
RESULT: {"text":"634"}
COMMAND: GET /session/fd980d4c89ba2068ef27cc02fb238359/screenshot - {}
RESULT: {}
RESULT: {}
COMMAND: POST /session/fd980d4c89ba2068ef27cc02fb238359/element - {"using":"xpath","value":"//li[.//span[text()='634']]"}
RESULT: {"using":"xpath","value":"//li[.//span[text()='634']]"}
COMMAND: POST /session/fd980d4c89ba2068ef27cc02fb238359/element/f.D12FFF457A26405181F15BE3B17219F1.d.27E4790AD1204054E6171FD8E1945448.e.4767/click - {}
RESULT: {}
COMMAND: GET /session/fd980d4c89ba2068ef27cc02fb238359/screenshot - {}
RESULT: {}
COMMAND: POST /session/fd980d4c89ba2068ef27cc02fb238359/element - {"using":"xpath","value":"//*[contains(text(), \"Catalogs\")][contains(@id ,\"application-manageresources-display-component---newResourceUnit--newRRUPage-anchBar\")]"}
RESULT: {"using":"xpath","value":"//*[contains(text(), \"Catalogs\")][contains(@id ,\"application-manageresources-display-component---newResourceUnit--newRRUPage-anchBar\")]"}
COMMAND: POST /session/fd980d4c89ba2068ef27cc02fb238359/element/f.D12FFF457A26405181F15BE3B17219F1.d.27E4790AD1204054E6171FD8E1945448.e.4768/click - {}
RESULT: {}
COMMAND: GET /session/fd980d4c89ba2068ef27cc02fb238359/screenshot - {}
RESULT: {}
COMMAND: POST /session/fd980d4c89ba2068ef27cc02fb238359/element - {"using":"xpath","value":"//*[contains(text(), \"Assign\")][contains(@id ,\"button\")]"}
RESULT: {"using":"xpath","value":"//*[contains(text(), \"Assign\")][contains(@id ,\"button\")]"}
COMMAND: POST /session/fd980d4c89ba2068ef27cc02fb238359/element/f.D12FFF457A26405181F15BE3B17219F1.d.27E4790AD1204054E6171FD8E1945448.e.4772/click - {}
RESULT: {}
COMMAND: GET /session/fd980d4c89ba2068ef27cc02fb238359/screenshot - {}
RESULT: {}
COMMAND: POST /session/fd980d4c89ba2068ef27cc02fb238359/element - {"using":"xpath","value":"//span[@id = \"application-manageresources-display-component---newResourceUnit--catalogSelect-arrow\"]"}
RESULT: {"using":"xpath","value":"//span[@id = \"application-manageresources-display-component---newResourceUnit--catalogSelect-arrow\"]"}
COMMAND: POST /session/fd980d4c89ba2068ef27cc02fb238359/element/f.D12FFF457A26405181F15BE3B17219F1.d.27E4790AD1204054E6171FD8E1945448.e.4781/click - {}
RESULT: {}
COMMAND: GET /session/fd980d4c89ba2068ef27cc02fb238359/screenshot - {}
RESULT: {}
COMMAND: POST /session/fd980d4c89ba2068ef27cc02fb238359/element - {"using":"xpath","value":"//li[.//span[text()=\"Webshop Catalog\"]]"}
RESULT: {"using":"xpath","value":"//li[.//span[text()=\"Webshop Catalog\"]]"}
COMMAND: POST /session/fd980d4c89ba2068ef27cc02fb238359/element/f.D12FFF457A26405181F15BE3B17219F1.d.27E4790AD1204054E6171FD8E1945448.e.4782/click - {}
RESULT: {}
COMMAND: GET /session/fd980d4c89ba2068ef27cc02fb238359/screenshot - {}
RESULT: {}
COMMAND: POST /session/fd980d4c89ba2068ef27cc02fb238359/element - {"using":"xpath","value":"//span[@id = \"application-manageresources-display-component---newResourceUnit--catalogItemSelect-arrow\"]"}
RESULT: {"using":"xpath","value":"//span[@id = \"application-manageresources-display-component---newResourceUnit--catalogItemSelect-arrow\"]"}
COMMAND: POST /session/fd980d4c89ba2068ef27cc02fb238359/element/f.D12FFF457A26405181F15BE3B17219F1.d.27E4790AD1204054E6171FD8E1945448.e.4783/click - {}
RESULT: {}
COMMAND: GET /session/fd980d4c89ba2068ef27cc02fb238359/screenshot - {}
RESULT: {}
COMMAND: POST /session/fd980d4c89ba2068ef27cc02fb238359/element - {"using":"xpath","value":"//li[.//span[text()=\"Concert - Concert \"]]"}
RESULT: {"using":"xpath","value":"//li[.//span[text()=\"Concert - Concert \"]]"}
COMMAND: POST /session/fd980d4c89ba2068ef27cc02fb238359/element/f.D12FFF457A26405181F15BE3B17219F1.d.27E4790AD1204054E6171FD8E1945448.e.4784/click - {}
RESULT: {}
COMMAND: GET /session/fd980d4c89ba2068ef27cc02fb238359/screenshot - {}
RESULT: {}
COMMAND: POST /session/fd980d4c89ba2068ef27cc02fb238359/execute/async - {"script":"<script> [1562 bytes]","args":[{"selector":{"id":"application-manageresources-display-component---newResourceUnit--RUAssignmentSaveButton","searchOpenDialogs":true,"interaction":{"idSuffix":"BDI-content"}},"wdio_ui5_key":"applicationmanageresources-display-component---newResourceUnit--RUAssignmentSaveButton"}]}
RESULT: {"script":"<script> [1562 bytes]","args":[{"selector":{"id":"application-manageresources-display-component---newResourceUnit--RUAssignmentSaveButton","searchOpenDialogs":true,"interaction":{"idSuffix":"BDI-content"}},"wdio_ui5_key":"applicationmanageresources-display-component---newResourceUnit--RUAssignmentSaveButton"}]}
RESULT: undefined
COMMAND: POST /session/fd980d4c89ba2068ef27cc02fb238359/element - {"using":"xpath","value":"//*[@id=\"application-manageresources-display-component---newResourceUnit--RUAssignmentSaveButton\"]"}
RESULT: {"using":"xpath","value":"//*[@id=\"application-manageresources-display-component---newResourceUnit--RUAssignmentSaveButton\"]"}
COMMAND: POST /session/fd980d4c89ba2068ef27cc02fb238359/element/f.D12FFF457A26405181F15BE3B17219F1.d.27E4790AD1204054E6171FD8E1945448.e.4800/click - {}
RESULT: {}
COMMAND: GET /session/fd980d4c89ba2068ef27cc02fb238359/screenshot - {}
RESULT: {}
COMMAND: POST /session/fd980d4c89ba2068ef27cc02fb238359/element - {"using":"xpath","value":"//button[@data-kt=\"resourceUnitSaveButton\"]"}
RESULT: {"using":"xpath","value":"//button[@data-kt=\"resourceUnitSaveButton\"]"}
COMMAND: POST /session/fd980d4c89ba2068ef27cc02fb238359/element/f.D12FFF457A26405181F15BE3B17219F1.d.27E4790AD1204054E6171FD8E1945448.e.4629/click - {}
RESULT: {}
COMMAND: GET /session/fd980d4c89ba2068ef27cc02fb238359/screenshot - {}
RESULT: {}
COMMAND: POST /session/fd980d4c89ba2068ef27cc02fb238359/element - {"using":"xpath","value":"//bdi[contains(text(), \"Close\")]"}
RESULT: {"using":"xpath","value":"//bdi[contains(text(), \"Close\")]"}
COMMAND: POST /session/fd980d4c89ba2068ef27cc02fb238359/element/f.D12FFF457A26405181F15BE3B17219F1.d.27E4790AD1204054E6171FD8E1945448.e.4809/click - {}
RESULT: {}
COMMAND: GET /session/fd980d4c89ba2068ef27cc02fb238359/screenshot - {}
RESULT: {}
COMMAND: POST /session/fd980d4c89ba2068ef27cc02fb238359/element - {"using":"xpath","value":"//header[contains(@id, 'detailRruPage-headerTitle')]/div[1]/div[2]/div[2]/span[1]"}
RESULT: {"using":"xpath","value":"//header[contains(@id, 'detailRruPage-headerTitle')]/div[1]/div[2]/div[2]/span[1]"}
COMMAND: POST /session/fd980d4c89ba2068ef27cc02fb238359/elements - {"using":"xpath","value":"//header[contains(@id, 'detailRruPage-headerTitle')]/div[1]/div[2]/div[2]/span[1]"}
RESULT: {"using":"xpath","value":"//header[contains(@id, 'detailRruPage-headerTitle')]/div[1]/div[2]/div[2]/span[1]"}
COMMAND: POST /session/fd980d4c89ba2068ef27cc02fb238359/execute/sync - {"script":"<script> [56 bytes]","args":[{"element-6066-11e4-a52e-4f735466cecf":"f.D12FFF457A26405181F15BE3B17219F1.d.27E4790AD1204054E6171FD8E1945448.e.4836","ELEMENT":"f.D12FFF457A26405181F15BE3B17219F1.d.27E4790AD1204054E6171FD8E1945448.e.4836"}]}
RESULT: {"script":"<script> [56 bytes]","args":[{"element-6066-11e4-a52e-4f735466cecf":"f.D12FFF457A26405181F15BE3B17219F1.d.27E4790AD1204054E6171FD8E1945448.e.4836","ELEMENT":"f.D12FFF457A26405181F15BE3B17219F1.d.27E4790AD1204054E6171FD8E1945448.e.4836"}]}
COMMAND: POST /session/fd980d4c89ba2068ef27cc02fb238359/element - {"using":"css selector","value":"#shell-header-logo"}
COMMAND: GET /session/fd980d4c89ba2068ef27cc02fb238359/screenshot - {}
RESULT: {"using":"css selector","value":"#shell-header-logo"}
COMMAND: POST /session/fd980d4c89ba2068ef27cc02fb238359/element/f.D12FFF457A26405181F15BE3B17219F1.d.27E4790AD1204054E6171FD8E1945448.e.4220/click - {}
RESULT: {}
RESULT: {}
COMMAND: GET /session/fd980d4c89ba2068ef27cc02fb238359/screenshot - {}
RESULT: {}
]]></system-out>
    </testcase>
    <testcase classname="chrome.136_0_7103_93.windows.Yard_Overview_Autoplanning_US130989" name="Should create a new request and add the material" time="94.264">
      <system-out><![CDATA[
COMMAND: POST /session/fd980d4c89ba2068ef27cc02fb238359/execute/async - {"script":"<script> [1562 bytes]","args":[{"selector":{"controlType":"sap.m.GenericTile","properties":{"header":"Manage Requests"}},"wdio_ui5_key":"sapm.GenericTile{\"header\":\"Manage Requests\"}"}]}
RESULT: {"script":"<script> [1562 bytes]","args":[{"selector":{"controlType":"sap.m.GenericTile","properties":{"header":"Manage Requests"}},"wdio_ui5_key":"sapm.GenericTile{\"header\":\"Manage Requests\"}"}]}
RESULT: undefined
COMMAND: POST /session/fd980d4c89ba2068ef27cc02fb238359/element - {"using":"xpath","value":"//*[@id=\"__tile47\"]"}
RESULT: {"using":"xpath","value":"//*[@id=\"__tile47\"]"}
COMMAND: POST /session/fd980d4c89ba2068ef27cc02fb238359/element/f.D12FFF457A26405181F15BE3B17219F1.d.27E4790AD1204054E6171FD8E1945448.e.4206/click - {}
RESULT: {}
COMMAND: GET /session/fd980d4c89ba2068ef27cc02fb238359/screenshot - {}
RESULT: {}
COMMAND: POST /session/fd980d4c89ba2068ef27cc02fb238359/elements - {"using":"xpath","value":"//span[text()='Error']"}
RESULT: {"using":"xpath","value":"//span[text()='Error']"}
COMMAND: POST /session/fd980d4c89ba2068ef27cc02fb238359/execute/async - {"script":"<script> [1562 bytes]","args":[{"selector":{"id":"btnCreateNew","viewName":"etm.portal.ui.managerequests.view.Master","interaction":{"idSuffix":"inner"}},"wdio_ui5_key":"btnCreateNewetmportal.ui.managerequests.view.Master"}]}
RESULT: {"script":"<script> [1562 bytes]","args":[{"selector":{"id":"btnCreateNew","viewName":"etm.portal.ui.managerequests.view.Master","interaction":{"idSuffix":"inner"}},"wdio_ui5_key":"btnCreateNewetmportal.ui.managerequests.view.Master"}]}
RESULT: undefined
COMMAND: POST /session/fd980d4c89ba2068ef27cc02fb238359/element - {"using":"xpath","value":"//*[@id=\"__xmlview58--btnCreateNew\"]"}
RESULT: {"using":"xpath","value":"//*[@id=\"__xmlview58--btnCreateNew\"]"}
COMMAND: POST /session/fd980d4c89ba2068ef27cc02fb238359/element/f.D12FFF457A26405181F15BE3B17219F1.d.27E4790AD1204054E6171FD8E1945448.e.4892/click - {}
RESULT: {}
COMMAND: GET /session/fd980d4c89ba2068ef27cc02fb238359/screenshot - {}
RESULT: {}
COMMAND: POST /session/fd980d4c89ba2068ef27cc02fb238359/execute/async - {"script":"<script> [1562 bytes]","args":[{"selector":{"controlType":"sap.ui.core.Icon","viewName":"etm.portal.ui.managerequests.view.NewRequest","properties":{"src":{"regex":{"source":"full\\-screen"}}}},"wdio_ui5_key":"etmportal.ui.managerequests.view.NewRequestsap.ui.core.Icon{\"src\":{\"regex\":{\"source\":\"full\\\\-screen\"}}}"}]}
RESULT: {"script":"<script> [1562 bytes]","args":[{"selector":{"controlType":"sap.ui.core.Icon","viewName":"etm.portal.ui.managerequests.view.NewRequest","properties":{"src":{"regex":{"source":"full\\-screen"}}}},"wdio_ui5_key":"etmportal.ui.managerequests.view.NewRequestsap.ui.core.Icon{\"src\":{\"regex\":{\"source\":\"full\\\\-screen\"}}}"}]}
RESULT: undefined
COMMAND: POST /session/fd980d4c89ba2068ef27cc02fb238359/element - {"using":"xpath","value":"//*[@id=\"__button83-img\"]"}
RESULT: {"using":"xpath","value":"//*[@id=\"__button83-img\"]"}
COMMAND: POST /session/fd980d4c89ba2068ef27cc02fb238359/element/f.D12FFF457A26405181F15BE3B17219F1.d.27E4790AD1204054E6171FD8E1945448.e.5297/click - {}
RESULT: {}
COMMAND: GET /session/fd980d4c89ba2068ef27cc02fb238359/screenshot - {}
RESULT: {}
COMMAND: POST /session/fd980d4c89ba2068ef27cc02fb238359/element - {"using":"xpath","value":"//input[contains(@id ,\"yardId-inner\")]"}
RESULT: {"using":"xpath","value":"//input[contains(@id ,\"yardId-inner\")]"}
COMMAND: POST /session/fd980d4c89ba2068ef27cc02fb238359/element/f.D12FFF457A26405181F15BE3B17219F1.d.27E4790AD1204054E6171FD8E1945448.e.5130/value - {"text":"634"}
RESULT: {"text":"634"}
COMMAND: GET /session/fd980d4c89ba2068ef27cc02fb238359/screenshot - {}
RESULT: {}
COMMAND: POST /session/fd980d4c89ba2068ef27cc02fb238359/element - {"using":"xpath","value":"//li[.//span[text()='634']]"}
RESULT: {"using":"xpath","value":"//li[.//span[text()='634']]"}
COMMAND: POST /session/fd980d4c89ba2068ef27cc02fb238359/element/f.D12FFF457A26405181F15BE3B17219F1.d.27E4790AD1204054E6171FD8E1945448.e.5342/click - {}
RESULT: {}
COMMAND: GET /session/fd980d4c89ba2068ef27cc02fb238359/screenshot - {}
RESULT: {}
COMMAND: POST /session/fd980d4c89ba2068ef27cc02fb238359/element - {"using":"xpath","value":"//input[contains(@id ,\"customerNumber-inner\")]"}
RESULT: {"using":"xpath","value":"//input[contains(@id ,\"customerNumber-inner\")]"}
COMMAND: POST /session/fd980d4c89ba2068ef27cc02fb238359/element/f.D12FFF457A26405181F15BE3B17219F1.d.27E4790AD1204054E6171FD8E1945448.e.5124/clear - {}
RESULT: {}
COMMAND: POST /session/fd980d4c89ba2068ef27cc02fb238359/element/f.D12FFF457A26405181F15BE3B17219F1.d.27E4790AD1204054E6171FD8E1945448.e.5124/value - {"text":"1412"}
COMMAND: GET /session/fd980d4c89ba2068ef27cc02fb238359/screenshot - {}
RESULT: {"text":"1412"}
COMMAND: GET /session/fd980d4c89ba2068ef27cc02fb238359/screenshot - {}
RESULT: {}
RESULT: {}
COMMAND: POST /session/fd980d4c89ba2068ef27cc02fb238359/element - {"using":"xpath","value":"//li[.//span[text()='1412']]"}
RESULT: {"using":"xpath","value":"//li[.//span[text()='1412']]"}
COMMAND: POST /session/fd980d4c89ba2068ef27cc02fb238359/element/f.D12FFF457A26405181F15BE3B17219F1.d.27E4790AD1204054E6171FD8E1945448.e.5344/click - {}
RESULT: {}
COMMAND: GET /session/fd980d4c89ba2068ef27cc02fb238359/screenshot - {}
RESULT: {}
COMMAND: POST /session/fd980d4c89ba2068ef27cc02fb238359/element - {"using":"xpath","value":"//button[contains(@id ,\"btnAddTableRow\")]"}
RESULT: {"using":"xpath","value":"//button[contains(@id ,\"btnAddTableRow\")]"}
COMMAND: POST /session/fd980d4c89ba2068ef27cc02fb238359/element/f.D12FFF457A26405181F15BE3B17219F1.d.27E4790AD1204054E6171FD8E1945448.e.5102/click - {}
RESULT: {}
COMMAND: GET /session/fd980d4c89ba2068ef27cc02fb238359/screenshot - {}
RESULT: {}
COMMAND: POST /session/fd980d4c89ba2068ef27cc02fb238359/actions - {"actions":[{"id":"action14","type":"key","parameters":{},"actions":[{"type":"keyDown","value":"î€•"},{"type":"pause","duration":10},{"type":"keyUp","value":"î€•"}]}]}
RESULT: {"actions":[{"id":"action14","type":"key","parameters":{},"actions":[{"type":"keyDown","value":"î€•"},{"type":"pause","duration":10},{"type":"keyUp","value":"î€•"}]}]}
COMMAND: POST /session/fd980d4c89ba2068ef27cc02fb238359/actions - {"actions":[{"id":"action15","type":"key","parameters":{},"actions":[{"type":"keyDown","value":"î€‡"},{"type":"pause","duration":10},{"type":"keyUp","value":"î€‡"}]}]}
COMMAND: GET /session/fd980d4c89ba2068ef27cc02fb238359/screenshot - {}
RESULT: {"actions":[{"id":"action15","type":"key","parameters":{},"actions":[{"type":"keyDown","value":"î€‡"},{"type":"pause","duration":10},{"type":"keyUp","value":"î€‡"}]}]}
COMMAND: GET /session/fd980d4c89ba2068ef27cc02fb238359/screenshot - {}
RESULT: {}
RESULT: {}
COMMAND: POST /session/fd980d4c89ba2068ef27cc02fb238359/element - {"using":"xpath","value":"//table[contains(@id, \"requestItemsTable-listUl\")]//tbody/tr[1]/td[3]/div/div/input"}
RESULT: {"using":"xpath","value":"//table[contains(@id, \"requestItemsTable-listUl\")]//tbody/tr[1]/td[3]/div/div/input"}
COMMAND: POST /session/fd980d4c89ba2068ef27cc02fb238359/element/f.D12FFF457A26405181F15BE3B17219F1.d.27E4790AD1204054E6171FD8E1945448.e.5348/clear - {}
RESULT: {}
COMMAND: POST /session/fd980d4c89ba2068ef27cc02fb238359/element/f.D12FFF457A26405181F15BE3B17219F1.d.27E4790AD1204054E6171FD8E1945448.e.5348/value - {"text":"Concert"}
COMMAND: GET /session/fd980d4c89ba2068ef27cc02fb238359/screenshot - {}
RESULT: {"text":"Concert"}
COMMAND: GET /session/fd980d4c89ba2068ef27cc02fb238359/screenshot - {}
RESULT: {}
RESULT: {}
COMMAND: POST /session/fd980d4c89ba2068ef27cc02fb238359/element - {"using":"xpath","value":"//li[.//span[contains(text(), \"Concert\")]]"}
RESULT: {"using":"xpath","value":"//li[.//span[contains(text(), \"Concert\")]]"}
COMMAND: POST /session/fd980d4c89ba2068ef27cc02fb238359/element/f.D12FFF457A26405181F15BE3B17219F1.d.27E4790AD1204054E6171FD8E1945448.e.5360/click - {}
RESULT: {}
COMMAND: GET /session/fd980d4c89ba2068ef27cc02fb238359/screenshot - {}
RESULT: {}
COMMAND: POST /session/fd980d4c89ba2068ef27cc02fb238359/execute/async - {"script":"<script> [1562 bytes]","args":[{"selector":{"controlType":"sap.ui.core.Icon","viewName":"etm.portal.ui.managerequests.view.NewRequest","properties":{"src":{"regex":{"source":"message\\-error"}}},"ancestor":{"controlType":"sap.m.ColumnListItem","viewName":"etm.portal.ui.managerequests.view.NewRequest","bindingPath":{"modelName":"newRequestItems","path":"/RequestItems/0"},"ancestor":{"id":"requestItemsTable","viewName":"etm.portal.ui.managerequests.view.NewRequest"}}},"wdio_ui5_key":"etmportal.ui.managerequests.view.NewRequestsap.ui.core.Icon{\"src\":{\"regex\":{\"source\":\"message\\\\-error\"}}}{\"controlType\":\"sap.m.ColumnListItem\",\"viewName\":\"etm.portal.ui.managerequests.view.NewRequest\",\"bindingPath\":{\"modelName\":\"newRequestItems\",\"path\":\"/RequestItems/0\"},\"ancestor\":{\"id\":\"requestItemsTable\",\"viewName\":\"etm.portal.ui.managerequests.view.NewRequest\"}}"}]}
RESULT: {"script":"<script> [1562 bytes]","args":[{"selector":{"controlType":"sap.ui.core.Icon","viewName":"etm.portal.ui.managerequests.view.NewRequest","properties":{"src":{"regex":{"source":"message\\-error"}}},"ancestor":{"controlType":"sap.m.ColumnListItem","viewName":"etm.portal.ui.managerequests.view.NewRequest","bindingPath":{"modelName":"newRequestItems","path":"/RequestItems/0"},"ancestor":{"id":"requestItemsTable","viewName":"etm.portal.ui.managerequests.view.NewRequest"}}},"wdio_ui5_key":"etmportal.ui.managerequests.view.NewRequestsap.ui.core.Icon{\"src\":{\"regex\":{\"source\":\"message\\\\-error\"}}}{\"controlType\":\"sap.m.ColumnListItem\",\"viewName\":\"etm.portal.ui.managerequests.view.NewRequest\",\"bindingPath\":{\"modelName\":\"newRequestItems\",\"path\":\"/RequestItems/0\"},\"ancestor\":{\"id\":\"requestItemsTable\",\"viewName\":\"etm.portal.ui.managerequests.view.NewRequest\"}}"}]}
RESULT: undefined
COMMAND: POST /session/fd980d4c89ba2068ef27cc02fb238359/element - {"using":"xpath","value":"//*[@id=\"__status10-__xmlview59--requestItemsTable-0-icon\"]"}
RESULT: {"using":"xpath","value":"//*[@id=\"__status10-__xmlview59--requestItemsTable-0-icon\"]"}
COMMAND: POST /session/fd980d4c89ba2068ef27cc02fb238359/element/f.D12FFF457A26405181F15BE3B17219F1.d.27E4790AD1204054E6171FD8E1945448.e.5361/click - {}
RESULT: {}
COMMAND: POST /session/fd980d4c89ba2068ef27cc02fb238359/execute/async - {"script":"<script> [1562 bytes]","args":[{"selector":{"controlType":"sap.ui.core.Icon","viewName":"etm.portal.ui.managerequests.view.NewRequest","properties":{"src":{"regex":{"source":"slim\\-arrow\\-down"}}},"searchOpenDialogs":true,"ancestor":{"id":"costObjectAdminTypeComboBox","viewName":"etm.portal.ui.managerequests.view.NewRequest","searchOpenDialogs":true}},"wdio_ui5_key":"etmportal.ui.managerequests.view.NewRequestsap.ui.core.Icon{\"src\":{\"regex\":{\"source\":\"slim\\\\-arrow\\\\-down\"}}}{\"id\":\"costObjectAdminTypeComboBox\",\"viewName\":\"etm.portal.ui.managerequests.view.NewRequest\",\"searchOpenDialogs\":true}"}]}
COMMAND: GET /session/fd980d4c89ba2068ef27cc02fb238359/screenshot - {}
RESULT: {"script":"<script> [1562 bytes]","args":[{"selector":{"controlType":"sap.ui.core.Icon","viewName":"etm.portal.ui.managerequests.view.NewRequest","properties":{"src":{"regex":{"source":"slim\\-arrow\\-down"}}},"searchOpenDialogs":true,"ancestor":{"id":"costObjectAdminTypeComboBox","viewName":"etm.portal.ui.managerequests.view.NewRequest","searchOpenDialogs":true}},"wdio_ui5_key":"etmportal.ui.managerequests.view.NewRequestsap.ui.core.Icon{\"src\":{\"regex\":{\"source\":\"slim\\\\-arrow\\\\-down\"}}}{\"id\":\"costObjectAdminTypeComboBox\",\"viewName\":\"etm.portal.ui.managerequests.view.NewRequest\",\"searchOpenDialogs\":true}"}]}
RESULT: undefined
COMMAND: POST /session/fd980d4c89ba2068ef27cc02fb238359/element - {"using":"xpath","value":"//*[@id=\"__xmlview59--costObjectAdminTypeComboBox-arrow\"]"}
RESULT: {}
RESULT: {"using":"xpath","value":"//*[@id=\"__xmlview59--costObjectAdminTypeComboBox-arrow\"]"}
COMMAND: POST /session/fd980d4c89ba2068ef27cc02fb238359/element/f.D12FFF457A26405181F15BE3B17219F1.d.27E4790AD1204054E6171FD8E1945448.e.5366/click - {}
RESULT: {}
COMMAND: GET /session/fd980d4c89ba2068ef27cc02fb238359/screenshot - {}
RESULT: {}
COMMAND: POST /session/fd980d4c89ba2068ef27cc02fb238359/execute/async - {"script":"<script> [1562 bytes]","args":[{"selector":{"controlType":"sap.m.StandardListItem","viewName":"etm.portal.ui.managerequests.view.NewRequest","properties":{"title":"Cost Center"},"searchOpenDialogs":true,"interaction":{"idSuffix":"content"}},"wdio_ui5_key":"etmportal.ui.managerequests.view.NewRequestsap.m.StandardListItem{\"title\":\"Cost Center\"}"}]}
RESULT: {"script":"<script> [1562 bytes]","args":[{"selector":{"controlType":"sap.m.StandardListItem","viewName":"etm.portal.ui.managerequests.view.NewRequest","properties":{"title":"Cost Center"},"searchOpenDialogs":true,"interaction":{"idSuffix":"content"}},"wdio_ui5_key":"etmportal.ui.managerequests.view.NewRequestsap.m.StandardListItem{\"title\":\"Cost Center\"}"}]}
RESULT: undefined
COMMAND: POST /session/fd980d4c89ba2068ef27cc02fb238359/element - {"using":"xpath","value":"//*[@id=\"__item1824\"]"}
RESULT: {"using":"xpath","value":"//*[@id=\"__item1824\"]"}
COMMAND: POST /session/fd980d4c89ba2068ef27cc02fb238359/element/f.D12FFF457A26405181F15BE3B17219F1.d.27E4790AD1204054E6171FD8E1945448.e.5369/click - {}
RESULT: {}
COMMAND: GET /session/fd980d4c89ba2068ef27cc02fb238359/screenshot - {}
RESULT: {}
COMMAND: POST /session/fd980d4c89ba2068ef27cc02fb238359/execute/async - {"script":"<script> [1562 bytes]","args":[{"selector":{"controlType":"sap.m.Button","viewName":"etm.portal.ui.managerequests.view.NewRequest","i18NText":{"propertyName":"text","key":"save"},"searchOpenDialogs":true,"interaction":{"idSuffix":"inner"}},"wdio_ui5_key":"etmportal.ui.managerequests.view.NewRequestsap.m.Button{\"propertyName\":\"text\",\"key\":\"save\"}"}]}
RESULT: {"script":"<script> [1562 bytes]","args":[{"selector":{"controlType":"sap.m.Button","viewName":"etm.portal.ui.managerequests.view.NewRequest","i18NText":{"propertyName":"text","key":"save"},"searchOpenDialogs":true,"interaction":{"idSuffix":"inner"}},"wdio_ui5_key":"etmportal.ui.managerequests.view.NewRequestsap.m.Button{\"propertyName\":\"text\",\"key\":\"save\"}"}]}
RESULT: undefined
COMMAND: POST /session/fd980d4c89ba2068ef27cc02fb238359/element - {"using":"xpath","value":"//*[@id=\"__button101\"]"}
RESULT: {"using":"xpath","value":"//*[@id=\"__button101\"]"}
COMMAND: POST /session/fd980d4c89ba2068ef27cc02fb238359/element/f.D12FFF457A26405181F15BE3B17219F1.d.27E4790AD1204054E6171FD8E1945448.e.5377/click - {}
RESULT: {}
COMMAND: GET /session/fd980d4c89ba2068ef27cc02fb238359/screenshot - {}
RESULT: {}
COMMAND: POST /session/fd980d4c89ba2068ef27cc02fb238359/execute/async - {"script":"<script> [1562 bytes]","args":[{"selector":{"controlType":"sap.m.Button","viewName":"etm.portal.ui.managerequests.view.NewRequest","i18NText":{"propertyName":"tooltip","key":"save"},"interaction":{"idSuffix":"BDI-content"}},"wdio_ui5_key":"etmportal.ui.managerequests.view.NewRequestsap.m.Button{\"propertyName\":\"tooltip\",\"key\":\"save\"}"}]}
RESULT: {"script":"<script> [1562 bytes]","args":[{"selector":{"controlType":"sap.m.Button","viewName":"etm.portal.ui.managerequests.view.NewRequest","i18NText":{"propertyName":"tooltip","key":"save"},"interaction":{"idSuffix":"BDI-content"}},"wdio_ui5_key":"etmportal.ui.managerequests.view.NewRequestsap.m.Button{\"propertyName\":\"tooltip\",\"key\":\"save\"}"}]}
RESULT: undefined
COMMAND: POST /session/fd980d4c89ba2068ef27cc02fb238359/element - {"using":"xpath","value":"//*[@id=\"__button90\"]"}
RESULT: {"using":"xpath","value":"//*[@id=\"__button90\"]"}
COMMAND: POST /session/fd980d4c89ba2068ef27cc02fb238359/element/f.D12FFF457A26405181F15BE3B17219F1.d.27E4790AD1204054E6171FD8E1945448.e.5274/click - {}
RESULT: {}
COMMAND: POST /session/fd980d4c89ba2068ef27cc02fb238359/execute/async - {"script":"<script> [1562 bytes]","args":[{"selector":{"controlType":"sap.m.Button","properties":{"text":"Close"},"searchOpenDialogs":true,"interaction":{"idSuffix":"inner"}},"wdio_ui5_key":"sapm.Button{\"text\":\"Close\"}"}]}
COMMAND: GET /session/fd980d4c89ba2068ef27cc02fb238359/screenshot - {}
RESULT: {"script":"<script> [1562 bytes]","args":[{"selector":{"controlType":"sap.m.Button","properties":{"text":"Close"},"searchOpenDialogs":true,"interaction":{"idSuffix":"inner"}},"wdio_ui5_key":"sapm.Button{\"text\":\"Close\"}"}]}
RESULT: undefined
COMMAND: POST /session/fd980d4c89ba2068ef27cc02fb238359/element - {"using":"xpath","value":"//*[@id=\"__mbox-btn-1\"]"}
RESULT: {}
RESULT: {"using":"xpath","value":"//*[@id=\"__mbox-btn-1\"]"}
COMMAND: POST /session/fd980d4c89ba2068ef27cc02fb238359/element/f.D12FFF457A26405181F15BE3B17219F1.d.27E4790AD1204054E6171FD8E1945448.e.5380/click - {}
RESULT: {}
COMMAND: GET /session/fd980d4c89ba2068ef27cc02fb238359/screenshot - {}
RESULT: {}
COMMAND: POST /session/fd980d4c89ba2068ef27cc02fb238359/execute/async - {"script":"<script> [1562 bytes]","args":[{"selector":{"controlType":"sap.m.Text","viewName":"etm.portal.ui.managerequests.view.Detail","bindingPath":{"propertyPath":"NO","modelName":"catalogModel"}},"wdio_ui5_key":"etmportal.ui.managerequests.view.Detailsap.m.Text{\"propertyPath\":\"NO\",\"modelName\":\"catalogModel\"}"}]}
RESULT: {"script":"<script> [1562 bytes]","args":[{"selector":{"controlType":"sap.m.Text","viewName":"etm.portal.ui.managerequests.view.Detail","bindingPath":{"propertyPath":"NO","modelName":"catalogModel"}},"wdio_ui5_key":"etmportal.ui.managerequests.view.Detailsap.m.Text{\"propertyPath\":\"NO\",\"modelName\":\"catalogModel\"}"}]}
RESULT: undefined
COMMAND: POST /session/fd980d4c89ba2068ef27cc02fb238359/execute/async - {"script":"<script> [6424 bytes]","args":[{"element-6066-11e4-a52e-4f735466cecf":"f.D12FFF457A26405181F15BE3B17219F1.d.27E4790AD1204054E6171FD8E1945448.e.5652"},"getText",[]]}
RESULT: {"script":"<script> [6424 bytes]","args":[{"element-6066-11e4-a52e-4f735466cecf":"f.D12FFF457A26405181F15BE3B17219F1.d.27E4790AD1204054E6171FD8E1945448.e.5652"},"getText",[]]}
COMMAND: POST /session/fd980d4c89ba2068ef27cc02fb238359/element - {"using":"css selector","value":"#shell-header-logo"}
RESULT: {"using":"css selector","value":"#shell-header-logo"}
COMMAND: POST /session/fd980d4c89ba2068ef27cc02fb238359/element/f.D12FFF457A26405181F15BE3B17219F1.d.27E4790AD1204054E6171FD8E1945448.e.4839/click - {}
RESULT: {}
COMMAND: GET /session/fd980d4c89ba2068ef27cc02fb238359/screenshot - {}
RESULT: {}
]]></system-out>
    </testcase>
    <testcase classname="chrome.136_0_7103_93.windows.Yard_Overview_Autoplanning_US130989" name="Should navigate to Yard overview and plan the request" time="128.657">
      <system-out><![CDATA[
COMMAND: POST /session/fd980d4c89ba2068ef27cc02fb238359/execute/async - {"script":"<script> [1562 bytes]","args":[{"selector":{"controlType":"sap.m.GenericTile","properties":{"header":"Yard Overview"}},"wdio_ui5_key":"sapm.GenericTile{\"header\":\"Yard Overview\"}"}]}
RESULT: {"script":"<script> [1562 bytes]","args":[{"selector":{"controlType":"sap.m.GenericTile","properties":{"header":"Yard Overview"}},"wdio_ui5_key":"sapm.GenericTile{\"header\":\"Yard Overview\"}"}]}
RESULT: undefined
COMMAND: POST /session/fd980d4c89ba2068ef27cc02fb238359/element - {"using":"xpath","value":"//*[@id=\"__tile102\"]"}
RESULT: {"using":"xpath","value":"//*[@id=\"__tile102\"]"}
COMMAND: POST /session/fd980d4c89ba2068ef27cc02fb238359/element/f.D12FFF457A26405181F15BE3B17219F1.d.27E4790AD1204054E6171FD8E1945448.e.5657/click - {}
RESULT: {}
COMMAND: GET /session/fd980d4c89ba2068ef27cc02fb238359/screenshot - {}
RESULT: {}
COMMAND: POST /session/fd980d4c89ba2068ef27cc02fb238359/elements - {"using":"xpath","value":"//span[text()='Error']"}
RESULT: {"using":"xpath","value":"//span[text()='Error']"}
COMMAND: POST /session/fd980d4c89ba2068ef27cc02fb238359/execute/async - {"script":"<script> [1562 bytes]","args":[{"selector":{"id":"application-yardoverview-display-component---masterYardInventory--smartFilterBar-btnBasicSearch","interaction":{"idSuffix":"I"}},"wdio_ui5_key":"applicationyardoverview-display-component---masterYardInventory--smartFilterBar-btnBasicSearch"}]}
RESULT: {"script":"<script> [1562 bytes]","args":[{"selector":{"id":"application-yardoverview-display-component---masterYardInventory--smartFilterBar-btnBasicSearch","interaction":{"idSuffix":"I"}},"wdio_ui5_key":"applicationyardoverview-display-component---masterYardInventory--smartFilterBar-btnBasicSearch"}]}
RESULT: undefined
COMMAND: POST /session/fd980d4c89ba2068ef27cc02fb238359/execute/async - {"script":"<script> [776 bytes]","args":[{"enterText":"634","selector":{"id":"application-yardoverview-display-component---masterYardInventory--smartFilterBar-btnBasicSearch","interaction":{"idSuffix":"I"}},"clearTextFirst":true,"interactionType":"ENTER_TEXT"}]}
RESULT: {"script":"<script> [776 bytes]","args":[{"enterText":"634","selector":{"id":"application-yardoverview-display-component---masterYardInventory--smartFilterBar-btnBasicSearch","interaction":{"idSuffix":"I"}},"clearTextFirst":true,"interactionType":"ENTER_TEXT"}]}
COMMAND: POST /session/fd980d4c89ba2068ef27cc02fb238359/actions - {"actions":[{"id":"action16","type":"key","parameters":{},"actions":[{"type":"keyDown","value":"î€‡"},{"type":"pause","duration":10},{"type":"keyUp","value":"î€‡"}]}]}
RESULT: {"actions":[{"id":"action16","type":"key","parameters":{},"actions":[{"type":"keyDown","value":"î€‡"},{"type":"pause","duration":10},{"type":"keyUp","value":"î€‡"}]}]}
COMMAND: GET /session/fd980d4c89ba2068ef27cc02fb238359/screenshot - {}
RESULT: {}
COMMAND: POST /session/fd980d4c89ba2068ef27cc02fb238359/execute/async - {"script":"<script> [1562 bytes]","args":[{"selector":{"controlType":"sap.m.Text","viewName":"etm.portal.ui.yardoverview.view.Master","viewId":"application-yardoverview-display-component---masterYardInventory","bindingPath":{"propertyPath":"ID"}},"wdio_ui5_key":"etmportal.ui.yardoverview.view.Mastersap.m.Text{\"propertyPath\":\"ID\"}"}]}
RESULT: {"script":"<script> [1562 bytes]","args":[{"selector":{"controlType":"sap.m.Text","viewName":"etm.portal.ui.yardoverview.view.Master","viewId":"application-yardoverview-display-component---masterYardInventory","bindingPath":{"propertyPath":"ID"}},"wdio_ui5_key":"etmportal.ui.yardoverview.view.Mastersap.m.Text{\"propertyPath\":\"ID\"}"}]}
RESULT: undefined
COMMAND: POST /session/fd980d4c89ba2068ef27cc02fb238359/element - {"using":"xpath","value":"//*[@id=\"__text982-__clone3406\"]"}
RESULT: {"using":"xpath","value":"//*[@id=\"__text982-__clone3406\"]"}
COMMAND: POST /session/fd980d4c89ba2068ef27cc02fb238359/element/f.D12FFF457A26405181F15BE3B17219F1.d.27E4790AD1204054E6171FD8E1945448.e.5750/click - {}
RESULT: {}
COMMAND: GET /session/fd980d4c89ba2068ef27cc02fb238359/screenshot - {}
RESULT: {}
COMMAND: POST /session/fd980d4c89ba2068ef27cc02fb238359/execute/async - {"script":"<script> [1562 bytes]","args":[{"selector":{"id":"application-yardoverview-display-component---detailYardInventory--ObjectPageLayout-anchBar-application-yardoverview-display-component---detailYardInventory--openRequestsSection-anchor","interaction":{"idSuffix":"BDI-content"}},"wdio_ui5_key":"applicationyardoverview-display-component---detailYardInventory--ObjectPageLayout-anchBar-application-yardoverview-display-component---detailYardInventory--openRequestsSection-anchor"}]}
RESULT: {"script":"<script> [1562 bytes]","args":[{"selector":{"id":"application-yardoverview-display-component---detailYardInventory--ObjectPageLayout-anchBar-application-yardoverview-display-component---detailYardInventory--openRequestsSection-anchor","interaction":{"idSuffix":"BDI-content"}},"wdio_ui5_key":"applicationyardoverview-display-component---detailYardInventory--ObjectPageLayout-anchBar-application-yardoverview-display-component---detailYardInventory--openRequestsSection-anchor"}]}
RESULT: undefined
COMMAND: POST /session/fd980d4c89ba2068ef27cc02fb238359/element - {"using":"xpath","value":"//*[@id=\"application-yardoverview-display-component---detailYardInventory--ObjectPageLayout-anchBar-application-yardoverview-display-component---detailYardInventory--openRequestsSection-anchor\"]"}
RESULT: {"using":"xpath","value":"//*[@id=\"application-yardoverview-display-component---detailYardInventory--ObjectPageLayout-anchBar-application-yardoverview-display-component---detailYardInventory--openRequestsSection-anchor\"]"}
COMMAND: POST /session/fd980d4c89ba2068ef27cc02fb238359/element/f.D12FFF457A26405181F15BE3B17219F1.d.27E4790AD1204054E6171FD8E1945448.e.5841/click - {}
RESULT: {}
COMMAND: GET /session/fd980d4c89ba2068ef27cc02fb238359/screenshot - {}
RESULT: {}
COMMAND: POST /session/fd980d4c89ba2068ef27cc02fb238359/element - {"using":"xpath","value":"//input[contains(@aria-labelledby ,\"INTERNAL_GROUP-request\")]"}
RESULT: {"using":"xpath","value":"//input[contains(@aria-labelledby ,\"INTERNAL_GROUP-request\")]"}
COMMAND: POST /session/fd980d4c89ba2068ef27cc02fb238359/element/f.D12FFF457A26405181F15BE3B17219F1.d.27E4790AD1204054E6171FD8E1945448.e.5852/clear - {}
RESULT: {}
COMMAND: POST /session/fd980d4c89ba2068ef27cc02fb238359/element/f.D12FFF457A26405181F15BE3B17219F1.d.27E4790AD1204054E6171FD8E1945448.e.5852/value - {"text":"20239"}
COMMAND: GET /session/fd980d4c89ba2068ef27cc02fb238359/screenshot - {}
RESULT: {"text":"20239"}
COMMAND: GET /session/fd980d4c89ba2068ef27cc02fb238359/screenshot - {}
RESULT: {}
RESULT: {}
COMMAND: POST /session/fd980d4c89ba2068ef27cc02fb238359/actions - {"actions":[{"id":"action17","type":"key","parameters":{},"actions":[{"type":"keyDown","value":"î€‡"},{"type":"pause","duration":10},{"type":"keyUp","value":"î€‡"}]}]}
RESULT: {"actions":[{"id":"action17","type":"key","parameters":{},"actions":[{"type":"keyDown","value":"î€‡"},{"type":"pause","duration":10},{"type":"keyUp","value":"î€‡"}]}]}
COMMAND: POST /session/fd980d4c89ba2068ef27cc02fb238359/element - {"using":"xpath","value":"//button[contains(@id,\"openRequests-triggerAction-autoplanBtn\")]"}
COMMAND: GET /session/fd980d4c89ba2068ef27cc02fb238359/screenshot - {}
RESULT: {"using":"xpath","value":"//button[contains(@id,\"openRequests-triggerAction-autoplanBtn\")]"}
COMMAND: POST /session/fd980d4c89ba2068ef27cc02fb238359/element/f.D12FFF457A26405181F15BE3B17219F1.d.27E4790AD1204054E6171FD8E1945448.e.5873/click - {}
RESULT: {}
RESULT: {}
COMMAND: GET /session/fd980d4c89ba2068ef27cc02fb238359/screenshot - {}
RESULT: {}
COMMAND: POST /session/fd980d4c89ba2068ef27cc02fb238359/execute/async - {"script":"<script> [1562 bytes]","args":[{"selector":{"id":"application-yardoverview-display-component---detailYardInventory--customRequestsTable-sa","interaction":{"idSuffix":"CbBg"}},"wdio_ui5_key":"applicationyardoverview-display-component---detailYardInventory--customRequestsTable-sa"}]}
RESULT: {"script":"<script> [1562 bytes]","args":[{"selector":{"id":"application-yardoverview-display-component---detailYardInventory--customRequestsTable-sa","interaction":{"idSuffix":"CbBg"}},"wdio_ui5_key":"applicationyardoverview-display-component---detailYardInventory--customRequestsTable-sa"}]}
RESULT: undefined
COMMAND: POST /session/fd980d4c89ba2068ef27cc02fb238359/element - {"using":"xpath","value":"//*[@id=\"application-yardoverview-display-component---detailYardInventory--customRequestsTable-sa\"]"}
RESULT: {"using":"xpath","value":"//*[@id=\"application-yardoverview-display-component---detailYardInventory--customRequestsTable-sa\"]"}
COMMAND: POST /session/fd980d4c89ba2068ef27cc02fb238359/element/f.D12FFF457A26405181F15BE3B17219F1.d.27E4790AD1204054E6171FD8E1945448.e.5896/click - {}
RESULT: {}
COMMAND: GET /session/fd980d4c89ba2068ef27cc02fb238359/screenshot - {}
RESULT: {}
COMMAND: POST /session/fd980d4c89ba2068ef27cc02fb238359/element - {"using":"xpath","value":"//button[contains(@id,\"openRequests-triggerAction-autoplanBtn\")]"}
RESULT: {"using":"xpath","value":"//button[contains(@id,\"openRequests-triggerAction-autoplanBtn\")]"}
COMMAND: POST /session/fd980d4c89ba2068ef27cc02fb238359/element/f.D12FFF457A26405181F15BE3B17219F1.d.27E4790AD1204054E6171FD8E1945448.e.5873/click - {}
RESULT: {}
COMMAND: GET /session/fd980d4c89ba2068ef27cc02fb238359/screenshot - {}
RESULT: {}
COMMAND: POST /session/fd980d4c89ba2068ef27cc02fb238359/element - {"using":"xpath","value":"//button[.//bdi[contains(text(),\"OK\")]]"}
RESULT: {"using":"xpath","value":"//button[.//bdi[contains(text(),\"OK\")]]"}
COMMAND: POST /session/fd980d4c89ba2068ef27cc02fb238359/element/f.D12FFF457A26405181F15BE3B17219F1.d.27E4790AD1204054E6171FD8E1945448.e.5897/click - {}
RESULT: {}
COMMAND: GET /session/fd980d4c89ba2068ef27cc02fb238359/screenshot - {}
RESULT: {}
COMMAND: POST /session/fd980d4c89ba2068ef27cc02fb238359/execute/async - {"script":"<script> [1562 bytes]","args":[{"selector":{"id":"application-yardoverview-display-component---detailYardInventory--refreshOpenRequests-img"},"wdio_ui5_key":"applicationyardoverview-display-component---detailYardInventory--refreshOpenRequests-img"}]}
RESULT: {"script":"<script> [1562 bytes]","args":[{"selector":{"id":"application-yardoverview-display-component---detailYardInventory--refreshOpenRequests-img"},"wdio_ui5_key":"applicationyardoverview-display-component---detailYardInventory--refreshOpenRequests-img"}]}
RESULT: undefined
COMMAND: POST /session/fd980d4c89ba2068ef27cc02fb238359/element - {"using":"xpath","value":"//*[@id=\"application-yardoverview-display-component---detailYardInventory--refreshOpenRequests-img\"]"}
RESULT: {"using":"xpath","value":"//*[@id=\"application-yardoverview-display-component---detailYardInventory--refreshOpenRequests-img\"]"}
COMMAND: POST /session/fd980d4c89ba2068ef27cc02fb238359/element/f.D12FFF457A26405181F15BE3B17219F1.d.27E4790AD1204054E6171FD8E1945448.e.5899/click - {}
RESULT: {}
COMMAND: GET /session/fd980d4c89ba2068ef27cc02fb238359/screenshot - {}
RESULT: {}
COMMAND: POST /session/fd980d4c89ba2068ef27cc02fb238359/execute/async - {"script":"<script> [1562 bytes]","args":[{"selector":{"id":"application-yardoverview-display-component---detailYardInventory--ObjectPageLayout-anchBar-application-yardoverview-display-component---detailYardInventory--openProvidesSection-anchor","interaction":{"idSuffix":"BDI-content"}},"wdio_ui5_key":"applicationyardoverview-display-component---detailYardInventory--ObjectPageLayout-anchBar-application-yardoverview-display-component---detailYardInventory--openProvidesSection-anchor"}]}
RESULT: {"script":"<script> [1562 bytes]","args":[{"selector":{"id":"application-yardoverview-display-component---detailYardInventory--ObjectPageLayout-anchBar-application-yardoverview-display-component---detailYardInventory--openProvidesSection-anchor","interaction":{"idSuffix":"BDI-content"}},"wdio_ui5_key":"applicationyardoverview-display-component---detailYardInventory--ObjectPageLayout-anchBar-application-yardoverview-display-component---detailYardInventory--openProvidesSection-anchor"}]}
RESULT: undefined
COMMAND: POST /session/fd980d4c89ba2068ef27cc02fb238359/element - {"using":"xpath","value":"//*[@id=\"application-yardoverview-display-component---detailYardInventory--ObjectPageLayout-anchBar-application-yardoverview-display-component---detailYardInventory--openProvidesSection-anchor\"]"}
RESULT: {"using":"xpath","value":"//*[@id=\"application-yardoverview-display-component---detailYardInventory--ObjectPageLayout-anchBar-application-yardoverview-display-component---detailYardInventory--openProvidesSection-anchor\"]"}
COMMAND: POST /session/fd980d4c89ba2068ef27cc02fb238359/element/f.D12FFF457A26405181F15BE3B17219F1.d.27E4790AD1204054E6171FD8E1945448.e.5903/click - {}
RESULT: {}
COMMAND: GET /session/fd980d4c89ba2068ef27cc02fb238359/screenshot - {}
RESULT: {}
COMMAND: POST /session/fd980d4c89ba2068ef27cc02fb238359/element - {"using":"css selector","value":"#shell-header-logo"}
RESULT: {"using":"css selector","value":"#shell-header-logo"}
COMMAND: POST /session/fd980d4c89ba2068ef27cc02fb238359/element/f.D12FFF457A26405181F15BE3B17219F1.d.27E4790AD1204054E6171FD8E1945448.e.5660/click - {}
RESULT: {}
COMMAND: GET /session/fd980d4c89ba2068ef27cc02fb238359/screenshot - {}
RESULT: {}
RESULT: undefined
COMMAND: POST /session/fd980d4c89ba2068ef27cc02fb238359/element - {"using":"xpath","value":"//*[@id=\"__tile47\"]"}
RESULT: {"using":"xpath","value":"//*[@id=\"__tile47\"]"}
COMMAND: POST /session/fd980d4c89ba2068ef27cc02fb238359/element/f.D12FFF457A26405181F15BE3B17219F1.d.27E4790AD1204054E6171FD8E1945448.e.4206/click - {}
RESULT: {}
COMMAND: GET /session/fd980d4c89ba2068ef27cc02fb238359/screenshot - {}
RESULT: {}
COMMAND: POST /session/fd980d4c89ba2068ef27cc02fb238359/elements - {"using":"xpath","value":"//span[text()='Error']"}
RESULT: {"using":"xpath","value":"//span[text()='Error']"}
COMMAND: POST /session/fd980d4c89ba2068ef27cc02fb238359/execute/async - {"script":"<script> [1562 bytes]","args":[{"selector":{"controlType":"sap.m.SearchField","viewName":"etm.portal.ui.managerequests.view.Master","bindingPath":{"path":"","propertyPath":"/_BASIC_SEARCH_FIELD","modelName":"fi1t3rM0d31"},"interaction":{"idSuffix":"I"}},"wdio_ui5_key":"etmportal.ui.managerequests.view.Mastersap.m.SearchField{\"path\":\"\",\"propertyPath\":\"/_BASIC_SEARCH_FIELD\",\"modelName\":\"fi1t3rM0d31\"}"}]}
RESULT: {"script":"<script> [1562 bytes]","args":[{"selector":{"controlType":"sap.m.SearchField","viewName":"etm.portal.ui.managerequests.view.Master","bindingPath":{"path":"","propertyPath":"/_BASIC_SEARCH_FIELD","modelName":"fi1t3rM0d31"},"interaction":{"idSuffix":"I"}},"wdio_ui5_key":"etmportal.ui.managerequests.view.Mastersap.m.SearchField{\"path\":\"\",\"propertyPath\":\"/_BASIC_SEARCH_FIELD\",\"modelName\":\"fi1t3rM0d31\"}"}]}
RESULT: undefined
COMMAND: POST /session/fd980d4c89ba2068ef27cc02fb238359/execute/async - {"script":"<script> [776 bytes]","args":[{"enterText":"20239","selector":{"controlType":"sap.m.SearchField","viewName":"etm.portal.ui.managerequests.view.Master","bindingPath":{"path":"","propertyPath":"/_BASIC_SEARCH_FIELD","modelName":"fi1t3rM0d31"},"interaction":{"idSuffix":"I"}},"clearTextFirst":true,"interactionType":"ENTER_TEXT"}]}
RESULT: {"script":"<script> [776 bytes]","args":[{"enterText":"20239","selector":{"controlType":"sap.m.SearchField","viewName":"etm.portal.ui.managerequests.view.Master","bindingPath":{"path":"","propertyPath":"/_BASIC_SEARCH_FIELD","modelName":"fi1t3rM0d31"},"interaction":{"idSuffix":"I"}},"clearTextFirst":true,"interactionType":"ENTER_TEXT"}]}
COMMAND: POST /session/fd980d4c89ba2068ef27cc02fb238359/actions - {"actions":[{"id":"action18","type":"key","parameters":{},"actions":[{"type":"keyDown","value":"î€‡"},{"type":"pause","duration":10},{"type":"keyUp","value":"î€‡"}]}]}
RESULT: {"actions":[{"id":"action18","type":"key","parameters":{},"actions":[{"type":"keyDown","value":"î€‡"},{"type":"pause","duration":10},{"type":"keyUp","value":"î€‡"}]}]}
COMMAND: GET /session/fd980d4c89ba2068ef27cc02fb238359/screenshot - {}
RESULT: {}
COMMAND: POST /session/fd980d4c89ba2068ef27cc02fb238359/execute/async - {"script":"<script> [1562 bytes]","args":[{"selector":{"controlType":"sap.m.ObjectNumber","viewName":"etm.portal.ui.managerequests.view.Master","bindingPath":{"propertyPath":"IN_USE_FOR"},"interaction":{"idSuffix":"number"}},"wdio_ui5_key":"etmportal.ui.managerequests.view.Mastersap.m.ObjectNumber{\"propertyPath\":\"IN_USE_FOR\"}"}]}
RESULT: {"script":"<script> [1562 bytes]","args":[{"selector":{"controlType":"sap.m.ObjectNumber","viewName":"etm.portal.ui.managerequests.view.Master","bindingPath":{"propertyPath":"IN_USE_FOR"},"interaction":{"idSuffix":"number"}},"wdio_ui5_key":"etmportal.ui.managerequests.view.Mastersap.m.ObjectNumber{\"propertyPath\":\"IN_USE_FOR\"}"}]}
RESULT: undefined
COMMAND: POST /session/fd980d4c89ba2068ef27cc02fb238359/element - {"using":"xpath","value":"//*[@id=\"__number8-__clone3547\"]"}
RESULT: {"using":"xpath","value":"//*[@id=\"__number8-__clone3547\"]"}
COMMAND: POST /session/fd980d4c89ba2068ef27cc02fb238359/element/f.D12FFF457A26405181F15BE3B17219F1.d.27E4790AD1204054E6171FD8E1945448.e.6042/click - {}
RESULT: {}
COMMAND: POST /session/fd980d4c89ba2068ef27cc02fb238359/execute/async - {"script":"<script> [1562 bytes]","args":[{"selector":{"controlType":"sap.m.ObjectStatus","viewName":"etm.portal.ui.managerequests.view.Detail","bindingPath":{"propertyPath":"LINK_TO_STATUS/DESCRIPTION","modelName":"catalogModel"}},"wdio_ui5_key":"etmportal.ui.managerequests.view.Detailsap.m.ObjectStatus{\"propertyPath\":\"LINK_TO_STATUS/DESCRIPTION\",\"modelName\":\"catalogModel\"}"}]}
COMMAND: GET /session/fd980d4c89ba2068ef27cc02fb238359/screenshot - {}
RESULT: {"script":"<script> [1562 bytes]","args":[{"selector":{"controlType":"sap.m.ObjectStatus","viewName":"etm.portal.ui.managerequests.view.Detail","bindingPath":{"propertyPath":"LINK_TO_STATUS/DESCRIPTION","modelName":"catalogModel"}},"wdio_ui5_key":"etmportal.ui.managerequests.view.Detailsap.m.ObjectStatus{\"propertyPath\":\"LINK_TO_STATUS/DESCRIPTION\",\"modelName\":\"catalogModel\"}"}]}
RESULT: undefined
COMMAND: POST /session/fd980d4c89ba2068ef27cc02fb238359/execute/async - {"script":"<script> [6424 bytes]","args":[{"element-6066-11e4-a52e-4f735466cecf":"f.D12FFF457A26405181F15BE3B17219F1.d.27E4790AD1204054E6171FD8E1945448.e.6243"},"getText",[]]}
RESULT: {}
RESULT: {"script":"<script> [6424 bytes]","args":[{"element-6066-11e4-a52e-4f735466cecf":"f.D12FFF457A26405181F15BE3B17219F1.d.27E4790AD1204054E6171FD8E1945448.e.6243"},"getText",[]]}
COMMAND: POST /session/fd980d4c89ba2068ef27cc02fb238359/element - {"using":"css selector","value":"#shell-header-logo"}
RESULT: {"using":"css selector","value":"#shell-header-logo"}
COMMAND: POST /session/fd980d4c89ba2068ef27cc02fb238359/element/f.D12FFF457A26405181F15BE3B17219F1.d.27E4790AD1204054E6171FD8E1945448.e.5921/click - {}
RESULT: {}
COMMAND: GET /session/fd980d4c89ba2068ef27cc02fb238359/screenshot - {}
RESULT: {}
COMMAND: DELETE /session/fd980d4c89ba2068ef27cc02fb238359 - {}
RESULT: {}
]]></system-out>
    </testcase>
  </testsuite>
</testsuites>