<?xml version="1.0" encoding="UTF-8"?>
<testsuites tests="4" failures="1" errors="1" skipped="0">
  <testsuite timestamp="2025-05-02T16:07:43" time="808.939" tests="3" failures="0" errors="0" skipped="0">
    <properties>
      <property name="specId" value="0" />
      <property name="suiteName" value="Webshop - Hyperlinks visible and working properly  US139085" />
      <property name="capabilities" value="chrome.135_0_7049_96.windows" />
      <property name="file" value="file:///D:/a/1/s/test/specs/R2C/webshop-hyperlinks-yard-site.spec.js" />
    </properties>
    <testcase classname="chrome.135_0_7049_96.windows.Webshop_-_Hyperlinks_visible_and_working_properly__US139085" name="Should create prerequisites for webshop suite" time="272.849">
      <system-out><![CDATA[
COMMAND: POST /session/ff9c51e966970fe267aa3fc7e83309b8/execute/async - {"script":"<script> [1562 bytes]","args":[{"selector":{"controlType":"sap.m.GenericTile","properties":{"header":"Manage Yards"}},"wdio_ui5_key":"sapm.GenericTile{\"header\":\"Manage Yards\"}"}]}
RESULT: {"script":"<script> [1562 bytes]","args":[{"selector":{"controlType":"sap.m.GenericTile","properties":{"header":"Manage Yards"}},"wdio_ui5_key":"sapm.GenericTile{\"header\":\"Manage Yards\"}"}]}
RESULT: undefined
COMMAND: POST /session/ff9c51e966970fe267aa3fc7e83309b8/element - {"using":"xpath","value":"//*[@id=\"__tile41\"]"}
RESULT: {"using":"xpath","value":"//*[@id=\"__tile41\"]"}
COMMAND: POST /session/ff9c51e966970fe267aa3fc7e83309b8/element/f.67BB6B77A8512A2D776A2BAF8724765E.d.13822C23463CC5A09547823B63045CC1.e.113/click - {}
RESULT: {}
COMMAND: GET /session/ff9c51e966970fe267aa3fc7e83309b8/screenshot - {}
RESULT: {}
COMMAND: POST /session/ff9c51e966970fe267aa3fc7e83309b8/execute/async - {"script":"<script> [1562 bytes]","args":[{"selector":{"controlType":"sap.ui.core.Icon","viewName":"etm.portal.ui.manageyards.view.Master","viewId":"application-manageyards-display-component---masterYard","properties":{"src":{"regex":{"source":"add"}}}},"wdio_ui5_key":"etmportal.ui.manageyards.view.Mastersap.ui.core.Icon{\"src\":{\"regex\":{\"source\":\"add\"}}}"}]}
RESULT: {"script":"<script> [1562 bytes]","args":[{"selector":{"controlType":"sap.ui.core.Icon","viewName":"etm.portal.ui.manageyards.view.Master","viewId":"application-manageyards-display-component---masterYard","properties":{"src":{"regex":{"source":"add"}}}},"wdio_ui5_key":"etmportal.ui.manageyards.view.Mastersap.ui.core.Icon{\"src\":{\"regex\":{\"source\":\"add\"}}}"}]}
RESULT: undefined
COMMAND: POST /session/ff9c51e966970fe267aa3fc7e83309b8/element - {"using":"xpath","value":"//*[@id=\"__button4-img\"]"}
RESULT: {"using":"xpath","value":"//*[@id=\"__button4-img\"]"}
COMMAND: POST /session/ff9c51e966970fe267aa3fc7e83309b8/element/f.67BB6B77A8512A2D776A2BAF8724765E.d.13822C23463CC5A09547823B63045CC1.e.161/click - {}
RESULT: {}
COMMAND: GET /session/ff9c51e966970fe267aa3fc7e83309b8/screenshot - {}
RESULT: {}
COMMAND: POST /session/ff9c51e966970fe267aa3fc7e83309b8/execute/async - {"script":"<script> [1562 bytes]","args":[{"selector":{"id":"application-manageyards-display-component---NewYard--yardId","interaction":{"idSuffix":"inner"}},"wdio_ui5_key":"applicationmanageyards-display-component---NewYard--yardId"}]}
RESULT: {"script":"<script> [1562 bytes]","args":[{"selector":{"id":"application-manageyards-display-component---NewYard--yardId","interaction":{"idSuffix":"inner"}},"wdio_ui5_key":"applicationmanageyards-display-component---NewYard--yardId"}]}
RESULT: undefined
COMMAND: POST /session/ff9c51e966970fe267aa3fc7e83309b8/element - {"using":"xpath","value":"//*[@id=\"application-manageyards-display-component---NewYard--addressDetailDetailsName1-inner\"]"}
RESULT: {"using":"xpath","value":"//*[@id=\"application-manageyards-display-component---NewYard--addressDetailDetailsName1-inner\"]"}
COMMAND: POST /session/ff9c51e966970fe267aa3fc7e83309b8/element/f.67BB6B77A8512A2D776A2BAF8724765E.d.13822C23463CC5A09547823B63045CC1.e.372/clear - {}
RESULT: {}
COMMAND: POST /session/ff9c51e966970fe267aa3fc7e83309b8/element/f.67BB6B77A8512A2D776A2BAF8724765E.d.13822C23463CC5A09547823B63045CC1.e.372/value - {"text":"WebdriverYardjsh9f"}
COMMAND: GET /session/ff9c51e966970fe267aa3fc7e83309b8/screenshot - {}
RESULT: {"text":"WebdriverYardjsh9f"}
COMMAND: POST /session/ff9c51e966970fe267aa3fc7e83309b8/element - {"using":"xpath","value":"//*[@id=\"application-manageyards-display-component---NewYard--addressDetailDetailsLanguage-inner\"]"}
COMMAND: GET /session/ff9c51e966970fe267aa3fc7e83309b8/screenshot - {}
RESULT: {}
RESULT: {"using":"xpath","value":"//*[@id=\"application-manageyards-display-component---NewYard--addressDetailDetailsLanguage-inner\"]"}
COMMAND: POST /session/ff9c51e966970fe267aa3fc7e83309b8/element/f.67BB6B77A8512A2D776A2BAF8724765E.d.13822C23463CC5A09547823B63045CC1.e.373/clear - {}
RESULT: {}
RESULT: {}
COMMAND: POST /session/ff9c51e966970fe267aa3fc7e83309b8/element/f.67BB6B77A8512A2D776A2BAF8724765E.d.13822C23463CC5A09547823B63045CC1.e.373/value - {"text":"Romanian"}
COMMAND: GET /session/ff9c51e966970fe267aa3fc7e83309b8/screenshot - {}
RESULT: {"text":"Romanian"}
COMMAND: POST /session/ff9c51e966970fe267aa3fc7e83309b8/element - {"using":"xpath","value":"//input[contains(@id ,\"application-manageyards-display-component---NewYard--addressDetailDetailsName1-inner\")]"}
COMMAND: GET /session/ff9c51e966970fe267aa3fc7e83309b8/screenshot - {}
RESULT: {}
RESULT: {"using":"xpath","value":"//input[contains(@id ,\"application-manageyards-display-component---NewYard--addressDetailDetailsName1-inner\")]"}
COMMAND: GET /session/ff9c51e966970fe267aa3fc7e83309b8/element/f.67BB6B77A8512A2D776A2BAF8724765E.d.13822C23463CC5A09547823B63045CC1.e.372/property/value - {}
RESULT: {}
RESULT: {}
COMMAND: GET /session/ff9c51e966970fe267aa3fc7e83309b8/screenshot - {}
RESULT: {}
COMMAND: POST /session/ff9c51e966970fe267aa3fc7e83309b8/element - {"using":"xpath","value":"//*[@id=\"application-manageyards-display-component---NewYard--addressDetailDetailsCity1-inner\"]"}
RESULT: {"using":"xpath","value":"//*[@id=\"application-manageyards-display-component---NewYard--addressDetailDetailsCity1-inner\"]"}
COMMAND: POST /session/ff9c51e966970fe267aa3fc7e83309b8/element/f.67BB6B77A8512A2D776A2BAF8724765E.d.13822C23463CC5A09547823B63045CC1.e.375/clear - {}
RESULT: {}
COMMAND: POST /session/ff9c51e966970fe267aa3fc7e83309b8/element/f.67BB6B77A8512A2D776A2BAF8724765E.d.13822C23463CC5A09547823B63045CC1.e.375/value - {"text":"Bucuresti"}
COMMAND: GET /session/ff9c51e966970fe267aa3fc7e83309b8/screenshot - {}
RESULT: {"text":"Bucuresti"}
COMMAND: GET /session/ff9c51e966970fe267aa3fc7e83309b8/screenshot - {}
RESULT: {}
RESULT: {}
COMMAND: POST /session/ff9c51e966970fe267aa3fc7e83309b8/element - {"using":"xpath","value":"//*[@id=\"application-manageyards-display-component---NewYard--addressDetailDetailsCountry-inner\"]"}
RESULT: {"using":"xpath","value":"//*[@id=\"application-manageyards-display-component---NewYard--addressDetailDetailsCountry-inner\"]"}
COMMAND: POST /session/ff9c51e966970fe267aa3fc7e83309b8/element/f.67BB6B77A8512A2D776A2BAF8724765E.d.13822C23463CC5A09547823B63045CC1.e.379/clear - {}
RESULT: {}
COMMAND: POST /session/ff9c51e966970fe267aa3fc7e83309b8/element/f.67BB6B77A8512A2D776A2BAF8724765E.d.13822C23463CC5A09547823B63045CC1.e.379/value - {"text":"Romania"}
COMMAND: GET /session/ff9c51e966970fe267aa3fc7e83309b8/screenshot - {}
RESULT: {"text":"Romania"}
COMMAND: GET /session/ff9c51e966970fe267aa3fc7e83309b8/screenshot - {}
RESULT: {}
RESULT: {}
COMMAND: POST /session/ff9c51e966970fe267aa3fc7e83309b8/element - {"using":"xpath","value":"//div[contains(text(), \"Commercial\")]"}
RESULT: {"using":"xpath","value":"//div[contains(text(), \"Commercial\")]"}
COMMAND: GET /session/ff9c51e966970fe267aa3fc7e83309b8/element/f.67BB6B77A8512A2D776A2BAF8724765E.d.13822C23463CC5A09547823B63045CC1.e.571/rect - {}
RESULT: {}
COMMAND: GET /session/ff9c51e966970fe267aa3fc7e83309b8/window/rect - {}
RESULT: {}
COMMAND: POST /session/ff9c51e966970fe267aa3fc7e83309b8/execute/sync - {"script":"<script> [92 bytes]","args":[]}
RESULT: {"script":"<script> [92 bytes]","args":[]}
COMMAND: POST /session/ff9c51e966970fe267aa3fc7e83309b8/actions - {"actions":[{"id":"action1","type":"wheel","parameters":{},"actions":[{"type":"scroll","x":-1841,"y":-44,"deltaX":0,"deltaY":0,"duration":0,"origin":{"element-6066-11e4-a52e-4f735466cecf":"f.67BB6B77A8512A2D776A2BAF8724765E.d.13822C23463CC5A09547823B63045CC1.e.571"}}]}]}
COMMAND: GET /session/ff9c51e966970fe267aa3fc7e83309b8/screenshot - {}
RESULT: {}
COMMAND: POST /session/ff9c51e966970fe267aa3fc7e83309b8/execute/sync - {"script":"<script> [79 bytes]","args":[{"element-6066-11e4-a52e-4f735466cecf":"f.67BB6B77A8512A2D776A2BAF8724765E.d.13822C23463CC5A09547823B63045CC1.e.571","ELEMENT":"f.67BB6B77A8512A2D776A2BAF8724765E.d.13822C23463CC5A09547823B63045CC1.e.571"},{"block":"start","inline":"nearest"}]}
RESULT: {"script":"<script> [79 bytes]","args":[{"element-6066-11e4-a52e-4f735466cecf":"f.67BB6B77A8512A2D776A2BAF8724765E.d.13822C23463CC5A09547823B63045CC1.e.571","ELEMENT":"f.67BB6B77A8512A2D776A2BAF8724765E.d.13822C23463CC5A09547823B63045CC1.e.571"},{"block":"start","inline":"nearest"}]}
COMMAND: GET /session/ff9c51e966970fe267aa3fc7e83309b8/screenshot - {}
RESULT: {}
COMMAND: POST /session/ff9c51e966970fe267aa3fc7e83309b8/execute/async - {"script":"<script> [1562 bytes]","args":[{"selector":{"id":"application-manageyards-display-component---NewYard--addressEditDetailsCostObjectCstType-arrow"},"wdio_ui5_key":"applicationmanageyards-display-component---NewYard--addressEditDetailsCostObjectCstType-arrow"}]}
RESULT: {"script":"<script> [1562 bytes]","args":[{"selector":{"id":"application-manageyards-display-component---NewYard--addressEditDetailsCostObjectCstType-arrow"},"wdio_ui5_key":"applicationmanageyards-display-component---NewYard--addressEditDetailsCostObjectCstType-arrow"}]}
RESULT: undefined
COMMAND: POST /session/ff9c51e966970fe267aa3fc7e83309b8/element - {"using":"xpath","value":"//*[@id=\"application-manageyards-display-component---NewYard--addressEditDetailsCostObjectCstType-arrow\"]"}
RESULT: {"using":"xpath","value":"//*[@id=\"application-manageyards-display-component---NewYard--addressEditDetailsCostObjectCstType-arrow\"]"}
COMMAND: POST /session/ff9c51e966970fe267aa3fc7e83309b8/element/f.67BB6B77A8512A2D776A2BAF8724765E.d.13822C23463CC5A09547823B63045CC1.e.579/click - {}
RESULT: {}
COMMAND: POST /session/ff9c51e966970fe267aa3fc7e83309b8/element - {"using":"xpath","value":"//span[contains(text(), \"Cost Center\")]"}
COMMAND: GET /session/ff9c51e966970fe267aa3fc7e83309b8/screenshot - {}
RESULT: {"using":"xpath","value":"//span[contains(text(), \"Cost Center\")]"}
COMMAND: POST /session/ff9c51e966970fe267aa3fc7e83309b8/element/f.67BB6B77A8512A2D776A2BAF8724765E.d.13822C23463CC5A09547823B63045CC1.e.580/click - {}
RESULT: {}
RESULT: {}
COMMAND: GET /session/ff9c51e966970fe267aa3fc7e83309b8/screenshot - {}
RESULT: {}
COMMAND: POST /session/ff9c51e966970fe267aa3fc7e83309b8/execute/async - {"script":"<script> [1562 bytes]","args":[{"selector":{"id":"application-manageyards-display-component---NewYard--addressNewCostObjectCstID-vhi"},"wdio_ui5_key":"applicationmanageyards-display-component---NewYard--addressNewCostObjectCstID-vhi"}]}
RESULT: {"script":"<script> [1562 bytes]","args":[{"selector":{"id":"application-manageyards-display-component---NewYard--addressNewCostObjectCstID-vhi"},"wdio_ui5_key":"applicationmanageyards-display-component---NewYard--addressNewCostObjectCstID-vhi"}]}
RESULT: undefined
COMMAND: POST /session/ff9c51e966970fe267aa3fc7e83309b8/element - {"using":"xpath","value":"//*[@id=\"application-manageyards-display-component---NewYard--addressNewCostObjectCstID-vhi\"]"}
RESULT: {"using":"xpath","value":"//*[@id=\"application-manageyards-display-component---NewYard--addressNewCostObjectCstID-vhi\"]"}
COMMAND: POST /session/ff9c51e966970fe267aa3fc7e83309b8/element/f.67BB6B77A8512A2D776A2BAF8724765E.d.13822C23463CC5A09547823B63045CC1.e.584/click - {}
RESULT: {}
COMMAND: GET /session/ff9c51e966970fe267aa3fc7e83309b8/screenshot - {}
RESULT: {}
COMMAND: POST /session/ff9c51e966970fe267aa3fc7e83309b8/execute/async - {"script":"<script> [1562 bytes]","args":[{"selector":{"controlType":"sap.m.SearchField","properties":{"placeholder":"Search"},"searchOpenDialogs":true,"interaction":{"idSuffix":"I"}},"wdio_ui5_key":"sapm.SearchField{\"placeholder\":\"Search\"}"}]}
RESULT: {"script":"<script> [1562 bytes]","args":[{"selector":{"controlType":"sap.m.SearchField","properties":{"placeholder":"Search"},"searchOpenDialogs":true,"interaction":{"idSuffix":"I"}},"wdio_ui5_key":"sapm.SearchField{\"placeholder\":\"Search\"}"}]}
RESULT: undefined
COMMAND: POST /session/ff9c51e966970fe267aa3fc7e83309b8/execute/async - {"script":"<script> [776 bytes]","args":[{"enterText":"10001013","selector":{"controlType":"sap.m.SearchField","properties":{"placeholder":"Search"},"searchOpenDialogs":true,"interaction":{"idSuffix":"I"}},"clearTextFirst":true,"interactionType":"ENTER_TEXT"}]}
RESULT: {"script":"<script> [776 bytes]","args":[{"enterText":"10001013","selector":{"controlType":"sap.m.SearchField","properties":{"placeholder":"Search"},"searchOpenDialogs":true,"interaction":{"idSuffix":"I"}},"clearTextFirst":true,"interactionType":"ENTER_TEXT"}]}
COMMAND: POST /session/ff9c51e966970fe267aa3fc7e83309b8/actions - {"actions":[{"id":"action2","type":"key","parameters":{},"actions":[{"type":"keyDown","value":"î€‡"},{"type":"pause","duration":10},{"type":"keyUp","value":"î€‡"}]}]}
RESULT: {"actions":[{"id":"action2","type":"key","parameters":{},"actions":[{"type":"keyDown","value":"î€‡"},{"type":"pause","duration":10},{"type":"keyUp","value":"î€‡"}]}]}
COMMAND: GET /session/ff9c51e966970fe267aa3fc7e83309b8/screenshot - {}
RESULT: {}
COMMAND: POST /session/ff9c51e966970fe267aa3fc7e83309b8/element - {"using":"xpath","value":"//span[contains(text(), \"General Management\")]"}
RESULT: {"using":"xpath","value":"//span[contains(text(), \"General Management\")]"}
COMMAND: POST /session/ff9c51e966970fe267aa3fc7e83309b8/element/f.67BB6B77A8512A2D776A2BAF8724765E.d.13822C23463CC5A09547823B63045CC1.e.624/click - {}
RESULT: {}
COMMAND: GET /session/ff9c51e966970fe267aa3fc7e83309b8/screenshot - {}
RESULT: {}
COMMAND: POST /session/ff9c51e966970fe267aa3fc7e83309b8/element - {"using":"xpath","value":"//bdi[contains(text(), \"OK\")]"}
RESULT: {"using":"xpath","value":"//bdi[contains(text(), \"OK\")]"}
COMMAND: POST /session/ff9c51e966970fe267aa3fc7e83309b8/element/f.67BB6B77A8512A2D776A2BAF8724765E.d.13822C23463CC5A09547823B63045CC1.e.625/click - {}
RESULT: {}
COMMAND: GET /session/ff9c51e966970fe267aa3fc7e83309b8/screenshot - {}
RESULT: {}
COMMAND: POST /session/ff9c51e966970fe267aa3fc7e83309b8/execute/async - {"script":"<script> [1562 bytes]","args":[{"selector":{"controlType":"sap.m.Button","viewName":"etm.portal.ui.manageyards.view.New","viewId":"application-manageyards-display-component---NewYard","i18NText":{"propertyName":"text","key":"save"},"interaction":{"idSuffix":"inner"}},"wdio_ui5_key":"etmportal.ui.manageyards.view.Newsap.m.Button{\"propertyName\":\"text\",\"key\":\"save\"}"}]}
RESULT: {"script":"<script> [1562 bytes]","args":[{"selector":{"controlType":"sap.m.Button","viewName":"etm.portal.ui.manageyards.view.New","viewId":"application-manageyards-display-component---NewYard","i18NText":{"propertyName":"text","key":"save"},"interaction":{"idSuffix":"inner"}},"wdio_ui5_key":"etmportal.ui.manageyards.view.Newsap.m.Button{\"propertyName\":\"text\",\"key\":\"save\"}"}]}
RESULT: undefined
COMMAND: POST /session/ff9c51e966970fe267aa3fc7e83309b8/element - {"using":"xpath","value":"//*[@id=\"__button18\"]"}
RESULT: {"using":"xpath","value":"//*[@id=\"__button18\"]"}
COMMAND: POST /session/ff9c51e966970fe267aa3fc7e83309b8/element/f.67BB6B77A8512A2D776A2BAF8724765E.d.13822C23463CC5A09547823B63045CC1.e.547/click - {}
RESULT: {}
COMMAND: GET /session/ff9c51e966970fe267aa3fc7e83309b8/screenshot - {}
RESULT: {}
COMMAND: POST /session/ff9c51e966970fe267aa3fc7e83309b8/element - {"using":"xpath","value":"//header/div/div[2]/div[2]/span"}
RESULT: {"using":"xpath","value":"//header/div/div[2]/div[2]/span"}
COMMAND: GET /session/ff9c51e966970fe267aa3fc7e83309b8/element/f.67BB6B77A8512A2D776A2BAF8724765E.d.13822C23463CC5A09547823B63045CC1.e.822/text - {}
RESULT: {}
COMMAND: POST /session/ff9c51e966970fe267aa3fc7e83309b8/execute/async - {"script":"<script> [1562 bytes]","args":[{"selector":{"controlType":"sap.m.OverflowToolbarButton","viewName":"etm.portal.ui.manageyards.view.Detail","viewId":"application-manageyards-display-component---detailYard","i18NText":{"propertyName":"tooltip","key":"closeColumn"},"interaction":{"idSuffix":"inner"}},"wdio_ui5_key":"etmportal.ui.manageyards.view.Detailsap.m.OverflowToolbarButton{\"propertyName\":\"tooltip\",\"key\":\"closeColumn\"}"}]}
RESULT: {"script":"<script> [1562 bytes]","args":[{"selector":{"controlType":"sap.m.OverflowToolbarButton","viewName":"etm.portal.ui.manageyards.view.Detail","viewId":"application-manageyards-display-component---detailYard","i18NText":{"propertyName":"tooltip","key":"closeColumn"},"interaction":{"idSuffix":"inner"}},"wdio_ui5_key":"etmportal.ui.manageyards.view.Detailsap.m.OverflowToolbarButton{\"propertyName\":\"tooltip\",\"key\":\"closeColumn\"}"}]}
RESULT: undefined
COMMAND: POST /session/ff9c51e966970fe267aa3fc7e83309b8/element - {"using":"xpath","value":"//*[@id=\"__button42\"]"}
RESULT: {"using":"xpath","value":"//*[@id=\"__button42\"]"}
COMMAND: POST /session/ff9c51e966970fe267aa3fc7e83309b8/element/f.67BB6B77A8512A2D776A2BAF8724765E.d.13822C23463CC5A09547823B63045CC1.e.824/click - {}
RESULT: {}
COMMAND: GET /session/ff9c51e966970fe267aa3fc7e83309b8/screenshot - {}
RESULT: {}
COMMAND: POST /session/ff9c51e966970fe267aa3fc7e83309b8/element - {"using":"css selector","value":"#shell-header-logo"}
RESULT: {"using":"css selector","value":"#shell-header-logo"}
COMMAND: POST /session/ff9c51e966970fe267aa3fc7e83309b8/element/f.67BB6B77A8512A2D776A2BAF8724765E.d.13822C23463CC5A09547823B63045CC1.e.115/click - {}
RESULT: {}
COMMAND: GET /session/ff9c51e966970fe267aa3fc7e83309b8/screenshot - {}
RESULT: {}
COMMAND: POST /session/ff9c51e966970fe267aa3fc7e83309b8/refresh - {}
RESULT: {}
COMMAND: GET /session/ff9c51e966970fe267aa3fc7e83309b8/screenshot - {}
RESULT: {}
COMMAND: POST /session/ff9c51e966970fe267aa3fc7e83309b8/execute/async - {"script":"<script> [189 bytes]","args":[]}
RESULT: {"script":"<script> [189 bytes]","args":[]}
COMMAND: POST /session/ff9c51e966970fe267aa3fc7e83309b8/execute/async - {"script":"<script> [123 bytes]","args":[]}
RESULT: {"script":"<script> [123 bytes]","args":[]}
COMMAND: POST /session/ff9c51e966970fe267aa3fc7e83309b8/timeouts - {"script":"<number>"}
RESULT: {"script":"<number>"}
COMMAND: GET /session/ff9c51e966970fe267aa3fc7e83309b8/timeouts - {}
RESULT: {}
RESULT: undefined
COMMAND: POST /session/ff9c51e966970fe267aa3fc7e83309b8/execute/async - {"script":"<script> [2676 bytes]","args":[]}
RESULT: {"script":"<script> [2676 bytes]","args":[]}
COMMAND: POST /session/ff9c51e966970fe267aa3fc7e83309b8/execute/async - {"script":"<script> [2342 bytes]","args":[{"protocol":"http","hostname":"0.0.0.0","path":"/","capabilities":{"browserName":"chrome","goog:chromeOptions":{"binary":"C:\\Program Files\\Google\\Chrome\\Application\\chrome.exe","args":["--start-maximized"]}},"logLevel":"warn","connectionRetryTimeout":120000,"connectionRetryCount":3,"logLevels":{},"enableDirectConnect":true,"strictSSL":true,"_":"65 more keys: [\"cacheDir\",\"port\",\"requestedCapabilities\",\"automationProtocol\",\"baseUrl\",\"waitforInterval\",\"waitforTimeout\",\"onReload\",\"beforeCommand\",\"afterCommand\",\"rootDir\",\"specs\",\"suites\",\"exclude\",\"groupLogsByTestSpec\",\"excludeDriverLogs\",\"bail\",\"framework\",\"reporters\",\"services\",\"maxInstances\",\"maxInstancesPerCapability\",\"injectGlobals\",\"filesToWatch\",\"execArgv\",\"runnerEnv\",\"runner\",\"shard\",\"specFileRetries\",\"specFileRetriesDelay\",\"specFileRetriesDeferred\",\"reporterSyncInterval\",\"reporterSyncTimeout\",\"cucumberFeaturesWithLineNumbers\",\"autoCompileOpts\",\"mochaOpts\",\"jasmineOpts\",\"cucumberOpts\",\"onPrepare\",\"onWorkerStart\",\"onWorkerEnd\",\"before\",\"beforeSession\",\"beforeSuite\",\"beforeHook\",\"beforeTest\",\"afterTest\",\"afterHook\",\"afterSuite\",\"afterSession\",\"after\",\"onComplete\",\"beforeAssertion\",\"afterAssertion\",\"beforeFeature\",\"beforeScenario\",\"beforeStep\",\"afterStep\",\"afterScenario\",\"afterFeature\",\"_\",\"suite\",\"$0\",\"ignoredWorkerServices\",\"wdi5\"]"}]}
RESULT: {"script":"<script> [2342 bytes]","args":[{"protocol":"http","hostname":"0.0.0.0","path":"/","capabilities":{"browserName":"chrome","goog:chromeOptions":{"binary":"C:\\Program Files\\Google\\Chrome\\Application\\chrome.exe","args":["--start-maximized"]}},"logLevel":"warn","connectionRetryTimeout":120000,"connectionRetryCount":3,"logLevels":{},"enableDirectConnect":true,"strictSSL":true,"_":"65 more keys: [\"cacheDir\",\"port\",\"requestedCapabilities\",\"automationProtocol\",\"baseUrl\",\"waitforInterval\",\"waitforTimeout\",\"onReload\",\"beforeCommand\",\"afterCommand\",\"rootDir\",\"specs\",\"suites\",\"exclude\",\"groupLogsByTestSpec\",\"excludeDriverLogs\",\"bail\",\"framework\",\"reporters\",\"services\",\"maxInstances\",\"maxInstancesPerCapability\",\"injectGlobals\",\"filesToWatch\",\"execArgv\",\"runnerEnv\",\"runner\",\"shard\",\"specFileRetries\",\"specFileRetriesDelay\",\"specFileRetriesDeferred\",\"reporterSyncInterval\",\"reporterSyncTimeout\",\"cucumberFeaturesWithLineNumbers\",\"autoCompileOpts\",\"mochaOpts\",\"jasmineOpts\",\"cucumberOpts\",\"onPrepare\",\"onWorkerStart\",\"onWorkerEnd\",\"before\",\"beforeSession\",\"beforeSuite\",\"beforeHook\",\"beforeTest\",\"afterTest\",\"afterHook\",\"afterSuite\",\"afterSession\",\"after\",\"onComplete\",\"beforeAssertion\",\"afterAssertion\",\"beforeFeature\",\"beforeScenario\",\"beforeStep\",\"afterStep\",\"afterScenario\",\"afterFeature\",\"_\",\"suite\",\"$0\",\"ignoredWorkerServices\",\"wdi5\"]"}]}
COMMAND: POST /session/ff9c51e966970fe267aa3fc7e83309b8/execute/async - {"script":"<script> [21126 bytes]","args":[35000]}
RESULT: {"script":"<script> [21126 bytes]","args":[35000]}
COMMAND: POST /session/ff9c51e966970fe267aa3fc7e83309b8/execute/async - {"script":"<script> [1562 bytes]","args":[{"selector":{"controlType":"sap.m.GenericTile","properties":{"header":"Manage Sites"}},"wdio_ui5_key":"sapm.GenericTile{\"header\":\"Manage Sites\"}"}]}
RESULT: {"script":"<script> [1562 bytes]","args":[{"selector":{"controlType":"sap.m.GenericTile","properties":{"header":"Manage Sites"}},"wdio_ui5_key":"sapm.GenericTile{\"header\":\"Manage Sites\"}"}]}
RESULT: undefined
COMMAND: POST /session/ff9c51e966970fe267aa3fc7e83309b8/element - {"using":"xpath","value":"//*[@id=\"__tile40\"]"}
RESULT: {"using":"xpath","value":"//*[@id=\"__tile40\"]"}
COMMAND: POST /session/ff9c51e966970fe267aa3fc7e83309b8/element/f.67BB6B77A8512A2D776A2BAF8724765E.d.B20D783216FE70362A42C17A29B041F6.e.1171/click - {}
RESULT: {}
COMMAND: GET /session/ff9c51e966970fe267aa3fc7e83309b8/screenshot - {}
RESULT: {}
COMMAND: POST /session/ff9c51e966970fe267aa3fc7e83309b8/execute/async - {"script":"<script> [1562 bytes]","args":[{"selector":{"controlType":"sap.ui.core.Icon","viewName":"etm.portal.ui.managesites.view.Master","viewId":"application-managesites-display-component---masterSite","properties":{"src":{"regex":{"source":"add"}}}},"wdio_ui5_key":"etmportal.ui.managesites.view.Mastersap.ui.core.Icon{\"src\":{\"regex\":{\"source\":\"add\"}}}"}]}
RESULT: {"script":"<script> [1562 bytes]","args":[{"selector":{"controlType":"sap.ui.core.Icon","viewName":"etm.portal.ui.managesites.view.Master","viewId":"application-managesites-display-component---masterSite","properties":{"src":{"regex":{"source":"add"}}}},"wdio_ui5_key":"etmportal.ui.managesites.view.Mastersap.ui.core.Icon{\"src\":{\"regex\":{\"source\":\"add\"}}}"}]}
RESULT: undefined
COMMAND: POST /session/ff9c51e966970fe267aa3fc7e83309b8/element - {"using":"xpath","value":"//*[@id=\"__button4-img\"]"}
RESULT: {"using":"xpath","value":"//*[@id=\"__button4-img\"]"}
COMMAND: POST /session/ff9c51e966970fe267aa3fc7e83309b8/element/f.67BB6B77A8512A2D776A2BAF8724765E.d.B20D783216FE70362A42C17A29B041F6.e.1221/click - {}
RESULT: {}
COMMAND: POST /session/ff9c51e966970fe267aa3fc7e83309b8/execute/async - {"script":"<script> [1562 bytes]","args":[{"selector":{"id":"application-managesites-display-component---NewSite--siteId","interaction":{"idSuffix":"inner"}},"wdio_ui5_key":"applicationmanagesites-display-component---NewSite--siteId"}]}
COMMAND: GET /session/ff9c51e966970fe267aa3fc7e83309b8/screenshot - {}
RESULT: {"script":"<script> [1562 bytes]","args":[{"selector":{"id":"application-managesites-display-component---NewSite--siteId","interaction":{"idSuffix":"inner"}},"wdio_ui5_key":"applicationmanagesites-display-component---NewSite--siteId"}]}
RESULT: undefined
COMMAND: POST /session/ff9c51e966970fe267aa3fc7e83309b8/execute/async - {"script":"<script> [1562 bytes]","args":[{"selector":{"id":"application-managesites-display-component---NewSite--addressDetailDetailsName1","interaction":{"idSuffix":"inner"}},"wdio_ui5_key":"applicationmanagesites-display-component---NewSite--addressDetailDetailsName1"}]}
RESULT: {}
RESULT: {"script":"<script> [1562 bytes]","args":[{"selector":{"id":"application-managesites-display-component---NewSite--addressDetailDetailsName1","interaction":{"idSuffix":"inner"}},"wdio_ui5_key":"applicationmanagesites-display-component---NewSite--addressDetailDetailsName1"}]}
RESULT: undefined
COMMAND: POST /session/ff9c51e966970fe267aa3fc7e83309b8/execute/async - {"script":"<script> [776 bytes]","args":[{"enterText":"WebdriverSiter1smk","selector":{"id":"application-managesites-display-component---NewSite--addressDetailDetailsName1","interaction":{"idSuffix":"inner"}},"clearTextFirst":true,"interactionType":"ENTER_TEXT"}]}
RESULT: {"script":"<script> [776 bytes]","args":[{"enterText":"WebdriverSiter1smk","selector":{"id":"application-managesites-display-component---NewSite--addressDetailDetailsName1","interaction":{"idSuffix":"inner"}},"clearTextFirst":true,"interactionType":"ENTER_TEXT"}]}
COMMAND: POST /session/ff9c51e966970fe267aa3fc7e83309b8/execute/async - {"script":"<script> [1562 bytes]","args":[{"selector":{"id":"application-managesites-display-component---NewSite--addressDetailDetailsLanguage","interaction":{"idSuffix":"inner"}},"wdio_ui5_key":"applicationmanagesites-display-component---NewSite--addressDetailDetailsLanguage"}]}
RESULT: {"script":"<script> [1562 bytes]","args":[{"selector":{"id":"application-managesites-display-component---NewSite--addressDetailDetailsLanguage","interaction":{"idSuffix":"inner"}},"wdio_ui5_key":"applicationmanagesites-display-component---NewSite--addressDetailDetailsLanguage"}]}
RESULT: undefined
COMMAND: POST /session/ff9c51e966970fe267aa3fc7e83309b8/execute/async - {"script":"<script> [776 bytes]","args":[{"enterText":"Romanian","selector":{"id":"application-managesites-display-component---NewSite--addressDetailDetailsLanguage","interaction":{"idSuffix":"inner"}},"clearTextFirst":true,"interactionType":"ENTER_TEXT"}]}
RESULT: {"script":"<script> [776 bytes]","args":[{"enterText":"Romanian","selector":{"id":"application-managesites-display-component---NewSite--addressDetailDetailsLanguage","interaction":{"idSuffix":"inner"}},"clearTextFirst":true,"interactionType":"ENTER_TEXT"}]}
COMMAND: POST /session/ff9c51e966970fe267aa3fc7e83309b8/execute/async - {"script":"<script> [1562 bytes]","args":[{"selector":{"id":"application-managesites-display-component---NewSite--addressDetailDetailsCity1","interaction":{"idSuffix":"inner"}},"wdio_ui5_key":"applicationmanagesites-display-component---NewSite--addressDetailDetailsCity1"}]}
RESULT: {"script":"<script> [1562 bytes]","args":[{"selector":{"id":"application-managesites-display-component---NewSite--addressDetailDetailsCity1","interaction":{"idSuffix":"inner"}},"wdio_ui5_key":"applicationmanagesites-display-component---NewSite--addressDetailDetailsCity1"}]}
RESULT: undefined
COMMAND: POST /session/ff9c51e966970fe267aa3fc7e83309b8/execute/async - {"script":"<script> [776 bytes]","args":[{"enterText":"Bucharest","selector":{"id":"application-managesites-display-component---NewSite--addressDetailDetailsCity1","interaction":{"idSuffix":"inner"}},"clearTextFirst":true,"interactionType":"ENTER_TEXT"}]}
RESULT: {"script":"<script> [776 bytes]","args":[{"enterText":"Bucharest","selector":{"id":"application-managesites-display-component---NewSite--addressDetailDetailsCity1","interaction":{"idSuffix":"inner"}},"clearTextFirst":true,"interactionType":"ENTER_TEXT"}]}
COMMAND: POST /session/ff9c51e966970fe267aa3fc7e83309b8/execute/async - {"script":"<script> [1562 bytes]","args":[{"selector":{"id":"application-managesites-display-component---NewSite--addressDetailDetailsCountry","interaction":{"idSuffix":"inner"}},"wdio_ui5_key":"applicationmanagesites-display-component---NewSite--addressDetailDetailsCountry"}]}
RESULT: {"script":"<script> [1562 bytes]","args":[{"selector":{"id":"application-managesites-display-component---NewSite--addressDetailDetailsCountry","interaction":{"idSuffix":"inner"}},"wdio_ui5_key":"applicationmanagesites-display-component---NewSite--addressDetailDetailsCountry"}]}
RESULT: undefined
COMMAND: POST /session/ff9c51e966970fe267aa3fc7e83309b8/execute/async - {"script":"<script> [776 bytes]","args":[{"enterText":"Romania","selector":{"id":"application-managesites-display-component---NewSite--addressDetailDetailsCountry","interaction":{"idSuffix":"inner"}},"clearTextFirst":true,"interactionType":"ENTER_TEXT"}]}
RESULT: {"script":"<script> [776 bytes]","args":[{"enterText":"Romania","selector":{"id":"application-managesites-display-component---NewSite--addressDetailDetailsCountry","interaction":{"idSuffix":"inner"}},"clearTextFirst":true,"interactionType":"ENTER_TEXT"}]}
COMMAND: POST /session/ff9c51e966970fe267aa3fc7e83309b8/element - {"using":"css selector","value":"#application-managesites-display-component---NewSite--addressDetailDetailsCalendar-inner"}
RESULT: {"using":"css selector","value":"#application-managesites-display-component---NewSite--addressDetailDetailsCalendar-inner"}
COMMAND: POST /session/ff9c51e966970fe267aa3fc7e83309b8/element/f.67BB6B77A8512A2D776A2BAF8724765E.d.B20D783216FE70362A42C17A29B041F6.e.1401/clear - {}
RESULT: {}
COMMAND: POST /session/ff9c51e966970fe267aa3fc7e83309b8/element/f.67BB6B77A8512A2D776A2BAF8724765E.d.B20D783216FE70362A42C17A29B041F6.e.1401/value - {"text":"Germany"}
COMMAND: GET /session/ff9c51e966970fe267aa3fc7e83309b8/screenshot - {}
RESULT: {"text":"Germany"}
COMMAND: POST /session/ff9c51e966970fe267aa3fc7e83309b8/execute/async - {"script":"<script> [1562 bytes]","args":[{"selector":{"id":"application-managesites-display-component---NewSite--addressEditDetailsCostObjectCstType-arrow"},"wdio_ui5_key":"applicationmanagesites-display-component---NewSite--addressEditDetailsCostObjectCstType-arrow"}]}
COMMAND: GET /session/ff9c51e966970fe267aa3fc7e83309b8/screenshot - {}
RESULT: {}
RESULT: {}
RESULT: {"script":"<script> [1562 bytes]","args":[{"selector":{"id":"application-managesites-display-component---NewSite--addressEditDetailsCostObjectCstType-arrow"},"wdio_ui5_key":"applicationmanagesites-display-component---NewSite--addressEditDetailsCostObjectCstType-arrow"}]}
RESULT: undefined
COMMAND: POST /session/ff9c51e966970fe267aa3fc7e83309b8/element - {"using":"xpath","value":"//*[@id=\"application-managesites-display-component---NewSite--addressEditDetailsCostObjectCstType-arrow\"]"}
RESULT: {"using":"xpath","value":"//*[@id=\"application-managesites-display-component---NewSite--addressEditDetailsCostObjectCstType-arrow\"]"}
COMMAND: POST /session/ff9c51e966970fe267aa3fc7e83309b8/element/f.67BB6B77A8512A2D776A2BAF8724765E.d.B20D783216FE70362A42C17A29B041F6.e.1602/click - {}
RESULT: {}
COMMAND: POST /session/ff9c51e966970fe267aa3fc7e83309b8/element - {"using":"xpath","value":"//span[contains(text(), \"Work Breakdown Structure\")]"}
COMMAND: GET /session/ff9c51e966970fe267aa3fc7e83309b8/screenshot - {}
RESULT: {"using":"xpath","value":"//span[contains(text(), \"Work Breakdown Structure\")]"}
COMMAND: POST /session/ff9c51e966970fe267aa3fc7e83309b8/element/f.67BB6B77A8512A2D776A2BAF8724765E.d.B20D783216FE70362A42C17A29B041F6.e.1603/click - {}
RESULT: {}
RESULT: {}
COMMAND: GET /session/ff9c51e966970fe267aa3fc7e83309b8/screenshot - {}
RESULT: {}
COMMAND: POST /session/ff9c51e966970fe267aa3fc7e83309b8/execute/async - {"script":"<script> [1562 bytes]","args":[{"selector":{"id":"application-managesites-display-component---NewSite--addressNewCostObjectCstID-vhi"},"wdio_ui5_key":"applicationmanagesites-display-component---NewSite--addressNewCostObjectCstID-vhi"}]}
RESULT: {"script":"<script> [1562 bytes]","args":[{"selector":{"id":"application-managesites-display-component---NewSite--addressNewCostObjectCstID-vhi"},"wdio_ui5_key":"applicationmanagesites-display-component---NewSite--addressNewCostObjectCstID-vhi"}]}
RESULT: undefined
COMMAND: POST /session/ff9c51e966970fe267aa3fc7e83309b8/element - {"using":"xpath","value":"//*[@id=\"application-managesites-display-component---NewSite--addressNewCostObjectCstID-vhi\"]"}
RESULT: {"using":"xpath","value":"//*[@id=\"application-managesites-display-component---NewSite--addressNewCostObjectCstID-vhi\"]"}
COMMAND: POST /session/ff9c51e966970fe267aa3fc7e83309b8/element/f.67BB6B77A8512A2D776A2BAF8724765E.d.B20D783216FE70362A42C17A29B041F6.e.1607/click - {}
RESULT: {}
COMMAND: GET /session/ff9c51e966970fe267aa3fc7e83309b8/screenshot - {}
RESULT: {}
COMMAND: POST /session/ff9c51e966970fe267aa3fc7e83309b8/execute/async - {"script":"<script> [1562 bytes]","args":[{"selector":{"controlType":"sap.m.SearchField","properties":{"placeholder":"Search"},"searchOpenDialogs":true,"interaction":{"idSuffix":"I"}},"wdio_ui5_key":"sapm.SearchField{\"placeholder\":\"Search\"}"}]}
RESULT: {"script":"<script> [1562 bytes]","args":[{"selector":{"controlType":"sap.m.SearchField","properties":{"placeholder":"Search"},"searchOpenDialogs":true,"interaction":{"idSuffix":"I"}},"wdio_ui5_key":"sapm.SearchField{\"placeholder\":\"Search\"}"}]}
RESULT: undefined
COMMAND: POST /session/ff9c51e966970fe267aa3fc7e83309b8/execute/async - {"script":"<script> [776 bytes]","args":[{"enterText":"A1-000100-01","selector":{"controlType":"sap.m.SearchField","properties":{"placeholder":"Search"},"searchOpenDialogs":true,"interaction":{"idSuffix":"I"}},"clearTextFirst":true,"interactionType":"ENTER_TEXT"}]}
RESULT: {"script":"<script> [776 bytes]","args":[{"enterText":"A1-000100-01","selector":{"controlType":"sap.m.SearchField","properties":{"placeholder":"Search"},"searchOpenDialogs":true,"interaction":{"idSuffix":"I"}},"clearTextFirst":true,"interactionType":"ENTER_TEXT"}]}
COMMAND: POST /session/ff9c51e966970fe267aa3fc7e83309b8/actions - {"actions":[{"id":"action3","type":"key","parameters":{},"actions":[{"type":"keyDown","value":"î€‡"},{"type":"pause","duration":10},{"type":"keyUp","value":"î€‡"}]}]}
RESULT: {"actions":[{"id":"action3","type":"key","parameters":{},"actions":[{"type":"keyDown","value":"î€‡"},{"type":"pause","duration":10},{"type":"keyUp","value":"î€‡"}]}]}
COMMAND: GET /session/ff9c51e966970fe267aa3fc7e83309b8/screenshot - {}
RESULT: {}
COMMAND: POST /session/ff9c51e966970fe267aa3fc7e83309b8/element - {"using":"xpath","value":"//span[contains(text(), \"Template for ETO-Process\")]"}
RESULT: {"using":"xpath","value":"//span[contains(text(), \"Template for ETO-Process\")]"}
COMMAND: POST /session/ff9c51e966970fe267aa3fc7e83309b8/element/f.67BB6B77A8512A2D776A2BAF8724765E.d.B20D783216FE70362A42C17A29B041F6.e.1627/click - {}
RESULT: {}
COMMAND: GET /session/ff9c51e966970fe267aa3fc7e83309b8/screenshot - {}
RESULT: {}
COMMAND: POST /session/ff9c51e966970fe267aa3fc7e83309b8/element - {"using":"xpath","value":"//bdi[contains(text(), \"OK\")]"}
RESULT: {"using":"xpath","value":"//bdi[contains(text(), \"OK\")]"}
COMMAND: POST /session/ff9c51e966970fe267aa3fc7e83309b8/element/f.67BB6B77A8512A2D776A2BAF8724765E.d.B20D783216FE70362A42C17A29B041F6.e.1628/click - {}
RESULT: {}
COMMAND: GET /session/ff9c51e966970fe267aa3fc7e83309b8/screenshot - {}
RESULT: {}
COMMAND: POST /session/ff9c51e966970fe267aa3fc7e83309b8/element - {"using":"xpath","value":"//input[@id=\"application-managesites-display-component---NewSite--addressDetailDetailsYard-inner\"]"}
RESULT: {"using":"xpath","value":"//input[@id=\"application-managesites-display-component---NewSite--addressDetailDetailsYard-inner\"]"}
COMMAND: POST /session/ff9c51e966970fe267aa3fc7e83309b8/element/f.67BB6B77A8512A2D776A2BAF8724765E.d.B20D783216FE70362A42C17A29B041F6.e.1402/value - {"text":"505"}
RESULT: {"text":"505"}
COMMAND: GET /session/ff9c51e966970fe267aa3fc7e83309b8/screenshot - {}
RESULT: {}
COMMAND: POST /session/ff9c51e966970fe267aa3fc7e83309b8/actions - {"actions":[{"id":"action4","type":"key","parameters":{},"actions":[{"type":"keyDown","value":"î€‡"},{"type":"pause","duration":10},{"type":"keyUp","value":"î€‡"}]}]}
RESULT: {"actions":[{"id":"action4","type":"key","parameters":{},"actions":[{"type":"keyDown","value":"î€‡"},{"type":"pause","duration":10},{"type":"keyUp","value":"î€‡"}]}]}
COMMAND: GET /session/ff9c51e966970fe267aa3fc7e83309b8/screenshot - {}
RESULT: {}
COMMAND: POST /session/ff9c51e966970fe267aa3fc7e83309b8/element - {"using":"xpath","value":"//input[@id=\"application-managesites-display-component---NewSite--addressDetailDetailsPartner-inner\"]"}
RESULT: {"using":"xpath","value":"//input[@id=\"application-managesites-display-component---NewSite--addressDetailDetailsPartner-inner\"]"}
COMMAND: POST /session/ff9c51e966970fe267aa3fc7e83309b8/elements - {"using":"xpath","value":"//input[@id=\"application-managesites-display-component---NewSite--addressDetailDetailsPartner-inner\"]"}
RESULT: {"using":"xpath","value":"//input[@id=\"application-managesites-display-component---NewSite--addressDetailDetailsPartner-inner\"]"}
COMMAND: POST /session/ff9c51e966970fe267aa3fc7e83309b8/execute/async - {"script":"<script> [1562 bytes]","args":[{"selector":{"controlType":"sap.m.Button","viewName":"etm.portal.ui.managesites.view.NewSmartSite","viewId":"application-managesites-display-component---NewSite","properties":{"text":"Commercial"},"interaction":{"idSuffix":"BDI-content"}},"wdio_ui5_key":"etmportal.ui.managesites.view.NewSmartSitesap.m.Button{\"text\":\"Commercial\"}"}]}
RESULT: {"script":"<script> [1562 bytes]","args":[{"selector":{"controlType":"sap.m.Button","viewName":"etm.portal.ui.managesites.view.NewSmartSite","viewId":"application-managesites-display-component---NewSite","properties":{"text":"Commercial"},"interaction":{"idSuffix":"BDI-content"}},"wdio_ui5_key":"etmportal.ui.managesites.view.NewSmartSitesap.m.Button{\"text\":\"Commercial\"}"}]}
RESULT: undefined
COMMAND: POST /session/ff9c51e966970fe267aa3fc7e83309b8/element - {"using":"xpath","value":"//*[@id=\"application-managesites-display-component---NewSite--ObjectPageLayout-anchBar-__section5-anchor\"]"}
RESULT: {"using":"xpath","value":"//*[@id=\"application-managesites-display-component---NewSite--ObjectPageLayout-anchBar-__section5-anchor\"]"}
COMMAND: POST /session/ff9c51e966970fe267aa3fc7e83309b8/element/f.67BB6B77A8512A2D776A2BAF8724765E.d.B20D783216FE70362A42C17A29B041F6.e.1635/click - {}
RESULT: {}
COMMAND: POST /session/ff9c51e966970fe267aa3fc7e83309b8/execute/async - {"script":"<script> [1562 bytes]","args":[{"selector":{"controlType":"sap.m.Button","viewName":"etm.portal.ui.managesites.view.NewSmartSite","viewId":"application-managesites-display-component---NewSite","i18NText":{"propertyName":"text","key":"save"},"interaction":{"idSuffix":"BDI-content"}},"wdio_ui5_key":"etmportal.ui.managesites.view.NewSmartSitesap.m.Button{\"propertyName\":\"text\",\"key\":\"save\"}"}]}
COMMAND: GET /session/ff9c51e966970fe267aa3fc7e83309b8/screenshot - {}
RESULT: {"script":"<script> [1562 bytes]","args":[{"selector":{"controlType":"sap.m.Button","viewName":"etm.portal.ui.managesites.view.NewSmartSite","viewId":"application-managesites-display-component---NewSite","i18NText":{"propertyName":"text","key":"save"},"interaction":{"idSuffix":"BDI-content"}},"wdio_ui5_key":"etmportal.ui.managesites.view.NewSmartSitesap.m.Button{\"propertyName\":\"text\",\"key\":\"save\"}"}]}
RESULT: undefined
COMMAND: POST /session/ff9c51e966970fe267aa3fc7e83309b8/element - {"using":"xpath","value":"//*[@id=\"__button16\"]"}
RESULT: {}
RESULT: {"using":"xpath","value":"//*[@id=\"__button16\"]"}
COMMAND: POST /session/ff9c51e966970fe267aa3fc7e83309b8/element/f.67BB6B77A8512A2D776A2BAF8724765E.d.B20D783216FE70362A42C17A29B041F6.e.1576/click - {}
RESULT: {}
COMMAND: GET /session/ff9c51e966970fe267aa3fc7e83309b8/screenshot - {}
RESULT: {}
COMMAND: POST /session/ff9c51e966970fe267aa3fc7e83309b8/execute/async - {"script":"<script> [1562 bytes]","args":[{"selector":{"id":"application-managesites-display-component---detailSite--addressDetailDetailsYardText"},"wdio_ui5_key":"applicationmanagesites-display-component---detailSite--addressDetailDetailsYardText"}]}
RESULT: {"script":"<script> [1562 bytes]","args":[{"selector":{"id":"application-managesites-display-component---detailSite--addressDetailDetailsYardText"},"wdio_ui5_key":"applicationmanagesites-display-component---detailSite--addressDetailDetailsYardText"}]}
RESULT: undefined
COMMAND: POST /session/ff9c51e966970fe267aa3fc7e83309b8/element - {"using":"xpath","value":"//header/div/div[2]/div[2]/span"}
RESULT: {"using":"xpath","value":"//header/div/div[2]/div[2]/span"}
COMMAND: GET /session/ff9c51e966970fe267aa3fc7e83309b8/element/f.67BB6B77A8512A2D776A2BAF8724765E.d.B20D783216FE70362A42C17A29B041F6.e.1842/text - {}
RESULT: {}
COMMAND: POST /session/ff9c51e966970fe267aa3fc7e83309b8/element - {"using":"xpath","value":"//header/div/div/div/div/div/div[2]/div/span"}
RESULT: {"using":"xpath","value":"//header/div/div/div/div/div/div[2]/div/span"}
COMMAND: GET /session/ff9c51e966970fe267aa3fc7e83309b8/element/f.67BB6B77A8512A2D776A2BAF8724765E.d.B20D783216FE70362A42C17A29B041F6.e.1843/text - {}
RESULT: {}
COMMAND: POST /session/ff9c51e966970fe267aa3fc7e83309b8/element - {"using":"css selector","value":"#shell-header-logo"}
RESULT: {"using":"css selector","value":"#shell-header-logo"}
COMMAND: POST /session/ff9c51e966970fe267aa3fc7e83309b8/element/f.67BB6B77A8512A2D776A2BAF8724765E.d.B20D783216FE70362A42C17A29B041F6.e.1174/click - {}
RESULT: {}
COMMAND: GET /session/ff9c51e966970fe267aa3fc7e83309b8/screenshot - {}
RESULT: {}
COMMAND: POST /session/ff9c51e966970fe267aa3fc7e83309b8/execute/async - {"script":"<script> [1562 bytes]","args":[{"selector":{"controlType":"sap.m.GenericTile","properties":{"header":"Manage Partners"}},"wdio_ui5_key":"sapm.GenericTile{\"header\":\"Manage Partners\"}"}]}
RESULT: {"script":"<script> [1562 bytes]","args":[{"selector":{"controlType":"sap.m.GenericTile","properties":{"header":"Manage Partners"}},"wdio_ui5_key":"sapm.GenericTile{\"header\":\"Manage Partners\"}"}]}
RESULT: undefined
COMMAND: POST /session/ff9c51e966970fe267aa3fc7e83309b8/element - {"using":"xpath","value":"//*[@id=\"__tile38\"]"}
RESULT: {"using":"xpath","value":"//*[@id=\"__tile38\"]"}
COMMAND: POST /session/ff9c51e966970fe267aa3fc7e83309b8/element/f.67BB6B77A8512A2D776A2BAF8724765E.d.B20D783216FE70362A42C17A29B041F6.e.1846/click - {}
RESULT: {}
COMMAND: GET /session/ff9c51e966970fe267aa3fc7e83309b8/screenshot - {}
RESULT: {}
COMMAND: POST /session/ff9c51e966970fe267aa3fc7e83309b8/execute/async - {"script":"<script> [1562 bytes]","args":[{"selector":{"controlType":"sap.ui.core.Icon","viewName":"etm.portal.ui.managepartners.view.Master","viewId":"application-managepartners-display-component---masterPtm","properties":{"src":{"regex":{"source":"add"}}}},"wdio_ui5_key":"etmportal.ui.managepartners.view.Mastersap.ui.core.Icon{\"src\":{\"regex\":{\"source\":\"add\"}}}"}]}
RESULT: {"script":"<script> [1562 bytes]","args":[{"selector":{"controlType":"sap.ui.core.Icon","viewName":"etm.portal.ui.managepartners.view.Master","viewId":"application-managepartners-display-component---masterPtm","properties":{"src":{"regex":{"source":"add"}}}},"wdio_ui5_key":"etmportal.ui.managepartners.view.Mastersap.ui.core.Icon{\"src\":{\"regex\":{\"source\":\"add\"}}}"}]}
RESULT: undefined
COMMAND: POST /session/ff9c51e966970fe267aa3fc7e83309b8/element - {"using":"xpath","value":"//*[@id=\"__button60-img\"]"}
RESULT: {"using":"xpath","value":"//*[@id=\"__button60-img\"]"}
COMMAND: POST /session/ff9c51e966970fe267aa3fc7e83309b8/element/f.67BB6B77A8512A2D776A2BAF8724765E.d.B20D783216FE70362A42C17A29B041F6.e.1896/click - {}
RESULT: {}
COMMAND: GET /session/ff9c51e966970fe267aa3fc7e83309b8/screenshot - {}
RESULT: {}
COMMAND: POST /session/ff9c51e966970fe267aa3fc7e83309b8/execute/async - {"script":"<script> [1562 bytes]","args":[{"selector":{"id":"application-managepartners-display-component---NewPartner--partnerId","interaction":{"idSuffix":"inner"}},"wdio_ui5_key":"applicationmanagepartners-display-component---NewPartner--partnerId"}]}
RESULT: {"script":"<script> [1562 bytes]","args":[{"selector":{"id":"application-managepartners-display-component---NewPartner--partnerId","interaction":{"idSuffix":"inner"}},"wdio_ui5_key":"applicationmanagepartners-display-component---NewPartner--partnerId"}]}
RESULT: undefined
COMMAND: POST /session/ff9c51e966970fe267aa3fc7e83309b8/execute/async - {"script":"<script> [1562 bytes]","args":[{"selector":{"id":"application-managepartners-display-component---NewPartner--addressDetailDetailsName1","interaction":{"idSuffix":"inner"}},"wdio_ui5_key":"applicationmanagepartners-display-component---NewPartner--addressDetailDetailsName1"}]}
RESULT: {"script":"<script> [1562 bytes]","args":[{"selector":{"id":"application-managepartners-display-component---NewPartner--addressDetailDetailsName1","interaction":{"idSuffix":"inner"}},"wdio_ui5_key":"applicationmanagepartners-display-component---NewPartner--addressDetailDetailsName1"}]}
RESULT: undefined
COMMAND: POST /session/ff9c51e966970fe267aa3fc7e83309b8/execute/async - {"script":"<script> [776 bytes]","args":[{"enterText":"WebdriverPartnerett0u","selector":{"id":"application-managepartners-display-component---NewPartner--addressDetailDetailsName1","interaction":{"idSuffix":"inner"}},"clearTextFirst":true,"interactionType":"ENTER_TEXT"}]}
RESULT: {"script":"<script> [776 bytes]","args":[{"enterText":"WebdriverPartnerett0u","selector":{"id":"application-managepartners-display-component---NewPartner--addressDetailDetailsName1","interaction":{"idSuffix":"inner"}},"clearTextFirst":true,"interactionType":"ENTER_TEXT"}]}
COMMAND: POST /session/ff9c51e966970fe267aa3fc7e83309b8/execute/async - {"script":"<script> [1562 bytes]","args":[{"selector":{"id":"application-managepartners-display-component---NewPartner--addressDetailDetailsLanguage","interaction":{"idSuffix":"inner"}},"wdio_ui5_key":"applicationmanagepartners-display-component---NewPartner--addressDetailDetailsLanguage"}]}
RESULT: {"script":"<script> [1562 bytes]","args":[{"selector":{"id":"application-managepartners-display-component---NewPartner--addressDetailDetailsLanguage","interaction":{"idSuffix":"inner"}},"wdio_ui5_key":"applicationmanagepartners-display-component---NewPartner--addressDetailDetailsLanguage"}]}
RESULT: undefined
COMMAND: POST /session/ff9c51e966970fe267aa3fc7e83309b8/execute/async - {"script":"<script> [776 bytes]","args":[{"enterText":"Romanian","selector":{"id":"application-managepartners-display-component---NewPartner--addressDetailDetailsLanguage","interaction":{"idSuffix":"inner"}},"clearTextFirst":true,"interactionType":"ENTER_TEXT"}]}
RESULT: {"script":"<script> [776 bytes]","args":[{"enterText":"Romanian","selector":{"id":"application-managepartners-display-component---NewPartner--addressDetailDetailsLanguage","interaction":{"idSuffix":"inner"}},"clearTextFirst":true,"interactionType":"ENTER_TEXT"}]}
COMMAND: POST /session/ff9c51e966970fe267aa3fc7e83309b8/element - {"using":"xpath","value":"//input[contains(@id ,\"application-managepartners-display-component---NewPartner--addressDetailDetailsName1-inner\")]"}
RESULT: {"using":"xpath","value":"//input[contains(@id ,\"application-managepartners-display-component---NewPartner--addressDetailDetailsName1-inner\")]"}
COMMAND: GET /session/ff9c51e966970fe267aa3fc7e83309b8/element/f.67BB6B77A8512A2D776A2BAF8724765E.d.B20D783216FE70362A42C17A29B041F6.e.2070/property/value - {}
RESULT: {}
COMMAND: POST /session/ff9c51e966970fe267aa3fc7e83309b8/execute/async - {"script":"<script> [1562 bytes]","args":[{"selector":{"id":"application-managepartners-display-component---NewPartner--addressDetailDetailsCity1","interaction":{"idSuffix":"inner"}},"wdio_ui5_key":"applicationmanagepartners-display-component---NewPartner--addressDetailDetailsCity1"}]}
COMMAND: GET /session/ff9c51e966970fe267aa3fc7e83309b8/screenshot - {}
RESULT: {"script":"<script> [1562 bytes]","args":[{"selector":{"id":"application-managepartners-display-component---NewPartner--addressDetailDetailsCity1","interaction":{"idSuffix":"inner"}},"wdio_ui5_key":"applicationmanagepartners-display-component---NewPartner--addressDetailDetailsCity1"}]}
RESULT: undefined
COMMAND: POST /session/ff9c51e966970fe267aa3fc7e83309b8/execute/async - {"script":"<script> [776 bytes]","args":[{"enterText":"Bucharest","selector":{"id":"application-managepartners-display-component---NewPartner--addressDetailDetailsCity1","interaction":{"idSuffix":"inner"}},"clearTextFirst":true,"interactionType":"ENTER_TEXT"}]}
RESULT: {}
RESULT: {"script":"<script> [776 bytes]","args":[{"enterText":"Bucharest","selector":{"id":"application-managepartners-display-component---NewPartner--addressDetailDetailsCity1","interaction":{"idSuffix":"inner"}},"clearTextFirst":true,"interactionType":"ENTER_TEXT"}]}
COMMAND: POST /session/ff9c51e966970fe267aa3fc7e83309b8/execute/async - {"script":"<script> [1562 bytes]","args":[{"selector":{"id":"application-managepartners-display-component---NewPartner--addressDetailDetailsCountry","interaction":{"idSuffix":"inner"}},"wdio_ui5_key":"applicationmanagepartners-display-component---NewPartner--addressDetailDetailsCountry"}]}
RESULT: {"script":"<script> [1562 bytes]","args":[{"selector":{"id":"application-managepartners-display-component---NewPartner--addressDetailDetailsCountry","interaction":{"idSuffix":"inner"}},"wdio_ui5_key":"applicationmanagepartners-display-component---NewPartner--addressDetailDetailsCountry"}]}
RESULT: undefined
COMMAND: POST /session/ff9c51e966970fe267aa3fc7e83309b8/execute/async - {"script":"<script> [6424 bytes]","args":[{"element-6066-11e4-a52e-4f735466cecf":"f.67BB6B77A8512A2D776A2BAF8724765E.d.B20D783216FE70362A42C17A29B041F6.e.2077"},"setValue",["Romania"]]}
RESULT: {"script":"<script> [6424 bytes]","args":[{"element-6066-11e4-a52e-4f735466cecf":"f.67BB6B77A8512A2D776A2BAF8724765E.d.B20D783216FE70362A42C17A29B041F6.e.2077"},"setValue",["Romania"]]}
COMMAND: POST /session/ff9c51e966970fe267aa3fc7e83309b8/execute/async - {"script":"<script> [1562 bytes]","args":[{"selector":{"id":"application-managepartners-display-component---NewPartner--partnerDetailInternal","interaction":{"idSuffix":"inner"}},"wdio_ui5_key":"applicationmanagepartners-display-component---NewPartner--partnerDetailInternal"}]}
RESULT: {"script":"<script> [1562 bytes]","args":[{"selector":{"id":"application-managepartners-display-component---NewPartner--partnerDetailInternal","interaction":{"idSuffix":"inner"}},"wdio_ui5_key":"applicationmanagepartners-display-component---NewPartner--partnerDetailInternal"}]}
RESULT: undefined
COMMAND: POST /session/ff9c51e966970fe267aa3fc7e83309b8/execute/async - {"script":"<script> [776 bytes]","args":[{"enterText":"External partner","selector":{"id":"application-managepartners-display-component---NewPartner--partnerDetailInternal","interaction":{"idSuffix":"inner"}},"clearTextFirst":true,"interactionType":"ENTER_TEXT"}]}
RESULT: {"script":"<script> [776 bytes]","args":[{"enterText":"External partner","selector":{"id":"application-managepartners-display-component---NewPartner--partnerDetailInternal","interaction":{"idSuffix":"inner"}},"clearTextFirst":true,"interactionType":"ENTER_TEXT"}]}
COMMAND: POST /session/ff9c51e966970fe267aa3fc7e83309b8/execute/async - {"script":"<script> [1562 bytes]","args":[{"selector":{"id":"application-managepartners-display-component---NewPartner--partnerDetailsCurrency","interaction":{"idSuffix":"inner"}},"wdio_ui5_key":"applicationmanagepartners-display-component---NewPartner--partnerDetailsCurrency"}]}
RESULT: {"script":"<script> [1562 bytes]","args":[{"selector":{"id":"application-managepartners-display-component---NewPartner--partnerDetailsCurrency","interaction":{"idSuffix":"inner"}},"wdio_ui5_key":"applicationmanagepartners-display-component---NewPartner--partnerDetailsCurrency"}]}
RESULT: undefined
COMMAND: POST /session/ff9c51e966970fe267aa3fc7e83309b8/execute/async - {"script":"<script> [776 bytes]","args":[{"enterText":"Euro","selector":{"id":"application-managepartners-display-component---NewPartner--partnerDetailsCurrency","interaction":{"idSuffix":"inner"}},"clearTextFirst":true,"interactionType":"ENTER_TEXT"}]}
RESULT: {"script":"<script> [776 bytes]","args":[{"enterText":"Euro","selector":{"id":"application-managepartners-display-component---NewPartner--partnerDetailsCurrency","interaction":{"idSuffix":"inner"}},"clearTextFirst":true,"interactionType":"ENTER_TEXT"}]}
COMMAND: POST /session/ff9c51e966970fe267aa3fc7e83309b8/execute/async - {"script":"<script> [1562 bytes]","args":[{"selector":{"controlType":"sap.m.Button","viewName":"etm.portal.ui.managepartners.view.NewPartner","viewId":"application-managepartners-display-component---NewPartner","properties":{"text":"Commercial"},"interaction":{"idSuffix":"BDI-content"}},"wdio_ui5_key":"etmportal.ui.managepartners.view.NewPartnersap.m.Button{\"text\":\"Commercial\"}"}]}
RESULT: {"script":"<script> [1562 bytes]","args":[{"selector":{"controlType":"sap.m.Button","viewName":"etm.portal.ui.managepartners.view.NewPartner","viewId":"application-managepartners-display-component---NewPartner","properties":{"text":"Commercial"},"interaction":{"idSuffix":"BDI-content"}},"wdio_ui5_key":"etmportal.ui.managepartners.view.NewPartnersap.m.Button{\"text\":\"Commercial\"}"}]}
RESULT: undefined
COMMAND: POST /session/ff9c51e966970fe267aa3fc7e83309b8/element - {"using":"xpath","value":"//*[@id=\"application-managepartners-display-component---NewPartner--ObjectPageLayout-anchBar-__section29-anchor\"]"}
RESULT: {"using":"xpath","value":"//*[@id=\"application-managepartners-display-component---NewPartner--ObjectPageLayout-anchBar-__section29-anchor\"]"}
COMMAND: POST /session/ff9c51e966970fe267aa3fc7e83309b8/element/f.67BB6B77A8512A2D776A2BAF8724765E.d.B20D783216FE70362A42C17A29B041F6.e.2328/click - {}
RESULT: {}
COMMAND: GET /session/ff9c51e966970fe267aa3fc7e83309b8/screenshot - {}
RESULT: {}
COMMAND: POST /session/ff9c51e966970fe267aa3fc7e83309b8/execute/async - {"script":"<script> [1562 bytes]","args":[{"selector":{"id":"application-managepartners-display-component---NewPartner--btnAddTableRow-img"},"wdio_ui5_key":"applicationmanagepartners-display-component---NewPartner--btnAddTableRow-img"}]}
RESULT: {"script":"<script> [1562 bytes]","args":[{"selector":{"id":"application-managepartners-display-component---NewPartner--btnAddTableRow-img"},"wdio_ui5_key":"applicationmanagepartners-display-component---NewPartner--btnAddTableRow-img"}]}
RESULT: undefined
COMMAND: POST /session/ff9c51e966970fe267aa3fc7e83309b8/element - {"using":"xpath","value":"//*[@id=\"application-managepartners-display-component---NewPartner--btnAddTableRow-img\"]"}
RESULT: {"using":"xpath","value":"//*[@id=\"application-managepartners-display-component---NewPartner--btnAddTableRow-img\"]"}
COMMAND: POST /session/ff9c51e966970fe267aa3fc7e83309b8/element/f.67BB6B77A8512A2D776A2BAF8724765E.d.B20D783216FE70362A42C17A29B041F6.e.2334/click - {}
RESULT: {}
COMMAND: POST /session/ff9c51e966970fe267aa3fc7e83309b8/element - {"using":"xpath","value":"//input[contains(@id ,\"application-managepartners-display-component---NewPartner--assignmentYard-application-managepartners-display-component---NewPartner\")]"}
COMMAND: GET /session/ff9c51e966970fe267aa3fc7e83309b8/screenshot - {}
RESULT: {"using":"xpath","value":"//input[contains(@id ,\"application-managepartners-display-component---NewPartner--assignmentYard-application-managepartners-display-component---NewPartner\")]"}
COMMAND: POST /session/ff9c51e966970fe267aa3fc7e83309b8/element/f.67BB6B77A8512A2D776A2BAF8724765E.d.B20D783216FE70362A42C17A29B041F6.e.2337/clear - {}
RESULT: {}
RESULT: {}
COMMAND: POST /session/ff9c51e966970fe267aa3fc7e83309b8/element/f.67BB6B77A8512A2D776A2BAF8724765E.d.B20D783216FE70362A42C17A29B041F6.e.2337/value - {"text":"505"}
COMMAND: GET /session/ff9c51e966970fe267aa3fc7e83309b8/screenshot - {}
RESULT: {"text":"505"}
COMMAND: GET /session/ff9c51e966970fe267aa3fc7e83309b8/screenshot - {}
RESULT: {}
RESULT: {}
COMMAND: POST /session/ff9c51e966970fe267aa3fc7e83309b8/execute/async - {"script":"<script> [1562 bytes]","args":[{"selector":{"controlType":"sap.m.Button","viewName":"etm.portal.ui.managepartners.view.NewPartner","viewId":"application-managepartners-display-component---NewPartner","i18NText":{"propertyName":"text","key":"save"},"interaction":{"idSuffix":"BDI-content"}},"wdio_ui5_key":"etmportal.ui.managepartners.view.NewPartnersap.m.Button{\"propertyName\":\"text\",\"key\":\"save\"}"}]}
RESULT: {"script":"<script> [1562 bytes]","args":[{"selector":{"controlType":"sap.m.Button","viewName":"etm.portal.ui.managepartners.view.NewPartner","viewId":"application-managepartners-display-component---NewPartner","i18NText":{"propertyName":"text","key":"save"},"interaction":{"idSuffix":"BDI-content"}},"wdio_ui5_key":"etmportal.ui.managepartners.view.NewPartnersap.m.Button{\"propertyName\":\"text\",\"key\":\"save\"}"}]}
RESULT: undefined
COMMAND: POST /session/ff9c51e966970fe267aa3fc7e83309b8/element - {"using":"xpath","value":"//*[@id=\"__button68\"]"}
RESULT: {"using":"xpath","value":"//*[@id=\"__button68\"]"}
COMMAND: POST /session/ff9c51e966970fe267aa3fc7e83309b8/element/f.67BB6B77A8512A2D776A2BAF8724765E.d.B20D783216FE70362A42C17A29B041F6.e.2268/click - {}
RESULT: {}
COMMAND: GET /session/ff9c51e966970fe267aa3fc7e83309b8/screenshot - {}
RESULT: {}
COMMAND: POST /session/ff9c51e966970fe267aa3fc7e83309b8/element - {"using":"xpath","value":"//header/div/div[2]/div[2]/span"}
RESULT: {"using":"xpath","value":"//header/div/div[2]/div[2]/span"}
COMMAND: GET /session/ff9c51e966970fe267aa3fc7e83309b8/element/f.67BB6B77A8512A2D776A2BAF8724765E.d.B20D783216FE70362A42C17A29B041F6.e.2509/text - {}
RESULT: {}
COMMAND: POST /session/ff9c51e966970fe267aa3fc7e83309b8/element - {"using":"xpath","value":"//header/div/div/div/div/div/div[2]/div/span"}
RESULT: {"using":"xpath","value":"//header/div/div/div/div/div/div[2]/div/span"}
COMMAND: GET /session/ff9c51e966970fe267aa3fc7e83309b8/element/f.67BB6B77A8512A2D776A2BAF8724765E.d.B20D783216FE70362A42C17A29B041F6.e.2510/text - {}
RESULT: {}
COMMAND: POST /session/ff9c51e966970fe267aa3fc7e83309b8/execute/async - {"script":"<script> [1562 bytes]","args":[{"selector":{"id":"application-managepartners-display-component---detailPtm--partnerType"},"wdio_ui5_key":"applicationmanagepartners-display-component---detailPtm--partnerType"}]}
RESULT: {"script":"<script> [1562 bytes]","args":[{"selector":{"id":"application-managepartners-display-component---detailPtm--partnerType"},"wdio_ui5_key":"applicationmanagepartners-display-component---detailPtm--partnerType"}]}
RESULT: undefined
COMMAND: POST /session/ff9c51e966970fe267aa3fc7e83309b8/execute/async - {"script":"<script> [6424 bytes]","args":[{"element-6066-11e4-a52e-4f735466cecf":"f.67BB6B77A8512A2D776A2BAF8724765E.d.B20D783216FE70362A42C17A29B041F6.e.2511"},"getText",[]]}
RESULT: {"script":"<script> [6424 bytes]","args":[{"element-6066-11e4-a52e-4f735466cecf":"f.67BB6B77A8512A2D776A2BAF8724765E.d.B20D783216FE70362A42C17A29B041F6.e.2511"},"getText",[]]}
COMMAND: POST /session/ff9c51e966970fe267aa3fc7e83309b8/element - {"using":"css selector","value":"#shell-header-logo"}
RESULT: {"using":"css selector","value":"#shell-header-logo"}
COMMAND: POST /session/ff9c51e966970fe267aa3fc7e83309b8/element/f.67BB6B77A8512A2D776A2BAF8724765E.d.B20D783216FE70362A42C17A29B041F6.e.1849/click - {}
RESULT: {}
COMMAND: GET /session/ff9c51e966970fe267aa3fc7e83309b8/screenshot - {}
RESULT: {}
]]></system-out>
    </testcase>
    <testcase classname="chrome.135_0_7049_96.windows.Webshop_-_Hyperlinks_visible_and_working_properly__US139085" name="Should create a new contract" time="94.909">
      <system-out><![CDATA[
COMMAND: POST /session/ff9c51e966970fe267aa3fc7e83309b8/execute/async - {"script":"<script> [1562 bytes]","args":[{"selector":{"controlType":"sap.m.Text","viewName":"etm.portal.ui.managecontractstile.view.Master","properties":{"text":"Manage Contracts"},"interaction":{"idSuffix":"inner"}},"wdio_ui5_key":"etmportal.ui.managecontractstile.view.Mastersap.m.Text{\"text\":\"Manage Contracts\"}"}]}
RESULT: {"script":"<script> [1562 bytes]","args":[{"selector":{"controlType":"sap.m.Text","viewName":"etm.portal.ui.managecontractstile.view.Master","properties":{"text":"Manage Contracts"},"interaction":{"idSuffix":"inner"}},"wdio_ui5_key":"etmportal.ui.managecontractstile.view.Mastersap.m.Text{\"text\":\"Manage Contracts\"}"}]}
RESULT: undefined
COMMAND: POST /session/ff9c51e966970fe267aa3fc7e83309b8/element - {"using":"xpath","value":"//*[@id=\"__tile130-title\"]"}
RESULT: {"using":"xpath","value":"//*[@id=\"__tile130-title\"]"}
COMMAND: POST /session/ff9c51e966970fe267aa3fc7e83309b8/element/f.67BB6B77A8512A2D776A2BAF8724765E.d.B20D783216FE70362A42C17A29B041F6.e.2514/click - {}
RESULT: {}
COMMAND: GET /session/ff9c51e966970fe267aa3fc7e83309b8/screenshot - {}
RESULT: {}
COMMAND: POST /session/ff9c51e966970fe267aa3fc7e83309b8/element - {"using":"xpath","value":"//button[@data-kt=\"addButton\"]"}
RESULT: {"using":"xpath","value":"//button[@data-kt=\"addButton\"]"}
COMMAND: POST /session/ff9c51e966970fe267aa3fc7e83309b8/element/f.67BB6B77A8512A2D776A2BAF8724765E.d.B20D783216FE70362A42C17A29B041F6.e.2563/click - {}
RESULT: {}
COMMAND: GET /session/ff9c51e966970fe267aa3fc7e83309b8/screenshot - {}
RESULT: {}
COMMAND: POST /session/ff9c51e966970fe267aa3fc7e83309b8/execute/async - {"script":"<script> [1562 bytes]","args":[{"selector":{"id":"application-managecontracts-display-component---AddNewContract--projectDescription","interaction":{"idSuffix":"inner"}},"wdio_ui5_key":"applicationmanagecontracts-display-component---AddNewContract--projectDescription"}]}
RESULT: {"script":"<script> [1562 bytes]","args":[{"selector":{"id":"application-managecontracts-display-component---AddNewContract--projectDescription","interaction":{"idSuffix":"inner"}},"wdio_ui5_key":"applicationmanagecontracts-display-component---AddNewContract--projectDescription"}]}
RESULT: undefined
COMMAND: POST /session/ff9c51e966970fe267aa3fc7e83309b8/execute/async - {"script":"<script> [776 bytes]","args":[{"enterText":"WdIOR2c33epf","selector":{"id":"application-managecontracts-display-component---AddNewContract--projectDescription","interaction":{"idSuffix":"inner"}},"clearTextFirst":true,"interactionType":"ENTER_TEXT"}]}
RESULT: {"script":"<script> [776 bytes]","args":[{"enterText":"WdIOR2c33epf","selector":{"id":"application-managecontracts-display-component---AddNewContract--projectDescription","interaction":{"idSuffix":"inner"}},"clearTextFirst":true,"interactionType":"ENTER_TEXT"}]}
COMMAND: POST /session/ff9c51e966970fe267aa3fc7e83309b8/element - {"using":"xpath","value":"//input[@id=\"application-managecontracts-display-component---AddNewContract--yardId-inner\"]"}
RESULT: {"using":"xpath","value":"//input[@id=\"application-managecontracts-display-component---AddNewContract--yardId-inner\"]"}
COMMAND: POST /session/ff9c51e966970fe267aa3fc7e83309b8/element/f.67BB6B77A8512A2D776A2BAF8724765E.d.B20D783216FE70362A42C17A29B041F6.e.2848/clear - {}
RESULT: {}
COMMAND: POST /session/ff9c51e966970fe267aa3fc7e83309b8/element/f.67BB6B77A8512A2D776A2BAF8724765E.d.B20D783216FE70362A42C17A29B041F6.e.2848/value - {"text":"WebdriverYardjsh9f"}
COMMAND: GET /session/ff9c51e966970fe267aa3fc7e83309b8/screenshot - {}
RESULT: {"text":"WebdriverYardjsh9f"}
COMMAND: GET /session/ff9c51e966970fe267aa3fc7e83309b8/screenshot - {}
RESULT: {}
RESULT: {}
COMMAND: POST /session/ff9c51e966970fe267aa3fc7e83309b8/actions - {"actions":[{"id":"action5","type":"key","parameters":{},"actions":[{"type":"keyDown","value":"î€‡"},{"type":"pause","duration":10},{"type":"keyUp","value":"î€‡"}]}]}
RESULT: {"actions":[{"id":"action5","type":"key","parameters":{},"actions":[{"type":"keyDown","value":"î€‡"},{"type":"pause","duration":10},{"type":"keyUp","value":"î€‡"}]}]}
COMMAND: GET /session/ff9c51e966970fe267aa3fc7e83309b8/screenshot - {}
RESULT: {}
COMMAND: POST /session/ff9c51e966970fe267aa3fc7e83309b8/element - {"using":"xpath","value":"//input[@id=\"application-managecontracts-display-component---AddNewContract--customerSelect-inner\"]"}
RESULT: {"using":"xpath","value":"//input[@id=\"application-managecontracts-display-component---AddNewContract--customerSelect-inner\"]"}
COMMAND: POST /session/ff9c51e966970fe267aa3fc7e83309b8/element/f.67BB6B77A8512A2D776A2BAF8724765E.d.B20D783216FE70362A42C17A29B041F6.e.2846/clear - {}
RESULT: {}
COMMAND: POST /session/ff9c51e966970fe267aa3fc7e83309b8/element/f.67BB6B77A8512A2D776A2BAF8724765E.d.B20D783216FE70362A42C17A29B041F6.e.2846/value - {"text":"WebdriverPartnerett0u"}
COMMAND: GET /session/ff9c51e966970fe267aa3fc7e83309b8/screenshot - {}
RESULT: {"text":"WebdriverPartnerett0u"}
COMMAND: GET /session/ff9c51e966970fe267aa3fc7e83309b8/screenshot - {}
RESULT: {}
RESULT: {}
COMMAND: POST /session/ff9c51e966970fe267aa3fc7e83309b8/actions - {"actions":[{"id":"action6","type":"key","parameters":{},"actions":[{"type":"keyDown","value":"î€‡"},{"type":"pause","duration":10},{"type":"keyUp","value":"î€‡"}]}]}
RESULT: {"actions":[{"id":"action6","type":"key","parameters":{},"actions":[{"type":"keyDown","value":"î€‡"},{"type":"pause","duration":10},{"type":"keyUp","value":"î€‡"}]}]}
COMMAND: GET /session/ff9c51e966970fe267aa3fc7e83309b8/screenshot - {}
RESULT: {}
COMMAND: POST /session/ff9c51e966970fe267aa3fc7e83309b8/element - {"using":"xpath","value":"//input[@id=\"application-managecontracts-display-component---AddNewContract--site-inner\"]"}
RESULT: {"using":"xpath","value":"//input[@id=\"application-managecontracts-display-component---AddNewContract--site-inner\"]"}
COMMAND: POST /session/ff9c51e966970fe267aa3fc7e83309b8/element/f.67BB6B77A8512A2D776A2BAF8724765E.d.B20D783216FE70362A42C17A29B041F6.e.2847/clear - {}
RESULT: {}
COMMAND: POST /session/ff9c51e966970fe267aa3fc7e83309b8/element/f.67BB6B77A8512A2D776A2BAF8724765E.d.B20D783216FE70362A42C17A29B041F6.e.2847/value - {"text":"WebdriverSiter1smk"}
COMMAND: GET /session/ff9c51e966970fe267aa3fc7e83309b8/screenshot - {}
RESULT: {"text":"WebdriverSiter1smk"}
COMMAND: GET /session/ff9c51e966970fe267aa3fc7e83309b8/screenshot - {}
RESULT: {}
RESULT: {}
COMMAND: POST /session/ff9c51e966970fe267aa3fc7e83309b8/actions - {"actions":[{"id":"action7","type":"key","parameters":{},"actions":[{"type":"keyDown","value":"î€‡"},{"type":"pause","duration":10},{"type":"keyUp","value":"î€‡"}]}]}
RESULT: {"actions":[{"id":"action7","type":"key","parameters":{},"actions":[{"type":"keyDown","value":"î€‡"},{"type":"pause","duration":10},{"type":"keyUp","value":"î€‡"}]}]}
COMMAND: GET /session/ff9c51e966970fe267aa3fc7e83309b8/screenshot - {}
COMMAND: POST /session/ff9c51e966970fe267aa3fc7e83309b8/element - {"using":"xpath","value":"//button[@data-kt=\"saveButton\"]"}
RESULT: {}
RESULT: {"using":"xpath","value":"//button[@data-kt=\"saveButton\"]"}
COMMAND: POST /session/ff9c51e966970fe267aa3fc7e83309b8/element/f.67BB6B77A8512A2D776A2BAF8724765E.d.B20D783216FE70362A42C17A29B041F6.e.2870/click - {}
RESULT: {}
COMMAND: GET /session/ff9c51e966970fe267aa3fc7e83309b8/screenshot - {}
RESULT: {}
COMMAND: POST /session/ff9c51e966970fe267aa3fc7e83309b8/execute/async - {"script":"<script> [1562 bytes]","args":[{"selector":{"id":"contractDetailTitleNoExpanded","viewName":"etm.portal.ui.managecontracts.view.Detail"},"wdio_ui5_key":"contractDetailTitleNoExpandedetmportal.ui.managecontracts.view.Detail"}]}
RESULT: {"script":"<script> [1562 bytes]","args":[{"selector":{"id":"contractDetailTitleNoExpanded","viewName":"etm.portal.ui.managecontracts.view.Detail"},"wdio_ui5_key":"contractDetailTitleNoExpandedetmportal.ui.managecontracts.view.Detail"}]}
RESULT: undefined
COMMAND: POST /session/ff9c51e966970fe267aa3fc7e83309b8/execute/async - {"script":"<script> [6424 bytes]","args":[{"element-6066-11e4-a52e-4f735466cecf":"f.67BB6B77A8512A2D776A2BAF8724765E.d.B20D783216FE70362A42C17A29B041F6.e.2950"},"getText",[]]}
RESULT: {"script":"<script> [6424 bytes]","args":[{"element-6066-11e4-a52e-4f735466cecf":"f.67BB6B77A8512A2D776A2BAF8724765E.d.B20D783216FE70362A42C17A29B041F6.e.2950"},"getText",[]]}
COMMAND: POST /session/ff9c51e966970fe267aa3fc7e83309b8/element - {"using":"css selector","value":"#shell-header-logo"}
RESULT: {"using":"css selector","value":"#shell-header-logo"}
COMMAND: POST /session/ff9c51e966970fe267aa3fc7e83309b8/element/f.67BB6B77A8512A2D776A2BAF8724765E.d.B20D783216FE70362A42C17A29B041F6.e.2516/click - {}
RESULT: {}
COMMAND: GET /session/ff9c51e966970fe267aa3fc7e83309b8/screenshot - {}
RESULT: {}
]]></system-out>
    </testcase>
    <testcase classname="chrome.135_0_7049_96.windows.Webshop_-_Hyperlinks_visible_and_working_properly__US139085" name="Should create a new webshop request and verify the site and yard hyperlinks" time="409.145">
      <system-out><![CDATA[
COMMAND: POST /session/ff9c51e966970fe267aa3fc7e83309b8/execute/async - {"script":"<script> [1562 bytes]","args":[{"selector":{"controlType":"sap.m.GenericTile","properties":{"header":"Webshop"}},"wdio_ui5_key":"sapm.GenericTile{\"header\":\"Webshop\"}"}]}
RESULT: {"script":"<script> [1562 bytes]","args":[{"selector":{"controlType":"sap.m.GenericTile","properties":{"header":"Webshop"}},"wdio_ui5_key":"sapm.GenericTile{\"header\":\"Webshop\"}"}]}
RESULT: undefined
COMMAND: POST /session/ff9c51e966970fe267aa3fc7e83309b8/element - {"using":"xpath","value":"//*[@id=\"__tile49\"]"}
RESULT: {"using":"xpath","value":"//*[@id=\"__tile49\"]"}
COMMAND: POST /session/ff9c51e966970fe267aa3fc7e83309b8/element/f.67BB6B77A8512A2D776A2BAF8724765E.d.B20D783216FE70362A42C17A29B041F6.e.2953/click - {}
RESULT: {}
COMMAND: GET /session/ff9c51e966970fe267aa3fc7e83309b8/screenshot - {}
RESULT: {}
COMMAND: POST /session/ff9c51e966970fe267aa3fc7e83309b8/element - {"using":"css selector","value":"#requestCreationDialog--createRequestPopUp-title-inner"}
RESULT: {"using":"css selector","value":"#requestCreationDialog--createRequestPopUp-title-inner"}
COMMAND: POST /session/ff9c51e966970fe267aa3fc7e83309b8/execute/sync - {"script":"<script> [8489 bytes]","args":[{"element-6066-11e4-a52e-4f735466cecf":"f.67BB6B77A8512A2D776A2BAF8724765E.d.B20D783216FE70362A42C17A29B041F6.e.2982","ELEMENT":"f.67BB6B77A8512A2D776A2BAF8724765E.d.B20D783216FE70362A42C17A29B041F6.e.2982"}]}
RESULT: {"script":"<script> [8489 bytes]","args":[{"element-6066-11e4-a52e-4f735466cecf":"f.67BB6B77A8512A2D776A2BAF8724765E.d.B20D783216FE70362A42C17A29B041F6.e.2982","ELEMENT":"f.67BB6B77A8512A2D776A2BAF8724765E.d.B20D783216FE70362A42C17A29B041F6.e.2982"}]}
COMMAND: GET /session/ff9c51e966970fe267aa3fc7e83309b8/element/f.67BB6B77A8512A2D776A2BAF8724765E.d.B20D783216FE70362A42C17A29B041F6.e.2982/enabled - {}
COMMAND: GET /session/ff9c51e966970fe267aa3fc7e83309b8/screenshot - {}
RESULT: {}
COMMAND: POST /session/ff9c51e966970fe267aa3fc7e83309b8/execute/async - {"script":"<script> [1562 bytes]","args":[{"selector":{"id":"requestCreationDialog--requestName","searchOpenDialogs":true,"interaction":{"idSuffix":"inner"}},"wdio_ui5_key":"requestCreationDialogrequestName"}]}
COMMAND: GET /session/ff9c51e966970fe267aa3fc7e83309b8/screenshot - {}
RESULT: {}
RESULT: {"script":"<script> [1562 bytes]","args":[{"selector":{"id":"requestCreationDialog--requestName","searchOpenDialogs":true,"interaction":{"idSuffix":"inner"}},"wdio_ui5_key":"requestCreationDialogrequestName"}]}
RESULT: undefined
COMMAND: POST /session/ff9c51e966970fe267aa3fc7e83309b8/execute/async - {"script":"<script> [776 bytes]","args":[{"enterText":"WebdriverTest","selector":{"id":"requestCreationDialog--requestName","searchOpenDialogs":true,"interaction":{"idSuffix":"inner"}},"clearTextFirst":true,"interactionType":"ENTER_TEXT"}]}
RESULT: {}
RESULT: {"script":"<script> [776 bytes]","args":[{"enterText":"WebdriverTest","selector":{"id":"requestCreationDialog--requestName","searchOpenDialogs":true,"interaction":{"idSuffix":"inner"}},"clearTextFirst":true,"interactionType":"ENTER_TEXT"}]}
COMMAND: POST /session/ff9c51e966970fe267aa3fc7e83309b8/element - {"using":"xpath","value":"//input[contains(@id ,\"requestCreationDialog--contract-inner\")]"}
RESULT: {"using":"xpath","value":"//input[contains(@id ,\"requestCreationDialog--contract-inner\")]"}
COMMAND: POST /session/ff9c51e966970fe267aa3fc7e83309b8/element/f.67BB6B77A8512A2D776A2BAF8724765E.d.B20D783216FE70362A42C17A29B041F6.e.2968/clear - {}
RESULT: {}
COMMAND: POST /session/ff9c51e966970fe267aa3fc7e83309b8/element/f.67BB6B77A8512A2D776A2BAF8724765E.d.B20D783216FE70362A42C17A29B041F6.e.2968/value - {"text":"10458"}
COMMAND: GET /session/ff9c51e966970fe267aa3fc7e83309b8/screenshot - {}
RESULT: {"text":"10458"}
COMMAND: GET /session/ff9c51e966970fe267aa3fc7e83309b8/screenshot - {}
RESULT: {}
RESULT: {}
COMMAND: POST /session/ff9c51e966970fe267aa3fc7e83309b8/actions - {"actions":[{"id":"action8","type":"key","parameters":{},"actions":[{"type":"keyDown","value":"î€‡"},{"type":"pause","duration":10},{"type":"keyUp","value":"î€‡"}]}]}
RESULT: {"actions":[{"id":"action8","type":"key","parameters":{},"actions":[{"type":"keyDown","value":"î€‡"},{"type":"pause","duration":10},{"type":"keyUp","value":"î€‡"}]}]}
COMMAND: GET /session/ff9c51e966970fe267aa3fc7e83309b8/screenshot - {}
RESULT: {}
COMMAND: POST /session/ff9c51e966970fe267aa3fc7e83309b8/execute/async - {"script":"<script> [1562 bytes]","args":[{"selector":{"id":"requestCreationDialog--okButton","searchOpenDialogs":true,"interaction":{"idSuffix":"BDI-content"}},"wdio_ui5_key":"requestCreationDialogokButton"}]}
RESULT: {"script":"<script> [1562 bytes]","args":[{"selector":{"id":"requestCreationDialog--okButton","searchOpenDialogs":true,"interaction":{"idSuffix":"BDI-content"}},"wdio_ui5_key":"requestCreationDialogokButton"}]}
RESULT: undefined
COMMAND: POST /session/ff9c51e966970fe267aa3fc7e83309b8/element - {"using":"xpath","value":"//*[@id=\"requestCreationDialog--okButton\"]"}
RESULT: {"using":"xpath","value":"//*[@id=\"requestCreationDialog--okButton\"]"}
COMMAND: POST /session/ff9c51e966970fe267aa3fc7e83309b8/element/f.67BB6B77A8512A2D776A2BAF8724765E.d.B20D783216FE70362A42C17A29B041F6.e.2990/click - {}
RESULT: {}
COMMAND: GET /session/ff9c51e966970fe267aa3fc7e83309b8/screenshot - {}
RESULT: {}
COMMAND: POST /session/ff9c51e966970fe267aa3fc7e83309b8/element - {"using":"xpath","value":"//input[contains(@id ,\"searchFiledId-I\")]"}
RESULT: {"using":"xpath","value":"//input[contains(@id ,\"searchFiledId-I\")]"}
COMMAND: POST /session/ff9c51e966970fe267aa3fc7e83309b8/element/f.67BB6B77A8512A2D776A2BAF8724765E.d.B20D783216FE70362A42C17A29B041F6.e.2959/value - {"text":"Dri-Prime CD150M Diesel Pump"}
RESULT: {"text":"Dri-Prime CD150M Diesel Pump"}
COMMAND: POST /session/ff9c51e966970fe267aa3fc7e83309b8/actions - {"actions":[{"id":"action9","type":"key","parameters":{},"actions":[{"type":"keyDown","value":"î€‡"},{"type":"pause","duration":10},{"type":"keyUp","value":"î€‡"}]}]}
COMMAND: GET /session/ff9c51e966970fe267aa3fc7e83309b8/screenshot - {}
RESULT: {"actions":[{"id":"action9","type":"key","parameters":{},"actions":[{"type":"keyDown","value":"î€‡"},{"type":"pause","duration":10},{"type":"keyUp","value":"î€‡"}]}]}
COMMAND: GET /session/ff9c51e966970fe267aa3fc7e83309b8/screenshot - {}
RESULT: {}
RESULT: {}
COMMAND: POST /session/ff9c51e966970fe267aa3fc7e83309b8/element - {"using":"xpath","value":"//span[contains(@id ,\"subTitle\")][contains(text(), \"Dri-Prime CD150M Diesel Pump\")]"}
RESULT: {"using":"xpath","value":"//span[contains(@id ,\"subTitle\")][contains(text(), \"Dri-Prime CD150M Diesel Pump\")]"}
COMMAND: POST /session/ff9c51e966970fe267aa3fc7e83309b8/element/f.67BB6B77A8512A2D776A2BAF8724765E.d.B20D783216FE70362A42C17A29B041F6.e.2997/click - {}
RESULT: {}
COMMAND: GET /session/ff9c51e966970fe267aa3fc7e83309b8/screenshot - {}
RESULT: {}
COMMAND: POST /session/ff9c51e966970fe267aa3fc7e83309b8/execute/async - {"script":"<script> [1562 bytes]","args":[{"selector":{"controlType":"sap.m.Button","viewName":"etm.portal.ui.webshop.view.Homepage","i18NText":{"propertyName":"text","key":"addToRequest"},"interaction":{"idSuffix":"BDI-content"}},"wdio_ui5_key":"etmportal.ui.webshop.view.Homepagesap.m.Button{\"propertyName\":\"text\",\"key\":\"addToRequest\"}"}]}
RESULT: {"script":"<script> [1562 bytes]","args":[{"selector":{"controlType":"sap.m.Button","viewName":"etm.portal.ui.webshop.view.Homepage","i18NText":{"propertyName":"text","key":"addToRequest"},"interaction":{"idSuffix":"BDI-content"}},"wdio_ui5_key":"etmportal.ui.webshop.view.Homepagesap.m.Button{\"propertyName\":\"text\",\"key\":\"addToRequest\"}"}]}
RESULT: undefined
COMMAND: POST /session/ff9c51e966970fe267aa3fc7e83309b8/element - {"using":"xpath","value":"//*[@id=\"__button132\"]"}
RESULT: {"using":"xpath","value":"//*[@id=\"__button132\"]"}
COMMAND: POST /session/ff9c51e966970fe267aa3fc7e83309b8/element/f.67BB6B77A8512A2D776A2BAF8724765E.d.B20D783216FE70362A42C17A29B041F6.e.3011/click - {}
RESULT: {}
COMMAND: GET /session/ff9c51e966970fe267aa3fc7e83309b8/screenshot - {}
RESULT: {}
COMMAND: POST /session/ff9c51e966970fe267aa3fc7e83309b8/element - {"using":"xpath","value":"//*[contains(@id ,\"activeCartId-BDI-content\")]"}
RESULT: {"using":"xpath","value":"//*[contains(@id ,\"activeCartId-BDI-content\")]"}
COMMAND: POST /session/ff9c51e966970fe267aa3fc7e83309b8/element/f.67BB6B77A8512A2D776A2BAF8724765E.d.B20D783216FE70362A42C17A29B041F6.e.3019/click - {}
RESULT: {}
COMMAND: GET /session/ff9c51e966970fe267aa3fc7e83309b8/screenshot - {}
RESULT: {}
COMMAND: POST /session/ff9c51e966970fe267aa3fc7e83309b8/element - {"using":"xpath","value":"//bdi[contains(text(), \"Check out my request\")]"}
RESULT: {"using":"xpath","value":"//bdi[contains(text(), \"Check out my request\")]"}
COMMAND: POST /session/ff9c51e966970fe267aa3fc7e83309b8/element/f.67BB6B77A8512A2D776A2BAF8724765E.d.B20D783216FE70362A42C17A29B041F6.e.3021/click - {}
RESULT: {}
COMMAND: GET /session/ff9c51e966970fe267aa3fc7e83309b8/screenshot - {}
RESULT: {}
COMMAND: POST /session/ff9c51e966970fe267aa3fc7e83309b8/element - {"using":"xpath","value":"//*[contains(@data-kt ,\"webshopDetailYardLink\")]"}
RESULT: {"using":"xpath","value":"//*[contains(@data-kt ,\"webshopDetailYardLink\")]"}
COMMAND: POST /session/ff9c51e966970fe267aa3fc7e83309b8/element/f.67BB6B77A8512A2D776A2BAF8724765E.d.B20D783216FE70362A42C17A29B041F6.e.3093/click - {}
RESULT: {}
COMMAND: POST /session/ff9c51e966970fe267aa3fc7e83309b8/element - {"using":"xpath","value":"//*[contains(@data-kt ,\"ContextMenuId2Link\")][contains(text(), \"Yard Overview\")]"}
COMMAND: GET /session/ff9c51e966970fe267aa3fc7e83309b8/screenshot - {}
RESULT: {"using":"xpath","value":"//*[contains(@data-kt ,\"ContextMenuId2Link\")][contains(text(), \"Yard Overview\")]"}
COMMAND: POST /session/ff9c51e966970fe267aa3fc7e83309b8/execute/sync - {"script":"<script> [8489 bytes]","args":[{"element-6066-11e4-a52e-4f735466cecf":"f.67BB6B77A8512A2D776A2BAF8724765E.d.B20D783216FE70362A42C17A29B041F6.e.3096","ELEMENT":"f.67BB6B77A8512A2D776A2BAF8724765E.d.B20D783216FE70362A42C17A29B041F6.e.3096"}]}
COMMAND: POST /session/ff9c51e966970fe267aa3fc7e83309b8/element - {"using":"xpath","value":"//*[contains(@data-kt ,\"ContextMenuId3Link\")][contains(text(), \"Yard Main Address\")]"}
RESULT: {}
RESULT: {"script":"<script> [8489 bytes]","args":[{"element-6066-11e4-a52e-4f735466cecf":"f.67BB6B77A8512A2D776A2BAF8724765E.d.B20D783216FE70362A42C17A29B041F6.e.3096","ELEMENT":"f.67BB6B77A8512A2D776A2BAF8724765E.d.B20D783216FE70362A42C17A29B041F6.e.3096"}]}
COMMAND: GET /session/ff9c51e966970fe267aa3fc7e83309b8/screenshot - {}
RESULT: {"using":"xpath","value":"//*[contains(@data-kt ,\"ContextMenuId3Link\")][contains(text(), \"Yard Main Address\")]"}
COMMAND: POST /session/ff9c51e966970fe267aa3fc7e83309b8/execute/sync - {"script":"<script> [8489 bytes]","args":[{"element-6066-11e4-a52e-4f735466cecf":"f.67BB6B77A8512A2D776A2BAF8724765E.d.B20D783216FE70362A42C17A29B041F6.e.3097","ELEMENT":"f.67BB6B77A8512A2D776A2BAF8724765E.d.B20D783216FE70362A42C17A29B041F6.e.3097"}]}
COMMAND: POST /session/ff9c51e966970fe267aa3fc7e83309b8/element - {"using":"xpath","value":"//*[contains(@data-kt ,\"ContextMenuId2Link\")][contains(text(), \"Yard Overview\")]"}
RESULT: {}
RESULT: {"script":"<script> [8489 bytes]","args":[{"element-6066-11e4-a52e-4f735466cecf":"f.67BB6B77A8512A2D776A2BAF8724765E.d.B20D783216FE70362A42C17A29B041F6.e.3097","ELEMENT":"f.67BB6B77A8512A2D776A2BAF8724765E.d.B20D783216FE70362A42C17A29B041F6.e.3097"}]}
COMMAND: GET /session/ff9c51e966970fe267aa3fc7e83309b8/screenshot - {}
RESULT: {"using":"xpath","value":"//*[contains(@data-kt ,\"ContextMenuId2Link\")][contains(text(), \"Yard Overview\")]"}
COMMAND: POST /session/ff9c51e966970fe267aa3fc7e83309b8/element/f.67BB6B77A8512A2D776A2BAF8724765E.d.B20D783216FE70362A42C17A29B041F6.e.3096/click - {}
RESULT: {}
RESULT: {}
COMMAND: GET /session/ff9c51e966970fe267aa3fc7e83309b8/screenshot - {}
RESULT: {}
COMMAND: POST /session/ff9c51e966970fe267aa3fc7e83309b8/execute/async - {"script":"<script> [1562 bytes]","args":[{"selector":{"id":"shellAppTitle"},"wdio_ui5_key":"shellAppTitle"}]}
RESULT: {"script":"<script> [1562 bytes]","args":[{"selector":{"id":"shellAppTitle"},"wdio_ui5_key":"shellAppTitle"}]}
RESULT: undefined
COMMAND: POST /session/ff9c51e966970fe267aa3fc7e83309b8/execute/async - {"script":"<script> [6424 bytes]","args":[{"element-6066-11e4-a52e-4f735466cecf":"f.67BB6B77A8512A2D776A2BAF8724765E.d.B20D783216FE70362A42C17A29B041F6.e.3231"},"getTitle",[]]}
RESULT: {"script":"<script> [6424 bytes]","args":[{"element-6066-11e4-a52e-4f735466cecf":"f.67BB6B77A8512A2D776A2BAF8724765E.d.B20D783216FE70362A42C17A29B041F6.e.3231"},"getTitle",[]]}
COMMAND: POST /session/ff9c51e966970fe267aa3fc7e83309b8/element - {"using":"xpath","value":"//span[contains(@id ,\"title\")][contains(text(), \"WebdriverYardjsh9f\")]"}
RESULT: {"using":"xpath","value":"//span[contains(@id ,\"title\")][contains(text(), \"WebdriverYardjsh9f\")]"}
COMMAND: POST /session/ff9c51e966970fe267aa3fc7e83309b8/execute/sync - {"script":"<script> [8489 bytes]","args":[{"element-6066-11e4-a52e-4f735466cecf":"f.67BB6B77A8512A2D776A2BAF8724765E.d.B20D783216FE70362A42C17A29B041F6.e.3232","ELEMENT":"f.67BB6B77A8512A2D776A2BAF8724765E.d.B20D783216FE70362A42C17A29B041F6.e.3232"}]}
COMMAND: POST /session/ff9c51e966970fe267aa3fc7e83309b8/execute/async - {"script":"<script> [1562 bytes]","args":[{"selector":{"id":"backBtn"},"wdio_ui5_key":"backBtn"}]}
RESULT: {"script":"<script> [8489 bytes]","args":[{"element-6066-11e4-a52e-4f735466cecf":"f.67BB6B77A8512A2D776A2BAF8724765E.d.B20D783216FE70362A42C17A29B041F6.e.3232","ELEMENT":"f.67BB6B77A8512A2D776A2BAF8724765E.d.B20D783216FE70362A42C17A29B041F6.e.3232"}]}
COMMAND: GET /session/ff9c51e966970fe267aa3fc7e83309b8/screenshot - {}
RESULT: {"script":"<script> [1562 bytes]","args":[{"selector":{"id":"backBtn"},"wdio_ui5_key":"backBtn"}]}
RESULT: undefined
COMMAND: POST /session/ff9c51e966970fe267aa3fc7e83309b8/element - {"using":"xpath","value":"//*[@id=\"backBtn\"]"}
COMMAND: POST /session/ff9c51e966970fe267aa3fc7e83309b8/execute/sync - {"script":"<script> [8489 bytes]","args":[{"element-6066-11e4-a52e-4f735466cecf":"f.67BB6B77A8512A2D776A2BAF8724765E.d.B20D783216FE70362A42C17A29B041F6.e.3232","ELEMENT":"f.67BB6B77A8512A2D776A2BAF8724765E.d.B20D783216FE70362A42C17A29B041F6.e.3232"}]}
RESULT: {}
RESULT: {"using":"xpath","value":"//*[@id=\"backBtn\"]"}
COMMAND: POST /session/ff9c51e966970fe267aa3fc7e83309b8/element/f.67BB6B77A8512A2D776A2BAF8724765E.d.B20D783216FE70362A42C17A29B041F6.e.3233/click - {}
RESULT: {"script":"<script> [8489 bytes]","args":[{"element-6066-11e4-a52e-4f735466cecf":"f.67BB6B77A8512A2D776A2BAF8724765E.d.B20D783216FE70362A42C17A29B041F6.e.3232","ELEMENT":"f.67BB6B77A8512A2D776A2BAF8724765E.d.B20D783216FE70362A42C17A29B041F6.e.3232"}]}
COMMAND: GET /session/ff9c51e966970fe267aa3fc7e83309b8/screenshot - {}
RESULT: {}
COMMAND: GET /session/ff9c51e966970fe267aa3fc7e83309b8/screenshot - {}
COMMAND: POST /session/ff9c51e966970fe267aa3fc7e83309b8/execute/sync - {"script":"<script> [8489 bytes]","args":[{"element-6066-11e4-a52e-4f735466cecf":"f.67BB6B77A8512A2D776A2BAF8724765E.d.B20D783216FE70362A42C17A29B041F6.e.3232","ELEMENT":"f.67BB6B77A8512A2D776A2BAF8724765E.d.B20D783216FE70362A42C17A29B041F6.e.3232"}]}
RESULT: {}
RESULT: {}
COMMAND: POST /session/ff9c51e966970fe267aa3fc7e83309b8/element - {"using":"xpath","value":"//span[contains(@id ,\"title\")][contains(text(), \"WebdriverYardjsh9f\")]"}
RESULT: {"using":"xpath","value":"//span[contains(@id ,\"title\")][contains(text(), \"WebdriverYardjsh9f\")]"}
COMMAND: POST /session/ff9c51e966970fe267aa3fc7e83309b8/element - {"using":"xpath","value":"//span[contains(@id ,\"title\")][contains(text(), \"WebdriverYardjsh9f\")]"}
RESULT: {"using":"xpath","value":"//span[contains(@id ,\"title\")][contains(text(), \"WebdriverYardjsh9f\")]"}
COMMAND: POST /session/ff9c51e966970fe267aa3fc7e83309b8/element - {"using":"xpath","value":"//span[contains(@id ,\"title\")][contains(text(), \"WebdriverYardjsh9f\")]"}
RESULT: {"using":"xpath","value":"//span[contains(@id ,\"title\")][contains(text(), \"WebdriverYardjsh9f\")]"}
COMMAND: POST /session/ff9c51e966970fe267aa3fc7e83309b8/element - {"using":"xpath","value":"//*[contains(@data-kt ,\"webshopDetailYardLink\")]"}
RESULT: {"using":"xpath","value":"//*[contains(@data-kt ,\"webshopDetailYardLink\")]"}
COMMAND: POST /session/ff9c51e966970fe267aa3fc7e83309b8/element/f.67BB6B77A8512A2D776A2BAF8724765E.d.B20D783216FE70362A42C17A29B041F6.e.3385/click - {}
COMMAND: POST /session/ff9c51e966970fe267aa3fc7e83309b8/element - {"using":"xpath","value":"//span[contains(@id ,\"title\")][contains(text(), \"WebdriverYardjsh9f\")]"}
RESULT: {}
COMMAND: GET /session/ff9c51e966970fe267aa3fc7e83309b8/screenshot - {}
RESULT: {"using":"xpath","value":"//span[contains(@id ,\"title\")][contains(text(), \"WebdriverYardjsh9f\")]"}
COMMAND: POST /session/ff9c51e966970fe267aa3fc7e83309b8/execute/sync - {"script":"<script> [8489 bytes]","args":[{"element-6066-11e4-a52e-4f735466cecf":"f.67BB6B77A8512A2D776A2BAF8724765E.d.B20D783216FE70362A42C17A29B041F6.e.3389","ELEMENT":"f.67BB6B77A8512A2D776A2BAF8724765E.d.B20D783216FE70362A42C17A29B041F6.e.3389"}]}
RESULT: {}
RESULT: {"script":"<script> [8489 bytes]","args":[{"element-6066-11e4-a52e-4f735466cecf":"f.67BB6B77A8512A2D776A2BAF8724765E.d.B20D783216FE70362A42C17A29B041F6.e.3389","ELEMENT":"f.67BB6B77A8512A2D776A2BAF8724765E.d.B20D783216FE70362A42C17A29B041F6.e.3389"}]}
COMMAND: GET /session/ff9c51e966970fe267aa3fc7e83309b8/screenshot - {}
RESULT: {}
COMMAND: POST /session/ff9c51e966970fe267aa3fc7e83309b8/element - {"using":"xpath","value":"//*[contains(@data-kt ,\"ContextMenuId3Link\")][contains(text(), \"Yard Main Address\")]"}
RESULT: {"using":"xpath","value":"//*[contains(@data-kt ,\"ContextMenuId3Link\")][contains(text(), \"Yard Main Address\")]"}
COMMAND: POST /session/ff9c51e966970fe267aa3fc7e83309b8/element/f.67BB6B77A8512A2D776A2BAF8724765E.d.B20D783216FE70362A42C17A29B041F6.e.3390/click - {}
RESULT: {}
COMMAND: GET /session/ff9c51e966970fe267aa3fc7e83309b8/screenshot - {}
RESULT: {}
COMMAND: POST /session/ff9c51e966970fe267aa3fc7e83309b8/execute/async - {"script":"<script> [1562 bytes]","args":[{"selector":{"id":"application-addressmanagement-display-component---masterAdm--title1"},"wdio_ui5_key":"applicationaddressmanagement-display-component---masterAdm--title1"}]}
RESULT: {"script":"<script> [1562 bytes]","args":[{"selector":{"id":"application-addressmanagement-display-component---masterAdm--title1"},"wdio_ui5_key":"applicationaddressmanagement-display-component---masterAdm--title1"}]}
RESULT: undefined
COMMAND: POST /session/ff9c51e966970fe267aa3fc7e83309b8/execute/async - {"script":"<script> [6424 bytes]","args":[{"element-6066-11e4-a52e-4f735466cecf":"f.67BB6B77A8512A2D776A2BAF8724765E.d.B20D783216FE70362A42C17A29B041F6.e.3673"},"getText",[]]}
RESULT: {"script":"<script> [6424 bytes]","args":[{"element-6066-11e4-a52e-4f735466cecf":"f.67BB6B77A8512A2D776A2BAF8724765E.d.B20D783216FE70362A42C17A29B041F6.e.3673"},"getText",[]]}
COMMAND: POST /session/ff9c51e966970fe267aa3fc7e83309b8/element - {"using":"xpath","value":"//span[contains(text(), \"WebdriverYardjjtihg\")][contains(@id ,\"application-addressmanagement-display-component---detailAdm--addressDetailDetailsName1\")]"}
RESULT: {"using":"xpath","value":"//span[contains(text(), \"WebdriverYardjjtihg\")][contains(@id ,\"application-addressmanagement-display-component---detailAdm--addressDetailDetailsName1\")]"}
COMMAND: POST /session/ff9c51e966970fe267aa3fc7e83309b8/element - {"using":"xpath","value":"//span[contains(text(), \"WebdriverYardjjtihg\")][contains(@id ,\"application-addressmanagement-display-component---detailAdm--addressDetailDetailsName1\")]"}
RESULT: undefined
COMMAND: POST /session/ff9c51e966970fe267aa3fc7e83309b8/element - {"using":"xpath","value":"//*[@id=\"backBtn\"]"}
RESULT: {"using":"xpath","value":"//span[contains(text(), \"WebdriverYardjjtihg\")][contains(@id ,\"application-addressmanagement-display-component---detailAdm--addressDetailDetailsName1\")]"}
RESULT: {"using":"xpath","value":"//*[@id=\"backBtn\"]"}
COMMAND: POST /session/ff9c51e966970fe267aa3fc7e83309b8/element/f.67BB6B77A8512A2D776A2BAF8724765E.d.B20D783216FE70362A42C17A29B041F6.e.3233/click - {}
RESULT: {}
COMMAND: GET /session/ff9c51e966970fe267aa3fc7e83309b8/screenshot - {}
COMMAND: POST /session/ff9c51e966970fe267aa3fc7e83309b8/element - {"using":"xpath","value":"//span[contains(text(), \"WebdriverYardjjtihg\")][contains(@id ,\"application-addressmanagement-display-component---detailAdm--addressDetailDetailsName1\")]"}
RESULT: {}
RESULT: {"using":"xpath","value":"//span[contains(text(), \"WebdriverYardjjtihg\")][contains(@id ,\"application-addressmanagement-display-component---detailAdm--addressDetailDetailsName1\")]"}
COMMAND: POST /session/ff9c51e966970fe267aa3fc7e83309b8/element - {"using":"xpath","value":"//span[contains(text(), \"WebdriverYardjjtihg\")][contains(@id ,\"application-addressmanagement-display-component---detailAdm--addressDetailDetailsName1\")]"}
RESULT: {"using":"xpath","value":"//span[contains(text(), \"WebdriverYardjjtihg\")][contains(@id ,\"application-addressmanagement-display-component---detailAdm--addressDetailDetailsName1\")]"}
COMMAND: POST /session/ff9c51e966970fe267aa3fc7e83309b8/element - {"using":"xpath","value":"//span[contains(text(), \"WebdriverYardjjtihg\")][contains(@id ,\"application-addressmanagement-display-component---detailAdm--addressDetailDetailsName1\")]"}
RESULT: {"using":"xpath","value":"//span[contains(text(), \"WebdriverYardjjtihg\")][contains(@id ,\"application-addressmanagement-display-component---detailAdm--addressDetailDetailsName1\")]"}
COMMAND: POST /session/ff9c51e966970fe267aa3fc7e83309b8/element - {"using":"xpath","value":"//span[contains(text(), \"WebdriverYardjjtihg\")][contains(@id ,\"application-addressmanagement-display-component---detailAdm--addressDetailDetailsName1\")]"}
RESULT: {"using":"xpath","value":"//span[contains(text(), \"WebdriverYardjjtihg\")][contains(@id ,\"application-addressmanagement-display-component---detailAdm--addressDetailDetailsName1\")]"}
COMMAND: POST /session/ff9c51e966970fe267aa3fc7e83309b8/element - {"using":"xpath","value":"//span[contains(text(), \"WebdriverYardjjtihg\")][contains(@id ,\"application-addressmanagement-display-component---detailAdm--addressDetailDetailsName1\")]"}
RESULT: {"using":"xpath","value":"//span[contains(text(), \"WebdriverYardjjtihg\")][contains(@id ,\"application-addressmanagement-display-component---detailAdm--addressDetailDetailsName1\")]"}
COMMAND: POST /session/ff9c51e966970fe267aa3fc7e83309b8/element - {"using":"xpath","value":"//span[contains(text(), \"WebdriverYardjjtihg\")][contains(@id ,\"application-addressmanagement-display-component---detailAdm--addressDetailDetailsName1\")]"}
RESULT: {"using":"xpath","value":"//span[contains(text(), \"WebdriverYardjjtihg\")][contains(@id ,\"application-addressmanagement-display-component---detailAdm--addressDetailDetailsName1\")]"}
COMMAND: POST /session/ff9c51e966970fe267aa3fc7e83309b8/element - {"using":"xpath","value":"//span[contains(text(), \"WebdriverYardjjtihg\")][contains(@id ,\"application-addressmanagement-display-component---detailAdm--addressDetailDetailsName1\")]"}
RESULT: {"using":"xpath","value":"//span[contains(text(), \"WebdriverYardjjtihg\")][contains(@id ,\"application-addressmanagement-display-component---detailAdm--addressDetailDetailsName1\")]"}
COMMAND: POST /session/ff9c51e966970fe267aa3fc7e83309b8/element - {"using":"xpath","value":"//span[contains(text(), \"WebdriverYardjjtihg\")][contains(@id ,\"application-addressmanagement-display-component---detailAdm--addressDetailDetailsName1\")]"}
RESULT: {"using":"xpath","value":"//span[contains(text(), \"WebdriverYardjjtihg\")][contains(@id ,\"application-addressmanagement-display-component---detailAdm--addressDetailDetailsName1\")]"}
COMMAND: POST /session/ff9c51e966970fe267aa3fc7e83309b8/element - {"using":"xpath","value":"//span[contains(text(), \"WebdriverYardjjtihg\")][contains(@id ,\"application-addressmanagement-display-component---detailAdm--addressDetailDetailsName1\")]"}
RESULT: {"using":"xpath","value":"//span[contains(text(), \"WebdriverYardjjtihg\")][contains(@id ,\"application-addressmanagement-display-component---detailAdm--addressDetailDetailsName1\")]"}
COMMAND: POST /session/ff9c51e966970fe267aa3fc7e83309b8/element - {"using":"xpath","value":"//span[contains(text(), \"WebdriverYardjjtihg\")][contains(@id ,\"application-addressmanagement-display-component---detailAdm--addressDetailDetailsName1\")]"}
RESULT: {"using":"xpath","value":"//span[contains(text(), \"WebdriverYardjjtihg\")][contains(@id ,\"application-addressmanagement-display-component---detailAdm--addressDetailDetailsName1\")]"}
COMMAND: POST /session/ff9c51e966970fe267aa3fc7e83309b8/element - {"using":"xpath","value":"//span[contains(text(), \"WebdriverYardjjtihg\")][contains(@id ,\"application-addressmanagement-display-component---detailAdm--addressDetailDetailsName1\")]"}
RESULT: {"using":"xpath","value":"//span[contains(text(), \"WebdriverYardjjtihg\")][contains(@id ,\"application-addressmanagement-display-component---detailAdm--addressDetailDetailsName1\")]"}
COMMAND: POST /session/ff9c51e966970fe267aa3fc7e83309b8/element - {"using":"xpath","value":"//span[contains(text(), \"WebdriverYardjjtihg\")][contains(@id ,\"application-addressmanagement-display-component---detailAdm--addressDetailDetailsName1\")]"}
RESULT: {"using":"xpath","value":"//span[contains(text(), \"WebdriverYardjjtihg\")][contains(@id ,\"application-addressmanagement-display-component---detailAdm--addressDetailDetailsName1\")]"}
COMMAND: POST /session/ff9c51e966970fe267aa3fc7e83309b8/element - {"using":"xpath","value":"//span[contains(text(), \"WebdriverYardjjtihg\")][contains(@id ,\"application-addressmanagement-display-component---detailAdm--addressDetailDetailsName1\")]"}
RESULT: {"using":"xpath","value":"//span[contains(text(), \"WebdriverYardjjtihg\")][contains(@id ,\"application-addressmanagement-display-component---detailAdm--addressDetailDetailsName1\")]"}
COMMAND: POST /session/ff9c51e966970fe267aa3fc7e83309b8/element - {"using":"xpath","value":"//span[contains(text(), \"WebdriverYardjjtihg\")][contains(@id ,\"application-addressmanagement-display-component---detailAdm--addressDetailDetailsName1\")]"}
RESULT: {"using":"xpath","value":"//span[contains(text(), \"WebdriverYardjjtihg\")][contains(@id ,\"application-addressmanagement-display-component---detailAdm--addressDetailDetailsName1\")]"}
COMMAND: POST /session/ff9c51e966970fe267aa3fc7e83309b8/element - {"using":"xpath","value":"//span[contains(text(), \"WebdriverYardjjtihg\")][contains(@id ,\"application-addressmanagement-display-component---detailAdm--addressDetailDetailsName1\")]"}
RESULT: {"using":"xpath","value":"//span[contains(text(), \"WebdriverYardjjtihg\")][contains(@id ,\"application-addressmanagement-display-component---detailAdm--addressDetailDetailsName1\")]"}
COMMAND: POST /session/ff9c51e966970fe267aa3fc7e83309b8/element - {"using":"xpath","value":"//*[contains(@data-kt ,\"webshopDetailYardLink\")]"}
RESULT: {"using":"xpath","value":"//*[contains(@data-kt ,\"webshopDetailYardLink\")]"}
COMMAND: POST /session/ff9c51e966970fe267aa3fc7e83309b8/element/f.67BB6B77A8512A2D776A2BAF8724765E.d.B20D783216FE70362A42C17A29B041F6.e.3831/click - {}
RESULT: {}
COMMAND: GET /session/ff9c51e966970fe267aa3fc7e83309b8/screenshot - {}
RESULT: {}
COMMAND: POST /session/ff9c51e966970fe267aa3fc7e83309b8/element - {"using":"xpath","value":"//span[contains(text(), \"WebdriverYardjjtihg\")][contains(@id ,\"application-addressmanagement-display-component---detailAdm--addressDetailDetailsName1\")]"}
RESULT: {"using":"xpath","value":"//span[contains(text(), \"WebdriverYardjjtihg\")][contains(@id ,\"application-addressmanagement-display-component---detailAdm--addressDetailDetailsName1\")]"}
COMMAND: POST /session/ff9c51e966970fe267aa3fc7e83309b8/element - {"using":"xpath","value":"//span[contains(text(), \"WebdriverYardjjtihg\")][contains(@id ,\"application-addressmanagement-display-component---detailAdm--addressDetailDetailsName1\")]"}
RESULT: {"using":"xpath","value":"//span[contains(text(), \"WebdriverYardjjtihg\")][contains(@id ,\"application-addressmanagement-display-component---detailAdm--addressDetailDetailsName1\")]"}
COMMAND: POST /session/ff9c51e966970fe267aa3fc7e83309b8/element - {"using":"xpath","value":"//span[contains(text(), \"WebdriverYardjjtihg\")][contains(@id ,\"application-addressmanagement-display-component---detailAdm--addressDetailDetailsName1\")]"}
RESULT: {"using":"xpath","value":"//span[contains(text(), \"WebdriverYardjjtihg\")][contains(@id ,\"application-addressmanagement-display-component---detailAdm--addressDetailDetailsName1\")]"}
COMMAND: POST /session/ff9c51e966970fe267aa3fc7e83309b8/element - {"using":"xpath","value":"//span[contains(text(), \"WebdriverYardjjtihg\")][contains(@id ,\"application-addressmanagement-display-component---detailAdm--addressDetailDetailsName1\")]"}
RESULT: {"using":"xpath","value":"//span[contains(text(), \"WebdriverYardjjtihg\")][contains(@id ,\"application-addressmanagement-display-component---detailAdm--addressDetailDetailsName1\")]"}
COMMAND: POST /session/ff9c51e966970fe267aa3fc7e83309b8/element - {"using":"xpath","value":"//button[contains(@data-kt ,\"ContextMenuExternalId2Link\")]"}
RESULT: {"using":"xpath","value":"//button[contains(@data-kt ,\"ContextMenuExternalId2Link\")]"}
COMMAND: POST /session/ff9c51e966970fe267aa3fc7e83309b8/element/f.67BB6B77A8512A2D776A2BAF8724765E.d.B20D783216FE70362A42C17A29B041F6.e.3832/click - {}
RESULT: {}
COMMAND: POST /session/ff9c51e966970fe267aa3fc7e83309b8/element - {"using":"xpath","value":"//span[contains(text(), \"WebdriverYardjjtihg\")][contains(@id ,\"application-addressmanagement-display-component---detailAdm--addressDetailDetailsName1\")]"}
COMMAND: GET /session/ff9c51e966970fe267aa3fc7e83309b8/screenshot - {}
RESULT: {"using":"xpath","value":"//span[contains(text(), \"WebdriverYardjjtihg\")][contains(@id ,\"application-addressmanagement-display-component---detailAdm--addressDetailDetailsName1\")]"}
COMMAND: POST /session/ff9c51e966970fe267aa3fc7e83309b8/element - {"using":"xpath","value":"//span[contains(text(), \"WebdriverYardjjtihg\")][contains(@id ,\"application-addressmanagement-display-component---detailAdm--addressDetailDetailsName1\")]"}
RESULT: {}
RESULT: {"using":"xpath","value":"//span[contains(text(), \"WebdriverYardjjtihg\")][contains(@id ,\"application-addressmanagement-display-component---detailAdm--addressDetailDetailsName1\")]"}
COMMAND: GET /session/ff9c51e966970fe267aa3fc7e83309b8/window/handles - {}
COMMAND: POST /session/ff9c51e966970fe267aa3fc7e83309b8/element - {"using":"xpath","value":"//span[contains(text(), \"WebdriverYardjjtihg\")][contains(@id ,\"application-addressmanagement-display-component---detailAdm--addressDetailDetailsName1\")]"}
RESULT: {}
COMMAND: POST /session/ff9c51e966970fe267aa3fc7e83309b8/window - {"handle":"4C486D8B2ED9DFA23CF36D735559A3DF"}
RESULT: {"using":"xpath","value":"//span[contains(text(), \"WebdriverYardjjtihg\")][contains(@id ,\"application-addressmanagement-display-component---detailAdm--addressDetailDetailsName1\")]"}
RESULT: {"handle":"4C486D8B2ED9DFA23CF36D735559A3DF"}
COMMAND: GET /session/ff9c51e966970fe267aa3fc7e83309b8/url - {}
RESULT: {}
COMMAND: GET /session/ff9c51e966970fe267aa3fc7e83309b8/screenshot - {}
RESULT: {}
COMMAND: POST /session/ff9c51e966970fe267aa3fc7e83309b8/element - {"using":"xpath","value":"//span[contains(text(), \"WebdriverYardjjtihg\")][contains(@id ,\"application-addressmanagement-display-component---detailAdm--addressDetailDetailsName1\")]"}
RESULT: {"using":"xpath","value":"//span[contains(text(), \"WebdriverYardjjtihg\")][contains(@id ,\"application-addressmanagement-display-component---detailAdm--addressDetailDetailsName1\")]"}
COMMAND: POST /session/ff9c51e966970fe267aa3fc7e83309b8/element - {"using":"xpath","value":"//span[contains(text(), \"WebdriverYardjjtihg\")][contains(@id ,\"application-addressmanagement-display-component---detailAdm--addressDetailDetailsName1\")]"}
COMMAND: POST /session/ff9c51e966970fe267aa3fc7e83309b8/execute/sync - {"script":"<script> [8489 bytes]","args":[{"element-6066-11e4-a52e-4f735466cecf":"f.67BB6B77A8512A2D776A2BAF8724765E.d.B20D783216FE70362A42C17A29B041F6.e.3389","ELEMENT":"f.67BB6B77A8512A2D776A2BAF8724765E.d.B20D783216FE70362A42C17A29B041F6.e.3389"}]}
COMMAND: DELETE /session/ff9c51e966970fe267aa3fc7e83309b8/window - {}
RESULT: {"using":"xpath","value":"//span[contains(text(), \"WebdriverYardjjtihg\")][contains(@id ,\"application-addressmanagement-display-component---detailAdm--addressDetailDetailsName1\")]"}
RESULT: {}
COMMAND: POST /session/ff9c51e966970fe267aa3fc7e83309b8/window - {"handle":"67BB6B77A8512A2D776A2BAF8724765E"}
RESULT: {"handle":"67BB6B77A8512A2D776A2BAF8724765E"}
COMMAND: GET /session/ff9c51e966970fe267aa3fc7e83309b8/url - {}
COMMAND: POST /session/ff9c51e966970fe267aa3fc7e83309b8/element - {"using":"xpath","value":"//span[contains(@id ,\"title\")][contains(text(), \"WebdriverYardjsh9f\")]"}
RESULT: {}
COMMAND: GET /session/ff9c51e966970fe267aa3fc7e83309b8/screenshot - {}
COMMAND: POST /session/ff9c51e966970fe267aa3fc7e83309b8/element - {"using":"xpath","value":"//span[contains(text(), \"WebdriverYardjjtihg\")][contains(@id ,\"application-addressmanagement-display-component---detailAdm--addressDetailDetailsName1\")]"}
RESULT: {"using":"xpath","value":"//span[contains(@id ,\"title\")][contains(text(), \"WebdriverYardjsh9f\")]"}
COMMAND: POST /session/ff9c51e966970fe267aa3fc7e83309b8/execute/sync - {"script":"<script> [8489 bytes]","args":[{"element-6066-11e4-a52e-4f735466cecf":"f.67BB6B77A8512A2D776A2BAF8724765E.d.B20D783216FE70362A42C17A29B041F6.e.3893","ELEMENT":"f.67BB6B77A8512A2D776A2BAF8724765E.d.B20D783216FE70362A42C17A29B041F6.e.3893"}]}
RESULT: {}
RESULT: {"using":"xpath","value":"//span[contains(text(), \"WebdriverYardjjtihg\")][contains(@id ,\"application-addressmanagement-display-component---detailAdm--addressDetailDetailsName1\")]"}
RESULT: {"script":"<script> [8489 bytes]","args":[{"element-6066-11e4-a52e-4f735466cecf":"f.67BB6B77A8512A2D776A2BAF8724765E.d.B20D783216FE70362A42C17A29B041F6.e.3893","ELEMENT":"f.67BB6B77A8512A2D776A2BAF8724765E.d.B20D783216FE70362A42C17A29B041F6.e.3893"}]}
COMMAND: GET /session/ff9c51e966970fe267aa3fc7e83309b8/screenshot - {}
RESULT: {}
COMMAND: POST /session/ff9c51e966970fe267aa3fc7e83309b8/element - {"using":"xpath","value":"//span[contains(text(), \"WebdriverYardjjtihg\")][contains(@id ,\"application-addressmanagement-display-component---detailAdm--addressDetailDetailsName1\")]"}
RESULT: {"using":"xpath","value":"//span[contains(text(), \"WebdriverYardjjtihg\")][contains(@id ,\"application-addressmanagement-display-component---detailAdm--addressDetailDetailsName1\")]"}
COMMAND: POST /session/ff9c51e966970fe267aa3fc7e83309b8/element - {"using":"xpath","value":"//span[contains(text(), \"WebdriverYardjjtihg\")][contains(@id ,\"application-addressmanagement-display-component---detailAdm--addressDetailDetailsName1\")]"}
RESULT: {"using":"xpath","value":"//span[contains(text(), \"WebdriverYardjjtihg\")][contains(@id ,\"application-addressmanagement-display-component---detailAdm--addressDetailDetailsName1\")]"}
COMMAND: POST /session/ff9c51e966970fe267aa3fc7e83309b8/element - {"using":"xpath","value":"//span[contains(text(), \"WebdriverYardjjtihg\")][contains(@id ,\"application-addressmanagement-display-component---detailAdm--addressDetailDetailsName1\")]"}
RESULT: {"using":"xpath","value":"//span[contains(text(), \"WebdriverYardjjtihg\")][contains(@id ,\"application-addressmanagement-display-component---detailAdm--addressDetailDetailsName1\")]"}
COMMAND: POST /session/ff9c51e966970fe267aa3fc7e83309b8/element - {"using":"xpath","value":"//span[contains(text(), \"WebdriverYardjjtihg\")][contains(@id ,\"application-addressmanagement-display-component---detailAdm--addressDetailDetailsName1\")]"}
RESULT: {"using":"xpath","value":"//span[contains(text(), \"WebdriverYardjjtihg\")][contains(@id ,\"application-addressmanagement-display-component---detailAdm--addressDetailDetailsName1\")]"}
COMMAND: POST /session/ff9c51e966970fe267aa3fc7e83309b8/element - {"using":"xpath","value":"//span[contains(text(), \"WebdriverYardjjtihg\")][contains(@id ,\"application-addressmanagement-display-component---detailAdm--addressDetailDetailsName1\")]"}
RESULT: {"using":"xpath","value":"//span[contains(text(), \"WebdriverYardjjtihg\")][contains(@id ,\"application-addressmanagement-display-component---detailAdm--addressDetailDetailsName1\")]"}
COMMAND: POST /session/ff9c51e966970fe267aa3fc7e83309b8/element - {"using":"xpath","value":"//span[contains(text(), \"WebdriverYardjjtihg\")][contains(@id ,\"application-addressmanagement-display-component---detailAdm--addressDetailDetailsName1\")]"}
RESULT: {"using":"xpath","value":"//span[contains(text(), \"WebdriverYardjjtihg\")][contains(@id ,\"application-addressmanagement-display-component---detailAdm--addressDetailDetailsName1\")]"}
COMMAND: POST /session/ff9c51e966970fe267aa3fc7e83309b8/element - {"using":"xpath","value":"//span[contains(text(), \"WebdriverYardjjtihg\")][contains(@id ,\"application-addressmanagement-display-component---detailAdm--addressDetailDetailsName1\")]"}
RESULT: {"using":"xpath","value":"//span[contains(text(), \"WebdriverYardjjtihg\")][contains(@id ,\"application-addressmanagement-display-component---detailAdm--addressDetailDetailsName1\")]"}
COMMAND: POST /session/ff9c51e966970fe267aa3fc7e83309b8/element - {"using":"xpath","value":"//span[contains(text(), \"WebdriverYardjjtihg\")][contains(@id ,\"application-addressmanagement-display-component---detailAdm--addressDetailDetailsName1\")]"}
RESULT: {"using":"xpath","value":"//span[contains(text(), \"WebdriverYardjjtihg\")][contains(@id ,\"application-addressmanagement-display-component---detailAdm--addressDetailDetailsName1\")]"}
COMMAND: POST /session/ff9c51e966970fe267aa3fc7e83309b8/element - {"using":"xpath","value":"//button[contains(@data-kt ,\"ContextMenuExternalId3Link\")]"}
RESULT: {"using":"xpath","value":"//button[contains(@data-kt ,\"ContextMenuExternalId3Link\")]"}
COMMAND: POST /session/ff9c51e966970fe267aa3fc7e83309b8/element/f.67BB6B77A8512A2D776A2BAF8724765E.d.B20D783216FE70362A42C17A29B041F6.e.3894/click - {}
COMMAND: POST /session/ff9c51e966970fe267aa3fc7e83309b8/element - {"using":"xpath","value":"//span[contains(text(), \"WebdriverYardjjtihg\")][contains(@id ,\"application-addressmanagement-display-component---detailAdm--addressDetailDetailsName1\")]"}
RESULT: {}
COMMAND: GET /session/ff9c51e966970fe267aa3fc7e83309b8/screenshot - {}
RESULT: {"using":"xpath","value":"//span[contains(text(), \"WebdriverYardjjtihg\")][contains(@id ,\"application-addressmanagement-display-component---detailAdm--addressDetailDetailsName1\")]"}
COMMAND: POST /session/ff9c51e966970fe267aa3fc7e83309b8/element - {"using":"xpath","value":"//span[contains(text(), \"WebdriverYardjjtihg\")][contains(@id ,\"application-addressmanagement-display-component---detailAdm--addressDetailDetailsName1\")]"}
RESULT: {}
RESULT: {"using":"xpath","value":"//span[contains(text(), \"WebdriverYardjjtihg\")][contains(@id ,\"application-addressmanagement-display-component---detailAdm--addressDetailDetailsName1\")]"}
COMMAND: POST /session/ff9c51e966970fe267aa3fc7e83309b8/element - {"using":"xpath","value":"//span[contains(text(), \"WebdriverYardjjtihg\")][contains(@id ,\"application-addressmanagement-display-component---detailAdm--addressDetailDetailsName1\")]"}
RESULT: {"using":"xpath","value":"//span[contains(text(), \"WebdriverYardjjtihg\")][contains(@id ,\"application-addressmanagement-display-component---detailAdm--addressDetailDetailsName1\")]"}
COMMAND: POST /session/ff9c51e966970fe267aa3fc7e83309b8/element - {"using":"xpath","value":"//span[contains(text(), \"WebdriverYardjjtihg\")][contains(@id ,\"application-addressmanagement-display-component---detailAdm--addressDetailDetailsName1\")]"}
RESULT: {"using":"xpath","value":"//span[contains(text(), \"WebdriverYardjjtihg\")][contains(@id ,\"application-addressmanagement-display-component---detailAdm--addressDetailDetailsName1\")]"}
COMMAND: GET /session/ff9c51e966970fe267aa3fc7e83309b8/window/handles - {}
RESULT: {}
COMMAND: POST /session/ff9c51e966970fe267aa3fc7e83309b8/window - {"handle":"015B9DB7A00E2A4FB65CF793B1DF525F"}
RESULT: {"handle":"015B9DB7A00E2A4FB65CF793B1DF525F"}
COMMAND: GET /session/ff9c51e966970fe267aa3fc7e83309b8/url - {}
RESULT: {}
COMMAND: GET /session/ff9c51e966970fe267aa3fc7e83309b8/screenshot - {}
RESULT: {}
COMMAND: POST /session/ff9c51e966970fe267aa3fc7e83309b8/element - {"using":"xpath","value":"//span[contains(text(), \"WebdriverYardjjtihg\")][contains(@id ,\"application-addressmanagement-display-component---detailAdm--addressDetailDetailsName1\")]"}
COMMAND: DELETE /session/ff9c51e966970fe267aa3fc7e83309b8/window - {}
RESULT: {}
COMMAND: POST /session/ff9c51e966970fe267aa3fc7e83309b8/window - {"handle":"67BB6B77A8512A2D776A2BAF8724765E"}
RESULT: {"handle":"67BB6B77A8512A2D776A2BAF8724765E"}
COMMAND: GET /session/ff9c51e966970fe267aa3fc7e83309b8/url - {}
RESULT: {"using":"xpath","value":"//span[contains(text(), \"WebdriverYardjjtihg\")][contains(@id ,\"application-addressmanagement-display-component---detailAdm--addressDetailDetailsName1\")]"}
RESULT: {}
COMMAND: GET /session/ff9c51e966970fe267aa3fc7e83309b8/screenshot - {}
RESULT: {}
COMMAND: POST /session/ff9c51e966970fe267aa3fc7e83309b8/element - {"using":"xpath","value":"//span[contains(text(), \"WebdriverYardjjtihg\")][contains(@id ,\"application-addressmanagement-display-component---detailAdm--addressDetailDetailsName1\")]"}
RESULT: {"using":"xpath","value":"//span[contains(text(), \"WebdriverYardjjtihg\")][contains(@id ,\"application-addressmanagement-display-component---detailAdm--addressDetailDetailsName1\")]"}
COMMAND: POST /session/ff9c51e966970fe267aa3fc7e83309b8/element - {"using":"xpath","value":"//span[contains(text(), \"WebdriverYardjjtihg\")][contains(@id ,\"application-addressmanagement-display-component---detailAdm--addressDetailDetailsName1\")]"}
RESULT: {"using":"xpath","value":"//span[contains(text(), \"WebdriverYardjjtihg\")][contains(@id ,\"application-addressmanagement-display-component---detailAdm--addressDetailDetailsName1\")]"}
COMMAND: POST /session/ff9c51e966970fe267aa3fc7e83309b8/element - {"using":"xpath","value":"//span[contains(text(), \"WebdriverYardjjtihg\")][contains(@id ,\"application-addressmanagement-display-component---detailAdm--addressDetailDetailsName1\")]"}
RESULT: {"using":"xpath","value":"//span[contains(text(), \"WebdriverYardjjtihg\")][contains(@id ,\"application-addressmanagement-display-component---detailAdm--addressDetailDetailsName1\")]"}
COMMAND: POST /session/ff9c51e966970fe267aa3fc7e83309b8/element - {"using":"xpath","value":"//span[contains(text(), \"WebdriverYardjjtihg\")][contains(@id ,\"application-addressmanagement-display-component---detailAdm--addressDetailDetailsName1\")]"}
RESULT: {"using":"xpath","value":"//span[contains(text(), \"WebdriverYardjjtihg\")][contains(@id ,\"application-addressmanagement-display-component---detailAdm--addressDetailDetailsName1\")]"}
COMMAND: POST /session/ff9c51e966970fe267aa3fc7e83309b8/element - {"using":"xpath","value":"//span[contains(text(), \"WebdriverYardjjtihg\")][contains(@id ,\"application-addressmanagement-display-component---detailAdm--addressDetailDetailsName1\")]"}
RESULT: {"using":"xpath","value":"//span[contains(text(), \"WebdriverYardjjtihg\")][contains(@id ,\"application-addressmanagement-display-component---detailAdm--addressDetailDetailsName1\")]"}
COMMAND: POST /session/ff9c51e966970fe267aa3fc7e83309b8/element - {"using":"xpath","value":"//span[contains(text(), \"WebdriverYardjjtihg\")][contains(@id ,\"application-addressmanagement-display-component---detailAdm--addressDetailDetailsName1\")]"}
RESULT: {"using":"xpath","value":"//span[contains(text(), \"WebdriverYardjjtihg\")][contains(@id ,\"application-addressmanagement-display-component---detailAdm--addressDetailDetailsName1\")]"}
COMMAND: POST /session/ff9c51e966970fe267aa3fc7e83309b8/element - {"using":"xpath","value":"//span[contains(text(), \"WebdriverYardjjtihg\")][contains(@id ,\"application-addressmanagement-display-component---detailAdm--addressDetailDetailsName1\")]"}
RESULT: {"using":"xpath","value":"//span[contains(text(), \"WebdriverYardjjtihg\")][contains(@id ,\"application-addressmanagement-display-component---detailAdm--addressDetailDetailsName1\")]"}
COMMAND: POST /session/ff9c51e966970fe267aa3fc7e83309b8/element - {"using":"xpath","value":"//span[contains(text(), \"WebdriverYardjjtihg\")][contains(@id ,\"application-addressmanagement-display-component---detailAdm--addressDetailDetailsName1\")]"}
RESULT: {"using":"xpath","value":"//span[contains(text(), \"WebdriverYardjjtihg\")][contains(@id ,\"application-addressmanagement-display-component---detailAdm--addressDetailDetailsName1\")]"}
COMMAND: POST /session/ff9c51e966970fe267aa3fc7e83309b8/element - {"using":"xpath","value":"//span[contains(text(), \"WebdriverYardjjtihg\")][contains(@id ,\"application-addressmanagement-display-component---detailAdm--addressDetailDetailsName1\")]"}
RESULT: {"using":"xpath","value":"//span[contains(text(), \"WebdriverYardjjtihg\")][contains(@id ,\"application-addressmanagement-display-component---detailAdm--addressDetailDetailsName1\")]"}
COMMAND: POST /session/ff9c51e966970fe267aa3fc7e83309b8/element - {"using":"xpath","value":"//span[contains(text(), \"WebdriverYardjjtihg\")][contains(@id ,\"application-addressmanagement-display-component---detailAdm--addressDetailDetailsName1\")]"}
COMMAND: POST /session/ff9c51e966970fe267aa3fc7e83309b8/element - {"using":"xpath","value":"//*[contains(@data-kt ,\"webshopDetailSiteLink\")]"}
RESULT: {"using":"xpath","value":"//span[contains(text(), \"WebdriverYardjjtihg\")][contains(@id ,\"application-addressmanagement-display-component---detailAdm--addressDetailDetailsName1\")]"}
RESULT: {"using":"xpath","value":"//*[contains(@data-kt ,\"webshopDetailSiteLink\")]"}
COMMAND: POST /session/ff9c51e966970fe267aa3fc7e83309b8/element/f.67BB6B77A8512A2D776A2BAF8724765E.d.B20D783216FE70362A42C17A29B041F6.e.4084/click - {}
RESULT: {}
COMMAND: GET /session/ff9c51e966970fe267aa3fc7e83309b8/screenshot - {}
RESULT: {}
COMMAND: POST /session/ff9c51e966970fe267aa3fc7e83309b8/element - {"using":"xpath","value":"//span[contains(text(), \"WebdriverYardjjtihg\")][contains(@id ,\"application-addressmanagement-display-component---detailAdm--addressDetailDetailsName1\")]"}
RESULT: {"using":"xpath","value":"//span[contains(text(), \"WebdriverYardjjtihg\")][contains(@id ,\"application-addressmanagement-display-component---detailAdm--addressDetailDetailsName1\")]"}
COMMAND: POST /session/ff9c51e966970fe267aa3fc7e83309b8/element - {"using":"xpath","value":"//span[contains(text(), \"WebdriverYardjjtihg\")][contains(@id ,\"application-addressmanagement-display-component---detailAdm--addressDetailDetailsName1\")]"}
RESULT: {"using":"xpath","value":"//span[contains(text(), \"WebdriverYardjjtihg\")][contains(@id ,\"application-addressmanagement-display-component---detailAdm--addressDetailDetailsName1\")]"}
COMMAND: POST /session/ff9c51e966970fe267aa3fc7e83309b8/element - {"using":"xpath","value":"//span[contains(text(), \"WebdriverYardjjtihg\")][contains(@id ,\"application-addressmanagement-display-component---detailAdm--addressDetailDetailsName1\")]"}
RESULT: {"using":"xpath","value":"//span[contains(text(), \"WebdriverYardjjtihg\")][contains(@id ,\"application-addressmanagement-display-component---detailAdm--addressDetailDetailsName1\")]"}
COMMAND: POST /session/ff9c51e966970fe267aa3fc7e83309b8/element - {"using":"xpath","value":"//*[contains(@data-kt ,\"ContextMenuIdLink\")][contains(text(), \"Manage Site\")]"}
RESULT: {"using":"xpath","value":"//*[contains(@data-kt ,\"ContextMenuIdLink\")][contains(text(), \"Manage Site\")]"}
COMMAND: POST /session/ff9c51e966970fe267aa3fc7e83309b8/execute/sync - {"script":"<script> [8489 bytes]","args":[{"element-6066-11e4-a52e-4f735466cecf":"f.67BB6B77A8512A2D776A2BAF8724765E.d.B20D783216FE70362A42C17A29B041F6.e.4086","ELEMENT":"f.67BB6B77A8512A2D776A2BAF8724765E.d.B20D783216FE70362A42C17A29B041F6.e.4086"}]}
COMMAND: POST /session/ff9c51e966970fe267aa3fc7e83309b8/element - {"using":"xpath","value":"//*[contains(@data-kt ,\"ContextMenuId2Link\")][contains(text(), \"Site Overview\")]"}
RESULT: {"script":"<script> [8489 bytes]","args":[{"element-6066-11e4-a52e-4f735466cecf":"f.67BB6B77A8512A2D776A2BAF8724765E.d.B20D783216FE70362A42C17A29B041F6.e.4086","ELEMENT":"f.67BB6B77A8512A2D776A2BAF8724765E.d.B20D783216FE70362A42C17A29B041F6.e.4086"}]}
RESULT: {"using":"xpath","value":"//*[contains(@data-kt ,\"ContextMenuId2Link\")][contains(text(), \"Site Overview\")]"}
COMMAND: POST /session/ff9c51e966970fe267aa3fc7e83309b8/execute/sync - {"script":"<script> [8489 bytes]","args":[{"element-6066-11e4-a52e-4f735466cecf":"f.67BB6B77A8512A2D776A2BAF8724765E.d.B20D783216FE70362A42C17A29B041F6.e.4087","ELEMENT":"f.67BB6B77A8512A2D776A2BAF8724765E.d.B20D783216FE70362A42C17A29B041F6.e.4087"}]}
COMMAND: POST /session/ff9c51e966970fe267aa3fc7e83309b8/element - {"using":"xpath","value":"//*[contains(@data-kt ,\"ContextMenuId3Link\")][contains(text(), \"Site Main Address\")]"}
COMMAND: GET /session/ff9c51e966970fe267aa3fc7e83309b8/screenshot - {}
RESULT: {"script":"<script> [8489 bytes]","args":[{"element-6066-11e4-a52e-4f735466cecf":"f.67BB6B77A8512A2D776A2BAF8724765E.d.B20D783216FE70362A42C17A29B041F6.e.4087","ELEMENT":"f.67BB6B77A8512A2D776A2BAF8724765E.d.B20D783216FE70362A42C17A29B041F6.e.4087"}]}
COMMAND: GET /session/ff9c51e966970fe267aa3fc7e83309b8/screenshot - {}
COMMAND: POST /session/ff9c51e966970fe267aa3fc7e83309b8/element - {"using":"xpath","value":"//span[contains(text(), \"WebdriverYardjjtihg\")][contains(@id ,\"application-addressmanagement-display-component---detailAdm--addressDetailDetailsName1\")]"}
RESULT: {"using":"xpath","value":"//*[contains(@data-kt ,\"ContextMenuId3Link\")][contains(text(), \"Site Main Address\")]"}
COMMAND: POST /session/ff9c51e966970fe267aa3fc7e83309b8/execute/sync - {"script":"<script> [8489 bytes]","args":[{"element-6066-11e4-a52e-4f735466cecf":"f.67BB6B77A8512A2D776A2BAF8724765E.d.B20D783216FE70362A42C17A29B041F6.e.4088","ELEMENT":"f.67BB6B77A8512A2D776A2BAF8724765E.d.B20D783216FE70362A42C17A29B041F6.e.4088"}]}
COMMAND: POST /session/ff9c51e966970fe267aa3fc7e83309b8/element/f.67BB6B77A8512A2D776A2BAF8724765E.d.B20D783216FE70362A42C17A29B041F6.e.4086/click - {}
RESULT: {}
RESULT: {}
RESULT: {"using":"xpath","value":"//span[contains(text(), \"WebdriverYardjjtihg\")][contains(@id ,\"application-addressmanagement-display-component---detailAdm--addressDetailDetailsName1\")]"}
RESULT: {}
COMMAND: GET /session/ff9c51e966970fe267aa3fc7e83309b8/screenshot - {}
COMMAND: POST /session/ff9c51e966970fe267aa3fc7e83309b8/element - {"using":"xpath","value":"//span[contains(text(), \"WebdriverYardjjtihg\")][contains(@id ,\"application-addressmanagement-display-component---detailAdm--addressDetailDetailsName1\")]"}
COMMAND: POST /session/ff9c51e966970fe267aa3fc7e83309b8/element - {"using":"xpath","value":"//*[contains(@data-kt ,\"ContextMenuId3Link\")][contains(text(), \"Site Main Address\")]"}
RESULT: {}
RESULT: {"using":"xpath","value":"//span[contains(text(), \"WebdriverYardjjtihg\")][contains(@id ,\"application-addressmanagement-display-component---detailAdm--addressDetailDetailsName1\")]"}
RESULT: {"using":"xpath","value":"//*[contains(@data-kt ,\"ContextMenuId3Link\")][contains(text(), \"Site Main Address\")]"}
COMMAND: POST /session/ff9c51e966970fe267aa3fc7e83309b8/element - {"using":"xpath","value":"//*[contains(@data-kt ,\"ContextMenuId3Link\")][contains(text(), \"Site Main Address\")]"}
RESULT: {"using":"xpath","value":"//*[contains(@data-kt ,\"ContextMenuId3Link\")][contains(text(), \"Site Main Address\")]"}
COMMAND: POST /session/ff9c51e966970fe267aa3fc7e83309b8/element - {"using":"xpath","value":"//span[contains(text(), \"WebdriverYardjjtihg\")][contains(@id ,\"application-addressmanagement-display-component---detailAdm--addressDetailDetailsName1\")]"}
COMMAND: POST /session/ff9c51e966970fe267aa3fc7e83309b8/element - {"using":"xpath","value":"//*[contains(@data-kt ,\"ContextMenuId3Link\")][contains(text(), \"Site Main Address\")]"}
RESULT: {"using":"xpath","value":"//span[contains(text(), \"WebdriverYardjjtihg\")][contains(@id ,\"application-addressmanagement-display-component---detailAdm--addressDetailDetailsName1\")]"}
RESULT: {"using":"xpath","value":"//*[contains(@data-kt ,\"ContextMenuId3Link\")][contains(text(), \"Site Main Address\")]"}
COMMAND: POST /session/ff9c51e966970fe267aa3fc7e83309b8/element - {"using":"xpath","value":"//span[contains(text(), \"WebdriverYardjjtihg\")][contains(@id ,\"application-addressmanagement-display-component---detailAdm--addressDetailDetailsName1\")]"}
COMMAND: POST /session/ff9c51e966970fe267aa3fc7e83309b8/element - {"using":"xpath","value":"//*[contains(@data-kt ,\"ContextMenuId3Link\")][contains(text(), \"Site Main Address\")]"}
RESULT: {"using":"xpath","value":"//span[contains(text(), \"WebdriverYardjjtihg\")][contains(@id ,\"application-addressmanagement-display-component---detailAdm--addressDetailDetailsName1\")]"}
RESULT: {"using":"xpath","value":"//*[contains(@data-kt ,\"ContextMenuId3Link\")][contains(text(), \"Site Main Address\")]"}
COMMAND: POST /session/ff9c51e966970fe267aa3fc7e83309b8/element - {"using":"xpath","value":"//span[contains(text(), \"WebdriverYardjjtihg\")][contains(@id ,\"application-addressmanagement-display-component---detailAdm--addressDetailDetailsName1\")]"}
COMMAND: POST /session/ff9c51e966970fe267aa3fc7e83309b8/element - {"using":"xpath","value":"//*[contains(@data-kt ,\"ContextMenuId3Link\")][contains(text(), \"Site Main Address\")]"}
RESULT: {"using":"xpath","value":"//span[contains(text(), \"WebdriverYardjjtihg\")][contains(@id ,\"application-addressmanagement-display-component---detailAdm--addressDetailDetailsName1\")]"}
RESULT: {"using":"xpath","value":"//*[contains(@data-kt ,\"ContextMenuId3Link\")][contains(text(), \"Site Main Address\")]"}
COMMAND: POST /session/ff9c51e966970fe267aa3fc7e83309b8/element - {"using":"xpath","value":"//span[contains(text(), \"WebdriverYardjjtihg\")][contains(@id ,\"application-addressmanagement-display-component---detailAdm--addressDetailDetailsName1\")]"}
COMMAND: POST /session/ff9c51e966970fe267aa3fc7e83309b8/element - {"using":"xpath","value":"//*[contains(@data-kt ,\"ContextMenuId3Link\")][contains(text(), \"Site Main Address\")]"}
RESULT: {"using":"xpath","value":"//span[contains(text(), \"WebdriverYardjjtihg\")][contains(@id ,\"application-addressmanagement-display-component---detailAdm--addressDetailDetailsName1\")]"}
RESULT: {"using":"xpath","value":"//*[contains(@data-kt ,\"ContextMenuId3Link\")][contains(text(), \"Site Main Address\")]"}
COMMAND: POST /session/ff9c51e966970fe267aa3fc7e83309b8/element - {"using":"xpath","value":"//span[contains(text(), \"WebdriverYardjjtihg\")][contains(@id ,\"application-addressmanagement-display-component---detailAdm--addressDetailDetailsName1\")]"}
RESULT: {"using":"xpath","value":"//span[contains(text(), \"WebdriverYardjjtihg\")][contains(@id ,\"application-addressmanagement-display-component---detailAdm--addressDetailDetailsName1\")]"}
COMMAND: POST /session/ff9c51e966970fe267aa3fc7e83309b8/element - {"using":"xpath","value":"//*[contains(@data-kt ,\"ContextMenuId3Link\")][contains(text(), \"Site Main Address\")]"}
RESULT: {"using":"xpath","value":"//*[contains(@data-kt ,\"ContextMenuId3Link\")][contains(text(), \"Site Main Address\")]"}
COMMAND: POST /session/ff9c51e966970fe267aa3fc7e83309b8/element - {"using":"xpath","value":"//span[contains(text(), \"WebdriverYardjjtihg\")][contains(@id ,\"application-addressmanagement-display-component---detailAdm--addressDetailDetailsName1\")]"}
RESULT: {"using":"xpath","value":"//span[contains(text(), \"WebdriverYardjjtihg\")][contains(@id ,\"application-addressmanagement-display-component---detailAdm--addressDetailDetailsName1\")]"}
COMMAND: POST /session/ff9c51e966970fe267aa3fc7e83309b8/element - {"using":"xpath","value":"//*[contains(@data-kt ,\"ContextMenuId3Link\")][contains(text(), \"Site Main Address\")]"}
RESULT: {"using":"xpath","value":"//*[contains(@data-kt ,\"ContextMenuId3Link\")][contains(text(), \"Site Main Address\")]"}
COMMAND: POST /session/ff9c51e966970fe267aa3fc7e83309b8/element - {"using":"xpath","value":"//span[contains(text(), \"WebdriverYardjjtihg\")][contains(@id ,\"application-addressmanagement-display-component---detailAdm--addressDetailDetailsName1\")]"}
RESULT: {"using":"xpath","value":"//span[contains(text(), \"WebdriverYardjjtihg\")][contains(@id ,\"application-addressmanagement-display-component---detailAdm--addressDetailDetailsName1\")]"}
COMMAND: POST /session/ff9c51e966970fe267aa3fc7e83309b8/element - {"using":"xpath","value":"//*[contains(@data-kt ,\"ContextMenuId3Link\")][contains(text(), \"Site Main Address\")]"}
RESULT: {"using":"xpath","value":"//*[contains(@data-kt ,\"ContextMenuId3Link\")][contains(text(), \"Site Main Address\")]"}
COMMAND: POST /session/ff9c51e966970fe267aa3fc7e83309b8/element - {"using":"xpath","value":"//span[contains(text(), \"WebdriverYardjjtihg\")][contains(@id ,\"application-addressmanagement-display-component---detailAdm--addressDetailDetailsName1\")]"}
RESULT: {"using":"xpath","value":"//span[contains(text(), \"WebdriverYardjjtihg\")][contains(@id ,\"application-addressmanagement-display-component---detailAdm--addressDetailDetailsName1\")]"}
COMMAND: POST /session/ff9c51e966970fe267aa3fc7e83309b8/element - {"using":"xpath","value":"//*[contains(@data-kt ,\"ContextMenuId3Link\")][contains(text(), \"Site Main Address\")]"}
RESULT: {"using":"xpath","value":"//*[contains(@data-kt ,\"ContextMenuId3Link\")][contains(text(), \"Site Main Address\")]"}
COMMAND: POST /session/ff9c51e966970fe267aa3fc7e83309b8/execute/async - {"script":"<script> [1562 bytes]","args":[{"selector":{"controlType":"sap.m.Title","viewName":"etm.portal.ui.managesites.view.Master","viewId":"application-managesites-display-component---masterSite","i18NText":{"propertyName":"text","key":"sites"}},"wdio_ui5_key":"etmportal.ui.managesites.view.Mastersap.m.Title{\"propertyName\":\"text\",\"key\":\"sites\"}"}]}
COMMAND: POST /session/ff9c51e966970fe267aa3fc7e83309b8/element - {"using":"xpath","value":"//span[contains(text(), \"WebdriverYardjjtihg\")][contains(@id ,\"application-addressmanagement-display-component---detailAdm--addressDetailDetailsName1\")]"}
COMMAND: POST /session/ff9c51e966970fe267aa3fc7e83309b8/element - {"using":"xpath","value":"//*[contains(@data-kt ,\"ContextMenuId3Link\")][contains(text(), \"Site Main Address\")]"}
RESULT: {"script":"<script> [1562 bytes]","args":[{"selector":{"controlType":"sap.m.Title","viewName":"etm.portal.ui.managesites.view.Master","viewId":"application-managesites-display-component---masterSite","i18NText":{"propertyName":"text","key":"sites"}},"wdio_ui5_key":"etmportal.ui.managesites.view.Mastersap.m.Title{\"propertyName\":\"text\",\"key\":\"sites\"}"}]}
RESULT: undefined
COMMAND: POST /session/ff9c51e966970fe267aa3fc7e83309b8/execute/async - {"script":"<script> [6424 bytes]","args":[{"element-6066-11e4-a52e-4f735466cecf":"f.67BB6B77A8512A2D776A2BAF8724765E.d.B20D783216FE70362A42C17A29B041F6.e.4394"},"getText",[]]}
RESULT: {"using":"xpath","value":"//span[contains(text(), \"WebdriverYardjjtihg\")][contains(@id ,\"application-addressmanagement-display-component---detailAdm--addressDetailDetailsName1\")]"}
RESULT: {"using":"xpath","value":"//*[contains(@data-kt ,\"ContextMenuId3Link\")][contains(text(), \"Site Main Address\")]"}
RESULT: {"script":"<script> [6424 bytes]","args":[{"element-6066-11e4-a52e-4f735466cecf":"f.67BB6B77A8512A2D776A2BAF8724765E.d.B20D783216FE70362A42C17A29B041F6.e.4394"},"getText",[]]}
COMMAND: POST /session/ff9c51e966970fe267aa3fc7e83309b8/execute/async - {"script":"<script> [1562 bytes]","args":[{"selector":{"id":"application-managesites-display-component---detailSite--addressDetailDetailsName1"},"wdio_ui5_key":"applicationmanagesites-display-component---detailSite--addressDetailDetailsName1"}]}
COMMAND: POST /session/ff9c51e966970fe267aa3fc7e83309b8/element - {"using":"xpath","value":"//span[contains(text(), \"WebdriverYardjjtihg\")][contains(@id ,\"application-addressmanagement-display-component---detailAdm--addressDetailDetailsName1\")]"}
COMMAND: POST /session/ff9c51e966970fe267aa3fc7e83309b8/element - {"using":"xpath","value":"//*[contains(@data-kt ,\"ContextMenuId3Link\")][contains(text(), \"Site Main Address\")]"}
RESULT: {"script":"<script> [1562 bytes]","args":[{"selector":{"id":"application-managesites-display-component---detailSite--addressDetailDetailsName1"},"wdio_ui5_key":"applicationmanagesites-display-component---detailSite--addressDetailDetailsName1"}]}
RESULT: undefined
COMMAND: POST /session/ff9c51e966970fe267aa3fc7e83309b8/execute/async - {"script":"<script> [6424 bytes]","args":[{"element-6066-11e4-a52e-4f735466cecf":"f.67BB6B77A8512A2D776A2BAF8724765E.d.B20D783216FE70362A42C17A29B041F6.e.4138"},"getValue",[]]}
RESULT: {"using":"xpath","value":"//span[contains(text(), \"WebdriverYardjjtihg\")][contains(@id ,\"application-addressmanagement-display-component---detailAdm--addressDetailDetailsName1\")]"}
RESULT: {"using":"xpath","value":"//*[contains(@data-kt ,\"ContextMenuId3Link\")][contains(text(), \"Site Main Address\")]"}
RESULT: {"script":"<script> [6424 bytes]","args":[{"element-6066-11e4-a52e-4f735466cecf":"f.67BB6B77A8512A2D776A2BAF8724765E.d.B20D783216FE70362A42C17A29B041F6.e.4138"},"getValue",[]]}
RESULT: undefined
COMMAND: POST /session/ff9c51e966970fe267aa3fc7e83309b8/element - {"using":"xpath","value":"//*[@id=\"backBtn\"]"}
RESULT: {"using":"xpath","value":"//*[@id=\"backBtn\"]"}
COMMAND: POST /session/ff9c51e966970fe267aa3fc7e83309b8/element/f.67BB6B77A8512A2D776A2BAF8724765E.d.B20D783216FE70362A42C17A29B041F6.e.3233/click - {}
COMMAND: POST /session/ff9c51e966970fe267aa3fc7e83309b8/element - {"using":"xpath","value":"//span[contains(text(), \"WebdriverYardjjtihg\")][contains(@id ,\"application-addressmanagement-display-component---detailAdm--addressDetailDetailsName1\")]"}
COMMAND: POST /session/ff9c51e966970fe267aa3fc7e83309b8/element - {"using":"xpath","value":"//*[contains(@data-kt ,\"ContextMenuId3Link\")][contains(text(), \"Site Main Address\")]"}
RESULT: {}
COMMAND: GET /session/ff9c51e966970fe267aa3fc7e83309b8/screenshot - {}
RESULT: {"using":"xpath","value":"//span[contains(text(), \"WebdriverYardjjtihg\")][contains(@id ,\"application-addressmanagement-display-component---detailAdm--addressDetailDetailsName1\")]"}
RESULT: {"using":"xpath","value":"//*[contains(@data-kt ,\"ContextMenuId3Link\")][contains(text(), \"Site Main Address\")]"}
COMMAND: POST /session/ff9c51e966970fe267aa3fc7e83309b8/element - {"using":"xpath","value":"//span[contains(text(), \"WebdriverYardjjtihg\")][contains(@id ,\"application-addressmanagement-display-component---detailAdm--addressDetailDetailsName1\")]"}
COMMAND: POST /session/ff9c51e966970fe267aa3fc7e83309b8/element - {"using":"xpath","value":"//*[contains(@data-kt ,\"ContextMenuId3Link\")][contains(text(), \"Site Main Address\")]"}
RESULT: {}
RESULT: {"using":"xpath","value":"//span[contains(text(), \"WebdriverYardjjtihg\")][contains(@id ,\"application-addressmanagement-display-component---detailAdm--addressDetailDetailsName1\")]"}
RESULT: {"using":"xpath","value":"//*[contains(@data-kt ,\"ContextMenuId3Link\")][contains(text(), \"Site Main Address\")]"}
COMMAND: POST /session/ff9c51e966970fe267aa3fc7e83309b8/element - {"using":"xpath","value":"//span[contains(text(), \"WebdriverYardjjtihg\")][contains(@id ,\"application-addressmanagement-display-component---detailAdm--addressDetailDetailsName1\")]"}
COMMAND: POST /session/ff9c51e966970fe267aa3fc7e83309b8/element - {"using":"xpath","value":"//*[contains(@data-kt ,\"ContextMenuId3Link\")][contains(text(), \"Site Main Address\")]"}
RESULT: {"using":"xpath","value":"//span[contains(text(), \"WebdriverYardjjtihg\")][contains(@id ,\"application-addressmanagement-display-component---detailAdm--addressDetailDetailsName1\")]"}
RESULT: {"using":"xpath","value":"//*[contains(@data-kt ,\"ContextMenuId3Link\")][contains(text(), \"Site Main Address\")]"}
COMMAND: POST /session/ff9c51e966970fe267aa3fc7e83309b8/element - {"using":"xpath","value":"//span[contains(text(), \"WebdriverYardjjtihg\")][contains(@id ,\"application-addressmanagement-display-component---detailAdm--addressDetailDetailsName1\")]"}
COMMAND: POST /session/ff9c51e966970fe267aa3fc7e83309b8/element - {"using":"xpath","value":"//*[contains(@data-kt ,\"ContextMenuId3Link\")][contains(text(), \"Site Main Address\")]"}
RESULT: {"using":"xpath","value":"//span[contains(text(), \"WebdriverYardjjtihg\")][contains(@id ,\"application-addressmanagement-display-component---detailAdm--addressDetailDetailsName1\")]"}
RESULT: {"using":"xpath","value":"//*[contains(@data-kt ,\"ContextMenuId3Link\")][contains(text(), \"Site Main Address\")]"}
COMMAND: POST /session/ff9c51e966970fe267aa3fc7e83309b8/element - {"using":"xpath","value":"//span[contains(text(), \"WebdriverYardjjtihg\")][contains(@id ,\"application-addressmanagement-display-component---detailAdm--addressDetailDetailsName1\")]"}
COMMAND: POST /session/ff9c51e966970fe267aa3fc7e83309b8/element - {"using":"xpath","value":"//*[contains(@data-kt ,\"ContextMenuId3Link\")][contains(text(), \"Site Main Address\")]"}
RESULT: {"using":"xpath","value":"//span[contains(text(), \"WebdriverYardjjtihg\")][contains(@id ,\"application-addressmanagement-display-component---detailAdm--addressDetailDetailsName1\")]"}
RESULT: {"using":"xpath","value":"//*[contains(@data-kt ,\"ContextMenuId3Link\")][contains(text(), \"Site Main Address\")]"}
COMMAND: POST /session/ff9c51e966970fe267aa3fc7e83309b8/element - {"using":"xpath","value":"//span[contains(text(), \"WebdriverYardjjtihg\")][contains(@id ,\"application-addressmanagement-display-component---detailAdm--addressDetailDetailsName1\")]"}
COMMAND: POST /session/ff9c51e966970fe267aa3fc7e83309b8/element - {"using":"xpath","value":"//*[contains(@data-kt ,\"ContextMenuId3Link\")][contains(text(), \"Site Main Address\")]"}
RESULT: {"using":"xpath","value":"//span[contains(text(), \"WebdriverYardjjtihg\")][contains(@id ,\"application-addressmanagement-display-component---detailAdm--addressDetailDetailsName1\")]"}
RESULT: {"using":"xpath","value":"//*[contains(@data-kt ,\"ContextMenuId3Link\")][contains(text(), \"Site Main Address\")]"}
COMMAND: POST /session/ff9c51e966970fe267aa3fc7e83309b8/element - {"using":"xpath","value":"//span[contains(text(), \"WebdriverYardjjtihg\")][contains(@id ,\"application-addressmanagement-display-component---detailAdm--addressDetailDetailsName1\")]"}
RESULT: {"using":"xpath","value":"//span[contains(text(), \"WebdriverYardjjtihg\")][contains(@id ,\"application-addressmanagement-display-component---detailAdm--addressDetailDetailsName1\")]"}
COMMAND: POST /session/ff9c51e966970fe267aa3fc7e83309b8/element - {"using":"xpath","value":"//*[contains(@data-kt ,\"ContextMenuId3Link\")][contains(text(), \"Site Main Address\")]"}
RESULT: {"using":"xpath","value":"//*[contains(@data-kt ,\"ContextMenuId3Link\")][contains(text(), \"Site Main Address\")]"}
COMMAND: POST /session/ff9c51e966970fe267aa3fc7e83309b8/element - {"using":"xpath","value":"//span[contains(text(), \"WebdriverYardjjtihg\")][contains(@id ,\"application-addressmanagement-display-component---detailAdm--addressDetailDetailsName1\")]"}
COMMAND: POST /session/ff9c51e966970fe267aa3fc7e83309b8/element - {"using":"xpath","value":"//*[contains(@data-kt ,\"ContextMenuId3Link\")][contains(text(), \"Site Main Address\")]"}
RESULT: {"using":"xpath","value":"//span[contains(text(), \"WebdriverYardjjtihg\")][contains(@id ,\"application-addressmanagement-display-component---detailAdm--addressDetailDetailsName1\")]"}
RESULT: {"using":"xpath","value":"//*[contains(@data-kt ,\"ContextMenuId3Link\")][contains(text(), \"Site Main Address\")]"}
COMMAND: POST /session/ff9c51e966970fe267aa3fc7e83309b8/element - {"using":"xpath","value":"//span[contains(text(), \"WebdriverYardjjtihg\")][contains(@id ,\"application-addressmanagement-display-component---detailAdm--addressDetailDetailsName1\")]"}
COMMAND: POST /session/ff9c51e966970fe267aa3fc7e83309b8/element - {"using":"xpath","value":"//*[contains(@data-kt ,\"ContextMenuId3Link\")][contains(text(), \"Site Main Address\")]"}
RESULT: {"using":"xpath","value":"//span[contains(text(), \"WebdriverYardjjtihg\")][contains(@id ,\"application-addressmanagement-display-component---detailAdm--addressDetailDetailsName1\")]"}
RESULT: {"using":"xpath","value":"//*[contains(@data-kt ,\"ContextMenuId3Link\")][contains(text(), \"Site Main Address\")]"}
COMMAND: POST /session/ff9c51e966970fe267aa3fc7e83309b8/element - {"using":"xpath","value":"//span[contains(text(), \"WebdriverYardjjtihg\")][contains(@id ,\"application-addressmanagement-display-component---detailAdm--addressDetailDetailsName1\")]"}
COMMAND: POST /session/ff9c51e966970fe267aa3fc7e83309b8/element - {"using":"xpath","value":"//*[contains(@data-kt ,\"ContextMenuId3Link\")][contains(text(), \"Site Main Address\")]"}
RESULT: {"using":"xpath","value":"//span[contains(text(), \"WebdriverYardjjtihg\")][contains(@id ,\"application-addressmanagement-display-component---detailAdm--addressDetailDetailsName1\")]"}
RESULT: {"using":"xpath","value":"//*[contains(@data-kt ,\"ContextMenuId3Link\")][contains(text(), \"Site Main Address\")]"}
COMMAND: POST /session/ff9c51e966970fe267aa3fc7e83309b8/element - {"using":"xpath","value":"//span[contains(text(), \"WebdriverYardjjtihg\")][contains(@id ,\"application-addressmanagement-display-component---detailAdm--addressDetailDetailsName1\")]"}
COMMAND: POST /session/ff9c51e966970fe267aa3fc7e83309b8/element - {"using":"xpath","value":"//*[contains(@data-kt ,\"ContextMenuId3Link\")][contains(text(), \"Site Main Address\")]"}
RESULT: {"using":"xpath","value":"//span[contains(text(), \"WebdriverYardjjtihg\")][contains(@id ,\"application-addressmanagement-display-component---detailAdm--addressDetailDetailsName1\")]"}
RESULT: {"using":"xpath","value":"//*[contains(@data-kt ,\"ContextMenuId3Link\")][contains(text(), \"Site Main Address\")]"}
COMMAND: POST /session/ff9c51e966970fe267aa3fc7e83309b8/element - {"using":"xpath","value":"//*[contains(@data-kt ,\"webshopDetailSiteLink\")]"}
RESULT: {"using":"xpath","value":"//*[contains(@data-kt ,\"webshopDetailSiteLink\")]"}
COMMAND: POST /session/ff9c51e966970fe267aa3fc7e83309b8/element/f.67BB6B77A8512A2D776A2BAF8724765E.d.B20D783216FE70362A42C17A29B041F6.e.4546/click - {}
RESULT: {}
COMMAND: GET /session/ff9c51e966970fe267aa3fc7e83309b8/screenshot - {}
RESULT: {}
COMMAND: POST /session/ff9c51e966970fe267aa3fc7e83309b8/element - {"using":"xpath","value":"//span[contains(text(), \"WebdriverYardjjtihg\")][contains(@id ,\"application-addressmanagement-display-component---detailAdm--addressDetailDetailsName1\")]"}
RESULT: {"using":"xpath","value":"//span[contains(text(), \"WebdriverYardjjtihg\")][contains(@id ,\"application-addressmanagement-display-component---detailAdm--addressDetailDetailsName1\")]"}
COMMAND: POST /session/ff9c51e966970fe267aa3fc7e83309b8/element - {"using":"xpath","value":"//*[contains(@data-kt ,\"ContextMenuId3Link\")][contains(text(), \"Site Main Address\")]"}
RESULT: {"using":"xpath","value":"//*[contains(@data-kt ,\"ContextMenuId3Link\")][contains(text(), \"Site Main Address\")]"}
COMMAND: POST /session/ff9c51e966970fe267aa3fc7e83309b8/execute/sync - {"script":"<script> [8489 bytes]","args":[{"element-6066-11e4-a52e-4f735466cecf":"f.67BB6B77A8512A2D776A2BAF8724765E.d.B20D783216FE70362A42C17A29B041F6.e.4549","ELEMENT":"f.67BB6B77A8512A2D776A2BAF8724765E.d.B20D783216FE70362A42C17A29B041F6.e.4549"}]}
RESULT: {"script":"<script> [8489 bytes]","args":[{"element-6066-11e4-a52e-4f735466cecf":"f.67BB6B77A8512A2D776A2BAF8724765E.d.B20D783216FE70362A42C17A29B041F6.e.4549","ELEMENT":"f.67BB6B77A8512A2D776A2BAF8724765E.d.B20D783216FE70362A42C17A29B041F6.e.4549"}]}
COMMAND: GET /session/ff9c51e966970fe267aa3fc7e83309b8/screenshot - {}
RESULT: {}
COMMAND: POST /session/ff9c51e966970fe267aa3fc7e83309b8/element - {"using":"xpath","value":"//span[contains(text(), \"WebdriverYardjjtihg\")][contains(@id ,\"application-addressmanagement-display-component---detailAdm--addressDetailDetailsName1\")]"}
RESULT: {"using":"xpath","value":"//span[contains(text(), \"WebdriverYardjjtihg\")][contains(@id ,\"application-addressmanagement-display-component---detailAdm--addressDetailDetailsName1\")]"}
COMMAND: POST /session/ff9c51e966970fe267aa3fc7e83309b8/element - {"using":"xpath","value":"//span[contains(text(), \"WebdriverYardjjtihg\")][contains(@id ,\"application-addressmanagement-display-component---detailAdm--addressDetailDetailsName1\")]"}
RESULT: {"using":"xpath","value":"//span[contains(text(), \"WebdriverYardjjtihg\")][contains(@id ,\"application-addressmanagement-display-component---detailAdm--addressDetailDetailsName1\")]"}
COMMAND: POST /session/ff9c51e966970fe267aa3fc7e83309b8/element - {"using":"xpath","value":"//span[contains(text(), \"WebdriverYardjjtihg\")][contains(@id ,\"application-addressmanagement-display-component---detailAdm--addressDetailDetailsName1\")]"}
RESULT: {"using":"xpath","value":"//span[contains(text(), \"WebdriverYardjjtihg\")][contains(@id ,\"application-addressmanagement-display-component---detailAdm--addressDetailDetailsName1\")]"}
COMMAND: POST /session/ff9c51e966970fe267aa3fc7e83309b8/element/f.67BB6B77A8512A2D776A2BAF8724765E.d.B20D783216FE70362A42C17A29B041F6.e.4087/click - {}
COMMAND: POST /session/ff9c51e966970fe267aa3fc7e83309b8/element - {"using":"xpath","value":"//*[contains(@data-kt ,\"ContextMenuId2Link\")][contains(text(), \"Site Overview\")]"}
RESULT: {"using":"xpath","value":"//*[contains(@data-kt ,\"ContextMenuId2Link\")][contains(text(), \"Site Overview\")]"}
COMMAND: POST /session/ff9c51e966970fe267aa3fc7e83309b8/element/f.67BB6B77A8512A2D776A2BAF8724765E.d.B20D783216FE70362A42C17A29B041F6.e.4087/click - {}
COMMAND: POST /session/ff9c51e966970fe267aa3fc7e83309b8/element - {"using":"xpath","value":"//*[contains(@data-kt ,\"ContextMenuId2Link\")][contains(text(), \"Site Overview\")]"}
RESULT: {"using":"xpath","value":"//*[contains(@data-kt ,\"ContextMenuId2Link\")][contains(text(), \"Site Overview\")]"}
COMMAND: POST /session/ff9c51e966970fe267aa3fc7e83309b8/element/f.67BB6B77A8512A2D776A2BAF8724765E.d.B20D783216FE70362A42C17A29B041F6.e.4550/click - {}
COMMAND: POST /session/ff9c51e966970fe267aa3fc7e83309b8/element - {"using":"xpath","value":"//span[contains(text(), \"WebdriverYardjjtihg\")][contains(@id ,\"application-addressmanagement-display-component---detailAdm--addressDetailDetailsName1\")]"}
RESULT: {}
COMMAND: GET /session/ff9c51e966970fe267aa3fc7e83309b8/screenshot - {}
RESULT: {"using":"xpath","value":"//span[contains(text(), \"WebdriverYardjjtihg\")][contains(@id ,\"application-addressmanagement-display-component---detailAdm--addressDetailDetailsName1\")]"}
RESULT: {}
COMMAND: POST /session/ff9c51e966970fe267aa3fc7e83309b8/element - {"using":"xpath","value":"//span[contains(text(), \"WebdriverYardjjtihg\")][contains(@id ,\"application-addressmanagement-display-component---detailAdm--addressDetailDetailsName1\")]"}
RESULT: {"using":"xpath","value":"//span[contains(text(), \"WebdriverYardjjtihg\")][contains(@id ,\"application-addressmanagement-display-component---detailAdm--addressDetailDetailsName1\")]"}
COMMAND: POST /session/ff9c51e966970fe267aa3fc7e83309b8/element - {"using":"xpath","value":"//span[contains(text(), \"WebdriverYardjjtihg\")][contains(@id ,\"application-addressmanagement-display-component---detailAdm--addressDetailDetailsName1\")]"}
RESULT: {"using":"xpath","value":"//span[contains(text(), \"WebdriverYardjjtihg\")][contains(@id ,\"application-addressmanagement-display-component---detailAdm--addressDetailDetailsName1\")]"}
COMMAND: POST /session/ff9c51e966970fe267aa3fc7e83309b8/element - {"using":"xpath","value":"//span[contains(text(), \"WebdriverYardjjtihg\")][contains(@id ,\"application-addressmanagement-display-component---detailAdm--addressDetailDetailsName1\")]"}
RESULT: undefined
COMMAND: POST /session/ff9c51e966970fe267aa3fc7e83309b8/execute/async - {"script":"<script> [6424 bytes]","args":[{"element-6066-11e4-a52e-4f735466cecf":"f.67BB6B77A8512A2D776A2BAF8724765E.d.B20D783216FE70362A42C17A29B041F6.e.3231"},"getTitle",[]]}
RESULT: {"using":"xpath","value":"//span[contains(text(), \"WebdriverYardjjtihg\")][contains(@id ,\"application-addressmanagement-display-component---detailAdm--addressDetailDetailsName1\")]"}
COMMAND: POST /session/ff9c51e966970fe267aa3fc7e83309b8/execute/async - {"script":"<script> [1562 bytes]","args":[{"selector":{"id":"shellAppTitle"},"wdio_ui5_key":"shellAppTitle"}]}
COMMAND: POST /session/ff9c51e966970fe267aa3fc7e83309b8/element - {"using":"xpath","value":"//span[contains(text(), \"WebdriverYardjjtihg\")][contains(@id ,\"application-addressmanagement-display-component---detailAdm--addressDetailDetailsName1\")]"}
RESULT: {"script":"<script> [1562 bytes]","args":[{"selector":{"id":"shellAppTitle"},"wdio_ui5_key":"shellAppTitle"}]}
COMMAND: POST /session/ff9c51e966970fe267aa3fc7e83309b8/execute/async - {"script":"<script> [6424 bytes]","args":[{"element-6066-11e4-a52e-4f735466cecf":"f.67BB6B77A8512A2D776A2BAF8724765E.d.B20D783216FE70362A42C17A29B041F6.e.4631"},"getTitle",[]]}
RESULT: {"using":"xpath","value":"//span[contains(text(), \"WebdriverYardjjtihg\")][contains(@id ,\"application-addressmanagement-display-component---detailAdm--addressDetailDetailsName1\")]"}
RESULT: {"script":"<script> [6424 bytes]","args":[{"element-6066-11e4-a52e-4f735466cecf":"f.67BB6B77A8512A2D776A2BAF8724765E.d.B20D783216FE70362A42C17A29B041F6.e.4631"},"getTitle",[]]}
COMMAND: POST /session/ff9c51e966970fe267aa3fc7e83309b8/element - {"using":"xpath","value":"(//span[contains(text(), \"WebdriverSiter1smk\")])[2]"}
RESULT: {"using":"xpath","value":"(//span[contains(text(), \"WebdriverSiter1smk\")])[2]"}
COMMAND: POST /session/ff9c51e966970fe267aa3fc7e83309b8/execute/sync - {"script":"<script> [8489 bytes]","args":[{"element-6066-11e4-a52e-4f735466cecf":"f.67BB6B77A8512A2D776A2BAF8724765E.d.B20D783216FE70362A42C17A29B041F6.e.4632","ELEMENT":"f.67BB6B77A8512A2D776A2BAF8724765E.d.B20D783216FE70362A42C17A29B041F6.e.4632"}]}
RESULT: undefined
COMMAND: POST /session/ff9c51e966970fe267aa3fc7e83309b8/element - {"using":"xpath","value":"//*[@id=\"backBtn\"]"}
RESULT: {"script":"<script> [8489 bytes]","args":[{"element-6066-11e4-a52e-4f735466cecf":"f.67BB6B77A8512A2D776A2BAF8724765E.d.B20D783216FE70362A42C17A29B041F6.e.4632","ELEMENT":"f.67BB6B77A8512A2D776A2BAF8724765E.d.B20D783216FE70362A42C17A29B041F6.e.4632"}]}
COMMAND: GET /session/ff9c51e966970fe267aa3fc7e83309b8/screenshot - {}
RESULT: {"using":"xpath","value":"//*[@id=\"backBtn\"]"}
COMMAND: POST /session/ff9c51e966970fe267aa3fc7e83309b8/element/f.67BB6B77A8512A2D776A2BAF8724765E.d.B20D783216FE70362A42C17A29B041F6.e.3233/click - {}
RESULT: {}
RESULT: {}
COMMAND: GET /session/ff9c51e966970fe267aa3fc7e83309b8/screenshot - {}
RESULT: {}
COMMAND: POST /session/ff9c51e966970fe267aa3fc7e83309b8/element - {"using":"xpath","value":"//*[contains(@data-kt ,\"webshopDetailSiteLink\")]"}
RESULT: {"using":"xpath","value":"//*[contains(@data-kt ,\"webshopDetailSiteLink\")]"}
COMMAND: POST /session/ff9c51e966970fe267aa3fc7e83309b8/element/f.67BB6B77A8512A2D776A2BAF8724765E.d.B20D783216FE70362A42C17A29B041F6.e.4764/click - {}
RESULT: {}
COMMAND: GET /session/ff9c51e966970fe267aa3fc7e83309b8/screenshot - {}
RESULT: {}
COMMAND: POST /session/ff9c51e966970fe267aa3fc7e83309b8/element/f.67BB6B77A8512A2D776A2BAF8724765E.d.B20D783216FE70362A42C17A29B041F6.e.4549/click - {}
COMMAND: POST /session/ff9c51e966970fe267aa3fc7e83309b8/element - {"using":"xpath","value":"//*[contains(@data-kt ,\"ContextMenuId3Link\")][contains(text(), \"Site Main Address\")]"}
RESULT: {"using":"xpath","value":"//*[contains(@data-kt ,\"ContextMenuId3Link\")][contains(text(), \"Site Main Address\")]"}
COMMAND: POST /session/ff9c51e966970fe267aa3fc7e83309b8/element/f.67BB6B77A8512A2D776A2BAF8724765E.d.B20D783216FE70362A42C17A29B041F6.e.4549/click - {}
COMMAND: POST /session/ff9c51e966970fe267aa3fc7e83309b8/element - {"using":"xpath","value":"//*[contains(@data-kt ,\"ContextMenuId3Link\")][contains(text(), \"Site Main Address\")]"}
RESULT: {"using":"xpath","value":"//*[contains(@data-kt ,\"ContextMenuId3Link\")][contains(text(), \"Site Main Address\")]"}
COMMAND: POST /session/ff9c51e966970fe267aa3fc7e83309b8/element/f.67BB6B77A8512A2D776A2BAF8724765E.d.B20D783216FE70362A42C17A29B041F6.e.4766/click - {}
RESULT: {}
COMMAND: GET /session/ff9c51e966970fe267aa3fc7e83309b8/screenshot - {}
RESULT: {}
COMMAND: POST /session/ff9c51e966970fe267aa3fc7e83309b8/element - {"using":"xpath","value":"//span[contains(@id ,\"application-addressmanagement-display-component---masterAdm--title1-inner\")]"}
RESULT: {"using":"xpath","value":"//span[contains(@id ,\"application-addressmanagement-display-component---masterAdm--title1-inner\")]"}
COMMAND: GET /session/ff9c51e966970fe267aa3fc7e83309b8/element/f.67BB6B77A8512A2D776A2BAF8724765E.d.B20D783216FE70362A42C17A29B041F6.e.4965/text - {}
RESULT: {}
COMMAND: POST /session/ff9c51e966970fe267aa3fc7e83309b8/element - {"using":"xpath","value":"//span[contains(@id ,\"application-addressmanagement-display-component---detailAdm--addressDetailDetailsName1\")][contains(text(), \"WebdriverSiter1smk\")]"}
RESULT: {"using":"xpath","value":"//span[contains(@id ,\"application-addressmanagement-display-component---detailAdm--addressDetailDetailsName1\")][contains(text(), \"WebdriverSiter1smk\")]"}
COMMAND: POST /session/ff9c51e966970fe267aa3fc7e83309b8/execute/sync - {"script":"<script> [8489 bytes]","args":[{"element-6066-11e4-a52e-4f735466cecf":"f.67BB6B77A8512A2D776A2BAF8724765E.d.B20D783216FE70362A42C17A29B041F6.e.4966","ELEMENT":"f.67BB6B77A8512A2D776A2BAF8724765E.d.B20D783216FE70362A42C17A29B041F6.e.4966"}]}
RESULT: undefined
COMMAND: POST /session/ff9c51e966970fe267aa3fc7e83309b8/element - {"using":"xpath","value":"//*[@id=\"backBtn\"]"}
RESULT: {"using":"xpath","value":"//*[@id=\"backBtn\"]"}
COMMAND: POST /session/ff9c51e966970fe267aa3fc7e83309b8/element/f.67BB6B77A8512A2D776A2BAF8724765E.d.B20D783216FE70362A42C17A29B041F6.e.3233/click - {}
RESULT: {"script":"<script> [8489 bytes]","args":[{"element-6066-11e4-a52e-4f735466cecf":"f.67BB6B77A8512A2D776A2BAF8724765E.d.B20D783216FE70362A42C17A29B041F6.e.4966","ELEMENT":"f.67BB6B77A8512A2D776A2BAF8724765E.d.B20D783216FE70362A42C17A29B041F6.e.4966"}]}
COMMAND: GET /session/ff9c51e966970fe267aa3fc7e83309b8/screenshot - {}
RESULT: {}
COMMAND: GET /session/ff9c51e966970fe267aa3fc7e83309b8/screenshot - {}
RESULT: {}
RESULT: {}
COMMAND: POST /session/ff9c51e966970fe267aa3fc7e83309b8/element - {"using":"xpath","value":"//*[contains(@data-kt ,\"webshopDetailSiteLink\")]"}
RESULT: {"using":"xpath","value":"//*[contains(@data-kt ,\"webshopDetailSiteLink\")]"}
COMMAND: POST /session/ff9c51e966970fe267aa3fc7e83309b8/element/f.67BB6B77A8512A2D776A2BAF8724765E.d.B20D783216FE70362A42C17A29B041F6.e.5136/click - {}
RESULT: {}
COMMAND: GET /session/ff9c51e966970fe267aa3fc7e83309b8/screenshot - {}
RESULT: {}
COMMAND: POST /session/ff9c51e966970fe267aa3fc7e83309b8/element - {"using":"xpath","value":"//button[contains(@data-kt ,\"ContextMenuIdExternalLink\")]"}
RESULT: {"using":"xpath","value":"//button[contains(@data-kt ,\"ContextMenuIdExternalLink\")]"}
COMMAND: POST /session/ff9c51e966970fe267aa3fc7e83309b8/element/f.67BB6B77A8512A2D776A2BAF8724765E.d.B20D783216FE70362A42C17A29B041F6.e.5137/click - {}
RESULT: {}
COMMAND: GET /session/ff9c51e966970fe267aa3fc7e83309b8/screenshot - {}
RESULT: {}
COMMAND: GET /session/ff9c51e966970fe267aa3fc7e83309b8/window/handles - {}
RESULT: {}
COMMAND: POST /session/ff9c51e966970fe267aa3fc7e83309b8/window - {"handle":"8B948FEBC2187DF2612ED2F0CC29E436"}
RESULT: {"handle":"8B948FEBC2187DF2612ED2F0CC29E436"}
COMMAND: GET /session/ff9c51e966970fe267aa3fc7e83309b8/url - {}
RESULT: {}
COMMAND: DELETE /session/ff9c51e966970fe267aa3fc7e83309b8/window - {}
COMMAND: GET /session/ff9c51e966970fe267aa3fc7e83309b8/screenshot - {}
RESULT: {}
COMMAND: POST /session/ff9c51e966970fe267aa3fc7e83309b8/window - {"handle":"67BB6B77A8512A2D776A2BAF8724765E"}
RESULT: {"handle":"67BB6B77A8512A2D776A2BAF8724765E"}
COMMAND: GET /session/ff9c51e966970fe267aa3fc7e83309b8/url - {}
RESULT: {}
RESULT: {}
COMMAND: GET /session/ff9c51e966970fe267aa3fc7e83309b8/screenshot - {}
COMMAND: POST /session/ff9c51e966970fe267aa3fc7e83309b8/element - {"using":"xpath","value":"//button[contains(@data-kt ,\"ContextMenuExternalId2Link\")]"}
RESULT: {}
RESULT: {"using":"xpath","value":"//button[contains(@data-kt ,\"ContextMenuExternalId2Link\")]"}
COMMAND: POST /session/ff9c51e966970fe267aa3fc7e83309b8/element/f.67BB6B77A8512A2D776A2BAF8724765E.d.B20D783216FE70362A42C17A29B041F6.e.5375/click - {}
RESULT: {}
COMMAND: GET /session/ff9c51e966970fe267aa3fc7e83309b8/screenshot - {}
RESULT: {}
COMMAND: GET /session/ff9c51e966970fe267aa3fc7e83309b8/window/handles - {}
RESULT: {}
COMMAND: POST /session/ff9c51e966970fe267aa3fc7e83309b8/window - {"handle":"C5F42F5B8D176FC9AB11E51DF9BCF01A"}
RESULT: {"handle":"C5F42F5B8D176FC9AB11E51DF9BCF01A"}
COMMAND: GET /session/ff9c51e966970fe267aa3fc7e83309b8/url - {}
RESULT: {}
COMMAND: GET /session/ff9c51e966970fe267aa3fc7e83309b8/screenshot - {}
RESULT: {}
COMMAND: POST /session/ff9c51e966970fe267aa3fc7e83309b8/execute/sync - {"script":"<script> [8489 bytes]","args":[{"element-6066-11e4-a52e-4f735466cecf":"f.67BB6B77A8512A2D776A2BAF8724765E.d.B20D783216FE70362A42C17A29B041F6.e.4632","ELEMENT":"f.67BB6B77A8512A2D776A2BAF8724765E.d.B20D783216FE70362A42C17A29B041F6.e.4632"}]}
COMMAND: DELETE /session/ff9c51e966970fe267aa3fc7e83309b8/window - {}
RESULT: {}
COMMAND: POST /session/ff9c51e966970fe267aa3fc7e83309b8/window - {"handle":"67BB6B77A8512A2D776A2BAF8724765E"}
RESULT: {"handle":"67BB6B77A8512A2D776A2BAF8724765E"}
COMMAND: GET /session/ff9c51e966970fe267aa3fc7e83309b8/url - {}
COMMAND: POST /session/ff9c51e966970fe267aa3fc7e83309b8/element - {"using":"xpath","value":"(//span[contains(text(), \"WebdriverSiter1smk\")])[2]"}
RESULT: {}
COMMAND: GET /session/ff9c51e966970fe267aa3fc7e83309b8/screenshot - {}
RESULT: {"using":"xpath","value":"(//span[contains(text(), \"WebdriverSiter1smk\")])[2]"}
COMMAND: POST /session/ff9c51e966970fe267aa3fc7e83309b8/element - {"using":"xpath","value":"(//span[contains(text(), \"WebdriverSiter1smk\")])[2]"}
RESULT: {}
RESULT: {"using":"xpath","value":"(//span[contains(text(), \"WebdriverSiter1smk\")])[2]"}
COMMAND: POST /session/ff9c51e966970fe267aa3fc7e83309b8/element - {"using":"xpath","value":"(//span[contains(text(), \"WebdriverSiter1smk\")])[2]"}
RESULT: {"using":"xpath","value":"(//span[contains(text(), \"WebdriverSiter1smk\")])[2]"}
COMMAND: POST /session/ff9c51e966970fe267aa3fc7e83309b8/element - {"using":"xpath","value":"(//span[contains(text(), \"WebdriverSiter1smk\")])[2]"}
RESULT: {"using":"xpath","value":"(//span[contains(text(), \"WebdriverSiter1smk\")])[2]"}
COMMAND: POST /session/ff9c51e966970fe267aa3fc7e83309b8/element - {"using":"xpath","value":"(//span[contains(text(), \"WebdriverSiter1smk\")])[2]"}
RESULT: {"using":"xpath","value":"(//span[contains(text(), \"WebdriverSiter1smk\")])[2]"}
COMMAND: POST /session/ff9c51e966970fe267aa3fc7e83309b8/element - {"using":"xpath","value":"(//span[contains(text(), \"WebdriverSiter1smk\")])[2]"}
RESULT: {"using":"xpath","value":"(//span[contains(text(), \"WebdriverSiter1smk\")])[2]"}
COMMAND: POST /session/ff9c51e966970fe267aa3fc7e83309b8/element - {"using":"xpath","value":"(//span[contains(text(), \"WebdriverSiter1smk\")])[2]"}
RESULT: {"using":"xpath","value":"(//span[contains(text(), \"WebdriverSiter1smk\")])[2]"}
COMMAND: POST /session/ff9c51e966970fe267aa3fc7e83309b8/element - {"using":"xpath","value":"(//span[contains(text(), \"WebdriverSiter1smk\")])[2]"}
RESULT: {"using":"xpath","value":"(//span[contains(text(), \"WebdriverSiter1smk\")])[2]"}
COMMAND: POST /session/ff9c51e966970fe267aa3fc7e83309b8/element - {"using":"xpath","value":"(//span[contains(text(), \"WebdriverSiter1smk\")])[2]"}
RESULT: {"using":"xpath","value":"(//span[contains(text(), \"WebdriverSiter1smk\")])[2]"}
COMMAND: POST /session/ff9c51e966970fe267aa3fc7e83309b8/element - {"using":"xpath","value":"(//span[contains(text(), \"WebdriverSiter1smk\")])[2]"}
RESULT: {"using":"xpath","value":"(//span[contains(text(), \"WebdriverSiter1smk\")])[2]"}
COMMAND: POST /session/ff9c51e966970fe267aa3fc7e83309b8/element - {"using":"xpath","value":"//*[contains(@data-kt ,\"webshopDetailSiteLink\")]"}
RESULT: {"using":"xpath","value":"//*[contains(@data-kt ,\"webshopDetailSiteLink\")]"}
COMMAND: POST /session/ff9c51e966970fe267aa3fc7e83309b8/element/f.67BB6B77A8512A2D776A2BAF8724765E.d.B20D783216FE70362A42C17A29B041F6.e.5136/click - {}
RESULT: {}
COMMAND: GET /session/ff9c51e966970fe267aa3fc7e83309b8/screenshot - {}
COMMAND: POST /session/ff9c51e966970fe267aa3fc7e83309b8/element - {"using":"xpath","value":"(//span[contains(text(), \"WebdriverSiter1smk\")])[2]"}
RESULT: {}
RESULT: {"using":"xpath","value":"(//span[contains(text(), \"WebdriverSiter1smk\")])[2]"}
COMMAND: POST /session/ff9c51e966970fe267aa3fc7e83309b8/execute/sync - {"script":"<script> [8489 bytes]","args":[{"element-6066-11e4-a52e-4f735466cecf":"f.67BB6B77A8512A2D776A2BAF8724765E.d.B20D783216FE70362A42C17A29B041F6.e.5391","ELEMENT":"f.67BB6B77A8512A2D776A2BAF8724765E.d.B20D783216FE70362A42C17A29B041F6.e.5391"}]}
RESULT: {"script":"<script> [8489 bytes]","args":[{"element-6066-11e4-a52e-4f735466cecf":"f.67BB6B77A8512A2D776A2BAF8724765E.d.B20D783216FE70362A42C17A29B041F6.e.5391","ELEMENT":"f.67BB6B77A8512A2D776A2BAF8724765E.d.B20D783216FE70362A42C17A29B041F6.e.5391"}]}
COMMAND: GET /session/ff9c51e966970fe267aa3fc7e83309b8/screenshot - {}
RESULT: {}
COMMAND: POST /session/ff9c51e966970fe267aa3fc7e83309b8/element - {"using":"xpath","value":"(//button[contains(@data-kt ,\"ContextMenuExternalId3Link\")])[2]"}
RESULT: {"using":"xpath","value":"(//button[contains(@data-kt ,\"ContextMenuExternalId3Link\")])[2]"}
COMMAND: POST /session/ff9c51e966970fe267aa3fc7e83309b8/element/f.67BB6B77A8512A2D776A2BAF8724765E.d.B20D783216FE70362A42C17A29B041F6.e.5392/click - {}
RESULT: {}
COMMAND: GET /session/ff9c51e966970fe267aa3fc7e83309b8/screenshot - {}
RESULT: {}
COMMAND: GET /session/ff9c51e966970fe267aa3fc7e83309b8/window/handles - {}
RESULT: {}
COMMAND: POST /session/ff9c51e966970fe267aa3fc7e83309b8/window - {"handle":"88B924B333A39A9081289BA2F084EB28"}
RESULT: {"handle":"88B924B333A39A9081289BA2F084EB28"}
COMMAND: GET /session/ff9c51e966970fe267aa3fc7e83309b8/url - {}
RESULT: {}
COMMAND: GET /session/ff9c51e966970fe267aa3fc7e83309b8/screenshot - {}
RESULT: {}
COMMAND: POST /session/ff9c51e966970fe267aa3fc7e83309b8/execute/sync - {"script":"<script> [8489 bytes]","args":[{"element-6066-11e4-a52e-4f735466cecf":"f.67BB6B77A8512A2D776A2BAF8724765E.d.B20D783216FE70362A42C17A29B041F6.e.4966","ELEMENT":"f.67BB6B77A8512A2D776A2BAF8724765E.d.B20D783216FE70362A42C17A29B041F6.e.4966"}]}
RESULT: {"script":"<script> [8489 bytes]","args":[{"element-6066-11e4-a52e-4f735466cecf":"f.67BB6B77A8512A2D776A2BAF8724765E.d.B20D783216FE70362A42C17A29B041F6.e.4966","ELEMENT":"f.67BB6B77A8512A2D776A2BAF8724765E.d.B20D783216FE70362A42C17A29B041F6.e.4966"}]}
COMMAND: GET /session/ff9c51e966970fe267aa3fc7e83309b8/screenshot - {}
RESULT: {}
COMMAND: POST /session/ff9c51e966970fe267aa3fc7e83309b8/execute/sync - {"script":"<script> [8489 bytes]","args":[{"element-6066-11e4-a52e-4f735466cecf":"f.67BB6B77A8512A2D776A2BAF8724765E.d.B20D783216FE70362A42C17A29B041F6.e.4966","ELEMENT":"f.67BB6B77A8512A2D776A2BAF8724765E.d.B20D783216FE70362A42C17A29B041F6.e.4966"}]}
RESULT: {"script":"<script> [8489 bytes]","args":[{"element-6066-11e4-a52e-4f735466cecf":"f.67BB6B77A8512A2D776A2BAF8724765E.d.B20D783216FE70362A42C17A29B041F6.e.4966","ELEMENT":"f.67BB6B77A8512A2D776A2BAF8724765E.d.B20D783216FE70362A42C17A29B041F6.e.4966"}]}
COMMAND: GET /session/ff9c51e966970fe267aa3fc7e83309b8/screenshot - {}
RESULT: {}
COMMAND: POST /session/ff9c51e966970fe267aa3fc7e83309b8/execute/sync - {"script":"<script> [8489 bytes]","args":[{"element-6066-11e4-a52e-4f735466cecf":"f.67BB6B77A8512A2D776A2BAF8724765E.d.B20D783216FE70362A42C17A29B041F6.e.4966","ELEMENT":"f.67BB6B77A8512A2D776A2BAF8724765E.d.B20D783216FE70362A42C17A29B041F6.e.4966"}]}
RESULT: {"script":"<script> [8489 bytes]","args":[{"element-6066-11e4-a52e-4f735466cecf":"f.67BB6B77A8512A2D776A2BAF8724765E.d.B20D783216FE70362A42C17A29B041F6.e.4966","ELEMENT":"f.67BB6B77A8512A2D776A2BAF8724765E.d.B20D783216FE70362A42C17A29B041F6.e.4966"}]}
COMMAND: GET /session/ff9c51e966970fe267aa3fc7e83309b8/screenshot - {}
RESULT: {}
COMMAND: POST /session/ff9c51e966970fe267aa3fc7e83309b8/execute/sync - {"script":"<script> [8489 bytes]","args":[{"element-6066-11e4-a52e-4f735466cecf":"f.67BB6B77A8512A2D776A2BAF8724765E.d.B20D783216FE70362A42C17A29B041F6.e.4966","ELEMENT":"f.67BB6B77A8512A2D776A2BAF8724765E.d.B20D783216FE70362A42C17A29B041F6.e.4966"}]}
RESULT: {"script":"<script> [8489 bytes]","args":[{"element-6066-11e4-a52e-4f735466cecf":"f.67BB6B77A8512A2D776A2BAF8724765E.d.B20D783216FE70362A42C17A29B041F6.e.4966","ELEMENT":"f.67BB6B77A8512A2D776A2BAF8724765E.d.B20D783216FE70362A42C17A29B041F6.e.4966"}]}
COMMAND: GET /session/ff9c51e966970fe267aa3fc7e83309b8/screenshot - {}
RESULT: {}
COMMAND: POST /session/ff9c51e966970fe267aa3fc7e83309b8/execute/sync - {"script":"<script> [8489 bytes]","args":[{"element-6066-11e4-a52e-4f735466cecf":"f.67BB6B77A8512A2D776A2BAF8724765E.d.B20D783216FE70362A42C17A29B041F6.e.4966","ELEMENT":"f.67BB6B77A8512A2D776A2BAF8724765E.d.B20D783216FE70362A42C17A29B041F6.e.4966"}]}
RESULT: {"script":"<script> [8489 bytes]","args":[{"element-6066-11e4-a52e-4f735466cecf":"f.67BB6B77A8512A2D776A2BAF8724765E.d.B20D783216FE70362A42C17A29B041F6.e.4966","ELEMENT":"f.67BB6B77A8512A2D776A2BAF8724765E.d.B20D783216FE70362A42C17A29B041F6.e.4966"}]}
COMMAND: GET /session/ff9c51e966970fe267aa3fc7e83309b8/screenshot - {}
RESULT: {}
COMMAND: POST /session/ff9c51e966970fe267aa3fc7e83309b8/execute/sync - {"script":"<script> [8489 bytes]","args":[{"element-6066-11e4-a52e-4f735466cecf":"f.67BB6B77A8512A2D776A2BAF8724765E.d.B20D783216FE70362A42C17A29B041F6.e.4966","ELEMENT":"f.67BB6B77A8512A2D776A2BAF8724765E.d.B20D783216FE70362A42C17A29B041F6.e.4966"}]}
RESULT: {"script":"<script> [8489 bytes]","args":[{"element-6066-11e4-a52e-4f735466cecf":"f.67BB6B77A8512A2D776A2BAF8724765E.d.B20D783216FE70362A42C17A29B041F6.e.4966","ELEMENT":"f.67BB6B77A8512A2D776A2BAF8724765E.d.B20D783216FE70362A42C17A29B041F6.e.4966"}]}
COMMAND: GET /session/ff9c51e966970fe267aa3fc7e83309b8/screenshot - {}
RESULT: {}
COMMAND: POST /session/ff9c51e966970fe267aa3fc7e83309b8/execute/sync - {"script":"<script> [8489 bytes]","args":[{"element-6066-11e4-a52e-4f735466cecf":"f.67BB6B77A8512A2D776A2BAF8724765E.d.B20D783216FE70362A42C17A29B041F6.e.4966","ELEMENT":"f.67BB6B77A8512A2D776A2BAF8724765E.d.B20D783216FE70362A42C17A29B041F6.e.4966"}]}
RESULT: {"script":"<script> [8489 bytes]","args":[{"element-6066-11e4-a52e-4f735466cecf":"f.67BB6B77A8512A2D776A2BAF8724765E.d.B20D783216FE70362A42C17A29B041F6.e.4966","ELEMENT":"f.67BB6B77A8512A2D776A2BAF8724765E.d.B20D783216FE70362A42C17A29B041F6.e.4966"}]}
COMMAND: GET /session/ff9c51e966970fe267aa3fc7e83309b8/screenshot - {}
RESULT: {}
COMMAND: POST /session/ff9c51e966970fe267aa3fc7e83309b8/execute/sync - {"script":"<script> [8489 bytes]","args":[{"element-6066-11e4-a52e-4f735466cecf":"f.67BB6B77A8512A2D776A2BAF8724765E.d.B20D783216FE70362A42C17A29B041F6.e.4966","ELEMENT":"f.67BB6B77A8512A2D776A2BAF8724765E.d.B20D783216FE70362A42C17A29B041F6.e.4966"}]}
RESULT: {"script":"<script> [8489 bytes]","args":[{"element-6066-11e4-a52e-4f735466cecf":"f.67BB6B77A8512A2D776A2BAF8724765E.d.B20D783216FE70362A42C17A29B041F6.e.4966","ELEMENT":"f.67BB6B77A8512A2D776A2BAF8724765E.d.B20D783216FE70362A42C17A29B041F6.e.4966"}]}
COMMAND: GET /session/ff9c51e966970fe267aa3fc7e83309b8/screenshot - {}
RESULT: {}
COMMAND: POST /session/ff9c51e966970fe267aa3fc7e83309b8/execute/sync - {"script":"<script> [8489 bytes]","args":[{"element-6066-11e4-a52e-4f735466cecf":"f.67BB6B77A8512A2D776A2BAF8724765E.d.B20D783216FE70362A42C17A29B041F6.e.4966","ELEMENT":"f.67BB6B77A8512A2D776A2BAF8724765E.d.B20D783216FE70362A42C17A29B041F6.e.4966"}]}
RESULT: {"script":"<script> [8489 bytes]","args":[{"element-6066-11e4-a52e-4f735466cecf":"f.67BB6B77A8512A2D776A2BAF8724765E.d.B20D783216FE70362A42C17A29B041F6.e.4966","ELEMENT":"f.67BB6B77A8512A2D776A2BAF8724765E.d.B20D783216FE70362A42C17A29B041F6.e.4966"}]}
COMMAND: GET /session/ff9c51e966970fe267aa3fc7e83309b8/screenshot - {}
RESULT: {}
COMMAND: POST /session/ff9c51e966970fe267aa3fc7e83309b8/execute/sync - {"script":"<script> [8489 bytes]","args":[{"element-6066-11e4-a52e-4f735466cecf":"f.67BB6B77A8512A2D776A2BAF8724765E.d.B20D783216FE70362A42C17A29B041F6.e.4966","ELEMENT":"f.67BB6B77A8512A2D776A2BAF8724765E.d.B20D783216FE70362A42C17A29B041F6.e.4966"}]}
RESULT: {"script":"<script> [8489 bytes]","args":[{"element-6066-11e4-a52e-4f735466cecf":"f.67BB6B77A8512A2D776A2BAF8724765E.d.B20D783216FE70362A42C17A29B041F6.e.4966","ELEMENT":"f.67BB6B77A8512A2D776A2BAF8724765E.d.B20D783216FE70362A42C17A29B041F6.e.4966"}]}
COMMAND: GET /session/ff9c51e966970fe267aa3fc7e83309b8/screenshot - {}
COMMAND: DELETE /session/ff9c51e966970fe267aa3fc7e83309b8/window - {}
RESULT: {}
COMMAND: POST /session/ff9c51e966970fe267aa3fc7e83309b8/execute/sync - {"script":"<script> [8489 bytes]","args":[{"element-6066-11e4-a52e-4f735466cecf":"f.67BB6B77A8512A2D776A2BAF8724765E.d.B20D783216FE70362A42C17A29B041F6.e.4966","ELEMENT":"f.67BB6B77A8512A2D776A2BAF8724765E.d.B20D783216FE70362A42C17A29B041F6.e.4966"}]}
RESULT: {}
COMMAND: POST /session/ff9c51e966970fe267aa3fc7e83309b8/window - {"handle":"67BB6B77A8512A2D776A2BAF8724765E"}
RESULT: {"handle":"67BB6B77A8512A2D776A2BAF8724765E"}
COMMAND: GET /session/ff9c51e966970fe267aa3fc7e83309b8/url - {}
COMMAND: POST /session/ff9c51e966970fe267aa3fc7e83309b8/element - {"using":"xpath","value":"//span[contains(@id ,\"application-addressmanagement-display-component---detailAdm--addressDetailDetailsName1\")][contains(text(), \"WebdriverSiter1smk\")]"}
RESULT: {}
COMMAND: GET /session/ff9c51e966970fe267aa3fc7e83309b8/screenshot - {}
RESULT: {"using":"xpath","value":"//span[contains(@id ,\"application-addressmanagement-display-component---detailAdm--addressDetailDetailsName1\")][contains(text(), \"WebdriverSiter1smk\")]"}
COMMAND: POST /session/ff9c51e966970fe267aa3fc7e83309b8/element - {"using":"xpath","value":"//span[contains(@id ,\"application-addressmanagement-display-component---detailAdm--addressDetailDetailsName1\")][contains(text(), \"WebdriverSiter1smk\")]"}
RESULT: {}
RESULT: {"using":"xpath","value":"//span[contains(@id ,\"application-addressmanagement-display-component---detailAdm--addressDetailDetailsName1\")][contains(text(), \"WebdriverSiter1smk\")]"}
COMMAND: POST /session/ff9c51e966970fe267aa3fc7e83309b8/element - {"using":"xpath","value":"//span[contains(@id ,\"application-addressmanagement-display-component---detailAdm--addressDetailDetailsName1\")][contains(text(), \"WebdriverSiter1smk\")]"}
RESULT: {"using":"xpath","value":"//span[contains(@id ,\"application-addressmanagement-display-component---detailAdm--addressDetailDetailsName1\")][contains(text(), \"WebdriverSiter1smk\")]"}
COMMAND: POST /session/ff9c51e966970fe267aa3fc7e83309b8/element - {"using":"xpath","value":"//span[contains(@id ,\"application-addressmanagement-display-component---detailAdm--addressDetailDetailsName1\")][contains(text(), \"WebdriverSiter1smk\")]"}
RESULT: {"using":"xpath","value":"//span[contains(@id ,\"application-addressmanagement-display-component---detailAdm--addressDetailDetailsName1\")][contains(text(), \"WebdriverSiter1smk\")]"}
COMMAND: POST /session/ff9c51e966970fe267aa3fc7e83309b8/element - {"using":"xpath","value":"//span[contains(@id ,\"application-addressmanagement-display-component---detailAdm--addressDetailDetailsName1\")][contains(text(), \"WebdriverSiter1smk\")]"}
RESULT: {"using":"xpath","value":"//span[contains(@id ,\"application-addressmanagement-display-component---detailAdm--addressDetailDetailsName1\")][contains(text(), \"WebdriverSiter1smk\")]"}
COMMAND: POST /session/ff9c51e966970fe267aa3fc7e83309b8/element - {"using":"xpath","value":"//span[contains(@id ,\"application-addressmanagement-display-component---detailAdm--addressDetailDetailsName1\")][contains(text(), \"WebdriverSiter1smk\")]"}
RESULT: {"using":"xpath","value":"//span[contains(@id ,\"application-addressmanagement-display-component---detailAdm--addressDetailDetailsName1\")][contains(text(), \"WebdriverSiter1smk\")]"}
COMMAND: POST /session/ff9c51e966970fe267aa3fc7e83309b8/element - {"using":"xpath","value":"//span[contains(@id ,\"application-addressmanagement-display-component---detailAdm--addressDetailDetailsName1\")][contains(text(), \"WebdriverSiter1smk\")]"}
RESULT: {"using":"xpath","value":"//span[contains(@id ,\"application-addressmanagement-display-component---detailAdm--addressDetailDetailsName1\")][contains(text(), \"WebdriverSiter1smk\")]"}
COMMAND: POST /session/ff9c51e966970fe267aa3fc7e83309b8/element - {"using":"xpath","value":"//span[contains(@id ,\"application-addressmanagement-display-component---detailAdm--addressDetailDetailsName1\")][contains(text(), \"WebdriverSiter1smk\")]"}
RESULT: {"using":"xpath","value":"//span[contains(@id ,\"application-addressmanagement-display-component---detailAdm--addressDetailDetailsName1\")][contains(text(), \"WebdriverSiter1smk\")]"}
COMMAND: POST /session/ff9c51e966970fe267aa3fc7e83309b8/element - {"using":"xpath","value":"//span[contains(@id ,\"application-addressmanagement-display-component---detailAdm--addressDetailDetailsName1\")][contains(text(), \"WebdriverSiter1smk\")]"}
RESULT: {"using":"xpath","value":"//span[contains(@id ,\"application-addressmanagement-display-component---detailAdm--addressDetailDetailsName1\")][contains(text(), \"WebdriverSiter1smk\")]"}
]]></system-out>
    </testcase>
  </testsuite>
  <testsuite timestamp="2025-05-02T16:21:12" time="39.828" tests="1" failures="1" errors="1" skipped="0">
    <properties>
      <property name="specId" value="0" />
      <property name="suiteName" value="Webshop - Hyperlinks visible and working properly  US139085" />
      <property name="capabilities" value="chrome.135_0_7049_96.windows" />
      <property name="file" value="file:///D:/a/1/s/test/specs/R2C/webshop-hyperlinks-partner-address-contract-item.spec.js" />
    </properties>
  </testsuite>
</testsuites>