<?xml version="1.0" encoding="UTF-8"?>
<testsuites tests="48" failures="0" errors="0" skipped="0">
  <testsuite timestamp="2025-05-14T17:23:43" time="1090.87" tests="12" failures="0" errors="0" skipped="0">
    <properties>
      <property name="specId" value="0" />
      <property name="suiteName" value="Billing Transfer - Master data &amp; Intercompany US127250" />
      <property name="capabilities" value="chrome.136_0_7103_49.windows" />
      <property name="file" value="file:///D:/a/1/s/test/specs/BTS/billing-transfer-intercompany.spec.js" />
    </properties>
    <testcase classname="chrome.136_0_7103_49.windows.Billing_Transfer_-_Master_data_&amp;_Intercompany_US127250" name="Should create a new yard" time="123.759">
      <system-out><![CDATA[
COMMAND: POST /session/416ca3a003057b96434a2425fa5e92e2/window/fullscreen - {}
RESULT: {}
COMMAND: POST /session/416ca3a003057b96434a2425fa5e92e2/execute/async - {"script":"<script> [1562 bytes]","args":[{"selector":{"controlType":"sap.m.GenericTile","properties":{"header":"Manage Yards"}},"wdio_ui5_key":"sapm.GenericTile{\"header\":\"Manage Yards\"}"}]}
RESULT: {"script":"<script> [1562 bytes]","args":[{"selector":{"controlType":"sap.m.GenericTile","properties":{"header":"Manage Yards"}},"wdio_ui5_key":"sapm.GenericTile{\"header\":\"Manage Yards\"}"}]}
RESULT: undefined
COMMAND: POST /session/416ca3a003057b96434a2425fa5e92e2/element - {"using":"xpath","value":"//*[@id=\"__tile41\"]"}
RESULT: {"using":"xpath","value":"//*[@id=\"__tile41\"]"}
COMMAND: POST /session/416ca3a003057b96434a2425fa5e92e2/element/f.E04F53A89B741A5C45B2DD6DE3A1F810.d.0C7F5FE4232204CBF0552978D98421D3.e.151/click - {}
RESULT: {}
COMMAND: GET /session/416ca3a003057b96434a2425fa5e92e2/screenshot - {}
RESULT: {}
COMMAND: POST /session/416ca3a003057b96434a2425fa5e92e2/elements - {"using":"xpath","value":"//span[text()='Error']"}
RESULT: {"using":"xpath","value":"//span[text()='Error']"}
COMMAND: POST /session/416ca3a003057b96434a2425fa5e92e2/element - {"using":"xpath","value":"//button[@data-kt=\"addNewYardOverflowToolbarButton\"]"}
RESULT: {"using":"xpath","value":"//button[@data-kt=\"addNewYardOverflowToolbarButton\"]"}
COMMAND: POST /session/416ca3a003057b96434a2425fa5e92e2/elements - {"using":"xpath","value":"//button[@data-kt=\"addNewYardOverflowToolbarButton\"]"}
RESULT: {"using":"xpath","value":"//button[@data-kt=\"addNewYardOverflowToolbarButton\"]"}
COMMAND: POST /session/416ca3a003057b96434a2425fa5e92e2/elements - {"using":"xpath","value":"//button[@data-kt=\"addNewYardOverflowToolbarButton\"]"}
RESULT: {"using":"xpath","value":"//button[@data-kt=\"addNewYardOverflowToolbarButton\"]"}
COMMAND: POST /session/416ca3a003057b96434a2425fa5e92e2/elements - {"using":"xpath","value":"//button[@data-kt=\"addNewYardOverflowToolbarButton\"]"}
RESULT: {"using":"xpath","value":"//button[@data-kt=\"addNewYardOverflowToolbarButton\"]"}
COMMAND: POST /session/416ca3a003057b96434a2425fa5e92e2/elements - {"using":"xpath","value":"//button[@data-kt=\"addNewYardOverflowToolbarButton\"]"}
RESULT: {"using":"xpath","value":"//button[@data-kt=\"addNewYardOverflowToolbarButton\"]"}
COMMAND: POST /session/416ca3a003057b96434a2425fa5e92e2/elements - {"using":"xpath","value":"//button[@data-kt=\"addNewYardOverflowToolbarButton\"]"}
RESULT: {"using":"xpath","value":"//button[@data-kt=\"addNewYardOverflowToolbarButton\"]"}
COMMAND: POST /session/416ca3a003057b96434a2425fa5e92e2/elements - {"using":"xpath","value":"//button[@data-kt=\"addNewYardOverflowToolbarButton\"]"}
RESULT: {"using":"xpath","value":"//button[@data-kt=\"addNewYardOverflowToolbarButton\"]"}
COMMAND: POST /session/416ca3a003057b96434a2425fa5e92e2/elements - {"using":"xpath","value":"//button[@data-kt=\"addNewYardOverflowToolbarButton\"]"}
RESULT: {"using":"xpath","value":"//button[@data-kt=\"addNewYardOverflowToolbarButton\"]"}
COMMAND: POST /session/416ca3a003057b96434a2425fa5e92e2/elements - {"using":"xpath","value":"//button[@data-kt=\"addNewYardOverflowToolbarButton\"]"}
RESULT: {"using":"xpath","value":"//button[@data-kt=\"addNewYardOverflowToolbarButton\"]"}
COMMAND: POST /session/416ca3a003057b96434a2425fa5e92e2/elements - {"using":"xpath","value":"//button[@data-kt=\"addNewYardOverflowToolbarButton\"]"}
RESULT: {"using":"xpath","value":"//button[@data-kt=\"addNewYardOverflowToolbarButton\"]"}
COMMAND: POST /session/416ca3a003057b96434a2425fa5e92e2/elements - {"using":"xpath","value":"//button[@data-kt=\"addNewYardOverflowToolbarButton\"]"}
RESULT: {"using":"xpath","value":"//button[@data-kt=\"addNewYardOverflowToolbarButton\"]"}
COMMAND: POST /session/416ca3a003057b96434a2425fa5e92e2/elements - {"using":"xpath","value":"//button[@data-kt=\"addNewYardOverflowToolbarButton\"]"}
RESULT: {"using":"xpath","value":"//button[@data-kt=\"addNewYardOverflowToolbarButton\"]"}
COMMAND: POST /session/416ca3a003057b96434a2425fa5e92e2/elements - {"using":"xpath","value":"//button[@data-kt=\"addNewYardOverflowToolbarButton\"]"}
RESULT: {"using":"xpath","value":"//button[@data-kt=\"addNewYardOverflowToolbarButton\"]"}
COMMAND: POST /session/416ca3a003057b96434a2425fa5e92e2/element - {"using":"xpath","value":"//button[@data-kt=\"addNewYardOverflowToolbarButton\"]"}
RESULT: {"using":"xpath","value":"//button[@data-kt=\"addNewYardOverflowToolbarButton\"]"}
COMMAND: POST /session/416ca3a003057b96434a2425fa5e92e2/execute/sync - {"script":"<script> [8489 bytes]","args":[{"element-6066-11e4-a52e-4f735466cecf":"f.E04F53A89B741A5C45B2DD6DE3A1F810.d.0C7F5FE4232204CBF0552978D98421D3.e.296","ELEMENT":"f.E04F53A89B741A5C45B2DD6DE3A1F810.d.0C7F5FE4232204CBF0552978D98421D3.e.296"}]}
RESULT: {"script":"<script> [8489 bytes]","args":[{"element-6066-11e4-a52e-4f735466cecf":"f.E04F53A89B741A5C45B2DD6DE3A1F810.d.0C7F5FE4232204CBF0552978D98421D3.e.296","ELEMENT":"f.E04F53A89B741A5C45B2DD6DE3A1F810.d.0C7F5FE4232204CBF0552978D98421D3.e.296"}]}
COMMAND: GET /session/416ca3a003057b96434a2425fa5e92e2/element/f.E04F53A89B741A5C45B2DD6DE3A1F810.d.0C7F5FE4232204CBF0552978D98421D3.e.296/enabled - {}
COMMAND: GET /session/416ca3a003057b96434a2425fa5e92e2/screenshot - {}
RESULT: {}
COMMAND: POST /session/416ca3a003057b96434a2425fa5e92e2/execute/sync - {"script":"<script> [8489 bytes]","args":[{"element-6066-11e4-a52e-4f735466cecf":"f.E04F53A89B741A5C45B2DD6DE3A1F810.d.0C7F5FE4232204CBF0552978D98421D3.e.296","ELEMENT":"f.E04F53A89B741A5C45B2DD6DE3A1F810.d.0C7F5FE4232204CBF0552978D98421D3.e.296"}]}
COMMAND: GET /session/416ca3a003057b96434a2425fa5e92e2/screenshot - {}
RESULT: {}
RESULT: {"script":"<script> [8489 bytes]","args":[{"element-6066-11e4-a52e-4f735466cecf":"f.E04F53A89B741A5C45B2DD6DE3A1F810.d.0C7F5FE4232204CBF0552978D98421D3.e.296","ELEMENT":"f.E04F53A89B741A5C45B2DD6DE3A1F810.d.0C7F5FE4232204CBF0552978D98421D3.e.296"}]}
COMMAND: POST /session/416ca3a003057b96434a2425fa5e92e2/execute/sync - {"script":"<script> [5351 bytes]","args":[{"element-6066-11e4-a52e-4f735466cecf":"f.E04F53A89B741A5C45B2DD6DE3A1F810.d.0C7F5FE4232204CBF0552978D98421D3.e.296","ELEMENT":"f.E04F53A89B741A5C45B2DD6DE3A1F810.d.0C7F5FE4232204CBF0552978D98421D3.e.296"}]}
COMMAND: GET /session/416ca3a003057b96434a2425fa5e92e2/screenshot - {}
RESULT: {}
RESULT: {"script":"<script> [5351 bytes]","args":[{"element-6066-11e4-a52e-4f735466cecf":"f.E04F53A89B741A5C45B2DD6DE3A1F810.d.0C7F5FE4232204CBF0552978D98421D3.e.296","ELEMENT":"f.E04F53A89B741A5C45B2DD6DE3A1F810.d.0C7F5FE4232204CBF0552978D98421D3.e.296"}]}
COMMAND: POST /session/416ca3a003057b96434a2425fa5e92e2/element/f.E04F53A89B741A5C45B2DD6DE3A1F810.d.0C7F5FE4232204CBF0552978D98421D3.e.296/click - {}
COMMAND: GET /session/416ca3a003057b96434a2425fa5e92e2/screenshot - {}
RESULT: {}
RESULT: {}
COMMAND: GET /session/416ca3a003057b96434a2425fa5e92e2/screenshot - {}
RESULT: {}
RESULT: {}
COMMAND: POST /session/416ca3a003057b96434a2425fa5e92e2/element - {"using":"xpath","value":"//input[@id=\"application-manageyards-display-component---NewYard--yardId-inner\"]"}
RESULT: {"using":"xpath","value":"//input[@id=\"application-manageyards-display-component---NewYard--yardId-inner\"]"}
COMMAND: POST /session/416ca3a003057b96434a2425fa5e92e2/element - {"using":"xpath","value":"//input[@id=\"application-manageyards-display-component---NewYard--yardId-inner\"]"}
RESULT: {"using":"xpath","value":"//input[@id=\"application-manageyards-display-component---NewYard--yardId-inner\"]"}
COMMAND: POST /session/416ca3a003057b96434a2425fa5e92e2/execute/async - {"script":"<script> [1562 bytes]","args":[{"selector":{"id":"application-manageyards-display-component---NewYard--addressDetailDetailsName1","interaction":{"idSuffix":"inner"}},"wdio_ui5_key":"applicationmanageyards-display-component---NewYard--addressDetailDetailsName1"}]}
RESULT: {"script":"<script> [1562 bytes]","args":[{"selector":{"id":"application-manageyards-display-component---NewYard--addressDetailDetailsName1","interaction":{"idSuffix":"inner"}},"wdio_ui5_key":"applicationmanageyards-display-component---NewYard--addressDetailDetailsName1"}]}
RESULT: undefined
COMMAND: POST /session/416ca3a003057b96434a2425fa5e92e2/execute/async - {"script":"<script> [776 bytes]","args":[{"enterText":"Intercompany Yard wdIO","selector":{"id":"application-manageyards-display-component---NewYard--addressDetailDetailsName1","interaction":{"idSuffix":"inner"}},"clearTextFirst":true,"interactionType":"ENTER_TEXT"}]}
RESULT: {"script":"<script> [776 bytes]","args":[{"enterText":"Intercompany Yard wdIO","selector":{"id":"application-manageyards-display-component---NewYard--addressDetailDetailsName1","interaction":{"idSuffix":"inner"}},"clearTextFirst":true,"interactionType":"ENTER_TEXT"}]}
COMMAND: POST /session/416ca3a003057b96434a2425fa5e92e2/execute/async - {"script":"<script> [1562 bytes]","args":[{"selector":{"id":"application-manageyards-display-component---NewYard--addressDetailDetailsLanguage-arrow"},"wdio_ui5_key":"applicationmanageyards-display-component---NewYard--addressDetailDetailsLanguage-arrow"}]}
RESULT: {"script":"<script> [1562 bytes]","args":[{"selector":{"id":"application-manageyards-display-component---NewYard--addressDetailDetailsLanguage-arrow"},"wdio_ui5_key":"applicationmanageyards-display-component---NewYard--addressDetailDetailsLanguage-arrow"}]}
RESULT: undefined
COMMAND: POST /session/416ca3a003057b96434a2425fa5e92e2/element - {"using":"xpath","value":"//*[@id=\"application-manageyards-display-component---NewYard--addressDetailDetailsLanguage-arrow\"]"}
RESULT: {"using":"xpath","value":"//*[@id=\"application-manageyards-display-component---NewYard--addressDetailDetailsLanguage-arrow\"]"}
COMMAND: POST /session/416ca3a003057b96434a2425fa5e92e2/element/f.E04F53A89B741A5C45B2DD6DE3A1F810.d.0C7F5FE4232204CBF0552978D98421D3.e.726/click - {}
RESULT: {}
COMMAND: POST /session/416ca3a003057b96434a2425fa5e92e2/element - {"using":"xpath","value":"//span[contains(text(), \"English\")]"}
COMMAND: GET /session/416ca3a003057b96434a2425fa5e92e2/screenshot - {}
RESULT: {"using":"xpath","value":"//span[contains(text(), \"English\")]"}
COMMAND: POST /session/416ca3a003057b96434a2425fa5e92e2/element/f.E04F53A89B741A5C45B2DD6DE3A1F810.d.0C7F5FE4232204CBF0552978D98421D3.e.727/click - {}
RESULT: {}
RESULT: {}
COMMAND: POST /session/416ca3a003057b96434a2425fa5e92e2/execute/async - {"script":"<script> [1562 bytes]","args":[{"selector":{"id":"application-manageyards-display-component---NewYard--addressDetailDetailsCity1","interaction":{"idSuffix":"inner"}},"wdio_ui5_key":"applicationmanageyards-display-component---NewYard--addressDetailDetailsCity1"}]}
COMMAND: GET /session/416ca3a003057b96434a2425fa5e92e2/screenshot - {}
RESULT: {"script":"<script> [1562 bytes]","args":[{"selector":{"id":"application-manageyards-display-component---NewYard--addressDetailDetailsCity1","interaction":{"idSuffix":"inner"}},"wdio_ui5_key":"applicationmanageyards-display-component---NewYard--addressDetailDetailsCity1"}]}
RESULT: undefined
COMMAND: POST /session/416ca3a003057b96434a2425fa5e92e2/execute/async - {"script":"<script> [776 bytes]","args":[{"enterText":"Rosario","selector":{"id":"application-manageyards-display-component---NewYard--addressDetailDetailsCity1","interaction":{"idSuffix":"inner"}},"clearTextFirst":true,"interactionType":"ENTER_TEXT"}]}
RESULT: {}
RESULT: {"script":"<script> [776 bytes]","args":[{"enterText":"Rosario","selector":{"id":"application-manageyards-display-component---NewYard--addressDetailDetailsCity1","interaction":{"idSuffix":"inner"}},"clearTextFirst":true,"interactionType":"ENTER_TEXT"}]}
COMMAND: POST /session/416ca3a003057b96434a2425fa5e92e2/execute/async - {"script":"<script> [1562 bytes]","args":[{"selector":{"id":"application-manageyards-display-component---NewYard--addressDetailDetailsCountry-arrow"},"wdio_ui5_key":"applicationmanageyards-display-component---NewYard--addressDetailDetailsCountry-arrow"}]}
RESULT: {"script":"<script> [1562 bytes]","args":[{"selector":{"id":"application-manageyards-display-component---NewYard--addressDetailDetailsCountry-arrow"},"wdio_ui5_key":"applicationmanageyards-display-component---NewYard--addressDetailDetailsCountry-arrow"}]}
RESULT: undefined
COMMAND: POST /session/416ca3a003057b96434a2425fa5e92e2/element - {"using":"xpath","value":"//*[@id=\"application-manageyards-display-component---NewYard--addressDetailDetailsCountry-arrow\"]"}
RESULT: {"using":"xpath","value":"//*[@id=\"application-manageyards-display-component---NewYard--addressDetailDetailsCountry-arrow\"]"}
COMMAND: POST /session/416ca3a003057b96434a2425fa5e92e2/element/f.E04F53A89B741A5C45B2DD6DE3A1F810.d.0C7F5FE4232204CBF0552978D98421D3.e.729/click - {}
RESULT: {}
COMMAND: POST /session/416ca3a003057b96434a2425fa5e92e2/element - {"using":"xpath","value":"//span[contains(text(), \"Argentina\")]"}
COMMAND: GET /session/416ca3a003057b96434a2425fa5e92e2/screenshot - {}
RESULT: {"using":"xpath","value":"//span[contains(text(), \"Argentina\")]"}
COMMAND: POST /session/416ca3a003057b96434a2425fa5e92e2/element/f.E04F53A89B741A5C45B2DD6DE3A1F810.d.0C7F5FE4232204CBF0552978D98421D3.e.731/click - {}
RESULT: {}
RESULT: {}
COMMAND: POST /session/416ca3a003057b96434a2425fa5e92e2/execute/async - {"script":"<script> [1562 bytes]","args":[{"selector":{"id":"application-manageyards-display-component---NewYard--addressEditDetailsCostObjectCstType-arrow"},"wdio_ui5_key":"applicationmanageyards-display-component---NewYard--addressEditDetailsCostObjectCstType-arrow"}]}
COMMAND: GET /session/416ca3a003057b96434a2425fa5e92e2/screenshot - {}
RESULT: {"script":"<script> [1562 bytes]","args":[{"selector":{"id":"application-manageyards-display-component---NewYard--addressEditDetailsCostObjectCstType-arrow"},"wdio_ui5_key":"applicationmanageyards-display-component---NewYard--addressEditDetailsCostObjectCstType-arrow"}]}
RESULT: undefined
COMMAND: POST /session/416ca3a003057b96434a2425fa5e92e2/element - {"using":"xpath","value":"//*[@id=\"application-manageyards-display-component---NewYard--addressEditDetailsCostObjectCstType-arrow\"]"}
RESULT: {}
RESULT: {"using":"xpath","value":"//*[@id=\"application-manageyards-display-component---NewYard--addressEditDetailsCostObjectCstType-arrow\"]"}
COMMAND: POST /session/416ca3a003057b96434a2425fa5e92e2/element/f.E04F53A89B741A5C45B2DD6DE3A1F810.d.0C7F5FE4232204CBF0552978D98421D3.e.732/click - {}
RESULT: {}
COMMAND: POST /session/416ca3a003057b96434a2425fa5e92e2/element - {"using":"xpath","value":"//span[contains(text(), \"Cost Center\")]"}
COMMAND: GET /session/416ca3a003057b96434a2425fa5e92e2/screenshot - {}
RESULT: {"using":"xpath","value":"//span[contains(text(), \"Cost Center\")]"}
COMMAND: POST /session/416ca3a003057b96434a2425fa5e92e2/element/f.E04F53A89B741A5C45B2DD6DE3A1F810.d.0C7F5FE4232204CBF0552978D98421D3.e.733/click - {}
RESULT: {}
RESULT: {}
COMMAND: GET /session/416ca3a003057b96434a2425fa5e92e2/screenshot - {}
RESULT: {}
COMMAND: POST /session/416ca3a003057b96434a2425fa5e92e2/element - {"using":"xpath","value":"//span[@id=\"application-manageyards-display-component---NewYard--addressNewCostObjectCstID-vhi\"]"}
RESULT: {"using":"xpath","value":"//span[@id=\"application-manageyards-display-component---NewYard--addressNewCostObjectCstID-vhi\"]"}
COMMAND: POST /session/416ca3a003057b96434a2425fa5e92e2/execute/sync - {"script":"<script> [8489 bytes]","args":[{"element-6066-11e4-a52e-4f735466cecf":"f.E04F53A89B741A5C45B2DD6DE3A1F810.d.0C7F5FE4232204CBF0552978D98421D3.e.737","ELEMENT":"f.E04F53A89B741A5C45B2DD6DE3A1F810.d.0C7F5FE4232204CBF0552978D98421D3.e.737"}]}
RESULT: {"script":"<script> [8489 bytes]","args":[{"element-6066-11e4-a52e-4f735466cecf":"f.E04F53A89B741A5C45B2DD6DE3A1F810.d.0C7F5FE4232204CBF0552978D98421D3.e.737","ELEMENT":"f.E04F53A89B741A5C45B2DD6DE3A1F810.d.0C7F5FE4232204CBF0552978D98421D3.e.737"}]}
COMMAND: POST /session/416ca3a003057b96434a2425fa5e92e2/execute/async - {"script":"<script> [1562 bytes]","args":[{"selector":{"id":"application-manageyards-display-component---NewYard--addressNewCostObjectCstID-vhi"},"wdio_ui5_key":"applicationmanageyards-display-component---NewYard--addressNewCostObjectCstID-vhi"}]}
COMMAND: GET /session/416ca3a003057b96434a2425fa5e92e2/screenshot - {}
RESULT: {"script":"<script> [1562 bytes]","args":[{"selector":{"id":"application-manageyards-display-component---NewYard--addressNewCostObjectCstID-vhi"},"wdio_ui5_key":"applicationmanageyards-display-component---NewYard--addressNewCostObjectCstID-vhi"}]}
RESULT: undefined
COMMAND: POST /session/416ca3a003057b96434a2425fa5e92e2/element - {"using":"xpath","value":"//*[@id=\"application-manageyards-display-component---NewYard--addressNewCostObjectCstID-vhi\"]"}
RESULT: {}
RESULT: {"using":"xpath","value":"//*[@id=\"application-manageyards-display-component---NewYard--addressNewCostObjectCstID-vhi\"]"}
COMMAND: POST /session/416ca3a003057b96434a2425fa5e92e2/element/f.E04F53A89B741A5C45B2DD6DE3A1F810.d.0C7F5FE4232204CBF0552978D98421D3.e.737/click - {}
RESULT: {}
COMMAND: GET /session/416ca3a003057b96434a2425fa5e92e2/screenshot - {}
RESULT: {}
COMMAND: POST /session/416ca3a003057b96434a2425fa5e92e2/execute/async - {"script":"<script> [1562 bytes]","args":[{"selector":{"controlType":"sap.m.SearchField","properties":{"placeholder":"Search"},"searchOpenDialogs":true,"interaction":{"idSuffix":"I"}},"wdio_ui5_key":"sapm.SearchField{\"placeholder\":\"Search\"}"}]}
RESULT: {"script":"<script> [1562 bytes]","args":[{"selector":{"controlType":"sap.m.SearchField","properties":{"placeholder":"Search"},"searchOpenDialogs":true,"interaction":{"idSuffix":"I"}},"wdio_ui5_key":"sapm.SearchField{\"placeholder\":\"Search\"}"}]}
RESULT: undefined
COMMAND: POST /session/416ca3a003057b96434a2425fa5e92e2/execute/async - {"script":"<script> [776 bytes]","args":[{"enterText":"bauh_b","selector":{"controlType":"sap.m.SearchField","properties":{"placeholder":"Search"},"searchOpenDialogs":true,"interaction":{"idSuffix":"I"}},"clearTextFirst":true,"interactionType":"ENTER_TEXT"}]}
RESULT: {"script":"<script> [776 bytes]","args":[{"enterText":"bauh_b","selector":{"controlType":"sap.m.SearchField","properties":{"placeholder":"Search"},"searchOpenDialogs":true,"interaction":{"idSuffix":"I"}},"clearTextFirst":true,"interactionType":"ENTER_TEXT"}]}
COMMAND: POST /session/416ca3a003057b96434a2425fa5e92e2/actions - {"actions":[{"id":"action1","type":"key","parameters":{},"actions":[{"type":"keyDown","value":"î€‡"},{"type":"pause","duration":10},{"type":"keyUp","value":"î€‡"}]}]}
RESULT: {"actions":[{"id":"action1","type":"key","parameters":{},"actions":[{"type":"keyDown","value":"î€‡"},{"type":"pause","duration":10},{"type":"keyUp","value":"î€‡"}]}]}
COMMAND: GET /session/416ca3a003057b96434a2425fa5e92e2/screenshot - {}
RESULT: {}
COMMAND: POST /session/416ca3a003057b96434a2425fa5e92e2/element - {"using":"xpath","value":"//span[contains(text(), \"Demo Yard\")]"}
RESULT: {"using":"xpath","value":"//span[contains(text(), \"Demo Yard\")]"}
COMMAND: POST /session/416ca3a003057b96434a2425fa5e92e2/element/f.E04F53A89B741A5C45B2DD6DE3A1F810.d.0C7F5FE4232204CBF0552978D98421D3.e.778/click - {}
RESULT: {}
COMMAND: GET /session/416ca3a003057b96434a2425fa5e92e2/screenshot - {}
RESULT: {}
COMMAND: POST /session/416ca3a003057b96434a2425fa5e92e2/element - {"using":"xpath","value":"//bdi[contains(text(), \"OK\")]"}
RESULT: {"using":"xpath","value":"//bdi[contains(text(), \"OK\")]"}
COMMAND: POST /session/416ca3a003057b96434a2425fa5e92e2/element/f.E04F53A89B741A5C45B2DD6DE3A1F810.d.0C7F5FE4232204CBF0552978D98421D3.e.779/click - {}
RESULT: {}
COMMAND: GET /session/416ca3a003057b96434a2425fa5e92e2/screenshot - {}
RESULT: {}
COMMAND: POST /session/416ca3a003057b96434a2425fa5e92e2/execute/async - {"script":"<script> [1562 bytes]","args":[{"selector":{"id":"application-manageyards-display-component---NewYard--addressEditDetailsCurrency-arrow"},"wdio_ui5_key":"applicationmanageyards-display-component---NewYard--addressEditDetailsCurrency-arrow"}]}
RESULT: {"script":"<script> [1562 bytes]","args":[{"selector":{"id":"application-manageyards-display-component---NewYard--addressEditDetailsCurrency-arrow"},"wdio_ui5_key":"applicationmanageyards-display-component---NewYard--addressEditDetailsCurrency-arrow"}]}
RESULT: undefined
COMMAND: POST /session/416ca3a003057b96434a2425fa5e92e2/element - {"using":"xpath","value":"//*[@id=\"application-manageyards-display-component---NewYard--addressEditDetailsCurrency-arrow\"]"}
RESULT: {"using":"xpath","value":"//*[@id=\"application-manageyards-display-component---NewYard--addressEditDetailsCurrency-arrow\"]"}
COMMAND: POST /session/416ca3a003057b96434a2425fa5e92e2/element/f.E04F53A89B741A5C45B2DD6DE3A1F810.d.0C7F5FE4232204CBF0552978D98421D3.e.782/click - {}
RESULT: {}
COMMAND: POST /session/416ca3a003057b96434a2425fa5e92e2/element - {"using":"xpath","value":"//span[contains(text(), \"Euro\")]"}
COMMAND: GET /session/416ca3a003057b96434a2425fa5e92e2/screenshot - {}
RESULT: {"using":"xpath","value":"//span[contains(text(), \"Euro\")]"}
COMMAND: POST /session/416ca3a003057b96434a2425fa5e92e2/element/f.E04F53A89B741A5C45B2DD6DE3A1F810.d.0C7F5FE4232204CBF0552978D98421D3.e.783/click - {}
RESULT: {}
RESULT: {}
COMMAND: POST /session/416ca3a003057b96434a2425fa5e92e2/execute/async - {"script":"<script> [1562 bytes]","args":[{"selector":{"controlType":"sap.m.Input","viewName":"etm.portal.ui.manageyards.view.New","viewId":"application-manageyards-display-component---NewYard","bindingPath":{"path":"","propertyPath":"/CONTROLLING_AREA","modelName":"NewYardModel"},"interaction":{"idSuffix":"inner"}},"wdio_ui5_key":"etmportal.ui.manageyards.view.Newsap.m.Input{\"path\":\"\",\"propertyPath\":\"/CONTROLLING_AREA\",\"modelName\":\"NewYardModel\"}"}]}
COMMAND: GET /session/416ca3a003057b96434a2425fa5e92e2/screenshot - {}
RESULT: {"script":"<script> [1562 bytes]","args":[{"selector":{"controlType":"sap.m.Input","viewName":"etm.portal.ui.manageyards.view.New","viewId":"application-manageyards-display-component---NewYard","bindingPath":{"path":"","propertyPath":"/CONTROLLING_AREA","modelName":"NewYardModel"},"interaction":{"idSuffix":"inner"}},"wdio_ui5_key":"etmportal.ui.manageyards.view.Newsap.m.Input{\"path\":\"\",\"propertyPath\":\"/CONTROLLING_AREA\",\"modelName\":\"NewYardModel\"}"}]}
RESULT: undefined
COMMAND: POST /session/416ca3a003057b96434a2425fa5e92e2/execute/async - {"script":"<script> [776 bytes]","args":[{"enterText":"Z001","selector":{"controlType":"sap.m.Input","viewName":"etm.portal.ui.manageyards.view.New","viewId":"application-manageyards-display-component---NewYard","bindingPath":{"path":"","propertyPath":"/CONTROLLING_AREA","modelName":"NewYardModel"},"interaction":{"idSuffix":"inner"}},"clearTextFirst":true,"interactionType":"ENTER_TEXT"}]}
RESULT: {}
RESULT: {"script":"<script> [776 bytes]","args":[{"enterText":"Z001","selector":{"controlType":"sap.m.Input","viewName":"etm.portal.ui.manageyards.view.New","viewId":"application-manageyards-display-component---NewYard","bindingPath":{"path":"","propertyPath":"/CONTROLLING_AREA","modelName":"NewYardModel"},"interaction":{"idSuffix":"inner"}},"clearTextFirst":true,"interactionType":"ENTER_TEXT"}]}
COMMAND: POST /session/416ca3a003057b96434a2425fa5e92e2/execute/async - {"script":"<script> [1562 bytes]","args":[{"selector":{"id":"application-manageyards-display-component---NewYard--companyCodeComboBox","interaction":{"idSuffix":"inner"}},"wdio_ui5_key":"applicationmanageyards-display-component---NewYard--companyCodeComboBox"}]}
RESULT: {"script":"<script> [1562 bytes]","args":[{"selector":{"id":"application-manageyards-display-component---NewYard--companyCodeComboBox","interaction":{"idSuffix":"inner"}},"wdio_ui5_key":"applicationmanageyards-display-component---NewYard--companyCodeComboBox"}]}
RESULT: undefined
COMMAND: POST /session/416ca3a003057b96434a2425fa5e92e2/execute/async - {"script":"<script> [776 bytes]","args":[{"enterText":"1000","selector":{"id":"application-manageyards-display-component---NewYard--companyCodeComboBox","interaction":{"idSuffix":"inner"}},"clearTextFirst":true,"interactionType":"ENTER_TEXT"}]}
RESULT: {"script":"<script> [776 bytes]","args":[{"enterText":"1000","selector":{"id":"application-manageyards-display-component---NewYard--companyCodeComboBox","interaction":{"idSuffix":"inner"}},"clearTextFirst":true,"interactionType":"ENTER_TEXT"}]}
COMMAND: POST /session/416ca3a003057b96434a2425fa5e92e2/execute/async - {"script":"<script> [1562 bytes]","args":[{"selector":{"controlType":"sap.m.Input","viewName":"etm.portal.ui.manageyards.view.New","viewId":"application-manageyards-display-component---NewYard","bindingPath":{"path":"","propertyPath":"/PLANT","modelName":"NewYardModel"},"interaction":{"idSuffix":"inner"}},"wdio_ui5_key":"etmportal.ui.manageyards.view.Newsap.m.Input{\"path\":\"\",\"propertyPath\":\"/PLANT\",\"modelName\":\"NewYardModel\"}"}]}
RESULT: {"script":"<script> [1562 bytes]","args":[{"selector":{"controlType":"sap.m.Input","viewName":"etm.portal.ui.manageyards.view.New","viewId":"application-manageyards-display-component---NewYard","bindingPath":{"path":"","propertyPath":"/PLANT","modelName":"NewYardModel"},"interaction":{"idSuffix":"inner"}},"wdio_ui5_key":"etmportal.ui.manageyards.view.Newsap.m.Input{\"path\":\"\",\"propertyPath\":\"/PLANT\",\"modelName\":\"NewYardModel\"}"}]}
RESULT: undefined
COMMAND: POST /session/416ca3a003057b96434a2425fa5e92e2/execute/async - {"script":"<script> [776 bytes]","args":[{"enterText":"1001","selector":{"controlType":"sap.m.Input","viewName":"etm.portal.ui.manageyards.view.New","viewId":"application-manageyards-display-component---NewYard","bindingPath":{"path":"","propertyPath":"/PLANT","modelName":"NewYardModel"},"interaction":{"idSuffix":"inner"}},"clearTextFirst":true,"interactionType":"ENTER_TEXT"}]}
RESULT: {"script":"<script> [776 bytes]","args":[{"enterText":"1001","selector":{"controlType":"sap.m.Input","viewName":"etm.portal.ui.manageyards.view.New","viewId":"application-manageyards-display-component---NewYard","bindingPath":{"path":"","propertyPath":"/PLANT","modelName":"NewYardModel"},"interaction":{"idSuffix":"inner"}},"clearTextFirst":true,"interactionType":"ENTER_TEXT"}]}
COMMAND: POST /session/416ca3a003057b96434a2425fa5e92e2/execute/async - {"script":"<script> [1562 bytes]","args":[{"selector":{"controlType":"sap.m.Input","viewName":"etm.portal.ui.manageyards.view.New","viewId":"application-manageyards-display-component---NewYard","bindingPath":{"path":"","propertyPath":"/SALES_AREA_VKORG","modelName":"NewYardModel"},"interaction":{"idSuffix":"inner"}},"wdio_ui5_key":"etmportal.ui.manageyards.view.Newsap.m.Input{\"path\":\"\",\"propertyPath\":\"/SALES_AREA_VKORG\",\"modelName\":\"NewYardModel\"}"}]}
RESULT: {"script":"<script> [1562 bytes]","args":[{"selector":{"controlType":"sap.m.Input","viewName":"etm.portal.ui.manageyards.view.New","viewId":"application-manageyards-display-component---NewYard","bindingPath":{"path":"","propertyPath":"/SALES_AREA_VKORG","modelName":"NewYardModel"},"interaction":{"idSuffix":"inner"}},"wdio_ui5_key":"etmportal.ui.manageyards.view.Newsap.m.Input{\"path\":\"\",\"propertyPath\":\"/SALES_AREA_VKORG\",\"modelName\":\"NewYardModel\"}"}]}
RESULT: undefined
COMMAND: POST /session/416ca3a003057b96434a2425fa5e92e2/execute/async - {"script":"<script> [776 bytes]","args":[{"enterText":"C002","selector":{"controlType":"sap.m.Input","viewName":"etm.portal.ui.manageyards.view.New","viewId":"application-manageyards-display-component---NewYard","bindingPath":{"path":"","propertyPath":"/SALES_AREA_VKORG","modelName":"NewYardModel"},"interaction":{"idSuffix":"inner"}},"clearTextFirst":true,"interactionType":"ENTER_TEXT"}]}
RESULT: {"script":"<script> [776 bytes]","args":[{"enterText":"C002","selector":{"controlType":"sap.m.Input","viewName":"etm.portal.ui.manageyards.view.New","viewId":"application-manageyards-display-component---NewYard","bindingPath":{"path":"","propertyPath":"/SALES_AREA_VKORG","modelName":"NewYardModel"},"interaction":{"idSuffix":"inner"}},"clearTextFirst":true,"interactionType":"ENTER_TEXT"}]}
COMMAND: POST /session/416ca3a003057b96434a2425fa5e92e2/execute/async - {"script":"<script> [1562 bytes]","args":[{"selector":{"controlType":"sap.m.Input","viewName":"etm.portal.ui.manageyards.view.New","viewId":"application-manageyards-display-component---NewYard","bindingPath":{"path":"","propertyPath":"/SALES_AREA_VTWEG","modelName":"NewYardModel"},"interaction":{"idSuffix":"inner"}},"wdio_ui5_key":"etmportal.ui.manageyards.view.Newsap.m.Input{\"path\":\"\",\"propertyPath\":\"/SALES_AREA_VTWEG\",\"modelName\":\"NewYardModel\"}"}]}
RESULT: {"script":"<script> [1562 bytes]","args":[{"selector":{"controlType":"sap.m.Input","viewName":"etm.portal.ui.manageyards.view.New","viewId":"application-manageyards-display-component---NewYard","bindingPath":{"path":"","propertyPath":"/SALES_AREA_VTWEG","modelName":"NewYardModel"},"interaction":{"idSuffix":"inner"}},"wdio_ui5_key":"etmportal.ui.manageyards.view.Newsap.m.Input{\"path\":\"\",\"propertyPath\":\"/SALES_AREA_VTWEG\",\"modelName\":\"NewYardModel\"}"}]}
RESULT: undefined
COMMAND: POST /session/416ca3a003057b96434a2425fa5e92e2/execute/async - {"script":"<script> [776 bytes]","args":[{"enterText":"C2","selector":{"controlType":"sap.m.Input","viewName":"etm.portal.ui.manageyards.view.New","viewId":"application-manageyards-display-component---NewYard","bindingPath":{"path":"","propertyPath":"/SALES_AREA_VTWEG","modelName":"NewYardModel"},"interaction":{"idSuffix":"inner"}},"clearTextFirst":true,"interactionType":"ENTER_TEXT"}]}
RESULT: {"script":"<script> [776 bytes]","args":[{"enterText":"C2","selector":{"controlType":"sap.m.Input","viewName":"etm.portal.ui.manageyards.view.New","viewId":"application-manageyards-display-component---NewYard","bindingPath":{"path":"","propertyPath":"/SALES_AREA_VTWEG","modelName":"NewYardModel"},"interaction":{"idSuffix":"inner"}},"clearTextFirst":true,"interactionType":"ENTER_TEXT"}]}
COMMAND: POST /session/416ca3a003057b96434a2425fa5e92e2/execute/async - {"script":"<script> [1562 bytes]","args":[{"selector":{"controlType":"sap.m.Input","viewName":"etm.portal.ui.manageyards.view.New","viewId":"application-manageyards-display-component---NewYard","bindingPath":{"path":"","propertyPath":"/SALES_AREA_SPART","modelName":"NewYardModel"},"interaction":{"idSuffix":"inner"}},"wdio_ui5_key":"etmportal.ui.manageyards.view.Newsap.m.Input{\"path\":\"\",\"propertyPath\":\"/SALES_AREA_SPART\",\"modelName\":\"NewYardModel\"}"}]}
RESULT: {"script":"<script> [1562 bytes]","args":[{"selector":{"controlType":"sap.m.Input","viewName":"etm.portal.ui.manageyards.view.New","viewId":"application-manageyards-display-component---NewYard","bindingPath":{"path":"","propertyPath":"/SALES_AREA_SPART","modelName":"NewYardModel"},"interaction":{"idSuffix":"inner"}},"wdio_ui5_key":"etmportal.ui.manageyards.view.Newsap.m.Input{\"path\":\"\",\"propertyPath\":\"/SALES_AREA_SPART\",\"modelName\":\"NewYardModel\"}"}]}
RESULT: undefined
COMMAND: POST /session/416ca3a003057b96434a2425fa5e92e2/execute/async - {"script":"<script> [776 bytes]","args":[{"enterText":"C2","selector":{"controlType":"sap.m.Input","viewName":"etm.portal.ui.manageyards.view.New","viewId":"application-manageyards-display-component---NewYard","bindingPath":{"path":"","propertyPath":"/SALES_AREA_SPART","modelName":"NewYardModel"},"interaction":{"idSuffix":"inner"}},"clearTextFirst":true,"interactionType":"ENTER_TEXT"}]}
RESULT: {"script":"<script> [776 bytes]","args":[{"enterText":"C2","selector":{"controlType":"sap.m.Input","viewName":"etm.portal.ui.manageyards.view.New","viewId":"application-manageyards-display-component---NewYard","bindingPath":{"path":"","propertyPath":"/SALES_AREA_SPART","modelName":"NewYardModel"},"interaction":{"idSuffix":"inner"}},"clearTextFirst":true,"interactionType":"ENTER_TEXT"}]}
COMMAND: POST /session/416ca3a003057b96434a2425fa5e92e2/execute/async - {"script":"<script> [1562 bytes]","args":[{"selector":{"controlType":"sap.m.Input","viewName":"etm.portal.ui.manageyards.view.New","viewId":"application-manageyards-display-component---NewYard","bindingPath":{"path":"","propertyPath":"/SHIP_POINT","modelName":"NewYardModel"},"interaction":{"idSuffix":"inner"}},"wdio_ui5_key":"etmportal.ui.manageyards.view.Newsap.m.Input{\"path\":\"\",\"propertyPath\":\"/SHIP_POINT\",\"modelName\":\"NewYardModel\"}"}]}
RESULT: {"script":"<script> [1562 bytes]","args":[{"selector":{"controlType":"sap.m.Input","viewName":"etm.portal.ui.manageyards.view.New","viewId":"application-manageyards-display-component---NewYard","bindingPath":{"path":"","propertyPath":"/SHIP_POINT","modelName":"NewYardModel"},"interaction":{"idSuffix":"inner"}},"wdio_ui5_key":"etmportal.ui.manageyards.view.Newsap.m.Input{\"path\":\"\",\"propertyPath\":\"/SHIP_POINT\",\"modelName\":\"NewYardModel\"}"}]}
RESULT: undefined
COMMAND: POST /session/416ca3a003057b96434a2425fa5e92e2/execute/async - {"script":"<script> [776 bytes]","args":[{"enterText":"1710","selector":{"controlType":"sap.m.Input","viewName":"etm.portal.ui.manageyards.view.New","viewId":"application-manageyards-display-component---NewYard","bindingPath":{"path":"","propertyPath":"/SHIP_POINT","modelName":"NewYardModel"},"interaction":{"idSuffix":"inner"}},"clearTextFirst":true,"interactionType":"ENTER_TEXT"}]}
RESULT: {"script":"<script> [776 bytes]","args":[{"enterText":"1710","selector":{"controlType":"sap.m.Input","viewName":"etm.portal.ui.manageyards.view.New","viewId":"application-manageyards-display-component---NewYard","bindingPath":{"path":"","propertyPath":"/SHIP_POINT","modelName":"NewYardModel"},"interaction":{"idSuffix":"inner"}},"clearTextFirst":true,"interactionType":"ENTER_TEXT"}]}
COMMAND: POST /session/416ca3a003057b96434a2425fa5e92e2/execute/async - {"script":"<script> [1562 bytes]","args":[{"selector":{"controlType":"sap.m.Input","viewName":"etm.portal.ui.manageyards.view.New","viewId":"application-manageyards-display-component---NewYard","bindingPath":{"path":"","propertyPath":"/DELIVERY_TYPE","modelName":"NewYardModel"},"interaction":{"idSuffix":"inner"}},"wdio_ui5_key":"etmportal.ui.manageyards.view.Newsap.m.Input{\"path\":\"\",\"propertyPath\":\"/DELIVERY_TYPE\",\"modelName\":\"NewYardModel\"}"}]}
RESULT: {"script":"<script> [1562 bytes]","args":[{"selector":{"controlType":"sap.m.Input","viewName":"etm.portal.ui.manageyards.view.New","viewId":"application-manageyards-display-component---NewYard","bindingPath":{"path":"","propertyPath":"/DELIVERY_TYPE","modelName":"NewYardModel"},"interaction":{"idSuffix":"inner"}},"wdio_ui5_key":"etmportal.ui.manageyards.view.Newsap.m.Input{\"path\":\"\",\"propertyPath\":\"/DELIVERY_TYPE\",\"modelName\":\"NewYardModel\"}"}]}
RESULT: undefined
COMMAND: POST /session/416ca3a003057b96434a2425fa5e92e2/execute/async - {"script":"<script> [776 bytes]","args":[{"enterText":"ZL01","selector":{"controlType":"sap.m.Input","viewName":"etm.portal.ui.manageyards.view.New","viewId":"application-manageyards-display-component---NewYard","bindingPath":{"path":"","propertyPath":"/DELIVERY_TYPE","modelName":"NewYardModel"},"interaction":{"idSuffix":"inner"}},"clearTextFirst":true,"interactionType":"ENTER_TEXT"}]}
RESULT: {"script":"<script> [776 bytes]","args":[{"enterText":"ZL01","selector":{"controlType":"sap.m.Input","viewName":"etm.portal.ui.manageyards.view.New","viewId":"application-manageyards-display-component---NewYard","bindingPath":{"path":"","propertyPath":"/DELIVERY_TYPE","modelName":"NewYardModel"},"interaction":{"idSuffix":"inner"}},"clearTextFirst":true,"interactionType":"ENTER_TEXT"}]}
COMMAND: POST /session/416ca3a003057b96434a2425fa5e92e2/execute/async - {"script":"<script> [1562 bytes]","args":[{"selector":{"controlType":"sap.m.Input","viewName":"etm.portal.ui.manageyards.view.New","viewId":"application-manageyards-display-component---NewYard","bindingPath":{"path":"","propertyPath":"/AUART","modelName":"NewYardModel"},"interaction":{"idSuffix":"inner"}},"wdio_ui5_key":"etmportal.ui.manageyards.view.Newsap.m.Input{\"path\":\"\",\"propertyPath\":\"/AUART\",\"modelName\":\"NewYardModel\"}"}]}
RESULT: {"script":"<script> [1562 bytes]","args":[{"selector":{"controlType":"sap.m.Input","viewName":"etm.portal.ui.manageyards.view.New","viewId":"application-manageyards-display-component---NewYard","bindingPath":{"path":"","propertyPath":"/AUART","modelName":"NewYardModel"},"interaction":{"idSuffix":"inner"}},"wdio_ui5_key":"etmportal.ui.manageyards.view.Newsap.m.Input{\"path\":\"\",\"propertyPath\":\"/AUART\",\"modelName\":\"NewYardModel\"}"}]}
RESULT: undefined
COMMAND: POST /session/416ca3a003057b96434a2425fa5e92e2/execute/async - {"script":"<script> [776 bytes]","args":[{"enterText":"TA","selector":{"controlType":"sap.m.Input","viewName":"etm.portal.ui.manageyards.view.New","viewId":"application-manageyards-display-component---NewYard","bindingPath":{"path":"","propertyPath":"/AUART","modelName":"NewYardModel"},"interaction":{"idSuffix":"inner"}},"clearTextFirst":true,"interactionType":"ENTER_TEXT"}]}
RESULT: {"script":"<script> [776 bytes]","args":[{"enterText":"TA","selector":{"controlType":"sap.m.Input","viewName":"etm.portal.ui.manageyards.view.New","viewId":"application-manageyards-display-component---NewYard","bindingPath":{"path":"","propertyPath":"/AUART","modelName":"NewYardModel"},"interaction":{"idSuffix":"inner"}},"clearTextFirst":true,"interactionType":"ENTER_TEXT"}]}
COMMAND: POST /session/416ca3a003057b96434a2425fa5e92e2/element - {"using":"xpath","value":"//button[@data-kt=\"newYardSaveButton\"]"}
RESULT: {"using":"xpath","value":"//button[@data-kt=\"newYardSaveButton\"]"}
COMMAND: POST /session/416ca3a003057b96434a2425fa5e92e2/element/f.E04F53A89B741A5C45B2DD6DE3A1F810.d.0C7F5FE4232204CBF0552978D98421D3.e.707/click - {}
RESULT: {}
COMMAND: GET /session/416ca3a003057b96434a2425fa5e92e2/screenshot - {}
RESULT: {}
COMMAND: POST /session/416ca3a003057b96434a2425fa5e92e2/element - {"using":"xpath","value":"//header[contains(@id, 'ObjectPageLayout-headerTitle')]/div[1]/div[2]/div[1]/span[1]"}
RESULT: {"using":"xpath","value":"//header[contains(@id, 'ObjectPageLayout-headerTitle')]/div[1]/div[2]/div[1]/span[1]"}
COMMAND: POST /session/416ca3a003057b96434a2425fa5e92e2/elements - {"using":"xpath","value":"//header[contains(@id, 'ObjectPageLayout-headerTitle')]/div[1]/div[2]/div[1]/span[1]"}
RESULT: {"using":"xpath","value":"//header[contains(@id, 'ObjectPageLayout-headerTitle')]/div[1]/div[2]/div[1]/span[1]"}
COMMAND: POST /session/416ca3a003057b96434a2425fa5e92e2/execute/sync - {"script":"<script> [56 bytes]","args":[{"element-6066-11e4-a52e-4f735466cecf":"f.E04F53A89B741A5C45B2DD6DE3A1F810.d.0C7F5FE4232204CBF0552978D98421D3.e.1008","ELEMENT":"f.E04F53A89B741A5C45B2DD6DE3A1F810.d.0C7F5FE4232204CBF0552978D98421D3.e.1008"}]}
RESULT: {"script":"<script> [56 bytes]","args":[{"element-6066-11e4-a52e-4f735466cecf":"f.E04F53A89B741A5C45B2DD6DE3A1F810.d.0C7F5FE4232204CBF0552978D98421D3.e.1008","ELEMENT":"f.E04F53A89B741A5C45B2DD6DE3A1F810.d.0C7F5FE4232204CBF0552978D98421D3.e.1008"}]}
COMMAND: GET /session/416ca3a003057b96434a2425fa5e92e2/screenshot - {}
RESULT: {}
COMMAND: POST /session/416ca3a003057b96434a2425fa5e92e2/element - {"using":"css selector","value":"#shell-header-logo"}
RESULT: {"using":"css selector","value":"#shell-header-logo"}
COMMAND: POST /session/416ca3a003057b96434a2425fa5e92e2/element/f.E04F53A89B741A5C45B2DD6DE3A1F810.d.0C7F5FE4232204CBF0552978D98421D3.e.269/click - {}
RESULT: {}
COMMAND: GET /session/416ca3a003057b96434a2425fa5e92e2/screenshot - {}
RESULT: {}
COMMAND: POST /session/416ca3a003057b96434a2425fa5e92e2/execute/sync - {"script":"<script> [299 bytes]","args":[["getModel","getResource"]]}
RESULT: {"script":"<script> [299 bytes]","args":[["getModel","getResource"]]}
COMMAND: GET /session/416ca3a003057b96434a2425fa5e92e2/screenshot - {}
]]></system-out>
    </testcase>
    <testcase classname="chrome.136_0_7103_49.windows.Billing_Transfer_-_Master_data_&amp;_Intercompany_US127250" name="Should create a new partner" time="134.36">
      <system-out><![CDATA[
COMMAND: POST /session/416ca3a003057b96434a2425fa5e92e2/window/fullscreen - {}
RESULT: {}
RESULT: {}
COMMAND: POST /session/416ca3a003057b96434a2425fa5e92e2/execute/async - {"script":"<script> [1562 bytes]","args":[{"selector":{"controlType":"sap.m.GenericTile","properties":{"header":"Manage Partners"}},"wdio_ui5_key":"sapm.GenericTile{\"header\":\"Manage Partners\"}"}]}
RESULT: {"script":"<script> [1562 bytes]","args":[{"selector":{"controlType":"sap.m.GenericTile","properties":{"header":"Manage Partners"}},"wdio_ui5_key":"sapm.GenericTile{\"header\":\"Manage Partners\"}"}]}
RESULT: undefined
COMMAND: POST /session/416ca3a003057b96434a2425fa5e92e2/element - {"using":"xpath","value":"//*[@id=\"__tile38\"]"}
RESULT: {"using":"xpath","value":"//*[@id=\"__tile38\"]"}
COMMAND: POST /session/416ca3a003057b96434a2425fa5e92e2/element/f.E04F53A89B741A5C45B2DD6DE3A1F810.d.0C7F5FE4232204CBF0552978D98421D3.e.164/click - {}
RESULT: {}
COMMAND: GET /session/416ca3a003057b96434a2425fa5e92e2/screenshot - {}
RESULT: {}
COMMAND: POST /session/416ca3a003057b96434a2425fa5e92e2/elements - {"using":"xpath","value":"//span[text()='Error']"}
RESULT: {"using":"xpath","value":"//span[text()='Error']"}
COMMAND: POST /session/416ca3a003057b96434a2425fa5e92e2/element - {"using":"xpath","value":"//button[@data-kt=\"addButton\"]"}
RESULT: {"using":"xpath","value":"//button[@data-kt=\"addButton\"]"}
COMMAND: POST /session/416ca3a003057b96434a2425fa5e92e2/elements - {"using":"xpath","value":"//button[@data-kt=\"addButton\"]"}
RESULT: {"using":"xpath","value":"//button[@data-kt=\"addButton\"]"}
COMMAND: POST /session/416ca3a003057b96434a2425fa5e92e2/execute/sync - {"script":"<script> [8489 bytes]","args":[{"element-6066-11e4-a52e-4f735466cecf":"f.E04F53A89B741A5C45B2DD6DE3A1F810.d.0C7F5FE4232204CBF0552978D98421D3.e.1057","ELEMENT":"f.E04F53A89B741A5C45B2DD6DE3A1F810.d.0C7F5FE4232204CBF0552978D98421D3.e.1057"}]}
RESULT: {"script":"<script> [8489 bytes]","args":[{"element-6066-11e4-a52e-4f735466cecf":"f.E04F53A89B741A5C45B2DD6DE3A1F810.d.0C7F5FE4232204CBF0552978D98421D3.e.1057","ELEMENT":"f.E04F53A89B741A5C45B2DD6DE3A1F810.d.0C7F5FE4232204CBF0552978D98421D3.e.1057"}]}
COMMAND: GET /session/416ca3a003057b96434a2425fa5e92e2/element/f.E04F53A89B741A5C45B2DD6DE3A1F810.d.0C7F5FE4232204CBF0552978D98421D3.e.1057/enabled - {}
COMMAND: GET /session/416ca3a003057b96434a2425fa5e92e2/screenshot - {}
RESULT: {}
COMMAND: POST /session/416ca3a003057b96434a2425fa5e92e2/execute/sync - {"script":"<script> [8489 bytes]","args":[{"element-6066-11e4-a52e-4f735466cecf":"f.E04F53A89B741A5C45B2DD6DE3A1F810.d.0C7F5FE4232204CBF0552978D98421D3.e.1057","ELEMENT":"f.E04F53A89B741A5C45B2DD6DE3A1F810.d.0C7F5FE4232204CBF0552978D98421D3.e.1057"}]}
COMMAND: GET /session/416ca3a003057b96434a2425fa5e92e2/screenshot - {}
RESULT: {}
RESULT: {"script":"<script> [8489 bytes]","args":[{"element-6066-11e4-a52e-4f735466cecf":"f.E04F53A89B741A5C45B2DD6DE3A1F810.d.0C7F5FE4232204CBF0552978D98421D3.e.1057","ELEMENT":"f.E04F53A89B741A5C45B2DD6DE3A1F810.d.0C7F5FE4232204CBF0552978D98421D3.e.1057"}]}
COMMAND: POST /session/416ca3a003057b96434a2425fa5e92e2/execute/sync - {"script":"<script> [5351 bytes]","args":[{"element-6066-11e4-a52e-4f735466cecf":"f.E04F53A89B741A5C45B2DD6DE3A1F810.d.0C7F5FE4232204CBF0552978D98421D3.e.1057","ELEMENT":"f.E04F53A89B741A5C45B2DD6DE3A1F810.d.0C7F5FE4232204CBF0552978D98421D3.e.1057"}]}
COMMAND: GET /session/416ca3a003057b96434a2425fa5e92e2/screenshot - {}
RESULT: {}
RESULT: {"script":"<script> [5351 bytes]","args":[{"element-6066-11e4-a52e-4f735466cecf":"f.E04F53A89B741A5C45B2DD6DE3A1F810.d.0C7F5FE4232204CBF0552978D98421D3.e.1057","ELEMENT":"f.E04F53A89B741A5C45B2DD6DE3A1F810.d.0C7F5FE4232204CBF0552978D98421D3.e.1057"}]}
COMMAND: POST /session/416ca3a003057b96434a2425fa5e92e2/element/f.E04F53A89B741A5C45B2DD6DE3A1F810.d.0C7F5FE4232204CBF0552978D98421D3.e.1057/click - {}
COMMAND: GET /session/416ca3a003057b96434a2425fa5e92e2/screenshot - {}
RESULT: {}
RESULT: {}
COMMAND: GET /session/416ca3a003057b96434a2425fa5e92e2/screenshot - {}
COMMAND: POST /session/416ca3a003057b96434a2425fa5e92e2/execute/async - {"script":"<script> [1562 bytes]","args":[{"selector":{"id":"application-managepartners-display-component---NewPartner--addressDetailDetailsName1","interaction":{"idSuffix":"inner"}},"wdio_ui5_key":"applicationmanagepartners-display-component---NewPartner--addressDetailDetailsName1"}]}
RESULT: {}
RESULT: {}
RESULT: {"script":"<script> [1562 bytes]","args":[{"selector":{"id":"application-managepartners-display-component---NewPartner--addressDetailDetailsName1","interaction":{"idSuffix":"inner"}},"wdio_ui5_key":"applicationmanagepartners-display-component---NewPartner--addressDetailDetailsName1"}]}
RESULT: undefined
COMMAND: POST /session/416ca3a003057b96434a2425fa5e92e2/execute/async - {"script":"<script> [776 bytes]","args":[{"enterText":"Intercompany Partner WDIO","selector":{"id":"application-managepartners-display-component---NewPartner--addressDetailDetailsName1","interaction":{"idSuffix":"inner"}},"clearTextFirst":true,"interactionType":"ENTER_TEXT"}]}
RESULT: {"script":"<script> [776 bytes]","args":[{"enterText":"Intercompany Partner WDIO","selector":{"id":"application-managepartners-display-component---NewPartner--addressDetailDetailsName1","interaction":{"idSuffix":"inner"}},"clearTextFirst":true,"interactionType":"ENTER_TEXT"}]}
COMMAND: POST /session/416ca3a003057b96434a2425fa5e92e2/execute/async - {"script":"<script> [1562 bytes]","args":[{"selector":{"id":"application-managepartners-display-component---NewPartner--addressDetailDetailsLanguage-arrow"},"wdio_ui5_key":"applicationmanagepartners-display-component---NewPartner--addressDetailDetailsLanguage-arrow"}]}
RESULT: {"script":"<script> [1562 bytes]","args":[{"selector":{"id":"application-managepartners-display-component---NewPartner--addressDetailDetailsLanguage-arrow"},"wdio_ui5_key":"applicationmanagepartners-display-component---NewPartner--addressDetailDetailsLanguage-arrow"}]}
RESULT: undefined
COMMAND: POST /session/416ca3a003057b96434a2425fa5e92e2/element - {"using":"xpath","value":"//*[@id=\"application-managepartners-display-component---NewPartner--addressDetailDetailsLanguage-arrow\"]"}
RESULT: {"using":"xpath","value":"//*[@id=\"application-managepartners-display-component---NewPartner--addressDetailDetailsLanguage-arrow\"]"}
COMMAND: POST /session/416ca3a003057b96434a2425fa5e92e2/element/f.E04F53A89B741A5C45B2DD6DE3A1F810.d.0C7F5FE4232204CBF0552978D98421D3.e.1504/click - {}
RESULT: {}
COMMAND: POST /session/416ca3a003057b96434a2425fa5e92e2/element - {"using":"xpath","value":"//span[contains(text(), \"English\")]"}
COMMAND: GET /session/416ca3a003057b96434a2425fa5e92e2/screenshot - {}
RESULT: {"using":"xpath","value":"//span[contains(text(), \"English\")]"}
COMMAND: POST /session/416ca3a003057b96434a2425fa5e92e2/element/f.E04F53A89B741A5C45B2DD6DE3A1F810.d.0C7F5FE4232204CBF0552978D98421D3.e.1505/click - {}
RESULT: {}
RESULT: {}
COMMAND: GET /session/416ca3a003057b96434a2425fa5e92e2/screenshot - {}
RESULT: {}
COMMAND: POST /session/416ca3a003057b96434a2425fa5e92e2/execute/async - {"script":"<script> [1562 bytes]","args":[{"selector":{"id":"application-managepartners-display-component---NewPartner--addressDetailDetailsCity1","interaction":{"idSuffix":"inner"}},"wdio_ui5_key":"applicationmanagepartners-display-component---NewPartner--addressDetailDetailsCity1"}]}
RESULT: {"script":"<script> [1562 bytes]","args":[{"selector":{"id":"application-managepartners-display-component---NewPartner--addressDetailDetailsCity1","interaction":{"idSuffix":"inner"}},"wdio_ui5_key":"applicationmanagepartners-display-component---NewPartner--addressDetailDetailsCity1"}]}
RESULT: undefined
COMMAND: POST /session/416ca3a003057b96434a2425fa5e92e2/execute/async - {"script":"<script> [776 bytes]","args":[{"enterText":"Rosario","selector":{"id":"application-managepartners-display-component---NewPartner--addressDetailDetailsCity1","interaction":{"idSuffix":"inner"}},"clearTextFirst":true,"interactionType":"ENTER_TEXT"}]}
RESULT: {"script":"<script> [776 bytes]","args":[{"enterText":"Rosario","selector":{"id":"application-managepartners-display-component---NewPartner--addressDetailDetailsCity1","interaction":{"idSuffix":"inner"}},"clearTextFirst":true,"interactionType":"ENTER_TEXT"}]}
COMMAND: POST /session/416ca3a003057b96434a2425fa5e92e2/execute/async - {"script":"<script> [1562 bytes]","args":[{"selector":{"id":"application-managepartners-display-component---NewPartner--addressDetailDetailsCountry-arrow"},"wdio_ui5_key":"applicationmanagepartners-display-component---NewPartner--addressDetailDetailsCountry-arrow"}]}
RESULT: {"script":"<script> [1562 bytes]","args":[{"selector":{"id":"application-managepartners-display-component---NewPartner--addressDetailDetailsCountry-arrow"},"wdio_ui5_key":"applicationmanagepartners-display-component---NewPartner--addressDetailDetailsCountry-arrow"}]}
RESULT: undefined
COMMAND: POST /session/416ca3a003057b96434a2425fa5e92e2/element - {"using":"xpath","value":"//*[@id=\"application-managepartners-display-component---NewPartner--addressDetailDetailsCountry-arrow\"]"}
RESULT: {"using":"xpath","value":"//*[@id=\"application-managepartners-display-component---NewPartner--addressDetailDetailsCountry-arrow\"]"}
COMMAND: POST /session/416ca3a003057b96434a2425fa5e92e2/element/f.E04F53A89B741A5C45B2DD6DE3A1F810.d.0C7F5FE4232204CBF0552978D98421D3.e.1472/click - {}
RESULT: {}
COMMAND: POST /session/416ca3a003057b96434a2425fa5e92e2/element - {"using":"xpath","value":"//span[contains(text(), \"Argentina\")]"}
COMMAND: GET /session/416ca3a003057b96434a2425fa5e92e2/screenshot - {}
RESULT: {"using":"xpath","value":"//span[contains(text(), \"Argentina\")]"}
COMMAND: POST /session/416ca3a003057b96434a2425fa5e92e2/element/f.E04F53A89B741A5C45B2DD6DE3A1F810.d.0C7F5FE4232204CBF0552978D98421D3.e.1507/click - {}
RESULT: {}
RESULT: {}
COMMAND: GET /session/416ca3a003057b96434a2425fa5e92e2/screenshot - {}
RESULT: {}
COMMAND: POST /session/416ca3a003057b96434a2425fa5e92e2/element - {"using":"xpath","value":"//bdi[contains(text(), \"Commercial\")]"}
RESULT: {"using":"xpath","value":"//bdi[contains(text(), \"Commercial\")]"}
COMMAND: POST /session/416ca3a003057b96434a2425fa5e92e2/element/f.E04F53A89B741A5C45B2DD6DE3A1F810.d.0C7F5FE4232204CBF0552978D98421D3.e.1508/click - {}
RESULT: {}
COMMAND: GET /session/416ca3a003057b96434a2425fa5e92e2/screenshot - {}
RESULT: {}
COMMAND: POST /session/416ca3a003057b96434a2425fa5e92e2/execute/async - {"script":"<script> [1562 bytes]","args":[{"selector":{"id":"application-managepartners-display-component---NewPartner--partnerDetailInternal-arrow"},"wdio_ui5_key":"applicationmanagepartners-display-component---NewPartner--partnerDetailInternal-arrow"}]}
RESULT: {"script":"<script> [1562 bytes]","args":[{"selector":{"id":"application-managepartners-display-component---NewPartner--partnerDetailInternal-arrow"},"wdio_ui5_key":"applicationmanagepartners-display-component---NewPartner--partnerDetailInternal-arrow"}]}
RESULT: undefined
COMMAND: POST /session/416ca3a003057b96434a2425fa5e92e2/element - {"using":"xpath","value":"//*[@id=\"application-managepartners-display-component---NewPartner--partnerDetailInternal-arrow\"]"}
RESULT: {"using":"xpath","value":"//*[@id=\"application-managepartners-display-component---NewPartner--partnerDetailInternal-arrow\"]"}
COMMAND: POST /session/416ca3a003057b96434a2425fa5e92e2/element/f.E04F53A89B741A5C45B2DD6DE3A1F810.d.0C7F5FE4232204CBF0552978D98421D3.e.1514/click - {}
RESULT: {}
COMMAND: POST /session/416ca3a003057b96434a2425fa5e92e2/element - {"using":"xpath","value":"//span[contains(text(), \"Affiliated company\")]"}
COMMAND: GET /session/416ca3a003057b96434a2425fa5e92e2/screenshot - {}
RESULT: {"using":"xpath","value":"//span[contains(text(), \"Affiliated company\")]"}
COMMAND: POST /session/416ca3a003057b96434a2425fa5e92e2/element/f.E04F53A89B741A5C45B2DD6DE3A1F810.d.0C7F5FE4232204CBF0552978D98421D3.e.1515/click - {}
RESULT: {}
RESULT: {}
COMMAND: POST /session/416ca3a003057b96434a2425fa5e92e2/execute/async - {"script":"<script> [1562 bytes]","args":[{"selector":{"id":"application-managepartners-display-component---NewPartner--partnerDetailsCurrency-arrow"},"wdio_ui5_key":"applicationmanagepartners-display-component---NewPartner--partnerDetailsCurrency-arrow"}]}
COMMAND: GET /session/416ca3a003057b96434a2425fa5e92e2/screenshot - {}
RESULT: {"script":"<script> [1562 bytes]","args":[{"selector":{"id":"application-managepartners-display-component---NewPartner--partnerDetailsCurrency-arrow"},"wdio_ui5_key":"applicationmanagepartners-display-component---NewPartner--partnerDetailsCurrency-arrow"}]}
RESULT: undefined
COMMAND: POST /session/416ca3a003057b96434a2425fa5e92e2/element - {"using":"xpath","value":"//*[@id=\"application-managepartners-display-component---NewPartner--partnerDetailsCurrency-arrow\"]"}
RESULT: {}
RESULT: {"using":"xpath","value":"//*[@id=\"application-managepartners-display-component---NewPartner--partnerDetailsCurrency-arrow\"]"}
COMMAND: POST /session/416ca3a003057b96434a2425fa5e92e2/element/f.E04F53A89B741A5C45B2DD6DE3A1F810.d.0C7F5FE4232204CBF0552978D98421D3.e.1522/click - {}
RESULT: {}
COMMAND: POST /session/416ca3a003057b96434a2425fa5e92e2/element - {"using":"xpath","value":"//span[contains(text(), \"Euro\")]"}
COMMAND: GET /session/416ca3a003057b96434a2425fa5e92e2/screenshot - {}
RESULT: {"using":"xpath","value":"//span[contains(text(), \"Euro\")]"}
COMMAND: POST /session/416ca3a003057b96434a2425fa5e92e2/element/f.E04F53A89B741A5C45B2DD6DE3A1F810.d.0C7F5FE4232204CBF0552978D98421D3.e.1523/click - {}
RESULT: {}
RESULT: {}
COMMAND: POST /session/416ca3a003057b96434a2425fa5e92e2/execute/async - {"script":"<script> [1562 bytes]","args":[{"selector":{"id":"application-managepartners-display-component---NewPartner--addressEditDetailsCostObjectCstType-arrow"},"wdio_ui5_key":"applicationmanagepartners-display-component---NewPartner--addressEditDetailsCostObjectCstType-arrow"}]}
COMMAND: GET /session/416ca3a003057b96434a2425fa5e92e2/screenshot - {}
RESULT: {"script":"<script> [1562 bytes]","args":[{"selector":{"id":"application-managepartners-display-component---NewPartner--addressEditDetailsCostObjectCstType-arrow"},"wdio_ui5_key":"applicationmanagepartners-display-component---NewPartner--addressEditDetailsCostObjectCstType-arrow"}]}
RESULT: undefined
COMMAND: POST /session/416ca3a003057b96434a2425fa5e92e2/element - {"using":"xpath","value":"//*[@id=\"application-managepartners-display-component---NewPartner--addressEditDetailsCostObjectCstType-arrow\"]"}
RESULT: {}
RESULT: {"using":"xpath","value":"//*[@id=\"application-managepartners-display-component---NewPartner--addressEditDetailsCostObjectCstType-arrow\"]"}
COMMAND: POST /session/416ca3a003057b96434a2425fa5e92e2/element/f.E04F53A89B741A5C45B2DD6DE3A1F810.d.0C7F5FE4232204CBF0552978D98421D3.e.1524/click - {}
RESULT: {}
COMMAND: POST /session/416ca3a003057b96434a2425fa5e92e2/element - {"using":"xpath","value":"//span[contains(text(), \"Cost Center\")]"}
COMMAND: GET /session/416ca3a003057b96434a2425fa5e92e2/screenshot - {}
RESULT: {"using":"xpath","value":"//span[contains(text(), \"Cost Center\")]"}
COMMAND: POST /session/416ca3a003057b96434a2425fa5e92e2/element/f.E04F53A89B741A5C45B2DD6DE3A1F810.d.0C7F5FE4232204CBF0552978D98421D3.e.1525/click - {}
RESULT: {}
RESULT: {}
COMMAND: GET /session/416ca3a003057b96434a2425fa5e92e2/screenshot - {}
RESULT: {}
COMMAND: POST /session/416ca3a003057b96434a2425fa5e92e2/element - {"using":"xpath","value":"//span[@id=\"application-managepartners-display-component---NewPartner--addressNewCostObjectCstID-vhi\"]"}
RESULT: {"using":"xpath","value":"//span[@id=\"application-managepartners-display-component---NewPartner--addressNewCostObjectCstID-vhi\"]"}
COMMAND: POST /session/416ca3a003057b96434a2425fa5e92e2/execute/sync - {"script":"<script> [8489 bytes]","args":[{"element-6066-11e4-a52e-4f735466cecf":"f.E04F53A89B741A5C45B2DD6DE3A1F810.d.0C7F5FE4232204CBF0552978D98421D3.e.1529","ELEMENT":"f.E04F53A89B741A5C45B2DD6DE3A1F810.d.0C7F5FE4232204CBF0552978D98421D3.e.1529"}]}
RESULT: {"script":"<script> [8489 bytes]","args":[{"element-6066-11e4-a52e-4f735466cecf":"f.E04F53A89B741A5C45B2DD6DE3A1F810.d.0C7F5FE4232204CBF0552978D98421D3.e.1529","ELEMENT":"f.E04F53A89B741A5C45B2DD6DE3A1F810.d.0C7F5FE4232204CBF0552978D98421D3.e.1529"}]}
COMMAND: POST /session/416ca3a003057b96434a2425fa5e92e2/execute/async - {"script":"<script> [1562 bytes]","args":[{"selector":{"id":"application-managepartners-display-component---NewPartner--addressNewCostObjectCstID-vhi"},"wdio_ui5_key":"applicationmanagepartners-display-component---NewPartner--addressNewCostObjectCstID-vhi"}]}
COMMAND: GET /session/416ca3a003057b96434a2425fa5e92e2/screenshot - {}
RESULT: {"script":"<script> [1562 bytes]","args":[{"selector":{"id":"application-managepartners-display-component---NewPartner--addressNewCostObjectCstID-vhi"},"wdio_ui5_key":"applicationmanagepartners-display-component---NewPartner--addressNewCostObjectCstID-vhi"}]}
RESULT: undefined
COMMAND: POST /session/416ca3a003057b96434a2425fa5e92e2/element - {"using":"xpath","value":"//*[@id=\"application-managepartners-display-component---NewPartner--addressNewCostObjectCstID-vhi\"]"}
RESULT: {}
RESULT: {"using":"xpath","value":"//*[@id=\"application-managepartners-display-component---NewPartner--addressNewCostObjectCstID-vhi\"]"}
COMMAND: POST /session/416ca3a003057b96434a2425fa5e92e2/element/f.E04F53A89B741A5C45B2DD6DE3A1F810.d.0C7F5FE4232204CBF0552978D98421D3.e.1529/click - {}
RESULT: {}
COMMAND: GET /session/416ca3a003057b96434a2425fa5e92e2/screenshot - {}
RESULT: {}
RESULT: undefined
COMMAND: POST /session/416ca3a003057b96434a2425fa5e92e2/execute/async - {"script":"<script> [776 bytes]","args":[{"enterText":"10001013","selector":{"controlType":"sap.m.SearchField","properties":{"placeholder":"Search"},"searchOpenDialogs":true,"interaction":{"idSuffix":"I"}},"clearTextFirst":true,"interactionType":"ENTER_TEXT"}]}
RESULT: {"script":"<script> [776 bytes]","args":[{"enterText":"10001013","selector":{"controlType":"sap.m.SearchField","properties":{"placeholder":"Search"},"searchOpenDialogs":true,"interaction":{"idSuffix":"I"}},"clearTextFirst":true,"interactionType":"ENTER_TEXT"}]}
COMMAND: POST /session/416ca3a003057b96434a2425fa5e92e2/actions - {"actions":[{"id":"action2","type":"key","parameters":{},"actions":[{"type":"keyDown","value":"î€‡"},{"type":"pause","duration":10},{"type":"keyUp","value":"î€‡"}]}]}
RESULT: {"actions":[{"id":"action2","type":"key","parameters":{},"actions":[{"type":"keyDown","value":"î€‡"},{"type":"pause","duration":10},{"type":"keyUp","value":"î€‡"}]}]}
COMMAND: GET /session/416ca3a003057b96434a2425fa5e92e2/screenshot - {}
RESULT: {}
COMMAND: POST /session/416ca3a003057b96434a2425fa5e92e2/element - {"using":"xpath","value":"//span[contains(text(), \"General Management\")]"}
RESULT: {"using":"xpath","value":"//span[contains(text(), \"General Management\")]"}
COMMAND: POST /session/416ca3a003057b96434a2425fa5e92e2/element/f.E04F53A89B741A5C45B2DD6DE3A1F810.d.0C7F5FE4232204CBF0552978D98421D3.e.1568/click - {}
RESULT: {}
COMMAND: GET /session/416ca3a003057b96434a2425fa5e92e2/screenshot - {}
RESULT: {}
COMMAND: POST /session/416ca3a003057b96434a2425fa5e92e2/element - {"using":"xpath","value":"//bdi[contains(text(), \"OK\")]"}
RESULT: {"using":"xpath","value":"//bdi[contains(text(), \"OK\")]"}
COMMAND: POST /session/416ca3a003057b96434a2425fa5e92e2/element/f.E04F53A89B741A5C45B2DD6DE3A1F810.d.0C7F5FE4232204CBF0552978D98421D3.e.1569/click - {}
RESULT: {}
COMMAND: GET /session/416ca3a003057b96434a2425fa5e92e2/screenshot - {}
RESULT: {}
COMMAND: POST /session/416ca3a003057b96434a2425fa5e92e2/element - {"using":"xpath","value":"//input[@id=\"application-managepartners-display-component---NewPartner--companyCodeComboBox-inner\"]"}
RESULT: {"using":"xpath","value":"//input[@id=\"application-managepartners-display-component---NewPartner--companyCodeComboBox-inner\"]"}
COMMAND: POST /session/416ca3a003057b96434a2425fa5e92e2/element/f.E04F53A89B741A5C45B2DD6DE3A1F810.d.0C7F5FE4232204CBF0552978D98421D3.e.1372/clear - {}
RESULT: {}
COMMAND: POST /session/416ca3a003057b96434a2425fa5e92e2/element/f.E04F53A89B741A5C45B2DD6DE3A1F810.d.0C7F5FE4232204CBF0552978D98421D3.e.1372/value - {"text":"C002"}
COMMAND: GET /session/416ca3a003057b96434a2425fa5e92e2/screenshot - {}
RESULT: {"text":"C002"}
COMMAND: GET /session/416ca3a003057b96434a2425fa5e92e2/screenshot - {}
RESULT: {}
RESULT: {}
COMMAND: POST /session/416ca3a003057b96434a2425fa5e92e2/element - {"using":"xpath","value":"//li[.//span[text()= \"C002\"]]"}
RESULT: {"using":"xpath","value":"//li[.//span[text()= \"C002\"]]"}
COMMAND: POST /session/416ca3a003057b96434a2425fa5e92e2/element/f.E04F53A89B741A5C45B2DD6DE3A1F810.d.0C7F5FE4232204CBF0552978D98421D3.e.1575/click - {}
RESULT: {}
COMMAND: GET /session/416ca3a003057b96434a2425fa5e92e2/screenshot - {}
RESULT: {}
COMMAND: POST /session/416ca3a003057b96434a2425fa5e92e2/execute/async - {"script":"<script> [1562 bytes]","args":[{"selector":{"id":"application-managepartners-display-component---NewPartner--btnAddTableRow-img"},"wdio_ui5_key":"applicationmanagepartners-display-component---NewPartner--btnAddTableRow-img"}]}
RESULT: {"script":"<script> [1562 bytes]","args":[{"selector":{"id":"application-managepartners-display-component---NewPartner--btnAddTableRow-img"},"wdio_ui5_key":"applicationmanagepartners-display-component---NewPartner--btnAddTableRow-img"}]}
RESULT: undefined
COMMAND: POST /session/416ca3a003057b96434a2425fa5e92e2/element - {"using":"xpath","value":"//*[@id=\"application-managepartners-display-component---NewPartner--btnAddTableRow-img\"]"}
RESULT: {"using":"xpath","value":"//*[@id=\"application-managepartners-display-component---NewPartner--btnAddTableRow-img\"]"}
COMMAND: POST /session/416ca3a003057b96434a2425fa5e92e2/element/f.E04F53A89B741A5C45B2DD6DE3A1F810.d.0C7F5FE4232204CBF0552978D98421D3.e.1576/click - {}
RESULT: {}
COMMAND: GET /session/416ca3a003057b96434a2425fa5e92e2/screenshot - {}
RESULT: {}
COMMAND: POST /session/416ca3a003057b96434a2425fa5e92e2/element - {"using":"xpath","value":"//input[@id=\"application-managepartners-display-component---NewPartner--assignmentYard-application-managepartners-display-component---NewPartner--assignmentsTable-0-inner\"]"}
RESULT: {"using":"xpath","value":"//input[@id=\"application-managepartners-display-component---NewPartner--assignmentYard-application-managepartners-display-component---NewPartner--assignmentsTable-0-inner\"]"}
COMMAND: POST /session/416ca3a003057b96434a2425fa5e92e2/element/f.E04F53A89B741A5C45B2DD6DE3A1F810.d.0C7F5FE4232204CBF0552978D98421D3.e.1579/clear - {}
RESULT: {}
COMMAND: POST /session/416ca3a003057b96434a2425fa5e92e2/element/f.E04F53A89B741A5C45B2DD6DE3A1F810.d.0C7F5FE4232204CBF0552978D98421D3.e.1579/value - {"text":"365"}
COMMAND: GET /session/416ca3a003057b96434a2425fa5e92e2/screenshot - {}
RESULT: {"text":"365"}
COMMAND: GET /session/416ca3a003057b96434a2425fa5e92e2/screenshot - {}
RESULT: {}
RESULT: {}
COMMAND: POST /session/416ca3a003057b96434a2425fa5e92e2/element - {"using":"xpath","value":"//li[.//span[text()='365']]"}
RESULT: {"using":"xpath","value":"//li[.//span[text()='365']]"}
COMMAND: POST /session/416ca3a003057b96434a2425fa5e92e2/element/f.E04F53A89B741A5C45B2DD6DE3A1F810.d.0C7F5FE4232204CBF0552978D98421D3.e.1588/click - {}
RESULT: {}
COMMAND: GET /session/416ca3a003057b96434a2425fa5e92e2/screenshot - {}
RESULT: {}
COMMAND: POST /session/416ca3a003057b96434a2425fa5e92e2/actions - {"actions":[{"id":"action3","type":"key","parameters":{},"actions":[{"type":"keyDown","value":"î€‡"},{"type":"pause","duration":10},{"type":"keyUp","value":"î€‡"}]}]}
RESULT: {"actions":[{"id":"action3","type":"key","parameters":{},"actions":[{"type":"keyDown","value":"î€‡"},{"type":"pause","duration":10},{"type":"keyUp","value":"î€‡"}]}]}
COMMAND: POST /session/416ca3a003057b96434a2425fa5e92e2/execute/async - {"script":"<script> [1562 bytes]","args":[{"selector":{"id":"application-managepartners-display-component---NewPartner--externalCustomerComboBox-application-managepartners-display-component---NewPartner--assignmentsTable-0-vhi"},"wdio_ui5_key":"applicationmanagepartners-display-component---NewPartner--externalCustomerComboBox-application-managepartners-display-component---NewPartner--assignmentsTable-0-vhi"}]}
COMMAND: GET /session/416ca3a003057b96434a2425fa5e92e2/screenshot - {}
RESULT: {"script":"<script> [1562 bytes]","args":[{"selector":{"id":"application-managepartners-display-component---NewPartner--externalCustomerComboBox-application-managepartners-display-component---NewPartner--assignmentsTable-0-vhi"},"wdio_ui5_key":"applicationmanagepartners-display-component---NewPartner--externalCustomerComboBox-application-managepartners-display-component---NewPartner--assignmentsTable-0-vhi"}]}
RESULT: undefined
COMMAND: POST /session/416ca3a003057b96434a2425fa5e92e2/element - {"using":"xpath","value":"//*[@id=\"application-managepartners-display-component---NewPartner--externalCustomerComboBox-application-managepartners-display-component---NewPartner--assignmentsTable-0-vhi\"]"}
RESULT: {}
RESULT: {"using":"xpath","value":"//*[@id=\"application-managepartners-display-component---NewPartner--externalCustomerComboBox-application-managepartners-display-component---NewPartner--assignmentsTable-0-vhi\"]"}
COMMAND: POST /session/416ca3a003057b96434a2425fa5e92e2/element/f.E04F53A89B741A5C45B2DD6DE3A1F810.d.0C7F5FE4232204CBF0552978D98421D3.e.1592/click - {}
RESULT: {}
RESULT: undefined
COMMAND: POST /session/416ca3a003057b96434a2425fa5e92e2/execute/async - {"script":"<script> [776 bytes]","args":[{"enterText":"300003","selector":{"controlType":"sap.m.SearchField","properties":{"placeholder":"Search"},"searchOpenDialogs":true,"interaction":{"idSuffix":"I"}},"clearTextFirst":true,"interactionType":"ENTER_TEXT"}]}
COMMAND: GET /session/416ca3a003057b96434a2425fa5e92e2/screenshot - {}
RESULT: {"script":"<script> [776 bytes]","args":[{"enterText":"300003","selector":{"controlType":"sap.m.SearchField","properties":{"placeholder":"Search"},"searchOpenDialogs":true,"interaction":{"idSuffix":"I"}},"clearTextFirst":true,"interactionType":"ENTER_TEXT"}]}
COMMAND: POST /session/416ca3a003057b96434a2425fa5e92e2/actions - {"actions":[{"id":"action4","type":"key","parameters":{},"actions":[{"type":"keyDown","value":"î€‡"},{"type":"pause","duration":10},{"type":"keyUp","value":"î€‡"}]}]}
RESULT: {}
RESULT: {"actions":[{"id":"action4","type":"key","parameters":{},"actions":[{"type":"keyDown","value":"î€‡"},{"type":"pause","duration":10},{"type":"keyUp","value":"î€‡"}]}]}
COMMAND: GET /session/416ca3a003057b96434a2425fa5e92e2/screenshot - {}
RESULT: {}
COMMAND: POST /session/416ca3a003057b96434a2425fa5e92e2/element - {"using":"xpath","value":"//span[contains(text(), \"300003\")]"}
RESULT: {"using":"xpath","value":"//span[contains(text(), \"300003\")]"}
COMMAND: POST /session/416ca3a003057b96434a2425fa5e92e2/element/f.E04F53A89B741A5C45B2DD6DE3A1F810.d.0C7F5FE4232204CBF0552978D98421D3.e.1610/click - {}
RESULT: {}
COMMAND: GET /session/416ca3a003057b96434a2425fa5e92e2/screenshot - {}
RESULT: {}
COMMAND: POST /session/416ca3a003057b96434a2425fa5e92e2/element - {"using":"xpath","value":"//bdi[contains(text(), \"OK\")]"}
RESULT: {"using":"xpath","value":"//bdi[contains(text(), \"OK\")]"}
COMMAND: POST /session/416ca3a003057b96434a2425fa5e92e2/element/f.E04F53A89B741A5C45B2DD6DE3A1F810.d.0C7F5FE4232204CBF0552978D98421D3.e.1612/click - {}
RESULT: {}
COMMAND: GET /session/416ca3a003057b96434a2425fa5e92e2/screenshot - {}
RESULT: {}
COMMAND: POST /session/416ca3a003057b96434a2425fa5e92e2/execute/async - {"script":"<script> [1562 bytes]","args":[{"selector":{"id":"application-managepartners-display-component---NewPartner--intercompVendorComboBox-application-managepartners-display-component---NewPartner--assignmentsTable-0-vhi"},"wdio_ui5_key":"applicationmanagepartners-display-component---NewPartner--intercompVendorComboBox-application-managepartners-display-component---NewPartner--assignmentsTable-0-vhi"}]}
RESULT: {"script":"<script> [1562 bytes]","args":[{"selector":{"id":"application-managepartners-display-component---NewPartner--intercompVendorComboBox-application-managepartners-display-component---NewPartner--assignmentsTable-0-vhi"},"wdio_ui5_key":"applicationmanagepartners-display-component---NewPartner--intercompVendorComboBox-application-managepartners-display-component---NewPartner--assignmentsTable-0-vhi"}]}
RESULT: undefined
COMMAND: POST /session/416ca3a003057b96434a2425fa5e92e2/element - {"using":"xpath","value":"//*[@id=\"application-managepartners-display-component---NewPartner--intercompVendorComboBox-application-managepartners-display-component---NewPartner--assignmentsTable-0-vhi\"]"}
RESULT: {"using":"xpath","value":"//*[@id=\"application-managepartners-display-component---NewPartner--intercompVendorComboBox-application-managepartners-display-component---NewPartner--assignmentsTable-0-vhi\"]"}
COMMAND: POST /session/416ca3a003057b96434a2425fa5e92e2/element/f.E04F53A89B741A5C45B2DD6DE3A1F810.d.0C7F5FE4232204CBF0552978D98421D3.e.1615/click - {}
RESULT: {}
RESULT: undefined
COMMAND: POST /session/416ca3a003057b96434a2425fa5e92e2/execute/async - {"script":"<script> [776 bytes]","args":[{"enterText":"100005","selector":{"controlType":"sap.m.SearchField","properties":{"placeholder":"Search"},"searchOpenDialogs":true,"interaction":{"idSuffix":"I"}},"clearTextFirst":true,"interactionType":"ENTER_TEXT"}]}
COMMAND: GET /session/416ca3a003057b96434a2425fa5e92e2/screenshot - {}
RESULT: {"script":"<script> [776 bytes]","args":[{"enterText":"100005","selector":{"controlType":"sap.m.SearchField","properties":{"placeholder":"Search"},"searchOpenDialogs":true,"interaction":{"idSuffix":"I"}},"clearTextFirst":true,"interactionType":"ENTER_TEXT"}]}
COMMAND: POST /session/416ca3a003057b96434a2425fa5e92e2/actions - {"actions":[{"id":"action5","type":"key","parameters":{},"actions":[{"type":"keyDown","value":"î€‡"},{"type":"pause","duration":10},{"type":"keyUp","value":"î€‡"}]}]}
RESULT: {}
RESULT: {"actions":[{"id":"action5","type":"key","parameters":{},"actions":[{"type":"keyDown","value":"î€‡"},{"type":"pause","duration":10},{"type":"keyUp","value":"î€‡"}]}]}
COMMAND: GET /session/416ca3a003057b96434a2425fa5e92e2/screenshot - {}
RESULT: {}
COMMAND: POST /session/416ca3a003057b96434a2425fa5e92e2/element - {"using":"xpath","value":"//span[contains(text(), \"Penguins - Field/12345 Berlin\")]"}
RESULT: {"using":"xpath","value":"//span[contains(text(), \"Penguins - Field/12345 Berlin\")]"}
COMMAND: POST /session/416ca3a003057b96434a2425fa5e92e2/element/f.E04F53A89B741A5C45B2DD6DE3A1F810.d.0C7F5FE4232204CBF0552978D98421D3.e.1633/click - {}
RESULT: {}
COMMAND: GET /session/416ca3a003057b96434a2425fa5e92e2/screenshot - {}
RESULT: {}
COMMAND: POST /session/416ca3a003057b96434a2425fa5e92e2/element - {"using":"xpath","value":"//bdi[contains(text(), \"OK\")]"}
RESULT: {"using":"xpath","value":"//bdi[contains(text(), \"OK\")]"}
COMMAND: POST /session/416ca3a003057b96434a2425fa5e92e2/element/f.E04F53A89B741A5C45B2DD6DE3A1F810.d.0C7F5FE4232204CBF0552978D98421D3.e.1634/click - {}
RESULT: {}
COMMAND: GET /session/416ca3a003057b96434a2425fa5e92e2/screenshot - {}
RESULT: {}
COMMAND: POST /session/416ca3a003057b96434a2425fa5e92e2/element - {"using":"xpath","value":"//button[@data-kt=\"saveButton\"]"}
RESULT: {"using":"xpath","value":"//button[@data-kt=\"saveButton\"]"}
COMMAND: POST /session/416ca3a003057b96434a2425fa5e92e2/element/f.E04F53A89B741A5C45B2DD6DE3A1F810.d.0C7F5FE4232204CBF0552978D98421D3.e.1383/click - {}
RESULT: {}
COMMAND: GET /session/416ca3a003057b96434a2425fa5e92e2/screenshot - {}
RESULT: {}
COMMAND: POST /session/416ca3a003057b96434a2425fa5e92e2/element - {"using":"xpath","value":"//header[contains(@id, 'ObjectPageLayout-headerTitle')]/div[1]/div[2]/div[2]/span[1]"}
RESULT: {"using":"xpath","value":"//header[contains(@id, 'ObjectPageLayout-headerTitle')]/div[1]/div[2]/div[2]/span[1]"}
COMMAND: POST /session/416ca3a003057b96434a2425fa5e92e2/elements - {"using":"xpath","value":"//header[contains(@id, 'ObjectPageLayout-headerTitle')]/div[1]/div[2]/div[2]/span[1]"}
RESULT: {"using":"xpath","value":"//header[contains(@id, 'ObjectPageLayout-headerTitle')]/div[1]/div[2]/div[2]/span[1]"}
COMMAND: POST /session/416ca3a003057b96434a2425fa5e92e2/execute/sync - {"script":"<script> [56 bytes]","args":[{"element-6066-11e4-a52e-4f735466cecf":"f.E04F53A89B741A5C45B2DD6DE3A1F810.d.0C7F5FE4232204CBF0552978D98421D3.e.1801","ELEMENT":"f.E04F53A89B741A5C45B2DD6DE3A1F810.d.0C7F5FE4232204CBF0552978D98421D3.e.1801"}]}
RESULT: {"script":"<script> [56 bytes]","args":[{"element-6066-11e4-a52e-4f735466cecf":"f.E04F53A89B741A5C45B2DD6DE3A1F810.d.0C7F5FE4232204CBF0552978D98421D3.e.1801","ELEMENT":"f.E04F53A89B741A5C45B2DD6DE3A1F810.d.0C7F5FE4232204CBF0552978D98421D3.e.1801"}]}
COMMAND: POST /session/416ca3a003057b96434a2425fa5e92e2/element - {"using":"css selector","value":"#shell-header-logo"}
COMMAND: GET /session/416ca3a003057b96434a2425fa5e92e2/screenshot - {}
RESULT: {"using":"css selector","value":"#shell-header-logo"}
COMMAND: POST /session/416ca3a003057b96434a2425fa5e92e2/element/f.E04F53A89B741A5C45B2DD6DE3A1F810.d.0C7F5FE4232204CBF0552978D98421D3.e.1012/click - {}
RESULT: {}
RESULT: {}
COMMAND: GET /session/416ca3a003057b96434a2425fa5e92e2/screenshot - {}
RESULT: {}
COMMAND: POST /session/416ca3a003057b96434a2425fa5e92e2/execute/sync - {"script":"<script> [299 bytes]","args":[["getModel","getResource"]]}
RESULT: {"script":"<script> [299 bytes]","args":[["getModel","getResource"]]}
]]></system-out>
    </testcase>
    <testcase classname="chrome.136_0_7103_49.windows.Billing_Transfer_-_Master_data_&amp;_Intercompany_US127250" name="Should create a new site" time="142.436">
      <system-out><![CDATA[
COMMAND: GET /session/416ca3a003057b96434a2425fa5e92e2/screenshot - {}
COMMAND: POST /session/416ca3a003057b96434a2425fa5e92e2/execute/async - {"script":"<script> [1562 bytes]","args":[{"selector":{"controlType":"sap.m.GenericTile","properties":{"header":"Manage Sites"}},"wdio_ui5_key":"sapm.GenericTile{\"header\":\"Manage Sites\"}"}]}
RESULT: {"script":"<script> [1562 bytes]","args":[{"selector":{"controlType":"sap.m.GenericTile","properties":{"header":"Manage Sites"}},"wdio_ui5_key":"sapm.GenericTile{\"header\":\"Manage Sites\"}"}]}
RESULT: undefined
COMMAND: POST /session/416ca3a003057b96434a2425fa5e92e2/element - {"using":"xpath","value":"//*[@id=\"__tile40\"]"}
RESULT: {}
RESULT: {"using":"xpath","value":"//*[@id=\"__tile40\"]"}
COMMAND: POST /session/416ca3a003057b96434a2425fa5e92e2/element/f.E04F53A89B741A5C45B2DD6DE3A1F810.d.0C7F5FE4232204CBF0552978D98421D3.e.170/click - {}
RESULT: {}
COMMAND: GET /session/416ca3a003057b96434a2425fa5e92e2/screenshot - {}
RESULT: {}
COMMAND: POST /session/416ca3a003057b96434a2425fa5e92e2/elements - {"using":"xpath","value":"//span[text()='Error']"}
RESULT: {"using":"xpath","value":"//span[text()='Error']"}
COMMAND: POST /session/416ca3a003057b96434a2425fa5e92e2/element - {"using":"xpath","value":"//button[@data-kt=\"addOverflowToolbarButton\"]"}
RESULT: {"using":"xpath","value":"//button[@data-kt=\"addOverflowToolbarButton\"]"}
COMMAND: POST /session/416ca3a003057b96434a2425fa5e92e2/elements - {"using":"xpath","value":"//button[@data-kt=\"addOverflowToolbarButton\"]"}
RESULT: {"using":"xpath","value":"//button[@data-kt=\"addOverflowToolbarButton\"]"}
COMMAND: POST /session/416ca3a003057b96434a2425fa5e92e2/execute/sync - {"script":"<script> [8489 bytes]","args":[{"element-6066-11e4-a52e-4f735466cecf":"f.E04F53A89B741A5C45B2DD6DE3A1F810.d.0C7F5FE4232204CBF0552978D98421D3.e.1848","ELEMENT":"f.E04F53A89B741A5C45B2DD6DE3A1F810.d.0C7F5FE4232204CBF0552978D98421D3.e.1848"}]}
RESULT: {"script":"<script> [8489 bytes]","args":[{"element-6066-11e4-a52e-4f735466cecf":"f.E04F53A89B741A5C45B2DD6DE3A1F810.d.0C7F5FE4232204CBF0552978D98421D3.e.1848","ELEMENT":"f.E04F53A89B741A5C45B2DD6DE3A1F810.d.0C7F5FE4232204CBF0552978D98421D3.e.1848"}]}
COMMAND: GET /session/416ca3a003057b96434a2425fa5e92e2/element/f.E04F53A89B741A5C45B2DD6DE3A1F810.d.0C7F5FE4232204CBF0552978D98421D3.e.1848/enabled - {}
COMMAND: GET /session/416ca3a003057b96434a2425fa5e92e2/screenshot - {}
RESULT: {}
COMMAND: POST /session/416ca3a003057b96434a2425fa5e92e2/execute/sync - {"script":"<script> [8489 bytes]","args":[{"element-6066-11e4-a52e-4f735466cecf":"f.E04F53A89B741A5C45B2DD6DE3A1F810.d.0C7F5FE4232204CBF0552978D98421D3.e.1848","ELEMENT":"f.E04F53A89B741A5C45B2DD6DE3A1F810.d.0C7F5FE4232204CBF0552978D98421D3.e.1848"}]}
COMMAND: GET /session/416ca3a003057b96434a2425fa5e92e2/screenshot - {}
RESULT: {}
RESULT: {"script":"<script> [8489 bytes]","args":[{"element-6066-11e4-a52e-4f735466cecf":"f.E04F53A89B741A5C45B2DD6DE3A1F810.d.0C7F5FE4232204CBF0552978D98421D3.e.1848","ELEMENT":"f.E04F53A89B741A5C45B2DD6DE3A1F810.d.0C7F5FE4232204CBF0552978D98421D3.e.1848"}]}
COMMAND: POST /session/416ca3a003057b96434a2425fa5e92e2/execute/sync - {"script":"<script> [5351 bytes]","args":[{"element-6066-11e4-a52e-4f735466cecf":"f.E04F53A89B741A5C45B2DD6DE3A1F810.d.0C7F5FE4232204CBF0552978D98421D3.e.1848","ELEMENT":"f.E04F53A89B741A5C45B2DD6DE3A1F810.d.0C7F5FE4232204CBF0552978D98421D3.e.1848"}]}
COMMAND: GET /session/416ca3a003057b96434a2425fa5e92e2/screenshot - {}
RESULT: {}
RESULT: {"script":"<script> [5351 bytes]","args":[{"element-6066-11e4-a52e-4f735466cecf":"f.E04F53A89B741A5C45B2DD6DE3A1F810.d.0C7F5FE4232204CBF0552978D98421D3.e.1848","ELEMENT":"f.E04F53A89B741A5C45B2DD6DE3A1F810.d.0C7F5FE4232204CBF0552978D98421D3.e.1848"}]}
COMMAND: POST /session/416ca3a003057b96434a2425fa5e92e2/element/f.E04F53A89B741A5C45B2DD6DE3A1F810.d.0C7F5FE4232204CBF0552978D98421D3.e.1848/click - {}
COMMAND: GET /session/416ca3a003057b96434a2425fa5e92e2/screenshot - {}
RESULT: {}
RESULT: {}
COMMAND: GET /session/416ca3a003057b96434a2425fa5e92e2/screenshot - {}
RESULT: {}
RESULT: {}
COMMAND: POST /session/416ca3a003057b96434a2425fa5e92e2/element - {"using":"xpath","value":"//input[@id=\"application-managesites-display-component---NewSite--siteId-inner\"]"}
RESULT: {"using":"xpath","value":"//input[@id=\"application-managesites-display-component---NewSite--siteId-inner\"]"}
COMMAND: POST /session/416ca3a003057b96434a2425fa5e92e2/element - {"using":"xpath","value":"//input[@id=\"application-managesites-display-component---NewSite--siteId-inner\"]"}
RESULT: {"using":"xpath","value":"//input[@id=\"application-managesites-display-component---NewSite--siteId-inner\"]"}
COMMAND: POST /session/416ca3a003057b96434a2425fa5e92e2/execute/async - {"script":"<script> [1562 bytes]","args":[{"selector":{"id":"application-managesites-display-component---NewSite--addressDetailDetailsName1","interaction":{"idSuffix":"inner"}},"wdio_ui5_key":"applicationmanagesites-display-component---NewSite--addressDetailDetailsName1"}]}
RESULT: {"script":"<script> [1562 bytes]","args":[{"selector":{"id":"application-managesites-display-component---NewSite--addressDetailDetailsName1","interaction":{"idSuffix":"inner"}},"wdio_ui5_key":"applicationmanagesites-display-component---NewSite--addressDetailDetailsName1"}]}
RESULT: undefined
COMMAND: POST /session/416ca3a003057b96434a2425fa5e92e2/execute/async - {"script":"<script> [776 bytes]","args":[{"enterText":"Intercompany Site wdIO","selector":{"id":"application-managesites-display-component---NewSite--addressDetailDetailsName1","interaction":{"idSuffix":"inner"}},"clearTextFirst":true,"interactionType":"ENTER_TEXT"}]}
RESULT: {"script":"<script> [776 bytes]","args":[{"enterText":"Intercompany Site wdIO","selector":{"id":"application-managesites-display-component---NewSite--addressDetailDetailsName1","interaction":{"idSuffix":"inner"}},"clearTextFirst":true,"interactionType":"ENTER_TEXT"}]}
COMMAND: POST /session/416ca3a003057b96434a2425fa5e92e2/execute/async - {"script":"<script> [1562 bytes]","args":[{"selector":{"id":"application-managesites-display-component---NewSite--addressDetailDetailsLanguage-arrow"},"wdio_ui5_key":"applicationmanagesites-display-component---NewSite--addressDetailDetailsLanguage-arrow"}]}
RESULT: {"script":"<script> [1562 bytes]","args":[{"selector":{"id":"application-managesites-display-component---NewSite--addressDetailDetailsLanguage-arrow"},"wdio_ui5_key":"applicationmanagesites-display-component---NewSite--addressDetailDetailsLanguage-arrow"}]}
RESULT: undefined
COMMAND: POST /session/416ca3a003057b96434a2425fa5e92e2/element - {"using":"xpath","value":"//*[@id=\"application-managesites-display-component---NewSite--addressDetailDetailsLanguage-arrow\"]"}
RESULT: {"using":"xpath","value":"//*[@id=\"application-managesites-display-component---NewSite--addressDetailDetailsLanguage-arrow\"]"}
COMMAND: POST /session/416ca3a003057b96434a2425fa5e92e2/element/f.E04F53A89B741A5C45B2DD6DE3A1F810.d.0C7F5FE4232204CBF0552978D98421D3.e.2483/click - {}
RESULT: {}
COMMAND: POST /session/416ca3a003057b96434a2425fa5e92e2/element - {"using":"xpath","value":"//span[contains(text(), \"English\")]"}
COMMAND: GET /session/416ca3a003057b96434a2425fa5e92e2/screenshot - {}
RESULT: {"using":"xpath","value":"//span[contains(text(), \"English\")]"}
COMMAND: POST /session/416ca3a003057b96434a2425fa5e92e2/element/f.E04F53A89B741A5C45B2DD6DE3A1F810.d.0C7F5FE4232204CBF0552978D98421D3.e.2484/click - {}
RESULT: {}
RESULT: {}
COMMAND: POST /session/416ca3a003057b96434a2425fa5e92e2/execute/async - {"script":"<script> [1562 bytes]","args":[{"selector":{"id":"application-managesites-display-component---NewSite--addressDetailDetailsCity1","interaction":{"idSuffix":"inner"}},"wdio_ui5_key":"applicationmanagesites-display-component---NewSite--addressDetailDetailsCity1"}]}
COMMAND: GET /session/416ca3a003057b96434a2425fa5e92e2/screenshot - {}
RESULT: {"script":"<script> [1562 bytes]","args":[{"selector":{"id":"application-managesites-display-component---NewSite--addressDetailDetailsCity1","interaction":{"idSuffix":"inner"}},"wdio_ui5_key":"applicationmanagesites-display-component---NewSite--addressDetailDetailsCity1"}]}
RESULT: undefined
COMMAND: POST /session/416ca3a003057b96434a2425fa5e92e2/execute/async - {"script":"<script> [776 bytes]","args":[{"enterText":"Rosario","selector":{"id":"application-managesites-display-component---NewSite--addressDetailDetailsCity1","interaction":{"idSuffix":"inner"}},"clearTextFirst":true,"interactionType":"ENTER_TEXT"}]}
RESULT: {}
RESULT: {"script":"<script> [776 bytes]","args":[{"enterText":"Rosario","selector":{"id":"application-managesites-display-component---NewSite--addressDetailDetailsCity1","interaction":{"idSuffix":"inner"}},"clearTextFirst":true,"interactionType":"ENTER_TEXT"}]}
COMMAND: POST /session/416ca3a003057b96434a2425fa5e92e2/execute/async - {"script":"<script> [1562 bytes]","args":[{"selector":{"id":"application-managesites-display-component---NewSite--addressDetailDetailsCountry-arrow"},"wdio_ui5_key":"applicationmanagesites-display-component---NewSite--addressDetailDetailsCountry-arrow"}]}
RESULT: {"script":"<script> [1562 bytes]","args":[{"selector":{"id":"application-managesites-display-component---NewSite--addressDetailDetailsCountry-arrow"},"wdio_ui5_key":"applicationmanagesites-display-component---NewSite--addressDetailDetailsCountry-arrow"}]}
RESULT: undefined
COMMAND: POST /session/416ca3a003057b96434a2425fa5e92e2/element - {"using":"xpath","value":"//*[@id=\"application-managesites-display-component---NewSite--addressDetailDetailsCountry-arrow\"]"}
RESULT: {"using":"xpath","value":"//*[@id=\"application-managesites-display-component---NewSite--addressDetailDetailsCountry-arrow\"]"}
COMMAND: POST /session/416ca3a003057b96434a2425fa5e92e2/element/f.E04F53A89B741A5C45B2DD6DE3A1F810.d.0C7F5FE4232204CBF0552978D98421D3.e.2486/click - {}
RESULT: {}
COMMAND: POST /session/416ca3a003057b96434a2425fa5e92e2/element - {"using":"xpath","value":"//span[contains(text(), \"Argentina\")]"}
COMMAND: GET /session/416ca3a003057b96434a2425fa5e92e2/screenshot - {}
RESULT: {"using":"xpath","value":"//span[contains(text(), \"Argentina\")]"}
COMMAND: POST /session/416ca3a003057b96434a2425fa5e92e2/element/f.E04F53A89B741A5C45B2DD6DE3A1F810.d.0C7F5FE4232204CBF0552978D98421D3.e.2487/click - {}
RESULT: {}
RESULT: {}
COMMAND: GET /session/416ca3a003057b96434a2425fa5e92e2/screenshot - {}
RESULT: {}
COMMAND: POST /session/416ca3a003057b96434a2425fa5e92e2/execute/async - {"script":"<script> [1562 bytes]","args":[{"selector":{"id":"application-managesites-display-component---NewSite--addressEditDetailsCostObjectCstType-arrow"},"wdio_ui5_key":"applicationmanagesites-display-component---NewSite--addressEditDetailsCostObjectCstType-arrow"}]}
RESULT: {"script":"<script> [1562 bytes]","args":[{"selector":{"id":"application-managesites-display-component---NewSite--addressEditDetailsCostObjectCstType-arrow"},"wdio_ui5_key":"applicationmanagesites-display-component---NewSite--addressEditDetailsCostObjectCstType-arrow"}]}
RESULT: undefined
COMMAND: POST /session/416ca3a003057b96434a2425fa5e92e2/element - {"using":"xpath","value":"//*[@id=\"application-managesites-display-component---NewSite--addressEditDetailsCostObjectCstType-arrow\"]"}
RESULT: {"using":"xpath","value":"//*[@id=\"application-managesites-display-component---NewSite--addressEditDetailsCostObjectCstType-arrow\"]"}
COMMAND: POST /session/416ca3a003057b96434a2425fa5e92e2/element/f.E04F53A89B741A5C45B2DD6DE3A1F810.d.0C7F5FE4232204CBF0552978D98421D3.e.2488/click - {}
RESULT: {}
COMMAND: POST /session/416ca3a003057b96434a2425fa5e92e2/element - {"using":"xpath","value":"//span[contains(text(), \"Cost Center\")]"}
COMMAND: GET /session/416ca3a003057b96434a2425fa5e92e2/screenshot - {}
RESULT: {"using":"xpath","value":"//span[contains(text(), \"Cost Center\")]"}
COMMAND: POST /session/416ca3a003057b96434a2425fa5e92e2/element/f.E04F53A89B741A5C45B2DD6DE3A1F810.d.0C7F5FE4232204CBF0552978D98421D3.e.2489/click - {}
RESULT: {}
RESULT: {}
COMMAND: GET /session/416ca3a003057b96434a2425fa5e92e2/screenshot - {}
RESULT: {}
COMMAND: POST /session/416ca3a003057b96434a2425fa5e92e2/element - {"using":"xpath","value":"//span[@id=\"application-managesites-display-component---NewSite--addressNewCostObjectCstID-vhi\"]"}
RESULT: {"using":"xpath","value":"//span[@id=\"application-managesites-display-component---NewSite--addressNewCostObjectCstID-vhi\"]"}
COMMAND: POST /session/416ca3a003057b96434a2425fa5e92e2/execute/sync - {"script":"<script> [8489 bytes]","args":[{"element-6066-11e4-a52e-4f735466cecf":"f.E04F53A89B741A5C45B2DD6DE3A1F810.d.0C7F5FE4232204CBF0552978D98421D3.e.2493","ELEMENT":"f.E04F53A89B741A5C45B2DD6DE3A1F810.d.0C7F5FE4232204CBF0552978D98421D3.e.2493"}]}
RESULT: {"script":"<script> [8489 bytes]","args":[{"element-6066-11e4-a52e-4f735466cecf":"f.E04F53A89B741A5C45B2DD6DE3A1F810.d.0C7F5FE4232204CBF0552978D98421D3.e.2493","ELEMENT":"f.E04F53A89B741A5C45B2DD6DE3A1F810.d.0C7F5FE4232204CBF0552978D98421D3.e.2493"}]}
COMMAND: POST /session/416ca3a003057b96434a2425fa5e92e2/execute/async - {"script":"<script> [1562 bytes]","args":[{"selector":{"id":"application-managesites-display-component---NewSite--addressNewCostObjectCstID-vhi"},"wdio_ui5_key":"applicationmanagesites-display-component---NewSite--addressNewCostObjectCstID-vhi"}]}
COMMAND: GET /session/416ca3a003057b96434a2425fa5e92e2/screenshot - {}
RESULT: {"script":"<script> [1562 bytes]","args":[{"selector":{"id":"application-managesites-display-component---NewSite--addressNewCostObjectCstID-vhi"},"wdio_ui5_key":"applicationmanagesites-display-component---NewSite--addressNewCostObjectCstID-vhi"}]}
RESULT: undefined
COMMAND: POST /session/416ca3a003057b96434a2425fa5e92e2/element - {"using":"xpath","value":"//*[@id=\"application-managesites-display-component---NewSite--addressNewCostObjectCstID-vhi\"]"}
RESULT: {}
RESULT: {"using":"xpath","value":"//*[@id=\"application-managesites-display-component---NewSite--addressNewCostObjectCstID-vhi\"]"}
COMMAND: POST /session/416ca3a003057b96434a2425fa5e92e2/element/f.E04F53A89B741A5C45B2DD6DE3A1F810.d.0C7F5FE4232204CBF0552978D98421D3.e.2493/click - {}
RESULT: {}
COMMAND: GET /session/416ca3a003057b96434a2425fa5e92e2/screenshot - {}
RESULT: {}
RESULT: undefined
COMMAND: POST /session/416ca3a003057b96434a2425fa5e92e2/execute/async - {"script":"<script> [776 bytes]","args":[{"enterText":"10001013","selector":{"controlType":"sap.m.SearchField","properties":{"placeholder":"Search"},"searchOpenDialogs":true,"interaction":{"idSuffix":"I"}},"clearTextFirst":true,"interactionType":"ENTER_TEXT"}]}
RESULT: {"script":"<script> [776 bytes]","args":[{"enterText":"10001013","selector":{"controlType":"sap.m.SearchField","properties":{"placeholder":"Search"},"searchOpenDialogs":true,"interaction":{"idSuffix":"I"}},"clearTextFirst":true,"interactionType":"ENTER_TEXT"}]}
COMMAND: POST /session/416ca3a003057b96434a2425fa5e92e2/actions - {"actions":[{"id":"action6","type":"key","parameters":{},"actions":[{"type":"keyDown","value":"î€‡"},{"type":"pause","duration":10},{"type":"keyUp","value":"î€‡"}]}]}
RESULT: {"actions":[{"id":"action6","type":"key","parameters":{},"actions":[{"type":"keyDown","value":"î€‡"},{"type":"pause","duration":10},{"type":"keyUp","value":"î€‡"}]}]}
COMMAND: GET /session/416ca3a003057b96434a2425fa5e92e2/screenshot - {}
RESULT: {}
COMMAND: POST /session/416ca3a003057b96434a2425fa5e92e2/element - {"using":"xpath","value":"//span[contains(text(), \"General Management\")]"}
RESULT: {"using":"xpath","value":"//span[contains(text(), \"General Management\")]"}
COMMAND: POST /session/416ca3a003057b96434a2425fa5e92e2/element/f.E04F53A89B741A5C45B2DD6DE3A1F810.d.0C7F5FE4232204CBF0552978D98421D3.e.2532/click - {}
RESULT: {}
COMMAND: GET /session/416ca3a003057b96434a2425fa5e92e2/screenshot - {}
RESULT: {}
COMMAND: POST /session/416ca3a003057b96434a2425fa5e92e2/element - {"using":"xpath","value":"//bdi[contains(text(), \"OK\")]"}
RESULT: {"using":"xpath","value":"//bdi[contains(text(), \"OK\")]"}
COMMAND: POST /session/416ca3a003057b96434a2425fa5e92e2/element/f.E04F53A89B741A5C45B2DD6DE3A1F810.d.0C7F5FE4232204CBF0552978D98421D3.e.2533/click - {}
RESULT: {}
COMMAND: GET /session/416ca3a003057b96434a2425fa5e92e2/screenshot - {}
RESULT: {}
COMMAND: POST /session/416ca3a003057b96434a2425fa5e92e2/element - {"using":"xpath","value":"//input[@id=\"application-managesites-display-component---NewSite--addressDetailDetailsCalendar-inner\"]"}
RESULT: {"using":"xpath","value":"//input[@id=\"application-managesites-display-component---NewSite--addressDetailDetailsCalendar-inner\"]"}
COMMAND: POST /session/416ca3a003057b96434a2425fa5e92e2/element/f.E04F53A89B741A5C45B2DD6DE3A1F810.d.0C7F5FE4232204CBF0552978D98421D3.e.2287/clear - {}
RESULT: {}
COMMAND: POST /session/416ca3a003057b96434a2425fa5e92e2/element/f.E04F53A89B741A5C45B2DD6DE3A1F810.d.0C7F5FE4232204CBF0552978D98421D3.e.2287/value - {"text":"Unit"}
COMMAND: GET /session/416ca3a003057b96434a2425fa5e92e2/screenshot - {}
RESULT: {"text":"Unit"}
COMMAND: GET /session/416ca3a003057b96434a2425fa5e92e2/screenshot - {}
RESULT: {}
RESULT: {}
COMMAND: POST /session/416ca3a003057b96434a2425fa5e92e2/actions - {"actions":[{"id":"action7","type":"key","parameters":{},"actions":[{"type":"keyDown","value":"î€‡"},{"type":"pause","duration":10},{"type":"keyUp","value":"î€‡"}]}]}
RESULT: {"actions":[{"id":"action7","type":"key","parameters":{},"actions":[{"type":"keyDown","value":"î€‡"},{"type":"pause","duration":10},{"type":"keyUp","value":"î€‡"}]}]}
COMMAND: POST /session/416ca3a003057b96434a2425fa5e92e2/element - {"using":"xpath","value":"//input[@id=\"application-managesites-display-component---NewSite--addressDetailDetailsYard-inner\"]"}
COMMAND: GET /session/416ca3a003057b96434a2425fa5e92e2/screenshot - {}
RESULT: {"using":"xpath","value":"//input[@id=\"application-managesites-display-component---NewSite--addressDetailDetailsYard-inner\"]"}
COMMAND: POST /session/416ca3a003057b96434a2425fa5e92e2/element/f.E04F53A89B741A5C45B2DD6DE3A1F810.d.0C7F5FE4232204CBF0552978D98421D3.e.2288/clear - {}
RESULT: {}
RESULT: {}
COMMAND: POST /session/416ca3a003057b96434a2425fa5e92e2/element/f.E04F53A89B741A5C45B2DD6DE3A1F810.d.0C7F5FE4232204CBF0552978D98421D3.e.2288/value - {"text":"365"}
COMMAND: GET /session/416ca3a003057b96434a2425fa5e92e2/screenshot - {}
RESULT: {"text":"365"}
COMMAND: GET /session/416ca3a003057b96434a2425fa5e92e2/screenshot - {}
RESULT: {}
RESULT: {}
COMMAND: POST /session/416ca3a003057b96434a2425fa5e92e2/element - {"using":"xpath","value":"//li[.//span[text()='365']]"}
RESULT: {"using":"xpath","value":"//li[.//span[text()='365']]"}
COMMAND: POST /session/416ca3a003057b96434a2425fa5e92e2/element/f.E04F53A89B741A5C45B2DD6DE3A1F810.d.0C7F5FE4232204CBF0552978D98421D3.e.2541/click - {}
RESULT: {}
COMMAND: GET /session/416ca3a003057b96434a2425fa5e92e2/screenshot - {}
RESULT: {}
COMMAND: POST /session/416ca3a003057b96434a2425fa5e92e2/element - {"using":"xpath","value":"//input[@id=\"application-managesites-display-component---NewSite--addressDetailDetailsPartner-inner\"]"}
RESULT: {"using":"xpath","value":"//input[@id=\"application-managesites-display-component---NewSite--addressDetailDetailsPartner-inner\"]"}
COMMAND: POST /session/416ca3a003057b96434a2425fa5e92e2/element - {"using":"xpath","value":"//input[@id=\"application-managesites-display-component---NewSite--addressDetailDetailsPartner-inner\"]"}
RESULT: {"using":"xpath","value":"//input[@id=\"application-managesites-display-component---NewSite--addressDetailDetailsPartner-inner\"]"}
COMMAND: POST /session/416ca3a003057b96434a2425fa5e92e2/element - {"using":"xpath","value":"//button[@data-kt=\"saveButton\"]"}
RESULT: {"using":"xpath","value":"//button[@data-kt=\"saveButton\"]"}
COMMAND: POST /session/416ca3a003057b96434a2425fa5e92e2/element/f.E04F53A89B741A5C45B2DD6DE3A1F810.d.0C7F5FE4232204CBF0552978D98421D3.e.2422/click - {}
RESULT: {}
COMMAND: GET /session/416ca3a003057b96434a2425fa5e92e2/screenshot - {}
RESULT: {}
COMMAND: POST /session/416ca3a003057b96434a2425fa5e92e2/element - {"using":"xpath","value":"//header[contains(@id, 'ObjectPageLayout-headerTitle')]/div[1]/div[2]/div[2]/span[1]"}
RESULT: {"using":"xpath","value":"//header[contains(@id, 'ObjectPageLayout-headerTitle')]/div[1]/div[2]/div[2]/span[1]"}
COMMAND: POST /session/416ca3a003057b96434a2425fa5e92e2/elements - {"using":"xpath","value":"//header[contains(@id, 'ObjectPageLayout-headerTitle')]/div[1]/div[2]/div[2]/span[1]"}
RESULT: {"using":"xpath","value":"//header[contains(@id, 'ObjectPageLayout-headerTitle')]/div[1]/div[2]/div[2]/span[1]"}
COMMAND: POST /session/416ca3a003057b96434a2425fa5e92e2/execute/sync - {"script":"<script> [56 bytes]","args":[{"element-6066-11e4-a52e-4f735466cecf":"f.E04F53A89B741A5C45B2DD6DE3A1F810.d.0C7F5FE4232204CBF0552978D98421D3.e.2750","ELEMENT":"f.E04F53A89B741A5C45B2DD6DE3A1F810.d.0C7F5FE4232204CBF0552978D98421D3.e.2750"}]}
RESULT: {"script":"<script> [56 bytes]","args":[{"element-6066-11e4-a52e-4f735466cecf":"f.E04F53A89B741A5C45B2DD6DE3A1F810.d.0C7F5FE4232204CBF0552978D98421D3.e.2750","ELEMENT":"f.E04F53A89B741A5C45B2DD6DE3A1F810.d.0C7F5FE4232204CBF0552978D98421D3.e.2750"}]}
COMMAND: POST /session/416ca3a003057b96434a2425fa5e92e2/element - {"using":"css selector","value":"#shell-header-logo"}
COMMAND: GET /session/416ca3a003057b96434a2425fa5e92e2/screenshot - {}
RESULT: {"using":"css selector","value":"#shell-header-logo"}
COMMAND: POST /session/416ca3a003057b96434a2425fa5e92e2/element/f.E04F53A89B741A5C45B2DD6DE3A1F810.d.0C7F5FE4232204CBF0552978D98421D3.e.1806/click - {}
RESULT: {}
RESULT: {}
COMMAND: GET /session/416ca3a003057b96434a2425fa5e92e2/screenshot - {}
RESULT: {}
COMMAND: POST /session/416ca3a003057b96434a2425fa5e92e2/execute/sync - {"script":"<script> [299 bytes]","args":[["getModel","getResource"]]}
RESULT: {"script":"<script> [299 bytes]","args":[["getModel","getResource"]]}
COMMAND: POST /session/416ca3a003057b96434a2425fa5e92e2/actions - {"actions":[{"id":"action8","type":"key","parameters":{},"actions":[{"type":"keyDown","value":"î€‡"},{"type":"pause","duration":10},{"type":"keyUp","value":"î€‡"}]}]}
COMMAND: GET /session/416ca3a003057b96434a2425fa5e92e2/screenshot - {}
RESULT: {"actions":[{"id":"action8","type":"key","parameters":{},"actions":[{"type":"keyDown","value":"î€‡"},{"type":"pause","duration":10},{"type":"keyUp","value":"î€‡"}]}]}
COMMAND: GET /session/416ca3a003057b96434a2425fa5e92e2/screenshot - {}
RESULT: {}
RESULT: {}
COMMAND: POST /session/416ca3a003057b96434a2425fa5e92e2/refresh - {}
RESULT: {}
COMMAND: GET /session/416ca3a003057b96434a2425fa5e92e2/screenshot - {}
RESULT: {}
COMMAND: POST /session/416ca3a003057b96434a2425fa5e92e2/refresh - {}
RESULT: {}
COMMAND: GET /session/416ca3a003057b96434a2425fa5e92e2/screenshot - {}
RESULT: {}
COMMAND: POST /session/416ca3a003057b96434a2425fa5e92e2/window/fullscreen - {}
RESULT: {}
COMMAND: POST /session/416ca3a003057b96434a2425fa5e92e2/execute/async - {"script":"<script> [189 bytes]","args":[]}
RESULT: {"script":"<script> [189 bytes]","args":[]}
COMMAND: POST /session/416ca3a003057b96434a2425fa5e92e2/execute/async - {"script":"<script> [123 bytes]","args":[]}
RESULT: {"script":"<script> [123 bytes]","args":[]}
COMMAND: POST /session/416ca3a003057b96434a2425fa5e92e2/timeouts - {"script":"<number>"}
RESULT: {"script":"<number>"}
COMMAND: GET /session/416ca3a003057b96434a2425fa5e92e2/timeouts - {}
RESULT: {}
RESULT: undefined
COMMAND: POST /session/416ca3a003057b96434a2425fa5e92e2/execute/async - {"script":"<script> [2676 bytes]","args":[]}
RESULT: {"script":"<script> [2676 bytes]","args":[]}
COMMAND: POST /session/416ca3a003057b96434a2425fa5e92e2/execute/async - {"script":"<script> [2342 bytes]","args":[{"protocol":"http","hostname":"0.0.0.0","path":"/","capabilities":{"browserName":"chrome","goog:chromeOptions":{"binary":"C:\\Program Files\\Google\\Chrome\\Application\\chrome.exe","args":["--start-maximized"]}},"logLevel":"warn","connectionRetryTimeout":120000,"connectionRetryCount":3,"logLevels":{},"enableDirectConnect":true,"strictSSL":true,"_":"65 more keys: [\"cacheDir\",\"port\",\"requestedCapabilities\",\"automationProtocol\",\"baseUrl\",\"waitforInterval\",\"waitforTimeout\",\"onReload\",\"beforeCommand\",\"afterCommand\",\"rootDir\",\"specs\",\"suites\",\"exclude\",\"groupLogsByTestSpec\",\"excludeDriverLogs\",\"bail\",\"framework\",\"reporters\",\"services\",\"maxInstances\",\"maxInstancesPerCapability\",\"injectGlobals\",\"filesToWatch\",\"execArgv\",\"runnerEnv\",\"runner\",\"shard\",\"specFileRetries\",\"specFileRetriesDelay\",\"specFileRetriesDeferred\",\"reporterSyncInterval\",\"reporterSyncTimeout\",\"cucumberFeaturesWithLineNumbers\",\"autoCompileOpts\",\"mochaOpts\",\"jasmineOpts\",\"cucumberOpts\",\"onPrepare\",\"onWorkerStart\",\"onWorkerEnd\",\"before\",\"beforeSession\",\"beforeSuite\",\"beforeHook\",\"beforeTest\",\"afterTest\",\"afterHook\",\"afterSuite\",\"afterSession\",\"after\",\"onComplete\",\"beforeAssertion\",\"afterAssertion\",\"beforeFeature\",\"beforeScenario\",\"beforeStep\",\"afterStep\",\"afterScenario\",\"afterFeature\",\"_\",\"suite\",\"$0\",\"ignoredWorkerServices\",\"wdi5\"]"}]}
RESULT: {"script":"<script> [2342 bytes]","args":[{"protocol":"http","hostname":"0.0.0.0","path":"/","capabilities":{"browserName":"chrome","goog:chromeOptions":{"binary":"C:\\Program Files\\Google\\Chrome\\Application\\chrome.exe","args":["--start-maximized"]}},"logLevel":"warn","connectionRetryTimeout":120000,"connectionRetryCount":3,"logLevels":{},"enableDirectConnect":true,"strictSSL":true,"_":"65 more keys: [\"cacheDir\",\"port\",\"requestedCapabilities\",\"automationProtocol\",\"baseUrl\",\"waitforInterval\",\"waitforTimeout\",\"onReload\",\"beforeCommand\",\"afterCommand\",\"rootDir\",\"specs\",\"suites\",\"exclude\",\"groupLogsByTestSpec\",\"excludeDriverLogs\",\"bail\",\"framework\",\"reporters\",\"services\",\"maxInstances\",\"maxInstancesPerCapability\",\"injectGlobals\",\"filesToWatch\",\"execArgv\",\"runnerEnv\",\"runner\",\"shard\",\"specFileRetries\",\"specFileRetriesDelay\",\"specFileRetriesDeferred\",\"reporterSyncInterval\",\"reporterSyncTimeout\",\"cucumberFeaturesWithLineNumbers\",\"autoCompileOpts\",\"mochaOpts\",\"jasmineOpts\",\"cucumberOpts\",\"onPrepare\",\"onWorkerStart\",\"onWorkerEnd\",\"before\",\"beforeSession\",\"beforeSuite\",\"beforeHook\",\"beforeTest\",\"afterTest\",\"afterHook\",\"afterSuite\",\"afterSession\",\"after\",\"onComplete\",\"beforeAssertion\",\"afterAssertion\",\"beforeFeature\",\"beforeScenario\",\"beforeStep\",\"afterStep\",\"afterScenario\",\"afterFeature\",\"_\",\"suite\",\"$0\",\"ignoredWorkerServices\",\"wdi5\"]"}]}
COMMAND: POST /session/416ca3a003057b96434a2425fa5e92e2/execute/async - {"script":"<script> [21126 bytes]","args":[35000]}
RESULT: {"script":"<script> [21126 bytes]","args":[35000]}
COMMAND: POST /session/416ca3a003057b96434a2425fa5e92e2/window/fullscreen - {}
RESULT: {}
]]></system-out>
    </testcase>
    <testcase classname="chrome.136_0_7103_49.windows.Billing_Transfer_-_Master_data_&amp;_Intercompany_US127250" name="Should create a new equipment" time="131.344">
      <system-out><![CDATA[
COMMAND: POST /session/416ca3a003057b96434a2425fa5e92e2/execute/async - {"script":"<script> [1562 bytes]","args":[{"selector":{"controlType":"sap.m.GenericTile","properties":{"header":"Manage Resources"}},"wdio_ui5_key":"sapm.GenericTile{\"header\":\"Manage Resources\"}"}]}
RESULT: {"script":"<script> [1562 bytes]","args":[{"selector":{"controlType":"sap.m.GenericTile","properties":{"header":"Manage Resources"}},"wdio_ui5_key":"sapm.GenericTile{\"header\":\"Manage Resources\"}"}]}
RESULT: undefined
COMMAND: POST /session/416ca3a003057b96434a2425fa5e92e2/element - {"using":"xpath","value":"//*[@id=\"__tile31\"]"}
RESULT: {"using":"xpath","value":"//*[@id=\"__tile31\"]"}
COMMAND: POST /session/416ca3a003057b96434a2425fa5e92e2/element/f.E04F53A89B741A5C45B2DD6DE3A1F810.d.33EB14D81C64B8C96BA9C4B9BB08E2C8.e.2822/click - {}
RESULT: {}
COMMAND: GET /session/416ca3a003057b96434a2425fa5e92e2/screenshot - {}
RESULT: {}
COMMAND: POST /session/416ca3a003057b96434a2425fa5e92e2/elements - {"using":"xpath","value":"//span[text()='Error']"}
RESULT: {"using":"xpath","value":"//span[text()='Error']"}
COMMAND: POST /session/416ca3a003057b96434a2425fa5e92e2/element - {"using":"xpath","value":"//button[@data-kt=\"addNewRUOverflowToolbarButton\"]"}
RESULT: {"using":"xpath","value":"//button[@data-kt=\"addNewRUOverflowToolbarButton\"]"}
COMMAND: POST /session/416ca3a003057b96434a2425fa5e92e2/elements - {"using":"xpath","value":"//button[@data-kt=\"addNewRUOverflowToolbarButton\"]"}
RESULT: {"using":"xpath","value":"//button[@data-kt=\"addNewRUOverflowToolbarButton\"]"}
COMMAND: POST /session/416ca3a003057b96434a2425fa5e92e2/elements - {"using":"xpath","value":"//button[@data-kt=\"addNewRUOverflowToolbarButton\"]"}
RESULT: {"using":"xpath","value":"//button[@data-kt=\"addNewRUOverflowToolbarButton\"]"}
COMMAND: POST /session/416ca3a003057b96434a2425fa5e92e2/elements - {"using":"xpath","value":"//button[@data-kt=\"addNewRUOverflowToolbarButton\"]"}
RESULT: {"using":"xpath","value":"//button[@data-kt=\"addNewRUOverflowToolbarButton\"]"}
COMMAND: POST /session/416ca3a003057b96434a2425fa5e92e2/elements - {"using":"xpath","value":"//button[@data-kt=\"addNewRUOverflowToolbarButton\"]"}
RESULT: {"using":"xpath","value":"//button[@data-kt=\"addNewRUOverflowToolbarButton\"]"}
COMMAND: POST /session/416ca3a003057b96434a2425fa5e92e2/elements - {"using":"xpath","value":"//button[@data-kt=\"addNewRUOverflowToolbarButton\"]"}
RESULT: {"using":"xpath","value":"//button[@data-kt=\"addNewRUOverflowToolbarButton\"]"}
COMMAND: POST /session/416ca3a003057b96434a2425fa5e92e2/elements - {"using":"xpath","value":"//button[@data-kt=\"addNewRUOverflowToolbarButton\"]"}
RESULT: {"using":"xpath","value":"//button[@data-kt=\"addNewRUOverflowToolbarButton\"]"}
COMMAND: POST /session/416ca3a003057b96434a2425fa5e92e2/elements - {"using":"xpath","value":"//button[@data-kt=\"addNewRUOverflowToolbarButton\"]"}
RESULT: {"using":"xpath","value":"//button[@data-kt=\"addNewRUOverflowToolbarButton\"]"}
COMMAND: POST /session/416ca3a003057b96434a2425fa5e92e2/element - {"using":"xpath","value":"//button[@data-kt=\"addNewRUOverflowToolbarButton\"]"}
RESULT: {"using":"xpath","value":"//button[@data-kt=\"addNewRUOverflowToolbarButton\"]"}
COMMAND: POST /session/416ca3a003057b96434a2425fa5e92e2/execute/sync - {"script":"<script> [8489 bytes]","args":[{"element-6066-11e4-a52e-4f735466cecf":"f.E04F53A89B741A5C45B2DD6DE3A1F810.d.33EB14D81C64B8C96BA9C4B9BB08E2C8.e.2931","ELEMENT":"f.E04F53A89B741A5C45B2DD6DE3A1F810.d.33EB14D81C64B8C96BA9C4B9BB08E2C8.e.2931"}]}
RESULT: {"script":"<script> [8489 bytes]","args":[{"element-6066-11e4-a52e-4f735466cecf":"f.E04F53A89B741A5C45B2DD6DE3A1F810.d.33EB14D81C64B8C96BA9C4B9BB08E2C8.e.2931","ELEMENT":"f.E04F53A89B741A5C45B2DD6DE3A1F810.d.33EB14D81C64B8C96BA9C4B9BB08E2C8.e.2931"}]}
COMMAND: GET /session/416ca3a003057b96434a2425fa5e92e2/element/f.E04F53A89B741A5C45B2DD6DE3A1F810.d.33EB14D81C64B8C96BA9C4B9BB08E2C8.e.2931/enabled - {}
COMMAND: GET /session/416ca3a003057b96434a2425fa5e92e2/screenshot - {}
RESULT: {}
RESULT: {}
COMMAND: POST /session/416ca3a003057b96434a2425fa5e92e2/execute/sync - {"script":"<script> [8489 bytes]","args":[{"element-6066-11e4-a52e-4f735466cecf":"f.E04F53A89B741A5C45B2DD6DE3A1F810.d.33EB14D81C64B8C96BA9C4B9BB08E2C8.e.2931","ELEMENT":"f.E04F53A89B741A5C45B2DD6DE3A1F810.d.33EB14D81C64B8C96BA9C4B9BB08E2C8.e.2931"}]}
COMMAND: GET /session/416ca3a003057b96434a2425fa5e92e2/screenshot - {}
RESULT: {"script":"<script> [8489 bytes]","args":[{"element-6066-11e4-a52e-4f735466cecf":"f.E04F53A89B741A5C45B2DD6DE3A1F810.d.33EB14D81C64B8C96BA9C4B9BB08E2C8.e.2931","ELEMENT":"f.E04F53A89B741A5C45B2DD6DE3A1F810.d.33EB14D81C64B8C96BA9C4B9BB08E2C8.e.2931"}]}
COMMAND: POST /session/416ca3a003057b96434a2425fa5e92e2/execute/sync - {"script":"<script> [5351 bytes]","args":[{"element-6066-11e4-a52e-4f735466cecf":"f.E04F53A89B741A5C45B2DD6DE3A1F810.d.33EB14D81C64B8C96BA9C4B9BB08E2C8.e.2931","ELEMENT":"f.E04F53A89B741A5C45B2DD6DE3A1F810.d.33EB14D81C64B8C96BA9C4B9BB08E2C8.e.2931"}]}
COMMAND: GET /session/416ca3a003057b96434a2425fa5e92e2/screenshot - {}
RESULT: {}
RESULT: {"script":"<script> [5351 bytes]","args":[{"element-6066-11e4-a52e-4f735466cecf":"f.E04F53A89B741A5C45B2DD6DE3A1F810.d.33EB14D81C64B8C96BA9C4B9BB08E2C8.e.2931","ELEMENT":"f.E04F53A89B741A5C45B2DD6DE3A1F810.d.33EB14D81C64B8C96BA9C4B9BB08E2C8.e.2931"}]}
COMMAND: POST /session/416ca3a003057b96434a2425fa5e92e2/element/f.E04F53A89B741A5C45B2DD6DE3A1F810.d.33EB14D81C64B8C96BA9C4B9BB08E2C8.e.2931/click - {}
COMMAND: GET /session/416ca3a003057b96434a2425fa5e92e2/screenshot - {}
RESULT: {}
RESULT: {}
COMMAND: GET /session/416ca3a003057b96434a2425fa5e92e2/screenshot - {}
RESULT: {}
COMMAND: POST /session/416ca3a003057b96434a2425fa5e92e2/execute/async - {"script":"<script> [1562 bytes]","args":[{"selector":{"id":"application-manageresources-display-component---newResourceUnit--TYPE-arrow"},"wdio_ui5_key":"applicationmanageresources-display-component---newResourceUnit--TYPE-arrow"}]}
RESULT: {}
RESULT: {"script":"<script> [1562 bytes]","args":[{"selector":{"id":"application-manageresources-display-component---newResourceUnit--TYPE-arrow"},"wdio_ui5_key":"applicationmanageresources-display-component---newResourceUnit--TYPE-arrow"}]}
RESULT: undefined
COMMAND: POST /session/416ca3a003057b96434a2425fa5e92e2/element - {"using":"xpath","value":"//*[@id=\"application-manageresources-display-component---newResourceUnit--TYPE-arrow\"]"}
RESULT: {"using":"xpath","value":"//*[@id=\"application-manageresources-display-component---newResourceUnit--TYPE-arrow\"]"}
COMMAND: POST /session/416ca3a003057b96434a2425fa5e92e2/element/f.E04F53A89B741A5C45B2DD6DE3A1F810.d.33EB14D81C64B8C96BA9C4B9BB08E2C8.e.3290/click - {}
RESULT: {}
COMMAND: POST /session/416ca3a003057b96434a2425fa5e92e2/element - {"using":"xpath","value":"//input[@id=\"application-manageresources-display-component---newResourceUnit--TYPE-inner\"]"}
COMMAND: GET /session/416ca3a003057b96434a2425fa5e92e2/screenshot - {}
RESULT: {"using":"xpath","value":"//input[@id=\"application-manageresources-display-component---newResourceUnit--TYPE-inner\"]"}
COMMAND: POST /session/416ca3a003057b96434a2425fa5e92e2/element/f.E04F53A89B741A5C45B2DD6DE3A1F810.d.33EB14D81C64B8C96BA9C4B9BB08E2C8.e.3283/clear - {}
RESULT: {}
RESULT: {}
COMMAND: POST /session/416ca3a003057b96434a2425fa5e92e2/element/f.E04F53A89B741A5C45B2DD6DE3A1F810.d.33EB14D81C64B8C96BA9C4B9BB08E2C8.e.3283/value - {"text":"Equipment"}
COMMAND: GET /session/416ca3a003057b96434a2425fa5e92e2/screenshot - {}
RESULT: {"text":"Equipment"}
COMMAND: GET /session/416ca3a003057b96434a2425fa5e92e2/screenshot - {}
RESULT: {}
RESULT: {}
COMMAND: POST /session/416ca3a003057b96434a2425fa5e92e2/actions - {"actions":[{"id":"action9","type":"key","parameters":{},"actions":[{"type":"keyDown","value":"î€‡"},{"type":"pause","duration":10},{"type":"keyUp","value":"î€‡"}]}]}
RESULT: {"actions":[{"id":"action9","type":"key","parameters":{},"actions":[{"type":"keyDown","value":"î€‡"},{"type":"pause","duration":10},{"type":"keyUp","value":"î€‡"}]}]}
COMMAND: POST /session/416ca3a003057b96434a2425fa5e92e2/execute/async - {"script":"<script> [1562 bytes]","args":[{"selector":{"id":"application-manageresources-display-component---newResourceUnit--resourceId","interaction":{"idSuffix":"inner"}},"wdio_ui5_key":"applicationmanageresources-display-component---newResourceUnit--resourceId"}]}
COMMAND: GET /session/416ca3a003057b96434a2425fa5e92e2/screenshot - {}
RESULT: {"script":"<script> [1562 bytes]","args":[{"selector":{"id":"application-manageresources-display-component---newResourceUnit--resourceId","interaction":{"idSuffix":"inner"}},"wdio_ui5_key":"applicationmanageresources-display-component---newResourceUnit--resourceId"}]}
RESULT: undefined
COMMAND: POST /session/416ca3a003057b96434a2425fa5e92e2/execute/async - {"script":"<script> [776 bytes]","args":[{"enterText":"RmmZu40u8h","selector":{"id":"application-manageresources-display-component---newResourceUnit--resourceId","interaction":{"idSuffix":"inner"}},"clearTextFirst":true,"interactionType":"ENTER_TEXT"}]}
RESULT: {}
RESULT: {"script":"<script> [776 bytes]","args":[{"enterText":"RmmZu40u8h","selector":{"id":"application-manageresources-display-component---newResourceUnit--resourceId","interaction":{"idSuffix":"inner"}},"clearTextFirst":true,"interactionType":"ENTER_TEXT"}]}
COMMAND: POST /session/416ca3a003057b96434a2425fa5e92e2/execute/async - {"script":"<script> [1562 bytes]","args":[{"selector":{"id":"application-manageresources-display-component---newResourceUnit--SHORT_TEXT","interaction":{"idSuffix":"inner"}},"wdio_ui5_key":"applicationmanageresources-display-component---newResourceUnit--SHORT_TEXT"}]}
RESULT: {"script":"<script> [1562 bytes]","args":[{"selector":{"id":"application-manageresources-display-component---newResourceUnit--SHORT_TEXT","interaction":{"idSuffix":"inner"}},"wdio_ui5_key":"applicationmanageresources-display-component---newResourceUnit--SHORT_TEXT"}]}
RESULT: undefined
COMMAND: POST /session/416ca3a003057b96434a2425fa5e92e2/execute/async - {"script":"<script> [776 bytes]","args":[{"enterText":"Intercompany Equipment WDIO","selector":{"id":"application-manageresources-display-component---newResourceUnit--SHORT_TEXT","interaction":{"idSuffix":"inner"}},"clearTextFirst":true,"interactionType":"ENTER_TEXT"}]}
RESULT: {"script":"<script> [776 bytes]","args":[{"enterText":"Intercompany Equipment WDIO","selector":{"id":"application-manageresources-display-component---newResourceUnit--SHORT_TEXT","interaction":{"idSuffix":"inner"}},"clearTextFirst":true,"interactionType":"ENTER_TEXT"}]}
COMMAND: POST /session/416ca3a003057b96434a2425fa5e92e2/execute/async - {"script":"<script> [1562 bytes]","args":[{"selector":{"id":"application-manageresources-display-component---newResourceUnit--BASE_UNIT_OF_MEASURE","interaction":{"idSuffix":"inner"}},"wdio_ui5_key":"applicationmanageresources-display-component---newResourceUnit--BASE_UNIT_OF_MEASURE"}]}
RESULT: {"script":"<script> [1562 bytes]","args":[{"selector":{"id":"application-manageresources-display-component---newResourceUnit--BASE_UNIT_OF_MEASURE","interaction":{"idSuffix":"inner"}},"wdio_ui5_key":"applicationmanageresources-display-component---newResourceUnit--BASE_UNIT_OF_MEASURE"}]}
RESULT: undefined
COMMAND: POST /session/416ca3a003057b96434a2425fa5e92e2/execute/async - {"script":"<script> [776 bytes]","args":[{"enterText":"Piece","selector":{"id":"application-manageresources-display-component---newResourceUnit--BASE_UNIT_OF_MEASURE","interaction":{"idSuffix":"inner"}},"clearTextFirst":true,"interactionType":"ENTER_TEXT"}]}
RESULT: {"script":"<script> [776 bytes]","args":[{"enterText":"Piece","selector":{"id":"application-manageresources-display-component---newResourceUnit--BASE_UNIT_OF_MEASURE","interaction":{"idSuffix":"inner"}},"clearTextFirst":true,"interactionType":"ENTER_TEXT"}]}
COMMAND: POST /session/416ca3a003057b96434a2425fa5e92e2/execute/async - {"script":"<script> [1562 bytes]","args":[{"selector":{"id":"application-manageresources-display-component---newResourceUnit--WEIGHT_UNIT","interaction":{"idSuffix":"inner"}},"wdio_ui5_key":"applicationmanageresources-display-component---newResourceUnit--WEIGHT_UNIT"}]}
RESULT: {"script":"<script> [1562 bytes]","args":[{"selector":{"id":"application-manageresources-display-component---newResourceUnit--WEIGHT_UNIT","interaction":{"idSuffix":"inner"}},"wdio_ui5_key":"applicationmanageresources-display-component---newResourceUnit--WEIGHT_UNIT"}]}
RESULT: undefined
COMMAND: POST /session/416ca3a003057b96434a2425fa5e92e2/execute/async - {"script":"<script> [776 bytes]","args":[{"enterText":"Gram","selector":{"id":"application-manageresources-display-component---newResourceUnit--WEIGHT_UNIT","interaction":{"idSuffix":"inner"}},"clearTextFirst":true,"interactionType":"ENTER_TEXT"}]}
RESULT: {"script":"<script> [776 bytes]","args":[{"enterText":"Gram","selector":{"id":"application-manageresources-display-component---newResourceUnit--WEIGHT_UNIT","interaction":{"idSuffix":"inner"}},"clearTextFirst":true,"interactionType":"ENTER_TEXT"}]}
COMMAND: POST /session/416ca3a003057b96434a2425fa5e92e2/execute/async - {"script":"<script> [1562 bytes]","args":[{"selector":{"id":"application-manageresources-display-component---newResourceUnit--DIMENSION_UNIT","interaction":{"idSuffix":"inner"}},"wdio_ui5_key":"applicationmanageresources-display-component---newResourceUnit--DIMENSION_UNIT"}]}
RESULT: {"script":"<script> [1562 bytes]","args":[{"selector":{"id":"application-manageresources-display-component---newResourceUnit--DIMENSION_UNIT","interaction":{"idSuffix":"inner"}},"wdio_ui5_key":"applicationmanageresources-display-component---newResourceUnit--DIMENSION_UNIT"}]}
RESULT: undefined
COMMAND: POST /session/416ca3a003057b96434a2425fa5e92e2/execute/async - {"script":"<script> [776 bytes]","args":[{"enterText":"Meter","selector":{"id":"application-manageresources-display-component---newResourceUnit--DIMENSION_UNIT","interaction":{"idSuffix":"inner"}},"clearTextFirst":true,"interactionType":"ENTER_TEXT"}]}
RESULT: {"script":"<script> [776 bytes]","args":[{"enterText":"Meter","selector":{"id":"application-manageresources-display-component---newResourceUnit--DIMENSION_UNIT","interaction":{"idSuffix":"inner"}},"clearTextFirst":true,"interactionType":"ENTER_TEXT"}]}
COMMAND: POST /session/416ca3a003057b96434a2425fa5e92e2/execute/async - {"script":"<script> [1562 bytes]","args":[{"selector":{"id":"application-manageresources-display-component---newResourceUnit--newRRUPage-anchBar-application-manageresources-display-component---newResourceUnit--control-anchor","interaction":{"idSuffix":"BDI-content"}},"wdio_ui5_key":"applicationmanageresources-display-component---newResourceUnit--newRRUPage-anchBar-application-manageresources-display-component---newResourceUnit--control-anchor"}]}
RESULT: {"script":"<script> [1562 bytes]","args":[{"selector":{"id":"application-manageresources-display-component---newResourceUnit--newRRUPage-anchBar-application-manageresources-display-component---newResourceUnit--control-anchor","interaction":{"idSuffix":"BDI-content"}},"wdio_ui5_key":"applicationmanageresources-display-component---newResourceUnit--newRRUPage-anchBar-application-manageresources-display-component---newResourceUnit--control-anchor"}]}
RESULT: undefined
COMMAND: POST /session/416ca3a003057b96434a2425fa5e92e2/element - {"using":"xpath","value":"//*[@id=\"application-manageresources-display-component---newResourceUnit--newRRUPage-anchBar-application-manageresources-display-component---newResourceUnit--control-anchor\"]"}
RESULT: {"using":"xpath","value":"//*[@id=\"application-manageresources-display-component---newResourceUnit--newRRUPage-anchBar-application-manageresources-display-component---newResourceUnit--control-anchor\"]"}
COMMAND: POST /session/416ca3a003057b96434a2425fa5e92e2/element/f.E04F53A89B741A5C45B2DD6DE3A1F810.d.33EB14D81C64B8C96BA9C4B9BB08E2C8.e.3422/click - {}
RESULT: {}
COMMAND: POST /session/416ca3a003057b96434a2425fa5e92e2/execute/async - {"script":"<script> [1562 bytes]","args":[{"selector":{"id":"application-manageresources-display-component---newResourceUnit--PLANNING_GROUP","interaction":{"idSuffix":"inner"}},"wdio_ui5_key":"applicationmanageresources-display-component---newResourceUnit--PLANNING_GROUP"}]}
COMMAND: GET /session/416ca3a003057b96434a2425fa5e92e2/screenshot - {}
RESULT: {"script":"<script> [1562 bytes]","args":[{"selector":{"id":"application-manageresources-display-component---newResourceUnit--PLANNING_GROUP","interaction":{"idSuffix":"inner"}},"wdio_ui5_key":"applicationmanageresources-display-component---newResourceUnit--PLANNING_GROUP"}]}
RESULT: undefined
COMMAND: POST /session/416ca3a003057b96434a2425fa5e92e2/execute/async - {"script":"<script> [776 bytes]","args":[{"enterText":"Heavy Equi","selector":{"id":"application-manageresources-display-component---newResourceUnit--PLANNING_GROUP","interaction":{"idSuffix":"inner"}},"clearTextFirst":true,"interactionType":"ENTER_TEXT"}]}
RESULT: {}
RESULT: {"script":"<script> [776 bytes]","args":[{"enterText":"Heavy Equi","selector":{"id":"application-manageresources-display-component---newResourceUnit--PLANNING_GROUP","interaction":{"idSuffix":"inner"}},"clearTextFirst":true,"interactionType":"ENTER_TEXT"}]}
COMMAND: POST /session/416ca3a003057b96434a2425fa5e92e2/execute/async - {"script":"<script> [1562 bytes]","args":[{"selector":{"id":"application-manageresources-display-component---newResourceUnit--ITEM_TYPE-arrow"},"wdio_ui5_key":"applicationmanageresources-display-component---newResourceUnit--ITEM_TYPE-arrow"}]}
RESULT: {"script":"<script> [1562 bytes]","args":[{"selector":{"id":"application-manageresources-display-component---newResourceUnit--ITEM_TYPE-arrow"},"wdio_ui5_key":"applicationmanageresources-display-component---newResourceUnit--ITEM_TYPE-arrow"}]}
RESULT: undefined
COMMAND: POST /session/416ca3a003057b96434a2425fa5e92e2/element - {"using":"xpath","value":"//*[@id=\"application-manageresources-display-component---newResourceUnit--ITEM_TYPE-arrow\"]"}
RESULT: {"using":"xpath","value":"//*[@id=\"application-manageresources-display-component---newResourceUnit--ITEM_TYPE-arrow\"]"}
COMMAND: POST /session/416ca3a003057b96434a2425fa5e92e2/element/f.E04F53A89B741A5C45B2DD6DE3A1F810.d.33EB14D81C64B8C96BA9C4B9BB08E2C8.e.3429/click - {}
RESULT: {}
COMMAND: POST /session/416ca3a003057b96434a2425fa5e92e2/element - {"using":"xpath","value":"(//span[contains(text(), \"Resource Unit\")])[2]"}
COMMAND: GET /session/416ca3a003057b96434a2425fa5e92e2/screenshot - {}
RESULT: {"using":"xpath","value":"(//span[contains(text(), \"Resource Unit\")])[2]"}
COMMAND: POST /session/416ca3a003057b96434a2425fa5e92e2/element/f.E04F53A89B741A5C45B2DD6DE3A1F810.d.33EB14D81C64B8C96BA9C4B9BB08E2C8.e.3430/click - {}
RESULT: {}
RESULT: {}
COMMAND: GET /session/416ca3a003057b96434a2425fa5e92e2/screenshot - {}
RESULT: {}
COMMAND: POST /session/416ca3a003057b96434a2425fa5e92e2/element - {"using":"css selector","value":"#application-manageresources-display-component---newResourceUnit--btnAddTimeSegment"}
RESULT: {"using":"css selector","value":"#application-manageresources-display-component---newResourceUnit--btnAddTimeSegment"}
COMMAND: GET /session/416ca3a003057b96434a2425fa5e92e2/element/f.E04F53A89B741A5C45B2DD6DE3A1F810.d.33EB14D81C64B8C96BA9C4B9BB08E2C8.e.3431/rect - {}
RESULT: {}
COMMAND: GET /session/416ca3a003057b96434a2425fa5e92e2/window/rect - {}
RESULT: {}
COMMAND: POST /session/416ca3a003057b96434a2425fa5e92e2/execute/sync - {"script":"<script> [92 bytes]","args":[]}
RESULT: {"script":"<script> [92 bytes]","args":[]}
COMMAND: POST /session/416ca3a003057b96434a2425fa5e92e2/actions - {"actions":[{"id":"action10","type":"wheel","parameters":{},"actions":[{"type":"scroll","x":-1888,"y":-32,"deltaX":0,"deltaY":0,"duration":0,"origin":{"element-6066-11e4-a52e-4f735466cecf":"f.E04F53A89B741A5C45B2DD6DE3A1F810.d.33EB14D81C64B8C96BA9C4B9BB08E2C8.e.3431"}}]}]}
COMMAND: GET /session/416ca3a003057b96434a2425fa5e92e2/screenshot - {}
RESULT: {}
COMMAND: POST /session/416ca3a003057b96434a2425fa5e92e2/execute/sync - {"script":"<script> [79 bytes]","args":[{"element-6066-11e4-a52e-4f735466cecf":"f.E04F53A89B741A5C45B2DD6DE3A1F810.d.33EB14D81C64B8C96BA9C4B9BB08E2C8.e.3431","ELEMENT":"f.E04F53A89B741A5C45B2DD6DE3A1F810.d.33EB14D81C64B8C96BA9C4B9BB08E2C8.e.3431"},{"block":"start","inline":"nearest"}]}
RESULT: {"script":"<script> [79 bytes]","args":[{"element-6066-11e4-a52e-4f735466cecf":"f.E04F53A89B741A5C45B2DD6DE3A1F810.d.33EB14D81C64B8C96BA9C4B9BB08E2C8.e.3431","ELEMENT":"f.E04F53A89B741A5C45B2DD6DE3A1F810.d.33EB14D81C64B8C96BA9C4B9BB08E2C8.e.3431"},{"block":"start","inline":"nearest"}]}
COMMAND: POST /session/416ca3a003057b96434a2425fa5e92e2/execute/async - {"script":"<script> [1562 bytes]","args":[{"selector":{"id":"application-manageresources-display-component---newResourceUnit--btnAddTimeSegment","interaction":{"idSuffix":"inner"}},"wdio_ui5_key":"applicationmanageresources-display-component---newResourceUnit--btnAddTimeSegment"}]}
COMMAND: GET /session/416ca3a003057b96434a2425fa5e92e2/screenshot - {}
RESULT: {"script":"<script> [1562 bytes]","args":[{"selector":{"id":"application-manageresources-display-component---newResourceUnit--btnAddTimeSegment","interaction":{"idSuffix":"inner"}},"wdio_ui5_key":"applicationmanageresources-display-component---newResourceUnit--btnAddTimeSegment"}]}
RESULT: undefined
COMMAND: POST /session/416ca3a003057b96434a2425fa5e92e2/element - {"using":"xpath","value":"//*[@id=\"application-manageresources-display-component---newResourceUnit--btnAddTimeSegment\"]"}
RESULT: {}
RESULT: {"using":"xpath","value":"//*[@id=\"application-manageresources-display-component---newResourceUnit--btnAddTimeSegment\"]"}
COMMAND: POST /session/416ca3a003057b96434a2425fa5e92e2/element/f.E04F53A89B741A5C45B2DD6DE3A1F810.d.33EB14D81C64B8C96BA9C4B9BB08E2C8.e.3431/click - {}
RESULT: {}
COMMAND: GET /session/416ca3a003057b96434a2425fa5e92e2/screenshot - {}
RESULT: {}
COMMAND: POST /session/416ca3a003057b96434a2425fa5e92e2/element - {"using":"xpath","value":"//input[@id=\"application-manageresources-display-component---newResourceUnit--idRuTSAdmin-application-manageresources-display-component---newResourceUnit--RUTimeSegment-0-inner\"]"}
RESULT: {"using":"xpath","value":"//input[@id=\"application-manageresources-display-component---newResourceUnit--idRuTSAdmin-application-manageresources-display-component---newResourceUnit--RUTimeSegment-0-inner\"]"}
COMMAND: POST /session/416ca3a003057b96434a2425fa5e92e2/element/f.E04F53A89B741A5C45B2DD6DE3A1F810.d.33EB14D81C64B8C96BA9C4B9BB08E2C8.e.3437/clear - {}
RESULT: {}
COMMAND: POST /session/416ca3a003057b96434a2425fa5e92e2/element/f.E04F53A89B741A5C45B2DD6DE3A1F810.d.33EB14D81C64B8C96BA9C4B9BB08E2C8.e.3437/value - {"text":"365"}
COMMAND: GET /session/416ca3a003057b96434a2425fa5e92e2/screenshot - {}
RESULT: {"text":"365"}
COMMAND: GET /session/416ca3a003057b96434a2425fa5e92e2/screenshot - {}
RESULT: {}
RESULT: {}
COMMAND: POST /session/416ca3a003057b96434a2425fa5e92e2/element - {"using":"xpath","value":"//li[.//span[text()='365']]"}
RESULT: {"using":"xpath","value":"//li[.//span[text()='365']]"}
COMMAND: POST /session/416ca3a003057b96434a2425fa5e92e2/element/f.E04F53A89B741A5C45B2DD6DE3A1F810.d.33EB14D81C64B8C96BA9C4B9BB08E2C8.e.3449/click - {}
RESULT: {}
COMMAND: GET /session/416ca3a003057b96434a2425fa5e92e2/screenshot - {}
RESULT: {}
COMMAND: POST /session/416ca3a003057b96434a2425fa5e92e2/element - {"using":"xpath","value":"(//span[contains(@id, \"-application-manageresources-display-component---newResourceUnit--RUTimeSegment-0-arrow\")])[6]"}
RESULT: {"using":"xpath","value":"(//span[contains(@id, \"-application-manageresources-display-component---newResourceUnit--RUTimeSegment-0-arrow\")])[6]"}
COMMAND: POST /session/416ca3a003057b96434a2425fa5e92e2/element/f.E04F53A89B741A5C45B2DD6DE3A1F810.d.33EB14D81C64B8C96BA9C4B9BB08E2C8.e.3450/click - {}
RESULT: {}
COMMAND: GET /session/416ca3a003057b96434a2425fa5e92e2/screenshot - {}
RESULT: {}
COMMAND: POST /session/416ca3a003057b96434a2425fa5e92e2/element - {"using":"xpath","value":"//span[contains(text(), \"PM Order\")]"}
RESULT: {"using":"xpath","value":"//span[contains(text(), \"PM Order\")]"}
COMMAND: POST /session/416ca3a003057b96434a2425fa5e92e2/element/f.E04F53A89B741A5C45B2DD6DE3A1F810.d.33EB14D81C64B8C96BA9C4B9BB08E2C8.e.3453/click - {}
RESULT: {}
COMMAND: GET /session/416ca3a003057b96434a2425fa5e92e2/screenshot - {}
RESULT: {}
COMMAND: POST /session/416ca3a003057b96434a2425fa5e92e2/element - {"using":"xpath","value":"(//span[contains(@id ,\"manageresources-display-component---newResourceUnit--RUTimeSegment-0-vhi\")])[1]"}
RESULT: {"using":"xpath","value":"(//span[contains(@id ,\"manageresources-display-component---newResourceUnit--RUTimeSegment-0-vhi\")])[1]"}
COMMAND: GET /session/416ca3a003057b96434a2425fa5e92e2/element/f.E04F53A89B741A5C45B2DD6DE3A1F810.d.33EB14D81C64B8C96BA9C4B9BB08E2C8.e.3457/rect - {}
RESULT: {}
COMMAND: GET /session/416ca3a003057b96434a2425fa5e92e2/window/rect - {}
RESULT: {}
COMMAND: POST /session/416ca3a003057b96434a2425fa5e92e2/execute/sync - {"script":"<script> [92 bytes]","args":[]}
RESULT: {"script":"<script> [92 bytes]","args":[]}
COMMAND: POST /session/416ca3a003057b96434a2425fa5e92e2/actions - {"actions":[{"id":"action11","type":"wheel","parameters":{},"actions":[{"type":"scroll","x":-869,"y":-24,"deltaX":0,"deltaY":0,"duration":0,"origin":{"element-6066-11e4-a52e-4f735466cecf":"f.E04F53A89B741A5C45B2DD6DE3A1F810.d.33EB14D81C64B8C96BA9C4B9BB08E2C8.e.3457"}}]}]}
COMMAND: GET /session/416ca3a003057b96434a2425fa5e92e2/screenshot - {}
RESULT: {"actions":[{"id":"action11","type":"wheel","parameters":{},"actions":[{"type":"scroll","x":-869,"y":-24,"deltaX":0,"deltaY":0,"duration":0,"origin":{"element-6066-11e4-a52e-4f735466cecf":"f.E04F53A89B741A5C45B2DD6DE3A1F810.d.33EB14D81C64B8C96BA9C4B9BB08E2C8.e.3457"}}]}]}
COMMAND: DELETE /session/416ca3a003057b96434a2425fa5e92e2/actions - {}
COMMAND: GET /session/416ca3a003057b96434a2425fa5e92e2/screenshot - {}
RESULT: {}
RESULT: {}
COMMAND: GET /session/416ca3a003057b96434a2425fa5e92e2/screenshot - {}
RESULT: {}
RESULT: {}
COMMAND: POST /session/416ca3a003057b96434a2425fa5e92e2/element/f.E04F53A89B741A5C45B2DD6DE3A1F810.d.33EB14D81C64B8C96BA9C4B9BB08E2C8.e.3457/click - {}
RESULT: {}
COMMAND: GET /session/416ca3a003057b96434a2425fa5e92e2/screenshot - {}
RESULT: {}
COMMAND: POST /session/416ca3a003057b96434a2425fa5e92e2/execute/async - {"script":"<script> [1562 bytes]","args":[{"selector":{"controlType":"sap.m.SearchField","properties":{"placeholder":"Search"},"searchOpenDialogs":true,"interaction":{"idSuffix":"I"}},"wdio_ui5_key":"sapm.SearchField{\"placeholder\":\"Search\"}"}]}
RESULT: {"script":"<script> [1562 bytes]","args":[{"selector":{"controlType":"sap.m.SearchField","properties":{"placeholder":"Search"},"searchOpenDialogs":true,"interaction":{"idSuffix":"I"}},"wdio_ui5_key":"sapm.SearchField{\"placeholder\":\"Search\"}"}]}
RESULT: undefined
COMMAND: POST /session/416ca3a003057b96434a2425fa5e92e2/execute/async - {"script":"<script> [776 bytes]","args":[{"enterText":"4000360","selector":{"controlType":"sap.m.SearchField","properties":{"placeholder":"Search"},"searchOpenDialogs":true,"interaction":{"idSuffix":"I"}},"clearTextFirst":true,"interactionType":"ENTER_TEXT"}]}
RESULT: {"script":"<script> [776 bytes]","args":[{"enterText":"4000360","selector":{"controlType":"sap.m.SearchField","properties":{"placeholder":"Search"},"searchOpenDialogs":true,"interaction":{"idSuffix":"I"}},"clearTextFirst":true,"interactionType":"ENTER_TEXT"}]}
COMMAND: POST /session/416ca3a003057b96434a2425fa5e92e2/actions - {"actions":[{"id":"action12","type":"key","parameters":{},"actions":[{"type":"keyDown","value":"î€‡"},{"type":"pause","duration":10},{"type":"keyUp","value":"î€‡"}]}]}
RESULT: {"actions":[{"id":"action12","type":"key","parameters":{},"actions":[{"type":"keyDown","value":"î€‡"},{"type":"pause","duration":10},{"type":"keyUp","value":"î€‡"}]}]}
COMMAND: GET /session/416ca3a003057b96434a2425fa5e92e2/screenshot - {}
RESULT: {}
COMMAND: POST /session/416ca3a003057b96434a2425fa5e92e2/element - {"using":"xpath","value":"//td/div/span[contains(text(), \"BGL Vehicles\")]"}
RESULT: {"using":"xpath","value":"//td/div/span[contains(text(), \"BGL Vehicles\")]"}
COMMAND: POST /session/416ca3a003057b96434a2425fa5e92e2/element/f.E04F53A89B741A5C45B2DD6DE3A1F810.d.33EB14D81C64B8C96BA9C4B9BB08E2C8.e.3479/click - {}
RESULT: {}
COMMAND: GET /session/416ca3a003057b96434a2425fa5e92e2/screenshot - {}
RESULT: {}
COMMAND: POST /session/416ca3a003057b96434a2425fa5e92e2/element - {"using":"xpath","value":"//bdi[contains(text(), \"OK\")]"}
RESULT: {"using":"xpath","value":"//bdi[contains(text(), \"OK\")]"}
COMMAND: POST /session/416ca3a003057b96434a2425fa5e92e2/element/f.E04F53A89B741A5C45B2DD6DE3A1F810.d.33EB14D81C64B8C96BA9C4B9BB08E2C8.e.3480/click - {}
RESULT: {}
COMMAND: GET /session/416ca3a003057b96434a2425fa5e92e2/screenshot - {}
RESULT: {}
COMMAND: POST /session/416ca3a003057b96434a2425fa5e92e2/execute/async - {"script":"<script> [1562 bytes]","args":[{"selector":{"id":"application-manageresources-display-component---newResourceUnit--newRRUPage-anchBar-application-manageresources-display-component---newResourceUnit--resource-anchor","interaction":{"idSuffix":"BDI-content"}},"wdio_ui5_key":"applicationmanageresources-display-component---newResourceUnit--newRRUPage-anchBar-application-manageresources-display-component---newResourceUnit--resource-anchor"}]}
RESULT: {"script":"<script> [1562 bytes]","args":[{"selector":{"id":"application-manageresources-display-component---newResourceUnit--newRRUPage-anchBar-application-manageresources-display-component---newResourceUnit--resource-anchor","interaction":{"idSuffix":"BDI-content"}},"wdio_ui5_key":"applicationmanageresources-display-component---newResourceUnit--newRRUPage-anchBar-application-manageresources-display-component---newResourceUnit--resource-anchor"}]}
RESULT: undefined
COMMAND: POST /session/416ca3a003057b96434a2425fa5e92e2/element - {"using":"xpath","value":"//*[@id=\"application-manageresources-display-component---newResourceUnit--newRRUPage-anchBar-application-manageresources-display-component---newResourceUnit--resource-anchor\"]"}
RESULT: {"using":"xpath","value":"//*[@id=\"application-manageresources-display-component---newResourceUnit--newRRUPage-anchBar-application-manageresources-display-component---newResourceUnit--resource-anchor\"]"}
COMMAND: POST /session/416ca3a003057b96434a2425fa5e92e2/element/f.E04F53A89B741A5C45B2DD6DE3A1F810.d.33EB14D81C64B8C96BA9C4B9BB08E2C8.e.3484/click - {}
RESULT: {}
COMMAND: POST /session/416ca3a003057b96434a2425fa5e92e2/execute/async - {"script":"<script> [1562 bytes]","args":[{"selector":{"id":"application-manageresources-display-component---newResourceUnit--PLANNED_DELIVERY_DATE","interaction":{"idSuffix":"inner"}},"wdio_ui5_key":"applicationmanageresources-display-component---newResourceUnit--PLANNED_DELIVERY_DATE"}]}
COMMAND: GET /session/416ca3a003057b96434a2425fa5e92e2/screenshot - {}
RESULT: {"script":"<script> [1562 bytes]","args":[{"selector":{"id":"application-manageresources-display-component---newResourceUnit--PLANNED_DELIVERY_DATE","interaction":{"idSuffix":"inner"}},"wdio_ui5_key":"applicationmanageresources-display-component---newResourceUnit--PLANNED_DELIVERY_DATE"}]}
RESULT: undefined
COMMAND: POST /session/416ca3a003057b96434a2425fa5e92e2/execute/async - {"script":"<script> [6424 bytes]","args":[{"element-6066-11e4-a52e-4f735466cecf":"f.E04F53A89B741A5C45B2DD6DE3A1F810.d.33EB14D81C64B8C96BA9C4B9BB08E2C8.e.3346"},"setValue",["5/14/25"]]}
RESULT: {}
RESULT: {"script":"<script> [6424 bytes]","args":[{"element-6066-11e4-a52e-4f735466cecf":"f.E04F53A89B741A5C45B2DD6DE3A1F810.d.33EB14D81C64B8C96BA9C4B9BB08E2C8.e.3346"},"setValue",["5/14/25"]]}
COMMAND: POST /session/416ca3a003057b96434a2425fa5e92e2/element - {"using":"xpath","value":"//label[contains(@class, 'sapMLabelRequired') and .//bdi[contains(text(), 'Planned Retirement')]]"}
RESULT: {"using":"xpath","value":"//label[contains(@class, 'sapMLabelRequired') and .//bdi[contains(text(), 'Planned Retirement')]]"}
COMMAND: POST /session/416ca3a003057b96434a2425fa5e92e2/elements - {"using":"xpath","value":"//label[contains(@class, 'sapMLabelRequired') and .//bdi[contains(text(), 'Planned Retirement')]]"}
RESULT: {"using":"xpath","value":"//label[contains(@class, 'sapMLabelRequired') and .//bdi[contains(text(), 'Planned Retirement')]]"}
COMMAND: POST /session/416ca3a003057b96434a2425fa5e92e2/element - {"using":"xpath","value":"//button[@data-kt=\"resourceUnitSaveButton\"]"}
RESULT: {"using":"xpath","value":"//button[@data-kt=\"resourceUnitSaveButton\"]"}
COMMAND: POST /session/416ca3a003057b96434a2425fa5e92e2/element/f.E04F53A89B741A5C45B2DD6DE3A1F810.d.33EB14D81C64B8C96BA9C4B9BB08E2C8.e.3307/click - {}
RESULT: {}
COMMAND: GET /session/416ca3a003057b96434a2425fa5e92e2/screenshot - {}
RESULT: {}
COMMAND: POST /session/416ca3a003057b96434a2425fa5e92e2/element - {"using":"xpath","value":"//bdi[contains(text(), \"Close\")]"}
RESULT: {"using":"xpath","value":"//bdi[contains(text(), \"Close\")]"}
COMMAND: POST /session/416ca3a003057b96434a2425fa5e92e2/element/f.E04F53A89B741A5C45B2DD6DE3A1F810.d.33EB14D81C64B8C96BA9C4B9BB08E2C8.e.3492/click - {}
RESULT: {}
COMMAND: GET /session/416ca3a003057b96434a2425fa5e92e2/screenshot - {}
RESULT: {}
COMMAND: POST /session/416ca3a003057b96434a2425fa5e92e2/element - {"using":"xpath","value":"(//button[contains(@id ,\"actionsToolbar-overflowButton\")])[1]"}
RESULT: {"using":"xpath","value":"(//button[contains(@id ,\"actionsToolbar-overflowButton\")])[1]"}
COMMAND: POST /session/416ca3a003057b96434a2425fa5e92e2/element/f.E04F53A89B741A5C45B2DD6DE3A1F810.d.33EB14D81C64B8C96BA9C4B9BB08E2C8.e.3551/click - {}
RESULT: {}
COMMAND: GET /session/416ca3a003057b96434a2425fa5e92e2/screenshot - {}
RESULT: {}
COMMAND: POST /session/416ca3a003057b96434a2425fa5e92e2/element - {"using":"xpath","value":"//button[@data-kt=\"priceInfoButton\"]"}
RESULT: {"using":"xpath","value":"//button[@data-kt=\"priceInfoButton\"]"}
COMMAND: POST /session/416ca3a003057b96434a2425fa5e92e2/element/f.E04F53A89B741A5C45B2DD6DE3A1F810.d.33EB14D81C64B8C96BA9C4B9BB08E2C8.e.3553/click - {}
RESULT: {}
COMMAND: GET /session/416ca3a003057b96434a2425fa5e92e2/screenshot - {}
RESULT: {}
]]></system-out>
    </testcase>
    <testcase classname="chrome.136_0_7103_49.windows.Billing_Transfer_-_Master_data_&amp;_Intercompany_US127250" name="Should create new pricing rule TB on the equipment TB" time="52.33">
      <system-out><![CDATA[
COMMAND: POST /session/416ca3a003057b96434a2425fa5e92e2/element - {"using":"xpath","value":"//button[@data-kt=\"addButton\"]"}
RESULT: {"using":"xpath","value":"//button[@data-kt=\"addButton\"]"}
COMMAND: POST /session/416ca3a003057b96434a2425fa5e92e2/elements - {"using":"xpath","value":"//button[@data-kt=\"addButton\"]"}
RESULT: {"using":"xpath","value":"//button[@data-kt=\"addButton\"]"}
COMMAND: POST /session/416ca3a003057b96434a2425fa5e92e2/elements - {"using":"xpath","value":"//button[@data-kt=\"addButton\"]"}
RESULT: {"using":"xpath","value":"//button[@data-kt=\"addButton\"]"}
COMMAND: POST /session/416ca3a003057b96434a2425fa5e92e2/element - {"using":"xpath","value":"//button[@data-kt=\"addButton\"]"}
RESULT: {"using":"xpath","value":"//button[@data-kt=\"addButton\"]"}
COMMAND: POST /session/416ca3a003057b96434a2425fa5e92e2/execute/sync - {"script":"<script> [8489 bytes]","args":[{"element-6066-11e4-a52e-4f735466cecf":"f.E04F53A89B741A5C45B2DD6DE3A1F810.d.33EB14D81C64B8C96BA9C4B9BB08E2C8.e.3589","ELEMENT":"f.E04F53A89B741A5C45B2DD6DE3A1F810.d.33EB14D81C64B8C96BA9C4B9BB08E2C8.e.3589"}]}
RESULT: {"script":"<script> [8489 bytes]","args":[{"element-6066-11e4-a52e-4f735466cecf":"f.E04F53A89B741A5C45B2DD6DE3A1F810.d.33EB14D81C64B8C96BA9C4B9BB08E2C8.e.3589","ELEMENT":"f.E04F53A89B741A5C45B2DD6DE3A1F810.d.33EB14D81C64B8C96BA9C4B9BB08E2C8.e.3589"}]}
COMMAND: GET /session/416ca3a003057b96434a2425fa5e92e2/element/f.E04F53A89B741A5C45B2DD6DE3A1F810.d.33EB14D81C64B8C96BA9C4B9BB08E2C8.e.3589/enabled - {}
COMMAND: GET /session/416ca3a003057b96434a2425fa5e92e2/screenshot - {}
RESULT: {}
COMMAND: POST /session/416ca3a003057b96434a2425fa5e92e2/execute/sync - {"script":"<script> [8489 bytes]","args":[{"element-6066-11e4-a52e-4f735466cecf":"f.E04F53A89B741A5C45B2DD6DE3A1F810.d.33EB14D81C64B8C96BA9C4B9BB08E2C8.e.3589","ELEMENT":"f.E04F53A89B741A5C45B2DD6DE3A1F810.d.33EB14D81C64B8C96BA9C4B9BB08E2C8.e.3589"}]}
COMMAND: GET /session/416ca3a003057b96434a2425fa5e92e2/screenshot - {}
RESULT: {}
RESULT: {"script":"<script> [8489 bytes]","args":[{"element-6066-11e4-a52e-4f735466cecf":"f.E04F53A89B741A5C45B2DD6DE3A1F810.d.33EB14D81C64B8C96BA9C4B9BB08E2C8.e.3589","ELEMENT":"f.E04F53A89B741A5C45B2DD6DE3A1F810.d.33EB14D81C64B8C96BA9C4B9BB08E2C8.e.3589"}]}
COMMAND: POST /session/416ca3a003057b96434a2425fa5e92e2/execute/sync - {"script":"<script> [5351 bytes]","args":[{"element-6066-11e4-a52e-4f735466cecf":"f.E04F53A89B741A5C45B2DD6DE3A1F810.d.33EB14D81C64B8C96BA9C4B9BB08E2C8.e.3589","ELEMENT":"f.E04F53A89B741A5C45B2DD6DE3A1F810.d.33EB14D81C64B8C96BA9C4B9BB08E2C8.e.3589"}]}
COMMAND: GET /session/416ca3a003057b96434a2425fa5e92e2/screenshot - {}
RESULT: {}
RESULT: {"script":"<script> [5351 bytes]","args":[{"element-6066-11e4-a52e-4f735466cecf":"f.E04F53A89B741A5C45B2DD6DE3A1F810.d.33EB14D81C64B8C96BA9C4B9BB08E2C8.e.3589","ELEMENT":"f.E04F53A89B741A5C45B2DD6DE3A1F810.d.33EB14D81C64B8C96BA9C4B9BB08E2C8.e.3589"}]}
COMMAND: POST /session/416ca3a003057b96434a2425fa5e92e2/element/f.E04F53A89B741A5C45B2DD6DE3A1F810.d.33EB14D81C64B8C96BA9C4B9BB08E2C8.e.3589/click - {}
COMMAND: GET /session/416ca3a003057b96434a2425fa5e92e2/screenshot - {}
RESULT: {}
RESULT: {}
COMMAND: GET /session/416ca3a003057b96434a2425fa5e92e2/screenshot - {}
RESULT: {}
RESULT: {}
COMMAND: POST /session/416ca3a003057b96434a2425fa5e92e2/execute/async - {"script":"<script> [1562 bytes]","args":[{"selector":{"controlType":"sap.m.Title","viewName":"etm.portal.ui.managepricingrules.view.NewItem","viewId":"application-managepricingrules-display-component---newInfoPriceItem","properties":{"text":"New Pricing Rules - Item Level"}},"wdio_ui5_key":"etmportal.ui.managepricingrules.view.NewItemsap.m.Title{\"text\":\"New Pricing Rules - Item Level\"}"}]}
RESULT: {"script":"<script> [1562 bytes]","args":[{"selector":{"controlType":"sap.m.Title","viewName":"etm.portal.ui.managepricingrules.view.NewItem","viewId":"application-managepricingrules-display-component---newInfoPriceItem","properties":{"text":"New Pricing Rules - Item Level"}},"wdio_ui5_key":"etmportal.ui.managepricingrules.view.NewItemsap.m.Title{\"text\":\"New Pricing Rules - Item Level\"}"}]}
RESULT: undefined
COMMAND: POST /session/416ca3a003057b96434a2425fa5e92e2/execute/async - {"script":"<script> [6424 bytes]","args":[{"element-6066-11e4-a52e-4f735466cecf":"f.E04F53A89B741A5C45B2DD6DE3A1F810.d.33EB14D81C64B8C96BA9C4B9BB08E2C8.e.3759"},"getText",[]]}
RESULT: {"script":"<script> [6424 bytes]","args":[{"element-6066-11e4-a52e-4f735466cecf":"f.E04F53A89B741A5C45B2DD6DE3A1F810.d.33EB14D81C64B8C96BA9C4B9BB08E2C8.e.3759"},"getText",[]]}
COMMAND: POST /session/416ca3a003057b96434a2425fa5e92e2/execute/async - {"script":"<script> [1562 bytes]","args":[{"selector":{"id":"application-managepricingrules-display-component---newInfoPriceItem--condValidTo","interaction":{"idSuffix":"inner"}},"wdio_ui5_key":"applicationmanagepricingrules-display-component---newInfoPriceItem--condValidTo"}]}
RESULT: {"script":"<script> [1562 bytes]","args":[{"selector":{"id":"application-managepricingrules-display-component---newInfoPriceItem--condValidTo","interaction":{"idSuffix":"inner"}},"wdio_ui5_key":"applicationmanagepricingrules-display-component---newInfoPriceItem--condValidTo"}]}
RESULT: undefined
COMMAND: POST /session/416ca3a003057b96434a2425fa5e92e2/execute/async - {"script":"<script> [776 bytes]","args":[{"enterText":"1/14/26","selector":{"id":"application-managepricingrules-display-component---newInfoPriceItem--condValidTo","interaction":{"idSuffix":"inner"}},"clearTextFirst":true,"interactionType":"ENTER_TEXT"}]}
RESULT: {"script":"<script> [776 bytes]","args":[{"enterText":"1/14/26","selector":{"id":"application-managepricingrules-display-component---newInfoPriceItem--condValidTo","interaction":{"idSuffix":"inner"}},"clearTextFirst":true,"interactionType":"ENTER_TEXT"}]}
COMMAND: POST /session/416ca3a003057b96434a2425fa5e92e2/execute/async - {"script":"<script> [1562 bytes]","args":[{"selector":{"id":"application-managepricingrules-display-component---newInfoPriceItem--billType-arrow"},"wdio_ui5_key":"applicationmanagepricingrules-display-component---newInfoPriceItem--billType-arrow"}]}
RESULT: {"script":"<script> [1562 bytes]","args":[{"selector":{"id":"application-managepricingrules-display-component---newInfoPriceItem--billType-arrow"},"wdio_ui5_key":"applicationmanagepricingrules-display-component---newInfoPriceItem--billType-arrow"}]}
RESULT: undefined
COMMAND: POST /session/416ca3a003057b96434a2425fa5e92e2/element - {"using":"xpath","value":"//*[@id=\"application-managepricingrules-display-component---newInfoPriceItem--billType-arrow\"]"}
RESULT: {"using":"xpath","value":"//*[@id=\"application-managepricingrules-display-component---newInfoPriceItem--billType-arrow\"]"}
COMMAND: POST /session/416ca3a003057b96434a2425fa5e92e2/element/f.E04F53A89B741A5C45B2DD6DE3A1F810.d.33EB14D81C64B8C96BA9C4B9BB08E2C8.e.3719/click - {}
RESULT: {}
COMMAND: POST /session/416ca3a003057b96434a2425fa5e92e2/element - {"using":"xpath","value":"//span[contains(text(), \"TB - Time based\")]"}
COMMAND: GET /session/416ca3a003057b96434a2425fa5e92e2/screenshot - {}
RESULT: {"using":"xpath","value":"//span[contains(text(), \"TB - Time based\")]"}
COMMAND: POST /session/416ca3a003057b96434a2425fa5e92e2/element/f.E04F53A89B741A5C45B2DD6DE3A1F810.d.33EB14D81C64B8C96BA9C4B9BB08E2C8.e.3761/click - {}
RESULT: {}
RESULT: {}
COMMAND: POST /session/416ca3a003057b96434a2425fa5e92e2/execute/async - {"script":"<script> [1562 bytes]","args":[{"selector":{"id":"application-managepricingrules-display-component---newInfoPriceItem--priceProc-arrow"},"wdio_ui5_key":"applicationmanagepricingrules-display-component---newInfoPriceItem--priceProc-arrow"}]}
COMMAND: GET /session/416ca3a003057b96434a2425fa5e92e2/screenshot - {}
RESULT: {"script":"<script> [1562 bytes]","args":[{"selector":{"id":"application-managepricingrules-display-component---newInfoPriceItem--priceProc-arrow"},"wdio_ui5_key":"applicationmanagepricingrules-display-component---newInfoPriceItem--priceProc-arrow"}]}
RESULT: undefined
COMMAND: POST /session/416ca3a003057b96434a2425fa5e92e2/element - {"using":"xpath","value":"//*[@id=\"application-managepricingrules-display-component---newInfoPriceItem--priceProc-arrow\"]"}
RESULT: {}
RESULT: {"using":"xpath","value":"//*[@id=\"application-managepricingrules-display-component---newInfoPriceItem--priceProc-arrow\"]"}
COMMAND: POST /session/416ca3a003057b96434a2425fa5e92e2/element/f.E04F53A89B741A5C45B2DD6DE3A1F810.d.33EB14D81C64B8C96BA9C4B9BB08E2C8.e.3726/click - {}
RESULT: {}
COMMAND: POST /session/416ca3a003057b96434a2425fa5e92e2/element - {"using":"xpath","value":"//span[contains(text(), \"TBS - Time based standard\")]"}
COMMAND: GET /session/416ca3a003057b96434a2425fa5e92e2/screenshot - {}
RESULT: {"using":"xpath","value":"//span[contains(text(), \"TBS - Time based standard\")]"}
COMMAND: POST /session/416ca3a003057b96434a2425fa5e92e2/element/f.E04F53A89B741A5C45B2DD6DE3A1F810.d.33EB14D81C64B8C96BA9C4B9BB08E2C8.e.3762/click - {}
RESULT: {}
RESULT: {}
COMMAND: POST /session/416ca3a003057b96434a2425fa5e92e2/execute/async - {"script":"<script> [1562 bytes]","args":[{"selector":{"id":"application-managepricingrules-display-component---newInfoPriceItem--calcBase-arrow"},"wdio_ui5_key":"applicationmanagepricingrules-display-component---newInfoPriceItem--calcBase-arrow"}]}
COMMAND: GET /session/416ca3a003057b96434a2425fa5e92e2/screenshot - {}
RESULT: {"script":"<script> [1562 bytes]","args":[{"selector":{"id":"application-managepricingrules-display-component---newInfoPriceItem--calcBase-arrow"},"wdio_ui5_key":"applicationmanagepricingrules-display-component---newInfoPriceItem--calcBase-arrow"}]}
RESULT: undefined
COMMAND: POST /session/416ca3a003057b96434a2425fa5e92e2/element - {"using":"xpath","value":"//*[@id=\"application-managepricingrules-display-component---newInfoPriceItem--calcBase-arrow\"]"}
RESULT: {}
RESULT: {"using":"xpath","value":"//*[@id=\"application-managepricingrules-display-component---newInfoPriceItem--calcBase-arrow\"]"}
COMMAND: POST /session/416ca3a003057b96434a2425fa5e92e2/element/f.E04F53A89B741A5C45B2DD6DE3A1F810.d.33EB14D81C64B8C96BA9C4B9BB08E2C8.e.3733/click - {}
RESULT: {}
COMMAND: GET /session/416ca3a003057b96434a2425fa5e92e2/screenshot - {}
RESULT: {}
COMMAND: POST /session/416ca3a003057b96434a2425fa5e92e2/element - {"using":"xpath","value":"//span[contains(text(), \"0006 - TB(calendar days)\")]"}
RESULT: {"using":"xpath","value":"//span[contains(text(), \"0006 - TB(calendar days)\")]"}
COMMAND: POST /session/416ca3a003057b96434a2425fa5e92e2/element/f.E04F53A89B741A5C45B2DD6DE3A1F810.d.33EB14D81C64B8C96BA9C4B9BB08E2C8.e.3763/click - {}
RESULT: {}
COMMAND: GET /session/416ca3a003057b96434a2425fa5e92e2/screenshot - {}
RESULT: {}
COMMAND: POST /session/416ca3a003057b96434a2425fa5e92e2/execute/async - {"script":"<script> [1562 bytes]","args":[{"selector":{"id":"application-managepricingrules-display-component---newInfoPriceItem--daysMonth","interaction":{"idSuffix":"inner"}},"wdio_ui5_key":"applicationmanagepricingrules-display-component---newInfoPriceItem--daysMonth"}]}
RESULT: {"script":"<script> [1562 bytes]","args":[{"selector":{"id":"application-managepricingrules-display-component---newInfoPriceItem--daysMonth","interaction":{"idSuffix":"inner"}},"wdio_ui5_key":"applicationmanagepricingrules-display-component---newInfoPriceItem--daysMonth"}]}
RESULT: undefined
COMMAND: POST /session/416ca3a003057b96434a2425fa5e92e2/execute/async - {"script":"<script> [776 bytes]","args":[{"enterText":"30","selector":{"id":"application-managepricingrules-display-component---newInfoPriceItem--daysMonth","interaction":{"idSuffix":"inner"}},"clearTextFirst":true,"interactionType":"ENTER_TEXT"}]}
RESULT: {"script":"<script> [776 bytes]","args":[{"enterText":"30","selector":{"id":"application-managepricingrules-display-component---newInfoPriceItem--daysMonth","interaction":{"idSuffix":"inner"}},"clearTextFirst":true,"interactionType":"ENTER_TEXT"}]}
COMMAND: POST /session/416ca3a003057b96434a2425fa5e92e2/element - {"using":"xpath","value":"//button[@data-kt=\"saveNewRuleButton\"]"}
RESULT: {"using":"xpath","value":"//button[@data-kt=\"saveNewRuleButton\"]"}
COMMAND: POST /session/416ca3a003057b96434a2425fa5e92e2/element/f.E04F53A89B741A5C45B2DD6DE3A1F810.d.33EB14D81C64B8C96BA9C4B9BB08E2C8.e.3753/click - {}
RESULT: {}
COMMAND: GET /session/416ca3a003057b96434a2425fa5e92e2/screenshot - {}
RESULT: {}
COMMAND: POST /session/416ca3a003057b96434a2425fa5e92e2/execute/async - {"script":"<script> [1562 bytes]","args":[{"selector":{"id":"application-managepricingrules-display-component---priceInfoItem--smartFilterBar-btnBasicSearch","interaction":{"idSuffix":"I"}},"wdio_ui5_key":"applicationmanagepricingrules-display-component---priceInfoItem--smartFilterBar-btnBasicSearch"}]}
RESULT: {"script":"<script> [1562 bytes]","args":[{"selector":{"id":"application-managepricingrules-display-component---priceInfoItem--smartFilterBar-btnBasicSearch","interaction":{"idSuffix":"I"}},"wdio_ui5_key":"applicationmanagepricingrules-display-component---priceInfoItem--smartFilterBar-btnBasicSearch"}]}
RESULT: undefined
COMMAND: POST /session/416ca3a003057b96434a2425fa5e92e2/execute/async - {"script":"<script> [776 bytes]","args":[{"enterText":"RmmZu40u8h","selector":{"id":"application-managepricingrules-display-component---priceInfoItem--smartFilterBar-btnBasicSearch","interaction":{"idSuffix":"I"}},"clearTextFirst":true,"interactionType":"ENTER_TEXT"}]}
RESULT: {"script":"<script> [776 bytes]","args":[{"enterText":"RmmZu40u8h","selector":{"id":"application-managepricingrules-display-component---priceInfoItem--smartFilterBar-btnBasicSearch","interaction":{"idSuffix":"I"}},"clearTextFirst":true,"interactionType":"ENTER_TEXT"}]}
COMMAND: POST /session/416ca3a003057b96434a2425fa5e92e2/actions - {"actions":[{"id":"action13","type":"key","parameters":{},"actions":[{"type":"keyDown","value":"î€‡"},{"type":"pause","duration":10},{"type":"keyUp","value":"î€‡"}]}]}
RESULT: {"actions":[{"id":"action13","type":"key","parameters":{},"actions":[{"type":"keyDown","value":"î€‡"},{"type":"pause","duration":10},{"type":"keyUp","value":"î€‡"}]}]}
COMMAND: GET /session/416ca3a003057b96434a2425fa5e92e2/screenshot - {}
RESULT: {}
COMMAND: POST /session/416ca3a003057b96434a2425fa5e92e2/element - {"using":"xpath","value":"//span[@id=\"application-managepricingrules-display-component---priceInfoItem--smartTable-header-inner\"]"}
RESULT: {"using":"xpath","value":"//span[@id=\"application-managepricingrules-display-component---priceInfoItem--smartTable-header-inner\"]"}
COMMAND: POST /session/416ca3a003057b96434a2425fa5e92e2/elements - {"using":"xpath","value":"//span[@id=\"application-managepricingrules-display-component---priceInfoItem--smartTable-header-inner\"]"}
RESULT: {"using":"xpath","value":"//span[@id=\"application-managepricingrules-display-component---priceInfoItem--smartTable-header-inner\"]"}
COMMAND: POST /session/416ca3a003057b96434a2425fa5e92e2/execute/sync - {"script":"<script> [56 bytes]","args":[{"element-6066-11e4-a52e-4f735466cecf":"f.E04F53A89B741A5C45B2DD6DE3A1F810.d.33EB14D81C64B8C96BA9C4B9BB08E2C8.e.3777","ELEMENT":"f.E04F53A89B741A5C45B2DD6DE3A1F810.d.33EB14D81C64B8C96BA9C4B9BB08E2C8.e.3777"}]}
RESULT: {"script":"<script> [56 bytes]","args":[{"element-6066-11e4-a52e-4f735466cecf":"f.E04F53A89B741A5C45B2DD6DE3A1F810.d.33EB14D81C64B8C96BA9C4B9BB08E2C8.e.3777","ELEMENT":"f.E04F53A89B741A5C45B2DD6DE3A1F810.d.33EB14D81C64B8C96BA9C4B9BB08E2C8.e.3777"}]}
COMMAND: POST /session/416ca3a003057b96434a2425fa5e92e2/element - {"using":"css selector","value":"#shell-header-logo"}
COMMAND: GET /session/416ca3a003057b96434a2425fa5e92e2/screenshot - {}
RESULT: {"using":"css selector","value":"#shell-header-logo"}
COMMAND: POST /session/416ca3a003057b96434a2425fa5e92e2/element/f.E04F53A89B741A5C45B2DD6DE3A1F810.d.33EB14D81C64B8C96BA9C4B9BB08E2C8.e.2901/click - {}
RESULT: {}
RESULT: {}
COMMAND: GET /session/416ca3a003057b96434a2425fa5e92e2/screenshot - {}
RESULT: {}
]]></system-out>
    </testcase>
    <testcase classname="chrome.136_0_7103_49.windows.Billing_Transfer_-_Master_data_&amp;_Intercompany_US127250" name="Should create new condition for equipment TB" time="64.206">
      <system-out><![CDATA[
COMMAND: POST /session/416ca3a003057b96434a2425fa5e92e2/execute/async - {"script":"<script> [1562 bytes]","args":[{"selector":{"controlType":"sap.m.GenericTile","properties":{"header":"Manage Conditions & Prices"}},"wdio_ui5_key":"sapm.GenericTile{\"header\":\"Manage Conditions & Prices\"}"}]}
RESULT: {"script":"<script> [1562 bytes]","args":[{"selector":{"controlType":"sap.m.GenericTile","properties":{"header":"Manage Conditions & Prices"}},"wdio_ui5_key":"sapm.GenericTile{\"header\":\"Manage Conditions & Prices\"}"}]}
RESULT: undefined
COMMAND: POST /session/416ca3a003057b96434a2425fa5e92e2/element - {"using":"xpath","value":"//*[@id=\"__tile93\"]"}
RESULT: {"using":"xpath","value":"//*[@id=\"__tile93\"]"}
COMMAND: POST /session/416ca3a003057b96434a2425fa5e92e2/element/f.E04F53A89B741A5C45B2DD6DE3A1F810.d.33EB14D81C64B8C96BA9C4B9BB08E2C8.e.2885/click - {}
RESULT: {}
COMMAND: GET /session/416ca3a003057b96434a2425fa5e92e2/screenshot - {}
RESULT: {}
COMMAND: POST /session/416ca3a003057b96434a2425fa5e92e2/elements - {"using":"xpath","value":"//span[text()='Error']"}
RESULT: {"using":"xpath","value":"//span[text()='Error']"}
COMMAND: POST /session/416ca3a003057b96434a2425fa5e92e2/element - {"using":"xpath","value":"//button[@aria-label=\"Create\"]"}
RESULT: {"using":"xpath","value":"//button[@aria-label=\"Create\"]"}
COMMAND: POST /session/416ca3a003057b96434a2425fa5e92e2/elements - {"using":"xpath","value":"//button[@aria-label=\"Create\"]"}
RESULT: {"using":"xpath","value":"//button[@aria-label=\"Create\"]"}
COMMAND: POST /session/416ca3a003057b96434a2425fa5e92e2/execute/sync - {"script":"<script> [8489 bytes]","args":[{"element-6066-11e4-a52e-4f735466cecf":"f.E04F53A89B741A5C45B2DD6DE3A1F810.d.33EB14D81C64B8C96BA9C4B9BB08E2C8.e.3812","ELEMENT":"f.E04F53A89B741A5C45B2DD6DE3A1F810.d.33EB14D81C64B8C96BA9C4B9BB08E2C8.e.3812"}]}
RESULT: {"script":"<script> [8489 bytes]","args":[{"element-6066-11e4-a52e-4f735466cecf":"f.E04F53A89B741A5C45B2DD6DE3A1F810.d.33EB14D81C64B8C96BA9C4B9BB08E2C8.e.3812","ELEMENT":"f.E04F53A89B741A5C45B2DD6DE3A1F810.d.33EB14D81C64B8C96BA9C4B9BB08E2C8.e.3812"}]}
COMMAND: GET /session/416ca3a003057b96434a2425fa5e92e2/element/f.E04F53A89B741A5C45B2DD6DE3A1F810.d.33EB14D81C64B8C96BA9C4B9BB08E2C8.e.3812/enabled - {}
COMMAND: GET /session/416ca3a003057b96434a2425fa5e92e2/screenshot - {}
RESULT: {}
COMMAND: POST /session/416ca3a003057b96434a2425fa5e92e2/execute/sync - {"script":"<script> [8489 bytes]","args":[{"element-6066-11e4-a52e-4f735466cecf":"f.E04F53A89B741A5C45B2DD6DE3A1F810.d.33EB14D81C64B8C96BA9C4B9BB08E2C8.e.3812","ELEMENT":"f.E04F53A89B741A5C45B2DD6DE3A1F810.d.33EB14D81C64B8C96BA9C4B9BB08E2C8.e.3812"}]}
COMMAND: GET /session/416ca3a003057b96434a2425fa5e92e2/screenshot - {}
RESULT: {}
RESULT: {"script":"<script> [8489 bytes]","args":[{"element-6066-11e4-a52e-4f735466cecf":"f.E04F53A89B741A5C45B2DD6DE3A1F810.d.33EB14D81C64B8C96BA9C4B9BB08E2C8.e.3812","ELEMENT":"f.E04F53A89B741A5C45B2DD6DE3A1F810.d.33EB14D81C64B8C96BA9C4B9BB08E2C8.e.3812"}]}
COMMAND: POST /session/416ca3a003057b96434a2425fa5e92e2/execute/sync - {"script":"<script> [5351 bytes]","args":[{"element-6066-11e4-a52e-4f735466cecf":"f.E04F53A89B741A5C45B2DD6DE3A1F810.d.33EB14D81C64B8C96BA9C4B9BB08E2C8.e.3812","ELEMENT":"f.E04F53A89B741A5C45B2DD6DE3A1F810.d.33EB14D81C64B8C96BA9C4B9BB08E2C8.e.3812"}]}
COMMAND: GET /session/416ca3a003057b96434a2425fa5e92e2/screenshot - {}
RESULT: {}
RESULT: {"script":"<script> [5351 bytes]","args":[{"element-6066-11e4-a52e-4f735466cecf":"f.E04F53A89B741A5C45B2DD6DE3A1F810.d.33EB14D81C64B8C96BA9C4B9BB08E2C8.e.3812","ELEMENT":"f.E04F53A89B741A5C45B2DD6DE3A1F810.d.33EB14D81C64B8C96BA9C4B9BB08E2C8.e.3812"}]}
COMMAND: POST /session/416ca3a003057b96434a2425fa5e92e2/element/f.E04F53A89B741A5C45B2DD6DE3A1F810.d.33EB14D81C64B8C96BA9C4B9BB08E2C8.e.3812/click - {}
COMMAND: GET /session/416ca3a003057b96434a2425fa5e92e2/screenshot - {}
RESULT: {}
RESULT: {}
COMMAND: GET /session/416ca3a003057b96434a2425fa5e92e2/screenshot - {}
RESULT: {}
RESULT: {}
COMMAND: POST /session/416ca3a003057b96434a2425fa5e92e2/actions - {"actions":[{"id":"action14","type":"key","parameters":{},"actions":[{"type":"keyDown","value":"î€‡"},{"type":"pause","duration":10},{"type":"keyUp","value":"î€‡"}]}]}
RESULT: {"actions":[{"id":"action14","type":"key","parameters":{},"actions":[{"type":"keyDown","value":"î€‡"},{"type":"pause","duration":10},{"type":"keyUp","value":"î€‡"}]}]}
COMMAND: GET /session/416ca3a003057b96434a2425fa5e92e2/screenshot - {}
RESULT: {}
COMMAND: POST /session/416ca3a003057b96434a2425fa5e92e2/execute/async - {"script":"<script> [1562 bytes]","args":[{"selector":{"id":"application-manageconditionprice-display-component---newCondition--condBillCond-arrow"},"wdio_ui5_key":"applicationmanageconditionprice-display-component---newCondition--condBillCond-arrow"}]}
RESULT: {"script":"<script> [1562 bytes]","args":[{"selector":{"id":"application-manageconditionprice-display-component---newCondition--condBillCond-arrow"},"wdio_ui5_key":"applicationmanageconditionprice-display-component---newCondition--condBillCond-arrow"}]}
RESULT: undefined
COMMAND: POST /session/416ca3a003057b96434a2425fa5e92e2/element - {"using":"xpath","value":"//*[@id=\"application-manageconditionprice-display-component---newCondition--condBillCond-arrow\"]"}
RESULT: {"using":"xpath","value":"//*[@id=\"application-manageconditionprice-display-component---newCondition--condBillCond-arrow\"]"}
COMMAND: POST /session/416ca3a003057b96434a2425fa5e92e2/element/f.E04F53A89B741A5C45B2DD6DE3A1F810.d.33EB14D81C64B8C96BA9C4B9BB08E2C8.e.3989/click - {}
RESULT: {}
COMMAND: GET /session/416ca3a003057b96434a2425fa5e92e2/screenshot - {}
RESULT: {}
COMMAND: POST /session/416ca3a003057b96434a2425fa5e92e2/element - {"using":"xpath","value":"//li[.//span[contains(text(), \"DISP - D&I special price\")]]"}
RESULT: {"using":"xpath","value":"//li[.//span[contains(text(), \"DISP - D&I special price\")]]"}
COMMAND: POST /session/416ca3a003057b96434a2425fa5e92e2/element/f.E04F53A89B741A5C45B2DD6DE3A1F810.d.33EB14D81C64B8C96BA9C4B9BB08E2C8.e.3992/click - {}
RESULT: {}
COMMAND: GET /session/416ca3a003057b96434a2425fa5e92e2/screenshot - {}
RESULT: {}
COMMAND: POST /session/416ca3a003057b96434a2425fa5e92e2/execute/async - {"script":"<script> [1562 bytes]","args":[{"selector":{"id":"application-manageconditionprice-display-component---newCondition--condValidTo","interaction":{"idSuffix":"inner"}},"wdio_ui5_key":"applicationmanageconditionprice-display-component---newCondition--condValidTo"}]}
RESULT: {"script":"<script> [1562 bytes]","args":[{"selector":{"id":"application-manageconditionprice-display-component---newCondition--condValidTo","interaction":{"idSuffix":"inner"}},"wdio_ui5_key":"applicationmanageconditionprice-display-component---newCondition--condValidTo"}]}
RESULT: undefined
COMMAND: POST /session/416ca3a003057b96434a2425fa5e92e2/execute/async - {"script":"<script> [776 bytes]","args":[{"enterText":"1/14/26","selector":{"id":"application-manageconditionprice-display-component---newCondition--condValidTo","interaction":{"idSuffix":"inner"}},"clearTextFirst":true,"interactionType":"ENTER_TEXT"}]}
RESULT: {"script":"<script> [776 bytes]","args":[{"enterText":"1/14/26","selector":{"id":"application-manageconditionprice-display-component---newCondition--condValidTo","interaction":{"idSuffix":"inner"}},"clearTextFirst":true,"interactionType":"ENTER_TEXT"}]}
COMMAND: POST /session/416ca3a003057b96434a2425fa5e92e2/element - {"using":"xpath","value":"//input[@id=\"application-manageconditionprice-display-component---newCondition--condRU-inner\"]"}
RESULT: {"using":"xpath","value":"//input[@id=\"application-manageconditionprice-display-component---newCondition--condRU-inner\"]"}
COMMAND: POST /session/416ca3a003057b96434a2425fa5e92e2/element/f.E04F53A89B741A5C45B2DD6DE3A1F810.d.33EB14D81C64B8C96BA9C4B9BB08E2C8.e.3853/clear - {}
RESULT: {}
COMMAND: POST /session/416ca3a003057b96434a2425fa5e92e2/element/f.E04F53A89B741A5C45B2DD6DE3A1F810.d.33EB14D81C64B8C96BA9C4B9BB08E2C8.e.3853/value - {"text":"RmmZu40u8h"}
COMMAND: GET /session/416ca3a003057b96434a2425fa5e92e2/screenshot - {}
RESULT: {"text":"RmmZu40u8h"}
COMMAND: GET /session/416ca3a003057b96434a2425fa5e92e2/screenshot - {}
RESULT: {}
RESULT: {}
COMMAND: POST /session/416ca3a003057b96434a2425fa5e92e2/actions - {"actions":[{"id":"action15","type":"key","parameters":{},"actions":[{"type":"keyDown","value":"î€‡"},{"type":"pause","duration":10},{"type":"keyUp","value":"î€‡"}]}]}
RESULT: {"actions":[{"id":"action15","type":"key","parameters":{},"actions":[{"type":"keyDown","value":"î€‡"},{"type":"pause","duration":10},{"type":"keyUp","value":"î€‡"}]}]}
COMMAND: POST /session/416ca3a003057b96434a2425fa5e92e2/execute/async - {"script":"<script> [1562 bytes]","args":[{"selector":{"id":"application-manageconditionprice-display-component---newCondition--condBaseQty","interaction":{"idSuffix":"inner"}},"wdio_ui5_key":"applicationmanageconditionprice-display-component---newCondition--condBaseQty"}]}
COMMAND: GET /session/416ca3a003057b96434a2425fa5e92e2/screenshot - {}
RESULT: {"script":"<script> [1562 bytes]","args":[{"selector":{"id":"application-manageconditionprice-display-component---newCondition--condBaseQty","interaction":{"idSuffix":"inner"}},"wdio_ui5_key":"applicationmanageconditionprice-display-component---newCondition--condBaseQty"}]}
RESULT: undefined
COMMAND: POST /session/416ca3a003057b96434a2425fa5e92e2/execute/async - {"script":"<script> [776 bytes]","args":[{"enterText":"1","selector":{"id":"application-manageconditionprice-display-component---newCondition--condBaseQty","interaction":{"idSuffix":"inner"}},"clearTextFirst":true,"interactionType":"ENTER_TEXT"}]}
RESULT: {}
RESULT: {"script":"<script> [776 bytes]","args":[{"enterText":"1","selector":{"id":"application-manageconditionprice-display-component---newCondition--condBaseQty","interaction":{"idSuffix":"inner"}},"clearTextFirst":true,"interactionType":"ENTER_TEXT"}]}
COMMAND: POST /session/416ca3a003057b96434a2425fa5e92e2/execute/async - {"script":"<script> [1562 bytes]","args":[{"selector":{"id":"application-manageconditionprice-display-component---newCondition--condValue","interaction":{"idSuffix":"inner"}},"wdio_ui5_key":"applicationmanageconditionprice-display-component---newCondition--condValue"}]}
RESULT: {"script":"<script> [1562 bytes]","args":[{"selector":{"id":"application-manageconditionprice-display-component---newCondition--condValue","interaction":{"idSuffix":"inner"}},"wdio_ui5_key":"applicationmanageconditionprice-display-component---newCondition--condValue"}]}
RESULT: undefined
COMMAND: POST /session/416ca3a003057b96434a2425fa5e92e2/execute/async - {"script":"<script> [776 bytes]","args":[{"enterText":"100","selector":{"id":"application-manageconditionprice-display-component---newCondition--condValue","interaction":{"idSuffix":"inner"}},"clearTextFirst":true,"interactionType":"ENTER_TEXT"}]}
RESULT: {"script":"<script> [776 bytes]","args":[{"enterText":"100","selector":{"id":"application-manageconditionprice-display-component---newCondition--condValue","interaction":{"idSuffix":"inner"}},"clearTextFirst":true,"interactionType":"ENTER_TEXT"}]}
COMMAND: POST /session/416ca3a003057b96434a2425fa5e92e2/execute/async - {"script":"<script> [1562 bytes]","args":[{"selector":{"id":"application-manageconditionprice-display-component---newCondition--condCurr-arrow"},"wdio_ui5_key":"applicationmanageconditionprice-display-component---newCondition--condCurr-arrow"}]}
RESULT: {"script":"<script> [1562 bytes]","args":[{"selector":{"id":"application-manageconditionprice-display-component---newCondition--condCurr-arrow"},"wdio_ui5_key":"applicationmanageconditionprice-display-component---newCondition--condCurr-arrow"}]}
RESULT: undefined
COMMAND: POST /session/416ca3a003057b96434a2425fa5e92e2/element - {"using":"xpath","value":"//*[@id=\"application-manageconditionprice-display-component---newCondition--condCurr-arrow\"]"}
RESULT: {"using":"xpath","value":"//*[@id=\"application-manageconditionprice-display-component---newCondition--condCurr-arrow\"]"}
COMMAND: POST /session/416ca3a003057b96434a2425fa5e92e2/element/f.E04F53A89B741A5C45B2DD6DE3A1F810.d.33EB14D81C64B8C96BA9C4B9BB08E2C8.e.3973/click - {}
RESULT: {}
COMMAND: POST /session/416ca3a003057b96434a2425fa5e92e2/element - {"using":"xpath","value":"//span[contains(text(), \"Euro\")]"}
COMMAND: GET /session/416ca3a003057b96434a2425fa5e92e2/screenshot - {}
RESULT: {"using":"xpath","value":"//span[contains(text(), \"Euro\")]"}
COMMAND: POST /session/416ca3a003057b96434a2425fa5e92e2/element/f.E04F53A89B741A5C45B2DD6DE3A1F810.d.33EB14D81C64B8C96BA9C4B9BB08E2C8.e.4029/click - {}
RESULT: {}
RESULT: {}
COMMAND: POST /session/416ca3a003057b96434a2425fa5e92e2/element - {"using":"xpath","value":"//button[@data-kt=\"saveButton\"]"}
COMMAND: GET /session/416ca3a003057b96434a2425fa5e92e2/screenshot - {}
RESULT: {"using":"xpath","value":"//button[@data-kt=\"saveButton\"]"}
COMMAND: POST /session/416ca3a003057b96434a2425fa5e92e2/element/f.E04F53A89B741A5C45B2DD6DE3A1F810.d.33EB14D81C64B8C96BA9C4B9BB08E2C8.e.3974/click - {}
RESULT: {}
RESULT: {}
COMMAND: GET /session/416ca3a003057b96434a2425fa5e92e2/screenshot - {}
RESULT: {}
COMMAND: POST /session/416ca3a003057b96434a2425fa5e92e2/execute/async - {"script":"<script> [1562 bytes]","args":[{"selector":{"id":"application-manageconditionprice-display-component---conditions--smartFilterBar-btnBasicSearch","interaction":{"idSuffix":"I"}},"wdio_ui5_key":"applicationmanageconditionprice-display-component---conditions--smartFilterBar-btnBasicSearch"}]}
RESULT: {"script":"<script> [1562 bytes]","args":[{"selector":{"id":"application-manageconditionprice-display-component---conditions--smartFilterBar-btnBasicSearch","interaction":{"idSuffix":"I"}},"wdio_ui5_key":"applicationmanageconditionprice-display-component---conditions--smartFilterBar-btnBasicSearch"}]}
RESULT: undefined
COMMAND: POST /session/416ca3a003057b96434a2425fa5e92e2/execute/async - {"script":"<script> [776 bytes]","args":[{"enterText":"RmmZu40u8h","selector":{"id":"application-manageconditionprice-display-component---conditions--smartFilterBar-btnBasicSearch","interaction":{"idSuffix":"I"}},"clearTextFirst":true,"interactionType":"ENTER_TEXT"}]}
RESULT: {"script":"<script> [776 bytes]","args":[{"enterText":"RmmZu40u8h","selector":{"id":"application-manageconditionprice-display-component---conditions--smartFilterBar-btnBasicSearch","interaction":{"idSuffix":"I"}},"clearTextFirst":true,"interactionType":"ENTER_TEXT"}]}
COMMAND: POST /session/416ca3a003057b96434a2425fa5e92e2/actions - {"actions":[{"id":"action16","type":"key","parameters":{},"actions":[{"type":"keyDown","value":"î€‡"},{"type":"pause","duration":10},{"type":"keyUp","value":"î€‡"}]}]}
RESULT: {"actions":[{"id":"action16","type":"key","parameters":{},"actions":[{"type":"keyDown","value":"î€‡"},{"type":"pause","duration":10},{"type":"keyUp","value":"î€‡"}]}]}
COMMAND: GET /session/416ca3a003057b96434a2425fa5e92e2/screenshot - {}
RESULT: {}
COMMAND: POST /session/416ca3a003057b96434a2425fa5e92e2/execute/async - {"script":"<script> [1562 bytes]","args":[{"selector":{"id":"application-manageconditionprice-display-component---conditions--smartFilterBar-filterItemControl_BASIC-BILL_TYPES-vhi"},"wdio_ui5_key":"applicationmanageconditionprice-display-component---conditions--smartFilterBar-filterItemControl_BASIC-BILL_TYPES-vhi"}]}
RESULT: {"script":"<script> [1562 bytes]","args":[{"selector":{"id":"application-manageconditionprice-display-component---conditions--smartFilterBar-filterItemControl_BASIC-BILL_TYPES-vhi"},"wdio_ui5_key":"applicationmanageconditionprice-display-component---conditions--smartFilterBar-filterItemControl_BASIC-BILL_TYPES-vhi"}]}
RESULT: undefined
COMMAND: POST /session/416ca3a003057b96434a2425fa5e92e2/element - {"using":"xpath","value":"//*[@id=\"application-manageconditionprice-display-component---conditions--smartFilterBar-filterItemControl_BASIC-BILL_TYPES-vhi\"]"}
RESULT: {"using":"xpath","value":"//*[@id=\"application-manageconditionprice-display-component---conditions--smartFilterBar-filterItemControl_BASIC-BILL_TYPES-vhi\"]"}
COMMAND: POST /session/416ca3a003057b96434a2425fa5e92e2/element/f.E04F53A89B741A5C45B2DD6DE3A1F810.d.33EB14D81C64B8C96BA9C4B9BB08E2C8.e.4045/click - {}
RESULT: {}
COMMAND: POST /session/416ca3a003057b96434a2425fa5e92e2/execute/async - {"script":"<script> [1562 bytes]","args":[{"selector":{"id":"application-manageconditionprice-display-component---conditions--smartFilterBar-filterItemControl_BASIC-BILL_TYPES-valueHelpDialog-smartFilterBar-btnBasicSearch","searchOpenDialogs":true,"interaction":{"idSuffix":"I"}},"wdio_ui5_key":"applicationmanageconditionprice-display-component---conditions--smartFilterBar-filterItemControl_BASIC-BILL_TYPES-valueHelpDialog-smartFilterBar-btnBasicSearch"}]}
COMMAND: GET /session/416ca3a003057b96434a2425fa5e92e2/screenshot - {}
RESULT: {"script":"<script> [1562 bytes]","args":[{"selector":{"id":"application-manageconditionprice-display-component---conditions--smartFilterBar-filterItemControl_BASIC-BILL_TYPES-valueHelpDialog-smartFilterBar-btnBasicSearch","searchOpenDialogs":true,"interaction":{"idSuffix":"I"}},"wdio_ui5_key":"applicationmanageconditionprice-display-component---conditions--smartFilterBar-filterItemControl_BASIC-BILL_TYPES-valueHelpDialog-smartFilterBar-btnBasicSearch"}]}
RESULT: undefined
COMMAND: POST /session/416ca3a003057b96434a2425fa5e92e2/execute/async - {"script":"<script> [776 bytes]","args":[{"enterText":"TB","selector":{"id":"application-manageconditionprice-display-component---conditions--smartFilterBar-filterItemControl_BASIC-BILL_TYPES-valueHelpDialog-smartFilterBar-btnBasicSearch","searchOpenDialogs":true,"interaction":{"idSuffix":"I"}},"clearTextFirst":true,"interactionType":"ENTER_TEXT"}]}
RESULT: {}
RESULT: {"script":"<script> [776 bytes]","args":[{"enterText":"TB","selector":{"id":"application-manageconditionprice-display-component---conditions--smartFilterBar-filterItemControl_BASIC-BILL_TYPES-valueHelpDialog-smartFilterBar-btnBasicSearch","searchOpenDialogs":true,"interaction":{"idSuffix":"I"}},"clearTextFirst":true,"interactionType":"ENTER_TEXT"}]}
COMMAND: POST /session/416ca3a003057b96434a2425fa5e92e2/actions - {"actions":[{"id":"action17","type":"key","parameters":{},"actions":[{"type":"keyDown","value":"î€‡"},{"type":"pause","duration":10},{"type":"keyUp","value":"î€‡"}]}]}
RESULT: {"actions":[{"id":"action17","type":"key","parameters":{},"actions":[{"type":"keyDown","value":"î€‡"},{"type":"pause","duration":10},{"type":"keyUp","value":"î€‡"}]}]}
COMMAND: GET /session/416ca3a003057b96434a2425fa5e92e2/screenshot - {}
RESULT: {}
COMMAND: POST /session/416ca3a003057b96434a2425fa5e92e2/element - {"using":"xpath","value":"//div[contains(@id, 'application-manageconditionprice-display-component---conditions--smartFilterBar-filterItemControl_BASIC-BILL_TYPES-valueHelpDialog-table-rowsel0')]"}
RESULT: {"using":"xpath","value":"//div[contains(@id, 'application-manageconditionprice-display-component---conditions--smartFilterBar-filterItemControl_BASIC-BILL_TYPES-valueHelpDialog-table-rowsel0')]"}
COMMAND: POST /session/416ca3a003057b96434a2425fa5e92e2/element/f.E04F53A89B741A5C45B2DD6DE3A1F810.d.33EB14D81C64B8C96BA9C4B9BB08E2C8.e.4055/click - {}
RESULT: {}
COMMAND: GET /session/416ca3a003057b96434a2425fa5e92e2/screenshot - {}
RESULT: {}
COMMAND: POST /session/416ca3a003057b96434a2425fa5e92e2/element - {"using":"xpath","value":"//bdi[contains(text(), \"OK\")]"}
RESULT: {"using":"xpath","value":"//bdi[contains(text(), \"OK\")]"}
COMMAND: POST /session/416ca3a003057b96434a2425fa5e92e2/element/f.E04F53A89B741A5C45B2DD6DE3A1F810.d.33EB14D81C64B8C96BA9C4B9BB08E2C8.e.4057/click - {}
RESULT: {}
COMMAND: GET /session/416ca3a003057b96434a2425fa5e92e2/screenshot - {}
RESULT: {}
COMMAND: POST /session/416ca3a003057b96434a2425fa5e92e2/element - {"using":"xpath","value":"//span[@id=\"application-manageconditionprice-display-component---conditions--smartTable-header-inner\"]"}
RESULT: {"using":"xpath","value":"//span[@id=\"application-manageconditionprice-display-component---conditions--smartTable-header-inner\"]"}
COMMAND: POST /session/416ca3a003057b96434a2425fa5e92e2/elements - {"using":"xpath","value":"//span[@id=\"application-manageconditionprice-display-component---conditions--smartTable-header-inner\"]"}
RESULT: {"using":"xpath","value":"//span[@id=\"application-manageconditionprice-display-component---conditions--smartTable-header-inner\"]"}
COMMAND: POST /session/416ca3a003057b96434a2425fa5e92e2/execute/sync - {"script":"<script> [56 bytes]","args":[{"element-6066-11e4-a52e-4f735466cecf":"f.E04F53A89B741A5C45B2DD6DE3A1F810.d.33EB14D81C64B8C96BA9C4B9BB08E2C8.e.4060","ELEMENT":"f.E04F53A89B741A5C45B2DD6DE3A1F810.d.33EB14D81C64B8C96BA9C4B9BB08E2C8.e.4060"}]}
RESULT: {"script":"<script> [56 bytes]","args":[{"element-6066-11e4-a52e-4f735466cecf":"f.E04F53A89B741A5C45B2DD6DE3A1F810.d.33EB14D81C64B8C96BA9C4B9BB08E2C8.e.4060","ELEMENT":"f.E04F53A89B741A5C45B2DD6DE3A1F810.d.33EB14D81C64B8C96BA9C4B9BB08E2C8.e.4060"}]}
COMMAND: POST /session/416ca3a003057b96434a2425fa5e92e2/element - {"using":"css selector","value":"#shell-header-logo"}
COMMAND: GET /session/416ca3a003057b96434a2425fa5e92e2/screenshot - {}
RESULT: {"using":"css selector","value":"#shell-header-logo"}
COMMAND: POST /session/416ca3a003057b96434a2425fa5e92e2/element/f.E04F53A89B741A5C45B2DD6DE3A1F810.d.33EB14D81C64B8C96BA9C4B9BB08E2C8.e.3780/click - {}
RESULT: {}
RESULT: {}
COMMAND: GET /session/416ca3a003057b96434a2425fa5e92e2/screenshot - {}
RESULT: {}
]]></system-out>
    </testcase>
    <testcase classname="chrome.136_0_7103_49.windows.Billing_Transfer_-_Master_data_&amp;_Intercompany_US127250" name="Should do a stock increase" time="86.549">
      <system-out><![CDATA[
COMMAND: POST /session/416ca3a003057b96434a2425fa5e92e2/execute/async - {"script":"<script> [1562 bytes]","args":[{"selector":{"controlType":"sap.m.GenericTile","properties":{"header":"Manage Handovers"}},"wdio_ui5_key":"sapm.GenericTile{\"header\":\"Manage Handovers\"}"}]}
RESULT: {"script":"<script> [1562 bytes]","args":[{"selector":{"controlType":"sap.m.GenericTile","properties":{"header":"Manage Handovers"}},"wdio_ui5_key":"sapm.GenericTile{\"header\":\"Manage Handovers\"}"}]}
RESULT: undefined
COMMAND: POST /session/416ca3a003057b96434a2425fa5e92e2/element - {"using":"xpath","value":"//*[@id=\"__tile133\"]"}
RESULT: {"using":"xpath","value":"//*[@id=\"__tile133\"]"}
COMMAND: POST /session/416ca3a003057b96434a2425fa5e92e2/element/f.E04F53A89B741A5C45B2DD6DE3A1F810.d.33EB14D81C64B8C96BA9C4B9BB08E2C8.e.2849/click - {}
RESULT: {}
COMMAND: GET /session/416ca3a003057b96434a2425fa5e92e2/screenshot - {}
RESULT: {}
COMMAND: POST /session/416ca3a003057b96434a2425fa5e92e2/elements - {"using":"xpath","value":"//span[text()='Error']"}
RESULT: {"using":"xpath","value":"//span[text()='Error']"}
COMMAND: POST /session/416ca3a003057b96434a2425fa5e92e2/element - {"using":"xpath","value":"//button[@data-kt=\"masterHOAddButton\"]"}
RESULT: {"using":"xpath","value":"//button[@data-kt=\"masterHOAddButton\"]"}
COMMAND: POST /session/416ca3a003057b96434a2425fa5e92e2/elements - {"using":"xpath","value":"//button[@data-kt=\"masterHOAddButton\"]"}
RESULT: {"using":"xpath","value":"//button[@data-kt=\"masterHOAddButton\"]"}
COMMAND: POST /session/416ca3a003057b96434a2425fa5e92e2/execute/sync - {"script":"<script> [8489 bytes]","args":[{"element-6066-11e4-a52e-4f735466cecf":"f.E04F53A89B741A5C45B2DD6DE3A1F810.d.33EB14D81C64B8C96BA9C4B9BB08E2C8.e.4102","ELEMENT":"f.E04F53A89B741A5C45B2DD6DE3A1F810.d.33EB14D81C64B8C96BA9C4B9BB08E2C8.e.4102"}]}
RESULT: {"script":"<script> [8489 bytes]","args":[{"element-6066-11e4-a52e-4f735466cecf":"f.E04F53A89B741A5C45B2DD6DE3A1F810.d.33EB14D81C64B8C96BA9C4B9BB08E2C8.e.4102","ELEMENT":"f.E04F53A89B741A5C45B2DD6DE3A1F810.d.33EB14D81C64B8C96BA9C4B9BB08E2C8.e.4102"}]}
COMMAND: GET /session/416ca3a003057b96434a2425fa5e92e2/element/f.E04F53A89B741A5C45B2DD6DE3A1F810.d.33EB14D81C64B8C96BA9C4B9BB08E2C8.e.4102/enabled - {}
COMMAND: GET /session/416ca3a003057b96434a2425fa5e92e2/screenshot - {}
RESULT: {}
COMMAND: POST /session/416ca3a003057b96434a2425fa5e92e2/execute/sync - {"script":"<script> [8489 bytes]","args":[{"element-6066-11e4-a52e-4f735466cecf":"f.E04F53A89B741A5C45B2DD6DE3A1F810.d.33EB14D81C64B8C96BA9C4B9BB08E2C8.e.4102","ELEMENT":"f.E04F53A89B741A5C45B2DD6DE3A1F810.d.33EB14D81C64B8C96BA9C4B9BB08E2C8.e.4102"}]}
COMMAND: GET /session/416ca3a003057b96434a2425fa5e92e2/screenshot - {}
RESULT: {}
RESULT: {"script":"<script> [8489 bytes]","args":[{"element-6066-11e4-a52e-4f735466cecf":"f.E04F53A89B741A5C45B2DD6DE3A1F810.d.33EB14D81C64B8C96BA9C4B9BB08E2C8.e.4102","ELEMENT":"f.E04F53A89B741A5C45B2DD6DE3A1F810.d.33EB14D81C64B8C96BA9C4B9BB08E2C8.e.4102"}]}
COMMAND: POST /session/416ca3a003057b96434a2425fa5e92e2/execute/sync - {"script":"<script> [5351 bytes]","args":[{"element-6066-11e4-a52e-4f735466cecf":"f.E04F53A89B741A5C45B2DD6DE3A1F810.d.33EB14D81C64B8C96BA9C4B9BB08E2C8.e.4102","ELEMENT":"f.E04F53A89B741A5C45B2DD6DE3A1F810.d.33EB14D81C64B8C96BA9C4B9BB08E2C8.e.4102"}]}
COMMAND: GET /session/416ca3a003057b96434a2425fa5e92e2/screenshot - {}
RESULT: {}
RESULT: {"script":"<script> [5351 bytes]","args":[{"element-6066-11e4-a52e-4f735466cecf":"f.E04F53A89B741A5C45B2DD6DE3A1F810.d.33EB14D81C64B8C96BA9C4B9BB08E2C8.e.4102","ELEMENT":"f.E04F53A89B741A5C45B2DD6DE3A1F810.d.33EB14D81C64B8C96BA9C4B9BB08E2C8.e.4102"}]}
COMMAND: POST /session/416ca3a003057b96434a2425fa5e92e2/element/f.E04F53A89B741A5C45B2DD6DE3A1F810.d.33EB14D81C64B8C96BA9C4B9BB08E2C8.e.4102/click - {}
COMMAND: GET /session/416ca3a003057b96434a2425fa5e92e2/screenshot - {}
RESULT: {}
RESULT: {}
COMMAND: GET /session/416ca3a003057b96434a2425fa5e92e2/screenshot - {}
RESULT: {}
COMMAND: POST /session/416ca3a003057b96434a2425fa5e92e2/element - {"using":"xpath","value":"//span[contains(@id ,\"AddNewHO--typeSelect-arrow\")]"}
RESULT: {}
RESULT: {"using":"xpath","value":"//span[contains(@id ,\"AddNewHO--typeSelect-arrow\")]"}
COMMAND: POST /session/416ca3a003057b96434a2425fa5e92e2/element/f.E04F53A89B741A5C45B2DD6DE3A1F810.d.33EB14D81C64B8C96BA9C4B9BB08E2C8.e.4462/click - {}
RESULT: {}
COMMAND: GET /session/416ca3a003057b96434a2425fa5e92e2/screenshot - {}
RESULT: {}
COMMAND: POST /session/416ca3a003057b96434a2425fa5e92e2/element - {"using":"xpath","value":"(//li[contains(text(), \"stock increase yard\")])[1]"}
RESULT: {"using":"xpath","value":"(//li[contains(text(), \"stock increase yard\")])[1]"}
COMMAND: POST /session/416ca3a003057b96434a2425fa5e92e2/element/f.E04F53A89B741A5C45B2DD6DE3A1F810.d.33EB14D81C64B8C96BA9C4B9BB08E2C8.e.4463/click - {}
RESULT: {}
COMMAND: GET /session/416ca3a003057b96434a2425fa5e92e2/screenshot - {}
RESULT: {}
COMMAND: POST /session/416ca3a003057b96434a2425fa5e92e2/execute/async - {"script":"<script> [1562 bytes]","args":[{"selector":{"id":"application-managehandovers-display-component---AddNewHO--dueDate","interaction":{"idSuffix":"inner"}},"wdio_ui5_key":"applicationmanagehandovers-display-component---AddNewHO--dueDate"}]}
RESULT: {"script":"<script> [1562 bytes]","args":[{"selector":{"id":"application-managehandovers-display-component---AddNewHO--dueDate","interaction":{"idSuffix":"inner"}},"wdio_ui5_key":"applicationmanagehandovers-display-component---AddNewHO--dueDate"}]}
RESULT: undefined
COMMAND: POST /session/416ca3a003057b96434a2425fa5e92e2/execute/async - {"script":"<script> [6424 bytes]","args":[{"element-6066-11e4-a52e-4f735466cecf":"f.E04F53A89B741A5C45B2DD6DE3A1F810.d.33EB14D81C64B8C96BA9C4B9BB08E2C8.e.4465"},"setValue",["5/14/25"]]}
RESULT: {"script":"<script> [6424 bytes]","args":[{"element-6066-11e4-a52e-4f735466cecf":"f.E04F53A89B741A5C45B2DD6DE3A1F810.d.33EB14D81C64B8C96BA9C4B9BB08E2C8.e.4465"},"setValue",["5/14/25"]]}
COMMAND: POST /session/416ca3a003057b96434a2425fa5e92e2/element - {"using":"xpath","value":"//input[@id=\"generalSectionFrg--receiveYard-inner\"]"}
RESULT: {"using":"xpath","value":"//input[@id=\"generalSectionFrg--receiveYard-inner\"]"}
COMMAND: POST /session/416ca3a003057b96434a2425fa5e92e2/element/f.E04F53A89B741A5C45B2DD6DE3A1F810.d.33EB14D81C64B8C96BA9C4B9BB08E2C8.e.4469/clear - {}
RESULT: {}
COMMAND: POST /session/416ca3a003057b96434a2425fa5e92e2/element/f.E04F53A89B741A5C45B2DD6DE3A1F810.d.33EB14D81C64B8C96BA9C4B9BB08E2C8.e.4469/value - {"text":"365"}
COMMAND: GET /session/416ca3a003057b96434a2425fa5e92e2/screenshot - {}
RESULT: {"text":"365"}
COMMAND: GET /session/416ca3a003057b96434a2425fa5e92e2/screenshot - {}
RESULT: {}
RESULT: {}
COMMAND: POST /session/416ca3a003057b96434a2425fa5e92e2/element - {"using":"xpath","value":"//li[.//span[text()='365']]"}
RESULT: {"using":"xpath","value":"//li[.//span[text()='365']]"}
COMMAND: POST /session/416ca3a003057b96434a2425fa5e92e2/element/f.E04F53A89B741A5C45B2DD6DE3A1F810.d.33EB14D81C64B8C96BA9C4B9BB08E2C8.e.4486/click - {}
RESULT: {}
COMMAND: GET /session/416ca3a003057b96434a2425fa5e92e2/screenshot - {}
RESULT: {}
COMMAND: POST /session/416ca3a003057b96434a2425fa5e92e2/execute/async - {"script":"<script> [1562 bytes]","args":[{"selector":{"id":"application-managehandovers-display-component---AddNewHO--ObjectPageLayout-anchBar-application-managehandovers-display-component---AddNewHO--section4-anchor","interaction":{"idSuffix":"BDI-content"}},"wdio_ui5_key":"applicationmanagehandovers-display-component---AddNewHO--ObjectPageLayout-anchBar-application-managehandovers-display-component---AddNewHO--section4-anchor"}]}
RESULT: {"script":"<script> [1562 bytes]","args":[{"selector":{"id":"application-managehandovers-display-component---AddNewHO--ObjectPageLayout-anchBar-application-managehandovers-display-component---AddNewHO--section4-anchor","interaction":{"idSuffix":"BDI-content"}},"wdio_ui5_key":"applicationmanagehandovers-display-component---AddNewHO--ObjectPageLayout-anchBar-application-managehandovers-display-component---AddNewHO--section4-anchor"}]}
RESULT: undefined
COMMAND: POST /session/416ca3a003057b96434a2425fa5e92e2/element - {"using":"xpath","value":"//*[@id=\"application-managehandovers-display-component---AddNewHO--ObjectPageLayout-anchBar-application-managehandovers-display-component---AddNewHO--section4-anchor\"]"}
RESULT: {"using":"xpath","value":"//*[@id=\"application-managehandovers-display-component---AddNewHO--ObjectPageLayout-anchBar-application-managehandovers-display-component---AddNewHO--section4-anchor\"]"}
COMMAND: POST /session/416ca3a003057b96434a2425fa5e92e2/element/f.E04F53A89B741A5C45B2DD6DE3A1F810.d.33EB14D81C64B8C96BA9C4B9BB08E2C8.e.4488/click - {}
RESULT: {}
COMMAND: POST /session/416ca3a003057b96434a2425fa5e92e2/element - {"using":"xpath","value":"//button[@aria-label=\"Add\"]"}
COMMAND: GET /session/416ca3a003057b96434a2425fa5e92e2/screenshot - {}
RESULT: {"using":"xpath","value":"//button[@aria-label=\"Add\"]"}
COMMAND: POST /session/416ca3a003057b96434a2425fa5e92e2/element/f.E04F53A89B741A5C45B2DD6DE3A1F810.d.33EB14D81C64B8C96BA9C4B9BB08E2C8.e.4490/click - {}
RESULT: {}
RESULT: {}
COMMAND: GET /session/416ca3a003057b96434a2425fa5e92e2/screenshot - {}
RESULT: {}
COMMAND: POST /session/416ca3a003057b96434a2425fa5e92e2/execute/async - {"script":"<script> [1562 bytes]","args":[{"selector":{"id":"application-managehandovers-display-component---AddNewHO--smartFilterBar-btnBasicSearch","searchOpenDialogs":true,"interaction":{"idSuffix":"I"}},"wdio_ui5_key":"applicationmanagehandovers-display-component---AddNewHO--smartFilterBar-btnBasicSearch"}]}
RESULT: {"script":"<script> [1562 bytes]","args":[{"selector":{"id":"application-managehandovers-display-component---AddNewHO--smartFilterBar-btnBasicSearch","searchOpenDialogs":true,"interaction":{"idSuffix":"I"}},"wdio_ui5_key":"applicationmanagehandovers-display-component---AddNewHO--smartFilterBar-btnBasicSearch"}]}
RESULT: undefined
COMMAND: POST /session/416ca3a003057b96434a2425fa5e92e2/execute/async - {"script":"<script> [776 bytes]","args":[{"enterText":"RmmZu40u8h","selector":{"id":"application-managehandovers-display-component---AddNewHO--smartFilterBar-btnBasicSearch","searchOpenDialogs":true,"interaction":{"idSuffix":"I"}},"clearTextFirst":true,"interactionType":"ENTER_TEXT"}]}
RESULT: {"script":"<script> [776 bytes]","args":[{"enterText":"RmmZu40u8h","selector":{"id":"application-managehandovers-display-component---AddNewHO--smartFilterBar-btnBasicSearch","searchOpenDialogs":true,"interaction":{"idSuffix":"I"}},"clearTextFirst":true,"interactionType":"ENTER_TEXT"}]}
COMMAND: POST /session/416ca3a003057b96434a2425fa5e92e2/actions - {"actions":[{"id":"action18","type":"key","parameters":{},"actions":[{"type":"keyDown","value":"î€‡"},{"type":"pause","duration":10},{"type":"keyUp","value":"î€‡"}]}]}
RESULT: {"actions":[{"id":"action18","type":"key","parameters":{},"actions":[{"type":"keyDown","value":"î€‡"},{"type":"pause","duration":10},{"type":"keyUp","value":"î€‡"}]}]}
COMMAND: GET /session/416ca3a003057b96434a2425fa5e92e2/screenshot - {}
RESULT: {}
COMMAND: POST /session/416ca3a003057b96434a2425fa5e92e2/execute/async - {"script":"<script> [1562 bytes]","args":[{"selector":{"id":"application-managehandovers-display-component---AddNewHO--popup-sa","searchOpenDialogs":true,"interaction":{"idSuffix":"CbBg"}},"wdio_ui5_key":"applicationmanagehandovers-display-component---AddNewHO--popup-sa"}]}
RESULT: {"script":"<script> [1562 bytes]","args":[{"selector":{"id":"application-managehandovers-display-component---AddNewHO--popup-sa","searchOpenDialogs":true,"interaction":{"idSuffix":"CbBg"}},"wdio_ui5_key":"applicationmanagehandovers-display-component---AddNewHO--popup-sa"}]}
RESULT: undefined
COMMAND: POST /session/416ca3a003057b96434a2425fa5e92e2/element - {"using":"xpath","value":"//*[@id=\"application-managehandovers-display-component---AddNewHO--popup-sa\"]"}
RESULT: {"using":"xpath","value":"//*[@id=\"application-managehandovers-display-component---AddNewHO--popup-sa\"]"}
COMMAND: POST /session/416ca3a003057b96434a2425fa5e92e2/element/f.E04F53A89B741A5C45B2DD6DE3A1F810.d.33EB14D81C64B8C96BA9C4B9BB08E2C8.e.4643/click - {}
RESULT: {}
COMMAND: GET /session/416ca3a003057b96434a2425fa5e92e2/screenshot - {}
RESULT: {}
COMMAND: POST /session/416ca3a003057b96434a2425fa5e92e2/element - {"using":"xpath","value":"//bdi[contains(text(), \"Select\")]"}
RESULT: {"using":"xpath","value":"//bdi[contains(text(), \"Select\")]"}
COMMAND: POST /session/416ca3a003057b96434a2425fa5e92e2/element/f.E04F53A89B741A5C45B2DD6DE3A1F810.d.33EB14D81C64B8C96BA9C4B9BB08E2C8.e.4644/click - {}
RESULT: {}
COMMAND: GET /session/416ca3a003057b96434a2425fa5e92e2/screenshot - {}
RESULT: {}
COMMAND: POST /session/416ca3a003057b96434a2425fa5e92e2/element - {"using":"xpath","value":"//button[@data-kt=\"AddNewHOSaveButton\"]"}
RESULT: {"using":"xpath","value":"//button[@data-kt=\"AddNewHOSaveButton\"]"}
COMMAND: POST /session/416ca3a003057b96434a2425fa5e92e2/element/f.E04F53A89B741A5C45B2DD6DE3A1F810.d.33EB14D81C64B8C96BA9C4B9BB08E2C8.e.4648/click - {}
RESULT: {}
COMMAND: GET /session/416ca3a003057b96434a2425fa5e92e2/screenshot - {}
RESULT: {}
COMMAND: POST /session/416ca3a003057b96434a2425fa5e92e2/execute/async - {"script":"<script> [1562 bytes]","args":[{"selector":{"id":"receiptDatePicker","viewName":"etm.portal.ui.managehandovers.view.DetailExecuteHO","interaction":{"idSuffix":"inner"}},"wdio_ui5_key":"receiptDatePickeretmportal.ui.managehandovers.view.DetailExecuteHO"}]}
RESULT: {"script":"<script> [1562 bytes]","args":[{"selector":{"id":"receiptDatePicker","viewName":"etm.portal.ui.managehandovers.view.DetailExecuteHO","interaction":{"idSuffix":"inner"}},"wdio_ui5_key":"receiptDatePickeretmportal.ui.managehandovers.view.DetailExecuteHO"}]}
RESULT: undefined
COMMAND: POST /session/416ca3a003057b96434a2425fa5e92e2/execute/async - {"script":"<script> [6424 bytes]","args":[{"element-6066-11e4-a52e-4f735466cecf":"f.E04F53A89B741A5C45B2DD6DE3A1F810.d.33EB14D81C64B8C96BA9C4B9BB08E2C8.e.4669"},"setValue",["5/14/25"]]}
RESULT: {"script":"<script> [6424 bytes]","args":[{"element-6066-11e4-a52e-4f735466cecf":"f.E04F53A89B741A5C45B2DD6DE3A1F810.d.33EB14D81C64B8C96BA9C4B9BB08E2C8.e.4669"},"setValue",["5/14/25"]]}
COMMAND: POST /session/416ca3a003057b96434a2425fa5e92e2/element - {"using":"xpath","value":"//button[@data-kt=\"PickingTableConfirmAllButton\"]"}
RESULT: {"using":"xpath","value":"//button[@data-kt=\"PickingTableConfirmAllButton\"]"}
COMMAND: POST /session/416ca3a003057b96434a2425fa5e92e2/element/f.E04F53A89B741A5C45B2DD6DE3A1F810.d.33EB14D81C64B8C96BA9C4B9BB08E2C8.e.4684/click - {}
RESULT: {}
COMMAND: GET /session/416ca3a003057b96434a2425fa5e92e2/screenshot - {}
RESULT: {}
COMMAND: POST /session/416ca3a003057b96434a2425fa5e92e2/element - {"using":"xpath","value":"//bdi[contains(text(), \"OK\")]"}
RESULT: {"using":"xpath","value":"//bdi[contains(text(), \"OK\")]"}
COMMAND: POST /session/416ca3a003057b96434a2425fa5e92e2/element/f.E04F53A89B741A5C45B2DD6DE3A1F810.d.33EB14D81C64B8C96BA9C4B9BB08E2C8.e.4687/click - {}
RESULT: {}
COMMAND: GET /session/416ca3a003057b96434a2425fa5e92e2/screenshot - {}
RESULT: {}
COMMAND: POST /session/416ca3a003057b96434a2425fa5e92e2/element - {"using":"xpath","value":"(//bdi[contains(text(), \"Receive\")])[2]"}
RESULT: {"using":"xpath","value":"(//bdi[contains(text(), \"Receive\")])[2]"}
COMMAND: POST /session/416ca3a003057b96434a2425fa5e92e2/element/f.E04F53A89B741A5C45B2DD6DE3A1F810.d.33EB14D81C64B8C96BA9C4B9BB08E2C8.e.4688/click - {}
RESULT: {}
COMMAND: GET /session/416ca3a003057b96434a2425fa5e92e2/screenshot - {}
RESULT: {}
COMMAND: POST /session/416ca3a003057b96434a2425fa5e92e2/element - {"using":"css selector","value":"#shell-header-logo"}
RESULT: {"using":"css selector","value":"#shell-header-logo"}
COMMAND: POST /session/416ca3a003057b96434a2425fa5e92e2/element/f.E04F53A89B741A5C45B2DD6DE3A1F810.d.33EB14D81C64B8C96BA9C4B9BB08E2C8.e.4067/click - {}
RESULT: {}
COMMAND: GET /session/416ca3a003057b96434a2425fa5e92e2/screenshot - {}
RESULT: {}
]]></system-out>
    </testcase>
    <testcase classname="chrome.136_0_7103_49.windows.Billing_Transfer_-_Master_data_&amp;_Intercompany_US127250" name="Should create a new contract" time="58.603">
      <system-out><![CDATA[
COMMAND: POST /session/416ca3a003057b96434a2425fa5e92e2/execute/async - {"script":"<script> [1562 bytes]","args":[{"selector":{"controlType":"sap.m.GenericTile","properties":{"header":"Manage Contracts"}},"wdio_ui5_key":"sapm.GenericTile{\"header\":\"Manage Contracts\"}"}]}
RESULT: {"script":"<script> [1562 bytes]","args":[{"selector":{"controlType":"sap.m.GenericTile","properties":{"header":"Manage Contracts"}},"wdio_ui5_key":"sapm.GenericTile{\"header\":\"Manage Contracts\"}"}]}
RESULT: undefined
COMMAND: POST /session/416ca3a003057b96434a2425fa5e92e2/element - {"using":"xpath","value":"//*[@id=\"__tile131\"]"}
RESULT: {"using":"xpath","value":"//*[@id=\"__tile131\"]"}
COMMAND: POST /session/416ca3a003057b96434a2425fa5e92e2/element/f.E04F53A89B741A5C45B2DD6DE3A1F810.d.33EB14D81C64B8C96BA9C4B9BB08E2C8.e.2838/click - {}
RESULT: {}
COMMAND: GET /session/416ca3a003057b96434a2425fa5e92e2/screenshot - {}
RESULT: {}
COMMAND: POST /session/416ca3a003057b96434a2425fa5e92e2/elements - {"using":"xpath","value":"//span[text()='Error']"}
RESULT: {"using":"xpath","value":"//span[text()='Error']"}
COMMAND: POST /session/416ca3a003057b96434a2425fa5e92e2/element - {"using":"xpath","value":"//button[@data-kt=\"addButton\"]"}
RESULT: {"using":"xpath","value":"//button[@data-kt=\"addButton\"]"}
COMMAND: POST /session/416ca3a003057b96434a2425fa5e92e2/elements - {"using":"xpath","value":"//button[@data-kt=\"addButton\"]"}
RESULT: {"using":"xpath","value":"//button[@data-kt=\"addButton\"]"}
COMMAND: POST /session/416ca3a003057b96434a2425fa5e92e2/execute/sync - {"script":"<script> [8489 bytes]","args":[{"element-6066-11e4-a52e-4f735466cecf":"f.E04F53A89B741A5C45B2DD6DE3A1F810.d.33EB14D81C64B8C96BA9C4B9BB08E2C8.e.5011","ELEMENT":"f.E04F53A89B741A5C45B2DD6DE3A1F810.d.33EB14D81C64B8C96BA9C4B9BB08E2C8.e.5011"}]}
RESULT: {"script":"<script> [8489 bytes]","args":[{"element-6066-11e4-a52e-4f735466cecf":"f.E04F53A89B741A5C45B2DD6DE3A1F810.d.33EB14D81C64B8C96BA9C4B9BB08E2C8.e.5011","ELEMENT":"f.E04F53A89B741A5C45B2DD6DE3A1F810.d.33EB14D81C64B8C96BA9C4B9BB08E2C8.e.5011"}]}
COMMAND: GET /session/416ca3a003057b96434a2425fa5e92e2/element/f.E04F53A89B741A5C45B2DD6DE3A1F810.d.33EB14D81C64B8C96BA9C4B9BB08E2C8.e.5011/enabled - {}
COMMAND: GET /session/416ca3a003057b96434a2425fa5e92e2/screenshot - {}
RESULT: {}
COMMAND: POST /session/416ca3a003057b96434a2425fa5e92e2/execute/sync - {"script":"<script> [8489 bytes]","args":[{"element-6066-11e4-a52e-4f735466cecf":"f.E04F53A89B741A5C45B2DD6DE3A1F810.d.33EB14D81C64B8C96BA9C4B9BB08E2C8.e.5011","ELEMENT":"f.E04F53A89B741A5C45B2DD6DE3A1F810.d.33EB14D81C64B8C96BA9C4B9BB08E2C8.e.5011"}]}
COMMAND: GET /session/416ca3a003057b96434a2425fa5e92e2/screenshot - {}
RESULT: {}
RESULT: {"script":"<script> [8489 bytes]","args":[{"element-6066-11e4-a52e-4f735466cecf":"f.E04F53A89B741A5C45B2DD6DE3A1F810.d.33EB14D81C64B8C96BA9C4B9BB08E2C8.e.5011","ELEMENT":"f.E04F53A89B741A5C45B2DD6DE3A1F810.d.33EB14D81C64B8C96BA9C4B9BB08E2C8.e.5011"}]}
COMMAND: POST /session/416ca3a003057b96434a2425fa5e92e2/execute/sync - {"script":"<script> [5351 bytes]","args":[{"element-6066-11e4-a52e-4f735466cecf":"f.E04F53A89B741A5C45B2DD6DE3A1F810.d.33EB14D81C64B8C96BA9C4B9BB08E2C8.e.5011","ELEMENT":"f.E04F53A89B741A5C45B2DD6DE3A1F810.d.33EB14D81C64B8C96BA9C4B9BB08E2C8.e.5011"}]}
COMMAND: GET /session/416ca3a003057b96434a2425fa5e92e2/screenshot - {}
RESULT: {}
RESULT: {"script":"<script> [5351 bytes]","args":[{"element-6066-11e4-a52e-4f735466cecf":"f.E04F53A89B741A5C45B2DD6DE3A1F810.d.33EB14D81C64B8C96BA9C4B9BB08E2C8.e.5011","ELEMENT":"f.E04F53A89B741A5C45B2DD6DE3A1F810.d.33EB14D81C64B8C96BA9C4B9BB08E2C8.e.5011"}]}
COMMAND: GET /session/416ca3a003057b96434a2425fa5e92e2/screenshot - {}
RESULT: {}
RESULT: {}
COMMAND: POST /session/416ca3a003057b96434a2425fa5e92e2/element/f.E04F53A89B741A5C45B2DD6DE3A1F810.d.33EB14D81C64B8C96BA9C4B9BB08E2C8.e.5011/click - {}
RESULT: {}
COMMAND: GET /session/416ca3a003057b96434a2425fa5e92e2/screenshot - {}
COMMAND: POST /session/416ca3a003057b96434a2425fa5e92e2/execute/async - {"script":"<script> [1562 bytes]","args":[{"selector":{"id":"application-managecontracts-display-component---AddNewContract--projectDescription","interaction":{"idSuffix":"inner"}},"wdio_ui5_key":"applicationmanagecontracts-display-component---AddNewContract--projectDescription"}]}
RESULT: {}
RESULT: {"script":"<script> [1562 bytes]","args":[{"selector":{"id":"application-managecontracts-display-component---AddNewContract--projectDescription","interaction":{"idSuffix":"inner"}},"wdio_ui5_key":"applicationmanagecontracts-display-component---AddNewContract--projectDescription"}]}
RESULT: undefined
COMMAND: POST /session/416ca3a003057b96434a2425fa5e92e2/execute/async - {"script":"<script> [776 bytes]","args":[{"enterText":"Intercompany Contract WDIO","selector":{"id":"application-managecontracts-display-component---AddNewContract--projectDescription","interaction":{"idSuffix":"inner"}},"clearTextFirst":true,"interactionType":"ENTER_TEXT"}]}
RESULT: {"script":"<script> [776 bytes]","args":[{"enterText":"Intercompany Contract WDIO","selector":{"id":"application-managecontracts-display-component---AddNewContract--projectDescription","interaction":{"idSuffix":"inner"}},"clearTextFirst":true,"interactionType":"ENTER_TEXT"}]}
COMMAND: POST /session/416ca3a003057b96434a2425fa5e92e2/element - {"using":"xpath","value":"//input[@id=\"application-managecontracts-display-component---AddNewContract--site-inner\"]"}
RESULT: {"using":"xpath","value":"//input[@id=\"application-managecontracts-display-component---AddNewContract--site-inner\"]"}
COMMAND: POST /session/416ca3a003057b96434a2425fa5e92e2/element/f.E04F53A89B741A5C45B2DD6DE3A1F810.d.33EB14D81C64B8C96BA9C4B9BB08E2C8.e.5369/clear - {}
RESULT: {}
COMMAND: POST /session/416ca3a003057b96434a2425fa5e92e2/element/f.E04F53A89B741A5C45B2DD6DE3A1F810.d.33EB14D81C64B8C96BA9C4B9BB08E2C8.e.5369/value - {"text":"2150"}
COMMAND: GET /session/416ca3a003057b96434a2425fa5e92e2/screenshot - {}
RESULT: {"text":"2150"}
COMMAND: GET /session/416ca3a003057b96434a2425fa5e92e2/screenshot - {}
RESULT: {}
RESULT: {}
COMMAND: POST /session/416ca3a003057b96434a2425fa5e92e2/element - {"using":"xpath","value":"//li[.//span[text()='2150']]"}
RESULT: {"using":"xpath","value":"//li[.//span[text()='2150']]"}
COMMAND: POST /session/416ca3a003057b96434a2425fa5e92e2/element/f.E04F53A89B741A5C45B2DD6DE3A1F810.d.33EB14D81C64B8C96BA9C4B9BB08E2C8.e.5400/click - {}
RESULT: {}
COMMAND: GET /session/416ca3a003057b96434a2425fa5e92e2/screenshot - {}
RESULT: {}
COMMAND: POST /session/416ca3a003057b96434a2425fa5e92e2/element - {"using":"xpath","value":"//input[@id=\"application-managecontracts-display-component---AddNewContract--yardId-inner\"]"}
RESULT: {"using":"xpath","value":"//input[@id=\"application-managecontracts-display-component---AddNewContract--yardId-inner\"]"}
COMMAND: GET /session/416ca3a003057b96434a2425fa5e92e2/element/f.E04F53A89B741A5C45B2DD6DE3A1F810.d.33EB14D81C64B8C96BA9C4B9BB08E2C8.e.5370/property/value - {}
RESULT: {}
COMMAND: POST /session/416ca3a003057b96434a2425fa5e92e2/element - {"using":"xpath","value":"//input[@id=\"application-managecontracts-display-component---AddNewContract--customerSelect-inner\"]"}
COMMAND: GET /session/416ca3a003057b96434a2425fa5e92e2/screenshot - {}
RESULT: {"using":"xpath","value":"//input[@id=\"application-managecontracts-display-component---AddNewContract--customerSelect-inner\"]"}
COMMAND: POST /session/416ca3a003057b96434a2425fa5e92e2/element/f.E04F53A89B741A5C45B2DD6DE3A1F810.d.33EB14D81C64B8C96BA9C4B9BB08E2C8.e.5368/clear - {}
RESULT: {}
RESULT: {}
COMMAND: POST /session/416ca3a003057b96434a2425fa5e92e2/element/f.E04F53A89B741A5C45B2DD6DE3A1F810.d.33EB14D81C64B8C96BA9C4B9BB08E2C8.e.5368/value - {"text":"1182"}
COMMAND: GET /session/416ca3a003057b96434a2425fa5e92e2/screenshot - {}
RESULT: {"text":"1182"}
COMMAND: GET /session/416ca3a003057b96434a2425fa5e92e2/screenshot - {}
RESULT: {}
RESULT: {}
COMMAND: POST /session/416ca3a003057b96434a2425fa5e92e2/element - {"using":"xpath","value":"//li[.//span[text()='1182']]"}
RESULT: {"using":"xpath","value":"//li[.//span[text()='1182']]"}
COMMAND: POST /session/416ca3a003057b96434a2425fa5e92e2/element/f.E04F53A89B741A5C45B2DD6DE3A1F810.d.33EB14D81C64B8C96BA9C4B9BB08E2C8.e.5403/click - {}
RESULT: {}
COMMAND: GET /session/416ca3a003057b96434a2425fa5e92e2/screenshot - {}
RESULT: {}
COMMAND: POST /session/416ca3a003057b96434a2425fa5e92e2/element - {"using":"xpath","value":"//button[@data-kt=\"saveButton\"]"}
RESULT: {"using":"xpath","value":"//button[@data-kt=\"saveButton\"]"}
COMMAND: POST /session/416ca3a003057b96434a2425fa5e92e2/element/f.E04F53A89B741A5C45B2DD6DE3A1F810.d.33EB14D81C64B8C96BA9C4B9BB08E2C8.e.5404/click - {}
RESULT: {}
COMMAND: GET /session/416ca3a003057b96434a2425fa5e92e2/screenshot - {}
RESULT: {}
COMMAND: POST /session/416ca3a003057b96434a2425fa5e92e2/element - {"using":"xpath","value":"//span[contains(@id ,\"contractDetailTitleNoExpanded\")]"}
RESULT: {"using":"xpath","value":"//span[contains(@id ,\"contractDetailTitleNoExpanded\")]"}
COMMAND: POST /session/416ca3a003057b96434a2425fa5e92e2/elements - {"using":"xpath","value":"//span[contains(@id ,\"contractDetailTitleNoExpanded\")]"}
RESULT: {"using":"xpath","value":"//span[contains(@id ,\"contractDetailTitleNoExpanded\")]"}
COMMAND: POST /session/416ca3a003057b96434a2425fa5e92e2/execute/sync - {"script":"<script> [56 bytes]","args":[{"element-6066-11e4-a52e-4f735466cecf":"f.E04F53A89B741A5C45B2DD6DE3A1F810.d.33EB14D81C64B8C96BA9C4B9BB08E2C8.e.5476","ELEMENT":"f.E04F53A89B741A5C45B2DD6DE3A1F810.d.33EB14D81C64B8C96BA9C4B9BB08E2C8.e.5476"}]}
RESULT: {"script":"<script> [56 bytes]","args":[{"element-6066-11e4-a52e-4f735466cecf":"f.E04F53A89B741A5C45B2DD6DE3A1F810.d.33EB14D81C64B8C96BA9C4B9BB08E2C8.e.5476","ELEMENT":"f.E04F53A89B741A5C45B2DD6DE3A1F810.d.33EB14D81C64B8C96BA9C4B9BB08E2C8.e.5476"}]}
COMMAND: GET /session/416ca3a003057b96434a2425fa5e92e2/screenshot - {}
RESULT: {}
]]></system-out>
    </testcase>
    <testcase classname="chrome.136_0_7103_49.windows.Billing_Transfer_-_Master_data_&amp;_Intercompany_US127250" name="Should add equipment to the contract" time="48.063">
      <system-out><![CDATA[
COMMAND: POST /session/416ca3a003057b96434a2425fa5e92e2/element - {"using":"xpath","value":"//button[@data-kt=\"contractDetailEditBtnButton\"]"}
RESULT: {"using":"xpath","value":"//button[@data-kt=\"contractDetailEditBtnButton\"]"}
COMMAND: POST /session/416ca3a003057b96434a2425fa5e92e2/element/f.E04F53A89B741A5C45B2DD6DE3A1F810.d.33EB14D81C64B8C96BA9C4B9BB08E2C8.e.5478/click - {}
RESULT: {}
COMMAND: GET /session/416ca3a003057b96434a2425fa5e92e2/screenshot - {}
RESULT: {}
COMMAND: POST /session/416ca3a003057b96434a2425fa5e92e2/element - {"using":"xpath","value":"(//span[contains(text(), \"Additional Addresses\")])[2]"}
RESULT: {"using":"xpath","value":"(//span[contains(text(), \"Additional Addresses\")])[2]"}
COMMAND: POST /session/416ca3a003057b96434a2425fa5e92e2/element/f.E04F53A89B741A5C45B2DD6DE3A1F810.d.33EB14D81C64B8C96BA9C4B9BB08E2C8.e.5533/click - {}
RESULT: {}
COMMAND: GET /session/416ca3a003057b96434a2425fa5e92e2/screenshot - {}
RESULT: {}
COMMAND: POST /session/416ca3a003057b96434a2425fa5e92e2/element - {"using":"xpath","value":"//button[@data-kt=\"btnAddTableRowOverflowToolbarButton\"]"}
RESULT: {"using":"xpath","value":"//button[@data-kt=\"btnAddTableRowOverflowToolbarButton\"]"}
COMMAND: POST /session/416ca3a003057b96434a2425fa5e92e2/element/f.E04F53A89B741A5C45B2DD6DE3A1F810.d.33EB14D81C64B8C96BA9C4B9BB08E2C8.e.5536/click - {}
RESULT: {}
COMMAND: GET /session/416ca3a003057b96434a2425fa5e92e2/screenshot - {}
RESULT: {}
COMMAND: POST /session/416ca3a003057b96434a2425fa5e92e2/element - {"using":"xpath","value":"//div[(text() = 'Standard Entry' or . = 'Standard Entry')]"}
RESULT: {"using":"xpath","value":"//div[(text() = 'Standard Entry' or . = 'Standard Entry')]"}
COMMAND: POST /session/416ca3a003057b96434a2425fa5e92e2/element/f.E04F53A89B741A5C45B2DD6DE3A1F810.d.33EB14D81C64B8C96BA9C4B9BB08E2C8.e.5538/click - {}
RESULT: {}
COMMAND: GET /session/416ca3a003057b96434a2425fa5e92e2/screenshot - {}
RESULT: {}
COMMAND: POST /session/416ca3a003057b96434a2425fa5e92e2/element - {"using":"xpath","value":"//td[7]/div/div/input"}
RESULT: {"using":"xpath","value":"//td[7]/div/div/input"}
COMMAND: POST /session/416ca3a003057b96434a2425fa5e92e2/element/f.E04F53A89B741A5C45B2DD6DE3A1F810.d.33EB14D81C64B8C96BA9C4B9BB08E2C8.e.5547/clear - {}
RESULT: {}
COMMAND: POST /session/416ca3a003057b96434a2425fa5e92e2/element/f.E04F53A89B741A5C45B2DD6DE3A1F810.d.33EB14D81C64B8C96BA9C4B9BB08E2C8.e.5547/value - {"text":"RmmZu40u8h"}
COMMAND: GET /session/416ca3a003057b96434a2425fa5e92e2/screenshot - {}
RESULT: {"text":"RmmZu40u8h"}
COMMAND: GET /session/416ca3a003057b96434a2425fa5e92e2/screenshot - {}
RESULT: {}
RESULT: {}
COMMAND: POST /session/416ca3a003057b96434a2425fa5e92e2/actions - {"actions":[{"id":"action19","type":"key","parameters":{},"actions":[{"type":"keyDown","value":"î€‡"},{"type":"pause","duration":10},{"type":"keyUp","value":"î€‡"}]}]}
RESULT: {"actions":[{"id":"action19","type":"key","parameters":{},"actions":[{"type":"keyDown","value":"î€‡"},{"type":"pause","duration":10},{"type":"keyUp","value":"î€‡"}]}]}
COMMAND: GET /session/416ca3a003057b96434a2425fa5e92e2/screenshot - {}
RESULT: {}
COMMAND: POST /session/416ca3a003057b96434a2425fa5e92e2/execute/sync - {"script":"<script> [276 bytes]","args":["No pricing information was found"]}
RESULT: {"script":"<script> [276 bytes]","args":["No pricing information was found"]}
COMMAND: POST /session/416ca3a003057b96434a2425fa5e92e2/element - {"using":"xpath","value":"(//button[@data-kt=\"saveButton\"])[2]"}
COMMAND: GET /session/416ca3a003057b96434a2425fa5e92e2/screenshot - {}
RESULT: {"using":"xpath","value":"(//button[@data-kt=\"saveButton\"])[2]"}
COMMAND: POST /session/416ca3a003057b96434a2425fa5e92e2/element/f.E04F53A89B741A5C45B2DD6DE3A1F810.d.33EB14D81C64B8C96BA9C4B9BB08E2C8.e.5562/click - {}
RESULT: {}
RESULT: {}
COMMAND: GET /session/416ca3a003057b96434a2425fa5e92e2/screenshot - {}
RESULT: {}
COMMAND: POST /session/416ca3a003057b96434a2425fa5e92e2/execute/sync - {"script":"<script> [276 bytes]","args":["Some contract items are having rental validity exceeding header rental validity"]}
RESULT: {"script":"<script> [276 bytes]","args":["Some contract items are having rental validity exceeding header rental validity"]}
COMMAND: GET /session/416ca3a003057b96434a2425fa5e92e2/screenshot - {}
RESULT: {}
COMMAND: POST /session/416ca3a003057b96434a2425fa5e92e2/element - {"using":"xpath","value":"//span[contains(@id ,\"contractItemsSmartTable-header-inner\")]"}
RESULT: {"using":"xpath","value":"//span[contains(@id ,\"contractItemsSmartTable-header-inner\")]"}
COMMAND: POST /session/416ca3a003057b96434a2425fa5e92e2/elements - {"using":"xpath","value":"//span[contains(@id ,\"contractItemsSmartTable-header-inner\")]"}
RESULT: {"using":"xpath","value":"//span[contains(@id ,\"contractItemsSmartTable-header-inner\")]"}
COMMAND: POST /session/416ca3a003057b96434a2425fa5e92e2/execute/sync - {"script":"<script> [56 bytes]","args":[{"element-6066-11e4-a52e-4f735466cecf":"f.E04F53A89B741A5C45B2DD6DE3A1F810.d.33EB14D81C64B8C96BA9C4B9BB08E2C8.e.5567","ELEMENT":"f.E04F53A89B741A5C45B2DD6DE3A1F810.d.33EB14D81C64B8C96BA9C4B9BB08E2C8.e.5567"}]}
RESULT: {"script":"<script> [56 bytes]","args":[{"element-6066-11e4-a52e-4f735466cecf":"f.E04F53A89B741A5C45B2DD6DE3A1F810.d.33EB14D81C64B8C96BA9C4B9BB08E2C8.e.5567","ELEMENT":"f.E04F53A89B741A5C45B2DD6DE3A1F810.d.33EB14D81C64B8C96BA9C4B9BB08E2C8.e.5567"}]}
]]></system-out>
    </testcase>
    <testcase classname="chrome.136_0_7103_49.windows.Billing_Transfer_-_Master_data_&amp;_Intercompany_US127250" name="Should do a provide to site handover" time="60.436">
      <system-out><![CDATA[
COMMAND: GET /session/416ca3a003057b96434a2425fa5e92e2/screenshot - {}
COMMAND: POST /session/416ca3a003057b96434a2425fa5e92e2/element - {"using":"xpath","value":"//button[@data-kt=\"provideButton\"]"}
RESULT: {}
RESULT: {"using":"xpath","value":"//button[@data-kt=\"provideButton\"]"}
COMMAND: POST /session/416ca3a003057b96434a2425fa5e92e2/element/f.E04F53A89B741A5C45B2DD6DE3A1F810.d.33EB14D81C64B8C96BA9C4B9BB08E2C8.e.5568/click - {}
RESULT: {}
COMMAND: GET /session/416ca3a003057b96434a2425fa5e92e2/screenshot - {}
RESULT: {}
RESULT: undefined
COMMAND: POST /session/416ca3a003057b96434a2425fa5e92e2/execute/async - {"script":"<script> [6424 bytes]","args":[{"element-6066-11e4-a52e-4f735466cecf":"f.E04F53A89B741A5C45B2DD6DE3A1F810.d.33EB14D81C64B8C96BA9C4B9BB08E2C8.e.4465"},"setValue",["5/14/25"]]}
COMMAND: POST /session/416ca3a003057b96434a2425fa5e92e2/execute/async - {"script":"<script> [1562 bytes]","args":[{"selector":{"id":"application-managehandovers-display-component---AddNewHO--dueDate","interaction":{"idSuffix":"inner"}},"wdio_ui5_key":"applicationmanagehandovers-display-component---AddNewHO--dueDate"}]}
RESULT: {"script":"<script> [1562 bytes]","args":[{"selector":{"id":"application-managehandovers-display-component---AddNewHO--dueDate","interaction":{"idSuffix":"inner"}},"wdio_ui5_key":"applicationmanagehandovers-display-component---AddNewHO--dueDate"}]}
COMMAND: POST /session/416ca3a003057b96434a2425fa5e92e2/execute/async - {"script":"<script> [6424 bytes]","args":[{"element-6066-11e4-a52e-4f735466cecf":"f.E04F53A89B741A5C45B2DD6DE3A1F810.d.33EB14D81C64B8C96BA9C4B9BB08E2C8.e.5625"},"setValue",["5/14/25"]]}
RESULT: {"script":"<script> [6424 bytes]","args":[{"element-6066-11e4-a52e-4f735466cecf":"f.E04F53A89B741A5C45B2DD6DE3A1F810.d.33EB14D81C64B8C96BA9C4B9BB08E2C8.e.5625"},"setValue",["5/14/25"]]}
COMMAND: POST /session/416ca3a003057b96434a2425fa5e92e2/element - {"using":"xpath","value":"//bdi[contains(text(), \"Instructions\")]"}
RESULT: {"using":"xpath","value":"//bdi[contains(text(), \"Instructions\")]"}
COMMAND: POST /session/416ca3a003057b96434a2425fa5e92e2/element/f.E04F53A89B741A5C45B2DD6DE3A1F810.d.33EB14D81C64B8C96BA9C4B9BB08E2C8.e.5884/click - {}
RESULT: {}
COMMAND: GET /session/416ca3a003057b96434a2425fa5e92e2/screenshot - {}
RESULT: {}
COMMAND: POST /session/416ca3a003057b96434a2425fa5e92e2/element - {"using":"xpath","value":"//button[@data-kt=\"AddNewHOProvideAddItemsButton\"]"}
RESULT: {"using":"xpath","value":"//button[@data-kt=\"AddNewHOProvideAddItemsButton\"]"}
COMMAND: POST /session/416ca3a003057b96434a2425fa5e92e2/element/f.E04F53A89B741A5C45B2DD6DE3A1F810.d.33EB14D81C64B8C96BA9C4B9BB08E2C8.e.5888/click - {}
RESULT: {}
COMMAND: GET /session/416ca3a003057b96434a2425fa5e92e2/screenshot - {}
RESULT: {}
RESULT: undefined
COMMAND: POST /session/416ca3a003057b96434a2425fa5e92e2/element - {"using":"xpath","value":"//*[@id=\"application-managehandovers-display-component---AddNewHO--popup-sa\"]"}
RESULT: {"using":"xpath","value":"//*[@id=\"application-managehandovers-display-component---AddNewHO--popup-sa\"]"}
COMMAND: POST /session/416ca3a003057b96434a2425fa5e92e2/element/f.E04F53A89B741A5C45B2DD6DE3A1F810.d.33EB14D81C64B8C96BA9C4B9BB08E2C8.e.5897/click - {}
RESULT: {}
COMMAND: GET /session/416ca3a003057b96434a2425fa5e92e2/screenshot - {}
RESULT: {}
COMMAND: POST /session/416ca3a003057b96434a2425fa5e92e2/element - {"using":"xpath","value":"//*[contains(@id ,\"BDI-content\")][contains(text(), \"Select\")]"}
RESULT: {"using":"xpath","value":"//*[contains(@id ,\"BDI-content\")][contains(text(), \"Select\")]"}
COMMAND: POST /session/416ca3a003057b96434a2425fa5e92e2/element/f.E04F53A89B741A5C45B2DD6DE3A1F810.d.33EB14D81C64B8C96BA9C4B9BB08E2C8.e.5899/click - {}
RESULT: {}
COMMAND: GET /session/416ca3a003057b96434a2425fa5e92e2/screenshot - {}
RESULT: {}
COMMAND: POST /session/416ca3a003057b96434a2425fa5e92e2/execute/async - {"script":"<script> [1562 bytes]","args":[{"selector":{"id":"application-managehandovers-display-component---AddNewHO--confirmCreationButton","interaction":{"idSuffix":"BDI-content"}},"wdio_ui5_key":"applicationmanagehandovers-display-component---AddNewHO--confirmCreationButton"}]}
RESULT: {"script":"<script> [1562 bytes]","args":[{"selector":{"id":"application-managehandovers-display-component---AddNewHO--confirmCreationButton","interaction":{"idSuffix":"BDI-content"}},"wdio_ui5_key":"applicationmanagehandovers-display-component---AddNewHO--confirmCreationButton"}]}
RESULT: undefined
COMMAND: POST /session/416ca3a003057b96434a2425fa5e92e2/element - {"using":"xpath","value":"//*[@id=\"application-managehandovers-display-component---AddNewHO--confirmCreationButton\"]"}
RESULT: {"using":"xpath","value":"//*[@id=\"application-managehandovers-display-component---AddNewHO--confirmCreationButton\"]"}
COMMAND: POST /session/416ca3a003057b96434a2425fa5e92e2/element/f.E04F53A89B741A5C45B2DD6DE3A1F810.d.33EB14D81C64B8C96BA9C4B9BB08E2C8.e.5695/click - {}
RESULT: {}
COMMAND: GET /session/416ca3a003057b96434a2425fa5e92e2/screenshot - {}
RESULT: {}
COMMAND: POST /session/416ca3a003057b96434a2425fa5e92e2/execute/async - {"script":"<script> [1562 bytes]","args":[{"selector":{"id":"issueDatePicker","viewName":"etm.portal.ui.managehandovers.view.DetailExecuteHO","interaction":{"idSuffix":"inner"}},"wdio_ui5_key":"issueDatePickeretmportal.ui.managehandovers.view.DetailExecuteHO"}]}
RESULT: {"script":"<script> [1562 bytes]","args":[{"selector":{"id":"issueDatePicker","viewName":"etm.portal.ui.managehandovers.view.DetailExecuteHO","interaction":{"idSuffix":"inner"}},"wdio_ui5_key":"issueDatePickeretmportal.ui.managehandovers.view.DetailExecuteHO"}]}
RESULT: undefined
COMMAND: POST /session/416ca3a003057b96434a2425fa5e92e2/execute/async - {"script":"<script> [776 bytes]","args":[{"enterText":"5/14/25","selector":{"id":"issueDatePicker","viewName":"etm.portal.ui.managehandovers.view.DetailExecuteHO","interaction":{"idSuffix":"inner"}},"clearTextFirst":true,"interactionType":"ENTER_TEXT"}]}
RESULT: {"script":"<script> [776 bytes]","args":[{"enterText":"5/14/25","selector":{"id":"issueDatePicker","viewName":"etm.portal.ui.managehandovers.view.DetailExecuteHO","interaction":{"idSuffix":"inner"}},"clearTextFirst":true,"interactionType":"ENTER_TEXT"}]}
COMMAND: POST /session/416ca3a003057b96434a2425fa5e92e2/element - {"using":"xpath","value":"//bdi[contains(text(), \"OK\")]"}
RESULT: {"using":"xpath","value":"//bdi[contains(text(), \"OK\")]"}
COMMAND: POST /session/416ca3a003057b96434a2425fa5e92e2/element/f.E04F53A89B741A5C45B2DD6DE3A1F810.d.33EB14D81C64B8C96BA9C4B9BB08E2C8.e.5964/click - {}
RESULT: {}
COMMAND: GET /session/416ca3a003057b96434a2425fa5e92e2/screenshot - {}
RESULT: {}
COMMAND: POST /session/416ca3a003057b96434a2425fa5e92e2/element - {"using":"xpath","value":"//button[@data-kt=\"PickingTableConfirmAllButton\"]"}
RESULT: {"using":"xpath","value":"//button[@data-kt=\"PickingTableConfirmAllButton\"]"}
COMMAND: POST /session/416ca3a003057b96434a2425fa5e92e2/element/f.E04F53A89B741A5C45B2DD6DE3A1F810.d.33EB14D81C64B8C96BA9C4B9BB08E2C8.e.5970/click - {}
RESULT: {}
COMMAND: GET /session/416ca3a003057b96434a2425fa5e92e2/screenshot - {}
RESULT: {}
COMMAND: POST /session/416ca3a003057b96434a2425fa5e92e2/element - {"using":"xpath","value":"//bdi[contains(text(), \"OK\")]"}
RESULT: {"using":"xpath","value":"//bdi[contains(text(), \"OK\")]"}
COMMAND: POST /session/416ca3a003057b96434a2425fa5e92e2/element/f.E04F53A89B741A5C45B2DD6DE3A1F810.d.33EB14D81C64B8C96BA9C4B9BB08E2C8.e.5974/click - {}
RESULT: {}
COMMAND: GET /session/416ca3a003057b96434a2425fa5e92e2/screenshot - {}
RESULT: {}
COMMAND: POST /session/416ca3a003057b96434a2425fa5e92e2/element - {"using":"xpath","value":"//bdi[contains(text(), \"Issue\")]"}
RESULT: {"using":"xpath","value":"//bdi[contains(text(), \"Issue\")]"}
COMMAND: POST /session/416ca3a003057b96434a2425fa5e92e2/element/f.E04F53A89B741A5C45B2DD6DE3A1F810.d.33EB14D81C64B8C96BA9C4B9BB08E2C8.e.5975/click - {}
RESULT: {}
COMMAND: GET /session/416ca3a003057b96434a2425fa5e92e2/screenshot - {}
RESULT: {}
COMMAND: POST /session/416ca3a003057b96434a2425fa5e92e2/element - {"using":"css selector","value":"#shell-header-logo"}
RESULT: {"using":"css selector","value":"#shell-header-logo"}
COMMAND: POST /session/416ca3a003057b96434a2425fa5e92e2/element/f.E04F53A89B741A5C45B2DD6DE3A1F810.d.33EB14D81C64B8C96BA9C4B9BB08E2C8.e.4967/click - {}
RESULT: {}
COMMAND: GET /session/416ca3a003057b96434a2425fa5e92e2/screenshot - {}
RESULT: {}
]]></system-out>
    </testcase>
    <testcase classname="chrome.136_0_7103_49.windows.Billing_Transfer_-_Master_data_&amp;_Intercompany_US127250" name="Should go navigate to Manage Billings and trigger contract calculation check result" time="58.455">
      <system-out><![CDATA[
COMMAND: POST /session/416ca3a003057b96434a2425fa5e92e2/execute/async - {"script":"<script> [1562 bytes]","args":[{"selector":{"controlType":"sap.m.GenericTile","properties":{"header":"Manage Billings"}},"wdio_ui5_key":"sapm.GenericTile{\"header\":\"Manage Billings\"}"}]}
RESULT: {"script":"<script> [1562 bytes]","args":[{"selector":{"controlType":"sap.m.GenericTile","properties":{"header":"Manage Billings"}},"wdio_ui5_key":"sapm.GenericTile{\"header\":\"Manage Billings\"}"}]}
RESULT: undefined
COMMAND: POST /session/416ca3a003057b96434a2425fa5e92e2/element - {"using":"xpath","value":"//*[@id=\"__tile91\"]"}
RESULT: {"using":"xpath","value":"//*[@id=\"__tile91\"]"}
COMMAND: POST /session/416ca3a003057b96434a2425fa5e92e2/element/f.E04F53A89B741A5C45B2DD6DE3A1F810.d.33EB14D81C64B8C96BA9C4B9BB08E2C8.e.2879/click - {}
RESULT: {}
COMMAND: GET /session/416ca3a003057b96434a2425fa5e92e2/screenshot - {}
RESULT: {}
COMMAND: POST /session/416ca3a003057b96434a2425fa5e92e2/elements - {"using":"xpath","value":"//span[text()='Error']"}
RESULT: {"using":"xpath","value":"//span[text()='Error']"}
COMMAND: POST /session/416ca3a003057b96434a2425fa5e92e2/execute/async - {"script":"<script> [1562 bytes]","args":[{"selector":{"id":"application-managebillings-display-component---billRunCalcResult--smartFilterBar-btnBasicSearch","interaction":{"idSuffix":"I"}},"wdio_ui5_key":"applicationmanagebillings-display-component---billRunCalcResult--smartFilterBar-btnBasicSearch"}]}
RESULT: {"script":"<script> [1562 bytes]","args":[{"selector":{"id":"application-managebillings-display-component---billRunCalcResult--smartFilterBar-btnBasicSearch","interaction":{"idSuffix":"I"}},"wdio_ui5_key":"applicationmanagebillings-display-component---billRunCalcResult--smartFilterBar-btnBasicSearch"}]}
RESULT: undefined
COMMAND: POST /session/416ca3a003057b96434a2425fa5e92e2/execute/async - {"script":"<script> [776 bytes]","args":[{"enterText":"10214","selector":{"id":"application-managebillings-display-component---billRunCalcResult--smartFilterBar-btnBasicSearch","interaction":{"idSuffix":"I"}},"clearTextFirst":true,"interactionType":"ENTER_TEXT"}]}
RESULT: {"script":"<script> [776 bytes]","args":[{"enterText":"10214","selector":{"id":"application-managebillings-display-component---billRunCalcResult--smartFilterBar-btnBasicSearch","interaction":{"idSuffix":"I"}},"clearTextFirst":true,"interactionType":"ENTER_TEXT"}]}
COMMAND: POST /session/416ca3a003057b96434a2425fa5e92e2/actions - {"actions":[{"id":"action20","type":"key","parameters":{},"actions":[{"type":"keyDown","value":"î€‡"},{"type":"pause","duration":10},{"type":"keyUp","value":"î€‡"}]}]}
RESULT: {"actions":[{"id":"action20","type":"key","parameters":{},"actions":[{"type":"keyDown","value":"î€‡"},{"type":"pause","duration":10},{"type":"keyUp","value":"î€‡"}]}]}
COMMAND: GET /session/416ca3a003057b96434a2425fa5e92e2/screenshot - {}
RESULT: {}
COMMAND: POST /session/416ca3a003057b96434a2425fa5e92e2/element - {"using":"xpath","value":"//td[@aria-colindex=\"1\"]/div/div[contains(@class, \"sapMCbBg\")]"}
RESULT: {"using":"xpath","value":"//td[@aria-colindex=\"1\"]/div/div[contains(@class, \"sapMCbBg\")]"}
COMMAND: POST /session/416ca3a003057b96434a2425fa5e92e2/element/f.E04F53A89B741A5C45B2DD6DE3A1F810.d.33EB14D81C64B8C96BA9C4B9BB08E2C8.e.6363/click - {}
RESULT: {}
COMMAND: GET /session/416ca3a003057b96434a2425fa5e92e2/screenshot - {}
RESULT: {}
COMMAND: POST /session/416ca3a003057b96434a2425fa5e92e2/execute/async - {"script":"<script> [1562 bytes]","args":[{"selector":{"id":"application-managebillings-display-component---billRunCalcResult--contractBillRunDate","interaction":{"idSuffix":"inner"}},"wdio_ui5_key":"applicationmanagebillings-display-component---billRunCalcResult--contractBillRunDate"}]}
RESULT: {"script":"<script> [1562 bytes]","args":[{"selector":{"id":"application-managebillings-display-component---billRunCalcResult--contractBillRunDate","interaction":{"idSuffix":"inner"}},"wdio_ui5_key":"applicationmanagebillings-display-component---billRunCalcResult--contractBillRunDate"}]}
RESULT: undefined
COMMAND: POST /session/416ca3a003057b96434a2425fa5e92e2/execute/async - {"script":"<script> [776 bytes]","args":[{"enterText":"6/14/25","selector":{"id":"application-managebillings-display-component---billRunCalcResult--contractBillRunDate","interaction":{"idSuffix":"inner"}},"clearTextFirst":true,"interactionType":"ENTER_TEXT"}]}
RESULT: {"script":"<script> [776 bytes]","args":[{"enterText":"6/14/25","selector":{"id":"application-managebillings-display-component---billRunCalcResult--contractBillRunDate","interaction":{"idSuffix":"inner"}},"clearTextFirst":true,"interactionType":"ENTER_TEXT"}]}
COMMAND: POST /session/416ca3a003057b96434a2425fa5e92e2/element - {"using":"xpath","value":"//bdi[contains(text(), \"Trigger Calculation\")]"}
RESULT: {"using":"xpath","value":"//bdi[contains(text(), \"Trigger Calculation\")]"}
COMMAND: POST /session/416ca3a003057b96434a2425fa5e92e2/element/f.E04F53A89B741A5C45B2DD6DE3A1F810.d.33EB14D81C64B8C96BA9C4B9BB08E2C8.e.6385/click - {}
RESULT: {}
COMMAND: GET /session/416ca3a003057b96434a2425fa5e92e2/screenshot - {}
RESULT: {}
COMMAND: POST /session/416ca3a003057b96434a2425fa5e92e2/element - {"using":"xpath","value":"(//span[contains(@id, \"imgNav\")])[1]"}
RESULT: {"using":"xpath","value":"(//span[contains(@id, \"imgNav\")])[1]"}
COMMAND: POST /session/416ca3a003057b96434a2425fa5e92e2/element/f.E04F53A89B741A5C45B2DD6DE3A1F810.d.33EB14D81C64B8C96BA9C4B9BB08E2C8.e.6377/click - {}
RESULT: {}
COMMAND: GET /session/416ca3a003057b96434a2425fa5e92e2/screenshot - {}
RESULT: {}
COMMAND: POST /session/416ca3a003057b96434a2425fa5e92e2/element - {"using":"xpath","value":"//tr/td[6]/div[1]/span[1]/span[1]"}
RESULT: {"using":"xpath","value":"//tr/td[6]/div[1]/span[1]/span[1]"}
COMMAND: GET /session/416ca3a003057b96434a2425fa5e92e2/element/f.E04F53A89B741A5C45B2DD6DE3A1F810.d.33EB14D81C64B8C96BA9C4B9BB08E2C8.e.6390/text - {}
RESULT: {}
COMMAND: POST /session/416ca3a003057b96434a2425fa5e92e2/element - {"using":"xpath","value":"(//span[contains(@id, \"imgNav\")])[2]"}
RESULT: {"using":"xpath","value":"(//span[contains(@id, \"imgNav\")])[2]"}
COMMAND: POST /session/416ca3a003057b96434a2425fa5e92e2/element/f.E04F53A89B741A5C45B2DD6DE3A1F810.d.33EB14D81C64B8C96BA9C4B9BB08E2C8.e.6391/click - {}
RESULT: {}
COMMAND: POST /session/416ca3a003057b96434a2425fa5e92e2/element - {"using":"xpath","value":"//bdi[contains(text(), \"Business Confirm\")]"}
COMMAND: GET /session/416ca3a003057b96434a2425fa5e92e2/screenshot - {}
RESULT: {"using":"xpath","value":"//bdi[contains(text(), \"Business Confirm\")]"}
COMMAND: POST /session/416ca3a003057b96434a2425fa5e92e2/element/f.E04F53A89B741A5C45B2DD6DE3A1F810.d.33EB14D81C64B8C96BA9C4B9BB08E2C8.e.6393/click - {}
RESULT: {}
COMMAND: POST /session/416ca3a003057b96434a2425fa5e92e2/element - {"using":"xpath","value":"//bdi[contains(text(), \"Business Confirm\")]"}
RESULT: {"using":"xpath","value":"//bdi[contains(text(), \"Business Confirm\")]"}
COMMAND: POST /session/416ca3a003057b96434a2425fa5e92e2/element/f.E04F53A89B741A5C45B2DD6DE3A1F810.d.33EB14D81C64B8C96BA9C4B9BB08E2C8.e.6393/click - {}
COMMAND: POST /session/416ca3a003057b96434a2425fa5e92e2/element - {"using":"xpath","value":"//bdi[contains(text(), \"Business Confirm\")]"}
RESULT: {"using":"xpath","value":"//bdi[contains(text(), \"Business Confirm\")]"}
COMMAND: POST /session/416ca3a003057b96434a2425fa5e92e2/element/f.E04F53A89B741A5C45B2DD6DE3A1F810.d.33EB14D81C64B8C96BA9C4B9BB08E2C8.e.6462/click - {}
RESULT: {}
COMMAND: POST /session/416ca3a003057b96434a2425fa5e92e2/element - {"using":"css selector","value":"#shell-header-logo"}
COMMAND: GET /session/416ca3a003057b96434a2425fa5e92e2/screenshot - {}
RESULT: {"using":"css selector","value":"#shell-header-logo"}
COMMAND: POST /session/416ca3a003057b96434a2425fa5e92e2/element/f.E04F53A89B741A5C45B2DD6DE3A1F810.d.33EB14D81C64B8C96BA9C4B9BB08E2C8.e.6155/click - {}
RESULT: {}
RESULT: {}
COMMAND: GET /session/416ca3a003057b96434a2425fa5e92e2/screenshot - {}
RESULT: {}
]]></system-out>
    </testcase>
    <testcase classname="chrome.136_0_7103_49.windows.Billing_Transfer_-_Master_data_&amp;_Intercompany_US127250" name="Should do Billing Transfer all the way into invoice open for intercompany case" time="79.192">
      <system-out><![CDATA[
COMMAND: POST /session/416ca3a003057b96434a2425fa5e92e2/execute/async - {"script":"<script> [1562 bytes]","args":[{"selector":{"controlType":"sap.m.GenericTile","properties":{"header":"Billing Transfer"}},"wdio_ui5_key":"sapm.GenericTile{\"header\":\"Billing Transfer\"}"}]}
RESULT: {"script":"<script> [1562 bytes]","args":[{"selector":{"controlType":"sap.m.GenericTile","properties":{"header":"Billing Transfer"}},"wdio_ui5_key":"sapm.GenericTile{\"header\":\"Billing Transfer\"}"}]}
RESULT: undefined
COMMAND: POST /session/416ca3a003057b96434a2425fa5e92e2/element - {"using":"xpath","value":"//*[@id=\"__tile90\"]"}
RESULT: {"using":"xpath","value":"//*[@id=\"__tile90\"]"}
COMMAND: POST /session/416ca3a003057b96434a2425fa5e92e2/element/f.E04F53A89B741A5C45B2DD6DE3A1F810.d.33EB14D81C64B8C96BA9C4B9BB08E2C8.e.2876/click - {}
RESULT: {}
COMMAND: GET /session/416ca3a003057b96434a2425fa5e92e2/screenshot - {}
RESULT: {}
COMMAND: POST /session/416ca3a003057b96434a2425fa5e92e2/elements - {"using":"xpath","value":"//span[text()='Error']"}
RESULT: {"using":"xpath","value":"//span[text()='Error']"}
COMMAND: POST /session/416ca3a003057b96434a2425fa5e92e2/element - {"using":"xpath","value":"//input[contains(@id ,\"application-billingtransfer-display-component---billingWorkbench--smartFilterBar-btnBasicSearch\")]"}
RESULT: {"using":"xpath","value":"//input[contains(@id ,\"application-billingtransfer-display-component---billingWorkbench--smartFilterBar-btnBasicSearch\")]"}
COMMAND: POST /session/416ca3a003057b96434a2425fa5e92e2/elements - {"using":"xpath","value":"//input[contains(@id ,\"application-billingtransfer-display-component---billingWorkbench--smartFilterBar-btnBasicSearch\")]"}
RESULT: {"using":"xpath","value":"//input[contains(@id ,\"application-billingtransfer-display-component---billingWorkbench--smartFilterBar-btnBasicSearch\")]"}
COMMAND: POST /session/416ca3a003057b96434a2425fa5e92e2/execute/sync - {"script":"<script> [8489 bytes]","args":[{"element-6066-11e4-a52e-4f735466cecf":"f.E04F53A89B741A5C45B2DD6DE3A1F810.d.33EB14D81C64B8C96BA9C4B9BB08E2C8.e.6471","ELEMENT":"f.E04F53A89B741A5C45B2DD6DE3A1F810.d.33EB14D81C64B8C96BA9C4B9BB08E2C8.e.6471"}]}
RESULT: {"script":"<script> [8489 bytes]","args":[{"element-6066-11e4-a52e-4f735466cecf":"f.E04F53A89B741A5C45B2DD6DE3A1F810.d.33EB14D81C64B8C96BA9C4B9BB08E2C8.e.6471","ELEMENT":"f.E04F53A89B741A5C45B2DD6DE3A1F810.d.33EB14D81C64B8C96BA9C4B9BB08E2C8.e.6471"}]}
COMMAND: GET /session/416ca3a003057b96434a2425fa5e92e2/element/f.E04F53A89B741A5C45B2DD6DE3A1F810.d.33EB14D81C64B8C96BA9C4B9BB08E2C8.e.6471/enabled - {}
COMMAND: GET /session/416ca3a003057b96434a2425fa5e92e2/screenshot - {}
RESULT: {}
COMMAND: POST /session/416ca3a003057b96434a2425fa5e92e2/element/f.E04F53A89B741A5C45B2DD6DE3A1F810.d.33EB14D81C64B8C96BA9C4B9BB08E2C8.e.6471/click - {}
COMMAND: GET /session/416ca3a003057b96434a2425fa5e92e2/screenshot - {}
RESULT: {}
RESULT: {}
COMMAND: GET /session/416ca3a003057b96434a2425fa5e92e2/screenshot - {}
RESULT: {}
RESULT: {}
COMMAND: POST /session/416ca3a003057b96434a2425fa5e92e2/element/f.E04F53A89B741A5C45B2DD6DE3A1F810.d.33EB14D81C64B8C96BA9C4B9BB08E2C8.e.6471/clear - {}
RESULT: {}
COMMAND: POST /session/416ca3a003057b96434a2425fa5e92e2/element/f.E04F53A89B741A5C45B2DD6DE3A1F810.d.33EB14D81C64B8C96BA9C4B9BB08E2C8.e.6471/value - {"text":"10214"}
COMMAND: GET /session/416ca3a003057b96434a2425fa5e92e2/screenshot - {}
RESULT: {"text":"10214"}
COMMAND: POST /session/416ca3a003057b96434a2425fa5e92e2/actions - {"actions":[{"id":"action21","type":"key","parameters":{},"actions":[{"type":"keyDown","value":"î€‡"},{"type":"pause","duration":10},{"type":"keyUp","value":"î€‡"}]}]}
COMMAND: GET /session/416ca3a003057b96434a2425fa5e92e2/screenshot - {}
RESULT: {}
RESULT: {"actions":[{"id":"action21","type":"key","parameters":{},"actions":[{"type":"keyDown","value":"î€‡"},{"type":"pause","duration":10},{"type":"keyUp","value":"î€‡"}]}]}
COMMAND: GET /session/416ca3a003057b96434a2425fa5e92e2/screenshot - {}
RESULT: {}
RESULT: {}
COMMAND: POST /session/416ca3a003057b96434a2425fa5e92e2/element - {"using":"xpath","value":"//span[contains(@id ,\"application-billingtransfer-display-component---billingWorkbench--smartTableBillingRuns-header-inner\")]"}
RESULT: {"using":"xpath","value":"//span[contains(@id ,\"application-billingtransfer-display-component---billingWorkbench--smartTableBillingRuns-header-inner\")]"}
COMMAND: POST /session/416ca3a003057b96434a2425fa5e92e2/elements - {"using":"xpath","value":"//span[contains(@id ,\"application-billingtransfer-display-component---billingWorkbench--smartTableBillingRuns-header-inner\")]"}
RESULT: {"using":"xpath","value":"//span[contains(@id ,\"application-billingtransfer-display-component---billingWorkbench--smartTableBillingRuns-header-inner\")]"}
COMMAND: POST /session/416ca3a003057b96434a2425fa5e92e2/execute/sync - {"script":"<script> [56 bytes]","args":[{"element-6066-11e4-a52e-4f735466cecf":"f.E04F53A89B741A5C45B2DD6DE3A1F810.d.33EB14D81C64B8C96BA9C4B9BB08E2C8.e.6607","ELEMENT":"f.E04F53A89B741A5C45B2DD6DE3A1F810.d.33EB14D81C64B8C96BA9C4B9BB08E2C8.e.6607"}]}
RESULT: {"script":"<script> [56 bytes]","args":[{"element-6066-11e4-a52e-4f735466cecf":"f.E04F53A89B741A5C45B2DD6DE3A1F810.d.33EB14D81C64B8C96BA9C4B9BB08E2C8.e.6607","ELEMENT":"f.E04F53A89B741A5C45B2DD6DE3A1F810.d.33EB14D81C64B8C96BA9C4B9BB08E2C8.e.6607"}]}
COMMAND: POST /session/416ca3a003057b96434a2425fa5e92e2/element - {"using":"xpath","value":"//td[@aria-colindex=\"1\"]/div/div[contains(@class, \"sapMCbBg\")]"}
COMMAND: GET /session/416ca3a003057b96434a2425fa5e92e2/screenshot - {}
RESULT: {"using":"xpath","value":"//td[@aria-colindex=\"1\"]/div/div[contains(@class, \"sapMCbBg\")]"}
COMMAND: POST /session/416ca3a003057b96434a2425fa5e92e2/element/f.E04F53A89B741A5C45B2DD6DE3A1F810.d.33EB14D81C64B8C96BA9C4B9BB08E2C8.e.6556/click - {}
RESULT: {}
RESULT: {}
COMMAND: GET /session/416ca3a003057b96434a2425fa5e92e2/screenshot - {}
RESULT: {}
COMMAND: POST /session/416ca3a003057b96434a2425fa5e92e2/element - {"using":"xpath","value":"//bdi[contains(text(), \"Check\")]"}
RESULT: {"using":"xpath","value":"//bdi[contains(text(), \"Check\")]"}
COMMAND: POST /session/416ca3a003057b96434a2425fa5e92e2/element/f.E04F53A89B741A5C45B2DD6DE3A1F810.d.33EB14D81C64B8C96BA9C4B9BB08E2C8.e.6608/click - {}
RESULT: {}
COMMAND: GET /session/416ca3a003057b96434a2425fa5e92e2/screenshot - {}
RESULT: {}
COMMAND: POST /session/416ca3a003057b96434a2425fa5e92e2/element - {"using":"xpath","value":"//bdi[contains(text(), \"OK\")]"}
RESULT: {"using":"xpath","value":"//bdi[contains(text(), \"OK\")]"}
COMMAND: POST /session/416ca3a003057b96434a2425fa5e92e2/element/f.E04F53A89B741A5C45B2DD6DE3A1F810.d.33EB14D81C64B8C96BA9C4B9BB08E2C8.e.6611/click - {}
RESULT: {}
COMMAND: GET /session/416ca3a003057b96434a2425fa5e92e2/screenshot - {}
RESULT: {}
COMMAND: POST /session/416ca3a003057b96434a2425fa5e92e2/element - {"using":"xpath","value":"(//span[contains(text(), \"CO/SD checked\")]/parent::div/preceding-sibling::div/span)[1]"}
RESULT: {"using":"xpath","value":"(//span[contains(text(), \"CO/SD checked\")]/parent::div/preceding-sibling::div/span)[1]"}
COMMAND: POST /session/416ca3a003057b96434a2425fa5e92e2/element/f.E04F53A89B741A5C45B2DD6DE3A1F810.d.33EB14D81C64B8C96BA9C4B9BB08E2C8.e.6613/click - {}
RESULT: {}
COMMAND: GET /session/416ca3a003057b96434a2425fa5e92e2/screenshot - {}
RESULT: {}
COMMAND: POST /session/416ca3a003057b96434a2425fa5e92e2/element - {"using":"xpath","value":"//input[contains(@id ,\"application-billingtransfer-display-component---billingWorkbench--smartFilterBar-btnBasicSearch\")]"}
RESULT: {"using":"xpath","value":"//input[contains(@id ,\"application-billingtransfer-display-component---billingWorkbench--smartFilterBar-btnBasicSearch\")]"}
COMMAND: POST /session/416ca3a003057b96434a2425fa5e92e2/elements - {"using":"xpath","value":"//input[contains(@id ,\"application-billingtransfer-display-component---billingWorkbench--smartFilterBar-btnBasicSearch\")]"}
RESULT: {"using":"xpath","value":"//input[contains(@id ,\"application-billingtransfer-display-component---billingWorkbench--smartFilterBar-btnBasicSearch\")]"}
COMMAND: POST /session/416ca3a003057b96434a2425fa5e92e2/execute/sync - {"script":"<script> [8489 bytes]","args":[{"element-6066-11e4-a52e-4f735466cecf":"f.E04F53A89B741A5C45B2DD6DE3A1F810.d.33EB14D81C64B8C96BA9C4B9BB08E2C8.e.6471","ELEMENT":"f.E04F53A89B741A5C45B2DD6DE3A1F810.d.33EB14D81C64B8C96BA9C4B9BB08E2C8.e.6471"}]}
RESULT: {"script":"<script> [8489 bytes]","args":[{"element-6066-11e4-a52e-4f735466cecf":"f.E04F53A89B741A5C45B2DD6DE3A1F810.d.33EB14D81C64B8C96BA9C4B9BB08E2C8.e.6471","ELEMENT":"f.E04F53A89B741A5C45B2DD6DE3A1F810.d.33EB14D81C64B8C96BA9C4B9BB08E2C8.e.6471"}]}
COMMAND: GET /session/416ca3a003057b96434a2425fa5e92e2/element/f.E04F53A89B741A5C45B2DD6DE3A1F810.d.33EB14D81C64B8C96BA9C4B9BB08E2C8.e.6471/enabled - {}
COMMAND: GET /session/416ca3a003057b96434a2425fa5e92e2/screenshot - {}
RESULT: {}
COMMAND: POST /session/416ca3a003057b96434a2425fa5e92e2/element/f.E04F53A89B741A5C45B2DD6DE3A1F810.d.33EB14D81C64B8C96BA9C4B9BB08E2C8.e.6471/click - {}
COMMAND: GET /session/416ca3a003057b96434a2425fa5e92e2/screenshot - {}
RESULT: {}
RESULT: {}
COMMAND: GET /session/416ca3a003057b96434a2425fa5e92e2/screenshot - {}
RESULT: {}
RESULT: {}
COMMAND: POST /session/416ca3a003057b96434a2425fa5e92e2/element/f.E04F53A89B741A5C45B2DD6DE3A1F810.d.33EB14D81C64B8C96BA9C4B9BB08E2C8.e.6471/clear - {}
RESULT: {}
COMMAND: POST /session/416ca3a003057b96434a2425fa5e92e2/element/f.E04F53A89B741A5C45B2DD6DE3A1F810.d.33EB14D81C64B8C96BA9C4B9BB08E2C8.e.6471/value - {"text":"10214"}
COMMAND: GET /session/416ca3a003057b96434a2425fa5e92e2/screenshot - {}
RESULT: {"text":"10214"}
COMMAND: POST /session/416ca3a003057b96434a2425fa5e92e2/actions - {"actions":[{"id":"action22","type":"key","parameters":{},"actions":[{"type":"keyDown","value":"î€‡"},{"type":"pause","duration":10},{"type":"keyUp","value":"î€‡"}]}]}
COMMAND: GET /session/416ca3a003057b96434a2425fa5e92e2/screenshot - {}
RESULT: {}
RESULT: {"actions":[{"id":"action22","type":"key","parameters":{},"actions":[{"type":"keyDown","value":"î€‡"},{"type":"pause","duration":10},{"type":"keyUp","value":"î€‡"}]}]}
COMMAND: GET /session/416ca3a003057b96434a2425fa5e92e2/screenshot - {}
RESULT: {}
RESULT: {}
COMMAND: POST /session/416ca3a003057b96434a2425fa5e92e2/element - {"using":"xpath","value":"//span[contains(@id ,\"application-billingtransfer-display-component---billingWorkbench--smartTableBillingRuns-header-inner\")]"}
RESULT: {"using":"xpath","value":"//span[contains(@id ,\"application-billingtransfer-display-component---billingWorkbench--smartTableBillingRuns-header-inner\")]"}
COMMAND: POST /session/416ca3a003057b96434a2425fa5e92e2/elements - {"using":"xpath","value":"//span[contains(@id ,\"application-billingtransfer-display-component---billingWorkbench--smartTableBillingRuns-header-inner\")]"}
RESULT: {"using":"xpath","value":"//span[contains(@id ,\"application-billingtransfer-display-component---billingWorkbench--smartTableBillingRuns-header-inner\")]"}
COMMAND: POST /session/416ca3a003057b96434a2425fa5e92e2/execute/sync - {"script":"<script> [56 bytes]","args":[{"element-6066-11e4-a52e-4f735466cecf":"f.E04F53A89B741A5C45B2DD6DE3A1F810.d.33EB14D81C64B8C96BA9C4B9BB08E2C8.e.6607","ELEMENT":"f.E04F53A89B741A5C45B2DD6DE3A1F810.d.33EB14D81C64B8C96BA9C4B9BB08E2C8.e.6607"}]}
RESULT: {"script":"<script> [56 bytes]","args":[{"element-6066-11e4-a52e-4f735466cecf":"f.E04F53A89B741A5C45B2DD6DE3A1F810.d.33EB14D81C64B8C96BA9C4B9BB08E2C8.e.6607","ELEMENT":"f.E04F53A89B741A5C45B2DD6DE3A1F810.d.33EB14D81C64B8C96BA9C4B9BB08E2C8.e.6607"}]}
COMMAND: POST /session/416ca3a003057b96434a2425fa5e92e2/element - {"using":"xpath","value":"//td[@aria-colindex=\"1\"]/div/div[contains(@class, \"sapMCbBg\")]"}
COMMAND: GET /session/416ca3a003057b96434a2425fa5e92e2/screenshot - {}
RESULT: {"using":"xpath","value":"//td[@aria-colindex=\"1\"]/div/div[contains(@class, \"sapMCbBg\")]"}
COMMAND: POST /session/416ca3a003057b96434a2425fa5e92e2/element/f.E04F53A89B741A5C45B2DD6DE3A1F810.d.33EB14D81C64B8C96BA9C4B9BB08E2C8.e.6617/click - {}
RESULT: {}
RESULT: {}
COMMAND: GET /session/416ca3a003057b96434a2425fa5e92e2/screenshot - {}
RESULT: {}
COMMAND: POST /session/416ca3a003057b96434a2425fa5e92e2/element - {"using":"xpath","value":"//bdi[text()=\"Transfer\"]"}
RESULT: {"using":"xpath","value":"//bdi[text()=\"Transfer\"]"}
COMMAND: POST /session/416ca3a003057b96434a2425fa5e92e2/element/f.E04F53A89B741A5C45B2DD6DE3A1F810.d.33EB14D81C64B8C96BA9C4B9BB08E2C8.e.6618/click - {}
RESULT: {}
COMMAND: GET /session/416ca3a003057b96434a2425fa5e92e2/screenshot - {}
RESULT: {}
COMMAND: POST /session/416ca3a003057b96434a2425fa5e92e2/element - {"using":"xpath","value":"//bdi[contains(text(), \"OK\")]"}
RESULT: {"using":"xpath","value":"//bdi[contains(text(), \"OK\")]"}
COMMAND: POST /session/416ca3a003057b96434a2425fa5e92e2/element/f.E04F53A89B741A5C45B2DD6DE3A1F810.d.33EB14D81C64B8C96BA9C4B9BB08E2C8.e.6621/click - {}
RESULT: {}
COMMAND: GET /session/416ca3a003057b96434a2425fa5e92e2/screenshot - {}
RESULT: {}
COMMAND: POST /session/416ca3a003057b96434a2425fa5e92e2/element - {"using":"xpath","value":"(//span[contains(text(), \"Invoice open\")]/parent::div/preceding-sibling::div/span)[1]"}
RESULT: {"using":"xpath","value":"(//span[contains(text(), \"Invoice open\")]/parent::div/preceding-sibling::div/span)[1]"}
COMMAND: POST /session/416ca3a003057b96434a2425fa5e92e2/element/f.E04F53A89B741A5C45B2DD6DE3A1F810.d.33EB14D81C64B8C96BA9C4B9BB08E2C8.e.6630/click - {}
RESULT: {}
COMMAND: GET /session/416ca3a003057b96434a2425fa5e92e2/screenshot - {}
RESULT: {}
COMMAND: POST /session/416ca3a003057b96434a2425fa5e92e2/element - {"using":"xpath","value":"//input[contains(@id ,\"application-billingtransfer-display-component---billingWorkbench--smartFilterBar-btnBasicSearch\")]"}
RESULT: {"using":"xpath","value":"//input[contains(@id ,\"application-billingtransfer-display-component---billingWorkbench--smartFilterBar-btnBasicSearch\")]"}
COMMAND: POST /session/416ca3a003057b96434a2425fa5e92e2/elements - {"using":"xpath","value":"//input[contains(@id ,\"application-billingtransfer-display-component---billingWorkbench--smartFilterBar-btnBasicSearch\")]"}
RESULT: {"using":"xpath","value":"//input[contains(@id ,\"application-billingtransfer-display-component---billingWorkbench--smartFilterBar-btnBasicSearch\")]"}
COMMAND: POST /session/416ca3a003057b96434a2425fa5e92e2/execute/sync - {"script":"<script> [8489 bytes]","args":[{"element-6066-11e4-a52e-4f735466cecf":"f.E04F53A89B741A5C45B2DD6DE3A1F810.d.33EB14D81C64B8C96BA9C4B9BB08E2C8.e.6471","ELEMENT":"f.E04F53A89B741A5C45B2DD6DE3A1F810.d.33EB14D81C64B8C96BA9C4B9BB08E2C8.e.6471"}]}
RESULT: {"script":"<script> [8489 bytes]","args":[{"element-6066-11e4-a52e-4f735466cecf":"f.E04F53A89B741A5C45B2DD6DE3A1F810.d.33EB14D81C64B8C96BA9C4B9BB08E2C8.e.6471","ELEMENT":"f.E04F53A89B741A5C45B2DD6DE3A1F810.d.33EB14D81C64B8C96BA9C4B9BB08E2C8.e.6471"}]}
COMMAND: GET /session/416ca3a003057b96434a2425fa5e92e2/element/f.E04F53A89B741A5C45B2DD6DE3A1F810.d.33EB14D81C64B8C96BA9C4B9BB08E2C8.e.6471/enabled - {}
COMMAND: GET /session/416ca3a003057b96434a2425fa5e92e2/screenshot - {}
RESULT: {}
COMMAND: POST /session/416ca3a003057b96434a2425fa5e92e2/element/f.E04F53A89B741A5C45B2DD6DE3A1F810.d.33EB14D81C64B8C96BA9C4B9BB08E2C8.e.6471/click - {}
COMMAND: GET /session/416ca3a003057b96434a2425fa5e92e2/screenshot - {}
RESULT: {}
RESULT: {}
COMMAND: GET /session/416ca3a003057b96434a2425fa5e92e2/screenshot - {}
RESULT: {}
RESULT: {}
COMMAND: POST /session/416ca3a003057b96434a2425fa5e92e2/element/f.E04F53A89B741A5C45B2DD6DE3A1F810.d.33EB14D81C64B8C96BA9C4B9BB08E2C8.e.6471/clear - {}
RESULT: {}
COMMAND: POST /session/416ca3a003057b96434a2425fa5e92e2/element/f.E04F53A89B741A5C45B2DD6DE3A1F810.d.33EB14D81C64B8C96BA9C4B9BB08E2C8.e.6471/value - {"text":"10214"}
COMMAND: GET /session/416ca3a003057b96434a2425fa5e92e2/screenshot - {}
RESULT: {"text":"10214"}
COMMAND: POST /session/416ca3a003057b96434a2425fa5e92e2/actions - {"actions":[{"id":"action23","type":"key","parameters":{},"actions":[{"type":"keyDown","value":"î€‡"},{"type":"pause","duration":10},{"type":"keyUp","value":"î€‡"}]}]}
COMMAND: GET /session/416ca3a003057b96434a2425fa5e92e2/screenshot - {}
RESULT: {}
RESULT: {"actions":[{"id":"action23","type":"key","parameters":{},"actions":[{"type":"keyDown","value":"î€‡"},{"type":"pause","duration":10},{"type":"keyUp","value":"î€‡"}]}]}
COMMAND: GET /session/416ca3a003057b96434a2425fa5e92e2/screenshot - {}
RESULT: {}
RESULT: {}
COMMAND: POST /session/416ca3a003057b96434a2425fa5e92e2/element - {"using":"xpath","value":"//span[contains(@id ,\"application-billingtransfer-display-component---billingWorkbench--smartTableBillingRuns-header-inner\")]"}
RESULT: {"using":"xpath","value":"//span[contains(@id ,\"application-billingtransfer-display-component---billingWorkbench--smartTableBillingRuns-header-inner\")]"}
COMMAND: POST /session/416ca3a003057b96434a2425fa5e92e2/elements - {"using":"xpath","value":"//span[contains(@id ,\"application-billingtransfer-display-component---billingWorkbench--smartTableBillingRuns-header-inner\")]"}
RESULT: {"using":"xpath","value":"//span[contains(@id ,\"application-billingtransfer-display-component---billingWorkbench--smartTableBillingRuns-header-inner\")]"}
COMMAND: POST /session/416ca3a003057b96434a2425fa5e92e2/execute/sync - {"script":"<script> [56 bytes]","args":[{"element-6066-11e4-a52e-4f735466cecf":"f.E04F53A89B741A5C45B2DD6DE3A1F810.d.33EB14D81C64B8C96BA9C4B9BB08E2C8.e.6607","ELEMENT":"f.E04F53A89B741A5C45B2DD6DE3A1F810.d.33EB14D81C64B8C96BA9C4B9BB08E2C8.e.6607"}]}
RESULT: {"script":"<script> [56 bytes]","args":[{"element-6066-11e4-a52e-4f735466cecf":"f.E04F53A89B741A5C45B2DD6DE3A1F810.d.33EB14D81C64B8C96BA9C4B9BB08E2C8.e.6607","ELEMENT":"f.E04F53A89B741A5C45B2DD6DE3A1F810.d.33EB14D81C64B8C96BA9C4B9BB08E2C8.e.6607"}]}
COMMAND: GET /session/416ca3a003057b96434a2425fa5e92e2/screenshot - {}
RESULT: {}
COMMAND: POST /session/416ca3a003057b96434a2425fa5e92e2/execute/sync - {"script":"<script> [56 bytes]","args":[{"element-6066-11e4-a52e-4f735466cecf":"f.E04F53A89B741A5C45B2DD6DE3A1F810.d.33EB14D81C64B8C96BA9C4B9BB08E2C8.e.6607","ELEMENT":"f.E04F53A89B741A5C45B2DD6DE3A1F810.d.33EB14D81C64B8C96BA9C4B9BB08E2C8.e.6607"}]}
RESULT: {"script":"<script> [56 bytes]","args":[{"element-6066-11e4-a52e-4f735466cecf":"f.E04F53A89B741A5C45B2DD6DE3A1F810.d.33EB14D81C64B8C96BA9C4B9BB08E2C8.e.6607","ELEMENT":"f.E04F53A89B741A5C45B2DD6DE3A1F810.d.33EB14D81C64B8C96BA9C4B9BB08E2C8.e.6607"}]}
COMMAND: GET /session/416ca3a003057b96434a2425fa5e92e2/screenshot - {}
RESULT: {}
COMMAND: POST /session/416ca3a003057b96434a2425fa5e92e2/execute/sync - {"script":"<script> [56 bytes]","args":[{"element-6066-11e4-a52e-4f735466cecf":"f.E04F53A89B741A5C45B2DD6DE3A1F810.d.33EB14D81C64B8C96BA9C4B9BB08E2C8.e.6607","ELEMENT":"f.E04F53A89B741A5C45B2DD6DE3A1F810.d.33EB14D81C64B8C96BA9C4B9BB08E2C8.e.6607"}]}
RESULT: {"script":"<script> [56 bytes]","args":[{"element-6066-11e4-a52e-4f735466cecf":"f.E04F53A89B741A5C45B2DD6DE3A1F810.d.33EB14D81C64B8C96BA9C4B9BB08E2C8.e.6607","ELEMENT":"f.E04F53A89B741A5C45B2DD6DE3A1F810.d.33EB14D81C64B8C96BA9C4B9BB08E2C8.e.6607"}]}
COMMAND: GET /session/416ca3a003057b96434a2425fa5e92e2/screenshot - {}
RESULT: {}
COMMAND: POST /session/416ca3a003057b96434a2425fa5e92e2/execute/sync - {"script":"<script> [56 bytes]","args":[{"element-6066-11e4-a52e-4f735466cecf":"f.E04F53A89B741A5C45B2DD6DE3A1F810.d.33EB14D81C64B8C96BA9C4B9BB08E2C8.e.6607","ELEMENT":"f.E04F53A89B741A5C45B2DD6DE3A1F810.d.33EB14D81C64B8C96BA9C4B9BB08E2C8.e.6607"}]}
RESULT: {"script":"<script> [56 bytes]","args":[{"element-6066-11e4-a52e-4f735466cecf":"f.E04F53A89B741A5C45B2DD6DE3A1F810.d.33EB14D81C64B8C96BA9C4B9BB08E2C8.e.6607","ELEMENT":"f.E04F53A89B741A5C45B2DD6DE3A1F810.d.33EB14D81C64B8C96BA9C4B9BB08E2C8.e.6607"}]}
COMMAND: GET /session/416ca3a003057b96434a2425fa5e92e2/screenshot - {}
RESULT: {}
COMMAND: POST /session/416ca3a003057b96434a2425fa5e92e2/execute/sync - {"script":"<script> [56 bytes]","args":[{"element-6066-11e4-a52e-4f735466cecf":"f.E04F53A89B741A5C45B2DD6DE3A1F810.d.33EB14D81C64B8C96BA9C4B9BB08E2C8.e.6607","ELEMENT":"f.E04F53A89B741A5C45B2DD6DE3A1F810.d.33EB14D81C64B8C96BA9C4B9BB08E2C8.e.6607"}]}
RESULT: {"script":"<script> [56 bytes]","args":[{"element-6066-11e4-a52e-4f735466cecf":"f.E04F53A89B741A5C45B2DD6DE3A1F810.d.33EB14D81C64B8C96BA9C4B9BB08E2C8.e.6607","ELEMENT":"f.E04F53A89B741A5C45B2DD6DE3A1F810.d.33EB14D81C64B8C96BA9C4B9BB08E2C8.e.6607"}]}
COMMAND: GET /session/416ca3a003057b96434a2425fa5e92e2/screenshot - {}
RESULT: {}
COMMAND: POST /session/416ca3a003057b96434a2425fa5e92e2/execute/sync - {"script":"<script> [56 bytes]","args":[{"element-6066-11e4-a52e-4f735466cecf":"f.E04F53A89B741A5C45B2DD6DE3A1F810.d.33EB14D81C64B8C96BA9C4B9BB08E2C8.e.6607","ELEMENT":"f.E04F53A89B741A5C45B2DD6DE3A1F810.d.33EB14D81C64B8C96BA9C4B9BB08E2C8.e.6607"}]}
RESULT: {"script":"<script> [56 bytes]","args":[{"element-6066-11e4-a52e-4f735466cecf":"f.E04F53A89B741A5C45B2DD6DE3A1F810.d.33EB14D81C64B8C96BA9C4B9BB08E2C8.e.6607","ELEMENT":"f.E04F53A89B741A5C45B2DD6DE3A1F810.d.33EB14D81C64B8C96BA9C4B9BB08E2C8.e.6607"}]}
COMMAND: GET /session/416ca3a003057b96434a2425fa5e92e2/screenshot - {}
RESULT: {}
COMMAND: POST /session/416ca3a003057b96434a2425fa5e92e2/execute/sync - {"script":"<script> [56 bytes]","args":[{"element-6066-11e4-a52e-4f735466cecf":"f.E04F53A89B741A5C45B2DD6DE3A1F810.d.33EB14D81C64B8C96BA9C4B9BB08E2C8.e.6607","ELEMENT":"f.E04F53A89B741A5C45B2DD6DE3A1F810.d.33EB14D81C64B8C96BA9C4B9BB08E2C8.e.6607"}]}
RESULT: {"script":"<script> [56 bytes]","args":[{"element-6066-11e4-a52e-4f735466cecf":"f.E04F53A89B741A5C45B2DD6DE3A1F810.d.33EB14D81C64B8C96BA9C4B9BB08E2C8.e.6607","ELEMENT":"f.E04F53A89B741A5C45B2DD6DE3A1F810.d.33EB14D81C64B8C96BA9C4B9BB08E2C8.e.6607"}]}
COMMAND: GET /session/416ca3a003057b96434a2425fa5e92e2/screenshot - {}
RESULT: {}
COMMAND: POST /session/416ca3a003057b96434a2425fa5e92e2/execute/sync - {"script":"<script> [56 bytes]","args":[{"element-6066-11e4-a52e-4f735466cecf":"f.E04F53A89B741A5C45B2DD6DE3A1F810.d.33EB14D81C64B8C96BA9C4B9BB08E2C8.e.6607","ELEMENT":"f.E04F53A89B741A5C45B2DD6DE3A1F810.d.33EB14D81C64B8C96BA9C4B9BB08E2C8.e.6607"}]}
RESULT: {"script":"<script> [56 bytes]","args":[{"element-6066-11e4-a52e-4f735466cecf":"f.E04F53A89B741A5C45B2DD6DE3A1F810.d.33EB14D81C64B8C96BA9C4B9BB08E2C8.e.6607","ELEMENT":"f.E04F53A89B741A5C45B2DD6DE3A1F810.d.33EB14D81C64B8C96BA9C4B9BB08E2C8.e.6607"}]}
COMMAND: GET /session/416ca3a003057b96434a2425fa5e92e2/screenshot - {}
RESULT: {}
COMMAND: POST /session/416ca3a003057b96434a2425fa5e92e2/execute/sync - {"script":"<script> [56 bytes]","args":[{"element-6066-11e4-a52e-4f735466cecf":"f.E04F53A89B741A5C45B2DD6DE3A1F810.d.33EB14D81C64B8C96BA9C4B9BB08E2C8.e.6607","ELEMENT":"f.E04F53A89B741A5C45B2DD6DE3A1F810.d.33EB14D81C64B8C96BA9C4B9BB08E2C8.e.6607"}]}
RESULT: {"script":"<script> [56 bytes]","args":[{"element-6066-11e4-a52e-4f735466cecf":"f.E04F53A89B741A5C45B2DD6DE3A1F810.d.33EB14D81C64B8C96BA9C4B9BB08E2C8.e.6607","ELEMENT":"f.E04F53A89B741A5C45B2DD6DE3A1F810.d.33EB14D81C64B8C96BA9C4B9BB08E2C8.e.6607"}]}
COMMAND: GET /session/416ca3a003057b96434a2425fa5e92e2/screenshot - {}
RESULT: {}
COMMAND: POST /session/416ca3a003057b96434a2425fa5e92e2/execute/sync - {"script":"<script> [56 bytes]","args":[{"element-6066-11e4-a52e-4f735466cecf":"f.E04F53A89B741A5C45B2DD6DE3A1F810.d.33EB14D81C64B8C96BA9C4B9BB08E2C8.e.6607","ELEMENT":"f.E04F53A89B741A5C45B2DD6DE3A1F810.d.33EB14D81C64B8C96BA9C4B9BB08E2C8.e.6607"}]}
RESULT: {"script":"<script> [56 bytes]","args":[{"element-6066-11e4-a52e-4f735466cecf":"f.E04F53A89B741A5C45B2DD6DE3A1F810.d.33EB14D81C64B8C96BA9C4B9BB08E2C8.e.6607","ELEMENT":"f.E04F53A89B741A5C45B2DD6DE3A1F810.d.33EB14D81C64B8C96BA9C4B9BB08E2C8.e.6607"}]}
COMMAND: GET /session/416ca3a003057b96434a2425fa5e92e2/screenshot - {}
RESULT: {}
COMMAND: POST /session/416ca3a003057b96434a2425fa5e92e2/execute/sync - {"script":"<script> [56 bytes]","args":[{"element-6066-11e4-a52e-4f735466cecf":"f.E04F53A89B741A5C45B2DD6DE3A1F810.d.33EB14D81C64B8C96BA9C4B9BB08E2C8.e.6607","ELEMENT":"f.E04F53A89B741A5C45B2DD6DE3A1F810.d.33EB14D81C64B8C96BA9C4B9BB08E2C8.e.6607"}]}
RESULT: {"script":"<script> [56 bytes]","args":[{"element-6066-11e4-a52e-4f735466cecf":"f.E04F53A89B741A5C45B2DD6DE3A1F810.d.33EB14D81C64B8C96BA9C4B9BB08E2C8.e.6607","ELEMENT":"f.E04F53A89B741A5C45B2DD6DE3A1F810.d.33EB14D81C64B8C96BA9C4B9BB08E2C8.e.6607"}]}
COMMAND: GET /session/416ca3a003057b96434a2425fa5e92e2/screenshot - {}
RESULT: {}
COMMAND: POST /session/416ca3a003057b96434a2425fa5e92e2/execute/sync - {"script":"<script> [56 bytes]","args":[{"element-6066-11e4-a52e-4f735466cecf":"f.E04F53A89B741A5C45B2DD6DE3A1F810.d.33EB14D81C64B8C96BA9C4B9BB08E2C8.e.6607","ELEMENT":"f.E04F53A89B741A5C45B2DD6DE3A1F810.d.33EB14D81C64B8C96BA9C4B9BB08E2C8.e.6607"}]}
RESULT: {"script":"<script> [56 bytes]","args":[{"element-6066-11e4-a52e-4f735466cecf":"f.E04F53A89B741A5C45B2DD6DE3A1F810.d.33EB14D81C64B8C96BA9C4B9BB08E2C8.e.6607","ELEMENT":"f.E04F53A89B741A5C45B2DD6DE3A1F810.d.33EB14D81C64B8C96BA9C4B9BB08E2C8.e.6607"}]}
COMMAND: GET /session/416ca3a003057b96434a2425fa5e92e2/screenshot - {}
RESULT: {}
COMMAND: POST /session/416ca3a003057b96434a2425fa5e92e2/execute/sync - {"script":"<script> [56 bytes]","args":[{"element-6066-11e4-a52e-4f735466cecf":"f.E04F53A89B741A5C45B2DD6DE3A1F810.d.33EB14D81C64B8C96BA9C4B9BB08E2C8.e.6607","ELEMENT":"f.E04F53A89B741A5C45B2DD6DE3A1F810.d.33EB14D81C64B8C96BA9C4B9BB08E2C8.e.6607"}]}
RESULT: {"script":"<script> [56 bytes]","args":[{"element-6066-11e4-a52e-4f735466cecf":"f.E04F53A89B741A5C45B2DD6DE3A1F810.d.33EB14D81C64B8C96BA9C4B9BB08E2C8.e.6607","ELEMENT":"f.E04F53A89B741A5C45B2DD6DE3A1F810.d.33EB14D81C64B8C96BA9C4B9BB08E2C8.e.6607"}]}
COMMAND: GET /session/416ca3a003057b96434a2425fa5e92e2/screenshot - {}
COMMAND: POST /session/416ca3a003057b96434a2425fa5e92e2/execute/sync - {"script":"<script> [56 bytes]","args":[{"element-6066-11e4-a52e-4f735466cecf":"f.E04F53A89B741A5C45B2DD6DE3A1F810.d.33EB14D81C64B8C96BA9C4B9BB08E2C8.e.6607","ELEMENT":"f.E04F53A89B741A5C45B2DD6DE3A1F810.d.33EB14D81C64B8C96BA9C4B9BB08E2C8.e.6607"}]}
RESULT: {}
RESULT: {"script":"<script> [56 bytes]","args":[{"element-6066-11e4-a52e-4f735466cecf":"f.E04F53A89B741A5C45B2DD6DE3A1F810.d.33EB14D81C64B8C96BA9C4B9BB08E2C8.e.6607","ELEMENT":"f.E04F53A89B741A5C45B2DD6DE3A1F810.d.33EB14D81C64B8C96BA9C4B9BB08E2C8.e.6607"}]}
COMMAND: POST /session/416ca3a003057b96434a2425fa5e92e2/element - {"using":"css selector","value":"#shell-header-logo"}
COMMAND: GET /session/416ca3a003057b96434a2425fa5e92e2/screenshot - {}
RESULT: {"using":"css selector","value":"#shell-header-logo"}
COMMAND: POST /session/416ca3a003057b96434a2425fa5e92e2/element/f.E04F53A89B741A5C45B2DD6DE3A1F810.d.33EB14D81C64B8C96BA9C4B9BB08E2C8.e.6476/click - {}
RESULT: {}
RESULT: {}
COMMAND: GET /session/416ca3a003057b96434a2425fa5e92e2/screenshot - {}
RESULT: {}
COMMAND: POST /session/416ca3a003057b96434a2425fa5e92e2/element - {"using":"css selector","value":"#j_username"}
COMMAND: POST /session/416ca3a003057b96434a2425fa5e92e2/url - {"url":"https://qa-testing-00-live-etm-ui.cfapps.eu10-004.hana.ondemand.com/"}
RESULT: {"using":"css selector","value":"#j_username"}
COMMAND: POST /session/416ca3a003057b96434a2425fa5e92e2/element - {"using":"css selector","value":"#j_username"}
RESULT: {"url":"https://qa-testing-00-live-etm-ui.cfapps.eu10-004.hana.ondemand.com/"}
RESULT: undefined
COMMAND: GET /session/416ca3a003057b96434a2425fa5e92e2/screenshot - {}
RESULT: {"using":"css selector","value":"#j_username"}
COMMAND: POST /session/416ca3a003057b96434a2425fa5e92e2/element - {"using":"css selector","value":"#shell-header-logo"}
RESULT: {}
RESULT: {"using":"css selector","value":"#shell-header-logo"}
COMMAND: POST /session/416ca3a003057b96434a2425fa5e92e2/execute/sync - {"script":"<script> [8489 bytes]","args":[{"element-6066-11e4-a52e-4f735466cecf":"f.E04F53A89B741A5C45B2DD6DE3A1F810.d.9DB9B0099E18E2D0B90BBB19AB50663F.e.6644","ELEMENT":"f.E04F53A89B741A5C45B2DD6DE3A1F810.d.9DB9B0099E18E2D0B90BBB19AB50663F.e.6644"}]}
RESULT: {"script":"<script> [8489 bytes]","args":[{"element-6066-11e4-a52e-4f735466cecf":"f.E04F53A89B741A5C45B2DD6DE3A1F810.d.9DB9B0099E18E2D0B90BBB19AB50663F.e.6644","ELEMENT":"f.E04F53A89B741A5C45B2DD6DE3A1F810.d.9DB9B0099E18E2D0B90BBB19AB50663F.e.6644"}]}
COMMAND: POST /session/416ca3a003057b96434a2425fa5e92e2/element - {"using":"css selector","value":"#shell-header-logo"}
COMMAND: GET /session/416ca3a003057b96434a2425fa5e92e2/screenshot - {}
RESULT: {"using":"css selector","value":"#shell-header-logo"}
COMMAND: POST /session/416ca3a003057b96434a2425fa5e92e2/execute/sync - {"script":"<script> [8489 bytes]","args":[{"element-6066-11e4-a52e-4f735466cecf":"f.E04F53A89B741A5C45B2DD6DE3A1F810.d.9DB9B0099E18E2D0B90BBB19AB50663F.e.6644","ELEMENT":"f.E04F53A89B741A5C45B2DD6DE3A1F810.d.9DB9B0099E18E2D0B90BBB19AB50663F.e.6644"}]}
RESULT: {}
RESULT: {"script":"<script> [8489 bytes]","args":[{"element-6066-11e4-a52e-4f735466cecf":"f.E04F53A89B741A5C45B2DD6DE3A1F810.d.9DB9B0099E18E2D0B90BBB19AB50663F.e.6644","ELEMENT":"f.E04F53A89B741A5C45B2DD6DE3A1F810.d.9DB9B0099E18E2D0B90BBB19AB50663F.e.6644"}]}
COMMAND: POST /session/416ca3a003057b96434a2425fa5e92e2/execute/sync - {"script":"<script> [5351 bytes]","args":[{"element-6066-11e4-a52e-4f735466cecf":"f.E04F53A89B741A5C45B2DD6DE3A1F810.d.9DB9B0099E18E2D0B90BBB19AB50663F.e.6644","ELEMENT":"f.E04F53A89B741A5C45B2DD6DE3A1F810.d.9DB9B0099E18E2D0B90BBB19AB50663F.e.6644"}]}
COMMAND: GET /session/416ca3a003057b96434a2425fa5e92e2/screenshot - {}
RESULT: {"script":"<script> [5351 bytes]","args":[{"element-6066-11e4-a52e-4f735466cecf":"f.E04F53A89B741A5C45B2DD6DE3A1F810.d.9DB9B0099E18E2D0B90BBB19AB50663F.e.6644","ELEMENT":"f.E04F53A89B741A5C45B2DD6DE3A1F810.d.9DB9B0099E18E2D0B90BBB19AB50663F.e.6644"}]}
COMMAND: POST /session/416ca3a003057b96434a2425fa5e92e2/element - {"using":"css selector","value":"#shell-header-logo"}
COMMAND: GET /session/416ca3a003057b96434a2425fa5e92e2/screenshot - {}
RESULT: {}
RESULT: {"using":"css selector","value":"#shell-header-logo"}
COMMAND: POST /session/416ca3a003057b96434a2425fa5e92e2/element/f.E04F53A89B741A5C45B2DD6DE3A1F810.d.9DB9B0099E18E2D0B90BBB19AB50663F.e.6644/click - {}
RESULT: {}
RESULT: {}
COMMAND: GET /session/416ca3a003057b96434a2425fa5e92e2/screenshot - {}
RESULT: {}
COMMAND: POST /session/416ca3a003057b96434a2425fa5e92e2/execute/async - {"script":"<script> [189 bytes]","args":[]}
RESULT: {"script":"<script> [189 bytes]","args":[]}
COMMAND: POST /session/416ca3a003057b96434a2425fa5e92e2/execute/async - {"script":"<script> [123 bytes]","args":[]}
RESULT: {"script":"<script> [123 bytes]","args":[]}
COMMAND: POST /session/416ca3a003057b96434a2425fa5e92e2/timeouts - {"script":"<number>"}
RESULT: {"script":"<number>"}
COMMAND: GET /session/416ca3a003057b96434a2425fa5e92e2/timeouts - {}
RESULT: {}
RESULT: undefined
COMMAND: POST /session/416ca3a003057b96434a2425fa5e92e2/execute/async - {"script":"<script> [2676 bytes]","args":[]}
RESULT: {"script":"<script> [2676 bytes]","args":[]}
COMMAND: POST /session/416ca3a003057b96434a2425fa5e92e2/execute/async - {"script":"<script> [2342 bytes]","args":[{"protocol":"http","hostname":"0.0.0.0","path":"/","capabilities":{"browserName":"chrome","goog:chromeOptions":{"binary":"C:\\Program Files\\Google\\Chrome\\Application\\chrome.exe","args":["--start-maximized"]}},"logLevel":"warn","connectionRetryTimeout":120000,"connectionRetryCount":3,"logLevels":{},"enableDirectConnect":true,"strictSSL":true,"_":"65 more keys: [\"cacheDir\",\"port\",\"requestedCapabilities\",\"automationProtocol\",\"baseUrl\",\"waitforInterval\",\"waitforTimeout\",\"onReload\",\"beforeCommand\",\"afterCommand\",\"rootDir\",\"specs\",\"suites\",\"exclude\",\"groupLogsByTestSpec\",\"excludeDriverLogs\",\"bail\",\"framework\",\"reporters\",\"services\",\"maxInstances\",\"maxInstancesPerCapability\",\"injectGlobals\",\"filesToWatch\",\"execArgv\",\"runnerEnv\",\"runner\",\"shard\",\"specFileRetries\",\"specFileRetriesDelay\",\"specFileRetriesDeferred\",\"reporterSyncInterval\",\"reporterSyncTimeout\",\"cucumberFeaturesWithLineNumbers\",\"autoCompileOpts\",\"mochaOpts\",\"jasmineOpts\",\"cucumberOpts\",\"onPrepare\",\"onWorkerStart\",\"onWorkerEnd\",\"before\",\"beforeSession\",\"beforeSuite\",\"beforeHook\",\"beforeTest\",\"afterTest\",\"afterHook\",\"afterSuite\",\"afterSession\",\"after\",\"onComplete\",\"beforeAssertion\",\"afterAssertion\",\"beforeFeature\",\"beforeScenario\",\"beforeStep\",\"afterStep\",\"afterScenario\",\"afterFeature\",\"_\",\"suite\",\"$0\",\"ignoredWorkerServices\",\"wdi5\"]"}]}
RESULT: {"script":"<script> [2342 bytes]","args":[{"protocol":"http","hostname":"0.0.0.0","path":"/","capabilities":{"browserName":"chrome","goog:chromeOptions":{"binary":"C:\\Program Files\\Google\\Chrome\\Application\\chrome.exe","args":["--start-maximized"]}},"logLevel":"warn","connectionRetryTimeout":120000,"connectionRetryCount":3,"logLevels":{},"enableDirectConnect":true,"strictSSL":true,"_":"65 more keys: [\"cacheDir\",\"port\",\"requestedCapabilities\",\"automationProtocol\",\"baseUrl\",\"waitforInterval\",\"waitforTimeout\",\"onReload\",\"beforeCommand\",\"afterCommand\",\"rootDir\",\"specs\",\"suites\",\"exclude\",\"groupLogsByTestSpec\",\"excludeDriverLogs\",\"bail\",\"framework\",\"reporters\",\"services\",\"maxInstances\",\"maxInstancesPerCapability\",\"injectGlobals\",\"filesToWatch\",\"execArgv\",\"runnerEnv\",\"runner\",\"shard\",\"specFileRetries\",\"specFileRetriesDelay\",\"specFileRetriesDeferred\",\"reporterSyncInterval\",\"reporterSyncTimeout\",\"cucumberFeaturesWithLineNumbers\",\"autoCompileOpts\",\"mochaOpts\",\"jasmineOpts\",\"cucumberOpts\",\"onPrepare\",\"onWorkerStart\",\"onWorkerEnd\",\"before\",\"beforeSession\",\"beforeSuite\",\"beforeHook\",\"beforeTest\",\"afterTest\",\"afterHook\",\"afterSuite\",\"afterSession\",\"after\",\"onComplete\",\"beforeAssertion\",\"afterAssertion\",\"beforeFeature\",\"beforeScenario\",\"beforeStep\",\"afterStep\",\"afterScenario\",\"afterFeature\",\"_\",\"suite\",\"$0\",\"ignoredWorkerServices\",\"wdi5\"]"}]}
COMMAND: POST /session/416ca3a003057b96434a2425fa5e92e2/execute/async - {"script":"<script> [21126 bytes]","args":[35000]}
RESULT: {"script":"<script> [21126 bytes]","args":[35000]}
COMMAND: POST /session/416ca3a003057b96434a2425fa5e92e2/window/maximize - {}
RESULT: {}
COMMAND: POST /session/416ca3a003057b96434a2425fa5e92e2/execute/async - {"script":"<script> [1562 bytes]","args":[{"selector":{"id":"shell-header","interaction":{"idSuffix":"icon"}},"wdio_ui5_key":"shellheader"}]}
COMMAND: GET /session/416ca3a003057b96434a2425fa5e92e2/screenshot - {}
RESULT: {"script":"<script> [1562 bytes]","args":[{"selector":{"id":"shell-header","interaction":{"idSuffix":"icon"}},"wdio_ui5_key":"shellheader"}]}
RESULT: undefined
COMMAND: POST /session/416ca3a003057b96434a2425fa5e92e2/refresh - {}
RESULT: {}
RESULT: {}
COMMAND: GET /session/416ca3a003057b96434a2425fa5e92e2/screenshot - {}
RESULT: {}
COMMAND: POST /session/416ca3a003057b96434a2425fa5e92e2/refresh - {}
RESULT: {}
COMMAND: GET /session/416ca3a003057b96434a2425fa5e92e2/screenshot - {}
RESULT: {}
COMMAND: POST /session/416ca3a003057b96434a2425fa5e92e2/window/fullscreen - {}
RESULT: {}
COMMAND: POST /session/416ca3a003057b96434a2425fa5e92e2/execute/async - {"script":"<script> [189 bytes]","args":[]}
RESULT: {"script":"<script> [189 bytes]","args":[]}
COMMAND: POST /session/416ca3a003057b96434a2425fa5e92e2/execute/async - {"script":"<script> [123 bytes]","args":[]}
RESULT: {"script":"<script> [123 bytes]","args":[]}
COMMAND: POST /session/416ca3a003057b96434a2425fa5e92e2/timeouts - {"script":"<number>"}
RESULT: {"script":"<number>"}
COMMAND: GET /session/416ca3a003057b96434a2425fa5e92e2/timeouts - {}
RESULT: {}
RESULT: undefined
COMMAND: POST /session/416ca3a003057b96434a2425fa5e92e2/execute/async - {"script":"<script> [2676 bytes]","args":[]}
RESULT: {"script":"<script> [2676 bytes]","args":[]}
COMMAND: POST /session/416ca3a003057b96434a2425fa5e92e2/execute/async - {"script":"<script> [2342 bytes]","args":[{"protocol":"http","hostname":"0.0.0.0","path":"/","capabilities":{"browserName":"chrome","goog:chromeOptions":{"binary":"C:\\Program Files\\Google\\Chrome\\Application\\chrome.exe","args":["--start-maximized"]}},"logLevel":"warn","connectionRetryTimeout":120000,"connectionRetryCount":3,"logLevels":{},"enableDirectConnect":true,"strictSSL":true,"_":"65 more keys: [\"cacheDir\",\"port\",\"requestedCapabilities\",\"automationProtocol\",\"baseUrl\",\"waitforInterval\",\"waitforTimeout\",\"onReload\",\"beforeCommand\",\"afterCommand\",\"rootDir\",\"specs\",\"suites\",\"exclude\",\"groupLogsByTestSpec\",\"excludeDriverLogs\",\"bail\",\"framework\",\"reporters\",\"services\",\"maxInstances\",\"maxInstancesPerCapability\",\"injectGlobals\",\"filesToWatch\",\"execArgv\",\"runnerEnv\",\"runner\",\"shard\",\"specFileRetries\",\"specFileRetriesDelay\",\"specFileRetriesDeferred\",\"reporterSyncInterval\",\"reporterSyncTimeout\",\"cucumberFeaturesWithLineNumbers\",\"autoCompileOpts\",\"mochaOpts\",\"jasmineOpts\",\"cucumberOpts\",\"onPrepare\",\"onWorkerStart\",\"onWorkerEnd\",\"before\",\"beforeSession\",\"beforeSuite\",\"beforeHook\",\"beforeTest\",\"afterTest\",\"afterHook\",\"afterSuite\",\"afterSession\",\"after\",\"onComplete\",\"beforeAssertion\",\"afterAssertion\",\"beforeFeature\",\"beforeScenario\",\"beforeStep\",\"afterStep\",\"afterScenario\",\"afterFeature\",\"_\",\"suite\",\"$0\",\"ignoredWorkerServices\",\"wdi5\"]"}]}
RESULT: {"script":"<script> [2342 bytes]","args":[{"protocol":"http","hostname":"0.0.0.0","path":"/","capabilities":{"browserName":"chrome","goog:chromeOptions":{"binary":"C:\\Program Files\\Google\\Chrome\\Application\\chrome.exe","args":["--start-maximized"]}},"logLevel":"warn","connectionRetryTimeout":120000,"connectionRetryCount":3,"logLevels":{},"enableDirectConnect":true,"strictSSL":true,"_":"65 more keys: [\"cacheDir\",\"port\",\"requestedCapabilities\",\"automationProtocol\",\"baseUrl\",\"waitforInterval\",\"waitforTimeout\",\"onReload\",\"beforeCommand\",\"afterCommand\",\"rootDir\",\"specs\",\"suites\",\"exclude\",\"groupLogsByTestSpec\",\"excludeDriverLogs\",\"bail\",\"framework\",\"reporters\",\"services\",\"maxInstances\",\"maxInstancesPerCapability\",\"injectGlobals\",\"filesToWatch\",\"execArgv\",\"runnerEnv\",\"runner\",\"shard\",\"specFileRetries\",\"specFileRetriesDelay\",\"specFileRetriesDeferred\",\"reporterSyncInterval\",\"reporterSyncTimeout\",\"cucumberFeaturesWithLineNumbers\",\"autoCompileOpts\",\"mochaOpts\",\"jasmineOpts\",\"cucumberOpts\",\"onPrepare\",\"onWorkerStart\",\"onWorkerEnd\",\"before\",\"beforeSession\",\"beforeSuite\",\"beforeHook\",\"beforeTest\",\"afterTest\",\"afterHook\",\"afterSuite\",\"afterSession\",\"after\",\"onComplete\",\"beforeAssertion\",\"afterAssertion\",\"beforeFeature\",\"beforeScenario\",\"beforeStep\",\"afterStep\",\"afterScenario\",\"afterFeature\",\"_\",\"suite\",\"$0\",\"ignoredWorkerServices\",\"wdi5\"]"}]}
COMMAND: POST /session/416ca3a003057b96434a2425fa5e92e2/execute/async - {"script":"<script> [21126 bytes]","args":[35000]}
RESULT: {"script":"<script> [21126 bytes]","args":[35000]}
]]></system-out>
    </testcase>
  </testsuite>
  <testsuite timestamp="2025-05-14T17:41:53" time="1024.282" tests="12" failures="0" errors="0" skipped="0">
    <properties>
      <property name="specId" value="0" />
      <property name="suiteName" value="Billing Transfer - Intracompany US127249" />
      <property name="capabilities" value="chrome.136_0_7103_49.windows" />
      <property name="file" value="file:///D:/a/1/s/test/specs/BTS/billing-transfer-intracompany.spec.js" />
    </properties>
    <testcase classname="chrome.136_0_7103_49.windows.Billing_Transfer_-_Intracompany_US127249" name="Should create a new yard" time="124.555">
      <system-out><![CDATA[
COMMAND: POST /session/416ca3a003057b96434a2425fa5e92e2/window/fullscreen - {}
RESULT: {}
COMMAND: POST /session/416ca3a003057b96434a2425fa5e92e2/execute/async - {"script":"<script> [1562 bytes]","args":[{"selector":{"controlType":"sap.m.GenericTile","properties":{"header":"Manage Yards"}},"wdio_ui5_key":"sapm.GenericTile{\"header\":\"Manage Yards\"}"}]}
RESULT: {"script":"<script> [1562 bytes]","args":[{"selector":{"controlType":"sap.m.GenericTile","properties":{"header":"Manage Yards"}},"wdio_ui5_key":"sapm.GenericTile{\"header\":\"Manage Yards\"}"}]}
RESULT: undefined
COMMAND: POST /session/416ca3a003057b96434a2425fa5e92e2/element - {"using":"xpath","value":"//*[@id=\"__tile41\"]"}
RESULT: {"using":"xpath","value":"//*[@id=\"__tile41\"]"}
COMMAND: POST /session/416ca3a003057b96434a2425fa5e92e2/element/f.E04F53A89B741A5C45B2DD6DE3A1F810.d.49B28E7A112DA5896BE2974B098FDFE0.e.6806/click - {}
RESULT: {}
COMMAND: GET /session/416ca3a003057b96434a2425fa5e92e2/screenshot - {}
RESULT: {}
COMMAND: POST /session/416ca3a003057b96434a2425fa5e92e2/elements - {"using":"xpath","value":"//span[text()='Error']"}
RESULT: {"using":"xpath","value":"//span[text()='Error']"}
COMMAND: POST /session/416ca3a003057b96434a2425fa5e92e2/element - {"using":"xpath","value":"//button[@data-kt=\"addNewYardOverflowToolbarButton\"]"}
RESULT: {"using":"xpath","value":"//button[@data-kt=\"addNewYardOverflowToolbarButton\"]"}
COMMAND: POST /session/416ca3a003057b96434a2425fa5e92e2/elements - {"using":"xpath","value":"//button[@data-kt=\"addNewYardOverflowToolbarButton\"]"}
RESULT: {"using":"xpath","value":"//button[@data-kt=\"addNewYardOverflowToolbarButton\"]"}
COMMAND: POST /session/416ca3a003057b96434a2425fa5e92e2/execute/sync - {"script":"<script> [8489 bytes]","args":[{"element-6066-11e4-a52e-4f735466cecf":"f.E04F53A89B741A5C45B2DD6DE3A1F810.d.49B28E7A112DA5896BE2974B098FDFE0.e.6941","ELEMENT":"f.E04F53A89B741A5C45B2DD6DE3A1F810.d.49B28E7A112DA5896BE2974B098FDFE0.e.6941"}]}
RESULT: {"script":"<script> [8489 bytes]","args":[{"element-6066-11e4-a52e-4f735466cecf":"f.E04F53A89B741A5C45B2DD6DE3A1F810.d.49B28E7A112DA5896BE2974B098FDFE0.e.6941","ELEMENT":"f.E04F53A89B741A5C45B2DD6DE3A1F810.d.49B28E7A112DA5896BE2974B098FDFE0.e.6941"}]}
COMMAND: GET /session/416ca3a003057b96434a2425fa5e92e2/element/f.E04F53A89B741A5C45B2DD6DE3A1F810.d.49B28E7A112DA5896BE2974B098FDFE0.e.6941/enabled - {}
COMMAND: GET /session/416ca3a003057b96434a2425fa5e92e2/screenshot - {}
RESULT: {}
COMMAND: POST /session/416ca3a003057b96434a2425fa5e92e2/execute/sync - {"script":"<script> [8489 bytes]","args":[{"element-6066-11e4-a52e-4f735466cecf":"f.E04F53A89B741A5C45B2DD6DE3A1F810.d.49B28E7A112DA5896BE2974B098FDFE0.e.6941","ELEMENT":"f.E04F53A89B741A5C45B2DD6DE3A1F810.d.49B28E7A112DA5896BE2974B098FDFE0.e.6941"}]}
COMMAND: GET /session/416ca3a003057b96434a2425fa5e92e2/screenshot - {}
RESULT: {}
RESULT: {"script":"<script> [8489 bytes]","args":[{"element-6066-11e4-a52e-4f735466cecf":"f.E04F53A89B741A5C45B2DD6DE3A1F810.d.49B28E7A112DA5896BE2974B098FDFE0.e.6941","ELEMENT":"f.E04F53A89B741A5C45B2DD6DE3A1F810.d.49B28E7A112DA5896BE2974B098FDFE0.e.6941"}]}
COMMAND: POST /session/416ca3a003057b96434a2425fa5e92e2/execute/sync - {"script":"<script> [5351 bytes]","args":[{"element-6066-11e4-a52e-4f735466cecf":"f.E04F53A89B741A5C45B2DD6DE3A1F810.d.49B28E7A112DA5896BE2974B098FDFE0.e.6941","ELEMENT":"f.E04F53A89B741A5C45B2DD6DE3A1F810.d.49B28E7A112DA5896BE2974B098FDFE0.e.6941"}]}
COMMAND: GET /session/416ca3a003057b96434a2425fa5e92e2/screenshot - {}
RESULT: {}
RESULT: {"script":"<script> [5351 bytes]","args":[{"element-6066-11e4-a52e-4f735466cecf":"f.E04F53A89B741A5C45B2DD6DE3A1F810.d.49B28E7A112DA5896BE2974B098FDFE0.e.6941","ELEMENT":"f.E04F53A89B741A5C45B2DD6DE3A1F810.d.49B28E7A112DA5896BE2974B098FDFE0.e.6941"}]}
COMMAND: POST /session/416ca3a003057b96434a2425fa5e92e2/element/f.E04F53A89B741A5C45B2DD6DE3A1F810.d.49B28E7A112DA5896BE2974B098FDFE0.e.6941/click - {}
COMMAND: GET /session/416ca3a003057b96434a2425fa5e92e2/screenshot - {}
RESULT: {}
RESULT: {}
COMMAND: GET /session/416ca3a003057b96434a2425fa5e92e2/screenshot - {}
RESULT: {}
RESULT: {}
COMMAND: POST /session/416ca3a003057b96434a2425fa5e92e2/element - {"using":"xpath","value":"//input[@id=\"application-manageyards-display-component---NewYard--yardId-inner\"]"}
RESULT: {"using":"xpath","value":"//input[@id=\"application-manageyards-display-component---NewYard--yardId-inner\"]"}
COMMAND: POST /session/416ca3a003057b96434a2425fa5e92e2/element - {"using":"xpath","value":"//input[@id=\"application-manageyards-display-component---NewYard--yardId-inner\"]"}
RESULT: {"using":"xpath","value":"//input[@id=\"application-manageyards-display-component---NewYard--yardId-inner\"]"}
COMMAND: POST /session/416ca3a003057b96434a2425fa5e92e2/execute/async - {"script":"<script> [1562 bytes]","args":[{"selector":{"id":"application-manageyards-display-component---NewYard--addressDetailDetailsName1","interaction":{"idSuffix":"inner"}},"wdio_ui5_key":"applicationmanageyards-display-component---NewYard--addressDetailDetailsName1"}]}
RESULT: {"script":"<script> [1562 bytes]","args":[{"selector":{"id":"application-manageyards-display-component---NewYard--addressDetailDetailsName1","interaction":{"idSuffix":"inner"}},"wdio_ui5_key":"applicationmanageyards-display-component---NewYard--addressDetailDetailsName1"}]}
RESULT: undefined
COMMAND: POST /session/416ca3a003057b96434a2425fa5e92e2/execute/async - {"script":"<script> [776 bytes]","args":[{"enterText":"Intracompany Yard wdIO","selector":{"id":"application-manageyards-display-component---NewYard--addressDetailDetailsName1","interaction":{"idSuffix":"inner"}},"clearTextFirst":true,"interactionType":"ENTER_TEXT"}]}
RESULT: {"script":"<script> [776 bytes]","args":[{"enterText":"Intracompany Yard wdIO","selector":{"id":"application-manageyards-display-component---NewYard--addressDetailDetailsName1","interaction":{"idSuffix":"inner"}},"clearTextFirst":true,"interactionType":"ENTER_TEXT"}]}
COMMAND: POST /session/416ca3a003057b96434a2425fa5e92e2/execute/async - {"script":"<script> [1562 bytes]","args":[{"selector":{"id":"application-manageyards-display-component---NewYard--addressDetailDetailsLanguage-arrow"},"wdio_ui5_key":"applicationmanageyards-display-component---NewYard--addressDetailDetailsLanguage-arrow"}]}
RESULT: {"script":"<script> [1562 bytes]","args":[{"selector":{"id":"application-manageyards-display-component---NewYard--addressDetailDetailsLanguage-arrow"},"wdio_ui5_key":"applicationmanageyards-display-component---NewYard--addressDetailDetailsLanguage-arrow"}]}
RESULT: undefined
COMMAND: POST /session/416ca3a003057b96434a2425fa5e92e2/element - {"using":"xpath","value":"//*[@id=\"application-manageyards-display-component---NewYard--addressDetailDetailsLanguage-arrow\"]"}
RESULT: {"using":"xpath","value":"//*[@id=\"application-manageyards-display-component---NewYard--addressDetailDetailsLanguage-arrow\"]"}
COMMAND: POST /session/416ca3a003057b96434a2425fa5e92e2/element/f.E04F53A89B741A5C45B2DD6DE3A1F810.d.49B28E7A112DA5896BE2974B098FDFE0.e.7385/click - {}
RESULT: {}
COMMAND: POST /session/416ca3a003057b96434a2425fa5e92e2/element - {"using":"xpath","value":"//span[contains(text(), \"English\")]"}
COMMAND: GET /session/416ca3a003057b96434a2425fa5e92e2/screenshot - {}
RESULT: {"using":"xpath","value":"//span[contains(text(), \"English\")]"}
COMMAND: POST /session/416ca3a003057b96434a2425fa5e92e2/element/f.E04F53A89B741A5C45B2DD6DE3A1F810.d.49B28E7A112DA5896BE2974B098FDFE0.e.7386/click - {}
RESULT: {}
RESULT: {}
COMMAND: POST /session/416ca3a003057b96434a2425fa5e92e2/execute/async - {"script":"<script> [1562 bytes]","args":[{"selector":{"id":"application-manageyards-display-component---NewYard--addressDetailDetailsCity1","interaction":{"idSuffix":"inner"}},"wdio_ui5_key":"applicationmanageyards-display-component---NewYard--addressDetailDetailsCity1"}]}
COMMAND: GET /session/416ca3a003057b96434a2425fa5e92e2/screenshot - {}
RESULT: {"script":"<script> [1562 bytes]","args":[{"selector":{"id":"application-manageyards-display-component---NewYard--addressDetailDetailsCity1","interaction":{"idSuffix":"inner"}},"wdio_ui5_key":"applicationmanageyards-display-component---NewYard--addressDetailDetailsCity1"}]}
RESULT: undefined
COMMAND: POST /session/416ca3a003057b96434a2425fa5e92e2/execute/async - {"script":"<script> [776 bytes]","args":[{"enterText":"Rosario","selector":{"id":"application-manageyards-display-component---NewYard--addressDetailDetailsCity1","interaction":{"idSuffix":"inner"}},"clearTextFirst":true,"interactionType":"ENTER_TEXT"}]}
RESULT: {}
RESULT: {"script":"<script> [776 bytes]","args":[{"enterText":"Rosario","selector":{"id":"application-manageyards-display-component---NewYard--addressDetailDetailsCity1","interaction":{"idSuffix":"inner"}},"clearTextFirst":true,"interactionType":"ENTER_TEXT"}]}
COMMAND: POST /session/416ca3a003057b96434a2425fa5e92e2/execute/async - {"script":"<script> [1562 bytes]","args":[{"selector":{"id":"application-manageyards-display-component---NewYard--addressDetailDetailsCountry-arrow"},"wdio_ui5_key":"applicationmanageyards-display-component---NewYard--addressDetailDetailsCountry-arrow"}]}
RESULT: {"script":"<script> [1562 bytes]","args":[{"selector":{"id":"application-manageyards-display-component---NewYard--addressDetailDetailsCountry-arrow"},"wdio_ui5_key":"applicationmanageyards-display-component---NewYard--addressDetailDetailsCountry-arrow"}]}
RESULT: undefined
COMMAND: POST /session/416ca3a003057b96434a2425fa5e92e2/element - {"using":"xpath","value":"//*[@id=\"application-manageyards-display-component---NewYard--addressDetailDetailsCountry-arrow\"]"}
RESULT: {"using":"xpath","value":"//*[@id=\"application-manageyards-display-component---NewYard--addressDetailDetailsCountry-arrow\"]"}
COMMAND: POST /session/416ca3a003057b96434a2425fa5e92e2/element/f.E04F53A89B741A5C45B2DD6DE3A1F810.d.49B28E7A112DA5896BE2974B098FDFE0.e.7388/click - {}
RESULT: {}
COMMAND: POST /session/416ca3a003057b96434a2425fa5e92e2/element - {"using":"xpath","value":"//span[contains(text(), \"Argentina\")]"}
COMMAND: GET /session/416ca3a003057b96434a2425fa5e92e2/screenshot - {}
RESULT: {"using":"xpath","value":"//span[contains(text(), \"Argentina\")]"}
COMMAND: POST /session/416ca3a003057b96434a2425fa5e92e2/element/f.E04F53A89B741A5C45B2DD6DE3A1F810.d.49B28E7A112DA5896BE2974B098FDFE0.e.7390/click - {}
RESULT: {}
RESULT: {}
COMMAND: POST /session/416ca3a003057b96434a2425fa5e92e2/execute/async - {"script":"<script> [1562 bytes]","args":[{"selector":{"id":"application-manageyards-display-component---NewYard--addressEditDetailsCostObjectCstType-arrow"},"wdio_ui5_key":"applicationmanageyards-display-component---NewYard--addressEditDetailsCostObjectCstType-arrow"}]}
COMMAND: GET /session/416ca3a003057b96434a2425fa5e92e2/screenshot - {}
RESULT: {"script":"<script> [1562 bytes]","args":[{"selector":{"id":"application-manageyards-display-component---NewYard--addressEditDetailsCostObjectCstType-arrow"},"wdio_ui5_key":"applicationmanageyards-display-component---NewYard--addressEditDetailsCostObjectCstType-arrow"}]}
RESULT: undefined
COMMAND: POST /session/416ca3a003057b96434a2425fa5e92e2/element - {"using":"xpath","value":"//*[@id=\"application-manageyards-display-component---NewYard--addressEditDetailsCostObjectCstType-arrow\"]"}
RESULT: {}
RESULT: {"using":"xpath","value":"//*[@id=\"application-manageyards-display-component---NewYard--addressEditDetailsCostObjectCstType-arrow\"]"}
COMMAND: POST /session/416ca3a003057b96434a2425fa5e92e2/element/f.E04F53A89B741A5C45B2DD6DE3A1F810.d.49B28E7A112DA5896BE2974B098FDFE0.e.7391/click - {}
RESULT: {}
COMMAND: POST /session/416ca3a003057b96434a2425fa5e92e2/element - {"using":"xpath","value":"//span[contains(text(), \"Cost Center\")]"}
COMMAND: GET /session/416ca3a003057b96434a2425fa5e92e2/screenshot - {}
RESULT: {"using":"xpath","value":"//span[contains(text(), \"Cost Center\")]"}
COMMAND: POST /session/416ca3a003057b96434a2425fa5e92e2/element/f.E04F53A89B741A5C45B2DD6DE3A1F810.d.49B28E7A112DA5896BE2974B098FDFE0.e.7392/click - {}
RESULT: {}
RESULT: {}
COMMAND: GET /session/416ca3a003057b96434a2425fa5e92e2/screenshot - {}
RESULT: {}
COMMAND: POST /session/416ca3a003057b96434a2425fa5e92e2/element - {"using":"xpath","value":"//span[@id=\"application-manageyards-display-component---NewYard--addressNewCostObjectCstID-vhi\"]"}
RESULT: {"using":"xpath","value":"//span[@id=\"application-manageyards-display-component---NewYard--addressNewCostObjectCstID-vhi\"]"}
COMMAND: POST /session/416ca3a003057b96434a2425fa5e92e2/execute/sync - {"script":"<script> [8489 bytes]","args":[{"element-6066-11e4-a52e-4f735466cecf":"f.E04F53A89B741A5C45B2DD6DE3A1F810.d.49B28E7A112DA5896BE2974B098FDFE0.e.7396","ELEMENT":"f.E04F53A89B741A5C45B2DD6DE3A1F810.d.49B28E7A112DA5896BE2974B098FDFE0.e.7396"}]}
RESULT: {"script":"<script> [8489 bytes]","args":[{"element-6066-11e4-a52e-4f735466cecf":"f.E04F53A89B741A5C45B2DD6DE3A1F810.d.49B28E7A112DA5896BE2974B098FDFE0.e.7396","ELEMENT":"f.E04F53A89B741A5C45B2DD6DE3A1F810.d.49B28E7A112DA5896BE2974B098FDFE0.e.7396"}]}
COMMAND: POST /session/416ca3a003057b96434a2425fa5e92e2/execute/async - {"script":"<script> [1562 bytes]","args":[{"selector":{"id":"application-manageyards-display-component---NewYard--addressNewCostObjectCstID-vhi"},"wdio_ui5_key":"applicationmanageyards-display-component---NewYard--addressNewCostObjectCstID-vhi"}]}
COMMAND: GET /session/416ca3a003057b96434a2425fa5e92e2/screenshot - {}
RESULT: {"script":"<script> [1562 bytes]","args":[{"selector":{"id":"application-manageyards-display-component---NewYard--addressNewCostObjectCstID-vhi"},"wdio_ui5_key":"applicationmanageyards-display-component---NewYard--addressNewCostObjectCstID-vhi"}]}
RESULT: undefined
COMMAND: POST /session/416ca3a003057b96434a2425fa5e92e2/element - {"using":"xpath","value":"//*[@id=\"application-manageyards-display-component---NewYard--addressNewCostObjectCstID-vhi\"]"}
RESULT: {}
RESULT: {"using":"xpath","value":"//*[@id=\"application-manageyards-display-component---NewYard--addressNewCostObjectCstID-vhi\"]"}
COMMAND: POST /session/416ca3a003057b96434a2425fa5e92e2/element/f.E04F53A89B741A5C45B2DD6DE3A1F810.d.49B28E7A112DA5896BE2974B098FDFE0.e.7396/click - {}
RESULT: {}
COMMAND: GET /session/416ca3a003057b96434a2425fa5e92e2/screenshot - {}
RESULT: {}
COMMAND: POST /session/416ca3a003057b96434a2425fa5e92e2/execute/async - {"script":"<script> [1562 bytes]","args":[{"selector":{"controlType":"sap.m.SearchField","properties":{"placeholder":"Search"},"searchOpenDialogs":true,"interaction":{"idSuffix":"I"}},"wdio_ui5_key":"sapm.SearchField{\"placeholder\":\"Search\"}"}]}
RESULT: {"script":"<script> [1562 bytes]","args":[{"selector":{"controlType":"sap.m.SearchField","properties":{"placeholder":"Search"},"searchOpenDialogs":true,"interaction":{"idSuffix":"I"}},"wdio_ui5_key":"sapm.SearchField{\"placeholder\":\"Search\"}"}]}
RESULT: undefined
COMMAND: POST /session/416ca3a003057b96434a2425fa5e92e2/execute/async - {"script":"<script> [776 bytes]","args":[{"enterText":"bauh_b","selector":{"controlType":"sap.m.SearchField","properties":{"placeholder":"Search"},"searchOpenDialogs":true,"interaction":{"idSuffix":"I"}},"clearTextFirst":true,"interactionType":"ENTER_TEXT"}]}
RESULT: {"script":"<script> [776 bytes]","args":[{"enterText":"bauh_b","selector":{"controlType":"sap.m.SearchField","properties":{"placeholder":"Search"},"searchOpenDialogs":true,"interaction":{"idSuffix":"I"}},"clearTextFirst":true,"interactionType":"ENTER_TEXT"}]}
COMMAND: POST /session/416ca3a003057b96434a2425fa5e92e2/actions - {"actions":[{"id":"action24","type":"key","parameters":{},"actions":[{"type":"keyDown","value":"î€‡"},{"type":"pause","duration":10},{"type":"keyUp","value":"î€‡"}]}]}
RESULT: {"actions":[{"id":"action24","type":"key","parameters":{},"actions":[{"type":"keyDown","value":"î€‡"},{"type":"pause","duration":10},{"type":"keyUp","value":"î€‡"}]}]}
COMMAND: GET /session/416ca3a003057b96434a2425fa5e92e2/screenshot - {}
RESULT: {}
COMMAND: POST /session/416ca3a003057b96434a2425fa5e92e2/element - {"using":"xpath","value":"//span[contains(text(), \"Demo Yard\")]"}
RESULT: {"using":"xpath","value":"//span[contains(text(), \"Demo Yard\")]"}
COMMAND: POST /session/416ca3a003057b96434a2425fa5e92e2/element/f.E04F53A89B741A5C45B2DD6DE3A1F810.d.49B28E7A112DA5896BE2974B098FDFE0.e.7437/click - {}
RESULT: {}
COMMAND: GET /session/416ca3a003057b96434a2425fa5e92e2/screenshot - {}
RESULT: {}
COMMAND: POST /session/416ca3a003057b96434a2425fa5e92e2/element - {"using":"xpath","value":"//bdi[contains(text(), \"OK\")]"}
RESULT: {"using":"xpath","value":"//bdi[contains(text(), \"OK\")]"}
COMMAND: POST /session/416ca3a003057b96434a2425fa5e92e2/element/f.E04F53A89B741A5C45B2DD6DE3A1F810.d.49B28E7A112DA5896BE2974B098FDFE0.e.7438/click - {}
RESULT: {}
COMMAND: GET /session/416ca3a003057b96434a2425fa5e92e2/screenshot - {}
RESULT: {}
COMMAND: POST /session/416ca3a003057b96434a2425fa5e92e2/execute/async - {"script":"<script> [1562 bytes]","args":[{"selector":{"id":"application-manageyards-display-component---NewYard--addressEditDetailsCurrency-arrow"},"wdio_ui5_key":"applicationmanageyards-display-component---NewYard--addressEditDetailsCurrency-arrow"}]}
RESULT: {"script":"<script> [1562 bytes]","args":[{"selector":{"id":"application-manageyards-display-component---NewYard--addressEditDetailsCurrency-arrow"},"wdio_ui5_key":"applicationmanageyards-display-component---NewYard--addressEditDetailsCurrency-arrow"}]}
RESULT: undefined
COMMAND: POST /session/416ca3a003057b96434a2425fa5e92e2/element - {"using":"xpath","value":"//*[@id=\"application-manageyards-display-component---NewYard--addressEditDetailsCurrency-arrow\"]"}
RESULT: {"using":"xpath","value":"//*[@id=\"application-manageyards-display-component---NewYard--addressEditDetailsCurrency-arrow\"]"}
COMMAND: POST /session/416ca3a003057b96434a2425fa5e92e2/element/f.E04F53A89B741A5C45B2DD6DE3A1F810.d.49B28E7A112DA5896BE2974B098FDFE0.e.7441/click - {}
RESULT: {}
COMMAND: POST /session/416ca3a003057b96434a2425fa5e92e2/element - {"using":"xpath","value":"//span[contains(text(), \"Euro\")]"}
COMMAND: GET /session/416ca3a003057b96434a2425fa5e92e2/screenshot - {}
RESULT: {"using":"xpath","value":"//span[contains(text(), \"Euro\")]"}
COMMAND: POST /session/416ca3a003057b96434a2425fa5e92e2/element/f.E04F53A89B741A5C45B2DD6DE3A1F810.d.49B28E7A112DA5896BE2974B098FDFE0.e.7442/click - {}
RESULT: {}
RESULT: {}
COMMAND: POST /session/416ca3a003057b96434a2425fa5e92e2/execute/async - {"script":"<script> [1562 bytes]","args":[{"selector":{"controlType":"sap.m.Input","viewName":"etm.portal.ui.manageyards.view.New","viewId":"application-manageyards-display-component---NewYard","bindingPath":{"path":"","propertyPath":"/CONTROLLING_AREA","modelName":"NewYardModel"},"interaction":{"idSuffix":"inner"}},"wdio_ui5_key":"etmportal.ui.manageyards.view.Newsap.m.Input{\"path\":\"\",\"propertyPath\":\"/CONTROLLING_AREA\",\"modelName\":\"NewYardModel\"}"}]}
COMMAND: GET /session/416ca3a003057b96434a2425fa5e92e2/screenshot - {}
RESULT: {"script":"<script> [1562 bytes]","args":[{"selector":{"controlType":"sap.m.Input","viewName":"etm.portal.ui.manageyards.view.New","viewId":"application-manageyards-display-component---NewYard","bindingPath":{"path":"","propertyPath":"/CONTROLLING_AREA","modelName":"NewYardModel"},"interaction":{"idSuffix":"inner"}},"wdio_ui5_key":"etmportal.ui.manageyards.view.Newsap.m.Input{\"path\":\"\",\"propertyPath\":\"/CONTROLLING_AREA\",\"modelName\":\"NewYardModel\"}"}]}
RESULT: undefined
COMMAND: POST /session/416ca3a003057b96434a2425fa5e92e2/execute/async - {"script":"<script> [776 bytes]","args":[{"enterText":"Z001","selector":{"controlType":"sap.m.Input","viewName":"etm.portal.ui.manageyards.view.New","viewId":"application-manageyards-display-component---NewYard","bindingPath":{"path":"","propertyPath":"/CONTROLLING_AREA","modelName":"NewYardModel"},"interaction":{"idSuffix":"inner"}},"clearTextFirst":true,"interactionType":"ENTER_TEXT"}]}
RESULT: {}
RESULT: {"script":"<script> [776 bytes]","args":[{"enterText":"Z001","selector":{"controlType":"sap.m.Input","viewName":"etm.portal.ui.manageyards.view.New","viewId":"application-manageyards-display-component---NewYard","bindingPath":{"path":"","propertyPath":"/CONTROLLING_AREA","modelName":"NewYardModel"},"interaction":{"idSuffix":"inner"}},"clearTextFirst":true,"interactionType":"ENTER_TEXT"}]}
COMMAND: POST /session/416ca3a003057b96434a2425fa5e92e2/execute/async - {"script":"<script> [1562 bytes]","args":[{"selector":{"id":"application-manageyards-display-component---NewYard--companyCodeComboBox","interaction":{"idSuffix":"inner"}},"wdio_ui5_key":"applicationmanageyards-display-component---NewYard--companyCodeComboBox"}]}
RESULT: {"script":"<script> [1562 bytes]","args":[{"selector":{"id":"application-manageyards-display-component---NewYard--companyCodeComboBox","interaction":{"idSuffix":"inner"}},"wdio_ui5_key":"applicationmanageyards-display-component---NewYard--companyCodeComboBox"}]}
RESULT: undefined
COMMAND: POST /session/416ca3a003057b96434a2425fa5e92e2/execute/async - {"script":"<script> [776 bytes]","args":[{"enterText":"1000","selector":{"id":"application-manageyards-display-component---NewYard--companyCodeComboBox","interaction":{"idSuffix":"inner"}},"clearTextFirst":true,"interactionType":"ENTER_TEXT"}]}
RESULT: {"script":"<script> [776 bytes]","args":[{"enterText":"1000","selector":{"id":"application-manageyards-display-component---NewYard--companyCodeComboBox","interaction":{"idSuffix":"inner"}},"clearTextFirst":true,"interactionType":"ENTER_TEXT"}]}
COMMAND: POST /session/416ca3a003057b96434a2425fa5e92e2/execute/async - {"script":"<script> [1562 bytes]","args":[{"selector":{"controlType":"sap.m.Input","viewName":"etm.portal.ui.manageyards.view.New","viewId":"application-manageyards-display-component---NewYard","bindingPath":{"path":"","propertyPath":"/PLANT","modelName":"NewYardModel"},"interaction":{"idSuffix":"inner"}},"wdio_ui5_key":"etmportal.ui.manageyards.view.Newsap.m.Input{\"path\":\"\",\"propertyPath\":\"/PLANT\",\"modelName\":\"NewYardModel\"}"}]}
RESULT: {"script":"<script> [1562 bytes]","args":[{"selector":{"controlType":"sap.m.Input","viewName":"etm.portal.ui.manageyards.view.New","viewId":"application-manageyards-display-component---NewYard","bindingPath":{"path":"","propertyPath":"/PLANT","modelName":"NewYardModel"},"interaction":{"idSuffix":"inner"}},"wdio_ui5_key":"etmportal.ui.manageyards.view.Newsap.m.Input{\"path\":\"\",\"propertyPath\":\"/PLANT\",\"modelName\":\"NewYardModel\"}"}]}
RESULT: undefined
COMMAND: POST /session/416ca3a003057b96434a2425fa5e92e2/execute/async - {"script":"<script> [776 bytes]","args":[{"enterText":"1001","selector":{"controlType":"sap.m.Input","viewName":"etm.portal.ui.manageyards.view.New","viewId":"application-manageyards-display-component---NewYard","bindingPath":{"path":"","propertyPath":"/PLANT","modelName":"NewYardModel"},"interaction":{"idSuffix":"inner"}},"clearTextFirst":true,"interactionType":"ENTER_TEXT"}]}
RESULT: {"script":"<script> [776 bytes]","args":[{"enterText":"1001","selector":{"controlType":"sap.m.Input","viewName":"etm.portal.ui.manageyards.view.New","viewId":"application-manageyards-display-component---NewYard","bindingPath":{"path":"","propertyPath":"/PLANT","modelName":"NewYardModel"},"interaction":{"idSuffix":"inner"}},"clearTextFirst":true,"interactionType":"ENTER_TEXT"}]}
COMMAND: POST /session/416ca3a003057b96434a2425fa5e92e2/execute/async - {"script":"<script> [1562 bytes]","args":[{"selector":{"controlType":"sap.m.Input","viewName":"etm.portal.ui.manageyards.view.New","viewId":"application-manageyards-display-component---NewYard","bindingPath":{"path":"","propertyPath":"/SALES_AREA_VKORG","modelName":"NewYardModel"},"interaction":{"idSuffix":"inner"}},"wdio_ui5_key":"etmportal.ui.manageyards.view.Newsap.m.Input{\"path\":\"\",\"propertyPath\":\"/SALES_AREA_VKORG\",\"modelName\":\"NewYardModel\"}"}]}
RESULT: {"script":"<script> [1562 bytes]","args":[{"selector":{"controlType":"sap.m.Input","viewName":"etm.portal.ui.manageyards.view.New","viewId":"application-manageyards-display-component---NewYard","bindingPath":{"path":"","propertyPath":"/SALES_AREA_VKORG","modelName":"NewYardModel"},"interaction":{"idSuffix":"inner"}},"wdio_ui5_key":"etmportal.ui.manageyards.view.Newsap.m.Input{\"path\":\"\",\"propertyPath\":\"/SALES_AREA_VKORG\",\"modelName\":\"NewYardModel\"}"}]}
RESULT: undefined
COMMAND: POST /session/416ca3a003057b96434a2425fa5e92e2/execute/async - {"script":"<script> [776 bytes]","args":[{"enterText":"C002","selector":{"controlType":"sap.m.Input","viewName":"etm.portal.ui.manageyards.view.New","viewId":"application-manageyards-display-component---NewYard","bindingPath":{"path":"","propertyPath":"/SALES_AREA_VKORG","modelName":"NewYardModel"},"interaction":{"idSuffix":"inner"}},"clearTextFirst":true,"interactionType":"ENTER_TEXT"}]}
RESULT: {"script":"<script> [776 bytes]","args":[{"enterText":"C002","selector":{"controlType":"sap.m.Input","viewName":"etm.portal.ui.manageyards.view.New","viewId":"application-manageyards-display-component---NewYard","bindingPath":{"path":"","propertyPath":"/SALES_AREA_VKORG","modelName":"NewYardModel"},"interaction":{"idSuffix":"inner"}},"clearTextFirst":true,"interactionType":"ENTER_TEXT"}]}
COMMAND: POST /session/416ca3a003057b96434a2425fa5e92e2/execute/async - {"script":"<script> [1562 bytes]","args":[{"selector":{"controlType":"sap.m.Input","viewName":"etm.portal.ui.manageyards.view.New","viewId":"application-manageyards-display-component---NewYard","bindingPath":{"path":"","propertyPath":"/SALES_AREA_VTWEG","modelName":"NewYardModel"},"interaction":{"idSuffix":"inner"}},"wdio_ui5_key":"etmportal.ui.manageyards.view.Newsap.m.Input{\"path\":\"\",\"propertyPath\":\"/SALES_AREA_VTWEG\",\"modelName\":\"NewYardModel\"}"}]}
RESULT: {"script":"<script> [1562 bytes]","args":[{"selector":{"controlType":"sap.m.Input","viewName":"etm.portal.ui.manageyards.view.New","viewId":"application-manageyards-display-component---NewYard","bindingPath":{"path":"","propertyPath":"/SALES_AREA_VTWEG","modelName":"NewYardModel"},"interaction":{"idSuffix":"inner"}},"wdio_ui5_key":"etmportal.ui.manageyards.view.Newsap.m.Input{\"path\":\"\",\"propertyPath\":\"/SALES_AREA_VTWEG\",\"modelName\":\"NewYardModel\"}"}]}
RESULT: undefined
COMMAND: POST /session/416ca3a003057b96434a2425fa5e92e2/execute/async - {"script":"<script> [776 bytes]","args":[{"enterText":"C2","selector":{"controlType":"sap.m.Input","viewName":"etm.portal.ui.manageyards.view.New","viewId":"application-manageyards-display-component---NewYard","bindingPath":{"path":"","propertyPath":"/SALES_AREA_VTWEG","modelName":"NewYardModel"},"interaction":{"idSuffix":"inner"}},"clearTextFirst":true,"interactionType":"ENTER_TEXT"}]}
RESULT: {"script":"<script> [776 bytes]","args":[{"enterText":"C2","selector":{"controlType":"sap.m.Input","viewName":"etm.portal.ui.manageyards.view.New","viewId":"application-manageyards-display-component---NewYard","bindingPath":{"path":"","propertyPath":"/SALES_AREA_VTWEG","modelName":"NewYardModel"},"interaction":{"idSuffix":"inner"}},"clearTextFirst":true,"interactionType":"ENTER_TEXT"}]}
COMMAND: POST /session/416ca3a003057b96434a2425fa5e92e2/execute/async - {"script":"<script> [1562 bytes]","args":[{"selector":{"controlType":"sap.m.Input","viewName":"etm.portal.ui.manageyards.view.New","viewId":"application-manageyards-display-component---NewYard","bindingPath":{"path":"","propertyPath":"/SALES_AREA_SPART","modelName":"NewYardModel"},"interaction":{"idSuffix":"inner"}},"wdio_ui5_key":"etmportal.ui.manageyards.view.Newsap.m.Input{\"path\":\"\",\"propertyPath\":\"/SALES_AREA_SPART\",\"modelName\":\"NewYardModel\"}"}]}
RESULT: {"script":"<script> [1562 bytes]","args":[{"selector":{"controlType":"sap.m.Input","viewName":"etm.portal.ui.manageyards.view.New","viewId":"application-manageyards-display-component---NewYard","bindingPath":{"path":"","propertyPath":"/SALES_AREA_SPART","modelName":"NewYardModel"},"interaction":{"idSuffix":"inner"}},"wdio_ui5_key":"etmportal.ui.manageyards.view.Newsap.m.Input{\"path\":\"\",\"propertyPath\":\"/SALES_AREA_SPART\",\"modelName\":\"NewYardModel\"}"}]}
RESULT: undefined
COMMAND: POST /session/416ca3a003057b96434a2425fa5e92e2/execute/async - {"script":"<script> [776 bytes]","args":[{"enterText":"C2","selector":{"controlType":"sap.m.Input","viewName":"etm.portal.ui.manageyards.view.New","viewId":"application-manageyards-display-component---NewYard","bindingPath":{"path":"","propertyPath":"/SALES_AREA_SPART","modelName":"NewYardModel"},"interaction":{"idSuffix":"inner"}},"clearTextFirst":true,"interactionType":"ENTER_TEXT"}]}
RESULT: {"script":"<script> [776 bytes]","args":[{"enterText":"C2","selector":{"controlType":"sap.m.Input","viewName":"etm.portal.ui.manageyards.view.New","viewId":"application-manageyards-display-component---NewYard","bindingPath":{"path":"","propertyPath":"/SALES_AREA_SPART","modelName":"NewYardModel"},"interaction":{"idSuffix":"inner"}},"clearTextFirst":true,"interactionType":"ENTER_TEXT"}]}
COMMAND: POST /session/416ca3a003057b96434a2425fa5e92e2/execute/async - {"script":"<script> [1562 bytes]","args":[{"selector":{"controlType":"sap.m.Input","viewName":"etm.portal.ui.manageyards.view.New","viewId":"application-manageyards-display-component---NewYard","bindingPath":{"path":"","propertyPath":"/SHIP_POINT","modelName":"NewYardModel"},"interaction":{"idSuffix":"inner"}},"wdio_ui5_key":"etmportal.ui.manageyards.view.Newsap.m.Input{\"path\":\"\",\"propertyPath\":\"/SHIP_POINT\",\"modelName\":\"NewYardModel\"}"}]}
RESULT: {"script":"<script> [1562 bytes]","args":[{"selector":{"controlType":"sap.m.Input","viewName":"etm.portal.ui.manageyards.view.New","viewId":"application-manageyards-display-component---NewYard","bindingPath":{"path":"","propertyPath":"/SHIP_POINT","modelName":"NewYardModel"},"interaction":{"idSuffix":"inner"}},"wdio_ui5_key":"etmportal.ui.manageyards.view.Newsap.m.Input{\"path\":\"\",\"propertyPath\":\"/SHIP_POINT\",\"modelName\":\"NewYardModel\"}"}]}
RESULT: undefined
COMMAND: POST /session/416ca3a003057b96434a2425fa5e92e2/execute/async - {"script":"<script> [776 bytes]","args":[{"enterText":"1710","selector":{"controlType":"sap.m.Input","viewName":"etm.portal.ui.manageyards.view.New","viewId":"application-manageyards-display-component---NewYard","bindingPath":{"path":"","propertyPath":"/SHIP_POINT","modelName":"NewYardModel"},"interaction":{"idSuffix":"inner"}},"clearTextFirst":true,"interactionType":"ENTER_TEXT"}]}
RESULT: {"script":"<script> [776 bytes]","args":[{"enterText":"1710","selector":{"controlType":"sap.m.Input","viewName":"etm.portal.ui.manageyards.view.New","viewId":"application-manageyards-display-component---NewYard","bindingPath":{"path":"","propertyPath":"/SHIP_POINT","modelName":"NewYardModel"},"interaction":{"idSuffix":"inner"}},"clearTextFirst":true,"interactionType":"ENTER_TEXT"}]}
COMMAND: POST /session/416ca3a003057b96434a2425fa5e92e2/execute/async - {"script":"<script> [1562 bytes]","args":[{"selector":{"controlType":"sap.m.Input","viewName":"etm.portal.ui.manageyards.view.New","viewId":"application-manageyards-display-component---NewYard","bindingPath":{"path":"","propertyPath":"/DELIVERY_TYPE","modelName":"NewYardModel"},"interaction":{"idSuffix":"inner"}},"wdio_ui5_key":"etmportal.ui.manageyards.view.Newsap.m.Input{\"path\":\"\",\"propertyPath\":\"/DELIVERY_TYPE\",\"modelName\":\"NewYardModel\"}"}]}
RESULT: {"script":"<script> [1562 bytes]","args":[{"selector":{"controlType":"sap.m.Input","viewName":"etm.portal.ui.manageyards.view.New","viewId":"application-manageyards-display-component---NewYard","bindingPath":{"path":"","propertyPath":"/DELIVERY_TYPE","modelName":"NewYardModel"},"interaction":{"idSuffix":"inner"}},"wdio_ui5_key":"etmportal.ui.manageyards.view.Newsap.m.Input{\"path\":\"\",\"propertyPath\":\"/DELIVERY_TYPE\",\"modelName\":\"NewYardModel\"}"}]}
RESULT: undefined
COMMAND: POST /session/416ca3a003057b96434a2425fa5e92e2/execute/async - {"script":"<script> [776 bytes]","args":[{"enterText":"ZL01","selector":{"controlType":"sap.m.Input","viewName":"etm.portal.ui.manageyards.view.New","viewId":"application-manageyards-display-component---NewYard","bindingPath":{"path":"","propertyPath":"/DELIVERY_TYPE","modelName":"NewYardModel"},"interaction":{"idSuffix":"inner"}},"clearTextFirst":true,"interactionType":"ENTER_TEXT"}]}
RESULT: {"script":"<script> [776 bytes]","args":[{"enterText":"ZL01","selector":{"controlType":"sap.m.Input","viewName":"etm.portal.ui.manageyards.view.New","viewId":"application-manageyards-display-component---NewYard","bindingPath":{"path":"","propertyPath":"/DELIVERY_TYPE","modelName":"NewYardModel"},"interaction":{"idSuffix":"inner"}},"clearTextFirst":true,"interactionType":"ENTER_TEXT"}]}
COMMAND: POST /session/416ca3a003057b96434a2425fa5e92e2/execute/async - {"script":"<script> [1562 bytes]","args":[{"selector":{"controlType":"sap.m.Input","viewName":"etm.portal.ui.manageyards.view.New","viewId":"application-manageyards-display-component---NewYard","bindingPath":{"path":"","propertyPath":"/AUART","modelName":"NewYardModel"},"interaction":{"idSuffix":"inner"}},"wdio_ui5_key":"etmportal.ui.manageyards.view.Newsap.m.Input{\"path\":\"\",\"propertyPath\":\"/AUART\",\"modelName\":\"NewYardModel\"}"}]}
RESULT: {"script":"<script> [1562 bytes]","args":[{"selector":{"controlType":"sap.m.Input","viewName":"etm.portal.ui.manageyards.view.New","viewId":"application-manageyards-display-component---NewYard","bindingPath":{"path":"","propertyPath":"/AUART","modelName":"NewYardModel"},"interaction":{"idSuffix":"inner"}},"wdio_ui5_key":"etmportal.ui.manageyards.view.Newsap.m.Input{\"path\":\"\",\"propertyPath\":\"/AUART\",\"modelName\":\"NewYardModel\"}"}]}
RESULT: undefined
COMMAND: POST /session/416ca3a003057b96434a2425fa5e92e2/execute/async - {"script":"<script> [776 bytes]","args":[{"enterText":"TA","selector":{"controlType":"sap.m.Input","viewName":"etm.portal.ui.manageyards.view.New","viewId":"application-manageyards-display-component---NewYard","bindingPath":{"path":"","propertyPath":"/AUART","modelName":"NewYardModel"},"interaction":{"idSuffix":"inner"}},"clearTextFirst":true,"interactionType":"ENTER_TEXT"}]}
RESULT: {"script":"<script> [776 bytes]","args":[{"enterText":"TA","selector":{"controlType":"sap.m.Input","viewName":"etm.portal.ui.manageyards.view.New","viewId":"application-manageyards-display-component---NewYard","bindingPath":{"path":"","propertyPath":"/AUART","modelName":"NewYardModel"},"interaction":{"idSuffix":"inner"}},"clearTextFirst":true,"interactionType":"ENTER_TEXT"}]}
COMMAND: POST /session/416ca3a003057b96434a2425fa5e92e2/element - {"using":"xpath","value":"//button[@data-kt=\"newYardSaveButton\"]"}
RESULT: {"using":"xpath","value":"//button[@data-kt=\"newYardSaveButton\"]"}
COMMAND: POST /session/416ca3a003057b96434a2425fa5e92e2/element/f.E04F53A89B741A5C45B2DD6DE3A1F810.d.49B28E7A112DA5896BE2974B098FDFE0.e.7346/click - {}
RESULT: {}
COMMAND: GET /session/416ca3a003057b96434a2425fa5e92e2/screenshot - {}
RESULT: {}
COMMAND: POST /session/416ca3a003057b96434a2425fa5e92e2/element - {"using":"xpath","value":"//header[contains(@id, 'ObjectPageLayout-headerTitle')]/div[1]/div[2]/div[1]/span[1]"}
RESULT: {"using":"xpath","value":"//header[contains(@id, 'ObjectPageLayout-headerTitle')]/div[1]/div[2]/div[1]/span[1]"}
COMMAND: POST /session/416ca3a003057b96434a2425fa5e92e2/elements - {"using":"xpath","value":"//header[contains(@id, 'ObjectPageLayout-headerTitle')]/div[1]/div[2]/div[1]/span[1]"}
RESULT: {"using":"xpath","value":"//header[contains(@id, 'ObjectPageLayout-headerTitle')]/div[1]/div[2]/div[1]/span[1]"}
COMMAND: POST /session/416ca3a003057b96434a2425fa5e92e2/execute/sync - {"script":"<script> [56 bytes]","args":[{"element-6066-11e4-a52e-4f735466cecf":"f.E04F53A89B741A5C45B2DD6DE3A1F810.d.49B28E7A112DA5896BE2974B098FDFE0.e.7667","ELEMENT":"f.E04F53A89B741A5C45B2DD6DE3A1F810.d.49B28E7A112DA5896BE2974B098FDFE0.e.7667"}]}
RESULT: {"script":"<script> [56 bytes]","args":[{"element-6066-11e4-a52e-4f735466cecf":"f.E04F53A89B741A5C45B2DD6DE3A1F810.d.49B28E7A112DA5896BE2974B098FDFE0.e.7667","ELEMENT":"f.E04F53A89B741A5C45B2DD6DE3A1F810.d.49B28E7A112DA5896BE2974B098FDFE0.e.7667"}]}
COMMAND: GET /session/416ca3a003057b96434a2425fa5e92e2/screenshot - {}
RESULT: {}
COMMAND: POST /session/416ca3a003057b96434a2425fa5e92e2/element - {"using":"css selector","value":"#shell-header-logo"}
RESULT: {"using":"css selector","value":"#shell-header-logo"}
COMMAND: POST /session/416ca3a003057b96434a2425fa5e92e2/element/f.E04F53A89B741A5C45B2DD6DE3A1F810.d.49B28E7A112DA5896BE2974B098FDFE0.e.6910/click - {}
RESULT: {}
COMMAND: GET /session/416ca3a003057b96434a2425fa5e92e2/screenshot - {}
RESULT: {}
COMMAND: POST /session/416ca3a003057b96434a2425fa5e92e2/execute/sync - {"script":"<script> [299 bytes]","args":[["getModel","getResource"]]}
RESULT: {"script":"<script> [299 bytes]","args":[["getModel","getResource"]]}
]]></system-out>
    </testcase>
    <testcase classname="chrome.136_0_7103_49.windows.Billing_Transfer_-_Intracompany_US127249" name="Should create a new partner" time="129.347">
      <system-out><![CDATA[
COMMAND: POST /session/416ca3a003057b96434a2425fa5e92e2/window/fullscreen - {}
COMMAND: GET /session/416ca3a003057b96434a2425fa5e92e2/screenshot - {}
RESULT: {}
COMMAND: POST /session/416ca3a003057b96434a2425fa5e92e2/execute/async - {"script":"<script> [1562 bytes]","args":[{"selector":{"controlType":"sap.m.GenericTile","properties":{"header":"Manage Partners"}},"wdio_ui5_key":"sapm.GenericTile{\"header\":\"Manage Partners\"}"}]}
RESULT: {}
RESULT: {"script":"<script> [1562 bytes]","args":[{"selector":{"controlType":"sap.m.GenericTile","properties":{"header":"Manage Partners"}},"wdio_ui5_key":"sapm.GenericTile{\"header\":\"Manage Partners\"}"}]}
RESULT: undefined
COMMAND: POST /session/416ca3a003057b96434a2425fa5e92e2/element - {"using":"xpath","value":"//*[@id=\"__tile38\"]"}
RESULT: {"using":"xpath","value":"//*[@id=\"__tile38\"]"}
COMMAND: POST /session/416ca3a003057b96434a2425fa5e92e2/element/f.E04F53A89B741A5C45B2DD6DE3A1F810.d.49B28E7A112DA5896BE2974B098FDFE0.e.6797/click - {}
RESULT: {}
COMMAND: GET /session/416ca3a003057b96434a2425fa5e92e2/screenshot - {}
RESULT: {}
COMMAND: POST /session/416ca3a003057b96434a2425fa5e92e2/elements - {"using":"xpath","value":"//span[text()='Error']"}
RESULT: {"using":"xpath","value":"//span[text()='Error']"}
COMMAND: POST /session/416ca3a003057b96434a2425fa5e92e2/element - {"using":"xpath","value":"//button[@data-kt=\"addButton\"]"}
RESULT: {"using":"xpath","value":"//button[@data-kt=\"addButton\"]"}
COMMAND: POST /session/416ca3a003057b96434a2425fa5e92e2/elements - {"using":"xpath","value":"//button[@data-kt=\"addButton\"]"}
RESULT: {"using":"xpath","value":"//button[@data-kt=\"addButton\"]"}
COMMAND: POST /session/416ca3a003057b96434a2425fa5e92e2/execute/sync - {"script":"<script> [8489 bytes]","args":[{"element-6066-11e4-a52e-4f735466cecf":"f.E04F53A89B741A5C45B2DD6DE3A1F810.d.49B28E7A112DA5896BE2974B098FDFE0.e.7715","ELEMENT":"f.E04F53A89B741A5C45B2DD6DE3A1F810.d.49B28E7A112DA5896BE2974B098FDFE0.e.7715"}]}
RESULT: {"script":"<script> [8489 bytes]","args":[{"element-6066-11e4-a52e-4f735466cecf":"f.E04F53A89B741A5C45B2DD6DE3A1F810.d.49B28E7A112DA5896BE2974B098FDFE0.e.7715","ELEMENT":"f.E04F53A89B741A5C45B2DD6DE3A1F810.d.49B28E7A112DA5896BE2974B098FDFE0.e.7715"}]}
COMMAND: GET /session/416ca3a003057b96434a2425fa5e92e2/element/f.E04F53A89B741A5C45B2DD6DE3A1F810.d.49B28E7A112DA5896BE2974B098FDFE0.e.7715/enabled - {}
COMMAND: GET /session/416ca3a003057b96434a2425fa5e92e2/screenshot - {}
RESULT: {}
COMMAND: POST /session/416ca3a003057b96434a2425fa5e92e2/execute/sync - {"script":"<script> [8489 bytes]","args":[{"element-6066-11e4-a52e-4f735466cecf":"f.E04F53A89B741A5C45B2DD6DE3A1F810.d.49B28E7A112DA5896BE2974B098FDFE0.e.7715","ELEMENT":"f.E04F53A89B741A5C45B2DD6DE3A1F810.d.49B28E7A112DA5896BE2974B098FDFE0.e.7715"}]}
COMMAND: GET /session/416ca3a003057b96434a2425fa5e92e2/screenshot - {}
RESULT: {}
RESULT: {"script":"<script> [8489 bytes]","args":[{"element-6066-11e4-a52e-4f735466cecf":"f.E04F53A89B741A5C45B2DD6DE3A1F810.d.49B28E7A112DA5896BE2974B098FDFE0.e.7715","ELEMENT":"f.E04F53A89B741A5C45B2DD6DE3A1F810.d.49B28E7A112DA5896BE2974B098FDFE0.e.7715"}]}
COMMAND: POST /session/416ca3a003057b96434a2425fa5e92e2/execute/sync - {"script":"<script> [5351 bytes]","args":[{"element-6066-11e4-a52e-4f735466cecf":"f.E04F53A89B741A5C45B2DD6DE3A1F810.d.49B28E7A112DA5896BE2974B098FDFE0.e.7715","ELEMENT":"f.E04F53A89B741A5C45B2DD6DE3A1F810.d.49B28E7A112DA5896BE2974B098FDFE0.e.7715"}]}
COMMAND: GET /session/416ca3a003057b96434a2425fa5e92e2/screenshot - {}
RESULT: {}
RESULT: {"script":"<script> [5351 bytes]","args":[{"element-6066-11e4-a52e-4f735466cecf":"f.E04F53A89B741A5C45B2DD6DE3A1F810.d.49B28E7A112DA5896BE2974B098FDFE0.e.7715","ELEMENT":"f.E04F53A89B741A5C45B2DD6DE3A1F810.d.49B28E7A112DA5896BE2974B098FDFE0.e.7715"}]}
COMMAND: POST /session/416ca3a003057b96434a2425fa5e92e2/element/f.E04F53A89B741A5C45B2DD6DE3A1F810.d.49B28E7A112DA5896BE2974B098FDFE0.e.7715/click - {}
COMMAND: GET /session/416ca3a003057b96434a2425fa5e92e2/screenshot - {}
RESULT: {}
RESULT: {}
COMMAND: GET /session/416ca3a003057b96434a2425fa5e92e2/screenshot - {}
COMMAND: POST /session/416ca3a003057b96434a2425fa5e92e2/execute/async - {"script":"<script> [1562 bytes]","args":[{"selector":{"id":"application-managepartners-display-component---NewPartner--addressDetailDetailsName1","interaction":{"idSuffix":"inner"}},"wdio_ui5_key":"applicationmanagepartners-display-component---NewPartner--addressDetailDetailsName1"}]}
RESULT: {}
RESULT: {}
RESULT: {"script":"<script> [1562 bytes]","args":[{"selector":{"id":"application-managepartners-display-component---NewPartner--addressDetailDetailsName1","interaction":{"idSuffix":"inner"}},"wdio_ui5_key":"applicationmanagepartners-display-component---NewPartner--addressDetailDetailsName1"}]}
RESULT: undefined
COMMAND: POST /session/416ca3a003057b96434a2425fa5e92e2/execute/async - {"script":"<script> [776 bytes]","args":[{"enterText":"Intracompany Partner WDIO","selector":{"id":"application-managepartners-display-component---NewPartner--addressDetailDetailsName1","interaction":{"idSuffix":"inner"}},"clearTextFirst":true,"interactionType":"ENTER_TEXT"}]}
RESULT: {"script":"<script> [776 bytes]","args":[{"enterText":"Intracompany Partner WDIO","selector":{"id":"application-managepartners-display-component---NewPartner--addressDetailDetailsName1","interaction":{"idSuffix":"inner"}},"clearTextFirst":true,"interactionType":"ENTER_TEXT"}]}
COMMAND: POST /session/416ca3a003057b96434a2425fa5e92e2/execute/async - {"script":"<script> [1562 bytes]","args":[{"selector":{"id":"application-managepartners-display-component---NewPartner--addressDetailDetailsLanguage-arrow"},"wdio_ui5_key":"applicationmanagepartners-display-component---NewPartner--addressDetailDetailsLanguage-arrow"}]}
RESULT: {"script":"<script> [1562 bytes]","args":[{"selector":{"id":"application-managepartners-display-component---NewPartner--addressDetailDetailsLanguage-arrow"},"wdio_ui5_key":"applicationmanagepartners-display-component---NewPartner--addressDetailDetailsLanguage-arrow"}]}
RESULT: undefined
COMMAND: POST /session/416ca3a003057b96434a2425fa5e92e2/element - {"using":"xpath","value":"//*[@id=\"application-managepartners-display-component---NewPartner--addressDetailDetailsLanguage-arrow\"]"}
RESULT: {"using":"xpath","value":"//*[@id=\"application-managepartners-display-component---NewPartner--addressDetailDetailsLanguage-arrow\"]"}
COMMAND: POST /session/416ca3a003057b96434a2425fa5e92e2/element/f.E04F53A89B741A5C45B2DD6DE3A1F810.d.49B28E7A112DA5896BE2974B098FDFE0.e.8158/click - {}
RESULT: {}
COMMAND: POST /session/416ca3a003057b96434a2425fa5e92e2/element - {"using":"xpath","value":"//span[contains(text(), \"English\")]"}
COMMAND: GET /session/416ca3a003057b96434a2425fa5e92e2/screenshot - {}
RESULT: {"using":"xpath","value":"//span[contains(text(), \"English\")]"}
COMMAND: POST /session/416ca3a003057b96434a2425fa5e92e2/element/f.E04F53A89B741A5C45B2DD6DE3A1F810.d.49B28E7A112DA5896BE2974B098FDFE0.e.8159/click - {}
RESULT: {}
RESULT: {}
COMMAND: GET /session/416ca3a003057b96434a2425fa5e92e2/screenshot - {}
RESULT: {}
COMMAND: POST /session/416ca3a003057b96434a2425fa5e92e2/execute/async - {"script":"<script> [1562 bytes]","args":[{"selector":{"id":"application-managepartners-display-component---NewPartner--addressDetailDetailsCity1","interaction":{"idSuffix":"inner"}},"wdio_ui5_key":"applicationmanagepartners-display-component---NewPartner--addressDetailDetailsCity1"}]}
RESULT: {"script":"<script> [1562 bytes]","args":[{"selector":{"id":"application-managepartners-display-component---NewPartner--addressDetailDetailsCity1","interaction":{"idSuffix":"inner"}},"wdio_ui5_key":"applicationmanagepartners-display-component---NewPartner--addressDetailDetailsCity1"}]}
RESULT: undefined
COMMAND: POST /session/416ca3a003057b96434a2425fa5e92e2/execute/async - {"script":"<script> [776 bytes]","args":[{"enterText":"Rosario","selector":{"id":"application-managepartners-display-component---NewPartner--addressDetailDetailsCity1","interaction":{"idSuffix":"inner"}},"clearTextFirst":true,"interactionType":"ENTER_TEXT"}]}
RESULT: {"script":"<script> [776 bytes]","args":[{"enterText":"Rosario","selector":{"id":"application-managepartners-display-component---NewPartner--addressDetailDetailsCity1","interaction":{"idSuffix":"inner"}},"clearTextFirst":true,"interactionType":"ENTER_TEXT"}]}
COMMAND: POST /session/416ca3a003057b96434a2425fa5e92e2/execute/async - {"script":"<script> [1562 bytes]","args":[{"selector":{"id":"application-managepartners-display-component---NewPartner--addressDetailDetailsCountry-arrow"},"wdio_ui5_key":"applicationmanagepartners-display-component---NewPartner--addressDetailDetailsCountry-arrow"}]}
RESULT: {"script":"<script> [1562 bytes]","args":[{"selector":{"id":"application-managepartners-display-component---NewPartner--addressDetailDetailsCountry-arrow"},"wdio_ui5_key":"applicationmanagepartners-display-component---NewPartner--addressDetailDetailsCountry-arrow"}]}
RESULT: undefined
COMMAND: POST /session/416ca3a003057b96434a2425fa5e92e2/element - {"using":"xpath","value":"//*[@id=\"application-managepartners-display-component---NewPartner--addressDetailDetailsCountry-arrow\"]"}
RESULT: {"using":"xpath","value":"//*[@id=\"application-managepartners-display-component---NewPartner--addressDetailDetailsCountry-arrow\"]"}
COMMAND: POST /session/416ca3a003057b96434a2425fa5e92e2/element/f.E04F53A89B741A5C45B2DD6DE3A1F810.d.49B28E7A112DA5896BE2974B098FDFE0.e.8145/click - {}
RESULT: {}
COMMAND: POST /session/416ca3a003057b96434a2425fa5e92e2/element - {"using":"xpath","value":"//span[contains(text(), \"Argentina\")]"}
COMMAND: GET /session/416ca3a003057b96434a2425fa5e92e2/screenshot - {}
RESULT: {"using":"xpath","value":"//span[contains(text(), \"Argentina\")]"}
COMMAND: POST /session/416ca3a003057b96434a2425fa5e92e2/element/f.E04F53A89B741A5C45B2DD6DE3A1F810.d.49B28E7A112DA5896BE2974B098FDFE0.e.8161/click - {}
RESULT: {}
RESULT: {}
COMMAND: GET /session/416ca3a003057b96434a2425fa5e92e2/screenshot - {}
RESULT: {}
COMMAND: POST /session/416ca3a003057b96434a2425fa5e92e2/element - {"using":"xpath","value":"//bdi[contains(text(), \"Commercial\")]"}
RESULT: {"using":"xpath","value":"//bdi[contains(text(), \"Commercial\")]"}
COMMAND: POST /session/416ca3a003057b96434a2425fa5e92e2/element/f.E04F53A89B741A5C45B2DD6DE3A1F810.d.49B28E7A112DA5896BE2974B098FDFE0.e.8162/click - {}
RESULT: {}
COMMAND: GET /session/416ca3a003057b96434a2425fa5e92e2/screenshot - {}
RESULT: {}
COMMAND: POST /session/416ca3a003057b96434a2425fa5e92e2/execute/async - {"script":"<script> [1562 bytes]","args":[{"selector":{"id":"application-managepartners-display-component---NewPartner--partnerDetailInternal-arrow"},"wdio_ui5_key":"applicationmanagepartners-display-component---NewPartner--partnerDetailInternal-arrow"}]}
RESULT: {"script":"<script> [1562 bytes]","args":[{"selector":{"id":"application-managepartners-display-component---NewPartner--partnerDetailInternal-arrow"},"wdio_ui5_key":"applicationmanagepartners-display-component---NewPartner--partnerDetailInternal-arrow"}]}
RESULT: undefined
COMMAND: POST /session/416ca3a003057b96434a2425fa5e92e2/element - {"using":"xpath","value":"//*[@id=\"application-managepartners-display-component---NewPartner--partnerDetailInternal-arrow\"]"}
RESULT: {"using":"xpath","value":"//*[@id=\"application-managepartners-display-component---NewPartner--partnerDetailInternal-arrow\"]"}
COMMAND: POST /session/416ca3a003057b96434a2425fa5e92e2/element/f.E04F53A89B741A5C45B2DD6DE3A1F810.d.49B28E7A112DA5896BE2974B098FDFE0.e.8168/click - {}
RESULT: {}
COMMAND: POST /session/416ca3a003057b96434a2425fa5e92e2/element - {"using":"xpath","value":"//span[contains(text(), \"Affiliated company\")]"}
COMMAND: GET /session/416ca3a003057b96434a2425fa5e92e2/screenshot - {}
RESULT: {"using":"xpath","value":"//span[contains(text(), \"Affiliated company\")]"}
COMMAND: POST /session/416ca3a003057b96434a2425fa5e92e2/element/f.E04F53A89B741A5C45B2DD6DE3A1F810.d.49B28E7A112DA5896BE2974B098FDFE0.e.8169/click - {}
RESULT: {}
RESULT: {}
COMMAND: POST /session/416ca3a003057b96434a2425fa5e92e2/execute/async - {"script":"<script> [1562 bytes]","args":[{"selector":{"id":"application-managepartners-display-component---NewPartner--partnerDetailsCurrency-arrow"},"wdio_ui5_key":"applicationmanagepartners-display-component---NewPartner--partnerDetailsCurrency-arrow"}]}
COMMAND: GET /session/416ca3a003057b96434a2425fa5e92e2/screenshot - {}
RESULT: {"script":"<script> [1562 bytes]","args":[{"selector":{"id":"application-managepartners-display-component---NewPartner--partnerDetailsCurrency-arrow"},"wdio_ui5_key":"applicationmanagepartners-display-component---NewPartner--partnerDetailsCurrency-arrow"}]}
RESULT: undefined
COMMAND: POST /session/416ca3a003057b96434a2425fa5e92e2/element - {"using":"xpath","value":"//*[@id=\"application-managepartners-display-component---NewPartner--partnerDetailsCurrency-arrow\"]"}
RESULT: {}
RESULT: {"using":"xpath","value":"//*[@id=\"application-managepartners-display-component---NewPartner--partnerDetailsCurrency-arrow\"]"}
COMMAND: POST /session/416ca3a003057b96434a2425fa5e92e2/element/f.E04F53A89B741A5C45B2DD6DE3A1F810.d.49B28E7A112DA5896BE2974B098FDFE0.e.8176/click - {}
RESULT: {}
COMMAND: POST /session/416ca3a003057b96434a2425fa5e92e2/element - {"using":"xpath","value":"//span[contains(text(), \"Euro\")]"}
COMMAND: GET /session/416ca3a003057b96434a2425fa5e92e2/screenshot - {}
RESULT: {"using":"xpath","value":"//span[contains(text(), \"Euro\")]"}
COMMAND: POST /session/416ca3a003057b96434a2425fa5e92e2/element/f.E04F53A89B741A5C45B2DD6DE3A1F810.d.49B28E7A112DA5896BE2974B098FDFE0.e.8177/click - {}
RESULT: {}
RESULT: {}
COMMAND: POST /session/416ca3a003057b96434a2425fa5e92e2/execute/async - {"script":"<script> [1562 bytes]","args":[{"selector":{"id":"application-managepartners-display-component---NewPartner--addressEditDetailsCostObjectCstType-arrow"},"wdio_ui5_key":"applicationmanagepartners-display-component---NewPartner--addressEditDetailsCostObjectCstType-arrow"}]}
COMMAND: GET /session/416ca3a003057b96434a2425fa5e92e2/screenshot - {}
RESULT: {"script":"<script> [1562 bytes]","args":[{"selector":{"id":"application-managepartners-display-component---NewPartner--addressEditDetailsCostObjectCstType-arrow"},"wdio_ui5_key":"applicationmanagepartners-display-component---NewPartner--addressEditDetailsCostObjectCstType-arrow"}]}
RESULT: undefined
COMMAND: POST /session/416ca3a003057b96434a2425fa5e92e2/element - {"using":"xpath","value":"//*[@id=\"application-managepartners-display-component---NewPartner--addressEditDetailsCostObjectCstType-arrow\"]"}
RESULT: {}
RESULT: {"using":"xpath","value":"//*[@id=\"application-managepartners-display-component---NewPartner--addressEditDetailsCostObjectCstType-arrow\"]"}
COMMAND: POST /session/416ca3a003057b96434a2425fa5e92e2/element/f.E04F53A89B741A5C45B2DD6DE3A1F810.d.49B28E7A112DA5896BE2974B098FDFE0.e.8178/click - {}
RESULT: {}
COMMAND: POST /session/416ca3a003057b96434a2425fa5e92e2/element - {"using":"xpath","value":"//span[contains(text(), \"Cost Center\")]"}
COMMAND: GET /session/416ca3a003057b96434a2425fa5e92e2/screenshot - {}
RESULT: {"using":"xpath","value":"//span[contains(text(), \"Cost Center\")]"}
COMMAND: POST /session/416ca3a003057b96434a2425fa5e92e2/element/f.E04F53A89B741A5C45B2DD6DE3A1F810.d.49B28E7A112DA5896BE2974B098FDFE0.e.8179/click - {}
RESULT: {}
RESULT: {}
COMMAND: GET /session/416ca3a003057b96434a2425fa5e92e2/screenshot - {}
RESULT: {}
COMMAND: POST /session/416ca3a003057b96434a2425fa5e92e2/element - {"using":"xpath","value":"//span[@id=\"application-managepartners-display-component---NewPartner--addressNewCostObjectCstID-vhi\"]"}
RESULT: {"using":"xpath","value":"//span[@id=\"application-managepartners-display-component---NewPartner--addressNewCostObjectCstID-vhi\"]"}
COMMAND: POST /session/416ca3a003057b96434a2425fa5e92e2/execute/sync - {"script":"<script> [8489 bytes]","args":[{"element-6066-11e4-a52e-4f735466cecf":"f.E04F53A89B741A5C45B2DD6DE3A1F810.d.49B28E7A112DA5896BE2974B098FDFE0.e.8183","ELEMENT":"f.E04F53A89B741A5C45B2DD6DE3A1F810.d.49B28E7A112DA5896BE2974B098FDFE0.e.8183"}]}
RESULT: {"script":"<script> [8489 bytes]","args":[{"element-6066-11e4-a52e-4f735466cecf":"f.E04F53A89B741A5C45B2DD6DE3A1F810.d.49B28E7A112DA5896BE2974B098FDFE0.e.8183","ELEMENT":"f.E04F53A89B741A5C45B2DD6DE3A1F810.d.49B28E7A112DA5896BE2974B098FDFE0.e.8183"}]}
COMMAND: POST /session/416ca3a003057b96434a2425fa5e92e2/execute/async - {"script":"<script> [1562 bytes]","args":[{"selector":{"id":"application-managepartners-display-component---NewPartner--addressNewCostObjectCstID-vhi"},"wdio_ui5_key":"applicationmanagepartners-display-component---NewPartner--addressNewCostObjectCstID-vhi"}]}
COMMAND: GET /session/416ca3a003057b96434a2425fa5e92e2/screenshot - {}
RESULT: {"script":"<script> [1562 bytes]","args":[{"selector":{"id":"application-managepartners-display-component---NewPartner--addressNewCostObjectCstID-vhi"},"wdio_ui5_key":"applicationmanagepartners-display-component---NewPartner--addressNewCostObjectCstID-vhi"}]}
RESULT: undefined
COMMAND: POST /session/416ca3a003057b96434a2425fa5e92e2/element - {"using":"xpath","value":"//*[@id=\"application-managepartners-display-component---NewPartner--addressNewCostObjectCstID-vhi\"]"}
RESULT: {}
RESULT: {"using":"xpath","value":"//*[@id=\"application-managepartners-display-component---NewPartner--addressNewCostObjectCstID-vhi\"]"}
COMMAND: POST /session/416ca3a003057b96434a2425fa5e92e2/element/f.E04F53A89B741A5C45B2DD6DE3A1F810.d.49B28E7A112DA5896BE2974B098FDFE0.e.8183/click - {}
RESULT: {}
COMMAND: GET /session/416ca3a003057b96434a2425fa5e92e2/screenshot - {}
RESULT: {}
RESULT: undefined
COMMAND: POST /session/416ca3a003057b96434a2425fa5e92e2/execute/async - {"script":"<script> [776 bytes]","args":[{"enterText":"10001013","selector":{"controlType":"sap.m.SearchField","properties":{"placeholder":"Search"},"searchOpenDialogs":true,"interaction":{"idSuffix":"I"}},"clearTextFirst":true,"interactionType":"ENTER_TEXT"}]}
RESULT: {"script":"<script> [776 bytes]","args":[{"enterText":"10001013","selector":{"controlType":"sap.m.SearchField","properties":{"placeholder":"Search"},"searchOpenDialogs":true,"interaction":{"idSuffix":"I"}},"clearTextFirst":true,"interactionType":"ENTER_TEXT"}]}
COMMAND: POST /session/416ca3a003057b96434a2425fa5e92e2/actions - {"actions":[{"id":"action25","type":"key","parameters":{},"actions":[{"type":"keyDown","value":"î€‡"},{"type":"pause","duration":10},{"type":"keyUp","value":"î€‡"}]}]}
RESULT: {"actions":[{"id":"action25","type":"key","parameters":{},"actions":[{"type":"keyDown","value":"î€‡"},{"type":"pause","duration":10},{"type":"keyUp","value":"î€‡"}]}]}
COMMAND: GET /session/416ca3a003057b96434a2425fa5e92e2/screenshot - {}
RESULT: {}
COMMAND: POST /session/416ca3a003057b96434a2425fa5e92e2/element - {"using":"xpath","value":"//span[contains(text(), \"General Management\")]"}
RESULT: {"using":"xpath","value":"//span[contains(text(), \"General Management\")]"}
COMMAND: POST /session/416ca3a003057b96434a2425fa5e92e2/element/f.E04F53A89B741A5C45B2DD6DE3A1F810.d.49B28E7A112DA5896BE2974B098FDFE0.e.8221/click - {}
RESULT: {}
COMMAND: GET /session/416ca3a003057b96434a2425fa5e92e2/screenshot - {}
RESULT: {}
COMMAND: POST /session/416ca3a003057b96434a2425fa5e92e2/element - {"using":"xpath","value":"//bdi[contains(text(), \"OK\")]"}
RESULT: {"using":"xpath","value":"//bdi[contains(text(), \"OK\")]"}
COMMAND: POST /session/416ca3a003057b96434a2425fa5e92e2/element/f.E04F53A89B741A5C45B2DD6DE3A1F810.d.49B28E7A112DA5896BE2974B098FDFE0.e.8222/click - {}
RESULT: {}
COMMAND: GET /session/416ca3a003057b96434a2425fa5e92e2/screenshot - {}
RESULT: {}
COMMAND: POST /session/416ca3a003057b96434a2425fa5e92e2/element - {"using":"xpath","value":"//input[@id=\"application-managepartners-display-component---NewPartner--companyCodeComboBox-inner\"]"}
RESULT: {"using":"xpath","value":"//input[@id=\"application-managepartners-display-component---NewPartner--companyCodeComboBox-inner\"]"}
COMMAND: POST /session/416ca3a003057b96434a2425fa5e92e2/element/f.E04F53A89B741A5C45B2DD6DE3A1F810.d.49B28E7A112DA5896BE2974B098FDFE0.e.8013/clear - {}
RESULT: {}
COMMAND: POST /session/416ca3a003057b96434a2425fa5e92e2/element/f.E04F53A89B741A5C45B2DD6DE3A1F810.d.49B28E7A112DA5896BE2974B098FDFE0.e.8013/value - {"text":"1000"}
COMMAND: GET /session/416ca3a003057b96434a2425fa5e92e2/screenshot - {}
RESULT: {"text":"1000"}
COMMAND: GET /session/416ca3a003057b96434a2425fa5e92e2/screenshot - {}
RESULT: {}
RESULT: {}
COMMAND: POST /session/416ca3a003057b96434a2425fa5e92e2/element - {"using":"xpath","value":"//li[.//span[text()= \"1000\"]]"}
RESULT: {"using":"xpath","value":"//li[.//span[text()= \"1000\"]]"}
COMMAND: POST /session/416ca3a003057b96434a2425fa5e92e2/element/f.E04F53A89B741A5C45B2DD6DE3A1F810.d.49B28E7A112DA5896BE2974B098FDFE0.e.8228/click - {}
RESULT: {}
COMMAND: GET /session/416ca3a003057b96434a2425fa5e92e2/screenshot - {}
RESULT: {}
COMMAND: POST /session/416ca3a003057b96434a2425fa5e92e2/execute/async - {"script":"<script> [1562 bytes]","args":[{"selector":{"id":"application-managepartners-display-component---NewPartner--btnAddTableRow-img"},"wdio_ui5_key":"applicationmanagepartners-display-component---NewPartner--btnAddTableRow-img"}]}
RESULT: {"script":"<script> [1562 bytes]","args":[{"selector":{"id":"application-managepartners-display-component---NewPartner--btnAddTableRow-img"},"wdio_ui5_key":"applicationmanagepartners-display-component---NewPartner--btnAddTableRow-img"}]}
RESULT: undefined
COMMAND: POST /session/416ca3a003057b96434a2425fa5e92e2/element - {"using":"xpath","value":"//*[@id=\"application-managepartners-display-component---NewPartner--btnAddTableRow-img\"]"}
RESULT: {"using":"xpath","value":"//*[@id=\"application-managepartners-display-component---NewPartner--btnAddTableRow-img\"]"}
COMMAND: POST /session/416ca3a003057b96434a2425fa5e92e2/element/f.E04F53A89B741A5C45B2DD6DE3A1F810.d.49B28E7A112DA5896BE2974B098FDFE0.e.8229/click - {}
RESULT: {}
COMMAND: GET /session/416ca3a003057b96434a2425fa5e92e2/screenshot - {}
RESULT: {}
COMMAND: POST /session/416ca3a003057b96434a2425fa5e92e2/element - {"using":"xpath","value":"//input[@id=\"application-managepartners-display-component---NewPartner--assignmentYard-application-managepartners-display-component---NewPartner--assignmentsTable-0-inner\"]"}
RESULT: {"using":"xpath","value":"//input[@id=\"application-managepartners-display-component---NewPartner--assignmentYard-application-managepartners-display-component---NewPartner--assignmentsTable-0-inner\"]"}
COMMAND: POST /session/416ca3a003057b96434a2425fa5e92e2/element/f.E04F53A89B741A5C45B2DD6DE3A1F810.d.49B28E7A112DA5896BE2974B098FDFE0.e.8232/clear - {}
RESULT: {}
COMMAND: POST /session/416ca3a003057b96434a2425fa5e92e2/element/f.E04F53A89B741A5C45B2DD6DE3A1F810.d.49B28E7A112DA5896BE2974B098FDFE0.e.8232/value - {"text":"369"}
COMMAND: GET /session/416ca3a003057b96434a2425fa5e92e2/screenshot - {}
RESULT: {"text":"369"}
COMMAND: GET /session/416ca3a003057b96434a2425fa5e92e2/screenshot - {}
RESULT: {}
RESULT: {}
COMMAND: POST /session/416ca3a003057b96434a2425fa5e92e2/element - {"using":"xpath","value":"//li[.//span[text()='369']]"}
RESULT: {"using":"xpath","value":"//li[.//span[text()='369']]"}
COMMAND: POST /session/416ca3a003057b96434a2425fa5e92e2/element/f.E04F53A89B741A5C45B2DD6DE3A1F810.d.49B28E7A112DA5896BE2974B098FDFE0.e.8241/click - {}
RESULT: {}
COMMAND: GET /session/416ca3a003057b96434a2425fa5e92e2/screenshot - {}
RESULT: {}
COMMAND: POST /session/416ca3a003057b96434a2425fa5e92e2/actions - {"actions":[{"id":"action26","type":"key","parameters":{},"actions":[{"type":"keyDown","value":"î€‡"},{"type":"pause","duration":10},{"type":"keyUp","value":"î€‡"}]}]}
RESULT: {"actions":[{"id":"action26","type":"key","parameters":{},"actions":[{"type":"keyDown","value":"î€‡"},{"type":"pause","duration":10},{"type":"keyUp","value":"î€‡"}]}]}
COMMAND: POST /session/416ca3a003057b96434a2425fa5e92e2/execute/async - {"script":"<script> [1562 bytes]","args":[{"selector":{"id":"application-managepartners-display-component---NewPartner--externalCustomerComboBox-application-managepartners-display-component---NewPartner--assignmentsTable-0-vhi"},"wdio_ui5_key":"applicationmanagepartners-display-component---NewPartner--externalCustomerComboBox-application-managepartners-display-component---NewPartner--assignmentsTable-0-vhi"}]}
COMMAND: GET /session/416ca3a003057b96434a2425fa5e92e2/screenshot - {}
RESULT: {"script":"<script> [1562 bytes]","args":[{"selector":{"id":"application-managepartners-display-component---NewPartner--externalCustomerComboBox-application-managepartners-display-component---NewPartner--assignmentsTable-0-vhi"},"wdio_ui5_key":"applicationmanagepartners-display-component---NewPartner--externalCustomerComboBox-application-managepartners-display-component---NewPartner--assignmentsTable-0-vhi"}]}
RESULT: undefined
COMMAND: POST /session/416ca3a003057b96434a2425fa5e92e2/element - {"using":"xpath","value":"//*[@id=\"application-managepartners-display-component---NewPartner--externalCustomerComboBox-application-managepartners-display-component---NewPartner--assignmentsTable-0-vhi\"]"}
RESULT: {}
RESULT: {"using":"xpath","value":"//*[@id=\"application-managepartners-display-component---NewPartner--externalCustomerComboBox-application-managepartners-display-component---NewPartner--assignmentsTable-0-vhi\"]"}
COMMAND: POST /session/416ca3a003057b96434a2425fa5e92e2/element/f.E04F53A89B741A5C45B2DD6DE3A1F810.d.49B28E7A112DA5896BE2974B098FDFE0.e.8245/click - {}
RESULT: {}
RESULT: undefined
COMMAND: POST /session/416ca3a003057b96434a2425fa5e92e2/execute/async - {"script":"<script> [776 bytes]","args":[{"enterText":"300003","selector":{"controlType":"sap.m.SearchField","properties":{"placeholder":"Search"},"searchOpenDialogs":true,"interaction":{"idSuffix":"I"}},"clearTextFirst":true,"interactionType":"ENTER_TEXT"}]}
COMMAND: GET /session/416ca3a003057b96434a2425fa5e92e2/screenshot - {}
RESULT: {"script":"<script> [776 bytes]","args":[{"enterText":"300003","selector":{"controlType":"sap.m.SearchField","properties":{"placeholder":"Search"},"searchOpenDialogs":true,"interaction":{"idSuffix":"I"}},"clearTextFirst":true,"interactionType":"ENTER_TEXT"}]}
COMMAND: POST /session/416ca3a003057b96434a2425fa5e92e2/actions - {"actions":[{"id":"action27","type":"key","parameters":{},"actions":[{"type":"keyDown","value":"î€‡"},{"type":"pause","duration":10},{"type":"keyUp","value":"î€‡"}]}]}
RESULT: {}
RESULT: {"actions":[{"id":"action27","type":"key","parameters":{},"actions":[{"type":"keyDown","value":"î€‡"},{"type":"pause","duration":10},{"type":"keyUp","value":"î€‡"}]}]}
COMMAND: GET /session/416ca3a003057b96434a2425fa5e92e2/screenshot - {}
RESULT: {}
COMMAND: POST /session/416ca3a003057b96434a2425fa5e92e2/element - {"using":"xpath","value":"//span[contains(text(), \"300003\")]"}
RESULT: {"using":"xpath","value":"//span[contains(text(), \"300003\")]"}
COMMAND: POST /session/416ca3a003057b96434a2425fa5e92e2/element/f.E04F53A89B741A5C45B2DD6DE3A1F810.d.49B28E7A112DA5896BE2974B098FDFE0.e.8263/click - {}
RESULT: {}
COMMAND: GET /session/416ca3a003057b96434a2425fa5e92e2/screenshot - {}
RESULT: {}
COMMAND: POST /session/416ca3a003057b96434a2425fa5e92e2/element - {"using":"xpath","value":"//bdi[contains(text(), \"OK\")]"}
RESULT: {"using":"xpath","value":"//bdi[contains(text(), \"OK\")]"}
COMMAND: POST /session/416ca3a003057b96434a2425fa5e92e2/element/f.E04F53A89B741A5C45B2DD6DE3A1F810.d.49B28E7A112DA5896BE2974B098FDFE0.e.8265/click - {}
RESULT: {}
COMMAND: GET /session/416ca3a003057b96434a2425fa5e92e2/screenshot - {}
RESULT: {}
COMMAND: POST /session/416ca3a003057b96434a2425fa5e92e2/execute/async - {"script":"<script> [1562 bytes]","args":[{"selector":{"id":"application-managepartners-display-component---NewPartner--intercompVendorComboBox-application-managepartners-display-component---NewPartner--assignmentsTable-0-vhi"},"wdio_ui5_key":"applicationmanagepartners-display-component---NewPartner--intercompVendorComboBox-application-managepartners-display-component---NewPartner--assignmentsTable-0-vhi"}]}
RESULT: {"script":"<script> [1562 bytes]","args":[{"selector":{"id":"application-managepartners-display-component---NewPartner--intercompVendorComboBox-application-managepartners-display-component---NewPartner--assignmentsTable-0-vhi"},"wdio_ui5_key":"applicationmanagepartners-display-component---NewPartner--intercompVendorComboBox-application-managepartners-display-component---NewPartner--assignmentsTable-0-vhi"}]}
RESULT: undefined
COMMAND: POST /session/416ca3a003057b96434a2425fa5e92e2/element - {"using":"xpath","value":"//*[@id=\"application-managepartners-display-component---NewPartner--intercompVendorComboBox-application-managepartners-display-component---NewPartner--assignmentsTable-0-vhi\"]"}
RESULT: {"using":"xpath","value":"//*[@id=\"application-managepartners-display-component---NewPartner--intercompVendorComboBox-application-managepartners-display-component---NewPartner--assignmentsTable-0-vhi\"]"}
COMMAND: POST /session/416ca3a003057b96434a2425fa5e92e2/element/f.E04F53A89B741A5C45B2DD6DE3A1F810.d.49B28E7A112DA5896BE2974B098FDFE0.e.8268/click - {}
RESULT: {}
RESULT: undefined
COMMAND: POST /session/416ca3a003057b96434a2425fa5e92e2/execute/async - {"script":"<script> [776 bytes]","args":[{"enterText":"100005","selector":{"controlType":"sap.m.SearchField","properties":{"placeholder":"Search"},"searchOpenDialogs":true,"interaction":{"idSuffix":"I"}},"clearTextFirst":true,"interactionType":"ENTER_TEXT"}]}
COMMAND: GET /session/416ca3a003057b96434a2425fa5e92e2/screenshot - {}
RESULT: {"script":"<script> [776 bytes]","args":[{"enterText":"100005","selector":{"controlType":"sap.m.SearchField","properties":{"placeholder":"Search"},"searchOpenDialogs":true,"interaction":{"idSuffix":"I"}},"clearTextFirst":true,"interactionType":"ENTER_TEXT"}]}
COMMAND: POST /session/416ca3a003057b96434a2425fa5e92e2/actions - {"actions":[{"id":"action28","type":"key","parameters":{},"actions":[{"type":"keyDown","value":"î€‡"},{"type":"pause","duration":10},{"type":"keyUp","value":"î€‡"}]}]}
RESULT: {}
RESULT: {"actions":[{"id":"action28","type":"key","parameters":{},"actions":[{"type":"keyDown","value":"î€‡"},{"type":"pause","duration":10},{"type":"keyUp","value":"î€‡"}]}]}
COMMAND: GET /session/416ca3a003057b96434a2425fa5e92e2/screenshot - {}
RESULT: {}
COMMAND: POST /session/416ca3a003057b96434a2425fa5e92e2/element - {"using":"xpath","value":"//span[contains(text(), \"Penguins - Field/12345 Berlin\")]"}
RESULT: {"using":"xpath","value":"//span[contains(text(), \"Penguins - Field/12345 Berlin\")]"}
COMMAND: POST /session/416ca3a003057b96434a2425fa5e92e2/element/f.E04F53A89B741A5C45B2DD6DE3A1F810.d.49B28E7A112DA5896BE2974B098FDFE0.e.8286/click - {}
RESULT: {}
COMMAND: GET /session/416ca3a003057b96434a2425fa5e92e2/screenshot - {}
RESULT: {}
COMMAND: POST /session/416ca3a003057b96434a2425fa5e92e2/element - {"using":"xpath","value":"//bdi[contains(text(), \"OK\")]"}
RESULT: {"using":"xpath","value":"//bdi[contains(text(), \"OK\")]"}
COMMAND: POST /session/416ca3a003057b96434a2425fa5e92e2/element/f.E04F53A89B741A5C45B2DD6DE3A1F810.d.49B28E7A112DA5896BE2974B098FDFE0.e.8287/click - {}
RESULT: {}
COMMAND: GET /session/416ca3a003057b96434a2425fa5e92e2/screenshot - {}
RESULT: {}
COMMAND: POST /session/416ca3a003057b96434a2425fa5e92e2/element - {"using":"xpath","value":"//button[@data-kt=\"saveButton\"]"}
RESULT: {"using":"xpath","value":"//button[@data-kt=\"saveButton\"]"}
COMMAND: POST /session/416ca3a003057b96434a2425fa5e92e2/element/f.E04F53A89B741A5C45B2DD6DE3A1F810.d.49B28E7A112DA5896BE2974B098FDFE0.e.8080/click - {}
RESULT: {}
COMMAND: GET /session/416ca3a003057b96434a2425fa5e92e2/screenshot - {}
RESULT: {}
COMMAND: POST /session/416ca3a003057b96434a2425fa5e92e2/element - {"using":"xpath","value":"//header[contains(@id, 'ObjectPageLayout-headerTitle')]/div[1]/div[2]/div[2]/span[1]"}
RESULT: {"using":"xpath","value":"//header[contains(@id, 'ObjectPageLayout-headerTitle')]/div[1]/div[2]/div[2]/span[1]"}
COMMAND: POST /session/416ca3a003057b96434a2425fa5e92e2/elements - {"using":"xpath","value":"//header[contains(@id, 'ObjectPageLayout-headerTitle')]/div[1]/div[2]/div[2]/span[1]"}
RESULT: {"using":"xpath","value":"//header[contains(@id, 'ObjectPageLayout-headerTitle')]/div[1]/div[2]/div[2]/span[1]"}
COMMAND: POST /session/416ca3a003057b96434a2425fa5e92e2/execute/sync - {"script":"<script> [56 bytes]","args":[{"element-6066-11e4-a52e-4f735466cecf":"f.E04F53A89B741A5C45B2DD6DE3A1F810.d.49B28E7A112DA5896BE2974B098FDFE0.e.8451","ELEMENT":"f.E04F53A89B741A5C45B2DD6DE3A1F810.d.49B28E7A112DA5896BE2974B098FDFE0.e.8451"}]}
RESULT: {"script":"<script> [56 bytes]","args":[{"element-6066-11e4-a52e-4f735466cecf":"f.E04F53A89B741A5C45B2DD6DE3A1F810.d.49B28E7A112DA5896BE2974B098FDFE0.e.8451","ELEMENT":"f.E04F53A89B741A5C45B2DD6DE3A1F810.d.49B28E7A112DA5896BE2974B098FDFE0.e.8451"}]}
COMMAND: POST /session/416ca3a003057b96434a2425fa5e92e2/element - {"using":"css selector","value":"#shell-header-logo"}
COMMAND: GET /session/416ca3a003057b96434a2425fa5e92e2/screenshot - {}
RESULT: {"using":"css selector","value":"#shell-header-logo"}
COMMAND: POST /session/416ca3a003057b96434a2425fa5e92e2/element/f.E04F53A89B741A5C45B2DD6DE3A1F810.d.49B28E7A112DA5896BE2974B098FDFE0.e.7670/click - {}
RESULT: {}
RESULT: {}
COMMAND: GET /session/416ca3a003057b96434a2425fa5e92e2/screenshot - {}
RESULT: {}
COMMAND: POST /session/416ca3a003057b96434a2425fa5e92e2/execute/sync - {"script":"<script> [299 bytes]","args":[["getModel","getResource"]]}
RESULT: {"script":"<script> [299 bytes]","args":[["getModel","getResource"]]}
COMMAND: GET /session/416ca3a003057b96434a2425fa5e92e2/screenshot - {}
]]></system-out>
    </testcase>
    <testcase classname="chrome.136_0_7103_49.windows.Billing_Transfer_-_Intracompany_US127249" name="Should create a new site" time="90.955">
      <system-out><![CDATA[
COMMAND: POST /session/416ca3a003057b96434a2425fa5e92e2/execute/async - {"script":"<script> [1562 bytes]","args":[{"selector":{"controlType":"sap.m.GenericTile","properties":{"header":"Manage Sites"}},"wdio_ui5_key":"sapm.GenericTile{\"header\":\"Manage Sites\"}"}]}
RESULT: {}
RESULT: {"script":"<script> [1562 bytes]","args":[{"selector":{"controlType":"sap.m.GenericTile","properties":{"header":"Manage Sites"}},"wdio_ui5_key":"sapm.GenericTile{\"header\":\"Manage Sites\"}"}]}
RESULT: undefined
COMMAND: POST /session/416ca3a003057b96434a2425fa5e92e2/element - {"using":"xpath","value":"//*[@id=\"__tile40\"]"}
RESULT: {"using":"xpath","value":"//*[@id=\"__tile40\"]"}
COMMAND: POST /session/416ca3a003057b96434a2425fa5e92e2/element/f.E04F53A89B741A5C45B2DD6DE3A1F810.d.49B28E7A112DA5896BE2974B098FDFE0.e.6803/click - {}
RESULT: {}
COMMAND: GET /session/416ca3a003057b96434a2425fa5e92e2/screenshot - {}
RESULT: {}
COMMAND: POST /session/416ca3a003057b96434a2425fa5e92e2/elements - {"using":"xpath","value":"//span[text()='Error']"}
RESULT: {"using":"xpath","value":"//span[text()='Error']"}
COMMAND: POST /session/416ca3a003057b96434a2425fa5e92e2/element - {"using":"xpath","value":"//button[@data-kt=\"addOverflowToolbarButton\"]"}
RESULT: {"using":"xpath","value":"//button[@data-kt=\"addOverflowToolbarButton\"]"}
COMMAND: POST /session/416ca3a003057b96434a2425fa5e92e2/elements - {"using":"xpath","value":"//button[@data-kt=\"addOverflowToolbarButton\"]"}
RESULT: {"using":"xpath","value":"//button[@data-kt=\"addOverflowToolbarButton\"]"}
COMMAND: POST /session/416ca3a003057b96434a2425fa5e92e2/execute/sync - {"script":"<script> [8489 bytes]","args":[{"element-6066-11e4-a52e-4f735466cecf":"f.E04F53A89B741A5C45B2DD6DE3A1F810.d.49B28E7A112DA5896BE2974B098FDFE0.e.8490","ELEMENT":"f.E04F53A89B741A5C45B2DD6DE3A1F810.d.49B28E7A112DA5896BE2974B098FDFE0.e.8490"}]}
RESULT: {"script":"<script> [8489 bytes]","args":[{"element-6066-11e4-a52e-4f735466cecf":"f.E04F53A89B741A5C45B2DD6DE3A1F810.d.49B28E7A112DA5896BE2974B098FDFE0.e.8490","ELEMENT":"f.E04F53A89B741A5C45B2DD6DE3A1F810.d.49B28E7A112DA5896BE2974B098FDFE0.e.8490"}]}
COMMAND: GET /session/416ca3a003057b96434a2425fa5e92e2/element/f.E04F53A89B741A5C45B2DD6DE3A1F810.d.49B28E7A112DA5896BE2974B098FDFE0.e.8490/enabled - {}
COMMAND: GET /session/416ca3a003057b96434a2425fa5e92e2/screenshot - {}
RESULT: {}
COMMAND: POST /session/416ca3a003057b96434a2425fa5e92e2/execute/sync - {"script":"<script> [8489 bytes]","args":[{"element-6066-11e4-a52e-4f735466cecf":"f.E04F53A89B741A5C45B2DD6DE3A1F810.d.49B28E7A112DA5896BE2974B098FDFE0.e.8490","ELEMENT":"f.E04F53A89B741A5C45B2DD6DE3A1F810.d.49B28E7A112DA5896BE2974B098FDFE0.e.8490"}]}
COMMAND: GET /session/416ca3a003057b96434a2425fa5e92e2/screenshot - {}
RESULT: {}
RESULT: {"script":"<script> [8489 bytes]","args":[{"element-6066-11e4-a52e-4f735466cecf":"f.E04F53A89B741A5C45B2DD6DE3A1F810.d.49B28E7A112DA5896BE2974B098FDFE0.e.8490","ELEMENT":"f.E04F53A89B741A5C45B2DD6DE3A1F810.d.49B28E7A112DA5896BE2974B098FDFE0.e.8490"}]}
COMMAND: POST /session/416ca3a003057b96434a2425fa5e92e2/execute/sync - {"script":"<script> [5351 bytes]","args":[{"element-6066-11e4-a52e-4f735466cecf":"f.E04F53A89B741A5C45B2DD6DE3A1F810.d.49B28E7A112DA5896BE2974B098FDFE0.e.8490","ELEMENT":"f.E04F53A89B741A5C45B2DD6DE3A1F810.d.49B28E7A112DA5896BE2974B098FDFE0.e.8490"}]}
COMMAND: GET /session/416ca3a003057b96434a2425fa5e92e2/screenshot - {}
RESULT: {}
RESULT: {"script":"<script> [5351 bytes]","args":[{"element-6066-11e4-a52e-4f735466cecf":"f.E04F53A89B741A5C45B2DD6DE3A1F810.d.49B28E7A112DA5896BE2974B098FDFE0.e.8490","ELEMENT":"f.E04F53A89B741A5C45B2DD6DE3A1F810.d.49B28E7A112DA5896BE2974B098FDFE0.e.8490"}]}
COMMAND: POST /session/416ca3a003057b96434a2425fa5e92e2/element/f.E04F53A89B741A5C45B2DD6DE3A1F810.d.49B28E7A112DA5896BE2974B098FDFE0.e.8490/click - {}
COMMAND: GET /session/416ca3a003057b96434a2425fa5e92e2/screenshot - {}
RESULT: {}
RESULT: {}
COMMAND: GET /session/416ca3a003057b96434a2425fa5e92e2/screenshot - {}
RESULT: {}
COMMAND: POST /session/416ca3a003057b96434a2425fa5e92e2/element - {"using":"xpath","value":"//input[@id=\"application-managesites-display-component---NewSite--siteId-inner\"]"}
RESULT: {}
RESULT: {"using":"xpath","value":"//input[@id=\"application-managesites-display-component---NewSite--siteId-inner\"]"}
COMMAND: POST /session/416ca3a003057b96434a2425fa5e92e2/element - {"using":"xpath","value":"//input[@id=\"application-managesites-display-component---NewSite--siteId-inner\"]"}
RESULT: {"using":"xpath","value":"//input[@id=\"application-managesites-display-component---NewSite--siteId-inner\"]"}
COMMAND: POST /session/416ca3a003057b96434a2425fa5e92e2/execute/async - {"script":"<script> [1562 bytes]","args":[{"selector":{"id":"application-managesites-display-component---NewSite--addressDetailDetailsName1","interaction":{"idSuffix":"inner"}},"wdio_ui5_key":"applicationmanagesites-display-component---NewSite--addressDetailDetailsName1"}]}
RESULT: {"script":"<script> [1562 bytes]","args":[{"selector":{"id":"application-managesites-display-component---NewSite--addressDetailDetailsName1","interaction":{"idSuffix":"inner"}},"wdio_ui5_key":"applicationmanagesites-display-component---NewSite--addressDetailDetailsName1"}]}
RESULT: undefined
COMMAND: POST /session/416ca3a003057b96434a2425fa5e92e2/execute/async - {"script":"<script> [776 bytes]","args":[{"enterText":"Intracompany Site wdIO","selector":{"id":"application-managesites-display-component---NewSite--addressDetailDetailsName1","interaction":{"idSuffix":"inner"}},"clearTextFirst":true,"interactionType":"ENTER_TEXT"}]}
RESULT: {"script":"<script> [776 bytes]","args":[{"enterText":"Intracompany Site wdIO","selector":{"id":"application-managesites-display-component---NewSite--addressDetailDetailsName1","interaction":{"idSuffix":"inner"}},"clearTextFirst":true,"interactionType":"ENTER_TEXT"}]}
COMMAND: POST /session/416ca3a003057b96434a2425fa5e92e2/execute/async - {"script":"<script> [1562 bytes]","args":[{"selector":{"id":"application-managesites-display-component---NewSite--addressDetailDetailsLanguage-arrow"},"wdio_ui5_key":"applicationmanagesites-display-component---NewSite--addressDetailDetailsLanguage-arrow"}]}
RESULT: {"script":"<script> [1562 bytes]","args":[{"selector":{"id":"application-managesites-display-component---NewSite--addressDetailDetailsLanguage-arrow"},"wdio_ui5_key":"applicationmanagesites-display-component---NewSite--addressDetailDetailsLanguage-arrow"}]}
RESULT: undefined
COMMAND: POST /session/416ca3a003057b96434a2425fa5e92e2/element - {"using":"xpath","value":"//*[@id=\"application-managesites-display-component---NewSite--addressDetailDetailsLanguage-arrow\"]"}
RESULT: {"using":"xpath","value":"//*[@id=\"application-managesites-display-component---NewSite--addressDetailDetailsLanguage-arrow\"]"}
COMMAND: POST /session/416ca3a003057b96434a2425fa5e92e2/element/f.E04F53A89B741A5C45B2DD6DE3A1F810.d.49B28E7A112DA5896BE2974B098FDFE0.e.8893/click - {}
RESULT: {}
COMMAND: POST /session/416ca3a003057b96434a2425fa5e92e2/element - {"using":"xpath","value":"//span[contains(text(), \"English\")]"}
COMMAND: GET /session/416ca3a003057b96434a2425fa5e92e2/screenshot - {}
RESULT: {"using":"xpath","value":"//span[contains(text(), \"English\")]"}
COMMAND: POST /session/416ca3a003057b96434a2425fa5e92e2/element/f.E04F53A89B741A5C45B2DD6DE3A1F810.d.49B28E7A112DA5896BE2974B098FDFE0.e.8894/click - {}
RESULT: {}
RESULT: {}
COMMAND: POST /session/416ca3a003057b96434a2425fa5e92e2/execute/async - {"script":"<script> [1562 bytes]","args":[{"selector":{"id":"application-managesites-display-component---NewSite--addressDetailDetailsCity1","interaction":{"idSuffix":"inner"}},"wdio_ui5_key":"applicationmanagesites-display-component---NewSite--addressDetailDetailsCity1"}]}
COMMAND: GET /session/416ca3a003057b96434a2425fa5e92e2/screenshot - {}
RESULT: {"script":"<script> [1562 bytes]","args":[{"selector":{"id":"application-managesites-display-component---NewSite--addressDetailDetailsCity1","interaction":{"idSuffix":"inner"}},"wdio_ui5_key":"applicationmanagesites-display-component---NewSite--addressDetailDetailsCity1"}]}
RESULT: undefined
COMMAND: POST /session/416ca3a003057b96434a2425fa5e92e2/execute/async - {"script":"<script> [776 bytes]","args":[{"enterText":"Rosario","selector":{"id":"application-managesites-display-component---NewSite--addressDetailDetailsCity1","interaction":{"idSuffix":"inner"}},"clearTextFirst":true,"interactionType":"ENTER_TEXT"}]}
RESULT: {}
RESULT: {"script":"<script> [776 bytes]","args":[{"enterText":"Rosario","selector":{"id":"application-managesites-display-component---NewSite--addressDetailDetailsCity1","interaction":{"idSuffix":"inner"}},"clearTextFirst":true,"interactionType":"ENTER_TEXT"}]}
COMMAND: POST /session/416ca3a003057b96434a2425fa5e92e2/execute/async - {"script":"<script> [1562 bytes]","args":[{"selector":{"id":"application-managesites-display-component---NewSite--addressDetailDetailsCountry-arrow"},"wdio_ui5_key":"applicationmanagesites-display-component---NewSite--addressDetailDetailsCountry-arrow"}]}
RESULT: {"script":"<script> [1562 bytes]","args":[{"selector":{"id":"application-managesites-display-component---NewSite--addressDetailDetailsCountry-arrow"},"wdio_ui5_key":"applicationmanagesites-display-component---NewSite--addressDetailDetailsCountry-arrow"}]}
RESULT: undefined
COMMAND: POST /session/416ca3a003057b96434a2425fa5e92e2/element - {"using":"xpath","value":"//*[@id=\"application-managesites-display-component---NewSite--addressDetailDetailsCountry-arrow\"]"}
RESULT: {"using":"xpath","value":"//*[@id=\"application-managesites-display-component---NewSite--addressDetailDetailsCountry-arrow\"]"}
COMMAND: POST /session/416ca3a003057b96434a2425fa5e92e2/element/f.E04F53A89B741A5C45B2DD6DE3A1F810.d.49B28E7A112DA5896BE2974B098FDFE0.e.8896/click - {}
RESULT: {}
COMMAND: POST /session/416ca3a003057b96434a2425fa5e92e2/element - {"using":"xpath","value":"//span[contains(text(), \"Argentina\")]"}
COMMAND: GET /session/416ca3a003057b96434a2425fa5e92e2/screenshot - {}
RESULT: {"using":"xpath","value":"//span[contains(text(), \"Argentina\")]"}
COMMAND: POST /session/416ca3a003057b96434a2425fa5e92e2/element/f.E04F53A89B741A5C45B2DD6DE3A1F810.d.49B28E7A112DA5896BE2974B098FDFE0.e.8897/click - {}
RESULT: {}
RESULT: {}
COMMAND: GET /session/416ca3a003057b96434a2425fa5e92e2/screenshot - {}
RESULT: {}
COMMAND: POST /session/416ca3a003057b96434a2425fa5e92e2/execute/async - {"script":"<script> [1562 bytes]","args":[{"selector":{"id":"application-managesites-display-component---NewSite--addressEditDetailsCostObjectCstType-arrow"},"wdio_ui5_key":"applicationmanagesites-display-component---NewSite--addressEditDetailsCostObjectCstType-arrow"}]}
RESULT: {"script":"<script> [1562 bytes]","args":[{"selector":{"id":"application-managesites-display-component---NewSite--addressEditDetailsCostObjectCstType-arrow"},"wdio_ui5_key":"applicationmanagesites-display-component---NewSite--addressEditDetailsCostObjectCstType-arrow"}]}
RESULT: undefined
COMMAND: POST /session/416ca3a003057b96434a2425fa5e92e2/element - {"using":"xpath","value":"//*[@id=\"application-managesites-display-component---NewSite--addressEditDetailsCostObjectCstType-arrow\"]"}
RESULT: {"using":"xpath","value":"//*[@id=\"application-managesites-display-component---NewSite--addressEditDetailsCostObjectCstType-arrow\"]"}
COMMAND: POST /session/416ca3a003057b96434a2425fa5e92e2/element/f.E04F53A89B741A5C45B2DD6DE3A1F810.d.49B28E7A112DA5896BE2974B098FDFE0.e.8899/click - {}
RESULT: {}
COMMAND: POST /session/416ca3a003057b96434a2425fa5e92e2/element - {"using":"xpath","value":"//span[contains(text(), \"Cost Center\")]"}
COMMAND: GET /session/416ca3a003057b96434a2425fa5e92e2/screenshot - {}
RESULT: {"using":"xpath","value":"//span[contains(text(), \"Cost Center\")]"}
COMMAND: POST /session/416ca3a003057b96434a2425fa5e92e2/element/f.E04F53A89B741A5C45B2DD6DE3A1F810.d.49B28E7A112DA5896BE2974B098FDFE0.e.8900/click - {}
RESULT: {}
RESULT: {}
COMMAND: GET /session/416ca3a003057b96434a2425fa5e92e2/screenshot - {}
RESULT: {}
COMMAND: POST /session/416ca3a003057b96434a2425fa5e92e2/element - {"using":"xpath","value":"//span[@id=\"application-managesites-display-component---NewSite--addressNewCostObjectCstID-vhi\"]"}
RESULT: {"using":"xpath","value":"//span[@id=\"application-managesites-display-component---NewSite--addressNewCostObjectCstID-vhi\"]"}
COMMAND: POST /session/416ca3a003057b96434a2425fa5e92e2/execute/sync - {"script":"<script> [8489 bytes]","args":[{"element-6066-11e4-a52e-4f735466cecf":"f.E04F53A89B741A5C45B2DD6DE3A1F810.d.49B28E7A112DA5896BE2974B098FDFE0.e.8904","ELEMENT":"f.E04F53A89B741A5C45B2DD6DE3A1F810.d.49B28E7A112DA5896BE2974B098FDFE0.e.8904"}]}
RESULT: {"script":"<script> [8489 bytes]","args":[{"element-6066-11e4-a52e-4f735466cecf":"f.E04F53A89B741A5C45B2DD6DE3A1F810.d.49B28E7A112DA5896BE2974B098FDFE0.e.8904","ELEMENT":"f.E04F53A89B741A5C45B2DD6DE3A1F810.d.49B28E7A112DA5896BE2974B098FDFE0.e.8904"}]}
COMMAND: POST /session/416ca3a003057b96434a2425fa5e92e2/execute/async - {"script":"<script> [1562 bytes]","args":[{"selector":{"id":"application-managesites-display-component---NewSite--addressNewCostObjectCstID-vhi"},"wdio_ui5_key":"applicationmanagesites-display-component---NewSite--addressNewCostObjectCstID-vhi"}]}
COMMAND: GET /session/416ca3a003057b96434a2425fa5e92e2/screenshot - {}
RESULT: {"script":"<script> [1562 bytes]","args":[{"selector":{"id":"application-managesites-display-component---NewSite--addressNewCostObjectCstID-vhi"},"wdio_ui5_key":"applicationmanagesites-display-component---NewSite--addressNewCostObjectCstID-vhi"}]}
RESULT: undefined
COMMAND: POST /session/416ca3a003057b96434a2425fa5e92e2/element - {"using":"xpath","value":"//*[@id=\"application-managesites-display-component---NewSite--addressNewCostObjectCstID-vhi\"]"}
RESULT: {}
RESULT: {"using":"xpath","value":"//*[@id=\"application-managesites-display-component---NewSite--addressNewCostObjectCstID-vhi\"]"}
COMMAND: POST /session/416ca3a003057b96434a2425fa5e92e2/element/f.E04F53A89B741A5C45B2DD6DE3A1F810.d.49B28E7A112DA5896BE2974B098FDFE0.e.8904/click - {}
RESULT: {}
COMMAND: GET /session/416ca3a003057b96434a2425fa5e92e2/screenshot - {}
RESULT: {}
RESULT: undefined
COMMAND: POST /session/416ca3a003057b96434a2425fa5e92e2/execute/async - {"script":"<script> [776 bytes]","args":[{"enterText":"10001013","selector":{"controlType":"sap.m.SearchField","properties":{"placeholder":"Search"},"searchOpenDialogs":true,"interaction":{"idSuffix":"I"}},"clearTextFirst":true,"interactionType":"ENTER_TEXT"}]}
RESULT: {"script":"<script> [776 bytes]","args":[{"enterText":"10001013","selector":{"controlType":"sap.m.SearchField","properties":{"placeholder":"Search"},"searchOpenDialogs":true,"interaction":{"idSuffix":"I"}},"clearTextFirst":true,"interactionType":"ENTER_TEXT"}]}
COMMAND: POST /session/416ca3a003057b96434a2425fa5e92e2/actions - {"actions":[{"id":"action29","type":"key","parameters":{},"actions":[{"type":"keyDown","value":"î€‡"},{"type":"pause","duration":10},{"type":"keyUp","value":"î€‡"}]}]}
RESULT: {"actions":[{"id":"action29","type":"key","parameters":{},"actions":[{"type":"keyDown","value":"î€‡"},{"type":"pause","duration":10},{"type":"keyUp","value":"î€‡"}]}]}
COMMAND: GET /session/416ca3a003057b96434a2425fa5e92e2/screenshot - {}
RESULT: {}
COMMAND: POST /session/416ca3a003057b96434a2425fa5e92e2/element - {"using":"xpath","value":"//span[contains(text(), \"General Management\")]"}
RESULT: {"using":"xpath","value":"//span[contains(text(), \"General Management\")]"}
COMMAND: POST /session/416ca3a003057b96434a2425fa5e92e2/element/f.E04F53A89B741A5C45B2DD6DE3A1F810.d.49B28E7A112DA5896BE2974B098FDFE0.e.8942/click - {}
RESULT: {}
COMMAND: GET /session/416ca3a003057b96434a2425fa5e92e2/screenshot - {}
RESULT: {}
COMMAND: POST /session/416ca3a003057b96434a2425fa5e92e2/element - {"using":"xpath","value":"//bdi[contains(text(), \"OK\")]"}
RESULT: {"using":"xpath","value":"//bdi[contains(text(), \"OK\")]"}
COMMAND: POST /session/416ca3a003057b96434a2425fa5e92e2/element/f.E04F53A89B741A5C45B2DD6DE3A1F810.d.49B28E7A112DA5896BE2974B098FDFE0.e.8943/click - {}
RESULT: {}
COMMAND: GET /session/416ca3a003057b96434a2425fa5e92e2/screenshot - {}
RESULT: {}
COMMAND: POST /session/416ca3a003057b96434a2425fa5e92e2/element - {"using":"xpath","value":"//input[@id=\"application-managesites-display-component---NewSite--addressDetailDetailsCalendar-inner\"]"}
RESULT: {"using":"xpath","value":"//input[@id=\"application-managesites-display-component---NewSite--addressDetailDetailsCalendar-inner\"]"}
COMMAND: POST /session/416ca3a003057b96434a2425fa5e92e2/element/f.E04F53A89B741A5C45B2DD6DE3A1F810.d.49B28E7A112DA5896BE2974B098FDFE0.e.8696/clear - {}
RESULT: {}
COMMAND: POST /session/416ca3a003057b96434a2425fa5e92e2/element/f.E04F53A89B741A5C45B2DD6DE3A1F810.d.49B28E7A112DA5896BE2974B098FDFE0.e.8696/value - {"text":"Unit"}
COMMAND: GET /session/416ca3a003057b96434a2425fa5e92e2/screenshot - {}
RESULT: {"text":"Unit"}
COMMAND: GET /session/416ca3a003057b96434a2425fa5e92e2/screenshot - {}
RESULT: {}
RESULT: {}
COMMAND: POST /session/416ca3a003057b96434a2425fa5e92e2/actions - {"actions":[{"id":"action30","type":"key","parameters":{},"actions":[{"type":"keyDown","value":"î€‡"},{"type":"pause","duration":10},{"type":"keyUp","value":"î€‡"}]}]}
RESULT: {"actions":[{"id":"action30","type":"key","parameters":{},"actions":[{"type":"keyDown","value":"î€‡"},{"type":"pause","duration":10},{"type":"keyUp","value":"î€‡"}]}]}
COMMAND: POST /session/416ca3a003057b96434a2425fa5e92e2/element - {"using":"xpath","value":"//input[@id=\"application-managesites-display-component---NewSite--addressDetailDetailsYard-inner\"]"}
COMMAND: GET /session/416ca3a003057b96434a2425fa5e92e2/screenshot - {}
RESULT: {"using":"xpath","value":"//input[@id=\"application-managesites-display-component---NewSite--addressDetailDetailsYard-inner\"]"}
COMMAND: POST /session/416ca3a003057b96434a2425fa5e92e2/element/f.E04F53A89B741A5C45B2DD6DE3A1F810.d.49B28E7A112DA5896BE2974B098FDFE0.e.8697/clear - {}
RESULT: {}
RESULT: {}
COMMAND: POST /session/416ca3a003057b96434a2425fa5e92e2/element/f.E04F53A89B741A5C45B2DD6DE3A1F810.d.49B28E7A112DA5896BE2974B098FDFE0.e.8697/value - {"text":"369"}
COMMAND: GET /session/416ca3a003057b96434a2425fa5e92e2/screenshot - {}
RESULT: {"text":"369"}
COMMAND: GET /session/416ca3a003057b96434a2425fa5e92e2/screenshot - {}
RESULT: {}
RESULT: {}
COMMAND: POST /session/416ca3a003057b96434a2425fa5e92e2/element - {"using":"xpath","value":"//li[.//span[text()='369']]"}
RESULT: {"using":"xpath","value":"//li[.//span[text()='369']]"}
COMMAND: POST /session/416ca3a003057b96434a2425fa5e92e2/element/f.E04F53A89B741A5C45B2DD6DE3A1F810.d.49B28E7A112DA5896BE2974B098FDFE0.e.8951/click - {}
RESULT: {}
COMMAND: GET /session/416ca3a003057b96434a2425fa5e92e2/screenshot - {}
RESULT: {}
COMMAND: POST /session/416ca3a003057b96434a2425fa5e92e2/element - {"using":"xpath","value":"//input[@id=\"application-managesites-display-component---NewSite--addressDetailDetailsPartner-inner\"]"}
RESULT: {"using":"xpath","value":"//input[@id=\"application-managesites-display-component---NewSite--addressDetailDetailsPartner-inner\"]"}
COMMAND: POST /session/416ca3a003057b96434a2425fa5e92e2/element - {"using":"xpath","value":"//input[@id=\"application-managesites-display-component---NewSite--addressDetailDetailsPartner-inner\"]"}
RESULT: {"using":"xpath","value":"//input[@id=\"application-managesites-display-component---NewSite--addressDetailDetailsPartner-inner\"]"}
COMMAND: POST /session/416ca3a003057b96434a2425fa5e92e2/element - {"using":"xpath","value":"//button[@data-kt=\"saveButton\"]"}
RESULT: {"using":"xpath","value":"//button[@data-kt=\"saveButton\"]"}
COMMAND: POST /session/416ca3a003057b96434a2425fa5e92e2/element/f.E04F53A89B741A5C45B2DD6DE3A1F810.d.49B28E7A112DA5896BE2974B098FDFE0.e.8845/click - {}
RESULT: {}
COMMAND: GET /session/416ca3a003057b96434a2425fa5e92e2/screenshot - {}
RESULT: {}
COMMAND: POST /session/416ca3a003057b96434a2425fa5e92e2/element - {"using":"xpath","value":"//header[contains(@id, 'ObjectPageLayout-headerTitle')]/div[1]/div[2]/div[2]/span[1]"}
RESULT: {"using":"xpath","value":"//header[contains(@id, 'ObjectPageLayout-headerTitle')]/div[1]/div[2]/div[2]/span[1]"}
COMMAND: POST /session/416ca3a003057b96434a2425fa5e92e2/elements - {"using":"xpath","value":"//header[contains(@id, 'ObjectPageLayout-headerTitle')]/div[1]/div[2]/div[2]/span[1]"}
RESULT: {"using":"xpath","value":"//header[contains(@id, 'ObjectPageLayout-headerTitle')]/div[1]/div[2]/div[2]/span[1]"}
COMMAND: POST /session/416ca3a003057b96434a2425fa5e92e2/execute/sync - {"script":"<script> [56 bytes]","args":[{"element-6066-11e4-a52e-4f735466cecf":"f.E04F53A89B741A5C45B2DD6DE3A1F810.d.49B28E7A112DA5896BE2974B098FDFE0.e.9168","ELEMENT":"f.E04F53A89B741A5C45B2DD6DE3A1F810.d.49B28E7A112DA5896BE2974B098FDFE0.e.9168"}]}
RESULT: {"script":"<script> [56 bytes]","args":[{"element-6066-11e4-a52e-4f735466cecf":"f.E04F53A89B741A5C45B2DD6DE3A1F810.d.49B28E7A112DA5896BE2974B098FDFE0.e.9168","ELEMENT":"f.E04F53A89B741A5C45B2DD6DE3A1F810.d.49B28E7A112DA5896BE2974B098FDFE0.e.9168"}]}
COMMAND: POST /session/416ca3a003057b96434a2425fa5e92e2/element - {"using":"css selector","value":"#shell-header-logo"}
COMMAND: GET /session/416ca3a003057b96434a2425fa5e92e2/screenshot - {}
RESULT: {"using":"css selector","value":"#shell-header-logo"}
COMMAND: POST /session/416ca3a003057b96434a2425fa5e92e2/element/f.E04F53A89B741A5C45B2DD6DE3A1F810.d.49B28E7A112DA5896BE2974B098FDFE0.e.8455/click - {}
RESULT: {}
RESULT: {}
COMMAND: GET /session/416ca3a003057b96434a2425fa5e92e2/screenshot - {}
RESULT: {}
COMMAND: POST /session/416ca3a003057b96434a2425fa5e92e2/execute/sync - {"script":"<script> [299 bytes]","args":[["getModel","getResource"]]}
RESULT: {"script":"<script> [299 bytes]","args":[["getModel","getResource"]]}
COMMAND: GET /session/416ca3a003057b96434a2425fa5e92e2/screenshot - {}
]]></system-out>
    </testcase>
    <testcase classname="chrome.136_0_7103_49.windows.Billing_Transfer_-_Intracompany_US127249" name="Should create a new equipment" time="124.358">
      <system-out><![CDATA[
COMMAND: POST /session/416ca3a003057b96434a2425fa5e92e2/execute/async - {"script":"<script> [1562 bytes]","args":[{"selector":{"controlType":"sap.m.GenericTile","properties":{"header":"Manage Resources"}},"wdio_ui5_key":"sapm.GenericTile{\"header\":\"Manage Resources\"}"}]}
RESULT: {}
RESULT: {"script":"<script> [1562 bytes]","args":[{"selector":{"controlType":"sap.m.GenericTile","properties":{"header":"Manage Resources"}},"wdio_ui5_key":"sapm.GenericTile{\"header\":\"Manage Resources\"}"}]}
RESULT: undefined
COMMAND: POST /session/416ca3a003057b96434a2425fa5e92e2/element - {"using":"xpath","value":"//*[@id=\"__tile39\"]"}
RESULT: {"using":"xpath","value":"//*[@id=\"__tile39\"]"}
COMMAND: POST /session/416ca3a003057b96434a2425fa5e92e2/element/f.E04F53A89B741A5C45B2DD6DE3A1F810.d.49B28E7A112DA5896BE2974B098FDFE0.e.6800/click - {}
RESULT: {}
COMMAND: GET /session/416ca3a003057b96434a2425fa5e92e2/screenshot - {}
RESULT: {}
COMMAND: POST /session/416ca3a003057b96434a2425fa5e92e2/elements - {"using":"xpath","value":"//span[text()='Error']"}
RESULT: {"using":"xpath","value":"//span[text()='Error']"}
COMMAND: POST /session/416ca3a003057b96434a2425fa5e92e2/element - {"using":"xpath","value":"//button[@data-kt=\"addNewRUOverflowToolbarButton\"]"}
RESULT: {"using":"xpath","value":"//button[@data-kt=\"addNewRUOverflowToolbarButton\"]"}
COMMAND: POST /session/416ca3a003057b96434a2425fa5e92e2/elements - {"using":"xpath","value":"//button[@data-kt=\"addNewRUOverflowToolbarButton\"]"}
RESULT: {"using":"xpath","value":"//button[@data-kt=\"addNewRUOverflowToolbarButton\"]"}
COMMAND: POST /session/416ca3a003057b96434a2425fa5e92e2/execute/sync - {"script":"<script> [8489 bytes]","args":[{"element-6066-11e4-a52e-4f735466cecf":"f.E04F53A89B741A5C45B2DD6DE3A1F810.d.49B28E7A112DA5896BE2974B098FDFE0.e.9210","ELEMENT":"f.E04F53A89B741A5C45B2DD6DE3A1F810.d.49B28E7A112DA5896BE2974B098FDFE0.e.9210"}]}
RESULT: {"script":"<script> [8489 bytes]","args":[{"element-6066-11e4-a52e-4f735466cecf":"f.E04F53A89B741A5C45B2DD6DE3A1F810.d.49B28E7A112DA5896BE2974B098FDFE0.e.9210","ELEMENT":"f.E04F53A89B741A5C45B2DD6DE3A1F810.d.49B28E7A112DA5896BE2974B098FDFE0.e.9210"}]}
COMMAND: GET /session/416ca3a003057b96434a2425fa5e92e2/element/f.E04F53A89B741A5C45B2DD6DE3A1F810.d.49B28E7A112DA5896BE2974B098FDFE0.e.9210/enabled - {}
COMMAND: GET /session/416ca3a003057b96434a2425fa5e92e2/screenshot - {}
RESULT: {}
COMMAND: POST /session/416ca3a003057b96434a2425fa5e92e2/execute/sync - {"script":"<script> [8489 bytes]","args":[{"element-6066-11e4-a52e-4f735466cecf":"f.E04F53A89B741A5C45B2DD6DE3A1F810.d.49B28E7A112DA5896BE2974B098FDFE0.e.9210","ELEMENT":"f.E04F53A89B741A5C45B2DD6DE3A1F810.d.49B28E7A112DA5896BE2974B098FDFE0.e.9210"}]}
COMMAND: GET /session/416ca3a003057b96434a2425fa5e92e2/screenshot - {}
RESULT: {}
RESULT: {"script":"<script> [8489 bytes]","args":[{"element-6066-11e4-a52e-4f735466cecf":"f.E04F53A89B741A5C45B2DD6DE3A1F810.d.49B28E7A112DA5896BE2974B098FDFE0.e.9210","ELEMENT":"f.E04F53A89B741A5C45B2DD6DE3A1F810.d.49B28E7A112DA5896BE2974B098FDFE0.e.9210"}]}
COMMAND: POST /session/416ca3a003057b96434a2425fa5e92e2/execute/sync - {"script":"<script> [5351 bytes]","args":[{"element-6066-11e4-a52e-4f735466cecf":"f.E04F53A89B741A5C45B2DD6DE3A1F810.d.49B28E7A112DA5896BE2974B098FDFE0.e.9210","ELEMENT":"f.E04F53A89B741A5C45B2DD6DE3A1F810.d.49B28E7A112DA5896BE2974B098FDFE0.e.9210"}]}
COMMAND: GET /session/416ca3a003057b96434a2425fa5e92e2/screenshot - {}
RESULT: {}
RESULT: {"script":"<script> [5351 bytes]","args":[{"element-6066-11e4-a52e-4f735466cecf":"f.E04F53A89B741A5C45B2DD6DE3A1F810.d.49B28E7A112DA5896BE2974B098FDFE0.e.9210","ELEMENT":"f.E04F53A89B741A5C45B2DD6DE3A1F810.d.49B28E7A112DA5896BE2974B098FDFE0.e.9210"}]}
COMMAND: POST /session/416ca3a003057b96434a2425fa5e92e2/element/f.E04F53A89B741A5C45B2DD6DE3A1F810.d.49B28E7A112DA5896BE2974B098FDFE0.e.9210/click - {}
COMMAND: GET /session/416ca3a003057b96434a2425fa5e92e2/screenshot - {}
RESULT: {}
RESULT: {}
COMMAND: GET /session/416ca3a003057b96434a2425fa5e92e2/screenshot - {}
COMMAND: POST /session/416ca3a003057b96434a2425fa5e92e2/execute/async - {"script":"<script> [1562 bytes]","args":[{"selector":{"id":"application-manageresources-display-component---newResourceUnit--TYPE-arrow"},"wdio_ui5_key":"applicationmanageresources-display-component---newResourceUnit--TYPE-arrow"}]}
RESULT: {}
RESULT: {}
RESULT: {"script":"<script> [1562 bytes]","args":[{"selector":{"id":"application-manageresources-display-component---newResourceUnit--TYPE-arrow"},"wdio_ui5_key":"applicationmanageresources-display-component---newResourceUnit--TYPE-arrow"}]}
RESULT: undefined
COMMAND: POST /session/416ca3a003057b96434a2425fa5e92e2/element - {"using":"xpath","value":"//*[@id=\"application-manageresources-display-component---newResourceUnit--TYPE-arrow\"]"}
RESULT: {"using":"xpath","value":"//*[@id=\"application-manageresources-display-component---newResourceUnit--TYPE-arrow\"]"}
COMMAND: POST /session/416ca3a003057b96434a2425fa5e92e2/element/f.E04F53A89B741A5C45B2DD6DE3A1F810.d.49B28E7A112DA5896BE2974B098FDFE0.e.9561/click - {}
RESULT: {}
COMMAND: POST /session/416ca3a003057b96434a2425fa5e92e2/element - {"using":"xpath","value":"//input[@id=\"application-manageresources-display-component---newResourceUnit--TYPE-inner\"]"}
COMMAND: GET /session/416ca3a003057b96434a2425fa5e92e2/screenshot - {}
RESULT: {"using":"xpath","value":"//input[@id=\"application-manageresources-display-component---newResourceUnit--TYPE-inner\"]"}
COMMAND: POST /session/416ca3a003057b96434a2425fa5e92e2/element/f.E04F53A89B741A5C45B2DD6DE3A1F810.d.49B28E7A112DA5896BE2974B098FDFE0.e.9556/clear - {}
RESULT: {}
RESULT: {}
COMMAND: POST /session/416ca3a003057b96434a2425fa5e92e2/element/f.E04F53A89B741A5C45B2DD6DE3A1F810.d.49B28E7A112DA5896BE2974B098FDFE0.e.9556/value - {"text":"Equipment"}
COMMAND: GET /session/416ca3a003057b96434a2425fa5e92e2/screenshot - {}
RESULT: {"text":"Equipment"}
COMMAND: GET /session/416ca3a003057b96434a2425fa5e92e2/screenshot - {}
RESULT: {}
RESULT: {}
COMMAND: POST /session/416ca3a003057b96434a2425fa5e92e2/actions - {"actions":[{"id":"action31","type":"key","parameters":{},"actions":[{"type":"keyDown","value":"î€‡"},{"type":"pause","duration":10},{"type":"keyUp","value":"î€‡"}]}]}
RESULT: {"actions":[{"id":"action31","type":"key","parameters":{},"actions":[{"type":"keyDown","value":"î€‡"},{"type":"pause","duration":10},{"type":"keyUp","value":"î€‡"}]}]}
COMMAND: POST /session/416ca3a003057b96434a2425fa5e92e2/execute/async - {"script":"<script> [1562 bytes]","args":[{"selector":{"id":"application-manageresources-display-component---newResourceUnit--resourceId","interaction":{"idSuffix":"inner"}},"wdio_ui5_key":"applicationmanageresources-display-component---newResourceUnit--resourceId"}]}
COMMAND: GET /session/416ca3a003057b96434a2425fa5e92e2/screenshot - {}
RESULT: {"script":"<script> [1562 bytes]","args":[{"selector":{"id":"application-manageresources-display-component---newResourceUnit--resourceId","interaction":{"idSuffix":"inner"}},"wdio_ui5_key":"applicationmanageresources-display-component---newResourceUnit--resourceId"}]}
RESULT: undefined
COMMAND: POST /session/416ca3a003057b96434a2425fa5e92e2/execute/async - {"script":"<script> [776 bytes]","args":[{"enterText":"OYwwDeVkgj","selector":{"id":"application-manageresources-display-component---newResourceUnit--resourceId","interaction":{"idSuffix":"inner"}},"clearTextFirst":true,"interactionType":"ENTER_TEXT"}]}
RESULT: {}
RESULT: {"script":"<script> [776 bytes]","args":[{"enterText":"OYwwDeVkgj","selector":{"id":"application-manageresources-display-component---newResourceUnit--resourceId","interaction":{"idSuffix":"inner"}},"clearTextFirst":true,"interactionType":"ENTER_TEXT"}]}
COMMAND: POST /session/416ca3a003057b96434a2425fa5e92e2/execute/async - {"script":"<script> [1562 bytes]","args":[{"selector":{"id":"application-manageresources-display-component---newResourceUnit--SHORT_TEXT","interaction":{"idSuffix":"inner"}},"wdio_ui5_key":"applicationmanageresources-display-component---newResourceUnit--SHORT_TEXT"}]}
RESULT: {"script":"<script> [1562 bytes]","args":[{"selector":{"id":"application-manageresources-display-component---newResourceUnit--SHORT_TEXT","interaction":{"idSuffix":"inner"}},"wdio_ui5_key":"applicationmanageresources-display-component---newResourceUnit--SHORT_TEXT"}]}
RESULT: undefined
COMMAND: POST /session/416ca3a003057b96434a2425fa5e92e2/execute/async - {"script":"<script> [776 bytes]","args":[{"enterText":"Intercompany Equipment WDIO","selector":{"id":"application-manageresources-display-component---newResourceUnit--SHORT_TEXT","interaction":{"idSuffix":"inner"}},"clearTextFirst":true,"interactionType":"ENTER_TEXT"}]}
RESULT: {"script":"<script> [776 bytes]","args":[{"enterText":"Intercompany Equipment WDIO","selector":{"id":"application-manageresources-display-component---newResourceUnit--SHORT_TEXT","interaction":{"idSuffix":"inner"}},"clearTextFirst":true,"interactionType":"ENTER_TEXT"}]}
COMMAND: POST /session/416ca3a003057b96434a2425fa5e92e2/execute/async - {"script":"<script> [1562 bytes]","args":[{"selector":{"id":"application-manageresources-display-component---newResourceUnit--BASE_UNIT_OF_MEASURE","interaction":{"idSuffix":"inner"}},"wdio_ui5_key":"applicationmanageresources-display-component---newResourceUnit--BASE_UNIT_OF_MEASURE"}]}
RESULT: {"script":"<script> [1562 bytes]","args":[{"selector":{"id":"application-manageresources-display-component---newResourceUnit--BASE_UNIT_OF_MEASURE","interaction":{"idSuffix":"inner"}},"wdio_ui5_key":"applicationmanageresources-display-component---newResourceUnit--BASE_UNIT_OF_MEASURE"}]}
RESULT: undefined
COMMAND: POST /session/416ca3a003057b96434a2425fa5e92e2/execute/async - {"script":"<script> [776 bytes]","args":[{"enterText":"Piece","selector":{"id":"application-manageresources-display-component---newResourceUnit--BASE_UNIT_OF_MEASURE","interaction":{"idSuffix":"inner"}},"clearTextFirst":true,"interactionType":"ENTER_TEXT"}]}
RESULT: {"script":"<script> [776 bytes]","args":[{"enterText":"Piece","selector":{"id":"application-manageresources-display-component---newResourceUnit--BASE_UNIT_OF_MEASURE","interaction":{"idSuffix":"inner"}},"clearTextFirst":true,"interactionType":"ENTER_TEXT"}]}
COMMAND: POST /session/416ca3a003057b96434a2425fa5e92e2/execute/async - {"script":"<script> [1562 bytes]","args":[{"selector":{"id":"application-manageresources-display-component---newResourceUnit--WEIGHT_UNIT","interaction":{"idSuffix":"inner"}},"wdio_ui5_key":"applicationmanageresources-display-component---newResourceUnit--WEIGHT_UNIT"}]}
RESULT: {"script":"<script> [1562 bytes]","args":[{"selector":{"id":"application-manageresources-display-component---newResourceUnit--WEIGHT_UNIT","interaction":{"idSuffix":"inner"}},"wdio_ui5_key":"applicationmanageresources-display-component---newResourceUnit--WEIGHT_UNIT"}]}
RESULT: undefined
COMMAND: POST /session/416ca3a003057b96434a2425fa5e92e2/execute/async - {"script":"<script> [776 bytes]","args":[{"enterText":"Gram","selector":{"id":"application-manageresources-display-component---newResourceUnit--WEIGHT_UNIT","interaction":{"idSuffix":"inner"}},"clearTextFirst":true,"interactionType":"ENTER_TEXT"}]}
RESULT: {"script":"<script> [776 bytes]","args":[{"enterText":"Gram","selector":{"id":"application-manageresources-display-component---newResourceUnit--WEIGHT_UNIT","interaction":{"idSuffix":"inner"}},"clearTextFirst":true,"interactionType":"ENTER_TEXT"}]}
COMMAND: POST /session/416ca3a003057b96434a2425fa5e92e2/execute/async - {"script":"<script> [1562 bytes]","args":[{"selector":{"id":"application-manageresources-display-component---newResourceUnit--DIMENSION_UNIT","interaction":{"idSuffix":"inner"}},"wdio_ui5_key":"applicationmanageresources-display-component---newResourceUnit--DIMENSION_UNIT"}]}
RESULT: {"script":"<script> [1562 bytes]","args":[{"selector":{"id":"application-manageresources-display-component---newResourceUnit--DIMENSION_UNIT","interaction":{"idSuffix":"inner"}},"wdio_ui5_key":"applicationmanageresources-display-component---newResourceUnit--DIMENSION_UNIT"}]}
RESULT: undefined
COMMAND: POST /session/416ca3a003057b96434a2425fa5e92e2/execute/async - {"script":"<script> [776 bytes]","args":[{"enterText":"Meter","selector":{"id":"application-manageresources-display-component---newResourceUnit--DIMENSION_UNIT","interaction":{"idSuffix":"inner"}},"clearTextFirst":true,"interactionType":"ENTER_TEXT"}]}
RESULT: {"script":"<script> [776 bytes]","args":[{"enterText":"Meter","selector":{"id":"application-manageresources-display-component---newResourceUnit--DIMENSION_UNIT","interaction":{"idSuffix":"inner"}},"clearTextFirst":true,"interactionType":"ENTER_TEXT"}]}
COMMAND: POST /session/416ca3a003057b96434a2425fa5e92e2/execute/async - {"script":"<script> [1562 bytes]","args":[{"selector":{"id":"application-manageresources-display-component---newResourceUnit--newRRUPage-anchBar-application-manageresources-display-component---newResourceUnit--control-anchor","interaction":{"idSuffix":"BDI-content"}},"wdio_ui5_key":"applicationmanageresources-display-component---newResourceUnit--newRRUPage-anchBar-application-manageresources-display-component---newResourceUnit--control-anchor"}]}
RESULT: {"script":"<script> [1562 bytes]","args":[{"selector":{"id":"application-manageresources-display-component---newResourceUnit--newRRUPage-anchBar-application-manageresources-display-component---newResourceUnit--control-anchor","interaction":{"idSuffix":"BDI-content"}},"wdio_ui5_key":"applicationmanageresources-display-component---newResourceUnit--newRRUPage-anchBar-application-manageresources-display-component---newResourceUnit--control-anchor"}]}
RESULT: undefined
COMMAND: POST /session/416ca3a003057b96434a2425fa5e92e2/element - {"using":"xpath","value":"//*[@id=\"application-manageresources-display-component---newResourceUnit--newRRUPage-anchBar-application-manageresources-display-component---newResourceUnit--control-anchor\"]"}
RESULT: {"using":"xpath","value":"//*[@id=\"application-manageresources-display-component---newResourceUnit--newRRUPage-anchBar-application-manageresources-display-component---newResourceUnit--control-anchor\"]"}
COMMAND: POST /session/416ca3a003057b96434a2425fa5e92e2/element/f.E04F53A89B741A5C45B2DD6DE3A1F810.d.49B28E7A112DA5896BE2974B098FDFE0.e.9692/click - {}
RESULT: {}
COMMAND: POST /session/416ca3a003057b96434a2425fa5e92e2/execute/async - {"script":"<script> [1562 bytes]","args":[{"selector":{"id":"application-manageresources-display-component---newResourceUnit--PLANNING_GROUP","interaction":{"idSuffix":"inner"}},"wdio_ui5_key":"applicationmanageresources-display-component---newResourceUnit--PLANNING_GROUP"}]}
COMMAND: GET /session/416ca3a003057b96434a2425fa5e92e2/screenshot - {}
RESULT: {"script":"<script> [1562 bytes]","args":[{"selector":{"id":"application-manageresources-display-component---newResourceUnit--PLANNING_GROUP","interaction":{"idSuffix":"inner"}},"wdio_ui5_key":"applicationmanageresources-display-component---newResourceUnit--PLANNING_GROUP"}]}
RESULT: undefined
COMMAND: POST /session/416ca3a003057b96434a2425fa5e92e2/execute/async - {"script":"<script> [776 bytes]","args":[{"enterText":"Heavy Equi","selector":{"id":"application-manageresources-display-component---newResourceUnit--PLANNING_GROUP","interaction":{"idSuffix":"inner"}},"clearTextFirst":true,"interactionType":"ENTER_TEXT"}]}
RESULT: {}
RESULT: {"script":"<script> [776 bytes]","args":[{"enterText":"Heavy Equi","selector":{"id":"application-manageresources-display-component---newResourceUnit--PLANNING_GROUP","interaction":{"idSuffix":"inner"}},"clearTextFirst":true,"interactionType":"ENTER_TEXT"}]}
COMMAND: POST /session/416ca3a003057b96434a2425fa5e92e2/execute/async - {"script":"<script> [1562 bytes]","args":[{"selector":{"id":"application-manageresources-display-component---newResourceUnit--ITEM_TYPE-arrow"},"wdio_ui5_key":"applicationmanageresources-display-component---newResourceUnit--ITEM_TYPE-arrow"}]}
RESULT: {"script":"<script> [1562 bytes]","args":[{"selector":{"id":"application-manageresources-display-component---newResourceUnit--ITEM_TYPE-arrow"},"wdio_ui5_key":"applicationmanageresources-display-component---newResourceUnit--ITEM_TYPE-arrow"}]}
RESULT: undefined
COMMAND: POST /session/416ca3a003057b96434a2425fa5e92e2/element - {"using":"xpath","value":"//*[@id=\"application-manageresources-display-component---newResourceUnit--ITEM_TYPE-arrow\"]"}
RESULT: {"using":"xpath","value":"//*[@id=\"application-manageresources-display-component---newResourceUnit--ITEM_TYPE-arrow\"]"}
COMMAND: POST /session/416ca3a003057b96434a2425fa5e92e2/element/f.E04F53A89B741A5C45B2DD6DE3A1F810.d.49B28E7A112DA5896BE2974B098FDFE0.e.9699/click - {}
RESULT: {}
COMMAND: POST /session/416ca3a003057b96434a2425fa5e92e2/element - {"using":"xpath","value":"(//span[contains(text(), \"Resource Unit\")])[2]"}
COMMAND: GET /session/416ca3a003057b96434a2425fa5e92e2/screenshot - {}
RESULT: {"using":"xpath","value":"(//span[contains(text(), \"Resource Unit\")])[2]"}
COMMAND: POST /session/416ca3a003057b96434a2425fa5e92e2/element/f.E04F53A89B741A5C45B2DD6DE3A1F810.d.49B28E7A112DA5896BE2974B098FDFE0.e.9700/click - {}
RESULT: {}
RESULT: {}
COMMAND: GET /session/416ca3a003057b96434a2425fa5e92e2/screenshot - {}
RESULT: {}
COMMAND: POST /session/416ca3a003057b96434a2425fa5e92e2/element - {"using":"css selector","value":"#application-manageresources-display-component---newResourceUnit--btnAddTimeSegment"}
RESULT: {"using":"css selector","value":"#application-manageresources-display-component---newResourceUnit--btnAddTimeSegment"}
COMMAND: GET /session/416ca3a003057b96434a2425fa5e92e2/element/f.E04F53A89B741A5C45B2DD6DE3A1F810.d.49B28E7A112DA5896BE2974B098FDFE0.e.9701/rect - {}
RESULT: {}
COMMAND: GET /session/416ca3a003057b96434a2425fa5e92e2/window/rect - {}
RESULT: {}
COMMAND: POST /session/416ca3a003057b96434a2425fa5e92e2/execute/sync - {"script":"<script> [92 bytes]","args":[]}
RESULT: {"script":"<script> [92 bytes]","args":[]}
COMMAND: POST /session/416ca3a003057b96434a2425fa5e92e2/actions - {"actions":[{"id":"action32","type":"wheel","parameters":{},"actions":[{"type":"scroll","x":-1888,"y":-32,"deltaX":0,"deltaY":0,"duration":0,"origin":{"element-6066-11e4-a52e-4f735466cecf":"f.E04F53A89B741A5C45B2DD6DE3A1F810.d.49B28E7A112DA5896BE2974B098FDFE0.e.9701"}}]}]}
COMMAND: GET /session/416ca3a003057b96434a2425fa5e92e2/screenshot - {}
RESULT: {}
COMMAND: POST /session/416ca3a003057b96434a2425fa5e92e2/execute/sync - {"script":"<script> [79 bytes]","args":[{"element-6066-11e4-a52e-4f735466cecf":"f.E04F53A89B741A5C45B2DD6DE3A1F810.d.49B28E7A112DA5896BE2974B098FDFE0.e.9701","ELEMENT":"f.E04F53A89B741A5C45B2DD6DE3A1F810.d.49B28E7A112DA5896BE2974B098FDFE0.e.9701"},{"block":"start","inline":"nearest"}]}
RESULT: {"script":"<script> [79 bytes]","args":[{"element-6066-11e4-a52e-4f735466cecf":"f.E04F53A89B741A5C45B2DD6DE3A1F810.d.49B28E7A112DA5896BE2974B098FDFE0.e.9701","ELEMENT":"f.E04F53A89B741A5C45B2DD6DE3A1F810.d.49B28E7A112DA5896BE2974B098FDFE0.e.9701"},{"block":"start","inline":"nearest"}]}
COMMAND: POST /session/416ca3a003057b96434a2425fa5e92e2/execute/async - {"script":"<script> [1562 bytes]","args":[{"selector":{"id":"application-manageresources-display-component---newResourceUnit--btnAddTimeSegment","interaction":{"idSuffix":"inner"}},"wdio_ui5_key":"applicationmanageresources-display-component---newResourceUnit--btnAddTimeSegment"}]}
COMMAND: GET /session/416ca3a003057b96434a2425fa5e92e2/screenshot - {}
RESULT: {"script":"<script> [1562 bytes]","args":[{"selector":{"id":"application-manageresources-display-component---newResourceUnit--btnAddTimeSegment","interaction":{"idSuffix":"inner"}},"wdio_ui5_key":"applicationmanageresources-display-component---newResourceUnit--btnAddTimeSegment"}]}
RESULT: undefined
COMMAND: POST /session/416ca3a003057b96434a2425fa5e92e2/element - {"using":"xpath","value":"//*[@id=\"application-manageresources-display-component---newResourceUnit--btnAddTimeSegment\"]"}
RESULT: {}
RESULT: {"using":"xpath","value":"//*[@id=\"application-manageresources-display-component---newResourceUnit--btnAddTimeSegment\"]"}
COMMAND: POST /session/416ca3a003057b96434a2425fa5e92e2/element/f.E04F53A89B741A5C45B2DD6DE3A1F810.d.49B28E7A112DA5896BE2974B098FDFE0.e.9701/click - {}
RESULT: {}
COMMAND: GET /session/416ca3a003057b96434a2425fa5e92e2/screenshot - {}
RESULT: {}
COMMAND: POST /session/416ca3a003057b96434a2425fa5e92e2/element - {"using":"xpath","value":"//input[@id=\"application-manageresources-display-component---newResourceUnit--idRuTSAdmin-application-manageresources-display-component---newResourceUnit--RUTimeSegment-0-inner\"]"}
RESULT: {"using":"xpath","value":"//input[@id=\"application-manageresources-display-component---newResourceUnit--idRuTSAdmin-application-manageresources-display-component---newResourceUnit--RUTimeSegment-0-inner\"]"}
COMMAND: POST /session/416ca3a003057b96434a2425fa5e92e2/element/f.E04F53A89B741A5C45B2DD6DE3A1F810.d.49B28E7A112DA5896BE2974B098FDFE0.e.9707/clear - {}
RESULT: {}
COMMAND: POST /session/416ca3a003057b96434a2425fa5e92e2/element/f.E04F53A89B741A5C45B2DD6DE3A1F810.d.49B28E7A112DA5896BE2974B098FDFE0.e.9707/value - {"text":"369"}
COMMAND: GET /session/416ca3a003057b96434a2425fa5e92e2/screenshot - {}
RESULT: {"text":"369"}
COMMAND: GET /session/416ca3a003057b96434a2425fa5e92e2/screenshot - {}
RESULT: {}
RESULT: {}
COMMAND: POST /session/416ca3a003057b96434a2425fa5e92e2/element - {"using":"xpath","value":"//li[.//span[text()='369']]"}
RESULT: {"using":"xpath","value":"//li[.//span[text()='369']]"}
COMMAND: POST /session/416ca3a003057b96434a2425fa5e92e2/element/f.E04F53A89B741A5C45B2DD6DE3A1F810.d.49B28E7A112DA5896BE2974B098FDFE0.e.9719/click - {}
RESULT: {}
COMMAND: GET /session/416ca3a003057b96434a2425fa5e92e2/screenshot - {}
RESULT: {}
COMMAND: POST /session/416ca3a003057b96434a2425fa5e92e2/element - {"using":"xpath","value":"(//span[contains(@id, \"-application-manageresources-display-component---newResourceUnit--RUTimeSegment-0-arrow\")])[6]"}
RESULT: {"using":"xpath","value":"(//span[contains(@id, \"-application-manageresources-display-component---newResourceUnit--RUTimeSegment-0-arrow\")])[6]"}
COMMAND: POST /session/416ca3a003057b96434a2425fa5e92e2/element/f.E04F53A89B741A5C45B2DD6DE3A1F810.d.49B28E7A112DA5896BE2974B098FDFE0.e.9720/click - {}
RESULT: {}
COMMAND: GET /session/416ca3a003057b96434a2425fa5e92e2/screenshot - {}
RESULT: {}
COMMAND: POST /session/416ca3a003057b96434a2425fa5e92e2/element - {"using":"xpath","value":"//span[contains(text(), \"PM Order\")]"}
RESULT: {"using":"xpath","value":"//span[contains(text(), \"PM Order\")]"}
COMMAND: POST /session/416ca3a003057b96434a2425fa5e92e2/element/f.E04F53A89B741A5C45B2DD6DE3A1F810.d.49B28E7A112DA5896BE2974B098FDFE0.e.9723/click - {}
RESULT: {}
COMMAND: GET /session/416ca3a003057b96434a2425fa5e92e2/screenshot - {}
RESULT: {}
COMMAND: POST /session/416ca3a003057b96434a2425fa5e92e2/element - {"using":"xpath","value":"(//span[contains(@id ,\"manageresources-display-component---newResourceUnit--RUTimeSegment-0-vhi\")])[1]"}
RESULT: {"using":"xpath","value":"(//span[contains(@id ,\"manageresources-display-component---newResourceUnit--RUTimeSegment-0-vhi\")])[1]"}
COMMAND: GET /session/416ca3a003057b96434a2425fa5e92e2/element/f.E04F53A89B741A5C45B2DD6DE3A1F810.d.49B28E7A112DA5896BE2974B098FDFE0.e.9727/rect - {}
RESULT: {}
COMMAND: GET /session/416ca3a003057b96434a2425fa5e92e2/window/rect - {}
RESULT: {}
COMMAND: POST /session/416ca3a003057b96434a2425fa5e92e2/execute/sync - {"script":"<script> [92 bytes]","args":[]}
RESULT: {"script":"<script> [92 bytes]","args":[]}
COMMAND: POST /session/416ca3a003057b96434a2425fa5e92e2/actions - {"actions":[{"id":"action33","type":"wheel","parameters":{},"actions":[{"type":"scroll","x":-869,"y":-24,"deltaX":0,"deltaY":0,"duration":0,"origin":{"element-6066-11e4-a52e-4f735466cecf":"f.E04F53A89B741A5C45B2DD6DE3A1F810.d.49B28E7A112DA5896BE2974B098FDFE0.e.9727"}}]}]}
COMMAND: GET /session/416ca3a003057b96434a2425fa5e92e2/screenshot - {}
RESULT: {"actions":[{"id":"action33","type":"wheel","parameters":{},"actions":[{"type":"scroll","x":-869,"y":-24,"deltaX":0,"deltaY":0,"duration":0,"origin":{"element-6066-11e4-a52e-4f735466cecf":"f.E04F53A89B741A5C45B2DD6DE3A1F810.d.49B28E7A112DA5896BE2974B098FDFE0.e.9727"}}]}]}
COMMAND: DELETE /session/416ca3a003057b96434a2425fa5e92e2/actions - {}
COMMAND: GET /session/416ca3a003057b96434a2425fa5e92e2/screenshot - {}
RESULT: {}
RESULT: {}
COMMAND: GET /session/416ca3a003057b96434a2425fa5e92e2/screenshot - {}
RESULT: {}
RESULT: {}
COMMAND: POST /session/416ca3a003057b96434a2425fa5e92e2/element/f.E04F53A89B741A5C45B2DD6DE3A1F810.d.49B28E7A112DA5896BE2974B098FDFE0.e.9727/click - {}
RESULT: {}
COMMAND: GET /session/416ca3a003057b96434a2425fa5e92e2/screenshot - {}
RESULT: {}
RESULT: undefined
COMMAND: POST /session/416ca3a003057b96434a2425fa5e92e2/execute/async - {"script":"<script> [776 bytes]","args":[{"enterText":"4000360","selector":{"controlType":"sap.m.SearchField","properties":{"placeholder":"Search"},"searchOpenDialogs":true,"interaction":{"idSuffix":"I"}},"clearTextFirst":true,"interactionType":"ENTER_TEXT"}]}
RESULT: {"script":"<script> [776 bytes]","args":[{"enterText":"4000360","selector":{"controlType":"sap.m.SearchField","properties":{"placeholder":"Search"},"searchOpenDialogs":true,"interaction":{"idSuffix":"I"}},"clearTextFirst":true,"interactionType":"ENTER_TEXT"}]}
COMMAND: POST /session/416ca3a003057b96434a2425fa5e92e2/actions - {"actions":[{"id":"action34","type":"key","parameters":{},"actions":[{"type":"keyDown","value":"î€‡"},{"type":"pause","duration":10},{"type":"keyUp","value":"î€‡"}]}]}
RESULT: {"actions":[{"id":"action34","type":"key","parameters":{},"actions":[{"type":"keyDown","value":"î€‡"},{"type":"pause","duration":10},{"type":"keyUp","value":"î€‡"}]}]}
COMMAND: GET /session/416ca3a003057b96434a2425fa5e92e2/screenshot - {}
RESULT: {}
COMMAND: POST /session/416ca3a003057b96434a2425fa5e92e2/element - {"using":"xpath","value":"//td/div/span[contains(text(), \"BGL Vehicles\")]"}
RESULT: {"using":"xpath","value":"//td/div/span[contains(text(), \"BGL Vehicles\")]"}
COMMAND: POST /session/416ca3a003057b96434a2425fa5e92e2/element/f.E04F53A89B741A5C45B2DD6DE3A1F810.d.49B28E7A112DA5896BE2974B098FDFE0.e.9747/click - {}
RESULT: {}
COMMAND: GET /session/416ca3a003057b96434a2425fa5e92e2/screenshot - {}
RESULT: {}
COMMAND: POST /session/416ca3a003057b96434a2425fa5e92e2/element - {"using":"xpath","value":"//bdi[contains(text(), \"OK\")]"}
RESULT: {"using":"xpath","value":"//bdi[contains(text(), \"OK\")]"}
COMMAND: POST /session/416ca3a003057b96434a2425fa5e92e2/element/f.E04F53A89B741A5C45B2DD6DE3A1F810.d.49B28E7A112DA5896BE2974B098FDFE0.e.9748/click - {}
RESULT: {}
COMMAND: GET /session/416ca3a003057b96434a2425fa5e92e2/screenshot - {}
RESULT: {}
COMMAND: POST /session/416ca3a003057b96434a2425fa5e92e2/execute/async - {"script":"<script> [1562 bytes]","args":[{"selector":{"id":"application-manageresources-display-component---newResourceUnit--newRRUPage-anchBar-application-manageresources-display-component---newResourceUnit--resource-anchor","interaction":{"idSuffix":"BDI-content"}},"wdio_ui5_key":"applicationmanageresources-display-component---newResourceUnit--newRRUPage-anchBar-application-manageresources-display-component---newResourceUnit--resource-anchor"}]}
RESULT: {"script":"<script> [1562 bytes]","args":[{"selector":{"id":"application-manageresources-display-component---newResourceUnit--newRRUPage-anchBar-application-manageresources-display-component---newResourceUnit--resource-anchor","interaction":{"idSuffix":"BDI-content"}},"wdio_ui5_key":"applicationmanageresources-display-component---newResourceUnit--newRRUPage-anchBar-application-manageresources-display-component---newResourceUnit--resource-anchor"}]}
RESULT: undefined
COMMAND: POST /session/416ca3a003057b96434a2425fa5e92e2/element - {"using":"xpath","value":"//*[@id=\"application-manageresources-display-component---newResourceUnit--newRRUPage-anchBar-application-manageresources-display-component---newResourceUnit--resource-anchor\"]"}
RESULT: {"using":"xpath","value":"//*[@id=\"application-manageresources-display-component---newResourceUnit--newRRUPage-anchBar-application-manageresources-display-component---newResourceUnit--resource-anchor\"]"}
COMMAND: POST /session/416ca3a003057b96434a2425fa5e92e2/element/f.E04F53A89B741A5C45B2DD6DE3A1F810.d.49B28E7A112DA5896BE2974B098FDFE0.e.9752/click - {}
RESULT: {}
COMMAND: POST /session/416ca3a003057b96434a2425fa5e92e2/execute/async - {"script":"<script> [1562 bytes]","args":[{"selector":{"id":"application-manageresources-display-component---newResourceUnit--PLANNED_DELIVERY_DATE","interaction":{"idSuffix":"inner"}},"wdio_ui5_key":"applicationmanageresources-display-component---newResourceUnit--PLANNED_DELIVERY_DATE"}]}
COMMAND: GET /session/416ca3a003057b96434a2425fa5e92e2/screenshot - {}
RESULT: {"script":"<script> [1562 bytes]","args":[{"selector":{"id":"application-manageresources-display-component---newResourceUnit--PLANNED_DELIVERY_DATE","interaction":{"idSuffix":"inner"}},"wdio_ui5_key":"applicationmanageresources-display-component---newResourceUnit--PLANNED_DELIVERY_DATE"}]}
RESULT: undefined
COMMAND: POST /session/416ca3a003057b96434a2425fa5e92e2/execute/async - {"script":"<script> [6424 bytes]","args":[{"element-6066-11e4-a52e-4f735466cecf":"f.E04F53A89B741A5C45B2DD6DE3A1F810.d.49B28E7A112DA5896BE2974B098FDFE0.e.9616"},"setValue",["5/14/25"]]}
RESULT: {}
RESULT: {"script":"<script> [6424 bytes]","args":[{"element-6066-11e4-a52e-4f735466cecf":"f.E04F53A89B741A5C45B2DD6DE3A1F810.d.49B28E7A112DA5896BE2974B098FDFE0.e.9616"},"setValue",["5/14/25"]]}
COMMAND: POST /session/416ca3a003057b96434a2425fa5e92e2/element - {"using":"xpath","value":"//label[contains(@class, 'sapMLabelRequired') and .//bdi[contains(text(), 'Planned Retirement')]]"}
RESULT: {"using":"xpath","value":"//label[contains(@class, 'sapMLabelRequired') and .//bdi[contains(text(), 'Planned Retirement')]]"}
COMMAND: POST /session/416ca3a003057b96434a2425fa5e92e2/elements - {"using":"xpath","value":"//label[contains(@class, 'sapMLabelRequired') and .//bdi[contains(text(), 'Planned Retirement')]]"}
RESULT: {"using":"xpath","value":"//label[contains(@class, 'sapMLabelRequired') and .//bdi[contains(text(), 'Planned Retirement')]]"}
COMMAND: POST /session/416ca3a003057b96434a2425fa5e92e2/element - {"using":"xpath","value":"//button[@data-kt=\"resourceUnitSaveButton\"]"}
RESULT: {"using":"xpath","value":"//button[@data-kt=\"resourceUnitSaveButton\"]"}
COMMAND: POST /session/416ca3a003057b96434a2425fa5e92e2/element/f.E04F53A89B741A5C45B2DD6DE3A1F810.d.49B28E7A112DA5896BE2974B098FDFE0.e.9577/click - {}
RESULT: {}
COMMAND: GET /session/416ca3a003057b96434a2425fa5e92e2/screenshot - {}
RESULT: {}
COMMAND: POST /session/416ca3a003057b96434a2425fa5e92e2/element - {"using":"xpath","value":"//bdi[contains(text(), \"Close\")]"}
RESULT: {"using":"xpath","value":"//bdi[contains(text(), \"Close\")]"}
COMMAND: POST /session/416ca3a003057b96434a2425fa5e92e2/element/f.E04F53A89B741A5C45B2DD6DE3A1F810.d.49B28E7A112DA5896BE2974B098FDFE0.e.9760/click - {}
RESULT: {}
COMMAND: GET /session/416ca3a003057b96434a2425fa5e92e2/screenshot - {}
RESULT: {}
COMMAND: POST /session/416ca3a003057b96434a2425fa5e92e2/element - {"using":"xpath","value":"(//button[contains(@id ,\"actionsToolbar-overflowButton\")])[1]"}
RESULT: {"using":"xpath","value":"(//button[contains(@id ,\"actionsToolbar-overflowButton\")])[1]"}
COMMAND: POST /session/416ca3a003057b96434a2425fa5e92e2/element/f.E04F53A89B741A5C45B2DD6DE3A1F810.d.49B28E7A112DA5896BE2974B098FDFE0.e.9813/click - {}
RESULT: {}
COMMAND: GET /session/416ca3a003057b96434a2425fa5e92e2/screenshot - {}
RESULT: {}
COMMAND: POST /session/416ca3a003057b96434a2425fa5e92e2/element - {"using":"xpath","value":"//button[@data-kt=\"priceInfoButton\"]"}
RESULT: {"using":"xpath","value":"//button[@data-kt=\"priceInfoButton\"]"}
COMMAND: POST /session/416ca3a003057b96434a2425fa5e92e2/element/f.E04F53A89B741A5C45B2DD6DE3A1F810.d.49B28E7A112DA5896BE2974B098FDFE0.e.9815/click - {}
RESULT: {}
COMMAND: GET /session/416ca3a003057b96434a2425fa5e92e2/screenshot - {}
RESULT: {}
]]></system-out>
    </testcase>
    <testcase classname="chrome.136_0_7103_49.windows.Billing_Transfer_-_Intracompany_US127249" name="Should create a pricing procedure" time="49.638">
      <system-out><![CDATA[
COMMAND: POST /session/416ca3a003057b96434a2425fa5e92e2/element - {"using":"xpath","value":"//button[@data-kt=\"addButton\"]"}
RESULT: {"using":"xpath","value":"//button[@data-kt=\"addButton\"]"}
COMMAND: POST /session/416ca3a003057b96434a2425fa5e92e2/elements - {"using":"xpath","value":"//button[@data-kt=\"addButton\"]"}
RESULT: {"using":"xpath","value":"//button[@data-kt=\"addButton\"]"}
COMMAND: POST /session/416ca3a003057b96434a2425fa5e92e2/execute/sync - {"script":"<script> [8489 bytes]","args":[{"element-6066-11e4-a52e-4f735466cecf":"f.E04F53A89B741A5C45B2DD6DE3A1F810.d.49B28E7A112DA5896BE2974B098FDFE0.e.9851","ELEMENT":"f.E04F53A89B741A5C45B2DD6DE3A1F810.d.49B28E7A112DA5896BE2974B098FDFE0.e.9851"}]}
RESULT: {"script":"<script> [8489 bytes]","args":[{"element-6066-11e4-a52e-4f735466cecf":"f.E04F53A89B741A5C45B2DD6DE3A1F810.d.49B28E7A112DA5896BE2974B098FDFE0.e.9851","ELEMENT":"f.E04F53A89B741A5C45B2DD6DE3A1F810.d.49B28E7A112DA5896BE2974B098FDFE0.e.9851"}]}
COMMAND: GET /session/416ca3a003057b96434a2425fa5e92e2/element/f.E04F53A89B741A5C45B2DD6DE3A1F810.d.49B28E7A112DA5896BE2974B098FDFE0.e.9851/enabled - {}
COMMAND: GET /session/416ca3a003057b96434a2425fa5e92e2/screenshot - {}
RESULT: {}
COMMAND: POST /session/416ca3a003057b96434a2425fa5e92e2/execute/sync - {"script":"<script> [8489 bytes]","args":[{"element-6066-11e4-a52e-4f735466cecf":"f.E04F53A89B741A5C45B2DD6DE3A1F810.d.49B28E7A112DA5896BE2974B098FDFE0.e.9851","ELEMENT":"f.E04F53A89B741A5C45B2DD6DE3A1F810.d.49B28E7A112DA5896BE2974B098FDFE0.e.9851"}]}
COMMAND: GET /session/416ca3a003057b96434a2425fa5e92e2/screenshot - {}
RESULT: {}
RESULT: {"script":"<script> [8489 bytes]","args":[{"element-6066-11e4-a52e-4f735466cecf":"f.E04F53A89B741A5C45B2DD6DE3A1F810.d.49B28E7A112DA5896BE2974B098FDFE0.e.9851","ELEMENT":"f.E04F53A89B741A5C45B2DD6DE3A1F810.d.49B28E7A112DA5896BE2974B098FDFE0.e.9851"}]}
COMMAND: POST /session/416ca3a003057b96434a2425fa5e92e2/execute/sync - {"script":"<script> [5351 bytes]","args":[{"element-6066-11e4-a52e-4f735466cecf":"f.E04F53A89B741A5C45B2DD6DE3A1F810.d.49B28E7A112DA5896BE2974B098FDFE0.e.9851","ELEMENT":"f.E04F53A89B741A5C45B2DD6DE3A1F810.d.49B28E7A112DA5896BE2974B098FDFE0.e.9851"}]}
COMMAND: GET /session/416ca3a003057b96434a2425fa5e92e2/screenshot - {}
RESULT: {}
RESULT: {"script":"<script> [5351 bytes]","args":[{"element-6066-11e4-a52e-4f735466cecf":"f.E04F53A89B741A5C45B2DD6DE3A1F810.d.49B28E7A112DA5896BE2974B098FDFE0.e.9851","ELEMENT":"f.E04F53A89B741A5C45B2DD6DE3A1F810.d.49B28E7A112DA5896BE2974B098FDFE0.e.9851"}]}
COMMAND: POST /session/416ca3a003057b96434a2425fa5e92e2/element/f.E04F53A89B741A5C45B2DD6DE3A1F810.d.49B28E7A112DA5896BE2974B098FDFE0.e.9851/click - {}
COMMAND: GET /session/416ca3a003057b96434a2425fa5e92e2/screenshot - {}
RESULT: {}
RESULT: {}
COMMAND: GET /session/416ca3a003057b96434a2425fa5e92e2/screenshot - {}
RESULT: {}
RESULT: {}
COMMAND: POST /session/416ca3a003057b96434a2425fa5e92e2/execute/async - {"script":"<script> [1562 bytes]","args":[{"selector":{"controlType":"sap.m.Title","viewName":"etm.portal.ui.managepricingrules.view.NewItem","viewId":"application-managepricingrules-display-component---newInfoPriceItem","properties":{"text":"New Pricing Rules - Item Level"}},"wdio_ui5_key":"etmportal.ui.managepricingrules.view.NewItemsap.m.Title{\"text\":\"New Pricing Rules - Item Level\"}"}]}
RESULT: {"script":"<script> [1562 bytes]","args":[{"selector":{"controlType":"sap.m.Title","viewName":"etm.portal.ui.managepricingrules.view.NewItem","viewId":"application-managepricingrules-display-component---newInfoPriceItem","properties":{"text":"New Pricing Rules - Item Level"}},"wdio_ui5_key":"etmportal.ui.managepricingrules.view.NewItemsap.m.Title{\"text\":\"New Pricing Rules - Item Level\"}"}]}
RESULT: undefined
COMMAND: POST /session/416ca3a003057b96434a2425fa5e92e2/execute/async - {"script":"<script> [6424 bytes]","args":[{"element-6066-11e4-a52e-4f735466cecf":"f.E04F53A89B741A5C45B2DD6DE3A1F810.d.49B28E7A112DA5896BE2974B098FDFE0.e.10020"},"getText",[]]}
RESULT: {"script":"<script> [6424 bytes]","args":[{"element-6066-11e4-a52e-4f735466cecf":"f.E04F53A89B741A5C45B2DD6DE3A1F810.d.49B28E7A112DA5896BE2974B098FDFE0.e.10020"},"getText",[]]}
COMMAND: POST /session/416ca3a003057b96434a2425fa5e92e2/execute/async - {"script":"<script> [1562 bytes]","args":[{"selector":{"id":"application-managepricingrules-display-component---newInfoPriceItem--condValidTo","interaction":{"idSuffix":"inner"}},"wdio_ui5_key":"applicationmanagepricingrules-display-component---newInfoPriceItem--condValidTo"}]}
RESULT: {"script":"<script> [1562 bytes]","args":[{"selector":{"id":"application-managepricingrules-display-component---newInfoPriceItem--condValidTo","interaction":{"idSuffix":"inner"}},"wdio_ui5_key":"applicationmanagepricingrules-display-component---newInfoPriceItem--condValidTo"}]}
RESULT: undefined
COMMAND: POST /session/416ca3a003057b96434a2425fa5e92e2/execute/async - {"script":"<script> [776 bytes]","args":[{"enterText":"1/14/26","selector":{"id":"application-managepricingrules-display-component---newInfoPriceItem--condValidTo","interaction":{"idSuffix":"inner"}},"clearTextFirst":true,"interactionType":"ENTER_TEXT"}]}
RESULT: {"script":"<script> [776 bytes]","args":[{"enterText":"1/14/26","selector":{"id":"application-managepricingrules-display-component---newInfoPriceItem--condValidTo","interaction":{"idSuffix":"inner"}},"clearTextFirst":true,"interactionType":"ENTER_TEXT"}]}
COMMAND: POST /session/416ca3a003057b96434a2425fa5e92e2/execute/async - {"script":"<script> [1562 bytes]","args":[{"selector":{"id":"application-managepricingrules-display-component---newInfoPriceItem--billType-arrow"},"wdio_ui5_key":"applicationmanagepricingrules-display-component---newInfoPriceItem--billType-arrow"}]}
RESULT: {"script":"<script> [1562 bytes]","args":[{"selector":{"id":"application-managepricingrules-display-component---newInfoPriceItem--billType-arrow"},"wdio_ui5_key":"applicationmanagepricingrules-display-component---newInfoPriceItem--billType-arrow"}]}
RESULT: undefined
COMMAND: POST /session/416ca3a003057b96434a2425fa5e92e2/element - {"using":"xpath","value":"//*[@id=\"application-managepricingrules-display-component---newInfoPriceItem--billType-arrow\"]"}
RESULT: {"using":"xpath","value":"//*[@id=\"application-managepricingrules-display-component---newInfoPriceItem--billType-arrow\"]"}
COMMAND: POST /session/416ca3a003057b96434a2425fa5e92e2/element/f.E04F53A89B741A5C45B2DD6DE3A1F810.d.49B28E7A112DA5896BE2974B098FDFE0.e.9980/click - {}
RESULT: {}
COMMAND: POST /session/416ca3a003057b96434a2425fa5e92e2/element - {"using":"xpath","value":"//span[contains(text(), \"TB - Time based\")]"}
COMMAND: GET /session/416ca3a003057b96434a2425fa5e92e2/screenshot - {}
RESULT: {"using":"xpath","value":"//span[contains(text(), \"TB - Time based\")]"}
COMMAND: POST /session/416ca3a003057b96434a2425fa5e92e2/element/f.E04F53A89B741A5C45B2DD6DE3A1F810.d.49B28E7A112DA5896BE2974B098FDFE0.e.10024/click - {}
RESULT: {}
RESULT: {}
COMMAND: POST /session/416ca3a003057b96434a2425fa5e92e2/execute/async - {"script":"<script> [1562 bytes]","args":[{"selector":{"id":"application-managepricingrules-display-component---newInfoPriceItem--priceProc-arrow"},"wdio_ui5_key":"applicationmanagepricingrules-display-component---newInfoPriceItem--priceProc-arrow"}]}
COMMAND: GET /session/416ca3a003057b96434a2425fa5e92e2/screenshot - {}
RESULT: {"script":"<script> [1562 bytes]","args":[{"selector":{"id":"application-managepricingrules-display-component---newInfoPriceItem--priceProc-arrow"},"wdio_ui5_key":"applicationmanagepricingrules-display-component---newInfoPriceItem--priceProc-arrow"}]}
RESULT: undefined
COMMAND: POST /session/416ca3a003057b96434a2425fa5e92e2/element - {"using":"xpath","value":"//*[@id=\"application-managepricingrules-display-component---newInfoPriceItem--priceProc-arrow\"]"}
RESULT: {}
RESULT: {"using":"xpath","value":"//*[@id=\"application-managepricingrules-display-component---newInfoPriceItem--priceProc-arrow\"]"}
COMMAND: POST /session/416ca3a003057b96434a2425fa5e92e2/element/f.E04F53A89B741A5C45B2DD6DE3A1F810.d.49B28E7A112DA5896BE2974B098FDFE0.e.9987/click - {}
RESULT: {}
COMMAND: POST /session/416ca3a003057b96434a2425fa5e92e2/element - {"using":"xpath","value":"//span[contains(text(), \"TBS - Time based standard\")]"}
COMMAND: GET /session/416ca3a003057b96434a2425fa5e92e2/screenshot - {}
RESULT: {"using":"xpath","value":"//span[contains(text(), \"TBS - Time based standard\")]"}
COMMAND: POST /session/416ca3a003057b96434a2425fa5e92e2/element/f.E04F53A89B741A5C45B2DD6DE3A1F810.d.49B28E7A112DA5896BE2974B098FDFE0.e.10025/click - {}
RESULT: {}
RESULT: {}
COMMAND: POST /session/416ca3a003057b96434a2425fa5e92e2/execute/async - {"script":"<script> [1562 bytes]","args":[{"selector":{"id":"application-managepricingrules-display-component---newInfoPriceItem--calcBase-arrow"},"wdio_ui5_key":"applicationmanagepricingrules-display-component---newInfoPriceItem--calcBase-arrow"}]}
COMMAND: GET /session/416ca3a003057b96434a2425fa5e92e2/screenshot - {}
RESULT: {"script":"<script> [1562 bytes]","args":[{"selector":{"id":"application-managepricingrules-display-component---newInfoPriceItem--calcBase-arrow"},"wdio_ui5_key":"applicationmanagepricingrules-display-component---newInfoPriceItem--calcBase-arrow"}]}
RESULT: undefined
COMMAND: POST /session/416ca3a003057b96434a2425fa5e92e2/element - {"using":"xpath","value":"//*[@id=\"application-managepricingrules-display-component---newInfoPriceItem--calcBase-arrow\"]"}
RESULT: {}
RESULT: {"using":"xpath","value":"//*[@id=\"application-managepricingrules-display-component---newInfoPriceItem--calcBase-arrow\"]"}
COMMAND: POST /session/416ca3a003057b96434a2425fa5e92e2/element/f.E04F53A89B741A5C45B2DD6DE3A1F810.d.49B28E7A112DA5896BE2974B098FDFE0.e.9994/click - {}
RESULT: {}
COMMAND: GET /session/416ca3a003057b96434a2425fa5e92e2/screenshot - {}
RESULT: {}
COMMAND: POST /session/416ca3a003057b96434a2425fa5e92e2/element - {"using":"xpath","value":"//span[contains(text(), \"0006 - TB(calendar days)\")]"}
RESULT: {"using":"xpath","value":"//span[contains(text(), \"0006 - TB(calendar days)\")]"}
COMMAND: POST /session/416ca3a003057b96434a2425fa5e92e2/element/f.E04F53A89B741A5C45B2DD6DE3A1F810.d.49B28E7A112DA5896BE2974B098FDFE0.e.10026/click - {}
RESULT: {}
COMMAND: GET /session/416ca3a003057b96434a2425fa5e92e2/screenshot - {}
RESULT: {}
COMMAND: POST /session/416ca3a003057b96434a2425fa5e92e2/execute/async - {"script":"<script> [1562 bytes]","args":[{"selector":{"id":"application-managepricingrules-display-component---newInfoPriceItem--daysMonth","interaction":{"idSuffix":"inner"}},"wdio_ui5_key":"applicationmanagepricingrules-display-component---newInfoPriceItem--daysMonth"}]}
RESULT: {"script":"<script> [1562 bytes]","args":[{"selector":{"id":"application-managepricingrules-display-component---newInfoPriceItem--daysMonth","interaction":{"idSuffix":"inner"}},"wdio_ui5_key":"applicationmanagepricingrules-display-component---newInfoPriceItem--daysMonth"}]}
RESULT: undefined
COMMAND: POST /session/416ca3a003057b96434a2425fa5e92e2/execute/async - {"script":"<script> [776 bytes]","args":[{"enterText":"30","selector":{"id":"application-managepricingrules-display-component---newInfoPriceItem--daysMonth","interaction":{"idSuffix":"inner"}},"clearTextFirst":true,"interactionType":"ENTER_TEXT"}]}
RESULT: {"script":"<script> [776 bytes]","args":[{"enterText":"30","selector":{"id":"application-managepricingrules-display-component---newInfoPriceItem--daysMonth","interaction":{"idSuffix":"inner"}},"clearTextFirst":true,"interactionType":"ENTER_TEXT"}]}
COMMAND: POST /session/416ca3a003057b96434a2425fa5e92e2/element - {"using":"xpath","value":"//button[@data-kt=\"saveNewRuleButton\"]"}
RESULT: {"using":"xpath","value":"//button[@data-kt=\"saveNewRuleButton\"]"}
COMMAND: POST /session/416ca3a003057b96434a2425fa5e92e2/element/f.E04F53A89B741A5C45B2DD6DE3A1F810.d.49B28E7A112DA5896BE2974B098FDFE0.e.10014/click - {}
RESULT: {}
COMMAND: GET /session/416ca3a003057b96434a2425fa5e92e2/screenshot - {}
RESULT: {}
COMMAND: POST /session/416ca3a003057b96434a2425fa5e92e2/execute/async - {"script":"<script> [1562 bytes]","args":[{"selector":{"id":"application-managepricingrules-display-component---priceInfoItem--smartFilterBar-btnBasicSearch","interaction":{"idSuffix":"I"}},"wdio_ui5_key":"applicationmanagepricingrules-display-component---priceInfoItem--smartFilterBar-btnBasicSearch"}]}
RESULT: {"script":"<script> [1562 bytes]","args":[{"selector":{"id":"application-managepricingrules-display-component---priceInfoItem--smartFilterBar-btnBasicSearch","interaction":{"idSuffix":"I"}},"wdio_ui5_key":"applicationmanagepricingrules-display-component---priceInfoItem--smartFilterBar-btnBasicSearch"}]}
RESULT: undefined
COMMAND: POST /session/416ca3a003057b96434a2425fa5e92e2/execute/async - {"script":"<script> [776 bytes]","args":[{"enterText":"OYwwDeVkgj","selector":{"id":"application-managepricingrules-display-component---priceInfoItem--smartFilterBar-btnBasicSearch","interaction":{"idSuffix":"I"}},"clearTextFirst":true,"interactionType":"ENTER_TEXT"}]}
RESULT: {"script":"<script> [776 bytes]","args":[{"enterText":"OYwwDeVkgj","selector":{"id":"application-managepricingrules-display-component---priceInfoItem--smartFilterBar-btnBasicSearch","interaction":{"idSuffix":"I"}},"clearTextFirst":true,"interactionType":"ENTER_TEXT"}]}
COMMAND: POST /session/416ca3a003057b96434a2425fa5e92e2/actions - {"actions":[{"id":"action35","type":"key","parameters":{},"actions":[{"type":"keyDown","value":"î€‡"},{"type":"pause","duration":10},{"type":"keyUp","value":"î€‡"}]}]}
RESULT: {"actions":[{"id":"action35","type":"key","parameters":{},"actions":[{"type":"keyDown","value":"î€‡"},{"type":"pause","duration":10},{"type":"keyUp","value":"î€‡"}]}]}
COMMAND: GET /session/416ca3a003057b96434a2425fa5e92e2/screenshot - {}
RESULT: {}
COMMAND: POST /session/416ca3a003057b96434a2425fa5e92e2/element - {"using":"xpath","value":"//span[@id=\"application-managepricingrules-display-component---priceInfoItem--smartTable-header-inner\"]"}
RESULT: {"using":"xpath","value":"//span[@id=\"application-managepricingrules-display-component---priceInfoItem--smartTable-header-inner\"]"}
COMMAND: POST /session/416ca3a003057b96434a2425fa5e92e2/elements - {"using":"xpath","value":"//span[@id=\"application-managepricingrules-display-component---priceInfoItem--smartTable-header-inner\"]"}
RESULT: {"using":"xpath","value":"//span[@id=\"application-managepricingrules-display-component---priceInfoItem--smartTable-header-inner\"]"}
COMMAND: POST /session/416ca3a003057b96434a2425fa5e92e2/execute/sync - {"script":"<script> [56 bytes]","args":[{"element-6066-11e4-a52e-4f735466cecf":"f.E04F53A89B741A5C45B2DD6DE3A1F810.d.49B28E7A112DA5896BE2974B098FDFE0.e.10050","ELEMENT":"f.E04F53A89B741A5C45B2DD6DE3A1F810.d.49B28E7A112DA5896BE2974B098FDFE0.e.10050"}]}
RESULT: {"script":"<script> [56 bytes]","args":[{"element-6066-11e4-a52e-4f735466cecf":"f.E04F53A89B741A5C45B2DD6DE3A1F810.d.49B28E7A112DA5896BE2974B098FDFE0.e.10050","ELEMENT":"f.E04F53A89B741A5C45B2DD6DE3A1F810.d.49B28E7A112DA5896BE2974B098FDFE0.e.10050"}]}
COMMAND: POST /session/416ca3a003057b96434a2425fa5e92e2/element - {"using":"css selector","value":"#shell-header-logo"}
COMMAND: GET /session/416ca3a003057b96434a2425fa5e92e2/screenshot - {}
RESULT: {"using":"css selector","value":"#shell-header-logo"}
COMMAND: POST /session/416ca3a003057b96434a2425fa5e92e2/element/f.E04F53A89B741A5C45B2DD6DE3A1F810.d.49B28E7A112DA5896BE2974B098FDFE0.e.9171/click - {}
RESULT: {}
RESULT: {}
COMMAND: GET /session/416ca3a003057b96434a2425fa5e92e2/screenshot - {}
RESULT: {}
]]></system-out>
    </testcase>
    <testcase classname="chrome.136_0_7103_49.windows.Billing_Transfer_-_Intracompany_US127249" name="Should manage conditions" time="65.282">
      <system-out><![CDATA[
COMMAND: POST /session/416ca3a003057b96434a2425fa5e92e2/execute/async - {"script":"<script> [1562 bytes]","args":[{"selector":{"controlType":"sap.m.GenericTile","properties":{"header":"Manage Conditions & Prices"}},"wdio_ui5_key":"sapm.GenericTile{\"header\":\"Manage Conditions & Prices\"}"}]}
RESULT: {"script":"<script> [1562 bytes]","args":[{"selector":{"controlType":"sap.m.GenericTile","properties":{"header":"Manage Conditions & Prices"}},"wdio_ui5_key":"sapm.GenericTile{\"header\":\"Manage Conditions & Prices\"}"}]}
RESULT: undefined
COMMAND: POST /session/416ca3a003057b96434a2425fa5e92e2/element - {"using":"xpath","value":"//*[@id=\"__tile53\"]"}
RESULT: {"using":"xpath","value":"//*[@id=\"__tile53\"]"}
COMMAND: POST /session/416ca3a003057b96434a2425fa5e92e2/element/f.E04F53A89B741A5C45B2DD6DE3A1F810.d.49B28E7A112DA5896BE2974B098FDFE0.e.6847/click - {}
RESULT: {}
COMMAND: GET /session/416ca3a003057b96434a2425fa5e92e2/screenshot - {}
RESULT: {}
COMMAND: POST /session/416ca3a003057b96434a2425fa5e92e2/elements - {"using":"xpath","value":"//span[text()='Error']"}
RESULT: {"using":"xpath","value":"//span[text()='Error']"}
COMMAND: POST /session/416ca3a003057b96434a2425fa5e92e2/element - {"using":"xpath","value":"//button[@aria-label=\"Create\"]"}
RESULT: {"using":"xpath","value":"//button[@aria-label=\"Create\"]"}
COMMAND: POST /session/416ca3a003057b96434a2425fa5e92e2/elements - {"using":"xpath","value":"//button[@aria-label=\"Create\"]"}
RESULT: {"using":"xpath","value":"//button[@aria-label=\"Create\"]"}
COMMAND: POST /session/416ca3a003057b96434a2425fa5e92e2/execute/sync - {"script":"<script> [8489 bytes]","args":[{"element-6066-11e4-a52e-4f735466cecf":"f.E04F53A89B741A5C45B2DD6DE3A1F810.d.49B28E7A112DA5896BE2974B098FDFE0.e.10085","ELEMENT":"f.E04F53A89B741A5C45B2DD6DE3A1F810.d.49B28E7A112DA5896BE2974B098FDFE0.e.10085"}]}
RESULT: {"script":"<script> [8489 bytes]","args":[{"element-6066-11e4-a52e-4f735466cecf":"f.E04F53A89B741A5C45B2DD6DE3A1F810.d.49B28E7A112DA5896BE2974B098FDFE0.e.10085","ELEMENT":"f.E04F53A89B741A5C45B2DD6DE3A1F810.d.49B28E7A112DA5896BE2974B098FDFE0.e.10085"}]}
COMMAND: GET /session/416ca3a003057b96434a2425fa5e92e2/element/f.E04F53A89B741A5C45B2DD6DE3A1F810.d.49B28E7A112DA5896BE2974B098FDFE0.e.10085/enabled - {}
COMMAND: GET /session/416ca3a003057b96434a2425fa5e92e2/screenshot - {}
RESULT: {}
COMMAND: POST /session/416ca3a003057b96434a2425fa5e92e2/execute/sync - {"script":"<script> [8489 bytes]","args":[{"element-6066-11e4-a52e-4f735466cecf":"f.E04F53A89B741A5C45B2DD6DE3A1F810.d.49B28E7A112DA5896BE2974B098FDFE0.e.10085","ELEMENT":"f.E04F53A89B741A5C45B2DD6DE3A1F810.d.49B28E7A112DA5896BE2974B098FDFE0.e.10085"}]}
COMMAND: GET /session/416ca3a003057b96434a2425fa5e92e2/screenshot - {}
RESULT: {}
RESULT: {"script":"<script> [8489 bytes]","args":[{"element-6066-11e4-a52e-4f735466cecf":"f.E04F53A89B741A5C45B2DD6DE3A1F810.d.49B28E7A112DA5896BE2974B098FDFE0.e.10085","ELEMENT":"f.E04F53A89B741A5C45B2DD6DE3A1F810.d.49B28E7A112DA5896BE2974B098FDFE0.e.10085"}]}
COMMAND: POST /session/416ca3a003057b96434a2425fa5e92e2/execute/sync - {"script":"<script> [5351 bytes]","args":[{"element-6066-11e4-a52e-4f735466cecf":"f.E04F53A89B741A5C45B2DD6DE3A1F810.d.49B28E7A112DA5896BE2974B098FDFE0.e.10085","ELEMENT":"f.E04F53A89B741A5C45B2DD6DE3A1F810.d.49B28E7A112DA5896BE2974B098FDFE0.e.10085"}]}
COMMAND: GET /session/416ca3a003057b96434a2425fa5e92e2/screenshot - {}
RESULT: {}
RESULT: {"script":"<script> [5351 bytes]","args":[{"element-6066-11e4-a52e-4f735466cecf":"f.E04F53A89B741A5C45B2DD6DE3A1F810.d.49B28E7A112DA5896BE2974B098FDFE0.e.10085","ELEMENT":"f.E04F53A89B741A5C45B2DD6DE3A1F810.d.49B28E7A112DA5896BE2974B098FDFE0.e.10085"}]}
COMMAND: POST /session/416ca3a003057b96434a2425fa5e92e2/element/f.E04F53A89B741A5C45B2DD6DE3A1F810.d.49B28E7A112DA5896BE2974B098FDFE0.e.10085/click - {}
COMMAND: GET /session/416ca3a003057b96434a2425fa5e92e2/screenshot - {}
RESULT: {}
RESULT: {}
COMMAND: GET /session/416ca3a003057b96434a2425fa5e92e2/screenshot - {}
RESULT: {}
RESULT: {}
COMMAND: POST /session/416ca3a003057b96434a2425fa5e92e2/actions - {"actions":[{"id":"action36","type":"key","parameters":{},"actions":[{"type":"keyDown","value":"î€‡"},{"type":"pause","duration":10},{"type":"keyUp","value":"î€‡"}]}]}
RESULT: {"actions":[{"id":"action36","type":"key","parameters":{},"actions":[{"type":"keyDown","value":"î€‡"},{"type":"pause","duration":10},{"type":"keyUp","value":"î€‡"}]}]}
COMMAND: GET /session/416ca3a003057b96434a2425fa5e92e2/screenshot - {}
RESULT: {}
COMMAND: POST /session/416ca3a003057b96434a2425fa5e92e2/execute/async - {"script":"<script> [1562 bytes]","args":[{"selector":{"id":"application-manageconditionprice-display-component---newCondition--condBillCond-arrow"},"wdio_ui5_key":"applicationmanageconditionprice-display-component---newCondition--condBillCond-arrow"}]}
RESULT: {"script":"<script> [1562 bytes]","args":[{"selector":{"id":"application-manageconditionprice-display-component---newCondition--condBillCond-arrow"},"wdio_ui5_key":"applicationmanageconditionprice-display-component---newCondition--condBillCond-arrow"}]}
RESULT: undefined
COMMAND: POST /session/416ca3a003057b96434a2425fa5e92e2/element - {"using":"xpath","value":"//*[@id=\"application-manageconditionprice-display-component---newCondition--condBillCond-arrow\"]"}
RESULT: {"using":"xpath","value":"//*[@id=\"application-manageconditionprice-display-component---newCondition--condBillCond-arrow\"]"}
COMMAND: POST /session/416ca3a003057b96434a2425fa5e92e2/element/f.E04F53A89B741A5C45B2DD6DE3A1F810.d.49B28E7A112DA5896BE2974B098FDFE0.e.10263/click - {}
RESULT: {}
COMMAND: GET /session/416ca3a003057b96434a2425fa5e92e2/screenshot - {}
RESULT: {}
COMMAND: POST /session/416ca3a003057b96434a2425fa5e92e2/element - {"using":"xpath","value":"//li[.//span[contains(text(), \"DISP - D&I special price\")]]"}
RESULT: {"using":"xpath","value":"//li[.//span[contains(text(), \"DISP - D&I special price\")]]"}
COMMAND: POST /session/416ca3a003057b96434a2425fa5e92e2/element/f.E04F53A89B741A5C45B2DD6DE3A1F810.d.49B28E7A112DA5896BE2974B098FDFE0.e.10266/click - {}
RESULT: {}
COMMAND: GET /session/416ca3a003057b96434a2425fa5e92e2/screenshot - {}
RESULT: {}
COMMAND: POST /session/416ca3a003057b96434a2425fa5e92e2/execute/async - {"script":"<script> [1562 bytes]","args":[{"selector":{"id":"application-manageconditionprice-display-component---newCondition--condValidTo","interaction":{"idSuffix":"inner"}},"wdio_ui5_key":"applicationmanageconditionprice-display-component---newCondition--condValidTo"}]}
RESULT: {"script":"<script> [1562 bytes]","args":[{"selector":{"id":"application-manageconditionprice-display-component---newCondition--condValidTo","interaction":{"idSuffix":"inner"}},"wdio_ui5_key":"applicationmanageconditionprice-display-component---newCondition--condValidTo"}]}
RESULT: undefined
COMMAND: POST /session/416ca3a003057b96434a2425fa5e92e2/execute/async - {"script":"<script> [776 bytes]","args":[{"enterText":"1/14/26","selector":{"id":"application-manageconditionprice-display-component---newCondition--condValidTo","interaction":{"idSuffix":"inner"}},"clearTextFirst":true,"interactionType":"ENTER_TEXT"}]}
RESULT: {"script":"<script> [776 bytes]","args":[{"enterText":"1/14/26","selector":{"id":"application-manageconditionprice-display-component---newCondition--condValidTo","interaction":{"idSuffix":"inner"}},"clearTextFirst":true,"interactionType":"ENTER_TEXT"}]}
COMMAND: POST /session/416ca3a003057b96434a2425fa5e92e2/element - {"using":"xpath","value":"//input[@id=\"application-manageconditionprice-display-component---newCondition--condRU-inner\"]"}
RESULT: {"using":"xpath","value":"//input[@id=\"application-manageconditionprice-display-component---newCondition--condRU-inner\"]"}
COMMAND: POST /session/416ca3a003057b96434a2425fa5e92e2/element/f.E04F53A89B741A5C45B2DD6DE3A1F810.d.49B28E7A112DA5896BE2974B098FDFE0.e.10128/clear - {}
RESULT: {}
COMMAND: POST /session/416ca3a003057b96434a2425fa5e92e2/element/f.E04F53A89B741A5C45B2DD6DE3A1F810.d.49B28E7A112DA5896BE2974B098FDFE0.e.10128/value - {"text":"OYwwDeVkgj"}
COMMAND: GET /session/416ca3a003057b96434a2425fa5e92e2/screenshot - {}
RESULT: {"text":"OYwwDeVkgj"}
COMMAND: GET /session/416ca3a003057b96434a2425fa5e92e2/screenshot - {}
RESULT: {}
RESULT: {}
COMMAND: POST /session/416ca3a003057b96434a2425fa5e92e2/actions - {"actions":[{"id":"action37","type":"key","parameters":{},"actions":[{"type":"keyDown","value":"î€‡"},{"type":"pause","duration":10},{"type":"keyUp","value":"î€‡"}]}]}
RESULT: {"actions":[{"id":"action37","type":"key","parameters":{},"actions":[{"type":"keyDown","value":"î€‡"},{"type":"pause","duration":10},{"type":"keyUp","value":"î€‡"}]}]}
COMMAND: POST /session/416ca3a003057b96434a2425fa5e92e2/execute/async - {"script":"<script> [1562 bytes]","args":[{"selector":{"id":"application-manageconditionprice-display-component---newCondition--condBaseQty","interaction":{"idSuffix":"inner"}},"wdio_ui5_key":"applicationmanageconditionprice-display-component---newCondition--condBaseQty"}]}
COMMAND: GET /session/416ca3a003057b96434a2425fa5e92e2/screenshot - {}
RESULT: {"script":"<script> [1562 bytes]","args":[{"selector":{"id":"application-manageconditionprice-display-component---newCondition--condBaseQty","interaction":{"idSuffix":"inner"}},"wdio_ui5_key":"applicationmanageconditionprice-display-component---newCondition--condBaseQty"}]}
RESULT: undefined
COMMAND: POST /session/416ca3a003057b96434a2425fa5e92e2/execute/async - {"script":"<script> [776 bytes]","args":[{"enterText":"1","selector":{"id":"application-manageconditionprice-display-component---newCondition--condBaseQty","interaction":{"idSuffix":"inner"}},"clearTextFirst":true,"interactionType":"ENTER_TEXT"}]}
RESULT: {}
RESULT: {"script":"<script> [776 bytes]","args":[{"enterText":"1","selector":{"id":"application-manageconditionprice-display-component---newCondition--condBaseQty","interaction":{"idSuffix":"inner"}},"clearTextFirst":true,"interactionType":"ENTER_TEXT"}]}
COMMAND: POST /session/416ca3a003057b96434a2425fa5e92e2/execute/async - {"script":"<script> [1562 bytes]","args":[{"selector":{"id":"application-manageconditionprice-display-component---newCondition--condValue","interaction":{"idSuffix":"inner"}},"wdio_ui5_key":"applicationmanageconditionprice-display-component---newCondition--condValue"}]}
RESULT: {"script":"<script> [1562 bytes]","args":[{"selector":{"id":"application-manageconditionprice-display-component---newCondition--condValue","interaction":{"idSuffix":"inner"}},"wdio_ui5_key":"applicationmanageconditionprice-display-component---newCondition--condValue"}]}
RESULT: undefined
COMMAND: POST /session/416ca3a003057b96434a2425fa5e92e2/execute/async - {"script":"<script> [776 bytes]","args":[{"enterText":"200","selector":{"id":"application-manageconditionprice-display-component---newCondition--condValue","interaction":{"idSuffix":"inner"}},"clearTextFirst":true,"interactionType":"ENTER_TEXT"}]}
RESULT: {"script":"<script> [776 bytes]","args":[{"enterText":"200","selector":{"id":"application-manageconditionprice-display-component---newCondition--condValue","interaction":{"idSuffix":"inner"}},"clearTextFirst":true,"interactionType":"ENTER_TEXT"}]}
COMMAND: POST /session/416ca3a003057b96434a2425fa5e92e2/execute/async - {"script":"<script> [1562 bytes]","args":[{"selector":{"id":"application-manageconditionprice-display-component---newCondition--condCurr-arrow"},"wdio_ui5_key":"applicationmanageconditionprice-display-component---newCondition--condCurr-arrow"}]}
RESULT: {"script":"<script> [1562 bytes]","args":[{"selector":{"id":"application-manageconditionprice-display-component---newCondition--condCurr-arrow"},"wdio_ui5_key":"applicationmanageconditionprice-display-component---newCondition--condCurr-arrow"}]}
RESULT: undefined
COMMAND: POST /session/416ca3a003057b96434a2425fa5e92e2/element - {"using":"xpath","value":"//*[@id=\"application-manageconditionprice-display-component---newCondition--condCurr-arrow\"]"}
RESULT: {"using":"xpath","value":"//*[@id=\"application-manageconditionprice-display-component---newCondition--condCurr-arrow\"]"}
COMMAND: POST /session/416ca3a003057b96434a2425fa5e92e2/element/f.E04F53A89B741A5C45B2DD6DE3A1F810.d.49B28E7A112DA5896BE2974B098FDFE0.e.10235/click - {}
RESULT: {}
COMMAND: POST /session/416ca3a003057b96434a2425fa5e92e2/element - {"using":"xpath","value":"//span[contains(text(), \"Euro\")]"}
COMMAND: GET /session/416ca3a003057b96434a2425fa5e92e2/screenshot - {}
RESULT: {"using":"xpath","value":"//span[contains(text(), \"Euro\")]"}
COMMAND: POST /session/416ca3a003057b96434a2425fa5e92e2/element/f.E04F53A89B741A5C45B2DD6DE3A1F810.d.49B28E7A112DA5896BE2974B098FDFE0.e.10303/click - {}
RESULT: {}
RESULT: {}
COMMAND: POST /session/416ca3a003057b96434a2425fa5e92e2/element - {"using":"xpath","value":"//button[@data-kt=\"saveButton\"]"}
COMMAND: GET /session/416ca3a003057b96434a2425fa5e92e2/screenshot - {}
RESULT: {"using":"xpath","value":"//button[@data-kt=\"saveButton\"]"}
COMMAND: POST /session/416ca3a003057b96434a2425fa5e92e2/element/f.E04F53A89B741A5C45B2DD6DE3A1F810.d.49B28E7A112DA5896BE2974B098FDFE0.e.10236/click - {}
RESULT: {}
RESULT: {}
COMMAND: GET /session/416ca3a003057b96434a2425fa5e92e2/screenshot - {}
RESULT: {}
COMMAND: POST /session/416ca3a003057b96434a2425fa5e92e2/execute/async - {"script":"<script> [1562 bytes]","args":[{"selector":{"id":"application-manageconditionprice-display-component---conditions--smartFilterBar-btnBasicSearch","interaction":{"idSuffix":"I"}},"wdio_ui5_key":"applicationmanageconditionprice-display-component---conditions--smartFilterBar-btnBasicSearch"}]}
RESULT: {"script":"<script> [1562 bytes]","args":[{"selector":{"id":"application-manageconditionprice-display-component---conditions--smartFilterBar-btnBasicSearch","interaction":{"idSuffix":"I"}},"wdio_ui5_key":"applicationmanageconditionprice-display-component---conditions--smartFilterBar-btnBasicSearch"}]}
RESULT: undefined
COMMAND: POST /session/416ca3a003057b96434a2425fa5e92e2/execute/async - {"script":"<script> [776 bytes]","args":[{"enterText":"OYwwDeVkgj","selector":{"id":"application-manageconditionprice-display-component---conditions--smartFilterBar-btnBasicSearch","interaction":{"idSuffix":"I"}},"clearTextFirst":true,"interactionType":"ENTER_TEXT"}]}
RESULT: {"script":"<script> [776 bytes]","args":[{"enterText":"OYwwDeVkgj","selector":{"id":"application-manageconditionprice-display-component---conditions--smartFilterBar-btnBasicSearch","interaction":{"idSuffix":"I"}},"clearTextFirst":true,"interactionType":"ENTER_TEXT"}]}
COMMAND: POST /session/416ca3a003057b96434a2425fa5e92e2/actions - {"actions":[{"id":"action38","type":"key","parameters":{},"actions":[{"type":"keyDown","value":"î€‡"},{"type":"pause","duration":10},{"type":"keyUp","value":"î€‡"}]}]}
RESULT: {"actions":[{"id":"action38","type":"key","parameters":{},"actions":[{"type":"keyDown","value":"î€‡"},{"type":"pause","duration":10},{"type":"keyUp","value":"î€‡"}]}]}
COMMAND: GET /session/416ca3a003057b96434a2425fa5e92e2/screenshot - {}
RESULT: {}
COMMAND: POST /session/416ca3a003057b96434a2425fa5e92e2/execute/async - {"script":"<script> [1562 bytes]","args":[{"selector":{"id":"application-manageconditionprice-display-component---conditions--smartFilterBar-filterItemControl_BASIC-BILL_TYPES-vhi"},"wdio_ui5_key":"applicationmanageconditionprice-display-component---conditions--smartFilterBar-filterItemControl_BASIC-BILL_TYPES-vhi"}]}
RESULT: {"script":"<script> [1562 bytes]","args":[{"selector":{"id":"application-manageconditionprice-display-component---conditions--smartFilterBar-filterItemControl_BASIC-BILL_TYPES-vhi"},"wdio_ui5_key":"applicationmanageconditionprice-display-component---conditions--smartFilterBar-filterItemControl_BASIC-BILL_TYPES-vhi"}]}
RESULT: undefined
COMMAND: POST /session/416ca3a003057b96434a2425fa5e92e2/element - {"using":"xpath","value":"//*[@id=\"application-manageconditionprice-display-component---conditions--smartFilterBar-filterItemControl_BASIC-BILL_TYPES-vhi\"]"}
RESULT: {"using":"xpath","value":"//*[@id=\"application-manageconditionprice-display-component---conditions--smartFilterBar-filterItemControl_BASIC-BILL_TYPES-vhi\"]"}
COMMAND: POST /session/416ca3a003057b96434a2425fa5e92e2/element/f.E04F53A89B741A5C45B2DD6DE3A1F810.d.49B28E7A112DA5896BE2974B098FDFE0.e.10409/click - {}
RESULT: {}
COMMAND: POST /session/416ca3a003057b96434a2425fa5e92e2/execute/async - {"script":"<script> [1562 bytes]","args":[{"selector":{"id":"application-manageconditionprice-display-component---conditions--smartFilterBar-filterItemControl_BASIC-BILL_TYPES-valueHelpDialog-smartFilterBar-btnBasicSearch","searchOpenDialogs":true,"interaction":{"idSuffix":"I"}},"wdio_ui5_key":"applicationmanageconditionprice-display-component---conditions--smartFilterBar-filterItemControl_BASIC-BILL_TYPES-valueHelpDialog-smartFilterBar-btnBasicSearch"}]}
COMMAND: GET /session/416ca3a003057b96434a2425fa5e92e2/screenshot - {}
RESULT: {"script":"<script> [1562 bytes]","args":[{"selector":{"id":"application-manageconditionprice-display-component---conditions--smartFilterBar-filterItemControl_BASIC-BILL_TYPES-valueHelpDialog-smartFilterBar-btnBasicSearch","searchOpenDialogs":true,"interaction":{"idSuffix":"I"}},"wdio_ui5_key":"applicationmanageconditionprice-display-component---conditions--smartFilterBar-filterItemControl_BASIC-BILL_TYPES-valueHelpDialog-smartFilterBar-btnBasicSearch"}]}
RESULT: undefined
COMMAND: POST /session/416ca3a003057b96434a2425fa5e92e2/execute/async - {"script":"<script> [776 bytes]","args":[{"enterText":"TB","selector":{"id":"application-manageconditionprice-display-component---conditions--smartFilterBar-filterItemControl_BASIC-BILL_TYPES-valueHelpDialog-smartFilterBar-btnBasicSearch","searchOpenDialogs":true,"interaction":{"idSuffix":"I"}},"clearTextFirst":true,"interactionType":"ENTER_TEXT"}]}
RESULT: {}
RESULT: {"script":"<script> [776 bytes]","args":[{"enterText":"TB","selector":{"id":"application-manageconditionprice-display-component---conditions--smartFilterBar-filterItemControl_BASIC-BILL_TYPES-valueHelpDialog-smartFilterBar-btnBasicSearch","searchOpenDialogs":true,"interaction":{"idSuffix":"I"}},"clearTextFirst":true,"interactionType":"ENTER_TEXT"}]}
COMMAND: POST /session/416ca3a003057b96434a2425fa5e92e2/actions - {"actions":[{"id":"action39","type":"key","parameters":{},"actions":[{"type":"keyDown","value":"î€‡"},{"type":"pause","duration":10},{"type":"keyUp","value":"î€‡"}]}]}
RESULT: {"actions":[{"id":"action39","type":"key","parameters":{},"actions":[{"type":"keyDown","value":"î€‡"},{"type":"pause","duration":10},{"type":"keyUp","value":"î€‡"}]}]}
COMMAND: GET /session/416ca3a003057b96434a2425fa5e92e2/screenshot - {}
RESULT: {}
COMMAND: POST /session/416ca3a003057b96434a2425fa5e92e2/element - {"using":"xpath","value":"//div[contains(@id, 'application-manageconditionprice-display-component---conditions--smartFilterBar-filterItemControl_BASIC-BILL_TYPES-valueHelpDialog-table-rowsel0')]"}
RESULT: {"using":"xpath","value":"//div[contains(@id, 'application-manageconditionprice-display-component---conditions--smartFilterBar-filterItemControl_BASIC-BILL_TYPES-valueHelpDialog-table-rowsel0')]"}
COMMAND: POST /session/416ca3a003057b96434a2425fa5e92e2/element/f.E04F53A89B741A5C45B2DD6DE3A1F810.d.49B28E7A112DA5896BE2974B098FDFE0.e.10419/click - {}
RESULT: {}
COMMAND: GET /session/416ca3a003057b96434a2425fa5e92e2/screenshot - {}
RESULT: {}
COMMAND: POST /session/416ca3a003057b96434a2425fa5e92e2/element - {"using":"xpath","value":"//bdi[contains(text(), \"OK\")]"}
RESULT: {"using":"xpath","value":"//bdi[contains(text(), \"OK\")]"}
COMMAND: POST /session/416ca3a003057b96434a2425fa5e92e2/element/f.E04F53A89B741A5C45B2DD6DE3A1F810.d.49B28E7A112DA5896BE2974B098FDFE0.e.10421/click - {}
RESULT: {}
COMMAND: GET /session/416ca3a003057b96434a2425fa5e92e2/screenshot - {}
RESULT: {}
COMMAND: POST /session/416ca3a003057b96434a2425fa5e92e2/element - {"using":"xpath","value":"//span[@id=\"application-manageconditionprice-display-component---conditions--smartTable-header-inner\"]"}
RESULT: {"using":"xpath","value":"//span[@id=\"application-manageconditionprice-display-component---conditions--smartTable-header-inner\"]"}
COMMAND: POST /session/416ca3a003057b96434a2425fa5e92e2/elements - {"using":"xpath","value":"//span[@id=\"application-manageconditionprice-display-component---conditions--smartTable-header-inner\"]"}
RESULT: {"using":"xpath","value":"//span[@id=\"application-manageconditionprice-display-component---conditions--smartTable-header-inner\"]"}
COMMAND: POST /session/416ca3a003057b96434a2425fa5e92e2/execute/sync - {"script":"<script> [56 bytes]","args":[{"element-6066-11e4-a52e-4f735466cecf":"f.E04F53A89B741A5C45B2DD6DE3A1F810.d.49B28E7A112DA5896BE2974B098FDFE0.e.10424","ELEMENT":"f.E04F53A89B741A5C45B2DD6DE3A1F810.d.49B28E7A112DA5896BE2974B098FDFE0.e.10424"}]}
RESULT: {"script":"<script> [56 bytes]","args":[{"element-6066-11e4-a52e-4f735466cecf":"f.E04F53A89B741A5C45B2DD6DE3A1F810.d.49B28E7A112DA5896BE2974B098FDFE0.e.10424","ELEMENT":"f.E04F53A89B741A5C45B2DD6DE3A1F810.d.49B28E7A112DA5896BE2974B098FDFE0.e.10424"}]}
COMMAND: POST /session/416ca3a003057b96434a2425fa5e92e2/element - {"using":"css selector","value":"#shell-header-logo"}
COMMAND: GET /session/416ca3a003057b96434a2425fa5e92e2/screenshot - {}
RESULT: {"using":"css selector","value":"#shell-header-logo"}
COMMAND: POST /session/416ca3a003057b96434a2425fa5e92e2/element/f.E04F53A89B741A5C45B2DD6DE3A1F810.d.49B28E7A112DA5896BE2974B098FDFE0.e.10053/click - {}
RESULT: {}
RESULT: {}
COMMAND: GET /session/416ca3a003057b96434a2425fa5e92e2/screenshot - {}
RESULT: {}
]]></system-out>
    </testcase>
    <testcase classname="chrome.136_0_7103_49.windows.Billing_Transfer_-_Intracompany_US127249" name="Should do a stock increase handover" time="88.911">
      <system-out><![CDATA[
COMMAND: POST /session/416ca3a003057b96434a2425fa5e92e2/execute/async - {"script":"<script> [1562 bytes]","args":[{"selector":{"controlType":"sap.m.GenericTile","properties":{"header":"Manage Handovers"}},"wdio_ui5_key":"sapm.GenericTile{\"header\":\"Manage Handovers\"}"}]}
RESULT: {"script":"<script> [1562 bytes]","args":[{"selector":{"controlType":"sap.m.GenericTile","properties":{"header":"Manage Handovers"}},"wdio_ui5_key":"sapm.GenericTile{\"header\":\"Manage Handovers\"}"}]}
RESULT: undefined
COMMAND: POST /session/416ca3a003057b96434a2425fa5e92e2/element - {"using":"xpath","value":"//*[@id=\"__tile131\"]"}
RESULT: {"using":"xpath","value":"//*[@id=\"__tile131\"]"}
COMMAND: POST /session/416ca3a003057b96434a2425fa5e92e2/element/f.E04F53A89B741A5C45B2DD6DE3A1F810.d.49B28E7A112DA5896BE2974B098FDFE0.e.6886/click - {}
RESULT: {}
COMMAND: GET /session/416ca3a003057b96434a2425fa5e92e2/screenshot - {}
RESULT: {}
COMMAND: POST /session/416ca3a003057b96434a2425fa5e92e2/elements - {"using":"xpath","value":"//span[text()='Error']"}
RESULT: {"using":"xpath","value":"//span[text()='Error']"}
COMMAND: POST /session/416ca3a003057b96434a2425fa5e92e2/element - {"using":"xpath","value":"//button[@data-kt=\"masterHOAddButton\"]"}
RESULT: {"using":"xpath","value":"//button[@data-kt=\"masterHOAddButton\"]"}
COMMAND: POST /session/416ca3a003057b96434a2425fa5e92e2/elements - {"using":"xpath","value":"//button[@data-kt=\"masterHOAddButton\"]"}
RESULT: {"using":"xpath","value":"//button[@data-kt=\"masterHOAddButton\"]"}
COMMAND: POST /session/416ca3a003057b96434a2425fa5e92e2/execute/sync - {"script":"<script> [8489 bytes]","args":[{"element-6066-11e4-a52e-4f735466cecf":"f.E04F53A89B741A5C45B2DD6DE3A1F810.d.49B28E7A112DA5896BE2974B098FDFE0.e.10467","ELEMENT":"f.E04F53A89B741A5C45B2DD6DE3A1F810.d.49B28E7A112DA5896BE2974B098FDFE0.e.10467"}]}
RESULT: {"script":"<script> [8489 bytes]","args":[{"element-6066-11e4-a52e-4f735466cecf":"f.E04F53A89B741A5C45B2DD6DE3A1F810.d.49B28E7A112DA5896BE2974B098FDFE0.e.10467","ELEMENT":"f.E04F53A89B741A5C45B2DD6DE3A1F810.d.49B28E7A112DA5896BE2974B098FDFE0.e.10467"}]}
COMMAND: GET /session/416ca3a003057b96434a2425fa5e92e2/element/f.E04F53A89B741A5C45B2DD6DE3A1F810.d.49B28E7A112DA5896BE2974B098FDFE0.e.10467/enabled - {}
COMMAND: GET /session/416ca3a003057b96434a2425fa5e92e2/screenshot - {}
RESULT: {}
COMMAND: POST /session/416ca3a003057b96434a2425fa5e92e2/execute/sync - {"script":"<script> [8489 bytes]","args":[{"element-6066-11e4-a52e-4f735466cecf":"f.E04F53A89B741A5C45B2DD6DE3A1F810.d.49B28E7A112DA5896BE2974B098FDFE0.e.10467","ELEMENT":"f.E04F53A89B741A5C45B2DD6DE3A1F810.d.49B28E7A112DA5896BE2974B098FDFE0.e.10467"}]}
COMMAND: GET /session/416ca3a003057b96434a2425fa5e92e2/screenshot - {}
RESULT: {}
RESULT: {"script":"<script> [8489 bytes]","args":[{"element-6066-11e4-a52e-4f735466cecf":"f.E04F53A89B741A5C45B2DD6DE3A1F810.d.49B28E7A112DA5896BE2974B098FDFE0.e.10467","ELEMENT":"f.E04F53A89B741A5C45B2DD6DE3A1F810.d.49B28E7A112DA5896BE2974B098FDFE0.e.10467"}]}
COMMAND: POST /session/416ca3a003057b96434a2425fa5e92e2/execute/sync - {"script":"<script> [5351 bytes]","args":[{"element-6066-11e4-a52e-4f735466cecf":"f.E04F53A89B741A5C45B2DD6DE3A1F810.d.49B28E7A112DA5896BE2974B098FDFE0.e.10467","ELEMENT":"f.E04F53A89B741A5C45B2DD6DE3A1F810.d.49B28E7A112DA5896BE2974B098FDFE0.e.10467"}]}
COMMAND: GET /session/416ca3a003057b96434a2425fa5e92e2/screenshot - {}
RESULT: {}
RESULT: {"script":"<script> [5351 bytes]","args":[{"element-6066-11e4-a52e-4f735466cecf":"f.E04F53A89B741A5C45B2DD6DE3A1F810.d.49B28E7A112DA5896BE2974B098FDFE0.e.10467","ELEMENT":"f.E04F53A89B741A5C45B2DD6DE3A1F810.d.49B28E7A112DA5896BE2974B098FDFE0.e.10467"}]}
COMMAND: POST /session/416ca3a003057b96434a2425fa5e92e2/element/f.E04F53A89B741A5C45B2DD6DE3A1F810.d.49B28E7A112DA5896BE2974B098FDFE0.e.10467/click - {}
COMMAND: GET /session/416ca3a003057b96434a2425fa5e92e2/screenshot - {}
RESULT: {}
RESULT: {}
COMMAND: GET /session/416ca3a003057b96434a2425fa5e92e2/screenshot - {}
RESULT: {}
RESULT: {}
COMMAND: POST /session/416ca3a003057b96434a2425fa5e92e2/element - {"using":"xpath","value":"//span[contains(@id ,\"AddNewHO--typeSelect-arrow\")]"}
RESULT: {"using":"xpath","value":"//span[contains(@id ,\"AddNewHO--typeSelect-arrow\")]"}
COMMAND: POST /session/416ca3a003057b96434a2425fa5e92e2/element/f.E04F53A89B741A5C45B2DD6DE3A1F810.d.49B28E7A112DA5896BE2974B098FDFE0.e.10821/click - {}
RESULT: {}
COMMAND: GET /session/416ca3a003057b96434a2425fa5e92e2/screenshot - {}
RESULT: {}
COMMAND: POST /session/416ca3a003057b96434a2425fa5e92e2/element - {"using":"xpath","value":"(//li[contains(text(), \"stock increase yard\")])[1]"}
RESULT: {"using":"xpath","value":"(//li[contains(text(), \"stock increase yard\")])[1]"}
COMMAND: POST /session/416ca3a003057b96434a2425fa5e92e2/element/f.E04F53A89B741A5C45B2DD6DE3A1F810.d.49B28E7A112DA5896BE2974B098FDFE0.e.10822/click - {}
RESULT: {}
COMMAND: GET /session/416ca3a003057b96434a2425fa5e92e2/screenshot - {}
RESULT: {}
COMMAND: POST /session/416ca3a003057b96434a2425fa5e92e2/execute/async - {"script":"<script> [1562 bytes]","args":[{"selector":{"id":"application-managehandovers-display-component---AddNewHO--dueDate","interaction":{"idSuffix":"inner"}},"wdio_ui5_key":"applicationmanagehandovers-display-component---AddNewHO--dueDate"}]}
RESULT: {"script":"<script> [1562 bytes]","args":[{"selector":{"id":"application-managehandovers-display-component---AddNewHO--dueDate","interaction":{"idSuffix":"inner"}},"wdio_ui5_key":"applicationmanagehandovers-display-component---AddNewHO--dueDate"}]}
RESULT: undefined
COMMAND: POST /session/416ca3a003057b96434a2425fa5e92e2/execute/async - {"script":"<script> [6424 bytes]","args":[{"element-6066-11e4-a52e-4f735466cecf":"f.E04F53A89B741A5C45B2DD6DE3A1F810.d.49B28E7A112DA5896BE2974B098FDFE0.e.10824"},"setValue",["5/14/25"]]}
RESULT: {"script":"<script> [6424 bytes]","args":[{"element-6066-11e4-a52e-4f735466cecf":"f.E04F53A89B741A5C45B2DD6DE3A1F810.d.49B28E7A112DA5896BE2974B098FDFE0.e.10824"},"setValue",["5/14/25"]]}
COMMAND: POST /session/416ca3a003057b96434a2425fa5e92e2/element - {"using":"xpath","value":"//input[@id=\"generalSectionFrg--receiveYard-inner\"]"}
RESULT: {"using":"xpath","value":"//input[@id=\"generalSectionFrg--receiveYard-inner\"]"}
COMMAND: POST /session/416ca3a003057b96434a2425fa5e92e2/element/f.E04F53A89B741A5C45B2DD6DE3A1F810.d.49B28E7A112DA5896BE2974B098FDFE0.e.10828/clear - {}
RESULT: {}
COMMAND: POST /session/416ca3a003057b96434a2425fa5e92e2/element/f.E04F53A89B741A5C45B2DD6DE3A1F810.d.49B28E7A112DA5896BE2974B098FDFE0.e.10828/value - {"text":"369"}
COMMAND: GET /session/416ca3a003057b96434a2425fa5e92e2/screenshot - {}
RESULT: {"text":"369"}
COMMAND: GET /session/416ca3a003057b96434a2425fa5e92e2/screenshot - {}
RESULT: {}
RESULT: {}
COMMAND: POST /session/416ca3a003057b96434a2425fa5e92e2/element - {"using":"xpath","value":"//li[.//span[text()='369']]"}
RESULT: {"using":"xpath","value":"//li[.//span[text()='369']]"}
COMMAND: POST /session/416ca3a003057b96434a2425fa5e92e2/element/f.E04F53A89B741A5C45B2DD6DE3A1F810.d.49B28E7A112DA5896BE2974B098FDFE0.e.10844/click - {}
RESULT: {}
COMMAND: GET /session/416ca3a003057b96434a2425fa5e92e2/screenshot - {}
RESULT: {}
COMMAND: POST /session/416ca3a003057b96434a2425fa5e92e2/execute/async - {"script":"<script> [1562 bytes]","args":[{"selector":{"id":"application-managehandovers-display-component---AddNewHO--ObjectPageLayout-anchBar-application-managehandovers-display-component---AddNewHO--section4-anchor","interaction":{"idSuffix":"BDI-content"}},"wdio_ui5_key":"applicationmanagehandovers-display-component---AddNewHO--ObjectPageLayout-anchBar-application-managehandovers-display-component---AddNewHO--section4-anchor"}]}
RESULT: {"script":"<script> [1562 bytes]","args":[{"selector":{"id":"application-managehandovers-display-component---AddNewHO--ObjectPageLayout-anchBar-application-managehandovers-display-component---AddNewHO--section4-anchor","interaction":{"idSuffix":"BDI-content"}},"wdio_ui5_key":"applicationmanagehandovers-display-component---AddNewHO--ObjectPageLayout-anchBar-application-managehandovers-display-component---AddNewHO--section4-anchor"}]}
RESULT: undefined
COMMAND: POST /session/416ca3a003057b96434a2425fa5e92e2/element - {"using":"xpath","value":"//*[@id=\"application-managehandovers-display-component---AddNewHO--ObjectPageLayout-anchBar-application-managehandovers-display-component---AddNewHO--section4-anchor\"]"}
RESULT: {"using":"xpath","value":"//*[@id=\"application-managehandovers-display-component---AddNewHO--ObjectPageLayout-anchBar-application-managehandovers-display-component---AddNewHO--section4-anchor\"]"}
COMMAND: POST /session/416ca3a003057b96434a2425fa5e92e2/element/f.E04F53A89B741A5C45B2DD6DE3A1F810.d.49B28E7A112DA5896BE2974B098FDFE0.e.10846/click - {}
RESULT: {}
COMMAND: POST /session/416ca3a003057b96434a2425fa5e92e2/element - {"using":"xpath","value":"//button[@aria-label=\"Add\"]"}
COMMAND: GET /session/416ca3a003057b96434a2425fa5e92e2/screenshot - {}
RESULT: {"using":"xpath","value":"//button[@aria-label=\"Add\"]"}
COMMAND: POST /session/416ca3a003057b96434a2425fa5e92e2/element/f.E04F53A89B741A5C45B2DD6DE3A1F810.d.49B28E7A112DA5896BE2974B098FDFE0.e.10848/click - {}
RESULT: {}
RESULT: {}
COMMAND: GET /session/416ca3a003057b96434a2425fa5e92e2/screenshot - {}
RESULT: {}
COMMAND: POST /session/416ca3a003057b96434a2425fa5e92e2/execute/async - {"script":"<script> [1562 bytes]","args":[{"selector":{"id":"application-managehandovers-display-component---AddNewHO--smartFilterBar-btnBasicSearch","searchOpenDialogs":true,"interaction":{"idSuffix":"I"}},"wdio_ui5_key":"applicationmanagehandovers-display-component---AddNewHO--smartFilterBar-btnBasicSearch"}]}
RESULT: {"script":"<script> [1562 bytes]","args":[{"selector":{"id":"application-managehandovers-display-component---AddNewHO--smartFilterBar-btnBasicSearch","searchOpenDialogs":true,"interaction":{"idSuffix":"I"}},"wdio_ui5_key":"applicationmanagehandovers-display-component---AddNewHO--smartFilterBar-btnBasicSearch"}]}
RESULT: undefined
COMMAND: POST /session/416ca3a003057b96434a2425fa5e92e2/execute/async - {"script":"<script> [776 bytes]","args":[{"enterText":"OYwwDeVkgj","selector":{"id":"application-managehandovers-display-component---AddNewHO--smartFilterBar-btnBasicSearch","searchOpenDialogs":true,"interaction":{"idSuffix":"I"}},"clearTextFirst":true,"interactionType":"ENTER_TEXT"}]}
RESULT: {"script":"<script> [776 bytes]","args":[{"enterText":"OYwwDeVkgj","selector":{"id":"application-managehandovers-display-component---AddNewHO--smartFilterBar-btnBasicSearch","searchOpenDialogs":true,"interaction":{"idSuffix":"I"}},"clearTextFirst":true,"interactionType":"ENTER_TEXT"}]}
COMMAND: POST /session/416ca3a003057b96434a2425fa5e92e2/actions - {"actions":[{"id":"action40","type":"key","parameters":{},"actions":[{"type":"keyDown","value":"î€‡"},{"type":"pause","duration":10},{"type":"keyUp","value":"î€‡"}]}]}
RESULT: {"actions":[{"id":"action40","type":"key","parameters":{},"actions":[{"type":"keyDown","value":"î€‡"},{"type":"pause","duration":10},{"type":"keyUp","value":"î€‡"}]}]}
COMMAND: GET /session/416ca3a003057b96434a2425fa5e92e2/screenshot - {}
RESULT: {}
COMMAND: POST /session/416ca3a003057b96434a2425fa5e92e2/execute/async - {"script":"<script> [1562 bytes]","args":[{"selector":{"id":"application-managehandovers-display-component---AddNewHO--popup-sa","searchOpenDialogs":true,"interaction":{"idSuffix":"CbBg"}},"wdio_ui5_key":"applicationmanagehandovers-display-component---AddNewHO--popup-sa"}]}
RESULT: {"script":"<script> [1562 bytes]","args":[{"selector":{"id":"application-managehandovers-display-component---AddNewHO--popup-sa","searchOpenDialogs":true,"interaction":{"idSuffix":"CbBg"}},"wdio_ui5_key":"applicationmanagehandovers-display-component---AddNewHO--popup-sa"}]}
RESULT: undefined
COMMAND: POST /session/416ca3a003057b96434a2425fa5e92e2/element - {"using":"xpath","value":"//*[@id=\"application-managehandovers-display-component---AddNewHO--popup-sa\"]"}
RESULT: {"using":"xpath","value":"//*[@id=\"application-managehandovers-display-component---AddNewHO--popup-sa\"]"}
COMMAND: POST /session/416ca3a003057b96434a2425fa5e92e2/element/f.E04F53A89B741A5C45B2DD6DE3A1F810.d.49B28E7A112DA5896BE2974B098FDFE0.e.11000/click - {}
RESULT: {}
COMMAND: GET /session/416ca3a003057b96434a2425fa5e92e2/screenshot - {}
RESULT: {}
COMMAND: POST /session/416ca3a003057b96434a2425fa5e92e2/element - {"using":"xpath","value":"//bdi[contains(text(), \"Select\")]"}
RESULT: {"using":"xpath","value":"//bdi[contains(text(), \"Select\")]"}
COMMAND: POST /session/416ca3a003057b96434a2425fa5e92e2/element/f.E04F53A89B741A5C45B2DD6DE3A1F810.d.49B28E7A112DA5896BE2974B098FDFE0.e.11001/click - {}
RESULT: {}
COMMAND: GET /session/416ca3a003057b96434a2425fa5e92e2/screenshot - {}
RESULT: {}
COMMAND: POST /session/416ca3a003057b96434a2425fa5e92e2/element - {"using":"xpath","value":"//button[@data-kt=\"AddNewHOSaveButton\"]"}
RESULT: {"using":"xpath","value":"//button[@data-kt=\"AddNewHOSaveButton\"]"}
COMMAND: POST /session/416ca3a003057b96434a2425fa5e92e2/element/f.E04F53A89B741A5C45B2DD6DE3A1F810.d.49B28E7A112DA5896BE2974B098FDFE0.e.11005/click - {}
RESULT: {}
COMMAND: GET /session/416ca3a003057b96434a2425fa5e92e2/screenshot - {}
RESULT: {}
COMMAND: POST /session/416ca3a003057b96434a2425fa5e92e2/execute/async - {"script":"<script> [1562 bytes]","args":[{"selector":{"id":"receiptDatePicker","viewName":"etm.portal.ui.managehandovers.view.DetailExecuteHO","interaction":{"idSuffix":"inner"}},"wdio_ui5_key":"receiptDatePickeretmportal.ui.managehandovers.view.DetailExecuteHO"}]}
RESULT: {"script":"<script> [1562 bytes]","args":[{"selector":{"id":"receiptDatePicker","viewName":"etm.portal.ui.managehandovers.view.DetailExecuteHO","interaction":{"idSuffix":"inner"}},"wdio_ui5_key":"receiptDatePickeretmportal.ui.managehandovers.view.DetailExecuteHO"}]}
RESULT: undefined
COMMAND: POST /session/416ca3a003057b96434a2425fa5e92e2/execute/async - {"script":"<script> [6424 bytes]","args":[{"element-6066-11e4-a52e-4f735466cecf":"f.E04F53A89B741A5C45B2DD6DE3A1F810.d.49B28E7A112DA5896BE2974B098FDFE0.e.11025"},"setValue",["5/14/25"]]}
RESULT: {"script":"<script> [6424 bytes]","args":[{"element-6066-11e4-a52e-4f735466cecf":"f.E04F53A89B741A5C45B2DD6DE3A1F810.d.49B28E7A112DA5896BE2974B098FDFE0.e.11025"},"setValue",["5/14/25"]]}
COMMAND: POST /session/416ca3a003057b96434a2425fa5e92e2/element - {"using":"xpath","value":"//button[@data-kt=\"PickingTableConfirmAllButton\"]"}
RESULT: {"using":"xpath","value":"//button[@data-kt=\"PickingTableConfirmAllButton\"]"}
COMMAND: POST /session/416ca3a003057b96434a2425fa5e92e2/element/f.E04F53A89B741A5C45B2DD6DE3A1F810.d.49B28E7A112DA5896BE2974B098FDFE0.e.11039/click - {}
RESULT: {}
COMMAND: GET /session/416ca3a003057b96434a2425fa5e92e2/screenshot - {}
RESULT: {}
COMMAND: POST /session/416ca3a003057b96434a2425fa5e92e2/element - {"using":"xpath","value":"//bdi[contains(text(), \"OK\")]"}
RESULT: {"using":"xpath","value":"//bdi[contains(text(), \"OK\")]"}
COMMAND: POST /session/416ca3a003057b96434a2425fa5e92e2/element/f.E04F53A89B741A5C45B2DD6DE3A1F810.d.49B28E7A112DA5896BE2974B098FDFE0.e.11041/click - {}
RESULT: {}
COMMAND: GET /session/416ca3a003057b96434a2425fa5e92e2/screenshot - {}
RESULT: {}
COMMAND: POST /session/416ca3a003057b96434a2425fa5e92e2/element - {"using":"xpath","value":"(//bdi[contains(text(), \"Receive\")])[2]"}
RESULT: {"using":"xpath","value":"(//bdi[contains(text(), \"Receive\")])[2]"}
COMMAND: POST /session/416ca3a003057b96434a2425fa5e92e2/element/f.E04F53A89B741A5C45B2DD6DE3A1F810.d.49B28E7A112DA5896BE2974B098FDFE0.e.11043/click - {}
RESULT: {}
COMMAND: GET /session/416ca3a003057b96434a2425fa5e92e2/screenshot - {}
RESULT: {}
COMMAND: POST /session/416ca3a003057b96434a2425fa5e92e2/element - {"using":"css selector","value":"#shell-header-logo"}
RESULT: {"using":"css selector","value":"#shell-header-logo"}
COMMAND: POST /session/416ca3a003057b96434a2425fa5e92e2/element/f.E04F53A89B741A5C45B2DD6DE3A1F810.d.49B28E7A112DA5896BE2974B098FDFE0.e.10430/click - {}
RESULT: {}
COMMAND: GET /session/416ca3a003057b96434a2425fa5e92e2/screenshot - {}
RESULT: {}
]]></system-out>
    </testcase>
    <testcase classname="chrome.136_0_7103_49.windows.Billing_Transfer_-_Intracompany_US127249" name="Should create a new contract" time="66.092">
      <system-out><![CDATA[
COMMAND: POST /session/416ca3a003057b96434a2425fa5e92e2/execute/async - {"script":"<script> [1562 bytes]","args":[{"selector":{"controlType":"sap.m.GenericTile","properties":{"header":"Manage Contracts"}},"wdio_ui5_key":"sapm.GenericTile{\"header\":\"Manage Contracts\"}"}]}
RESULT: {"script":"<script> [1562 bytes]","args":[{"selector":{"controlType":"sap.m.GenericTile","properties":{"header":"Manage Contracts"}},"wdio_ui5_key":"sapm.GenericTile{\"header\":\"Manage Contracts\"}"}]}
RESULT: undefined
COMMAND: POST /session/416ca3a003057b96434a2425fa5e92e2/element - {"using":"xpath","value":"//*[@id=\"__tile130\"]"}
RESULT: {"using":"xpath","value":"//*[@id=\"__tile130\"]"}
COMMAND: POST /session/416ca3a003057b96434a2425fa5e92e2/element/f.E04F53A89B741A5C45B2DD6DE3A1F810.d.49B28E7A112DA5896BE2974B098FDFE0.e.6816/click - {}
RESULT: {}
COMMAND: GET /session/416ca3a003057b96434a2425fa5e92e2/screenshot - {}
RESULT: {}
COMMAND: POST /session/416ca3a003057b96434a2425fa5e92e2/elements - {"using":"xpath","value":"//span[text()='Error']"}
RESULT: {"using":"xpath","value":"//span[text()='Error']"}
COMMAND: POST /session/416ca3a003057b96434a2425fa5e92e2/element - {"using":"xpath","value":"//button[@data-kt=\"addButton\"]"}
RESULT: {"using":"xpath","value":"//button[@data-kt=\"addButton\"]"}
COMMAND: POST /session/416ca3a003057b96434a2425fa5e92e2/elements - {"using":"xpath","value":"//button[@data-kt=\"addButton\"]"}
RESULT: {"using":"xpath","value":"//button[@data-kt=\"addButton\"]"}
COMMAND: POST /session/416ca3a003057b96434a2425fa5e92e2/execute/sync - {"script":"<script> [8489 bytes]","args":[{"element-6066-11e4-a52e-4f735466cecf":"f.E04F53A89B741A5C45B2DD6DE3A1F810.d.49B28E7A112DA5896BE2974B098FDFE0.e.11259","ELEMENT":"f.E04F53A89B741A5C45B2DD6DE3A1F810.d.49B28E7A112DA5896BE2974B098FDFE0.e.11259"}]}
RESULT: {"script":"<script> [8489 bytes]","args":[{"element-6066-11e4-a52e-4f735466cecf":"f.E04F53A89B741A5C45B2DD6DE3A1F810.d.49B28E7A112DA5896BE2974B098FDFE0.e.11259","ELEMENT":"f.E04F53A89B741A5C45B2DD6DE3A1F810.d.49B28E7A112DA5896BE2974B098FDFE0.e.11259"}]}
COMMAND: GET /session/416ca3a003057b96434a2425fa5e92e2/element/f.E04F53A89B741A5C45B2DD6DE3A1F810.d.49B28E7A112DA5896BE2974B098FDFE0.e.11259/enabled - {}
COMMAND: GET /session/416ca3a003057b96434a2425fa5e92e2/screenshot - {}
RESULT: {}
COMMAND: POST /session/416ca3a003057b96434a2425fa5e92e2/execute/sync - {"script":"<script> [8489 bytes]","args":[{"element-6066-11e4-a52e-4f735466cecf":"f.E04F53A89B741A5C45B2DD6DE3A1F810.d.49B28E7A112DA5896BE2974B098FDFE0.e.11259","ELEMENT":"f.E04F53A89B741A5C45B2DD6DE3A1F810.d.49B28E7A112DA5896BE2974B098FDFE0.e.11259"}]}
COMMAND: GET /session/416ca3a003057b96434a2425fa5e92e2/screenshot - {}
RESULT: {}
RESULT: {"script":"<script> [8489 bytes]","args":[{"element-6066-11e4-a52e-4f735466cecf":"f.E04F53A89B741A5C45B2DD6DE3A1F810.d.49B28E7A112DA5896BE2974B098FDFE0.e.11259","ELEMENT":"f.E04F53A89B741A5C45B2DD6DE3A1F810.d.49B28E7A112DA5896BE2974B098FDFE0.e.11259"}]}
COMMAND: POST /session/416ca3a003057b96434a2425fa5e92e2/execute/sync - {"script":"<script> [5351 bytes]","args":[{"element-6066-11e4-a52e-4f735466cecf":"f.E04F53A89B741A5C45B2DD6DE3A1F810.d.49B28E7A112DA5896BE2974B098FDFE0.e.11259","ELEMENT":"f.E04F53A89B741A5C45B2DD6DE3A1F810.d.49B28E7A112DA5896BE2974B098FDFE0.e.11259"}]}
COMMAND: GET /session/416ca3a003057b96434a2425fa5e92e2/screenshot - {}
RESULT: {}
RESULT: {"script":"<script> [5351 bytes]","args":[{"element-6066-11e4-a52e-4f735466cecf":"f.E04F53A89B741A5C45B2DD6DE3A1F810.d.49B28E7A112DA5896BE2974B098FDFE0.e.11259","ELEMENT":"f.E04F53A89B741A5C45B2DD6DE3A1F810.d.49B28E7A112DA5896BE2974B098FDFE0.e.11259"}]}
COMMAND: GET /session/416ca3a003057b96434a2425fa5e92e2/screenshot - {}
RESULT: {}
RESULT: {}
COMMAND: POST /session/416ca3a003057b96434a2425fa5e92e2/element/f.E04F53A89B741A5C45B2DD6DE3A1F810.d.49B28E7A112DA5896BE2974B098FDFE0.e.11259/click - {}
RESULT: {}
COMMAND: GET /session/416ca3a003057b96434a2425fa5e92e2/screenshot - {}
COMMAND: POST /session/416ca3a003057b96434a2425fa5e92e2/execute/async - {"script":"<script> [1562 bytes]","args":[{"selector":{"id":"application-managecontracts-display-component---AddNewContract--projectDescription","interaction":{"idSuffix":"inner"}},"wdio_ui5_key":"applicationmanagecontracts-display-component---AddNewContract--projectDescription"}]}
RESULT: {}
RESULT: {"script":"<script> [1562 bytes]","args":[{"selector":{"id":"application-managecontracts-display-component---AddNewContract--projectDescription","interaction":{"idSuffix":"inner"}},"wdio_ui5_key":"applicationmanagecontracts-display-component---AddNewContract--projectDescription"}]}
RESULT: undefined
COMMAND: POST /session/416ca3a003057b96434a2425fa5e92e2/execute/async - {"script":"<script> [776 bytes]","args":[{"enterText":"Contract WDIO","selector":{"id":"application-managecontracts-display-component---AddNewContract--projectDescription","interaction":{"idSuffix":"inner"}},"clearTextFirst":true,"interactionType":"ENTER_TEXT"}]}
RESULT: {"script":"<script> [776 bytes]","args":[{"enterText":"Contract WDIO","selector":{"id":"application-managecontracts-display-component---AddNewContract--projectDescription","interaction":{"idSuffix":"inner"}},"clearTextFirst":true,"interactionType":"ENTER_TEXT"}]}
COMMAND: POST /session/416ca3a003057b96434a2425fa5e92e2/element - {"using":"xpath","value":"//input[@id=\"application-managecontracts-display-component---AddNewContract--site-inner\"]"}
RESULT: {"using":"xpath","value":"//input[@id=\"application-managecontracts-display-component---AddNewContract--site-inner\"]"}
COMMAND: POST /session/416ca3a003057b96434a2425fa5e92e2/element/f.E04F53A89B741A5C45B2DD6DE3A1F810.d.49B28E7A112DA5896BE2974B098FDFE0.e.11620/clear - {}
RESULT: {}
COMMAND: POST /session/416ca3a003057b96434a2425fa5e92e2/element/f.E04F53A89B741A5C45B2DD6DE3A1F810.d.49B28E7A112DA5896BE2974B098FDFE0.e.11620/value - {"text":"2152"}
COMMAND: GET /session/416ca3a003057b96434a2425fa5e92e2/screenshot - {}
RESULT: {"text":"2152"}
COMMAND: GET /session/416ca3a003057b96434a2425fa5e92e2/screenshot - {}
RESULT: {}
RESULT: {}
COMMAND: POST /session/416ca3a003057b96434a2425fa5e92e2/element - {"using":"xpath","value":"//li[.//span[text()='2152']]"}
RESULT: {"using":"xpath","value":"//li[.//span[text()='2152']]"}
COMMAND: POST /session/416ca3a003057b96434a2425fa5e92e2/element/f.E04F53A89B741A5C45B2DD6DE3A1F810.d.49B28E7A112DA5896BE2974B098FDFE0.e.11647/click - {}
RESULT: {}
COMMAND: GET /session/416ca3a003057b96434a2425fa5e92e2/screenshot - {}
RESULT: {}
COMMAND: POST /session/416ca3a003057b96434a2425fa5e92e2/element - {"using":"xpath","value":"//input[@id=\"application-managecontracts-display-component---AddNewContract--yardId-inner\"]"}
RESULT: {"using":"xpath","value":"//input[@id=\"application-managecontracts-display-component---AddNewContract--yardId-inner\"]"}
COMMAND: GET /session/416ca3a003057b96434a2425fa5e92e2/element/f.E04F53A89B741A5C45B2DD6DE3A1F810.d.49B28E7A112DA5896BE2974B098FDFE0.e.11621/property/value - {}
RESULT: {}
COMMAND: POST /session/416ca3a003057b96434a2425fa5e92e2/element - {"using":"xpath","value":"//input[@id=\"application-managecontracts-display-component---AddNewContract--customerSelect-inner\"]"}
COMMAND: GET /session/416ca3a003057b96434a2425fa5e92e2/screenshot - {}
RESULT: {"using":"xpath","value":"//input[@id=\"application-managecontracts-display-component---AddNewContract--customerSelect-inner\"]"}
COMMAND: POST /session/416ca3a003057b96434a2425fa5e92e2/element/f.E04F53A89B741A5C45B2DD6DE3A1F810.d.49B28E7A112DA5896BE2974B098FDFE0.e.11619/clear - {}
RESULT: {}
RESULT: {}
COMMAND: POST /session/416ca3a003057b96434a2425fa5e92e2/element/f.E04F53A89B741A5C45B2DD6DE3A1F810.d.49B28E7A112DA5896BE2974B098FDFE0.e.11619/value - {"text":"1186"}
COMMAND: GET /session/416ca3a003057b96434a2425fa5e92e2/screenshot - {}
RESULT: {"text":"1186"}
COMMAND: GET /session/416ca3a003057b96434a2425fa5e92e2/screenshot - {}
RESULT: {}
RESULT: {}
COMMAND: POST /session/416ca3a003057b96434a2425fa5e92e2/element - {"using":"xpath","value":"//li[.//span[text()='1186']]"}
RESULT: {"using":"xpath","value":"//li[.//span[text()='1186']]"}
COMMAND: POST /session/416ca3a003057b96434a2425fa5e92e2/element/f.E04F53A89B741A5C45B2DD6DE3A1F810.d.49B28E7A112DA5896BE2974B098FDFE0.e.11650/click - {}
RESULT: {}
COMMAND: GET /session/416ca3a003057b96434a2425fa5e92e2/screenshot - {}
RESULT: {}
COMMAND: POST /session/416ca3a003057b96434a2425fa5e92e2/element - {"using":"xpath","value":"//button[@data-kt=\"saveButton\"]"}
RESULT: {"using":"xpath","value":"//button[@data-kt=\"saveButton\"]"}
COMMAND: POST /session/416ca3a003057b96434a2425fa5e92e2/element/f.E04F53A89B741A5C45B2DD6DE3A1F810.d.49B28E7A112DA5896BE2974B098FDFE0.e.11651/click - {}
RESULT: {}
COMMAND: GET /session/416ca3a003057b96434a2425fa5e92e2/screenshot - {}
RESULT: {}
COMMAND: POST /session/416ca3a003057b96434a2425fa5e92e2/element - {"using":"xpath","value":"//span[contains(@id ,\"contractDetailTitleNoExpanded\")]"}
RESULT: {"using":"xpath","value":"//span[contains(@id ,\"contractDetailTitleNoExpanded\")]"}
COMMAND: POST /session/416ca3a003057b96434a2425fa5e92e2/elements - {"using":"xpath","value":"//span[contains(@id ,\"contractDetailTitleNoExpanded\")]"}
RESULT: {"using":"xpath","value":"//span[contains(@id ,\"contractDetailTitleNoExpanded\")]"}
COMMAND: POST /session/416ca3a003057b96434a2425fa5e92e2/execute/sync - {"script":"<script> [56 bytes]","args":[{"element-6066-11e4-a52e-4f735466cecf":"f.E04F53A89B741A5C45B2DD6DE3A1F810.d.49B28E7A112DA5896BE2974B098FDFE0.e.11663","ELEMENT":"f.E04F53A89B741A5C45B2DD6DE3A1F810.d.49B28E7A112DA5896BE2974B098FDFE0.e.11663"}]}
RESULT: {"script":"<script> [56 bytes]","args":[{"element-6066-11e4-a52e-4f735466cecf":"f.E04F53A89B741A5C45B2DD6DE3A1F810.d.49B28E7A112DA5896BE2974B098FDFE0.e.11663","ELEMENT":"f.E04F53A89B741A5C45B2DD6DE3A1F810.d.49B28E7A112DA5896BE2974B098FDFE0.e.11663"}]}
COMMAND: GET /session/416ca3a003057b96434a2425fa5e92e2/screenshot - {}
RESULT: {}
]]></system-out>
    </testcase>
    <testcase classname="chrome.136_0_7103_49.windows.Billing_Transfer_-_Intracompany_US127249" name="Should add equipment to the contract" time="45.66">
      <system-out><![CDATA[
COMMAND: POST /session/416ca3a003057b96434a2425fa5e92e2/element - {"using":"xpath","value":"//button[@data-kt=\"contractDetailEditBtnButton\"]"}
RESULT: {"using":"xpath","value":"//button[@data-kt=\"contractDetailEditBtnButton\"]"}
COMMAND: POST /session/416ca3a003057b96434a2425fa5e92e2/element/f.E04F53A89B741A5C45B2DD6DE3A1F810.d.49B28E7A112DA5896BE2974B098FDFE0.e.11664/click - {}
RESULT: {}
COMMAND: GET /session/416ca3a003057b96434a2425fa5e92e2/screenshot - {}
RESULT: {}
COMMAND: POST /session/416ca3a003057b96434a2425fa5e92e2/element - {"using":"xpath","value":"(//span[contains(text(), \"Additional Addresses\")])[2]"}
RESULT: {"using":"xpath","value":"(//span[contains(text(), \"Additional Addresses\")])[2]"}
COMMAND: POST /session/416ca3a003057b96434a2425fa5e92e2/element/f.E04F53A89B741A5C45B2DD6DE3A1F810.d.49B28E7A112DA5896BE2974B098FDFE0.e.11720/click - {}
RESULT: {}
COMMAND: GET /session/416ca3a003057b96434a2425fa5e92e2/screenshot - {}
RESULT: {}
COMMAND: POST /session/416ca3a003057b96434a2425fa5e92e2/element - {"using":"xpath","value":"//button[@data-kt=\"btnAddTableRowOverflowToolbarButton\"]"}
RESULT: {"using":"xpath","value":"//button[@data-kt=\"btnAddTableRowOverflowToolbarButton\"]"}
COMMAND: POST /session/416ca3a003057b96434a2425fa5e92e2/element/f.E04F53A89B741A5C45B2DD6DE3A1F810.d.49B28E7A112DA5896BE2974B098FDFE0.e.11722/click - {}
RESULT: {}
COMMAND: GET /session/416ca3a003057b96434a2425fa5e92e2/screenshot - {}
RESULT: {}
COMMAND: POST /session/416ca3a003057b96434a2425fa5e92e2/element - {"using":"xpath","value":"//div[(text() = 'Standard Entry' or . = 'Standard Entry')]"}
RESULT: {"using":"xpath","value":"//div[(text() = 'Standard Entry' or . = 'Standard Entry')]"}
COMMAND: POST /session/416ca3a003057b96434a2425fa5e92e2/element/f.E04F53A89B741A5C45B2DD6DE3A1F810.d.49B28E7A112DA5896BE2974B098FDFE0.e.11724/click - {}
RESULT: {}
COMMAND: GET /session/416ca3a003057b96434a2425fa5e92e2/screenshot - {}
RESULT: {}
COMMAND: POST /session/416ca3a003057b96434a2425fa5e92e2/element - {"using":"xpath","value":"//td[7]/div/div/input"}
RESULT: {"using":"xpath","value":"//td[7]/div/div/input"}
COMMAND: POST /session/416ca3a003057b96434a2425fa5e92e2/element/f.E04F53A89B741A5C45B2DD6DE3A1F810.d.49B28E7A112DA5896BE2974B098FDFE0.e.11733/clear - {}
RESULT: {}
COMMAND: POST /session/416ca3a003057b96434a2425fa5e92e2/element/f.E04F53A89B741A5C45B2DD6DE3A1F810.d.49B28E7A112DA5896BE2974B098FDFE0.e.11733/value - {"text":"OYwwDeVkgj"}
COMMAND: GET /session/416ca3a003057b96434a2425fa5e92e2/screenshot - {}
RESULT: {"text":"OYwwDeVkgj"}
COMMAND: GET /session/416ca3a003057b96434a2425fa5e92e2/screenshot - {}
RESULT: {}
RESULT: {}
COMMAND: POST /session/416ca3a003057b96434a2425fa5e92e2/actions - {"actions":[{"id":"action41","type":"key","parameters":{},"actions":[{"type":"keyDown","value":"î€‡"},{"type":"pause","duration":10},{"type":"keyUp","value":"î€‡"}]}]}
RESULT: {"actions":[{"id":"action41","type":"key","parameters":{},"actions":[{"type":"keyDown","value":"î€‡"},{"type":"pause","duration":10},{"type":"keyUp","value":"î€‡"}]}]}
COMMAND: GET /session/416ca3a003057b96434a2425fa5e92e2/screenshot - {}
RESULT: {}
COMMAND: POST /session/416ca3a003057b96434a2425fa5e92e2/execute/sync - {"script":"<script> [276 bytes]","args":["No pricing information was found"]}
RESULT: {"script":"<script> [276 bytes]","args":["No pricing information was found"]}
COMMAND: POST /session/416ca3a003057b96434a2425fa5e92e2/element - {"using":"xpath","value":"(//button[@data-kt=\"saveButton\"])[2]"}
COMMAND: GET /session/416ca3a003057b96434a2425fa5e92e2/screenshot - {}
RESULT: {"using":"xpath","value":"(//button[@data-kt=\"saveButton\"])[2]"}
COMMAND: POST /session/416ca3a003057b96434a2425fa5e92e2/element/f.E04F53A89B741A5C45B2DD6DE3A1F810.d.49B28E7A112DA5896BE2974B098FDFE0.e.11748/click - {}
RESULT: {}
RESULT: {}
COMMAND: GET /session/416ca3a003057b96434a2425fa5e92e2/screenshot - {}
RESULT: {}
COMMAND: POST /session/416ca3a003057b96434a2425fa5e92e2/execute/sync - {"script":"<script> [276 bytes]","args":["Some contract items are having rental validity exceeding header rental validity"]}
RESULT: {"script":"<script> [276 bytes]","args":["Some contract items are having rental validity exceeding header rental validity"]}
COMMAND: GET /session/416ca3a003057b96434a2425fa5e92e2/screenshot - {}
RESULT: {}
COMMAND: POST /session/416ca3a003057b96434a2425fa5e92e2/element - {"using":"xpath","value":"//span[contains(@id ,\"contractItemsSmartTable-header-inner\")]"}
RESULT: {"using":"xpath","value":"//span[contains(@id ,\"contractItemsSmartTable-header-inner\")]"}
COMMAND: POST /session/416ca3a003057b96434a2425fa5e92e2/elements - {"using":"xpath","value":"//span[contains(@id ,\"contractItemsSmartTable-header-inner\")]"}
RESULT: {"using":"xpath","value":"//span[contains(@id ,\"contractItemsSmartTable-header-inner\")]"}
COMMAND: POST /session/416ca3a003057b96434a2425fa5e92e2/execute/sync - {"script":"<script> [56 bytes]","args":[{"element-6066-11e4-a52e-4f735466cecf":"f.E04F53A89B741A5C45B2DD6DE3A1F810.d.49B28E7A112DA5896BE2974B098FDFE0.e.11756","ELEMENT":"f.E04F53A89B741A5C45B2DD6DE3A1F810.d.49B28E7A112DA5896BE2974B098FDFE0.e.11756"}]}
RESULT: {"script":"<script> [56 bytes]","args":[{"element-6066-11e4-a52e-4f735466cecf":"f.E04F53A89B741A5C45B2DD6DE3A1F810.d.49B28E7A112DA5896BE2974B098FDFE0.e.11756","ELEMENT":"f.E04F53A89B741A5C45B2DD6DE3A1F810.d.49B28E7A112DA5896BE2974B098FDFE0.e.11756"}]}
]]></system-out>
    </testcase>
    <testcase classname="chrome.136_0_7103_49.windows.Billing_Transfer_-_Intracompany_US127249" name="Should do a provide to site handover" time="60.396">
      <system-out><![CDATA[
COMMAND: GET /session/416ca3a003057b96434a2425fa5e92e2/screenshot - {}
COMMAND: POST /session/416ca3a003057b96434a2425fa5e92e2/element - {"using":"xpath","value":"//button[@data-kt=\"provideButton\"]"}
RESULT: {}
RESULT: {"using":"xpath","value":"//button[@data-kt=\"provideButton\"]"}
COMMAND: POST /session/416ca3a003057b96434a2425fa5e92e2/element/f.E04F53A89B741A5C45B2DD6DE3A1F810.d.49B28E7A112DA5896BE2974B098FDFE0.e.11757/click - {}
RESULT: {}
COMMAND: GET /session/416ca3a003057b96434a2425fa5e92e2/screenshot - {}
RESULT: undefined
COMMAND: POST /session/416ca3a003057b96434a2425fa5e92e2/execute/async - {"script":"<script> [6424 bytes]","args":[{"element-6066-11e4-a52e-4f735466cecf":"f.E04F53A89B741A5C45B2DD6DE3A1F810.d.49B28E7A112DA5896BE2974B098FDFE0.e.10824"},"setValue",["5/14/25"]]}
RESULT: {}
COMMAND: POST /session/416ca3a003057b96434a2425fa5e92e2/execute/async - {"script":"<script> [1562 bytes]","args":[{"selector":{"id":"application-managehandovers-display-component---AddNewHO--dueDate","interaction":{"idSuffix":"inner"}},"wdio_ui5_key":"applicationmanagehandovers-display-component---AddNewHO--dueDate"}]}
RESULT: {"script":"<script> [1562 bytes]","args":[{"selector":{"id":"application-managehandovers-display-component---AddNewHO--dueDate","interaction":{"idSuffix":"inner"}},"wdio_ui5_key":"applicationmanagehandovers-display-component---AddNewHO--dueDate"}]}
COMMAND: POST /session/416ca3a003057b96434a2425fa5e92e2/execute/async - {"script":"<script> [6424 bytes]","args":[{"element-6066-11e4-a52e-4f735466cecf":"f.E04F53A89B741A5C45B2DD6DE3A1F810.d.49B28E7A112DA5896BE2974B098FDFE0.e.11814"},"setValue",["5/14/25"]]}
RESULT: {"script":"<script> [6424 bytes]","args":[{"element-6066-11e4-a52e-4f735466cecf":"f.E04F53A89B741A5C45B2DD6DE3A1F810.d.49B28E7A112DA5896BE2974B098FDFE0.e.11814"},"setValue",["5/14/25"]]}
COMMAND: POST /session/416ca3a003057b96434a2425fa5e92e2/element - {"using":"xpath","value":"//bdi[contains(text(), \"Instructions\")]"}
RESULT: {"using":"xpath","value":"//bdi[contains(text(), \"Instructions\")]"}
COMMAND: POST /session/416ca3a003057b96434a2425fa5e92e2/element/f.E04F53A89B741A5C45B2DD6DE3A1F810.d.49B28E7A112DA5896BE2974B098FDFE0.e.12073/click - {}
RESULT: {}
COMMAND: GET /session/416ca3a003057b96434a2425fa5e92e2/screenshot - {}
RESULT: {}
COMMAND: POST /session/416ca3a003057b96434a2425fa5e92e2/element - {"using":"xpath","value":"//button[@data-kt=\"AddNewHOProvideAddItemsButton\"]"}
RESULT: {"using":"xpath","value":"//button[@data-kt=\"AddNewHOProvideAddItemsButton\"]"}
COMMAND: POST /session/416ca3a003057b96434a2425fa5e92e2/element/f.E04F53A89B741A5C45B2DD6DE3A1F810.d.49B28E7A112DA5896BE2974B098FDFE0.e.12077/click - {}
RESULT: {}
COMMAND: GET /session/416ca3a003057b96434a2425fa5e92e2/screenshot - {}
RESULT: {}
RESULT: undefined
COMMAND: POST /session/416ca3a003057b96434a2425fa5e92e2/element - {"using":"xpath","value":"//*[@id=\"application-managehandovers-display-component---AddNewHO--popup-sa\"]"}
RESULT: {"using":"xpath","value":"//*[@id=\"application-managehandovers-display-component---AddNewHO--popup-sa\"]"}
COMMAND: POST /session/416ca3a003057b96434a2425fa5e92e2/element/f.E04F53A89B741A5C45B2DD6DE3A1F810.d.49B28E7A112DA5896BE2974B098FDFE0.e.12087/click - {}
RESULT: {}
COMMAND: GET /session/416ca3a003057b96434a2425fa5e92e2/screenshot - {}
RESULT: {}
COMMAND: POST /session/416ca3a003057b96434a2425fa5e92e2/element - {"using":"xpath","value":"//*[contains(@id ,\"BDI-content\")][contains(text(), \"Select\")]"}
RESULT: {"using":"xpath","value":"//*[contains(@id ,\"BDI-content\")][contains(text(), \"Select\")]"}
COMMAND: POST /session/416ca3a003057b96434a2425fa5e92e2/element/f.E04F53A89B741A5C45B2DD6DE3A1F810.d.49B28E7A112DA5896BE2974B098FDFE0.e.12088/click - {}
RESULT: {}
COMMAND: GET /session/416ca3a003057b96434a2425fa5e92e2/screenshot - {}
RESULT: {}
COMMAND: POST /session/416ca3a003057b96434a2425fa5e92e2/execute/async - {"script":"<script> [1562 bytes]","args":[{"selector":{"id":"application-managehandovers-display-component---AddNewHO--confirmCreationButton","interaction":{"idSuffix":"BDI-content"}},"wdio_ui5_key":"applicationmanagehandovers-display-component---AddNewHO--confirmCreationButton"}]}
RESULT: {"script":"<script> [1562 bytes]","args":[{"selector":{"id":"application-managehandovers-display-component---AddNewHO--confirmCreationButton","interaction":{"idSuffix":"BDI-content"}},"wdio_ui5_key":"applicationmanagehandovers-display-component---AddNewHO--confirmCreationButton"}]}
RESULT: undefined
COMMAND: POST /session/416ca3a003057b96434a2425fa5e92e2/element - {"using":"xpath","value":"//*[@id=\"application-managehandovers-display-component---AddNewHO--confirmCreationButton\"]"}
RESULT: {"using":"xpath","value":"//*[@id=\"application-managehandovers-display-component---AddNewHO--confirmCreationButton\"]"}
COMMAND: POST /session/416ca3a003057b96434a2425fa5e92e2/element/f.E04F53A89B741A5C45B2DD6DE3A1F810.d.49B28E7A112DA5896BE2974B098FDFE0.e.11884/click - {}
RESULT: {}
COMMAND: GET /session/416ca3a003057b96434a2425fa5e92e2/screenshot - {}
RESULT: {}
COMMAND: POST /session/416ca3a003057b96434a2425fa5e92e2/execute/async - {"script":"<script> [1562 bytes]","args":[{"selector":{"id":"issueDatePicker","viewName":"etm.portal.ui.managehandovers.view.DetailExecuteHO","interaction":{"idSuffix":"inner"}},"wdio_ui5_key":"issueDatePickeretmportal.ui.managehandovers.view.DetailExecuteHO"}]}
RESULT: {"script":"<script> [1562 bytes]","args":[{"selector":{"id":"issueDatePicker","viewName":"etm.portal.ui.managehandovers.view.DetailExecuteHO","interaction":{"idSuffix":"inner"}},"wdio_ui5_key":"issueDatePickeretmportal.ui.managehandovers.view.DetailExecuteHO"}]}
RESULT: undefined
COMMAND: POST /session/416ca3a003057b96434a2425fa5e92e2/execute/async - {"script":"<script> [776 bytes]","args":[{"enterText":"5/14/25","selector":{"id":"issueDatePicker","viewName":"etm.portal.ui.managehandovers.view.DetailExecuteHO","interaction":{"idSuffix":"inner"}},"clearTextFirst":true,"interactionType":"ENTER_TEXT"}]}
RESULT: {"script":"<script> [776 bytes]","args":[{"enterText":"5/14/25","selector":{"id":"issueDatePicker","viewName":"etm.portal.ui.managehandovers.view.DetailExecuteHO","interaction":{"idSuffix":"inner"}},"clearTextFirst":true,"interactionType":"ENTER_TEXT"}]}
COMMAND: POST /session/416ca3a003057b96434a2425fa5e92e2/element - {"using":"xpath","value":"//bdi[contains(text(), \"OK\")]"}
RESULT: {"using":"xpath","value":"//bdi[contains(text(), \"OK\")]"}
COMMAND: POST /session/416ca3a003057b96434a2425fa5e92e2/element/f.E04F53A89B741A5C45B2DD6DE3A1F810.d.49B28E7A112DA5896BE2974B098FDFE0.e.12138/click - {}
RESULT: {}
COMMAND: GET /session/416ca3a003057b96434a2425fa5e92e2/screenshot - {}
RESULT: {}
COMMAND: POST /session/416ca3a003057b96434a2425fa5e92e2/element - {"using":"xpath","value":"//button[@data-kt=\"PickingTableConfirmAllButton\"]"}
RESULT: {"using":"xpath","value":"//button[@data-kt=\"PickingTableConfirmAllButton\"]"}
COMMAND: POST /session/416ca3a003057b96434a2425fa5e92e2/element/f.E04F53A89B741A5C45B2DD6DE3A1F810.d.49B28E7A112DA5896BE2974B098FDFE0.e.12144/click - {}
RESULT: {}
COMMAND: GET /session/416ca3a003057b96434a2425fa5e92e2/screenshot - {}
RESULT: {}
COMMAND: POST /session/416ca3a003057b96434a2425fa5e92e2/element - {"using":"xpath","value":"//bdi[contains(text(), \"OK\")]"}
RESULT: {"using":"xpath","value":"//bdi[contains(text(), \"OK\")]"}
COMMAND: POST /session/416ca3a003057b96434a2425fa5e92e2/element/f.E04F53A89B741A5C45B2DD6DE3A1F810.d.49B28E7A112DA5896BE2974B098FDFE0.e.12148/click - {}
RESULT: {}
COMMAND: GET /session/416ca3a003057b96434a2425fa5e92e2/screenshot - {}
RESULT: {}
COMMAND: POST /session/416ca3a003057b96434a2425fa5e92e2/element - {"using":"xpath","value":"//bdi[contains(text(), \"Issue\")]"}
RESULT: {"using":"xpath","value":"//bdi[contains(text(), \"Issue\")]"}
COMMAND: POST /session/416ca3a003057b96434a2425fa5e92e2/element/f.E04F53A89B741A5C45B2DD6DE3A1F810.d.49B28E7A112DA5896BE2974B098FDFE0.e.12149/click - {}
RESULT: {}
COMMAND: GET /session/416ca3a003057b96434a2425fa5e92e2/screenshot - {}
RESULT: {}
COMMAND: POST /session/416ca3a003057b96434a2425fa5e92e2/element - {"using":"css selector","value":"#shell-header-logo"}
RESULT: {"using":"css selector","value":"#shell-header-logo"}
COMMAND: POST /session/416ca3a003057b96434a2425fa5e92e2/element/f.E04F53A89B741A5C45B2DD6DE3A1F810.d.49B28E7A112DA5896BE2974B098FDFE0.e.11214/click - {}
RESULT: {}
COMMAND: GET /session/416ca3a003057b96434a2425fa5e92e2/screenshot - {}
RESULT: {}
]]></system-out>
    </testcase>
    <testcase classname="chrome.136_0_7103_49.windows.Billing_Transfer_-_Intracompany_US127249" name="Should go navigate to Manage Billings and trigger contract calculation check result" time="63.173">
      <system-out><![CDATA[
COMMAND: POST /session/416ca3a003057b96434a2425fa5e92e2/execute/async - {"script":"<script> [1562 bytes]","args":[{"selector":{"controlType":"sap.m.GenericTile","properties":{"header":"Manage Billings"}},"wdio_ui5_key":"sapm.GenericTile{\"header\":\"Manage Billings\"}"}]}
RESULT: {"script":"<script> [1562 bytes]","args":[{"selector":{"controlType":"sap.m.GenericTile","properties":{"header":"Manage Billings"}},"wdio_ui5_key":"sapm.GenericTile{\"header\":\"Manage Billings\"}"}]}
RESULT: undefined
COMMAND: POST /session/416ca3a003057b96434a2425fa5e92e2/element - {"using":"xpath","value":"//*[@id=\"__tile51\"]"}
RESULT: {"using":"xpath","value":"//*[@id=\"__tile51\"]"}
COMMAND: POST /session/416ca3a003057b96434a2425fa5e92e2/element/f.E04F53A89B741A5C45B2DD6DE3A1F810.d.49B28E7A112DA5896BE2974B098FDFE0.e.6843/click - {}
RESULT: {}
COMMAND: GET /session/416ca3a003057b96434a2425fa5e92e2/screenshot - {}
RESULT: {}
COMMAND: POST /session/416ca3a003057b96434a2425fa5e92e2/elements - {"using":"xpath","value":"//span[text()='Error']"}
RESULT: {"using":"xpath","value":"//span[text()='Error']"}
COMMAND: POST /session/416ca3a003057b96434a2425fa5e92e2/execute/async - {"script":"<script> [1562 bytes]","args":[{"selector":{"id":"application-managebillings-display-component---billRunCalcResult--smartFilterBar-btnBasicSearch","interaction":{"idSuffix":"I"}},"wdio_ui5_key":"applicationmanagebillings-display-component---billRunCalcResult--smartFilterBar-btnBasicSearch"}]}
RESULT: {"script":"<script> [1562 bytes]","args":[{"selector":{"id":"application-managebillings-display-component---billRunCalcResult--smartFilterBar-btnBasicSearch","interaction":{"idSuffix":"I"}},"wdio_ui5_key":"applicationmanagebillings-display-component---billRunCalcResult--smartFilterBar-btnBasicSearch"}]}
RESULT: undefined
COMMAND: POST /session/416ca3a003057b96434a2425fa5e92e2/execute/async - {"script":"<script> [776 bytes]","args":[{"enterText":"10216","selector":{"id":"application-managebillings-display-component---billRunCalcResult--smartFilterBar-btnBasicSearch","interaction":{"idSuffix":"I"}},"clearTextFirst":true,"interactionType":"ENTER_TEXT"}]}
RESULT: {"script":"<script> [776 bytes]","args":[{"enterText":"10216","selector":{"id":"application-managebillings-display-component---billRunCalcResult--smartFilterBar-btnBasicSearch","interaction":{"idSuffix":"I"}},"clearTextFirst":true,"interactionType":"ENTER_TEXT"}]}
COMMAND: POST /session/416ca3a003057b96434a2425fa5e92e2/actions - {"actions":[{"id":"action42","type":"key","parameters":{},"actions":[{"type":"keyDown","value":"î€‡"},{"type":"pause","duration":10},{"type":"keyUp","value":"î€‡"}]}]}
RESULT: {"actions":[{"id":"action42","type":"key","parameters":{},"actions":[{"type":"keyDown","value":"î€‡"},{"type":"pause","duration":10},{"type":"keyUp","value":"î€‡"}]}]}
COMMAND: GET /session/416ca3a003057b96434a2425fa5e92e2/screenshot - {}
RESULT: {}
COMMAND: POST /session/416ca3a003057b96434a2425fa5e92e2/element - {"using":"xpath","value":"//td[@aria-colindex=\"1\"]/div/div[contains(@class, \"sapMCbBg\")]"}
RESULT: {"using":"xpath","value":"//td[@aria-colindex=\"1\"]/div/div[contains(@class, \"sapMCbBg\")]"}
COMMAND: POST /session/416ca3a003057b96434a2425fa5e92e2/element/f.E04F53A89B741A5C45B2DD6DE3A1F810.d.49B28E7A112DA5896BE2974B098FDFE0.e.12536/click - {}
RESULT: {}
COMMAND: GET /session/416ca3a003057b96434a2425fa5e92e2/screenshot - {}
RESULT: {}
COMMAND: POST /session/416ca3a003057b96434a2425fa5e92e2/execute/async - {"script":"<script> [1562 bytes]","args":[{"selector":{"id":"application-managebillings-display-component---billRunCalcResult--contractBillRunDate","interaction":{"idSuffix":"inner"}},"wdio_ui5_key":"applicationmanagebillings-display-component---billRunCalcResult--contractBillRunDate"}]}
RESULT: {"script":"<script> [1562 bytes]","args":[{"selector":{"id":"application-managebillings-display-component---billRunCalcResult--contractBillRunDate","interaction":{"idSuffix":"inner"}},"wdio_ui5_key":"applicationmanagebillings-display-component---billRunCalcResult--contractBillRunDate"}]}
RESULT: undefined
COMMAND: POST /session/416ca3a003057b96434a2425fa5e92e2/execute/async - {"script":"<script> [776 bytes]","args":[{"enterText":"5/14/25","selector":{"id":"application-managebillings-display-component---billRunCalcResult--contractBillRunDate","interaction":{"idSuffix":"inner"}},"clearTextFirst":true,"interactionType":"ENTER_TEXT"}]}
RESULT: {"script":"<script> [776 bytes]","args":[{"enterText":"5/14/25","selector":{"id":"application-managebillings-display-component---billRunCalcResult--contractBillRunDate","interaction":{"idSuffix":"inner"}},"clearTextFirst":true,"interactionType":"ENTER_TEXT"}]}
COMMAND: POST /session/416ca3a003057b96434a2425fa5e92e2/element - {"using":"xpath","value":"//bdi[contains(text(), \"Trigger Calculation\")]"}
RESULT: {"using":"xpath","value":"//bdi[contains(text(), \"Trigger Calculation\")]"}
COMMAND: POST /session/416ca3a003057b96434a2425fa5e92e2/element/f.E04F53A89B741A5C45B2DD6DE3A1F810.d.49B28E7A112DA5896BE2974B098FDFE0.e.12557/click - {}
RESULT: {}
COMMAND: GET /session/416ca3a003057b96434a2425fa5e92e2/screenshot - {}
RESULT: {}
COMMAND: POST /session/416ca3a003057b96434a2425fa5e92e2/element - {"using":"xpath","value":"(//span[contains(@id, \"imgNav\")])[1]"}
RESULT: {"using":"xpath","value":"(//span[contains(@id, \"imgNav\")])[1]"}
COMMAND: POST /session/416ca3a003057b96434a2425fa5e92e2/element/f.E04F53A89B741A5C45B2DD6DE3A1F810.d.49B28E7A112DA5896BE2974B098FDFE0.e.12550/click - {}
RESULT: {}
COMMAND: GET /session/416ca3a003057b96434a2425fa5e92e2/screenshot - {}
RESULT: {}
COMMAND: POST /session/416ca3a003057b96434a2425fa5e92e2/element - {"using":"xpath","value":"//tr/td[6]/div[1]/span[1]/span[1]"}
RESULT: {"using":"xpath","value":"//tr/td[6]/div[1]/span[1]/span[1]"}
COMMAND: GET /session/416ca3a003057b96434a2425fa5e92e2/element/f.E04F53A89B741A5C45B2DD6DE3A1F810.d.49B28E7A112DA5896BE2974B098FDFE0.e.12562/text - {}
RESULT: {}
COMMAND: POST /session/416ca3a003057b96434a2425fa5e92e2/element - {"using":"xpath","value":"(//span[contains(@id, \"imgNav\")])[2]"}
RESULT: {"using":"xpath","value":"(//span[contains(@id, \"imgNav\")])[2]"}
COMMAND: POST /session/416ca3a003057b96434a2425fa5e92e2/element/f.E04F53A89B741A5C45B2DD6DE3A1F810.d.49B28E7A112DA5896BE2974B098FDFE0.e.12563/click - {}
RESULT: {}
COMMAND: POST /session/416ca3a003057b96434a2425fa5e92e2/element - {"using":"xpath","value":"//bdi[contains(text(), \"Business Confirm\")]"}
COMMAND: GET /session/416ca3a003057b96434a2425fa5e92e2/screenshot - {}
RESULT: {"using":"xpath","value":"//bdi[contains(text(), \"Business Confirm\")]"}
COMMAND: POST /session/416ca3a003057b96434a2425fa5e92e2/elements - {"using":"xpath","value":"//bdi[contains(text(), \"Business Confirm\")]"}
RESULT: {}
RESULT: {"using":"xpath","value":"//bdi[contains(text(), \"Business Confirm\")]"}
COMMAND: POST /session/416ca3a003057b96434a2425fa5e92e2/element - {"using":"xpath","value":"//bdi[contains(text(), \"Business Confirm\")]"}
RESULT: {"using":"xpath","value":"//bdi[contains(text(), \"Business Confirm\")]"}
COMMAND: POST /session/416ca3a003057b96434a2425fa5e92e2/element/f.E04F53A89B741A5C45B2DD6DE3A1F810.d.49B28E7A112DA5896BE2974B098FDFE0.e.12594/click - {}
RESULT: {}
COMMAND: POST /session/416ca3a003057b96434a2425fa5e92e2/element - {"using":"css selector","value":"#shell-header-logo"}
COMMAND: GET /session/416ca3a003057b96434a2425fa5e92e2/screenshot - {}
RESULT: {"using":"css selector","value":"#shell-header-logo"}
COMMAND: POST /session/416ca3a003057b96434a2425fa5e92e2/element/f.E04F53A89B741A5C45B2DD6DE3A1F810.d.49B28E7A112DA5896BE2974B098FDFE0.e.12329/click - {}
RESULT: {}
RESULT: {}
COMMAND: GET /session/416ca3a003057b96434a2425fa5e92e2/screenshot - {}
RESULT: {}
]]></system-out>
    </testcase>
    <testcase classname="chrome.136_0_7103_49.windows.Billing_Transfer_-_Intracompany_US127249" name="Should navigate to billing transfer and invoice the contract" time="69.942">
      <system-out><![CDATA[
COMMAND: POST /session/416ca3a003057b96434a2425fa5e92e2/execute/async - {"script":"<script> [1562 bytes]","args":[{"selector":{"controlType":"sap.m.GenericTile","properties":{"header":"Billing Transfer"}},"wdio_ui5_key":"sapm.GenericTile{\"header\":\"Billing Transfer\"}"}]}
RESULT: {"script":"<script> [1562 bytes]","args":[{"selector":{"controlType":"sap.m.GenericTile","properties":{"header":"Billing Transfer"}},"wdio_ui5_key":"sapm.GenericTile{\"header\":\"Billing Transfer\"}"}]}
RESULT: undefined
COMMAND: POST /session/416ca3a003057b96434a2425fa5e92e2/element - {"using":"xpath","value":"//*[@id=\"__tile50\"]"}
RESULT: {"using":"xpath","value":"//*[@id=\"__tile50\"]"}
COMMAND: POST /session/416ca3a003057b96434a2425fa5e92e2/element/f.E04F53A89B741A5C45B2DD6DE3A1F810.d.49B28E7A112DA5896BE2974B098FDFE0.e.6841/click - {}
RESULT: {}
COMMAND: GET /session/416ca3a003057b96434a2425fa5e92e2/screenshot - {}
RESULT: {}
COMMAND: POST /session/416ca3a003057b96434a2425fa5e92e2/elements - {"using":"xpath","value":"//span[text()='Error']"}
RESULT: {"using":"xpath","value":"//span[text()='Error']"}
COMMAND: POST /session/416ca3a003057b96434a2425fa5e92e2/element - {"using":"xpath","value":"//input[contains(@id ,\"application-billingtransfer-display-component---billingWorkbench--smartFilterBar-btnBasicSearch\")]"}
RESULT: {"using":"xpath","value":"//input[contains(@id ,\"application-billingtransfer-display-component---billingWorkbench--smartFilterBar-btnBasicSearch\")]"}
COMMAND: POST /session/416ca3a003057b96434a2425fa5e92e2/elements - {"using":"xpath","value":"//input[contains(@id ,\"application-billingtransfer-display-component---billingWorkbench--smartFilterBar-btnBasicSearch\")]"}
RESULT: {"using":"xpath","value":"//input[contains(@id ,\"application-billingtransfer-display-component---billingWorkbench--smartFilterBar-btnBasicSearch\")]"}
COMMAND: POST /session/416ca3a003057b96434a2425fa5e92e2/execute/sync - {"script":"<script> [8489 bytes]","args":[{"element-6066-11e4-a52e-4f735466cecf":"f.E04F53A89B741A5C45B2DD6DE3A1F810.d.49B28E7A112DA5896BE2974B098FDFE0.e.12621","ELEMENT":"f.E04F53A89B741A5C45B2DD6DE3A1F810.d.49B28E7A112DA5896BE2974B098FDFE0.e.12621"}]}
RESULT: {"script":"<script> [8489 bytes]","args":[{"element-6066-11e4-a52e-4f735466cecf":"f.E04F53A89B741A5C45B2DD6DE3A1F810.d.49B28E7A112DA5896BE2974B098FDFE0.e.12621","ELEMENT":"f.E04F53A89B741A5C45B2DD6DE3A1F810.d.49B28E7A112DA5896BE2974B098FDFE0.e.12621"}]}
COMMAND: GET /session/416ca3a003057b96434a2425fa5e92e2/element/f.E04F53A89B741A5C45B2DD6DE3A1F810.d.49B28E7A112DA5896BE2974B098FDFE0.e.12621/enabled - {}
COMMAND: GET /session/416ca3a003057b96434a2425fa5e92e2/screenshot - {}
RESULT: {}
COMMAND: POST /session/416ca3a003057b96434a2425fa5e92e2/element/f.E04F53A89B741A5C45B2DD6DE3A1F810.d.49B28E7A112DA5896BE2974B098FDFE0.e.12621/click - {}
COMMAND: GET /session/416ca3a003057b96434a2425fa5e92e2/screenshot - {}
RESULT: {}
RESULT: {}
COMMAND: GET /session/416ca3a003057b96434a2425fa5e92e2/screenshot - {}
RESULT: {}
RESULT: {}
COMMAND: POST /session/416ca3a003057b96434a2425fa5e92e2/element/f.E04F53A89B741A5C45B2DD6DE3A1F810.d.49B28E7A112DA5896BE2974B098FDFE0.e.12621/clear - {}
RESULT: {}
COMMAND: POST /session/416ca3a003057b96434a2425fa5e92e2/element/f.E04F53A89B741A5C45B2DD6DE3A1F810.d.49B28E7A112DA5896BE2974B098FDFE0.e.12621/value - {"text":"10216"}
COMMAND: GET /session/416ca3a003057b96434a2425fa5e92e2/screenshot - {}
RESULT: {"text":"10216"}
COMMAND: POST /session/416ca3a003057b96434a2425fa5e92e2/actions - {"actions":[{"id":"action43","type":"key","parameters":{},"actions":[{"type":"keyDown","value":"î€‡"},{"type":"pause","duration":10},{"type":"keyUp","value":"î€‡"}]}]}
COMMAND: GET /session/416ca3a003057b96434a2425fa5e92e2/screenshot - {}
RESULT: {}
RESULT: {"actions":[{"id":"action43","type":"key","parameters":{},"actions":[{"type":"keyDown","value":"î€‡"},{"type":"pause","duration":10},{"type":"keyUp","value":"î€‡"}]}]}
COMMAND: GET /session/416ca3a003057b96434a2425fa5e92e2/screenshot - {}
RESULT: {}
RESULT: {}
COMMAND: POST /session/416ca3a003057b96434a2425fa5e92e2/element - {"using":"xpath","value":"//span[contains(@id ,\"application-billingtransfer-display-component---billingWorkbench--smartTableBillingRuns-header-inner\")]"}
RESULT: {"using":"xpath","value":"//span[contains(@id ,\"application-billingtransfer-display-component---billingWorkbench--smartTableBillingRuns-header-inner\")]"}
COMMAND: POST /session/416ca3a003057b96434a2425fa5e92e2/elements - {"using":"xpath","value":"//span[contains(@id ,\"application-billingtransfer-display-component---billingWorkbench--smartTableBillingRuns-header-inner\")]"}
RESULT: {"using":"xpath","value":"//span[contains(@id ,\"application-billingtransfer-display-component---billingWorkbench--smartTableBillingRuns-header-inner\")]"}
COMMAND: POST /session/416ca3a003057b96434a2425fa5e92e2/execute/sync - {"script":"<script> [56 bytes]","args":[{"element-6066-11e4-a52e-4f735466cecf":"f.E04F53A89B741A5C45B2DD6DE3A1F810.d.49B28E7A112DA5896BE2974B098FDFE0.e.12819","ELEMENT":"f.E04F53A89B741A5C45B2DD6DE3A1F810.d.49B28E7A112DA5896BE2974B098FDFE0.e.12819"}]}
RESULT: {"script":"<script> [56 bytes]","args":[{"element-6066-11e4-a52e-4f735466cecf":"f.E04F53A89B741A5C45B2DD6DE3A1F810.d.49B28E7A112DA5896BE2974B098FDFE0.e.12819","ELEMENT":"f.E04F53A89B741A5C45B2DD6DE3A1F810.d.49B28E7A112DA5896BE2974B098FDFE0.e.12819"}]}
COMMAND: POST /session/416ca3a003057b96434a2425fa5e92e2/element - {"using":"xpath","value":"//td[@aria-colindex=\"1\"]/div/div[contains(@class, \"sapMCbBg\")]"}
COMMAND: GET /session/416ca3a003057b96434a2425fa5e92e2/screenshot - {}
RESULT: {"using":"xpath","value":"//td[@aria-colindex=\"1\"]/div/div[contains(@class, \"sapMCbBg\")]"}
COMMAND: POST /session/416ca3a003057b96434a2425fa5e92e2/element/f.E04F53A89B741A5C45B2DD6DE3A1F810.d.49B28E7A112DA5896BE2974B098FDFE0.e.12806/click - {}
RESULT: {}
RESULT: {}
COMMAND: GET /session/416ca3a003057b96434a2425fa5e92e2/screenshot - {}
RESULT: {}
COMMAND: POST /session/416ca3a003057b96434a2425fa5e92e2/element - {"using":"xpath","value":"//bdi[contains(text(), \"Check\")]"}
RESULT: {"using":"xpath","value":"//bdi[contains(text(), \"Check\")]"}
COMMAND: POST /session/416ca3a003057b96434a2425fa5e92e2/element/f.E04F53A89B741A5C45B2DD6DE3A1F810.d.49B28E7A112DA5896BE2974B098FDFE0.e.12820/click - {}
RESULT: {}
COMMAND: GET /session/416ca3a003057b96434a2425fa5e92e2/screenshot - {}
RESULT: {}
COMMAND: POST /session/416ca3a003057b96434a2425fa5e92e2/element - {"using":"xpath","value":"//bdi[contains(text(), \"OK\")]"}
RESULT: {"using":"xpath","value":"//bdi[contains(text(), \"OK\")]"}
COMMAND: POST /session/416ca3a003057b96434a2425fa5e92e2/element/f.E04F53A89B741A5C45B2DD6DE3A1F810.d.49B28E7A112DA5896BE2974B098FDFE0.e.12823/click - {}
RESULT: {}
COMMAND: GET /session/416ca3a003057b96434a2425fa5e92e2/screenshot - {}
RESULT: {}
COMMAND: POST /session/416ca3a003057b96434a2425fa5e92e2/element - {"using":"xpath","value":"(//span[contains(text(), \"CO/SD checked\")]/parent::div/preceding-sibling::div/span)[1]"}
RESULT: {"using":"xpath","value":"(//span[contains(text(), \"CO/SD checked\")]/parent::div/preceding-sibling::div/span)[1]"}
COMMAND: POST /session/416ca3a003057b96434a2425fa5e92e2/element/f.E04F53A89B741A5C45B2DD6DE3A1F810.d.49B28E7A112DA5896BE2974B098FDFE0.e.12825/click - {}
RESULT: {}
COMMAND: GET /session/416ca3a003057b96434a2425fa5e92e2/screenshot - {}
RESULT: {}
COMMAND: POST /session/416ca3a003057b96434a2425fa5e92e2/element - {"using":"xpath","value":"//input[contains(@id ,\"application-billingtransfer-display-component---billingWorkbench--smartFilterBar-btnBasicSearch\")]"}
RESULT: {"using":"xpath","value":"//input[contains(@id ,\"application-billingtransfer-display-component---billingWorkbench--smartFilterBar-btnBasicSearch\")]"}
COMMAND: POST /session/416ca3a003057b96434a2425fa5e92e2/elements - {"using":"xpath","value":"//input[contains(@id ,\"application-billingtransfer-display-component---billingWorkbench--smartFilterBar-btnBasicSearch\")]"}
RESULT: {"using":"xpath","value":"//input[contains(@id ,\"application-billingtransfer-display-component---billingWorkbench--smartFilterBar-btnBasicSearch\")]"}
COMMAND: POST /session/416ca3a003057b96434a2425fa5e92e2/execute/sync - {"script":"<script> [8489 bytes]","args":[{"element-6066-11e4-a52e-4f735466cecf":"f.E04F53A89B741A5C45B2DD6DE3A1F810.d.49B28E7A112DA5896BE2974B098FDFE0.e.12621","ELEMENT":"f.E04F53A89B741A5C45B2DD6DE3A1F810.d.49B28E7A112DA5896BE2974B098FDFE0.e.12621"}]}
RESULT: {"script":"<script> [8489 bytes]","args":[{"element-6066-11e4-a52e-4f735466cecf":"f.E04F53A89B741A5C45B2DD6DE3A1F810.d.49B28E7A112DA5896BE2974B098FDFE0.e.12621","ELEMENT":"f.E04F53A89B741A5C45B2DD6DE3A1F810.d.49B28E7A112DA5896BE2974B098FDFE0.e.12621"}]}
COMMAND: GET /session/416ca3a003057b96434a2425fa5e92e2/element/f.E04F53A89B741A5C45B2DD6DE3A1F810.d.49B28E7A112DA5896BE2974B098FDFE0.e.12621/enabled - {}
COMMAND: GET /session/416ca3a003057b96434a2425fa5e92e2/screenshot - {}
RESULT: {}
COMMAND: POST /session/416ca3a003057b96434a2425fa5e92e2/element/f.E04F53A89B741A5C45B2DD6DE3A1F810.d.49B28E7A112DA5896BE2974B098FDFE0.e.12621/click - {}
COMMAND: GET /session/416ca3a003057b96434a2425fa5e92e2/screenshot - {}
RESULT: {}
RESULT: {}
COMMAND: GET /session/416ca3a003057b96434a2425fa5e92e2/screenshot - {}
RESULT: {}
RESULT: {}
COMMAND: POST /session/416ca3a003057b96434a2425fa5e92e2/element/f.E04F53A89B741A5C45B2DD6DE3A1F810.d.49B28E7A112DA5896BE2974B098FDFE0.e.12621/clear - {}
RESULT: {}
COMMAND: POST /session/416ca3a003057b96434a2425fa5e92e2/element/f.E04F53A89B741A5C45B2DD6DE3A1F810.d.49B28E7A112DA5896BE2974B098FDFE0.e.12621/value - {"text":"10216"}
COMMAND: GET /session/416ca3a003057b96434a2425fa5e92e2/screenshot - {}
RESULT: {"text":"10216"}
COMMAND: POST /session/416ca3a003057b96434a2425fa5e92e2/actions - {"actions":[{"id":"action44","type":"key","parameters":{},"actions":[{"type":"keyDown","value":"î€‡"},{"type":"pause","duration":10},{"type":"keyUp","value":"î€‡"}]}]}
COMMAND: GET /session/416ca3a003057b96434a2425fa5e92e2/screenshot - {}
RESULT: {}
RESULT: {"actions":[{"id":"action44","type":"key","parameters":{},"actions":[{"type":"keyDown","value":"î€‡"},{"type":"pause","duration":10},{"type":"keyUp","value":"î€‡"}]}]}
COMMAND: GET /session/416ca3a003057b96434a2425fa5e92e2/screenshot - {}
RESULT: {}
RESULT: {}
COMMAND: POST /session/416ca3a003057b96434a2425fa5e92e2/element - {"using":"xpath","value":"//span[contains(@id ,\"application-billingtransfer-display-component---billingWorkbench--smartTableBillingRuns-header-inner\")]"}
RESULT: {"using":"xpath","value":"//span[contains(@id ,\"application-billingtransfer-display-component---billingWorkbench--smartTableBillingRuns-header-inner\")]"}
COMMAND: POST /session/416ca3a003057b96434a2425fa5e92e2/elements - {"using":"xpath","value":"//span[contains(@id ,\"application-billingtransfer-display-component---billingWorkbench--smartTableBillingRuns-header-inner\")]"}
RESULT: {"using":"xpath","value":"//span[contains(@id ,\"application-billingtransfer-display-component---billingWorkbench--smartTableBillingRuns-header-inner\")]"}
COMMAND: POST /session/416ca3a003057b96434a2425fa5e92e2/execute/sync - {"script":"<script> [56 bytes]","args":[{"element-6066-11e4-a52e-4f735466cecf":"f.E04F53A89B741A5C45B2DD6DE3A1F810.d.49B28E7A112DA5896BE2974B098FDFE0.e.12819","ELEMENT":"f.E04F53A89B741A5C45B2DD6DE3A1F810.d.49B28E7A112DA5896BE2974B098FDFE0.e.12819"}]}
RESULT: {"script":"<script> [56 bytes]","args":[{"element-6066-11e4-a52e-4f735466cecf":"f.E04F53A89B741A5C45B2DD6DE3A1F810.d.49B28E7A112DA5896BE2974B098FDFE0.e.12819","ELEMENT":"f.E04F53A89B741A5C45B2DD6DE3A1F810.d.49B28E7A112DA5896BE2974B098FDFE0.e.12819"}]}
COMMAND: POST /session/416ca3a003057b96434a2425fa5e92e2/element - {"using":"xpath","value":"//td[@aria-colindex=\"1\"]/div/div[contains(@class, \"sapMCbBg\")]"}
COMMAND: GET /session/416ca3a003057b96434a2425fa5e92e2/screenshot - {}
RESULT: {"using":"xpath","value":"//td[@aria-colindex=\"1\"]/div/div[contains(@class, \"sapMCbBg\")]"}
COMMAND: POST /session/416ca3a003057b96434a2425fa5e92e2/element/f.E04F53A89B741A5C45B2DD6DE3A1F810.d.49B28E7A112DA5896BE2974B098FDFE0.e.12829/click - {}
RESULT: {}
RESULT: {}
COMMAND: GET /session/416ca3a003057b96434a2425fa5e92e2/screenshot - {}
RESULT: {}
COMMAND: POST /session/416ca3a003057b96434a2425fa5e92e2/element - {"using":"xpath","value":"//bdi[text()=\"Transfer\"]"}
RESULT: {"using":"xpath","value":"//bdi[text()=\"Transfer\"]"}
COMMAND: POST /session/416ca3a003057b96434a2425fa5e92e2/element/f.E04F53A89B741A5C45B2DD6DE3A1F810.d.49B28E7A112DA5896BE2974B098FDFE0.e.12830/click - {}
RESULT: {}
COMMAND: GET /session/416ca3a003057b96434a2425fa5e92e2/screenshot - {}
RESULT: {}
COMMAND: POST /session/416ca3a003057b96434a2425fa5e92e2/element - {"using":"xpath","value":"//bdi[contains(text(), \"OK\")]"}
RESULT: {"using":"xpath","value":"//bdi[contains(text(), \"OK\")]"}
COMMAND: POST /session/416ca3a003057b96434a2425fa5e92e2/element/f.E04F53A89B741A5C45B2DD6DE3A1F810.d.49B28E7A112DA5896BE2974B098FDFE0.e.12833/click - {}
RESULT: {}
COMMAND: GET /session/416ca3a003057b96434a2425fa5e92e2/screenshot - {}
RESULT: {}
COMMAND: POST /session/416ca3a003057b96434a2425fa5e92e2/element - {"using":"xpath","value":"(//span[contains(text(), \"Completed\")]/parent::div/preceding-sibling::div/span)[1]"}
RESULT: {"using":"xpath","value":"(//span[contains(text(), \"Completed\")]/parent::div/preceding-sibling::div/span)[1]"}
COMMAND: POST /session/416ca3a003057b96434a2425fa5e92e2/element/f.E04F53A89B741A5C45B2DD6DE3A1F810.d.49B28E7A112DA5896BE2974B098FDFE0.e.12841/click - {}
RESULT: {}
COMMAND: POST /session/416ca3a003057b96434a2425fa5e92e2/element - {"using":"xpath","value":"//input[contains(@id ,\"application-billingtransfer-display-component---billingWorkbench--smartFilterBar-btnBasicSearch\")]"}
COMMAND: GET /session/416ca3a003057b96434a2425fa5e92e2/screenshot - {}
RESULT: {"using":"xpath","value":"//input[contains(@id ,\"application-billingtransfer-display-component---billingWorkbench--smartFilterBar-btnBasicSearch\")]"}
COMMAND: POST /session/416ca3a003057b96434a2425fa5e92e2/elements - {"using":"xpath","value":"//input[contains(@id ,\"application-billingtransfer-display-component---billingWorkbench--smartFilterBar-btnBasicSearch\")]"}
RESULT: {}
RESULT: {"using":"xpath","value":"//input[contains(@id ,\"application-billingtransfer-display-component---billingWorkbench--smartFilterBar-btnBasicSearch\")]"}
COMMAND: POST /session/416ca3a003057b96434a2425fa5e92e2/execute/sync - {"script":"<script> [8489 bytes]","args":[{"element-6066-11e4-a52e-4f735466cecf":"f.E04F53A89B741A5C45B2DD6DE3A1F810.d.49B28E7A112DA5896BE2974B098FDFE0.e.12621","ELEMENT":"f.E04F53A89B741A5C45B2DD6DE3A1F810.d.49B28E7A112DA5896BE2974B098FDFE0.e.12621"}]}
RESULT: {"script":"<script> [8489 bytes]","args":[{"element-6066-11e4-a52e-4f735466cecf":"f.E04F53A89B741A5C45B2DD6DE3A1F810.d.49B28E7A112DA5896BE2974B098FDFE0.e.12621","ELEMENT":"f.E04F53A89B741A5C45B2DD6DE3A1F810.d.49B28E7A112DA5896BE2974B098FDFE0.e.12621"}]}
COMMAND: GET /session/416ca3a003057b96434a2425fa5e92e2/element/f.E04F53A89B741A5C45B2DD6DE3A1F810.d.49B28E7A112DA5896BE2974B098FDFE0.e.12621/enabled - {}
COMMAND: GET /session/416ca3a003057b96434a2425fa5e92e2/screenshot - {}
RESULT: {}
COMMAND: POST /session/416ca3a003057b96434a2425fa5e92e2/element/f.E04F53A89B741A5C45B2DD6DE3A1F810.d.49B28E7A112DA5896BE2974B098FDFE0.e.12621/click - {}
COMMAND: GET /session/416ca3a003057b96434a2425fa5e92e2/screenshot - {}
RESULT: {}
RESULT: {}
COMMAND: GET /session/416ca3a003057b96434a2425fa5e92e2/screenshot - {}
RESULT: {}
RESULT: {}
COMMAND: POST /session/416ca3a003057b96434a2425fa5e92e2/element/f.E04F53A89B741A5C45B2DD6DE3A1F810.d.49B28E7A112DA5896BE2974B098FDFE0.e.12621/clear - {}
RESULT: {}
COMMAND: POST /session/416ca3a003057b96434a2425fa5e92e2/element/f.E04F53A89B741A5C45B2DD6DE3A1F810.d.49B28E7A112DA5896BE2974B098FDFE0.e.12621/value - {"text":"10216"}
COMMAND: GET /session/416ca3a003057b96434a2425fa5e92e2/screenshot - {}
RESULT: {"text":"10216"}
COMMAND: POST /session/416ca3a003057b96434a2425fa5e92e2/actions - {"actions":[{"id":"action45","type":"key","parameters":{},"actions":[{"type":"keyDown","value":"î€‡"},{"type":"pause","duration":10},{"type":"keyUp","value":"î€‡"}]}]}
COMMAND: GET /session/416ca3a003057b96434a2425fa5e92e2/screenshot - {}
RESULT: {}
RESULT: {"actions":[{"id":"action45","type":"key","parameters":{},"actions":[{"type":"keyDown","value":"î€‡"},{"type":"pause","duration":10},{"type":"keyUp","value":"î€‡"}]}]}
COMMAND: GET /session/416ca3a003057b96434a2425fa5e92e2/screenshot - {}
RESULT: {}
RESULT: {}
COMMAND: POST /session/416ca3a003057b96434a2425fa5e92e2/element - {"using":"xpath","value":"//span[contains(@id ,\"application-billingtransfer-display-component---billingWorkbench--smartTableBillingRuns-header-inner\")]"}
RESULT: {"using":"xpath","value":"//span[contains(@id ,\"application-billingtransfer-display-component---billingWorkbench--smartTableBillingRuns-header-inner\")]"}
COMMAND: POST /session/416ca3a003057b96434a2425fa5e92e2/elements - {"using":"xpath","value":"//span[contains(@id ,\"application-billingtransfer-display-component---billingWorkbench--smartTableBillingRuns-header-inner\")]"}
RESULT: {"using":"xpath","value":"//span[contains(@id ,\"application-billingtransfer-display-component---billingWorkbench--smartTableBillingRuns-header-inner\")]"}
COMMAND: POST /session/416ca3a003057b96434a2425fa5e92e2/execute/sync - {"script":"<script> [56 bytes]","args":[{"element-6066-11e4-a52e-4f735466cecf":"f.E04F53A89B741A5C45B2DD6DE3A1F810.d.49B28E7A112DA5896BE2974B098FDFE0.e.12819","ELEMENT":"f.E04F53A89B741A5C45B2DD6DE3A1F810.d.49B28E7A112DA5896BE2974B098FDFE0.e.12819"}]}
RESULT: {"script":"<script> [56 bytes]","args":[{"element-6066-11e4-a52e-4f735466cecf":"f.E04F53A89B741A5C45B2DD6DE3A1F810.d.49B28E7A112DA5896BE2974B098FDFE0.e.12819","ELEMENT":"f.E04F53A89B741A5C45B2DD6DE3A1F810.d.49B28E7A112DA5896BE2974B098FDFE0.e.12819"}]}
COMMAND: POST /session/416ca3a003057b96434a2425fa5e92e2/element - {"using":"css selector","value":"#shell-header-logo"}
COMMAND: GET /session/416ca3a003057b96434a2425fa5e92e2/screenshot - {}
RESULT: {"using":"css selector","value":"#shell-header-logo"}
COMMAND: POST /session/416ca3a003057b96434a2425fa5e92e2/element/f.E04F53A89B741A5C45B2DD6DE3A1F810.d.49B28E7A112DA5896BE2974B098FDFE0.e.12619/click - {}
RESULT: {}
RESULT: {}
COMMAND: GET /session/416ca3a003057b96434a2425fa5e92e2/screenshot - {}
RESULT: {}
COMMAND: POST /session/416ca3a003057b96434a2425fa5e92e2/element - {"using":"css selector","value":"#j_username"}
COMMAND: POST /session/416ca3a003057b96434a2425fa5e92e2/url - {"url":"https://qa-testing-00-live-etm-ui.cfapps.eu10-004.hana.ondemand.com/"}
RESULT: {"using":"css selector","value":"#j_username"}
COMMAND: POST /session/416ca3a003057b96434a2425fa5e92e2/element - {"using":"css selector","value":"#j_username"}
RESULT: {"url":"https://qa-testing-00-live-etm-ui.cfapps.eu10-004.hana.ondemand.com/"}
RESULT: undefined
COMMAND: GET /session/416ca3a003057b96434a2425fa5e92e2/screenshot - {}
RESULT: {"using":"css selector","value":"#j_username"}
COMMAND: POST /session/416ca3a003057b96434a2425fa5e92e2/element - {"using":"css selector","value":"#shell-header-logo"}
RESULT: {}
RESULT: {"using":"css selector","value":"#shell-header-logo"}
COMMAND: POST /session/416ca3a003057b96434a2425fa5e92e2/execute/sync - {"script":"<script> [8489 bytes]","args":[{"element-6066-11e4-a52e-4f735466cecf":"f.E04F53A89B741A5C45B2DD6DE3A1F810.d.9E70E67E3F62464BDA2A1185CA9379A9.e.12857","ELEMENT":"f.E04F53A89B741A5C45B2DD6DE3A1F810.d.9E70E67E3F62464BDA2A1185CA9379A9.e.12857"}]}
RESULT: {"script":"<script> [8489 bytes]","args":[{"element-6066-11e4-a52e-4f735466cecf":"f.E04F53A89B741A5C45B2DD6DE3A1F810.d.9E70E67E3F62464BDA2A1185CA9379A9.e.12857","ELEMENT":"f.E04F53A89B741A5C45B2DD6DE3A1F810.d.9E70E67E3F62464BDA2A1185CA9379A9.e.12857"}]}
COMMAND: POST /session/416ca3a003057b96434a2425fa5e92e2/element - {"using":"css selector","value":"#shell-header-logo"}
COMMAND: GET /session/416ca3a003057b96434a2425fa5e92e2/screenshot - {}
RESULT: {"using":"css selector","value":"#shell-header-logo"}
COMMAND: POST /session/416ca3a003057b96434a2425fa5e92e2/execute/sync - {"script":"<script> [8489 bytes]","args":[{"element-6066-11e4-a52e-4f735466cecf":"f.E04F53A89B741A5C45B2DD6DE3A1F810.d.9E70E67E3F62464BDA2A1185CA9379A9.e.12857","ELEMENT":"f.E04F53A89B741A5C45B2DD6DE3A1F810.d.9E70E67E3F62464BDA2A1185CA9379A9.e.12857"}]}
RESULT: {}
RESULT: {"script":"<script> [8489 bytes]","args":[{"element-6066-11e4-a52e-4f735466cecf":"f.E04F53A89B741A5C45B2DD6DE3A1F810.d.9E70E67E3F62464BDA2A1185CA9379A9.e.12857","ELEMENT":"f.E04F53A89B741A5C45B2DD6DE3A1F810.d.9E70E67E3F62464BDA2A1185CA9379A9.e.12857"}]}
COMMAND: POST /session/416ca3a003057b96434a2425fa5e92e2/execute/sync - {"script":"<script> [5351 bytes]","args":[{"element-6066-11e4-a52e-4f735466cecf":"f.E04F53A89B741A5C45B2DD6DE3A1F810.d.9E70E67E3F62464BDA2A1185CA9379A9.e.12857","ELEMENT":"f.E04F53A89B741A5C45B2DD6DE3A1F810.d.9E70E67E3F62464BDA2A1185CA9379A9.e.12857"}]}
COMMAND: GET /session/416ca3a003057b96434a2425fa5e92e2/screenshot - {}
RESULT: {"script":"<script> [5351 bytes]","args":[{"element-6066-11e4-a52e-4f735466cecf":"f.E04F53A89B741A5C45B2DD6DE3A1F810.d.9E70E67E3F62464BDA2A1185CA9379A9.e.12857","ELEMENT":"f.E04F53A89B741A5C45B2DD6DE3A1F810.d.9E70E67E3F62464BDA2A1185CA9379A9.e.12857"}]}
COMMAND: POST /session/416ca3a003057b96434a2425fa5e92e2/element - {"using":"css selector","value":"#shell-header-logo"}
COMMAND: GET /session/416ca3a003057b96434a2425fa5e92e2/screenshot - {}
RESULT: {}
RESULT: {"using":"css selector","value":"#shell-header-logo"}
COMMAND: POST /session/416ca3a003057b96434a2425fa5e92e2/element/f.E04F53A89B741A5C45B2DD6DE3A1F810.d.9E70E67E3F62464BDA2A1185CA9379A9.e.12857/click - {}
RESULT: {}
RESULT: {}
COMMAND: GET /session/416ca3a003057b96434a2425fa5e92e2/screenshot - {}
RESULT: {}
COMMAND: POST /session/416ca3a003057b96434a2425fa5e92e2/execute/async - {"script":"<script> [189 bytes]","args":[]}
RESULT: {"script":"<script> [189 bytes]","args":[]}
COMMAND: POST /session/416ca3a003057b96434a2425fa5e92e2/execute/async - {"script":"<script> [123 bytes]","args":[]}
RESULT: {"script":"<script> [123 bytes]","args":[]}
COMMAND: POST /session/416ca3a003057b96434a2425fa5e92e2/timeouts - {"script":"<number>"}
RESULT: {"script":"<number>"}
COMMAND: GET /session/416ca3a003057b96434a2425fa5e92e2/timeouts - {}
RESULT: {}
RESULT: undefined
COMMAND: POST /session/416ca3a003057b96434a2425fa5e92e2/execute/async - {"script":"<script> [2676 bytes]","args":[]}
RESULT: {"script":"<script> [2676 bytes]","args":[]}
COMMAND: POST /session/416ca3a003057b96434a2425fa5e92e2/execute/async - {"script":"<script> [2342 bytes]","args":[{"protocol":"http","hostname":"0.0.0.0","path":"/","capabilities":{"browserName":"chrome","goog:chromeOptions":{"binary":"C:\\Program Files\\Google\\Chrome\\Application\\chrome.exe","args":["--start-maximized"]}},"logLevel":"warn","connectionRetryTimeout":120000,"connectionRetryCount":3,"logLevels":{},"enableDirectConnect":true,"strictSSL":true,"_":"65 more keys: [\"cacheDir\",\"port\",\"requestedCapabilities\",\"automationProtocol\",\"baseUrl\",\"waitforInterval\",\"waitforTimeout\",\"onReload\",\"beforeCommand\",\"afterCommand\",\"rootDir\",\"specs\",\"suites\",\"exclude\",\"groupLogsByTestSpec\",\"excludeDriverLogs\",\"bail\",\"framework\",\"reporters\",\"services\",\"maxInstances\",\"maxInstancesPerCapability\",\"injectGlobals\",\"filesToWatch\",\"execArgv\",\"runnerEnv\",\"runner\",\"shard\",\"specFileRetries\",\"specFileRetriesDelay\",\"specFileRetriesDeferred\",\"reporterSyncInterval\",\"reporterSyncTimeout\",\"cucumberFeaturesWithLineNumbers\",\"autoCompileOpts\",\"mochaOpts\",\"jasmineOpts\",\"cucumberOpts\",\"onPrepare\",\"onWorkerStart\",\"onWorkerEnd\",\"before\",\"beforeSession\",\"beforeSuite\",\"beforeHook\",\"beforeTest\",\"afterTest\",\"afterHook\",\"afterSuite\",\"afterSession\",\"after\",\"onComplete\",\"beforeAssertion\",\"afterAssertion\",\"beforeFeature\",\"beforeScenario\",\"beforeStep\",\"afterStep\",\"afterScenario\",\"afterFeature\",\"_\",\"suite\",\"$0\",\"ignoredWorkerServices\",\"wdi5\"]"}]}
RESULT: {"script":"<script> [2342 bytes]","args":[{"protocol":"http","hostname":"0.0.0.0","path":"/","capabilities":{"browserName":"chrome","goog:chromeOptions":{"binary":"C:\\Program Files\\Google\\Chrome\\Application\\chrome.exe","args":["--start-maximized"]}},"logLevel":"warn","connectionRetryTimeout":120000,"connectionRetryCount":3,"logLevels":{},"enableDirectConnect":true,"strictSSL":true,"_":"65 more keys: [\"cacheDir\",\"port\",\"requestedCapabilities\",\"automationProtocol\",\"baseUrl\",\"waitforInterval\",\"waitforTimeout\",\"onReload\",\"beforeCommand\",\"afterCommand\",\"rootDir\",\"specs\",\"suites\",\"exclude\",\"groupLogsByTestSpec\",\"excludeDriverLogs\",\"bail\",\"framework\",\"reporters\",\"services\",\"maxInstances\",\"maxInstancesPerCapability\",\"injectGlobals\",\"filesToWatch\",\"execArgv\",\"runnerEnv\",\"runner\",\"shard\",\"specFileRetries\",\"specFileRetriesDelay\",\"specFileRetriesDeferred\",\"reporterSyncInterval\",\"reporterSyncTimeout\",\"cucumberFeaturesWithLineNumbers\",\"autoCompileOpts\",\"mochaOpts\",\"jasmineOpts\",\"cucumberOpts\",\"onPrepare\",\"onWorkerStart\",\"onWorkerEnd\",\"before\",\"beforeSession\",\"beforeSuite\",\"beforeHook\",\"beforeTest\",\"afterTest\",\"afterHook\",\"afterSuite\",\"afterSession\",\"after\",\"onComplete\",\"beforeAssertion\",\"afterAssertion\",\"beforeFeature\",\"beforeScenario\",\"beforeStep\",\"afterStep\",\"afterScenario\",\"afterFeature\",\"_\",\"suite\",\"$0\",\"ignoredWorkerServices\",\"wdi5\"]"}]}
COMMAND: POST /session/416ca3a003057b96434a2425fa5e92e2/execute/async - {"script":"<script> [21126 bytes]","args":[35000]}
RESULT: {"script":"<script> [21126 bytes]","args":[35000]}
COMMAND: POST /session/416ca3a003057b96434a2425fa5e92e2/window/maximize - {}
RESULT: {}
COMMAND: POST /session/416ca3a003057b96434a2425fa5e92e2/execute/async - {"script":"<script> [1562 bytes]","args":[{"selector":{"id":"shell-header","interaction":{"idSuffix":"icon"}},"wdio_ui5_key":"shellheader"}]}
COMMAND: GET /session/416ca3a003057b96434a2425fa5e92e2/screenshot - {}
RESULT: {"script":"<script> [1562 bytes]","args":[{"selector":{"id":"shell-header","interaction":{"idSuffix":"icon"}},"wdio_ui5_key":"shellheader"}]}
RESULT: undefined
COMMAND: POST /session/416ca3a003057b96434a2425fa5e92e2/refresh - {}
RESULT: {}
RESULT: {}
COMMAND: GET /session/416ca3a003057b96434a2425fa5e92e2/screenshot - {}
RESULT: {}
COMMAND: POST /session/416ca3a003057b96434a2425fa5e92e2/refresh - {}
RESULT: {}
COMMAND: GET /session/416ca3a003057b96434a2425fa5e92e2/screenshot - {}
RESULT: {}
COMMAND: POST /session/416ca3a003057b96434a2425fa5e92e2/window/fullscreen - {}
RESULT: {}
COMMAND: POST /session/416ca3a003057b96434a2425fa5e92e2/execute/async - {"script":"<script> [189 bytes]","args":[]}
RESULT: {"script":"<script> [189 bytes]","args":[]}
COMMAND: POST /session/416ca3a003057b96434a2425fa5e92e2/execute/async - {"script":"<script> [123 bytes]","args":[]}
RESULT: {"script":"<script> [123 bytes]","args":[]}
COMMAND: POST /session/416ca3a003057b96434a2425fa5e92e2/timeouts - {"script":"<number>"}
RESULT: {"script":"<number>"}
COMMAND: GET /session/416ca3a003057b96434a2425fa5e92e2/timeouts - {}
RESULT: {}
RESULT: undefined
COMMAND: POST /session/416ca3a003057b96434a2425fa5e92e2/execute/async - {"script":"<script> [2676 bytes]","args":[]}
RESULT: {"script":"<script> [2676 bytes]","args":[]}
COMMAND: POST /session/416ca3a003057b96434a2425fa5e92e2/execute/async - {"script":"<script> [2342 bytes]","args":[{"protocol":"http","hostname":"0.0.0.0","path":"/","capabilities":{"browserName":"chrome","goog:chromeOptions":{"binary":"C:\\Program Files\\Google\\Chrome\\Application\\chrome.exe","args":["--start-maximized"]}},"logLevel":"warn","connectionRetryTimeout":120000,"connectionRetryCount":3,"logLevels":{},"enableDirectConnect":true,"strictSSL":true,"_":"65 more keys: [\"cacheDir\",\"port\",\"requestedCapabilities\",\"automationProtocol\",\"baseUrl\",\"waitforInterval\",\"waitforTimeout\",\"onReload\",\"beforeCommand\",\"afterCommand\",\"rootDir\",\"specs\",\"suites\",\"exclude\",\"groupLogsByTestSpec\",\"excludeDriverLogs\",\"bail\",\"framework\",\"reporters\",\"services\",\"maxInstances\",\"maxInstancesPerCapability\",\"injectGlobals\",\"filesToWatch\",\"execArgv\",\"runnerEnv\",\"runner\",\"shard\",\"specFileRetries\",\"specFileRetriesDelay\",\"specFileRetriesDeferred\",\"reporterSyncInterval\",\"reporterSyncTimeout\",\"cucumberFeaturesWithLineNumbers\",\"autoCompileOpts\",\"mochaOpts\",\"jasmineOpts\",\"cucumberOpts\",\"onPrepare\",\"onWorkerStart\",\"onWorkerEnd\",\"before\",\"beforeSession\",\"beforeSuite\",\"beforeHook\",\"beforeTest\",\"afterTest\",\"afterHook\",\"afterSuite\",\"afterSession\",\"after\",\"onComplete\",\"beforeAssertion\",\"afterAssertion\",\"beforeFeature\",\"beforeScenario\",\"beforeStep\",\"afterStep\",\"afterScenario\",\"afterFeature\",\"_\",\"suite\",\"$0\",\"ignoredWorkerServices\",\"wdi5\"]"}]}
RESULT: {"script":"<script> [2342 bytes]","args":[{"protocol":"http","hostname":"0.0.0.0","path":"/","capabilities":{"browserName":"chrome","goog:chromeOptions":{"binary":"C:\\Program Files\\Google\\Chrome\\Application\\chrome.exe","args":["--start-maximized"]}},"logLevel":"warn","connectionRetryTimeout":120000,"connectionRetryCount":3,"logLevels":{},"enableDirectConnect":true,"strictSSL":true,"_":"65 more keys: [\"cacheDir\",\"port\",\"requestedCapabilities\",\"automationProtocol\",\"baseUrl\",\"waitforInterval\",\"waitforTimeout\",\"onReload\",\"beforeCommand\",\"afterCommand\",\"rootDir\",\"specs\",\"suites\",\"exclude\",\"groupLogsByTestSpec\",\"excludeDriverLogs\",\"bail\",\"framework\",\"reporters\",\"services\",\"maxInstances\",\"maxInstancesPerCapability\",\"injectGlobals\",\"filesToWatch\",\"execArgv\",\"runnerEnv\",\"runner\",\"shard\",\"specFileRetries\",\"specFileRetriesDelay\",\"specFileRetriesDeferred\",\"reporterSyncInterval\",\"reporterSyncTimeout\",\"cucumberFeaturesWithLineNumbers\",\"autoCompileOpts\",\"mochaOpts\",\"jasmineOpts\",\"cucumberOpts\",\"onPrepare\",\"onWorkerStart\",\"onWorkerEnd\",\"before\",\"beforeSession\",\"beforeSuite\",\"beforeHook\",\"beforeTest\",\"afterTest\",\"afterHook\",\"afterSuite\",\"afterSession\",\"after\",\"onComplete\",\"beforeAssertion\",\"afterAssertion\",\"beforeFeature\",\"beforeScenario\",\"beforeStep\",\"afterStep\",\"afterScenario\",\"afterFeature\",\"_\",\"suite\",\"$0\",\"ignoredWorkerServices\",\"wdi5\"]"}]}
COMMAND: POST /session/416ca3a003057b96434a2425fa5e92e2/execute/async - {"script":"<script> [21126 bytes]","args":[35000]}
RESULT: {"script":"<script> [21126 bytes]","args":[35000]}
]]></system-out>
    </testcase>
  </testsuite>
  <testsuite timestamp="2025-05-14T17:58:58" time="681.206" tests="12" failures="0" errors="0" skipped="0">
    <properties>
      <property name="specId" value="0" />
      <property name="suiteName" value="Billing transfer US117289" />
      <property name="capabilities" value="chrome.136_0_7103_49.windows" />
      <property name="file" value="file:///D:/a/1/s/test/specs/BTS/billing-transfer.spec.js" />
    </properties>
    <testcase classname="chrome.136_0_7103_49.windows.Billing_transfer_US117289" name="Should create a new yard" time="0.011">
      <system-out><![CDATA[
COMMAND: POST /session/416ca3a003057b96434a2425fa5e92e2/window/fullscreen - {}
RESULT: {}
]]></system-out>
    </testcase>
    <testcase classname="chrome.136_0_7103_49.windows.Billing_transfer_US117289" name="Should create a new partner" time="0.003" />
    <testcase classname="chrome.136_0_7103_49.windows.Billing_transfer_US117289" name="Should create a new site" time="0.003" />
    <testcase classname="chrome.136_0_7103_49.windows.Billing_transfer_US117289" name="Should create a new equipment" time="128.54">
      <system-out><![CDATA[
COMMAND: POST /session/416ca3a003057b96434a2425fa5e92e2/execute/async - {"script":"<script> [1562 bytes]","args":[{"selector":{"controlType":"sap.m.GenericTile","properties":{"header":"Manage Resources"}},"wdio_ui5_key":"sapm.GenericTile{\"header\":\"Manage Resources\"}"}]}
RESULT: {"script":"<script> [1562 bytes]","args":[{"selector":{"controlType":"sap.m.GenericTile","properties":{"header":"Manage Resources"}},"wdio_ui5_key":"sapm.GenericTile{\"header\":\"Manage Resources\"}"}]}
RESULT: undefined
COMMAND: POST /session/416ca3a003057b96434a2425fa5e92e2/element - {"using":"xpath","value":"//*[@id=\"__tile39\"]"}
RESULT: {"using":"xpath","value":"//*[@id=\"__tile39\"]"}
COMMAND: POST /session/416ca3a003057b96434a2425fa5e92e2/element/f.E04F53A89B741A5C45B2DD6DE3A1F810.d.9226494FC8FD8424D8722E42A8B8319A.e.13017/click - {}
RESULT: {}
COMMAND: GET /session/416ca3a003057b96434a2425fa5e92e2/screenshot - {}
RESULT: {}
COMMAND: POST /session/416ca3a003057b96434a2425fa5e92e2/elements - {"using":"xpath","value":"//span[text()='Error']"}
RESULT: {"using":"xpath","value":"//span[text()='Error']"}
COMMAND: POST /session/416ca3a003057b96434a2425fa5e92e2/element - {"using":"xpath","value":"//button[@data-kt=\"addNewRUOverflowToolbarButton\"]"}
RESULT: {"using":"xpath","value":"//button[@data-kt=\"addNewRUOverflowToolbarButton\"]"}
COMMAND: POST /session/416ca3a003057b96434a2425fa5e92e2/elements - {"using":"xpath","value":"//button[@data-kt=\"addNewRUOverflowToolbarButton\"]"}
RESULT: {"using":"xpath","value":"//button[@data-kt=\"addNewRUOverflowToolbarButton\"]"}
COMMAND: POST /session/416ca3a003057b96434a2425fa5e92e2/execute/sync - {"script":"<script> [8489 bytes]","args":[{"element-6066-11e4-a52e-4f735466cecf":"f.E04F53A89B741A5C45B2DD6DE3A1F810.d.9226494FC8FD8424D8722E42A8B8319A.e.13158","ELEMENT":"f.E04F53A89B741A5C45B2DD6DE3A1F810.d.9226494FC8FD8424D8722E42A8B8319A.e.13158"}]}
RESULT: {"script":"<script> [8489 bytes]","args":[{"element-6066-11e4-a52e-4f735466cecf":"f.E04F53A89B741A5C45B2DD6DE3A1F810.d.9226494FC8FD8424D8722E42A8B8319A.e.13158","ELEMENT":"f.E04F53A89B741A5C45B2DD6DE3A1F810.d.9226494FC8FD8424D8722E42A8B8319A.e.13158"}]}
COMMAND: GET /session/416ca3a003057b96434a2425fa5e92e2/element/f.E04F53A89B741A5C45B2DD6DE3A1F810.d.9226494FC8FD8424D8722E42A8B8319A.e.13158/enabled - {}
COMMAND: GET /session/416ca3a003057b96434a2425fa5e92e2/screenshot - {}
RESULT: {}
COMMAND: POST /session/416ca3a003057b96434a2425fa5e92e2/execute/sync - {"script":"<script> [8489 bytes]","args":[{"element-6066-11e4-a52e-4f735466cecf":"f.E04F53A89B741A5C45B2DD6DE3A1F810.d.9226494FC8FD8424D8722E42A8B8319A.e.13158","ELEMENT":"f.E04F53A89B741A5C45B2DD6DE3A1F810.d.9226494FC8FD8424D8722E42A8B8319A.e.13158"}]}
COMMAND: GET /session/416ca3a003057b96434a2425fa5e92e2/screenshot - {}
RESULT: {}
RESULT: {}
RESULT: {"script":"<script> [8489 bytes]","args":[{"element-6066-11e4-a52e-4f735466cecf":"f.E04F53A89B741A5C45B2DD6DE3A1F810.d.9226494FC8FD8424D8722E42A8B8319A.e.13158","ELEMENT":"f.E04F53A89B741A5C45B2DD6DE3A1F810.d.9226494FC8FD8424D8722E42A8B8319A.e.13158"}]}
COMMAND: POST /session/416ca3a003057b96434a2425fa5e92e2/execute/sync - {"script":"<script> [5351 bytes]","args":[{"element-6066-11e4-a52e-4f735466cecf":"f.E04F53A89B741A5C45B2DD6DE3A1F810.d.9226494FC8FD8424D8722E42A8B8319A.e.13158","ELEMENT":"f.E04F53A89B741A5C45B2DD6DE3A1F810.d.9226494FC8FD8424D8722E42A8B8319A.e.13158"}]}
COMMAND: GET /session/416ca3a003057b96434a2425fa5e92e2/screenshot - {}
RESULT: {}
RESULT: {"script":"<script> [5351 bytes]","args":[{"element-6066-11e4-a52e-4f735466cecf":"f.E04F53A89B741A5C45B2DD6DE3A1F810.d.9226494FC8FD8424D8722E42A8B8319A.e.13158","ELEMENT":"f.E04F53A89B741A5C45B2DD6DE3A1F810.d.9226494FC8FD8424D8722E42A8B8319A.e.13158"}]}
COMMAND: POST /session/416ca3a003057b96434a2425fa5e92e2/element/f.E04F53A89B741A5C45B2DD6DE3A1F810.d.9226494FC8FD8424D8722E42A8B8319A.e.13158/click - {}
COMMAND: GET /session/416ca3a003057b96434a2425fa5e92e2/screenshot - {}
RESULT: {}
COMMAND: GET /session/416ca3a003057b96434a2425fa5e92e2/screenshot - {}
RESULT: {}
COMMAND: POST /session/416ca3a003057b96434a2425fa5e92e2/execute/async - {"script":"<script> [1562 bytes]","args":[{"selector":{"id":"application-manageresources-display-component---newResourceUnit--TYPE-arrow"},"wdio_ui5_key":"applicationmanageresources-display-component---newResourceUnit--TYPE-arrow"}]}
RESULT: {}
RESULT: {"script":"<script> [1562 bytes]","args":[{"selector":{"id":"application-manageresources-display-component---newResourceUnit--TYPE-arrow"},"wdio_ui5_key":"applicationmanageresources-display-component---newResourceUnit--TYPE-arrow"}]}
RESULT: undefined
COMMAND: POST /session/416ca3a003057b96434a2425fa5e92e2/element - {"using":"xpath","value":"//*[@id=\"application-manageresources-display-component---newResourceUnit--TYPE-arrow\"]"}
RESULT: {"using":"xpath","value":"//*[@id=\"application-manageresources-display-component---newResourceUnit--TYPE-arrow\"]"}
COMMAND: POST /session/416ca3a003057b96434a2425fa5e92e2/element/f.E04F53A89B741A5C45B2DD6DE3A1F810.d.9226494FC8FD8424D8722E42A8B8319A.e.13508/click - {}
RESULT: {}
COMMAND: POST /session/416ca3a003057b96434a2425fa5e92e2/element - {"using":"xpath","value":"//input[@id=\"application-manageresources-display-component---newResourceUnit--TYPE-inner\"]"}
COMMAND: GET /session/416ca3a003057b96434a2425fa5e92e2/screenshot - {}
RESULT: {"using":"xpath","value":"//input[@id=\"application-manageresources-display-component---newResourceUnit--TYPE-inner\"]"}
COMMAND: POST /session/416ca3a003057b96434a2425fa5e92e2/element/f.E04F53A89B741A5C45B2DD6DE3A1F810.d.9226494FC8FD8424D8722E42A8B8319A.e.13499/clear - {}
RESULT: {}
RESULT: {}
COMMAND: POST /session/416ca3a003057b96434a2425fa5e92e2/element/f.E04F53A89B741A5C45B2DD6DE3A1F810.d.9226494FC8FD8424D8722E42A8B8319A.e.13499/value - {"text":"Equipment"}
COMMAND: GET /session/416ca3a003057b96434a2425fa5e92e2/screenshot - {}
RESULT: {"text":"Equipment"}
COMMAND: GET /session/416ca3a003057b96434a2425fa5e92e2/screenshot - {}
RESULT: {}
RESULT: {}
COMMAND: POST /session/416ca3a003057b96434a2425fa5e92e2/actions - {"actions":[{"id":"action46","type":"key","parameters":{},"actions":[{"type":"keyDown","value":"î€‡"},{"type":"pause","duration":10},{"type":"keyUp","value":"î€‡"}]}]}
RESULT: {"actions":[{"id":"action46","type":"key","parameters":{},"actions":[{"type":"keyDown","value":"î€‡"},{"type":"pause","duration":10},{"type":"keyUp","value":"î€‡"}]}]}
COMMAND: POST /session/416ca3a003057b96434a2425fa5e92e2/execute/async - {"script":"<script> [1562 bytes]","args":[{"selector":{"id":"application-manageresources-display-component---newResourceUnit--resourceId","interaction":{"idSuffix":"inner"}},"wdio_ui5_key":"applicationmanageresources-display-component---newResourceUnit--resourceId"}]}
COMMAND: GET /session/416ca3a003057b96434a2425fa5e92e2/screenshot - {}
RESULT: {"script":"<script> [1562 bytes]","args":[{"selector":{"id":"application-manageresources-display-component---newResourceUnit--resourceId","interaction":{"idSuffix":"inner"}},"wdio_ui5_key":"applicationmanageresources-display-component---newResourceUnit--resourceId"}]}
RESULT: undefined
COMMAND: POST /session/416ca3a003057b96434a2425fa5e92e2/execute/async - {"script":"<script> [776 bytes]","args":[{"enterText":"5rb5Rf2OkM","selector":{"id":"application-manageresources-display-component---newResourceUnit--resourceId","interaction":{"idSuffix":"inner"}},"clearTextFirst":true,"interactionType":"ENTER_TEXT"}]}
RESULT: {}
RESULT: {"script":"<script> [776 bytes]","args":[{"enterText":"5rb5Rf2OkM","selector":{"id":"application-manageresources-display-component---newResourceUnit--resourceId","interaction":{"idSuffix":"inner"}},"clearTextFirst":true,"interactionType":"ENTER_TEXT"}]}
COMMAND: POST /session/416ca3a003057b96434a2425fa5e92e2/execute/async - {"script":"<script> [1562 bytes]","args":[{"selector":{"id":"application-manageresources-display-component---newResourceUnit--SHORT_TEXT","interaction":{"idSuffix":"inner"}},"wdio_ui5_key":"applicationmanageresources-display-component---newResourceUnit--SHORT_TEXT"}]}
RESULT: {"script":"<script> [1562 bytes]","args":[{"selector":{"id":"application-manageresources-display-component---newResourceUnit--SHORT_TEXT","interaction":{"idSuffix":"inner"}},"wdio_ui5_key":"applicationmanageresources-display-component---newResourceUnit--SHORT_TEXT"}]}
RESULT: undefined
COMMAND: POST /session/416ca3a003057b96434a2425fa5e92e2/execute/async - {"script":"<script> [776 bytes]","args":[{"enterText":"Intercompany Equipment WDIO","selector":{"id":"application-manageresources-display-component---newResourceUnit--SHORT_TEXT","interaction":{"idSuffix":"inner"}},"clearTextFirst":true,"interactionType":"ENTER_TEXT"}]}
RESULT: {"script":"<script> [776 bytes]","args":[{"enterText":"Intercompany Equipment WDIO","selector":{"id":"application-manageresources-display-component---newResourceUnit--SHORT_TEXT","interaction":{"idSuffix":"inner"}},"clearTextFirst":true,"interactionType":"ENTER_TEXT"}]}
COMMAND: POST /session/416ca3a003057b96434a2425fa5e92e2/execute/async - {"script":"<script> [1562 bytes]","args":[{"selector":{"id":"application-manageresources-display-component---newResourceUnit--BASE_UNIT_OF_MEASURE","interaction":{"idSuffix":"inner"}},"wdio_ui5_key":"applicationmanageresources-display-component---newResourceUnit--BASE_UNIT_OF_MEASURE"}]}
RESULT: {"script":"<script> [1562 bytes]","args":[{"selector":{"id":"application-manageresources-display-component---newResourceUnit--BASE_UNIT_OF_MEASURE","interaction":{"idSuffix":"inner"}},"wdio_ui5_key":"applicationmanageresources-display-component---newResourceUnit--BASE_UNIT_OF_MEASURE"}]}
RESULT: undefined
COMMAND: POST /session/416ca3a003057b96434a2425fa5e92e2/execute/async - {"script":"<script> [776 bytes]","args":[{"enterText":"Piece","selector":{"id":"application-manageresources-display-component---newResourceUnit--BASE_UNIT_OF_MEASURE","interaction":{"idSuffix":"inner"}},"clearTextFirst":true,"interactionType":"ENTER_TEXT"}]}
RESULT: {"script":"<script> [776 bytes]","args":[{"enterText":"Piece","selector":{"id":"application-manageresources-display-component---newResourceUnit--BASE_UNIT_OF_MEASURE","interaction":{"idSuffix":"inner"}},"clearTextFirst":true,"interactionType":"ENTER_TEXT"}]}
COMMAND: POST /session/416ca3a003057b96434a2425fa5e92e2/execute/async - {"script":"<script> [1562 bytes]","args":[{"selector":{"id":"application-manageresources-display-component---newResourceUnit--WEIGHT_UNIT","interaction":{"idSuffix":"inner"}},"wdio_ui5_key":"applicationmanageresources-display-component---newResourceUnit--WEIGHT_UNIT"}]}
RESULT: {"script":"<script> [1562 bytes]","args":[{"selector":{"id":"application-manageresources-display-component---newResourceUnit--WEIGHT_UNIT","interaction":{"idSuffix":"inner"}},"wdio_ui5_key":"applicationmanageresources-display-component---newResourceUnit--WEIGHT_UNIT"}]}
RESULT: undefined
COMMAND: POST /session/416ca3a003057b96434a2425fa5e92e2/execute/async - {"script":"<script> [776 bytes]","args":[{"enterText":"Gram","selector":{"id":"application-manageresources-display-component---newResourceUnit--WEIGHT_UNIT","interaction":{"idSuffix":"inner"}},"clearTextFirst":true,"interactionType":"ENTER_TEXT"}]}
RESULT: {"script":"<script> [776 bytes]","args":[{"enterText":"Gram","selector":{"id":"application-manageresources-display-component---newResourceUnit--WEIGHT_UNIT","interaction":{"idSuffix":"inner"}},"clearTextFirst":true,"interactionType":"ENTER_TEXT"}]}
COMMAND: POST /session/416ca3a003057b96434a2425fa5e92e2/execute/async - {"script":"<script> [1562 bytes]","args":[{"selector":{"id":"application-manageresources-display-component---newResourceUnit--DIMENSION_UNIT","interaction":{"idSuffix":"inner"}},"wdio_ui5_key":"applicationmanageresources-display-component---newResourceUnit--DIMENSION_UNIT"}]}
RESULT: {"script":"<script> [1562 bytes]","args":[{"selector":{"id":"application-manageresources-display-component---newResourceUnit--DIMENSION_UNIT","interaction":{"idSuffix":"inner"}},"wdio_ui5_key":"applicationmanageresources-display-component---newResourceUnit--DIMENSION_UNIT"}]}
RESULT: undefined
COMMAND: POST /session/416ca3a003057b96434a2425fa5e92e2/execute/async - {"script":"<script> [776 bytes]","args":[{"enterText":"Meter","selector":{"id":"application-manageresources-display-component---newResourceUnit--DIMENSION_UNIT","interaction":{"idSuffix":"inner"}},"clearTextFirst":true,"interactionType":"ENTER_TEXT"}]}
RESULT: {"script":"<script> [776 bytes]","args":[{"enterText":"Meter","selector":{"id":"application-manageresources-display-component---newResourceUnit--DIMENSION_UNIT","interaction":{"idSuffix":"inner"}},"clearTextFirst":true,"interactionType":"ENTER_TEXT"}]}
COMMAND: POST /session/416ca3a003057b96434a2425fa5e92e2/execute/async - {"script":"<script> [1562 bytes]","args":[{"selector":{"id":"application-manageresources-display-component---newResourceUnit--newRRUPage-anchBar-application-manageresources-display-component---newResourceUnit--control-anchor","interaction":{"idSuffix":"BDI-content"}},"wdio_ui5_key":"applicationmanageresources-display-component---newResourceUnit--newRRUPage-anchBar-application-manageresources-display-component---newResourceUnit--control-anchor"}]}
RESULT: {"script":"<script> [1562 bytes]","args":[{"selector":{"id":"application-manageresources-display-component---newResourceUnit--newRRUPage-anchBar-application-manageresources-display-component---newResourceUnit--control-anchor","interaction":{"idSuffix":"BDI-content"}},"wdio_ui5_key":"applicationmanageresources-display-component---newResourceUnit--newRRUPage-anchBar-application-manageresources-display-component---newResourceUnit--control-anchor"}]}
RESULT: undefined
COMMAND: POST /session/416ca3a003057b96434a2425fa5e92e2/element - {"using":"xpath","value":"//*[@id=\"application-manageresources-display-component---newResourceUnit--newRRUPage-anchBar-application-manageresources-display-component---newResourceUnit--control-anchor\"]"}
RESULT: {"using":"xpath","value":"//*[@id=\"application-manageresources-display-component---newResourceUnit--newRRUPage-anchBar-application-manageresources-display-component---newResourceUnit--control-anchor\"]"}
COMMAND: POST /session/416ca3a003057b96434a2425fa5e92e2/element/f.E04F53A89B741A5C45B2DD6DE3A1F810.d.9226494FC8FD8424D8722E42A8B8319A.e.13639/click - {}
RESULT: {}
COMMAND: POST /session/416ca3a003057b96434a2425fa5e92e2/execute/async - {"script":"<script> [1562 bytes]","args":[{"selector":{"id":"application-manageresources-display-component---newResourceUnit--PLANNING_GROUP","interaction":{"idSuffix":"inner"}},"wdio_ui5_key":"applicationmanageresources-display-component---newResourceUnit--PLANNING_GROUP"}]}
COMMAND: GET /session/416ca3a003057b96434a2425fa5e92e2/screenshot - {}
RESULT: {"script":"<script> [1562 bytes]","args":[{"selector":{"id":"application-manageresources-display-component---newResourceUnit--PLANNING_GROUP","interaction":{"idSuffix":"inner"}},"wdio_ui5_key":"applicationmanageresources-display-component---newResourceUnit--PLANNING_GROUP"}]}
RESULT: undefined
COMMAND: POST /session/416ca3a003057b96434a2425fa5e92e2/execute/async - {"script":"<script> [776 bytes]","args":[{"enterText":"Heavy Equi","selector":{"id":"application-manageresources-display-component---newResourceUnit--PLANNING_GROUP","interaction":{"idSuffix":"inner"}},"clearTextFirst":true,"interactionType":"ENTER_TEXT"}]}
RESULT: {}
RESULT: {"script":"<script> [776 bytes]","args":[{"enterText":"Heavy Equi","selector":{"id":"application-manageresources-display-component---newResourceUnit--PLANNING_GROUP","interaction":{"idSuffix":"inner"}},"clearTextFirst":true,"interactionType":"ENTER_TEXT"}]}
COMMAND: POST /session/416ca3a003057b96434a2425fa5e92e2/execute/async - {"script":"<script> [1562 bytes]","args":[{"selector":{"id":"application-manageresources-display-component---newResourceUnit--ITEM_TYPE-arrow"},"wdio_ui5_key":"applicationmanageresources-display-component---newResourceUnit--ITEM_TYPE-arrow"}]}
RESULT: {"script":"<script> [1562 bytes]","args":[{"selector":{"id":"application-manageresources-display-component---newResourceUnit--ITEM_TYPE-arrow"},"wdio_ui5_key":"applicationmanageresources-display-component---newResourceUnit--ITEM_TYPE-arrow"}]}
RESULT: undefined
COMMAND: POST /session/416ca3a003057b96434a2425fa5e92e2/element - {"using":"xpath","value":"//*[@id=\"application-manageresources-display-component---newResourceUnit--ITEM_TYPE-arrow\"]"}
RESULT: {"using":"xpath","value":"//*[@id=\"application-manageresources-display-component---newResourceUnit--ITEM_TYPE-arrow\"]"}
COMMAND: POST /session/416ca3a003057b96434a2425fa5e92e2/element/f.E04F53A89B741A5C45B2DD6DE3A1F810.d.9226494FC8FD8424D8722E42A8B8319A.e.13648/click - {}
RESULT: {}
COMMAND: POST /session/416ca3a003057b96434a2425fa5e92e2/element - {"using":"xpath","value":"(//span[contains(text(), \"Resource Unit\")])[2]"}
COMMAND: GET /session/416ca3a003057b96434a2425fa5e92e2/screenshot - {}
RESULT: {"using":"xpath","value":"(//span[contains(text(), \"Resource Unit\")])[2]"}
COMMAND: POST /session/416ca3a003057b96434a2425fa5e92e2/element/f.E04F53A89B741A5C45B2DD6DE3A1F810.d.9226494FC8FD8424D8722E42A8B8319A.e.13649/click - {}
RESULT: {}
RESULT: {}
COMMAND: GET /session/416ca3a003057b96434a2425fa5e92e2/screenshot - {}
RESULT: {}
COMMAND: POST /session/416ca3a003057b96434a2425fa5e92e2/element - {"using":"css selector","value":"#application-manageresources-display-component---newResourceUnit--btnAddTimeSegment"}
RESULT: {"using":"css selector","value":"#application-manageresources-display-component---newResourceUnit--btnAddTimeSegment"}
COMMAND: GET /session/416ca3a003057b96434a2425fa5e92e2/element/f.E04F53A89B741A5C45B2DD6DE3A1F810.d.9226494FC8FD8424D8722E42A8B8319A.e.13650/rect - {}
RESULT: {}
COMMAND: GET /session/416ca3a003057b96434a2425fa5e92e2/window/rect - {}
RESULT: {}
COMMAND: POST /session/416ca3a003057b96434a2425fa5e92e2/execute/sync - {"script":"<script> [92 bytes]","args":[]}
RESULT: {"script":"<script> [92 bytes]","args":[]}
COMMAND: POST /session/416ca3a003057b96434a2425fa5e92e2/actions - {"actions":[{"id":"action47","type":"wheel","parameters":{},"actions":[{"type":"scroll","x":-1888,"y":-32,"deltaX":0,"deltaY":0,"duration":0,"origin":{"element-6066-11e4-a52e-4f735466cecf":"f.E04F53A89B741A5C45B2DD6DE3A1F810.d.9226494FC8FD8424D8722E42A8B8319A.e.13650"}}]}]}
COMMAND: POST /session/416ca3a003057b96434a2425fa5e92e2/execute/sync - {"script":"<script> [79 bytes]","args":[{"element-6066-11e4-a52e-4f735466cecf":"f.E04F53A89B741A5C45B2DD6DE3A1F810.d.9226494FC8FD8424D8722E42A8B8319A.e.13650","ELEMENT":"f.E04F53A89B741A5C45B2DD6DE3A1F810.d.9226494FC8FD8424D8722E42A8B8319A.e.13650"},{"block":"start","inline":"nearest"}]}
RESULT: {"script":"<script> [79 bytes]","args":[{"element-6066-11e4-a52e-4f735466cecf":"f.E04F53A89B741A5C45B2DD6DE3A1F810.d.9226494FC8FD8424D8722E42A8B8319A.e.13650","ELEMENT":"f.E04F53A89B741A5C45B2DD6DE3A1F810.d.9226494FC8FD8424D8722E42A8B8319A.e.13650"},{"block":"start","inline":"nearest"}]}
COMMAND: POST /session/416ca3a003057b96434a2425fa5e92e2/execute/async - {"script":"<script> [1562 bytes]","args":[{"selector":{"id":"application-manageresources-display-component---newResourceUnit--btnAddTimeSegment","interaction":{"idSuffix":"inner"}},"wdio_ui5_key":"applicationmanageresources-display-component---newResourceUnit--btnAddTimeSegment"}]}
COMMAND: GET /session/416ca3a003057b96434a2425fa5e92e2/screenshot - {}
COMMAND: GET /session/416ca3a003057b96434a2425fa5e92e2/screenshot - {}
RESULT: {"script":"<script> [1562 bytes]","args":[{"selector":{"id":"application-manageresources-display-component---newResourceUnit--btnAddTimeSegment","interaction":{"idSuffix":"inner"}},"wdio_ui5_key":"applicationmanageresources-display-component---newResourceUnit--btnAddTimeSegment"}]}
RESULT: undefined
COMMAND: POST /session/416ca3a003057b96434a2425fa5e92e2/element - {"using":"xpath","value":"//*[@id=\"application-manageresources-display-component---newResourceUnit--btnAddTimeSegment\"]"}
RESULT: {}
RESULT: {}
RESULT: {"using":"xpath","value":"//*[@id=\"application-manageresources-display-component---newResourceUnit--btnAddTimeSegment\"]"}
COMMAND: POST /session/416ca3a003057b96434a2425fa5e92e2/element/f.E04F53A89B741A5C45B2DD6DE3A1F810.d.9226494FC8FD8424D8722E42A8B8319A.e.13650/click - {}
RESULT: {}
COMMAND: GET /session/416ca3a003057b96434a2425fa5e92e2/screenshot - {}
RESULT: {}
COMMAND: POST /session/416ca3a003057b96434a2425fa5e92e2/element - {"using":"xpath","value":"//input[@id=\"application-manageresources-display-component---newResourceUnit--idRuTSAdmin-application-manageresources-display-component---newResourceUnit--RUTimeSegment-0-inner\"]"}
RESULT: {"using":"xpath","value":"//input[@id=\"application-manageresources-display-component---newResourceUnit--idRuTSAdmin-application-manageresources-display-component---newResourceUnit--RUTimeSegment-0-inner\"]"}
COMMAND: POST /session/416ca3a003057b96434a2425fa5e92e2/element/f.E04F53A89B741A5C45B2DD6DE3A1F810.d.9226494FC8FD8424D8722E42A8B8319A.e.13656/clear - {}
RESULT: {}
COMMAND: POST /session/416ca3a003057b96434a2425fa5e92e2/element/f.E04F53A89B741A5C45B2DD6DE3A1F810.d.9226494FC8FD8424D8722E42A8B8319A.e.13656/value - {"text":"369"}
COMMAND: GET /session/416ca3a003057b96434a2425fa5e92e2/screenshot - {}
RESULT: {"text":"369"}
COMMAND: GET /session/416ca3a003057b96434a2425fa5e92e2/screenshot - {}
RESULT: {}
RESULT: {}
COMMAND: POST /session/416ca3a003057b96434a2425fa5e92e2/element - {"using":"xpath","value":"//li[.//span[text()='369']]"}
RESULT: {"using":"xpath","value":"//li[.//span[text()='369']]"}
COMMAND: POST /session/416ca3a003057b96434a2425fa5e92e2/element/f.E04F53A89B741A5C45B2DD6DE3A1F810.d.9226494FC8FD8424D8722E42A8B8319A.e.13667/click - {}
RESULT: {}
COMMAND: GET /session/416ca3a003057b96434a2425fa5e92e2/screenshot - {}
RESULT: {}
COMMAND: POST /session/416ca3a003057b96434a2425fa5e92e2/element - {"using":"xpath","value":"(//span[contains(@id, \"-application-manageresources-display-component---newResourceUnit--RUTimeSegment-0-arrow\")])[6]"}
RESULT: {"using":"xpath","value":"(//span[contains(@id, \"-application-manageresources-display-component---newResourceUnit--RUTimeSegment-0-arrow\")])[6]"}
COMMAND: POST /session/416ca3a003057b96434a2425fa5e92e2/element/f.E04F53A89B741A5C45B2DD6DE3A1F810.d.9226494FC8FD8424D8722E42A8B8319A.e.13668/click - {}
RESULT: {}
COMMAND: GET /session/416ca3a003057b96434a2425fa5e92e2/screenshot - {}
RESULT: {}
COMMAND: POST /session/416ca3a003057b96434a2425fa5e92e2/element - {"using":"xpath","value":"//span[contains(text(), \"PM Order\")]"}
RESULT: {"using":"xpath","value":"//span[contains(text(), \"PM Order\")]"}
COMMAND: POST /session/416ca3a003057b96434a2425fa5e92e2/element/f.E04F53A89B741A5C45B2DD6DE3A1F810.d.9226494FC8FD8424D8722E42A8B8319A.e.13671/click - {}
RESULT: {}
COMMAND: GET /session/416ca3a003057b96434a2425fa5e92e2/screenshot - {}
RESULT: {}
COMMAND: POST /session/416ca3a003057b96434a2425fa5e92e2/element - {"using":"xpath","value":"(//span[contains(@id ,\"manageresources-display-component---newResourceUnit--RUTimeSegment-0-vhi\")])[1]"}
RESULT: {"using":"xpath","value":"(//span[contains(@id ,\"manageresources-display-component---newResourceUnit--RUTimeSegment-0-vhi\")])[1]"}
COMMAND: GET /session/416ca3a003057b96434a2425fa5e92e2/element/f.E04F53A89B741A5C45B2DD6DE3A1F810.d.9226494FC8FD8424D8722E42A8B8319A.e.13675/rect - {}
RESULT: {}
COMMAND: GET /session/416ca3a003057b96434a2425fa5e92e2/window/rect - {}
RESULT: {}
COMMAND: POST /session/416ca3a003057b96434a2425fa5e92e2/execute/sync - {"script":"<script> [92 bytes]","args":[]}
RESULT: {"script":"<script> [92 bytes]","args":[]}
COMMAND: POST /session/416ca3a003057b96434a2425fa5e92e2/actions - {"actions":[{"id":"action48","type":"wheel","parameters":{},"actions":[{"type":"scroll","x":-869,"y":-24,"deltaX":0,"deltaY":0,"duration":0,"origin":{"element-6066-11e4-a52e-4f735466cecf":"f.E04F53A89B741A5C45B2DD6DE3A1F810.d.9226494FC8FD8424D8722E42A8B8319A.e.13675"}}]}]}
COMMAND: GET /session/416ca3a003057b96434a2425fa5e92e2/screenshot - {}
RESULT: {"actions":[{"id":"action48","type":"wheel","parameters":{},"actions":[{"type":"scroll","x":-869,"y":-24,"deltaX":0,"deltaY":0,"duration":0,"origin":{"element-6066-11e4-a52e-4f735466cecf":"f.E04F53A89B741A5C45B2DD6DE3A1F810.d.9226494FC8FD8424D8722E42A8B8319A.e.13675"}}]}]}
COMMAND: DELETE /session/416ca3a003057b96434a2425fa5e92e2/actions - {}
COMMAND: GET /session/416ca3a003057b96434a2425fa5e92e2/screenshot - {}
RESULT: {}
RESULT: {}
COMMAND: GET /session/416ca3a003057b96434a2425fa5e92e2/screenshot - {}
RESULT: {}
RESULT: {}
COMMAND: POST /session/416ca3a003057b96434a2425fa5e92e2/element/f.E04F53A89B741A5C45B2DD6DE3A1F810.d.9226494FC8FD8424D8722E42A8B8319A.e.13675/click - {}
RESULT: {}
COMMAND: GET /session/416ca3a003057b96434a2425fa5e92e2/screenshot - {}
RESULT: {}
COMMAND: POST /session/416ca3a003057b96434a2425fa5e92e2/execute/async - {"script":"<script> [1562 bytes]","args":[{"selector":{"controlType":"sap.m.SearchField","properties":{"placeholder":"Search"},"searchOpenDialogs":true,"interaction":{"idSuffix":"I"}},"wdio_ui5_key":"sapm.SearchField{\"placeholder\":\"Search\"}"}]}
RESULT: {"script":"<script> [1562 bytes]","args":[{"selector":{"controlType":"sap.m.SearchField","properties":{"placeholder":"Search"},"searchOpenDialogs":true,"interaction":{"idSuffix":"I"}},"wdio_ui5_key":"sapm.SearchField{\"placeholder\":\"Search\"}"}]}
RESULT: undefined
COMMAND: POST /session/416ca3a003057b96434a2425fa5e92e2/execute/async - {"script":"<script> [776 bytes]","args":[{"enterText":"4000360","selector":{"controlType":"sap.m.SearchField","properties":{"placeholder":"Search"},"searchOpenDialogs":true,"interaction":{"idSuffix":"I"}},"clearTextFirst":true,"interactionType":"ENTER_TEXT"}]}
RESULT: {"script":"<script> [776 bytes]","args":[{"enterText":"4000360","selector":{"controlType":"sap.m.SearchField","properties":{"placeholder":"Search"},"searchOpenDialogs":true,"interaction":{"idSuffix":"I"}},"clearTextFirst":true,"interactionType":"ENTER_TEXT"}]}
COMMAND: POST /session/416ca3a003057b96434a2425fa5e92e2/actions - {"actions":[{"id":"action49","type":"key","parameters":{},"actions":[{"type":"keyDown","value":"î€‡"},{"type":"pause","duration":10},{"type":"keyUp","value":"î€‡"}]}]}
RESULT: {"actions":[{"id":"action49","type":"key","parameters":{},"actions":[{"type":"keyDown","value":"î€‡"},{"type":"pause","duration":10},{"type":"keyUp","value":"î€‡"}]}]}
COMMAND: GET /session/416ca3a003057b96434a2425fa5e92e2/screenshot - {}
RESULT: {}
COMMAND: POST /session/416ca3a003057b96434a2425fa5e92e2/element - {"using":"xpath","value":"//td/div/span[contains(text(), \"BGL Vehicles\")]"}
RESULT: {"using":"xpath","value":"//td/div/span[contains(text(), \"BGL Vehicles\")]"}
COMMAND: POST /session/416ca3a003057b96434a2425fa5e92e2/element/f.E04F53A89B741A5C45B2DD6DE3A1F810.d.9226494FC8FD8424D8722E42A8B8319A.e.13696/click - {}
RESULT: {}
COMMAND: GET /session/416ca3a003057b96434a2425fa5e92e2/screenshot - {}
RESULT: {}
COMMAND: POST /session/416ca3a003057b96434a2425fa5e92e2/element - {"using":"xpath","value":"//bdi[contains(text(), \"OK\")]"}
RESULT: {"using":"xpath","value":"//bdi[contains(text(), \"OK\")]"}
COMMAND: POST /session/416ca3a003057b96434a2425fa5e92e2/element/f.E04F53A89B741A5C45B2DD6DE3A1F810.d.9226494FC8FD8424D8722E42A8B8319A.e.13697/click - {}
RESULT: {}
COMMAND: GET /session/416ca3a003057b96434a2425fa5e92e2/screenshot - {}
RESULT: {}
COMMAND: POST /session/416ca3a003057b96434a2425fa5e92e2/execute/async - {"script":"<script> [1562 bytes]","args":[{"selector":{"id":"application-manageresources-display-component---newResourceUnit--newRRUPage-anchBar-application-manageresources-display-component---newResourceUnit--resource-anchor","interaction":{"idSuffix":"BDI-content"}},"wdio_ui5_key":"applicationmanageresources-display-component---newResourceUnit--newRRUPage-anchBar-application-manageresources-display-component---newResourceUnit--resource-anchor"}]}
RESULT: {"script":"<script> [1562 bytes]","args":[{"selector":{"id":"application-manageresources-display-component---newResourceUnit--newRRUPage-anchBar-application-manageresources-display-component---newResourceUnit--resource-anchor","interaction":{"idSuffix":"BDI-content"}},"wdio_ui5_key":"applicationmanageresources-display-component---newResourceUnit--newRRUPage-anchBar-application-manageresources-display-component---newResourceUnit--resource-anchor"}]}
RESULT: undefined
COMMAND: POST /session/416ca3a003057b96434a2425fa5e92e2/element - {"using":"xpath","value":"//*[@id=\"application-manageresources-display-component---newResourceUnit--newRRUPage-anchBar-application-manageresources-display-component---newResourceUnit--resource-anchor\"]"}
RESULT: {"using":"xpath","value":"//*[@id=\"application-manageresources-display-component---newResourceUnit--newRRUPage-anchBar-application-manageresources-display-component---newResourceUnit--resource-anchor\"]"}
COMMAND: POST /session/416ca3a003057b96434a2425fa5e92e2/element/f.E04F53A89B741A5C45B2DD6DE3A1F810.d.9226494FC8FD8424D8722E42A8B8319A.e.13701/click - {}
RESULT: {}
COMMAND: POST /session/416ca3a003057b96434a2425fa5e92e2/execute/async - {"script":"<script> [1562 bytes]","args":[{"selector":{"id":"application-manageresources-display-component---newResourceUnit--PLANNED_DELIVERY_DATE","interaction":{"idSuffix":"inner"}},"wdio_ui5_key":"applicationmanageresources-display-component---newResourceUnit--PLANNED_DELIVERY_DATE"}]}
COMMAND: GET /session/416ca3a003057b96434a2425fa5e92e2/screenshot - {}
RESULT: {"script":"<script> [1562 bytes]","args":[{"selector":{"id":"application-manageresources-display-component---newResourceUnit--PLANNED_DELIVERY_DATE","interaction":{"idSuffix":"inner"}},"wdio_ui5_key":"applicationmanageresources-display-component---newResourceUnit--PLANNED_DELIVERY_DATE"}]}
RESULT: undefined
COMMAND: POST /session/416ca3a003057b96434a2425fa5e92e2/execute/async - {"script":"<script> [6424 bytes]","args":[{"element-6066-11e4-a52e-4f735466cecf":"f.E04F53A89B741A5C45B2DD6DE3A1F810.d.9226494FC8FD8424D8722E42A8B8319A.e.13564"},"setValue",["5/14/25"]]}
RESULT: {}
RESULT: {"script":"<script> [6424 bytes]","args":[{"element-6066-11e4-a52e-4f735466cecf":"f.E04F53A89B741A5C45B2DD6DE3A1F810.d.9226494FC8FD8424D8722E42A8B8319A.e.13564"},"setValue",["5/14/25"]]}
COMMAND: POST /session/416ca3a003057b96434a2425fa5e92e2/element - {"using":"xpath","value":"//label[contains(@class, 'sapMLabelRequired') and .//bdi[contains(text(), 'Planned Retirement')]]"}
RESULT: {"using":"xpath","value":"//label[contains(@class, 'sapMLabelRequired') and .//bdi[contains(text(), 'Planned Retirement')]]"}
COMMAND: POST /session/416ca3a003057b96434a2425fa5e92e2/elements - {"using":"xpath","value":"//label[contains(@class, 'sapMLabelRequired') and .//bdi[contains(text(), 'Planned Retirement')]]"}
RESULT: {"using":"xpath","value":"//label[contains(@class, 'sapMLabelRequired') and .//bdi[contains(text(), 'Planned Retirement')]]"}
COMMAND: POST /session/416ca3a003057b96434a2425fa5e92e2/element - {"using":"xpath","value":"//button[@data-kt=\"resourceUnitSaveButton\"]"}
RESULT: {"using":"xpath","value":"//button[@data-kt=\"resourceUnitSaveButton\"]"}
COMMAND: POST /session/416ca3a003057b96434a2425fa5e92e2/element/f.E04F53A89B741A5C45B2DD6DE3A1F810.d.9226494FC8FD8424D8722E42A8B8319A.e.13524/click - {}
RESULT: {}
COMMAND: GET /session/416ca3a003057b96434a2425fa5e92e2/screenshot - {}
RESULT: {}
COMMAND: POST /session/416ca3a003057b96434a2425fa5e92e2/element - {"using":"xpath","value":"//bdi[contains(text(), \"Close\")]"}
RESULT: {"using":"xpath","value":"//bdi[contains(text(), \"Close\")]"}
COMMAND: POST /session/416ca3a003057b96434a2425fa5e92e2/element/f.E04F53A89B741A5C45B2DD6DE3A1F810.d.9226494FC8FD8424D8722E42A8B8319A.e.13711/click - {}
RESULT: {}
COMMAND: GET /session/416ca3a003057b96434a2425fa5e92e2/screenshot - {}
RESULT: {}
COMMAND: POST /session/416ca3a003057b96434a2425fa5e92e2/element - {"using":"xpath","value":"(//button[contains(@id ,\"actionsToolbar-overflowButton\")])[1]"}
RESULT: {"using":"xpath","value":"(//button[contains(@id ,\"actionsToolbar-overflowButton\")])[1]"}
COMMAND: POST /session/416ca3a003057b96434a2425fa5e92e2/element/f.E04F53A89B741A5C45B2DD6DE3A1F810.d.9226494FC8FD8424D8722E42A8B8319A.e.13741/click - {}
RESULT: {}
COMMAND: GET /session/416ca3a003057b96434a2425fa5e92e2/screenshot - {}
RESULT: {}
COMMAND: POST /session/416ca3a003057b96434a2425fa5e92e2/element - {"using":"xpath","value":"//button[@data-kt=\"priceInfoButton\"]"}
RESULT: {"using":"xpath","value":"//button[@data-kt=\"priceInfoButton\"]"}
COMMAND: POST /session/416ca3a003057b96434a2425fa5e92e2/element/f.E04F53A89B741A5C45B2DD6DE3A1F810.d.9226494FC8FD8424D8722E42A8B8319A.e.13743/click - {}
RESULT: {}
COMMAND: GET /session/416ca3a003057b96434a2425fa5e92e2/screenshot - {}
]]></system-out>
    </testcase>
    <testcase classname="chrome.136_0_7103_49.windows.Billing_transfer_US117289" name="Should create new pricing rule" time="53.407">
      <system-out><![CDATA[
COMMAND: POST /session/416ca3a003057b96434a2425fa5e92e2/element - {"using":"xpath","value":"//button[@data-kt=\"addButton\"]"}
RESULT: {}
RESULT: {"using":"xpath","value":"//button[@data-kt=\"addButton\"]"}
COMMAND: POST /session/416ca3a003057b96434a2425fa5e92e2/elements - {"using":"xpath","value":"//button[@data-kt=\"addButton\"]"}
RESULT: {"using":"xpath","value":"//button[@data-kt=\"addButton\"]"}
COMMAND: POST /session/416ca3a003057b96434a2425fa5e92e2/execute/sync - {"script":"<script> [8489 bytes]","args":[{"element-6066-11e4-a52e-4f735466cecf":"f.E04F53A89B741A5C45B2DD6DE3A1F810.d.9226494FC8FD8424D8722E42A8B8319A.e.13779","ELEMENT":"f.E04F53A89B741A5C45B2DD6DE3A1F810.d.9226494FC8FD8424D8722E42A8B8319A.e.13779"}]}
RESULT: {"script":"<script> [8489 bytes]","args":[{"element-6066-11e4-a52e-4f735466cecf":"f.E04F53A89B741A5C45B2DD6DE3A1F810.d.9226494FC8FD8424D8722E42A8B8319A.e.13779","ELEMENT":"f.E04F53A89B741A5C45B2DD6DE3A1F810.d.9226494FC8FD8424D8722E42A8B8319A.e.13779"}]}
COMMAND: GET /session/416ca3a003057b96434a2425fa5e92e2/element/f.E04F53A89B741A5C45B2DD6DE3A1F810.d.9226494FC8FD8424D8722E42A8B8319A.e.13779/enabled - {}
COMMAND: GET /session/416ca3a003057b96434a2425fa5e92e2/screenshot - {}
RESULT: {}
COMMAND: POST /session/416ca3a003057b96434a2425fa5e92e2/execute/sync - {"script":"<script> [8489 bytes]","args":[{"element-6066-11e4-a52e-4f735466cecf":"f.E04F53A89B741A5C45B2DD6DE3A1F810.d.9226494FC8FD8424D8722E42A8B8319A.e.13779","ELEMENT":"f.E04F53A89B741A5C45B2DD6DE3A1F810.d.9226494FC8FD8424D8722E42A8B8319A.e.13779"}]}
COMMAND: GET /session/416ca3a003057b96434a2425fa5e92e2/screenshot - {}
RESULT: {}
RESULT: {"script":"<script> [8489 bytes]","args":[{"element-6066-11e4-a52e-4f735466cecf":"f.E04F53A89B741A5C45B2DD6DE3A1F810.d.9226494FC8FD8424D8722E42A8B8319A.e.13779","ELEMENT":"f.E04F53A89B741A5C45B2DD6DE3A1F810.d.9226494FC8FD8424D8722E42A8B8319A.e.13779"}]}
COMMAND: POST /session/416ca3a003057b96434a2425fa5e92e2/execute/sync - {"script":"<script> [5351 bytes]","args":[{"element-6066-11e4-a52e-4f735466cecf":"f.E04F53A89B741A5C45B2DD6DE3A1F810.d.9226494FC8FD8424D8722E42A8B8319A.e.13779","ELEMENT":"f.E04F53A89B741A5C45B2DD6DE3A1F810.d.9226494FC8FD8424D8722E42A8B8319A.e.13779"}]}
COMMAND: GET /session/416ca3a003057b96434a2425fa5e92e2/screenshot - {}
RESULT: {}
RESULT: {"script":"<script> [5351 bytes]","args":[{"element-6066-11e4-a52e-4f735466cecf":"f.E04F53A89B741A5C45B2DD6DE3A1F810.d.9226494FC8FD8424D8722E42A8B8319A.e.13779","ELEMENT":"f.E04F53A89B741A5C45B2DD6DE3A1F810.d.9226494FC8FD8424D8722E42A8B8319A.e.13779"}]}
COMMAND: POST /session/416ca3a003057b96434a2425fa5e92e2/element/f.E04F53A89B741A5C45B2DD6DE3A1F810.d.9226494FC8FD8424D8722E42A8B8319A.e.13779/click - {}
COMMAND: GET /session/416ca3a003057b96434a2425fa5e92e2/screenshot - {}
RESULT: {}
RESULT: {}
COMMAND: GET /session/416ca3a003057b96434a2425fa5e92e2/screenshot - {}
RESULT: {}
RESULT: {}
COMMAND: POST /session/416ca3a003057b96434a2425fa5e92e2/execute/async - {"script":"<script> [1562 bytes]","args":[{"selector":{"controlType":"sap.m.Title","viewName":"etm.portal.ui.managepricingrules.view.NewItem","viewId":"application-managepricingrules-display-component---newInfoPriceItem","properties":{"text":"New Pricing Rules - Item Level"}},"wdio_ui5_key":"etmportal.ui.managepricingrules.view.NewItemsap.m.Title{\"text\":\"New Pricing Rules - Item Level\"}"}]}
RESULT: {"script":"<script> [1562 bytes]","args":[{"selector":{"controlType":"sap.m.Title","viewName":"etm.portal.ui.managepricingrules.view.NewItem","viewId":"application-managepricingrules-display-component---newInfoPriceItem","properties":{"text":"New Pricing Rules - Item Level"}},"wdio_ui5_key":"etmportal.ui.managepricingrules.view.NewItemsap.m.Title{\"text\":\"New Pricing Rules - Item Level\"}"}]}
RESULT: undefined
COMMAND: POST /session/416ca3a003057b96434a2425fa5e92e2/execute/async - {"script":"<script> [6424 bytes]","args":[{"element-6066-11e4-a52e-4f735466cecf":"f.E04F53A89B741A5C45B2DD6DE3A1F810.d.9226494FC8FD8424D8722E42A8B8319A.e.13950"},"getText",[]]}
RESULT: {"script":"<script> [6424 bytes]","args":[{"element-6066-11e4-a52e-4f735466cecf":"f.E04F53A89B741A5C45B2DD6DE3A1F810.d.9226494FC8FD8424D8722E42A8B8319A.e.13950"},"getText",[]]}
COMMAND: POST /session/416ca3a003057b96434a2425fa5e92e2/execute/async - {"script":"<script> [1562 bytes]","args":[{"selector":{"id":"application-managepricingrules-display-component---newInfoPriceItem--condValidTo","interaction":{"idSuffix":"inner"}},"wdio_ui5_key":"applicationmanagepricingrules-display-component---newInfoPriceItem--condValidTo"}]}
RESULT: {"script":"<script> [1562 bytes]","args":[{"selector":{"id":"application-managepricingrules-display-component---newInfoPriceItem--condValidTo","interaction":{"idSuffix":"inner"}},"wdio_ui5_key":"applicationmanagepricingrules-display-component---newInfoPriceItem--condValidTo"}]}
RESULT: undefined
COMMAND: POST /session/416ca3a003057b96434a2425fa5e92e2/execute/async - {"script":"<script> [776 bytes]","args":[{"enterText":"1/14/26","selector":{"id":"application-managepricingrules-display-component---newInfoPriceItem--condValidTo","interaction":{"idSuffix":"inner"}},"clearTextFirst":true,"interactionType":"ENTER_TEXT"}]}
RESULT: {"script":"<script> [776 bytes]","args":[{"enterText":"1/14/26","selector":{"id":"application-managepricingrules-display-component---newInfoPriceItem--condValidTo","interaction":{"idSuffix":"inner"}},"clearTextFirst":true,"interactionType":"ENTER_TEXT"}]}
COMMAND: POST /session/416ca3a003057b96434a2425fa5e92e2/execute/async - {"script":"<script> [1562 bytes]","args":[{"selector":{"id":"application-managepricingrules-display-component---newInfoPriceItem--billType-arrow"},"wdio_ui5_key":"applicationmanagepricingrules-display-component---newInfoPriceItem--billType-arrow"}]}
RESULT: {"script":"<script> [1562 bytes]","args":[{"selector":{"id":"application-managepricingrules-display-component---newInfoPriceItem--billType-arrow"},"wdio_ui5_key":"applicationmanagepricingrules-display-component---newInfoPriceItem--billType-arrow"}]}
RESULT: undefined
COMMAND: POST /session/416ca3a003057b96434a2425fa5e92e2/element - {"using":"xpath","value":"//*[@id=\"application-managepricingrules-display-component---newInfoPriceItem--billType-arrow\"]"}
RESULT: {"using":"xpath","value":"//*[@id=\"application-managepricingrules-display-component---newInfoPriceItem--billType-arrow\"]"}
COMMAND: POST /session/416ca3a003057b96434a2425fa5e92e2/element/f.E04F53A89B741A5C45B2DD6DE3A1F810.d.9226494FC8FD8424D8722E42A8B8319A.e.13908/click - {}
RESULT: {}
COMMAND: POST /session/416ca3a003057b96434a2425fa5e92e2/element - {"using":"xpath","value":"//span[contains(text(), \"TB - Time based\")]"}
COMMAND: GET /session/416ca3a003057b96434a2425fa5e92e2/screenshot - {}
RESULT: {"using":"xpath","value":"//span[contains(text(), \"TB - Time based\")]"}
COMMAND: POST /session/416ca3a003057b96434a2425fa5e92e2/element/f.E04F53A89B741A5C45B2DD6DE3A1F810.d.9226494FC8FD8424D8722E42A8B8319A.e.13952/click - {}
RESULT: {}
RESULT: {}
COMMAND: POST /session/416ca3a003057b96434a2425fa5e92e2/execute/async - {"script":"<script> [1562 bytes]","args":[{"selector":{"id":"application-managepricingrules-display-component---newInfoPriceItem--priceProc-arrow"},"wdio_ui5_key":"applicationmanagepricingrules-display-component---newInfoPriceItem--priceProc-arrow"}]}
COMMAND: GET /session/416ca3a003057b96434a2425fa5e92e2/screenshot - {}
RESULT: {"script":"<script> [1562 bytes]","args":[{"selector":{"id":"application-managepricingrules-display-component---newInfoPriceItem--priceProc-arrow"},"wdio_ui5_key":"applicationmanagepricingrules-display-component---newInfoPriceItem--priceProc-arrow"}]}
RESULT: undefined
COMMAND: POST /session/416ca3a003057b96434a2425fa5e92e2/element - {"using":"xpath","value":"//*[@id=\"application-managepricingrules-display-component---newInfoPriceItem--priceProc-arrow\"]"}
RESULT: {}
RESULT: {"using":"xpath","value":"//*[@id=\"application-managepricingrules-display-component---newInfoPriceItem--priceProc-arrow\"]"}
COMMAND: POST /session/416ca3a003057b96434a2425fa5e92e2/element/f.E04F53A89B741A5C45B2DD6DE3A1F810.d.9226494FC8FD8424D8722E42A8B8319A.e.13915/click - {}
RESULT: {}
COMMAND: POST /session/416ca3a003057b96434a2425fa5e92e2/element - {"using":"xpath","value":"//span[contains(text(), \"TBS - Time based standard\")]"}
COMMAND: GET /session/416ca3a003057b96434a2425fa5e92e2/screenshot - {}
RESULT: {"using":"xpath","value":"//span[contains(text(), \"TBS - Time based standard\")]"}
COMMAND: POST /session/416ca3a003057b96434a2425fa5e92e2/element/f.E04F53A89B741A5C45B2DD6DE3A1F810.d.9226494FC8FD8424D8722E42A8B8319A.e.13953/click - {}
RESULT: {}
RESULT: {}
COMMAND: POST /session/416ca3a003057b96434a2425fa5e92e2/execute/async - {"script":"<script> [1562 bytes]","args":[{"selector":{"id":"application-managepricingrules-display-component---newInfoPriceItem--calcBase-arrow"},"wdio_ui5_key":"applicationmanagepricingrules-display-component---newInfoPriceItem--calcBase-arrow"}]}
COMMAND: GET /session/416ca3a003057b96434a2425fa5e92e2/screenshot - {}
RESULT: {"script":"<script> [1562 bytes]","args":[{"selector":{"id":"application-managepricingrules-display-component---newInfoPriceItem--calcBase-arrow"},"wdio_ui5_key":"applicationmanagepricingrules-display-component---newInfoPriceItem--calcBase-arrow"}]}
RESULT: undefined
COMMAND: POST /session/416ca3a003057b96434a2425fa5e92e2/element - {"using":"xpath","value":"//*[@id=\"application-managepricingrules-display-component---newInfoPriceItem--calcBase-arrow\"]"}
RESULT: {}
RESULT: {"using":"xpath","value":"//*[@id=\"application-managepricingrules-display-component---newInfoPriceItem--calcBase-arrow\"]"}
COMMAND: POST /session/416ca3a003057b96434a2425fa5e92e2/element/f.E04F53A89B741A5C45B2DD6DE3A1F810.d.9226494FC8FD8424D8722E42A8B8319A.e.13922/click - {}
RESULT: {}
COMMAND: GET /session/416ca3a003057b96434a2425fa5e92e2/screenshot - {}
RESULT: {}
COMMAND: POST /session/416ca3a003057b96434a2425fa5e92e2/element - {"using":"xpath","value":"//span[contains(text(), \"0006 - TB(calendar days)\")]"}
RESULT: {"using":"xpath","value":"//span[contains(text(), \"0006 - TB(calendar days)\")]"}
COMMAND: POST /session/416ca3a003057b96434a2425fa5e92e2/element/f.E04F53A89B741A5C45B2DD6DE3A1F810.d.9226494FC8FD8424D8722E42A8B8319A.e.13954/click - {}
RESULT: {}
COMMAND: GET /session/416ca3a003057b96434a2425fa5e92e2/screenshot - {}
RESULT: {}
COMMAND: POST /session/416ca3a003057b96434a2425fa5e92e2/execute/async - {"script":"<script> [1562 bytes]","args":[{"selector":{"id":"application-managepricingrules-display-component---newInfoPriceItem--daysMonth","interaction":{"idSuffix":"inner"}},"wdio_ui5_key":"applicationmanagepricingrules-display-component---newInfoPriceItem--daysMonth"}]}
RESULT: {"script":"<script> [1562 bytes]","args":[{"selector":{"id":"application-managepricingrules-display-component---newInfoPriceItem--daysMonth","interaction":{"idSuffix":"inner"}},"wdio_ui5_key":"applicationmanagepricingrules-display-component---newInfoPriceItem--daysMonth"}]}
RESULT: undefined
COMMAND: POST /session/416ca3a003057b96434a2425fa5e92e2/execute/async - {"script":"<script> [776 bytes]","args":[{"enterText":"30","selector":{"id":"application-managepricingrules-display-component---newInfoPriceItem--daysMonth","interaction":{"idSuffix":"inner"}},"clearTextFirst":true,"interactionType":"ENTER_TEXT"}]}
RESULT: {"script":"<script> [776 bytes]","args":[{"enterText":"30","selector":{"id":"application-managepricingrules-display-component---newInfoPriceItem--daysMonth","interaction":{"idSuffix":"inner"}},"clearTextFirst":true,"interactionType":"ENTER_TEXT"}]}
COMMAND: POST /session/416ca3a003057b96434a2425fa5e92e2/element - {"using":"xpath","value":"//button[@data-kt=\"saveNewRuleButton\"]"}
RESULT: {"using":"xpath","value":"//button[@data-kt=\"saveNewRuleButton\"]"}
COMMAND: POST /session/416ca3a003057b96434a2425fa5e92e2/element/f.E04F53A89B741A5C45B2DD6DE3A1F810.d.9226494FC8FD8424D8722E42A8B8319A.e.13942/click - {}
RESULT: {}
COMMAND: GET /session/416ca3a003057b96434a2425fa5e92e2/screenshot - {}
RESULT: {}
COMMAND: POST /session/416ca3a003057b96434a2425fa5e92e2/execute/async - {"script":"<script> [1562 bytes]","args":[{"selector":{"id":"application-managepricingrules-display-component---priceInfoItem--smartFilterBar-btnBasicSearch","interaction":{"idSuffix":"I"}},"wdio_ui5_key":"applicationmanagepricingrules-display-component---priceInfoItem--smartFilterBar-btnBasicSearch"}]}
RESULT: {"script":"<script> [1562 bytes]","args":[{"selector":{"id":"application-managepricingrules-display-component---priceInfoItem--smartFilterBar-btnBasicSearch","interaction":{"idSuffix":"I"}},"wdio_ui5_key":"applicationmanagepricingrules-display-component---priceInfoItem--smartFilterBar-btnBasicSearch"}]}
RESULT: undefined
COMMAND: POST /session/416ca3a003057b96434a2425fa5e92e2/execute/async - {"script":"<script> [776 bytes]","args":[{"enterText":"5rb5Rf2OkM","selector":{"id":"application-managepricingrules-display-component---priceInfoItem--smartFilterBar-btnBasicSearch","interaction":{"idSuffix":"I"}},"clearTextFirst":true,"interactionType":"ENTER_TEXT"}]}
RESULT: {"script":"<script> [776 bytes]","args":[{"enterText":"5rb5Rf2OkM","selector":{"id":"application-managepricingrules-display-component---priceInfoItem--smartFilterBar-btnBasicSearch","interaction":{"idSuffix":"I"}},"clearTextFirst":true,"interactionType":"ENTER_TEXT"}]}
COMMAND: POST /session/416ca3a003057b96434a2425fa5e92e2/actions - {"actions":[{"id":"action50","type":"key","parameters":{},"actions":[{"type":"keyDown","value":"î€‡"},{"type":"pause","duration":10},{"type":"keyUp","value":"î€‡"}]}]}
RESULT: {"actions":[{"id":"action50","type":"key","parameters":{},"actions":[{"type":"keyDown","value":"î€‡"},{"type":"pause","duration":10},{"type":"keyUp","value":"î€‡"}]}]}
COMMAND: GET /session/416ca3a003057b96434a2425fa5e92e2/screenshot - {}
RESULT: {}
COMMAND: POST /session/416ca3a003057b96434a2425fa5e92e2/element - {"using":"xpath","value":"//span[@id=\"application-managepricingrules-display-component---priceInfoItem--smartTable-header-inner\"]"}
RESULT: {"using":"xpath","value":"//span[@id=\"application-managepricingrules-display-component---priceInfoItem--smartTable-header-inner\"]"}
COMMAND: POST /session/416ca3a003057b96434a2425fa5e92e2/elements - {"using":"xpath","value":"//span[@id=\"application-managepricingrules-display-component---priceInfoItem--smartTable-header-inner\"]"}
RESULT: {"using":"xpath","value":"//span[@id=\"application-managepricingrules-display-component---priceInfoItem--smartTable-header-inner\"]"}
COMMAND: POST /session/416ca3a003057b96434a2425fa5e92e2/execute/sync - {"script":"<script> [56 bytes]","args":[{"element-6066-11e4-a52e-4f735466cecf":"f.E04F53A89B741A5C45B2DD6DE3A1F810.d.9226494FC8FD8424D8722E42A8B8319A.e.13978","ELEMENT":"f.E04F53A89B741A5C45B2DD6DE3A1F810.d.9226494FC8FD8424D8722E42A8B8319A.e.13978"}]}
RESULT: {"script":"<script> [56 bytes]","args":[{"element-6066-11e4-a52e-4f735466cecf":"f.E04F53A89B741A5C45B2DD6DE3A1F810.d.9226494FC8FD8424D8722E42A8B8319A.e.13978","ELEMENT":"f.E04F53A89B741A5C45B2DD6DE3A1F810.d.9226494FC8FD8424D8722E42A8B8319A.e.13978"}]}
COMMAND: POST /session/416ca3a003057b96434a2425fa5e92e2/element - {"using":"css selector","value":"#shell-header-logo"}
COMMAND: GET /session/416ca3a003057b96434a2425fa5e92e2/screenshot - {}
RESULT: {"using":"css selector","value":"#shell-header-logo"}
COMMAND: POST /session/416ca3a003057b96434a2425fa5e92e2/element/f.E04F53A89B741A5C45B2DD6DE3A1F810.d.9226494FC8FD8424D8722E42A8B8319A.e.13117/click - {}
RESULT: {}
RESULT: {}
COMMAND: GET /session/416ca3a003057b96434a2425fa5e92e2/screenshot - {}
RESULT: {}
]]></system-out>
    </testcase>
    <testcase classname="chrome.136_0_7103_49.windows.Billing_transfer_US117289" name="Should create new condition for equipment" time="71.606">
      <system-out><![CDATA[
COMMAND: POST /session/416ca3a003057b96434a2425fa5e92e2/execute/async - {"script":"<script> [1562 bytes]","args":[{"selector":{"controlType":"sap.m.GenericTile","properties":{"header":"Manage Conditions & Prices"}},"wdio_ui5_key":"sapm.GenericTile{\"header\":\"Manage Conditions & Prices\"}"}]}
RESULT: {"script":"<script> [1562 bytes]","args":[{"selector":{"controlType":"sap.m.GenericTile","properties":{"header":"Manage Conditions & Prices"}},"wdio_ui5_key":"sapm.GenericTile{\"header\":\"Manage Conditions & Prices\"}"}]}
RESULT: undefined
COMMAND: POST /session/416ca3a003057b96434a2425fa5e92e2/element - {"using":"xpath","value":"//*[@id=\"__tile53\"]"}
RESULT: {"using":"xpath","value":"//*[@id=\"__tile53\"]"}
COMMAND: POST /session/416ca3a003057b96434a2425fa5e92e2/element/f.E04F53A89B741A5C45B2DD6DE3A1F810.d.9226494FC8FD8424D8722E42A8B8319A.e.13064/click - {}
RESULT: {}
COMMAND: GET /session/416ca3a003057b96434a2425fa5e92e2/screenshot - {}
RESULT: {}
COMMAND: POST /session/416ca3a003057b96434a2425fa5e92e2/elements - {"using":"xpath","value":"//span[text()='Error']"}
RESULT: {"using":"xpath","value":"//span[text()='Error']"}
COMMAND: POST /session/416ca3a003057b96434a2425fa5e92e2/element - {"using":"xpath","value":"//button[@aria-label=\"Create\"]"}
RESULT: {"using":"xpath","value":"//button[@aria-label=\"Create\"]"}
COMMAND: POST /session/416ca3a003057b96434a2425fa5e92e2/elements - {"using":"xpath","value":"//button[@aria-label=\"Create\"]"}
RESULT: {"using":"xpath","value":"//button[@aria-label=\"Create\"]"}
COMMAND: POST /session/416ca3a003057b96434a2425fa5e92e2/execute/sync - {"script":"<script> [8489 bytes]","args":[{"element-6066-11e4-a52e-4f735466cecf":"f.E04F53A89B741A5C45B2DD6DE3A1F810.d.9226494FC8FD8424D8722E42A8B8319A.e.14013","ELEMENT":"f.E04F53A89B741A5C45B2DD6DE3A1F810.d.9226494FC8FD8424D8722E42A8B8319A.e.14013"}]}
RESULT: {"script":"<script> [8489 bytes]","args":[{"element-6066-11e4-a52e-4f735466cecf":"f.E04F53A89B741A5C45B2DD6DE3A1F810.d.9226494FC8FD8424D8722E42A8B8319A.e.14013","ELEMENT":"f.E04F53A89B741A5C45B2DD6DE3A1F810.d.9226494FC8FD8424D8722E42A8B8319A.e.14013"}]}
COMMAND: GET /session/416ca3a003057b96434a2425fa5e92e2/element/f.E04F53A89B741A5C45B2DD6DE3A1F810.d.9226494FC8FD8424D8722E42A8B8319A.e.14013/enabled - {}
COMMAND: GET /session/416ca3a003057b96434a2425fa5e92e2/screenshot - {}
RESULT: {}
COMMAND: POST /session/416ca3a003057b96434a2425fa5e92e2/execute/sync - {"script":"<script> [8489 bytes]","args":[{"element-6066-11e4-a52e-4f735466cecf":"f.E04F53A89B741A5C45B2DD6DE3A1F810.d.9226494FC8FD8424D8722E42A8B8319A.e.14013","ELEMENT":"f.E04F53A89B741A5C45B2DD6DE3A1F810.d.9226494FC8FD8424D8722E42A8B8319A.e.14013"}]}
COMMAND: GET /session/416ca3a003057b96434a2425fa5e92e2/screenshot - {}
RESULT: {}
RESULT: {"script":"<script> [8489 bytes]","args":[{"element-6066-11e4-a52e-4f735466cecf":"f.E04F53A89B741A5C45B2DD6DE3A1F810.d.9226494FC8FD8424D8722E42A8B8319A.e.14013","ELEMENT":"f.E04F53A89B741A5C45B2DD6DE3A1F810.d.9226494FC8FD8424D8722E42A8B8319A.e.14013"}]}
COMMAND: POST /session/416ca3a003057b96434a2425fa5e92e2/execute/sync - {"script":"<script> [5351 bytes]","args":[{"element-6066-11e4-a52e-4f735466cecf":"f.E04F53A89B741A5C45B2DD6DE3A1F810.d.9226494FC8FD8424D8722E42A8B8319A.e.14013","ELEMENT":"f.E04F53A89B741A5C45B2DD6DE3A1F810.d.9226494FC8FD8424D8722E42A8B8319A.e.14013"}]}
COMMAND: GET /session/416ca3a003057b96434a2425fa5e92e2/screenshot - {}
RESULT: {}
RESULT: {"script":"<script> [5351 bytes]","args":[{"element-6066-11e4-a52e-4f735466cecf":"f.E04F53A89B741A5C45B2DD6DE3A1F810.d.9226494FC8FD8424D8722E42A8B8319A.e.14013","ELEMENT":"f.E04F53A89B741A5C45B2DD6DE3A1F810.d.9226494FC8FD8424D8722E42A8B8319A.e.14013"}]}
COMMAND: POST /session/416ca3a003057b96434a2425fa5e92e2/element/f.E04F53A89B741A5C45B2DD6DE3A1F810.d.9226494FC8FD8424D8722E42A8B8319A.e.14013/click - {}
COMMAND: GET /session/416ca3a003057b96434a2425fa5e92e2/screenshot - {}
RESULT: {}
RESULT: {}
RESULT: {}
COMMAND: GET /session/416ca3a003057b96434a2425fa5e92e2/screenshot - {}
RESULT: {}
COMMAND: POST /session/416ca3a003057b96434a2425fa5e92e2/actions - {"actions":[{"id":"action51","type":"key","parameters":{},"actions":[{"type":"keyDown","value":"î€‡"},{"type":"pause","duration":10},{"type":"keyUp","value":"î€‡"}]}]}
RESULT: {"actions":[{"id":"action51","type":"key","parameters":{},"actions":[{"type":"keyDown","value":"î€‡"},{"type":"pause","duration":10},{"type":"keyUp","value":"î€‡"}]}]}
COMMAND: GET /session/416ca3a003057b96434a2425fa5e92e2/screenshot - {}
RESULT: {}
COMMAND: POST /session/416ca3a003057b96434a2425fa5e92e2/execute/async - {"script":"<script> [1562 bytes]","args":[{"selector":{"id":"application-manageconditionprice-display-component---newCondition--condBillCond-arrow"},"wdio_ui5_key":"applicationmanageconditionprice-display-component---newCondition--condBillCond-arrow"}]}
RESULT: {"script":"<script> [1562 bytes]","args":[{"selector":{"id":"application-manageconditionprice-display-component---newCondition--condBillCond-arrow"},"wdio_ui5_key":"applicationmanageconditionprice-display-component---newCondition--condBillCond-arrow"}]}
RESULT: undefined
COMMAND: POST /session/416ca3a003057b96434a2425fa5e92e2/element - {"using":"xpath","value":"//*[@id=\"application-manageconditionprice-display-component---newCondition--condBillCond-arrow\"]"}
RESULT: {"using":"xpath","value":"//*[@id=\"application-manageconditionprice-display-component---newCondition--condBillCond-arrow\"]"}
COMMAND: POST /session/416ca3a003057b96434a2425fa5e92e2/element/f.E04F53A89B741A5C45B2DD6DE3A1F810.d.9226494FC8FD8424D8722E42A8B8319A.e.14192/click - {}
RESULT: {}
COMMAND: GET /session/416ca3a003057b96434a2425fa5e92e2/screenshot - {}
RESULT: {}
COMMAND: POST /session/416ca3a003057b96434a2425fa5e92e2/element - {"using":"xpath","value":"//li[.//span[contains(text(), \"DISP - D&I special price\")]]"}
RESULT: {"using":"xpath","value":"//li[.//span[contains(text(), \"DISP - D&I special price\")]]"}
COMMAND: POST /session/416ca3a003057b96434a2425fa5e92e2/element/f.E04F53A89B741A5C45B2DD6DE3A1F810.d.9226494FC8FD8424D8722E42A8B8319A.e.14195/click - {}
RESULT: {}
COMMAND: GET /session/416ca3a003057b96434a2425fa5e92e2/screenshot - {}
RESULT: {}
COMMAND: POST /session/416ca3a003057b96434a2425fa5e92e2/execute/async - {"script":"<script> [1562 bytes]","args":[{"selector":{"id":"application-manageconditionprice-display-component---newCondition--condValidTo","interaction":{"idSuffix":"inner"}},"wdio_ui5_key":"applicationmanageconditionprice-display-component---newCondition--condValidTo"}]}
RESULT: {"script":"<script> [1562 bytes]","args":[{"selector":{"id":"application-manageconditionprice-display-component---newCondition--condValidTo","interaction":{"idSuffix":"inner"}},"wdio_ui5_key":"applicationmanageconditionprice-display-component---newCondition--condValidTo"}]}
RESULT: undefined
COMMAND: POST /session/416ca3a003057b96434a2425fa5e92e2/execute/async - {"script":"<script> [776 bytes]","args":[{"enterText":"1/14/26","selector":{"id":"application-manageconditionprice-display-component---newCondition--condValidTo","interaction":{"idSuffix":"inner"}},"clearTextFirst":true,"interactionType":"ENTER_TEXT"}]}
RESULT: {"script":"<script> [776 bytes]","args":[{"enterText":"1/14/26","selector":{"id":"application-manageconditionprice-display-component---newCondition--condValidTo","interaction":{"idSuffix":"inner"}},"clearTextFirst":true,"interactionType":"ENTER_TEXT"}]}
COMMAND: POST /session/416ca3a003057b96434a2425fa5e92e2/element - {"using":"xpath","value":"//input[@id=\"application-manageconditionprice-display-component---newCondition--condRU-inner\"]"}
RESULT: {"using":"xpath","value":"//input[@id=\"application-manageconditionprice-display-component---newCondition--condRU-inner\"]"}
COMMAND: POST /session/416ca3a003057b96434a2425fa5e92e2/element/f.E04F53A89B741A5C45B2DD6DE3A1F810.d.9226494FC8FD8424D8722E42A8B8319A.e.14057/clear - {}
RESULT: {}
COMMAND: POST /session/416ca3a003057b96434a2425fa5e92e2/element/f.E04F53A89B741A5C45B2DD6DE3A1F810.d.9226494FC8FD8424D8722E42A8B8319A.e.14057/value - {"text":"5rb5Rf2OkM"}
COMMAND: GET /session/416ca3a003057b96434a2425fa5e92e2/screenshot - {}
RESULT: {"text":"5rb5Rf2OkM"}
COMMAND: GET /session/416ca3a003057b96434a2425fa5e92e2/screenshot - {}
RESULT: {}
RESULT: {}
COMMAND: POST /session/416ca3a003057b96434a2425fa5e92e2/actions - {"actions":[{"id":"action52","type":"key","parameters":{},"actions":[{"type":"keyDown","value":"î€‡"},{"type":"pause","duration":10},{"type":"keyUp","value":"î€‡"}]}]}
RESULT: {"actions":[{"id":"action52","type":"key","parameters":{},"actions":[{"type":"keyDown","value":"î€‡"},{"type":"pause","duration":10},{"type":"keyUp","value":"î€‡"}]}]}
COMMAND: POST /session/416ca3a003057b96434a2425fa5e92e2/execute/async - {"script":"<script> [1562 bytes]","args":[{"selector":{"id":"application-manageconditionprice-display-component---newCondition--condBaseQty","interaction":{"idSuffix":"inner"}},"wdio_ui5_key":"applicationmanageconditionprice-display-component---newCondition--condBaseQty"}]}
COMMAND: GET /session/416ca3a003057b96434a2425fa5e92e2/screenshot - {}
RESULT: {"script":"<script> [1562 bytes]","args":[{"selector":{"id":"application-manageconditionprice-display-component---newCondition--condBaseQty","interaction":{"idSuffix":"inner"}},"wdio_ui5_key":"applicationmanageconditionprice-display-component---newCondition--condBaseQty"}]}
RESULT: undefined
COMMAND: POST /session/416ca3a003057b96434a2425fa5e92e2/execute/async - {"script":"<script> [776 bytes]","args":[{"enterText":"1","selector":{"id":"application-manageconditionprice-display-component---newCondition--condBaseQty","interaction":{"idSuffix":"inner"}},"clearTextFirst":true,"interactionType":"ENTER_TEXT"}]}
RESULT: {}
RESULT: {"script":"<script> [776 bytes]","args":[{"enterText":"1","selector":{"id":"application-manageconditionprice-display-component---newCondition--condBaseQty","interaction":{"idSuffix":"inner"}},"clearTextFirst":true,"interactionType":"ENTER_TEXT"}]}
COMMAND: POST /session/416ca3a003057b96434a2425fa5e92e2/execute/async - {"script":"<script> [1562 bytes]","args":[{"selector":{"id":"application-manageconditionprice-display-component---newCondition--condValue","interaction":{"idSuffix":"inner"}},"wdio_ui5_key":"applicationmanageconditionprice-display-component---newCondition--condValue"}]}
RESULT: {"script":"<script> [1562 bytes]","args":[{"selector":{"id":"application-manageconditionprice-display-component---newCondition--condValue","interaction":{"idSuffix":"inner"}},"wdio_ui5_key":"applicationmanageconditionprice-display-component---newCondition--condValue"}]}
RESULT: undefined
COMMAND: POST /session/416ca3a003057b96434a2425fa5e92e2/execute/async - {"script":"<script> [776 bytes]","args":[{"enterText":"100","selector":{"id":"application-manageconditionprice-display-component---newCondition--condValue","interaction":{"idSuffix":"inner"}},"clearTextFirst":true,"interactionType":"ENTER_TEXT"}]}
RESULT: {"script":"<script> [776 bytes]","args":[{"enterText":"100","selector":{"id":"application-manageconditionprice-display-component---newCondition--condValue","interaction":{"idSuffix":"inner"}},"clearTextFirst":true,"interactionType":"ENTER_TEXT"}]}
COMMAND: POST /session/416ca3a003057b96434a2425fa5e92e2/execute/async - {"script":"<script> [1562 bytes]","args":[{"selector":{"id":"application-manageconditionprice-display-component---newCondition--condCurr-arrow"},"wdio_ui5_key":"applicationmanageconditionprice-display-component---newCondition--condCurr-arrow"}]}
RESULT: {"script":"<script> [1562 bytes]","args":[{"selector":{"id":"application-manageconditionprice-display-component---newCondition--condCurr-arrow"},"wdio_ui5_key":"applicationmanageconditionprice-display-component---newCondition--condCurr-arrow"}]}
RESULT: undefined
COMMAND: POST /session/416ca3a003057b96434a2425fa5e92e2/element - {"using":"xpath","value":"//*[@id=\"application-manageconditionprice-display-component---newCondition--condCurr-arrow\"]"}
RESULT: {"using":"xpath","value":"//*[@id=\"application-manageconditionprice-display-component---newCondition--condCurr-arrow\"]"}
COMMAND: POST /session/416ca3a003057b96434a2425fa5e92e2/element/f.E04F53A89B741A5C45B2DD6DE3A1F810.d.9226494FC8FD8424D8722E42A8B8319A.e.14175/click - {}
RESULT: {}
COMMAND: POST /session/416ca3a003057b96434a2425fa5e92e2/element - {"using":"xpath","value":"//span[contains(text(), \"Euro\")]"}
COMMAND: GET /session/416ca3a003057b96434a2425fa5e92e2/screenshot - {}
RESULT: {"using":"xpath","value":"//span[contains(text(), \"Euro\")]"}
COMMAND: POST /session/416ca3a003057b96434a2425fa5e92e2/element/f.E04F53A89B741A5C45B2DD6DE3A1F810.d.9226494FC8FD8424D8722E42A8B8319A.e.14230/click - {}
RESULT: {}
RESULT: {}
COMMAND: POST /session/416ca3a003057b96434a2425fa5e92e2/element - {"using":"xpath","value":"//button[@data-kt=\"saveButton\"]"}
COMMAND: GET /session/416ca3a003057b96434a2425fa5e92e2/screenshot - {}
RESULT: {"using":"xpath","value":"//button[@data-kt=\"saveButton\"]"}
COMMAND: POST /session/416ca3a003057b96434a2425fa5e92e2/element/f.E04F53A89B741A5C45B2DD6DE3A1F810.d.9226494FC8FD8424D8722E42A8B8319A.e.14176/click - {}
RESULT: {}
RESULT: {}
COMMAND: GET /session/416ca3a003057b96434a2425fa5e92e2/screenshot - {}
RESULT: {}
COMMAND: POST /session/416ca3a003057b96434a2425fa5e92e2/execute/async - {"script":"<script> [1562 bytes]","args":[{"selector":{"id":"application-manageconditionprice-display-component---conditions--smartFilterBar-btnBasicSearch","interaction":{"idSuffix":"I"}},"wdio_ui5_key":"applicationmanageconditionprice-display-component---conditions--smartFilterBar-btnBasicSearch"}]}
RESULT: {"script":"<script> [1562 bytes]","args":[{"selector":{"id":"application-manageconditionprice-display-component---conditions--smartFilterBar-btnBasicSearch","interaction":{"idSuffix":"I"}},"wdio_ui5_key":"applicationmanageconditionprice-display-component---conditions--smartFilterBar-btnBasicSearch"}]}
RESULT: undefined
COMMAND: POST /session/416ca3a003057b96434a2425fa5e92e2/execute/async - {"script":"<script> [776 bytes]","args":[{"enterText":"5rb5Rf2OkM","selector":{"id":"application-manageconditionprice-display-component---conditions--smartFilterBar-btnBasicSearch","interaction":{"idSuffix":"I"}},"clearTextFirst":true,"interactionType":"ENTER_TEXT"}]}
RESULT: {"script":"<script> [776 bytes]","args":[{"enterText":"5rb5Rf2OkM","selector":{"id":"application-manageconditionprice-display-component---conditions--smartFilterBar-btnBasicSearch","interaction":{"idSuffix":"I"}},"clearTextFirst":true,"interactionType":"ENTER_TEXT"}]}
COMMAND: POST /session/416ca3a003057b96434a2425fa5e92e2/actions - {"actions":[{"id":"action53","type":"key","parameters":{},"actions":[{"type":"keyDown","value":"î€‡"},{"type":"pause","duration":10},{"type":"keyUp","value":"î€‡"}]}]}
RESULT: {"actions":[{"id":"action53","type":"key","parameters":{},"actions":[{"type":"keyDown","value":"î€‡"},{"type":"pause","duration":10},{"type":"keyUp","value":"î€‡"}]}]}
COMMAND: GET /session/416ca3a003057b96434a2425fa5e92e2/screenshot - {}
RESULT: {}
COMMAND: POST /session/416ca3a003057b96434a2425fa5e92e2/execute/async - {"script":"<script> [1562 bytes]","args":[{"selector":{"id":"application-manageconditionprice-display-component---conditions--smartFilterBar-filterItemControl_BASIC-BILL_TYPES-vhi"},"wdio_ui5_key":"applicationmanageconditionprice-display-component---conditions--smartFilterBar-filterItemControl_BASIC-BILL_TYPES-vhi"}]}
RESULT: {"script":"<script> [1562 bytes]","args":[{"selector":{"id":"application-manageconditionprice-display-component---conditions--smartFilterBar-filterItemControl_BASIC-BILL_TYPES-vhi"},"wdio_ui5_key":"applicationmanageconditionprice-display-component---conditions--smartFilterBar-filterItemControl_BASIC-BILL_TYPES-vhi"}]}
RESULT: undefined
COMMAND: POST /session/416ca3a003057b96434a2425fa5e92e2/element - {"using":"xpath","value":"//*[@id=\"application-manageconditionprice-display-component---conditions--smartFilterBar-filterItemControl_BASIC-BILL_TYPES-vhi\"]"}
RESULT: {"using":"xpath","value":"//*[@id=\"application-manageconditionprice-display-component---conditions--smartFilterBar-filterItemControl_BASIC-BILL_TYPES-vhi\"]"}
COMMAND: POST /session/416ca3a003057b96434a2425fa5e92e2/element/f.E04F53A89B741A5C45B2DD6DE3A1F810.d.9226494FC8FD8424D8722E42A8B8319A.e.14336/click - {}
RESULT: {}
COMMAND: POST /session/416ca3a003057b96434a2425fa5e92e2/execute/async - {"script":"<script> [1562 bytes]","args":[{"selector":{"id":"application-manageconditionprice-display-component---conditions--smartFilterBar-filterItemControl_BASIC-BILL_TYPES-valueHelpDialog-smartFilterBar-btnBasicSearch","searchOpenDialogs":true,"interaction":{"idSuffix":"I"}},"wdio_ui5_key":"applicationmanageconditionprice-display-component---conditions--smartFilterBar-filterItemControl_BASIC-BILL_TYPES-valueHelpDialog-smartFilterBar-btnBasicSearch"}]}
COMMAND: GET /session/416ca3a003057b96434a2425fa5e92e2/screenshot - {}
RESULT: {"script":"<script> [1562 bytes]","args":[{"selector":{"id":"application-manageconditionprice-display-component---conditions--smartFilterBar-filterItemControl_BASIC-BILL_TYPES-valueHelpDialog-smartFilterBar-btnBasicSearch","searchOpenDialogs":true,"interaction":{"idSuffix":"I"}},"wdio_ui5_key":"applicationmanageconditionprice-display-component---conditions--smartFilterBar-filterItemControl_BASIC-BILL_TYPES-valueHelpDialog-smartFilterBar-btnBasicSearch"}]}
RESULT: undefined
COMMAND: POST /session/416ca3a003057b96434a2425fa5e92e2/execute/async - {"script":"<script> [776 bytes]","args":[{"enterText":"TB","selector":{"id":"application-manageconditionprice-display-component---conditions--smartFilterBar-filterItemControl_BASIC-BILL_TYPES-valueHelpDialog-smartFilterBar-btnBasicSearch","searchOpenDialogs":true,"interaction":{"idSuffix":"I"}},"clearTextFirst":true,"interactionType":"ENTER_TEXT"}]}
RESULT: {}
RESULT: {"script":"<script> [776 bytes]","args":[{"enterText":"TB","selector":{"id":"application-manageconditionprice-display-component---conditions--smartFilterBar-filterItemControl_BASIC-BILL_TYPES-valueHelpDialog-smartFilterBar-btnBasicSearch","searchOpenDialogs":true,"interaction":{"idSuffix":"I"}},"clearTextFirst":true,"interactionType":"ENTER_TEXT"}]}
COMMAND: POST /session/416ca3a003057b96434a2425fa5e92e2/actions - {"actions":[{"id":"action54","type":"key","parameters":{},"actions":[{"type":"keyDown","value":"î€‡"},{"type":"pause","duration":10},{"type":"keyUp","value":"î€‡"}]}]}
RESULT: {"actions":[{"id":"action54","type":"key","parameters":{},"actions":[{"type":"keyDown","value":"î€‡"},{"type":"pause","duration":10},{"type":"keyUp","value":"î€‡"}]}]}
COMMAND: GET /session/416ca3a003057b96434a2425fa5e92e2/screenshot - {}
RESULT: {}
COMMAND: POST /session/416ca3a003057b96434a2425fa5e92e2/element - {"using":"xpath","value":"//div[contains(@id, 'application-manageconditionprice-display-component---conditions--smartFilterBar-filterItemControl_BASIC-BILL_TYPES-valueHelpDialog-table-rowsel0')]"}
RESULT: {"using":"xpath","value":"//div[contains(@id, 'application-manageconditionprice-display-component---conditions--smartFilterBar-filterItemControl_BASIC-BILL_TYPES-valueHelpDialog-table-rowsel0')]"}
COMMAND: POST /session/416ca3a003057b96434a2425fa5e92e2/element/f.E04F53A89B741A5C45B2DD6DE3A1F810.d.9226494FC8FD8424D8722E42A8B8319A.e.14345/click - {}
RESULT: {}
COMMAND: GET /session/416ca3a003057b96434a2425fa5e92e2/screenshot - {}
RESULT: {}
COMMAND: POST /session/416ca3a003057b96434a2425fa5e92e2/element - {"using":"xpath","value":"//bdi[contains(text(), \"OK\")]"}
RESULT: {"using":"xpath","value":"//bdi[contains(text(), \"OK\")]"}
COMMAND: POST /session/416ca3a003057b96434a2425fa5e92e2/element/f.E04F53A89B741A5C45B2DD6DE3A1F810.d.9226494FC8FD8424D8722E42A8B8319A.e.14347/click - {}
RESULT: {}
COMMAND: GET /session/416ca3a003057b96434a2425fa5e92e2/screenshot - {}
RESULT: {}
COMMAND: POST /session/416ca3a003057b96434a2425fa5e92e2/element - {"using":"xpath","value":"//span[@id=\"application-manageconditionprice-display-component---conditions--smartTable-header-inner\"]"}
RESULT: {"using":"xpath","value":"//span[@id=\"application-manageconditionprice-display-component---conditions--smartTable-header-inner\"]"}
COMMAND: POST /session/416ca3a003057b96434a2425fa5e92e2/elements - {"using":"xpath","value":"//span[@id=\"application-manageconditionprice-display-component---conditions--smartTable-header-inner\"]"}
RESULT: {"using":"xpath","value":"//span[@id=\"application-manageconditionprice-display-component---conditions--smartTable-header-inner\"]"}
COMMAND: POST /session/416ca3a003057b96434a2425fa5e92e2/execute/sync - {"script":"<script> [56 bytes]","args":[{"element-6066-11e4-a52e-4f735466cecf":"f.E04F53A89B741A5C45B2DD6DE3A1F810.d.9226494FC8FD8424D8722E42A8B8319A.e.14350","ELEMENT":"f.E04F53A89B741A5C45B2DD6DE3A1F810.d.9226494FC8FD8424D8722E42A8B8319A.e.14350"}]}
RESULT: {"script":"<script> [56 bytes]","args":[{"element-6066-11e4-a52e-4f735466cecf":"f.E04F53A89B741A5C45B2DD6DE3A1F810.d.9226494FC8FD8424D8722E42A8B8319A.e.14350","ELEMENT":"f.E04F53A89B741A5C45B2DD6DE3A1F810.d.9226494FC8FD8424D8722E42A8B8319A.e.14350"}]}
COMMAND: POST /session/416ca3a003057b96434a2425fa5e92e2/element - {"using":"css selector","value":"#shell-header-logo"}
COMMAND: GET /session/416ca3a003057b96434a2425fa5e92e2/screenshot - {}
RESULT: {"using":"css selector","value":"#shell-header-logo"}
COMMAND: POST /session/416ca3a003057b96434a2425fa5e92e2/element/f.E04F53A89B741A5C45B2DD6DE3A1F810.d.9226494FC8FD8424D8722E42A8B8319A.e.13981/click - {}
RESULT: {}
RESULT: {}
COMMAND: GET /session/416ca3a003057b96434a2425fa5e92e2/screenshot - {}
RESULT: {}
]]></system-out>
    </testcase>
    <testcase classname="chrome.136_0_7103_49.windows.Billing_transfer_US117289" name="Should do a stock increase" time="85.251">
      <system-out><![CDATA[
COMMAND: POST /session/416ca3a003057b96434a2425fa5e92e2/execute/async - {"script":"<script> [1562 bytes]","args":[{"selector":{"controlType":"sap.m.GenericTile","properties":{"header":"Manage Handovers"}},"wdio_ui5_key":"sapm.GenericTile{\"header\":\"Manage Handovers\"}"}]}
RESULT: {"script":"<script> [1562 bytes]","args":[{"selector":{"controlType":"sap.m.GenericTile","properties":{"header":"Manage Handovers"}},"wdio_ui5_key":"sapm.GenericTile{\"header\":\"Manage Handovers\"}"}]}
RESULT: undefined
COMMAND: POST /session/416ca3a003057b96434a2425fa5e92e2/element - {"using":"xpath","value":"//*[@id=\"__tile132\"]"}
RESULT: {"using":"xpath","value":"//*[@id=\"__tile132\"]"}
COMMAND: POST /session/416ca3a003057b96434a2425fa5e92e2/element/f.E04F53A89B741A5C45B2DD6DE3A1F810.d.9226494FC8FD8424D8722E42A8B8319A.e.13006/click - {}
RESULT: {}
COMMAND: GET /session/416ca3a003057b96434a2425fa5e92e2/screenshot - {}
RESULT: {}
COMMAND: POST /session/416ca3a003057b96434a2425fa5e92e2/elements - {"using":"xpath","value":"//span[text()='Error']"}
RESULT: {"using":"xpath","value":"//span[text()='Error']"}
COMMAND: POST /session/416ca3a003057b96434a2425fa5e92e2/element - {"using":"xpath","value":"//button[@data-kt=\"masterHOAddButton\"]"}
RESULT: {"using":"xpath","value":"//button[@data-kt=\"masterHOAddButton\"]"}
COMMAND: POST /session/416ca3a003057b96434a2425fa5e92e2/elements - {"using":"xpath","value":"//button[@data-kt=\"masterHOAddButton\"]"}
RESULT: {"using":"xpath","value":"//button[@data-kt=\"masterHOAddButton\"]"}
COMMAND: POST /session/416ca3a003057b96434a2425fa5e92e2/execute/sync - {"script":"<script> [8489 bytes]","args":[{"element-6066-11e4-a52e-4f735466cecf":"f.E04F53A89B741A5C45B2DD6DE3A1F810.d.9226494FC8FD8424D8722E42A8B8319A.e.14391","ELEMENT":"f.E04F53A89B741A5C45B2DD6DE3A1F810.d.9226494FC8FD8424D8722E42A8B8319A.e.14391"}]}
RESULT: {"script":"<script> [8489 bytes]","args":[{"element-6066-11e4-a52e-4f735466cecf":"f.E04F53A89B741A5C45B2DD6DE3A1F810.d.9226494FC8FD8424D8722E42A8B8319A.e.14391","ELEMENT":"f.E04F53A89B741A5C45B2DD6DE3A1F810.d.9226494FC8FD8424D8722E42A8B8319A.e.14391"}]}
COMMAND: GET /session/416ca3a003057b96434a2425fa5e92e2/element/f.E04F53A89B741A5C45B2DD6DE3A1F810.d.9226494FC8FD8424D8722E42A8B8319A.e.14391/enabled - {}
COMMAND: GET /session/416ca3a003057b96434a2425fa5e92e2/screenshot - {}
RESULT: {}
COMMAND: POST /session/416ca3a003057b96434a2425fa5e92e2/execute/sync - {"script":"<script> [8489 bytes]","args":[{"element-6066-11e4-a52e-4f735466cecf":"f.E04F53A89B741A5C45B2DD6DE3A1F810.d.9226494FC8FD8424D8722E42A8B8319A.e.14391","ELEMENT":"f.E04F53A89B741A5C45B2DD6DE3A1F810.d.9226494FC8FD8424D8722E42A8B8319A.e.14391"}]}
COMMAND: GET /session/416ca3a003057b96434a2425fa5e92e2/screenshot - {}
RESULT: {}
RESULT: {"script":"<script> [8489 bytes]","args":[{"element-6066-11e4-a52e-4f735466cecf":"f.E04F53A89B741A5C45B2DD6DE3A1F810.d.9226494FC8FD8424D8722E42A8B8319A.e.14391","ELEMENT":"f.E04F53A89B741A5C45B2DD6DE3A1F810.d.9226494FC8FD8424D8722E42A8B8319A.e.14391"}]}
COMMAND: POST /session/416ca3a003057b96434a2425fa5e92e2/execute/sync - {"script":"<script> [5351 bytes]","args":[{"element-6066-11e4-a52e-4f735466cecf":"f.E04F53A89B741A5C45B2DD6DE3A1F810.d.9226494FC8FD8424D8722E42A8B8319A.e.14391","ELEMENT":"f.E04F53A89B741A5C45B2DD6DE3A1F810.d.9226494FC8FD8424D8722E42A8B8319A.e.14391"}]}
COMMAND: GET /session/416ca3a003057b96434a2425fa5e92e2/screenshot - {}
RESULT: {}
RESULT: {"script":"<script> [5351 bytes]","args":[{"element-6066-11e4-a52e-4f735466cecf":"f.E04F53A89B741A5C45B2DD6DE3A1F810.d.9226494FC8FD8424D8722E42A8B8319A.e.14391","ELEMENT":"f.E04F53A89B741A5C45B2DD6DE3A1F810.d.9226494FC8FD8424D8722E42A8B8319A.e.14391"}]}
COMMAND: POST /session/416ca3a003057b96434a2425fa5e92e2/element/f.E04F53A89B741A5C45B2DD6DE3A1F810.d.9226494FC8FD8424D8722E42A8B8319A.e.14391/click - {}
COMMAND: GET /session/416ca3a003057b96434a2425fa5e92e2/screenshot - {}
RESULT: {}
RESULT: {}
COMMAND: GET /session/416ca3a003057b96434a2425fa5e92e2/screenshot - {}
COMMAND: POST /session/416ca3a003057b96434a2425fa5e92e2/element - {"using":"xpath","value":"//span[contains(@id ,\"AddNewHO--typeSelect-arrow\")]"}
RESULT: {}
RESULT: {}
RESULT: {"using":"xpath","value":"//span[contains(@id ,\"AddNewHO--typeSelect-arrow\")]"}
COMMAND: POST /session/416ca3a003057b96434a2425fa5e92e2/element/f.E04F53A89B741A5C45B2DD6DE3A1F810.d.9226494FC8FD8424D8722E42A8B8319A.e.14729/click - {}
RESULT: {}
COMMAND: GET /session/416ca3a003057b96434a2425fa5e92e2/screenshot - {}
RESULT: {}
COMMAND: POST /session/416ca3a003057b96434a2425fa5e92e2/element - {"using":"xpath","value":"(//li[contains(text(), \"stock increase yard\")])[1]"}
RESULT: {"using":"xpath","value":"(//li[contains(text(), \"stock increase yard\")])[1]"}
COMMAND: POST /session/416ca3a003057b96434a2425fa5e92e2/element/f.E04F53A89B741A5C45B2DD6DE3A1F810.d.9226494FC8FD8424D8722E42A8B8319A.e.14730/click - {}
RESULT: {}
COMMAND: GET /session/416ca3a003057b96434a2425fa5e92e2/screenshot - {}
RESULT: {}
COMMAND: POST /session/416ca3a003057b96434a2425fa5e92e2/execute/async - {"script":"<script> [1562 bytes]","args":[{"selector":{"id":"application-managehandovers-display-component---AddNewHO--dueDate","interaction":{"idSuffix":"inner"}},"wdio_ui5_key":"applicationmanagehandovers-display-component---AddNewHO--dueDate"}]}
RESULT: {"script":"<script> [1562 bytes]","args":[{"selector":{"id":"application-managehandovers-display-component---AddNewHO--dueDate","interaction":{"idSuffix":"inner"}},"wdio_ui5_key":"applicationmanagehandovers-display-component---AddNewHO--dueDate"}]}
RESULT: undefined
COMMAND: POST /session/416ca3a003057b96434a2425fa5e92e2/execute/async - {"script":"<script> [6424 bytes]","args":[{"element-6066-11e4-a52e-4f735466cecf":"f.E04F53A89B741A5C45B2DD6DE3A1F810.d.9226494FC8FD8424D8722E42A8B8319A.e.14732"},"setValue",["5/14/25"]]}
RESULT: {"script":"<script> [6424 bytes]","args":[{"element-6066-11e4-a52e-4f735466cecf":"f.E04F53A89B741A5C45B2DD6DE3A1F810.d.9226494FC8FD8424D8722E42A8B8319A.e.14732"},"setValue",["5/14/25"]]}
COMMAND: POST /session/416ca3a003057b96434a2425fa5e92e2/element - {"using":"xpath","value":"//input[@id=\"generalSectionFrg--receiveYard-inner\"]"}
RESULT: {"using":"xpath","value":"//input[@id=\"generalSectionFrg--receiveYard-inner\"]"}
COMMAND: POST /session/416ca3a003057b96434a2425fa5e92e2/element/f.E04F53A89B741A5C45B2DD6DE3A1F810.d.9226494FC8FD8424D8722E42A8B8319A.e.14736/clear - {}
RESULT: {}
COMMAND: POST /session/416ca3a003057b96434a2425fa5e92e2/element/f.E04F53A89B741A5C45B2DD6DE3A1F810.d.9226494FC8FD8424D8722E42A8B8319A.e.14736/value - {"text":"369"}
COMMAND: GET /session/416ca3a003057b96434a2425fa5e92e2/screenshot - {}
RESULT: {"text":"369"}
COMMAND: GET /session/416ca3a003057b96434a2425fa5e92e2/screenshot - {}
RESULT: {}
RESULT: {}
COMMAND: POST /session/416ca3a003057b96434a2425fa5e92e2/element - {"using":"xpath","value":"//li[.//span[text()='369']]"}
RESULT: {"using":"xpath","value":"//li[.//span[text()='369']]"}
COMMAND: POST /session/416ca3a003057b96434a2425fa5e92e2/element/f.E04F53A89B741A5C45B2DD6DE3A1F810.d.9226494FC8FD8424D8722E42A8B8319A.e.14754/click - {}
RESULT: {}
COMMAND: GET /session/416ca3a003057b96434a2425fa5e92e2/screenshot - {}
RESULT: {}
COMMAND: POST /session/416ca3a003057b96434a2425fa5e92e2/execute/async - {"script":"<script> [1562 bytes]","args":[{"selector":{"id":"application-managehandovers-display-component---AddNewHO--ObjectPageLayout-anchBar-application-managehandovers-display-component---AddNewHO--section4-anchor","interaction":{"idSuffix":"BDI-content"}},"wdio_ui5_key":"applicationmanagehandovers-display-component---AddNewHO--ObjectPageLayout-anchBar-application-managehandovers-display-component---AddNewHO--section4-anchor"}]}
RESULT: {"script":"<script> [1562 bytes]","args":[{"selector":{"id":"application-managehandovers-display-component---AddNewHO--ObjectPageLayout-anchBar-application-managehandovers-display-component---AddNewHO--section4-anchor","interaction":{"idSuffix":"BDI-content"}},"wdio_ui5_key":"applicationmanagehandovers-display-component---AddNewHO--ObjectPageLayout-anchBar-application-managehandovers-display-component---AddNewHO--section4-anchor"}]}
RESULT: undefined
COMMAND: POST /session/416ca3a003057b96434a2425fa5e92e2/element - {"using":"xpath","value":"//*[@id=\"application-managehandovers-display-component---AddNewHO--ObjectPageLayout-anchBar-application-managehandovers-display-component---AddNewHO--section4-anchor\"]"}
RESULT: {"using":"xpath","value":"//*[@id=\"application-managehandovers-display-component---AddNewHO--ObjectPageLayout-anchBar-application-managehandovers-display-component---AddNewHO--section4-anchor\"]"}
COMMAND: POST /session/416ca3a003057b96434a2425fa5e92e2/element/f.E04F53A89B741A5C45B2DD6DE3A1F810.d.9226494FC8FD8424D8722E42A8B8319A.e.14756/click - {}
RESULT: {}
COMMAND: POST /session/416ca3a003057b96434a2425fa5e92e2/element - {"using":"xpath","value":"//button[@aria-label=\"Add\"]"}
COMMAND: GET /session/416ca3a003057b96434a2425fa5e92e2/screenshot - {}
RESULT: {"using":"xpath","value":"//button[@aria-label=\"Add\"]"}
COMMAND: POST /session/416ca3a003057b96434a2425fa5e92e2/element/f.E04F53A89B741A5C45B2DD6DE3A1F810.d.9226494FC8FD8424D8722E42A8B8319A.e.14760/click - {}
RESULT: {}
RESULT: {}
COMMAND: GET /session/416ca3a003057b96434a2425fa5e92e2/screenshot - {}
RESULT: {}
COMMAND: POST /session/416ca3a003057b96434a2425fa5e92e2/execute/async - {"script":"<script> [1562 bytes]","args":[{"selector":{"id":"application-managehandovers-display-component---AddNewHO--smartFilterBar-btnBasicSearch","searchOpenDialogs":true,"interaction":{"idSuffix":"I"}},"wdio_ui5_key":"applicationmanagehandovers-display-component---AddNewHO--smartFilterBar-btnBasicSearch"}]}
RESULT: {"script":"<script> [1562 bytes]","args":[{"selector":{"id":"application-managehandovers-display-component---AddNewHO--smartFilterBar-btnBasicSearch","searchOpenDialogs":true,"interaction":{"idSuffix":"I"}},"wdio_ui5_key":"applicationmanagehandovers-display-component---AddNewHO--smartFilterBar-btnBasicSearch"}]}
RESULT: undefined
COMMAND: POST /session/416ca3a003057b96434a2425fa5e92e2/execute/async - {"script":"<script> [776 bytes]","args":[{"enterText":"5rb5Rf2OkM","selector":{"id":"application-managehandovers-display-component---AddNewHO--smartFilterBar-btnBasicSearch","searchOpenDialogs":true,"interaction":{"idSuffix":"I"}},"clearTextFirst":true,"interactionType":"ENTER_TEXT"}]}
RESULT: {"script":"<script> [776 bytes]","args":[{"enterText":"5rb5Rf2OkM","selector":{"id":"application-managehandovers-display-component---AddNewHO--smartFilterBar-btnBasicSearch","searchOpenDialogs":true,"interaction":{"idSuffix":"I"}},"clearTextFirst":true,"interactionType":"ENTER_TEXT"}]}
COMMAND: POST /session/416ca3a003057b96434a2425fa5e92e2/actions - {"actions":[{"id":"action55","type":"key","parameters":{},"actions":[{"type":"keyDown","value":"î€‡"},{"type":"pause","duration":10},{"type":"keyUp","value":"î€‡"}]}]}
RESULT: {"actions":[{"id":"action55","type":"key","parameters":{},"actions":[{"type":"keyDown","value":"î€‡"},{"type":"pause","duration":10},{"type":"keyUp","value":"î€‡"}]}]}
COMMAND: GET /session/416ca3a003057b96434a2425fa5e92e2/screenshot - {}
RESULT: {}
COMMAND: POST /session/416ca3a003057b96434a2425fa5e92e2/execute/async - {"script":"<script> [1562 bytes]","args":[{"selector":{"id":"application-managehandovers-display-component---AddNewHO--popup-sa","searchOpenDialogs":true,"interaction":{"idSuffix":"CbBg"}},"wdio_ui5_key":"applicationmanagehandovers-display-component---AddNewHO--popup-sa"}]}
RESULT: {"script":"<script> [1562 bytes]","args":[{"selector":{"id":"application-managehandovers-display-component---AddNewHO--popup-sa","searchOpenDialogs":true,"interaction":{"idSuffix":"CbBg"}},"wdio_ui5_key":"applicationmanagehandovers-display-component---AddNewHO--popup-sa"}]}
RESULT: undefined
COMMAND: POST /session/416ca3a003057b96434a2425fa5e92e2/element - {"using":"xpath","value":"//*[@id=\"application-managehandovers-display-component---AddNewHO--popup-sa\"]"}
RESULT: {"using":"xpath","value":"//*[@id=\"application-managehandovers-display-component---AddNewHO--popup-sa\"]"}
COMMAND: POST /session/416ca3a003057b96434a2425fa5e92e2/element/f.E04F53A89B741A5C45B2DD6DE3A1F810.d.9226494FC8FD8424D8722E42A8B8319A.e.14912/click - {}
RESULT: {}
COMMAND: GET /session/416ca3a003057b96434a2425fa5e92e2/screenshot - {}
RESULT: {}
COMMAND: POST /session/416ca3a003057b96434a2425fa5e92e2/element - {"using":"xpath","value":"//bdi[contains(text(), \"Select\")]"}
RESULT: {"using":"xpath","value":"//bdi[contains(text(), \"Select\")]"}
COMMAND: POST /session/416ca3a003057b96434a2425fa5e92e2/element/f.E04F53A89B741A5C45B2DD6DE3A1F810.d.9226494FC8FD8424D8722E42A8B8319A.e.14913/click - {}
RESULT: {}
COMMAND: GET /session/416ca3a003057b96434a2425fa5e92e2/screenshot - {}
RESULT: {}
COMMAND: POST /session/416ca3a003057b96434a2425fa5e92e2/element - {"using":"xpath","value":"//button[@data-kt=\"AddNewHOSaveButton\"]"}
RESULT: {"using":"xpath","value":"//button[@data-kt=\"AddNewHOSaveButton\"]"}
COMMAND: POST /session/416ca3a003057b96434a2425fa5e92e2/element/f.E04F53A89B741A5C45B2DD6DE3A1F810.d.9226494FC8FD8424D8722E42A8B8319A.e.14917/click - {}
RESULT: {}
COMMAND: GET /session/416ca3a003057b96434a2425fa5e92e2/screenshot - {}
RESULT: {}
COMMAND: POST /session/416ca3a003057b96434a2425fa5e92e2/execute/async - {"script":"<script> [1562 bytes]","args":[{"selector":{"id":"receiptDatePicker","viewName":"etm.portal.ui.managehandovers.view.DetailExecuteHO","interaction":{"idSuffix":"inner"}},"wdio_ui5_key":"receiptDatePickeretmportal.ui.managehandovers.view.DetailExecuteHO"}]}
RESULT: {"script":"<script> [1562 bytes]","args":[{"selector":{"id":"receiptDatePicker","viewName":"etm.portal.ui.managehandovers.view.DetailExecuteHO","interaction":{"idSuffix":"inner"}},"wdio_ui5_key":"receiptDatePickeretmportal.ui.managehandovers.view.DetailExecuteHO"}]}
RESULT: undefined
COMMAND: POST /session/416ca3a003057b96434a2425fa5e92e2/execute/async - {"script":"<script> [6424 bytes]","args":[{"element-6066-11e4-a52e-4f735466cecf":"f.E04F53A89B741A5C45B2DD6DE3A1F810.d.9226494FC8FD8424D8722E42A8B8319A.e.14936"},"setValue",["5/14/25"]]}
RESULT: {"script":"<script> [6424 bytes]","args":[{"element-6066-11e4-a52e-4f735466cecf":"f.E04F53A89B741A5C45B2DD6DE3A1F810.d.9226494FC8FD8424D8722E42A8B8319A.e.14936"},"setValue",["5/14/25"]]}
COMMAND: POST /session/416ca3a003057b96434a2425fa5e92e2/element - {"using":"xpath","value":"//button[@data-kt=\"PickingTableConfirmAllButton\"]"}
RESULT: {"using":"xpath","value":"//button[@data-kt=\"PickingTableConfirmAllButton\"]"}
COMMAND: POST /session/416ca3a003057b96434a2425fa5e92e2/element/f.E04F53A89B741A5C45B2DD6DE3A1F810.d.9226494FC8FD8424D8722E42A8B8319A.e.14950/click - {}
RESULT: {}
COMMAND: GET /session/416ca3a003057b96434a2425fa5e92e2/screenshot - {}
RESULT: {}
COMMAND: POST /session/416ca3a003057b96434a2425fa5e92e2/element - {"using":"xpath","value":"//bdi[contains(text(), \"OK\")]"}
RESULT: {"using":"xpath","value":"//bdi[contains(text(), \"OK\")]"}
COMMAND: POST /session/416ca3a003057b96434a2425fa5e92e2/element/f.E04F53A89B741A5C45B2DD6DE3A1F810.d.9226494FC8FD8424D8722E42A8B8319A.e.14952/click - {}
RESULT: {}
COMMAND: GET /session/416ca3a003057b96434a2425fa5e92e2/screenshot - {}
RESULT: {}
COMMAND: POST /session/416ca3a003057b96434a2425fa5e92e2/element - {"using":"xpath","value":"(//bdi[contains(text(), \"Receive\")])[2]"}
RESULT: {"using":"xpath","value":"(//bdi[contains(text(), \"Receive\")])[2]"}
COMMAND: POST /session/416ca3a003057b96434a2425fa5e92e2/element/f.E04F53A89B741A5C45B2DD6DE3A1F810.d.9226494FC8FD8424D8722E42A8B8319A.e.14954/click - {}
RESULT: {}
COMMAND: GET /session/416ca3a003057b96434a2425fa5e92e2/screenshot - {}
RESULT: {}
COMMAND: POST /session/416ca3a003057b96434a2425fa5e92e2/element - {"using":"css selector","value":"#shell-header-logo"}
RESULT: {"using":"css selector","value":"#shell-header-logo"}
COMMAND: POST /session/416ca3a003057b96434a2425fa5e92e2/element/f.E04F53A89B741A5C45B2DD6DE3A1F810.d.9226494FC8FD8424D8722E42A8B8319A.e.14356/click - {}
RESULT: {}
COMMAND: GET /session/416ca3a003057b96434a2425fa5e92e2/screenshot - {}
RESULT: {}
]]></system-out>
    </testcase>
    <testcase classname="chrome.136_0_7103_49.windows.Billing_transfer_US117289" name="Should create a new contract" time="57.747">
      <system-out><![CDATA[
COMMAND: POST /session/416ca3a003057b96434a2425fa5e92e2/execute/async - {"script":"<script> [1562 bytes]","args":[{"selector":{"controlType":"sap.m.GenericTile","properties":{"header":"Manage Contracts"}},"wdio_ui5_key":"sapm.GenericTile{\"header\":\"Manage Contracts\"}"}]}
RESULT: {"script":"<script> [1562 bytes]","args":[{"selector":{"controlType":"sap.m.GenericTile","properties":{"header":"Manage Contracts"}},"wdio_ui5_key":"sapm.GenericTile{\"header\":\"Manage Contracts\"}"}]}
RESULT: undefined
COMMAND: POST /session/416ca3a003057b96434a2425fa5e92e2/element - {"using":"xpath","value":"//*[@id=\"__tile133\"]"}
RESULT: {"using":"xpath","value":"//*[@id=\"__tile133\"]"}
COMMAND: POST /session/416ca3a003057b96434a2425fa5e92e2/element/f.E04F53A89B741A5C45B2DD6DE3A1F810.d.9226494FC8FD8424D8722E42A8B8319A.e.13033/click - {}
RESULT: {}
COMMAND: GET /session/416ca3a003057b96434a2425fa5e92e2/screenshot - {}
RESULT: {}
COMMAND: POST /session/416ca3a003057b96434a2425fa5e92e2/elements - {"using":"xpath","value":"//span[text()='Error']"}
RESULT: {"using":"xpath","value":"//span[text()='Error']"}
COMMAND: POST /session/416ca3a003057b96434a2425fa5e92e2/element - {"using":"xpath","value":"//button[@data-kt=\"addButton\"]"}
RESULT: {"using":"xpath","value":"//button[@data-kt=\"addButton\"]"}
COMMAND: POST /session/416ca3a003057b96434a2425fa5e92e2/elements - {"using":"xpath","value":"//button[@data-kt=\"addButton\"]"}
RESULT: {"using":"xpath","value":"//button[@data-kt=\"addButton\"]"}
COMMAND: POST /session/416ca3a003057b96434a2425fa5e92e2/execute/sync - {"script":"<script> [8489 bytes]","args":[{"element-6066-11e4-a52e-4f735466cecf":"f.E04F53A89B741A5C45B2DD6DE3A1F810.d.9226494FC8FD8424D8722E42A8B8319A.e.15177","ELEMENT":"f.E04F53A89B741A5C45B2DD6DE3A1F810.d.9226494FC8FD8424D8722E42A8B8319A.e.15177"}]}
RESULT: {"script":"<script> [8489 bytes]","args":[{"element-6066-11e4-a52e-4f735466cecf":"f.E04F53A89B741A5C45B2DD6DE3A1F810.d.9226494FC8FD8424D8722E42A8B8319A.e.15177","ELEMENT":"f.E04F53A89B741A5C45B2DD6DE3A1F810.d.9226494FC8FD8424D8722E42A8B8319A.e.15177"}]}
COMMAND: GET /session/416ca3a003057b96434a2425fa5e92e2/element/f.E04F53A89B741A5C45B2DD6DE3A1F810.d.9226494FC8FD8424D8722E42A8B8319A.e.15177/enabled - {}
COMMAND: GET /session/416ca3a003057b96434a2425fa5e92e2/screenshot - {}
RESULT: {}
RESULT: {}
COMMAND: POST /session/416ca3a003057b96434a2425fa5e92e2/execute/sync - {"script":"<script> [8489 bytes]","args":[{"element-6066-11e4-a52e-4f735466cecf":"f.E04F53A89B741A5C45B2DD6DE3A1F810.d.9226494FC8FD8424D8722E42A8B8319A.e.15177","ELEMENT":"f.E04F53A89B741A5C45B2DD6DE3A1F810.d.9226494FC8FD8424D8722E42A8B8319A.e.15177"}]}
COMMAND: GET /session/416ca3a003057b96434a2425fa5e92e2/screenshot - {}
RESULT: {"script":"<script> [8489 bytes]","args":[{"element-6066-11e4-a52e-4f735466cecf":"f.E04F53A89B741A5C45B2DD6DE3A1F810.d.9226494FC8FD8424D8722E42A8B8319A.e.15177","ELEMENT":"f.E04F53A89B741A5C45B2DD6DE3A1F810.d.9226494FC8FD8424D8722E42A8B8319A.e.15177"}]}
COMMAND: POST /session/416ca3a003057b96434a2425fa5e92e2/execute/sync - {"script":"<script> [5351 bytes]","args":[{"element-6066-11e4-a52e-4f735466cecf":"f.E04F53A89B741A5C45B2DD6DE3A1F810.d.9226494FC8FD8424D8722E42A8B8319A.e.15177","ELEMENT":"f.E04F53A89B741A5C45B2DD6DE3A1F810.d.9226494FC8FD8424D8722E42A8B8319A.e.15177"}]}
COMMAND: GET /session/416ca3a003057b96434a2425fa5e92e2/screenshot - {}
RESULT: {}
RESULT: {"script":"<script> [5351 bytes]","args":[{"element-6066-11e4-a52e-4f735466cecf":"f.E04F53A89B741A5C45B2DD6DE3A1F810.d.9226494FC8FD8424D8722E42A8B8319A.e.15177","ELEMENT":"f.E04F53A89B741A5C45B2DD6DE3A1F810.d.9226494FC8FD8424D8722E42A8B8319A.e.15177"}]}
COMMAND: GET /session/416ca3a003057b96434a2425fa5e92e2/screenshot - {}
RESULT: {}
RESULT: {}
COMMAND: POST /session/416ca3a003057b96434a2425fa5e92e2/element/f.E04F53A89B741A5C45B2DD6DE3A1F810.d.9226494FC8FD8424D8722E42A8B8319A.e.15177/click - {}
RESULT: {}
COMMAND: GET /session/416ca3a003057b96434a2425fa5e92e2/screenshot - {}
COMMAND: POST /session/416ca3a003057b96434a2425fa5e92e2/execute/async - {"script":"<script> [1562 bytes]","args":[{"selector":{"id":"application-managecontracts-display-component---AddNewContract--projectDescription","interaction":{"idSuffix":"inner"}},"wdio_ui5_key":"applicationmanagecontracts-display-component---AddNewContract--projectDescription"}]}
RESULT: {}
RESULT: {"script":"<script> [1562 bytes]","args":[{"selector":{"id":"application-managecontracts-display-component---AddNewContract--projectDescription","interaction":{"idSuffix":"inner"}},"wdio_ui5_key":"applicationmanagecontracts-display-component---AddNewContract--projectDescription"}]}
RESULT: undefined
COMMAND: POST /session/416ca3a003057b96434a2425fa5e92e2/execute/async - {"script":"<script> [776 bytes]","args":[{"enterText":"Contract WDIO","selector":{"id":"application-managecontracts-display-component---AddNewContract--projectDescription","interaction":{"idSuffix":"inner"}},"clearTextFirst":true,"interactionType":"ENTER_TEXT"}]}
RESULT: {"script":"<script> [776 bytes]","args":[{"enterText":"Contract WDIO","selector":{"id":"application-managecontracts-display-component---AddNewContract--projectDescription","interaction":{"idSuffix":"inner"}},"clearTextFirst":true,"interactionType":"ENTER_TEXT"}]}
COMMAND: POST /session/416ca3a003057b96434a2425fa5e92e2/element - {"using":"xpath","value":"//input[@id=\"application-managecontracts-display-component---AddNewContract--site-inner\"]"}
RESULT: {"using":"xpath","value":"//input[@id=\"application-managecontracts-display-component---AddNewContract--site-inner\"]"}
COMMAND: POST /session/416ca3a003057b96434a2425fa5e92e2/element/f.E04F53A89B741A5C45B2DD6DE3A1F810.d.9226494FC8FD8424D8722E42A8B8319A.e.15527/clear - {}
RESULT: {}
COMMAND: POST /session/416ca3a003057b96434a2425fa5e92e2/element/f.E04F53A89B741A5C45B2DD6DE3A1F810.d.9226494FC8FD8424D8722E42A8B8319A.e.15527/value - {"text":"2152"}
COMMAND: GET /session/416ca3a003057b96434a2425fa5e92e2/screenshot - {}
RESULT: {"text":"2152"}
COMMAND: GET /session/416ca3a003057b96434a2425fa5e92e2/screenshot - {}
RESULT: {}
RESULT: {}
COMMAND: POST /session/416ca3a003057b96434a2425fa5e92e2/element - {"using":"xpath","value":"//li[.//span[text()='2152']]"}
RESULT: {"using":"xpath","value":"//li[.//span[text()='2152']]"}
COMMAND: POST /session/416ca3a003057b96434a2425fa5e92e2/element/f.E04F53A89B741A5C45B2DD6DE3A1F810.d.9226494FC8FD8424D8722E42A8B8319A.e.15557/click - {}
RESULT: {}
COMMAND: GET /session/416ca3a003057b96434a2425fa5e92e2/screenshot - {}
RESULT: {}
COMMAND: POST /session/416ca3a003057b96434a2425fa5e92e2/element - {"using":"xpath","value":"//input[@id=\"application-managecontracts-display-component---AddNewContract--yardId-inner\"]"}
RESULT: {"using":"xpath","value":"//input[@id=\"application-managecontracts-display-component---AddNewContract--yardId-inner\"]"}
COMMAND: GET /session/416ca3a003057b96434a2425fa5e92e2/element/f.E04F53A89B741A5C45B2DD6DE3A1F810.d.9226494FC8FD8424D8722E42A8B8319A.e.15528/property/value - {}
RESULT: {}
COMMAND: POST /session/416ca3a003057b96434a2425fa5e92e2/element - {"using":"xpath","value":"//input[@id=\"application-managecontracts-display-component---AddNewContract--customerSelect-inner\"]"}
COMMAND: GET /session/416ca3a003057b96434a2425fa5e92e2/screenshot - {}
RESULT: {"using":"xpath","value":"//input[@id=\"application-managecontracts-display-component---AddNewContract--customerSelect-inner\"]"}
COMMAND: POST /session/416ca3a003057b96434a2425fa5e92e2/element/f.E04F53A89B741A5C45B2DD6DE3A1F810.d.9226494FC8FD8424D8722E42A8B8319A.e.15526/clear - {}
RESULT: {}
RESULT: {}
COMMAND: POST /session/416ca3a003057b96434a2425fa5e92e2/element/f.E04F53A89B741A5C45B2DD6DE3A1F810.d.9226494FC8FD8424D8722E42A8B8319A.e.15526/value - {"text":"1186"}
COMMAND: GET /session/416ca3a003057b96434a2425fa5e92e2/screenshot - {}
RESULT: {"text":"1186"}
COMMAND: GET /session/416ca3a003057b96434a2425fa5e92e2/screenshot - {}
RESULT: {}
RESULT: {}
COMMAND: POST /session/416ca3a003057b96434a2425fa5e92e2/element - {"using":"xpath","value":"//li[.//span[text()='1186']]"}
RESULT: {"using":"xpath","value":"//li[.//span[text()='1186']]"}
COMMAND: POST /session/416ca3a003057b96434a2425fa5e92e2/element/f.E04F53A89B741A5C45B2DD6DE3A1F810.d.9226494FC8FD8424D8722E42A8B8319A.e.15560/click - {}
RESULT: {}
COMMAND: GET /session/416ca3a003057b96434a2425fa5e92e2/screenshot - {}
RESULT: {}
COMMAND: POST /session/416ca3a003057b96434a2425fa5e92e2/element - {"using":"xpath","value":"//button[@data-kt=\"saveButton\"]"}
RESULT: {"using":"xpath","value":"//button[@data-kt=\"saveButton\"]"}
COMMAND: POST /session/416ca3a003057b96434a2425fa5e92e2/element/f.E04F53A89B741A5C45B2DD6DE3A1F810.d.9226494FC8FD8424D8722E42A8B8319A.e.15561/click - {}
RESULT: {}
COMMAND: GET /session/416ca3a003057b96434a2425fa5e92e2/screenshot - {}
RESULT: {}
COMMAND: POST /session/416ca3a003057b96434a2425fa5e92e2/element - {"using":"xpath","value":"//span[contains(@id ,\"contractDetailTitleNoExpanded\")]"}
RESULT: {"using":"xpath","value":"//span[contains(@id ,\"contractDetailTitleNoExpanded\")]"}
COMMAND: POST /session/416ca3a003057b96434a2425fa5e92e2/elements - {"using":"xpath","value":"//span[contains(@id ,\"contractDetailTitleNoExpanded\")]"}
RESULT: {"using":"xpath","value":"//span[contains(@id ,\"contractDetailTitleNoExpanded\")]"}
COMMAND: POST /session/416ca3a003057b96434a2425fa5e92e2/execute/sync - {"script":"<script> [56 bytes]","args":[{"element-6066-11e4-a52e-4f735466cecf":"f.E04F53A89B741A5C45B2DD6DE3A1F810.d.9226494FC8FD8424D8722E42A8B8319A.e.15569","ELEMENT":"f.E04F53A89B741A5C45B2DD6DE3A1F810.d.9226494FC8FD8424D8722E42A8B8319A.e.15569"}]}
RESULT: {"script":"<script> [56 bytes]","args":[{"element-6066-11e4-a52e-4f735466cecf":"f.E04F53A89B741A5C45B2DD6DE3A1F810.d.9226494FC8FD8424D8722E42A8B8319A.e.15569","ELEMENT":"f.E04F53A89B741A5C45B2DD6DE3A1F810.d.9226494FC8FD8424D8722E42A8B8319A.e.15569"}]}
COMMAND: GET /session/416ca3a003057b96434a2425fa5e92e2/screenshot - {}
RESULT: {}
]]></system-out>
    </testcase>
    <testcase classname="chrome.136_0_7103_49.windows.Billing_transfer_US117289" name="Should add created equipment to contract" time="46.155">
      <system-out><![CDATA[
COMMAND: POST /session/416ca3a003057b96434a2425fa5e92e2/element - {"using":"xpath","value":"//button[@data-kt=\"contractDetailEditBtnButton\"]"}
RESULT: {"using":"xpath","value":"//button[@data-kt=\"contractDetailEditBtnButton\"]"}
COMMAND: POST /session/416ca3a003057b96434a2425fa5e92e2/element/f.E04F53A89B741A5C45B2DD6DE3A1F810.d.9226494FC8FD8424D8722E42A8B8319A.e.15572/click - {}
RESULT: {}
COMMAND: GET /session/416ca3a003057b96434a2425fa5e92e2/screenshot - {}
RESULT: {}
COMMAND: POST /session/416ca3a003057b96434a2425fa5e92e2/element - {"using":"xpath","value":"(//span[contains(text(), \"Additional Addresses\")])[2]"}
RESULT: {"using":"xpath","value":"(//span[contains(text(), \"Additional Addresses\")])[2]"}
COMMAND: POST /session/416ca3a003057b96434a2425fa5e92e2/element/f.E04F53A89B741A5C45B2DD6DE3A1F810.d.9226494FC8FD8424D8722E42A8B8319A.e.15626/click - {}
RESULT: {}
COMMAND: GET /session/416ca3a003057b96434a2425fa5e92e2/screenshot - {}
RESULT: {}
COMMAND: POST /session/416ca3a003057b96434a2425fa5e92e2/element - {"using":"xpath","value":"//button[@data-kt=\"btnAddTableRowOverflowToolbarButton\"]"}
RESULT: {"using":"xpath","value":"//button[@data-kt=\"btnAddTableRowOverflowToolbarButton\"]"}
COMMAND: POST /session/416ca3a003057b96434a2425fa5e92e2/element/f.E04F53A89B741A5C45B2DD6DE3A1F810.d.9226494FC8FD8424D8722E42A8B8319A.e.15630/click - {}
RESULT: {}
COMMAND: GET /session/416ca3a003057b96434a2425fa5e92e2/screenshot - {}
RESULT: {}
COMMAND: POST /session/416ca3a003057b96434a2425fa5e92e2/element - {"using":"xpath","value":"//div[(text() = 'Standard Entry' or . = 'Standard Entry')]"}
RESULT: {"using":"xpath","value":"//div[(text() = 'Standard Entry' or . = 'Standard Entry')]"}
COMMAND: POST /session/416ca3a003057b96434a2425fa5e92e2/element/f.E04F53A89B741A5C45B2DD6DE3A1F810.d.9226494FC8FD8424D8722E42A8B8319A.e.15632/click - {}
RESULT: {}
COMMAND: GET /session/416ca3a003057b96434a2425fa5e92e2/screenshot - {}
RESULT: {}
COMMAND: POST /session/416ca3a003057b96434a2425fa5e92e2/element - {"using":"xpath","value":"//td[7]/div/div/input"}
RESULT: {"using":"xpath","value":"//td[7]/div/div/input"}
COMMAND: POST /session/416ca3a003057b96434a2425fa5e92e2/element/f.E04F53A89B741A5C45B2DD6DE3A1F810.d.9226494FC8FD8424D8722E42A8B8319A.e.15641/clear - {}
RESULT: {}
COMMAND: POST /session/416ca3a003057b96434a2425fa5e92e2/element/f.E04F53A89B741A5C45B2DD6DE3A1F810.d.9226494FC8FD8424D8722E42A8B8319A.e.15641/value - {"text":"5rb5Rf2OkM"}
COMMAND: GET /session/416ca3a003057b96434a2425fa5e92e2/screenshot - {}
RESULT: {"text":"5rb5Rf2OkM"}
COMMAND: GET /session/416ca3a003057b96434a2425fa5e92e2/screenshot - {}
RESULT: {}
RESULT: {}
COMMAND: POST /session/416ca3a003057b96434a2425fa5e92e2/actions - {"actions":[{"id":"action56","type":"key","parameters":{},"actions":[{"type":"keyDown","value":"î€‡"},{"type":"pause","duration":10},{"type":"keyUp","value":"î€‡"}]}]}
RESULT: {"actions":[{"id":"action56","type":"key","parameters":{},"actions":[{"type":"keyDown","value":"î€‡"},{"type":"pause","duration":10},{"type":"keyUp","value":"î€‡"}]}]}
COMMAND: GET /session/416ca3a003057b96434a2425fa5e92e2/screenshot - {}
RESULT: {}
COMMAND: POST /session/416ca3a003057b96434a2425fa5e92e2/execute/sync - {"script":"<script> [276 bytes]","args":["No pricing information was found"]}
RESULT: {"script":"<script> [276 bytes]","args":["No pricing information was found"]}
COMMAND: POST /session/416ca3a003057b96434a2425fa5e92e2/element - {"using":"xpath","value":"(//button[@data-kt=\"saveButton\"])[2]"}
COMMAND: GET /session/416ca3a003057b96434a2425fa5e92e2/screenshot - {}
RESULT: {"using":"xpath","value":"(//button[@data-kt=\"saveButton\"])[2]"}
COMMAND: POST /session/416ca3a003057b96434a2425fa5e92e2/element/f.E04F53A89B741A5C45B2DD6DE3A1F810.d.9226494FC8FD8424D8722E42A8B8319A.e.15656/click - {}
RESULT: {}
RESULT: {}
COMMAND: GET /session/416ca3a003057b96434a2425fa5e92e2/screenshot - {}
RESULT: {}
COMMAND: POST /session/416ca3a003057b96434a2425fa5e92e2/execute/sync - {"script":"<script> [276 bytes]","args":["Some contract items are having rental validity exceeding header rental validity"]}
RESULT: {"script":"<script> [276 bytes]","args":["Some contract items are having rental validity exceeding header rental validity"]}
COMMAND: GET /session/416ca3a003057b96434a2425fa5e92e2/screenshot - {}
RESULT: {}
COMMAND: POST /session/416ca3a003057b96434a2425fa5e92e2/element - {"using":"xpath","value":"//span[contains(@id ,\"contractItemsSmartTable-header-inner\")]"}
RESULT: {"using":"xpath","value":"//span[contains(@id ,\"contractItemsSmartTable-header-inner\")]"}
COMMAND: POST /session/416ca3a003057b96434a2425fa5e92e2/elements - {"using":"xpath","value":"//span[contains(@id ,\"contractItemsSmartTable-header-inner\")]"}
RESULT: {"using":"xpath","value":"//span[contains(@id ,\"contractItemsSmartTable-header-inner\")]"}
COMMAND: POST /session/416ca3a003057b96434a2425fa5e92e2/execute/sync - {"script":"<script> [56 bytes]","args":[{"element-6066-11e4-a52e-4f735466cecf":"f.E04F53A89B741A5C45B2DD6DE3A1F810.d.9226494FC8FD8424D8722E42A8B8319A.e.15665","ELEMENT":"f.E04F53A89B741A5C45B2DD6DE3A1F810.d.9226494FC8FD8424D8722E42A8B8319A.e.15665"}]}
RESULT: {"script":"<script> [56 bytes]","args":[{"element-6066-11e4-a52e-4f735466cecf":"f.E04F53A89B741A5C45B2DD6DE3A1F810.d.9226494FC8FD8424D8722E42A8B8319A.e.15665","ELEMENT":"f.E04F53A89B741A5C45B2DD6DE3A1F810.d.9226494FC8FD8424D8722E42A8B8319A.e.15665"}]}
]]></system-out>
    </testcase>
    <testcase classname="chrome.136_0_7103_49.windows.Billing_transfer_US117289" name="Should do a provide to site handover" time="61.104">
      <system-out><![CDATA[
COMMAND: POST /session/416ca3a003057b96434a2425fa5e92e2/element - {"using":"xpath","value":"//button[@data-kt=\"provideButton\"]"}
COMMAND: GET /session/416ca3a003057b96434a2425fa5e92e2/screenshot - {}
RESULT: {"using":"xpath","value":"//button[@data-kt=\"provideButton\"]"}
COMMAND: POST /session/416ca3a003057b96434a2425fa5e92e2/element/f.E04F53A89B741A5C45B2DD6DE3A1F810.d.9226494FC8FD8424D8722E42A8B8319A.e.15666/click - {}
RESULT: {}
RESULT: {}
COMMAND: GET /session/416ca3a003057b96434a2425fa5e92e2/screenshot - {}
RESULT: {}
RESULT: undefined
COMMAND: POST /session/416ca3a003057b96434a2425fa5e92e2/execute/async - {"script":"<script> [6424 bytes]","args":[{"element-6066-11e4-a52e-4f735466cecf":"f.E04F53A89B741A5C45B2DD6DE3A1F810.d.9226494FC8FD8424D8722E42A8B8319A.e.14732"},"setValue",["5/14/25"]]}
COMMAND: POST /session/416ca3a003057b96434a2425fa5e92e2/execute/async - {"script":"<script> [1562 bytes]","args":[{"selector":{"id":"application-managehandovers-display-component---AddNewHO--dueDate","interaction":{"idSuffix":"inner"}},"wdio_ui5_key":"applicationmanagehandovers-display-component---AddNewHO--dueDate"}]}
RESULT: {"script":"<script> [1562 bytes]","args":[{"selector":{"id":"application-managehandovers-display-component---AddNewHO--dueDate","interaction":{"idSuffix":"inner"}},"wdio_ui5_key":"applicationmanagehandovers-display-component---AddNewHO--dueDate"}]}
COMMAND: POST /session/416ca3a003057b96434a2425fa5e92e2/execute/async - {"script":"<script> [6424 bytes]","args":[{"element-6066-11e4-a52e-4f735466cecf":"f.E04F53A89B741A5C45B2DD6DE3A1F810.d.9226494FC8FD8424D8722E42A8B8319A.e.15742"},"setValue",["5/14/25"]]}
RESULT: {"script":"<script> [6424 bytes]","args":[{"element-6066-11e4-a52e-4f735466cecf":"f.E04F53A89B741A5C45B2DD6DE3A1F810.d.9226494FC8FD8424D8722E42A8B8319A.e.15742"},"setValue",["5/14/25"]]}
COMMAND: POST /session/416ca3a003057b96434a2425fa5e92e2/element - {"using":"xpath","value":"//bdi[contains(text(), \"Instructions\")]"}
RESULT: {"using":"xpath","value":"//bdi[contains(text(), \"Instructions\")]"}
COMMAND: POST /session/416ca3a003057b96434a2425fa5e92e2/element/f.E04F53A89B741A5C45B2DD6DE3A1F810.d.9226494FC8FD8424D8722E42A8B8319A.e.15974/click - {}
RESULT: {}
COMMAND: GET /session/416ca3a003057b96434a2425fa5e92e2/screenshot - {}
RESULT: {}
COMMAND: POST /session/416ca3a003057b96434a2425fa5e92e2/element - {"using":"xpath","value":"//button[@data-kt=\"AddNewHOProvideAddItemsButton\"]"}
RESULT: {"using":"xpath","value":"//button[@data-kt=\"AddNewHOProvideAddItemsButton\"]"}
COMMAND: POST /session/416ca3a003057b96434a2425fa5e92e2/element/f.E04F53A89B741A5C45B2DD6DE3A1F810.d.9226494FC8FD8424D8722E42A8B8319A.e.15978/click - {}
RESULT: {}
COMMAND: GET /session/416ca3a003057b96434a2425fa5e92e2/screenshot - {}
RESULT: {}
RESULT: undefined
COMMAND: POST /session/416ca3a003057b96434a2425fa5e92e2/element - {"using":"xpath","value":"//*[@id=\"application-managehandovers-display-component---AddNewHO--popup-sa\"]"}
RESULT: {"using":"xpath","value":"//*[@id=\"application-managehandovers-display-component---AddNewHO--popup-sa\"]"}
COMMAND: POST /session/416ca3a003057b96434a2425fa5e92e2/element/f.E04F53A89B741A5C45B2DD6DE3A1F810.d.9226494FC8FD8424D8722E42A8B8319A.e.15993/click - {}
RESULT: {}
COMMAND: GET /session/416ca3a003057b96434a2425fa5e92e2/screenshot - {}
RESULT: {}
COMMAND: POST /session/416ca3a003057b96434a2425fa5e92e2/element - {"using":"xpath","value":"//*[contains(@id ,\"BDI-content\")][contains(text(), \"Select\")]"}
RESULT: {"using":"xpath","value":"//*[contains(@id ,\"BDI-content\")][contains(text(), \"Select\")]"}
COMMAND: POST /session/416ca3a003057b96434a2425fa5e92e2/element/f.E04F53A89B741A5C45B2DD6DE3A1F810.d.9226494FC8FD8424D8722E42A8B8319A.e.15995/click - {}
RESULT: {}
COMMAND: GET /session/416ca3a003057b96434a2425fa5e92e2/screenshot - {}
RESULT: {}
COMMAND: POST /session/416ca3a003057b96434a2425fa5e92e2/execute/async - {"script":"<script> [1562 bytes]","args":[{"selector":{"id":"application-managehandovers-display-component---AddNewHO--confirmCreationButton","interaction":{"idSuffix":"BDI-content"}},"wdio_ui5_key":"applicationmanagehandovers-display-component---AddNewHO--confirmCreationButton"}]}
RESULT: {"script":"<script> [1562 bytes]","args":[{"selector":{"id":"application-managehandovers-display-component---AddNewHO--confirmCreationButton","interaction":{"idSuffix":"BDI-content"}},"wdio_ui5_key":"applicationmanagehandovers-display-component---AddNewHO--confirmCreationButton"}]}
RESULT: undefined
COMMAND: POST /session/416ca3a003057b96434a2425fa5e92e2/element - {"using":"xpath","value":"//*[@id=\"application-managehandovers-display-component---AddNewHO--confirmCreationButton\"]"}
RESULT: {"using":"xpath","value":"//*[@id=\"application-managehandovers-display-component---AddNewHO--confirmCreationButton\"]"}
COMMAND: POST /session/416ca3a003057b96434a2425fa5e92e2/element/f.E04F53A89B741A5C45B2DD6DE3A1F810.d.9226494FC8FD8424D8722E42A8B8319A.e.15786/click - {}
RESULT: {}
COMMAND: GET /session/416ca3a003057b96434a2425fa5e92e2/screenshot - {}
RESULT: {}
COMMAND: POST /session/416ca3a003057b96434a2425fa5e92e2/execute/async - {"script":"<script> [1562 bytes]","args":[{"selector":{"id":"issueDatePicker","viewName":"etm.portal.ui.managehandovers.view.DetailExecuteHO","interaction":{"idSuffix":"inner"}},"wdio_ui5_key":"issueDatePickeretmportal.ui.managehandovers.view.DetailExecuteHO"}]}
RESULT: {"script":"<script> [1562 bytes]","args":[{"selector":{"id":"issueDatePicker","viewName":"etm.portal.ui.managehandovers.view.DetailExecuteHO","interaction":{"idSuffix":"inner"}},"wdio_ui5_key":"issueDatePickeretmportal.ui.managehandovers.view.DetailExecuteHO"}]}
RESULT: undefined
COMMAND: POST /session/416ca3a003057b96434a2425fa5e92e2/execute/async - {"script":"<script> [776 bytes]","args":[{"enterText":"5/14/25","selector":{"id":"issueDatePicker","viewName":"etm.portal.ui.managehandovers.view.DetailExecuteHO","interaction":{"idSuffix":"inner"}},"clearTextFirst":true,"interactionType":"ENTER_TEXT"}]}
RESULT: {"script":"<script> [776 bytes]","args":[{"enterText":"5/14/25","selector":{"id":"issueDatePicker","viewName":"etm.portal.ui.managehandovers.view.DetailExecuteHO","interaction":{"idSuffix":"inner"}},"clearTextFirst":true,"interactionType":"ENTER_TEXT"}]}
COMMAND: POST /session/416ca3a003057b96434a2425fa5e92e2/element - {"using":"xpath","value":"//bdi[contains(text(), \"OK\")]"}
RESULT: {"using":"xpath","value":"//bdi[contains(text(), \"OK\")]"}
COMMAND: POST /session/416ca3a003057b96434a2425fa5e92e2/element/f.E04F53A89B741A5C45B2DD6DE3A1F810.d.9226494FC8FD8424D8722E42A8B8319A.e.16056/click - {}
RESULT: {}
COMMAND: GET /session/416ca3a003057b96434a2425fa5e92e2/screenshot - {}
RESULT: {}
COMMAND: POST /session/416ca3a003057b96434a2425fa5e92e2/element - {"using":"xpath","value":"//button[@data-kt=\"PickingTableConfirmAllButton\"]"}
RESULT: {"using":"xpath","value":"//button[@data-kt=\"PickingTableConfirmAllButton\"]"}
COMMAND: POST /session/416ca3a003057b96434a2425fa5e92e2/element/f.E04F53A89B741A5C45B2DD6DE3A1F810.d.9226494FC8FD8424D8722E42A8B8319A.e.16062/click - {}
RESULT: {}
COMMAND: GET /session/416ca3a003057b96434a2425fa5e92e2/screenshot - {}
RESULT: {}
COMMAND: POST /session/416ca3a003057b96434a2425fa5e92e2/element - {"using":"xpath","value":"//bdi[contains(text(), \"OK\")]"}
RESULT: {"using":"xpath","value":"//bdi[contains(text(), \"OK\")]"}
COMMAND: POST /session/416ca3a003057b96434a2425fa5e92e2/element/f.E04F53A89B741A5C45B2DD6DE3A1F810.d.9226494FC8FD8424D8722E42A8B8319A.e.16066/click - {}
RESULT: {}
COMMAND: GET /session/416ca3a003057b96434a2425fa5e92e2/screenshot - {}
RESULT: {}
COMMAND: POST /session/416ca3a003057b96434a2425fa5e92e2/element - {"using":"xpath","value":"//bdi[contains(text(), \"Issue\")]"}
RESULT: {"using":"xpath","value":"//bdi[contains(text(), \"Issue\")]"}
COMMAND: POST /session/416ca3a003057b96434a2425fa5e92e2/element/f.E04F53A89B741A5C45B2DD6DE3A1F810.d.9226494FC8FD8424D8722E42A8B8319A.e.16067/click - {}
RESULT: {}
COMMAND: GET /session/416ca3a003057b96434a2425fa5e92e2/screenshot - {}
RESULT: {}
COMMAND: POST /session/416ca3a003057b96434a2425fa5e92e2/element - {"using":"css selector","value":"#shell-header-logo"}
RESULT: {"using":"css selector","value":"#shell-header-logo"}
COMMAND: POST /session/416ca3a003057b96434a2425fa5e92e2/element/f.E04F53A89B741A5C45B2DD6DE3A1F810.d.9226494FC8FD8424D8722E42A8B8319A.e.15126/click - {}
RESULT: {}
COMMAND: GET /session/416ca3a003057b96434a2425fa5e92e2/screenshot - {}
RESULT: {}
]]></system-out>
    </testcase>
    <testcase classname="chrome.136_0_7103_49.windows.Billing_transfer_US117289" name="Should navigate to Manage Billings and trigger contract calculation business confirm it" time="57.259">
      <system-out><![CDATA[
COMMAND: POST /session/416ca3a003057b96434a2425fa5e92e2/execute/async - {"script":"<script> [1562 bytes]","args":[{"selector":{"controlType":"sap.m.GenericTile","properties":{"header":"Manage Billings"}},"wdio_ui5_key":"sapm.GenericTile{\"header\":\"Manage Billings\"}"}]}
RESULT: {"script":"<script> [1562 bytes]","args":[{"selector":{"controlType":"sap.m.GenericTile","properties":{"header":"Manage Billings"}},"wdio_ui5_key":"sapm.GenericTile{\"header\":\"Manage Billings\"}"}]}
RESULT: undefined
COMMAND: POST /session/416ca3a003057b96434a2425fa5e92e2/element - {"using":"xpath","value":"//*[@id=\"__tile51\"]"}
RESULT: {"using":"xpath","value":"//*[@id=\"__tile51\"]"}
COMMAND: POST /session/416ca3a003057b96434a2425fa5e92e2/element/f.E04F53A89B741A5C45B2DD6DE3A1F810.d.9226494FC8FD8424D8722E42A8B8319A.e.13060/click - {}
RESULT: {}
COMMAND: GET /session/416ca3a003057b96434a2425fa5e92e2/screenshot - {}
RESULT: {}
COMMAND: POST /session/416ca3a003057b96434a2425fa5e92e2/elements - {"using":"xpath","value":"//span[text()='Error']"}
RESULT: {"using":"xpath","value":"//span[text()='Error']"}
COMMAND: POST /session/416ca3a003057b96434a2425fa5e92e2/execute/async - {"script":"<script> [1562 bytes]","args":[{"selector":{"id":"application-managebillings-display-component---billRunCalcResult--smartFilterBar-btnBasicSearch","interaction":{"idSuffix":"I"}},"wdio_ui5_key":"applicationmanagebillings-display-component---billRunCalcResult--smartFilterBar-btnBasicSearch"}]}
RESULT: {"script":"<script> [1562 bytes]","args":[{"selector":{"id":"application-managebillings-display-component---billRunCalcResult--smartFilterBar-btnBasicSearch","interaction":{"idSuffix":"I"}},"wdio_ui5_key":"applicationmanagebillings-display-component---billRunCalcResult--smartFilterBar-btnBasicSearch"}]}
RESULT: undefined
COMMAND: POST /session/416ca3a003057b96434a2425fa5e92e2/execute/async - {"script":"<script> [776 bytes]","args":[{"enterText":"10218","selector":{"id":"application-managebillings-display-component---billRunCalcResult--smartFilterBar-btnBasicSearch","interaction":{"idSuffix":"I"}},"clearTextFirst":true,"interactionType":"ENTER_TEXT"}]}
RESULT: {"script":"<script> [776 bytes]","args":[{"enterText":"10218","selector":{"id":"application-managebillings-display-component---billRunCalcResult--smartFilterBar-btnBasicSearch","interaction":{"idSuffix":"I"}},"clearTextFirst":true,"interactionType":"ENTER_TEXT"}]}
COMMAND: POST /session/416ca3a003057b96434a2425fa5e92e2/actions - {"actions":[{"id":"action57","type":"key","parameters":{},"actions":[{"type":"keyDown","value":"î€‡"},{"type":"pause","duration":10},{"type":"keyUp","value":"î€‡"}]}]}
RESULT: {"actions":[{"id":"action57","type":"key","parameters":{},"actions":[{"type":"keyDown","value":"î€‡"},{"type":"pause","duration":10},{"type":"keyUp","value":"î€‡"}]}]}
COMMAND: GET /session/416ca3a003057b96434a2425fa5e92e2/screenshot - {}
RESULT: {}
COMMAND: POST /session/416ca3a003057b96434a2425fa5e92e2/element - {"using":"xpath","value":"//td[@aria-colindex=\"1\"]/div/div[contains(@class, \"sapMCbBg\")]"}
RESULT: {"using":"xpath","value":"//td[@aria-colindex=\"1\"]/div/div[contains(@class, \"sapMCbBg\")]"}
COMMAND: POST /session/416ca3a003057b96434a2425fa5e92e2/element/f.E04F53A89B741A5C45B2DD6DE3A1F810.d.9226494FC8FD8424D8722E42A8B8319A.e.16461/click - {}
RESULT: {}
COMMAND: GET /session/416ca3a003057b96434a2425fa5e92e2/screenshot - {}
RESULT: {}
COMMAND: POST /session/416ca3a003057b96434a2425fa5e92e2/execute/async - {"script":"<script> [1562 bytes]","args":[{"selector":{"id":"application-managebillings-display-component---billRunCalcResult--contractBillRunDate","interaction":{"idSuffix":"inner"}},"wdio_ui5_key":"applicationmanagebillings-display-component---billRunCalcResult--contractBillRunDate"}]}
RESULT: {"script":"<script> [1562 bytes]","args":[{"selector":{"id":"application-managebillings-display-component---billRunCalcResult--contractBillRunDate","interaction":{"idSuffix":"inner"}},"wdio_ui5_key":"applicationmanagebillings-display-component---billRunCalcResult--contractBillRunDate"}]}
RESULT: undefined
COMMAND: POST /session/416ca3a003057b96434a2425fa5e92e2/execute/async - {"script":"<script> [776 bytes]","args":[{"enterText":"6/14/25","selector":{"id":"application-managebillings-display-component---billRunCalcResult--contractBillRunDate","interaction":{"idSuffix":"inner"}},"clearTextFirst":true,"interactionType":"ENTER_TEXT"}]}
RESULT: {"script":"<script> [776 bytes]","args":[{"enterText":"6/14/25","selector":{"id":"application-managebillings-display-component---billRunCalcResult--contractBillRunDate","interaction":{"idSuffix":"inner"}},"clearTextFirst":true,"interactionType":"ENTER_TEXT"}]}
COMMAND: POST /session/416ca3a003057b96434a2425fa5e92e2/element - {"using":"xpath","value":"//bdi[contains(text(), \"Trigger Calculation\")]"}
RESULT: {"using":"xpath","value":"//bdi[contains(text(), \"Trigger Calculation\")]"}
COMMAND: POST /session/416ca3a003057b96434a2425fa5e92e2/element/f.E04F53A89B741A5C45B2DD6DE3A1F810.d.9226494FC8FD8424D8722E42A8B8319A.e.16483/click - {}
RESULT: {}
COMMAND: GET /session/416ca3a003057b96434a2425fa5e92e2/screenshot - {}
RESULT: {}
COMMAND: POST /session/416ca3a003057b96434a2425fa5e92e2/element - {"using":"xpath","value":"(//span[contains(@id, \"imgNav\")])[1]"}
RESULT: {"using":"xpath","value":"(//span[contains(@id, \"imgNav\")])[1]"}
COMMAND: POST /session/416ca3a003057b96434a2425fa5e92e2/element/f.E04F53A89B741A5C45B2DD6DE3A1F810.d.9226494FC8FD8424D8722E42A8B8319A.e.16475/click - {}
RESULT: {}
COMMAND: GET /session/416ca3a003057b96434a2425fa5e92e2/screenshot - {}
RESULT: {}
COMMAND: POST /session/416ca3a003057b96434a2425fa5e92e2/execute/async - {"script":"<script> [1562 bytes]","args":[{"selector":{"controlType":"sap.ui.core.Icon","viewName":"etm.portal.ui.managebillings.view.Master","viewId":"application-managebillings-display-component---billRunCalcResult","properties":{"src":{"regex":{"source":"slim\\-arrow\\-right"}}}},"wdio_ui5_key":"etmportal.ui.managebillings.view.Mastersap.ui.core.Icon{\"src\":{\"regex\":{\"source\":\"slim\\\\-arrow\\\\-right\"}}}"}]}
RESULT: {"script":"<script> [1562 bytes]","args":[{"selector":{"controlType":"sap.ui.core.Icon","viewName":"etm.portal.ui.managebillings.view.Master","viewId":"application-managebillings-display-component---billRunCalcResult","properties":{"src":{"regex":{"source":"slim\\-arrow\\-right"}}}},"wdio_ui5_key":"etmportal.ui.managebillings.view.Mastersap.ui.core.Icon{\"src\":{\"regex\":{\"source\":\"slim\\\\-arrow\\\\-right\"}}}"}]}
RESULT: undefined
COMMAND: POST /session/416ca3a003057b96434a2425fa5e92e2/element - {"using":"xpath","value":"//*[@id=\"__item1570-application-managebillings-display-component---billRunCalcResult--billingRunsTable-0-imgNav\"]"}
RESULT: {"using":"xpath","value":"//*[@id=\"__item1570-application-managebillings-display-component---billRunCalcResult--billingRunsTable-0-imgNav\"]"}
COMMAND: POST /session/416ca3a003057b96434a2425fa5e92e2/element/f.E04F53A89B741A5C45B2DD6DE3A1F810.d.9226494FC8FD8424D8722E42A8B8319A.e.16489/click - {}
RESULT: {}
COMMAND: POST /session/416ca3a003057b96434a2425fa5e92e2/execute/async - {"script":"<script> [1562 bytes]","args":[{"selector":{"id":"application-managebillings-display-component---billRunCalcResult--btnConf","interaction":{"idSuffix":"BDI-content"}},"wdio_ui5_key":"applicationmanagebillings-display-component---billRunCalcResult--btnConf"}]}
COMMAND: GET /session/416ca3a003057b96434a2425fa5e92e2/screenshot - {}
RESULT: {"script":"<script> [1562 bytes]","args":[{"selector":{"id":"application-managebillings-display-component---billRunCalcResult--btnConf","interaction":{"idSuffix":"BDI-content"}},"wdio_ui5_key":"applicationmanagebillings-display-component---billRunCalcResult--btnConf"}]}
RESULT: undefined
COMMAND: POST /session/416ca3a003057b96434a2425fa5e92e2/element - {"using":"xpath","value":"//*[@id=\"application-managebillings-display-component---billRunCalcResult--btnConf\"]"}
RESULT: {}
RESULT: {"using":"xpath","value":"//*[@id=\"application-managebillings-display-component---billRunCalcResult--btnConf\"]"}
COMMAND: POST /session/416ca3a003057b96434a2425fa5e92e2/element/f.E04F53A89B741A5C45B2DD6DE3A1F810.d.9226494FC8FD8424D8722E42A8B8319A.e.16521/click - {}
RESULT: {}
COMMAND: POST /session/416ca3a003057b96434a2425fa5e92e2/element - {"using":"css selector","value":"#shell-header-logo"}
COMMAND: GET /session/416ca3a003057b96434a2425fa5e92e2/screenshot - {}
RESULT: {"using":"css selector","value":"#shell-header-logo"}
COMMAND: POST /session/416ca3a003057b96434a2425fa5e92e2/element/f.E04F53A89B741A5C45B2DD6DE3A1F810.d.9226494FC8FD8424D8722E42A8B8319A.e.16247/click - {}
RESULT: {}
RESULT: {}
COMMAND: GET /session/416ca3a003057b96434a2425fa5e92e2/screenshot - {}
RESULT: {}
]]></system-out>
    </testcase>
    <testcase classname="chrome.136_0_7103_49.windows.Billing_transfer_US117289" name="Should trigger Billing Transfer process all the way to completion" time="70.954">
      <system-out><![CDATA[
COMMAND: POST /session/416ca3a003057b96434a2425fa5e92e2/execute/async - {"script":"<script> [1562 bytes]","args":[{"selector":{"controlType":"sap.m.GenericTile","properties":{"header":"Billing Transfer"}},"wdio_ui5_key":"sapm.GenericTile{\"header\":\"Billing Transfer\"}"}]}
RESULT: {"script":"<script> [1562 bytes]","args":[{"selector":{"controlType":"sap.m.GenericTile","properties":{"header":"Billing Transfer"}},"wdio_ui5_key":"sapm.GenericTile{\"header\":\"Billing Transfer\"}"}]}
RESULT: undefined
COMMAND: POST /session/416ca3a003057b96434a2425fa5e92e2/element - {"using":"xpath","value":"//*[@id=\"__tile50\"]"}
RESULT: {"using":"xpath","value":"//*[@id=\"__tile50\"]"}
COMMAND: POST /session/416ca3a003057b96434a2425fa5e92e2/element/f.E04F53A89B741A5C45B2DD6DE3A1F810.d.9226494FC8FD8424D8722E42A8B8319A.e.13058/click - {}
RESULT: {}
COMMAND: GET /session/416ca3a003057b96434a2425fa5e92e2/screenshot - {}
RESULT: {}
COMMAND: POST /session/416ca3a003057b96434a2425fa5e92e2/elements - {"using":"xpath","value":"//span[text()='Error']"}
RESULT: {"using":"xpath","value":"//span[text()='Error']"}
COMMAND: POST /session/416ca3a003057b96434a2425fa5e92e2/element - {"using":"xpath","value":"//input[contains(@id ,\"application-billingtransfer-display-component---billingWorkbench--smartFilterBar-btnBasicSearch\")]"}
RESULT: {"using":"xpath","value":"//input[contains(@id ,\"application-billingtransfer-display-component---billingWorkbench--smartFilterBar-btnBasicSearch\")]"}
COMMAND: POST /session/416ca3a003057b96434a2425fa5e92e2/elements - {"using":"xpath","value":"//input[contains(@id ,\"application-billingtransfer-display-component---billingWorkbench--smartFilterBar-btnBasicSearch\")]"}
RESULT: {"using":"xpath","value":"//input[contains(@id ,\"application-billingtransfer-display-component---billingWorkbench--smartFilterBar-btnBasicSearch\")]"}
COMMAND: POST /session/416ca3a003057b96434a2425fa5e92e2/execute/sync - {"script":"<script> [8489 bytes]","args":[{"element-6066-11e4-a52e-4f735466cecf":"f.E04F53A89B741A5C45B2DD6DE3A1F810.d.9226494FC8FD8424D8722E42A8B8319A.e.16560","ELEMENT":"f.E04F53A89B741A5C45B2DD6DE3A1F810.d.9226494FC8FD8424D8722E42A8B8319A.e.16560"}]}
RESULT: {"script":"<script> [8489 bytes]","args":[{"element-6066-11e4-a52e-4f735466cecf":"f.E04F53A89B741A5C45B2DD6DE3A1F810.d.9226494FC8FD8424D8722E42A8B8319A.e.16560","ELEMENT":"f.E04F53A89B741A5C45B2DD6DE3A1F810.d.9226494FC8FD8424D8722E42A8B8319A.e.16560"}]}
COMMAND: GET /session/416ca3a003057b96434a2425fa5e92e2/element/f.E04F53A89B741A5C45B2DD6DE3A1F810.d.9226494FC8FD8424D8722E42A8B8319A.e.16560/enabled - {}
COMMAND: GET /session/416ca3a003057b96434a2425fa5e92e2/screenshot - {}
RESULT: {}
COMMAND: POST /session/416ca3a003057b96434a2425fa5e92e2/element/f.E04F53A89B741A5C45B2DD6DE3A1F810.d.9226494FC8FD8424D8722E42A8B8319A.e.16560/click - {}
COMMAND: GET /session/416ca3a003057b96434a2425fa5e92e2/screenshot - {}
RESULT: {}
RESULT: {}
COMMAND: GET /session/416ca3a003057b96434a2425fa5e92e2/screenshot - {}
RESULT: {}
RESULT: {}
COMMAND: POST /session/416ca3a003057b96434a2425fa5e92e2/element/f.E04F53A89B741A5C45B2DD6DE3A1F810.d.9226494FC8FD8424D8722E42A8B8319A.e.16560/clear - {}
RESULT: {}
COMMAND: POST /session/416ca3a003057b96434a2425fa5e92e2/element/f.E04F53A89B741A5C45B2DD6DE3A1F810.d.9226494FC8FD8424D8722E42A8B8319A.e.16560/value - {"text":"10218"}
COMMAND: GET /session/416ca3a003057b96434a2425fa5e92e2/screenshot - {}
RESULT: {"text":"10218"}
COMMAND: POST /session/416ca3a003057b96434a2425fa5e92e2/actions - {"actions":[{"id":"action58","type":"key","parameters":{},"actions":[{"type":"keyDown","value":"î€‡"},{"type":"pause","duration":10},{"type":"keyUp","value":"î€‡"}]}]}
COMMAND: GET /session/416ca3a003057b96434a2425fa5e92e2/screenshot - {}
RESULT: {}
RESULT: {"actions":[{"id":"action58","type":"key","parameters":{},"actions":[{"type":"keyDown","value":"î€‡"},{"type":"pause","duration":10},{"type":"keyUp","value":"î€‡"}]}]}
COMMAND: GET /session/416ca3a003057b96434a2425fa5e92e2/screenshot - {}
RESULT: {}
RESULT: {}
COMMAND: POST /session/416ca3a003057b96434a2425fa5e92e2/element - {"using":"xpath","value":"//span[contains(@id ,\"application-billingtransfer-display-component---billingWorkbench--smartTableBillingRuns-header-inner\")]"}
RESULT: {"using":"xpath","value":"//span[contains(@id ,\"application-billingtransfer-display-component---billingWorkbench--smartTableBillingRuns-header-inner\")]"}
COMMAND: POST /session/416ca3a003057b96434a2425fa5e92e2/elements - {"using":"xpath","value":"//span[contains(@id ,\"application-billingtransfer-display-component---billingWorkbench--smartTableBillingRuns-header-inner\")]"}
RESULT: {"using":"xpath","value":"//span[contains(@id ,\"application-billingtransfer-display-component---billingWorkbench--smartTableBillingRuns-header-inner\")]"}
COMMAND: POST /session/416ca3a003057b96434a2425fa5e92e2/execute/sync - {"script":"<script> [56 bytes]","args":[{"element-6066-11e4-a52e-4f735466cecf":"f.E04F53A89B741A5C45B2DD6DE3A1F810.d.9226494FC8FD8424D8722E42A8B8319A.e.16760","ELEMENT":"f.E04F53A89B741A5C45B2DD6DE3A1F810.d.9226494FC8FD8424D8722E42A8B8319A.e.16760"}]}
RESULT: {"script":"<script> [56 bytes]","args":[{"element-6066-11e4-a52e-4f735466cecf":"f.E04F53A89B741A5C45B2DD6DE3A1F810.d.9226494FC8FD8424D8722E42A8B8319A.e.16760","ELEMENT":"f.E04F53A89B741A5C45B2DD6DE3A1F810.d.9226494FC8FD8424D8722E42A8B8319A.e.16760"}]}
COMMAND: POST /session/416ca3a003057b96434a2425fa5e92e2/element - {"using":"xpath","value":"//td[@aria-colindex=\"1\"]/div/div[contains(@class, \"sapMCbBg\")]"}
COMMAND: GET /session/416ca3a003057b96434a2425fa5e92e2/screenshot - {}
RESULT: {"using":"xpath","value":"//td[@aria-colindex=\"1\"]/div/div[contains(@class, \"sapMCbBg\")]"}
COMMAND: POST /session/416ca3a003057b96434a2425fa5e92e2/element/f.E04F53A89B741A5C45B2DD6DE3A1F810.d.9226494FC8FD8424D8722E42A8B8319A.e.16704/click - {}
RESULT: {}
RESULT: {}
COMMAND: GET /session/416ca3a003057b96434a2425fa5e92e2/screenshot - {}
RESULT: {}
COMMAND: POST /session/416ca3a003057b96434a2425fa5e92e2/element - {"using":"xpath","value":"//bdi[contains(text(), \"Check\")]"}
RESULT: {"using":"xpath","value":"//bdi[contains(text(), \"Check\")]"}
COMMAND: POST /session/416ca3a003057b96434a2425fa5e92e2/element/f.E04F53A89B741A5C45B2DD6DE3A1F810.d.9226494FC8FD8424D8722E42A8B8319A.e.16761/click - {}
RESULT: {}
COMMAND: GET /session/416ca3a003057b96434a2425fa5e92e2/screenshot - {}
RESULT: {}
COMMAND: POST /session/416ca3a003057b96434a2425fa5e92e2/element - {"using":"xpath","value":"//bdi[contains(text(), \"OK\")]"}
RESULT: {"using":"xpath","value":"//bdi[contains(text(), \"OK\")]"}
COMMAND: POST /session/416ca3a003057b96434a2425fa5e92e2/element/f.E04F53A89B741A5C45B2DD6DE3A1F810.d.9226494FC8FD8424D8722E42A8B8319A.e.16764/click - {}
RESULT: {}
COMMAND: GET /session/416ca3a003057b96434a2425fa5e92e2/screenshot - {}
RESULT: {}
COMMAND: POST /session/416ca3a003057b96434a2425fa5e92e2/element - {"using":"xpath","value":"(//span[contains(text(), \"CO/SD checked\")]/parent::div/preceding-sibling::div/span)[1]"}
RESULT: {"using":"xpath","value":"(//span[contains(text(), \"CO/SD checked\")]/parent::div/preceding-sibling::div/span)[1]"}
COMMAND: POST /session/416ca3a003057b96434a2425fa5e92e2/element/f.E04F53A89B741A5C45B2DD6DE3A1F810.d.9226494FC8FD8424D8722E42A8B8319A.e.16765/click - {}
RESULT: {}
COMMAND: GET /session/416ca3a003057b96434a2425fa5e92e2/screenshot - {}
RESULT: {}
COMMAND: POST /session/416ca3a003057b96434a2425fa5e92e2/element - {"using":"xpath","value":"//input[contains(@id ,\"application-billingtransfer-display-component---billingWorkbench--smartFilterBar-btnBasicSearch\")]"}
RESULT: {"using":"xpath","value":"//input[contains(@id ,\"application-billingtransfer-display-component---billingWorkbench--smartFilterBar-btnBasicSearch\")]"}
COMMAND: POST /session/416ca3a003057b96434a2425fa5e92e2/elements - {"using":"xpath","value":"//input[contains(@id ,\"application-billingtransfer-display-component---billingWorkbench--smartFilterBar-btnBasicSearch\")]"}
RESULT: {"using":"xpath","value":"//input[contains(@id ,\"application-billingtransfer-display-component---billingWorkbench--smartFilterBar-btnBasicSearch\")]"}
COMMAND: POST /session/416ca3a003057b96434a2425fa5e92e2/execute/sync - {"script":"<script> [8489 bytes]","args":[{"element-6066-11e4-a52e-4f735466cecf":"f.E04F53A89B741A5C45B2DD6DE3A1F810.d.9226494FC8FD8424D8722E42A8B8319A.e.16560","ELEMENT":"f.E04F53A89B741A5C45B2DD6DE3A1F810.d.9226494FC8FD8424D8722E42A8B8319A.e.16560"}]}
RESULT: {"script":"<script> [8489 bytes]","args":[{"element-6066-11e4-a52e-4f735466cecf":"f.E04F53A89B741A5C45B2DD6DE3A1F810.d.9226494FC8FD8424D8722E42A8B8319A.e.16560","ELEMENT":"f.E04F53A89B741A5C45B2DD6DE3A1F810.d.9226494FC8FD8424D8722E42A8B8319A.e.16560"}]}
COMMAND: GET /session/416ca3a003057b96434a2425fa5e92e2/element/f.E04F53A89B741A5C45B2DD6DE3A1F810.d.9226494FC8FD8424D8722E42A8B8319A.e.16560/enabled - {}
COMMAND: GET /session/416ca3a003057b96434a2425fa5e92e2/screenshot - {}
RESULT: {}
COMMAND: POST /session/416ca3a003057b96434a2425fa5e92e2/element/f.E04F53A89B741A5C45B2DD6DE3A1F810.d.9226494FC8FD8424D8722E42A8B8319A.e.16560/click - {}
COMMAND: GET /session/416ca3a003057b96434a2425fa5e92e2/screenshot - {}
RESULT: {}
RESULT: {}
RESULT: {}
COMMAND: GET /session/416ca3a003057b96434a2425fa5e92e2/screenshot - {}
RESULT: {}
COMMAND: POST /session/416ca3a003057b96434a2425fa5e92e2/element/f.E04F53A89B741A5C45B2DD6DE3A1F810.d.9226494FC8FD8424D8722E42A8B8319A.e.16560/clear - {}
RESULT: {}
COMMAND: POST /session/416ca3a003057b96434a2425fa5e92e2/element/f.E04F53A89B741A5C45B2DD6DE3A1F810.d.9226494FC8FD8424D8722E42A8B8319A.e.16560/value - {"text":"10218"}
COMMAND: GET /session/416ca3a003057b96434a2425fa5e92e2/screenshot - {}
RESULT: {"text":"10218"}
COMMAND: POST /session/416ca3a003057b96434a2425fa5e92e2/actions - {"actions":[{"id":"action59","type":"key","parameters":{},"actions":[{"type":"keyDown","value":"î€‡"},{"type":"pause","duration":10},{"type":"keyUp","value":"î€‡"}]}]}
COMMAND: GET /session/416ca3a003057b96434a2425fa5e92e2/screenshot - {}
RESULT: {}
RESULT: {"actions":[{"id":"action59","type":"key","parameters":{},"actions":[{"type":"keyDown","value":"î€‡"},{"type":"pause","duration":10},{"type":"keyUp","value":"î€‡"}]}]}
COMMAND: GET /session/416ca3a003057b96434a2425fa5e92e2/screenshot - {}
RESULT: {}
RESULT: {}
COMMAND: POST /session/416ca3a003057b96434a2425fa5e92e2/element - {"using":"xpath","value":"//span[contains(@id ,\"application-billingtransfer-display-component---billingWorkbench--smartTableBillingRuns-header-inner\")]"}
RESULT: {"using":"xpath","value":"//span[contains(@id ,\"application-billingtransfer-display-component---billingWorkbench--smartTableBillingRuns-header-inner\")]"}
COMMAND: POST /session/416ca3a003057b96434a2425fa5e92e2/elements - {"using":"xpath","value":"//span[contains(@id ,\"application-billingtransfer-display-component---billingWorkbench--smartTableBillingRuns-header-inner\")]"}
RESULT: {"using":"xpath","value":"//span[contains(@id ,\"application-billingtransfer-display-component---billingWorkbench--smartTableBillingRuns-header-inner\")]"}
COMMAND: POST /session/416ca3a003057b96434a2425fa5e92e2/execute/sync - {"script":"<script> [56 bytes]","args":[{"element-6066-11e4-a52e-4f735466cecf":"f.E04F53A89B741A5C45B2DD6DE3A1F810.d.9226494FC8FD8424D8722E42A8B8319A.e.16760","ELEMENT":"f.E04F53A89B741A5C45B2DD6DE3A1F810.d.9226494FC8FD8424D8722E42A8B8319A.e.16760"}]}
RESULT: {"script":"<script> [56 bytes]","args":[{"element-6066-11e4-a52e-4f735466cecf":"f.E04F53A89B741A5C45B2DD6DE3A1F810.d.9226494FC8FD8424D8722E42A8B8319A.e.16760","ELEMENT":"f.E04F53A89B741A5C45B2DD6DE3A1F810.d.9226494FC8FD8424D8722E42A8B8319A.e.16760"}]}
COMMAND: POST /session/416ca3a003057b96434a2425fa5e92e2/element - {"using":"xpath","value":"//td[@aria-colindex=\"1\"]/div/div[contains(@class, \"sapMCbBg\")]"}
COMMAND: GET /session/416ca3a003057b96434a2425fa5e92e2/screenshot - {}
RESULT: {"using":"xpath","value":"//td[@aria-colindex=\"1\"]/div/div[contains(@class, \"sapMCbBg\")]"}
COMMAND: POST /session/416ca3a003057b96434a2425fa5e92e2/element/f.E04F53A89B741A5C45B2DD6DE3A1F810.d.9226494FC8FD8424D8722E42A8B8319A.e.16769/click - {}
RESULT: {}
RESULT: {}
COMMAND: GET /session/416ca3a003057b96434a2425fa5e92e2/screenshot - {}
RESULT: {}
COMMAND: POST /session/416ca3a003057b96434a2425fa5e92e2/element - {"using":"xpath","value":"//bdi[text()=\"Transfer\"]"}
RESULT: {"using":"xpath","value":"//bdi[text()=\"Transfer\"]"}
COMMAND: POST /session/416ca3a003057b96434a2425fa5e92e2/element/f.E04F53A89B741A5C45B2DD6DE3A1F810.d.9226494FC8FD8424D8722E42A8B8319A.e.16770/click - {}
RESULT: {}
COMMAND: GET /session/416ca3a003057b96434a2425fa5e92e2/screenshot - {}
RESULT: {}
COMMAND: POST /session/416ca3a003057b96434a2425fa5e92e2/element - {"using":"xpath","value":"//bdi[contains(text(), \"OK\")]"}
RESULT: {"using":"xpath","value":"//bdi[contains(text(), \"OK\")]"}
COMMAND: POST /session/416ca3a003057b96434a2425fa5e92e2/element/f.E04F53A89B741A5C45B2DD6DE3A1F810.d.9226494FC8FD8424D8722E42A8B8319A.e.16773/click - {}
RESULT: {}
COMMAND: GET /session/416ca3a003057b96434a2425fa5e92e2/screenshot - {}
RESULT: {}
COMMAND: POST /session/416ca3a003057b96434a2425fa5e92e2/element - {"using":"xpath","value":"(//span[contains(text(), \"Completed\")]/parent::div/preceding-sibling::div/span)[1]"}
RESULT: {"using":"xpath","value":"(//span[contains(text(), \"Completed\")]/parent::div/preceding-sibling::div/span)[1]"}
COMMAND: POST /session/416ca3a003057b96434a2425fa5e92e2/element/f.E04F53A89B741A5C45B2DD6DE3A1F810.d.9226494FC8FD8424D8722E42A8B8319A.e.16781/click - {}
RESULT: {}
COMMAND: POST /session/416ca3a003057b96434a2425fa5e92e2/element - {"using":"xpath","value":"//input[contains(@id ,\"application-billingtransfer-display-component---billingWorkbench--smartFilterBar-btnBasicSearch\")]"}
COMMAND: GET /session/416ca3a003057b96434a2425fa5e92e2/screenshot - {}
RESULT: {"using":"xpath","value":"//input[contains(@id ,\"application-billingtransfer-display-component---billingWorkbench--smartFilterBar-btnBasicSearch\")]"}
COMMAND: POST /session/416ca3a003057b96434a2425fa5e92e2/elements - {"using":"xpath","value":"//input[contains(@id ,\"application-billingtransfer-display-component---billingWorkbench--smartFilterBar-btnBasicSearch\")]"}
RESULT: {}
RESULT: {"using":"xpath","value":"//input[contains(@id ,\"application-billingtransfer-display-component---billingWorkbench--smartFilterBar-btnBasicSearch\")]"}
COMMAND: POST /session/416ca3a003057b96434a2425fa5e92e2/execute/sync - {"script":"<script> [8489 bytes]","args":[{"element-6066-11e4-a52e-4f735466cecf":"f.E04F53A89B741A5C45B2DD6DE3A1F810.d.9226494FC8FD8424D8722E42A8B8319A.e.16560","ELEMENT":"f.E04F53A89B741A5C45B2DD6DE3A1F810.d.9226494FC8FD8424D8722E42A8B8319A.e.16560"}]}
RESULT: {"script":"<script> [8489 bytes]","args":[{"element-6066-11e4-a52e-4f735466cecf":"f.E04F53A89B741A5C45B2DD6DE3A1F810.d.9226494FC8FD8424D8722E42A8B8319A.e.16560","ELEMENT":"f.E04F53A89B741A5C45B2DD6DE3A1F810.d.9226494FC8FD8424D8722E42A8B8319A.e.16560"}]}
COMMAND: GET /session/416ca3a003057b96434a2425fa5e92e2/element/f.E04F53A89B741A5C45B2DD6DE3A1F810.d.9226494FC8FD8424D8722E42A8B8319A.e.16560/enabled - {}
COMMAND: GET /session/416ca3a003057b96434a2425fa5e92e2/screenshot - {}
RESULT: {}
COMMAND: POST /session/416ca3a003057b96434a2425fa5e92e2/element/f.E04F53A89B741A5C45B2DD6DE3A1F810.d.9226494FC8FD8424D8722E42A8B8319A.e.16560/click - {}
COMMAND: GET /session/416ca3a003057b96434a2425fa5e92e2/screenshot - {}
RESULT: {}
RESULT: {}
COMMAND: GET /session/416ca3a003057b96434a2425fa5e92e2/screenshot - {}
RESULT: {}
RESULT: {}
COMMAND: POST /session/416ca3a003057b96434a2425fa5e92e2/element/f.E04F53A89B741A5C45B2DD6DE3A1F810.d.9226494FC8FD8424D8722E42A8B8319A.e.16560/clear - {}
RESULT: {}
COMMAND: POST /session/416ca3a003057b96434a2425fa5e92e2/element/f.E04F53A89B741A5C45B2DD6DE3A1F810.d.9226494FC8FD8424D8722E42A8B8319A.e.16560/value - {"text":"10218"}
COMMAND: GET /session/416ca3a003057b96434a2425fa5e92e2/screenshot - {}
RESULT: {"text":"10218"}
COMMAND: POST /session/416ca3a003057b96434a2425fa5e92e2/actions - {"actions":[{"id":"action60","type":"key","parameters":{},"actions":[{"type":"keyDown","value":"î€‡"},{"type":"pause","duration":10},{"type":"keyUp","value":"î€‡"}]}]}
COMMAND: GET /session/416ca3a003057b96434a2425fa5e92e2/screenshot - {}
RESULT: {}
RESULT: {"actions":[{"id":"action60","type":"key","parameters":{},"actions":[{"type":"keyDown","value":"î€‡"},{"type":"pause","duration":10},{"type":"keyUp","value":"î€‡"}]}]}
COMMAND: GET /session/416ca3a003057b96434a2425fa5e92e2/screenshot - {}
RESULT: {}
RESULT: {}
COMMAND: POST /session/416ca3a003057b96434a2425fa5e92e2/element - {"using":"xpath","value":"//span[contains(@id ,\"application-billingtransfer-display-component---billingWorkbench--smartTableBillingRuns-header-inner\")]"}
RESULT: {"using":"xpath","value":"//span[contains(@id ,\"application-billingtransfer-display-component---billingWorkbench--smartTableBillingRuns-header-inner\")]"}
COMMAND: POST /session/416ca3a003057b96434a2425fa5e92e2/elements - {"using":"xpath","value":"//span[contains(@id ,\"application-billingtransfer-display-component---billingWorkbench--smartTableBillingRuns-header-inner\")]"}
RESULT: {"using":"xpath","value":"//span[contains(@id ,\"application-billingtransfer-display-component---billingWorkbench--smartTableBillingRuns-header-inner\")]"}
COMMAND: POST /session/416ca3a003057b96434a2425fa5e92e2/execute/sync - {"script":"<script> [56 bytes]","args":[{"element-6066-11e4-a52e-4f735466cecf":"f.E04F53A89B741A5C45B2DD6DE3A1F810.d.9226494FC8FD8424D8722E42A8B8319A.e.16760","ELEMENT":"f.E04F53A89B741A5C45B2DD6DE3A1F810.d.9226494FC8FD8424D8722E42A8B8319A.e.16760"}]}
RESULT: {"script":"<script> [56 bytes]","args":[{"element-6066-11e4-a52e-4f735466cecf":"f.E04F53A89B741A5C45B2DD6DE3A1F810.d.9226494FC8FD8424D8722E42A8B8319A.e.16760","ELEMENT":"f.E04F53A89B741A5C45B2DD6DE3A1F810.d.9226494FC8FD8424D8722E42A8B8319A.e.16760"}]}
COMMAND: GET /session/416ca3a003057b96434a2425fa5e92e2/screenshot - {}
RESULT: {}
COMMAND: POST /session/416ca3a003057b96434a2425fa5e92e2/execute/sync - {"script":"<script> [56 bytes]","args":[{"element-6066-11e4-a52e-4f735466cecf":"f.E04F53A89B741A5C45B2DD6DE3A1F810.d.9226494FC8FD8424D8722E42A8B8319A.e.16760","ELEMENT":"f.E04F53A89B741A5C45B2DD6DE3A1F810.d.9226494FC8FD8424D8722E42A8B8319A.e.16760"}]}
RESULT: {"script":"<script> [56 bytes]","args":[{"element-6066-11e4-a52e-4f735466cecf":"f.E04F53A89B741A5C45B2DD6DE3A1F810.d.9226494FC8FD8424D8722E42A8B8319A.e.16760","ELEMENT":"f.E04F53A89B741A5C45B2DD6DE3A1F810.d.9226494FC8FD8424D8722E42A8B8319A.e.16760"}]}
COMMAND: GET /session/416ca3a003057b96434a2425fa5e92e2/screenshot - {}
RESULT: {}
COMMAND: POST /session/416ca3a003057b96434a2425fa5e92e2/execute/sync - {"script":"<script> [56 bytes]","args":[{"element-6066-11e4-a52e-4f735466cecf":"f.E04F53A89B741A5C45B2DD6DE3A1F810.d.9226494FC8FD8424D8722E42A8B8319A.e.16760","ELEMENT":"f.E04F53A89B741A5C45B2DD6DE3A1F810.d.9226494FC8FD8424D8722E42A8B8319A.e.16760"}]}
RESULT: {"script":"<script> [56 bytes]","args":[{"element-6066-11e4-a52e-4f735466cecf":"f.E04F53A89B741A5C45B2DD6DE3A1F810.d.9226494FC8FD8424D8722E42A8B8319A.e.16760","ELEMENT":"f.E04F53A89B741A5C45B2DD6DE3A1F810.d.9226494FC8FD8424D8722E42A8B8319A.e.16760"}]}
COMMAND: GET /session/416ca3a003057b96434a2425fa5e92e2/screenshot - {}
RESULT: {}
COMMAND: POST /session/416ca3a003057b96434a2425fa5e92e2/execute/sync - {"script":"<script> [56 bytes]","args":[{"element-6066-11e4-a52e-4f735466cecf":"f.E04F53A89B741A5C45B2DD6DE3A1F810.d.9226494FC8FD8424D8722E42A8B8319A.e.16760","ELEMENT":"f.E04F53A89B741A5C45B2DD6DE3A1F810.d.9226494FC8FD8424D8722E42A8B8319A.e.16760"}]}
RESULT: {"script":"<script> [56 bytes]","args":[{"element-6066-11e4-a52e-4f735466cecf":"f.E04F53A89B741A5C45B2DD6DE3A1F810.d.9226494FC8FD8424D8722E42A8B8319A.e.16760","ELEMENT":"f.E04F53A89B741A5C45B2DD6DE3A1F810.d.9226494FC8FD8424D8722E42A8B8319A.e.16760"}]}
COMMAND: GET /session/416ca3a003057b96434a2425fa5e92e2/screenshot - {}
RESULT: {}
COMMAND: POST /session/416ca3a003057b96434a2425fa5e92e2/execute/sync - {"script":"<script> [56 bytes]","args":[{"element-6066-11e4-a52e-4f735466cecf":"f.E04F53A89B741A5C45B2DD6DE3A1F810.d.9226494FC8FD8424D8722E42A8B8319A.e.16760","ELEMENT":"f.E04F53A89B741A5C45B2DD6DE3A1F810.d.9226494FC8FD8424D8722E42A8B8319A.e.16760"}]}
RESULT: {"script":"<script> [56 bytes]","args":[{"element-6066-11e4-a52e-4f735466cecf":"f.E04F53A89B741A5C45B2DD6DE3A1F810.d.9226494FC8FD8424D8722E42A8B8319A.e.16760","ELEMENT":"f.E04F53A89B741A5C45B2DD6DE3A1F810.d.9226494FC8FD8424D8722E42A8B8319A.e.16760"}]}
COMMAND: GET /session/416ca3a003057b96434a2425fa5e92e2/screenshot - {}
RESULT: {}
COMMAND: POST /session/416ca3a003057b96434a2425fa5e92e2/execute/sync - {"script":"<script> [56 bytes]","args":[{"element-6066-11e4-a52e-4f735466cecf":"f.E04F53A89B741A5C45B2DD6DE3A1F810.d.9226494FC8FD8424D8722E42A8B8319A.e.16760","ELEMENT":"f.E04F53A89B741A5C45B2DD6DE3A1F810.d.9226494FC8FD8424D8722E42A8B8319A.e.16760"}]}
RESULT: {"script":"<script> [56 bytes]","args":[{"element-6066-11e4-a52e-4f735466cecf":"f.E04F53A89B741A5C45B2DD6DE3A1F810.d.9226494FC8FD8424D8722E42A8B8319A.e.16760","ELEMENT":"f.E04F53A89B741A5C45B2DD6DE3A1F810.d.9226494FC8FD8424D8722E42A8B8319A.e.16760"}]}
COMMAND: POST /session/416ca3a003057b96434a2425fa5e92e2/element - {"using":"css selector","value":"#shell-header-logo"}
COMMAND: GET /session/416ca3a003057b96434a2425fa5e92e2/screenshot - {}
RESULT: {"using":"css selector","value":"#shell-header-logo"}
COMMAND: POST /session/416ca3a003057b96434a2425fa5e92e2/element/f.E04F53A89B741A5C45B2DD6DE3A1F810.d.9226494FC8FD8424D8722E42A8B8319A.e.16558/click - {}
RESULT: {}
RESULT: {}
COMMAND: GET /session/416ca3a003057b96434a2425fa5e92e2/screenshot - {}
RESULT: {}
COMMAND: POST /session/416ca3a003057b96434a2425fa5e92e2/element - {"using":"css selector","value":"#j_username"}
COMMAND: POST /session/416ca3a003057b96434a2425fa5e92e2/url - {"url":"https://qa-testing-00-live-etm-ui.cfapps.eu10-004.hana.ondemand.com/"}
RESULT: {"using":"css selector","value":"#j_username"}
COMMAND: POST /session/416ca3a003057b96434a2425fa5e92e2/element - {"using":"css selector","value":"#j_username"}
RESULT: {"url":"https://qa-testing-00-live-etm-ui.cfapps.eu10-004.hana.ondemand.com/"}
RESULT: undefined
COMMAND: GET /session/416ca3a003057b96434a2425fa5e92e2/screenshot - {}
RESULT: {"using":"css selector","value":"#j_username"}
COMMAND: POST /session/416ca3a003057b96434a2425fa5e92e2/element - {"using":"css selector","value":"#shell-header-logo"}
RESULT: {}
RESULT: {"using":"css selector","value":"#shell-header-logo"}
COMMAND: POST /session/416ca3a003057b96434a2425fa5e92e2/execute/sync - {"script":"<script> [8489 bytes]","args":[{"element-6066-11e4-a52e-4f735466cecf":"f.E04F53A89B741A5C45B2DD6DE3A1F810.d.B755F07036EBABBB9EF0B85225D739ED.e.16797","ELEMENT":"f.E04F53A89B741A5C45B2DD6DE3A1F810.d.B755F07036EBABBB9EF0B85225D739ED.e.16797"}]}
RESULT: {"script":"<script> [8489 bytes]","args":[{"element-6066-11e4-a52e-4f735466cecf":"f.E04F53A89B741A5C45B2DD6DE3A1F810.d.B755F07036EBABBB9EF0B85225D739ED.e.16797","ELEMENT":"f.E04F53A89B741A5C45B2DD6DE3A1F810.d.B755F07036EBABBB9EF0B85225D739ED.e.16797"}]}
COMMAND: POST /session/416ca3a003057b96434a2425fa5e92e2/element - {"using":"css selector","value":"#shell-header-logo"}
COMMAND: GET /session/416ca3a003057b96434a2425fa5e92e2/screenshot - {}
RESULT: {"using":"css selector","value":"#shell-header-logo"}
COMMAND: POST /session/416ca3a003057b96434a2425fa5e92e2/execute/sync - {"script":"<script> [8489 bytes]","args":[{"element-6066-11e4-a52e-4f735466cecf":"f.E04F53A89B741A5C45B2DD6DE3A1F810.d.B755F07036EBABBB9EF0B85225D739ED.e.16797","ELEMENT":"f.E04F53A89B741A5C45B2DD6DE3A1F810.d.B755F07036EBABBB9EF0B85225D739ED.e.16797"}]}
RESULT: {}
RESULT: {"script":"<script> [8489 bytes]","args":[{"element-6066-11e4-a52e-4f735466cecf":"f.E04F53A89B741A5C45B2DD6DE3A1F810.d.B755F07036EBABBB9EF0B85225D739ED.e.16797","ELEMENT":"f.E04F53A89B741A5C45B2DD6DE3A1F810.d.B755F07036EBABBB9EF0B85225D739ED.e.16797"}]}
COMMAND: POST /session/416ca3a003057b96434a2425fa5e92e2/execute/sync - {"script":"<script> [5351 bytes]","args":[{"element-6066-11e4-a52e-4f735466cecf":"f.E04F53A89B741A5C45B2DD6DE3A1F810.d.B755F07036EBABBB9EF0B85225D739ED.e.16797","ELEMENT":"f.E04F53A89B741A5C45B2DD6DE3A1F810.d.B755F07036EBABBB9EF0B85225D739ED.e.16797"}]}
COMMAND: GET /session/416ca3a003057b96434a2425fa5e92e2/screenshot - {}
RESULT: {"script":"<script> [5351 bytes]","args":[{"element-6066-11e4-a52e-4f735466cecf":"f.E04F53A89B741A5C45B2DD6DE3A1F810.d.B755F07036EBABBB9EF0B85225D739ED.e.16797","ELEMENT":"f.E04F53A89B741A5C45B2DD6DE3A1F810.d.B755F07036EBABBB9EF0B85225D739ED.e.16797"}]}
COMMAND: POST /session/416ca3a003057b96434a2425fa5e92e2/element - {"using":"css selector","value":"#shell-header-logo"}
COMMAND: GET /session/416ca3a003057b96434a2425fa5e92e2/screenshot - {}
RESULT: {}
RESULT: {"using":"css selector","value":"#shell-header-logo"}
COMMAND: POST /session/416ca3a003057b96434a2425fa5e92e2/element/f.E04F53A89B741A5C45B2DD6DE3A1F810.d.B755F07036EBABBB9EF0B85225D739ED.e.16797/click - {}
RESULT: {}
RESULT: {}
COMMAND: GET /session/416ca3a003057b96434a2425fa5e92e2/screenshot - {}
RESULT: {}
COMMAND: POST /session/416ca3a003057b96434a2425fa5e92e2/execute/async - {"script":"<script> [189 bytes]","args":[]}
RESULT: {"script":"<script> [189 bytes]","args":[]}
COMMAND: POST /session/416ca3a003057b96434a2425fa5e92e2/execute/async - {"script":"<script> [123 bytes]","args":[]}
RESULT: {"script":"<script> [123 bytes]","args":[]}
COMMAND: POST /session/416ca3a003057b96434a2425fa5e92e2/timeouts - {"script":"<number>"}
RESULT: {"script":"<number>"}
COMMAND: GET /session/416ca3a003057b96434a2425fa5e92e2/timeouts - {}
RESULT: {}
RESULT: undefined
COMMAND: POST /session/416ca3a003057b96434a2425fa5e92e2/execute/async - {"script":"<script> [2676 bytes]","args":[]}
RESULT: {"script":"<script> [2676 bytes]","args":[]}
COMMAND: POST /session/416ca3a003057b96434a2425fa5e92e2/execute/async - {"script":"<script> [2342 bytes]","args":[{"protocol":"http","hostname":"0.0.0.0","path":"/","capabilities":{"browserName":"chrome","goog:chromeOptions":{"binary":"C:\\Program Files\\Google\\Chrome\\Application\\chrome.exe","args":["--start-maximized"]}},"logLevel":"warn","connectionRetryTimeout":120000,"connectionRetryCount":3,"logLevels":{},"enableDirectConnect":true,"strictSSL":true,"_":"65 more keys: [\"cacheDir\",\"port\",\"requestedCapabilities\",\"automationProtocol\",\"baseUrl\",\"waitforInterval\",\"waitforTimeout\",\"onReload\",\"beforeCommand\",\"afterCommand\",\"rootDir\",\"specs\",\"suites\",\"exclude\",\"groupLogsByTestSpec\",\"excludeDriverLogs\",\"bail\",\"framework\",\"reporters\",\"services\",\"maxInstances\",\"maxInstancesPerCapability\",\"injectGlobals\",\"filesToWatch\",\"execArgv\",\"runnerEnv\",\"runner\",\"shard\",\"specFileRetries\",\"specFileRetriesDelay\",\"specFileRetriesDeferred\",\"reporterSyncInterval\",\"reporterSyncTimeout\",\"cucumberFeaturesWithLineNumbers\",\"autoCompileOpts\",\"mochaOpts\",\"jasmineOpts\",\"cucumberOpts\",\"onPrepare\",\"onWorkerStart\",\"onWorkerEnd\",\"before\",\"beforeSession\",\"beforeSuite\",\"beforeHook\",\"beforeTest\",\"afterTest\",\"afterHook\",\"afterSuite\",\"afterSession\",\"after\",\"onComplete\",\"beforeAssertion\",\"afterAssertion\",\"beforeFeature\",\"beforeScenario\",\"beforeStep\",\"afterStep\",\"afterScenario\",\"afterFeature\",\"_\",\"suite\",\"$0\",\"ignoredWorkerServices\",\"wdi5\"]"}]}
RESULT: {"script":"<script> [2342 bytes]","args":[{"protocol":"http","hostname":"0.0.0.0","path":"/","capabilities":{"browserName":"chrome","goog:chromeOptions":{"binary":"C:\\Program Files\\Google\\Chrome\\Application\\chrome.exe","args":["--start-maximized"]}},"logLevel":"warn","connectionRetryTimeout":120000,"connectionRetryCount":3,"logLevels":{},"enableDirectConnect":true,"strictSSL":true,"_":"65 more keys: [\"cacheDir\",\"port\",\"requestedCapabilities\",\"automationProtocol\",\"baseUrl\",\"waitforInterval\",\"waitforTimeout\",\"onReload\",\"beforeCommand\",\"afterCommand\",\"rootDir\",\"specs\",\"suites\",\"exclude\",\"groupLogsByTestSpec\",\"excludeDriverLogs\",\"bail\",\"framework\",\"reporters\",\"services\",\"maxInstances\",\"maxInstancesPerCapability\",\"injectGlobals\",\"filesToWatch\",\"execArgv\",\"runnerEnv\",\"runner\",\"shard\",\"specFileRetries\",\"specFileRetriesDelay\",\"specFileRetriesDeferred\",\"reporterSyncInterval\",\"reporterSyncTimeout\",\"cucumberFeaturesWithLineNumbers\",\"autoCompileOpts\",\"mochaOpts\",\"jasmineOpts\",\"cucumberOpts\",\"onPrepare\",\"onWorkerStart\",\"onWorkerEnd\",\"before\",\"beforeSession\",\"beforeSuite\",\"beforeHook\",\"beforeTest\",\"afterTest\",\"afterHook\",\"afterSuite\",\"afterSession\",\"after\",\"onComplete\",\"beforeAssertion\",\"afterAssertion\",\"beforeFeature\",\"beforeScenario\",\"beforeStep\",\"afterStep\",\"afterScenario\",\"afterFeature\",\"_\",\"suite\",\"$0\",\"ignoredWorkerServices\",\"wdi5\"]"}]}
COMMAND: POST /session/416ca3a003057b96434a2425fa5e92e2/execute/async - {"script":"<script> [21126 bytes]","args":[35000]}
RESULT: {"script":"<script> [21126 bytes]","args":[35000]}
COMMAND: POST /session/416ca3a003057b96434a2425fa5e92e2/window/maximize - {}
RESULT: {}
COMMAND: POST /session/416ca3a003057b96434a2425fa5e92e2/execute/async - {"script":"<script> [1562 bytes]","args":[{"selector":{"id":"shell-header","interaction":{"idSuffix":"icon"}},"wdio_ui5_key":"shellheader"}]}
COMMAND: GET /session/416ca3a003057b96434a2425fa5e92e2/screenshot - {}
RESULT: {"script":"<script> [1562 bytes]","args":[{"selector":{"id":"shell-header","interaction":{"idSuffix":"icon"}},"wdio_ui5_key":"shellheader"}]}
RESULT: undefined
COMMAND: POST /session/416ca3a003057b96434a2425fa5e92e2/refresh - {}
RESULT: {}
RESULT: {}
COMMAND: GET /session/416ca3a003057b96434a2425fa5e92e2/screenshot - {}
RESULT: {}
COMMAND: POST /session/416ca3a003057b96434a2425fa5e92e2/refresh - {}
RESULT: {}
COMMAND: GET /session/416ca3a003057b96434a2425fa5e92e2/screenshot - {}
RESULT: {}
COMMAND: POST /session/416ca3a003057b96434a2425fa5e92e2/window/fullscreen - {}
RESULT: {}
COMMAND: POST /session/416ca3a003057b96434a2425fa5e92e2/execute/async - {"script":"<script> [189 bytes]","args":[]}
RESULT: {"script":"<script> [189 bytes]","args":[]}
COMMAND: POST /session/416ca3a003057b96434a2425fa5e92e2/execute/async - {"script":"<script> [123 bytes]","args":[]}
RESULT: {"script":"<script> [123 bytes]","args":[]}
COMMAND: POST /session/416ca3a003057b96434a2425fa5e92e2/timeouts - {"script":"<number>"}
RESULT: {"script":"<number>"}
COMMAND: GET /session/416ca3a003057b96434a2425fa5e92e2/timeouts - {}
RESULT: {}
RESULT: undefined
COMMAND: POST /session/416ca3a003057b96434a2425fa5e92e2/execute/async - {"script":"<script> [2676 bytes]","args":[]}
RESULT: {"script":"<script> [2676 bytes]","args":[]}
COMMAND: POST /session/416ca3a003057b96434a2425fa5e92e2/execute/async - {"script":"<script> [2342 bytes]","args":[{"protocol":"http","hostname":"0.0.0.0","path":"/","capabilities":{"browserName":"chrome","goog:chromeOptions":{"binary":"C:\\Program Files\\Google\\Chrome\\Application\\chrome.exe","args":["--start-maximized"]}},"logLevel":"warn","connectionRetryTimeout":120000,"connectionRetryCount":3,"logLevels":{},"enableDirectConnect":true,"strictSSL":true,"_":"65 more keys: [\"cacheDir\",\"port\",\"requestedCapabilities\",\"automationProtocol\",\"baseUrl\",\"waitforInterval\",\"waitforTimeout\",\"onReload\",\"beforeCommand\",\"afterCommand\",\"rootDir\",\"specs\",\"suites\",\"exclude\",\"groupLogsByTestSpec\",\"excludeDriverLogs\",\"bail\",\"framework\",\"reporters\",\"services\",\"maxInstances\",\"maxInstancesPerCapability\",\"injectGlobals\",\"filesToWatch\",\"execArgv\",\"runnerEnv\",\"runner\",\"shard\",\"specFileRetries\",\"specFileRetriesDelay\",\"specFileRetriesDeferred\",\"reporterSyncInterval\",\"reporterSyncTimeout\",\"cucumberFeaturesWithLineNumbers\",\"autoCompileOpts\",\"mochaOpts\",\"jasmineOpts\",\"cucumberOpts\",\"onPrepare\",\"onWorkerStart\",\"onWorkerEnd\",\"before\",\"beforeSession\",\"beforeSuite\",\"beforeHook\",\"beforeTest\",\"afterTest\",\"afterHook\",\"afterSuite\",\"afterSession\",\"after\",\"onComplete\",\"beforeAssertion\",\"afterAssertion\",\"beforeFeature\",\"beforeScenario\",\"beforeStep\",\"afterStep\",\"afterScenario\",\"afterFeature\",\"_\",\"suite\",\"$0\",\"ignoredWorkerServices\",\"wdi5\"]"}]}
RESULT: {"script":"<script> [2342 bytes]","args":[{"protocol":"http","hostname":"0.0.0.0","path":"/","capabilities":{"browserName":"chrome","goog:chromeOptions":{"binary":"C:\\Program Files\\Google\\Chrome\\Application\\chrome.exe","args":["--start-maximized"]}},"logLevel":"warn","connectionRetryTimeout":120000,"connectionRetryCount":3,"logLevels":{},"enableDirectConnect":true,"strictSSL":true,"_":"65 more keys: [\"cacheDir\",\"port\",\"requestedCapabilities\",\"automationProtocol\",\"baseUrl\",\"waitforInterval\",\"waitforTimeout\",\"onReload\",\"beforeCommand\",\"afterCommand\",\"rootDir\",\"specs\",\"suites\",\"exclude\",\"groupLogsByTestSpec\",\"excludeDriverLogs\",\"bail\",\"framework\",\"reporters\",\"services\",\"maxInstances\",\"maxInstancesPerCapability\",\"injectGlobals\",\"filesToWatch\",\"execArgv\",\"runnerEnv\",\"runner\",\"shard\",\"specFileRetries\",\"specFileRetriesDelay\",\"specFileRetriesDeferred\",\"reporterSyncInterval\",\"reporterSyncTimeout\",\"cucumberFeaturesWithLineNumbers\",\"autoCompileOpts\",\"mochaOpts\",\"jasmineOpts\",\"cucumberOpts\",\"onPrepare\",\"onWorkerStart\",\"onWorkerEnd\",\"before\",\"beforeSession\",\"beforeSuite\",\"beforeHook\",\"beforeTest\",\"afterTest\",\"afterHook\",\"afterSuite\",\"afterSession\",\"after\",\"onComplete\",\"beforeAssertion\",\"afterAssertion\",\"beforeFeature\",\"beforeScenario\",\"beforeStep\",\"afterStep\",\"afterScenario\",\"afterFeature\",\"_\",\"suite\",\"$0\",\"ignoredWorkerServices\",\"wdi5\"]"}]}
COMMAND: POST /session/416ca3a003057b96434a2425fa5e92e2/execute/async - {"script":"<script> [21126 bytes]","args":[35000]}
RESULT: {"script":"<script> [21126 bytes]","args":[35000]}
]]></system-out>
    </testcase>
  </testsuite>
  <testsuite timestamp="2025-05-14T18:10:19" time="662.168" tests="12" failures="0" errors="0" skipped="0">
    <properties>
      <property name="specId" value="0" />
      <property name="suiteName" value="Create Reverse Billing US127248" />
      <property name="capabilities" value="chrome.136_0_7103_49.windows" />
      <property name="file" value="file:///D:/a/1/s/test/specs/BTS/reverse-billing.spec.js" />
    </properties>
    <testcase classname="chrome.136_0_7103_49.windows.Create_Reverse_Billing_US127248" name="Should create a new yard" time="0.025">
      <system-out><![CDATA[
COMMAND: POST /session/416ca3a003057b96434a2425fa5e92e2/window/fullscreen - {}
RESULT: {}
]]></system-out>
    </testcase>
    <testcase classname="chrome.136_0_7103_49.windows.Create_Reverse_Billing_US127248" name="Should create a new partner" time="0.004" />
    <testcase classname="chrome.136_0_7103_49.windows.Create_Reverse_Billing_US127248" name="Should create a new site" time="0.004" />
    <testcase classname="chrome.136_0_7103_49.windows.Create_Reverse_Billing_US127248" name="Should create a resource" time="133.006">
      <system-out><![CDATA[
COMMAND: POST /session/416ca3a003057b96434a2425fa5e92e2/execute/async - {"script":"<script> [1562 bytes]","args":[{"selector":{"controlType":"sap.m.GenericTile","properties":{"header":"Manage Resources"}},"wdio_ui5_key":"sapm.GenericTile{\"header\":\"Manage Resources\"}"}]}
RESULT: {"script":"<script> [1562 bytes]","args":[{"selector":{"controlType":"sap.m.GenericTile","properties":{"header":"Manage Resources"}},"wdio_ui5_key":"sapm.GenericTile{\"header\":\"Manage Resources\"}"}]}
RESULT: undefined
COMMAND: POST /session/416ca3a003057b96434a2425fa5e92e2/element - {"using":"xpath","value":"//*[@id=\"__tile39\"]"}
RESULT: {"using":"xpath","value":"//*[@id=\"__tile39\"]"}
COMMAND: POST /session/416ca3a003057b96434a2425fa5e92e2/element/f.E04F53A89B741A5C45B2DD6DE3A1F810.d.A87FBC6EC83E726E815BCB64C02BE484.e.16949/click - {}
RESULT: {}
COMMAND: GET /session/416ca3a003057b96434a2425fa5e92e2/screenshot - {}
RESULT: {}
COMMAND: POST /session/416ca3a003057b96434a2425fa5e92e2/elements - {"using":"xpath","value":"//span[text()='Error']"}
RESULT: {"using":"xpath","value":"//span[text()='Error']"}
COMMAND: POST /session/416ca3a003057b96434a2425fa5e92e2/element - {"using":"xpath","value":"//button[@data-kt=\"addNewRUOverflowToolbarButton\"]"}
RESULT: {"using":"xpath","value":"//button[@data-kt=\"addNewRUOverflowToolbarButton\"]"}
COMMAND: POST /session/416ca3a003057b96434a2425fa5e92e2/elements - {"using":"xpath","value":"//button[@data-kt=\"addNewRUOverflowToolbarButton\"]"}
RESULT: {"using":"xpath","value":"//button[@data-kt=\"addNewRUOverflowToolbarButton\"]"}
COMMAND: POST /session/416ca3a003057b96434a2425fa5e92e2/elements - {"using":"xpath","value":"//button[@data-kt=\"addNewRUOverflowToolbarButton\"]"}
RESULT: {"using":"xpath","value":"//button[@data-kt=\"addNewRUOverflowToolbarButton\"]"}
COMMAND: POST /session/416ca3a003057b96434a2425fa5e92e2/element - {"using":"xpath","value":"//button[@data-kt=\"addNewRUOverflowToolbarButton\"]"}
RESULT: {"using":"xpath","value":"//button[@data-kt=\"addNewRUOverflowToolbarButton\"]"}
COMMAND: POST /session/416ca3a003057b96434a2425fa5e92e2/execute/sync - {"script":"<script> [8489 bytes]","args":[{"element-6066-11e4-a52e-4f735466cecf":"f.E04F53A89B741A5C45B2DD6DE3A1F810.d.A87FBC6EC83E726E815BCB64C02BE484.e.17088","ELEMENT":"f.E04F53A89B741A5C45B2DD6DE3A1F810.d.A87FBC6EC83E726E815BCB64C02BE484.e.17088"}]}
RESULT: {"script":"<script> [8489 bytes]","args":[{"element-6066-11e4-a52e-4f735466cecf":"f.E04F53A89B741A5C45B2DD6DE3A1F810.d.A87FBC6EC83E726E815BCB64C02BE484.e.17088","ELEMENT":"f.E04F53A89B741A5C45B2DD6DE3A1F810.d.A87FBC6EC83E726E815BCB64C02BE484.e.17088"}]}
COMMAND: GET /session/416ca3a003057b96434a2425fa5e92e2/element/f.E04F53A89B741A5C45B2DD6DE3A1F810.d.A87FBC6EC83E726E815BCB64C02BE484.e.17088/enabled - {}
COMMAND: GET /session/416ca3a003057b96434a2425fa5e92e2/screenshot - {}
RESULT: {}
COMMAND: POST /session/416ca3a003057b96434a2425fa5e92e2/execute/sync - {"script":"<script> [8489 bytes]","args":[{"element-6066-11e4-a52e-4f735466cecf":"f.E04F53A89B741A5C45B2DD6DE3A1F810.d.A87FBC6EC83E726E815BCB64C02BE484.e.17088","ELEMENT":"f.E04F53A89B741A5C45B2DD6DE3A1F810.d.A87FBC6EC83E726E815BCB64C02BE484.e.17088"}]}
COMMAND: GET /session/416ca3a003057b96434a2425fa5e92e2/screenshot - {}
RESULT: {}
RESULT: {}
RESULT: {"script":"<script> [8489 bytes]","args":[{"element-6066-11e4-a52e-4f735466cecf":"f.E04F53A89B741A5C45B2DD6DE3A1F810.d.A87FBC6EC83E726E815BCB64C02BE484.e.17088","ELEMENT":"f.E04F53A89B741A5C45B2DD6DE3A1F810.d.A87FBC6EC83E726E815BCB64C02BE484.e.17088"}]}
COMMAND: POST /session/416ca3a003057b96434a2425fa5e92e2/execute/sync - {"script":"<script> [5351 bytes]","args":[{"element-6066-11e4-a52e-4f735466cecf":"f.E04F53A89B741A5C45B2DD6DE3A1F810.d.A87FBC6EC83E726E815BCB64C02BE484.e.17088","ELEMENT":"f.E04F53A89B741A5C45B2DD6DE3A1F810.d.A87FBC6EC83E726E815BCB64C02BE484.e.17088"}]}
COMMAND: GET /session/416ca3a003057b96434a2425fa5e92e2/screenshot - {}
RESULT: {"script":"<script> [5351 bytes]","args":[{"element-6066-11e4-a52e-4f735466cecf":"f.E04F53A89B741A5C45B2DD6DE3A1F810.d.A87FBC6EC83E726E815BCB64C02BE484.e.17088","ELEMENT":"f.E04F53A89B741A5C45B2DD6DE3A1F810.d.A87FBC6EC83E726E815BCB64C02BE484.e.17088"}]}
COMMAND: POST /session/416ca3a003057b96434a2425fa5e92e2/element/f.E04F53A89B741A5C45B2DD6DE3A1F810.d.A87FBC6EC83E726E815BCB64C02BE484.e.17088/click - {}
COMMAND: GET /session/416ca3a003057b96434a2425fa5e92e2/screenshot - {}
RESULT: {}
RESULT: {}
COMMAND: GET /session/416ca3a003057b96434a2425fa5e92e2/screenshot - {}
RESULT: {}
RESULT: {}
COMMAND: POST /session/416ca3a003057b96434a2425fa5e92e2/execute/async - {"script":"<script> [1562 bytes]","args":[{"selector":{"id":"application-manageresources-display-component---newResourceUnit--TYPE-arrow"},"wdio_ui5_key":"applicationmanageresources-display-component---newResourceUnit--TYPE-arrow"}]}
RESULT: {"script":"<script> [1562 bytes]","args":[{"selector":{"id":"application-manageresources-display-component---newResourceUnit--TYPE-arrow"},"wdio_ui5_key":"applicationmanageresources-display-component---newResourceUnit--TYPE-arrow"}]}
RESULT: undefined
COMMAND: POST /session/416ca3a003057b96434a2425fa5e92e2/element - {"using":"xpath","value":"//*[@id=\"application-manageresources-display-component---newResourceUnit--TYPE-arrow\"]"}
RESULT: {"using":"xpath","value":"//*[@id=\"application-manageresources-display-component---newResourceUnit--TYPE-arrow\"]"}
COMMAND: POST /session/416ca3a003057b96434a2425fa5e92e2/element/f.E04F53A89B741A5C45B2DD6DE3A1F810.d.A87FBC6EC83E726E815BCB64C02BE484.e.17448/click - {}
RESULT: {}
COMMAND: POST /session/416ca3a003057b96434a2425fa5e92e2/element - {"using":"xpath","value":"//input[@id=\"application-manageresources-display-component---newResourceUnit--TYPE-inner\"]"}
COMMAND: GET /session/416ca3a003057b96434a2425fa5e92e2/screenshot - {}
RESULT: {"using":"xpath","value":"//input[@id=\"application-manageresources-display-component---newResourceUnit--TYPE-inner\"]"}
COMMAND: POST /session/416ca3a003057b96434a2425fa5e92e2/element/f.E04F53A89B741A5C45B2DD6DE3A1F810.d.A87FBC6EC83E726E815BCB64C02BE484.e.17441/clear - {}
RESULT: {}
RESULT: {}
COMMAND: POST /session/416ca3a003057b96434a2425fa5e92e2/element/f.E04F53A89B741A5C45B2DD6DE3A1F810.d.A87FBC6EC83E726E815BCB64C02BE484.e.17441/value - {"text":"Equipment"}
COMMAND: GET /session/416ca3a003057b96434a2425fa5e92e2/screenshot - {}
RESULT: {"text":"Equipment"}
COMMAND: GET /session/416ca3a003057b96434a2425fa5e92e2/screenshot - {}
RESULT: {}
RESULT: {}
COMMAND: POST /session/416ca3a003057b96434a2425fa5e92e2/actions - {"actions":[{"id":"action61","type":"key","parameters":{},"actions":[{"type":"keyDown","value":"î€‡"},{"type":"pause","duration":10},{"type":"keyUp","value":"î€‡"}]}]}
RESULT: {"actions":[{"id":"action61","type":"key","parameters":{},"actions":[{"type":"keyDown","value":"î€‡"},{"type":"pause","duration":10},{"type":"keyUp","value":"î€‡"}]}]}
COMMAND: POST /session/416ca3a003057b96434a2425fa5e92e2/execute/async - {"script":"<script> [1562 bytes]","args":[{"selector":{"id":"application-manageresources-display-component---newResourceUnit--resourceId","interaction":{"idSuffix":"inner"}},"wdio_ui5_key":"applicationmanageresources-display-component---newResourceUnit--resourceId"}]}
COMMAND: GET /session/416ca3a003057b96434a2425fa5e92e2/screenshot - {}
RESULT: {"script":"<script> [1562 bytes]","args":[{"selector":{"id":"application-manageresources-display-component---newResourceUnit--resourceId","interaction":{"idSuffix":"inner"}},"wdio_ui5_key":"applicationmanageresources-display-component---newResourceUnit--resourceId"}]}
RESULT: undefined
COMMAND: POST /session/416ca3a003057b96434a2425fa5e92e2/execute/async - {"script":"<script> [776 bytes]","args":[{"enterText":"DfX6IopYtU","selector":{"id":"application-manageresources-display-component---newResourceUnit--resourceId","interaction":{"idSuffix":"inner"}},"clearTextFirst":true,"interactionType":"ENTER_TEXT"}]}
RESULT: {}
RESULT: {"script":"<script> [776 bytes]","args":[{"enterText":"DfX6IopYtU","selector":{"id":"application-manageresources-display-component---newResourceUnit--resourceId","interaction":{"idSuffix":"inner"}},"clearTextFirst":true,"interactionType":"ENTER_TEXT"}]}
COMMAND: POST /session/416ca3a003057b96434a2425fa5e92e2/execute/async - {"script":"<script> [1562 bytes]","args":[{"selector":{"id":"application-manageresources-display-component---newResourceUnit--SHORT_TEXT","interaction":{"idSuffix":"inner"}},"wdio_ui5_key":"applicationmanageresources-display-component---newResourceUnit--SHORT_TEXT"}]}
RESULT: {"script":"<script> [1562 bytes]","args":[{"selector":{"id":"application-manageresources-display-component---newResourceUnit--SHORT_TEXT","interaction":{"idSuffix":"inner"}},"wdio_ui5_key":"applicationmanageresources-display-component---newResourceUnit--SHORT_TEXT"}]}
RESULT: undefined
COMMAND: POST /session/416ca3a003057b96434a2425fa5e92e2/execute/async - {"script":"<script> [776 bytes]","args":[{"enterText":"Intercompany Equipment WDIO","selector":{"id":"application-manageresources-display-component---newResourceUnit--SHORT_TEXT","interaction":{"idSuffix":"inner"}},"clearTextFirst":true,"interactionType":"ENTER_TEXT"}]}
RESULT: {"script":"<script> [776 bytes]","args":[{"enterText":"Intercompany Equipment WDIO","selector":{"id":"application-manageresources-display-component---newResourceUnit--SHORT_TEXT","interaction":{"idSuffix":"inner"}},"clearTextFirst":true,"interactionType":"ENTER_TEXT"}]}
COMMAND: POST /session/416ca3a003057b96434a2425fa5e92e2/execute/async - {"script":"<script> [1562 bytes]","args":[{"selector":{"id":"application-manageresources-display-component---newResourceUnit--BASE_UNIT_OF_MEASURE","interaction":{"idSuffix":"inner"}},"wdio_ui5_key":"applicationmanageresources-display-component---newResourceUnit--BASE_UNIT_OF_MEASURE"}]}
RESULT: {"script":"<script> [1562 bytes]","args":[{"selector":{"id":"application-manageresources-display-component---newResourceUnit--BASE_UNIT_OF_MEASURE","interaction":{"idSuffix":"inner"}},"wdio_ui5_key":"applicationmanageresources-display-component---newResourceUnit--BASE_UNIT_OF_MEASURE"}]}
RESULT: undefined
COMMAND: POST /session/416ca3a003057b96434a2425fa5e92e2/execute/async - {"script":"<script> [776 bytes]","args":[{"enterText":"Piece","selector":{"id":"application-manageresources-display-component---newResourceUnit--BASE_UNIT_OF_MEASURE","interaction":{"idSuffix":"inner"}},"clearTextFirst":true,"interactionType":"ENTER_TEXT"}]}
RESULT: {"script":"<script> [776 bytes]","args":[{"enterText":"Piece","selector":{"id":"application-manageresources-display-component---newResourceUnit--BASE_UNIT_OF_MEASURE","interaction":{"idSuffix":"inner"}},"clearTextFirst":true,"interactionType":"ENTER_TEXT"}]}
COMMAND: POST /session/416ca3a003057b96434a2425fa5e92e2/execute/async - {"script":"<script> [1562 bytes]","args":[{"selector":{"id":"application-manageresources-display-component---newResourceUnit--WEIGHT_UNIT","interaction":{"idSuffix":"inner"}},"wdio_ui5_key":"applicationmanageresources-display-component---newResourceUnit--WEIGHT_UNIT"}]}
RESULT: {"script":"<script> [1562 bytes]","args":[{"selector":{"id":"application-manageresources-display-component---newResourceUnit--WEIGHT_UNIT","interaction":{"idSuffix":"inner"}},"wdio_ui5_key":"applicationmanageresources-display-component---newResourceUnit--WEIGHT_UNIT"}]}
RESULT: undefined
COMMAND: POST /session/416ca3a003057b96434a2425fa5e92e2/execute/async - {"script":"<script> [776 bytes]","args":[{"enterText":"Gram","selector":{"id":"application-manageresources-display-component---newResourceUnit--WEIGHT_UNIT","interaction":{"idSuffix":"inner"}},"clearTextFirst":true,"interactionType":"ENTER_TEXT"}]}
RESULT: {"script":"<script> [776 bytes]","args":[{"enterText":"Gram","selector":{"id":"application-manageresources-display-component---newResourceUnit--WEIGHT_UNIT","interaction":{"idSuffix":"inner"}},"clearTextFirst":true,"interactionType":"ENTER_TEXT"}]}
COMMAND: POST /session/416ca3a003057b96434a2425fa5e92e2/execute/async - {"script":"<script> [1562 bytes]","args":[{"selector":{"id":"application-manageresources-display-component---newResourceUnit--DIMENSION_UNIT","interaction":{"idSuffix":"inner"}},"wdio_ui5_key":"applicationmanageresources-display-component---newResourceUnit--DIMENSION_UNIT"}]}
RESULT: {"script":"<script> [1562 bytes]","args":[{"selector":{"id":"application-manageresources-display-component---newResourceUnit--DIMENSION_UNIT","interaction":{"idSuffix":"inner"}},"wdio_ui5_key":"applicationmanageresources-display-component---newResourceUnit--DIMENSION_UNIT"}]}
RESULT: undefined
COMMAND: POST /session/416ca3a003057b96434a2425fa5e92e2/execute/async - {"script":"<script> [776 bytes]","args":[{"enterText":"Meter","selector":{"id":"application-manageresources-display-component---newResourceUnit--DIMENSION_UNIT","interaction":{"idSuffix":"inner"}},"clearTextFirst":true,"interactionType":"ENTER_TEXT"}]}
RESULT: {"script":"<script> [776 bytes]","args":[{"enterText":"Meter","selector":{"id":"application-manageresources-display-component---newResourceUnit--DIMENSION_UNIT","interaction":{"idSuffix":"inner"}},"clearTextFirst":true,"interactionType":"ENTER_TEXT"}]}
COMMAND: POST /session/416ca3a003057b96434a2425fa5e92e2/execute/async - {"script":"<script> [1562 bytes]","args":[{"selector":{"id":"application-manageresources-display-component---newResourceUnit--newRRUPage-anchBar-application-manageresources-display-component---newResourceUnit--control-anchor","interaction":{"idSuffix":"BDI-content"}},"wdio_ui5_key":"applicationmanageresources-display-component---newResourceUnit--newRRUPage-anchBar-application-manageresources-display-component---newResourceUnit--control-anchor"}]}
RESULT: {"script":"<script> [1562 bytes]","args":[{"selector":{"id":"application-manageresources-display-component---newResourceUnit--newRRUPage-anchBar-application-manageresources-display-component---newResourceUnit--control-anchor","interaction":{"idSuffix":"BDI-content"}},"wdio_ui5_key":"applicationmanageresources-display-component---newResourceUnit--newRRUPage-anchBar-application-manageresources-display-component---newResourceUnit--control-anchor"}]}
RESULT: undefined
COMMAND: POST /session/416ca3a003057b96434a2425fa5e92e2/element - {"using":"xpath","value":"//*[@id=\"application-manageresources-display-component---newResourceUnit--newRRUPage-anchBar-application-manageresources-display-component---newResourceUnit--control-anchor\"]"}
RESULT: {"using":"xpath","value":"//*[@id=\"application-manageresources-display-component---newResourceUnit--newRRUPage-anchBar-application-manageresources-display-component---newResourceUnit--control-anchor\"]"}
COMMAND: POST /session/416ca3a003057b96434a2425fa5e92e2/element/f.E04F53A89B741A5C45B2DD6DE3A1F810.d.A87FBC6EC83E726E815BCB64C02BE484.e.17581/click - {}
RESULT: {}
COMMAND: POST /session/416ca3a003057b96434a2425fa5e92e2/execute/async - {"script":"<script> [1562 bytes]","args":[{"selector":{"id":"application-manageresources-display-component---newResourceUnit--PLANNING_GROUP","interaction":{"idSuffix":"inner"}},"wdio_ui5_key":"applicationmanageresources-display-component---newResourceUnit--PLANNING_GROUP"}]}
COMMAND: GET /session/416ca3a003057b96434a2425fa5e92e2/screenshot - {}
RESULT: {"script":"<script> [1562 bytes]","args":[{"selector":{"id":"application-manageresources-display-component---newResourceUnit--PLANNING_GROUP","interaction":{"idSuffix":"inner"}},"wdio_ui5_key":"applicationmanageresources-display-component---newResourceUnit--PLANNING_GROUP"}]}
RESULT: undefined
COMMAND: POST /session/416ca3a003057b96434a2425fa5e92e2/execute/async - {"script":"<script> [776 bytes]","args":[{"enterText":"Heavy Equi","selector":{"id":"application-manageresources-display-component---newResourceUnit--PLANNING_GROUP","interaction":{"idSuffix":"inner"}},"clearTextFirst":true,"interactionType":"ENTER_TEXT"}]}
RESULT: {}
RESULT: {"script":"<script> [776 bytes]","args":[{"enterText":"Heavy Equi","selector":{"id":"application-manageresources-display-component---newResourceUnit--PLANNING_GROUP","interaction":{"idSuffix":"inner"}},"clearTextFirst":true,"interactionType":"ENTER_TEXT"}]}
COMMAND: POST /session/416ca3a003057b96434a2425fa5e92e2/execute/async - {"script":"<script> [1562 bytes]","args":[{"selector":{"id":"application-manageresources-display-component---newResourceUnit--ITEM_TYPE-arrow"},"wdio_ui5_key":"applicationmanageresources-display-component---newResourceUnit--ITEM_TYPE-arrow"}]}
RESULT: {"script":"<script> [1562 bytes]","args":[{"selector":{"id":"application-manageresources-display-component---newResourceUnit--ITEM_TYPE-arrow"},"wdio_ui5_key":"applicationmanageresources-display-component---newResourceUnit--ITEM_TYPE-arrow"}]}
RESULT: undefined
COMMAND: POST /session/416ca3a003057b96434a2425fa5e92e2/element - {"using":"xpath","value":"//*[@id=\"application-manageresources-display-component---newResourceUnit--ITEM_TYPE-arrow\"]"}
RESULT: {"using":"xpath","value":"//*[@id=\"application-manageresources-display-component---newResourceUnit--ITEM_TYPE-arrow\"]"}
COMMAND: POST /session/416ca3a003057b96434a2425fa5e92e2/element/f.E04F53A89B741A5C45B2DD6DE3A1F810.d.A87FBC6EC83E726E815BCB64C02BE484.e.17588/click - {}
RESULT: {}
COMMAND: POST /session/416ca3a003057b96434a2425fa5e92e2/element - {"using":"xpath","value":"(//span[contains(text(), \"Resource Unit\")])[2]"}
COMMAND: GET /session/416ca3a003057b96434a2425fa5e92e2/screenshot - {}
RESULT: {"using":"xpath","value":"(//span[contains(text(), \"Resource Unit\")])[2]"}
COMMAND: POST /session/416ca3a003057b96434a2425fa5e92e2/element/f.E04F53A89B741A5C45B2DD6DE3A1F810.d.A87FBC6EC83E726E815BCB64C02BE484.e.17589/click - {}
RESULT: {}
RESULT: {}
COMMAND: GET /session/416ca3a003057b96434a2425fa5e92e2/screenshot - {}
RESULT: {}
COMMAND: POST /session/416ca3a003057b96434a2425fa5e92e2/element - {"using":"css selector","value":"#application-manageresources-display-component---newResourceUnit--btnAddTimeSegment"}
RESULT: {"using":"css selector","value":"#application-manageresources-display-component---newResourceUnit--btnAddTimeSegment"}
COMMAND: GET /session/416ca3a003057b96434a2425fa5e92e2/element/f.E04F53A89B741A5C45B2DD6DE3A1F810.d.A87FBC6EC83E726E815BCB64C02BE484.e.17590/rect - {}
RESULT: {}
COMMAND: GET /session/416ca3a003057b96434a2425fa5e92e2/window/rect - {}
RESULT: {}
COMMAND: POST /session/416ca3a003057b96434a2425fa5e92e2/execute/sync - {"script":"<script> [92 bytes]","args":[]}
RESULT: {"script":"<script> [92 bytes]","args":[]}
COMMAND: POST /session/416ca3a003057b96434a2425fa5e92e2/actions - {"actions":[{"id":"action62","type":"wheel","parameters":{},"actions":[{"type":"scroll","x":-1888,"y":-32,"deltaX":0,"deltaY":0,"duration":0,"origin":{"element-6066-11e4-a52e-4f735466cecf":"f.E04F53A89B741A5C45B2DD6DE3A1F810.d.A87FBC6EC83E726E815BCB64C02BE484.e.17590"}}]}]}
COMMAND: GET /session/416ca3a003057b96434a2425fa5e92e2/screenshot - {}
RESULT: {}
COMMAND: POST /session/416ca3a003057b96434a2425fa5e92e2/execute/sync - {"script":"<script> [79 bytes]","args":[{"element-6066-11e4-a52e-4f735466cecf":"f.E04F53A89B741A5C45B2DD6DE3A1F810.d.A87FBC6EC83E726E815BCB64C02BE484.e.17590","ELEMENT":"f.E04F53A89B741A5C45B2DD6DE3A1F810.d.A87FBC6EC83E726E815BCB64C02BE484.e.17590"},{"block":"start","inline":"nearest"}]}
RESULT: {"script":"<script> [79 bytes]","args":[{"element-6066-11e4-a52e-4f735466cecf":"f.E04F53A89B741A5C45B2DD6DE3A1F810.d.A87FBC6EC83E726E815BCB64C02BE484.e.17590","ELEMENT":"f.E04F53A89B741A5C45B2DD6DE3A1F810.d.A87FBC6EC83E726E815BCB64C02BE484.e.17590"},{"block":"start","inline":"nearest"}]}
COMMAND: POST /session/416ca3a003057b96434a2425fa5e92e2/execute/async - {"script":"<script> [1562 bytes]","args":[{"selector":{"id":"application-manageresources-display-component---newResourceUnit--btnAddTimeSegment","interaction":{"idSuffix":"inner"}},"wdio_ui5_key":"applicationmanageresources-display-component---newResourceUnit--btnAddTimeSegment"}]}
COMMAND: GET /session/416ca3a003057b96434a2425fa5e92e2/screenshot - {}
RESULT: {"script":"<script> [1562 bytes]","args":[{"selector":{"id":"application-manageresources-display-component---newResourceUnit--btnAddTimeSegment","interaction":{"idSuffix":"inner"}},"wdio_ui5_key":"applicationmanageresources-display-component---newResourceUnit--btnAddTimeSegment"}]}
RESULT: undefined
COMMAND: POST /session/416ca3a003057b96434a2425fa5e92e2/element - {"using":"xpath","value":"//*[@id=\"application-manageresources-display-component---newResourceUnit--btnAddTimeSegment\"]"}
RESULT: {}
RESULT: {"using":"xpath","value":"//*[@id=\"application-manageresources-display-component---newResourceUnit--btnAddTimeSegment\"]"}
COMMAND: POST /session/416ca3a003057b96434a2425fa5e92e2/element/f.E04F53A89B741A5C45B2DD6DE3A1F810.d.A87FBC6EC83E726E815BCB64C02BE484.e.17590/click - {}
RESULT: {}
COMMAND: GET /session/416ca3a003057b96434a2425fa5e92e2/screenshot - {}
RESULT: {}
COMMAND: POST /session/416ca3a003057b96434a2425fa5e92e2/element - {"using":"xpath","value":"//input[@id=\"application-manageresources-display-component---newResourceUnit--idRuTSAdmin-application-manageresources-display-component---newResourceUnit--RUTimeSegment-0-inner\"]"}
RESULT: {"using":"xpath","value":"//input[@id=\"application-manageresources-display-component---newResourceUnit--idRuTSAdmin-application-manageresources-display-component---newResourceUnit--RUTimeSegment-0-inner\"]"}
COMMAND: POST /session/416ca3a003057b96434a2425fa5e92e2/element/f.E04F53A89B741A5C45B2DD6DE3A1F810.d.A87FBC6EC83E726E815BCB64C02BE484.e.17596/clear - {}
RESULT: {}
COMMAND: POST /session/416ca3a003057b96434a2425fa5e92e2/element/f.E04F53A89B741A5C45B2DD6DE3A1F810.d.A87FBC6EC83E726E815BCB64C02BE484.e.17596/value - {"text":"369"}
COMMAND: GET /session/416ca3a003057b96434a2425fa5e92e2/screenshot - {}
RESULT: {"text":"369"}
COMMAND: GET /session/416ca3a003057b96434a2425fa5e92e2/screenshot - {}
RESULT: {}
RESULT: {}
COMMAND: POST /session/416ca3a003057b96434a2425fa5e92e2/element - {"using":"xpath","value":"//li[.//span[text()='369']]"}
RESULT: {"using":"xpath","value":"//li[.//span[text()='369']]"}
COMMAND: POST /session/416ca3a003057b96434a2425fa5e92e2/element/f.E04F53A89B741A5C45B2DD6DE3A1F810.d.A87FBC6EC83E726E815BCB64C02BE484.e.17608/click - {}
RESULT: {}
COMMAND: GET /session/416ca3a003057b96434a2425fa5e92e2/screenshot - {}
RESULT: {}
COMMAND: POST /session/416ca3a003057b96434a2425fa5e92e2/element - {"using":"xpath","value":"(//span[contains(@id, \"-application-manageresources-display-component---newResourceUnit--RUTimeSegment-0-arrow\")])[6]"}
RESULT: {"using":"xpath","value":"(//span[contains(@id, \"-application-manageresources-display-component---newResourceUnit--RUTimeSegment-0-arrow\")])[6]"}
COMMAND: POST /session/416ca3a003057b96434a2425fa5e92e2/element/f.E04F53A89B741A5C45B2DD6DE3A1F810.d.A87FBC6EC83E726E815BCB64C02BE484.e.17609/click - {}
RESULT: {}
COMMAND: GET /session/416ca3a003057b96434a2425fa5e92e2/screenshot - {}
RESULT: {}
COMMAND: POST /session/416ca3a003057b96434a2425fa5e92e2/element - {"using":"xpath","value":"//span[contains(text(), \"PM Order\")]"}
RESULT: {"using":"xpath","value":"//span[contains(text(), \"PM Order\")]"}
COMMAND: POST /session/416ca3a003057b96434a2425fa5e92e2/element/f.E04F53A89B741A5C45B2DD6DE3A1F810.d.A87FBC6EC83E726E815BCB64C02BE484.e.17612/click - {}
RESULT: {}
COMMAND: GET /session/416ca3a003057b96434a2425fa5e92e2/screenshot - {}
RESULT: {}
COMMAND: POST /session/416ca3a003057b96434a2425fa5e92e2/element - {"using":"xpath","value":"(//span[contains(@id ,\"manageresources-display-component---newResourceUnit--RUTimeSegment-0-vhi\")])[1]"}
RESULT: {"using":"xpath","value":"(//span[contains(@id ,\"manageresources-display-component---newResourceUnit--RUTimeSegment-0-vhi\")])[1]"}
COMMAND: GET /session/416ca3a003057b96434a2425fa5e92e2/element/f.E04F53A89B741A5C45B2DD6DE3A1F810.d.A87FBC6EC83E726E815BCB64C02BE484.e.17616/rect - {}
RESULT: {}
COMMAND: GET /session/416ca3a003057b96434a2425fa5e92e2/window/rect - {}
RESULT: {}
COMMAND: POST /session/416ca3a003057b96434a2425fa5e92e2/execute/sync - {"script":"<script> [92 bytes]","args":[]}
RESULT: {"script":"<script> [92 bytes]","args":[]}
COMMAND: POST /session/416ca3a003057b96434a2425fa5e92e2/actions - {"actions":[{"id":"action63","type":"wheel","parameters":{},"actions":[{"type":"scroll","x":-869,"y":-24,"deltaX":0,"deltaY":0,"duration":0,"origin":{"element-6066-11e4-a52e-4f735466cecf":"f.E04F53A89B741A5C45B2DD6DE3A1F810.d.A87FBC6EC83E726E815BCB64C02BE484.e.17616"}}]}]}
COMMAND: GET /session/416ca3a003057b96434a2425fa5e92e2/screenshot - {}
RESULT: {"actions":[{"id":"action63","type":"wheel","parameters":{},"actions":[{"type":"scroll","x":-869,"y":-24,"deltaX":0,"deltaY":0,"duration":0,"origin":{"element-6066-11e4-a52e-4f735466cecf":"f.E04F53A89B741A5C45B2DD6DE3A1F810.d.A87FBC6EC83E726E815BCB64C02BE484.e.17616"}}]}]}
COMMAND: DELETE /session/416ca3a003057b96434a2425fa5e92e2/actions - {}
COMMAND: GET /session/416ca3a003057b96434a2425fa5e92e2/screenshot - {}
RESULT: {}
RESULT: {}
COMMAND: GET /session/416ca3a003057b96434a2425fa5e92e2/screenshot - {}
RESULT: {}
RESULT: {}
COMMAND: POST /session/416ca3a003057b96434a2425fa5e92e2/element/f.E04F53A89B741A5C45B2DD6DE3A1F810.d.A87FBC6EC83E726E815BCB64C02BE484.e.17616/click - {}
RESULT: {}
COMMAND: GET /session/416ca3a003057b96434a2425fa5e92e2/screenshot - {}
RESULT: {}
COMMAND: POST /session/416ca3a003057b96434a2425fa5e92e2/execute/async - {"script":"<script> [1562 bytes]","args":[{"selector":{"controlType":"sap.m.SearchField","properties":{"placeholder":"Search"},"searchOpenDialogs":true,"interaction":{"idSuffix":"I"}},"wdio_ui5_key":"sapm.SearchField{\"placeholder\":\"Search\"}"}]}
RESULT: {"script":"<script> [1562 bytes]","args":[{"selector":{"controlType":"sap.m.SearchField","properties":{"placeholder":"Search"},"searchOpenDialogs":true,"interaction":{"idSuffix":"I"}},"wdio_ui5_key":"sapm.SearchField{\"placeholder\":\"Search\"}"}]}
RESULT: undefined
COMMAND: POST /session/416ca3a003057b96434a2425fa5e92e2/execute/async - {"script":"<script> [776 bytes]","args":[{"enterText":"4000360","selector":{"controlType":"sap.m.SearchField","properties":{"placeholder":"Search"},"searchOpenDialogs":true,"interaction":{"idSuffix":"I"}},"clearTextFirst":true,"interactionType":"ENTER_TEXT"}]}
RESULT: {"script":"<script> [776 bytes]","args":[{"enterText":"4000360","selector":{"controlType":"sap.m.SearchField","properties":{"placeholder":"Search"},"searchOpenDialogs":true,"interaction":{"idSuffix":"I"}},"clearTextFirst":true,"interactionType":"ENTER_TEXT"}]}
COMMAND: POST /session/416ca3a003057b96434a2425fa5e92e2/actions - {"actions":[{"id":"action64","type":"key","parameters":{},"actions":[{"type":"keyDown","value":"î€‡"},{"type":"pause","duration":10},{"type":"keyUp","value":"î€‡"}]}]}
RESULT: {"actions":[{"id":"action64","type":"key","parameters":{},"actions":[{"type":"keyDown","value":"î€‡"},{"type":"pause","duration":10},{"type":"keyUp","value":"î€‡"}]}]}
COMMAND: GET /session/416ca3a003057b96434a2425fa5e92e2/screenshot - {}
RESULT: {}
COMMAND: POST /session/416ca3a003057b96434a2425fa5e92e2/element - {"using":"xpath","value":"//td/div/span[contains(text(), \"BGL Vehicles\")]"}
RESULT: {"using":"xpath","value":"//td/div/span[contains(text(), \"BGL Vehicles\")]"}
COMMAND: POST /session/416ca3a003057b96434a2425fa5e92e2/element/f.E04F53A89B741A5C45B2DD6DE3A1F810.d.A87FBC6EC83E726E815BCB64C02BE484.e.17637/click - {}
RESULT: {}
COMMAND: GET /session/416ca3a003057b96434a2425fa5e92e2/screenshot - {}
RESULT: {}
COMMAND: POST /session/416ca3a003057b96434a2425fa5e92e2/element - {"using":"xpath","value":"//bdi[contains(text(), \"OK\")]"}
RESULT: {"using":"xpath","value":"//bdi[contains(text(), \"OK\")]"}
COMMAND: POST /session/416ca3a003057b96434a2425fa5e92e2/element/f.E04F53A89B741A5C45B2DD6DE3A1F810.d.A87FBC6EC83E726E815BCB64C02BE484.e.17638/click - {}
RESULT: {}
COMMAND: GET /session/416ca3a003057b96434a2425fa5e92e2/screenshot - {}
RESULT: {}
COMMAND: POST /session/416ca3a003057b96434a2425fa5e92e2/execute/async - {"script":"<script> [1562 bytes]","args":[{"selector":{"id":"application-manageresources-display-component---newResourceUnit--newRRUPage-anchBar-application-manageresources-display-component---newResourceUnit--resource-anchor","interaction":{"idSuffix":"BDI-content"}},"wdio_ui5_key":"applicationmanageresources-display-component---newResourceUnit--newRRUPage-anchBar-application-manageresources-display-component---newResourceUnit--resource-anchor"}]}
RESULT: {"script":"<script> [1562 bytes]","args":[{"selector":{"id":"application-manageresources-display-component---newResourceUnit--newRRUPage-anchBar-application-manageresources-display-component---newResourceUnit--resource-anchor","interaction":{"idSuffix":"BDI-content"}},"wdio_ui5_key":"applicationmanageresources-display-component---newResourceUnit--newRRUPage-anchBar-application-manageresources-display-component---newResourceUnit--resource-anchor"}]}
RESULT: undefined
COMMAND: POST /session/416ca3a003057b96434a2425fa5e92e2/element - {"using":"xpath","value":"//*[@id=\"application-manageresources-display-component---newResourceUnit--newRRUPage-anchBar-application-manageresources-display-component---newResourceUnit--resource-anchor\"]"}
RESULT: {"using":"xpath","value":"//*[@id=\"application-manageresources-display-component---newResourceUnit--newRRUPage-anchBar-application-manageresources-display-component---newResourceUnit--resource-anchor\"]"}
COMMAND: POST /session/416ca3a003057b96434a2425fa5e92e2/element/f.E04F53A89B741A5C45B2DD6DE3A1F810.d.A87FBC6EC83E726E815BCB64C02BE484.e.17642/click - {}
RESULT: {}
COMMAND: POST /session/416ca3a003057b96434a2425fa5e92e2/execute/async - {"script":"<script> [1562 bytes]","args":[{"selector":{"id":"application-manageresources-display-component---newResourceUnit--PLANNED_DELIVERY_DATE","interaction":{"idSuffix":"inner"}},"wdio_ui5_key":"applicationmanageresources-display-component---newResourceUnit--PLANNED_DELIVERY_DATE"}]}
COMMAND: GET /session/416ca3a003057b96434a2425fa5e92e2/screenshot - {}
RESULT: {"script":"<script> [1562 bytes]","args":[{"selector":{"id":"application-manageresources-display-component---newResourceUnit--PLANNED_DELIVERY_DATE","interaction":{"idSuffix":"inner"}},"wdio_ui5_key":"applicationmanageresources-display-component---newResourceUnit--PLANNED_DELIVERY_DATE"}]}
RESULT: undefined
COMMAND: POST /session/416ca3a003057b96434a2425fa5e92e2/execute/async - {"script":"<script> [6424 bytes]","args":[{"element-6066-11e4-a52e-4f735466cecf":"f.E04F53A89B741A5C45B2DD6DE3A1F810.d.A87FBC6EC83E726E815BCB64C02BE484.e.17506"},"setValue",["5/14/25"]]}
RESULT: {}
RESULT: {"script":"<script> [6424 bytes]","args":[{"element-6066-11e4-a52e-4f735466cecf":"f.E04F53A89B741A5C45B2DD6DE3A1F810.d.A87FBC6EC83E726E815BCB64C02BE484.e.17506"},"setValue",["5/14/25"]]}
COMMAND: POST /session/416ca3a003057b96434a2425fa5e92e2/element - {"using":"xpath","value":"//label[contains(@class, 'sapMLabelRequired') and .//bdi[contains(text(), 'Planned Retirement')]]"}
RESULT: {"using":"xpath","value":"//label[contains(@class, 'sapMLabelRequired') and .//bdi[contains(text(), 'Planned Retirement')]]"}
COMMAND: POST /session/416ca3a003057b96434a2425fa5e92e2/elements - {"using":"xpath","value":"//label[contains(@class, 'sapMLabelRequired') and .//bdi[contains(text(), 'Planned Retirement')]]"}
RESULT: {"using":"xpath","value":"//label[contains(@class, 'sapMLabelRequired') and .//bdi[contains(text(), 'Planned Retirement')]]"}
COMMAND: POST /session/416ca3a003057b96434a2425fa5e92e2/element - {"using":"xpath","value":"//button[@data-kt=\"resourceUnitSaveButton\"]"}
RESULT: {"using":"xpath","value":"//button[@data-kt=\"resourceUnitSaveButton\"]"}
COMMAND: POST /session/416ca3a003057b96434a2425fa5e92e2/element/f.E04F53A89B741A5C45B2DD6DE3A1F810.d.A87FBC6EC83E726E815BCB64C02BE484.e.17466/click - {}
RESULT: {}
COMMAND: GET /session/416ca3a003057b96434a2425fa5e92e2/screenshot - {}
RESULT: {}
COMMAND: POST /session/416ca3a003057b96434a2425fa5e92e2/element - {"using":"xpath","value":"//bdi[contains(text(), \"Close\")]"}
RESULT: {"using":"xpath","value":"//bdi[contains(text(), \"Close\")]"}
COMMAND: POST /session/416ca3a003057b96434a2425fa5e92e2/element/f.E04F53A89B741A5C45B2DD6DE3A1F810.d.A87FBC6EC83E726E815BCB64C02BE484.e.17652/click - {}
RESULT: {}
COMMAND: GET /session/416ca3a003057b96434a2425fa5e92e2/screenshot - {}
RESULT: {}
COMMAND: POST /session/416ca3a003057b96434a2425fa5e92e2/element - {"using":"xpath","value":"(//button[contains(@id ,\"actionsToolbar-overflowButton\")])[1]"}
RESULT: {"using":"xpath","value":"(//button[contains(@id ,\"actionsToolbar-overflowButton\")])[1]"}
COMMAND: POST /session/416ca3a003057b96434a2425fa5e92e2/element/f.E04F53A89B741A5C45B2DD6DE3A1F810.d.A87FBC6EC83E726E815BCB64C02BE484.e.17705/click - {}
RESULT: {}
COMMAND: GET /session/416ca3a003057b96434a2425fa5e92e2/screenshot - {}
RESULT: {}
COMMAND: POST /session/416ca3a003057b96434a2425fa5e92e2/element - {"using":"xpath","value":"//button[@data-kt=\"priceInfoButton\"]"}
RESULT: {"using":"xpath","value":"//button[@data-kt=\"priceInfoButton\"]"}
COMMAND: POST /session/416ca3a003057b96434a2425fa5e92e2/element/f.E04F53A89B741A5C45B2DD6DE3A1F810.d.A87FBC6EC83E726E815BCB64C02BE484.e.17707/click - {}
RESULT: {}
COMMAND: GET /session/416ca3a003057b96434a2425fa5e92e2/screenshot - {}
RESULT: {}
]]></system-out>
    </testcase>
    <testcase classname="chrome.136_0_7103_49.windows.Create_Reverse_Billing_US127248" name="Should create a pricing procedure" time="49.987">
      <system-out><![CDATA[
COMMAND: POST /session/416ca3a003057b96434a2425fa5e92e2/element - {"using":"xpath","value":"//button[@data-kt=\"addButton\"]"}
RESULT: {"using":"xpath","value":"//button[@data-kt=\"addButton\"]"}
COMMAND: POST /session/416ca3a003057b96434a2425fa5e92e2/elements - {"using":"xpath","value":"//button[@data-kt=\"addButton\"]"}
RESULT: {"using":"xpath","value":"//button[@data-kt=\"addButton\"]"}
COMMAND: POST /session/416ca3a003057b96434a2425fa5e92e2/element - {"using":"xpath","value":"//button[@data-kt=\"addButton\"]"}
RESULT: {"using":"xpath","value":"//button[@data-kt=\"addButton\"]"}
COMMAND: POST /session/416ca3a003057b96434a2425fa5e92e2/execute/sync - {"script":"<script> [8489 bytes]","args":[{"element-6066-11e4-a52e-4f735466cecf":"f.E04F53A89B741A5C45B2DD6DE3A1F810.d.A87FBC6EC83E726E815BCB64C02BE484.e.17743","ELEMENT":"f.E04F53A89B741A5C45B2DD6DE3A1F810.d.A87FBC6EC83E726E815BCB64C02BE484.e.17743"}]}
RESULT: {"script":"<script> [8489 bytes]","args":[{"element-6066-11e4-a52e-4f735466cecf":"f.E04F53A89B741A5C45B2DD6DE3A1F810.d.A87FBC6EC83E726E815BCB64C02BE484.e.17743","ELEMENT":"f.E04F53A89B741A5C45B2DD6DE3A1F810.d.A87FBC6EC83E726E815BCB64C02BE484.e.17743"}]}
COMMAND: GET /session/416ca3a003057b96434a2425fa5e92e2/element/f.E04F53A89B741A5C45B2DD6DE3A1F810.d.A87FBC6EC83E726E815BCB64C02BE484.e.17743/enabled - {}
COMMAND: GET /session/416ca3a003057b96434a2425fa5e92e2/screenshot - {}
RESULT: {}
COMMAND: POST /session/416ca3a003057b96434a2425fa5e92e2/execute/sync - {"script":"<script> [8489 bytes]","args":[{"element-6066-11e4-a52e-4f735466cecf":"f.E04F53A89B741A5C45B2DD6DE3A1F810.d.A87FBC6EC83E726E815BCB64C02BE484.e.17743","ELEMENT":"f.E04F53A89B741A5C45B2DD6DE3A1F810.d.A87FBC6EC83E726E815BCB64C02BE484.e.17743"}]}
COMMAND: GET /session/416ca3a003057b96434a2425fa5e92e2/screenshot - {}
RESULT: {}
RESULT: {"script":"<script> [8489 bytes]","args":[{"element-6066-11e4-a52e-4f735466cecf":"f.E04F53A89B741A5C45B2DD6DE3A1F810.d.A87FBC6EC83E726E815BCB64C02BE484.e.17743","ELEMENT":"f.E04F53A89B741A5C45B2DD6DE3A1F810.d.A87FBC6EC83E726E815BCB64C02BE484.e.17743"}]}
COMMAND: POST /session/416ca3a003057b96434a2425fa5e92e2/execute/sync - {"script":"<script> [5351 bytes]","args":[{"element-6066-11e4-a52e-4f735466cecf":"f.E04F53A89B741A5C45B2DD6DE3A1F810.d.A87FBC6EC83E726E815BCB64C02BE484.e.17743","ELEMENT":"f.E04F53A89B741A5C45B2DD6DE3A1F810.d.A87FBC6EC83E726E815BCB64C02BE484.e.17743"}]}
COMMAND: GET /session/416ca3a003057b96434a2425fa5e92e2/screenshot - {}
RESULT: {}
RESULT: {}
RESULT: {"script":"<script> [5351 bytes]","args":[{"element-6066-11e4-a52e-4f735466cecf":"f.E04F53A89B741A5C45B2DD6DE3A1F810.d.A87FBC6EC83E726E815BCB64C02BE484.e.17743","ELEMENT":"f.E04F53A89B741A5C45B2DD6DE3A1F810.d.A87FBC6EC83E726E815BCB64C02BE484.e.17743"}]}
COMMAND: POST /session/416ca3a003057b96434a2425fa5e92e2/element/f.E04F53A89B741A5C45B2DD6DE3A1F810.d.A87FBC6EC83E726E815BCB64C02BE484.e.17743/click - {}
COMMAND: GET /session/416ca3a003057b96434a2425fa5e92e2/screenshot - {}
RESULT: {}
COMMAND: GET /session/416ca3a003057b96434a2425fa5e92e2/screenshot - {}
RESULT: {}
RESULT: {}
COMMAND: POST /session/416ca3a003057b96434a2425fa5e92e2/execute/async - {"script":"<script> [1562 bytes]","args":[{"selector":{"controlType":"sap.m.Title","viewName":"etm.portal.ui.managepricingrules.view.NewItem","viewId":"application-managepricingrules-display-component---newInfoPriceItem","properties":{"text":"New Pricing Rules - Item Level"}},"wdio_ui5_key":"etmportal.ui.managepricingrules.view.NewItemsap.m.Title{\"text\":\"New Pricing Rules - Item Level\"}"}]}
RESULT: {"script":"<script> [1562 bytes]","args":[{"selector":{"controlType":"sap.m.Title","viewName":"etm.portal.ui.managepricingrules.view.NewItem","viewId":"application-managepricingrules-display-component---newInfoPriceItem","properties":{"text":"New Pricing Rules - Item Level"}},"wdio_ui5_key":"etmportal.ui.managepricingrules.view.NewItemsap.m.Title{\"text\":\"New Pricing Rules - Item Level\"}"}]}
RESULT: undefined
COMMAND: POST /session/416ca3a003057b96434a2425fa5e92e2/execute/async - {"script":"<script> [6424 bytes]","args":[{"element-6066-11e4-a52e-4f735466cecf":"f.E04F53A89B741A5C45B2DD6DE3A1F810.d.A87FBC6EC83E726E815BCB64C02BE484.e.17905"},"getText",[]]}
RESULT: {"script":"<script> [6424 bytes]","args":[{"element-6066-11e4-a52e-4f735466cecf":"f.E04F53A89B741A5C45B2DD6DE3A1F810.d.A87FBC6EC83E726E815BCB64C02BE484.e.17905"},"getText",[]]}
COMMAND: POST /session/416ca3a003057b96434a2425fa5e92e2/execute/async - {"script":"<script> [1562 bytes]","args":[{"selector":{"id":"application-managepricingrules-display-component---newInfoPriceItem--condValidTo","interaction":{"idSuffix":"inner"}},"wdio_ui5_key":"applicationmanagepricingrules-display-component---newInfoPriceItem--condValidTo"}]}
RESULT: {"script":"<script> [1562 bytes]","args":[{"selector":{"id":"application-managepricingrules-display-component---newInfoPriceItem--condValidTo","interaction":{"idSuffix":"inner"}},"wdio_ui5_key":"applicationmanagepricingrules-display-component---newInfoPriceItem--condValidTo"}]}
RESULT: undefined
COMMAND: POST /session/416ca3a003057b96434a2425fa5e92e2/execute/async - {"script":"<script> [776 bytes]","args":[{"enterText":"1/14/26","selector":{"id":"application-managepricingrules-display-component---newInfoPriceItem--condValidTo","interaction":{"idSuffix":"inner"}},"clearTextFirst":true,"interactionType":"ENTER_TEXT"}]}
RESULT: {"script":"<script> [776 bytes]","args":[{"enterText":"1/14/26","selector":{"id":"application-managepricingrules-display-component---newInfoPriceItem--condValidTo","interaction":{"idSuffix":"inner"}},"clearTextFirst":true,"interactionType":"ENTER_TEXT"}]}
COMMAND: POST /session/416ca3a003057b96434a2425fa5e92e2/execute/async - {"script":"<script> [1562 bytes]","args":[{"selector":{"id":"application-managepricingrules-display-component---newInfoPriceItem--billType-arrow"},"wdio_ui5_key":"applicationmanagepricingrules-display-component---newInfoPriceItem--billType-arrow"}]}
RESULT: {"script":"<script> [1562 bytes]","args":[{"selector":{"id":"application-managepricingrules-display-component---newInfoPriceItem--billType-arrow"},"wdio_ui5_key":"applicationmanagepricingrules-display-component---newInfoPriceItem--billType-arrow"}]}
RESULT: undefined
COMMAND: POST /session/416ca3a003057b96434a2425fa5e92e2/element - {"using":"xpath","value":"//*[@id=\"application-managepricingrules-display-component---newInfoPriceItem--billType-arrow\"]"}
RESULT: {"using":"xpath","value":"//*[@id=\"application-managepricingrules-display-component---newInfoPriceItem--billType-arrow\"]"}
COMMAND: POST /session/416ca3a003057b96434a2425fa5e92e2/element/f.E04F53A89B741A5C45B2DD6DE3A1F810.d.A87FBC6EC83E726E815BCB64C02BE484.e.17907/click - {}
RESULT: {}
COMMAND: POST /session/416ca3a003057b96434a2425fa5e92e2/element - {"using":"xpath","value":"//span[contains(text(), \"TB - Time based\")]"}
COMMAND: GET /session/416ca3a003057b96434a2425fa5e92e2/screenshot - {}
RESULT: {"using":"xpath","value":"//span[contains(text(), \"TB - Time based\")]"}
COMMAND: POST /session/416ca3a003057b96434a2425fa5e92e2/element/f.E04F53A89B741A5C45B2DD6DE3A1F810.d.A87FBC6EC83E726E815BCB64C02BE484.e.17908/click - {}
RESULT: {}
RESULT: {}
COMMAND: POST /session/416ca3a003057b96434a2425fa5e92e2/execute/async - {"script":"<script> [1562 bytes]","args":[{"selector":{"id":"application-managepricingrules-display-component---newInfoPriceItem--priceProc-arrow"},"wdio_ui5_key":"applicationmanagepricingrules-display-component---newInfoPriceItem--priceProc-arrow"}]}
COMMAND: GET /session/416ca3a003057b96434a2425fa5e92e2/screenshot - {}
RESULT: {"script":"<script> [1562 bytes]","args":[{"selector":{"id":"application-managepricingrules-display-component---newInfoPriceItem--priceProc-arrow"},"wdio_ui5_key":"applicationmanagepricingrules-display-component---newInfoPriceItem--priceProc-arrow"}]}
RESULT: undefined
COMMAND: POST /session/416ca3a003057b96434a2425fa5e92e2/element - {"using":"xpath","value":"//*[@id=\"application-managepricingrules-display-component---newInfoPriceItem--priceProc-arrow\"]"}
RESULT: {}
RESULT: {"using":"xpath","value":"//*[@id=\"application-managepricingrules-display-component---newInfoPriceItem--priceProc-arrow\"]"}
COMMAND: POST /session/416ca3a003057b96434a2425fa5e92e2/element/f.E04F53A89B741A5C45B2DD6DE3A1F810.d.A87FBC6EC83E726E815BCB64C02BE484.e.17871/click - {}
RESULT: {}
COMMAND: POST /session/416ca3a003057b96434a2425fa5e92e2/element - {"using":"xpath","value":"//span[contains(text(), \"TBS - Time based standard\")]"}
COMMAND: GET /session/416ca3a003057b96434a2425fa5e92e2/screenshot - {}
RESULT: {"using":"xpath","value":"//span[contains(text(), \"TBS - Time based standard\")]"}
COMMAND: POST /session/416ca3a003057b96434a2425fa5e92e2/element/f.E04F53A89B741A5C45B2DD6DE3A1F810.d.A87FBC6EC83E726E815BCB64C02BE484.e.17909/click - {}
RESULT: {}
RESULT: {}
COMMAND: POST /session/416ca3a003057b96434a2425fa5e92e2/execute/async - {"script":"<script> [1562 bytes]","args":[{"selector":{"id":"application-managepricingrules-display-component---newInfoPriceItem--calcBase-arrow"},"wdio_ui5_key":"applicationmanagepricingrules-display-component---newInfoPriceItem--calcBase-arrow"}]}
COMMAND: GET /session/416ca3a003057b96434a2425fa5e92e2/screenshot - {}
RESULT: {"script":"<script> [1562 bytes]","args":[{"selector":{"id":"application-managepricingrules-display-component---newInfoPriceItem--calcBase-arrow"},"wdio_ui5_key":"applicationmanagepricingrules-display-component---newInfoPriceItem--calcBase-arrow"}]}
RESULT: undefined
COMMAND: POST /session/416ca3a003057b96434a2425fa5e92e2/element - {"using":"xpath","value":"//*[@id=\"application-managepricingrules-display-component---newInfoPriceItem--calcBase-arrow\"]"}
RESULT: {}
RESULT: {"using":"xpath","value":"//*[@id=\"application-managepricingrules-display-component---newInfoPriceItem--calcBase-arrow\"]"}
COMMAND: POST /session/416ca3a003057b96434a2425fa5e92e2/element/f.E04F53A89B741A5C45B2DD6DE3A1F810.d.A87FBC6EC83E726E815BCB64C02BE484.e.17878/click - {}
RESULT: {}
COMMAND: GET /session/416ca3a003057b96434a2425fa5e92e2/screenshot - {}
RESULT: {}
COMMAND: POST /session/416ca3a003057b96434a2425fa5e92e2/element - {"using":"xpath","value":"//span[contains(text(), \"0006 - TB(calendar days)\")]"}
RESULT: {"using":"xpath","value":"//span[contains(text(), \"0006 - TB(calendar days)\")]"}
COMMAND: POST /session/416ca3a003057b96434a2425fa5e92e2/element/f.E04F53A89B741A5C45B2DD6DE3A1F810.d.A87FBC6EC83E726E815BCB64C02BE484.e.17910/click - {}
RESULT: {}
COMMAND: GET /session/416ca3a003057b96434a2425fa5e92e2/screenshot - {}
RESULT: {}
COMMAND: POST /session/416ca3a003057b96434a2425fa5e92e2/execute/async - {"script":"<script> [1562 bytes]","args":[{"selector":{"id":"application-managepricingrules-display-component---newInfoPriceItem--daysMonth","interaction":{"idSuffix":"inner"}},"wdio_ui5_key":"applicationmanagepricingrules-display-component---newInfoPriceItem--daysMonth"}]}
RESULT: {"script":"<script> [1562 bytes]","args":[{"selector":{"id":"application-managepricingrules-display-component---newInfoPriceItem--daysMonth","interaction":{"idSuffix":"inner"}},"wdio_ui5_key":"applicationmanagepricingrules-display-component---newInfoPriceItem--daysMonth"}]}
RESULT: undefined
COMMAND: POST /session/416ca3a003057b96434a2425fa5e92e2/execute/async - {"script":"<script> [776 bytes]","args":[{"enterText":"30","selector":{"id":"application-managepricingrules-display-component---newInfoPriceItem--daysMonth","interaction":{"idSuffix":"inner"}},"clearTextFirst":true,"interactionType":"ENTER_TEXT"}]}
RESULT: {"script":"<script> [776 bytes]","args":[{"enterText":"30","selector":{"id":"application-managepricingrules-display-component---newInfoPriceItem--daysMonth","interaction":{"idSuffix":"inner"}},"clearTextFirst":true,"interactionType":"ENTER_TEXT"}]}
COMMAND: POST /session/416ca3a003057b96434a2425fa5e92e2/element - {"using":"xpath","value":"//button[@data-kt=\"saveNewRuleButton\"]"}
RESULT: {"using":"xpath","value":"//button[@data-kt=\"saveNewRuleButton\"]"}
COMMAND: POST /session/416ca3a003057b96434a2425fa5e92e2/element/f.E04F53A89B741A5C45B2DD6DE3A1F810.d.A87FBC6EC83E726E815BCB64C02BE484.e.17896/click - {}
RESULT: {}
COMMAND: GET /session/416ca3a003057b96434a2425fa5e92e2/screenshot - {}
RESULT: {}
COMMAND: POST /session/416ca3a003057b96434a2425fa5e92e2/execute/async - {"script":"<script> [1562 bytes]","args":[{"selector":{"id":"application-managepricingrules-display-component---priceInfoItem--smartFilterBar-btnBasicSearch","interaction":{"idSuffix":"I"}},"wdio_ui5_key":"applicationmanagepricingrules-display-component---priceInfoItem--smartFilterBar-btnBasicSearch"}]}
RESULT: {"script":"<script> [1562 bytes]","args":[{"selector":{"id":"application-managepricingrules-display-component---priceInfoItem--smartFilterBar-btnBasicSearch","interaction":{"idSuffix":"I"}},"wdio_ui5_key":"applicationmanagepricingrules-display-component---priceInfoItem--smartFilterBar-btnBasicSearch"}]}
RESULT: undefined
COMMAND: POST /session/416ca3a003057b96434a2425fa5e92e2/execute/async - {"script":"<script> [776 bytes]","args":[{"enterText":"DfX6IopYtU","selector":{"id":"application-managepricingrules-display-component---priceInfoItem--smartFilterBar-btnBasicSearch","interaction":{"idSuffix":"I"}},"clearTextFirst":true,"interactionType":"ENTER_TEXT"}]}
RESULT: {"script":"<script> [776 bytes]","args":[{"enterText":"DfX6IopYtU","selector":{"id":"application-managepricingrules-display-component---priceInfoItem--smartFilterBar-btnBasicSearch","interaction":{"idSuffix":"I"}},"clearTextFirst":true,"interactionType":"ENTER_TEXT"}]}
COMMAND: POST /session/416ca3a003057b96434a2425fa5e92e2/actions - {"actions":[{"id":"action65","type":"key","parameters":{},"actions":[{"type":"keyDown","value":"î€‡"},{"type":"pause","duration":10},{"type":"keyUp","value":"î€‡"}]}]}
RESULT: {"actions":[{"id":"action65","type":"key","parameters":{},"actions":[{"type":"keyDown","value":"î€‡"},{"type":"pause","duration":10},{"type":"keyUp","value":"î€‡"}]}]}
COMMAND: GET /session/416ca3a003057b96434a2425fa5e92e2/screenshot - {}
RESULT: {}
COMMAND: POST /session/416ca3a003057b96434a2425fa5e92e2/element - {"using":"xpath","value":"//span[@id=\"application-managepricingrules-display-component---priceInfoItem--smartTable-header-inner\"]"}
RESULT: {"using":"xpath","value":"//span[@id=\"application-managepricingrules-display-component---priceInfoItem--smartTable-header-inner\"]"}
COMMAND: POST /session/416ca3a003057b96434a2425fa5e92e2/elements - {"using":"xpath","value":"//span[@id=\"application-managepricingrules-display-component---priceInfoItem--smartTable-header-inner\"]"}
RESULT: {"using":"xpath","value":"//span[@id=\"application-managepricingrules-display-component---priceInfoItem--smartTable-header-inner\"]"}
COMMAND: POST /session/416ca3a003057b96434a2425fa5e92e2/execute/sync - {"script":"<script> [56 bytes]","args":[{"element-6066-11e4-a52e-4f735466cecf":"f.E04F53A89B741A5C45B2DD6DE3A1F810.d.A87FBC6EC83E726E815BCB64C02BE484.e.17923","ELEMENT":"f.E04F53A89B741A5C45B2DD6DE3A1F810.d.A87FBC6EC83E726E815BCB64C02BE484.e.17923"}]}
RESULT: {"script":"<script> [56 bytes]","args":[{"element-6066-11e4-a52e-4f735466cecf":"f.E04F53A89B741A5C45B2DD6DE3A1F810.d.A87FBC6EC83E726E815BCB64C02BE484.e.17923","ELEMENT":"f.E04F53A89B741A5C45B2DD6DE3A1F810.d.A87FBC6EC83E726E815BCB64C02BE484.e.17923"}]}
COMMAND: POST /session/416ca3a003057b96434a2425fa5e92e2/element - {"using":"css selector","value":"#shell-header-logo"}
COMMAND: GET /session/416ca3a003057b96434a2425fa5e92e2/screenshot - {}
RESULT: {"using":"css selector","value":"#shell-header-logo"}
COMMAND: POST /session/416ca3a003057b96434a2425fa5e92e2/element/f.E04F53A89B741A5C45B2DD6DE3A1F810.d.A87FBC6EC83E726E815BCB64C02BE484.e.17058/click - {}
RESULT: {}
RESULT: {}
COMMAND: GET /session/416ca3a003057b96434a2425fa5e92e2/screenshot - {}
RESULT: {}
]]></system-out>
    </testcase>
    <testcase classname="chrome.136_0_7103_49.windows.Create_Reverse_Billing_US127248" name="Should manage conditions" time="71.418">
      <system-out><![CDATA[
COMMAND: POST /session/416ca3a003057b96434a2425fa5e92e2/execute/async - {"script":"<script> [1562 bytes]","args":[{"selector":{"controlType":"sap.m.GenericTile","properties":{"header":"Manage Conditions & Prices"}},"wdio_ui5_key":"sapm.GenericTile{\"header\":\"Manage Conditions & Prices\"}"}]}
RESULT: {"script":"<script> [1562 bytes]","args":[{"selector":{"controlType":"sap.m.GenericTile","properties":{"header":"Manage Conditions & Prices"}},"wdio_ui5_key":"sapm.GenericTile{\"header\":\"Manage Conditions & Prices\"}"}]}
RESULT: undefined
COMMAND: POST /session/416ca3a003057b96434a2425fa5e92e2/element - {"using":"xpath","value":"//*[@id=\"__tile53\"]"}
RESULT: {"using":"xpath","value":"//*[@id=\"__tile53\"]"}
COMMAND: POST /session/416ca3a003057b96434a2425fa5e92e2/element/f.E04F53A89B741A5C45B2DD6DE3A1F810.d.A87FBC6EC83E726E815BCB64C02BE484.e.16996/click - {}
RESULT: {}
COMMAND: GET /session/416ca3a003057b96434a2425fa5e92e2/screenshot - {}
RESULT: {}
COMMAND: POST /session/416ca3a003057b96434a2425fa5e92e2/elements - {"using":"xpath","value":"//span[text()='Error']"}
RESULT: {"using":"xpath","value":"//span[text()='Error']"}
COMMAND: POST /session/416ca3a003057b96434a2425fa5e92e2/element - {"using":"xpath","value":"//button[@aria-label=\"Create\"]"}
RESULT: {"using":"xpath","value":"//button[@aria-label=\"Create\"]"}
COMMAND: POST /session/416ca3a003057b96434a2425fa5e92e2/elements - {"using":"xpath","value":"//button[@aria-label=\"Create\"]"}
RESULT: {"using":"xpath","value":"//button[@aria-label=\"Create\"]"}
COMMAND: POST /session/416ca3a003057b96434a2425fa5e92e2/execute/sync - {"script":"<script> [8489 bytes]","args":[{"element-6066-11e4-a52e-4f735466cecf":"f.E04F53A89B741A5C45B2DD6DE3A1F810.d.A87FBC6EC83E726E815BCB64C02BE484.e.17958","ELEMENT":"f.E04F53A89B741A5C45B2DD6DE3A1F810.d.A87FBC6EC83E726E815BCB64C02BE484.e.17958"}]}
RESULT: {"script":"<script> [8489 bytes]","args":[{"element-6066-11e4-a52e-4f735466cecf":"f.E04F53A89B741A5C45B2DD6DE3A1F810.d.A87FBC6EC83E726E815BCB64C02BE484.e.17958","ELEMENT":"f.E04F53A89B741A5C45B2DD6DE3A1F810.d.A87FBC6EC83E726E815BCB64C02BE484.e.17958"}]}
COMMAND: GET /session/416ca3a003057b96434a2425fa5e92e2/element/f.E04F53A89B741A5C45B2DD6DE3A1F810.d.A87FBC6EC83E726E815BCB64C02BE484.e.17958/enabled - {}
COMMAND: GET /session/416ca3a003057b96434a2425fa5e92e2/screenshot - {}
RESULT: {}
COMMAND: POST /session/416ca3a003057b96434a2425fa5e92e2/execute/sync - {"script":"<script> [8489 bytes]","args":[{"element-6066-11e4-a52e-4f735466cecf":"f.E04F53A89B741A5C45B2DD6DE3A1F810.d.A87FBC6EC83E726E815BCB64C02BE484.e.17958","ELEMENT":"f.E04F53A89B741A5C45B2DD6DE3A1F810.d.A87FBC6EC83E726E815BCB64C02BE484.e.17958"}]}
COMMAND: GET /session/416ca3a003057b96434a2425fa5e92e2/screenshot - {}
RESULT: {}
RESULT: {"script":"<script> [8489 bytes]","args":[{"element-6066-11e4-a52e-4f735466cecf":"f.E04F53A89B741A5C45B2DD6DE3A1F810.d.A87FBC6EC83E726E815BCB64C02BE484.e.17958","ELEMENT":"f.E04F53A89B741A5C45B2DD6DE3A1F810.d.A87FBC6EC83E726E815BCB64C02BE484.e.17958"}]}
COMMAND: POST /session/416ca3a003057b96434a2425fa5e92e2/execute/sync - {"script":"<script> [5351 bytes]","args":[{"element-6066-11e4-a52e-4f735466cecf":"f.E04F53A89B741A5C45B2DD6DE3A1F810.d.A87FBC6EC83E726E815BCB64C02BE484.e.17958","ELEMENT":"f.E04F53A89B741A5C45B2DD6DE3A1F810.d.A87FBC6EC83E726E815BCB64C02BE484.e.17958"}]}
COMMAND: GET /session/416ca3a003057b96434a2425fa5e92e2/screenshot - {}
RESULT: {}
RESULT: {"script":"<script> [5351 bytes]","args":[{"element-6066-11e4-a52e-4f735466cecf":"f.E04F53A89B741A5C45B2DD6DE3A1F810.d.A87FBC6EC83E726E815BCB64C02BE484.e.17958","ELEMENT":"f.E04F53A89B741A5C45B2DD6DE3A1F810.d.A87FBC6EC83E726E815BCB64C02BE484.e.17958"}]}
COMMAND: POST /session/416ca3a003057b96434a2425fa5e92e2/element/f.E04F53A89B741A5C45B2DD6DE3A1F810.d.A87FBC6EC83E726E815BCB64C02BE484.e.17958/click - {}
COMMAND: GET /session/416ca3a003057b96434a2425fa5e92e2/screenshot - {}
RESULT: {}
RESULT: {}
COMMAND: GET /session/416ca3a003057b96434a2425fa5e92e2/screenshot - {}
RESULT: {}
RESULT: {}
COMMAND: POST /session/416ca3a003057b96434a2425fa5e92e2/actions - {"actions":[{"id":"action66","type":"key","parameters":{},"actions":[{"type":"keyDown","value":"î€‡"},{"type":"pause","duration":10},{"type":"keyUp","value":"î€‡"}]}]}
RESULT: {"actions":[{"id":"action66","type":"key","parameters":{},"actions":[{"type":"keyDown","value":"î€‡"},{"type":"pause","duration":10},{"type":"keyUp","value":"î€‡"}]}]}
COMMAND: GET /session/416ca3a003057b96434a2425fa5e92e2/screenshot - {}
RESULT: {}
COMMAND: POST /session/416ca3a003057b96434a2425fa5e92e2/execute/async - {"script":"<script> [1562 bytes]","args":[{"selector":{"id":"application-manageconditionprice-display-component---newCondition--condBillCond-arrow"},"wdio_ui5_key":"applicationmanageconditionprice-display-component---newCondition--condBillCond-arrow"}]}
RESULT: {"script":"<script> [1562 bytes]","args":[{"selector":{"id":"application-manageconditionprice-display-component---newCondition--condBillCond-arrow"},"wdio_ui5_key":"applicationmanageconditionprice-display-component---newCondition--condBillCond-arrow"}]}
RESULT: undefined
COMMAND: POST /session/416ca3a003057b96434a2425fa5e92e2/element - {"using":"xpath","value":"//*[@id=\"application-manageconditionprice-display-component---newCondition--condBillCond-arrow\"]"}
RESULT: {"using":"xpath","value":"//*[@id=\"application-manageconditionprice-display-component---newCondition--condBillCond-arrow\"]"}
COMMAND: POST /session/416ca3a003057b96434a2425fa5e92e2/element/f.E04F53A89B741A5C45B2DD6DE3A1F810.d.A87FBC6EC83E726E815BCB64C02BE484.e.18135/click - {}
RESULT: {}
COMMAND: GET /session/416ca3a003057b96434a2425fa5e92e2/screenshot - {}
RESULT: {}
COMMAND: POST /session/416ca3a003057b96434a2425fa5e92e2/element - {"using":"xpath","value":"//li[.//span[contains(text(), \"DISP - D&I special price\")]]"}
RESULT: {"using":"xpath","value":"//li[.//span[contains(text(), \"DISP - D&I special price\")]]"}
COMMAND: POST /session/416ca3a003057b96434a2425fa5e92e2/element/f.E04F53A89B741A5C45B2DD6DE3A1F810.d.A87FBC6EC83E726E815BCB64C02BE484.e.18138/click - {}
RESULT: {}
COMMAND: GET /session/416ca3a003057b96434a2425fa5e92e2/screenshot - {}
RESULT: {}
COMMAND: POST /session/416ca3a003057b96434a2425fa5e92e2/execute/async - {"script":"<script> [1562 bytes]","args":[{"selector":{"id":"application-manageconditionprice-display-component---newCondition--condValidTo","interaction":{"idSuffix":"inner"}},"wdio_ui5_key":"applicationmanageconditionprice-display-component---newCondition--condValidTo"}]}
RESULT: {"script":"<script> [1562 bytes]","args":[{"selector":{"id":"application-manageconditionprice-display-component---newCondition--condValidTo","interaction":{"idSuffix":"inner"}},"wdio_ui5_key":"applicationmanageconditionprice-display-component---newCondition--condValidTo"}]}
RESULT: undefined
COMMAND: POST /session/416ca3a003057b96434a2425fa5e92e2/execute/async - {"script":"<script> [776 bytes]","args":[{"enterText":"1/14/26","selector":{"id":"application-manageconditionprice-display-component---newCondition--condValidTo","interaction":{"idSuffix":"inner"}},"clearTextFirst":true,"interactionType":"ENTER_TEXT"}]}
RESULT: {"script":"<script> [776 bytes]","args":[{"enterText":"1/14/26","selector":{"id":"application-manageconditionprice-display-component---newCondition--condValidTo","interaction":{"idSuffix":"inner"}},"clearTextFirst":true,"interactionType":"ENTER_TEXT"}]}
COMMAND: POST /session/416ca3a003057b96434a2425fa5e92e2/element - {"using":"xpath","value":"//input[@id=\"application-manageconditionprice-display-component---newCondition--condRU-inner\"]"}
RESULT: {"using":"xpath","value":"//input[@id=\"application-manageconditionprice-display-component---newCondition--condRU-inner\"]"}
COMMAND: POST /session/416ca3a003057b96434a2425fa5e92e2/element/f.E04F53A89B741A5C45B2DD6DE3A1F810.d.A87FBC6EC83E726E815BCB64C02BE484.e.18000/clear - {}
RESULT: {}
COMMAND: POST /session/416ca3a003057b96434a2425fa5e92e2/element/f.E04F53A89B741A5C45B2DD6DE3A1F810.d.A87FBC6EC83E726E815BCB64C02BE484.e.18000/value - {"text":"DfX6IopYtU"}
COMMAND: GET /session/416ca3a003057b96434a2425fa5e92e2/screenshot - {}
RESULT: {"text":"DfX6IopYtU"}
COMMAND: GET /session/416ca3a003057b96434a2425fa5e92e2/screenshot - {}
RESULT: {}
RESULT: {}
COMMAND: POST /session/416ca3a003057b96434a2425fa5e92e2/actions - {"actions":[{"id":"action67","type":"key","parameters":{},"actions":[{"type":"keyDown","value":"î€‡"},{"type":"pause","duration":10},{"type":"keyUp","value":"î€‡"}]}]}
RESULT: {"actions":[{"id":"action67","type":"key","parameters":{},"actions":[{"type":"keyDown","value":"î€‡"},{"type":"pause","duration":10},{"type":"keyUp","value":"î€‡"}]}]}
COMMAND: POST /session/416ca3a003057b96434a2425fa5e92e2/execute/async - {"script":"<script> [1562 bytes]","args":[{"selector":{"id":"application-manageconditionprice-display-component---newCondition--condBaseQty","interaction":{"idSuffix":"inner"}},"wdio_ui5_key":"applicationmanageconditionprice-display-component---newCondition--condBaseQty"}]}
COMMAND: GET /session/416ca3a003057b96434a2425fa5e92e2/screenshot - {}
RESULT: {"script":"<script> [1562 bytes]","args":[{"selector":{"id":"application-manageconditionprice-display-component---newCondition--condBaseQty","interaction":{"idSuffix":"inner"}},"wdio_ui5_key":"applicationmanageconditionprice-display-component---newCondition--condBaseQty"}]}
RESULT: undefined
COMMAND: POST /session/416ca3a003057b96434a2425fa5e92e2/execute/async - {"script":"<script> [776 bytes]","args":[{"enterText":"1","selector":{"id":"application-manageconditionprice-display-component---newCondition--condBaseQty","interaction":{"idSuffix":"inner"}},"clearTextFirst":true,"interactionType":"ENTER_TEXT"}]}
RESULT: {}
RESULT: {"script":"<script> [776 bytes]","args":[{"enterText":"1","selector":{"id":"application-manageconditionprice-display-component---newCondition--condBaseQty","interaction":{"idSuffix":"inner"}},"clearTextFirst":true,"interactionType":"ENTER_TEXT"}]}
COMMAND: POST /session/416ca3a003057b96434a2425fa5e92e2/execute/async - {"script":"<script> [1562 bytes]","args":[{"selector":{"id":"application-manageconditionprice-display-component---newCondition--condValue","interaction":{"idSuffix":"inner"}},"wdio_ui5_key":"applicationmanageconditionprice-display-component---newCondition--condValue"}]}
RESULT: {"script":"<script> [1562 bytes]","args":[{"selector":{"id":"application-manageconditionprice-display-component---newCondition--condValue","interaction":{"idSuffix":"inner"}},"wdio_ui5_key":"applicationmanageconditionprice-display-component---newCondition--condValue"}]}
RESULT: undefined
COMMAND: POST /session/416ca3a003057b96434a2425fa5e92e2/execute/async - {"script":"<script> [776 bytes]","args":[{"enterText":"200","selector":{"id":"application-manageconditionprice-display-component---newCondition--condValue","interaction":{"idSuffix":"inner"}},"clearTextFirst":true,"interactionType":"ENTER_TEXT"}]}
RESULT: {"script":"<script> [776 bytes]","args":[{"enterText":"200","selector":{"id":"application-manageconditionprice-display-component---newCondition--condValue","interaction":{"idSuffix":"inner"}},"clearTextFirst":true,"interactionType":"ENTER_TEXT"}]}
COMMAND: POST /session/416ca3a003057b96434a2425fa5e92e2/execute/async - {"script":"<script> [1562 bytes]","args":[{"selector":{"id":"application-manageconditionprice-display-component---newCondition--condCurr-arrow"},"wdio_ui5_key":"applicationmanageconditionprice-display-component---newCondition--condCurr-arrow"}]}
RESULT: {"script":"<script> [1562 bytes]","args":[{"selector":{"id":"application-manageconditionprice-display-component---newCondition--condCurr-arrow"},"wdio_ui5_key":"applicationmanageconditionprice-display-component---newCondition--condCurr-arrow"}]}
RESULT: undefined
COMMAND: POST /session/416ca3a003057b96434a2425fa5e92e2/element - {"using":"xpath","value":"//*[@id=\"application-manageconditionprice-display-component---newCondition--condCurr-arrow\"]"}
RESULT: {"using":"xpath","value":"//*[@id=\"application-manageconditionprice-display-component---newCondition--condCurr-arrow\"]"}
COMMAND: POST /session/416ca3a003057b96434a2425fa5e92e2/element/f.E04F53A89B741A5C45B2DD6DE3A1F810.d.A87FBC6EC83E726E815BCB64C02BE484.e.18092/click - {}
RESULT: {}
COMMAND: POST /session/416ca3a003057b96434a2425fa5e92e2/element - {"using":"xpath","value":"//span[contains(text(), \"Euro\")]"}
COMMAND: GET /session/416ca3a003057b96434a2425fa5e92e2/screenshot - {}
RESULT: {"using":"xpath","value":"//span[contains(text(), \"Euro\")]"}
COMMAND: POST /session/416ca3a003057b96434a2425fa5e92e2/element/f.E04F53A89B741A5C45B2DD6DE3A1F810.d.A87FBC6EC83E726E815BCB64C02BE484.e.18175/click - {}
RESULT: {}
RESULT: {}
COMMAND: POST /session/416ca3a003057b96434a2425fa5e92e2/element - {"using":"xpath","value":"//button[@data-kt=\"saveButton\"]"}
COMMAND: GET /session/416ca3a003057b96434a2425fa5e92e2/screenshot - {}
RESULT: {"using":"xpath","value":"//button[@data-kt=\"saveButton\"]"}
COMMAND: POST /session/416ca3a003057b96434a2425fa5e92e2/element/f.E04F53A89B741A5C45B2DD6DE3A1F810.d.A87FBC6EC83E726E815BCB64C02BE484.e.18093/click - {}
RESULT: {}
RESULT: {}
COMMAND: GET /session/416ca3a003057b96434a2425fa5e92e2/screenshot - {}
RESULT: {}
COMMAND: POST /session/416ca3a003057b96434a2425fa5e92e2/execute/async - {"script":"<script> [1562 bytes]","args":[{"selector":{"id":"application-manageconditionprice-display-component---conditions--smartFilterBar-btnBasicSearch","interaction":{"idSuffix":"I"}},"wdio_ui5_key":"applicationmanageconditionprice-display-component---conditions--smartFilterBar-btnBasicSearch"}]}
RESULT: {"script":"<script> [1562 bytes]","args":[{"selector":{"id":"application-manageconditionprice-display-component---conditions--smartFilterBar-btnBasicSearch","interaction":{"idSuffix":"I"}},"wdio_ui5_key":"applicationmanageconditionprice-display-component---conditions--smartFilterBar-btnBasicSearch"}]}
RESULT: undefined
COMMAND: POST /session/416ca3a003057b96434a2425fa5e92e2/execute/async - {"script":"<script> [776 bytes]","args":[{"enterText":"DfX6IopYtU","selector":{"id":"application-manageconditionprice-display-component---conditions--smartFilterBar-btnBasicSearch","interaction":{"idSuffix":"I"}},"clearTextFirst":true,"interactionType":"ENTER_TEXT"}]}
RESULT: {"script":"<script> [776 bytes]","args":[{"enterText":"DfX6IopYtU","selector":{"id":"application-manageconditionprice-display-component---conditions--smartFilterBar-btnBasicSearch","interaction":{"idSuffix":"I"}},"clearTextFirst":true,"interactionType":"ENTER_TEXT"}]}
COMMAND: POST /session/416ca3a003057b96434a2425fa5e92e2/actions - {"actions":[{"id":"action68","type":"key","parameters":{},"actions":[{"type":"keyDown","value":"î€‡"},{"type":"pause","duration":10},{"type":"keyUp","value":"î€‡"}]}]}
RESULT: {"actions":[{"id":"action68","type":"key","parameters":{},"actions":[{"type":"keyDown","value":"î€‡"},{"type":"pause","duration":10},{"type":"keyUp","value":"î€‡"}]}]}
COMMAND: GET /session/416ca3a003057b96434a2425fa5e92e2/screenshot - {}
RESULT: {}
COMMAND: POST /session/416ca3a003057b96434a2425fa5e92e2/execute/async - {"script":"<script> [1562 bytes]","args":[{"selector":{"id":"application-manageconditionprice-display-component---conditions--smartFilterBar-filterItemControl_BASIC-BILL_TYPES-vhi"},"wdio_ui5_key":"applicationmanageconditionprice-display-component---conditions--smartFilterBar-filterItemControl_BASIC-BILL_TYPES-vhi"}]}
RESULT: {"script":"<script> [1562 bytes]","args":[{"selector":{"id":"application-manageconditionprice-display-component---conditions--smartFilterBar-filterItemControl_BASIC-BILL_TYPES-vhi"},"wdio_ui5_key":"applicationmanageconditionprice-display-component---conditions--smartFilterBar-filterItemControl_BASIC-BILL_TYPES-vhi"}]}
RESULT: undefined
COMMAND: POST /session/416ca3a003057b96434a2425fa5e92e2/element - {"using":"xpath","value":"//*[@id=\"application-manageconditionprice-display-component---conditions--smartFilterBar-filterItemControl_BASIC-BILL_TYPES-vhi\"]"}
RESULT: {"using":"xpath","value":"//*[@id=\"application-manageconditionprice-display-component---conditions--smartFilterBar-filterItemControl_BASIC-BILL_TYPES-vhi\"]"}
COMMAND: POST /session/416ca3a003057b96434a2425fa5e92e2/element/f.E04F53A89B741A5C45B2DD6DE3A1F810.d.A87FBC6EC83E726E815BCB64C02BE484.e.18191/click - {}
RESULT: {}
COMMAND: POST /session/416ca3a003057b96434a2425fa5e92e2/execute/async - {"script":"<script> [1562 bytes]","args":[{"selector":{"id":"application-manageconditionprice-display-component---conditions--smartFilterBar-filterItemControl_BASIC-BILL_TYPES-valueHelpDialog-smartFilterBar-btnBasicSearch","searchOpenDialogs":true,"interaction":{"idSuffix":"I"}},"wdio_ui5_key":"applicationmanageconditionprice-display-component---conditions--smartFilterBar-filterItemControl_BASIC-BILL_TYPES-valueHelpDialog-smartFilterBar-btnBasicSearch"}]}
COMMAND: GET /session/416ca3a003057b96434a2425fa5e92e2/screenshot - {}
RESULT: {"script":"<script> [1562 bytes]","args":[{"selector":{"id":"application-manageconditionprice-display-component---conditions--smartFilterBar-filterItemControl_BASIC-BILL_TYPES-valueHelpDialog-smartFilterBar-btnBasicSearch","searchOpenDialogs":true,"interaction":{"idSuffix":"I"}},"wdio_ui5_key":"applicationmanageconditionprice-display-component---conditions--smartFilterBar-filterItemControl_BASIC-BILL_TYPES-valueHelpDialog-smartFilterBar-btnBasicSearch"}]}
RESULT: undefined
COMMAND: POST /session/416ca3a003057b96434a2425fa5e92e2/execute/async - {"script":"<script> [776 bytes]","args":[{"enterText":"TB","selector":{"id":"application-manageconditionprice-display-component---conditions--smartFilterBar-filterItemControl_BASIC-BILL_TYPES-valueHelpDialog-smartFilterBar-btnBasicSearch","searchOpenDialogs":true,"interaction":{"idSuffix":"I"}},"clearTextFirst":true,"interactionType":"ENTER_TEXT"}]}
RESULT: {}
RESULT: {"script":"<script> [776 bytes]","args":[{"enterText":"TB","selector":{"id":"application-manageconditionprice-display-component---conditions--smartFilterBar-filterItemControl_BASIC-BILL_TYPES-valueHelpDialog-smartFilterBar-btnBasicSearch","searchOpenDialogs":true,"interaction":{"idSuffix":"I"}},"clearTextFirst":true,"interactionType":"ENTER_TEXT"}]}
COMMAND: POST /session/416ca3a003057b96434a2425fa5e92e2/actions - {"actions":[{"id":"action69","type":"key","parameters":{},"actions":[{"type":"keyDown","value":"î€‡"},{"type":"pause","duration":10},{"type":"keyUp","value":"î€‡"}]}]}
RESULT: {"actions":[{"id":"action69","type":"key","parameters":{},"actions":[{"type":"keyDown","value":"î€‡"},{"type":"pause","duration":10},{"type":"keyUp","value":"î€‡"}]}]}
COMMAND: GET /session/416ca3a003057b96434a2425fa5e92e2/screenshot - {}
RESULT: {}
COMMAND: POST /session/416ca3a003057b96434a2425fa5e92e2/element - {"using":"xpath","value":"//div[contains(@id, 'application-manageconditionprice-display-component---conditions--smartFilterBar-filterItemControl_BASIC-BILL_TYPES-valueHelpDialog-table-rowsel0')]"}
RESULT: {"using":"xpath","value":"//div[contains(@id, 'application-manageconditionprice-display-component---conditions--smartFilterBar-filterItemControl_BASIC-BILL_TYPES-valueHelpDialog-table-rowsel0')]"}
COMMAND: POST /session/416ca3a003057b96434a2425fa5e92e2/element/f.E04F53A89B741A5C45B2DD6DE3A1F810.d.A87FBC6EC83E726E815BCB64C02BE484.e.18199/click - {}
RESULT: {}
COMMAND: GET /session/416ca3a003057b96434a2425fa5e92e2/screenshot - {}
RESULT: {}
COMMAND: POST /session/416ca3a003057b96434a2425fa5e92e2/element - {"using":"xpath","value":"//bdi[contains(text(), \"OK\")]"}
RESULT: {"using":"xpath","value":"//bdi[contains(text(), \"OK\")]"}
COMMAND: POST /session/416ca3a003057b96434a2425fa5e92e2/element/f.E04F53A89B741A5C45B2DD6DE3A1F810.d.A87FBC6EC83E726E815BCB64C02BE484.e.18201/click - {}
RESULT: {}
COMMAND: GET /session/416ca3a003057b96434a2425fa5e92e2/screenshot - {}
RESULT: {}
COMMAND: POST /session/416ca3a003057b96434a2425fa5e92e2/element - {"using":"xpath","value":"//span[@id=\"application-manageconditionprice-display-component---conditions--smartTable-header-inner\"]"}
RESULT: {"using":"xpath","value":"//span[@id=\"application-manageconditionprice-display-component---conditions--smartTable-header-inner\"]"}
COMMAND: POST /session/416ca3a003057b96434a2425fa5e92e2/elements - {"using":"xpath","value":"//span[@id=\"application-manageconditionprice-display-component---conditions--smartTable-header-inner\"]"}
RESULT: {"using":"xpath","value":"//span[@id=\"application-manageconditionprice-display-component---conditions--smartTable-header-inner\"]"}
COMMAND: POST /session/416ca3a003057b96434a2425fa5e92e2/execute/sync - {"script":"<script> [56 bytes]","args":[{"element-6066-11e4-a52e-4f735466cecf":"f.E04F53A89B741A5C45B2DD6DE3A1F810.d.A87FBC6EC83E726E815BCB64C02BE484.e.18204","ELEMENT":"f.E04F53A89B741A5C45B2DD6DE3A1F810.d.A87FBC6EC83E726E815BCB64C02BE484.e.18204"}]}
RESULT: {"script":"<script> [56 bytes]","args":[{"element-6066-11e4-a52e-4f735466cecf":"f.E04F53A89B741A5C45B2DD6DE3A1F810.d.A87FBC6EC83E726E815BCB64C02BE484.e.18204","ELEMENT":"f.E04F53A89B741A5C45B2DD6DE3A1F810.d.A87FBC6EC83E726E815BCB64C02BE484.e.18204"}]}
COMMAND: POST /session/416ca3a003057b96434a2425fa5e92e2/element - {"using":"css selector","value":"#shell-header-logo"}
COMMAND: GET /session/416ca3a003057b96434a2425fa5e92e2/screenshot - {}
RESULT: {"using":"css selector","value":"#shell-header-logo"}
COMMAND: POST /session/416ca3a003057b96434a2425fa5e92e2/element/f.E04F53A89B741A5C45B2DD6DE3A1F810.d.A87FBC6EC83E726E815BCB64C02BE484.e.17926/click - {}
RESULT: {}
RESULT: {}
COMMAND: GET /session/416ca3a003057b96434a2425fa5e92e2/screenshot - {}
RESULT: {}
]]></system-out>
    </testcase>
    <testcase classname="chrome.136_0_7103_49.windows.Create_Reverse_Billing_US127248" name="Should do a stock increase handover" time="85.735">
      <system-out><![CDATA[
COMMAND: POST /session/416ca3a003057b96434a2425fa5e92e2/execute/async - {"script":"<script> [1562 bytes]","args":[{"selector":{"controlType":"sap.m.GenericTile","properties":{"header":"Manage Handovers"}},"wdio_ui5_key":"sapm.GenericTile{\"header\":\"Manage Handovers\"}"}]}
RESULT: {"script":"<script> [1562 bytes]","args":[{"selector":{"controlType":"sap.m.GenericTile","properties":{"header":"Manage Handovers"}},"wdio_ui5_key":"sapm.GenericTile{\"header\":\"Manage Handovers\"}"}]}
RESULT: undefined
COMMAND: POST /session/416ca3a003057b96434a2425fa5e92e2/element - {"using":"xpath","value":"//*[@id=\"__tile132\"]"}
RESULT: {"using":"xpath","value":"//*[@id=\"__tile132\"]"}
COMMAND: POST /session/416ca3a003057b96434a2425fa5e92e2/element/f.E04F53A89B741A5C45B2DD6DE3A1F810.d.A87FBC6EC83E726E815BCB64C02BE484.e.17034/click - {}
RESULT: {}
COMMAND: GET /session/416ca3a003057b96434a2425fa5e92e2/screenshot - {}
RESULT: {}
COMMAND: POST /session/416ca3a003057b96434a2425fa5e92e2/elements - {"using":"xpath","value":"//span[text()='Error']"}
RESULT: {"using":"xpath","value":"//span[text()='Error']"}
COMMAND: POST /session/416ca3a003057b96434a2425fa5e92e2/element - {"using":"xpath","value":"//button[@data-kt=\"masterHOAddButton\"]"}
RESULT: {"using":"xpath","value":"//button[@data-kt=\"masterHOAddButton\"]"}
COMMAND: POST /session/416ca3a003057b96434a2425fa5e92e2/elements - {"using":"xpath","value":"//button[@data-kt=\"masterHOAddButton\"]"}
RESULT: {"using":"xpath","value":"//button[@data-kt=\"masterHOAddButton\"]"}
COMMAND: POST /session/416ca3a003057b96434a2425fa5e92e2/elements - {"using":"xpath","value":"//button[@data-kt=\"masterHOAddButton\"]"}
RESULT: {"using":"xpath","value":"//button[@data-kt=\"masterHOAddButton\"]"}
COMMAND: POST /session/416ca3a003057b96434a2425fa5e92e2/element - {"using":"xpath","value":"//button[@data-kt=\"masterHOAddButton\"]"}
RESULT: {"using":"xpath","value":"//button[@data-kt=\"masterHOAddButton\"]"}
COMMAND: POST /session/416ca3a003057b96434a2425fa5e92e2/execute/sync - {"script":"<script> [8489 bytes]","args":[{"element-6066-11e4-a52e-4f735466cecf":"f.E04F53A89B741A5C45B2DD6DE3A1F810.d.A87FBC6EC83E726E815BCB64C02BE484.e.18243","ELEMENT":"f.E04F53A89B741A5C45B2DD6DE3A1F810.d.A87FBC6EC83E726E815BCB64C02BE484.e.18243"}]}
RESULT: {"script":"<script> [8489 bytes]","args":[{"element-6066-11e4-a52e-4f735466cecf":"f.E04F53A89B741A5C45B2DD6DE3A1F810.d.A87FBC6EC83E726E815BCB64C02BE484.e.18243","ELEMENT":"f.E04F53A89B741A5C45B2DD6DE3A1F810.d.A87FBC6EC83E726E815BCB64C02BE484.e.18243"}]}
COMMAND: GET /session/416ca3a003057b96434a2425fa5e92e2/element/f.E04F53A89B741A5C45B2DD6DE3A1F810.d.A87FBC6EC83E726E815BCB64C02BE484.e.18243/enabled - {}
COMMAND: GET /session/416ca3a003057b96434a2425fa5e92e2/screenshot - {}
RESULT: {}
COMMAND: POST /session/416ca3a003057b96434a2425fa5e92e2/execute/sync - {"script":"<script> [8489 bytes]","args":[{"element-6066-11e4-a52e-4f735466cecf":"f.E04F53A89B741A5C45B2DD6DE3A1F810.d.A87FBC6EC83E726E815BCB64C02BE484.e.18243","ELEMENT":"f.E04F53A89B741A5C45B2DD6DE3A1F810.d.A87FBC6EC83E726E815BCB64C02BE484.e.18243"}]}
COMMAND: GET /session/416ca3a003057b96434a2425fa5e92e2/screenshot - {}
RESULT: {}
RESULT: {"script":"<script> [8489 bytes]","args":[{"element-6066-11e4-a52e-4f735466cecf":"f.E04F53A89B741A5C45B2DD6DE3A1F810.d.A87FBC6EC83E726E815BCB64C02BE484.e.18243","ELEMENT":"f.E04F53A89B741A5C45B2DD6DE3A1F810.d.A87FBC6EC83E726E815BCB64C02BE484.e.18243"}]}
COMMAND: POST /session/416ca3a003057b96434a2425fa5e92e2/execute/sync - {"script":"<script> [5351 bytes]","args":[{"element-6066-11e4-a52e-4f735466cecf":"f.E04F53A89B741A5C45B2DD6DE3A1F810.d.A87FBC6EC83E726E815BCB64C02BE484.e.18243","ELEMENT":"f.E04F53A89B741A5C45B2DD6DE3A1F810.d.A87FBC6EC83E726E815BCB64C02BE484.e.18243"}]}
COMMAND: GET /session/416ca3a003057b96434a2425fa5e92e2/screenshot - {}
RESULT: {}
RESULT: {"script":"<script> [5351 bytes]","args":[{"element-6066-11e4-a52e-4f735466cecf":"f.E04F53A89B741A5C45B2DD6DE3A1F810.d.A87FBC6EC83E726E815BCB64C02BE484.e.18243","ELEMENT":"f.E04F53A89B741A5C45B2DD6DE3A1F810.d.A87FBC6EC83E726E815BCB64C02BE484.e.18243"}]}
COMMAND: POST /session/416ca3a003057b96434a2425fa5e92e2/element/f.E04F53A89B741A5C45B2DD6DE3A1F810.d.A87FBC6EC83E726E815BCB64C02BE484.e.18243/click - {}
COMMAND: GET /session/416ca3a003057b96434a2425fa5e92e2/screenshot - {}
RESULT: {}
RESULT: {}
COMMAND: GET /session/416ca3a003057b96434a2425fa5e92e2/screenshot - {}
RESULT: {}
RESULT: {}
COMMAND: POST /session/416ca3a003057b96434a2425fa5e92e2/element - {"using":"xpath","value":"//span[contains(@id ,\"AddNewHO--typeSelect-arrow\")]"}
RESULT: {"using":"xpath","value":"//span[contains(@id ,\"AddNewHO--typeSelect-arrow\")]"}
COMMAND: POST /session/416ca3a003057b96434a2425fa5e92e2/element/f.E04F53A89B741A5C45B2DD6DE3A1F810.d.A87FBC6EC83E726E815BCB64C02BE484.e.18603/click - {}
RESULT: {}
COMMAND: GET /session/416ca3a003057b96434a2425fa5e92e2/screenshot - {}
RESULT: {}
COMMAND: POST /session/416ca3a003057b96434a2425fa5e92e2/element - {"using":"xpath","value":"(//li[contains(text(), \"stock increase yard\")])[1]"}
RESULT: {"using":"xpath","value":"(//li[contains(text(), \"stock increase yard\")])[1]"}
COMMAND: POST /session/416ca3a003057b96434a2425fa5e92e2/element/f.E04F53A89B741A5C45B2DD6DE3A1F810.d.A87FBC6EC83E726E815BCB64C02BE484.e.18604/click - {}
RESULT: {}
COMMAND: GET /session/416ca3a003057b96434a2425fa5e92e2/screenshot - {}
RESULT: {}
COMMAND: POST /session/416ca3a003057b96434a2425fa5e92e2/execute/async - {"script":"<script> [1562 bytes]","args":[{"selector":{"id":"application-managehandovers-display-component---AddNewHO--dueDate","interaction":{"idSuffix":"inner"}},"wdio_ui5_key":"applicationmanagehandovers-display-component---AddNewHO--dueDate"}]}
RESULT: {"script":"<script> [1562 bytes]","args":[{"selector":{"id":"application-managehandovers-display-component---AddNewHO--dueDate","interaction":{"idSuffix":"inner"}},"wdio_ui5_key":"applicationmanagehandovers-display-component---AddNewHO--dueDate"}]}
RESULT: undefined
COMMAND: POST /session/416ca3a003057b96434a2425fa5e92e2/execute/async - {"script":"<script> [6424 bytes]","args":[{"element-6066-11e4-a52e-4f735466cecf":"f.E04F53A89B741A5C45B2DD6DE3A1F810.d.A87FBC6EC83E726E815BCB64C02BE484.e.18606"},"setValue",["5/14/25"]]}
RESULT: {"script":"<script> [6424 bytes]","args":[{"element-6066-11e4-a52e-4f735466cecf":"f.E04F53A89B741A5C45B2DD6DE3A1F810.d.A87FBC6EC83E726E815BCB64C02BE484.e.18606"},"setValue",["5/14/25"]]}
COMMAND: POST /session/416ca3a003057b96434a2425fa5e92e2/element - {"using":"xpath","value":"//input[@id=\"generalSectionFrg--receiveYard-inner\"]"}
RESULT: {"using":"xpath","value":"//input[@id=\"generalSectionFrg--receiveYard-inner\"]"}
COMMAND: POST /session/416ca3a003057b96434a2425fa5e92e2/element/f.E04F53A89B741A5C45B2DD6DE3A1F810.d.A87FBC6EC83E726E815BCB64C02BE484.e.18610/clear - {}
RESULT: {}
COMMAND: POST /session/416ca3a003057b96434a2425fa5e92e2/element/f.E04F53A89B741A5C45B2DD6DE3A1F810.d.A87FBC6EC83E726E815BCB64C02BE484.e.18610/value - {"text":"369"}
COMMAND: GET /session/416ca3a003057b96434a2425fa5e92e2/screenshot - {}
RESULT: {"text":"369"}
COMMAND: GET /session/416ca3a003057b96434a2425fa5e92e2/screenshot - {}
RESULT: {}
RESULT: {}
COMMAND: POST /session/416ca3a003057b96434a2425fa5e92e2/element - {"using":"xpath","value":"//li[.//span[text()='369']]"}
RESULT: {"using":"xpath","value":"//li[.//span[text()='369']]"}
COMMAND: POST /session/416ca3a003057b96434a2425fa5e92e2/element/f.E04F53A89B741A5C45B2DD6DE3A1F810.d.A87FBC6EC83E726E815BCB64C02BE484.e.18628/click - {}
RESULT: {}
COMMAND: GET /session/416ca3a003057b96434a2425fa5e92e2/screenshot - {}
RESULT: {}
COMMAND: POST /session/416ca3a003057b96434a2425fa5e92e2/execute/async - {"script":"<script> [1562 bytes]","args":[{"selector":{"id":"application-managehandovers-display-component---AddNewHO--ObjectPageLayout-anchBar-application-managehandovers-display-component---AddNewHO--section4-anchor","interaction":{"idSuffix":"BDI-content"}},"wdio_ui5_key":"applicationmanagehandovers-display-component---AddNewHO--ObjectPageLayout-anchBar-application-managehandovers-display-component---AddNewHO--section4-anchor"}]}
RESULT: {"script":"<script> [1562 bytes]","args":[{"selector":{"id":"application-managehandovers-display-component---AddNewHO--ObjectPageLayout-anchBar-application-managehandovers-display-component---AddNewHO--section4-anchor","interaction":{"idSuffix":"BDI-content"}},"wdio_ui5_key":"applicationmanagehandovers-display-component---AddNewHO--ObjectPageLayout-anchBar-application-managehandovers-display-component---AddNewHO--section4-anchor"}]}
RESULT: undefined
COMMAND: POST /session/416ca3a003057b96434a2425fa5e92e2/element - {"using":"xpath","value":"//*[@id=\"application-managehandovers-display-component---AddNewHO--ObjectPageLayout-anchBar-application-managehandovers-display-component---AddNewHO--section4-anchor\"]"}
RESULT: {"using":"xpath","value":"//*[@id=\"application-managehandovers-display-component---AddNewHO--ObjectPageLayout-anchBar-application-managehandovers-display-component---AddNewHO--section4-anchor\"]"}
COMMAND: POST /session/416ca3a003057b96434a2425fa5e92e2/element/f.E04F53A89B741A5C45B2DD6DE3A1F810.d.A87FBC6EC83E726E815BCB64C02BE484.e.18630/click - {}
RESULT: {}
COMMAND: POST /session/416ca3a003057b96434a2425fa5e92e2/element - {"using":"xpath","value":"//button[@aria-label=\"Add\"]"}
COMMAND: GET /session/416ca3a003057b96434a2425fa5e92e2/screenshot - {}
RESULT: {"using":"xpath","value":"//button[@aria-label=\"Add\"]"}
COMMAND: POST /session/416ca3a003057b96434a2425fa5e92e2/element/f.E04F53A89B741A5C45B2DD6DE3A1F810.d.A87FBC6EC83E726E815BCB64C02BE484.e.18632/click - {}
RESULT: {}
RESULT: {}
COMMAND: GET /session/416ca3a003057b96434a2425fa5e92e2/screenshot - {}
RESULT: {}
COMMAND: POST /session/416ca3a003057b96434a2425fa5e92e2/execute/async - {"script":"<script> [1562 bytes]","args":[{"selector":{"id":"application-managehandovers-display-component---AddNewHO--smartFilterBar-btnBasicSearch","searchOpenDialogs":true,"interaction":{"idSuffix":"I"}},"wdio_ui5_key":"applicationmanagehandovers-display-component---AddNewHO--smartFilterBar-btnBasicSearch"}]}
RESULT: {"script":"<script> [1562 bytes]","args":[{"selector":{"id":"application-managehandovers-display-component---AddNewHO--smartFilterBar-btnBasicSearch","searchOpenDialogs":true,"interaction":{"idSuffix":"I"}},"wdio_ui5_key":"applicationmanagehandovers-display-component---AddNewHO--smartFilterBar-btnBasicSearch"}]}
RESULT: undefined
COMMAND: POST /session/416ca3a003057b96434a2425fa5e92e2/execute/async - {"script":"<script> [776 bytes]","args":[{"enterText":"DfX6IopYtU","selector":{"id":"application-managehandovers-display-component---AddNewHO--smartFilterBar-btnBasicSearch","searchOpenDialogs":true,"interaction":{"idSuffix":"I"}},"clearTextFirst":true,"interactionType":"ENTER_TEXT"}]}
RESULT: {"script":"<script> [776 bytes]","args":[{"enterText":"DfX6IopYtU","selector":{"id":"application-managehandovers-display-component---AddNewHO--smartFilterBar-btnBasicSearch","searchOpenDialogs":true,"interaction":{"idSuffix":"I"}},"clearTextFirst":true,"interactionType":"ENTER_TEXT"}]}
COMMAND: POST /session/416ca3a003057b96434a2425fa5e92e2/actions - {"actions":[{"id":"action70","type":"key","parameters":{},"actions":[{"type":"keyDown","value":"î€‡"},{"type":"pause","duration":10},{"type":"keyUp","value":"î€‡"}]}]}
RESULT: {"actions":[{"id":"action70","type":"key","parameters":{},"actions":[{"type":"keyDown","value":"î€‡"},{"type":"pause","duration":10},{"type":"keyUp","value":"î€‡"}]}]}
COMMAND: GET /session/416ca3a003057b96434a2425fa5e92e2/screenshot - {}
RESULT: {}
COMMAND: POST /session/416ca3a003057b96434a2425fa5e92e2/execute/async - {"script":"<script> [1562 bytes]","args":[{"selector":{"id":"application-managehandovers-display-component---AddNewHO--popup-sa","searchOpenDialogs":true,"interaction":{"idSuffix":"CbBg"}},"wdio_ui5_key":"applicationmanagehandovers-display-component---AddNewHO--popup-sa"}]}
RESULT: {"script":"<script> [1562 bytes]","args":[{"selector":{"id":"application-managehandovers-display-component---AddNewHO--popup-sa","searchOpenDialogs":true,"interaction":{"idSuffix":"CbBg"}},"wdio_ui5_key":"applicationmanagehandovers-display-component---AddNewHO--popup-sa"}]}
RESULT: undefined
COMMAND: POST /session/416ca3a003057b96434a2425fa5e92e2/element - {"using":"xpath","value":"//*[@id=\"application-managehandovers-display-component---AddNewHO--popup-sa\"]"}
RESULT: {"using":"xpath","value":"//*[@id=\"application-managehandovers-display-component---AddNewHO--popup-sa\"]"}
COMMAND: POST /session/416ca3a003057b96434a2425fa5e92e2/element/f.E04F53A89B741A5C45B2DD6DE3A1F810.d.A87FBC6EC83E726E815BCB64C02BE484.e.18784/click - {}
RESULT: {}
COMMAND: GET /session/416ca3a003057b96434a2425fa5e92e2/screenshot - {}
RESULT: {}
COMMAND: POST /session/416ca3a003057b96434a2425fa5e92e2/element - {"using":"xpath","value":"//bdi[contains(text(), \"Select\")]"}
RESULT: {"using":"xpath","value":"//bdi[contains(text(), \"Select\")]"}
COMMAND: POST /session/416ca3a003057b96434a2425fa5e92e2/element/f.E04F53A89B741A5C45B2DD6DE3A1F810.d.A87FBC6EC83E726E815BCB64C02BE484.e.18785/click - {}
RESULT: {}
COMMAND: GET /session/416ca3a003057b96434a2425fa5e92e2/screenshot - {}
RESULT: {}
COMMAND: POST /session/416ca3a003057b96434a2425fa5e92e2/element - {"using":"xpath","value":"//button[@data-kt=\"AddNewHOSaveButton\"]"}
RESULT: {"using":"xpath","value":"//button[@data-kt=\"AddNewHOSaveButton\"]"}
COMMAND: POST /session/416ca3a003057b96434a2425fa5e92e2/element/f.E04F53A89B741A5C45B2DD6DE3A1F810.d.A87FBC6EC83E726E815BCB64C02BE484.e.18789/click - {}
RESULT: {}
COMMAND: GET /session/416ca3a003057b96434a2425fa5e92e2/screenshot - {}
COMMAND: POST /session/416ca3a003057b96434a2425fa5e92e2/execute/async - {"script":"<script> [1562 bytes]","args":[{"selector":{"id":"receiptDatePicker","viewName":"etm.portal.ui.managehandovers.view.DetailExecuteHO","interaction":{"idSuffix":"inner"}},"wdio_ui5_key":"receiptDatePickeretmportal.ui.managehandovers.view.DetailExecuteHO"}]}
RESULT: {}
RESULT: {"script":"<script> [1562 bytes]","args":[{"selector":{"id":"receiptDatePicker","viewName":"etm.portal.ui.managehandovers.view.DetailExecuteHO","interaction":{"idSuffix":"inner"}},"wdio_ui5_key":"receiptDatePickeretmportal.ui.managehandovers.view.DetailExecuteHO"}]}
RESULT: undefined
COMMAND: POST /session/416ca3a003057b96434a2425fa5e92e2/execute/async - {"script":"<script> [6424 bytes]","args":[{"element-6066-11e4-a52e-4f735466cecf":"f.E04F53A89B741A5C45B2DD6DE3A1F810.d.A87FBC6EC83E726E815BCB64C02BE484.e.18806"},"setValue",["5/14/25"]]}
RESULT: {"script":"<script> [6424 bytes]","args":[{"element-6066-11e4-a52e-4f735466cecf":"f.E04F53A89B741A5C45B2DD6DE3A1F810.d.A87FBC6EC83E726E815BCB64C02BE484.e.18806"},"setValue",["5/14/25"]]}
COMMAND: POST /session/416ca3a003057b96434a2425fa5e92e2/element - {"using":"xpath","value":"//button[@data-kt=\"PickingTableConfirmAllButton\"]"}
RESULT: {"using":"xpath","value":"//button[@data-kt=\"PickingTableConfirmAllButton\"]"}
COMMAND: POST /session/416ca3a003057b96434a2425fa5e92e2/element/f.E04F53A89B741A5C45B2DD6DE3A1F810.d.A87FBC6EC83E726E815BCB64C02BE484.e.18821/click - {}
RESULT: {}
COMMAND: GET /session/416ca3a003057b96434a2425fa5e92e2/screenshot - {}
RESULT: {}
COMMAND: POST /session/416ca3a003057b96434a2425fa5e92e2/element - {"using":"xpath","value":"//bdi[contains(text(), \"OK\")]"}
RESULT: {"using":"xpath","value":"//bdi[contains(text(), \"OK\")]"}
COMMAND: POST /session/416ca3a003057b96434a2425fa5e92e2/element/f.E04F53A89B741A5C45B2DD6DE3A1F810.d.A87FBC6EC83E726E815BCB64C02BE484.e.18823/click - {}
RESULT: {}
COMMAND: GET /session/416ca3a003057b96434a2425fa5e92e2/screenshot - {}
RESULT: {}
COMMAND: POST /session/416ca3a003057b96434a2425fa5e92e2/element - {"using":"xpath","value":"(//bdi[contains(text(), \"Receive\")])[2]"}
RESULT: {"using":"xpath","value":"(//bdi[contains(text(), \"Receive\")])[2]"}
COMMAND: POST /session/416ca3a003057b96434a2425fa5e92e2/element/f.E04F53A89B741A5C45B2DD6DE3A1F810.d.A87FBC6EC83E726E815BCB64C02BE484.e.18825/click - {}
RESULT: {}
COMMAND: GET /session/416ca3a003057b96434a2425fa5e92e2/screenshot - {}
RESULT: {}
COMMAND: POST /session/416ca3a003057b96434a2425fa5e92e2/element - {"using":"css selector","value":"#shell-header-logo"}
RESULT: {"using":"css selector","value":"#shell-header-logo"}
COMMAND: POST /session/416ca3a003057b96434a2425fa5e92e2/element/f.E04F53A89B741A5C45B2DD6DE3A1F810.d.A87FBC6EC83E726E815BCB64C02BE484.e.18210/click - {}
RESULT: {}
COMMAND: GET /session/416ca3a003057b96434a2425fa5e92e2/screenshot - {}
RESULT: {}
]]></system-out>
    </testcase>
    <testcase classname="chrome.136_0_7103_49.windows.Create_Reverse_Billing_US127248" name="Should create a new contract" time="61.189">
      <system-out><![CDATA[
COMMAND: POST /session/416ca3a003057b96434a2425fa5e92e2/execute/async - {"script":"<script> [1562 bytes]","args":[{"selector":{"controlType":"sap.m.GenericTile","properties":{"header":"Manage Contracts"}},"wdio_ui5_key":"sapm.GenericTile{\"header\":\"Manage Contracts\"}"}]}
RESULT: {"script":"<script> [1562 bytes]","args":[{"selector":{"controlType":"sap.m.GenericTile","properties":{"header":"Manage Contracts"}},"wdio_ui5_key":"sapm.GenericTile{\"header\":\"Manage Contracts\"}"}]}
RESULT: undefined
COMMAND: POST /session/416ca3a003057b96434a2425fa5e92e2/element - {"using":"xpath","value":"//*[@id=\"__tile130\"]"}
RESULT: {"using":"xpath","value":"//*[@id=\"__tile130\"]"}
COMMAND: POST /session/416ca3a003057b96434a2425fa5e92e2/element/f.E04F53A89B741A5C45B2DD6DE3A1F810.d.A87FBC6EC83E726E815BCB64C02BE484.e.16965/click - {}
RESULT: {}
COMMAND: GET /session/416ca3a003057b96434a2425fa5e92e2/screenshot - {}
RESULT: {}
COMMAND: POST /session/416ca3a003057b96434a2425fa5e92e2/elements - {"using":"xpath","value":"//span[text()='Error']"}
RESULT: {"using":"xpath","value":"//span[text()='Error']"}
COMMAND: POST /session/416ca3a003057b96434a2425fa5e92e2/element - {"using":"xpath","value":"//button[@data-kt=\"addButton\"]"}
RESULT: {"using":"xpath","value":"//button[@data-kt=\"addButton\"]"}
COMMAND: POST /session/416ca3a003057b96434a2425fa5e92e2/elements - {"using":"xpath","value":"//button[@data-kt=\"addButton\"]"}
RESULT: {"using":"xpath","value":"//button[@data-kt=\"addButton\"]"}
COMMAND: POST /session/416ca3a003057b96434a2425fa5e92e2/execute/sync - {"script":"<script> [8489 bytes]","args":[{"element-6066-11e4-a52e-4f735466cecf":"f.E04F53A89B741A5C45B2DD6DE3A1F810.d.A87FBC6EC83E726E815BCB64C02BE484.e.19041","ELEMENT":"f.E04F53A89B741A5C45B2DD6DE3A1F810.d.A87FBC6EC83E726E815BCB64C02BE484.e.19041"}]}
RESULT: {"script":"<script> [8489 bytes]","args":[{"element-6066-11e4-a52e-4f735466cecf":"f.E04F53A89B741A5C45B2DD6DE3A1F810.d.A87FBC6EC83E726E815BCB64C02BE484.e.19041","ELEMENT":"f.E04F53A89B741A5C45B2DD6DE3A1F810.d.A87FBC6EC83E726E815BCB64C02BE484.e.19041"}]}
COMMAND: GET /session/416ca3a003057b96434a2425fa5e92e2/element/f.E04F53A89B741A5C45B2DD6DE3A1F810.d.A87FBC6EC83E726E815BCB64C02BE484.e.19041/enabled - {}
COMMAND: GET /session/416ca3a003057b96434a2425fa5e92e2/screenshot - {}
RESULT: {}
COMMAND: POST /session/416ca3a003057b96434a2425fa5e92e2/execute/sync - {"script":"<script> [8489 bytes]","args":[{"element-6066-11e4-a52e-4f735466cecf":"f.E04F53A89B741A5C45B2DD6DE3A1F810.d.A87FBC6EC83E726E815BCB64C02BE484.e.19041","ELEMENT":"f.E04F53A89B741A5C45B2DD6DE3A1F810.d.A87FBC6EC83E726E815BCB64C02BE484.e.19041"}]}
COMMAND: GET /session/416ca3a003057b96434a2425fa5e92e2/screenshot - {}
RESULT: {}
RESULT: {"script":"<script> [8489 bytes]","args":[{"element-6066-11e4-a52e-4f735466cecf":"f.E04F53A89B741A5C45B2DD6DE3A1F810.d.A87FBC6EC83E726E815BCB64C02BE484.e.19041","ELEMENT":"f.E04F53A89B741A5C45B2DD6DE3A1F810.d.A87FBC6EC83E726E815BCB64C02BE484.e.19041"}]}
COMMAND: POST /session/416ca3a003057b96434a2425fa5e92e2/execute/sync - {"script":"<script> [5351 bytes]","args":[{"element-6066-11e4-a52e-4f735466cecf":"f.E04F53A89B741A5C45B2DD6DE3A1F810.d.A87FBC6EC83E726E815BCB64C02BE484.e.19041","ELEMENT":"f.E04F53A89B741A5C45B2DD6DE3A1F810.d.A87FBC6EC83E726E815BCB64C02BE484.e.19041"}]}
COMMAND: GET /session/416ca3a003057b96434a2425fa5e92e2/screenshot - {}
RESULT: {}
RESULT: {"script":"<script> [5351 bytes]","args":[{"element-6066-11e4-a52e-4f735466cecf":"f.E04F53A89B741A5C45B2DD6DE3A1F810.d.A87FBC6EC83E726E815BCB64C02BE484.e.19041","ELEMENT":"f.E04F53A89B741A5C45B2DD6DE3A1F810.d.A87FBC6EC83E726E815BCB64C02BE484.e.19041"}]}
COMMAND: GET /session/416ca3a003057b96434a2425fa5e92e2/screenshot - {}
RESULT: {}
RESULT: {}
COMMAND: POST /session/416ca3a003057b96434a2425fa5e92e2/element/f.E04F53A89B741A5C45B2DD6DE3A1F810.d.A87FBC6EC83E726E815BCB64C02BE484.e.19041/click - {}
RESULT: {}
COMMAND: GET /session/416ca3a003057b96434a2425fa5e92e2/screenshot - {}
RESULT: {}
COMMAND: POST /session/416ca3a003057b96434a2425fa5e92e2/execute/async - {"script":"<script> [1562 bytes]","args":[{"selector":{"id":"application-managecontracts-display-component---AddNewContract--projectDescription","interaction":{"idSuffix":"inner"}},"wdio_ui5_key":"applicationmanagecontracts-display-component---AddNewContract--projectDescription"}]}
RESULT: {"script":"<script> [1562 bytes]","args":[{"selector":{"id":"application-managecontracts-display-component---AddNewContract--projectDescription","interaction":{"idSuffix":"inner"}},"wdio_ui5_key":"applicationmanagecontracts-display-component---AddNewContract--projectDescription"}]}
RESULT: undefined
COMMAND: POST /session/416ca3a003057b96434a2425fa5e92e2/execute/async - {"script":"<script> [776 bytes]","args":[{"enterText":"Contract WDIO","selector":{"id":"application-managecontracts-display-component---AddNewContract--projectDescription","interaction":{"idSuffix":"inner"}},"clearTextFirst":true,"interactionType":"ENTER_TEXT"}]}
RESULT: {"script":"<script> [776 bytes]","args":[{"enterText":"Contract WDIO","selector":{"id":"application-managecontracts-display-component---AddNewContract--projectDescription","interaction":{"idSuffix":"inner"}},"clearTextFirst":true,"interactionType":"ENTER_TEXT"}]}
COMMAND: POST /session/416ca3a003057b96434a2425fa5e92e2/element - {"using":"xpath","value":"//input[@id=\"application-managecontracts-display-component---AddNewContract--site-inner\"]"}
RESULT: {"using":"xpath","value":"//input[@id=\"application-managecontracts-display-component---AddNewContract--site-inner\"]"}
COMMAND: POST /session/416ca3a003057b96434a2425fa5e92e2/element/f.E04F53A89B741A5C45B2DD6DE3A1F810.d.A87FBC6EC83E726E815BCB64C02BE484.e.19399/clear - {}
RESULT: {}
COMMAND: POST /session/416ca3a003057b96434a2425fa5e92e2/element/f.E04F53A89B741A5C45B2DD6DE3A1F810.d.A87FBC6EC83E726E815BCB64C02BE484.e.19399/value - {"text":"2152"}
COMMAND: GET /session/416ca3a003057b96434a2425fa5e92e2/screenshot - {}
RESULT: {"text":"2152"}
COMMAND: GET /session/416ca3a003057b96434a2425fa5e92e2/screenshot - {}
RESULT: {}
RESULT: {}
COMMAND: POST /session/416ca3a003057b96434a2425fa5e92e2/element - {"using":"xpath","value":"//li[.//span[text()='2152']]"}
RESULT: {"using":"xpath","value":"//li[.//span[text()='2152']]"}
COMMAND: POST /session/416ca3a003057b96434a2425fa5e92e2/element/f.E04F53A89B741A5C45B2DD6DE3A1F810.d.A87FBC6EC83E726E815BCB64C02BE484.e.19429/click - {}
RESULT: {}
COMMAND: GET /session/416ca3a003057b96434a2425fa5e92e2/screenshot - {}
RESULT: {}
COMMAND: POST /session/416ca3a003057b96434a2425fa5e92e2/element - {"using":"xpath","value":"//input[@id=\"application-managecontracts-display-component---AddNewContract--yardId-inner\"]"}
RESULT: {"using":"xpath","value":"//input[@id=\"application-managecontracts-display-component---AddNewContract--yardId-inner\"]"}
COMMAND: GET /session/416ca3a003057b96434a2425fa5e92e2/element/f.E04F53A89B741A5C45B2DD6DE3A1F810.d.A87FBC6EC83E726E815BCB64C02BE484.e.19400/property/value - {}
RESULT: {}
COMMAND: POST /session/416ca3a003057b96434a2425fa5e92e2/element - {"using":"xpath","value":"//input[@id=\"application-managecontracts-display-component---AddNewContract--customerSelect-inner\"]"}
COMMAND: GET /session/416ca3a003057b96434a2425fa5e92e2/screenshot - {}
RESULT: {"using":"xpath","value":"//input[@id=\"application-managecontracts-display-component---AddNewContract--customerSelect-inner\"]"}
COMMAND: POST /session/416ca3a003057b96434a2425fa5e92e2/element/f.E04F53A89B741A5C45B2DD6DE3A1F810.d.A87FBC6EC83E726E815BCB64C02BE484.e.19398/clear - {}
RESULT: {}
RESULT: {}
COMMAND: POST /session/416ca3a003057b96434a2425fa5e92e2/element/f.E04F53A89B741A5C45B2DD6DE3A1F810.d.A87FBC6EC83E726E815BCB64C02BE484.e.19398/value - {"text":"1186"}
COMMAND: GET /session/416ca3a003057b96434a2425fa5e92e2/screenshot - {}
RESULT: {"text":"1186"}
COMMAND: GET /session/416ca3a003057b96434a2425fa5e92e2/screenshot - {}
RESULT: {}
RESULT: {}
COMMAND: POST /session/416ca3a003057b96434a2425fa5e92e2/element - {"using":"xpath","value":"//li[.//span[text()='1186']]"}
RESULT: {"using":"xpath","value":"//li[.//span[text()='1186']]"}
COMMAND: POST /session/416ca3a003057b96434a2425fa5e92e2/element/f.E04F53A89B741A5C45B2DD6DE3A1F810.d.A87FBC6EC83E726E815BCB64C02BE484.e.19432/click - {}
RESULT: {}
COMMAND: GET /session/416ca3a003057b96434a2425fa5e92e2/screenshot - {}
RESULT: {}
COMMAND: POST /session/416ca3a003057b96434a2425fa5e92e2/element - {"using":"xpath","value":"//button[@data-kt=\"saveButton\"]"}
RESULT: {"using":"xpath","value":"//button[@data-kt=\"saveButton\"]"}
COMMAND: POST /session/416ca3a003057b96434a2425fa5e92e2/element/f.E04F53A89B741A5C45B2DD6DE3A1F810.d.A87FBC6EC83E726E815BCB64C02BE484.e.19433/click - {}
RESULT: {}
COMMAND: GET /session/416ca3a003057b96434a2425fa5e92e2/screenshot - {}
RESULT: {}
COMMAND: POST /session/416ca3a003057b96434a2425fa5e92e2/element - {"using":"xpath","value":"//span[contains(@id ,\"contractDetailTitleNoExpanded\")]"}
RESULT: {"using":"xpath","value":"//span[contains(@id ,\"contractDetailTitleNoExpanded\")]"}
COMMAND: POST /session/416ca3a003057b96434a2425fa5e92e2/elements - {"using":"xpath","value":"//span[contains(@id ,\"contractDetailTitleNoExpanded\")]"}
RESULT: {"using":"xpath","value":"//span[contains(@id ,\"contractDetailTitleNoExpanded\")]"}
COMMAND: POST /session/416ca3a003057b96434a2425fa5e92e2/execute/sync - {"script":"<script> [56 bytes]","args":[{"element-6066-11e4-a52e-4f735466cecf":"f.E04F53A89B741A5C45B2DD6DE3A1F810.d.A87FBC6EC83E726E815BCB64C02BE484.e.19441","ELEMENT":"f.E04F53A89B741A5C45B2DD6DE3A1F810.d.A87FBC6EC83E726E815BCB64C02BE484.e.19441"}]}
RESULT: {"script":"<script> [56 bytes]","args":[{"element-6066-11e4-a52e-4f735466cecf":"f.E04F53A89B741A5C45B2DD6DE3A1F810.d.A87FBC6EC83E726E815BCB64C02BE484.e.19441","ELEMENT":"f.E04F53A89B741A5C45B2DD6DE3A1F810.d.A87FBC6EC83E726E815BCB64C02BE484.e.19441"}]}
COMMAND: GET /session/416ca3a003057b96434a2425fa5e92e2/screenshot - {}
RESULT: {}
]]></system-out>
    </testcase>
    <testcase classname="chrome.136_0_7103_49.windows.Create_Reverse_Billing_US127248" name="Should add equipment to the contract" time="47.467">
      <system-out><![CDATA[
COMMAND: POST /session/416ca3a003057b96434a2425fa5e92e2/element - {"using":"xpath","value":"//button[@data-kt=\"contractDetailEditBtnButton\"]"}
RESULT: {"using":"xpath","value":"//button[@data-kt=\"contractDetailEditBtnButton\"]"}
COMMAND: POST /session/416ca3a003057b96434a2425fa5e92e2/element/f.E04F53A89B741A5C45B2DD6DE3A1F810.d.A87FBC6EC83E726E815BCB64C02BE484.e.19444/click - {}
RESULT: {}
COMMAND: GET /session/416ca3a003057b96434a2425fa5e92e2/screenshot - {}
RESULT: {}
COMMAND: POST /session/416ca3a003057b96434a2425fa5e92e2/element - {"using":"xpath","value":"(//span[contains(text(), \"Additional Addresses\")])[2]"}
RESULT: {"using":"xpath","value":"(//span[contains(text(), \"Additional Addresses\")])[2]"}
COMMAND: POST /session/416ca3a003057b96434a2425fa5e92e2/element/f.E04F53A89B741A5C45B2DD6DE3A1F810.d.A87FBC6EC83E726E815BCB64C02BE484.e.19498/click - {}
RESULT: {}
COMMAND: GET /session/416ca3a003057b96434a2425fa5e92e2/screenshot - {}
RESULT: {}
COMMAND: POST /session/416ca3a003057b96434a2425fa5e92e2/element - {"using":"xpath","value":"//button[@data-kt=\"btnAddTableRowOverflowToolbarButton\"]"}
RESULT: {"using":"xpath","value":"//button[@data-kt=\"btnAddTableRowOverflowToolbarButton\"]"}
COMMAND: POST /session/416ca3a003057b96434a2425fa5e92e2/element/f.E04F53A89B741A5C45B2DD6DE3A1F810.d.A87FBC6EC83E726E815BCB64C02BE484.e.19502/click - {}
RESULT: {}
COMMAND: GET /session/416ca3a003057b96434a2425fa5e92e2/screenshot - {}
RESULT: {}
COMMAND: POST /session/416ca3a003057b96434a2425fa5e92e2/element - {"using":"xpath","value":"//div[(text() = 'Standard Entry' or . = 'Standard Entry')]"}
RESULT: {"using":"xpath","value":"//div[(text() = 'Standard Entry' or . = 'Standard Entry')]"}
COMMAND: POST /session/416ca3a003057b96434a2425fa5e92e2/element/f.E04F53A89B741A5C45B2DD6DE3A1F810.d.A87FBC6EC83E726E815BCB64C02BE484.e.19504/click - {}
RESULT: {}
COMMAND: GET /session/416ca3a003057b96434a2425fa5e92e2/screenshot - {}
RESULT: {}
COMMAND: POST /session/416ca3a003057b96434a2425fa5e92e2/element - {"using":"xpath","value":"//td[7]/div/div/input"}
RESULT: {"using":"xpath","value":"//td[7]/div/div/input"}
COMMAND: POST /session/416ca3a003057b96434a2425fa5e92e2/element/f.E04F53A89B741A5C45B2DD6DE3A1F810.d.A87FBC6EC83E726E815BCB64C02BE484.e.19513/clear - {}
RESULT: {}
COMMAND: POST /session/416ca3a003057b96434a2425fa5e92e2/element/f.E04F53A89B741A5C45B2DD6DE3A1F810.d.A87FBC6EC83E726E815BCB64C02BE484.e.19513/value - {"text":"DfX6IopYtU"}
COMMAND: GET /session/416ca3a003057b96434a2425fa5e92e2/screenshot - {}
RESULT: {"text":"DfX6IopYtU"}
COMMAND: GET /session/416ca3a003057b96434a2425fa5e92e2/screenshot - {}
RESULT: {}
RESULT: {}
COMMAND: POST /session/416ca3a003057b96434a2425fa5e92e2/actions - {"actions":[{"id":"action71","type":"key","parameters":{},"actions":[{"type":"keyDown","value":"î€‡"},{"type":"pause","duration":10},{"type":"keyUp","value":"î€‡"}]}]}
RESULT: {"actions":[{"id":"action71","type":"key","parameters":{},"actions":[{"type":"keyDown","value":"î€‡"},{"type":"pause","duration":10},{"type":"keyUp","value":"î€‡"}]}]}
COMMAND: GET /session/416ca3a003057b96434a2425fa5e92e2/screenshot - {}
RESULT: {}
COMMAND: POST /session/416ca3a003057b96434a2425fa5e92e2/execute/sync - {"script":"<script> [276 bytes]","args":["No pricing information was found"]}
RESULT: {"script":"<script> [276 bytes]","args":["No pricing information was found"]}
COMMAND: POST /session/416ca3a003057b96434a2425fa5e92e2/element - {"using":"xpath","value":"(//button[@data-kt=\"saveButton\"])[2]"}
COMMAND: GET /session/416ca3a003057b96434a2425fa5e92e2/screenshot - {}
RESULT: {"using":"xpath","value":"(//button[@data-kt=\"saveButton\"])[2]"}
COMMAND: POST /session/416ca3a003057b96434a2425fa5e92e2/element/f.E04F53A89B741A5C45B2DD6DE3A1F810.d.A87FBC6EC83E726E815BCB64C02BE484.e.19528/click - {}
RESULT: {}
RESULT: {}
COMMAND: GET /session/416ca3a003057b96434a2425fa5e92e2/screenshot - {}
RESULT: {}
COMMAND: POST /session/416ca3a003057b96434a2425fa5e92e2/execute/sync - {"script":"<script> [276 bytes]","args":["Some contract items are having rental validity exceeding header rental validity"]}
RESULT: {"script":"<script> [276 bytes]","args":["Some contract items are having rental validity exceeding header rental validity"]}
COMMAND: GET /session/416ca3a003057b96434a2425fa5e92e2/screenshot - {}
RESULT: {}
COMMAND: POST /session/416ca3a003057b96434a2425fa5e92e2/element - {"using":"xpath","value":"//span[contains(@id ,\"contractItemsSmartTable-header-inner\")]"}
RESULT: {"using":"xpath","value":"//span[contains(@id ,\"contractItemsSmartTable-header-inner\")]"}
COMMAND: POST /session/416ca3a003057b96434a2425fa5e92e2/elements - {"using":"xpath","value":"//span[contains(@id ,\"contractItemsSmartTable-header-inner\")]"}
RESULT: {"using":"xpath","value":"//span[contains(@id ,\"contractItemsSmartTable-header-inner\")]"}
COMMAND: POST /session/416ca3a003057b96434a2425fa5e92e2/execute/sync - {"script":"<script> [56 bytes]","args":[{"element-6066-11e4-a52e-4f735466cecf":"f.E04F53A89B741A5C45B2DD6DE3A1F810.d.A87FBC6EC83E726E815BCB64C02BE484.e.19534","ELEMENT":"f.E04F53A89B741A5C45B2DD6DE3A1F810.d.A87FBC6EC83E726E815BCB64C02BE484.e.19534"}]}
RESULT: {"script":"<script> [56 bytes]","args":[{"element-6066-11e4-a52e-4f735466cecf":"f.E04F53A89B741A5C45B2DD6DE3A1F810.d.A87FBC6EC83E726E815BCB64C02BE484.e.19534","ELEMENT":"f.E04F53A89B741A5C45B2DD6DE3A1F810.d.A87FBC6EC83E726E815BCB64C02BE484.e.19534"}]}
]]></system-out>
    </testcase>
    <testcase classname="chrome.136_0_7103_49.windows.Create_Reverse_Billing_US127248" name="Should do a provide to site handover" time="61.549">
      <system-out><![CDATA[
COMMAND: GET /session/416ca3a003057b96434a2425fa5e92e2/screenshot - {}
COMMAND: POST /session/416ca3a003057b96434a2425fa5e92e2/element - {"using":"xpath","value":"//button[@data-kt=\"provideButton\"]"}
RESULT: {"using":"xpath","value":"//button[@data-kt=\"provideButton\"]"}
COMMAND: POST /session/416ca3a003057b96434a2425fa5e92e2/element/f.E04F53A89B741A5C45B2DD6DE3A1F810.d.A87FBC6EC83E726E815BCB64C02BE484.e.19535/click - {}
RESULT: {}
RESULT: {}
COMMAND: GET /session/416ca3a003057b96434a2425fa5e92e2/screenshot - {}
RESULT: {}
RESULT: undefined
COMMAND: POST /session/416ca3a003057b96434a2425fa5e92e2/execute/async - {"script":"<script> [6424 bytes]","args":[{"element-6066-11e4-a52e-4f735466cecf":"f.E04F53A89B741A5C45B2DD6DE3A1F810.d.A87FBC6EC83E726E815BCB64C02BE484.e.18606"},"setValue",["5/14/25"]]}
COMMAND: POST /session/416ca3a003057b96434a2425fa5e92e2/execute/async - {"script":"<script> [1562 bytes]","args":[{"selector":{"id":"application-managehandovers-display-component---AddNewHO--dueDate","interaction":{"idSuffix":"inner"}},"wdio_ui5_key":"applicationmanagehandovers-display-component---AddNewHO--dueDate"}]}
RESULT: {"script":"<script> [1562 bytes]","args":[{"selector":{"id":"application-managehandovers-display-component---AddNewHO--dueDate","interaction":{"idSuffix":"inner"}},"wdio_ui5_key":"applicationmanagehandovers-display-component---AddNewHO--dueDate"}]}
COMMAND: POST /session/416ca3a003057b96434a2425fa5e92e2/execute/async - {"script":"<script> [6424 bytes]","args":[{"element-6066-11e4-a52e-4f735466cecf":"f.E04F53A89B741A5C45B2DD6DE3A1F810.d.A87FBC6EC83E726E815BCB64C02BE484.e.19592"},"setValue",["5/14/25"]]}
RESULT: {"script":"<script> [6424 bytes]","args":[{"element-6066-11e4-a52e-4f735466cecf":"f.E04F53A89B741A5C45B2DD6DE3A1F810.d.A87FBC6EC83E726E815BCB64C02BE484.e.19592"},"setValue",["5/14/25"]]}
COMMAND: POST /session/416ca3a003057b96434a2425fa5e92e2/element - {"using":"xpath","value":"//bdi[contains(text(), \"Instructions\")]"}
RESULT: {"using":"xpath","value":"//bdi[contains(text(), \"Instructions\")]"}
COMMAND: POST /session/416ca3a003057b96434a2425fa5e92e2/element/f.E04F53A89B741A5C45B2DD6DE3A1F810.d.A87FBC6EC83E726E815BCB64C02BE484.e.19840/click - {}
RESULT: {}
COMMAND: GET /session/416ca3a003057b96434a2425fa5e92e2/screenshot - {}
RESULT: {}
COMMAND: POST /session/416ca3a003057b96434a2425fa5e92e2/element - {"using":"xpath","value":"//button[@data-kt=\"AddNewHOProvideAddItemsButton\"]"}
RESULT: {"using":"xpath","value":"//button[@data-kt=\"AddNewHOProvideAddItemsButton\"]"}
COMMAND: POST /session/416ca3a003057b96434a2425fa5e92e2/element/f.E04F53A89B741A5C45B2DD6DE3A1F810.d.A87FBC6EC83E726E815BCB64C02BE484.e.19844/click - {}
RESULT: {}
COMMAND: GET /session/416ca3a003057b96434a2425fa5e92e2/screenshot - {}
RESULT: {}
RESULT: undefined
COMMAND: POST /session/416ca3a003057b96434a2425fa5e92e2/element - {"using":"xpath","value":"//*[@id=\"application-managehandovers-display-component---AddNewHO--popup-sa\"]"}
RESULT: {"using":"xpath","value":"//*[@id=\"application-managehandovers-display-component---AddNewHO--popup-sa\"]"}
COMMAND: POST /session/416ca3a003057b96434a2425fa5e92e2/element/f.E04F53A89B741A5C45B2DD6DE3A1F810.d.A87FBC6EC83E726E815BCB64C02BE484.e.19859/click - {}
RESULT: {}
COMMAND: GET /session/416ca3a003057b96434a2425fa5e92e2/screenshot - {}
RESULT: {}
COMMAND: POST /session/416ca3a003057b96434a2425fa5e92e2/element - {"using":"xpath","value":"//*[contains(@id ,\"BDI-content\")][contains(text(), \"Select\")]"}
RESULT: {"using":"xpath","value":"//*[contains(@id ,\"BDI-content\")][contains(text(), \"Select\")]"}
COMMAND: POST /session/416ca3a003057b96434a2425fa5e92e2/element/f.E04F53A89B741A5C45B2DD6DE3A1F810.d.A87FBC6EC83E726E815BCB64C02BE484.e.19861/click - {}
RESULT: {}
COMMAND: GET /session/416ca3a003057b96434a2425fa5e92e2/screenshot - {}
RESULT: {}
COMMAND: POST /session/416ca3a003057b96434a2425fa5e92e2/execute/async - {"script":"<script> [1562 bytes]","args":[{"selector":{"id":"application-managehandovers-display-component---AddNewHO--confirmCreationButton","interaction":{"idSuffix":"BDI-content"}},"wdio_ui5_key":"applicationmanagehandovers-display-component---AddNewHO--confirmCreationButton"}]}
RESULT: {"script":"<script> [1562 bytes]","args":[{"selector":{"id":"application-managehandovers-display-component---AddNewHO--confirmCreationButton","interaction":{"idSuffix":"BDI-content"}},"wdio_ui5_key":"applicationmanagehandovers-display-component---AddNewHO--confirmCreationButton"}]}
RESULT: undefined
COMMAND: POST /session/416ca3a003057b96434a2425fa5e92e2/element - {"using":"xpath","value":"//*[@id=\"application-managehandovers-display-component---AddNewHO--confirmCreationButton\"]"}
RESULT: {"using":"xpath","value":"//*[@id=\"application-managehandovers-display-component---AddNewHO--confirmCreationButton\"]"}
COMMAND: POST /session/416ca3a003057b96434a2425fa5e92e2/element/f.E04F53A89B741A5C45B2DD6DE3A1F810.d.A87FBC6EC83E726E815BCB64C02BE484.e.19670/click - {}
RESULT: {}
COMMAND: GET /session/416ca3a003057b96434a2425fa5e92e2/screenshot - {}
RESULT: {}
COMMAND: POST /session/416ca3a003057b96434a2425fa5e92e2/execute/async - {"script":"<script> [1562 bytes]","args":[{"selector":{"id":"issueDatePicker","viewName":"etm.portal.ui.managehandovers.view.DetailExecuteHO","interaction":{"idSuffix":"inner"}},"wdio_ui5_key":"issueDatePickeretmportal.ui.managehandovers.view.DetailExecuteHO"}]}
RESULT: {"script":"<script> [1562 bytes]","args":[{"selector":{"id":"issueDatePicker","viewName":"etm.portal.ui.managehandovers.view.DetailExecuteHO","interaction":{"idSuffix":"inner"}},"wdio_ui5_key":"issueDatePickeretmportal.ui.managehandovers.view.DetailExecuteHO"}]}
RESULT: undefined
COMMAND: POST /session/416ca3a003057b96434a2425fa5e92e2/execute/async - {"script":"<script> [776 bytes]","args":[{"enterText":"5/14/25","selector":{"id":"issueDatePicker","viewName":"etm.portal.ui.managehandovers.view.DetailExecuteHO","interaction":{"idSuffix":"inner"}},"clearTextFirst":true,"interactionType":"ENTER_TEXT"}]}
RESULT: {"script":"<script> [776 bytes]","args":[{"enterText":"5/14/25","selector":{"id":"issueDatePicker","viewName":"etm.portal.ui.managehandovers.view.DetailExecuteHO","interaction":{"idSuffix":"inner"}},"clearTextFirst":true,"interactionType":"ENTER_TEXT"}]}
COMMAND: POST /session/416ca3a003057b96434a2425fa5e92e2/element - {"using":"xpath","value":"//bdi[contains(text(), \"OK\")]"}
RESULT: {"using":"xpath","value":"//bdi[contains(text(), \"OK\")]"}
COMMAND: POST /session/416ca3a003057b96434a2425fa5e92e2/element/f.E04F53A89B741A5C45B2DD6DE3A1F810.d.A87FBC6EC83E726E815BCB64C02BE484.e.19925/click - {}
RESULT: {}
COMMAND: GET /session/416ca3a003057b96434a2425fa5e92e2/screenshot - {}
RESULT: {}
COMMAND: POST /session/416ca3a003057b96434a2425fa5e92e2/element - {"using":"xpath","value":"//button[@data-kt=\"PickingTableConfirmAllButton\"]"}
RESULT: {"using":"xpath","value":"//button[@data-kt=\"PickingTableConfirmAllButton\"]"}
COMMAND: POST /session/416ca3a003057b96434a2425fa5e92e2/element/f.E04F53A89B741A5C45B2DD6DE3A1F810.d.A87FBC6EC83E726E815BCB64C02BE484.e.19932/click - {}
RESULT: {}
COMMAND: GET /session/416ca3a003057b96434a2425fa5e92e2/screenshot - {}
RESULT: {}
COMMAND: POST /session/416ca3a003057b96434a2425fa5e92e2/element - {"using":"xpath","value":"//bdi[contains(text(), \"OK\")]"}
RESULT: {"using":"xpath","value":"//bdi[contains(text(), \"OK\")]"}
COMMAND: POST /session/416ca3a003057b96434a2425fa5e92e2/element/f.E04F53A89B741A5C45B2DD6DE3A1F810.d.A87FBC6EC83E726E815BCB64C02BE484.e.19936/click - {}
RESULT: {}
COMMAND: GET /session/416ca3a003057b96434a2425fa5e92e2/screenshot - {}
RESULT: {}
COMMAND: POST /session/416ca3a003057b96434a2425fa5e92e2/element - {"using":"xpath","value":"//bdi[contains(text(), \"Issue\")]"}
RESULT: {"using":"xpath","value":"//bdi[contains(text(), \"Issue\")]"}
COMMAND: POST /session/416ca3a003057b96434a2425fa5e92e2/element/f.E04F53A89B741A5C45B2DD6DE3A1F810.d.A87FBC6EC83E726E815BCB64C02BE484.e.19937/click - {}
RESULT: {}
COMMAND: GET /session/416ca3a003057b96434a2425fa5e92e2/screenshot - {}
RESULT: {}
COMMAND: POST /session/416ca3a003057b96434a2425fa5e92e2/element - {"using":"css selector","value":"#shell-header-logo"}
RESULT: {"using":"css selector","value":"#shell-header-logo"}
COMMAND: POST /session/416ca3a003057b96434a2425fa5e92e2/element/f.E04F53A89B741A5C45B2DD6DE3A1F810.d.A87FBC6EC83E726E815BCB64C02BE484.e.18996/click - {}
RESULT: {}
COMMAND: GET /session/416ca3a003057b96434a2425fa5e92e2/screenshot - {}
RESULT: {}
]]></system-out>
    </testcase>
    <testcase classname="chrome.136_0_7103_49.windows.Create_Reverse_Billing_US127248" name="Should go navigate to Manage Billings and trigger contract calculation check result" time="62.257">
      <system-out><![CDATA[
COMMAND: POST /session/416ca3a003057b96434a2425fa5e92e2/execute/async - {"script":"<script> [1562 bytes]","args":[{"selector":{"controlType":"sap.m.GenericTile","properties":{"header":"Manage Billings"}},"wdio_ui5_key":"sapm.GenericTile{\"header\":\"Manage Billings\"}"}]}
RESULT: {"script":"<script> [1562 bytes]","args":[{"selector":{"controlType":"sap.m.GenericTile","properties":{"header":"Manage Billings"}},"wdio_ui5_key":"sapm.GenericTile{\"header\":\"Manage Billings\"}"}]}
RESULT: undefined
COMMAND: POST /session/416ca3a003057b96434a2425fa5e92e2/element - {"using":"xpath","value":"//*[@id=\"__tile51\"]"}
RESULT: {"using":"xpath","value":"//*[@id=\"__tile51\"]"}
COMMAND: POST /session/416ca3a003057b96434a2425fa5e92e2/element/f.E04F53A89B741A5C45B2DD6DE3A1F810.d.A87FBC6EC83E726E815BCB64C02BE484.e.16992/click - {}
RESULT: {}
COMMAND: GET /session/416ca3a003057b96434a2425fa5e92e2/screenshot - {}
RESULT: {}
COMMAND: POST /session/416ca3a003057b96434a2425fa5e92e2/elements - {"using":"xpath","value":"//span[text()='Error']"}
RESULT: {"using":"xpath","value":"//span[text()='Error']"}
COMMAND: POST /session/416ca3a003057b96434a2425fa5e92e2/execute/async - {"script":"<script> [1562 bytes]","args":[{"selector":{"id":"application-managebillings-display-component---billRunCalcResult--smartFilterBar-btnBasicSearch","interaction":{"idSuffix":"I"}},"wdio_ui5_key":"applicationmanagebillings-display-component---billRunCalcResult--smartFilterBar-btnBasicSearch"}]}
RESULT: {"script":"<script> [1562 bytes]","args":[{"selector":{"id":"application-managebillings-display-component---billRunCalcResult--smartFilterBar-btnBasicSearch","interaction":{"idSuffix":"I"}},"wdio_ui5_key":"applicationmanagebillings-display-component---billRunCalcResult--smartFilterBar-btnBasicSearch"}]}
RESULT: undefined
COMMAND: POST /session/416ca3a003057b96434a2425fa5e92e2/execute/async - {"script":"<script> [776 bytes]","args":[{"enterText":"10222","selector":{"id":"application-managebillings-display-component---billRunCalcResult--smartFilterBar-btnBasicSearch","interaction":{"idSuffix":"I"}},"clearTextFirst":true,"interactionType":"ENTER_TEXT"}]}
RESULT: {"script":"<script> [776 bytes]","args":[{"enterText":"10222","selector":{"id":"application-managebillings-display-component---billRunCalcResult--smartFilterBar-btnBasicSearch","interaction":{"idSuffix":"I"}},"clearTextFirst":true,"interactionType":"ENTER_TEXT"}]}
COMMAND: POST /session/416ca3a003057b96434a2425fa5e92e2/actions - {"actions":[{"id":"action72","type":"key","parameters":{},"actions":[{"type":"keyDown","value":"î€‡"},{"type":"pause","duration":10},{"type":"keyUp","value":"î€‡"}]}]}
RESULT: {"actions":[{"id":"action72","type":"key","parameters":{},"actions":[{"type":"keyDown","value":"î€‡"},{"type":"pause","duration":10},{"type":"keyUp","value":"î€‡"}]}]}
COMMAND: GET /session/416ca3a003057b96434a2425fa5e92e2/screenshot - {}
RESULT: {}
COMMAND: POST /session/416ca3a003057b96434a2425fa5e92e2/element - {"using":"xpath","value":"//td[@aria-colindex=\"1\"]/div/div[contains(@class, \"sapMCbBg\")]"}
RESULT: {"using":"xpath","value":"//td[@aria-colindex=\"1\"]/div/div[contains(@class, \"sapMCbBg\")]"}
COMMAND: POST /session/416ca3a003057b96434a2425fa5e92e2/element/f.E04F53A89B741A5C45B2DD6DE3A1F810.d.A87FBC6EC83E726E815BCB64C02BE484.e.20333/click - {}
RESULT: {}
COMMAND: GET /session/416ca3a003057b96434a2425fa5e92e2/screenshot - {}
RESULT: {}
COMMAND: POST /session/416ca3a003057b96434a2425fa5e92e2/execute/async - {"script":"<script> [1562 bytes]","args":[{"selector":{"id":"application-managebillings-display-component---billRunCalcResult--contractBillRunDate","interaction":{"idSuffix":"inner"}},"wdio_ui5_key":"applicationmanagebillings-display-component---billRunCalcResult--contractBillRunDate"}]}
RESULT: {"script":"<script> [1562 bytes]","args":[{"selector":{"id":"application-managebillings-display-component---billRunCalcResult--contractBillRunDate","interaction":{"idSuffix":"inner"}},"wdio_ui5_key":"applicationmanagebillings-display-component---billRunCalcResult--contractBillRunDate"}]}
RESULT: undefined
COMMAND: POST /session/416ca3a003057b96434a2425fa5e92e2/execute/async - {"script":"<script> [776 bytes]","args":[{"enterText":"6/14/25","selector":{"id":"application-managebillings-display-component---billRunCalcResult--contractBillRunDate","interaction":{"idSuffix":"inner"}},"clearTextFirst":true,"interactionType":"ENTER_TEXT"}]}
RESULT: {"script":"<script> [776 bytes]","args":[{"enterText":"6/14/25","selector":{"id":"application-managebillings-display-component---billRunCalcResult--contractBillRunDate","interaction":{"idSuffix":"inner"}},"clearTextFirst":true,"interactionType":"ENTER_TEXT"}]}
COMMAND: POST /session/416ca3a003057b96434a2425fa5e92e2/element - {"using":"xpath","value":"//bdi[contains(text(), \"Trigger Calculation\")]"}
RESULT: {"using":"xpath","value":"//bdi[contains(text(), \"Trigger Calculation\")]"}
COMMAND: POST /session/416ca3a003057b96434a2425fa5e92e2/element/f.E04F53A89B741A5C45B2DD6DE3A1F810.d.A87FBC6EC83E726E815BCB64C02BE484.e.20355/click - {}
RESULT: {}
COMMAND: GET /session/416ca3a003057b96434a2425fa5e92e2/screenshot - {}
RESULT: {}
COMMAND: POST /session/416ca3a003057b96434a2425fa5e92e2/element - {"using":"xpath","value":"(//span[contains(@id, \"imgNav\")])[1]"}
RESULT: {"using":"xpath","value":"(//span[contains(@id, \"imgNav\")])[1]"}
COMMAND: POST /session/416ca3a003057b96434a2425fa5e92e2/element/f.E04F53A89B741A5C45B2DD6DE3A1F810.d.A87FBC6EC83E726E815BCB64C02BE484.e.20347/click - {}
RESULT: {}
COMMAND: GET /session/416ca3a003057b96434a2425fa5e92e2/screenshot - {}
RESULT: {}
COMMAND: POST /session/416ca3a003057b96434a2425fa5e92e2/element - {"using":"xpath","value":"//tr/td[6]/div[1]/span[1]/span[1]"}
RESULT: {"using":"xpath","value":"//tr/td[6]/div[1]/span[1]/span[1]"}
COMMAND: GET /session/416ca3a003057b96434a2425fa5e92e2/element/f.E04F53A89B741A5C45B2DD6DE3A1F810.d.A87FBC6EC83E726E815BCB64C02BE484.e.20360/text - {}
RESULT: {}
COMMAND: POST /session/416ca3a003057b96434a2425fa5e92e2/element - {"using":"xpath","value":"(//span[contains(@id, \"imgNav\")])[2]"}
RESULT: {"using":"xpath","value":"(//span[contains(@id, \"imgNav\")])[2]"}
COMMAND: POST /session/416ca3a003057b96434a2425fa5e92e2/element/f.E04F53A89B741A5C45B2DD6DE3A1F810.d.A87FBC6EC83E726E815BCB64C02BE484.e.20361/click - {}
RESULT: {}
COMMAND: POST /session/416ca3a003057b96434a2425fa5e92e2/element - {"using":"xpath","value":"//bdi[contains(text(), \"Business Confirm\")]"}
COMMAND: GET /session/416ca3a003057b96434a2425fa5e92e2/screenshot - {}
RESULT: {"using":"xpath","value":"//bdi[contains(text(), \"Business Confirm\")]"}
COMMAND: POST /session/416ca3a003057b96434a2425fa5e92e2/elements - {"using":"xpath","value":"//bdi[contains(text(), \"Business Confirm\")]"}
RESULT: {}
RESULT: {"using":"xpath","value":"//bdi[contains(text(), \"Business Confirm\")]"}
COMMAND: POST /session/416ca3a003057b96434a2425fa5e92e2/element - {"using":"xpath","value":"//bdi[contains(text(), \"Business Confirm\")]"}
RESULT: {"using":"xpath","value":"//bdi[contains(text(), \"Business Confirm\")]"}
COMMAND: POST /session/416ca3a003057b96434a2425fa5e92e2/element/f.E04F53A89B741A5C45B2DD6DE3A1F810.d.A87FBC6EC83E726E815BCB64C02BE484.e.20415/click - {}
RESULT: {}
COMMAND: POST /session/416ca3a003057b96434a2425fa5e92e2/element - {"using":"css selector","value":"#shell-header-logo"}
COMMAND: GET /session/416ca3a003057b96434a2425fa5e92e2/screenshot - {}
RESULT: {"using":"css selector","value":"#shell-header-logo"}
COMMAND: POST /session/416ca3a003057b96434a2425fa5e92e2/element/f.E04F53A89B741A5C45B2DD6DE3A1F810.d.A87FBC6EC83E726E815BCB64C02BE484.e.20117/click - {}
RESULT: {}
RESULT: {}
COMMAND: GET /session/416ca3a003057b96434a2425fa5e92e2/screenshot - {}
RESULT: {}
]]></system-out>
    </testcase>
    <testcase classname="chrome.136_0_7103_49.windows.Create_Reverse_Billing_US127248" name="Should go into Billing Transfer and reverse the billing" time="37.199">
      <system-out><![CDATA[
COMMAND: POST /session/416ca3a003057b96434a2425fa5e92e2/execute/async - {"script":"<script> [1562 bytes]","args":[{"selector":{"controlType":"sap.m.GenericTile","properties":{"header":"Billing Transfer"}},"wdio_ui5_key":"sapm.GenericTile{\"header\":\"Billing Transfer\"}"}]}
RESULT: {"script":"<script> [1562 bytes]","args":[{"selector":{"controlType":"sap.m.GenericTile","properties":{"header":"Billing Transfer"}},"wdio_ui5_key":"sapm.GenericTile{\"header\":\"Billing Transfer\"}"}]}
RESULT: undefined
COMMAND: POST /session/416ca3a003057b96434a2425fa5e92e2/element - {"using":"xpath","value":"//*[@id=\"__tile50\"]"}
RESULT: {"using":"xpath","value":"//*[@id=\"__tile50\"]"}
COMMAND: POST /session/416ca3a003057b96434a2425fa5e92e2/element/f.E04F53A89B741A5C45B2DD6DE3A1F810.d.A87FBC6EC83E726E815BCB64C02BE484.e.16990/click - {}
RESULT: {}
COMMAND: GET /session/416ca3a003057b96434a2425fa5e92e2/screenshot - {}
RESULT: {}
COMMAND: POST /session/416ca3a003057b96434a2425fa5e92e2/elements - {"using":"xpath","value":"//span[text()='Error']"}
RESULT: {"using":"xpath","value":"//span[text()='Error']"}
COMMAND: POST /session/416ca3a003057b96434a2425fa5e92e2/element - {"using":"xpath","value":"//input[contains(@id ,\"application-billingtransfer-display-component---billingWorkbench--smartFilterBar-btnBasicSearch\")]"}
RESULT: {"using":"xpath","value":"//input[contains(@id ,\"application-billingtransfer-display-component---billingWorkbench--smartFilterBar-btnBasicSearch\")]"}
COMMAND: POST /session/416ca3a003057b96434a2425fa5e92e2/elements - {"using":"xpath","value":"//input[contains(@id ,\"application-billingtransfer-display-component---billingWorkbench--smartFilterBar-btnBasicSearch\")]"}
RESULT: {"using":"xpath","value":"//input[contains(@id ,\"application-billingtransfer-display-component---billingWorkbench--smartFilterBar-btnBasicSearch\")]"}
COMMAND: POST /session/416ca3a003057b96434a2425fa5e92e2/execute/sync - {"script":"<script> [8489 bytes]","args":[{"element-6066-11e4-a52e-4f735466cecf":"f.E04F53A89B741A5C45B2DD6DE3A1F810.d.A87FBC6EC83E726E815BCB64C02BE484.e.20444","ELEMENT":"f.E04F53A89B741A5C45B2DD6DE3A1F810.d.A87FBC6EC83E726E815BCB64C02BE484.e.20444"}]}
RESULT: {"script":"<script> [8489 bytes]","args":[{"element-6066-11e4-a52e-4f735466cecf":"f.E04F53A89B741A5C45B2DD6DE3A1F810.d.A87FBC6EC83E726E815BCB64C02BE484.e.20444","ELEMENT":"f.E04F53A89B741A5C45B2DD6DE3A1F810.d.A87FBC6EC83E726E815BCB64C02BE484.e.20444"}]}
COMMAND: GET /session/416ca3a003057b96434a2425fa5e92e2/element/f.E04F53A89B741A5C45B2DD6DE3A1F810.d.A87FBC6EC83E726E815BCB64C02BE484.e.20444/enabled - {}
COMMAND: GET /session/416ca3a003057b96434a2425fa5e92e2/screenshot - {}
RESULT: {}
COMMAND: POST /session/416ca3a003057b96434a2425fa5e92e2/element/f.E04F53A89B741A5C45B2DD6DE3A1F810.d.A87FBC6EC83E726E815BCB64C02BE484.e.20444/click - {}
COMMAND: GET /session/416ca3a003057b96434a2425fa5e92e2/screenshot - {}
RESULT: {}
RESULT: {}
COMMAND: GET /session/416ca3a003057b96434a2425fa5e92e2/screenshot - {}
RESULT: {}
RESULT: {}
COMMAND: POST /session/416ca3a003057b96434a2425fa5e92e2/element/f.E04F53A89B741A5C45B2DD6DE3A1F810.d.A87FBC6EC83E726E815BCB64C02BE484.e.20444/clear - {}
RESULT: {}
COMMAND: POST /session/416ca3a003057b96434a2425fa5e92e2/element/f.E04F53A89B741A5C45B2DD6DE3A1F810.d.A87FBC6EC83E726E815BCB64C02BE484.e.20444/value - {"text":"10222"}
COMMAND: GET /session/416ca3a003057b96434a2425fa5e92e2/screenshot - {}
RESULT: {"text":"10222"}
COMMAND: POST /session/416ca3a003057b96434a2425fa5e92e2/actions - {"actions":[{"id":"action73","type":"key","parameters":{},"actions":[{"type":"keyDown","value":"î€‡"},{"type":"pause","duration":10},{"type":"keyUp","value":"î€‡"}]}]}
COMMAND: GET /session/416ca3a003057b96434a2425fa5e92e2/screenshot - {}
RESULT: {}
RESULT: {"actions":[{"id":"action73","type":"key","parameters":{},"actions":[{"type":"keyDown","value":"î€‡"},{"type":"pause","duration":10},{"type":"keyUp","value":"î€‡"}]}]}
COMMAND: GET /session/416ca3a003057b96434a2425fa5e92e2/screenshot - {}
RESULT: {}
RESULT: {}
COMMAND: POST /session/416ca3a003057b96434a2425fa5e92e2/element - {"using":"xpath","value":"//span[contains(@id ,\"application-billingtransfer-display-component---billingWorkbench--smartTableBillingRuns-header-inner\")]"}
RESULT: {"using":"xpath","value":"//span[contains(@id ,\"application-billingtransfer-display-component---billingWorkbench--smartTableBillingRuns-header-inner\")]"}
COMMAND: POST /session/416ca3a003057b96434a2425fa5e92e2/elements - {"using":"xpath","value":"//span[contains(@id ,\"application-billingtransfer-display-component---billingWorkbench--smartTableBillingRuns-header-inner\")]"}
RESULT: {"using":"xpath","value":"//span[contains(@id ,\"application-billingtransfer-display-component---billingWorkbench--smartTableBillingRuns-header-inner\")]"}
COMMAND: POST /session/416ca3a003057b96434a2425fa5e92e2/execute/sync - {"script":"<script> [56 bytes]","args":[{"element-6066-11e4-a52e-4f735466cecf":"f.E04F53A89B741A5C45B2DD6DE3A1F810.d.A87FBC6EC83E726E815BCB64C02BE484.e.20650","ELEMENT":"f.E04F53A89B741A5C45B2DD6DE3A1F810.d.A87FBC6EC83E726E815BCB64C02BE484.e.20650"}]}
RESULT: {"script":"<script> [56 bytes]","args":[{"element-6066-11e4-a52e-4f735466cecf":"f.E04F53A89B741A5C45B2DD6DE3A1F810.d.A87FBC6EC83E726E815BCB64C02BE484.e.20650","ELEMENT":"f.E04F53A89B741A5C45B2DD6DE3A1F810.d.A87FBC6EC83E726E815BCB64C02BE484.e.20650"}]}
COMMAND: POST /session/416ca3a003057b96434a2425fa5e92e2/element - {"using":"xpath","value":"//td[@aria-colindex=\"1\"]/div/div[contains(@class, \"sapMCbBg\")]"}
COMMAND: GET /session/416ca3a003057b96434a2425fa5e92e2/screenshot - {}
RESULT: {"using":"xpath","value":"//td[@aria-colindex=\"1\"]/div/div[contains(@class, \"sapMCbBg\")]"}
COMMAND: POST /session/416ca3a003057b96434a2425fa5e92e2/element/f.E04F53A89B741A5C45B2DD6DE3A1F810.d.A87FBC6EC83E726E815BCB64C02BE484.e.20571/click - {}
RESULT: {}
RESULT: {}
COMMAND: GET /session/416ca3a003057b96434a2425fa5e92e2/screenshot - {}
RESULT: {}
COMMAND: POST /session/416ca3a003057b96434a2425fa5e92e2/element - {"using":"xpath","value":"//bdi[contains(text(), \"Reverse\")]"}
RESULT: {"using":"xpath","value":"//bdi[contains(text(), \"Reverse\")]"}
COMMAND: POST /session/416ca3a003057b96434a2425fa5e92e2/element/f.E04F53A89B741A5C45B2DD6DE3A1F810.d.A87FBC6EC83E726E815BCB64C02BE484.e.20651/click - {}
RESULT: {}
COMMAND: GET /session/416ca3a003057b96434a2425fa5e92e2/screenshot - {}
RESULT: {}
COMMAND: POST /session/416ca3a003057b96434a2425fa5e92e2/element - {"using":"xpath","value":"//input[contains(@id ,\"application-billingtransfer-display-component---billingWorkbench--smartFilterBar-btnBasicSearch\")]"}
RESULT: {"using":"xpath","value":"//input[contains(@id ,\"application-billingtransfer-display-component---billingWorkbench--smartFilterBar-btnBasicSearch\")]"}
COMMAND: POST /session/416ca3a003057b96434a2425fa5e92e2/elements - {"using":"xpath","value":"//input[contains(@id ,\"application-billingtransfer-display-component---billingWorkbench--smartFilterBar-btnBasicSearch\")]"}
RESULT: {"using":"xpath","value":"//input[contains(@id ,\"application-billingtransfer-display-component---billingWorkbench--smartFilterBar-btnBasicSearch\")]"}
COMMAND: POST /session/416ca3a003057b96434a2425fa5e92e2/execute/sync - {"script":"<script> [8489 bytes]","args":[{"element-6066-11e4-a52e-4f735466cecf":"f.E04F53A89B741A5C45B2DD6DE3A1F810.d.A87FBC6EC83E726E815BCB64C02BE484.e.20444","ELEMENT":"f.E04F53A89B741A5C45B2DD6DE3A1F810.d.A87FBC6EC83E726E815BCB64C02BE484.e.20444"}]}
RESULT: {"script":"<script> [8489 bytes]","args":[{"element-6066-11e4-a52e-4f735466cecf":"f.E04F53A89B741A5C45B2DD6DE3A1F810.d.A87FBC6EC83E726E815BCB64C02BE484.e.20444","ELEMENT":"f.E04F53A89B741A5C45B2DD6DE3A1F810.d.A87FBC6EC83E726E815BCB64C02BE484.e.20444"}]}
COMMAND: GET /session/416ca3a003057b96434a2425fa5e92e2/element/f.E04F53A89B741A5C45B2DD6DE3A1F810.d.A87FBC6EC83E726E815BCB64C02BE484.e.20444/enabled - {}
COMMAND: GET /session/416ca3a003057b96434a2425fa5e92e2/screenshot - {}
RESULT: {}
COMMAND: POST /session/416ca3a003057b96434a2425fa5e92e2/element/f.E04F53A89B741A5C45B2DD6DE3A1F810.d.A87FBC6EC83E726E815BCB64C02BE484.e.20444/click - {}
COMMAND: GET /session/416ca3a003057b96434a2425fa5e92e2/screenshot - {}
RESULT: {}
RESULT: {}
COMMAND: GET /session/416ca3a003057b96434a2425fa5e92e2/screenshot - {}
RESULT: {}
RESULT: {}
COMMAND: POST /session/416ca3a003057b96434a2425fa5e92e2/element/f.E04F53A89B741A5C45B2DD6DE3A1F810.d.A87FBC6EC83E726E815BCB64C02BE484.e.20444/clear - {}
RESULT: {}
COMMAND: POST /session/416ca3a003057b96434a2425fa5e92e2/element/f.E04F53A89B741A5C45B2DD6DE3A1F810.d.A87FBC6EC83E726E815BCB64C02BE484.e.20444/value - {"text":"10222"}
COMMAND: GET /session/416ca3a003057b96434a2425fa5e92e2/screenshot - {}
RESULT: {"text":"10222"}
COMMAND: POST /session/416ca3a003057b96434a2425fa5e92e2/actions - {"actions":[{"id":"action74","type":"key","parameters":{},"actions":[{"type":"keyDown","value":"î€‡"},{"type":"pause","duration":10},{"type":"keyUp","value":"î€‡"}]}]}
COMMAND: GET /session/416ca3a003057b96434a2425fa5e92e2/screenshot - {}
RESULT: {}
RESULT: {"actions":[{"id":"action74","type":"key","parameters":{},"actions":[{"type":"keyDown","value":"î€‡"},{"type":"pause","duration":10},{"type":"keyUp","value":"î€‡"}]}]}
COMMAND: GET /session/416ca3a003057b96434a2425fa5e92e2/screenshot - {}
RESULT: {}
RESULT: {}
COMMAND: POST /session/416ca3a003057b96434a2425fa5e92e2/element - {"using":"xpath","value":"//span[contains(@id ,\"application-billingtransfer-display-component---billingWorkbench--smartTableBillingRuns-header-inner\")]"}
RESULT: {"using":"xpath","value":"//span[contains(@id ,\"application-billingtransfer-display-component---billingWorkbench--smartTableBillingRuns-header-inner\")]"}
COMMAND: POST /session/416ca3a003057b96434a2425fa5e92e2/elements - {"using":"xpath","value":"//span[contains(@id ,\"application-billingtransfer-display-component---billingWorkbench--smartTableBillingRuns-header-inner\")]"}
RESULT: {"using":"xpath","value":"//span[contains(@id ,\"application-billingtransfer-display-component---billingWorkbench--smartTableBillingRuns-header-inner\")]"}
COMMAND: POST /session/416ca3a003057b96434a2425fa5e92e2/execute/sync - {"script":"<script> [56 bytes]","args":[{"element-6066-11e4-a52e-4f735466cecf":"f.E04F53A89B741A5C45B2DD6DE3A1F810.d.A87FBC6EC83E726E815BCB64C02BE484.e.20650","ELEMENT":"f.E04F53A89B741A5C45B2DD6DE3A1F810.d.A87FBC6EC83E726E815BCB64C02BE484.e.20650"}]}
RESULT: {"script":"<script> [56 bytes]","args":[{"element-6066-11e4-a52e-4f735466cecf":"f.E04F53A89B741A5C45B2DD6DE3A1F810.d.A87FBC6EC83E726E815BCB64C02BE484.e.20650","ELEMENT":"f.E04F53A89B741A5C45B2DD6DE3A1F810.d.A87FBC6EC83E726E815BCB64C02BE484.e.20650"}]}
COMMAND: POST /session/416ca3a003057b96434a2425fa5e92e2/element - {"using":"css selector","value":"#shell-header-logo"}
COMMAND: GET /session/416ca3a003057b96434a2425fa5e92e2/screenshot - {}
RESULT: {"using":"css selector","value":"#shell-header-logo"}
COMMAND: POST /session/416ca3a003057b96434a2425fa5e92e2/element/f.E04F53A89B741A5C45B2DD6DE3A1F810.d.A87FBC6EC83E726E815BCB64C02BE484.e.20441/click - {}
RESULT: {}
RESULT: {}
COMMAND: GET /session/416ca3a003057b96434a2425fa5e92e2/screenshot - {}
RESULT: {}
COMMAND: DELETE /session/416ca3a003057b96434a2425fa5e92e2 - {}
RESULT: {}
]]></system-out>
    </testcase>
  </testsuite>
</testsuites>