<?xml version="1.0" encoding="UTF-8"?>
<testsuites tests="21" failures="0" errors="0" skipped="0">
  <testsuite timestamp="2025-04-23T06:37:00" time="390.241" tests="3" failures="0" errors="0" skipped="0">
    <properties>
      <property name="specId" value="0"/>
      <property name="suiteName" value="Create condition pricing US117289 US134625"/>
      <property name="capabilities" value="chrome.135_0_7049_42.windows"/>
      <property name="file" value="file:///D:/a/1/s/test/specs/BTS/create-condition-pricing.spec.js"/>
    </properties>
    <testcase classname="chrome.135_0_7049_42.windows.Create_condition_pricing_US117289_US134625" name="Should create a new yard used for all following tests" time="122.011">
      <system-out><![CDATA[
COMMAND: POST /session/adf199ce321191b0d42bf89d7113c6d5/window/fullscreen - {}
RESULT: {}
COMMAND: POST /session/adf199ce321191b0d42bf89d7113c6d5/execute/async - {"script":"<script> [1562 bytes]","args":[{"selector":{"controlType":"sap.m.GenericTile","properties":{"header":"Manage Yards"}},"wdio_ui5_key":"sapm.GenericTile{\"header\":\"Manage Yards\"}"}]}
RESULT: {"script":"<script> [1562 bytes]","args":[{"selector":{"controlType":"sap.m.GenericTile","properties":{"header":"Manage Yards"}},"wdio_ui5_key":"sapm.GenericTile{\"header\":\"Manage Yards\"}"}]}
RESULT: undefined
COMMAND: POST /session/adf199ce321191b0d42bf89d7113c6d5/element - {"using":"xpath","value":"//*[@id=\"__tile41\"]"}
RESULT: {"using":"xpath","value":"//*[@id=\"__tile41\"]"}
COMMAND: POST /session/adf199ce321191b0d42bf89d7113c6d5/element/f.53561D77C6482DD9DDA73AB31B5C064E.d.17E01CA44ECC6DDB4D4CA918EDC91F83.e.160/click - {}
RESULT: {}
COMMAND: POST /session/adf199ce321191b0d42bf89d7113c6d5/element - {"using":"xpath","value":"//button[@data-kt=\"addNewYardOverflowToolbarButton\"]"}
COMMAND: GET /session/adf199ce321191b0d42bf89d7113c6d5/screenshot - {}
RESULT: {"using":"xpath","value":"//button[@data-kt=\"addNewYardOverflowToolbarButton\"]"}
COMMAND: POST /session/adf199ce321191b0d42bf89d7113c6d5/elements - {"using":"xpath","value":"//button[@data-kt=\"addNewYardOverflowToolbarButton\"]"}
RESULT: {}
RESULT: {"using":"xpath","value":"//button[@data-kt=\"addNewYardOverflowToolbarButton\"]"}
COMMAND: POST /session/adf199ce321191b0d42bf89d7113c6d5/elements - {"using":"xpath","value":"//button[@data-kt=\"addNewYardOverflowToolbarButton\"]"}
RESULT: {"using":"xpath","value":"//button[@data-kt=\"addNewYardOverflowToolbarButton\"]"}
COMMAND: POST /session/adf199ce321191b0d42bf89d7113c6d5/elements - {"using":"xpath","value":"//button[@data-kt=\"addNewYardOverflowToolbarButton\"]"}
RESULT: {"using":"xpath","value":"//button[@data-kt=\"addNewYardOverflowToolbarButton\"]"}
COMMAND: POST /session/adf199ce321191b0d42bf89d7113c6d5/elements - {"using":"xpath","value":"//button[@data-kt=\"addNewYardOverflowToolbarButton\"]"}
RESULT: {"using":"xpath","value":"//button[@data-kt=\"addNewYardOverflowToolbarButton\"]"}
COMMAND: POST /session/adf199ce321191b0d42bf89d7113c6d5/elements - {"using":"xpath","value":"//button[@data-kt=\"addNewYardOverflowToolbarButton\"]"}
RESULT: {"using":"xpath","value":"//button[@data-kt=\"addNewYardOverflowToolbarButton\"]"}
COMMAND: POST /session/adf199ce321191b0d42bf89d7113c6d5/elements - {"using":"xpath","value":"//button[@data-kt=\"addNewYardOverflowToolbarButton\"]"}
RESULT: {"using":"xpath","value":"//button[@data-kt=\"addNewYardOverflowToolbarButton\"]"}
COMMAND: POST /session/adf199ce321191b0d42bf89d7113c6d5/elements - {"using":"xpath","value":"//button[@data-kt=\"addNewYardOverflowToolbarButton\"]"}
RESULT: {"using":"xpath","value":"//button[@data-kt=\"addNewYardOverflowToolbarButton\"]"}
COMMAND: POST /session/adf199ce321191b0d42bf89d7113c6d5/elements - {"using":"xpath","value":"//button[@data-kt=\"addNewYardOverflowToolbarButton\"]"}
RESULT: {"using":"xpath","value":"//button[@data-kt=\"addNewYardOverflowToolbarButton\"]"}
COMMAND: POST /session/adf199ce321191b0d42bf89d7113c6d5/elements - {"using":"xpath","value":"//button[@data-kt=\"addNewYardOverflowToolbarButton\"]"}
RESULT: {"using":"xpath","value":"//button[@data-kt=\"addNewYardOverflowToolbarButton\"]"}
COMMAND: POST /session/adf199ce321191b0d42bf89d7113c6d5/elements - {"using":"xpath","value":"//button[@data-kt=\"addNewYardOverflowToolbarButton\"]"}
RESULT: {"using":"xpath","value":"//button[@data-kt=\"addNewYardOverflowToolbarButton\"]"}
COMMAND: POST /session/adf199ce321191b0d42bf89d7113c6d5/elements - {"using":"xpath","value":"//button[@data-kt=\"addNewYardOverflowToolbarButton\"]"}
RESULT: {"using":"xpath","value":"//button[@data-kt=\"addNewYardOverflowToolbarButton\"]"}
COMMAND: POST /session/adf199ce321191b0d42bf89d7113c6d5/elements - {"using":"xpath","value":"//button[@data-kt=\"addNewYardOverflowToolbarButton\"]"}
RESULT: {"using":"xpath","value":"//button[@data-kt=\"addNewYardOverflowToolbarButton\"]"}
COMMAND: POST /session/adf199ce321191b0d42bf89d7113c6d5/elements - {"using":"xpath","value":"//button[@data-kt=\"addNewYardOverflowToolbarButton\"]"}
RESULT: {"using":"xpath","value":"//button[@data-kt=\"addNewYardOverflowToolbarButton\"]"}
COMMAND: POST /session/adf199ce321191b0d42bf89d7113c6d5/elements - {"using":"xpath","value":"//button[@data-kt=\"addNewYardOverflowToolbarButton\"]"}
RESULT: {"using":"xpath","value":"//button[@data-kt=\"addNewYardOverflowToolbarButton\"]"}
COMMAND: POST /session/adf199ce321191b0d42bf89d7113c6d5/elements - {"using":"xpath","value":"//button[@data-kt=\"addNewYardOverflowToolbarButton\"]"}
RESULT: {"using":"xpath","value":"//button[@data-kt=\"addNewYardOverflowToolbarButton\"]"}
COMMAND: POST /session/adf199ce321191b0d42bf89d7113c6d5/elements - {"using":"xpath","value":"//button[@data-kt=\"addNewYardOverflowToolbarButton\"]"}
RESULT: {"using":"xpath","value":"//button[@data-kt=\"addNewYardOverflowToolbarButton\"]"}
COMMAND: POST /session/adf199ce321191b0d42bf89d7113c6d5/elements - {"using":"xpath","value":"//button[@data-kt=\"addNewYardOverflowToolbarButton\"]"}
RESULT: {"using":"xpath","value":"//button[@data-kt=\"addNewYardOverflowToolbarButton\"]"}
COMMAND: POST /session/adf199ce321191b0d42bf89d7113c6d5/elements - {"using":"xpath","value":"//button[@data-kt=\"addNewYardOverflowToolbarButton\"]"}
RESULT: {"using":"xpath","value":"//button[@data-kt=\"addNewYardOverflowToolbarButton\"]"}
COMMAND: POST /session/adf199ce321191b0d42bf89d7113c6d5/elements - {"using":"xpath","value":"//button[@data-kt=\"addNewYardOverflowToolbarButton\"]"}
RESULT: {"using":"xpath","value":"//button[@data-kt=\"addNewYardOverflowToolbarButton\"]"}
COMMAND: POST /session/adf199ce321191b0d42bf89d7113c6d5/elements - {"using":"xpath","value":"//button[@data-kt=\"addNewYardOverflowToolbarButton\"]"}
RESULT: {"using":"xpath","value":"//button[@data-kt=\"addNewYardOverflowToolbarButton\"]"}
COMMAND: POST /session/adf199ce321191b0d42bf89d7113c6d5/elements - {"using":"xpath","value":"//button[@data-kt=\"addNewYardOverflowToolbarButton\"]"}
RESULT: {"using":"xpath","value":"//button[@data-kt=\"addNewYardOverflowToolbarButton\"]"}
COMMAND: POST /session/adf199ce321191b0d42bf89d7113c6d5/elements - {"using":"xpath","value":"//button[@data-kt=\"addNewYardOverflowToolbarButton\"]"}
RESULT: {"using":"xpath","value":"//button[@data-kt=\"addNewYardOverflowToolbarButton\"]"}
COMMAND: POST /session/adf199ce321191b0d42bf89d7113c6d5/elements - {"using":"xpath","value":"//button[@data-kt=\"addNewYardOverflowToolbarButton\"]"}
RESULT: {"using":"xpath","value":"//button[@data-kt=\"addNewYardOverflowToolbarButton\"]"}
COMMAND: POST /session/adf199ce321191b0d42bf89d7113c6d5/elements - {"using":"xpath","value":"//button[@data-kt=\"addNewYardOverflowToolbarButton\"]"}
RESULT: {"using":"xpath","value":"//button[@data-kt=\"addNewYardOverflowToolbarButton\"]"}
COMMAND: POST /session/adf199ce321191b0d42bf89d7113c6d5/elements - {"using":"xpath","value":"//button[@data-kt=\"addNewYardOverflowToolbarButton\"]"}
RESULT: {"using":"xpath","value":"//button[@data-kt=\"addNewYardOverflowToolbarButton\"]"}
COMMAND: POST /session/adf199ce321191b0d42bf89d7113c6d5/elements - {"using":"xpath","value":"//button[@data-kt=\"addNewYardOverflowToolbarButton\"]"}
RESULT: {"using":"xpath","value":"//button[@data-kt=\"addNewYardOverflowToolbarButton\"]"}
COMMAND: POST /session/adf199ce321191b0d42bf89d7113c6d5/elements - {"using":"xpath","value":"//button[@data-kt=\"addNewYardOverflowToolbarButton\"]"}
RESULT: {"using":"xpath","value":"//button[@data-kt=\"addNewYardOverflowToolbarButton\"]"}
COMMAND: POST /session/adf199ce321191b0d42bf89d7113c6d5/elements - {"using":"xpath","value":"//button[@data-kt=\"addNewYardOverflowToolbarButton\"]"}
RESULT: {"using":"xpath","value":"//button[@data-kt=\"addNewYardOverflowToolbarButton\"]"}
COMMAND: POST /session/adf199ce321191b0d42bf89d7113c6d5/elements - {"using":"xpath","value":"//button[@data-kt=\"addNewYardOverflowToolbarButton\"]"}
RESULT: {"using":"xpath","value":"//button[@data-kt=\"addNewYardOverflowToolbarButton\"]"}
COMMAND: POST /session/adf199ce321191b0d42bf89d7113c6d5/elements - {"using":"xpath","value":"//button[@data-kt=\"addNewYardOverflowToolbarButton\"]"}
RESULT: {"using":"xpath","value":"//button[@data-kt=\"addNewYardOverflowToolbarButton\"]"}
COMMAND: POST /session/adf199ce321191b0d42bf89d7113c6d5/elements - {"using":"xpath","value":"//button[@data-kt=\"addNewYardOverflowToolbarButton\"]"}
RESULT: {"using":"xpath","value":"//button[@data-kt=\"addNewYardOverflowToolbarButton\"]"}
COMMAND: POST /session/adf199ce321191b0d42bf89d7113c6d5/elements - {"using":"xpath","value":"//button[@data-kt=\"addNewYardOverflowToolbarButton\"]"}
RESULT: {"using":"xpath","value":"//button[@data-kt=\"addNewYardOverflowToolbarButton\"]"}
COMMAND: POST /session/adf199ce321191b0d42bf89d7113c6d5/elements - {"using":"xpath","value":"//button[@data-kt=\"addNewYardOverflowToolbarButton\"]"}
RESULT: {"using":"xpath","value":"//button[@data-kt=\"addNewYardOverflowToolbarButton\"]"}
COMMAND: POST /session/adf199ce321191b0d42bf89d7113c6d5/elements - {"using":"xpath","value":"//button[@data-kt=\"addNewYardOverflowToolbarButton\"]"}
RESULT: {"using":"xpath","value":"//button[@data-kt=\"addNewYardOverflowToolbarButton\"]"}
COMMAND: POST /session/adf199ce321191b0d42bf89d7113c6d5/elements - {"using":"xpath","value":"//button[@data-kt=\"addNewYardOverflowToolbarButton\"]"}
RESULT: {"using":"xpath","value":"//button[@data-kt=\"addNewYardOverflowToolbarButton\"]"}
COMMAND: POST /session/adf199ce321191b0d42bf89d7113c6d5/elements - {"using":"xpath","value":"//button[@data-kt=\"addNewYardOverflowToolbarButton\"]"}
RESULT: {"using":"xpath","value":"//button[@data-kt=\"addNewYardOverflowToolbarButton\"]"}
COMMAND: POST /session/adf199ce321191b0d42bf89d7113c6d5/elements - {"using":"xpath","value":"//button[@data-kt=\"addNewYardOverflowToolbarButton\"]"}
RESULT: {"using":"xpath","value":"//button[@data-kt=\"addNewYardOverflowToolbarButton\"]"}
COMMAND: POST /session/adf199ce321191b0d42bf89d7113c6d5/elements - {"using":"xpath","value":"//button[@data-kt=\"addNewYardOverflowToolbarButton\"]"}
RESULT: {"using":"xpath","value":"//button[@data-kt=\"addNewYardOverflowToolbarButton\"]"}
COMMAND: POST /session/adf199ce321191b0d42bf89d7113c6d5/elements - {"using":"xpath","value":"//button[@data-kt=\"addNewYardOverflowToolbarButton\"]"}
RESULT: {"using":"xpath","value":"//button[@data-kt=\"addNewYardOverflowToolbarButton\"]"}
COMMAND: POST /session/adf199ce321191b0d42bf89d7113c6d5/elements - {"using":"xpath","value":"//button[@data-kt=\"addNewYardOverflowToolbarButton\"]"}
RESULT: {"using":"xpath","value":"//button[@data-kt=\"addNewYardOverflowToolbarButton\"]"}
COMMAND: POST /session/adf199ce321191b0d42bf89d7113c6d5/elements - {"using":"xpath","value":"//button[@data-kt=\"addNewYardOverflowToolbarButton\"]"}
RESULT: {"using":"xpath","value":"//button[@data-kt=\"addNewYardOverflowToolbarButton\"]"}
COMMAND: POST /session/adf199ce321191b0d42bf89d7113c6d5/elements - {"using":"xpath","value":"//button[@data-kt=\"addNewYardOverflowToolbarButton\"]"}
RESULT: {"using":"xpath","value":"//button[@data-kt=\"addNewYardOverflowToolbarButton\"]"}
COMMAND: POST /session/adf199ce321191b0d42bf89d7113c6d5/elements - {"using":"xpath","value":"//button[@data-kt=\"addNewYardOverflowToolbarButton\"]"}
RESULT: {"using":"xpath","value":"//button[@data-kt=\"addNewYardOverflowToolbarButton\"]"}
COMMAND: POST /session/adf199ce321191b0d42bf89d7113c6d5/elements - {"using":"xpath","value":"//button[@data-kt=\"addNewYardOverflowToolbarButton\"]"}
RESULT: {"using":"xpath","value":"//button[@data-kt=\"addNewYardOverflowToolbarButton\"]"}
COMMAND: POST /session/adf199ce321191b0d42bf89d7113c6d5/elements - {"using":"xpath","value":"//button[@data-kt=\"addNewYardOverflowToolbarButton\"]"}
RESULT: {"using":"xpath","value":"//button[@data-kt=\"addNewYardOverflowToolbarButton\"]"}
COMMAND: POST /session/adf199ce321191b0d42bf89d7113c6d5/elements - {"using":"xpath","value":"//button[@data-kt=\"addNewYardOverflowToolbarButton\"]"}
RESULT: {"using":"xpath","value":"//button[@data-kt=\"addNewYardOverflowToolbarButton\"]"}
COMMAND: POST /session/adf199ce321191b0d42bf89d7113c6d5/elements - {"using":"xpath","value":"//button[@data-kt=\"addNewYardOverflowToolbarButton\"]"}
RESULT: {"using":"xpath","value":"//button[@data-kt=\"addNewYardOverflowToolbarButton\"]"}
COMMAND: POST /session/adf199ce321191b0d42bf89d7113c6d5/elements - {"using":"xpath","value":"//button[@data-kt=\"addNewYardOverflowToolbarButton\"]"}
RESULT: {"using":"xpath","value":"//button[@data-kt=\"addNewYardOverflowToolbarButton\"]"}
COMMAND: POST /session/adf199ce321191b0d42bf89d7113c6d5/elements - {"using":"xpath","value":"//button[@data-kt=\"addNewYardOverflowToolbarButton\"]"}
RESULT: {"using":"xpath","value":"//button[@data-kt=\"addNewYardOverflowToolbarButton\"]"}
COMMAND: POST /session/adf199ce321191b0d42bf89d7113c6d5/elements - {"using":"xpath","value":"//button[@data-kt=\"addNewYardOverflowToolbarButton\"]"}
RESULT: {"using":"xpath","value":"//button[@data-kt=\"addNewYardOverflowToolbarButton\"]"}
COMMAND: POST /session/adf199ce321191b0d42bf89d7113c6d5/elements - {"using":"xpath","value":"//button[@data-kt=\"addNewYardOverflowToolbarButton\"]"}
RESULT: {"using":"xpath","value":"//button[@data-kt=\"addNewYardOverflowToolbarButton\"]"}
COMMAND: POST /session/adf199ce321191b0d42bf89d7113c6d5/elements - {"using":"xpath","value":"//button[@data-kt=\"addNewYardOverflowToolbarButton\"]"}
RESULT: {"using":"xpath","value":"//button[@data-kt=\"addNewYardOverflowToolbarButton\"]"}
COMMAND: POST /session/adf199ce321191b0d42bf89d7113c6d5/elements - {"using":"xpath","value":"//button[@data-kt=\"addNewYardOverflowToolbarButton\"]"}
RESULT: {"using":"xpath","value":"//button[@data-kt=\"addNewYardOverflowToolbarButton\"]"}
COMMAND: POST /session/adf199ce321191b0d42bf89d7113c6d5/elements - {"using":"xpath","value":"//button[@data-kt=\"addNewYardOverflowToolbarButton\"]"}
RESULT: {"using":"xpath","value":"//button[@data-kt=\"addNewYardOverflowToolbarButton\"]"}
COMMAND: POST /session/adf199ce321191b0d42bf89d7113c6d5/elements - {"using":"xpath","value":"//button[@data-kt=\"addNewYardOverflowToolbarButton\"]"}
RESULT: {"using":"xpath","value":"//button[@data-kt=\"addNewYardOverflowToolbarButton\"]"}
COMMAND: POST /session/adf199ce321191b0d42bf89d7113c6d5/elements - {"using":"xpath","value":"//button[@data-kt=\"addNewYardOverflowToolbarButton\"]"}
RESULT: {"using":"xpath","value":"//button[@data-kt=\"addNewYardOverflowToolbarButton\"]"}
COMMAND: POST /session/adf199ce321191b0d42bf89d7113c6d5/elements - {"using":"xpath","value":"//button[@data-kt=\"addNewYardOverflowToolbarButton\"]"}
RESULT: {"using":"xpath","value":"//button[@data-kt=\"addNewYardOverflowToolbarButton\"]"}
COMMAND: POST /session/adf199ce321191b0d42bf89d7113c6d5/elements - {"using":"xpath","value":"//button[@data-kt=\"addNewYardOverflowToolbarButton\"]"}
RESULT: {"using":"xpath","value":"//button[@data-kt=\"addNewYardOverflowToolbarButton\"]"}
COMMAND: POST /session/adf199ce321191b0d42bf89d7113c6d5/elements - {"using":"xpath","value":"//button[@data-kt=\"addNewYardOverflowToolbarButton\"]"}
RESULT: {"using":"xpath","value":"//button[@data-kt=\"addNewYardOverflowToolbarButton\"]"}
COMMAND: POST /session/adf199ce321191b0d42bf89d7113c6d5/elements - {"using":"xpath","value":"//button[@data-kt=\"addNewYardOverflowToolbarButton\"]"}
RESULT: {"using":"xpath","value":"//button[@data-kt=\"addNewYardOverflowToolbarButton\"]"}
COMMAND: POST /session/adf199ce321191b0d42bf89d7113c6d5/elements - {"using":"xpath","value":"//button[@data-kt=\"addNewYardOverflowToolbarButton\"]"}
RESULT: {"using":"xpath","value":"//button[@data-kt=\"addNewYardOverflowToolbarButton\"]"}
COMMAND: POST /session/adf199ce321191b0d42bf89d7113c6d5/elements - {"using":"xpath","value":"//button[@data-kt=\"addNewYardOverflowToolbarButton\"]"}
RESULT: {"using":"xpath","value":"//button[@data-kt=\"addNewYardOverflowToolbarButton\"]"}
COMMAND: POST /session/adf199ce321191b0d42bf89d7113c6d5/element - {"using":"xpath","value":"//button[@data-kt=\"addNewYardOverflowToolbarButton\"]"}
RESULT: {"using":"xpath","value":"//button[@data-kt=\"addNewYardOverflowToolbarButton\"]"}
COMMAND: POST /session/adf199ce321191b0d42bf89d7113c6d5/execute/sync - {"script":"<script> [8489 bytes]","args":[{"element-6066-11e4-a52e-4f735466cecf":"f.53561D77C6482DD9DDA73AB31B5C064E.d.17E01CA44ECC6DDB4D4CA918EDC91F83.e.280","ELEMENT":"f.53561D77C6482DD9DDA73AB31B5C064E.d.17E01CA44ECC6DDB4D4CA918EDC91F83.e.280"}]}
RESULT: {"script":"<script> [8489 bytes]","args":[{"element-6066-11e4-a52e-4f735466cecf":"f.53561D77C6482DD9DDA73AB31B5C064E.d.17E01CA44ECC6DDB4D4CA918EDC91F83.e.280","ELEMENT":"f.53561D77C6482DD9DDA73AB31B5C064E.d.17E01CA44ECC6DDB4D4CA918EDC91F83.e.280"}]}
COMMAND: GET /session/adf199ce321191b0d42bf89d7113c6d5/element/f.53561D77C6482DD9DDA73AB31B5C064E.d.17E01CA44ECC6DDB4D4CA918EDC91F83.e.280/enabled - {}
COMMAND: GET /session/adf199ce321191b0d42bf89d7113c6d5/screenshot - {}
RESULT: {}
COMMAND: POST /session/adf199ce321191b0d42bf89d7113c6d5/execute/sync - {"script":"<script> [8489 bytes]","args":[{"element-6066-11e4-a52e-4f735466cecf":"f.53561D77C6482DD9DDA73AB31B5C064E.d.17E01CA44ECC6DDB4D4CA918EDC91F83.e.280","ELEMENT":"f.53561D77C6482DD9DDA73AB31B5C064E.d.17E01CA44ECC6DDB4D4CA918EDC91F83.e.280"}]}
COMMAND: GET /session/adf199ce321191b0d42bf89d7113c6d5/screenshot - {}
RESULT: {}
RESULT: {"script":"<script> [8489 bytes]","args":[{"element-6066-11e4-a52e-4f735466cecf":"f.53561D77C6482DD9DDA73AB31B5C064E.d.17E01CA44ECC6DDB4D4CA918EDC91F83.e.280","ELEMENT":"f.53561D77C6482DD9DDA73AB31B5C064E.d.17E01CA44ECC6DDB4D4CA918EDC91F83.e.280"}]}
COMMAND: POST /session/adf199ce321191b0d42bf89d7113c6d5/execute/sync - {"script":"<script> [5351 bytes]","args":[{"element-6066-11e4-a52e-4f735466cecf":"f.53561D77C6482DD9DDA73AB31B5C064E.d.17E01CA44ECC6DDB4D4CA918EDC91F83.e.280","ELEMENT":"f.53561D77C6482DD9DDA73AB31B5C064E.d.17E01CA44ECC6DDB4D4CA918EDC91F83.e.280"}]}
COMMAND: GET /session/adf199ce321191b0d42bf89d7113c6d5/screenshot - {}
RESULT: {}
RESULT: {"script":"<script> [5351 bytes]","args":[{"element-6066-11e4-a52e-4f735466cecf":"f.53561D77C6482DD9DDA73AB31B5C064E.d.17E01CA44ECC6DDB4D4CA918EDC91F83.e.280","ELEMENT":"f.53561D77C6482DD9DDA73AB31B5C064E.d.17E01CA44ECC6DDB4D4CA918EDC91F83.e.280"}]}
COMMAND: POST /session/adf199ce321191b0d42bf89d7113c6d5/element/f.53561D77C6482DD9DDA73AB31B5C064E.d.17E01CA44ECC6DDB4D4CA918EDC91F83.e.280/click - {}
COMMAND: GET /session/adf199ce321191b0d42bf89d7113c6d5/screenshot - {}
RESULT: {}
RESULT: {}
COMMAND: GET /session/adf199ce321191b0d42bf89d7113c6d5/screenshot - {}
COMMAND: POST /session/adf199ce321191b0d42bf89d7113c6d5/element - {"using":"xpath","value":"//input[@id=\"application-manageyards-display-component---NewYard--yardId-inner\"]"}
RESULT: {}
RESULT: {}
RESULT: {"using":"xpath","value":"//input[@id=\"application-manageyards-display-component---NewYard--yardId-inner\"]"}
COMMAND: POST /session/adf199ce321191b0d42bf89d7113c6d5/element - {"using":"xpath","value":"//input[@id=\"application-manageyards-display-component---NewYard--yardId-inner\"]"}
RESULT: {"using":"xpath","value":"//input[@id=\"application-manageyards-display-component---NewYard--yardId-inner\"]"}
COMMAND: POST /session/adf199ce321191b0d42bf89d7113c6d5/execute/async - {"script":"<script> [1562 bytes]","args":[{"selector":{"id":"application-manageyards-display-component---NewYard--addressDetailDetailsName1","interaction":{"idSuffix":"inner"}},"wdio_ui5_key":"applicationmanageyards-display-component---NewYard--addressDetailDetailsName1"}]}
RESULT: {"script":"<script> [1562 bytes]","args":[{"selector":{"id":"application-manageyards-display-component---NewYard--addressDetailDetailsName1","interaction":{"idSuffix":"inner"}},"wdio_ui5_key":"applicationmanageyards-display-component---NewYard--addressDetailDetailsName1"}]}
RESULT: undefined
COMMAND: POST /session/adf199ce321191b0d42bf89d7113c6d5/execute/async - {"script":"<script> [776 bytes]","args":[{"enterText":"DailyPrice WDIO","selector":{"id":"application-manageyards-display-component---NewYard--addressDetailDetailsName1","interaction":{"idSuffix":"inner"}},"clearTextFirst":true,"interactionType":"ENTER_TEXT"}]}
RESULT: {"script":"<script> [776 bytes]","args":[{"enterText":"DailyPrice WDIO","selector":{"id":"application-manageyards-display-component---NewYard--addressDetailDetailsName1","interaction":{"idSuffix":"inner"}},"clearTextFirst":true,"interactionType":"ENTER_TEXT"}]}
COMMAND: POST /session/adf199ce321191b0d42bf89d7113c6d5/execute/async - {"script":"<script> [1562 bytes]","args":[{"selector":{"id":"application-manageyards-display-component---NewYard--addressDetailDetailsLanguage-arrow"},"wdio_ui5_key":"applicationmanageyards-display-component---NewYard--addressDetailDetailsLanguage-arrow"}]}
RESULT: {"script":"<script> [1562 bytes]","args":[{"selector":{"id":"application-manageyards-display-component---NewYard--addressDetailDetailsLanguage-arrow"},"wdio_ui5_key":"applicationmanageyards-display-component---NewYard--addressDetailDetailsLanguage-arrow"}]}
RESULT: undefined
COMMAND: POST /session/adf199ce321191b0d42bf89d7113c6d5/element - {"using":"xpath","value":"//*[@id=\"application-manageyards-display-component---NewYard--addressDetailDetailsLanguage-arrow\"]"}
RESULT: {"using":"xpath","value":"//*[@id=\"application-manageyards-display-component---NewYard--addressDetailDetailsLanguage-arrow\"]"}
COMMAND: POST /session/adf199ce321191b0d42bf89d7113c6d5/element/f.53561D77C6482DD9DDA73AB31B5C064E.d.17E01CA44ECC6DDB4D4CA918EDC91F83.e.716/click - {}
RESULT: {}
COMMAND: POST /session/adf199ce321191b0d42bf89d7113c6d5/element - {"using":"xpath","value":"//span[contains(text(), \"English\")]"}
COMMAND: GET /session/adf199ce321191b0d42bf89d7113c6d5/screenshot - {}
RESULT: {"using":"xpath","value":"//span[contains(text(), \"English\")]"}
COMMAND: POST /session/adf199ce321191b0d42bf89d7113c6d5/element/f.53561D77C6482DD9DDA73AB31B5C064E.d.17E01CA44ECC6DDB4D4CA918EDC91F83.e.717/click - {}
RESULT: {}
RESULT: {}
COMMAND: POST /session/adf199ce321191b0d42bf89d7113c6d5/execute/async - {"script":"<script> [1562 bytes]","args":[{"selector":{"id":"application-manageyards-display-component---NewYard--addressDetailDetailsCity1","interaction":{"idSuffix":"inner"}},"wdio_ui5_key":"applicationmanageyards-display-component---NewYard--addressDetailDetailsCity1"}]}
COMMAND: GET /session/adf199ce321191b0d42bf89d7113c6d5/screenshot - {}
RESULT: {"script":"<script> [1562 bytes]","args":[{"selector":{"id":"application-manageyards-display-component---NewYard--addressDetailDetailsCity1","interaction":{"idSuffix":"inner"}},"wdio_ui5_key":"applicationmanageyards-display-component---NewYard--addressDetailDetailsCity1"}]}
RESULT: undefined
COMMAND: POST /session/adf199ce321191b0d42bf89d7113c6d5/execute/async - {"script":"<script> [776 bytes]","args":[{"enterText":"Rosario","selector":{"id":"application-manageyards-display-component---NewYard--addressDetailDetailsCity1","interaction":{"idSuffix":"inner"}},"clearTextFirst":true,"interactionType":"ENTER_TEXT"}]}
RESULT: {}
RESULT: {"script":"<script> [776 bytes]","args":[{"enterText":"Rosario","selector":{"id":"application-manageyards-display-component---NewYard--addressDetailDetailsCity1","interaction":{"idSuffix":"inner"}},"clearTextFirst":true,"interactionType":"ENTER_TEXT"}]}
COMMAND: POST /session/adf199ce321191b0d42bf89d7113c6d5/execute/async - {"script":"<script> [1562 bytes]","args":[{"selector":{"id":"application-manageyards-display-component---NewYard--addressDetailDetailsCountry-arrow"},"wdio_ui5_key":"applicationmanageyards-display-component---NewYard--addressDetailDetailsCountry-arrow"}]}
RESULT: {"script":"<script> [1562 bytes]","args":[{"selector":{"id":"application-manageyards-display-component---NewYard--addressDetailDetailsCountry-arrow"},"wdio_ui5_key":"applicationmanageyards-display-component---NewYard--addressDetailDetailsCountry-arrow"}]}
RESULT: undefined
COMMAND: POST /session/adf199ce321191b0d42bf89d7113c6d5/element - {"using":"xpath","value":"//*[@id=\"application-manageyards-display-component---NewYard--addressDetailDetailsCountry-arrow\"]"}
RESULT: {"using":"xpath","value":"//*[@id=\"application-manageyards-display-component---NewYard--addressDetailDetailsCountry-arrow\"]"}
COMMAND: POST /session/adf199ce321191b0d42bf89d7113c6d5/element/f.53561D77C6482DD9DDA73AB31B5C064E.d.17E01CA44ECC6DDB4D4CA918EDC91F83.e.719/click - {}
RESULT: {}
COMMAND: POST /session/adf199ce321191b0d42bf89d7113c6d5/element - {"using":"xpath","value":"//span[contains(text(), \"Argentina\")]"}
COMMAND: GET /session/adf199ce321191b0d42bf89d7113c6d5/screenshot - {}
RESULT: {"using":"xpath","value":"//span[contains(text(), \"Argentina\")]"}
COMMAND: POST /session/adf199ce321191b0d42bf89d7113c6d5/element/f.53561D77C6482DD9DDA73AB31B5C064E.d.17E01CA44ECC6DDB4D4CA918EDC91F83.e.721/click - {}
RESULT: {}
RESULT: {}
COMMAND: POST /session/adf199ce321191b0d42bf89d7113c6d5/execute/async - {"script":"<script> [1562 bytes]","args":[{"selector":{"id":"application-manageyards-display-component---NewYard--addressEditDetailsCostObjectCstType-arrow"},"wdio_ui5_key":"applicationmanageyards-display-component---NewYard--addressEditDetailsCostObjectCstType-arrow"}]}
COMMAND: GET /session/adf199ce321191b0d42bf89d7113c6d5/screenshot - {}
RESULT: {"script":"<script> [1562 bytes]","args":[{"selector":{"id":"application-manageyards-display-component---NewYard--addressEditDetailsCostObjectCstType-arrow"},"wdio_ui5_key":"applicationmanageyards-display-component---NewYard--addressEditDetailsCostObjectCstType-arrow"}]}
RESULT: undefined
COMMAND: POST /session/adf199ce321191b0d42bf89d7113c6d5/element - {"using":"xpath","value":"//*[@id=\"application-manageyards-display-component---NewYard--addressEditDetailsCostObjectCstType-arrow\"]"}
RESULT: {}
RESULT: {"using":"xpath","value":"//*[@id=\"application-manageyards-display-component---NewYard--addressEditDetailsCostObjectCstType-arrow\"]"}
COMMAND: POST /session/adf199ce321191b0d42bf89d7113c6d5/element/f.53561D77C6482DD9DDA73AB31B5C064E.d.17E01CA44ECC6DDB4D4CA918EDC91F83.e.722/click - {}
RESULT: {}
COMMAND: POST /session/adf199ce321191b0d42bf89d7113c6d5/element - {"using":"xpath","value":"//span[contains(text(), \"Cost Center\")]"}
COMMAND: GET /session/adf199ce321191b0d42bf89d7113c6d5/screenshot - {}
RESULT: {"using":"xpath","value":"//span[contains(text(), \"Cost Center\")]"}
COMMAND: POST /session/adf199ce321191b0d42bf89d7113c6d5/element/f.53561D77C6482DD9DDA73AB31B5C064E.d.17E01CA44ECC6DDB4D4CA918EDC91F83.e.723/click - {}
RESULT: {}
RESULT: {}
COMMAND: GET /session/adf199ce321191b0d42bf89d7113c6d5/screenshot - {}
RESULT: {}
COMMAND: POST /session/adf199ce321191b0d42bf89d7113c6d5/element - {"using":"xpath","value":"//span[@id=\"application-manageyards-display-component---NewYard--addressNewCostObjectCstID-vhi\"]"}
RESULT: {"using":"xpath","value":"//span[@id=\"application-manageyards-display-component---NewYard--addressNewCostObjectCstID-vhi\"]"}
COMMAND: POST /session/adf199ce321191b0d42bf89d7113c6d5/execute/sync - {"script":"<script> [8489 bytes]","args":[{"element-6066-11e4-a52e-4f735466cecf":"f.53561D77C6482DD9DDA73AB31B5C064E.d.17E01CA44ECC6DDB4D4CA918EDC91F83.e.726","ELEMENT":"f.53561D77C6482DD9DDA73AB31B5C064E.d.17E01CA44ECC6DDB4D4CA918EDC91F83.e.726"}]}
RESULT: {"script":"<script> [8489 bytes]","args":[{"element-6066-11e4-a52e-4f735466cecf":"f.53561D77C6482DD9DDA73AB31B5C064E.d.17E01CA44ECC6DDB4D4CA918EDC91F83.e.726","ELEMENT":"f.53561D77C6482DD9DDA73AB31B5C064E.d.17E01CA44ECC6DDB4D4CA918EDC91F83.e.726"}]}
COMMAND: POST /session/adf199ce321191b0d42bf89d7113c6d5/execute/async - {"script":"<script> [1562 bytes]","args":[{"selector":{"id":"application-manageyards-display-component---NewYard--addressNewCostObjectCstID-vhi"},"wdio_ui5_key":"applicationmanageyards-display-component---NewYard--addressNewCostObjectCstID-vhi"}]}
COMMAND: GET /session/adf199ce321191b0d42bf89d7113c6d5/screenshot - {}
RESULT: {"script":"<script> [1562 bytes]","args":[{"selector":{"id":"application-manageyards-display-component---NewYard--addressNewCostObjectCstID-vhi"},"wdio_ui5_key":"applicationmanageyards-display-component---NewYard--addressNewCostObjectCstID-vhi"}]}
RESULT: undefined
COMMAND: POST /session/adf199ce321191b0d42bf89d7113c6d5/element - {"using":"xpath","value":"//*[@id=\"application-manageyards-display-component---NewYard--addressNewCostObjectCstID-vhi\"]"}
RESULT: {}
RESULT: {"using":"xpath","value":"//*[@id=\"application-manageyards-display-component---NewYard--addressNewCostObjectCstID-vhi\"]"}
COMMAND: POST /session/adf199ce321191b0d42bf89d7113c6d5/element/f.53561D77C6482DD9DDA73AB31B5C064E.d.17E01CA44ECC6DDB4D4CA918EDC91F83.e.726/click - {}
RESULT: {}
COMMAND: GET /session/adf199ce321191b0d42bf89d7113c6d5/screenshot - {}
RESULT: {}
COMMAND: POST /session/adf199ce321191b0d42bf89d7113c6d5/execute/async - {"script":"<script> [1562 bytes]","args":[{"selector":{"controlType":"sap.m.SearchField","properties":{"placeholder":"Search"},"searchOpenDialogs":true,"interaction":{"idSuffix":"I"}},"wdio_ui5_key":"sapm.SearchField{\"placeholder\":\"Search\"}"}]}
RESULT: {"script":"<script> [1562 bytes]","args":[{"selector":{"controlType":"sap.m.SearchField","properties":{"placeholder":"Search"},"searchOpenDialogs":true,"interaction":{"idSuffix":"I"}},"wdio_ui5_key":"sapm.SearchField{\"placeholder\":\"Search\"}"}]}
RESULT: undefined
COMMAND: POST /session/adf199ce321191b0d42bf89d7113c6d5/execute/async - {"script":"<script> [776 bytes]","args":[{"enterText":"10001013","selector":{"controlType":"sap.m.SearchField","properties":{"placeholder":"Search"},"searchOpenDialogs":true,"interaction":{"idSuffix":"I"}},"clearTextFirst":true,"interactionType":"ENTER_TEXT"}]}
RESULT: {"script":"<script> [776 bytes]","args":[{"enterText":"10001013","selector":{"controlType":"sap.m.SearchField","properties":{"placeholder":"Search"},"searchOpenDialogs":true,"interaction":{"idSuffix":"I"}},"clearTextFirst":true,"interactionType":"ENTER_TEXT"}]}
COMMAND: POST /session/adf199ce321191b0d42bf89d7113c6d5/actions - {"actions":[{"id":"action1","type":"key","parameters":{},"actions":[{"type":"keyDown","value":""},{"type":"pause","duration":10},{"type":"keyUp","value":""}]}]}
RESULT: {"actions":[{"id":"action1","type":"key","parameters":{},"actions":[{"type":"keyDown","value":""},{"type":"pause","duration":10},{"type":"keyUp","value":""}]}]}
COMMAND: GET /session/adf199ce321191b0d42bf89d7113c6d5/screenshot - {}
RESULT: {}
COMMAND: POST /session/adf199ce321191b0d42bf89d7113c6d5/element - {"using":"xpath","value":"//span[contains(text(), \"General Management\")]"}
RESULT: {"using":"xpath","value":"//span[contains(text(), \"General Management\")]"}
COMMAND: POST /session/adf199ce321191b0d42bf89d7113c6d5/element/f.53561D77C6482DD9DDA73AB31B5C064E.d.17E01CA44ECC6DDB4D4CA918EDC91F83.e.766/click - {}
RESULT: {}
COMMAND: GET /session/adf199ce321191b0d42bf89d7113c6d5/screenshot - {}
RESULT: {}
COMMAND: POST /session/adf199ce321191b0d42bf89d7113c6d5/element - {"using":"xpath","value":"//bdi[contains(text(), \"OK\")]"}
RESULT: {"using":"xpath","value":"//bdi[contains(text(), \"OK\")]"}
COMMAND: POST /session/adf199ce321191b0d42bf89d7113c6d5/element/f.53561D77C6482DD9DDA73AB31B5C064E.d.17E01CA44ECC6DDB4D4CA918EDC91F83.e.767/click - {}
RESULT: {}
COMMAND: GET /session/adf199ce321191b0d42bf89d7113c6d5/screenshot - {}
RESULT: {}
COMMAND: POST /session/adf199ce321191b0d42bf89d7113c6d5/execute/async - {"script":"<script> [1562 bytes]","args":[{"selector":{"id":"application-manageyards-display-component---NewYard--addressEditDetailsCurrency-arrow"},"wdio_ui5_key":"applicationmanageyards-display-component---NewYard--addressEditDetailsCurrency-arrow"}]}
RESULT: {"script":"<script> [1562 bytes]","args":[{"selector":{"id":"application-manageyards-display-component---NewYard--addressEditDetailsCurrency-arrow"},"wdio_ui5_key":"applicationmanageyards-display-component---NewYard--addressEditDetailsCurrency-arrow"}]}
RESULT: undefined
COMMAND: POST /session/adf199ce321191b0d42bf89d7113c6d5/element - {"using":"xpath","value":"//*[@id=\"application-manageyards-display-component---NewYard--addressEditDetailsCurrency-arrow\"]"}
RESULT: {"using":"xpath","value":"//*[@id=\"application-manageyards-display-component---NewYard--addressEditDetailsCurrency-arrow\"]"}
COMMAND: POST /session/adf199ce321191b0d42bf89d7113c6d5/element/f.53561D77C6482DD9DDA73AB31B5C064E.d.17E01CA44ECC6DDB4D4CA918EDC91F83.e.770/click - {}
RESULT: {}
COMMAND: POST /session/adf199ce321191b0d42bf89d7113c6d5/element - {"using":"xpath","value":"//span[contains(text(), \"Euro\")]"}
COMMAND: GET /session/adf199ce321191b0d42bf89d7113c6d5/screenshot - {}
RESULT: {"using":"xpath","value":"//span[contains(text(), \"Euro\")]"}
COMMAND: POST /session/adf199ce321191b0d42bf89d7113c6d5/element/f.53561D77C6482DD9DDA73AB31B5C064E.d.17E01CA44ECC6DDB4D4CA918EDC91F83.e.771/click - {}
RESULT: {}
RESULT: {}
COMMAND: POST /session/adf199ce321191b0d42bf89d7113c6d5/execute/async - {"script":"<script> [1562 bytes]","args":[{"selector":{"controlType":"sap.m.Input","viewName":"etm.portal.ui.manageyards.view.New","viewId":"application-manageyards-display-component---NewYard","bindingPath":{"path":"","propertyPath":"/CONTROLLING_AREA","modelName":"NewYardModel"},"interaction":{"idSuffix":"inner"}},"wdio_ui5_key":"etmportal.ui.manageyards.view.Newsap.m.Input{\"path\":\"\",\"propertyPath\":\"/CONTROLLING_AREA\",\"modelName\":\"NewYardModel\"}"}]}
COMMAND: GET /session/adf199ce321191b0d42bf89d7113c6d5/screenshot - {}
RESULT: {"script":"<script> [1562 bytes]","args":[{"selector":{"controlType":"sap.m.Input","viewName":"etm.portal.ui.manageyards.view.New","viewId":"application-manageyards-display-component---NewYard","bindingPath":{"path":"","propertyPath":"/CONTROLLING_AREA","modelName":"NewYardModel"},"interaction":{"idSuffix":"inner"}},"wdio_ui5_key":"etmportal.ui.manageyards.view.Newsap.m.Input{\"path\":\"\",\"propertyPath\":\"/CONTROLLING_AREA\",\"modelName\":\"NewYardModel\"}"}]}
RESULT: undefined
COMMAND: POST /session/adf199ce321191b0d42bf89d7113c6d5/execute/async - {"script":"<script> [776 bytes]","args":[{"enterText":"Z001","selector":{"controlType":"sap.m.Input","viewName":"etm.portal.ui.manageyards.view.New","viewId":"application-manageyards-display-component---NewYard","bindingPath":{"path":"","propertyPath":"/CONTROLLING_AREA","modelName":"NewYardModel"},"interaction":{"idSuffix":"inner"}},"clearTextFirst":true,"interactionType":"ENTER_TEXT"}]}
RESULT: {}
RESULT: {"script":"<script> [776 bytes]","args":[{"enterText":"Z001","selector":{"controlType":"sap.m.Input","viewName":"etm.portal.ui.manageyards.view.New","viewId":"application-manageyards-display-component---NewYard","bindingPath":{"path":"","propertyPath":"/CONTROLLING_AREA","modelName":"NewYardModel"},"interaction":{"idSuffix":"inner"}},"clearTextFirst":true,"interactionType":"ENTER_TEXT"}]}
COMMAND: POST /session/adf199ce321191b0d42bf89d7113c6d5/execute/async - {"script":"<script> [1562 bytes]","args":[{"selector":{"id":"application-manageyards-display-component---NewYard--companyCodeComboBox","interaction":{"idSuffix":"inner"}},"wdio_ui5_key":"applicationmanageyards-display-component---NewYard--companyCodeComboBox"}]}
RESULT: {"script":"<script> [1562 bytes]","args":[{"selector":{"id":"application-manageyards-display-component---NewYard--companyCodeComboBox","interaction":{"idSuffix":"inner"}},"wdio_ui5_key":"applicationmanageyards-display-component---NewYard--companyCodeComboBox"}]}
RESULT: undefined
COMMAND: POST /session/adf199ce321191b0d42bf89d7113c6d5/execute/async - {"script":"<script> [776 bytes]","args":[{"enterText":"1000","selector":{"id":"application-manageyards-display-component---NewYard--companyCodeComboBox","interaction":{"idSuffix":"inner"}},"clearTextFirst":true,"interactionType":"ENTER_TEXT"}]}
RESULT: {"script":"<script> [776 bytes]","args":[{"enterText":"1000","selector":{"id":"application-manageyards-display-component---NewYard--companyCodeComboBox","interaction":{"idSuffix":"inner"}},"clearTextFirst":true,"interactionType":"ENTER_TEXT"}]}
COMMAND: POST /session/adf199ce321191b0d42bf89d7113c6d5/execute/async - {"script":"<script> [1562 bytes]","args":[{"selector":{"controlType":"sap.m.Input","viewName":"etm.portal.ui.manageyards.view.New","viewId":"application-manageyards-display-component---NewYard","bindingPath":{"path":"","propertyPath":"/PLANT","modelName":"NewYardModel"},"interaction":{"idSuffix":"inner"}},"wdio_ui5_key":"etmportal.ui.manageyards.view.Newsap.m.Input{\"path\":\"\",\"propertyPath\":\"/PLANT\",\"modelName\":\"NewYardModel\"}"}]}
RESULT: {"script":"<script> [1562 bytes]","args":[{"selector":{"controlType":"sap.m.Input","viewName":"etm.portal.ui.manageyards.view.New","viewId":"application-manageyards-display-component---NewYard","bindingPath":{"path":"","propertyPath":"/PLANT","modelName":"NewYardModel"},"interaction":{"idSuffix":"inner"}},"wdio_ui5_key":"etmportal.ui.manageyards.view.Newsap.m.Input{\"path\":\"\",\"propertyPath\":\"/PLANT\",\"modelName\":\"NewYardModel\"}"}]}
RESULT: undefined
COMMAND: POST /session/adf199ce321191b0d42bf89d7113c6d5/execute/async - {"script":"<script> [776 bytes]","args":[{"enterText":"1001","selector":{"controlType":"sap.m.Input","viewName":"etm.portal.ui.manageyards.view.New","viewId":"application-manageyards-display-component---NewYard","bindingPath":{"path":"","propertyPath":"/PLANT","modelName":"NewYardModel"},"interaction":{"idSuffix":"inner"}},"clearTextFirst":true,"interactionType":"ENTER_TEXT"}]}
RESULT: {"script":"<script> [776 bytes]","args":[{"enterText":"1001","selector":{"controlType":"sap.m.Input","viewName":"etm.portal.ui.manageyards.view.New","viewId":"application-manageyards-display-component---NewYard","bindingPath":{"path":"","propertyPath":"/PLANT","modelName":"NewYardModel"},"interaction":{"idSuffix":"inner"}},"clearTextFirst":true,"interactionType":"ENTER_TEXT"}]}
COMMAND: POST /session/adf199ce321191b0d42bf89d7113c6d5/execute/async - {"script":"<script> [1562 bytes]","args":[{"selector":{"controlType":"sap.m.Input","viewName":"etm.portal.ui.manageyards.view.New","viewId":"application-manageyards-display-component---NewYard","bindingPath":{"path":"","propertyPath":"/SALES_AREA_VKORG","modelName":"NewYardModel"},"interaction":{"idSuffix":"inner"}},"wdio_ui5_key":"etmportal.ui.manageyards.view.Newsap.m.Input{\"path\":\"\",\"propertyPath\":\"/SALES_AREA_VKORG\",\"modelName\":\"NewYardModel\"}"}]}
RESULT: {"script":"<script> [1562 bytes]","args":[{"selector":{"controlType":"sap.m.Input","viewName":"etm.portal.ui.manageyards.view.New","viewId":"application-manageyards-display-component---NewYard","bindingPath":{"path":"","propertyPath":"/SALES_AREA_VKORG","modelName":"NewYardModel"},"interaction":{"idSuffix":"inner"}},"wdio_ui5_key":"etmportal.ui.manageyards.view.Newsap.m.Input{\"path\":\"\",\"propertyPath\":\"/SALES_AREA_VKORG\",\"modelName\":\"NewYardModel\"}"}]}
RESULT: undefined
COMMAND: POST /session/adf199ce321191b0d42bf89d7113c6d5/execute/async - {"script":"<script> [776 bytes]","args":[{"enterText":"C002","selector":{"controlType":"sap.m.Input","viewName":"etm.portal.ui.manageyards.view.New","viewId":"application-manageyards-display-component---NewYard","bindingPath":{"path":"","propertyPath":"/SALES_AREA_VKORG","modelName":"NewYardModel"},"interaction":{"idSuffix":"inner"}},"clearTextFirst":true,"interactionType":"ENTER_TEXT"}]}
RESULT: {"script":"<script> [776 bytes]","args":[{"enterText":"C002","selector":{"controlType":"sap.m.Input","viewName":"etm.portal.ui.manageyards.view.New","viewId":"application-manageyards-display-component---NewYard","bindingPath":{"path":"","propertyPath":"/SALES_AREA_VKORG","modelName":"NewYardModel"},"interaction":{"idSuffix":"inner"}},"clearTextFirst":true,"interactionType":"ENTER_TEXT"}]}
COMMAND: POST /session/adf199ce321191b0d42bf89d7113c6d5/execute/async - {"script":"<script> [1562 bytes]","args":[{"selector":{"controlType":"sap.m.Input","viewName":"etm.portal.ui.manageyards.view.New","viewId":"application-manageyards-display-component---NewYard","bindingPath":{"path":"","propertyPath":"/SALES_AREA_VTWEG","modelName":"NewYardModel"},"interaction":{"idSuffix":"inner"}},"wdio_ui5_key":"etmportal.ui.manageyards.view.Newsap.m.Input{\"path\":\"\",\"propertyPath\":\"/SALES_AREA_VTWEG\",\"modelName\":\"NewYardModel\"}"}]}
RESULT: {"script":"<script> [1562 bytes]","args":[{"selector":{"controlType":"sap.m.Input","viewName":"etm.portal.ui.manageyards.view.New","viewId":"application-manageyards-display-component---NewYard","bindingPath":{"path":"","propertyPath":"/SALES_AREA_VTWEG","modelName":"NewYardModel"},"interaction":{"idSuffix":"inner"}},"wdio_ui5_key":"etmportal.ui.manageyards.view.Newsap.m.Input{\"path\":\"\",\"propertyPath\":\"/SALES_AREA_VTWEG\",\"modelName\":\"NewYardModel\"}"}]}
RESULT: undefined
COMMAND: POST /session/adf199ce321191b0d42bf89d7113c6d5/execute/async - {"script":"<script> [776 bytes]","args":[{"enterText":"C2","selector":{"controlType":"sap.m.Input","viewName":"etm.portal.ui.manageyards.view.New","viewId":"application-manageyards-display-component---NewYard","bindingPath":{"path":"","propertyPath":"/SALES_AREA_VTWEG","modelName":"NewYardModel"},"interaction":{"idSuffix":"inner"}},"clearTextFirst":true,"interactionType":"ENTER_TEXT"}]}
RESULT: {"script":"<script> [776 bytes]","args":[{"enterText":"C2","selector":{"controlType":"sap.m.Input","viewName":"etm.portal.ui.manageyards.view.New","viewId":"application-manageyards-display-component---NewYard","bindingPath":{"path":"","propertyPath":"/SALES_AREA_VTWEG","modelName":"NewYardModel"},"interaction":{"idSuffix":"inner"}},"clearTextFirst":true,"interactionType":"ENTER_TEXT"}]}
COMMAND: POST /session/adf199ce321191b0d42bf89d7113c6d5/execute/async - {"script":"<script> [1562 bytes]","args":[{"selector":{"controlType":"sap.m.Input","viewName":"etm.portal.ui.manageyards.view.New","viewId":"application-manageyards-display-component---NewYard","bindingPath":{"path":"","propertyPath":"/SALES_AREA_SPART","modelName":"NewYardModel"},"interaction":{"idSuffix":"inner"}},"wdio_ui5_key":"etmportal.ui.manageyards.view.Newsap.m.Input{\"path\":\"\",\"propertyPath\":\"/SALES_AREA_SPART\",\"modelName\":\"NewYardModel\"}"}]}
RESULT: {"script":"<script> [1562 bytes]","args":[{"selector":{"controlType":"sap.m.Input","viewName":"etm.portal.ui.manageyards.view.New","viewId":"application-manageyards-display-component---NewYard","bindingPath":{"path":"","propertyPath":"/SALES_AREA_SPART","modelName":"NewYardModel"},"interaction":{"idSuffix":"inner"}},"wdio_ui5_key":"etmportal.ui.manageyards.view.Newsap.m.Input{\"path\":\"\",\"propertyPath\":\"/SALES_AREA_SPART\",\"modelName\":\"NewYardModel\"}"}]}
RESULT: undefined
COMMAND: POST /session/adf199ce321191b0d42bf89d7113c6d5/execute/async - {"script":"<script> [776 bytes]","args":[{"enterText":"C2","selector":{"controlType":"sap.m.Input","viewName":"etm.portal.ui.manageyards.view.New","viewId":"application-manageyards-display-component---NewYard","bindingPath":{"path":"","propertyPath":"/SALES_AREA_SPART","modelName":"NewYardModel"},"interaction":{"idSuffix":"inner"}},"clearTextFirst":true,"interactionType":"ENTER_TEXT"}]}
RESULT: {"script":"<script> [776 bytes]","args":[{"enterText":"C2","selector":{"controlType":"sap.m.Input","viewName":"etm.portal.ui.manageyards.view.New","viewId":"application-manageyards-display-component---NewYard","bindingPath":{"path":"","propertyPath":"/SALES_AREA_SPART","modelName":"NewYardModel"},"interaction":{"idSuffix":"inner"}},"clearTextFirst":true,"interactionType":"ENTER_TEXT"}]}
COMMAND: POST /session/adf199ce321191b0d42bf89d7113c6d5/execute/async - {"script":"<script> [1562 bytes]","args":[{"selector":{"controlType":"sap.m.Input","viewName":"etm.portal.ui.manageyards.view.New","viewId":"application-manageyards-display-component---NewYard","bindingPath":{"path":"","propertyPath":"/SHIP_POINT","modelName":"NewYardModel"},"interaction":{"idSuffix":"inner"}},"wdio_ui5_key":"etmportal.ui.manageyards.view.Newsap.m.Input{\"path\":\"\",\"propertyPath\":\"/SHIP_POINT\",\"modelName\":\"NewYardModel\"}"}]}
RESULT: {"script":"<script> [1562 bytes]","args":[{"selector":{"controlType":"sap.m.Input","viewName":"etm.portal.ui.manageyards.view.New","viewId":"application-manageyards-display-component---NewYard","bindingPath":{"path":"","propertyPath":"/SHIP_POINT","modelName":"NewYardModel"},"interaction":{"idSuffix":"inner"}},"wdio_ui5_key":"etmportal.ui.manageyards.view.Newsap.m.Input{\"path\":\"\",\"propertyPath\":\"/SHIP_POINT\",\"modelName\":\"NewYardModel\"}"}]}
RESULT: undefined
COMMAND: POST /session/adf199ce321191b0d42bf89d7113c6d5/execute/async - {"script":"<script> [776 bytes]","args":[{"enterText":"1710","selector":{"controlType":"sap.m.Input","viewName":"etm.portal.ui.manageyards.view.New","viewId":"application-manageyards-display-component---NewYard","bindingPath":{"path":"","propertyPath":"/SHIP_POINT","modelName":"NewYardModel"},"interaction":{"idSuffix":"inner"}},"clearTextFirst":true,"interactionType":"ENTER_TEXT"}]}
RESULT: {"script":"<script> [776 bytes]","args":[{"enterText":"1710","selector":{"controlType":"sap.m.Input","viewName":"etm.portal.ui.manageyards.view.New","viewId":"application-manageyards-display-component---NewYard","bindingPath":{"path":"","propertyPath":"/SHIP_POINT","modelName":"NewYardModel"},"interaction":{"idSuffix":"inner"}},"clearTextFirst":true,"interactionType":"ENTER_TEXT"}]}
COMMAND: POST /session/adf199ce321191b0d42bf89d7113c6d5/execute/async - {"script":"<script> [1562 bytes]","args":[{"selector":{"controlType":"sap.m.Input","viewName":"etm.portal.ui.manageyards.view.New","viewId":"application-manageyards-display-component---NewYard","bindingPath":{"path":"","propertyPath":"/DELIVERY_TYPE","modelName":"NewYardModel"},"interaction":{"idSuffix":"inner"}},"wdio_ui5_key":"etmportal.ui.manageyards.view.Newsap.m.Input{\"path\":\"\",\"propertyPath\":\"/DELIVERY_TYPE\",\"modelName\":\"NewYardModel\"}"}]}
RESULT: {"script":"<script> [1562 bytes]","args":[{"selector":{"controlType":"sap.m.Input","viewName":"etm.portal.ui.manageyards.view.New","viewId":"application-manageyards-display-component---NewYard","bindingPath":{"path":"","propertyPath":"/DELIVERY_TYPE","modelName":"NewYardModel"},"interaction":{"idSuffix":"inner"}},"wdio_ui5_key":"etmportal.ui.manageyards.view.Newsap.m.Input{\"path\":\"\",\"propertyPath\":\"/DELIVERY_TYPE\",\"modelName\":\"NewYardModel\"}"}]}
RESULT: undefined
COMMAND: POST /session/adf199ce321191b0d42bf89d7113c6d5/execute/async - {"script":"<script> [776 bytes]","args":[{"enterText":"ZL01","selector":{"controlType":"sap.m.Input","viewName":"etm.portal.ui.manageyards.view.New","viewId":"application-manageyards-display-component---NewYard","bindingPath":{"path":"","propertyPath":"/DELIVERY_TYPE","modelName":"NewYardModel"},"interaction":{"idSuffix":"inner"}},"clearTextFirst":true,"interactionType":"ENTER_TEXT"}]}
RESULT: {"script":"<script> [776 bytes]","args":[{"enterText":"ZL01","selector":{"controlType":"sap.m.Input","viewName":"etm.portal.ui.manageyards.view.New","viewId":"application-manageyards-display-component---NewYard","bindingPath":{"path":"","propertyPath":"/DELIVERY_TYPE","modelName":"NewYardModel"},"interaction":{"idSuffix":"inner"}},"clearTextFirst":true,"interactionType":"ENTER_TEXT"}]}
COMMAND: POST /session/adf199ce321191b0d42bf89d7113c6d5/execute/async - {"script":"<script> [1562 bytes]","args":[{"selector":{"controlType":"sap.m.Input","viewName":"etm.portal.ui.manageyards.view.New","viewId":"application-manageyards-display-component---NewYard","bindingPath":{"path":"","propertyPath":"/AUART","modelName":"NewYardModel"},"interaction":{"idSuffix":"inner"}},"wdio_ui5_key":"etmportal.ui.manageyards.view.Newsap.m.Input{\"path\":\"\",\"propertyPath\":\"/AUART\",\"modelName\":\"NewYardModel\"}"}]}
RESULT: {"script":"<script> [1562 bytes]","args":[{"selector":{"controlType":"sap.m.Input","viewName":"etm.portal.ui.manageyards.view.New","viewId":"application-manageyards-display-component---NewYard","bindingPath":{"path":"","propertyPath":"/AUART","modelName":"NewYardModel"},"interaction":{"idSuffix":"inner"}},"wdio_ui5_key":"etmportal.ui.manageyards.view.Newsap.m.Input{\"path\":\"\",\"propertyPath\":\"/AUART\",\"modelName\":\"NewYardModel\"}"}]}
RESULT: undefined
COMMAND: POST /session/adf199ce321191b0d42bf89d7113c6d5/execute/async - {"script":"<script> [776 bytes]","args":[{"enterText":"TA","selector":{"controlType":"sap.m.Input","viewName":"etm.portal.ui.manageyards.view.New","viewId":"application-manageyards-display-component---NewYard","bindingPath":{"path":"","propertyPath":"/AUART","modelName":"NewYardModel"},"interaction":{"idSuffix":"inner"}},"clearTextFirst":true,"interactionType":"ENTER_TEXT"}]}
RESULT: {"script":"<script> [776 bytes]","args":[{"enterText":"TA","selector":{"controlType":"sap.m.Input","viewName":"etm.portal.ui.manageyards.view.New","viewId":"application-manageyards-display-component---NewYard","bindingPath":{"path":"","propertyPath":"/AUART","modelName":"NewYardModel"},"interaction":{"idSuffix":"inner"}},"clearTextFirst":true,"interactionType":"ENTER_TEXT"}]}
COMMAND: POST /session/adf199ce321191b0d42bf89d7113c6d5/element - {"using":"xpath","value":"//button[@data-kt=\"newYardSaveButton\"]"}
RESULT: {"using":"xpath","value":"//button[@data-kt=\"newYardSaveButton\"]"}
COMMAND: POST /session/adf199ce321191b0d42bf89d7113c6d5/element/f.53561D77C6482DD9DDA73AB31B5C064E.d.17E01CA44ECC6DDB4D4CA918EDC91F83.e.709/click - {}
RESULT: {}
COMMAND: GET /session/adf199ce321191b0d42bf89d7113c6d5/screenshot - {}
RESULT: {}
COMMAND: POST /session/adf199ce321191b0d42bf89d7113c6d5/element - {"using":"xpath","value":"//header[contains(@id, 'ObjectPageLayout-headerTitle')]/div[1]/div[2]/div[1]/span[1]"}
RESULT: {"using":"xpath","value":"//header[contains(@id, 'ObjectPageLayout-headerTitle')]/div[1]/div[2]/div[1]/span[1]"}
COMMAND: POST /session/adf199ce321191b0d42bf89d7113c6d5/elements - {"using":"xpath","value":"//header[contains(@id, 'ObjectPageLayout-headerTitle')]/div[1]/div[2]/div[1]/span[1]"}
RESULT: {"using":"xpath","value":"//header[contains(@id, 'ObjectPageLayout-headerTitle')]/div[1]/div[2]/div[1]/span[1]"}
COMMAND: POST /session/adf199ce321191b0d42bf89d7113c6d5/execute/sync - {"script":"<script> [56 bytes]","args":[{"element-6066-11e4-a52e-4f735466cecf":"f.53561D77C6482DD9DDA73AB31B5C064E.d.17E01CA44ECC6DDB4D4CA918EDC91F83.e.996","ELEMENT":"f.53561D77C6482DD9DDA73AB31B5C064E.d.17E01CA44ECC6DDB4D4CA918EDC91F83.e.996"}]}
RESULT: {"script":"<script> [56 bytes]","args":[{"element-6066-11e4-a52e-4f735466cecf":"f.53561D77C6482DD9DDA73AB31B5C064E.d.17E01CA44ECC6DDB4D4CA918EDC91F83.e.996","ELEMENT":"f.53561D77C6482DD9DDA73AB31B5C064E.d.17E01CA44ECC6DDB4D4CA918EDC91F83.e.996"}]}
COMMAND: GET /session/adf199ce321191b0d42bf89d7113c6d5/screenshot - {}
RESULT: {}
COMMAND: POST /session/adf199ce321191b0d42bf89d7113c6d5/element - {"using":"css selector","value":"#shell-header-logo"}
RESULT: {"using":"css selector","value":"#shell-header-logo"}
COMMAND: POST /session/adf199ce321191b0d42bf89d7113c6d5/element/f.53561D77C6482DD9DDA73AB31B5C064E.d.17E01CA44ECC6DDB4D4CA918EDC91F83.e.253/click - {}
RESULT: {}
COMMAND: GET /session/adf199ce321191b0d42bf89d7113c6d5/screenshot - {}
RESULT: {}
COMMAND: POST /session/adf199ce321191b0d42bf89d7113c6d5/execute/sync - {"script":"<script> [299 bytes]","args":[["getModel","getResource"]]}
RESULT: {"script":"<script> [299 bytes]","args":[["getModel","getResource"]]}
COMMAND: GET /session/adf199ce321191b0d42bf89d7113c6d5/screenshot - {}
]]></system-out>
    </testcase>
    <testcase classname="chrome.135_0_7049_42.windows.Create_condition_pricing_US117289_US134625" name="Should create a new equipment used for all following tests" time="135.149">
      <system-out><![CDATA[
COMMAND: POST /session/adf199ce321191b0d42bf89d7113c6d5/execute/async - {"script":"<script> [1562 bytes]","args":[{"selector":{"controlType":"sap.m.GenericTile","properties":{"header":"Manage Resources"}},"wdio_ui5_key":"sapm.GenericTile{\"header\":\"Manage Resources\"}"}]}
RESULT: {"script":"<script> [1562 bytes]","args":[{"selector":{"controlType":"sap.m.GenericTile","properties":{"header":"Manage Resources"}},"wdio_ui5_key":"sapm.GenericTile{\"header\":\"Manage Resources\"}"}]}
RESULT: undefined
COMMAND: POST /session/adf199ce321191b0d42bf89d7113c6d5/element - {"using":"xpath","value":"//*[@id=\"__tile39\"]"}
RESULT: {}
RESULT: {"using":"xpath","value":"//*[@id=\"__tile39\"]"}
COMMAND: POST /session/adf199ce321191b0d42bf89d7113c6d5/element/f.53561D77C6482DD9DDA73AB31B5C064E.d.17E01CA44ECC6DDB4D4CA918EDC91F83.e.154/click - {}
RESULT: {}
COMMAND: POST /session/adf199ce321191b0d42bf89d7113c6d5/element - {"using":"xpath","value":"//button[@data-kt=\"addNewRUOverflowToolbarButton\"]"}
COMMAND: GET /session/adf199ce321191b0d42bf89d7113c6d5/screenshot - {}
RESULT: {"using":"xpath","value":"//button[@data-kt=\"addNewRUOverflowToolbarButton\"]"}
COMMAND: POST /session/adf199ce321191b0d42bf89d7113c6d5/elements - {"using":"xpath","value":"//button[@data-kt=\"addNewRUOverflowToolbarButton\"]"}
RESULT: {}
RESULT: {"using":"xpath","value":"//button[@data-kt=\"addNewRUOverflowToolbarButton\"]"}
COMMAND: POST /session/adf199ce321191b0d42bf89d7113c6d5/elements - {"using":"xpath","value":"//button[@data-kt=\"addNewRUOverflowToolbarButton\"]"}
RESULT: {"using":"xpath","value":"//button[@data-kt=\"addNewRUOverflowToolbarButton\"]"}
COMMAND: POST /session/adf199ce321191b0d42bf89d7113c6d5/elements - {"using":"xpath","value":"//button[@data-kt=\"addNewRUOverflowToolbarButton\"]"}
RESULT: {"using":"xpath","value":"//button[@data-kt=\"addNewRUOverflowToolbarButton\"]"}
COMMAND: POST /session/adf199ce321191b0d42bf89d7113c6d5/elements - {"using":"xpath","value":"//button[@data-kt=\"addNewRUOverflowToolbarButton\"]"}
RESULT: {"using":"xpath","value":"//button[@data-kt=\"addNewRUOverflowToolbarButton\"]"}
COMMAND: POST /session/adf199ce321191b0d42bf89d7113c6d5/elements - {"using":"xpath","value":"//button[@data-kt=\"addNewRUOverflowToolbarButton\"]"}
RESULT: {"using":"xpath","value":"//button[@data-kt=\"addNewRUOverflowToolbarButton\"]"}
COMMAND: POST /session/adf199ce321191b0d42bf89d7113c6d5/elements - {"using":"xpath","value":"//button[@data-kt=\"addNewRUOverflowToolbarButton\"]"}
RESULT: {"using":"xpath","value":"//button[@data-kt=\"addNewRUOverflowToolbarButton\"]"}
COMMAND: POST /session/adf199ce321191b0d42bf89d7113c6d5/elements - {"using":"xpath","value":"//button[@data-kt=\"addNewRUOverflowToolbarButton\"]"}
RESULT: {"using":"xpath","value":"//button[@data-kt=\"addNewRUOverflowToolbarButton\"]"}
COMMAND: POST /session/adf199ce321191b0d42bf89d7113c6d5/elements - {"using":"xpath","value":"//button[@data-kt=\"addNewRUOverflowToolbarButton\"]"}
RESULT: {"using":"xpath","value":"//button[@data-kt=\"addNewRUOverflowToolbarButton\"]"}
COMMAND: POST /session/adf199ce321191b0d42bf89d7113c6d5/elements - {"using":"xpath","value":"//button[@data-kt=\"addNewRUOverflowToolbarButton\"]"}
RESULT: {"using":"xpath","value":"//button[@data-kt=\"addNewRUOverflowToolbarButton\"]"}
COMMAND: POST /session/adf199ce321191b0d42bf89d7113c6d5/elements - {"using":"xpath","value":"//button[@data-kt=\"addNewRUOverflowToolbarButton\"]"}
RESULT: undefined
RESULT: undefined
RESULT: {"using":"xpath","value":"//button[@data-kt=\"addNewRUOverflowToolbarButton\"]"}
COMMAND: POST /session/adf199ce321191b0d42bf89d7113c6d5/elements - {"using":"xpath","value":"//button[@data-kt=\"addNewRUOverflowToolbarButton\"]"}
RESULT: {"using":"xpath","value":"//button[@data-kt=\"addNewRUOverflowToolbarButton\"]"}
COMMAND: POST /session/adf199ce321191b0d42bf89d7113c6d5/elements - {"using":"xpath","value":"//button[@data-kt=\"addNewRUOverflowToolbarButton\"]"}
RESULT: {"using":"xpath","value":"//button[@data-kt=\"addNewRUOverflowToolbarButton\"]"}
COMMAND: POST /session/adf199ce321191b0d42bf89d7113c6d5/elements - {"using":"xpath","value":"//button[@data-kt=\"addNewRUOverflowToolbarButton\"]"}
RESULT: {"using":"xpath","value":"//button[@data-kt=\"addNewRUOverflowToolbarButton\"]"}
COMMAND: POST /session/adf199ce321191b0d42bf89d7113c6d5/elements - {"using":"xpath","value":"//button[@data-kt=\"addNewRUOverflowToolbarButton\"]"}
RESULT: {"using":"xpath","value":"//button[@data-kt=\"addNewRUOverflowToolbarButton\"]"}
COMMAND: POST /session/adf199ce321191b0d42bf89d7113c6d5/elements - {"using":"xpath","value":"//button[@data-kt=\"addNewRUOverflowToolbarButton\"]"}
RESULT: {"using":"xpath","value":"//button[@data-kt=\"addNewRUOverflowToolbarButton\"]"}
COMMAND: POST /session/adf199ce321191b0d42bf89d7113c6d5/elements - {"using":"xpath","value":"//button[@data-kt=\"addNewRUOverflowToolbarButton\"]"}
RESULT: {"using":"xpath","value":"//button[@data-kt=\"addNewRUOverflowToolbarButton\"]"}
COMMAND: POST /session/adf199ce321191b0d42bf89d7113c6d5/elements - {"using":"xpath","value":"//button[@data-kt=\"addNewRUOverflowToolbarButton\"]"}
RESULT: {"using":"xpath","value":"//button[@data-kt=\"addNewRUOverflowToolbarButton\"]"}
COMMAND: POST /session/adf199ce321191b0d42bf89d7113c6d5/elements - {"using":"xpath","value":"//button[@data-kt=\"addNewRUOverflowToolbarButton\"]"}
RESULT: {"using":"xpath","value":"//button[@data-kt=\"addNewRUOverflowToolbarButton\"]"}
COMMAND: POST /session/adf199ce321191b0d42bf89d7113c6d5/element - {"using":"xpath","value":"//button[@data-kt=\"addNewRUOverflowToolbarButton\"]"}
RESULT: {"using":"xpath","value":"//button[@data-kt=\"addNewRUOverflowToolbarButton\"]"}
COMMAND: POST /session/adf199ce321191b0d42bf89d7113c6d5/execute/sync - {"script":"<script> [8489 bytes]","args":[{"element-6066-11e4-a52e-4f735466cecf":"f.53561D77C6482DD9DDA73AB31B5C064E.d.17E01CA44ECC6DDB4D4CA918EDC91F83.e.1038","ELEMENT":"f.53561D77C6482DD9DDA73AB31B5C064E.d.17E01CA44ECC6DDB4D4CA918EDC91F83.e.1038"}]}
RESULT: {"script":"<script> [8489 bytes]","args":[{"element-6066-11e4-a52e-4f735466cecf":"f.53561D77C6482DD9DDA73AB31B5C064E.d.17E01CA44ECC6DDB4D4CA918EDC91F83.e.1038","ELEMENT":"f.53561D77C6482DD9DDA73AB31B5C064E.d.17E01CA44ECC6DDB4D4CA918EDC91F83.e.1038"}]}
COMMAND: GET /session/adf199ce321191b0d42bf89d7113c6d5/element/f.53561D77C6482DD9DDA73AB31B5C064E.d.17E01CA44ECC6DDB4D4CA918EDC91F83.e.1038/enabled - {}
COMMAND: GET /session/adf199ce321191b0d42bf89d7113c6d5/screenshot - {}
RESULT: {}
COMMAND: POST /session/adf199ce321191b0d42bf89d7113c6d5/execute/sync - {"script":"<script> [8489 bytes]","args":[{"element-6066-11e4-a52e-4f735466cecf":"f.53561D77C6482DD9DDA73AB31B5C064E.d.17E01CA44ECC6DDB4D4CA918EDC91F83.e.1038","ELEMENT":"f.53561D77C6482DD9DDA73AB31B5C064E.d.17E01CA44ECC6DDB4D4CA918EDC91F83.e.1038"}]}
COMMAND: GET /session/adf199ce321191b0d42bf89d7113c6d5/screenshot - {}
RESULT: {}
RESULT: {"script":"<script> [8489 bytes]","args":[{"element-6066-11e4-a52e-4f735466cecf":"f.53561D77C6482DD9DDA73AB31B5C064E.d.17E01CA44ECC6DDB4D4CA918EDC91F83.e.1038","ELEMENT":"f.53561D77C6482DD9DDA73AB31B5C064E.d.17E01CA44ECC6DDB4D4CA918EDC91F83.e.1038"}]}
COMMAND: POST /session/adf199ce321191b0d42bf89d7113c6d5/execute/sync - {"script":"<script> [5351 bytes]","args":[{"element-6066-11e4-a52e-4f735466cecf":"f.53561D77C6482DD9DDA73AB31B5C064E.d.17E01CA44ECC6DDB4D4CA918EDC91F83.e.1038","ELEMENT":"f.53561D77C6482DD9DDA73AB31B5C064E.d.17E01CA44ECC6DDB4D4CA918EDC91F83.e.1038"}]}
COMMAND: GET /session/adf199ce321191b0d42bf89d7113c6d5/screenshot - {}
RESULT: {}
RESULT: {"script":"<script> [5351 bytes]","args":[{"element-6066-11e4-a52e-4f735466cecf":"f.53561D77C6482DD9DDA73AB31B5C064E.d.17E01CA44ECC6DDB4D4CA918EDC91F83.e.1038","ELEMENT":"f.53561D77C6482DD9DDA73AB31B5C064E.d.17E01CA44ECC6DDB4D4CA918EDC91F83.e.1038"}]}
COMMAND: POST /session/adf199ce321191b0d42bf89d7113c6d5/element/f.53561D77C6482DD9DDA73AB31B5C064E.d.17E01CA44ECC6DDB4D4CA918EDC91F83.e.1038/click - {}
COMMAND: GET /session/adf199ce321191b0d42bf89d7113c6d5/screenshot - {}
RESULT: {}
RESULT: {}
COMMAND: GET /session/adf199ce321191b0d42bf89d7113c6d5/screenshot - {}
RESULT: {}
RESULT: {}
COMMAND: POST /session/adf199ce321191b0d42bf89d7113c6d5/execute/async - {"script":"<script> [1562 bytes]","args":[{"selector":{"id":"application-manageresources-display-component---newResourceUnit--TYPE-arrow"},"wdio_ui5_key":"applicationmanageresources-display-component---newResourceUnit--TYPE-arrow"}]}
RESULT: {"script":"<script> [1562 bytes]","args":[{"selector":{"id":"application-manageresources-display-component---newResourceUnit--TYPE-arrow"},"wdio_ui5_key":"applicationmanageresources-display-component---newResourceUnit--TYPE-arrow"}]}
RESULT: undefined
COMMAND: POST /session/adf199ce321191b0d42bf89d7113c6d5/element - {"using":"xpath","value":"//*[@id=\"application-manageresources-display-component---newResourceUnit--TYPE-arrow\"]"}
RESULT: {"using":"xpath","value":"//*[@id=\"application-manageresources-display-component---newResourceUnit--TYPE-arrow\"]"}
COMMAND: POST /session/adf199ce321191b0d42bf89d7113c6d5/element/f.53561D77C6482DD9DDA73AB31B5C064E.d.17E01CA44ECC6DDB4D4CA918EDC91F83.e.1383/click - {}
RESULT: {}
COMMAND: POST /session/adf199ce321191b0d42bf89d7113c6d5/element - {"using":"xpath","value":"//input[@id=\"application-manageresources-display-component---newResourceUnit--TYPE-inner\"]"}
COMMAND: GET /session/adf199ce321191b0d42bf89d7113c6d5/screenshot - {}
RESULT: {"using":"xpath","value":"//input[@id=\"application-manageresources-display-component---newResourceUnit--TYPE-inner\"]"}
COMMAND: POST /session/adf199ce321191b0d42bf89d7113c6d5/element/f.53561D77C6482DD9DDA73AB31B5C064E.d.17E01CA44ECC6DDB4D4CA918EDC91F83.e.1378/clear - {}
RESULT: {}
RESULT: {}
COMMAND: POST /session/adf199ce321191b0d42bf89d7113c6d5/element/f.53561D77C6482DD9DDA73AB31B5C064E.d.17E01CA44ECC6DDB4D4CA918EDC91F83.e.1378/value - {"text":"Equipment"}
COMMAND: GET /session/adf199ce321191b0d42bf89d7113c6d5/screenshot - {}
RESULT: {"text":"Equipment"}
COMMAND: GET /session/adf199ce321191b0d42bf89d7113c6d5/screenshot - {}
RESULT: {}
RESULT: {}
COMMAND: POST /session/adf199ce321191b0d42bf89d7113c6d5/actions - {"actions":[{"id":"action2","type":"key","parameters":{},"actions":[{"type":"keyDown","value":""},{"type":"pause","duration":10},{"type":"keyUp","value":""}]}]}
RESULT: {"actions":[{"id":"action2","type":"key","parameters":{},"actions":[{"type":"keyDown","value":""},{"type":"pause","duration":10},{"type":"keyUp","value":""}]}]}
COMMAND: POST /session/adf199ce321191b0d42bf89d7113c6d5/execute/async - {"script":"<script> [1562 bytes]","args":[{"selector":{"id":"application-manageresources-display-component---newResourceUnit--resourceId","interaction":{"idSuffix":"inner"}},"wdio_ui5_key":"applicationmanageresources-display-component---newResourceUnit--resourceId"}]}
COMMAND: GET /session/adf199ce321191b0d42bf89d7113c6d5/screenshot - {}
RESULT: {"script":"<script> [1562 bytes]","args":[{"selector":{"id":"application-manageresources-display-component---newResourceUnit--resourceId","interaction":{"idSuffix":"inner"}},"wdio_ui5_key":"applicationmanageresources-display-component---newResourceUnit--resourceId"}]}
RESULT: undefined
COMMAND: POST /session/adf199ce321191b0d42bf89d7113c6d5/execute/async - {"script":"<script> [776 bytes]","args":[{"enterText":"x2hox9ISwH","selector":{"id":"application-manageresources-display-component---newResourceUnit--resourceId","interaction":{"idSuffix":"inner"}},"clearTextFirst":true,"interactionType":"ENTER_TEXT"}]}
RESULT: {}
RESULT: {"script":"<script> [776 bytes]","args":[{"enterText":"x2hox9ISwH","selector":{"id":"application-manageresources-display-component---newResourceUnit--resourceId","interaction":{"idSuffix":"inner"}},"clearTextFirst":true,"interactionType":"ENTER_TEXT"}]}
COMMAND: POST /session/adf199ce321191b0d42bf89d7113c6d5/execute/async - {"script":"<script> [1562 bytes]","args":[{"selector":{"id":"application-manageresources-display-component---newResourceUnit--SHORT_TEXT","interaction":{"idSuffix":"inner"}},"wdio_ui5_key":"applicationmanageresources-display-component---newResourceUnit--SHORT_TEXT"}]}
RESULT: {"script":"<script> [1562 bytes]","args":[{"selector":{"id":"application-manageresources-display-component---newResourceUnit--SHORT_TEXT","interaction":{"idSuffix":"inner"}},"wdio_ui5_key":"applicationmanageresources-display-component---newResourceUnit--SHORT_TEXT"}]}
RESULT: undefined
COMMAND: POST /session/adf199ce321191b0d42bf89d7113c6d5/execute/async - {"script":"<script> [776 bytes]","args":[{"enterText":"Intercompany Equipment WDIO","selector":{"id":"application-manageresources-display-component---newResourceUnit--SHORT_TEXT","interaction":{"idSuffix":"inner"}},"clearTextFirst":true,"interactionType":"ENTER_TEXT"}]}
RESULT: {"script":"<script> [776 bytes]","args":[{"enterText":"Intercompany Equipment WDIO","selector":{"id":"application-manageresources-display-component---newResourceUnit--SHORT_TEXT","interaction":{"idSuffix":"inner"}},"clearTextFirst":true,"interactionType":"ENTER_TEXT"}]}
COMMAND: POST /session/adf199ce321191b0d42bf89d7113c6d5/execute/async - {"script":"<script> [1562 bytes]","args":[{"selector":{"id":"application-manageresources-display-component---newResourceUnit--BASE_UNIT_OF_MEASURE","interaction":{"idSuffix":"inner"}},"wdio_ui5_key":"applicationmanageresources-display-component---newResourceUnit--BASE_UNIT_OF_MEASURE"}]}
RESULT: {"script":"<script> [1562 bytes]","args":[{"selector":{"id":"application-manageresources-display-component---newResourceUnit--BASE_UNIT_OF_MEASURE","interaction":{"idSuffix":"inner"}},"wdio_ui5_key":"applicationmanageresources-display-component---newResourceUnit--BASE_UNIT_OF_MEASURE"}]}
RESULT: undefined
COMMAND: POST /session/adf199ce321191b0d42bf89d7113c6d5/execute/async - {"script":"<script> [776 bytes]","args":[{"enterText":"Piece","selector":{"id":"application-manageresources-display-component---newResourceUnit--BASE_UNIT_OF_MEASURE","interaction":{"idSuffix":"inner"}},"clearTextFirst":true,"interactionType":"ENTER_TEXT"}]}
RESULT: {"script":"<script> [776 bytes]","args":[{"enterText":"Piece","selector":{"id":"application-manageresources-display-component---newResourceUnit--BASE_UNIT_OF_MEASURE","interaction":{"idSuffix":"inner"}},"clearTextFirst":true,"interactionType":"ENTER_TEXT"}]}
COMMAND: POST /session/adf199ce321191b0d42bf89d7113c6d5/execute/async - {"script":"<script> [1562 bytes]","args":[{"selector":{"id":"application-manageresources-display-component---newResourceUnit--WEIGHT_UNIT","interaction":{"idSuffix":"inner"}},"wdio_ui5_key":"applicationmanageresources-display-component---newResourceUnit--WEIGHT_UNIT"}]}
RESULT: {"script":"<script> [1562 bytes]","args":[{"selector":{"id":"application-manageresources-display-component---newResourceUnit--WEIGHT_UNIT","interaction":{"idSuffix":"inner"}},"wdio_ui5_key":"applicationmanageresources-display-component---newResourceUnit--WEIGHT_UNIT"}]}
RESULT: undefined
COMMAND: POST /session/adf199ce321191b0d42bf89d7113c6d5/execute/async - {"script":"<script> [776 bytes]","args":[{"enterText":"Gram","selector":{"id":"application-manageresources-display-component---newResourceUnit--WEIGHT_UNIT","interaction":{"idSuffix":"inner"}},"clearTextFirst":true,"interactionType":"ENTER_TEXT"}]}
RESULT: {"script":"<script> [776 bytes]","args":[{"enterText":"Gram","selector":{"id":"application-manageresources-display-component---newResourceUnit--WEIGHT_UNIT","interaction":{"idSuffix":"inner"}},"clearTextFirst":true,"interactionType":"ENTER_TEXT"}]}
COMMAND: POST /session/adf199ce321191b0d42bf89d7113c6d5/execute/async - {"script":"<script> [1562 bytes]","args":[{"selector":{"id":"application-manageresources-display-component---newResourceUnit--DIMENSION_UNIT","interaction":{"idSuffix":"inner"}},"wdio_ui5_key":"applicationmanageresources-display-component---newResourceUnit--DIMENSION_UNIT"}]}
RESULT: {"script":"<script> [1562 bytes]","args":[{"selector":{"id":"application-manageresources-display-component---newResourceUnit--DIMENSION_UNIT","interaction":{"idSuffix":"inner"}},"wdio_ui5_key":"applicationmanageresources-display-component---newResourceUnit--DIMENSION_UNIT"}]}
RESULT: undefined
COMMAND: POST /session/adf199ce321191b0d42bf89d7113c6d5/execute/async - {"script":"<script> [776 bytes]","args":[{"enterText":"Meter","selector":{"id":"application-manageresources-display-component---newResourceUnit--DIMENSION_UNIT","interaction":{"idSuffix":"inner"}},"clearTextFirst":true,"interactionType":"ENTER_TEXT"}]}
RESULT: {"script":"<script> [776 bytes]","args":[{"enterText":"Meter","selector":{"id":"application-manageresources-display-component---newResourceUnit--DIMENSION_UNIT","interaction":{"idSuffix":"inner"}},"clearTextFirst":true,"interactionType":"ENTER_TEXT"}]}
COMMAND: POST /session/adf199ce321191b0d42bf89d7113c6d5/execute/async - {"script":"<script> [1562 bytes]","args":[{"selector":{"id":"application-manageresources-display-component---newResourceUnit--newRRUPage-anchBar-application-manageresources-display-component---newResourceUnit--control-anchor","interaction":{"idSuffix":"BDI-content"}},"wdio_ui5_key":"applicationmanageresources-display-component---newResourceUnit--newRRUPage-anchBar-application-manageresources-display-component---newResourceUnit--control-anchor"}]}
RESULT: {"script":"<script> [1562 bytes]","args":[{"selector":{"id":"application-manageresources-display-component---newResourceUnit--newRRUPage-anchBar-application-manageresources-display-component---newResourceUnit--control-anchor","interaction":{"idSuffix":"BDI-content"}},"wdio_ui5_key":"applicationmanageresources-display-component---newResourceUnit--newRRUPage-anchBar-application-manageresources-display-component---newResourceUnit--control-anchor"}]}
RESULT: undefined
COMMAND: POST /session/adf199ce321191b0d42bf89d7113c6d5/element - {"using":"xpath","value":"//*[@id=\"application-manageresources-display-component---newResourceUnit--newRRUPage-anchBar-application-manageresources-display-component---newResourceUnit--control-anchor\"]"}
RESULT: {"using":"xpath","value":"//*[@id=\"application-manageresources-display-component---newResourceUnit--newRRUPage-anchBar-application-manageresources-display-component---newResourceUnit--control-anchor\"]"}
COMMAND: POST /session/adf199ce321191b0d42bf89d7113c6d5/element/f.53561D77C6482DD9DDA73AB31B5C064E.d.17E01CA44ECC6DDB4D4CA918EDC91F83.e.1516/click - {}
RESULT: {}
COMMAND: POST /session/adf199ce321191b0d42bf89d7113c6d5/execute/async - {"script":"<script> [1562 bytes]","args":[{"selector":{"id":"application-manageresources-display-component---newResourceUnit--PLANNING_GROUP","interaction":{"idSuffix":"inner"}},"wdio_ui5_key":"applicationmanageresources-display-component---newResourceUnit--PLANNING_GROUP"}]}
COMMAND: GET /session/adf199ce321191b0d42bf89d7113c6d5/screenshot - {}
RESULT: {"script":"<script> [1562 bytes]","args":[{"selector":{"id":"application-manageresources-display-component---newResourceUnit--PLANNING_GROUP","interaction":{"idSuffix":"inner"}},"wdio_ui5_key":"applicationmanageresources-display-component---newResourceUnit--PLANNING_GROUP"}]}
RESULT: undefined
COMMAND: POST /session/adf199ce321191b0d42bf89d7113c6d5/execute/async - {"script":"<script> [776 bytes]","args":[{"enterText":"Heavy Equi","selector":{"id":"application-manageresources-display-component---newResourceUnit--PLANNING_GROUP","interaction":{"idSuffix":"inner"}},"clearTextFirst":true,"interactionType":"ENTER_TEXT"}]}
RESULT: {}
RESULT: {"script":"<script> [776 bytes]","args":[{"enterText":"Heavy Equi","selector":{"id":"application-manageresources-display-component---newResourceUnit--PLANNING_GROUP","interaction":{"idSuffix":"inner"}},"clearTextFirst":true,"interactionType":"ENTER_TEXT"}]}
COMMAND: POST /session/adf199ce321191b0d42bf89d7113c6d5/execute/async - {"script":"<script> [1562 bytes]","args":[{"selector":{"id":"application-manageresources-display-component---newResourceUnit--ITEM_TYPE-arrow"},"wdio_ui5_key":"applicationmanageresources-display-component---newResourceUnit--ITEM_TYPE-arrow"}]}
RESULT: {"script":"<script> [1562 bytes]","args":[{"selector":{"id":"application-manageresources-display-component---newResourceUnit--ITEM_TYPE-arrow"},"wdio_ui5_key":"applicationmanageresources-display-component---newResourceUnit--ITEM_TYPE-arrow"}]}
RESULT: undefined
COMMAND: POST /session/adf199ce321191b0d42bf89d7113c6d5/element - {"using":"xpath","value":"//*[@id=\"application-manageresources-display-component---newResourceUnit--ITEM_TYPE-arrow\"]"}
RESULT: {"using":"xpath","value":"//*[@id=\"application-manageresources-display-component---newResourceUnit--ITEM_TYPE-arrow\"]"}
COMMAND: POST /session/adf199ce321191b0d42bf89d7113c6d5/element/f.53561D77C6482DD9DDA73AB31B5C064E.d.17E01CA44ECC6DDB4D4CA918EDC91F83.e.1523/click - {}
RESULT: {}
COMMAND: POST /session/adf199ce321191b0d42bf89d7113c6d5/element - {"using":"xpath","value":"(//span[contains(text(), \"Resource Unit\")])[2]"}
COMMAND: GET /session/adf199ce321191b0d42bf89d7113c6d5/screenshot - {}
RESULT: {"using":"xpath","value":"(//span[contains(text(), \"Resource Unit\")])[2]"}
COMMAND: POST /session/adf199ce321191b0d42bf89d7113c6d5/element/f.53561D77C6482DD9DDA73AB31B5C064E.d.17E01CA44ECC6DDB4D4CA918EDC91F83.e.1524/click - {}
RESULT: {}
RESULT: {}
COMMAND: GET /session/adf199ce321191b0d42bf89d7113c6d5/screenshot - {}
RESULT: {}
COMMAND: POST /session/adf199ce321191b0d42bf89d7113c6d5/element - {"using":"css selector","value":"#application-manageresources-display-component---newResourceUnit--btnAddTimeSegment"}
RESULT: {"using":"css selector","value":"#application-manageresources-display-component---newResourceUnit--btnAddTimeSegment"}
COMMAND: GET /session/adf199ce321191b0d42bf89d7113c6d5/element/f.53561D77C6482DD9DDA73AB31B5C064E.d.17E01CA44ECC6DDB4D4CA918EDC91F83.e.1525/rect - {}
RESULT: {}
COMMAND: GET /session/adf199ce321191b0d42bf89d7113c6d5/window/rect - {}
RESULT: {}
COMMAND: POST /session/adf199ce321191b0d42bf89d7113c6d5/execute/sync - {"script":"<script> [92 bytes]","args":[]}
RESULT: {"script":"<script> [92 bytes]","args":[]}
COMMAND: POST /session/adf199ce321191b0d42bf89d7113c6d5/actions - {"actions":[{"id":"action3","type":"wheel","parameters":{},"actions":[{"type":"scroll","x":-1888,"y":-32,"deltaX":0,"deltaY":0,"duration":0,"origin":{"element-6066-11e4-a52e-4f735466cecf":"f.53561D77C6482DD9DDA73AB31B5C064E.d.17E01CA44ECC6DDB4D4CA918EDC91F83.e.1525"}}]}]}
COMMAND: GET /session/adf199ce321191b0d42bf89d7113c6d5/screenshot - {}
RESULT: {}
COMMAND: POST /session/adf199ce321191b0d42bf89d7113c6d5/execute/sync - {"script":"<script> [79 bytes]","args":[{"element-6066-11e4-a52e-4f735466cecf":"f.53561D77C6482DD9DDA73AB31B5C064E.d.17E01CA44ECC6DDB4D4CA918EDC91F83.e.1525","ELEMENT":"f.53561D77C6482DD9DDA73AB31B5C064E.d.17E01CA44ECC6DDB4D4CA918EDC91F83.e.1525"},{"block":"start","inline":"nearest"}]}
RESULT: {"script":"<script> [79 bytes]","args":[{"element-6066-11e4-a52e-4f735466cecf":"f.53561D77C6482DD9DDA73AB31B5C064E.d.17E01CA44ECC6DDB4D4CA918EDC91F83.e.1525","ELEMENT":"f.53561D77C6482DD9DDA73AB31B5C064E.d.17E01CA44ECC6DDB4D4CA918EDC91F83.e.1525"},{"block":"start","inline":"nearest"}]}
COMMAND: POST /session/adf199ce321191b0d42bf89d7113c6d5/execute/async - {"script":"<script> [1562 bytes]","args":[{"selector":{"id":"application-manageresources-display-component---newResourceUnit--btnAddTimeSegment","interaction":{"idSuffix":"inner"}},"wdio_ui5_key":"applicationmanageresources-display-component---newResourceUnit--btnAddTimeSegment"}]}
COMMAND: GET /session/adf199ce321191b0d42bf89d7113c6d5/screenshot - {}
RESULT: {"script":"<script> [1562 bytes]","args":[{"selector":{"id":"application-manageresources-display-component---newResourceUnit--btnAddTimeSegment","interaction":{"idSuffix":"inner"}},"wdio_ui5_key":"applicationmanageresources-display-component---newResourceUnit--btnAddTimeSegment"}]}
RESULT: undefined
COMMAND: POST /session/adf199ce321191b0d42bf89d7113c6d5/element - {"using":"xpath","value":"//*[@id=\"application-manageresources-display-component---newResourceUnit--btnAddTimeSegment\"]"}
RESULT: {}
RESULT: {"using":"xpath","value":"//*[@id=\"application-manageresources-display-component---newResourceUnit--btnAddTimeSegment\"]"}
COMMAND: POST /session/adf199ce321191b0d42bf89d7113c6d5/element/f.53561D77C6482DD9DDA73AB31B5C064E.d.17E01CA44ECC6DDB4D4CA918EDC91F83.e.1525/click - {}
RESULT: {}
COMMAND: GET /session/adf199ce321191b0d42bf89d7113c6d5/screenshot - {}
RESULT: {}
COMMAND: POST /session/adf199ce321191b0d42bf89d7113c6d5/element - {"using":"xpath","value":"//input[@id=\"application-manageresources-display-component---newResourceUnit--idRuTSAdmin-application-manageresources-display-component---newResourceUnit--RUTimeSegment-0-inner\"]"}
RESULT: {"using":"xpath","value":"//input[@id=\"application-manageresources-display-component---newResourceUnit--idRuTSAdmin-application-manageresources-display-component---newResourceUnit--RUTimeSegment-0-inner\"]"}
COMMAND: POST /session/adf199ce321191b0d42bf89d7113c6d5/element/f.53561D77C6482DD9DDA73AB31B5C064E.d.17E01CA44ECC6DDB4D4CA918EDC91F83.e.1531/clear - {}
RESULT: {}
COMMAND: POST /session/adf199ce321191b0d42bf89d7113c6d5/element/f.53561D77C6482DD9DDA73AB31B5C064E.d.17E01CA44ECC6DDB4D4CA918EDC91F83.e.1531/value - {"text":"704"}
COMMAND: GET /session/adf199ce321191b0d42bf89d7113c6d5/screenshot - {}
RESULT: {"text":"704"}
COMMAND: GET /session/adf199ce321191b0d42bf89d7113c6d5/screenshot - {}
RESULT: {}
RESULT: {}
COMMAND: POST /session/adf199ce321191b0d42bf89d7113c6d5/element - {"using":"xpath","value":"//li[.//span[text()='704']]"}
RESULT: {"using":"xpath","value":"//li[.//span[text()='704']]"}
COMMAND: POST /session/adf199ce321191b0d42bf89d7113c6d5/element/f.53561D77C6482DD9DDA73AB31B5C064E.d.17E01CA44ECC6DDB4D4CA918EDC91F83.e.1543/click - {}
RESULT: {}
COMMAND: GET /session/adf199ce321191b0d42bf89d7113c6d5/screenshot - {}
RESULT: {}
COMMAND: POST /session/adf199ce321191b0d42bf89d7113c6d5/element - {"using":"xpath","value":"(//span[contains(@id, \"-application-manageresources-display-component---newResourceUnit--RUTimeSegment-0-arrow\")])[6]"}
RESULT: {"using":"xpath","value":"(//span[contains(@id, \"-application-manageresources-display-component---newResourceUnit--RUTimeSegment-0-arrow\")])[6]"}
COMMAND: POST /session/adf199ce321191b0d42bf89d7113c6d5/element/f.53561D77C6482DD9DDA73AB31B5C064E.d.17E01CA44ECC6DDB4D4CA918EDC91F83.e.1544/click - {}
RESULT: {}
COMMAND: POST /session/adf199ce321191b0d42bf89d7113c6d5/element - {"using":"xpath","value":"//span[contains(text(), \"PM Order\")]"}
COMMAND: GET /session/adf199ce321191b0d42bf89d7113c6d5/screenshot - {}
RESULT: {"using":"xpath","value":"//span[contains(text(), \"PM Order\")]"}
COMMAND: POST /session/adf199ce321191b0d42bf89d7113c6d5/element/f.53561D77C6482DD9DDA73AB31B5C064E.d.17E01CA44ECC6DDB4D4CA918EDC91F83.e.1547/click - {}
RESULT: {}
RESULT: {}
COMMAND: GET /session/adf199ce321191b0d42bf89d7113c6d5/screenshot - {}
RESULT: {}
COMMAND: POST /session/adf199ce321191b0d42bf89d7113c6d5/element - {"using":"xpath","value":"(//span[contains(@id ,\"manageresources-display-component---newResourceUnit--RUTimeSegment-0-vhi\")])[2]"}
RESULT: {"using":"xpath","value":"(//span[contains(@id ,\"manageresources-display-component---newResourceUnit--RUTimeSegment-0-vhi\")])[2]"}
COMMAND: POST /session/adf199ce321191b0d42bf89d7113c6d5/element/f.53561D77C6482DD9DDA73AB31B5C064E.d.17E01CA44ECC6DDB4D4CA918EDC91F83.e.1550/click - {}
RESULT: {}
COMMAND: GET /session/adf199ce321191b0d42bf89d7113c6d5/screenshot - {}
RESULT: {}
RESULT: undefined
COMMAND: POST /session/adf199ce321191b0d42bf89d7113c6d5/execute/async - {"script":"<script> [776 bytes]","args":[{"enterText":"4000360","selector":{"controlType":"sap.m.SearchField","properties":{"placeholder":"Search"},"searchOpenDialogs":true,"interaction":{"idSuffix":"I"}},"clearTextFirst":true,"interactionType":"ENTER_TEXT"}]}
RESULT: {"script":"<script> [776 bytes]","args":[{"enterText":"4000360","selector":{"controlType":"sap.m.SearchField","properties":{"placeholder":"Search"},"searchOpenDialogs":true,"interaction":{"idSuffix":"I"}},"clearTextFirst":true,"interactionType":"ENTER_TEXT"}]}
COMMAND: POST /session/adf199ce321191b0d42bf89d7113c6d5/actions - {"actions":[{"id":"action4","type":"key","parameters":{},"actions":[{"type":"keyDown","value":""},{"type":"pause","duration":10},{"type":"keyUp","value":""}]}]}
RESULT: {"actions":[{"id":"action4","type":"key","parameters":{},"actions":[{"type":"keyDown","value":""},{"type":"pause","duration":10},{"type":"keyUp","value":""}]}]}
COMMAND: GET /session/adf199ce321191b0d42bf89d7113c6d5/screenshot - {}
RESULT: {}
COMMAND: POST /session/adf199ce321191b0d42bf89d7113c6d5/element - {"using":"xpath","value":"//td/div/span[contains(text(), \"BGL Vehicles\")]"}
RESULT: {"using":"xpath","value":"//td/div/span[contains(text(), \"BGL Vehicles\")]"}
COMMAND: POST /session/adf199ce321191b0d42bf89d7113c6d5/element/f.53561D77C6482DD9DDA73AB31B5C064E.d.17E01CA44ECC6DDB4D4CA918EDC91F83.e.1557/click - {}
RESULT: {}
COMMAND: GET /session/adf199ce321191b0d42bf89d7113c6d5/screenshot - {}
RESULT: {}
COMMAND: POST /session/adf199ce321191b0d42bf89d7113c6d5/element - {"using":"xpath","value":"//bdi[contains(text(), \"OK\")]"}
RESULT: {"using":"xpath","value":"//bdi[contains(text(), \"OK\")]"}
COMMAND: POST /session/adf199ce321191b0d42bf89d7113c6d5/element/f.53561D77C6482DD9DDA73AB31B5C064E.d.17E01CA44ECC6DDB4D4CA918EDC91F83.e.1559/click - {}
RESULT: {}
COMMAND: GET /session/adf199ce321191b0d42bf89d7113c6d5/screenshot - {}
RESULT: {}
COMMAND: POST /session/adf199ce321191b0d42bf89d7113c6d5/execute/async - {"script":"<script> [1562 bytes]","args":[{"selector":{"id":"application-manageresources-display-component---newResourceUnit--newRRUPage-anchBar-application-manageresources-display-component---newResourceUnit--resource-anchor","interaction":{"idSuffix":"BDI-content"}},"wdio_ui5_key":"applicationmanageresources-display-component---newResourceUnit--newRRUPage-anchBar-application-manageresources-display-component---newResourceUnit--resource-anchor"}]}
RESULT: {"script":"<script> [1562 bytes]","args":[{"selector":{"id":"application-manageresources-display-component---newResourceUnit--newRRUPage-anchBar-application-manageresources-display-component---newResourceUnit--resource-anchor","interaction":{"idSuffix":"BDI-content"}},"wdio_ui5_key":"applicationmanageresources-display-component---newResourceUnit--newRRUPage-anchBar-application-manageresources-display-component---newResourceUnit--resource-anchor"}]}
RESULT: undefined
COMMAND: POST /session/adf199ce321191b0d42bf89d7113c6d5/element - {"using":"xpath","value":"//*[@id=\"application-manageresources-display-component---newResourceUnit--newRRUPage-anchBar-application-manageresources-display-component---newResourceUnit--resource-anchor\"]"}
RESULT: {"using":"xpath","value":"//*[@id=\"application-manageresources-display-component---newResourceUnit--newRRUPage-anchBar-application-manageresources-display-component---newResourceUnit--resource-anchor\"]"}
COMMAND: POST /session/adf199ce321191b0d42bf89d7113c6d5/element/f.53561D77C6482DD9DDA73AB31B5C064E.d.17E01CA44ECC6DDB4D4CA918EDC91F83.e.1563/click - {}
RESULT: {}
COMMAND: POST /session/adf199ce321191b0d42bf89d7113c6d5/execute/async - {"script":"<script> [1562 bytes]","args":[{"selector":{"id":"application-manageresources-display-component---newResourceUnit--PLANNED_DELIVERY_DATE","interaction":{"idSuffix":"inner"}},"wdio_ui5_key":"applicationmanageresources-display-component---newResourceUnit--PLANNED_DELIVERY_DATE"}]}
COMMAND: GET /session/adf199ce321191b0d42bf89d7113c6d5/screenshot - {}
RESULT: {"script":"<script> [1562 bytes]","args":[{"selector":{"id":"application-manageresources-display-component---newResourceUnit--PLANNED_DELIVERY_DATE","interaction":{"idSuffix":"inner"}},"wdio_ui5_key":"applicationmanageresources-display-component---newResourceUnit--PLANNED_DELIVERY_DATE"}]}
RESULT: undefined
COMMAND: POST /session/adf199ce321191b0d42bf89d7113c6d5/execute/async - {"script":"<script> [6424 bytes]","args":[{"element-6066-11e4-a52e-4f735466cecf":"f.53561D77C6482DD9DDA73AB31B5C064E.d.17E01CA44ECC6DDB4D4CA918EDC91F83.e.1439"},"setValue",["4/23/25"]]}
RESULT: {}
RESULT: {"script":"<script> [6424 bytes]","args":[{"element-6066-11e4-a52e-4f735466cecf":"f.53561D77C6482DD9DDA73AB31B5C064E.d.17E01CA44ECC6DDB4D4CA918EDC91F83.e.1439"},"setValue",["4/23/25"]]}
COMMAND: POST /session/adf199ce321191b0d42bf89d7113c6d5/element - {"using":"xpath","value":"//button[@data-kt=\"resourceUnitSaveButton\"]"}
RESULT: {"using":"xpath","value":"//button[@data-kt=\"resourceUnitSaveButton\"]"}
COMMAND: POST /session/adf199ce321191b0d42bf89d7113c6d5/element/f.53561D77C6482DD9DDA73AB31B5C064E.d.17E01CA44ECC6DDB4D4CA918EDC91F83.e.1400/click - {}
RESULT: {}
COMMAND: GET /session/adf199ce321191b0d42bf89d7113c6d5/screenshot - {}
RESULT: {}
COMMAND: POST /session/adf199ce321191b0d42bf89d7113c6d5/element - {"using":"xpath","value":"//bdi[contains(text(), \"Close\")]"}
RESULT: {"using":"xpath","value":"//bdi[contains(text(), \"Close\")]"}
COMMAND: POST /session/adf199ce321191b0d42bf89d7113c6d5/element/f.53561D77C6482DD9DDA73AB31B5C064E.d.17E01CA44ECC6DDB4D4CA918EDC91F83.e.1571/click - {}
RESULT: {}
COMMAND: GET /session/adf199ce321191b0d42bf89d7113c6d5/screenshot - {}
RESULT: {}
COMMAND: POST /session/adf199ce321191b0d42bf89d7113c6d5/element - {"using":"xpath","value":"(//button[contains(@id ,\"actionsToolbar-overflowButton\")])[1]"}
RESULT: {"using":"xpath","value":"(//button[contains(@id ,\"actionsToolbar-overflowButton\")])[1]"}
COMMAND: POST /session/adf199ce321191b0d42bf89d7113c6d5/element/f.53561D77C6482DD9DDA73AB31B5C064E.d.17E01CA44ECC6DDB4D4CA918EDC91F83.e.1626/click - {}
RESULT: {}
COMMAND: GET /session/adf199ce321191b0d42bf89d7113c6d5/screenshot - {}
RESULT: {}
COMMAND: POST /session/adf199ce321191b0d42bf89d7113c6d5/element - {"using":"xpath","value":"//button[@data-kt=\"priceInfoButton\"]"}
RESULT: {"using":"xpath","value":"//button[@data-kt=\"priceInfoButton\"]"}
COMMAND: POST /session/adf199ce321191b0d42bf89d7113c6d5/element/f.53561D77C6482DD9DDA73AB31B5C064E.d.17E01CA44ECC6DDB4D4CA918EDC91F83.e.1628/click - {}
RESULT: {}
COMMAND: GET /session/adf199ce321191b0d42bf89d7113c6d5/screenshot - {}
RESULT: {}
COMMAND: POST /session/adf199ce321191b0d42bf89d7113c6d5/element - {"using":"css selector","value":"#shell-header-logo"}
RESULT: {"using":"css selector","value":"#shell-header-logo"}
COMMAND: POST /session/adf199ce321191b0d42bf89d7113c6d5/element/f.53561D77C6482DD9DDA73AB31B5C064E.d.17E01CA44ECC6DDB4D4CA918EDC91F83.e.1000/click - {}
RESULT: {}
]]></system-out>
    </testcase>
    <testcase classname="chrome.135_0_7049_42.windows.Create_condition_pricing_US117289_US134625" name="Should create new condition" time="69.904">
      <system-out><![CDATA[
COMMAND: POST /session/adf199ce321191b0d42bf89d7113c6d5/execute/async - {"script":"<script> [1562 bytes]","args":[{"selector":{"controlType":"sap.m.Text","properties":{"text":"Manage Conditions & Prices"},"interaction":{"idSuffix":"inner"}},"wdio_ui5_key":"sapm.Text{\"text\":\"Manage Conditions & Prices\"}"}]}
COMMAND: GET /session/adf199ce321191b0d42bf89d7113c6d5/screenshot - {}
RESULT: {"script":"<script> [1562 bytes]","args":[{"selector":{"controlType":"sap.m.Text","properties":{"text":"Manage Conditions & Prices"},"interaction":{"idSuffix":"inner"}},"wdio_ui5_key":"sapm.Text{\"text\":\"Manage Conditions & Prices\"}"}]}
RESULT: undefined
COMMAND: POST /session/adf199ce321191b0d42bf89d7113c6d5/element - {"using":"xpath","value":"//*[@id=\"__tile53-title\"]"}
RESULT: {}
RESULT: {"using":"xpath","value":"//*[@id=\"__tile53-title\"]"}
COMMAND: POST /session/adf199ce321191b0d42bf89d7113c6d5/element/f.53561D77C6482DD9DDA73AB31B5C064E.d.17E01CA44ECC6DDB4D4CA918EDC91F83.e.1706/click - {}
RESULT: {}
COMMAND: POST /session/adf199ce321191b0d42bf89d7113c6d5/element - {"using":"xpath","value":"//button[@aria-label=\"Create\"]"}
COMMAND: GET /session/adf199ce321191b0d42bf89d7113c6d5/screenshot - {}
RESULT: {"using":"xpath","value":"//button[@aria-label=\"Create\"]"}
COMMAND: POST /session/adf199ce321191b0d42bf89d7113c6d5/elements - {"using":"xpath","value":"//button[@aria-label=\"Create\"]"}
RESULT: {}
RESULT: {"using":"xpath","value":"//button[@aria-label=\"Create\"]"}
COMMAND: POST /session/adf199ce321191b0d42bf89d7113c6d5/elements - {"using":"xpath","value":"//button[@aria-label=\"Create\"]"}
RESULT: {"using":"xpath","value":"//button[@aria-label=\"Create\"]"}
COMMAND: POST /session/adf199ce321191b0d42bf89d7113c6d5/elements - {"using":"xpath","value":"//button[@aria-label=\"Create\"]"}
RESULT: {"using":"xpath","value":"//button[@aria-label=\"Create\"]"}
COMMAND: POST /session/adf199ce321191b0d42bf89d7113c6d5/elements - {"using":"xpath","value":"//button[@aria-label=\"Create\"]"}
RESULT: {"using":"xpath","value":"//button[@aria-label=\"Create\"]"}
COMMAND: POST /session/adf199ce321191b0d42bf89d7113c6d5/element - {"using":"xpath","value":"//button[@aria-label=\"Create\"]"}
RESULT: {"using":"xpath","value":"//button[@aria-label=\"Create\"]"}
COMMAND: POST /session/adf199ce321191b0d42bf89d7113c6d5/execute/sync - {"script":"<script> [8489 bytes]","args":[{"element-6066-11e4-a52e-4f735466cecf":"f.53561D77C6482DD9DDA73AB31B5C064E.d.17E01CA44ECC6DDB4D4CA918EDC91F83.e.1741","ELEMENT":"f.53561D77C6482DD9DDA73AB31B5C064E.d.17E01CA44ECC6DDB4D4CA918EDC91F83.e.1741"}]}
RESULT: {"script":"<script> [8489 bytes]","args":[{"element-6066-11e4-a52e-4f735466cecf":"f.53561D77C6482DD9DDA73AB31B5C064E.d.17E01CA44ECC6DDB4D4CA918EDC91F83.e.1741","ELEMENT":"f.53561D77C6482DD9DDA73AB31B5C064E.d.17E01CA44ECC6DDB4D4CA918EDC91F83.e.1741"}]}
COMMAND: GET /session/adf199ce321191b0d42bf89d7113c6d5/element/f.53561D77C6482DD9DDA73AB31B5C064E.d.17E01CA44ECC6DDB4D4CA918EDC91F83.e.1741/enabled - {}
COMMAND: GET /session/adf199ce321191b0d42bf89d7113c6d5/screenshot - {}
RESULT: {}
COMMAND: POST /session/adf199ce321191b0d42bf89d7113c6d5/execute/sync - {"script":"<script> [8489 bytes]","args":[{"element-6066-11e4-a52e-4f735466cecf":"f.53561D77C6482DD9DDA73AB31B5C064E.d.17E01CA44ECC6DDB4D4CA918EDC91F83.e.1741","ELEMENT":"f.53561D77C6482DD9DDA73AB31B5C064E.d.17E01CA44ECC6DDB4D4CA918EDC91F83.e.1741"}]}
COMMAND: GET /session/adf199ce321191b0d42bf89d7113c6d5/screenshot - {}
RESULT: {}
RESULT: {"script":"<script> [8489 bytes]","args":[{"element-6066-11e4-a52e-4f735466cecf":"f.53561D77C6482DD9DDA73AB31B5C064E.d.17E01CA44ECC6DDB4D4CA918EDC91F83.e.1741","ELEMENT":"f.53561D77C6482DD9DDA73AB31B5C064E.d.17E01CA44ECC6DDB4D4CA918EDC91F83.e.1741"}]}
COMMAND: POST /session/adf199ce321191b0d42bf89d7113c6d5/execute/sync - {"script":"<script> [5351 bytes]","args":[{"element-6066-11e4-a52e-4f735466cecf":"f.53561D77C6482DD9DDA73AB31B5C064E.d.17E01CA44ECC6DDB4D4CA918EDC91F83.e.1741","ELEMENT":"f.53561D77C6482DD9DDA73AB31B5C064E.d.17E01CA44ECC6DDB4D4CA918EDC91F83.e.1741"}]}
COMMAND: GET /session/adf199ce321191b0d42bf89d7113c6d5/screenshot - {}
RESULT: {}
RESULT: {"script":"<script> [5351 bytes]","args":[{"element-6066-11e4-a52e-4f735466cecf":"f.53561D77C6482DD9DDA73AB31B5C064E.d.17E01CA44ECC6DDB4D4CA918EDC91F83.e.1741","ELEMENT":"f.53561D77C6482DD9DDA73AB31B5C064E.d.17E01CA44ECC6DDB4D4CA918EDC91F83.e.1741"}]}
COMMAND: POST /session/adf199ce321191b0d42bf89d7113c6d5/element/f.53561D77C6482DD9DDA73AB31B5C064E.d.17E01CA44ECC6DDB4D4CA918EDC91F83.e.1741/click - {}
COMMAND: GET /session/adf199ce321191b0d42bf89d7113c6d5/screenshot - {}
RESULT: {}
RESULT: {}
COMMAND: GET /session/adf199ce321191b0d42bf89d7113c6d5/screenshot - {}
RESULT: {}
RESULT: {}
COMMAND: POST /session/adf199ce321191b0d42bf89d7113c6d5/actions - {"actions":[{"id":"action5","type":"key","parameters":{},"actions":[{"type":"keyDown","value":""},{"type":"pause","duration":10},{"type":"keyUp","value":""}]}]}
RESULT: {"actions":[{"id":"action5","type":"key","parameters":{},"actions":[{"type":"keyDown","value":""},{"type":"pause","duration":10},{"type":"keyUp","value":""}]}]}
COMMAND: GET /session/adf199ce321191b0d42bf89d7113c6d5/screenshot - {}
RESULT: {}
COMMAND: POST /session/adf199ce321191b0d42bf89d7113c6d5/execute/async - {"script":"<script> [1562 bytes]","args":[{"selector":{"id":"application-manageconditionprice-display-component---newCondition--condBillCond-arrow"},"wdio_ui5_key":"applicationmanageconditionprice-display-component---newCondition--condBillCond-arrow"}]}
RESULT: {"script":"<script> [1562 bytes]","args":[{"selector":{"id":"application-manageconditionprice-display-component---newCondition--condBillCond-arrow"},"wdio_ui5_key":"applicationmanageconditionprice-display-component---newCondition--condBillCond-arrow"}]}
RESULT: undefined
COMMAND: POST /session/adf199ce321191b0d42bf89d7113c6d5/element - {"using":"xpath","value":"//*[@id=\"application-manageconditionprice-display-component---newCondition--condBillCond-arrow\"]"}
RESULT: {"using":"xpath","value":"//*[@id=\"application-manageconditionprice-display-component---newCondition--condBillCond-arrow\"]"}
COMMAND: POST /session/adf199ce321191b0d42bf89d7113c6d5/element/f.53561D77C6482DD9DDA73AB31B5C064E.d.17E01CA44ECC6DDB4D4CA918EDC91F83.e.1951/click - {}
RESULT: {}
COMMAND: GET /session/adf199ce321191b0d42bf89d7113c6d5/screenshot - {}
RESULT: {}
COMMAND: POST /session/adf199ce321191b0d42bf89d7113c6d5/element - {"using":"xpath","value":"//li[.//span[contains(text(), \"SAPR - Sales price\")]]"}
RESULT: {"using":"xpath","value":"//li[.//span[contains(text(), \"SAPR - Sales price\")]]"}
COMMAND: POST /session/adf199ce321191b0d42bf89d7113c6d5/element/f.53561D77C6482DD9DDA73AB31B5C064E.d.17E01CA44ECC6DDB4D4CA918EDC91F83.e.1954/click - {}
RESULT: {}
COMMAND: GET /session/adf199ce321191b0d42bf89d7113c6d5/screenshot - {}
RESULT: {}
COMMAND: POST /session/adf199ce321191b0d42bf89d7113c6d5/execute/async - {"script":"<script> [1562 bytes]","args":[{"selector":{"id":"application-manageconditionprice-display-component---newCondition--condValidTo","interaction":{"idSuffix":"inner"}},"wdio_ui5_key":"applicationmanageconditionprice-display-component---newCondition--condValidTo"}]}
RESULT: {"script":"<script> [1562 bytes]","args":[{"selector":{"id":"application-manageconditionprice-display-component---newCondition--condValidTo","interaction":{"idSuffix":"inner"}},"wdio_ui5_key":"applicationmanageconditionprice-display-component---newCondition--condValidTo"}]}
RESULT: undefined
COMMAND: POST /session/adf199ce321191b0d42bf89d7113c6d5/execute/async - {"script":"<script> [776 bytes]","args":[{"enterText":"12/23/25","selector":{"id":"application-manageconditionprice-display-component---newCondition--condValidTo","interaction":{"idSuffix":"inner"}},"clearTextFirst":true,"interactionType":"ENTER_TEXT"}]}
RESULT: {"script":"<script> [776 bytes]","args":[{"enterText":"12/23/25","selector":{"id":"application-manageconditionprice-display-component---newCondition--condValidTo","interaction":{"idSuffix":"inner"}},"clearTextFirst":true,"interactionType":"ENTER_TEXT"}]}
COMMAND: POST /session/adf199ce321191b0d42bf89d7113c6d5/element - {"using":"xpath","value":"//input[@id=\"application-manageconditionprice-display-component---newCondition--condRU-inner\"]"}
RESULT: {"using":"xpath","value":"//input[@id=\"application-manageconditionprice-display-component---newCondition--condRU-inner\"]"}
COMMAND: POST /session/adf199ce321191b0d42bf89d7113c6d5/element/f.53561D77C6482DD9DDA73AB31B5C064E.d.17E01CA44ECC6DDB4D4CA918EDC91F83.e.1816/clear - {}
RESULT: {}
COMMAND: POST /session/adf199ce321191b0d42bf89d7113c6d5/element/f.53561D77C6482DD9DDA73AB31B5C064E.d.17E01CA44ECC6DDB4D4CA918EDC91F83.e.1816/value - {"text":"x2hox9ISwH"}
COMMAND: GET /session/adf199ce321191b0d42bf89d7113c6d5/screenshot - {}
RESULT: {"text":"x2hox9ISwH"}
COMMAND: GET /session/adf199ce321191b0d42bf89d7113c6d5/screenshot - {}
RESULT: {}
RESULT: {}
COMMAND: POST /session/adf199ce321191b0d42bf89d7113c6d5/actions - {"actions":[{"id":"action6","type":"key","parameters":{},"actions":[{"type":"keyDown","value":""},{"type":"pause","duration":10},{"type":"keyUp","value":""}]}]}
RESULT: {"actions":[{"id":"action6","type":"key","parameters":{},"actions":[{"type":"keyDown","value":""},{"type":"pause","duration":10},{"type":"keyUp","value":""}]}]}
COMMAND: POST /session/adf199ce321191b0d42bf89d7113c6d5/execute/async - {"script":"<script> [1562 bytes]","args":[{"selector":{"id":"application-manageconditionprice-display-component---newCondition--condBaseQty","interaction":{"idSuffix":"inner"}},"wdio_ui5_key":"applicationmanageconditionprice-display-component---newCondition--condBaseQty"}]}
COMMAND: GET /session/adf199ce321191b0d42bf89d7113c6d5/screenshot - {}
RESULT: {"script":"<script> [1562 bytes]","args":[{"selector":{"id":"application-manageconditionprice-display-component---newCondition--condBaseQty","interaction":{"idSuffix":"inner"}},"wdio_ui5_key":"applicationmanageconditionprice-display-component---newCondition--condBaseQty"}]}
RESULT: undefined
COMMAND: POST /session/adf199ce321191b0d42bf89d7113c6d5/execute/async - {"script":"<script> [776 bytes]","args":[{"enterText":"1","selector":{"id":"application-manageconditionprice-display-component---newCondition--condBaseQty","interaction":{"idSuffix":"inner"}},"clearTextFirst":true,"interactionType":"ENTER_TEXT"}]}
RESULT: {}
RESULT: {"script":"<script> [776 bytes]","args":[{"enterText":"1","selector":{"id":"application-manageconditionprice-display-component---newCondition--condBaseQty","interaction":{"idSuffix":"inner"}},"clearTextFirst":true,"interactionType":"ENTER_TEXT"}]}
COMMAND: POST /session/adf199ce321191b0d42bf89d7113c6d5/execute/async - {"script":"<script> [1562 bytes]","args":[{"selector":{"id":"application-manageconditionprice-display-component---newCondition--condValue","interaction":{"idSuffix":"inner"}},"wdio_ui5_key":"applicationmanageconditionprice-display-component---newCondition--condValue"}]}
RESULT: {"script":"<script> [1562 bytes]","args":[{"selector":{"id":"application-manageconditionprice-display-component---newCondition--condValue","interaction":{"idSuffix":"inner"}},"wdio_ui5_key":"applicationmanageconditionprice-display-component---newCondition--condValue"}]}
RESULT: undefined
COMMAND: POST /session/adf199ce321191b0d42bf89d7113c6d5/execute/async - {"script":"<script> [776 bytes]","args":[{"enterText":"200","selector":{"id":"application-manageconditionprice-display-component---newCondition--condValue","interaction":{"idSuffix":"inner"}},"clearTextFirst":true,"interactionType":"ENTER_TEXT"}]}
RESULT: {"script":"<script> [776 bytes]","args":[{"enterText":"200","selector":{"id":"application-manageconditionprice-display-component---newCondition--condValue","interaction":{"idSuffix":"inner"}},"clearTextFirst":true,"interactionType":"ENTER_TEXT"}]}
COMMAND: POST /session/adf199ce321191b0d42bf89d7113c6d5/execute/async - {"script":"<script> [1562 bytes]","args":[{"selector":{"id":"application-manageconditionprice-display-component---newCondition--condCurr-arrow"},"wdio_ui5_key":"applicationmanageconditionprice-display-component---newCondition--condCurr-arrow"}]}
RESULT: {"script":"<script> [1562 bytes]","args":[{"selector":{"id":"application-manageconditionprice-display-component---newCondition--condCurr-arrow"},"wdio_ui5_key":"applicationmanageconditionprice-display-component---newCondition--condCurr-arrow"}]}
RESULT: undefined
COMMAND: POST /session/adf199ce321191b0d42bf89d7113c6d5/element - {"using":"xpath","value":"//*[@id=\"application-manageconditionprice-display-component---newCondition--condCurr-arrow\"]"}
RESULT: {"using":"xpath","value":"//*[@id=\"application-manageconditionprice-display-component---newCondition--condCurr-arrow\"]"}
COMMAND: POST /session/adf199ce321191b0d42bf89d7113c6d5/element/f.53561D77C6482DD9DDA73AB31B5C064E.d.17E01CA44ECC6DDB4D4CA918EDC91F83.e.1933/click - {}
RESULT: {}
COMMAND: POST /session/adf199ce321191b0d42bf89d7113c6d5/element - {"using":"xpath","value":"//span[contains(text(), \"Euro\")]"}
COMMAND: GET /session/adf199ce321191b0d42bf89d7113c6d5/screenshot - {}
RESULT: {"using":"xpath","value":"//span[contains(text(), \"Euro\")]"}
COMMAND: POST /session/adf199ce321191b0d42bf89d7113c6d5/element/f.53561D77C6482DD9DDA73AB31B5C064E.d.17E01CA44ECC6DDB4D4CA918EDC91F83.e.1994/click - {}
RESULT: {}
RESULT: {}
COMMAND: POST /session/adf199ce321191b0d42bf89d7113c6d5/element - {"using":"xpath","value":"//button[@data-kt=\"saveButton\"]"}
COMMAND: GET /session/adf199ce321191b0d42bf89d7113c6d5/screenshot - {}
RESULT: {"using":"xpath","value":"//button[@data-kt=\"saveButton\"]"}
COMMAND: POST /session/adf199ce321191b0d42bf89d7113c6d5/element/f.53561D77C6482DD9DDA73AB31B5C064E.d.17E01CA44ECC6DDB4D4CA918EDC91F83.e.1934/click - {}
RESULT: {}
RESULT: {}
COMMAND: GET /session/adf199ce321191b0d42bf89d7113c6d5/screenshot - {}
RESULT: {}
COMMAND: POST /session/adf199ce321191b0d42bf89d7113c6d5/execute/async - {"script":"<script> [1562 bytes]","args":[{"selector":{"id":"application-manageconditionprice-display-component---conditions--smartFilterBar-btnBasicSearch","interaction":{"idSuffix":"I"}},"wdio_ui5_key":"applicationmanageconditionprice-display-component---conditions--smartFilterBar-btnBasicSearch"}]}
RESULT: {"script":"<script> [1562 bytes]","args":[{"selector":{"id":"application-manageconditionprice-display-component---conditions--smartFilterBar-btnBasicSearch","interaction":{"idSuffix":"I"}},"wdio_ui5_key":"applicationmanageconditionprice-display-component---conditions--smartFilterBar-btnBasicSearch"}]}
RESULT: undefined
COMMAND: POST /session/adf199ce321191b0d42bf89d7113c6d5/execute/async - {"script":"<script> [776 bytes]","args":[{"enterText":"x2hox9ISwH","selector":{"id":"application-manageconditionprice-display-component---conditions--smartFilterBar-btnBasicSearch","interaction":{"idSuffix":"I"}},"clearTextFirst":true,"interactionType":"ENTER_TEXT"}]}
RESULT: {"script":"<script> [776 bytes]","args":[{"enterText":"x2hox9ISwH","selector":{"id":"application-manageconditionprice-display-component---conditions--smartFilterBar-btnBasicSearch","interaction":{"idSuffix":"I"}},"clearTextFirst":true,"interactionType":"ENTER_TEXT"}]}
COMMAND: POST /session/adf199ce321191b0d42bf89d7113c6d5/actions - {"actions":[{"id":"action7","type":"key","parameters":{},"actions":[{"type":"keyDown","value":""},{"type":"pause","duration":10},{"type":"keyUp","value":""}]}]}
RESULT: {"actions":[{"id":"action7","type":"key","parameters":{},"actions":[{"type":"keyDown","value":""},{"type":"pause","duration":10},{"type":"keyUp","value":""}]}]}
COMMAND: GET /session/adf199ce321191b0d42bf89d7113c6d5/screenshot - {}
RESULT: {}
COMMAND: POST /session/adf199ce321191b0d42bf89d7113c6d5/execute/async - {"script":"<script> [1562 bytes]","args":[{"selector":{"id":"application-manageconditionprice-display-component---conditions--smartFilterBar-filterItemControl_BASIC-BILL_TYPES-vhi"},"wdio_ui5_key":"applicationmanageconditionprice-display-component---conditions--smartFilterBar-filterItemControl_BASIC-BILL_TYPES-vhi"}]}
RESULT: {"script":"<script> [1562 bytes]","args":[{"selector":{"id":"application-manageconditionprice-display-component---conditions--smartFilterBar-filterItemControl_BASIC-BILL_TYPES-vhi"},"wdio_ui5_key":"applicationmanageconditionprice-display-component---conditions--smartFilterBar-filterItemControl_BASIC-BILL_TYPES-vhi"}]}
RESULT: undefined
COMMAND: POST /session/adf199ce321191b0d42bf89d7113c6d5/element - {"using":"xpath","value":"//*[@id=\"application-manageconditionprice-display-component---conditions--smartFilterBar-filterItemControl_BASIC-BILL_TYPES-vhi\"]"}
RESULT: {"using":"xpath","value":"//*[@id=\"application-manageconditionprice-display-component---conditions--smartFilterBar-filterItemControl_BASIC-BILL_TYPES-vhi\"]"}
COMMAND: POST /session/adf199ce321191b0d42bf89d7113c6d5/element/f.53561D77C6482DD9DDA73AB31B5C064E.d.17E01CA44ECC6DDB4D4CA918EDC91F83.e.2010/click - {}
RESULT: {}
COMMAND: POST /session/adf199ce321191b0d42bf89d7113c6d5/execute/async - {"script":"<script> [1562 bytes]","args":[{"selector":{"id":"application-manageconditionprice-display-component---conditions--smartFilterBar-filterItemControl_BASIC-BILL_TYPES-valueHelpDialog-smartFilterBar-btnBasicSearch","searchOpenDialogs":true,"interaction":{"idSuffix":"I"}},"wdio_ui5_key":"applicationmanageconditionprice-display-component---conditions--smartFilterBar-filterItemControl_BASIC-BILL_TYPES-valueHelpDialog-smartFilterBar-btnBasicSearch"}]}
COMMAND: GET /session/adf199ce321191b0d42bf89d7113c6d5/screenshot - {}
RESULT: {"script":"<script> [1562 bytes]","args":[{"selector":{"id":"application-manageconditionprice-display-component---conditions--smartFilterBar-filterItemControl_BASIC-BILL_TYPES-valueHelpDialog-smartFilterBar-btnBasicSearch","searchOpenDialogs":true,"interaction":{"idSuffix":"I"}},"wdio_ui5_key":"applicationmanageconditionprice-display-component---conditions--smartFilterBar-filterItemControl_BASIC-BILL_TYPES-valueHelpDialog-smartFilterBar-btnBasicSearch"}]}
RESULT: undefined
COMMAND: POST /session/adf199ce321191b0d42bf89d7113c6d5/execute/async - {"script":"<script> [776 bytes]","args":[{"enterText":"one","selector":{"id":"application-manageconditionprice-display-component---conditions--smartFilterBar-filterItemControl_BASIC-BILL_TYPES-valueHelpDialog-smartFilterBar-btnBasicSearch","searchOpenDialogs":true,"interaction":{"idSuffix":"I"}},"clearTextFirst":true,"interactionType":"ENTER_TEXT"}]}
RESULT: {}
RESULT: {"script":"<script> [776 bytes]","args":[{"enterText":"one","selector":{"id":"application-manageconditionprice-display-component---conditions--smartFilterBar-filterItemControl_BASIC-BILL_TYPES-valueHelpDialog-smartFilterBar-btnBasicSearch","searchOpenDialogs":true,"interaction":{"idSuffix":"I"}},"clearTextFirst":true,"interactionType":"ENTER_TEXT"}]}
COMMAND: POST /session/adf199ce321191b0d42bf89d7113c6d5/actions - {"actions":[{"id":"action8","type":"key","parameters":{},"actions":[{"type":"keyDown","value":""},{"type":"pause","duration":10},{"type":"keyUp","value":""}]}]}
RESULT: {"actions":[{"id":"action8","type":"key","parameters":{},"actions":[{"type":"keyDown","value":""},{"type":"pause","duration":10},{"type":"keyUp","value":""}]}]}
COMMAND: GET /session/adf199ce321191b0d42bf89d7113c6d5/screenshot - {}
RESULT: {}
COMMAND: POST /session/adf199ce321191b0d42bf89d7113c6d5/element - {"using":"xpath","value":"//div[contains(@id, 'application-manageconditionprice-display-component---conditions--smartFilterBar-filterItemControl_BASIC-BILL_TYPES-valueHelpDialog-table-rowsel0')]"}
RESULT: {"using":"xpath","value":"//div[contains(@id, 'application-manageconditionprice-display-component---conditions--smartFilterBar-filterItemControl_BASIC-BILL_TYPES-valueHelpDialog-table-rowsel0')]"}
COMMAND: POST /session/adf199ce321191b0d42bf89d7113c6d5/element/f.53561D77C6482DD9DDA73AB31B5C064E.d.17E01CA44ECC6DDB4D4CA918EDC91F83.e.2020/click - {}
RESULT: {}
COMMAND: GET /session/adf199ce321191b0d42bf89d7113c6d5/screenshot - {}
RESULT: {}
COMMAND: POST /session/adf199ce321191b0d42bf89d7113c6d5/element - {"using":"xpath","value":"//bdi[contains(text(), \"OK\")]"}
RESULT: {"using":"xpath","value":"//bdi[contains(text(), \"OK\")]"}
COMMAND: POST /session/adf199ce321191b0d42bf89d7113c6d5/element/f.53561D77C6482DD9DDA73AB31B5C064E.d.17E01CA44ECC6DDB4D4CA918EDC91F83.e.2022/click - {}
RESULT: {}
COMMAND: GET /session/adf199ce321191b0d42bf89d7113c6d5/screenshot - {}
RESULT: {}
COMMAND: POST /session/adf199ce321191b0d42bf89d7113c6d5/element - {"using":"xpath","value":"//span[@id=\"application-manageconditionprice-display-component---conditions--smartTable-header-inner\"]"}
RESULT: {"using":"xpath","value":"//span[@id=\"application-manageconditionprice-display-component---conditions--smartTable-header-inner\"]"}
COMMAND: POST /session/adf199ce321191b0d42bf89d7113c6d5/elements - {"using":"xpath","value":"//span[@id=\"application-manageconditionprice-display-component---conditions--smartTable-header-inner\"]"}
RESULT: {"using":"xpath","value":"//span[@id=\"application-manageconditionprice-display-component---conditions--smartTable-header-inner\"]"}
COMMAND: POST /session/adf199ce321191b0d42bf89d7113c6d5/execute/sync - {"script":"<script> [56 bytes]","args":[{"element-6066-11e4-a52e-4f735466cecf":"f.53561D77C6482DD9DDA73AB31B5C064E.d.17E01CA44ECC6DDB4D4CA918EDC91F83.e.2025","ELEMENT":"f.53561D77C6482DD9DDA73AB31B5C064E.d.17E01CA44ECC6DDB4D4CA918EDC91F83.e.2025"}]}
RESULT: {"script":"<script> [56 bytes]","args":[{"element-6066-11e4-a52e-4f735466cecf":"f.53561D77C6482DD9DDA73AB31B5C064E.d.17E01CA44ECC6DDB4D4CA918EDC91F83.e.2025","ELEMENT":"f.53561D77C6482DD9DDA73AB31B5C064E.d.17E01CA44ECC6DDB4D4CA918EDC91F83.e.2025"}]}
COMMAND: POST /session/adf199ce321191b0d42bf89d7113c6d5/element - {"using":"css selector","value":"#shell-header-logo"}
COMMAND: GET /session/adf199ce321191b0d42bf89d7113c6d5/screenshot - {}
RESULT: {"using":"css selector","value":"#shell-header-logo"}
COMMAND: POST /session/adf199ce321191b0d42bf89d7113c6d5/element/f.53561D77C6482DD9DDA73AB31B5C064E.d.17E01CA44ECC6DDB4D4CA918EDC91F83.e.1708/click - {}
RESULT: {}
RESULT: {}
COMMAND: GET /session/adf199ce321191b0d42bf89d7113c6d5/screenshot - {}
RESULT: {}
COMMAND: POST /session/adf199ce321191b0d42bf89d7113c6d5/element - {"using":"css selector","value":"#j_username"}
COMMAND: POST /session/adf199ce321191b0d42bf89d7113c6d5/url - {"url":"https://qa-testing-00-live-etm-ui.cfapps.eu10-004.hana.ondemand.com/"}
RESULT: {"url":"https://qa-testing-00-live-etm-ui.cfapps.eu10-004.hana.ondemand.com/"}
RESULT: undefined
COMMAND: GET /session/adf199ce321191b0d42bf89d7113c6d5/screenshot - {}
RESULT: {"using":"css selector","value":"#j_username"}
COMMAND: POST /session/adf199ce321191b0d42bf89d7113c6d5/element - {"using":"css selector","value":"#j_username"}
RESULT: {}
RESULT: {"using":"css selector","value":"#j_username"}
COMMAND: POST /session/adf199ce321191b0d42bf89d7113c6d5/element - {"using":"css selector","value":"#shell-header-logo"}
RESULT: {"using":"css selector","value":"#shell-header-logo"}
COMMAND: POST /session/adf199ce321191b0d42bf89d7113c6d5/execute/sync - {"script":"<script> [8489 bytes]","args":[{"element-6066-11e4-a52e-4f735466cecf":"f.53561D77C6482DD9DDA73AB31B5C064E.d.8DAFC88CB45CCBA087D9DA93C74394E7.e.2036","ELEMENT":"f.53561D77C6482DD9DDA73AB31B5C064E.d.8DAFC88CB45CCBA087D9DA93C74394E7.e.2036"}]}
RESULT: {"script":"<script> [8489 bytes]","args":[{"element-6066-11e4-a52e-4f735466cecf":"f.53561D77C6482DD9DDA73AB31B5C064E.d.8DAFC88CB45CCBA087D9DA93C74394E7.e.2036","ELEMENT":"f.53561D77C6482DD9DDA73AB31B5C064E.d.8DAFC88CB45CCBA087D9DA93C74394E7.e.2036"}]}
COMMAND: POST /session/adf199ce321191b0d42bf89d7113c6d5/element - {"using":"css selector","value":"#shell-header-logo"}
COMMAND: GET /session/adf199ce321191b0d42bf89d7113c6d5/screenshot - {}
RESULT: {"using":"css selector","value":"#shell-header-logo"}
COMMAND: POST /session/adf199ce321191b0d42bf89d7113c6d5/execute/sync - {"script":"<script> [8489 bytes]","args":[{"element-6066-11e4-a52e-4f735466cecf":"f.53561D77C6482DD9DDA73AB31B5C064E.d.8DAFC88CB45CCBA087D9DA93C74394E7.e.2036","ELEMENT":"f.53561D77C6482DD9DDA73AB31B5C064E.d.8DAFC88CB45CCBA087D9DA93C74394E7.e.2036"}]}
RESULT: {}
RESULT: {"script":"<script> [8489 bytes]","args":[{"element-6066-11e4-a52e-4f735466cecf":"f.53561D77C6482DD9DDA73AB31B5C064E.d.8DAFC88CB45CCBA087D9DA93C74394E7.e.2036","ELEMENT":"f.53561D77C6482DD9DDA73AB31B5C064E.d.8DAFC88CB45CCBA087D9DA93C74394E7.e.2036"}]}
COMMAND: POST /session/adf199ce321191b0d42bf89d7113c6d5/execute/sync - {"script":"<script> [5351 bytes]","args":[{"element-6066-11e4-a52e-4f735466cecf":"f.53561D77C6482DD9DDA73AB31B5C064E.d.8DAFC88CB45CCBA087D9DA93C74394E7.e.2036","ELEMENT":"f.53561D77C6482DD9DDA73AB31B5C064E.d.8DAFC88CB45CCBA087D9DA93C74394E7.e.2036"}]}
COMMAND: GET /session/adf199ce321191b0d42bf89d7113c6d5/screenshot - {}
RESULT: {"script":"<script> [5351 bytes]","args":[{"element-6066-11e4-a52e-4f735466cecf":"f.53561D77C6482DD9DDA73AB31B5C064E.d.8DAFC88CB45CCBA087D9DA93C74394E7.e.2036","ELEMENT":"f.53561D77C6482DD9DDA73AB31B5C064E.d.8DAFC88CB45CCBA087D9DA93C74394E7.e.2036"}]}
COMMAND: POST /session/adf199ce321191b0d42bf89d7113c6d5/element - {"using":"css selector","value":"#shell-header-logo"}
COMMAND: GET /session/adf199ce321191b0d42bf89d7113c6d5/screenshot - {}
RESULT: {}
RESULT: {"using":"css selector","value":"#shell-header-logo"}
COMMAND: POST /session/adf199ce321191b0d42bf89d7113c6d5/element/f.53561D77C6482DD9DDA73AB31B5C064E.d.8DAFC88CB45CCBA087D9DA93C74394E7.e.2036/click - {}
RESULT: {}
RESULT: {}
COMMAND: GET /session/adf199ce321191b0d42bf89d7113c6d5/screenshot - {}
RESULT: {}
COMMAND: POST /session/adf199ce321191b0d42bf89d7113c6d5/execute/async - {"script":"<script> [189 bytes]","args":[]}
RESULT: {"script":"<script> [189 bytes]","args":[]}
COMMAND: POST /session/adf199ce321191b0d42bf89d7113c6d5/execute/async - {"script":"<script> [123 bytes]","args":[]}
RESULT: {"script":"<script> [123 bytes]","args":[]}
COMMAND: POST /session/adf199ce321191b0d42bf89d7113c6d5/timeouts - {"script":"<number>"}
RESULT: {"script":"<number>"}
COMMAND: GET /session/adf199ce321191b0d42bf89d7113c6d5/timeouts - {}
RESULT: {}
RESULT: undefined
COMMAND: POST /session/adf199ce321191b0d42bf89d7113c6d5/execute/async - {"script":"<script> [2676 bytes]","args":[]}
RESULT: {"script":"<script> [2676 bytes]","args":[]}
COMMAND: POST /session/adf199ce321191b0d42bf89d7113c6d5/execute/async - {"script":"<script> [2342 bytes]","args":[{"protocol":"http","hostname":"0.0.0.0","path":"/","capabilities":{"browserName":"chrome","goog:chromeOptions":{"binary":"C:\\Program Files\\Google\\Chrome\\Application\\chrome.exe","args":["--start-maximized"]}},"logLevel":"warn","connectionRetryTimeout":120000,"connectionRetryCount":3,"logLevels":{},"enableDirectConnect":true,"strictSSL":true,"_":"65 more keys: [\"cacheDir\",\"port\",\"requestedCapabilities\",\"automationProtocol\",\"baseUrl\",\"waitforInterval\",\"waitforTimeout\",\"onReload\",\"beforeCommand\",\"afterCommand\",\"rootDir\",\"specs\",\"suites\",\"exclude\",\"groupLogsByTestSpec\",\"excludeDriverLogs\",\"bail\",\"framework\",\"reporters\",\"services\",\"maxInstances\",\"maxInstancesPerCapability\",\"injectGlobals\",\"filesToWatch\",\"execArgv\",\"runnerEnv\",\"runner\",\"shard\",\"specFileRetries\",\"specFileRetriesDelay\",\"specFileRetriesDeferred\",\"reporterSyncInterval\",\"reporterSyncTimeout\",\"cucumberFeaturesWithLineNumbers\",\"autoCompileOpts\",\"mochaOpts\",\"jasmineOpts\",\"cucumberOpts\",\"onPrepare\",\"onWorkerStart\",\"onWorkerEnd\",\"before\",\"beforeSession\",\"beforeSuite\",\"beforeHook\",\"beforeTest\",\"afterTest\",\"afterHook\",\"afterSuite\",\"afterSession\",\"after\",\"onComplete\",\"beforeAssertion\",\"afterAssertion\",\"beforeFeature\",\"beforeScenario\",\"beforeStep\",\"afterStep\",\"afterScenario\",\"afterFeature\",\"_\",\"suite\",\"$0\",\"ignoredWorkerServices\",\"wdi5\"]"}]}
RESULT: {"script":"<script> [2342 bytes]","args":[{"protocol":"http","hostname":"0.0.0.0","path":"/","capabilities":{"browserName":"chrome","goog:chromeOptions":{"binary":"C:\\Program Files\\Google\\Chrome\\Application\\chrome.exe","args":["--start-maximized"]}},"logLevel":"warn","connectionRetryTimeout":120000,"connectionRetryCount":3,"logLevels":{},"enableDirectConnect":true,"strictSSL":true,"_":"65 more keys: [\"cacheDir\",\"port\",\"requestedCapabilities\",\"automationProtocol\",\"baseUrl\",\"waitforInterval\",\"waitforTimeout\",\"onReload\",\"beforeCommand\",\"afterCommand\",\"rootDir\",\"specs\",\"suites\",\"exclude\",\"groupLogsByTestSpec\",\"excludeDriverLogs\",\"bail\",\"framework\",\"reporters\",\"services\",\"maxInstances\",\"maxInstancesPerCapability\",\"injectGlobals\",\"filesToWatch\",\"execArgv\",\"runnerEnv\",\"runner\",\"shard\",\"specFileRetries\",\"specFileRetriesDelay\",\"specFileRetriesDeferred\",\"reporterSyncInterval\",\"reporterSyncTimeout\",\"cucumberFeaturesWithLineNumbers\",\"autoCompileOpts\",\"mochaOpts\",\"jasmineOpts\",\"cucumberOpts\",\"onPrepare\",\"onWorkerStart\",\"onWorkerEnd\",\"before\",\"beforeSession\",\"beforeSuite\",\"beforeHook\",\"beforeTest\",\"afterTest\",\"afterHook\",\"afterSuite\",\"afterSession\",\"after\",\"onComplete\",\"beforeAssertion\",\"afterAssertion\",\"beforeFeature\",\"beforeScenario\",\"beforeStep\",\"afterStep\",\"afterScenario\",\"afterFeature\",\"_\",\"suite\",\"$0\",\"ignoredWorkerServices\",\"wdi5\"]"}]}
COMMAND: POST /session/adf199ce321191b0d42bf89d7113c6d5/execute/async - {"script":"<script> [21126 bytes]","args":[35000]}
RESULT: {"script":"<script> [21126 bytes]","args":[35000]}
COMMAND: POST /session/adf199ce321191b0d42bf89d7113c6d5/window/maximize - {}
RESULT: {}
COMMAND: POST /session/adf199ce321191b0d42bf89d7113c6d5/execute/async - {"script":"<script> [1562 bytes]","args":[{"selector":{"id":"shell-header","interaction":{"idSuffix":"icon"}},"wdio_ui5_key":"shellheader"}]}
COMMAND: GET /session/adf199ce321191b0d42bf89d7113c6d5/screenshot - {}
RESULT: {"script":"<script> [1562 bytes]","args":[{"selector":{"id":"shell-header","interaction":{"idSuffix":"icon"}},"wdio_ui5_key":"shellheader"}]}
RESULT: undefined
COMMAND: POST /session/adf199ce321191b0d42bf89d7113c6d5/refresh - {}
RESULT: {}
RESULT: {}
COMMAND: GET /session/adf199ce321191b0d42bf89d7113c6d5/screenshot - {}
RESULT: {}
COMMAND: POST /session/adf199ce321191b0d42bf89d7113c6d5/refresh - {}
RESULT: {}
COMMAND: GET /session/adf199ce321191b0d42bf89d7113c6d5/screenshot - {}
RESULT: {}
COMMAND: POST /session/adf199ce321191b0d42bf89d7113c6d5/window/fullscreen - {}
RESULT: {}
COMMAND: POST /session/adf199ce321191b0d42bf89d7113c6d5/execute/async - {"script":"<script> [189 bytes]","args":[]}
RESULT: {"script":"<script> [189 bytes]","args":[]}
COMMAND: POST /session/adf199ce321191b0d42bf89d7113c6d5/execute/async - {"script":"<script> [123 bytes]","args":[]}
RESULT: {"script":"<script> [123 bytes]","args":[]}
COMMAND: POST /session/adf199ce321191b0d42bf89d7113c6d5/timeouts - {"script":"<number>"}
RESULT: {"script":"<number>"}
COMMAND: GET /session/adf199ce321191b0d42bf89d7113c6d5/timeouts - {}
RESULT: {}
RESULT: undefined
COMMAND: POST /session/adf199ce321191b0d42bf89d7113c6d5/execute/async - {"script":"<script> [2676 bytes]","args":[]}
RESULT: {"script":"<script> [2676 bytes]","args":[]}
COMMAND: POST /session/adf199ce321191b0d42bf89d7113c6d5/execute/async - {"script":"<script> [2342 bytes]","args":[{"protocol":"http","hostname":"0.0.0.0","path":"/","capabilities":{"browserName":"chrome","goog:chromeOptions":{"binary":"C:\\Program Files\\Google\\Chrome\\Application\\chrome.exe","args":["--start-maximized"]}},"logLevel":"warn","connectionRetryTimeout":120000,"connectionRetryCount":3,"logLevels":{},"enableDirectConnect":true,"strictSSL":true,"_":"65 more keys: [\"cacheDir\",\"port\",\"requestedCapabilities\",\"automationProtocol\",\"baseUrl\",\"waitforInterval\",\"waitforTimeout\",\"onReload\",\"beforeCommand\",\"afterCommand\",\"rootDir\",\"specs\",\"suites\",\"exclude\",\"groupLogsByTestSpec\",\"excludeDriverLogs\",\"bail\",\"framework\",\"reporters\",\"services\",\"maxInstances\",\"maxInstancesPerCapability\",\"injectGlobals\",\"filesToWatch\",\"execArgv\",\"runnerEnv\",\"runner\",\"shard\",\"specFileRetries\",\"specFileRetriesDelay\",\"specFileRetriesDeferred\",\"reporterSyncInterval\",\"reporterSyncTimeout\",\"cucumberFeaturesWithLineNumbers\",\"autoCompileOpts\",\"mochaOpts\",\"jasmineOpts\",\"cucumberOpts\",\"onPrepare\",\"onWorkerStart\",\"onWorkerEnd\",\"before\",\"beforeSession\",\"beforeSuite\",\"beforeHook\",\"beforeTest\",\"afterTest\",\"afterHook\",\"afterSuite\",\"afterSession\",\"after\",\"onComplete\",\"beforeAssertion\",\"afterAssertion\",\"beforeFeature\",\"beforeScenario\",\"beforeStep\",\"afterStep\",\"afterScenario\",\"afterFeature\",\"_\",\"suite\",\"$0\",\"ignoredWorkerServices\",\"wdi5\"]"}]}
RESULT: {"script":"<script> [2342 bytes]","args":[{"protocol":"http","hostname":"0.0.0.0","path":"/","capabilities":{"browserName":"chrome","goog:chromeOptions":{"binary":"C:\\Program Files\\Google\\Chrome\\Application\\chrome.exe","args":["--start-maximized"]}},"logLevel":"warn","connectionRetryTimeout":120000,"connectionRetryCount":3,"logLevels":{},"enableDirectConnect":true,"strictSSL":true,"_":"65 more keys: [\"cacheDir\",\"port\",\"requestedCapabilities\",\"automationProtocol\",\"baseUrl\",\"waitforInterval\",\"waitforTimeout\",\"onReload\",\"beforeCommand\",\"afterCommand\",\"rootDir\",\"specs\",\"suites\",\"exclude\",\"groupLogsByTestSpec\",\"excludeDriverLogs\",\"bail\",\"framework\",\"reporters\",\"services\",\"maxInstances\",\"maxInstancesPerCapability\",\"injectGlobals\",\"filesToWatch\",\"execArgv\",\"runnerEnv\",\"runner\",\"shard\",\"specFileRetries\",\"specFileRetriesDelay\",\"specFileRetriesDeferred\",\"reporterSyncInterval\",\"reporterSyncTimeout\",\"cucumberFeaturesWithLineNumbers\",\"autoCompileOpts\",\"mochaOpts\",\"jasmineOpts\",\"cucumberOpts\",\"onPrepare\",\"onWorkerStart\",\"onWorkerEnd\",\"before\",\"beforeSession\",\"beforeSuite\",\"beforeHook\",\"beforeTest\",\"afterTest\",\"afterHook\",\"afterSuite\",\"afterSession\",\"after\",\"onComplete\",\"beforeAssertion\",\"afterAssertion\",\"beforeFeature\",\"beforeScenario\",\"beforeStep\",\"afterStep\",\"afterScenario\",\"afterFeature\",\"_\",\"suite\",\"$0\",\"ignoredWorkerServices\",\"wdi5\"]"}]}
COMMAND: POST /session/adf199ce321191b0d42bf89d7113c6d5/execute/async - {"script":"<script> [21126 bytes]","args":[35000]}
RESULT: {"script":"<script> [21126 bytes]","args":[35000]}
]]></system-out>
    </testcase>
  </testsuite>
  <testsuite timestamp="2025-04-23T06:43:30" time="139.152" tests="3" failures="0" errors="0" skipped="0">
    <properties>
      <property name="specId" value="0"/>
      <property name="suiteName" value="Set up pricing rule(OT) 104624"/>
      <property name="capabilities" value="chrome.135_0_7049_42.windows"/>
      <property name="file" value="file:///D:/a/1/s/test/specs/BTS/create-pricing-rule.spec.js"/>
    </properties>
    <testcase classname="chrome.135_0_7049_42.windows.Set_up_pricing_rule(OT)_104624" name="Should create a new yard used for all following tests" time="0.032">
      <system-out><![CDATA[
COMMAND: POST /session/adf199ce321191b0d42bf89d7113c6d5/window/fullscreen - {}
RESULT: {}
]]></system-out>
    </testcase>
    <testcase classname="chrome.135_0_7049_42.windows.Set_up_pricing_rule(OT)_104624" name="Should create a new equipment used for all following tests" time="0.004"/>
    <testcase classname="chrome.135_0_7049_42.windows.Set_up_pricing_rule(OT)_104624" name="Should create new pricing rule on the created resource from earlier module or above" time="84.622">
      <system-out><![CDATA[
COMMAND: POST /session/adf199ce321191b0d42bf89d7113c6d5/execute/async - {"script":"<script> [1562 bytes]","args":[{"selector":{"controlType":"sap.m.Text","properties":{"text":"Manage Pricing Rules"},"interaction":{"idSuffix":"inner"}},"wdio_ui5_key":"sapm.Text{\"text\":\"Manage Pricing Rules\"}"}]}
RESULT: {"script":"<script> [1562 bytes]","args":[{"selector":{"controlType":"sap.m.Text","properties":{"text":"Manage Pricing Rules"},"interaction":{"idSuffix":"inner"}},"wdio_ui5_key":"sapm.Text{\"text\":\"Manage Pricing Rules\"}"}]}
RESULT: undefined
COMMAND: POST /session/adf199ce321191b0d42bf89d7113c6d5/element - {"using":"xpath","value":"//*[@id=\"__tile55-title\"]"}
RESULT: {"using":"xpath","value":"//*[@id=\"__tile55-title\"]"}
COMMAND: POST /session/adf199ce321191b0d42bf89d7113c6d5/element/f.53561D77C6482DD9DDA73AB31B5C064E.d.09EB1580AAF3939FB64DEE41E1950172.e.2303/click - {}
RESULT: {}
COMMAND: POST /session/adf199ce321191b0d42bf89d7113c6d5/execute/async - {"script":"<script> [1562 bytes]","args":[{"selector":{"controlType":"sap.ui.core.Icon","viewName":"etm.portal.ui.managepricingrules.view.MasterHeader","viewId":"application-managepricingrules-display-component---priceInfoHeader","properties":{"src":{"regex":{"source":"activity\\-items"}}}},"wdio_ui5_key":"etmportal.ui.managepricingrules.view.MasterHeadersap.ui.core.Icon{\"src\":{\"regex\":{\"source\":\"activity\\\\-items\"}}}"}]}
COMMAND: GET /session/adf199ce321191b0d42bf89d7113c6d5/screenshot - {}
RESULT: {"script":"<script> [1562 bytes]","args":[{"selector":{"controlType":"sap.ui.core.Icon","viewName":"etm.portal.ui.managepricingrules.view.MasterHeader","viewId":"application-managepricingrules-display-component---priceInfoHeader","properties":{"src":{"regex":{"source":"activity\\-items"}}}},"wdio_ui5_key":"etmportal.ui.managepricingrules.view.MasterHeadersap.ui.core.Icon{\"src\":{\"regex\":{\"source\":\"activity\\\\-items\"}}}"}]}
RESULT: undefined
COMMAND: POST /session/adf199ce321191b0d42bf89d7113c6d5/element - {"using":"xpath","value":"//*[@id=\"__filter1-icon\"]"}
RESULT: {}
RESULT: {"using":"xpath","value":"//*[@id=\"__filter1-icon\"]"}
COMMAND: POST /session/adf199ce321191b0d42bf89d7113c6d5/element/f.53561D77C6482DD9DDA73AB31B5C064E.d.09EB1580AAF3939FB64DEE41E1950172.e.2354/click - {}
RESULT: {}
COMMAND: GET /session/adf199ce321191b0d42bf89d7113c6d5/screenshot - {}
RESULT: {}
COMMAND: POST /session/adf199ce321191b0d42bf89d7113c6d5/element - {"using":"xpath","value":"//button[@data-kt=\"addButton\"]"}
RESULT: {"using":"xpath","value":"//button[@data-kt=\"addButton\"]"}
COMMAND: POST /session/adf199ce321191b0d42bf89d7113c6d5/elements - {"using":"xpath","value":"//button[@data-kt=\"addButton\"]"}
RESULT: {"using":"xpath","value":"//button[@data-kt=\"addButton\"]"}
COMMAND: POST /session/adf199ce321191b0d42bf89d7113c6d5/execute/sync - {"script":"<script> [8489 bytes]","args":[{"element-6066-11e4-a52e-4f735466cecf":"f.53561D77C6482DD9DDA73AB31B5C064E.d.09EB1580AAF3939FB64DEE41E1950172.e.2394","ELEMENT":"f.53561D77C6482DD9DDA73AB31B5C064E.d.09EB1580AAF3939FB64DEE41E1950172.e.2394"}]}
RESULT: {"script":"<script> [8489 bytes]","args":[{"element-6066-11e4-a52e-4f735466cecf":"f.53561D77C6482DD9DDA73AB31B5C064E.d.09EB1580AAF3939FB64DEE41E1950172.e.2394","ELEMENT":"f.53561D77C6482DD9DDA73AB31B5C064E.d.09EB1580AAF3939FB64DEE41E1950172.e.2394"}]}
COMMAND: GET /session/adf199ce321191b0d42bf89d7113c6d5/element/f.53561D77C6482DD9DDA73AB31B5C064E.d.09EB1580AAF3939FB64DEE41E1950172.e.2394/enabled - {}
COMMAND: GET /session/adf199ce321191b0d42bf89d7113c6d5/screenshot - {}
RESULT: {}
COMMAND: POST /session/adf199ce321191b0d42bf89d7113c6d5/execute/sync - {"script":"<script> [8489 bytes]","args":[{"element-6066-11e4-a52e-4f735466cecf":"f.53561D77C6482DD9DDA73AB31B5C064E.d.09EB1580AAF3939FB64DEE41E1950172.e.2394","ELEMENT":"f.53561D77C6482DD9DDA73AB31B5C064E.d.09EB1580AAF3939FB64DEE41E1950172.e.2394"}]}
RESULT: {"script":"<script> [8489 bytes]","args":[{"element-6066-11e4-a52e-4f735466cecf":"f.53561D77C6482DD9DDA73AB31B5C064E.d.09EB1580AAF3939FB64DEE41E1950172.e.2394","ELEMENT":"f.53561D77C6482DD9DDA73AB31B5C064E.d.09EB1580AAF3939FB64DEE41E1950172.e.2394"}]}
COMMAND: POST /session/adf199ce321191b0d42bf89d7113c6d5/execute/sync - {"script":"<script> [5351 bytes]","args":[{"element-6066-11e4-a52e-4f735466cecf":"f.53561D77C6482DD9DDA73AB31B5C064E.d.09EB1580AAF3939FB64DEE41E1950172.e.2394","ELEMENT":"f.53561D77C6482DD9DDA73AB31B5C064E.d.09EB1580AAF3939FB64DEE41E1950172.e.2394"}]}
COMMAND: GET /session/adf199ce321191b0d42bf89d7113c6d5/screenshot - {}
COMMAND: GET /session/adf199ce321191b0d42bf89d7113c6d5/screenshot - {}
RESULT: {}
RESULT: {"script":"<script> [5351 bytes]","args":[{"element-6066-11e4-a52e-4f735466cecf":"f.53561D77C6482DD9DDA73AB31B5C064E.d.09EB1580AAF3939FB64DEE41E1950172.e.2394","ELEMENT":"f.53561D77C6482DD9DDA73AB31B5C064E.d.09EB1580AAF3939FB64DEE41E1950172.e.2394"}]}
COMMAND: POST /session/adf199ce321191b0d42bf89d7113c6d5/element/f.53561D77C6482DD9DDA73AB31B5C064E.d.09EB1580AAF3939FB64DEE41E1950172.e.2394/click - {}
RESULT: {}
RESULT: {}
COMMAND: GET /session/adf199ce321191b0d42bf89d7113c6d5/screenshot - {}
COMMAND: GET /session/adf199ce321191b0d42bf89d7113c6d5/screenshot - {}
RESULT: {}
RESULT: {}
RESULT: {}
COMMAND: POST /session/adf199ce321191b0d42bf89d7113c6d5/execute/async - {"script":"<script> [1562 bytes]","args":[{"selector":{"controlType":"sap.m.Title","viewName":"etm.portal.ui.managepricingrules.view.NewItem","viewId":"application-managepricingrules-display-component---newInfoPriceItem","properties":{"text":"New Pricing Rules - Item Level"}},"wdio_ui5_key":"etmportal.ui.managepricingrules.view.NewItemsap.m.Title{\"text\":\"New Pricing Rules - Item Level\"}"}]}
RESULT: {"script":"<script> [1562 bytes]","args":[{"selector":{"controlType":"sap.m.Title","viewName":"etm.portal.ui.managepricingrules.view.NewItem","viewId":"application-managepricingrules-display-component---newInfoPriceItem","properties":{"text":"New Pricing Rules - Item Level"}},"wdio_ui5_key":"etmportal.ui.managepricingrules.view.NewItemsap.m.Title{\"text\":\"New Pricing Rules - Item Level\"}"}]}
RESULT: undefined
COMMAND: POST /session/adf199ce321191b0d42bf89d7113c6d5/execute/async - {"script":"<script> [6424 bytes]","args":[{"element-6066-11e4-a52e-4f735466cecf":"f.53561D77C6482DD9DDA73AB31B5C064E.d.09EB1580AAF3939FB64DEE41E1950172.e.2542"},"getText",[]]}
RESULT: {"script":"<script> [6424 bytes]","args":[{"element-6066-11e4-a52e-4f735466cecf":"f.53561D77C6482DD9DDA73AB31B5C064E.d.09EB1580AAF3939FB64DEE41E1950172.e.2542"},"getText",[]]}
COMMAND: POST /session/adf199ce321191b0d42bf89d7113c6d5/execute/async - {"script":"<script> [1562 bytes]","args":[{"selector":{"id":"application-managepricingrules-display-component---newInfoPriceItem--condValidTo","interaction":{"idSuffix":"inner"}},"wdio_ui5_key":"applicationmanagepricingrules-display-component---newInfoPriceItem--condValidTo"}]}
RESULT: {"script":"<script> [1562 bytes]","args":[{"selector":{"id":"application-managepricingrules-display-component---newInfoPriceItem--condValidTo","interaction":{"idSuffix":"inner"}},"wdio_ui5_key":"applicationmanagepricingrules-display-component---newInfoPriceItem--condValidTo"}]}
RESULT: undefined
COMMAND: POST /session/adf199ce321191b0d42bf89d7113c6d5/execute/async - {"script":"<script> [776 bytes]","args":[{"enterText":"12/23/25","selector":{"id":"application-managepricingrules-display-component---newInfoPriceItem--condValidTo","interaction":{"idSuffix":"inner"}},"clearTextFirst":true,"interactionType":"ENTER_TEXT"}]}
RESULT: {"script":"<script> [776 bytes]","args":[{"enterText":"12/23/25","selector":{"id":"application-managepricingrules-display-component---newInfoPriceItem--condValidTo","interaction":{"idSuffix":"inner"}},"clearTextFirst":true,"interactionType":"ENTER_TEXT"}]}
COMMAND: POST /session/adf199ce321191b0d42bf89d7113c6d5/element - {"using":"xpath","value":"//input[@id=\"application-managepricingrules-display-component---newInfoPriceItem--condRU-inner\"]"}
RESULT: {"using":"xpath","value":"//input[@id=\"application-managepricingrules-display-component---newInfoPriceItem--condRU-inner\"]"}
COMMAND: POST /session/adf199ce321191b0d42bf89d7113c6d5/element/f.53561D77C6482DD9DDA73AB31B5C064E.d.09EB1580AAF3939FB64DEE41E1950172.e.2506/clear - {}
RESULT: {}
COMMAND: POST /session/adf199ce321191b0d42bf89d7113c6d5/element/f.53561D77C6482DD9DDA73AB31B5C064E.d.09EB1580AAF3939FB64DEE41E1950172.e.2506/value - {"text":"x2hox9ISwH"}
COMMAND: GET /session/adf199ce321191b0d42bf89d7113c6d5/screenshot - {}
RESULT: {"text":"x2hox9ISwH"}
COMMAND: GET /session/adf199ce321191b0d42bf89d7113c6d5/screenshot - {}
RESULT: {}
RESULT: {}
COMMAND: POST /session/adf199ce321191b0d42bf89d7113c6d5/execute/async - {"script":"<script> [1562 bytes]","args":[{"selector":{"id":"application-managepricingrules-display-component---newInfoPriceItem--billType-arrow"},"wdio_ui5_key":"applicationmanagepricingrules-display-component---newInfoPriceItem--billType-arrow"}]}
RESULT: {"script":"<script> [1562 bytes]","args":[{"selector":{"id":"application-managepricingrules-display-component---newInfoPriceItem--billType-arrow"},"wdio_ui5_key":"applicationmanagepricingrules-display-component---newInfoPriceItem--billType-arrow"}]}
RESULT: undefined
COMMAND: POST /session/adf199ce321191b0d42bf89d7113c6d5/element - {"using":"xpath","value":"//*[@id=\"application-managepricingrules-display-component---newInfoPriceItem--billType-arrow\"]"}
RESULT: {"using":"xpath","value":"//*[@id=\"application-managepricingrules-display-component---newInfoPriceItem--billType-arrow\"]"}
COMMAND: POST /session/adf199ce321191b0d42bf89d7113c6d5/element/f.53561D77C6482DD9DDA73AB31B5C064E.d.09EB1580AAF3939FB64DEE41E1950172.e.2640/click - {}
RESULT: {}
COMMAND: POST /session/adf199ce321191b0d42bf89d7113c6d5/element - {"using":"xpath","value":"//span[contains(text(), \"OT - Sales (one-time)\")]"}
COMMAND: GET /session/adf199ce321191b0d42bf89d7113c6d5/screenshot - {}
RESULT: {"using":"xpath","value":"//span[contains(text(), \"OT - Sales (one-time)\")]"}
COMMAND: POST /session/adf199ce321191b0d42bf89d7113c6d5/element/f.53561D77C6482DD9DDA73AB31B5C064E.d.09EB1580AAF3939FB64DEE41E1950172.e.2681/click - {}
RESULT: {}
RESULT: {}
COMMAND: POST /session/adf199ce321191b0d42bf89d7113c6d5/execute/async - {"script":"<script> [1562 bytes]","args":[{"selector":{"id":"application-managepricingrules-display-component---newInfoPriceItem--priceProc-arrow"},"wdio_ui5_key":"applicationmanagepricingrules-display-component---newInfoPriceItem--priceProc-arrow"}]}
COMMAND: GET /session/adf199ce321191b0d42bf89d7113c6d5/screenshot - {}
RESULT: {"script":"<script> [1562 bytes]","args":[{"selector":{"id":"application-managepricingrules-display-component---newInfoPriceItem--priceProc-arrow"},"wdio_ui5_key":"applicationmanagepricingrules-display-component---newInfoPriceItem--priceProc-arrow"}]}
RESULT: undefined
COMMAND: POST /session/adf199ce321191b0d42bf89d7113c6d5/element - {"using":"xpath","value":"//*[@id=\"application-managepricingrules-display-component---newInfoPriceItem--priceProc-arrow\"]"}
RESULT: {}
RESULT: {"using":"xpath","value":"//*[@id=\"application-managepricingrules-display-component---newInfoPriceItem--priceProc-arrow\"]"}
COMMAND: POST /session/adf199ce321191b0d42bf89d7113c6d5/element/f.53561D77C6482DD9DDA73AB31B5C064E.d.09EB1580AAF3939FB64DEE41E1950172.e.2647/click - {}
RESULT: {}
COMMAND: POST /session/adf199ce321191b0d42bf89d7113c6d5/element - {"using":"xpath","value":"//span[contains(text(), \"MAT - Material\")]"}
COMMAND: GET /session/adf199ce321191b0d42bf89d7113c6d5/screenshot - {}
RESULT: {"using":"xpath","value":"//span[contains(text(), \"MAT - Material\")]"}
COMMAND: POST /session/adf199ce321191b0d42bf89d7113c6d5/element/f.53561D77C6482DD9DDA73AB31B5C064E.d.09EB1580AAF3939FB64DEE41E1950172.e.2682/click - {}
RESULT: {}
RESULT: {}
COMMAND: POST /session/adf199ce321191b0d42bf89d7113c6d5/execute/async - {"script":"<script> [1562 bytes]","args":[{"selector":{"id":"application-managepricingrules-display-component---newInfoPriceItem--calcBase-arrow"},"wdio_ui5_key":"applicationmanagepricingrules-display-component---newInfoPriceItem--calcBase-arrow"}]}
COMMAND: GET /session/adf199ce321191b0d42bf89d7113c6d5/screenshot - {}
RESULT: {"script":"<script> [1562 bytes]","args":[{"selector":{"id":"application-managepricingrules-display-component---newInfoPriceItem--calcBase-arrow"},"wdio_ui5_key":"applicationmanagepricingrules-display-component---newInfoPriceItem--calcBase-arrow"}]}
RESULT: undefined
COMMAND: POST /session/adf199ce321191b0d42bf89d7113c6d5/element - {"using":"xpath","value":"//*[@id=\"application-managepricingrules-display-component---newInfoPriceItem--calcBase-arrow\"]"}
RESULT: {}
RESULT: {"using":"xpath","value":"//*[@id=\"application-managepricingrules-display-component---newInfoPriceItem--calcBase-arrow\"]"}
COMMAND: POST /session/adf199ce321191b0d42bf89d7113c6d5/element/f.53561D77C6482DD9DDA73AB31B5C064E.d.09EB1580AAF3939FB64DEE41E1950172.e.2654/click - {}
RESULT: {}
COMMAND: GET /session/adf199ce321191b0d42bf89d7113c6d5/screenshot - {}
RESULT: {}
COMMAND: POST /session/adf199ce321191b0d42bf89d7113c6d5/element - {"using":"xpath","value":"//span[contains(text(), \"0001 - TB(exact month + cal_days)\")]"}
RESULT: {"using":"xpath","value":"//span[contains(text(), \"0001 - TB(exact month + cal_days)\")]"}
COMMAND: POST /session/adf199ce321191b0d42bf89d7113c6d5/element/f.53561D77C6482DD9DDA73AB31B5C064E.d.09EB1580AAF3939FB64DEE41E1950172.e.2683/click - {}
RESULT: {}
COMMAND: GET /session/adf199ce321191b0d42bf89d7113c6d5/screenshot - {}
RESULT: {}
COMMAND: POST /session/adf199ce321191b0d42bf89d7113c6d5/element - {"using":"xpath","value":"//button[@data-kt=\"saveNewRuleButton\"]"}
RESULT: {"using":"xpath","value":"//button[@data-kt=\"saveNewRuleButton\"]"}
COMMAND: POST /session/adf199ce321191b0d42bf89d7113c6d5/element/f.53561D77C6482DD9DDA73AB31B5C064E.d.09EB1580AAF3939FB64DEE41E1950172.e.2674/click - {}
RESULT: {}
COMMAND: GET /session/adf199ce321191b0d42bf89d7113c6d5/screenshot - {}
RESULT: {}
COMMAND: POST /session/adf199ce321191b0d42bf89d7113c6d5/execute/async - {"script":"<script> [1562 bytes]","args":[{"selector":{"id":"application-managepricingrules-display-component---priceInfoItem--smartFilterBar-btnBasicSearch","interaction":{"idSuffix":"I"}},"wdio_ui5_key":"applicationmanagepricingrules-display-component---priceInfoItem--smartFilterBar-btnBasicSearch"}]}
RESULT: {"script":"<script> [1562 bytes]","args":[{"selector":{"id":"application-managepricingrules-display-component---priceInfoItem--smartFilterBar-btnBasicSearch","interaction":{"idSuffix":"I"}},"wdio_ui5_key":"applicationmanagepricingrules-display-component---priceInfoItem--smartFilterBar-btnBasicSearch"}]}
RESULT: undefined
COMMAND: POST /session/adf199ce321191b0d42bf89d7113c6d5/execute/async - {"script":"<script> [776 bytes]","args":[{"enterText":"x2hox9ISwH","selector":{"id":"application-managepricingrules-display-component---priceInfoItem--smartFilterBar-btnBasicSearch","interaction":{"idSuffix":"I"}},"clearTextFirst":true,"interactionType":"ENTER_TEXT"}]}
RESULT: {"script":"<script> [776 bytes]","args":[{"enterText":"x2hox9ISwH","selector":{"id":"application-managepricingrules-display-component---priceInfoItem--smartFilterBar-btnBasicSearch","interaction":{"idSuffix":"I"}},"clearTextFirst":true,"interactionType":"ENTER_TEXT"}]}
COMMAND: POST /session/adf199ce321191b0d42bf89d7113c6d5/actions - {"actions":[{"id":"action9","type":"key","parameters":{},"actions":[{"type":"keyDown","value":""},{"type":"pause","duration":10},{"type":"keyUp","value":""}]}]}
RESULT: {"actions":[{"id":"action9","type":"key","parameters":{},"actions":[{"type":"keyDown","value":""},{"type":"pause","duration":10},{"type":"keyUp","value":""}]}]}
COMMAND: GET /session/adf199ce321191b0d42bf89d7113c6d5/screenshot - {}
RESULT: {}
COMMAND: POST /session/adf199ce321191b0d42bf89d7113c6d5/element - {"using":"xpath","value":"//span[@id=\"application-managepricingrules-display-component---priceInfoItem--smartTable-header-inner\"]"}
RESULT: {"using":"xpath","value":"//span[@id=\"application-managepricingrules-display-component---priceInfoItem--smartTable-header-inner\"]"}
COMMAND: POST /session/adf199ce321191b0d42bf89d7113c6d5/elements - {"using":"xpath","value":"//span[@id=\"application-managepricingrules-display-component---priceInfoItem--smartTable-header-inner\"]"}
RESULT: {"using":"xpath","value":"//span[@id=\"application-managepricingrules-display-component---priceInfoItem--smartTable-header-inner\"]"}
COMMAND: POST /session/adf199ce321191b0d42bf89d7113c6d5/execute/sync - {"script":"<script> [56 bytes]","args":[{"element-6066-11e4-a52e-4f735466cecf":"f.53561D77C6482DD9DDA73AB31B5C064E.d.09EB1580AAF3939FB64DEE41E1950172.e.2711","ELEMENT":"f.53561D77C6482DD9DDA73AB31B5C064E.d.09EB1580AAF3939FB64DEE41E1950172.e.2711"}]}
RESULT: {"script":"<script> [56 bytes]","args":[{"element-6066-11e4-a52e-4f735466cecf":"f.53561D77C6482DD9DDA73AB31B5C064E.d.09EB1580AAF3939FB64DEE41E1950172.e.2711","ELEMENT":"f.53561D77C6482DD9DDA73AB31B5C064E.d.09EB1580AAF3939FB64DEE41E1950172.e.2711"}]}
COMMAND: POST /session/adf199ce321191b0d42bf89d7113c6d5/element - {"using":"css selector","value":"#shell-header-logo"}
COMMAND: GET /session/adf199ce321191b0d42bf89d7113c6d5/screenshot - {}
RESULT: {"using":"css selector","value":"#shell-header-logo"}
COMMAND: POST /session/adf199ce321191b0d42bf89d7113c6d5/element/f.53561D77C6482DD9DDA73AB31B5C064E.d.09EB1580AAF3939FB64DEE41E1950172.e.2304/click - {}
RESULT: {}
RESULT: {}
COMMAND: GET /session/adf199ce321191b0d42bf89d7113c6d5/screenshot - {}
RESULT: {}
COMMAND: POST /session/adf199ce321191b0d42bf89d7113c6d5/element - {"using":"css selector","value":"#j_username"}
COMMAND: POST /session/adf199ce321191b0d42bf89d7113c6d5/url - {"url":"https://qa-testing-00-live-etm-ui.cfapps.eu10-004.hana.ondemand.com/"}
RESULT: {"using":"css selector","value":"#j_username"}
COMMAND: POST /session/adf199ce321191b0d42bf89d7113c6d5/element - {"using":"css selector","value":"#j_username"}
RESULT: {"url":"https://qa-testing-00-live-etm-ui.cfapps.eu10-004.hana.ondemand.com/"}
RESULT: undefined
COMMAND: GET /session/adf199ce321191b0d42bf89d7113c6d5/screenshot - {}
RESULT: {"using":"css selector","value":"#j_username"}
COMMAND: POST /session/adf199ce321191b0d42bf89d7113c6d5/element - {"using":"css selector","value":"#shell-header-logo"}
RESULT: {}
RESULT: {"using":"css selector","value":"#shell-header-logo"}
COMMAND: POST /session/adf199ce321191b0d42bf89d7113c6d5/execute/sync - {"script":"<script> [8489 bytes]","args":[{"element-6066-11e4-a52e-4f735466cecf":"f.53561D77C6482DD9DDA73AB31B5C064E.d.0DA89752B275AD098EB36140871C9DDA.e.2725","ELEMENT":"f.53561D77C6482DD9DDA73AB31B5C064E.d.0DA89752B275AD098EB36140871C9DDA.e.2725"}]}
RESULT: {"script":"<script> [8489 bytes]","args":[{"element-6066-11e4-a52e-4f735466cecf":"f.53561D77C6482DD9DDA73AB31B5C064E.d.0DA89752B275AD098EB36140871C9DDA.e.2725","ELEMENT":"f.53561D77C6482DD9DDA73AB31B5C064E.d.0DA89752B275AD098EB36140871C9DDA.e.2725"}]}
COMMAND: POST /session/adf199ce321191b0d42bf89d7113c6d5/element - {"using":"css selector","value":"#shell-header-logo"}
COMMAND: GET /session/adf199ce321191b0d42bf89d7113c6d5/screenshot - {}
RESULT: {"using":"css selector","value":"#shell-header-logo"}
COMMAND: POST /session/adf199ce321191b0d42bf89d7113c6d5/execute/sync - {"script":"<script> [8489 bytes]","args":[{"element-6066-11e4-a52e-4f735466cecf":"f.53561D77C6482DD9DDA73AB31B5C064E.d.0DA89752B275AD098EB36140871C9DDA.e.2725","ELEMENT":"f.53561D77C6482DD9DDA73AB31B5C064E.d.0DA89752B275AD098EB36140871C9DDA.e.2725"}]}
RESULT: {}
RESULT: {"script":"<script> [8489 bytes]","args":[{"element-6066-11e4-a52e-4f735466cecf":"f.53561D77C6482DD9DDA73AB31B5C064E.d.0DA89752B275AD098EB36140871C9DDA.e.2725","ELEMENT":"f.53561D77C6482DD9DDA73AB31B5C064E.d.0DA89752B275AD098EB36140871C9DDA.e.2725"}]}
COMMAND: POST /session/adf199ce321191b0d42bf89d7113c6d5/execute/sync - {"script":"<script> [5351 bytes]","args":[{"element-6066-11e4-a52e-4f735466cecf":"f.53561D77C6482DD9DDA73AB31B5C064E.d.0DA89752B275AD098EB36140871C9DDA.e.2725","ELEMENT":"f.53561D77C6482DD9DDA73AB31B5C064E.d.0DA89752B275AD098EB36140871C9DDA.e.2725"}]}
COMMAND: GET /session/adf199ce321191b0d42bf89d7113c6d5/screenshot - {}
RESULT: {"script":"<script> [5351 bytes]","args":[{"element-6066-11e4-a52e-4f735466cecf":"f.53561D77C6482DD9DDA73AB31B5C064E.d.0DA89752B275AD098EB36140871C9DDA.e.2725","ELEMENT":"f.53561D77C6482DD9DDA73AB31B5C064E.d.0DA89752B275AD098EB36140871C9DDA.e.2725"}]}
COMMAND: POST /session/adf199ce321191b0d42bf89d7113c6d5/element - {"using":"css selector","value":"#shell-header-logo"}
COMMAND: GET /session/adf199ce321191b0d42bf89d7113c6d5/screenshot - {}
RESULT: {}
RESULT: {"using":"css selector","value":"#shell-header-logo"}
COMMAND: POST /session/adf199ce321191b0d42bf89d7113c6d5/element/f.53561D77C6482DD9DDA73AB31B5C064E.d.0DA89752B275AD098EB36140871C9DDA.e.2725/click - {}
RESULT: {}
RESULT: {}
COMMAND: GET /session/adf199ce321191b0d42bf89d7113c6d5/screenshot - {}
RESULT: {}
COMMAND: POST /session/adf199ce321191b0d42bf89d7113c6d5/execute/async - {"script":"<script> [189 bytes]","args":[]}
RESULT: {"script":"<script> [189 bytes]","args":[]}
COMMAND: POST /session/adf199ce321191b0d42bf89d7113c6d5/execute/async - {"script":"<script> [123 bytes]","args":[]}
RESULT: {"script":"<script> [123 bytes]","args":[]}
COMMAND: POST /session/adf199ce321191b0d42bf89d7113c6d5/timeouts - {"script":"<number>"}
RESULT: {"script":"<number>"}
COMMAND: GET /session/adf199ce321191b0d42bf89d7113c6d5/timeouts - {}
RESULT: {}
RESULT: undefined
COMMAND: POST /session/adf199ce321191b0d42bf89d7113c6d5/execute/async - {"script":"<script> [2676 bytes]","args":[]}
RESULT: {"script":"<script> [2676 bytes]","args":[]}
COMMAND: POST /session/adf199ce321191b0d42bf89d7113c6d5/execute/async - {"script":"<script> [2342 bytes]","args":[{"protocol":"http","hostname":"0.0.0.0","path":"/","capabilities":{"browserName":"chrome","goog:chromeOptions":{"binary":"C:\\Program Files\\Google\\Chrome\\Application\\chrome.exe","args":["--start-maximized"]}},"logLevel":"warn","connectionRetryTimeout":120000,"connectionRetryCount":3,"logLevels":{},"enableDirectConnect":true,"strictSSL":true,"_":"65 more keys: [\"cacheDir\",\"port\",\"requestedCapabilities\",\"automationProtocol\",\"baseUrl\",\"waitforInterval\",\"waitforTimeout\",\"onReload\",\"beforeCommand\",\"afterCommand\",\"rootDir\",\"specs\",\"suites\",\"exclude\",\"groupLogsByTestSpec\",\"excludeDriverLogs\",\"bail\",\"framework\",\"reporters\",\"services\",\"maxInstances\",\"maxInstancesPerCapability\",\"injectGlobals\",\"filesToWatch\",\"execArgv\",\"runnerEnv\",\"runner\",\"shard\",\"specFileRetries\",\"specFileRetriesDelay\",\"specFileRetriesDeferred\",\"reporterSyncInterval\",\"reporterSyncTimeout\",\"cucumberFeaturesWithLineNumbers\",\"autoCompileOpts\",\"mochaOpts\",\"jasmineOpts\",\"cucumberOpts\",\"onPrepare\",\"onWorkerStart\",\"onWorkerEnd\",\"before\",\"beforeSession\",\"beforeSuite\",\"beforeHook\",\"beforeTest\",\"afterTest\",\"afterHook\",\"afterSuite\",\"afterSession\",\"after\",\"onComplete\",\"beforeAssertion\",\"afterAssertion\",\"beforeFeature\",\"beforeScenario\",\"beforeStep\",\"afterStep\",\"afterScenario\",\"afterFeature\",\"_\",\"suite\",\"$0\",\"ignoredWorkerServices\",\"wdi5\"]"}]}
RESULT: {"script":"<script> [2342 bytes]","args":[{"protocol":"http","hostname":"0.0.0.0","path":"/","capabilities":{"browserName":"chrome","goog:chromeOptions":{"binary":"C:\\Program Files\\Google\\Chrome\\Application\\chrome.exe","args":["--start-maximized"]}},"logLevel":"warn","connectionRetryTimeout":120000,"connectionRetryCount":3,"logLevels":{},"enableDirectConnect":true,"strictSSL":true,"_":"65 more keys: [\"cacheDir\",\"port\",\"requestedCapabilities\",\"automationProtocol\",\"baseUrl\",\"waitforInterval\",\"waitforTimeout\",\"onReload\",\"beforeCommand\",\"afterCommand\",\"rootDir\",\"specs\",\"suites\",\"exclude\",\"groupLogsByTestSpec\",\"excludeDriverLogs\",\"bail\",\"framework\",\"reporters\",\"services\",\"maxInstances\",\"maxInstancesPerCapability\",\"injectGlobals\",\"filesToWatch\",\"execArgv\",\"runnerEnv\",\"runner\",\"shard\",\"specFileRetries\",\"specFileRetriesDelay\",\"specFileRetriesDeferred\",\"reporterSyncInterval\",\"reporterSyncTimeout\",\"cucumberFeaturesWithLineNumbers\",\"autoCompileOpts\",\"mochaOpts\",\"jasmineOpts\",\"cucumberOpts\",\"onPrepare\",\"onWorkerStart\",\"onWorkerEnd\",\"before\",\"beforeSession\",\"beforeSuite\",\"beforeHook\",\"beforeTest\",\"afterTest\",\"afterHook\",\"afterSuite\",\"afterSession\",\"after\",\"onComplete\",\"beforeAssertion\",\"afterAssertion\",\"beforeFeature\",\"beforeScenario\",\"beforeStep\",\"afterStep\",\"afterScenario\",\"afterFeature\",\"_\",\"suite\",\"$0\",\"ignoredWorkerServices\",\"wdi5\"]"}]}
COMMAND: POST /session/adf199ce321191b0d42bf89d7113c6d5/execute/async - {"script":"<script> [21126 bytes]","args":[35000]}
RESULT: {"script":"<script> [21126 bytes]","args":[35000]}
COMMAND: POST /session/adf199ce321191b0d42bf89d7113c6d5/window/maximize - {}
RESULT: {}
COMMAND: POST /session/adf199ce321191b0d42bf89d7113c6d5/execute/async - {"script":"<script> [1562 bytes]","args":[{"selector":{"id":"shell-header","interaction":{"idSuffix":"icon"}},"wdio_ui5_key":"shellheader"}]}
COMMAND: GET /session/adf199ce321191b0d42bf89d7113c6d5/screenshot - {}
RESULT: {"script":"<script> [1562 bytes]","args":[{"selector":{"id":"shell-header","interaction":{"idSuffix":"icon"}},"wdio_ui5_key":"shellheader"}]}
RESULT: undefined
COMMAND: POST /session/adf199ce321191b0d42bf89d7113c6d5/refresh - {}
RESULT: {}
RESULT: {}
COMMAND: GET /session/adf199ce321191b0d42bf89d7113c6d5/screenshot - {}
RESULT: {}
COMMAND: POST /session/adf199ce321191b0d42bf89d7113c6d5/refresh - {}
RESULT: {}
COMMAND: GET /session/adf199ce321191b0d42bf89d7113c6d5/screenshot - {}
RESULT: {}
COMMAND: POST /session/adf199ce321191b0d42bf89d7113c6d5/window/fullscreen - {}
RESULT: {}
COMMAND: POST /session/adf199ce321191b0d42bf89d7113c6d5/execute/async - {"script":"<script> [189 bytes]","args":[]}
RESULT: {"script":"<script> [189 bytes]","args":[]}
COMMAND: POST /session/adf199ce321191b0d42bf89d7113c6d5/execute/async - {"script":"<script> [123 bytes]","args":[]}
RESULT: {"script":"<script> [123 bytes]","args":[]}
COMMAND: POST /session/adf199ce321191b0d42bf89d7113c6d5/timeouts - {"script":"<number>"}
RESULT: {"script":"<number>"}
COMMAND: GET /session/adf199ce321191b0d42bf89d7113c6d5/timeouts - {}
RESULT: {}
RESULT: undefined
COMMAND: POST /session/adf199ce321191b0d42bf89d7113c6d5/execute/async - {"script":"<script> [2676 bytes]","args":[]}
RESULT: {"script":"<script> [2676 bytes]","args":[]}
COMMAND: POST /session/adf199ce321191b0d42bf89d7113c6d5/execute/async - {"script":"<script> [2342 bytes]","args":[{"protocol":"http","hostname":"0.0.0.0","path":"/","capabilities":{"browserName":"chrome","goog:chromeOptions":{"binary":"C:\\Program Files\\Google\\Chrome\\Application\\chrome.exe","args":["--start-maximized"]}},"logLevel":"warn","connectionRetryTimeout":120000,"connectionRetryCount":3,"logLevels":{},"enableDirectConnect":true,"strictSSL":true,"_":"65 more keys: [\"cacheDir\",\"port\",\"requestedCapabilities\",\"automationProtocol\",\"baseUrl\",\"waitforInterval\",\"waitforTimeout\",\"onReload\",\"beforeCommand\",\"afterCommand\",\"rootDir\",\"specs\",\"suites\",\"exclude\",\"groupLogsByTestSpec\",\"excludeDriverLogs\",\"bail\",\"framework\",\"reporters\",\"services\",\"maxInstances\",\"maxInstancesPerCapability\",\"injectGlobals\",\"filesToWatch\",\"execArgv\",\"runnerEnv\",\"runner\",\"shard\",\"specFileRetries\",\"specFileRetriesDelay\",\"specFileRetriesDeferred\",\"reporterSyncInterval\",\"reporterSyncTimeout\",\"cucumberFeaturesWithLineNumbers\",\"autoCompileOpts\",\"mochaOpts\",\"jasmineOpts\",\"cucumberOpts\",\"onPrepare\",\"onWorkerStart\",\"onWorkerEnd\",\"before\",\"beforeSession\",\"beforeSuite\",\"beforeHook\",\"beforeTest\",\"afterTest\",\"afterHook\",\"afterSuite\",\"afterSession\",\"after\",\"onComplete\",\"beforeAssertion\",\"afterAssertion\",\"beforeFeature\",\"beforeScenario\",\"beforeStep\",\"afterStep\",\"afterScenario\",\"afterFeature\",\"_\",\"suite\",\"$0\",\"ignoredWorkerServices\",\"wdi5\"]"}]}
RESULT: {"script":"<script> [2342 bytes]","args":[{"protocol":"http","hostname":"0.0.0.0","path":"/","capabilities":{"browserName":"chrome","goog:chromeOptions":{"binary":"C:\\Program Files\\Google\\Chrome\\Application\\chrome.exe","args":["--start-maximized"]}},"logLevel":"warn","connectionRetryTimeout":120000,"connectionRetryCount":3,"logLevels":{},"enableDirectConnect":true,"strictSSL":true,"_":"65 more keys: [\"cacheDir\",\"port\",\"requestedCapabilities\",\"automationProtocol\",\"baseUrl\",\"waitforInterval\",\"waitforTimeout\",\"onReload\",\"beforeCommand\",\"afterCommand\",\"rootDir\",\"specs\",\"suites\",\"exclude\",\"groupLogsByTestSpec\",\"excludeDriverLogs\",\"bail\",\"framework\",\"reporters\",\"services\",\"maxInstances\",\"maxInstancesPerCapability\",\"injectGlobals\",\"filesToWatch\",\"execArgv\",\"runnerEnv\",\"runner\",\"shard\",\"specFileRetries\",\"specFileRetriesDelay\",\"specFileRetriesDeferred\",\"reporterSyncInterval\",\"reporterSyncTimeout\",\"cucumberFeaturesWithLineNumbers\",\"autoCompileOpts\",\"mochaOpts\",\"jasmineOpts\",\"cucumberOpts\",\"onPrepare\",\"onWorkerStart\",\"onWorkerEnd\",\"before\",\"beforeSession\",\"beforeSuite\",\"beforeHook\",\"beforeTest\",\"afterTest\",\"afterHook\",\"afterSuite\",\"afterSession\",\"after\",\"onComplete\",\"beforeAssertion\",\"afterAssertion\",\"beforeFeature\",\"beforeScenario\",\"beforeStep\",\"afterStep\",\"afterScenario\",\"afterFeature\",\"_\",\"suite\",\"$0\",\"ignoredWorkerServices\",\"wdi5\"]"}]}
COMMAND: POST /session/adf199ce321191b0d42bf89d7113c6d5/execute/async - {"script":"<script> [21126 bytes]","args":[35000]}
RESULT: {"script":"<script> [21126 bytes]","args":[35000]}
]]></system-out>
    </testcase>
  </testsuite>
  <testsuite timestamp="2025-04-23T06:45:49" time="489.904" tests="6" failures="0" errors="0" skipped="0">
    <properties>
      <property name="specId" value="0"/>
      <property name="suiteName" value="Edit and delete daily price US134629 US134627"/>
      <property name="capabilities" value="chrome.135_0_7049_42.windows"/>
      <property name="file" value="file:///D:/a/1/s/test/specs/BTS/conditions-prices-daily-price.spec.js"/>
    </properties>
    <testcase classname="chrome.135_0_7049_42.windows.Edit_and_delete_daily_price_US134629_US134627" name="Should create a new yard used for all following tests" time="0.031">
      <system-out><![CDATA[
COMMAND: POST /session/adf199ce321191b0d42bf89d7113c6d5/window/fullscreen - {}
RESULT: {}
]]></system-out>
    </testcase>
    <testcase classname="chrome.135_0_7049_42.windows.Edit_and_delete_daily_price_US134629_US134627" name="Should create a new partner" time="148.029">
      <system-out><![CDATA[
COMMAND: POST /session/adf199ce321191b0d42bf89d7113c6d5/window/fullscreen - {}
RESULT: {}
COMMAND: POST /session/adf199ce321191b0d42bf89d7113c6d5/execute/async - {"script":"<script> [1562 bytes]","args":[{"selector":{"controlType":"sap.m.GenericTile","properties":{"header":"Manage Partners"}},"wdio_ui5_key":"sapm.GenericTile{\"header\":\"Manage Partners\"}"}]}
RESULT: {"script":"<script> [1562 bytes]","args":[{"selector":{"controlType":"sap.m.GenericTile","properties":{"header":"Manage Partners"}},"wdio_ui5_key":"sapm.GenericTile{\"header\":\"Manage Partners\"}"}]}
RESULT: undefined
COMMAND: POST /session/adf199ce321191b0d42bf89d7113c6d5/element - {"using":"xpath","value":"//*[@id=\"__tile38\"]"}
RESULT: {"using":"xpath","value":"//*[@id=\"__tile38\"]"}
COMMAND: POST /session/adf199ce321191b0d42bf89d7113c6d5/element/f.53561D77C6482DD9DDA73AB31B5C064E.d.AC49B254C52CB1F46F4AF57E41FC7D4E.e.2867/click - {}
RESULT: {}
COMMAND: POST /session/adf199ce321191b0d42bf89d7113c6d5/element - {"using":"xpath","value":"//button[@data-kt=\"addButton\"]"}
COMMAND: GET /session/adf199ce321191b0d42bf89d7113c6d5/screenshot - {}
RESULT: {"using":"xpath","value":"//button[@data-kt=\"addButton\"]"}
COMMAND: POST /session/adf199ce321191b0d42bf89d7113c6d5/elements - {"using":"xpath","value":"//button[@data-kt=\"addButton\"]"}
RESULT: {}
RESULT: {"using":"xpath","value":"//button[@data-kt=\"addButton\"]"}
COMMAND: POST /session/adf199ce321191b0d42bf89d7113c6d5/elements - {"using":"xpath","value":"//button[@data-kt=\"addButton\"]"}
RESULT: {"using":"xpath","value":"//button[@data-kt=\"addButton\"]"}
COMMAND: POST /session/adf199ce321191b0d42bf89d7113c6d5/elements - {"using":"xpath","value":"//button[@data-kt=\"addButton\"]"}
RESULT: {"using":"xpath","value":"//button[@data-kt=\"addButton\"]"}
COMMAND: POST /session/adf199ce321191b0d42bf89d7113c6d5/elements - {"using":"xpath","value":"//button[@data-kt=\"addButton\"]"}
RESULT: {"using":"xpath","value":"//button[@data-kt=\"addButton\"]"}
COMMAND: POST /session/adf199ce321191b0d42bf89d7113c6d5/elements - {"using":"xpath","value":"//button[@data-kt=\"addButton\"]"}
RESULT: {"using":"xpath","value":"//button[@data-kt=\"addButton\"]"}
COMMAND: POST /session/adf199ce321191b0d42bf89d7113c6d5/elements - {"using":"xpath","value":"//button[@data-kt=\"addButton\"]"}
RESULT: {"using":"xpath","value":"//button[@data-kt=\"addButton\"]"}
COMMAND: POST /session/adf199ce321191b0d42bf89d7113c6d5/elements - {"using":"xpath","value":"//button[@data-kt=\"addButton\"]"}
RESULT: {"using":"xpath","value":"//button[@data-kt=\"addButton\"]"}
COMMAND: POST /session/adf199ce321191b0d42bf89d7113c6d5/elements - {"using":"xpath","value":"//button[@data-kt=\"addButton\"]"}
RESULT: {"using":"xpath","value":"//button[@data-kt=\"addButton\"]"}
COMMAND: POST /session/adf199ce321191b0d42bf89d7113c6d5/elements - {"using":"xpath","value":"//button[@data-kt=\"addButton\"]"}
RESULT: {"using":"xpath","value":"//button[@data-kt=\"addButton\"]"}
COMMAND: POST /session/adf199ce321191b0d42bf89d7113c6d5/elements - {"using":"xpath","value":"//button[@data-kt=\"addButton\"]"}
RESULT: {"using":"xpath","value":"//button[@data-kt=\"addButton\"]"}
COMMAND: POST /session/adf199ce321191b0d42bf89d7113c6d5/elements - {"using":"xpath","value":"//button[@data-kt=\"addButton\"]"}
RESULT: {"using":"xpath","value":"//button[@data-kt=\"addButton\"]"}
COMMAND: POST /session/adf199ce321191b0d42bf89d7113c6d5/elements - {"using":"xpath","value":"//button[@data-kt=\"addButton\"]"}
RESULT: {"using":"xpath","value":"//button[@data-kt=\"addButton\"]"}
COMMAND: POST /session/adf199ce321191b0d42bf89d7113c6d5/elements - {"using":"xpath","value":"//button[@data-kt=\"addButton\"]"}
RESULT: {"using":"xpath","value":"//button[@data-kt=\"addButton\"]"}
COMMAND: POST /session/adf199ce321191b0d42bf89d7113c6d5/elements - {"using":"xpath","value":"//button[@data-kt=\"addButton\"]"}
RESULT: {"using":"xpath","value":"//button[@data-kt=\"addButton\"]"}
COMMAND: POST /session/adf199ce321191b0d42bf89d7113c6d5/elements - {"using":"xpath","value":"//button[@data-kt=\"addButton\"]"}
RESULT: {"using":"xpath","value":"//button[@data-kt=\"addButton\"]"}
COMMAND: POST /session/adf199ce321191b0d42bf89d7113c6d5/elements - {"using":"xpath","value":"//button[@data-kt=\"addButton\"]"}
RESULT: {"using":"xpath","value":"//button[@data-kt=\"addButton\"]"}
COMMAND: POST /session/adf199ce321191b0d42bf89d7113c6d5/elements - {"using":"xpath","value":"//button[@data-kt=\"addButton\"]"}
RESULT: {"using":"xpath","value":"//button[@data-kt=\"addButton\"]"}
COMMAND: POST /session/adf199ce321191b0d42bf89d7113c6d5/elements - {"using":"xpath","value":"//button[@data-kt=\"addButton\"]"}
RESULT: {"using":"xpath","value":"//button[@data-kt=\"addButton\"]"}
COMMAND: POST /session/adf199ce321191b0d42bf89d7113c6d5/elements - {"using":"xpath","value":"//button[@data-kt=\"addButton\"]"}
RESULT: {"using":"xpath","value":"//button[@data-kt=\"addButton\"]"}
COMMAND: POST /session/adf199ce321191b0d42bf89d7113c6d5/elements - {"using":"xpath","value":"//button[@data-kt=\"addButton\"]"}
RESULT: {"using":"xpath","value":"//button[@data-kt=\"addButton\"]"}
COMMAND: POST /session/adf199ce321191b0d42bf89d7113c6d5/elements - {"using":"xpath","value":"//button[@data-kt=\"addButton\"]"}
RESULT: {"using":"xpath","value":"//button[@data-kt=\"addButton\"]"}
COMMAND: POST /session/adf199ce321191b0d42bf89d7113c6d5/elements - {"using":"xpath","value":"//button[@data-kt=\"addButton\"]"}
RESULT: {"using":"xpath","value":"//button[@data-kt=\"addButton\"]"}
COMMAND: POST /session/adf199ce321191b0d42bf89d7113c6d5/elements - {"using":"xpath","value":"//button[@data-kt=\"addButton\"]"}
RESULT: {"using":"xpath","value":"//button[@data-kt=\"addButton\"]"}
COMMAND: POST /session/adf199ce321191b0d42bf89d7113c6d5/elements - {"using":"xpath","value":"//button[@data-kt=\"addButton\"]"}
RESULT: {"using":"xpath","value":"//button[@data-kt=\"addButton\"]"}
COMMAND: POST /session/adf199ce321191b0d42bf89d7113c6d5/elements - {"using":"xpath","value":"//button[@data-kt=\"addButton\"]"}
RESULT: {"using":"xpath","value":"//button[@data-kt=\"addButton\"]"}
COMMAND: POST /session/adf199ce321191b0d42bf89d7113c6d5/elements - {"using":"xpath","value":"//button[@data-kt=\"addButton\"]"}
RESULT: {"using":"xpath","value":"//button[@data-kt=\"addButton\"]"}
COMMAND: POST /session/adf199ce321191b0d42bf89d7113c6d5/elements - {"using":"xpath","value":"//button[@data-kt=\"addButton\"]"}
RESULT: {"using":"xpath","value":"//button[@data-kt=\"addButton\"]"}
COMMAND: POST /session/adf199ce321191b0d42bf89d7113c6d5/elements - {"using":"xpath","value":"//button[@data-kt=\"addButton\"]"}
RESULT: {"using":"xpath","value":"//button[@data-kt=\"addButton\"]"}
COMMAND: POST /session/adf199ce321191b0d42bf89d7113c6d5/elements - {"using":"xpath","value":"//button[@data-kt=\"addButton\"]"}
RESULT: {"using":"xpath","value":"//button[@data-kt=\"addButton\"]"}
COMMAND: POST /session/adf199ce321191b0d42bf89d7113c6d5/elements - {"using":"xpath","value":"//button[@data-kt=\"addButton\"]"}
RESULT: {"using":"xpath","value":"//button[@data-kt=\"addButton\"]"}
COMMAND: POST /session/adf199ce321191b0d42bf89d7113c6d5/elements - {"using":"xpath","value":"//button[@data-kt=\"addButton\"]"}
RESULT: {"using":"xpath","value":"//button[@data-kt=\"addButton\"]"}
COMMAND: POST /session/adf199ce321191b0d42bf89d7113c6d5/elements - {"using":"xpath","value":"//button[@data-kt=\"addButton\"]"}
RESULT: {"using":"xpath","value":"//button[@data-kt=\"addButton\"]"}
COMMAND: POST /session/adf199ce321191b0d42bf89d7113c6d5/elements - {"using":"xpath","value":"//button[@data-kt=\"addButton\"]"}
RESULT: {"using":"xpath","value":"//button[@data-kt=\"addButton\"]"}
COMMAND: POST /session/adf199ce321191b0d42bf89d7113c6d5/elements - {"using":"xpath","value":"//button[@data-kt=\"addButton\"]"}
RESULT: {"using":"xpath","value":"//button[@data-kt=\"addButton\"]"}
COMMAND: POST /session/adf199ce321191b0d42bf89d7113c6d5/elements - {"using":"xpath","value":"//button[@data-kt=\"addButton\"]"}
RESULT: {"using":"xpath","value":"//button[@data-kt=\"addButton\"]"}
COMMAND: POST /session/adf199ce321191b0d42bf89d7113c6d5/elements - {"using":"xpath","value":"//button[@data-kt=\"addButton\"]"}
RESULT: {"using":"xpath","value":"//button[@data-kt=\"addButton\"]"}
COMMAND: POST /session/adf199ce321191b0d42bf89d7113c6d5/elements - {"using":"xpath","value":"//button[@data-kt=\"addButton\"]"}
RESULT: {"using":"xpath","value":"//button[@data-kt=\"addButton\"]"}
COMMAND: POST /session/adf199ce321191b0d42bf89d7113c6d5/elements - {"using":"xpath","value":"//button[@data-kt=\"addButton\"]"}
RESULT: {"using":"xpath","value":"//button[@data-kt=\"addButton\"]"}
COMMAND: POST /session/adf199ce321191b0d42bf89d7113c6d5/elements - {"using":"xpath","value":"//button[@data-kt=\"addButton\"]"}
RESULT: {"using":"xpath","value":"//button[@data-kt=\"addButton\"]"}
COMMAND: POST /session/adf199ce321191b0d42bf89d7113c6d5/elements - {"using":"xpath","value":"//button[@data-kt=\"addButton\"]"}
RESULT: {"using":"xpath","value":"//button[@data-kt=\"addButton\"]"}
COMMAND: POST /session/adf199ce321191b0d42bf89d7113c6d5/elements - {"using":"xpath","value":"//button[@data-kt=\"addButton\"]"}
RESULT: {"using":"xpath","value":"//button[@data-kt=\"addButton\"]"}
COMMAND: POST /session/adf199ce321191b0d42bf89d7113c6d5/elements - {"using":"xpath","value":"//button[@data-kt=\"addButton\"]"}
RESULT: {"using":"xpath","value":"//button[@data-kt=\"addButton\"]"}
COMMAND: POST /session/adf199ce321191b0d42bf89d7113c6d5/element - {"using":"xpath","value":"//button[@data-kt=\"addButton\"]"}
RESULT: {"using":"xpath","value":"//button[@data-kt=\"addButton\"]"}
COMMAND: POST /session/adf199ce321191b0d42bf89d7113c6d5/execute/sync - {"script":"<script> [8489 bytes]","args":[{"element-6066-11e4-a52e-4f735466cecf":"f.53561D77C6482DD9DDA73AB31B5C064E.d.AC49B254C52CB1F46F4AF57E41FC7D4E.e.3012","ELEMENT":"f.53561D77C6482DD9DDA73AB31B5C064E.d.AC49B254C52CB1F46F4AF57E41FC7D4E.e.3012"}]}
RESULT: {"script":"<script> [8489 bytes]","args":[{"element-6066-11e4-a52e-4f735466cecf":"f.53561D77C6482DD9DDA73AB31B5C064E.d.AC49B254C52CB1F46F4AF57E41FC7D4E.e.3012","ELEMENT":"f.53561D77C6482DD9DDA73AB31B5C064E.d.AC49B254C52CB1F46F4AF57E41FC7D4E.e.3012"}]}
COMMAND: GET /session/adf199ce321191b0d42bf89d7113c6d5/element/f.53561D77C6482DD9DDA73AB31B5C064E.d.AC49B254C52CB1F46F4AF57E41FC7D4E.e.3012/enabled - {}
COMMAND: GET /session/adf199ce321191b0d42bf89d7113c6d5/screenshot - {}
RESULT: {}
COMMAND: POST /session/adf199ce321191b0d42bf89d7113c6d5/execute/sync - {"script":"<script> [8489 bytes]","args":[{"element-6066-11e4-a52e-4f735466cecf":"f.53561D77C6482DD9DDA73AB31B5C064E.d.AC49B254C52CB1F46F4AF57E41FC7D4E.e.3012","ELEMENT":"f.53561D77C6482DD9DDA73AB31B5C064E.d.AC49B254C52CB1F46F4AF57E41FC7D4E.e.3012"}]}
COMMAND: GET /session/adf199ce321191b0d42bf89d7113c6d5/screenshot - {}
RESULT: {}
RESULT: {"script":"<script> [8489 bytes]","args":[{"element-6066-11e4-a52e-4f735466cecf":"f.53561D77C6482DD9DDA73AB31B5C064E.d.AC49B254C52CB1F46F4AF57E41FC7D4E.e.3012","ELEMENT":"f.53561D77C6482DD9DDA73AB31B5C064E.d.AC49B254C52CB1F46F4AF57E41FC7D4E.e.3012"}]}
COMMAND: POST /session/adf199ce321191b0d42bf89d7113c6d5/execute/sync - {"script":"<script> [5351 bytes]","args":[{"element-6066-11e4-a52e-4f735466cecf":"f.53561D77C6482DD9DDA73AB31B5C064E.d.AC49B254C52CB1F46F4AF57E41FC7D4E.e.3012","ELEMENT":"f.53561D77C6482DD9DDA73AB31B5C064E.d.AC49B254C52CB1F46F4AF57E41FC7D4E.e.3012"}]}
COMMAND: GET /session/adf199ce321191b0d42bf89d7113c6d5/screenshot - {}
RESULT: {}
RESULT: {"script":"<script> [5351 bytes]","args":[{"element-6066-11e4-a52e-4f735466cecf":"f.53561D77C6482DD9DDA73AB31B5C064E.d.AC49B254C52CB1F46F4AF57E41FC7D4E.e.3012","ELEMENT":"f.53561D77C6482DD9DDA73AB31B5C064E.d.AC49B254C52CB1F46F4AF57E41FC7D4E.e.3012"}]}
COMMAND: POST /session/adf199ce321191b0d42bf89d7113c6d5/element/f.53561D77C6482DD9DDA73AB31B5C064E.d.AC49B254C52CB1F46F4AF57E41FC7D4E.e.3012/click - {}
COMMAND: GET /session/adf199ce321191b0d42bf89d7113c6d5/screenshot - {}
RESULT: {}
RESULT: {}
COMMAND: GET /session/adf199ce321191b0d42bf89d7113c6d5/screenshot - {}
RESULT: {}
RESULT: {}
COMMAND: POST /session/adf199ce321191b0d42bf89d7113c6d5/execute/async - {"script":"<script> [1562 bytes]","args":[{"selector":{"id":"application-managepartners-display-component---NewPartner--addressDetailDetailsName1","interaction":{"idSuffix":"inner"}},"wdio_ui5_key":"applicationmanagepartners-display-component---NewPartner--addressDetailDetailsName1"}]}
RESULT: {"script":"<script> [1562 bytes]","args":[{"selector":{"id":"application-managepartners-display-component---NewPartner--addressDetailDetailsName1","interaction":{"idSuffix":"inner"}},"wdio_ui5_key":"applicationmanagepartners-display-component---NewPartner--addressDetailDetailsName1"}]}
RESULT: undefined
COMMAND: POST /session/adf199ce321191b0d42bf89d7113c6d5/execute/async - {"script":"<script> [776 bytes]","args":[{"enterText":"DailyPrice Partner WDIO","selector":{"id":"application-managepartners-display-component---NewPartner--addressDetailDetailsName1","interaction":{"idSuffix":"inner"}},"clearTextFirst":true,"interactionType":"ENTER_TEXT"}]}
RESULT: {"script":"<script> [776 bytes]","args":[{"enterText":"DailyPrice Partner WDIO","selector":{"id":"application-managepartners-display-component---NewPartner--addressDetailDetailsName1","interaction":{"idSuffix":"inner"}},"clearTextFirst":true,"interactionType":"ENTER_TEXT"}]}
COMMAND: POST /session/adf199ce321191b0d42bf89d7113c6d5/execute/async - {"script":"<script> [1562 bytes]","args":[{"selector":{"id":"application-managepartners-display-component---NewPartner--addressDetailDetailsLanguage-arrow"},"wdio_ui5_key":"applicationmanagepartners-display-component---NewPartner--addressDetailDetailsLanguage-arrow"}]}
RESULT: {"script":"<script> [1562 bytes]","args":[{"selector":{"id":"application-managepartners-display-component---NewPartner--addressDetailDetailsLanguage-arrow"},"wdio_ui5_key":"applicationmanagepartners-display-component---NewPartner--addressDetailDetailsLanguage-arrow"}]}
RESULT: undefined
COMMAND: POST /session/adf199ce321191b0d42bf89d7113c6d5/element - {"using":"xpath","value":"//*[@id=\"application-managepartners-display-component---NewPartner--addressDetailDetailsLanguage-arrow\"]"}
RESULT: {"using":"xpath","value":"//*[@id=\"application-managepartners-display-component---NewPartner--addressDetailDetailsLanguage-arrow\"]"}
COMMAND: POST /session/adf199ce321191b0d42bf89d7113c6d5/element/f.53561D77C6482DD9DDA73AB31B5C064E.d.AC49B254C52CB1F46F4AF57E41FC7D4E.e.3428/click - {}
RESULT: {}
COMMAND: POST /session/adf199ce321191b0d42bf89d7113c6d5/element - {"using":"xpath","value":"//span[contains(text(), \"English\")]"}
COMMAND: GET /session/adf199ce321191b0d42bf89d7113c6d5/screenshot - {}
RESULT: {"using":"xpath","value":"//span[contains(text(), \"English\")]"}
COMMAND: POST /session/adf199ce321191b0d42bf89d7113c6d5/element/f.53561D77C6482DD9DDA73AB31B5C064E.d.AC49B254C52CB1F46F4AF57E41FC7D4E.e.3429/click - {}
RESULT: {}
RESULT: {}
COMMAND: GET /session/adf199ce321191b0d42bf89d7113c6d5/screenshot - {}
RESULT: {}
COMMAND: POST /session/adf199ce321191b0d42bf89d7113c6d5/execute/async - {"script":"<script> [1562 bytes]","args":[{"selector":{"id":"application-managepartners-display-component---NewPartner--addressDetailDetailsCity1","interaction":{"idSuffix":"inner"}},"wdio_ui5_key":"applicationmanagepartners-display-component---NewPartner--addressDetailDetailsCity1"}]}
RESULT: {"script":"<script> [1562 bytes]","args":[{"selector":{"id":"application-managepartners-display-component---NewPartner--addressDetailDetailsCity1","interaction":{"idSuffix":"inner"}},"wdio_ui5_key":"applicationmanagepartners-display-component---NewPartner--addressDetailDetailsCity1"}]}
RESULT: undefined
COMMAND: POST /session/adf199ce321191b0d42bf89d7113c6d5/execute/async - {"script":"<script> [776 bytes]","args":[{"enterText":"Rosario","selector":{"id":"application-managepartners-display-component---NewPartner--addressDetailDetailsCity1","interaction":{"idSuffix":"inner"}},"clearTextFirst":true,"interactionType":"ENTER_TEXT"}]}
RESULT: {"script":"<script> [776 bytes]","args":[{"enterText":"Rosario","selector":{"id":"application-managepartners-display-component---NewPartner--addressDetailDetailsCity1","interaction":{"idSuffix":"inner"}},"clearTextFirst":true,"interactionType":"ENTER_TEXT"}]}
COMMAND: POST /session/adf199ce321191b0d42bf89d7113c6d5/execute/async - {"script":"<script> [1562 bytes]","args":[{"selector":{"id":"application-managepartners-display-component---NewPartner--addressDetailDetailsCountry-arrow"},"wdio_ui5_key":"applicationmanagepartners-display-component---NewPartner--addressDetailDetailsCountry-arrow"}]}
RESULT: {"script":"<script> [1562 bytes]","args":[{"selector":{"id":"application-managepartners-display-component---NewPartner--addressDetailDetailsCountry-arrow"},"wdio_ui5_key":"applicationmanagepartners-display-component---NewPartner--addressDetailDetailsCountry-arrow"}]}
RESULT: undefined
COMMAND: POST /session/adf199ce321191b0d42bf89d7113c6d5/element - {"using":"xpath","value":"//*[@id=\"application-managepartners-display-component---NewPartner--addressDetailDetailsCountry-arrow\"]"}
RESULT: {"using":"xpath","value":"//*[@id=\"application-managepartners-display-component---NewPartner--addressDetailDetailsCountry-arrow\"]"}
COMMAND: POST /session/adf199ce321191b0d42bf89d7113c6d5/element/f.53561D77C6482DD9DDA73AB31B5C064E.d.AC49B254C52CB1F46F4AF57E41FC7D4E.e.3366/click - {}
RESULT: {}
COMMAND: POST /session/adf199ce321191b0d42bf89d7113c6d5/element - {"using":"xpath","value":"//span[contains(text(), \"Argentina\")]"}
COMMAND: GET /session/adf199ce321191b0d42bf89d7113c6d5/screenshot - {}
RESULT: {"using":"xpath","value":"//span[contains(text(), \"Argentina\")]"}
COMMAND: POST /session/adf199ce321191b0d42bf89d7113c6d5/element/f.53561D77C6482DD9DDA73AB31B5C064E.d.AC49B254C52CB1F46F4AF57E41FC7D4E.e.3431/click - {}
RESULT: {}
RESULT: {}
COMMAND: GET /session/adf199ce321191b0d42bf89d7113c6d5/screenshot - {}
RESULT: {}
COMMAND: POST /session/adf199ce321191b0d42bf89d7113c6d5/element - {"using":"xpath","value":"//bdi[contains(text(), \"Commercial\")]"}
RESULT: {"using":"xpath","value":"//bdi[contains(text(), \"Commercial\")]"}
COMMAND: POST /session/adf199ce321191b0d42bf89d7113c6d5/element/f.53561D77C6482DD9DDA73AB31B5C064E.d.AC49B254C52CB1F46F4AF57E41FC7D4E.e.3432/click - {}
RESULT: {}
COMMAND: GET /session/adf199ce321191b0d42bf89d7113c6d5/screenshot - {}
RESULT: {}
COMMAND: POST /session/adf199ce321191b0d42bf89d7113c6d5/execute/async - {"script":"<script> [1562 bytes]","args":[{"selector":{"id":"application-managepartners-display-component---NewPartner--partnerDetailInternal-arrow"},"wdio_ui5_key":"applicationmanagepartners-display-component---NewPartner--partnerDetailInternal-arrow"}]}
RESULT: {"script":"<script> [1562 bytes]","args":[{"selector":{"id":"application-managepartners-display-component---NewPartner--partnerDetailInternal-arrow"},"wdio_ui5_key":"applicationmanagepartners-display-component---NewPartner--partnerDetailInternal-arrow"}]}
RESULT: undefined
COMMAND: POST /session/adf199ce321191b0d42bf89d7113c6d5/element - {"using":"xpath","value":"//*[@id=\"application-managepartners-display-component---NewPartner--partnerDetailInternal-arrow\"]"}
RESULT: {"using":"xpath","value":"//*[@id=\"application-managepartners-display-component---NewPartner--partnerDetailInternal-arrow\"]"}
COMMAND: POST /session/adf199ce321191b0d42bf89d7113c6d5/element/f.53561D77C6482DD9DDA73AB31B5C064E.d.AC49B254C52CB1F46F4AF57E41FC7D4E.e.3438/click - {}
RESULT: {}
COMMAND: POST /session/adf199ce321191b0d42bf89d7113c6d5/element - {"using":"xpath","value":"//span[contains(text(), \"Affiliated company\")]"}
COMMAND: GET /session/adf199ce321191b0d42bf89d7113c6d5/screenshot - {}
RESULT: {"using":"xpath","value":"//span[contains(text(), \"Affiliated company\")]"}
COMMAND: POST /session/adf199ce321191b0d42bf89d7113c6d5/element/f.53561D77C6482DD9DDA73AB31B5C064E.d.AC49B254C52CB1F46F4AF57E41FC7D4E.e.3439/click - {}
RESULT: {}
RESULT: {}
COMMAND: POST /session/adf199ce321191b0d42bf89d7113c6d5/execute/async - {"script":"<script> [1562 bytes]","args":[{"selector":{"id":"application-managepartners-display-component---NewPartner--partnerDetailsCurrency-arrow"},"wdio_ui5_key":"applicationmanagepartners-display-component---NewPartner--partnerDetailsCurrency-arrow"}]}
COMMAND: GET /session/adf199ce321191b0d42bf89d7113c6d5/screenshot - {}
RESULT: {"script":"<script> [1562 bytes]","args":[{"selector":{"id":"application-managepartners-display-component---NewPartner--partnerDetailsCurrency-arrow"},"wdio_ui5_key":"applicationmanagepartners-display-component---NewPartner--partnerDetailsCurrency-arrow"}]}
RESULT: undefined
COMMAND: POST /session/adf199ce321191b0d42bf89d7113c6d5/element - {"using":"xpath","value":"//*[@id=\"application-managepartners-display-component---NewPartner--partnerDetailsCurrency-arrow\"]"}
RESULT: {}
RESULT: {"using":"xpath","value":"//*[@id=\"application-managepartners-display-component---NewPartner--partnerDetailsCurrency-arrow\"]"}
COMMAND: POST /session/adf199ce321191b0d42bf89d7113c6d5/element/f.53561D77C6482DD9DDA73AB31B5C064E.d.AC49B254C52CB1F46F4AF57E41FC7D4E.e.3446/click - {}
RESULT: {}
COMMAND: POST /session/adf199ce321191b0d42bf89d7113c6d5/element - {"using":"xpath","value":"//span[contains(text(), \"Euro\")]"}
COMMAND: GET /session/adf199ce321191b0d42bf89d7113c6d5/screenshot - {}
RESULT: {"using":"xpath","value":"//span[contains(text(), \"Euro\")]"}
COMMAND: POST /session/adf199ce321191b0d42bf89d7113c6d5/element/f.53561D77C6482DD9DDA73AB31B5C064E.d.AC49B254C52CB1F46F4AF57E41FC7D4E.e.3447/click - {}
RESULT: {}
RESULT: {}
COMMAND: POST /session/adf199ce321191b0d42bf89d7113c6d5/execute/async - {"script":"<script> [1562 bytes]","args":[{"selector":{"id":"application-managepartners-display-component---NewPartner--addressEditDetailsCostObjectCstType-arrow"},"wdio_ui5_key":"applicationmanagepartners-display-component---NewPartner--addressEditDetailsCostObjectCstType-arrow"}]}
COMMAND: GET /session/adf199ce321191b0d42bf89d7113c6d5/screenshot - {}
RESULT: {"script":"<script> [1562 bytes]","args":[{"selector":{"id":"application-managepartners-display-component---NewPartner--addressEditDetailsCostObjectCstType-arrow"},"wdio_ui5_key":"applicationmanagepartners-display-component---NewPartner--addressEditDetailsCostObjectCstType-arrow"}]}
RESULT: undefined
COMMAND: POST /session/adf199ce321191b0d42bf89d7113c6d5/element - {"using":"xpath","value":"//*[@id=\"application-managepartners-display-component---NewPartner--addressEditDetailsCostObjectCstType-arrow\"]"}
RESULT: {}
RESULT: {"using":"xpath","value":"//*[@id=\"application-managepartners-display-component---NewPartner--addressEditDetailsCostObjectCstType-arrow\"]"}
COMMAND: POST /session/adf199ce321191b0d42bf89d7113c6d5/element/f.53561D77C6482DD9DDA73AB31B5C064E.d.AC49B254C52CB1F46F4AF57E41FC7D4E.e.3448/click - {}
RESULT: {}
COMMAND: POST /session/adf199ce321191b0d42bf89d7113c6d5/element - {"using":"xpath","value":"//span[contains(text(), \"Cost Center\")]"}
COMMAND: GET /session/adf199ce321191b0d42bf89d7113c6d5/screenshot - {}
RESULT: {"using":"xpath","value":"//span[contains(text(), \"Cost Center\")]"}
COMMAND: POST /session/adf199ce321191b0d42bf89d7113c6d5/element/f.53561D77C6482DD9DDA73AB31B5C064E.d.AC49B254C52CB1F46F4AF57E41FC7D4E.e.3449/click - {}
RESULT: {}
RESULT: {}
COMMAND: GET /session/adf199ce321191b0d42bf89d7113c6d5/screenshot - {}
RESULT: {}
COMMAND: POST /session/adf199ce321191b0d42bf89d7113c6d5/element - {"using":"xpath","value":"//span[@id=\"application-managepartners-display-component---NewPartner--addressNewCostObjectCstID-vhi\"]"}
RESULT: {"using":"xpath","value":"//span[@id=\"application-managepartners-display-component---NewPartner--addressNewCostObjectCstID-vhi\"]"}
COMMAND: POST /session/adf199ce321191b0d42bf89d7113c6d5/execute/sync - {"script":"<script> [8489 bytes]","args":[{"element-6066-11e4-a52e-4f735466cecf":"f.53561D77C6482DD9DDA73AB31B5C064E.d.AC49B254C52CB1F46F4AF57E41FC7D4E.e.3452","ELEMENT":"f.53561D77C6482DD9DDA73AB31B5C064E.d.AC49B254C52CB1F46F4AF57E41FC7D4E.e.3452"}]}
RESULT: {"script":"<script> [8489 bytes]","args":[{"element-6066-11e4-a52e-4f735466cecf":"f.53561D77C6482DD9DDA73AB31B5C064E.d.AC49B254C52CB1F46F4AF57E41FC7D4E.e.3452","ELEMENT":"f.53561D77C6482DD9DDA73AB31B5C064E.d.AC49B254C52CB1F46F4AF57E41FC7D4E.e.3452"}]}
COMMAND: POST /session/adf199ce321191b0d42bf89d7113c6d5/execute/async - {"script":"<script> [1562 bytes]","args":[{"selector":{"id":"application-managepartners-display-component---NewPartner--addressNewCostObjectCstID-vhi"},"wdio_ui5_key":"applicationmanagepartners-display-component---NewPartner--addressNewCostObjectCstID-vhi"}]}
COMMAND: GET /session/adf199ce321191b0d42bf89d7113c6d5/screenshot - {}
RESULT: {"script":"<script> [1562 bytes]","args":[{"selector":{"id":"application-managepartners-display-component---NewPartner--addressNewCostObjectCstID-vhi"},"wdio_ui5_key":"applicationmanagepartners-display-component---NewPartner--addressNewCostObjectCstID-vhi"}]}
RESULT: undefined
COMMAND: POST /session/adf199ce321191b0d42bf89d7113c6d5/element - {"using":"xpath","value":"//*[@id=\"application-managepartners-display-component---NewPartner--addressNewCostObjectCstID-vhi\"]"}
RESULT: {}
RESULT: {"using":"xpath","value":"//*[@id=\"application-managepartners-display-component---NewPartner--addressNewCostObjectCstID-vhi\"]"}
COMMAND: POST /session/adf199ce321191b0d42bf89d7113c6d5/element/f.53561D77C6482DD9DDA73AB31B5C064E.d.AC49B254C52CB1F46F4AF57E41FC7D4E.e.3452/click - {}
RESULT: {}
COMMAND: GET /session/adf199ce321191b0d42bf89d7113c6d5/screenshot - {}
RESULT: {}
COMMAND: POST /session/adf199ce321191b0d42bf89d7113c6d5/execute/async - {"script":"<script> [1562 bytes]","args":[{"selector":{"controlType":"sap.m.SearchField","properties":{"placeholder":"Search"},"searchOpenDialogs":true,"interaction":{"idSuffix":"I"}},"wdio_ui5_key":"sapm.SearchField{\"placeholder\":\"Search\"}"}]}
RESULT: {"script":"<script> [1562 bytes]","args":[{"selector":{"controlType":"sap.m.SearchField","properties":{"placeholder":"Search"},"searchOpenDialogs":true,"interaction":{"idSuffix":"I"}},"wdio_ui5_key":"sapm.SearchField{\"placeholder\":\"Search\"}"}]}
RESULT: undefined
COMMAND: POST /session/adf199ce321191b0d42bf89d7113c6d5/execute/async - {"script":"<script> [776 bytes]","args":[{"enterText":"10001013","selector":{"controlType":"sap.m.SearchField","properties":{"placeholder":"Search"},"searchOpenDialogs":true,"interaction":{"idSuffix":"I"}},"clearTextFirst":true,"interactionType":"ENTER_TEXT"}]}
RESULT: {"script":"<script> [776 bytes]","args":[{"enterText":"10001013","selector":{"controlType":"sap.m.SearchField","properties":{"placeholder":"Search"},"searchOpenDialogs":true,"interaction":{"idSuffix":"I"}},"clearTextFirst":true,"interactionType":"ENTER_TEXT"}]}
COMMAND: POST /session/adf199ce321191b0d42bf89d7113c6d5/actions - {"actions":[{"id":"action10","type":"key","parameters":{},"actions":[{"type":"keyDown","value":""},{"type":"pause","duration":10},{"type":"keyUp","value":""}]}]}
RESULT: {"actions":[{"id":"action10","type":"key","parameters":{},"actions":[{"type":"keyDown","value":""},{"type":"pause","duration":10},{"type":"keyUp","value":""}]}]}
COMMAND: GET /session/adf199ce321191b0d42bf89d7113c6d5/screenshot - {}
RESULT: {}
COMMAND: POST /session/adf199ce321191b0d42bf89d7113c6d5/element - {"using":"xpath","value":"//span[contains(text(), \"General Management\")]"}
RESULT: {"using":"xpath","value":"//span[contains(text(), \"General Management\")]"}
COMMAND: POST /session/adf199ce321191b0d42bf89d7113c6d5/element/f.53561D77C6482DD9DDA73AB31B5C064E.d.AC49B254C52CB1F46F4AF57E41FC7D4E.e.3461/click - {}
RESULT: {}
COMMAND: GET /session/adf199ce321191b0d42bf89d7113c6d5/screenshot - {}
RESULT: {}
COMMAND: POST /session/adf199ce321191b0d42bf89d7113c6d5/element - {"using":"xpath","value":"//bdi[contains(text(), \"OK\")]"}
RESULT: {"using":"xpath","value":"//bdi[contains(text(), \"OK\")]"}
COMMAND: POST /session/adf199ce321191b0d42bf89d7113c6d5/element/f.53561D77C6482DD9DDA73AB31B5C064E.d.AC49B254C52CB1F46F4AF57E41FC7D4E.e.3463/click - {}
RESULT: {}
COMMAND: GET /session/adf199ce321191b0d42bf89d7113c6d5/screenshot - {}
RESULT: {}
COMMAND: POST /session/adf199ce321191b0d42bf89d7113c6d5/element - {"using":"xpath","value":"//input[@id=\"application-managepartners-display-component---NewPartner--companyCodeComboBox-inner\"]"}
RESULT: {"using":"xpath","value":"//input[@id=\"application-managepartners-display-component---NewPartner--companyCodeComboBox-inner\"]"}
COMMAND: POST /session/adf199ce321191b0d42bf89d7113c6d5/element/f.53561D77C6482DD9DDA73AB31B5C064E.d.AC49B254C52CB1F46F4AF57E41FC7D4E.e.3361/clear - {}
RESULT: {}
COMMAND: POST /session/adf199ce321191b0d42bf89d7113c6d5/element/f.53561D77C6482DD9DDA73AB31B5C064E.d.AC49B254C52CB1F46F4AF57E41FC7D4E.e.3361/value - {"text":"C002"}
COMMAND: GET /session/adf199ce321191b0d42bf89d7113c6d5/screenshot - {}
RESULT: {"text":"C002"}
COMMAND: GET /session/adf199ce321191b0d42bf89d7113c6d5/screenshot - {}
RESULT: {}
RESULT: {}
COMMAND: POST /session/adf199ce321191b0d42bf89d7113c6d5/element - {"using":"xpath","value":"//span[contains(text(), \"C002\")]"}
RESULT: {"using":"xpath","value":"//span[contains(text(), \"C002\")]"}
COMMAND: POST /session/adf199ce321191b0d42bf89d7113c6d5/element/f.53561D77C6482DD9DDA73AB31B5C064E.d.AC49B254C52CB1F46F4AF57E41FC7D4E.e.3469/click - {}
RESULT: {}
COMMAND: GET /session/adf199ce321191b0d42bf89d7113c6d5/screenshot - {}
RESULT: {}
COMMAND: POST /session/adf199ce321191b0d42bf89d7113c6d5/execute/async - {"script":"<script> [1562 bytes]","args":[{"selector":{"id":"application-managepartners-display-component---NewPartner--btnAddTableRow-img"},"wdio_ui5_key":"applicationmanagepartners-display-component---NewPartner--btnAddTableRow-img"}]}
RESULT: {"script":"<script> [1562 bytes]","args":[{"selector":{"id":"application-managepartners-display-component---NewPartner--btnAddTableRow-img"},"wdio_ui5_key":"applicationmanagepartners-display-component---NewPartner--btnAddTableRow-img"}]}
RESULT: undefined
COMMAND: POST /session/adf199ce321191b0d42bf89d7113c6d5/element - {"using":"xpath","value":"//*[@id=\"application-managepartners-display-component---NewPartner--btnAddTableRow-img\"]"}
RESULT: {"using":"xpath","value":"//*[@id=\"application-managepartners-display-component---NewPartner--btnAddTableRow-img\"]"}
COMMAND: POST /session/adf199ce321191b0d42bf89d7113c6d5/element/f.53561D77C6482DD9DDA73AB31B5C064E.d.AC49B254C52CB1F46F4AF57E41FC7D4E.e.3470/click - {}
RESULT: {}
COMMAND: GET /session/adf199ce321191b0d42bf89d7113c6d5/screenshot - {}
RESULT: {}
COMMAND: POST /session/adf199ce321191b0d42bf89d7113c6d5/element - {"using":"xpath","value":"//input[@id=\"application-managepartners-display-component---NewPartner--assignmentYard-application-managepartners-display-component---NewPartner--assignmentsTable-0-inner\"]"}
RESULT: {"using":"xpath","value":"//input[@id=\"application-managepartners-display-component---NewPartner--assignmentYard-application-managepartners-display-component---NewPartner--assignmentsTable-0-inner\"]"}
COMMAND: POST /session/adf199ce321191b0d42bf89d7113c6d5/element/f.53561D77C6482DD9DDA73AB31B5C064E.d.AC49B254C52CB1F46F4AF57E41FC7D4E.e.3473/clear - {}
RESULT: {}
COMMAND: POST /session/adf199ce321191b0d42bf89d7113c6d5/element/f.53561D77C6482DD9DDA73AB31B5C064E.d.AC49B254C52CB1F46F4AF57E41FC7D4E.e.3473/value - {"text":"704"}
COMMAND: GET /session/adf199ce321191b0d42bf89d7113c6d5/screenshot - {}
RESULT: {"text":"704"}
COMMAND: GET /session/adf199ce321191b0d42bf89d7113c6d5/screenshot - {}
RESULT: {}
RESULT: {}
COMMAND: POST /session/adf199ce321191b0d42bf89d7113c6d5/element - {"using":"xpath","value":"//li[.//span[text()='704']]"}
RESULT: {"using":"xpath","value":"//li[.//span[text()='704']]"}
COMMAND: POST /session/adf199ce321191b0d42bf89d7113c6d5/element/f.53561D77C6482DD9DDA73AB31B5C064E.d.AC49B254C52CB1F46F4AF57E41FC7D4E.e.3482/click - {}
RESULT: {}
COMMAND: GET /session/adf199ce321191b0d42bf89d7113c6d5/screenshot - {}
RESULT: {}
COMMAND: POST /session/adf199ce321191b0d42bf89d7113c6d5/actions - {"actions":[{"id":"action11","type":"key","parameters":{},"actions":[{"type":"keyDown","value":""},{"type":"pause","duration":10},{"type":"keyUp","value":""}]}]}
RESULT: {"actions":[{"id":"action11","type":"key","parameters":{},"actions":[{"type":"keyDown","value":""},{"type":"pause","duration":10},{"type":"keyUp","value":""}]}]}
COMMAND: POST /session/adf199ce321191b0d42bf89d7113c6d5/execute/async - {"script":"<script> [1562 bytes]","args":[{"selector":{"id":"application-managepartners-display-component---NewPartner--externalCustomerComboBox-application-managepartners-display-component---NewPartner--assignmentsTable-0-vhi"},"wdio_ui5_key":"applicationmanagepartners-display-component---NewPartner--externalCustomerComboBox-application-managepartners-display-component---NewPartner--assignmentsTable-0-vhi"}]}
COMMAND: GET /session/adf199ce321191b0d42bf89d7113c6d5/screenshot - {}
RESULT: {"script":"<script> [1562 bytes]","args":[{"selector":{"id":"application-managepartners-display-component---NewPartner--externalCustomerComboBox-application-managepartners-display-component---NewPartner--assignmentsTable-0-vhi"},"wdio_ui5_key":"applicationmanagepartners-display-component---NewPartner--externalCustomerComboBox-application-managepartners-display-component---NewPartner--assignmentsTable-0-vhi"}]}
RESULT: undefined
COMMAND: POST /session/adf199ce321191b0d42bf89d7113c6d5/element - {"using":"xpath","value":"//*[@id=\"application-managepartners-display-component---NewPartner--externalCustomerComboBox-application-managepartners-display-component---NewPartner--assignmentsTable-0-vhi\"]"}
RESULT: {}
RESULT: {"using":"xpath","value":"//*[@id=\"application-managepartners-display-component---NewPartner--externalCustomerComboBox-application-managepartners-display-component---NewPartner--assignmentsTable-0-vhi\"]"}
COMMAND: POST /session/adf199ce321191b0d42bf89d7113c6d5/element/f.53561D77C6482DD9DDA73AB31B5C064E.d.AC49B254C52CB1F46F4AF57E41FC7D4E.e.3486/click - {}
RESULT: {}
RESULT: undefined
COMMAND: POST /session/adf199ce321191b0d42bf89d7113c6d5/execute/async - {"script":"<script> [776 bytes]","args":[{"enterText":"300003","selector":{"controlType":"sap.m.SearchField","properties":{"placeholder":"Search"},"searchOpenDialogs":true,"interaction":{"idSuffix":"I"}},"clearTextFirst":true,"interactionType":"ENTER_TEXT"}]}
COMMAND: GET /session/adf199ce321191b0d42bf89d7113c6d5/screenshot - {}
RESULT: {"script":"<script> [776 bytes]","args":[{"enterText":"300003","selector":{"controlType":"sap.m.SearchField","properties":{"placeholder":"Search"},"searchOpenDialogs":true,"interaction":{"idSuffix":"I"}},"clearTextFirst":true,"interactionType":"ENTER_TEXT"}]}
COMMAND: POST /session/adf199ce321191b0d42bf89d7113c6d5/actions - {"actions":[{"id":"action12","type":"key","parameters":{},"actions":[{"type":"keyDown","value":""},{"type":"pause","duration":10},{"type":"keyUp","value":""}]}]}
RESULT: {}
RESULT: {"actions":[{"id":"action12","type":"key","parameters":{},"actions":[{"type":"keyDown","value":""},{"type":"pause","duration":10},{"type":"keyUp","value":""}]}]}
COMMAND: GET /session/adf199ce321191b0d42bf89d7113c6d5/screenshot - {}
RESULT: {}
COMMAND: POST /session/adf199ce321191b0d42bf89d7113c6d5/element - {"using":"xpath","value":"//span[contains(text(), \"300003\")]"}
RESULT: {"using":"xpath","value":"//span[contains(text(), \"300003\")]"}
COMMAND: POST /session/adf199ce321191b0d42bf89d7113c6d5/element/f.53561D77C6482DD9DDA73AB31B5C064E.d.AC49B254C52CB1F46F4AF57E41FC7D4E.e.3494/click - {}
RESULT: {}
COMMAND: GET /session/adf199ce321191b0d42bf89d7113c6d5/screenshot - {}
RESULT: {}
COMMAND: POST /session/adf199ce321191b0d42bf89d7113c6d5/element - {"using":"xpath","value":"//bdi[contains(text(), \"OK\")]"}
RESULT: {"using":"xpath","value":"//bdi[contains(text(), \"OK\")]"}
COMMAND: POST /session/adf199ce321191b0d42bf89d7113c6d5/element/f.53561D77C6482DD9DDA73AB31B5C064E.d.AC49B254C52CB1F46F4AF57E41FC7D4E.e.3496/click - {}
RESULT: {}
COMMAND: GET /session/adf199ce321191b0d42bf89d7113c6d5/screenshot - {}
RESULT: {}
COMMAND: POST /session/adf199ce321191b0d42bf89d7113c6d5/execute/async - {"script":"<script> [1562 bytes]","args":[{"selector":{"id":"application-managepartners-display-component---NewPartner--intercompVendorComboBox-application-managepartners-display-component---NewPartner--assignmentsTable-0-vhi"},"wdio_ui5_key":"applicationmanagepartners-display-component---NewPartner--intercompVendorComboBox-application-managepartners-display-component---NewPartner--assignmentsTable-0-vhi"}]}
RESULT: {"script":"<script> [1562 bytes]","args":[{"selector":{"id":"application-managepartners-display-component---NewPartner--intercompVendorComboBox-application-managepartners-display-component---NewPartner--assignmentsTable-0-vhi"},"wdio_ui5_key":"applicationmanagepartners-display-component---NewPartner--intercompVendorComboBox-application-managepartners-display-component---NewPartner--assignmentsTable-0-vhi"}]}
RESULT: undefined
COMMAND: POST /session/adf199ce321191b0d42bf89d7113c6d5/element - {"using":"xpath","value":"//*[@id=\"application-managepartners-display-component---NewPartner--intercompVendorComboBox-application-managepartners-display-component---NewPartner--assignmentsTable-0-vhi\"]"}
RESULT: {"using":"xpath","value":"//*[@id=\"application-managepartners-display-component---NewPartner--intercompVendorComboBox-application-managepartners-display-component---NewPartner--assignmentsTable-0-vhi\"]"}
COMMAND: POST /session/adf199ce321191b0d42bf89d7113c6d5/element/f.53561D77C6482DD9DDA73AB31B5C064E.d.AC49B254C52CB1F46F4AF57E41FC7D4E.e.3499/click - {}
RESULT: {}
RESULT: undefined
COMMAND: POST /session/adf199ce321191b0d42bf89d7113c6d5/execute/async - {"script":"<script> [776 bytes]","args":[{"enterText":"100005","selector":{"controlType":"sap.m.SearchField","properties":{"placeholder":"Search"},"searchOpenDialogs":true,"interaction":{"idSuffix":"I"}},"clearTextFirst":true,"interactionType":"ENTER_TEXT"}]}
COMMAND: GET /session/adf199ce321191b0d42bf89d7113c6d5/screenshot - {}
RESULT: {"script":"<script> [776 bytes]","args":[{"enterText":"100005","selector":{"controlType":"sap.m.SearchField","properties":{"placeholder":"Search"},"searchOpenDialogs":true,"interaction":{"idSuffix":"I"}},"clearTextFirst":true,"interactionType":"ENTER_TEXT"}]}
COMMAND: POST /session/adf199ce321191b0d42bf89d7113c6d5/actions - {"actions":[{"id":"action13","type":"key","parameters":{},"actions":[{"type":"keyDown","value":""},{"type":"pause","duration":10},{"type":"keyUp","value":""}]}]}
RESULT: {}
RESULT: {"actions":[{"id":"action13","type":"key","parameters":{},"actions":[{"type":"keyDown","value":""},{"type":"pause","duration":10},{"type":"keyUp","value":""}]}]}
COMMAND: GET /session/adf199ce321191b0d42bf89d7113c6d5/screenshot - {}
RESULT: {}
COMMAND: POST /session/adf199ce321191b0d42bf89d7113c6d5/element - {"using":"xpath","value":"//span[contains(text(), \"Penguins - Field/12345 Berlin\")]"}
RESULT: {"using":"xpath","value":"//span[contains(text(), \"Penguins - Field/12345 Berlin\")]"}
COMMAND: POST /session/adf199ce321191b0d42bf89d7113c6d5/element/f.53561D77C6482DD9DDA73AB31B5C064E.d.AC49B254C52CB1F46F4AF57E41FC7D4E.e.3517/click - {}
RESULT: {}
COMMAND: GET /session/adf199ce321191b0d42bf89d7113c6d5/screenshot - {}
RESULT: {}
COMMAND: POST /session/adf199ce321191b0d42bf89d7113c6d5/element - {"using":"xpath","value":"//bdi[contains(text(), \"OK\")]"}
RESULT: {"using":"xpath","value":"//bdi[contains(text(), \"OK\")]"}
COMMAND: POST /session/adf199ce321191b0d42bf89d7113c6d5/element/f.53561D77C6482DD9DDA73AB31B5C064E.d.AC49B254C52CB1F46F4AF57E41FC7D4E.e.3518/click - {}
RESULT: {}
COMMAND: GET /session/adf199ce321191b0d42bf89d7113c6d5/screenshot - {}
RESULT: {}
COMMAND: POST /session/adf199ce321191b0d42bf89d7113c6d5/element - {"using":"xpath","value":"//button[@data-kt=\"saveButton\"]"}
RESULT: {"using":"xpath","value":"//button[@data-kt=\"saveButton\"]"}
COMMAND: POST /session/adf199ce321191b0d42bf89d7113c6d5/element/f.53561D77C6482DD9DDA73AB31B5C064E.d.AC49B254C52CB1F46F4AF57E41FC7D4E.e.3406/click - {}
RESULT: {}
COMMAND: GET /session/adf199ce321191b0d42bf89d7113c6d5/screenshot - {}
RESULT: {}
COMMAND: POST /session/adf199ce321191b0d42bf89d7113c6d5/element - {"using":"xpath","value":"//header[contains(@id, 'ObjectPageLayout-headerTitle')]/div[1]/div[2]/div[2]/span[1]"}
RESULT: {"using":"xpath","value":"//header[contains(@id, 'ObjectPageLayout-headerTitle')]/div[1]/div[2]/div[2]/span[1]"}
COMMAND: POST /session/adf199ce321191b0d42bf89d7113c6d5/elements - {"using":"xpath","value":"//header[contains(@id, 'ObjectPageLayout-headerTitle')]/div[1]/div[2]/div[2]/span[1]"}
RESULT: {"using":"xpath","value":"//header[contains(@id, 'ObjectPageLayout-headerTitle')]/div[1]/div[2]/div[2]/span[1]"}
COMMAND: POST /session/adf199ce321191b0d42bf89d7113c6d5/execute/sync - {"script":"<script> [56 bytes]","args":[{"element-6066-11e4-a52e-4f735466cecf":"f.53561D77C6482DD9DDA73AB31B5C064E.d.AC49B254C52CB1F46F4AF57E41FC7D4E.e.3682","ELEMENT":"f.53561D77C6482DD9DDA73AB31B5C064E.d.AC49B254C52CB1F46F4AF57E41FC7D4E.e.3682"}]}
RESULT: {"script":"<script> [56 bytes]","args":[{"element-6066-11e4-a52e-4f735466cecf":"f.53561D77C6482DD9DDA73AB31B5C064E.d.AC49B254C52CB1F46F4AF57E41FC7D4E.e.3682","ELEMENT":"f.53561D77C6482DD9DDA73AB31B5C064E.d.AC49B254C52CB1F46F4AF57E41FC7D4E.e.3682"}]}
COMMAND: POST /session/adf199ce321191b0d42bf89d7113c6d5/element - {"using":"css selector","value":"#shell-header-logo"}
COMMAND: GET /session/adf199ce321191b0d42bf89d7113c6d5/screenshot - {}
RESULT: {"using":"css selector","value":"#shell-header-logo"}
COMMAND: POST /session/adf199ce321191b0d42bf89d7113c6d5/element/f.53561D77C6482DD9DDA73AB31B5C064E.d.AC49B254C52CB1F46F4AF57E41FC7D4E.e.2977/click - {}
RESULT: {}
RESULT: {}
COMMAND: GET /session/adf199ce321191b0d42bf89d7113c6d5/screenshot - {}
RESULT: {}
COMMAND: POST /session/adf199ce321191b0d42bf89d7113c6d5/execute/sync - {"script":"<script> [299 bytes]","args":[["getModel","getResource"]]}
RESULT: {"script":"<script> [299 bytes]","args":[["getModel","getResource"]]}
COMMAND: GET /session/adf199ce321191b0d42bf89d7113c6d5/screenshot - {}
]]></system-out>
    </testcase>
    <testcase classname="chrome.135_0_7049_42.windows.Edit_and_delete_daily_price_US134629_US134627" name="Should create a new site used for following tests" time="151.068">
      <system-out><![CDATA[
COMMAND: POST /session/adf199ce321191b0d42bf89d7113c6d5/execute/async - {"script":"<script> [1562 bytes]","args":[{"selector":{"controlType":"sap.m.TileContent","bindingPath":{"path":"","propertyPath":"/properties/info"},"ancestor":{"controlType":"sap.m.GenericTile","properties":{"header":"Manage Sites"}}},"wdio_ui5_key":"sapm.TileContent{\"path\":\"\",\"propertyPath\":\"/properties/info\"}{\"controlType\":\"sap.m.GenericTile\",\"properties\":{\"header\":\"Manage Sites\"}}"}]}
RESULT: {"script":"<script> [1562 bytes]","args":[{"selector":{"controlType":"sap.m.TileContent","bindingPath":{"path":"","propertyPath":"/properties/info"},"ancestor":{"controlType":"sap.m.GenericTile","properties":{"header":"Manage Sites"}}},"wdio_ui5_key":"sapm.TileContent{\"path\":\"\",\"propertyPath\":\"/properties/info\"}{\"controlType\":\"sap.m.GenericTile\",\"properties\":{\"header\":\"Manage Sites\"}}"}]}
RESULT: undefined
COMMAND: POST /session/adf199ce321191b0d42bf89d7113c6d5/element - {"using":"xpath","value":"//*[@id=\"__xmlview7--numericTileContent\"]"}
RESULT: {}
RESULT: {"using":"xpath","value":"//*[@id=\"__xmlview7--numericTileContent\"]"}
COMMAND: POST /session/adf199ce321191b0d42bf89d7113c6d5/element/f.53561D77C6482DD9DDA73AB31B5C064E.d.AC49B254C52CB1F46F4AF57E41FC7D4E.e.3684/click - {}
RESULT: {}
COMMAND: POST /session/adf199ce321191b0d42bf89d7113c6d5/element - {"using":"xpath","value":"//button[@data-kt=\"addOverflowToolbarButton\"]"}
COMMAND: GET /session/adf199ce321191b0d42bf89d7113c6d5/screenshot - {}
RESULT: {"using":"xpath","value":"//button[@data-kt=\"addOverflowToolbarButton\"]"}
COMMAND: POST /session/adf199ce321191b0d42bf89d7113c6d5/elements - {"using":"xpath","value":"//button[@data-kt=\"addOverflowToolbarButton\"]"}
RESULT: {}
RESULT: {"using":"xpath","value":"//button[@data-kt=\"addOverflowToolbarButton\"]"}
COMMAND: POST /session/adf199ce321191b0d42bf89d7113c6d5/elements - {"using":"xpath","value":"//button[@data-kt=\"addOverflowToolbarButton\"]"}
RESULT: {"using":"xpath","value":"//button[@data-kt=\"addOverflowToolbarButton\"]"}
COMMAND: POST /session/adf199ce321191b0d42bf89d7113c6d5/elements - {"using":"xpath","value":"//button[@data-kt=\"addOverflowToolbarButton\"]"}
RESULT: {"using":"xpath","value":"//button[@data-kt=\"addOverflowToolbarButton\"]"}
COMMAND: POST /session/adf199ce321191b0d42bf89d7113c6d5/elements - {"using":"xpath","value":"//button[@data-kt=\"addOverflowToolbarButton\"]"}
RESULT: {"using":"xpath","value":"//button[@data-kt=\"addOverflowToolbarButton\"]"}
COMMAND: POST /session/adf199ce321191b0d42bf89d7113c6d5/elements - {"using":"xpath","value":"//button[@data-kt=\"addOverflowToolbarButton\"]"}
RESULT: {"using":"xpath","value":"//button[@data-kt=\"addOverflowToolbarButton\"]"}
COMMAND: POST /session/adf199ce321191b0d42bf89d7113c6d5/element - {"using":"xpath","value":"//button[@data-kt=\"addOverflowToolbarButton\"]"}
RESULT: {"using":"xpath","value":"//button[@data-kt=\"addOverflowToolbarButton\"]"}
COMMAND: POST /session/adf199ce321191b0d42bf89d7113c6d5/execute/sync - {"script":"<script> [8489 bytes]","args":[{"element-6066-11e4-a52e-4f735466cecf":"f.53561D77C6482DD9DDA73AB31B5C064E.d.AC49B254C52CB1F46F4AF57E41FC7D4E.e.3730","ELEMENT":"f.53561D77C6482DD9DDA73AB31B5C064E.d.AC49B254C52CB1F46F4AF57E41FC7D4E.e.3730"}]}
RESULT: {"script":"<script> [8489 bytes]","args":[{"element-6066-11e4-a52e-4f735466cecf":"f.53561D77C6482DD9DDA73AB31B5C064E.d.AC49B254C52CB1F46F4AF57E41FC7D4E.e.3730","ELEMENT":"f.53561D77C6482DD9DDA73AB31B5C064E.d.AC49B254C52CB1F46F4AF57E41FC7D4E.e.3730"}]}
COMMAND: GET /session/adf199ce321191b0d42bf89d7113c6d5/element/f.53561D77C6482DD9DDA73AB31B5C064E.d.AC49B254C52CB1F46F4AF57E41FC7D4E.e.3730/enabled - {}
COMMAND: GET /session/adf199ce321191b0d42bf89d7113c6d5/screenshot - {}
RESULT: {}
COMMAND: POST /session/adf199ce321191b0d42bf89d7113c6d5/execute/sync - {"script":"<script> [8489 bytes]","args":[{"element-6066-11e4-a52e-4f735466cecf":"f.53561D77C6482DD9DDA73AB31B5C064E.d.AC49B254C52CB1F46F4AF57E41FC7D4E.e.3730","ELEMENT":"f.53561D77C6482DD9DDA73AB31B5C064E.d.AC49B254C52CB1F46F4AF57E41FC7D4E.e.3730"}]}
COMMAND: GET /session/adf199ce321191b0d42bf89d7113c6d5/screenshot - {}
RESULT: {}
RESULT: {"script":"<script> [8489 bytes]","args":[{"element-6066-11e4-a52e-4f735466cecf":"f.53561D77C6482DD9DDA73AB31B5C064E.d.AC49B254C52CB1F46F4AF57E41FC7D4E.e.3730","ELEMENT":"f.53561D77C6482DD9DDA73AB31B5C064E.d.AC49B254C52CB1F46F4AF57E41FC7D4E.e.3730"}]}
COMMAND: POST /session/adf199ce321191b0d42bf89d7113c6d5/execute/sync - {"script":"<script> [5351 bytes]","args":[{"element-6066-11e4-a52e-4f735466cecf":"f.53561D77C6482DD9DDA73AB31B5C064E.d.AC49B254C52CB1F46F4AF57E41FC7D4E.e.3730","ELEMENT":"f.53561D77C6482DD9DDA73AB31B5C064E.d.AC49B254C52CB1F46F4AF57E41FC7D4E.e.3730"}]}
COMMAND: GET /session/adf199ce321191b0d42bf89d7113c6d5/screenshot - {}
RESULT: {}
RESULT: {"script":"<script> [5351 bytes]","args":[{"element-6066-11e4-a52e-4f735466cecf":"f.53561D77C6482DD9DDA73AB31B5C064E.d.AC49B254C52CB1F46F4AF57E41FC7D4E.e.3730","ELEMENT":"f.53561D77C6482DD9DDA73AB31B5C064E.d.AC49B254C52CB1F46F4AF57E41FC7D4E.e.3730"}]}
COMMAND: POST /session/adf199ce321191b0d42bf89d7113c6d5/element/f.53561D77C6482DD9DDA73AB31B5C064E.d.AC49B254C52CB1F46F4AF57E41FC7D4E.e.3730/click - {}
COMMAND: GET /session/adf199ce321191b0d42bf89d7113c6d5/screenshot - {}
RESULT: {}
RESULT: {}
COMMAND: GET /session/adf199ce321191b0d42bf89d7113c6d5/screenshot - {}
COMMAND: POST /session/adf199ce321191b0d42bf89d7113c6d5/execute/async - {"script":"<script> [1562 bytes]","args":[{"selector":{"id":"application-managesites-display-component---NewSite--addressDetailDetailsName1","interaction":{"idSuffix":"inner"}},"wdio_ui5_key":"applicationmanagesites-display-component---NewSite--addressDetailDetailsName1"}]}
RESULT: {}
RESULT: {}
RESULT: {"script":"<script> [1562 bytes]","args":[{"selector":{"id":"application-managesites-display-component---NewSite--addressDetailDetailsName1","interaction":{"idSuffix":"inner"}},"wdio_ui5_key":"applicationmanagesites-display-component---NewSite--addressDetailDetailsName1"}]}
RESULT: undefined
COMMAND: POST /session/adf199ce321191b0d42bf89d7113c6d5/execute/async - {"script":"<script> [776 bytes]","args":[{"enterText":"DailyPrice WDIO","selector":{"id":"application-managesites-display-component---NewSite--addressDetailDetailsName1","interaction":{"idSuffix":"inner"}},"clearTextFirst":true,"interactionType":"ENTER_TEXT"}]}
RESULT: {"script":"<script> [776 bytes]","args":[{"enterText":"DailyPrice WDIO","selector":{"id":"application-managesites-display-component---NewSite--addressDetailDetailsName1","interaction":{"idSuffix":"inner"}},"clearTextFirst":true,"interactionType":"ENTER_TEXT"}]}
COMMAND: POST /session/adf199ce321191b0d42bf89d7113c6d5/execute/async - {"script":"<script> [1562 bytes]","args":[{"selector":{"id":"application-managesites-display-component---NewSite--addressDetailDetailsLanguage-arrow"},"wdio_ui5_key":"applicationmanagesites-display-component---NewSite--addressDetailDetailsLanguage-arrow"}]}
RESULT: {"script":"<script> [1562 bytes]","args":[{"selector":{"id":"application-managesites-display-component---NewSite--addressDetailDetailsLanguage-arrow"},"wdio_ui5_key":"applicationmanagesites-display-component---NewSite--addressDetailDetailsLanguage-arrow"}]}
RESULT: undefined
COMMAND: POST /session/adf199ce321191b0d42bf89d7113c6d5/element - {"using":"xpath","value":"//*[@id=\"application-managesites-display-component---NewSite--addressDetailDetailsLanguage-arrow\"]"}
RESULT: {"using":"xpath","value":"//*[@id=\"application-managesites-display-component---NewSite--addressDetailDetailsLanguage-arrow\"]"}
COMMAND: POST /session/adf199ce321191b0d42bf89d7113c6d5/element/f.53561D77C6482DD9DDA73AB31B5C064E.d.AC49B254C52CB1F46F4AF57E41FC7D4E.e.4116/click - {}
RESULT: {}
COMMAND: POST /session/adf199ce321191b0d42bf89d7113c6d5/element - {"using":"xpath","value":"//span[contains(text(), \"English\")]"}
COMMAND: GET /session/adf199ce321191b0d42bf89d7113c6d5/screenshot - {}
RESULT: {"using":"xpath","value":"//span[contains(text(), \"English\")]"}
COMMAND: POST /session/adf199ce321191b0d42bf89d7113c6d5/element/f.53561D77C6482DD9DDA73AB31B5C064E.d.AC49B254C52CB1F46F4AF57E41FC7D4E.e.4117/click - {}
RESULT: {}
RESULT: {}
COMMAND: POST /session/adf199ce321191b0d42bf89d7113c6d5/execute/async - {"script":"<script> [1562 bytes]","args":[{"selector":{"id":"application-managesites-display-component---NewSite--addressDetailDetailsCity1","interaction":{"idSuffix":"inner"}},"wdio_ui5_key":"applicationmanagesites-display-component---NewSite--addressDetailDetailsCity1"}]}
COMMAND: GET /session/adf199ce321191b0d42bf89d7113c6d5/screenshot - {}
RESULT: {"script":"<script> [1562 bytes]","args":[{"selector":{"id":"application-managesites-display-component---NewSite--addressDetailDetailsCity1","interaction":{"idSuffix":"inner"}},"wdio_ui5_key":"applicationmanagesites-display-component---NewSite--addressDetailDetailsCity1"}]}
RESULT: undefined
COMMAND: POST /session/adf199ce321191b0d42bf89d7113c6d5/execute/async - {"script":"<script> [776 bytes]","args":[{"enterText":"Rosario","selector":{"id":"application-managesites-display-component---NewSite--addressDetailDetailsCity1","interaction":{"idSuffix":"inner"}},"clearTextFirst":true,"interactionType":"ENTER_TEXT"}]}
RESULT: {}
RESULT: {"script":"<script> [776 bytes]","args":[{"enterText":"Rosario","selector":{"id":"application-managesites-display-component---NewSite--addressDetailDetailsCity1","interaction":{"idSuffix":"inner"}},"clearTextFirst":true,"interactionType":"ENTER_TEXT"}]}
COMMAND: POST /session/adf199ce321191b0d42bf89d7113c6d5/execute/async - {"script":"<script> [1562 bytes]","args":[{"selector":{"id":"application-managesites-display-component---NewSite--addressDetailDetailsCountry-arrow"},"wdio_ui5_key":"applicationmanagesites-display-component---NewSite--addressDetailDetailsCountry-arrow"}]}
RESULT: {"script":"<script> [1562 bytes]","args":[{"selector":{"id":"application-managesites-display-component---NewSite--addressDetailDetailsCountry-arrow"},"wdio_ui5_key":"applicationmanagesites-display-component---NewSite--addressDetailDetailsCountry-arrow"}]}
RESULT: undefined
COMMAND: POST /session/adf199ce321191b0d42bf89d7113c6d5/element - {"using":"xpath","value":"//*[@id=\"application-managesites-display-component---NewSite--addressDetailDetailsCountry-arrow\"]"}
RESULT: {"using":"xpath","value":"//*[@id=\"application-managesites-display-component---NewSite--addressDetailDetailsCountry-arrow\"]"}
COMMAND: POST /session/adf199ce321191b0d42bf89d7113c6d5/element/f.53561D77C6482DD9DDA73AB31B5C064E.d.AC49B254C52CB1F46F4AF57E41FC7D4E.e.4119/click - {}
RESULT: {}
COMMAND: POST /session/adf199ce321191b0d42bf89d7113c6d5/element - {"using":"xpath","value":"//span[contains(text(), \"Argentina\")]"}
COMMAND: GET /session/adf199ce321191b0d42bf89d7113c6d5/screenshot - {}
RESULT: {"using":"xpath","value":"//span[contains(text(), \"Argentina\")]"}
COMMAND: POST /session/adf199ce321191b0d42bf89d7113c6d5/element/f.53561D77C6482DD9DDA73AB31B5C064E.d.AC49B254C52CB1F46F4AF57E41FC7D4E.e.4121/click - {}
RESULT: {}
RESULT: {}
COMMAND: GET /session/adf199ce321191b0d42bf89d7113c6d5/screenshot - {}
RESULT: {}
COMMAND: POST /session/adf199ce321191b0d42bf89d7113c6d5/execute/async - {"script":"<script> [1562 bytes]","args":[{"selector":{"id":"application-managesites-display-component---NewSite--addressEditDetailsCostObjectCstType-arrow"},"wdio_ui5_key":"applicationmanagesites-display-component---NewSite--addressEditDetailsCostObjectCstType-arrow"}]}
RESULT: {"script":"<script> [1562 bytes]","args":[{"selector":{"id":"application-managesites-display-component---NewSite--addressEditDetailsCostObjectCstType-arrow"},"wdio_ui5_key":"applicationmanagesites-display-component---NewSite--addressEditDetailsCostObjectCstType-arrow"}]}
RESULT: undefined
COMMAND: POST /session/adf199ce321191b0d42bf89d7113c6d5/element - {"using":"xpath","value":"//*[@id=\"application-managesites-display-component---NewSite--addressEditDetailsCostObjectCstType-arrow\"]"}
RESULT: {"using":"xpath","value":"//*[@id=\"application-managesites-display-component---NewSite--addressEditDetailsCostObjectCstType-arrow\"]"}
COMMAND: POST /session/adf199ce321191b0d42bf89d7113c6d5/element/f.53561D77C6482DD9DDA73AB31B5C064E.d.AC49B254C52CB1F46F4AF57E41FC7D4E.e.4122/click - {}
RESULT: {}
COMMAND: POST /session/adf199ce321191b0d42bf89d7113c6d5/element - {"using":"xpath","value":"//span[contains(text(), \"Cost Center\")]"}
COMMAND: GET /session/adf199ce321191b0d42bf89d7113c6d5/screenshot - {}
RESULT: {"using":"xpath","value":"//span[contains(text(), \"Cost Center\")]"}
COMMAND: POST /session/adf199ce321191b0d42bf89d7113c6d5/element/f.53561D77C6482DD9DDA73AB31B5C064E.d.AC49B254C52CB1F46F4AF57E41FC7D4E.e.4123/click - {}
RESULT: {}
RESULT: {}
COMMAND: GET /session/adf199ce321191b0d42bf89d7113c6d5/screenshot - {}
RESULT: {}
COMMAND: POST /session/adf199ce321191b0d42bf89d7113c6d5/element - {"using":"xpath","value":"//span[@id=\"application-managesites-display-component---NewSite--addressNewCostObjectCstID-vhi\"]"}
RESULT: {"using":"xpath","value":"//span[@id=\"application-managesites-display-component---NewSite--addressNewCostObjectCstID-vhi\"]"}
COMMAND: POST /session/adf199ce321191b0d42bf89d7113c6d5/execute/sync - {"script":"<script> [8489 bytes]","args":[{"element-6066-11e4-a52e-4f735466cecf":"f.53561D77C6482DD9DDA73AB31B5C064E.d.AC49B254C52CB1F46F4AF57E41FC7D4E.e.4127","ELEMENT":"f.53561D77C6482DD9DDA73AB31B5C064E.d.AC49B254C52CB1F46F4AF57E41FC7D4E.e.4127"}]}
RESULT: {"script":"<script> [8489 bytes]","args":[{"element-6066-11e4-a52e-4f735466cecf":"f.53561D77C6482DD9DDA73AB31B5C064E.d.AC49B254C52CB1F46F4AF57E41FC7D4E.e.4127","ELEMENT":"f.53561D77C6482DD9DDA73AB31B5C064E.d.AC49B254C52CB1F46F4AF57E41FC7D4E.e.4127"}]}
COMMAND: POST /session/adf199ce321191b0d42bf89d7113c6d5/execute/async - {"script":"<script> [1562 bytes]","args":[{"selector":{"id":"application-managesites-display-component---NewSite--addressNewCostObjectCstID-vhi"},"wdio_ui5_key":"applicationmanagesites-display-component---NewSite--addressNewCostObjectCstID-vhi"}]}
COMMAND: GET /session/adf199ce321191b0d42bf89d7113c6d5/screenshot - {}
RESULT: {"script":"<script> [1562 bytes]","args":[{"selector":{"id":"application-managesites-display-component---NewSite--addressNewCostObjectCstID-vhi"},"wdio_ui5_key":"applicationmanagesites-display-component---NewSite--addressNewCostObjectCstID-vhi"}]}
RESULT: undefined
COMMAND: POST /session/adf199ce321191b0d42bf89d7113c6d5/element - {"using":"xpath","value":"//*[@id=\"application-managesites-display-component---NewSite--addressNewCostObjectCstID-vhi\"]"}
RESULT: {}
RESULT: {"using":"xpath","value":"//*[@id=\"application-managesites-display-component---NewSite--addressNewCostObjectCstID-vhi\"]"}
COMMAND: POST /session/adf199ce321191b0d42bf89d7113c6d5/element/f.53561D77C6482DD9DDA73AB31B5C064E.d.AC49B254C52CB1F46F4AF57E41FC7D4E.e.4127/click - {}
RESULT: {}
COMMAND: GET /session/adf199ce321191b0d42bf89d7113c6d5/screenshot - {}
RESULT: {}
RESULT: undefined
COMMAND: POST /session/adf199ce321191b0d42bf89d7113c6d5/execute/async - {"script":"<script> [776 bytes]","args":[{"enterText":"10001013","selector":{"controlType":"sap.m.SearchField","properties":{"placeholder":"Search"},"searchOpenDialogs":true,"interaction":{"idSuffix":"I"}},"clearTextFirst":true,"interactionType":"ENTER_TEXT"}]}
RESULT: {"script":"<script> [776 bytes]","args":[{"enterText":"10001013","selector":{"controlType":"sap.m.SearchField","properties":{"placeholder":"Search"},"searchOpenDialogs":true,"interaction":{"idSuffix":"I"}},"clearTextFirst":true,"interactionType":"ENTER_TEXT"}]}
COMMAND: POST /session/adf199ce321191b0d42bf89d7113c6d5/actions - {"actions":[{"id":"action14","type":"key","parameters":{},"actions":[{"type":"keyDown","value":""},{"type":"pause","duration":10},{"type":"keyUp","value":""}]}]}
RESULT: {"actions":[{"id":"action14","type":"key","parameters":{},"actions":[{"type":"keyDown","value":""},{"type":"pause","duration":10},{"type":"keyUp","value":""}]}]}
COMMAND: GET /session/adf199ce321191b0d42bf89d7113c6d5/screenshot - {}
RESULT: {}
COMMAND: POST /session/adf199ce321191b0d42bf89d7113c6d5/element - {"using":"xpath","value":"//span[contains(text(), \"General Management\")]"}
RESULT: {"using":"xpath","value":"//span[contains(text(), \"General Management\")]"}
COMMAND: POST /session/adf199ce321191b0d42bf89d7113c6d5/element/f.53561D77C6482DD9DDA73AB31B5C064E.d.AC49B254C52CB1F46F4AF57E41FC7D4E.e.4165/click - {}
RESULT: {}
COMMAND: GET /session/adf199ce321191b0d42bf89d7113c6d5/screenshot - {}
RESULT: {}
COMMAND: POST /session/adf199ce321191b0d42bf89d7113c6d5/element - {"using":"xpath","value":"//bdi[contains(text(), \"OK\")]"}
RESULT: {"using":"xpath","value":"//bdi[contains(text(), \"OK\")]"}
COMMAND: POST /session/adf199ce321191b0d42bf89d7113c6d5/element/f.53561D77C6482DD9DDA73AB31B5C064E.d.AC49B254C52CB1F46F4AF57E41FC7D4E.e.4166/click - {}
RESULT: {}
COMMAND: GET /session/adf199ce321191b0d42bf89d7113c6d5/screenshot - {}
RESULT: {}
COMMAND: POST /session/adf199ce321191b0d42bf89d7113c6d5/element - {"using":"xpath","value":"//input[@id=\"application-managesites-display-component---NewSite--addressDetailDetailsCalendar-inner\"]"}
RESULT: {"using":"xpath","value":"//input[@id=\"application-managesites-display-component---NewSite--addressDetailDetailsCalendar-inner\"]"}
COMMAND: POST /session/adf199ce321191b0d42bf89d7113c6d5/element/f.53561D77C6482DD9DDA73AB31B5C064E.d.AC49B254C52CB1F46F4AF57E41FC7D4E.e.3957/clear - {}
RESULT: {}
COMMAND: POST /session/adf199ce321191b0d42bf89d7113c6d5/element/f.53561D77C6482DD9DDA73AB31B5C064E.d.AC49B254C52CB1F46F4AF57E41FC7D4E.e.3957/value - {"text":"Unit"}
COMMAND: GET /session/adf199ce321191b0d42bf89d7113c6d5/screenshot - {}
RESULT: {"text":"Unit"}
COMMAND: GET /session/adf199ce321191b0d42bf89d7113c6d5/screenshot - {}
RESULT: {}
RESULT: {}
COMMAND: POST /session/adf199ce321191b0d42bf89d7113c6d5/actions - {"actions":[{"id":"action15","type":"key","parameters":{},"actions":[{"type":"keyDown","value":""},{"type":"pause","duration":10},{"type":"keyUp","value":""}]}]}
RESULT: {"actions":[{"id":"action15","type":"key","parameters":{},"actions":[{"type":"keyDown","value":""},{"type":"pause","duration":10},{"type":"keyUp","value":""}]}]}
COMMAND: POST /session/adf199ce321191b0d42bf89d7113c6d5/element - {"using":"xpath","value":"//input[@id=\"application-managesites-display-component---NewSite--addressDetailDetailsYard-inner\"]"}
COMMAND: GET /session/adf199ce321191b0d42bf89d7113c6d5/screenshot - {}
RESULT: {"using":"xpath","value":"//input[@id=\"application-managesites-display-component---NewSite--addressDetailDetailsYard-inner\"]"}
COMMAND: POST /session/adf199ce321191b0d42bf89d7113c6d5/element/f.53561D77C6482DD9DDA73AB31B5C064E.d.AC49B254C52CB1F46F4AF57E41FC7D4E.e.3958/clear - {}
RESULT: {}
RESULT: {}
COMMAND: POST /session/adf199ce321191b0d42bf89d7113c6d5/element/f.53561D77C6482DD9DDA73AB31B5C064E.d.AC49B254C52CB1F46F4AF57E41FC7D4E.e.3958/value - {"text":"704"}
COMMAND: GET /session/adf199ce321191b0d42bf89d7113c6d5/screenshot - {}
RESULT: {"text":"704"}
COMMAND: GET /session/adf199ce321191b0d42bf89d7113c6d5/screenshot - {}
RESULT: {}
RESULT: {}
COMMAND: POST /session/adf199ce321191b0d42bf89d7113c6d5/element - {"using":"xpath","value":"//li[.//span[text()='704']]"}
RESULT: {"using":"xpath","value":"//li[.//span[text()='704']]"}
COMMAND: POST /session/adf199ce321191b0d42bf89d7113c6d5/element/f.53561D77C6482DD9DDA73AB31B5C064E.d.AC49B254C52CB1F46F4AF57E41FC7D4E.e.4174/click - {}
RESULT: {}
COMMAND: GET /session/adf199ce321191b0d42bf89d7113c6d5/screenshot - {}
RESULT: {}
COMMAND: POST /session/adf199ce321191b0d42bf89d7113c6d5/element - {"using":"xpath","value":"//input[@id=\"application-managesites-display-component---NewSite--addressDetailDetailsPartner-inner\"]"}
RESULT: {"using":"xpath","value":"//input[@id=\"application-managesites-display-component---NewSite--addressDetailDetailsPartner-inner\"]"}
COMMAND: POST /session/adf199ce321191b0d42bf89d7113c6d5/element - {"using":"xpath","value":"//input[@id=\"application-managesites-display-component---NewSite--addressDetailDetailsPartner-inner\"]"}
RESULT: {"using":"xpath","value":"//input[@id=\"application-managesites-display-component---NewSite--addressDetailDetailsPartner-inner\"]"}
COMMAND: POST /session/adf199ce321191b0d42bf89d7113c6d5/element - {"using":"xpath","value":"//button[@data-kt=\"saveButton\"]"}
RESULT: {"using":"xpath","value":"//button[@data-kt=\"saveButton\"]"}
COMMAND: POST /session/adf199ce321191b0d42bf89d7113c6d5/element/f.53561D77C6482DD9DDA73AB31B5C064E.d.AC49B254C52CB1F46F4AF57E41FC7D4E.e.4097/click - {}
RESULT: {}
COMMAND: GET /session/adf199ce321191b0d42bf89d7113c6d5/screenshot - {}
COMMAND: POST /session/adf199ce321191b0d42bf89d7113c6d5/element - {"using":"xpath","value":"//header[contains(@id, 'ObjectPageLayout-headerTitle')]/div[1]/div[2]/div[2]/span[1]"}
RESULT: {}
RESULT: {"using":"xpath","value":"//header[contains(@id, 'ObjectPageLayout-headerTitle')]/div[1]/div[2]/div[2]/span[1]"}
COMMAND: POST /session/adf199ce321191b0d42bf89d7113c6d5/elements - {"using":"xpath","value":"//header[contains(@id, 'ObjectPageLayout-headerTitle')]/div[1]/div[2]/div[2]/span[1]"}
RESULT: {"using":"xpath","value":"//header[contains(@id, 'ObjectPageLayout-headerTitle')]/div[1]/div[2]/div[2]/span[1]"}
COMMAND: POST /session/adf199ce321191b0d42bf89d7113c6d5/execute/sync - {"script":"<script> [56 bytes]","args":[{"element-6066-11e4-a52e-4f735466cecf":"f.53561D77C6482DD9DDA73AB31B5C064E.d.AC49B254C52CB1F46F4AF57E41FC7D4E.e.4378","ELEMENT":"f.53561D77C6482DD9DDA73AB31B5C064E.d.AC49B254C52CB1F46F4AF57E41FC7D4E.e.4378"}]}
RESULT: {"script":"<script> [56 bytes]","args":[{"element-6066-11e4-a52e-4f735466cecf":"f.53561D77C6482DD9DDA73AB31B5C064E.d.AC49B254C52CB1F46F4AF57E41FC7D4E.e.4378","ELEMENT":"f.53561D77C6482DD9DDA73AB31B5C064E.d.AC49B254C52CB1F46F4AF57E41FC7D4E.e.4378"}]}
COMMAND: POST /session/adf199ce321191b0d42bf89d7113c6d5/element - {"using":"css selector","value":"#shell-header-logo"}
COMMAND: GET /session/adf199ce321191b0d42bf89d7113c6d5/screenshot - {}
RESULT: {"using":"css selector","value":"#shell-header-logo"}
COMMAND: POST /session/adf199ce321191b0d42bf89d7113c6d5/element/f.53561D77C6482DD9DDA73AB31B5C064E.d.AC49B254C52CB1F46F4AF57E41FC7D4E.e.3688/click - {}
RESULT: {}
RESULT: {}
COMMAND: GET /session/adf199ce321191b0d42bf89d7113c6d5/screenshot - {}
RESULT: {}
COMMAND: POST /session/adf199ce321191b0d42bf89d7113c6d5/execute/sync - {"script":"<script> [299 bytes]","args":[["getModel","getResource"]]}
RESULT: {"script":"<script> [299 bytes]","args":[["getModel","getResource"]]}
COMMAND: POST /session/adf199ce321191b0d42bf89d7113c6d5/element - {"using":"xpath","value":"//button[.//bdi[contains(text(), \"Close\")]]"}
COMMAND: GET /session/adf199ce321191b0d42bf89d7113c6d5/screenshot - {}
RESULT: {"using":"xpath","value":"//button[.//bdi[contains(text(), \"Close\")]]"}
COMMAND: POST /session/adf199ce321191b0d42bf89d7113c6d5/element/f.53561D77C6482DD9DDA73AB31B5C064E.d.AC49B254C52CB1F46F4AF57E41FC7D4E.e.4380/click - {}
RESULT: {}
RESULT: {}
COMMAND: GET /session/adf199ce321191b0d42bf89d7113c6d5/screenshot - {}
RESULT: {}
COMMAND: POST /session/adf199ce321191b0d42bf89d7113c6d5/refresh - {}
RESULT: {}
COMMAND: GET /session/adf199ce321191b0d42bf89d7113c6d5/screenshot - {}
RESULT: {}
COMMAND: POST /session/adf199ce321191b0d42bf89d7113c6d5/refresh - {}
RESULT: {}
COMMAND: GET /session/adf199ce321191b0d42bf89d7113c6d5/screenshot - {}
RESULT: {}
COMMAND: POST /session/adf199ce321191b0d42bf89d7113c6d5/window/fullscreen - {}
RESULT: {}
COMMAND: POST /session/adf199ce321191b0d42bf89d7113c6d5/execute/async - {"script":"<script> [189 bytes]","args":[]}
RESULT: {"script":"<script> [189 bytes]","args":[]}
COMMAND: POST /session/adf199ce321191b0d42bf89d7113c6d5/execute/async - {"script":"<script> [123 bytes]","args":[]}
RESULT: {"script":"<script> [123 bytes]","args":[]}
COMMAND: POST /session/adf199ce321191b0d42bf89d7113c6d5/timeouts - {"script":"<number>"}
RESULT: {"script":"<number>"}
COMMAND: GET /session/adf199ce321191b0d42bf89d7113c6d5/timeouts - {}
RESULT: {}
RESULT: undefined
COMMAND: POST /session/adf199ce321191b0d42bf89d7113c6d5/execute/async - {"script":"<script> [2676 bytes]","args":[]}
RESULT: {"script":"<script> [2676 bytes]","args":[]}
COMMAND: POST /session/adf199ce321191b0d42bf89d7113c6d5/execute/async - {"script":"<script> [2342 bytes]","args":[{"protocol":"http","hostname":"0.0.0.0","path":"/","capabilities":{"browserName":"chrome","goog:chromeOptions":{"binary":"C:\\Program Files\\Google\\Chrome\\Application\\chrome.exe","args":["--start-maximized"]}},"logLevel":"warn","connectionRetryTimeout":120000,"connectionRetryCount":3,"logLevels":{},"enableDirectConnect":true,"strictSSL":true,"_":"65 more keys: [\"cacheDir\",\"port\",\"requestedCapabilities\",\"automationProtocol\",\"baseUrl\",\"waitforInterval\",\"waitforTimeout\",\"onReload\",\"beforeCommand\",\"afterCommand\",\"rootDir\",\"specs\",\"suites\",\"exclude\",\"groupLogsByTestSpec\",\"excludeDriverLogs\",\"bail\",\"framework\",\"reporters\",\"services\",\"maxInstances\",\"maxInstancesPerCapability\",\"injectGlobals\",\"filesToWatch\",\"execArgv\",\"runnerEnv\",\"runner\",\"shard\",\"specFileRetries\",\"specFileRetriesDelay\",\"specFileRetriesDeferred\",\"reporterSyncInterval\",\"reporterSyncTimeout\",\"cucumberFeaturesWithLineNumbers\",\"autoCompileOpts\",\"mochaOpts\",\"jasmineOpts\",\"cucumberOpts\",\"onPrepare\",\"onWorkerStart\",\"onWorkerEnd\",\"before\",\"beforeSession\",\"beforeSuite\",\"beforeHook\",\"beforeTest\",\"afterTest\",\"afterHook\",\"afterSuite\",\"afterSession\",\"after\",\"onComplete\",\"beforeAssertion\",\"afterAssertion\",\"beforeFeature\",\"beforeScenario\",\"beforeStep\",\"afterStep\",\"afterScenario\",\"afterFeature\",\"_\",\"suite\",\"$0\",\"ignoredWorkerServices\",\"wdi5\"]"}]}
RESULT: {"script":"<script> [2342 bytes]","args":[{"protocol":"http","hostname":"0.0.0.0","path":"/","capabilities":{"browserName":"chrome","goog:chromeOptions":{"binary":"C:\\Program Files\\Google\\Chrome\\Application\\chrome.exe","args":["--start-maximized"]}},"logLevel":"warn","connectionRetryTimeout":120000,"connectionRetryCount":3,"logLevels":{},"enableDirectConnect":true,"strictSSL":true,"_":"65 more keys: [\"cacheDir\",\"port\",\"requestedCapabilities\",\"automationProtocol\",\"baseUrl\",\"waitforInterval\",\"waitforTimeout\",\"onReload\",\"beforeCommand\",\"afterCommand\",\"rootDir\",\"specs\",\"suites\",\"exclude\",\"groupLogsByTestSpec\",\"excludeDriverLogs\",\"bail\",\"framework\",\"reporters\",\"services\",\"maxInstances\",\"maxInstancesPerCapability\",\"injectGlobals\",\"filesToWatch\",\"execArgv\",\"runnerEnv\",\"runner\",\"shard\",\"specFileRetries\",\"specFileRetriesDelay\",\"specFileRetriesDeferred\",\"reporterSyncInterval\",\"reporterSyncTimeout\",\"cucumberFeaturesWithLineNumbers\",\"autoCompileOpts\",\"mochaOpts\",\"jasmineOpts\",\"cucumberOpts\",\"onPrepare\",\"onWorkerStart\",\"onWorkerEnd\",\"before\",\"beforeSession\",\"beforeSuite\",\"beforeHook\",\"beforeTest\",\"afterTest\",\"afterHook\",\"afterSuite\",\"afterSession\",\"after\",\"onComplete\",\"beforeAssertion\",\"afterAssertion\",\"beforeFeature\",\"beforeScenario\",\"beforeStep\",\"afterStep\",\"afterScenario\",\"afterFeature\",\"_\",\"suite\",\"$0\",\"ignoredWorkerServices\",\"wdi5\"]"}]}
COMMAND: POST /session/adf199ce321191b0d42bf89d7113c6d5/execute/async - {"script":"<script> [21126 bytes]","args":[35000]}
RESULT: {"script":"<script> [21126 bytes]","args":[35000]}
COMMAND: POST /session/adf199ce321191b0d42bf89d7113c6d5/window/fullscreen - {}
RESULT: {}
]]></system-out>
    </testcase>
    <testcase classname="chrome.135_0_7049_42.windows.Edit_and_delete_daily_price_US134629_US134627" name="Should go to Manage Conditions Daily Price and add the 2 rows one with yard site and one with yard" time="86.979">
      <system-out><![CDATA[
COMMAND: POST /session/adf199ce321191b0d42bf89d7113c6d5/window/fullscreen - {}
RESULT: {}
COMMAND: POST /session/adf199ce321191b0d42bf89d7113c6d5/execute/async - {"script":"<script> [1562 bytes]","args":[{"selector":{"controlType":"sap.m.GenericTile","properties":{"header":"Manage Conditions & Prices"}},"wdio_ui5_key":"sapm.GenericTile{\"header\":\"Manage Conditions & Prices\"}"}]}
RESULT: {"script":"<script> [1562 bytes]","args":[{"selector":{"controlType":"sap.m.GenericTile","properties":{"header":"Manage Conditions & Prices"}},"wdio_ui5_key":"sapm.GenericTile{\"header\":\"Manage Conditions & Prices\"}"}]}
RESULT: undefined
COMMAND: POST /session/adf199ce321191b0d42bf89d7113c6d5/element - {"using":"xpath","value":"//*[@id=\"__tile93\"]"}
RESULT: {"using":"xpath","value":"//*[@id=\"__tile93\"]"}
COMMAND: POST /session/adf199ce321191b0d42bf89d7113c6d5/element/f.53561D77C6482DD9DDA73AB31B5C064E.d.D232211E5B593028BA9FDD9EE5CE0438.e.4512/click - {}
RESULT: {}
COMMAND: POST /session/adf199ce321191b0d42bf89d7113c6d5/element - {"using":"xpath","value":"//button[@aria-label=\"Create\"]"}
COMMAND: GET /session/adf199ce321191b0d42bf89d7113c6d5/screenshot - {}
RESULT: {"using":"xpath","value":"//button[@aria-label=\"Create\"]"}
COMMAND: POST /session/adf199ce321191b0d42bf89d7113c6d5/elements - {"using":"xpath","value":"//button[@aria-label=\"Create\"]"}
RESULT: {}
RESULT: {"using":"xpath","value":"//button[@aria-label=\"Create\"]"}
COMMAND: POST /session/adf199ce321191b0d42bf89d7113c6d5/elements - {"using":"xpath","value":"//button[@aria-label=\"Create\"]"}
RESULT: {"using":"xpath","value":"//button[@aria-label=\"Create\"]"}
COMMAND: POST /session/adf199ce321191b0d42bf89d7113c6d5/elements - {"using":"xpath","value":"//button[@aria-label=\"Create\"]"}
RESULT: {"using":"xpath","value":"//button[@aria-label=\"Create\"]"}
COMMAND: POST /session/adf199ce321191b0d42bf89d7113c6d5/elements - {"using":"xpath","value":"//button[@aria-label=\"Create\"]"}
RESULT: {"using":"xpath","value":"//button[@aria-label=\"Create\"]"}
COMMAND: POST /session/adf199ce321191b0d42bf89d7113c6d5/elements - {"using":"xpath","value":"//button[@aria-label=\"Create\"]"}
RESULT: {"using":"xpath","value":"//button[@aria-label=\"Create\"]"}
COMMAND: POST /session/adf199ce321191b0d42bf89d7113c6d5/elements - {"using":"xpath","value":"//button[@aria-label=\"Create\"]"}
RESULT: {"using":"xpath","value":"//button[@aria-label=\"Create\"]"}
COMMAND: POST /session/adf199ce321191b0d42bf89d7113c6d5/elements - {"using":"xpath","value":"//button[@aria-label=\"Create\"]"}
RESULT: {"using":"xpath","value":"//button[@aria-label=\"Create\"]"}
COMMAND: POST /session/adf199ce321191b0d42bf89d7113c6d5/elements - {"using":"xpath","value":"//button[@aria-label=\"Create\"]"}
RESULT: {"using":"xpath","value":"//button[@aria-label=\"Create\"]"}
COMMAND: POST /session/adf199ce321191b0d42bf89d7113c6d5/elements - {"using":"xpath","value":"//button[@aria-label=\"Create\"]"}
RESULT: {"using":"xpath","value":"//button[@aria-label=\"Create\"]"}
COMMAND: POST /session/adf199ce321191b0d42bf89d7113c6d5/elements - {"using":"xpath","value":"//button[@aria-label=\"Create\"]"}
RESULT: {"using":"xpath","value":"//button[@aria-label=\"Create\"]"}
COMMAND: POST /session/adf199ce321191b0d42bf89d7113c6d5/elements - {"using":"xpath","value":"//button[@aria-label=\"Create\"]"}
RESULT: {"using":"xpath","value":"//button[@aria-label=\"Create\"]"}
COMMAND: POST /session/adf199ce321191b0d42bf89d7113c6d5/elements - {"using":"xpath","value":"//button[@aria-label=\"Create\"]"}
RESULT: {"using":"xpath","value":"//button[@aria-label=\"Create\"]"}
COMMAND: POST /session/adf199ce321191b0d42bf89d7113c6d5/elements - {"using":"xpath","value":"//button[@aria-label=\"Create\"]"}
RESULT: {"using":"xpath","value":"//button[@aria-label=\"Create\"]"}
COMMAND: POST /session/adf199ce321191b0d42bf89d7113c6d5/elements - {"using":"xpath","value":"//button[@aria-label=\"Create\"]"}
RESULT: {"using":"xpath","value":"//button[@aria-label=\"Create\"]"}
COMMAND: POST /session/adf199ce321191b0d42bf89d7113c6d5/elements - {"using":"xpath","value":"//button[@aria-label=\"Create\"]"}
RESULT: {"using":"xpath","value":"//button[@aria-label=\"Create\"]"}
COMMAND: POST /session/adf199ce321191b0d42bf89d7113c6d5/element - {"using":"xpath","value":"//button[@aria-label=\"Create\"]"}
RESULT: {"using":"xpath","value":"//button[@aria-label=\"Create\"]"}
COMMAND: POST /session/adf199ce321191b0d42bf89d7113c6d5/element/f.53561D77C6482DD9DDA73AB31B5C064E.d.D232211E5B593028BA9FDD9EE5CE0438.e.4564/click - {}
RESULT: {}
COMMAND: GET /session/adf199ce321191b0d42bf89d7113c6d5/screenshot - {}
RESULT: {}
COMMAND: POST /session/adf199ce321191b0d42bf89d7113c6d5/actions - {"actions":[{"id":"action16","type":"key","parameters":{},"actions":[{"type":"keyDown","value":""},{"type":"pause","duration":10},{"type":"keyUp","value":""}]}]}
RESULT: {"actions":[{"id":"action16","type":"key","parameters":{},"actions":[{"type":"keyDown","value":""},{"type":"pause","duration":10},{"type":"keyUp","value":""}]}]}
COMMAND: POST /session/adf199ce321191b0d42bf89d7113c6d5/actions - {"actions":[{"id":"action17","type":"key","parameters":{},"actions":[{"type":"keyDown","value":""},{"type":"pause","duration":10},{"type":"keyUp","value":""}]}]}
COMMAND: GET /session/adf199ce321191b0d42bf89d7113c6d5/screenshot - {}
RESULT: {"actions":[{"id":"action17","type":"key","parameters":{},"actions":[{"type":"keyDown","value":""},{"type":"pause","duration":10},{"type":"keyUp","value":""}]}]}
COMMAND: POST /session/adf199ce321191b0d42bf89d7113c6d5/execute/async - {"script":"<script> [1562 bytes]","args":[{"selector":{"controlType":"sap.m.Title","viewName":"etm.portal.ui.manageconditionprice.view.DailyPrices","viewId":"application-manageconditionprice-display-component---dailyPrices","i18NText":{"propertyName":"text","key":"dailyPrices"}},"wdio_ui5_key":"etmportal.ui.manageconditionprice.view.DailyPricessap.m.Title{\"propertyName\":\"text\",\"key\":\"dailyPrices\"}"}]}
COMMAND: GET /session/adf199ce321191b0d42bf89d7113c6d5/screenshot - {}
RESULT: {}
RESULT: {"script":"<script> [1562 bytes]","args":[{"selector":{"controlType":"sap.m.Title","viewName":"etm.portal.ui.manageconditionprice.view.DailyPrices","viewId":"application-manageconditionprice-display-component---dailyPrices","i18NText":{"propertyName":"text","key":"dailyPrices"}},"wdio_ui5_key":"etmportal.ui.manageconditionprice.view.DailyPricessap.m.Title{\"propertyName\":\"text\",\"key\":\"dailyPrices\"}"}]}
RESULT: undefined
COMMAND: POST /session/adf199ce321191b0d42bf89d7113c6d5/execute/async - {"script":"<script> [6424 bytes]","args":[{"element-6066-11e4-a52e-4f735466cecf":"f.53561D77C6482DD9DDA73AB31B5C064E.d.D232211E5B593028BA9FDD9EE5CE0438.e.4922"},"getText",[]]}
RESULT: {}
RESULT: {"script":"<script> [6424 bytes]","args":[{"element-6066-11e4-a52e-4f735466cecf":"f.53561D77C6482DD9DDA73AB31B5C064E.d.D232211E5B593028BA9FDD9EE5CE0438.e.4922"},"getText",[]]}
COMMAND: POST /session/adf199ce321191b0d42bf89d7113c6d5/execute/async - {"script":"<script> [1562 bytes]","args":[{"selector":{"id":"application-manageconditionprice-display-component---dailyPrices--condBillCond","interaction":{"idSuffix":"inner"}},"wdio_ui5_key":"applicationmanageconditionprice-display-component---dailyPrices--condBillCond"}]}
RESULT: {"script":"<script> [1562 bytes]","args":[{"selector":{"id":"application-manageconditionprice-display-component---dailyPrices--condBillCond","interaction":{"idSuffix":"inner"}},"wdio_ui5_key":"applicationmanageconditionprice-display-component---dailyPrices--condBillCond"}]}
RESULT: undefined
COMMAND: POST /session/adf199ce321191b0d42bf89d7113c6d5/execute/async - {"script":"<script> [776 bytes]","args":[{"enterText":"Residual Value %","selector":{"id":"application-manageconditionprice-display-component---dailyPrices--condBillCond","interaction":{"idSuffix":"inner"}},"clearTextFirst":true,"interactionType":"ENTER_TEXT"}]}
RESULT: {"script":"<script> [776 bytes]","args":[{"enterText":"Residual Value %","selector":{"id":"application-manageconditionprice-display-component---dailyPrices--condBillCond","interaction":{"idSuffix":"inner"}},"clearTextFirst":true,"interactionType":"ENTER_TEXT"}]}
COMMAND: POST /session/adf199ce321191b0d42bf89d7113c6d5/execute/async - {"script":"<script> [1562 bytes]","args":[{"selector":{"controlType":"sap.m.StandardListItem","viewName":"etm.portal.ui.manageconditionprice.view.DailyPrices","viewId":"application-manageconditionprice-display-component---dailyPrices","properties":{"type":"Active"},"searchOpenDialogs":true,"interaction":{"idSuffix":"titleText"}},"wdio_ui5_key":"etmportal.ui.manageconditionprice.view.DailyPricessap.m.StandardListItem{\"type\":\"Active\"}"}]}
RESULT: {"script":"<script> [1562 bytes]","args":[{"selector":{"controlType":"sap.m.StandardListItem","viewName":"etm.portal.ui.manageconditionprice.view.DailyPrices","viewId":"application-manageconditionprice-display-component---dailyPrices","properties":{"type":"Active"},"searchOpenDialogs":true,"interaction":{"idSuffix":"titleText"}},"wdio_ui5_key":"etmportal.ui.manageconditionprice.view.DailyPricessap.m.StandardListItem{\"type\":\"Active\"}"}]}
RESULT: undefined
COMMAND: POST /session/adf199ce321191b0d42bf89d7113c6d5/element - {"using":"xpath","value":"//*[@id=\"__item42\"]"}
RESULT: {"using":"xpath","value":"//*[@id=\"__item42\"]"}
COMMAND: POST /session/adf199ce321191b0d42bf89d7113c6d5/element/f.53561D77C6482DD9DDA73AB31B5C064E.d.D232211E5B593028BA9FDD9EE5CE0438.e.4931/click - {}
RESULT: {}
COMMAND: POST /session/adf199ce321191b0d42bf89d7113c6d5/execute/async - {"script":"<script> [1562 bytes]","args":[{"selector":{"id":"application-manageconditionprice-display-component---dailyPrices--editBtn","interaction":{"idSuffix":"BDI-content"}},"wdio_ui5_key":"applicationmanageconditionprice-display-component---dailyPrices--editBtn"}]}
COMMAND: GET /session/adf199ce321191b0d42bf89d7113c6d5/screenshot - {}
RESULT: {"script":"<script> [1562 bytes]","args":[{"selector":{"id":"application-manageconditionprice-display-component---dailyPrices--editBtn","interaction":{"idSuffix":"BDI-content"}},"wdio_ui5_key":"applicationmanageconditionprice-display-component---dailyPrices--editBtn"}]}
RESULT: undefined
COMMAND: POST /session/adf199ce321191b0d42bf89d7113c6d5/element - {"using":"xpath","value":"//*[@id=\"application-manageconditionprice-display-component---dailyPrices--editBtn\"]"}
RESULT: {}
RESULT: {"using":"xpath","value":"//*[@id=\"application-manageconditionprice-display-component---dailyPrices--editBtn\"]"}
COMMAND: POST /session/adf199ce321191b0d42bf89d7113c6d5/element/f.53561D77C6482DD9DDA73AB31B5C064E.d.D232211E5B593028BA9FDD9EE5CE0438.e.4924/click - {}
RESULT: {}
COMMAND: POST /session/adf199ce321191b0d42bf89d7113c6d5/execute/async - {"script":"<script> [1562 bytes]","args":[{"selector":{"controlType":"sap.m.Button","viewName":"etm.portal.ui.manageconditionprice.view.DailyPrices","viewId":"application-manageconditionprice-display-component---dailyPrices","i18NText":{"propertyName":"text","key":"add"},"interaction":{"idSuffix":"BDI-content"}},"wdio_ui5_key":"etmportal.ui.manageconditionprice.view.DailyPricessap.m.Button{\"propertyName\":\"text\",\"key\":\"add\"}"}]}
COMMAND: GET /session/adf199ce321191b0d42bf89d7113c6d5/screenshot - {}
RESULT: {"script":"<script> [1562 bytes]","args":[{"selector":{"controlType":"sap.m.Button","viewName":"etm.portal.ui.manageconditionprice.view.DailyPrices","viewId":"application-manageconditionprice-display-component---dailyPrices","i18NText":{"propertyName":"text","key":"add"},"interaction":{"idSuffix":"BDI-content"}},"wdio_ui5_key":"etmportal.ui.manageconditionprice.view.DailyPricessap.m.Button{\"propertyName\":\"text\",\"key\":\"add\"}"}]}
RESULT: undefined
COMMAND: POST /session/adf199ce321191b0d42bf89d7113c6d5/element - {"using":"xpath","value":"//*[@id=\"__button6\"]"}
RESULT: {}
RESULT: {"using":"xpath","value":"//*[@id=\"__button6\"]"}
COMMAND: POST /session/adf199ce321191b0d42bf89d7113c6d5/element/f.53561D77C6482DD9DDA73AB31B5C064E.d.D232211E5B593028BA9FDD9EE5CE0438.e.4948/click - {}
RESULT: {}
COMMAND: POST /session/adf199ce321191b0d42bf89d7113c6d5/elements - {"using":"css selector","value":"table tr"}
COMMAND: GET /session/adf199ce321191b0d42bf89d7113c6d5/screenshot - {}
RESULT: {"using":"css selector","value":"table tr"}
COMMAND: POST /session/adf199ce321191b0d42bf89d7113c6d5/element/f.53561D77C6482DD9DDA73AB31B5C064E.d.D232211E5B593028BA9FDD9EE5CE0438.e.5147/elements - {"using":"css selector","value":"input"}
RESULT: {}
RESULT: {"using":"css selector","value":"input"}
COMMAND: POST /session/adf199ce321191b0d42bf89d7113c6d5/element/f.53561D77C6482DD9DDA73AB31B5C064E.d.D232211E5B593028BA9FDD9EE5CE0438.e.5150/clear - {}
COMMAND: POST /session/adf199ce321191b0d42bf89d7113c6d5/element/f.53561D77C6482DD9DDA73AB31B5C064E.d.D232211E5B593028BA9FDD9EE5CE0438.e.5148/clear - {}
COMMAND: POST /session/adf199ce321191b0d42bf89d7113c6d5/element/f.53561D77C6482DD9DDA73AB31B5C064E.d.D232211E5B593028BA9FDD9EE5CE0438.e.5151/clear - {}
COMMAND: POST /session/adf199ce321191b0d42bf89d7113c6d5/element/f.53561D77C6482DD9DDA73AB31B5C064E.d.D232211E5B593028BA9FDD9EE5CE0438.e.5149/clear - {}
COMMAND: POST /session/adf199ce321191b0d42bf89d7113c6d5/element/f.53561D77C6482DD9DDA73AB31B5C064E.d.D232211E5B593028BA9FDD9EE5CE0438.e.5147/elements - {"using":"css selector","value":"td"}
RESULT: {}
COMMAND: POST /session/adf199ce321191b0d42bf89d7113c6d5/element/f.53561D77C6482DD9DDA73AB31B5C064E.d.D232211E5B593028BA9FDD9EE5CE0438.e.5150/value - {"text":"705.60"}
COMMAND: GET /session/adf199ce321191b0d42bf89d7113c6d5/screenshot - {}
RESULT: {}
COMMAND: POST /session/adf199ce321191b0d42bf89d7113c6d5/element/f.53561D77C6482DD9DDA73AB31B5C064E.d.D232211E5B593028BA9FDD9EE5CE0438.e.5148/value - {"text":"04/23/25"}
RESULT: {}
COMMAND: POST /session/adf199ce321191b0d42bf89d7113c6d5/element/f.53561D77C6482DD9DDA73AB31B5C064E.d.D232211E5B593028BA9FDD9EE5CE0438.e.5151/value - {"text":"Euro"}
RESULT: {}
COMMAND: POST /session/adf199ce321191b0d42bf89d7113c6d5/element/f.53561D77C6482DD9DDA73AB31B5C064E.d.D232211E5B593028BA9FDD9EE5CE0438.e.5149/value - {"text":"09/23/25"}
COMMAND: GET /session/adf199ce321191b0d42bf89d7113c6d5/screenshot - {}
COMMAND: GET /session/adf199ce321191b0d42bf89d7113c6d5/screenshot - {}
COMMAND: GET /session/adf199ce321191b0d42bf89d7113c6d5/screenshot - {}
RESULT: {"text":"705.60"}
RESULT: {"text":"04/23/25"}
COMMAND: GET /session/adf199ce321191b0d42bf89d7113c6d5/screenshot - {}
COMMAND: GET /session/adf199ce321191b0d42bf89d7113c6d5/screenshot - {}
RESULT: {"text":"Euro"}
RESULT: {"text":"09/23/25"}
RESULT: {"using":"css selector","value":"td"}
COMMAND: POST /session/adf199ce321191b0d42bf89d7113c6d5/element - {"using":"xpath","value":".//li[contains(., \"2517\") and not(.//li)]"}
COMMAND: POST /session/adf199ce321191b0d42bf89d7113c6d5/element/f.53561D77C6482DD9DDA73AB31B5C064E.d.D232211E5B593028BA9FDD9EE5CE0438.e.5169/element - {"using":"css selector","value":"input"}
COMMAND: POST /session/adf199ce321191b0d42bf89d7113c6d5/element/f.53561D77C6482DD9DDA73AB31B5C064E.d.D232211E5B593028BA9FDD9EE5CE0438.e.5169/element - {"using":"css selector","value":"input"}
COMMAND: GET /session/adf199ce321191b0d42bf89d7113c6d5/screenshot - {}
COMMAND: GET /session/adf199ce321191b0d42bf89d7113c6d5/screenshot - {}
RESULT: {}
RESULT: {}
RESULT: {}
RESULT: {}
RESULT: {"using":"xpath","value":".//li[contains(., \"2517\") and not(.//li)]"}
RESULT: {"using":"css selector","value":"input"}
COMMAND: POST /session/adf199ce321191b0d42bf89d7113c6d5/element/f.53561D77C6482DD9DDA73AB31B5C064E.d.D232211E5B593028BA9FDD9EE5CE0438.e.5152/click - {}
RESULT: {"using":"css selector","value":"input"}
COMMAND: POST /session/adf199ce321191b0d42bf89d7113c6d5/element/f.53561D77C6482DD9DDA73AB31B5C064E.d.D232211E5B593028BA9FDD9EE5CE0438.e.5152/clear - {}
RESULT: {}
RESULT: {}
RESULT: {}
RESULT: {}
COMMAND: POST /session/adf199ce321191b0d42bf89d7113c6d5/elements - {"using":"xpath","value":".//li[contains(., \"2517\") and not(.//li)]"}
RESULT: {}
RESULT: {}
COMMAND: POST /session/adf199ce321191b0d42bf89d7113c6d5/element/f.53561D77C6482DD9DDA73AB31B5C064E.d.D232211E5B593028BA9FDD9EE5CE0438.e.5152/value - {"text":"2517"}
COMMAND: GET /session/adf199ce321191b0d42bf89d7113c6d5/screenshot - {}
COMMAND: GET /session/adf199ce321191b0d42bf89d7113c6d5/screenshot - {}
RESULT: {"using":"xpath","value":".//li[contains(., \"2517\") and not(.//li)]"}
COMMAND: POST /session/adf199ce321191b0d42bf89d7113c6d5/elements - {"using":"xpath","value":".//li[contains(., \"2517\") and not(.//li)]"}
RESULT: {"text":"2517"}
COMMAND: GET /session/adf199ce321191b0d42bf89d7113c6d5/screenshot - {}
RESULT: {}
RESULT: {}
RESULT: {"using":"xpath","value":".//li[contains(., \"2517\") and not(.//li)]"}
COMMAND: POST /session/adf199ce321191b0d42bf89d7113c6d5/element - {"using":"xpath","value":".//li[contains(., \"2517\") and not(.//li)]"}
RESULT: {}
RESULT: {"using":"xpath","value":".//li[contains(., \"2517\") and not(.//li)]"}
COMMAND: POST /session/adf199ce321191b0d42bf89d7113c6d5/element/f.53561D77C6482DD9DDA73AB31B5C064E.d.D232211E5B593028BA9FDD9EE5CE0438.e.5177/click - {}
RESULT: {}
COMMAND: POST /session/adf199ce321191b0d42bf89d7113c6d5/element - {"using":"xpath","value":".//li[contains(., \"704\") and not(.//li)]"}
COMMAND: POST /session/adf199ce321191b0d42bf89d7113c6d5/element/f.53561D77C6482DD9DDA73AB31B5C064E.d.D232211E5B593028BA9FDD9EE5CE0438.e.5170/element - {"using":"css selector","value":"input"}
COMMAND: POST /session/adf199ce321191b0d42bf89d7113c6d5/element/f.53561D77C6482DD9DDA73AB31B5C064E.d.D232211E5B593028BA9FDD9EE5CE0438.e.5170/element - {"using":"css selector","value":"input"}
COMMAND: GET /session/adf199ce321191b0d42bf89d7113c6d5/screenshot - {}
RESULT: {"using":"xpath","value":".//li[contains(., \"704\") and not(.//li)]"}
RESULT: {"using":"css selector","value":"input"}
COMMAND: POST /session/adf199ce321191b0d42bf89d7113c6d5/element/f.53561D77C6482DD9DDA73AB31B5C064E.d.D232211E5B593028BA9FDD9EE5CE0438.e.5153/clear - {}
RESULT: {"using":"css selector","value":"input"}
COMMAND: POST /session/adf199ce321191b0d42bf89d7113c6d5/element/f.53561D77C6482DD9DDA73AB31B5C064E.d.D232211E5B593028BA9FDD9EE5CE0438.e.5153/click - {}
RESULT: {}
RESULT: {}
COMMAND: POST /session/adf199ce321191b0d42bf89d7113c6d5/element/f.53561D77C6482DD9DDA73AB31B5C064E.d.D232211E5B593028BA9FDD9EE5CE0438.e.5153/value - {"text":"704"}
COMMAND: GET /session/adf199ce321191b0d42bf89d7113c6d5/screenshot - {}
RESULT: {}
COMMAND: GET /session/adf199ce321191b0d42bf89d7113c6d5/screenshot - {}
RESULT: {"text":"704"}
COMMAND: GET /session/adf199ce321191b0d42bf89d7113c6d5/screenshot - {}
COMMAND: POST /session/adf199ce321191b0d42bf89d7113c6d5/elements - {"using":"xpath","value":".//li[contains(., \"704\") and not(.//li)]"}
RESULT: {}
RESULT: {}
RESULT: {}
RESULT: {"using":"xpath","value":".//li[contains(., \"704\") and not(.//li)]"}
COMMAND: POST /session/adf199ce321191b0d42bf89d7113c6d5/element - {"using":"xpath","value":".//li[contains(., \"704\") and not(.//li)]"}
RESULT: {"using":"xpath","value":".//li[contains(., \"704\") and not(.//li)]"}
COMMAND: POST /session/adf199ce321191b0d42bf89d7113c6d5/element/f.53561D77C6482DD9DDA73AB31B5C064E.d.D232211E5B593028BA9FDD9EE5CE0438.e.5178/click - {}
RESULT: {}
RESULT: undefined
COMMAND: POST /session/adf199ce321191b0d42bf89d7113c6d5/element - {"using":"xpath","value":"//*[@id=\"__button6\"]"}
COMMAND: GET /session/adf199ce321191b0d42bf89d7113c6d5/screenshot - {}
RESULT: {"using":"xpath","value":"//*[@id=\"__button6\"]"}
COMMAND: POST /session/adf199ce321191b0d42bf89d7113c6d5/element/f.53561D77C6482DD9DDA73AB31B5C064E.d.D232211E5B593028BA9FDD9EE5CE0438.e.4948/click - {}
RESULT: {}
RESULT: {}
COMMAND: POST /session/adf199ce321191b0d42bf89d7113c6d5/elements - {"using":"css selector","value":"table tr"}
COMMAND: GET /session/adf199ce321191b0d42bf89d7113c6d5/screenshot - {}
RESULT: {"using":"css selector","value":"table tr"}
COMMAND: POST /session/adf199ce321191b0d42bf89d7113c6d5/element/f.53561D77C6482DD9DDA73AB31B5C064E.d.D232211E5B593028BA9FDD9EE5CE0438.e.5188/elements - {"using":"css selector","value":"input"}
RESULT: {}
RESULT: {"using":"css selector","value":"input"}
COMMAND: POST /session/adf199ce321191b0d42bf89d7113c6d5/element/f.53561D77C6482DD9DDA73AB31B5C064E.d.D232211E5B593028BA9FDD9EE5CE0438.e.5182/clear - {}
COMMAND: POST /session/adf199ce321191b0d42bf89d7113c6d5/element/f.53561D77C6482DD9DDA73AB31B5C064E.d.D232211E5B593028BA9FDD9EE5CE0438.e.5180/clear - {}
COMMAND: POST /session/adf199ce321191b0d42bf89d7113c6d5/element/f.53561D77C6482DD9DDA73AB31B5C064E.d.D232211E5B593028BA9FDD9EE5CE0438.e.5183/clear - {}
COMMAND: POST /session/adf199ce321191b0d42bf89d7113c6d5/element/f.53561D77C6482DD9DDA73AB31B5C064E.d.D232211E5B593028BA9FDD9EE5CE0438.e.5181/clear - {}
COMMAND: POST /session/adf199ce321191b0d42bf89d7113c6d5/element/f.53561D77C6482DD9DDA73AB31B5C064E.d.D232211E5B593028BA9FDD9EE5CE0438.e.5188/elements - {"using":"css selector","value":"td"}
RESULT: {}
COMMAND: POST /session/adf199ce321191b0d42bf89d7113c6d5/element/f.53561D77C6482DD9DDA73AB31B5C064E.d.D232211E5B593028BA9FDD9EE5CE0438.e.5182/value - {"text":"99.5"}
COMMAND: GET /session/adf199ce321191b0d42bf89d7113c6d5/screenshot - {}
RESULT: {}
COMMAND: POST /session/adf199ce321191b0d42bf89d7113c6d5/element/f.53561D77C6482DD9DDA73AB31B5C064E.d.D232211E5B593028BA9FDD9EE5CE0438.e.5180/value - {"text":"04/23/25"}
COMMAND: GET /session/adf199ce321191b0d42bf89d7113c6d5/screenshot - {}
RESULT: {}
COMMAND: POST /session/adf199ce321191b0d42bf89d7113c6d5/element/f.53561D77C6482DD9DDA73AB31B5C064E.d.D232211E5B593028BA9FDD9EE5CE0438.e.5183/value - {"text":"US Dollar"}
COMMAND: GET /session/adf199ce321191b0d42bf89d7113c6d5/screenshot - {}
RESULT: {}
COMMAND: POST /session/adf199ce321191b0d42bf89d7113c6d5/element/f.53561D77C6482DD9DDA73AB31B5C064E.d.D232211E5B593028BA9FDD9EE5CE0438.e.5181/value - {"text":"09/23/25"}
COMMAND: GET /session/adf199ce321191b0d42bf89d7113c6d5/screenshot - {}
RESULT: {"using":"css selector","value":"td"}
COMMAND: POST /session/adf199ce321191b0d42bf89d7113c6d5/element - {"using":"xpath","value":"(//li[div//span[contains(text(), '2517')]])[2]"}
COMMAND: POST /session/adf199ce321191b0d42bf89d7113c6d5/element/f.53561D77C6482DD9DDA73AB31B5C064E.d.D232211E5B593028BA9FDD9EE5CE0438.e.5203/element - {"using":"css selector","value":"input"}
COMMAND: POST /session/adf199ce321191b0d42bf89d7113c6d5/element/f.53561D77C6482DD9DDA73AB31B5C064E.d.D232211E5B593028BA9FDD9EE5CE0438.e.5203/element - {"using":"css selector","value":"input"}
RESULT: {"text":"99.5"}
COMMAND: GET /session/adf199ce321191b0d42bf89d7113c6d5/screenshot - {}
RESULT: {}
RESULT: {"text":"04/23/25"}
COMMAND: GET /session/adf199ce321191b0d42bf89d7113c6d5/screenshot - {}
RESULT: {}
RESULT: {"text":"US Dollar"}
COMMAND: GET /session/adf199ce321191b0d42bf89d7113c6d5/screenshot - {}
RESULT: {}
RESULT: {"text":"09/23/25"}
COMMAND: GET /session/adf199ce321191b0d42bf89d7113c6d5/screenshot - {}
RESULT: {}
RESULT: {"using":"css selector","value":"input"}
COMMAND: POST /session/adf199ce321191b0d42bf89d7113c6d5/element/f.53561D77C6482DD9DDA73AB31B5C064E.d.D232211E5B593028BA9FDD9EE5CE0438.e.5184/clear - {}
RESULT: {"using":"css selector","value":"input"}
COMMAND: POST /session/adf199ce321191b0d42bf89d7113c6d5/element/f.53561D77C6482DD9DDA73AB31B5C064E.d.D232211E5B593028BA9FDD9EE5CE0438.e.5184/click - {}
RESULT: {"using":"xpath","value":"(//li[div//span[contains(text(), '2517')]])[2]"}
RESULT: {}
RESULT: {}
RESULT: {}
RESULT: {}
RESULT: {}
COMMAND: POST /session/adf199ce321191b0d42bf89d7113c6d5/element/f.53561D77C6482DD9DDA73AB31B5C064E.d.D232211E5B593028BA9FDD9EE5CE0438.e.5184/value - {"text":"2517"}
COMMAND: GET /session/adf199ce321191b0d42bf89d7113c6d5/screenshot - {}
RESULT: {}
COMMAND: GET /session/adf199ce321191b0d42bf89d7113c6d5/screenshot - {}
COMMAND: POST /session/adf199ce321191b0d42bf89d7113c6d5/elements - {"using":"xpath","value":"(//li[div//span[contains(text(), '2517')]])[2]"}
RESULT: {"text":"2517"}
COMMAND: GET /session/adf199ce321191b0d42bf89d7113c6d5/screenshot - {}
RESULT: {}
RESULT: {}
RESULT: {"using":"xpath","value":"(//li[div//span[contains(text(), '2517')]])[2]"}
COMMAND: POST /session/adf199ce321191b0d42bf89d7113c6d5/element - {"using":"xpath","value":"(//li[div//span[contains(text(), '2517')]])[2]"}
RESULT: {}
RESULT: {"using":"xpath","value":"(//li[div//span[contains(text(), '2517')]])[2]"}
COMMAND: POST /session/adf199ce321191b0d42bf89d7113c6d5/element/f.53561D77C6482DD9DDA73AB31B5C064E.d.D232211E5B593028BA9FDD9EE5CE0438.e.5211/click - {}
RESULT: {}
COMMAND: POST /session/adf199ce321191b0d42bf89d7113c6d5/execute/async - {"script":"<script> [1562 bytes]","args":[{"selector":{"controlType":"sap.m.Button","viewName":"etm.portal.ui.manageconditionprice.view.DailyPrices","viewId":"application-manageconditionprice-display-component---dailyPrices","i18NText":{"propertyName":"tooltip","key":"save"},"interaction":{"idSuffix":"BDI-content"}},"wdio_ui5_key":"etmportal.ui.manageconditionprice.view.DailyPricessap.m.Button{\"propertyName\":\"tooltip\",\"key\":\"save\"}"}]}
COMMAND: GET /session/adf199ce321191b0d42bf89d7113c6d5/screenshot - {}
RESULT: {}
RESULT: {"script":"<script> [1562 bytes]","args":[{"selector":{"controlType":"sap.m.Button","viewName":"etm.portal.ui.manageconditionprice.view.DailyPrices","viewId":"application-manageconditionprice-display-component---dailyPrices","i18NText":{"propertyName":"tooltip","key":"save"},"interaction":{"idSuffix":"BDI-content"}},"wdio_ui5_key":"etmportal.ui.manageconditionprice.view.DailyPricessap.m.Button{\"propertyName\":\"tooltip\",\"key\":\"save\"}"}]}
RESULT: undefined
COMMAND: POST /session/adf199ce321191b0d42bf89d7113c6d5/element - {"using":"xpath","value":"//*[@id=\"__button8\"]"}
RESULT: {"using":"xpath","value":"//*[@id=\"__button8\"]"}
COMMAND: POST /session/adf199ce321191b0d42bf89d7113c6d5/element/f.53561D77C6482DD9DDA73AB31B5C064E.d.D232211E5B593028BA9FDD9EE5CE0438.e.4933/click - {}
RESULT: {}
COMMAND: GET /session/adf199ce321191b0d42bf89d7113c6d5/screenshot - {}
RESULT: {}
]]></system-out>
    </testcase>
    <testcase classname="chrome.135_0_7049_42.windows.Edit_and_delete_daily_price_US134629_US134627" name="Should check whether the 2 rows have been added then edit one of the rows s currency and value and save and check the edited values" time="13.05">
      <system-out><![CDATA[
COMMAND: POST /session/adf199ce321191b0d42bf89d7113c6d5/elements - {"using":"css selector","value":"table tr"}
RESULT: {"using":"css selector","value":"table tr"}
COMMAND: POST /session/adf199ce321191b0d42bf89d7113c6d5/element/f.53561D77C6482DD9DDA73AB31B5C064E.d.D232211E5B593028BA9FDD9EE5CE0438.e.5188/elements - {"using":"css selector","value":"td"}
RESULT: {"using":"css selector","value":"td"}
COMMAND: POST /session/adf199ce321191b0d42bf89d7113c6d5/element/f.53561D77C6482DD9DDA73AB31B5C064E.d.D232211E5B593028BA9FDD9EE5CE0438.e.5147/elements - {"using":"css selector","value":"td"}
RESULT: {"using":"css selector","value":"td"}
COMMAND: POST /session/adf199ce321191b0d42bf89d7113c6d5/element/f.53561D77C6482DD9DDA73AB31B5C064E.d.D232211E5B593028BA9FDD9EE5CE0438.e.5214/element - {"using":"css selector","value":".sapMObjectNumberText"}
RESULT: {"using":"css selector","value":".sapMObjectNumberText"}
COMMAND: GET /session/adf199ce321191b0d42bf89d7113c6d5/element/f.53561D77C6482DD9DDA73AB31B5C064E.d.D232211E5B593028BA9FDD9EE5CE0438.e.5216/text - {}
RESULT: {}
COMMAND: POST /session/adf199ce321191b0d42bf89d7113c6d5/element/f.53561D77C6482DD9DDA73AB31B5C064E.d.D232211E5B593028BA9FDD9EE5CE0438.e.5215/element - {"using":"css selector","value":".sapMObjectNumberText"}
RESULT: {"using":"css selector","value":".sapMObjectNumberText"}
COMMAND: GET /session/adf199ce321191b0d42bf89d7113c6d5/element/f.53561D77C6482DD9DDA73AB31B5C064E.d.D232211E5B593028BA9FDD9EE5CE0438.e.5217/text - {}
RESULT: {}
RESULT: undefined
COMMAND: POST /session/adf199ce321191b0d42bf89d7113c6d5/element - {"using":"xpath","value":"//*[@id=\"application-manageconditionprice-display-component---dailyPrices--editBtn\"]"}
RESULT: {"using":"xpath","value":"//*[@id=\"application-manageconditionprice-display-component---dailyPrices--editBtn\"]"}
COMMAND: POST /session/adf199ce321191b0d42bf89d7113c6d5/element/f.53561D77C6482DD9DDA73AB31B5C064E.d.D232211E5B593028BA9FDD9EE5CE0438.e.5213/click - {}
RESULT: {}
COMMAND: POST /session/adf199ce321191b0d42bf89d7113c6d5/elements - {"using":"css selector","value":"table tr"}
COMMAND: GET /session/adf199ce321191b0d42bf89d7113c6d5/screenshot - {}
RESULT: {"using":"css selector","value":"table tr"}
COMMAND: POST /session/adf199ce321191b0d42bf89d7113c6d5/element/f.53561D77C6482DD9DDA73AB31B5C064E.d.D232211E5B593028BA9FDD9EE5CE0438.e.5188/elements - {"using":"css selector","value":"input"}
RESULT: {}
RESULT: {"using":"css selector","value":"input"}
COMMAND: POST /session/adf199ce321191b0d42bf89d7113c6d5/element/f.53561D77C6482DD9DDA73AB31B5C064E.d.D232211E5B593028BA9FDD9EE5CE0438.e.5235/clear - {}
COMMAND: POST /session/adf199ce321191b0d42bf89d7113c6d5/element/f.53561D77C6482DD9DDA73AB31B5C064E.d.D232211E5B593028BA9FDD9EE5CE0438.e.5236/clear - {}
RESULT: {}
COMMAND: POST /session/adf199ce321191b0d42bf89d7113c6d5/element/f.53561D77C6482DD9DDA73AB31B5C064E.d.D232211E5B593028BA9FDD9EE5CE0438.e.5235/value - {"text":"566.1"}
COMMAND: GET /session/adf199ce321191b0d42bf89d7113c6d5/screenshot - {}
RESULT: {}
COMMAND: POST /session/adf199ce321191b0d42bf89d7113c6d5/element/f.53561D77C6482DD9DDA73AB31B5C064E.d.D232211E5B593028BA9FDD9EE5CE0438.e.5236/value - {"text":"US Dollar"}
COMMAND: GET /session/adf199ce321191b0d42bf89d7113c6d5/screenshot - {}
RESULT: {"text":"566.1"}
COMMAND: GET /session/adf199ce321191b0d42bf89d7113c6d5/screenshot - {}
RESULT: undefined
COMMAND: POST /session/adf199ce321191b0d42bf89d7113c6d5/element - {"using":"xpath","value":"//*[@id=\"__button8\"]"}
RESULT: {}
RESULT: {"text":"US Dollar"}
COMMAND: GET /session/adf199ce321191b0d42bf89d7113c6d5/screenshot - {}
RESULT: {}
RESULT: {}
RESULT: {"using":"xpath","value":"//*[@id=\"__button8\"]"}
COMMAND: POST /session/adf199ce321191b0d42bf89d7113c6d5/element/f.53561D77C6482DD9DDA73AB31B5C064E.d.D232211E5B593028BA9FDD9EE5CE0438.e.5218/click - {}
RESULT: {}
RESULT: {}
COMMAND: GET /session/adf199ce321191b0d42bf89d7113c6d5/screenshot - {}
RESULT: {}
COMMAND: POST /session/adf199ce321191b0d42bf89d7113c6d5/elements - {"using":"css selector","value":"table tr"}
RESULT: {"using":"css selector","value":"table tr"}
COMMAND: POST /session/adf199ce321191b0d42bf89d7113c6d5/element/f.53561D77C6482DD9DDA73AB31B5C064E.d.D232211E5B593028BA9FDD9EE5CE0438.e.5188/elements - {"using":"css selector","value":"td"}
RESULT: {"using":"css selector","value":"td"}
COMMAND: POST /session/adf199ce321191b0d42bf89d7113c6d5/element/f.53561D77C6482DD9DDA73AB31B5C064E.d.D232211E5B593028BA9FDD9EE5CE0438.e.5240/element - {"using":"css selector","value":".sapMObjectNumberText"}
RESULT: {"using":"css selector","value":".sapMObjectNumberText"}
COMMAND: GET /session/adf199ce321191b0d42bf89d7113c6d5/element/f.53561D77C6482DD9DDA73AB31B5C064E.d.D232211E5B593028BA9FDD9EE5CE0438.e.5242/text - {}
RESULT: {}
]]></system-out>
    </testcase>
    <testcase classname="chrome.135_0_7049_42.windows.Edit_and_delete_daily_price_US134629_US134627" name="Should go into edit and delete all the rows that match the yard we have created for this scenario check if all rows deleted" time="31.847">
      <system-out><![CDATA[
RESULT: undefined
COMMAND: POST /session/adf199ce321191b0d42bf89d7113c6d5/element - {"using":"xpath","value":"//*[@id=\"application-manageconditionprice-display-component---dailyPrices--editBtn\"]"}
RESULT: {"using":"xpath","value":"//*[@id=\"application-manageconditionprice-display-component---dailyPrices--editBtn\"]"}
COMMAND: POST /session/adf199ce321191b0d42bf89d7113c6d5/element/f.53561D77C6482DD9DDA73AB31B5C064E.d.D232211E5B593028BA9FDD9EE5CE0438.e.5239/click - {}
RESULT: {}
COMMAND: GET /session/adf199ce321191b0d42bf89d7113c6d5/screenshot - {}
RESULT: {}
COMMAND: POST /session/adf199ce321191b0d42bf89d7113c6d5/elements - {"using":"css selector","value":"table tr"}
RESULT: {"using":"css selector","value":"table tr"}
COMMAND: POST /session/adf199ce321191b0d42bf89d7113c6d5/element/f.53561D77C6482DD9DDA73AB31B5C064E.d.D232211E5B593028BA9FDD9EE5CE0438.e.4950/elements - {"using":"css selector","value":"td"}
RESULT: {"using":"css selector","value":"td"}
COMMAND: POST /session/adf199ce321191b0d42bf89d7113c6d5/element/f.53561D77C6482DD9DDA73AB31B5C064E.d.D232211E5B593028BA9FDD9EE5CE0438.e.4951/elements - {"using":"css selector","value":"td"}
RESULT: {"using":"css selector","value":"td"}
COMMAND: POST /session/adf199ce321191b0d42bf89d7113c6d5/element/f.53561D77C6482DD9DDA73AB31B5C064E.d.D232211E5B593028BA9FDD9EE5CE0438.e.4952/elements - {"using":"css selector","value":"td"}
RESULT: {"using":"css selector","value":"td"}
COMMAND: POST /session/adf199ce321191b0d42bf89d7113c6d5/element/f.53561D77C6482DD9DDA73AB31B5C064E.d.D232211E5B593028BA9FDD9EE5CE0438.e.4848/elements - {"using":"css selector","value":"td"}
RESULT: {"using":"css selector","value":"td"}
COMMAND: POST /session/adf199ce321191b0d42bf89d7113c6d5/element/f.53561D77C6482DD9DDA73AB31B5C064E.d.D232211E5B593028BA9FDD9EE5CE0438.e.4849/elements - {"using":"css selector","value":"td"}
RESULT: {"using":"css selector","value":"td"}
COMMAND: POST /session/adf199ce321191b0d42bf89d7113c6d5/element/f.53561D77C6482DD9DDA73AB31B5C064E.d.D232211E5B593028BA9FDD9EE5CE0438.e.4858/elements - {"using":"css selector","value":"td"}
RESULT: {"using":"css selector","value":"td"}
COMMAND: POST /session/adf199ce321191b0d42bf89d7113c6d5/element/f.53561D77C6482DD9DDA73AB31B5C064E.d.D232211E5B593028BA9FDD9EE5CE0438.e.4859/elements - {"using":"css selector","value":"td"}
RESULT: {"using":"css selector","value":"td"}
COMMAND: POST /session/adf199ce321191b0d42bf89d7113c6d5/element/f.53561D77C6482DD9DDA73AB31B5C064E.d.D232211E5B593028BA9FDD9EE5CE0438.e.4868/elements - {"using":"css selector","value":"td"}
RESULT: {"using":"css selector","value":"td"}
COMMAND: POST /session/adf199ce321191b0d42bf89d7113c6d5/element/f.53561D77C6482DD9DDA73AB31B5C064E.d.D232211E5B593028BA9FDD9EE5CE0438.e.4869/elements - {"using":"css selector","value":"td"}
RESULT: {"using":"css selector","value":"td"}
COMMAND: POST /session/adf199ce321191b0d42bf89d7113c6d5/element/f.53561D77C6482DD9DDA73AB31B5C064E.d.D232211E5B593028BA9FDD9EE5CE0438.e.4874/elements - {"using":"css selector","value":"td"}
RESULT: {"using":"css selector","value":"td"}
COMMAND: POST /session/adf199ce321191b0d42bf89d7113c6d5/element/f.53561D77C6482DD9DDA73AB31B5C064E.d.D232211E5B593028BA9FDD9EE5CE0438.e.4953/elements - {"using":"css selector","value":"td"}
RESULT: {"using":"css selector","value":"td"}
COMMAND: POST /session/adf199ce321191b0d42bf89d7113c6d5/element/f.53561D77C6482DD9DDA73AB31B5C064E.d.D232211E5B593028BA9FDD9EE5CE0438.e.4954/elements - {"using":"css selector","value":"td"}
RESULT: {"using":"css selector","value":"td"}
COMMAND: POST /session/adf199ce321191b0d42bf89d7113c6d5/element/f.53561D77C6482DD9DDA73AB31B5C064E.d.D232211E5B593028BA9FDD9EE5CE0438.e.4955/elements - {"using":"css selector","value":"td"}
RESULT: {"using":"css selector","value":"td"}
COMMAND: POST /session/adf199ce321191b0d42bf89d7113c6d5/element/f.53561D77C6482DD9DDA73AB31B5C064E.d.D232211E5B593028BA9FDD9EE5CE0438.e.4956/elements - {"using":"css selector","value":"td"}
RESULT: {"using":"css selector","value":"td"}
COMMAND: POST /session/adf199ce321191b0d42bf89d7113c6d5/element/f.53561D77C6482DD9DDA73AB31B5C064E.d.D232211E5B593028BA9FDD9EE5CE0438.e.4957/elements - {"using":"css selector","value":"td"}
RESULT: {"using":"css selector","value":"td"}
COMMAND: POST /session/adf199ce321191b0d42bf89d7113c6d5/element/f.53561D77C6482DD9DDA73AB31B5C064E.d.D232211E5B593028BA9FDD9EE5CE0438.e.4958/elements - {"using":"css selector","value":"td"}
RESULT: {"using":"css selector","value":"td"}
COMMAND: POST /session/adf199ce321191b0d42bf89d7113c6d5/element/f.53561D77C6482DD9DDA73AB31B5C064E.d.D232211E5B593028BA9FDD9EE5CE0438.e.4959/elements - {"using":"css selector","value":"td"}
RESULT: {"using":"css selector","value":"td"}
COMMAND: POST /session/adf199ce321191b0d42bf89d7113c6d5/element/f.53561D77C6482DD9DDA73AB31B5C064E.d.D232211E5B593028BA9FDD9EE5CE0438.e.4960/elements - {"using":"css selector","value":"td"}
RESULT: {"using":"css selector","value":"td"}
COMMAND: POST /session/adf199ce321191b0d42bf89d7113c6d5/element/f.53561D77C6482DD9DDA73AB31B5C064E.d.D232211E5B593028BA9FDD9EE5CE0438.e.4961/elements - {"using":"css selector","value":"td"}
RESULT: {"using":"css selector","value":"td"}
COMMAND: POST /session/adf199ce321191b0d42bf89d7113c6d5/element/f.53561D77C6482DD9DDA73AB31B5C064E.d.D232211E5B593028BA9FDD9EE5CE0438.e.4962/elements - {"using":"css selector","value":"td"}
RESULT: {"using":"css selector","value":"td"}
COMMAND: POST /session/adf199ce321191b0d42bf89d7113c6d5/element/f.53561D77C6482DD9DDA73AB31B5C064E.d.D232211E5B593028BA9FDD9EE5CE0438.e.4963/elements - {"using":"css selector","value":"td"}
RESULT: {"using":"css selector","value":"td"}
COMMAND: POST /session/adf199ce321191b0d42bf89d7113c6d5/element/f.53561D77C6482DD9DDA73AB31B5C064E.d.D232211E5B593028BA9FDD9EE5CE0438.e.4964/elements - {"using":"css selector","value":"td"}
RESULT: {"using":"css selector","value":"td"}
COMMAND: POST /session/adf199ce321191b0d42bf89d7113c6d5/element/f.53561D77C6482DD9DDA73AB31B5C064E.d.D232211E5B593028BA9FDD9EE5CE0438.e.4965/elements - {"using":"css selector","value":"td"}
RESULT: {"using":"css selector","value":"td"}
COMMAND: POST /session/adf199ce321191b0d42bf89d7113c6d5/element/f.53561D77C6482DD9DDA73AB31B5C064E.d.D232211E5B593028BA9FDD9EE5CE0438.e.4966/elements - {"using":"css selector","value":"td"}
RESULT: {"using":"css selector","value":"td"}
COMMAND: POST /session/adf199ce321191b0d42bf89d7113c6d5/element/f.53561D77C6482DD9DDA73AB31B5C064E.d.D232211E5B593028BA9FDD9EE5CE0438.e.4967/elements - {"using":"css selector","value":"td"}
RESULT: {"using":"css selector","value":"td"}
COMMAND: POST /session/adf199ce321191b0d42bf89d7113c6d5/element/f.53561D77C6482DD9DDA73AB31B5C064E.d.D232211E5B593028BA9FDD9EE5CE0438.e.4968/elements - {"using":"css selector","value":"td"}
RESULT: {"using":"css selector","value":"td"}
COMMAND: POST /session/adf199ce321191b0d42bf89d7113c6d5/element/f.53561D77C6482DD9DDA73AB31B5C064E.d.D232211E5B593028BA9FDD9EE5CE0438.e.4969/elements - {"using":"css selector","value":"td"}
RESULT: {"using":"css selector","value":"td"}
COMMAND: POST /session/adf199ce321191b0d42bf89d7113c6d5/element/f.53561D77C6482DD9DDA73AB31B5C064E.d.D232211E5B593028BA9FDD9EE5CE0438.e.4970/elements - {"using":"css selector","value":"td"}
RESULT: {"using":"css selector","value":"td"}
COMMAND: POST /session/adf199ce321191b0d42bf89d7113c6d5/element/f.53561D77C6482DD9DDA73AB31B5C064E.d.D232211E5B593028BA9FDD9EE5CE0438.e.4971/elements - {"using":"css selector","value":"td"}
RESULT: {"using":"css selector","value":"td"}
COMMAND: POST /session/adf199ce321191b0d42bf89d7113c6d5/element/f.53561D77C6482DD9DDA73AB31B5C064E.d.D232211E5B593028BA9FDD9EE5CE0438.e.4972/elements - {"using":"css selector","value":"td"}
RESULT: {"using":"css selector","value":"td"}
COMMAND: POST /session/adf199ce321191b0d42bf89d7113c6d5/element/f.53561D77C6482DD9DDA73AB31B5C064E.d.D232211E5B593028BA9FDD9EE5CE0438.e.4973/elements - {"using":"css selector","value":"td"}
RESULT: {"using":"css selector","value":"td"}
COMMAND: POST /session/adf199ce321191b0d42bf89d7113c6d5/element/f.53561D77C6482DD9DDA73AB31B5C064E.d.D232211E5B593028BA9FDD9EE5CE0438.e.4974/elements - {"using":"css selector","value":"td"}
RESULT: {"using":"css selector","value":"td"}
COMMAND: POST /session/adf199ce321191b0d42bf89d7113c6d5/element/f.53561D77C6482DD9DDA73AB31B5C064E.d.D232211E5B593028BA9FDD9EE5CE0438.e.4975/elements - {"using":"css selector","value":"td"}
RESULT: {"using":"css selector","value":"td"}
COMMAND: POST /session/adf199ce321191b0d42bf89d7113c6d5/element/f.53561D77C6482DD9DDA73AB31B5C064E.d.D232211E5B593028BA9FDD9EE5CE0438.e.4976/elements - {"using":"css selector","value":"td"}
RESULT: {"using":"css selector","value":"td"}
COMMAND: POST /session/adf199ce321191b0d42bf89d7113c6d5/element/f.53561D77C6482DD9DDA73AB31B5C064E.d.D232211E5B593028BA9FDD9EE5CE0438.e.4977/elements - {"using":"css selector","value":"td"}
RESULT: {"using":"css selector","value":"td"}
COMMAND: POST /session/adf199ce321191b0d42bf89d7113c6d5/element/f.53561D77C6482DD9DDA73AB31B5C064E.d.D232211E5B593028BA9FDD9EE5CE0438.e.4978/elements - {"using":"css selector","value":"td"}
RESULT: {"using":"css selector","value":"td"}
COMMAND: POST /session/adf199ce321191b0d42bf89d7113c6d5/element/f.53561D77C6482DD9DDA73AB31B5C064E.d.D232211E5B593028BA9FDD9EE5CE0438.e.4979/elements - {"using":"css selector","value":"td"}
RESULT: {"using":"css selector","value":"td"}
COMMAND: POST /session/adf199ce321191b0d42bf89d7113c6d5/element/f.53561D77C6482DD9DDA73AB31B5C064E.d.D232211E5B593028BA9FDD9EE5CE0438.e.4980/elements - {"using":"css selector","value":"td"}
RESULT: {"using":"css selector","value":"td"}
COMMAND: POST /session/adf199ce321191b0d42bf89d7113c6d5/element/f.53561D77C6482DD9DDA73AB31B5C064E.d.D232211E5B593028BA9FDD9EE5CE0438.e.4981/elements - {"using":"css selector","value":"td"}
RESULT: {"using":"css selector","value":"td"}
COMMAND: POST /session/adf199ce321191b0d42bf89d7113c6d5/element/f.53561D77C6482DD9DDA73AB31B5C064E.d.D232211E5B593028BA9FDD9EE5CE0438.e.4982/elements - {"using":"css selector","value":"td"}
RESULT: {"using":"css selector","value":"td"}
COMMAND: POST /session/adf199ce321191b0d42bf89d7113c6d5/element/f.53561D77C6482DD9DDA73AB31B5C064E.d.D232211E5B593028BA9FDD9EE5CE0438.e.4983/elements - {"using":"css selector","value":"td"}
RESULT: {"using":"css selector","value":"td"}
COMMAND: POST /session/adf199ce321191b0d42bf89d7113c6d5/element/f.53561D77C6482DD9DDA73AB31B5C064E.d.D232211E5B593028BA9FDD9EE5CE0438.e.4984/elements - {"using":"css selector","value":"td"}
RESULT: {"using":"css selector","value":"td"}
COMMAND: POST /session/adf199ce321191b0d42bf89d7113c6d5/element/f.53561D77C6482DD9DDA73AB31B5C064E.d.D232211E5B593028BA9FDD9EE5CE0438.e.4985/elements - {"using":"css selector","value":"td"}
RESULT: {"using":"css selector","value":"td"}
COMMAND: POST /session/adf199ce321191b0d42bf89d7113c6d5/element/f.53561D77C6482DD9DDA73AB31B5C064E.d.D232211E5B593028BA9FDD9EE5CE0438.e.4986/elements - {"using":"css selector","value":"td"}
RESULT: {"using":"css selector","value":"td"}
COMMAND: POST /session/adf199ce321191b0d42bf89d7113c6d5/element/f.53561D77C6482DD9DDA73AB31B5C064E.d.D232211E5B593028BA9FDD9EE5CE0438.e.4987/elements - {"using":"css selector","value":"td"}
RESULT: {"using":"css selector","value":"td"}
COMMAND: POST /session/adf199ce321191b0d42bf89d7113c6d5/element/f.53561D77C6482DD9DDA73AB31B5C064E.d.D232211E5B593028BA9FDD9EE5CE0438.e.4988/elements - {"using":"css selector","value":"td"}
RESULT: {"using":"css selector","value":"td"}
COMMAND: POST /session/adf199ce321191b0d42bf89d7113c6d5/element/f.53561D77C6482DD9DDA73AB31B5C064E.d.D232211E5B593028BA9FDD9EE5CE0438.e.4989/elements - {"using":"css selector","value":"td"}
RESULT: {"using":"css selector","value":"td"}
COMMAND: POST /session/adf199ce321191b0d42bf89d7113c6d5/element/f.53561D77C6482DD9DDA73AB31B5C064E.d.D232211E5B593028BA9FDD9EE5CE0438.e.4990/elements - {"using":"css selector","value":"td"}
RESULT: {"using":"css selector","value":"td"}
COMMAND: POST /session/adf199ce321191b0d42bf89d7113c6d5/element/f.53561D77C6482DD9DDA73AB31B5C064E.d.D232211E5B593028BA9FDD9EE5CE0438.e.4991/elements - {"using":"css selector","value":"td"}
RESULT: {"using":"css selector","value":"td"}
COMMAND: POST /session/adf199ce321191b0d42bf89d7113c6d5/element/f.53561D77C6482DD9DDA73AB31B5C064E.d.D232211E5B593028BA9FDD9EE5CE0438.e.4992/elements - {"using":"css selector","value":"td"}
RESULT: {"using":"css selector","value":"td"}
COMMAND: POST /session/adf199ce321191b0d42bf89d7113c6d5/element/f.53561D77C6482DD9DDA73AB31B5C064E.d.D232211E5B593028BA9FDD9EE5CE0438.e.4993/elements - {"using":"css selector","value":"td"}
RESULT: {"using":"css selector","value":"td"}
COMMAND: POST /session/adf199ce321191b0d42bf89d7113c6d5/element/f.53561D77C6482DD9DDA73AB31B5C064E.d.D232211E5B593028BA9FDD9EE5CE0438.e.4994/elements - {"using":"css selector","value":"td"}
RESULT: {"using":"css selector","value":"td"}
COMMAND: POST /session/adf199ce321191b0d42bf89d7113c6d5/element/f.53561D77C6482DD9DDA73AB31B5C064E.d.D232211E5B593028BA9FDD9EE5CE0438.e.4995/elements - {"using":"css selector","value":"td"}
RESULT: {"using":"css selector","value":"td"}
COMMAND: POST /session/adf199ce321191b0d42bf89d7113c6d5/element/f.53561D77C6482DD9DDA73AB31B5C064E.d.D232211E5B593028BA9FDD9EE5CE0438.e.4996/elements - {"using":"css selector","value":"td"}
RESULT: {"using":"css selector","value":"td"}
COMMAND: POST /session/adf199ce321191b0d42bf89d7113c6d5/element/f.53561D77C6482DD9DDA73AB31B5C064E.d.D232211E5B593028BA9FDD9EE5CE0438.e.4997/elements - {"using":"css selector","value":"td"}
RESULT: {"using":"css selector","value":"td"}
COMMAND: POST /session/adf199ce321191b0d42bf89d7113c6d5/element/f.53561D77C6482DD9DDA73AB31B5C064E.d.D232211E5B593028BA9FDD9EE5CE0438.e.4998/elements - {"using":"css selector","value":"td"}
RESULT: {"using":"css selector","value":"td"}
COMMAND: POST /session/adf199ce321191b0d42bf89d7113c6d5/element/f.53561D77C6482DD9DDA73AB31B5C064E.d.D232211E5B593028BA9FDD9EE5CE0438.e.4999/elements - {"using":"css selector","value":"td"}
RESULT: {"using":"css selector","value":"td"}
COMMAND: POST /session/adf199ce321191b0d42bf89d7113c6d5/element/f.53561D77C6482DD9DDA73AB31B5C064E.d.D232211E5B593028BA9FDD9EE5CE0438.e.5000/elements - {"using":"css selector","value":"td"}
RESULT: {"using":"css selector","value":"td"}
COMMAND: POST /session/adf199ce321191b0d42bf89d7113c6d5/element/f.53561D77C6482DD9DDA73AB31B5C064E.d.D232211E5B593028BA9FDD9EE5CE0438.e.5001/elements - {"using":"css selector","value":"td"}
RESULT: {"using":"css selector","value":"td"}
COMMAND: POST /session/adf199ce321191b0d42bf89d7113c6d5/element/f.53561D77C6482DD9DDA73AB31B5C064E.d.D232211E5B593028BA9FDD9EE5CE0438.e.5002/elements - {"using":"css selector","value":"td"}
RESULT: {"using":"css selector","value":"td"}
COMMAND: POST /session/adf199ce321191b0d42bf89d7113c6d5/element/f.53561D77C6482DD9DDA73AB31B5C064E.d.D232211E5B593028BA9FDD9EE5CE0438.e.5003/elements - {"using":"css selector","value":"td"}
RESULT: {"using":"css selector","value":"td"}
COMMAND: POST /session/adf199ce321191b0d42bf89d7113c6d5/element/f.53561D77C6482DD9DDA73AB31B5C064E.d.D232211E5B593028BA9FDD9EE5CE0438.e.5004/elements - {"using":"css selector","value":"td"}
RESULT: {"using":"css selector","value":"td"}
COMMAND: POST /session/adf199ce321191b0d42bf89d7113c6d5/element/f.53561D77C6482DD9DDA73AB31B5C064E.d.D232211E5B593028BA9FDD9EE5CE0438.e.5005/elements - {"using":"css selector","value":"td"}
RESULT: {"using":"css selector","value":"td"}
COMMAND: POST /session/adf199ce321191b0d42bf89d7113c6d5/element/f.53561D77C6482DD9DDA73AB31B5C064E.d.D232211E5B593028BA9FDD9EE5CE0438.e.5006/elements - {"using":"css selector","value":"td"}
RESULT: {"using":"css selector","value":"td"}
COMMAND: POST /session/adf199ce321191b0d42bf89d7113c6d5/element/f.53561D77C6482DD9DDA73AB31B5C064E.d.D232211E5B593028BA9FDD9EE5CE0438.e.5007/elements - {"using":"css selector","value":"td"}
RESULT: {"using":"css selector","value":"td"}
COMMAND: POST /session/adf199ce321191b0d42bf89d7113c6d5/element/f.53561D77C6482DD9DDA73AB31B5C064E.d.D232211E5B593028BA9FDD9EE5CE0438.e.5008/elements - {"using":"css selector","value":"td"}
RESULT: {"using":"css selector","value":"td"}
COMMAND: POST /session/adf199ce321191b0d42bf89d7113c6d5/element/f.53561D77C6482DD9DDA73AB31B5C064E.d.D232211E5B593028BA9FDD9EE5CE0438.e.5009/elements - {"using":"css selector","value":"td"}
RESULT: {"using":"css selector","value":"td"}
COMMAND: POST /session/adf199ce321191b0d42bf89d7113c6d5/element/f.53561D77C6482DD9DDA73AB31B5C064E.d.D232211E5B593028BA9FDD9EE5CE0438.e.5010/elements - {"using":"css selector","value":"td"}
RESULT: {"using":"css selector","value":"td"}
COMMAND: POST /session/adf199ce321191b0d42bf89d7113c6d5/element/f.53561D77C6482DD9DDA73AB31B5C064E.d.D232211E5B593028BA9FDD9EE5CE0438.e.5011/elements - {"using":"css selector","value":"td"}
RESULT: {"using":"css selector","value":"td"}
COMMAND: POST /session/adf199ce321191b0d42bf89d7113c6d5/element/f.53561D77C6482DD9DDA73AB31B5C064E.d.D232211E5B593028BA9FDD9EE5CE0438.e.5012/elements - {"using":"css selector","value":"td"}
RESULT: {"using":"css selector","value":"td"}
COMMAND: POST /session/adf199ce321191b0d42bf89d7113c6d5/element/f.53561D77C6482DD9DDA73AB31B5C064E.d.D232211E5B593028BA9FDD9EE5CE0438.e.5013/elements - {"using":"css selector","value":"td"}
RESULT: {"using":"css selector","value":"td"}
COMMAND: POST /session/adf199ce321191b0d42bf89d7113c6d5/element/f.53561D77C6482DD9DDA73AB31B5C064E.d.D232211E5B593028BA9FDD9EE5CE0438.e.5014/elements - {"using":"css selector","value":"td"}
RESULT: {"using":"css selector","value":"td"}
COMMAND: POST /session/adf199ce321191b0d42bf89d7113c6d5/element/f.53561D77C6482DD9DDA73AB31B5C064E.d.D232211E5B593028BA9FDD9EE5CE0438.e.5015/elements - {"using":"css selector","value":"td"}
RESULT: {"using":"css selector","value":"td"}
COMMAND: POST /session/adf199ce321191b0d42bf89d7113c6d5/element/f.53561D77C6482DD9DDA73AB31B5C064E.d.D232211E5B593028BA9FDD9EE5CE0438.e.5016/elements - {"using":"css selector","value":"td"}
RESULT: {"using":"css selector","value":"td"}
COMMAND: POST /session/adf199ce321191b0d42bf89d7113c6d5/element/f.53561D77C6482DD9DDA73AB31B5C064E.d.D232211E5B593028BA9FDD9EE5CE0438.e.5017/elements - {"using":"css selector","value":"td"}
RESULT: {"using":"css selector","value":"td"}
COMMAND: POST /session/adf199ce321191b0d42bf89d7113c6d5/element/f.53561D77C6482DD9DDA73AB31B5C064E.d.D232211E5B593028BA9FDD9EE5CE0438.e.5018/elements - {"using":"css selector","value":"td"}
RESULT: {"using":"css selector","value":"td"}
COMMAND: POST /session/adf199ce321191b0d42bf89d7113c6d5/element/f.53561D77C6482DD9DDA73AB31B5C064E.d.D232211E5B593028BA9FDD9EE5CE0438.e.5019/elements - {"using":"css selector","value":"td"}
RESULT: {"using":"css selector","value":"td"}
COMMAND: POST /session/adf199ce321191b0d42bf89d7113c6d5/element/f.53561D77C6482DD9DDA73AB31B5C064E.d.D232211E5B593028BA9FDD9EE5CE0438.e.5020/elements - {"using":"css selector","value":"td"}
RESULT: {"using":"css selector","value":"td"}
COMMAND: POST /session/adf199ce321191b0d42bf89d7113c6d5/element/f.53561D77C6482DD9DDA73AB31B5C064E.d.D232211E5B593028BA9FDD9EE5CE0438.e.5021/elements - {"using":"css selector","value":"td"}
RESULT: {"using":"css selector","value":"td"}
COMMAND: POST /session/adf199ce321191b0d42bf89d7113c6d5/element/f.53561D77C6482DD9DDA73AB31B5C064E.d.D232211E5B593028BA9FDD9EE5CE0438.e.5022/elements - {"using":"css selector","value":"td"}
RESULT: {"using":"css selector","value":"td"}
COMMAND: POST /session/adf199ce321191b0d42bf89d7113c6d5/element/f.53561D77C6482DD9DDA73AB31B5C064E.d.D232211E5B593028BA9FDD9EE5CE0438.e.5023/elements - {"using":"css selector","value":"td"}
RESULT: {"using":"css selector","value":"td"}
COMMAND: POST /session/adf199ce321191b0d42bf89d7113c6d5/element/f.53561D77C6482DD9DDA73AB31B5C064E.d.D232211E5B593028BA9FDD9EE5CE0438.e.5024/elements - {"using":"css selector","value":"td"}
RESULT: {"using":"css selector","value":"td"}
COMMAND: POST /session/adf199ce321191b0d42bf89d7113c6d5/element/f.53561D77C6482DD9DDA73AB31B5C064E.d.D232211E5B593028BA9FDD9EE5CE0438.e.5025/elements - {"using":"css selector","value":"td"}
RESULT: {"using":"css selector","value":"td"}
COMMAND: POST /session/adf199ce321191b0d42bf89d7113c6d5/element/f.53561D77C6482DD9DDA73AB31B5C064E.d.D232211E5B593028BA9FDD9EE5CE0438.e.5026/elements - {"using":"css selector","value":"td"}
RESULT: {"using":"css selector","value":"td"}
COMMAND: POST /session/adf199ce321191b0d42bf89d7113c6d5/element/f.53561D77C6482DD9DDA73AB31B5C064E.d.D232211E5B593028BA9FDD9EE5CE0438.e.5027/elements - {"using":"css selector","value":"td"}
RESULT: {"using":"css selector","value":"td"}
COMMAND: POST /session/adf199ce321191b0d42bf89d7113c6d5/element/f.53561D77C6482DD9DDA73AB31B5C064E.d.D232211E5B593028BA9FDD9EE5CE0438.e.5028/elements - {"using":"css selector","value":"td"}
RESULT: {"using":"css selector","value":"td"}
COMMAND: POST /session/adf199ce321191b0d42bf89d7113c6d5/element/f.53561D77C6482DD9DDA73AB31B5C064E.d.D232211E5B593028BA9FDD9EE5CE0438.e.5029/elements - {"using":"css selector","value":"td"}
RESULT: {"using":"css selector","value":"td"}
COMMAND: POST /session/adf199ce321191b0d42bf89d7113c6d5/element/f.53561D77C6482DD9DDA73AB31B5C064E.d.D232211E5B593028BA9FDD9EE5CE0438.e.5030/elements - {"using":"css selector","value":"td"}
RESULT: {"using":"css selector","value":"td"}
COMMAND: POST /session/adf199ce321191b0d42bf89d7113c6d5/element/f.53561D77C6482DD9DDA73AB31B5C064E.d.D232211E5B593028BA9FDD9EE5CE0438.e.5031/elements - {"using":"css selector","value":"td"}
RESULT: {"using":"css selector","value":"td"}
COMMAND: POST /session/adf199ce321191b0d42bf89d7113c6d5/element/f.53561D77C6482DD9DDA73AB31B5C064E.d.D232211E5B593028BA9FDD9EE5CE0438.e.5032/elements - {"using":"css selector","value":"td"}
RESULT: {"using":"css selector","value":"td"}
COMMAND: POST /session/adf199ce321191b0d42bf89d7113c6d5/element/f.53561D77C6482DD9DDA73AB31B5C064E.d.D232211E5B593028BA9FDD9EE5CE0438.e.5033/elements - {"using":"css selector","value":"td"}
RESULT: {"using":"css selector","value":"td"}
COMMAND: POST /session/adf199ce321191b0d42bf89d7113c6d5/element/f.53561D77C6482DD9DDA73AB31B5C064E.d.D232211E5B593028BA9FDD9EE5CE0438.e.5034/elements - {"using":"css selector","value":"td"}
RESULT: {"using":"css selector","value":"td"}
COMMAND: POST /session/adf199ce321191b0d42bf89d7113c6d5/element/f.53561D77C6482DD9DDA73AB31B5C064E.d.D232211E5B593028BA9FDD9EE5CE0438.e.5035/elements - {"using":"css selector","value":"td"}
RESULT: {"using":"css selector","value":"td"}
COMMAND: POST /session/adf199ce321191b0d42bf89d7113c6d5/element/f.53561D77C6482DD9DDA73AB31B5C064E.d.D232211E5B593028BA9FDD9EE5CE0438.e.5036/elements - {"using":"css selector","value":"td"}
RESULT: {"using":"css selector","value":"td"}
COMMAND: POST /session/adf199ce321191b0d42bf89d7113c6d5/element/f.53561D77C6482DD9DDA73AB31B5C064E.d.D232211E5B593028BA9FDD9EE5CE0438.e.5037/elements - {"using":"css selector","value":"td"}
RESULT: {"using":"css selector","value":"td"}
COMMAND: POST /session/adf199ce321191b0d42bf89d7113c6d5/element/f.53561D77C6482DD9DDA73AB31B5C064E.d.D232211E5B593028BA9FDD9EE5CE0438.e.5038/elements - {"using":"css selector","value":"td"}
RESULT: {"using":"css selector","value":"td"}
COMMAND: POST /session/adf199ce321191b0d42bf89d7113c6d5/element/f.53561D77C6482DD9DDA73AB31B5C064E.d.D232211E5B593028BA9FDD9EE5CE0438.e.5039/elements - {"using":"css selector","value":"td"}
RESULT: {"using":"css selector","value":"td"}
COMMAND: POST /session/adf199ce321191b0d42bf89d7113c6d5/element/f.53561D77C6482DD9DDA73AB31B5C064E.d.D232211E5B593028BA9FDD9EE5CE0438.e.5040/elements - {"using":"css selector","value":"td"}
RESULT: {"using":"css selector","value":"td"}
COMMAND: POST /session/adf199ce321191b0d42bf89d7113c6d5/element/f.53561D77C6482DD9DDA73AB31B5C064E.d.D232211E5B593028BA9FDD9EE5CE0438.e.5041/elements - {"using":"css selector","value":"td"}
RESULT: {"using":"css selector","value":"td"}
COMMAND: POST /session/adf199ce321191b0d42bf89d7113c6d5/element/f.53561D77C6482DD9DDA73AB31B5C064E.d.D232211E5B593028BA9FDD9EE5CE0438.e.5042/elements - {"using":"css selector","value":"td"}
RESULT: {"using":"css selector","value":"td"}
COMMAND: POST /session/adf199ce321191b0d42bf89d7113c6d5/element/f.53561D77C6482DD9DDA73AB31B5C064E.d.D232211E5B593028BA9FDD9EE5CE0438.e.5043/elements - {"using":"css selector","value":"td"}
RESULT: {"using":"css selector","value":"td"}
COMMAND: POST /session/adf199ce321191b0d42bf89d7113c6d5/element/f.53561D77C6482DD9DDA73AB31B5C064E.d.D232211E5B593028BA9FDD9EE5CE0438.e.5044/elements - {"using":"css selector","value":"td"}
RESULT: {"using":"css selector","value":"td"}
COMMAND: POST /session/adf199ce321191b0d42bf89d7113c6d5/element/f.53561D77C6482DD9DDA73AB31B5C064E.d.D232211E5B593028BA9FDD9EE5CE0438.e.5045/elements - {"using":"css selector","value":"td"}
RESULT: {"using":"css selector","value":"td"}
COMMAND: POST /session/adf199ce321191b0d42bf89d7113c6d5/element/f.53561D77C6482DD9DDA73AB31B5C064E.d.D232211E5B593028BA9FDD9EE5CE0438.e.5046/elements - {"using":"css selector","value":"td"}
RESULT: {"using":"css selector","value":"td"}
COMMAND: POST /session/adf199ce321191b0d42bf89d7113c6d5/element/f.53561D77C6482DD9DDA73AB31B5C064E.d.D232211E5B593028BA9FDD9EE5CE0438.e.5047/elements - {"using":"css selector","value":"td"}
RESULT: {"using":"css selector","value":"td"}
COMMAND: POST /session/adf199ce321191b0d42bf89d7113c6d5/element/f.53561D77C6482DD9DDA73AB31B5C064E.d.D232211E5B593028BA9FDD9EE5CE0438.e.5048/elements - {"using":"css selector","value":"td"}
RESULT: {"using":"css selector","value":"td"}
COMMAND: POST /session/adf199ce321191b0d42bf89d7113c6d5/element/f.53561D77C6482DD9DDA73AB31B5C064E.d.D232211E5B593028BA9FDD9EE5CE0438.e.5049/elements - {"using":"css selector","value":"td"}
RESULT: {"using":"css selector","value":"td"}
COMMAND: POST /session/adf199ce321191b0d42bf89d7113c6d5/element/f.53561D77C6482DD9DDA73AB31B5C064E.d.D232211E5B593028BA9FDD9EE5CE0438.e.5050/elements - {"using":"css selector","value":"td"}
RESULT: {"using":"css selector","value":"td"}
COMMAND: POST /session/adf199ce321191b0d42bf89d7113c6d5/element/f.53561D77C6482DD9DDA73AB31B5C064E.d.D232211E5B593028BA9FDD9EE5CE0438.e.5051/elements - {"using":"css selector","value":"td"}
RESULT: {"using":"css selector","value":"td"}
COMMAND: POST /session/adf199ce321191b0d42bf89d7113c6d5/element/f.53561D77C6482DD9DDA73AB31B5C064E.d.D232211E5B593028BA9FDD9EE5CE0438.e.5052/elements - {"using":"css selector","value":"td"}
RESULT: {"using":"css selector","value":"td"}
COMMAND: POST /session/adf199ce321191b0d42bf89d7113c6d5/element/f.53561D77C6482DD9DDA73AB31B5C064E.d.D232211E5B593028BA9FDD9EE5CE0438.e.5053/elements - {"using":"css selector","value":"td"}
RESULT: {"using":"css selector","value":"td"}
COMMAND: POST /session/adf199ce321191b0d42bf89d7113c6d5/element/f.53561D77C6482DD9DDA73AB31B5C064E.d.D232211E5B593028BA9FDD9EE5CE0438.e.5054/elements - {"using":"css selector","value":"td"}
RESULT: {"using":"css selector","value":"td"}
COMMAND: POST /session/adf199ce321191b0d42bf89d7113c6d5/element/f.53561D77C6482DD9DDA73AB31B5C064E.d.D232211E5B593028BA9FDD9EE5CE0438.e.5055/elements - {"using":"css selector","value":"td"}
RESULT: {"using":"css selector","value":"td"}
COMMAND: POST /session/adf199ce321191b0d42bf89d7113c6d5/element/f.53561D77C6482DD9DDA73AB31B5C064E.d.D232211E5B593028BA9FDD9EE5CE0438.e.5056/elements - {"using":"css selector","value":"td"}
RESULT: {"using":"css selector","value":"td"}
COMMAND: POST /session/adf199ce321191b0d42bf89d7113c6d5/element/f.53561D77C6482DD9DDA73AB31B5C064E.d.D232211E5B593028BA9FDD9EE5CE0438.e.5057/elements - {"using":"css selector","value":"td"}
RESULT: {"using":"css selector","value":"td"}
COMMAND: POST /session/adf199ce321191b0d42bf89d7113c6d5/element/f.53561D77C6482DD9DDA73AB31B5C064E.d.D232211E5B593028BA9FDD9EE5CE0438.e.5058/elements - {"using":"css selector","value":"td"}
RESULT: {"using":"css selector","value":"td"}
COMMAND: POST /session/adf199ce321191b0d42bf89d7113c6d5/element/f.53561D77C6482DD9DDA73AB31B5C064E.d.D232211E5B593028BA9FDD9EE5CE0438.e.5059/elements - {"using":"css selector","value":"td"}
RESULT: {"using":"css selector","value":"td"}
COMMAND: POST /session/adf199ce321191b0d42bf89d7113c6d5/element/f.53561D77C6482DD9DDA73AB31B5C064E.d.D232211E5B593028BA9FDD9EE5CE0438.e.5060/elements - {"using":"css selector","value":"td"}
RESULT: {"using":"css selector","value":"td"}
COMMAND: POST /session/adf199ce321191b0d42bf89d7113c6d5/element/f.53561D77C6482DD9DDA73AB31B5C064E.d.D232211E5B593028BA9FDD9EE5CE0438.e.5061/elements - {"using":"css selector","value":"td"}
RESULT: {"using":"css selector","value":"td"}
COMMAND: POST /session/adf199ce321191b0d42bf89d7113c6d5/element/f.53561D77C6482DD9DDA73AB31B5C064E.d.D232211E5B593028BA9FDD9EE5CE0438.e.5062/elements - {"using":"css selector","value":"td"}
RESULT: {"using":"css selector","value":"td"}
COMMAND: POST /session/adf199ce321191b0d42bf89d7113c6d5/element/f.53561D77C6482DD9DDA73AB31B5C064E.d.D232211E5B593028BA9FDD9EE5CE0438.e.5063/elements - {"using":"css selector","value":"td"}
RESULT: {"using":"css selector","value":"td"}
COMMAND: POST /session/adf199ce321191b0d42bf89d7113c6d5/element/f.53561D77C6482DD9DDA73AB31B5C064E.d.D232211E5B593028BA9FDD9EE5CE0438.e.5064/elements - {"using":"css selector","value":"td"}
RESULT: {"using":"css selector","value":"td"}
COMMAND: POST /session/adf199ce321191b0d42bf89d7113c6d5/element/f.53561D77C6482DD9DDA73AB31B5C064E.d.D232211E5B593028BA9FDD9EE5CE0438.e.5065/elements - {"using":"css selector","value":"td"}
RESULT: {"using":"css selector","value":"td"}
COMMAND: POST /session/adf199ce321191b0d42bf89d7113c6d5/element/f.53561D77C6482DD9DDA73AB31B5C064E.d.D232211E5B593028BA9FDD9EE5CE0438.e.5066/elements - {"using":"css selector","value":"td"}
RESULT: {"using":"css selector","value":"td"}
COMMAND: POST /session/adf199ce321191b0d42bf89d7113c6d5/element/f.53561D77C6482DD9DDA73AB31B5C064E.d.D232211E5B593028BA9FDD9EE5CE0438.e.5067/elements - {"using":"css selector","value":"td"}
RESULT: {"using":"css selector","value":"td"}
COMMAND: POST /session/adf199ce321191b0d42bf89d7113c6d5/element/f.53561D77C6482DD9DDA73AB31B5C064E.d.D232211E5B593028BA9FDD9EE5CE0438.e.5068/elements - {"using":"css selector","value":"td"}
RESULT: {"using":"css selector","value":"td"}
COMMAND: POST /session/adf199ce321191b0d42bf89d7113c6d5/element/f.53561D77C6482DD9DDA73AB31B5C064E.d.D232211E5B593028BA9FDD9EE5CE0438.e.5069/elements - {"using":"css selector","value":"td"}
RESULT: {"using":"css selector","value":"td"}
COMMAND: POST /session/adf199ce321191b0d42bf89d7113c6d5/element/f.53561D77C6482DD9DDA73AB31B5C064E.d.D232211E5B593028BA9FDD9EE5CE0438.e.5070/elements - {"using":"css selector","value":"td"}
RESULT: {"using":"css selector","value":"td"}
COMMAND: POST /session/adf199ce321191b0d42bf89d7113c6d5/element/f.53561D77C6482DD9DDA73AB31B5C064E.d.D232211E5B593028BA9FDD9EE5CE0438.e.5071/elements - {"using":"css selector","value":"td"}
RESULT: {"using":"css selector","value":"td"}
COMMAND: POST /session/adf199ce321191b0d42bf89d7113c6d5/element/f.53561D77C6482DD9DDA73AB31B5C064E.d.D232211E5B593028BA9FDD9EE5CE0438.e.5072/elements - {"using":"css selector","value":"td"}
RESULT: {"using":"css selector","value":"td"}
COMMAND: POST /session/adf199ce321191b0d42bf89d7113c6d5/element/f.53561D77C6482DD9DDA73AB31B5C064E.d.D232211E5B593028BA9FDD9EE5CE0438.e.5073/elements - {"using":"css selector","value":"td"}
RESULT: {"using":"css selector","value":"td"}
COMMAND: POST /session/adf199ce321191b0d42bf89d7113c6d5/element/f.53561D77C6482DD9DDA73AB31B5C064E.d.D232211E5B593028BA9FDD9EE5CE0438.e.5074/elements - {"using":"css selector","value":"td"}
RESULT: {"using":"css selector","value":"td"}
COMMAND: POST /session/adf199ce321191b0d42bf89d7113c6d5/element/f.53561D77C6482DD9DDA73AB31B5C064E.d.D232211E5B593028BA9FDD9EE5CE0438.e.5075/elements - {"using":"css selector","value":"td"}
RESULT: {"using":"css selector","value":"td"}
COMMAND: POST /session/adf199ce321191b0d42bf89d7113c6d5/element/f.53561D77C6482DD9DDA73AB31B5C064E.d.D232211E5B593028BA9FDD9EE5CE0438.e.5076/elements - {"using":"css selector","value":"td"}
RESULT: {"using":"css selector","value":"td"}
COMMAND: POST /session/adf199ce321191b0d42bf89d7113c6d5/element/f.53561D77C6482DD9DDA73AB31B5C064E.d.D232211E5B593028BA9FDD9EE5CE0438.e.5077/elements - {"using":"css selector","value":"td"}
RESULT: {"using":"css selector","value":"td"}
COMMAND: POST /session/adf199ce321191b0d42bf89d7113c6d5/element/f.53561D77C6482DD9DDA73AB31B5C064E.d.D232211E5B593028BA9FDD9EE5CE0438.e.5078/elements - {"using":"css selector","value":"td"}
RESULT: {"using":"css selector","value":"td"}
COMMAND: POST /session/adf199ce321191b0d42bf89d7113c6d5/element/f.53561D77C6482DD9DDA73AB31B5C064E.d.D232211E5B593028BA9FDD9EE5CE0438.e.5079/elements - {"using":"css selector","value":"td"}
RESULT: {"using":"css selector","value":"td"}
COMMAND: POST /session/adf199ce321191b0d42bf89d7113c6d5/element/f.53561D77C6482DD9DDA73AB31B5C064E.d.D232211E5B593028BA9FDD9EE5CE0438.e.5080/elements - {"using":"css selector","value":"td"}
RESULT: {"using":"css selector","value":"td"}
COMMAND: POST /session/adf199ce321191b0d42bf89d7113c6d5/element/f.53561D77C6482DD9DDA73AB31B5C064E.d.D232211E5B593028BA9FDD9EE5CE0438.e.5081/elements - {"using":"css selector","value":"td"}
RESULT: {"using":"css selector","value":"td"}
COMMAND: POST /session/adf199ce321191b0d42bf89d7113c6d5/element/f.53561D77C6482DD9DDA73AB31B5C064E.d.D232211E5B593028BA9FDD9EE5CE0438.e.5082/elements - {"using":"css selector","value":"td"}
RESULT: {"using":"css selector","value":"td"}
COMMAND: POST /session/adf199ce321191b0d42bf89d7113c6d5/element/f.53561D77C6482DD9DDA73AB31B5C064E.d.D232211E5B593028BA9FDD9EE5CE0438.e.5083/elements - {"using":"css selector","value":"td"}
RESULT: {"using":"css selector","value":"td"}
COMMAND: POST /session/adf199ce321191b0d42bf89d7113c6d5/element/f.53561D77C6482DD9DDA73AB31B5C064E.d.D232211E5B593028BA9FDD9EE5CE0438.e.5084/elements - {"using":"css selector","value":"td"}
RESULT: {"using":"css selector","value":"td"}
COMMAND: POST /session/adf199ce321191b0d42bf89d7113c6d5/element/f.53561D77C6482DD9DDA73AB31B5C064E.d.D232211E5B593028BA9FDD9EE5CE0438.e.5085/elements - {"using":"css selector","value":"td"}
RESULT: {"using":"css selector","value":"td"}
COMMAND: POST /session/adf199ce321191b0d42bf89d7113c6d5/element/f.53561D77C6482DD9DDA73AB31B5C064E.d.D232211E5B593028BA9FDD9EE5CE0438.e.5086/elements - {"using":"css selector","value":"td"}
RESULT: {"using":"css selector","value":"td"}
COMMAND: POST /session/adf199ce321191b0d42bf89d7113c6d5/element/f.53561D77C6482DD9DDA73AB31B5C064E.d.D232211E5B593028BA9FDD9EE5CE0438.e.5087/elements - {"using":"css selector","value":"td"}
RESULT: {"using":"css selector","value":"td"}
COMMAND: POST /session/adf199ce321191b0d42bf89d7113c6d5/element/f.53561D77C6482DD9DDA73AB31B5C064E.d.D232211E5B593028BA9FDD9EE5CE0438.e.5088/elements - {"using":"css selector","value":"td"}
RESULT: {"using":"css selector","value":"td"}
COMMAND: POST /session/adf199ce321191b0d42bf89d7113c6d5/element/f.53561D77C6482DD9DDA73AB31B5C064E.d.D232211E5B593028BA9FDD9EE5CE0438.e.5089/elements - {"using":"css selector","value":"td"}
RESULT: {"using":"css selector","value":"td"}
COMMAND: POST /session/adf199ce321191b0d42bf89d7113c6d5/element/f.53561D77C6482DD9DDA73AB31B5C064E.d.D232211E5B593028BA9FDD9EE5CE0438.e.5090/elements - {"using":"css selector","value":"td"}
RESULT: {"using":"css selector","value":"td"}
COMMAND: POST /session/adf199ce321191b0d42bf89d7113c6d5/element/f.53561D77C6482DD9DDA73AB31B5C064E.d.D232211E5B593028BA9FDD9EE5CE0438.e.5091/elements - {"using":"css selector","value":"td"}
RESULT: {"using":"css selector","value":"td"}
COMMAND: POST /session/adf199ce321191b0d42bf89d7113c6d5/element/f.53561D77C6482DD9DDA73AB31B5C064E.d.D232211E5B593028BA9FDD9EE5CE0438.e.5092/elements - {"using":"css selector","value":"td"}
RESULT: {"using":"css selector","value":"td"}
COMMAND: POST /session/adf199ce321191b0d42bf89d7113c6d5/element/f.53561D77C6482DD9DDA73AB31B5C064E.d.D232211E5B593028BA9FDD9EE5CE0438.e.5093/elements - {"using":"css selector","value":"td"}
RESULT: {"using":"css selector","value":"td"}
COMMAND: POST /session/adf199ce321191b0d42bf89d7113c6d5/element/f.53561D77C6482DD9DDA73AB31B5C064E.d.D232211E5B593028BA9FDD9EE5CE0438.e.5094/elements - {"using":"css selector","value":"td"}
RESULT: {"using":"css selector","value":"td"}
COMMAND: POST /session/adf199ce321191b0d42bf89d7113c6d5/element/f.53561D77C6482DD9DDA73AB31B5C064E.d.D232211E5B593028BA9FDD9EE5CE0438.e.5095/elements - {"using":"css selector","value":"td"}
RESULT: {"using":"css selector","value":"td"}
COMMAND: POST /session/adf199ce321191b0d42bf89d7113c6d5/element/f.53561D77C6482DD9DDA73AB31B5C064E.d.D232211E5B593028BA9FDD9EE5CE0438.e.5096/elements - {"using":"css selector","value":"td"}
RESULT: {"using":"css selector","value":"td"}
COMMAND: POST /session/adf199ce321191b0d42bf89d7113c6d5/element/f.53561D77C6482DD9DDA73AB31B5C064E.d.D232211E5B593028BA9FDD9EE5CE0438.e.5097/elements - {"using":"css selector","value":"td"}
RESULT: {"using":"css selector","value":"td"}
COMMAND: POST /session/adf199ce321191b0d42bf89d7113c6d5/element/f.53561D77C6482DD9DDA73AB31B5C064E.d.D232211E5B593028BA9FDD9EE5CE0438.e.5098/elements - {"using":"css selector","value":"td"}
RESULT: {"using":"css selector","value":"td"}
COMMAND: POST /session/adf199ce321191b0d42bf89d7113c6d5/element/f.53561D77C6482DD9DDA73AB31B5C064E.d.D232211E5B593028BA9FDD9EE5CE0438.e.5099/elements - {"using":"css selector","value":"td"}
RESULT: {"using":"css selector","value":"td"}
COMMAND: POST /session/adf199ce321191b0d42bf89d7113c6d5/element/f.53561D77C6482DD9DDA73AB31B5C064E.d.D232211E5B593028BA9FDD9EE5CE0438.e.5100/elements - {"using":"css selector","value":"td"}
RESULT: {"using":"css selector","value":"td"}
COMMAND: POST /session/adf199ce321191b0d42bf89d7113c6d5/element/f.53561D77C6482DD9DDA73AB31B5C064E.d.D232211E5B593028BA9FDD9EE5CE0438.e.5101/elements - {"using":"css selector","value":"td"}
RESULT: {"using":"css selector","value":"td"}
COMMAND: POST /session/adf199ce321191b0d42bf89d7113c6d5/element/f.53561D77C6482DD9DDA73AB31B5C064E.d.D232211E5B593028BA9FDD9EE5CE0438.e.5102/elements - {"using":"css selector","value":"td"}
RESULT: {"using":"css selector","value":"td"}
COMMAND: POST /session/adf199ce321191b0d42bf89d7113c6d5/element/f.53561D77C6482DD9DDA73AB31B5C064E.d.D232211E5B593028BA9FDD9EE5CE0438.e.5103/elements - {"using":"css selector","value":"td"}
RESULT: {"using":"css selector","value":"td"}
COMMAND: POST /session/adf199ce321191b0d42bf89d7113c6d5/element/f.53561D77C6482DD9DDA73AB31B5C064E.d.D232211E5B593028BA9FDD9EE5CE0438.e.5104/elements - {"using":"css selector","value":"td"}
RESULT: {"using":"css selector","value":"td"}
COMMAND: POST /session/adf199ce321191b0d42bf89d7113c6d5/element/f.53561D77C6482DD9DDA73AB31B5C064E.d.D232211E5B593028BA9FDD9EE5CE0438.e.5105/elements - {"using":"css selector","value":"td"}
RESULT: {"using":"css selector","value":"td"}
COMMAND: POST /session/adf199ce321191b0d42bf89d7113c6d5/element/f.53561D77C6482DD9DDA73AB31B5C064E.d.D232211E5B593028BA9FDD9EE5CE0438.e.5106/elements - {"using":"css selector","value":"td"}
RESULT: {"using":"css selector","value":"td"}
COMMAND: POST /session/adf199ce321191b0d42bf89d7113c6d5/element/f.53561D77C6482DD9DDA73AB31B5C064E.d.D232211E5B593028BA9FDD9EE5CE0438.e.5107/elements - {"using":"css selector","value":"td"}
RESULT: {"using":"css selector","value":"td"}
COMMAND: POST /session/adf199ce321191b0d42bf89d7113c6d5/element/f.53561D77C6482DD9DDA73AB31B5C064E.d.D232211E5B593028BA9FDD9EE5CE0438.e.5108/elements - {"using":"css selector","value":"td"}
RESULT: {"using":"css selector","value":"td"}
COMMAND: POST /session/adf199ce321191b0d42bf89d7113c6d5/element/f.53561D77C6482DD9DDA73AB31B5C064E.d.D232211E5B593028BA9FDD9EE5CE0438.e.5109/elements - {"using":"css selector","value":"td"}
RESULT: {"using":"css selector","value":"td"}
COMMAND: POST /session/adf199ce321191b0d42bf89d7113c6d5/element/f.53561D77C6482DD9DDA73AB31B5C064E.d.D232211E5B593028BA9FDD9EE5CE0438.e.5110/elements - {"using":"css selector","value":"td"}
RESULT: {"using":"css selector","value":"td"}
COMMAND: POST /session/adf199ce321191b0d42bf89d7113c6d5/element/f.53561D77C6482DD9DDA73AB31B5C064E.d.D232211E5B593028BA9FDD9EE5CE0438.e.5111/elements - {"using":"css selector","value":"td"}
RESULT: {"using":"css selector","value":"td"}
COMMAND: POST /session/adf199ce321191b0d42bf89d7113c6d5/element/f.53561D77C6482DD9DDA73AB31B5C064E.d.D232211E5B593028BA9FDD9EE5CE0438.e.5112/elements - {"using":"css selector","value":"td"}
RESULT: {"using":"css selector","value":"td"}
COMMAND: POST /session/adf199ce321191b0d42bf89d7113c6d5/element/f.53561D77C6482DD9DDA73AB31B5C064E.d.D232211E5B593028BA9FDD9EE5CE0438.e.5113/elements - {"using":"css selector","value":"td"}
RESULT: {"using":"css selector","value":"td"}
COMMAND: POST /session/adf199ce321191b0d42bf89d7113c6d5/element/f.53561D77C6482DD9DDA73AB31B5C064E.d.D232211E5B593028BA9FDD9EE5CE0438.e.5114/elements - {"using":"css selector","value":"td"}
RESULT: {"using":"css selector","value":"td"}
COMMAND: POST /session/adf199ce321191b0d42bf89d7113c6d5/element/f.53561D77C6482DD9DDA73AB31B5C064E.d.D232211E5B593028BA9FDD9EE5CE0438.e.5115/elements - {"using":"css selector","value":"td"}
RESULT: {"using":"css selector","value":"td"}
COMMAND: POST /session/adf199ce321191b0d42bf89d7113c6d5/element/f.53561D77C6482DD9DDA73AB31B5C064E.d.D232211E5B593028BA9FDD9EE5CE0438.e.5116/elements - {"using":"css selector","value":"td"}
RESULT: {"using":"css selector","value":"td"}
COMMAND: POST /session/adf199ce321191b0d42bf89d7113c6d5/element/f.53561D77C6482DD9DDA73AB31B5C064E.d.D232211E5B593028BA9FDD9EE5CE0438.e.5117/elements - {"using":"css selector","value":"td"}
RESULT: {"using":"css selector","value":"td"}
COMMAND: POST /session/adf199ce321191b0d42bf89d7113c6d5/element/f.53561D77C6482DD9DDA73AB31B5C064E.d.D232211E5B593028BA9FDD9EE5CE0438.e.5118/elements - {"using":"css selector","value":"td"}
RESULT: {"using":"css selector","value":"td"}
COMMAND: POST /session/adf199ce321191b0d42bf89d7113c6d5/element/f.53561D77C6482DD9DDA73AB31B5C064E.d.D232211E5B593028BA9FDD9EE5CE0438.e.5119/elements - {"using":"css selector","value":"td"}
RESULT: {"using":"css selector","value":"td"}
COMMAND: POST /session/adf199ce321191b0d42bf89d7113c6d5/element/f.53561D77C6482DD9DDA73AB31B5C064E.d.D232211E5B593028BA9FDD9EE5CE0438.e.5120/elements - {"using":"css selector","value":"td"}
RESULT: {"using":"css selector","value":"td"}
COMMAND: POST /session/adf199ce321191b0d42bf89d7113c6d5/element/f.53561D77C6482DD9DDA73AB31B5C064E.d.D232211E5B593028BA9FDD9EE5CE0438.e.5121/elements - {"using":"css selector","value":"td"}
RESULT: {"using":"css selector","value":"td"}
COMMAND: POST /session/adf199ce321191b0d42bf89d7113c6d5/element/f.53561D77C6482DD9DDA73AB31B5C064E.d.D232211E5B593028BA9FDD9EE5CE0438.e.5122/elements - {"using":"css selector","value":"td"}
RESULT: {"using":"css selector","value":"td"}
COMMAND: POST /session/adf199ce321191b0d42bf89d7113c6d5/element/f.53561D77C6482DD9DDA73AB31B5C064E.d.D232211E5B593028BA9FDD9EE5CE0438.e.5123/elements - {"using":"css selector","value":"td"}
RESULT: {"using":"css selector","value":"td"}
COMMAND: POST /session/adf199ce321191b0d42bf89d7113c6d5/element/f.53561D77C6482DD9DDA73AB31B5C064E.d.D232211E5B593028BA9FDD9EE5CE0438.e.5124/elements - {"using":"css selector","value":"td"}
RESULT: {"using":"css selector","value":"td"}
COMMAND: POST /session/adf199ce321191b0d42bf89d7113c6d5/element/f.53561D77C6482DD9DDA73AB31B5C064E.d.D232211E5B593028BA9FDD9EE5CE0438.e.5125/elements - {"using":"css selector","value":"td"}
RESULT: {"using":"css selector","value":"td"}
COMMAND: POST /session/adf199ce321191b0d42bf89d7113c6d5/element/f.53561D77C6482DD9DDA73AB31B5C064E.d.D232211E5B593028BA9FDD9EE5CE0438.e.5126/elements - {"using":"css selector","value":"td"}
RESULT: {"using":"css selector","value":"td"}
COMMAND: POST /session/adf199ce321191b0d42bf89d7113c6d5/element/f.53561D77C6482DD9DDA73AB31B5C064E.d.D232211E5B593028BA9FDD9EE5CE0438.e.5127/elements - {"using":"css selector","value":"td"}
RESULT: {"using":"css selector","value":"td"}
COMMAND: POST /session/adf199ce321191b0d42bf89d7113c6d5/element/f.53561D77C6482DD9DDA73AB31B5C064E.d.D232211E5B593028BA9FDD9EE5CE0438.e.5128/elements - {"using":"css selector","value":"td"}
RESULT: {"using":"css selector","value":"td"}
COMMAND: POST /session/adf199ce321191b0d42bf89d7113c6d5/element/f.53561D77C6482DD9DDA73AB31B5C064E.d.D232211E5B593028BA9FDD9EE5CE0438.e.5129/elements - {"using":"css selector","value":"td"}
RESULT: {"using":"css selector","value":"td"}
COMMAND: POST /session/adf199ce321191b0d42bf89d7113c6d5/element/f.53561D77C6482DD9DDA73AB31B5C064E.d.D232211E5B593028BA9FDD9EE5CE0438.e.5130/elements - {"using":"css selector","value":"td"}
RESULT: {"using":"css selector","value":"td"}
COMMAND: POST /session/adf199ce321191b0d42bf89d7113c6d5/element/f.53561D77C6482DD9DDA73AB31B5C064E.d.D232211E5B593028BA9FDD9EE5CE0438.e.5131/elements - {"using":"css selector","value":"td"}
RESULT: {"using":"css selector","value":"td"}
COMMAND: POST /session/adf199ce321191b0d42bf89d7113c6d5/element/f.53561D77C6482DD9DDA73AB31B5C064E.d.D232211E5B593028BA9FDD9EE5CE0438.e.5132/elements - {"using":"css selector","value":"td"}
RESULT: {"using":"css selector","value":"td"}
COMMAND: POST /session/adf199ce321191b0d42bf89d7113c6d5/element/f.53561D77C6482DD9DDA73AB31B5C064E.d.D232211E5B593028BA9FDD9EE5CE0438.e.5133/elements - {"using":"css selector","value":"td"}
RESULT: {"using":"css selector","value":"td"}
COMMAND: POST /session/adf199ce321191b0d42bf89d7113c6d5/element/f.53561D77C6482DD9DDA73AB31B5C064E.d.D232211E5B593028BA9FDD9EE5CE0438.e.5134/elements - {"using":"css selector","value":"td"}
RESULT: {"using":"css selector","value":"td"}
COMMAND: POST /session/adf199ce321191b0d42bf89d7113c6d5/element/f.53561D77C6482DD9DDA73AB31B5C064E.d.D232211E5B593028BA9FDD9EE5CE0438.e.5135/elements - {"using":"css selector","value":"td"}
RESULT: {"using":"css selector","value":"td"}
COMMAND: POST /session/adf199ce321191b0d42bf89d7113c6d5/element/f.53561D77C6482DD9DDA73AB31B5C064E.d.D232211E5B593028BA9FDD9EE5CE0438.e.5136/elements - {"using":"css selector","value":"td"}
RESULT: {"using":"css selector","value":"td"}
COMMAND: POST /session/adf199ce321191b0d42bf89d7113c6d5/element/f.53561D77C6482DD9DDA73AB31B5C064E.d.D232211E5B593028BA9FDD9EE5CE0438.e.5137/elements - {"using":"css selector","value":"td"}
RESULT: {"using":"css selector","value":"td"}
COMMAND: POST /session/adf199ce321191b0d42bf89d7113c6d5/element/f.53561D77C6482DD9DDA73AB31B5C064E.d.D232211E5B593028BA9FDD9EE5CE0438.e.5138/elements - {"using":"css selector","value":"td"}
RESULT: {"using":"css selector","value":"td"}
COMMAND: POST /session/adf199ce321191b0d42bf89d7113c6d5/element/f.53561D77C6482DD9DDA73AB31B5C064E.d.D232211E5B593028BA9FDD9EE5CE0438.e.5139/elements - {"using":"css selector","value":"td"}
RESULT: {"using":"css selector","value":"td"}
COMMAND: POST /session/adf199ce321191b0d42bf89d7113c6d5/element/f.53561D77C6482DD9DDA73AB31B5C064E.d.D232211E5B593028BA9FDD9EE5CE0438.e.5140/elements - {"using":"css selector","value":"td"}
RESULT: {"using":"css selector","value":"td"}
COMMAND: POST /session/adf199ce321191b0d42bf89d7113c6d5/element/f.53561D77C6482DD9DDA73AB31B5C064E.d.D232211E5B593028BA9FDD9EE5CE0438.e.5141/elements - {"using":"css selector","value":"td"}
RESULT: {"using":"css selector","value":"td"}
COMMAND: POST /session/adf199ce321191b0d42bf89d7113c6d5/element/f.53561D77C6482DD9DDA73AB31B5C064E.d.D232211E5B593028BA9FDD9EE5CE0438.e.5142/elements - {"using":"css selector","value":"td"}
RESULT: {"using":"css selector","value":"td"}
COMMAND: POST /session/adf199ce321191b0d42bf89d7113c6d5/element/f.53561D77C6482DD9DDA73AB31B5C064E.d.D232211E5B593028BA9FDD9EE5CE0438.e.5143/elements - {"using":"css selector","value":"td"}
RESULT: {"using":"css selector","value":"td"}
COMMAND: POST /session/adf199ce321191b0d42bf89d7113c6d5/element/f.53561D77C6482DD9DDA73AB31B5C064E.d.D232211E5B593028BA9FDD9EE5CE0438.e.5144/elements - {"using":"css selector","value":"td"}
RESULT: {"using":"css selector","value":"td"}
COMMAND: POST /session/adf199ce321191b0d42bf89d7113c6d5/element/f.53561D77C6482DD9DDA73AB31B5C064E.d.D232211E5B593028BA9FDD9EE5CE0438.e.5145/elements - {"using":"css selector","value":"td"}
RESULT: {"using":"css selector","value":"td"}
COMMAND: POST /session/adf199ce321191b0d42bf89d7113c6d5/element/f.53561D77C6482DD9DDA73AB31B5C064E.d.D232211E5B593028BA9FDD9EE5CE0438.e.5146/elements - {"using":"css selector","value":"td"}
RESULT: {"using":"css selector","value":"td"}
COMMAND: POST /session/adf199ce321191b0d42bf89d7113c6d5/element/f.53561D77C6482DD9DDA73AB31B5C064E.d.D232211E5B593028BA9FDD9EE5CE0438.e.6244/element - {"using":"css selector","value":"input"}
RESULT: {"using":"css selector","value":"input"}
COMMAND: GET /session/adf199ce321191b0d42bf89d7113c6d5/element/f.53561D77C6482DD9DDA73AB31B5C064E.d.D232211E5B593028BA9FDD9EE5CE0438.e.4927/property/value - {}
RESULT: {}
COMMAND: POST /session/adf199ce321191b0d42bf89d7113c6d5/element/f.53561D77C6482DD9DDA73AB31B5C064E.d.D232211E5B593028BA9FDD9EE5CE0438.e.5147/elements - {"using":"css selector","value":"td"}
COMMAND: GET /session/adf199ce321191b0d42bf89d7113c6d5/screenshot - {}
RESULT: {"using":"css selector","value":"td"}
COMMAND: POST /session/adf199ce321191b0d42bf89d7113c6d5/element/f.53561D77C6482DD9DDA73AB31B5C064E.d.D232211E5B593028BA9FDD9EE5CE0438.e.5169/element - {"using":"css selector","value":"input"}
RESULT: {}
RESULT: {"using":"css selector","value":"input"}
COMMAND: GET /session/adf199ce321191b0d42bf89d7113c6d5/element/f.53561D77C6482DD9DDA73AB31B5C064E.d.D232211E5B593028BA9FDD9EE5CE0438.e.5152/property/value - {}
RESULT: {}
COMMAND: POST /session/adf199ce321191b0d42bf89d7113c6d5/element/f.53561D77C6482DD9DDA73AB31B5C064E.d.D232211E5B593028BA9FDD9EE5CE0438.e.5147/element - {"using":"css selector","value":".sapMCbBg"}
COMMAND: GET /session/adf199ce321191b0d42bf89d7113c6d5/screenshot - {}
RESULT: {"using":"css selector","value":".sapMCbBg"}
COMMAND: GET /session/adf199ce321191b0d42bf89d7113c6d5/element/f.53561D77C6482DD9DDA73AB31B5C064E.d.D232211E5B593028BA9FDD9EE5CE0438.e.6253/selected - {}
RESULT: {}
RESULT: {}
COMMAND: POST /session/adf199ce321191b0d42bf89d7113c6d5/element/f.53561D77C6482DD9DDA73AB31B5C064E.d.D232211E5B593028BA9FDD9EE5CE0438.e.6253/click - {}
COMMAND: GET /session/adf199ce321191b0d42bf89d7113c6d5/screenshot - {}
RESULT: {}
COMMAND: POST /session/adf199ce321191b0d42bf89d7113c6d5/element/f.53561D77C6482DD9DDA73AB31B5C064E.d.D232211E5B593028BA9FDD9EE5CE0438.e.5188/elements - {"using":"css selector","value":"td"}
COMMAND: GET /session/adf199ce321191b0d42bf89d7113c6d5/screenshot - {}
RESULT: {}
RESULT: {"using":"css selector","value":"td"}
COMMAND: POST /session/adf199ce321191b0d42bf89d7113c6d5/element/f.53561D77C6482DD9DDA73AB31B5C064E.d.D232211E5B593028BA9FDD9EE5CE0438.e.5203/element - {"using":"css selector","value":"input"}
RESULT: {}
RESULT: {"using":"css selector","value":"input"}
COMMAND: GET /session/adf199ce321191b0d42bf89d7113c6d5/element/f.53561D77C6482DD9DDA73AB31B5C064E.d.D232211E5B593028BA9FDD9EE5CE0438.e.5184/property/value - {}
RESULT: {}
COMMAND: POST /session/adf199ce321191b0d42bf89d7113c6d5/element/f.53561D77C6482DD9DDA73AB31B5C064E.d.D232211E5B593028BA9FDD9EE5CE0438.e.5188/element - {"using":"css selector","value":".sapMCbBg"}
COMMAND: GET /session/adf199ce321191b0d42bf89d7113c6d5/screenshot - {}
RESULT: {"using":"css selector","value":".sapMCbBg"}
COMMAND: GET /session/adf199ce321191b0d42bf89d7113c6d5/element/f.53561D77C6482DD9DDA73AB31B5C064E.d.D232211E5B593028BA9FDD9EE5CE0438.e.6257/selected - {}
RESULT: {}
RESULT: {}
COMMAND: POST /session/adf199ce321191b0d42bf89d7113c6d5/element/f.53561D77C6482DD9DDA73AB31B5C064E.d.D232211E5B593028BA9FDD9EE5CE0438.e.6257/click - {}
COMMAND: GET /session/adf199ce321191b0d42bf89d7113c6d5/screenshot - {}
RESULT: {}
COMMAND: GET /session/adf199ce321191b0d42bf89d7113c6d5/screenshot - {}
RESULT: {}
RESULT: {}
COMMAND: POST /session/adf199ce321191b0d42bf89d7113c6d5/execute/async - {"script":"<script> [1562 bytes]","args":[{"selector":{"id":"application-manageconditionprice-display-component---dailyPrices--deleteBtn","interaction":{"idSuffix":"content"}},"wdio_ui5_key":"applicationmanageconditionprice-display-component---dailyPrices--deleteBtn"}]}
RESULT: {"script":"<script> [1562 bytes]","args":[{"selector":{"id":"application-manageconditionprice-display-component---dailyPrices--deleteBtn","interaction":{"idSuffix":"content"}},"wdio_ui5_key":"applicationmanageconditionprice-display-component---dailyPrices--deleteBtn"}]}
RESULT: undefined
COMMAND: POST /session/adf199ce321191b0d42bf89d7113c6d5/element - {"using":"xpath","value":"//*[@id=\"application-manageconditionprice-display-component---dailyPrices--deleteBtn\"]"}
RESULT: {"using":"xpath","value":"//*[@id=\"application-manageconditionprice-display-component---dailyPrices--deleteBtn\"]"}
COMMAND: POST /session/adf199ce321191b0d42bf89d7113c6d5/element/f.53561D77C6482DD9DDA73AB31B5C064E.d.D232211E5B593028BA9FDD9EE5CE0438.e.6259/click - {}
RESULT: {}
COMMAND: POST /session/adf199ce321191b0d42bf89d7113c6d5/execute/async - {"script":"<script> [1562 bytes]","args":[{"selector":{"controlType":"sap.m.Button","properties":{"text":"OK"},"searchOpenDialogs":true,"interaction":{"idSuffix":"BDI-content"}},"wdio_ui5_key":"sapm.Button{\"text\":\"OK\"}"}]}
COMMAND: GET /session/adf199ce321191b0d42bf89d7113c6d5/screenshot - {}
RESULT: {"script":"<script> [1562 bytes]","args":[{"selector":{"controlType":"sap.m.Button","properties":{"text":"OK"},"searchOpenDialogs":true,"interaction":{"idSuffix":"BDI-content"}},"wdio_ui5_key":"sapm.Button{\"text\":\"OK\"}"}]}
RESULT: undefined
COMMAND: POST /session/adf199ce321191b0d42bf89d7113c6d5/element - {"using":"xpath","value":"//*[@id=\"__mbox-btn-0\"]"}
RESULT: {}
RESULT: {"using":"xpath","value":"//*[@id=\"__mbox-btn-0\"]"}
COMMAND: POST /session/adf199ce321191b0d42bf89d7113c6d5/element/f.53561D77C6482DD9DDA73AB31B5C064E.d.D232211E5B593028BA9FDD9EE5CE0438.e.6260/click - {}
RESULT: {}
COMMAND: GET /session/adf199ce321191b0d42bf89d7113c6d5/screenshot - {}
RESULT: {}
RESULT: undefined
COMMAND: POST /session/adf199ce321191b0d42bf89d7113c6d5/element - {"using":"xpath","value":"//*[@id=\"__button8\"]"}
RESULT: {"using":"xpath","value":"//*[@id=\"__button8\"]"}
COMMAND: POST /session/adf199ce321191b0d42bf89d7113c6d5/element/f.53561D77C6482DD9DDA73AB31B5C064E.d.D232211E5B593028BA9FDD9EE5CE0438.e.5243/click - {}
RESULT: {}
COMMAND: GET /session/adf199ce321191b0d42bf89d7113c6d5/screenshot - {}
RESULT: {}
COMMAND: POST /session/adf199ce321191b0d42bf89d7113c6d5/elements - {"using":"css selector","value":"table tr"}
RESULT: {"using":"css selector","value":"table tr"}
COMMAND: POST /session/adf199ce321191b0d42bf89d7113c6d5/element/f.53561D77C6482DD9DDA73AB31B5C064E.d.D232211E5B593028BA9FDD9EE5CE0438.e.4950/elements - {"using":"css selector","value":"td"}
RESULT: {"using":"css selector","value":"td"}
COMMAND: POST /session/adf199ce321191b0d42bf89d7113c6d5/element/f.53561D77C6482DD9DDA73AB31B5C064E.d.D232211E5B593028BA9FDD9EE5CE0438.e.4951/elements - {"using":"css selector","value":"td"}
RESULT: {"using":"css selector","value":"td"}
COMMAND: POST /session/adf199ce321191b0d42bf89d7113c6d5/element/f.53561D77C6482DD9DDA73AB31B5C064E.d.D232211E5B593028BA9FDD9EE5CE0438.e.4952/elements - {"using":"css selector","value":"td"}
RESULT: {"using":"css selector","value":"td"}
COMMAND: POST /session/adf199ce321191b0d42bf89d7113c6d5/element/f.53561D77C6482DD9DDA73AB31B5C064E.d.D232211E5B593028BA9FDD9EE5CE0438.e.4848/elements - {"using":"css selector","value":"td"}
RESULT: {"using":"css selector","value":"td"}
COMMAND: POST /session/adf199ce321191b0d42bf89d7113c6d5/element/f.53561D77C6482DD9DDA73AB31B5C064E.d.D232211E5B593028BA9FDD9EE5CE0438.e.4849/elements - {"using":"css selector","value":"td"}
RESULT: {"using":"css selector","value":"td"}
COMMAND: POST /session/adf199ce321191b0d42bf89d7113c6d5/element/f.53561D77C6482DD9DDA73AB31B5C064E.d.D232211E5B593028BA9FDD9EE5CE0438.e.4858/elements - {"using":"css selector","value":"td"}
RESULT: {"using":"css selector","value":"td"}
COMMAND: POST /session/adf199ce321191b0d42bf89d7113c6d5/element/f.53561D77C6482DD9DDA73AB31B5C064E.d.D232211E5B593028BA9FDD9EE5CE0438.e.4859/elements - {"using":"css selector","value":"td"}
RESULT: {"using":"css selector","value":"td"}
COMMAND: POST /session/adf199ce321191b0d42bf89d7113c6d5/element/f.53561D77C6482DD9DDA73AB31B5C064E.d.D232211E5B593028BA9FDD9EE5CE0438.e.4868/elements - {"using":"css selector","value":"td"}
RESULT: {"using":"css selector","value":"td"}
COMMAND: POST /session/adf199ce321191b0d42bf89d7113c6d5/element/f.53561D77C6482DD9DDA73AB31B5C064E.d.D232211E5B593028BA9FDD9EE5CE0438.e.4869/elements - {"using":"css selector","value":"td"}
RESULT: {"using":"css selector","value":"td"}
COMMAND: POST /session/adf199ce321191b0d42bf89d7113c6d5/element/f.53561D77C6482DD9DDA73AB31B5C064E.d.D232211E5B593028BA9FDD9EE5CE0438.e.4874/elements - {"using":"css selector","value":"td"}
RESULT: {"using":"css selector","value":"td"}
COMMAND: POST /session/adf199ce321191b0d42bf89d7113c6d5/element/f.53561D77C6482DD9DDA73AB31B5C064E.d.D232211E5B593028BA9FDD9EE5CE0438.e.4953/elements - {"using":"css selector","value":"td"}
RESULT: {"using":"css selector","value":"td"}
COMMAND: POST /session/adf199ce321191b0d42bf89d7113c6d5/element/f.53561D77C6482DD9DDA73AB31B5C064E.d.D232211E5B593028BA9FDD9EE5CE0438.e.4954/elements - {"using":"css selector","value":"td"}
RESULT: {"using":"css selector","value":"td"}
COMMAND: POST /session/adf199ce321191b0d42bf89d7113c6d5/element/f.53561D77C6482DD9DDA73AB31B5C064E.d.D232211E5B593028BA9FDD9EE5CE0438.e.4955/elements - {"using":"css selector","value":"td"}
RESULT: {"using":"css selector","value":"td"}
COMMAND: POST /session/adf199ce321191b0d42bf89d7113c6d5/element/f.53561D77C6482DD9DDA73AB31B5C064E.d.D232211E5B593028BA9FDD9EE5CE0438.e.4956/elements - {"using":"css selector","value":"td"}
RESULT: {"using":"css selector","value":"td"}
COMMAND: POST /session/adf199ce321191b0d42bf89d7113c6d5/element/f.53561D77C6482DD9DDA73AB31B5C064E.d.D232211E5B593028BA9FDD9EE5CE0438.e.4957/elements - {"using":"css selector","value":"td"}
RESULT: {"using":"css selector","value":"td"}
COMMAND: POST /session/adf199ce321191b0d42bf89d7113c6d5/element/f.53561D77C6482DD9DDA73AB31B5C064E.d.D232211E5B593028BA9FDD9EE5CE0438.e.4958/elements - {"using":"css selector","value":"td"}
RESULT: {"using":"css selector","value":"td"}
COMMAND: POST /session/adf199ce321191b0d42bf89d7113c6d5/element/f.53561D77C6482DD9DDA73AB31B5C064E.d.D232211E5B593028BA9FDD9EE5CE0438.e.4959/elements - {"using":"css selector","value":"td"}
RESULT: {"using":"css selector","value":"td"}
COMMAND: POST /session/adf199ce321191b0d42bf89d7113c6d5/element/f.53561D77C6482DD9DDA73AB31B5C064E.d.D232211E5B593028BA9FDD9EE5CE0438.e.4960/elements - {"using":"css selector","value":"td"}
RESULT: {"using":"css selector","value":"td"}
COMMAND: POST /session/adf199ce321191b0d42bf89d7113c6d5/element/f.53561D77C6482DD9DDA73AB31B5C064E.d.D232211E5B593028BA9FDD9EE5CE0438.e.4961/elements - {"using":"css selector","value":"td"}
RESULT: {"using":"css selector","value":"td"}
COMMAND: POST /session/adf199ce321191b0d42bf89d7113c6d5/element/f.53561D77C6482DD9DDA73AB31B5C064E.d.D232211E5B593028BA9FDD9EE5CE0438.e.4962/elements - {"using":"css selector","value":"td"}
RESULT: {"using":"css selector","value":"td"}
COMMAND: POST /session/adf199ce321191b0d42bf89d7113c6d5/element/f.53561D77C6482DD9DDA73AB31B5C064E.d.D232211E5B593028BA9FDD9EE5CE0438.e.4963/elements - {"using":"css selector","value":"td"}
RESULT: {"using":"css selector","value":"td"}
COMMAND: POST /session/adf199ce321191b0d42bf89d7113c6d5/element/f.53561D77C6482DD9DDA73AB31B5C064E.d.D232211E5B593028BA9FDD9EE5CE0438.e.4964/elements - {"using":"css selector","value":"td"}
RESULT: {"using":"css selector","value":"td"}
COMMAND: POST /session/adf199ce321191b0d42bf89d7113c6d5/element/f.53561D77C6482DD9DDA73AB31B5C064E.d.D232211E5B593028BA9FDD9EE5CE0438.e.4965/elements - {"using":"css selector","value":"td"}
RESULT: {"using":"css selector","value":"td"}
COMMAND: POST /session/adf199ce321191b0d42bf89d7113c6d5/element/f.53561D77C6482DD9DDA73AB31B5C064E.d.D232211E5B593028BA9FDD9EE5CE0438.e.4966/elements - {"using":"css selector","value":"td"}
RESULT: {"using":"css selector","value":"td"}
COMMAND: POST /session/adf199ce321191b0d42bf89d7113c6d5/element/f.53561D77C6482DD9DDA73AB31B5C064E.d.D232211E5B593028BA9FDD9EE5CE0438.e.4967/elements - {"using":"css selector","value":"td"}
RESULT: {"using":"css selector","value":"td"}
COMMAND: POST /session/adf199ce321191b0d42bf89d7113c6d5/element/f.53561D77C6482DD9DDA73AB31B5C064E.d.D232211E5B593028BA9FDD9EE5CE0438.e.4968/elements - {"using":"css selector","value":"td"}
RESULT: {"using":"css selector","value":"td"}
COMMAND: POST /session/adf199ce321191b0d42bf89d7113c6d5/element/f.53561D77C6482DD9DDA73AB31B5C064E.d.D232211E5B593028BA9FDD9EE5CE0438.e.4969/elements - {"using":"css selector","value":"td"}
RESULT: {"using":"css selector","value":"td"}
COMMAND: POST /session/adf199ce321191b0d42bf89d7113c6d5/element/f.53561D77C6482DD9DDA73AB31B5C064E.d.D232211E5B593028BA9FDD9EE5CE0438.e.4970/elements - {"using":"css selector","value":"td"}
RESULT: {"using":"css selector","value":"td"}
COMMAND: POST /session/adf199ce321191b0d42bf89d7113c6d5/element/f.53561D77C6482DD9DDA73AB31B5C064E.d.D232211E5B593028BA9FDD9EE5CE0438.e.4971/elements - {"using":"css selector","value":"td"}
RESULT: {"using":"css selector","value":"td"}
COMMAND: POST /session/adf199ce321191b0d42bf89d7113c6d5/element/f.53561D77C6482DD9DDA73AB31B5C064E.d.D232211E5B593028BA9FDD9EE5CE0438.e.4972/elements - {"using":"css selector","value":"td"}
RESULT: {"using":"css selector","value":"td"}
COMMAND: POST /session/adf199ce321191b0d42bf89d7113c6d5/element/f.53561D77C6482DD9DDA73AB31B5C064E.d.D232211E5B593028BA9FDD9EE5CE0438.e.4973/elements - {"using":"css selector","value":"td"}
RESULT: {"using":"css selector","value":"td"}
COMMAND: POST /session/adf199ce321191b0d42bf89d7113c6d5/element/f.53561D77C6482DD9DDA73AB31B5C064E.d.D232211E5B593028BA9FDD9EE5CE0438.e.4974/elements - {"using":"css selector","value":"td"}
RESULT: {"using":"css selector","value":"td"}
COMMAND: POST /session/adf199ce321191b0d42bf89d7113c6d5/element/f.53561D77C6482DD9DDA73AB31B5C064E.d.D232211E5B593028BA9FDD9EE5CE0438.e.4975/elements - {"using":"css selector","value":"td"}
RESULT: {"using":"css selector","value":"td"}
COMMAND: POST /session/adf199ce321191b0d42bf89d7113c6d5/element/f.53561D77C6482DD9DDA73AB31B5C064E.d.D232211E5B593028BA9FDD9EE5CE0438.e.4976/elements - {"using":"css selector","value":"td"}
RESULT: {"using":"css selector","value":"td"}
COMMAND: POST /session/adf199ce321191b0d42bf89d7113c6d5/element/f.53561D77C6482DD9DDA73AB31B5C064E.d.D232211E5B593028BA9FDD9EE5CE0438.e.4977/elements - {"using":"css selector","value":"td"}
RESULT: {"using":"css selector","value":"td"}
COMMAND: POST /session/adf199ce321191b0d42bf89d7113c6d5/element/f.53561D77C6482DD9DDA73AB31B5C064E.d.D232211E5B593028BA9FDD9EE5CE0438.e.4978/elements - {"using":"css selector","value":"td"}
RESULT: {"using":"css selector","value":"td"}
COMMAND: POST /session/adf199ce321191b0d42bf89d7113c6d5/element/f.53561D77C6482DD9DDA73AB31B5C064E.d.D232211E5B593028BA9FDD9EE5CE0438.e.4979/elements - {"using":"css selector","value":"td"}
RESULT: {"using":"css selector","value":"td"}
COMMAND: POST /session/adf199ce321191b0d42bf89d7113c6d5/element/f.53561D77C6482DD9DDA73AB31B5C064E.d.D232211E5B593028BA9FDD9EE5CE0438.e.4980/elements - {"using":"css selector","value":"td"}
RESULT: {"using":"css selector","value":"td"}
COMMAND: POST /session/adf199ce321191b0d42bf89d7113c6d5/element/f.53561D77C6482DD9DDA73AB31B5C064E.d.D232211E5B593028BA9FDD9EE5CE0438.e.4981/elements - {"using":"css selector","value":"td"}
RESULT: {"using":"css selector","value":"td"}
COMMAND: POST /session/adf199ce321191b0d42bf89d7113c6d5/element/f.53561D77C6482DD9DDA73AB31B5C064E.d.D232211E5B593028BA9FDD9EE5CE0438.e.4982/elements - {"using":"css selector","value":"td"}
RESULT: {"using":"css selector","value":"td"}
COMMAND: POST /session/adf199ce321191b0d42bf89d7113c6d5/element/f.53561D77C6482DD9DDA73AB31B5C064E.d.D232211E5B593028BA9FDD9EE5CE0438.e.4983/elements - {"using":"css selector","value":"td"}
RESULT: {"using":"css selector","value":"td"}
COMMAND: POST /session/adf199ce321191b0d42bf89d7113c6d5/element/f.53561D77C6482DD9DDA73AB31B5C064E.d.D232211E5B593028BA9FDD9EE5CE0438.e.4984/elements - {"using":"css selector","value":"td"}
RESULT: {"using":"css selector","value":"td"}
COMMAND: POST /session/adf199ce321191b0d42bf89d7113c6d5/element/f.53561D77C6482DD9DDA73AB31B5C064E.d.D232211E5B593028BA9FDD9EE5CE0438.e.4985/elements - {"using":"css selector","value":"td"}
RESULT: {"using":"css selector","value":"td"}
COMMAND: POST /session/adf199ce321191b0d42bf89d7113c6d5/element/f.53561D77C6482DD9DDA73AB31B5C064E.d.D232211E5B593028BA9FDD9EE5CE0438.e.4986/elements - {"using":"css selector","value":"td"}
RESULT: {"using":"css selector","value":"td"}
COMMAND: POST /session/adf199ce321191b0d42bf89d7113c6d5/element/f.53561D77C6482DD9DDA73AB31B5C064E.d.D232211E5B593028BA9FDD9EE5CE0438.e.4987/elements - {"using":"css selector","value":"td"}
RESULT: {"using":"css selector","value":"td"}
COMMAND: POST /session/adf199ce321191b0d42bf89d7113c6d5/element/f.53561D77C6482DD9DDA73AB31B5C064E.d.D232211E5B593028BA9FDD9EE5CE0438.e.4988/elements - {"using":"css selector","value":"td"}
RESULT: {"using":"css selector","value":"td"}
COMMAND: POST /session/adf199ce321191b0d42bf89d7113c6d5/element/f.53561D77C6482DD9DDA73AB31B5C064E.d.D232211E5B593028BA9FDD9EE5CE0438.e.4989/elements - {"using":"css selector","value":"td"}
RESULT: {"using":"css selector","value":"td"}
COMMAND: POST /session/adf199ce321191b0d42bf89d7113c6d5/element/f.53561D77C6482DD9DDA73AB31B5C064E.d.D232211E5B593028BA9FDD9EE5CE0438.e.4990/elements - {"using":"css selector","value":"td"}
RESULT: {"using":"css selector","value":"td"}
COMMAND: POST /session/adf199ce321191b0d42bf89d7113c6d5/element/f.53561D77C6482DD9DDA73AB31B5C064E.d.D232211E5B593028BA9FDD9EE5CE0438.e.4991/elements - {"using":"css selector","value":"td"}
RESULT: {"using":"css selector","value":"td"}
COMMAND: POST /session/adf199ce321191b0d42bf89d7113c6d5/element/f.53561D77C6482DD9DDA73AB31B5C064E.d.D232211E5B593028BA9FDD9EE5CE0438.e.4992/elements - {"using":"css selector","value":"td"}
RESULT: {"using":"css selector","value":"td"}
COMMAND: POST /session/adf199ce321191b0d42bf89d7113c6d5/element/f.53561D77C6482DD9DDA73AB31B5C064E.d.D232211E5B593028BA9FDD9EE5CE0438.e.4993/elements - {"using":"css selector","value":"td"}
RESULT: {"using":"css selector","value":"td"}
COMMAND: POST /session/adf199ce321191b0d42bf89d7113c6d5/element/f.53561D77C6482DD9DDA73AB31B5C064E.d.D232211E5B593028BA9FDD9EE5CE0438.e.4994/elements - {"using":"css selector","value":"td"}
RESULT: {"using":"css selector","value":"td"}
COMMAND: POST /session/adf199ce321191b0d42bf89d7113c6d5/element/f.53561D77C6482DD9DDA73AB31B5C064E.d.D232211E5B593028BA9FDD9EE5CE0438.e.4995/elements - {"using":"css selector","value":"td"}
RESULT: {"using":"css selector","value":"td"}
COMMAND: POST /session/adf199ce321191b0d42bf89d7113c6d5/element/f.53561D77C6482DD9DDA73AB31B5C064E.d.D232211E5B593028BA9FDD9EE5CE0438.e.4996/elements - {"using":"css selector","value":"td"}
RESULT: {"using":"css selector","value":"td"}
COMMAND: POST /session/adf199ce321191b0d42bf89d7113c6d5/element/f.53561D77C6482DD9DDA73AB31B5C064E.d.D232211E5B593028BA9FDD9EE5CE0438.e.4997/elements - {"using":"css selector","value":"td"}
RESULT: {"using":"css selector","value":"td"}
COMMAND: POST /session/adf199ce321191b0d42bf89d7113c6d5/element/f.53561D77C6482DD9DDA73AB31B5C064E.d.D232211E5B593028BA9FDD9EE5CE0438.e.4998/elements - {"using":"css selector","value":"td"}
RESULT: {"using":"css selector","value":"td"}
COMMAND: POST /session/adf199ce321191b0d42bf89d7113c6d5/element/f.53561D77C6482DD9DDA73AB31B5C064E.d.D232211E5B593028BA9FDD9EE5CE0438.e.4999/elements - {"using":"css selector","value":"td"}
RESULT: {"using":"css selector","value":"td"}
COMMAND: POST /session/adf199ce321191b0d42bf89d7113c6d5/element/f.53561D77C6482DD9DDA73AB31B5C064E.d.D232211E5B593028BA9FDD9EE5CE0438.e.5000/elements - {"using":"css selector","value":"td"}
RESULT: {"using":"css selector","value":"td"}
COMMAND: POST /session/adf199ce321191b0d42bf89d7113c6d5/element/f.53561D77C6482DD9DDA73AB31B5C064E.d.D232211E5B593028BA9FDD9EE5CE0438.e.5001/elements - {"using":"css selector","value":"td"}
RESULT: {"using":"css selector","value":"td"}
COMMAND: POST /session/adf199ce321191b0d42bf89d7113c6d5/element/f.53561D77C6482DD9DDA73AB31B5C064E.d.D232211E5B593028BA9FDD9EE5CE0438.e.5002/elements - {"using":"css selector","value":"td"}
RESULT: {"using":"css selector","value":"td"}
COMMAND: POST /session/adf199ce321191b0d42bf89d7113c6d5/element/f.53561D77C6482DD9DDA73AB31B5C064E.d.D232211E5B593028BA9FDD9EE5CE0438.e.5003/elements - {"using":"css selector","value":"td"}
RESULT: {"using":"css selector","value":"td"}
COMMAND: POST /session/adf199ce321191b0d42bf89d7113c6d5/element/f.53561D77C6482DD9DDA73AB31B5C064E.d.D232211E5B593028BA9FDD9EE5CE0438.e.5004/elements - {"using":"css selector","value":"td"}
RESULT: {"using":"css selector","value":"td"}
COMMAND: POST /session/adf199ce321191b0d42bf89d7113c6d5/element/f.53561D77C6482DD9DDA73AB31B5C064E.d.D232211E5B593028BA9FDD9EE5CE0438.e.5005/elements - {"using":"css selector","value":"td"}
RESULT: {"using":"css selector","value":"td"}
COMMAND: POST /session/adf199ce321191b0d42bf89d7113c6d5/element/f.53561D77C6482DD9DDA73AB31B5C064E.d.D232211E5B593028BA9FDD9EE5CE0438.e.5006/elements - {"using":"css selector","value":"td"}
RESULT: {"using":"css selector","value":"td"}
COMMAND: POST /session/adf199ce321191b0d42bf89d7113c6d5/element/f.53561D77C6482DD9DDA73AB31B5C064E.d.D232211E5B593028BA9FDD9EE5CE0438.e.5007/elements - {"using":"css selector","value":"td"}
RESULT: {"using":"css selector","value":"td"}
COMMAND: POST /session/adf199ce321191b0d42bf89d7113c6d5/element/f.53561D77C6482DD9DDA73AB31B5C064E.d.D232211E5B593028BA9FDD9EE5CE0438.e.5008/elements - {"using":"css selector","value":"td"}
RESULT: {"using":"css selector","value":"td"}
COMMAND: POST /session/adf199ce321191b0d42bf89d7113c6d5/element/f.53561D77C6482DD9DDA73AB31B5C064E.d.D232211E5B593028BA9FDD9EE5CE0438.e.5009/elements - {"using":"css selector","value":"td"}
RESULT: {"using":"css selector","value":"td"}
COMMAND: POST /session/adf199ce321191b0d42bf89d7113c6d5/element/f.53561D77C6482DD9DDA73AB31B5C064E.d.D232211E5B593028BA9FDD9EE5CE0438.e.5010/elements - {"using":"css selector","value":"td"}
RESULT: {"using":"css selector","value":"td"}
COMMAND: POST /session/adf199ce321191b0d42bf89d7113c6d5/element/f.53561D77C6482DD9DDA73AB31B5C064E.d.D232211E5B593028BA9FDD9EE5CE0438.e.5011/elements - {"using":"css selector","value":"td"}
RESULT: {"using":"css selector","value":"td"}
COMMAND: POST /session/adf199ce321191b0d42bf89d7113c6d5/element/f.53561D77C6482DD9DDA73AB31B5C064E.d.D232211E5B593028BA9FDD9EE5CE0438.e.5012/elements - {"using":"css selector","value":"td"}
RESULT: {"using":"css selector","value":"td"}
COMMAND: POST /session/adf199ce321191b0d42bf89d7113c6d5/element/f.53561D77C6482DD9DDA73AB31B5C064E.d.D232211E5B593028BA9FDD9EE5CE0438.e.5013/elements - {"using":"css selector","value":"td"}
RESULT: {"using":"css selector","value":"td"}
COMMAND: POST /session/adf199ce321191b0d42bf89d7113c6d5/element/f.53561D77C6482DD9DDA73AB31B5C064E.d.D232211E5B593028BA9FDD9EE5CE0438.e.5014/elements - {"using":"css selector","value":"td"}
RESULT: {"using":"css selector","value":"td"}
COMMAND: POST /session/adf199ce321191b0d42bf89d7113c6d5/element/f.53561D77C6482DD9DDA73AB31B5C064E.d.D232211E5B593028BA9FDD9EE5CE0438.e.5015/elements - {"using":"css selector","value":"td"}
RESULT: {"using":"css selector","value":"td"}
COMMAND: POST /session/adf199ce321191b0d42bf89d7113c6d5/element/f.53561D77C6482DD9DDA73AB31B5C064E.d.D232211E5B593028BA9FDD9EE5CE0438.e.5016/elements - {"using":"css selector","value":"td"}
RESULT: {"using":"css selector","value":"td"}
COMMAND: POST /session/adf199ce321191b0d42bf89d7113c6d5/element/f.53561D77C6482DD9DDA73AB31B5C064E.d.D232211E5B593028BA9FDD9EE5CE0438.e.5017/elements - {"using":"css selector","value":"td"}
RESULT: {"using":"css selector","value":"td"}
COMMAND: POST /session/adf199ce321191b0d42bf89d7113c6d5/element/f.53561D77C6482DD9DDA73AB31B5C064E.d.D232211E5B593028BA9FDD9EE5CE0438.e.5018/elements - {"using":"css selector","value":"td"}
RESULT: {"using":"css selector","value":"td"}
COMMAND: POST /session/adf199ce321191b0d42bf89d7113c6d5/element/f.53561D77C6482DD9DDA73AB31B5C064E.d.D232211E5B593028BA9FDD9EE5CE0438.e.5019/elements - {"using":"css selector","value":"td"}
RESULT: {"using":"css selector","value":"td"}
COMMAND: POST /session/adf199ce321191b0d42bf89d7113c6d5/element/f.53561D77C6482DD9DDA73AB31B5C064E.d.D232211E5B593028BA9FDD9EE5CE0438.e.5020/elements - {"using":"css selector","value":"td"}
RESULT: {"using":"css selector","value":"td"}
COMMAND: POST /session/adf199ce321191b0d42bf89d7113c6d5/element/f.53561D77C6482DD9DDA73AB31B5C064E.d.D232211E5B593028BA9FDD9EE5CE0438.e.5021/elements - {"using":"css selector","value":"td"}
RESULT: {"using":"css selector","value":"td"}
COMMAND: POST /session/adf199ce321191b0d42bf89d7113c6d5/element/f.53561D77C6482DD9DDA73AB31B5C064E.d.D232211E5B593028BA9FDD9EE5CE0438.e.5022/elements - {"using":"css selector","value":"td"}
RESULT: {"using":"css selector","value":"td"}
COMMAND: POST /session/adf199ce321191b0d42bf89d7113c6d5/element/f.53561D77C6482DD9DDA73AB31B5C064E.d.D232211E5B593028BA9FDD9EE5CE0438.e.5023/elements - {"using":"css selector","value":"td"}
RESULT: {"using":"css selector","value":"td"}
COMMAND: POST /session/adf199ce321191b0d42bf89d7113c6d5/element/f.53561D77C6482DD9DDA73AB31B5C064E.d.D232211E5B593028BA9FDD9EE5CE0438.e.5024/elements - {"using":"css selector","value":"td"}
RESULT: {"using":"css selector","value":"td"}
COMMAND: POST /session/adf199ce321191b0d42bf89d7113c6d5/element/f.53561D77C6482DD9DDA73AB31B5C064E.d.D232211E5B593028BA9FDD9EE5CE0438.e.5025/elements - {"using":"css selector","value":"td"}
RESULT: {"using":"css selector","value":"td"}
COMMAND: POST /session/adf199ce321191b0d42bf89d7113c6d5/element/f.53561D77C6482DD9DDA73AB31B5C064E.d.D232211E5B593028BA9FDD9EE5CE0438.e.5026/elements - {"using":"css selector","value":"td"}
RESULT: {"using":"css selector","value":"td"}
COMMAND: POST /session/adf199ce321191b0d42bf89d7113c6d5/element/f.53561D77C6482DD9DDA73AB31B5C064E.d.D232211E5B593028BA9FDD9EE5CE0438.e.5027/elements - {"using":"css selector","value":"td"}
RESULT: {"using":"css selector","value":"td"}
COMMAND: POST /session/adf199ce321191b0d42bf89d7113c6d5/element/f.53561D77C6482DD9DDA73AB31B5C064E.d.D232211E5B593028BA9FDD9EE5CE0438.e.5028/elements - {"using":"css selector","value":"td"}
RESULT: {"using":"css selector","value":"td"}
COMMAND: POST /session/adf199ce321191b0d42bf89d7113c6d5/element/f.53561D77C6482DD9DDA73AB31B5C064E.d.D232211E5B593028BA9FDD9EE5CE0438.e.5029/elements - {"using":"css selector","value":"td"}
RESULT: {"using":"css selector","value":"td"}
COMMAND: POST /session/adf199ce321191b0d42bf89d7113c6d5/element/f.53561D77C6482DD9DDA73AB31B5C064E.d.D232211E5B593028BA9FDD9EE5CE0438.e.5030/elements - {"using":"css selector","value":"td"}
RESULT: {"using":"css selector","value":"td"}
COMMAND: POST /session/adf199ce321191b0d42bf89d7113c6d5/element/f.53561D77C6482DD9DDA73AB31B5C064E.d.D232211E5B593028BA9FDD9EE5CE0438.e.5031/elements - {"using":"css selector","value":"td"}
RESULT: {"using":"css selector","value":"td"}
COMMAND: POST /session/adf199ce321191b0d42bf89d7113c6d5/element/f.53561D77C6482DD9DDA73AB31B5C064E.d.D232211E5B593028BA9FDD9EE5CE0438.e.5032/elements - {"using":"css selector","value":"td"}
RESULT: {"using":"css selector","value":"td"}
COMMAND: POST /session/adf199ce321191b0d42bf89d7113c6d5/element/f.53561D77C6482DD9DDA73AB31B5C064E.d.D232211E5B593028BA9FDD9EE5CE0438.e.5033/elements - {"using":"css selector","value":"td"}
RESULT: {"using":"css selector","value":"td"}
COMMAND: POST /session/adf199ce321191b0d42bf89d7113c6d5/element/f.53561D77C6482DD9DDA73AB31B5C064E.d.D232211E5B593028BA9FDD9EE5CE0438.e.5034/elements - {"using":"css selector","value":"td"}
RESULT: {"using":"css selector","value":"td"}
COMMAND: POST /session/adf199ce321191b0d42bf89d7113c6d5/element/f.53561D77C6482DD9DDA73AB31B5C064E.d.D232211E5B593028BA9FDD9EE5CE0438.e.5035/elements - {"using":"css selector","value":"td"}
RESULT: {"using":"css selector","value":"td"}
COMMAND: POST /session/adf199ce321191b0d42bf89d7113c6d5/element/f.53561D77C6482DD9DDA73AB31B5C064E.d.D232211E5B593028BA9FDD9EE5CE0438.e.5036/elements - {"using":"css selector","value":"td"}
RESULT: {"using":"css selector","value":"td"}
COMMAND: POST /session/adf199ce321191b0d42bf89d7113c6d5/element/f.53561D77C6482DD9DDA73AB31B5C064E.d.D232211E5B593028BA9FDD9EE5CE0438.e.5037/elements - {"using":"css selector","value":"td"}
RESULT: {"using":"css selector","value":"td"}
COMMAND: POST /session/adf199ce321191b0d42bf89d7113c6d5/element/f.53561D77C6482DD9DDA73AB31B5C064E.d.D232211E5B593028BA9FDD9EE5CE0438.e.5038/elements - {"using":"css selector","value":"td"}
RESULT: {"using":"css selector","value":"td"}
COMMAND: POST /session/adf199ce321191b0d42bf89d7113c6d5/element/f.53561D77C6482DD9DDA73AB31B5C064E.d.D232211E5B593028BA9FDD9EE5CE0438.e.5039/elements - {"using":"css selector","value":"td"}
RESULT: {"using":"css selector","value":"td"}
COMMAND: POST /session/adf199ce321191b0d42bf89d7113c6d5/element/f.53561D77C6482DD9DDA73AB31B5C064E.d.D232211E5B593028BA9FDD9EE5CE0438.e.5040/elements - {"using":"css selector","value":"td"}
RESULT: {"using":"css selector","value":"td"}
COMMAND: POST /session/adf199ce321191b0d42bf89d7113c6d5/element/f.53561D77C6482DD9DDA73AB31B5C064E.d.D232211E5B593028BA9FDD9EE5CE0438.e.5041/elements - {"using":"css selector","value":"td"}
RESULT: {"using":"css selector","value":"td"}
COMMAND: POST /session/adf199ce321191b0d42bf89d7113c6d5/element/f.53561D77C6482DD9DDA73AB31B5C064E.d.D232211E5B593028BA9FDD9EE5CE0438.e.5042/elements - {"using":"css selector","value":"td"}
RESULT: {"using":"css selector","value":"td"}
COMMAND: POST /session/adf199ce321191b0d42bf89d7113c6d5/element/f.53561D77C6482DD9DDA73AB31B5C064E.d.D232211E5B593028BA9FDD9EE5CE0438.e.5043/elements - {"using":"css selector","value":"td"}
RESULT: {"using":"css selector","value":"td"}
COMMAND: POST /session/adf199ce321191b0d42bf89d7113c6d5/element/f.53561D77C6482DD9DDA73AB31B5C064E.d.D232211E5B593028BA9FDD9EE5CE0438.e.5044/elements - {"using":"css selector","value":"td"}
RESULT: {"using":"css selector","value":"td"}
COMMAND: POST /session/adf199ce321191b0d42bf89d7113c6d5/element/f.53561D77C6482DD9DDA73AB31B5C064E.d.D232211E5B593028BA9FDD9EE5CE0438.e.5045/elements - {"using":"css selector","value":"td"}
RESULT: {"using":"css selector","value":"td"}
COMMAND: POST /session/adf199ce321191b0d42bf89d7113c6d5/element/f.53561D77C6482DD9DDA73AB31B5C064E.d.D232211E5B593028BA9FDD9EE5CE0438.e.5046/elements - {"using":"css selector","value":"td"}
RESULT: {"using":"css selector","value":"td"}
COMMAND: POST /session/adf199ce321191b0d42bf89d7113c6d5/element/f.53561D77C6482DD9DDA73AB31B5C064E.d.D232211E5B593028BA9FDD9EE5CE0438.e.5047/elements - {"using":"css selector","value":"td"}
RESULT: {"using":"css selector","value":"td"}
COMMAND: POST /session/adf199ce321191b0d42bf89d7113c6d5/element/f.53561D77C6482DD9DDA73AB31B5C064E.d.D232211E5B593028BA9FDD9EE5CE0438.e.5048/elements - {"using":"css selector","value":"td"}
RESULT: {"using":"css selector","value":"td"}
COMMAND: POST /session/adf199ce321191b0d42bf89d7113c6d5/element/f.53561D77C6482DD9DDA73AB31B5C064E.d.D232211E5B593028BA9FDD9EE5CE0438.e.5049/elements - {"using":"css selector","value":"td"}
RESULT: {"using":"css selector","value":"td"}
COMMAND: POST /session/adf199ce321191b0d42bf89d7113c6d5/element/f.53561D77C6482DD9DDA73AB31B5C064E.d.D232211E5B593028BA9FDD9EE5CE0438.e.5050/elements - {"using":"css selector","value":"td"}
RESULT: {"using":"css selector","value":"td"}
COMMAND: POST /session/adf199ce321191b0d42bf89d7113c6d5/element/f.53561D77C6482DD9DDA73AB31B5C064E.d.D232211E5B593028BA9FDD9EE5CE0438.e.5051/elements - {"using":"css selector","value":"td"}
RESULT: {"using":"css selector","value":"td"}
COMMAND: POST /session/adf199ce321191b0d42bf89d7113c6d5/element/f.53561D77C6482DD9DDA73AB31B5C064E.d.D232211E5B593028BA9FDD9EE5CE0438.e.5052/elements - {"using":"css selector","value":"td"}
RESULT: {"using":"css selector","value":"td"}
COMMAND: POST /session/adf199ce321191b0d42bf89d7113c6d5/element/f.53561D77C6482DD9DDA73AB31B5C064E.d.D232211E5B593028BA9FDD9EE5CE0438.e.5053/elements - {"using":"css selector","value":"td"}
RESULT: {"using":"css selector","value":"td"}
COMMAND: POST /session/adf199ce321191b0d42bf89d7113c6d5/element/f.53561D77C6482DD9DDA73AB31B5C064E.d.D232211E5B593028BA9FDD9EE5CE0438.e.5054/elements - {"using":"css selector","value":"td"}
RESULT: {"using":"css selector","value":"td"}
COMMAND: POST /session/adf199ce321191b0d42bf89d7113c6d5/element/f.53561D77C6482DD9DDA73AB31B5C064E.d.D232211E5B593028BA9FDD9EE5CE0438.e.5055/elements - {"using":"css selector","value":"td"}
RESULT: {"using":"css selector","value":"td"}
COMMAND: POST /session/adf199ce321191b0d42bf89d7113c6d5/element/f.53561D77C6482DD9DDA73AB31B5C064E.d.D232211E5B593028BA9FDD9EE5CE0438.e.5056/elements - {"using":"css selector","value":"td"}
RESULT: {"using":"css selector","value":"td"}
COMMAND: POST /session/adf199ce321191b0d42bf89d7113c6d5/element/f.53561D77C6482DD9DDA73AB31B5C064E.d.D232211E5B593028BA9FDD9EE5CE0438.e.5057/elements - {"using":"css selector","value":"td"}
RESULT: {"using":"css selector","value":"td"}
COMMAND: POST /session/adf199ce321191b0d42bf89d7113c6d5/element/f.53561D77C6482DD9DDA73AB31B5C064E.d.D232211E5B593028BA9FDD9EE5CE0438.e.5058/elements - {"using":"css selector","value":"td"}
RESULT: {"using":"css selector","value":"td"}
COMMAND: POST /session/adf199ce321191b0d42bf89d7113c6d5/element/f.53561D77C6482DD9DDA73AB31B5C064E.d.D232211E5B593028BA9FDD9EE5CE0438.e.5059/elements - {"using":"css selector","value":"td"}
RESULT: {"using":"css selector","value":"td"}
COMMAND: POST /session/adf199ce321191b0d42bf89d7113c6d5/element/f.53561D77C6482DD9DDA73AB31B5C064E.d.D232211E5B593028BA9FDD9EE5CE0438.e.5060/elements - {"using":"css selector","value":"td"}
RESULT: {"using":"css selector","value":"td"}
COMMAND: POST /session/adf199ce321191b0d42bf89d7113c6d5/element/f.53561D77C6482DD9DDA73AB31B5C064E.d.D232211E5B593028BA9FDD9EE5CE0438.e.5061/elements - {"using":"css selector","value":"td"}
RESULT: {"using":"css selector","value":"td"}
COMMAND: POST /session/adf199ce321191b0d42bf89d7113c6d5/element/f.53561D77C6482DD9DDA73AB31B5C064E.d.D232211E5B593028BA9FDD9EE5CE0438.e.5062/elements - {"using":"css selector","value":"td"}
RESULT: {"using":"css selector","value":"td"}
COMMAND: POST /session/adf199ce321191b0d42bf89d7113c6d5/element/f.53561D77C6482DD9DDA73AB31B5C064E.d.D232211E5B593028BA9FDD9EE5CE0438.e.5063/elements - {"using":"css selector","value":"td"}
RESULT: {"using":"css selector","value":"td"}
COMMAND: POST /session/adf199ce321191b0d42bf89d7113c6d5/element/f.53561D77C6482DD9DDA73AB31B5C064E.d.D232211E5B593028BA9FDD9EE5CE0438.e.5064/elements - {"using":"css selector","value":"td"}
RESULT: {"using":"css selector","value":"td"}
COMMAND: POST /session/adf199ce321191b0d42bf89d7113c6d5/element/f.53561D77C6482DD9DDA73AB31B5C064E.d.D232211E5B593028BA9FDD9EE5CE0438.e.5065/elements - {"using":"css selector","value":"td"}
RESULT: {"using":"css selector","value":"td"}
COMMAND: POST /session/adf199ce321191b0d42bf89d7113c6d5/element/f.53561D77C6482DD9DDA73AB31B5C064E.d.D232211E5B593028BA9FDD9EE5CE0438.e.5066/elements - {"using":"css selector","value":"td"}
RESULT: {"using":"css selector","value":"td"}
COMMAND: POST /session/adf199ce321191b0d42bf89d7113c6d5/element/f.53561D77C6482DD9DDA73AB31B5C064E.d.D232211E5B593028BA9FDD9EE5CE0438.e.5067/elements - {"using":"css selector","value":"td"}
RESULT: {"using":"css selector","value":"td"}
COMMAND: POST /session/adf199ce321191b0d42bf89d7113c6d5/element/f.53561D77C6482DD9DDA73AB31B5C064E.d.D232211E5B593028BA9FDD9EE5CE0438.e.5068/elements - {"using":"css selector","value":"td"}
RESULT: {"using":"css selector","value":"td"}
COMMAND: POST /session/adf199ce321191b0d42bf89d7113c6d5/element/f.53561D77C6482DD9DDA73AB31B5C064E.d.D232211E5B593028BA9FDD9EE5CE0438.e.5069/elements - {"using":"css selector","value":"td"}
RESULT: {"using":"css selector","value":"td"}
COMMAND: POST /session/adf199ce321191b0d42bf89d7113c6d5/element/f.53561D77C6482DD9DDA73AB31B5C064E.d.D232211E5B593028BA9FDD9EE5CE0438.e.5070/elements - {"using":"css selector","value":"td"}
RESULT: {"using":"css selector","value":"td"}
COMMAND: POST /session/adf199ce321191b0d42bf89d7113c6d5/element/f.53561D77C6482DD9DDA73AB31B5C064E.d.D232211E5B593028BA9FDD9EE5CE0438.e.5071/elements - {"using":"css selector","value":"td"}
RESULT: {"using":"css selector","value":"td"}
COMMAND: POST /session/adf199ce321191b0d42bf89d7113c6d5/element/f.53561D77C6482DD9DDA73AB31B5C064E.d.D232211E5B593028BA9FDD9EE5CE0438.e.5072/elements - {"using":"css selector","value":"td"}
RESULT: {"using":"css selector","value":"td"}
COMMAND: POST /session/adf199ce321191b0d42bf89d7113c6d5/element/f.53561D77C6482DD9DDA73AB31B5C064E.d.D232211E5B593028BA9FDD9EE5CE0438.e.5073/elements - {"using":"css selector","value":"td"}
RESULT: {"using":"css selector","value":"td"}
COMMAND: POST /session/adf199ce321191b0d42bf89d7113c6d5/element/f.53561D77C6482DD9DDA73AB31B5C064E.d.D232211E5B593028BA9FDD9EE5CE0438.e.5074/elements - {"using":"css selector","value":"td"}
RESULT: {"using":"css selector","value":"td"}
COMMAND: POST /session/adf199ce321191b0d42bf89d7113c6d5/element/f.53561D77C6482DD9DDA73AB31B5C064E.d.D232211E5B593028BA9FDD9EE5CE0438.e.5075/elements - {"using":"css selector","value":"td"}
RESULT: {"using":"css selector","value":"td"}
COMMAND: POST /session/adf199ce321191b0d42bf89d7113c6d5/element/f.53561D77C6482DD9DDA73AB31B5C064E.d.D232211E5B593028BA9FDD9EE5CE0438.e.5076/elements - {"using":"css selector","value":"td"}
RESULT: {"using":"css selector","value":"td"}
COMMAND: POST /session/adf199ce321191b0d42bf89d7113c6d5/element/f.53561D77C6482DD9DDA73AB31B5C064E.d.D232211E5B593028BA9FDD9EE5CE0438.e.5077/elements - {"using":"css selector","value":"td"}
RESULT: {"using":"css selector","value":"td"}
COMMAND: POST /session/adf199ce321191b0d42bf89d7113c6d5/element/f.53561D77C6482DD9DDA73AB31B5C064E.d.D232211E5B593028BA9FDD9EE5CE0438.e.5078/elements - {"using":"css selector","value":"td"}
RESULT: {"using":"css selector","value":"td"}
COMMAND: POST /session/adf199ce321191b0d42bf89d7113c6d5/element/f.53561D77C6482DD9DDA73AB31B5C064E.d.D232211E5B593028BA9FDD9EE5CE0438.e.5079/elements - {"using":"css selector","value":"td"}
RESULT: {"using":"css selector","value":"td"}
COMMAND: POST /session/adf199ce321191b0d42bf89d7113c6d5/element/f.53561D77C6482DD9DDA73AB31B5C064E.d.D232211E5B593028BA9FDD9EE5CE0438.e.5080/elements - {"using":"css selector","value":"td"}
RESULT: {"using":"css selector","value":"td"}
COMMAND: POST /session/adf199ce321191b0d42bf89d7113c6d5/element/f.53561D77C6482DD9DDA73AB31B5C064E.d.D232211E5B593028BA9FDD9EE5CE0438.e.5081/elements - {"using":"css selector","value":"td"}
RESULT: {"using":"css selector","value":"td"}
COMMAND: POST /session/adf199ce321191b0d42bf89d7113c6d5/element/f.53561D77C6482DD9DDA73AB31B5C064E.d.D232211E5B593028BA9FDD9EE5CE0438.e.5082/elements - {"using":"css selector","value":"td"}
RESULT: {"using":"css selector","value":"td"}
COMMAND: POST /session/adf199ce321191b0d42bf89d7113c6d5/element/f.53561D77C6482DD9DDA73AB31B5C064E.d.D232211E5B593028BA9FDD9EE5CE0438.e.5083/elements - {"using":"css selector","value":"td"}
RESULT: {"using":"css selector","value":"td"}
COMMAND: POST /session/adf199ce321191b0d42bf89d7113c6d5/element/f.53561D77C6482DD9DDA73AB31B5C064E.d.D232211E5B593028BA9FDD9EE5CE0438.e.5084/elements - {"using":"css selector","value":"td"}
RESULT: {"using":"css selector","value":"td"}
COMMAND: POST /session/adf199ce321191b0d42bf89d7113c6d5/element/f.53561D77C6482DD9DDA73AB31B5C064E.d.D232211E5B593028BA9FDD9EE5CE0438.e.5085/elements - {"using":"css selector","value":"td"}
RESULT: {"using":"css selector","value":"td"}
COMMAND: POST /session/adf199ce321191b0d42bf89d7113c6d5/element/f.53561D77C6482DD9DDA73AB31B5C064E.d.D232211E5B593028BA9FDD9EE5CE0438.e.5086/elements - {"using":"css selector","value":"td"}
RESULT: {"using":"css selector","value":"td"}
COMMAND: POST /session/adf199ce321191b0d42bf89d7113c6d5/element/f.53561D77C6482DD9DDA73AB31B5C064E.d.D232211E5B593028BA9FDD9EE5CE0438.e.5087/elements - {"using":"css selector","value":"td"}
RESULT: {"using":"css selector","value":"td"}
COMMAND: POST /session/adf199ce321191b0d42bf89d7113c6d5/element/f.53561D77C6482DD9DDA73AB31B5C064E.d.D232211E5B593028BA9FDD9EE5CE0438.e.5088/elements - {"using":"css selector","value":"td"}
RESULT: {"using":"css selector","value":"td"}
COMMAND: POST /session/adf199ce321191b0d42bf89d7113c6d5/element/f.53561D77C6482DD9DDA73AB31B5C064E.d.D232211E5B593028BA9FDD9EE5CE0438.e.5089/elements - {"using":"css selector","value":"td"}
RESULT: {"using":"css selector","value":"td"}
COMMAND: POST /session/adf199ce321191b0d42bf89d7113c6d5/element/f.53561D77C6482DD9DDA73AB31B5C064E.d.D232211E5B593028BA9FDD9EE5CE0438.e.5090/elements - {"using":"css selector","value":"td"}
RESULT: {"using":"css selector","value":"td"}
COMMAND: POST /session/adf199ce321191b0d42bf89d7113c6d5/element/f.53561D77C6482DD9DDA73AB31B5C064E.d.D232211E5B593028BA9FDD9EE5CE0438.e.5091/elements - {"using":"css selector","value":"td"}
RESULT: {"using":"css selector","value":"td"}
COMMAND: POST /session/adf199ce321191b0d42bf89d7113c6d5/element/f.53561D77C6482DD9DDA73AB31B5C064E.d.D232211E5B593028BA9FDD9EE5CE0438.e.5092/elements - {"using":"css selector","value":"td"}
RESULT: {"using":"css selector","value":"td"}
COMMAND: POST /session/adf199ce321191b0d42bf89d7113c6d5/element/f.53561D77C6482DD9DDA73AB31B5C064E.d.D232211E5B593028BA9FDD9EE5CE0438.e.5093/elements - {"using":"css selector","value":"td"}
RESULT: {"using":"css selector","value":"td"}
COMMAND: POST /session/adf199ce321191b0d42bf89d7113c6d5/element/f.53561D77C6482DD9DDA73AB31B5C064E.d.D232211E5B593028BA9FDD9EE5CE0438.e.5094/elements - {"using":"css selector","value":"td"}
RESULT: {"using":"css selector","value":"td"}
COMMAND: POST /session/adf199ce321191b0d42bf89d7113c6d5/element/f.53561D77C6482DD9DDA73AB31B5C064E.d.D232211E5B593028BA9FDD9EE5CE0438.e.5095/elements - {"using":"css selector","value":"td"}
RESULT: {"using":"css selector","value":"td"}
COMMAND: POST /session/adf199ce321191b0d42bf89d7113c6d5/element/f.53561D77C6482DD9DDA73AB31B5C064E.d.D232211E5B593028BA9FDD9EE5CE0438.e.5096/elements - {"using":"css selector","value":"td"}
RESULT: {"using":"css selector","value":"td"}
COMMAND: POST /session/adf199ce321191b0d42bf89d7113c6d5/element/f.53561D77C6482DD9DDA73AB31B5C064E.d.D232211E5B593028BA9FDD9EE5CE0438.e.5097/elements - {"using":"css selector","value":"td"}
RESULT: {"using":"css selector","value":"td"}
COMMAND: POST /session/adf199ce321191b0d42bf89d7113c6d5/element/f.53561D77C6482DD9DDA73AB31B5C064E.d.D232211E5B593028BA9FDD9EE5CE0438.e.5098/elements - {"using":"css selector","value":"td"}
RESULT: {"using":"css selector","value":"td"}
COMMAND: POST /session/adf199ce321191b0d42bf89d7113c6d5/element/f.53561D77C6482DD9DDA73AB31B5C064E.d.D232211E5B593028BA9FDD9EE5CE0438.e.5099/elements - {"using":"css selector","value":"td"}
RESULT: {"using":"css selector","value":"td"}
COMMAND: POST /session/adf199ce321191b0d42bf89d7113c6d5/element/f.53561D77C6482DD9DDA73AB31B5C064E.d.D232211E5B593028BA9FDD9EE5CE0438.e.5100/elements - {"using":"css selector","value":"td"}
RESULT: {"using":"css selector","value":"td"}
COMMAND: POST /session/adf199ce321191b0d42bf89d7113c6d5/element/f.53561D77C6482DD9DDA73AB31B5C064E.d.D232211E5B593028BA9FDD9EE5CE0438.e.5101/elements - {"using":"css selector","value":"td"}
RESULT: {"using":"css selector","value":"td"}
COMMAND: POST /session/adf199ce321191b0d42bf89d7113c6d5/element/f.53561D77C6482DD9DDA73AB31B5C064E.d.D232211E5B593028BA9FDD9EE5CE0438.e.5102/elements - {"using":"css selector","value":"td"}
RESULT: {"using":"css selector","value":"td"}
COMMAND: POST /session/adf199ce321191b0d42bf89d7113c6d5/element/f.53561D77C6482DD9DDA73AB31B5C064E.d.D232211E5B593028BA9FDD9EE5CE0438.e.5103/elements - {"using":"css selector","value":"td"}
RESULT: {"using":"css selector","value":"td"}
COMMAND: POST /session/adf199ce321191b0d42bf89d7113c6d5/element/f.53561D77C6482DD9DDA73AB31B5C064E.d.D232211E5B593028BA9FDD9EE5CE0438.e.5104/elements - {"using":"css selector","value":"td"}
RESULT: {"using":"css selector","value":"td"}
COMMAND: POST /session/adf199ce321191b0d42bf89d7113c6d5/element/f.53561D77C6482DD9DDA73AB31B5C064E.d.D232211E5B593028BA9FDD9EE5CE0438.e.5105/elements - {"using":"css selector","value":"td"}
RESULT: {"using":"css selector","value":"td"}
COMMAND: POST /session/adf199ce321191b0d42bf89d7113c6d5/element/f.53561D77C6482DD9DDA73AB31B5C064E.d.D232211E5B593028BA9FDD9EE5CE0438.e.5106/elements - {"using":"css selector","value":"td"}
RESULT: {"using":"css selector","value":"td"}
COMMAND: POST /session/adf199ce321191b0d42bf89d7113c6d5/element/f.53561D77C6482DD9DDA73AB31B5C064E.d.D232211E5B593028BA9FDD9EE5CE0438.e.5107/elements - {"using":"css selector","value":"td"}
RESULT: {"using":"css selector","value":"td"}
COMMAND: POST /session/adf199ce321191b0d42bf89d7113c6d5/element/f.53561D77C6482DD9DDA73AB31B5C064E.d.D232211E5B593028BA9FDD9EE5CE0438.e.5108/elements - {"using":"css selector","value":"td"}
RESULT: {"using":"css selector","value":"td"}
COMMAND: POST /session/adf199ce321191b0d42bf89d7113c6d5/element/f.53561D77C6482DD9DDA73AB31B5C064E.d.D232211E5B593028BA9FDD9EE5CE0438.e.5109/elements - {"using":"css selector","value":"td"}
RESULT: {"using":"css selector","value":"td"}
COMMAND: POST /session/adf199ce321191b0d42bf89d7113c6d5/element/f.53561D77C6482DD9DDA73AB31B5C064E.d.D232211E5B593028BA9FDD9EE5CE0438.e.5110/elements - {"using":"css selector","value":"td"}
RESULT: {"using":"css selector","value":"td"}
COMMAND: POST /session/adf199ce321191b0d42bf89d7113c6d5/element/f.53561D77C6482DD9DDA73AB31B5C064E.d.D232211E5B593028BA9FDD9EE5CE0438.e.5111/elements - {"using":"css selector","value":"td"}
RESULT: {"using":"css selector","value":"td"}
COMMAND: POST /session/adf199ce321191b0d42bf89d7113c6d5/element/f.53561D77C6482DD9DDA73AB31B5C064E.d.D232211E5B593028BA9FDD9EE5CE0438.e.5112/elements - {"using":"css selector","value":"td"}
RESULT: {"using":"css selector","value":"td"}
COMMAND: POST /session/adf199ce321191b0d42bf89d7113c6d5/element/f.53561D77C6482DD9DDA73AB31B5C064E.d.D232211E5B593028BA9FDD9EE5CE0438.e.5113/elements - {"using":"css selector","value":"td"}
RESULT: {"using":"css selector","value":"td"}
COMMAND: POST /session/adf199ce321191b0d42bf89d7113c6d5/element/f.53561D77C6482DD9DDA73AB31B5C064E.d.D232211E5B593028BA9FDD9EE5CE0438.e.5114/elements - {"using":"css selector","value":"td"}
RESULT: {"using":"css selector","value":"td"}
COMMAND: POST /session/adf199ce321191b0d42bf89d7113c6d5/element/f.53561D77C6482DD9DDA73AB31B5C064E.d.D232211E5B593028BA9FDD9EE5CE0438.e.5115/elements - {"using":"css selector","value":"td"}
RESULT: {"using":"css selector","value":"td"}
COMMAND: POST /session/adf199ce321191b0d42bf89d7113c6d5/element/f.53561D77C6482DD9DDA73AB31B5C064E.d.D232211E5B593028BA9FDD9EE5CE0438.e.5116/elements - {"using":"css selector","value":"td"}
RESULT: {"using":"css selector","value":"td"}
COMMAND: POST /session/adf199ce321191b0d42bf89d7113c6d5/element/f.53561D77C6482DD9DDA73AB31B5C064E.d.D232211E5B593028BA9FDD9EE5CE0438.e.5117/elements - {"using":"css selector","value":"td"}
RESULT: {"using":"css selector","value":"td"}
COMMAND: POST /session/adf199ce321191b0d42bf89d7113c6d5/element/f.53561D77C6482DD9DDA73AB31B5C064E.d.D232211E5B593028BA9FDD9EE5CE0438.e.5118/elements - {"using":"css selector","value":"td"}
RESULT: {"using":"css selector","value":"td"}
COMMAND: POST /session/adf199ce321191b0d42bf89d7113c6d5/element/f.53561D77C6482DD9DDA73AB31B5C064E.d.D232211E5B593028BA9FDD9EE5CE0438.e.5119/elements - {"using":"css selector","value":"td"}
RESULT: {"using":"css selector","value":"td"}
COMMAND: POST /session/adf199ce321191b0d42bf89d7113c6d5/element/f.53561D77C6482DD9DDA73AB31B5C064E.d.D232211E5B593028BA9FDD9EE5CE0438.e.5120/elements - {"using":"css selector","value":"td"}
RESULT: {"using":"css selector","value":"td"}
COMMAND: POST /session/adf199ce321191b0d42bf89d7113c6d5/element/f.53561D77C6482DD9DDA73AB31B5C064E.d.D232211E5B593028BA9FDD9EE5CE0438.e.5121/elements - {"using":"css selector","value":"td"}
RESULT: {"using":"css selector","value":"td"}
COMMAND: POST /session/adf199ce321191b0d42bf89d7113c6d5/element/f.53561D77C6482DD9DDA73AB31B5C064E.d.D232211E5B593028BA9FDD9EE5CE0438.e.5122/elements - {"using":"css selector","value":"td"}
RESULT: {"using":"css selector","value":"td"}
COMMAND: POST /session/adf199ce321191b0d42bf89d7113c6d5/element/f.53561D77C6482DD9DDA73AB31B5C064E.d.D232211E5B593028BA9FDD9EE5CE0438.e.5123/elements - {"using":"css selector","value":"td"}
RESULT: {"using":"css selector","value":"td"}
COMMAND: POST /session/adf199ce321191b0d42bf89d7113c6d5/element/f.53561D77C6482DD9DDA73AB31B5C064E.d.D232211E5B593028BA9FDD9EE5CE0438.e.5124/elements - {"using":"css selector","value":"td"}
RESULT: {"using":"css selector","value":"td"}
COMMAND: POST /session/adf199ce321191b0d42bf89d7113c6d5/element/f.53561D77C6482DD9DDA73AB31B5C064E.d.D232211E5B593028BA9FDD9EE5CE0438.e.5125/elements - {"using":"css selector","value":"td"}
RESULT: {"using":"css selector","value":"td"}
COMMAND: POST /session/adf199ce321191b0d42bf89d7113c6d5/element/f.53561D77C6482DD9DDA73AB31B5C064E.d.D232211E5B593028BA9FDD9EE5CE0438.e.5126/elements - {"using":"css selector","value":"td"}
RESULT: {"using":"css selector","value":"td"}
COMMAND: POST /session/adf199ce321191b0d42bf89d7113c6d5/element/f.53561D77C6482DD9DDA73AB31B5C064E.d.D232211E5B593028BA9FDD9EE5CE0438.e.5127/elements - {"using":"css selector","value":"td"}
RESULT: {"using":"css selector","value":"td"}
COMMAND: POST /session/adf199ce321191b0d42bf89d7113c6d5/element/f.53561D77C6482DD9DDA73AB31B5C064E.d.D232211E5B593028BA9FDD9EE5CE0438.e.5128/elements - {"using":"css selector","value":"td"}
RESULT: {"using":"css selector","value":"td"}
COMMAND: POST /session/adf199ce321191b0d42bf89d7113c6d5/element/f.53561D77C6482DD9DDA73AB31B5C064E.d.D232211E5B593028BA9FDD9EE5CE0438.e.5129/elements - {"using":"css selector","value":"td"}
RESULT: {"using":"css selector","value":"td"}
COMMAND: POST /session/adf199ce321191b0d42bf89d7113c6d5/element/f.53561D77C6482DD9DDA73AB31B5C064E.d.D232211E5B593028BA9FDD9EE5CE0438.e.5130/elements - {"using":"css selector","value":"td"}
RESULT: {"using":"css selector","value":"td"}
COMMAND: POST /session/adf199ce321191b0d42bf89d7113c6d5/element/f.53561D77C6482DD9DDA73AB31B5C064E.d.D232211E5B593028BA9FDD9EE5CE0438.e.5131/elements - {"using":"css selector","value":"td"}
RESULT: {"using":"css selector","value":"td"}
COMMAND: POST /session/adf199ce321191b0d42bf89d7113c6d5/element/f.53561D77C6482DD9DDA73AB31B5C064E.d.D232211E5B593028BA9FDD9EE5CE0438.e.5132/elements - {"using":"css selector","value":"td"}
RESULT: {"using":"css selector","value":"td"}
COMMAND: POST /session/adf199ce321191b0d42bf89d7113c6d5/element/f.53561D77C6482DD9DDA73AB31B5C064E.d.D232211E5B593028BA9FDD9EE5CE0438.e.5133/elements - {"using":"css selector","value":"td"}
RESULT: {"using":"css selector","value":"td"}
COMMAND: POST /session/adf199ce321191b0d42bf89d7113c6d5/element/f.53561D77C6482DD9DDA73AB31B5C064E.d.D232211E5B593028BA9FDD9EE5CE0438.e.5134/elements - {"using":"css selector","value":"td"}
RESULT: {"using":"css selector","value":"td"}
COMMAND: POST /session/adf199ce321191b0d42bf89d7113c6d5/element/f.53561D77C6482DD9DDA73AB31B5C064E.d.D232211E5B593028BA9FDD9EE5CE0438.e.5135/elements - {"using":"css selector","value":"td"}
RESULT: {"using":"css selector","value":"td"}
COMMAND: POST /session/adf199ce321191b0d42bf89d7113c6d5/element/f.53561D77C6482DD9DDA73AB31B5C064E.d.D232211E5B593028BA9FDD9EE5CE0438.e.5136/elements - {"using":"css selector","value":"td"}
RESULT: {"using":"css selector","value":"td"}
COMMAND: POST /session/adf199ce321191b0d42bf89d7113c6d5/element/f.53561D77C6482DD9DDA73AB31B5C064E.d.D232211E5B593028BA9FDD9EE5CE0438.e.5137/elements - {"using":"css selector","value":"td"}
RESULT: {"using":"css selector","value":"td"}
COMMAND: POST /session/adf199ce321191b0d42bf89d7113c6d5/element/f.53561D77C6482DD9DDA73AB31B5C064E.d.D232211E5B593028BA9FDD9EE5CE0438.e.5138/elements - {"using":"css selector","value":"td"}
RESULT: {"using":"css selector","value":"td"}
COMMAND: POST /session/adf199ce321191b0d42bf89d7113c6d5/element/f.53561D77C6482DD9DDA73AB31B5C064E.d.D232211E5B593028BA9FDD9EE5CE0438.e.5139/elements - {"using":"css selector","value":"td"}
RESULT: {"using":"css selector","value":"td"}
COMMAND: POST /session/adf199ce321191b0d42bf89d7113c6d5/element/f.53561D77C6482DD9DDA73AB31B5C064E.d.D232211E5B593028BA9FDD9EE5CE0438.e.5140/elements - {"using":"css selector","value":"td"}
RESULT: {"using":"css selector","value":"td"}
COMMAND: POST /session/adf199ce321191b0d42bf89d7113c6d5/element/f.53561D77C6482DD9DDA73AB31B5C064E.d.D232211E5B593028BA9FDD9EE5CE0438.e.5141/elements - {"using":"css selector","value":"td"}
RESULT: {"using":"css selector","value":"td"}
COMMAND: POST /session/adf199ce321191b0d42bf89d7113c6d5/element/f.53561D77C6482DD9DDA73AB31B5C064E.d.D232211E5B593028BA9FDD9EE5CE0438.e.5142/elements - {"using":"css selector","value":"td"}
RESULT: {"using":"css selector","value":"td"}
COMMAND: POST /session/adf199ce321191b0d42bf89d7113c6d5/element/f.53561D77C6482DD9DDA73AB31B5C064E.d.D232211E5B593028BA9FDD9EE5CE0438.e.5143/elements - {"using":"css selector","value":"td"}
RESULT: {"using":"css selector","value":"td"}
COMMAND: POST /session/adf199ce321191b0d42bf89d7113c6d5/element/f.53561D77C6482DD9DDA73AB31B5C064E.d.D232211E5B593028BA9FDD9EE5CE0438.e.5144/elements - {"using":"css selector","value":"td"}
RESULT: {"using":"css selector","value":"td"}
COMMAND: POST /session/adf199ce321191b0d42bf89d7113c6d5/element/f.53561D77C6482DD9DDA73AB31B5C064E.d.D232211E5B593028BA9FDD9EE5CE0438.e.5145/elements - {"using":"css selector","value":"td"}
RESULT: {"using":"css selector","value":"td"}
COMMAND: POST /session/adf199ce321191b0d42bf89d7113c6d5/element/f.53561D77C6482DD9DDA73AB31B5C064E.d.D232211E5B593028BA9FDD9EE5CE0438.e.5146/elements - {"using":"css selector","value":"td"}
RESULT: {"using":"css selector","value":"td"}
COMMAND: POST /session/adf199ce321191b0d42bf89d7113c6d5/element/f.53561D77C6482DD9DDA73AB31B5C064E.d.D232211E5B593028BA9FDD9EE5CE0438.e.6246/element - {"using":"css selector","value":"input"}
RESULT: {"using":"css selector","value":"input"}
COMMAND: GET /session/adf199ce321191b0d42bf89d7113c6d5/element/f.53561D77C6482DD9DDA73AB31B5C064E.d.D232211E5B593028BA9FDD9EE5CE0438.e.4929/property/value - {}
RESULT: {}
COMMAND: GET /session/adf199ce321191b0d42bf89d7113c6d5/screenshot - {}
COMMAND: POST /session/adf199ce321191b0d42bf89d7113c6d5/element - {"using":"css selector","value":"#j_username"}
COMMAND: POST /session/adf199ce321191b0d42bf89d7113c6d5/url - {"url":"https://qa-testing-00-live-etm-ui.cfapps.eu10-004.hana.ondemand.com/"}
RESULT: {}
RESULT: {"using":"css selector","value":"#j_username"}
COMMAND: POST /session/adf199ce321191b0d42bf89d7113c6d5/element - {"using":"css selector","value":"#j_username"}
RESULT: {"url":"https://qa-testing-00-live-etm-ui.cfapps.eu10-004.hana.ondemand.com/"}
RESULT: undefined
COMMAND: GET /session/adf199ce321191b0d42bf89d7113c6d5/screenshot - {}
RESULT: {"using":"css selector","value":"#j_username"}
COMMAND: POST /session/adf199ce321191b0d42bf89d7113c6d5/element - {"using":"css selector","value":"#shell-header-logo"}
RESULT: {}
RESULT: {"using":"css selector","value":"#shell-header-logo"}
COMMAND: POST /session/adf199ce321191b0d42bf89d7113c6d5/execute/sync - {"script":"<script> [8489 bytes]","args":[{"element-6066-11e4-a52e-4f735466cecf":"f.53561D77C6482DD9DDA73AB31B5C064E.d.8DFDA2934C87DBE8A259680796EF978C.e.6283","ELEMENT":"f.53561D77C6482DD9DDA73AB31B5C064E.d.8DFDA2934C87DBE8A259680796EF978C.e.6283"}]}
RESULT: {"script":"<script> [8489 bytes]","args":[{"element-6066-11e4-a52e-4f735466cecf":"f.53561D77C6482DD9DDA73AB31B5C064E.d.8DFDA2934C87DBE8A259680796EF978C.e.6283","ELEMENT":"f.53561D77C6482DD9DDA73AB31B5C064E.d.8DFDA2934C87DBE8A259680796EF978C.e.6283"}]}
COMMAND: POST /session/adf199ce321191b0d42bf89d7113c6d5/element - {"using":"css selector","value":"#shell-header-logo"}
COMMAND: GET /session/adf199ce321191b0d42bf89d7113c6d5/screenshot - {}
RESULT: {"using":"css selector","value":"#shell-header-logo"}
COMMAND: POST /session/adf199ce321191b0d42bf89d7113c6d5/execute/sync - {"script":"<script> [8489 bytes]","args":[{"element-6066-11e4-a52e-4f735466cecf":"f.53561D77C6482DD9DDA73AB31B5C064E.d.8DFDA2934C87DBE8A259680796EF978C.e.6283","ELEMENT":"f.53561D77C6482DD9DDA73AB31B5C064E.d.8DFDA2934C87DBE8A259680796EF978C.e.6283"}]}
RESULT: {}
RESULT: {"script":"<script> [8489 bytes]","args":[{"element-6066-11e4-a52e-4f735466cecf":"f.53561D77C6482DD9DDA73AB31B5C064E.d.8DFDA2934C87DBE8A259680796EF978C.e.6283","ELEMENT":"f.53561D77C6482DD9DDA73AB31B5C064E.d.8DFDA2934C87DBE8A259680796EF978C.e.6283"}]}
COMMAND: POST /session/adf199ce321191b0d42bf89d7113c6d5/execute/sync - {"script":"<script> [5351 bytes]","args":[{"element-6066-11e4-a52e-4f735466cecf":"f.53561D77C6482DD9DDA73AB31B5C064E.d.8DFDA2934C87DBE8A259680796EF978C.e.6283","ELEMENT":"f.53561D77C6482DD9DDA73AB31B5C064E.d.8DFDA2934C87DBE8A259680796EF978C.e.6283"}]}
COMMAND: GET /session/adf199ce321191b0d42bf89d7113c6d5/screenshot - {}
RESULT: {"script":"<script> [5351 bytes]","args":[{"element-6066-11e4-a52e-4f735466cecf":"f.53561D77C6482DD9DDA73AB31B5C064E.d.8DFDA2934C87DBE8A259680796EF978C.e.6283","ELEMENT":"f.53561D77C6482DD9DDA73AB31B5C064E.d.8DFDA2934C87DBE8A259680796EF978C.e.6283"}]}
COMMAND: POST /session/adf199ce321191b0d42bf89d7113c6d5/element - {"using":"css selector","value":"#shell-header-logo"}
COMMAND: GET /session/adf199ce321191b0d42bf89d7113c6d5/screenshot - {}
RESULT: {}
RESULT: {"using":"css selector","value":"#shell-header-logo"}
COMMAND: POST /session/adf199ce321191b0d42bf89d7113c6d5/element/f.53561D77C6482DD9DDA73AB31B5C064E.d.8DFDA2934C87DBE8A259680796EF978C.e.6283/click - {}
RESULT: {}
RESULT: {}
COMMAND: GET /session/adf199ce321191b0d42bf89d7113c6d5/screenshot - {}
RESULT: {}
COMMAND: POST /session/adf199ce321191b0d42bf89d7113c6d5/execute/async - {"script":"<script> [189 bytes]","args":[]}
RESULT: {"script":"<script> [189 bytes]","args":[]}
COMMAND: POST /session/adf199ce321191b0d42bf89d7113c6d5/execute/async - {"script":"<script> [123 bytes]","args":[]}
RESULT: {"script":"<script> [123 bytes]","args":[]}
COMMAND: POST /session/adf199ce321191b0d42bf89d7113c6d5/timeouts - {"script":"<number>"}
RESULT: {"script":"<number>"}
COMMAND: GET /session/adf199ce321191b0d42bf89d7113c6d5/timeouts - {}
RESULT: {}
RESULT: undefined
COMMAND: POST /session/adf199ce321191b0d42bf89d7113c6d5/execute/async - {"script":"<script> [2676 bytes]","args":[]}
RESULT: {"script":"<script> [2676 bytes]","args":[]}
COMMAND: POST /session/adf199ce321191b0d42bf89d7113c6d5/execute/async - {"script":"<script> [2342 bytes]","args":[{"protocol":"http","hostname":"0.0.0.0","path":"/","capabilities":{"browserName":"chrome","goog:chromeOptions":{"binary":"C:\\Program Files\\Google\\Chrome\\Application\\chrome.exe","args":["--start-maximized"]}},"logLevel":"warn","connectionRetryTimeout":120000,"connectionRetryCount":3,"logLevels":{},"enableDirectConnect":true,"strictSSL":true,"_":"65 more keys: [\"cacheDir\",\"port\",\"requestedCapabilities\",\"automationProtocol\",\"baseUrl\",\"waitforInterval\",\"waitforTimeout\",\"onReload\",\"beforeCommand\",\"afterCommand\",\"rootDir\",\"specs\",\"suites\",\"exclude\",\"groupLogsByTestSpec\",\"excludeDriverLogs\",\"bail\",\"framework\",\"reporters\",\"services\",\"maxInstances\",\"maxInstancesPerCapability\",\"injectGlobals\",\"filesToWatch\",\"execArgv\",\"runnerEnv\",\"runner\",\"shard\",\"specFileRetries\",\"specFileRetriesDelay\",\"specFileRetriesDeferred\",\"reporterSyncInterval\",\"reporterSyncTimeout\",\"cucumberFeaturesWithLineNumbers\",\"autoCompileOpts\",\"mochaOpts\",\"jasmineOpts\",\"cucumberOpts\",\"onPrepare\",\"onWorkerStart\",\"onWorkerEnd\",\"before\",\"beforeSession\",\"beforeSuite\",\"beforeHook\",\"beforeTest\",\"afterTest\",\"afterHook\",\"afterSuite\",\"afterSession\",\"after\",\"onComplete\",\"beforeAssertion\",\"afterAssertion\",\"beforeFeature\",\"beforeScenario\",\"beforeStep\",\"afterStep\",\"afterScenario\",\"afterFeature\",\"_\",\"suite\",\"$0\",\"ignoredWorkerServices\",\"wdi5\"]"}]}
RESULT: {"script":"<script> [2342 bytes]","args":[{"protocol":"http","hostname":"0.0.0.0","path":"/","capabilities":{"browserName":"chrome","goog:chromeOptions":{"binary":"C:\\Program Files\\Google\\Chrome\\Application\\chrome.exe","args":["--start-maximized"]}},"logLevel":"warn","connectionRetryTimeout":120000,"connectionRetryCount":3,"logLevels":{},"enableDirectConnect":true,"strictSSL":true,"_":"65 more keys: [\"cacheDir\",\"port\",\"requestedCapabilities\",\"automationProtocol\",\"baseUrl\",\"waitforInterval\",\"waitforTimeout\",\"onReload\",\"beforeCommand\",\"afterCommand\",\"rootDir\",\"specs\",\"suites\",\"exclude\",\"groupLogsByTestSpec\",\"excludeDriverLogs\",\"bail\",\"framework\",\"reporters\",\"services\",\"maxInstances\",\"maxInstancesPerCapability\",\"injectGlobals\",\"filesToWatch\",\"execArgv\",\"runnerEnv\",\"runner\",\"shard\",\"specFileRetries\",\"specFileRetriesDelay\",\"specFileRetriesDeferred\",\"reporterSyncInterval\",\"reporterSyncTimeout\",\"cucumberFeaturesWithLineNumbers\",\"autoCompileOpts\",\"mochaOpts\",\"jasmineOpts\",\"cucumberOpts\",\"onPrepare\",\"onWorkerStart\",\"onWorkerEnd\",\"before\",\"beforeSession\",\"beforeSuite\",\"beforeHook\",\"beforeTest\",\"afterTest\",\"afterHook\",\"afterSuite\",\"afterSession\",\"after\",\"onComplete\",\"beforeAssertion\",\"afterAssertion\",\"beforeFeature\",\"beforeScenario\",\"beforeStep\",\"afterStep\",\"afterScenario\",\"afterFeature\",\"_\",\"suite\",\"$0\",\"ignoredWorkerServices\",\"wdi5\"]"}]}
COMMAND: POST /session/adf199ce321191b0d42bf89d7113c6d5/execute/async - {"script":"<script> [21126 bytes]","args":[35000]}
RESULT: {"script":"<script> [21126 bytes]","args":[35000]}
COMMAND: POST /session/adf199ce321191b0d42bf89d7113c6d5/window/maximize - {}
RESULT: {}
COMMAND: POST /session/adf199ce321191b0d42bf89d7113c6d5/execute/async - {"script":"<script> [1562 bytes]","args":[{"selector":{"id":"shell-header","interaction":{"idSuffix":"icon"}},"wdio_ui5_key":"shellheader"}]}
COMMAND: GET /session/adf199ce321191b0d42bf89d7113c6d5/screenshot - {}
RESULT: {"script":"<script> [1562 bytes]","args":[{"selector":{"id":"shell-header","interaction":{"idSuffix":"icon"}},"wdio_ui5_key":"shellheader"}]}
RESULT: undefined
COMMAND: POST /session/adf199ce321191b0d42bf89d7113c6d5/refresh - {}
RESULT: {}
RESULT: {}
COMMAND: GET /session/adf199ce321191b0d42bf89d7113c6d5/screenshot - {}
RESULT: {}
COMMAND: POST /session/adf199ce321191b0d42bf89d7113c6d5/refresh - {}
RESULT: {}
COMMAND: GET /session/adf199ce321191b0d42bf89d7113c6d5/screenshot - {}
RESULT: {}
COMMAND: POST /session/adf199ce321191b0d42bf89d7113c6d5/window/fullscreen - {}
RESULT: {}
COMMAND: POST /session/adf199ce321191b0d42bf89d7113c6d5/execute/async - {"script":"<script> [189 bytes]","args":[]}
RESULT: {"script":"<script> [189 bytes]","args":[]}
COMMAND: POST /session/adf199ce321191b0d42bf89d7113c6d5/execute/async - {"script":"<script> [123 bytes]","args":[]}
RESULT: {"script":"<script> [123 bytes]","args":[]}
COMMAND: POST /session/adf199ce321191b0d42bf89d7113c6d5/timeouts - {"script":"<number>"}
RESULT: {"script":"<number>"}
COMMAND: GET /session/adf199ce321191b0d42bf89d7113c6d5/timeouts - {}
RESULT: {}
RESULT: undefined
COMMAND: POST /session/adf199ce321191b0d42bf89d7113c6d5/execute/async - {"script":"<script> [2676 bytes]","args":[]}
RESULT: {"script":"<script> [2676 bytes]","args":[]}
COMMAND: POST /session/adf199ce321191b0d42bf89d7113c6d5/execute/async - {"script":"<script> [2342 bytes]","args":[{"protocol":"http","hostname":"0.0.0.0","path":"/","capabilities":{"browserName":"chrome","goog:chromeOptions":{"binary":"C:\\Program Files\\Google\\Chrome\\Application\\chrome.exe","args":["--start-maximized"]}},"logLevel":"warn","connectionRetryTimeout":120000,"connectionRetryCount":3,"logLevels":{},"enableDirectConnect":true,"strictSSL":true,"_":"65 more keys: [\"cacheDir\",\"port\",\"requestedCapabilities\",\"automationProtocol\",\"baseUrl\",\"waitforInterval\",\"waitforTimeout\",\"onReload\",\"beforeCommand\",\"afterCommand\",\"rootDir\",\"specs\",\"suites\",\"exclude\",\"groupLogsByTestSpec\",\"excludeDriverLogs\",\"bail\",\"framework\",\"reporters\",\"services\",\"maxInstances\",\"maxInstancesPerCapability\",\"injectGlobals\",\"filesToWatch\",\"execArgv\",\"runnerEnv\",\"runner\",\"shard\",\"specFileRetries\",\"specFileRetriesDelay\",\"specFileRetriesDeferred\",\"reporterSyncInterval\",\"reporterSyncTimeout\",\"cucumberFeaturesWithLineNumbers\",\"autoCompileOpts\",\"mochaOpts\",\"jasmineOpts\",\"cucumberOpts\",\"onPrepare\",\"onWorkerStart\",\"onWorkerEnd\",\"before\",\"beforeSession\",\"beforeSuite\",\"beforeHook\",\"beforeTest\",\"afterTest\",\"afterHook\",\"afterSuite\",\"afterSession\",\"after\",\"onComplete\",\"beforeAssertion\",\"afterAssertion\",\"beforeFeature\",\"beforeScenario\",\"beforeStep\",\"afterStep\",\"afterScenario\",\"afterFeature\",\"_\",\"suite\",\"$0\",\"ignoredWorkerServices\",\"wdi5\"]"}]}
RESULT: {"script":"<script> [2342 bytes]","args":[{"protocol":"http","hostname":"0.0.0.0","path":"/","capabilities":{"browserName":"chrome","goog:chromeOptions":{"binary":"C:\\Program Files\\Google\\Chrome\\Application\\chrome.exe","args":["--start-maximized"]}},"logLevel":"warn","connectionRetryTimeout":120000,"connectionRetryCount":3,"logLevels":{},"enableDirectConnect":true,"strictSSL":true,"_":"65 more keys: [\"cacheDir\",\"port\",\"requestedCapabilities\",\"automationProtocol\",\"baseUrl\",\"waitforInterval\",\"waitforTimeout\",\"onReload\",\"beforeCommand\",\"afterCommand\",\"rootDir\",\"specs\",\"suites\",\"exclude\",\"groupLogsByTestSpec\",\"excludeDriverLogs\",\"bail\",\"framework\",\"reporters\",\"services\",\"maxInstances\",\"maxInstancesPerCapability\",\"injectGlobals\",\"filesToWatch\",\"execArgv\",\"runnerEnv\",\"runner\",\"shard\",\"specFileRetries\",\"specFileRetriesDelay\",\"specFileRetriesDeferred\",\"reporterSyncInterval\",\"reporterSyncTimeout\",\"cucumberFeaturesWithLineNumbers\",\"autoCompileOpts\",\"mochaOpts\",\"jasmineOpts\",\"cucumberOpts\",\"onPrepare\",\"onWorkerStart\",\"onWorkerEnd\",\"before\",\"beforeSession\",\"beforeSuite\",\"beforeHook\",\"beforeTest\",\"afterTest\",\"afterHook\",\"afterSuite\",\"afterSession\",\"after\",\"onComplete\",\"beforeAssertion\",\"afterAssertion\",\"beforeFeature\",\"beforeScenario\",\"beforeStep\",\"afterStep\",\"afterScenario\",\"afterFeature\",\"_\",\"suite\",\"$0\",\"ignoredWorkerServices\",\"wdi5\"]"}]}
COMMAND: POST /session/adf199ce321191b0d42bf89d7113c6d5/execute/async - {"script":"<script> [21126 bytes]","args":[35000]}
RESULT: {"script":"<script> [21126 bytes]","args":[35000]}
]]></system-out>
    </testcase>
  </testsuite>
  <testsuite timestamp="2025-04-23T06:53:59" time="446.497" tests="9" failures="0" errors="0" skipped="0">
    <properties>
      <property name="specId" value="0"/>
      <property name="suiteName" value="US134625 Set up price condition - one time"/>
      <property name="capabilities" value="chrome.135_0_7049_42.windows"/>
      <property name="file" value="file:///D:/a/1/s/test/specs/BTS/set-up-price-condition-one-time.spec.js"/>
    </properties>
    <testcase classname="chrome.135_0_7049_42.windows.US134625_Set_up_price_condition_-_one_time" name="Should create a new yard used for all following tests" time="0.018">
      <system-out><![CDATA[
COMMAND: POST /session/adf199ce321191b0d42bf89d7113c6d5/window/fullscreen - {}
RESULT: {}
]]></system-out>
    </testcase>
    <testcase classname="chrome.135_0_7049_42.windows.US134625_Set_up_price_condition_-_one_time" name="Should create a new partner" time="0.006"/>
    <testcase classname="chrome.135_0_7049_42.windows.US134625_Set_up_price_condition_-_one_time" name="Should create a new site used for following tests" time="0.007"/>
    <testcase classname="chrome.135_0_7049_42.windows.US134625_Set_up_price_condition_-_one_time" name="Should create a new material for billing type one time" time="111.879">
      <system-out><![CDATA[
COMMAND: POST /session/adf199ce321191b0d42bf89d7113c6d5/execute/async - {"script":"<script> [1562 bytes]","args":[{"selector":{"controlType":"sap.m.GenericTile","properties":{"header":"Manage Resources"}},"wdio_ui5_key":"sapm.GenericTile{\"header\":\"Manage Resources\"}"}]}
RESULT: {"script":"<script> [1562 bytes]","args":[{"selector":{"controlType":"sap.m.GenericTile","properties":{"header":"Manage Resources"}},"wdio_ui5_key":"sapm.GenericTile{\"header\":\"Manage Resources\"}"}]}
RESULT: undefined
COMMAND: POST /session/adf199ce321191b0d42bf89d7113c6d5/element - {"using":"xpath","value":"//*[@id=\"__tile39\"]"}
RESULT: {"using":"xpath","value":"//*[@id=\"__tile39\"]"}
COMMAND: POST /session/adf199ce321191b0d42bf89d7113c6d5/element/f.53561D77C6482DD9DDA73AB31B5C064E.d.A92D9D1F1F4EAD63911127BA18DE5F2B.e.6439/click - {}
RESULT: {}
COMMAND: POST /session/adf199ce321191b0d42bf89d7113c6d5/element - {"using":"xpath","value":"//button[@data-kt=\"addNewRUOverflowToolbarButton\"]"}
COMMAND: GET /session/adf199ce321191b0d42bf89d7113c6d5/screenshot - {}
RESULT: {"using":"xpath","value":"//button[@data-kt=\"addNewRUOverflowToolbarButton\"]"}
COMMAND: POST /session/adf199ce321191b0d42bf89d7113c6d5/elements - {"using":"xpath","value":"//button[@data-kt=\"addNewRUOverflowToolbarButton\"]"}
RESULT: {}
RESULT: {"using":"xpath","value":"//button[@data-kt=\"addNewRUOverflowToolbarButton\"]"}
COMMAND: POST /session/adf199ce321191b0d42bf89d7113c6d5/elements - {"using":"xpath","value":"//button[@data-kt=\"addNewRUOverflowToolbarButton\"]"}
RESULT: {"using":"xpath","value":"//button[@data-kt=\"addNewRUOverflowToolbarButton\"]"}
COMMAND: POST /session/adf199ce321191b0d42bf89d7113c6d5/elements - {"using":"xpath","value":"//button[@data-kt=\"addNewRUOverflowToolbarButton\"]"}
RESULT: {"using":"xpath","value":"//button[@data-kt=\"addNewRUOverflowToolbarButton\"]"}
RESULT: undefined
RESULT: undefined
COMMAND: POST /session/adf199ce321191b0d42bf89d7113c6d5/elements - {"using":"xpath","value":"//button[@data-kt=\"addNewRUOverflowToolbarButton\"]"}
RESULT: {"using":"xpath","value":"//button[@data-kt=\"addNewRUOverflowToolbarButton\"]"}
COMMAND: POST /session/adf199ce321191b0d42bf89d7113c6d5/elements - {"using":"xpath","value":"//button[@data-kt=\"addNewRUOverflowToolbarButton\"]"}
RESULT: {"using":"xpath","value":"//button[@data-kt=\"addNewRUOverflowToolbarButton\"]"}
COMMAND: POST /session/adf199ce321191b0d42bf89d7113c6d5/elements - {"using":"xpath","value":"//button[@data-kt=\"addNewRUOverflowToolbarButton\"]"}
RESULT: {"using":"xpath","value":"//button[@data-kt=\"addNewRUOverflowToolbarButton\"]"}
COMMAND: POST /session/adf199ce321191b0d42bf89d7113c6d5/elements - {"using":"xpath","value":"//button[@data-kt=\"addNewRUOverflowToolbarButton\"]"}
RESULT: {"using":"xpath","value":"//button[@data-kt=\"addNewRUOverflowToolbarButton\"]"}
COMMAND: POST /session/adf199ce321191b0d42bf89d7113c6d5/elements - {"using":"xpath","value":"//button[@data-kt=\"addNewRUOverflowToolbarButton\"]"}
RESULT: {"using":"xpath","value":"//button[@data-kt=\"addNewRUOverflowToolbarButton\"]"}
COMMAND: POST /session/adf199ce321191b0d42bf89d7113c6d5/elements - {"using":"xpath","value":"//button[@data-kt=\"addNewRUOverflowToolbarButton\"]"}
RESULT: {"using":"xpath","value":"//button[@data-kt=\"addNewRUOverflowToolbarButton\"]"}
COMMAND: POST /session/adf199ce321191b0d42bf89d7113c6d5/elements - {"using":"xpath","value":"//button[@data-kt=\"addNewRUOverflowToolbarButton\"]"}
RESULT: {"using":"xpath","value":"//button[@data-kt=\"addNewRUOverflowToolbarButton\"]"}
COMMAND: POST /session/adf199ce321191b0d42bf89d7113c6d5/elements - {"using":"xpath","value":"//button[@data-kt=\"addNewRUOverflowToolbarButton\"]"}
RESULT: {"using":"xpath","value":"//button[@data-kt=\"addNewRUOverflowToolbarButton\"]"}
COMMAND: POST /session/adf199ce321191b0d42bf89d7113c6d5/elements - {"using":"xpath","value":"//button[@data-kt=\"addNewRUOverflowToolbarButton\"]"}
RESULT: {"using":"xpath","value":"//button[@data-kt=\"addNewRUOverflowToolbarButton\"]"}
COMMAND: POST /session/adf199ce321191b0d42bf89d7113c6d5/elements - {"using":"xpath","value":"//button[@data-kt=\"addNewRUOverflowToolbarButton\"]"}
RESULT: {"using":"xpath","value":"//button[@data-kt=\"addNewRUOverflowToolbarButton\"]"}
COMMAND: POST /session/adf199ce321191b0d42bf89d7113c6d5/elements - {"using":"xpath","value":"//button[@data-kt=\"addNewRUOverflowToolbarButton\"]"}
RESULT: {"using":"xpath","value":"//button[@data-kt=\"addNewRUOverflowToolbarButton\"]"}
COMMAND: POST /session/adf199ce321191b0d42bf89d7113c6d5/elements - {"using":"xpath","value":"//button[@data-kt=\"addNewRUOverflowToolbarButton\"]"}
RESULT: {"using":"xpath","value":"//button[@data-kt=\"addNewRUOverflowToolbarButton\"]"}
COMMAND: POST /session/adf199ce321191b0d42bf89d7113c6d5/elements - {"using":"xpath","value":"//button[@data-kt=\"addNewRUOverflowToolbarButton\"]"}
RESULT: {"using":"xpath","value":"//button[@data-kt=\"addNewRUOverflowToolbarButton\"]"}
COMMAND: POST /session/adf199ce321191b0d42bf89d7113c6d5/elements - {"using":"xpath","value":"//button[@data-kt=\"addNewRUOverflowToolbarButton\"]"}
RESULT: {"using":"xpath","value":"//button[@data-kt=\"addNewRUOverflowToolbarButton\"]"}
COMMAND: POST /session/adf199ce321191b0d42bf89d7113c6d5/elements - {"using":"xpath","value":"//button[@data-kt=\"addNewRUOverflowToolbarButton\"]"}
RESULT: {"using":"xpath","value":"//button[@data-kt=\"addNewRUOverflowToolbarButton\"]"}
COMMAND: POST /session/adf199ce321191b0d42bf89d7113c6d5/elements - {"using":"xpath","value":"//button[@data-kt=\"addNewRUOverflowToolbarButton\"]"}
RESULT: {"using":"xpath","value":"//button[@data-kt=\"addNewRUOverflowToolbarButton\"]"}
COMMAND: POST /session/adf199ce321191b0d42bf89d7113c6d5/element - {"using":"xpath","value":"//button[@data-kt=\"addNewRUOverflowToolbarButton\"]"}
RESULT: {"using":"xpath","value":"//button[@data-kt=\"addNewRUOverflowToolbarButton\"]"}
COMMAND: POST /session/adf199ce321191b0d42bf89d7113c6d5/execute/sync - {"script":"<script> [8489 bytes]","args":[{"element-6066-11e4-a52e-4f735466cecf":"f.53561D77C6482DD9DDA73AB31B5C064E.d.A92D9D1F1F4EAD63911127BA18DE5F2B.e.6577","ELEMENT":"f.53561D77C6482DD9DDA73AB31B5C064E.d.A92D9D1F1F4EAD63911127BA18DE5F2B.e.6577"}]}
RESULT: {"script":"<script> [8489 bytes]","args":[{"element-6066-11e4-a52e-4f735466cecf":"f.53561D77C6482DD9DDA73AB31B5C064E.d.A92D9D1F1F4EAD63911127BA18DE5F2B.e.6577","ELEMENT":"f.53561D77C6482DD9DDA73AB31B5C064E.d.A92D9D1F1F4EAD63911127BA18DE5F2B.e.6577"}]}
COMMAND: GET /session/adf199ce321191b0d42bf89d7113c6d5/element/f.53561D77C6482DD9DDA73AB31B5C064E.d.A92D9D1F1F4EAD63911127BA18DE5F2B.e.6577/enabled - {}
COMMAND: GET /session/adf199ce321191b0d42bf89d7113c6d5/screenshot - {}
RESULT: {}
COMMAND: POST /session/adf199ce321191b0d42bf89d7113c6d5/execute/sync - {"script":"<script> [8489 bytes]","args":[{"element-6066-11e4-a52e-4f735466cecf":"f.53561D77C6482DD9DDA73AB31B5C064E.d.A92D9D1F1F4EAD63911127BA18DE5F2B.e.6577","ELEMENT":"f.53561D77C6482DD9DDA73AB31B5C064E.d.A92D9D1F1F4EAD63911127BA18DE5F2B.e.6577"}]}
COMMAND: GET /session/adf199ce321191b0d42bf89d7113c6d5/screenshot - {}
RESULT: {}
RESULT: {"script":"<script> [8489 bytes]","args":[{"element-6066-11e4-a52e-4f735466cecf":"f.53561D77C6482DD9DDA73AB31B5C064E.d.A92D9D1F1F4EAD63911127BA18DE5F2B.e.6577","ELEMENT":"f.53561D77C6482DD9DDA73AB31B5C064E.d.A92D9D1F1F4EAD63911127BA18DE5F2B.e.6577"}]}
COMMAND: POST /session/adf199ce321191b0d42bf89d7113c6d5/execute/sync - {"script":"<script> [5351 bytes]","args":[{"element-6066-11e4-a52e-4f735466cecf":"f.53561D77C6482DD9DDA73AB31B5C064E.d.A92D9D1F1F4EAD63911127BA18DE5F2B.e.6577","ELEMENT":"f.53561D77C6482DD9DDA73AB31B5C064E.d.A92D9D1F1F4EAD63911127BA18DE5F2B.e.6577"}]}
COMMAND: GET /session/adf199ce321191b0d42bf89d7113c6d5/screenshot - {}
RESULT: {}
RESULT: {"script":"<script> [5351 bytes]","args":[{"element-6066-11e4-a52e-4f735466cecf":"f.53561D77C6482DD9DDA73AB31B5C064E.d.A92D9D1F1F4EAD63911127BA18DE5F2B.e.6577","ELEMENT":"f.53561D77C6482DD9DDA73AB31B5C064E.d.A92D9D1F1F4EAD63911127BA18DE5F2B.e.6577"}]}
COMMAND: POST /session/adf199ce321191b0d42bf89d7113c6d5/element/f.53561D77C6482DD9DDA73AB31B5C064E.d.A92D9D1F1F4EAD63911127BA18DE5F2B.e.6577/click - {}
COMMAND: GET /session/adf199ce321191b0d42bf89d7113c6d5/screenshot - {}
RESULT: {}
RESULT: {}
COMMAND: GET /session/adf199ce321191b0d42bf89d7113c6d5/screenshot - {}
RESULT: {}
COMMAND: POST /session/adf199ce321191b0d42bf89d7113c6d5/execute/async - {"script":"<script> [1562 bytes]","args":[{"selector":{"id":"application-manageresources-display-component---newResourceUnit--TYPE-arrow"},"wdio_ui5_key":"applicationmanageresources-display-component---newResourceUnit--TYPE-arrow"}]}
RESULT: {}
RESULT: {"script":"<script> [1562 bytes]","args":[{"selector":{"id":"application-manageresources-display-component---newResourceUnit--TYPE-arrow"},"wdio_ui5_key":"applicationmanageresources-display-component---newResourceUnit--TYPE-arrow"}]}
RESULT: undefined
COMMAND: POST /session/adf199ce321191b0d42bf89d7113c6d5/element - {"using":"xpath","value":"//*[@id=\"application-manageresources-display-component---newResourceUnit--TYPE-arrow\"]"}
RESULT: {"using":"xpath","value":"//*[@id=\"application-manageresources-display-component---newResourceUnit--TYPE-arrow\"]"}
COMMAND: POST /session/adf199ce321191b0d42bf89d7113c6d5/element/f.53561D77C6482DD9DDA73AB31B5C064E.d.A92D9D1F1F4EAD63911127BA18DE5F2B.e.6933/click - {}
RESULT: {}
COMMAND: POST /session/adf199ce321191b0d42bf89d7113c6d5/element - {"using":"xpath","value":"//input[@id=\"application-manageresources-display-component---newResourceUnit--TYPE-inner\"]"}
COMMAND: GET /session/adf199ce321191b0d42bf89d7113c6d5/screenshot - {}
RESULT: {"using":"xpath","value":"//input[@id=\"application-manageresources-display-component---newResourceUnit--TYPE-inner\"]"}
COMMAND: POST /session/adf199ce321191b0d42bf89d7113c6d5/element/f.53561D77C6482DD9DDA73AB31B5C064E.d.A92D9D1F1F4EAD63911127BA18DE5F2B.e.6929/clear - {}
RESULT: {}
RESULT: {}
COMMAND: POST /session/adf199ce321191b0d42bf89d7113c6d5/element/f.53561D77C6482DD9DDA73AB31B5C064E.d.A92D9D1F1F4EAD63911127BA18DE5F2B.e.6929/value - {"text":"Material"}
COMMAND: GET /session/adf199ce321191b0d42bf89d7113c6d5/screenshot - {}
RESULT: {"text":"Material"}
COMMAND: GET /session/adf199ce321191b0d42bf89d7113c6d5/screenshot - {}
RESULT: {}
RESULT: {}
COMMAND: POST /session/adf199ce321191b0d42bf89d7113c6d5/actions - {"actions":[{"id":"action18","type":"key","parameters":{},"actions":[{"type":"keyDown","value":""},{"type":"pause","duration":10},{"type":"keyUp","value":""}]}]}
RESULT: {"actions":[{"id":"action18","type":"key","parameters":{},"actions":[{"type":"keyDown","value":""},{"type":"pause","duration":10},{"type":"keyUp","value":""}]}]}
COMMAND: POST /session/adf199ce321191b0d42bf89d7113c6d5/execute/async - {"script":"<script> [1562 bytes]","args":[{"selector":{"id":"application-manageresources-display-component---newResourceUnit--SHORT_TEXT","interaction":{"idSuffix":"inner"}},"wdio_ui5_key":"applicationmanageresources-display-component---newResourceUnit--SHORT_TEXT"}]}
COMMAND: GET /session/adf199ce321191b0d42bf89d7113c6d5/screenshot - {}
RESULT: {"script":"<script> [1562 bytes]","args":[{"selector":{"id":"application-manageresources-display-component---newResourceUnit--SHORT_TEXT","interaction":{"idSuffix":"inner"}},"wdio_ui5_key":"applicationmanageresources-display-component---newResourceUnit--SHORT_TEXT"}]}
RESULT: undefined
COMMAND: POST /session/adf199ce321191b0d42bf89d7113c6d5/execute/async - {"script":"<script> [776 bytes]","args":[{"enterText":"Cement WDIO","selector":{"id":"application-manageresources-display-component---newResourceUnit--SHORT_TEXT","interaction":{"idSuffix":"inner"}},"clearTextFirst":true,"interactionType":"ENTER_TEXT"}]}
RESULT: {}
RESULT: {"script":"<script> [776 bytes]","args":[{"enterText":"Cement WDIO","selector":{"id":"application-manageresources-display-component---newResourceUnit--SHORT_TEXT","interaction":{"idSuffix":"inner"}},"clearTextFirst":true,"interactionType":"ENTER_TEXT"}]}
COMMAND: POST /session/adf199ce321191b0d42bf89d7113c6d5/execute/async - {"script":"<script> [1562 bytes]","args":[{"selector":{"id":"application-manageresources-display-component---newResourceUnit--BASE_UNIT_OF_MEASURE","interaction":{"idSuffix":"inner"}},"wdio_ui5_key":"applicationmanageresources-display-component---newResourceUnit--BASE_UNIT_OF_MEASURE"}]}
RESULT: {"script":"<script> [1562 bytes]","args":[{"selector":{"id":"application-manageresources-display-component---newResourceUnit--BASE_UNIT_OF_MEASURE","interaction":{"idSuffix":"inner"}},"wdio_ui5_key":"applicationmanageresources-display-component---newResourceUnit--BASE_UNIT_OF_MEASURE"}]}
RESULT: undefined
COMMAND: POST /session/adf199ce321191b0d42bf89d7113c6d5/execute/async - {"script":"<script> [776 bytes]","args":[{"enterText":"Piece","selector":{"id":"application-manageresources-display-component---newResourceUnit--BASE_UNIT_OF_MEASURE","interaction":{"idSuffix":"inner"}},"clearTextFirst":true,"interactionType":"ENTER_TEXT"}]}
RESULT: {"script":"<script> [776 bytes]","args":[{"enterText":"Piece","selector":{"id":"application-manageresources-display-component---newResourceUnit--BASE_UNIT_OF_MEASURE","interaction":{"idSuffix":"inner"}},"clearTextFirst":true,"interactionType":"ENTER_TEXT"}]}
COMMAND: POST /session/adf199ce321191b0d42bf89d7113c6d5/execute/async - {"script":"<script> [1562 bytes]","args":[{"selector":{"id":"application-manageresources-display-component---newResourceUnit--WEIGHT_UNIT","interaction":{"idSuffix":"inner"}},"wdio_ui5_key":"applicationmanageresources-display-component---newResourceUnit--WEIGHT_UNIT"}]}
RESULT: {"script":"<script> [1562 bytes]","args":[{"selector":{"id":"application-manageresources-display-component---newResourceUnit--WEIGHT_UNIT","interaction":{"idSuffix":"inner"}},"wdio_ui5_key":"applicationmanageresources-display-component---newResourceUnit--WEIGHT_UNIT"}]}
RESULT: undefined
COMMAND: POST /session/adf199ce321191b0d42bf89d7113c6d5/execute/async - {"script":"<script> [776 bytes]","args":[{"enterText":"Gram","selector":{"id":"application-manageresources-display-component---newResourceUnit--WEIGHT_UNIT","interaction":{"idSuffix":"inner"}},"clearTextFirst":true,"interactionType":"ENTER_TEXT"}]}
RESULT: {"script":"<script> [776 bytes]","args":[{"enterText":"Gram","selector":{"id":"application-manageresources-display-component---newResourceUnit--WEIGHT_UNIT","interaction":{"idSuffix":"inner"}},"clearTextFirst":true,"interactionType":"ENTER_TEXT"}]}
COMMAND: POST /session/adf199ce321191b0d42bf89d7113c6d5/execute/async - {"script":"<script> [1562 bytes]","args":[{"selector":{"id":"application-manageresources-display-component---newResourceUnit--DIMENSION_UNIT","interaction":{"idSuffix":"inner"}},"wdio_ui5_key":"applicationmanageresources-display-component---newResourceUnit--DIMENSION_UNIT"}]}
RESULT: {"script":"<script> [1562 bytes]","args":[{"selector":{"id":"application-manageresources-display-component---newResourceUnit--DIMENSION_UNIT","interaction":{"idSuffix":"inner"}},"wdio_ui5_key":"applicationmanageresources-display-component---newResourceUnit--DIMENSION_UNIT"}]}
RESULT: undefined
COMMAND: POST /session/adf199ce321191b0d42bf89d7113c6d5/execute/async - {"script":"<script> [776 bytes]","args":[{"enterText":"Meter","selector":{"id":"application-manageresources-display-component---newResourceUnit--DIMENSION_UNIT","interaction":{"idSuffix":"inner"}},"clearTextFirst":true,"interactionType":"ENTER_TEXT"}]}
RESULT: {"script":"<script> [776 bytes]","args":[{"enterText":"Meter","selector":{"id":"application-manageresources-display-component---newResourceUnit--DIMENSION_UNIT","interaction":{"idSuffix":"inner"}},"clearTextFirst":true,"interactionType":"ENTER_TEXT"}]}
COMMAND: POST /session/adf199ce321191b0d42bf89d7113c6d5/execute/async - {"script":"<script> [1562 bytes]","args":[{"selector":{"id":"application-manageresources-display-component---newResourceUnit--newRRUPage-anchBar-application-manageresources-display-component---newResourceUnit--control-anchor","interaction":{"idSuffix":"BDI-content"}},"wdio_ui5_key":"applicationmanageresources-display-component---newResourceUnit--newRRUPage-anchBar-application-manageresources-display-component---newResourceUnit--control-anchor"}]}
RESULT: {"script":"<script> [1562 bytes]","args":[{"selector":{"id":"application-manageresources-display-component---newResourceUnit--newRRUPage-anchBar-application-manageresources-display-component---newResourceUnit--control-anchor","interaction":{"idSuffix":"BDI-content"}},"wdio_ui5_key":"applicationmanageresources-display-component---newResourceUnit--newRRUPage-anchBar-application-manageresources-display-component---newResourceUnit--control-anchor"}]}
RESULT: undefined
COMMAND: POST /session/adf199ce321191b0d42bf89d7113c6d5/element - {"using":"xpath","value":"//*[@id=\"application-manageresources-display-component---newResourceUnit--newRRUPage-anchBar-application-manageresources-display-component---newResourceUnit--control-anchor\"]"}
RESULT: {"using":"xpath","value":"//*[@id=\"application-manageresources-display-component---newResourceUnit--newRRUPage-anchBar-application-manageresources-display-component---newResourceUnit--control-anchor\"]"}
COMMAND: POST /session/adf199ce321191b0d42bf89d7113c6d5/element/f.53561D77C6482DD9DDA73AB31B5C064E.d.A92D9D1F1F4EAD63911127BA18DE5F2B.e.7002/click - {}
RESULT: {}
COMMAND: POST /session/adf199ce321191b0d42bf89d7113c6d5/execute/async - {"script":"<script> [1562 bytes]","args":[{"selector":{"id":"application-manageresources-display-component---newResourceUnit--PLANNING_GROUP","interaction":{"idSuffix":"inner"}},"wdio_ui5_key":"applicationmanageresources-display-component---newResourceUnit--PLANNING_GROUP"}]}
COMMAND: GET /session/adf199ce321191b0d42bf89d7113c6d5/screenshot - {}
RESULT: {"script":"<script> [1562 bytes]","args":[{"selector":{"id":"application-manageresources-display-component---newResourceUnit--PLANNING_GROUP","interaction":{"idSuffix":"inner"}},"wdio_ui5_key":"applicationmanageresources-display-component---newResourceUnit--PLANNING_GROUP"}]}
RESULT: undefined
COMMAND: POST /session/adf199ce321191b0d42bf89d7113c6d5/execute/async - {"script":"<script> [776 bytes]","args":[{"enterText":"Material","selector":{"id":"application-manageresources-display-component---newResourceUnit--PLANNING_GROUP","interaction":{"idSuffix":"inner"}},"clearTextFirst":true,"interactionType":"ENTER_TEXT"}]}
RESULT: {}
RESULT: {"script":"<script> [776 bytes]","args":[{"enterText":"Material","selector":{"id":"application-manageresources-display-component---newResourceUnit--PLANNING_GROUP","interaction":{"idSuffix":"inner"}},"clearTextFirst":true,"interactionType":"ENTER_TEXT"}]}
COMMAND: POST /session/adf199ce321191b0d42bf89d7113c6d5/execute/async - {"script":"<script> [1562 bytes]","args":[{"selector":{"id":"application-manageresources-display-component---newResourceUnit--PLANNING_INDICATOR","interaction":{"idSuffix":"inner"}},"wdio_ui5_key":"applicationmanageresources-display-component---newResourceUnit--PLANNING_INDICATOR"}]}
RESULT: {"script":"<script> [1562 bytes]","args":[{"selector":{"id":"application-manageresources-display-component---newResourceUnit--PLANNING_INDICATOR","interaction":{"idSuffix":"inner"}},"wdio_ui5_key":"applicationmanageresources-display-component---newResourceUnit--PLANNING_INDICATOR"}]}
RESULT: undefined
COMMAND: POST /session/adf199ce321191b0d42bf89d7113c6d5/execute/async - {"script":"<script> [776 bytes]","args":[{"enterText":"10 - infinite","selector":{"id":"application-manageresources-display-component---newResourceUnit--PLANNING_INDICATOR","interaction":{"idSuffix":"inner"}},"clearTextFirst":true,"interactionType":"ENTER_TEXT"}]}
RESULT: {"script":"<script> [776 bytes]","args":[{"enterText":"10 - infinite","selector":{"id":"application-manageresources-display-component---newResourceUnit--PLANNING_INDICATOR","interaction":{"idSuffix":"inner"}},"clearTextFirst":true,"interactionType":"ENTER_TEXT"}]}
COMMAND: POST /session/adf199ce321191b0d42bf89d7113c6d5/element - {"using":"css selector","value":"#application-manageresources-display-component---newResourceUnit--btnAddTimeSegment"}
RESULT: {"using":"css selector","value":"#application-manageresources-display-component---newResourceUnit--btnAddTimeSegment"}
COMMAND: GET /session/adf199ce321191b0d42bf89d7113c6d5/element/f.53561D77C6482DD9DDA73AB31B5C064E.d.A92D9D1F1F4EAD63911127BA18DE5F2B.e.7010/rect - {}
RESULT: {}
COMMAND: GET /session/adf199ce321191b0d42bf89d7113c6d5/window/rect - {}
RESULT: {}
COMMAND: POST /session/adf199ce321191b0d42bf89d7113c6d5/execute/sync - {"script":"<script> [92 bytes]","args":[]}
RESULT: {"script":"<script> [92 bytes]","args":[]}
COMMAND: POST /session/adf199ce321191b0d42bf89d7113c6d5/actions - {"actions":[{"id":"action19","type":"wheel","parameters":{},"actions":[{"type":"scroll","x":-1888,"y":-32,"deltaX":0,"deltaY":0,"duration":0,"origin":{"element-6066-11e4-a52e-4f735466cecf":"f.53561D77C6482DD9DDA73AB31B5C064E.d.A92D9D1F1F4EAD63911127BA18DE5F2B.e.7010"}}]}]}
COMMAND: GET /session/adf199ce321191b0d42bf89d7113c6d5/screenshot - {}
RESULT: {}
COMMAND: POST /session/adf199ce321191b0d42bf89d7113c6d5/execute/sync - {"script":"<script> [79 bytes]","args":[{"element-6066-11e4-a52e-4f735466cecf":"f.53561D77C6482DD9DDA73AB31B5C064E.d.A92D9D1F1F4EAD63911127BA18DE5F2B.e.7010","ELEMENT":"f.53561D77C6482DD9DDA73AB31B5C064E.d.A92D9D1F1F4EAD63911127BA18DE5F2B.e.7010"},{"block":"start","inline":"nearest"}]}
RESULT: {"script":"<script> [79 bytes]","args":[{"element-6066-11e4-a52e-4f735466cecf":"f.53561D77C6482DD9DDA73AB31B5C064E.d.A92D9D1F1F4EAD63911127BA18DE5F2B.e.7010","ELEMENT":"f.53561D77C6482DD9DDA73AB31B5C064E.d.A92D9D1F1F4EAD63911127BA18DE5F2B.e.7010"},{"block":"start","inline":"nearest"}]}
COMMAND: POST /session/adf199ce321191b0d42bf89d7113c6d5/execute/async - {"script":"<script> [1562 bytes]","args":[{"selector":{"id":"application-manageresources-display-component---newResourceUnit--btnAddTimeSegment","interaction":{"idSuffix":"inner"}},"wdio_ui5_key":"applicationmanageresources-display-component---newResourceUnit--btnAddTimeSegment"}]}
COMMAND: GET /session/adf199ce321191b0d42bf89d7113c6d5/screenshot - {}
RESULT: {"script":"<script> [1562 bytes]","args":[{"selector":{"id":"application-manageresources-display-component---newResourceUnit--btnAddTimeSegment","interaction":{"idSuffix":"inner"}},"wdio_ui5_key":"applicationmanageresources-display-component---newResourceUnit--btnAddTimeSegment"}]}
RESULT: undefined
COMMAND: POST /session/adf199ce321191b0d42bf89d7113c6d5/element - {"using":"xpath","value":"//*[@id=\"application-manageresources-display-component---newResourceUnit--btnAddTimeSegment\"]"}
RESULT: {}
RESULT: {"using":"xpath","value":"//*[@id=\"application-manageresources-display-component---newResourceUnit--btnAddTimeSegment\"]"}
COMMAND: POST /session/adf199ce321191b0d42bf89d7113c6d5/element/f.53561D77C6482DD9DDA73AB31B5C064E.d.A92D9D1F1F4EAD63911127BA18DE5F2B.e.7010/click - {}
RESULT: {}
COMMAND: GET /session/adf199ce321191b0d42bf89d7113c6d5/screenshot - {}
RESULT: {}
COMMAND: POST /session/adf199ce321191b0d42bf89d7113c6d5/element - {"using":"xpath","value":"//input[@id=\"application-manageresources-display-component---newResourceUnit--idRuTSAdmin-application-manageresources-display-component---newResourceUnit--RUTimeSegment-0-inner\"]"}
RESULT: {"using":"xpath","value":"//input[@id=\"application-manageresources-display-component---newResourceUnit--idRuTSAdmin-application-manageresources-display-component---newResourceUnit--RUTimeSegment-0-inner\"]"}
COMMAND: POST /session/adf199ce321191b0d42bf89d7113c6d5/element/f.53561D77C6482DD9DDA73AB31B5C064E.d.A92D9D1F1F4EAD63911127BA18DE5F2B.e.7015/clear - {}
RESULT: {}
COMMAND: POST /session/adf199ce321191b0d42bf89d7113c6d5/element/f.53561D77C6482DD9DDA73AB31B5C064E.d.A92D9D1F1F4EAD63911127BA18DE5F2B.e.7015/value - {"text":"704"}
COMMAND: GET /session/adf199ce321191b0d42bf89d7113c6d5/screenshot - {}
RESULT: {"text":"704"}
COMMAND: GET /session/adf199ce321191b0d42bf89d7113c6d5/screenshot - {}
RESULT: {}
RESULT: {}
COMMAND: POST /session/adf199ce321191b0d42bf89d7113c6d5/element - {"using":"xpath","value":"//li[.//span[text()='704']]"}
RESULT: {"using":"xpath","value":"//li[.//span[text()='704']]"}
COMMAND: POST /session/adf199ce321191b0d42bf89d7113c6d5/element/f.53561D77C6482DD9DDA73AB31B5C064E.d.A92D9D1F1F4EAD63911127BA18DE5F2B.e.7024/click - {}
RESULT: {}
COMMAND: GET /session/adf199ce321191b0d42bf89d7113c6d5/screenshot - {}
RESULT: {}
COMMAND: POST /session/adf199ce321191b0d42bf89d7113c6d5/element - {"using":"xpath","value":"(//span[contains(@id, \"-application-manageresources-display-component---newResourceUnit--RUTimeSegment-0-arrow\")])[2]"}
RESULT: {"using":"xpath","value":"(//span[contains(@id, \"-application-manageresources-display-component---newResourceUnit--RUTimeSegment-0-arrow\")])[2]"}
COMMAND: POST /session/adf199ce321191b0d42bf89d7113c6d5/element/f.53561D77C6482DD9DDA73AB31B5C064E.d.A92D9D1F1F4EAD63911127BA18DE5F2B.e.7025/click - {}
RESULT: {}
COMMAND: POST /session/adf199ce321191b0d42bf89d7113c6d5/element - {"using":"xpath","value":"//span[contains(text(), \"PM Order\")]"}
COMMAND: GET /session/adf199ce321191b0d42bf89d7113c6d5/screenshot - {}
RESULT: {"using":"xpath","value":"//span[contains(text(), \"PM Order\")]"}
COMMAND: POST /session/adf199ce321191b0d42bf89d7113c6d5/element/f.53561D77C6482DD9DDA73AB31B5C064E.d.A92D9D1F1F4EAD63911127BA18DE5F2B.e.7026/click - {}
RESULT: {}
RESULT: {}
COMMAND: GET /session/adf199ce321191b0d42bf89d7113c6d5/screenshot - {}
RESULT: {}
COMMAND: POST /session/adf199ce321191b0d42bf89d7113c6d5/element - {"using":"xpath","value":"//td/div/div/div/span[contains(@id, \"newResourceUnit--RUTimeSegment-0-vhi\")][1]"}
RESULT: {"using":"xpath","value":"//td/div/div/div/span[contains(@id, \"newResourceUnit--RUTimeSegment-0-vhi\")][1]"}
COMMAND: POST /session/adf199ce321191b0d42bf89d7113c6d5/element/f.53561D77C6482DD9DDA73AB31B5C064E.d.A92D9D1F1F4EAD63911127BA18DE5F2B.e.7029/click - {}
RESULT: {}
COMMAND: GET /session/adf199ce321191b0d42bf89d7113c6d5/screenshot - {}
RESULT: {}
COMMAND: POST /session/adf199ce321191b0d42bf89d7113c6d5/execute/async - {"script":"<script> [1562 bytes]","args":[{"selector":{"controlType":"sap.m.SearchField","properties":{"placeholder":"Search"},"searchOpenDialogs":true,"interaction":{"idSuffix":"I"}},"wdio_ui5_key":"sapm.SearchField{\"placeholder\":\"Search\"}"}]}
RESULT: {"script":"<script> [1562 bytes]","args":[{"selector":{"controlType":"sap.m.SearchField","properties":{"placeholder":"Search"},"searchOpenDialogs":true,"interaction":{"idSuffix":"I"}},"wdio_ui5_key":"sapm.SearchField{\"placeholder\":\"Search\"}"}]}
RESULT: undefined
COMMAND: POST /session/adf199ce321191b0d42bf89d7113c6d5/execute/async - {"script":"<script> [776 bytes]","args":[{"enterText":"4000360","selector":{"controlType":"sap.m.SearchField","properties":{"placeholder":"Search"},"searchOpenDialogs":true,"interaction":{"idSuffix":"I"}},"clearTextFirst":true,"interactionType":"ENTER_TEXT"}]}
RESULT: {"script":"<script> [776 bytes]","args":[{"enterText":"4000360","selector":{"controlType":"sap.m.SearchField","properties":{"placeholder":"Search"},"searchOpenDialogs":true,"interaction":{"idSuffix":"I"}},"clearTextFirst":true,"interactionType":"ENTER_TEXT"}]}
COMMAND: POST /session/adf199ce321191b0d42bf89d7113c6d5/actions - {"actions":[{"id":"action20","type":"key","parameters":{},"actions":[{"type":"keyDown","value":""},{"type":"pause","duration":10},{"type":"keyUp","value":""}]}]}
RESULT: {"actions":[{"id":"action20","type":"key","parameters":{},"actions":[{"type":"keyDown","value":""},{"type":"pause","duration":10},{"type":"keyUp","value":""}]}]}
COMMAND: GET /session/adf199ce321191b0d42bf89d7113c6d5/screenshot - {}
RESULT: {}
COMMAND: POST /session/adf199ce321191b0d42bf89d7113c6d5/element - {"using":"xpath","value":"//td/div/span[contains(text(), \"BGL Vehicles\")]"}
RESULT: {"using":"xpath","value":"//td/div/span[contains(text(), \"BGL Vehicles\")]"}
COMMAND: POST /session/adf199ce321191b0d42bf89d7113c6d5/element/f.53561D77C6482DD9DDA73AB31B5C064E.d.A92D9D1F1F4EAD63911127BA18DE5F2B.e.7049/click - {}
RESULT: {}
COMMAND: GET /session/adf199ce321191b0d42bf89d7113c6d5/screenshot - {}
RESULT: {}
COMMAND: POST /session/adf199ce321191b0d42bf89d7113c6d5/element - {"using":"xpath","value":"//bdi[contains(text(), \"OK\")]"}
RESULT: {"using":"xpath","value":"//bdi[contains(text(), \"OK\")]"}
COMMAND: POST /session/adf199ce321191b0d42bf89d7113c6d5/element/f.53561D77C6482DD9DDA73AB31B5C064E.d.A92D9D1F1F4EAD63911127BA18DE5F2B.e.7050/click - {}
RESULT: {}
COMMAND: GET /session/adf199ce321191b0d42bf89d7113c6d5/screenshot - {}
RESULT: {}
COMMAND: POST /session/adf199ce321191b0d42bf89d7113c6d5/element - {"using":"xpath","value":"//button[@data-kt=\"resourceUnitSaveButton\"]"}
RESULT: {"using":"xpath","value":"//button[@data-kt=\"resourceUnitSaveButton\"]"}
COMMAND: POST /session/adf199ce321191b0d42bf89d7113c6d5/element/f.53561D77C6482DD9DDA73AB31B5C064E.d.A92D9D1F1F4EAD63911127BA18DE5F2B.e.6952/click - {}
RESULT: {}
COMMAND: GET /session/adf199ce321191b0d42bf89d7113c6d5/screenshot - {}
RESULT: {}
COMMAND: POST /session/adf199ce321191b0d42bf89d7113c6d5/element - {"using":"xpath","value":"//bdi[contains(text(), \"Close\")]"}
RESULT: {"using":"xpath","value":"//bdi[contains(text(), \"Close\")]"}
COMMAND: POST /session/adf199ce321191b0d42bf89d7113c6d5/element/f.53561D77C6482DD9DDA73AB31B5C064E.d.A92D9D1F1F4EAD63911127BA18DE5F2B.e.7057/click - {}
RESULT: {}
COMMAND: GET /session/adf199ce321191b0d42bf89d7113c6d5/screenshot - {}
RESULT: {}
COMMAND: POST /session/adf199ce321191b0d42bf89d7113c6d5/element - {"using":"xpath","value":"//header[contains(@id, 'detailRruPage-headerTitle')]/div[1]/div[2]/div[2]/span[1]"}
RESULT: {"using":"xpath","value":"//header[contains(@id, 'detailRruPage-headerTitle')]/div[1]/div[2]/div[2]/span[1]"}
COMMAND: POST /session/adf199ce321191b0d42bf89d7113c6d5/elements - {"using":"xpath","value":"//header[contains(@id, 'detailRruPage-headerTitle')]/div[1]/div[2]/div[2]/span[1]"}
RESULT: {"using":"xpath","value":"//header[contains(@id, 'detailRruPage-headerTitle')]/div[1]/div[2]/div[2]/span[1]"}
COMMAND: POST /session/adf199ce321191b0d42bf89d7113c6d5/execute/sync - {"script":"<script> [56 bytes]","args":[{"element-6066-11e4-a52e-4f735466cecf":"f.53561D77C6482DD9DDA73AB31B5C064E.d.A92D9D1F1F4EAD63911127BA18DE5F2B.e.7088","ELEMENT":"f.53561D77C6482DD9DDA73AB31B5C064E.d.A92D9D1F1F4EAD63911127BA18DE5F2B.e.7088"}]}
RESULT: {"script":"<script> [56 bytes]","args":[{"element-6066-11e4-a52e-4f735466cecf":"f.53561D77C6482DD9DDA73AB31B5C064E.d.A92D9D1F1F4EAD63911127BA18DE5F2B.e.7088","ELEMENT":"f.53561D77C6482DD9DDA73AB31B5C064E.d.A92D9D1F1F4EAD63911127BA18DE5F2B.e.7088"}]}
]]></system-out>
    </testcase>
    <testcase classname="chrome.135_0_7049_42.windows.US134625_Set_up_price_condition_-_one_time" name="Should create new pricing rule one time" time="62.273">
      <system-out><![CDATA[
COMMAND: GET /session/adf199ce321191b0d42bf89d7113c6d5/screenshot - {}
COMMAND: POST /session/adf199ce321191b0d42bf89d7113c6d5/element - {"using":"xpath","value":"(//button[contains(@id ,\"actionsToolbar-overflowButton\")])[1]"}
RESULT: {"using":"xpath","value":"(//button[contains(@id ,\"actionsToolbar-overflowButton\")])[1]"}
COMMAND: POST /session/adf199ce321191b0d42bf89d7113c6d5/element/f.53561D77C6482DD9DDA73AB31B5C064E.d.A92D9D1F1F4EAD63911127BA18DE5F2B.e.7089/click - {}
RESULT: {}
RESULT: {}
COMMAND: GET /session/adf199ce321191b0d42bf89d7113c6d5/screenshot - {}
RESULT: {}
COMMAND: POST /session/adf199ce321191b0d42bf89d7113c6d5/element - {"using":"xpath","value":"//button[@data-kt=\"priceInfoButton\"]"}
RESULT: {"using":"xpath","value":"//button[@data-kt=\"priceInfoButton\"]"}
COMMAND: POST /session/adf199ce321191b0d42bf89d7113c6d5/element/f.53561D77C6482DD9DDA73AB31B5C064E.d.A92D9D1F1F4EAD63911127BA18DE5F2B.e.7093/click - {}
RESULT: {}
COMMAND: GET /session/adf199ce321191b0d42bf89d7113c6d5/screenshot - {}
RESULT: {}
COMMAND: POST /session/adf199ce321191b0d42bf89d7113c6d5/element - {"using":"xpath","value":"//button[@data-kt=\"addButton\"]"}
RESULT: {"using":"xpath","value":"//button[@data-kt=\"addButton\"]"}
COMMAND: POST /session/adf199ce321191b0d42bf89d7113c6d5/elements - {"using":"xpath","value":"//button[@data-kt=\"addButton\"]"}
RESULT: {"using":"xpath","value":"//button[@data-kt=\"addButton\"]"}
COMMAND: POST /session/adf199ce321191b0d42bf89d7113c6d5/elements - {"using":"xpath","value":"//button[@data-kt=\"addButton\"]"}
RESULT: {"using":"xpath","value":"//button[@data-kt=\"addButton\"]"}
COMMAND: POST /session/adf199ce321191b0d42bf89d7113c6d5/element - {"using":"xpath","value":"//button[@data-kt=\"addButton\"]"}
RESULT: {"using":"xpath","value":"//button[@data-kt=\"addButton\"]"}
COMMAND: POST /session/adf199ce321191b0d42bf89d7113c6d5/execute/sync - {"script":"<script> [8489 bytes]","args":[{"element-6066-11e4-a52e-4f735466cecf":"f.53561D77C6482DD9DDA73AB31B5C064E.d.A92D9D1F1F4EAD63911127BA18DE5F2B.e.7129","ELEMENT":"f.53561D77C6482DD9DDA73AB31B5C064E.d.A92D9D1F1F4EAD63911127BA18DE5F2B.e.7129"}]}
RESULT: {"script":"<script> [8489 bytes]","args":[{"element-6066-11e4-a52e-4f735466cecf":"f.53561D77C6482DD9DDA73AB31B5C064E.d.A92D9D1F1F4EAD63911127BA18DE5F2B.e.7129","ELEMENT":"f.53561D77C6482DD9DDA73AB31B5C064E.d.A92D9D1F1F4EAD63911127BA18DE5F2B.e.7129"}]}
COMMAND: GET /session/adf199ce321191b0d42bf89d7113c6d5/element/f.53561D77C6482DD9DDA73AB31B5C064E.d.A92D9D1F1F4EAD63911127BA18DE5F2B.e.7129/enabled - {}
COMMAND: GET /session/adf199ce321191b0d42bf89d7113c6d5/screenshot - {}
RESULT: {}
COMMAND: POST /session/adf199ce321191b0d42bf89d7113c6d5/execute/sync - {"script":"<script> [8489 bytes]","args":[{"element-6066-11e4-a52e-4f735466cecf":"f.53561D77C6482DD9DDA73AB31B5C064E.d.A92D9D1F1F4EAD63911127BA18DE5F2B.e.7129","ELEMENT":"f.53561D77C6482DD9DDA73AB31B5C064E.d.A92D9D1F1F4EAD63911127BA18DE5F2B.e.7129"}]}
COMMAND: GET /session/adf199ce321191b0d42bf89d7113c6d5/screenshot - {}
RESULT: {}
RESULT: {"script":"<script> [8489 bytes]","args":[{"element-6066-11e4-a52e-4f735466cecf":"f.53561D77C6482DD9DDA73AB31B5C064E.d.A92D9D1F1F4EAD63911127BA18DE5F2B.e.7129","ELEMENT":"f.53561D77C6482DD9DDA73AB31B5C064E.d.A92D9D1F1F4EAD63911127BA18DE5F2B.e.7129"}]}
COMMAND: POST /session/adf199ce321191b0d42bf89d7113c6d5/execute/sync - {"script":"<script> [5351 bytes]","args":[{"element-6066-11e4-a52e-4f735466cecf":"f.53561D77C6482DD9DDA73AB31B5C064E.d.A92D9D1F1F4EAD63911127BA18DE5F2B.e.7129","ELEMENT":"f.53561D77C6482DD9DDA73AB31B5C064E.d.A92D9D1F1F4EAD63911127BA18DE5F2B.e.7129"}]}
COMMAND: GET /session/adf199ce321191b0d42bf89d7113c6d5/screenshot - {}
RESULT: {}
RESULT: {"script":"<script> [5351 bytes]","args":[{"element-6066-11e4-a52e-4f735466cecf":"f.53561D77C6482DD9DDA73AB31B5C064E.d.A92D9D1F1F4EAD63911127BA18DE5F2B.e.7129","ELEMENT":"f.53561D77C6482DD9DDA73AB31B5C064E.d.A92D9D1F1F4EAD63911127BA18DE5F2B.e.7129"}]}
COMMAND: POST /session/adf199ce321191b0d42bf89d7113c6d5/element/f.53561D77C6482DD9DDA73AB31B5C064E.d.A92D9D1F1F4EAD63911127BA18DE5F2B.e.7129/click - {}
COMMAND: GET /session/adf199ce321191b0d42bf89d7113c6d5/screenshot - {}
RESULT: {}
RESULT: {}
COMMAND: GET /session/adf199ce321191b0d42bf89d7113c6d5/screenshot - {}
RESULT: {}
RESULT: {}
COMMAND: POST /session/adf199ce321191b0d42bf89d7113c6d5/execute/async - {"script":"<script> [1562 bytes]","args":[{"selector":{"controlType":"sap.m.Title","viewName":"etm.portal.ui.managepricingrules.view.NewItem","viewId":"application-managepricingrules-display-component---newInfoPriceItem","properties":{"text":"New Pricing Rules - Item Level"}},"wdio_ui5_key":"etmportal.ui.managepricingrules.view.NewItemsap.m.Title{\"text\":\"New Pricing Rules - Item Level\"}"}]}
RESULT: {"script":"<script> [1562 bytes]","args":[{"selector":{"controlType":"sap.m.Title","viewName":"etm.portal.ui.managepricingrules.view.NewItem","viewId":"application-managepricingrules-display-component---newInfoPriceItem","properties":{"text":"New Pricing Rules - Item Level"}},"wdio_ui5_key":"etmportal.ui.managepricingrules.view.NewItemsap.m.Title{\"text\":\"New Pricing Rules - Item Level\"}"}]}
RESULT: undefined
COMMAND: POST /session/adf199ce321191b0d42bf89d7113c6d5/execute/async - {"script":"<script> [6424 bytes]","args":[{"element-6066-11e4-a52e-4f735466cecf":"f.53561D77C6482DD9DDA73AB31B5C064E.d.A92D9D1F1F4EAD63911127BA18DE5F2B.e.7289"},"getText",[]]}
RESULT: {"script":"<script> [6424 bytes]","args":[{"element-6066-11e4-a52e-4f735466cecf":"f.53561D77C6482DD9DDA73AB31B5C064E.d.A92D9D1F1F4EAD63911127BA18DE5F2B.e.7289"},"getText",[]]}
COMMAND: POST /session/adf199ce321191b0d42bf89d7113c6d5/execute/async - {"script":"<script> [1562 bytes]","args":[{"selector":{"id":"application-managepricingrules-display-component---newInfoPriceItem--condValidTo","interaction":{"idSuffix":"inner"}},"wdio_ui5_key":"applicationmanagepricingrules-display-component---newInfoPriceItem--condValidTo"}]}
RESULT: {"script":"<script> [1562 bytes]","args":[{"selector":{"id":"application-managepricingrules-display-component---newInfoPriceItem--condValidTo","interaction":{"idSuffix":"inner"}},"wdio_ui5_key":"applicationmanagepricingrules-display-component---newInfoPriceItem--condValidTo"}]}
RESULT: undefined
COMMAND: POST /session/adf199ce321191b0d42bf89d7113c6d5/execute/async - {"script":"<script> [776 bytes]","args":[{"enterText":"12/23/25","selector":{"id":"application-managepricingrules-display-component---newInfoPriceItem--condValidTo","interaction":{"idSuffix":"inner"}},"clearTextFirst":true,"interactionType":"ENTER_TEXT"}]}
RESULT: {"script":"<script> [776 bytes]","args":[{"enterText":"12/23/25","selector":{"id":"application-managepricingrules-display-component---newInfoPriceItem--condValidTo","interaction":{"idSuffix":"inner"}},"clearTextFirst":true,"interactionType":"ENTER_TEXT"}]}
COMMAND: POST /session/adf199ce321191b0d42bf89d7113c6d5/execute/async - {"script":"<script> [1562 bytes]","args":[{"selector":{"id":"application-managepricingrules-display-component---newInfoPriceItem--billType-arrow"},"wdio_ui5_key":"applicationmanagepricingrules-display-component---newInfoPriceItem--billType-arrow"}]}
RESULT: {"script":"<script> [1562 bytes]","args":[{"selector":{"id":"application-managepricingrules-display-component---newInfoPriceItem--billType-arrow"},"wdio_ui5_key":"applicationmanagepricingrules-display-component---newInfoPriceItem--billType-arrow"}]}
RESULT: undefined
COMMAND: POST /session/adf199ce321191b0d42bf89d7113c6d5/element - {"using":"xpath","value":"//*[@id=\"application-managepricingrules-display-component---newInfoPriceItem--billType-arrow\"]"}
RESULT: {"using":"xpath","value":"//*[@id=\"application-managepricingrules-display-component---newInfoPriceItem--billType-arrow\"]"}
COMMAND: POST /session/adf199ce321191b0d42bf89d7113c6d5/element/f.53561D77C6482DD9DDA73AB31B5C064E.d.A92D9D1F1F4EAD63911127BA18DE5F2B.e.7291/click - {}
RESULT: {}
COMMAND: POST /session/adf199ce321191b0d42bf89d7113c6d5/element - {"using":"xpath","value":"//span[contains(text(), \"OT - Sales (one-time)\")]"}
COMMAND: GET /session/adf199ce321191b0d42bf89d7113c6d5/screenshot - {}
RESULT: {"using":"xpath","value":"//span[contains(text(), \"OT - Sales (one-time)\")]"}
COMMAND: POST /session/adf199ce321191b0d42bf89d7113c6d5/element/f.53561D77C6482DD9DDA73AB31B5C064E.d.A92D9D1F1F4EAD63911127BA18DE5F2B.e.7292/click - {}
RESULT: {}
RESULT: {}
COMMAND: POST /session/adf199ce321191b0d42bf89d7113c6d5/execute/async - {"script":"<script> [1562 bytes]","args":[{"selector":{"id":"application-managepricingrules-display-component---newInfoPriceItem--priceProc-arrow"},"wdio_ui5_key":"applicationmanagepricingrules-display-component---newInfoPriceItem--priceProc-arrow"}]}
COMMAND: GET /session/adf199ce321191b0d42bf89d7113c6d5/screenshot - {}
RESULT: {"script":"<script> [1562 bytes]","args":[{"selector":{"id":"application-managepricingrules-display-component---newInfoPriceItem--priceProc-arrow"},"wdio_ui5_key":"applicationmanagepricingrules-display-component---newInfoPriceItem--priceProc-arrow"}]}
RESULT: undefined
COMMAND: POST /session/adf199ce321191b0d42bf89d7113c6d5/element - {"using":"xpath","value":"//*[@id=\"application-managepricingrules-display-component---newInfoPriceItem--priceProc-arrow\"]"}
RESULT: {}
RESULT: {"using":"xpath","value":"//*[@id=\"application-managepricingrules-display-component---newInfoPriceItem--priceProc-arrow\"]"}
COMMAND: POST /session/adf199ce321191b0d42bf89d7113c6d5/element/f.53561D77C6482DD9DDA73AB31B5C064E.d.A92D9D1F1F4EAD63911127BA18DE5F2B.e.7255/click - {}
RESULT: {}
COMMAND: POST /session/adf199ce321191b0d42bf89d7113c6d5/element - {"using":"xpath","value":"//span[contains(text(), \"MAT - Material\")]"}
COMMAND: GET /session/adf199ce321191b0d42bf89d7113c6d5/screenshot - {}
RESULT: {"using":"xpath","value":"//span[contains(text(), \"MAT - Material\")]"}
COMMAND: POST /session/adf199ce321191b0d42bf89d7113c6d5/element/f.53561D77C6482DD9DDA73AB31B5C064E.d.A92D9D1F1F4EAD63911127BA18DE5F2B.e.7293/click - {}
RESULT: {}
RESULT: {}
COMMAND: POST /session/adf199ce321191b0d42bf89d7113c6d5/execute/async - {"script":"<script> [1562 bytes]","args":[{"selector":{"id":"application-managepricingrules-display-component---newInfoPriceItem--calcBase-arrow"},"wdio_ui5_key":"applicationmanagepricingrules-display-component---newInfoPriceItem--calcBase-arrow"}]}
COMMAND: GET /session/adf199ce321191b0d42bf89d7113c6d5/screenshot - {}
RESULT: {"script":"<script> [1562 bytes]","args":[{"selector":{"id":"application-managepricingrules-display-component---newInfoPriceItem--calcBase-arrow"},"wdio_ui5_key":"applicationmanagepricingrules-display-component---newInfoPriceItem--calcBase-arrow"}]}
RESULT: undefined
COMMAND: POST /session/adf199ce321191b0d42bf89d7113c6d5/element - {"using":"xpath","value":"//*[@id=\"application-managepricingrules-display-component---newInfoPriceItem--calcBase-arrow\"]"}
RESULT: {}
RESULT: {"using":"xpath","value":"//*[@id=\"application-managepricingrules-display-component---newInfoPriceItem--calcBase-arrow\"]"}
COMMAND: POST /session/adf199ce321191b0d42bf89d7113c6d5/element/f.53561D77C6482DD9DDA73AB31B5C064E.d.A92D9D1F1F4EAD63911127BA18DE5F2B.e.7262/click - {}
RESULT: {}
COMMAND: GET /session/adf199ce321191b0d42bf89d7113c6d5/screenshot - {}
RESULT: {}
COMMAND: POST /session/adf199ce321191b0d42bf89d7113c6d5/element - {"using":"xpath","value":"//span[contains(text(), \"0001 - TB(exact month + cal_days)\")]"}
RESULT: {"using":"xpath","value":"//span[contains(text(), \"0001 - TB(exact month + cal_days)\")]"}
COMMAND: POST /session/adf199ce321191b0d42bf89d7113c6d5/element/f.53561D77C6482DD9DDA73AB31B5C064E.d.A92D9D1F1F4EAD63911127BA18DE5F2B.e.7294/click - {}
RESULT: {}
COMMAND: GET /session/adf199ce321191b0d42bf89d7113c6d5/screenshot - {}
RESULT: {}
COMMAND: POST /session/adf199ce321191b0d42bf89d7113c6d5/element - {"using":"xpath","value":"//button[@data-kt=\"saveNewRuleButton\"]"}
RESULT: {"using":"xpath","value":"//button[@data-kt=\"saveNewRuleButton\"]"}
COMMAND: POST /session/adf199ce321191b0d42bf89d7113c6d5/element/f.53561D77C6482DD9DDA73AB31B5C064E.d.A92D9D1F1F4EAD63911127BA18DE5F2B.e.7277/click - {}
RESULT: {}
COMMAND: GET /session/adf199ce321191b0d42bf89d7113c6d5/screenshot - {}
RESULT: {}
COMMAND: POST /session/adf199ce321191b0d42bf89d7113c6d5/execute/async - {"script":"<script> [1562 bytes]","args":[{"selector":{"id":"application-managepricingrules-display-component---priceInfoItem--smartFilterBar-btnBasicSearch","interaction":{"idSuffix":"I"}},"wdio_ui5_key":"applicationmanagepricingrules-display-component---priceInfoItem--smartFilterBar-btnBasicSearch"}]}
RESULT: {"script":"<script> [1562 bytes]","args":[{"selector":{"id":"application-managepricingrules-display-component---priceInfoItem--smartFilterBar-btnBasicSearch","interaction":{"idSuffix":"I"}},"wdio_ui5_key":"applicationmanagepricingrules-display-component---priceInfoItem--smartFilterBar-btnBasicSearch"}]}
RESULT: undefined
COMMAND: POST /session/adf199ce321191b0d42bf89d7113c6d5/execute/async - {"script":"<script> [776 bytes]","args":[{"enterText":"200455","selector":{"id":"application-managepricingrules-display-component---priceInfoItem--smartFilterBar-btnBasicSearch","interaction":{"idSuffix":"I"}},"clearTextFirst":true,"interactionType":"ENTER_TEXT"}]}
RESULT: {"script":"<script> [776 bytes]","args":[{"enterText":"200455","selector":{"id":"application-managepricingrules-display-component---priceInfoItem--smartFilterBar-btnBasicSearch","interaction":{"idSuffix":"I"}},"clearTextFirst":true,"interactionType":"ENTER_TEXT"}]}
COMMAND: POST /session/adf199ce321191b0d42bf89d7113c6d5/actions - {"actions":[{"id":"action21","type":"key","parameters":{},"actions":[{"type":"keyDown","value":""},{"type":"pause","duration":10},{"type":"keyUp","value":""}]}]}
RESULT: {"actions":[{"id":"action21","type":"key","parameters":{},"actions":[{"type":"keyDown","value":""},{"type":"pause","duration":10},{"type":"keyUp","value":""}]}]}
COMMAND: GET /session/adf199ce321191b0d42bf89d7113c6d5/screenshot - {}
RESULT: {}
COMMAND: POST /session/adf199ce321191b0d42bf89d7113c6d5/element - {"using":"xpath","value":"//span[@id=\"application-managepricingrules-display-component---priceInfoItem--smartTable-header-inner\"]"}
RESULT: {"using":"xpath","value":"//span[@id=\"application-managepricingrules-display-component---priceInfoItem--smartTable-header-inner\"]"}
COMMAND: POST /session/adf199ce321191b0d42bf89d7113c6d5/elements - {"using":"xpath","value":"//span[@id=\"application-managepricingrules-display-component---priceInfoItem--smartTable-header-inner\"]"}
RESULT: {"using":"xpath","value":"//span[@id=\"application-managepricingrules-display-component---priceInfoItem--smartTable-header-inner\"]"}
COMMAND: POST /session/adf199ce321191b0d42bf89d7113c6d5/execute/sync - {"script":"<script> [56 bytes]","args":[{"element-6066-11e4-a52e-4f735466cecf":"f.53561D77C6482DD9DDA73AB31B5C064E.d.A92D9D1F1F4EAD63911127BA18DE5F2B.e.7317","ELEMENT":"f.53561D77C6482DD9DDA73AB31B5C064E.d.A92D9D1F1F4EAD63911127BA18DE5F2B.e.7317"}]}
RESULT: {"script":"<script> [56 bytes]","args":[{"element-6066-11e4-a52e-4f735466cecf":"f.53561D77C6482DD9DDA73AB31B5C064E.d.A92D9D1F1F4EAD63911127BA18DE5F2B.e.7317","ELEMENT":"f.53561D77C6482DD9DDA73AB31B5C064E.d.A92D9D1F1F4EAD63911127BA18DE5F2B.e.7317"}]}
COMMAND: POST /session/adf199ce321191b0d42bf89d7113c6d5/element - {"using":"css selector","value":"#shell-header-logo"}
COMMAND: GET /session/adf199ce321191b0d42bf89d7113c6d5/screenshot - {}
RESULT: {"using":"css selector","value":"#shell-header-logo"}
COMMAND: POST /session/adf199ce321191b0d42bf89d7113c6d5/element/f.53561D77C6482DD9DDA73AB31B5C064E.d.A92D9D1F1F4EAD63911127BA18DE5F2B.e.6547/click - {}
RESULT: {}
RESULT: {}
COMMAND: GET /session/adf199ce321191b0d42bf89d7113c6d5/screenshot - {}
RESULT: {}
]]></system-out>
    </testcase>
    <testcase classname="chrome.135_0_7049_42.windows.US134625_Set_up_price_condition_-_one_time" name="Should create new condition one time" time="70.421">
      <system-out><![CDATA[
COMMAND: POST /session/adf199ce321191b0d42bf89d7113c6d5/execute/async - {"script":"<script> [1562 bytes]","args":[{"selector":{"controlType":"sap.m.Text","properties":{"text":"Manage Conditions & Prices"},"interaction":{"idSuffix":"inner"}},"wdio_ui5_key":"sapm.Text{\"text\":\"Manage Conditions & Prices\"}"}]}
RESULT: {"script":"<script> [1562 bytes]","args":[{"selector":{"controlType":"sap.m.Text","properties":{"text":"Manage Conditions & Prices"},"interaction":{"idSuffix":"inner"}},"wdio_ui5_key":"sapm.Text{\"text\":\"Manage Conditions & Prices\"}"}]}
RESULT: undefined
COMMAND: POST /session/adf199ce321191b0d42bf89d7113c6d5/element - {"using":"xpath","value":"//*[@id=\"__tile53-title\"]"}
RESULT: {"using":"xpath","value":"//*[@id=\"__tile53-title\"]"}
COMMAND: POST /session/adf199ce321191b0d42bf89d7113c6d5/element/f.53561D77C6482DD9DDA73AB31B5C064E.d.A92D9D1F1F4EAD63911127BA18DE5F2B.e.7320/click - {}
RESULT: {}
COMMAND: POST /session/adf199ce321191b0d42bf89d7113c6d5/element - {"using":"xpath","value":"//button[@aria-label=\"Create\"]"}
COMMAND: GET /session/adf199ce321191b0d42bf89d7113c6d5/screenshot - {}
RESULT: {"using":"xpath","value":"//button[@aria-label=\"Create\"]"}
COMMAND: POST /session/adf199ce321191b0d42bf89d7113c6d5/elements - {"using":"xpath","value":"//button[@aria-label=\"Create\"]"}
RESULT: {}
RESULT: {"using":"xpath","value":"//button[@aria-label=\"Create\"]"}
COMMAND: POST /session/adf199ce321191b0d42bf89d7113c6d5/elements - {"using":"xpath","value":"//button[@aria-label=\"Create\"]"}
RESULT: {"using":"xpath","value":"//button[@aria-label=\"Create\"]"}
COMMAND: POST /session/adf199ce321191b0d42bf89d7113c6d5/elements - {"using":"xpath","value":"//button[@aria-label=\"Create\"]"}
RESULT: {"using":"xpath","value":"//button[@aria-label=\"Create\"]"}
COMMAND: POST /session/adf199ce321191b0d42bf89d7113c6d5/elements - {"using":"xpath","value":"//button[@aria-label=\"Create\"]"}
RESULT: {"using":"xpath","value":"//button[@aria-label=\"Create\"]"}
COMMAND: POST /session/adf199ce321191b0d42bf89d7113c6d5/elements - {"using":"xpath","value":"//button[@aria-label=\"Create\"]"}
RESULT: {"using":"xpath","value":"//button[@aria-label=\"Create\"]"}
COMMAND: POST /session/adf199ce321191b0d42bf89d7113c6d5/elements - {"using":"xpath","value":"//button[@aria-label=\"Create\"]"}
RESULT: {"using":"xpath","value":"//button[@aria-label=\"Create\"]"}
COMMAND: POST /session/adf199ce321191b0d42bf89d7113c6d5/elements - {"using":"xpath","value":"//button[@aria-label=\"Create\"]"}
RESULT: {"using":"xpath","value":"//button[@aria-label=\"Create\"]"}
COMMAND: POST /session/adf199ce321191b0d42bf89d7113c6d5/elements - {"using":"xpath","value":"//button[@aria-label=\"Create\"]"}
RESULT: {"using":"xpath","value":"//button[@aria-label=\"Create\"]"}
COMMAND: POST /session/adf199ce321191b0d42bf89d7113c6d5/elements - {"using":"xpath","value":"//button[@aria-label=\"Create\"]"}
RESULT: {"using":"xpath","value":"//button[@aria-label=\"Create\"]"}
COMMAND: POST /session/adf199ce321191b0d42bf89d7113c6d5/element - {"using":"xpath","value":"//button[@aria-label=\"Create\"]"}
RESULT: {"using":"xpath","value":"//button[@aria-label=\"Create\"]"}
COMMAND: POST /session/adf199ce321191b0d42bf89d7113c6d5/execute/sync - {"script":"<script> [8489 bytes]","args":[{"element-6066-11e4-a52e-4f735466cecf":"f.53561D77C6482DD9DDA73AB31B5C064E.d.A92D9D1F1F4EAD63911127BA18DE5F2B.e.7354","ELEMENT":"f.53561D77C6482DD9DDA73AB31B5C064E.d.A92D9D1F1F4EAD63911127BA18DE5F2B.e.7354"}]}
RESULT: {"script":"<script> [8489 bytes]","args":[{"element-6066-11e4-a52e-4f735466cecf":"f.53561D77C6482DD9DDA73AB31B5C064E.d.A92D9D1F1F4EAD63911127BA18DE5F2B.e.7354","ELEMENT":"f.53561D77C6482DD9DDA73AB31B5C064E.d.A92D9D1F1F4EAD63911127BA18DE5F2B.e.7354"}]}
COMMAND: GET /session/adf199ce321191b0d42bf89d7113c6d5/element/f.53561D77C6482DD9DDA73AB31B5C064E.d.A92D9D1F1F4EAD63911127BA18DE5F2B.e.7354/enabled - {}
COMMAND: GET /session/adf199ce321191b0d42bf89d7113c6d5/screenshot - {}
RESULT: {}
COMMAND: POST /session/adf199ce321191b0d42bf89d7113c6d5/execute/sync - {"script":"<script> [8489 bytes]","args":[{"element-6066-11e4-a52e-4f735466cecf":"f.53561D77C6482DD9DDA73AB31B5C064E.d.A92D9D1F1F4EAD63911127BA18DE5F2B.e.7354","ELEMENT":"f.53561D77C6482DD9DDA73AB31B5C064E.d.A92D9D1F1F4EAD63911127BA18DE5F2B.e.7354"}]}
COMMAND: GET /session/adf199ce321191b0d42bf89d7113c6d5/screenshot - {}
RESULT: {}
RESULT: {"script":"<script> [8489 bytes]","args":[{"element-6066-11e4-a52e-4f735466cecf":"f.53561D77C6482DD9DDA73AB31B5C064E.d.A92D9D1F1F4EAD63911127BA18DE5F2B.e.7354","ELEMENT":"f.53561D77C6482DD9DDA73AB31B5C064E.d.A92D9D1F1F4EAD63911127BA18DE5F2B.e.7354"}]}
COMMAND: POST /session/adf199ce321191b0d42bf89d7113c6d5/execute/sync - {"script":"<script> [5351 bytes]","args":[{"element-6066-11e4-a52e-4f735466cecf":"f.53561D77C6482DD9DDA73AB31B5C064E.d.A92D9D1F1F4EAD63911127BA18DE5F2B.e.7354","ELEMENT":"f.53561D77C6482DD9DDA73AB31B5C064E.d.A92D9D1F1F4EAD63911127BA18DE5F2B.e.7354"}]}
COMMAND: GET /session/adf199ce321191b0d42bf89d7113c6d5/screenshot - {}
RESULT: {}
RESULT: {"script":"<script> [5351 bytes]","args":[{"element-6066-11e4-a52e-4f735466cecf":"f.53561D77C6482DD9DDA73AB31B5C064E.d.A92D9D1F1F4EAD63911127BA18DE5F2B.e.7354","ELEMENT":"f.53561D77C6482DD9DDA73AB31B5C064E.d.A92D9D1F1F4EAD63911127BA18DE5F2B.e.7354"}]}
COMMAND: POST /session/adf199ce321191b0d42bf89d7113c6d5/element/f.53561D77C6482DD9DDA73AB31B5C064E.d.A92D9D1F1F4EAD63911127BA18DE5F2B.e.7354/click - {}
COMMAND: GET /session/adf199ce321191b0d42bf89d7113c6d5/screenshot - {}
RESULT: {}
RESULT: {}
COMMAND: GET /session/adf199ce321191b0d42bf89d7113c6d5/screenshot - {}
RESULT: {}
RESULT: {}
COMMAND: POST /session/adf199ce321191b0d42bf89d7113c6d5/actions - {"actions":[{"id":"action22","type":"key","parameters":{},"actions":[{"type":"keyDown","value":""},{"type":"pause","duration":10},{"type":"keyUp","value":""}]}]}
RESULT: {"actions":[{"id":"action22","type":"key","parameters":{},"actions":[{"type":"keyDown","value":""},{"type":"pause","duration":10},{"type":"keyUp","value":""}]}]}
COMMAND: GET /session/adf199ce321191b0d42bf89d7113c6d5/screenshot - {}
RESULT: {}
COMMAND: POST /session/adf199ce321191b0d42bf89d7113c6d5/execute/async - {"script":"<script> [1562 bytes]","args":[{"selector":{"id":"application-manageconditionprice-display-component---newCondition--condBillCond-arrow"},"wdio_ui5_key":"applicationmanageconditionprice-display-component---newCondition--condBillCond-arrow"}]}
RESULT: {"script":"<script> [1562 bytes]","args":[{"selector":{"id":"application-manageconditionprice-display-component---newCondition--condBillCond-arrow"},"wdio_ui5_key":"applicationmanageconditionprice-display-component---newCondition--condBillCond-arrow"}]}
RESULT: undefined
COMMAND: POST /session/adf199ce321191b0d42bf89d7113c6d5/element - {"using":"xpath","value":"//*[@id=\"application-manageconditionprice-display-component---newCondition--condBillCond-arrow\"]"}
RESULT: {"using":"xpath","value":"//*[@id=\"application-manageconditionprice-display-component---newCondition--condBillCond-arrow\"]"}
COMMAND: POST /session/adf199ce321191b0d42bf89d7113c6d5/element/f.53561D77C6482DD9DDA73AB31B5C064E.d.A92D9D1F1F4EAD63911127BA18DE5F2B.e.7535/click - {}
RESULT: {}
COMMAND: GET /session/adf199ce321191b0d42bf89d7113c6d5/screenshot - {}
RESULT: {}
COMMAND: POST /session/adf199ce321191b0d42bf89d7113c6d5/element - {"using":"xpath","value":"//li[.//span[contains(text(), \"SAPR - Sales price\")]]"}
RESULT: {"using":"xpath","value":"//li[.//span[contains(text(), \"SAPR - Sales price\")]]"}
COMMAND: POST /session/adf199ce321191b0d42bf89d7113c6d5/element/f.53561D77C6482DD9DDA73AB31B5C064E.d.A92D9D1F1F4EAD63911127BA18DE5F2B.e.7538/click - {}
RESULT: {}
COMMAND: GET /session/adf199ce321191b0d42bf89d7113c6d5/screenshot - {}
RESULT: {}
COMMAND: POST /session/adf199ce321191b0d42bf89d7113c6d5/execute/async - {"script":"<script> [1562 bytes]","args":[{"selector":{"id":"application-manageconditionprice-display-component---newCondition--condValidTo","interaction":{"idSuffix":"inner"}},"wdio_ui5_key":"applicationmanageconditionprice-display-component---newCondition--condValidTo"}]}
RESULT: {"script":"<script> [1562 bytes]","args":[{"selector":{"id":"application-manageconditionprice-display-component---newCondition--condValidTo","interaction":{"idSuffix":"inner"}},"wdio_ui5_key":"applicationmanageconditionprice-display-component---newCondition--condValidTo"}]}
RESULT: undefined
COMMAND: POST /session/adf199ce321191b0d42bf89d7113c6d5/execute/async - {"script":"<script> [776 bytes]","args":[{"enterText":"12/23/25","selector":{"id":"application-manageconditionprice-display-component---newCondition--condValidTo","interaction":{"idSuffix":"inner"}},"clearTextFirst":true,"interactionType":"ENTER_TEXT"}]}
RESULT: {"script":"<script> [776 bytes]","args":[{"enterText":"12/23/25","selector":{"id":"application-manageconditionprice-display-component---newCondition--condValidTo","interaction":{"idSuffix":"inner"}},"clearTextFirst":true,"interactionType":"ENTER_TEXT"}]}
COMMAND: POST /session/adf199ce321191b0d42bf89d7113c6d5/element - {"using":"xpath","value":"//input[@id=\"application-manageconditionprice-display-component---newCondition--condRU-inner\"]"}
RESULT: {"using":"xpath","value":"//input[@id=\"application-manageconditionprice-display-component---newCondition--condRU-inner\"]"}
COMMAND: POST /session/adf199ce321191b0d42bf89d7113c6d5/element/f.53561D77C6482DD9DDA73AB31B5C064E.d.A92D9D1F1F4EAD63911127BA18DE5F2B.e.7400/clear - {}
RESULT: {}
COMMAND: POST /session/adf199ce321191b0d42bf89d7113c6d5/element/f.53561D77C6482DD9DDA73AB31B5C064E.d.A92D9D1F1F4EAD63911127BA18DE5F2B.e.7400/value - {"text":"200455"}
COMMAND: GET /session/adf199ce321191b0d42bf89d7113c6d5/screenshot - {}
RESULT: {"text":"200455"}
COMMAND: GET /session/adf199ce321191b0d42bf89d7113c6d5/screenshot - {}
RESULT: {}
RESULT: {}
COMMAND: POST /session/adf199ce321191b0d42bf89d7113c6d5/actions - {"actions":[{"id":"action23","type":"key","parameters":{},"actions":[{"type":"keyDown","value":""},{"type":"pause","duration":10},{"type":"keyUp","value":""}]}]}
RESULT: {"actions":[{"id":"action23","type":"key","parameters":{},"actions":[{"type":"keyDown","value":""},{"type":"pause","duration":10},{"type":"keyUp","value":""}]}]}
COMMAND: POST /session/adf199ce321191b0d42bf89d7113c6d5/execute/async - {"script":"<script> [1562 bytes]","args":[{"selector":{"id":"application-manageconditionprice-display-component---newCondition--condBaseQty","interaction":{"idSuffix":"inner"}},"wdio_ui5_key":"applicationmanageconditionprice-display-component---newCondition--condBaseQty"}]}
COMMAND: GET /session/adf199ce321191b0d42bf89d7113c6d5/screenshot - {}
RESULT: {"script":"<script> [1562 bytes]","args":[{"selector":{"id":"application-manageconditionprice-display-component---newCondition--condBaseQty","interaction":{"idSuffix":"inner"}},"wdio_ui5_key":"applicationmanageconditionprice-display-component---newCondition--condBaseQty"}]}
RESULT: undefined
COMMAND: POST /session/adf199ce321191b0d42bf89d7113c6d5/execute/async - {"script":"<script> [776 bytes]","args":[{"enterText":"1","selector":{"id":"application-manageconditionprice-display-component---newCondition--condBaseQty","interaction":{"idSuffix":"inner"}},"clearTextFirst":true,"interactionType":"ENTER_TEXT"}]}
RESULT: {}
RESULT: {"script":"<script> [776 bytes]","args":[{"enterText":"1","selector":{"id":"application-manageconditionprice-display-component---newCondition--condBaseQty","interaction":{"idSuffix":"inner"}},"clearTextFirst":true,"interactionType":"ENTER_TEXT"}]}
COMMAND: POST /session/adf199ce321191b0d42bf89d7113c6d5/execute/async - {"script":"<script> [1562 bytes]","args":[{"selector":{"id":"application-manageconditionprice-display-component---newCondition--condValue","interaction":{"idSuffix":"inner"}},"wdio_ui5_key":"applicationmanageconditionprice-display-component---newCondition--condValue"}]}
RESULT: {"script":"<script> [1562 bytes]","args":[{"selector":{"id":"application-manageconditionprice-display-component---newCondition--condValue","interaction":{"idSuffix":"inner"}},"wdio_ui5_key":"applicationmanageconditionprice-display-component---newCondition--condValue"}]}
RESULT: undefined
COMMAND: POST /session/adf199ce321191b0d42bf89d7113c6d5/execute/async - {"script":"<script> [776 bytes]","args":[{"enterText":"100.00","selector":{"id":"application-manageconditionprice-display-component---newCondition--condValue","interaction":{"idSuffix":"inner"}},"clearTextFirst":true,"interactionType":"ENTER_TEXT"}]}
RESULT: {"script":"<script> [776 bytes]","args":[{"enterText":"100.00","selector":{"id":"application-manageconditionprice-display-component---newCondition--condValue","interaction":{"idSuffix":"inner"}},"clearTextFirst":true,"interactionType":"ENTER_TEXT"}]}
COMMAND: POST /session/adf199ce321191b0d42bf89d7113c6d5/execute/async - {"script":"<script> [1562 bytes]","args":[{"selector":{"id":"application-manageconditionprice-display-component---newCondition--condCurr-arrow"},"wdio_ui5_key":"applicationmanageconditionprice-display-component---newCondition--condCurr-arrow"}]}
RESULT: {"script":"<script> [1562 bytes]","args":[{"selector":{"id":"application-manageconditionprice-display-component---newCondition--condCurr-arrow"},"wdio_ui5_key":"applicationmanageconditionprice-display-component---newCondition--condCurr-arrow"}]}
RESULT: undefined
COMMAND: POST /session/adf199ce321191b0d42bf89d7113c6d5/element - {"using":"xpath","value":"//*[@id=\"application-manageconditionprice-display-component---newCondition--condCurr-arrow\"]"}
RESULT: {"using":"xpath","value":"//*[@id=\"application-manageconditionprice-display-component---newCondition--condCurr-arrow\"]"}
COMMAND: POST /session/adf199ce321191b0d42bf89d7113c6d5/element/f.53561D77C6482DD9DDA73AB31B5C064E.d.A92D9D1F1F4EAD63911127BA18DE5F2B.e.7504/click - {}
RESULT: {}
COMMAND: POST /session/adf199ce321191b0d42bf89d7113c6d5/element - {"using":"xpath","value":"//span[contains(text(), \"Euro\")]"}
COMMAND: GET /session/adf199ce321191b0d42bf89d7113c6d5/screenshot - {}
RESULT: {"using":"xpath","value":"//span[contains(text(), \"Euro\")]"}
COMMAND: POST /session/adf199ce321191b0d42bf89d7113c6d5/element/f.53561D77C6482DD9DDA73AB31B5C064E.d.A92D9D1F1F4EAD63911127BA18DE5F2B.e.7576/click - {}
RESULT: {}
RESULT: {}
COMMAND: POST /session/adf199ce321191b0d42bf89d7113c6d5/element - {"using":"xpath","value":"//button[@data-kt=\"saveButton\"]"}
COMMAND: GET /session/adf199ce321191b0d42bf89d7113c6d5/screenshot - {}
RESULT: {"using":"xpath","value":"//button[@data-kt=\"saveButton\"]"}
COMMAND: POST /session/adf199ce321191b0d42bf89d7113c6d5/element/f.53561D77C6482DD9DDA73AB31B5C064E.d.A92D9D1F1F4EAD63911127BA18DE5F2B.e.7505/click - {}
RESULT: {}
RESULT: {}
COMMAND: GET /session/adf199ce321191b0d42bf89d7113c6d5/screenshot - {}
RESULT: {}
COMMAND: POST /session/adf199ce321191b0d42bf89d7113c6d5/execute/async - {"script":"<script> [1562 bytes]","args":[{"selector":{"id":"application-manageconditionprice-display-component---conditions--smartFilterBar-btnBasicSearch","interaction":{"idSuffix":"I"}},"wdio_ui5_key":"applicationmanageconditionprice-display-component---conditions--smartFilterBar-btnBasicSearch"}]}
RESULT: {"script":"<script> [1562 bytes]","args":[{"selector":{"id":"application-manageconditionprice-display-component---conditions--smartFilterBar-btnBasicSearch","interaction":{"idSuffix":"I"}},"wdio_ui5_key":"applicationmanageconditionprice-display-component---conditions--smartFilterBar-btnBasicSearch"}]}
RESULT: undefined
COMMAND: POST /session/adf199ce321191b0d42bf89d7113c6d5/execute/async - {"script":"<script> [776 bytes]","args":[{"enterText":"200455","selector":{"id":"application-manageconditionprice-display-component---conditions--smartFilterBar-btnBasicSearch","interaction":{"idSuffix":"I"}},"clearTextFirst":true,"interactionType":"ENTER_TEXT"}]}
RESULT: {"script":"<script> [776 bytes]","args":[{"enterText":"200455","selector":{"id":"application-manageconditionprice-display-component---conditions--smartFilterBar-btnBasicSearch","interaction":{"idSuffix":"I"}},"clearTextFirst":true,"interactionType":"ENTER_TEXT"}]}
COMMAND: POST /session/adf199ce321191b0d42bf89d7113c6d5/actions - {"actions":[{"id":"action24","type":"key","parameters":{},"actions":[{"type":"keyDown","value":""},{"type":"pause","duration":10},{"type":"keyUp","value":""}]}]}
RESULT: {"actions":[{"id":"action24","type":"key","parameters":{},"actions":[{"type":"keyDown","value":""},{"type":"pause","duration":10},{"type":"keyUp","value":""}]}]}
COMMAND: GET /session/adf199ce321191b0d42bf89d7113c6d5/screenshot - {}
RESULT: {}
COMMAND: POST /session/adf199ce321191b0d42bf89d7113c6d5/execute/async - {"script":"<script> [1562 bytes]","args":[{"selector":{"id":"application-manageconditionprice-display-component---conditions--smartFilterBar-filterItemControl_BASIC-BILL_TYPES-vhi"},"wdio_ui5_key":"applicationmanageconditionprice-display-component---conditions--smartFilterBar-filterItemControl_BASIC-BILL_TYPES-vhi"}]}
RESULT: {"script":"<script> [1562 bytes]","args":[{"selector":{"id":"application-manageconditionprice-display-component---conditions--smartFilterBar-filterItemControl_BASIC-BILL_TYPES-vhi"},"wdio_ui5_key":"applicationmanageconditionprice-display-component---conditions--smartFilterBar-filterItemControl_BASIC-BILL_TYPES-vhi"}]}
RESULT: undefined
COMMAND: POST /session/adf199ce321191b0d42bf89d7113c6d5/element - {"using":"xpath","value":"//*[@id=\"application-manageconditionprice-display-component---conditions--smartFilterBar-filterItemControl_BASIC-BILL_TYPES-vhi\"]"}
RESULT: {"using":"xpath","value":"//*[@id=\"application-manageconditionprice-display-component---conditions--smartFilterBar-filterItemControl_BASIC-BILL_TYPES-vhi\"]"}
COMMAND: POST /session/adf199ce321191b0d42bf89d7113c6d5/element/f.53561D77C6482DD9DDA73AB31B5C064E.d.A92D9D1F1F4EAD63911127BA18DE5F2B.e.7592/click - {}
RESULT: {}
COMMAND: POST /session/adf199ce321191b0d42bf89d7113c6d5/execute/async - {"script":"<script> [1562 bytes]","args":[{"selector":{"id":"application-manageconditionprice-display-component---conditions--smartFilterBar-filterItemControl_BASIC-BILL_TYPES-valueHelpDialog-smartFilterBar-btnBasicSearch","searchOpenDialogs":true,"interaction":{"idSuffix":"I"}},"wdio_ui5_key":"applicationmanageconditionprice-display-component---conditions--smartFilterBar-filterItemControl_BASIC-BILL_TYPES-valueHelpDialog-smartFilterBar-btnBasicSearch"}]}
COMMAND: GET /session/adf199ce321191b0d42bf89d7113c6d5/screenshot - {}
RESULT: {"script":"<script> [1562 bytes]","args":[{"selector":{"id":"application-manageconditionprice-display-component---conditions--smartFilterBar-filterItemControl_BASIC-BILL_TYPES-valueHelpDialog-smartFilterBar-btnBasicSearch","searchOpenDialogs":true,"interaction":{"idSuffix":"I"}},"wdio_ui5_key":"applicationmanageconditionprice-display-component---conditions--smartFilterBar-filterItemControl_BASIC-BILL_TYPES-valueHelpDialog-smartFilterBar-btnBasicSearch"}]}
RESULT: undefined
COMMAND: POST /session/adf199ce321191b0d42bf89d7113c6d5/execute/async - {"script":"<script> [776 bytes]","args":[{"enterText":"one","selector":{"id":"application-manageconditionprice-display-component---conditions--smartFilterBar-filterItemControl_BASIC-BILL_TYPES-valueHelpDialog-smartFilterBar-btnBasicSearch","searchOpenDialogs":true,"interaction":{"idSuffix":"I"}},"clearTextFirst":true,"interactionType":"ENTER_TEXT"}]}
RESULT: {}
RESULT: {"script":"<script> [776 bytes]","args":[{"enterText":"one","selector":{"id":"application-manageconditionprice-display-component---conditions--smartFilterBar-filterItemControl_BASIC-BILL_TYPES-valueHelpDialog-smartFilterBar-btnBasicSearch","searchOpenDialogs":true,"interaction":{"idSuffix":"I"}},"clearTextFirst":true,"interactionType":"ENTER_TEXT"}]}
COMMAND: POST /session/adf199ce321191b0d42bf89d7113c6d5/actions - {"actions":[{"id":"action25","type":"key","parameters":{},"actions":[{"type":"keyDown","value":""},{"type":"pause","duration":10},{"type":"keyUp","value":""}]}]}
RESULT: {"actions":[{"id":"action25","type":"key","parameters":{},"actions":[{"type":"keyDown","value":""},{"type":"pause","duration":10},{"type":"keyUp","value":""}]}]}
COMMAND: GET /session/adf199ce321191b0d42bf89d7113c6d5/screenshot - {}
RESULT: {}
COMMAND: POST /session/adf199ce321191b0d42bf89d7113c6d5/element - {"using":"xpath","value":"//div[contains(@id, 'application-manageconditionprice-display-component---conditions--smartFilterBar-filterItemControl_BASIC-BILL_TYPES-valueHelpDialog-table-rowsel0')]"}
RESULT: {"using":"xpath","value":"//div[contains(@id, 'application-manageconditionprice-display-component---conditions--smartFilterBar-filterItemControl_BASIC-BILL_TYPES-valueHelpDialog-table-rowsel0')]"}
COMMAND: POST /session/adf199ce321191b0d42bf89d7113c6d5/element/f.53561D77C6482DD9DDA73AB31B5C064E.d.A92D9D1F1F4EAD63911127BA18DE5F2B.e.7601/click - {}
RESULT: {}
COMMAND: GET /session/adf199ce321191b0d42bf89d7113c6d5/screenshot - {}
RESULT: {}
COMMAND: POST /session/adf199ce321191b0d42bf89d7113c6d5/element - {"using":"xpath","value":"//bdi[contains(text(), \"OK\")]"}
RESULT: {"using":"xpath","value":"//bdi[contains(text(), \"OK\")]"}
COMMAND: POST /session/adf199ce321191b0d42bf89d7113c6d5/element/f.53561D77C6482DD9DDA73AB31B5C064E.d.A92D9D1F1F4EAD63911127BA18DE5F2B.e.7603/click - {}
RESULT: {}
COMMAND: GET /session/adf199ce321191b0d42bf89d7113c6d5/screenshot - {}
RESULT: {}
COMMAND: POST /session/adf199ce321191b0d42bf89d7113c6d5/element - {"using":"xpath","value":"//span[@id=\"application-manageconditionprice-display-component---conditions--smartTable-header-inner\"]"}
RESULT: {"using":"xpath","value":"//span[@id=\"application-manageconditionprice-display-component---conditions--smartTable-header-inner\"]"}
COMMAND: POST /session/adf199ce321191b0d42bf89d7113c6d5/elements - {"using":"xpath","value":"//span[@id=\"application-manageconditionprice-display-component---conditions--smartTable-header-inner\"]"}
RESULT: {"using":"xpath","value":"//span[@id=\"application-manageconditionprice-display-component---conditions--smartTable-header-inner\"]"}
COMMAND: POST /session/adf199ce321191b0d42bf89d7113c6d5/execute/sync - {"script":"<script> [56 bytes]","args":[{"element-6066-11e4-a52e-4f735466cecf":"f.53561D77C6482DD9DDA73AB31B5C064E.d.A92D9D1F1F4EAD63911127BA18DE5F2B.e.7606","ELEMENT":"f.53561D77C6482DD9DDA73AB31B5C064E.d.A92D9D1F1F4EAD63911127BA18DE5F2B.e.7606"}]}
RESULT: {"script":"<script> [56 bytes]","args":[{"element-6066-11e4-a52e-4f735466cecf":"f.53561D77C6482DD9DDA73AB31B5C064E.d.A92D9D1F1F4EAD63911127BA18DE5F2B.e.7606","ELEMENT":"f.53561D77C6482DD9DDA73AB31B5C064E.d.A92D9D1F1F4EAD63911127BA18DE5F2B.e.7606"}]}
COMMAND: POST /session/adf199ce321191b0d42bf89d7113c6d5/element - {"using":"css selector","value":"#shell-header-logo"}
COMMAND: GET /session/adf199ce321191b0d42bf89d7113c6d5/screenshot - {}
RESULT: {"using":"css selector","value":"#shell-header-logo"}
COMMAND: POST /session/adf199ce321191b0d42bf89d7113c6d5/element/f.53561D77C6482DD9DDA73AB31B5C064E.d.A92D9D1F1F4EAD63911127BA18DE5F2B.e.7322/click - {}
RESULT: {}
RESULT: {}
COMMAND: GET /session/adf199ce321191b0d42bf89d7113c6d5/screenshot - {}
RESULT: {}
]]></system-out>
    </testcase>
    <testcase classname="chrome.135_0_7049_42.windows.US134625_Set_up_price_condition_-_one_time" name="Should create a new contract" time="75.789">
      <system-out><![CDATA[
COMMAND: POST /session/adf199ce321191b0d42bf89d7113c6d5/execute/async - {"script":"<script> [1562 bytes]","args":[{"selector":{"controlType":"sap.m.Text","viewName":"etm.portal.ui.managecontractstile.view.Master","properties":{"text":"Manage Contracts"},"interaction":{"idSuffix":"inner"}},"wdio_ui5_key":"etmportal.ui.managecontractstile.view.Mastersap.m.Text{\"text\":\"Manage Contracts\"}"}]}
RESULT: {"script":"<script> [1562 bytes]","args":[{"selector":{"controlType":"sap.m.Text","viewName":"etm.portal.ui.managecontractstile.view.Master","properties":{"text":"Manage Contracts"},"interaction":{"idSuffix":"inner"}},"wdio_ui5_key":"etmportal.ui.managecontractstile.view.Mastersap.m.Text{\"text\":\"Manage Contracts\"}"}]}
RESULT: undefined
COMMAND: POST /session/adf199ce321191b0d42bf89d7113c6d5/element - {"using":"xpath","value":"//*[@id=\"__tile130-title\"]"}
RESULT: {"using":"xpath","value":"//*[@id=\"__tile130-title\"]"}
COMMAND: POST /session/adf199ce321191b0d42bf89d7113c6d5/element/f.53561D77C6482DD9DDA73AB31B5C064E.d.A92D9D1F1F4EAD63911127BA18DE5F2B.e.7611/click - {}
RESULT: {}
COMMAND: GET /session/adf199ce321191b0d42bf89d7113c6d5/screenshot - {}
RESULT: {}
COMMAND: POST /session/adf199ce321191b0d42bf89d7113c6d5/element - {"using":"xpath","value":"//button[@data-kt=\"addButton\"]"}
RESULT: {"using":"xpath","value":"//button[@data-kt=\"addButton\"]"}
COMMAND: POST /session/adf199ce321191b0d42bf89d7113c6d5/elements - {"using":"xpath","value":"//button[@data-kt=\"addButton\"]"}
RESULT: {"using":"xpath","value":"//button[@data-kt=\"addButton\"]"}
COMMAND: POST /session/adf199ce321191b0d42bf89d7113c6d5/elements - {"using":"xpath","value":"//button[@data-kt=\"addButton\"]"}
RESULT: undefined
RESULT: {"using":"xpath","value":"//button[@data-kt=\"addButton\"]"}
COMMAND: POST /session/adf199ce321191b0d42bf89d7113c6d5/elements - {"using":"xpath","value":"//button[@data-kt=\"addButton\"]"}
RESULT: {"using":"xpath","value":"//button[@data-kt=\"addButton\"]"}
COMMAND: POST /session/adf199ce321191b0d42bf89d7113c6d5/elements - {"using":"xpath","value":"//button[@data-kt=\"addButton\"]"}
RESULT: {"using":"xpath","value":"//button[@data-kt=\"addButton\"]"}
COMMAND: POST /session/adf199ce321191b0d42bf89d7113c6d5/elements - {"using":"xpath","value":"//button[@data-kt=\"addButton\"]"}
RESULT: {"using":"xpath","value":"//button[@data-kt=\"addButton\"]"}
COMMAND: POST /session/adf199ce321191b0d42bf89d7113c6d5/element - {"using":"xpath","value":"//button[@data-kt=\"addButton\"]"}
RESULT: {"using":"xpath","value":"//button[@data-kt=\"addButton\"]"}
COMMAND: POST /session/adf199ce321191b0d42bf89d7113c6d5/execute/sync - {"script":"<script> [8489 bytes]","args":[{"element-6066-11e4-a52e-4f735466cecf":"f.53561D77C6482DD9DDA73AB31B5C064E.d.A92D9D1F1F4EAD63911127BA18DE5F2B.e.7660","ELEMENT":"f.53561D77C6482DD9DDA73AB31B5C064E.d.A92D9D1F1F4EAD63911127BA18DE5F2B.e.7660"}]}
RESULT: {"script":"<script> [8489 bytes]","args":[{"element-6066-11e4-a52e-4f735466cecf":"f.53561D77C6482DD9DDA73AB31B5C064E.d.A92D9D1F1F4EAD63911127BA18DE5F2B.e.7660","ELEMENT":"f.53561D77C6482DD9DDA73AB31B5C064E.d.A92D9D1F1F4EAD63911127BA18DE5F2B.e.7660"}]}
COMMAND: GET /session/adf199ce321191b0d42bf89d7113c6d5/element/f.53561D77C6482DD9DDA73AB31B5C064E.d.A92D9D1F1F4EAD63911127BA18DE5F2B.e.7660/enabled - {}
COMMAND: GET /session/adf199ce321191b0d42bf89d7113c6d5/screenshot - {}
RESULT: {}
COMMAND: POST /session/adf199ce321191b0d42bf89d7113c6d5/execute/sync - {"script":"<script> [8489 bytes]","args":[{"element-6066-11e4-a52e-4f735466cecf":"f.53561D77C6482DD9DDA73AB31B5C064E.d.A92D9D1F1F4EAD63911127BA18DE5F2B.e.7660","ELEMENT":"f.53561D77C6482DD9DDA73AB31B5C064E.d.A92D9D1F1F4EAD63911127BA18DE5F2B.e.7660"}]}
COMMAND: GET /session/adf199ce321191b0d42bf89d7113c6d5/screenshot - {}
RESULT: {}
RESULT: {"script":"<script> [8489 bytes]","args":[{"element-6066-11e4-a52e-4f735466cecf":"f.53561D77C6482DD9DDA73AB31B5C064E.d.A92D9D1F1F4EAD63911127BA18DE5F2B.e.7660","ELEMENT":"f.53561D77C6482DD9DDA73AB31B5C064E.d.A92D9D1F1F4EAD63911127BA18DE5F2B.e.7660"}]}
COMMAND: POST /session/adf199ce321191b0d42bf89d7113c6d5/execute/sync - {"script":"<script> [5351 bytes]","args":[{"element-6066-11e4-a52e-4f735466cecf":"f.53561D77C6482DD9DDA73AB31B5C064E.d.A92D9D1F1F4EAD63911127BA18DE5F2B.e.7660","ELEMENT":"f.53561D77C6482DD9DDA73AB31B5C064E.d.A92D9D1F1F4EAD63911127BA18DE5F2B.e.7660"}]}
COMMAND: GET /session/adf199ce321191b0d42bf89d7113c6d5/screenshot - {}
RESULT: {}
RESULT: {"script":"<script> [5351 bytes]","args":[{"element-6066-11e4-a52e-4f735466cecf":"f.53561D77C6482DD9DDA73AB31B5C064E.d.A92D9D1F1F4EAD63911127BA18DE5F2B.e.7660","ELEMENT":"f.53561D77C6482DD9DDA73AB31B5C064E.d.A92D9D1F1F4EAD63911127BA18DE5F2B.e.7660"}]}
COMMAND: GET /session/adf199ce321191b0d42bf89d7113c6d5/screenshot - {}
RESULT: {}
RESULT: {}
COMMAND: POST /session/adf199ce321191b0d42bf89d7113c6d5/element/f.53561D77C6482DD9DDA73AB31B5C064E.d.A92D9D1F1F4EAD63911127BA18DE5F2B.e.7660/click - {}
RESULT: {}
COMMAND: GET /session/adf199ce321191b0d42bf89d7113c6d5/screenshot - {}
COMMAND: POST /session/adf199ce321191b0d42bf89d7113c6d5/execute/async - {"script":"<script> [1562 bytes]","args":[{"selector":{"id":"application-managecontracts-display-component---AddNewContract--projectDescription","interaction":{"idSuffix":"inner"}},"wdio_ui5_key":"applicationmanagecontracts-display-component---AddNewContract--projectDescription"}]}
RESULT: {}
RESULT: {"script":"<script> [1562 bytes]","args":[{"selector":{"id":"application-managecontracts-display-component---AddNewContract--projectDescription","interaction":{"idSuffix":"inner"}},"wdio_ui5_key":"applicationmanagecontracts-display-component---AddNewContract--projectDescription"}]}
RESULT: undefined
COMMAND: POST /session/adf199ce321191b0d42bf89d7113c6d5/execute/async - {"script":"<script> [776 bytes]","args":[{"enterText":"Intercompany Contract WDIO","selector":{"id":"application-managecontracts-display-component---AddNewContract--projectDescription","interaction":{"idSuffix":"inner"}},"clearTextFirst":true,"interactionType":"ENTER_TEXT"}]}
RESULT: {"script":"<script> [776 bytes]","args":[{"enterText":"Intercompany Contract WDIO","selector":{"id":"application-managecontracts-display-component---AddNewContract--projectDescription","interaction":{"idSuffix":"inner"}},"clearTextFirst":true,"interactionType":"ENTER_TEXT"}]}
COMMAND: POST /session/adf199ce321191b0d42bf89d7113c6d5/element - {"using":"xpath","value":"//input[@id=\"application-managecontracts-display-component---AddNewContract--site-inner\"]"}
RESULT: {"using":"xpath","value":"//input[@id=\"application-managecontracts-display-component---AddNewContract--site-inner\"]"}
COMMAND: POST /session/adf199ce321191b0d42bf89d7113c6d5/element/f.53561D77C6482DD9DDA73AB31B5C064E.d.A92D9D1F1F4EAD63911127BA18DE5F2B.e.7994/clear - {}
RESULT: {}
COMMAND: POST /session/adf199ce321191b0d42bf89d7113c6d5/element/f.53561D77C6482DD9DDA73AB31B5C064E.d.A92D9D1F1F4EAD63911127BA18DE5F2B.e.7994/value - {"text":"2517"}
COMMAND: GET /session/adf199ce321191b0d42bf89d7113c6d5/screenshot - {}
RESULT: {"text":"2517"}
COMMAND: GET /session/adf199ce321191b0d42bf89d7113c6d5/screenshot - {}
RESULT: {}
RESULT: {}
COMMAND: POST /session/adf199ce321191b0d42bf89d7113c6d5/element - {"using":"xpath","value":"//li[.//span[text()='2517']]"}
RESULT: {"using":"xpath","value":"//li[.//span[text()='2517']]"}
COMMAND: POST /session/adf199ce321191b0d42bf89d7113c6d5/element/f.53561D77C6482DD9DDA73AB31B5C064E.d.A92D9D1F1F4EAD63911127BA18DE5F2B.e.8017/click - {}
RESULT: {}
COMMAND: GET /session/adf199ce321191b0d42bf89d7113c6d5/screenshot - {}
RESULT: {}
COMMAND: POST /session/adf199ce321191b0d42bf89d7113c6d5/element - {"using":"xpath","value":"//input[@id=\"application-managecontracts-display-component---AddNewContract--yardId-inner\"]"}
RESULT: {"using":"xpath","value":"//input[@id=\"application-managecontracts-display-component---AddNewContract--yardId-inner\"]"}
COMMAND: GET /session/adf199ce321191b0d42bf89d7113c6d5/element/f.53561D77C6482DD9DDA73AB31B5C064E.d.A92D9D1F1F4EAD63911127BA18DE5F2B.e.7995/property/value - {}
RESULT: {}
COMMAND: POST /session/adf199ce321191b0d42bf89d7113c6d5/element - {"using":"xpath","value":"//input[@id=\"application-managecontracts-display-component---AddNewContract--customerSelect-inner\"]"}
COMMAND: GET /session/adf199ce321191b0d42bf89d7113c6d5/screenshot - {}
RESULT: {"using":"xpath","value":"//input[@id=\"application-managecontracts-display-component---AddNewContract--customerSelect-inner\"]"}
COMMAND: POST /session/adf199ce321191b0d42bf89d7113c6d5/element/f.53561D77C6482DD9DDA73AB31B5C064E.d.A92D9D1F1F4EAD63911127BA18DE5F2B.e.7993/clear - {}
RESULT: {}
RESULT: {}
COMMAND: POST /session/adf199ce321191b0d42bf89d7113c6d5/element/f.53561D77C6482DD9DDA73AB31B5C064E.d.A92D9D1F1F4EAD63911127BA18DE5F2B.e.7993/value - {"text":"1562"}
COMMAND: GET /session/adf199ce321191b0d42bf89d7113c6d5/screenshot - {}
RESULT: {"text":"1562"}
COMMAND: GET /session/adf199ce321191b0d42bf89d7113c6d5/screenshot - {}
RESULT: {}
RESULT: {}
COMMAND: POST /session/adf199ce321191b0d42bf89d7113c6d5/element - {"using":"xpath","value":"//li[.//span[text()='1562']]"}
RESULT: {"using":"xpath","value":"//li[.//span[text()='1562']]"}
COMMAND: POST /session/adf199ce321191b0d42bf89d7113c6d5/element/f.53561D77C6482DD9DDA73AB31B5C064E.d.A92D9D1F1F4EAD63911127BA18DE5F2B.e.8020/click - {}
RESULT: {}
COMMAND: GET /session/adf199ce321191b0d42bf89d7113c6d5/screenshot - {}
RESULT: {}
COMMAND: POST /session/adf199ce321191b0d42bf89d7113c6d5/element - {"using":"xpath","value":"//button[@data-kt=\"saveButton\"]"}
RESULT: {"using":"xpath","value":"//button[@data-kt=\"saveButton\"]"}
COMMAND: POST /session/adf199ce321191b0d42bf89d7113c6d5/element/f.53561D77C6482DD9DDA73AB31B5C064E.d.A92D9D1F1F4EAD63911127BA18DE5F2B.e.8010/click - {}
RESULT: {}
COMMAND: GET /session/adf199ce321191b0d42bf89d7113c6d5/screenshot - {}
RESULT: {}
COMMAND: POST /session/adf199ce321191b0d42bf89d7113c6d5/element - {"using":"xpath","value":"//span[contains(@id ,\"contractDetailTitleNoExpanded\")]"}
RESULT: {"using":"xpath","value":"//span[contains(@id ,\"contractDetailTitleNoExpanded\")]"}
COMMAND: POST /session/adf199ce321191b0d42bf89d7113c6d5/elements - {"using":"xpath","value":"//span[contains(@id ,\"contractDetailTitleNoExpanded\")]"}
RESULT: {"using":"xpath","value":"//span[contains(@id ,\"contractDetailTitleNoExpanded\")]"}
COMMAND: POST /session/adf199ce321191b0d42bf89d7113c6d5/execute/sync - {"script":"<script> [56 bytes]","args":[{"element-6066-11e4-a52e-4f735466cecf":"f.53561D77C6482DD9DDA73AB31B5C064E.d.A92D9D1F1F4EAD63911127BA18DE5F2B.e.8030","ELEMENT":"f.53561D77C6482DD9DDA73AB31B5C064E.d.A92D9D1F1F4EAD63911127BA18DE5F2B.e.8030"}]}
RESULT: {"script":"<script> [56 bytes]","args":[{"element-6066-11e4-a52e-4f735466cecf":"f.53561D77C6482DD9DDA73AB31B5C064E.d.A92D9D1F1F4EAD63911127BA18DE5F2B.e.8030","ELEMENT":"f.53561D77C6482DD9DDA73AB31B5C064E.d.A92D9D1F1F4EAD63911127BA18DE5F2B.e.8030"}]}
COMMAND: GET /session/adf199ce321191b0d42bf89d7113c6d5/screenshot - {}
RESULT: {}
]]></system-out>
    </testcase>
    <testcase classname="chrome.135_0_7049_42.windows.US134625_Set_up_price_condition_-_one_time" name="Should add the material to the contract" time="52.123">
      <system-out><![CDATA[
COMMAND: POST /session/adf199ce321191b0d42bf89d7113c6d5/element - {"using":"xpath","value":"//button[@data-kt=\"contractDetailEditBtnButton\"]"}
RESULT: {"using":"xpath","value":"//button[@data-kt=\"contractDetailEditBtnButton\"]"}
COMMAND: POST /session/adf199ce321191b0d42bf89d7113c6d5/element/f.53561D77C6482DD9DDA73AB31B5C064E.d.A92D9D1F1F4EAD63911127BA18DE5F2B.e.8031/click - {}
RESULT: {}
COMMAND: GET /session/adf199ce321191b0d42bf89d7113c6d5/screenshot - {}
RESULT: {}
COMMAND: POST /session/adf199ce321191b0d42bf89d7113c6d5/element - {"using":"xpath","value":"(//span[contains(text(), \"Additional Addresses\")])[2]"}
RESULT: {"using":"xpath","value":"(//span[contains(text(), \"Additional Addresses\")])[2]"}
COMMAND: POST /session/adf199ce321191b0d42bf89d7113c6d5/element/f.53561D77C6482DD9DDA73AB31B5C064E.d.A92D9D1F1F4EAD63911127BA18DE5F2B.e.8086/click - {}
RESULT: {}
COMMAND: GET /session/adf199ce321191b0d42bf89d7113c6d5/screenshot - {}
RESULT: {}
COMMAND: POST /session/adf199ce321191b0d42bf89d7113c6d5/element - {"using":"xpath","value":"//button[@data-kt=\"btnAddTableRowOverflowToolbarButton\"]"}
RESULT: {"using":"xpath","value":"//button[@data-kt=\"btnAddTableRowOverflowToolbarButton\"]"}
COMMAND: POST /session/adf199ce321191b0d42bf89d7113c6d5/element/f.53561D77C6482DD9DDA73AB31B5C064E.d.A92D9D1F1F4EAD63911127BA18DE5F2B.e.8089/click - {}
RESULT: {}
COMMAND: GET /session/adf199ce321191b0d42bf89d7113c6d5/screenshot - {}
RESULT: {}
COMMAND: POST /session/adf199ce321191b0d42bf89d7113c6d5/element - {"using":"xpath","value":"//div[(text() = 'Standard Entry' or . = 'Standard Entry')]"}
RESULT: {"using":"xpath","value":"//div[(text() = 'Standard Entry' or . = 'Standard Entry')]"}
COMMAND: POST /session/adf199ce321191b0d42bf89d7113c6d5/element/f.53561D77C6482DD9DDA73AB31B5C064E.d.A92D9D1F1F4EAD63911127BA18DE5F2B.e.8091/click - {}
RESULT: {}
COMMAND: GET /session/adf199ce321191b0d42bf89d7113c6d5/screenshot - {}
RESULT: {}
COMMAND: POST /session/adf199ce321191b0d42bf89d7113c6d5/element - {"using":"xpath","value":"//td[6]/div/div/div/span"}
RESULT: {"using":"xpath","value":"//td[6]/div/div/div/span"}
COMMAND: POST /session/adf199ce321191b0d42bf89d7113c6d5/element/f.53561D77C6482DD9DDA73AB31B5C064E.d.A92D9D1F1F4EAD63911127BA18DE5F2B.e.8103/click - {}
RESULT: {}
COMMAND: GET /session/adf199ce321191b0d42bf89d7113c6d5/screenshot - {}
RESULT: {}
COMMAND: POST /session/adf199ce321191b0d42bf89d7113c6d5/element - {"using":"xpath","value":"(//span[contains(text(), \"Material\")])"}
RESULT: {"using":"xpath","value":"(//span[contains(text(), \"Material\")])"}
COMMAND: POST /session/adf199ce321191b0d42bf89d7113c6d5/element/f.53561D77C6482DD9DDA73AB31B5C064E.d.A92D9D1F1F4EAD63911127BA18DE5F2B.e.8104/click - {}
RESULT: {}
COMMAND: GET /session/adf199ce321191b0d42bf89d7113c6d5/screenshot - {}
RESULT: {}
COMMAND: POST /session/adf199ce321191b0d42bf89d7113c6d5/element - {"using":"xpath","value":"//td[7]/div/div/input"}
RESULT: {"using":"xpath","value":"//td[7]/div/div/input"}
COMMAND: POST /session/adf199ce321191b0d42bf89d7113c6d5/element/f.53561D77C6482DD9DDA73AB31B5C064E.d.A92D9D1F1F4EAD63911127BA18DE5F2B.e.8108/clear - {}
RESULT: {}
COMMAND: POST /session/adf199ce321191b0d42bf89d7113c6d5/element/f.53561D77C6482DD9DDA73AB31B5C064E.d.A92D9D1F1F4EAD63911127BA18DE5F2B.e.8108/value - {"text":"200455"}
COMMAND: GET /session/adf199ce321191b0d42bf89d7113c6d5/screenshot - {}
RESULT: {"text":"200455"}
COMMAND: GET /session/adf199ce321191b0d42bf89d7113c6d5/screenshot - {}
RESULT: {}
RESULT: {}
COMMAND: POST /session/adf199ce321191b0d42bf89d7113c6d5/actions - {"actions":[{"id":"action26","type":"key","parameters":{},"actions":[{"type":"keyDown","value":""},{"type":"pause","duration":10},{"type":"keyUp","value":""}]}]}
RESULT: {"actions":[{"id":"action26","type":"key","parameters":{},"actions":[{"type":"keyDown","value":""},{"type":"pause","duration":10},{"type":"keyUp","value":""}]}]}
COMMAND: GET /session/adf199ce321191b0d42bf89d7113c6d5/screenshot - {}
RESULT: {}
COMMAND: POST /session/adf199ce321191b0d42bf89d7113c6d5/element - {"using":"xpath","value":"(//button[@data-kt=\"saveButton\"])[2]"}
RESULT: {"using":"xpath","value":"(//button[@data-kt=\"saveButton\"])[2]"}
COMMAND: POST /session/adf199ce321191b0d42bf89d7113c6d5/element/f.53561D77C6482DD9DDA73AB31B5C064E.d.A92D9D1F1F4EAD63911127BA18DE5F2B.e.8131/click - {}
RESULT: {}
COMMAND: GET /session/adf199ce321191b0d42bf89d7113c6d5/screenshot - {}
RESULT: {}
COMMAND: POST /session/adf199ce321191b0d42bf89d7113c6d5/element - {"using":"xpath","value":"//span[contains(@id ,\"contractItemsSmartTable-header-inner\")]"}
RESULT: {"using":"xpath","value":"//span[contains(@id ,\"contractItemsSmartTable-header-inner\")]"}
COMMAND: POST /session/adf199ce321191b0d42bf89d7113c6d5/elements - {"using":"xpath","value":"//span[contains(@id ,\"contractItemsSmartTable-header-inner\")]"}
RESULT: {"using":"xpath","value":"//span[contains(@id ,\"contractItemsSmartTable-header-inner\")]"}
COMMAND: POST /session/adf199ce321191b0d42bf89d7113c6d5/execute/sync - {"script":"<script> [56 bytes]","args":[{"element-6066-11e4-a52e-4f735466cecf":"f.53561D77C6482DD9DDA73AB31B5C064E.d.A92D9D1F1F4EAD63911127BA18DE5F2B.e.8134","ELEMENT":"f.53561D77C6482DD9DDA73AB31B5C064E.d.A92D9D1F1F4EAD63911127BA18DE5F2B.e.8134"}]}
RESULT: {"script":"<script> [56 bytes]","args":[{"element-6066-11e4-a52e-4f735466cecf":"f.53561D77C6482DD9DDA73AB31B5C064E.d.A92D9D1F1F4EAD63911127BA18DE5F2B.e.8134","ELEMENT":"f.53561D77C6482DD9DDA73AB31B5C064E.d.A92D9D1F1F4EAD63911127BA18DE5F2B.e.8134"}]}
]]></system-out>
    </testcase>
    <testcase classname="chrome.135_0_7049_42.windows.US134625_Set_up_price_condition_-_one_time" name="Should verify the bill item creation and pricing condition" time="13.051">
      <system-out><![CDATA[
COMMAND: POST /session/adf199ce321191b0d42bf89d7113c6d5/execute/async - {"script":"<script> [1562 bytes]","args":[{"selector":{"controlType":"sap.ui.core.Icon","viewName":"etm.portal.ui.managecontracts.view.Detail","properties":{"src":{"regex":{"source":"slim\\-arrow\\-right"}}}},"wdio_ui5_key":"etmportal.ui.managecontracts.view.Detailsap.ui.core.Icon{\"src\":{\"regex\":{\"source\":\"slim\\\\-arrow\\\\-right\"}}}"}]}
COMMAND: GET /session/adf199ce321191b0d42bf89d7113c6d5/screenshot - {}
RESULT: {"script":"<script> [1562 bytes]","args":[{"selector":{"controlType":"sap.ui.core.Icon","viewName":"etm.portal.ui.managecontracts.view.Detail","properties":{"src":{"regex":{"source":"slim\\-arrow\\-right"}}}},"wdio_ui5_key":"etmportal.ui.managecontracts.view.Detailsap.ui.core.Icon{\"src\":{\"regex\":{\"source\":\"slim\\\\-arrow\\\\-right\"}}}"}]}
RESULT: undefined
COMMAND: POST /session/adf199ce321191b0d42bf89d7113c6d5/element - {"using":"xpath","value":"//*[@id=\"__item2847-__clone4970-imgNav\"]"}
RESULT: {}
RESULT: {"using":"xpath","value":"//*[@id=\"__item2847-__clone4970-imgNav\"]"}
COMMAND: POST /session/adf199ce321191b0d42bf89d7113c6d5/element/f.53561D77C6482DD9DDA73AB31B5C064E.d.A92D9D1F1F4EAD63911127BA18DE5F2B.e.8135/click - {}
RESULT: {}
COMMAND: GET /session/adf199ce321191b0d42bf89d7113c6d5/screenshot - {}
COMMAND: POST /session/adf199ce321191b0d42bf89d7113c6d5/execute/async - {"script":"<script> [1562 bytes]","args":[{"selector":{"controlType":"sap.m.Text","viewName":"etm.portal.ui.managecontracts.view.BillingItem","viewId":"application-managecontracts-display-component---BillingItem","bindingPath":{"propertyPath":"LINK_TO_C_BILL_TYPES/DESCRIPTION"}},"wdio_ui5_key":"etmportal.ui.managecontracts.view.BillingItemsap.m.Text{\"propertyPath\":\"LINK_TO_C_BILL_TYPES/DESCRIPTION\"}"}]}
RESULT: {}
RESULT: {"script":"<script> [1562 bytes]","args":[{"selector":{"controlType":"sap.m.Text","viewName":"etm.portal.ui.managecontracts.view.BillingItem","viewId":"application-managecontracts-display-component---BillingItem","bindingPath":{"propertyPath":"LINK_TO_C_BILL_TYPES/DESCRIPTION"}},"wdio_ui5_key":"etmportal.ui.managecontracts.view.BillingItemsap.m.Text{\"propertyPath\":\"LINK_TO_C_BILL_TYPES/DESCRIPTION\"}"}]}
RESULT: undefined
COMMAND: POST /session/adf199ce321191b0d42bf89d7113c6d5/execute/async - {"script":"<script> [6424 bytes]","args":[{"element-6066-11e4-a52e-4f735466cecf":"f.53561D77C6482DD9DDA73AB31B5C064E.d.A92D9D1F1F4EAD63911127BA18DE5F2B.e.8151"},"getText",[]]}
RESULT: {"script":"<script> [6424 bytes]","args":[{"element-6066-11e4-a52e-4f735466cecf":"f.53561D77C6482DD9DDA73AB31B5C064E.d.A92D9D1F1F4EAD63911127BA18DE5F2B.e.8151"},"getText",[]]}
COMMAND: POST /session/adf199ce321191b0d42bf89d7113c6d5/execute/async - {"script":"<script> [1562 bytes]","args":[{"selector":{"controlType":"sap.m.ObjectNumber","viewName":"etm.portal.ui.managecontracts.view.BillingItem","viewId":"application-managecontracts-display-component---BillingItem","bindingPath":{"propertyPath":"BASE_PRICE"}},"wdio_ui5_key":"etmportal.ui.managecontracts.view.BillingItemsap.m.ObjectNumber{\"propertyPath\":\"BASE_PRICE\"}"}]}
RESULT: {"script":"<script> [1562 bytes]","args":[{"selector":{"controlType":"sap.m.ObjectNumber","viewName":"etm.portal.ui.managecontracts.view.BillingItem","viewId":"application-managecontracts-display-component---BillingItem","bindingPath":{"propertyPath":"BASE_PRICE"}},"wdio_ui5_key":"etmportal.ui.managecontracts.view.BillingItemsap.m.ObjectNumber{\"propertyPath\":\"BASE_PRICE\"}"}]}
RESULT: undefined
COMMAND: POST /session/adf199ce321191b0d42bf89d7113c6d5/execute/async - {"script":"<script> [6424 bytes]","args":[{"element-6066-11e4-a52e-4f735466cecf":"f.53561D77C6482DD9DDA73AB31B5C064E.d.A92D9D1F1F4EAD63911127BA18DE5F2B.e.8152"},"getNumber",[]]}
RESULT: {"script":"<script> [6424 bytes]","args":[{"element-6066-11e4-a52e-4f735466cecf":"f.53561D77C6482DD9DDA73AB31B5C064E.d.A92D9D1F1F4EAD63911127BA18DE5F2B.e.8152"},"getNumber",[]]}
COMMAND: POST /session/adf199ce321191b0d42bf89d7113c6d5/execute/async - {"script":"<script> [1562 bytes]","args":[{"selector":{"controlType":"sap.m.ObjectNumber","viewName":"etm.portal.ui.managecontracts.view.BillingItem","viewId":"application-managecontracts-display-component---BillingItem","bindingPath":{"propertyPath":"BASE_QUANTITY"}},"wdio_ui5_key":"etmportal.ui.managecontracts.view.BillingItemsap.m.ObjectNumber{\"propertyPath\":\"BASE_QUANTITY\"}"}]}
RESULT: {"script":"<script> [1562 bytes]","args":[{"selector":{"controlType":"sap.m.ObjectNumber","viewName":"etm.portal.ui.managecontracts.view.BillingItem","viewId":"application-managecontracts-display-component---BillingItem","bindingPath":{"propertyPath":"BASE_QUANTITY"}},"wdio_ui5_key":"etmportal.ui.managecontracts.view.BillingItemsap.m.ObjectNumber{\"propertyPath\":\"BASE_QUANTITY\"}"}]}
RESULT: undefined
COMMAND: POST /session/adf199ce321191b0d42bf89d7113c6d5/execute/async - {"script":"<script> [6424 bytes]","args":[{"element-6066-11e4-a52e-4f735466cecf":"f.53561D77C6482DD9DDA73AB31B5C064E.d.A92D9D1F1F4EAD63911127BA18DE5F2B.e.8153"},"getNumber",[]]}
RESULT: {"script":"<script> [6424 bytes]","args":[{"element-6066-11e4-a52e-4f735466cecf":"f.53561D77C6482DD9DDA73AB31B5C064E.d.A92D9D1F1F4EAD63911127BA18DE5F2B.e.8153"},"getNumber",[]]}
COMMAND: DELETE /session/adf199ce321191b0d42bf89d7113c6d5 - {}
RESULT: {}
]]></system-out>
    </testcase>
  </testsuite>
</testsuites>