<?xml version="1.0" encoding="UTF-8"?>
<testsuites tests="48" failures="30" errors="30" skipped="0">
  <testsuite timestamp="2025-05-05T17:19:49" time="1238.871" tests="12" failures="0" errors="0" skipped="0">
    <properties>
      <property name="specId" value="0" />
      <property name="suiteName" value="Billing Transfer - Master data &amp; Intercompany US127250" />
      <property name="capabilities" value="chrome.135_0_7049_96.windows" />
      <property name="file" value="file:///D:/a/1/s/test/specs/BTS/billing-transfer-intercompany.spec.js" />
    </properties>
    <testcase classname="chrome.135_0_7049_96.windows.Billing_Transfer_-_Master_data_&amp;_Intercompany_US127250" name="Should create a new yard" time="138.138">
      <system-out><![CDATA[
COMMAND: POST /session/642ad19be169e36e022e3d28efff7052/window/fullscreen - {}
RESULT: {}
COMMAND: POST /session/642ad19be169e36e022e3d28efff7052/execute/async - {"script":"<script> [1562 bytes]","args":[{"selector":{"controlType":"sap.m.GenericTile","properties":{"header":"Manage Yards"}},"wdio_ui5_key":"sapm.GenericTile{\"header\":\"Manage Yards\"}"}]}
RESULT: {"script":"<script> [1562 bytes]","args":[{"selector":{"controlType":"sap.m.GenericTile","properties":{"header":"Manage Yards"}},"wdio_ui5_key":"sapm.GenericTile{\"header\":\"Manage Yards\"}"}]}
RESULT: undefined
COMMAND: POST /session/642ad19be169e36e022e3d28efff7052/element - {"using":"xpath","value":"//*[@id=\"__tile41\"]"}
RESULT: {"using":"xpath","value":"//*[@id=\"__tile41\"]"}
COMMAND: POST /session/642ad19be169e36e022e3d28efff7052/element/f.21B09363EEE0F7374535FA133A9E79B8.d.8EEC4B14413CA067AA0E81F538F4644A.e.170/click - {}
RESULT: {}
COMMAND: POST /session/642ad19be169e36e022e3d28efff7052/element - {"using":"xpath","value":"//button[@data-kt=\"addNewYardOverflowToolbarButton\"]"}
COMMAND: GET /session/642ad19be169e36e022e3d28efff7052/screenshot - {}
RESULT: {"using":"xpath","value":"//button[@data-kt=\"addNewYardOverflowToolbarButton\"]"}
COMMAND: POST /session/642ad19be169e36e022e3d28efff7052/elements - {"using":"xpath","value":"//button[@data-kt=\"addNewYardOverflowToolbarButton\"]"}
RESULT: {}
RESULT: {"using":"xpath","value":"//button[@data-kt=\"addNewYardOverflowToolbarButton\"]"}
COMMAND: POST /session/642ad19be169e36e022e3d28efff7052/elements - {"using":"xpath","value":"//button[@data-kt=\"addNewYardOverflowToolbarButton\"]"}
RESULT: {"using":"xpath","value":"//button[@data-kt=\"addNewYardOverflowToolbarButton\"]"}
COMMAND: POST /session/642ad19be169e36e022e3d28efff7052/elements - {"using":"xpath","value":"//button[@data-kt=\"addNewYardOverflowToolbarButton\"]"}
RESULT: {"using":"xpath","value":"//button[@data-kt=\"addNewYardOverflowToolbarButton\"]"}
COMMAND: POST /session/642ad19be169e36e022e3d28efff7052/elements - {"using":"xpath","value":"//button[@data-kt=\"addNewYardOverflowToolbarButton\"]"}
RESULT: {"using":"xpath","value":"//button[@data-kt=\"addNewYardOverflowToolbarButton\"]"}
COMMAND: POST /session/642ad19be169e36e022e3d28efff7052/elements - {"using":"xpath","value":"//button[@data-kt=\"addNewYardOverflowToolbarButton\"]"}
RESULT: {"using":"xpath","value":"//button[@data-kt=\"addNewYardOverflowToolbarButton\"]"}
COMMAND: POST /session/642ad19be169e36e022e3d28efff7052/elements - {"using":"xpath","value":"//button[@data-kt=\"addNewYardOverflowToolbarButton\"]"}
RESULT: {"using":"xpath","value":"//button[@data-kt=\"addNewYardOverflowToolbarButton\"]"}
COMMAND: POST /session/642ad19be169e36e022e3d28efff7052/elements - {"using":"xpath","value":"//button[@data-kt=\"addNewYardOverflowToolbarButton\"]"}
RESULT: {"using":"xpath","value":"//button[@data-kt=\"addNewYardOverflowToolbarButton\"]"}
COMMAND: POST /session/642ad19be169e36e022e3d28efff7052/elements - {"using":"xpath","value":"//button[@data-kt=\"addNewYardOverflowToolbarButton\"]"}
RESULT: {"using":"xpath","value":"//button[@data-kt=\"addNewYardOverflowToolbarButton\"]"}
COMMAND: POST /session/642ad19be169e36e022e3d28efff7052/elements - {"using":"xpath","value":"//button[@data-kt=\"addNewYardOverflowToolbarButton\"]"}
RESULT: {"using":"xpath","value":"//button[@data-kt=\"addNewYardOverflowToolbarButton\"]"}
COMMAND: POST /session/642ad19be169e36e022e3d28efff7052/elements - {"using":"xpath","value":"//button[@data-kt=\"addNewYardOverflowToolbarButton\"]"}
RESULT: {"using":"xpath","value":"//button[@data-kt=\"addNewYardOverflowToolbarButton\"]"}
COMMAND: POST /session/642ad19be169e36e022e3d28efff7052/elements - {"using":"xpath","value":"//button[@data-kt=\"addNewYardOverflowToolbarButton\"]"}
RESULT: {"using":"xpath","value":"//button[@data-kt=\"addNewYardOverflowToolbarButton\"]"}
COMMAND: POST /session/642ad19be169e36e022e3d28efff7052/elements - {"using":"xpath","value":"//button[@data-kt=\"addNewYardOverflowToolbarButton\"]"}
RESULT: {"using":"xpath","value":"//button[@data-kt=\"addNewYardOverflowToolbarButton\"]"}
COMMAND: POST /session/642ad19be169e36e022e3d28efff7052/elements - {"using":"xpath","value":"//button[@data-kt=\"addNewYardOverflowToolbarButton\"]"}
RESULT: {"using":"xpath","value":"//button[@data-kt=\"addNewYardOverflowToolbarButton\"]"}
COMMAND: POST /session/642ad19be169e36e022e3d28efff7052/elements - {"using":"xpath","value":"//button[@data-kt=\"addNewYardOverflowToolbarButton\"]"}
RESULT: {"using":"xpath","value":"//button[@data-kt=\"addNewYardOverflowToolbarButton\"]"}
COMMAND: POST /session/642ad19be169e36e022e3d28efff7052/elements - {"using":"xpath","value":"//button[@data-kt=\"addNewYardOverflowToolbarButton\"]"}
RESULT: {"using":"xpath","value":"//button[@data-kt=\"addNewYardOverflowToolbarButton\"]"}
COMMAND: POST /session/642ad19be169e36e022e3d28efff7052/elements - {"using":"xpath","value":"//button[@data-kt=\"addNewYardOverflowToolbarButton\"]"}
RESULT: {"using":"xpath","value":"//button[@data-kt=\"addNewYardOverflowToolbarButton\"]"}
COMMAND: POST /session/642ad19be169e36e022e3d28efff7052/elements - {"using":"xpath","value":"//button[@data-kt=\"addNewYardOverflowToolbarButton\"]"}
RESULT: {"using":"xpath","value":"//button[@data-kt=\"addNewYardOverflowToolbarButton\"]"}
COMMAND: POST /session/642ad19be169e36e022e3d28efff7052/elements - {"using":"xpath","value":"//button[@data-kt=\"addNewYardOverflowToolbarButton\"]"}
RESULT: {"using":"xpath","value":"//button[@data-kt=\"addNewYardOverflowToolbarButton\"]"}
COMMAND: POST /session/642ad19be169e36e022e3d28efff7052/elements - {"using":"xpath","value":"//button[@data-kt=\"addNewYardOverflowToolbarButton\"]"}
RESULT: {"using":"xpath","value":"//button[@data-kt=\"addNewYardOverflowToolbarButton\"]"}
COMMAND: POST /session/642ad19be169e36e022e3d28efff7052/elements - {"using":"xpath","value":"//button[@data-kt=\"addNewYardOverflowToolbarButton\"]"}
RESULT: {"using":"xpath","value":"//button[@data-kt=\"addNewYardOverflowToolbarButton\"]"}
COMMAND: POST /session/642ad19be169e36e022e3d28efff7052/elements - {"using":"xpath","value":"//button[@data-kt=\"addNewYardOverflowToolbarButton\"]"}
RESULT: {"using":"xpath","value":"//button[@data-kt=\"addNewYardOverflowToolbarButton\"]"}
COMMAND: POST /session/642ad19be169e36e022e3d28efff7052/elements - {"using":"xpath","value":"//button[@data-kt=\"addNewYardOverflowToolbarButton\"]"}
RESULT: {"using":"xpath","value":"//button[@data-kt=\"addNewYardOverflowToolbarButton\"]"}
COMMAND: POST /session/642ad19be169e36e022e3d28efff7052/elements - {"using":"xpath","value":"//button[@data-kt=\"addNewYardOverflowToolbarButton\"]"}
RESULT: {"using":"xpath","value":"//button[@data-kt=\"addNewYardOverflowToolbarButton\"]"}
COMMAND: POST /session/642ad19be169e36e022e3d28efff7052/elements - {"using":"xpath","value":"//button[@data-kt=\"addNewYardOverflowToolbarButton\"]"}
RESULT: {"using":"xpath","value":"//button[@data-kt=\"addNewYardOverflowToolbarButton\"]"}
COMMAND: POST /session/642ad19be169e36e022e3d28efff7052/elements - {"using":"xpath","value":"//button[@data-kt=\"addNewYardOverflowToolbarButton\"]"}
RESULT: {"using":"xpath","value":"//button[@data-kt=\"addNewYardOverflowToolbarButton\"]"}
COMMAND: POST /session/642ad19be169e36e022e3d28efff7052/elements - {"using":"xpath","value":"//button[@data-kt=\"addNewYardOverflowToolbarButton\"]"}
RESULT: {"using":"xpath","value":"//button[@data-kt=\"addNewYardOverflowToolbarButton\"]"}
COMMAND: POST /session/642ad19be169e36e022e3d28efff7052/elements - {"using":"xpath","value":"//button[@data-kt=\"addNewYardOverflowToolbarButton\"]"}
RESULT: {"using":"xpath","value":"//button[@data-kt=\"addNewYardOverflowToolbarButton\"]"}
COMMAND: POST /session/642ad19be169e36e022e3d28efff7052/elements - {"using":"xpath","value":"//button[@data-kt=\"addNewYardOverflowToolbarButton\"]"}
RESULT: {"using":"xpath","value":"//button[@data-kt=\"addNewYardOverflowToolbarButton\"]"}
COMMAND: POST /session/642ad19be169e36e022e3d28efff7052/elements - {"using":"xpath","value":"//button[@data-kt=\"addNewYardOverflowToolbarButton\"]"}
RESULT: {"using":"xpath","value":"//button[@data-kt=\"addNewYardOverflowToolbarButton\"]"}
COMMAND: POST /session/642ad19be169e36e022e3d28efff7052/elements - {"using":"xpath","value":"//button[@data-kt=\"addNewYardOverflowToolbarButton\"]"}
RESULT: {"using":"xpath","value":"//button[@data-kt=\"addNewYardOverflowToolbarButton\"]"}
COMMAND: POST /session/642ad19be169e36e022e3d28efff7052/elements - {"using":"xpath","value":"//button[@data-kt=\"addNewYardOverflowToolbarButton\"]"}
RESULT: {"using":"xpath","value":"//button[@data-kt=\"addNewYardOverflowToolbarButton\"]"}
COMMAND: POST /session/642ad19be169e36e022e3d28efff7052/elements - {"using":"xpath","value":"//button[@data-kt=\"addNewYardOverflowToolbarButton\"]"}
RESULT: {"using":"xpath","value":"//button[@data-kt=\"addNewYardOverflowToolbarButton\"]"}
COMMAND: POST /session/642ad19be169e36e022e3d28efff7052/elements - {"using":"xpath","value":"//button[@data-kt=\"addNewYardOverflowToolbarButton\"]"}
RESULT: {"using":"xpath","value":"//button[@data-kt=\"addNewYardOverflowToolbarButton\"]"}
COMMAND: POST /session/642ad19be169e36e022e3d28efff7052/elements - {"using":"xpath","value":"//button[@data-kt=\"addNewYardOverflowToolbarButton\"]"}
RESULT: {"using":"xpath","value":"//button[@data-kt=\"addNewYardOverflowToolbarButton\"]"}
COMMAND: POST /session/642ad19be169e36e022e3d28efff7052/elements - {"using":"xpath","value":"//button[@data-kt=\"addNewYardOverflowToolbarButton\"]"}
RESULT: {"using":"xpath","value":"//button[@data-kt=\"addNewYardOverflowToolbarButton\"]"}
COMMAND: POST /session/642ad19be169e36e022e3d28efff7052/elements - {"using":"xpath","value":"//button[@data-kt=\"addNewYardOverflowToolbarButton\"]"}
RESULT: {"using":"xpath","value":"//button[@data-kt=\"addNewYardOverflowToolbarButton\"]"}
COMMAND: POST /session/642ad19be169e36e022e3d28efff7052/elements - {"using":"xpath","value":"//button[@data-kt=\"addNewYardOverflowToolbarButton\"]"}
RESULT: {"using":"xpath","value":"//button[@data-kt=\"addNewYardOverflowToolbarButton\"]"}
COMMAND: POST /session/642ad19be169e36e022e3d28efff7052/elements - {"using":"xpath","value":"//button[@data-kt=\"addNewYardOverflowToolbarButton\"]"}
RESULT: {"using":"xpath","value":"//button[@data-kt=\"addNewYardOverflowToolbarButton\"]"}
COMMAND: POST /session/642ad19be169e36e022e3d28efff7052/elements - {"using":"xpath","value":"//button[@data-kt=\"addNewYardOverflowToolbarButton\"]"}
RESULT: {"using":"xpath","value":"//button[@data-kt=\"addNewYardOverflowToolbarButton\"]"}
COMMAND: POST /session/642ad19be169e36e022e3d28efff7052/elements - {"using":"xpath","value":"//button[@data-kt=\"addNewYardOverflowToolbarButton\"]"}
RESULT: {"using":"xpath","value":"//button[@data-kt=\"addNewYardOverflowToolbarButton\"]"}
COMMAND: POST /session/642ad19be169e36e022e3d28efff7052/elements - {"using":"xpath","value":"//button[@data-kt=\"addNewYardOverflowToolbarButton\"]"}
RESULT: {"using":"xpath","value":"//button[@data-kt=\"addNewYardOverflowToolbarButton\"]"}
COMMAND: POST /session/642ad19be169e36e022e3d28efff7052/elements - {"using":"xpath","value":"//button[@data-kt=\"addNewYardOverflowToolbarButton\"]"}
RESULT: {"using":"xpath","value":"//button[@data-kt=\"addNewYardOverflowToolbarButton\"]"}
COMMAND: POST /session/642ad19be169e36e022e3d28efff7052/elements - {"using":"xpath","value":"//button[@data-kt=\"addNewYardOverflowToolbarButton\"]"}
RESULT: {"using":"xpath","value":"//button[@data-kt=\"addNewYardOverflowToolbarButton\"]"}
COMMAND: POST /session/642ad19be169e36e022e3d28efff7052/elements - {"using":"xpath","value":"//button[@data-kt=\"addNewYardOverflowToolbarButton\"]"}
RESULT: {"using":"xpath","value":"//button[@data-kt=\"addNewYardOverflowToolbarButton\"]"}
COMMAND: POST /session/642ad19be169e36e022e3d28efff7052/elements - {"using":"xpath","value":"//button[@data-kt=\"addNewYardOverflowToolbarButton\"]"}
RESULT: {"using":"xpath","value":"//button[@data-kt=\"addNewYardOverflowToolbarButton\"]"}
COMMAND: POST /session/642ad19be169e36e022e3d28efff7052/elements - {"using":"xpath","value":"//button[@data-kt=\"addNewYardOverflowToolbarButton\"]"}
RESULT: {"using":"xpath","value":"//button[@data-kt=\"addNewYardOverflowToolbarButton\"]"}
COMMAND: POST /session/642ad19be169e36e022e3d28efff7052/elements - {"using":"xpath","value":"//button[@data-kt=\"addNewYardOverflowToolbarButton\"]"}
RESULT: {"using":"xpath","value":"//button[@data-kt=\"addNewYardOverflowToolbarButton\"]"}
COMMAND: POST /session/642ad19be169e36e022e3d28efff7052/elements - {"using":"xpath","value":"//button[@data-kt=\"addNewYardOverflowToolbarButton\"]"}
RESULT: {"using":"xpath","value":"//button[@data-kt=\"addNewYardOverflowToolbarButton\"]"}
COMMAND: POST /session/642ad19be169e36e022e3d28efff7052/elements - {"using":"xpath","value":"//button[@data-kt=\"addNewYardOverflowToolbarButton\"]"}
RESULT: {"using":"xpath","value":"//button[@data-kt=\"addNewYardOverflowToolbarButton\"]"}
COMMAND: POST /session/642ad19be169e36e022e3d28efff7052/elements - {"using":"xpath","value":"//button[@data-kt=\"addNewYardOverflowToolbarButton\"]"}
RESULT: {"using":"xpath","value":"//button[@data-kt=\"addNewYardOverflowToolbarButton\"]"}
COMMAND: POST /session/642ad19be169e36e022e3d28efff7052/elements - {"using":"xpath","value":"//button[@data-kt=\"addNewYardOverflowToolbarButton\"]"}
RESULT: {"using":"xpath","value":"//button[@data-kt=\"addNewYardOverflowToolbarButton\"]"}
COMMAND: POST /session/642ad19be169e36e022e3d28efff7052/elements - {"using":"xpath","value":"//button[@data-kt=\"addNewYardOverflowToolbarButton\"]"}
RESULT: {"using":"xpath","value":"//button[@data-kt=\"addNewYardOverflowToolbarButton\"]"}
COMMAND: POST /session/642ad19be169e36e022e3d28efff7052/elements - {"using":"xpath","value":"//button[@data-kt=\"addNewYardOverflowToolbarButton\"]"}
RESULT: {"using":"xpath","value":"//button[@data-kt=\"addNewYardOverflowToolbarButton\"]"}
COMMAND: POST /session/642ad19be169e36e022e3d28efff7052/elements - {"using":"xpath","value":"//button[@data-kt=\"addNewYardOverflowToolbarButton\"]"}
RESULT: {"using":"xpath","value":"//button[@data-kt=\"addNewYardOverflowToolbarButton\"]"}
COMMAND: POST /session/642ad19be169e36e022e3d28efff7052/elements - {"using":"xpath","value":"//button[@data-kt=\"addNewYardOverflowToolbarButton\"]"}
RESULT: {"using":"xpath","value":"//button[@data-kt=\"addNewYardOverflowToolbarButton\"]"}
COMMAND: POST /session/642ad19be169e36e022e3d28efff7052/elements - {"using":"xpath","value":"//button[@data-kt=\"addNewYardOverflowToolbarButton\"]"}
RESULT: {"using":"xpath","value":"//button[@data-kt=\"addNewYardOverflowToolbarButton\"]"}
COMMAND: POST /session/642ad19be169e36e022e3d28efff7052/elements - {"using":"xpath","value":"//button[@data-kt=\"addNewYardOverflowToolbarButton\"]"}
RESULT: {"using":"xpath","value":"//button[@data-kt=\"addNewYardOverflowToolbarButton\"]"}
COMMAND: POST /session/642ad19be169e36e022e3d28efff7052/elements - {"using":"xpath","value":"//button[@data-kt=\"addNewYardOverflowToolbarButton\"]"}
RESULT: {"using":"xpath","value":"//button[@data-kt=\"addNewYardOverflowToolbarButton\"]"}
COMMAND: POST /session/642ad19be169e36e022e3d28efff7052/elements - {"using":"xpath","value":"//button[@data-kt=\"addNewYardOverflowToolbarButton\"]"}
RESULT: {"using":"xpath","value":"//button[@data-kt=\"addNewYardOverflowToolbarButton\"]"}
COMMAND: POST /session/642ad19be169e36e022e3d28efff7052/elements - {"using":"xpath","value":"//button[@data-kt=\"addNewYardOverflowToolbarButton\"]"}
RESULT: {"using":"xpath","value":"//button[@data-kt=\"addNewYardOverflowToolbarButton\"]"}
COMMAND: POST /session/642ad19be169e36e022e3d28efff7052/elements - {"using":"xpath","value":"//button[@data-kt=\"addNewYardOverflowToolbarButton\"]"}
RESULT: {"using":"xpath","value":"//button[@data-kt=\"addNewYardOverflowToolbarButton\"]"}
COMMAND: POST /session/642ad19be169e36e022e3d28efff7052/elements - {"using":"xpath","value":"//button[@data-kt=\"addNewYardOverflowToolbarButton\"]"}
RESULT: {"using":"xpath","value":"//button[@data-kt=\"addNewYardOverflowToolbarButton\"]"}
COMMAND: POST /session/642ad19be169e36e022e3d28efff7052/elements - {"using":"xpath","value":"//button[@data-kt=\"addNewYardOverflowToolbarButton\"]"}
RESULT: {"using":"xpath","value":"//button[@data-kt=\"addNewYardOverflowToolbarButton\"]"}
COMMAND: POST /session/642ad19be169e36e022e3d28efff7052/elements - {"using":"xpath","value":"//button[@data-kt=\"addNewYardOverflowToolbarButton\"]"}
RESULT: {"using":"xpath","value":"//button[@data-kt=\"addNewYardOverflowToolbarButton\"]"}
COMMAND: POST /session/642ad19be169e36e022e3d28efff7052/elements - {"using":"xpath","value":"//button[@data-kt=\"addNewYardOverflowToolbarButton\"]"}
RESULT: {"using":"xpath","value":"//button[@data-kt=\"addNewYardOverflowToolbarButton\"]"}
COMMAND: POST /session/642ad19be169e36e022e3d28efff7052/elements - {"using":"xpath","value":"//button[@data-kt=\"addNewYardOverflowToolbarButton\"]"}
RESULT: {"using":"xpath","value":"//button[@data-kt=\"addNewYardOverflowToolbarButton\"]"}
COMMAND: POST /session/642ad19be169e36e022e3d28efff7052/element - {"using":"xpath","value":"//button[@data-kt=\"addNewYardOverflowToolbarButton\"]"}
RESULT: {"using":"xpath","value":"//button[@data-kt=\"addNewYardOverflowToolbarButton\"]"}
COMMAND: POST /session/642ad19be169e36e022e3d28efff7052/execute/sync - {"script":"<script> [8489 bytes]","args":[{"element-6066-11e4-a52e-4f735466cecf":"f.21B09363EEE0F7374535FA133A9E79B8.d.8EEC4B14413CA067AA0E81F538F4644A.e.304","ELEMENT":"f.21B09363EEE0F7374535FA133A9E79B8.d.8EEC4B14413CA067AA0E81F538F4644A.e.304"}]}
RESULT: {"script":"<script> [8489 bytes]","args":[{"element-6066-11e4-a52e-4f735466cecf":"f.21B09363EEE0F7374535FA133A9E79B8.d.8EEC4B14413CA067AA0E81F538F4644A.e.304","ELEMENT":"f.21B09363EEE0F7374535FA133A9E79B8.d.8EEC4B14413CA067AA0E81F538F4644A.e.304"}]}
COMMAND: GET /session/642ad19be169e36e022e3d28efff7052/element/f.21B09363EEE0F7374535FA133A9E79B8.d.8EEC4B14413CA067AA0E81F538F4644A.e.304/enabled - {}
COMMAND: GET /session/642ad19be169e36e022e3d28efff7052/screenshot - {}
RESULT: {}
COMMAND: POST /session/642ad19be169e36e022e3d28efff7052/execute/sync - {"script":"<script> [8489 bytes]","args":[{"element-6066-11e4-a52e-4f735466cecf":"f.21B09363EEE0F7374535FA133A9E79B8.d.8EEC4B14413CA067AA0E81F538F4644A.e.304","ELEMENT":"f.21B09363EEE0F7374535FA133A9E79B8.d.8EEC4B14413CA067AA0E81F538F4644A.e.304"}]}
COMMAND: GET /session/642ad19be169e36e022e3d28efff7052/screenshot - {}
RESULT: {}
RESULT: {"script":"<script> [8489 bytes]","args":[{"element-6066-11e4-a52e-4f735466cecf":"f.21B09363EEE0F7374535FA133A9E79B8.d.8EEC4B14413CA067AA0E81F538F4644A.e.304","ELEMENT":"f.21B09363EEE0F7374535FA133A9E79B8.d.8EEC4B14413CA067AA0E81F538F4644A.e.304"}]}
COMMAND: POST /session/642ad19be169e36e022e3d28efff7052/execute/sync - {"script":"<script> [5351 bytes]","args":[{"element-6066-11e4-a52e-4f735466cecf":"f.21B09363EEE0F7374535FA133A9E79B8.d.8EEC4B14413CA067AA0E81F538F4644A.e.304","ELEMENT":"f.21B09363EEE0F7374535FA133A9E79B8.d.8EEC4B14413CA067AA0E81F538F4644A.e.304"}]}
COMMAND: GET /session/642ad19be169e36e022e3d28efff7052/screenshot - {}
RESULT: {}
RESULT: {"script":"<script> [5351 bytes]","args":[{"element-6066-11e4-a52e-4f735466cecf":"f.21B09363EEE0F7374535FA133A9E79B8.d.8EEC4B14413CA067AA0E81F538F4644A.e.304","ELEMENT":"f.21B09363EEE0F7374535FA133A9E79B8.d.8EEC4B14413CA067AA0E81F538F4644A.e.304"}]}
COMMAND: POST /session/642ad19be169e36e022e3d28efff7052/element/f.21B09363EEE0F7374535FA133A9E79B8.d.8EEC4B14413CA067AA0E81F538F4644A.e.304/click - {}
COMMAND: GET /session/642ad19be169e36e022e3d28efff7052/screenshot - {}
RESULT: {}
RESULT: {}
COMMAND: GET /session/642ad19be169e36e022e3d28efff7052/screenshot - {}
COMMAND: POST /session/642ad19be169e36e022e3d28efff7052/element - {"using":"xpath","value":"//input[@id=\"application-manageyards-display-component---NewYard--yardId-inner\"]"}
RESULT: {}
RESULT: {}
RESULT: {"using":"xpath","value":"//input[@id=\"application-manageyards-display-component---NewYard--yardId-inner\"]"}
COMMAND: POST /session/642ad19be169e36e022e3d28efff7052/element - {"using":"xpath","value":"//input[@id=\"application-manageyards-display-component---NewYard--yardId-inner\"]"}
RESULT: {"using":"xpath","value":"//input[@id=\"application-manageyards-display-component---NewYard--yardId-inner\"]"}
COMMAND: POST /session/642ad19be169e36e022e3d28efff7052/execute/async - {"script":"<script> [1562 bytes]","args":[{"selector":{"id":"application-manageyards-display-component---NewYard--addressDetailDetailsName1","interaction":{"idSuffix":"inner"}},"wdio_ui5_key":"applicationmanageyards-display-component---NewYard--addressDetailDetailsName1"}]}
RESULT: {"script":"<script> [1562 bytes]","args":[{"selector":{"id":"application-manageyards-display-component---NewYard--addressDetailDetailsName1","interaction":{"idSuffix":"inner"}},"wdio_ui5_key":"applicationmanageyards-display-component---NewYard--addressDetailDetailsName1"}]}
RESULT: undefined
COMMAND: POST /session/642ad19be169e36e022e3d28efff7052/execute/async - {"script":"<script> [776 bytes]","args":[{"enterText":"Intercompany Yard wdIO","selector":{"id":"application-manageyards-display-component---NewYard--addressDetailDetailsName1","interaction":{"idSuffix":"inner"}},"clearTextFirst":true,"interactionType":"ENTER_TEXT"}]}
RESULT: {"script":"<script> [776 bytes]","args":[{"enterText":"Intercompany Yard wdIO","selector":{"id":"application-manageyards-display-component---NewYard--addressDetailDetailsName1","interaction":{"idSuffix":"inner"}},"clearTextFirst":true,"interactionType":"ENTER_TEXT"}]}
COMMAND: POST /session/642ad19be169e36e022e3d28efff7052/execute/async - {"script":"<script> [1562 bytes]","args":[{"selector":{"id":"application-manageyards-display-component---NewYard--addressDetailDetailsLanguage-arrow"},"wdio_ui5_key":"applicationmanageyards-display-component---NewYard--addressDetailDetailsLanguage-arrow"}]}
RESULT: {"script":"<script> [1562 bytes]","args":[{"selector":{"id":"application-manageyards-display-component---NewYard--addressDetailDetailsLanguage-arrow"},"wdio_ui5_key":"applicationmanageyards-display-component---NewYard--addressDetailDetailsLanguage-arrow"}]}
RESULT: undefined
COMMAND: POST /session/642ad19be169e36e022e3d28efff7052/element - {"using":"xpath","value":"//*[@id=\"application-manageyards-display-component---NewYard--addressDetailDetailsLanguage-arrow\"]"}
RESULT: {"using":"xpath","value":"//*[@id=\"application-manageyards-display-component---NewYard--addressDetailDetailsLanguage-arrow\"]"}
COMMAND: POST /session/642ad19be169e36e022e3d28efff7052/element/f.21B09363EEE0F7374535FA133A9E79B8.d.8EEC4B14413CA067AA0E81F538F4644A.e.736/click - {}
RESULT: {}
COMMAND: POST /session/642ad19be169e36e022e3d28efff7052/element - {"using":"xpath","value":"//span[contains(text(), \"English\")]"}
COMMAND: GET /session/642ad19be169e36e022e3d28efff7052/screenshot - {}
RESULT: {"using":"xpath","value":"//span[contains(text(), \"English\")]"}
COMMAND: POST /session/642ad19be169e36e022e3d28efff7052/element/f.21B09363EEE0F7374535FA133A9E79B8.d.8EEC4B14413CA067AA0E81F538F4644A.e.737/click - {}
RESULT: {}
RESULT: {}
COMMAND: POST /session/642ad19be169e36e022e3d28efff7052/execute/async - {"script":"<script> [1562 bytes]","args":[{"selector":{"id":"application-manageyards-display-component---NewYard--addressDetailDetailsCity1","interaction":{"idSuffix":"inner"}},"wdio_ui5_key":"applicationmanageyards-display-component---NewYard--addressDetailDetailsCity1"}]}
COMMAND: GET /session/642ad19be169e36e022e3d28efff7052/screenshot - {}
RESULT: {"script":"<script> [1562 bytes]","args":[{"selector":{"id":"application-manageyards-display-component---NewYard--addressDetailDetailsCity1","interaction":{"idSuffix":"inner"}},"wdio_ui5_key":"applicationmanageyards-display-component---NewYard--addressDetailDetailsCity1"}]}
RESULT: undefined
COMMAND: POST /session/642ad19be169e36e022e3d28efff7052/execute/async - {"script":"<script> [776 bytes]","args":[{"enterText":"Rosario","selector":{"id":"application-manageyards-display-component---NewYard--addressDetailDetailsCity1","interaction":{"idSuffix":"inner"}},"clearTextFirst":true,"interactionType":"ENTER_TEXT"}]}
RESULT: {}
RESULT: {"script":"<script> [776 bytes]","args":[{"enterText":"Rosario","selector":{"id":"application-manageyards-display-component---NewYard--addressDetailDetailsCity1","interaction":{"idSuffix":"inner"}},"clearTextFirst":true,"interactionType":"ENTER_TEXT"}]}
COMMAND: POST /session/642ad19be169e36e022e3d28efff7052/execute/async - {"script":"<script> [1562 bytes]","args":[{"selector":{"id":"application-manageyards-display-component---NewYard--addressDetailDetailsCountry-arrow"},"wdio_ui5_key":"applicationmanageyards-display-component---NewYard--addressDetailDetailsCountry-arrow"}]}
RESULT: {"script":"<script> [1562 bytes]","args":[{"selector":{"id":"application-manageyards-display-component---NewYard--addressDetailDetailsCountry-arrow"},"wdio_ui5_key":"applicationmanageyards-display-component---NewYard--addressDetailDetailsCountry-arrow"}]}
RESULT: undefined
COMMAND: POST /session/642ad19be169e36e022e3d28efff7052/element - {"using":"xpath","value":"//*[@id=\"application-manageyards-display-component---NewYard--addressDetailDetailsCountry-arrow\"]"}
RESULT: {"using":"xpath","value":"//*[@id=\"application-manageyards-display-component---NewYard--addressDetailDetailsCountry-arrow\"]"}
COMMAND: POST /session/642ad19be169e36e022e3d28efff7052/element/f.21B09363EEE0F7374535FA133A9E79B8.d.8EEC4B14413CA067AA0E81F538F4644A.e.739/click - {}
RESULT: {}
COMMAND: POST /session/642ad19be169e36e022e3d28efff7052/element - {"using":"xpath","value":"//span[contains(text(), \"Argentina\")]"}
COMMAND: GET /session/642ad19be169e36e022e3d28efff7052/screenshot - {}
RESULT: {"using":"xpath","value":"//span[contains(text(), \"Argentina\")]"}
COMMAND: POST /session/642ad19be169e36e022e3d28efff7052/element/f.21B09363EEE0F7374535FA133A9E79B8.d.8EEC4B14413CA067AA0E81F538F4644A.e.740/click - {}
RESULT: {}
RESULT: {}
COMMAND: POST /session/642ad19be169e36e022e3d28efff7052/execute/async - {"script":"<script> [1562 bytes]","args":[{"selector":{"id":"application-manageyards-display-component---NewYard--addressEditDetailsCostObjectCstType-arrow"},"wdio_ui5_key":"applicationmanageyards-display-component---NewYard--addressEditDetailsCostObjectCstType-arrow"}]}
COMMAND: GET /session/642ad19be169e36e022e3d28efff7052/screenshot - {}
RESULT: {"script":"<script> [1562 bytes]","args":[{"selector":{"id":"application-manageyards-display-component---NewYard--addressEditDetailsCostObjectCstType-arrow"},"wdio_ui5_key":"applicationmanageyards-display-component---NewYard--addressEditDetailsCostObjectCstType-arrow"}]}
RESULT: undefined
COMMAND: POST /session/642ad19be169e36e022e3d28efff7052/element - {"using":"xpath","value":"//*[@id=\"application-manageyards-display-component---NewYard--addressEditDetailsCostObjectCstType-arrow\"]"}
RESULT: {}
RESULT: {"using":"xpath","value":"//*[@id=\"application-manageyards-display-component---NewYard--addressEditDetailsCostObjectCstType-arrow\"]"}
COMMAND: POST /session/642ad19be169e36e022e3d28efff7052/element/f.21B09363EEE0F7374535FA133A9E79B8.d.8EEC4B14413CA067AA0E81F538F4644A.e.742/click - {}
RESULT: {}
COMMAND: POST /session/642ad19be169e36e022e3d28efff7052/element - {"using":"xpath","value":"//span[contains(text(), \"Cost Center\")]"}
COMMAND: GET /session/642ad19be169e36e022e3d28efff7052/screenshot - {}
RESULT: {"using":"xpath","value":"//span[contains(text(), \"Cost Center\")]"}
COMMAND: POST /session/642ad19be169e36e022e3d28efff7052/element/f.21B09363EEE0F7374535FA133A9E79B8.d.8EEC4B14413CA067AA0E81F538F4644A.e.743/click - {}
RESULT: {}
RESULT: {}
COMMAND: GET /session/642ad19be169e36e022e3d28efff7052/screenshot - {}
RESULT: {}
COMMAND: POST /session/642ad19be169e36e022e3d28efff7052/element - {"using":"xpath","value":"//span[@id=\"application-manageyards-display-component---NewYard--addressNewCostObjectCstID-vhi\"]"}
RESULT: {"using":"xpath","value":"//span[@id=\"application-manageyards-display-component---NewYard--addressNewCostObjectCstID-vhi\"]"}
COMMAND: POST /session/642ad19be169e36e022e3d28efff7052/execute/sync - {"script":"<script> [8489 bytes]","args":[{"element-6066-11e4-a52e-4f735466cecf":"f.21B09363EEE0F7374535FA133A9E79B8.d.8EEC4B14413CA067AA0E81F538F4644A.e.747","ELEMENT":"f.21B09363EEE0F7374535FA133A9E79B8.d.8EEC4B14413CA067AA0E81F538F4644A.e.747"}]}
RESULT: {"script":"<script> [8489 bytes]","args":[{"element-6066-11e4-a52e-4f735466cecf":"f.21B09363EEE0F7374535FA133A9E79B8.d.8EEC4B14413CA067AA0E81F538F4644A.e.747","ELEMENT":"f.21B09363EEE0F7374535FA133A9E79B8.d.8EEC4B14413CA067AA0E81F538F4644A.e.747"}]}
COMMAND: POST /session/642ad19be169e36e022e3d28efff7052/execute/async - {"script":"<script> [1562 bytes]","args":[{"selector":{"id":"application-manageyards-display-component---NewYard--addressNewCostObjectCstID-vhi"},"wdio_ui5_key":"applicationmanageyards-display-component---NewYard--addressNewCostObjectCstID-vhi"}]}
COMMAND: GET /session/642ad19be169e36e022e3d28efff7052/screenshot - {}
RESULT: {"script":"<script> [1562 bytes]","args":[{"selector":{"id":"application-manageyards-display-component---NewYard--addressNewCostObjectCstID-vhi"},"wdio_ui5_key":"applicationmanageyards-display-component---NewYard--addressNewCostObjectCstID-vhi"}]}
RESULT: undefined
COMMAND: POST /session/642ad19be169e36e022e3d28efff7052/element - {"using":"xpath","value":"//*[@id=\"application-manageyards-display-component---NewYard--addressNewCostObjectCstID-vhi\"]"}
RESULT: {}
RESULT: {"using":"xpath","value":"//*[@id=\"application-manageyards-display-component---NewYard--addressNewCostObjectCstID-vhi\"]"}
COMMAND: POST /session/642ad19be169e36e022e3d28efff7052/element/f.21B09363EEE0F7374535FA133A9E79B8.d.8EEC4B14413CA067AA0E81F538F4644A.e.747/click - {}
RESULT: {}
COMMAND: GET /session/642ad19be169e36e022e3d28efff7052/screenshot - {}
RESULT: {}
COMMAND: POST /session/642ad19be169e36e022e3d28efff7052/execute/async - {"script":"<script> [1562 bytes]","args":[{"selector":{"controlType":"sap.m.SearchField","properties":{"placeholder":"Search"},"searchOpenDialogs":true,"interaction":{"idSuffix":"I"}},"wdio_ui5_key":"sapm.SearchField{\"placeholder\":\"Search\"}"}]}
RESULT: {"script":"<script> [1562 bytes]","args":[{"selector":{"controlType":"sap.m.SearchField","properties":{"placeholder":"Search"},"searchOpenDialogs":true,"interaction":{"idSuffix":"I"}},"wdio_ui5_key":"sapm.SearchField{\"placeholder\":\"Search\"}"}]}
RESULT: undefined
COMMAND: POST /session/642ad19be169e36e022e3d28efff7052/execute/async - {"script":"<script> [776 bytes]","args":[{"enterText":"10001013","selector":{"controlType":"sap.m.SearchField","properties":{"placeholder":"Search"},"searchOpenDialogs":true,"interaction":{"idSuffix":"I"}},"clearTextFirst":true,"interactionType":"ENTER_TEXT"}]}
RESULT: {"script":"<script> [776 bytes]","args":[{"enterText":"10001013","selector":{"controlType":"sap.m.SearchField","properties":{"placeholder":"Search"},"searchOpenDialogs":true,"interaction":{"idSuffix":"I"}},"clearTextFirst":true,"interactionType":"ENTER_TEXT"}]}
COMMAND: POST /session/642ad19be169e36e022e3d28efff7052/actions - {"actions":[{"id":"action1","type":"key","parameters":{},"actions":[{"type":"keyDown","value":"î€‡"},{"type":"pause","duration":10},{"type":"keyUp","value":"î€‡"}]}]}
RESULT: {"actions":[{"id":"action1","type":"key","parameters":{},"actions":[{"type":"keyDown","value":"î€‡"},{"type":"pause","duration":10},{"type":"keyUp","value":"î€‡"}]}]}
COMMAND: GET /session/642ad19be169e36e022e3d28efff7052/screenshot - {}
RESULT: {}
COMMAND: POST /session/642ad19be169e36e022e3d28efff7052/element - {"using":"xpath","value":"//span[contains(text(), \"General Management\")]"}
RESULT: {"using":"xpath","value":"//span[contains(text(), \"General Management\")]"}
COMMAND: POST /session/642ad19be169e36e022e3d28efff7052/element/f.21B09363EEE0F7374535FA133A9E79B8.d.8EEC4B14413CA067AA0E81F538F4644A.e.789/click - {}
RESULT: {}
COMMAND: GET /session/642ad19be169e36e022e3d28efff7052/screenshot - {}
RESULT: {}
COMMAND: POST /session/642ad19be169e36e022e3d28efff7052/element - {"using":"xpath","value":"//bdi[contains(text(), \"OK\")]"}
RESULT: {"using":"xpath","value":"//bdi[contains(text(), \"OK\")]"}
COMMAND: POST /session/642ad19be169e36e022e3d28efff7052/element/f.21B09363EEE0F7374535FA133A9E79B8.d.8EEC4B14413CA067AA0E81F538F4644A.e.790/click - {}
RESULT: {}
COMMAND: GET /session/642ad19be169e36e022e3d28efff7052/screenshot - {}
RESULT: {}
COMMAND: POST /session/642ad19be169e36e022e3d28efff7052/execute/async - {"script":"<script> [1562 bytes]","args":[{"selector":{"id":"application-manageyards-display-component---NewYard--addressEditDetailsCurrency-arrow"},"wdio_ui5_key":"applicationmanageyards-display-component---NewYard--addressEditDetailsCurrency-arrow"}]}
RESULT: {"script":"<script> [1562 bytes]","args":[{"selector":{"id":"application-manageyards-display-component---NewYard--addressEditDetailsCurrency-arrow"},"wdio_ui5_key":"applicationmanageyards-display-component---NewYard--addressEditDetailsCurrency-arrow"}]}
RESULT: undefined
COMMAND: POST /session/642ad19be169e36e022e3d28efff7052/element - {"using":"xpath","value":"//*[@id=\"application-manageyards-display-component---NewYard--addressEditDetailsCurrency-arrow\"]"}
RESULT: {"using":"xpath","value":"//*[@id=\"application-manageyards-display-component---NewYard--addressEditDetailsCurrency-arrow\"]"}
COMMAND: POST /session/642ad19be169e36e022e3d28efff7052/element/f.21B09363EEE0F7374535FA133A9E79B8.d.8EEC4B14413CA067AA0E81F538F4644A.e.793/click - {}
RESULT: {}
COMMAND: POST /session/642ad19be169e36e022e3d28efff7052/element - {"using":"xpath","value":"//span[contains(text(), \"Euro\")]"}
COMMAND: GET /session/642ad19be169e36e022e3d28efff7052/screenshot - {}
RESULT: {"using":"xpath","value":"//span[contains(text(), \"Euro\")]"}
COMMAND: POST /session/642ad19be169e36e022e3d28efff7052/element/f.21B09363EEE0F7374535FA133A9E79B8.d.8EEC4B14413CA067AA0E81F538F4644A.e.794/click - {}
RESULT: {}
RESULT: {}
COMMAND: POST /session/642ad19be169e36e022e3d28efff7052/execute/async - {"script":"<script> [1562 bytes]","args":[{"selector":{"controlType":"sap.m.Input","viewName":"etm.portal.ui.manageyards.view.New","viewId":"application-manageyards-display-component---NewYard","bindingPath":{"path":"","propertyPath":"/CONTROLLING_AREA","modelName":"NewYardModel"},"interaction":{"idSuffix":"inner"}},"wdio_ui5_key":"etmportal.ui.manageyards.view.Newsap.m.Input{\"path\":\"\",\"propertyPath\":\"/CONTROLLING_AREA\",\"modelName\":\"NewYardModel\"}"}]}
COMMAND: GET /session/642ad19be169e36e022e3d28efff7052/screenshot - {}
RESULT: {"script":"<script> [1562 bytes]","args":[{"selector":{"controlType":"sap.m.Input","viewName":"etm.portal.ui.manageyards.view.New","viewId":"application-manageyards-display-component---NewYard","bindingPath":{"path":"","propertyPath":"/CONTROLLING_AREA","modelName":"NewYardModel"},"interaction":{"idSuffix":"inner"}},"wdio_ui5_key":"etmportal.ui.manageyards.view.Newsap.m.Input{\"path\":\"\",\"propertyPath\":\"/CONTROLLING_AREA\",\"modelName\":\"NewYardModel\"}"}]}
RESULT: undefined
COMMAND: POST /session/642ad19be169e36e022e3d28efff7052/execute/async - {"script":"<script> [776 bytes]","args":[{"enterText":"Z001","selector":{"controlType":"sap.m.Input","viewName":"etm.portal.ui.manageyards.view.New","viewId":"application-manageyards-display-component---NewYard","bindingPath":{"path":"","propertyPath":"/CONTROLLING_AREA","modelName":"NewYardModel"},"interaction":{"idSuffix":"inner"}},"clearTextFirst":true,"interactionType":"ENTER_TEXT"}]}
RESULT: {}
RESULT: {"script":"<script> [776 bytes]","args":[{"enterText":"Z001","selector":{"controlType":"sap.m.Input","viewName":"etm.portal.ui.manageyards.view.New","viewId":"application-manageyards-display-component---NewYard","bindingPath":{"path":"","propertyPath":"/CONTROLLING_AREA","modelName":"NewYardModel"},"interaction":{"idSuffix":"inner"}},"clearTextFirst":true,"interactionType":"ENTER_TEXT"}]}
COMMAND: POST /session/642ad19be169e36e022e3d28efff7052/execute/async - {"script":"<script> [1562 bytes]","args":[{"selector":{"id":"application-manageyards-display-component---NewYard--companyCodeComboBox","interaction":{"idSuffix":"inner"}},"wdio_ui5_key":"applicationmanageyards-display-component---NewYard--companyCodeComboBox"}]}
RESULT: {"script":"<script> [1562 bytes]","args":[{"selector":{"id":"application-manageyards-display-component---NewYard--companyCodeComboBox","interaction":{"idSuffix":"inner"}},"wdio_ui5_key":"applicationmanageyards-display-component---NewYard--companyCodeComboBox"}]}
RESULT: undefined
COMMAND: POST /session/642ad19be169e36e022e3d28efff7052/execute/async - {"script":"<script> [776 bytes]","args":[{"enterText":"1000","selector":{"id":"application-manageyards-display-component---NewYard--companyCodeComboBox","interaction":{"idSuffix":"inner"}},"clearTextFirst":true,"interactionType":"ENTER_TEXT"}]}
RESULT: {"script":"<script> [776 bytes]","args":[{"enterText":"1000","selector":{"id":"application-manageyards-display-component---NewYard--companyCodeComboBox","interaction":{"idSuffix":"inner"}},"clearTextFirst":true,"interactionType":"ENTER_TEXT"}]}
COMMAND: POST /session/642ad19be169e36e022e3d28efff7052/execute/async - {"script":"<script> [1562 bytes]","args":[{"selector":{"controlType":"sap.m.Input","viewName":"etm.portal.ui.manageyards.view.New","viewId":"application-manageyards-display-component---NewYard","bindingPath":{"path":"","propertyPath":"/PLANT","modelName":"NewYardModel"},"interaction":{"idSuffix":"inner"}},"wdio_ui5_key":"etmportal.ui.manageyards.view.Newsap.m.Input{\"path\":\"\",\"propertyPath\":\"/PLANT\",\"modelName\":\"NewYardModel\"}"}]}
RESULT: {"script":"<script> [1562 bytes]","args":[{"selector":{"controlType":"sap.m.Input","viewName":"etm.portal.ui.manageyards.view.New","viewId":"application-manageyards-display-component---NewYard","bindingPath":{"path":"","propertyPath":"/PLANT","modelName":"NewYardModel"},"interaction":{"idSuffix":"inner"}},"wdio_ui5_key":"etmportal.ui.manageyards.view.Newsap.m.Input{\"path\":\"\",\"propertyPath\":\"/PLANT\",\"modelName\":\"NewYardModel\"}"}]}
RESULT: undefined
COMMAND: POST /session/642ad19be169e36e022e3d28efff7052/execute/async - {"script":"<script> [776 bytes]","args":[{"enterText":"1001","selector":{"controlType":"sap.m.Input","viewName":"etm.portal.ui.manageyards.view.New","viewId":"application-manageyards-display-component---NewYard","bindingPath":{"path":"","propertyPath":"/PLANT","modelName":"NewYardModel"},"interaction":{"idSuffix":"inner"}},"clearTextFirst":true,"interactionType":"ENTER_TEXT"}]}
RESULT: {"script":"<script> [776 bytes]","args":[{"enterText":"1001","selector":{"controlType":"sap.m.Input","viewName":"etm.portal.ui.manageyards.view.New","viewId":"application-manageyards-display-component---NewYard","bindingPath":{"path":"","propertyPath":"/PLANT","modelName":"NewYardModel"},"interaction":{"idSuffix":"inner"}},"clearTextFirst":true,"interactionType":"ENTER_TEXT"}]}
COMMAND: POST /session/642ad19be169e36e022e3d28efff7052/execute/async - {"script":"<script> [1562 bytes]","args":[{"selector":{"controlType":"sap.m.Input","viewName":"etm.portal.ui.manageyards.view.New","viewId":"application-manageyards-display-component---NewYard","bindingPath":{"path":"","propertyPath":"/SALES_AREA_VKORG","modelName":"NewYardModel"},"interaction":{"idSuffix":"inner"}},"wdio_ui5_key":"etmportal.ui.manageyards.view.Newsap.m.Input{\"path\":\"\",\"propertyPath\":\"/SALES_AREA_VKORG\",\"modelName\":\"NewYardModel\"}"}]}
RESULT: {"script":"<script> [1562 bytes]","args":[{"selector":{"controlType":"sap.m.Input","viewName":"etm.portal.ui.manageyards.view.New","viewId":"application-manageyards-display-component---NewYard","bindingPath":{"path":"","propertyPath":"/SALES_AREA_VKORG","modelName":"NewYardModel"},"interaction":{"idSuffix":"inner"}},"wdio_ui5_key":"etmportal.ui.manageyards.view.Newsap.m.Input{\"path\":\"\",\"propertyPath\":\"/SALES_AREA_VKORG\",\"modelName\":\"NewYardModel\"}"}]}
RESULT: undefined
COMMAND: POST /session/642ad19be169e36e022e3d28efff7052/execute/async - {"script":"<script> [776 bytes]","args":[{"enterText":"C002","selector":{"controlType":"sap.m.Input","viewName":"etm.portal.ui.manageyards.view.New","viewId":"application-manageyards-display-component---NewYard","bindingPath":{"path":"","propertyPath":"/SALES_AREA_VKORG","modelName":"NewYardModel"},"interaction":{"idSuffix":"inner"}},"clearTextFirst":true,"interactionType":"ENTER_TEXT"}]}
RESULT: {"script":"<script> [776 bytes]","args":[{"enterText":"C002","selector":{"controlType":"sap.m.Input","viewName":"etm.portal.ui.manageyards.view.New","viewId":"application-manageyards-display-component---NewYard","bindingPath":{"path":"","propertyPath":"/SALES_AREA_VKORG","modelName":"NewYardModel"},"interaction":{"idSuffix":"inner"}},"clearTextFirst":true,"interactionType":"ENTER_TEXT"}]}
COMMAND: POST /session/642ad19be169e36e022e3d28efff7052/execute/async - {"script":"<script> [1562 bytes]","args":[{"selector":{"controlType":"sap.m.Input","viewName":"etm.portal.ui.manageyards.view.New","viewId":"application-manageyards-display-component---NewYard","bindingPath":{"path":"","propertyPath":"/SALES_AREA_VTWEG","modelName":"NewYardModel"},"interaction":{"idSuffix":"inner"}},"wdio_ui5_key":"etmportal.ui.manageyards.view.Newsap.m.Input{\"path\":\"\",\"propertyPath\":\"/SALES_AREA_VTWEG\",\"modelName\":\"NewYardModel\"}"}]}
RESULT: {"script":"<script> [1562 bytes]","args":[{"selector":{"controlType":"sap.m.Input","viewName":"etm.portal.ui.manageyards.view.New","viewId":"application-manageyards-display-component---NewYard","bindingPath":{"path":"","propertyPath":"/SALES_AREA_VTWEG","modelName":"NewYardModel"},"interaction":{"idSuffix":"inner"}},"wdio_ui5_key":"etmportal.ui.manageyards.view.Newsap.m.Input{\"path\":\"\",\"propertyPath\":\"/SALES_AREA_VTWEG\",\"modelName\":\"NewYardModel\"}"}]}
RESULT: undefined
COMMAND: POST /session/642ad19be169e36e022e3d28efff7052/execute/async - {"script":"<script> [776 bytes]","args":[{"enterText":"C2","selector":{"controlType":"sap.m.Input","viewName":"etm.portal.ui.manageyards.view.New","viewId":"application-manageyards-display-component---NewYard","bindingPath":{"path":"","propertyPath":"/SALES_AREA_VTWEG","modelName":"NewYardModel"},"interaction":{"idSuffix":"inner"}},"clearTextFirst":true,"interactionType":"ENTER_TEXT"}]}
RESULT: {"script":"<script> [776 bytes]","args":[{"enterText":"C2","selector":{"controlType":"sap.m.Input","viewName":"etm.portal.ui.manageyards.view.New","viewId":"application-manageyards-display-component---NewYard","bindingPath":{"path":"","propertyPath":"/SALES_AREA_VTWEG","modelName":"NewYardModel"},"interaction":{"idSuffix":"inner"}},"clearTextFirst":true,"interactionType":"ENTER_TEXT"}]}
COMMAND: POST /session/642ad19be169e36e022e3d28efff7052/execute/async - {"script":"<script> [1562 bytes]","args":[{"selector":{"controlType":"sap.m.Input","viewName":"etm.portal.ui.manageyards.view.New","viewId":"application-manageyards-display-component---NewYard","bindingPath":{"path":"","propertyPath":"/SALES_AREA_SPART","modelName":"NewYardModel"},"interaction":{"idSuffix":"inner"}},"wdio_ui5_key":"etmportal.ui.manageyards.view.Newsap.m.Input{\"path\":\"\",\"propertyPath\":\"/SALES_AREA_SPART\",\"modelName\":\"NewYardModel\"}"}]}
RESULT: {"script":"<script> [1562 bytes]","args":[{"selector":{"controlType":"sap.m.Input","viewName":"etm.portal.ui.manageyards.view.New","viewId":"application-manageyards-display-component---NewYard","bindingPath":{"path":"","propertyPath":"/SALES_AREA_SPART","modelName":"NewYardModel"},"interaction":{"idSuffix":"inner"}},"wdio_ui5_key":"etmportal.ui.manageyards.view.Newsap.m.Input{\"path\":\"\",\"propertyPath\":\"/SALES_AREA_SPART\",\"modelName\":\"NewYardModel\"}"}]}
RESULT: undefined
COMMAND: POST /session/642ad19be169e36e022e3d28efff7052/execute/async - {"script":"<script> [776 bytes]","args":[{"enterText":"C2","selector":{"controlType":"sap.m.Input","viewName":"etm.portal.ui.manageyards.view.New","viewId":"application-manageyards-display-component---NewYard","bindingPath":{"path":"","propertyPath":"/SALES_AREA_SPART","modelName":"NewYardModel"},"interaction":{"idSuffix":"inner"}},"clearTextFirst":true,"interactionType":"ENTER_TEXT"}]}
RESULT: {"script":"<script> [776 bytes]","args":[{"enterText":"C2","selector":{"controlType":"sap.m.Input","viewName":"etm.portal.ui.manageyards.view.New","viewId":"application-manageyards-display-component---NewYard","bindingPath":{"path":"","propertyPath":"/SALES_AREA_SPART","modelName":"NewYardModel"},"interaction":{"idSuffix":"inner"}},"clearTextFirst":true,"interactionType":"ENTER_TEXT"}]}
COMMAND: POST /session/642ad19be169e36e022e3d28efff7052/execute/async - {"script":"<script> [1562 bytes]","args":[{"selector":{"controlType":"sap.m.Input","viewName":"etm.portal.ui.manageyards.view.New","viewId":"application-manageyards-display-component---NewYard","bindingPath":{"path":"","propertyPath":"/SHIP_POINT","modelName":"NewYardModel"},"interaction":{"idSuffix":"inner"}},"wdio_ui5_key":"etmportal.ui.manageyards.view.Newsap.m.Input{\"path\":\"\",\"propertyPath\":\"/SHIP_POINT\",\"modelName\":\"NewYardModel\"}"}]}
RESULT: {"script":"<script> [1562 bytes]","args":[{"selector":{"controlType":"sap.m.Input","viewName":"etm.portal.ui.manageyards.view.New","viewId":"application-manageyards-display-component---NewYard","bindingPath":{"path":"","propertyPath":"/SHIP_POINT","modelName":"NewYardModel"},"interaction":{"idSuffix":"inner"}},"wdio_ui5_key":"etmportal.ui.manageyards.view.Newsap.m.Input{\"path\":\"\",\"propertyPath\":\"/SHIP_POINT\",\"modelName\":\"NewYardModel\"}"}]}
RESULT: undefined
COMMAND: POST /session/642ad19be169e36e022e3d28efff7052/execute/async - {"script":"<script> [776 bytes]","args":[{"enterText":"1710","selector":{"controlType":"sap.m.Input","viewName":"etm.portal.ui.manageyards.view.New","viewId":"application-manageyards-display-component---NewYard","bindingPath":{"path":"","propertyPath":"/SHIP_POINT","modelName":"NewYardModel"},"interaction":{"idSuffix":"inner"}},"clearTextFirst":true,"interactionType":"ENTER_TEXT"}]}
RESULT: {"script":"<script> [776 bytes]","args":[{"enterText":"1710","selector":{"controlType":"sap.m.Input","viewName":"etm.portal.ui.manageyards.view.New","viewId":"application-manageyards-display-component---NewYard","bindingPath":{"path":"","propertyPath":"/SHIP_POINT","modelName":"NewYardModel"},"interaction":{"idSuffix":"inner"}},"clearTextFirst":true,"interactionType":"ENTER_TEXT"}]}
COMMAND: POST /session/642ad19be169e36e022e3d28efff7052/execute/async - {"script":"<script> [1562 bytes]","args":[{"selector":{"controlType":"sap.m.Input","viewName":"etm.portal.ui.manageyards.view.New","viewId":"application-manageyards-display-component---NewYard","bindingPath":{"path":"","propertyPath":"/DELIVERY_TYPE","modelName":"NewYardModel"},"interaction":{"idSuffix":"inner"}},"wdio_ui5_key":"etmportal.ui.manageyards.view.Newsap.m.Input{\"path\":\"\",\"propertyPath\":\"/DELIVERY_TYPE\",\"modelName\":\"NewYardModel\"}"}]}
RESULT: {"script":"<script> [1562 bytes]","args":[{"selector":{"controlType":"sap.m.Input","viewName":"etm.portal.ui.manageyards.view.New","viewId":"application-manageyards-display-component---NewYard","bindingPath":{"path":"","propertyPath":"/DELIVERY_TYPE","modelName":"NewYardModel"},"interaction":{"idSuffix":"inner"}},"wdio_ui5_key":"etmportal.ui.manageyards.view.Newsap.m.Input{\"path\":\"\",\"propertyPath\":\"/DELIVERY_TYPE\",\"modelName\":\"NewYardModel\"}"}]}
RESULT: undefined
COMMAND: POST /session/642ad19be169e36e022e3d28efff7052/execute/async - {"script":"<script> [776 bytes]","args":[{"enterText":"ZL01","selector":{"controlType":"sap.m.Input","viewName":"etm.portal.ui.manageyards.view.New","viewId":"application-manageyards-display-component---NewYard","bindingPath":{"path":"","propertyPath":"/DELIVERY_TYPE","modelName":"NewYardModel"},"interaction":{"idSuffix":"inner"}},"clearTextFirst":true,"interactionType":"ENTER_TEXT"}]}
RESULT: {"script":"<script> [776 bytes]","args":[{"enterText":"ZL01","selector":{"controlType":"sap.m.Input","viewName":"etm.portal.ui.manageyards.view.New","viewId":"application-manageyards-display-component---NewYard","bindingPath":{"path":"","propertyPath":"/DELIVERY_TYPE","modelName":"NewYardModel"},"interaction":{"idSuffix":"inner"}},"clearTextFirst":true,"interactionType":"ENTER_TEXT"}]}
COMMAND: POST /session/642ad19be169e36e022e3d28efff7052/execute/async - {"script":"<script> [1562 bytes]","args":[{"selector":{"controlType":"sap.m.Input","viewName":"etm.portal.ui.manageyards.view.New","viewId":"application-manageyards-display-component---NewYard","bindingPath":{"path":"","propertyPath":"/AUART","modelName":"NewYardModel"},"interaction":{"idSuffix":"inner"}},"wdio_ui5_key":"etmportal.ui.manageyards.view.Newsap.m.Input{\"path\":\"\",\"propertyPath\":\"/AUART\",\"modelName\":\"NewYardModel\"}"}]}
RESULT: {"script":"<script> [1562 bytes]","args":[{"selector":{"controlType":"sap.m.Input","viewName":"etm.portal.ui.manageyards.view.New","viewId":"application-manageyards-display-component---NewYard","bindingPath":{"path":"","propertyPath":"/AUART","modelName":"NewYardModel"},"interaction":{"idSuffix":"inner"}},"wdio_ui5_key":"etmportal.ui.manageyards.view.Newsap.m.Input{\"path\":\"\",\"propertyPath\":\"/AUART\",\"modelName\":\"NewYardModel\"}"}]}
RESULT: undefined
COMMAND: POST /session/642ad19be169e36e022e3d28efff7052/execute/async - {"script":"<script> [776 bytes]","args":[{"enterText":"TA","selector":{"controlType":"sap.m.Input","viewName":"etm.portal.ui.manageyards.view.New","viewId":"application-manageyards-display-component---NewYard","bindingPath":{"path":"","propertyPath":"/AUART","modelName":"NewYardModel"},"interaction":{"idSuffix":"inner"}},"clearTextFirst":true,"interactionType":"ENTER_TEXT"}]}
RESULT: {"script":"<script> [776 bytes]","args":[{"enterText":"TA","selector":{"controlType":"sap.m.Input","viewName":"etm.portal.ui.manageyards.view.New","viewId":"application-manageyards-display-component---NewYard","bindingPath":{"path":"","propertyPath":"/AUART","modelName":"NewYardModel"},"interaction":{"idSuffix":"inner"}},"clearTextFirst":true,"interactionType":"ENTER_TEXT"}]}
COMMAND: POST /session/642ad19be169e36e022e3d28efff7052/element - {"using":"xpath","value":"//button[@data-kt=\"newYardSaveButton\"]"}
RESULT: {"using":"xpath","value":"//button[@data-kt=\"newYardSaveButton\"]"}
COMMAND: POST /session/642ad19be169e36e022e3d28efff7052/element/f.21B09363EEE0F7374535FA133A9E79B8.d.8EEC4B14413CA067AA0E81F538F4644A.e.721/click - {}
RESULT: {}
COMMAND: GET /session/642ad19be169e36e022e3d28efff7052/screenshot - {}
COMMAND: POST /session/642ad19be169e36e022e3d28efff7052/element - {"using":"xpath","value":"//header[contains(@id, 'ObjectPageLayout-headerTitle')]/div[1]/div[2]/div[1]/span[1]"}
RESULT: {}
RESULT: {"using":"xpath","value":"//header[contains(@id, 'ObjectPageLayout-headerTitle')]/div[1]/div[2]/div[1]/span[1]"}
COMMAND: POST /session/642ad19be169e36e022e3d28efff7052/elements - {"using":"xpath","value":"//header[contains(@id, 'ObjectPageLayout-headerTitle')]/div[1]/div[2]/div[1]/span[1]"}
RESULT: {"using":"xpath","value":"//header[contains(@id, 'ObjectPageLayout-headerTitle')]/div[1]/div[2]/div[1]/span[1]"}
COMMAND: POST /session/642ad19be169e36e022e3d28efff7052/execute/sync - {"script":"<script> [56 bytes]","args":[{"element-6066-11e4-a52e-4f735466cecf":"f.21B09363EEE0F7374535FA133A9E79B8.d.8EEC4B14413CA067AA0E81F538F4644A.e.1020","ELEMENT":"f.21B09363EEE0F7374535FA133A9E79B8.d.8EEC4B14413CA067AA0E81F538F4644A.e.1020"}]}
RESULT: {"script":"<script> [56 bytes]","args":[{"element-6066-11e4-a52e-4f735466cecf":"f.21B09363EEE0F7374535FA133A9E79B8.d.8EEC4B14413CA067AA0E81F538F4644A.e.1020","ELEMENT":"f.21B09363EEE0F7374535FA133A9E79B8.d.8EEC4B14413CA067AA0E81F538F4644A.e.1020"}]}
COMMAND: GET /session/642ad19be169e36e022e3d28efff7052/screenshot - {}
RESULT: {}
COMMAND: POST /session/642ad19be169e36e022e3d28efff7052/element - {"using":"css selector","value":"#shell-header-logo"}
RESULT: {"using":"css selector","value":"#shell-header-logo"}
COMMAND: POST /session/642ad19be169e36e022e3d28efff7052/element/f.21B09363EEE0F7374535FA133A9E79B8.d.8EEC4B14413CA067AA0E81F538F4644A.e.273/click - {}
RESULT: {}
COMMAND: GET /session/642ad19be169e36e022e3d28efff7052/screenshot - {}
RESULT: {}
COMMAND: POST /session/642ad19be169e36e022e3d28efff7052/execute/sync - {"script":"<script> [299 bytes]","args":[["getModel","getResource"]]}
RESULT: {"script":"<script> [299 bytes]","args":[["getModel","getResource"]]}
COMMAND: GET /session/642ad19be169e36e022e3d28efff7052/screenshot - {}
]]></system-out>
    </testcase>
    <testcase classname="chrome.135_0_7049_96.windows.Billing_Transfer_-_Master_data_&amp;_Intercompany_US127250" name="Should create a new partner" time="139.644">
      <system-out><![CDATA[
COMMAND: POST /session/642ad19be169e36e022e3d28efff7052/window/fullscreen - {}
RESULT: {}
RESULT: {}
COMMAND: POST /session/642ad19be169e36e022e3d28efff7052/execute/async - {"script":"<script> [1562 bytes]","args":[{"selector":{"controlType":"sap.m.GenericTile","properties":{"header":"Manage Partners"}},"wdio_ui5_key":"sapm.GenericTile{\"header\":\"Manage Partners\"}"}]}
RESULT: {"script":"<script> [1562 bytes]","args":[{"selector":{"controlType":"sap.m.GenericTile","properties":{"header":"Manage Partners"}},"wdio_ui5_key":"sapm.GenericTile{\"header\":\"Manage Partners\"}"}]}
RESULT: undefined
COMMAND: POST /session/642ad19be169e36e022e3d28efff7052/element - {"using":"xpath","value":"//*[@id=\"__tile38\"]"}
RESULT: {"using":"xpath","value":"//*[@id=\"__tile38\"]"}
COMMAND: POST /session/642ad19be169e36e022e3d28efff7052/element/f.21B09363EEE0F7374535FA133A9E79B8.d.8EEC4B14413CA067AA0E81F538F4644A.e.161/click - {}
RESULT: {}
COMMAND: POST /session/642ad19be169e36e022e3d28efff7052/element - {"using":"xpath","value":"//button[@data-kt=\"addButton\"]"}
COMMAND: GET /session/642ad19be169e36e022e3d28efff7052/screenshot - {}
RESULT: {"using":"xpath","value":"//button[@data-kt=\"addButton\"]"}
COMMAND: POST /session/642ad19be169e36e022e3d28efff7052/elements - {"using":"xpath","value":"//button[@data-kt=\"addButton\"]"}
RESULT: {}
RESULT: {"using":"xpath","value":"//button[@data-kt=\"addButton\"]"}
COMMAND: POST /session/642ad19be169e36e022e3d28efff7052/elements - {"using":"xpath","value":"//button[@data-kt=\"addButton\"]"}
RESULT: {"using":"xpath","value":"//button[@data-kt=\"addButton\"]"}
COMMAND: POST /session/642ad19be169e36e022e3d28efff7052/elements - {"using":"xpath","value":"//button[@data-kt=\"addButton\"]"}
RESULT: {"using":"xpath","value":"//button[@data-kt=\"addButton\"]"}
COMMAND: POST /session/642ad19be169e36e022e3d28efff7052/elements - {"using":"xpath","value":"//button[@data-kt=\"addButton\"]"}
RESULT: {"using":"xpath","value":"//button[@data-kt=\"addButton\"]"}
COMMAND: POST /session/642ad19be169e36e022e3d28efff7052/elements - {"using":"xpath","value":"//button[@data-kt=\"addButton\"]"}
RESULT: {"using":"xpath","value":"//button[@data-kt=\"addButton\"]"}
COMMAND: POST /session/642ad19be169e36e022e3d28efff7052/elements - {"using":"xpath","value":"//button[@data-kt=\"addButton\"]"}
RESULT: {"using":"xpath","value":"//button[@data-kt=\"addButton\"]"}
COMMAND: POST /session/642ad19be169e36e022e3d28efff7052/elements - {"using":"xpath","value":"//button[@data-kt=\"addButton\"]"}
RESULT: {"using":"xpath","value":"//button[@data-kt=\"addButton\"]"}
COMMAND: POST /session/642ad19be169e36e022e3d28efff7052/elements - {"using":"xpath","value":"//button[@data-kt=\"addButton\"]"}
RESULT: {"using":"xpath","value":"//button[@data-kt=\"addButton\"]"}
COMMAND: POST /session/642ad19be169e36e022e3d28efff7052/elements - {"using":"xpath","value":"//button[@data-kt=\"addButton\"]"}
RESULT: {"using":"xpath","value":"//button[@data-kt=\"addButton\"]"}
COMMAND: POST /session/642ad19be169e36e022e3d28efff7052/elements - {"using":"xpath","value":"//button[@data-kt=\"addButton\"]"}
RESULT: {"using":"xpath","value":"//button[@data-kt=\"addButton\"]"}
COMMAND: POST /session/642ad19be169e36e022e3d28efff7052/elements - {"using":"xpath","value":"//button[@data-kt=\"addButton\"]"}
RESULT: {"using":"xpath","value":"//button[@data-kt=\"addButton\"]"}
COMMAND: POST /session/642ad19be169e36e022e3d28efff7052/elements - {"using":"xpath","value":"//button[@data-kt=\"addButton\"]"}
RESULT: {"using":"xpath","value":"//button[@data-kt=\"addButton\"]"}
COMMAND: POST /session/642ad19be169e36e022e3d28efff7052/elements - {"using":"xpath","value":"//button[@data-kt=\"addButton\"]"}
RESULT: {"using":"xpath","value":"//button[@data-kt=\"addButton\"]"}
COMMAND: POST /session/642ad19be169e36e022e3d28efff7052/elements - {"using":"xpath","value":"//button[@data-kt=\"addButton\"]"}
RESULT: {"using":"xpath","value":"//button[@data-kt=\"addButton\"]"}
COMMAND: POST /session/642ad19be169e36e022e3d28efff7052/element - {"using":"xpath","value":"//button[@data-kt=\"addButton\"]"}
RESULT: {"using":"xpath","value":"//button[@data-kt=\"addButton\"]"}
COMMAND: POST /session/642ad19be169e36e022e3d28efff7052/execute/sync - {"script":"<script> [8489 bytes]","args":[{"element-6066-11e4-a52e-4f735466cecf":"f.21B09363EEE0F7374535FA133A9E79B8.d.8EEC4B14413CA067AA0E81F538F4644A.e.1059","ELEMENT":"f.21B09363EEE0F7374535FA133A9E79B8.d.8EEC4B14413CA067AA0E81F538F4644A.e.1059"}]}
RESULT: {"script":"<script> [8489 bytes]","args":[{"element-6066-11e4-a52e-4f735466cecf":"f.21B09363EEE0F7374535FA133A9E79B8.d.8EEC4B14413CA067AA0E81F538F4644A.e.1059","ELEMENT":"f.21B09363EEE0F7374535FA133A9E79B8.d.8EEC4B14413CA067AA0E81F538F4644A.e.1059"}]}
COMMAND: GET /session/642ad19be169e36e022e3d28efff7052/element/f.21B09363EEE0F7374535FA133A9E79B8.d.8EEC4B14413CA067AA0E81F538F4644A.e.1059/enabled - {}
COMMAND: GET /session/642ad19be169e36e022e3d28efff7052/screenshot - {}
RESULT: {}
COMMAND: POST /session/642ad19be169e36e022e3d28efff7052/execute/sync - {"script":"<script> [8489 bytes]","args":[{"element-6066-11e4-a52e-4f735466cecf":"f.21B09363EEE0F7374535FA133A9E79B8.d.8EEC4B14413CA067AA0E81F538F4644A.e.1059","ELEMENT":"f.21B09363EEE0F7374535FA133A9E79B8.d.8EEC4B14413CA067AA0E81F538F4644A.e.1059"}]}
COMMAND: GET /session/642ad19be169e36e022e3d28efff7052/screenshot - {}
RESULT: {}
RESULT: {"script":"<script> [8489 bytes]","args":[{"element-6066-11e4-a52e-4f735466cecf":"f.21B09363EEE0F7374535FA133A9E79B8.d.8EEC4B14413CA067AA0E81F538F4644A.e.1059","ELEMENT":"f.21B09363EEE0F7374535FA133A9E79B8.d.8EEC4B14413CA067AA0E81F538F4644A.e.1059"}]}
COMMAND: POST /session/642ad19be169e36e022e3d28efff7052/execute/sync - {"script":"<script> [5351 bytes]","args":[{"element-6066-11e4-a52e-4f735466cecf":"f.21B09363EEE0F7374535FA133A9E79B8.d.8EEC4B14413CA067AA0E81F538F4644A.e.1059","ELEMENT":"f.21B09363EEE0F7374535FA133A9E79B8.d.8EEC4B14413CA067AA0E81F538F4644A.e.1059"}]}
COMMAND: GET /session/642ad19be169e36e022e3d28efff7052/screenshot - {}
RESULT: {}
RESULT: {"script":"<script> [5351 bytes]","args":[{"element-6066-11e4-a52e-4f735466cecf":"f.21B09363EEE0F7374535FA133A9E79B8.d.8EEC4B14413CA067AA0E81F538F4644A.e.1059","ELEMENT":"f.21B09363EEE0F7374535FA133A9E79B8.d.8EEC4B14413CA067AA0E81F538F4644A.e.1059"}]}
COMMAND: POST /session/642ad19be169e36e022e3d28efff7052/element/f.21B09363EEE0F7374535FA133A9E79B8.d.8EEC4B14413CA067AA0E81F538F4644A.e.1059/click - {}
COMMAND: GET /session/642ad19be169e36e022e3d28efff7052/screenshot - {}
RESULT: {}
RESULT: {}
COMMAND: GET /session/642ad19be169e36e022e3d28efff7052/screenshot - {}
COMMAND: POST /session/642ad19be169e36e022e3d28efff7052/execute/async - {"script":"<script> [1562 bytes]","args":[{"selector":{"id":"application-managepartners-display-component---NewPartner--addressDetailDetailsName1","interaction":{"idSuffix":"inner"}},"wdio_ui5_key":"applicationmanagepartners-display-component---NewPartner--addressDetailDetailsName1"}]}
RESULT: {}
RESULT: {}
RESULT: {"script":"<script> [1562 bytes]","args":[{"selector":{"id":"application-managepartners-display-component---NewPartner--addressDetailDetailsName1","interaction":{"idSuffix":"inner"}},"wdio_ui5_key":"applicationmanagepartners-display-component---NewPartner--addressDetailDetailsName1"}]}
RESULT: undefined
COMMAND: POST /session/642ad19be169e36e022e3d28efff7052/execute/async - {"script":"<script> [776 bytes]","args":[{"enterText":"Intercompany Partner WDIO","selector":{"id":"application-managepartners-display-component---NewPartner--addressDetailDetailsName1","interaction":{"idSuffix":"inner"}},"clearTextFirst":true,"interactionType":"ENTER_TEXT"}]}
RESULT: {"script":"<script> [776 bytes]","args":[{"enterText":"Intercompany Partner WDIO","selector":{"id":"application-managepartners-display-component---NewPartner--addressDetailDetailsName1","interaction":{"idSuffix":"inner"}},"clearTextFirst":true,"interactionType":"ENTER_TEXT"}]}
COMMAND: POST /session/642ad19be169e36e022e3d28efff7052/execute/async - {"script":"<script> [1562 bytes]","args":[{"selector":{"id":"application-managepartners-display-component---NewPartner--addressDetailDetailsLanguage-arrow"},"wdio_ui5_key":"applicationmanagepartners-display-component---NewPartner--addressDetailDetailsLanguage-arrow"}]}
RESULT: {"script":"<script> [1562 bytes]","args":[{"selector":{"id":"application-managepartners-display-component---NewPartner--addressDetailDetailsLanguage-arrow"},"wdio_ui5_key":"applicationmanagepartners-display-component---NewPartner--addressDetailDetailsLanguage-arrow"}]}
RESULT: undefined
COMMAND: POST /session/642ad19be169e36e022e3d28efff7052/element - {"using":"xpath","value":"//*[@id=\"application-managepartners-display-component---NewPartner--addressDetailDetailsLanguage-arrow\"]"}
RESULT: {"using":"xpath","value":"//*[@id=\"application-managepartners-display-component---NewPartner--addressDetailDetailsLanguage-arrow\"]"}
COMMAND: POST /session/642ad19be169e36e022e3d28efff7052/element/f.21B09363EEE0F7374535FA133A9E79B8.d.8EEC4B14413CA067AA0E81F538F4644A.e.1506/click - {}
RESULT: {}
COMMAND: POST /session/642ad19be169e36e022e3d28efff7052/element - {"using":"xpath","value":"//span[contains(text(), \"English\")]"}
COMMAND: GET /session/642ad19be169e36e022e3d28efff7052/screenshot - {}
RESULT: {"using":"xpath","value":"//span[contains(text(), \"English\")]"}
COMMAND: POST /session/642ad19be169e36e022e3d28efff7052/element/f.21B09363EEE0F7374535FA133A9E79B8.d.8EEC4B14413CA067AA0E81F538F4644A.e.1507/click - {}
RESULT: {}
RESULT: {}
COMMAND: GET /session/642ad19be169e36e022e3d28efff7052/screenshot - {}
RESULT: {}
COMMAND: POST /session/642ad19be169e36e022e3d28efff7052/execute/async - {"script":"<script> [1562 bytes]","args":[{"selector":{"id":"application-managepartners-display-component---NewPartner--addressDetailDetailsCity1","interaction":{"idSuffix":"inner"}},"wdio_ui5_key":"applicationmanagepartners-display-component---NewPartner--addressDetailDetailsCity1"}]}
RESULT: {"script":"<script> [1562 bytes]","args":[{"selector":{"id":"application-managepartners-display-component---NewPartner--addressDetailDetailsCity1","interaction":{"idSuffix":"inner"}},"wdio_ui5_key":"applicationmanagepartners-display-component---NewPartner--addressDetailDetailsCity1"}]}
RESULT: undefined
COMMAND: POST /session/642ad19be169e36e022e3d28efff7052/execute/async - {"script":"<script> [776 bytes]","args":[{"enterText":"Rosario","selector":{"id":"application-managepartners-display-component---NewPartner--addressDetailDetailsCity1","interaction":{"idSuffix":"inner"}},"clearTextFirst":true,"interactionType":"ENTER_TEXT"}]}
RESULT: {"script":"<script> [776 bytes]","args":[{"enterText":"Rosario","selector":{"id":"application-managepartners-display-component---NewPartner--addressDetailDetailsCity1","interaction":{"idSuffix":"inner"}},"clearTextFirst":true,"interactionType":"ENTER_TEXT"}]}
COMMAND: POST /session/642ad19be169e36e022e3d28efff7052/execute/async - {"script":"<script> [1562 bytes]","args":[{"selector":{"id":"application-managepartners-display-component---NewPartner--addressDetailDetailsCountry-arrow"},"wdio_ui5_key":"applicationmanagepartners-display-component---NewPartner--addressDetailDetailsCountry-arrow"}]}
RESULT: {"script":"<script> [1562 bytes]","args":[{"selector":{"id":"application-managepartners-display-component---NewPartner--addressDetailDetailsCountry-arrow"},"wdio_ui5_key":"applicationmanagepartners-display-component---NewPartner--addressDetailDetailsCountry-arrow"}]}
RESULT: undefined
COMMAND: POST /session/642ad19be169e36e022e3d28efff7052/element - {"using":"xpath","value":"//*[@id=\"application-managepartners-display-component---NewPartner--addressDetailDetailsCountry-arrow\"]"}
RESULT: {"using":"xpath","value":"//*[@id=\"application-managepartners-display-component---NewPartner--addressDetailDetailsCountry-arrow\"]"}
COMMAND: POST /session/642ad19be169e36e022e3d28efff7052/element/f.21B09363EEE0F7374535FA133A9E79B8.d.8EEC4B14413CA067AA0E81F538F4644A.e.1323/click - {}
RESULT: {}
COMMAND: POST /session/642ad19be169e36e022e3d28efff7052/element - {"using":"xpath","value":"//span[contains(text(), \"Argentina\")]"}
COMMAND: GET /session/642ad19be169e36e022e3d28efff7052/screenshot - {}
RESULT: {"using":"xpath","value":"//span[contains(text(), \"Argentina\")]"}
COMMAND: POST /session/642ad19be169e36e022e3d28efff7052/element/f.21B09363EEE0F7374535FA133A9E79B8.d.8EEC4B14413CA067AA0E81F538F4644A.e.1509/click - {}
RESULT: {}
RESULT: {}
COMMAND: GET /session/642ad19be169e36e022e3d28efff7052/screenshot - {}
RESULT: {}
COMMAND: POST /session/642ad19be169e36e022e3d28efff7052/element - {"using":"xpath","value":"//bdi[contains(text(), \"Commercial\")]"}
RESULT: {"using":"xpath","value":"//bdi[contains(text(), \"Commercial\")]"}
COMMAND: POST /session/642ad19be169e36e022e3d28efff7052/element/f.21B09363EEE0F7374535FA133A9E79B8.d.8EEC4B14413CA067AA0E81F538F4644A.e.1510/click - {}
RESULT: {}
COMMAND: GET /session/642ad19be169e36e022e3d28efff7052/screenshot - {}
RESULT: {}
COMMAND: POST /session/642ad19be169e36e022e3d28efff7052/execute/async - {"script":"<script> [1562 bytes]","args":[{"selector":{"id":"application-managepartners-display-component---NewPartner--partnerDetailInternal-arrow"},"wdio_ui5_key":"applicationmanagepartners-display-component---NewPartner--partnerDetailInternal-arrow"}]}
RESULT: {"script":"<script> [1562 bytes]","args":[{"selector":{"id":"application-managepartners-display-component---NewPartner--partnerDetailInternal-arrow"},"wdio_ui5_key":"applicationmanagepartners-display-component---NewPartner--partnerDetailInternal-arrow"}]}
RESULT: undefined
COMMAND: POST /session/642ad19be169e36e022e3d28efff7052/element - {"using":"xpath","value":"//*[@id=\"application-managepartners-display-component---NewPartner--partnerDetailInternal-arrow\"]"}
RESULT: {"using":"xpath","value":"//*[@id=\"application-managepartners-display-component---NewPartner--partnerDetailInternal-arrow\"]"}
COMMAND: POST /session/642ad19be169e36e022e3d28efff7052/element/f.21B09363EEE0F7374535FA133A9E79B8.d.8EEC4B14413CA067AA0E81F538F4644A.e.1516/click - {}
RESULT: {}
COMMAND: POST /session/642ad19be169e36e022e3d28efff7052/element - {"using":"xpath","value":"//span[contains(text(), \"Affiliated company\")]"}
COMMAND: GET /session/642ad19be169e36e022e3d28efff7052/screenshot - {}
RESULT: {"using":"xpath","value":"//span[contains(text(), \"Affiliated company\")]"}
COMMAND: POST /session/642ad19be169e36e022e3d28efff7052/element/f.21B09363EEE0F7374535FA133A9E79B8.d.8EEC4B14413CA067AA0E81F538F4644A.e.1517/click - {}
RESULT: {}
RESULT: {}
COMMAND: POST /session/642ad19be169e36e022e3d28efff7052/execute/async - {"script":"<script> [1562 bytes]","args":[{"selector":{"id":"application-managepartners-display-component---NewPartner--partnerDetailsCurrency-arrow"},"wdio_ui5_key":"applicationmanagepartners-display-component---NewPartner--partnerDetailsCurrency-arrow"}]}
COMMAND: GET /session/642ad19be169e36e022e3d28efff7052/screenshot - {}
RESULT: {"script":"<script> [1562 bytes]","args":[{"selector":{"id":"application-managepartners-display-component---NewPartner--partnerDetailsCurrency-arrow"},"wdio_ui5_key":"applicationmanagepartners-display-component---NewPartner--partnerDetailsCurrency-arrow"}]}
RESULT: undefined
COMMAND: POST /session/642ad19be169e36e022e3d28efff7052/element - {"using":"xpath","value":"//*[@id=\"application-managepartners-display-component---NewPartner--partnerDetailsCurrency-arrow\"]"}
RESULT: {}
RESULT: {"using":"xpath","value":"//*[@id=\"application-managepartners-display-component---NewPartner--partnerDetailsCurrency-arrow\"]"}
COMMAND: POST /session/642ad19be169e36e022e3d28efff7052/element/f.21B09363EEE0F7374535FA133A9E79B8.d.8EEC4B14413CA067AA0E81F538F4644A.e.1524/click - {}
RESULT: {}
COMMAND: POST /session/642ad19be169e36e022e3d28efff7052/element - {"using":"xpath","value":"//span[contains(text(), \"Euro\")]"}
COMMAND: GET /session/642ad19be169e36e022e3d28efff7052/screenshot - {}
RESULT: {"using":"xpath","value":"//span[contains(text(), \"Euro\")]"}
COMMAND: POST /session/642ad19be169e36e022e3d28efff7052/element/f.21B09363EEE0F7374535FA133A9E79B8.d.8EEC4B14413CA067AA0E81F538F4644A.e.1525/click - {}
RESULT: {}
RESULT: {}
COMMAND: POST /session/642ad19be169e36e022e3d28efff7052/execute/async - {"script":"<script> [1562 bytes]","args":[{"selector":{"id":"application-managepartners-display-component---NewPartner--addressEditDetailsCostObjectCstType-arrow"},"wdio_ui5_key":"applicationmanagepartners-display-component---NewPartner--addressEditDetailsCostObjectCstType-arrow"}]}
COMMAND: GET /session/642ad19be169e36e022e3d28efff7052/screenshot - {}
RESULT: {"script":"<script> [1562 bytes]","args":[{"selector":{"id":"application-managepartners-display-component---NewPartner--addressEditDetailsCostObjectCstType-arrow"},"wdio_ui5_key":"applicationmanagepartners-display-component---NewPartner--addressEditDetailsCostObjectCstType-arrow"}]}
RESULT: undefined
COMMAND: POST /session/642ad19be169e36e022e3d28efff7052/element - {"using":"xpath","value":"//*[@id=\"application-managepartners-display-component---NewPartner--addressEditDetailsCostObjectCstType-arrow\"]"}
RESULT: {}
RESULT: {"using":"xpath","value":"//*[@id=\"application-managepartners-display-component---NewPartner--addressEditDetailsCostObjectCstType-arrow\"]"}
COMMAND: POST /session/642ad19be169e36e022e3d28efff7052/element/f.21B09363EEE0F7374535FA133A9E79B8.d.8EEC4B14413CA067AA0E81F538F4644A.e.1526/click - {}
RESULT: {}
COMMAND: POST /session/642ad19be169e36e022e3d28efff7052/element - {"using":"xpath","value":"//span[contains(text(), \"Cost Center\")]"}
COMMAND: GET /session/642ad19be169e36e022e3d28efff7052/screenshot - {}
RESULT: {"using":"xpath","value":"//span[contains(text(), \"Cost Center\")]"}
COMMAND: POST /session/642ad19be169e36e022e3d28efff7052/element/f.21B09363EEE0F7374535FA133A9E79B8.d.8EEC4B14413CA067AA0E81F538F4644A.e.1527/click - {}
RESULT: {}
RESULT: {}
COMMAND: GET /session/642ad19be169e36e022e3d28efff7052/screenshot - {}
RESULT: {}
COMMAND: POST /session/642ad19be169e36e022e3d28efff7052/element - {"using":"xpath","value":"//span[@id=\"application-managepartners-display-component---NewPartner--addressNewCostObjectCstID-vhi\"]"}
RESULT: {"using":"xpath","value":"//span[@id=\"application-managepartners-display-component---NewPartner--addressNewCostObjectCstID-vhi\"]"}
COMMAND: POST /session/642ad19be169e36e022e3d28efff7052/execute/sync - {"script":"<script> [8489 bytes]","args":[{"element-6066-11e4-a52e-4f735466cecf":"f.21B09363EEE0F7374535FA133A9E79B8.d.8EEC4B14413CA067AA0E81F538F4644A.e.1531","ELEMENT":"f.21B09363EEE0F7374535FA133A9E79B8.d.8EEC4B14413CA067AA0E81F538F4644A.e.1531"}]}
RESULT: {"script":"<script> [8489 bytes]","args":[{"element-6066-11e4-a52e-4f735466cecf":"f.21B09363EEE0F7374535FA133A9E79B8.d.8EEC4B14413CA067AA0E81F538F4644A.e.1531","ELEMENT":"f.21B09363EEE0F7374535FA133A9E79B8.d.8EEC4B14413CA067AA0E81F538F4644A.e.1531"}]}
COMMAND: POST /session/642ad19be169e36e022e3d28efff7052/execute/async - {"script":"<script> [1562 bytes]","args":[{"selector":{"id":"application-managepartners-display-component---NewPartner--addressNewCostObjectCstID-vhi"},"wdio_ui5_key":"applicationmanagepartners-display-component---NewPartner--addressNewCostObjectCstID-vhi"}]}
COMMAND: GET /session/642ad19be169e36e022e3d28efff7052/screenshot - {}
RESULT: {"script":"<script> [1562 bytes]","args":[{"selector":{"id":"application-managepartners-display-component---NewPartner--addressNewCostObjectCstID-vhi"},"wdio_ui5_key":"applicationmanagepartners-display-component---NewPartner--addressNewCostObjectCstID-vhi"}]}
RESULT: undefined
COMMAND: POST /session/642ad19be169e36e022e3d28efff7052/element - {"using":"xpath","value":"//*[@id=\"application-managepartners-display-component---NewPartner--addressNewCostObjectCstID-vhi\"]"}
RESULT: {}
RESULT: {"using":"xpath","value":"//*[@id=\"application-managepartners-display-component---NewPartner--addressNewCostObjectCstID-vhi\"]"}
COMMAND: POST /session/642ad19be169e36e022e3d28efff7052/element/f.21B09363EEE0F7374535FA133A9E79B8.d.8EEC4B14413CA067AA0E81F538F4644A.e.1531/click - {}
RESULT: {}
COMMAND: GET /session/642ad19be169e36e022e3d28efff7052/screenshot - {}
RESULT: undefined
COMMAND: POST /session/642ad19be169e36e022e3d28efff7052/execute/async - {"script":"<script> [776 bytes]","args":[{"enterText":"10001013","selector":{"controlType":"sap.m.SearchField","properties":{"placeholder":"Search"},"searchOpenDialogs":true,"interaction":{"idSuffix":"I"}},"clearTextFirst":true,"interactionType":"ENTER_TEXT"}]}
RESULT: {}
RESULT: {"script":"<script> [776 bytes]","args":[{"enterText":"10001013","selector":{"controlType":"sap.m.SearchField","properties":{"placeholder":"Search"},"searchOpenDialogs":true,"interaction":{"idSuffix":"I"}},"clearTextFirst":true,"interactionType":"ENTER_TEXT"}]}
COMMAND: POST /session/642ad19be169e36e022e3d28efff7052/actions - {"actions":[{"id":"action2","type":"key","parameters":{},"actions":[{"type":"keyDown","value":"î€‡"},{"type":"pause","duration":10},{"type":"keyUp","value":"î€‡"}]}]}
RESULT: {"actions":[{"id":"action2","type":"key","parameters":{},"actions":[{"type":"keyDown","value":"î€‡"},{"type":"pause","duration":10},{"type":"keyUp","value":"î€‡"}]}]}
COMMAND: GET /session/642ad19be169e36e022e3d28efff7052/screenshot - {}
RESULT: {}
COMMAND: POST /session/642ad19be169e36e022e3d28efff7052/element - {"using":"xpath","value":"//span[contains(text(), \"General Management\")]"}
RESULT: {"using":"xpath","value":"//span[contains(text(), \"General Management\")]"}
COMMAND: POST /session/642ad19be169e36e022e3d28efff7052/element/f.21B09363EEE0F7374535FA133A9E79B8.d.8EEC4B14413CA067AA0E81F538F4644A.e.1572/click - {}
RESULT: {}
COMMAND: GET /session/642ad19be169e36e022e3d28efff7052/screenshot - {}
RESULT: {}
COMMAND: POST /session/642ad19be169e36e022e3d28efff7052/element - {"using":"xpath","value":"//bdi[contains(text(), \"OK\")]"}
RESULT: {"using":"xpath","value":"//bdi[contains(text(), \"OK\")]"}
COMMAND: POST /session/642ad19be169e36e022e3d28efff7052/element/f.21B09363EEE0F7374535FA133A9E79B8.d.8EEC4B14413CA067AA0E81F538F4644A.e.1573/click - {}
RESULT: {}
COMMAND: GET /session/642ad19be169e36e022e3d28efff7052/screenshot - {}
RESULT: {}
COMMAND: POST /session/642ad19be169e36e022e3d28efff7052/element - {"using":"xpath","value":"//input[@id=\"application-managepartners-display-component---NewPartner--companyCodeComboBox-inner\"]"}
RESULT: {"using":"xpath","value":"//input[@id=\"application-managepartners-display-component---NewPartner--companyCodeComboBox-inner\"]"}
COMMAND: POST /session/642ad19be169e36e022e3d28efff7052/element/f.21B09363EEE0F7374535FA133A9E79B8.d.8EEC4B14413CA067AA0E81F538F4644A.e.1460/clear - {}
RESULT: {}
COMMAND: POST /session/642ad19be169e36e022e3d28efff7052/element/f.21B09363EEE0F7374535FA133A9E79B8.d.8EEC4B14413CA067AA0E81F538F4644A.e.1460/value - {"text":"C002"}
COMMAND: GET /session/642ad19be169e36e022e3d28efff7052/screenshot - {}
RESULT: {"text":"C002"}
COMMAND: GET /session/642ad19be169e36e022e3d28efff7052/screenshot - {}
RESULT: {}
RESULT: {}
COMMAND: POST /session/642ad19be169e36e022e3d28efff7052/element - {"using":"xpath","value":"//span[contains(text(), \"C002\")]"}
RESULT: {"using":"xpath","value":"//span[contains(text(), \"C002\")]"}
COMMAND: POST /session/642ad19be169e36e022e3d28efff7052/element/f.21B09363EEE0F7374535FA133A9E79B8.d.8EEC4B14413CA067AA0E81F538F4644A.e.1579/click - {}
RESULT: {}
COMMAND: GET /session/642ad19be169e36e022e3d28efff7052/screenshot - {}
RESULT: {}
COMMAND: POST /session/642ad19be169e36e022e3d28efff7052/execute/async - {"script":"<script> [1562 bytes]","args":[{"selector":{"id":"application-managepartners-display-component---NewPartner--btnAddTableRow-img"},"wdio_ui5_key":"applicationmanagepartners-display-component---NewPartner--btnAddTableRow-img"}]}
RESULT: {"script":"<script> [1562 bytes]","args":[{"selector":{"id":"application-managepartners-display-component---NewPartner--btnAddTableRow-img"},"wdio_ui5_key":"applicationmanagepartners-display-component---NewPartner--btnAddTableRow-img"}]}
RESULT: undefined
COMMAND: POST /session/642ad19be169e36e022e3d28efff7052/element - {"using":"xpath","value":"//*[@id=\"application-managepartners-display-component---NewPartner--btnAddTableRow-img\"]"}
RESULT: {"using":"xpath","value":"//*[@id=\"application-managepartners-display-component---NewPartner--btnAddTableRow-img\"]"}
COMMAND: POST /session/642ad19be169e36e022e3d28efff7052/element/f.21B09363EEE0F7374535FA133A9E79B8.d.8EEC4B14413CA067AA0E81F538F4644A.e.1580/click - {}
RESULT: {}
COMMAND: GET /session/642ad19be169e36e022e3d28efff7052/screenshot - {}
RESULT: {}
COMMAND: POST /session/642ad19be169e36e022e3d28efff7052/element - {"using":"xpath","value":"//input[@id=\"application-managepartners-display-component---NewPartner--assignmentYard-application-managepartners-display-component---NewPartner--assignmentsTable-0-inner\"]"}
RESULT: {"using":"xpath","value":"//input[@id=\"application-managepartners-display-component---NewPartner--assignmentYard-application-managepartners-display-component---NewPartner--assignmentsTable-0-inner\"]"}
COMMAND: POST /session/642ad19be169e36e022e3d28efff7052/element/f.21B09363EEE0F7374535FA133A9E79B8.d.8EEC4B14413CA067AA0E81F538F4644A.e.1583/clear - {}
RESULT: {}
COMMAND: POST /session/642ad19be169e36e022e3d28efff7052/element/f.21B09363EEE0F7374535FA133A9E79B8.d.8EEC4B14413CA067AA0E81F538F4644A.e.1583/value - {"text":"597"}
COMMAND: GET /session/642ad19be169e36e022e3d28efff7052/screenshot - {}
RESULT: {"text":"597"}
COMMAND: GET /session/642ad19be169e36e022e3d28efff7052/screenshot - {}
RESULT: {}
RESULT: {}
COMMAND: POST /session/642ad19be169e36e022e3d28efff7052/element - {"using":"xpath","value":"//li[.//span[text()='597']]"}
RESULT: {"using":"xpath","value":"//li[.//span[text()='597']]"}
COMMAND: POST /session/642ad19be169e36e022e3d28efff7052/element/f.21B09363EEE0F7374535FA133A9E79B8.d.8EEC4B14413CA067AA0E81F538F4644A.e.1593/click - {}
RESULT: {}
COMMAND: GET /session/642ad19be169e36e022e3d28efff7052/screenshot - {}
RESULT: {}
COMMAND: POST /session/642ad19be169e36e022e3d28efff7052/actions - {"actions":[{"id":"action3","type":"key","parameters":{},"actions":[{"type":"keyDown","value":"î€‡"},{"type":"pause","duration":10},{"type":"keyUp","value":"î€‡"}]}]}
RESULT: {"actions":[{"id":"action3","type":"key","parameters":{},"actions":[{"type":"keyDown","value":"î€‡"},{"type":"pause","duration":10},{"type":"keyUp","value":"î€‡"}]}]}
COMMAND: POST /session/642ad19be169e36e022e3d28efff7052/execute/async - {"script":"<script> [1562 bytes]","args":[{"selector":{"id":"application-managepartners-display-component---NewPartner--externalCustomerComboBox-application-managepartners-display-component---NewPartner--assignmentsTable-0-vhi"},"wdio_ui5_key":"applicationmanagepartners-display-component---NewPartner--externalCustomerComboBox-application-managepartners-display-component---NewPartner--assignmentsTable-0-vhi"}]}
COMMAND: GET /session/642ad19be169e36e022e3d28efff7052/screenshot - {}
RESULT: {"script":"<script> [1562 bytes]","args":[{"selector":{"id":"application-managepartners-display-component---NewPartner--externalCustomerComboBox-application-managepartners-display-component---NewPartner--assignmentsTable-0-vhi"},"wdio_ui5_key":"applicationmanagepartners-display-component---NewPartner--externalCustomerComboBox-application-managepartners-display-component---NewPartner--assignmentsTable-0-vhi"}]}
RESULT: undefined
COMMAND: POST /session/642ad19be169e36e022e3d28efff7052/element - {"using":"xpath","value":"//*[@id=\"application-managepartners-display-component---NewPartner--externalCustomerComboBox-application-managepartners-display-component---NewPartner--assignmentsTable-0-vhi\"]"}
RESULT: {}
RESULT: {"using":"xpath","value":"//*[@id=\"application-managepartners-display-component---NewPartner--externalCustomerComboBox-application-managepartners-display-component---NewPartner--assignmentsTable-0-vhi\"]"}
COMMAND: POST /session/642ad19be169e36e022e3d28efff7052/element/f.21B09363EEE0F7374535FA133A9E79B8.d.8EEC4B14413CA067AA0E81F538F4644A.e.1597/click - {}
RESULT: {}
RESULT: undefined
COMMAND: POST /session/642ad19be169e36e022e3d28efff7052/execute/async - {"script":"<script> [776 bytes]","args":[{"enterText":"300003","selector":{"controlType":"sap.m.SearchField","properties":{"placeholder":"Search"},"searchOpenDialogs":true,"interaction":{"idSuffix":"I"}},"clearTextFirst":true,"interactionType":"ENTER_TEXT"}]}
COMMAND: GET /session/642ad19be169e36e022e3d28efff7052/screenshot - {}
RESULT: {"script":"<script> [776 bytes]","args":[{"enterText":"300003","selector":{"controlType":"sap.m.SearchField","properties":{"placeholder":"Search"},"searchOpenDialogs":true,"interaction":{"idSuffix":"I"}},"clearTextFirst":true,"interactionType":"ENTER_TEXT"}]}
COMMAND: POST /session/642ad19be169e36e022e3d28efff7052/actions - {"actions":[{"id":"action4","type":"key","parameters":{},"actions":[{"type":"keyDown","value":"î€‡"},{"type":"pause","duration":10},{"type":"keyUp","value":"î€‡"}]}]}
RESULT: {}
RESULT: {"actions":[{"id":"action4","type":"key","parameters":{},"actions":[{"type":"keyDown","value":"î€‡"},{"type":"pause","duration":10},{"type":"keyUp","value":"î€‡"}]}]}
COMMAND: GET /session/642ad19be169e36e022e3d28efff7052/screenshot - {}
RESULT: {}
COMMAND: POST /session/642ad19be169e36e022e3d28efff7052/element - {"using":"xpath","value":"//span[contains(text(), \"300003\")]"}
RESULT: {"using":"xpath","value":"//span[contains(text(), \"300003\")]"}
COMMAND: POST /session/642ad19be169e36e022e3d28efff7052/element/f.21B09363EEE0F7374535FA133A9E79B8.d.8EEC4B14413CA067AA0E81F538F4644A.e.1616/click - {}
RESULT: {}
COMMAND: GET /session/642ad19be169e36e022e3d28efff7052/screenshot - {}
RESULT: {}
COMMAND: POST /session/642ad19be169e36e022e3d28efff7052/element - {"using":"xpath","value":"//bdi[contains(text(), \"OK\")]"}
RESULT: {"using":"xpath","value":"//bdi[contains(text(), \"OK\")]"}
COMMAND: POST /session/642ad19be169e36e022e3d28efff7052/element/f.21B09363EEE0F7374535FA133A9E79B8.d.8EEC4B14413CA067AA0E81F538F4644A.e.1618/click - {}
RESULT: {}
COMMAND: GET /session/642ad19be169e36e022e3d28efff7052/screenshot - {}
RESULT: {}
COMMAND: POST /session/642ad19be169e36e022e3d28efff7052/execute/async - {"script":"<script> [1562 bytes]","args":[{"selector":{"id":"application-managepartners-display-component---NewPartner--intercompVendorComboBox-application-managepartners-display-component---NewPartner--assignmentsTable-0-vhi"},"wdio_ui5_key":"applicationmanagepartners-display-component---NewPartner--intercompVendorComboBox-application-managepartners-display-component---NewPartner--assignmentsTable-0-vhi"}]}
RESULT: {"script":"<script> [1562 bytes]","args":[{"selector":{"id":"application-managepartners-display-component---NewPartner--intercompVendorComboBox-application-managepartners-display-component---NewPartner--assignmentsTable-0-vhi"},"wdio_ui5_key":"applicationmanagepartners-display-component---NewPartner--intercompVendorComboBox-application-managepartners-display-component---NewPartner--assignmentsTable-0-vhi"}]}
RESULT: undefined
COMMAND: POST /session/642ad19be169e36e022e3d28efff7052/element - {"using":"xpath","value":"//*[@id=\"application-managepartners-display-component---NewPartner--intercompVendorComboBox-application-managepartners-display-component---NewPartner--assignmentsTable-0-vhi\"]"}
RESULT: {"using":"xpath","value":"//*[@id=\"application-managepartners-display-component---NewPartner--intercompVendorComboBox-application-managepartners-display-component---NewPartner--assignmentsTable-0-vhi\"]"}
COMMAND: POST /session/642ad19be169e36e022e3d28efff7052/element/f.21B09363EEE0F7374535FA133A9E79B8.d.8EEC4B14413CA067AA0E81F538F4644A.e.1622/click - {}
RESULT: {}
RESULT: undefined
COMMAND: POST /session/642ad19be169e36e022e3d28efff7052/execute/async - {"script":"<script> [776 bytes]","args":[{"enterText":"100005","selector":{"controlType":"sap.m.SearchField","properties":{"placeholder":"Search"},"searchOpenDialogs":true,"interaction":{"idSuffix":"I"}},"clearTextFirst":true,"interactionType":"ENTER_TEXT"}]}
COMMAND: GET /session/642ad19be169e36e022e3d28efff7052/screenshot - {}
RESULT: {"script":"<script> [776 bytes]","args":[{"enterText":"100005","selector":{"controlType":"sap.m.SearchField","properties":{"placeholder":"Search"},"searchOpenDialogs":true,"interaction":{"idSuffix":"I"}},"clearTextFirst":true,"interactionType":"ENTER_TEXT"}]}
COMMAND: POST /session/642ad19be169e36e022e3d28efff7052/actions - {"actions":[{"id":"action5","type":"key","parameters":{},"actions":[{"type":"keyDown","value":"î€‡"},{"type":"pause","duration":10},{"type":"keyUp","value":"î€‡"}]}]}
RESULT: {}
RESULT: {"actions":[{"id":"action5","type":"key","parameters":{},"actions":[{"type":"keyDown","value":"î€‡"},{"type":"pause","duration":10},{"type":"keyUp","value":"î€‡"}]}]}
COMMAND: GET /session/642ad19be169e36e022e3d28efff7052/screenshot - {}
RESULT: {}
COMMAND: POST /session/642ad19be169e36e022e3d28efff7052/element - {"using":"xpath","value":"//span[contains(text(), \"Penguins - Field/12345 Berlin\")]"}
RESULT: {"using":"xpath","value":"//span[contains(text(), \"Penguins - Field/12345 Berlin\")]"}
COMMAND: POST /session/642ad19be169e36e022e3d28efff7052/element/f.21B09363EEE0F7374535FA133A9E79B8.d.8EEC4B14413CA067AA0E81F538F4644A.e.1640/click - {}
RESULT: {}
COMMAND: GET /session/642ad19be169e36e022e3d28efff7052/screenshot - {}
RESULT: {}
COMMAND: POST /session/642ad19be169e36e022e3d28efff7052/element - {"using":"xpath","value":"//bdi[contains(text(), \"OK\")]"}
RESULT: {"using":"xpath","value":"//bdi[contains(text(), \"OK\")]"}
COMMAND: POST /session/642ad19be169e36e022e3d28efff7052/element/f.21B09363EEE0F7374535FA133A9E79B8.d.8EEC4B14413CA067AA0E81F538F4644A.e.1641/click - {}
RESULT: {}
COMMAND: GET /session/642ad19be169e36e022e3d28efff7052/screenshot - {}
RESULT: {}
COMMAND: POST /session/642ad19be169e36e022e3d28efff7052/element - {"using":"xpath","value":"//button[@data-kt=\"saveButton\"]"}
RESULT: {"using":"xpath","value":"//button[@data-kt=\"saveButton\"]"}
COMMAND: POST /session/642ad19be169e36e022e3d28efff7052/element/f.21B09363EEE0F7374535FA133A9E79B8.d.8EEC4B14413CA067AA0E81F538F4644A.e.1484/click - {}
RESULT: {}
COMMAND: GET /session/642ad19be169e36e022e3d28efff7052/screenshot - {}
RESULT: {}
COMMAND: POST /session/642ad19be169e36e022e3d28efff7052/element - {"using":"xpath","value":"//header[contains(@id, 'ObjectPageLayout-headerTitle')]/div[1]/div[2]/div[2]/span[1]"}
RESULT: {"using":"xpath","value":"//header[contains(@id, 'ObjectPageLayout-headerTitle')]/div[1]/div[2]/div[2]/span[1]"}
COMMAND: POST /session/642ad19be169e36e022e3d28efff7052/elements - {"using":"xpath","value":"//header[contains(@id, 'ObjectPageLayout-headerTitle')]/div[1]/div[2]/div[2]/span[1]"}
RESULT: {"using":"xpath","value":"//header[contains(@id, 'ObjectPageLayout-headerTitle')]/div[1]/div[2]/div[2]/span[1]"}
COMMAND: POST /session/642ad19be169e36e022e3d28efff7052/execute/sync - {"script":"<script> [56 bytes]","args":[{"element-6066-11e4-a52e-4f735466cecf":"f.21B09363EEE0F7374535FA133A9E79B8.d.8EEC4B14413CA067AA0E81F538F4644A.e.1804","ELEMENT":"f.21B09363EEE0F7374535FA133A9E79B8.d.8EEC4B14413CA067AA0E81F538F4644A.e.1804"}]}
RESULT: {"script":"<script> [56 bytes]","args":[{"element-6066-11e4-a52e-4f735466cecf":"f.21B09363EEE0F7374535FA133A9E79B8.d.8EEC4B14413CA067AA0E81F538F4644A.e.1804","ELEMENT":"f.21B09363EEE0F7374535FA133A9E79B8.d.8EEC4B14413CA067AA0E81F538F4644A.e.1804"}]}
COMMAND: POST /session/642ad19be169e36e022e3d28efff7052/element - {"using":"css selector","value":"#shell-header-logo"}
COMMAND: GET /session/642ad19be169e36e022e3d28efff7052/screenshot - {}
RESULT: {"using":"css selector","value":"#shell-header-logo"}
COMMAND: POST /session/642ad19be169e36e022e3d28efff7052/element/f.21B09363EEE0F7374535FA133A9E79B8.d.8EEC4B14413CA067AA0E81F538F4644A.e.1025/click - {}
RESULT: {}
RESULT: {}
COMMAND: GET /session/642ad19be169e36e022e3d28efff7052/screenshot - {}
RESULT: {}
COMMAND: POST /session/642ad19be169e36e022e3d28efff7052/execute/sync - {"script":"<script> [299 bytes]","args":[["getModel","getResource"]]}
RESULT: {"script":"<script> [299 bytes]","args":[["getModel","getResource"]]}
]]></system-out>
    </testcase>
    <testcase classname="chrome.135_0_7049_96.windows.Billing_Transfer_-_Master_data_&amp;_Intercompany_US127250" name="Should create a new site" time="170.786">
      <system-out><![CDATA[
COMMAND: GET /session/642ad19be169e36e022e3d28efff7052/screenshot - {}
COMMAND: POST /session/642ad19be169e36e022e3d28efff7052/execute/async - {"script":"<script> [1562 bytes]","args":[{"selector":{"controlType":"sap.m.TileContent","bindingPath":{"path":"","propertyPath":"/properties/info"},"ancestor":{"controlType":"sap.m.GenericTile","properties":{"header":"Manage Sites"}}},"wdio_ui5_key":"sapm.TileContent{\"path\":\"\",\"propertyPath\":\"/properties/info\"}{\"controlType\":\"sap.m.GenericTile\",\"properties\":{\"header\":\"Manage Sites\"}}"}]}
RESULT: {}
RESULT: {"script":"<script> [1562 bytes]","args":[{"selector":{"controlType":"sap.m.TileContent","bindingPath":{"path":"","propertyPath":"/properties/info"},"ancestor":{"controlType":"sap.m.GenericTile","properties":{"header":"Manage Sites"}}},"wdio_ui5_key":"sapm.TileContent{\"path\":\"\",\"propertyPath\":\"/properties/info\"}{\"controlType\":\"sap.m.GenericTile\",\"properties\":{\"header\":\"Manage Sites\"}}"}]}
RESULT: undefined
COMMAND: POST /session/642ad19be169e36e022e3d28efff7052/element - {"using":"xpath","value":"//*[@id=\"__xmlview7--numericTileContent\"]"}
RESULT: {"using":"xpath","value":"//*[@id=\"__xmlview7--numericTileContent\"]"}
COMMAND: POST /session/642ad19be169e36e022e3d28efff7052/element/f.21B09363EEE0F7374535FA133A9E79B8.d.8EEC4B14413CA067AA0E81F538F4644A.e.1806/click - {}
RESULT: {}
COMMAND: POST /session/642ad19be169e36e022e3d28efff7052/element - {"using":"xpath","value":"//button[@data-kt=\"addOverflowToolbarButton\"]"}
COMMAND: GET /session/642ad19be169e36e022e3d28efff7052/screenshot - {}
RESULT: {"using":"xpath","value":"//button[@data-kt=\"addOverflowToolbarButton\"]"}
COMMAND: POST /session/642ad19be169e36e022e3d28efff7052/elements - {"using":"xpath","value":"//button[@data-kt=\"addOverflowToolbarButton\"]"}
RESULT: {}
RESULT: {"using":"xpath","value":"//button[@data-kt=\"addOverflowToolbarButton\"]"}
COMMAND: POST /session/642ad19be169e36e022e3d28efff7052/elements - {"using":"xpath","value":"//button[@data-kt=\"addOverflowToolbarButton\"]"}
RESULT: {"using":"xpath","value":"//button[@data-kt=\"addOverflowToolbarButton\"]"}
COMMAND: POST /session/642ad19be169e36e022e3d28efff7052/elements - {"using":"xpath","value":"//button[@data-kt=\"addOverflowToolbarButton\"]"}
RESULT: {"using":"xpath","value":"//button[@data-kt=\"addOverflowToolbarButton\"]"}
COMMAND: POST /session/642ad19be169e36e022e3d28efff7052/elements - {"using":"xpath","value":"//button[@data-kt=\"addOverflowToolbarButton\"]"}
RESULT: {"using":"xpath","value":"//button[@data-kt=\"addOverflowToolbarButton\"]"}
COMMAND: POST /session/642ad19be169e36e022e3d28efff7052/element - {"using":"xpath","value":"//button[@data-kt=\"addOverflowToolbarButton\"]"}
RESULT: {"using":"xpath","value":"//button[@data-kt=\"addOverflowToolbarButton\"]"}
COMMAND: POST /session/642ad19be169e36e022e3d28efff7052/execute/sync - {"script":"<script> [8489 bytes]","args":[{"element-6066-11e4-a52e-4f735466cecf":"f.21B09363EEE0F7374535FA133A9E79B8.d.8EEC4B14413CA067AA0E81F538F4644A.e.1953","ELEMENT":"f.21B09363EEE0F7374535FA133A9E79B8.d.8EEC4B14413CA067AA0E81F538F4644A.e.1953"}]}
RESULT: {"script":"<script> [8489 bytes]","args":[{"element-6066-11e4-a52e-4f735466cecf":"f.21B09363EEE0F7374535FA133A9E79B8.d.8EEC4B14413CA067AA0E81F538F4644A.e.1953","ELEMENT":"f.21B09363EEE0F7374535FA133A9E79B8.d.8EEC4B14413CA067AA0E81F538F4644A.e.1953"}]}
COMMAND: GET /session/642ad19be169e36e022e3d28efff7052/element/f.21B09363EEE0F7374535FA133A9E79B8.d.8EEC4B14413CA067AA0E81F538F4644A.e.1953/enabled - {}
COMMAND: GET /session/642ad19be169e36e022e3d28efff7052/screenshot - {}
RESULT: {}
COMMAND: POST /session/642ad19be169e36e022e3d28efff7052/execute/sync - {"script":"<script> [8489 bytes]","args":[{"element-6066-11e4-a52e-4f735466cecf":"f.21B09363EEE0F7374535FA133A9E79B8.d.8EEC4B14413CA067AA0E81F538F4644A.e.1953","ELEMENT":"f.21B09363EEE0F7374535FA133A9E79B8.d.8EEC4B14413CA067AA0E81F538F4644A.e.1953"}]}
COMMAND: GET /session/642ad19be169e36e022e3d28efff7052/screenshot - {}
RESULT: {}
RESULT: {"script":"<script> [8489 bytes]","args":[{"element-6066-11e4-a52e-4f735466cecf":"f.21B09363EEE0F7374535FA133A9E79B8.d.8EEC4B14413CA067AA0E81F538F4644A.e.1953","ELEMENT":"f.21B09363EEE0F7374535FA133A9E79B8.d.8EEC4B14413CA067AA0E81F538F4644A.e.1953"}]}
COMMAND: POST /session/642ad19be169e36e022e3d28efff7052/execute/sync - {"script":"<script> [5351 bytes]","args":[{"element-6066-11e4-a52e-4f735466cecf":"f.21B09363EEE0F7374535FA133A9E79B8.d.8EEC4B14413CA067AA0E81F538F4644A.e.1953","ELEMENT":"f.21B09363EEE0F7374535FA133A9E79B8.d.8EEC4B14413CA067AA0E81F538F4644A.e.1953"}]}
COMMAND: GET /session/642ad19be169e36e022e3d28efff7052/screenshot - {}
RESULT: {}
RESULT: {"script":"<script> [5351 bytes]","args":[{"element-6066-11e4-a52e-4f735466cecf":"f.21B09363EEE0F7374535FA133A9E79B8.d.8EEC4B14413CA067AA0E81F538F4644A.e.1953","ELEMENT":"f.21B09363EEE0F7374535FA133A9E79B8.d.8EEC4B14413CA067AA0E81F538F4644A.e.1953"}]}
COMMAND: POST /session/642ad19be169e36e022e3d28efff7052/element/f.21B09363EEE0F7374535FA133A9E79B8.d.8EEC4B14413CA067AA0E81F538F4644A.e.1953/click - {}
COMMAND: GET /session/642ad19be169e36e022e3d28efff7052/screenshot - {}
RESULT: {}
RESULT: {}
COMMAND: GET /session/642ad19be169e36e022e3d28efff7052/screenshot - {}
COMMAND: POST /session/642ad19be169e36e022e3d28efff7052/execute/async - {"script":"<script> [1562 bytes]","args":[{"selector":{"id":"application-managesites-display-component---NewSite--addressDetailDetailsName1","interaction":{"idSuffix":"inner"}},"wdio_ui5_key":"applicationmanagesites-display-component---NewSite--addressDetailDetailsName1"}]}
RESULT: {}
RESULT: {}
RESULT: {"script":"<script> [1562 bytes]","args":[{"selector":{"id":"application-managesites-display-component---NewSite--addressDetailDetailsName1","interaction":{"idSuffix":"inner"}},"wdio_ui5_key":"applicationmanagesites-display-component---NewSite--addressDetailDetailsName1"}]}
RESULT: undefined
COMMAND: POST /session/642ad19be169e36e022e3d28efff7052/execute/async - {"script":"<script> [776 bytes]","args":[{"enterText":"Intercompany Site wdIO","selector":{"id":"application-managesites-display-component---NewSite--addressDetailDetailsName1","interaction":{"idSuffix":"inner"}},"clearTextFirst":true,"interactionType":"ENTER_TEXT"}]}
RESULT: {"script":"<script> [776 bytes]","args":[{"enterText":"Intercompany Site wdIO","selector":{"id":"application-managesites-display-component---NewSite--addressDetailDetailsName1","interaction":{"idSuffix":"inner"}},"clearTextFirst":true,"interactionType":"ENTER_TEXT"}]}
COMMAND: POST /session/642ad19be169e36e022e3d28efff7052/execute/async - {"script":"<script> [1562 bytes]","args":[{"selector":{"id":"application-managesites-display-component---NewSite--addressDetailDetailsLanguage-arrow"},"wdio_ui5_key":"applicationmanagesites-display-component---NewSite--addressDetailDetailsLanguage-arrow"}]}
RESULT: {"script":"<script> [1562 bytes]","args":[{"selector":{"id":"application-managesites-display-component---NewSite--addressDetailDetailsLanguage-arrow"},"wdio_ui5_key":"applicationmanagesites-display-component---NewSite--addressDetailDetailsLanguage-arrow"}]}
RESULT: undefined
COMMAND: POST /session/642ad19be169e36e022e3d28efff7052/element - {"using":"xpath","value":"//*[@id=\"application-managesites-display-component---NewSite--addressDetailDetailsLanguage-arrow\"]"}
RESULT: {"using":"xpath","value":"//*[@id=\"application-managesites-display-component---NewSite--addressDetailDetailsLanguage-arrow\"]"}
COMMAND: POST /session/642ad19be169e36e022e3d28efff7052/element/f.21B09363EEE0F7374535FA133A9E79B8.d.8EEC4B14413CA067AA0E81F538F4644A.e.2457/click - {}
RESULT: {}
COMMAND: POST /session/642ad19be169e36e022e3d28efff7052/element - {"using":"xpath","value":"//span[contains(text(), \"English\")]"}
COMMAND: GET /session/642ad19be169e36e022e3d28efff7052/screenshot - {}
RESULT: {"using":"xpath","value":"//span[contains(text(), \"English\")]"}
COMMAND: POST /session/642ad19be169e36e022e3d28efff7052/element/f.21B09363EEE0F7374535FA133A9E79B8.d.8EEC4B14413CA067AA0E81F538F4644A.e.2458/click - {}
RESULT: {}
RESULT: {}
COMMAND: POST /session/642ad19be169e36e022e3d28efff7052/execute/async - {"script":"<script> [1562 bytes]","args":[{"selector":{"id":"application-managesites-display-component---NewSite--addressDetailDetailsCity1","interaction":{"idSuffix":"inner"}},"wdio_ui5_key":"applicationmanagesites-display-component---NewSite--addressDetailDetailsCity1"}]}
COMMAND: GET /session/642ad19be169e36e022e3d28efff7052/screenshot - {}
RESULT: {"script":"<script> [1562 bytes]","args":[{"selector":{"id":"application-managesites-display-component---NewSite--addressDetailDetailsCity1","interaction":{"idSuffix":"inner"}},"wdio_ui5_key":"applicationmanagesites-display-component---NewSite--addressDetailDetailsCity1"}]}
RESULT: undefined
COMMAND: POST /session/642ad19be169e36e022e3d28efff7052/execute/async - {"script":"<script> [776 bytes]","args":[{"enterText":"Rosario","selector":{"id":"application-managesites-display-component---NewSite--addressDetailDetailsCity1","interaction":{"idSuffix":"inner"}},"clearTextFirst":true,"interactionType":"ENTER_TEXT"}]}
RESULT: {}
RESULT: {"script":"<script> [776 bytes]","args":[{"enterText":"Rosario","selector":{"id":"application-managesites-display-component---NewSite--addressDetailDetailsCity1","interaction":{"idSuffix":"inner"}},"clearTextFirst":true,"interactionType":"ENTER_TEXT"}]}
COMMAND: POST /session/642ad19be169e36e022e3d28efff7052/execute/async - {"script":"<script> [1562 bytes]","args":[{"selector":{"id":"application-managesites-display-component---NewSite--addressDetailDetailsCountry-arrow"},"wdio_ui5_key":"applicationmanagesites-display-component---NewSite--addressDetailDetailsCountry-arrow"}]}
RESULT: {"script":"<script> [1562 bytes]","args":[{"selector":{"id":"application-managesites-display-component---NewSite--addressDetailDetailsCountry-arrow"},"wdio_ui5_key":"applicationmanagesites-display-component---NewSite--addressDetailDetailsCountry-arrow"}]}
RESULT: undefined
COMMAND: POST /session/642ad19be169e36e022e3d28efff7052/element - {"using":"xpath","value":"//*[@id=\"application-managesites-display-component---NewSite--addressDetailDetailsCountry-arrow\"]"}
RESULT: {"using":"xpath","value":"//*[@id=\"application-managesites-display-component---NewSite--addressDetailDetailsCountry-arrow\"]"}
COMMAND: POST /session/642ad19be169e36e022e3d28efff7052/element/f.21B09363EEE0F7374535FA133A9E79B8.d.8EEC4B14413CA067AA0E81F538F4644A.e.2460/click - {}
RESULT: {}
COMMAND: POST /session/642ad19be169e36e022e3d28efff7052/element - {"using":"xpath","value":"//span[contains(text(), \"Argentina\")]"}
COMMAND: GET /session/642ad19be169e36e022e3d28efff7052/screenshot - {}
RESULT: {"using":"xpath","value":"//span[contains(text(), \"Argentina\")]"}
COMMAND: POST /session/642ad19be169e36e022e3d28efff7052/element/f.21B09363EEE0F7374535FA133A9E79B8.d.8EEC4B14413CA067AA0E81F538F4644A.e.2462/click - {}
RESULT: {}
RESULT: {}
COMMAND: GET /session/642ad19be169e36e022e3d28efff7052/screenshot - {}
RESULT: {}
COMMAND: POST /session/642ad19be169e36e022e3d28efff7052/execute/async - {"script":"<script> [1562 bytes]","args":[{"selector":{"id":"application-managesites-display-component---NewSite--addressEditDetailsCostObjectCstType-arrow"},"wdio_ui5_key":"applicationmanagesites-display-component---NewSite--addressEditDetailsCostObjectCstType-arrow"}]}
RESULT: {"script":"<script> [1562 bytes]","args":[{"selector":{"id":"application-managesites-display-component---NewSite--addressEditDetailsCostObjectCstType-arrow"},"wdio_ui5_key":"applicationmanagesites-display-component---NewSite--addressEditDetailsCostObjectCstType-arrow"}]}
RESULT: undefined
COMMAND: POST /session/642ad19be169e36e022e3d28efff7052/element - {"using":"xpath","value":"//*[@id=\"application-managesites-display-component---NewSite--addressEditDetailsCostObjectCstType-arrow\"]"}
RESULT: {"using":"xpath","value":"//*[@id=\"application-managesites-display-component---NewSite--addressEditDetailsCostObjectCstType-arrow\"]"}
COMMAND: POST /session/642ad19be169e36e022e3d28efff7052/element/f.21B09363EEE0F7374535FA133A9E79B8.d.8EEC4B14413CA067AA0E81F538F4644A.e.2463/click - {}
RESULT: {}
COMMAND: POST /session/642ad19be169e36e022e3d28efff7052/element - {"using":"xpath","value":"//span[contains(text(), \"Cost Center\")]"}
COMMAND: GET /session/642ad19be169e36e022e3d28efff7052/screenshot - {}
RESULT: {"using":"xpath","value":"//span[contains(text(), \"Cost Center\")]"}
COMMAND: POST /session/642ad19be169e36e022e3d28efff7052/element/f.21B09363EEE0F7374535FA133A9E79B8.d.8EEC4B14413CA067AA0E81F538F4644A.e.2465/click - {}
RESULT: {}
RESULT: {}
COMMAND: GET /session/642ad19be169e36e022e3d28efff7052/screenshot - {}
RESULT: {}
COMMAND: POST /session/642ad19be169e36e022e3d28efff7052/element - {"using":"xpath","value":"//span[@id=\"application-managesites-display-component---NewSite--addressNewCostObjectCstID-vhi\"]"}
RESULT: {"using":"xpath","value":"//span[@id=\"application-managesites-display-component---NewSite--addressNewCostObjectCstID-vhi\"]"}
COMMAND: POST /session/642ad19be169e36e022e3d28efff7052/execute/sync - {"script":"<script> [8489 bytes]","args":[{"element-6066-11e4-a52e-4f735466cecf":"f.21B09363EEE0F7374535FA133A9E79B8.d.8EEC4B14413CA067AA0E81F538F4644A.e.2469","ELEMENT":"f.21B09363EEE0F7374535FA133A9E79B8.d.8EEC4B14413CA067AA0E81F538F4644A.e.2469"}]}
RESULT: {"script":"<script> [8489 bytes]","args":[{"element-6066-11e4-a52e-4f735466cecf":"f.21B09363EEE0F7374535FA133A9E79B8.d.8EEC4B14413CA067AA0E81F538F4644A.e.2469","ELEMENT":"f.21B09363EEE0F7374535FA133A9E79B8.d.8EEC4B14413CA067AA0E81F538F4644A.e.2469"}]}
COMMAND: POST /session/642ad19be169e36e022e3d28efff7052/execute/async - {"script":"<script> [1562 bytes]","args":[{"selector":{"id":"application-managesites-display-component---NewSite--addressNewCostObjectCstID-vhi"},"wdio_ui5_key":"applicationmanagesites-display-component---NewSite--addressNewCostObjectCstID-vhi"}]}
COMMAND: GET /session/642ad19be169e36e022e3d28efff7052/screenshot - {}
RESULT: {"script":"<script> [1562 bytes]","args":[{"selector":{"id":"application-managesites-display-component---NewSite--addressNewCostObjectCstID-vhi"},"wdio_ui5_key":"applicationmanagesites-display-component---NewSite--addressNewCostObjectCstID-vhi"}]}
RESULT: undefined
COMMAND: POST /session/642ad19be169e36e022e3d28efff7052/element - {"using":"xpath","value":"//*[@id=\"application-managesites-display-component---NewSite--addressNewCostObjectCstID-vhi\"]"}
RESULT: {}
RESULT: {"using":"xpath","value":"//*[@id=\"application-managesites-display-component---NewSite--addressNewCostObjectCstID-vhi\"]"}
COMMAND: POST /session/642ad19be169e36e022e3d28efff7052/element/f.21B09363EEE0F7374535FA133A9E79B8.d.8EEC4B14413CA067AA0E81F538F4644A.e.2469/click - {}
RESULT: {}
COMMAND: GET /session/642ad19be169e36e022e3d28efff7052/screenshot - {}
RESULT: {}
RESULT: undefined
COMMAND: POST /session/642ad19be169e36e022e3d28efff7052/execute/async - {"script":"<script> [776 bytes]","args":[{"enterText":"10001013","selector":{"controlType":"sap.m.SearchField","properties":{"placeholder":"Search"},"searchOpenDialogs":true,"interaction":{"idSuffix":"I"}},"clearTextFirst":true,"interactionType":"ENTER_TEXT"}]}
RESULT: {"script":"<script> [776 bytes]","args":[{"enterText":"10001013","selector":{"controlType":"sap.m.SearchField","properties":{"placeholder":"Search"},"searchOpenDialogs":true,"interaction":{"idSuffix":"I"}},"clearTextFirst":true,"interactionType":"ENTER_TEXT"}]}
COMMAND: POST /session/642ad19be169e36e022e3d28efff7052/actions - {"actions":[{"id":"action6","type":"key","parameters":{},"actions":[{"type":"keyDown","value":"î€‡"},{"type":"pause","duration":10},{"type":"keyUp","value":"î€‡"}]}]}
RESULT: {"actions":[{"id":"action6","type":"key","parameters":{},"actions":[{"type":"keyDown","value":"î€‡"},{"type":"pause","duration":10},{"type":"keyUp","value":"î€‡"}]}]}
COMMAND: GET /session/642ad19be169e36e022e3d28efff7052/screenshot - {}
RESULT: {}
COMMAND: POST /session/642ad19be169e36e022e3d28efff7052/element - {"using":"xpath","value":"//span[contains(text(), \"General Management\")]"}
RESULT: {"using":"xpath","value":"//span[contains(text(), \"General Management\")]"}
COMMAND: POST /session/642ad19be169e36e022e3d28efff7052/element/f.21B09363EEE0F7374535FA133A9E79B8.d.8EEC4B14413CA067AA0E81F538F4644A.e.2507/click - {}
RESULT: {}
COMMAND: GET /session/642ad19be169e36e022e3d28efff7052/screenshot - {}
RESULT: {}
COMMAND: POST /session/642ad19be169e36e022e3d28efff7052/element - {"using":"xpath","value":"//bdi[contains(text(), \"OK\")]"}
RESULT: {"using":"xpath","value":"//bdi[contains(text(), \"OK\")]"}
COMMAND: POST /session/642ad19be169e36e022e3d28efff7052/element/f.21B09363EEE0F7374535FA133A9E79B8.d.8EEC4B14413CA067AA0E81F538F4644A.e.2508/click - {}
RESULT: {}
COMMAND: GET /session/642ad19be169e36e022e3d28efff7052/screenshot - {}
RESULT: {}
COMMAND: POST /session/642ad19be169e36e022e3d28efff7052/element - {"using":"xpath","value":"//input[@id=\"application-managesites-display-component---NewSite--addressDetailDetailsCalendar-inner\"]"}
RESULT: {"using":"xpath","value":"//input[@id=\"application-managesites-display-component---NewSite--addressDetailDetailsCalendar-inner\"]"}
COMMAND: POST /session/642ad19be169e36e022e3d28efff7052/element/f.21B09363EEE0F7374535FA133A9E79B8.d.8EEC4B14413CA067AA0E81F538F4644A.e.2257/clear - {}
RESULT: {}
COMMAND: POST /session/642ad19be169e36e022e3d28efff7052/element/f.21B09363EEE0F7374535FA133A9E79B8.d.8EEC4B14413CA067AA0E81F538F4644A.e.2257/value - {"text":"Unit"}
COMMAND: GET /session/642ad19be169e36e022e3d28efff7052/screenshot - {}
RESULT: {"text":"Unit"}
COMMAND: GET /session/642ad19be169e36e022e3d28efff7052/screenshot - {}
RESULT: {}
RESULT: {}
COMMAND: POST /session/642ad19be169e36e022e3d28efff7052/actions - {"actions":[{"id":"action7","type":"key","parameters":{},"actions":[{"type":"keyDown","value":"î€‡"},{"type":"pause","duration":10},{"type":"keyUp","value":"î€‡"}]}]}
RESULT: {"actions":[{"id":"action7","type":"key","parameters":{},"actions":[{"type":"keyDown","value":"î€‡"},{"type":"pause","duration":10},{"type":"keyUp","value":"î€‡"}]}]}
COMMAND: POST /session/642ad19be169e36e022e3d28efff7052/element - {"using":"xpath","value":"//input[@id=\"application-managesites-display-component---NewSite--addressDetailDetailsYard-inner\"]"}
COMMAND: GET /session/642ad19be169e36e022e3d28efff7052/screenshot - {}
RESULT: {"using":"xpath","value":"//input[@id=\"application-managesites-display-component---NewSite--addressDetailDetailsYard-inner\"]"}
COMMAND: POST /session/642ad19be169e36e022e3d28efff7052/element/f.21B09363EEE0F7374535FA133A9E79B8.d.8EEC4B14413CA067AA0E81F538F4644A.e.2258/clear - {}
RESULT: {}
RESULT: {}
COMMAND: POST /session/642ad19be169e36e022e3d28efff7052/element/f.21B09363EEE0F7374535FA133A9E79B8.d.8EEC4B14413CA067AA0E81F538F4644A.e.2258/value - {"text":"597"}
COMMAND: GET /session/642ad19be169e36e022e3d28efff7052/screenshot - {}
RESULT: {"text":"597"}
COMMAND: GET /session/642ad19be169e36e022e3d28efff7052/screenshot - {}
RESULT: {}
RESULT: {}
COMMAND: POST /session/642ad19be169e36e022e3d28efff7052/element - {"using":"xpath","value":"//li[.//span[text()='597']]"}
RESULT: {"using":"xpath","value":"//li[.//span[text()='597']]"}
COMMAND: POST /session/642ad19be169e36e022e3d28efff7052/element/f.21B09363EEE0F7374535FA133A9E79B8.d.8EEC4B14413CA067AA0E81F538F4644A.e.2516/click - {}
RESULT: {}
COMMAND: GET /session/642ad19be169e36e022e3d28efff7052/screenshot - {}
RESULT: {}
COMMAND: POST /session/642ad19be169e36e022e3d28efff7052/element - {"using":"xpath","value":"//input[@id=\"application-managesites-display-component---NewSite--addressDetailDetailsPartner-inner\"]"}
RESULT: {"using":"xpath","value":"//input[@id=\"application-managesites-display-component---NewSite--addressDetailDetailsPartner-inner\"]"}
COMMAND: POST /session/642ad19be169e36e022e3d28efff7052/element - {"using":"xpath","value":"//input[@id=\"application-managesites-display-component---NewSite--addressDetailDetailsPartner-inner\"]"}
RESULT: {"using":"xpath","value":"//input[@id=\"application-managesites-display-component---NewSite--addressDetailDetailsPartner-inner\"]"}
COMMAND: POST /session/642ad19be169e36e022e3d28efff7052/element - {"using":"xpath","value":"//button[@data-kt=\"saveButton\"]"}
RESULT: {"using":"xpath","value":"//button[@data-kt=\"saveButton\"]"}
COMMAND: POST /session/642ad19be169e36e022e3d28efff7052/element/f.21B09363EEE0F7374535FA133A9E79B8.d.8EEC4B14413CA067AA0E81F538F4644A.e.2442/click - {}
RESULT: {}
COMMAND: GET /session/642ad19be169e36e022e3d28efff7052/screenshot - {}
RESULT: {}
COMMAND: POST /session/642ad19be169e36e022e3d28efff7052/element - {"using":"xpath","value":"//header[contains(@id, 'ObjectPageLayout-headerTitle')]/div[1]/div[2]/div[2]/span[1]"}
RESULT: {"using":"xpath","value":"//header[contains(@id, 'ObjectPageLayout-headerTitle')]/div[1]/div[2]/div[2]/span[1]"}
COMMAND: POST /session/642ad19be169e36e022e3d28efff7052/elements - {"using":"xpath","value":"//header[contains(@id, 'ObjectPageLayout-headerTitle')]/div[1]/div[2]/div[2]/span[1]"}
RESULT: {"using":"xpath","value":"//header[contains(@id, 'ObjectPageLayout-headerTitle')]/div[1]/div[2]/div[2]/span[1]"}
COMMAND: POST /session/642ad19be169e36e022e3d28efff7052/execute/sync - {"script":"<script> [56 bytes]","args":[{"element-6066-11e4-a52e-4f735466cecf":"f.21B09363EEE0F7374535FA133A9E79B8.d.8EEC4B14413CA067AA0E81F538F4644A.e.2717","ELEMENT":"f.21B09363EEE0F7374535FA133A9E79B8.d.8EEC4B14413CA067AA0E81F538F4644A.e.2717"}]}
RESULT: {"script":"<script> [56 bytes]","args":[{"element-6066-11e4-a52e-4f735466cecf":"f.21B09363EEE0F7374535FA133A9E79B8.d.8EEC4B14413CA067AA0E81F538F4644A.e.2717","ELEMENT":"f.21B09363EEE0F7374535FA133A9E79B8.d.8EEC4B14413CA067AA0E81F538F4644A.e.2717"}]}
COMMAND: POST /session/642ad19be169e36e022e3d28efff7052/element - {"using":"css selector","value":"#shell-header-logo"}
COMMAND: GET /session/642ad19be169e36e022e3d28efff7052/screenshot - {}
RESULT: {"using":"css selector","value":"#shell-header-logo"}
COMMAND: POST /session/642ad19be169e36e022e3d28efff7052/element/f.21B09363EEE0F7374535FA133A9E79B8.d.8EEC4B14413CA067AA0E81F538F4644A.e.1810/click - {}
RESULT: {}
RESULT: {}
COMMAND: GET /session/642ad19be169e36e022e3d28efff7052/screenshot - {}
RESULT: {}
COMMAND: POST /session/642ad19be169e36e022e3d28efff7052/execute/sync - {"script":"<script> [299 bytes]","args":[["getModel","getResource"]]}
RESULT: {"script":"<script> [299 bytes]","args":[["getModel","getResource"]]}
COMMAND: POST /session/642ad19be169e36e022e3d28efff7052/element - {"using":"xpath","value":"//button[.//bdi[contains(text(), \"Close\")]]"}
COMMAND: GET /session/642ad19be169e36e022e3d28efff7052/screenshot - {}
RESULT: {"using":"xpath","value":"//button[.//bdi[contains(text(), \"Close\")]]"}
COMMAND: POST /session/642ad19be169e36e022e3d28efff7052/element/f.21B09363EEE0F7374535FA133A9E79B8.d.8EEC4B14413CA067AA0E81F538F4644A.e.2719/click - {}
RESULT: {}
RESULT: {}
COMMAND: GET /session/642ad19be169e36e022e3d28efff7052/screenshot - {}
RESULT: {}
COMMAND: POST /session/642ad19be169e36e022e3d28efff7052/refresh - {}
RESULT: {}
COMMAND: GET /session/642ad19be169e36e022e3d28efff7052/screenshot - {}
RESULT: {}
COMMAND: POST /session/642ad19be169e36e022e3d28efff7052/refresh - {}
RESULT: {}
COMMAND: GET /session/642ad19be169e36e022e3d28efff7052/screenshot - {}
RESULT: {}
COMMAND: POST /session/642ad19be169e36e022e3d28efff7052/window/fullscreen - {}
RESULT: {}
COMMAND: POST /session/642ad19be169e36e022e3d28efff7052/execute/async - {"script":"<script> [189 bytes]","args":[]}
RESULT: {"script":"<script> [189 bytes]","args":[]}
COMMAND: POST /session/642ad19be169e36e022e3d28efff7052/execute/async - {"script":"<script> [123 bytes]","args":[]}
RESULT: {"script":"<script> [123 bytes]","args":[]}
COMMAND: POST /session/642ad19be169e36e022e3d28efff7052/timeouts - {"script":"<number>"}
RESULT: {"script":"<number>"}
COMMAND: GET /session/642ad19be169e36e022e3d28efff7052/timeouts - {}
RESULT: {}
RESULT: undefined
COMMAND: POST /session/642ad19be169e36e022e3d28efff7052/execute/async - {"script":"<script> [2676 bytes]","args":[]}
RESULT: {"script":"<script> [2676 bytes]","args":[]}
COMMAND: POST /session/642ad19be169e36e022e3d28efff7052/execute/async - {"script":"<script> [2342 bytes]","args":[{"protocol":"http","hostname":"0.0.0.0","path":"/","capabilities":{"browserName":"chrome","goog:chromeOptions":{"binary":"C:\\Program Files\\Google\\Chrome\\Application\\chrome.exe","args":["--start-maximized"]}},"logLevel":"warn","connectionRetryTimeout":120000,"connectionRetryCount":3,"logLevels":{},"enableDirectConnect":true,"strictSSL":true,"_":"65 more keys: [\"cacheDir\",\"port\",\"requestedCapabilities\",\"automationProtocol\",\"baseUrl\",\"waitforInterval\",\"waitforTimeout\",\"onReload\",\"beforeCommand\",\"afterCommand\",\"rootDir\",\"specs\",\"suites\",\"exclude\",\"groupLogsByTestSpec\",\"excludeDriverLogs\",\"bail\",\"framework\",\"reporters\",\"services\",\"maxInstances\",\"maxInstancesPerCapability\",\"injectGlobals\",\"filesToWatch\",\"execArgv\",\"runnerEnv\",\"runner\",\"shard\",\"specFileRetries\",\"specFileRetriesDelay\",\"specFileRetriesDeferred\",\"reporterSyncInterval\",\"reporterSyncTimeout\",\"cucumberFeaturesWithLineNumbers\",\"autoCompileOpts\",\"mochaOpts\",\"jasmineOpts\",\"cucumberOpts\",\"onPrepare\",\"onWorkerStart\",\"onWorkerEnd\",\"before\",\"beforeSession\",\"beforeSuite\",\"beforeHook\",\"beforeTest\",\"afterTest\",\"afterHook\",\"afterSuite\",\"afterSession\",\"after\",\"onComplete\",\"beforeAssertion\",\"afterAssertion\",\"beforeFeature\",\"beforeScenario\",\"beforeStep\",\"afterStep\",\"afterScenario\",\"afterFeature\",\"_\",\"suite\",\"$0\",\"ignoredWorkerServices\",\"wdi5\"]"}]}
RESULT: {"script":"<script> [2342 bytes]","args":[{"protocol":"http","hostname":"0.0.0.0","path":"/","capabilities":{"browserName":"chrome","goog:chromeOptions":{"binary":"C:\\Program Files\\Google\\Chrome\\Application\\chrome.exe","args":["--start-maximized"]}},"logLevel":"warn","connectionRetryTimeout":120000,"connectionRetryCount":3,"logLevels":{},"enableDirectConnect":true,"strictSSL":true,"_":"65 more keys: [\"cacheDir\",\"port\",\"requestedCapabilities\",\"automationProtocol\",\"baseUrl\",\"waitforInterval\",\"waitforTimeout\",\"onReload\",\"beforeCommand\",\"afterCommand\",\"rootDir\",\"specs\",\"suites\",\"exclude\",\"groupLogsByTestSpec\",\"excludeDriverLogs\",\"bail\",\"framework\",\"reporters\",\"services\",\"maxInstances\",\"maxInstancesPerCapability\",\"injectGlobals\",\"filesToWatch\",\"execArgv\",\"runnerEnv\",\"runner\",\"shard\",\"specFileRetries\",\"specFileRetriesDelay\",\"specFileRetriesDeferred\",\"reporterSyncInterval\",\"reporterSyncTimeout\",\"cucumberFeaturesWithLineNumbers\",\"autoCompileOpts\",\"mochaOpts\",\"jasmineOpts\",\"cucumberOpts\",\"onPrepare\",\"onWorkerStart\",\"onWorkerEnd\",\"before\",\"beforeSession\",\"beforeSuite\",\"beforeHook\",\"beforeTest\",\"afterTest\",\"afterHook\",\"afterSuite\",\"afterSession\",\"after\",\"onComplete\",\"beforeAssertion\",\"afterAssertion\",\"beforeFeature\",\"beforeScenario\",\"beforeStep\",\"afterStep\",\"afterScenario\",\"afterFeature\",\"_\",\"suite\",\"$0\",\"ignoredWorkerServices\",\"wdi5\"]"}]}
COMMAND: POST /session/642ad19be169e36e022e3d28efff7052/execute/async - {"script":"<script> [21126 bytes]","args":[35000]}
RESULT: {"script":"<script> [21126 bytes]","args":[35000]}
COMMAND: POST /session/642ad19be169e36e022e3d28efff7052/window/fullscreen - {}
RESULT: {}
]]></system-out>
    </testcase>
    <testcase classname="chrome.135_0_7049_96.windows.Billing_Transfer_-_Master_data_&amp;_Intercompany_US127250" name="Should create a new equipment" time="141.674">
      <system-out><![CDATA[
COMMAND: POST /session/642ad19be169e36e022e3d28efff7052/execute/async - {"script":"<script> [1562 bytes]","args":[{"selector":{"controlType":"sap.m.GenericTile","properties":{"header":"Manage Resources"}},"wdio_ui5_key":"sapm.GenericTile{\"header\":\"Manage Resources\"}"}]}
RESULT: {"script":"<script> [1562 bytes]","args":[{"selector":{"controlType":"sap.m.GenericTile","properties":{"header":"Manage Resources"}},"wdio_ui5_key":"sapm.GenericTile{\"header\":\"Manage Resources\"}"}]}
RESULT: undefined
COMMAND: POST /session/642ad19be169e36e022e3d28efff7052/element - {"using":"xpath","value":"//*[@id=\"__tile31\"]"}
RESULT: {"using":"xpath","value":"//*[@id=\"__tile31\"]"}
COMMAND: POST /session/642ad19be169e36e022e3d28efff7052/element/f.21B09363EEE0F7374535FA133A9E79B8.d.EC1624A5EB745F6C2185C09F709654C9.e.2866/click - {}
RESULT: {}
COMMAND: POST /session/642ad19be169e36e022e3d28efff7052/element - {"using":"xpath","value":"//button[@data-kt=\"addNewRUOverflowToolbarButton\"]"}
COMMAND: GET /session/642ad19be169e36e022e3d28efff7052/screenshot - {}
RESULT: {"using":"xpath","value":"//button[@data-kt=\"addNewRUOverflowToolbarButton\"]"}
COMMAND: POST /session/642ad19be169e36e022e3d28efff7052/elements - {"using":"xpath","value":"//button[@data-kt=\"addNewRUOverflowToolbarButton\"]"}
RESULT: {}
RESULT: {"using":"xpath","value":"//button[@data-kt=\"addNewRUOverflowToolbarButton\"]"}
COMMAND: POST /session/642ad19be169e36e022e3d28efff7052/elements - {"using":"xpath","value":"//button[@data-kt=\"addNewRUOverflowToolbarButton\"]"}
RESULT: {"using":"xpath","value":"//button[@data-kt=\"addNewRUOverflowToolbarButton\"]"}
COMMAND: POST /session/642ad19be169e36e022e3d28efff7052/elements - {"using":"xpath","value":"//button[@data-kt=\"addNewRUOverflowToolbarButton\"]"}
RESULT: {"using":"xpath","value":"//button[@data-kt=\"addNewRUOverflowToolbarButton\"]"}
COMMAND: POST /session/642ad19be169e36e022e3d28efff7052/elements - {"using":"xpath","value":"//button[@data-kt=\"addNewRUOverflowToolbarButton\"]"}
RESULT: {"using":"xpath","value":"//button[@data-kt=\"addNewRUOverflowToolbarButton\"]"}
COMMAND: POST /session/642ad19be169e36e022e3d28efff7052/elements - {"using":"xpath","value":"//button[@data-kt=\"addNewRUOverflowToolbarButton\"]"}
RESULT: {"using":"xpath","value":"//button[@data-kt=\"addNewRUOverflowToolbarButton\"]"}
COMMAND: POST /session/642ad19be169e36e022e3d28efff7052/elements - {"using":"xpath","value":"//button[@data-kt=\"addNewRUOverflowToolbarButton\"]"}
RESULT: {"using":"xpath","value":"//button[@data-kt=\"addNewRUOverflowToolbarButton\"]"}
COMMAND: POST /session/642ad19be169e36e022e3d28efff7052/elements - {"using":"xpath","value":"//button[@data-kt=\"addNewRUOverflowToolbarButton\"]"}
RESULT: {"using":"xpath","value":"//button[@data-kt=\"addNewRUOverflowToolbarButton\"]"}
COMMAND: POST /session/642ad19be169e36e022e3d28efff7052/elements - {"using":"xpath","value":"//button[@data-kt=\"addNewRUOverflowToolbarButton\"]"}
RESULT: {"using":"xpath","value":"//button[@data-kt=\"addNewRUOverflowToolbarButton\"]"}
COMMAND: POST /session/642ad19be169e36e022e3d28efff7052/elements - {"using":"xpath","value":"//button[@data-kt=\"addNewRUOverflowToolbarButton\"]"}
RESULT: {"using":"xpath","value":"//button[@data-kt=\"addNewRUOverflowToolbarButton\"]"}
COMMAND: POST /session/642ad19be169e36e022e3d28efff7052/elements - {"using":"xpath","value":"//button[@data-kt=\"addNewRUOverflowToolbarButton\"]"}
RESULT: {"using":"xpath","value":"//button[@data-kt=\"addNewRUOverflowToolbarButton\"]"}
COMMAND: POST /session/642ad19be169e36e022e3d28efff7052/elements - {"using":"xpath","value":"//button[@data-kt=\"addNewRUOverflowToolbarButton\"]"}
RESULT: {"using":"xpath","value":"//button[@data-kt=\"addNewRUOverflowToolbarButton\"]"}
COMMAND: POST /session/642ad19be169e36e022e3d28efff7052/elements - {"using":"xpath","value":"//button[@data-kt=\"addNewRUOverflowToolbarButton\"]"}
RESULT: {"using":"xpath","value":"//button[@data-kt=\"addNewRUOverflowToolbarButton\"]"}
COMMAND: POST /session/642ad19be169e36e022e3d28efff7052/elements - {"using":"xpath","value":"//button[@data-kt=\"addNewRUOverflowToolbarButton\"]"}
RESULT: {"using":"xpath","value":"//button[@data-kt=\"addNewRUOverflowToolbarButton\"]"}
COMMAND: POST /session/642ad19be169e36e022e3d28efff7052/elements - {"using":"xpath","value":"//button[@data-kt=\"addNewRUOverflowToolbarButton\"]"}
RESULT: {"using":"xpath","value":"//button[@data-kt=\"addNewRUOverflowToolbarButton\"]"}
COMMAND: POST /session/642ad19be169e36e022e3d28efff7052/elements - {"using":"xpath","value":"//button[@data-kt=\"addNewRUOverflowToolbarButton\"]"}
RESULT: {"using":"xpath","value":"//button[@data-kt=\"addNewRUOverflowToolbarButton\"]"}
COMMAND: POST /session/642ad19be169e36e022e3d28efff7052/elements - {"using":"xpath","value":"//button[@data-kt=\"addNewRUOverflowToolbarButton\"]"}
RESULT: {"using":"xpath","value":"//button[@data-kt=\"addNewRUOverflowToolbarButton\"]"}
COMMAND: POST /session/642ad19be169e36e022e3d28efff7052/elements - {"using":"xpath","value":"//button[@data-kt=\"addNewRUOverflowToolbarButton\"]"}
RESULT: {"using":"xpath","value":"//button[@data-kt=\"addNewRUOverflowToolbarButton\"]"}
COMMAND: POST /session/642ad19be169e36e022e3d28efff7052/elements - {"using":"xpath","value":"//button[@data-kt=\"addNewRUOverflowToolbarButton\"]"}
RESULT: {"using":"xpath","value":"//button[@data-kt=\"addNewRUOverflowToolbarButton\"]"}
COMMAND: POST /session/642ad19be169e36e022e3d28efff7052/elements - {"using":"xpath","value":"//button[@data-kt=\"addNewRUOverflowToolbarButton\"]"}
RESULT: {"using":"xpath","value":"//button[@data-kt=\"addNewRUOverflowToolbarButton\"]"}
COMMAND: POST /session/642ad19be169e36e022e3d28efff7052/elements - {"using":"xpath","value":"//button[@data-kt=\"addNewRUOverflowToolbarButton\"]"}
RESULT: {"using":"xpath","value":"//button[@data-kt=\"addNewRUOverflowToolbarButton\"]"}
COMMAND: POST /session/642ad19be169e36e022e3d28efff7052/elements - {"using":"xpath","value":"//button[@data-kt=\"addNewRUOverflowToolbarButton\"]"}
RESULT: {"using":"xpath","value":"//button[@data-kt=\"addNewRUOverflowToolbarButton\"]"}
COMMAND: POST /session/642ad19be169e36e022e3d28efff7052/elements - {"using":"xpath","value":"//button[@data-kt=\"addNewRUOverflowToolbarButton\"]"}
RESULT: {"using":"xpath","value":"//button[@data-kt=\"addNewRUOverflowToolbarButton\"]"}
COMMAND: POST /session/642ad19be169e36e022e3d28efff7052/elements - {"using":"xpath","value":"//button[@data-kt=\"addNewRUOverflowToolbarButton\"]"}
RESULT: {"using":"xpath","value":"//button[@data-kt=\"addNewRUOverflowToolbarButton\"]"}
COMMAND: POST /session/642ad19be169e36e022e3d28efff7052/elements - {"using":"xpath","value":"//button[@data-kt=\"addNewRUOverflowToolbarButton\"]"}
RESULT: {"using":"xpath","value":"//button[@data-kt=\"addNewRUOverflowToolbarButton\"]"}
COMMAND: POST /session/642ad19be169e36e022e3d28efff7052/elements - {"using":"xpath","value":"//button[@data-kt=\"addNewRUOverflowToolbarButton\"]"}
RESULT: {"using":"xpath","value":"//button[@data-kt=\"addNewRUOverflowToolbarButton\"]"}
COMMAND: POST /session/642ad19be169e36e022e3d28efff7052/elements - {"using":"xpath","value":"//button[@data-kt=\"addNewRUOverflowToolbarButton\"]"}
RESULT: {"using":"xpath","value":"//button[@data-kt=\"addNewRUOverflowToolbarButton\"]"}
COMMAND: POST /session/642ad19be169e36e022e3d28efff7052/elements - {"using":"xpath","value":"//button[@data-kt=\"addNewRUOverflowToolbarButton\"]"}
RESULT: {"using":"xpath","value":"//button[@data-kt=\"addNewRUOverflowToolbarButton\"]"}
COMMAND: POST /session/642ad19be169e36e022e3d28efff7052/elements - {"using":"xpath","value":"//button[@data-kt=\"addNewRUOverflowToolbarButton\"]"}
RESULT: {"using":"xpath","value":"//button[@data-kt=\"addNewRUOverflowToolbarButton\"]"}
COMMAND: POST /session/642ad19be169e36e022e3d28efff7052/elements - {"using":"xpath","value":"//button[@data-kt=\"addNewRUOverflowToolbarButton\"]"}
RESULT: {"using":"xpath","value":"//button[@data-kt=\"addNewRUOverflowToolbarButton\"]"}
COMMAND: POST /session/642ad19be169e36e022e3d28efff7052/elements - {"using":"xpath","value":"//button[@data-kt=\"addNewRUOverflowToolbarButton\"]"}
RESULT: {"using":"xpath","value":"//button[@data-kt=\"addNewRUOverflowToolbarButton\"]"}
COMMAND: POST /session/642ad19be169e36e022e3d28efff7052/elements - {"using":"xpath","value":"//button[@data-kt=\"addNewRUOverflowToolbarButton\"]"}
RESULT: {"using":"xpath","value":"//button[@data-kt=\"addNewRUOverflowToolbarButton\"]"}
COMMAND: POST /session/642ad19be169e36e022e3d28efff7052/element - {"using":"xpath","value":"//button[@data-kt=\"addNewRUOverflowToolbarButton\"]"}
RESULT: {"using":"xpath","value":"//button[@data-kt=\"addNewRUOverflowToolbarButton\"]"}
COMMAND: POST /session/642ad19be169e36e022e3d28efff7052/execute/sync - {"script":"<script> [8489 bytes]","args":[{"element-6066-11e4-a52e-4f735466cecf":"f.21B09363EEE0F7374535FA133A9E79B8.d.EC1624A5EB745F6C2185C09F709654C9.e.2974","ELEMENT":"f.21B09363EEE0F7374535FA133A9E79B8.d.EC1624A5EB745F6C2185C09F709654C9.e.2974"}]}
RESULT: {"script":"<script> [8489 bytes]","args":[{"element-6066-11e4-a52e-4f735466cecf":"f.21B09363EEE0F7374535FA133A9E79B8.d.EC1624A5EB745F6C2185C09F709654C9.e.2974","ELEMENT":"f.21B09363EEE0F7374535FA133A9E79B8.d.EC1624A5EB745F6C2185C09F709654C9.e.2974"}]}
COMMAND: GET /session/642ad19be169e36e022e3d28efff7052/element/f.21B09363EEE0F7374535FA133A9E79B8.d.EC1624A5EB745F6C2185C09F709654C9.e.2974/enabled - {}
COMMAND: GET /session/642ad19be169e36e022e3d28efff7052/screenshot - {}
RESULT: {}
COMMAND: POST /session/642ad19be169e36e022e3d28efff7052/execute/sync - {"script":"<script> [8489 bytes]","args":[{"element-6066-11e4-a52e-4f735466cecf":"f.21B09363EEE0F7374535FA133A9E79B8.d.EC1624A5EB745F6C2185C09F709654C9.e.2974","ELEMENT":"f.21B09363EEE0F7374535FA133A9E79B8.d.EC1624A5EB745F6C2185C09F709654C9.e.2974"}]}
COMMAND: GET /session/642ad19be169e36e022e3d28efff7052/screenshot - {}
RESULT: {}
RESULT: {"script":"<script> [8489 bytes]","args":[{"element-6066-11e4-a52e-4f735466cecf":"f.21B09363EEE0F7374535FA133A9E79B8.d.EC1624A5EB745F6C2185C09F709654C9.e.2974","ELEMENT":"f.21B09363EEE0F7374535FA133A9E79B8.d.EC1624A5EB745F6C2185C09F709654C9.e.2974"}]}
COMMAND: POST /session/642ad19be169e36e022e3d28efff7052/execute/sync - {"script":"<script> [5351 bytes]","args":[{"element-6066-11e4-a52e-4f735466cecf":"f.21B09363EEE0F7374535FA133A9E79B8.d.EC1624A5EB745F6C2185C09F709654C9.e.2974","ELEMENT":"f.21B09363EEE0F7374535FA133A9E79B8.d.EC1624A5EB745F6C2185C09F709654C9.e.2974"}]}
COMMAND: GET /session/642ad19be169e36e022e3d28efff7052/screenshot - {}
RESULT: {}
RESULT: {"script":"<script> [5351 bytes]","args":[{"element-6066-11e4-a52e-4f735466cecf":"f.21B09363EEE0F7374535FA133A9E79B8.d.EC1624A5EB745F6C2185C09F709654C9.e.2974","ELEMENT":"f.21B09363EEE0F7374535FA133A9E79B8.d.EC1624A5EB745F6C2185C09F709654C9.e.2974"}]}
COMMAND: POST /session/642ad19be169e36e022e3d28efff7052/element/f.21B09363EEE0F7374535FA133A9E79B8.d.EC1624A5EB745F6C2185C09F709654C9.e.2974/click - {}
COMMAND: GET /session/642ad19be169e36e022e3d28efff7052/screenshot - {}
RESULT: {}
RESULT: {}
COMMAND: GET /session/642ad19be169e36e022e3d28efff7052/screenshot - {}
COMMAND: POST /session/642ad19be169e36e022e3d28efff7052/execute/async - {"script":"<script> [1562 bytes]","args":[{"selector":{"id":"application-manageresources-display-component---newResourceUnit--TYPE-arrow"},"wdio_ui5_key":"applicationmanageresources-display-component---newResourceUnit--TYPE-arrow"}]}
RESULT: {}
RESULT: {}
RESULT: {"script":"<script> [1562 bytes]","args":[{"selector":{"id":"application-manageresources-display-component---newResourceUnit--TYPE-arrow"},"wdio_ui5_key":"applicationmanageresources-display-component---newResourceUnit--TYPE-arrow"}]}
RESULT: undefined
COMMAND: POST /session/642ad19be169e36e022e3d28efff7052/element - {"using":"xpath","value":"//*[@id=\"application-manageresources-display-component---newResourceUnit--TYPE-arrow\"]"}
RESULT: {"using":"xpath","value":"//*[@id=\"application-manageresources-display-component---newResourceUnit--TYPE-arrow\"]"}
COMMAND: POST /session/642ad19be169e36e022e3d28efff7052/element/f.21B09363EEE0F7374535FA133A9E79B8.d.EC1624A5EB745F6C2185C09F709654C9.e.3143/click - {}
RESULT: {}
COMMAND: POST /session/642ad19be169e36e022e3d28efff7052/element - {"using":"xpath","value":"//input[@id=\"application-manageresources-display-component---newResourceUnit--TYPE-inner\"]"}
COMMAND: GET /session/642ad19be169e36e022e3d28efff7052/screenshot - {}
RESULT: {"using":"xpath","value":"//input[@id=\"application-manageresources-display-component---newResourceUnit--TYPE-inner\"]"}
COMMAND: POST /session/642ad19be169e36e022e3d28efff7052/element/f.21B09363EEE0F7374535FA133A9E79B8.d.EC1624A5EB745F6C2185C09F709654C9.e.3029/clear - {}
RESULT: {}
RESULT: {}
COMMAND: POST /session/642ad19be169e36e022e3d28efff7052/element/f.21B09363EEE0F7374535FA133A9E79B8.d.EC1624A5EB745F6C2185C09F709654C9.e.3029/value - {"text":"Equipment"}
COMMAND: GET /session/642ad19be169e36e022e3d28efff7052/screenshot - {}
RESULT: {"text":"Equipment"}
COMMAND: GET /session/642ad19be169e36e022e3d28efff7052/screenshot - {}
RESULT: {}
RESULT: {}
COMMAND: POST /session/642ad19be169e36e022e3d28efff7052/actions - {"actions":[{"id":"action8","type":"key","parameters":{},"actions":[{"type":"keyDown","value":"î€‡"},{"type":"pause","duration":10},{"type":"keyUp","value":"î€‡"}]}]}
RESULT: {"actions":[{"id":"action8","type":"key","parameters":{},"actions":[{"type":"keyDown","value":"î€‡"},{"type":"pause","duration":10},{"type":"keyUp","value":"î€‡"}]}]}
COMMAND: POST /session/642ad19be169e36e022e3d28efff7052/execute/async - {"script":"<script> [1562 bytes]","args":[{"selector":{"id":"application-manageresources-display-component---newResourceUnit--resourceId","interaction":{"idSuffix":"inner"}},"wdio_ui5_key":"applicationmanageresources-display-component---newResourceUnit--resourceId"}]}
COMMAND: GET /session/642ad19be169e36e022e3d28efff7052/screenshot - {}
RESULT: {"script":"<script> [1562 bytes]","args":[{"selector":{"id":"application-manageresources-display-component---newResourceUnit--resourceId","interaction":{"idSuffix":"inner"}},"wdio_ui5_key":"applicationmanageresources-display-component---newResourceUnit--resourceId"}]}
RESULT: undefined
COMMAND: POST /session/642ad19be169e36e022e3d28efff7052/execute/async - {"script":"<script> [776 bytes]","args":[{"enterText":"QMFQiRZNiu","selector":{"id":"application-manageresources-display-component---newResourceUnit--resourceId","interaction":{"idSuffix":"inner"}},"clearTextFirst":true,"interactionType":"ENTER_TEXT"}]}
RESULT: {}
RESULT: {"script":"<script> [776 bytes]","args":[{"enterText":"QMFQiRZNiu","selector":{"id":"application-manageresources-display-component---newResourceUnit--resourceId","interaction":{"idSuffix":"inner"}},"clearTextFirst":true,"interactionType":"ENTER_TEXT"}]}
COMMAND: POST /session/642ad19be169e36e022e3d28efff7052/execute/async - {"script":"<script> [1562 bytes]","args":[{"selector":{"id":"application-manageresources-display-component---newResourceUnit--SHORT_TEXT","interaction":{"idSuffix":"inner"}},"wdio_ui5_key":"applicationmanageresources-display-component---newResourceUnit--SHORT_TEXT"}]}
RESULT: {"script":"<script> [1562 bytes]","args":[{"selector":{"id":"application-manageresources-display-component---newResourceUnit--SHORT_TEXT","interaction":{"idSuffix":"inner"}},"wdio_ui5_key":"applicationmanageresources-display-component---newResourceUnit--SHORT_TEXT"}]}
RESULT: undefined
COMMAND: POST /session/642ad19be169e36e022e3d28efff7052/execute/async - {"script":"<script> [776 bytes]","args":[{"enterText":"Intercompany Equipment WDIO","selector":{"id":"application-manageresources-display-component---newResourceUnit--SHORT_TEXT","interaction":{"idSuffix":"inner"}},"clearTextFirst":true,"interactionType":"ENTER_TEXT"}]}
RESULT: {"script":"<script> [776 bytes]","args":[{"enterText":"Intercompany Equipment WDIO","selector":{"id":"application-manageresources-display-component---newResourceUnit--SHORT_TEXT","interaction":{"idSuffix":"inner"}},"clearTextFirst":true,"interactionType":"ENTER_TEXT"}]}
COMMAND: POST /session/642ad19be169e36e022e3d28efff7052/execute/async - {"script":"<script> [1562 bytes]","args":[{"selector":{"id":"application-manageresources-display-component---newResourceUnit--BASE_UNIT_OF_MEASURE","interaction":{"idSuffix":"inner"}},"wdio_ui5_key":"applicationmanageresources-display-component---newResourceUnit--BASE_UNIT_OF_MEASURE"}]}
RESULT: {"script":"<script> [1562 bytes]","args":[{"selector":{"id":"application-manageresources-display-component---newResourceUnit--BASE_UNIT_OF_MEASURE","interaction":{"idSuffix":"inner"}},"wdio_ui5_key":"applicationmanageresources-display-component---newResourceUnit--BASE_UNIT_OF_MEASURE"}]}
RESULT: undefined
COMMAND: POST /session/642ad19be169e36e022e3d28efff7052/execute/async - {"script":"<script> [776 bytes]","args":[{"enterText":"Piece","selector":{"id":"application-manageresources-display-component---newResourceUnit--BASE_UNIT_OF_MEASURE","interaction":{"idSuffix":"inner"}},"clearTextFirst":true,"interactionType":"ENTER_TEXT"}]}
RESULT: {"script":"<script> [776 bytes]","args":[{"enterText":"Piece","selector":{"id":"application-manageresources-display-component---newResourceUnit--BASE_UNIT_OF_MEASURE","interaction":{"idSuffix":"inner"}},"clearTextFirst":true,"interactionType":"ENTER_TEXT"}]}
COMMAND: POST /session/642ad19be169e36e022e3d28efff7052/execute/async - {"script":"<script> [1562 bytes]","args":[{"selector":{"id":"application-manageresources-display-component---newResourceUnit--WEIGHT_UNIT","interaction":{"idSuffix":"inner"}},"wdio_ui5_key":"applicationmanageresources-display-component---newResourceUnit--WEIGHT_UNIT"}]}
RESULT: {"script":"<script> [1562 bytes]","args":[{"selector":{"id":"application-manageresources-display-component---newResourceUnit--WEIGHT_UNIT","interaction":{"idSuffix":"inner"}},"wdio_ui5_key":"applicationmanageresources-display-component---newResourceUnit--WEIGHT_UNIT"}]}
RESULT: undefined
COMMAND: POST /session/642ad19be169e36e022e3d28efff7052/execute/async - {"script":"<script> [776 bytes]","args":[{"enterText":"Gram","selector":{"id":"application-manageresources-display-component---newResourceUnit--WEIGHT_UNIT","interaction":{"idSuffix":"inner"}},"clearTextFirst":true,"interactionType":"ENTER_TEXT"}]}
RESULT: {"script":"<script> [776 bytes]","args":[{"enterText":"Gram","selector":{"id":"application-manageresources-display-component---newResourceUnit--WEIGHT_UNIT","interaction":{"idSuffix":"inner"}},"clearTextFirst":true,"interactionType":"ENTER_TEXT"}]}
COMMAND: POST /session/642ad19be169e36e022e3d28efff7052/execute/async - {"script":"<script> [1562 bytes]","args":[{"selector":{"id":"application-manageresources-display-component---newResourceUnit--DIMENSION_UNIT","interaction":{"idSuffix":"inner"}},"wdio_ui5_key":"applicationmanageresources-display-component---newResourceUnit--DIMENSION_UNIT"}]}
RESULT: {"script":"<script> [1562 bytes]","args":[{"selector":{"id":"application-manageresources-display-component---newResourceUnit--DIMENSION_UNIT","interaction":{"idSuffix":"inner"}},"wdio_ui5_key":"applicationmanageresources-display-component---newResourceUnit--DIMENSION_UNIT"}]}
RESULT: undefined
COMMAND: POST /session/642ad19be169e36e022e3d28efff7052/execute/async - {"script":"<script> [776 bytes]","args":[{"enterText":"Meter","selector":{"id":"application-manageresources-display-component---newResourceUnit--DIMENSION_UNIT","interaction":{"idSuffix":"inner"}},"clearTextFirst":true,"interactionType":"ENTER_TEXT"}]}
RESULT: {"script":"<script> [776 bytes]","args":[{"enterText":"Meter","selector":{"id":"application-manageresources-display-component---newResourceUnit--DIMENSION_UNIT","interaction":{"idSuffix":"inner"}},"clearTextFirst":true,"interactionType":"ENTER_TEXT"}]}
COMMAND: POST /session/642ad19be169e36e022e3d28efff7052/execute/async - {"script":"<script> [1562 bytes]","args":[{"selector":{"id":"application-manageresources-display-component---newResourceUnit--newRRUPage-anchBar-application-manageresources-display-component---newResourceUnit--control-anchor","interaction":{"idSuffix":"BDI-content"}},"wdio_ui5_key":"applicationmanageresources-display-component---newResourceUnit--newRRUPage-anchBar-application-manageresources-display-component---newResourceUnit--control-anchor"}]}
RESULT: {"script":"<script> [1562 bytes]","args":[{"selector":{"id":"application-manageresources-display-component---newResourceUnit--newRRUPage-anchBar-application-manageresources-display-component---newResourceUnit--control-anchor","interaction":{"idSuffix":"BDI-content"}},"wdio_ui5_key":"applicationmanageresources-display-component---newResourceUnit--newRRUPage-anchBar-application-manageresources-display-component---newResourceUnit--control-anchor"}]}
RESULT: undefined
COMMAND: POST /session/642ad19be169e36e022e3d28efff7052/element - {"using":"xpath","value":"//*[@id=\"application-manageresources-display-component---newResourceUnit--newRRUPage-anchBar-application-manageresources-display-component---newResourceUnit--control-anchor\"]"}
RESULT: {"using":"xpath","value":"//*[@id=\"application-manageresources-display-component---newResourceUnit--newRRUPage-anchBar-application-manageresources-display-component---newResourceUnit--control-anchor\"]"}
COMMAND: POST /session/642ad19be169e36e022e3d28efff7052/element/f.21B09363EEE0F7374535FA133A9E79B8.d.EC1624A5EB745F6C2185C09F709654C9.e.3279/click - {}
RESULT: {}
COMMAND: POST /session/642ad19be169e36e022e3d28efff7052/execute/async - {"script":"<script> [1562 bytes]","args":[{"selector":{"id":"application-manageresources-display-component---newResourceUnit--PLANNING_GROUP","interaction":{"idSuffix":"inner"}},"wdio_ui5_key":"applicationmanageresources-display-component---newResourceUnit--PLANNING_GROUP"}]}
COMMAND: GET /session/642ad19be169e36e022e3d28efff7052/screenshot - {}
RESULT: {"script":"<script> [1562 bytes]","args":[{"selector":{"id":"application-manageresources-display-component---newResourceUnit--PLANNING_GROUP","interaction":{"idSuffix":"inner"}},"wdio_ui5_key":"applicationmanageresources-display-component---newResourceUnit--PLANNING_GROUP"}]}
RESULT: undefined
COMMAND: POST /session/642ad19be169e36e022e3d28efff7052/execute/async - {"script":"<script> [776 bytes]","args":[{"enterText":"Heavy Equi","selector":{"id":"application-manageresources-display-component---newResourceUnit--PLANNING_GROUP","interaction":{"idSuffix":"inner"}},"clearTextFirst":true,"interactionType":"ENTER_TEXT"}]}
RESULT: {}
RESULT: {"script":"<script> [776 bytes]","args":[{"enterText":"Heavy Equi","selector":{"id":"application-manageresources-display-component---newResourceUnit--PLANNING_GROUP","interaction":{"idSuffix":"inner"}},"clearTextFirst":true,"interactionType":"ENTER_TEXT"}]}
COMMAND: POST /session/642ad19be169e36e022e3d28efff7052/execute/async - {"script":"<script> [1562 bytes]","args":[{"selector":{"id":"application-manageresources-display-component---newResourceUnit--ITEM_TYPE-arrow"},"wdio_ui5_key":"applicationmanageresources-display-component---newResourceUnit--ITEM_TYPE-arrow"}]}
RESULT: {"script":"<script> [1562 bytes]","args":[{"selector":{"id":"application-manageresources-display-component---newResourceUnit--ITEM_TYPE-arrow"},"wdio_ui5_key":"applicationmanageresources-display-component---newResourceUnit--ITEM_TYPE-arrow"}]}
RESULT: undefined
COMMAND: POST /session/642ad19be169e36e022e3d28efff7052/element - {"using":"xpath","value":"//*[@id=\"application-manageresources-display-component---newResourceUnit--ITEM_TYPE-arrow\"]"}
RESULT: {"using":"xpath","value":"//*[@id=\"application-manageresources-display-component---newResourceUnit--ITEM_TYPE-arrow\"]"}
COMMAND: POST /session/642ad19be169e36e022e3d28efff7052/element/f.21B09363EEE0F7374535FA133A9E79B8.d.EC1624A5EB745F6C2185C09F709654C9.e.3286/click - {}
RESULT: {}
COMMAND: POST /session/642ad19be169e36e022e3d28efff7052/element - {"using":"xpath","value":"(//span[contains(text(), \"Resource Unit\")])[2]"}
COMMAND: GET /session/642ad19be169e36e022e3d28efff7052/screenshot - {}
RESULT: {"using":"xpath","value":"(//span[contains(text(), \"Resource Unit\")])[2]"}
COMMAND: POST /session/642ad19be169e36e022e3d28efff7052/element/f.21B09363EEE0F7374535FA133A9E79B8.d.EC1624A5EB745F6C2185C09F709654C9.e.3287/click - {}
RESULT: {}
RESULT: {}
COMMAND: GET /session/642ad19be169e36e022e3d28efff7052/screenshot - {}
RESULT: {}
COMMAND: POST /session/642ad19be169e36e022e3d28efff7052/element - {"using":"css selector","value":"#application-manageresources-display-component---newResourceUnit--btnAddTimeSegment"}
RESULT: {"using":"css selector","value":"#application-manageresources-display-component---newResourceUnit--btnAddTimeSegment"}
COMMAND: GET /session/642ad19be169e36e022e3d28efff7052/element/f.21B09363EEE0F7374535FA133A9E79B8.d.EC1624A5EB745F6C2185C09F709654C9.e.3288/rect - {}
RESULT: {}
COMMAND: GET /session/642ad19be169e36e022e3d28efff7052/window/rect - {}
RESULT: {}
COMMAND: POST /session/642ad19be169e36e022e3d28efff7052/execute/sync - {"script":"<script> [92 bytes]","args":[]}
RESULT: {"script":"<script> [92 bytes]","args":[]}
COMMAND: POST /session/642ad19be169e36e022e3d28efff7052/actions - {"actions":[{"id":"action9","type":"wheel","parameters":{},"actions":[{"type":"scroll","x":-1888,"y":-32,"deltaX":0,"deltaY":0,"duration":0,"origin":{"element-6066-11e4-a52e-4f735466cecf":"f.21B09363EEE0F7374535FA133A9E79B8.d.EC1624A5EB745F6C2185C09F709654C9.e.3288"}}]}]}
COMMAND: GET /session/642ad19be169e36e022e3d28efff7052/screenshot - {}
RESULT: {}
COMMAND: POST /session/642ad19be169e36e022e3d28efff7052/execute/sync - {"script":"<script> [79 bytes]","args":[{"element-6066-11e4-a52e-4f735466cecf":"f.21B09363EEE0F7374535FA133A9E79B8.d.EC1624A5EB745F6C2185C09F709654C9.e.3288","ELEMENT":"f.21B09363EEE0F7374535FA133A9E79B8.d.EC1624A5EB745F6C2185C09F709654C9.e.3288"},{"block":"start","inline":"nearest"}]}
RESULT: {"script":"<script> [79 bytes]","args":[{"element-6066-11e4-a52e-4f735466cecf":"f.21B09363EEE0F7374535FA133A9E79B8.d.EC1624A5EB745F6C2185C09F709654C9.e.3288","ELEMENT":"f.21B09363EEE0F7374535FA133A9E79B8.d.EC1624A5EB745F6C2185C09F709654C9.e.3288"},{"block":"start","inline":"nearest"}]}
COMMAND: POST /session/642ad19be169e36e022e3d28efff7052/execute/async - {"script":"<script> [1562 bytes]","args":[{"selector":{"id":"application-manageresources-display-component---newResourceUnit--btnAddTimeSegment","interaction":{"idSuffix":"inner"}},"wdio_ui5_key":"applicationmanageresources-display-component---newResourceUnit--btnAddTimeSegment"}]}
COMMAND: GET /session/642ad19be169e36e022e3d28efff7052/screenshot - {}
RESULT: {"script":"<script> [1562 bytes]","args":[{"selector":{"id":"application-manageresources-display-component---newResourceUnit--btnAddTimeSegment","interaction":{"idSuffix":"inner"}},"wdio_ui5_key":"applicationmanageresources-display-component---newResourceUnit--btnAddTimeSegment"}]}
RESULT: undefined
COMMAND: POST /session/642ad19be169e36e022e3d28efff7052/element - {"using":"xpath","value":"//*[@id=\"application-manageresources-display-component---newResourceUnit--btnAddTimeSegment\"]"}
RESULT: {}
RESULT: {"using":"xpath","value":"//*[@id=\"application-manageresources-display-component---newResourceUnit--btnAddTimeSegment\"]"}
COMMAND: POST /session/642ad19be169e36e022e3d28efff7052/element/f.21B09363EEE0F7374535FA133A9E79B8.d.EC1624A5EB745F6C2185C09F709654C9.e.3288/click - {}
RESULT: {}
COMMAND: GET /session/642ad19be169e36e022e3d28efff7052/screenshot - {}
RESULT: {}
COMMAND: POST /session/642ad19be169e36e022e3d28efff7052/element - {"using":"xpath","value":"//input[@id=\"application-manageresources-display-component---newResourceUnit--idRuTSAdmin-application-manageresources-display-component---newResourceUnit--RUTimeSegment-0-inner\"]"}
RESULT: {"using":"xpath","value":"//input[@id=\"application-manageresources-display-component---newResourceUnit--idRuTSAdmin-application-manageresources-display-component---newResourceUnit--RUTimeSegment-0-inner\"]"}
COMMAND: POST /session/642ad19be169e36e022e3d28efff7052/element/f.21B09363EEE0F7374535FA133A9E79B8.d.EC1624A5EB745F6C2185C09F709654C9.e.3294/clear - {}
RESULT: {}
COMMAND: POST /session/642ad19be169e36e022e3d28efff7052/element/f.21B09363EEE0F7374535FA133A9E79B8.d.EC1624A5EB745F6C2185C09F709654C9.e.3294/value - {"text":"597"}
COMMAND: GET /session/642ad19be169e36e022e3d28efff7052/screenshot - {}
RESULT: {"text":"597"}
COMMAND: GET /session/642ad19be169e36e022e3d28efff7052/screenshot - {}
RESULT: {}
RESULT: {}
COMMAND: POST /session/642ad19be169e36e022e3d28efff7052/element - {"using":"xpath","value":"//li[.//span[text()='597']]"}
RESULT: {"using":"xpath","value":"//li[.//span[text()='597']]"}
COMMAND: POST /session/642ad19be169e36e022e3d28efff7052/element/f.21B09363EEE0F7374535FA133A9E79B8.d.EC1624A5EB745F6C2185C09F709654C9.e.3308/click - {}
RESULT: {}
COMMAND: GET /session/642ad19be169e36e022e3d28efff7052/screenshot - {}
RESULT: {}
COMMAND: POST /session/642ad19be169e36e022e3d28efff7052/element - {"using":"xpath","value":"(//span[contains(@id, \"-application-manageresources-display-component---newResourceUnit--RUTimeSegment-0-arrow\")])[6]"}
RESULT: {"using":"xpath","value":"(//span[contains(@id, \"-application-manageresources-display-component---newResourceUnit--RUTimeSegment-0-arrow\")])[6]"}
COMMAND: POST /session/642ad19be169e36e022e3d28efff7052/element/f.21B09363EEE0F7374535FA133A9E79B8.d.EC1624A5EB745F6C2185C09F709654C9.e.3309/click - {}
RESULT: {}
COMMAND: GET /session/642ad19be169e36e022e3d28efff7052/screenshot - {}
RESULT: {}
COMMAND: POST /session/642ad19be169e36e022e3d28efff7052/element - {"using":"xpath","value":"//span[contains(text(), \"PM Order\")]"}
RESULT: {"using":"xpath","value":"//span[contains(text(), \"PM Order\")]"}
COMMAND: POST /session/642ad19be169e36e022e3d28efff7052/element/f.21B09363EEE0F7374535FA133A9E79B8.d.EC1624A5EB745F6C2185C09F709654C9.e.3312/click - {}
RESULT: {}
COMMAND: GET /session/642ad19be169e36e022e3d28efff7052/screenshot - {}
RESULT: {}
COMMAND: POST /session/642ad19be169e36e022e3d28efff7052/element - {"using":"xpath","value":"(//span[contains(@id ,\"manageresources-display-component---newResourceUnit--RUTimeSegment-0-vhi\")])[1]"}
RESULT: {"using":"xpath","value":"(//span[contains(@id ,\"manageresources-display-component---newResourceUnit--RUTimeSegment-0-vhi\")])[1]"}
COMMAND: GET /session/642ad19be169e36e022e3d28efff7052/element/f.21B09363EEE0F7374535FA133A9E79B8.d.EC1624A5EB745F6C2185C09F709654C9.e.3316/rect - {}
RESULT: {}
COMMAND: GET /session/642ad19be169e36e022e3d28efff7052/window/rect - {}
RESULT: {}
COMMAND: POST /session/642ad19be169e36e022e3d28efff7052/execute/sync - {"script":"<script> [92 bytes]","args":[]}
RESULT: {"script":"<script> [92 bytes]","args":[]}
COMMAND: POST /session/642ad19be169e36e022e3d28efff7052/actions - {"actions":[{"id":"action10","type":"wheel","parameters":{},"actions":[{"type":"scroll","x":-869,"y":-24,"deltaX":0,"deltaY":0,"duration":0,"origin":{"element-6066-11e4-a52e-4f735466cecf":"f.21B09363EEE0F7374535FA133A9E79B8.d.EC1624A5EB745F6C2185C09F709654C9.e.3316"}}]}]}
COMMAND: GET /session/642ad19be169e36e022e3d28efff7052/screenshot - {}
RESULT: {"actions":[{"id":"action10","type":"wheel","parameters":{},"actions":[{"type":"scroll","x":-869,"y":-24,"deltaX":0,"deltaY":0,"duration":0,"origin":{"element-6066-11e4-a52e-4f735466cecf":"f.21B09363EEE0F7374535FA133A9E79B8.d.EC1624A5EB745F6C2185C09F709654C9.e.3316"}}]}]}
COMMAND: DELETE /session/642ad19be169e36e022e3d28efff7052/actions - {}
COMMAND: GET /session/642ad19be169e36e022e3d28efff7052/screenshot - {}
RESULT: {}
RESULT: {}
COMMAND: GET /session/642ad19be169e36e022e3d28efff7052/screenshot - {}
RESULT: {}
RESULT: {}
COMMAND: POST /session/642ad19be169e36e022e3d28efff7052/element/f.21B09363EEE0F7374535FA133A9E79B8.d.EC1624A5EB745F6C2185C09F709654C9.e.3316/click - {}
RESULT: {}
COMMAND: GET /session/642ad19be169e36e022e3d28efff7052/screenshot - {}
RESULT: {}
COMMAND: POST /session/642ad19be169e36e022e3d28efff7052/execute/async - {"script":"<script> [1562 bytes]","args":[{"selector":{"controlType":"sap.m.SearchField","properties":{"placeholder":"Search"},"searchOpenDialogs":true,"interaction":{"idSuffix":"I"}},"wdio_ui5_key":"sapm.SearchField{\"placeholder\":\"Search\"}"}]}
RESULT: {"script":"<script> [1562 bytes]","args":[{"selector":{"controlType":"sap.m.SearchField","properties":{"placeholder":"Search"},"searchOpenDialogs":true,"interaction":{"idSuffix":"I"}},"wdio_ui5_key":"sapm.SearchField{\"placeholder\":\"Search\"}"}]}
RESULT: undefined
COMMAND: POST /session/642ad19be169e36e022e3d28efff7052/execute/async - {"script":"<script> [776 bytes]","args":[{"enterText":"4000360","selector":{"controlType":"sap.m.SearchField","properties":{"placeholder":"Search"},"searchOpenDialogs":true,"interaction":{"idSuffix":"I"}},"clearTextFirst":true,"interactionType":"ENTER_TEXT"}]}
RESULT: {"script":"<script> [776 bytes]","args":[{"enterText":"4000360","selector":{"controlType":"sap.m.SearchField","properties":{"placeholder":"Search"},"searchOpenDialogs":true,"interaction":{"idSuffix":"I"}},"clearTextFirst":true,"interactionType":"ENTER_TEXT"}]}
COMMAND: POST /session/642ad19be169e36e022e3d28efff7052/actions - {"actions":[{"id":"action11","type":"key","parameters":{},"actions":[{"type":"keyDown","value":"î€‡"},{"type":"pause","duration":10},{"type":"keyUp","value":"î€‡"}]}]}
RESULT: {"actions":[{"id":"action11","type":"key","parameters":{},"actions":[{"type":"keyDown","value":"î€‡"},{"type":"pause","duration":10},{"type":"keyUp","value":"î€‡"}]}]}
COMMAND: GET /session/642ad19be169e36e022e3d28efff7052/screenshot - {}
RESULT: {}
COMMAND: POST /session/642ad19be169e36e022e3d28efff7052/element - {"using":"xpath","value":"//td/div/span[contains(text(), \"BGL Vehicles\")]"}
RESULT: {"using":"xpath","value":"//td/div/span[contains(text(), \"BGL Vehicles\")]"}
COMMAND: POST /session/642ad19be169e36e022e3d28efff7052/element/f.21B09363EEE0F7374535FA133A9E79B8.d.EC1624A5EB745F6C2185C09F709654C9.e.3338/click - {}
RESULT: {}
COMMAND: GET /session/642ad19be169e36e022e3d28efff7052/screenshot - {}
RESULT: {}
COMMAND: POST /session/642ad19be169e36e022e3d28efff7052/element - {"using":"xpath","value":"//bdi[contains(text(), \"OK\")]"}
RESULT: {"using":"xpath","value":"//bdi[contains(text(), \"OK\")]"}
COMMAND: POST /session/642ad19be169e36e022e3d28efff7052/element/f.21B09363EEE0F7374535FA133A9E79B8.d.EC1624A5EB745F6C2185C09F709654C9.e.3339/click - {}
RESULT: {}
COMMAND: GET /session/642ad19be169e36e022e3d28efff7052/screenshot - {}
RESULT: {}
COMMAND: POST /session/642ad19be169e36e022e3d28efff7052/execute/async - {"script":"<script> [1562 bytes]","args":[{"selector":{"id":"application-manageresources-display-component---newResourceUnit--newRRUPage-anchBar-application-manageresources-display-component---newResourceUnit--resource-anchor","interaction":{"idSuffix":"BDI-content"}},"wdio_ui5_key":"applicationmanageresources-display-component---newResourceUnit--newRRUPage-anchBar-application-manageresources-display-component---newResourceUnit--resource-anchor"}]}
RESULT: {"script":"<script> [1562 bytes]","args":[{"selector":{"id":"application-manageresources-display-component---newResourceUnit--newRRUPage-anchBar-application-manageresources-display-component---newResourceUnit--resource-anchor","interaction":{"idSuffix":"BDI-content"}},"wdio_ui5_key":"applicationmanageresources-display-component---newResourceUnit--newRRUPage-anchBar-application-manageresources-display-component---newResourceUnit--resource-anchor"}]}
RESULT: undefined
COMMAND: POST /session/642ad19be169e36e022e3d28efff7052/element - {"using":"xpath","value":"//*[@id=\"application-manageresources-display-component---newResourceUnit--newRRUPage-anchBar-application-manageresources-display-component---newResourceUnit--resource-anchor\"]"}
RESULT: {"using":"xpath","value":"//*[@id=\"application-manageresources-display-component---newResourceUnit--newRRUPage-anchBar-application-manageresources-display-component---newResourceUnit--resource-anchor\"]"}
COMMAND: POST /session/642ad19be169e36e022e3d28efff7052/element/f.21B09363EEE0F7374535FA133A9E79B8.d.EC1624A5EB745F6C2185C09F709654C9.e.3343/click - {}
RESULT: {}
COMMAND: POST /session/642ad19be169e36e022e3d28efff7052/execute/async - {"script":"<script> [1562 bytes]","args":[{"selector":{"id":"application-manageresources-display-component---newResourceUnit--PLANNED_DELIVERY_DATE","interaction":{"idSuffix":"inner"}},"wdio_ui5_key":"applicationmanageresources-display-component---newResourceUnit--PLANNED_DELIVERY_DATE"}]}
COMMAND: GET /session/642ad19be169e36e022e3d28efff7052/screenshot - {}
RESULT: {"script":"<script> [1562 bytes]","args":[{"selector":{"id":"application-manageresources-display-component---newResourceUnit--PLANNED_DELIVERY_DATE","interaction":{"idSuffix":"inner"}},"wdio_ui5_key":"applicationmanageresources-display-component---newResourceUnit--PLANNED_DELIVERY_DATE"}]}
RESULT: undefined
COMMAND: POST /session/642ad19be169e36e022e3d28efff7052/execute/async - {"script":"<script> [6424 bytes]","args":[{"element-6066-11e4-a52e-4f735466cecf":"f.21B09363EEE0F7374535FA133A9E79B8.d.EC1624A5EB745F6C2185C09F709654C9.e.3201"},"setValue",["5/5/25"]]}
RESULT: {}
RESULT: {"script":"<script> [6424 bytes]","args":[{"element-6066-11e4-a52e-4f735466cecf":"f.21B09363EEE0F7374535FA133A9E79B8.d.EC1624A5EB745F6C2185C09F709654C9.e.3201"},"setValue",["5/5/25"]]}
COMMAND: POST /session/642ad19be169e36e022e3d28efff7052/element - {"using":"xpath","value":"//button[@data-kt=\"resourceUnitSaveButton\"]"}
RESULT: {"using":"xpath","value":"//button[@data-kt=\"resourceUnitSaveButton\"]"}
COMMAND: POST /session/642ad19be169e36e022e3d28efff7052/element/f.21B09363EEE0F7374535FA133A9E79B8.d.EC1624A5EB745F6C2185C09F709654C9.e.3161/click - {}
RESULT: {}
COMMAND: GET /session/642ad19be169e36e022e3d28efff7052/screenshot - {}
RESULT: {}
COMMAND: POST /session/642ad19be169e36e022e3d28efff7052/element - {"using":"xpath","value":"//bdi[contains(text(), \"Close\")]"}
RESULT: {"using":"xpath","value":"//bdi[contains(text(), \"Close\")]"}
COMMAND: POST /session/642ad19be169e36e022e3d28efff7052/element/f.21B09363EEE0F7374535FA133A9E79B8.d.EC1624A5EB745F6C2185C09F709654C9.e.3351/click - {}
RESULT: {}
COMMAND: GET /session/642ad19be169e36e022e3d28efff7052/screenshot - {}
RESULT: {}
COMMAND: POST /session/642ad19be169e36e022e3d28efff7052/element - {"using":"xpath","value":"(//button[contains(@id ,\"actionsToolbar-overflowButton\")])[1]"}
RESULT: {"using":"xpath","value":"(//button[contains(@id ,\"actionsToolbar-overflowButton\")])[1]"}
COMMAND: POST /session/642ad19be169e36e022e3d28efff7052/element/f.21B09363EEE0F7374535FA133A9E79B8.d.EC1624A5EB745F6C2185C09F709654C9.e.3385/click - {}
RESULT: {}
COMMAND: GET /session/642ad19be169e36e022e3d28efff7052/screenshot - {}
RESULT: {}
COMMAND: POST /session/642ad19be169e36e022e3d28efff7052/element - {"using":"xpath","value":"//button[@data-kt=\"priceInfoButton\"]"}
RESULT: {"using":"xpath","value":"//button[@data-kt=\"priceInfoButton\"]"}
COMMAND: POST /session/642ad19be169e36e022e3d28efff7052/element/f.21B09363EEE0F7374535FA133A9E79B8.d.EC1624A5EB745F6C2185C09F709654C9.e.3387/click - {}
RESULT: {}
COMMAND: GET /session/642ad19be169e36e022e3d28efff7052/screenshot - {}
RESULT: {}
]]></system-out>
    </testcase>
    <testcase classname="chrome.135_0_7049_96.windows.Billing_Transfer_-_Master_data_&amp;_Intercompany_US127250" name="Should create new pricing rule TB on the equipment TB" time="58.199">
      <system-out><![CDATA[
COMMAND: POST /session/642ad19be169e36e022e3d28efff7052/element - {"using":"xpath","value":"//button[@data-kt=\"addButton\"]"}
RESULT: {"using":"xpath","value":"//button[@data-kt=\"addButton\"]"}
COMMAND: POST /session/642ad19be169e36e022e3d28efff7052/elements - {"using":"xpath","value":"//button[@data-kt=\"addButton\"]"}
RESULT: {"using":"xpath","value":"//button[@data-kt=\"addButton\"]"}
COMMAND: POST /session/642ad19be169e36e022e3d28efff7052/elements - {"using":"xpath","value":"//button[@data-kt=\"addButton\"]"}
RESULT: {"using":"xpath","value":"//button[@data-kt=\"addButton\"]"}
COMMAND: POST /session/642ad19be169e36e022e3d28efff7052/element - {"using":"xpath","value":"//button[@data-kt=\"addButton\"]"}
RESULT: {"using":"xpath","value":"//button[@data-kt=\"addButton\"]"}
COMMAND: POST /session/642ad19be169e36e022e3d28efff7052/execute/sync - {"script":"<script> [8489 bytes]","args":[{"element-6066-11e4-a52e-4f735466cecf":"f.21B09363EEE0F7374535FA133A9E79B8.d.EC1624A5EB745F6C2185C09F709654C9.e.3424","ELEMENT":"f.21B09363EEE0F7374535FA133A9E79B8.d.EC1624A5EB745F6C2185C09F709654C9.e.3424"}]}
RESULT: {"script":"<script> [8489 bytes]","args":[{"element-6066-11e4-a52e-4f735466cecf":"f.21B09363EEE0F7374535FA133A9E79B8.d.EC1624A5EB745F6C2185C09F709654C9.e.3424","ELEMENT":"f.21B09363EEE0F7374535FA133A9E79B8.d.EC1624A5EB745F6C2185C09F709654C9.e.3424"}]}
COMMAND: GET /session/642ad19be169e36e022e3d28efff7052/element/f.21B09363EEE0F7374535FA133A9E79B8.d.EC1624A5EB745F6C2185C09F709654C9.e.3424/enabled - {}
COMMAND: GET /session/642ad19be169e36e022e3d28efff7052/screenshot - {}
RESULT: {}
RESULT: {}
COMMAND: POST /session/642ad19be169e36e022e3d28efff7052/execute/sync - {"script":"<script> [8489 bytes]","args":[{"element-6066-11e4-a52e-4f735466cecf":"f.21B09363EEE0F7374535FA133A9E79B8.d.EC1624A5EB745F6C2185C09F709654C9.e.3424","ELEMENT":"f.21B09363EEE0F7374535FA133A9E79B8.d.EC1624A5EB745F6C2185C09F709654C9.e.3424"}]}
COMMAND: GET /session/642ad19be169e36e022e3d28efff7052/screenshot - {}
RESULT: {"script":"<script> [8489 bytes]","args":[{"element-6066-11e4-a52e-4f735466cecf":"f.21B09363EEE0F7374535FA133A9E79B8.d.EC1624A5EB745F6C2185C09F709654C9.e.3424","ELEMENT":"f.21B09363EEE0F7374535FA133A9E79B8.d.EC1624A5EB745F6C2185C09F709654C9.e.3424"}]}
COMMAND: POST /session/642ad19be169e36e022e3d28efff7052/execute/sync - {"script":"<script> [5351 bytes]","args":[{"element-6066-11e4-a52e-4f735466cecf":"f.21B09363EEE0F7374535FA133A9E79B8.d.EC1624A5EB745F6C2185C09F709654C9.e.3424","ELEMENT":"f.21B09363EEE0F7374535FA133A9E79B8.d.EC1624A5EB745F6C2185C09F709654C9.e.3424"}]}
COMMAND: GET /session/642ad19be169e36e022e3d28efff7052/screenshot - {}
RESULT: {}
RESULT: {"script":"<script> [5351 bytes]","args":[{"element-6066-11e4-a52e-4f735466cecf":"f.21B09363EEE0F7374535FA133A9E79B8.d.EC1624A5EB745F6C2185C09F709654C9.e.3424","ELEMENT":"f.21B09363EEE0F7374535FA133A9E79B8.d.EC1624A5EB745F6C2185C09F709654C9.e.3424"}]}
COMMAND: POST /session/642ad19be169e36e022e3d28efff7052/element/f.21B09363EEE0F7374535FA133A9E79B8.d.EC1624A5EB745F6C2185C09F709654C9.e.3424/click - {}
COMMAND: GET /session/642ad19be169e36e022e3d28efff7052/screenshot - {}
RESULT: {}
RESULT: {}
COMMAND: GET /session/642ad19be169e36e022e3d28efff7052/screenshot - {}
RESULT: {}
RESULT: {}
COMMAND: POST /session/642ad19be169e36e022e3d28efff7052/execute/async - {"script":"<script> [1562 bytes]","args":[{"selector":{"controlType":"sap.m.Title","viewName":"etm.portal.ui.managepricingrules.view.NewItem","viewId":"application-managepricingrules-display-component---newInfoPriceItem","properties":{"text":"New Pricing Rules - Item Level"}},"wdio_ui5_key":"etmportal.ui.managepricingrules.view.NewItemsap.m.Title{\"text\":\"New Pricing Rules - Item Level\"}"}]}
RESULT: {"script":"<script> [1562 bytes]","args":[{"selector":{"controlType":"sap.m.Title","viewName":"etm.portal.ui.managepricingrules.view.NewItem","viewId":"application-managepricingrules-display-component---newInfoPriceItem","properties":{"text":"New Pricing Rules - Item Level"}},"wdio_ui5_key":"etmportal.ui.managepricingrules.view.NewItemsap.m.Title{\"text\":\"New Pricing Rules - Item Level\"}"}]}
RESULT: undefined
COMMAND: POST /session/642ad19be169e36e022e3d28efff7052/execute/async - {"script":"<script> [6424 bytes]","args":[{"element-6066-11e4-a52e-4f735466cecf":"f.21B09363EEE0F7374535FA133A9E79B8.d.EC1624A5EB745F6C2185C09F709654C9.e.3605"},"getText",[]]}
RESULT: {"script":"<script> [6424 bytes]","args":[{"element-6066-11e4-a52e-4f735466cecf":"f.21B09363EEE0F7374535FA133A9E79B8.d.EC1624A5EB745F6C2185C09F709654C9.e.3605"},"getText",[]]}
COMMAND: POST /session/642ad19be169e36e022e3d28efff7052/execute/async - {"script":"<script> [1562 bytes]","args":[{"selector":{"id":"application-managepricingrules-display-component---newInfoPriceItem--condValidTo","interaction":{"idSuffix":"inner"}},"wdio_ui5_key":"applicationmanagepricingrules-display-component---newInfoPriceItem--condValidTo"}]}
RESULT: {"script":"<script> [1562 bytes]","args":[{"selector":{"id":"application-managepricingrules-display-component---newInfoPriceItem--condValidTo","interaction":{"idSuffix":"inner"}},"wdio_ui5_key":"applicationmanagepricingrules-display-component---newInfoPriceItem--condValidTo"}]}
RESULT: undefined
COMMAND: POST /session/642ad19be169e36e022e3d28efff7052/execute/async - {"script":"<script> [776 bytes]","args":[{"enterText":"01/05/26","selector":{"id":"application-managepricingrules-display-component---newInfoPriceItem--condValidTo","interaction":{"idSuffix":"inner"}},"clearTextFirst":true,"interactionType":"ENTER_TEXT"}]}
RESULT: {"script":"<script> [776 bytes]","args":[{"enterText":"01/05/26","selector":{"id":"application-managepricingrules-display-component---newInfoPriceItem--condValidTo","interaction":{"idSuffix":"inner"}},"clearTextFirst":true,"interactionType":"ENTER_TEXT"}]}
COMMAND: POST /session/642ad19be169e36e022e3d28efff7052/execute/async - {"script":"<script> [1562 bytes]","args":[{"selector":{"id":"application-managepricingrules-display-component---newInfoPriceItem--billType-arrow"},"wdio_ui5_key":"applicationmanagepricingrules-display-component---newInfoPriceItem--billType-arrow"}]}
RESULT: {"script":"<script> [1562 bytes]","args":[{"selector":{"id":"application-managepricingrules-display-component---newInfoPriceItem--billType-arrow"},"wdio_ui5_key":"applicationmanagepricingrules-display-component---newInfoPriceItem--billType-arrow"}]}
RESULT: undefined
COMMAND: POST /session/642ad19be169e36e022e3d28efff7052/element - {"using":"xpath","value":"//*[@id=\"application-managepricingrules-display-component---newInfoPriceItem--billType-arrow\"]"}
RESULT: {"using":"xpath","value":"//*[@id=\"application-managepricingrules-display-component---newInfoPriceItem--billType-arrow\"]"}
COMMAND: POST /session/642ad19be169e36e022e3d28efff7052/element/f.21B09363EEE0F7374535FA133A9E79B8.d.EC1624A5EB745F6C2185C09F709654C9.e.3563/click - {}
RESULT: {}
COMMAND: POST /session/642ad19be169e36e022e3d28efff7052/element - {"using":"xpath","value":"//span[contains(text(), \"TB - Time based\")]"}
COMMAND: GET /session/642ad19be169e36e022e3d28efff7052/screenshot - {}
RESULT: {"using":"xpath","value":"//span[contains(text(), \"TB - Time based\")]"}
COMMAND: POST /session/642ad19be169e36e022e3d28efff7052/element/f.21B09363EEE0F7374535FA133A9E79B8.d.EC1624A5EB745F6C2185C09F709654C9.e.3607/click - {}
RESULT: {}
RESULT: {}
COMMAND: POST /session/642ad19be169e36e022e3d28efff7052/execute/async - {"script":"<script> [1562 bytes]","args":[{"selector":{"id":"application-managepricingrules-display-component---newInfoPriceItem--priceProc-arrow"},"wdio_ui5_key":"applicationmanagepricingrules-display-component---newInfoPriceItem--priceProc-arrow"}]}
COMMAND: GET /session/642ad19be169e36e022e3d28efff7052/screenshot - {}
RESULT: {"script":"<script> [1562 bytes]","args":[{"selector":{"id":"application-managepricingrules-display-component---newInfoPriceItem--priceProc-arrow"},"wdio_ui5_key":"applicationmanagepricingrules-display-component---newInfoPriceItem--priceProc-arrow"}]}
RESULT: undefined
COMMAND: POST /session/642ad19be169e36e022e3d28efff7052/element - {"using":"xpath","value":"//*[@id=\"application-managepricingrules-display-component---newInfoPriceItem--priceProc-arrow\"]"}
RESULT: {}
RESULT: {"using":"xpath","value":"//*[@id=\"application-managepricingrules-display-component---newInfoPriceItem--priceProc-arrow\"]"}
COMMAND: POST /session/642ad19be169e36e022e3d28efff7052/element/f.21B09363EEE0F7374535FA133A9E79B8.d.EC1624A5EB745F6C2185C09F709654C9.e.3570/click - {}
RESULT: {}
COMMAND: POST /session/642ad19be169e36e022e3d28efff7052/element - {"using":"xpath","value":"//span[contains(text(), \"TBS - Time based standard\")]"}
COMMAND: GET /session/642ad19be169e36e022e3d28efff7052/screenshot - {}
RESULT: {"using":"xpath","value":"//span[contains(text(), \"TBS - Time based standard\")]"}
COMMAND: POST /session/642ad19be169e36e022e3d28efff7052/element/f.21B09363EEE0F7374535FA133A9E79B8.d.EC1624A5EB745F6C2185C09F709654C9.e.3608/click - {}
RESULT: {}
RESULT: {}
COMMAND: POST /session/642ad19be169e36e022e3d28efff7052/execute/async - {"script":"<script> [1562 bytes]","args":[{"selector":{"id":"application-managepricingrules-display-component---newInfoPriceItem--calcBase-arrow"},"wdio_ui5_key":"applicationmanagepricingrules-display-component---newInfoPriceItem--calcBase-arrow"}]}
COMMAND: GET /session/642ad19be169e36e022e3d28efff7052/screenshot - {}
RESULT: {"script":"<script> [1562 bytes]","args":[{"selector":{"id":"application-managepricingrules-display-component---newInfoPriceItem--calcBase-arrow"},"wdio_ui5_key":"applicationmanagepricingrules-display-component---newInfoPriceItem--calcBase-arrow"}]}
RESULT: undefined
COMMAND: POST /session/642ad19be169e36e022e3d28efff7052/element - {"using":"xpath","value":"//*[@id=\"application-managepricingrules-display-component---newInfoPriceItem--calcBase-arrow\"]"}
RESULT: {}
RESULT: {"using":"xpath","value":"//*[@id=\"application-managepricingrules-display-component---newInfoPriceItem--calcBase-arrow\"]"}
COMMAND: POST /session/642ad19be169e36e022e3d28efff7052/element/f.21B09363EEE0F7374535FA133A9E79B8.d.EC1624A5EB745F6C2185C09F709654C9.e.3577/click - {}
RESULT: {}
COMMAND: GET /session/642ad19be169e36e022e3d28efff7052/screenshot - {}
RESULT: {}
COMMAND: POST /session/642ad19be169e36e022e3d28efff7052/element - {"using":"xpath","value":"//span[contains(text(), \"0006 - TB(calendar days)\")]"}
RESULT: {"using":"xpath","value":"//span[contains(text(), \"0006 - TB(calendar days)\")]"}
COMMAND: POST /session/642ad19be169e36e022e3d28efff7052/element/f.21B09363EEE0F7374535FA133A9E79B8.d.EC1624A5EB745F6C2185C09F709654C9.e.3609/click - {}
RESULT: {}
COMMAND: GET /session/642ad19be169e36e022e3d28efff7052/screenshot - {}
RESULT: {}
COMMAND: POST /session/642ad19be169e36e022e3d28efff7052/execute/async - {"script":"<script> [1562 bytes]","args":[{"selector":{"id":"application-managepricingrules-display-component---newInfoPriceItem--daysMonth","interaction":{"idSuffix":"inner"}},"wdio_ui5_key":"applicationmanagepricingrules-display-component---newInfoPriceItem--daysMonth"}]}
RESULT: {"script":"<script> [1562 bytes]","args":[{"selector":{"id":"application-managepricingrules-display-component---newInfoPriceItem--daysMonth","interaction":{"idSuffix":"inner"}},"wdio_ui5_key":"applicationmanagepricingrules-display-component---newInfoPriceItem--daysMonth"}]}
RESULT: undefined
COMMAND: POST /session/642ad19be169e36e022e3d28efff7052/execute/async - {"script":"<script> [776 bytes]","args":[{"enterText":"30","selector":{"id":"application-managepricingrules-display-component---newInfoPriceItem--daysMonth","interaction":{"idSuffix":"inner"}},"clearTextFirst":true,"interactionType":"ENTER_TEXT"}]}
RESULT: {"script":"<script> [776 bytes]","args":[{"enterText":"30","selector":{"id":"application-managepricingrules-display-component---newInfoPriceItem--daysMonth","interaction":{"idSuffix":"inner"}},"clearTextFirst":true,"interactionType":"ENTER_TEXT"}]}
COMMAND: POST /session/642ad19be169e36e022e3d28efff7052/element - {"using":"xpath","value":"//button[@data-kt=\"saveNewRuleButton\"]"}
RESULT: {"using":"xpath","value":"//button[@data-kt=\"saveNewRuleButton\"]"}
COMMAND: POST /session/642ad19be169e36e022e3d28efff7052/element/f.21B09363EEE0F7374535FA133A9E79B8.d.EC1624A5EB745F6C2185C09F709654C9.e.3597/click - {}
RESULT: {}
COMMAND: GET /session/642ad19be169e36e022e3d28efff7052/screenshot - {}
RESULT: {}
COMMAND: POST /session/642ad19be169e36e022e3d28efff7052/execute/async - {"script":"<script> [1562 bytes]","args":[{"selector":{"id":"application-managepricingrules-display-component---priceInfoItem--smartFilterBar-btnBasicSearch","interaction":{"idSuffix":"I"}},"wdio_ui5_key":"applicationmanagepricingrules-display-component---priceInfoItem--smartFilterBar-btnBasicSearch"}]}
RESULT: {"script":"<script> [1562 bytes]","args":[{"selector":{"id":"application-managepricingrules-display-component---priceInfoItem--smartFilterBar-btnBasicSearch","interaction":{"idSuffix":"I"}},"wdio_ui5_key":"applicationmanagepricingrules-display-component---priceInfoItem--smartFilterBar-btnBasicSearch"}]}
RESULT: undefined
COMMAND: POST /session/642ad19be169e36e022e3d28efff7052/execute/async - {"script":"<script> [776 bytes]","args":[{"enterText":"QMFQiRZNiu","selector":{"id":"application-managepricingrules-display-component---priceInfoItem--smartFilterBar-btnBasicSearch","interaction":{"idSuffix":"I"}},"clearTextFirst":true,"interactionType":"ENTER_TEXT"}]}
RESULT: {"script":"<script> [776 bytes]","args":[{"enterText":"QMFQiRZNiu","selector":{"id":"application-managepricingrules-display-component---priceInfoItem--smartFilterBar-btnBasicSearch","interaction":{"idSuffix":"I"}},"clearTextFirst":true,"interactionType":"ENTER_TEXT"}]}
COMMAND: POST /session/642ad19be169e36e022e3d28efff7052/actions - {"actions":[{"id":"action12","type":"key","parameters":{},"actions":[{"type":"keyDown","value":"î€‡"},{"type":"pause","duration":10},{"type":"keyUp","value":"î€‡"}]}]}
RESULT: {"actions":[{"id":"action12","type":"key","parameters":{},"actions":[{"type":"keyDown","value":"î€‡"},{"type":"pause","duration":10},{"type":"keyUp","value":"î€‡"}]}]}
COMMAND: GET /session/642ad19be169e36e022e3d28efff7052/screenshot - {}
RESULT: {}
COMMAND: POST /session/642ad19be169e36e022e3d28efff7052/element - {"using":"xpath","value":"//span[@id=\"application-managepricingrules-display-component---priceInfoItem--smartTable-header-inner\"]"}
RESULT: {"using":"xpath","value":"//span[@id=\"application-managepricingrules-display-component---priceInfoItem--smartTable-header-inner\"]"}
COMMAND: POST /session/642ad19be169e36e022e3d28efff7052/elements - {"using":"xpath","value":"//span[@id=\"application-managepricingrules-display-component---priceInfoItem--smartTable-header-inner\"]"}
RESULT: {"using":"xpath","value":"//span[@id=\"application-managepricingrules-display-component---priceInfoItem--smartTable-header-inner\"]"}
COMMAND: POST /session/642ad19be169e36e022e3d28efff7052/execute/sync - {"script":"<script> [56 bytes]","args":[{"element-6066-11e4-a52e-4f735466cecf":"f.21B09363EEE0F7374535FA133A9E79B8.d.EC1624A5EB745F6C2185C09F709654C9.e.3622","ELEMENT":"f.21B09363EEE0F7374535FA133A9E79B8.d.EC1624A5EB745F6C2185C09F709654C9.e.3622"}]}
RESULT: {"script":"<script> [56 bytes]","args":[{"element-6066-11e4-a52e-4f735466cecf":"f.21B09363EEE0F7374535FA133A9E79B8.d.EC1624A5EB745F6C2185C09F709654C9.e.3622","ELEMENT":"f.21B09363EEE0F7374535FA133A9E79B8.d.EC1624A5EB745F6C2185C09F709654C9.e.3622"}]}
COMMAND: POST /session/642ad19be169e36e022e3d28efff7052/element - {"using":"css selector","value":"#shell-header-logo"}
COMMAND: GET /session/642ad19be169e36e022e3d28efff7052/screenshot - {}
RESULT: {"using":"css selector","value":"#shell-header-logo"}
COMMAND: POST /session/642ad19be169e36e022e3d28efff7052/element/f.21B09363EEE0F7374535FA133A9E79B8.d.EC1624A5EB745F6C2185C09F709654C9.e.2944/click - {}
RESULT: {}
RESULT: {}
COMMAND: GET /session/642ad19be169e36e022e3d28efff7052/screenshot - {}
RESULT: {}
]]></system-out>
    </testcase>
    <testcase classname="chrome.135_0_7049_96.windows.Billing_Transfer_-_Master_data_&amp;_Intercompany_US127250" name="Should create new condition for equipment TB" time="79.238">
      <system-out><![CDATA[
COMMAND: POST /session/642ad19be169e36e022e3d28efff7052/execute/async - {"script":"<script> [1562 bytes]","args":[{"selector":{"controlType":"sap.m.Text","properties":{"text":"Manage Conditions & Prices"},"interaction":{"idSuffix":"inner"}},"wdio_ui5_key":"sapm.Text{\"text\":\"Manage Conditions & Prices\"}"}]}
RESULT: {"script":"<script> [1562 bytes]","args":[{"selector":{"controlType":"sap.m.Text","properties":{"text":"Manage Conditions & Prices"},"interaction":{"idSuffix":"inner"}},"wdio_ui5_key":"sapm.Text{\"text\":\"Manage Conditions & Prices\"}"}]}
RESULT: undefined
COMMAND: POST /session/642ad19be169e36e022e3d28efff7052/element - {"using":"xpath","value":"//*[@id=\"__tile93-title\"]"}
RESULT: {"using":"xpath","value":"//*[@id=\"__tile93-title\"]"}
COMMAND: POST /session/642ad19be169e36e022e3d28efff7052/element/f.21B09363EEE0F7374535FA133A9E79B8.d.EC1624A5EB745F6C2185C09F709654C9.e.3625/click - {}
RESULT: {}
COMMAND: POST /session/642ad19be169e36e022e3d28efff7052/element - {"using":"xpath","value":"//button[@aria-label=\"Create\"]"}
COMMAND: GET /session/642ad19be169e36e022e3d28efff7052/screenshot - {}
RESULT: {"using":"xpath","value":"//button[@aria-label=\"Create\"]"}
COMMAND: POST /session/642ad19be169e36e022e3d28efff7052/elements - {"using":"xpath","value":"//button[@aria-label=\"Create\"]"}
RESULT: {}
RESULT: {"using":"xpath","value":"//button[@aria-label=\"Create\"]"}
COMMAND: POST /session/642ad19be169e36e022e3d28efff7052/elements - {"using":"xpath","value":"//button[@aria-label=\"Create\"]"}
RESULT: {"using":"xpath","value":"//button[@aria-label=\"Create\"]"}
COMMAND: POST /session/642ad19be169e36e022e3d28efff7052/elements - {"using":"xpath","value":"//button[@aria-label=\"Create\"]"}
RESULT: {"using":"xpath","value":"//button[@aria-label=\"Create\"]"}
COMMAND: POST /session/642ad19be169e36e022e3d28efff7052/elements - {"using":"xpath","value":"//button[@aria-label=\"Create\"]"}
RESULT: {"using":"xpath","value":"//button[@aria-label=\"Create\"]"}
COMMAND: POST /session/642ad19be169e36e022e3d28efff7052/elements - {"using":"xpath","value":"//button[@aria-label=\"Create\"]"}
RESULT: {"using":"xpath","value":"//button[@aria-label=\"Create\"]"}
COMMAND: POST /session/642ad19be169e36e022e3d28efff7052/elements - {"using":"xpath","value":"//button[@aria-label=\"Create\"]"}
RESULT: {"using":"xpath","value":"//button[@aria-label=\"Create\"]"}
COMMAND: POST /session/642ad19be169e36e022e3d28efff7052/element - {"using":"xpath","value":"//button[@aria-label=\"Create\"]"}
RESULT: {"using":"xpath","value":"//button[@aria-label=\"Create\"]"}
COMMAND: POST /session/642ad19be169e36e022e3d28efff7052/execute/sync - {"script":"<script> [8489 bytes]","args":[{"element-6066-11e4-a52e-4f735466cecf":"f.21B09363EEE0F7374535FA133A9E79B8.d.EC1624A5EB745F6C2185C09F709654C9.e.3665","ELEMENT":"f.21B09363EEE0F7374535FA133A9E79B8.d.EC1624A5EB745F6C2185C09F709654C9.e.3665"}]}
RESULT: {"script":"<script> [8489 bytes]","args":[{"element-6066-11e4-a52e-4f735466cecf":"f.21B09363EEE0F7374535FA133A9E79B8.d.EC1624A5EB745F6C2185C09F709654C9.e.3665","ELEMENT":"f.21B09363EEE0F7374535FA133A9E79B8.d.EC1624A5EB745F6C2185C09F709654C9.e.3665"}]}
COMMAND: GET /session/642ad19be169e36e022e3d28efff7052/element/f.21B09363EEE0F7374535FA133A9E79B8.d.EC1624A5EB745F6C2185C09F709654C9.e.3665/enabled - {}
COMMAND: GET /session/642ad19be169e36e022e3d28efff7052/screenshot - {}
RESULT: {}
COMMAND: POST /session/642ad19be169e36e022e3d28efff7052/execute/sync - {"script":"<script> [8489 bytes]","args":[{"element-6066-11e4-a52e-4f735466cecf":"f.21B09363EEE0F7374535FA133A9E79B8.d.EC1624A5EB745F6C2185C09F709654C9.e.3665","ELEMENT":"f.21B09363EEE0F7374535FA133A9E79B8.d.EC1624A5EB745F6C2185C09F709654C9.e.3665"}]}
COMMAND: GET /session/642ad19be169e36e022e3d28efff7052/screenshot - {}
RESULT: {}
RESULT: {"script":"<script> [8489 bytes]","args":[{"element-6066-11e4-a52e-4f735466cecf":"f.21B09363EEE0F7374535FA133A9E79B8.d.EC1624A5EB745F6C2185C09F709654C9.e.3665","ELEMENT":"f.21B09363EEE0F7374535FA133A9E79B8.d.EC1624A5EB745F6C2185C09F709654C9.e.3665"}]}
COMMAND: POST /session/642ad19be169e36e022e3d28efff7052/execute/sync - {"script":"<script> [5351 bytes]","args":[{"element-6066-11e4-a52e-4f735466cecf":"f.21B09363EEE0F7374535FA133A9E79B8.d.EC1624A5EB745F6C2185C09F709654C9.e.3665","ELEMENT":"f.21B09363EEE0F7374535FA133A9E79B8.d.EC1624A5EB745F6C2185C09F709654C9.e.3665"}]}
COMMAND: GET /session/642ad19be169e36e022e3d28efff7052/screenshot - {}
RESULT: {}
RESULT: {"script":"<script> [5351 bytes]","args":[{"element-6066-11e4-a52e-4f735466cecf":"f.21B09363EEE0F7374535FA133A9E79B8.d.EC1624A5EB745F6C2185C09F709654C9.e.3665","ELEMENT":"f.21B09363EEE0F7374535FA133A9E79B8.d.EC1624A5EB745F6C2185C09F709654C9.e.3665"}]}
COMMAND: POST /session/642ad19be169e36e022e3d28efff7052/element/f.21B09363EEE0F7374535FA133A9E79B8.d.EC1624A5EB745F6C2185C09F709654C9.e.3665/click - {}
COMMAND: GET /session/642ad19be169e36e022e3d28efff7052/screenshot - {}
RESULT: {}
RESULT: {}
COMMAND: GET /session/642ad19be169e36e022e3d28efff7052/screenshot - {}
RESULT: {}
RESULT: {}
COMMAND: POST /session/642ad19be169e36e022e3d28efff7052/actions - {"actions":[{"id":"action13","type":"key","parameters":{},"actions":[{"type":"keyDown","value":"î€‡"},{"type":"pause","duration":10},{"type":"keyUp","value":"î€‡"}]}]}
RESULT: {"actions":[{"id":"action13","type":"key","parameters":{},"actions":[{"type":"keyDown","value":"î€‡"},{"type":"pause","duration":10},{"type":"keyUp","value":"î€‡"}]}]}
COMMAND: GET /session/642ad19be169e36e022e3d28efff7052/screenshot - {}
RESULT: {}
COMMAND: POST /session/642ad19be169e36e022e3d28efff7052/execute/async - {"script":"<script> [1562 bytes]","args":[{"selector":{"id":"application-manageconditionprice-display-component---newCondition--condBillCond-arrow"},"wdio_ui5_key":"applicationmanageconditionprice-display-component---newCondition--condBillCond-arrow"}]}
RESULT: {"script":"<script> [1562 bytes]","args":[{"selector":{"id":"application-manageconditionprice-display-component---newCondition--condBillCond-arrow"},"wdio_ui5_key":"applicationmanageconditionprice-display-component---newCondition--condBillCond-arrow"}]}
RESULT: undefined
COMMAND: POST /session/642ad19be169e36e022e3d28efff7052/element - {"using":"xpath","value":"//*[@id=\"application-manageconditionprice-display-component---newCondition--condBillCond-arrow\"]"}
RESULT: {"using":"xpath","value":"//*[@id=\"application-manageconditionprice-display-component---newCondition--condBillCond-arrow\"]"}
COMMAND: POST /session/642ad19be169e36e022e3d28efff7052/element/f.21B09363EEE0F7374535FA133A9E79B8.d.EC1624A5EB745F6C2185C09F709654C9.e.3872/click - {}
RESULT: {}
COMMAND: GET /session/642ad19be169e36e022e3d28efff7052/screenshot - {}
RESULT: {}
COMMAND: POST /session/642ad19be169e36e022e3d28efff7052/element - {"using":"xpath","value":"//li[.//span[contains(text(), \"DISP - D&I special price\")]]"}
RESULT: {"using":"xpath","value":"//li[.//span[contains(text(), \"DISP - D&I special price\")]]"}
COMMAND: POST /session/642ad19be169e36e022e3d28efff7052/element/f.21B09363EEE0F7374535FA133A9E79B8.d.EC1624A5EB745F6C2185C09F709654C9.e.3875/click - {}
RESULT: {}
COMMAND: GET /session/642ad19be169e36e022e3d28efff7052/screenshot - {}
RESULT: {}
COMMAND: POST /session/642ad19be169e36e022e3d28efff7052/execute/async - {"script":"<script> [1562 bytes]","args":[{"selector":{"id":"application-manageconditionprice-display-component---newCondition--condValidTo","interaction":{"idSuffix":"inner"}},"wdio_ui5_key":"applicationmanageconditionprice-display-component---newCondition--condValidTo"}]}
RESULT: {"script":"<script> [1562 bytes]","args":[{"selector":{"id":"application-manageconditionprice-display-component---newCondition--condValidTo","interaction":{"idSuffix":"inner"}},"wdio_ui5_key":"applicationmanageconditionprice-display-component---newCondition--condValidTo"}]}
RESULT: undefined
COMMAND: POST /session/642ad19be169e36e022e3d28efff7052/execute/async - {"script":"<script> [776 bytes]","args":[{"enterText":"01/05/26","selector":{"id":"application-manageconditionprice-display-component---newCondition--condValidTo","interaction":{"idSuffix":"inner"}},"clearTextFirst":true,"interactionType":"ENTER_TEXT"}]}
RESULT: {"script":"<script> [776 bytes]","args":[{"enterText":"01/05/26","selector":{"id":"application-manageconditionprice-display-component---newCondition--condValidTo","interaction":{"idSuffix":"inner"}},"clearTextFirst":true,"interactionType":"ENTER_TEXT"}]}
COMMAND: POST /session/642ad19be169e36e022e3d28efff7052/element - {"using":"xpath","value":"//input[@id=\"application-manageconditionprice-display-component---newCondition--condRU-inner\"]"}
RESULT: {"using":"xpath","value":"//input[@id=\"application-manageconditionprice-display-component---newCondition--condRU-inner\"]"}
COMMAND: POST /session/642ad19be169e36e022e3d28efff7052/element/f.21B09363EEE0F7374535FA133A9E79B8.d.EC1624A5EB745F6C2185C09F709654C9.e.3740/clear - {}
RESULT: {}
COMMAND: POST /session/642ad19be169e36e022e3d28efff7052/element/f.21B09363EEE0F7374535FA133A9E79B8.d.EC1624A5EB745F6C2185C09F709654C9.e.3740/value - {"text":"QMFQiRZNiu"}
COMMAND: GET /session/642ad19be169e36e022e3d28efff7052/screenshot - {}
RESULT: {"text":"QMFQiRZNiu"}
COMMAND: GET /session/642ad19be169e36e022e3d28efff7052/screenshot - {}
RESULT: {}
RESULT: {}
COMMAND: POST /session/642ad19be169e36e022e3d28efff7052/actions - {"actions":[{"id":"action14","type":"key","parameters":{},"actions":[{"type":"keyDown","value":"î€‡"},{"type":"pause","duration":10},{"type":"keyUp","value":"î€‡"}]}]}
RESULT: {"actions":[{"id":"action14","type":"key","parameters":{},"actions":[{"type":"keyDown","value":"î€‡"},{"type":"pause","duration":10},{"type":"keyUp","value":"î€‡"}]}]}
COMMAND: POST /session/642ad19be169e36e022e3d28efff7052/execute/async - {"script":"<script> [1562 bytes]","args":[{"selector":{"id":"application-manageconditionprice-display-component---newCondition--condBaseQty","interaction":{"idSuffix":"inner"}},"wdio_ui5_key":"applicationmanageconditionprice-display-component---newCondition--condBaseQty"}]}
COMMAND: GET /session/642ad19be169e36e022e3d28efff7052/screenshot - {}
RESULT: {"script":"<script> [1562 bytes]","args":[{"selector":{"id":"application-manageconditionprice-display-component---newCondition--condBaseQty","interaction":{"idSuffix":"inner"}},"wdio_ui5_key":"applicationmanageconditionprice-display-component---newCondition--condBaseQty"}]}
RESULT: undefined
COMMAND: POST /session/642ad19be169e36e022e3d28efff7052/execute/async - {"script":"<script> [776 bytes]","args":[{"enterText":"1","selector":{"id":"application-manageconditionprice-display-component---newCondition--condBaseQty","interaction":{"idSuffix":"inner"}},"clearTextFirst":true,"interactionType":"ENTER_TEXT"}]}
RESULT: {}
RESULT: {"script":"<script> [776 bytes]","args":[{"enterText":"1","selector":{"id":"application-manageconditionprice-display-component---newCondition--condBaseQty","interaction":{"idSuffix":"inner"}},"clearTextFirst":true,"interactionType":"ENTER_TEXT"}]}
COMMAND: POST /session/642ad19be169e36e022e3d28efff7052/execute/async - {"script":"<script> [1562 bytes]","args":[{"selector":{"id":"application-manageconditionprice-display-component---newCondition--condValue","interaction":{"idSuffix":"inner"}},"wdio_ui5_key":"applicationmanageconditionprice-display-component---newCondition--condValue"}]}
RESULT: {"script":"<script> [1562 bytes]","args":[{"selector":{"id":"application-manageconditionprice-display-component---newCondition--condValue","interaction":{"idSuffix":"inner"}},"wdio_ui5_key":"applicationmanageconditionprice-display-component---newCondition--condValue"}]}
RESULT: undefined
COMMAND: POST /session/642ad19be169e36e022e3d28efff7052/execute/async - {"script":"<script> [776 bytes]","args":[{"enterText":"100","selector":{"id":"application-manageconditionprice-display-component---newCondition--condValue","interaction":{"idSuffix":"inner"}},"clearTextFirst":true,"interactionType":"ENTER_TEXT"}]}
RESULT: {"script":"<script> [776 bytes]","args":[{"enterText":"100","selector":{"id":"application-manageconditionprice-display-component---newCondition--condValue","interaction":{"idSuffix":"inner"}},"clearTextFirst":true,"interactionType":"ENTER_TEXT"}]}
COMMAND: POST /session/642ad19be169e36e022e3d28efff7052/execute/async - {"script":"<script> [1562 bytes]","args":[{"selector":{"id":"application-manageconditionprice-display-component---newCondition--condCurr-arrow"},"wdio_ui5_key":"applicationmanageconditionprice-display-component---newCondition--condCurr-arrow"}]}
RESULT: {"script":"<script> [1562 bytes]","args":[{"selector":{"id":"application-manageconditionprice-display-component---newCondition--condCurr-arrow"},"wdio_ui5_key":"applicationmanageconditionprice-display-component---newCondition--condCurr-arrow"}]}
RESULT: undefined
COMMAND: POST /session/642ad19be169e36e022e3d28efff7052/element - {"using":"xpath","value":"//*[@id=\"application-manageconditionprice-display-component---newCondition--condCurr-arrow\"]"}
RESULT: {"using":"xpath","value":"//*[@id=\"application-manageconditionprice-display-component---newCondition--condCurr-arrow\"]"}
COMMAND: POST /session/642ad19be169e36e022e3d28efff7052/element/f.21B09363EEE0F7374535FA133A9E79B8.d.EC1624A5EB745F6C2185C09F709654C9.e.3840/click - {}
RESULT: {}
COMMAND: POST /session/642ad19be169e36e022e3d28efff7052/element - {"using":"xpath","value":"//span[contains(text(), \"Euro\")]"}
COMMAND: GET /session/642ad19be169e36e022e3d28efff7052/screenshot - {}
RESULT: {"using":"xpath","value":"//span[contains(text(), \"Euro\")]"}
COMMAND: POST /session/642ad19be169e36e022e3d28efff7052/element/f.21B09363EEE0F7374535FA133A9E79B8.d.EC1624A5EB745F6C2185C09F709654C9.e.3915/click - {}
RESULT: {}
RESULT: {}
COMMAND: POST /session/642ad19be169e36e022e3d28efff7052/element - {"using":"xpath","value":"//button[@data-kt=\"saveButton\"]"}
COMMAND: GET /session/642ad19be169e36e022e3d28efff7052/screenshot - {}
RESULT: {"using":"xpath","value":"//button[@data-kt=\"saveButton\"]"}
COMMAND: POST /session/642ad19be169e36e022e3d28efff7052/element/f.21B09363EEE0F7374535FA133A9E79B8.d.EC1624A5EB745F6C2185C09F709654C9.e.3841/click - {}
RESULT: {}
RESULT: {}
COMMAND: GET /session/642ad19be169e36e022e3d28efff7052/screenshot - {}
RESULT: {}
COMMAND: POST /session/642ad19be169e36e022e3d28efff7052/execute/async - {"script":"<script> [1562 bytes]","args":[{"selector":{"id":"application-manageconditionprice-display-component---conditions--smartFilterBar-btnBasicSearch","interaction":{"idSuffix":"I"}},"wdio_ui5_key":"applicationmanageconditionprice-display-component---conditions--smartFilterBar-btnBasicSearch"}]}
RESULT: {"script":"<script> [1562 bytes]","args":[{"selector":{"id":"application-manageconditionprice-display-component---conditions--smartFilterBar-btnBasicSearch","interaction":{"idSuffix":"I"}},"wdio_ui5_key":"applicationmanageconditionprice-display-component---conditions--smartFilterBar-btnBasicSearch"}]}
RESULT: undefined
COMMAND: POST /session/642ad19be169e36e022e3d28efff7052/execute/async - {"script":"<script> [776 bytes]","args":[{"enterText":"QMFQiRZNiu","selector":{"id":"application-manageconditionprice-display-component---conditions--smartFilterBar-btnBasicSearch","interaction":{"idSuffix":"I"}},"clearTextFirst":true,"interactionType":"ENTER_TEXT"}]}
RESULT: {"script":"<script> [776 bytes]","args":[{"enterText":"QMFQiRZNiu","selector":{"id":"application-manageconditionprice-display-component---conditions--smartFilterBar-btnBasicSearch","interaction":{"idSuffix":"I"}},"clearTextFirst":true,"interactionType":"ENTER_TEXT"}]}
COMMAND: POST /session/642ad19be169e36e022e3d28efff7052/actions - {"actions":[{"id":"action15","type":"key","parameters":{},"actions":[{"type":"keyDown","value":"î€‡"},{"type":"pause","duration":10},{"type":"keyUp","value":"î€‡"}]}]}
RESULT: {"actions":[{"id":"action15","type":"key","parameters":{},"actions":[{"type":"keyDown","value":"î€‡"},{"type":"pause","duration":10},{"type":"keyUp","value":"î€‡"}]}]}
COMMAND: GET /session/642ad19be169e36e022e3d28efff7052/screenshot - {}
RESULT: {}
COMMAND: POST /session/642ad19be169e36e022e3d28efff7052/execute/async - {"script":"<script> [1562 bytes]","args":[{"selector":{"id":"application-manageconditionprice-display-component---conditions--smartFilterBar-filterItemControl_BASIC-BILL_TYPES-vhi"},"wdio_ui5_key":"applicationmanageconditionprice-display-component---conditions--smartFilterBar-filterItemControl_BASIC-BILL_TYPES-vhi"}]}
RESULT: {"script":"<script> [1562 bytes]","args":[{"selector":{"id":"application-manageconditionprice-display-component---conditions--smartFilterBar-filterItemControl_BASIC-BILL_TYPES-vhi"},"wdio_ui5_key":"applicationmanageconditionprice-display-component---conditions--smartFilterBar-filterItemControl_BASIC-BILL_TYPES-vhi"}]}
RESULT: undefined
COMMAND: POST /session/642ad19be169e36e022e3d28efff7052/element - {"using":"xpath","value":"//*[@id=\"application-manageconditionprice-display-component---conditions--smartFilterBar-filterItemControl_BASIC-BILL_TYPES-vhi\"]"}
RESULT: {"using":"xpath","value":"//*[@id=\"application-manageconditionprice-display-component---conditions--smartFilterBar-filterItemControl_BASIC-BILL_TYPES-vhi\"]"}
COMMAND: POST /session/642ad19be169e36e022e3d28efff7052/element/f.21B09363EEE0F7374535FA133A9E79B8.d.EC1624A5EB745F6C2185C09F709654C9.e.3932/click - {}
RESULT: {}
COMMAND: POST /session/642ad19be169e36e022e3d28efff7052/execute/async - {"script":"<script> [1562 bytes]","args":[{"selector":{"id":"application-manageconditionprice-display-component---conditions--smartFilterBar-filterItemControl_BASIC-BILL_TYPES-valueHelpDialog-smartFilterBar-btnBasicSearch","searchOpenDialogs":true,"interaction":{"idSuffix":"I"}},"wdio_ui5_key":"applicationmanageconditionprice-display-component---conditions--smartFilterBar-filterItemControl_BASIC-BILL_TYPES-valueHelpDialog-smartFilterBar-btnBasicSearch"}]}
COMMAND: GET /session/642ad19be169e36e022e3d28efff7052/screenshot - {}
RESULT: {"script":"<script> [1562 bytes]","args":[{"selector":{"id":"application-manageconditionprice-display-component---conditions--smartFilterBar-filterItemControl_BASIC-BILL_TYPES-valueHelpDialog-smartFilterBar-btnBasicSearch","searchOpenDialogs":true,"interaction":{"idSuffix":"I"}},"wdio_ui5_key":"applicationmanageconditionprice-display-component---conditions--smartFilterBar-filterItemControl_BASIC-BILL_TYPES-valueHelpDialog-smartFilterBar-btnBasicSearch"}]}
RESULT: undefined
COMMAND: POST /session/642ad19be169e36e022e3d28efff7052/execute/async - {"script":"<script> [776 bytes]","args":[{"enterText":"TB","selector":{"id":"application-manageconditionprice-display-component---conditions--smartFilterBar-filterItemControl_BASIC-BILL_TYPES-valueHelpDialog-smartFilterBar-btnBasicSearch","searchOpenDialogs":true,"interaction":{"idSuffix":"I"}},"clearTextFirst":true,"interactionType":"ENTER_TEXT"}]}
RESULT: {}
RESULT: {"script":"<script> [776 bytes]","args":[{"enterText":"TB","selector":{"id":"application-manageconditionprice-display-component---conditions--smartFilterBar-filterItemControl_BASIC-BILL_TYPES-valueHelpDialog-smartFilterBar-btnBasicSearch","searchOpenDialogs":true,"interaction":{"idSuffix":"I"}},"clearTextFirst":true,"interactionType":"ENTER_TEXT"}]}
COMMAND: POST /session/642ad19be169e36e022e3d28efff7052/actions - {"actions":[{"id":"action16","type":"key","parameters":{},"actions":[{"type":"keyDown","value":"î€‡"},{"type":"pause","duration":10},{"type":"keyUp","value":"î€‡"}]}]}
RESULT: {"actions":[{"id":"action16","type":"key","parameters":{},"actions":[{"type":"keyDown","value":"î€‡"},{"type":"pause","duration":10},{"type":"keyUp","value":"î€‡"}]}]}
COMMAND: GET /session/642ad19be169e36e022e3d28efff7052/screenshot - {}
RESULT: {}
COMMAND: POST /session/642ad19be169e36e022e3d28efff7052/element - {"using":"xpath","value":"//div[contains(@id, 'application-manageconditionprice-display-component---conditions--smartFilterBar-filterItemControl_BASIC-BILL_TYPES-valueHelpDialog-table-rowsel0')]"}
RESULT: {"using":"xpath","value":"//div[contains(@id, 'application-manageconditionprice-display-component---conditions--smartFilterBar-filterItemControl_BASIC-BILL_TYPES-valueHelpDialog-table-rowsel0')]"}
COMMAND: POST /session/642ad19be169e36e022e3d28efff7052/element/f.21B09363EEE0F7374535FA133A9E79B8.d.EC1624A5EB745F6C2185C09F709654C9.e.3942/click - {}
RESULT: {}
COMMAND: GET /session/642ad19be169e36e022e3d28efff7052/screenshot - {}
RESULT: {}
COMMAND: POST /session/642ad19be169e36e022e3d28efff7052/element - {"using":"xpath","value":"//bdi[contains(text(), \"OK\")]"}
RESULT: {"using":"xpath","value":"//bdi[contains(text(), \"OK\")]"}
COMMAND: POST /session/642ad19be169e36e022e3d28efff7052/element/f.21B09363EEE0F7374535FA133A9E79B8.d.EC1624A5EB745F6C2185C09F709654C9.e.3944/click - {}
RESULT: {}
COMMAND: GET /session/642ad19be169e36e022e3d28efff7052/screenshot - {}
RESULT: {}
COMMAND: POST /session/642ad19be169e36e022e3d28efff7052/element - {"using":"xpath","value":"//span[@id=\"application-manageconditionprice-display-component---conditions--smartTable-header-inner\"]"}
RESULT: {"using":"xpath","value":"//span[@id=\"application-manageconditionprice-display-component---conditions--smartTable-header-inner\"]"}
COMMAND: POST /session/642ad19be169e36e022e3d28efff7052/elements - {"using":"xpath","value":"//span[@id=\"application-manageconditionprice-display-component---conditions--smartTable-header-inner\"]"}
RESULT: {"using":"xpath","value":"//span[@id=\"application-manageconditionprice-display-component---conditions--smartTable-header-inner\"]"}
COMMAND: POST /session/642ad19be169e36e022e3d28efff7052/execute/sync - {"script":"<script> [56 bytes]","args":[{"element-6066-11e4-a52e-4f735466cecf":"f.21B09363EEE0F7374535FA133A9E79B8.d.EC1624A5EB745F6C2185C09F709654C9.e.3947","ELEMENT":"f.21B09363EEE0F7374535FA133A9E79B8.d.EC1624A5EB745F6C2185C09F709654C9.e.3947"}]}
RESULT: {"script":"<script> [56 bytes]","args":[{"element-6066-11e4-a52e-4f735466cecf":"f.21B09363EEE0F7374535FA133A9E79B8.d.EC1624A5EB745F6C2185C09F709654C9.e.3947","ELEMENT":"f.21B09363EEE0F7374535FA133A9E79B8.d.EC1624A5EB745F6C2185C09F709654C9.e.3947"}]}
COMMAND: POST /session/642ad19be169e36e022e3d28efff7052/element - {"using":"css selector","value":"#shell-header-logo"}
COMMAND: GET /session/642ad19be169e36e022e3d28efff7052/screenshot - {}
RESULT: {"using":"css selector","value":"#shell-header-logo"}
COMMAND: POST /session/642ad19be169e36e022e3d28efff7052/element/f.21B09363EEE0F7374535FA133A9E79B8.d.EC1624A5EB745F6C2185C09F709654C9.e.3628/click - {}
RESULT: {}
RESULT: {}
COMMAND: GET /session/642ad19be169e36e022e3d28efff7052/screenshot - {}
RESULT: {}
]]></system-out>
    </testcase>
    <testcase classname="chrome.135_0_7049_96.windows.Billing_Transfer_-_Master_data_&amp;_Intercompany_US127250" name="Should do a stock increase" time="97.861">
      <system-out><![CDATA[
COMMAND: POST /session/642ad19be169e36e022e3d28efff7052/execute/async - {"script":"<script> [1562 bytes]","args":[{"selector":{"controlType":"sap.m.Text","viewName":"etm.portal.ui.managehandoverstile.view.Master","properties":{"text":"Manage Handovers"},"interaction":{"idSuffix":"inner"}},"wdio_ui5_key":"etmportal.ui.managehandoverstile.view.Mastersap.m.Text{\"text\":\"Manage Handovers\"}"}]}
RESULT: {"script":"<script> [1562 bytes]","args":[{"selector":{"controlType":"sap.m.Text","viewName":"etm.portal.ui.managehandoverstile.view.Master","properties":{"text":"Manage Handovers"},"interaction":{"idSuffix":"inner"}},"wdio_ui5_key":"etmportal.ui.managehandoverstile.view.Mastersap.m.Text{\"text\":\"Manage Handovers\"}"}]}
RESULT: undefined
COMMAND: POST /session/642ad19be169e36e022e3d28efff7052/element - {"using":"xpath","value":"//*[@id=\"__tile131-title\"]"}
RESULT: {"using":"xpath","value":"//*[@id=\"__tile131-title\"]"}
COMMAND: POST /session/642ad19be169e36e022e3d28efff7052/element/f.21B09363EEE0F7374535FA133A9E79B8.d.EC1624A5EB745F6C2185C09F709654C9.e.3952/click - {}
RESULT: {}
COMMAND: POST /session/642ad19be169e36e022e3d28efff7052/element - {"using":"xpath","value":"//button[@data-kt=\"masterHOAddButton\"]"}
COMMAND: GET /session/642ad19be169e36e022e3d28efff7052/screenshot - {}
RESULT: {"using":"xpath","value":"//button[@data-kt=\"masterHOAddButton\"]"}
COMMAND: POST /session/642ad19be169e36e022e3d28efff7052/elements - {"using":"xpath","value":"//button[@data-kt=\"masterHOAddButton\"]"}
RESULT: {}
RESULT: {"using":"xpath","value":"//button[@data-kt=\"masterHOAddButton\"]"}
COMMAND: POST /session/642ad19be169e36e022e3d28efff7052/elements - {"using":"xpath","value":"//button[@data-kt=\"masterHOAddButton\"]"}
RESULT: {"using":"xpath","value":"//button[@data-kt=\"masterHOAddButton\"]"}
COMMAND: POST /session/642ad19be169e36e022e3d28efff7052/elements - {"using":"xpath","value":"//button[@data-kt=\"masterHOAddButton\"]"}
RESULT: {"using":"xpath","value":"//button[@data-kt=\"masterHOAddButton\"]"}
COMMAND: POST /session/642ad19be169e36e022e3d28efff7052/elements - {"using":"xpath","value":"//button[@data-kt=\"masterHOAddButton\"]"}
RESULT: {"using":"xpath","value":"//button[@data-kt=\"masterHOAddButton\"]"}
COMMAND: POST /session/642ad19be169e36e022e3d28efff7052/elements - {"using":"xpath","value":"//button[@data-kt=\"masterHOAddButton\"]"}
RESULT: {"using":"xpath","value":"//button[@data-kt=\"masterHOAddButton\"]"}
COMMAND: POST /session/642ad19be169e36e022e3d28efff7052/elements - {"using":"xpath","value":"//button[@data-kt=\"masterHOAddButton\"]"}
RESULT: {"using":"xpath","value":"//button[@data-kt=\"masterHOAddButton\"]"}
COMMAND: POST /session/642ad19be169e36e022e3d28efff7052/elements - {"using":"xpath","value":"//button[@data-kt=\"masterHOAddButton\"]"}
RESULT: {"using":"xpath","value":"//button[@data-kt=\"masterHOAddButton\"]"}
COMMAND: POST /session/642ad19be169e36e022e3d28efff7052/elements - {"using":"xpath","value":"//button[@data-kt=\"masterHOAddButton\"]"}
RESULT: {"using":"xpath","value":"//button[@data-kt=\"masterHOAddButton\"]"}
COMMAND: POST /session/642ad19be169e36e022e3d28efff7052/elements - {"using":"xpath","value":"//button[@data-kt=\"masterHOAddButton\"]"}
RESULT: {"using":"xpath","value":"//button[@data-kt=\"masterHOAddButton\"]"}
COMMAND: POST /session/642ad19be169e36e022e3d28efff7052/elements - {"using":"xpath","value":"//button[@data-kt=\"masterHOAddButton\"]"}
RESULT: {"using":"xpath","value":"//button[@data-kt=\"masterHOAddButton\"]"}
COMMAND: POST /session/642ad19be169e36e022e3d28efff7052/elements - {"using":"xpath","value":"//button[@data-kt=\"masterHOAddButton\"]"}
RESULT: {"using":"xpath","value":"//button[@data-kt=\"masterHOAddButton\"]"}
COMMAND: POST /session/642ad19be169e36e022e3d28efff7052/elements - {"using":"xpath","value":"//button[@data-kt=\"masterHOAddButton\"]"}
RESULT: {"using":"xpath","value":"//button[@data-kt=\"masterHOAddButton\"]"}
COMMAND: POST /session/642ad19be169e36e022e3d28efff7052/elements - {"using":"xpath","value":"//button[@data-kt=\"masterHOAddButton\"]"}
RESULT: {"using":"xpath","value":"//button[@data-kt=\"masterHOAddButton\"]"}
COMMAND: POST /session/642ad19be169e36e022e3d28efff7052/elements - {"using":"xpath","value":"//button[@data-kt=\"masterHOAddButton\"]"}
RESULT: {"using":"xpath","value":"//button[@data-kt=\"masterHOAddButton\"]"}
COMMAND: POST /session/642ad19be169e36e022e3d28efff7052/element - {"using":"xpath","value":"//button[@data-kt=\"masterHOAddButton\"]"}
RESULT: {"using":"xpath","value":"//button[@data-kt=\"masterHOAddButton\"]"}
COMMAND: POST /session/642ad19be169e36e022e3d28efff7052/execute/sync - {"script":"<script> [8489 bytes]","args":[{"element-6066-11e4-a52e-4f735466cecf":"f.21B09363EEE0F7374535FA133A9E79B8.d.EC1624A5EB745F6C2185C09F709654C9.e.3991","ELEMENT":"f.21B09363EEE0F7374535FA133A9E79B8.d.EC1624A5EB745F6C2185C09F709654C9.e.3991"}]}
RESULT: {"script":"<script> [8489 bytes]","args":[{"element-6066-11e4-a52e-4f735466cecf":"f.21B09363EEE0F7374535FA133A9E79B8.d.EC1624A5EB745F6C2185C09F709654C9.e.3991","ELEMENT":"f.21B09363EEE0F7374535FA133A9E79B8.d.EC1624A5EB745F6C2185C09F709654C9.e.3991"}]}
COMMAND: GET /session/642ad19be169e36e022e3d28efff7052/element/f.21B09363EEE0F7374535FA133A9E79B8.d.EC1624A5EB745F6C2185C09F709654C9.e.3991/enabled - {}
COMMAND: GET /session/642ad19be169e36e022e3d28efff7052/screenshot - {}
RESULT: {}
COMMAND: POST /session/642ad19be169e36e022e3d28efff7052/execute/sync - {"script":"<script> [8489 bytes]","args":[{"element-6066-11e4-a52e-4f735466cecf":"f.21B09363EEE0F7374535FA133A9E79B8.d.EC1624A5EB745F6C2185C09F709654C9.e.3991","ELEMENT":"f.21B09363EEE0F7374535FA133A9E79B8.d.EC1624A5EB745F6C2185C09F709654C9.e.3991"}]}
COMMAND: GET /session/642ad19be169e36e022e3d28efff7052/screenshot - {}
RESULT: {}
RESULT: {"script":"<script> [8489 bytes]","args":[{"element-6066-11e4-a52e-4f735466cecf":"f.21B09363EEE0F7374535FA133A9E79B8.d.EC1624A5EB745F6C2185C09F709654C9.e.3991","ELEMENT":"f.21B09363EEE0F7374535FA133A9E79B8.d.EC1624A5EB745F6C2185C09F709654C9.e.3991"}]}
COMMAND: POST /session/642ad19be169e36e022e3d28efff7052/execute/sync - {"script":"<script> [5351 bytes]","args":[{"element-6066-11e4-a52e-4f735466cecf":"f.21B09363EEE0F7374535FA133A9E79B8.d.EC1624A5EB745F6C2185C09F709654C9.e.3991","ELEMENT":"f.21B09363EEE0F7374535FA133A9E79B8.d.EC1624A5EB745F6C2185C09F709654C9.e.3991"}]}
COMMAND: GET /session/642ad19be169e36e022e3d28efff7052/screenshot - {}
RESULT: {}
RESULT: {"script":"<script> [5351 bytes]","args":[{"element-6066-11e4-a52e-4f735466cecf":"f.21B09363EEE0F7374535FA133A9E79B8.d.EC1624A5EB745F6C2185C09F709654C9.e.3991","ELEMENT":"f.21B09363EEE0F7374535FA133A9E79B8.d.EC1624A5EB745F6C2185C09F709654C9.e.3991"}]}
COMMAND: POST /session/642ad19be169e36e022e3d28efff7052/element/f.21B09363EEE0F7374535FA133A9E79B8.d.EC1624A5EB745F6C2185C09F709654C9.e.3991/click - {}
COMMAND: GET /session/642ad19be169e36e022e3d28efff7052/screenshot - {}
RESULT: {}
RESULT: {}
COMMAND: GET /session/642ad19be169e36e022e3d28efff7052/screenshot - {}
COMMAND: POST /session/642ad19be169e36e022e3d28efff7052/element - {"using":"xpath","value":"//span[contains(@id ,\"AddNewHO--typeSelect-arrow\")]"}
RESULT: {}
RESULT: {}
RESULT: {"using":"xpath","value":"//span[contains(@id ,\"AddNewHO--typeSelect-arrow\")]"}
COMMAND: POST /session/642ad19be169e36e022e3d28efff7052/element/f.21B09363EEE0F7374535FA133A9E79B8.d.EC1624A5EB745F6C2185C09F709654C9.e.4346/click - {}
RESULT: {}
COMMAND: GET /session/642ad19be169e36e022e3d28efff7052/screenshot - {}
RESULT: {}
COMMAND: POST /session/642ad19be169e36e022e3d28efff7052/element - {"using":"xpath","value":"(//li[contains(text(), \"stock increase yard\")])[1]"}
RESULT: {"using":"xpath","value":"(//li[contains(text(), \"stock increase yard\")])[1]"}
COMMAND: POST /session/642ad19be169e36e022e3d28efff7052/element/f.21B09363EEE0F7374535FA133A9E79B8.d.EC1624A5EB745F6C2185C09F709654C9.e.4347/click - {}
RESULT: {}
COMMAND: GET /session/642ad19be169e36e022e3d28efff7052/screenshot - {}
RESULT: {}
COMMAND: POST /session/642ad19be169e36e022e3d28efff7052/execute/async - {"script":"<script> [1562 bytes]","args":[{"selector":{"id":"application-managehandovers-display-component---AddNewHO--dueDate","interaction":{"idSuffix":"inner"}},"wdio_ui5_key":"applicationmanagehandovers-display-component---AddNewHO--dueDate"}]}
RESULT: {"script":"<script> [1562 bytes]","args":[{"selector":{"id":"application-managehandovers-display-component---AddNewHO--dueDate","interaction":{"idSuffix":"inner"}},"wdio_ui5_key":"applicationmanagehandovers-display-component---AddNewHO--dueDate"}]}
RESULT: undefined
COMMAND: POST /session/642ad19be169e36e022e3d28efff7052/execute/async - {"script":"<script> [6424 bytes]","args":[{"element-6066-11e4-a52e-4f735466cecf":"f.21B09363EEE0F7374535FA133A9E79B8.d.EC1624A5EB745F6C2185C09F709654C9.e.4351"},"setValue",["05/05/2025"]]}
RESULT: {"script":"<script> [6424 bytes]","args":[{"element-6066-11e4-a52e-4f735466cecf":"f.21B09363EEE0F7374535FA133A9E79B8.d.EC1624A5EB745F6C2185C09F709654C9.e.4351"},"setValue",["05/05/2025"]]}
COMMAND: POST /session/642ad19be169e36e022e3d28efff7052/element - {"using":"xpath","value":"//input[@id=\"generalSectionFrg--receiveYard-inner\"]"}
RESULT: {"using":"xpath","value":"//input[@id=\"generalSectionFrg--receiveYard-inner\"]"}
COMMAND: POST /session/642ad19be169e36e022e3d28efff7052/element/f.21B09363EEE0F7374535FA133A9E79B8.d.EC1624A5EB745F6C2185C09F709654C9.e.4357/clear - {}
RESULT: {}
COMMAND: POST /session/642ad19be169e36e022e3d28efff7052/element/f.21B09363EEE0F7374535FA133A9E79B8.d.EC1624A5EB745F6C2185C09F709654C9.e.4357/value - {"text":"597"}
COMMAND: GET /session/642ad19be169e36e022e3d28efff7052/screenshot - {}
RESULT: {"text":"597"}
COMMAND: GET /session/642ad19be169e36e022e3d28efff7052/screenshot - {}
RESULT: {}
RESULT: {}
COMMAND: POST /session/642ad19be169e36e022e3d28efff7052/element - {"using":"xpath","value":"//li[.//span[text()='597']]"}
RESULT: {"using":"xpath","value":"//li[.//span[text()='597']]"}
COMMAND: POST /session/642ad19be169e36e022e3d28efff7052/element/f.21B09363EEE0F7374535FA133A9E79B8.d.EC1624A5EB745F6C2185C09F709654C9.e.4373/click - {}
RESULT: {}
COMMAND: GET /session/642ad19be169e36e022e3d28efff7052/screenshot - {}
RESULT: {}
COMMAND: POST /session/642ad19be169e36e022e3d28efff7052/execute/async - {"script":"<script> [1562 bytes]","args":[{"selector":{"id":"application-managehandovers-display-component---AddNewHO--ObjectPageLayout-anchBar-application-managehandovers-display-component---AddNewHO--section4-anchor","interaction":{"idSuffix":"BDI-content"}},"wdio_ui5_key":"applicationmanagehandovers-display-component---AddNewHO--ObjectPageLayout-anchBar-application-managehandovers-display-component---AddNewHO--section4-anchor"}]}
RESULT: {"script":"<script> [1562 bytes]","args":[{"selector":{"id":"application-managehandovers-display-component---AddNewHO--ObjectPageLayout-anchBar-application-managehandovers-display-component---AddNewHO--section4-anchor","interaction":{"idSuffix":"BDI-content"}},"wdio_ui5_key":"applicationmanagehandovers-display-component---AddNewHO--ObjectPageLayout-anchBar-application-managehandovers-display-component---AddNewHO--section4-anchor"}]}
RESULT: undefined
COMMAND: POST /session/642ad19be169e36e022e3d28efff7052/element - {"using":"xpath","value":"//*[@id=\"application-managehandovers-display-component---AddNewHO--ObjectPageLayout-anchBar-application-managehandovers-display-component---AddNewHO--section4-anchor\"]"}
RESULT: {"using":"xpath","value":"//*[@id=\"application-managehandovers-display-component---AddNewHO--ObjectPageLayout-anchBar-application-managehandovers-display-component---AddNewHO--section4-anchor\"]"}
COMMAND: POST /session/642ad19be169e36e022e3d28efff7052/element/f.21B09363EEE0F7374535FA133A9E79B8.d.EC1624A5EB745F6C2185C09F709654C9.e.4375/click - {}
RESULT: {}
COMMAND: POST /session/642ad19be169e36e022e3d28efff7052/element - {"using":"xpath","value":"//button[@aria-label=\"Add\"]"}
COMMAND: GET /session/642ad19be169e36e022e3d28efff7052/screenshot - {}
RESULT: {"using":"xpath","value":"//button[@aria-label=\"Add\"]"}
COMMAND: POST /session/642ad19be169e36e022e3d28efff7052/element/f.21B09363EEE0F7374535FA133A9E79B8.d.EC1624A5EB745F6C2185C09F709654C9.e.4379/click - {}
RESULT: {}
RESULT: {}
COMMAND: GET /session/642ad19be169e36e022e3d28efff7052/screenshot - {}
RESULT: {}
COMMAND: POST /session/642ad19be169e36e022e3d28efff7052/execute/async - {"script":"<script> [1562 bytes]","args":[{"selector":{"id":"application-managehandovers-display-component---AddNewHO--smartFilterBar-btnBasicSearch","searchOpenDialogs":true,"interaction":{"idSuffix":"I"}},"wdio_ui5_key":"applicationmanagehandovers-display-component---AddNewHO--smartFilterBar-btnBasicSearch"}]}
RESULT: {"script":"<script> [1562 bytes]","args":[{"selector":{"id":"application-managehandovers-display-component---AddNewHO--smartFilterBar-btnBasicSearch","searchOpenDialogs":true,"interaction":{"idSuffix":"I"}},"wdio_ui5_key":"applicationmanagehandovers-display-component---AddNewHO--smartFilterBar-btnBasicSearch"}]}
RESULT: undefined
COMMAND: POST /session/642ad19be169e36e022e3d28efff7052/execute/async - {"script":"<script> [776 bytes]","args":[{"enterText":"QMFQiRZNiu","selector":{"id":"application-managehandovers-display-component---AddNewHO--smartFilterBar-btnBasicSearch","searchOpenDialogs":true,"interaction":{"idSuffix":"I"}},"clearTextFirst":true,"interactionType":"ENTER_TEXT"}]}
RESULT: {"script":"<script> [776 bytes]","args":[{"enterText":"QMFQiRZNiu","selector":{"id":"application-managehandovers-display-component---AddNewHO--smartFilterBar-btnBasicSearch","searchOpenDialogs":true,"interaction":{"idSuffix":"I"}},"clearTextFirst":true,"interactionType":"ENTER_TEXT"}]}
COMMAND: POST /session/642ad19be169e36e022e3d28efff7052/actions - {"actions":[{"id":"action17","type":"key","parameters":{},"actions":[{"type":"keyDown","value":"î€‡"},{"type":"pause","duration":10},{"type":"keyUp","value":"î€‡"}]}]}
RESULT: {"actions":[{"id":"action17","type":"key","parameters":{},"actions":[{"type":"keyDown","value":"î€‡"},{"type":"pause","duration":10},{"type":"keyUp","value":"î€‡"}]}]}
COMMAND: GET /session/642ad19be169e36e022e3d28efff7052/screenshot - {}
RESULT: {}
COMMAND: POST /session/642ad19be169e36e022e3d28efff7052/execute/async - {"script":"<script> [1562 bytes]","args":[{"selector":{"id":"application-managehandovers-display-component---AddNewHO--popup-sa","searchOpenDialogs":true,"interaction":{"idSuffix":"CbBg"}},"wdio_ui5_key":"applicationmanagehandovers-display-component---AddNewHO--popup-sa"}]}
RESULT: {"script":"<script> [1562 bytes]","args":[{"selector":{"id":"application-managehandovers-display-component---AddNewHO--popup-sa","searchOpenDialogs":true,"interaction":{"idSuffix":"CbBg"}},"wdio_ui5_key":"applicationmanagehandovers-display-component---AddNewHO--popup-sa"}]}
RESULT: undefined
COMMAND: POST /session/642ad19be169e36e022e3d28efff7052/element - {"using":"xpath","value":"//*[@id=\"application-managehandovers-display-component---AddNewHO--popup-sa\"]"}
RESULT: {"using":"xpath","value":"//*[@id=\"application-managehandovers-display-component---AddNewHO--popup-sa\"]"}
COMMAND: POST /session/642ad19be169e36e022e3d28efff7052/element/f.21B09363EEE0F7374535FA133A9E79B8.d.EC1624A5EB745F6C2185C09F709654C9.e.4533/click - {}
RESULT: {}
COMMAND: GET /session/642ad19be169e36e022e3d28efff7052/screenshot - {}
RESULT: {}
COMMAND: POST /session/642ad19be169e36e022e3d28efff7052/element - {"using":"xpath","value":"//bdi[contains(text(), \"Select\")]"}
RESULT: {"using":"xpath","value":"//bdi[contains(text(), \"Select\")]"}
COMMAND: POST /session/642ad19be169e36e022e3d28efff7052/element/f.21B09363EEE0F7374535FA133A9E79B8.d.EC1624A5EB745F6C2185C09F709654C9.e.4534/click - {}
RESULT: {}
COMMAND: GET /session/642ad19be169e36e022e3d28efff7052/screenshot - {}
RESULT: {}
COMMAND: POST /session/642ad19be169e36e022e3d28efff7052/element - {"using":"xpath","value":"//button[@data-kt=\"AddNewHOSaveButton\"]"}
RESULT: {"using":"xpath","value":"//button[@data-kt=\"AddNewHOSaveButton\"]"}
COMMAND: POST /session/642ad19be169e36e022e3d28efff7052/element/f.21B09363EEE0F7374535FA133A9E79B8.d.EC1624A5EB745F6C2185C09F709654C9.e.4538/click - {}
RESULT: {}
COMMAND: GET /session/642ad19be169e36e022e3d28efff7052/screenshot - {}
COMMAND: POST /session/642ad19be169e36e022e3d28efff7052/execute/async - {"script":"<script> [1562 bytes]","args":[{"selector":{"id":"receiptDatePicker","viewName":"etm.portal.ui.managehandovers.view.DetailExecuteHO","interaction":{"idSuffix":"inner"}},"wdio_ui5_key":"receiptDatePickeretmportal.ui.managehandovers.view.DetailExecuteHO"}]}
RESULT: {}
RESULT: {"script":"<script> [1562 bytes]","args":[{"selector":{"id":"receiptDatePicker","viewName":"etm.portal.ui.managehandovers.view.DetailExecuteHO","interaction":{"idSuffix":"inner"}},"wdio_ui5_key":"receiptDatePickeretmportal.ui.managehandovers.view.DetailExecuteHO"}]}
RESULT: undefined
COMMAND: POST /session/642ad19be169e36e022e3d28efff7052/execute/async - {"script":"<script> [6424 bytes]","args":[{"element-6066-11e4-a52e-4f735466cecf":"f.21B09363EEE0F7374535FA133A9E79B8.d.EC1624A5EB745F6C2185C09F709654C9.e.4566"},"setValue",["05/05/2025"]]}
RESULT: {"script":"<script> [6424 bytes]","args":[{"element-6066-11e4-a52e-4f735466cecf":"f.21B09363EEE0F7374535FA133A9E79B8.d.EC1624A5EB745F6C2185C09F709654C9.e.4566"},"setValue",["05/05/2025"]]}
COMMAND: POST /session/642ad19be169e36e022e3d28efff7052/element - {"using":"xpath","value":"//button[@data-kt=\"PickingTableConfirmAllButton\"]"}
RESULT: {"using":"xpath","value":"//button[@data-kt=\"PickingTableConfirmAllButton\"]"}
COMMAND: POST /session/642ad19be169e36e022e3d28efff7052/element/f.21B09363EEE0F7374535FA133A9E79B8.d.EC1624A5EB745F6C2185C09F709654C9.e.4583/click - {}
RESULT: {}
COMMAND: GET /session/642ad19be169e36e022e3d28efff7052/screenshot - {}
RESULT: {}
COMMAND: POST /session/642ad19be169e36e022e3d28efff7052/element - {"using":"xpath","value":"//bdi[contains(text(), \"OK\")]"}
RESULT: {"using":"xpath","value":"//bdi[contains(text(), \"OK\")]"}
COMMAND: POST /session/642ad19be169e36e022e3d28efff7052/element/f.21B09363EEE0F7374535FA133A9E79B8.d.EC1624A5EB745F6C2185C09F709654C9.e.4586/click - {}
RESULT: {}
COMMAND: GET /session/642ad19be169e36e022e3d28efff7052/screenshot - {}
RESULT: {}
COMMAND: POST /session/642ad19be169e36e022e3d28efff7052/element - {"using":"xpath","value":"(//bdi[contains(text(), \"Receive\")])[2]"}
RESULT: {"using":"xpath","value":"(//bdi[contains(text(), \"Receive\")])[2]"}
COMMAND: POST /session/642ad19be169e36e022e3d28efff7052/element/f.21B09363EEE0F7374535FA133A9E79B8.d.EC1624A5EB745F6C2185C09F709654C9.e.4587/click - {}
RESULT: {}
COMMAND: GET /session/642ad19be169e36e022e3d28efff7052/screenshot - {}
RESULT: {}
COMMAND: POST /session/642ad19be169e36e022e3d28efff7052/element - {"using":"css selector","value":"#shell-header-logo"}
RESULT: {"using":"css selector","value":"#shell-header-logo"}
COMMAND: POST /session/642ad19be169e36e022e3d28efff7052/element/f.21B09363EEE0F7374535FA133A9E79B8.d.EC1624A5EB745F6C2185C09F709654C9.e.3955/click - {}
RESULT: {}
COMMAND: GET /session/642ad19be169e36e022e3d28efff7052/screenshot - {}
RESULT: {}
]]></system-out>
    </testcase>
    <testcase classname="chrome.135_0_7049_96.windows.Billing_Transfer_-_Master_data_&amp;_Intercompany_US127250" name="Should create a new contract" time="72.352">
      <system-out><![CDATA[
COMMAND: POST /session/642ad19be169e36e022e3d28efff7052/execute/async - {"script":"<script> [1562 bytes]","args":[{"selector":{"controlType":"sap.m.Text","viewName":"etm.portal.ui.managecontractstile.view.Master","properties":{"text":"Manage Contracts"},"interaction":{"idSuffix":"inner"}},"wdio_ui5_key":"etmportal.ui.managecontractstile.view.Mastersap.m.Text{\"text\":\"Manage Contracts\"}"}]}
RESULT: {"script":"<script> [1562 bytes]","args":[{"selector":{"controlType":"sap.m.Text","viewName":"etm.portal.ui.managecontractstile.view.Master","properties":{"text":"Manage Contracts"},"interaction":{"idSuffix":"inner"}},"wdio_ui5_key":"etmportal.ui.managecontractstile.view.Mastersap.m.Text{\"text\":\"Manage Contracts\"}"}]}
RESULT: undefined
COMMAND: POST /session/642ad19be169e36e022e3d28efff7052/element - {"using":"xpath","value":"//*[@id=\"__tile130-title\"]"}
RESULT: {"using":"xpath","value":"//*[@id=\"__tile130-title\"]"}
COMMAND: POST /session/642ad19be169e36e022e3d28efff7052/element/f.21B09363EEE0F7374535FA133A9E79B8.d.EC1624A5EB745F6C2185C09F709654C9.e.4760/click - {}
RESULT: {}
COMMAND: GET /session/642ad19be169e36e022e3d28efff7052/screenshot - {}
RESULT: {}
COMMAND: POST /session/642ad19be169e36e022e3d28efff7052/element - {"using":"xpath","value":"//button[@data-kt=\"addButton\"]"}
RESULT: {"using":"xpath","value":"//button[@data-kt=\"addButton\"]"}
COMMAND: POST /session/642ad19be169e36e022e3d28efff7052/elements - {"using":"xpath","value":"//button[@data-kt=\"addButton\"]"}
RESULT: {"using":"xpath","value":"//button[@data-kt=\"addButton\"]"}
COMMAND: POST /session/642ad19be169e36e022e3d28efff7052/elements - {"using":"xpath","value":"//button[@data-kt=\"addButton\"]"}
RESULT: {"using":"xpath","value":"//button[@data-kt=\"addButton\"]"}
COMMAND: POST /session/642ad19be169e36e022e3d28efff7052/elements - {"using":"xpath","value":"//button[@data-kt=\"addButton\"]"}
RESULT: {"using":"xpath","value":"//button[@data-kt=\"addButton\"]"}
COMMAND: POST /session/642ad19be169e36e022e3d28efff7052/elements - {"using":"xpath","value":"//button[@data-kt=\"addButton\"]"}
RESULT: {"using":"xpath","value":"//button[@data-kt=\"addButton\"]"}
COMMAND: POST /session/642ad19be169e36e022e3d28efff7052/elements - {"using":"xpath","value":"//button[@data-kt=\"addButton\"]"}
RESULT: {"using":"xpath","value":"//button[@data-kt=\"addButton\"]"}
COMMAND: POST /session/642ad19be169e36e022e3d28efff7052/element - {"using":"xpath","value":"//button[@data-kt=\"addButton\"]"}
RESULT: {"using":"xpath","value":"//button[@data-kt=\"addButton\"]"}
COMMAND: POST /session/642ad19be169e36e022e3d28efff7052/execute/sync - {"script":"<script> [8489 bytes]","args":[{"element-6066-11e4-a52e-4f735466cecf":"f.21B09363EEE0F7374535FA133A9E79B8.d.EC1624A5EB745F6C2185C09F709654C9.e.4832","ELEMENT":"f.21B09363EEE0F7374535FA133A9E79B8.d.EC1624A5EB745F6C2185C09F709654C9.e.4832"}]}
RESULT: {"script":"<script> [8489 bytes]","args":[{"element-6066-11e4-a52e-4f735466cecf":"f.21B09363EEE0F7374535FA133A9E79B8.d.EC1624A5EB745F6C2185C09F709654C9.e.4832","ELEMENT":"f.21B09363EEE0F7374535FA133A9E79B8.d.EC1624A5EB745F6C2185C09F709654C9.e.4832"}]}
COMMAND: GET /session/642ad19be169e36e022e3d28efff7052/element/f.21B09363EEE0F7374535FA133A9E79B8.d.EC1624A5EB745F6C2185C09F709654C9.e.4832/enabled - {}
COMMAND: GET /session/642ad19be169e36e022e3d28efff7052/screenshot - {}
RESULT: {}
COMMAND: POST /session/642ad19be169e36e022e3d28efff7052/execute/sync - {"script":"<script> [8489 bytes]","args":[{"element-6066-11e4-a52e-4f735466cecf":"f.21B09363EEE0F7374535FA133A9E79B8.d.EC1624A5EB745F6C2185C09F709654C9.e.4832","ELEMENT":"f.21B09363EEE0F7374535FA133A9E79B8.d.EC1624A5EB745F6C2185C09F709654C9.e.4832"}]}
COMMAND: GET /session/642ad19be169e36e022e3d28efff7052/screenshot - {}
RESULT: {}
RESULT: {"script":"<script> [8489 bytes]","args":[{"element-6066-11e4-a52e-4f735466cecf":"f.21B09363EEE0F7374535FA133A9E79B8.d.EC1624A5EB745F6C2185C09F709654C9.e.4832","ELEMENT":"f.21B09363EEE0F7374535FA133A9E79B8.d.EC1624A5EB745F6C2185C09F709654C9.e.4832"}]}
COMMAND: POST /session/642ad19be169e36e022e3d28efff7052/execute/sync - {"script":"<script> [5351 bytes]","args":[{"element-6066-11e4-a52e-4f735466cecf":"f.21B09363EEE0F7374535FA133A9E79B8.d.EC1624A5EB745F6C2185C09F709654C9.e.4832","ELEMENT":"f.21B09363EEE0F7374535FA133A9E79B8.d.EC1624A5EB745F6C2185C09F709654C9.e.4832"}]}
COMMAND: GET /session/642ad19be169e36e022e3d28efff7052/screenshot - {}
RESULT: {}
RESULT: {"script":"<script> [5351 bytes]","args":[{"element-6066-11e4-a52e-4f735466cecf":"f.21B09363EEE0F7374535FA133A9E79B8.d.EC1624A5EB745F6C2185C09F709654C9.e.4832","ELEMENT":"f.21B09363EEE0F7374535FA133A9E79B8.d.EC1624A5EB745F6C2185C09F709654C9.e.4832"}]}
COMMAND: GET /session/642ad19be169e36e022e3d28efff7052/screenshot - {}
RESULT: {}
RESULT: {}
COMMAND: POST /session/642ad19be169e36e022e3d28efff7052/element/f.21B09363EEE0F7374535FA133A9E79B8.d.EC1624A5EB745F6C2185C09F709654C9.e.4832/click - {}
RESULT: {}
COMMAND: GET /session/642ad19be169e36e022e3d28efff7052/screenshot - {}
RESULT: {}
COMMAND: POST /session/642ad19be169e36e022e3d28efff7052/execute/async - {"script":"<script> [1562 bytes]","args":[{"selector":{"id":"application-managecontracts-display-component---AddNewContract--projectDescription","interaction":{"idSuffix":"inner"}},"wdio_ui5_key":"applicationmanagecontracts-display-component---AddNewContract--projectDescription"}]}
RESULT: {"script":"<script> [1562 bytes]","args":[{"selector":{"id":"application-managecontracts-display-component---AddNewContract--projectDescription","interaction":{"idSuffix":"inner"}},"wdio_ui5_key":"applicationmanagecontracts-display-component---AddNewContract--projectDescription"}]}
RESULT: undefined
COMMAND: POST /session/642ad19be169e36e022e3d28efff7052/execute/async - {"script":"<script> [776 bytes]","args":[{"enterText":"Intercompany Contract WDIO","selector":{"id":"application-managecontracts-display-component---AddNewContract--projectDescription","interaction":{"idSuffix":"inner"}},"clearTextFirst":true,"interactionType":"ENTER_TEXT"}]}
RESULT: {"script":"<script> [776 bytes]","args":[{"enterText":"Intercompany Contract WDIO","selector":{"id":"application-managecontracts-display-component---AddNewContract--projectDescription","interaction":{"idSuffix":"inner"}},"clearTextFirst":true,"interactionType":"ENTER_TEXT"}]}
COMMAND: POST /session/642ad19be169e36e022e3d28efff7052/element - {"using":"xpath","value":"//input[@id=\"application-managecontracts-display-component---AddNewContract--site-inner\"]"}
RESULT: {"using":"xpath","value":"//input[@id=\"application-managecontracts-display-component---AddNewContract--site-inner\"]"}
COMMAND: POST /session/642ad19be169e36e022e3d28efff7052/element/f.21B09363EEE0F7374535FA133A9E79B8.d.EC1624A5EB745F6C2185C09F709654C9.e.5293/clear - {}
RESULT: {}
COMMAND: POST /session/642ad19be169e36e022e3d28efff7052/element/f.21B09363EEE0F7374535FA133A9E79B8.d.EC1624A5EB745F6C2185C09F709654C9.e.5293/value - {"text":"2432"}
COMMAND: GET /session/642ad19be169e36e022e3d28efff7052/screenshot - {}
RESULT: {"text":"2432"}
COMMAND: GET /session/642ad19be169e36e022e3d28efff7052/screenshot - {}
RESULT: {}
RESULT: {}
COMMAND: POST /session/642ad19be169e36e022e3d28efff7052/element - {"using":"xpath","value":"//li[.//span[text()='2432']]"}
RESULT: {"using":"xpath","value":"//li[.//span[text()='2432']]"}
COMMAND: POST /session/642ad19be169e36e022e3d28efff7052/element/f.21B09363EEE0F7374535FA133A9E79B8.d.EC1624A5EB745F6C2185C09F709654C9.e.5316/click - {}
RESULT: {}
COMMAND: GET /session/642ad19be169e36e022e3d28efff7052/screenshot - {}
RESULT: {}
COMMAND: POST /session/642ad19be169e36e022e3d28efff7052/element - {"using":"xpath","value":"//input[@id=\"application-managecontracts-display-component---AddNewContract--yardId-inner\"]"}
RESULT: {"using":"xpath","value":"//input[@id=\"application-managecontracts-display-component---AddNewContract--yardId-inner\"]"}
COMMAND: GET /session/642ad19be169e36e022e3d28efff7052/element/f.21B09363EEE0F7374535FA133A9E79B8.d.EC1624A5EB745F6C2185C09F709654C9.e.5294/property/value - {}
RESULT: {}
COMMAND: POST /session/642ad19be169e36e022e3d28efff7052/element - {"using":"xpath","value":"//input[@id=\"application-managecontracts-display-component---AddNewContract--customerSelect-inner\"]"}
COMMAND: GET /session/642ad19be169e36e022e3d28efff7052/screenshot - {}
RESULT: {"using":"xpath","value":"//input[@id=\"application-managecontracts-display-component---AddNewContract--customerSelect-inner\"]"}
COMMAND: POST /session/642ad19be169e36e022e3d28efff7052/element/f.21B09363EEE0F7374535FA133A9E79B8.d.EC1624A5EB745F6C2185C09F709654C9.e.5292/clear - {}
RESULT: {}
RESULT: {}
COMMAND: POST /session/642ad19be169e36e022e3d28efff7052/element/f.21B09363EEE0F7374535FA133A9E79B8.d.EC1624A5EB745F6C2185C09F709654C9.e.5292/value - {"text":"1470"}
COMMAND: GET /session/642ad19be169e36e022e3d28efff7052/screenshot - {}
RESULT: {"text":"1470"}
COMMAND: GET /session/642ad19be169e36e022e3d28efff7052/screenshot - {}
RESULT: {}
RESULT: {}
COMMAND: POST /session/642ad19be169e36e022e3d28efff7052/element - {"using":"xpath","value":"//li[.//span[text()='1470']]"}
RESULT: {"using":"xpath","value":"//li[.//span[text()='1470']]"}
COMMAND: POST /session/642ad19be169e36e022e3d28efff7052/element/f.21B09363EEE0F7374535FA133A9E79B8.d.EC1624A5EB745F6C2185C09F709654C9.e.5319/click - {}
RESULT: {}
COMMAND: GET /session/642ad19be169e36e022e3d28efff7052/screenshot - {}
RESULT: {}
COMMAND: POST /session/642ad19be169e36e022e3d28efff7052/element - {"using":"xpath","value":"//button[@data-kt=\"saveButton\"]"}
RESULT: {"using":"xpath","value":"//button[@data-kt=\"saveButton\"]"}
COMMAND: POST /session/642ad19be169e36e022e3d28efff7052/element/f.21B09363EEE0F7374535FA133A9E79B8.d.EC1624A5EB745F6C2185C09F709654C9.e.5307/click - {}
RESULT: {}
COMMAND: GET /session/642ad19be169e36e022e3d28efff7052/screenshot - {}
RESULT: {}
COMMAND: POST /session/642ad19be169e36e022e3d28efff7052/element - {"using":"xpath","value":"//span[contains(@id ,\"contractDetailTitleNoExpanded\")]"}
RESULT: {"using":"xpath","value":"//span[contains(@id ,\"contractDetailTitleNoExpanded\")]"}
COMMAND: POST /session/642ad19be169e36e022e3d28efff7052/elements - {"using":"xpath","value":"//span[contains(@id ,\"contractDetailTitleNoExpanded\")]"}
RESULT: {"using":"xpath","value":"//span[contains(@id ,\"contractDetailTitleNoExpanded\")]"}
COMMAND: POST /session/642ad19be169e36e022e3d28efff7052/execute/sync - {"script":"<script> [56 bytes]","args":[{"element-6066-11e4-a52e-4f735466cecf":"f.21B09363EEE0F7374535FA133A9E79B8.d.EC1624A5EB745F6C2185C09F709654C9.e.5391","ELEMENT":"f.21B09363EEE0F7374535FA133A9E79B8.d.EC1624A5EB745F6C2185C09F709654C9.e.5391"}]}
RESULT: {"script":"<script> [56 bytes]","args":[{"element-6066-11e4-a52e-4f735466cecf":"f.21B09363EEE0F7374535FA133A9E79B8.d.EC1624A5EB745F6C2185C09F709654C9.e.5391","ELEMENT":"f.21B09363EEE0F7374535FA133A9E79B8.d.EC1624A5EB745F6C2185C09F709654C9.e.5391"}]}
COMMAND: GET /session/642ad19be169e36e022e3d28efff7052/screenshot - {}
RESULT: {}
]]></system-out>
    </testcase>
    <testcase classname="chrome.135_0_7049_96.windows.Billing_Transfer_-_Master_data_&amp;_Intercompany_US127250" name="Should add equipment to the contract" time="49.873">
      <system-out><![CDATA[
COMMAND: POST /session/642ad19be169e36e022e3d28efff7052/element - {"using":"xpath","value":"//button[@data-kt=\"contractDetailEditBtnButton\"]"}
RESULT: {"using":"xpath","value":"//button[@data-kt=\"contractDetailEditBtnButton\"]"}
COMMAND: POST /session/642ad19be169e36e022e3d28efff7052/element/f.21B09363EEE0F7374535FA133A9E79B8.d.EC1624A5EB745F6C2185C09F709654C9.e.5393/click - {}
RESULT: {}
COMMAND: GET /session/642ad19be169e36e022e3d28efff7052/screenshot - {}
RESULT: {}
COMMAND: POST /session/642ad19be169e36e022e3d28efff7052/element - {"using":"xpath","value":"(//span[contains(text(), \"Additional Addresses\")])[2]"}
RESULT: {"using":"xpath","value":"(//span[contains(text(), \"Additional Addresses\")])[2]"}
COMMAND: POST /session/642ad19be169e36e022e3d28efff7052/element/f.21B09363EEE0F7374535FA133A9E79B8.d.EC1624A5EB745F6C2185C09F709654C9.e.5451/click - {}
RESULT: {}
COMMAND: GET /session/642ad19be169e36e022e3d28efff7052/screenshot - {}
RESULT: {}
COMMAND: POST /session/642ad19be169e36e022e3d28efff7052/element - {"using":"xpath","value":"//button[@data-kt=\"btnAddTableRowOverflowToolbarButton\"]"}
RESULT: {"using":"xpath","value":"//button[@data-kt=\"btnAddTableRowOverflowToolbarButton\"]"}
COMMAND: POST /session/642ad19be169e36e022e3d28efff7052/element/f.21B09363EEE0F7374535FA133A9E79B8.d.EC1624A5EB745F6C2185C09F709654C9.e.5454/click - {}
RESULT: {}
COMMAND: GET /session/642ad19be169e36e022e3d28efff7052/screenshot - {}
RESULT: {}
COMMAND: POST /session/642ad19be169e36e022e3d28efff7052/element - {"using":"xpath","value":"//div[(text() = 'Standard Entry' or . = 'Standard Entry')]"}
RESULT: {"using":"xpath","value":"//div[(text() = 'Standard Entry' or . = 'Standard Entry')]"}
COMMAND: POST /session/642ad19be169e36e022e3d28efff7052/element/f.21B09363EEE0F7374535FA133A9E79B8.d.EC1624A5EB745F6C2185C09F709654C9.e.5456/click - {}
RESULT: {}
COMMAND: GET /session/642ad19be169e36e022e3d28efff7052/screenshot - {}
RESULT: {}
COMMAND: POST /session/642ad19be169e36e022e3d28efff7052/element - {"using":"xpath","value":"//td[7]/div/div/input"}
RESULT: {"using":"xpath","value":"//td[7]/div/div/input"}
COMMAND: POST /session/642ad19be169e36e022e3d28efff7052/element/f.21B09363EEE0F7374535FA133A9E79B8.d.EC1624A5EB745F6C2185C09F709654C9.e.5465/clear - {}
RESULT: {}
COMMAND: POST /session/642ad19be169e36e022e3d28efff7052/element/f.21B09363EEE0F7374535FA133A9E79B8.d.EC1624A5EB745F6C2185C09F709654C9.e.5465/value - {"text":"QMFQiRZNiu"}
COMMAND: GET /session/642ad19be169e36e022e3d28efff7052/screenshot - {}
RESULT: {"text":"QMFQiRZNiu"}
COMMAND: GET /session/642ad19be169e36e022e3d28efff7052/screenshot - {}
RESULT: {}
RESULT: {}
COMMAND: POST /session/642ad19be169e36e022e3d28efff7052/actions - {"actions":[{"id":"action18","type":"key","parameters":{},"actions":[{"type":"keyDown","value":"î€‡"},{"type":"pause","duration":10},{"type":"keyUp","value":"î€‡"}]}]}
RESULT: {"actions":[{"id":"action18","type":"key","parameters":{},"actions":[{"type":"keyDown","value":"î€‡"},{"type":"pause","duration":10},{"type":"keyUp","value":"î€‡"}]}]}
COMMAND: GET /session/642ad19be169e36e022e3d28efff7052/screenshot - {}
RESULT: {}
COMMAND: POST /session/642ad19be169e36e022e3d28efff7052/execute/sync - {"script":"<script> [276 bytes]","args":["No pricing information was found"]}
RESULT: {"script":"<script> [276 bytes]","args":["No pricing information was found"]}
COMMAND: POST /session/642ad19be169e36e022e3d28efff7052/element - {"using":"xpath","value":"(//button[@data-kt=\"saveButton\"])[2]"}
COMMAND: GET /session/642ad19be169e36e022e3d28efff7052/screenshot - {}
RESULT: {"using":"xpath","value":"(//button[@data-kt=\"saveButton\"])[2]"}
COMMAND: POST /session/642ad19be169e36e022e3d28efff7052/element/f.21B09363EEE0F7374535FA133A9E79B8.d.EC1624A5EB745F6C2185C09F709654C9.e.5480/click - {}
RESULT: {}
RESULT: {}
COMMAND: GET /session/642ad19be169e36e022e3d28efff7052/screenshot - {}
RESULT: {}
COMMAND: POST /session/642ad19be169e36e022e3d28efff7052/execute/sync - {"script":"<script> [276 bytes]","args":["Some contract items are having rental validity exceeding header rental validity"]}
RESULT: {"script":"<script> [276 bytes]","args":["Some contract items are having rental validity exceeding header rental validity"]}
COMMAND: GET /session/642ad19be169e36e022e3d28efff7052/screenshot - {}
RESULT: {}
COMMAND: POST /session/642ad19be169e36e022e3d28efff7052/element - {"using":"xpath","value":"//span[contains(@id ,\"contractItemsSmartTable-header-inner\")]"}
RESULT: {"using":"xpath","value":"//span[contains(@id ,\"contractItemsSmartTable-header-inner\")]"}
COMMAND: POST /session/642ad19be169e36e022e3d28efff7052/elements - {"using":"xpath","value":"//span[contains(@id ,\"contractItemsSmartTable-header-inner\")]"}
RESULT: {"using":"xpath","value":"//span[contains(@id ,\"contractItemsSmartTable-header-inner\")]"}
COMMAND: POST /session/642ad19be169e36e022e3d28efff7052/execute/sync - {"script":"<script> [56 bytes]","args":[{"element-6066-11e4-a52e-4f735466cecf":"f.21B09363EEE0F7374535FA133A9E79B8.d.EC1624A5EB745F6C2185C09F709654C9.e.5486","ELEMENT":"f.21B09363EEE0F7374535FA133A9E79B8.d.EC1624A5EB745F6C2185C09F709654C9.e.5486"}]}
RESULT: {"script":"<script> [56 bytes]","args":[{"element-6066-11e4-a52e-4f735466cecf":"f.21B09363EEE0F7374535FA133A9E79B8.d.EC1624A5EB745F6C2185C09F709654C9.e.5486","ELEMENT":"f.21B09363EEE0F7374535FA133A9E79B8.d.EC1624A5EB745F6C2185C09F709654C9.e.5486"}]}
]]></system-out>
    </testcase>
    <testcase classname="chrome.135_0_7049_96.windows.Billing_Transfer_-_Master_data_&amp;_Intercompany_US127250" name="Should do a provide to site handover" time="63.313">
      <system-out><![CDATA[
COMMAND: POST /session/642ad19be169e36e022e3d28efff7052/element - {"using":"xpath","value":"//button[@data-kt=\"provideButton\"]"}
COMMAND: GET /session/642ad19be169e36e022e3d28efff7052/screenshot - {}
RESULT: {"using":"xpath","value":"//button[@data-kt=\"provideButton\"]"}
COMMAND: POST /session/642ad19be169e36e022e3d28efff7052/element/f.21B09363EEE0F7374535FA133A9E79B8.d.EC1624A5EB745F6C2185C09F709654C9.e.5487/click - {}
RESULT: {}
RESULT: {}
COMMAND: GET /session/642ad19be169e36e022e3d28efff7052/screenshot - {}
RESULT: undefined
COMMAND: POST /session/642ad19be169e36e022e3d28efff7052/execute/async - {"script":"<script> [6424 bytes]","args":[{"element-6066-11e4-a52e-4f735466cecf":"f.21B09363EEE0F7374535FA133A9E79B8.d.EC1624A5EB745F6C2185C09F709654C9.e.4351"},"setValue",["05/05/2025"]]}
RESULT: {}
COMMAND: POST /session/642ad19be169e36e022e3d28efff7052/execute/async - {"script":"<script> [1562 bytes]","args":[{"selector":{"id":"application-managehandovers-display-component---AddNewHO--dueDate","interaction":{"idSuffix":"inner"}},"wdio_ui5_key":"applicationmanagehandovers-display-component---AddNewHO--dueDate"}]}
RESULT: {"script":"<script> [1562 bytes]","args":[{"selector":{"id":"application-managehandovers-display-component---AddNewHO--dueDate","interaction":{"idSuffix":"inner"}},"wdio_ui5_key":"applicationmanagehandovers-display-component---AddNewHO--dueDate"}]}
COMMAND: POST /session/642ad19be169e36e022e3d28efff7052/execute/async - {"script":"<script> [6424 bytes]","args":[{"element-6066-11e4-a52e-4f735466cecf":"f.21B09363EEE0F7374535FA133A9E79B8.d.EC1624A5EB745F6C2185C09F709654C9.e.5563"},"setValue",["05/05/2025"]]}
RESULT: {"script":"<script> [6424 bytes]","args":[{"element-6066-11e4-a52e-4f735466cecf":"f.21B09363EEE0F7374535FA133A9E79B8.d.EC1624A5EB745F6C2185C09F709654C9.e.5563"},"setValue",["05/05/2025"]]}
COMMAND: POST /session/642ad19be169e36e022e3d28efff7052/element - {"using":"xpath","value":"//bdi[contains(text(), \"Instructions\")]"}
RESULT: {"using":"xpath","value":"//bdi[contains(text(), \"Instructions\")]"}
COMMAND: POST /session/642ad19be169e36e022e3d28efff7052/element/f.21B09363EEE0F7374535FA133A9E79B8.d.EC1624A5EB745F6C2185C09F709654C9.e.5810/click - {}
RESULT: {}
COMMAND: GET /session/642ad19be169e36e022e3d28efff7052/screenshot - {}
RESULT: {}
COMMAND: POST /session/642ad19be169e36e022e3d28efff7052/element - {"using":"xpath","value":"//button[@data-kt=\"AddNewHOProvideAddItemsButton\"]"}
RESULT: {"using":"xpath","value":"//button[@data-kt=\"AddNewHOProvideAddItemsButton\"]"}
COMMAND: POST /session/642ad19be169e36e022e3d28efff7052/element/f.21B09363EEE0F7374535FA133A9E79B8.d.EC1624A5EB745F6C2185C09F709654C9.e.5814/click - {}
RESULT: {}
COMMAND: GET /session/642ad19be169e36e022e3d28efff7052/screenshot - {}
RESULT: {}
RESULT: undefined
COMMAND: POST /session/642ad19be169e36e022e3d28efff7052/element - {"using":"xpath","value":"//*[@id=\"application-managehandovers-display-component---AddNewHO--popup-sa\"]"}
RESULT: {"using":"xpath","value":"//*[@id=\"application-managehandovers-display-component---AddNewHO--popup-sa\"]"}
COMMAND: POST /session/642ad19be169e36e022e3d28efff7052/element/f.21B09363EEE0F7374535FA133A9E79B8.d.EC1624A5EB745F6C2185C09F709654C9.e.5830/click - {}
RESULT: {}
COMMAND: GET /session/642ad19be169e36e022e3d28efff7052/screenshot - {}
RESULT: {}
COMMAND: POST /session/642ad19be169e36e022e3d28efff7052/element - {"using":"xpath","value":"//*[contains(@id ,\"BDI-content\")][contains(text(), \"Select\")]"}
RESULT: {"using":"xpath","value":"//*[contains(@id ,\"BDI-content\")][contains(text(), \"Select\")]"}
COMMAND: POST /session/642ad19be169e36e022e3d28efff7052/element/f.21B09363EEE0F7374535FA133A9E79B8.d.EC1624A5EB745F6C2185C09F709654C9.e.5832/click - {}
RESULT: {}
COMMAND: GET /session/642ad19be169e36e022e3d28efff7052/screenshot - {}
RESULT: {}
COMMAND: POST /session/642ad19be169e36e022e3d28efff7052/execute/async - {"script":"<script> [1562 bytes]","args":[{"selector":{"id":"application-managehandovers-display-component---AddNewHO--confirmCreationButton","interaction":{"idSuffix":"BDI-content"}},"wdio_ui5_key":"applicationmanagehandovers-display-component---AddNewHO--confirmCreationButton"}]}
RESULT: {"script":"<script> [1562 bytes]","args":[{"selector":{"id":"application-managehandovers-display-component---AddNewHO--confirmCreationButton","interaction":{"idSuffix":"BDI-content"}},"wdio_ui5_key":"applicationmanagehandovers-display-component---AddNewHO--confirmCreationButton"}]}
RESULT: undefined
COMMAND: POST /session/642ad19be169e36e022e3d28efff7052/element - {"using":"xpath","value":"//*[@id=\"application-managehandovers-display-component---AddNewHO--confirmCreationButton\"]"}
RESULT: {"using":"xpath","value":"//*[@id=\"application-managehandovers-display-component---AddNewHO--confirmCreationButton\"]"}
COMMAND: POST /session/642ad19be169e36e022e3d28efff7052/element/f.21B09363EEE0F7374535FA133A9E79B8.d.EC1624A5EB745F6C2185C09F709654C9.e.5611/click - {}
RESULT: {}
COMMAND: GET /session/642ad19be169e36e022e3d28efff7052/screenshot - {}
RESULT: {}
COMMAND: POST /session/642ad19be169e36e022e3d28efff7052/element - {"using":"xpath","value":"//button[@data-kt=\"PickingTableConfirmAllButton\"]"}
RESULT: {"using":"xpath","value":"//button[@data-kt=\"PickingTableConfirmAllButton\"]"}
COMMAND: POST /session/642ad19be169e36e022e3d28efff7052/elements - {"using":"xpath","value":"//button[@data-kt=\"PickingTableConfirmAllButton\"]"}
RESULT: {"using":"xpath","value":"//button[@data-kt=\"PickingTableConfirmAllButton\"]"}
COMMAND: POST /session/642ad19be169e36e022e3d28efff7052/elements - {"using":"xpath","value":"//button[@data-kt=\"PickingTableConfirmAllButton\"]"}
RESULT: {"using":"xpath","value":"//button[@data-kt=\"PickingTableConfirmAllButton\"]"}
COMMAND: POST /session/642ad19be169e36e022e3d28efff7052/elements - {"using":"xpath","value":"//button[@data-kt=\"PickingTableConfirmAllButton\"]"}
RESULT: {"using":"xpath","value":"//button[@data-kt=\"PickingTableConfirmAllButton\"]"}
COMMAND: POST /session/642ad19be169e36e022e3d28efff7052/elements - {"using":"xpath","value":"//button[@data-kt=\"PickingTableConfirmAllButton\"]"}
RESULT: {"using":"xpath","value":"//button[@data-kt=\"PickingTableConfirmAllButton\"]"}
COMMAND: POST /session/642ad19be169e36e022e3d28efff7052/element - {"using":"xpath","value":"//button[@data-kt=\"PickingTableConfirmAllButton\"]"}
RESULT: {"using":"xpath","value":"//button[@data-kt=\"PickingTableConfirmAllButton\"]"}
COMMAND: POST /session/642ad19be169e36e022e3d28efff7052/element/f.21B09363EEE0F7374535FA133A9E79B8.d.EC1624A5EB745F6C2185C09F709654C9.e.5870/click - {}
COMMAND: POST /session/642ad19be169e36e022e3d28efff7052/element - {"using":"xpath","value":"//button[@data-kt=\"PickingTableConfirmAllButton\"]"}
RESULT: {"using":"xpath","value":"//button[@data-kt=\"PickingTableConfirmAllButton\"]"}
COMMAND: POST /session/642ad19be169e36e022e3d28efff7052/element/f.21B09363EEE0F7374535FA133A9E79B8.d.EC1624A5EB745F6C2185C09F709654C9.e.5870/click - {}
COMMAND: POST /session/642ad19be169e36e022e3d28efff7052/element - {"using":"xpath","value":"//button[@data-kt=\"PickingTableConfirmAllButton\"]"}
RESULT: {"using":"xpath","value":"//button[@data-kt=\"PickingTableConfirmAllButton\"]"}
COMMAND: POST /session/642ad19be169e36e022e3d28efff7052/element/f.21B09363EEE0F7374535FA133A9E79B8.d.EC1624A5EB745F6C2185C09F709654C9.e.5891/click - {}
RESULT: {}
COMMAND: GET /session/642ad19be169e36e022e3d28efff7052/screenshot - {}
RESULT: {}
COMMAND: POST /session/642ad19be169e36e022e3d28efff7052/element - {"using":"xpath","value":"//bdi[contains(text(), \"OK\")]"}
RESULT: {"using":"xpath","value":"//bdi[contains(text(), \"OK\")]"}
COMMAND: POST /session/642ad19be169e36e022e3d28efff7052/element/f.21B09363EEE0F7374535FA133A9E79B8.d.EC1624A5EB745F6C2185C09F709654C9.e.5895/click - {}
RESULT: {}
COMMAND: GET /session/642ad19be169e36e022e3d28efff7052/screenshot - {}
RESULT: {}
COMMAND: POST /session/642ad19be169e36e022e3d28efff7052/element - {"using":"xpath","value":"//bdi[contains(text(), \"Issue\")]"}
RESULT: {"using":"xpath","value":"//bdi[contains(text(), \"Issue\")]"}
COMMAND: POST /session/642ad19be169e36e022e3d28efff7052/element/f.21B09363EEE0F7374535FA133A9E79B8.d.EC1624A5EB745F6C2185C09F709654C9.e.5897/click - {}
RESULT: {}
COMMAND: GET /session/642ad19be169e36e022e3d28efff7052/screenshot - {}
RESULT: {}
COMMAND: POST /session/642ad19be169e36e022e3d28efff7052/element - {"using":"css selector","value":"#shell-header-logo"}
RESULT: {"using":"css selector","value":"#shell-header-logo"}
COMMAND: POST /session/642ad19be169e36e022e3d28efff7052/element/f.21B09363EEE0F7374535FA133A9E79B8.d.EC1624A5EB745F6C2185C09F709654C9.e.4763/click - {}
RESULT: {}
COMMAND: GET /session/642ad19be169e36e022e3d28efff7052/screenshot - {}
RESULT: {}
]]></system-out>
    </testcase>
    <testcase classname="chrome.135_0_7049_96.windows.Billing_Transfer_-_Master_data_&amp;_Intercompany_US127250" name="Should go navigate to Manage Billings and trigger contract calculation check result" time="68.756">
      <system-out><![CDATA[
COMMAND: POST /session/642ad19be169e36e022e3d28efff7052/execute/async - {"script":"<script> [1562 bytes]","args":[{"selector":{"controlType":"sap.m.GenericTile","properties":{"header":"Manage Billings"}},"wdio_ui5_key":"sapm.GenericTile{\"header\":\"Manage Billings\"}"}]}
RESULT: {"script":"<script> [1562 bytes]","args":[{"selector":{"controlType":"sap.m.GenericTile","properties":{"header":"Manage Billings"}},"wdio_ui5_key":"sapm.GenericTile{\"header\":\"Manage Billings\"}"}]}
RESULT: undefined
COMMAND: POST /session/642ad19be169e36e022e3d28efff7052/element - {"using":"xpath","value":"//*[@id=\"__tile91\"]"}
RESULT: {"using":"xpath","value":"//*[@id=\"__tile91\"]"}
COMMAND: POST /session/642ad19be169e36e022e3d28efff7052/element/f.21B09363EEE0F7374535FA133A9E79B8.d.EC1624A5EB745F6C2185C09F709654C9.e.2923/click - {}
RESULT: {}
COMMAND: GET /session/642ad19be169e36e022e3d28efff7052/screenshot - {}
RESULT: {}
COMMAND: POST /session/642ad19be169e36e022e3d28efff7052/execute/async - {"script":"<script> [1562 bytes]","args":[{"selector":{"id":"application-managebillings-display-component---billRunCalcResult--smartFilterBar-btnBasicSearch","interaction":{"idSuffix":"I"}},"wdio_ui5_key":"applicationmanagebillings-display-component---billRunCalcResult--smartFilterBar-btnBasicSearch"}]}
RESULT: {"script":"<script> [1562 bytes]","args":[{"selector":{"id":"application-managebillings-display-component---billRunCalcResult--smartFilterBar-btnBasicSearch","interaction":{"idSuffix":"I"}},"wdio_ui5_key":"applicationmanagebillings-display-component---billRunCalcResult--smartFilterBar-btnBasicSearch"}]}
RESULT: undefined
COMMAND: POST /session/642ad19be169e36e022e3d28efff7052/execute/async - {"script":"<script> [776 bytes]","args":[{"enterText":"10546","selector":{"id":"application-managebillings-display-component---billRunCalcResult--smartFilterBar-btnBasicSearch","interaction":{"idSuffix":"I"}},"clearTextFirst":true,"interactionType":"ENTER_TEXT"}]}
RESULT: {"script":"<script> [776 bytes]","args":[{"enterText":"10546","selector":{"id":"application-managebillings-display-component---billRunCalcResult--smartFilterBar-btnBasicSearch","interaction":{"idSuffix":"I"}},"clearTextFirst":true,"interactionType":"ENTER_TEXT"}]}
COMMAND: POST /session/642ad19be169e36e022e3d28efff7052/actions - {"actions":[{"id":"action19","type":"key","parameters":{},"actions":[{"type":"keyDown","value":"î€‡"},{"type":"pause","duration":10},{"type":"keyUp","value":"î€‡"}]}]}
RESULT: {"actions":[{"id":"action19","type":"key","parameters":{},"actions":[{"type":"keyDown","value":"î€‡"},{"type":"pause","duration":10},{"type":"keyUp","value":"î€‡"}]}]}
COMMAND: GET /session/642ad19be169e36e022e3d28efff7052/screenshot - {}
RESULT: {}
COMMAND: POST /session/642ad19be169e36e022e3d28efff7052/element - {"using":"xpath","value":"//td[@aria-colindex=\"1\"]/div/div[contains(@class, \"sapMCbBg\")]"}
RESULT: {"using":"xpath","value":"//td[@aria-colindex=\"1\"]/div/div[contains(@class, \"sapMCbBg\")]"}
COMMAND: POST /session/642ad19be169e36e022e3d28efff7052/element/f.21B09363EEE0F7374535FA133A9E79B8.d.EC1624A5EB745F6C2185C09F709654C9.e.6296/click - {}
RESULT: {}
COMMAND: GET /session/642ad19be169e36e022e3d28efff7052/screenshot - {}
RESULT: {}
COMMAND: POST /session/642ad19be169e36e022e3d28efff7052/execute/async - {"script":"<script> [1562 bytes]","args":[{"selector":{"id":"application-managebillings-display-component---billRunCalcResult--contractBillRunDate","interaction":{"idSuffix":"inner"}},"wdio_ui5_key":"applicationmanagebillings-display-component---billRunCalcResult--contractBillRunDate"}]}
RESULT: {"script":"<script> [1562 bytes]","args":[{"selector":{"id":"application-managebillings-display-component---billRunCalcResult--contractBillRunDate","interaction":{"idSuffix":"inner"}},"wdio_ui5_key":"applicationmanagebillings-display-component---billRunCalcResult--contractBillRunDate"}]}
RESULT: undefined
COMMAND: POST /session/642ad19be169e36e022e3d28efff7052/execute/async - {"script":"<script> [776 bytes]","args":[{"enterText":"06/05/25","selector":{"id":"application-managebillings-display-component---billRunCalcResult--contractBillRunDate","interaction":{"idSuffix":"inner"}},"clearTextFirst":true,"interactionType":"ENTER_TEXT"}]}
RESULT: {"script":"<script> [776 bytes]","args":[{"enterText":"06/05/25","selector":{"id":"application-managebillings-display-component---billRunCalcResult--contractBillRunDate","interaction":{"idSuffix":"inner"}},"clearTextFirst":true,"interactionType":"ENTER_TEXT"}]}
COMMAND: POST /session/642ad19be169e36e022e3d28efff7052/element - {"using":"xpath","value":"//bdi[contains(text(), \"Trigger Calculation\")]"}
RESULT: {"using":"xpath","value":"//bdi[contains(text(), \"Trigger Calculation\")]"}
COMMAND: POST /session/642ad19be169e36e022e3d28efff7052/element/f.21B09363EEE0F7374535FA133A9E79B8.d.EC1624A5EB745F6C2185C09F709654C9.e.6347/click - {}
RESULT: {}
COMMAND: GET /session/642ad19be169e36e022e3d28efff7052/screenshot - {}
RESULT: {}
COMMAND: POST /session/642ad19be169e36e022e3d28efff7052/element - {"using":"xpath","value":"(//span[contains(@id, \"imgNav\")])[1]"}
RESULT: {"using":"xpath","value":"(//span[contains(@id, \"imgNav\")])[1]"}
COMMAND: POST /session/642ad19be169e36e022e3d28efff7052/element/f.21B09363EEE0F7374535FA133A9E79B8.d.EC1624A5EB745F6C2185C09F709654C9.e.6297/click - {}
RESULT: {}
COMMAND: GET /session/642ad19be169e36e022e3d28efff7052/screenshot - {}
RESULT: {}
COMMAND: POST /session/642ad19be169e36e022e3d28efff7052/element - {"using":"xpath","value":"//tr/td[6]/div[1]/span[1]/span[1]"}
RESULT: {"using":"xpath","value":"//tr/td[6]/div[1]/span[1]/span[1]"}
COMMAND: GET /session/642ad19be169e36e022e3d28efff7052/element/f.21B09363EEE0F7374535FA133A9E79B8.d.EC1624A5EB745F6C2185C09F709654C9.e.6352/text - {}
RESULT: {}
COMMAND: POST /session/642ad19be169e36e022e3d28efff7052/element - {"using":"xpath","value":"(//span[contains(@id, \"imgNav\")])[2]"}
RESULT: {"using":"xpath","value":"(//span[contains(@id, \"imgNav\")])[2]"}
COMMAND: POST /session/642ad19be169e36e022e3d28efff7052/element/f.21B09363EEE0F7374535FA133A9E79B8.d.EC1624A5EB745F6C2185C09F709654C9.e.6353/click - {}
RESULT: {}
COMMAND: POST /session/642ad19be169e36e022e3d28efff7052/element - {"using":"xpath","value":"//bdi[contains(text(), \"Business Confirm\")]"}
COMMAND: GET /session/642ad19be169e36e022e3d28efff7052/screenshot - {}
RESULT: {"using":"xpath","value":"//bdi[contains(text(), \"Business Confirm\")]"}
COMMAND: POST /session/642ad19be169e36e022e3d28efff7052/elements - {"using":"xpath","value":"//bdi[contains(text(), \"Business Confirm\")]"}
RESULT: {}
RESULT: {"using":"xpath","value":"//bdi[contains(text(), \"Business Confirm\")]"}
COMMAND: POST /session/642ad19be169e36e022e3d28efff7052/element - {"using":"xpath","value":"//bdi[contains(text(), \"Business Confirm\")]"}
RESULT: {"using":"xpath","value":"//bdi[contains(text(), \"Business Confirm\")]"}
COMMAND: POST /session/642ad19be169e36e022e3d28efff7052/element/f.21B09363EEE0F7374535FA133A9E79B8.d.EC1624A5EB745F6C2185C09F709654C9.e.6356/click - {}
COMMAND: POST /session/642ad19be169e36e022e3d28efff7052/element - {"using":"xpath","value":"//bdi[contains(text(), \"Business Confirm\")]"}
RESULT: {"using":"xpath","value":"//bdi[contains(text(), \"Business Confirm\")]"}
COMMAND: POST /session/642ad19be169e36e022e3d28efff7052/element/f.21B09363EEE0F7374535FA133A9E79B8.d.EC1624A5EB745F6C2185C09F709654C9.e.6356/click - {}
COMMAND: POST /session/642ad19be169e36e022e3d28efff7052/element - {"using":"xpath","value":"//bdi[contains(text(), \"Business Confirm\")]"}
RESULT: {"using":"xpath","value":"//bdi[contains(text(), \"Business Confirm\")]"}
COMMAND: POST /session/642ad19be169e36e022e3d28efff7052/element/f.21B09363EEE0F7374535FA133A9E79B8.d.EC1624A5EB745F6C2185C09F709654C9.e.6408/click - {}
RESULT: {}
COMMAND: POST /session/642ad19be169e36e022e3d28efff7052/element - {"using":"css selector","value":"#shell-header-logo"}
COMMAND: GET /session/642ad19be169e36e022e3d28efff7052/screenshot - {}
RESULT: {"using":"css selector","value":"#shell-header-logo"}
COMMAND: POST /session/642ad19be169e36e022e3d28efff7052/element/f.21B09363EEE0F7374535FA133A9E79B8.d.EC1624A5EB745F6C2185C09F709654C9.e.6079/click - {}
RESULT: {}
RESULT: {}
COMMAND: GET /session/642ad19be169e36e022e3d28efff7052/screenshot - {}
RESULT: {}
]]></system-out>
    </testcase>
    <testcase classname="chrome.135_0_7049_96.windows.Billing_Transfer_-_Master_data_&amp;_Intercompany_US127250" name="Should do Billing Transfer all the way into invoice open for intercompany case" time="93.673">
      <system-out><![CDATA[
COMMAND: POST /session/642ad19be169e36e022e3d28efff7052/execute/async - {"script":"<script> [1562 bytes]","args":[{"selector":{"controlType":"sap.m.GenericTile","properties":{"header":"Billing Transfer"}},"wdio_ui5_key":"sapm.GenericTile{\"header\":\"Billing Transfer\"}"}]}
RESULT: {"script":"<script> [1562 bytes]","args":[{"selector":{"controlType":"sap.m.GenericTile","properties":{"header":"Billing Transfer"}},"wdio_ui5_key":"sapm.GenericTile{\"header\":\"Billing Transfer\"}"}]}
RESULT: undefined
COMMAND: POST /session/642ad19be169e36e022e3d28efff7052/element - {"using":"xpath","value":"//*[@id=\"__tile90\"]"}
RESULT: {"using":"xpath","value":"//*[@id=\"__tile90\"]"}
COMMAND: POST /session/642ad19be169e36e022e3d28efff7052/element/f.21B09363EEE0F7374535FA133A9E79B8.d.EC1624A5EB745F6C2185C09F709654C9.e.2920/click - {}
RESULT: {}
COMMAND: POST /session/642ad19be169e36e022e3d28efff7052/element - {"using":"xpath","value":"//input[contains(@id ,\"application-billingtransfer-display-component---billingWorkbench--smartFilterBar-btnBasicSearch\")]"}
COMMAND: GET /session/642ad19be169e36e022e3d28efff7052/screenshot - {}
RESULT: {"using":"xpath","value":"//input[contains(@id ,\"application-billingtransfer-display-component---billingWorkbench--smartFilterBar-btnBasicSearch\")]"}
COMMAND: POST /session/642ad19be169e36e022e3d28efff7052/elements - {"using":"xpath","value":"//input[contains(@id ,\"application-billingtransfer-display-component---billingWorkbench--smartFilterBar-btnBasicSearch\")]"}
RESULT: {}
RESULT: {"using":"xpath","value":"//input[contains(@id ,\"application-billingtransfer-display-component---billingWorkbench--smartFilterBar-btnBasicSearch\")]"}
COMMAND: POST /session/642ad19be169e36e022e3d28efff7052/elements - {"using":"xpath","value":"//input[contains(@id ,\"application-billingtransfer-display-component---billingWorkbench--smartFilterBar-btnBasicSearch\")]"}
RESULT: {"using":"xpath","value":"//input[contains(@id ,\"application-billingtransfer-display-component---billingWorkbench--smartFilterBar-btnBasicSearch\")]"}
COMMAND: POST /session/642ad19be169e36e022e3d28efff7052/elements - {"using":"xpath","value":"//input[contains(@id ,\"application-billingtransfer-display-component---billingWorkbench--smartFilterBar-btnBasicSearch\")]"}
RESULT: {"using":"xpath","value":"//input[contains(@id ,\"application-billingtransfer-display-component---billingWorkbench--smartFilterBar-btnBasicSearch\")]"}
COMMAND: POST /session/642ad19be169e36e022e3d28efff7052/elements - {"using":"xpath","value":"//input[contains(@id ,\"application-billingtransfer-display-component---billingWorkbench--smartFilterBar-btnBasicSearch\")]"}
RESULT: {"using":"xpath","value":"//input[contains(@id ,\"application-billingtransfer-display-component---billingWorkbench--smartFilterBar-btnBasicSearch\")]"}
COMMAND: POST /session/642ad19be169e36e022e3d28efff7052/elements - {"using":"xpath","value":"//input[contains(@id ,\"application-billingtransfer-display-component---billingWorkbench--smartFilterBar-btnBasicSearch\")]"}
RESULT: {"using":"xpath","value":"//input[contains(@id ,\"application-billingtransfer-display-component---billingWorkbench--smartFilterBar-btnBasicSearch\")]"}
COMMAND: POST /session/642ad19be169e36e022e3d28efff7052/element - {"using":"xpath","value":"//input[contains(@id ,\"application-billingtransfer-display-component---billingWorkbench--smartFilterBar-btnBasicSearch\")]"}
RESULT: {"using":"xpath","value":"//input[contains(@id ,\"application-billingtransfer-display-component---billingWorkbench--smartFilterBar-btnBasicSearch\")]"}
COMMAND: POST /session/642ad19be169e36e022e3d28efff7052/execute/sync - {"script":"<script> [8489 bytes]","args":[{"element-6066-11e4-a52e-4f735466cecf":"f.21B09363EEE0F7374535FA133A9E79B8.d.EC1624A5EB745F6C2185C09F709654C9.e.6439","ELEMENT":"f.21B09363EEE0F7374535FA133A9E79B8.d.EC1624A5EB745F6C2185C09F709654C9.e.6439"}]}
RESULT: {"script":"<script> [8489 bytes]","args":[{"element-6066-11e4-a52e-4f735466cecf":"f.21B09363EEE0F7374535FA133A9E79B8.d.EC1624A5EB745F6C2185C09F709654C9.e.6439","ELEMENT":"f.21B09363EEE0F7374535FA133A9E79B8.d.EC1624A5EB745F6C2185C09F709654C9.e.6439"}]}
COMMAND: GET /session/642ad19be169e36e022e3d28efff7052/element/f.21B09363EEE0F7374535FA133A9E79B8.d.EC1624A5EB745F6C2185C09F709654C9.e.6439/enabled - {}
COMMAND: GET /session/642ad19be169e36e022e3d28efff7052/screenshot - {}
RESULT: {}
COMMAND: POST /session/642ad19be169e36e022e3d28efff7052/element/f.21B09363EEE0F7374535FA133A9E79B8.d.EC1624A5EB745F6C2185C09F709654C9.e.6439/click - {}
COMMAND: GET /session/642ad19be169e36e022e3d28efff7052/screenshot - {}
RESULT: {}
RESULT: {}
COMMAND: GET /session/642ad19be169e36e022e3d28efff7052/screenshot - {}
RESULT: {}
RESULT: {}
COMMAND: POST /session/642ad19be169e36e022e3d28efff7052/element/f.21B09363EEE0F7374535FA133A9E79B8.d.EC1624A5EB745F6C2185C09F709654C9.e.6439/clear - {}
RESULT: {}
COMMAND: POST /session/642ad19be169e36e022e3d28efff7052/element/f.21B09363EEE0F7374535FA133A9E79B8.d.EC1624A5EB745F6C2185C09F709654C9.e.6439/value - {"text":"10546"}
COMMAND: GET /session/642ad19be169e36e022e3d28efff7052/screenshot - {}
RESULT: {"text":"10546"}
COMMAND: POST /session/642ad19be169e36e022e3d28efff7052/actions - {"actions":[{"id":"action20","type":"key","parameters":{},"actions":[{"type":"keyDown","value":"î€‡"},{"type":"pause","duration":10},{"type":"keyUp","value":"î€‡"}]}]}
COMMAND: GET /session/642ad19be169e36e022e3d28efff7052/screenshot - {}
RESULT: {}
RESULT: {"actions":[{"id":"action20","type":"key","parameters":{},"actions":[{"type":"keyDown","value":"î€‡"},{"type":"pause","duration":10},{"type":"keyUp","value":"î€‡"}]}]}
COMMAND: GET /session/642ad19be169e36e022e3d28efff7052/screenshot - {}
RESULT: {}
RESULT: {}
COMMAND: POST /session/642ad19be169e36e022e3d28efff7052/element - {"using":"xpath","value":"//span[contains(@id ,\"application-billingtransfer-display-component---billingWorkbench--smartTableBillingRuns-header-inner\")]"}
RESULT: {"using":"xpath","value":"//span[contains(@id ,\"application-billingtransfer-display-component---billingWorkbench--smartTableBillingRuns-header-inner\")]"}
COMMAND: POST /session/642ad19be169e36e022e3d28efff7052/elements - {"using":"xpath","value":"//span[contains(@id ,\"application-billingtransfer-display-component---billingWorkbench--smartTableBillingRuns-header-inner\")]"}
RESULT: {"using":"xpath","value":"//span[contains(@id ,\"application-billingtransfer-display-component---billingWorkbench--smartTableBillingRuns-header-inner\")]"}
COMMAND: POST /session/642ad19be169e36e022e3d28efff7052/execute/sync - {"script":"<script> [56 bytes]","args":[{"element-6066-11e4-a52e-4f735466cecf":"f.21B09363EEE0F7374535FA133A9E79B8.d.EC1624A5EB745F6C2185C09F709654C9.e.6836","ELEMENT":"f.21B09363EEE0F7374535FA133A9E79B8.d.EC1624A5EB745F6C2185C09F709654C9.e.6836"}]}
RESULT: {"script":"<script> [56 bytes]","args":[{"element-6066-11e4-a52e-4f735466cecf":"f.21B09363EEE0F7374535FA133A9E79B8.d.EC1624A5EB745F6C2185C09F709654C9.e.6836","ELEMENT":"f.21B09363EEE0F7374535FA133A9E79B8.d.EC1624A5EB745F6C2185C09F709654C9.e.6836"}]}
COMMAND: POST /session/642ad19be169e36e022e3d28efff7052/element - {"using":"xpath","value":"//td[@aria-colindex=\"1\"]/div/div[contains(@class, \"sapMCbBg\")]"}
COMMAND: GET /session/642ad19be169e36e022e3d28efff7052/screenshot - {}
RESULT: {"using":"xpath","value":"//td[@aria-colindex=\"1\"]/div/div[contains(@class, \"sapMCbBg\")]"}
COMMAND: POST /session/642ad19be169e36e022e3d28efff7052/element/f.21B09363EEE0F7374535FA133A9E79B8.d.EC1624A5EB745F6C2185C09F709654C9.e.6666/click - {}
RESULT: {}
RESULT: {}
COMMAND: GET /session/642ad19be169e36e022e3d28efff7052/screenshot - {}
RESULT: {}
COMMAND: POST /session/642ad19be169e36e022e3d28efff7052/element - {"using":"xpath","value":"//bdi[contains(text(), \"Check\")]"}
RESULT: {"using":"xpath","value":"//bdi[contains(text(), \"Check\")]"}
COMMAND: POST /session/642ad19be169e36e022e3d28efff7052/element/f.21B09363EEE0F7374535FA133A9E79B8.d.EC1624A5EB745F6C2185C09F709654C9.e.6837/click - {}
RESULT: {}
COMMAND: GET /session/642ad19be169e36e022e3d28efff7052/screenshot - {}
RESULT: {}
COMMAND: POST /session/642ad19be169e36e022e3d28efff7052/element - {"using":"xpath","value":"//bdi[contains(text(), \"OK\")]"}
RESULT: {"using":"xpath","value":"//bdi[contains(text(), \"OK\")]"}
COMMAND: POST /session/642ad19be169e36e022e3d28efff7052/element/f.21B09363EEE0F7374535FA133A9E79B8.d.EC1624A5EB745F6C2185C09F709654C9.e.6841/click - {}
RESULT: {}
COMMAND: GET /session/642ad19be169e36e022e3d28efff7052/screenshot - {}
RESULT: {}
COMMAND: POST /session/642ad19be169e36e022e3d28efff7052/element - {"using":"xpath","value":"(//span[contains(text(), \"CO/SD checked\")]/parent::div/preceding-sibling::div/span)[1]"}
RESULT: {"using":"xpath","value":"(//span[contains(text(), \"CO/SD checked\")]/parent::div/preceding-sibling::div/span)[1]"}
COMMAND: POST /session/642ad19be169e36e022e3d28efff7052/element/f.21B09363EEE0F7374535FA133A9E79B8.d.EC1624A5EB745F6C2185C09F709654C9.e.6842/click - {}
RESULT: {}
COMMAND: GET /session/642ad19be169e36e022e3d28efff7052/screenshot - {}
RESULT: {}
COMMAND: POST /session/642ad19be169e36e022e3d28efff7052/element - {"using":"xpath","value":"//input[contains(@id ,\"application-billingtransfer-display-component---billingWorkbench--smartFilterBar-btnBasicSearch\")]"}
RESULT: {"using":"xpath","value":"//input[contains(@id ,\"application-billingtransfer-display-component---billingWorkbench--smartFilterBar-btnBasicSearch\")]"}
COMMAND: POST /session/642ad19be169e36e022e3d28efff7052/elements - {"using":"xpath","value":"//input[contains(@id ,\"application-billingtransfer-display-component---billingWorkbench--smartFilterBar-btnBasicSearch\")]"}
RESULT: {"using":"xpath","value":"//input[contains(@id ,\"application-billingtransfer-display-component---billingWorkbench--smartFilterBar-btnBasicSearch\")]"}
COMMAND: POST /session/642ad19be169e36e022e3d28efff7052/execute/sync - {"script":"<script> [8489 bytes]","args":[{"element-6066-11e4-a52e-4f735466cecf":"f.21B09363EEE0F7374535FA133A9E79B8.d.EC1624A5EB745F6C2185C09F709654C9.e.6439","ELEMENT":"f.21B09363EEE0F7374535FA133A9E79B8.d.EC1624A5EB745F6C2185C09F709654C9.e.6439"}]}
RESULT: {"script":"<script> [8489 bytes]","args":[{"element-6066-11e4-a52e-4f735466cecf":"f.21B09363EEE0F7374535FA133A9E79B8.d.EC1624A5EB745F6C2185C09F709654C9.e.6439","ELEMENT":"f.21B09363EEE0F7374535FA133A9E79B8.d.EC1624A5EB745F6C2185C09F709654C9.e.6439"}]}
COMMAND: GET /session/642ad19be169e36e022e3d28efff7052/element/f.21B09363EEE0F7374535FA133A9E79B8.d.EC1624A5EB745F6C2185C09F709654C9.e.6439/enabled - {}
COMMAND: GET /session/642ad19be169e36e022e3d28efff7052/screenshot - {}
RESULT: {}
RESULT: {}
COMMAND: POST /session/642ad19be169e36e022e3d28efff7052/element/f.21B09363EEE0F7374535FA133A9E79B8.d.EC1624A5EB745F6C2185C09F709654C9.e.6439/click - {}
COMMAND: GET /session/642ad19be169e36e022e3d28efff7052/screenshot - {}
RESULT: {}
COMMAND: GET /session/642ad19be169e36e022e3d28efff7052/screenshot - {}
RESULT: {}
RESULT: {}
COMMAND: POST /session/642ad19be169e36e022e3d28efff7052/element/f.21B09363EEE0F7374535FA133A9E79B8.d.EC1624A5EB745F6C2185C09F709654C9.e.6439/clear - {}
RESULT: {}
COMMAND: POST /session/642ad19be169e36e022e3d28efff7052/element/f.21B09363EEE0F7374535FA133A9E79B8.d.EC1624A5EB745F6C2185C09F709654C9.e.6439/value - {"text":"10546"}
COMMAND: GET /session/642ad19be169e36e022e3d28efff7052/screenshot - {}
RESULT: {}
RESULT: {"text":"10546"}
COMMAND: POST /session/642ad19be169e36e022e3d28efff7052/actions - {"actions":[{"id":"action21","type":"key","parameters":{},"actions":[{"type":"keyDown","value":"î€‡"},{"type":"pause","duration":10},{"type":"keyUp","value":"î€‡"}]}]}
COMMAND: GET /session/642ad19be169e36e022e3d28efff7052/screenshot - {}
RESULT: {"actions":[{"id":"action21","type":"key","parameters":{},"actions":[{"type":"keyDown","value":"î€‡"},{"type":"pause","duration":10},{"type":"keyUp","value":"î€‡"}]}]}
COMMAND: GET /session/642ad19be169e36e022e3d28efff7052/screenshot - {}
RESULT: {}
RESULT: {}
COMMAND: POST /session/642ad19be169e36e022e3d28efff7052/element - {"using":"xpath","value":"//span[contains(@id ,\"application-billingtransfer-display-component---billingWorkbench--smartTableBillingRuns-header-inner\")]"}
RESULT: {"using":"xpath","value":"//span[contains(@id ,\"application-billingtransfer-display-component---billingWorkbench--smartTableBillingRuns-header-inner\")]"}
COMMAND: POST /session/642ad19be169e36e022e3d28efff7052/elements - {"using":"xpath","value":"//span[contains(@id ,\"application-billingtransfer-display-component---billingWorkbench--smartTableBillingRuns-header-inner\")]"}
RESULT: {"using":"xpath","value":"//span[contains(@id ,\"application-billingtransfer-display-component---billingWorkbench--smartTableBillingRuns-header-inner\")]"}
COMMAND: POST /session/642ad19be169e36e022e3d28efff7052/execute/sync - {"script":"<script> [56 bytes]","args":[{"element-6066-11e4-a52e-4f735466cecf":"f.21B09363EEE0F7374535FA133A9E79B8.d.EC1624A5EB745F6C2185C09F709654C9.e.6836","ELEMENT":"f.21B09363EEE0F7374535FA133A9E79B8.d.EC1624A5EB745F6C2185C09F709654C9.e.6836"}]}
RESULT: {"script":"<script> [56 bytes]","args":[{"element-6066-11e4-a52e-4f735466cecf":"f.21B09363EEE0F7374535FA133A9E79B8.d.EC1624A5EB745F6C2185C09F709654C9.e.6836","ELEMENT":"f.21B09363EEE0F7374535FA133A9E79B8.d.EC1624A5EB745F6C2185C09F709654C9.e.6836"}]}
COMMAND: POST /session/642ad19be169e36e022e3d28efff7052/element - {"using":"xpath","value":"//td[@aria-colindex=\"1\"]/div/div[contains(@class, \"sapMCbBg\")]"}
COMMAND: GET /session/642ad19be169e36e022e3d28efff7052/screenshot - {}
RESULT: {"using":"xpath","value":"//td[@aria-colindex=\"1\"]/div/div[contains(@class, \"sapMCbBg\")]"}
COMMAND: POST /session/642ad19be169e36e022e3d28efff7052/element/f.21B09363EEE0F7374535FA133A9E79B8.d.EC1624A5EB745F6C2185C09F709654C9.e.6846/click - {}
RESULT: {}
RESULT: {}
COMMAND: GET /session/642ad19be169e36e022e3d28efff7052/screenshot - {}
RESULT: {}
COMMAND: POST /session/642ad19be169e36e022e3d28efff7052/element - {"using":"xpath","value":"//bdi[text()=\"Transfer\"]"}
RESULT: {"using":"xpath","value":"//bdi[text()=\"Transfer\"]"}
COMMAND: POST /session/642ad19be169e36e022e3d28efff7052/element/f.21B09363EEE0F7374535FA133A9E79B8.d.EC1624A5EB745F6C2185C09F709654C9.e.6847/click - {}
RESULT: {}
COMMAND: GET /session/642ad19be169e36e022e3d28efff7052/screenshot - {}
RESULT: {}
COMMAND: POST /session/642ad19be169e36e022e3d28efff7052/element - {"using":"xpath","value":"//bdi[contains(text(), \"OK\")]"}
RESULT: {"using":"xpath","value":"//bdi[contains(text(), \"OK\")]"}
COMMAND: POST /session/642ad19be169e36e022e3d28efff7052/element/f.21B09363EEE0F7374535FA133A9E79B8.d.EC1624A5EB745F6C2185C09F709654C9.e.6850/click - {}
RESULT: {}
COMMAND: GET /session/642ad19be169e36e022e3d28efff7052/screenshot - {}
RESULT: {}
COMMAND: POST /session/642ad19be169e36e022e3d28efff7052/element - {"using":"xpath","value":"(//span[contains(text(), \"Invoice open\")]/parent::div/preceding-sibling::div/span)[1]"}
RESULT: {"using":"xpath","value":"(//span[contains(text(), \"Invoice open\")]/parent::div/preceding-sibling::div/span)[1]"}
COMMAND: POST /session/642ad19be169e36e022e3d28efff7052/element/f.21B09363EEE0F7374535FA133A9E79B8.d.EC1624A5EB745F6C2185C09F709654C9.e.6858/click - {}
RESULT: {}
COMMAND: GET /session/642ad19be169e36e022e3d28efff7052/screenshot - {}
RESULT: {}
COMMAND: POST /session/642ad19be169e36e022e3d28efff7052/element - {"using":"xpath","value":"//input[contains(@id ,\"application-billingtransfer-display-component---billingWorkbench--smartFilterBar-btnBasicSearch\")]"}
RESULT: {"using":"xpath","value":"//input[contains(@id ,\"application-billingtransfer-display-component---billingWorkbench--smartFilterBar-btnBasicSearch\")]"}
COMMAND: POST /session/642ad19be169e36e022e3d28efff7052/elements - {"using":"xpath","value":"//input[contains(@id ,\"application-billingtransfer-display-component---billingWorkbench--smartFilterBar-btnBasicSearch\")]"}
RESULT: {"using":"xpath","value":"//input[contains(@id ,\"application-billingtransfer-display-component---billingWorkbench--smartFilterBar-btnBasicSearch\")]"}
COMMAND: POST /session/642ad19be169e36e022e3d28efff7052/execute/sync - {"script":"<script> [8489 bytes]","args":[{"element-6066-11e4-a52e-4f735466cecf":"f.21B09363EEE0F7374535FA133A9E79B8.d.EC1624A5EB745F6C2185C09F709654C9.e.6439","ELEMENT":"f.21B09363EEE0F7374535FA133A9E79B8.d.EC1624A5EB745F6C2185C09F709654C9.e.6439"}]}
RESULT: {"script":"<script> [8489 bytes]","args":[{"element-6066-11e4-a52e-4f735466cecf":"f.21B09363EEE0F7374535FA133A9E79B8.d.EC1624A5EB745F6C2185C09F709654C9.e.6439","ELEMENT":"f.21B09363EEE0F7374535FA133A9E79B8.d.EC1624A5EB745F6C2185C09F709654C9.e.6439"}]}
COMMAND: GET /session/642ad19be169e36e022e3d28efff7052/element/f.21B09363EEE0F7374535FA133A9E79B8.d.EC1624A5EB745F6C2185C09F709654C9.e.6439/enabled - {}
COMMAND: GET /session/642ad19be169e36e022e3d28efff7052/screenshot - {}
RESULT: {}
COMMAND: POST /session/642ad19be169e36e022e3d28efff7052/element/f.21B09363EEE0F7374535FA133A9E79B8.d.EC1624A5EB745F6C2185C09F709654C9.e.6439/click - {}
COMMAND: GET /session/642ad19be169e36e022e3d28efff7052/screenshot - {}
RESULT: {}
RESULT: {}
COMMAND: GET /session/642ad19be169e36e022e3d28efff7052/screenshot - {}
RESULT: {}
RESULT: {}
COMMAND: POST /session/642ad19be169e36e022e3d28efff7052/element/f.21B09363EEE0F7374535FA133A9E79B8.d.EC1624A5EB745F6C2185C09F709654C9.e.6439/clear - {}
RESULT: {}
COMMAND: POST /session/642ad19be169e36e022e3d28efff7052/element/f.21B09363EEE0F7374535FA133A9E79B8.d.EC1624A5EB745F6C2185C09F709654C9.e.6439/value - {"text":"10546"}
COMMAND: GET /session/642ad19be169e36e022e3d28efff7052/screenshot - {}
RESULT: {"text":"10546"}
COMMAND: POST /session/642ad19be169e36e022e3d28efff7052/actions - {"actions":[{"id":"action22","type":"key","parameters":{},"actions":[{"type":"keyDown","value":"î€‡"},{"type":"pause","duration":10},{"type":"keyUp","value":"î€‡"}]}]}
COMMAND: GET /session/642ad19be169e36e022e3d28efff7052/screenshot - {}
RESULT: {}
RESULT: {"actions":[{"id":"action22","type":"key","parameters":{},"actions":[{"type":"keyDown","value":"î€‡"},{"type":"pause","duration":10},{"type":"keyUp","value":"î€‡"}]}]}
COMMAND: GET /session/642ad19be169e36e022e3d28efff7052/screenshot - {}
RESULT: {}
RESULT: {}
COMMAND: POST /session/642ad19be169e36e022e3d28efff7052/element - {"using":"xpath","value":"//span[contains(@id ,\"application-billingtransfer-display-component---billingWorkbench--smartTableBillingRuns-header-inner\")]"}
RESULT: {"using":"xpath","value":"//span[contains(@id ,\"application-billingtransfer-display-component---billingWorkbench--smartTableBillingRuns-header-inner\")]"}
COMMAND: POST /session/642ad19be169e36e022e3d28efff7052/elements - {"using":"xpath","value":"//span[contains(@id ,\"application-billingtransfer-display-component---billingWorkbench--smartTableBillingRuns-header-inner\")]"}
RESULT: {"using":"xpath","value":"//span[contains(@id ,\"application-billingtransfer-display-component---billingWorkbench--smartTableBillingRuns-header-inner\")]"}
COMMAND: POST /session/642ad19be169e36e022e3d28efff7052/execute/sync - {"script":"<script> [56 bytes]","args":[{"element-6066-11e4-a52e-4f735466cecf":"f.21B09363EEE0F7374535FA133A9E79B8.d.EC1624A5EB745F6C2185C09F709654C9.e.6836","ELEMENT":"f.21B09363EEE0F7374535FA133A9E79B8.d.EC1624A5EB745F6C2185C09F709654C9.e.6836"}]}
RESULT: {"script":"<script> [56 bytes]","args":[{"element-6066-11e4-a52e-4f735466cecf":"f.21B09363EEE0F7374535FA133A9E79B8.d.EC1624A5EB745F6C2185C09F709654C9.e.6836","ELEMENT":"f.21B09363EEE0F7374535FA133A9E79B8.d.EC1624A5EB745F6C2185C09F709654C9.e.6836"}]}
COMMAND: POST /session/642ad19be169e36e022e3d28efff7052/element - {"using":"css selector","value":"#shell-header-logo"}
COMMAND: GET /session/642ad19be169e36e022e3d28efff7052/screenshot - {}
RESULT: {"using":"css selector","value":"#shell-header-logo"}
COMMAND: POST /session/642ad19be169e36e022e3d28efff7052/element/f.21B09363EEE0F7374535FA133A9E79B8.d.EC1624A5EB745F6C2185C09F709654C9.e.6437/click - {}
RESULT: {}
RESULT: {}
COMMAND: GET /session/642ad19be169e36e022e3d28efff7052/screenshot - {}
RESULT: {}
COMMAND: POST /session/642ad19be169e36e022e3d28efff7052/element - {"using":"css selector","value":"#j_username"}
COMMAND: POST /session/642ad19be169e36e022e3d28efff7052/url - {"url":"https://qa-testing-00-live-etm-ui.cfapps.eu10-004.hana.ondemand.com/"}
RESULT: {"using":"css selector","value":"#j_username"}
COMMAND: POST /session/642ad19be169e36e022e3d28efff7052/element - {"using":"css selector","value":"#j_username"}
RESULT: {"url":"https://qa-testing-00-live-etm-ui.cfapps.eu10-004.hana.ondemand.com/"}
RESULT: undefined
COMMAND: GET /session/642ad19be169e36e022e3d28efff7052/screenshot - {}
RESULT: {"using":"css selector","value":"#j_username"}
COMMAND: POST /session/642ad19be169e36e022e3d28efff7052/element - {"using":"css selector","value":"#shell-header-logo"}
RESULT: {}
RESULT: {"using":"css selector","value":"#shell-header-logo"}
COMMAND: POST /session/642ad19be169e36e022e3d28efff7052/execute/sync - {"script":"<script> [8489 bytes]","args":[{"element-6066-11e4-a52e-4f735466cecf":"f.21B09363EEE0F7374535FA133A9E79B8.d.8E84F01964C017560BF397154E2DF988.e.6868","ELEMENT":"f.21B09363EEE0F7374535FA133A9E79B8.d.8E84F01964C017560BF397154E2DF988.e.6868"}]}
RESULT: {"script":"<script> [8489 bytes]","args":[{"element-6066-11e4-a52e-4f735466cecf":"f.21B09363EEE0F7374535FA133A9E79B8.d.8E84F01964C017560BF397154E2DF988.e.6868","ELEMENT":"f.21B09363EEE0F7374535FA133A9E79B8.d.8E84F01964C017560BF397154E2DF988.e.6868"}]}
COMMAND: POST /session/642ad19be169e36e022e3d28efff7052/element - {"using":"css selector","value":"#shell-header-logo"}
COMMAND: GET /session/642ad19be169e36e022e3d28efff7052/screenshot - {}
RESULT: {"using":"css selector","value":"#shell-header-logo"}
COMMAND: POST /session/642ad19be169e36e022e3d28efff7052/execute/sync - {"script":"<script> [8489 bytes]","args":[{"element-6066-11e4-a52e-4f735466cecf":"f.21B09363EEE0F7374535FA133A9E79B8.d.8E84F01964C017560BF397154E2DF988.e.6868","ELEMENT":"f.21B09363EEE0F7374535FA133A9E79B8.d.8E84F01964C017560BF397154E2DF988.e.6868"}]}
RESULT: {}
RESULT: {"script":"<script> [8489 bytes]","args":[{"element-6066-11e4-a52e-4f735466cecf":"f.21B09363EEE0F7374535FA133A9E79B8.d.8E84F01964C017560BF397154E2DF988.e.6868","ELEMENT":"f.21B09363EEE0F7374535FA133A9E79B8.d.8E84F01964C017560BF397154E2DF988.e.6868"}]}
COMMAND: POST /session/642ad19be169e36e022e3d28efff7052/execute/sync - {"script":"<script> [5351 bytes]","args":[{"element-6066-11e4-a52e-4f735466cecf":"f.21B09363EEE0F7374535FA133A9E79B8.d.8E84F01964C017560BF397154E2DF988.e.6868","ELEMENT":"f.21B09363EEE0F7374535FA133A9E79B8.d.8E84F01964C017560BF397154E2DF988.e.6868"}]}
COMMAND: GET /session/642ad19be169e36e022e3d28efff7052/screenshot - {}
RESULT: {"script":"<script> [5351 bytes]","args":[{"element-6066-11e4-a52e-4f735466cecf":"f.21B09363EEE0F7374535FA133A9E79B8.d.8E84F01964C017560BF397154E2DF988.e.6868","ELEMENT":"f.21B09363EEE0F7374535FA133A9E79B8.d.8E84F01964C017560BF397154E2DF988.e.6868"}]}
COMMAND: POST /session/642ad19be169e36e022e3d28efff7052/element - {"using":"css selector","value":"#shell-header-logo"}
COMMAND: GET /session/642ad19be169e36e022e3d28efff7052/screenshot - {}
RESULT: {}
RESULT: {"using":"css selector","value":"#shell-header-logo"}
COMMAND: POST /session/642ad19be169e36e022e3d28efff7052/element/f.21B09363EEE0F7374535FA133A9E79B8.d.8E84F01964C017560BF397154E2DF988.e.6868/click - {}
RESULT: {}
RESULT: {}
COMMAND: GET /session/642ad19be169e36e022e3d28efff7052/screenshot - {}
RESULT: {}
COMMAND: POST /session/642ad19be169e36e022e3d28efff7052/execute/async - {"script":"<script> [189 bytes]","args":[]}
RESULT: {"script":"<script> [189 bytes]","args":[]}
COMMAND: POST /session/642ad19be169e36e022e3d28efff7052/execute/async - {"script":"<script> [123 bytes]","args":[]}
RESULT: {"script":"<script> [123 bytes]","args":[]}
COMMAND: POST /session/642ad19be169e36e022e3d28efff7052/timeouts - {"script":"<number>"}
RESULT: {"script":"<number>"}
COMMAND: GET /session/642ad19be169e36e022e3d28efff7052/timeouts - {}
RESULT: {}
RESULT: undefined
COMMAND: POST /session/642ad19be169e36e022e3d28efff7052/execute/async - {"script":"<script> [2676 bytes]","args":[]}
RESULT: {"script":"<script> [2676 bytes]","args":[]}
COMMAND: POST /session/642ad19be169e36e022e3d28efff7052/execute/async - {"script":"<script> [2342 bytes]","args":[{"protocol":"http","hostname":"0.0.0.0","path":"/","capabilities":{"browserName":"chrome","goog:chromeOptions":{"binary":"C:\\Program Files\\Google\\Chrome\\Application\\chrome.exe","args":["--start-maximized"]}},"logLevel":"warn","connectionRetryTimeout":120000,"connectionRetryCount":3,"logLevels":{},"enableDirectConnect":true,"strictSSL":true,"_":"65 more keys: [\"cacheDir\",\"port\",\"requestedCapabilities\",\"automationProtocol\",\"baseUrl\",\"waitforInterval\",\"waitforTimeout\",\"onReload\",\"beforeCommand\",\"afterCommand\",\"rootDir\",\"specs\",\"suites\",\"exclude\",\"groupLogsByTestSpec\",\"excludeDriverLogs\",\"bail\",\"framework\",\"reporters\",\"services\",\"maxInstances\",\"maxInstancesPerCapability\",\"injectGlobals\",\"filesToWatch\",\"execArgv\",\"runnerEnv\",\"runner\",\"shard\",\"specFileRetries\",\"specFileRetriesDelay\",\"specFileRetriesDeferred\",\"reporterSyncInterval\",\"reporterSyncTimeout\",\"cucumberFeaturesWithLineNumbers\",\"autoCompileOpts\",\"mochaOpts\",\"jasmineOpts\",\"cucumberOpts\",\"onPrepare\",\"onWorkerStart\",\"onWorkerEnd\",\"before\",\"beforeSession\",\"beforeSuite\",\"beforeHook\",\"beforeTest\",\"afterTest\",\"afterHook\",\"afterSuite\",\"afterSession\",\"after\",\"onComplete\",\"beforeAssertion\",\"afterAssertion\",\"beforeFeature\",\"beforeScenario\",\"beforeStep\",\"afterStep\",\"afterScenario\",\"afterFeature\",\"_\",\"suite\",\"$0\",\"ignoredWorkerServices\",\"wdi5\"]"}]}
RESULT: {"script":"<script> [2342 bytes]","args":[{"protocol":"http","hostname":"0.0.0.0","path":"/","capabilities":{"browserName":"chrome","goog:chromeOptions":{"binary":"C:\\Program Files\\Google\\Chrome\\Application\\chrome.exe","args":["--start-maximized"]}},"logLevel":"warn","connectionRetryTimeout":120000,"connectionRetryCount":3,"logLevels":{},"enableDirectConnect":true,"strictSSL":true,"_":"65 more keys: [\"cacheDir\",\"port\",\"requestedCapabilities\",\"automationProtocol\",\"baseUrl\",\"waitforInterval\",\"waitforTimeout\",\"onReload\",\"beforeCommand\",\"afterCommand\",\"rootDir\",\"specs\",\"suites\",\"exclude\",\"groupLogsByTestSpec\",\"excludeDriverLogs\",\"bail\",\"framework\",\"reporters\",\"services\",\"maxInstances\",\"maxInstancesPerCapability\",\"injectGlobals\",\"filesToWatch\",\"execArgv\",\"runnerEnv\",\"runner\",\"shard\",\"specFileRetries\",\"specFileRetriesDelay\",\"specFileRetriesDeferred\",\"reporterSyncInterval\",\"reporterSyncTimeout\",\"cucumberFeaturesWithLineNumbers\",\"autoCompileOpts\",\"mochaOpts\",\"jasmineOpts\",\"cucumberOpts\",\"onPrepare\",\"onWorkerStart\",\"onWorkerEnd\",\"before\",\"beforeSession\",\"beforeSuite\",\"beforeHook\",\"beforeTest\",\"afterTest\",\"afterHook\",\"afterSuite\",\"afterSession\",\"after\",\"onComplete\",\"beforeAssertion\",\"afterAssertion\",\"beforeFeature\",\"beforeScenario\",\"beforeStep\",\"afterStep\",\"afterScenario\",\"afterFeature\",\"_\",\"suite\",\"$0\",\"ignoredWorkerServices\",\"wdi5\"]"}]}
COMMAND: POST /session/642ad19be169e36e022e3d28efff7052/execute/async - {"script":"<script> [21126 bytes]","args":[35000]}
RESULT: {"script":"<script> [21126 bytes]","args":[35000]}
COMMAND: POST /session/642ad19be169e36e022e3d28efff7052/window/maximize - {}
RESULT: {}
COMMAND: POST /session/642ad19be169e36e022e3d28efff7052/execute/async - {"script":"<script> [1562 bytes]","args":[{"selector":{"id":"shell-header","interaction":{"idSuffix":"icon"}},"wdio_ui5_key":"shellheader"}]}
COMMAND: GET /session/642ad19be169e36e022e3d28efff7052/screenshot - {}
RESULT: {"script":"<script> [1562 bytes]","args":[{"selector":{"id":"shell-header","interaction":{"idSuffix":"icon"}},"wdio_ui5_key":"shellheader"}]}
RESULT: undefined
COMMAND: POST /session/642ad19be169e36e022e3d28efff7052/refresh - {}
RESULT: {}
RESULT: {}
COMMAND: GET /session/642ad19be169e36e022e3d28efff7052/screenshot - {}
RESULT: {}
COMMAND: POST /session/642ad19be169e36e022e3d28efff7052/refresh - {}
RESULT: {}
COMMAND: GET /session/642ad19be169e36e022e3d28efff7052/screenshot - {}
RESULT: {}
COMMAND: POST /session/642ad19be169e36e022e3d28efff7052/window/fullscreen - {}
RESULT: {}
COMMAND: POST /session/642ad19be169e36e022e3d28efff7052/execute/async - {"script":"<script> [189 bytes]","args":[]}
RESULT: {"script":"<script> [189 bytes]","args":[]}
COMMAND: POST /session/642ad19be169e36e022e3d28efff7052/execute/async - {"script":"<script> [123 bytes]","args":[]}
RESULT: {"script":"<script> [123 bytes]","args":[]}
COMMAND: POST /session/642ad19be169e36e022e3d28efff7052/timeouts - {"script":"<number>"}
RESULT: {"script":"<number>"}
COMMAND: GET /session/642ad19be169e36e022e3d28efff7052/timeouts - {}
RESULT: {}
RESULT: undefined
COMMAND: POST /session/642ad19be169e36e022e3d28efff7052/execute/async - {"script":"<script> [2676 bytes]","args":[]}
RESULT: {"script":"<script> [2676 bytes]","args":[]}
COMMAND: POST /session/642ad19be169e36e022e3d28efff7052/execute/async - {"script":"<script> [2342 bytes]","args":[{"protocol":"http","hostname":"0.0.0.0","path":"/","capabilities":{"browserName":"chrome","goog:chromeOptions":{"binary":"C:\\Program Files\\Google\\Chrome\\Application\\chrome.exe","args":["--start-maximized"]}},"logLevel":"warn","connectionRetryTimeout":120000,"connectionRetryCount":3,"logLevels":{},"enableDirectConnect":true,"strictSSL":true,"_":"65 more keys: [\"cacheDir\",\"port\",\"requestedCapabilities\",\"automationProtocol\",\"baseUrl\",\"waitforInterval\",\"waitforTimeout\",\"onReload\",\"beforeCommand\",\"afterCommand\",\"rootDir\",\"specs\",\"suites\",\"exclude\",\"groupLogsByTestSpec\",\"excludeDriverLogs\",\"bail\",\"framework\",\"reporters\",\"services\",\"maxInstances\",\"maxInstancesPerCapability\",\"injectGlobals\",\"filesToWatch\",\"execArgv\",\"runnerEnv\",\"runner\",\"shard\",\"specFileRetries\",\"specFileRetriesDelay\",\"specFileRetriesDeferred\",\"reporterSyncInterval\",\"reporterSyncTimeout\",\"cucumberFeaturesWithLineNumbers\",\"autoCompileOpts\",\"mochaOpts\",\"jasmineOpts\",\"cucumberOpts\",\"onPrepare\",\"onWorkerStart\",\"onWorkerEnd\",\"before\",\"beforeSession\",\"beforeSuite\",\"beforeHook\",\"beforeTest\",\"afterTest\",\"afterHook\",\"afterSuite\",\"afterSession\",\"after\",\"onComplete\",\"beforeAssertion\",\"afterAssertion\",\"beforeFeature\",\"beforeScenario\",\"beforeStep\",\"afterStep\",\"afterScenario\",\"afterFeature\",\"_\",\"suite\",\"$0\",\"ignoredWorkerServices\",\"wdi5\"]"}]}
RESULT: {"script":"<script> [2342 bytes]","args":[{"protocol":"http","hostname":"0.0.0.0","path":"/","capabilities":{"browserName":"chrome","goog:chromeOptions":{"binary":"C:\\Program Files\\Google\\Chrome\\Application\\chrome.exe","args":["--start-maximized"]}},"logLevel":"warn","connectionRetryTimeout":120000,"connectionRetryCount":3,"logLevels":{},"enableDirectConnect":true,"strictSSL":true,"_":"65 more keys: [\"cacheDir\",\"port\",\"requestedCapabilities\",\"automationProtocol\",\"baseUrl\",\"waitforInterval\",\"waitforTimeout\",\"onReload\",\"beforeCommand\",\"afterCommand\",\"rootDir\",\"specs\",\"suites\",\"exclude\",\"groupLogsByTestSpec\",\"excludeDriverLogs\",\"bail\",\"framework\",\"reporters\",\"services\",\"maxInstances\",\"maxInstancesPerCapability\",\"injectGlobals\",\"filesToWatch\",\"execArgv\",\"runnerEnv\",\"runner\",\"shard\",\"specFileRetries\",\"specFileRetriesDelay\",\"specFileRetriesDeferred\",\"reporterSyncInterval\",\"reporterSyncTimeout\",\"cucumberFeaturesWithLineNumbers\",\"autoCompileOpts\",\"mochaOpts\",\"jasmineOpts\",\"cucumberOpts\",\"onPrepare\",\"onWorkerStart\",\"onWorkerEnd\",\"before\",\"beforeSession\",\"beforeSuite\",\"beforeHook\",\"beforeTest\",\"afterTest\",\"afterHook\",\"afterSuite\",\"afterSession\",\"after\",\"onComplete\",\"beforeAssertion\",\"afterAssertion\",\"beforeFeature\",\"beforeScenario\",\"beforeStep\",\"afterStep\",\"afterScenario\",\"afterFeature\",\"_\",\"suite\",\"$0\",\"ignoredWorkerServices\",\"wdi5\"]"}]}
COMMAND: POST /session/642ad19be169e36e022e3d28efff7052/execute/async - {"script":"<script> [21126 bytes]","args":[35000]}
RESULT: {"script":"<script> [21126 bytes]","args":[35000]}
]]></system-out>
    </testcase>
  </testsuite>
  <testsuite timestamp="2025-05-05T17:40:28" time="917.03" tests="12" failures="10" errors="10" skipped="0">
    <properties>
      <property name="specId" value="0" />
      <property name="suiteName" value="Billing Transfer - Intracompany US127249" />
      <property name="capabilities" value="chrome.135_0_7049_96.windows" />
      <property name="file" value="file:///D:/a/1/s/test/specs/BTS/billing-transfer-intracompany.spec.js" />
    </properties>
    <testcase classname="chrome.135_0_7049_96.windows.Billing_Transfer_-_Intracompany_US127249" name="Should create a new yard" time="115.385">
      <system-out><![CDATA[
COMMAND: POST /session/642ad19be169e36e022e3d28efff7052/window/fullscreen - {}
RESULT: {}
COMMAND: POST /session/642ad19be169e36e022e3d28efff7052/execute/async - {"script":"<script> [1562 bytes]","args":[{"selector":{"controlType":"sap.m.GenericTile","properties":{"header":"Manage Yards"}},"wdio_ui5_key":"sapm.GenericTile{\"header\":\"Manage Yards\"}"}]}
RESULT: {"script":"<script> [1562 bytes]","args":[{"selector":{"controlType":"sap.m.GenericTile","properties":{"header":"Manage Yards"}},"wdio_ui5_key":"sapm.GenericTile{\"header\":\"Manage Yards\"}"}]}
RESULT: undefined
COMMAND: POST /session/642ad19be169e36e022e3d28efff7052/element - {"using":"xpath","value":"//*[@id=\"__tile41\"]"}
RESULT: {"using":"xpath","value":"//*[@id=\"__tile41\"]"}
COMMAND: POST /session/642ad19be169e36e022e3d28efff7052/element/f.21B09363EEE0F7374535FA133A9E79B8.d.F0EFA17187F6D7A1F0E3B02D1E1421E6.e.7009/click - {}
RESULT: {}
COMMAND: POST /session/642ad19be169e36e022e3d28efff7052/element - {"using":"xpath","value":"//button[@data-kt=\"addNewYardOverflowToolbarButton\"]"}
COMMAND: GET /session/642ad19be169e36e022e3d28efff7052/screenshot - {}
RESULT: {"using":"xpath","value":"//button[@data-kt=\"addNewYardOverflowToolbarButton\"]"}
COMMAND: POST /session/642ad19be169e36e022e3d28efff7052/elements - {"using":"xpath","value":"//button[@data-kt=\"addNewYardOverflowToolbarButton\"]"}
RESULT: {}
RESULT: {"using":"xpath","value":"//button[@data-kt=\"addNewYardOverflowToolbarButton\"]"}
COMMAND: POST /session/642ad19be169e36e022e3d28efff7052/elements - {"using":"xpath","value":"//button[@data-kt=\"addNewYardOverflowToolbarButton\"]"}
RESULT: {"using":"xpath","value":"//button[@data-kt=\"addNewYardOverflowToolbarButton\"]"}
COMMAND: POST /session/642ad19be169e36e022e3d28efff7052/elements - {"using":"xpath","value":"//button[@data-kt=\"addNewYardOverflowToolbarButton\"]"}
RESULT: {"using":"xpath","value":"//button[@data-kt=\"addNewYardOverflowToolbarButton\"]"}
COMMAND: POST /session/642ad19be169e36e022e3d28efff7052/elements - {"using":"xpath","value":"//button[@data-kt=\"addNewYardOverflowToolbarButton\"]"}
RESULT: {"using":"xpath","value":"//button[@data-kt=\"addNewYardOverflowToolbarButton\"]"}
COMMAND: POST /session/642ad19be169e36e022e3d28efff7052/elements - {"using":"xpath","value":"//button[@data-kt=\"addNewYardOverflowToolbarButton\"]"}
RESULT: {"using":"xpath","value":"//button[@data-kt=\"addNewYardOverflowToolbarButton\"]"}
COMMAND: POST /session/642ad19be169e36e022e3d28efff7052/elements - {"using":"xpath","value":"//button[@data-kt=\"addNewYardOverflowToolbarButton\"]"}
RESULT: {"using":"xpath","value":"//button[@data-kt=\"addNewYardOverflowToolbarButton\"]"}
COMMAND: POST /session/642ad19be169e36e022e3d28efff7052/elements - {"using":"xpath","value":"//button[@data-kt=\"addNewYardOverflowToolbarButton\"]"}
RESULT: {"using":"xpath","value":"//button[@data-kt=\"addNewYardOverflowToolbarButton\"]"}
COMMAND: POST /session/642ad19be169e36e022e3d28efff7052/elements - {"using":"xpath","value":"//button[@data-kt=\"addNewYardOverflowToolbarButton\"]"}
RESULT: {"using":"xpath","value":"//button[@data-kt=\"addNewYardOverflowToolbarButton\"]"}
COMMAND: POST /session/642ad19be169e36e022e3d28efff7052/elements - {"using":"xpath","value":"//button[@data-kt=\"addNewYardOverflowToolbarButton\"]"}
RESULT: {"using":"xpath","value":"//button[@data-kt=\"addNewYardOverflowToolbarButton\"]"}
COMMAND: POST /session/642ad19be169e36e022e3d28efff7052/elements - {"using":"xpath","value":"//button[@data-kt=\"addNewYardOverflowToolbarButton\"]"}
RESULT: {"using":"xpath","value":"//button[@data-kt=\"addNewYardOverflowToolbarButton\"]"}
COMMAND: POST /session/642ad19be169e36e022e3d28efff7052/elements - {"using":"xpath","value":"//button[@data-kt=\"addNewYardOverflowToolbarButton\"]"}
RESULT: {"using":"xpath","value":"//button[@data-kt=\"addNewYardOverflowToolbarButton\"]"}
COMMAND: POST /session/642ad19be169e36e022e3d28efff7052/elements - {"using":"xpath","value":"//button[@data-kt=\"addNewYardOverflowToolbarButton\"]"}
RESULT: {"using":"xpath","value":"//button[@data-kt=\"addNewYardOverflowToolbarButton\"]"}
COMMAND: POST /session/642ad19be169e36e022e3d28efff7052/elements - {"using":"xpath","value":"//button[@data-kt=\"addNewYardOverflowToolbarButton\"]"}
RESULT: {"using":"xpath","value":"//button[@data-kt=\"addNewYardOverflowToolbarButton\"]"}
COMMAND: POST /session/642ad19be169e36e022e3d28efff7052/elements - {"using":"xpath","value":"//button[@data-kt=\"addNewYardOverflowToolbarButton\"]"}
RESULT: {"using":"xpath","value":"//button[@data-kt=\"addNewYardOverflowToolbarButton\"]"}
COMMAND: POST /session/642ad19be169e36e022e3d28efff7052/elements - {"using":"xpath","value":"//button[@data-kt=\"addNewYardOverflowToolbarButton\"]"}
RESULT: {"using":"xpath","value":"//button[@data-kt=\"addNewYardOverflowToolbarButton\"]"}
COMMAND: POST /session/642ad19be169e36e022e3d28efff7052/elements - {"using":"xpath","value":"//button[@data-kt=\"addNewYardOverflowToolbarButton\"]"}
RESULT: {"using":"xpath","value":"//button[@data-kt=\"addNewYardOverflowToolbarButton\"]"}
COMMAND: POST /session/642ad19be169e36e022e3d28efff7052/elements - {"using":"xpath","value":"//button[@data-kt=\"addNewYardOverflowToolbarButton\"]"}
RESULT: {"using":"xpath","value":"//button[@data-kt=\"addNewYardOverflowToolbarButton\"]"}
COMMAND: POST /session/642ad19be169e36e022e3d28efff7052/elements - {"using":"xpath","value":"//button[@data-kt=\"addNewYardOverflowToolbarButton\"]"}
RESULT: {"using":"xpath","value":"//button[@data-kt=\"addNewYardOverflowToolbarButton\"]"}
COMMAND: POST /session/642ad19be169e36e022e3d28efff7052/elements - {"using":"xpath","value":"//button[@data-kt=\"addNewYardOverflowToolbarButton\"]"}
RESULT: {"using":"xpath","value":"//button[@data-kt=\"addNewYardOverflowToolbarButton\"]"}
COMMAND: POST /session/642ad19be169e36e022e3d28efff7052/elements - {"using":"xpath","value":"//button[@data-kt=\"addNewYardOverflowToolbarButton\"]"}
RESULT: {"using":"xpath","value":"//button[@data-kt=\"addNewYardOverflowToolbarButton\"]"}
COMMAND: POST /session/642ad19be169e36e022e3d28efff7052/elements - {"using":"xpath","value":"//button[@data-kt=\"addNewYardOverflowToolbarButton\"]"}
RESULT: {"using":"xpath","value":"//button[@data-kt=\"addNewYardOverflowToolbarButton\"]"}
COMMAND: POST /session/642ad19be169e36e022e3d28efff7052/elements - {"using":"xpath","value":"//button[@data-kt=\"addNewYardOverflowToolbarButton\"]"}
RESULT: {"using":"xpath","value":"//button[@data-kt=\"addNewYardOverflowToolbarButton\"]"}
COMMAND: POST /session/642ad19be169e36e022e3d28efff7052/element - {"using":"xpath","value":"//button[@data-kt=\"addNewYardOverflowToolbarButton\"]"}
RESULT: {"using":"xpath","value":"//button[@data-kt=\"addNewYardOverflowToolbarButton\"]"}
COMMAND: POST /session/642ad19be169e36e022e3d28efff7052/execute/sync - {"script":"<script> [8489 bytes]","args":[{"element-6066-11e4-a52e-4f735466cecf":"f.21B09363EEE0F7374535FA133A9E79B8.d.F0EFA17187F6D7A1F0E3B02D1E1421E6.e.7126","ELEMENT":"f.21B09363EEE0F7374535FA133A9E79B8.d.F0EFA17187F6D7A1F0E3B02D1E1421E6.e.7126"}]}
RESULT: {"script":"<script> [8489 bytes]","args":[{"element-6066-11e4-a52e-4f735466cecf":"f.21B09363EEE0F7374535FA133A9E79B8.d.F0EFA17187F6D7A1F0E3B02D1E1421E6.e.7126","ELEMENT":"f.21B09363EEE0F7374535FA133A9E79B8.d.F0EFA17187F6D7A1F0E3B02D1E1421E6.e.7126"}]}
COMMAND: GET /session/642ad19be169e36e022e3d28efff7052/element/f.21B09363EEE0F7374535FA133A9E79B8.d.F0EFA17187F6D7A1F0E3B02D1E1421E6.e.7126/enabled - {}
COMMAND: GET /session/642ad19be169e36e022e3d28efff7052/screenshot - {}
RESULT: {}
COMMAND: POST /session/642ad19be169e36e022e3d28efff7052/execute/sync - {"script":"<script> [8489 bytes]","args":[{"element-6066-11e4-a52e-4f735466cecf":"f.21B09363EEE0F7374535FA133A9E79B8.d.F0EFA17187F6D7A1F0E3B02D1E1421E6.e.7126","ELEMENT":"f.21B09363EEE0F7374535FA133A9E79B8.d.F0EFA17187F6D7A1F0E3B02D1E1421E6.e.7126"}]}
COMMAND: GET /session/642ad19be169e36e022e3d28efff7052/screenshot - {}
RESULT: {}
RESULT: {"script":"<script> [8489 bytes]","args":[{"element-6066-11e4-a52e-4f735466cecf":"f.21B09363EEE0F7374535FA133A9E79B8.d.F0EFA17187F6D7A1F0E3B02D1E1421E6.e.7126","ELEMENT":"f.21B09363EEE0F7374535FA133A9E79B8.d.F0EFA17187F6D7A1F0E3B02D1E1421E6.e.7126"}]}
COMMAND: POST /session/642ad19be169e36e022e3d28efff7052/execute/sync - {"script":"<script> [5351 bytes]","args":[{"element-6066-11e4-a52e-4f735466cecf":"f.21B09363EEE0F7374535FA133A9E79B8.d.F0EFA17187F6D7A1F0E3B02D1E1421E6.e.7126","ELEMENT":"f.21B09363EEE0F7374535FA133A9E79B8.d.F0EFA17187F6D7A1F0E3B02D1E1421E6.e.7126"}]}
COMMAND: GET /session/642ad19be169e36e022e3d28efff7052/screenshot - {}
RESULT: {}
RESULT: {"script":"<script> [5351 bytes]","args":[{"element-6066-11e4-a52e-4f735466cecf":"f.21B09363EEE0F7374535FA133A9E79B8.d.F0EFA17187F6D7A1F0E3B02D1E1421E6.e.7126","ELEMENT":"f.21B09363EEE0F7374535FA133A9E79B8.d.F0EFA17187F6D7A1F0E3B02D1E1421E6.e.7126"}]}
COMMAND: POST /session/642ad19be169e36e022e3d28efff7052/element/f.21B09363EEE0F7374535FA133A9E79B8.d.F0EFA17187F6D7A1F0E3B02D1E1421E6.e.7126/click - {}
COMMAND: GET /session/642ad19be169e36e022e3d28efff7052/screenshot - {}
RESULT: {}
RESULT: {}
COMMAND: GET /session/642ad19be169e36e022e3d28efff7052/screenshot - {}
COMMAND: POST /session/642ad19be169e36e022e3d28efff7052/element - {"using":"xpath","value":"//input[@id=\"application-manageyards-display-component---NewYard--yardId-inner\"]"}
RESULT: {}
RESULT: {}
RESULT: {"using":"xpath","value":"//input[@id=\"application-manageyards-display-component---NewYard--yardId-inner\"]"}
COMMAND: POST /session/642ad19be169e36e022e3d28efff7052/element - {"using":"xpath","value":"//input[@id=\"application-manageyards-display-component---NewYard--yardId-inner\"]"}
RESULT: {"using":"xpath","value":"//input[@id=\"application-manageyards-display-component---NewYard--yardId-inner\"]"}
COMMAND: POST /session/642ad19be169e36e022e3d28efff7052/execute/async - {"script":"<script> [1562 bytes]","args":[{"selector":{"id":"application-manageyards-display-component---NewYard--addressDetailDetailsName1","interaction":{"idSuffix":"inner"}},"wdio_ui5_key":"applicationmanageyards-display-component---NewYard--addressDetailDetailsName1"}]}
RESULT: {"script":"<script> [1562 bytes]","args":[{"selector":{"id":"application-manageyards-display-component---NewYard--addressDetailDetailsName1","interaction":{"idSuffix":"inner"}},"wdio_ui5_key":"applicationmanageyards-display-component---NewYard--addressDetailDetailsName1"}]}
RESULT: undefined
COMMAND: POST /session/642ad19be169e36e022e3d28efff7052/execute/async - {"script":"<script> [776 bytes]","args":[{"enterText":"Intracompany Yard wdIO","selector":{"id":"application-manageyards-display-component---NewYard--addressDetailDetailsName1","interaction":{"idSuffix":"inner"}},"clearTextFirst":true,"interactionType":"ENTER_TEXT"}]}
RESULT: {"script":"<script> [776 bytes]","args":[{"enterText":"Intracompany Yard wdIO","selector":{"id":"application-manageyards-display-component---NewYard--addressDetailDetailsName1","interaction":{"idSuffix":"inner"}},"clearTextFirst":true,"interactionType":"ENTER_TEXT"}]}
COMMAND: POST /session/642ad19be169e36e022e3d28efff7052/execute/async - {"script":"<script> [1562 bytes]","args":[{"selector":{"id":"application-manageyards-display-component---NewYard--addressDetailDetailsLanguage-arrow"},"wdio_ui5_key":"applicationmanageyards-display-component---NewYard--addressDetailDetailsLanguage-arrow"}]}
RESULT: {"script":"<script> [1562 bytes]","args":[{"selector":{"id":"application-manageyards-display-component---NewYard--addressDetailDetailsLanguage-arrow"},"wdio_ui5_key":"applicationmanageyards-display-component---NewYard--addressDetailDetailsLanguage-arrow"}]}
RESULT: undefined
COMMAND: POST /session/642ad19be169e36e022e3d28efff7052/element - {"using":"xpath","value":"//*[@id=\"application-manageyards-display-component---NewYard--addressDetailDetailsLanguage-arrow\"]"}
RESULT: {"using":"xpath","value":"//*[@id=\"application-manageyards-display-component---NewYard--addressDetailDetailsLanguage-arrow\"]"}
COMMAND: POST /session/642ad19be169e36e022e3d28efff7052/element/f.21B09363EEE0F7374535FA133A9E79B8.d.F0EFA17187F6D7A1F0E3B02D1E1421E6.e.7549/click - {}
RESULT: {}
COMMAND: POST /session/642ad19be169e36e022e3d28efff7052/element - {"using":"xpath","value":"//span[contains(text(), \"English\")]"}
COMMAND: GET /session/642ad19be169e36e022e3d28efff7052/screenshot - {}
RESULT: {"using":"xpath","value":"//span[contains(text(), \"English\")]"}
COMMAND: POST /session/642ad19be169e36e022e3d28efff7052/element/f.21B09363EEE0F7374535FA133A9E79B8.d.F0EFA17187F6D7A1F0E3B02D1E1421E6.e.7550/click - {}
RESULT: {}
RESULT: {}
COMMAND: POST /session/642ad19be169e36e022e3d28efff7052/execute/async - {"script":"<script> [1562 bytes]","args":[{"selector":{"id":"application-manageyards-display-component---NewYard--addressDetailDetailsCity1","interaction":{"idSuffix":"inner"}},"wdio_ui5_key":"applicationmanageyards-display-component---NewYard--addressDetailDetailsCity1"}]}
COMMAND: GET /session/642ad19be169e36e022e3d28efff7052/screenshot - {}
RESULT: {"script":"<script> [1562 bytes]","args":[{"selector":{"id":"application-manageyards-display-component---NewYard--addressDetailDetailsCity1","interaction":{"idSuffix":"inner"}},"wdio_ui5_key":"applicationmanageyards-display-component---NewYard--addressDetailDetailsCity1"}]}
RESULT: undefined
COMMAND: POST /session/642ad19be169e36e022e3d28efff7052/execute/async - {"script":"<script> [776 bytes]","args":[{"enterText":"Rosario","selector":{"id":"application-manageyards-display-component---NewYard--addressDetailDetailsCity1","interaction":{"idSuffix":"inner"}},"clearTextFirst":true,"interactionType":"ENTER_TEXT"}]}
RESULT: {}
RESULT: {"script":"<script> [776 bytes]","args":[{"enterText":"Rosario","selector":{"id":"application-manageyards-display-component---NewYard--addressDetailDetailsCity1","interaction":{"idSuffix":"inner"}},"clearTextFirst":true,"interactionType":"ENTER_TEXT"}]}
COMMAND: POST /session/642ad19be169e36e022e3d28efff7052/execute/async - {"script":"<script> [1562 bytes]","args":[{"selector":{"id":"application-manageyards-display-component---NewYard--addressDetailDetailsCountry-arrow"},"wdio_ui5_key":"applicationmanageyards-display-component---NewYard--addressDetailDetailsCountry-arrow"}]}
RESULT: {"script":"<script> [1562 bytes]","args":[{"selector":{"id":"application-manageyards-display-component---NewYard--addressDetailDetailsCountry-arrow"},"wdio_ui5_key":"applicationmanageyards-display-component---NewYard--addressDetailDetailsCountry-arrow"}]}
RESULT: undefined
COMMAND: POST /session/642ad19be169e36e022e3d28efff7052/element - {"using":"xpath","value":"//*[@id=\"application-manageyards-display-component---NewYard--addressDetailDetailsCountry-arrow\"]"}
RESULT: {"using":"xpath","value":"//*[@id=\"application-manageyards-display-component---NewYard--addressDetailDetailsCountry-arrow\"]"}
COMMAND: POST /session/642ad19be169e36e022e3d28efff7052/element/f.21B09363EEE0F7374535FA133A9E79B8.d.F0EFA17187F6D7A1F0E3B02D1E1421E6.e.7552/click - {}
RESULT: {}
COMMAND: POST /session/642ad19be169e36e022e3d28efff7052/element - {"using":"xpath","value":"//span[contains(text(), \"Argentina\")]"}
COMMAND: GET /session/642ad19be169e36e022e3d28efff7052/screenshot - {}
RESULT: {"using":"xpath","value":"//span[contains(text(), \"Argentina\")]"}
COMMAND: POST /session/642ad19be169e36e022e3d28efff7052/element/f.21B09363EEE0F7374535FA133A9E79B8.d.F0EFA17187F6D7A1F0E3B02D1E1421E6.e.7553/click - {}
RESULT: {}
RESULT: {}
COMMAND: POST /session/642ad19be169e36e022e3d28efff7052/execute/async - {"script":"<script> [1562 bytes]","args":[{"selector":{"id":"application-manageyards-display-component---NewYard--addressEditDetailsCostObjectCstType-arrow"},"wdio_ui5_key":"applicationmanageyards-display-component---NewYard--addressEditDetailsCostObjectCstType-arrow"}]}
COMMAND: GET /session/642ad19be169e36e022e3d28efff7052/screenshot - {}
RESULT: {"script":"<script> [1562 bytes]","args":[{"selector":{"id":"application-manageyards-display-component---NewYard--addressEditDetailsCostObjectCstType-arrow"},"wdio_ui5_key":"applicationmanageyards-display-component---NewYard--addressEditDetailsCostObjectCstType-arrow"}]}
RESULT: undefined
COMMAND: POST /session/642ad19be169e36e022e3d28efff7052/element - {"using":"xpath","value":"//*[@id=\"application-manageyards-display-component---NewYard--addressEditDetailsCostObjectCstType-arrow\"]"}
RESULT: {}
RESULT: {"using":"xpath","value":"//*[@id=\"application-manageyards-display-component---NewYard--addressEditDetailsCostObjectCstType-arrow\"]"}
COMMAND: POST /session/642ad19be169e36e022e3d28efff7052/element/f.21B09363EEE0F7374535FA133A9E79B8.d.F0EFA17187F6D7A1F0E3B02D1E1421E6.e.7555/click - {}
RESULT: {}
COMMAND: POST /session/642ad19be169e36e022e3d28efff7052/element - {"using":"xpath","value":"//span[contains(text(), \"Cost Center\")]"}
COMMAND: GET /session/642ad19be169e36e022e3d28efff7052/screenshot - {}
RESULT: {"using":"xpath","value":"//span[contains(text(), \"Cost Center\")]"}
COMMAND: POST /session/642ad19be169e36e022e3d28efff7052/element/f.21B09363EEE0F7374535FA133A9E79B8.d.F0EFA17187F6D7A1F0E3B02D1E1421E6.e.7556/click - {}
RESULT: {}
RESULT: {}
COMMAND: GET /session/642ad19be169e36e022e3d28efff7052/screenshot - {}
RESULT: {}
COMMAND: POST /session/642ad19be169e36e022e3d28efff7052/element - {"using":"xpath","value":"//span[@id=\"application-manageyards-display-component---NewYard--addressNewCostObjectCstID-vhi\"]"}
RESULT: {"using":"xpath","value":"//span[@id=\"application-manageyards-display-component---NewYard--addressNewCostObjectCstID-vhi\"]"}
COMMAND: POST /session/642ad19be169e36e022e3d28efff7052/execute/sync - {"script":"<script> [8489 bytes]","args":[{"element-6066-11e4-a52e-4f735466cecf":"f.21B09363EEE0F7374535FA133A9E79B8.d.F0EFA17187F6D7A1F0E3B02D1E1421E6.e.7560","ELEMENT":"f.21B09363EEE0F7374535FA133A9E79B8.d.F0EFA17187F6D7A1F0E3B02D1E1421E6.e.7560"}]}
RESULT: {"script":"<script> [8489 bytes]","args":[{"element-6066-11e4-a52e-4f735466cecf":"f.21B09363EEE0F7374535FA133A9E79B8.d.F0EFA17187F6D7A1F0E3B02D1E1421E6.e.7560","ELEMENT":"f.21B09363EEE0F7374535FA133A9E79B8.d.F0EFA17187F6D7A1F0E3B02D1E1421E6.e.7560"}]}
COMMAND: POST /session/642ad19be169e36e022e3d28efff7052/execute/async - {"script":"<script> [1562 bytes]","args":[{"selector":{"id":"application-manageyards-display-component---NewYard--addressNewCostObjectCstID-vhi"},"wdio_ui5_key":"applicationmanageyards-display-component---NewYard--addressNewCostObjectCstID-vhi"}]}
COMMAND: GET /session/642ad19be169e36e022e3d28efff7052/screenshot - {}
RESULT: {"script":"<script> [1562 bytes]","args":[{"selector":{"id":"application-manageyards-display-component---NewYard--addressNewCostObjectCstID-vhi"},"wdio_ui5_key":"applicationmanageyards-display-component---NewYard--addressNewCostObjectCstID-vhi"}]}
RESULT: undefined
COMMAND: POST /session/642ad19be169e36e022e3d28efff7052/element - {"using":"xpath","value":"//*[@id=\"application-manageyards-display-component---NewYard--addressNewCostObjectCstID-vhi\"]"}
RESULT: {}
RESULT: {"using":"xpath","value":"//*[@id=\"application-manageyards-display-component---NewYard--addressNewCostObjectCstID-vhi\"]"}
COMMAND: POST /session/642ad19be169e36e022e3d28efff7052/element/f.21B09363EEE0F7374535FA133A9E79B8.d.F0EFA17187F6D7A1F0E3B02D1E1421E6.e.7560/click - {}
RESULT: {}
COMMAND: GET /session/642ad19be169e36e022e3d28efff7052/screenshot - {}
RESULT: {}
COMMAND: POST /session/642ad19be169e36e022e3d28efff7052/execute/async - {"script":"<script> [1562 bytes]","args":[{"selector":{"controlType":"sap.m.SearchField","properties":{"placeholder":"Search"},"searchOpenDialogs":true,"interaction":{"idSuffix":"I"}},"wdio_ui5_key":"sapm.SearchField{\"placeholder\":\"Search\"}"}]}
RESULT: {"script":"<script> [1562 bytes]","args":[{"selector":{"controlType":"sap.m.SearchField","properties":{"placeholder":"Search"},"searchOpenDialogs":true,"interaction":{"idSuffix":"I"}},"wdio_ui5_key":"sapm.SearchField{\"placeholder\":\"Search\"}"}]}
RESULT: undefined
COMMAND: POST /session/642ad19be169e36e022e3d28efff7052/execute/async - {"script":"<script> [776 bytes]","args":[{"enterText":"10001013","selector":{"controlType":"sap.m.SearchField","properties":{"placeholder":"Search"},"searchOpenDialogs":true,"interaction":{"idSuffix":"I"}},"clearTextFirst":true,"interactionType":"ENTER_TEXT"}]}
RESULT: {"script":"<script> [776 bytes]","args":[{"enterText":"10001013","selector":{"controlType":"sap.m.SearchField","properties":{"placeholder":"Search"},"searchOpenDialogs":true,"interaction":{"idSuffix":"I"}},"clearTextFirst":true,"interactionType":"ENTER_TEXT"}]}
COMMAND: POST /session/642ad19be169e36e022e3d28efff7052/actions - {"actions":[{"id":"action23","type":"key","parameters":{},"actions":[{"type":"keyDown","value":"î€‡"},{"type":"pause","duration":10},{"type":"keyUp","value":"î€‡"}]}]}
RESULT: {"actions":[{"id":"action23","type":"key","parameters":{},"actions":[{"type":"keyDown","value":"î€‡"},{"type":"pause","duration":10},{"type":"keyUp","value":"î€‡"}]}]}
COMMAND: GET /session/642ad19be169e36e022e3d28efff7052/screenshot - {}
RESULT: {}
COMMAND: POST /session/642ad19be169e36e022e3d28efff7052/element - {"using":"xpath","value":"//span[contains(text(), \"General Management\")]"}
RESULT: {"using":"xpath","value":"//span[contains(text(), \"General Management\")]"}
COMMAND: POST /session/642ad19be169e36e022e3d28efff7052/element/f.21B09363EEE0F7374535FA133A9E79B8.d.F0EFA17187F6D7A1F0E3B02D1E1421E6.e.7601/click - {}
RESULT: {}
COMMAND: GET /session/642ad19be169e36e022e3d28efff7052/screenshot - {}
RESULT: {}
COMMAND: POST /session/642ad19be169e36e022e3d28efff7052/element - {"using":"xpath","value":"//bdi[contains(text(), \"OK\")]"}
RESULT: {"using":"xpath","value":"//bdi[contains(text(), \"OK\")]"}
COMMAND: POST /session/642ad19be169e36e022e3d28efff7052/element/f.21B09363EEE0F7374535FA133A9E79B8.d.F0EFA17187F6D7A1F0E3B02D1E1421E6.e.7602/click - {}
RESULT: {}
COMMAND: GET /session/642ad19be169e36e022e3d28efff7052/screenshot - {}
RESULT: {}
COMMAND: POST /session/642ad19be169e36e022e3d28efff7052/execute/async - {"script":"<script> [1562 bytes]","args":[{"selector":{"id":"application-manageyards-display-component---NewYard--addressEditDetailsCurrency-arrow"},"wdio_ui5_key":"applicationmanageyards-display-component---NewYard--addressEditDetailsCurrency-arrow"}]}
RESULT: {"script":"<script> [1562 bytes]","args":[{"selector":{"id":"application-manageyards-display-component---NewYard--addressEditDetailsCurrency-arrow"},"wdio_ui5_key":"applicationmanageyards-display-component---NewYard--addressEditDetailsCurrency-arrow"}]}
RESULT: undefined
COMMAND: POST /session/642ad19be169e36e022e3d28efff7052/element - {"using":"xpath","value":"//*[@id=\"application-manageyards-display-component---NewYard--addressEditDetailsCurrency-arrow\"]"}
RESULT: {"using":"xpath","value":"//*[@id=\"application-manageyards-display-component---NewYard--addressEditDetailsCurrency-arrow\"]"}
COMMAND: POST /session/642ad19be169e36e022e3d28efff7052/element/f.21B09363EEE0F7374535FA133A9E79B8.d.F0EFA17187F6D7A1F0E3B02D1E1421E6.e.7605/click - {}
RESULT: {}
COMMAND: POST /session/642ad19be169e36e022e3d28efff7052/element - {"using":"xpath","value":"//span[contains(text(), \"Euro\")]"}
COMMAND: GET /session/642ad19be169e36e022e3d28efff7052/screenshot - {}
RESULT: {"using":"xpath","value":"//span[contains(text(), \"Euro\")]"}
COMMAND: POST /session/642ad19be169e36e022e3d28efff7052/element/f.21B09363EEE0F7374535FA133A9E79B8.d.F0EFA17187F6D7A1F0E3B02D1E1421E6.e.7606/click - {}
RESULT: {}
RESULT: {}
COMMAND: POST /session/642ad19be169e36e022e3d28efff7052/execute/async - {"script":"<script> [1562 bytes]","args":[{"selector":{"controlType":"sap.m.Input","viewName":"etm.portal.ui.manageyards.view.New","viewId":"application-manageyards-display-component---NewYard","bindingPath":{"path":"","propertyPath":"/CONTROLLING_AREA","modelName":"NewYardModel"},"interaction":{"idSuffix":"inner"}},"wdio_ui5_key":"etmportal.ui.manageyards.view.Newsap.m.Input{\"path\":\"\",\"propertyPath\":\"/CONTROLLING_AREA\",\"modelName\":\"NewYardModel\"}"}]}
COMMAND: GET /session/642ad19be169e36e022e3d28efff7052/screenshot - {}
RESULT: {"script":"<script> [1562 bytes]","args":[{"selector":{"controlType":"sap.m.Input","viewName":"etm.portal.ui.manageyards.view.New","viewId":"application-manageyards-display-component---NewYard","bindingPath":{"path":"","propertyPath":"/CONTROLLING_AREA","modelName":"NewYardModel"},"interaction":{"idSuffix":"inner"}},"wdio_ui5_key":"etmportal.ui.manageyards.view.Newsap.m.Input{\"path\":\"\",\"propertyPath\":\"/CONTROLLING_AREA\",\"modelName\":\"NewYardModel\"}"}]}
RESULT: undefined
COMMAND: POST /session/642ad19be169e36e022e3d28efff7052/execute/async - {"script":"<script> [776 bytes]","args":[{"enterText":"Z001","selector":{"controlType":"sap.m.Input","viewName":"etm.portal.ui.manageyards.view.New","viewId":"application-manageyards-display-component---NewYard","bindingPath":{"path":"","propertyPath":"/CONTROLLING_AREA","modelName":"NewYardModel"},"interaction":{"idSuffix":"inner"}},"clearTextFirst":true,"interactionType":"ENTER_TEXT"}]}
RESULT: {}
RESULT: {"script":"<script> [776 bytes]","args":[{"enterText":"Z001","selector":{"controlType":"sap.m.Input","viewName":"etm.portal.ui.manageyards.view.New","viewId":"application-manageyards-display-component---NewYard","bindingPath":{"path":"","propertyPath":"/CONTROLLING_AREA","modelName":"NewYardModel"},"interaction":{"idSuffix":"inner"}},"clearTextFirst":true,"interactionType":"ENTER_TEXT"}]}
COMMAND: POST /session/642ad19be169e36e022e3d28efff7052/execute/async - {"script":"<script> [1562 bytes]","args":[{"selector":{"id":"application-manageyards-display-component---NewYard--companyCodeComboBox","interaction":{"idSuffix":"inner"}},"wdio_ui5_key":"applicationmanageyards-display-component---NewYard--companyCodeComboBox"}]}
RESULT: {"script":"<script> [1562 bytes]","args":[{"selector":{"id":"application-manageyards-display-component---NewYard--companyCodeComboBox","interaction":{"idSuffix":"inner"}},"wdio_ui5_key":"applicationmanageyards-display-component---NewYard--companyCodeComboBox"}]}
RESULT: undefined
COMMAND: POST /session/642ad19be169e36e022e3d28efff7052/execute/async - {"script":"<script> [776 bytes]","args":[{"enterText":"1000","selector":{"id":"application-manageyards-display-component---NewYard--companyCodeComboBox","interaction":{"idSuffix":"inner"}},"clearTextFirst":true,"interactionType":"ENTER_TEXT"}]}
RESULT: {"script":"<script> [776 bytes]","args":[{"enterText":"1000","selector":{"id":"application-manageyards-display-component---NewYard--companyCodeComboBox","interaction":{"idSuffix":"inner"}},"clearTextFirst":true,"interactionType":"ENTER_TEXT"}]}
COMMAND: POST /session/642ad19be169e36e022e3d28efff7052/execute/async - {"script":"<script> [1562 bytes]","args":[{"selector":{"controlType":"sap.m.Input","viewName":"etm.portal.ui.manageyards.view.New","viewId":"application-manageyards-display-component---NewYard","bindingPath":{"path":"","propertyPath":"/PLANT","modelName":"NewYardModel"},"interaction":{"idSuffix":"inner"}},"wdio_ui5_key":"etmportal.ui.manageyards.view.Newsap.m.Input{\"path\":\"\",\"propertyPath\":\"/PLANT\",\"modelName\":\"NewYardModel\"}"}]}
RESULT: {"script":"<script> [1562 bytes]","args":[{"selector":{"controlType":"sap.m.Input","viewName":"etm.portal.ui.manageyards.view.New","viewId":"application-manageyards-display-component---NewYard","bindingPath":{"path":"","propertyPath":"/PLANT","modelName":"NewYardModel"},"interaction":{"idSuffix":"inner"}},"wdio_ui5_key":"etmportal.ui.manageyards.view.Newsap.m.Input{\"path\":\"\",\"propertyPath\":\"/PLANT\",\"modelName\":\"NewYardModel\"}"}]}
RESULT: undefined
COMMAND: POST /session/642ad19be169e36e022e3d28efff7052/execute/async - {"script":"<script> [776 bytes]","args":[{"enterText":"1001","selector":{"controlType":"sap.m.Input","viewName":"etm.portal.ui.manageyards.view.New","viewId":"application-manageyards-display-component---NewYard","bindingPath":{"path":"","propertyPath":"/PLANT","modelName":"NewYardModel"},"interaction":{"idSuffix":"inner"}},"clearTextFirst":true,"interactionType":"ENTER_TEXT"}]}
RESULT: {"script":"<script> [776 bytes]","args":[{"enterText":"1001","selector":{"controlType":"sap.m.Input","viewName":"etm.portal.ui.manageyards.view.New","viewId":"application-manageyards-display-component---NewYard","bindingPath":{"path":"","propertyPath":"/PLANT","modelName":"NewYardModel"},"interaction":{"idSuffix":"inner"}},"clearTextFirst":true,"interactionType":"ENTER_TEXT"}]}
COMMAND: POST /session/642ad19be169e36e022e3d28efff7052/execute/async - {"script":"<script> [1562 bytes]","args":[{"selector":{"controlType":"sap.m.Input","viewName":"etm.portal.ui.manageyards.view.New","viewId":"application-manageyards-display-component---NewYard","bindingPath":{"path":"","propertyPath":"/SALES_AREA_VKORG","modelName":"NewYardModel"},"interaction":{"idSuffix":"inner"}},"wdio_ui5_key":"etmportal.ui.manageyards.view.Newsap.m.Input{\"path\":\"\",\"propertyPath\":\"/SALES_AREA_VKORG\",\"modelName\":\"NewYardModel\"}"}]}
RESULT: {"script":"<script> [1562 bytes]","args":[{"selector":{"controlType":"sap.m.Input","viewName":"etm.portal.ui.manageyards.view.New","viewId":"application-manageyards-display-component---NewYard","bindingPath":{"path":"","propertyPath":"/SALES_AREA_VKORG","modelName":"NewYardModel"},"interaction":{"idSuffix":"inner"}},"wdio_ui5_key":"etmportal.ui.manageyards.view.Newsap.m.Input{\"path\":\"\",\"propertyPath\":\"/SALES_AREA_VKORG\",\"modelName\":\"NewYardModel\"}"}]}
RESULT: undefined
COMMAND: POST /session/642ad19be169e36e022e3d28efff7052/execute/async - {"script":"<script> [776 bytes]","args":[{"enterText":"C002","selector":{"controlType":"sap.m.Input","viewName":"etm.portal.ui.manageyards.view.New","viewId":"application-manageyards-display-component---NewYard","bindingPath":{"path":"","propertyPath":"/SALES_AREA_VKORG","modelName":"NewYardModel"},"interaction":{"idSuffix":"inner"}},"clearTextFirst":true,"interactionType":"ENTER_TEXT"}]}
RESULT: {"script":"<script> [776 bytes]","args":[{"enterText":"C002","selector":{"controlType":"sap.m.Input","viewName":"etm.portal.ui.manageyards.view.New","viewId":"application-manageyards-display-component---NewYard","bindingPath":{"path":"","propertyPath":"/SALES_AREA_VKORG","modelName":"NewYardModel"},"interaction":{"idSuffix":"inner"}},"clearTextFirst":true,"interactionType":"ENTER_TEXT"}]}
COMMAND: POST /session/642ad19be169e36e022e3d28efff7052/execute/async - {"script":"<script> [1562 bytes]","args":[{"selector":{"controlType":"sap.m.Input","viewName":"etm.portal.ui.manageyards.view.New","viewId":"application-manageyards-display-component---NewYard","bindingPath":{"path":"","propertyPath":"/SALES_AREA_VTWEG","modelName":"NewYardModel"},"interaction":{"idSuffix":"inner"}},"wdio_ui5_key":"etmportal.ui.manageyards.view.Newsap.m.Input{\"path\":\"\",\"propertyPath\":\"/SALES_AREA_VTWEG\",\"modelName\":\"NewYardModel\"}"}]}
RESULT: {"script":"<script> [1562 bytes]","args":[{"selector":{"controlType":"sap.m.Input","viewName":"etm.portal.ui.manageyards.view.New","viewId":"application-manageyards-display-component---NewYard","bindingPath":{"path":"","propertyPath":"/SALES_AREA_VTWEG","modelName":"NewYardModel"},"interaction":{"idSuffix":"inner"}},"wdio_ui5_key":"etmportal.ui.manageyards.view.Newsap.m.Input{\"path\":\"\",\"propertyPath\":\"/SALES_AREA_VTWEG\",\"modelName\":\"NewYardModel\"}"}]}
RESULT: undefined
COMMAND: POST /session/642ad19be169e36e022e3d28efff7052/execute/async - {"script":"<script> [776 bytes]","args":[{"enterText":"C2","selector":{"controlType":"sap.m.Input","viewName":"etm.portal.ui.manageyards.view.New","viewId":"application-manageyards-display-component---NewYard","bindingPath":{"path":"","propertyPath":"/SALES_AREA_VTWEG","modelName":"NewYardModel"},"interaction":{"idSuffix":"inner"}},"clearTextFirst":true,"interactionType":"ENTER_TEXT"}]}
RESULT: {"script":"<script> [776 bytes]","args":[{"enterText":"C2","selector":{"controlType":"sap.m.Input","viewName":"etm.portal.ui.manageyards.view.New","viewId":"application-manageyards-display-component---NewYard","bindingPath":{"path":"","propertyPath":"/SALES_AREA_VTWEG","modelName":"NewYardModel"},"interaction":{"idSuffix":"inner"}},"clearTextFirst":true,"interactionType":"ENTER_TEXT"}]}
COMMAND: POST /session/642ad19be169e36e022e3d28efff7052/execute/async - {"script":"<script> [1562 bytes]","args":[{"selector":{"controlType":"sap.m.Input","viewName":"etm.portal.ui.manageyards.view.New","viewId":"application-manageyards-display-component---NewYard","bindingPath":{"path":"","propertyPath":"/SALES_AREA_SPART","modelName":"NewYardModel"},"interaction":{"idSuffix":"inner"}},"wdio_ui5_key":"etmportal.ui.manageyards.view.Newsap.m.Input{\"path\":\"\",\"propertyPath\":\"/SALES_AREA_SPART\",\"modelName\":\"NewYardModel\"}"}]}
RESULT: {"script":"<script> [1562 bytes]","args":[{"selector":{"controlType":"sap.m.Input","viewName":"etm.portal.ui.manageyards.view.New","viewId":"application-manageyards-display-component---NewYard","bindingPath":{"path":"","propertyPath":"/SALES_AREA_SPART","modelName":"NewYardModel"},"interaction":{"idSuffix":"inner"}},"wdio_ui5_key":"etmportal.ui.manageyards.view.Newsap.m.Input{\"path\":\"\",\"propertyPath\":\"/SALES_AREA_SPART\",\"modelName\":\"NewYardModel\"}"}]}
RESULT: undefined
COMMAND: POST /session/642ad19be169e36e022e3d28efff7052/execute/async - {"script":"<script> [776 bytes]","args":[{"enterText":"C2","selector":{"controlType":"sap.m.Input","viewName":"etm.portal.ui.manageyards.view.New","viewId":"application-manageyards-display-component---NewYard","bindingPath":{"path":"","propertyPath":"/SALES_AREA_SPART","modelName":"NewYardModel"},"interaction":{"idSuffix":"inner"}},"clearTextFirst":true,"interactionType":"ENTER_TEXT"}]}
RESULT: {"script":"<script> [776 bytes]","args":[{"enterText":"C2","selector":{"controlType":"sap.m.Input","viewName":"etm.portal.ui.manageyards.view.New","viewId":"application-manageyards-display-component---NewYard","bindingPath":{"path":"","propertyPath":"/SALES_AREA_SPART","modelName":"NewYardModel"},"interaction":{"idSuffix":"inner"}},"clearTextFirst":true,"interactionType":"ENTER_TEXT"}]}
COMMAND: POST /session/642ad19be169e36e022e3d28efff7052/execute/async - {"script":"<script> [1562 bytes]","args":[{"selector":{"controlType":"sap.m.Input","viewName":"etm.portal.ui.manageyards.view.New","viewId":"application-manageyards-display-component---NewYard","bindingPath":{"path":"","propertyPath":"/SHIP_POINT","modelName":"NewYardModel"},"interaction":{"idSuffix":"inner"}},"wdio_ui5_key":"etmportal.ui.manageyards.view.Newsap.m.Input{\"path\":\"\",\"propertyPath\":\"/SHIP_POINT\",\"modelName\":\"NewYardModel\"}"}]}
RESULT: {"script":"<script> [1562 bytes]","args":[{"selector":{"controlType":"sap.m.Input","viewName":"etm.portal.ui.manageyards.view.New","viewId":"application-manageyards-display-component---NewYard","bindingPath":{"path":"","propertyPath":"/SHIP_POINT","modelName":"NewYardModel"},"interaction":{"idSuffix":"inner"}},"wdio_ui5_key":"etmportal.ui.manageyards.view.Newsap.m.Input{\"path\":\"\",\"propertyPath\":\"/SHIP_POINT\",\"modelName\":\"NewYardModel\"}"}]}
RESULT: undefined
COMMAND: POST /session/642ad19be169e36e022e3d28efff7052/execute/async - {"script":"<script> [776 bytes]","args":[{"enterText":"1710","selector":{"controlType":"sap.m.Input","viewName":"etm.portal.ui.manageyards.view.New","viewId":"application-manageyards-display-component---NewYard","bindingPath":{"path":"","propertyPath":"/SHIP_POINT","modelName":"NewYardModel"},"interaction":{"idSuffix":"inner"}},"clearTextFirst":true,"interactionType":"ENTER_TEXT"}]}
RESULT: {"script":"<script> [776 bytes]","args":[{"enterText":"1710","selector":{"controlType":"sap.m.Input","viewName":"etm.portal.ui.manageyards.view.New","viewId":"application-manageyards-display-component---NewYard","bindingPath":{"path":"","propertyPath":"/SHIP_POINT","modelName":"NewYardModel"},"interaction":{"idSuffix":"inner"}},"clearTextFirst":true,"interactionType":"ENTER_TEXT"}]}
COMMAND: POST /session/642ad19be169e36e022e3d28efff7052/execute/async - {"script":"<script> [1562 bytes]","args":[{"selector":{"controlType":"sap.m.Input","viewName":"etm.portal.ui.manageyards.view.New","viewId":"application-manageyards-display-component---NewYard","bindingPath":{"path":"","propertyPath":"/DELIVERY_TYPE","modelName":"NewYardModel"},"interaction":{"idSuffix":"inner"}},"wdio_ui5_key":"etmportal.ui.manageyards.view.Newsap.m.Input{\"path\":\"\",\"propertyPath\":\"/DELIVERY_TYPE\",\"modelName\":\"NewYardModel\"}"}]}
RESULT: {"script":"<script> [1562 bytes]","args":[{"selector":{"controlType":"sap.m.Input","viewName":"etm.portal.ui.manageyards.view.New","viewId":"application-manageyards-display-component---NewYard","bindingPath":{"path":"","propertyPath":"/DELIVERY_TYPE","modelName":"NewYardModel"},"interaction":{"idSuffix":"inner"}},"wdio_ui5_key":"etmportal.ui.manageyards.view.Newsap.m.Input{\"path\":\"\",\"propertyPath\":\"/DELIVERY_TYPE\",\"modelName\":\"NewYardModel\"}"}]}
RESULT: undefined
COMMAND: POST /session/642ad19be169e36e022e3d28efff7052/execute/async - {"script":"<script> [776 bytes]","args":[{"enterText":"ZL01","selector":{"controlType":"sap.m.Input","viewName":"etm.portal.ui.manageyards.view.New","viewId":"application-manageyards-display-component---NewYard","bindingPath":{"path":"","propertyPath":"/DELIVERY_TYPE","modelName":"NewYardModel"},"interaction":{"idSuffix":"inner"}},"clearTextFirst":true,"interactionType":"ENTER_TEXT"}]}
RESULT: {"script":"<script> [776 bytes]","args":[{"enterText":"ZL01","selector":{"controlType":"sap.m.Input","viewName":"etm.portal.ui.manageyards.view.New","viewId":"application-manageyards-display-component---NewYard","bindingPath":{"path":"","propertyPath":"/DELIVERY_TYPE","modelName":"NewYardModel"},"interaction":{"idSuffix":"inner"}},"clearTextFirst":true,"interactionType":"ENTER_TEXT"}]}
COMMAND: POST /session/642ad19be169e36e022e3d28efff7052/execute/async - {"script":"<script> [1562 bytes]","args":[{"selector":{"controlType":"sap.m.Input","viewName":"etm.portal.ui.manageyards.view.New","viewId":"application-manageyards-display-component---NewYard","bindingPath":{"path":"","propertyPath":"/AUART","modelName":"NewYardModel"},"interaction":{"idSuffix":"inner"}},"wdio_ui5_key":"etmportal.ui.manageyards.view.Newsap.m.Input{\"path\":\"\",\"propertyPath\":\"/AUART\",\"modelName\":\"NewYardModel\"}"}]}
RESULT: {"script":"<script> [1562 bytes]","args":[{"selector":{"controlType":"sap.m.Input","viewName":"etm.portal.ui.manageyards.view.New","viewId":"application-manageyards-display-component---NewYard","bindingPath":{"path":"","propertyPath":"/AUART","modelName":"NewYardModel"},"interaction":{"idSuffix":"inner"}},"wdio_ui5_key":"etmportal.ui.manageyards.view.Newsap.m.Input{\"path\":\"\",\"propertyPath\":\"/AUART\",\"modelName\":\"NewYardModel\"}"}]}
RESULT: undefined
COMMAND: POST /session/642ad19be169e36e022e3d28efff7052/execute/async - {"script":"<script> [776 bytes]","args":[{"enterText":"TA","selector":{"controlType":"sap.m.Input","viewName":"etm.portal.ui.manageyards.view.New","viewId":"application-manageyards-display-component---NewYard","bindingPath":{"path":"","propertyPath":"/AUART","modelName":"NewYardModel"},"interaction":{"idSuffix":"inner"}},"clearTextFirst":true,"interactionType":"ENTER_TEXT"}]}
RESULT: {"script":"<script> [776 bytes]","args":[{"enterText":"TA","selector":{"controlType":"sap.m.Input","viewName":"etm.portal.ui.manageyards.view.New","viewId":"application-manageyards-display-component---NewYard","bindingPath":{"path":"","propertyPath":"/AUART","modelName":"NewYardModel"},"interaction":{"idSuffix":"inner"}},"clearTextFirst":true,"interactionType":"ENTER_TEXT"}]}
COMMAND: POST /session/642ad19be169e36e022e3d28efff7052/element - {"using":"xpath","value":"//button[@data-kt=\"newYardSaveButton\"]"}
RESULT: {"using":"xpath","value":"//button[@data-kt=\"newYardSaveButton\"]"}
COMMAND: POST /session/642ad19be169e36e022e3d28efff7052/element/f.21B09363EEE0F7374535FA133A9E79B8.d.F0EFA17187F6D7A1F0E3B02D1E1421E6.e.7542/click - {}
RESULT: {}
COMMAND: GET /session/642ad19be169e36e022e3d28efff7052/screenshot - {}
COMMAND: POST /session/642ad19be169e36e022e3d28efff7052/element - {"using":"xpath","value":"//header[contains(@id, 'ObjectPageLayout-headerTitle')]/div[1]/div[2]/div[1]/span[1]"}
RESULT: {}
RESULT: {"using":"xpath","value":"//header[contains(@id, 'ObjectPageLayout-headerTitle')]/div[1]/div[2]/div[1]/span[1]"}
COMMAND: POST /session/642ad19be169e36e022e3d28efff7052/elements - {"using":"xpath","value":"//header[contains(@id, 'ObjectPageLayout-headerTitle')]/div[1]/div[2]/div[1]/span[1]"}
RESULT: {"using":"xpath","value":"//header[contains(@id, 'ObjectPageLayout-headerTitle')]/div[1]/div[2]/div[1]/span[1]"}
COMMAND: POST /session/642ad19be169e36e022e3d28efff7052/execute/sync - {"script":"<script> [56 bytes]","args":[{"element-6066-11e4-a52e-4f735466cecf":"f.21B09363EEE0F7374535FA133A9E79B8.d.F0EFA17187F6D7A1F0E3B02D1E1421E6.e.7828","ELEMENT":"f.21B09363EEE0F7374535FA133A9E79B8.d.F0EFA17187F6D7A1F0E3B02D1E1421E6.e.7828"}]}
RESULT: {"script":"<script> [56 bytes]","args":[{"element-6066-11e4-a52e-4f735466cecf":"f.21B09363EEE0F7374535FA133A9E79B8.d.F0EFA17187F6D7A1F0E3B02D1E1421E6.e.7828","ELEMENT":"f.21B09363EEE0F7374535FA133A9E79B8.d.F0EFA17187F6D7A1F0E3B02D1E1421E6.e.7828"}]}
COMMAND: GET /session/642ad19be169e36e022e3d28efff7052/screenshot - {}
RESULT: {}
COMMAND: POST /session/642ad19be169e36e022e3d28efff7052/element - {"using":"css selector","value":"#shell-header-logo"}
RESULT: {"using":"css selector","value":"#shell-header-logo"}
COMMAND: POST /session/642ad19be169e36e022e3d28efff7052/element/f.21B09363EEE0F7374535FA133A9E79B8.d.F0EFA17187F6D7A1F0E3B02D1E1421E6.e.7094/click - {}
RESULT: {}
COMMAND: GET /session/642ad19be169e36e022e3d28efff7052/screenshot - {}
RESULT: {}
COMMAND: POST /session/642ad19be169e36e022e3d28efff7052/execute/sync - {"script":"<script> [299 bytes]","args":[["getModel","getResource"]]}
RESULT: {"script":"<script> [299 bytes]","args":[["getModel","getResource"]]}
COMMAND: GET /session/642ad19be169e36e022e3d28efff7052/screenshot - {}
]]></system-out>
    </testcase>
    <testcase classname="chrome.135_0_7049_96.windows.Billing_Transfer_-_Intracompany_US127249" name="Should create a new partner" time="145.058">
      <system-out><![CDATA[
COMMAND: POST /session/642ad19be169e36e022e3d28efff7052/window/fullscreen - {}
RESULT: {}
RESULT: {}
COMMAND: POST /session/642ad19be169e36e022e3d28efff7052/execute/async - {"script":"<script> [1562 bytes]","args":[{"selector":{"controlType":"sap.m.GenericTile","properties":{"header":"Manage Partners"}},"wdio_ui5_key":"sapm.GenericTile{\"header\":\"Manage Partners\"}"}]}
RESULT: {"script":"<script> [1562 bytes]","args":[{"selector":{"controlType":"sap.m.GenericTile","properties":{"header":"Manage Partners"}},"wdio_ui5_key":"sapm.GenericTile{\"header\":\"Manage Partners\"}"}]}
RESULT: undefined
COMMAND: POST /session/642ad19be169e36e022e3d28efff7052/element - {"using":"xpath","value":"//*[@id=\"__tile38\"]"}
RESULT: {"using":"xpath","value":"//*[@id=\"__tile38\"]"}
COMMAND: POST /session/642ad19be169e36e022e3d28efff7052/element/f.21B09363EEE0F7374535FA133A9E79B8.d.F0EFA17187F6D7A1F0E3B02D1E1421E6.e.7000/click - {}
RESULT: {}
COMMAND: POST /session/642ad19be169e36e022e3d28efff7052/element - {"using":"xpath","value":"//button[@data-kt=\"addButton\"]"}
COMMAND: GET /session/642ad19be169e36e022e3d28efff7052/screenshot - {}
RESULT: {"using":"xpath","value":"//button[@data-kt=\"addButton\"]"}
COMMAND: POST /session/642ad19be169e36e022e3d28efff7052/elements - {"using":"xpath","value":"//button[@data-kt=\"addButton\"]"}
RESULT: {}
RESULT: {"using":"xpath","value":"//button[@data-kt=\"addButton\"]"}
COMMAND: POST /session/642ad19be169e36e022e3d28efff7052/elements - {"using":"xpath","value":"//button[@data-kt=\"addButton\"]"}
RESULT: {"using":"xpath","value":"//button[@data-kt=\"addButton\"]"}
COMMAND: POST /session/642ad19be169e36e022e3d28efff7052/elements - {"using":"xpath","value":"//button[@data-kt=\"addButton\"]"}
RESULT: {"using":"xpath","value":"//button[@data-kt=\"addButton\"]"}
COMMAND: POST /session/642ad19be169e36e022e3d28efff7052/elements - {"using":"xpath","value":"//button[@data-kt=\"addButton\"]"}
RESULT: {"using":"xpath","value":"//button[@data-kt=\"addButton\"]"}
COMMAND: POST /session/642ad19be169e36e022e3d28efff7052/elements - {"using":"xpath","value":"//button[@data-kt=\"addButton\"]"}
RESULT: {"using":"xpath","value":"//button[@data-kt=\"addButton\"]"}
COMMAND: POST /session/642ad19be169e36e022e3d28efff7052/elements - {"using":"xpath","value":"//button[@data-kt=\"addButton\"]"}
RESULT: {"using":"xpath","value":"//button[@data-kt=\"addButton\"]"}
COMMAND: POST /session/642ad19be169e36e022e3d28efff7052/elements - {"using":"xpath","value":"//button[@data-kt=\"addButton\"]"}
RESULT: {"using":"xpath","value":"//button[@data-kt=\"addButton\"]"}
COMMAND: POST /session/642ad19be169e36e022e3d28efff7052/elements - {"using":"xpath","value":"//button[@data-kt=\"addButton\"]"}
RESULT: {"using":"xpath","value":"//button[@data-kt=\"addButton\"]"}
COMMAND: POST /session/642ad19be169e36e022e3d28efff7052/elements - {"using":"xpath","value":"//button[@data-kt=\"addButton\"]"}
RESULT: {"using":"xpath","value":"//button[@data-kt=\"addButton\"]"}
COMMAND: POST /session/642ad19be169e36e022e3d28efff7052/elements - {"using":"xpath","value":"//button[@data-kt=\"addButton\"]"}
RESULT: {"using":"xpath","value":"//button[@data-kt=\"addButton\"]"}
COMMAND: POST /session/642ad19be169e36e022e3d28efff7052/elements - {"using":"xpath","value":"//button[@data-kt=\"addButton\"]"}
RESULT: {"using":"xpath","value":"//button[@data-kt=\"addButton\"]"}
COMMAND: POST /session/642ad19be169e36e022e3d28efff7052/elements - {"using":"xpath","value":"//button[@data-kt=\"addButton\"]"}
RESULT: {"using":"xpath","value":"//button[@data-kt=\"addButton\"]"}
COMMAND: POST /session/642ad19be169e36e022e3d28efff7052/element - {"using":"xpath","value":"//button[@data-kt=\"addButton\"]"}
RESULT: {"using":"xpath","value":"//button[@data-kt=\"addButton\"]"}
COMMAND: POST /session/642ad19be169e36e022e3d28efff7052/execute/sync - {"script":"<script> [8489 bytes]","args":[{"element-6066-11e4-a52e-4f735466cecf":"f.21B09363EEE0F7374535FA133A9E79B8.d.F0EFA17187F6D7A1F0E3B02D1E1421E6.e.7878","ELEMENT":"f.21B09363EEE0F7374535FA133A9E79B8.d.F0EFA17187F6D7A1F0E3B02D1E1421E6.e.7878"}]}
RESULT: {"script":"<script> [8489 bytes]","args":[{"element-6066-11e4-a52e-4f735466cecf":"f.21B09363EEE0F7374535FA133A9E79B8.d.F0EFA17187F6D7A1F0E3B02D1E1421E6.e.7878","ELEMENT":"f.21B09363EEE0F7374535FA133A9E79B8.d.F0EFA17187F6D7A1F0E3B02D1E1421E6.e.7878"}]}
COMMAND: GET /session/642ad19be169e36e022e3d28efff7052/element/f.21B09363EEE0F7374535FA133A9E79B8.d.F0EFA17187F6D7A1F0E3B02D1E1421E6.e.7878/enabled - {}
COMMAND: GET /session/642ad19be169e36e022e3d28efff7052/screenshot - {}
RESULT: {}
COMMAND: POST /session/642ad19be169e36e022e3d28efff7052/execute/sync - {"script":"<script> [8489 bytes]","args":[{"element-6066-11e4-a52e-4f735466cecf":"f.21B09363EEE0F7374535FA133A9E79B8.d.F0EFA17187F6D7A1F0E3B02D1E1421E6.e.7878","ELEMENT":"f.21B09363EEE0F7374535FA133A9E79B8.d.F0EFA17187F6D7A1F0E3B02D1E1421E6.e.7878"}]}
COMMAND: GET /session/642ad19be169e36e022e3d28efff7052/screenshot - {}
RESULT: {}
RESULT: {"script":"<script> [8489 bytes]","args":[{"element-6066-11e4-a52e-4f735466cecf":"f.21B09363EEE0F7374535FA133A9E79B8.d.F0EFA17187F6D7A1F0E3B02D1E1421E6.e.7878","ELEMENT":"f.21B09363EEE0F7374535FA133A9E79B8.d.F0EFA17187F6D7A1F0E3B02D1E1421E6.e.7878"}]}
COMMAND: POST /session/642ad19be169e36e022e3d28efff7052/execute/sync - {"script":"<script> [5351 bytes]","args":[{"element-6066-11e4-a52e-4f735466cecf":"f.21B09363EEE0F7374535FA133A9E79B8.d.F0EFA17187F6D7A1F0E3B02D1E1421E6.e.7878","ELEMENT":"f.21B09363EEE0F7374535FA133A9E79B8.d.F0EFA17187F6D7A1F0E3B02D1E1421E6.e.7878"}]}
COMMAND: GET /session/642ad19be169e36e022e3d28efff7052/screenshot - {}
RESULT: {}
RESULT: {"script":"<script> [5351 bytes]","args":[{"element-6066-11e4-a52e-4f735466cecf":"f.21B09363EEE0F7374535FA133A9E79B8.d.F0EFA17187F6D7A1F0E3B02D1E1421E6.e.7878","ELEMENT":"f.21B09363EEE0F7374535FA133A9E79B8.d.F0EFA17187F6D7A1F0E3B02D1E1421E6.e.7878"}]}
COMMAND: POST /session/642ad19be169e36e022e3d28efff7052/element/f.21B09363EEE0F7374535FA133A9E79B8.d.F0EFA17187F6D7A1F0E3B02D1E1421E6.e.7878/click - {}
COMMAND: GET /session/642ad19be169e36e022e3d28efff7052/screenshot - {}
RESULT: {}
RESULT: {}
COMMAND: GET /session/642ad19be169e36e022e3d28efff7052/screenshot - {}
RESULT: {}
RESULT: {}
COMMAND: POST /session/642ad19be169e36e022e3d28efff7052/execute/async - {"script":"<script> [1562 bytes]","args":[{"selector":{"id":"application-managepartners-display-component---NewPartner--addressDetailDetailsName1","interaction":{"idSuffix":"inner"}},"wdio_ui5_key":"applicationmanagepartners-display-component---NewPartner--addressDetailDetailsName1"}]}
RESULT: {"script":"<script> [1562 bytes]","args":[{"selector":{"id":"application-managepartners-display-component---NewPartner--addressDetailDetailsName1","interaction":{"idSuffix":"inner"}},"wdio_ui5_key":"applicationmanagepartners-display-component---NewPartner--addressDetailDetailsName1"}]}
RESULT: undefined
COMMAND: POST /session/642ad19be169e36e022e3d28efff7052/execute/async - {"script":"<script> [776 bytes]","args":[{"enterText":"Intracompany Partner WDIO","selector":{"id":"application-managepartners-display-component---NewPartner--addressDetailDetailsName1","interaction":{"idSuffix":"inner"}},"clearTextFirst":true,"interactionType":"ENTER_TEXT"}]}
RESULT: {"script":"<script> [776 bytes]","args":[{"enterText":"Intracompany Partner WDIO","selector":{"id":"application-managepartners-display-component---NewPartner--addressDetailDetailsName1","interaction":{"idSuffix":"inner"}},"clearTextFirst":true,"interactionType":"ENTER_TEXT"}]}
COMMAND: POST /session/642ad19be169e36e022e3d28efff7052/execute/async - {"script":"<script> [1562 bytes]","args":[{"selector":{"id":"application-managepartners-display-component---NewPartner--addressDetailDetailsLanguage-arrow"},"wdio_ui5_key":"applicationmanagepartners-display-component---NewPartner--addressDetailDetailsLanguage-arrow"}]}
RESULT: {"script":"<script> [1562 bytes]","args":[{"selector":{"id":"application-managepartners-display-component---NewPartner--addressDetailDetailsLanguage-arrow"},"wdio_ui5_key":"applicationmanagepartners-display-component---NewPartner--addressDetailDetailsLanguage-arrow"}]}
RESULT: undefined
COMMAND: POST /session/642ad19be169e36e022e3d28efff7052/element - {"using":"xpath","value":"//*[@id=\"application-managepartners-display-component---NewPartner--addressDetailDetailsLanguage-arrow\"]"}
RESULT: {"using":"xpath","value":"//*[@id=\"application-managepartners-display-component---NewPartner--addressDetailDetailsLanguage-arrow\"]"}
COMMAND: POST /session/642ad19be169e36e022e3d28efff7052/element/f.21B09363EEE0F7374535FA133A9E79B8.d.F0EFA17187F6D7A1F0E3B02D1E1421E6.e.8320/click - {}
RESULT: {}
COMMAND: POST /session/642ad19be169e36e022e3d28efff7052/element - {"using":"xpath","value":"//span[contains(text(), \"English\")]"}
COMMAND: GET /session/642ad19be169e36e022e3d28efff7052/screenshot - {}
RESULT: {"using":"xpath","value":"//span[contains(text(), \"English\")]"}
COMMAND: POST /session/642ad19be169e36e022e3d28efff7052/element/f.21B09363EEE0F7374535FA133A9E79B8.d.F0EFA17187F6D7A1F0E3B02D1E1421E6.e.8321/click - {}
RESULT: {}
RESULT: {}
COMMAND: GET /session/642ad19be169e36e022e3d28efff7052/screenshot - {}
RESULT: {}
COMMAND: POST /session/642ad19be169e36e022e3d28efff7052/execute/async - {"script":"<script> [1562 bytes]","args":[{"selector":{"id":"application-managepartners-display-component---NewPartner--addressDetailDetailsCity1","interaction":{"idSuffix":"inner"}},"wdio_ui5_key":"applicationmanagepartners-display-component---NewPartner--addressDetailDetailsCity1"}]}
RESULT: {"script":"<script> [1562 bytes]","args":[{"selector":{"id":"application-managepartners-display-component---NewPartner--addressDetailDetailsCity1","interaction":{"idSuffix":"inner"}},"wdio_ui5_key":"applicationmanagepartners-display-component---NewPartner--addressDetailDetailsCity1"}]}
RESULT: undefined
COMMAND: POST /session/642ad19be169e36e022e3d28efff7052/execute/async - {"script":"<script> [776 bytes]","args":[{"enterText":"Rosario","selector":{"id":"application-managepartners-display-component---NewPartner--addressDetailDetailsCity1","interaction":{"idSuffix":"inner"}},"clearTextFirst":true,"interactionType":"ENTER_TEXT"}]}
RESULT: {"script":"<script> [776 bytes]","args":[{"enterText":"Rosario","selector":{"id":"application-managepartners-display-component---NewPartner--addressDetailDetailsCity1","interaction":{"idSuffix":"inner"}},"clearTextFirst":true,"interactionType":"ENTER_TEXT"}]}
COMMAND: POST /session/642ad19be169e36e022e3d28efff7052/execute/async - {"script":"<script> [1562 bytes]","args":[{"selector":{"id":"application-managepartners-display-component---NewPartner--addressDetailDetailsCountry-arrow"},"wdio_ui5_key":"applicationmanagepartners-display-component---NewPartner--addressDetailDetailsCountry-arrow"}]}
RESULT: {"script":"<script> [1562 bytes]","args":[{"selector":{"id":"application-managepartners-display-component---NewPartner--addressDetailDetailsCountry-arrow"},"wdio_ui5_key":"applicationmanagepartners-display-component---NewPartner--addressDetailDetailsCountry-arrow"}]}
RESULT: undefined
COMMAND: POST /session/642ad19be169e36e022e3d28efff7052/element - {"using":"xpath","value":"//*[@id=\"application-managepartners-display-component---NewPartner--addressDetailDetailsCountry-arrow\"]"}
RESULT: {"using":"xpath","value":"//*[@id=\"application-managepartners-display-component---NewPartner--addressDetailDetailsCountry-arrow\"]"}
COMMAND: POST /session/642ad19be169e36e022e3d28efff7052/element/f.21B09363EEE0F7374535FA133A9E79B8.d.F0EFA17187F6D7A1F0E3B02D1E1421E6.e.8299/click - {}
RESULT: {}
COMMAND: POST /session/642ad19be169e36e022e3d28efff7052/element - {"using":"xpath","value":"//span[contains(text(), \"Argentina\")]"}
COMMAND: GET /session/642ad19be169e36e022e3d28efff7052/screenshot - {}
RESULT: {"using":"xpath","value":"//span[contains(text(), \"Argentina\")]"}
COMMAND: POST /session/642ad19be169e36e022e3d28efff7052/element/f.21B09363EEE0F7374535FA133A9E79B8.d.F0EFA17187F6D7A1F0E3B02D1E1421E6.e.8323/click - {}
RESULT: {}
RESULT: {}
COMMAND: GET /session/642ad19be169e36e022e3d28efff7052/screenshot - {}
RESULT: {}
COMMAND: POST /session/642ad19be169e36e022e3d28efff7052/element - {"using":"xpath","value":"//bdi[contains(text(), \"Commercial\")]"}
RESULT: {"using":"xpath","value":"//bdi[contains(text(), \"Commercial\")]"}
COMMAND: POST /session/642ad19be169e36e022e3d28efff7052/element/f.21B09363EEE0F7374535FA133A9E79B8.d.F0EFA17187F6D7A1F0E3B02D1E1421E6.e.8324/click - {}
RESULT: {}
COMMAND: GET /session/642ad19be169e36e022e3d28efff7052/screenshot - {}
RESULT: {}
COMMAND: POST /session/642ad19be169e36e022e3d28efff7052/execute/async - {"script":"<script> [1562 bytes]","args":[{"selector":{"id":"application-managepartners-display-component---NewPartner--partnerDetailInternal-arrow"},"wdio_ui5_key":"applicationmanagepartners-display-component---NewPartner--partnerDetailInternal-arrow"}]}
RESULT: {"script":"<script> [1562 bytes]","args":[{"selector":{"id":"application-managepartners-display-component---NewPartner--partnerDetailInternal-arrow"},"wdio_ui5_key":"applicationmanagepartners-display-component---NewPartner--partnerDetailInternal-arrow"}]}
RESULT: undefined
COMMAND: POST /session/642ad19be169e36e022e3d28efff7052/element - {"using":"xpath","value":"//*[@id=\"application-managepartners-display-component---NewPartner--partnerDetailInternal-arrow\"]"}
RESULT: {"using":"xpath","value":"//*[@id=\"application-managepartners-display-component---NewPartner--partnerDetailInternal-arrow\"]"}
COMMAND: POST /session/642ad19be169e36e022e3d28efff7052/element/f.21B09363EEE0F7374535FA133A9E79B8.d.F0EFA17187F6D7A1F0E3B02D1E1421E6.e.8331/click - {}
RESULT: {}
COMMAND: POST /session/642ad19be169e36e022e3d28efff7052/element - {"using":"xpath","value":"//span[contains(text(), \"Affiliated company\")]"}
COMMAND: GET /session/642ad19be169e36e022e3d28efff7052/screenshot - {}
RESULT: {"using":"xpath","value":"//span[contains(text(), \"Affiliated company\")]"}
COMMAND: POST /session/642ad19be169e36e022e3d28efff7052/element/f.21B09363EEE0F7374535FA133A9E79B8.d.F0EFA17187F6D7A1F0E3B02D1E1421E6.e.8332/click - {}
RESULT: {}
RESULT: {}
COMMAND: POST /session/642ad19be169e36e022e3d28efff7052/execute/async - {"script":"<script> [1562 bytes]","args":[{"selector":{"id":"application-managepartners-display-component---NewPartner--partnerDetailsCurrency-arrow"},"wdio_ui5_key":"applicationmanagepartners-display-component---NewPartner--partnerDetailsCurrency-arrow"}]}
COMMAND: GET /session/642ad19be169e36e022e3d28efff7052/screenshot - {}
RESULT: {"script":"<script> [1562 bytes]","args":[{"selector":{"id":"application-managepartners-display-component---NewPartner--partnerDetailsCurrency-arrow"},"wdio_ui5_key":"applicationmanagepartners-display-component---NewPartner--partnerDetailsCurrency-arrow"}]}
RESULT: undefined
COMMAND: POST /session/642ad19be169e36e022e3d28efff7052/element - {"using":"xpath","value":"//*[@id=\"application-managepartners-display-component---NewPartner--partnerDetailsCurrency-arrow\"]"}
RESULT: {}
RESULT: {"using":"xpath","value":"//*[@id=\"application-managepartners-display-component---NewPartner--partnerDetailsCurrency-arrow\"]"}
COMMAND: POST /session/642ad19be169e36e022e3d28efff7052/element/f.21B09363EEE0F7374535FA133A9E79B8.d.F0EFA17187F6D7A1F0E3B02D1E1421E6.e.8339/click - {}
RESULT: {}
COMMAND: POST /session/642ad19be169e36e022e3d28efff7052/element - {"using":"xpath","value":"//span[contains(text(), \"Euro\")]"}
COMMAND: GET /session/642ad19be169e36e022e3d28efff7052/screenshot - {}
RESULT: {"using":"xpath","value":"//span[contains(text(), \"Euro\")]"}
COMMAND: POST /session/642ad19be169e36e022e3d28efff7052/element/f.21B09363EEE0F7374535FA133A9E79B8.d.F0EFA17187F6D7A1F0E3B02D1E1421E6.e.8340/click - {}
RESULT: {}
RESULT: {}
COMMAND: POST /session/642ad19be169e36e022e3d28efff7052/execute/async - {"script":"<script> [1562 bytes]","args":[{"selector":{"id":"application-managepartners-display-component---NewPartner--addressEditDetailsCostObjectCstType-arrow"},"wdio_ui5_key":"applicationmanagepartners-display-component---NewPartner--addressEditDetailsCostObjectCstType-arrow"}]}
COMMAND: GET /session/642ad19be169e36e022e3d28efff7052/screenshot - {}
RESULT: {"script":"<script> [1562 bytes]","args":[{"selector":{"id":"application-managepartners-display-component---NewPartner--addressEditDetailsCostObjectCstType-arrow"},"wdio_ui5_key":"applicationmanagepartners-display-component---NewPartner--addressEditDetailsCostObjectCstType-arrow"}]}
RESULT: undefined
COMMAND: POST /session/642ad19be169e36e022e3d28efff7052/element - {"using":"xpath","value":"//*[@id=\"application-managepartners-display-component---NewPartner--addressEditDetailsCostObjectCstType-arrow\"]"}
RESULT: {}
RESULT: {"using":"xpath","value":"//*[@id=\"application-managepartners-display-component---NewPartner--addressEditDetailsCostObjectCstType-arrow\"]"}
COMMAND: POST /session/642ad19be169e36e022e3d28efff7052/element/f.21B09363EEE0F7374535FA133A9E79B8.d.F0EFA17187F6D7A1F0E3B02D1E1421E6.e.8341/click - {}
RESULT: {}
COMMAND: POST /session/642ad19be169e36e022e3d28efff7052/element - {"using":"xpath","value":"//span[contains(text(), \"Cost Center\")]"}
COMMAND: GET /session/642ad19be169e36e022e3d28efff7052/screenshot - {}
RESULT: {"using":"xpath","value":"//span[contains(text(), \"Cost Center\")]"}
COMMAND: POST /session/642ad19be169e36e022e3d28efff7052/element/f.21B09363EEE0F7374535FA133A9E79B8.d.F0EFA17187F6D7A1F0E3B02D1E1421E6.e.8342/click - {}
RESULT: {}
RESULT: {}
COMMAND: GET /session/642ad19be169e36e022e3d28efff7052/screenshot - {}
RESULT: {}
COMMAND: POST /session/642ad19be169e36e022e3d28efff7052/element - {"using":"xpath","value":"//span[@id=\"application-managepartners-display-component---NewPartner--addressNewCostObjectCstID-vhi\"]"}
RESULT: {"using":"xpath","value":"//span[@id=\"application-managepartners-display-component---NewPartner--addressNewCostObjectCstID-vhi\"]"}
COMMAND: POST /session/642ad19be169e36e022e3d28efff7052/execute/sync - {"script":"<script> [8489 bytes]","args":[{"element-6066-11e4-a52e-4f735466cecf":"f.21B09363EEE0F7374535FA133A9E79B8.d.F0EFA17187F6D7A1F0E3B02D1E1421E6.e.8346","ELEMENT":"f.21B09363EEE0F7374535FA133A9E79B8.d.F0EFA17187F6D7A1F0E3B02D1E1421E6.e.8346"}]}
RESULT: {"script":"<script> [8489 bytes]","args":[{"element-6066-11e4-a52e-4f735466cecf":"f.21B09363EEE0F7374535FA133A9E79B8.d.F0EFA17187F6D7A1F0E3B02D1E1421E6.e.8346","ELEMENT":"f.21B09363EEE0F7374535FA133A9E79B8.d.F0EFA17187F6D7A1F0E3B02D1E1421E6.e.8346"}]}
COMMAND: POST /session/642ad19be169e36e022e3d28efff7052/execute/async - {"script":"<script> [1562 bytes]","args":[{"selector":{"id":"application-managepartners-display-component---NewPartner--addressNewCostObjectCstID-vhi"},"wdio_ui5_key":"applicationmanagepartners-display-component---NewPartner--addressNewCostObjectCstID-vhi"}]}
COMMAND: GET /session/642ad19be169e36e022e3d28efff7052/screenshot - {}
RESULT: {"script":"<script> [1562 bytes]","args":[{"selector":{"id":"application-managepartners-display-component---NewPartner--addressNewCostObjectCstID-vhi"},"wdio_ui5_key":"applicationmanagepartners-display-component---NewPartner--addressNewCostObjectCstID-vhi"}]}
RESULT: undefined
COMMAND: POST /session/642ad19be169e36e022e3d28efff7052/element - {"using":"xpath","value":"//*[@id=\"application-managepartners-display-component---NewPartner--addressNewCostObjectCstID-vhi\"]"}
RESULT: {}
RESULT: {"using":"xpath","value":"//*[@id=\"application-managepartners-display-component---NewPartner--addressNewCostObjectCstID-vhi\"]"}
COMMAND: POST /session/642ad19be169e36e022e3d28efff7052/element/f.21B09363EEE0F7374535FA133A9E79B8.d.F0EFA17187F6D7A1F0E3B02D1E1421E6.e.8346/click - {}
RESULT: {}
COMMAND: GET /session/642ad19be169e36e022e3d28efff7052/screenshot - {}
RESULT: {}
RESULT: undefined
COMMAND: POST /session/642ad19be169e36e022e3d28efff7052/execute/async - {"script":"<script> [776 bytes]","args":[{"enterText":"10001013","selector":{"controlType":"sap.m.SearchField","properties":{"placeholder":"Search"},"searchOpenDialogs":true,"interaction":{"idSuffix":"I"}},"clearTextFirst":true,"interactionType":"ENTER_TEXT"}]}
RESULT: {"script":"<script> [776 bytes]","args":[{"enterText":"10001013","selector":{"controlType":"sap.m.SearchField","properties":{"placeholder":"Search"},"searchOpenDialogs":true,"interaction":{"idSuffix":"I"}},"clearTextFirst":true,"interactionType":"ENTER_TEXT"}]}
COMMAND: POST /session/642ad19be169e36e022e3d28efff7052/actions - {"actions":[{"id":"action24","type":"key","parameters":{},"actions":[{"type":"keyDown","value":"î€‡"},{"type":"pause","duration":10},{"type":"keyUp","value":"î€‡"}]}]}
RESULT: {"actions":[{"id":"action24","type":"key","parameters":{},"actions":[{"type":"keyDown","value":"î€‡"},{"type":"pause","duration":10},{"type":"keyUp","value":"î€‡"}]}]}
COMMAND: GET /session/642ad19be169e36e022e3d28efff7052/screenshot - {}
RESULT: {}
COMMAND: POST /session/642ad19be169e36e022e3d28efff7052/element - {"using":"xpath","value":"//span[contains(text(), \"General Management\")]"}
RESULT: {"using":"xpath","value":"//span[contains(text(), \"General Management\")]"}
COMMAND: POST /session/642ad19be169e36e022e3d28efff7052/element/f.21B09363EEE0F7374535FA133A9E79B8.d.F0EFA17187F6D7A1F0E3B02D1E1421E6.e.8354/click - {}
RESULT: {}
COMMAND: GET /session/642ad19be169e36e022e3d28efff7052/screenshot - {}
RESULT: {}
COMMAND: POST /session/642ad19be169e36e022e3d28efff7052/element - {"using":"xpath","value":"//bdi[contains(text(), \"OK\")]"}
RESULT: {"using":"xpath","value":"//bdi[contains(text(), \"OK\")]"}
COMMAND: POST /session/642ad19be169e36e022e3d28efff7052/element/f.21B09363EEE0F7374535FA133A9E79B8.d.F0EFA17187F6D7A1F0E3B02D1E1421E6.e.8356/click - {}
RESULT: {}
COMMAND: GET /session/642ad19be169e36e022e3d28efff7052/screenshot - {}
RESULT: {}
COMMAND: POST /session/642ad19be169e36e022e3d28efff7052/element - {"using":"xpath","value":"//input[@id=\"application-managepartners-display-component---NewPartner--companyCodeComboBox-inner\"]"}
RESULT: {"using":"xpath","value":"//input[@id=\"application-managepartners-display-component---NewPartner--companyCodeComboBox-inner\"]"}
COMMAND: POST /session/642ad19be169e36e022e3d28efff7052/element/f.21B09363EEE0F7374535FA133A9E79B8.d.F0EFA17187F6D7A1F0E3B02D1E1421E6.e.8233/clear - {}
RESULT: {}
COMMAND: POST /session/642ad19be169e36e022e3d28efff7052/element/f.21B09363EEE0F7374535FA133A9E79B8.d.F0EFA17187F6D7A1F0E3B02D1E1421E6.e.8233/value - {"text":"1000"}
COMMAND: GET /session/642ad19be169e36e022e3d28efff7052/screenshot - {}
RESULT: {"text":"1000"}
COMMAND: GET /session/642ad19be169e36e022e3d28efff7052/screenshot - {}
RESULT: {}
RESULT: {}
COMMAND: POST /session/642ad19be169e36e022e3d28efff7052/element - {"using":"xpath","value":"//span[contains(text(), \"1000\")]"}
RESULT: {"using":"xpath","value":"//span[contains(text(), \"1000\")]"}
COMMAND: POST /session/642ad19be169e36e022e3d28efff7052/element/f.21B09363EEE0F7374535FA133A9E79B8.d.F0EFA17187F6D7A1F0E3B02D1E1421E6.e.8362/click - {}
RESULT: {}
COMMAND: GET /session/642ad19be169e36e022e3d28efff7052/screenshot - {}
RESULT: {}
COMMAND: POST /session/642ad19be169e36e022e3d28efff7052/execute/async - {"script":"<script> [1562 bytes]","args":[{"selector":{"id":"application-managepartners-display-component---NewPartner--btnAddTableRow-img"},"wdio_ui5_key":"applicationmanagepartners-display-component---NewPartner--btnAddTableRow-img"}]}
RESULT: {"script":"<script> [1562 bytes]","args":[{"selector":{"id":"application-managepartners-display-component---NewPartner--btnAddTableRow-img"},"wdio_ui5_key":"applicationmanagepartners-display-component---NewPartner--btnAddTableRow-img"}]}
RESULT: undefined
COMMAND: POST /session/642ad19be169e36e022e3d28efff7052/element - {"using":"xpath","value":"//*[@id=\"application-managepartners-display-component---NewPartner--btnAddTableRow-img\"]"}
RESULT: {"using":"xpath","value":"//*[@id=\"application-managepartners-display-component---NewPartner--btnAddTableRow-img\"]"}
COMMAND: POST /session/642ad19be169e36e022e3d28efff7052/element/f.21B09363EEE0F7374535FA133A9E79B8.d.F0EFA17187F6D7A1F0E3B02D1E1421E6.e.8363/click - {}
RESULT: {}
COMMAND: GET /session/642ad19be169e36e022e3d28efff7052/screenshot - {}
RESULT: {}
COMMAND: POST /session/642ad19be169e36e022e3d28efff7052/element - {"using":"xpath","value":"//input[@id=\"application-managepartners-display-component---NewPartner--assignmentYard-application-managepartners-display-component---NewPartner--assignmentsTable-0-inner\"]"}
RESULT: {"using":"xpath","value":"//input[@id=\"application-managepartners-display-component---NewPartner--assignmentYard-application-managepartners-display-component---NewPartner--assignmentsTable-0-inner\"]"}
COMMAND: POST /session/642ad19be169e36e022e3d28efff7052/element/f.21B09363EEE0F7374535FA133A9E79B8.d.F0EFA17187F6D7A1F0E3B02D1E1421E6.e.8366/clear - {}
RESULT: {}
COMMAND: POST /session/642ad19be169e36e022e3d28efff7052/element/f.21B09363EEE0F7374535FA133A9E79B8.d.F0EFA17187F6D7A1F0E3B02D1E1421E6.e.8366/value - {"text":"601"}
COMMAND: GET /session/642ad19be169e36e022e3d28efff7052/screenshot - {}
RESULT: {"text":"601"}
COMMAND: GET /session/642ad19be169e36e022e3d28efff7052/screenshot - {}
RESULT: {}
RESULT: {}
COMMAND: POST /session/642ad19be169e36e022e3d28efff7052/element - {"using":"xpath","value":"//li[.//span[text()='601']]"}
RESULT: {"using":"xpath","value":"//li[.//span[text()='601']]"}
COMMAND: POST /session/642ad19be169e36e022e3d28efff7052/element/f.21B09363EEE0F7374535FA133A9E79B8.d.F0EFA17187F6D7A1F0E3B02D1E1421E6.e.8375/click - {}
RESULT: {}
COMMAND: GET /session/642ad19be169e36e022e3d28efff7052/screenshot - {}
RESULT: {}
COMMAND: POST /session/642ad19be169e36e022e3d28efff7052/actions - {"actions":[{"id":"action25","type":"key","parameters":{},"actions":[{"type":"keyDown","value":"î€‡"},{"type":"pause","duration":10},{"type":"keyUp","value":"î€‡"}]}]}
RESULT: {"actions":[{"id":"action25","type":"key","parameters":{},"actions":[{"type":"keyDown","value":"î€‡"},{"type":"pause","duration":10},{"type":"keyUp","value":"î€‡"}]}]}
COMMAND: POST /session/642ad19be169e36e022e3d28efff7052/execute/async - {"script":"<script> [1562 bytes]","args":[{"selector":{"id":"application-managepartners-display-component---NewPartner--externalCustomerComboBox-application-managepartners-display-component---NewPartner--assignmentsTable-0-vhi"},"wdio_ui5_key":"applicationmanagepartners-display-component---NewPartner--externalCustomerComboBox-application-managepartners-display-component---NewPartner--assignmentsTable-0-vhi"}]}
COMMAND: GET /session/642ad19be169e36e022e3d28efff7052/screenshot - {}
RESULT: {"script":"<script> [1562 bytes]","args":[{"selector":{"id":"application-managepartners-display-component---NewPartner--externalCustomerComboBox-application-managepartners-display-component---NewPartner--assignmentsTable-0-vhi"},"wdio_ui5_key":"applicationmanagepartners-display-component---NewPartner--externalCustomerComboBox-application-managepartners-display-component---NewPartner--assignmentsTable-0-vhi"}]}
RESULT: undefined
COMMAND: POST /session/642ad19be169e36e022e3d28efff7052/element - {"using":"xpath","value":"//*[@id=\"application-managepartners-display-component---NewPartner--externalCustomerComboBox-application-managepartners-display-component---NewPartner--assignmentsTable-0-vhi\"]"}
RESULT: {}
RESULT: {"using":"xpath","value":"//*[@id=\"application-managepartners-display-component---NewPartner--externalCustomerComboBox-application-managepartners-display-component---NewPartner--assignmentsTable-0-vhi\"]"}
COMMAND: POST /session/642ad19be169e36e022e3d28efff7052/element/f.21B09363EEE0F7374535FA133A9E79B8.d.F0EFA17187F6D7A1F0E3B02D1E1421E6.e.8379/click - {}
RESULT: {}
RESULT: undefined
COMMAND: POST /session/642ad19be169e36e022e3d28efff7052/execute/async - {"script":"<script> [776 bytes]","args":[{"enterText":"300003","selector":{"controlType":"sap.m.SearchField","properties":{"placeholder":"Search"},"searchOpenDialogs":true,"interaction":{"idSuffix":"I"}},"clearTextFirst":true,"interactionType":"ENTER_TEXT"}]}
COMMAND: GET /session/642ad19be169e36e022e3d28efff7052/screenshot - {}
RESULT: {"script":"<script> [776 bytes]","args":[{"enterText":"300003","selector":{"controlType":"sap.m.SearchField","properties":{"placeholder":"Search"},"searchOpenDialogs":true,"interaction":{"idSuffix":"I"}},"clearTextFirst":true,"interactionType":"ENTER_TEXT"}]}
COMMAND: POST /session/642ad19be169e36e022e3d28efff7052/actions - {"actions":[{"id":"action26","type":"key","parameters":{},"actions":[{"type":"keyDown","value":"î€‡"},{"type":"pause","duration":10},{"type":"keyUp","value":"î€‡"}]}]}
RESULT: {}
RESULT: {"actions":[{"id":"action26","type":"key","parameters":{},"actions":[{"type":"keyDown","value":"î€‡"},{"type":"pause","duration":10},{"type":"keyUp","value":"î€‡"}]}]}
COMMAND: GET /session/642ad19be169e36e022e3d28efff7052/screenshot - {}
RESULT: {}
COMMAND: POST /session/642ad19be169e36e022e3d28efff7052/element - {"using":"xpath","value":"//span[contains(text(), \"300003\")]"}
RESULT: {"using":"xpath","value":"//span[contains(text(), \"300003\")]"}
COMMAND: POST /session/642ad19be169e36e022e3d28efff7052/element/f.21B09363EEE0F7374535FA133A9E79B8.d.F0EFA17187F6D7A1F0E3B02D1E1421E6.e.8398/click - {}
RESULT: {}
COMMAND: GET /session/642ad19be169e36e022e3d28efff7052/screenshot - {}
RESULT: {}
COMMAND: POST /session/642ad19be169e36e022e3d28efff7052/element - {"using":"xpath","value":"//bdi[contains(text(), \"OK\")]"}
RESULT: {"using":"xpath","value":"//bdi[contains(text(), \"OK\")]"}
COMMAND: POST /session/642ad19be169e36e022e3d28efff7052/element/f.21B09363EEE0F7374535FA133A9E79B8.d.F0EFA17187F6D7A1F0E3B02D1E1421E6.e.8400/click - {}
RESULT: {}
COMMAND: GET /session/642ad19be169e36e022e3d28efff7052/screenshot - {}
RESULT: {}
COMMAND: POST /session/642ad19be169e36e022e3d28efff7052/execute/async - {"script":"<script> [1562 bytes]","args":[{"selector":{"id":"application-managepartners-display-component---NewPartner--intercompVendorComboBox-application-managepartners-display-component---NewPartner--assignmentsTable-0-vhi"},"wdio_ui5_key":"applicationmanagepartners-display-component---NewPartner--intercompVendorComboBox-application-managepartners-display-component---NewPartner--assignmentsTable-0-vhi"}]}
RESULT: {"script":"<script> [1562 bytes]","args":[{"selector":{"id":"application-managepartners-display-component---NewPartner--intercompVendorComboBox-application-managepartners-display-component---NewPartner--assignmentsTable-0-vhi"},"wdio_ui5_key":"applicationmanagepartners-display-component---NewPartner--intercompVendorComboBox-application-managepartners-display-component---NewPartner--assignmentsTable-0-vhi"}]}
RESULT: undefined
COMMAND: POST /session/642ad19be169e36e022e3d28efff7052/element - {"using":"xpath","value":"//*[@id=\"application-managepartners-display-component---NewPartner--intercompVendorComboBox-application-managepartners-display-component---NewPartner--assignmentsTable-0-vhi\"]"}
RESULT: {"using":"xpath","value":"//*[@id=\"application-managepartners-display-component---NewPartner--intercompVendorComboBox-application-managepartners-display-component---NewPartner--assignmentsTable-0-vhi\"]"}
COMMAND: POST /session/642ad19be169e36e022e3d28efff7052/element/f.21B09363EEE0F7374535FA133A9E79B8.d.F0EFA17187F6D7A1F0E3B02D1E1421E6.e.8403/click - {}
RESULT: {}
RESULT: undefined
COMMAND: POST /session/642ad19be169e36e022e3d28efff7052/execute/async - {"script":"<script> [776 bytes]","args":[{"enterText":"100005","selector":{"controlType":"sap.m.SearchField","properties":{"placeholder":"Search"},"searchOpenDialogs":true,"interaction":{"idSuffix":"I"}},"clearTextFirst":true,"interactionType":"ENTER_TEXT"}]}
COMMAND: GET /session/642ad19be169e36e022e3d28efff7052/screenshot - {}
RESULT: {"script":"<script> [776 bytes]","args":[{"enterText":"100005","selector":{"controlType":"sap.m.SearchField","properties":{"placeholder":"Search"},"searchOpenDialogs":true,"interaction":{"idSuffix":"I"}},"clearTextFirst":true,"interactionType":"ENTER_TEXT"}]}
COMMAND: POST /session/642ad19be169e36e022e3d28efff7052/actions - {"actions":[{"id":"action27","type":"key","parameters":{},"actions":[{"type":"keyDown","value":"î€‡"},{"type":"pause","duration":10},{"type":"keyUp","value":"î€‡"}]}]}
RESULT: {}
RESULT: {"actions":[{"id":"action27","type":"key","parameters":{},"actions":[{"type":"keyDown","value":"î€‡"},{"type":"pause","duration":10},{"type":"keyUp","value":"î€‡"}]}]}
COMMAND: GET /session/642ad19be169e36e022e3d28efff7052/screenshot - {}
RESULT: {}
COMMAND: POST /session/642ad19be169e36e022e3d28efff7052/element - {"using":"xpath","value":"//span[contains(text(), \"Penguins - Field/12345 Berlin\")]"}
RESULT: {"using":"xpath","value":"//span[contains(text(), \"Penguins - Field/12345 Berlin\")]"}
COMMAND: POST /session/642ad19be169e36e022e3d28efff7052/element/f.21B09363EEE0F7374535FA133A9E79B8.d.F0EFA17187F6D7A1F0E3B02D1E1421E6.e.8420/click - {}
RESULT: {}
COMMAND: GET /session/642ad19be169e36e022e3d28efff7052/screenshot - {}
RESULT: {}
COMMAND: POST /session/642ad19be169e36e022e3d28efff7052/element - {"using":"xpath","value":"//bdi[contains(text(), \"OK\")]"}
RESULT: {"using":"xpath","value":"//bdi[contains(text(), \"OK\")]"}
COMMAND: POST /session/642ad19be169e36e022e3d28efff7052/element/f.21B09363EEE0F7374535FA133A9E79B8.d.F0EFA17187F6D7A1F0E3B02D1E1421E6.e.8421/click - {}
RESULT: {}
COMMAND: GET /session/642ad19be169e36e022e3d28efff7052/screenshot - {}
RESULT: {}
COMMAND: POST /session/642ad19be169e36e022e3d28efff7052/element - {"using":"xpath","value":"//button[@data-kt=\"saveButton\"]"}
RESULT: {"using":"xpath","value":"//button[@data-kt=\"saveButton\"]"}
COMMAND: POST /session/642ad19be169e36e022e3d28efff7052/element/f.21B09363EEE0F7374535FA133A9E79B8.d.F0EFA17187F6D7A1F0E3B02D1E1421E6.e.8238/click - {}
RESULT: {}
COMMAND: GET /session/642ad19be169e36e022e3d28efff7052/screenshot - {}
RESULT: {}
COMMAND: POST /session/642ad19be169e36e022e3d28efff7052/element - {"using":"xpath","value":"//header[contains(@id, 'ObjectPageLayout-headerTitle')]/div[1]/div[2]/div[2]/span[1]"}
RESULT: {"using":"xpath","value":"//header[contains(@id, 'ObjectPageLayout-headerTitle')]/div[1]/div[2]/div[2]/span[1]"}
COMMAND: POST /session/642ad19be169e36e022e3d28efff7052/elements - {"using":"xpath","value":"//header[contains(@id, 'ObjectPageLayout-headerTitle')]/div[1]/div[2]/div[2]/span[1]"}
RESULT: {"using":"xpath","value":"//header[contains(@id, 'ObjectPageLayout-headerTitle')]/div[1]/div[2]/div[2]/span[1]"}
COMMAND: POST /session/642ad19be169e36e022e3d28efff7052/execute/sync - {"script":"<script> [56 bytes]","args":[{"element-6066-11e4-a52e-4f735466cecf":"f.21B09363EEE0F7374535FA133A9E79B8.d.F0EFA17187F6D7A1F0E3B02D1E1421E6.e.8589","ELEMENT":"f.21B09363EEE0F7374535FA133A9E79B8.d.F0EFA17187F6D7A1F0E3B02D1E1421E6.e.8589"}]}
RESULT: {"script":"<script> [56 bytes]","args":[{"element-6066-11e4-a52e-4f735466cecf":"f.21B09363EEE0F7374535FA133A9E79B8.d.F0EFA17187F6D7A1F0E3B02D1E1421E6.e.8589","ELEMENT":"f.21B09363EEE0F7374535FA133A9E79B8.d.F0EFA17187F6D7A1F0E3B02D1E1421E6.e.8589"}]}
COMMAND: POST /session/642ad19be169e36e022e3d28efff7052/element - {"using":"css selector","value":"#shell-header-logo"}
COMMAND: GET /session/642ad19be169e36e022e3d28efff7052/screenshot - {}
RESULT: {"using":"css selector","value":"#shell-header-logo"}
COMMAND: POST /session/642ad19be169e36e022e3d28efff7052/element/f.21B09363EEE0F7374535FA133A9E79B8.d.F0EFA17187F6D7A1F0E3B02D1E1421E6.e.7833/click - {}
RESULT: {}
RESULT: {}
COMMAND: GET /session/642ad19be169e36e022e3d28efff7052/screenshot - {}
RESULT: {}
COMMAND: POST /session/642ad19be169e36e022e3d28efff7052/execute/sync - {"script":"<script> [299 bytes]","args":[["getModel","getResource"]]}
RESULT: {"script":"<script> [299 bytes]","args":[["getModel","getResource"]]}
]]></system-out>
    </testcase>
  </testsuite>
  <testsuite timestamp="2025-05-05T17:55:45" time="683.245" tests="12" failures="10" errors="10" skipped="0">
    <properties>
      <property name="specId" value="0" />
      <property name="suiteName" value="Billing transfer US117289" />
      <property name="capabilities" value="chrome.135_0_7049_96.windows" />
      <property name="file" value="file:///D:/a/1/s/test/specs/BTS/billing-transfer.spec.js" />
    </properties>
    <testcase classname="chrome.135_0_7049_96.windows.Billing_transfer_US117289" name="Should create a new yard" time="0.013">
      <system-out><![CDATA[
COMMAND: POST /session/642ad19be169e36e022e3d28efff7052/window/fullscreen - {}
RESULT: {}
]]></system-out>
    </testcase>
    <testcase classname="chrome.135_0_7049_96.windows.Billing_transfer_US117289" name="Should create a new partner" time="0.007" />
  </testsuite>
  <testsuite timestamp="2025-05-05T18:07:08" time="678.095" tests="12" failures="10" errors="10" skipped="0">
    <properties>
      <property name="specId" value="0" />
      <property name="suiteName" value="Create Reverse Billing US127248" />
      <property name="capabilities" value="chrome.135_0_7049_96.windows" />
      <property name="file" value="file:///D:/a/1/s/test/specs/BTS/reverse-billing.spec.js" />
    </properties>
    <testcase classname="chrome.135_0_7049_96.windows.Create_Reverse_Billing_US127248" name="Should create a new yard" time="0.012">
      <system-out><![CDATA[
COMMAND: POST /session/642ad19be169e36e022e3d28efff7052/window/fullscreen - {}
RESULT: {}
]]></system-out>
    </testcase>
    <testcase classname="chrome.135_0_7049_96.windows.Create_Reverse_Billing_US127248" name="Should create a new partner" time="0.006" />
  </testsuite>
</testsuites>