<?xml version="1.0" encoding="UTF-8"?>
<testsuites tests="9" failures="0" errors="0" skipped="0">
  <testsuite timestamp="2025-05-28T15:47:28" time="90.081" tests="1" failures="0" errors="0" skipped="0">
    <properties>
      <property name="specId" value="0"/>
      <property name="suiteName" value="Create a new catalogs section"/>
      <property name="capabilities" value="chrome.136_0_7103_93.windows"/>
      <property name="file" value="file:///D:/a/1/s/test/specs/R2C/create-new-webshop-catalog-section.spec.js"/>
    </properties>
    <testcase classname="chrome.136_0_7103_93.windows.Create_a_new_catalogs_section" name="Should navigate to manage catalogs and add a new section on webshop catalog" time="70.856">
      <system-out><![CDATA[
COMMAND: POST /session/d6087ce9047b762c9e6b213c278266de/execute/async - {"script":"<script> [1562 bytes]","args":[{"selector":{"controlType":"sap.m.GenericTile","properties":{"header":"Manage Catalogs"}},"wdio_ui5_key":"sapm.GenericTile{\"header\":\"Manage Catalogs\"}"}]}
RESULT: {"script":"<script> [1562 bytes]","args":[{"selector":{"controlType":"sap.m.GenericTile","properties":{"header":"Manage Catalogs"}},"wdio_ui5_key":"sapm.GenericTile{\"header\":\"Manage Catalogs\"}"}]}
RESULT: undefined
COMMAND: POST /session/d6087ce9047b762c9e6b213c278266de/element - {"using":"xpath","value":"//*[@id=\"__tile37\"]"}
RESULT: {"using":"xpath","value":"//*[@id=\"__tile37\"]"}
COMMAND: POST /session/d6087ce9047b762c9e6b213c278266de/element/f.3928B9F74E92C4C93CBD9CDC3C97A8D3.d.B021A0E73FB823DB69C2E0CFC17BAF0E.e.110/click - {}
RESULT: {}
COMMAND: GET /session/d6087ce9047b762c9e6b213c278266de/screenshot - {}
RESULT: {}
COMMAND: POST /session/d6087ce9047b762c9e6b213c278266de/elements - {"using":"xpath","value":"//span[text()='Error']"}
RESULT: {"using":"xpath","value":"//span[text()='Error']"}
COMMAND: POST /session/d6087ce9047b762c9e6b213c278266de/execute/async - {"script":"<script> [1562 bytes]","args":[{"selector":{"controlType":"sap.m.Text","viewName":"etm.portal.ui.managecatalogs.view.MasterCatalogs","viewId":"application-managecatalogs-display-component---masterCatalogs","bindingPath":{"path":"/Catalogs('0D7502D073D53A0F1700BE067B89AFF9')","propertyPath":"DESCRIPTION","modelName":"catalogModel"}},"wdio_ui5_key":"etmportal.ui.managecatalogs.view.MasterCatalogssap.m.Text{\"path\":\"/Catalogs('0D7502D073D53A0F1700BE067B89AFF9')\",\"propertyPath\":\"DESCRIPTION\",\"modelName\":\"catalogModel\"}"}]}
RESULT: {"script":"<script> [1562 bytes]","args":[{"selector":{"controlType":"sap.m.Text","viewName":"etm.portal.ui.managecatalogs.view.MasterCatalogs","viewId":"application-managecatalogs-display-component---masterCatalogs","bindingPath":{"path":"/Catalogs('0D7502D073D53A0F1700BE067B89AFF9')","propertyPath":"DESCRIPTION","modelName":"catalogModel"}},"wdio_ui5_key":"etmportal.ui.managecatalogs.view.MasterCatalogssap.m.Text{\"path\":\"/Catalogs('0D7502D073D53A0F1700BE067B89AFF9')\",\"propertyPath\":\"DESCRIPTION\",\"modelName\":\"catalogModel\"}"}]}
RESULT: undefined
COMMAND: POST /session/d6087ce9047b762c9e6b213c278266de/element - {"using":"xpath","value":"//*[@id=\"__text39-application-managecatalogs-display-component---masterCatalogs--CatalogsTable-11\"]"}
RESULT: {"using":"xpath","value":"//*[@id=\"__text39-application-managecatalogs-display-component---masterCatalogs--CatalogsTable-11\"]"}
COMMAND: POST /session/d6087ce9047b762c9e6b213c278266de/element/f.3928B9F74E92C4C93CBD9CDC3C97A8D3.d.B021A0E73FB823DB69C2E0CFC17BAF0E.e.138/click - {}
RESULT: {}
COMMAND: POST /session/d6087ce9047b762c9e6b213c278266de/execute/async - {"script":"<script> [1562 bytes]","args":[{"selector":{"controlType":"sap.ui.layout.HorizontalLayout","viewName":"etm.portal.ui.managecatalogs.view.MasterItems","viewId":"application-managecatalogs-display-component---masterCatalogItems","ancestor":{"id":"application-managecatalogs-display-component---masterCatalogItems--idCatalogItemsTree-rows-row0"}},"wdio_ui5_key":"etmportal.ui.managecatalogs.view.MasterItemssap.ui.layout.HorizontalLayout{\"id\":\"application-managecatalogs-display-component---masterCatalogItems--idCatalogItemsTree-rows-row0\"}"}]}
COMMAND: GET /session/d6087ce9047b762c9e6b213c278266de/screenshot - {}
RESULT: {"script":"<script> [1562 bytes]","args":[{"selector":{"controlType":"sap.ui.layout.HorizontalLayout","viewName":"etm.portal.ui.managecatalogs.view.MasterItems","viewId":"application-managecatalogs-display-component---masterCatalogItems","ancestor":{"id":"application-managecatalogs-display-component---masterCatalogItems--idCatalogItemsTree-rows-row0"}},"wdio_ui5_key":"etmportal.ui.managecatalogs.view.MasterItemssap.ui.layout.HorizontalLayout{\"id\":\"application-managecatalogs-display-component---masterCatalogItems--idCatalogItemsTree-rows-row0\"}"}]}
RESULT: undefined
COMMAND: POST /session/d6087ce9047b762c9e6b213c278266de/element - {"using":"xpath","value":"//*[@id=\"__layout3-__clone11\"]"}
RESULT: {}
RESULT: {"using":"xpath","value":"//*[@id=\"__layout3-__clone11\"]"}
COMMAND: POST /session/d6087ce9047b762c9e6b213c278266de/element/f.3928B9F74E92C4C93CBD9CDC3C97A8D3.d.B021A0E73FB823DB69C2E0CFC17BAF0E.e.174/click - {}
RESULT: {}
COMMAND: GET /session/d6087ce9047b762c9e6b213c278266de/screenshot - {}
RESULT: {}
COMMAND: POST /session/d6087ce9047b762c9e6b213c278266de/execute/async - {"script":"<script> [1562 bytes]","args":[{"selector":{"controlType":"sap.m.Button","viewName":"etm.portal.ui.managecatalogs.view.Detail","viewId":"application-managecatalogs-display-component---detailCatalog","i18NText":{"propertyName":"text","key":"edit"},"interaction":{"idSuffix":"BDI-content"}},"wdio_ui5_key":"etmportal.ui.managecatalogs.view.Detailsap.m.Button{\"propertyName\":\"text\",\"key\":\"edit\"}"}]}
RESULT: {"script":"<script> [1562 bytes]","args":[{"selector":{"controlType":"sap.m.Button","viewName":"etm.portal.ui.managecatalogs.view.Detail","viewId":"application-managecatalogs-display-component---detailCatalog","i18NText":{"propertyName":"text","key":"edit"},"interaction":{"idSuffix":"BDI-content"}},"wdio_ui5_key":"etmportal.ui.managecatalogs.view.Detailsap.m.Button{\"propertyName\":\"text\",\"key\":\"edit\"}"}]}
RESULT: undefined
COMMAND: POST /session/d6087ce9047b762c9e6b213c278266de/element - {"using":"xpath","value":"//*[@id=\"__button35\"]"}
RESULT: {"using":"xpath","value":"//*[@id=\"__button35\"]"}
COMMAND: POST /session/d6087ce9047b762c9e6b213c278266de/element/f.3928B9F74E92C4C93CBD9CDC3C97A8D3.d.B021A0E73FB823DB69C2E0CFC17BAF0E.e.286/click - {}
RESULT: {}
COMMAND: GET /session/d6087ce9047b762c9e6b213c278266de/screenshot - {}
RESULT: {}
COMMAND: POST /session/d6087ce9047b762c9e6b213c278266de/element - {"using":"xpath","value":"//bdi[contains(text(), \"Unlock\")]"}
RESULT: {"using":"xpath","value":"//bdi[contains(text(), \"Unlock\")]"}
COMMAND: POST /session/d6087ce9047b762c9e6b213c278266de/elements - {"using":"xpath","value":"//bdi[contains(text(), \"Unlock\")]"}
RESULT: {"using":"xpath","value":"//bdi[contains(text(), \"Unlock\")]"}
COMMAND: POST /session/d6087ce9047b762c9e6b213c278266de/execute/async - {"script":"<script> [1562 bytes]","args":[{"selector":{"controlType":"sap.ui.core.Icon","viewName":"etm.portal.ui.managecatalogs.view.Detail","viewId":"application-managecatalogs-display-component---detailCatalog","properties":{"src":{"regex":{"source":"add\\-folder"}}}},"wdio_ui5_key":"etmportal.ui.managecatalogs.view.Detailsap.ui.core.Icon{\"src\":{\"regex\":{\"source\":\"add\\\\-folder\"}}}"}]}
RESULT: {"script":"<script> [1562 bytes]","args":[{"selector":{"controlType":"sap.ui.core.Icon","viewName":"etm.portal.ui.managecatalogs.view.Detail","viewId":"application-managecatalogs-display-component---detailCatalog","properties":{"src":{"regex":{"source":"add\\-folder"}}}},"wdio_ui5_key":"etmportal.ui.managecatalogs.view.Detailsap.ui.core.Icon{\"src\":{\"regex\":{\"source\":\"add\\\\-folder\"}}}"}]}
RESULT: undefined
COMMAND: POST /session/d6087ce9047b762c9e6b213c278266de/element - {"using":"xpath","value":"//*[@id=\"__button43-img\"]"}
RESULT: {"using":"xpath","value":"//*[@id=\"__button43-img\"]"}
COMMAND: POST /session/d6087ce9047b762c9e6b213c278266de/element/f.3928B9F74E92C4C93CBD9CDC3C97A8D3.d.B021A0E73FB823DB69C2E0CFC17BAF0E.e.294/click - {}
RESULT: {}
COMMAND: GET /session/d6087ce9047b762c9e6b213c278266de/screenshot - {}
RESULT: {}
COMMAND: POST /session/d6087ce9047b762c9e6b213c278266de/execute/async - {"script":"<script> [1562 bytes]","args":[{"selector":{"id":"application-managecatalogs-display-component---detailCatalog--numberInput","searchOpenDialogs":true,"interaction":{"idSuffix":"inner"}},"wdio_ui5_key":"applicationmanagecatalogs-display-component---detailCatalog--numberInput"}]}
RESULT: {"script":"<script> [1562 bytes]","args":[{"selector":{"id":"application-managecatalogs-display-component---detailCatalog--numberInput","searchOpenDialogs":true,"interaction":{"idSuffix":"inner"}},"wdio_ui5_key":"applicationmanagecatalogs-display-component---detailCatalog--numberInput"}]}
RESULT: undefined
COMMAND: POST /session/d6087ce9047b762c9e6b213c278266de/execute/async - {"script":"<script> [776 bytes]","args":[{"enterText":"Sectionuwjfu","selector":{"id":"application-managecatalogs-display-component---detailCatalog--numberInput","searchOpenDialogs":true,"interaction":{"idSuffix":"inner"}},"clearTextFirst":true,"interactionType":"ENTER_TEXT"}]}
RESULT: {"script":"<script> [776 bytes]","args":[{"enterText":"Sectionuwjfu","selector":{"id":"application-managecatalogs-display-component---detailCatalog--numberInput","searchOpenDialogs":true,"interaction":{"idSuffix":"inner"}},"clearTextFirst":true,"interactionType":"ENTER_TEXT"}]}
COMMAND: POST /session/d6087ce9047b762c9e6b213c278266de/element - {"using":"css selector","value":"#application-managecatalogs-display-component---detailCatalog--nameInput-inner"}
RESULT: {"using":"css selector","value":"#application-managecatalogs-display-component---detailCatalog--nameInput-inner"}
COMMAND: POST /session/d6087ce9047b762c9e6b213c278266de/elements - {"using":"css selector","value":"#application-managecatalogs-display-component---detailCatalog--nameInput-inner"}
RESULT: {"using":"css selector","value":"#application-managecatalogs-display-component---detailCatalog--nameInput-inner"}
COMMAND: POST /session/d6087ce9047b762c9e6b213c278266de/element/f.3928B9F74E92C4C93CBD9CDC3C97A8D3.d.B021A0E73FB823DB69C2E0CFC17BAF0E.e.298/clear - {}
RESULT: {}
COMMAND: POST /session/d6087ce9047b762c9e6b213c278266de/element/f.3928B9F74E92C4C93CBD9CDC3C97A8D3.d.B021A0E73FB823DB69C2E0CFC17BAF0E.e.298/value - {"text":"Webdriverw1xx4"}
COMMAND: GET /session/d6087ce9047b762c9e6b213c278266de/screenshot - {}
RESULT: {"text":"Webdriverw1xx4"}
COMMAND: POST /session/d6087ce9047b762c9e6b213c278266de/execute/async - {"script":"<script> [1562 bytes]","args":[{"selector":{"controlType":"sap.m.Button","viewName":"etm.portal.ui.managecatalogs.view.Detail","viewId":"application-managecatalogs-display-component---detailCatalog","i18NText":{"propertyName":"text","key":"create"},"searchOpenDialogs":true,"interaction":{"idSuffix":"BDI-content"}},"wdio_ui5_key":"etmportal.ui.managecatalogs.view.Detailsap.m.Button{\"propertyName\":\"text\",\"key\":\"create\"}"}]}
COMMAND: GET /session/d6087ce9047b762c9e6b213c278266de/screenshot - {}
RESULT: {}
RESULT: {"script":"<script> [1562 bytes]","args":[{"selector":{"controlType":"sap.m.Button","viewName":"etm.portal.ui.managecatalogs.view.Detail","viewId":"application-managecatalogs-display-component---detailCatalog","i18NText":{"propertyName":"text","key":"create"},"searchOpenDialogs":true,"interaction":{"idSuffix":"BDI-content"}},"wdio_ui5_key":"etmportal.ui.managecatalogs.view.Detailsap.m.Button{\"propertyName\":\"text\",\"key\":\"create\"}"}]}
RESULT: undefined
COMMAND: POST /session/d6087ce9047b762c9e6b213c278266de/element - {"using":"xpath","value":"//*[@id=\"__button13\"]"}
RESULT: {}
RESULT: {"using":"xpath","value":"//*[@id=\"__button13\"]"}
COMMAND: POST /session/d6087ce9047b762c9e6b213c278266de/element/f.3928B9F74E92C4C93CBD9CDC3C97A8D3.d.B021A0E73FB823DB69C2E0CFC17BAF0E.e.304/click - {}
RESULT: {}
COMMAND: GET /session/d6087ce9047b762c9e6b213c278266de/screenshot - {}
RESULT: {}
COMMAND: POST /session/d6087ce9047b762c9e6b213c278266de/element - {"using":"xpath","value":"//button[@title=\"Save\"]"}
RESULT: {"using":"xpath","value":"//button[@title=\"Save\"]"}
COMMAND: POST /session/d6087ce9047b762c9e6b213c278266de/element/f.3928B9F74E92C4C93CBD9CDC3C97A8D3.d.B021A0E73FB823DB69C2E0CFC17BAF0E.e.305/click - {}
RESULT: {}
COMMAND: POST /session/d6087ce9047b762c9e6b213c278266de/execute/async - {"script":"<script> [1562 bytes]","args":[{"selector":{"controlType":"sap.ui.core.Icon","viewName":"etm.portal.ui.managecatalogs.view.Detail","viewId":"application-managecatalogs-display-component---detailCatalog","properties":{"src":{"regex":{"source":"decline"}}}},"wdio_ui5_key":"etmportal.ui.managecatalogs.view.Detailsap.ui.core.Icon{\"src\":{\"regex\":{\"source\":\"decline\"}}}"}]}
COMMAND: GET /session/d6087ce9047b762c9e6b213c278266de/screenshot - {}
RESULT: {"script":"<script> [1562 bytes]","args":[{"selector":{"controlType":"sap.ui.core.Icon","viewName":"etm.portal.ui.managecatalogs.view.Detail","viewId":"application-managecatalogs-display-component---detailCatalog","properties":{"src":{"regex":{"source":"decline"}}}},"wdio_ui5_key":"etmportal.ui.managecatalogs.view.Detailsap.ui.core.Icon{\"src\":{\"regex\":{\"source\":\"decline\"}}}"}]}
RESULT: undefined
COMMAND: POST /session/d6087ce9047b762c9e6b213c278266de/element - {"using":"xpath","value":"//*[@id=\"__button38-img\"]"}
RESULT: {}
RESULT: {"using":"xpath","value":"//*[@id=\"__button38-img\"]"}
COMMAND: POST /session/d6087ce9047b762c9e6b213c278266de/element/f.3928B9F74E92C4C93CBD9CDC3C97A8D3.d.B021A0E73FB823DB69C2E0CFC17BAF0E.e.311/click - {}
RESULT: {}
COMMAND: GET /session/d6087ce9047b762c9e6b213c278266de/screenshot - {}
RESULT: {}
COMMAND: POST /session/d6087ce9047b762c9e6b213c278266de/execute/async - {"script":"<script> [1562 bytes]","args":[{"selector":{"controlType":"sap.ui.core.Icon","viewName":"etm.portal.ui.managecatalogs.view.MasterItems","viewId":"application-managecatalogs-display-component---masterCatalogItems","properties":{"src":{"regex":{"source":"refresh"}}}},"wdio_ui5_key":"etmportal.ui.managecatalogs.view.MasterItemssap.ui.core.Icon{\"src\":{\"regex\":{\"source\":\"refresh\"}}}"}]}
RESULT: {"script":"<script> [1562 bytes]","args":[{"selector":{"controlType":"sap.ui.core.Icon","viewName":"etm.portal.ui.managecatalogs.view.MasterItems","viewId":"application-managecatalogs-display-component---masterCatalogItems","properties":{"src":{"regex":{"source":"refresh"}}}},"wdio_ui5_key":"etmportal.ui.managecatalogs.view.MasterItemssap.ui.core.Icon{\"src\":{\"regex\":{\"source\":\"refresh\"}}}"}]}
RESULT: undefined
COMMAND: POST /session/d6087ce9047b762c9e6b213c278266de/element - {"using":"xpath","value":"//*[@id=\"__button11-img\"]"}
RESULT: {"using":"xpath","value":"//*[@id=\"__button11-img\"]"}
COMMAND: POST /session/d6087ce9047b762c9e6b213c278266de/element/f.3928B9F74E92C4C93CBD9CDC3C97A8D3.d.B021A0E73FB823DB69C2E0CFC17BAF0E.e.345/click - {}
RESULT: {}
COMMAND: POST /session/d6087ce9047b762c9e6b213c278266de/execute/async - {"script":"<script> [1562 bytes]","args":[{"selector":{"id":"application-managecatalogs-display-component---masterCatalogItems--searchItemsField","interaction":{"idSuffix":"I"}},"wdio_ui5_key":"applicationmanagecatalogs-display-component---masterCatalogItems--searchItemsField"}]}
COMMAND: GET /session/d6087ce9047b762c9e6b213c278266de/screenshot - {}
RESULT: {"script":"<script> [1562 bytes]","args":[{"selector":{"id":"application-managecatalogs-display-component---masterCatalogItems--searchItemsField","interaction":{"idSuffix":"I"}},"wdio_ui5_key":"applicationmanagecatalogs-display-component---masterCatalogItems--searchItemsField"}]}
RESULT: undefined
COMMAND: POST /session/d6087ce9047b762c9e6b213c278266de/execute/async - {"script":"<script> [776 bytes]","args":[{"enterText":"Webdriverw1xx4","selector":{"id":"application-managecatalogs-display-component---masterCatalogItems--searchItemsField","interaction":{"idSuffix":"I"}},"clearTextFirst":true,"interactionType":"ENTER_TEXT"}]}
RESULT: {}
RESULT: {"script":"<script> [776 bytes]","args":[{"enterText":"Webdriverw1xx4","selector":{"id":"application-managecatalogs-display-component---masterCatalogItems--searchItemsField","interaction":{"idSuffix":"I"}},"clearTextFirst":true,"interactionType":"ENTER_TEXT"}]}
COMMAND: POST /session/d6087ce9047b762c9e6b213c278266de/actions - {"actions":[{"id":"action1","type":"key","parameters":{},"actions":[{"type":"keyDown","value":""},{"type":"pause","duration":10},{"type":"keyUp","value":""}]}]}
RESULT: {"actions":[{"id":"action1","type":"key","parameters":{},"actions":[{"type":"keyDown","value":""},{"type":"pause","duration":10},{"type":"keyUp","value":""}]}]}
COMMAND: POST /session/d6087ce9047b762c9e6b213c278266de/element - {"using":"xpath","value":"(//span[contains(text(), \"Webdriverw1xx4\")])[1]"}
COMMAND: GET /session/d6087ce9047b762c9e6b213c278266de/screenshot - {}
RESULT: {"using":"xpath","value":"(//span[contains(text(), \"Webdriverw1xx4\")])[1]"}
COMMAND: POST /session/d6087ce9047b762c9e6b213c278266de/element/f.3928B9F74E92C4C93CBD9CDC3C97A8D3.d.B021A0E73FB823DB69C2E0CFC17BAF0E.e.348/click - {}
RESULT: {}
RESULT: {}
COMMAND: GET /session/d6087ce9047b762c9e6b213c278266de/screenshot - {}
RESULT: {}
RESULT: undefined
COMMAND: POST /session/d6087ce9047b762c9e6b213c278266de/element - {"using":"xpath","value":"//*[@id=\"__button35\"]"}
RESULT: {"using":"xpath","value":"//*[@id=\"__button35\"]"}
COMMAND: POST /session/d6087ce9047b762c9e6b213c278266de/element/f.3928B9F74E92C4C93CBD9CDC3C97A8D3.d.B021A0E73FB823DB69C2E0CFC17BAF0E.e.385/click - {}
RESULT: {}
COMMAND: GET /session/d6087ce9047b762c9e6b213c278266de/screenshot - {}
RESULT: {}
RESULT: undefined
COMMAND: POST /session/d6087ce9047b762c9e6b213c278266de/element - {"using":"xpath","value":"//*[@id=\"__button43-img\"]"}
RESULT: {"using":"xpath","value":"//*[@id=\"__button43-img\"]"}
COMMAND: POST /session/d6087ce9047b762c9e6b213c278266de/element/f.3928B9F74E92C4C93CBD9CDC3C97A8D3.d.B021A0E73FB823DB69C2E0CFC17BAF0E.e.434/click - {}
RESULT: {}
COMMAND: GET /session/d6087ce9047b762c9e6b213c278266de/screenshot - {}
RESULT: {}
RESULT: undefined
COMMAND: POST /session/d6087ce9047b762c9e6b213c278266de/execute/async - {"script":"<script> [776 bytes]","args":[{"enterText":"SecondSection6vtva","selector":{"id":"application-managecatalogs-display-component---detailCatalog--numberInput","searchOpenDialogs":true,"interaction":{"idSuffix":"inner"}},"clearTextFirst":true,"interactionType":"ENTER_TEXT"}]}
RESULT: {"script":"<script> [776 bytes]","args":[{"enterText":"SecondSection6vtva","selector":{"id":"application-managecatalogs-display-component---detailCatalog--numberInput","searchOpenDialogs":true,"interaction":{"idSuffix":"inner"}},"clearTextFirst":true,"interactionType":"ENTER_TEXT"}]}
COMMAND: POST /session/d6087ce9047b762c9e6b213c278266de/element - {"using":"xpath","value":"//input[contains(@id ,\"application-managecatalogs-display-component---detailCatalog--nameInput-inner\")]"}
RESULT: {"using":"xpath","value":"//input[contains(@id ,\"application-managecatalogs-display-component---detailCatalog--nameInput-inner\")]"}
COMMAND: POST /session/d6087ce9047b762c9e6b213c278266de/elements - {"using":"xpath","value":"//input[contains(@id ,\"application-managecatalogs-display-component---detailCatalog--nameInput-inner\")]"}
RESULT: {"using":"xpath","value":"//input[contains(@id ,\"application-managecatalogs-display-component---detailCatalog--nameInput-inner\")]"}
COMMAND: POST /session/d6087ce9047b762c9e6b213c278266de/element/f.3928B9F74E92C4C93CBD9CDC3C97A8D3.d.B021A0E73FB823DB69C2E0CFC17BAF0E.e.438/clear - {}
RESULT: {}
COMMAND: POST /session/d6087ce9047b762c9e6b213c278266de/element/f.3928B9F74E92C4C93CBD9CDC3C97A8D3.d.B021A0E73FB823DB69C2E0CFC17BAF0E.e.438/value - {"text":"webdriversecondeyis6h"}
COMMAND: GET /session/d6087ce9047b762c9e6b213c278266de/screenshot - {}
RESULT: {"text":"webdriversecondeyis6h"}
COMMAND: POST /session/d6087ce9047b762c9e6b213c278266de/execute/async - {"script":"<script> [1562 bytes]","args":[{"selector":{"id":"application-managecatalogs-display-component---detailCatalog--nameInput","searchOpenDialogs":true,"interaction":{"idSuffix":"inner"}},"wdio_ui5_key":"applicationmanagecatalogs-display-component---detailCatalog--nameInput"}]}
COMMAND: GET /session/d6087ce9047b762c9e6b213c278266de/screenshot - {}
RESULT: {}
RESULT: {"script":"<script> [1562 bytes]","args":[{"selector":{"id":"application-managecatalogs-display-component---detailCatalog--nameInput","searchOpenDialogs":true,"interaction":{"idSuffix":"inner"}},"wdio_ui5_key":"applicationmanagecatalogs-display-component---detailCatalog--nameInput"}]}
RESULT: undefined
COMMAND: POST /session/d6087ce9047b762c9e6b213c278266de/execute/async - {"script":"<script> [776 bytes]","args":[{"enterText":"webdriversecondeyis6h","selector":{"id":"application-managecatalogs-display-component---detailCatalog--nameInput","searchOpenDialogs":true,"interaction":{"idSuffix":"inner"}},"clearTextFirst":true,"interactionType":"ENTER_TEXT"}]}
RESULT: {}
RESULT: {"script":"<script> [776 bytes]","args":[{"enterText":"webdriversecondeyis6h","selector":{"id":"application-managecatalogs-display-component---detailCatalog--nameInput","searchOpenDialogs":true,"interaction":{"idSuffix":"inner"}},"clearTextFirst":true,"interactionType":"ENTER_TEXT"}]}
RESULT: undefined
COMMAND: POST /session/d6087ce9047b762c9e6b213c278266de/element - {"using":"xpath","value":"//*[@id=\"__button13\"]"}
RESULT: {"using":"xpath","value":"//*[@id=\"__button13\"]"}
COMMAND: POST /session/d6087ce9047b762c9e6b213c278266de/element/f.3928B9F74E92C4C93CBD9CDC3C97A8D3.d.B021A0E73FB823DB69C2E0CFC17BAF0E.e.442/click - {}
RESULT: {}
COMMAND: GET /session/d6087ce9047b762c9e6b213c278266de/screenshot - {}
RESULT: {}
COMMAND: POST /session/d6087ce9047b762c9e6b213c278266de/element - {"using":"xpath","value":"//button[@title=\"Save\"]"}
RESULT: {"using":"xpath","value":"//button[@title=\"Save\"]"}
COMMAND: POST /session/d6087ce9047b762c9e6b213c278266de/element/f.3928B9F74E92C4C93CBD9CDC3C97A8D3.d.B021A0E73FB823DB69C2E0CFC17BAF0E.e.420/click - {}
RESULT: {}
COMMAND: GET /session/d6087ce9047b762c9e6b213c278266de/screenshot - {}
RESULT: {}
RESULT: undefined
COMMAND: POST /session/d6087ce9047b762c9e6b213c278266de/element - {"using":"xpath","value":"//*[@id=\"__button38-img\"]"}
RESULT: {"using":"xpath","value":"//*[@id=\"__button38-img\"]"}
COMMAND: POST /session/d6087ce9047b762c9e6b213c278266de/element/f.3928B9F74E92C4C93CBD9CDC3C97A8D3.d.B021A0E73FB823DB69C2E0CFC17BAF0E.e.392/click - {}
RESULT: {}
COMMAND: GET /session/d6087ce9047b762c9e6b213c278266de/screenshot - {}
RESULT: {}
RESULT: undefined
COMMAND: POST /session/d6087ce9047b762c9e6b213c278266de/element - {"using":"xpath","value":"//*[@id=\"__button11-img\"]"}
RESULT: {"using":"xpath","value":"//*[@id=\"__button11-img\"]"}
COMMAND: POST /session/d6087ce9047b762c9e6b213c278266de/element/f.3928B9F74E92C4C93CBD9CDC3C97A8D3.d.B021A0E73FB823DB69C2E0CFC17BAF0E.e.480/click - {}
RESULT: {}
COMMAND: GET /session/d6087ce9047b762c9e6b213c278266de/screenshot - {}
RESULT: {}
RESULT: undefined
COMMAND: POST /session/d6087ce9047b762c9e6b213c278266de/execute/async - {"script":"<script> [776 bytes]","args":[{"enterText":"SecondSection6vtva","selector":{"id":"application-managecatalogs-display-component---masterCatalogItems--searchItemsField","interaction":{"idSuffix":"I"}},"clearTextFirst":true,"interactionType":"ENTER_TEXT"}]}
RESULT: {"script":"<script> [776 bytes]","args":[{"enterText":"SecondSection6vtva","selector":{"id":"application-managecatalogs-display-component---masterCatalogItems--searchItemsField","interaction":{"idSuffix":"I"}},"clearTextFirst":true,"interactionType":"ENTER_TEXT"}]}
COMMAND: POST /session/d6087ce9047b762c9e6b213c278266de/actions - {"actions":[{"id":"action2","type":"key","parameters":{},"actions":[{"type":"keyDown","value":""},{"type":"pause","duration":10},{"type":"keyUp","value":""}]}]}
RESULT: {"actions":[{"id":"action2","type":"key","parameters":{},"actions":[{"type":"keyDown","value":""},{"type":"pause","duration":10},{"type":"keyUp","value":""}]}]}
COMMAND: POST /session/d6087ce9047b762c9e6b213c278266de/element - {"using":"xpath","value":"(//span[contains(text(), \"SecondSection6vtva\")])[1]"}
COMMAND: GET /session/d6087ce9047b762c9e6b213c278266de/screenshot - {}
RESULT: {"using":"xpath","value":"(//span[contains(text(), \"SecondSection6vtva\")])[1]"}
COMMAND: POST /session/d6087ce9047b762c9e6b213c278266de/element/f.3928B9F74E92C4C93CBD9CDC3C97A8D3.d.B021A0E73FB823DB69C2E0CFC17BAF0E.e.483/click - {}
RESULT: {}
RESULT: {}
COMMAND: POST /session/d6087ce9047b762c9e6b213c278266de/element - {"using":"xpath","value":"(//span[contains(text(), \"SecondSection6vtva\")])[1]"}
COMMAND: GET /session/d6087ce9047b762c9e6b213c278266de/screenshot - {}
RESULT: {"using":"xpath","value":"(//span[contains(text(), \"SecondSection6vtva\")])[1]"}
COMMAND: GET /session/d6087ce9047b762c9e6b213c278266de/element/f.3928B9F74E92C4C93CBD9CDC3C97A8D3.d.B021A0E73FB823DB69C2E0CFC17BAF0E.e.483/text - {}
RESULT: {}
COMMAND: POST /session/d6087ce9047b762c9e6b213c278266de/element - {"using":"xpath","value":"(//span[contains(text(), \"SecondSection6vtva\")])[1]"}
RESULT: {"using":"xpath","value":"(//span[contains(text(), \"SecondSection6vtva\")])[1]"}
COMMAND: GET /session/d6087ce9047b762c9e6b213c278266de/element/f.3928B9F74E92C4C93CBD9CDC3C97A8D3.d.B021A0E73FB823DB69C2E0CFC17BAF0E.e.483/text - {}
COMMAND: POST /session/d6087ce9047b762c9e6b213c278266de/element - {"using":"xpath","value":"(//span[contains(text(), \"SecondSection6vtva\")])[1]"}
RESULT: {"using":"xpath","value":"(//span[contains(text(), \"SecondSection6vtva\")])[1]"}
COMMAND: GET /session/d6087ce9047b762c9e6b213c278266de/element/f.3928B9F74E92C4C93CBD9CDC3C97A8D3.d.B021A0E73FB823DB69C2E0CFC17BAF0E.e.535/text - {}
RESULT: {}
COMMAND: POST /session/d6087ce9047b762c9e6b213c278266de/element - {"using":"css selector","value":"#shell-header-logo"}
RESULT: {"using":"css selector","value":"#shell-header-logo"}
COMMAND: POST /session/d6087ce9047b762c9e6b213c278266de/element/f.3928B9F74E92C4C93CBD9CDC3C97A8D3.d.B021A0E73FB823DB69C2E0CFC17BAF0E.e.113/click - {}
RESULT: {}
COMMAND: GET /session/d6087ce9047b762c9e6b213c278266de/screenshot - {}
RESULT: {}
COMMAND: POST /session/d6087ce9047b762c9e6b213c278266de/execute/async - {"script":"<script> [1562 bytes]","args":[{"selector":{"controlType":"sap.m.GenericTile","properties":{"header":"Manage Classifications"}},"wdio_ui5_key":"sapm.GenericTile{\"header\":\"Manage Classifications\"}"}]}
RESULT: {"script":"<script> [1562 bytes]","args":[{"selector":{"controlType":"sap.m.GenericTile","properties":{"header":"Manage Classifications"}},"wdio_ui5_key":"sapm.GenericTile{\"header\":\"Manage Classifications\"}"}]}
RESULT: undefined
COMMAND: POST /session/d6087ce9047b762c9e6b213c278266de/element - {"using":"xpath","value":"//*[@id=\"__tile115\"]"}
RESULT: {"using":"xpath","value":"//*[@id=\"__tile115\"]"}
COMMAND: POST /session/d6087ce9047b762c9e6b213c278266de/element/f.3928B9F74E92C4C93CBD9CDC3C97A8D3.d.B021A0E73FB823DB69C2E0CFC17BAF0E.e.540/click - {}
RESULT: {}
COMMAND: GET /session/d6087ce9047b762c9e6b213c278266de/screenshot - {}
RESULT: {}
COMMAND: POST /session/d6087ce9047b762c9e6b213c278266de/elements - {"using":"xpath","value":"//span[text()='Error']"}
RESULT: {"using":"xpath","value":"//span[text()='Error']"}
]]></system-out>
    </testcase>
  </testsuite>
  <testsuite timestamp="2025-05-28T15:48:58" time="220.735" tests="3" failures="0" errors="0" skipped="0">
    <properties>
      <property name="specId" value="0"/>
      <property name="suiteName" value="Manage catalogs - yard assignment classification US138930"/>
      <property name="capabilities" value="chrome.136_0_7103_93.windows"/>
      <property name="file" value="file:///D:/a/1/s/test/specs/R2C/manage-catalogs-yard-assignment-classification.spec.js"/>
    </properties>
    <testcase classname="chrome.136_0_7103_93.windows.Manage_catalogs_-_yard_assignment_classification_US138930" name="Should create a new classification of type yard assignment" time="35.984">
      <system-out><![CDATA[
COMMAND: POST /session/d6087ce9047b762c9e6b213c278266de/execute/async - {"script":"<script> [1562 bytes]","args":[{"selector":{"controlType":"sap.ui.core.Icon","viewName":"etm.portal.ui.manageclassifications.view.Master","viewId":"application-manageclassifications-display-component---classificationMaster","properties":{"src":{"regex":{"source":"add"}}}},"wdio_ui5_key":"etmportal.ui.manageclassifications.view.Mastersap.ui.core.Icon{\"src\":{\"regex\":{\"source\":\"add\"}}}"}]}
RESULT: {"script":"<script> [1562 bytes]","args":[{"selector":{"controlType":"sap.ui.core.Icon","viewName":"etm.portal.ui.manageclassifications.view.Master","viewId":"application-manageclassifications-display-component---classificationMaster","properties":{"src":{"regex":{"source":"add"}}}},"wdio_ui5_key":"etmportal.ui.manageclassifications.view.Mastersap.ui.core.Icon{\"src\":{\"regex\":{\"source\":\"add\"}}}"}]}
RESULT: undefined
COMMAND: POST /session/d6087ce9047b762c9e6b213c278266de/element - {"using":"xpath","value":"//*[@id=\"__button77-img\"]"}
RESULT: {"using":"xpath","value":"//*[@id=\"__button77-img\"]"}
COMMAND: POST /session/d6087ce9047b762c9e6b213c278266de/element/f.3928B9F74E92C4C93CBD9CDC3C97A8D3.d.B021A0E73FB823DB69C2E0CFC17BAF0E.e.578/click - {}
RESULT: {}
COMMAND: POST /session/d6087ce9047b762c9e6b213c278266de/execute/async - {"script":"<script> [1562 bytes]","args":[{"selector":{"id":"application-manageclassifications-display-component---classificationCreate--classHeaderName","interaction":{"idSuffix":"inner"}},"wdio_ui5_key":"applicationmanageclassifications-display-component---classificationCreate--classHeaderName"}]}
COMMAND: GET /session/d6087ce9047b762c9e6b213c278266de/screenshot - {}
RESULT: {"script":"<script> [1562 bytes]","args":[{"selector":{"id":"application-manageclassifications-display-component---classificationCreate--classHeaderName","interaction":{"idSuffix":"inner"}},"wdio_ui5_key":"applicationmanageclassifications-display-component---classificationCreate--classHeaderName"}]}
RESULT: undefined
COMMAND: POST /session/d6087ce9047b762c9e6b213c278266de/execute/async - {"script":"<script> [776 bytes]","args":[{"enterText":"WebdriverYardClassxekf8","selector":{"id":"application-manageclassifications-display-component---classificationCreate--classHeaderName","interaction":{"idSuffix":"inner"}},"clearTextFirst":true,"interactionType":"ENTER_TEXT"}]}
RESULT: {}
RESULT: {"script":"<script> [776 bytes]","args":[{"enterText":"WebdriverYardClassxekf8","selector":{"id":"application-manageclassifications-display-component---classificationCreate--classHeaderName","interaction":{"idSuffix":"inner"}},"clearTextFirst":true,"interactionType":"ENTER_TEXT"}]}
COMMAND: POST /session/d6087ce9047b762c9e6b213c278266de/execute/async - {"script":"<script> [1562 bytes]","args":[{"selector":{"controlType":"sap.ui.core.Icon","viewName":"etm.portal.ui.manageclassifications.view.Create","viewId":"application-manageclassifications-display-component---classificationCreate","properties":{"src":{"regex":{"source":"slim\\-arrow\\-down"}}}},"wdio_ui5_key":"etmportal.ui.manageclassifications.view.Createsap.ui.core.Icon{\"src\":{\"regex\":{\"source\":\"slim\\\\-arrow\\\\-down\"}}}"}]}
RESULT: {"script":"<script> [1562 bytes]","args":[{"selector":{"controlType":"sap.ui.core.Icon","viewName":"etm.portal.ui.manageclassifications.view.Create","viewId":"application-manageclassifications-display-component---classificationCreate","properties":{"src":{"regex":{"source":"slim\\-arrow\\-down"}}}},"wdio_ui5_key":"etmportal.ui.manageclassifications.view.Createsap.ui.core.Icon{\"src\":{\"regex\":{\"source\":\"slim\\\\-arrow\\\\-down\"}}}"}]}
RESULT: undefined
COMMAND: POST /session/d6087ce9047b762c9e6b213c278266de/element - {"using":"xpath","value":"//*[@id=\"__box48-arrow\"]"}
RESULT: {"using":"xpath","value":"//*[@id=\"__box48-arrow\"]"}
COMMAND: POST /session/d6087ce9047b762c9e6b213c278266de/element/f.3928B9F74E92C4C93CBD9CDC3C97A8D3.d.B021A0E73FB823DB69C2E0CFC17BAF0E.e.1024/click - {}
RESULT: {}
COMMAND: POST /session/d6087ce9047b762c9e6b213c278266de/execute/async - {"script":"<script> [1562 bytes]","args":[{"selector":{"controlType":"sap.m.StandardListItem","viewName":"etm.portal.ui.manageclassifications.view.Create","viewId":"application-manageclassifications-display-component---classificationCreate","properties":{"title":"Yard assignment"},"searchOpenDialogs":true,"interaction":{"idSuffix":"titleText"}},"wdio_ui5_key":"etmportal.ui.manageclassifications.view.Createsap.m.StandardListItem{\"title\":\"Yard assignment\"}"}]}
COMMAND: GET /session/d6087ce9047b762c9e6b213c278266de/screenshot - {}
RESULT: {"script":"<script> [1562 bytes]","args":[{"selector":{"controlType":"sap.m.StandardListItem","viewName":"etm.portal.ui.manageclassifications.view.Create","viewId":"application-manageclassifications-display-component---classificationCreate","properties":{"title":"Yard assignment"},"searchOpenDialogs":true,"interaction":{"idSuffix":"titleText"}},"wdio_ui5_key":"etmportal.ui.manageclassifications.view.Createsap.m.StandardListItem{\"title\":\"Yard assignment\"}"}]}
RESULT: undefined
COMMAND: POST /session/d6087ce9047b762c9e6b213c278266de/element - {"using":"xpath","value":"//*[@id=\"__item298\"]"}
RESULT: {}
RESULT: {"using":"xpath","value":"//*[@id=\"__item298\"]"}
COMMAND: POST /session/d6087ce9047b762c9e6b213c278266de/element/f.3928B9F74E92C4C93CBD9CDC3C97A8D3.d.B021A0E73FB823DB69C2E0CFC17BAF0E.e.1064/click - {}
RESULT: {}
COMMAND: POST /session/d6087ce9047b762c9e6b213c278266de/execute/async - {"script":"<script> [1562 bytes]","args":[{"selector":{"controlType":"sap.ui.core.Icon","viewName":"etm.portal.ui.manageclassifications.view.Create","viewId":"application-manageclassifications-display-component---classificationCreate","properties":{"src":{"regex":{"source":"add"}}}},"wdio_ui5_key":"etmportal.ui.manageclassifications.view.Createsap.ui.core.Icon{\"src\":{\"regex\":{\"source\":\"add\"}}}"}]}
COMMAND: GET /session/d6087ce9047b762c9e6b213c278266de/screenshot - {}
RESULT: {"script":"<script> [1562 bytes]","args":[{"selector":{"controlType":"sap.ui.core.Icon","viewName":"etm.portal.ui.manageclassifications.view.Create","viewId":"application-manageclassifications-display-component---classificationCreate","properties":{"src":{"regex":{"source":"add"}}}},"wdio_ui5_key":"etmportal.ui.manageclassifications.view.Createsap.ui.core.Icon{\"src\":{\"regex\":{\"source\":\"add\"}}}"}]}
RESULT: undefined
COMMAND: POST /session/d6087ce9047b762c9e6b213c278266de/element - {"using":"xpath","value":"//*[@id=\"__button82-img\"]"}
RESULT: {}
RESULT: {"using":"xpath","value":"//*[@id=\"__button82-img\"]"}
COMMAND: POST /session/d6087ce9047b762c9e6b213c278266de/element/f.3928B9F74E92C4C93CBD9CDC3C97A8D3.d.B021A0E73FB823DB69C2E0CFC17BAF0E.e.1027/click - {}
RESULT: {}
COMMAND: POST /session/d6087ce9047b762c9e6b213c278266de/execute/async - {"script":"<script> [1562 bytes]","args":[{"selector":{"controlType":"sap.m.Input","viewName":"etm.portal.ui.manageclassifications.view.Create","viewId":"application-manageclassifications-display-component---classificationCreate","bindingPath":{"path":"/0","propertyPath":"PROPERTY","modelName":"newConfigModel"},"interaction":{"idSuffix":"inner"}},"wdio_ui5_key":"etmportal.ui.manageclassifications.view.Createsap.m.Input{\"path\":\"/0\",\"propertyPath\":\"PROPERTY\",\"modelName\":\"newConfigModel\"}"}]}
COMMAND: GET /session/d6087ce9047b762c9e6b213c278266de/screenshot - {}
RESULT: {"script":"<script> [1562 bytes]","args":[{"selector":{"controlType":"sap.m.Input","viewName":"etm.portal.ui.manageclassifications.view.Create","viewId":"application-manageclassifications-display-component---classificationCreate","bindingPath":{"path":"/0","propertyPath":"PROPERTY","modelName":"newConfigModel"},"interaction":{"idSuffix":"inner"}},"wdio_ui5_key":"etmportal.ui.manageclassifications.view.Createsap.m.Input{\"path\":\"/0\",\"propertyPath\":\"PROPERTY\",\"modelName\":\"newConfigModel\"}"}]}
RESULT: undefined
COMMAND: POST /session/d6087ce9047b762c9e6b213c278266de/execute/async - {"script":"<script> [776 bytes]","args":[{"enterText":"101","selector":{"controlType":"sap.m.Input","viewName":"etm.portal.ui.manageclassifications.view.Create","viewId":"application-manageclassifications-display-component---classificationCreate","bindingPath":{"path":"/0","propertyPath":"PROPERTY","modelName":"newConfigModel"},"interaction":{"idSuffix":"inner"}},"clearTextFirst":true,"interactionType":"ENTER_TEXT"}]}
RESULT: {}
RESULT: {"script":"<script> [776 bytes]","args":[{"enterText":"101","selector":{"controlType":"sap.m.Input","viewName":"etm.portal.ui.manageclassifications.view.Create","viewId":"application-manageclassifications-display-component---classificationCreate","bindingPath":{"path":"/0","propertyPath":"PROPERTY","modelName":"newConfigModel"},"interaction":{"idSuffix":"inner"}},"clearTextFirst":true,"interactionType":"ENTER_TEXT"}]}
COMMAND: POST /session/d6087ce9047b762c9e6b213c278266de/execute/async - {"script":"<script> [1562 bytes]","args":[{"selector":{"controlType":"sap.m.Input","viewName":"etm.portal.ui.manageclassifications.view.Create","viewId":"application-manageclassifications-display-component---classificationCreate","bindingPath":{"path":"/0","propertyPath":"DESCRIPTION","modelName":"newConfigModel"},"interaction":{"idSuffix":"inner"}},"wdio_ui5_key":"etmportal.ui.manageclassifications.view.Createsap.m.Input{\"path\":\"/0\",\"propertyPath\":\"DESCRIPTION\",\"modelName\":\"newConfigModel\"}"}]}
RESULT: {"script":"<script> [1562 bytes]","args":[{"selector":{"controlType":"sap.m.Input","viewName":"etm.portal.ui.manageclassifications.view.Create","viewId":"application-manageclassifications-display-component---classificationCreate","bindingPath":{"path":"/0","propertyPath":"DESCRIPTION","modelName":"newConfigModel"},"interaction":{"idSuffix":"inner"}},"wdio_ui5_key":"etmportal.ui.manageclassifications.view.Createsap.m.Input{\"path\":\"/0\",\"propertyPath\":\"DESCRIPTION\",\"modelName\":\"newConfigModel\"}"}]}
RESULT: undefined
COMMAND: POST /session/d6087ce9047b762c9e6b213c278266de/execute/async - {"script":"<script> [776 bytes]","args":[{"enterText":"yard1","selector":{"controlType":"sap.m.Input","viewName":"etm.portal.ui.manageclassifications.view.Create","viewId":"application-manageclassifications-display-component---classificationCreate","bindingPath":{"path":"/0","propertyPath":"DESCRIPTION","modelName":"newConfigModel"},"interaction":{"idSuffix":"inner"}},"clearTextFirst":true,"interactionType":"ENTER_TEXT"}]}
RESULT: {"script":"<script> [776 bytes]","args":[{"enterText":"yard1","selector":{"controlType":"sap.m.Input","viewName":"etm.portal.ui.manageclassifications.view.Create","viewId":"application-manageclassifications-display-component---classificationCreate","bindingPath":{"path":"/0","propertyPath":"DESCRIPTION","modelName":"newConfigModel"},"interaction":{"idSuffix":"inner"}},"clearTextFirst":true,"interactionType":"ENTER_TEXT"}]}
COMMAND: POST /session/d6087ce9047b762c9e6b213c278266de/execute/async - {"script":"<script> [1562 bytes]","args":[{"selector":{"controlType":"sap.ui.core.Icon","viewName":"etm.portal.ui.manageclassifications.view.Create","viewId":"application-manageclassifications-display-component---classificationCreate","properties":{"src":{"regex":{"source":"slim\\-arrow\\-down"}}},"ancestor":{"controlType":"sap.m.ComboBox","viewName":"etm.portal.ui.manageclassifications.view.Create","viewId":"application-manageclassifications-display-component---classificationCreate","bindingPath":{"path":"/0","propertyPath":"VALUE_TYPE","modelName":"newConfigModel"}}},"wdio_ui5_key":"etmportal.ui.manageclassifications.view.Createsap.ui.core.Icon{\"src\":{\"regex\":{\"source\":\"slim\\\\-arrow\\\\-down\"}}}{\"controlType\":\"sap.m.ComboBox\",\"viewName\":\"etm.portal.ui.manageclassifications.view.Create\",\"viewId\":\"application-manageclassifications-display-component---classificationCreate\",\"bindingPath\":{\"path\":\"/0\",\"propertyPath\":\"VALUE_TYPE\",\"modelName\":\"newConfigModel\"}}"}]}
RESULT: {"script":"<script> [1562 bytes]","args":[{"selector":{"controlType":"sap.ui.core.Icon","viewName":"etm.portal.ui.manageclassifications.view.Create","viewId":"application-manageclassifications-display-component---classificationCreate","properties":{"src":{"regex":{"source":"slim\\-arrow\\-down"}}},"ancestor":{"controlType":"sap.m.ComboBox","viewName":"etm.portal.ui.manageclassifications.view.Create","viewId":"application-manageclassifications-display-component---classificationCreate","bindingPath":{"path":"/0","propertyPath":"VALUE_TYPE","modelName":"newConfigModel"}}},"wdio_ui5_key":"etmportal.ui.manageclassifications.view.Createsap.ui.core.Icon{\"src\":{\"regex\":{\"source\":\"slim\\\\-arrow\\\\-down\"}}}{\"controlType\":\"sap.m.ComboBox\",\"viewName\":\"etm.portal.ui.manageclassifications.view.Create\",\"viewId\":\"application-manageclassifications-display-component---classificationCreate\",\"bindingPath\":{\"path\":\"/0\",\"propertyPath\":\"VALUE_TYPE\",\"modelName\":\"newConfigModel\"}}"}]}
RESULT: undefined
COMMAND: POST /session/d6087ce9047b762c9e6b213c278266de/element - {"using":"xpath","value":"//*[@id=\"__box49-application-manageclassifications-display-component---classificationCreate--configurationList-0-arrow\"]"}
RESULT: {"using":"xpath","value":"//*[@id=\"__box49-application-manageclassifications-display-component---classificationCreate--configurationList-0-arrow\"]"}
COMMAND: POST /session/d6087ce9047b762c9e6b213c278266de/element/f.3928B9F74E92C4C93CBD9CDC3C97A8D3.d.B021A0E73FB823DB69C2E0CFC17BAF0E.e.1073/click - {}
RESULT: {}
COMMAND: POST /session/d6087ce9047b762c9e6b213c278266de/execute/async - {"script":"<script> [1562 bytes]","args":[{"selector":{"controlType":"sap.m.StandardListItem","viewName":"etm.portal.ui.manageclassifications.view.Create","viewId":"application-manageclassifications-display-component---classificationCreate","properties":{"title":"Boolean"},"searchOpenDialogs":true,"interaction":{"idSuffix":"content"}},"wdio_ui5_key":"etmportal.ui.manageclassifications.view.Createsap.m.StandardListItem{\"title\":\"Boolean\"}"}]}
COMMAND: GET /session/d6087ce9047b762c9e6b213c278266de/screenshot - {}
RESULT: {"script":"<script> [1562 bytes]","args":[{"selector":{"controlType":"sap.m.StandardListItem","viewName":"etm.portal.ui.manageclassifications.view.Create","viewId":"application-manageclassifications-display-component---classificationCreate","properties":{"title":"Boolean"},"searchOpenDialogs":true,"interaction":{"idSuffix":"content"}},"wdio_ui5_key":"etmportal.ui.manageclassifications.view.Createsap.m.StandardListItem{\"title\":\"Boolean\"}"}]}
RESULT: undefined
COMMAND: POST /session/d6087ce9047b762c9e6b213c278266de/element - {"using":"xpath","value":"//*[@id=\"__item301\"]"}
RESULT: {}
RESULT: {"using":"xpath","value":"//*[@id=\"__item301\"]"}
COMMAND: POST /session/d6087ce9047b762c9e6b213c278266de/element/f.3928B9F74E92C4C93CBD9CDC3C97A8D3.d.B021A0E73FB823DB69C2E0CFC17BAF0E.e.1075/click - {}
RESULT: {}
COMMAND: POST /session/d6087ce9047b762c9e6b213c278266de/element - {"using":"xpath","value":"//input[contains(@id ,\"application-manageclassifications-display-component---classificationCreate--classHeaderName-inner\")]"}
COMMAND: GET /session/d6087ce9047b762c9e6b213c278266de/screenshot - {}
RESULT: {"using":"xpath","value":"//input[contains(@id ,\"application-manageclassifications-display-component---classificationCreate--classHeaderName-inner\")]"}
COMMAND: GET /session/d6087ce9047b762c9e6b213c278266de/element/f.3928B9F74E92C4C93CBD9CDC3C97A8D3.d.B021A0E73FB823DB69C2E0CFC17BAF0E.e.932/property/value - {}
RESULT: {}
RESULT: {}
COMMAND: GET /session/d6087ce9047b762c9e6b213c278266de/screenshot - {}
RESULT: {}
COMMAND: POST /session/d6087ce9047b762c9e6b213c278266de/element - {"using":"xpath","value":"//button[@title=\"Save\"]"}
RESULT: {"using":"xpath","value":"//button[@title=\"Save\"]"}
COMMAND: POST /session/d6087ce9047b762c9e6b213c278266de/element/f.3928B9F74E92C4C93CBD9CDC3C97A8D3.d.B021A0E73FB823DB69C2E0CFC17BAF0E.e.1035/click - {}
RESULT: {}
COMMAND: GET /session/d6087ce9047b762c9e6b213c278266de/screenshot - {}
RESULT: {}
COMMAND: POST /session/d6087ce9047b762c9e6b213c278266de/execute/async - {"script":"<script> [1562 bytes]","args":[{"selector":{"id":"application-manageclassifications-display-component---classificationMaster--smartFilterBar-btnBasicSearch","interaction":{"idSuffix":"I"}},"wdio_ui5_key":"applicationmanageclassifications-display-component---classificationMaster--smartFilterBar-btnBasicSearch"}]}
RESULT: {"script":"<script> [1562 bytes]","args":[{"selector":{"id":"application-manageclassifications-display-component---classificationMaster--smartFilterBar-btnBasicSearch","interaction":{"idSuffix":"I"}},"wdio_ui5_key":"applicationmanageclassifications-display-component---classificationMaster--smartFilterBar-btnBasicSearch"}]}
RESULT: undefined
COMMAND: POST /session/d6087ce9047b762c9e6b213c278266de/execute/async - {"script":"<script> [776 bytes]","args":[{"enterText":"WebdriverYardClassxekf8","selector":{"id":"application-manageclassifications-display-component---classificationMaster--smartFilterBar-btnBasicSearch","interaction":{"idSuffix":"I"}},"clearTextFirst":true,"interactionType":"ENTER_TEXT"}]}
RESULT: {"script":"<script> [776 bytes]","args":[{"enterText":"WebdriverYardClassxekf8","selector":{"id":"application-manageclassifications-display-component---classificationMaster--smartFilterBar-btnBasicSearch","interaction":{"idSuffix":"I"}},"clearTextFirst":true,"interactionType":"ENTER_TEXT"}]}
COMMAND: POST /session/d6087ce9047b762c9e6b213c278266de/actions - {"actions":[{"id":"action3","type":"key","parameters":{},"actions":[{"type":"keyDown","value":""},{"type":"pause","duration":10},{"type":"keyUp","value":""}]}]}
RESULT: {"actions":[{"id":"action3","type":"key","parameters":{},"actions":[{"type":"keyDown","value":""},{"type":"pause","duration":10},{"type":"keyUp","value":""}]}]}
COMMAND: POST /session/d6087ce9047b762c9e6b213c278266de/execute/async - {"script":"<script> [1562 bytes]","args":[{"selector":{"id":"application-manageclassifications-display-component---classificationMaster--smartTable-header"},"wdio_ui5_key":"applicationmanageclassifications-display-component---classificationMaster--smartTable-header"}]}
COMMAND: GET /session/d6087ce9047b762c9e6b213c278266de/screenshot - {}
RESULT: {"script":"<script> [1562 bytes]","args":[{"selector":{"id":"application-manageclassifications-display-component---classificationMaster--smartTable-header"},"wdio_ui5_key":"applicationmanageclassifications-display-component---classificationMaster--smartTable-header"}]}
RESULT: undefined
COMMAND: POST /session/d6087ce9047b762c9e6b213c278266de/execute/async - {"script":"<script> [6424 bytes]","args":[{"element-6066-11e4-a52e-4f735466cecf":"f.3928B9F74E92C4C93CBD9CDC3C97A8D3.d.B021A0E73FB823DB69C2E0CFC17BAF0E.e.1255"},"getText",[]]}
RESULT: {}
RESULT: {"script":"<script> [6424 bytes]","args":[{"element-6066-11e4-a52e-4f735466cecf":"f.3928B9F74E92C4C93CBD9CDC3C97A8D3.d.B021A0E73FB823DB69C2E0CFC17BAF0E.e.1255"},"getText",[]]}
COMMAND: POST /session/d6087ce9047b762c9e6b213c278266de/element - {"using":"css selector","value":"#shell-header-logo"}
RESULT: {"using":"css selector","value":"#shell-header-logo"}
COMMAND: POST /session/d6087ce9047b762c9e6b213c278266de/element/f.3928B9F74E92C4C93CBD9CDC3C97A8D3.d.B021A0E73FB823DB69C2E0CFC17BAF0E.e.544/click - {}
RESULT: {}
COMMAND: GET /session/d6087ce9047b762c9e6b213c278266de/screenshot - {}
RESULT: {}
]]></system-out>
    </testcase>
    <testcase classname="chrome.136_0_7103_93.windows.Manage_catalogs_-_yard_assignment_classification_US138930" name="Should add the yard classification to a catalog item" time="110.067">
      <system-out><![CDATA[
RESULT: undefined
COMMAND: POST /session/d6087ce9047b762c9e6b213c278266de/element - {"using":"xpath","value":"//*[@id=\"__tile37\"]"}
RESULT: {"using":"xpath","value":"//*[@id=\"__tile37\"]"}
COMMAND: POST /session/d6087ce9047b762c9e6b213c278266de/element/f.3928B9F74E92C4C93CBD9CDC3C97A8D3.d.B021A0E73FB823DB69C2E0CFC17BAF0E.e.110/click - {}
RESULT: {}
COMMAND: GET /session/d6087ce9047b762c9e6b213c278266de/screenshot - {}
RESULT: {}
COMMAND: POST /session/d6087ce9047b762c9e6b213c278266de/elements - {"using":"xpath","value":"//span[text()='Error']"}
RESULT: {"using":"xpath","value":"//span[text()='Error']"}
COMMAND: POST /session/d6087ce9047b762c9e6b213c278266de/refresh - {}
RESULT: {}
COMMAND: GET /session/d6087ce9047b762c9e6b213c278266de/screenshot - {}
RESULT: {}
COMMAND: POST /session/d6087ce9047b762c9e6b213c278266de/execute/async - {"script":"<script> [189 bytes]","args":[]}
RESULT: {"script":"<script> [189 bytes]","args":[]}
COMMAND: POST /session/d6087ce9047b762c9e6b213c278266de/execute/async - {"script":"<script> [123 bytes]","args":[]}
RESULT: {"script":"<script> [123 bytes]","args":[]}
COMMAND: POST /session/d6087ce9047b762c9e6b213c278266de/timeouts - {"script":"<number>"}
RESULT: {"script":"<number>"}
COMMAND: GET /session/d6087ce9047b762c9e6b213c278266de/timeouts - {}
RESULT: {}
RESULT: undefined
COMMAND: POST /session/d6087ce9047b762c9e6b213c278266de/execute/async - {"script":"<script> [2676 bytes]","args":[]}
RESULT: {"script":"<script> [2676 bytes]","args":[]}
COMMAND: POST /session/d6087ce9047b762c9e6b213c278266de/execute/async - {"script":"<script> [2342 bytes]","args":[{"protocol":"http","hostname":"0.0.0.0","path":"/","capabilities":{"browserName":"chrome","goog:chromeOptions":{"binary":"C:\\Program Files\\Google\\Chrome\\Application\\chrome.exe","args":["--start-maximized"]}},"logLevel":"warn","connectionRetryTimeout":120000,"connectionRetryCount":3,"logLevels":{},"enableDirectConnect":true,"strictSSL":true,"_":"65 more keys: [\"cacheDir\",\"port\",\"requestedCapabilities\",\"automationProtocol\",\"baseUrl\",\"waitforInterval\",\"waitforTimeout\",\"onReload\",\"beforeCommand\",\"afterCommand\",\"rootDir\",\"specs\",\"suites\",\"exclude\",\"groupLogsByTestSpec\",\"excludeDriverLogs\",\"bail\",\"framework\",\"reporters\",\"services\",\"maxInstances\",\"maxInstancesPerCapability\",\"injectGlobals\",\"filesToWatch\",\"execArgv\",\"runnerEnv\",\"runner\",\"shard\",\"specFileRetries\",\"specFileRetriesDelay\",\"specFileRetriesDeferred\",\"reporterSyncInterval\",\"reporterSyncTimeout\",\"cucumberFeaturesWithLineNumbers\",\"autoCompileOpts\",\"mochaOpts\",\"jasmineOpts\",\"cucumberOpts\",\"onPrepare\",\"onWorkerStart\",\"onWorkerEnd\",\"before\",\"beforeSession\",\"beforeSuite\",\"beforeHook\",\"beforeTest\",\"afterTest\",\"afterHook\",\"afterSuite\",\"afterSession\",\"after\",\"onComplete\",\"beforeAssertion\",\"afterAssertion\",\"beforeFeature\",\"beforeScenario\",\"beforeStep\",\"afterStep\",\"afterScenario\",\"afterFeature\",\"_\",\"suite\",\"$0\",\"ignoredWorkerServices\",\"wdi5\"]"}]}
RESULT: {"script":"<script> [2342 bytes]","args":[{"protocol":"http","hostname":"0.0.0.0","path":"/","capabilities":{"browserName":"chrome","goog:chromeOptions":{"binary":"C:\\Program Files\\Google\\Chrome\\Application\\chrome.exe","args":["--start-maximized"]}},"logLevel":"warn","connectionRetryTimeout":120000,"connectionRetryCount":3,"logLevels":{},"enableDirectConnect":true,"strictSSL":true,"_":"65 more keys: [\"cacheDir\",\"port\",\"requestedCapabilities\",\"automationProtocol\",\"baseUrl\",\"waitforInterval\",\"waitforTimeout\",\"onReload\",\"beforeCommand\",\"afterCommand\",\"rootDir\",\"specs\",\"suites\",\"exclude\",\"groupLogsByTestSpec\",\"excludeDriverLogs\",\"bail\",\"framework\",\"reporters\",\"services\",\"maxInstances\",\"maxInstancesPerCapability\",\"injectGlobals\",\"filesToWatch\",\"execArgv\",\"runnerEnv\",\"runner\",\"shard\",\"specFileRetries\",\"specFileRetriesDelay\",\"specFileRetriesDeferred\",\"reporterSyncInterval\",\"reporterSyncTimeout\",\"cucumberFeaturesWithLineNumbers\",\"autoCompileOpts\",\"mochaOpts\",\"jasmineOpts\",\"cucumberOpts\",\"onPrepare\",\"onWorkerStart\",\"onWorkerEnd\",\"before\",\"beforeSession\",\"beforeSuite\",\"beforeHook\",\"beforeTest\",\"afterTest\",\"afterHook\",\"afterSuite\",\"afterSession\",\"after\",\"onComplete\",\"beforeAssertion\",\"afterAssertion\",\"beforeFeature\",\"beforeScenario\",\"beforeStep\",\"afterStep\",\"afterScenario\",\"afterFeature\",\"_\",\"suite\",\"$0\",\"ignoredWorkerServices\",\"wdi5\"]"}]}
COMMAND: POST /session/d6087ce9047b762c9e6b213c278266de/execute/async - {"script":"<script> [21126 bytes]","args":[35000]}
RESULT: {"script":"<script> [21126 bytes]","args":[35000]}
COMMAND: POST /session/d6087ce9047b762c9e6b213c278266de/element - {"using":"xpath","value":"//span[contains(text(), \"Webshop Catalog\")][contains(@id ,\"masterCatalogs\")]"}
RESULT: {"using":"xpath","value":"//span[contains(text(), \"Webshop Catalog\")][contains(@id ,\"masterCatalogs\")]"}
COMMAND: POST /session/d6087ce9047b762c9e6b213c278266de/element/f.3928B9F74E92C4C93CBD9CDC3C97A8D3.d.04A583A4821E777DD2BAE898F6089E99.e.1360/click - {}
RESULT: {}
COMMAND: GET /session/d6087ce9047b762c9e6b213c278266de/screenshot - {}
RESULT: {}
COMMAND: POST /session/d6087ce9047b762c9e6b213c278266de/element - {"using":"xpath","value":"//input[contains(@id ,\"application-managecatalogs-display-component---masterCatalogItems--searchItemsField-I\")]"}
RESULT: {"using":"xpath","value":"//input[contains(@id ,\"application-managecatalogs-display-component---masterCatalogItems--searchItemsField-I\")]"}
COMMAND: POST /session/d6087ce9047b762c9e6b213c278266de/element/f.3928B9F74E92C4C93CBD9CDC3C97A8D3.d.04A583A4821E777DD2BAE898F6089E99.e.1363/value - {"text":"SecondSection6vtva"}
RESULT: {"text":"SecondSection6vtva"}
COMMAND: POST /session/d6087ce9047b762c9e6b213c278266de/actions - {"actions":[{"id":"action4","type":"key","parameters":{},"actions":[{"type":"keyDown","value":""},{"type":"pause","duration":10},{"type":"keyUp","value":""}]}]}
COMMAND: GET /session/d6087ce9047b762c9e6b213c278266de/screenshot - {}
RESULT: {"actions":[{"id":"action4","type":"key","parameters":{},"actions":[{"type":"keyDown","value":""},{"type":"pause","duration":10},{"type":"keyUp","value":""}]}]}
COMMAND: GET /session/d6087ce9047b762c9e6b213c278266de/screenshot - {}
RESULT: {}
RESULT: {}
COMMAND: POST /session/d6087ce9047b762c9e6b213c278266de/element - {"using":"xpath","value":"(//span[contains(text(), \"SecondSection6vtva\")])[1]"}
RESULT: {"using":"xpath","value":"(//span[contains(text(), \"SecondSection6vtva\")])[1]"}
COMMAND: POST /session/d6087ce9047b762c9e6b213c278266de/element/f.3928B9F74E92C4C93CBD9CDC3C97A8D3.d.04A583A4821E777DD2BAE898F6089E99.e.1397/click - {}
RESULT: {}
COMMAND: POST /session/d6087ce9047b762c9e6b213c278266de/execute/async - {"script":"<script> [1562 bytes]","args":[{"selector":{"controlType":"sap.m.Button","viewName":"etm.portal.ui.managecatalogs.view.Detail","viewId":"application-managecatalogs-display-component---detailCatalog","i18NText":{"propertyName":"text","key":"edit"},"interaction":{"idSuffix":"BDI-content"}},"wdio_ui5_key":"etmportal.ui.managecatalogs.view.Detailsap.m.Button{\"propertyName\":\"text\",\"key\":\"edit\"}"}]}
COMMAND: GET /session/d6087ce9047b762c9e6b213c278266de/screenshot - {}
RESULT: {"script":"<script> [1562 bytes]","args":[{"selector":{"controlType":"sap.m.Button","viewName":"etm.portal.ui.managecatalogs.view.Detail","viewId":"application-managecatalogs-display-component---detailCatalog","i18NText":{"propertyName":"text","key":"edit"},"interaction":{"idSuffix":"BDI-content"}},"wdio_ui5_key":"etmportal.ui.managecatalogs.view.Detailsap.m.Button{\"propertyName\":\"text\",\"key\":\"edit\"}"}]}
RESULT: undefined
COMMAND: POST /session/d6087ce9047b762c9e6b213c278266de/element - {"using":"xpath","value":"//*[@id=\"__button33\"]"}
RESULT: {}
RESULT: {"using":"xpath","value":"//*[@id=\"__button33\"]"}
COMMAND: POST /session/d6087ce9047b762c9e6b213c278266de/element/f.3928B9F74E92C4C93CBD9CDC3C97A8D3.d.04A583A4821E777DD2BAE898F6089E99.e.1462/click - {}
RESULT: {}
COMMAND: POST /session/d6087ce9047b762c9e6b213c278266de/execute/async - {"script":"<script> [1562 bytes]","args":[{"selector":{"controlType":"sap.ui.core.Icon","viewName":"etm.portal.ui.managecatalogs.view.Detail","viewId":"application-managecatalogs-display-component---detailCatalog","properties":{"src":{"regex":{"source":"add\\-document"}}}},"wdio_ui5_key":"etmportal.ui.managecatalogs.view.Detailsap.ui.core.Icon{\"src\":{\"regex\":{\"source\":\"add\\\\-document\"}}}"}]}
COMMAND: GET /session/d6087ce9047b762c9e6b213c278266de/screenshot - {}
RESULT: {"script":"<script> [1562 bytes]","args":[{"selector":{"controlType":"sap.ui.core.Icon","viewName":"etm.portal.ui.managecatalogs.view.Detail","viewId":"application-managecatalogs-display-component---detailCatalog","properties":{"src":{"regex":{"source":"add\\-document"}}}},"wdio_ui5_key":"etmportal.ui.managecatalogs.view.Detailsap.ui.core.Icon{\"src\":{\"regex\":{\"source\":\"add\\\\-document\"}}}"}]}
RESULT: undefined
COMMAND: POST /session/d6087ce9047b762c9e6b213c278266de/element - {"using":"xpath","value":"//*[@id=\"__button42-img\"]"}
RESULT: {}
RESULT: {"using":"xpath","value":"//*[@id=\"__button42-img\"]"}
COMMAND: POST /session/d6087ce9047b762c9e6b213c278266de/element/f.3928B9F74E92C4C93CBD9CDC3C97A8D3.d.04A583A4821E777DD2BAE898F6089E99.e.1470/click - {}
RESULT: {}
COMMAND: POST /session/d6087ce9047b762c9e6b213c278266de/execute/async - {"script":"<script> [1562 bytes]","args":[{"selector":{"id":"application-managecatalogs-display-component---detailCatalog--newItemNumberInput","searchOpenDialogs":true,"interaction":{"idSuffix":"inner"}},"wdio_ui5_key":"applicationmanagecatalogs-display-component---detailCatalog--newItemNumberInput"}]}
COMMAND: GET /session/d6087ce9047b762c9e6b213c278266de/screenshot - {}
RESULT: {"script":"<script> [1562 bytes]","args":[{"selector":{"id":"application-managecatalogs-display-component---detailCatalog--newItemNumberInput","searchOpenDialogs":true,"interaction":{"idSuffix":"inner"}},"wdio_ui5_key":"applicationmanagecatalogs-display-component---detailCatalog--newItemNumberInput"}]}
RESULT: undefined
COMMAND: POST /session/d6087ce9047b762c9e6b213c278266de/execute/async - {"script":"<script> [776 bytes]","args":[{"enterText":"catalogItem2nsos","selector":{"id":"application-managecatalogs-display-component---detailCatalog--newItemNumberInput","searchOpenDialogs":true,"interaction":{"idSuffix":"inner"}},"clearTextFirst":true,"interactionType":"ENTER_TEXT"}]}
RESULT: {}
RESULT: {"script":"<script> [776 bytes]","args":[{"enterText":"catalogItem2nsos","selector":{"id":"application-managecatalogs-display-component---detailCatalog--newItemNumberInput","searchOpenDialogs":true,"interaction":{"idSuffix":"inner"}},"clearTextFirst":true,"interactionType":"ENTER_TEXT"}]}
COMMAND: POST /session/d6087ce9047b762c9e6b213c278266de/execute/async - {"script":"<script> [1562 bytes]","args":[{"selector":{"controlType":"sap.m.Input","viewName":"etm.portal.ui.managecatalogs.view.Detail","viewId":"application-managecatalogs-display-component---detailCatalog","bindingPath":{"path":"","propertyPath":"/DESCRIPTION"},"searchOpenDialogs":true,"interaction":{"idSuffix":"inner"}},"wdio_ui5_key":"etmportal.ui.managecatalogs.view.Detailsap.m.Input{\"path\":\"\",\"propertyPath\":\"/DESCRIPTION\"}"}]}
RESULT: {"script":"<script> [1562 bytes]","args":[{"selector":{"controlType":"sap.m.Input","viewName":"etm.portal.ui.managecatalogs.view.Detail","viewId":"application-managecatalogs-display-component---detailCatalog","bindingPath":{"path":"","propertyPath":"/DESCRIPTION"},"searchOpenDialogs":true,"interaction":{"idSuffix":"inner"}},"wdio_ui5_key":"etmportal.ui.managecatalogs.view.Detailsap.m.Input{\"path\":\"\",\"propertyPath\":\"/DESCRIPTION\"}"}]}
RESULT: undefined
COMMAND: POST /session/d6087ce9047b762c9e6b213c278266de/execute/async - {"script":"<script> [776 bytes]","args":[{"enterText":"catalogItemNameg295","selector":{"controlType":"sap.m.Input","viewName":"etm.portal.ui.managecatalogs.view.Detail","viewId":"application-managecatalogs-display-component---detailCatalog","bindingPath":{"path":"","propertyPath":"/DESCRIPTION"},"searchOpenDialogs":true,"interaction":{"idSuffix":"inner"}},"clearTextFirst":true,"interactionType":"ENTER_TEXT"}]}
RESULT: {"script":"<script> [776 bytes]","args":[{"enterText":"catalogItemNameg295","selector":{"controlType":"sap.m.Input","viewName":"etm.portal.ui.managecatalogs.view.Detail","viewId":"application-managecatalogs-display-component---detailCatalog","bindingPath":{"path":"","propertyPath":"/DESCRIPTION"},"searchOpenDialogs":true,"interaction":{"idSuffix":"inner"}},"clearTextFirst":true,"interactionType":"ENTER_TEXT"}]}
COMMAND: POST /session/d6087ce9047b762c9e6b213c278266de/execute/async - {"script":"<script> [1562 bytes]","args":[{"selector":{"controlType":"sap.m.Button","viewName":"etm.portal.ui.managecatalogs.view.Detail","viewId":"application-managecatalogs-display-component---detailCatalog","i18NText":{"propertyName":"text","key":"create"},"searchOpenDialogs":true,"interaction":{"idSuffix":"BDI-content"}},"wdio_ui5_key":"etmportal.ui.managecatalogs.view.Detailsap.m.Button{\"propertyName\":\"text\",\"key\":\"create\"}"}]}
RESULT: {"script":"<script> [1562 bytes]","args":[{"selector":{"controlType":"sap.m.Button","viewName":"etm.portal.ui.managecatalogs.view.Detail","viewId":"application-managecatalogs-display-component---detailCatalog","i18NText":{"propertyName":"text","key":"create"},"searchOpenDialogs":true,"interaction":{"idSuffix":"BDI-content"}},"wdio_ui5_key":"etmportal.ui.managecatalogs.view.Detailsap.m.Button{\"propertyName\":\"text\",\"key\":\"create\"}"}]}
RESULT: undefined
COMMAND: POST /session/d6087ce9047b762c9e6b213c278266de/element - {"using":"xpath","value":"//*[@id=\"__button17\"]"}
RESULT: {"using":"xpath","value":"//*[@id=\"__button17\"]"}
COMMAND: POST /session/d6087ce9047b762c9e6b213c278266de/element/f.3928B9F74E92C4C93CBD9CDC3C97A8D3.d.04A583A4821E777DD2BAE898F6089E99.e.1479/click - {}
RESULT: {}
COMMAND: GET /session/d6087ce9047b762c9e6b213c278266de/screenshot - {}
RESULT: {}
COMMAND: POST /session/d6087ce9047b762c9e6b213c278266de/element - {"using":"xpath","value":"//button[@title=\"Save\"]"}
RESULT: {"using":"xpath","value":"//button[@title=\"Save\"]"}
COMMAND: POST /session/d6087ce9047b762c9e6b213c278266de/element/f.3928B9F74E92C4C93CBD9CDC3C97A8D3.d.04A583A4821E777DD2BAE898F6089E99.e.1480/click - {}
RESULT: {}
COMMAND: GET /session/d6087ce9047b762c9e6b213c278266de/screenshot - {}
RESULT: {}
COMMAND: POST /session/d6087ce9047b762c9e6b213c278266de/execute/async - {"script":"<script> [1562 bytes]","args":[{"selector":{"controlType":"sap.ui.core.Icon","viewName":"etm.portal.ui.managecatalogs.view.Detail","viewId":"application-managecatalogs-display-component---detailCatalog","properties":{"src":{"regex":{"source":"decline"}}}},"wdio_ui5_key":"etmportal.ui.managecatalogs.view.Detailsap.ui.core.Icon{\"src\":{\"regex\":{\"source\":\"decline\"}}}"}]}
RESULT: {"script":"<script> [1562 bytes]","args":[{"selector":{"controlType":"sap.ui.core.Icon","viewName":"etm.portal.ui.managecatalogs.view.Detail","viewId":"application-managecatalogs-display-component---detailCatalog","properties":{"src":{"regex":{"source":"decline"}}}},"wdio_ui5_key":"etmportal.ui.managecatalogs.view.Detailsap.ui.core.Icon{\"src\":{\"regex\":{\"source\":\"decline\"}}}"}]}
RESULT: undefined
COMMAND: POST /session/d6087ce9047b762c9e6b213c278266de/element - {"using":"xpath","value":"//*[@id=\"__button36-img\"]"}
RESULT: {"using":"xpath","value":"//*[@id=\"__button36-img\"]"}
COMMAND: POST /session/d6087ce9047b762c9e6b213c278266de/element/f.3928B9F74E92C4C93CBD9CDC3C97A8D3.d.04A583A4821E777DD2BAE898F6089E99.e.1485/click - {}
RESULT: {}
COMMAND: GET /session/d6087ce9047b762c9e6b213c278266de/screenshot - {}
RESULT: {}
COMMAND: POST /session/d6087ce9047b762c9e6b213c278266de/execute/async - {"script":"<script> [1562 bytes]","args":[{"selector":{"controlType":"sap.ui.core.Icon","viewName":"etm.portal.ui.managecatalogs.view.MasterItems","viewId":"application-managecatalogs-display-component---masterCatalogItems","properties":{"src":{"regex":{"source":"refresh"}}}},"wdio_ui5_key":"etmportal.ui.managecatalogs.view.MasterItemssap.ui.core.Icon{\"src\":{\"regex\":{\"source\":\"refresh\"}}}"}]}
RESULT: {"script":"<script> [1562 bytes]","args":[{"selector":{"controlType":"sap.ui.core.Icon","viewName":"etm.portal.ui.managecatalogs.view.MasterItems","viewId":"application-managecatalogs-display-component---masterCatalogItems","properties":{"src":{"regex":{"source":"refresh"}}}},"wdio_ui5_key":"etmportal.ui.managecatalogs.view.MasterItemssap.ui.core.Icon{\"src\":{\"regex\":{\"source\":\"refresh\"}}}"}]}
RESULT: undefined
COMMAND: POST /session/d6087ce9047b762c9e6b213c278266de/element - {"using":"xpath","value":"//*[@id=\"__button9-img\"]"}
RESULT: {"using":"xpath","value":"//*[@id=\"__button9-img\"]"}
COMMAND: POST /session/d6087ce9047b762c9e6b213c278266de/element/f.3928B9F74E92C4C93CBD9CDC3C97A8D3.d.04A583A4821E777DD2BAE898F6089E99.e.1522/click - {}
RESULT: {}
COMMAND: GET /session/d6087ce9047b762c9e6b213c278266de/screenshot - {}
RESULT: {}
COMMAND: POST /session/d6087ce9047b762c9e6b213c278266de/execute/async - {"script":"<script> [1562 bytes]","args":[{"selector":{"id":"application-managecatalogs-display-component---masterCatalogItems--searchItemsField","interaction":{"idSuffix":"I"}},"wdio_ui5_key":"applicationmanagecatalogs-display-component---masterCatalogItems--searchItemsField"}]}
RESULT: {"script":"<script> [1562 bytes]","args":[{"selector":{"id":"application-managecatalogs-display-component---masterCatalogItems--searchItemsField","interaction":{"idSuffix":"I"}},"wdio_ui5_key":"applicationmanagecatalogs-display-component---masterCatalogItems--searchItemsField"}]}
RESULT: undefined
COMMAND: POST /session/d6087ce9047b762c9e6b213c278266de/execute/async - {"script":"<script> [776 bytes]","args":[{"enterText":"catalogItemNameg295","selector":{"id":"application-managecatalogs-display-component---masterCatalogItems--searchItemsField","interaction":{"idSuffix":"I"}},"clearTextFirst":true,"interactionType":"ENTER_TEXT"}]}
RESULT: {"script":"<script> [776 bytes]","args":[{"enterText":"catalogItemNameg295","selector":{"id":"application-managecatalogs-display-component---masterCatalogItems--searchItemsField","interaction":{"idSuffix":"I"}},"clearTextFirst":true,"interactionType":"ENTER_TEXT"}]}
COMMAND: POST /session/d6087ce9047b762c9e6b213c278266de/actions - {"actions":[{"id":"action5","type":"key","parameters":{},"actions":[{"type":"keyDown","value":""},{"type":"pause","duration":10},{"type":"keyUp","value":""}]}]}
RESULT: {"actions":[{"id":"action5","type":"key","parameters":{},"actions":[{"type":"keyDown","value":""},{"type":"pause","duration":10},{"type":"keyUp","value":""}]}]}
COMMAND: POST /session/d6087ce9047b762c9e6b213c278266de/element - {"using":"xpath","value":"(//span[contains(text(), \"catalogItemNameg295\")])[1]"}
COMMAND: GET /session/d6087ce9047b762c9e6b213c278266de/screenshot - {}
RESULT: {"using":"xpath","value":"(//span[contains(text(), \"catalogItemNameg295\")])[1]"}
COMMAND: POST /session/d6087ce9047b762c9e6b213c278266de/element/f.3928B9F74E92C4C93CBD9CDC3C97A8D3.d.04A583A4821E777DD2BAE898F6089E99.e.1529/click - {}
RESULT: {}
RESULT: {}
COMMAND: GET /session/d6087ce9047b762c9e6b213c278266de/screenshot - {}
RESULT: {}
COMMAND: POST /session/d6087ce9047b762c9e6b213c278266de/element - {"using":"xpath","value":"//span[contains(text(), \"catalogItem2nsos\")]"}
RESULT: {"using":"xpath","value":"//span[contains(text(), \"catalogItem2nsos\")]"}
COMMAND: GET /session/d6087ce9047b762c9e6b213c278266de/element/f.3928B9F74E92C4C93CBD9CDC3C97A8D3.d.04A583A4821E777DD2BAE898F6089E99.e.1590/text - {}
RESULT: {}
RESULT: undefined
COMMAND: POST /session/d6087ce9047b762c9e6b213c278266de/element - {"using":"xpath","value":"//*[@id=\"__button33\"]"}
RESULT: {"using":"xpath","value":"//*[@id=\"__button33\"]"}
COMMAND: POST /session/d6087ce9047b762c9e6b213c278266de/element/f.3928B9F74E92C4C93CBD9CDC3C97A8D3.d.04A583A4821E777DD2BAE898F6089E99.e.1591/click - {}
RESULT: {}
COMMAND: GET /session/d6087ce9047b762c9e6b213c278266de/screenshot - {}
RESULT: {}
COMMAND: POST /session/d6087ce9047b762c9e6b213c278266de/execute/async - {"script":"<script> [1562 bytes]","args":[{"selector":{"id":"application-managecatalogs-display-component---detailCatalog--BASE_UNIT_OF_MEASURE-arrow"},"wdio_ui5_key":"applicationmanagecatalogs-display-component---detailCatalog--BASE_UNIT_OF_MEASURE-arrow"}]}
RESULT: {"script":"<script> [1562 bytes]","args":[{"selector":{"id":"application-managecatalogs-display-component---detailCatalog--BASE_UNIT_OF_MEASURE-arrow"},"wdio_ui5_key":"applicationmanagecatalogs-display-component---detailCatalog--BASE_UNIT_OF_MEASURE-arrow"}]}
RESULT: undefined
COMMAND: POST /session/d6087ce9047b762c9e6b213c278266de/element - {"using":"xpath","value":"//*[@id=\"application-managecatalogs-display-component---detailCatalog--BASE_UNIT_OF_MEASURE-arrow\"]"}
RESULT: {"using":"xpath","value":"//*[@id=\"application-managecatalogs-display-component---detailCatalog--BASE_UNIT_OF_MEASURE-arrow\"]"}
COMMAND: POST /session/d6087ce9047b762c9e6b213c278266de/element/f.3928B9F74E92C4C93CBD9CDC3C97A8D3.d.04A583A4821E777DD2BAE898F6089E99.e.1620/click - {}
RESULT: {}
COMMAND: GET /session/d6087ce9047b762c9e6b213c278266de/screenshot - {}
RESULT: {}
COMMAND: POST /session/d6087ce9047b762c9e6b213c278266de/execute/async - {"script":"<script> [1562 bytes]","args":[{"selector":{"controlType":"sap.m.StandardListItem","viewName":"etm.portal.ui.managecatalogs.view.Detail","viewId":"application-managecatalogs-display-component---detailCatalog","properties":{"title":"Piece"},"searchOpenDialogs":true,"interaction":{"idSuffix":"titleText"}},"wdio_ui5_key":"etmportal.ui.managecatalogs.view.Detailsap.m.StandardListItem{\"title\":\"Piece\"}"}]}
RESULT: {"script":"<script> [1562 bytes]","args":[{"selector":{"controlType":"sap.m.StandardListItem","viewName":"etm.portal.ui.managecatalogs.view.Detail","viewId":"application-managecatalogs-display-component---detailCatalog","properties":{"title":"Piece"},"searchOpenDialogs":true,"interaction":{"idSuffix":"titleText"}},"wdio_ui5_key":"etmportal.ui.managecatalogs.view.Detailsap.m.StandardListItem{\"title\":\"Piece\"}"}]}
RESULT: undefined
COMMAND: POST /session/d6087ce9047b762c9e6b213c278266de/element - {"using":"xpath","value":"//*[@id=\"__item215\"]"}
RESULT: {"using":"xpath","value":"//*[@id=\"__item215\"]"}
COMMAND: POST /session/d6087ce9047b762c9e6b213c278266de/element/f.3928B9F74E92C4C93CBD9CDC3C97A8D3.d.04A583A4821E777DD2BAE898F6089E99.e.1622/click - {}
RESULT: {}
COMMAND: POST /session/d6087ce9047b762c9e6b213c278266de/execute/async - {"script":"<script> [1562 bytes]","args":[{"selector":{"controlType":"sap.ui.core.Icon","viewName":"etm.portal.ui.managecatalogs.view.Detail","viewId":"application-managecatalogs-display-component---detailCatalog","properties":{"src":{"regex":{"source":"add"}}},"ancestor":{"controlType":"sap.m.Button","viewName":"etm.portal.ui.managecatalogs.view.Detail","viewId":"application-managecatalogs-display-component---detailCatalog","i18NText":{"propertyName":"tooltip","key":"addClass"}}},"wdio_ui5_key":"etmportal.ui.managecatalogs.view.Detailsap.ui.core.Icon{\"src\":{\"regex\":{\"source\":\"add\"}}}{\"controlType\":\"sap.m.Button\",\"viewName\":\"etm.portal.ui.managecatalogs.view.Detail\",\"viewId\":\"application-managecatalogs-display-component---detailCatalog\",\"i18NText\":{\"propertyName\":\"tooltip\",\"key\":\"addClass\"}}"}]}
COMMAND: GET /session/d6087ce9047b762c9e6b213c278266de/screenshot - {}
RESULT: {"script":"<script> [1562 bytes]","args":[{"selector":{"controlType":"sap.ui.core.Icon","viewName":"etm.portal.ui.managecatalogs.view.Detail","viewId":"application-managecatalogs-display-component---detailCatalog","properties":{"src":{"regex":{"source":"add"}}},"ancestor":{"controlType":"sap.m.Button","viewName":"etm.portal.ui.managecatalogs.view.Detail","viewId":"application-managecatalogs-display-component---detailCatalog","i18NText":{"propertyName":"tooltip","key":"addClass"}}},"wdio_ui5_key":"etmportal.ui.managecatalogs.view.Detailsap.ui.core.Icon{\"src\":{\"regex\":{\"source\":\"add\"}}}{\"controlType\":\"sap.m.Button\",\"viewName\":\"etm.portal.ui.managecatalogs.view.Detail\",\"viewId\":\"application-managecatalogs-display-component---detailCatalog\",\"i18NText\":{\"propertyName\":\"tooltip\",\"key\":\"addClass\"}}"}]}
RESULT: undefined
COMMAND: POST /session/d6087ce9047b762c9e6b213c278266de/element - {"using":"xpath","value":"//*[@id=\"__button39-img\"]"}
RESULT: {}
RESULT: {"using":"xpath","value":"//*[@id=\"__button39-img\"]"}
COMMAND: POST /session/d6087ce9047b762c9e6b213c278266de/element/f.3928B9F74E92C4C93CBD9CDC3C97A8D3.d.04A583A4821E777DD2BAE898F6089E99.e.1623/click - {}
RESULT: {}
COMMAND: GET /session/d6087ce9047b762c9e6b213c278266de/screenshot - {}
RESULT: {}
COMMAND: POST /session/d6087ce9047b762c9e6b213c278266de/element - {"using":"xpath","value":"//input[contains(@id ,\"searchField-I\")]"}
RESULT: {"using":"xpath","value":"//input[contains(@id ,\"searchField-I\")]"}
COMMAND: POST /session/d6087ce9047b762c9e6b213c278266de/element/f.3928B9F74E92C4C93CBD9CDC3C97A8D3.d.04A583A4821E777DD2BAE898F6089E99.e.1627/value - {"text":"WebdriverYardClassxekf8"}
RESULT: {"text":"WebdriverYardClassxekf8"}
COMMAND: POST /session/d6087ce9047b762c9e6b213c278266de/actions - {"actions":[{"id":"action6","type":"key","parameters":{},"actions":[{"type":"keyDown","value":""},{"type":"pause","duration":10},{"type":"keyUp","value":""}]}]}
COMMAND: GET /session/d6087ce9047b762c9e6b213c278266de/screenshot - {}
RESULT: {"actions":[{"id":"action6","type":"key","parameters":{},"actions":[{"type":"keyDown","value":""},{"type":"pause","duration":10},{"type":"keyUp","value":""}]}]}
COMMAND: GET /session/d6087ce9047b762c9e6b213c278266de/screenshot - {}
RESULT: {}
RESULT: {}
COMMAND: POST /session/d6087ce9047b762c9e6b213c278266de/element - {"using":"xpath","value":"//span[contains(text(), \"WebdriverYardClassxekf8\")]"}
RESULT: {"using":"xpath","value":"//span[contains(text(), \"WebdriverYardClassxekf8\")]"}
COMMAND: POST /session/d6087ce9047b762c9e6b213c278266de/element/f.3928B9F74E92C4C93CBD9CDC3C97A8D3.d.04A583A4821E777DD2BAE898F6089E99.e.1643/click - {}
RESULT: {}
COMMAND: GET /session/d6087ce9047b762c9e6b213c278266de/screenshot - {}
RESULT: {}
COMMAND: POST /session/d6087ce9047b762c9e6b213c278266de/execute/async - {"script":"<script> [1562 bytes]","args":[{"selector":{"controlType":"sap.m.Button","viewName":"etm.portal.ui.managecatalogs.view.Detail","viewId":"application-managecatalogs-display-component---detailCatalog","properties":{"text":"Classification"},"interaction":{"idSuffix":"BDI-content"}},"wdio_ui5_key":"etmportal.ui.managecatalogs.view.Detailsap.m.Button{\"text\":\"Classification\"}"}]}
RESULT: {"script":"<script> [1562 bytes]","args":[{"selector":{"controlType":"sap.m.Button","viewName":"etm.portal.ui.managecatalogs.view.Detail","viewId":"application-managecatalogs-display-component---detailCatalog","properties":{"text":"Classification"},"interaction":{"idSuffix":"BDI-content"}},"wdio_ui5_key":"etmportal.ui.managecatalogs.view.Detailsap.m.Button{\"text\":\"Classification\"}"}]}
RESULT: undefined
COMMAND: POST /session/d6087ce9047b762c9e6b213c278266de/element - {"using":"xpath","value":"//*[@id=\"application-managecatalogs-display-component---detailCatalog--ObjectPageLayout-anchBar-__section3-anchor\"]"}
RESULT: {"using":"xpath","value":"//*[@id=\"application-managecatalogs-display-component---detailCatalog--ObjectPageLayout-anchBar-__section3-anchor\"]"}
COMMAND: POST /session/d6087ce9047b762c9e6b213c278266de/element/f.3928B9F74E92C4C93CBD9CDC3C97A8D3.d.04A583A4821E777DD2BAE898F6089E99.e.1649/click - {}
RESULT: {}
COMMAND: GET /session/d6087ce9047b762c9e6b213c278266de/screenshot - {}
RESULT: {}
COMMAND: POST /session/d6087ce9047b762c9e6b213c278266de/element - {"using":"xpath","value":"//span[contains(@id ,\"expandButton-img\")]"}
RESULT: {"using":"xpath","value":"//span[contains(@id ,\"expandButton-img\")]"}
COMMAND: POST /session/d6087ce9047b762c9e6b213c278266de/element/f.3928B9F74E92C4C93CBD9CDC3C97A8D3.d.04A583A4821E777DD2BAE898F6089E99.e.1654/click - {}
RESULT: {}
COMMAND: POST /session/d6087ce9047b762c9e6b213c278266de/execute/async - {"script":"<script> [1562 bytes]","args":[{"selector":{"controlType":"sap.m.CheckBox","viewName":"etm.portal.ui.managecatalogs.view.Detail","viewId":"application-managecatalogs-display-component---detailCatalog","bindingPath":{"path":"/data/0/PROPERTIES/0","propertyPath":"SELECTED","modelName":"classModel"},"interaction":{"idSuffix":"CbBg"}},"wdio_ui5_key":"etmportal.ui.managecatalogs.view.Detailsap.m.CheckBox{\"path\":\"/data/0/PROPERTIES/0\",\"propertyPath\":\"SELECTED\",\"modelName\":\"classModel\"}"}]}
COMMAND: GET /session/d6087ce9047b762c9e6b213c278266de/screenshot - {}
RESULT: {"script":"<script> [1562 bytes]","args":[{"selector":{"controlType":"sap.m.CheckBox","viewName":"etm.portal.ui.managecatalogs.view.Detail","viewId":"application-managecatalogs-display-component---detailCatalog","bindingPath":{"path":"/data/0/PROPERTIES/0","propertyPath":"SELECTED","modelName":"classModel"},"interaction":{"idSuffix":"CbBg"}},"wdio_ui5_key":"etmportal.ui.managecatalogs.view.Detailsap.m.CheckBox{\"path\":\"/data/0/PROPERTIES/0\",\"propertyPath\":\"SELECTED\",\"modelName\":\"classModel\"}"}]}
RESULT: undefined
COMMAND: POST /session/d6087ce9047b762c9e6b213c278266de/element - {"using":"xpath","value":"//*[@id=\"__box32\"]"}
RESULT: {}
RESULT: {"using":"xpath","value":"//*[@id=\"__box32\"]"}
COMMAND: POST /session/d6087ce9047b762c9e6b213c278266de/element/f.3928B9F74E92C4C93CBD9CDC3C97A8D3.d.04A583A4821E777DD2BAE898F6089E99.e.1669/click - {}
RESULT: {}
RESULT: undefined
COMMAND: POST /session/d6087ce9047b762c9e6b213c278266de/execute/async - {"script":"<script> [6424 bytes]","args":[{"element-6066-11e4-a52e-4f735466cecf":"f.3928B9F74E92C4C93CBD9CDC3C97A8D3.d.04A583A4821E777DD2BAE898F6089E99.e.1667"},"getSelected",[]]}
COMMAND: GET /session/d6087ce9047b762c9e6b213c278266de/screenshot - {}
RESULT: {"script":"<script> [6424 bytes]","args":[{"element-6066-11e4-a52e-4f735466cecf":"f.3928B9F74E92C4C93CBD9CDC3C97A8D3.d.04A583A4821E777DD2BAE898F6089E99.e.1667"},"getSelected",[]]}
COMMAND: POST /session/d6087ce9047b762c9e6b213c278266de/execute/async - {"script":"<script> [1562 bytes]","args":[{"selector":{"controlType":"sap.m.Button","viewName":"etm.portal.ui.managecatalogs.view.Detail","viewId":"application-managecatalogs-display-component---detailCatalog","i18NText":{"propertyName":"text","key":"save"},"interaction":{"idSuffix":"BDI-content"}},"wdio_ui5_key":"etmportal.ui.managecatalogs.view.Detailsap.m.Button{\"propertyName\":\"text\",\"key\":\"save\"}"}]}
RESULT: {}
RESULT: {"script":"<script> [1562 bytes]","args":[{"selector":{"controlType":"sap.m.Button","viewName":"etm.portal.ui.managecatalogs.view.Detail","viewId":"application-managecatalogs-display-component---detailCatalog","i18NText":{"propertyName":"text","key":"save"},"interaction":{"idSuffix":"BDI-content"}},"wdio_ui5_key":"etmportal.ui.managecatalogs.view.Detailsap.m.Button{\"propertyName\":\"text\",\"key\":\"save\"}"}]}
RESULT: undefined
COMMAND: POST /session/d6087ce9047b762c9e6b213c278266de/element - {"using":"xpath","value":"//*[@id=\"__button51\"]"}
RESULT: {"using":"xpath","value":"//*[@id=\"__button51\"]"}
COMMAND: POST /session/d6087ce9047b762c9e6b213c278266de/element/f.3928B9F74E92C4C93CBD9CDC3C97A8D3.d.04A583A4821E777DD2BAE898F6089E99.e.1593/click - {}
RESULT: {}
COMMAND: GET /session/d6087ce9047b762c9e6b213c278266de/screenshot - {}
RESULT: {}
COMMAND: POST /session/d6087ce9047b762c9e6b213c278266de/element - {"using":"css selector","value":"#shell-header-logo"}
RESULT: {"using":"css selector","value":"#shell-header-logo"}
COMMAND: POST /session/d6087ce9047b762c9e6b213c278266de/element/f.3928B9F74E92C4C93CBD9CDC3C97A8D3.d.04A583A4821E777DD2BAE898F6089E99.e.1335/click - {}
RESULT: {}
COMMAND: GET /session/d6087ce9047b762c9e6b213c278266de/screenshot - {}
RESULT: {}
]]></system-out>
    </testcase>
    <testcase classname="chrome.136_0_7103_93.windows.Manage_catalogs_-_yard_assignment_classification_US138930" name="Should verify if the catalog item is visible after selecting the yard" time="48.002">
      <system-out><![CDATA[
COMMAND: POST /session/d6087ce9047b762c9e6b213c278266de/execute/async - {"script":"<script> [1562 bytes]","args":[{"selector":{"controlType":"sap.m.Text","properties":{"text":"Webshop"},"interaction":{"idSuffix":"inner"}},"wdio_ui5_key":"sapm.Text{\"text\":\"Webshop\"}"}]}
RESULT: {"script":"<script> [1562 bytes]","args":[{"selector":{"controlType":"sap.m.Text","properties":{"text":"Webshop"},"interaction":{"idSuffix":"inner"}},"wdio_ui5_key":"sapm.Text{\"text\":\"Webshop\"}"}]}
RESULT: undefined
COMMAND: POST /session/d6087ce9047b762c9e6b213c278266de/element - {"using":"xpath","value":"//*[@id=\"__tile49-title\"]"}
RESULT: {"using":"xpath","value":"//*[@id=\"__tile49-title\"]"}
COMMAND: POST /session/d6087ce9047b762c9e6b213c278266de/element/f.3928B9F74E92C4C93CBD9CDC3C97A8D3.d.04A583A4821E777DD2BAE898F6089E99.e.1699/click - {}
RESULT: {}
COMMAND: GET /session/d6087ce9047b762c9e6b213c278266de/screenshot - {}
RESULT: {}
COMMAND: POST /session/d6087ce9047b762c9e6b213c278266de/element - {"using":"css selector","value":"#requestCreationDialog--createRequestPopUp-title-inner"}
RESULT: {"using":"css selector","value":"#requestCreationDialog--createRequestPopUp-title-inner"}
COMMAND: POST /session/d6087ce9047b762c9e6b213c278266de/execute/sync - {"script":"<script> [8489 bytes]","args":[{"element-6066-11e4-a52e-4f735466cecf":"f.3928B9F74E92C4C93CBD9CDC3C97A8D3.d.04A583A4821E777DD2BAE898F6089E99.e.1729","ELEMENT":"f.3928B9F74E92C4C93CBD9CDC3C97A8D3.d.04A583A4821E777DD2BAE898F6089E99.e.1729"}]}
RESULT: {"script":"<script> [8489 bytes]","args":[{"element-6066-11e4-a52e-4f735466cecf":"f.3928B9F74E92C4C93CBD9CDC3C97A8D3.d.04A583A4821E777DD2BAE898F6089E99.e.1729","ELEMENT":"f.3928B9F74E92C4C93CBD9CDC3C97A8D3.d.04A583A4821E777DD2BAE898F6089E99.e.1729"}]}
COMMAND: GET /session/d6087ce9047b762c9e6b213c278266de/element/f.3928B9F74E92C4C93CBD9CDC3C97A8D3.d.04A583A4821E777DD2BAE898F6089E99.e.1729/enabled - {}
COMMAND: GET /session/d6087ce9047b762c9e6b213c278266de/screenshot - {}
RESULT: {}
COMMAND: POST /session/d6087ce9047b762c9e6b213c278266de/elements - {"using":"css selector","value":"#requestCreationDialog--createRequestPopUp-title-inner"}
COMMAND: GET /session/d6087ce9047b762c9e6b213c278266de/screenshot - {}
RESULT: {}
RESULT: {"using":"css selector","value":"#requestCreationDialog--createRequestPopUp-title-inner"}
COMMAND: POST /session/d6087ce9047b762c9e6b213c278266de/execute/async - {"script":"<script> [1562 bytes]","args":[{"selector":{"id":"requestCreationDialog--requestName","searchOpenDialogs":true,"interaction":{"idSuffix":"inner"}},"wdio_ui5_key":"requestCreationDialogrequestName"}]}
RESULT: {}
RESULT: {"script":"<script> [1562 bytes]","args":[{"selector":{"id":"requestCreationDialog--requestName","searchOpenDialogs":true,"interaction":{"idSuffix":"inner"}},"wdio_ui5_key":"requestCreationDialogrequestName"}]}
RESULT: undefined
COMMAND: POST /session/d6087ce9047b762c9e6b213c278266de/execute/async - {"script":"<script> [776 bytes]","args":[{"enterText":"WebdriverTest","selector":{"id":"requestCreationDialog--requestName","searchOpenDialogs":true,"interaction":{"idSuffix":"inner"}},"clearTextFirst":true,"interactionType":"ENTER_TEXT"}]}
RESULT: {"script":"<script> [776 bytes]","args":[{"enterText":"WebdriverTest","selector":{"id":"requestCreationDialog--requestName","searchOpenDialogs":true,"interaction":{"idSuffix":"inner"}},"clearTextFirst":true,"interactionType":"ENTER_TEXT"}]}
COMMAND: POST /session/d6087ce9047b762c9e6b213c278266de/element - {"using":"xpath","value":"//input[contains(@id ,\"requestCreationDialog--yardId-inner\")]"}
RESULT: {"using":"xpath","value":"//input[contains(@id ,\"requestCreationDialog--yardId-inner\")]"}
COMMAND: POST /session/d6087ce9047b762c9e6b213c278266de/element/f.3928B9F74E92C4C93CBD9CDC3C97A8D3.d.04A583A4821E777DD2BAE898F6089E99.e.1716/clear - {}
RESULT: {}
COMMAND: POST /session/d6087ce9047b762c9e6b213c278266de/element/f.3928B9F74E92C4C93CBD9CDC3C97A8D3.d.04A583A4821E777DD2BAE898F6089E99.e.1716/value - {"text":"101"}
COMMAND: GET /session/d6087ce9047b762c9e6b213c278266de/screenshot - {}
RESULT: {"text":"101"}
COMMAND: GET /session/d6087ce9047b762c9e6b213c278266de/screenshot - {}
RESULT: {}
RESULT: {}
COMMAND: POST /session/d6087ce9047b762c9e6b213c278266de/execute/async - {"script":"<script> [1562 bytes]","args":[{"selector":{"id":"requestCreationDialog--okButton","searchOpenDialogs":true,"interaction":{"idSuffix":"BDI-content"}},"wdio_ui5_key":"requestCreationDialogokButton"}]}
RESULT: {"script":"<script> [1562 bytes]","args":[{"selector":{"id":"requestCreationDialog--okButton","searchOpenDialogs":true,"interaction":{"idSuffix":"BDI-content"}},"wdio_ui5_key":"requestCreationDialogokButton"}]}
RESULT: undefined
COMMAND: POST /session/d6087ce9047b762c9e6b213c278266de/element - {"using":"xpath","value":"//*[@id=\"requestCreationDialog--okButton\"]"}
RESULT: {"using":"xpath","value":"//*[@id=\"requestCreationDialog--okButton\"]"}
COMMAND: POST /session/d6087ce9047b762c9e6b213c278266de/element/f.3928B9F74E92C4C93CBD9CDC3C97A8D3.d.04A583A4821E777DD2BAE898F6089E99.e.1735/click - {}
RESULT: {}
COMMAND: GET /session/d6087ce9047b762c9e6b213c278266de/screenshot - {}
RESULT: {}
COMMAND: POST /session/d6087ce9047b762c9e6b213c278266de/element - {"using":"xpath","value":"//input[contains(@id ,\"searchFiledId-I\")]"}
RESULT: {"using":"xpath","value":"//input[contains(@id ,\"searchFiledId-I\")]"}
COMMAND: POST /session/d6087ce9047b762c9e6b213c278266de/element/f.3928B9F74E92C4C93CBD9CDC3C97A8D3.d.04A583A4821E777DD2BAE898F6089E99.e.1705/value - {"text":"catalogItem2nsos"}
RESULT: {"text":"catalogItem2nsos"}
COMMAND: POST /session/d6087ce9047b762c9e6b213c278266de/actions - {"actions":[{"id":"action7","type":"key","parameters":{},"actions":[{"type":"keyDown","value":""},{"type":"pause","duration":10},{"type":"keyUp","value":""}]}]}
COMMAND: GET /session/d6087ce9047b762c9e6b213c278266de/screenshot - {}
RESULT: {"actions":[{"id":"action7","type":"key","parameters":{},"actions":[{"type":"keyDown","value":""},{"type":"pause","duration":10},{"type":"keyUp","value":""}]}]}
COMMAND: GET /session/d6087ce9047b762c9e6b213c278266de/screenshot - {}
RESULT: {}
RESULT: {}
COMMAND: POST /session/d6087ce9047b762c9e6b213c278266de/element - {"using":"xpath","value":"//span[contains(@id ,\"subTitle\")][contains(text(), \"catalogItem2nsos\")]"}
RESULT: {"using":"xpath","value":"//span[contains(@id ,\"subTitle\")][contains(text(), \"catalogItem2nsos\")]"}
COMMAND: POST /session/d6087ce9047b762c9e6b213c278266de/element - {"using":"xpath","value":"//span[contains(@id ,\"subTitle\")][contains(text(), \"catalogItem2nsos\")]"}
RESULT: {"using":"xpath","value":"//span[contains(@id ,\"subTitle\")][contains(text(), \"catalogItem2nsos\")]"}
COMMAND: POST /session/d6087ce9047b762c9e6b213c278266de/execute/async - {"script":"<script> [1562 bytes]","args":[{"selector":{"controlType":"sap.tnt.NavigationListItem","viewName":"etm.portal.ui.webshop.view.Homepage","i18NText":{"propertyName":"text","key":"exit"},"interaction":{"idSuffix":"a"}},"wdio_ui5_key":"etmportal.ui.webshop.view.Homepagesap.tnt.NavigationListItem{\"propertyName\":\"text\",\"key\":\"exit\"}"}]}
RESULT: {"script":"<script> [1562 bytes]","args":[{"selector":{"controlType":"sap.tnt.NavigationListItem","viewName":"etm.portal.ui.webshop.view.Homepage","i18NText":{"propertyName":"text","key":"exit"},"interaction":{"idSuffix":"a"}},"wdio_ui5_key":"etmportal.ui.webshop.view.Homepagesap.tnt.NavigationListItem{\"propertyName\":\"text\",\"key\":\"exit\"}"}]}
RESULT: undefined
COMMAND: POST /session/d6087ce9047b762c9e6b213c278266de/element - {"using":"xpath","value":"//*[@id=\"__item275\"]"}
RESULT: {"using":"xpath","value":"//*[@id=\"__item275\"]"}
COMMAND: POST /session/d6087ce9047b762c9e6b213c278266de/element/f.3928B9F74E92C4C93CBD9CDC3C97A8D3.d.04A583A4821E777DD2BAE898F6089E99.e.1743/click - {}
RESULT: {}
]]></system-out>
    </testcase>
  </testsuite>
  <testsuite timestamp="2025-05-28T15:52:39" time="241.955" tests="1" failures="0" errors="0" skipped="0">
    <properties>
      <property name="specId" value="0"/>
      <property name="suiteName" value="Catalogs section"/>
      <property name="capabilities" value="chrome.136_0_7103_93.windows"/>
      <property name="file" value="file:///D:/a/1/s/test/specs/R2C/manage-catalogs-values-section.spec.js"/>
    </properties>
    <testcase classname="chrome.136_0_7103_93.windows.Catalogs_section" name="Should add values to a catalog item" time="241.952">
      <system-out><![CDATA[
COMMAND: POST /session/d6087ce9047b762c9e6b213c278266de/element - {"using":"xpath","value":"//span[contains(@id ,\"requestCreationDialog--createRequestPopUp-title-inner\")]"}
COMMAND: GET /session/d6087ce9047b762c9e6b213c278266de/screenshot - {}
RESULT: {"using":"xpath","value":"//span[contains(@id ,\"requestCreationDialog--createRequestPopUp-title-inner\")]"}
COMMAND: POST /session/d6087ce9047b762c9e6b213c278266de/elements - {"using":"xpath","value":"//span[contains(@id ,\"requestCreationDialog--createRequestPopUp-title-inner\")]"}
RESULT: {}
RESULT: {"using":"xpath","value":"//span[contains(@id ,\"requestCreationDialog--createRequestPopUp-title-inner\")]"}
COMMAND: POST /session/d6087ce9047b762c9e6b213c278266de/execute/async - {"script":"<script> [1562 bytes]","args":[{"selector":{"controlType":"sap.m.GenericTile","properties":{"header":"Manage Catalogs"}},"wdio_ui5_key":"sapm.GenericTile{\"header\":\"Manage Catalogs\"}"}]}
RESULT: {"script":"<script> [1562 bytes]","args":[{"selector":{"controlType":"sap.m.GenericTile","properties":{"header":"Manage Catalogs"}},"wdio_ui5_key":"sapm.GenericTile{\"header\":\"Manage Catalogs\"}"}]}
RESULT: undefined
COMMAND: POST /session/d6087ce9047b762c9e6b213c278266de/element - {"using":"xpath","value":"//*[@id=\"__tile37\"]"}
RESULT: {"using":"xpath","value":"//*[@id=\"__tile37\"]"}
COMMAND: POST /session/d6087ce9047b762c9e6b213c278266de/element/f.3928B9F74E92C4C93CBD9CDC3C97A8D3.d.04A583A4821E777DD2BAE898F6089E99.e.1754/click - {}
RESULT: {}
COMMAND: GET /session/d6087ce9047b762c9e6b213c278266de/screenshot - {}
RESULT: {}
COMMAND: POST /session/d6087ce9047b762c9e6b213c278266de/elements - {"using":"xpath","value":"//span[text()='Error']"}
RESULT: {"using":"xpath","value":"//span[text()='Error']"}
COMMAND: POST /session/d6087ce9047b762c9e6b213c278266de/refresh - {}
RESULT: {}
COMMAND: GET /session/d6087ce9047b762c9e6b213c278266de/screenshot - {}
RESULT: {}
COMMAND: POST /session/d6087ce9047b762c9e6b213c278266de/execute/async - {"script":"<script> [189 bytes]","args":[]}
RESULT: {"script":"<script> [189 bytes]","args":[]}
COMMAND: POST /session/d6087ce9047b762c9e6b213c278266de/execute/async - {"script":"<script> [123 bytes]","args":[]}
RESULT: {"script":"<script> [123 bytes]","args":[]}
COMMAND: POST /session/d6087ce9047b762c9e6b213c278266de/timeouts - {"script":"<number>"}
RESULT: {"script":"<number>"}
COMMAND: GET /session/d6087ce9047b762c9e6b213c278266de/timeouts - {}
RESULT: {}
RESULT: undefined
COMMAND: POST /session/d6087ce9047b762c9e6b213c278266de/execute/async - {"script":"<script> [2676 bytes]","args":[]}
RESULT: {"script":"<script> [2676 bytes]","args":[]}
COMMAND: POST /session/d6087ce9047b762c9e6b213c278266de/execute/async - {"script":"<script> [2342 bytes]","args":[{"protocol":"http","hostname":"0.0.0.0","path":"/","capabilities":{"browserName":"chrome","goog:chromeOptions":{"binary":"C:\\Program Files\\Google\\Chrome\\Application\\chrome.exe","args":["--start-maximized"]}},"logLevel":"warn","connectionRetryTimeout":120000,"connectionRetryCount":3,"logLevels":{},"enableDirectConnect":true,"strictSSL":true,"_":"65 more keys: [\"cacheDir\",\"port\",\"requestedCapabilities\",\"automationProtocol\",\"baseUrl\",\"waitforInterval\",\"waitforTimeout\",\"onReload\",\"beforeCommand\",\"afterCommand\",\"rootDir\",\"specs\",\"suites\",\"exclude\",\"groupLogsByTestSpec\",\"excludeDriverLogs\",\"bail\",\"framework\",\"reporters\",\"services\",\"maxInstances\",\"maxInstancesPerCapability\",\"injectGlobals\",\"filesToWatch\",\"execArgv\",\"runnerEnv\",\"runner\",\"shard\",\"specFileRetries\",\"specFileRetriesDelay\",\"specFileRetriesDeferred\",\"reporterSyncInterval\",\"reporterSyncTimeout\",\"cucumberFeaturesWithLineNumbers\",\"autoCompileOpts\",\"mochaOpts\",\"jasmineOpts\",\"cucumberOpts\",\"onPrepare\",\"onWorkerStart\",\"onWorkerEnd\",\"before\",\"beforeSession\",\"beforeSuite\",\"beforeHook\",\"beforeTest\",\"afterTest\",\"afterHook\",\"afterSuite\",\"afterSession\",\"after\",\"onComplete\",\"beforeAssertion\",\"afterAssertion\",\"beforeFeature\",\"beforeScenario\",\"beforeStep\",\"afterStep\",\"afterScenario\",\"afterFeature\",\"_\",\"suite\",\"$0\",\"ignoredWorkerServices\",\"wdi5\"]"}]}
RESULT: {"script":"<script> [2342 bytes]","args":[{"protocol":"http","hostname":"0.0.0.0","path":"/","capabilities":{"browserName":"chrome","goog:chromeOptions":{"binary":"C:\\Program Files\\Google\\Chrome\\Application\\chrome.exe","args":["--start-maximized"]}},"logLevel":"warn","connectionRetryTimeout":120000,"connectionRetryCount":3,"logLevels":{},"enableDirectConnect":true,"strictSSL":true,"_":"65 more keys: [\"cacheDir\",\"port\",\"requestedCapabilities\",\"automationProtocol\",\"baseUrl\",\"waitforInterval\",\"waitforTimeout\",\"onReload\",\"beforeCommand\",\"afterCommand\",\"rootDir\",\"specs\",\"suites\",\"exclude\",\"groupLogsByTestSpec\",\"excludeDriverLogs\",\"bail\",\"framework\",\"reporters\",\"services\",\"maxInstances\",\"maxInstancesPerCapability\",\"injectGlobals\",\"filesToWatch\",\"execArgv\",\"runnerEnv\",\"runner\",\"shard\",\"specFileRetries\",\"specFileRetriesDelay\",\"specFileRetriesDeferred\",\"reporterSyncInterval\",\"reporterSyncTimeout\",\"cucumberFeaturesWithLineNumbers\",\"autoCompileOpts\",\"mochaOpts\",\"jasmineOpts\",\"cucumberOpts\",\"onPrepare\",\"onWorkerStart\",\"onWorkerEnd\",\"before\",\"beforeSession\",\"beforeSuite\",\"beforeHook\",\"beforeTest\",\"afterTest\",\"afterHook\",\"afterSuite\",\"afterSession\",\"after\",\"onComplete\",\"beforeAssertion\",\"afterAssertion\",\"beforeFeature\",\"beforeScenario\",\"beforeStep\",\"afterStep\",\"afterScenario\",\"afterFeature\",\"_\",\"suite\",\"$0\",\"ignoredWorkerServices\",\"wdi5\"]"}]}
COMMAND: POST /session/d6087ce9047b762c9e6b213c278266de/execute/async - {"script":"<script> [21126 bytes]","args":[35000]}
RESULT: {"script":"<script> [21126 bytes]","args":[35000]}
COMMAND: POST /session/d6087ce9047b762c9e6b213c278266de/element - {"using":"xpath","value":"//span[contains(text(), \"Webshop Catalog\")][contains(@id ,\"masterCatalogs\")]"}
RESULT: {"using":"xpath","value":"//span[contains(text(), \"Webshop Catalog\")][contains(@id ,\"masterCatalogs\")]"}
COMMAND: POST /session/d6087ce9047b762c9e6b213c278266de/element/f.3928B9F74E92C4C93CBD9CDC3C97A8D3.d.6417EC2B8D2C245335330024749F58A8.e.1857/click - {}
RESULT: {}
COMMAND: GET /session/d6087ce9047b762c9e6b213c278266de/screenshot - {}
RESULT: {}
COMMAND: POST /session/d6087ce9047b762c9e6b213c278266de/element - {"using":"xpath","value":"//input[contains(@id ,\"application-managecatalogs-display-component---masterCatalogItems--searchItemsField-I\")]"}
RESULT: {"using":"xpath","value":"//input[contains(@id ,\"application-managecatalogs-display-component---masterCatalogItems--searchItemsField-I\")]"}
COMMAND: POST /session/d6087ce9047b762c9e6b213c278266de/element/f.3928B9F74E92C4C93CBD9CDC3C97A8D3.d.6417EC2B8D2C245335330024749F58A8.e.1860/value - {"text":"SecondSection6vtva"}
RESULT: {"text":"SecondSection6vtva"}
COMMAND: POST /session/d6087ce9047b762c9e6b213c278266de/actions - {"actions":[{"id":"action8","type":"key","parameters":{},"actions":[{"type":"keyDown","value":""},{"type":"pause","duration":10},{"type":"keyUp","value":""}]}]}
COMMAND: GET /session/d6087ce9047b762c9e6b213c278266de/screenshot - {}
RESULT: {"actions":[{"id":"action8","type":"key","parameters":{},"actions":[{"type":"keyDown","value":""},{"type":"pause","duration":10},{"type":"keyUp","value":""}]}]}
COMMAND: GET /session/d6087ce9047b762c9e6b213c278266de/screenshot - {}
RESULT: {}
RESULT: {}
COMMAND: POST /session/d6087ce9047b762c9e6b213c278266de/element - {"using":"xpath","value":"(//span[contains(text(), \"SecondSection6vtva\")])[1]"}
RESULT: {"using":"xpath","value":"(//span[contains(text(), \"SecondSection6vtva\")])[1]"}
COMMAND: POST /session/d6087ce9047b762c9e6b213c278266de/element/f.3928B9F74E92C4C93CBD9CDC3C97A8D3.d.6417EC2B8D2C245335330024749F58A8.e.1894/click - {}
RESULT: {}
COMMAND: POST /session/d6087ce9047b762c9e6b213c278266de/execute/async - {"script":"<script> [1562 bytes]","args":[{"selector":{"controlType":"sap.m.Button","viewName":"etm.portal.ui.managecatalogs.view.Detail","viewId":"application-managecatalogs-display-component---detailCatalog","i18NText":{"propertyName":"text","key":"edit"},"interaction":{"idSuffix":"BDI-content"}},"wdio_ui5_key":"etmportal.ui.managecatalogs.view.Detailsap.m.Button{\"propertyName\":\"text\",\"key\":\"edit\"}"}]}
COMMAND: GET /session/d6087ce9047b762c9e6b213c278266de/screenshot - {}
RESULT: {"script":"<script> [1562 bytes]","args":[{"selector":{"controlType":"sap.m.Button","viewName":"etm.portal.ui.managecatalogs.view.Detail","viewId":"application-managecatalogs-display-component---detailCatalog","i18NText":{"propertyName":"text","key":"edit"},"interaction":{"idSuffix":"BDI-content"}},"wdio_ui5_key":"etmportal.ui.managecatalogs.view.Detailsap.m.Button{\"propertyName\":\"text\",\"key\":\"edit\"}"}]}
RESULT: undefined
COMMAND: POST /session/d6087ce9047b762c9e6b213c278266de/element - {"using":"xpath","value":"//*[@id=\"__button33\"]"}
RESULT: {}
RESULT: {"using":"xpath","value":"//*[@id=\"__button33\"]"}
COMMAND: POST /session/d6087ce9047b762c9e6b213c278266de/element/f.3928B9F74E92C4C93CBD9CDC3C97A8D3.d.6417EC2B8D2C245335330024749F58A8.e.1961/click - {}
RESULT: {}
COMMAND: POST /session/d6087ce9047b762c9e6b213c278266de/execute/async - {"script":"<script> [1562 bytes]","args":[{"selector":{"controlType":"sap.ui.core.Icon","viewName":"etm.portal.ui.managecatalogs.view.Detail","viewId":"application-managecatalogs-display-component---detailCatalog","properties":{"src":{"regex":{"source":"add\\-document"}}}},"wdio_ui5_key":"etmportal.ui.managecatalogs.view.Detailsap.ui.core.Icon{\"src\":{\"regex\":{\"source\":\"add\\\\-document\"}}}"}]}
COMMAND: GET /session/d6087ce9047b762c9e6b213c278266de/screenshot - {}
RESULT: {"script":"<script> [1562 bytes]","args":[{"selector":{"controlType":"sap.ui.core.Icon","viewName":"etm.portal.ui.managecatalogs.view.Detail","viewId":"application-managecatalogs-display-component---detailCatalog","properties":{"src":{"regex":{"source":"add\\-document"}}}},"wdio_ui5_key":"etmportal.ui.managecatalogs.view.Detailsap.ui.core.Icon{\"src\":{\"regex\":{\"source\":\"add\\\\-document\"}}}"}]}
RESULT: undefined
COMMAND: POST /session/d6087ce9047b762c9e6b213c278266de/element - {"using":"xpath","value":"//*[@id=\"__button42-img\"]"}
RESULT: {}
RESULT: {"using":"xpath","value":"//*[@id=\"__button42-img\"]"}
COMMAND: POST /session/d6087ce9047b762c9e6b213c278266de/element/f.3928B9F74E92C4C93CBD9CDC3C97A8D3.d.6417EC2B8D2C245335330024749F58A8.e.1968/click - {}
RESULT: {}
COMMAND: POST /session/d6087ce9047b762c9e6b213c278266de/execute/async - {"script":"<script> [1562 bytes]","args":[{"selector":{"id":"application-managecatalogs-display-component---detailCatalog--newItemNumberInput","searchOpenDialogs":true,"interaction":{"idSuffix":"inner"}},"wdio_ui5_key":"applicationmanagecatalogs-display-component---detailCatalog--newItemNumberInput"}]}
COMMAND: GET /session/d6087ce9047b762c9e6b213c278266de/screenshot - {}
RESULT: {"script":"<script> [1562 bytes]","args":[{"selector":{"id":"application-managecatalogs-display-component---detailCatalog--newItemNumberInput","searchOpenDialogs":true,"interaction":{"idSuffix":"inner"}},"wdio_ui5_key":"applicationmanagecatalogs-display-component---detailCatalog--newItemNumberInput"}]}
RESULT: undefined
COMMAND: POST /session/d6087ce9047b762c9e6b213c278266de/execute/async - {"script":"<script> [776 bytes]","args":[{"enterText":"catalogItems463af","selector":{"id":"application-managecatalogs-display-component---detailCatalog--newItemNumberInput","searchOpenDialogs":true,"interaction":{"idSuffix":"inner"}},"clearTextFirst":true,"interactionType":"ENTER_TEXT"}]}
RESULT: {}
RESULT: {"script":"<script> [776 bytes]","args":[{"enterText":"catalogItems463af","selector":{"id":"application-managecatalogs-display-component---detailCatalog--newItemNumberInput","searchOpenDialogs":true,"interaction":{"idSuffix":"inner"}},"clearTextFirst":true,"interactionType":"ENTER_TEXT"}]}
COMMAND: POST /session/d6087ce9047b762c9e6b213c278266de/execute/async - {"script":"<script> [1562 bytes]","args":[{"selector":{"controlType":"sap.m.Input","viewName":"etm.portal.ui.managecatalogs.view.Detail","viewId":"application-managecatalogs-display-component---detailCatalog","bindingPath":{"path":"","propertyPath":"/DESCRIPTION"},"searchOpenDialogs":true,"interaction":{"idSuffix":"inner"}},"wdio_ui5_key":"etmportal.ui.managecatalogs.view.Detailsap.m.Input{\"path\":\"\",\"propertyPath\":\"/DESCRIPTION\"}"}]}
RESULT: {"script":"<script> [1562 bytes]","args":[{"selector":{"controlType":"sap.m.Input","viewName":"etm.portal.ui.managecatalogs.view.Detail","viewId":"application-managecatalogs-display-component---detailCatalog","bindingPath":{"path":"","propertyPath":"/DESCRIPTION"},"searchOpenDialogs":true,"interaction":{"idSuffix":"inner"}},"wdio_ui5_key":"etmportal.ui.managecatalogs.view.Detailsap.m.Input{\"path\":\"\",\"propertyPath\":\"/DESCRIPTION\"}"}]}
RESULT: undefined
COMMAND: POST /session/d6087ce9047b762c9e6b213c278266de/execute/async - {"script":"<script> [776 bytes]","args":[{"enterText":"catalogItemNameg90fi","selector":{"controlType":"sap.m.Input","viewName":"etm.portal.ui.managecatalogs.view.Detail","viewId":"application-managecatalogs-display-component---detailCatalog","bindingPath":{"path":"","propertyPath":"/DESCRIPTION"},"searchOpenDialogs":true,"interaction":{"idSuffix":"inner"}},"clearTextFirst":true,"interactionType":"ENTER_TEXT"}]}
RESULT: {"script":"<script> [776 bytes]","args":[{"enterText":"catalogItemNameg90fi","selector":{"controlType":"sap.m.Input","viewName":"etm.portal.ui.managecatalogs.view.Detail","viewId":"application-managecatalogs-display-component---detailCatalog","bindingPath":{"path":"","propertyPath":"/DESCRIPTION"},"searchOpenDialogs":true,"interaction":{"idSuffix":"inner"}},"clearTextFirst":true,"interactionType":"ENTER_TEXT"}]}
COMMAND: POST /session/d6087ce9047b762c9e6b213c278266de/execute/async - {"script":"<script> [1562 bytes]","args":[{"selector":{"controlType":"sap.m.Button","viewName":"etm.portal.ui.managecatalogs.view.Detail","viewId":"application-managecatalogs-display-component---detailCatalog","i18NText":{"propertyName":"text","key":"create"},"searchOpenDialogs":true,"interaction":{"idSuffix":"BDI-content"}},"wdio_ui5_key":"etmportal.ui.managecatalogs.view.Detailsap.m.Button{\"propertyName\":\"text\",\"key\":\"create\"}"}]}
RESULT: {"script":"<script> [1562 bytes]","args":[{"selector":{"controlType":"sap.m.Button","viewName":"etm.portal.ui.managecatalogs.view.Detail","viewId":"application-managecatalogs-display-component---detailCatalog","i18NText":{"propertyName":"text","key":"create"},"searchOpenDialogs":true,"interaction":{"idSuffix":"BDI-content"}},"wdio_ui5_key":"etmportal.ui.managecatalogs.view.Detailsap.m.Button{\"propertyName\":\"text\",\"key\":\"create\"}"}]}
RESULT: undefined
COMMAND: POST /session/d6087ce9047b762c9e6b213c278266de/element - {"using":"xpath","value":"//*[@id=\"__button17\"]"}
RESULT: {"using":"xpath","value":"//*[@id=\"__button17\"]"}
COMMAND: POST /session/d6087ce9047b762c9e6b213c278266de/element/f.3928B9F74E92C4C93CBD9CDC3C97A8D3.d.6417EC2B8D2C245335330024749F58A8.e.1979/click - {}
RESULT: {}
COMMAND: GET /session/d6087ce9047b762c9e6b213c278266de/screenshot - {}
RESULT: {}
COMMAND: POST /session/d6087ce9047b762c9e6b213c278266de/element - {"using":"xpath","value":"//button[@title=\"Save\"]"}
RESULT: {"using":"xpath","value":"//button[@title=\"Save\"]"}
COMMAND: POST /session/d6087ce9047b762c9e6b213c278266de/element/f.3928B9F74E92C4C93CBD9CDC3C97A8D3.d.6417EC2B8D2C245335330024749F58A8.e.1980/click - {}
RESULT: {}
COMMAND: GET /session/d6087ce9047b762c9e6b213c278266de/screenshot - {}
RESULT: {}
COMMAND: POST /session/d6087ce9047b762c9e6b213c278266de/execute/async - {"script":"<script> [1562 bytes]","args":[{"selector":{"controlType":"sap.ui.core.Icon","viewName":"etm.portal.ui.managecatalogs.view.Detail","viewId":"application-managecatalogs-display-component---detailCatalog","properties":{"src":{"regex":{"source":"decline"}}}},"wdio_ui5_key":"etmportal.ui.managecatalogs.view.Detailsap.ui.core.Icon{\"src\":{\"regex\":{\"source\":\"decline\"}}}"}]}
RESULT: {"script":"<script> [1562 bytes]","args":[{"selector":{"controlType":"sap.ui.core.Icon","viewName":"etm.portal.ui.managecatalogs.view.Detail","viewId":"application-managecatalogs-display-component---detailCatalog","properties":{"src":{"regex":{"source":"decline"}}}},"wdio_ui5_key":"etmportal.ui.managecatalogs.view.Detailsap.ui.core.Icon{\"src\":{\"regex\":{\"source\":\"decline\"}}}"}]}
RESULT: undefined
COMMAND: POST /session/d6087ce9047b762c9e6b213c278266de/element - {"using":"xpath","value":"//*[@id=\"__button36-img\"]"}
RESULT: {"using":"xpath","value":"//*[@id=\"__button36-img\"]"}
COMMAND: POST /session/d6087ce9047b762c9e6b213c278266de/element/f.3928B9F74E92C4C93CBD9CDC3C97A8D3.d.6417EC2B8D2C245335330024749F58A8.e.1985/click - {}
RESULT: {}
COMMAND: GET /session/d6087ce9047b762c9e6b213c278266de/screenshot - {}
RESULT: {}
COMMAND: POST /session/d6087ce9047b762c9e6b213c278266de/execute/async - {"script":"<script> [1562 bytes]","args":[{"selector":{"controlType":"sap.ui.core.Icon","viewName":"etm.portal.ui.managecatalogs.view.MasterItems","viewId":"application-managecatalogs-display-component---masterCatalogItems","properties":{"src":{"regex":{"source":"refresh"}}}},"wdio_ui5_key":"etmportal.ui.managecatalogs.view.MasterItemssap.ui.core.Icon{\"src\":{\"regex\":{\"source\":\"refresh\"}}}"}]}
RESULT: {"script":"<script> [1562 bytes]","args":[{"selector":{"controlType":"sap.ui.core.Icon","viewName":"etm.portal.ui.managecatalogs.view.MasterItems","viewId":"application-managecatalogs-display-component---masterCatalogItems","properties":{"src":{"regex":{"source":"refresh"}}}},"wdio_ui5_key":"etmportal.ui.managecatalogs.view.MasterItemssap.ui.core.Icon{\"src\":{\"regex\":{\"source\":\"refresh\"}}}"}]}
RESULT: undefined
COMMAND: POST /session/d6087ce9047b762c9e6b213c278266de/element - {"using":"xpath","value":"//*[@id=\"__button9-img\"]"}
RESULT: {"using":"xpath","value":"//*[@id=\"__button9-img\"]"}
COMMAND: POST /session/d6087ce9047b762c9e6b213c278266de/element/f.3928B9F74E92C4C93CBD9CDC3C97A8D3.d.6417EC2B8D2C245335330024749F58A8.e.2020/click - {}
RESULT: {}
COMMAND: GET /session/d6087ce9047b762c9e6b213c278266de/screenshot - {}
RESULT: {}
COMMAND: POST /session/d6087ce9047b762c9e6b213c278266de/execute/async - {"script":"<script> [1562 bytes]","args":[{"selector":{"id":"application-managecatalogs-display-component---masterCatalogItems--searchItemsField","interaction":{"idSuffix":"I"}},"wdio_ui5_key":"applicationmanagecatalogs-display-component---masterCatalogItems--searchItemsField"}]}
RESULT: {"script":"<script> [1562 bytes]","args":[{"selector":{"id":"application-managecatalogs-display-component---masterCatalogItems--searchItemsField","interaction":{"idSuffix":"I"}},"wdio_ui5_key":"applicationmanagecatalogs-display-component---masterCatalogItems--searchItemsField"}]}
RESULT: undefined
COMMAND: POST /session/d6087ce9047b762c9e6b213c278266de/execute/async - {"script":"<script> [776 bytes]","args":[{"enterText":"catalogItemNameg90fi","selector":{"id":"application-managecatalogs-display-component---masterCatalogItems--searchItemsField","interaction":{"idSuffix":"I"}},"clearTextFirst":true,"interactionType":"ENTER_TEXT"}]}
RESULT: {"script":"<script> [776 bytes]","args":[{"enterText":"catalogItemNameg90fi","selector":{"id":"application-managecatalogs-display-component---masterCatalogItems--searchItemsField","interaction":{"idSuffix":"I"}},"clearTextFirst":true,"interactionType":"ENTER_TEXT"}]}
COMMAND: POST /session/d6087ce9047b762c9e6b213c278266de/actions - {"actions":[{"id":"action9","type":"key","parameters":{},"actions":[{"type":"keyDown","value":""},{"type":"pause","duration":10},{"type":"keyUp","value":""}]}]}
RESULT: {"actions":[{"id":"action9","type":"key","parameters":{},"actions":[{"type":"keyDown","value":""},{"type":"pause","duration":10},{"type":"keyUp","value":""}]}]}
COMMAND: POST /session/d6087ce9047b762c9e6b213c278266de/element - {"using":"xpath","value":"(//span[contains(text(), \"catalogItemNameg90fi\")])[1]"}
COMMAND: GET /session/d6087ce9047b762c9e6b213c278266de/screenshot - {}
RESULT: {"using":"xpath","value":"(//span[contains(text(), \"catalogItemNameg90fi\")])[1]"}
COMMAND: POST /session/d6087ce9047b762c9e6b213c278266de/element/f.3928B9F74E92C4C93CBD9CDC3C97A8D3.d.6417EC2B8D2C245335330024749F58A8.e.2027/click - {}
RESULT: {}
RESULT: {}
COMMAND: GET /session/d6087ce9047b762c9e6b213c278266de/screenshot - {}
RESULT: {}
COMMAND: POST /session/d6087ce9047b762c9e6b213c278266de/element - {"using":"xpath","value":"//span[contains(text(), \"catalogItems463af\")]"}
RESULT: {"using":"xpath","value":"//span[contains(text(), \"catalogItems463af\")]"}
COMMAND: GET /session/d6087ce9047b762c9e6b213c278266de/element/f.3928B9F74E92C4C93CBD9CDC3C97A8D3.d.6417EC2B8D2C245335330024749F58A8.e.2089/text - {}
RESULT: {}
RESULT: undefined
COMMAND: POST /session/d6087ce9047b762c9e6b213c278266de/element - {"using":"xpath","value":"//*[@id=\"__button33\"]"}
RESULT: {"using":"xpath","value":"//*[@id=\"__button33\"]"}
COMMAND: POST /session/d6087ce9047b762c9e6b213c278266de/element/f.3928B9F74E92C4C93CBD9CDC3C97A8D3.d.6417EC2B8D2C245335330024749F58A8.e.2091/click - {}
RESULT: {}
COMMAND: GET /session/d6087ce9047b762c9e6b213c278266de/screenshot - {}
RESULT: {}
COMMAND: POST /session/d6087ce9047b762c9e6b213c278266de/execute/async - {"script":"<script> [1562 bytes]","args":[{"selector":{"id":"application-managecatalogs-display-component---detailCatalog--BASE_UNIT_OF_MEASURE-arrow"},"wdio_ui5_key":"applicationmanagecatalogs-display-component---detailCatalog--BASE_UNIT_OF_MEASURE-arrow"}]}
RESULT: {"script":"<script> [1562 bytes]","args":[{"selector":{"id":"application-managecatalogs-display-component---detailCatalog--BASE_UNIT_OF_MEASURE-arrow"},"wdio_ui5_key":"applicationmanagecatalogs-display-component---detailCatalog--BASE_UNIT_OF_MEASURE-arrow"}]}
RESULT: undefined
COMMAND: POST /session/d6087ce9047b762c9e6b213c278266de/element - {"using":"xpath","value":"//*[@id=\"application-managecatalogs-display-component---detailCatalog--BASE_UNIT_OF_MEASURE-arrow\"]"}
RESULT: {"using":"xpath","value":"//*[@id=\"application-managecatalogs-display-component---detailCatalog--BASE_UNIT_OF_MEASURE-arrow\"]"}
COMMAND: POST /session/d6087ce9047b762c9e6b213c278266de/element/f.3928B9F74E92C4C93CBD9CDC3C97A8D3.d.6417EC2B8D2C245335330024749F58A8.e.2120/click - {}
RESULT: {}
COMMAND: GET /session/d6087ce9047b762c9e6b213c278266de/screenshot - {}
RESULT: {}
COMMAND: POST /session/d6087ce9047b762c9e6b213c278266de/execute/async - {"script":"<script> [1562 bytes]","args":[{"selector":{"controlType":"sap.m.StandardListItem","viewName":"etm.portal.ui.managecatalogs.view.Detail","viewId":"application-managecatalogs-display-component---detailCatalog","properties":{"title":"Piece"},"searchOpenDialogs":true,"interaction":{"idSuffix":"titleText"}},"wdio_ui5_key":"etmportal.ui.managecatalogs.view.Detailsap.m.StandardListItem{\"title\":\"Piece\"}"}]}
RESULT: {"script":"<script> [1562 bytes]","args":[{"selector":{"controlType":"sap.m.StandardListItem","viewName":"etm.portal.ui.managecatalogs.view.Detail","viewId":"application-managecatalogs-display-component---detailCatalog","properties":{"title":"Piece"},"searchOpenDialogs":true,"interaction":{"idSuffix":"titleText"}},"wdio_ui5_key":"etmportal.ui.managecatalogs.view.Detailsap.m.StandardListItem{\"title\":\"Piece\"}"}]}
RESULT: undefined
COMMAND: POST /session/d6087ce9047b762c9e6b213c278266de/element - {"using":"xpath","value":"//*[@id=\"__item236\"]"}
RESULT: {"using":"xpath","value":"//*[@id=\"__item236\"]"}
COMMAND: POST /session/d6087ce9047b762c9e6b213c278266de/element/f.3928B9F74E92C4C93CBD9CDC3C97A8D3.d.6417EC2B8D2C245335330024749F58A8.e.2122/click - {}
RESULT: {}
COMMAND: POST /session/d6087ce9047b762c9e6b213c278266de/execute/async - {"script":"<script> [1562 bytes]","args":[{"selector":{"id":"application-managecatalogs-display-component---detailCatalog--ObjectPageLayout-anchBar-application-managecatalogs-display-component---detailCatalog--sectionValues-anchor","interaction":{"idSuffix":"BDI-content"}},"wdio_ui5_key":"applicationmanagecatalogs-display-component---detailCatalog--ObjectPageLayout-anchBar-application-managecatalogs-display-component---detailCatalog--sectionValues-anchor"}]}
COMMAND: GET /session/d6087ce9047b762c9e6b213c278266de/screenshot - {}
RESULT: {"script":"<script> [1562 bytes]","args":[{"selector":{"id":"application-managecatalogs-display-component---detailCatalog--ObjectPageLayout-anchBar-application-managecatalogs-display-component---detailCatalog--sectionValues-anchor","interaction":{"idSuffix":"BDI-content"}},"wdio_ui5_key":"applicationmanagecatalogs-display-component---detailCatalog--ObjectPageLayout-anchBar-application-managecatalogs-display-component---detailCatalog--sectionValues-anchor"}]}
RESULT: undefined
COMMAND: POST /session/d6087ce9047b762c9e6b213c278266de/element - {"using":"xpath","value":"//*[@id=\"application-managecatalogs-display-component---detailCatalog--ObjectPageLayout-anchBar-application-managecatalogs-display-component---detailCatalog--sectionValues-anchor\"]"}
RESULT: {}
RESULT: {"using":"xpath","value":"//*[@id=\"application-managecatalogs-display-component---detailCatalog--ObjectPageLayout-anchBar-application-managecatalogs-display-component---detailCatalog--sectionValues-anchor\"]"}
COMMAND: POST /session/d6087ce9047b762c9e6b213c278266de/element/f.3928B9F74E92C4C93CBD9CDC3C97A8D3.d.6417EC2B8D2C245335330024749F58A8.e.2124/click - {}
RESULT: {}
COMMAND: GET /session/d6087ce9047b762c9e6b213c278266de/screenshot - {}
RESULT: {}
COMMAND: POST /session/d6087ce9047b762c9e6b213c278266de/execute/async - {"script":"<script> [1562 bytes]","args":[{"selector":{"controlType":"sap.ui.core.Icon","viewName":"etm.portal.ui.managecatalogs.view.Detail","viewId":"application-managecatalogs-display-component---detailCatalog","properties":{"src":{"regex":{"source":"add"}}},"ancestor":{"id":"application-managecatalogs-display-component---detailCatalog--ValuesTable"}},"wdio_ui5_key":"etmportal.ui.managecatalogs.view.Detailsap.ui.core.Icon{\"src\":{\"regex\":{\"source\":\"add\"}}}{\"id\":\"application-managecatalogs-display-component---detailCatalog--ValuesTable\"}"}]}
RESULT: {"script":"<script> [1562 bytes]","args":[{"selector":{"controlType":"sap.ui.core.Icon","viewName":"etm.portal.ui.managecatalogs.view.Detail","viewId":"application-managecatalogs-display-component---detailCatalog","properties":{"src":{"regex":{"source":"add"}}},"ancestor":{"id":"application-managecatalogs-display-component---detailCatalog--ValuesTable"}},"wdio_ui5_key":"etmportal.ui.managecatalogs.view.Detailsap.ui.core.Icon{\"src\":{\"regex\":{\"source\":\"add\"}}}{\"id\":\"application-managecatalogs-display-component---detailCatalog--ValuesTable\"}"}]}
RESULT: undefined
COMMAND: POST /session/d6087ce9047b762c9e6b213c278266de/element - {"using":"xpath","value":"//*[@id=\"__button45-img\"]"}
RESULT: {"using":"xpath","value":"//*[@id=\"__button45-img\"]"}
COMMAND: POST /session/d6087ce9047b762c9e6b213c278266de/element/f.3928B9F74E92C4C93CBD9CDC3C97A8D3.d.6417EC2B8D2C245335330024749F58A8.e.2129/click - {}
RESULT: {}
RESULT: undefined
COMMAND: POST /session/d6087ce9047b762c9e6b213c278266de/element - {"using":"xpath","value":"//*[@id=\"__button45-img\"]"}
COMMAND: GET /session/d6087ce9047b762c9e6b213c278266de/screenshot - {}
RESULT: {"using":"xpath","value":"//*[@id=\"__button45-img\"]"}
COMMAND: POST /session/d6087ce9047b762c9e6b213c278266de/element/f.3928B9F74E92C4C93CBD9CDC3C97A8D3.d.6417EC2B8D2C245335330024749F58A8.e.2129/click - {}
RESULT: {}
RESULT: {}
COMMAND: POST /session/d6087ce9047b762c9e6b213c278266de/element - {"using":"xpath","value":"(//input[contains(@id ,\"application-managecatalogs-display-component---detailCatalog--ValuesTable-0-inner\")])[1]"}
COMMAND: GET /session/d6087ce9047b762c9e6b213c278266de/screenshot - {}
RESULT: {"using":"xpath","value":"(//input[contains(@id ,\"application-managecatalogs-display-component---detailCatalog--ValuesTable-0-inner\")])[1]"}
COMMAND: POST /session/d6087ce9047b762c9e6b213c278266de/element/f.3928B9F74E92C4C93CBD9CDC3C97A8D3.d.6417EC2B8D2C245335330024749F58A8.e.2132/clear - {}
RESULT: {}
RESULT: {}
COMMAND: POST /session/d6087ce9047b762c9e6b213c278266de/element/f.3928B9F74E92C4C93CBD9CDC3C97A8D3.d.6417EC2B8D2C245335330024749F58A8.e.2132/value - {"text":"D&I catalog price"}
COMMAND: GET /session/d6087ce9047b762c9e6b213c278266de/screenshot - {}
RESULT: {"text":"D&I catalog price"}
COMMAND: GET /session/d6087ce9047b762c9e6b213c278266de/screenshot - {}
RESULT: {}
RESULT: {}
COMMAND: POST /session/d6087ce9047b762c9e6b213c278266de/actions - {"actions":[{"id":"action10","type":"key","parameters":{},"actions":[{"type":"keyDown","value":""},{"type":"pause","duration":10},{"type":"keyUp","value":""}]}]}
RESULT: {"actions":[{"id":"action10","type":"key","parameters":{},"actions":[{"type":"keyDown","value":""},{"type":"pause","duration":10},{"type":"keyUp","value":""}]}]}
COMMAND: POST /session/d6087ce9047b762c9e6b213c278266de/element - {"using":"xpath","value":"(//input[contains(@id ,\"application-managecatalogs-display-component---detailCatalog--ValuesTable-1-inner\")])[1]"}
COMMAND: GET /session/d6087ce9047b762c9e6b213c278266de/screenshot - {}
RESULT: {"using":"xpath","value":"(//input[contains(@id ,\"application-managecatalogs-display-component---detailCatalog--ValuesTable-1-inner\")])[1]"}
COMMAND: POST /session/d6087ce9047b762c9e6b213c278266de/element/f.3928B9F74E92C4C93CBD9CDC3C97A8D3.d.6417EC2B8D2C245335330024749F58A8.e.2156/clear - {}
RESULT: {}
RESULT: {}
COMMAND: POST /session/d6087ce9047b762c9e6b213c278266de/element/f.3928B9F74E92C4C93CBD9CDC3C97A8D3.d.6417EC2B8D2C245335330024749F58A8.e.2156/value - {"text":"D&I catalog price"}
COMMAND: GET /session/d6087ce9047b762c9e6b213c278266de/screenshot - {}
RESULT: {"text":"D&I catalog price"}
COMMAND: GET /session/d6087ce9047b762c9e6b213c278266de/screenshot - {}
RESULT: {}
RESULT: {}
COMMAND: POST /session/d6087ce9047b762c9e6b213c278266de/actions - {"actions":[{"id":"action11","type":"key","parameters":{},"actions":[{"type":"keyDown","value":""},{"type":"pause","duration":10},{"type":"keyUp","value":""}]}]}
RESULT: {"actions":[{"id":"action11","type":"key","parameters":{},"actions":[{"type":"keyDown","value":""},{"type":"pause","duration":10},{"type":"keyUp","value":""}]}]}
COMMAND: POST /session/d6087ce9047b762c9e6b213c278266de/execute/async - {"script":"<script> [1562 bytes]","args":[{"selector":{"controlType":"sap.m.Button","viewName":"etm.portal.ui.managecatalogs.view.Detail","viewId":"application-managecatalogs-display-component---detailCatalog","i18NText":{"propertyName":"text","key":"save"},"interaction":{"idSuffix":"BDI-content"}},"wdio_ui5_key":"etmportal.ui.managecatalogs.view.Detailsap.m.Button{\"propertyName\":\"text\",\"key\":\"save\"}"}]}
COMMAND: GET /session/d6087ce9047b762c9e6b213c278266de/screenshot - {}
RESULT: {"script":"<script> [1562 bytes]","args":[{"selector":{"controlType":"sap.m.Button","viewName":"etm.portal.ui.managecatalogs.view.Detail","viewId":"application-managecatalogs-display-component---detailCatalog","i18NText":{"propertyName":"text","key":"save"},"interaction":{"idSuffix":"BDI-content"}},"wdio_ui5_key":"etmportal.ui.managecatalogs.view.Detailsap.m.Button{\"propertyName\":\"text\",\"key\":\"save\"}"}]}
RESULT: undefined
COMMAND: POST /session/d6087ce9047b762c9e6b213c278266de/element - {"using":"xpath","value":"//*[@id=\"__button51\"]"}
RESULT: {}
RESULT: {"using":"xpath","value":"//*[@id=\"__button51\"]"}
COMMAND: POST /session/d6087ce9047b762c9e6b213c278266de/element/f.3928B9F74E92C4C93CBD9CDC3C97A8D3.d.6417EC2B8D2C245335330024749F58A8.e.2093/click - {}
RESULT: {}
COMMAND: GET /session/d6087ce9047b762c9e6b213c278266de/screenshot - {}
RESULT: {}
COMMAND: POST /session/d6087ce9047b762c9e6b213c278266de/execute/async - {"script":"<script> [1562 bytes]","args":[{"selector":{"controlType":"sap.m.Text","properties":{"text":"Existing values with the same start date!"},"searchOpenDialogs":true},"wdio_ui5_key":"sapm.Text{\"text\":\"Existing values with the same start date!\"}"}]}
RESULT: {"script":"<script> [1562 bytes]","args":[{"selector":{"controlType":"sap.m.Text","properties":{"text":"Existing values with the same start date!"},"searchOpenDialogs":true},"wdio_ui5_key":"sapm.Text{\"text\":\"Existing values with the same start date!\"}"}]}
RESULT: undefined
COMMAND: POST /session/d6087ce9047b762c9e6b213c278266de/execute/async - {"script":"<script> [6424 bytes]","args":[{"element-6066-11e4-a52e-4f735466cecf":"f.3928B9F74E92C4C93CBD9CDC3C97A8D3.d.6417EC2B8D2C245335330024749F58A8.e.2172"},"getText",[]]}
RESULT: {"script":"<script> [6424 bytes]","args":[{"element-6066-11e4-a52e-4f735466cecf":"f.3928B9F74E92C4C93CBD9CDC3C97A8D3.d.6417EC2B8D2C245335330024749F58A8.e.2172"},"getText",[]]}
COMMAND: POST /session/d6087ce9047b762c9e6b213c278266de/execute/async - {"script":"<script> [1562 bytes]","args":[{"selector":{"controlType":"sap.m.Button","properties":{"text":"OK"},"searchOpenDialogs":true,"interaction":{"idSuffix":"BDI-content"}},"wdio_ui5_key":"sapm.Button{\"text\":\"OK\"}"}]}
RESULT: {"script":"<script> [1562 bytes]","args":[{"selector":{"controlType":"sap.m.Button","properties":{"text":"OK"},"searchOpenDialogs":true,"interaction":{"idSuffix":"BDI-content"}},"wdio_ui5_key":"sapm.Button{\"text\":\"OK\"}"}]}
RESULT: undefined
COMMAND: POST /session/d6087ce9047b762c9e6b213c278266de/element - {"using":"xpath","value":"//*[@id=\"__mbox-btn-0\"]"}
RESULT: {"using":"xpath","value":"//*[@id=\"__mbox-btn-0\"]"}
COMMAND: POST /session/d6087ce9047b762c9e6b213c278266de/element/f.3928B9F74E92C4C93CBD9CDC3C97A8D3.d.6417EC2B8D2C245335330024749F58A8.e.2168/click - {}
RESULT: {}
COMMAND: POST /session/d6087ce9047b762c9e6b213c278266de/execute/async - {"script":"<script> [1562 bytes]","args":[{"selector":{"controlType":"sap.m.DatePicker","viewName":"etm.portal.ui.managecatalogs.view.Detail","viewId":"application-managecatalogs-display-component---detailCatalog","bindingPath":{"propertyPath":"VALID_TO","modelName":"catalogModel"},"interaction":{"idSuffix":"inner"}},"wdio_ui5_key":"etmportal.ui.managecatalogs.view.Detailsap.m.DatePicker{\"propertyPath\":\"VALID_TO\",\"modelName\":\"catalogModel\"}"}]}
COMMAND: GET /session/d6087ce9047b762c9e6b213c278266de/screenshot - {}
RESULT: {"script":"<script> [1562 bytes]","args":[{"selector":{"controlType":"sap.m.DatePicker","viewName":"etm.portal.ui.managecatalogs.view.Detail","viewId":"application-managecatalogs-display-component---detailCatalog","bindingPath":{"propertyPath":"VALID_TO","modelName":"catalogModel"},"interaction":{"idSuffix":"inner"}},"wdio_ui5_key":"etmportal.ui.managecatalogs.view.Detailsap.m.DatePicker{\"propertyPath\":\"VALID_TO\",\"modelName\":\"catalogModel\"}"}]}
RESULT: undefined
COMMAND: POST /session/d6087ce9047b762c9e6b213c278266de/execute/async - {"script":"<script> [776 bytes]","args":[{"enterText":"05/29/25","selector":{"controlType":"sap.m.DatePicker","viewName":"etm.portal.ui.managecatalogs.view.Detail","viewId":"application-managecatalogs-display-component---detailCatalog","bindingPath":{"propertyPath":"VALID_TO","modelName":"catalogModel"},"interaction":{"idSuffix":"inner"}},"clearTextFirst":true,"interactionType":"ENTER_TEXT"}]}
RESULT: {}
RESULT: {"script":"<script> [776 bytes]","args":[{"enterText":"05/29/25","selector":{"controlType":"sap.m.DatePicker","viewName":"etm.portal.ui.managecatalogs.view.Detail","viewId":"application-managecatalogs-display-component---detailCatalog","bindingPath":{"propertyPath":"VALID_TO","modelName":"catalogModel"},"interaction":{"idSuffix":"inner"}},"clearTextFirst":true,"interactionType":"ENTER_TEXT"}]}
COMMAND: POST /session/d6087ce9047b762c9e6b213c278266de/element - {"using":"xpath","value":"(//input[contains(@id ,\"-application-managecatalogs-display-component---detailCatalog--ValuesTable-0-inner\")])[7]"}
RESULT: {"using":"xpath","value":"(//input[contains(@id ,\"-application-managecatalogs-display-component---detailCatalog--ValuesTable-0-inner\")])[7]"}
COMMAND: POST /session/d6087ce9047b762c9e6b213c278266de/element/f.3928B9F74E92C4C93CBD9CDC3C97A8D3.d.6417EC2B8D2C245335330024749F58A8.e.2138/clear - {}
RESULT: {}
COMMAND: POST /session/d6087ce9047b762c9e6b213c278266de/element/f.3928B9F74E92C4C93CBD9CDC3C97A8D3.d.6417EC2B8D2C245335330024749F58A8.e.2138/value - {"text":"05/29/25"}
COMMAND: GET /session/d6087ce9047b762c9e6b213c278266de/screenshot - {}
RESULT: {"text":"05/29/25"}
COMMAND: POST /session/d6087ce9047b762c9e6b213c278266de/element - {"using":"xpath","value":"(//input[contains(@id ,\"application-managecatalogs-display-component---detailCatalog--ValuesTable-1-inner\")])[6]"}
COMMAND: GET /session/d6087ce9047b762c9e6b213c278266de/screenshot - {}
RESULT: {}
RESULT: {"using":"xpath","value":"(//input[contains(@id ,\"application-managecatalogs-display-component---detailCatalog--ValuesTable-1-inner\")])[6]"}
COMMAND: POST /session/d6087ce9047b762c9e6b213c278266de/element/f.3928B9F74E92C4C93CBD9CDC3C97A8D3.d.6417EC2B8D2C245335330024749F58A8.e.2161/clear - {}
RESULT: {}
RESULT: {}
COMMAND: POST /session/d6087ce9047b762c9e6b213c278266de/element/f.3928B9F74E92C4C93CBD9CDC3C97A8D3.d.6417EC2B8D2C245335330024749F58A8.e.2161/value - {"text":"05/30/25"}
COMMAND: GET /session/d6087ce9047b762c9e6b213c278266de/screenshot - {}
RESULT: {"text":"05/30/25"}
COMMAND: POST /session/d6087ce9047b762c9e6b213c278266de/element - {"using":"xpath","value":"//bdi[contains(text(), \"Save\")]"}
COMMAND: GET /session/d6087ce9047b762c9e6b213c278266de/screenshot - {}
RESULT: {}
RESULT: {"using":"xpath","value":"//bdi[contains(text(), \"Save\")]"}
COMMAND: POST /session/d6087ce9047b762c9e6b213c278266de/element/f.3928B9F74E92C4C93CBD9CDC3C97A8D3.d.6417EC2B8D2C245335330024749F58A8.e.2167/click - {}
RESULT: {}
RESULT: {}
COMMAND: POST /session/d6087ce9047b762c9e6b213c278266de/execute/async - {"script":"<script> [1562 bytes]","args":[{"selector":{"controlType":"sap.m.Title","properties":{"text":"Warning"},"searchOpenDialogs":true},"wdio_ui5_key":"sapm.Title{\"text\":\"Warning\"}"}]}
COMMAND: GET /session/d6087ce9047b762c9e6b213c278266de/screenshot - {}
RESULT: {"script":"<script> [1562 bytes]","args":[{"selector":{"controlType":"sap.m.Title","properties":{"text":"Warning"},"searchOpenDialogs":true},"wdio_ui5_key":"sapm.Title{\"text\":\"Warning\"}"}]}
RESULT: undefined
COMMAND: POST /session/d6087ce9047b762c9e6b213c278266de/execute/async - {"script":"<script> [6424 bytes]","args":[{"element-6066-11e4-a52e-4f735466cecf":"f.3928B9F74E92C4C93CBD9CDC3C97A8D3.d.6417EC2B8D2C245335330024749F58A8.e.2178"},"getText",[]]}
RESULT: {}
RESULT: {"script":"<script> [6424 bytes]","args":[{"element-6066-11e4-a52e-4f735466cecf":"f.3928B9F74E92C4C93CBD9CDC3C97A8D3.d.6417EC2B8D2C245335330024749F58A8.e.2178"},"getText",[]]}
COMMAND: POST /session/d6087ce9047b762c9e6b213c278266de/execute/async - {"script":"<script> [1562 bytes]","args":[{"selector":{"controlType":"sap.m.Button","properties":{"text":"Yes"},"searchOpenDialogs":true,"interaction":{"idSuffix":"BDI-content"}},"wdio_ui5_key":"sapm.Button{\"text\":\"Yes\"}"}]}
RESULT: {"script":"<script> [1562 bytes]","args":[{"selector":{"controlType":"sap.m.Button","properties":{"text":"Yes"},"searchOpenDialogs":true,"interaction":{"idSuffix":"BDI-content"}},"wdio_ui5_key":"sapm.Button{\"text\":\"Yes\"}"}]}
RESULT: undefined
COMMAND: POST /session/d6087ce9047b762c9e6b213c278266de/element - {"using":"xpath","value":"//*[@id=\"__mbox-btn-1\"]"}
RESULT: {"using":"xpath","value":"//*[@id=\"__mbox-btn-1\"]"}
COMMAND: POST /session/d6087ce9047b762c9e6b213c278266de/element/f.3928B9F74E92C4C93CBD9CDC3C97A8D3.d.6417EC2B8D2C245335330024749F58A8.e.2176/click - {}
RESULT: {}
COMMAND: GET /session/d6087ce9047b762c9e6b213c278266de/screenshot - {}
RESULT: {}
COMMAND: POST /session/d6087ce9047b762c9e6b213c278266de/refresh - {}
RESULT: {}
COMMAND: GET /session/d6087ce9047b762c9e6b213c278266de/screenshot - {}
RESULT: {}
COMMAND: POST /session/d6087ce9047b762c9e6b213c278266de/execute/async - {"script":"<script> [189 bytes]","args":[]}
RESULT: {"script":"<script> [189 bytes]","args":[]}
COMMAND: POST /session/d6087ce9047b762c9e6b213c278266de/execute/async - {"script":"<script> [123 bytes]","args":[]}
RESULT: {"script":"<script> [123 bytes]","args":[]}
COMMAND: POST /session/d6087ce9047b762c9e6b213c278266de/timeouts - {"script":"<number>"}
RESULT: {"script":"<number>"}
COMMAND: GET /session/d6087ce9047b762c9e6b213c278266de/timeouts - {}
RESULT: {}
RESULT: undefined
COMMAND: POST /session/d6087ce9047b762c9e6b213c278266de/execute/async - {"script":"<script> [2676 bytes]","args":[]}
RESULT: {"script":"<script> [2676 bytes]","args":[]}
COMMAND: POST /session/d6087ce9047b762c9e6b213c278266de/execute/async - {"script":"<script> [2342 bytes]","args":[{"protocol":"http","hostname":"0.0.0.0","path":"/","capabilities":{"browserName":"chrome","goog:chromeOptions":{"binary":"C:\\Program Files\\Google\\Chrome\\Application\\chrome.exe","args":["--start-maximized"]}},"logLevel":"warn","connectionRetryTimeout":120000,"connectionRetryCount":3,"logLevels":{},"enableDirectConnect":true,"strictSSL":true,"_":"65 more keys: [\"cacheDir\",\"port\",\"requestedCapabilities\",\"automationProtocol\",\"baseUrl\",\"waitforInterval\",\"waitforTimeout\",\"onReload\",\"beforeCommand\",\"afterCommand\",\"rootDir\",\"specs\",\"suites\",\"exclude\",\"groupLogsByTestSpec\",\"excludeDriverLogs\",\"bail\",\"framework\",\"reporters\",\"services\",\"maxInstances\",\"maxInstancesPerCapability\",\"injectGlobals\",\"filesToWatch\",\"execArgv\",\"runnerEnv\",\"runner\",\"shard\",\"specFileRetries\",\"specFileRetriesDelay\",\"specFileRetriesDeferred\",\"reporterSyncInterval\",\"reporterSyncTimeout\",\"cucumberFeaturesWithLineNumbers\",\"autoCompileOpts\",\"mochaOpts\",\"jasmineOpts\",\"cucumberOpts\",\"onPrepare\",\"onWorkerStart\",\"onWorkerEnd\",\"before\",\"beforeSession\",\"beforeSuite\",\"beforeHook\",\"beforeTest\",\"afterTest\",\"afterHook\",\"afterSuite\",\"afterSession\",\"after\",\"onComplete\",\"beforeAssertion\",\"afterAssertion\",\"beforeFeature\",\"beforeScenario\",\"beforeStep\",\"afterStep\",\"afterScenario\",\"afterFeature\",\"_\",\"suite\",\"$0\",\"ignoredWorkerServices\",\"wdi5\"]"}]}
RESULT: {"script":"<script> [2342 bytes]","args":[{"protocol":"http","hostname":"0.0.0.0","path":"/","capabilities":{"browserName":"chrome","goog:chromeOptions":{"binary":"C:\\Program Files\\Google\\Chrome\\Application\\chrome.exe","args":["--start-maximized"]}},"logLevel":"warn","connectionRetryTimeout":120000,"connectionRetryCount":3,"logLevels":{},"enableDirectConnect":true,"strictSSL":true,"_":"65 more keys: [\"cacheDir\",\"port\",\"requestedCapabilities\",\"automationProtocol\",\"baseUrl\",\"waitforInterval\",\"waitforTimeout\",\"onReload\",\"beforeCommand\",\"afterCommand\",\"rootDir\",\"specs\",\"suites\",\"exclude\",\"groupLogsByTestSpec\",\"excludeDriverLogs\",\"bail\",\"framework\",\"reporters\",\"services\",\"maxInstances\",\"maxInstancesPerCapability\",\"injectGlobals\",\"filesToWatch\",\"execArgv\",\"runnerEnv\",\"runner\",\"shard\",\"specFileRetries\",\"specFileRetriesDelay\",\"specFileRetriesDeferred\",\"reporterSyncInterval\",\"reporterSyncTimeout\",\"cucumberFeaturesWithLineNumbers\",\"autoCompileOpts\",\"mochaOpts\",\"jasmineOpts\",\"cucumberOpts\",\"onPrepare\",\"onWorkerStart\",\"onWorkerEnd\",\"before\",\"beforeSession\",\"beforeSuite\",\"beforeHook\",\"beforeTest\",\"afterTest\",\"afterHook\",\"afterSuite\",\"afterSession\",\"after\",\"onComplete\",\"beforeAssertion\",\"afterAssertion\",\"beforeFeature\",\"beforeScenario\",\"beforeStep\",\"afterStep\",\"afterScenario\",\"afterFeature\",\"_\",\"suite\",\"$0\",\"ignoredWorkerServices\",\"wdi5\"]"}]}
COMMAND: POST /session/d6087ce9047b762c9e6b213c278266de/execute/async - {"script":"<script> [21126 bytes]","args":[35000]}
RESULT: {"script":"<script> [21126 bytes]","args":[35000]}
COMMAND: POST /session/d6087ce9047b762c9e6b213c278266de/execute/async - {"script":"<script> [1562 bytes]","args":[{"selector":{"id":"application-managecatalogs-display-component---detailCatalog--ValuesSmartTable-header"},"wdio_ui5_key":"applicationmanagecatalogs-display-component---detailCatalog--ValuesSmartTable-header"}]}
RESULT: {"script":"<script> [1562 bytes]","args":[{"selector":{"id":"application-managecatalogs-display-component---detailCatalog--ValuesSmartTable-header"},"wdio_ui5_key":"applicationmanagecatalogs-display-component---detailCatalog--ValuesSmartTable-header"}]}
RESULT: undefined
COMMAND: POST /session/d6087ce9047b762c9e6b213c278266de/execute/async - {"script":"<script> [6424 bytes]","args":[{"element-6066-11e4-a52e-4f735466cecf":"f.3928B9F74E92C4C93CBD9CDC3C97A8D3.d.66D6304CEA650C2C968DC52C7B83C1EF.e.2261"},"getText",[]]}
RESULT: {"script":"<script> [6424 bytes]","args":[{"element-6066-11e4-a52e-4f735466cecf":"f.3928B9F74E92C4C93CBD9CDC3C97A8D3.d.66D6304CEA650C2C968DC52C7B83C1EF.e.2261"},"getText",[]]}
COMMAND: POST /session/d6087ce9047b762c9e6b213c278266de/execute/async - {"script":"<script> [1562 bytes]","args":[{"selector":{"controlType":"sap.m.Button","viewName":"etm.portal.ui.managecatalogs.view.Detail","viewId":"application-managecatalogs-display-component---detailCatalog","i18NText":{"propertyName":"text","key":"edit"},"interaction":{"idSuffix":"BDI-content"}},"wdio_ui5_key":"etmportal.ui.managecatalogs.view.Detailsap.m.Button{\"propertyName\":\"text\",\"key\":\"edit\"}"}]}
RESULT: {"script":"<script> [1562 bytes]","args":[{"selector":{"controlType":"sap.m.Button","viewName":"etm.portal.ui.managecatalogs.view.Detail","viewId":"application-managecatalogs-display-component---detailCatalog","i18NText":{"propertyName":"text","key":"edit"},"interaction":{"idSuffix":"BDI-content"}},"wdio_ui5_key":"etmportal.ui.managecatalogs.view.Detailsap.m.Button{\"propertyName\":\"text\",\"key\":\"edit\"}"}]}
RESULT: undefined
COMMAND: POST /session/d6087ce9047b762c9e6b213c278266de/element - {"using":"xpath","value":"//*[@id=\"__button25\"]"}
RESULT: {"using":"xpath","value":"//*[@id=\"__button25\"]"}
COMMAND: POST /session/d6087ce9047b762c9e6b213c278266de/element/f.3928B9F74E92C4C93CBD9CDC3C97A8D3.d.66D6304CEA650C2C968DC52C7B83C1EF.e.2263/click - {}
RESULT: {}
COMMAND: POST /session/d6087ce9047b762c9e6b213c278266de/execute/async - {"script":"<script> [1562 bytes]","args":[{"selector":{"id":"application-managecatalogs-display-component---detailCatalog--ObjectPageLayout-anchBar-application-managecatalogs-display-component---detailCatalog--sectionValues-anchor","interaction":{"idSuffix":"BDI-content"}},"wdio_ui5_key":"applicationmanagecatalogs-display-component---detailCatalog--ObjectPageLayout-anchBar-application-managecatalogs-display-component---detailCatalog--sectionValues-anchor"}]}
COMMAND: GET /session/d6087ce9047b762c9e6b213c278266de/screenshot - {}
RESULT: {"script":"<script> [1562 bytes]","args":[{"selector":{"id":"application-managecatalogs-display-component---detailCatalog--ObjectPageLayout-anchBar-application-managecatalogs-display-component---detailCatalog--sectionValues-anchor","interaction":{"idSuffix":"BDI-content"}},"wdio_ui5_key":"applicationmanagecatalogs-display-component---detailCatalog--ObjectPageLayout-anchBar-application-managecatalogs-display-component---detailCatalog--sectionValues-anchor"}]}
RESULT: undefined
COMMAND: POST /session/d6087ce9047b762c9e6b213c278266de/element - {"using":"xpath","value":"//*[@id=\"application-managecatalogs-display-component---detailCatalog--ObjectPageLayout-anchBar-application-managecatalogs-display-component---detailCatalog--sectionValues-anchor\"]"}
RESULT: {}
RESULT: {"using":"xpath","value":"//*[@id=\"application-managecatalogs-display-component---detailCatalog--ObjectPageLayout-anchBar-application-managecatalogs-display-component---detailCatalog--sectionValues-anchor\"]"}
COMMAND: POST /session/d6087ce9047b762c9e6b213c278266de/element/f.3928B9F74E92C4C93CBD9CDC3C97A8D3.d.66D6304CEA650C2C968DC52C7B83C1EF.e.2305/click - {}
RESULT: {}
COMMAND: GET /session/d6087ce9047b762c9e6b213c278266de/screenshot - {}
RESULT: {}
COMMAND: POST /session/d6087ce9047b762c9e6b213c278266de/execute/async - {"script":"<script> [1562 bytes]","args":[{"selector":{"id":"application-managecatalogs-display-component---detailCatalog--ValuesTable-sa","interaction":{"idSuffix":"CbBg"}},"wdio_ui5_key":"applicationmanagecatalogs-display-component---detailCatalog--ValuesTable-sa"}]}
RESULT: {"script":"<script> [1562 bytes]","args":[{"selector":{"id":"application-managecatalogs-display-component---detailCatalog--ValuesTable-sa","interaction":{"idSuffix":"CbBg"}},"wdio_ui5_key":"applicationmanagecatalogs-display-component---detailCatalog--ValuesTable-sa"}]}
RESULT: undefined
COMMAND: POST /session/d6087ce9047b762c9e6b213c278266de/element - {"using":"xpath","value":"//*[@id=\"application-managecatalogs-display-component---detailCatalog--ValuesTable-sa\"]"}
RESULT: {"using":"xpath","value":"//*[@id=\"application-managecatalogs-display-component---detailCatalog--ValuesTable-sa\"]"}
COMMAND: POST /session/d6087ce9047b762c9e6b213c278266de/element/f.3928B9F74E92C4C93CBD9CDC3C97A8D3.d.66D6304CEA650C2C968DC52C7B83C1EF.e.2311/click - {}
RESULT: {}
COMMAND: POST /session/d6087ce9047b762c9e6b213c278266de/execute/async - {"script":"<script> [1562 bytes]","args":[{"selector":{"controlType":"sap.ui.core.Icon","viewName":"etm.portal.ui.managecatalogs.view.Detail","viewId":"application-managecatalogs-display-component---detailCatalog","properties":{"src":{"regex":{"source":"delete"}}},"ancestor":{"id":"application-managecatalogs-display-component---detailCatalog--ValuesTable"}},"wdio_ui5_key":"etmportal.ui.managecatalogs.view.Detailsap.ui.core.Icon{\"src\":{\"regex\":{\"source\":\"delete\"}}}{\"id\":\"application-managecatalogs-display-component---detailCatalog--ValuesTable\"}"}]}
COMMAND: GET /session/d6087ce9047b762c9e6b213c278266de/screenshot - {}
RESULT: {"script":"<script> [1562 bytes]","args":[{"selector":{"controlType":"sap.ui.core.Icon","viewName":"etm.portal.ui.managecatalogs.view.Detail","viewId":"application-managecatalogs-display-component---detailCatalog","properties":{"src":{"regex":{"source":"delete"}}},"ancestor":{"id":"application-managecatalogs-display-component---detailCatalog--ValuesTable"}},"wdio_ui5_key":"etmportal.ui.managecatalogs.view.Detailsap.ui.core.Icon{\"src\":{\"regex\":{\"source\":\"delete\"}}}{\"id\":\"application-managecatalogs-display-component---detailCatalog--ValuesTable\"}"}]}
RESULT: undefined
COMMAND: POST /session/d6087ce9047b762c9e6b213c278266de/element - {"using":"xpath","value":"//*[@id=\"__button36-img\"]"}
RESULT: {}
RESULT: {"using":"xpath","value":"//*[@id=\"__button36-img\"]"}
COMMAND: POST /session/d6087ce9047b762c9e6b213c278266de/element/f.3928B9F74E92C4C93CBD9CDC3C97A8D3.d.66D6304CEA650C2C968DC52C7B83C1EF.e.2312/click - {}
RESULT: {}
COMMAND: POST /session/d6087ce9047b762c9e6b213c278266de/execute/async - {"script":"<script> [1562 bytes]","args":[{"selector":{"controlType":"sap.m.Button","properties":{"text":"Yes"},"searchOpenDialogs":true,"interaction":{"idSuffix":"BDI-content"}},"wdio_ui5_key":"sapm.Button{\"text\":\"Yes\"}"}]}
COMMAND: GET /session/d6087ce9047b762c9e6b213c278266de/screenshot - {}
RESULT: {"script":"<script> [1562 bytes]","args":[{"selector":{"controlType":"sap.m.Button","properties":{"text":"Yes"},"searchOpenDialogs":true,"interaction":{"idSuffix":"BDI-content"}},"wdio_ui5_key":"sapm.Button{\"text\":\"Yes\"}"}]}
RESULT: undefined
COMMAND: POST /session/d6087ce9047b762c9e6b213c278266de/element - {"using":"xpath","value":"//*[@id=\"__mbox-btn-0\"]"}
RESULT: {}
RESULT: {"using":"xpath","value":"//*[@id=\"__mbox-btn-0\"]"}
COMMAND: POST /session/d6087ce9047b762c9e6b213c278266de/element/f.3928B9F74E92C4C93CBD9CDC3C97A8D3.d.66D6304CEA650C2C968DC52C7B83C1EF.e.2314/click - {}
RESULT: {}
COMMAND: GET /session/d6087ce9047b762c9e6b213c278266de/screenshot - {}
RESULT: {}
COMMAND: POST /session/d6087ce9047b762c9e6b213c278266de/execute/async - {"script":"<script> [1562 bytes]","args":[{"selector":{"controlType":"sap.m.Button","viewName":"etm.portal.ui.managecatalogs.view.Detail","viewId":"application-managecatalogs-display-component---detailCatalog","i18NText":{"propertyName":"text","key":"save"},"interaction":{"idSuffix":"BDI-content"}},"wdio_ui5_key":"etmportal.ui.managecatalogs.view.Detailsap.m.Button{\"propertyName\":\"text\",\"key\":\"save\"}"}]}
RESULT: {"script":"<script> [1562 bytes]","args":[{"selector":{"controlType":"sap.m.Button","viewName":"etm.portal.ui.managecatalogs.view.Detail","viewId":"application-managecatalogs-display-component---detailCatalog","i18NText":{"propertyName":"text","key":"save"},"interaction":{"idSuffix":"BDI-content"}},"wdio_ui5_key":"etmportal.ui.managecatalogs.view.Detailsap.m.Button{\"propertyName\":\"text\",\"key\":\"save\"}"}]}
RESULT: undefined
COMMAND: POST /session/d6087ce9047b762c9e6b213c278266de/element - {"using":"xpath","value":"//*[@id=\"__button43\"]"}
RESULT: {"using":"xpath","value":"//*[@id=\"__button43\"]"}
COMMAND: POST /session/d6087ce9047b762c9e6b213c278266de/element/f.3928B9F74E92C4C93CBD9CDC3C97A8D3.d.66D6304CEA650C2C968DC52C7B83C1EF.e.2319/click - {}
RESULT: {}
COMMAND: GET /session/d6087ce9047b762c9e6b213c278266de/screenshot - {}
RESULT: {}
RESULT: undefined
COMMAND: POST /session/d6087ce9047b762c9e6b213c278266de/element - {"using":"xpath","value":"//*[@id=\"__button25\"]"}
RESULT: {"using":"xpath","value":"//*[@id=\"__button25\"]"}
COMMAND: POST /session/d6087ce9047b762c9e6b213c278266de/element/f.3928B9F74E92C4C93CBD9CDC3C97A8D3.d.66D6304CEA650C2C968DC52C7B83C1EF.e.2321/click - {}
RESULT: {}
COMMAND: GET /session/d6087ce9047b762c9e6b213c278266de/screenshot - {}
RESULT: {}
RESULT: undefined
COMMAND: POST /session/d6087ce9047b762c9e6b213c278266de/element - {"using":"xpath","value":"//*[@id=\"application-managecatalogs-display-component---detailCatalog--ObjectPageLayout-anchBar-application-managecatalogs-display-component---detailCatalog--sectionValues-anchor\"]"}
RESULT: {"using":"xpath","value":"//*[@id=\"application-managecatalogs-display-component---detailCatalog--ObjectPageLayout-anchBar-application-managecatalogs-display-component---detailCatalog--sectionValues-anchor\"]"}
COMMAND: POST /session/d6087ce9047b762c9e6b213c278266de/element/f.3928B9F74E92C4C93CBD9CDC3C97A8D3.d.66D6304CEA650C2C968DC52C7B83C1EF.e.2349/click - {}
RESULT: {}
COMMAND: GET /session/d6087ce9047b762c9e6b213c278266de/screenshot - {}
RESULT: {}
COMMAND: POST /session/d6087ce9047b762c9e6b213c278266de/execute/async - {"script":"<script> [1562 bytes]","args":[{"selector":{"controlType":"sap.ui.core.Icon","viewName":"etm.portal.ui.managecatalogs.view.Detail","viewId":"application-managecatalogs-display-component---detailCatalog","properties":{"src":{"regex":{"source":"add"}}},"ancestor":{"id":"application-managecatalogs-display-component---detailCatalog--ValuesTable"}},"wdio_ui5_key":"etmportal.ui.managecatalogs.view.Detailsap.ui.core.Icon{\"src\":{\"regex\":{\"source\":\"add\"}}}{\"id\":\"application-managecatalogs-display-component---detailCatalog--ValuesTable\"}"}]}
RESULT: {"script":"<script> [1562 bytes]","args":[{"selector":{"controlType":"sap.ui.core.Icon","viewName":"etm.portal.ui.managecatalogs.view.Detail","viewId":"application-managecatalogs-display-component---detailCatalog","properties":{"src":{"regex":{"source":"add"}}},"ancestor":{"id":"application-managecatalogs-display-component---detailCatalog--ValuesTable"}},"wdio_ui5_key":"etmportal.ui.managecatalogs.view.Detailsap.ui.core.Icon{\"src\":{\"regex\":{\"source\":\"add\"}}}{\"id\":\"application-managecatalogs-display-component---detailCatalog--ValuesTable\"}"}]}
RESULT: undefined
COMMAND: POST /session/d6087ce9047b762c9e6b213c278266de/element - {"using":"xpath","value":"//*[@id=\"__button37-img\"]"}
RESULT: {"using":"xpath","value":"//*[@id=\"__button37-img\"]"}
COMMAND: POST /session/d6087ce9047b762c9e6b213c278266de/element/f.3928B9F74E92C4C93CBD9CDC3C97A8D3.d.66D6304CEA650C2C968DC52C7B83C1EF.e.2350/click - {}
RESULT: {}
RESULT: undefined
COMMAND: POST /session/d6087ce9047b762c9e6b213c278266de/element - {"using":"xpath","value":"//*[@id=\"__button37-img\"]"}
COMMAND: GET /session/d6087ce9047b762c9e6b213c278266de/screenshot - {}
RESULT: {"using":"xpath","value":"//*[@id=\"__button37-img\"]"}
COMMAND: POST /session/d6087ce9047b762c9e6b213c278266de/element/f.3928B9F74E92C4C93CBD9CDC3C97A8D3.d.66D6304CEA650C2C968DC52C7B83C1EF.e.2350/click - {}
RESULT: {}
RESULT: {}
COMMAND: POST /session/d6087ce9047b762c9e6b213c278266de/element - {"using":"xpath","value":"(//input[contains(@id ,\"application-managecatalogs-display-component---detailCatalog--ValuesTable-0-inner\")])[1]"}
COMMAND: GET /session/d6087ce9047b762c9e6b213c278266de/screenshot - {}
RESULT: {"using":"xpath","value":"(//input[contains(@id ,\"application-managecatalogs-display-component---detailCatalog--ValuesTable-0-inner\")])[1]"}
COMMAND: POST /session/d6087ce9047b762c9e6b213c278266de/element/f.3928B9F74E92C4C93CBD9CDC3C97A8D3.d.66D6304CEA650C2C968DC52C7B83C1EF.e.2353/clear - {}
RESULT: {}
RESULT: {}
COMMAND: POST /session/d6087ce9047b762c9e6b213c278266de/element/f.3928B9F74E92C4C93CBD9CDC3C97A8D3.d.66D6304CEA650C2C968DC52C7B83C1EF.e.2353/value - {"text":"D&I catalog price"}
COMMAND: GET /session/d6087ce9047b762c9e6b213c278266de/screenshot - {}
RESULT: {"text":"D&I catalog price"}
COMMAND: GET /session/d6087ce9047b762c9e6b213c278266de/screenshot - {}
RESULT: {}
RESULT: {}
COMMAND: POST /session/d6087ce9047b762c9e6b213c278266de/actions - {"actions":[{"id":"action12","type":"key","parameters":{},"actions":[{"type":"keyDown","value":""},{"type":"pause","duration":10},{"type":"keyUp","value":""}]}]}
RESULT: {"actions":[{"id":"action12","type":"key","parameters":{},"actions":[{"type":"keyDown","value":""},{"type":"pause","duration":10},{"type":"keyUp","value":""}]}]}
COMMAND: POST /session/d6087ce9047b762c9e6b213c278266de/element - {"using":"xpath","value":"(//input[contains(@id ,\"application-managecatalogs-display-component---detailCatalog--ValuesTable-1-inner\")])[1]"}
COMMAND: GET /session/d6087ce9047b762c9e6b213c278266de/screenshot - {}
RESULT: {"using":"xpath","value":"(//input[contains(@id ,\"application-managecatalogs-display-component---detailCatalog--ValuesTable-1-inner\")])[1]"}
COMMAND: POST /session/d6087ce9047b762c9e6b213c278266de/element/f.3928B9F74E92C4C93CBD9CDC3C97A8D3.d.66D6304CEA650C2C968DC52C7B83C1EF.e.2367/clear - {}
RESULT: {}
RESULT: {}
COMMAND: POST /session/d6087ce9047b762c9e6b213c278266de/element/f.3928B9F74E92C4C93CBD9CDC3C97A8D3.d.66D6304CEA650C2C968DC52C7B83C1EF.e.2367/value - {"text":"D&I catalog price"}
COMMAND: GET /session/d6087ce9047b762c9e6b213c278266de/screenshot - {}
RESULT: {}
RESULT: {"text":"D&I catalog price"}
COMMAND: GET /session/d6087ce9047b762c9e6b213c278266de/screenshot - {}
RESULT: {}
COMMAND: POST /session/d6087ce9047b762c9e6b213c278266de/actions - {"actions":[{"id":"action13","type":"key","parameters":{},"actions":[{"type":"keyDown","value":""},{"type":"pause","duration":10},{"type":"keyUp","value":""}]}]}
RESULT: {"actions":[{"id":"action13","type":"key","parameters":{},"actions":[{"type":"keyDown","value":""},{"type":"pause","duration":10},{"type":"keyUp","value":""}]}]}
COMMAND: POST /session/d6087ce9047b762c9e6b213c278266de/element - {"using":"xpath","value":"(//input[contains(@id ,\"application-managecatalogs-display-component---detailCatalog--ValuesTable-0-inner\")])[8]"}
COMMAND: GET /session/d6087ce9047b762c9e6b213c278266de/screenshot - {}
RESULT: {"using":"xpath","value":"(//input[contains(@id ,\"application-managecatalogs-display-component---detailCatalog--ValuesTable-0-inner\")])[8]"}
COMMAND: POST /session/d6087ce9047b762c9e6b213c278266de/element/f.3928B9F74E92C4C93CBD9CDC3C97A8D3.d.66D6304CEA650C2C968DC52C7B83C1EF.e.2360/clear - {}
RESULT: {}
RESULT: {}
COMMAND: POST /session/d6087ce9047b762c9e6b213c278266de/element/f.3928B9F74E92C4C93CBD9CDC3C97A8D3.d.66D6304CEA650C2C968DC52C7B83C1EF.e.2360/value - {"text":"101"}
COMMAND: GET /session/d6087ce9047b762c9e6b213c278266de/screenshot - {}
RESULT: {"text":"101"}
COMMAND: GET /session/d6087ce9047b762c9e6b213c278266de/screenshot - {}
RESULT: {}
RESULT: {}
COMMAND: POST /session/d6087ce9047b762c9e6b213c278266de/actions - {"actions":[{"id":"action14","type":"key","parameters":{},"actions":[{"type":"keyDown","value":""},{"type":"pause","duration":10},{"type":"keyUp","value":""}]}]}
RESULT: {"actions":[{"id":"action14","type":"key","parameters":{},"actions":[{"type":"keyDown","value":""},{"type":"pause","duration":10},{"type":"keyUp","value":""}]}]}
COMMAND: POST /session/d6087ce9047b762c9e6b213c278266de/element - {"using":"xpath","value":"(//input[contains(@id ,\"application-managecatalogs-display-component---detailCatalog--ValuesTable-1-inner\")])[8]"}
COMMAND: GET /session/d6087ce9047b762c9e6b213c278266de/screenshot - {}
RESULT: {"using":"xpath","value":"(//input[contains(@id ,\"application-managecatalogs-display-component---detailCatalog--ValuesTable-1-inner\")])[8]"}
COMMAND: POST /session/d6087ce9047b762c9e6b213c278266de/element/f.3928B9F74E92C4C93CBD9CDC3C97A8D3.d.66D6304CEA650C2C968DC52C7B83C1EF.e.2374/clear - {}
RESULT: {}
RESULT: {}
COMMAND: POST /session/d6087ce9047b762c9e6b213c278266de/element/f.3928B9F74E92C4C93CBD9CDC3C97A8D3.d.66D6304CEA650C2C968DC52C7B83C1EF.e.2374/value - {"text":"101"}
COMMAND: GET /session/d6087ce9047b762c9e6b213c278266de/screenshot - {}
RESULT: {"text":"101"}
COMMAND: GET /session/d6087ce9047b762c9e6b213c278266de/screenshot - {}
RESULT: {}
RESULT: {}
COMMAND: POST /session/d6087ce9047b762c9e6b213c278266de/actions - {"actions":[{"id":"action15","type":"key","parameters":{},"actions":[{"type":"keyDown","value":""},{"type":"pause","duration":10},{"type":"keyUp","value":""}]}]}
RESULT: {"actions":[{"id":"action15","type":"key","parameters":{},"actions":[{"type":"keyDown","value":""},{"type":"pause","duration":10},{"type":"keyUp","value":""}]}]}
RESULT: undefined
COMMAND: POST /session/d6087ce9047b762c9e6b213c278266de/element - {"using":"xpath","value":"//*[@id=\"__button43\"]"}
COMMAND: GET /session/d6087ce9047b762c9e6b213c278266de/screenshot - {}
RESULT: {"using":"xpath","value":"//*[@id=\"__button43\"]"}
COMMAND: POST /session/d6087ce9047b762c9e6b213c278266de/element/f.3928B9F74E92C4C93CBD9CDC3C97A8D3.d.66D6304CEA650C2C968DC52C7B83C1EF.e.2341/click - {}
RESULT: {}
RESULT: {}
COMMAND: GET /session/d6087ce9047b762c9e6b213c278266de/screenshot - {}
RESULT: {}
COMMAND: POST /session/d6087ce9047b762c9e6b213c278266de/execute/async - {"script":"<script> [1562 bytes]","args":[{"selector":{"controlType":"sap.m.Text","properties":{"text":"Existing values with the same start date!"},"searchOpenDialogs":true},"wdio_ui5_key":"sapm.Text{\"text\":\"Existing values with the same start date!\"}"}]}
RESULT: {"script":"<script> [1562 bytes]","args":[{"selector":{"controlType":"sap.m.Text","properties":{"text":"Existing values with the same start date!"},"searchOpenDialogs":true},"wdio_ui5_key":"sapm.Text{\"text\":\"Existing values with the same start date!\"}"}]}
RESULT: undefined
COMMAND: POST /session/d6087ce9047b762c9e6b213c278266de/execute/async - {"script":"<script> [6424 bytes]","args":[{"element-6066-11e4-a52e-4f735466cecf":"f.3928B9F74E92C4C93CBD9CDC3C97A8D3.d.66D6304CEA650C2C968DC52C7B83C1EF.e.2403"},"getText",[]]}
RESULT: {"script":"<script> [6424 bytes]","args":[{"element-6066-11e4-a52e-4f735466cecf":"f.3928B9F74E92C4C93CBD9CDC3C97A8D3.d.66D6304CEA650C2C968DC52C7B83C1EF.e.2403"},"getText",[]]}
COMMAND: POST /session/d6087ce9047b762c9e6b213c278266de/execute/async - {"script":"<script> [1562 bytes]","args":[{"selector":{"controlType":"sap.m.Button","properties":{"text":"OK"},"searchOpenDialogs":true,"interaction":{"idSuffix":"BDI-content"}},"wdio_ui5_key":"sapm.Button{\"text\":\"OK\"}"}]}
RESULT: {"script":"<script> [1562 bytes]","args":[{"selector":{"controlType":"sap.m.Button","properties":{"text":"OK"},"searchOpenDialogs":true,"interaction":{"idSuffix":"BDI-content"}},"wdio_ui5_key":"sapm.Button{\"text\":\"OK\"}"}]}
RESULT: undefined
COMMAND: POST /session/d6087ce9047b762c9e6b213c278266de/element - {"using":"xpath","value":"//*[@id=\"__mbox-btn-2\"]"}
RESULT: {"using":"xpath","value":"//*[@id=\"__mbox-btn-2\"]"}
COMMAND: POST /session/d6087ce9047b762c9e6b213c278266de/element/f.3928B9F74E92C4C93CBD9CDC3C97A8D3.d.66D6304CEA650C2C968DC52C7B83C1EF.e.2399/click - {}
RESULT: {}
COMMAND: POST /session/d6087ce9047b762c9e6b213c278266de/element - {"using":"xpath","value":"(//input[contains(@id ,\"application-managecatalogs-display-component---detailCatalog--ValuesTable-0-inner\")])[8]"}
COMMAND: GET /session/d6087ce9047b762c9e6b213c278266de/screenshot - {}
RESULT: {"using":"xpath","value":"(//input[contains(@id ,\"application-managecatalogs-display-component---detailCatalog--ValuesTable-0-inner\")])[8]"}
COMMAND: POST /session/d6087ce9047b762c9e6b213c278266de/element/f.3928B9F74E92C4C93CBD9CDC3C97A8D3.d.66D6304CEA650C2C968DC52C7B83C1EF.e.2360/clear - {}
RESULT: {}
RESULT: {}
COMMAND: POST /session/d6087ce9047b762c9e6b213c278266de/element/f.3928B9F74E92C4C93CBD9CDC3C97A8D3.d.66D6304CEA650C2C968DC52C7B83C1EF.e.2360/value - {"text":"102"}
COMMAND: GET /session/d6087ce9047b762c9e6b213c278266de/screenshot - {}
RESULT: {"text":"102"}
COMMAND: GET /session/d6087ce9047b762c9e6b213c278266de/screenshot - {}
RESULT: {}
RESULT: {}
COMMAND: POST /session/d6087ce9047b762c9e6b213c278266de/actions - {"actions":[{"id":"action16","type":"key","parameters":{},"actions":[{"type":"keyDown","value":""},{"type":"pause","duration":10},{"type":"keyUp","value":""}]}]}
RESULT: {"actions":[{"id":"action16","type":"key","parameters":{},"actions":[{"type":"keyDown","value":""},{"type":"pause","duration":10},{"type":"keyUp","value":""}]}]}
COMMAND: GET /session/d6087ce9047b762c9e6b213c278266de/screenshot - {}
RESULT: {}
RESULT: undefined
COMMAND: POST /session/d6087ce9047b762c9e6b213c278266de/element - {"using":"xpath","value":"//*[@id=\"__button43\"]"}
RESULT: {"using":"xpath","value":"//*[@id=\"__button43\"]"}
COMMAND: POST /session/d6087ce9047b762c9e6b213c278266de/element/f.3928B9F74E92C4C93CBD9CDC3C97A8D3.d.66D6304CEA650C2C968DC52C7B83C1EF.e.2341/click - {}
RESULT: {}
COMMAND: GET /session/d6087ce9047b762c9e6b213c278266de/screenshot - {}
RESULT: {}
COMMAND: POST /session/d6087ce9047b762c9e6b213c278266de/refresh - {}
RESULT: {}
COMMAND: GET /session/d6087ce9047b762c9e6b213c278266de/screenshot - {}
RESULT: {}
COMMAND: POST /session/d6087ce9047b762c9e6b213c278266de/execute/async - {"script":"<script> [189 bytes]","args":[]}
RESULT: {"script":"<script> [189 bytes]","args":[]}
COMMAND: POST /session/d6087ce9047b762c9e6b213c278266de/execute/async - {"script":"<script> [123 bytes]","args":[]}
RESULT: {"script":"<script> [123 bytes]","args":[]}
COMMAND: POST /session/d6087ce9047b762c9e6b213c278266de/timeouts - {"script":"<number>"}
RESULT: {"script":"<number>"}
COMMAND: GET /session/d6087ce9047b762c9e6b213c278266de/timeouts - {}
RESULT: {}
RESULT: undefined
COMMAND: POST /session/d6087ce9047b762c9e6b213c278266de/execute/async - {"script":"<script> [2676 bytes]","args":[]}
RESULT: {"script":"<script> [2676 bytes]","args":[]}
COMMAND: POST /session/d6087ce9047b762c9e6b213c278266de/execute/async - {"script":"<script> [2342 bytes]","args":[{"protocol":"http","hostname":"0.0.0.0","path":"/","capabilities":{"browserName":"chrome","goog:chromeOptions":{"binary":"C:\\Program Files\\Google\\Chrome\\Application\\chrome.exe","args":["--start-maximized"]}},"logLevel":"warn","connectionRetryTimeout":120000,"connectionRetryCount":3,"logLevels":{},"enableDirectConnect":true,"strictSSL":true,"_":"65 more keys: [\"cacheDir\",\"port\",\"requestedCapabilities\",\"automationProtocol\",\"baseUrl\",\"waitforInterval\",\"waitforTimeout\",\"onReload\",\"beforeCommand\",\"afterCommand\",\"rootDir\",\"specs\",\"suites\",\"exclude\",\"groupLogsByTestSpec\",\"excludeDriverLogs\",\"bail\",\"framework\",\"reporters\",\"services\",\"maxInstances\",\"maxInstancesPerCapability\",\"injectGlobals\",\"filesToWatch\",\"execArgv\",\"runnerEnv\",\"runner\",\"shard\",\"specFileRetries\",\"specFileRetriesDelay\",\"specFileRetriesDeferred\",\"reporterSyncInterval\",\"reporterSyncTimeout\",\"cucumberFeaturesWithLineNumbers\",\"autoCompileOpts\",\"mochaOpts\",\"jasmineOpts\",\"cucumberOpts\",\"onPrepare\",\"onWorkerStart\",\"onWorkerEnd\",\"before\",\"beforeSession\",\"beforeSuite\",\"beforeHook\",\"beforeTest\",\"afterTest\",\"afterHook\",\"afterSuite\",\"afterSession\",\"after\",\"onComplete\",\"beforeAssertion\",\"afterAssertion\",\"beforeFeature\",\"beforeScenario\",\"beforeStep\",\"afterStep\",\"afterScenario\",\"afterFeature\",\"_\",\"suite\",\"$0\",\"ignoredWorkerServices\",\"wdi5\"]"}]}
RESULT: {"script":"<script> [2342 bytes]","args":[{"protocol":"http","hostname":"0.0.0.0","path":"/","capabilities":{"browserName":"chrome","goog:chromeOptions":{"binary":"C:\\Program Files\\Google\\Chrome\\Application\\chrome.exe","args":["--start-maximized"]}},"logLevel":"warn","connectionRetryTimeout":120000,"connectionRetryCount":3,"logLevels":{},"enableDirectConnect":true,"strictSSL":true,"_":"65 more keys: [\"cacheDir\",\"port\",\"requestedCapabilities\",\"automationProtocol\",\"baseUrl\",\"waitforInterval\",\"waitforTimeout\",\"onReload\",\"beforeCommand\",\"afterCommand\",\"rootDir\",\"specs\",\"suites\",\"exclude\",\"groupLogsByTestSpec\",\"excludeDriverLogs\",\"bail\",\"framework\",\"reporters\",\"services\",\"maxInstances\",\"maxInstancesPerCapability\",\"injectGlobals\",\"filesToWatch\",\"execArgv\",\"runnerEnv\",\"runner\",\"shard\",\"specFileRetries\",\"specFileRetriesDelay\",\"specFileRetriesDeferred\",\"reporterSyncInterval\",\"reporterSyncTimeout\",\"cucumberFeaturesWithLineNumbers\",\"autoCompileOpts\",\"mochaOpts\",\"jasmineOpts\",\"cucumberOpts\",\"onPrepare\",\"onWorkerStart\",\"onWorkerEnd\",\"before\",\"beforeSession\",\"beforeSuite\",\"beforeHook\",\"beforeTest\",\"afterTest\",\"afterHook\",\"afterSuite\",\"afterSession\",\"after\",\"onComplete\",\"beforeAssertion\",\"afterAssertion\",\"beforeFeature\",\"beforeScenario\",\"beforeStep\",\"afterStep\",\"afterScenario\",\"afterFeature\",\"_\",\"suite\",\"$0\",\"ignoredWorkerServices\",\"wdi5\"]"}]}
COMMAND: POST /session/d6087ce9047b762c9e6b213c278266de/execute/async - {"script":"<script> [21126 bytes]","args":[35000]}
RESULT: {"script":"<script> [21126 bytes]","args":[35000]}
COMMAND: POST /session/d6087ce9047b762c9e6b213c278266de/execute/async - {"script":"<script> [1562 bytes]","args":[{"selector":{"id":"application-managecatalogs-display-component---detailCatalog--ValuesSmartTable-header"},"wdio_ui5_key":"applicationmanagecatalogs-display-component---detailCatalog--ValuesSmartTable-header"}]}
RESULT: {"script":"<script> [1562 bytes]","args":[{"selector":{"id":"application-managecatalogs-display-component---detailCatalog--ValuesSmartTable-header"},"wdio_ui5_key":"applicationmanagecatalogs-display-component---detailCatalog--ValuesSmartTable-header"}]}
RESULT: undefined
COMMAND: POST /session/d6087ce9047b762c9e6b213c278266de/execute/async - {"script":"<script> [6424 bytes]","args":[{"element-6066-11e4-a52e-4f735466cecf":"f.3928B9F74E92C4C93CBD9CDC3C97A8D3.d.7F4B50C0EBCD01584C498AF8D0B6D20B.e.2499"},"getText",[]]}
RESULT: {"script":"<script> [6424 bytes]","args":[{"element-6066-11e4-a52e-4f735466cecf":"f.3928B9F74E92C4C93CBD9CDC3C97A8D3.d.7F4B50C0EBCD01584C498AF8D0B6D20B.e.2499"},"getText",[]]}
COMMAND: POST /session/d6087ce9047b762c9e6b213c278266de/element - {"using":"css selector","value":"#shell-header-logo"}
RESULT: {"using":"css selector","value":"#shell-header-logo"}
COMMAND: POST /session/d6087ce9047b762c9e6b213c278266de/element/f.3928B9F74E92C4C93CBD9CDC3C97A8D3.d.7F4B50C0EBCD01584C498AF8D0B6D20B.e.2455/click - {}
RESULT: {}
COMMAND: GET /session/d6087ce9047b762c9e6b213c278266de/screenshot - {}
RESULT: {}
]]></system-out>
    </testcase>
  </testsuite>
  <testsuite timestamp="2025-05-28T15:56:41" time="381.009" tests="4" failures="0" errors="0" skipped="0">
    <properties>
      <property name="specId" value="0"/>
      <property name="suiteName" value="Verify RU inventory split cost information US139363"/>
      <property name="capabilities" value="chrome.136_0_7103_93.windows"/>
      <property name="file" value="file:///D:/a/1/s/test/specs/R2C/verify-ru-inventory-split-cost-information.spec.js"/>
    </properties>
    <testcase classname="chrome.136_0_7103_93.windows.Verify_RU_inventory_split_cost_information_US139363" name="Should create a new contract" time="95.257">
      <system-out><![CDATA[
COMMAND: POST /session/d6087ce9047b762c9e6b213c278266de/execute/async - {"script":"<script> [1562 bytes]","args":[{"selector":{"controlType":"sap.m.GenericTile","properties":{"header":"Manage Contracts"}},"wdio_ui5_key":"sapm.GenericTile{\"header\":\"Manage Contracts\"}"}]}
RESULT: {"script":"<script> [1562 bytes]","args":[{"selector":{"controlType":"sap.m.GenericTile","properties":{"header":"Manage Contracts"}},"wdio_ui5_key":"sapm.GenericTile{\"header\":\"Manage Contracts\"}"}]}
RESULT: undefined
COMMAND: POST /session/d6087ce9047b762c9e6b213c278266de/element - {"using":"xpath","value":"//*[@id=\"__tile132\"]"}
RESULT: {"using":"xpath","value":"//*[@id=\"__tile132\"]"}
COMMAND: POST /session/d6087ce9047b762c9e6b213c278266de/element/f.3928B9F74E92C4C93CBD9CDC3C97A8D3.d.7F4B50C0EBCD01584C498AF8D0B6D20B.e.2513/click - {}
RESULT: {}
COMMAND: GET /session/d6087ce9047b762c9e6b213c278266de/screenshot - {}
RESULT: {}
COMMAND: POST /session/d6087ce9047b762c9e6b213c278266de/elements - {"using":"xpath","value":"//span[text()='Error']"}
RESULT: {"using":"xpath","value":"//span[text()='Error']"}
COMMAND: POST /session/d6087ce9047b762c9e6b213c278266de/element - {"using":"xpath","value":"//button[@data-kt=\"addButton\"]"}
RESULT: {"using":"xpath","value":"//button[@data-kt=\"addButton\"]"}
COMMAND: POST /session/d6087ce9047b762c9e6b213c278266de/element/f.3928B9F74E92C4C93CBD9CDC3C97A8D3.d.7F4B50C0EBCD01584C498AF8D0B6D20B.e.2565/click - {}
RESULT: {}
COMMAND: GET /session/d6087ce9047b762c9e6b213c278266de/screenshot - {}
RESULT: {}
COMMAND: POST /session/d6087ce9047b762c9e6b213c278266de/execute/async - {"script":"<script> [1562 bytes]","args":[{"selector":{"id":"application-managecontracts-display-component---AddNewContract--projectDescription","interaction":{"idSuffix":"inner"}},"wdio_ui5_key":"applicationmanagecontracts-display-component---AddNewContract--projectDescription"}]}
RESULT: {"script":"<script> [1562 bytes]","args":[{"selector":{"id":"application-managecontracts-display-component---AddNewContract--projectDescription","interaction":{"idSuffix":"inner"}},"wdio_ui5_key":"applicationmanagecontracts-display-component---AddNewContract--projectDescription"}]}
RESULT: undefined
COMMAND: POST /session/d6087ce9047b762c9e6b213c278266de/execute/async - {"script":"<script> [776 bytes]","args":[{"enterText":"WdIOTestgno7e","selector":{"id":"application-managecontracts-display-component---AddNewContract--projectDescription","interaction":{"idSuffix":"inner"}},"clearTextFirst":true,"interactionType":"ENTER_TEXT"}]}
RESULT: {"script":"<script> [776 bytes]","args":[{"enterText":"WdIOTestgno7e","selector":{"id":"application-managecontracts-display-component---AddNewContract--projectDescription","interaction":{"idSuffix":"inner"}},"clearTextFirst":true,"interactionType":"ENTER_TEXT"}]}
COMMAND: POST /session/d6087ce9047b762c9e6b213c278266de/element - {"using":"xpath","value":"//input[@id=\"application-managecontracts-display-component---AddNewContract--yardId-inner\"]"}
RESULT: {"using":"xpath","value":"//input[@id=\"application-managecontracts-display-component---AddNewContract--yardId-inner\"]"}
COMMAND: POST /session/d6087ce9047b762c9e6b213c278266de/element/f.3928B9F74E92C4C93CBD9CDC3C97A8D3.d.7F4B50C0EBCD01584C498AF8D0B6D20B.e.2828/clear - {}
RESULT: {}
COMMAND: POST /session/d6087ce9047b762c9e6b213c278266de/element/f.3928B9F74E92C4C93CBD9CDC3C97A8D3.d.7F4B50C0EBCD01584C498AF8D0B6D20B.e.2828/value - {"text":"webdriveryard"}
COMMAND: GET /session/d6087ce9047b762c9e6b213c278266de/screenshot - {}
RESULT: {"text":"webdriveryard"}
COMMAND: GET /session/d6087ce9047b762c9e6b213c278266de/screenshot - {}
RESULT: {}
RESULT: {}
COMMAND: POST /session/d6087ce9047b762c9e6b213c278266de/actions - {"actions":[{"id":"action17","type":"key","parameters":{},"actions":[{"type":"keyDown","value":""},{"type":"pause","duration":10},{"type":"keyUp","value":""}]}]}
RESULT: {"actions":[{"id":"action17","type":"key","parameters":{},"actions":[{"type":"keyDown","value":""},{"type":"pause","duration":10},{"type":"keyUp","value":""}]}]}
COMMAND: GET /session/d6087ce9047b762c9e6b213c278266de/screenshot - {}
RESULT: {}
COMMAND: POST /session/d6087ce9047b762c9e6b213c278266de/element - {"using":"xpath","value":"//input[@id=\"application-managecontracts-display-component---AddNewContract--customerSelect-inner\"]"}
RESULT: {"using":"xpath","value":"//input[@id=\"application-managecontracts-display-component---AddNewContract--customerSelect-inner\"]"}
COMMAND: POST /session/d6087ce9047b762c9e6b213c278266de/element/f.3928B9F74E92C4C93CBD9CDC3C97A8D3.d.7F4B50C0EBCD01584C498AF8D0B6D20B.e.2826/clear - {}
RESULT: {}
COMMAND: POST /session/d6087ce9047b762c9e6b213c278266de/element/f.3928B9F74E92C4C93CBD9CDC3C97A8D3.d.7F4B50C0EBCD01584C498AF8D0B6D20B.e.2826/value - {"text":"webdriverpartner"}
COMMAND: GET /session/d6087ce9047b762c9e6b213c278266de/screenshot - {}
RESULT: {"text":"webdriverpartner"}
COMMAND: GET /session/d6087ce9047b762c9e6b213c278266de/screenshot - {}
RESULT: {}
RESULT: {}
COMMAND: POST /session/d6087ce9047b762c9e6b213c278266de/actions - {"actions":[{"id":"action18","type":"key","parameters":{},"actions":[{"type":"keyDown","value":""},{"type":"pause","duration":10},{"type":"keyUp","value":""}]}]}
RESULT: {"actions":[{"id":"action18","type":"key","parameters":{},"actions":[{"type":"keyDown","value":""},{"type":"pause","duration":10},{"type":"keyUp","value":""}]}]}
COMMAND: GET /session/d6087ce9047b762c9e6b213c278266de/screenshot - {}
RESULT: {}
COMMAND: POST /session/d6087ce9047b762c9e6b213c278266de/element - {"using":"xpath","value":"//input[@id=\"application-managecontracts-display-component---AddNewContract--site-inner\"]"}
RESULT: {"using":"xpath","value":"//input[@id=\"application-managecontracts-display-component---AddNewContract--site-inner\"]"}
COMMAND: POST /session/d6087ce9047b762c9e6b213c278266de/element/f.3928B9F74E92C4C93CBD9CDC3C97A8D3.d.7F4B50C0EBCD01584C498AF8D0B6D20B.e.2827/clear - {}
RESULT: {}
COMMAND: POST /session/d6087ce9047b762c9e6b213c278266de/element/f.3928B9F74E92C4C93CBD9CDC3C97A8D3.d.7F4B50C0EBCD01584C498AF8D0B6D20B.e.2827/value - {"text":"Webdriversite"}
COMMAND: GET /session/d6087ce9047b762c9e6b213c278266de/screenshot - {}
RESULT: {"text":"Webdriversite"}
COMMAND: GET /session/d6087ce9047b762c9e6b213c278266de/screenshot - {}
RESULT: {}
RESULT: {}
COMMAND: POST /session/d6087ce9047b762c9e6b213c278266de/actions - {"actions":[{"id":"action19","type":"key","parameters":{},"actions":[{"type":"keyDown","value":""},{"type":"pause","duration":10},{"type":"keyUp","value":""}]}]}
RESULT: {"actions":[{"id":"action19","type":"key","parameters":{},"actions":[{"type":"keyDown","value":""},{"type":"pause","duration":10},{"type":"keyUp","value":""}]}]}
COMMAND: GET /session/d6087ce9047b762c9e6b213c278266de/screenshot - {}
RESULT: {}
COMMAND: POST /session/d6087ce9047b762c9e6b213c278266de/element - {"using":"xpath","value":"//button[@data-kt=\"saveButton\"]"}
RESULT: {"using":"xpath","value":"//button[@data-kt=\"saveButton\"]"}
COMMAND: POST /session/d6087ce9047b762c9e6b213c278266de/element/f.3928B9F74E92C4C93CBD9CDC3C97A8D3.d.7F4B50C0EBCD01584C498AF8D0B6D20B.e.2901/click - {}
RESULT: {}
COMMAND: GET /session/d6087ce9047b762c9e6b213c278266de/screenshot - {}
RESULT: {}
COMMAND: POST /session/d6087ce9047b762c9e6b213c278266de/execute/async - {"script":"<script> [1562 bytes]","args":[{"selector":{"id":"contractDetailTitleNoExpanded","viewName":"etm.portal.ui.managecontracts.view.Detail"},"wdio_ui5_key":"contractDetailTitleNoExpandedetmportal.ui.managecontracts.view.Detail"}]}
RESULT: {"script":"<script> [1562 bytes]","args":[{"selector":{"id":"contractDetailTitleNoExpanded","viewName":"etm.portal.ui.managecontracts.view.Detail"},"wdio_ui5_key":"contractDetailTitleNoExpandedetmportal.ui.managecontracts.view.Detail"}]}
RESULT: undefined
COMMAND: POST /session/d6087ce9047b762c9e6b213c278266de/execute/async - {"script":"<script> [6424 bytes]","args":[{"element-6066-11e4-a52e-4f735466cecf":"f.3928B9F74E92C4C93CBD9CDC3C97A8D3.d.7F4B50C0EBCD01584C498AF8D0B6D20B.e.2987"},"getText",[]]}
RESULT: {"script":"<script> [6424 bytes]","args":[{"element-6066-11e4-a52e-4f735466cecf":"f.3928B9F74E92C4C93CBD9CDC3C97A8D3.d.7F4B50C0EBCD01584C498AF8D0B6D20B.e.2987"},"getText",[]]}
COMMAND: POST /session/d6087ce9047b762c9e6b213c278266de/element - {"using":"css selector","value":"#shell-header-logo"}
RESULT: {"using":"css selector","value":"#shell-header-logo"}
COMMAND: POST /session/d6087ce9047b762c9e6b213c278266de/element/f.3928B9F74E92C4C93CBD9CDC3C97A8D3.d.7F4B50C0EBCD01584C498AF8D0B6D20B.e.2515/click - {}
RESULT: {}
COMMAND: GET /session/d6087ce9047b762c9e6b213c278266de/screenshot - {}
RESULT: {}
]]></system-out>
    </testcase>
    <testcase classname="chrome.136_0_7103_93.windows.Verify_RU_inventory_split_cost_information_US139363" name="Should create a new equipment" time="117.479">
      <system-out><![CDATA[
COMMAND: POST /session/d6087ce9047b762c9e6b213c278266de/execute/async - {"script":"<script> [1562 bytes]","args":[{"selector":{"controlType":"sap.m.GenericTile","properties":{"header":"Manage Resources"}},"wdio_ui5_key":"sapm.GenericTile{\"header\":\"Manage Resources\"}"}]}
RESULT: {"script":"<script> [1562 bytes]","args":[{"selector":{"controlType":"sap.m.GenericTile","properties":{"header":"Manage Resources"}},"wdio_ui5_key":"sapm.GenericTile{\"header\":\"Manage Resources\"}"}]}
RESULT: undefined
COMMAND: POST /session/d6087ce9047b762c9e6b213c278266de/element - {"using":"xpath","value":"//*[@id=\"__tile39\"]"}
RESULT: {"using":"xpath","value":"//*[@id=\"__tile39\"]"}
COMMAND: POST /session/d6087ce9047b762c9e6b213c278266de/element/f.3928B9F74E92C4C93CBD9CDC3C97A8D3.d.7F4B50C0EBCD01584C498AF8D0B6D20B.e.2990/click - {}
RESULT: {}
COMMAND: GET /session/d6087ce9047b762c9e6b213c278266de/screenshot - {}
RESULT: {}
COMMAND: POST /session/d6087ce9047b762c9e6b213c278266de/elements - {"using":"xpath","value":"//span[text()='Error']"}
RESULT: {"using":"xpath","value":"//span[text()='Error']"}
COMMAND: POST /session/d6087ce9047b762c9e6b213c278266de/element - {"using":"xpath","value":"//button[@data-kt=\"addNewRUOverflowToolbarButton\"]"}
RESULT: {"using":"xpath","value":"//button[@data-kt=\"addNewRUOverflowToolbarButton\"]"}
COMMAND: POST /session/d6087ce9047b762c9e6b213c278266de/execute/sync - {"script":"<script> [8489 bytes]","args":[{"element-6066-11e4-a52e-4f735466cecf":"f.3928B9F74E92C4C93CBD9CDC3C97A8D3.d.7F4B50C0EBCD01584C498AF8D0B6D20B.e.3032","ELEMENT":"f.3928B9F74E92C4C93CBD9CDC3C97A8D3.d.7F4B50C0EBCD01584C498AF8D0B6D20B.e.3032"}]}
RESULT: {"script":"<script> [8489 bytes]","args":[{"element-6066-11e4-a52e-4f735466cecf":"f.3928B9F74E92C4C93CBD9CDC3C97A8D3.d.7F4B50C0EBCD01584C498AF8D0B6D20B.e.3032","ELEMENT":"f.3928B9F74E92C4C93CBD9CDC3C97A8D3.d.7F4B50C0EBCD01584C498AF8D0B6D20B.e.3032"}]}
COMMAND: POST /session/d6087ce9047b762c9e6b213c278266de/element/f.3928B9F74E92C4C93CBD9CDC3C97A8D3.d.7F4B50C0EBCD01584C498AF8D0B6D20B.e.3032/click - {}
COMMAND: GET /session/d6087ce9047b762c9e6b213c278266de/screenshot - {}
RESULT: {}
COMMAND: GET /session/d6087ce9047b762c9e6b213c278266de/screenshot - {}
RESULT: {}
RESULT: {}
COMMAND: POST /session/d6087ce9047b762c9e6b213c278266de/execute/async - {"script":"<script> [1562 bytes]","args":[{"selector":{"id":"application-manageresources-display-component---newResourceUnit--TYPE-arrow"},"wdio_ui5_key":"applicationmanageresources-display-component---newResourceUnit--TYPE-arrow"}]}
RESULT: {"script":"<script> [1562 bytes]","args":[{"selector":{"id":"application-manageresources-display-component---newResourceUnit--TYPE-arrow"},"wdio_ui5_key":"applicationmanageresources-display-component---newResourceUnit--TYPE-arrow"}]}
RESULT: undefined
COMMAND: POST /session/d6087ce9047b762c9e6b213c278266de/element - {"using":"xpath","value":"//*[@id=\"application-manageresources-display-component---newResourceUnit--TYPE-arrow\"]"}
RESULT: {"using":"xpath","value":"//*[@id=\"application-manageresources-display-component---newResourceUnit--TYPE-arrow\"]"}
COMMAND: POST /session/d6087ce9047b762c9e6b213c278266de/element/f.3928B9F74E92C4C93CBD9CDC3C97A8D3.d.7F4B50C0EBCD01584C498AF8D0B6D20B.e.3357/click - {}
RESULT: {}
COMMAND: POST /session/d6087ce9047b762c9e6b213c278266de/execute/async - {"script":"<script> [1562 bytes]","args":[{"selector":{"controlType":"sap.m.StandardListItem","viewName":"reusables.view.manageresources.NewResourceUnit","viewId":"application-manageresources-display-component---newResourceUnit","properties":{"title":"Equipment"},"searchOpenDialogs":true,"interaction":{"idSuffix":"content"}},"wdio_ui5_key":"reusablesview.manageresources.NewResourceUnitsap.m.StandardListItem{\"title\":\"Equipment\"}"}]}
COMMAND: GET /session/d6087ce9047b762c9e6b213c278266de/screenshot - {}
RESULT: {"script":"<script> [1562 bytes]","args":[{"selector":{"controlType":"sap.m.StandardListItem","viewName":"reusables.view.manageresources.NewResourceUnit","viewId":"application-manageresources-display-component---newResourceUnit","properties":{"title":"Equipment"},"searchOpenDialogs":true,"interaction":{"idSuffix":"content"}},"wdio_ui5_key":"reusablesview.manageresources.NewResourceUnitsap.m.StandardListItem{\"title\":\"Equipment\"}"}]}
RESULT: undefined
COMMAND: POST /session/d6087ce9047b762c9e6b213c278266de/element - {"using":"xpath","value":"//*[@id=\"__item1468\"]"}
RESULT: {}
RESULT: {"using":"xpath","value":"//*[@id=\"__item1468\"]"}
COMMAND: POST /session/d6087ce9047b762c9e6b213c278266de/element/f.3928B9F74E92C4C93CBD9CDC3C97A8D3.d.7F4B50C0EBCD01584C498AF8D0B6D20B.e.3360/click - {}
RESULT: {}
COMMAND: POST /session/d6087ce9047b762c9e6b213c278266de/execute/async - {"script":"<script> [1562 bytes]","args":[{"selector":{"id":"application-manageresources-display-component---newResourceUnit--resourceId","interaction":{"idSuffix":"inner"}},"wdio_ui5_key":"applicationmanageresources-display-component---newResourceUnit--resourceId"}]}
COMMAND: GET /session/d6087ce9047b762c9e6b213c278266de/screenshot - {}
RESULT: {"script":"<script> [1562 bytes]","args":[{"selector":{"id":"application-manageresources-display-component---newResourceUnit--resourceId","interaction":{"idSuffix":"inner"}},"wdio_ui5_key":"applicationmanageresources-display-component---newResourceUnit--resourceId"}]}
RESULT: undefined
COMMAND: POST /session/d6087ce9047b762c9e6b213c278266de/execute/async - {"script":"<script> [776 bytes]","args":[{"enterText":"WdIOTestEquip7ozv9","selector":{"id":"application-manageresources-display-component---newResourceUnit--resourceId","interaction":{"idSuffix":"inner"}},"clearTextFirst":true,"interactionType":"ENTER_TEXT"}]}
RESULT: {}
RESULT: {"script":"<script> [776 bytes]","args":[{"enterText":"WdIOTestEquip7ozv9","selector":{"id":"application-manageresources-display-component---newResourceUnit--resourceId","interaction":{"idSuffix":"inner"}},"clearTextFirst":true,"interactionType":"ENTER_TEXT"}]}
COMMAND: POST /session/d6087ce9047b762c9e6b213c278266de/execute/async - {"script":"<script> [1562 bytes]","args":[{"selector":{"id":"application-manageresources-display-component---newResourceUnit--SHORT_TEXT","interaction":{"idSuffix":"inner"}},"wdio_ui5_key":"applicationmanageresources-display-component---newResourceUnit--SHORT_TEXT"}]}
RESULT: {"script":"<script> [1562 bytes]","args":[{"selector":{"id":"application-manageresources-display-component---newResourceUnit--SHORT_TEXT","interaction":{"idSuffix":"inner"}},"wdio_ui5_key":"applicationmanageresources-display-component---newResourceUnit--SHORT_TEXT"}]}
RESULT: undefined
COMMAND: POST /session/d6087ce9047b762c9e6b213c278266de/execute/async - {"script":"<script> [776 bytes]","args":[{"enterText":"WdIOTestEquip7ozv9","selector":{"id":"application-manageresources-display-component---newResourceUnit--SHORT_TEXT","interaction":{"idSuffix":"inner"}},"clearTextFirst":true,"interactionType":"ENTER_TEXT"}]}
RESULT: {"script":"<script> [776 bytes]","args":[{"enterText":"WdIOTestEquip7ozv9","selector":{"id":"application-manageresources-display-component---newResourceUnit--SHORT_TEXT","interaction":{"idSuffix":"inner"}},"clearTextFirst":true,"interactionType":"ENTER_TEXT"}]}
COMMAND: POST /session/d6087ce9047b762c9e6b213c278266de/execute/async - {"script":"<script> [1562 bytes]","args":[{"selector":{"id":"application-manageresources-display-component---newResourceUnit--BASE_UNIT_OF_MEASURE","interaction":{"idSuffix":"inner"}},"wdio_ui5_key":"applicationmanageresources-display-component---newResourceUnit--BASE_UNIT_OF_MEASURE"}]}
RESULT: {"script":"<script> [1562 bytes]","args":[{"selector":{"id":"application-manageresources-display-component---newResourceUnit--BASE_UNIT_OF_MEASURE","interaction":{"idSuffix":"inner"}},"wdio_ui5_key":"applicationmanageresources-display-component---newResourceUnit--BASE_UNIT_OF_MEASURE"}]}
RESULT: undefined
COMMAND: POST /session/d6087ce9047b762c9e6b213c278266de/execute/async - {"script":"<script> [776 bytes]","args":[{"enterText":"Piece","selector":{"id":"application-manageresources-display-component---newResourceUnit--BASE_UNIT_OF_MEASURE","interaction":{"idSuffix":"inner"}},"clearTextFirst":true,"interactionType":"ENTER_TEXT"}]}
RESULT: {"script":"<script> [776 bytes]","args":[{"enterText":"Piece","selector":{"id":"application-manageresources-display-component---newResourceUnit--BASE_UNIT_OF_MEASURE","interaction":{"idSuffix":"inner"}},"clearTextFirst":true,"interactionType":"ENTER_TEXT"}]}
COMMAND: POST /session/d6087ce9047b762c9e6b213c278266de/execute/async - {"script":"<script> [1562 bytes]","args":[{"selector":{"id":"application-manageresources-display-component---newResourceUnit--WEIGHT_UNIT","interaction":{"idSuffix":"inner"}},"wdio_ui5_key":"applicationmanageresources-display-component---newResourceUnit--WEIGHT_UNIT"}]}
RESULT: {"script":"<script> [1562 bytes]","args":[{"selector":{"id":"application-manageresources-display-component---newResourceUnit--WEIGHT_UNIT","interaction":{"idSuffix":"inner"}},"wdio_ui5_key":"applicationmanageresources-display-component---newResourceUnit--WEIGHT_UNIT"}]}
RESULT: undefined
COMMAND: POST /session/d6087ce9047b762c9e6b213c278266de/execute/async - {"script":"<script> [776 bytes]","args":[{"enterText":"Gram","selector":{"id":"application-manageresources-display-component---newResourceUnit--WEIGHT_UNIT","interaction":{"idSuffix":"inner"}},"clearTextFirst":true,"interactionType":"ENTER_TEXT"}]}
RESULT: {"script":"<script> [776 bytes]","args":[{"enterText":"Gram","selector":{"id":"application-manageresources-display-component---newResourceUnit--WEIGHT_UNIT","interaction":{"idSuffix":"inner"}},"clearTextFirst":true,"interactionType":"ENTER_TEXT"}]}
COMMAND: POST /session/d6087ce9047b762c9e6b213c278266de/execute/async - {"script":"<script> [1562 bytes]","args":[{"selector":{"id":"application-manageresources-display-component---newResourceUnit--newRRUPage-OPHeaderContent-collapseBtn-img"},"wdio_ui5_key":"applicationmanageresources-display-component---newResourceUnit--newRRUPage-OPHeaderContent-collapseBtn-img"}]}
RESULT: {"script":"<script> [1562 bytes]","args":[{"selector":{"id":"application-manageresources-display-component---newResourceUnit--newRRUPage-OPHeaderContent-collapseBtn-img"},"wdio_ui5_key":"applicationmanageresources-display-component---newResourceUnit--newRRUPage-OPHeaderContent-collapseBtn-img"}]}
RESULT: undefined
COMMAND: POST /session/d6087ce9047b762c9e6b213c278266de/element - {"using":"xpath","value":"//*[@id=\"application-manageresources-display-component---newResourceUnit--newRRUPage-OPHeaderContent-collapseBtn-img\"]"}
RESULT: {"using":"xpath","value":"//*[@id=\"application-manageresources-display-component---newResourceUnit--newRRUPage-OPHeaderContent-collapseBtn-img\"]"}
COMMAND: POST /session/d6087ce9047b762c9e6b213c278266de/element/f.3928B9F74E92C4C93CBD9CDC3C97A8D3.d.7F4B50C0EBCD01584C498AF8D0B6D20B.e.3368/click - {}
RESULT: {}
COMMAND: GET /session/d6087ce9047b762c9e6b213c278266de/screenshot - {}
RESULT: {}
COMMAND: POST /session/d6087ce9047b762c9e6b213c278266de/element - {"using":"xpath","value":"(//span[contains(@id ,\"application-manageresources-display-component---newResourceUnit--DIMENSION_UNIT-arrow\")])[1]"}
RESULT: {"using":"xpath","value":"(//span[contains(@id ,\"application-manageresources-display-component---newResourceUnit--DIMENSION_UNIT-arrow\")])[1]"}
COMMAND: POST /session/d6087ce9047b762c9e6b213c278266de/element/f.3928B9F74E92C4C93CBD9CDC3C97A8D3.d.7F4B50C0EBCD01584C498AF8D0B6D20B.e.3516/click - {}
RESULT: {}
COMMAND: GET /session/d6087ce9047b762c9e6b213c278266de/screenshot - {}
RESULT: {}
COMMAND: POST /session/d6087ce9047b762c9e6b213c278266de/execute/async - {"script":"<script> [1562 bytes]","args":[{"selector":{"controlType":"sap.m.StandardListItem","viewName":"reusables.view.manageresources.NewResourceUnit","viewId":"application-manageresources-display-component---newResourceUnit","properties":{"title":"Centimeter"},"searchOpenDialogs":true,"interaction":{"idSuffix":"titleText"}},"wdio_ui5_key":"reusablesview.manageresources.NewResourceUnitsap.m.StandardListItem{\"title\":\"Centimeter\"}"}]}
RESULT: {"script":"<script> [1562 bytes]","args":[{"selector":{"controlType":"sap.m.StandardListItem","viewName":"reusables.view.manageresources.NewResourceUnit","viewId":"application-manageresources-display-component---newResourceUnit","properties":{"title":"Centimeter"},"searchOpenDialogs":true,"interaction":{"idSuffix":"titleText"}},"wdio_ui5_key":"reusablesview.manageresources.NewResourceUnitsap.m.StandardListItem{\"title\":\"Centimeter\"}"}]}
RESULT: undefined
COMMAND: POST /session/d6087ce9047b762c9e6b213c278266de/element - {"using":"xpath","value":"//*[@id=\"__item1528\"]"}
RESULT: {"using":"xpath","value":"//*[@id=\"__item1528\"]"}
COMMAND: POST /session/d6087ce9047b762c9e6b213c278266de/element/f.3928B9F74E92C4C93CBD9CDC3C97A8D3.d.7F4B50C0EBCD01584C498AF8D0B6D20B.e.3520/click - {}
RESULT: {}
COMMAND: GET /session/d6087ce9047b762c9e6b213c278266de/screenshot - {}
RESULT: {}
COMMAND: POST /session/d6087ce9047b762c9e6b213c278266de/execute/async - {"script":"<script> [1562 bytes]","args":[{"selector":{"id":"application-manageresources-display-component---newResourceUnit--newRRUPage-anchBar-application-manageresources-display-component---newResourceUnit--control-anchor","interaction":{"idSuffix":"BDI-content"}},"wdio_ui5_key":"applicationmanageresources-display-component---newResourceUnit--newRRUPage-anchBar-application-manageresources-display-component---newResourceUnit--control-anchor"}]}
RESULT: {"script":"<script> [1562 bytes]","args":[{"selector":{"id":"application-manageresources-display-component---newResourceUnit--newRRUPage-anchBar-application-manageresources-display-component---newResourceUnit--control-anchor","interaction":{"idSuffix":"BDI-content"}},"wdio_ui5_key":"applicationmanageresources-display-component---newResourceUnit--newRRUPage-anchBar-application-manageresources-display-component---newResourceUnit--control-anchor"}]}
RESULT: undefined
COMMAND: POST /session/d6087ce9047b762c9e6b213c278266de/element - {"using":"xpath","value":"//*[@id=\"application-manageresources-display-component---newResourceUnit--newRRUPage-anchBar-application-manageresources-display-component---newResourceUnit--control-anchor\"]"}
RESULT: {"using":"xpath","value":"//*[@id=\"application-manageresources-display-component---newResourceUnit--newRRUPage-anchBar-application-manageresources-display-component---newResourceUnit--control-anchor\"]"}
COMMAND: POST /session/d6087ce9047b762c9e6b213c278266de/element/f.3928B9F74E92C4C93CBD9CDC3C97A8D3.d.7F4B50C0EBCD01584C498AF8D0B6D20B.e.3522/click - {}
RESULT: {}
COMMAND: POST /session/d6087ce9047b762c9e6b213c278266de/execute/async - {"script":"<script> [1562 bytes]","args":[{"selector":{"id":"application-manageresources-display-component---newResourceUnit--PLANNING_GROUP","interaction":{"idSuffix":"inner"}},"wdio_ui5_key":"applicationmanageresources-display-component---newResourceUnit--PLANNING_GROUP"}]}
COMMAND: GET /session/d6087ce9047b762c9e6b213c278266de/screenshot - {}
RESULT: {"script":"<script> [1562 bytes]","args":[{"selector":{"id":"application-manageresources-display-component---newResourceUnit--PLANNING_GROUP","interaction":{"idSuffix":"inner"}},"wdio_ui5_key":"applicationmanageresources-display-component---newResourceUnit--PLANNING_GROUP"}]}
RESULT: undefined
COMMAND: POST /session/d6087ce9047b762c9e6b213c278266de/execute/async - {"script":"<script> [776 bytes]","args":[{"enterText":"Heavy Equi","selector":{"id":"application-manageresources-display-component---newResourceUnit--PLANNING_GROUP","interaction":{"idSuffix":"inner"}},"clearTextFirst":true,"interactionType":"ENTER_TEXT"}]}
RESULT: {}
RESULT: {"script":"<script> [776 bytes]","args":[{"enterText":"Heavy Equi","selector":{"id":"application-manageresources-display-component---newResourceUnit--PLANNING_GROUP","interaction":{"idSuffix":"inner"}},"clearTextFirst":true,"interactionType":"ENTER_TEXT"}]}
COMMAND: POST /session/d6087ce9047b762c9e6b213c278266de/execute/async - {"script":"<script> [1562 bytes]","args":[{"selector":{"id":"application-manageresources-display-component---newResourceUnit--ITEM_TYPE-arrow"},"wdio_ui5_key":"applicationmanageresources-display-component---newResourceUnit--ITEM_TYPE-arrow"}]}
RESULT: {"script":"<script> [1562 bytes]","args":[{"selector":{"id":"application-manageresources-display-component---newResourceUnit--ITEM_TYPE-arrow"},"wdio_ui5_key":"applicationmanageresources-display-component---newResourceUnit--ITEM_TYPE-arrow"}]}
RESULT: undefined
COMMAND: POST /session/d6087ce9047b762c9e6b213c278266de/element - {"using":"xpath","value":"//*[@id=\"application-manageresources-display-component---newResourceUnit--ITEM_TYPE-arrow\"]"}
RESULT: {"using":"xpath","value":"//*[@id=\"application-manageresources-display-component---newResourceUnit--ITEM_TYPE-arrow\"]"}
COMMAND: POST /session/d6087ce9047b762c9e6b213c278266de/element/f.3928B9F74E92C4C93CBD9CDC3C97A8D3.d.7F4B50C0EBCD01584C498AF8D0B6D20B.e.3529/click - {}
RESULT: {}
COMMAND: POST /session/d6087ce9047b762c9e6b213c278266de/execute/async - {"script":"<script> [1562 bytes]","args":[{"selector":{"controlType":"sap.m.StandardListItem","viewName":"reusables.view.manageresources.NewResourceUnit","viewId":"application-manageresources-display-component---newResourceUnit","properties":{"title":"Resource Unit"},"searchOpenDialogs":true,"interaction":{"idSuffix":"titleText"}},"wdio_ui5_key":"reusablesview.manageresources.NewResourceUnitsap.m.StandardListItem{\"title\":\"Resource Unit\"}"}]}
COMMAND: GET /session/d6087ce9047b762c9e6b213c278266de/screenshot - {}
RESULT: {"script":"<script> [1562 bytes]","args":[{"selector":{"controlType":"sap.m.StandardListItem","viewName":"reusables.view.manageresources.NewResourceUnit","viewId":"application-manageresources-display-component---newResourceUnit","properties":{"title":"Resource Unit"},"searchOpenDialogs":true,"interaction":{"idSuffix":"titleText"}},"wdio_ui5_key":"reusablesview.manageresources.NewResourceUnitsap.m.StandardListItem{\"title\":\"Resource Unit\"}"}]}
RESULT: undefined
COMMAND: POST /session/d6087ce9047b762c9e6b213c278266de/element - {"using":"xpath","value":"//*[@id=\"__item1550\"]"}
RESULT: {}
RESULT: {"using":"xpath","value":"//*[@id=\"__item1550\"]"}
COMMAND: POST /session/d6087ce9047b762c9e6b213c278266de/element/f.3928B9F74E92C4C93CBD9CDC3C97A8D3.d.7F4B50C0EBCD01584C498AF8D0B6D20B.e.3531/click - {}
RESULT: {}
COMMAND: POST /session/d6087ce9047b762c9e6b213c278266de/element - {"using":"xpath","value":"//bdi[contains(text(), \"Time Segment\")]"}
COMMAND: GET /session/d6087ce9047b762c9e6b213c278266de/screenshot - {}
RESULT: {}
RESULT: {"using":"xpath","value":"//bdi[contains(text(), \"Time Segment\")]"}
COMMAND: GET /session/d6087ce9047b762c9e6b213c278266de/element/f.3928B9F74E92C4C93CBD9CDC3C97A8D3.d.7F4B50C0EBCD01584C498AF8D0B6D20B.e.3538/rect - {}
RESULT: {}
COMMAND: GET /session/d6087ce9047b762c9e6b213c278266de/window/rect - {}
RESULT: {}
COMMAND: POST /session/d6087ce9047b762c9e6b213c278266de/execute/sync - {"script":"<script> [92 bytes]","args":[]}
RESULT: {"script":"<script> [92 bytes]","args":[]}
COMMAND: POST /session/d6087ce9047b762c9e6b213c278266de/actions - {"actions":[{"id":"action20","type":"wheel","parameters":{},"actions":[{"type":"scroll","x":-1820,"y":-21,"deltaX":0,"deltaY":0,"duration":0,"origin":{"element-6066-11e4-a52e-4f735466cecf":"f.3928B9F74E92C4C93CBD9CDC3C97A8D3.d.7F4B50C0EBCD01584C498AF8D0B6D20B.e.3538"}}]}]}
COMMAND: GET /session/d6087ce9047b762c9e6b213c278266de/screenshot - {}
RESULT: {}
COMMAND: POST /session/d6087ce9047b762c9e6b213c278266de/execute/sync - {"script":"<script> [79 bytes]","args":[{"element-6066-11e4-a52e-4f735466cecf":"f.3928B9F74E92C4C93CBD9CDC3C97A8D3.d.7F4B50C0EBCD01584C498AF8D0B6D20B.e.3538","ELEMENT":"f.3928B9F74E92C4C93CBD9CDC3C97A8D3.d.7F4B50C0EBCD01584C498AF8D0B6D20B.e.3538"},{"block":"start","inline":"nearest"}]}
RESULT: {"script":"<script> [79 bytes]","args":[{"element-6066-11e4-a52e-4f735466cecf":"f.3928B9F74E92C4C93CBD9CDC3C97A8D3.d.7F4B50C0EBCD01584C498AF8D0B6D20B.e.3538","ELEMENT":"f.3928B9F74E92C4C93CBD9CDC3C97A8D3.d.7F4B50C0EBCD01584C498AF8D0B6D20B.e.3538"},{"block":"start","inline":"nearest"}]}
COMMAND: POST /session/d6087ce9047b762c9e6b213c278266de/execute/async - {"script":"<script> [1562 bytes]","args":[{"selector":{"id":"application-manageresources-display-component---newResourceUnit--btnAddTimeSegment-img"},"wdio_ui5_key":"applicationmanageresources-display-component---newResourceUnit--btnAddTimeSegment-img"}]}
COMMAND: GET /session/d6087ce9047b762c9e6b213c278266de/screenshot - {}
RESULT: {"script":"<script> [1562 bytes]","args":[{"selector":{"id":"application-manageresources-display-component---newResourceUnit--btnAddTimeSegment-img"},"wdio_ui5_key":"applicationmanageresources-display-component---newResourceUnit--btnAddTimeSegment-img"}]}
RESULT: undefined
COMMAND: POST /session/d6087ce9047b762c9e6b213c278266de/element - {"using":"xpath","value":"//*[@id=\"application-manageresources-display-component---newResourceUnit--btnAddTimeSegment-img\"]"}
RESULT: {}
RESULT: {"using":"xpath","value":"//*[@id=\"application-manageresources-display-component---newResourceUnit--btnAddTimeSegment-img\"]"}
COMMAND: POST /session/d6087ce9047b762c9e6b213c278266de/element/f.3928B9F74E92C4C93CBD9CDC3C97A8D3.d.7F4B50C0EBCD01584C498AF8D0B6D20B.e.3541/click - {}
RESULT: {}
COMMAND: GET /session/d6087ce9047b762c9e6b213c278266de/screenshot - {}
RESULT: {}
COMMAND: POST /session/d6087ce9047b762c9e6b213c278266de/element - {"using":"xpath","value":"//input[@id=\"application-manageresources-display-component---newResourceUnit--idRuTSAdmin-application-manageresources-display-component---newResourceUnit--RUTimeSegment-0-inner\"]"}
RESULT: {"using":"xpath","value":"//input[@id=\"application-manageresources-display-component---newResourceUnit--idRuTSAdmin-application-manageresources-display-component---newResourceUnit--RUTimeSegment-0-inner\"]"}
COMMAND: POST /session/d6087ce9047b762c9e6b213c278266de/element/f.3928B9F74E92C4C93CBD9CDC3C97A8D3.d.7F4B50C0EBCD01584C498AF8D0B6D20B.e.3545/clear - {}
RESULT: {}
COMMAND: POST /session/d6087ce9047b762c9e6b213c278266de/element/f.3928B9F74E92C4C93CBD9CDC3C97A8D3.d.7F4B50C0EBCD01584C498AF8D0B6D20B.e.3545/value - {"text":"webdriveryard"}
COMMAND: GET /session/d6087ce9047b762c9e6b213c278266de/screenshot - {}
RESULT: {"text":"webdriveryard"}
COMMAND: GET /session/d6087ce9047b762c9e6b213c278266de/screenshot - {}
RESULT: {}
RESULT: {}
COMMAND: POST /session/d6087ce9047b762c9e6b213c278266de/actions - {"actions":[{"id":"action21","type":"key","parameters":{},"actions":[{"type":"keyDown","value":""},{"type":"pause","duration":10},{"type":"keyUp","value":""}]}]}
RESULT: {"actions":[{"id":"action21","type":"key","parameters":{},"actions":[{"type":"keyDown","value":""},{"type":"pause","duration":10},{"type":"keyUp","value":""}]}]}
COMMAND: POST /session/d6087ce9047b762c9e6b213c278266de/execute/async - {"script":"<script> [1562 bytes]","args":[{"selector":{"controlType":"sap.ui.core.Icon","viewName":"reusables.view.manageresources.NewResourceUnit","viewId":"application-manageresources-display-component---newResourceUnit","properties":{"src":{"regex":{"source":"slim\\-arrow\\-down"}}},"ancestor":{"controlType":"sap.m.ComboBox","viewName":"reusables.view.manageresources.NewResourceUnit","viewId":"application-manageresources-display-component---newResourceUnit","bindingPath":{"path":"/RESOURCE_UNIT_TIME_SEQUENCES/0","propertyPath":"COST_OBJECT_ADMIN_CST_TYPE","modelName":"oNewRruModel"}}},"wdio_ui5_key":"reusablesview.manageresources.NewResourceUnitsap.ui.core.Icon{\"src\":{\"regex\":{\"source\":\"slim\\\\-arrow\\\\-down\"}}}{\"controlType\":\"sap.m.ComboBox\",\"viewName\":\"reusables.view.manageresources.NewResourceUnit\",\"viewId\":\"application-manageresources-display-component---newResourceUnit\",\"bindingPath\":{\"path\":\"/RESOURCE_UNIT_TIME_SEQUENCES/0\",\"propertyPath\":\"COST_OBJECT_ADMIN_CST_TYPE\",\"modelName\":\"oNewRruModel\"}}"}]}
COMMAND: GET /session/d6087ce9047b762c9e6b213c278266de/screenshot - {}
RESULT: {"script":"<script> [1562 bytes]","args":[{"selector":{"controlType":"sap.ui.core.Icon","viewName":"reusables.view.manageresources.NewResourceUnit","viewId":"application-manageresources-display-component---newResourceUnit","properties":{"src":{"regex":{"source":"slim\\-arrow\\-down"}}},"ancestor":{"controlType":"sap.m.ComboBox","viewName":"reusables.view.manageresources.NewResourceUnit","viewId":"application-manageresources-display-component---newResourceUnit","bindingPath":{"path":"/RESOURCE_UNIT_TIME_SEQUENCES/0","propertyPath":"COST_OBJECT_ADMIN_CST_TYPE","modelName":"oNewRruModel"}}},"wdio_ui5_key":"reusablesview.manageresources.NewResourceUnitsap.ui.core.Icon{\"src\":{\"regex\":{\"source\":\"slim\\\\-arrow\\\\-down\"}}}{\"controlType\":\"sap.m.ComboBox\",\"viewName\":\"reusables.view.manageresources.NewResourceUnit\",\"viewId\":\"application-manageresources-display-component---newResourceUnit\",\"bindingPath\":{\"path\":\"/RESOURCE_UNIT_TIME_SEQUENCES/0\",\"propertyPath\":\"COST_OBJECT_ADMIN_CST_TYPE\",\"modelName\":\"oNewRruModel\"}}"}]}
RESULT: undefined
COMMAND: POST /session/d6087ce9047b762c9e6b213c278266de/element - {"using":"xpath","value":"//*[@id=\"__box16-application-manageresources-display-component---newResourceUnit--RUTimeSegment-0-arrow\"]"}
RESULT: {}
RESULT: {"using":"xpath","value":"//*[@id=\"__box16-application-manageresources-display-component---newResourceUnit--RUTimeSegment-0-arrow\"]"}
COMMAND: POST /session/d6087ce9047b762c9e6b213c278266de/element/f.3928B9F74E92C4C93CBD9CDC3C97A8D3.d.7F4B50C0EBCD01584C498AF8D0B6D20B.e.3559/click - {}
RESULT: {}
COMMAND: POST /session/d6087ce9047b762c9e6b213c278266de/execute/async - {"script":"<script> [1562 bytes]","args":[{"selector":{"controlType":"sap.m.StandardListItem","viewName":"reusables.view.manageresources.NewResourceUnit","viewId":"application-manageresources-display-component---newResourceUnit","properties":{"title":"PM Order"},"searchOpenDialogs":true,"interaction":{"idSuffix":"titleText"}},"wdio_ui5_key":"reusablesview.manageresources.NewResourceUnitsap.m.StandardListItem{\"title\":\"PM Order\"}"}]}
COMMAND: GET /session/d6087ce9047b762c9e6b213c278266de/screenshot - {}
RESULT: {"script":"<script> [1562 bytes]","args":[{"selector":{"controlType":"sap.m.StandardListItem","viewName":"reusables.view.manageresources.NewResourceUnit","viewId":"application-manageresources-display-component---newResourceUnit","properties":{"title":"PM Order"},"searchOpenDialogs":true,"interaction":{"idSuffix":"titleText"}},"wdio_ui5_key":"reusablesview.manageresources.NewResourceUnitsap.m.StandardListItem{\"title\":\"PM Order\"}"}]}
RESULT: undefined
COMMAND: POST /session/d6087ce9047b762c9e6b213c278266de/element - {"using":"xpath","value":"//*[@id=\"__item1920\"]"}
RESULT: {}
RESULT: {"using":"xpath","value":"//*[@id=\"__item1920\"]"}
COMMAND: POST /session/d6087ce9047b762c9e6b213c278266de/element/f.3928B9F74E92C4C93CBD9CDC3C97A8D3.d.7F4B50C0EBCD01584C498AF8D0B6D20B.e.3563/click - {}
RESULT: {}
COMMAND: GET /session/d6087ce9047b762c9e6b213c278266de/screenshot - {}
RESULT: {}
COMMAND: POST /session/d6087ce9047b762c9e6b213c278266de/element - {"using":"xpath","value":"(//input[contains(@id ,\"-application-manageresources-display-component---newResourceUnit--RUTimeSegment-0-inner\")])[8]"}
RESULT: {"using":"xpath","value":"(//input[contains(@id ,\"-application-manageresources-display-component---newResourceUnit--RUTimeSegment-0-inner\")])[8]"}
COMMAND: POST /session/d6087ce9047b762c9e6b213c278266de/element/f.3928B9F74E92C4C93CBD9CDC3C97A8D3.d.7F4B50C0EBCD01584C498AF8D0B6D20B.e.3566/clear - {}
RESULT: {}
COMMAND: POST /session/d6087ce9047b762c9e6b213c278266de/element/f.3928B9F74E92C4C93CBD9CDC3C97A8D3.d.7F4B50C0EBCD01584C498AF8D0B6D20B.e.3566/value - {"text":"4000360"}
COMMAND: GET /session/d6087ce9047b762c9e6b213c278266de/screenshot - {}
RESULT: {"text":"4000360"}
COMMAND: GET /session/d6087ce9047b762c9e6b213c278266de/screenshot - {}
RESULT: {}
RESULT: {}
COMMAND: POST /session/d6087ce9047b762c9e6b213c278266de/actions - {"actions":[{"id":"action22","type":"key","parameters":{},"actions":[{"type":"keyDown","value":""},{"type":"pause","duration":10},{"type":"keyUp","value":""}]}]}
RESULT: {"actions":[{"id":"action22","type":"key","parameters":{},"actions":[{"type":"keyDown","value":""},{"type":"pause","duration":10},{"type":"keyUp","value":""}]}]}
COMMAND: GET /session/d6087ce9047b762c9e6b213c278266de/screenshot - {}
RESULT: {}
COMMAND: POST /session/d6087ce9047b762c9e6b213c278266de/element - {"using":"xpath","value":"//input[contains(@id ,\"application-manageresources-display-component---newResourceUnit--newTimeSegmentFromDatePicker-application-manageresources-display-component---newResourceUnit--RUTimeSegment-0-inner\")]"}
RESULT: {"using":"xpath","value":"//input[contains(@id ,\"application-manageresources-display-component---newResourceUnit--newTimeSegmentFromDatePicker-application-manageresources-display-component---newResourceUnit--RUTimeSegment-0-inner\")]"}
COMMAND: POST /session/d6087ce9047b762c9e6b213c278266de/element/f.3928B9F74E92C4C93CBD9CDC3C97A8D3.d.7F4B50C0EBCD01584C498AF8D0B6D20B.e.3552/clear - {}
RESULT: {}
COMMAND: POST /session/d6087ce9047b762c9e6b213c278266de/element/f.3928B9F74E92C4C93CBD9CDC3C97A8D3.d.7F4B50C0EBCD01584C498AF8D0B6D20B.e.3552/clear - {}
COMMAND: GET /session/d6087ce9047b762c9e6b213c278266de/screenshot - {}
RESULT: {}
COMMAND: POST /session/d6087ce9047b762c9e6b213c278266de/element/f.3928B9F74E92C4C93CBD9CDC3C97A8D3.d.7F4B50C0EBCD01584C498AF8D0B6D20B.e.3552/value - {"text":"06/28/24"}
COMMAND: GET /session/d6087ce9047b762c9e6b213c278266de/screenshot - {}
RESULT: {}
RESULT: {"text":"06/28/24"}
COMMAND: POST /session/d6087ce9047b762c9e6b213c278266de/execute/async - {"script":"<script> [1562 bytes]","args":[{"selector":{"id":"application-manageresources-display-component---newResourceUnit--newRRUPage-anchBar-application-manageresources-display-component---newResourceUnit--resource-anchor","interaction":{"idSuffix":"BDI-content"}},"wdio_ui5_key":"applicationmanageresources-display-component---newResourceUnit--newRRUPage-anchBar-application-manageresources-display-component---newResourceUnit--resource-anchor"}]}
COMMAND: GET /session/d6087ce9047b762c9e6b213c278266de/screenshot - {}
RESULT: {}
RESULT: {"script":"<script> [1562 bytes]","args":[{"selector":{"id":"application-manageresources-display-component---newResourceUnit--newRRUPage-anchBar-application-manageresources-display-component---newResourceUnit--resource-anchor","interaction":{"idSuffix":"BDI-content"}},"wdio_ui5_key":"applicationmanageresources-display-component---newResourceUnit--newRRUPage-anchBar-application-manageresources-display-component---newResourceUnit--resource-anchor"}]}
RESULT: undefined
COMMAND: POST /session/d6087ce9047b762c9e6b213c278266de/element - {"using":"xpath","value":"//*[@id=\"application-manageresources-display-component---newResourceUnit--newRRUPage-anchBar-application-manageresources-display-component---newResourceUnit--resource-anchor\"]"}
RESULT: {}
RESULT: {"using":"xpath","value":"//*[@id=\"application-manageresources-display-component---newResourceUnit--newRRUPage-anchBar-application-manageresources-display-component---newResourceUnit--resource-anchor\"]"}
COMMAND: POST /session/d6087ce9047b762c9e6b213c278266de/element/f.3928B9F74E92C4C93CBD9CDC3C97A8D3.d.7F4B50C0EBCD01584C498AF8D0B6D20B.e.3587/click - {}
RESULT: {}
COMMAND: POST /session/d6087ce9047b762c9e6b213c278266de/execute/async - {"script":"<script> [1562 bytes]","args":[{"selector":{"id":"application-manageresources-display-component---newResourceUnit--PLANNED_DELIVERY_DATE","interaction":{"idSuffix":"inner"}},"wdio_ui5_key":"applicationmanageresources-display-component---newResourceUnit--PLANNED_DELIVERY_DATE"}]}
COMMAND: GET /session/d6087ce9047b762c9e6b213c278266de/screenshot - {}
RESULT: {"script":"<script> [1562 bytes]","args":[{"selector":{"id":"application-manageresources-display-component---newResourceUnit--PLANNED_DELIVERY_DATE","interaction":{"idSuffix":"inner"}},"wdio_ui5_key":"applicationmanageresources-display-component---newResourceUnit--PLANNED_DELIVERY_DATE"}]}
RESULT: undefined
COMMAND: POST /session/d6087ce9047b762c9e6b213c278266de/execute/async - {"script":"<script> [6424 bytes]","args":[{"element-6066-11e4-a52e-4f735466cecf":"f.3928B9F74E92C4C93CBD9CDC3C97A8D3.d.7F4B50C0EBCD01584C498AF8D0B6D20B.e.3414"},"setValue",["06/28/24"]]}
RESULT: {}
RESULT: {"script":"<script> [6424 bytes]","args":[{"element-6066-11e4-a52e-4f735466cecf":"f.3928B9F74E92C4C93CBD9CDC3C97A8D3.d.7F4B50C0EBCD01584C498AF8D0B6D20B.e.3414"},"setValue",["06/28/24"]]}
COMMAND: POST /session/d6087ce9047b762c9e6b213c278266de/execute/async - {"script":"<script> [1562 bytes]","args":[{"selector":{"id":"application-manageresources-display-component---newResourceUnit--RETIRE_PLANNED_DATE","interaction":{"idSuffix":"inner"}},"wdio_ui5_key":"applicationmanageresources-display-component---newResourceUnit--RETIRE_PLANNED_DATE"}]}
RESULT: {"script":"<script> [1562 bytes]","args":[{"selector":{"id":"application-manageresources-display-component---newResourceUnit--RETIRE_PLANNED_DATE","interaction":{"idSuffix":"inner"}},"wdio_ui5_key":"applicationmanageresources-display-component---newResourceUnit--RETIRE_PLANNED_DATE"}]}
RESULT: undefined
COMMAND: POST /session/d6087ce9047b762c9e6b213c278266de/execute/async - {"script":"<script> [776 bytes]","args":[{"enterText":"3/14/29","selector":{"id":"application-manageresources-display-component---newResourceUnit--RETIRE_PLANNED_DATE","interaction":{"idSuffix":"inner"}},"clearTextFirst":true,"interactionType":"ENTER_TEXT"}]}
RESULT: {"script":"<script> [776 bytes]","args":[{"enterText":"3/14/29","selector":{"id":"application-manageresources-display-component---newResourceUnit--RETIRE_PLANNED_DATE","interaction":{"idSuffix":"inner"}},"clearTextFirst":true,"interactionType":"ENTER_TEXT"}]}
COMMAND: POST /session/d6087ce9047b762c9e6b213c278266de/execute/async - {"script":"<script> [1562 bytes]","args":[{"selector":{"controlType":"sap.m.Button","viewName":"reusables.view.manageresources.NewResourceUnit","viewId":"application-manageresources-display-component---newResourceUnit","i18NText":{"propertyName":"tooltip","key":"save"},"interaction":{"idSuffix":"BDI-content"}},"wdio_ui5_key":"reusablesview.manageresources.NewResourceUnitsap.m.Button{\"propertyName\":\"tooltip\",\"key\":\"save\"}"}]}
RESULT: {"script":"<script> [1562 bytes]","args":[{"selector":{"controlType":"sap.m.Button","viewName":"reusables.view.manageresources.NewResourceUnit","viewId":"application-manageresources-display-component---newResourceUnit","i18NText":{"propertyName":"tooltip","key":"save"},"interaction":{"idSuffix":"BDI-content"}},"wdio_ui5_key":"reusablesview.manageresources.NewResourceUnitsap.m.Button{\"propertyName\":\"tooltip\",\"key\":\"save\"}"}]}
RESULT: undefined
COMMAND: POST /session/d6087ce9047b762c9e6b213c278266de/element - {"using":"xpath","value":"//*[@id=\"application-manageresources-display-component---newResourceUnit--createRuButton\"]"}
RESULT: {"using":"xpath","value":"//*[@id=\"application-manageresources-display-component---newResourceUnit--createRuButton\"]"}
COMMAND: POST /session/d6087ce9047b762c9e6b213c278266de/element/f.3928B9F74E92C4C93CBD9CDC3C97A8D3.d.7F4B50C0EBCD01584C498AF8D0B6D20B.e.3374/click - {}
RESULT: {}
COMMAND: GET /session/d6087ce9047b762c9e6b213c278266de/screenshot - {}
RESULT: {}
COMMAND: POST /session/d6087ce9047b762c9e6b213c278266de/execute/async - {"script":"<script> [1562 bytes]","args":[{"selector":{"controlType":"sap.m.Button","properties":{"text":"Close"},"searchOpenDialogs":true,"interaction":{"idSuffix":"inner"}},"wdio_ui5_key":"sapm.Button{\"text\":\"Close\"}"}]}
RESULT: {"script":"<script> [1562 bytes]","args":[{"selector":{"controlType":"sap.m.Button","properties":{"text":"Close"},"searchOpenDialogs":true,"interaction":{"idSuffix":"inner"}},"wdio_ui5_key":"sapm.Button{\"text\":\"Close\"}"}]}
RESULT: undefined
COMMAND: POST /session/d6087ce9047b762c9e6b213c278266de/element - {"using":"xpath","value":"//*[@id=\"__mbox-btn-0\"]"}
RESULT: {"using":"xpath","value":"//*[@id=\"__mbox-btn-0\"]"}
COMMAND: POST /session/d6087ce9047b762c9e6b213c278266de/element/f.3928B9F74E92C4C93CBD9CDC3C97A8D3.d.7F4B50C0EBCD01584C498AF8D0B6D20B.e.3597/click - {}
RESULT: {}
COMMAND: GET /session/d6087ce9047b762c9e6b213c278266de/screenshot - {}
RESULT: {}
COMMAND: POST /session/d6087ce9047b762c9e6b213c278266de/execute/async - {"script":"<script> [1562 bytes]","args":[{"selector":{"controlType":"sap.m.Text","viewName":"etm.portal.ui.manageresources.view.Detail","viewId":"application-manageresources-display-component---detailRU","bindingPath":{"propertyPath":"ID","modelName":"catalogModel"}},"wdio_ui5_key":"etmportal.ui.manageresources.view.Detailsap.m.Text{\"propertyPath\":\"ID\",\"modelName\":\"catalogModel\"}"}]}
RESULT: {"script":"<script> [1562 bytes]","args":[{"selector":{"controlType":"sap.m.Text","viewName":"etm.portal.ui.manageresources.view.Detail","viewId":"application-manageresources-display-component---detailRU","bindingPath":{"propertyPath":"ID","modelName":"catalogModel"}},"wdio_ui5_key":"etmportal.ui.manageresources.view.Detailsap.m.Text{\"propertyPath\":\"ID\",\"modelName\":\"catalogModel\"}"}]}
RESULT: undefined
COMMAND: POST /session/d6087ce9047b762c9e6b213c278266de/execute/async - {"script":"<script> [6424 bytes]","args":[{"element-6066-11e4-a52e-4f735466cecf":"f.3928B9F74E92C4C93CBD9CDC3C97A8D3.d.7F4B50C0EBCD01584C498AF8D0B6D20B.e.3652"},"getText",[]]}
RESULT: {"script":"<script> [6424 bytes]","args":[{"element-6066-11e4-a52e-4f735466cecf":"f.3928B9F74E92C4C93CBD9CDC3C97A8D3.d.7F4B50C0EBCD01584C498AF8D0B6D20B.e.3652"},"getText",[]]}
COMMAND: POST /session/d6087ce9047b762c9e6b213c278266de/element - {"using":"css selector","value":"#shell-header-logo"}
RESULT: {"using":"css selector","value":"#shell-header-logo"}
COMMAND: POST /session/d6087ce9047b762c9e6b213c278266de/element/f.3928B9F74E92C4C93CBD9CDC3C97A8D3.d.7F4B50C0EBCD01584C498AF8D0B6D20B.e.2993/click - {}
RESULT: {}
COMMAND: GET /session/d6087ce9047b762c9e6b213c278266de/screenshot - {}
RESULT: {}
]]></system-out>
    </testcase>
    <testcase classname="chrome.136_0_7103_93.windows.Verify_RU_inventory_split_cost_information_US139363" name="Should do a stock increase for the equipment" time="79.84">
      <system-out><![CDATA[
COMMAND: POST /session/d6087ce9047b762c9e6b213c278266de/execute/async - {"script":"<script> [1562 bytes]","args":[{"selector":{"controlType":"sap.m.GenericTile","properties":{"header":"Manage Handovers"}},"wdio_ui5_key":"sapm.GenericTile{\"header\":\"Manage Handovers\"}"}]}
RESULT: {"script":"<script> [1562 bytes]","args":[{"selector":{"controlType":"sap.m.GenericTile","properties":{"header":"Manage Handovers"}},"wdio_ui5_key":"sapm.GenericTile{\"header\":\"Manage Handovers\"}"}]}
RESULT: undefined
COMMAND: POST /session/d6087ce9047b762c9e6b213c278266de/element - {"using":"xpath","value":"//*[@id=\"__tile131\"]"}
RESULT: {"using":"xpath","value":"//*[@id=\"__tile131\"]"}
COMMAND: POST /session/d6087ce9047b762c9e6b213c278266de/element/f.3928B9F74E92C4C93CBD9CDC3C97A8D3.d.7F4B50C0EBCD01584C498AF8D0B6D20B.e.3654/click - {}
RESULT: {}
COMMAND: GET /session/d6087ce9047b762c9e6b213c278266de/screenshot - {}
RESULT: {}
COMMAND: POST /session/d6087ce9047b762c9e6b213c278266de/elements - {"using":"xpath","value":"//span[text()='Error']"}
RESULT: {"using":"xpath","value":"//span[text()='Error']"}
COMMAND: POST /session/d6087ce9047b762c9e6b213c278266de/element - {"using":"xpath","value":"//button[@data-kt=\"masterHOAddButton\"]"}
RESULT: {"using":"xpath","value":"//button[@data-kt=\"masterHOAddButton\"]"}
COMMAND: POST /session/d6087ce9047b762c9e6b213c278266de/execute/sync - {"script":"<script> [8489 bytes]","args":[{"element-6066-11e4-a52e-4f735466cecf":"f.3928B9F74E92C4C93CBD9CDC3C97A8D3.d.7F4B50C0EBCD01584C498AF8D0B6D20B.e.3708","ELEMENT":"f.3928B9F74E92C4C93CBD9CDC3C97A8D3.d.7F4B50C0EBCD01584C498AF8D0B6D20B.e.3708"}]}
RESULT: {"script":"<script> [8489 bytes]","args":[{"element-6066-11e4-a52e-4f735466cecf":"f.3928B9F74E92C4C93CBD9CDC3C97A8D3.d.7F4B50C0EBCD01584C498AF8D0B6D20B.e.3708","ELEMENT":"f.3928B9F74E92C4C93CBD9CDC3C97A8D3.d.7F4B50C0EBCD01584C498AF8D0B6D20B.e.3708"}]}
COMMAND: POST /session/d6087ce9047b762c9e6b213c278266de/element/f.3928B9F74E92C4C93CBD9CDC3C97A8D3.d.7F4B50C0EBCD01584C498AF8D0B6D20B.e.3708/click - {}
COMMAND: GET /session/d6087ce9047b762c9e6b213c278266de/screenshot - {}
RESULT: {}
COMMAND: GET /session/d6087ce9047b762c9e6b213c278266de/screenshot - {}
COMMAND: POST /session/d6087ce9047b762c9e6b213c278266de/element - {"using":"xpath","value":"//span[contains(@id ,\"AddNewHO--typeSelect-arrow\")]"}
RESULT: {}
RESULT: {}
RESULT: {"using":"xpath","value":"//span[contains(@id ,\"AddNewHO--typeSelect-arrow\")]"}
COMMAND: POST /session/d6087ce9047b762c9e6b213c278266de/element/f.3928B9F74E92C4C93CBD9CDC3C97A8D3.d.7F4B50C0EBCD01584C498AF8D0B6D20B.e.4066/click - {}
RESULT: {}
COMMAND: GET /session/d6087ce9047b762c9e6b213c278266de/screenshot - {}
RESULT: {}
COMMAND: POST /session/d6087ce9047b762c9e6b213c278266de/element - {"using":"xpath","value":"(//li[contains(text(), \"stock increase yard\")])[1]"}
RESULT: {"using":"xpath","value":"(//li[contains(text(), \"stock increase yard\")])[1]"}
COMMAND: POST /session/d6087ce9047b762c9e6b213c278266de/element/f.3928B9F74E92C4C93CBD9CDC3C97A8D3.d.7F4B50C0EBCD01584C498AF8D0B6D20B.e.4067/click - {}
RESULT: {}
COMMAND: GET /session/d6087ce9047b762c9e6b213c278266de/screenshot - {}
RESULT: {}
COMMAND: POST /session/d6087ce9047b762c9e6b213c278266de/execute/async - {"script":"<script> [1562 bytes]","args":[{"selector":{"id":"application-managehandovers-display-component---AddNewHO--dueDate","interaction":{"idSuffix":"inner"}},"wdio_ui5_key":"applicationmanagehandovers-display-component---AddNewHO--dueDate"}]}
RESULT: {"script":"<script> [1562 bytes]","args":[{"selector":{"id":"application-managehandovers-display-component---AddNewHO--dueDate","interaction":{"idSuffix":"inner"}},"wdio_ui5_key":"applicationmanagehandovers-display-component---AddNewHO--dueDate"}]}
RESULT: undefined
COMMAND: POST /session/d6087ce9047b762c9e6b213c278266de/execute/async - {"script":"<script> [6424 bytes]","args":[{"element-6066-11e4-a52e-4f735466cecf":"f.3928B9F74E92C4C93CBD9CDC3C97A8D3.d.7F4B50C0EBCD01584C498AF8D0B6D20B.e.4070"},"setValue",["5/28/25"]]}
RESULT: {"script":"<script> [6424 bytes]","args":[{"element-6066-11e4-a52e-4f735466cecf":"f.3928B9F74E92C4C93CBD9CDC3C97A8D3.d.7F4B50C0EBCD01584C498AF8D0B6D20B.e.4070"},"setValue",["5/28/25"]]}
COMMAND: POST /session/d6087ce9047b762c9e6b213c278266de/element - {"using":"xpath","value":"//input[@id=\"generalSectionFrg--receiveYard-inner\"]"}
RESULT: {"using":"xpath","value":"//input[@id=\"generalSectionFrg--receiveYard-inner\"]"}
COMMAND: POST /session/d6087ce9047b762c9e6b213c278266de/element/f.3928B9F74E92C4C93CBD9CDC3C97A8D3.d.7F4B50C0EBCD01584C498AF8D0B6D20B.e.4076/clear - {}
RESULT: {}
COMMAND: POST /session/d6087ce9047b762c9e6b213c278266de/element/f.3928B9F74E92C4C93CBD9CDC3C97A8D3.d.7F4B50C0EBCD01584C498AF8D0B6D20B.e.4076/value - {"text":"webdriveryard"}
COMMAND: GET /session/d6087ce9047b762c9e6b213c278266de/screenshot - {}
RESULT: {"text":"webdriveryard"}
COMMAND: GET /session/d6087ce9047b762c9e6b213c278266de/screenshot - {}
RESULT: {}
RESULT: {}
COMMAND: POST /session/d6087ce9047b762c9e6b213c278266de/execute/async - {"script":"<script> [1562 bytes]","args":[{"selector":{"id":"application-managehandovers-display-component---AddNewHO--ObjectPageLayout-anchBar-application-managehandovers-display-component---AddNewHO--section4-anchor","interaction":{"idSuffix":"BDI-content"}},"wdio_ui5_key":"applicationmanagehandovers-display-component---AddNewHO--ObjectPageLayout-anchBar-application-managehandovers-display-component---AddNewHO--section4-anchor"}]}
RESULT: {"script":"<script> [1562 bytes]","args":[{"selector":{"id":"application-managehandovers-display-component---AddNewHO--ObjectPageLayout-anchBar-application-managehandovers-display-component---AddNewHO--section4-anchor","interaction":{"idSuffix":"BDI-content"}},"wdio_ui5_key":"applicationmanagehandovers-display-component---AddNewHO--ObjectPageLayout-anchBar-application-managehandovers-display-component---AddNewHO--section4-anchor"}]}
RESULT: undefined
COMMAND: POST /session/d6087ce9047b762c9e6b213c278266de/element - {"using":"xpath","value":"//*[@id=\"application-managehandovers-display-component---AddNewHO--ObjectPageLayout-anchBar-application-managehandovers-display-component---AddNewHO--section4-anchor\"]"}
RESULT: {"using":"xpath","value":"//*[@id=\"application-managehandovers-display-component---AddNewHO--ObjectPageLayout-anchBar-application-managehandovers-display-component---AddNewHO--section4-anchor\"]"}
COMMAND: POST /session/d6087ce9047b762c9e6b213c278266de/element/f.3928B9F74E92C4C93CBD9CDC3C97A8D3.d.7F4B50C0EBCD01584C498AF8D0B6D20B.e.4097/click - {}
RESULT: {}
COMMAND: GET /session/d6087ce9047b762c9e6b213c278266de/screenshot - {}
RESULT: {}
COMMAND: POST /session/d6087ce9047b762c9e6b213c278266de/element - {"using":"xpath","value":"//button[@aria-label=\"Add\"]"}
RESULT: {"using":"xpath","value":"//button[@aria-label=\"Add\"]"}
COMMAND: POST /session/d6087ce9047b762c9e6b213c278266de/element/f.3928B9F74E92C4C93CBD9CDC3C97A8D3.d.7F4B50C0EBCD01584C498AF8D0B6D20B.e.4101/click - {}
RESULT: {}
COMMAND: GET /session/d6087ce9047b762c9e6b213c278266de/screenshot - {}
RESULT: {}
COMMAND: POST /session/d6087ce9047b762c9e6b213c278266de/execute/async - {"script":"<script> [1562 bytes]","args":[{"selector":{"id":"application-managehandovers-display-component---AddNewHO--smartFilterBar-btnBasicSearch","searchOpenDialogs":true,"interaction":{"idSuffix":"I"}},"wdio_ui5_key":"applicationmanagehandovers-display-component---AddNewHO--smartFilterBar-btnBasicSearch"}]}
RESULT: {"script":"<script> [1562 bytes]","args":[{"selector":{"id":"application-managehandovers-display-component---AddNewHO--smartFilterBar-btnBasicSearch","searchOpenDialogs":true,"interaction":{"idSuffix":"I"}},"wdio_ui5_key":"applicationmanagehandovers-display-component---AddNewHO--smartFilterBar-btnBasicSearch"}]}
RESULT: undefined
COMMAND: POST /session/d6087ce9047b762c9e6b213c278266de/execute/async - {"script":"<script> [776 bytes]","args":[{"enterText":"WdIOTestEquip7ozv9","selector":{"id":"application-managehandovers-display-component---AddNewHO--smartFilterBar-btnBasicSearch","searchOpenDialogs":true,"interaction":{"idSuffix":"I"}},"clearTextFirst":true,"interactionType":"ENTER_TEXT"}]}
RESULT: {"script":"<script> [776 bytes]","args":[{"enterText":"WdIOTestEquip7ozv9","selector":{"id":"application-managehandovers-display-component---AddNewHO--smartFilterBar-btnBasicSearch","searchOpenDialogs":true,"interaction":{"idSuffix":"I"}},"clearTextFirst":true,"interactionType":"ENTER_TEXT"}]}
COMMAND: POST /session/d6087ce9047b762c9e6b213c278266de/actions - {"actions":[{"id":"action23","type":"key","parameters":{},"actions":[{"type":"keyDown","value":""},{"type":"pause","duration":10},{"type":"keyUp","value":""}]}]}
RESULT: {"actions":[{"id":"action23","type":"key","parameters":{},"actions":[{"type":"keyDown","value":""},{"type":"pause","duration":10},{"type":"keyUp","value":""}]}]}
COMMAND: POST /session/d6087ce9047b762c9e6b213c278266de/execute/async - {"script":"<script> [1562 bytes]","args":[{"selector":{"id":"application-managehandovers-display-component---AddNewHO--popup-sa","searchOpenDialogs":true,"interaction":{"idSuffix":"CbBg"}},"wdio_ui5_key":"applicationmanagehandovers-display-component---AddNewHO--popup-sa"}]}
COMMAND: GET /session/d6087ce9047b762c9e6b213c278266de/screenshot - {}
RESULT: {"script":"<script> [1562 bytes]","args":[{"selector":{"id":"application-managehandovers-display-component---AddNewHO--popup-sa","searchOpenDialogs":true,"interaction":{"idSuffix":"CbBg"}},"wdio_ui5_key":"applicationmanagehandovers-display-component---AddNewHO--popup-sa"}]}
RESULT: undefined
COMMAND: POST /session/d6087ce9047b762c9e6b213c278266de/element - {"using":"xpath","value":"//*[@id=\"application-managehandovers-display-component---AddNewHO--popup-sa\"]"}
RESULT: {}
RESULT: {"using":"xpath","value":"//*[@id=\"application-managehandovers-display-component---AddNewHO--popup-sa\"]"}
COMMAND: POST /session/d6087ce9047b762c9e6b213c278266de/element/f.3928B9F74E92C4C93CBD9CDC3C97A8D3.d.7F4B50C0EBCD01584C498AF8D0B6D20B.e.4209/click - {}
RESULT: {}
COMMAND: GET /session/d6087ce9047b762c9e6b213c278266de/screenshot - {}
RESULT: {}
COMMAND: POST /session/d6087ce9047b762c9e6b213c278266de/element - {"using":"xpath","value":"//bdi[contains(text(), \"Select\")]"}
RESULT: {"using":"xpath","value":"//bdi[contains(text(), \"Select\")]"}
COMMAND: POST /session/d6087ce9047b762c9e6b213c278266de/element/f.3928B9F74E92C4C93CBD9CDC3C97A8D3.d.7F4B50C0EBCD01584C498AF8D0B6D20B.e.4210/click - {}
RESULT: {}
COMMAND: GET /session/d6087ce9047b762c9e6b213c278266de/screenshot - {}
RESULT: {}
COMMAND: POST /session/d6087ce9047b762c9e6b213c278266de/element - {"using":"xpath","value":"//button[@data-kt=\"AddNewHOSaveButton\"]"}
RESULT: {"using":"xpath","value":"//button[@data-kt=\"AddNewHOSaveButton\"]"}
COMMAND: POST /session/d6087ce9047b762c9e6b213c278266de/element/f.3928B9F74E92C4C93CBD9CDC3C97A8D3.d.7F4B50C0EBCD01584C498AF8D0B6D20B.e.4214/click - {}
RESULT: {}
COMMAND: GET /session/d6087ce9047b762c9e6b213c278266de/screenshot - {}
RESULT: {}
COMMAND: POST /session/d6087ce9047b762c9e6b213c278266de/execute/async - {"script":"<script> [1562 bytes]","args":[{"selector":{"id":"receiptDatePicker","viewName":"etm.portal.ui.managehandovers.view.DetailExecuteHO","interaction":{"idSuffix":"inner"}},"wdio_ui5_key":"receiptDatePickeretmportal.ui.managehandovers.view.DetailExecuteHO"}]}
RESULT: {"script":"<script> [1562 bytes]","args":[{"selector":{"id":"receiptDatePicker","viewName":"etm.portal.ui.managehandovers.view.DetailExecuteHO","interaction":{"idSuffix":"inner"}},"wdio_ui5_key":"receiptDatePickeretmportal.ui.managehandovers.view.DetailExecuteHO"}]}
RESULT: undefined
COMMAND: POST /session/d6087ce9047b762c9e6b213c278266de/execute/async - {"script":"<script> [6424 bytes]","args":[{"element-6066-11e4-a52e-4f735466cecf":"f.3928B9F74E92C4C93CBD9CDC3C97A8D3.d.7F4B50C0EBCD01584C498AF8D0B6D20B.e.4242"},"setValue",["5/28/25"]]}
RESULT: {"script":"<script> [6424 bytes]","args":[{"element-6066-11e4-a52e-4f735466cecf":"f.3928B9F74E92C4C93CBD9CDC3C97A8D3.d.7F4B50C0EBCD01584C498AF8D0B6D20B.e.4242"},"setValue",["5/28/25"]]}
COMMAND: POST /session/d6087ce9047b762c9e6b213c278266de/actions - {"actions":[{"id":"action24","type":"key","parameters":{},"actions":[{"type":"keyDown","value":""},{"type":"pause","duration":10},{"type":"keyUp","value":""}]}]}
RESULT: {"actions":[{"id":"action24","type":"key","parameters":{},"actions":[{"type":"keyDown","value":""},{"type":"pause","duration":10},{"type":"keyUp","value":""}]}]}
COMMAND: POST /session/d6087ce9047b762c9e6b213c278266de/actions - {"actions":[{"id":"action25","type":"key","parameters":{},"actions":[{"type":"keyDown","value":""},{"type":"pause","duration":10},{"type":"keyUp","value":""}]}]}
COMMAND: GET /session/d6087ce9047b762c9e6b213c278266de/screenshot - {}
RESULT: {"actions":[{"id":"action25","type":"key","parameters":{},"actions":[{"type":"keyDown","value":""},{"type":"pause","duration":10},{"type":"keyUp","value":""}]}]}
COMMAND: POST /session/d6087ce9047b762c9e6b213c278266de/element - {"using":"xpath","value":"//button[@data-kt=\"ReceivingTableConfirmAllButton\"]"}
COMMAND: GET /session/d6087ce9047b762c9e6b213c278266de/screenshot - {}
RESULT: {}
RESULT: {"using":"xpath","value":"//button[@data-kt=\"ReceivingTableConfirmAllButton\"]"}
COMMAND: POST /session/d6087ce9047b762c9e6b213c278266de/element/f.3928B9F74E92C4C93CBD9CDC3C97A8D3.d.7F4B50C0EBCD01584C498AF8D0B6D20B.e.4259/click - {}
RESULT: {}
RESULT: {}
COMMAND: GET /session/d6087ce9047b762c9e6b213c278266de/screenshot - {}
RESULT: {}
COMMAND: POST /session/d6087ce9047b762c9e6b213c278266de/element - {"using":"xpath","value":"//bdi[contains(text(), \"OK\")]"}
RESULT: {"using":"xpath","value":"//bdi[contains(text(), \"OK\")]"}
COMMAND: POST /session/d6087ce9047b762c9e6b213c278266de/element/f.3928B9F74E92C4C93CBD9CDC3C97A8D3.d.7F4B50C0EBCD01584C498AF8D0B6D20B.e.4262/click - {}
RESULT: {}
COMMAND: GET /session/d6087ce9047b762c9e6b213c278266de/screenshot - {}
RESULT: {}
COMMAND: POST /session/d6087ce9047b762c9e6b213c278266de/element - {"using":"xpath","value":"(//bdi[contains(text(), \"Receive\")])[2]"}
RESULT: {"using":"xpath","value":"(//bdi[contains(text(), \"Receive\")])[2]"}
COMMAND: POST /session/d6087ce9047b762c9e6b213c278266de/element/f.3928B9F74E92C4C93CBD9CDC3C97A8D3.d.7F4B50C0EBCD01584C498AF8D0B6D20B.e.4263/click - {}
RESULT: {}
COMMAND: GET /session/d6087ce9047b762c9e6b213c278266de/screenshot - {}
RESULT: {}
COMMAND: POST /session/d6087ce9047b762c9e6b213c278266de/element - {"using":"css selector","value":"#shell-header-logo"}
RESULT: {"using":"css selector","value":"#shell-header-logo"}
COMMAND: POST /session/d6087ce9047b762c9e6b213c278266de/element/f.3928B9F74E92C4C93CBD9CDC3C97A8D3.d.7F4B50C0EBCD01584C498AF8D0B6D20B.e.3658/click - {}
RESULT: {}
]]></system-out>
    </testcase>
    <testcase classname="chrome.136_0_7103_93.windows.Verify_RU_inventory_split_cost_information_US139363" name="Should navigate to RU inventory and add the resource to the contract" time="82.772">
      <system-out><![CDATA[
COMMAND: POST /session/d6087ce9047b762c9e6b213c278266de/execute/async - {"script":"<script> [1562 bytes]","args":[{"selector":{"controlType":"sap.m.GenericTile","properties":{"header":"RU Inventory List"}},"wdio_ui5_key":"sapm.GenericTile{\"header\":\"RU Inventory List\"}"}]}
COMMAND: GET /session/d6087ce9047b762c9e6b213c278266de/screenshot - {}
RESULT: {"script":"<script> [1562 bytes]","args":[{"selector":{"controlType":"sap.m.GenericTile","properties":{"header":"RU Inventory List"}},"wdio_ui5_key":"sapm.GenericTile{\"header\":\"RU Inventory List\"}"}]}
RESULT: undefined
COMMAND: POST /session/d6087ce9047b762c9e6b213c278266de/element - {"using":"xpath","value":"//*[@id=\"__tile99\"]"}
RESULT: {}
RESULT: {"using":"xpath","value":"//*[@id=\"__tile99\"]"}
COMMAND: POST /session/d6087ce9047b762c9e6b213c278266de/element/f.3928B9F74E92C4C93CBD9CDC3C97A8D3.d.7F4B50C0EBCD01584C498AF8D0B6D20B.e.4409/click - {}
RESULT: {}
COMMAND: GET /session/d6087ce9047b762c9e6b213c278266de/screenshot - {}
RESULT: {}
COMMAND: POST /session/d6087ce9047b762c9e6b213c278266de/elements - {"using":"xpath","value":"//span[text()='Error']"}
RESULT: {"using":"xpath","value":"//span[text()='Error']"}
COMMAND: POST /session/d6087ce9047b762c9e6b213c278266de/execute/async - {"script":"<script> [1562 bytes]","args":[{"selector":{"id":"application-ruinventorylist-display-component---Master--smartFilterBar-btnBasicSearch","interaction":{"idSuffix":"I"}},"wdio_ui5_key":"applicationruinventorylist-display-component---Master--smartFilterBar-btnBasicSearch"}]}
RESULT: {"script":"<script> [1562 bytes]","args":[{"selector":{"id":"application-ruinventorylist-display-component---Master--smartFilterBar-btnBasicSearch","interaction":{"idSuffix":"I"}},"wdio_ui5_key":"applicationruinventorylist-display-component---Master--smartFilterBar-btnBasicSearch"}]}
RESULT: undefined
COMMAND: POST /session/d6087ce9047b762c9e6b213c278266de/execute/async - {"script":"<script> [776 bytes]","args":[{"enterText":"WdIOTestEquip7ozv9","selector":{"id":"application-ruinventorylist-display-component---Master--smartFilterBar-btnBasicSearch","interaction":{"idSuffix":"I"}},"clearTextFirst":true,"interactionType":"ENTER_TEXT"}]}
RESULT: {"script":"<script> [776 bytes]","args":[{"enterText":"WdIOTestEquip7ozv9","selector":{"id":"application-ruinventorylist-display-component---Master--smartFilterBar-btnBasicSearch","interaction":{"idSuffix":"I"}},"clearTextFirst":true,"interactionType":"ENTER_TEXT"}]}
COMMAND: POST /session/d6087ce9047b762c9e6b213c278266de/actions - {"actions":[{"id":"action26","type":"key","parameters":{},"actions":[{"type":"keyDown","value":""},{"type":"pause","duration":10},{"type":"keyUp","value":""}]}]}
RESULT: {"actions":[{"id":"action26","type":"key","parameters":{},"actions":[{"type":"keyDown","value":""},{"type":"pause","duration":10},{"type":"keyUp","value":""}]}]}
COMMAND: GET /session/d6087ce9047b762c9e6b213c278266de/screenshot - {}
RESULT: {}
COMMAND: POST /session/d6087ce9047b762c9e6b213c278266de/execute/async - {"script":"<script> [1562 bytes]","args":[{"selector":{"id":"application-ruinventorylist-display-component---Master--smartTableRuInventoryList-header"},"wdio_ui5_key":"applicationruinventorylist-display-component---Master--smartTableRuInventoryList-header"}]}
RESULT: {"script":"<script> [1562 bytes]","args":[{"selector":{"id":"application-ruinventorylist-display-component---Master--smartTableRuInventoryList-header"},"wdio_ui5_key":"applicationruinventorylist-display-component---Master--smartTableRuInventoryList-header"}]}
RESULT: undefined
COMMAND: POST /session/d6087ce9047b762c9e6b213c278266de/execute/async - {"script":"<script> [6424 bytes]","args":[{"element-6066-11e4-a52e-4f735466cecf":"f.3928B9F74E92C4C93CBD9CDC3C97A8D3.d.7F4B50C0EBCD01584C498AF8D0B6D20B.e.4622"},"getText",[]]}
RESULT: {"script":"<script> [6424 bytes]","args":[{"element-6066-11e4-a52e-4f735466cecf":"f.3928B9F74E92C4C93CBD9CDC3C97A8D3.d.7F4B50C0EBCD01584C498AF8D0B6D20B.e.4622"},"getText",[]]}
COMMAND: POST /session/d6087ce9047b762c9e6b213c278266de/execute/async - {"script":"<script> [1562 bytes]","args":[{"selector":{"id":"application-ruinventorylist-display-component---Master--createContractItemsBtn-img"},"wdio_ui5_key":"applicationruinventorylist-display-component---Master--createContractItemsBtn-img"}]}
RESULT: {"script":"<script> [1562 bytes]","args":[{"selector":{"id":"application-ruinventorylist-display-component---Master--createContractItemsBtn-img"},"wdio_ui5_key":"applicationruinventorylist-display-component---Master--createContractItemsBtn-img"}]}
RESULT: undefined
COMMAND: POST /session/d6087ce9047b762c9e6b213c278266de/element - {"using":"xpath","value":"//*[@id=\"application-ruinventorylist-display-component---Master--createContractItemsBtn-img\"]"}
RESULT: {"using":"xpath","value":"//*[@id=\"application-ruinventorylist-display-component---Master--createContractItemsBtn-img\"]"}
COMMAND: POST /session/d6087ce9047b762c9e6b213c278266de/element/f.3928B9F74E92C4C93CBD9CDC3C97A8D3.d.7F4B50C0EBCD01584C498AF8D0B6D20B.e.4482/click - {}
RESULT: {}
COMMAND: GET /session/d6087ce9047b762c9e6b213c278266de/screenshot - {}
RESULT: {}
COMMAND: POST /session/d6087ce9047b762c9e6b213c278266de/element - {"using":"xpath","value":"//div[contains(@id ,\"application-ruinventorylist-display-component---Master--tableRuInventoryList-sa-CbBg\")]"}
RESULT: {"using":"xpath","value":"//div[contains(@id ,\"application-ruinventorylist-display-component---Master--tableRuInventoryList-sa-CbBg\")]"}
COMMAND: POST /session/d6087ce9047b762c9e6b213c278266de/element/f.3928B9F74E92C4C93CBD9CDC3C97A8D3.d.7F4B50C0EBCD01584C498AF8D0B6D20B.e.4631/click - {}
RESULT: {}
RESULT: undefined
COMMAND: POST /session/d6087ce9047b762c9e6b213c278266de/element - {"using":"xpath","value":"//*[@id=\"application-ruinventorylist-display-component---Master--createContractItemsBtn-img\"]"}
COMMAND: GET /session/d6087ce9047b762c9e6b213c278266de/screenshot - {}
RESULT: {"using":"xpath","value":"//*[@id=\"application-ruinventorylist-display-component---Master--createContractItemsBtn-img\"]"}
COMMAND: POST /session/d6087ce9047b762c9e6b213c278266de/element/f.3928B9F74E92C4C93CBD9CDC3C97A8D3.d.7F4B50C0EBCD01584C498AF8D0B6D20B.e.4482/click - {}
RESULT: {}
RESULT: {}
COMMAND: GET /session/d6087ce9047b762c9e6b213c278266de/screenshot - {}
RESULT: {}
COMMAND: POST /session/d6087ce9047b762c9e6b213c278266de/element - {"using":"xpath","value":"//div[contains(@class ,\"sapMObjStatus sapMObjStatusError sapMObjStatusActive\")]"}
RESULT: {"using":"xpath","value":"//div[contains(@class ,\"sapMObjStatus sapMObjStatusError sapMObjStatusActive\")]"}
COMMAND: POST /session/d6087ce9047b762c9e6b213c278266de/elements - {"using":"xpath","value":"//div[contains(@class ,\"sapMObjStatus sapMObjStatusError sapMObjStatusActive\")]"}
RESULT: {"using":"xpath","value":"//div[contains(@class ,\"sapMObjStatus sapMObjStatusError sapMObjStatusActive\")]"}
COMMAND: POST /session/d6087ce9047b762c9e6b213c278266de/element - {"using":"xpath","value":"//input[contains(@id, \"application-ruinventorylist-display-component---Master--contractCb-inner\")]"}
RESULT: {"using":"xpath","value":"//input[contains(@id, \"application-ruinventorylist-display-component---Master--contractCb-inner\")]"}
COMMAND: POST /session/d6087ce9047b762c9e6b213c278266de/element/f.3928B9F74E92C4C93CBD9CDC3C97A8D3.d.7F4B50C0EBCD01584C498AF8D0B6D20B.e.4634/clear - {}
RESULT: {}
COMMAND: POST /session/d6087ce9047b762c9e6b213c278266de/element/f.3928B9F74E92C4C93CBD9CDC3C97A8D3.d.7F4B50C0EBCD01584C498AF8D0B6D20B.e.4634/value - {"text":"10338"}
COMMAND: GET /session/d6087ce9047b762c9e6b213c278266de/screenshot - {}
RESULT: {"text":"10338"}
COMMAND: GET /session/d6087ce9047b762c9e6b213c278266de/screenshot - {}
RESULT: {}
RESULT: {}
COMMAND: POST /session/d6087ce9047b762c9e6b213c278266de/actions - {"actions":[{"id":"action27","type":"key","parameters":{},"actions":[{"type":"keyDown","value":""},{"type":"pause","duration":10},{"type":"keyUp","value":""}]}]}
RESULT: {"actions":[{"id":"action27","type":"key","parameters":{},"actions":[{"type":"keyDown","value":""},{"type":"pause","duration":10},{"type":"keyUp","value":""}]}]}
COMMAND: GET /session/d6087ce9047b762c9e6b213c278266de/screenshot - {}
RESULT: {}
COMMAND: POST /session/d6087ce9047b762c9e6b213c278266de/actions - {"actions":[{"id":"action28","type":"key","parameters":{},"actions":[{"type":"keyDown","value":""},{"type":"pause","duration":10},{"type":"keyUp","value":""}]}]}
RESULT: {"actions":[{"id":"action28","type":"key","parameters":{},"actions":[{"type":"keyDown","value":""},{"type":"pause","duration":10},{"type":"keyUp","value":""}]}]}
COMMAND: GET /session/d6087ce9047b762c9e6b213c278266de/screenshot - {}
RESULT: {}
COMMAND: POST /session/d6087ce9047b762c9e6b213c278266de/element - {"using":"xpath","value":"//input[contains(@id, \"application-ruinventorylist-display-component---Master--endDate-inner\")]"}
RESULT: {"using":"xpath","value":"//input[contains(@id, \"application-ruinventorylist-display-component---Master--endDate-inner\")]"}
COMMAND: POST /session/d6087ce9047b762c9e6b213c278266de/element/f.3928B9F74E92C4C93CBD9CDC3C97A8D3.d.7F4B50C0EBCD01584C498AF8D0B6D20B.e.4637/clear - {}
RESULT: {}
COMMAND: POST /session/d6087ce9047b762c9e6b213c278266de/element/f.3928B9F74E92C4C93CBD9CDC3C97A8D3.d.7F4B50C0EBCD01584C498AF8D0B6D20B.e.4637/value - {"text":"05/29/25"}
COMMAND: GET /session/d6087ce9047b762c9e6b213c278266de/screenshot - {}
RESULT: {"text":"05/29/25"}
COMMAND: POST /session/d6087ce9047b762c9e6b213c278266de/element - {"using":"xpath","value":"(//div[contains(@data-kt ,\"characteristicsObjectStatus\")])[2]"}
COMMAND: GET /session/d6087ce9047b762c9e6b213c278266de/screenshot - {}
RESULT: {}
RESULT: {"using":"xpath","value":"(//div[contains(@data-kt ,\"characteristicsObjectStatus\")])[2]"}
COMMAND: POST /session/d6087ce9047b762c9e6b213c278266de/element/f.3928B9F74E92C4C93CBD9CDC3C97A8D3.d.7F4B50C0EBCD01584C498AF8D0B6D20B.e.4651/click - {}
RESULT: {}
RESULT: {}
COMMAND: GET /session/d6087ce9047b762c9e6b213c278266de/screenshot - {}
RESULT: {}
COMMAND: POST /session/d6087ce9047b762c9e6b213c278266de/element - {"using":"xpath","value":"//span[contains(@id ,\"application-ruinventorylist-display-component---Master--addSplitCharacteristicsRowButton-img\")]"}
RESULT: {"using":"xpath","value":"//span[contains(@id ,\"application-ruinventorylist-display-component---Master--addSplitCharacteristicsRowButton-img\")]"}
COMMAND: POST /session/d6087ce9047b762c9e6b213c278266de/element/f.3928B9F74E92C4C93CBD9CDC3C97A8D3.d.7F4B50C0EBCD01584C498AF8D0B6D20B.e.4654/click - {}
RESULT: {}
COMMAND: POST /session/d6087ce9047b762c9e6b213c278266de/element - {"using":"xpath","value":"(//input[contains(@id ,\"application-ruinventorylist-display-component---Master--splitCharacteristicsTable-0-inner\")])[1]"}
COMMAND: GET /session/d6087ce9047b762c9e6b213c278266de/screenshot - {}
RESULT: {"using":"xpath","value":"(//input[contains(@id ,\"application-ruinventorylist-display-component---Master--splitCharacteristicsTable-0-inner\")])[1]"}
COMMAND: POST /session/d6087ce9047b762c9e6b213c278266de/element/f.3928B9F74E92C4C93CBD9CDC3C97A8D3.d.7F4B50C0EBCD01584C498AF8D0B6D20B.e.4657/clear - {}
RESULT: {}
RESULT: {}
COMMAND: POST /session/d6087ce9047b762c9e6b213c278266de/element/f.3928B9F74E92C4C93CBD9CDC3C97A8D3.d.7F4B50C0EBCD01584C498AF8D0B6D20B.e.4657/value - {"text":"Cost Center"}
COMMAND: GET /session/d6087ce9047b762c9e6b213c278266de/screenshot - {}
RESULT: {"text":"Cost Center"}
COMMAND: GET /session/d6087ce9047b762c9e6b213c278266de/screenshot - {}
RESULT: {}
RESULT: {}
COMMAND: POST /session/d6087ce9047b762c9e6b213c278266de/actions - {"actions":[{"id":"action29","type":"key","parameters":{},"actions":[{"type":"keyDown","value":""},{"type":"pause","duration":10},{"type":"keyUp","value":""}]}]}
RESULT: {"actions":[{"id":"action29","type":"key","parameters":{},"actions":[{"type":"keyDown","value":""},{"type":"pause","duration":10},{"type":"keyUp","value":""}]}]}
COMMAND: POST /session/d6087ce9047b762c9e6b213c278266de/execute/async - {"script":"<script> [1562 bytes]","args":[{"selector":{"controlType":"sap.ui.core.Icon","viewName":"etm.portal.ui.ruinventorylist.view.Master","viewId":"application-ruinventorylist-display-component---Master","properties":{"src":{"regex":{"source":"value\\-help"}}},"searchOpenDialogs":true,"ancestor":{"controlType":"sap.m.ColumnListItem","viewName":"etm.portal.ui.ruinventorylist.view.Master","viewId":"application-ruinventorylist-display-component---Master","bindingPath":{"modelName":"additionalRequiredFields","path":"/currentCharacteristics/0"},"ancestor":{"id":"application-ruinventorylist-display-component---Master--splitCharacteristicsTable","searchOpenDialogs":true}}},"wdio_ui5_key":"etmportal.ui.ruinventorylist.view.Mastersap.ui.core.Icon{\"src\":{\"regex\":{\"source\":\"value\\\\-help\"}}}{\"controlType\":\"sap.m.ColumnListItem\",\"viewName\":\"etm.portal.ui.ruinventorylist.view.Master\",\"viewId\":\"application-ruinventorylist-display-component---Master\",\"bindingPath\":{\"modelName\":\"additionalRequiredFields\",\"path\":\"/currentCharacteristics/0\"},\"ancestor\":{\"id\":\"application-ruinventorylist-display-component---Master--splitCharacteristicsTable\",\"searchOpenDialogs\":true}}"}]}
COMMAND: GET /session/d6087ce9047b762c9e6b213c278266de/screenshot - {}
RESULT: {"script":"<script> [1562 bytes]","args":[{"selector":{"controlType":"sap.ui.core.Icon","viewName":"etm.portal.ui.ruinventorylist.view.Master","viewId":"application-ruinventorylist-display-component---Master","properties":{"src":{"regex":{"source":"value\\-help"}}},"searchOpenDialogs":true,"ancestor":{"controlType":"sap.m.ColumnListItem","viewName":"etm.portal.ui.ruinventorylist.view.Master","viewId":"application-ruinventorylist-display-component---Master","bindingPath":{"modelName":"additionalRequiredFields","path":"/currentCharacteristics/0"},"ancestor":{"id":"application-ruinventorylist-display-component---Master--splitCharacteristicsTable","searchOpenDialogs":true}}},"wdio_ui5_key":"etmportal.ui.ruinventorylist.view.Mastersap.ui.core.Icon{\"src\":{\"regex\":{\"source\":\"value\\\\-help\"}}}{\"controlType\":\"sap.m.ColumnListItem\",\"viewName\":\"etm.portal.ui.ruinventorylist.view.Master\",\"viewId\":\"application-ruinventorylist-display-component---Master\",\"bindingPath\":{\"modelName\":\"additionalRequiredFields\",\"path\":\"/currentCharacteristics/0\"},\"ancestor\":{\"id\":\"application-ruinventorylist-display-component---Master--splitCharacteristicsTable\",\"searchOpenDialogs\":true}}"}]}
RESULT: undefined
COMMAND: POST /session/d6087ce9047b762c9e6b213c278266de/element - {"using":"xpath","value":"//*[@id=\"__help4-application-ruinventorylist-display-component---Master--splitCharacteristicsTable-0-vhi\"]"}
RESULT: {}
RESULT: {"using":"xpath","value":"//*[@id=\"__help4-application-ruinventorylist-display-component---Master--splitCharacteristicsTable-0-vhi\"]"}
COMMAND: POST /session/d6087ce9047b762c9e6b213c278266de/element/f.3928B9F74E92C4C93CBD9CDC3C97A8D3.d.7F4B50C0EBCD01584C498AF8D0B6D20B.e.4665/click - {}
RESULT: {}
COMMAND: POST /session/d6087ce9047b762c9e6b213c278266de/element - {"using":"xpath","value":"(//input[contains(@aria-label ,\"Search\")])[1]"}
COMMAND: GET /session/d6087ce9047b762c9e6b213c278266de/screenshot - {}
RESULT: {"using":"xpath","value":"(//input[contains(@aria-label ,\"Search\")])[1]"}
COMMAND: POST /session/d6087ce9047b762c9e6b213c278266de/element/f.3928B9F74E92C4C93CBD9CDC3C97A8D3.d.7F4B50C0EBCD01584C498AF8D0B6D20B.e.4667/clear - {}
RESULT: {}
RESULT: {}
COMMAND: POST /session/d6087ce9047b762c9e6b213c278266de/element/f.3928B9F74E92C4C93CBD9CDC3C97A8D3.d.7F4B50C0EBCD01584C498AF8D0B6D20B.e.4667/value - {"text":"10001010"}
COMMAND: GET /session/d6087ce9047b762c9e6b213c278266de/screenshot - {}
RESULT: {"text":"10001010"}
COMMAND: POST /session/d6087ce9047b762c9e6b213c278266de/actions - {"actions":[{"id":"action30","type":"key","parameters":{},"actions":[{"type":"keyDown","value":""},{"type":"pause","duration":10},{"type":"keyUp","value":""}]}]}
COMMAND: GET /session/d6087ce9047b762c9e6b213c278266de/screenshot - {}
RESULT: {}
RESULT: {"actions":[{"id":"action30","type":"key","parameters":{},"actions":[{"type":"keyDown","value":""},{"type":"pause","duration":10},{"type":"keyUp","value":""}]}]}
COMMAND: GET /session/d6087ce9047b762c9e6b213c278266de/screenshot - {}
RESULT: {}
RESULT: {}
COMMAND: POST /session/d6087ce9047b762c9e6b213c278266de/element - {"using":"xpath","value":"(//span[contains(text(), \"Purchasing\")])[1]"}
RESULT: {"using":"xpath","value":"(//span[contains(text(), \"Purchasing\")])[1]"}
COMMAND: POST /session/d6087ce9047b762c9e6b213c278266de/element/f.3928B9F74E92C4C93CBD9CDC3C97A8D3.d.7F4B50C0EBCD01584C498AF8D0B6D20B.e.4704/click - {}
RESULT: {}
COMMAND: GET /session/d6087ce9047b762c9e6b213c278266de/screenshot - {}
RESULT: {}
COMMAND: POST /session/d6087ce9047b762c9e6b213c278266de/element - {"using":"xpath","value":"//span[contains(@id ,\"ok-content\")]"}
RESULT: {"using":"xpath","value":"//span[contains(@id ,\"ok-content\")]"}
COMMAND: POST /session/d6087ce9047b762c9e6b213c278266de/element/f.3928B9F74E92C4C93CBD9CDC3C97A8D3.d.7F4B50C0EBCD01584C498AF8D0B6D20B.e.4705/click - {}
RESULT: {}
COMMAND: GET /session/d6087ce9047b762c9e6b213c278266de/screenshot - {}
RESULT: {}
COMMAND: POST /session/d6087ce9047b762c9e6b213c278266de/element - {"using":"xpath","value":"//bdi[contains(text(), \"Save\")]"}
RESULT: {"using":"xpath","value":"//bdi[contains(text(), \"Save\")]"}
COMMAND: POST /session/d6087ce9047b762c9e6b213c278266de/element/f.3928B9F74E92C4C93CBD9CDC3C97A8D3.d.7F4B50C0EBCD01584C498AF8D0B6D20B.e.4708/click - {}
RESULT: {}
COMMAND: GET /session/d6087ce9047b762c9e6b213c278266de/screenshot - {}
RESULT: {}
COMMAND: POST /session/d6087ce9047b762c9e6b213c278266de/element - {"using":"xpath","value":"//bdi[contains(text(), \"OK\")]"}
RESULT: {"using":"xpath","value":"//bdi[contains(text(), \"OK\")]"}
COMMAND: POST /session/d6087ce9047b762c9e6b213c278266de/element/f.3928B9F74E92C4C93CBD9CDC3C97A8D3.d.7F4B50C0EBCD01584C498AF8D0B6D20B.e.4710/click - {}
RESULT: {}
COMMAND: GET /session/d6087ce9047b762c9e6b213c278266de/screenshot - {}
RESULT: {}
COMMAND: POST /session/d6087ce9047b762c9e6b213c278266de/actions - {"actions":[{"id":"action31","type":"key","parameters":{},"actions":[{"type":"keyDown","value":""},{"type":"pause","duration":10},{"type":"keyUp","value":""}]}]}
RESULT: {"actions":[{"id":"action31","type":"key","parameters":{},"actions":[{"type":"keyDown","value":""},{"type":"pause","duration":10},{"type":"keyUp","value":""}]}]}
COMMAND: GET /session/d6087ce9047b762c9e6b213c278266de/screenshot - {}
RESULT: {}
COMMAND: POST /session/d6087ce9047b762c9e6b213c278266de/execute/async - {"script":"<script> [1562 bytes]","args":[{"selector":{"controlType":"sap.m.Title","viewName":"etm.portal.ui.managecontracts.view.Detail","properties":{"text":"Contract Items (1)"}},"wdio_ui5_key":"etmportal.ui.managecontracts.view.Detailsap.m.Title{\"text\":\"Contract Items (1)\"}"}]}
RESULT: {"script":"<script> [1562 bytes]","args":[{"selector":{"controlType":"sap.m.Title","viewName":"etm.portal.ui.managecontracts.view.Detail","properties":{"text":"Contract Items (1)"}},"wdio_ui5_key":"etmportal.ui.managecontracts.view.Detailsap.m.Title{\"text\":\"Contract Items (1)\"}"}]}
RESULT: undefined
COMMAND: POST /session/d6087ce9047b762c9e6b213c278266de/execute/async - {"script":"<script> [6424 bytes]","args":[{"element-6066-11e4-a52e-4f735466cecf":"f.3928B9F74E92C4C93CBD9CDC3C97A8D3.d.7F4B50C0EBCD01584C498AF8D0B6D20B.e.4960"},"getText",[]]}
RESULT: {"script":"<script> [6424 bytes]","args":[{"element-6066-11e4-a52e-4f735466cecf":"f.3928B9F74E92C4C93CBD9CDC3C97A8D3.d.7F4B50C0EBCD01584C498AF8D0B6D20B.e.4960"},"getText",[]]}
COMMAND: POST /session/d6087ce9047b762c9e6b213c278266de/element - {"using":"xpath","value":"//div[contains(@data-kt ,\"characteristicsObjectStatus\")]"}
RESULT: {"using":"xpath","value":"//div[contains(@data-kt ,\"characteristicsObjectStatus\")]"}
COMMAND: POST /session/d6087ce9047b762c9e6b213c278266de/element/f.3928B9F74E92C4C93CBD9CDC3C97A8D3.d.7F4B50C0EBCD01584C498AF8D0B6D20B.e.4961/click - {}
RESULT: {}
COMMAND: GET /session/d6087ce9047b762c9e6b213c278266de/screenshot - {}
RESULT: {}
COMMAND: POST /session/d6087ce9047b762c9e6b213c278266de/element - {"using":"xpath","value":"(//input[contains(@class ,\"sapMInputBaseInner sapMComboBoxInner\")])[2]"}
RESULT: {"using":"xpath","value":"(//input[contains(@class ,\"sapMInputBaseInner sapMComboBoxInner\")])[2]"}
COMMAND: POST /session/d6087ce9047b762c9e6b213c278266de/elements - {"using":"xpath","value":"(//input[contains(@class ,\"sapMInputBaseInner sapMComboBoxInner\")])[2]"}
RESULT: {"using":"xpath","value":"(//input[contains(@class ,\"sapMInputBaseInner sapMComboBoxInner\")])[2]"}
COMMAND: POST /session/d6087ce9047b762c9e6b213c278266de/elements - {"using":"xpath","value":"(//input[contains(@class ,\"sapMInputBaseInner sapMComboBoxInner\")])[2]"}
RESULT: {"using":"xpath","value":"(//input[contains(@class ,\"sapMInputBaseInner sapMComboBoxInner\")])[2]"}
COMMAND: POST /session/d6087ce9047b762c9e6b213c278266de/elements - {"using":"xpath","value":"(//input[contains(@class ,\"sapMInputBaseInner sapMComboBoxInner\")])[2]"}
RESULT: {"using":"xpath","value":"(//input[contains(@class ,\"sapMInputBaseInner sapMComboBoxInner\")])[2]"}
COMMAND: POST /session/d6087ce9047b762c9e6b213c278266de/elements - {"using":"xpath","value":"(//input[contains(@class ,\"sapMInputBaseInner sapMComboBoxInner\")])[2]"}
RESULT: {"using":"xpath","value":"(//input[contains(@class ,\"sapMInputBaseInner sapMComboBoxInner\")])[2]"}
COMMAND: POST /session/d6087ce9047b762c9e6b213c278266de/element - {"using":"xpath","value":"(//input[contains(@class ,\"sapMInputBaseInner sapMComboBoxInner\")])[2]"}
RESULT: {"using":"xpath","value":"(//input[contains(@class ,\"sapMInputBaseInner sapMComboBoxInner\")])[2]"}
COMMAND: GET /session/d6087ce9047b762c9e6b213c278266de/element/f.3928B9F74E92C4C93CBD9CDC3C97A8D3.d.7F4B50C0EBCD01584C498AF8D0B6D20B.e.4964/property/value - {}
RESULT: {}
COMMAND: POST /session/d6087ce9047b762c9e6b213c278266de/element - {"using":"xpath","value":"//span[contains(text(), \"Input (10001010) 10001010 - Purchasing\")]"}
COMMAND: GET /session/d6087ce9047b762c9e6b213c278266de/screenshot - {}
RESULT: {"using":"xpath","value":"//span[contains(text(), \"Input (10001010) 10001010 - Purchasing\")]"}
COMMAND: POST /session/d6087ce9047b762c9e6b213c278266de/elements - {"using":"xpath","value":"//span[contains(text(), \"Input (10001010) 10001010 - Purchasing\")]"}
RESULT: {}
RESULT: {"using":"xpath","value":"//span[contains(text(), \"Input (10001010) 10001010 - Purchasing\")]"}
COMMAND: POST /session/d6087ce9047b762c9e6b213c278266de/elements - {"using":"xpath","value":"//span[contains(text(), \"Input (10001010) 10001010 - Purchasing\")]"}
RESULT: {"using":"xpath","value":"//span[contains(text(), \"Input (10001010) 10001010 - Purchasing\")]"}
COMMAND: POST /session/d6087ce9047b762c9e6b213c278266de/elements - {"using":"xpath","value":"//span[contains(text(), \"Input (10001010) 10001010 - Purchasing\")]"}
RESULT: {"using":"xpath","value":"//span[contains(text(), \"Input (10001010) 10001010 - Purchasing\")]"}
COMMAND: POST /session/d6087ce9047b762c9e6b213c278266de/elements - {"using":"xpath","value":"//span[contains(text(), \"Input (10001010) 10001010 - Purchasing\")]"}
RESULT: {"using":"xpath","value":"//span[contains(text(), \"Input (10001010) 10001010 - Purchasing\")]"}
COMMAND: POST /session/d6087ce9047b762c9e6b213c278266de/elements - {"using":"xpath","value":"//span[contains(text(), \"Input (10001010) 10001010 - Purchasing\")]"}
RESULT: {"using":"xpath","value":"//span[contains(text(), \"Input (10001010) 10001010 - Purchasing\")]"}
COMMAND: POST /session/d6087ce9047b762c9e6b213c278266de/elements - {"using":"xpath","value":"//span[contains(text(), \"Input (10001010) 10001010 - Purchasing\")]"}
RESULT: {"using":"xpath","value":"//span[contains(text(), \"Input (10001010) 10001010 - Purchasing\")]"}
COMMAND: POST /session/d6087ce9047b762c9e6b213c278266de/elements - {"using":"xpath","value":"//span[contains(text(), \"Input (10001010) 10001010 - Purchasing\")]"}
RESULT: {"using":"xpath","value":"//span[contains(text(), \"Input (10001010) 10001010 - Purchasing\")]"}
COMMAND: POST /session/d6087ce9047b762c9e6b213c278266de/elements - {"using":"xpath","value":"//span[contains(text(), \"Input (10001010) 10001010 - Purchasing\")]"}
RESULT: {"using":"xpath","value":"//span[contains(text(), \"Input (10001010) 10001010 - Purchasing\")]"}
COMMAND: POST /session/d6087ce9047b762c9e6b213c278266de/elements - {"using":"xpath","value":"//span[contains(text(), \"Input (10001010) 10001010 - Purchasing\")]"}
RESULT: {"using":"xpath","value":"//span[contains(text(), \"Input (10001010) 10001010 - Purchasing\")]"}
COMMAND: POST /session/d6087ce9047b762c9e6b213c278266de/elements - {"using":"xpath","value":"//span[contains(text(), \"Input (10001010) 10001010 - Purchasing\")]"}
RESULT: {"using":"xpath","value":"//span[contains(text(), \"Input (10001010) 10001010 - Purchasing\")]"}
COMMAND: POST /session/d6087ce9047b762c9e6b213c278266de/elements - {"using":"xpath","value":"//span[contains(text(), \"Input (10001010) 10001010 - Purchasing\")]"}
RESULT: {"using":"xpath","value":"//span[contains(text(), \"Input (10001010) 10001010 - Purchasing\")]"}
COMMAND: POST /session/d6087ce9047b762c9e6b213c278266de/elements - {"using":"xpath","value":"//span[contains(text(), \"Input (10001010) 10001010 - Purchasing\")]"}
RESULT: {"using":"xpath","value":"//span[contains(text(), \"Input (10001010) 10001010 - Purchasing\")]"}
COMMAND: POST /session/d6087ce9047b762c9e6b213c278266de/elements - {"using":"xpath","value":"//span[contains(text(), \"Input (10001010) 10001010 - Purchasing\")]"}
RESULT: {"using":"xpath","value":"//span[contains(text(), \"Input (10001010) 10001010 - Purchasing\")]"}
COMMAND: POST /session/d6087ce9047b762c9e6b213c278266de/elements - {"using":"xpath","value":"//span[contains(text(), \"Input (10001010) 10001010 - Purchasing\")]"}
RESULT: {"using":"xpath","value":"//span[contains(text(), \"Input (10001010) 10001010 - Purchasing\")]"}
COMMAND: POST /session/d6087ce9047b762c9e6b213c278266de/elements - {"using":"xpath","value":"//span[contains(text(), \"Input (10001010) 10001010 - Purchasing\")]"}
RESULT: {"using":"xpath","value":"//span[contains(text(), \"Input (10001010) 10001010 - Purchasing\")]"}
COMMAND: POST /session/d6087ce9047b762c9e6b213c278266de/elements - {"using":"xpath","value":"//span[contains(text(), \"Input (10001010) 10001010 - Purchasing\")]"}
RESULT: {"using":"xpath","value":"//span[contains(text(), \"Input (10001010) 10001010 - Purchasing\")]"}
COMMAND: POST /session/d6087ce9047b762c9e6b213c278266de/elements - {"using":"xpath","value":"//span[contains(text(), \"Input (10001010) 10001010 - Purchasing\")]"}
RESULT: {"using":"xpath","value":"//span[contains(text(), \"Input (10001010) 10001010 - Purchasing\")]"}
COMMAND: POST /session/d6087ce9047b762c9e6b213c278266de/elements - {"using":"xpath","value":"//span[contains(text(), \"Input (10001010) 10001010 - Purchasing\")]"}
RESULT: {"using":"xpath","value":"//span[contains(text(), \"Input (10001010) 10001010 - Purchasing\")]"}
COMMAND: DELETE /session/d6087ce9047b762c9e6b213c278266de - {}
RESULT: {}
]]></system-out>
    </testcase>
  </testsuite>
</testsuites>