<?xml version="1.0" encoding="UTF-8"?>
<testsuites tests="15" failures="0" errors="0" skipped="0">
  <testsuite timestamp="2025-05-15T17:31:21" time="1372.991" tests="11" failures="0" errors="0" skipped="0">
    <properties>
      <property name="specId" value="0" />
      <property name="suiteName" value="Partner specific tests US150819 US151080 US151654 US151176 US103444 US151078 US151079 US151109 US151174 US151175 US151189" />
      <property name="capabilities" value="chrome.136_0_7103_93.windows" />
      <property name="file" value="file:///D:/a/1/s/test/specs/BTS/manage-partners.spec.js" />
    </properties>
    <testcase classname="chrome.136_0_7103_93.windows.Partner_specific_tests_US150819_US151080_US151654_US151176_US103444_US151078_US151079_US151109_US151174_US151175_US151189" name="Should create a new yard prerequisite" time="129.725">
      <system-out><![CDATA[
COMMAND: POST /session/2c3e5cc3018601d52a1ae1747f5b8299/window/fullscreen - {}
RESULT: {}
COMMAND: POST /session/2c3e5cc3018601d52a1ae1747f5b8299/element - {"using":"xpath","value":"//li[.//span[text()=\"Manage Partners\"]]"}
RESULT: {"using":"xpath","value":"//li[.//span[text()=\"Manage Partners\"]]"}
COMMAND: POST /session/2c3e5cc3018601d52a1ae1747f5b8299/element - {"using":"xpath","value":"//li[.//span[text()=\"Manage Partners\"]]"}
RESULT: {"using":"xpath","value":"//li[.//span[text()=\"Manage Partners\"]]"}
COMMAND: POST /session/2c3e5cc3018601d52a1ae1747f5b8299/element - {"using":"css selector","value":"#shell-header-logo"}
RESULT: {"using":"css selector","value":"#shell-header-logo"}
COMMAND: POST /session/2c3e5cc3018601d52a1ae1747f5b8299/element/f.37FD799F3153CD067689FB9668CC9BBA.d.E0FC923950D9FD454A3D350F62A29311.e.268/click - {}
COMMAND: POST /session/2c3e5cc3018601d52a1ae1747f5b8299/execute/sync - {"script":"<script> [8489 bytes]","args":[{"element-6066-11e4-a52e-4f735466cecf":"f.37FD799F3153CD067689FB9668CC9BBA.d.E0FC923950D9FD454A3D350F62A29311.e.268","ELEMENT":"f.37FD799F3153CD067689FB9668CC9BBA.d.E0FC923950D9FD454A3D350F62A29311.e.268"}]}
RESULT: {"script":"<script> [8489 bytes]","args":[{"element-6066-11e4-a52e-4f735466cecf":"f.37FD799F3153CD067689FB9668CC9BBA.d.E0FC923950D9FD454A3D350F62A29311.e.268","ELEMENT":"f.37FD799F3153CD067689FB9668CC9BBA.d.E0FC923950D9FD454A3D350F62A29311.e.268"}]}
COMMAND: POST /session/2c3e5cc3018601d52a1ae1747f5b8299/execute/sync - {"script":"<script> [5351 bytes]","args":[{"element-6066-11e4-a52e-4f735466cecf":"f.37FD799F3153CD067689FB9668CC9BBA.d.E0FC923950D9FD454A3D350F62A29311.e.268","ELEMENT":"f.37FD799F3153CD067689FB9668CC9BBA.d.E0FC923950D9FD454A3D350F62A29311.e.268"}]}
COMMAND: GET /session/2c3e5cc3018601d52a1ae1747f5b8299/screenshot - {}
RESULT: {}
COMMAND: GET /session/2c3e5cc3018601d52a1ae1747f5b8299/screenshot - {}
RESULT: {"script":"<script> [5351 bytes]","args":[{"element-6066-11e4-a52e-4f735466cecf":"f.37FD799F3153CD067689FB9668CC9BBA.d.E0FC923950D9FD454A3D350F62A29311.e.268","ELEMENT":"f.37FD799F3153CD067689FB9668CC9BBA.d.E0FC923950D9FD454A3D350F62A29311.e.268"}]}
COMMAND: GET /session/2c3e5cc3018601d52a1ae1747f5b8299/screenshot - {}
RESULT: {}
RESULT: {}
RESULT: {}
COMMAND: POST /session/2c3e5cc3018601d52a1ae1747f5b8299/execute/async - {"script":"<script> [1562 bytes]","args":[{"selector":{"controlType":"sap.m.GenericTile","properties":{"header":"Manage Yards"}},"wdio_ui5_key":"sapm.GenericTile{\"header\":\"Manage Yards\"}"}]}
RESULT: {"script":"<script> [1562 bytes]","args":[{"selector":{"controlType":"sap.m.GenericTile","properties":{"header":"Manage Yards"}},"wdio_ui5_key":"sapm.GenericTile{\"header\":\"Manage Yards\"}"}]}
RESULT: undefined
COMMAND: POST /session/2c3e5cc3018601d52a1ae1747f5b8299/element - {"using":"xpath","value":"//*[@id=\"__tile41\"]"}
RESULT: {"using":"xpath","value":"//*[@id=\"__tile41\"]"}
COMMAND: POST /session/2c3e5cc3018601d52a1ae1747f5b8299/element/f.37FD799F3153CD067689FB9668CC9BBA.d.E0FC923950D9FD454A3D350F62A29311.e.164/click - {}
RESULT: {}
COMMAND: GET /session/2c3e5cc3018601d52a1ae1747f5b8299/screenshot - {}
RESULT: {}
COMMAND: POST /session/2c3e5cc3018601d52a1ae1747f5b8299/elements - {"using":"xpath","value":"//span[text()='Error']"}
RESULT: {"using":"xpath","value":"//span[text()='Error']"}
COMMAND: POST /session/2c3e5cc3018601d52a1ae1747f5b8299/element - {"using":"xpath","value":"//button[@data-kt=\"addNewYardOverflowToolbarButton\"]"}
RESULT: {"using":"xpath","value":"//button[@data-kt=\"addNewYardOverflowToolbarButton\"]"}
COMMAND: POST /session/2c3e5cc3018601d52a1ae1747f5b8299/elements - {"using":"xpath","value":"//button[@data-kt=\"addNewYardOverflowToolbarButton\"]"}
RESULT: {"using":"xpath","value":"//button[@data-kt=\"addNewYardOverflowToolbarButton\"]"}
COMMAND: POST /session/2c3e5cc3018601d52a1ae1747f5b8299/elements - {"using":"xpath","value":"//button[@data-kt=\"addNewYardOverflowToolbarButton\"]"}
RESULT: {"using":"xpath","value":"//button[@data-kt=\"addNewYardOverflowToolbarButton\"]"}
COMMAND: POST /session/2c3e5cc3018601d52a1ae1747f5b8299/elements - {"using":"xpath","value":"//button[@data-kt=\"addNewYardOverflowToolbarButton\"]"}
RESULT: {"using":"xpath","value":"//button[@data-kt=\"addNewYardOverflowToolbarButton\"]"}
COMMAND: POST /session/2c3e5cc3018601d52a1ae1747f5b8299/element - {"using":"xpath","value":"//button[@data-kt=\"addNewYardOverflowToolbarButton\"]"}
RESULT: {"using":"xpath","value":"//button[@data-kt=\"addNewYardOverflowToolbarButton\"]"}
COMMAND: POST /session/2c3e5cc3018601d52a1ae1747f5b8299/execute/sync - {"script":"<script> [8489 bytes]","args":[{"element-6066-11e4-a52e-4f735466cecf":"f.37FD799F3153CD067689FB9668CC9BBA.d.E0FC923950D9FD454A3D350F62A29311.e.299","ELEMENT":"f.37FD799F3153CD067689FB9668CC9BBA.d.E0FC923950D9FD454A3D350F62A29311.e.299"}]}
RESULT: {"script":"<script> [8489 bytes]","args":[{"element-6066-11e4-a52e-4f735466cecf":"f.37FD799F3153CD067689FB9668CC9BBA.d.E0FC923950D9FD454A3D350F62A29311.e.299","ELEMENT":"f.37FD799F3153CD067689FB9668CC9BBA.d.E0FC923950D9FD454A3D350F62A29311.e.299"}]}
COMMAND: GET /session/2c3e5cc3018601d52a1ae1747f5b8299/element/f.37FD799F3153CD067689FB9668CC9BBA.d.E0FC923950D9FD454A3D350F62A29311.e.299/enabled - {}
COMMAND: GET /session/2c3e5cc3018601d52a1ae1747f5b8299/screenshot - {}
RESULT: {}
COMMAND: POST /session/2c3e5cc3018601d52a1ae1747f5b8299/execute/sync - {"script":"<script> [8489 bytes]","args":[{"element-6066-11e4-a52e-4f735466cecf":"f.37FD799F3153CD067689FB9668CC9BBA.d.E0FC923950D9FD454A3D350F62A29311.e.299","ELEMENT":"f.37FD799F3153CD067689FB9668CC9BBA.d.E0FC923950D9FD454A3D350F62A29311.e.299"}]}
COMMAND: GET /session/2c3e5cc3018601d52a1ae1747f5b8299/screenshot - {}
RESULT: {}
RESULT: {"script":"<script> [8489 bytes]","args":[{"element-6066-11e4-a52e-4f735466cecf":"f.37FD799F3153CD067689FB9668CC9BBA.d.E0FC923950D9FD454A3D350F62A29311.e.299","ELEMENT":"f.37FD799F3153CD067689FB9668CC9BBA.d.E0FC923950D9FD454A3D350F62A29311.e.299"}]}
COMMAND: POST /session/2c3e5cc3018601d52a1ae1747f5b8299/execute/sync - {"script":"<script> [5351 bytes]","args":[{"element-6066-11e4-a52e-4f735466cecf":"f.37FD799F3153CD067689FB9668CC9BBA.d.E0FC923950D9FD454A3D350F62A29311.e.299","ELEMENT":"f.37FD799F3153CD067689FB9668CC9BBA.d.E0FC923950D9FD454A3D350F62A29311.e.299"}]}
COMMAND: GET /session/2c3e5cc3018601d52a1ae1747f5b8299/screenshot - {}
RESULT: {}
RESULT: {"script":"<script> [5351 bytes]","args":[{"element-6066-11e4-a52e-4f735466cecf":"f.37FD799F3153CD067689FB9668CC9BBA.d.E0FC923950D9FD454A3D350F62A29311.e.299","ELEMENT":"f.37FD799F3153CD067689FB9668CC9BBA.d.E0FC923950D9FD454A3D350F62A29311.e.299"}]}
COMMAND: POST /session/2c3e5cc3018601d52a1ae1747f5b8299/element/f.37FD799F3153CD067689FB9668CC9BBA.d.E0FC923950D9FD454A3D350F62A29311.e.299/click - {}
COMMAND: GET /session/2c3e5cc3018601d52a1ae1747f5b8299/screenshot - {}
RESULT: {}
RESULT: {}
COMMAND: GET /session/2c3e5cc3018601d52a1ae1747f5b8299/screenshot - {}
RESULT: {}
RESULT: {}
COMMAND: POST /session/2c3e5cc3018601d52a1ae1747f5b8299/element - {"using":"xpath","value":"//input[@id=\"application-manageyards-display-component---NewYard--yardId-inner\"]"}
RESULT: {"using":"xpath","value":"//input[@id=\"application-manageyards-display-component---NewYard--yardId-inner\"]"}
COMMAND: POST /session/2c3e5cc3018601d52a1ae1747f5b8299/element - {"using":"xpath","value":"//input[@id=\"application-manageyards-display-component---NewYard--yardId-inner\"]"}
RESULT: {"using":"xpath","value":"//input[@id=\"application-manageyards-display-component---NewYard--yardId-inner\"]"}
COMMAND: POST /session/2c3e5cc3018601d52a1ae1747f5b8299/execute/async - {"script":"<script> [1562 bytes]","args":[{"selector":{"id":"application-manageyards-display-component---NewYard--addressDetailDetailsName1","interaction":{"idSuffix":"inner"}},"wdio_ui5_key":"applicationmanageyards-display-component---NewYard--addressDetailDetailsName1"}]}
RESULT: {"script":"<script> [1562 bytes]","args":[{"selector":{"id":"application-manageyards-display-component---NewYard--addressDetailDetailsName1","interaction":{"idSuffix":"inner"}},"wdio_ui5_key":"applicationmanageyards-display-component---NewYard--addressDetailDetailsName1"}]}
RESULT: undefined
COMMAND: POST /session/2c3e5cc3018601d52a1ae1747f5b8299/execute/async - {"script":"<script> [776 bytes]","args":[{"enterText":"Intracompany Yard wdIO","selector":{"id":"application-manageyards-display-component---NewYard--addressDetailDetailsName1","interaction":{"idSuffix":"inner"}},"clearTextFirst":true,"interactionType":"ENTER_TEXT"}]}
RESULT: {"script":"<script> [776 bytes]","args":[{"enterText":"Intracompany Yard wdIO","selector":{"id":"application-manageyards-display-component---NewYard--addressDetailDetailsName1","interaction":{"idSuffix":"inner"}},"clearTextFirst":true,"interactionType":"ENTER_TEXT"}]}
COMMAND: POST /session/2c3e5cc3018601d52a1ae1747f5b8299/execute/async - {"script":"<script> [1562 bytes]","args":[{"selector":{"id":"application-manageyards-display-component---NewYard--addressDetailDetailsLanguage-arrow"},"wdio_ui5_key":"applicationmanageyards-display-component---NewYard--addressDetailDetailsLanguage-arrow"}]}
RESULT: {"script":"<script> [1562 bytes]","args":[{"selector":{"id":"application-manageyards-display-component---NewYard--addressDetailDetailsLanguage-arrow"},"wdio_ui5_key":"applicationmanageyards-display-component---NewYard--addressDetailDetailsLanguage-arrow"}]}
RESULT: undefined
COMMAND: POST /session/2c3e5cc3018601d52a1ae1747f5b8299/element - {"using":"xpath","value":"//*[@id=\"application-manageyards-display-component---NewYard--addressDetailDetailsLanguage-arrow\"]"}
RESULT: {"using":"xpath","value":"//*[@id=\"application-manageyards-display-component---NewYard--addressDetailDetailsLanguage-arrow\"]"}
COMMAND: POST /session/2c3e5cc3018601d52a1ae1747f5b8299/element/f.37FD799F3153CD067689FB9668CC9BBA.d.E0FC923950D9FD454A3D350F62A29311.e.735/click - {}
RESULT: {}
COMMAND: POST /session/2c3e5cc3018601d52a1ae1747f5b8299/element - {"using":"xpath","value":"//span[contains(text(), \"English\")]"}
COMMAND: GET /session/2c3e5cc3018601d52a1ae1747f5b8299/screenshot - {}
RESULT: {"using":"xpath","value":"//span[contains(text(), \"English\")]"}
COMMAND: POST /session/2c3e5cc3018601d52a1ae1747f5b8299/element/f.37FD799F3153CD067689FB9668CC9BBA.d.E0FC923950D9FD454A3D350F62A29311.e.736/click - {}
RESULT: {}
RESULT: {}
COMMAND: POST /session/2c3e5cc3018601d52a1ae1747f5b8299/execute/async - {"script":"<script> [1562 bytes]","args":[{"selector":{"id":"application-manageyards-display-component---NewYard--addressDetailDetailsCity1","interaction":{"idSuffix":"inner"}},"wdio_ui5_key":"applicationmanageyards-display-component---NewYard--addressDetailDetailsCity1"}]}
COMMAND: GET /session/2c3e5cc3018601d52a1ae1747f5b8299/screenshot - {}
RESULT: {"script":"<script> [1562 bytes]","args":[{"selector":{"id":"application-manageyards-display-component---NewYard--addressDetailDetailsCity1","interaction":{"idSuffix":"inner"}},"wdio_ui5_key":"applicationmanageyards-display-component---NewYard--addressDetailDetailsCity1"}]}
RESULT: undefined
COMMAND: POST /session/2c3e5cc3018601d52a1ae1747f5b8299/execute/async - {"script":"<script> [776 bytes]","args":[{"enterText":"Rosario","selector":{"id":"application-manageyards-display-component---NewYard--addressDetailDetailsCity1","interaction":{"idSuffix":"inner"}},"clearTextFirst":true,"interactionType":"ENTER_TEXT"}]}
RESULT: {}
RESULT: {"script":"<script> [776 bytes]","args":[{"enterText":"Rosario","selector":{"id":"application-manageyards-display-component---NewYard--addressDetailDetailsCity1","interaction":{"idSuffix":"inner"}},"clearTextFirst":true,"interactionType":"ENTER_TEXT"}]}
COMMAND: POST /session/2c3e5cc3018601d52a1ae1747f5b8299/execute/async - {"script":"<script> [1562 bytes]","args":[{"selector":{"id":"application-manageyards-display-component---NewYard--addressDetailDetailsCountry-arrow"},"wdio_ui5_key":"applicationmanageyards-display-component---NewYard--addressDetailDetailsCountry-arrow"}]}
RESULT: {"script":"<script> [1562 bytes]","args":[{"selector":{"id":"application-manageyards-display-component---NewYard--addressDetailDetailsCountry-arrow"},"wdio_ui5_key":"applicationmanageyards-display-component---NewYard--addressDetailDetailsCountry-arrow"}]}
RESULT: undefined
COMMAND: POST /session/2c3e5cc3018601d52a1ae1747f5b8299/element - {"using":"xpath","value":"//*[@id=\"application-manageyards-display-component---NewYard--addressDetailDetailsCountry-arrow\"]"}
RESULT: {"using":"xpath","value":"//*[@id=\"application-manageyards-display-component---NewYard--addressDetailDetailsCountry-arrow\"]"}
COMMAND: POST /session/2c3e5cc3018601d52a1ae1747f5b8299/element/f.37FD799F3153CD067689FB9668CC9BBA.d.E0FC923950D9FD454A3D350F62A29311.e.738/click - {}
RESULT: {}
COMMAND: POST /session/2c3e5cc3018601d52a1ae1747f5b8299/element - {"using":"xpath","value":"//span[contains(text(), \"Argentina\")]"}
COMMAND: GET /session/2c3e5cc3018601d52a1ae1747f5b8299/screenshot - {}
RESULT: {"using":"xpath","value":"//span[contains(text(), \"Argentina\")]"}
COMMAND: POST /session/2c3e5cc3018601d52a1ae1747f5b8299/element/f.37FD799F3153CD067689FB9668CC9BBA.d.E0FC923950D9FD454A3D350F62A29311.e.740/click - {}
RESULT: {}
RESULT: {}
COMMAND: POST /session/2c3e5cc3018601d52a1ae1747f5b8299/execute/async - {"script":"<script> [1562 bytes]","args":[{"selector":{"id":"application-manageyards-display-component---NewYard--addressEditDetailsCostObjectCstType-arrow"},"wdio_ui5_key":"applicationmanageyards-display-component---NewYard--addressEditDetailsCostObjectCstType-arrow"}]}
COMMAND: GET /session/2c3e5cc3018601d52a1ae1747f5b8299/screenshot - {}
RESULT: {"script":"<script> [1562 bytes]","args":[{"selector":{"id":"application-manageyards-display-component---NewYard--addressEditDetailsCostObjectCstType-arrow"},"wdio_ui5_key":"applicationmanageyards-display-component---NewYard--addressEditDetailsCostObjectCstType-arrow"}]}
RESULT: undefined
COMMAND: POST /session/2c3e5cc3018601d52a1ae1747f5b8299/element - {"using":"xpath","value":"//*[@id=\"application-manageyards-display-component---NewYard--addressEditDetailsCostObjectCstType-arrow\"]"}
RESULT: {}
RESULT: {"using":"xpath","value":"//*[@id=\"application-manageyards-display-component---NewYard--addressEditDetailsCostObjectCstType-arrow\"]"}
COMMAND: POST /session/2c3e5cc3018601d52a1ae1747f5b8299/element/f.37FD799F3153CD067689FB9668CC9BBA.d.E0FC923950D9FD454A3D350F62A29311.e.741/click - {}
RESULT: {}
COMMAND: POST /session/2c3e5cc3018601d52a1ae1747f5b8299/element - {"using":"xpath","value":"//span[contains(text(), \"Cost Center\")]"}
COMMAND: GET /session/2c3e5cc3018601d52a1ae1747f5b8299/screenshot - {}
RESULT: {"using":"xpath","value":"//span[contains(text(), \"Cost Center\")]"}
COMMAND: POST /session/2c3e5cc3018601d52a1ae1747f5b8299/element/f.37FD799F3153CD067689FB9668CC9BBA.d.E0FC923950D9FD454A3D350F62A29311.e.742/click - {}
RESULT: {}
RESULT: {}
COMMAND: GET /session/2c3e5cc3018601d52a1ae1747f5b8299/screenshot - {}
RESULT: {}
COMMAND: POST /session/2c3e5cc3018601d52a1ae1747f5b8299/element - {"using":"xpath","value":"//span[@id=\"application-manageyards-display-component---NewYard--addressNewCostObjectCstID-vhi\"]"}
RESULT: {"using":"xpath","value":"//span[@id=\"application-manageyards-display-component---NewYard--addressNewCostObjectCstID-vhi\"]"}
COMMAND: POST /session/2c3e5cc3018601d52a1ae1747f5b8299/execute/sync - {"script":"<script> [8489 bytes]","args":[{"element-6066-11e4-a52e-4f735466cecf":"f.37FD799F3153CD067689FB9668CC9BBA.d.E0FC923950D9FD454A3D350F62A29311.e.746","ELEMENT":"f.37FD799F3153CD067689FB9668CC9BBA.d.E0FC923950D9FD454A3D350F62A29311.e.746"}]}
RESULT: {"script":"<script> [8489 bytes]","args":[{"element-6066-11e4-a52e-4f735466cecf":"f.37FD799F3153CD067689FB9668CC9BBA.d.E0FC923950D9FD454A3D350F62A29311.e.746","ELEMENT":"f.37FD799F3153CD067689FB9668CC9BBA.d.E0FC923950D9FD454A3D350F62A29311.e.746"}]}
COMMAND: POST /session/2c3e5cc3018601d52a1ae1747f5b8299/execute/async - {"script":"<script> [1562 bytes]","args":[{"selector":{"id":"application-manageyards-display-component---NewYard--addressNewCostObjectCstID-vhi"},"wdio_ui5_key":"applicationmanageyards-display-component---NewYard--addressNewCostObjectCstID-vhi"}]}
COMMAND: GET /session/2c3e5cc3018601d52a1ae1747f5b8299/screenshot - {}
RESULT: {"script":"<script> [1562 bytes]","args":[{"selector":{"id":"application-manageyards-display-component---NewYard--addressNewCostObjectCstID-vhi"},"wdio_ui5_key":"applicationmanageyards-display-component---NewYard--addressNewCostObjectCstID-vhi"}]}
RESULT: undefined
COMMAND: POST /session/2c3e5cc3018601d52a1ae1747f5b8299/element - {"using":"xpath","value":"//*[@id=\"application-manageyards-display-component---NewYard--addressNewCostObjectCstID-vhi\"]"}
RESULT: {}
RESULT: {"using":"xpath","value":"//*[@id=\"application-manageyards-display-component---NewYard--addressNewCostObjectCstID-vhi\"]"}
COMMAND: POST /session/2c3e5cc3018601d52a1ae1747f5b8299/element/f.37FD799F3153CD067689FB9668CC9BBA.d.E0FC923950D9FD454A3D350F62A29311.e.746/click - {}
RESULT: {}
COMMAND: GET /session/2c3e5cc3018601d52a1ae1747f5b8299/screenshot - {}
RESULT: {}
COMMAND: POST /session/2c3e5cc3018601d52a1ae1747f5b8299/execute/async - {"script":"<script> [1562 bytes]","args":[{"selector":{"controlType":"sap.m.SearchField","properties":{"placeholder":"Search"},"searchOpenDialogs":true,"interaction":{"idSuffix":"I"}},"wdio_ui5_key":"sapm.SearchField{\"placeholder\":\"Search\"}"}]}
RESULT: {"script":"<script> [1562 bytes]","args":[{"selector":{"controlType":"sap.m.SearchField","properties":{"placeholder":"Search"},"searchOpenDialogs":true,"interaction":{"idSuffix":"I"}},"wdio_ui5_key":"sapm.SearchField{\"placeholder\":\"Search\"}"}]}
RESULT: undefined
COMMAND: POST /session/2c3e5cc3018601d52a1ae1747f5b8299/execute/async - {"script":"<script> [776 bytes]","args":[{"enterText":"bauh_b","selector":{"controlType":"sap.m.SearchField","properties":{"placeholder":"Search"},"searchOpenDialogs":true,"interaction":{"idSuffix":"I"}},"clearTextFirst":true,"interactionType":"ENTER_TEXT"}]}
RESULT: {"script":"<script> [776 bytes]","args":[{"enterText":"bauh_b","selector":{"controlType":"sap.m.SearchField","properties":{"placeholder":"Search"},"searchOpenDialogs":true,"interaction":{"idSuffix":"I"}},"clearTextFirst":true,"interactionType":"ENTER_TEXT"}]}
COMMAND: POST /session/2c3e5cc3018601d52a1ae1747f5b8299/actions - {"actions":[{"id":"action1","type":"key","parameters":{},"actions":[{"type":"keyDown","value":"î€‡"},{"type":"pause","duration":10},{"type":"keyUp","value":"î€‡"}]}]}
RESULT: {"actions":[{"id":"action1","type":"key","parameters":{},"actions":[{"type":"keyDown","value":"î€‡"},{"type":"pause","duration":10},{"type":"keyUp","value":"î€‡"}]}]}
COMMAND: GET /session/2c3e5cc3018601d52a1ae1747f5b8299/screenshot - {}
RESULT: {}
COMMAND: POST /session/2c3e5cc3018601d52a1ae1747f5b8299/element - {"using":"xpath","value":"//span[contains(text(), \"Demo Yard\")]"}
RESULT: {"using":"xpath","value":"//span[contains(text(), \"Demo Yard\")]"}
COMMAND: POST /session/2c3e5cc3018601d52a1ae1747f5b8299/element/f.37FD799F3153CD067689FB9668CC9BBA.d.E0FC923950D9FD454A3D350F62A29311.e.786/click - {}
RESULT: {}
COMMAND: GET /session/2c3e5cc3018601d52a1ae1747f5b8299/screenshot - {}
RESULT: {}
COMMAND: POST /session/2c3e5cc3018601d52a1ae1747f5b8299/element - {"using":"xpath","value":"//bdi[contains(text(), \"OK\")]"}
RESULT: {"using":"xpath","value":"//bdi[contains(text(), \"OK\")]"}
COMMAND: POST /session/2c3e5cc3018601d52a1ae1747f5b8299/element/f.37FD799F3153CD067689FB9668CC9BBA.d.E0FC923950D9FD454A3D350F62A29311.e.787/click - {}
RESULT: {}
COMMAND: GET /session/2c3e5cc3018601d52a1ae1747f5b8299/screenshot - {}
RESULT: {}
COMMAND: POST /session/2c3e5cc3018601d52a1ae1747f5b8299/execute/async - {"script":"<script> [1562 bytes]","args":[{"selector":{"id":"application-manageyards-display-component---NewYard--addressEditDetailsCurrency-arrow"},"wdio_ui5_key":"applicationmanageyards-display-component---NewYard--addressEditDetailsCurrency-arrow"}]}
RESULT: {"script":"<script> [1562 bytes]","args":[{"selector":{"id":"application-manageyards-display-component---NewYard--addressEditDetailsCurrency-arrow"},"wdio_ui5_key":"applicationmanageyards-display-component---NewYard--addressEditDetailsCurrency-arrow"}]}
RESULT: undefined
COMMAND: POST /session/2c3e5cc3018601d52a1ae1747f5b8299/element - {"using":"xpath","value":"//*[@id=\"application-manageyards-display-component---NewYard--addressEditDetailsCurrency-arrow\"]"}
RESULT: {"using":"xpath","value":"//*[@id=\"application-manageyards-display-component---NewYard--addressEditDetailsCurrency-arrow\"]"}
COMMAND: POST /session/2c3e5cc3018601d52a1ae1747f5b8299/element/f.37FD799F3153CD067689FB9668CC9BBA.d.E0FC923950D9FD454A3D350F62A29311.e.790/click - {}
RESULT: {}
COMMAND: POST /session/2c3e5cc3018601d52a1ae1747f5b8299/element - {"using":"xpath","value":"//span[contains(text(), \"Euro\")]"}
COMMAND: GET /session/2c3e5cc3018601d52a1ae1747f5b8299/screenshot - {}
RESULT: {"using":"xpath","value":"//span[contains(text(), \"Euro\")]"}
COMMAND: POST /session/2c3e5cc3018601d52a1ae1747f5b8299/element/f.37FD799F3153CD067689FB9668CC9BBA.d.E0FC923950D9FD454A3D350F62A29311.e.791/click - {}
RESULT: {}
RESULT: {}
COMMAND: POST /session/2c3e5cc3018601d52a1ae1747f5b8299/execute/async - {"script":"<script> [1562 bytes]","args":[{"selector":{"controlType":"sap.m.Input","viewName":"etm.portal.ui.manageyards.view.New","viewId":"application-manageyards-display-component---NewYard","bindingPath":{"path":"","propertyPath":"/CONTROLLING_AREA","modelName":"NewYardModel"},"interaction":{"idSuffix":"inner"}},"wdio_ui5_key":"etmportal.ui.manageyards.view.Newsap.m.Input{\"path\":\"\",\"propertyPath\":\"/CONTROLLING_AREA\",\"modelName\":\"NewYardModel\"}"}]}
COMMAND: GET /session/2c3e5cc3018601d52a1ae1747f5b8299/screenshot - {}
RESULT: {"script":"<script> [1562 bytes]","args":[{"selector":{"controlType":"sap.m.Input","viewName":"etm.portal.ui.manageyards.view.New","viewId":"application-manageyards-display-component---NewYard","bindingPath":{"path":"","propertyPath":"/CONTROLLING_AREA","modelName":"NewYardModel"},"interaction":{"idSuffix":"inner"}},"wdio_ui5_key":"etmportal.ui.manageyards.view.Newsap.m.Input{\"path\":\"\",\"propertyPath\":\"/CONTROLLING_AREA\",\"modelName\":\"NewYardModel\"}"}]}
RESULT: undefined
COMMAND: POST /session/2c3e5cc3018601d52a1ae1747f5b8299/execute/async - {"script":"<script> [776 bytes]","args":[{"enterText":"Z001","selector":{"controlType":"sap.m.Input","viewName":"etm.portal.ui.manageyards.view.New","viewId":"application-manageyards-display-component---NewYard","bindingPath":{"path":"","propertyPath":"/CONTROLLING_AREA","modelName":"NewYardModel"},"interaction":{"idSuffix":"inner"}},"clearTextFirst":true,"interactionType":"ENTER_TEXT"}]}
RESULT: {}
RESULT: {"script":"<script> [776 bytes]","args":[{"enterText":"Z001","selector":{"controlType":"sap.m.Input","viewName":"etm.portal.ui.manageyards.view.New","viewId":"application-manageyards-display-component---NewYard","bindingPath":{"path":"","propertyPath":"/CONTROLLING_AREA","modelName":"NewYardModel"},"interaction":{"idSuffix":"inner"}},"clearTextFirst":true,"interactionType":"ENTER_TEXT"}]}
COMMAND: POST /session/2c3e5cc3018601d52a1ae1747f5b8299/execute/async - {"script":"<script> [1562 bytes]","args":[{"selector":{"id":"application-manageyards-display-component---NewYard--companyCodeComboBox","interaction":{"idSuffix":"inner"}},"wdio_ui5_key":"applicationmanageyards-display-component---NewYard--companyCodeComboBox"}]}
RESULT: {"script":"<script> [1562 bytes]","args":[{"selector":{"id":"application-manageyards-display-component---NewYard--companyCodeComboBox","interaction":{"idSuffix":"inner"}},"wdio_ui5_key":"applicationmanageyards-display-component---NewYard--companyCodeComboBox"}]}
RESULT: undefined
COMMAND: POST /session/2c3e5cc3018601d52a1ae1747f5b8299/execute/async - {"script":"<script> [776 bytes]","args":[{"enterText":"1000","selector":{"id":"application-manageyards-display-component---NewYard--companyCodeComboBox","interaction":{"idSuffix":"inner"}},"clearTextFirst":true,"interactionType":"ENTER_TEXT"}]}
RESULT: {"script":"<script> [776 bytes]","args":[{"enterText":"1000","selector":{"id":"application-manageyards-display-component---NewYard--companyCodeComboBox","interaction":{"idSuffix":"inner"}},"clearTextFirst":true,"interactionType":"ENTER_TEXT"}]}
COMMAND: POST /session/2c3e5cc3018601d52a1ae1747f5b8299/execute/async - {"script":"<script> [1562 bytes]","args":[{"selector":{"controlType":"sap.m.Input","viewName":"etm.portal.ui.manageyards.view.New","viewId":"application-manageyards-display-component---NewYard","bindingPath":{"path":"","propertyPath":"/PLANT","modelName":"NewYardModel"},"interaction":{"idSuffix":"inner"}},"wdio_ui5_key":"etmportal.ui.manageyards.view.Newsap.m.Input{\"path\":\"\",\"propertyPath\":\"/PLANT\",\"modelName\":\"NewYardModel\"}"}]}
RESULT: {"script":"<script> [1562 bytes]","args":[{"selector":{"controlType":"sap.m.Input","viewName":"etm.portal.ui.manageyards.view.New","viewId":"application-manageyards-display-component---NewYard","bindingPath":{"path":"","propertyPath":"/PLANT","modelName":"NewYardModel"},"interaction":{"idSuffix":"inner"}},"wdio_ui5_key":"etmportal.ui.manageyards.view.Newsap.m.Input{\"path\":\"\",\"propertyPath\":\"/PLANT\",\"modelName\":\"NewYardModel\"}"}]}
RESULT: undefined
COMMAND: POST /session/2c3e5cc3018601d52a1ae1747f5b8299/execute/async - {"script":"<script> [776 bytes]","args":[{"enterText":"1001","selector":{"controlType":"sap.m.Input","viewName":"etm.portal.ui.manageyards.view.New","viewId":"application-manageyards-display-component---NewYard","bindingPath":{"path":"","propertyPath":"/PLANT","modelName":"NewYardModel"},"interaction":{"idSuffix":"inner"}},"clearTextFirst":true,"interactionType":"ENTER_TEXT"}]}
RESULT: {"script":"<script> [776 bytes]","args":[{"enterText":"1001","selector":{"controlType":"sap.m.Input","viewName":"etm.portal.ui.manageyards.view.New","viewId":"application-manageyards-display-component---NewYard","bindingPath":{"path":"","propertyPath":"/PLANT","modelName":"NewYardModel"},"interaction":{"idSuffix":"inner"}},"clearTextFirst":true,"interactionType":"ENTER_TEXT"}]}
COMMAND: POST /session/2c3e5cc3018601d52a1ae1747f5b8299/execute/async - {"script":"<script> [1562 bytes]","args":[{"selector":{"controlType":"sap.m.Input","viewName":"etm.portal.ui.manageyards.view.New","viewId":"application-manageyards-display-component---NewYard","bindingPath":{"path":"","propertyPath":"/SALES_AREA_VKORG","modelName":"NewYardModel"},"interaction":{"idSuffix":"inner"}},"wdio_ui5_key":"etmportal.ui.manageyards.view.Newsap.m.Input{\"path\":\"\",\"propertyPath\":\"/SALES_AREA_VKORG\",\"modelName\":\"NewYardModel\"}"}]}
RESULT: {"script":"<script> [1562 bytes]","args":[{"selector":{"controlType":"sap.m.Input","viewName":"etm.portal.ui.manageyards.view.New","viewId":"application-manageyards-display-component---NewYard","bindingPath":{"path":"","propertyPath":"/SALES_AREA_VKORG","modelName":"NewYardModel"},"interaction":{"idSuffix":"inner"}},"wdio_ui5_key":"etmportal.ui.manageyards.view.Newsap.m.Input{\"path\":\"\",\"propertyPath\":\"/SALES_AREA_VKORG\",\"modelName\":\"NewYardModel\"}"}]}
RESULT: undefined
COMMAND: POST /session/2c3e5cc3018601d52a1ae1747f5b8299/execute/async - {"script":"<script> [776 bytes]","args":[{"enterText":"C002","selector":{"controlType":"sap.m.Input","viewName":"etm.portal.ui.manageyards.view.New","viewId":"application-manageyards-display-component---NewYard","bindingPath":{"path":"","propertyPath":"/SALES_AREA_VKORG","modelName":"NewYardModel"},"interaction":{"idSuffix":"inner"}},"clearTextFirst":true,"interactionType":"ENTER_TEXT"}]}
RESULT: {"script":"<script> [776 bytes]","args":[{"enterText":"C002","selector":{"controlType":"sap.m.Input","viewName":"etm.portal.ui.manageyards.view.New","viewId":"application-manageyards-display-component---NewYard","bindingPath":{"path":"","propertyPath":"/SALES_AREA_VKORG","modelName":"NewYardModel"},"interaction":{"idSuffix":"inner"}},"clearTextFirst":true,"interactionType":"ENTER_TEXT"}]}
COMMAND: POST /session/2c3e5cc3018601d52a1ae1747f5b8299/execute/async - {"script":"<script> [1562 bytes]","args":[{"selector":{"controlType":"sap.m.Input","viewName":"etm.portal.ui.manageyards.view.New","viewId":"application-manageyards-display-component---NewYard","bindingPath":{"path":"","propertyPath":"/SALES_AREA_VTWEG","modelName":"NewYardModel"},"interaction":{"idSuffix":"inner"}},"wdio_ui5_key":"etmportal.ui.manageyards.view.Newsap.m.Input{\"path\":\"\",\"propertyPath\":\"/SALES_AREA_VTWEG\",\"modelName\":\"NewYardModel\"}"}]}
RESULT: {"script":"<script> [1562 bytes]","args":[{"selector":{"controlType":"sap.m.Input","viewName":"etm.portal.ui.manageyards.view.New","viewId":"application-manageyards-display-component---NewYard","bindingPath":{"path":"","propertyPath":"/SALES_AREA_VTWEG","modelName":"NewYardModel"},"interaction":{"idSuffix":"inner"}},"wdio_ui5_key":"etmportal.ui.manageyards.view.Newsap.m.Input{\"path\":\"\",\"propertyPath\":\"/SALES_AREA_VTWEG\",\"modelName\":\"NewYardModel\"}"}]}
RESULT: undefined
COMMAND: POST /session/2c3e5cc3018601d52a1ae1747f5b8299/execute/async - {"script":"<script> [776 bytes]","args":[{"enterText":"C2","selector":{"controlType":"sap.m.Input","viewName":"etm.portal.ui.manageyards.view.New","viewId":"application-manageyards-display-component---NewYard","bindingPath":{"path":"","propertyPath":"/SALES_AREA_VTWEG","modelName":"NewYardModel"},"interaction":{"idSuffix":"inner"}},"clearTextFirst":true,"interactionType":"ENTER_TEXT"}]}
RESULT: {"script":"<script> [776 bytes]","args":[{"enterText":"C2","selector":{"controlType":"sap.m.Input","viewName":"etm.portal.ui.manageyards.view.New","viewId":"application-manageyards-display-component---NewYard","bindingPath":{"path":"","propertyPath":"/SALES_AREA_VTWEG","modelName":"NewYardModel"},"interaction":{"idSuffix":"inner"}},"clearTextFirst":true,"interactionType":"ENTER_TEXT"}]}
COMMAND: POST /session/2c3e5cc3018601d52a1ae1747f5b8299/execute/async - {"script":"<script> [1562 bytes]","args":[{"selector":{"controlType":"sap.m.Input","viewName":"etm.portal.ui.manageyards.view.New","viewId":"application-manageyards-display-component---NewYard","bindingPath":{"path":"","propertyPath":"/SALES_AREA_SPART","modelName":"NewYardModel"},"interaction":{"idSuffix":"inner"}},"wdio_ui5_key":"etmportal.ui.manageyards.view.Newsap.m.Input{\"path\":\"\",\"propertyPath\":\"/SALES_AREA_SPART\",\"modelName\":\"NewYardModel\"}"}]}
RESULT: {"script":"<script> [1562 bytes]","args":[{"selector":{"controlType":"sap.m.Input","viewName":"etm.portal.ui.manageyards.view.New","viewId":"application-manageyards-display-component---NewYard","bindingPath":{"path":"","propertyPath":"/SALES_AREA_SPART","modelName":"NewYardModel"},"interaction":{"idSuffix":"inner"}},"wdio_ui5_key":"etmportal.ui.manageyards.view.Newsap.m.Input{\"path\":\"\",\"propertyPath\":\"/SALES_AREA_SPART\",\"modelName\":\"NewYardModel\"}"}]}
RESULT: undefined
COMMAND: POST /session/2c3e5cc3018601d52a1ae1747f5b8299/execute/async - {"script":"<script> [776 bytes]","args":[{"enterText":"C2","selector":{"controlType":"sap.m.Input","viewName":"etm.portal.ui.manageyards.view.New","viewId":"application-manageyards-display-component---NewYard","bindingPath":{"path":"","propertyPath":"/SALES_AREA_SPART","modelName":"NewYardModel"},"interaction":{"idSuffix":"inner"}},"clearTextFirst":true,"interactionType":"ENTER_TEXT"}]}
RESULT: {"script":"<script> [776 bytes]","args":[{"enterText":"C2","selector":{"controlType":"sap.m.Input","viewName":"etm.portal.ui.manageyards.view.New","viewId":"application-manageyards-display-component---NewYard","bindingPath":{"path":"","propertyPath":"/SALES_AREA_SPART","modelName":"NewYardModel"},"interaction":{"idSuffix":"inner"}},"clearTextFirst":true,"interactionType":"ENTER_TEXT"}]}
COMMAND: POST /session/2c3e5cc3018601d52a1ae1747f5b8299/execute/async - {"script":"<script> [1562 bytes]","args":[{"selector":{"controlType":"sap.m.Input","viewName":"etm.portal.ui.manageyards.view.New","viewId":"application-manageyards-display-component---NewYard","bindingPath":{"path":"","propertyPath":"/SHIP_POINT","modelName":"NewYardModel"},"interaction":{"idSuffix":"inner"}},"wdio_ui5_key":"etmportal.ui.manageyards.view.Newsap.m.Input{\"path\":\"\",\"propertyPath\":\"/SHIP_POINT\",\"modelName\":\"NewYardModel\"}"}]}
RESULT: {"script":"<script> [1562 bytes]","args":[{"selector":{"controlType":"sap.m.Input","viewName":"etm.portal.ui.manageyards.view.New","viewId":"application-manageyards-display-component---NewYard","bindingPath":{"path":"","propertyPath":"/SHIP_POINT","modelName":"NewYardModel"},"interaction":{"idSuffix":"inner"}},"wdio_ui5_key":"etmportal.ui.manageyards.view.Newsap.m.Input{\"path\":\"\",\"propertyPath\":\"/SHIP_POINT\",\"modelName\":\"NewYardModel\"}"}]}
RESULT: undefined
COMMAND: POST /session/2c3e5cc3018601d52a1ae1747f5b8299/execute/async - {"script":"<script> [776 bytes]","args":[{"enterText":"1710","selector":{"controlType":"sap.m.Input","viewName":"etm.portal.ui.manageyards.view.New","viewId":"application-manageyards-display-component---NewYard","bindingPath":{"path":"","propertyPath":"/SHIP_POINT","modelName":"NewYardModel"},"interaction":{"idSuffix":"inner"}},"clearTextFirst":true,"interactionType":"ENTER_TEXT"}]}
RESULT: {"script":"<script> [776 bytes]","args":[{"enterText":"1710","selector":{"controlType":"sap.m.Input","viewName":"etm.portal.ui.manageyards.view.New","viewId":"application-manageyards-display-component---NewYard","bindingPath":{"path":"","propertyPath":"/SHIP_POINT","modelName":"NewYardModel"},"interaction":{"idSuffix":"inner"}},"clearTextFirst":true,"interactionType":"ENTER_TEXT"}]}
COMMAND: POST /session/2c3e5cc3018601d52a1ae1747f5b8299/execute/async - {"script":"<script> [1562 bytes]","args":[{"selector":{"controlType":"sap.m.Input","viewName":"etm.portal.ui.manageyards.view.New","viewId":"application-manageyards-display-component---NewYard","bindingPath":{"path":"","propertyPath":"/DELIVERY_TYPE","modelName":"NewYardModel"},"interaction":{"idSuffix":"inner"}},"wdio_ui5_key":"etmportal.ui.manageyards.view.Newsap.m.Input{\"path\":\"\",\"propertyPath\":\"/DELIVERY_TYPE\",\"modelName\":\"NewYardModel\"}"}]}
RESULT: {"script":"<script> [1562 bytes]","args":[{"selector":{"controlType":"sap.m.Input","viewName":"etm.portal.ui.manageyards.view.New","viewId":"application-manageyards-display-component---NewYard","bindingPath":{"path":"","propertyPath":"/DELIVERY_TYPE","modelName":"NewYardModel"},"interaction":{"idSuffix":"inner"}},"wdio_ui5_key":"etmportal.ui.manageyards.view.Newsap.m.Input{\"path\":\"\",\"propertyPath\":\"/DELIVERY_TYPE\",\"modelName\":\"NewYardModel\"}"}]}
RESULT: undefined
COMMAND: POST /session/2c3e5cc3018601d52a1ae1747f5b8299/execute/async - {"script":"<script> [776 bytes]","args":[{"enterText":"ZL01","selector":{"controlType":"sap.m.Input","viewName":"etm.portal.ui.manageyards.view.New","viewId":"application-manageyards-display-component---NewYard","bindingPath":{"path":"","propertyPath":"/DELIVERY_TYPE","modelName":"NewYardModel"},"interaction":{"idSuffix":"inner"}},"clearTextFirst":true,"interactionType":"ENTER_TEXT"}]}
RESULT: {"script":"<script> [776 bytes]","args":[{"enterText":"ZL01","selector":{"controlType":"sap.m.Input","viewName":"etm.portal.ui.manageyards.view.New","viewId":"application-manageyards-display-component---NewYard","bindingPath":{"path":"","propertyPath":"/DELIVERY_TYPE","modelName":"NewYardModel"},"interaction":{"idSuffix":"inner"}},"clearTextFirst":true,"interactionType":"ENTER_TEXT"}]}
COMMAND: POST /session/2c3e5cc3018601d52a1ae1747f5b8299/execute/async - {"script":"<script> [1562 bytes]","args":[{"selector":{"controlType":"sap.m.Input","viewName":"etm.portal.ui.manageyards.view.New","viewId":"application-manageyards-display-component---NewYard","bindingPath":{"path":"","propertyPath":"/AUART","modelName":"NewYardModel"},"interaction":{"idSuffix":"inner"}},"wdio_ui5_key":"etmportal.ui.manageyards.view.Newsap.m.Input{\"path\":\"\",\"propertyPath\":\"/AUART\",\"modelName\":\"NewYardModel\"}"}]}
RESULT: {"script":"<script> [1562 bytes]","args":[{"selector":{"controlType":"sap.m.Input","viewName":"etm.portal.ui.manageyards.view.New","viewId":"application-manageyards-display-component---NewYard","bindingPath":{"path":"","propertyPath":"/AUART","modelName":"NewYardModel"},"interaction":{"idSuffix":"inner"}},"wdio_ui5_key":"etmportal.ui.manageyards.view.Newsap.m.Input{\"path\":\"\",\"propertyPath\":\"/AUART\",\"modelName\":\"NewYardModel\"}"}]}
RESULT: undefined
COMMAND: POST /session/2c3e5cc3018601d52a1ae1747f5b8299/execute/async - {"script":"<script> [776 bytes]","args":[{"enterText":"TA","selector":{"controlType":"sap.m.Input","viewName":"etm.portal.ui.manageyards.view.New","viewId":"application-manageyards-display-component---NewYard","bindingPath":{"path":"","propertyPath":"/AUART","modelName":"NewYardModel"},"interaction":{"idSuffix":"inner"}},"clearTextFirst":true,"interactionType":"ENTER_TEXT"}]}
RESULT: {"script":"<script> [776 bytes]","args":[{"enterText":"TA","selector":{"controlType":"sap.m.Input","viewName":"etm.portal.ui.manageyards.view.New","viewId":"application-manageyards-display-component---NewYard","bindingPath":{"path":"","propertyPath":"/AUART","modelName":"NewYardModel"},"interaction":{"idSuffix":"inner"}},"clearTextFirst":true,"interactionType":"ENTER_TEXT"}]}
COMMAND: POST /session/2c3e5cc3018601d52a1ae1747f5b8299/element - {"using":"xpath","value":"//button[@data-kt=\"newYardSaveButton\"]"}
RESULT: {"using":"xpath","value":"//button[@data-kt=\"newYardSaveButton\"]"}
COMMAND: POST /session/2c3e5cc3018601d52a1ae1747f5b8299/element/f.37FD799F3153CD067689FB9668CC9BBA.d.E0FC923950D9FD454A3D350F62A29311.e.693/click - {}
RESULT: {}
COMMAND: GET /session/2c3e5cc3018601d52a1ae1747f5b8299/screenshot - {}
RESULT: {}
COMMAND: POST /session/2c3e5cc3018601d52a1ae1747f5b8299/element - {"using":"xpath","value":"//header[contains(@id, 'ObjectPageLayout-headerTitle')]/div[1]/div[2]/div[1]/span[1]"}
RESULT: {"using":"xpath","value":"//header[contains(@id, 'ObjectPageLayout-headerTitle')]/div[1]/div[2]/div[1]/span[1]"}
COMMAND: POST /session/2c3e5cc3018601d52a1ae1747f5b8299/elements - {"using":"xpath","value":"//header[contains(@id, 'ObjectPageLayout-headerTitle')]/div[1]/div[2]/div[1]/span[1]"}
RESULT: {"using":"xpath","value":"//header[contains(@id, 'ObjectPageLayout-headerTitle')]/div[1]/div[2]/div[1]/span[1]"}
COMMAND: POST /session/2c3e5cc3018601d52a1ae1747f5b8299/execute/sync - {"script":"<script> [56 bytes]","args":[{"element-6066-11e4-a52e-4f735466cecf":"f.37FD799F3153CD067689FB9668CC9BBA.d.E0FC923950D9FD454A3D350F62A29311.e.1015","ELEMENT":"f.37FD799F3153CD067689FB9668CC9BBA.d.E0FC923950D9FD454A3D350F62A29311.e.1015"}]}
RESULT: {"script":"<script> [56 bytes]","args":[{"element-6066-11e4-a52e-4f735466cecf":"f.37FD799F3153CD067689FB9668CC9BBA.d.E0FC923950D9FD454A3D350F62A29311.e.1015","ELEMENT":"f.37FD799F3153CD067689FB9668CC9BBA.d.E0FC923950D9FD454A3D350F62A29311.e.1015"}]}
COMMAND: GET /session/2c3e5cc3018601d52a1ae1747f5b8299/screenshot - {}
RESULT: {}
COMMAND: POST /session/2c3e5cc3018601d52a1ae1747f5b8299/element - {"using":"css selector","value":"#shell-header-logo"}
RESULT: {"using":"css selector","value":"#shell-header-logo"}
COMMAND: POST /session/2c3e5cc3018601d52a1ae1747f5b8299/element/f.37FD799F3153CD067689FB9668CC9BBA.d.E0FC923950D9FD454A3D350F62A29311.e.268/click - {}
RESULT: {}
COMMAND: GET /session/2c3e5cc3018601d52a1ae1747f5b8299/screenshot - {}
RESULT: {}
COMMAND: POST /session/2c3e5cc3018601d52a1ae1747f5b8299/execute/sync - {"script":"<script> [299 bytes]","args":[["getModel","getResource"]]}
RESULT: {"script":"<script> [299 bytes]","args":[["getModel","getResource"]]}
]]></system-out>
    </testcase>
    <testcase classname="chrome.136_0_7103_93.windows.Partner_specific_tests_US150819_US151080_US151654_US151176_US103444_US151078_US151079_US151109_US151174_US151175_US151189" name="Should create new external partner US150819" time="100.113">
      <system-out><![CDATA[
COMMAND: POST /session/2c3e5cc3018601d52a1ae1747f5b8299/element - {"using":"xpath","value":"//li[.//span[text()=\"Manage Partners\"]]"}
COMMAND: GET /session/2c3e5cc3018601d52a1ae1747f5b8299/screenshot - {}
RESULT: {"using":"xpath","value":"//li[.//span[text()=\"Manage Partners\"]]"}
COMMAND: POST /session/2c3e5cc3018601d52a1ae1747f5b8299/element - {"using":"xpath","value":"//li[.//span[text()=\"Manage Partners\"]]"}
RESULT: {}
RESULT: {"using":"xpath","value":"//li[.//span[text()=\"Manage Partners\"]]"}
COMMAND: POST /session/2c3e5cc3018601d52a1ae1747f5b8299/element - {"using":"css selector","value":"#shell-header-logo"}
RESULT: {"using":"css selector","value":"#shell-header-logo"}
COMMAND: POST /session/2c3e5cc3018601d52a1ae1747f5b8299/element/f.37FD799F3153CD067689FB9668CC9BBA.d.E0FC923950D9FD454A3D350F62A29311.e.1018/click - {}
COMMAND: POST /session/2c3e5cc3018601d52a1ae1747f5b8299/execute/sync - {"script":"<script> [8489 bytes]","args":[{"element-6066-11e4-a52e-4f735466cecf":"f.37FD799F3153CD067689FB9668CC9BBA.d.E0FC923950D9FD454A3D350F62A29311.e.1018","ELEMENT":"f.37FD799F3153CD067689FB9668CC9BBA.d.E0FC923950D9FD454A3D350F62A29311.e.1018"}]}
RESULT: {}
COMMAND: GET /session/2c3e5cc3018601d52a1ae1747f5b8299/screenshot - {}
RESULT: {"script":"<script> [8489 bytes]","args":[{"element-6066-11e4-a52e-4f735466cecf":"f.37FD799F3153CD067689FB9668CC9BBA.d.E0FC923950D9FD454A3D350F62A29311.e.1018","ELEMENT":"f.37FD799F3153CD067689FB9668CC9BBA.d.E0FC923950D9FD454A3D350F62A29311.e.1018"}]}
COMMAND: POST /session/2c3e5cc3018601d52a1ae1747f5b8299/execute/sync - {"script":"<script> [5351 bytes]","args":[{"element-6066-11e4-a52e-4f735466cecf":"f.37FD799F3153CD067689FB9668CC9BBA.d.E0FC923950D9FD454A3D350F62A29311.e.1018","ELEMENT":"f.37FD799F3153CD067689FB9668CC9BBA.d.E0FC923950D9FD454A3D350F62A29311.e.1018"}]}
COMMAND: GET /session/2c3e5cc3018601d52a1ae1747f5b8299/screenshot - {}
RESULT: {}
RESULT: {"script":"<script> [5351 bytes]","args":[{"element-6066-11e4-a52e-4f735466cecf":"f.37FD799F3153CD067689FB9668CC9BBA.d.E0FC923950D9FD454A3D350F62A29311.e.1018","ELEMENT":"f.37FD799F3153CD067689FB9668CC9BBA.d.E0FC923950D9FD454A3D350F62A29311.e.1018"}]}
COMMAND: GET /session/2c3e5cc3018601d52a1ae1747f5b8299/screenshot - {}
RESULT: {}
RESULT: {}
COMMAND: POST /session/2c3e5cc3018601d52a1ae1747f5b8299/window/fullscreen - {}
RESULT: {}
COMMAND: POST /session/2c3e5cc3018601d52a1ae1747f5b8299/execute/async - {"script":"<script> [1562 bytes]","args":[{"selector":{"controlType":"sap.m.GenericTile","properties":{"header":"Manage Partners"}},"wdio_ui5_key":"sapm.GenericTile{\"header\":\"Manage Partners\"}"}]}
RESULT: {"script":"<script> [1562 bytes]","args":[{"selector":{"controlType":"sap.m.GenericTile","properties":{"header":"Manage Partners"}},"wdio_ui5_key":"sapm.GenericTile{\"header\":\"Manage Partners\"}"}]}
RESULT: undefined
COMMAND: POST /session/2c3e5cc3018601d52a1ae1747f5b8299/element - {"using":"xpath","value":"//*[@id=\"__tile38\"]"}
RESULT: {"using":"xpath","value":"//*[@id=\"__tile38\"]"}
COMMAND: POST /session/2c3e5cc3018601d52a1ae1747f5b8299/element/f.37FD799F3153CD067689FB9668CC9BBA.d.E0FC923950D9FD454A3D350F62A29311.e.155/click - {}
RESULT: {}
COMMAND: GET /session/2c3e5cc3018601d52a1ae1747f5b8299/screenshot - {}
RESULT: {}
COMMAND: POST /session/2c3e5cc3018601d52a1ae1747f5b8299/elements - {"using":"xpath","value":"//span[text()='Error']"}
RESULT: {"using":"xpath","value":"//span[text()='Error']"}
COMMAND: POST /session/2c3e5cc3018601d52a1ae1747f5b8299/element - {"using":"xpath","value":"//button[@data-kt=\"addButton\"]"}
RESULT: {"using":"xpath","value":"//button[@data-kt=\"addButton\"]"}
COMMAND: POST /session/2c3e5cc3018601d52a1ae1747f5b8299/elements - {"using":"xpath","value":"//button[@data-kt=\"addButton\"]"}
RESULT: {"using":"xpath","value":"//button[@data-kt=\"addButton\"]"}
COMMAND: POST /session/2c3e5cc3018601d52a1ae1747f5b8299/execute/sync - {"script":"<script> [8489 bytes]","args":[{"element-6066-11e4-a52e-4f735466cecf":"f.37FD799F3153CD067689FB9668CC9BBA.d.E0FC923950D9FD454A3D350F62A29311.e.1064","ELEMENT":"f.37FD799F3153CD067689FB9668CC9BBA.d.E0FC923950D9FD454A3D350F62A29311.e.1064"}]}
RESULT: {"script":"<script> [8489 bytes]","args":[{"element-6066-11e4-a52e-4f735466cecf":"f.37FD799F3153CD067689FB9668CC9BBA.d.E0FC923950D9FD454A3D350F62A29311.e.1064","ELEMENT":"f.37FD799F3153CD067689FB9668CC9BBA.d.E0FC923950D9FD454A3D350F62A29311.e.1064"}]}
COMMAND: GET /session/2c3e5cc3018601d52a1ae1747f5b8299/element/f.37FD799F3153CD067689FB9668CC9BBA.d.E0FC923950D9FD454A3D350F62A29311.e.1064/enabled - {}
COMMAND: GET /session/2c3e5cc3018601d52a1ae1747f5b8299/screenshot - {}
RESULT: {}
COMMAND: POST /session/2c3e5cc3018601d52a1ae1747f5b8299/execute/sync - {"script":"<script> [8489 bytes]","args":[{"element-6066-11e4-a52e-4f735466cecf":"f.37FD799F3153CD067689FB9668CC9BBA.d.E0FC923950D9FD454A3D350F62A29311.e.1064","ELEMENT":"f.37FD799F3153CD067689FB9668CC9BBA.d.E0FC923950D9FD454A3D350F62A29311.e.1064"}]}
COMMAND: GET /session/2c3e5cc3018601d52a1ae1747f5b8299/screenshot - {}
RESULT: {}
RESULT: {"script":"<script> [8489 bytes]","args":[{"element-6066-11e4-a52e-4f735466cecf":"f.37FD799F3153CD067689FB9668CC9BBA.d.E0FC923950D9FD454A3D350F62A29311.e.1064","ELEMENT":"f.37FD799F3153CD067689FB9668CC9BBA.d.E0FC923950D9FD454A3D350F62A29311.e.1064"}]}
COMMAND: POST /session/2c3e5cc3018601d52a1ae1747f5b8299/execute/sync - {"script":"<script> [5351 bytes]","args":[{"element-6066-11e4-a52e-4f735466cecf":"f.37FD799F3153CD067689FB9668CC9BBA.d.E0FC923950D9FD454A3D350F62A29311.e.1064","ELEMENT":"f.37FD799F3153CD067689FB9668CC9BBA.d.E0FC923950D9FD454A3D350F62A29311.e.1064"}]}
COMMAND: GET /session/2c3e5cc3018601d52a1ae1747f5b8299/screenshot - {}
RESULT: {}
RESULT: {"script":"<script> [5351 bytes]","args":[{"element-6066-11e4-a52e-4f735466cecf":"f.37FD799F3153CD067689FB9668CC9BBA.d.E0FC923950D9FD454A3D350F62A29311.e.1064","ELEMENT":"f.37FD799F3153CD067689FB9668CC9BBA.d.E0FC923950D9FD454A3D350F62A29311.e.1064"}]}
COMMAND: POST /session/2c3e5cc3018601d52a1ae1747f5b8299/element/f.37FD799F3153CD067689FB9668CC9BBA.d.E0FC923950D9FD454A3D350F62A29311.e.1064/click - {}
COMMAND: GET /session/2c3e5cc3018601d52a1ae1747f5b8299/screenshot - {}
RESULT: {}
RESULT: {}
COMMAND: GET /session/2c3e5cc3018601d52a1ae1747f5b8299/screenshot - {}
COMMAND: POST /session/2c3e5cc3018601d52a1ae1747f5b8299/execute/async - {"script":"<script> [1562 bytes]","args":[{"selector":{"id":"application-managepartners-display-component---NewPartner--addressDetailDetailsName1","interaction":{"idSuffix":"inner"}},"wdio_ui5_key":"applicationmanagepartners-display-component---NewPartner--addressDetailDetailsName1"}]}
RESULT: {}
RESULT: {}
RESULT: {"script":"<script> [1562 bytes]","args":[{"selector":{"id":"application-managepartners-display-component---NewPartner--addressDetailDetailsName1","interaction":{"idSuffix":"inner"}},"wdio_ui5_key":"applicationmanagepartners-display-component---NewPartner--addressDetailDetailsName1"}]}
RESULT: undefined
COMMAND: POST /session/2c3e5cc3018601d52a1ae1747f5b8299/execute/async - {"script":"<script> [776 bytes]","args":[{"enterText":"External Partner WDIO","selector":{"id":"application-managepartners-display-component---NewPartner--addressDetailDetailsName1","interaction":{"idSuffix":"inner"}},"clearTextFirst":true,"interactionType":"ENTER_TEXT"}]}
RESULT: {"script":"<script> [776 bytes]","args":[{"enterText":"External Partner WDIO","selector":{"id":"application-managepartners-display-component---NewPartner--addressDetailDetailsName1","interaction":{"idSuffix":"inner"}},"clearTextFirst":true,"interactionType":"ENTER_TEXT"}]}
COMMAND: POST /session/2c3e5cc3018601d52a1ae1747f5b8299/execute/async - {"script":"<script> [1562 bytes]","args":[{"selector":{"id":"application-managepartners-display-component---NewPartner--addressDetailDetailsLanguage-arrow"},"wdio_ui5_key":"applicationmanagepartners-display-component---NewPartner--addressDetailDetailsLanguage-arrow"}]}
RESULT: {"script":"<script> [1562 bytes]","args":[{"selector":{"id":"application-managepartners-display-component---NewPartner--addressDetailDetailsLanguage-arrow"},"wdio_ui5_key":"applicationmanagepartners-display-component---NewPartner--addressDetailDetailsLanguage-arrow"}]}
RESULT: undefined
COMMAND: POST /session/2c3e5cc3018601d52a1ae1747f5b8299/element - {"using":"xpath","value":"//*[@id=\"application-managepartners-display-component---NewPartner--addressDetailDetailsLanguage-arrow\"]"}
RESULT: {"using":"xpath","value":"//*[@id=\"application-managepartners-display-component---NewPartner--addressDetailDetailsLanguage-arrow\"]"}
COMMAND: POST /session/2c3e5cc3018601d52a1ae1747f5b8299/element/f.37FD799F3153CD067689FB9668CC9BBA.d.E0FC923950D9FD454A3D350F62A29311.e.1508/click - {}
RESULT: {}
COMMAND: POST /session/2c3e5cc3018601d52a1ae1747f5b8299/element - {"using":"xpath","value":"//span[contains(text(), \"English\")]"}
COMMAND: GET /session/2c3e5cc3018601d52a1ae1747f5b8299/screenshot - {}
RESULT: {"using":"xpath","value":"//span[contains(text(), \"English\")]"}
COMMAND: POST /session/2c3e5cc3018601d52a1ae1747f5b8299/element/f.37FD799F3153CD067689FB9668CC9BBA.d.E0FC923950D9FD454A3D350F62A29311.e.1509/click - {}
RESULT: {}
RESULT: {}
COMMAND: GET /session/2c3e5cc3018601d52a1ae1747f5b8299/screenshot - {}
RESULT: {}
COMMAND: POST /session/2c3e5cc3018601d52a1ae1747f5b8299/execute/async - {"script":"<script> [1562 bytes]","args":[{"selector":{"id":"application-managepartners-display-component---NewPartner--addressDetailDetailsCity1","interaction":{"idSuffix":"inner"}},"wdio_ui5_key":"applicationmanagepartners-display-component---NewPartner--addressDetailDetailsCity1"}]}
RESULT: {"script":"<script> [1562 bytes]","args":[{"selector":{"id":"application-managepartners-display-component---NewPartner--addressDetailDetailsCity1","interaction":{"idSuffix":"inner"}},"wdio_ui5_key":"applicationmanagepartners-display-component---NewPartner--addressDetailDetailsCity1"}]}
RESULT: undefined
COMMAND: POST /session/2c3e5cc3018601d52a1ae1747f5b8299/execute/async - {"script":"<script> [776 bytes]","args":[{"enterText":"Rosario","selector":{"id":"application-managepartners-display-component---NewPartner--addressDetailDetailsCity1","interaction":{"idSuffix":"inner"}},"clearTextFirst":true,"interactionType":"ENTER_TEXT"}]}
RESULT: {"script":"<script> [776 bytes]","args":[{"enterText":"Rosario","selector":{"id":"application-managepartners-display-component---NewPartner--addressDetailDetailsCity1","interaction":{"idSuffix":"inner"}},"clearTextFirst":true,"interactionType":"ENTER_TEXT"}]}
COMMAND: POST /session/2c3e5cc3018601d52a1ae1747f5b8299/execute/async - {"script":"<script> [1562 bytes]","args":[{"selector":{"id":"application-managepartners-display-component---NewPartner--addressDetailDetailsCountry-arrow"},"wdio_ui5_key":"applicationmanagepartners-display-component---NewPartner--addressDetailDetailsCountry-arrow"}]}
RESULT: {"script":"<script> [1562 bytes]","args":[{"selector":{"id":"application-managepartners-display-component---NewPartner--addressDetailDetailsCountry-arrow"},"wdio_ui5_key":"applicationmanagepartners-display-component---NewPartner--addressDetailDetailsCountry-arrow"}]}
RESULT: undefined
COMMAND: POST /session/2c3e5cc3018601d52a1ae1747f5b8299/element - {"using":"xpath","value":"//*[@id=\"application-managepartners-display-component---NewPartner--addressDetailDetailsCountry-arrow\"]"}
RESULT: {"using":"xpath","value":"//*[@id=\"application-managepartners-display-component---NewPartner--addressDetailDetailsCountry-arrow\"]"}
COMMAND: POST /session/2c3e5cc3018601d52a1ae1747f5b8299/element/f.37FD799F3153CD067689FB9668CC9BBA.d.E0FC923950D9FD454A3D350F62A29311.e.1495/click - {}
RESULT: {}
COMMAND: POST /session/2c3e5cc3018601d52a1ae1747f5b8299/element - {"using":"xpath","value":"//span[contains(text(), \"Argentina\")]"}
COMMAND: GET /session/2c3e5cc3018601d52a1ae1747f5b8299/screenshot - {}
RESULT: {"using":"xpath","value":"//span[contains(text(), \"Argentina\")]"}
COMMAND: POST /session/2c3e5cc3018601d52a1ae1747f5b8299/element/f.37FD799F3153CD067689FB9668CC9BBA.d.E0FC923950D9FD454A3D350F62A29311.e.1511/click - {}
RESULT: {}
RESULT: {}
COMMAND: GET /session/2c3e5cc3018601d52a1ae1747f5b8299/screenshot - {}
RESULT: {}
COMMAND: POST /session/2c3e5cc3018601d52a1ae1747f5b8299/element - {"using":"xpath","value":"//bdi[contains(text(), \"Commercial\")]"}
RESULT: {"using":"xpath","value":"//bdi[contains(text(), \"Commercial\")]"}
COMMAND: POST /session/2c3e5cc3018601d52a1ae1747f5b8299/element/f.37FD799F3153CD067689FB9668CC9BBA.d.E0FC923950D9FD454A3D350F62A29311.e.1512/click - {}
RESULT: {}
COMMAND: GET /session/2c3e5cc3018601d52a1ae1747f5b8299/screenshot - {}
RESULT: {}
COMMAND: POST /session/2c3e5cc3018601d52a1ae1747f5b8299/execute/async - {"script":"<script> [1562 bytes]","args":[{"selector":{"id":"application-managepartners-display-component---NewPartner--partnerDetailInternal-arrow"},"wdio_ui5_key":"applicationmanagepartners-display-component---NewPartner--partnerDetailInternal-arrow"}]}
RESULT: {"script":"<script> [1562 bytes]","args":[{"selector":{"id":"application-managepartners-display-component---NewPartner--partnerDetailInternal-arrow"},"wdio_ui5_key":"applicationmanagepartners-display-component---NewPartner--partnerDetailInternal-arrow"}]}
RESULT: undefined
COMMAND: POST /session/2c3e5cc3018601d52a1ae1747f5b8299/element - {"using":"xpath","value":"//*[@id=\"application-managepartners-display-component---NewPartner--partnerDetailInternal-arrow\"]"}
RESULT: {"using":"xpath","value":"//*[@id=\"application-managepartners-display-component---NewPartner--partnerDetailInternal-arrow\"]"}
COMMAND: POST /session/2c3e5cc3018601d52a1ae1747f5b8299/element/f.37FD799F3153CD067689FB9668CC9BBA.d.E0FC923950D9FD454A3D350F62A29311.e.1518/click - {}
RESULT: {}
COMMAND: POST /session/2c3e5cc3018601d52a1ae1747f5b8299/element - {"using":"xpath","value":"//span[contains(text(), \"External partner\")]"}
COMMAND: GET /session/2c3e5cc3018601d52a1ae1747f5b8299/screenshot - {}
RESULT: {"using":"xpath","value":"//span[contains(text(), \"External partner\")]"}
COMMAND: POST /session/2c3e5cc3018601d52a1ae1747f5b8299/element/f.37FD799F3153CD067689FB9668CC9BBA.d.E0FC923950D9FD454A3D350F62A29311.e.1521/click - {}
RESULT: {}
RESULT: {}
COMMAND: POST /session/2c3e5cc3018601d52a1ae1747f5b8299/execute/async - {"script":"<script> [1562 bytes]","args":[{"selector":{"id":"application-managepartners-display-component---NewPartner--partnerDetailsCurrency-arrow"},"wdio_ui5_key":"applicationmanagepartners-display-component---NewPartner--partnerDetailsCurrency-arrow"}]}
COMMAND: GET /session/2c3e5cc3018601d52a1ae1747f5b8299/screenshot - {}
RESULT: {"script":"<script> [1562 bytes]","args":[{"selector":{"id":"application-managepartners-display-component---NewPartner--partnerDetailsCurrency-arrow"},"wdio_ui5_key":"applicationmanagepartners-display-component---NewPartner--partnerDetailsCurrency-arrow"}]}
RESULT: undefined
COMMAND: POST /session/2c3e5cc3018601d52a1ae1747f5b8299/element - {"using":"xpath","value":"//*[@id=\"application-managepartners-display-component---NewPartner--partnerDetailsCurrency-arrow\"]"}
RESULT: {}
RESULT: {"using":"xpath","value":"//*[@id=\"application-managepartners-display-component---NewPartner--partnerDetailsCurrency-arrow\"]"}
COMMAND: POST /session/2c3e5cc3018601d52a1ae1747f5b8299/element/f.37FD799F3153CD067689FB9668CC9BBA.d.E0FC923950D9FD454A3D350F62A29311.e.1526/click - {}
RESULT: {}
COMMAND: POST /session/2c3e5cc3018601d52a1ae1747f5b8299/element - {"using":"xpath","value":"//span[contains(text(), \"US Dollar\")]"}
COMMAND: GET /session/2c3e5cc3018601d52a1ae1747f5b8299/screenshot - {}
RESULT: {"using":"xpath","value":"//span[contains(text(), \"US Dollar\")]"}
COMMAND: POST /session/2c3e5cc3018601d52a1ae1747f5b8299/element/f.37FD799F3153CD067689FB9668CC9BBA.d.E0FC923950D9FD454A3D350F62A29311.e.1527/click - {}
RESULT: {}
RESULT: {}
COMMAND: GET /session/2c3e5cc3018601d52a1ae1747f5b8299/screenshot - {}
RESULT: {}
COMMAND: POST /session/2c3e5cc3018601d52a1ae1747f5b8299/element - {"using":"xpath","value":"//input[@id=\"application-managepartners-display-component---NewPartner--companyCodeComboBox-inner\"]"}
RESULT: {"using":"xpath","value":"//input[@id=\"application-managepartners-display-component---NewPartner--companyCodeComboBox-inner\"]"}
COMMAND: POST /session/2c3e5cc3018601d52a1ae1747f5b8299/element/f.37FD799F3153CD067689FB9668CC9BBA.d.E0FC923950D9FD454A3D350F62A29311.e.1365/clear - {}
RESULT: {}
COMMAND: POST /session/2c3e5cc3018601d52a1ae1747f5b8299/element/f.37FD799F3153CD067689FB9668CC9BBA.d.E0FC923950D9FD454A3D350F62A29311.e.1365/value - {"text":"C002"}
COMMAND: GET /session/2c3e5cc3018601d52a1ae1747f5b8299/screenshot - {}
RESULT: {"text":"C002"}
COMMAND: GET /session/2c3e5cc3018601d52a1ae1747f5b8299/screenshot - {}
RESULT: {}
RESULT: {}
COMMAND: POST /session/2c3e5cc3018601d52a1ae1747f5b8299/element - {"using":"xpath","value":"//li[.//span[text()= \"C002\"]]"}
RESULT: {"using":"xpath","value":"//li[.//span[text()= \"C002\"]]"}
COMMAND: POST /session/2c3e5cc3018601d52a1ae1747f5b8299/element/f.37FD799F3153CD067689FB9668CC9BBA.d.E0FC923950D9FD454A3D350F62A29311.e.1531/click - {}
RESULT: {}
COMMAND: GET /session/2c3e5cc3018601d52a1ae1747f5b8299/screenshot - {}
RESULT: {}
COMMAND: POST /session/2c3e5cc3018601d52a1ae1747f5b8299/execute/async - {"script":"<script> [1562 bytes]","args":[{"selector":{"id":"application-managepartners-display-component---NewPartner--btnAddTableRow-img"},"wdio_ui5_key":"applicationmanagepartners-display-component---NewPartner--btnAddTableRow-img"}]}
RESULT: {"script":"<script> [1562 bytes]","args":[{"selector":{"id":"application-managepartners-display-component---NewPartner--btnAddTableRow-img"},"wdio_ui5_key":"applicationmanagepartners-display-component---NewPartner--btnAddTableRow-img"}]}
RESULT: undefined
COMMAND: POST /session/2c3e5cc3018601d52a1ae1747f5b8299/element - {"using":"xpath","value":"//*[@id=\"application-managepartners-display-component---NewPartner--btnAddTableRow-img\"]"}
RESULT: {"using":"xpath","value":"//*[@id=\"application-managepartners-display-component---NewPartner--btnAddTableRow-img\"]"}
COMMAND: POST /session/2c3e5cc3018601d52a1ae1747f5b8299/element/f.37FD799F3153CD067689FB9668CC9BBA.d.E0FC923950D9FD454A3D350F62A29311.e.1532/click - {}
RESULT: {}
COMMAND: GET /session/2c3e5cc3018601d52a1ae1747f5b8299/screenshot - {}
RESULT: {}
COMMAND: POST /session/2c3e5cc3018601d52a1ae1747f5b8299/element - {"using":"xpath","value":"//input[@id=\"application-managepartners-display-component---NewPartner--assignmentYard-application-managepartners-display-component---NewPartner--assignmentsTable-0-inner\"]"}
RESULT: {"using":"xpath","value":"//input[@id=\"application-managepartners-display-component---NewPartner--assignmentYard-application-managepartners-display-component---NewPartner--assignmentsTable-0-inner\"]"}
COMMAND: POST /session/2c3e5cc3018601d52a1ae1747f5b8299/element/f.37FD799F3153CD067689FB9668CC9BBA.d.E0FC923950D9FD454A3D350F62A29311.e.1535/clear - {}
RESULT: {}
COMMAND: POST /session/2c3e5cc3018601d52a1ae1747f5b8299/element/f.37FD799F3153CD067689FB9668CC9BBA.d.E0FC923950D9FD454A3D350F62A29311.e.1535/value - {"text":"413"}
COMMAND: GET /session/2c3e5cc3018601d52a1ae1747f5b8299/screenshot - {}
RESULT: {"text":"413"}
COMMAND: GET /session/2c3e5cc3018601d52a1ae1747f5b8299/screenshot - {}
RESULT: {}
RESULT: {}
COMMAND: POST /session/2c3e5cc3018601d52a1ae1747f5b8299/element - {"using":"xpath","value":"//li[.//span[text()='413']]"}
RESULT: {"using":"xpath","value":"//li[.//span[text()='413']]"}
COMMAND: POST /session/2c3e5cc3018601d52a1ae1747f5b8299/element/f.37FD799F3153CD067689FB9668CC9BBA.d.E0FC923950D9FD454A3D350F62A29311.e.1543/click - {}
RESULT: {}
COMMAND: GET /session/2c3e5cc3018601d52a1ae1747f5b8299/screenshot - {}
RESULT: {}
COMMAND: POST /session/2c3e5cc3018601d52a1ae1747f5b8299/actions - {"actions":[{"id":"action2","type":"key","parameters":{},"actions":[{"type":"keyDown","value":"î€‡"},{"type":"pause","duration":10},{"type":"keyUp","value":"î€‡"}]}]}
RESULT: {"actions":[{"id":"action2","type":"key","parameters":{},"actions":[{"type":"keyDown","value":"î€‡"},{"type":"pause","duration":10},{"type":"keyUp","value":"î€‡"}]}]}
COMMAND: POST /session/2c3e5cc3018601d52a1ae1747f5b8299/element - {"using":"xpath","value":"//td[contains(@id, \"assignmentsTable-0-cell2\")]/div/div"}
COMMAND: GET /session/2c3e5cc3018601d52a1ae1747f5b8299/screenshot - {}
RESULT: {"using":"xpath","value":"//td[contains(@id, \"assignmentsTable-0-cell2\")]/div/div"}
COMMAND: POST /session/2c3e5cc3018601d52a1ae1747f5b8299/element/f.37FD799F3153CD067689FB9668CC9BBA.d.E0FC923950D9FD454A3D350F62A29311.e.1546/click - {}
RESULT: {}
RESULT: {}
COMMAND: GET /session/2c3e5cc3018601d52a1ae1747f5b8299/screenshot - {}
RESULT: {}
COMMAND: POST /session/2c3e5cc3018601d52a1ae1747f5b8299/element - {"using":"xpath","value":"//button[@data-kt=\"saveButton\"]"}
RESULT: {"using":"xpath","value":"//button[@data-kt=\"saveButton\"]"}
COMMAND: POST /session/2c3e5cc3018601d52a1ae1747f5b8299/element/f.37FD799F3153CD067689FB9668CC9BBA.d.E0FC923950D9FD454A3D350F62A29311.e.1406/click - {}
RESULT: {}
COMMAND: GET /session/2c3e5cc3018601d52a1ae1747f5b8299/screenshot - {}
RESULT: {}
COMMAND: POST /session/2c3e5cc3018601d52a1ae1747f5b8299/element - {"using":"xpath","value":"//header[contains(@id, 'ObjectPageLayout-headerTitle')]/div[1]/div[2]/div[2]/span[1]"}
RESULT: {"using":"xpath","value":"//header[contains(@id, 'ObjectPageLayout-headerTitle')]/div[1]/div[2]/div[2]/span[1]"}
COMMAND: POST /session/2c3e5cc3018601d52a1ae1747f5b8299/elements - {"using":"xpath","value":"//header[contains(@id, 'ObjectPageLayout-headerTitle')]/div[1]/div[2]/div[2]/span[1]"}
RESULT: {"using":"xpath","value":"//header[contains(@id, 'ObjectPageLayout-headerTitle')]/div[1]/div[2]/div[2]/span[1]"}
COMMAND: POST /session/2c3e5cc3018601d52a1ae1747f5b8299/execute/sync - {"script":"<script> [56 bytes]","args":[{"element-6066-11e4-a52e-4f735466cecf":"f.37FD799F3153CD067689FB9668CC9BBA.d.E0FC923950D9FD454A3D350F62A29311.e.1709","ELEMENT":"f.37FD799F3153CD067689FB9668CC9BBA.d.E0FC923950D9FD454A3D350F62A29311.e.1709"}]}
RESULT: {"script":"<script> [56 bytes]","args":[{"element-6066-11e4-a52e-4f735466cecf":"f.37FD799F3153CD067689FB9668CC9BBA.d.E0FC923950D9FD454A3D350F62A29311.e.1709","ELEMENT":"f.37FD799F3153CD067689FB9668CC9BBA.d.E0FC923950D9FD454A3D350F62A29311.e.1709"}]}
COMMAND: POST /session/2c3e5cc3018601d52a1ae1747f5b8299/element - {"using":"css selector","value":"#shell-header-logo"}
COMMAND: GET /session/2c3e5cc3018601d52a1ae1747f5b8299/screenshot - {}
RESULT: {"using":"css selector","value":"#shell-header-logo"}
COMMAND: POST /session/2c3e5cc3018601d52a1ae1747f5b8299/element/f.37FD799F3153CD067689FB9668CC9BBA.d.E0FC923950D9FD454A3D350F62A29311.e.1018/click - {}
RESULT: {}
RESULT: {}
COMMAND: GET /session/2c3e5cc3018601d52a1ae1747f5b8299/screenshot - {}
RESULT: {}
COMMAND: POST /session/2c3e5cc3018601d52a1ae1747f5b8299/execute/sync - {"script":"<script> [299 bytes]","args":[["getModel","getResource"]]}
RESULT: {"script":"<script> [299 bytes]","args":[["getModel","getResource"]]}
]]></system-out>
    </testcase>
    <testcase classname="chrome.136_0_7103_93.windows.Partner_specific_tests_US150819_US151080_US151654_US151176_US103444_US151078_US151079_US151109_US151174_US151175_US151189" name="Should filter and search partners US151080" time="88.262">
      <system-out><![CDATA[
COMMAND: POST /session/2c3e5cc3018601d52a1ae1747f5b8299/element - {"using":"xpath","value":"//li[.//span[text()=\"Manage Partners\"]]"}
COMMAND: GET /session/2c3e5cc3018601d52a1ae1747f5b8299/screenshot - {}
RESULT: {"using":"xpath","value":"//li[.//span[text()=\"Manage Partners\"]]"}
COMMAND: POST /session/2c3e5cc3018601d52a1ae1747f5b8299/element - {"using":"xpath","value":"//li[.//span[text()=\"Manage Partners\"]]"}
RESULT: {}
RESULT: {"using":"xpath","value":"//li[.//span[text()=\"Manage Partners\"]]"}
COMMAND: POST /session/2c3e5cc3018601d52a1ae1747f5b8299/element - {"using":"css selector","value":"#shell-header-logo"}
RESULT: {"using":"css selector","value":"#shell-header-logo"}
COMMAND: POST /session/2c3e5cc3018601d52a1ae1747f5b8299/element/f.37FD799F3153CD067689FB9668CC9BBA.d.E0FC923950D9FD454A3D350F62A29311.e.1711/click - {}
COMMAND: POST /session/2c3e5cc3018601d52a1ae1747f5b8299/execute/sync - {"script":"<script> [8489 bytes]","args":[{"element-6066-11e4-a52e-4f735466cecf":"f.37FD799F3153CD067689FB9668CC9BBA.d.E0FC923950D9FD454A3D350F62A29311.e.1711","ELEMENT":"f.37FD799F3153CD067689FB9668CC9BBA.d.E0FC923950D9FD454A3D350F62A29311.e.1711"}]}
RESULT: {}
COMMAND: GET /session/2c3e5cc3018601d52a1ae1747f5b8299/screenshot - {}
RESULT: {"script":"<script> [8489 bytes]","args":[{"element-6066-11e4-a52e-4f735466cecf":"f.37FD799F3153CD067689FB9668CC9BBA.d.E0FC923950D9FD454A3D350F62A29311.e.1711","ELEMENT":"f.37FD799F3153CD067689FB9668CC9BBA.d.E0FC923950D9FD454A3D350F62A29311.e.1711"}]}
COMMAND: POST /session/2c3e5cc3018601d52a1ae1747f5b8299/execute/sync - {"script":"<script> [5351 bytes]","args":[{"element-6066-11e4-a52e-4f735466cecf":"f.37FD799F3153CD067689FB9668CC9BBA.d.E0FC923950D9FD454A3D350F62A29311.e.1711","ELEMENT":"f.37FD799F3153CD067689FB9668CC9BBA.d.E0FC923950D9FD454A3D350F62A29311.e.1711"}]}
COMMAND: GET /session/2c3e5cc3018601d52a1ae1747f5b8299/screenshot - {}
RESULT: {}
RESULT: {"script":"<script> [5351 bytes]","args":[{"element-6066-11e4-a52e-4f735466cecf":"f.37FD799F3153CD067689FB9668CC9BBA.d.E0FC923950D9FD454A3D350F62A29311.e.1711","ELEMENT":"f.37FD799F3153CD067689FB9668CC9BBA.d.E0FC923950D9FD454A3D350F62A29311.e.1711"}]}
COMMAND: GET /session/2c3e5cc3018601d52a1ae1747f5b8299/screenshot - {}
RESULT: {}
RESULT: {}
RESULT: undefined
COMMAND: POST /session/2c3e5cc3018601d52a1ae1747f5b8299/element - {"using":"xpath","value":"//*[@id=\"__tile38\"]"}
RESULT: {"using":"xpath","value":"//*[@id=\"__tile38\"]"}
COMMAND: POST /session/2c3e5cc3018601d52a1ae1747f5b8299/element/f.37FD799F3153CD067689FB9668CC9BBA.d.E0FC923950D9FD454A3D350F62A29311.e.155/click - {}
RESULT: {}
COMMAND: GET /session/2c3e5cc3018601d52a1ae1747f5b8299/screenshot - {}
RESULT: {}
COMMAND: POST /session/2c3e5cc3018601d52a1ae1747f5b8299/elements - {"using":"xpath","value":"//span[text()='Error']"}
RESULT: {"using":"xpath","value":"//span[text()='Error']"}
COMMAND: POST /session/2c3e5cc3018601d52a1ae1747f5b8299/element - {"using":"xpath","value":"//button[@data-kt=\"addButton\"]"}
RESULT: {"using":"xpath","value":"//button[@data-kt=\"addButton\"]"}
COMMAND: POST /session/2c3e5cc3018601d52a1ae1747f5b8299/elements - {"using":"xpath","value":"//button[@data-kt=\"addButton\"]"}
RESULT: {"using":"xpath","value":"//button[@data-kt=\"addButton\"]"}
COMMAND: POST /session/2c3e5cc3018601d52a1ae1747f5b8299/execute/sync - {"script":"<script> [8489 bytes]","args":[{"element-6066-11e4-a52e-4f735466cecf":"f.37FD799F3153CD067689FB9668CC9BBA.d.E0FC923950D9FD454A3D350F62A29311.e.1756","ELEMENT":"f.37FD799F3153CD067689FB9668CC9BBA.d.E0FC923950D9FD454A3D350F62A29311.e.1756"}]}
RESULT: {"script":"<script> [8489 bytes]","args":[{"element-6066-11e4-a52e-4f735466cecf":"f.37FD799F3153CD067689FB9668CC9BBA.d.E0FC923950D9FD454A3D350F62A29311.e.1756","ELEMENT":"f.37FD799F3153CD067689FB9668CC9BBA.d.E0FC923950D9FD454A3D350F62A29311.e.1756"}]}
COMMAND: GET /session/2c3e5cc3018601d52a1ae1747f5b8299/element/f.37FD799F3153CD067689FB9668CC9BBA.d.E0FC923950D9FD454A3D350F62A29311.e.1756/enabled - {}
COMMAND: GET /session/2c3e5cc3018601d52a1ae1747f5b8299/screenshot - {}
RESULT: {}
COMMAND: POST /session/2c3e5cc3018601d52a1ae1747f5b8299/execute/sync - {"script":"<script> [8489 bytes]","args":[{"element-6066-11e4-a52e-4f735466cecf":"f.37FD799F3153CD067689FB9668CC9BBA.d.E0FC923950D9FD454A3D350F62A29311.e.1756","ELEMENT":"f.37FD799F3153CD067689FB9668CC9BBA.d.E0FC923950D9FD454A3D350F62A29311.e.1756"}]}
COMMAND: GET /session/2c3e5cc3018601d52a1ae1747f5b8299/screenshot - {}
RESULT: {}
RESULT: {"script":"<script> [8489 bytes]","args":[{"element-6066-11e4-a52e-4f735466cecf":"f.37FD799F3153CD067689FB9668CC9BBA.d.E0FC923950D9FD454A3D350F62A29311.e.1756","ELEMENT":"f.37FD799F3153CD067689FB9668CC9BBA.d.E0FC923950D9FD454A3D350F62A29311.e.1756"}]}
COMMAND: POST /session/2c3e5cc3018601d52a1ae1747f5b8299/execute/sync - {"script":"<script> [5351 bytes]","args":[{"element-6066-11e4-a52e-4f735466cecf":"f.37FD799F3153CD067689FB9668CC9BBA.d.E0FC923950D9FD454A3D350F62A29311.e.1756","ELEMENT":"f.37FD799F3153CD067689FB9668CC9BBA.d.E0FC923950D9FD454A3D350F62A29311.e.1756"}]}
COMMAND: GET /session/2c3e5cc3018601d52a1ae1747f5b8299/screenshot - {}
RESULT: {}
RESULT: {"script":"<script> [5351 bytes]","args":[{"element-6066-11e4-a52e-4f735466cecf":"f.37FD799F3153CD067689FB9668CC9BBA.d.E0FC923950D9FD454A3D350F62A29311.e.1756","ELEMENT":"f.37FD799F3153CD067689FB9668CC9BBA.d.E0FC923950D9FD454A3D350F62A29311.e.1756"}]}
COMMAND: GET /session/2c3e5cc3018601d52a1ae1747f5b8299/screenshot - {}
RESULT: {}
RESULT: {}
COMMAND: POST /session/2c3e5cc3018601d52a1ae1747f5b8299/execute/async - {"script":"<script> [1562 bytes]","args":[{"selector":{"id":"application-managepartners-display-component---masterPtm--smartTable-btnPersonalisation-img"},"wdio_ui5_key":"applicationmanagepartners-display-component---masterPtm--smartTable-btnPersonalisation-img"}]}
RESULT: {"script":"<script> [1562 bytes]","args":[{"selector":{"id":"application-managepartners-display-component---masterPtm--smartTable-btnPersonalisation-img"},"wdio_ui5_key":"applicationmanagepartners-display-component---masterPtm--smartTable-btnPersonalisation-img"}]}
RESULT: undefined
COMMAND: POST /session/2c3e5cc3018601d52a1ae1747f5b8299/element - {"using":"xpath","value":"//*[@id=\"application-managepartners-display-component---masterPtm--smartTable-btnPersonalisation-img\"]"}
RESULT: {"using":"xpath","value":"//*[@id=\"application-managepartners-display-component---masterPtm--smartTable-btnPersonalisation-img\"]"}
COMMAND: POST /session/2c3e5cc3018601d52a1ae1747f5b8299/element/f.37FD799F3153CD067689FB9668CC9BBA.d.E0FC923950D9FD454A3D350F62A29311.e.1761/click - {}
RESULT: {}
COMMAND: GET /session/2c3e5cc3018601d52a1ae1747f5b8299/screenshot - {}
RESULT: {}
COMMAND: POST /session/2c3e5cc3018601d52a1ae1747f5b8299/execute/async - {"script":"<script> [1562 bytes]","args":[{"selector":{"controlType":"sap.m.IconTabFilter","viewName":"etm.portal.ui.managepartners.view.Master","viewId":"application-managepartners-display-component---masterPtm","properties":{"text":"Sort"},"searchOpenDialogs":true,"interaction":{"idSuffix":"text"}},"wdio_ui5_key":"etmportal.ui.managepartners.view.Mastersap.m.IconTabFilter{\"text\":\"Sort\"}"}]}
RESULT: {"script":"<script> [1562 bytes]","args":[{"selector":{"controlType":"sap.m.IconTabFilter","viewName":"etm.portal.ui.managepartners.view.Master","viewId":"application-managepartners-display-component---masterPtm","properties":{"text":"Sort"},"searchOpenDialogs":true,"interaction":{"idSuffix":"text"}},"wdio_ui5_key":"etmportal.ui.managepartners.view.Mastersap.m.IconTabFilter{\"text\":\"Sort\"}"}]}
RESULT: undefined
COMMAND: POST /session/2c3e5cc3018601d52a1ae1747f5b8299/element - {"using":"xpath","value":"//*[@id=\"__filter1\"]"}
RESULT: {"using":"xpath","value":"//*[@id=\"__filter1\"]"}
COMMAND: POST /session/2c3e5cc3018601d52a1ae1747f5b8299/element/f.37FD799F3153CD067689FB9668CC9BBA.d.E0FC923950D9FD454A3D350F62A29311.e.1901/click - {}
RESULT: {}
COMMAND: GET /session/2c3e5cc3018601d52a1ae1747f5b8299/screenshot - {}
RESULT: {}
COMMAND: POST /session/2c3e5cc3018601d52a1ae1747f5b8299/element - {"using":"xpath","value":"//input[@placeholder=\"Sort by\"]/following-sibling::div//span"}
RESULT: {"using":"xpath","value":"//input[@placeholder=\"Sort by\"]/following-sibling::div//span"}
COMMAND: POST /session/2c3e5cc3018601d52a1ae1747f5b8299/element/f.37FD799F3153CD067689FB9668CC9BBA.d.E0FC923950D9FD454A3D350F62A29311.e.1903/click - {}
RESULT: {}
COMMAND: GET /session/2c3e5cc3018601d52a1ae1747f5b8299/screenshot - {}
RESULT: {}
COMMAND: POST /session/2c3e5cc3018601d52a1ae1747f5b8299/element - {"using":"xpath","value":"//li[.//span[text()=\"Language\"]]"}
RESULT: {"using":"xpath","value":"//li[.//span[text()=\"Language\"]]"}
COMMAND: POST /session/2c3e5cc3018601d52a1ae1747f5b8299/element/f.37FD799F3153CD067689FB9668CC9BBA.d.E0FC923950D9FD454A3D350F62A29311.e.1904/click - {}
RESULT: {}
COMMAND: GET /session/2c3e5cc3018601d52a1ae1747f5b8299/screenshot - {}
RESULT: {}
COMMAND: POST /session/2c3e5cc3018601d52a1ae1747f5b8299/element - {"using":"xpath","value":"//bdi[contains(text(), \"OK\")]"}
RESULT: {"using":"xpath","value":"//bdi[contains(text(), \"OK\")]"}
COMMAND: POST /session/2c3e5cc3018601d52a1ae1747f5b8299/element/f.37FD799F3153CD067689FB9668CC9BBA.d.E0FC923950D9FD454A3D350F62A29311.e.1908/click - {}
RESULT: {}
COMMAND: GET /session/2c3e5cc3018601d52a1ae1747f5b8299/screenshot - {}
RESULT: {}
COMMAND: POST /session/2c3e5cc3018601d52a1ae1747f5b8299/element - {"using":"xpath","value":"//table[contains(@id, \"customPartnersTable\")]//tbody/tr[1]/td[3]/span"}
RESULT: {"using":"xpath","value":"//table[contains(@id, \"customPartnersTable\")]//tbody/tr[1]/td[3]/span"}
COMMAND: POST /session/2c3e5cc3018601d52a1ae1747f5b8299/execute/sync - {"script":"<script> [56 bytes]","args":[{"element-6066-11e4-a52e-4f735466cecf":"f.37FD799F3153CD067689FB9668CC9BBA.d.E0FC923950D9FD454A3D350F62A29311.e.2028","ELEMENT":"f.37FD799F3153CD067689FB9668CC9BBA.d.E0FC923950D9FD454A3D350F62A29311.e.2028"}]}
RESULT: {"script":"<script> [56 bytes]","args":[{"element-6066-11e4-a52e-4f735466cecf":"f.37FD799F3153CD067689FB9668CC9BBA.d.E0FC923950D9FD454A3D350F62A29311.e.2028","ELEMENT":"f.37FD799F3153CD067689FB9668CC9BBA.d.E0FC923950D9FD454A3D350F62A29311.e.2028"}]}
RESULT: undefined
COMMAND: POST /session/2c3e5cc3018601d52a1ae1747f5b8299/element - {"using":"xpath","value":"//*[@id=\"application-managepartners-display-component---masterPtm--smartTable-btnPersonalisation-img\"]"}
COMMAND: GET /session/2c3e5cc3018601d52a1ae1747f5b8299/screenshot - {}
RESULT: {"using":"xpath","value":"//*[@id=\"application-managepartners-display-component---masterPtm--smartTable-btnPersonalisation-img\"]"}
COMMAND: POST /session/2c3e5cc3018601d52a1ae1747f5b8299/element/f.37FD799F3153CD067689FB9668CC9BBA.d.E0FC923950D9FD454A3D350F62A29311.e.1761/click - {}
RESULT: {}
RESULT: {}
COMMAND: GET /session/2c3e5cc3018601d52a1ae1747f5b8299/screenshot - {}
RESULT: {}
COMMAND: POST /session/2c3e5cc3018601d52a1ae1747f5b8299/element - {"using":"xpath","value":"//bdi[contains(text(), \"Reset\")]"}
RESULT: {"using":"xpath","value":"//bdi[contains(text(), \"Reset\")]"}
COMMAND: POST /session/2c3e5cc3018601d52a1ae1747f5b8299/element/f.37FD799F3153CD067689FB9668CC9BBA.d.E0FC923950D9FD454A3D350F62A29311.e.2034/click - {}
RESULT: {}
COMMAND: GET /session/2c3e5cc3018601d52a1ae1747f5b8299/screenshot - {}
RESULT: {}
COMMAND: POST /session/2c3e5cc3018601d52a1ae1747f5b8299/element - {"using":"xpath","value":"(//bdi[contains(text(), \"OK\")])[2]"}
RESULT: {"using":"xpath","value":"(//bdi[contains(text(), \"OK\")])[2]"}
COMMAND: POST /session/2c3e5cc3018601d52a1ae1747f5b8299/element/f.37FD799F3153CD067689FB9668CC9BBA.d.E0FC923950D9FD454A3D350F62A29311.e.2036/click - {}
RESULT: {}
COMMAND: GET /session/2c3e5cc3018601d52a1ae1747f5b8299/screenshot - {}
RESULT: {}
COMMAND: POST /session/2c3e5cc3018601d52a1ae1747f5b8299/element - {"using":"xpath","value":"//bdi[contains(text(), \"OK\")]"}
RESULT: {"using":"xpath","value":"//bdi[contains(text(), \"OK\")]"}
COMMAND: POST /session/2c3e5cc3018601d52a1ae1747f5b8299/element/f.37FD799F3153CD067689FB9668CC9BBA.d.E0FC923950D9FD454A3D350F62A29311.e.2085/click - {}
RESULT: {}
COMMAND: GET /session/2c3e5cc3018601d52a1ae1747f5b8299/screenshot - {}
RESULT: {}
COMMAND: POST /session/2c3e5cc3018601d52a1ae1747f5b8299/element - {"using":"xpath","value":"//table[contains(@id, \"customPartnersTable\")]//tbody/tr[1]/td[3]/span"}
RESULT: {"using":"xpath","value":"//table[contains(@id, \"customPartnersTable\")]//tbody/tr[1]/td[3]/span"}
COMMAND: POST /session/2c3e5cc3018601d52a1ae1747f5b8299/execute/sync - {"script":"<script> [56 bytes]","args":[{"element-6066-11e4-a52e-4f735466cecf":"f.37FD799F3153CD067689FB9668CC9BBA.d.E0FC923950D9FD454A3D350F62A29311.e.2087","ELEMENT":"f.37FD799F3153CD067689FB9668CC9BBA.d.E0FC923950D9FD454A3D350F62A29311.e.2087"}]}
RESULT: {"script":"<script> [56 bytes]","args":[{"element-6066-11e4-a52e-4f735466cecf":"f.37FD799F3153CD067689FB9668CC9BBA.d.E0FC923950D9FD454A3D350F62A29311.e.2087","ELEMENT":"f.37FD799F3153CD067689FB9668CC9BBA.d.E0FC923950D9FD454A3D350F62A29311.e.2087"}]}
RESULT: undefined
COMMAND: POST /session/2c3e5cc3018601d52a1ae1747f5b8299/element - {"using":"xpath","value":"//*[@id=\"application-managepartners-display-component---masterPtm--smartTable-btnPersonalisation-img\"]"}
COMMAND: GET /session/2c3e5cc3018601d52a1ae1747f5b8299/screenshot - {}
RESULT: {"using":"xpath","value":"//*[@id=\"application-managepartners-display-component---masterPtm--smartTable-btnPersonalisation-img\"]"}
COMMAND: POST /session/2c3e5cc3018601d52a1ae1747f5b8299/element/f.37FD799F3153CD067689FB9668CC9BBA.d.E0FC923950D9FD454A3D350F62A29311.e.1761/click - {}
RESULT: {}
RESULT: {}
COMMAND: GET /session/2c3e5cc3018601d52a1ae1747f5b8299/screenshot - {}
RESULT: {}
COMMAND: POST /session/2c3e5cc3018601d52a1ae1747f5b8299/execute/async - {"script":"<script> [1562 bytes]","args":[{"selector":{"controlType":"sap.m.IconTabFilter","viewName":"etm.portal.ui.managepartners.view.Master","viewId":"application-managepartners-display-component---masterPtm","properties":{"text":"Filter"},"searchOpenDialogs":true,"interaction":{"idSuffix":"text"}},"wdio_ui5_key":"etmportal.ui.managepartners.view.Mastersap.m.IconTabFilter{\"text\":\"Filter\"}"}]}
RESULT: {"script":"<script> [1562 bytes]","args":[{"selector":{"controlType":"sap.m.IconTabFilter","viewName":"etm.portal.ui.managepartners.view.Master","viewId":"application-managepartners-display-component---masterPtm","properties":{"text":"Filter"},"searchOpenDialogs":true,"interaction":{"idSuffix":"text"}},"wdio_ui5_key":"etmportal.ui.managepartners.view.Mastersap.m.IconTabFilter{\"text\":\"Filter\"}"}]}
RESULT: undefined
COMMAND: POST /session/2c3e5cc3018601d52a1ae1747f5b8299/element - {"using":"xpath","value":"//*[@id=\"__filter10\"]"}
RESULT: {"using":"xpath","value":"//*[@id=\"__filter10\"]"}
COMMAND: POST /session/2c3e5cc3018601d52a1ae1747f5b8299/element/f.37FD799F3153CD067689FB9668CC9BBA.d.E0FC923950D9FD454A3D350F62A29311.e.2091/click - {}
RESULT: {}
COMMAND: GET /session/2c3e5cc3018601d52a1ae1747f5b8299/screenshot - {}
RESULT: {}
COMMAND: POST /session/2c3e5cc3018601d52a1ae1747f5b8299/element - {"using":"xpath","value":"//input[@placeholder=\"Filter by\"]/following-sibling::div//span"}
RESULT: {"using":"xpath","value":"//input[@placeholder=\"Filter by\"]/following-sibling::div//span"}
COMMAND: POST /session/2c3e5cc3018601d52a1ae1747f5b8299/element/f.37FD799F3153CD067689FB9668CC9BBA.d.E0FC923950D9FD454A3D350F62A29311.e.2094/click - {}
RESULT: {}
COMMAND: GET /session/2c3e5cc3018601d52a1ae1747f5b8299/screenshot - {}
RESULT: {}
COMMAND: POST /session/2c3e5cc3018601d52a1ae1747f5b8299/element - {"using":"xpath","value":"//li[.//span[text()=\"Preferred Yard\"]]"}
RESULT: {"using":"xpath","value":"//li[.//span[text()=\"Preferred Yard\"]]"}
COMMAND: POST /session/2c3e5cc3018601d52a1ae1747f5b8299/element/f.37FD799F3153CD067689FB9668CC9BBA.d.E0FC923950D9FD454A3D350F62A29311.e.2095/click - {}
RESULT: {}
COMMAND: GET /session/2c3e5cc3018601d52a1ae1747f5b8299/screenshot - {}
RESULT: {}
COMMAND: POST /session/2c3e5cc3018601d52a1ae1747f5b8299/execute/async - {"script":"<script> [1562 bytes]","args":[{"selector":{"id":"FilterPanel-filterItemControl_BASIC-application-managepartners-display-component---masterPtm--smartTable-YARDYARD-vhi","searchOpenDialogs":true},"wdio_ui5_key":"FilterPanelfilterItemControl_BASIC-application-managepartners-display-component---masterPtm--smartTable-YARDYARD-vhi"}]}
RESULT: {"script":"<script> [1562 bytes]","args":[{"selector":{"id":"FilterPanel-filterItemControl_BASIC-application-managepartners-display-component---masterPtm--smartTable-YARDYARD-vhi","searchOpenDialogs":true},"wdio_ui5_key":"FilterPanelfilterItemControl_BASIC-application-managepartners-display-component---masterPtm--smartTable-YARDYARD-vhi"}]}
RESULT: undefined
COMMAND: POST /session/2c3e5cc3018601d52a1ae1747f5b8299/element - {"using":"xpath","value":"//*[@id=\"FilterPanel-filterItemControl_BASIC-application-managepartners-display-component---masterPtm--smartTable-YARDYARD-vhi\"]"}
RESULT: {"using":"xpath","value":"//*[@id=\"FilterPanel-filterItemControl_BASIC-application-managepartners-display-component---masterPtm--smartTable-YARDYARD-vhi\"]"}
COMMAND: POST /session/2c3e5cc3018601d52a1ae1747f5b8299/element/f.37FD799F3153CD067689FB9668CC9BBA.d.E0FC923950D9FD454A3D350F62A29311.e.2098/click - {}
RESULT: {}
COMMAND: GET /session/2c3e5cc3018601d52a1ae1747f5b8299/screenshot - {}
RESULT: {}
COMMAND: POST /session/2c3e5cc3018601d52a1ae1747f5b8299/execute/async - {"script":"<script> [1562 bytes]","args":[{"selector":{"id":"FilterPanel-filterItemControl_BASIC-application-managepartners-display-component---masterPtm--smartTable-YARDYARD-valueHelpDialog-smartFilterBar-btnBasicSearch","searchOpenDialogs":true,"interaction":{"idSuffix":"I"}},"wdio_ui5_key":"FilterPanelfilterItemControl_BASIC-application-managepartners-display-component---masterPtm--smartTable-YARDYARD-valueHelpDialog-smartFilterBar-btnBasicSearch"}]}
RESULT: {"script":"<script> [1562 bytes]","args":[{"selector":{"id":"FilterPanel-filterItemControl_BASIC-application-managepartners-display-component---masterPtm--smartTable-YARDYARD-valueHelpDialog-smartFilterBar-btnBasicSearch","searchOpenDialogs":true,"interaction":{"idSuffix":"I"}},"wdio_ui5_key":"FilterPanelfilterItemControl_BASIC-application-managepartners-display-component---masterPtm--smartTable-YARDYARD-valueHelpDialog-smartFilterBar-btnBasicSearch"}]}
RESULT: undefined
COMMAND: POST /session/2c3e5cc3018601d52a1ae1747f5b8299/execute/async - {"script":"<script> [776 bytes]","args":[{"enterText":"413","selector":{"id":"FilterPanel-filterItemControl_BASIC-application-managepartners-display-component---masterPtm--smartTable-YARDYARD-valueHelpDialog-smartFilterBar-btnBasicSearch","searchOpenDialogs":true,"interaction":{"idSuffix":"I"}},"clearTextFirst":true,"interactionType":"ENTER_TEXT"}]}
RESULT: {"script":"<script> [776 bytes]","args":[{"enterText":"413","selector":{"id":"FilterPanel-filterItemControl_BASIC-application-managepartners-display-component---masterPtm--smartTable-YARDYARD-valueHelpDialog-smartFilterBar-btnBasicSearch","searchOpenDialogs":true,"interaction":{"idSuffix":"I"}},"clearTextFirst":true,"interactionType":"ENTER_TEXT"}]}
COMMAND: POST /session/2c3e5cc3018601d52a1ae1747f5b8299/actions - {"actions":[{"id":"action3","type":"key","parameters":{},"actions":[{"type":"keyDown","value":"î€‡"},{"type":"pause","duration":10},{"type":"keyUp","value":"î€‡"}]}]}
RESULT: {"actions":[{"id":"action3","type":"key","parameters":{},"actions":[{"type":"keyDown","value":"î€‡"},{"type":"pause","duration":10},{"type":"keyUp","value":"î€‡"}]}]}
COMMAND: GET /session/2c3e5cc3018601d52a1ae1747f5b8299/screenshot - {}
RESULT: {}
COMMAND: POST /session/2c3e5cc3018601d52a1ae1747f5b8299/elements - {"using":"xpath","value":"//table[contains(@id, \"smartTable-YARDYARD-valueHelpDialog-table-table\")]/tbody/tr"}
RESULT: {"using":"xpath","value":"//table[contains(@id, \"smartTable-YARDYARD-valueHelpDialog-table-table\")]/tbody/tr"}
COMMAND: POST /session/2c3e5cc3018601d52a1ae1747f5b8299/element - {"using":"xpath","value":"//table[contains(@id, \"smartTable-YARDYARD-valueHelpDialog-table-table\")]/tbody/tr[1]/td[1]/div/span"}
RESULT: {"using":"xpath","value":"//table[contains(@id, \"smartTable-YARDYARD-valueHelpDialog-table-table\")]/tbody/tr[1]/td[1]/div/span"}
COMMAND: POST /session/2c3e5cc3018601d52a1ae1747f5b8299/elements - {"using":"xpath","value":"//table[contains(@id, \"smartTable-YARDYARD-valueHelpDialog-table-table\")]/tbody/tr[1]/td[1]/div/span"}
RESULT: {"using":"xpath","value":"//table[contains(@id, \"smartTable-YARDYARD-valueHelpDialog-table-table\")]/tbody/tr[1]/td[1]/div/span"}
COMMAND: POST /session/2c3e5cc3018601d52a1ae1747f5b8299/execute/sync - {"script":"<script> [56 bytes]","args":[{"element-6066-11e4-a52e-4f735466cecf":"f.37FD799F3153CD067689FB9668CC9BBA.d.E0FC923950D9FD454A3D350F62A29311.e.2117","ELEMENT":"f.37FD799F3153CD067689FB9668CC9BBA.d.E0FC923950D9FD454A3D350F62A29311.e.2117"}]}
RESULT: {"script":"<script> [56 bytes]","args":[{"element-6066-11e4-a52e-4f735466cecf":"f.37FD799F3153CD067689FB9668CC9BBA.d.E0FC923950D9FD454A3D350F62A29311.e.2117","ELEMENT":"f.37FD799F3153CD067689FB9668CC9BBA.d.E0FC923950D9FD454A3D350F62A29311.e.2117"}]}
COMMAND: POST /session/2c3e5cc3018601d52a1ae1747f5b8299/element - {"using":"xpath","value":"//table[contains(@id, \"smartTable-YARDYARD-valueHelpDialog-table-table\")]/tbody/tr[2]/td[1]/div/span"}
COMMAND: GET /session/2c3e5cc3018601d52a1ae1747f5b8299/screenshot - {}
RESULT: {"using":"xpath","value":"//table[contains(@id, \"smartTable-YARDYARD-valueHelpDialog-table-table\")]/tbody/tr[2]/td[1]/div/span"}
COMMAND: POST /session/2c3e5cc3018601d52a1ae1747f5b8299/elements - {"using":"xpath","value":"//table[contains(@id, \"smartTable-YARDYARD-valueHelpDialog-table-table\")]/tbody/tr[2]/td[1]/div/span"}
RESULT: {}
RESULT: {"using":"xpath","value":"//table[contains(@id, \"smartTable-YARDYARD-valueHelpDialog-table-table\")]/tbody/tr[2]/td[1]/div/span"}
COMMAND: POST /session/2c3e5cc3018601d52a1ae1747f5b8299/execute/sync - {"script":"<script> [56 bytes]","args":[{"element-6066-11e4-a52e-4f735466cecf":"f.37FD799F3153CD067689FB9668CC9BBA.d.E0FC923950D9FD454A3D350F62A29311.e.2118","ELEMENT":"f.37FD799F3153CD067689FB9668CC9BBA.d.E0FC923950D9FD454A3D350F62A29311.e.2118"}]}
RESULT: {"script":"<script> [56 bytes]","args":[{"element-6066-11e4-a52e-4f735466cecf":"f.37FD799F3153CD067689FB9668CC9BBA.d.E0FC923950D9FD454A3D350F62A29311.e.2118","ELEMENT":"f.37FD799F3153CD067689FB9668CC9BBA.d.E0FC923950D9FD454A3D350F62A29311.e.2118"}]}
COMMAND: POST /session/2c3e5cc3018601d52a1ae1747f5b8299/element - {"using":"xpath","value":"//div[contains(@id, \"YARDYARD-valueHelpDialog-table-rowsel1\")]"}
COMMAND: GET /session/2c3e5cc3018601d52a1ae1747f5b8299/screenshot - {}
RESULT: {"using":"xpath","value":"//div[contains(@id, \"YARDYARD-valueHelpDialog-table-rowsel1\")]"}
COMMAND: POST /session/2c3e5cc3018601d52a1ae1747f5b8299/element/f.37FD799F3153CD067689FB9668CC9BBA.d.E0FC923950D9FD454A3D350F62A29311.e.2119/click - {}
RESULT: {}
RESULT: {}
COMMAND: GET /session/2c3e5cc3018601d52a1ae1747f5b8299/screenshot - {}
RESULT: {}
COMMAND: POST /session/2c3e5cc3018601d52a1ae1747f5b8299/element - {"using":"xpath","value":"(//bdi[contains(text(), \"OK\")])[2]"}
RESULT: {"using":"xpath","value":"(//bdi[contains(text(), \"OK\")])[2]"}
COMMAND: POST /session/2c3e5cc3018601d52a1ae1747f5b8299/element/f.37FD799F3153CD067689FB9668CC9BBA.d.E0FC923950D9FD454A3D350F62A29311.e.2121/click - {}
RESULT: {}
COMMAND: GET /session/2c3e5cc3018601d52a1ae1747f5b8299/screenshot - {}
RESULT: {}
COMMAND: POST /session/2c3e5cc3018601d52a1ae1747f5b8299/element - {"using":"xpath","value":"//bdi[contains(text(), \"OK\")]"}
RESULT: {"using":"xpath","value":"//bdi[contains(text(), \"OK\")]"}
COMMAND: POST /session/2c3e5cc3018601d52a1ae1747f5b8299/element/f.37FD799F3153CD067689FB9668CC9BBA.d.E0FC923950D9FD454A3D350F62A29311.e.2124/click - {}
RESULT: {}
COMMAND: GET /session/2c3e5cc3018601d52a1ae1747f5b8299/screenshot - {}
RESULT: {}
COMMAND: POST /session/2c3e5cc3018601d52a1ae1747f5b8299/element - {"using":"xpath","value":"//table[contains(@id, \"customPartnersTable\")]//tbody/tr[1]/td[3]/span"}
RESULT: {"using":"xpath","value":"//table[contains(@id, \"customPartnersTable\")]//tbody/tr[1]/td[3]/span"}
COMMAND: POST /session/2c3e5cc3018601d52a1ae1747f5b8299/execute/sync - {"script":"<script> [56 bytes]","args":[{"element-6066-11e4-a52e-4f735466cecf":"f.37FD799F3153CD067689FB9668CC9BBA.d.E0FC923950D9FD454A3D350F62A29311.e.2087","ELEMENT":"f.37FD799F3153CD067689FB9668CC9BBA.d.E0FC923950D9FD454A3D350F62A29311.e.2087"}]}
RESULT: {"script":"<script> [56 bytes]","args":[{"element-6066-11e4-a52e-4f735466cecf":"f.37FD799F3153CD067689FB9668CC9BBA.d.E0FC923950D9FD454A3D350F62A29311.e.2087","ELEMENT":"f.37FD799F3153CD067689FB9668CC9BBA.d.E0FC923950D9FD454A3D350F62A29311.e.2087"}]}
COMMAND: POST /session/2c3e5cc3018601d52a1ae1747f5b8299/element - {"using":"css selector","value":"#shell-header-logo"}
COMMAND: GET /session/2c3e5cc3018601d52a1ae1747f5b8299/screenshot - {}
RESULT: {"using":"css selector","value":"#shell-header-logo"}
COMMAND: POST /session/2c3e5cc3018601d52a1ae1747f5b8299/element/f.37FD799F3153CD067689FB9668CC9BBA.d.E0FC923950D9FD454A3D350F62A29311.e.1711/click - {}
RESULT: {}
RESULT: {}
COMMAND: GET /session/2c3e5cc3018601d52a1ae1747f5b8299/screenshot - {}
RESULT: {}
]]></system-out>
    </testcase>
    <testcase classname="chrome.136_0_7103_93.windows.Partner_specific_tests_US150819_US151080_US151654_US151176_US103444_US151078_US151079_US151109_US151174_US151175_US151189" name="Should deactivate the created partner in earlier step US151654" time="51.462">
      <system-out><![CDATA[
COMMAND: POST /session/2c3e5cc3018601d52a1ae1747f5b8299/element - {"using":"xpath","value":"//li[.//span[text()=\"Manage Partners\"]]"}
RESULT: {"using":"xpath","value":"//li[.//span[text()=\"Manage Partners\"]]"}
COMMAND: POST /session/2c3e5cc3018601d52a1ae1747f5b8299/element - {"using":"xpath","value":"//li[.//span[text()=\"Manage Partners\"]]"}
RESULT: {"using":"xpath","value":"//li[.//span[text()=\"Manage Partners\"]]"}
COMMAND: POST /session/2c3e5cc3018601d52a1ae1747f5b8299/element - {"using":"css selector","value":"#shell-header-logo"}
RESULT: {"using":"css selector","value":"#shell-header-logo"}
COMMAND: POST /session/2c3e5cc3018601d52a1ae1747f5b8299/element/f.37FD799F3153CD067689FB9668CC9BBA.d.E0FC923950D9FD454A3D350F62A29311.e.2173/click - {}
COMMAND: POST /session/2c3e5cc3018601d52a1ae1747f5b8299/execute/sync - {"script":"<script> [8489 bytes]","args":[{"element-6066-11e4-a52e-4f735466cecf":"f.37FD799F3153CD067689FB9668CC9BBA.d.E0FC923950D9FD454A3D350F62A29311.e.2173","ELEMENT":"f.37FD799F3153CD067689FB9668CC9BBA.d.E0FC923950D9FD454A3D350F62A29311.e.2173"}]}
RESULT: {"script":"<script> [8489 bytes]","args":[{"element-6066-11e4-a52e-4f735466cecf":"f.37FD799F3153CD067689FB9668CC9BBA.d.E0FC923950D9FD454A3D350F62A29311.e.2173","ELEMENT":"f.37FD799F3153CD067689FB9668CC9BBA.d.E0FC923950D9FD454A3D350F62A29311.e.2173"}]}
COMMAND: POST /session/2c3e5cc3018601d52a1ae1747f5b8299/execute/sync - {"script":"<script> [5351 bytes]","args":[{"element-6066-11e4-a52e-4f735466cecf":"f.37FD799F3153CD067689FB9668CC9BBA.d.E0FC923950D9FD454A3D350F62A29311.e.2173","ELEMENT":"f.37FD799F3153CD067689FB9668CC9BBA.d.E0FC923950D9FD454A3D350F62A29311.e.2173"}]}
COMMAND: GET /session/2c3e5cc3018601d52a1ae1747f5b8299/screenshot - {}
RESULT: {}
COMMAND: GET /session/2c3e5cc3018601d52a1ae1747f5b8299/screenshot - {}
RESULT: {"script":"<script> [5351 bytes]","args":[{"element-6066-11e4-a52e-4f735466cecf":"f.37FD799F3153CD067689FB9668CC9BBA.d.E0FC923950D9FD454A3D350F62A29311.e.2173","ELEMENT":"f.37FD799F3153CD067689FB9668CC9BBA.d.E0FC923950D9FD454A3D350F62A29311.e.2173"}]}
COMMAND: GET /session/2c3e5cc3018601d52a1ae1747f5b8299/screenshot - {}
RESULT: {}
RESULT: {}
RESULT: {}
RESULT: undefined
COMMAND: POST /session/2c3e5cc3018601d52a1ae1747f5b8299/element - {"using":"xpath","value":"//*[@id=\"__tile38\"]"}
RESULT: {"using":"xpath","value":"//*[@id=\"__tile38\"]"}
COMMAND: POST /session/2c3e5cc3018601d52a1ae1747f5b8299/element/f.37FD799F3153CD067689FB9668CC9BBA.d.E0FC923950D9FD454A3D350F62A29311.e.155/click - {}
RESULT: {}
COMMAND: GET /session/2c3e5cc3018601d52a1ae1747f5b8299/screenshot - {}
RESULT: {}
COMMAND: POST /session/2c3e5cc3018601d52a1ae1747f5b8299/elements - {"using":"xpath","value":"//span[text()='Error']"}
RESULT: {"using":"xpath","value":"//span[text()='Error']"}
COMMAND: POST /session/2c3e5cc3018601d52a1ae1747f5b8299/element - {"using":"xpath","value":"//button[@data-kt=\"addButton\"]"}
RESULT: {"using":"xpath","value":"//button[@data-kt=\"addButton\"]"}
COMMAND: POST /session/2c3e5cc3018601d52a1ae1747f5b8299/elements - {"using":"xpath","value":"//button[@data-kt=\"addButton\"]"}
RESULT: {"using":"xpath","value":"//button[@data-kt=\"addButton\"]"}
COMMAND: POST /session/2c3e5cc3018601d52a1ae1747f5b8299/execute/sync - {"script":"<script> [8489 bytes]","args":[{"element-6066-11e4-a52e-4f735466cecf":"f.37FD799F3153CD067689FB9668CC9BBA.d.E0FC923950D9FD454A3D350F62A29311.e.2218","ELEMENT":"f.37FD799F3153CD067689FB9668CC9BBA.d.E0FC923950D9FD454A3D350F62A29311.e.2218"}]}
RESULT: {"script":"<script> [8489 bytes]","args":[{"element-6066-11e4-a52e-4f735466cecf":"f.37FD799F3153CD067689FB9668CC9BBA.d.E0FC923950D9FD454A3D350F62A29311.e.2218","ELEMENT":"f.37FD799F3153CD067689FB9668CC9BBA.d.E0FC923950D9FD454A3D350F62A29311.e.2218"}]}
COMMAND: GET /session/2c3e5cc3018601d52a1ae1747f5b8299/element/f.37FD799F3153CD067689FB9668CC9BBA.d.E0FC923950D9FD454A3D350F62A29311.e.2218/enabled - {}
COMMAND: GET /session/2c3e5cc3018601d52a1ae1747f5b8299/screenshot - {}
RESULT: {}
COMMAND: POST /session/2c3e5cc3018601d52a1ae1747f5b8299/execute/sync - {"script":"<script> [8489 bytes]","args":[{"element-6066-11e4-a52e-4f735466cecf":"f.37FD799F3153CD067689FB9668CC9BBA.d.E0FC923950D9FD454A3D350F62A29311.e.2218","ELEMENT":"f.37FD799F3153CD067689FB9668CC9BBA.d.E0FC923950D9FD454A3D350F62A29311.e.2218"}]}
COMMAND: GET /session/2c3e5cc3018601d52a1ae1747f5b8299/screenshot - {}
RESULT: {}
RESULT: {"script":"<script> [8489 bytes]","args":[{"element-6066-11e4-a52e-4f735466cecf":"f.37FD799F3153CD067689FB9668CC9BBA.d.E0FC923950D9FD454A3D350F62A29311.e.2218","ELEMENT":"f.37FD799F3153CD067689FB9668CC9BBA.d.E0FC923950D9FD454A3D350F62A29311.e.2218"}]}
COMMAND: POST /session/2c3e5cc3018601d52a1ae1747f5b8299/execute/sync - {"script":"<script> [5351 bytes]","args":[{"element-6066-11e4-a52e-4f735466cecf":"f.37FD799F3153CD067689FB9668CC9BBA.d.E0FC923950D9FD454A3D350F62A29311.e.2218","ELEMENT":"f.37FD799F3153CD067689FB9668CC9BBA.d.E0FC923950D9FD454A3D350F62A29311.e.2218"}]}
COMMAND: GET /session/2c3e5cc3018601d52a1ae1747f5b8299/screenshot - {}
RESULT: {}
RESULT: {"script":"<script> [5351 bytes]","args":[{"element-6066-11e4-a52e-4f735466cecf":"f.37FD799F3153CD067689FB9668CC9BBA.d.E0FC923950D9FD454A3D350F62A29311.e.2218","ELEMENT":"f.37FD799F3153CD067689FB9668CC9BBA.d.E0FC923950D9FD454A3D350F62A29311.e.2218"}]}
COMMAND: GET /session/2c3e5cc3018601d52a1ae1747f5b8299/screenshot - {}
RESULT: {}
RESULT: {}
COMMAND: POST /session/2c3e5cc3018601d52a1ae1747f5b8299/execute/async - {"script":"<script> [1562 bytes]","args":[{"selector":{"id":"application-managepartners-display-component---masterPtm--smartFilterBar-btnBasicSearch","interaction":{"idSuffix":"I"}},"wdio_ui5_key":"applicationmanagepartners-display-component---masterPtm--smartFilterBar-btnBasicSearch"}]}
RESULT: {"script":"<script> [1562 bytes]","args":[{"selector":{"id":"application-managepartners-display-component---masterPtm--smartFilterBar-btnBasicSearch","interaction":{"idSuffix":"I"}},"wdio_ui5_key":"applicationmanagepartners-display-component---masterPtm--smartFilterBar-btnBasicSearch"}]}
RESULT: undefined
COMMAND: POST /session/2c3e5cc3018601d52a1ae1747f5b8299/execute/async - {"script":"<script> [776 bytes]","args":[{"enterText":"1224","selector":{"id":"application-managepartners-display-component---masterPtm--smartFilterBar-btnBasicSearch","interaction":{"idSuffix":"I"}},"clearTextFirst":true,"interactionType":"ENTER_TEXT"}]}
RESULT: {"script":"<script> [776 bytes]","args":[{"enterText":"1224","selector":{"id":"application-managepartners-display-component---masterPtm--smartFilterBar-btnBasicSearch","interaction":{"idSuffix":"I"}},"clearTextFirst":true,"interactionType":"ENTER_TEXT"}]}
COMMAND: POST /session/2c3e5cc3018601d52a1ae1747f5b8299/actions - {"actions":[{"id":"action4","type":"key","parameters":{},"actions":[{"type":"keyDown","value":"î€‡"},{"type":"pause","duration":10},{"type":"keyUp","value":"î€‡"}]}]}
RESULT: {"actions":[{"id":"action4","type":"key","parameters":{},"actions":[{"type":"keyDown","value":"î€‡"},{"type":"pause","duration":10},{"type":"keyUp","value":"î€‡"}]}]}
COMMAND: GET /session/2c3e5cc3018601d52a1ae1747f5b8299/screenshot - {}
RESULT: {}
COMMAND: POST /session/2c3e5cc3018601d52a1ae1747f5b8299/elements - {"using":"xpath","value":"//table[contains(@id, \"customPartnersTable-listUl\")]/tbody/tr"}
RESULT: {"using":"xpath","value":"//table[contains(@id, \"customPartnersTable-listUl\")]/tbody/tr"}
COMMAND: POST /session/2c3e5cc3018601d52a1ae1747f5b8299/element - {"using":"xpath","value":"//table[contains(@id, \"customPartnersTable-listUl\")]/tbody/tr[1]/td[3]/span"}
RESULT: {"using":"xpath","value":"//table[contains(@id, \"customPartnersTable-listUl\")]/tbody/tr[1]/td[3]/span"}
COMMAND: POST /session/2c3e5cc3018601d52a1ae1747f5b8299/elements - {"using":"xpath","value":"//table[contains(@id, \"customPartnersTable-listUl\")]/tbody/tr[1]/td[3]/span"}
RESULT: {"using":"xpath","value":"//table[contains(@id, \"customPartnersTable-listUl\")]/tbody/tr[1]/td[3]/span"}
COMMAND: POST /session/2c3e5cc3018601d52a1ae1747f5b8299/execute/sync - {"script":"<script> [56 bytes]","args":[{"element-6066-11e4-a52e-4f735466cecf":"f.37FD799F3153CD067689FB9668CC9BBA.d.E0FC923950D9FD454A3D350F62A29311.e.2354","ELEMENT":"f.37FD799F3153CD067689FB9668CC9BBA.d.E0FC923950D9FD454A3D350F62A29311.e.2354"}]}
RESULT: {"script":"<script> [56 bytes]","args":[{"element-6066-11e4-a52e-4f735466cecf":"f.37FD799F3153CD067689FB9668CC9BBA.d.E0FC923950D9FD454A3D350F62A29311.e.2354","ELEMENT":"f.37FD799F3153CD067689FB9668CC9BBA.d.E0FC923950D9FD454A3D350F62A29311.e.2354"}]}
COMMAND: POST /session/2c3e5cc3018601d52a1ae1747f5b8299/element - {"using":"xpath","value":"//table[contains(@id, \"customPartnersTable-listUl\")]/tbody/tr[1]/td[7]/div/span"}
COMMAND: GET /session/2c3e5cc3018601d52a1ae1747f5b8299/screenshot - {}
RESULT: {"using":"xpath","value":"//table[contains(@id, \"customPartnersTable-listUl\")]/tbody/tr[1]/td[7]/div/span"}
COMMAND: POST /session/2c3e5cc3018601d52a1ae1747f5b8299/execute/sync - {"script":"<script> [56 bytes]","args":[{"element-6066-11e4-a52e-4f735466cecf":"f.37FD799F3153CD067689FB9668CC9BBA.d.E0FC923950D9FD454A3D350F62A29311.e.2355","ELEMENT":"f.37FD799F3153CD067689FB9668CC9BBA.d.E0FC923950D9FD454A3D350F62A29311.e.2355"}]}
RESULT: {}
RESULT: {"script":"<script> [56 bytes]","args":[{"element-6066-11e4-a52e-4f735466cecf":"f.37FD799F3153CD067689FB9668CC9BBA.d.E0FC923950D9FD454A3D350F62A29311.e.2355","ELEMENT":"f.37FD799F3153CD067689FB9668CC9BBA.d.E0FC923950D9FD454A3D350F62A29311.e.2355"}]}
COMMAND: POST /session/2c3e5cc3018601d52a1ae1747f5b8299/element - {"using":"xpath","value":"//table[contains(@id, \"customPartnersTable-listUl\")]/tbody/tr[1]/td[2]/div/div"}
COMMAND: GET /session/2c3e5cc3018601d52a1ae1747f5b8299/screenshot - {}
RESULT: {"using":"xpath","value":"//table[contains(@id, \"customPartnersTable-listUl\")]/tbody/tr[1]/td[2]/div/div"}
COMMAND: POST /session/2c3e5cc3018601d52a1ae1747f5b8299/element/f.37FD799F3153CD067689FB9668CC9BBA.d.E0FC923950D9FD454A3D350F62A29311.e.2356/click - {}
RESULT: {}
RESULT: {}
COMMAND: GET /session/2c3e5cc3018601d52a1ae1747f5b8299/screenshot - {}
RESULT: {}
COMMAND: POST /session/2c3e5cc3018601d52a1ae1747f5b8299/element - {"using":"xpath","value":"//bdi[contains(text(), \"Deactivate\")]"}
RESULT: {"using":"xpath","value":"//bdi[contains(text(), \"Deactivate\")]"}
COMMAND: POST /session/2c3e5cc3018601d52a1ae1747f5b8299/element/f.37FD799F3153CD067689FB9668CC9BBA.d.E0FC923950D9FD454A3D350F62A29311.e.2357/click - {}
RESULT: {}
COMMAND: GET /session/2c3e5cc3018601d52a1ae1747f5b8299/screenshot - {}
RESULT: {}
COMMAND: POST /session/2c3e5cc3018601d52a1ae1747f5b8299/element - {"using":"xpath","value":"//bdi[contains(text(), \"Yes\")]"}
RESULT: {"using":"xpath","value":"//bdi[contains(text(), \"Yes\")]"}
COMMAND: POST /session/2c3e5cc3018601d52a1ae1747f5b8299/element/f.37FD799F3153CD067689FB9668CC9BBA.d.E0FC923950D9FD454A3D350F62A29311.e.2359/click - {}
RESULT: {}
COMMAND: GET /session/2c3e5cc3018601d52a1ae1747f5b8299/screenshot - {}
RESULT: {}
COMMAND: POST /session/2c3e5cc3018601d52a1ae1747f5b8299/element - {"using":"xpath","value":"//table[contains(@id, \"customPartnersTable-listUl\")]/tbody/tr[1]/td[7]/div/span"}
RESULT: {"using":"xpath","value":"//table[contains(@id, \"customPartnersTable-listUl\")]/tbody/tr[1]/td[7]/div/span"}
COMMAND: POST /session/2c3e5cc3018601d52a1ae1747f5b8299/execute/sync - {"script":"<script> [56 bytes]","args":[{"element-6066-11e4-a52e-4f735466cecf":"f.37FD799F3153CD067689FB9668CC9BBA.d.E0FC923950D9FD454A3D350F62A29311.e.2355","ELEMENT":"f.37FD799F3153CD067689FB9668CC9BBA.d.E0FC923950D9FD454A3D350F62A29311.e.2355"}]}
RESULT: {"script":"<script> [56 bytes]","args":[{"element-6066-11e4-a52e-4f735466cecf":"f.37FD799F3153CD067689FB9668CC9BBA.d.E0FC923950D9FD454A3D350F62A29311.e.2355","ELEMENT":"f.37FD799F3153CD067689FB9668CC9BBA.d.E0FC923950D9FD454A3D350F62A29311.e.2355"}]}
COMMAND: GET /session/2c3e5cc3018601d52a1ae1747f5b8299/screenshot - {}
RESULT: {}
COMMAND: POST /session/2c3e5cc3018601d52a1ae1747f5b8299/element - {"using":"css selector","value":"#shell-header-logo"}
RESULT: {"using":"css selector","value":"#shell-header-logo"}
COMMAND: POST /session/2c3e5cc3018601d52a1ae1747f5b8299/element/f.37FD799F3153CD067689FB9668CC9BBA.d.E0FC923950D9FD454A3D350F62A29311.e.2173/click - {}
RESULT: {}
COMMAND: GET /session/2c3e5cc3018601d52a1ae1747f5b8299/screenshot - {}
RESULT: {}
]]></system-out>
    </testcase>
    <testcase classname="chrome.136_0_7103_93.windows.Partner_specific_tests_US150819_US151080_US151654_US151176_US103444_US151078_US151079_US151109_US151174_US151175_US151189" name="Should activate the created partner again US151176" time="50.562">
      <system-out><![CDATA[
COMMAND: POST /session/2c3e5cc3018601d52a1ae1747f5b8299/element - {"using":"xpath","value":"//li[.//span[text()=\"Manage Partners\"]]"}
RESULT: {"using":"xpath","value":"//li[.//span[text()=\"Manage Partners\"]]"}
COMMAND: POST /session/2c3e5cc3018601d52a1ae1747f5b8299/element - {"using":"xpath","value":"//li[.//span[text()=\"Manage Partners\"]]"}
RESULT: {"using":"xpath","value":"//li[.//span[text()=\"Manage Partners\"]]"}
COMMAND: POST /session/2c3e5cc3018601d52a1ae1747f5b8299/element - {"using":"css selector","value":"#shell-header-logo"}
RESULT: {"using":"css selector","value":"#shell-header-logo"}
COMMAND: POST /session/2c3e5cc3018601d52a1ae1747f5b8299/element/f.37FD799F3153CD067689FB9668CC9BBA.d.E0FC923950D9FD454A3D350F62A29311.e.2363/click - {}
COMMAND: POST /session/2c3e5cc3018601d52a1ae1747f5b8299/execute/sync - {"script":"<script> [8489 bytes]","args":[{"element-6066-11e4-a52e-4f735466cecf":"f.37FD799F3153CD067689FB9668CC9BBA.d.E0FC923950D9FD454A3D350F62A29311.e.2363","ELEMENT":"f.37FD799F3153CD067689FB9668CC9BBA.d.E0FC923950D9FD454A3D350F62A29311.e.2363"}]}
RESULT: {"script":"<script> [8489 bytes]","args":[{"element-6066-11e4-a52e-4f735466cecf":"f.37FD799F3153CD067689FB9668CC9BBA.d.E0FC923950D9FD454A3D350F62A29311.e.2363","ELEMENT":"f.37FD799F3153CD067689FB9668CC9BBA.d.E0FC923950D9FD454A3D350F62A29311.e.2363"}]}
COMMAND: POST /session/2c3e5cc3018601d52a1ae1747f5b8299/execute/sync - {"script":"<script> [5351 bytes]","args":[{"element-6066-11e4-a52e-4f735466cecf":"f.37FD799F3153CD067689FB9668CC9BBA.d.E0FC923950D9FD454A3D350F62A29311.e.2363","ELEMENT":"f.37FD799F3153CD067689FB9668CC9BBA.d.E0FC923950D9FD454A3D350F62A29311.e.2363"}]}
COMMAND: GET /session/2c3e5cc3018601d52a1ae1747f5b8299/screenshot - {}
RESULT: {}
COMMAND: GET /session/2c3e5cc3018601d52a1ae1747f5b8299/screenshot - {}
RESULT: {"script":"<script> [5351 bytes]","args":[{"element-6066-11e4-a52e-4f735466cecf":"f.37FD799F3153CD067689FB9668CC9BBA.d.E0FC923950D9FD454A3D350F62A29311.e.2363","ELEMENT":"f.37FD799F3153CD067689FB9668CC9BBA.d.E0FC923950D9FD454A3D350F62A29311.e.2363"}]}
COMMAND: GET /session/2c3e5cc3018601d52a1ae1747f5b8299/screenshot - {}
RESULT: {}
RESULT: {}
RESULT: {}
RESULT: undefined
COMMAND: POST /session/2c3e5cc3018601d52a1ae1747f5b8299/element - {"using":"xpath","value":"//*[@id=\"__tile38\"]"}
RESULT: {"using":"xpath","value":"//*[@id=\"__tile38\"]"}
COMMAND: POST /session/2c3e5cc3018601d52a1ae1747f5b8299/element/f.37FD799F3153CD067689FB9668CC9BBA.d.E0FC923950D9FD454A3D350F62A29311.e.155/click - {}
RESULT: {}
COMMAND: GET /session/2c3e5cc3018601d52a1ae1747f5b8299/screenshot - {}
RESULT: {}
COMMAND: POST /session/2c3e5cc3018601d52a1ae1747f5b8299/elements - {"using":"xpath","value":"//span[text()='Error']"}
RESULT: {"using":"xpath","value":"//span[text()='Error']"}
COMMAND: POST /session/2c3e5cc3018601d52a1ae1747f5b8299/element - {"using":"xpath","value":"//button[@data-kt=\"addButton\"]"}
RESULT: {"using":"xpath","value":"//button[@data-kt=\"addButton\"]"}
COMMAND: POST /session/2c3e5cc3018601d52a1ae1747f5b8299/elements - {"using":"xpath","value":"//button[@data-kt=\"addButton\"]"}
RESULT: {"using":"xpath","value":"//button[@data-kt=\"addButton\"]"}
COMMAND: POST /session/2c3e5cc3018601d52a1ae1747f5b8299/execute/sync - {"script":"<script> [8489 bytes]","args":[{"element-6066-11e4-a52e-4f735466cecf":"f.37FD799F3153CD067689FB9668CC9BBA.d.E0FC923950D9FD454A3D350F62A29311.e.2408","ELEMENT":"f.37FD799F3153CD067689FB9668CC9BBA.d.E0FC923950D9FD454A3D350F62A29311.e.2408"}]}
RESULT: {"script":"<script> [8489 bytes]","args":[{"element-6066-11e4-a52e-4f735466cecf":"f.37FD799F3153CD067689FB9668CC9BBA.d.E0FC923950D9FD454A3D350F62A29311.e.2408","ELEMENT":"f.37FD799F3153CD067689FB9668CC9BBA.d.E0FC923950D9FD454A3D350F62A29311.e.2408"}]}
COMMAND: GET /session/2c3e5cc3018601d52a1ae1747f5b8299/element/f.37FD799F3153CD067689FB9668CC9BBA.d.E0FC923950D9FD454A3D350F62A29311.e.2408/enabled - {}
COMMAND: GET /session/2c3e5cc3018601d52a1ae1747f5b8299/screenshot - {}
RESULT: {}
COMMAND: POST /session/2c3e5cc3018601d52a1ae1747f5b8299/execute/sync - {"script":"<script> [8489 bytes]","args":[{"element-6066-11e4-a52e-4f735466cecf":"f.37FD799F3153CD067689FB9668CC9BBA.d.E0FC923950D9FD454A3D350F62A29311.e.2408","ELEMENT":"f.37FD799F3153CD067689FB9668CC9BBA.d.E0FC923950D9FD454A3D350F62A29311.e.2408"}]}
COMMAND: GET /session/2c3e5cc3018601d52a1ae1747f5b8299/screenshot - {}
RESULT: {}
RESULT: {"script":"<script> [8489 bytes]","args":[{"element-6066-11e4-a52e-4f735466cecf":"f.37FD799F3153CD067689FB9668CC9BBA.d.E0FC923950D9FD454A3D350F62A29311.e.2408","ELEMENT":"f.37FD799F3153CD067689FB9668CC9BBA.d.E0FC923950D9FD454A3D350F62A29311.e.2408"}]}
COMMAND: POST /session/2c3e5cc3018601d52a1ae1747f5b8299/execute/sync - {"script":"<script> [5351 bytes]","args":[{"element-6066-11e4-a52e-4f735466cecf":"f.37FD799F3153CD067689FB9668CC9BBA.d.E0FC923950D9FD454A3D350F62A29311.e.2408","ELEMENT":"f.37FD799F3153CD067689FB9668CC9BBA.d.E0FC923950D9FD454A3D350F62A29311.e.2408"}]}
COMMAND: GET /session/2c3e5cc3018601d52a1ae1747f5b8299/screenshot - {}
RESULT: {}
RESULT: {"script":"<script> [5351 bytes]","args":[{"element-6066-11e4-a52e-4f735466cecf":"f.37FD799F3153CD067689FB9668CC9BBA.d.E0FC923950D9FD454A3D350F62A29311.e.2408","ELEMENT":"f.37FD799F3153CD067689FB9668CC9BBA.d.E0FC923950D9FD454A3D350F62A29311.e.2408"}]}
COMMAND: GET /session/2c3e5cc3018601d52a1ae1747f5b8299/screenshot - {}
RESULT: {}
RESULT: {}
RESULT: undefined
COMMAND: POST /session/2c3e5cc3018601d52a1ae1747f5b8299/execute/async - {"script":"<script> [776 bytes]","args":[{"enterText":"1224","selector":{"id":"application-managepartners-display-component---masterPtm--smartFilterBar-btnBasicSearch","interaction":{"idSuffix":"I"}},"clearTextFirst":true,"interactionType":"ENTER_TEXT"}]}
RESULT: {"script":"<script> [776 bytes]","args":[{"enterText":"1224","selector":{"id":"application-managepartners-display-component---masterPtm--smartFilterBar-btnBasicSearch","interaction":{"idSuffix":"I"}},"clearTextFirst":true,"interactionType":"ENTER_TEXT"}]}
COMMAND: POST /session/2c3e5cc3018601d52a1ae1747f5b8299/actions - {"actions":[{"id":"action5","type":"key","parameters":{},"actions":[{"type":"keyDown","value":"î€‡"},{"type":"pause","duration":10},{"type":"keyUp","value":"î€‡"}]}]}
RESULT: {"actions":[{"id":"action5","type":"key","parameters":{},"actions":[{"type":"keyDown","value":"î€‡"},{"type":"pause","duration":10},{"type":"keyUp","value":"î€‡"}]}]}
COMMAND: GET /session/2c3e5cc3018601d52a1ae1747f5b8299/screenshot - {}
RESULT: {}
COMMAND: POST /session/2c3e5cc3018601d52a1ae1747f5b8299/elements - {"using":"xpath","value":"//table[contains(@id, \"customPartnersTable-listUl\")]/tbody/tr"}
RESULT: {"using":"xpath","value":"//table[contains(@id, \"customPartnersTable-listUl\")]/tbody/tr"}
COMMAND: POST /session/2c3e5cc3018601d52a1ae1747f5b8299/element - {"using":"xpath","value":"//table[contains(@id, \"customPartnersTable-listUl\")]/tbody/tr[1]/td[3]/span"}
RESULT: {"using":"xpath","value":"//table[contains(@id, \"customPartnersTable-listUl\")]/tbody/tr[1]/td[3]/span"}
COMMAND: POST /session/2c3e5cc3018601d52a1ae1747f5b8299/elements - {"using":"xpath","value":"//table[contains(@id, \"customPartnersTable-listUl\")]/tbody/tr[1]/td[3]/span"}
RESULT: {"using":"xpath","value":"//table[contains(@id, \"customPartnersTable-listUl\")]/tbody/tr[1]/td[3]/span"}
COMMAND: POST /session/2c3e5cc3018601d52a1ae1747f5b8299/execute/sync - {"script":"<script> [56 bytes]","args":[{"element-6066-11e4-a52e-4f735466cecf":"f.37FD799F3153CD067689FB9668CC9BBA.d.E0FC923950D9FD454A3D350F62A29311.e.2544","ELEMENT":"f.37FD799F3153CD067689FB9668CC9BBA.d.E0FC923950D9FD454A3D350F62A29311.e.2544"}]}
RESULT: {"script":"<script> [56 bytes]","args":[{"element-6066-11e4-a52e-4f735466cecf":"f.37FD799F3153CD067689FB9668CC9BBA.d.E0FC923950D9FD454A3D350F62A29311.e.2544","ELEMENT":"f.37FD799F3153CD067689FB9668CC9BBA.d.E0FC923950D9FD454A3D350F62A29311.e.2544"}]}
COMMAND: POST /session/2c3e5cc3018601d52a1ae1747f5b8299/element - {"using":"xpath","value":"//table[contains(@id, \"customPartnersTable-listUl\")]/tbody/tr[1]/td[7]/div/span"}
COMMAND: GET /session/2c3e5cc3018601d52a1ae1747f5b8299/screenshot - {}
RESULT: {"using":"xpath","value":"//table[contains(@id, \"customPartnersTable-listUl\")]/tbody/tr[1]/td[7]/div/span"}
COMMAND: POST /session/2c3e5cc3018601d52a1ae1747f5b8299/execute/sync - {"script":"<script> [56 bytes]","args":[{"element-6066-11e4-a52e-4f735466cecf":"f.37FD799F3153CD067689FB9668CC9BBA.d.E0FC923950D9FD454A3D350F62A29311.e.2545","ELEMENT":"f.37FD799F3153CD067689FB9668CC9BBA.d.E0FC923950D9FD454A3D350F62A29311.e.2545"}]}
RESULT: {}
RESULT: {"script":"<script> [56 bytes]","args":[{"element-6066-11e4-a52e-4f735466cecf":"f.37FD799F3153CD067689FB9668CC9BBA.d.E0FC923950D9FD454A3D350F62A29311.e.2545","ELEMENT":"f.37FD799F3153CD067689FB9668CC9BBA.d.E0FC923950D9FD454A3D350F62A29311.e.2545"}]}
COMMAND: POST /session/2c3e5cc3018601d52a1ae1747f5b8299/element - {"using":"xpath","value":"//table[contains(@id, \"customPartnersTable-listUl\")]/tbody/tr[1]/td[2]/div/div"}
COMMAND: GET /session/2c3e5cc3018601d52a1ae1747f5b8299/screenshot - {}
RESULT: {"using":"xpath","value":"//table[contains(@id, \"customPartnersTable-listUl\")]/tbody/tr[1]/td[2]/div/div"}
COMMAND: POST /session/2c3e5cc3018601d52a1ae1747f5b8299/element/f.37FD799F3153CD067689FB9668CC9BBA.d.E0FC923950D9FD454A3D350F62A29311.e.2546/click - {}
RESULT: {}
RESULT: {}
COMMAND: GET /session/2c3e5cc3018601d52a1ae1747f5b8299/screenshot - {}
RESULT: {}
COMMAND: POST /session/2c3e5cc3018601d52a1ae1747f5b8299/element - {"using":"xpath","value":"//bdi[contains(text(), \"Activate\")]"}
RESULT: {"using":"xpath","value":"//bdi[contains(text(), \"Activate\")]"}
COMMAND: POST /session/2c3e5cc3018601d52a1ae1747f5b8299/element/f.37FD799F3153CD067689FB9668CC9BBA.d.E0FC923950D9FD454A3D350F62A29311.e.2547/click - {}
RESULT: {}
COMMAND: GET /session/2c3e5cc3018601d52a1ae1747f5b8299/screenshot - {}
RESULT: {}
COMMAND: POST /session/2c3e5cc3018601d52a1ae1747f5b8299/element - {"using":"xpath","value":"//bdi[contains(text(), \"Yes\")]"}
RESULT: {"using":"xpath","value":"//bdi[contains(text(), \"Yes\")]"}
COMMAND: POST /session/2c3e5cc3018601d52a1ae1747f5b8299/element/f.37FD799F3153CD067689FB9668CC9BBA.d.E0FC923950D9FD454A3D350F62A29311.e.2549/click - {}
RESULT: {}
COMMAND: GET /session/2c3e5cc3018601d52a1ae1747f5b8299/screenshot - {}
RESULT: {}
COMMAND: POST /session/2c3e5cc3018601d52a1ae1747f5b8299/element - {"using":"xpath","value":"//table[contains(@id, \"customPartnersTable-listUl\")]/tbody/tr[1]/td[7]/div/span"}
RESULT: {"using":"xpath","value":"//table[contains(@id, \"customPartnersTable-listUl\")]/tbody/tr[1]/td[7]/div/span"}
COMMAND: POST /session/2c3e5cc3018601d52a1ae1747f5b8299/execute/sync - {"script":"<script> [56 bytes]","args":[{"element-6066-11e4-a52e-4f735466cecf":"f.37FD799F3153CD067689FB9668CC9BBA.d.E0FC923950D9FD454A3D350F62A29311.e.2545","ELEMENT":"f.37FD799F3153CD067689FB9668CC9BBA.d.E0FC923950D9FD454A3D350F62A29311.e.2545"}]}
RESULT: {"script":"<script> [56 bytes]","args":[{"element-6066-11e4-a52e-4f735466cecf":"f.37FD799F3153CD067689FB9668CC9BBA.d.E0FC923950D9FD454A3D350F62A29311.e.2545","ELEMENT":"f.37FD799F3153CD067689FB9668CC9BBA.d.E0FC923950D9FD454A3D350F62A29311.e.2545"}]}
COMMAND: GET /session/2c3e5cc3018601d52a1ae1747f5b8299/screenshot - {}
RESULT: {}
COMMAND: POST /session/2c3e5cc3018601d52a1ae1747f5b8299/element - {"using":"css selector","value":"#shell-header-logo"}
RESULT: {"using":"css selector","value":"#shell-header-logo"}
COMMAND: POST /session/2c3e5cc3018601d52a1ae1747f5b8299/element/f.37FD799F3153CD067689FB9668CC9BBA.d.E0FC923950D9FD454A3D350F62A29311.e.2363/click - {}
RESULT: {}
COMMAND: GET /session/2c3e5cc3018601d52a1ae1747f5b8299/screenshot - {}
RESULT: {}
]]></system-out>
    </testcase>
    <testcase classname="chrome.136_0_7103_93.windows.Partner_specific_tests_US150819_US151080_US151654_US151176_US103444_US151078_US151079_US151109_US151174_US151175_US151189" name="Should edit the created external partner and save it and check its content US103444" time="62.467">
      <system-out><![CDATA[
COMMAND: POST /session/2c3e5cc3018601d52a1ae1747f5b8299/element - {"using":"xpath","value":"//li[.//span[text()=\"Manage Partners\"]]"}
RESULT: {"using":"xpath","value":"//li[.//span[text()=\"Manage Partners\"]]"}
COMMAND: POST /session/2c3e5cc3018601d52a1ae1747f5b8299/element - {"using":"xpath","value":"//li[.//span[text()=\"Manage Partners\"]]"}
RESULT: {"using":"xpath","value":"//li[.//span[text()=\"Manage Partners\"]]"}
COMMAND: POST /session/2c3e5cc3018601d52a1ae1747f5b8299/element - {"using":"css selector","value":"#shell-header-logo"}
RESULT: {"using":"css selector","value":"#shell-header-logo"}
COMMAND: POST /session/2c3e5cc3018601d52a1ae1747f5b8299/element/f.37FD799F3153CD067689FB9668CC9BBA.d.E0FC923950D9FD454A3D350F62A29311.e.2553/click - {}
COMMAND: POST /session/2c3e5cc3018601d52a1ae1747f5b8299/execute/sync - {"script":"<script> [8489 bytes]","args":[{"element-6066-11e4-a52e-4f735466cecf":"f.37FD799F3153CD067689FB9668CC9BBA.d.E0FC923950D9FD454A3D350F62A29311.e.2553","ELEMENT":"f.37FD799F3153CD067689FB9668CC9BBA.d.E0FC923950D9FD454A3D350F62A29311.e.2553"}]}
RESULT: {"script":"<script> [8489 bytes]","args":[{"element-6066-11e4-a52e-4f735466cecf":"f.37FD799F3153CD067689FB9668CC9BBA.d.E0FC923950D9FD454A3D350F62A29311.e.2553","ELEMENT":"f.37FD799F3153CD067689FB9668CC9BBA.d.E0FC923950D9FD454A3D350F62A29311.e.2553"}]}
COMMAND: POST /session/2c3e5cc3018601d52a1ae1747f5b8299/execute/sync - {"script":"<script> [5351 bytes]","args":[{"element-6066-11e4-a52e-4f735466cecf":"f.37FD799F3153CD067689FB9668CC9BBA.d.E0FC923950D9FD454A3D350F62A29311.e.2553","ELEMENT":"f.37FD799F3153CD067689FB9668CC9BBA.d.E0FC923950D9FD454A3D350F62A29311.e.2553"}]}
COMMAND: GET /session/2c3e5cc3018601d52a1ae1747f5b8299/screenshot - {}
RESULT: {}
COMMAND: GET /session/2c3e5cc3018601d52a1ae1747f5b8299/screenshot - {}
RESULT: {"script":"<script> [5351 bytes]","args":[{"element-6066-11e4-a52e-4f735466cecf":"f.37FD799F3153CD067689FB9668CC9BBA.d.E0FC923950D9FD454A3D350F62A29311.e.2553","ELEMENT":"f.37FD799F3153CD067689FB9668CC9BBA.d.E0FC923950D9FD454A3D350F62A29311.e.2553"}]}
COMMAND: GET /session/2c3e5cc3018601d52a1ae1747f5b8299/screenshot - {}
RESULT: {}
RESULT: {}
RESULT: {}
RESULT: undefined
COMMAND: POST /session/2c3e5cc3018601d52a1ae1747f5b8299/element - {"using":"xpath","value":"//*[@id=\"__tile38\"]"}
RESULT: {"using":"xpath","value":"//*[@id=\"__tile38\"]"}
COMMAND: POST /session/2c3e5cc3018601d52a1ae1747f5b8299/element/f.37FD799F3153CD067689FB9668CC9BBA.d.E0FC923950D9FD454A3D350F62A29311.e.155/click - {}
RESULT: {}
COMMAND: GET /session/2c3e5cc3018601d52a1ae1747f5b8299/screenshot - {}
RESULT: {}
COMMAND: POST /session/2c3e5cc3018601d52a1ae1747f5b8299/elements - {"using":"xpath","value":"//span[text()='Error']"}
RESULT: {"using":"xpath","value":"//span[text()='Error']"}
COMMAND: POST /session/2c3e5cc3018601d52a1ae1747f5b8299/element - {"using":"xpath","value":"//button[@data-kt=\"addButton\"]"}
RESULT: {"using":"xpath","value":"//button[@data-kt=\"addButton\"]"}
COMMAND: POST /session/2c3e5cc3018601d52a1ae1747f5b8299/elements - {"using":"xpath","value":"//button[@data-kt=\"addButton\"]"}
RESULT: {"using":"xpath","value":"//button[@data-kt=\"addButton\"]"}
COMMAND: POST /session/2c3e5cc3018601d52a1ae1747f5b8299/execute/sync - {"script":"<script> [8489 bytes]","args":[{"element-6066-11e4-a52e-4f735466cecf":"f.37FD799F3153CD067689FB9668CC9BBA.d.E0FC923950D9FD454A3D350F62A29311.e.2598","ELEMENT":"f.37FD799F3153CD067689FB9668CC9BBA.d.E0FC923950D9FD454A3D350F62A29311.e.2598"}]}
RESULT: {"script":"<script> [8489 bytes]","args":[{"element-6066-11e4-a52e-4f735466cecf":"f.37FD799F3153CD067689FB9668CC9BBA.d.E0FC923950D9FD454A3D350F62A29311.e.2598","ELEMENT":"f.37FD799F3153CD067689FB9668CC9BBA.d.E0FC923950D9FD454A3D350F62A29311.e.2598"}]}
COMMAND: GET /session/2c3e5cc3018601d52a1ae1747f5b8299/element/f.37FD799F3153CD067689FB9668CC9BBA.d.E0FC923950D9FD454A3D350F62A29311.e.2598/enabled - {}
COMMAND: GET /session/2c3e5cc3018601d52a1ae1747f5b8299/screenshot - {}
RESULT: {}
COMMAND: POST /session/2c3e5cc3018601d52a1ae1747f5b8299/execute/sync - {"script":"<script> [8489 bytes]","args":[{"element-6066-11e4-a52e-4f735466cecf":"f.37FD799F3153CD067689FB9668CC9BBA.d.E0FC923950D9FD454A3D350F62A29311.e.2598","ELEMENT":"f.37FD799F3153CD067689FB9668CC9BBA.d.E0FC923950D9FD454A3D350F62A29311.e.2598"}]}
COMMAND: GET /session/2c3e5cc3018601d52a1ae1747f5b8299/screenshot - {}
RESULT: {}
RESULT: {"script":"<script> [8489 bytes]","args":[{"element-6066-11e4-a52e-4f735466cecf":"f.37FD799F3153CD067689FB9668CC9BBA.d.E0FC923950D9FD454A3D350F62A29311.e.2598","ELEMENT":"f.37FD799F3153CD067689FB9668CC9BBA.d.E0FC923950D9FD454A3D350F62A29311.e.2598"}]}
COMMAND: POST /session/2c3e5cc3018601d52a1ae1747f5b8299/execute/sync - {"script":"<script> [5351 bytes]","args":[{"element-6066-11e4-a52e-4f735466cecf":"f.37FD799F3153CD067689FB9668CC9BBA.d.E0FC923950D9FD454A3D350F62A29311.e.2598","ELEMENT":"f.37FD799F3153CD067689FB9668CC9BBA.d.E0FC923950D9FD454A3D350F62A29311.e.2598"}]}
COMMAND: GET /session/2c3e5cc3018601d52a1ae1747f5b8299/screenshot - {}
RESULT: {}
RESULT: {"script":"<script> [5351 bytes]","args":[{"element-6066-11e4-a52e-4f735466cecf":"f.37FD799F3153CD067689FB9668CC9BBA.d.E0FC923950D9FD454A3D350F62A29311.e.2598","ELEMENT":"f.37FD799F3153CD067689FB9668CC9BBA.d.E0FC923950D9FD454A3D350F62A29311.e.2598"}]}
COMMAND: GET /session/2c3e5cc3018601d52a1ae1747f5b8299/screenshot - {}
RESULT: {}
RESULT: {}
RESULT: undefined
COMMAND: POST /session/2c3e5cc3018601d52a1ae1747f5b8299/execute/async - {"script":"<script> [776 bytes]","args":[{"enterText":"1224","selector":{"id":"application-managepartners-display-component---masterPtm--smartFilterBar-btnBasicSearch","interaction":{"idSuffix":"I"}},"clearTextFirst":true,"interactionType":"ENTER_TEXT"}]}
RESULT: {"script":"<script> [776 bytes]","args":[{"enterText":"1224","selector":{"id":"application-managepartners-display-component---masterPtm--smartFilterBar-btnBasicSearch","interaction":{"idSuffix":"I"}},"clearTextFirst":true,"interactionType":"ENTER_TEXT"}]}
COMMAND: POST /session/2c3e5cc3018601d52a1ae1747f5b8299/actions - {"actions":[{"id":"action6","type":"key","parameters":{},"actions":[{"type":"keyDown","value":"î€‡"},{"type":"pause","duration":10},{"type":"keyUp","value":"î€‡"}]}]}
RESULT: {"actions":[{"id":"action6","type":"key","parameters":{},"actions":[{"type":"keyDown","value":"î€‡"},{"type":"pause","duration":10},{"type":"keyUp","value":"î€‡"}]}]}
COMMAND: GET /session/2c3e5cc3018601d52a1ae1747f5b8299/screenshot - {}
RESULT: {}
COMMAND: POST /session/2c3e5cc3018601d52a1ae1747f5b8299/elements - {"using":"xpath","value":"//table[contains(@id, \"customPartnersTable-listUl\")]/tbody/tr"}
RESULT: {"using":"xpath","value":"//table[contains(@id, \"customPartnersTable-listUl\")]/tbody/tr"}
COMMAND: POST /session/2c3e5cc3018601d52a1ae1747f5b8299/element - {"using":"xpath","value":"//table[contains(@id, \"customPartnersTable-listUl\")]/tbody/tr[1]/td[3]/span"}
RESULT: {"using":"xpath","value":"//table[contains(@id, \"customPartnersTable-listUl\")]/tbody/tr[1]/td[3]/span"}
COMMAND: POST /session/2c3e5cc3018601d52a1ae1747f5b8299/elements - {"using":"xpath","value":"//table[contains(@id, \"customPartnersTable-listUl\")]/tbody/tr[1]/td[3]/span"}
RESULT: {"using":"xpath","value":"//table[contains(@id, \"customPartnersTable-listUl\")]/tbody/tr[1]/td[3]/span"}
COMMAND: POST /session/2c3e5cc3018601d52a1ae1747f5b8299/execute/sync - {"script":"<script> [56 bytes]","args":[{"element-6066-11e4-a52e-4f735466cecf":"f.37FD799F3153CD067689FB9668CC9BBA.d.E0FC923950D9FD454A3D350F62A29311.e.2733","ELEMENT":"f.37FD799F3153CD067689FB9668CC9BBA.d.E0FC923950D9FD454A3D350F62A29311.e.2733"}]}
RESULT: {"script":"<script> [56 bytes]","args":[{"element-6066-11e4-a52e-4f735466cecf":"f.37FD799F3153CD067689FB9668CC9BBA.d.E0FC923950D9FD454A3D350F62A29311.e.2733","ELEMENT":"f.37FD799F3153CD067689FB9668CC9BBA.d.E0FC923950D9FD454A3D350F62A29311.e.2733"}]}
COMMAND: POST /session/2c3e5cc3018601d52a1ae1747f5b8299/element - {"using":"xpath","value":"(//span[contains(@id, \"imgNav\")])[1]"}
COMMAND: GET /session/2c3e5cc3018601d52a1ae1747f5b8299/screenshot - {}
RESULT: {"using":"xpath","value":"(//span[contains(@id, \"imgNav\")])[1]"}
COMMAND: POST /session/2c3e5cc3018601d52a1ae1747f5b8299/element/f.37FD799F3153CD067689FB9668CC9BBA.d.E0FC923950D9FD454A3D350F62A29311.e.2731/click - {}
RESULT: {}
RESULT: {}
COMMAND: GET /session/2c3e5cc3018601d52a1ae1747f5b8299/screenshot - {}
RESULT: {}
COMMAND: POST /session/2c3e5cc3018601d52a1ae1747f5b8299/element - {"using":"xpath","value":"//bdi[contains(text(), \"Edit\")]"}
RESULT: {"using":"xpath","value":"//bdi[contains(text(), \"Edit\")]"}
COMMAND: POST /session/2c3e5cc3018601d52a1ae1747f5b8299/element/f.37FD799F3153CD067689FB9668CC9BBA.d.E0FC923950D9FD454A3D350F62A29311.e.2872/click - {}
RESULT: {}
COMMAND: GET /session/2c3e5cc3018601d52a1ae1747f5b8299/screenshot - {}
RESULT: {}
COMMAND: POST /session/2c3e5cc3018601d52a1ae1747f5b8299/execute/async - {"script":"<script> [1562 bytes]","args":[{"selector":{"controlType":"sap.m.Input","viewName":"etm.portal.ui.managepartners.view.EditDetail","labelFor":{"text":"Name"},"interaction":{"idSuffix":"inner"}},"wdio_ui5_key":"etmportal.ui.managepartners.view.EditDetailsap.m.Input{\"text\":\"Name\"}"}]}
RESULT: {"script":"<script> [1562 bytes]","args":[{"selector":{"controlType":"sap.m.Input","viewName":"etm.portal.ui.managepartners.view.EditDetail","labelFor":{"text":"Name"},"interaction":{"idSuffix":"inner"}},"wdio_ui5_key":"etmportal.ui.managepartners.view.EditDetailsap.m.Input{\"text\":\"Name\"}"}]}
RESULT: undefined
COMMAND: POST /session/2c3e5cc3018601d52a1ae1747f5b8299/execute/async - {"script":"<script> [776 bytes]","args":[{"enterText":"External EDIT","selector":{"controlType":"sap.m.Input","viewName":"etm.portal.ui.managepartners.view.EditDetail","labelFor":{"text":"Name"},"interaction":{"idSuffix":"inner"}},"clearTextFirst":true,"interactionType":"ENTER_TEXT"}]}
RESULT: {"script":"<script> [776 bytes]","args":[{"enterText":"External EDIT","selector":{"controlType":"sap.m.Input","viewName":"etm.portal.ui.managepartners.view.EditDetail","labelFor":{"text":"Name"},"interaction":{"idSuffix":"inner"}},"clearTextFirst":true,"interactionType":"ENTER_TEXT"}]}
COMMAND: POST /session/2c3e5cc3018601d52a1ae1747f5b8299/element - {"using":"xpath","value":"(//span[contains(@id,\"addressDetailDetailsLanguage-arrow\")])[1]"}
RESULT: {"using":"xpath","value":"(//span[contains(@id,\"addressDetailDetailsLanguage-arrow\")])[1]"}
COMMAND: POST /session/2c3e5cc3018601d52a1ae1747f5b8299/element/f.37FD799F3153CD067689FB9668CC9BBA.d.E0FC923950D9FD454A3D350F62A29311.e.2948/click - {}
RESULT: {}
COMMAND: POST /session/2c3e5cc3018601d52a1ae1747f5b8299/element - {"using":"xpath","value":"//span[contains(text(), \"Chinese\")]"}
COMMAND: GET /session/2c3e5cc3018601d52a1ae1747f5b8299/screenshot - {}
RESULT: {"using":"xpath","value":"//span[contains(text(), \"Chinese\")]"}
COMMAND: POST /session/2c3e5cc3018601d52a1ae1747f5b8299/element/f.37FD799F3153CD067689FB9668CC9BBA.d.E0FC923950D9FD454A3D350F62A29311.e.2949/click - {}
RESULT: {}
RESULT: {}
COMMAND: GET /session/2c3e5cc3018601d52a1ae1747f5b8299/screenshot - {}
RESULT: {}
COMMAND: POST /session/2c3e5cc3018601d52a1ae1747f5b8299/execute/async - {"script":"<script> [1562 bytes]","args":[{"selector":{"controlType":"sap.m.Input","viewName":"etm.portal.ui.managepartners.view.EditDetail","labelFor":{"text":"City"},"interaction":{"idSuffix":"inner"}},"wdio_ui5_key":"etmportal.ui.managepartners.view.EditDetailsap.m.Input{\"text\":\"City\"}"}]}
RESULT: {"script":"<script> [1562 bytes]","args":[{"selector":{"controlType":"sap.m.Input","viewName":"etm.portal.ui.managepartners.view.EditDetail","labelFor":{"text":"City"},"interaction":{"idSuffix":"inner"}},"wdio_ui5_key":"etmportal.ui.managepartners.view.EditDetailsap.m.Input{\"text\":\"City\"}"}]}
RESULT: undefined
COMMAND: POST /session/2c3e5cc3018601d52a1ae1747f5b8299/execute/async - {"script":"<script> [776 bytes]","args":[{"enterText":"Clooj-Napoca","selector":{"controlType":"sap.m.Input","viewName":"etm.portal.ui.managepartners.view.EditDetail","labelFor":{"text":"City"},"interaction":{"idSuffix":"inner"}},"clearTextFirst":true,"interactionType":"ENTER_TEXT"}]}
RESULT: {"script":"<script> [776 bytes]","args":[{"enterText":"Clooj-Napoca","selector":{"controlType":"sap.m.Input","viewName":"etm.portal.ui.managepartners.view.EditDetail","labelFor":{"text":"City"},"interaction":{"idSuffix":"inner"}},"clearTextFirst":true,"interactionType":"ENTER_TEXT"}]}
COMMAND: POST /session/2c3e5cc3018601d52a1ae1747f5b8299/element - {"using":"xpath","value":"//button[@data-kt=\"saveButton\"]"}
RESULT: {"using":"xpath","value":"//button[@data-kt=\"saveButton\"]"}
COMMAND: POST /session/2c3e5cc3018601d52a1ae1747f5b8299/element/f.37FD799F3153CD067689FB9668CC9BBA.d.E0FC923950D9FD454A3D350F62A29311.e.2931/click - {}
RESULT: {}
COMMAND: GET /session/2c3e5cc3018601d52a1ae1747f5b8299/screenshot - {}
RESULT: {}
COMMAND: POST /session/2c3e5cc3018601d52a1ae1747f5b8299/execute/async - {"script":"<script> [1562 bytes]","args":[{"selector":{"id":"application-managepartners-display-component---detailPtm--addressDetailDetailsName1"},"wdio_ui5_key":"applicationmanagepartners-display-component---detailPtm--addressDetailDetailsName1"}]}
RESULT: {"script":"<script> [1562 bytes]","args":[{"selector":{"id":"application-managepartners-display-component---detailPtm--addressDetailDetailsName1"},"wdio_ui5_key":"applicationmanagepartners-display-component---detailPtm--addressDetailDetailsName1"}]}
RESULT: undefined
COMMAND: POST /session/2c3e5cc3018601d52a1ae1747f5b8299/execute/async - {"script":"<script> [6424 bytes]","args":[{"element-6066-11e4-a52e-4f735466cecf":"f.37FD799F3153CD067689FB9668CC9BBA.d.E0FC923950D9FD454A3D350F62A29311.e.2980"},"getValue",[]]}
RESULT: {"script":"<script> [6424 bytes]","args":[{"element-6066-11e4-a52e-4f735466cecf":"f.37FD799F3153CD067689FB9668CC9BBA.d.E0FC923950D9FD454A3D350F62A29311.e.2980"},"getValue",[]]}
COMMAND: POST /session/2c3e5cc3018601d52a1ae1747f5b8299/element - {"using":"xpath","value":"//input[@id = \"application-managepartners-display-component---detailPtm--addressDetailDetailsLanguage-inner\"]"}
RESULT: {"using":"xpath","value":"//input[@id = \"application-managepartners-display-component---detailPtm--addressDetailDetailsLanguage-inner\"]"}
COMMAND: GET /session/2c3e5cc3018601d52a1ae1747f5b8299/element/f.37FD799F3153CD067689FB9668CC9BBA.d.E0FC923950D9FD454A3D350F62A29311.e.2981/property/value - {}
RESULT: {}
COMMAND: POST /session/2c3e5cc3018601d52a1ae1747f5b8299/execute/async - {"script":"<script> [1562 bytes]","args":[{"selector":{"id":"application-managepartners-display-component---detailPtm--addressDetailDetailsCity1"},"wdio_ui5_key":"applicationmanagepartners-display-component---detailPtm--addressDetailDetailsCity1"}]}
COMMAND: GET /session/2c3e5cc3018601d52a1ae1747f5b8299/screenshot - {}
RESULT: {"script":"<script> [1562 bytes]","args":[{"selector":{"id":"application-managepartners-display-component---detailPtm--addressDetailDetailsCity1"},"wdio_ui5_key":"applicationmanagepartners-display-component---detailPtm--addressDetailDetailsCity1"}]}
RESULT: undefined
COMMAND: POST /session/2c3e5cc3018601d52a1ae1747f5b8299/execute/async - {"script":"<script> [6424 bytes]","args":[{"element-6066-11e4-a52e-4f735466cecf":"f.37FD799F3153CD067689FB9668CC9BBA.d.E0FC923950D9FD454A3D350F62A29311.e.2982"},"getValue",[]]}
RESULT: {}
RESULT: {"script":"<script> [6424 bytes]","args":[{"element-6066-11e4-a52e-4f735466cecf":"f.37FD799F3153CD067689FB9668CC9BBA.d.E0FC923950D9FD454A3D350F62A29311.e.2982"},"getValue",[]]}
COMMAND: POST /session/2c3e5cc3018601d52a1ae1747f5b8299/element - {"using":"css selector","value":"#shell-header-logo"}
RESULT: {"using":"css selector","value":"#shell-header-logo"}
COMMAND: POST /session/2c3e5cc3018601d52a1ae1747f5b8299/element/f.37FD799F3153CD067689FB9668CC9BBA.d.E0FC923950D9FD454A3D350F62A29311.e.2553/click - {}
RESULT: {}
COMMAND: GET /session/2c3e5cc3018601d52a1ae1747f5b8299/screenshot - {}
RESULT: {}
]]></system-out>
    </testcase>
    <testcase classname="chrome.136_0_7103_93.windows.Partner_specific_tests_US150819_US151080_US151654_US151176_US103444_US151078_US151079_US151109_US151174_US151175_US151189" name="Should create a new intercompany partner edit some of its fields US151078" time="247.918">
      <system-out><![CDATA[
COMMAND: POST /session/2c3e5cc3018601d52a1ae1747f5b8299/element - {"using":"xpath","value":"//li[.//span[text()=\"Manage Partners\"]]"}
RESULT: {"using":"xpath","value":"//li[.//span[text()=\"Manage Partners\"]]"}
COMMAND: POST /session/2c3e5cc3018601d52a1ae1747f5b8299/element - {"using":"xpath","value":"//li[.//span[text()=\"Manage Partners\"]]"}
RESULT: {"using":"xpath","value":"//li[.//span[text()=\"Manage Partners\"]]"}
COMMAND: POST /session/2c3e5cc3018601d52a1ae1747f5b8299/element - {"using":"css selector","value":"#shell-header-logo"}
RESULT: {"using":"css selector","value":"#shell-header-logo"}
COMMAND: POST /session/2c3e5cc3018601d52a1ae1747f5b8299/element/f.37FD799F3153CD067689FB9668CC9BBA.d.E0FC923950D9FD454A3D350F62A29311.e.3013/click - {}
COMMAND: POST /session/2c3e5cc3018601d52a1ae1747f5b8299/execute/sync - {"script":"<script> [8489 bytes]","args":[{"element-6066-11e4-a52e-4f735466cecf":"f.37FD799F3153CD067689FB9668CC9BBA.d.E0FC923950D9FD454A3D350F62A29311.e.3013","ELEMENT":"f.37FD799F3153CD067689FB9668CC9BBA.d.E0FC923950D9FD454A3D350F62A29311.e.3013"}]}
RESULT: {}
COMMAND: GET /session/2c3e5cc3018601d52a1ae1747f5b8299/screenshot - {}
RESULT: {"script":"<script> [8489 bytes]","args":[{"element-6066-11e4-a52e-4f735466cecf":"f.37FD799F3153CD067689FB9668CC9BBA.d.E0FC923950D9FD454A3D350F62A29311.e.3013","ELEMENT":"f.37FD799F3153CD067689FB9668CC9BBA.d.E0FC923950D9FD454A3D350F62A29311.e.3013"}]}
COMMAND: POST /session/2c3e5cc3018601d52a1ae1747f5b8299/execute/sync - {"script":"<script> [5351 bytes]","args":[{"element-6066-11e4-a52e-4f735466cecf":"f.37FD799F3153CD067689FB9668CC9BBA.d.E0FC923950D9FD454A3D350F62A29311.e.3013","ELEMENT":"f.37FD799F3153CD067689FB9668CC9BBA.d.E0FC923950D9FD454A3D350F62A29311.e.3013"}]}
COMMAND: GET /session/2c3e5cc3018601d52a1ae1747f5b8299/screenshot - {}
RESULT: {}
RESULT: {"script":"<script> [5351 bytes]","args":[{"element-6066-11e4-a52e-4f735466cecf":"f.37FD799F3153CD067689FB9668CC9BBA.d.E0FC923950D9FD454A3D350F62A29311.e.3013","ELEMENT":"f.37FD799F3153CD067689FB9668CC9BBA.d.E0FC923950D9FD454A3D350F62A29311.e.3013"}]}
COMMAND: GET /session/2c3e5cc3018601d52a1ae1747f5b8299/screenshot - {}
RESULT: {}
RESULT: {}
COMMAND: POST /session/2c3e5cc3018601d52a1ae1747f5b8299/refresh - {}
RESULT: {}
COMMAND: GET /session/2c3e5cc3018601d52a1ae1747f5b8299/screenshot - {}
RESULT: {}
COMMAND: POST /session/2c3e5cc3018601d52a1ae1747f5b8299/refresh - {}
RESULT: {}
COMMAND: GET /session/2c3e5cc3018601d52a1ae1747f5b8299/screenshot - {}
RESULT: {}
COMMAND: POST /session/2c3e5cc3018601d52a1ae1747f5b8299/window/fullscreen - {}
RESULT: {}
COMMAND: POST /session/2c3e5cc3018601d52a1ae1747f5b8299/execute/async - {"script":"<script> [189 bytes]","args":[]}
RESULT: {"script":"<script> [189 bytes]","args":[]}
COMMAND: POST /session/2c3e5cc3018601d52a1ae1747f5b8299/execute/async - {"script":"<script> [123 bytes]","args":[]}
RESULT: {"script":"<script> [123 bytes]","args":[]}
COMMAND: POST /session/2c3e5cc3018601d52a1ae1747f5b8299/timeouts - {"script":"<number>"}
RESULT: {"script":"<number>"}
COMMAND: GET /session/2c3e5cc3018601d52a1ae1747f5b8299/timeouts - {}
RESULT: {}
RESULT: undefined
COMMAND: POST /session/2c3e5cc3018601d52a1ae1747f5b8299/execute/async - {"script":"<script> [2676 bytes]","args":[]}
RESULT: {"script":"<script> [2676 bytes]","args":[]}
COMMAND: POST /session/2c3e5cc3018601d52a1ae1747f5b8299/execute/async - {"script":"<script> [2342 bytes]","args":[{"protocol":"http","hostname":"0.0.0.0","path":"/","capabilities":{"browserName":"chrome","goog:chromeOptions":{"binary":"C:\\Program Files\\Google\\Chrome\\Application\\chrome.exe","args":["--start-maximized"]}},"logLevel":"warn","connectionRetryTimeout":120000,"connectionRetryCount":3,"logLevels":{},"enableDirectConnect":true,"strictSSL":true,"_":"65 more keys: [\"cacheDir\",\"port\",\"requestedCapabilities\",\"automationProtocol\",\"baseUrl\",\"waitforInterval\",\"waitforTimeout\",\"onReload\",\"beforeCommand\",\"afterCommand\",\"rootDir\",\"specs\",\"suites\",\"exclude\",\"groupLogsByTestSpec\",\"excludeDriverLogs\",\"bail\",\"framework\",\"reporters\",\"services\",\"maxInstances\",\"maxInstancesPerCapability\",\"injectGlobals\",\"filesToWatch\",\"execArgv\",\"runnerEnv\",\"runner\",\"shard\",\"specFileRetries\",\"specFileRetriesDelay\",\"specFileRetriesDeferred\",\"reporterSyncInterval\",\"reporterSyncTimeout\",\"cucumberFeaturesWithLineNumbers\",\"autoCompileOpts\",\"mochaOpts\",\"jasmineOpts\",\"cucumberOpts\",\"onPrepare\",\"onWorkerStart\",\"onWorkerEnd\",\"before\",\"beforeSession\",\"beforeSuite\",\"beforeHook\",\"beforeTest\",\"afterTest\",\"afterHook\",\"afterSuite\",\"afterSession\",\"after\",\"onComplete\",\"beforeAssertion\",\"afterAssertion\",\"beforeFeature\",\"beforeScenario\",\"beforeStep\",\"afterStep\",\"afterScenario\",\"afterFeature\",\"_\",\"suite\",\"$0\",\"ignoredWorkerServices\",\"wdi5\"]"}]}
RESULT: {"script":"<script> [2342 bytes]","args":[{"protocol":"http","hostname":"0.0.0.0","path":"/","capabilities":{"browserName":"chrome","goog:chromeOptions":{"binary":"C:\\Program Files\\Google\\Chrome\\Application\\chrome.exe","args":["--start-maximized"]}},"logLevel":"warn","connectionRetryTimeout":120000,"connectionRetryCount":3,"logLevels":{},"enableDirectConnect":true,"strictSSL":true,"_":"65 more keys: [\"cacheDir\",\"port\",\"requestedCapabilities\",\"automationProtocol\",\"baseUrl\",\"waitforInterval\",\"waitforTimeout\",\"onReload\",\"beforeCommand\",\"afterCommand\",\"rootDir\",\"specs\",\"suites\",\"exclude\",\"groupLogsByTestSpec\",\"excludeDriverLogs\",\"bail\",\"framework\",\"reporters\",\"services\",\"maxInstances\",\"maxInstancesPerCapability\",\"injectGlobals\",\"filesToWatch\",\"execArgv\",\"runnerEnv\",\"runner\",\"shard\",\"specFileRetries\",\"specFileRetriesDelay\",\"specFileRetriesDeferred\",\"reporterSyncInterval\",\"reporterSyncTimeout\",\"cucumberFeaturesWithLineNumbers\",\"autoCompileOpts\",\"mochaOpts\",\"jasmineOpts\",\"cucumberOpts\",\"onPrepare\",\"onWorkerStart\",\"onWorkerEnd\",\"before\",\"beforeSession\",\"beforeSuite\",\"beforeHook\",\"beforeTest\",\"afterTest\",\"afterHook\",\"afterSuite\",\"afterSession\",\"after\",\"onComplete\",\"beforeAssertion\",\"afterAssertion\",\"beforeFeature\",\"beforeScenario\",\"beforeStep\",\"afterStep\",\"afterScenario\",\"afterFeature\",\"_\",\"suite\",\"$0\",\"ignoredWorkerServices\",\"wdi5\"]"}]}
COMMAND: POST /session/2c3e5cc3018601d52a1ae1747f5b8299/execute/async - {"script":"<script> [21126 bytes]","args":[35000]}
RESULT: {"script":"<script> [21126 bytes]","args":[35000]}
COMMAND: POST /session/2c3e5cc3018601d52a1ae1747f5b8299/window/fullscreen - {}
RESULT: {}
COMMAND: POST /session/2c3e5cc3018601d52a1ae1747f5b8299/window/fullscreen - {}
RESULT: {}
COMMAND: POST /session/2c3e5cc3018601d52a1ae1747f5b8299/execute/async - {"script":"<script> [1562 bytes]","args":[{"selector":{"controlType":"sap.m.GenericTile","properties":{"header":"Manage Partners"}},"wdio_ui5_key":"sapm.GenericTile{\"header\":\"Manage Partners\"}"}]}
RESULT: {"script":"<script> [1562 bytes]","args":[{"selector":{"controlType":"sap.m.GenericTile","properties":{"header":"Manage Partners"}},"wdio_ui5_key":"sapm.GenericTile{\"header\":\"Manage Partners\"}"}]}
RESULT: undefined
COMMAND: POST /session/2c3e5cc3018601d52a1ae1747f5b8299/element - {"using":"xpath","value":"//*[@id=\"__tile30\"]"}
RESULT: {"using":"xpath","value":"//*[@id=\"__tile30\"]"}
COMMAND: POST /session/2c3e5cc3018601d52a1ae1747f5b8299/element/f.37FD799F3153CD067689FB9668CC9BBA.d.7FBE89F0B49F17AD40219C679930BF28.e.3146/click - {}
RESULT: {}
COMMAND: GET /session/2c3e5cc3018601d52a1ae1747f5b8299/screenshot - {}
RESULT: {}
COMMAND: POST /session/2c3e5cc3018601d52a1ae1747f5b8299/elements - {"using":"xpath","value":"//span[text()='Error']"}
RESULT: {"using":"xpath","value":"//span[text()='Error']"}
COMMAND: POST /session/2c3e5cc3018601d52a1ae1747f5b8299/element - {"using":"xpath","value":"//button[@data-kt=\"addButton\"]"}
RESULT: {"using":"xpath","value":"//button[@data-kt=\"addButton\"]"}
COMMAND: POST /session/2c3e5cc3018601d52a1ae1747f5b8299/elements - {"using":"xpath","value":"//button[@data-kt=\"addButton\"]"}
RESULT: {"using":"xpath","value":"//button[@data-kt=\"addButton\"]"}
COMMAND: POST /session/2c3e5cc3018601d52a1ae1747f5b8299/execute/sync - {"script":"<script> [8489 bytes]","args":[{"element-6066-11e4-a52e-4f735466cecf":"f.37FD799F3153CD067689FB9668CC9BBA.d.7FBE89F0B49F17AD40219C679930BF28.e.3272","ELEMENT":"f.37FD799F3153CD067689FB9668CC9BBA.d.7FBE89F0B49F17AD40219C679930BF28.e.3272"}]}
RESULT: {"script":"<script> [8489 bytes]","args":[{"element-6066-11e4-a52e-4f735466cecf":"f.37FD799F3153CD067689FB9668CC9BBA.d.7FBE89F0B49F17AD40219C679930BF28.e.3272","ELEMENT":"f.37FD799F3153CD067689FB9668CC9BBA.d.7FBE89F0B49F17AD40219C679930BF28.e.3272"}]}
COMMAND: GET /session/2c3e5cc3018601d52a1ae1747f5b8299/element/f.37FD799F3153CD067689FB9668CC9BBA.d.7FBE89F0B49F17AD40219C679930BF28.e.3272/enabled - {}
COMMAND: GET /session/2c3e5cc3018601d52a1ae1747f5b8299/screenshot - {}
RESULT: {}
COMMAND: POST /session/2c3e5cc3018601d52a1ae1747f5b8299/execute/sync - {"script":"<script> [8489 bytes]","args":[{"element-6066-11e4-a52e-4f735466cecf":"f.37FD799F3153CD067689FB9668CC9BBA.d.7FBE89F0B49F17AD40219C679930BF28.e.3272","ELEMENT":"f.37FD799F3153CD067689FB9668CC9BBA.d.7FBE89F0B49F17AD40219C679930BF28.e.3272"}]}
COMMAND: GET /session/2c3e5cc3018601d52a1ae1747f5b8299/screenshot - {}
RESULT: {}
RESULT: {"script":"<script> [8489 bytes]","args":[{"element-6066-11e4-a52e-4f735466cecf":"f.37FD799F3153CD067689FB9668CC9BBA.d.7FBE89F0B49F17AD40219C679930BF28.e.3272","ELEMENT":"f.37FD799F3153CD067689FB9668CC9BBA.d.7FBE89F0B49F17AD40219C679930BF28.e.3272"}]}
COMMAND: POST /session/2c3e5cc3018601d52a1ae1747f5b8299/execute/sync - {"script":"<script> [5351 bytes]","args":[{"element-6066-11e4-a52e-4f735466cecf":"f.37FD799F3153CD067689FB9668CC9BBA.d.7FBE89F0B49F17AD40219C679930BF28.e.3272","ELEMENT":"f.37FD799F3153CD067689FB9668CC9BBA.d.7FBE89F0B49F17AD40219C679930BF28.e.3272"}]}
COMMAND: GET /session/2c3e5cc3018601d52a1ae1747f5b8299/screenshot - {}
RESULT: {}
RESULT: {"script":"<script> [5351 bytes]","args":[{"element-6066-11e4-a52e-4f735466cecf":"f.37FD799F3153CD067689FB9668CC9BBA.d.7FBE89F0B49F17AD40219C679930BF28.e.3272","ELEMENT":"f.37FD799F3153CD067689FB9668CC9BBA.d.7FBE89F0B49F17AD40219C679930BF28.e.3272"}]}
COMMAND: POST /session/2c3e5cc3018601d52a1ae1747f5b8299/element/f.37FD799F3153CD067689FB9668CC9BBA.d.7FBE89F0B49F17AD40219C679930BF28.e.3272/click - {}
COMMAND: GET /session/2c3e5cc3018601d52a1ae1747f5b8299/screenshot - {}
RESULT: {}
RESULT: {}
COMMAND: GET /session/2c3e5cc3018601d52a1ae1747f5b8299/screenshot - {}
RESULT: {}
RESULT: {}
COMMAND: POST /session/2c3e5cc3018601d52a1ae1747f5b8299/execute/async - {"script":"<script> [1562 bytes]","args":[{"selector":{"id":"application-managepartners-display-component---NewPartner--addressDetailDetailsName1","interaction":{"idSuffix":"inner"}},"wdio_ui5_key":"applicationmanagepartners-display-component---NewPartner--addressDetailDetailsName1"}]}
RESULT: {"script":"<script> [1562 bytes]","args":[{"selector":{"id":"application-managepartners-display-component---NewPartner--addressDetailDetailsName1","interaction":{"idSuffix":"inner"}},"wdio_ui5_key":"applicationmanagepartners-display-component---NewPartner--addressDetailDetailsName1"}]}
RESULT: undefined
COMMAND: POST /session/2c3e5cc3018601d52a1ae1747f5b8299/execute/async - {"script":"<script> [776 bytes]","args":[{"enterText":"Intercompany Partner WDIO","selector":{"id":"application-managepartners-display-component---NewPartner--addressDetailDetailsName1","interaction":{"idSuffix":"inner"}},"clearTextFirst":true,"interactionType":"ENTER_TEXT"}]}
RESULT: {"script":"<script> [776 bytes]","args":[{"enterText":"Intercompany Partner WDIO","selector":{"id":"application-managepartners-display-component---NewPartner--addressDetailDetailsName1","interaction":{"idSuffix":"inner"}},"clearTextFirst":true,"interactionType":"ENTER_TEXT"}]}
COMMAND: POST /session/2c3e5cc3018601d52a1ae1747f5b8299/execute/async - {"script":"<script> [1562 bytes]","args":[{"selector":{"id":"application-managepartners-display-component---NewPartner--addressDetailDetailsLanguage-arrow"},"wdio_ui5_key":"applicationmanagepartners-display-component---NewPartner--addressDetailDetailsLanguage-arrow"}]}
RESULT: {"script":"<script> [1562 bytes]","args":[{"selector":{"id":"application-managepartners-display-component---NewPartner--addressDetailDetailsLanguage-arrow"},"wdio_ui5_key":"applicationmanagepartners-display-component---NewPartner--addressDetailDetailsLanguage-arrow"}]}
RESULT: undefined
COMMAND: POST /session/2c3e5cc3018601d52a1ae1747f5b8299/element - {"using":"xpath","value":"//*[@id=\"application-managepartners-display-component---NewPartner--addressDetailDetailsLanguage-arrow\"]"}
RESULT: {"using":"xpath","value":"//*[@id=\"application-managepartners-display-component---NewPartner--addressDetailDetailsLanguage-arrow\"]"}
COMMAND: POST /session/2c3e5cc3018601d52a1ae1747f5b8299/element/f.37FD799F3153CD067689FB9668CC9BBA.d.7FBE89F0B49F17AD40219C679930BF28.e.3710/click - {}
RESULT: {}
COMMAND: POST /session/2c3e5cc3018601d52a1ae1747f5b8299/element - {"using":"xpath","value":"//span[contains(text(), \"English\")]"}
COMMAND: GET /session/2c3e5cc3018601d52a1ae1747f5b8299/screenshot - {}
RESULT: {"using":"xpath","value":"//span[contains(text(), \"English\")]"}
COMMAND: POST /session/2c3e5cc3018601d52a1ae1747f5b8299/element/f.37FD799F3153CD067689FB9668CC9BBA.d.7FBE89F0B49F17AD40219C679930BF28.e.3711/click - {}
RESULT: {}
RESULT: {}
COMMAND: GET /session/2c3e5cc3018601d52a1ae1747f5b8299/screenshot - {}
RESULT: {}
COMMAND: POST /session/2c3e5cc3018601d52a1ae1747f5b8299/execute/async - {"script":"<script> [1562 bytes]","args":[{"selector":{"id":"application-managepartners-display-component---NewPartner--addressDetailDetailsCity1","interaction":{"idSuffix":"inner"}},"wdio_ui5_key":"applicationmanagepartners-display-component---NewPartner--addressDetailDetailsCity1"}]}
RESULT: {"script":"<script> [1562 bytes]","args":[{"selector":{"id":"application-managepartners-display-component---NewPartner--addressDetailDetailsCity1","interaction":{"idSuffix":"inner"}},"wdio_ui5_key":"applicationmanagepartners-display-component---NewPartner--addressDetailDetailsCity1"}]}
RESULT: undefined
COMMAND: POST /session/2c3e5cc3018601d52a1ae1747f5b8299/execute/async - {"script":"<script> [776 bytes]","args":[{"enterText":"Rosario","selector":{"id":"application-managepartners-display-component---NewPartner--addressDetailDetailsCity1","interaction":{"idSuffix":"inner"}},"clearTextFirst":true,"interactionType":"ENTER_TEXT"}]}
RESULT: {"script":"<script> [776 bytes]","args":[{"enterText":"Rosario","selector":{"id":"application-managepartners-display-component---NewPartner--addressDetailDetailsCity1","interaction":{"idSuffix":"inner"}},"clearTextFirst":true,"interactionType":"ENTER_TEXT"}]}
COMMAND: POST /session/2c3e5cc3018601d52a1ae1747f5b8299/execute/async - {"script":"<script> [1562 bytes]","args":[{"selector":{"id":"application-managepartners-display-component---NewPartner--addressDetailDetailsCountry-arrow"},"wdio_ui5_key":"applicationmanagepartners-display-component---NewPartner--addressDetailDetailsCountry-arrow"}]}
RESULT: {"script":"<script> [1562 bytes]","args":[{"selector":{"id":"application-managepartners-display-component---NewPartner--addressDetailDetailsCountry-arrow"},"wdio_ui5_key":"applicationmanagepartners-display-component---NewPartner--addressDetailDetailsCountry-arrow"}]}
RESULT: undefined
COMMAND: POST /session/2c3e5cc3018601d52a1ae1747f5b8299/element - {"using":"xpath","value":"//*[@id=\"application-managepartners-display-component---NewPartner--addressDetailDetailsCountry-arrow\"]"}
RESULT: {"using":"xpath","value":"//*[@id=\"application-managepartners-display-component---NewPartner--addressDetailDetailsCountry-arrow\"]"}
COMMAND: POST /session/2c3e5cc3018601d52a1ae1747f5b8299/element/f.37FD799F3153CD067689FB9668CC9BBA.d.7FBE89F0B49F17AD40219C679930BF28.e.3697/click - {}
RESULT: {}
COMMAND: POST /session/2c3e5cc3018601d52a1ae1747f5b8299/element - {"using":"xpath","value":"//span[contains(text(), \"Argentina\")]"}
COMMAND: GET /session/2c3e5cc3018601d52a1ae1747f5b8299/screenshot - {}
RESULT: {"using":"xpath","value":"//span[contains(text(), \"Argentina\")]"}
COMMAND: POST /session/2c3e5cc3018601d52a1ae1747f5b8299/element/f.37FD799F3153CD067689FB9668CC9BBA.d.7FBE89F0B49F17AD40219C679930BF28.e.3713/click - {}
RESULT: {}
RESULT: {}
COMMAND: GET /session/2c3e5cc3018601d52a1ae1747f5b8299/screenshot - {}
RESULT: {}
COMMAND: POST /session/2c3e5cc3018601d52a1ae1747f5b8299/element - {"using":"xpath","value":"//bdi[contains(text(), \"Commercial\")]"}
RESULT: {"using":"xpath","value":"//bdi[contains(text(), \"Commercial\")]"}
COMMAND: POST /session/2c3e5cc3018601d52a1ae1747f5b8299/element/f.37FD799F3153CD067689FB9668CC9BBA.d.7FBE89F0B49F17AD40219C679930BF28.e.3714/click - {}
RESULT: {}
COMMAND: GET /session/2c3e5cc3018601d52a1ae1747f5b8299/screenshot - {}
RESULT: {}
COMMAND: POST /session/2c3e5cc3018601d52a1ae1747f5b8299/execute/async - {"script":"<script> [1562 bytes]","args":[{"selector":{"id":"application-managepartners-display-component---NewPartner--partnerDetailInternal-arrow"},"wdio_ui5_key":"applicationmanagepartners-display-component---NewPartner--partnerDetailInternal-arrow"}]}
RESULT: {"script":"<script> [1562 bytes]","args":[{"selector":{"id":"application-managepartners-display-component---NewPartner--partnerDetailInternal-arrow"},"wdio_ui5_key":"applicationmanagepartners-display-component---NewPartner--partnerDetailInternal-arrow"}]}
RESULT: undefined
COMMAND: POST /session/2c3e5cc3018601d52a1ae1747f5b8299/element - {"using":"xpath","value":"//*[@id=\"application-managepartners-display-component---NewPartner--partnerDetailInternal-arrow\"]"}
RESULT: {"using":"xpath","value":"//*[@id=\"application-managepartners-display-component---NewPartner--partnerDetailInternal-arrow\"]"}
COMMAND: POST /session/2c3e5cc3018601d52a1ae1747f5b8299/element/f.37FD799F3153CD067689FB9668CC9BBA.d.7FBE89F0B49F17AD40219C679930BF28.e.3720/click - {}
RESULT: {}
COMMAND: POST /session/2c3e5cc3018601d52a1ae1747f5b8299/element - {"using":"xpath","value":"//span[contains(text(), \"Affiliated company\")]"}
COMMAND: GET /session/2c3e5cc3018601d52a1ae1747f5b8299/screenshot - {}
RESULT: {"using":"xpath","value":"//span[contains(text(), \"Affiliated company\")]"}
COMMAND: POST /session/2c3e5cc3018601d52a1ae1747f5b8299/element/f.37FD799F3153CD067689FB9668CC9BBA.d.7FBE89F0B49F17AD40219C679930BF28.e.3721/click - {}
RESULT: {}
RESULT: {}
COMMAND: POST /session/2c3e5cc3018601d52a1ae1747f5b8299/execute/async - {"script":"<script> [1562 bytes]","args":[{"selector":{"id":"application-managepartners-display-component---NewPartner--partnerDetailsCurrency-arrow"},"wdio_ui5_key":"applicationmanagepartners-display-component---NewPartner--partnerDetailsCurrency-arrow"}]}
COMMAND: GET /session/2c3e5cc3018601d52a1ae1747f5b8299/screenshot - {}
RESULT: {"script":"<script> [1562 bytes]","args":[{"selector":{"id":"application-managepartners-display-component---NewPartner--partnerDetailsCurrency-arrow"},"wdio_ui5_key":"applicationmanagepartners-display-component---NewPartner--partnerDetailsCurrency-arrow"}]}
RESULT: undefined
COMMAND: POST /session/2c3e5cc3018601d52a1ae1747f5b8299/element - {"using":"xpath","value":"//*[@id=\"application-managepartners-display-component---NewPartner--partnerDetailsCurrency-arrow\"]"}
RESULT: {}
RESULT: {"using":"xpath","value":"//*[@id=\"application-managepartners-display-component---NewPartner--partnerDetailsCurrency-arrow\"]"}
COMMAND: POST /session/2c3e5cc3018601d52a1ae1747f5b8299/element/f.37FD799F3153CD067689FB9668CC9BBA.d.7FBE89F0B49F17AD40219C679930BF28.e.3728/click - {}
RESULT: {}
COMMAND: POST /session/2c3e5cc3018601d52a1ae1747f5b8299/element - {"using":"xpath","value":"//span[contains(text(), \"Euro\")]"}
COMMAND: GET /session/2c3e5cc3018601d52a1ae1747f5b8299/screenshot - {}
RESULT: {"using":"xpath","value":"//span[contains(text(), \"Euro\")]"}
COMMAND: POST /session/2c3e5cc3018601d52a1ae1747f5b8299/element/f.37FD799F3153CD067689FB9668CC9BBA.d.7FBE89F0B49F17AD40219C679930BF28.e.3729/click - {}
RESULT: {}
RESULT: {}
COMMAND: POST /session/2c3e5cc3018601d52a1ae1747f5b8299/execute/async - {"script":"<script> [1562 bytes]","args":[{"selector":{"id":"application-managepartners-display-component---NewPartner--addressEditDetailsCostObjectCstType-arrow"},"wdio_ui5_key":"applicationmanagepartners-display-component---NewPartner--addressEditDetailsCostObjectCstType-arrow"}]}
COMMAND: GET /session/2c3e5cc3018601d52a1ae1747f5b8299/screenshot - {}
RESULT: {"script":"<script> [1562 bytes]","args":[{"selector":{"id":"application-managepartners-display-component---NewPartner--addressEditDetailsCostObjectCstType-arrow"},"wdio_ui5_key":"applicationmanagepartners-display-component---NewPartner--addressEditDetailsCostObjectCstType-arrow"}]}
RESULT: undefined
COMMAND: POST /session/2c3e5cc3018601d52a1ae1747f5b8299/element - {"using":"xpath","value":"//*[@id=\"application-managepartners-display-component---NewPartner--addressEditDetailsCostObjectCstType-arrow\"]"}
RESULT: {}
RESULT: {"using":"xpath","value":"//*[@id=\"application-managepartners-display-component---NewPartner--addressEditDetailsCostObjectCstType-arrow\"]"}
COMMAND: POST /session/2c3e5cc3018601d52a1ae1747f5b8299/element/f.37FD799F3153CD067689FB9668CC9BBA.d.7FBE89F0B49F17AD40219C679930BF28.e.3730/click - {}
RESULT: {}
COMMAND: POST /session/2c3e5cc3018601d52a1ae1747f5b8299/element - {"using":"xpath","value":"//span[contains(text(), \"Cost Center\")]"}
COMMAND: GET /session/2c3e5cc3018601d52a1ae1747f5b8299/screenshot - {}
RESULT: {"using":"xpath","value":"//span[contains(text(), \"Cost Center\")]"}
COMMAND: POST /session/2c3e5cc3018601d52a1ae1747f5b8299/element/f.37FD799F3153CD067689FB9668CC9BBA.d.7FBE89F0B49F17AD40219C679930BF28.e.3731/click - {}
RESULT: {}
RESULT: {}
COMMAND: GET /session/2c3e5cc3018601d52a1ae1747f5b8299/screenshot - {}
RESULT: {}
COMMAND: POST /session/2c3e5cc3018601d52a1ae1747f5b8299/element - {"using":"xpath","value":"//span[@id=\"application-managepartners-display-component---NewPartner--addressNewCostObjectCstID-vhi\"]"}
RESULT: {"using":"xpath","value":"//span[@id=\"application-managepartners-display-component---NewPartner--addressNewCostObjectCstID-vhi\"]"}
COMMAND: POST /session/2c3e5cc3018601d52a1ae1747f5b8299/execute/sync - {"script":"<script> [8489 bytes]","args":[{"element-6066-11e4-a52e-4f735466cecf":"f.37FD799F3153CD067689FB9668CC9BBA.d.7FBE89F0B49F17AD40219C679930BF28.e.3735","ELEMENT":"f.37FD799F3153CD067689FB9668CC9BBA.d.7FBE89F0B49F17AD40219C679930BF28.e.3735"}]}
RESULT: {"script":"<script> [8489 bytes]","args":[{"element-6066-11e4-a52e-4f735466cecf":"f.37FD799F3153CD067689FB9668CC9BBA.d.7FBE89F0B49F17AD40219C679930BF28.e.3735","ELEMENT":"f.37FD799F3153CD067689FB9668CC9BBA.d.7FBE89F0B49F17AD40219C679930BF28.e.3735"}]}
COMMAND: POST /session/2c3e5cc3018601d52a1ae1747f5b8299/execute/async - {"script":"<script> [1562 bytes]","args":[{"selector":{"id":"application-managepartners-display-component---NewPartner--addressNewCostObjectCstID-vhi"},"wdio_ui5_key":"applicationmanagepartners-display-component---NewPartner--addressNewCostObjectCstID-vhi"}]}
COMMAND: GET /session/2c3e5cc3018601d52a1ae1747f5b8299/screenshot - {}
RESULT: {"script":"<script> [1562 bytes]","args":[{"selector":{"id":"application-managepartners-display-component---NewPartner--addressNewCostObjectCstID-vhi"},"wdio_ui5_key":"applicationmanagepartners-display-component---NewPartner--addressNewCostObjectCstID-vhi"}]}
RESULT: undefined
COMMAND: POST /session/2c3e5cc3018601d52a1ae1747f5b8299/element - {"using":"xpath","value":"//*[@id=\"application-managepartners-display-component---NewPartner--addressNewCostObjectCstID-vhi\"]"}
RESULT: {}
RESULT: {"using":"xpath","value":"//*[@id=\"application-managepartners-display-component---NewPartner--addressNewCostObjectCstID-vhi\"]"}
COMMAND: POST /session/2c3e5cc3018601d52a1ae1747f5b8299/element/f.37FD799F3153CD067689FB9668CC9BBA.d.7FBE89F0B49F17AD40219C679930BF28.e.3735/click - {}
RESULT: {}
COMMAND: GET /session/2c3e5cc3018601d52a1ae1747f5b8299/screenshot - {}
RESULT: {}
COMMAND: POST /session/2c3e5cc3018601d52a1ae1747f5b8299/execute/async - {"script":"<script> [1562 bytes]","args":[{"selector":{"controlType":"sap.m.SearchField","properties":{"placeholder":"Search"},"searchOpenDialogs":true,"interaction":{"idSuffix":"I"}},"wdio_ui5_key":"sapm.SearchField{\"placeholder\":\"Search\"}"}]}
RESULT: {"script":"<script> [1562 bytes]","args":[{"selector":{"controlType":"sap.m.SearchField","properties":{"placeholder":"Search"},"searchOpenDialogs":true,"interaction":{"idSuffix":"I"}},"wdio_ui5_key":"sapm.SearchField{\"placeholder\":\"Search\"}"}]}
RESULT: undefined
COMMAND: POST /session/2c3e5cc3018601d52a1ae1747f5b8299/execute/async - {"script":"<script> [776 bytes]","args":[{"enterText":"10001013","selector":{"controlType":"sap.m.SearchField","properties":{"placeholder":"Search"},"searchOpenDialogs":true,"interaction":{"idSuffix":"I"}},"clearTextFirst":true,"interactionType":"ENTER_TEXT"}]}
RESULT: {"script":"<script> [776 bytes]","args":[{"enterText":"10001013","selector":{"controlType":"sap.m.SearchField","properties":{"placeholder":"Search"},"searchOpenDialogs":true,"interaction":{"idSuffix":"I"}},"clearTextFirst":true,"interactionType":"ENTER_TEXT"}]}
COMMAND: POST /session/2c3e5cc3018601d52a1ae1747f5b8299/actions - {"actions":[{"id":"action7","type":"key","parameters":{},"actions":[{"type":"keyDown","value":"î€‡"},{"type":"pause","duration":10},{"type":"keyUp","value":"î€‡"}]}]}
RESULT: {"actions":[{"id":"action7","type":"key","parameters":{},"actions":[{"type":"keyDown","value":"î€‡"},{"type":"pause","duration":10},{"type":"keyUp","value":"î€‡"}]}]}
COMMAND: GET /session/2c3e5cc3018601d52a1ae1747f5b8299/screenshot - {}
RESULT: {}
COMMAND: POST /session/2c3e5cc3018601d52a1ae1747f5b8299/element - {"using":"xpath","value":"//span[contains(text(), \"General Management\")]"}
RESULT: {"using":"xpath","value":"//span[contains(text(), \"General Management\")]"}
COMMAND: POST /session/2c3e5cc3018601d52a1ae1747f5b8299/element/f.37FD799F3153CD067689FB9668CC9BBA.d.7FBE89F0B49F17AD40219C679930BF28.e.3776/click - {}
RESULT: {}
COMMAND: GET /session/2c3e5cc3018601d52a1ae1747f5b8299/screenshot - {}
RESULT: {}
COMMAND: POST /session/2c3e5cc3018601d52a1ae1747f5b8299/element - {"using":"xpath","value":"//bdi[contains(text(), \"OK\")]"}
RESULT: {"using":"xpath","value":"//bdi[contains(text(), \"OK\")]"}
COMMAND: POST /session/2c3e5cc3018601d52a1ae1747f5b8299/element/f.37FD799F3153CD067689FB9668CC9BBA.d.7FBE89F0B49F17AD40219C679930BF28.e.3777/click - {}
RESULT: {}
COMMAND: GET /session/2c3e5cc3018601d52a1ae1747f5b8299/screenshot - {}
RESULT: {}
COMMAND: POST /session/2c3e5cc3018601d52a1ae1747f5b8299/element - {"using":"xpath","value":"//input[@id=\"application-managepartners-display-component---NewPartner--companyCodeComboBox-inner\"]"}
RESULT: {"using":"xpath","value":"//input[@id=\"application-managepartners-display-component---NewPartner--companyCodeComboBox-inner\"]"}
COMMAND: POST /session/2c3e5cc3018601d52a1ae1747f5b8299/element/f.37FD799F3153CD067689FB9668CC9BBA.d.7FBE89F0B49F17AD40219C679930BF28.e.3582/clear - {}
RESULT: {}
COMMAND: POST /session/2c3e5cc3018601d52a1ae1747f5b8299/element/f.37FD799F3153CD067689FB9668CC9BBA.d.7FBE89F0B49F17AD40219C679930BF28.e.3582/value - {"text":"C002"}
COMMAND: GET /session/2c3e5cc3018601d52a1ae1747f5b8299/screenshot - {}
RESULT: {"text":"C002"}
COMMAND: GET /session/2c3e5cc3018601d52a1ae1747f5b8299/screenshot - {}
RESULT: {}
RESULT: {}
COMMAND: POST /session/2c3e5cc3018601d52a1ae1747f5b8299/element - {"using":"xpath","value":"//li[.//span[text()= \"C002\"]]"}
RESULT: {"using":"xpath","value":"//li[.//span[text()= \"C002\"]]"}
COMMAND: POST /session/2c3e5cc3018601d52a1ae1747f5b8299/element/f.37FD799F3153CD067689FB9668CC9BBA.d.7FBE89F0B49F17AD40219C679930BF28.e.3783/click - {}
RESULT: {}
COMMAND: GET /session/2c3e5cc3018601d52a1ae1747f5b8299/screenshot - {}
RESULT: {}
COMMAND: POST /session/2c3e5cc3018601d52a1ae1747f5b8299/execute/async - {"script":"<script> [1562 bytes]","args":[{"selector":{"id":"application-managepartners-display-component---NewPartner--btnAddTableRow-img"},"wdio_ui5_key":"applicationmanagepartners-display-component---NewPartner--btnAddTableRow-img"}]}
RESULT: {"script":"<script> [1562 bytes]","args":[{"selector":{"id":"application-managepartners-display-component---NewPartner--btnAddTableRow-img"},"wdio_ui5_key":"applicationmanagepartners-display-component---NewPartner--btnAddTableRow-img"}]}
RESULT: undefined
COMMAND: POST /session/2c3e5cc3018601d52a1ae1747f5b8299/element - {"using":"xpath","value":"//*[@id=\"application-managepartners-display-component---NewPartner--btnAddTableRow-img\"]"}
RESULT: {"using":"xpath","value":"//*[@id=\"application-managepartners-display-component---NewPartner--btnAddTableRow-img\"]"}
COMMAND: POST /session/2c3e5cc3018601d52a1ae1747f5b8299/element/f.37FD799F3153CD067689FB9668CC9BBA.d.7FBE89F0B49F17AD40219C679930BF28.e.3784/click - {}
RESULT: {}
COMMAND: GET /session/2c3e5cc3018601d52a1ae1747f5b8299/screenshot - {}
RESULT: {}
COMMAND: POST /session/2c3e5cc3018601d52a1ae1747f5b8299/element - {"using":"xpath","value":"//input[@id=\"application-managepartners-display-component---NewPartner--assignmentYard-application-managepartners-display-component---NewPartner--assignmentsTable-0-inner\"]"}
RESULT: {"using":"xpath","value":"//input[@id=\"application-managepartners-display-component---NewPartner--assignmentYard-application-managepartners-display-component---NewPartner--assignmentsTable-0-inner\"]"}
COMMAND: POST /session/2c3e5cc3018601d52a1ae1747f5b8299/element/f.37FD799F3153CD067689FB9668CC9BBA.d.7FBE89F0B49F17AD40219C679930BF28.e.3787/clear - {}
RESULT: {}
COMMAND: POST /session/2c3e5cc3018601d52a1ae1747f5b8299/element/f.37FD799F3153CD067689FB9668CC9BBA.d.7FBE89F0B49F17AD40219C679930BF28.e.3787/value - {"text":"413"}
COMMAND: GET /session/2c3e5cc3018601d52a1ae1747f5b8299/screenshot - {}
RESULT: {"text":"413"}
COMMAND: GET /session/2c3e5cc3018601d52a1ae1747f5b8299/screenshot - {}
RESULT: {}
RESULT: {}
COMMAND: POST /session/2c3e5cc3018601d52a1ae1747f5b8299/element - {"using":"xpath","value":"//li[.//span[text()='413']]"}
RESULT: {"using":"xpath","value":"//li[.//span[text()='413']]"}
COMMAND: POST /session/2c3e5cc3018601d52a1ae1747f5b8299/element/f.37FD799F3153CD067689FB9668CC9BBA.d.7FBE89F0B49F17AD40219C679930BF28.e.3796/click - {}
RESULT: {}
COMMAND: GET /session/2c3e5cc3018601d52a1ae1747f5b8299/screenshot - {}
RESULT: {}
COMMAND: POST /session/2c3e5cc3018601d52a1ae1747f5b8299/actions - {"actions":[{"id":"action8","type":"key","parameters":{},"actions":[{"type":"keyDown","value":"î€‡"},{"type":"pause","duration":10},{"type":"keyUp","value":"î€‡"}]}]}
RESULT: {"actions":[{"id":"action8","type":"key","parameters":{},"actions":[{"type":"keyDown","value":"î€‡"},{"type":"pause","duration":10},{"type":"keyUp","value":"î€‡"}]}]}
COMMAND: POST /session/2c3e5cc3018601d52a1ae1747f5b8299/execute/async - {"script":"<script> [1562 bytes]","args":[{"selector":{"id":"application-managepartners-display-component---NewPartner--externalCustomerComboBox-application-managepartners-display-component---NewPartner--assignmentsTable-0-vhi"},"wdio_ui5_key":"applicationmanagepartners-display-component---NewPartner--externalCustomerComboBox-application-managepartners-display-component---NewPartner--assignmentsTable-0-vhi"}]}
COMMAND: GET /session/2c3e5cc3018601d52a1ae1747f5b8299/screenshot - {}
RESULT: {"script":"<script> [1562 bytes]","args":[{"selector":{"id":"application-managepartners-display-component---NewPartner--externalCustomerComboBox-application-managepartners-display-component---NewPartner--assignmentsTable-0-vhi"},"wdio_ui5_key":"applicationmanagepartners-display-component---NewPartner--externalCustomerComboBox-application-managepartners-display-component---NewPartner--assignmentsTable-0-vhi"}]}
RESULT: undefined
COMMAND: POST /session/2c3e5cc3018601d52a1ae1747f5b8299/element - {"using":"xpath","value":"//*[@id=\"application-managepartners-display-component---NewPartner--externalCustomerComboBox-application-managepartners-display-component---NewPartner--assignmentsTable-0-vhi\"]"}
RESULT: {}
RESULT: {"using":"xpath","value":"//*[@id=\"application-managepartners-display-component---NewPartner--externalCustomerComboBox-application-managepartners-display-component---NewPartner--assignmentsTable-0-vhi\"]"}
COMMAND: POST /session/2c3e5cc3018601d52a1ae1747f5b8299/element/f.37FD799F3153CD067689FB9668CC9BBA.d.7FBE89F0B49F17AD40219C679930BF28.e.3800/click - {}
RESULT: {}
RESULT: undefined
COMMAND: POST /session/2c3e5cc3018601d52a1ae1747f5b8299/execute/async - {"script":"<script> [776 bytes]","args":[{"enterText":"300003","selector":{"controlType":"sap.m.SearchField","properties":{"placeholder":"Search"},"searchOpenDialogs":true,"interaction":{"idSuffix":"I"}},"clearTextFirst":true,"interactionType":"ENTER_TEXT"}]}
COMMAND: GET /session/2c3e5cc3018601d52a1ae1747f5b8299/screenshot - {}
RESULT: {"script":"<script> [776 bytes]","args":[{"enterText":"300003","selector":{"controlType":"sap.m.SearchField","properties":{"placeholder":"Search"},"searchOpenDialogs":true,"interaction":{"idSuffix":"I"}},"clearTextFirst":true,"interactionType":"ENTER_TEXT"}]}
COMMAND: POST /session/2c3e5cc3018601d52a1ae1747f5b8299/actions - {"actions":[{"id":"action9","type":"key","parameters":{},"actions":[{"type":"keyDown","value":"î€‡"},{"type":"pause","duration":10},{"type":"keyUp","value":"î€‡"}]}]}
RESULT: {}
RESULT: {"actions":[{"id":"action9","type":"key","parameters":{},"actions":[{"type":"keyDown","value":"î€‡"},{"type":"pause","duration":10},{"type":"keyUp","value":"î€‡"}]}]}
COMMAND: GET /session/2c3e5cc3018601d52a1ae1747f5b8299/screenshot - {}
RESULT: {}
COMMAND: POST /session/2c3e5cc3018601d52a1ae1747f5b8299/element - {"using":"xpath","value":"//span[contains(text(), \"300003\")]"}
RESULT: {"using":"xpath","value":"//span[contains(text(), \"300003\")]"}
COMMAND: POST /session/2c3e5cc3018601d52a1ae1747f5b8299/element/f.37FD799F3153CD067689FB9668CC9BBA.d.7FBE89F0B49F17AD40219C679930BF28.e.3818/click - {}
RESULT: {}
COMMAND: GET /session/2c3e5cc3018601d52a1ae1747f5b8299/screenshot - {}
RESULT: {}
COMMAND: POST /session/2c3e5cc3018601d52a1ae1747f5b8299/element - {"using":"xpath","value":"//bdi[contains(text(), \"OK\")]"}
RESULT: {"using":"xpath","value":"//bdi[contains(text(), \"OK\")]"}
COMMAND: POST /session/2c3e5cc3018601d52a1ae1747f5b8299/element/f.37FD799F3153CD067689FB9668CC9BBA.d.7FBE89F0B49F17AD40219C679930BF28.e.3820/click - {}
RESULT: {}
COMMAND: GET /session/2c3e5cc3018601d52a1ae1747f5b8299/screenshot - {}
RESULT: {}
COMMAND: POST /session/2c3e5cc3018601d52a1ae1747f5b8299/execute/async - {"script":"<script> [1562 bytes]","args":[{"selector":{"id":"application-managepartners-display-component---NewPartner--intercompVendorComboBox-application-managepartners-display-component---NewPartner--assignmentsTable-0-vhi"},"wdio_ui5_key":"applicationmanagepartners-display-component---NewPartner--intercompVendorComboBox-application-managepartners-display-component---NewPartner--assignmentsTable-0-vhi"}]}
RESULT: {"script":"<script> [1562 bytes]","args":[{"selector":{"id":"application-managepartners-display-component---NewPartner--intercompVendorComboBox-application-managepartners-display-component---NewPartner--assignmentsTable-0-vhi"},"wdio_ui5_key":"applicationmanagepartners-display-component---NewPartner--intercompVendorComboBox-application-managepartners-display-component---NewPartner--assignmentsTable-0-vhi"}]}
RESULT: undefined
COMMAND: POST /session/2c3e5cc3018601d52a1ae1747f5b8299/element - {"using":"xpath","value":"//*[@id=\"application-managepartners-display-component---NewPartner--intercompVendorComboBox-application-managepartners-display-component---NewPartner--assignmentsTable-0-vhi\"]"}
RESULT: {"using":"xpath","value":"//*[@id=\"application-managepartners-display-component---NewPartner--intercompVendorComboBox-application-managepartners-display-component---NewPartner--assignmentsTable-0-vhi\"]"}
COMMAND: POST /session/2c3e5cc3018601d52a1ae1747f5b8299/element/f.37FD799F3153CD067689FB9668CC9BBA.d.7FBE89F0B49F17AD40219C679930BF28.e.3824/click - {}
RESULT: {}
RESULT: undefined
COMMAND: POST /session/2c3e5cc3018601d52a1ae1747f5b8299/execute/async - {"script":"<script> [776 bytes]","args":[{"enterText":"100005","selector":{"controlType":"sap.m.SearchField","properties":{"placeholder":"Search"},"searchOpenDialogs":true,"interaction":{"idSuffix":"I"}},"clearTextFirst":true,"interactionType":"ENTER_TEXT"}]}
COMMAND: GET /session/2c3e5cc3018601d52a1ae1747f5b8299/screenshot - {}
RESULT: {"script":"<script> [776 bytes]","args":[{"enterText":"100005","selector":{"controlType":"sap.m.SearchField","properties":{"placeholder":"Search"},"searchOpenDialogs":true,"interaction":{"idSuffix":"I"}},"clearTextFirst":true,"interactionType":"ENTER_TEXT"}]}
COMMAND: POST /session/2c3e5cc3018601d52a1ae1747f5b8299/actions - {"actions":[{"id":"action10","type":"key","parameters":{},"actions":[{"type":"keyDown","value":"î€‡"},{"type":"pause","duration":10},{"type":"keyUp","value":"î€‡"}]}]}
RESULT: {}
RESULT: {"actions":[{"id":"action10","type":"key","parameters":{},"actions":[{"type":"keyDown","value":"î€‡"},{"type":"pause","duration":10},{"type":"keyUp","value":"î€‡"}]}]}
COMMAND: GET /session/2c3e5cc3018601d52a1ae1747f5b8299/screenshot - {}
RESULT: {}
COMMAND: POST /session/2c3e5cc3018601d52a1ae1747f5b8299/element - {"using":"xpath","value":"//span[contains(text(), \"Penguins - Field/12345 Berlin\")]"}
RESULT: {"using":"xpath","value":"//span[contains(text(), \"Penguins - Field/12345 Berlin\")]"}
COMMAND: POST /session/2c3e5cc3018601d52a1ae1747f5b8299/element/f.37FD799F3153CD067689FB9668CC9BBA.d.7FBE89F0B49F17AD40219C679930BF28.e.3842/click - {}
RESULT: {}
COMMAND: GET /session/2c3e5cc3018601d52a1ae1747f5b8299/screenshot - {}
RESULT: {}
COMMAND: POST /session/2c3e5cc3018601d52a1ae1747f5b8299/element - {"using":"xpath","value":"//bdi[contains(text(), \"OK\")]"}
RESULT: {"using":"xpath","value":"//bdi[contains(text(), \"OK\")]"}
COMMAND: POST /session/2c3e5cc3018601d52a1ae1747f5b8299/element/f.37FD799F3153CD067689FB9668CC9BBA.d.7FBE89F0B49F17AD40219C679930BF28.e.3843/click - {}
RESULT: {}
COMMAND: GET /session/2c3e5cc3018601d52a1ae1747f5b8299/screenshot - {}
RESULT: {}
COMMAND: POST /session/2c3e5cc3018601d52a1ae1747f5b8299/element - {"using":"xpath","value":"//button[@data-kt=\"saveButton\"]"}
RESULT: {"using":"xpath","value":"//button[@data-kt=\"saveButton\"]"}
COMMAND: POST /session/2c3e5cc3018601d52a1ae1747f5b8299/element/f.37FD799F3153CD067689FB9668CC9BBA.d.7FBE89F0B49F17AD40219C679930BF28.e.3591/click - {}
RESULT: {}
COMMAND: GET /session/2c3e5cc3018601d52a1ae1747f5b8299/screenshot - {}
RESULT: {}
COMMAND: POST /session/2c3e5cc3018601d52a1ae1747f5b8299/element - {"using":"xpath","value":"//header[contains(@id, 'ObjectPageLayout-headerTitle')]/div[1]/div[2]/div[2]/span[1]"}
RESULT: {"using":"xpath","value":"//header[contains(@id, 'ObjectPageLayout-headerTitle')]/div[1]/div[2]/div[2]/span[1]"}
COMMAND: POST /session/2c3e5cc3018601d52a1ae1747f5b8299/elements - {"using":"xpath","value":"//header[contains(@id, 'ObjectPageLayout-headerTitle')]/div[1]/div[2]/div[2]/span[1]"}
RESULT: {"using":"xpath","value":"//header[contains(@id, 'ObjectPageLayout-headerTitle')]/div[1]/div[2]/div[2]/span[1]"}
COMMAND: POST /session/2c3e5cc3018601d52a1ae1747f5b8299/execute/sync - {"script":"<script> [56 bytes]","args":[{"element-6066-11e4-a52e-4f735466cecf":"f.37FD799F3153CD067689FB9668CC9BBA.d.7FBE89F0B49F17AD40219C679930BF28.e.4008","ELEMENT":"f.37FD799F3153CD067689FB9668CC9BBA.d.7FBE89F0B49F17AD40219C679930BF28.e.4008"}]}
RESULT: {"script":"<script> [56 bytes]","args":[{"element-6066-11e4-a52e-4f735466cecf":"f.37FD799F3153CD067689FB9668CC9BBA.d.7FBE89F0B49F17AD40219C679930BF28.e.4008","ELEMENT":"f.37FD799F3153CD067689FB9668CC9BBA.d.7FBE89F0B49F17AD40219C679930BF28.e.4008"}]}
COMMAND: POST /session/2c3e5cc3018601d52a1ae1747f5b8299/element - {"using":"css selector","value":"#shell-header-logo"}
COMMAND: GET /session/2c3e5cc3018601d52a1ae1747f5b8299/screenshot - {}
RESULT: {"using":"css selector","value":"#shell-header-logo"}
COMMAND: POST /session/2c3e5cc3018601d52a1ae1747f5b8299/element/f.37FD799F3153CD067689FB9668CC9BBA.d.7FBE89F0B49F17AD40219C679930BF28.e.3226/click - {}
RESULT: {}
RESULT: {}
COMMAND: GET /session/2c3e5cc3018601d52a1ae1747f5b8299/screenshot - {}
RESULT: {}
COMMAND: POST /session/2c3e5cc3018601d52a1ae1747f5b8299/execute/sync - {"script":"<script> [299 bytes]","args":[["getModel","getResource"]]}
RESULT: {"script":"<script> [299 bytes]","args":[["getModel","getResource"]]}
RESULT: undefined
COMMAND: POST /session/2c3e5cc3018601d52a1ae1747f5b8299/element - {"using":"xpath","value":"//*[@id=\"__tile30\"]"}
COMMAND: GET /session/2c3e5cc3018601d52a1ae1747f5b8299/screenshot - {}
RESULT: {"using":"xpath","value":"//*[@id=\"__tile30\"]"}
COMMAND: POST /session/2c3e5cc3018601d52a1ae1747f5b8299/element/f.37FD799F3153CD067689FB9668CC9BBA.d.7FBE89F0B49F17AD40219C679930BF28.e.3146/click - {}
RESULT: {}
RESULT: {}
COMMAND: GET /session/2c3e5cc3018601d52a1ae1747f5b8299/screenshot - {}
RESULT: {}
COMMAND: POST /session/2c3e5cc3018601d52a1ae1747f5b8299/elements - {"using":"xpath","value":"//span[text()='Error']"}
RESULT: {"using":"xpath","value":"//span[text()='Error']"}
COMMAND: POST /session/2c3e5cc3018601d52a1ae1747f5b8299/element - {"using":"xpath","value":"//button[@data-kt=\"addButton\"]"}
RESULT: {"using":"xpath","value":"//button[@data-kt=\"addButton\"]"}
COMMAND: POST /session/2c3e5cc3018601d52a1ae1747f5b8299/elements - {"using":"xpath","value":"//button[@data-kt=\"addButton\"]"}
RESULT: {"using":"xpath","value":"//button[@data-kt=\"addButton\"]"}
COMMAND: POST /session/2c3e5cc3018601d52a1ae1747f5b8299/execute/sync - {"script":"<script> [8489 bytes]","args":[{"element-6066-11e4-a52e-4f735466cecf":"f.37FD799F3153CD067689FB9668CC9BBA.d.7FBE89F0B49F17AD40219C679930BF28.e.4055","ELEMENT":"f.37FD799F3153CD067689FB9668CC9BBA.d.7FBE89F0B49F17AD40219C679930BF28.e.4055"}]}
RESULT: {"script":"<script> [8489 bytes]","args":[{"element-6066-11e4-a52e-4f735466cecf":"f.37FD799F3153CD067689FB9668CC9BBA.d.7FBE89F0B49F17AD40219C679930BF28.e.4055","ELEMENT":"f.37FD799F3153CD067689FB9668CC9BBA.d.7FBE89F0B49F17AD40219C679930BF28.e.4055"}]}
COMMAND: GET /session/2c3e5cc3018601d52a1ae1747f5b8299/element/f.37FD799F3153CD067689FB9668CC9BBA.d.7FBE89F0B49F17AD40219C679930BF28.e.4055/enabled - {}
COMMAND: GET /session/2c3e5cc3018601d52a1ae1747f5b8299/screenshot - {}
RESULT: {}
COMMAND: POST /session/2c3e5cc3018601d52a1ae1747f5b8299/execute/sync - {"script":"<script> [8489 bytes]","args":[{"element-6066-11e4-a52e-4f735466cecf":"f.37FD799F3153CD067689FB9668CC9BBA.d.7FBE89F0B49F17AD40219C679930BF28.e.4055","ELEMENT":"f.37FD799F3153CD067689FB9668CC9BBA.d.7FBE89F0B49F17AD40219C679930BF28.e.4055"}]}
COMMAND: GET /session/2c3e5cc3018601d52a1ae1747f5b8299/screenshot - {}
RESULT: {}
RESULT: {"script":"<script> [8489 bytes]","args":[{"element-6066-11e4-a52e-4f735466cecf":"f.37FD799F3153CD067689FB9668CC9BBA.d.7FBE89F0B49F17AD40219C679930BF28.e.4055","ELEMENT":"f.37FD799F3153CD067689FB9668CC9BBA.d.7FBE89F0B49F17AD40219C679930BF28.e.4055"}]}
COMMAND: POST /session/2c3e5cc3018601d52a1ae1747f5b8299/execute/sync - {"script":"<script> [5351 bytes]","args":[{"element-6066-11e4-a52e-4f735466cecf":"f.37FD799F3153CD067689FB9668CC9BBA.d.7FBE89F0B49F17AD40219C679930BF28.e.4055","ELEMENT":"f.37FD799F3153CD067689FB9668CC9BBA.d.7FBE89F0B49F17AD40219C679930BF28.e.4055"}]}
COMMAND: GET /session/2c3e5cc3018601d52a1ae1747f5b8299/screenshot - {}
RESULT: {}
RESULT: {"script":"<script> [5351 bytes]","args":[{"element-6066-11e4-a52e-4f735466cecf":"f.37FD799F3153CD067689FB9668CC9BBA.d.7FBE89F0B49F17AD40219C679930BF28.e.4055","ELEMENT":"f.37FD799F3153CD067689FB9668CC9BBA.d.7FBE89F0B49F17AD40219C679930BF28.e.4055"}]}
COMMAND: GET /session/2c3e5cc3018601d52a1ae1747f5b8299/screenshot - {}
RESULT: {}
RESULT: {}
COMMAND: POST /session/2c3e5cc3018601d52a1ae1747f5b8299/execute/async - {"script":"<script> [1562 bytes]","args":[{"selector":{"id":"application-managepartners-display-component---masterPtm--smartFilterBar-btnBasicSearch","interaction":{"idSuffix":"I"}},"wdio_ui5_key":"applicationmanagepartners-display-component---masterPtm--smartFilterBar-btnBasicSearch"}]}
RESULT: {"script":"<script> [1562 bytes]","args":[{"selector":{"id":"application-managepartners-display-component---masterPtm--smartFilterBar-btnBasicSearch","interaction":{"idSuffix":"I"}},"wdio_ui5_key":"applicationmanagepartners-display-component---masterPtm--smartFilterBar-btnBasicSearch"}]}
RESULT: undefined
COMMAND: POST /session/2c3e5cc3018601d52a1ae1747f5b8299/execute/async - {"script":"<script> [776 bytes]","args":[{"enterText":"1227","selector":{"id":"application-managepartners-display-component---masterPtm--smartFilterBar-btnBasicSearch","interaction":{"idSuffix":"I"}},"clearTextFirst":true,"interactionType":"ENTER_TEXT"}]}
RESULT: {"script":"<script> [776 bytes]","args":[{"enterText":"1227","selector":{"id":"application-managepartners-display-component---masterPtm--smartFilterBar-btnBasicSearch","interaction":{"idSuffix":"I"}},"clearTextFirst":true,"interactionType":"ENTER_TEXT"}]}
COMMAND: POST /session/2c3e5cc3018601d52a1ae1747f5b8299/actions - {"actions":[{"id":"action11","type":"key","parameters":{},"actions":[{"type":"keyDown","value":"î€‡"},{"type":"pause","duration":10},{"type":"keyUp","value":"î€‡"}]}]}
RESULT: {"actions":[{"id":"action11","type":"key","parameters":{},"actions":[{"type":"keyDown","value":"î€‡"},{"type":"pause","duration":10},{"type":"keyUp","value":"î€‡"}]}]}
COMMAND: GET /session/2c3e5cc3018601d52a1ae1747f5b8299/screenshot - {}
RESULT: {}
COMMAND: POST /session/2c3e5cc3018601d52a1ae1747f5b8299/elements - {"using":"xpath","value":"//table[contains(@id, \"customPartnersTable-listUl\")]/tbody/tr"}
RESULT: {"using":"xpath","value":"//table[contains(@id, \"customPartnersTable-listUl\")]/tbody/tr"}
COMMAND: POST /session/2c3e5cc3018601d52a1ae1747f5b8299/element - {"using":"xpath","value":"//table[contains(@id, \"customPartnersTable-listUl\")]/tbody/tr[1]/td[3]/span"}
RESULT: {"using":"xpath","value":"//table[contains(@id, \"customPartnersTable-listUl\")]/tbody/tr[1]/td[3]/span"}
COMMAND: POST /session/2c3e5cc3018601d52a1ae1747f5b8299/elements - {"using":"xpath","value":"//table[contains(@id, \"customPartnersTable-listUl\")]/tbody/tr[1]/td[3]/span"}
RESULT: {"using":"xpath","value":"//table[contains(@id, \"customPartnersTable-listUl\")]/tbody/tr[1]/td[3]/span"}
COMMAND: POST /session/2c3e5cc3018601d52a1ae1747f5b8299/execute/sync - {"script":"<script> [56 bytes]","args":[{"element-6066-11e4-a52e-4f735466cecf":"f.37FD799F3153CD067689FB9668CC9BBA.d.7FBE89F0B49F17AD40219C679930BF28.e.4190","ELEMENT":"f.37FD799F3153CD067689FB9668CC9BBA.d.7FBE89F0B49F17AD40219C679930BF28.e.4190"}]}
RESULT: {"script":"<script> [56 bytes]","args":[{"element-6066-11e4-a52e-4f735466cecf":"f.37FD799F3153CD067689FB9668CC9BBA.d.7FBE89F0B49F17AD40219C679930BF28.e.4190","ELEMENT":"f.37FD799F3153CD067689FB9668CC9BBA.d.7FBE89F0B49F17AD40219C679930BF28.e.4190"}]}
COMMAND: POST /session/2c3e5cc3018601d52a1ae1747f5b8299/element - {"using":"xpath","value":"(//span[contains(@id, \"imgNav\")])[1]"}
COMMAND: GET /session/2c3e5cc3018601d52a1ae1747f5b8299/screenshot - {}
RESULT: {"using":"xpath","value":"(//span[contains(@id, \"imgNav\")])[1]"}
COMMAND: POST /session/2c3e5cc3018601d52a1ae1747f5b8299/element/f.37FD799F3153CD067689FB9668CC9BBA.d.7FBE89F0B49F17AD40219C679930BF28.e.4188/click - {}
RESULT: {}
RESULT: {}
COMMAND: GET /session/2c3e5cc3018601d52a1ae1747f5b8299/screenshot - {}
RESULT: {}
COMMAND: POST /session/2c3e5cc3018601d52a1ae1747f5b8299/element - {"using":"xpath","value":"//bdi[contains(text(), \"Edit\")]"}
RESULT: {"using":"xpath","value":"//bdi[contains(text(), \"Edit\")]"}
COMMAND: POST /session/2c3e5cc3018601d52a1ae1747f5b8299/element/f.37FD799F3153CD067689FB9668CC9BBA.d.7FBE89F0B49F17AD40219C679930BF28.e.4332/click - {}
RESULT: {}
COMMAND: GET /session/2c3e5cc3018601d52a1ae1747f5b8299/screenshot - {}
RESULT: {}
COMMAND: POST /session/2c3e5cc3018601d52a1ae1747f5b8299/execute/async - {"script":"<script> [1562 bytes]","args":[{"selector":{"controlType":"sap.m.Input","viewName":"etm.portal.ui.managepartners.view.EditDetail","labelFor":{"text":"Name"},"interaction":{"idSuffix":"inner"}},"wdio_ui5_key":"etmportal.ui.managepartners.view.EditDetailsap.m.Input{\"text\":\"Name\"}"}]}
RESULT: {"script":"<script> [1562 bytes]","args":[{"selector":{"controlType":"sap.m.Input","viewName":"etm.portal.ui.managepartners.view.EditDetail","labelFor":{"text":"Name"},"interaction":{"idSuffix":"inner"}},"wdio_ui5_key":"etmportal.ui.managepartners.view.EditDetailsap.m.Input{\"text\":\"Name\"}"}]}
RESULT: undefined
COMMAND: POST /session/2c3e5cc3018601d52a1ae1747f5b8299/execute/async - {"script":"<script> [776 bytes]","args":[{"enterText":"Intercompany EDIT","selector":{"controlType":"sap.m.Input","viewName":"etm.portal.ui.managepartners.view.EditDetail","labelFor":{"text":"Name"},"interaction":{"idSuffix":"inner"}},"clearTextFirst":true,"interactionType":"ENTER_TEXT"}]}
RESULT: {"script":"<script> [776 bytes]","args":[{"enterText":"Intercompany EDIT","selector":{"controlType":"sap.m.Input","viewName":"etm.portal.ui.managepartners.view.EditDetail","labelFor":{"text":"Name"},"interaction":{"idSuffix":"inner"}},"clearTextFirst":true,"interactionType":"ENTER_TEXT"}]}
COMMAND: POST /session/2c3e5cc3018601d52a1ae1747f5b8299/element - {"using":"xpath","value":"(//span[contains(@id,\"addressDetailDetailsLanguage-arrow\")])[1]"}
RESULT: {"using":"xpath","value":"(//span[contains(@id,\"addressDetailDetailsLanguage-arrow\")])[1]"}
COMMAND: POST /session/2c3e5cc3018601d52a1ae1747f5b8299/element/f.37FD799F3153CD067689FB9668CC9BBA.d.7FBE89F0B49F17AD40219C679930BF28.e.4414/click - {}
RESULT: {}
COMMAND: POST /session/2c3e5cc3018601d52a1ae1747f5b8299/element - {"using":"xpath","value":"//span[contains(text(), \"Chinese\")]"}
COMMAND: GET /session/2c3e5cc3018601d52a1ae1747f5b8299/screenshot - {}
RESULT: {"using":"xpath","value":"//span[contains(text(), \"Chinese\")]"}
COMMAND: POST /session/2c3e5cc3018601d52a1ae1747f5b8299/element/f.37FD799F3153CD067689FB9668CC9BBA.d.7FBE89F0B49F17AD40219C679930BF28.e.4415/click - {}
RESULT: {}
RESULT: {}
COMMAND: GET /session/2c3e5cc3018601d52a1ae1747f5b8299/screenshot - {}
RESULT: {}
COMMAND: POST /session/2c3e5cc3018601d52a1ae1747f5b8299/execute/async - {"script":"<script> [1562 bytes]","args":[{"selector":{"controlType":"sap.m.Input","viewName":"etm.portal.ui.managepartners.view.EditDetail","labelFor":{"text":"City"},"interaction":{"idSuffix":"inner"}},"wdio_ui5_key":"etmportal.ui.managepartners.view.EditDetailsap.m.Input{\"text\":\"City\"}"}]}
RESULT: {"script":"<script> [1562 bytes]","args":[{"selector":{"controlType":"sap.m.Input","viewName":"etm.portal.ui.managepartners.view.EditDetail","labelFor":{"text":"City"},"interaction":{"idSuffix":"inner"}},"wdio_ui5_key":"etmportal.ui.managepartners.view.EditDetailsap.m.Input{\"text\":\"City\"}"}]}
RESULT: undefined
COMMAND: POST /session/2c3e5cc3018601d52a1ae1747f5b8299/execute/async - {"script":"<script> [776 bytes]","args":[{"enterText":"Clooj-Napoca","selector":{"controlType":"sap.m.Input","viewName":"etm.portal.ui.managepartners.view.EditDetail","labelFor":{"text":"City"},"interaction":{"idSuffix":"inner"}},"clearTextFirst":true,"interactionType":"ENTER_TEXT"}]}
RESULT: {"script":"<script> [776 bytes]","args":[{"enterText":"Clooj-Napoca","selector":{"controlType":"sap.m.Input","viewName":"etm.portal.ui.managepartners.view.EditDetail","labelFor":{"text":"City"},"interaction":{"idSuffix":"inner"}},"clearTextFirst":true,"interactionType":"ENTER_TEXT"}]}
COMMAND: POST /session/2c3e5cc3018601d52a1ae1747f5b8299/element - {"using":"xpath","value":"//button[@data-kt=\"saveButton\"]"}
RESULT: {"using":"xpath","value":"//button[@data-kt=\"saveButton\"]"}
COMMAND: POST /session/2c3e5cc3018601d52a1ae1747f5b8299/element/f.37FD799F3153CD067689FB9668CC9BBA.d.7FBE89F0B49F17AD40219C679930BF28.e.4391/click - {}
RESULT: {}
COMMAND: GET /session/2c3e5cc3018601d52a1ae1747f5b8299/screenshot - {}
RESULT: {}
COMMAND: POST /session/2c3e5cc3018601d52a1ae1747f5b8299/execute/async - {"script":"<script> [1562 bytes]","args":[{"selector":{"id":"application-managepartners-display-component---detailPtm--addressDetailDetailsName1"},"wdio_ui5_key":"applicationmanagepartners-display-component---detailPtm--addressDetailDetailsName1"}]}
RESULT: {"script":"<script> [1562 bytes]","args":[{"selector":{"id":"application-managepartners-display-component---detailPtm--addressDetailDetailsName1"},"wdio_ui5_key":"applicationmanagepartners-display-component---detailPtm--addressDetailDetailsName1"}]}
RESULT: undefined
COMMAND: POST /session/2c3e5cc3018601d52a1ae1747f5b8299/execute/async - {"script":"<script> [6424 bytes]","args":[{"element-6066-11e4-a52e-4f735466cecf":"f.37FD799F3153CD067689FB9668CC9BBA.d.7FBE89F0B49F17AD40219C679930BF28.e.4446"},"getValue",[]]}
RESULT: {"script":"<script> [6424 bytes]","args":[{"element-6066-11e4-a52e-4f735466cecf":"f.37FD799F3153CD067689FB9668CC9BBA.d.7FBE89F0B49F17AD40219C679930BF28.e.4446"},"getValue",[]]}
COMMAND: POST /session/2c3e5cc3018601d52a1ae1747f5b8299/element - {"using":"xpath","value":"//input[@id = \"application-managepartners-display-component---detailPtm--addressDetailDetailsLanguage-inner\"]"}
RESULT: {"using":"xpath","value":"//input[@id = \"application-managepartners-display-component---detailPtm--addressDetailDetailsLanguage-inner\"]"}
COMMAND: GET /session/2c3e5cc3018601d52a1ae1747f5b8299/element/f.37FD799F3153CD067689FB9668CC9BBA.d.7FBE89F0B49F17AD40219C679930BF28.e.4447/property/value - {}
RESULT: {}
COMMAND: POST /session/2c3e5cc3018601d52a1ae1747f5b8299/execute/async - {"script":"<script> [1562 bytes]","args":[{"selector":{"id":"application-managepartners-display-component---detailPtm--addressDetailDetailsCity1"},"wdio_ui5_key":"applicationmanagepartners-display-component---detailPtm--addressDetailDetailsCity1"}]}
COMMAND: GET /session/2c3e5cc3018601d52a1ae1747f5b8299/screenshot - {}
RESULT: {"script":"<script> [1562 bytes]","args":[{"selector":{"id":"application-managepartners-display-component---detailPtm--addressDetailDetailsCity1"},"wdio_ui5_key":"applicationmanagepartners-display-component---detailPtm--addressDetailDetailsCity1"}]}
RESULT: undefined
COMMAND: POST /session/2c3e5cc3018601d52a1ae1747f5b8299/execute/async - {"script":"<script> [6424 bytes]","args":[{"element-6066-11e4-a52e-4f735466cecf":"f.37FD799F3153CD067689FB9668CC9BBA.d.7FBE89F0B49F17AD40219C679930BF28.e.4448"},"getValue",[]]}
RESULT: {}
RESULT: {"script":"<script> [6424 bytes]","args":[{"element-6066-11e4-a52e-4f735466cecf":"f.37FD799F3153CD067689FB9668CC9BBA.d.7FBE89F0B49F17AD40219C679930BF28.e.4448"},"getValue",[]]}
COMMAND: POST /session/2c3e5cc3018601d52a1ae1747f5b8299/element - {"using":"css selector","value":"#shell-header-logo"}
RESULT: {"using":"css selector","value":"#shell-header-logo"}
COMMAND: POST /session/2c3e5cc3018601d52a1ae1747f5b8299/element/f.37FD799F3153CD067689FB9668CC9BBA.d.7FBE89F0B49F17AD40219C679930BF28.e.4011/click - {}
RESULT: {}
COMMAND: GET /session/2c3e5cc3018601d52a1ae1747f5b8299/screenshot - {}
RESULT: {}
]]></system-out>
    </testcase>
    <testcase classname="chrome.136_0_7103_93.windows.Partner_specific_tests_US150819_US151080_US151654_US151176_US103444_US151078_US151079_US151109_US151174_US151175_US151189" name="Should create a new intracompany partner edit some of its fields US151079" time="242.439">
      <system-out><![CDATA[
COMMAND: POST /session/2c3e5cc3018601d52a1ae1747f5b8299/element - {"using":"xpath","value":"//li[.//span[text()=\"Manage Partners\"]]"}
RESULT: {"using":"xpath","value":"//li[.//span[text()=\"Manage Partners\"]]"}
COMMAND: POST /session/2c3e5cc3018601d52a1ae1747f5b8299/element - {"using":"xpath","value":"//li[.//span[text()=\"Manage Partners\"]]"}
RESULT: {"using":"xpath","value":"//li[.//span[text()=\"Manage Partners\"]]"}
COMMAND: POST /session/2c3e5cc3018601d52a1ae1747f5b8299/element - {"using":"css selector","value":"#shell-header-logo"}
RESULT: {"using":"css selector","value":"#shell-header-logo"}
COMMAND: POST /session/2c3e5cc3018601d52a1ae1747f5b8299/element/f.37FD799F3153CD067689FB9668CC9BBA.d.7FBE89F0B49F17AD40219C679930BF28.e.4479/click - {}
COMMAND: POST /session/2c3e5cc3018601d52a1ae1747f5b8299/execute/sync - {"script":"<script> [8489 bytes]","args":[{"element-6066-11e4-a52e-4f735466cecf":"f.37FD799F3153CD067689FB9668CC9BBA.d.7FBE89F0B49F17AD40219C679930BF28.e.4479","ELEMENT":"f.37FD799F3153CD067689FB9668CC9BBA.d.7FBE89F0B49F17AD40219C679930BF28.e.4479"}]}
RESULT: {}
COMMAND: GET /session/2c3e5cc3018601d52a1ae1747f5b8299/screenshot - {}
RESULT: {"script":"<script> [8489 bytes]","args":[{"element-6066-11e4-a52e-4f735466cecf":"f.37FD799F3153CD067689FB9668CC9BBA.d.7FBE89F0B49F17AD40219C679930BF28.e.4479","ELEMENT":"f.37FD799F3153CD067689FB9668CC9BBA.d.7FBE89F0B49F17AD40219C679930BF28.e.4479"}]}
COMMAND: POST /session/2c3e5cc3018601d52a1ae1747f5b8299/execute/sync - {"script":"<script> [5351 bytes]","args":[{"element-6066-11e4-a52e-4f735466cecf":"f.37FD799F3153CD067689FB9668CC9BBA.d.7FBE89F0B49F17AD40219C679930BF28.e.4479","ELEMENT":"f.37FD799F3153CD067689FB9668CC9BBA.d.7FBE89F0B49F17AD40219C679930BF28.e.4479"}]}
COMMAND: GET /session/2c3e5cc3018601d52a1ae1747f5b8299/screenshot - {}
RESULT: {}
RESULT: {"script":"<script> [5351 bytes]","args":[{"element-6066-11e4-a52e-4f735466cecf":"f.37FD799F3153CD067689FB9668CC9BBA.d.7FBE89F0B49F17AD40219C679930BF28.e.4479","ELEMENT":"f.37FD799F3153CD067689FB9668CC9BBA.d.7FBE89F0B49F17AD40219C679930BF28.e.4479"}]}
COMMAND: GET /session/2c3e5cc3018601d52a1ae1747f5b8299/screenshot - {}
RESULT: {}
RESULT: {}
COMMAND: POST /session/2c3e5cc3018601d52a1ae1747f5b8299/refresh - {}
RESULT: {}
COMMAND: GET /session/2c3e5cc3018601d52a1ae1747f5b8299/screenshot - {}
RESULT: {}
COMMAND: POST /session/2c3e5cc3018601d52a1ae1747f5b8299/refresh - {}
RESULT: {}
COMMAND: GET /session/2c3e5cc3018601d52a1ae1747f5b8299/screenshot - {}
RESULT: {}
COMMAND: POST /session/2c3e5cc3018601d52a1ae1747f5b8299/window/fullscreen - {}
RESULT: {}
COMMAND: POST /session/2c3e5cc3018601d52a1ae1747f5b8299/execute/async - {"script":"<script> [189 bytes]","args":[]}
RESULT: {"script":"<script> [189 bytes]","args":[]}
COMMAND: POST /session/2c3e5cc3018601d52a1ae1747f5b8299/execute/async - {"script":"<script> [123 bytes]","args":[]}
RESULT: {"script":"<script> [123 bytes]","args":[]}
COMMAND: POST /session/2c3e5cc3018601d52a1ae1747f5b8299/timeouts - {"script":"<number>"}
RESULT: {"script":"<number>"}
COMMAND: GET /session/2c3e5cc3018601d52a1ae1747f5b8299/timeouts - {}
RESULT: {}
RESULT: undefined
COMMAND: POST /session/2c3e5cc3018601d52a1ae1747f5b8299/execute/async - {"script":"<script> [2676 bytes]","args":[]}
RESULT: {"script":"<script> [2676 bytes]","args":[]}
COMMAND: POST /session/2c3e5cc3018601d52a1ae1747f5b8299/execute/async - {"script":"<script> [2342 bytes]","args":[{"protocol":"http","hostname":"0.0.0.0","path":"/","capabilities":{"browserName":"chrome","goog:chromeOptions":{"binary":"C:\\Program Files\\Google\\Chrome\\Application\\chrome.exe","args":["--start-maximized"]}},"logLevel":"warn","connectionRetryTimeout":120000,"connectionRetryCount":3,"logLevels":{},"enableDirectConnect":true,"strictSSL":true,"_":"65 more keys: [\"cacheDir\",\"port\",\"requestedCapabilities\",\"automationProtocol\",\"baseUrl\",\"waitforInterval\",\"waitforTimeout\",\"onReload\",\"beforeCommand\",\"afterCommand\",\"rootDir\",\"specs\",\"suites\",\"exclude\",\"groupLogsByTestSpec\",\"excludeDriverLogs\",\"bail\",\"framework\",\"reporters\",\"services\",\"maxInstances\",\"maxInstancesPerCapability\",\"injectGlobals\",\"filesToWatch\",\"execArgv\",\"runnerEnv\",\"runner\",\"shard\",\"specFileRetries\",\"specFileRetriesDelay\",\"specFileRetriesDeferred\",\"reporterSyncInterval\",\"reporterSyncTimeout\",\"cucumberFeaturesWithLineNumbers\",\"autoCompileOpts\",\"mochaOpts\",\"jasmineOpts\",\"cucumberOpts\",\"onPrepare\",\"onWorkerStart\",\"onWorkerEnd\",\"before\",\"beforeSession\",\"beforeSuite\",\"beforeHook\",\"beforeTest\",\"afterTest\",\"afterHook\",\"afterSuite\",\"afterSession\",\"after\",\"onComplete\",\"beforeAssertion\",\"afterAssertion\",\"beforeFeature\",\"beforeScenario\",\"beforeStep\",\"afterStep\",\"afterScenario\",\"afterFeature\",\"_\",\"suite\",\"$0\",\"ignoredWorkerServices\",\"wdi5\"]"}]}
RESULT: {"script":"<script> [2342 bytes]","args":[{"protocol":"http","hostname":"0.0.0.0","path":"/","capabilities":{"browserName":"chrome","goog:chromeOptions":{"binary":"C:\\Program Files\\Google\\Chrome\\Application\\chrome.exe","args":["--start-maximized"]}},"logLevel":"warn","connectionRetryTimeout":120000,"connectionRetryCount":3,"logLevels":{},"enableDirectConnect":true,"strictSSL":true,"_":"65 more keys: [\"cacheDir\",\"port\",\"requestedCapabilities\",\"automationProtocol\",\"baseUrl\",\"waitforInterval\",\"waitforTimeout\",\"onReload\",\"beforeCommand\",\"afterCommand\",\"rootDir\",\"specs\",\"suites\",\"exclude\",\"groupLogsByTestSpec\",\"excludeDriverLogs\",\"bail\",\"framework\",\"reporters\",\"services\",\"maxInstances\",\"maxInstancesPerCapability\",\"injectGlobals\",\"filesToWatch\",\"execArgv\",\"runnerEnv\",\"runner\",\"shard\",\"specFileRetries\",\"specFileRetriesDelay\",\"specFileRetriesDeferred\",\"reporterSyncInterval\",\"reporterSyncTimeout\",\"cucumberFeaturesWithLineNumbers\",\"autoCompileOpts\",\"mochaOpts\",\"jasmineOpts\",\"cucumberOpts\",\"onPrepare\",\"onWorkerStart\",\"onWorkerEnd\",\"before\",\"beforeSession\",\"beforeSuite\",\"beforeHook\",\"beforeTest\",\"afterTest\",\"afterHook\",\"afterSuite\",\"afterSession\",\"after\",\"onComplete\",\"beforeAssertion\",\"afterAssertion\",\"beforeFeature\",\"beforeScenario\",\"beforeStep\",\"afterStep\",\"afterScenario\",\"afterFeature\",\"_\",\"suite\",\"$0\",\"ignoredWorkerServices\",\"wdi5\"]"}]}
COMMAND: POST /session/2c3e5cc3018601d52a1ae1747f5b8299/execute/async - {"script":"<script> [21126 bytes]","args":[35000]}
RESULT: {"script":"<script> [21126 bytes]","args":[35000]}
COMMAND: POST /session/2c3e5cc3018601d52a1ae1747f5b8299/window/fullscreen - {}
RESULT: {}
COMMAND: POST /session/2c3e5cc3018601d52a1ae1747f5b8299/window/fullscreen - {}
RESULT: {}
COMMAND: POST /session/2c3e5cc3018601d52a1ae1747f5b8299/execute/async - {"script":"<script> [1562 bytes]","args":[{"selector":{"controlType":"sap.m.GenericTile","properties":{"header":"Manage Partners"}},"wdio_ui5_key":"sapm.GenericTile{\"header\":\"Manage Partners\"}"}]}
RESULT: {"script":"<script> [1562 bytes]","args":[{"selector":{"controlType":"sap.m.GenericTile","properties":{"header":"Manage Partners"}},"wdio_ui5_key":"sapm.GenericTile{\"header\":\"Manage Partners\"}"}]}
RESULT: undefined
COMMAND: POST /session/2c3e5cc3018601d52a1ae1747f5b8299/element - {"using":"xpath","value":"//*[@id=\"__tile30\"]"}
RESULT: {"using":"xpath","value":"//*[@id=\"__tile30\"]"}
COMMAND: POST /session/2c3e5cc3018601d52a1ae1747f5b8299/element/f.37FD799F3153CD067689FB9668CC9BBA.d.54ED6B640F8569D7B79F78E6FF261179.e.4545/click - {}
RESULT: {}
COMMAND: GET /session/2c3e5cc3018601d52a1ae1747f5b8299/screenshot - {}
RESULT: {}
COMMAND: POST /session/2c3e5cc3018601d52a1ae1747f5b8299/elements - {"using":"xpath","value":"//span[text()='Error']"}
RESULT: {"using":"xpath","value":"//span[text()='Error']"}
COMMAND: POST /session/2c3e5cc3018601d52a1ae1747f5b8299/element - {"using":"xpath","value":"//button[@data-kt=\"addButton\"]"}
RESULT: {"using":"xpath","value":"//button[@data-kt=\"addButton\"]"}
COMMAND: POST /session/2c3e5cc3018601d52a1ae1747f5b8299/elements - {"using":"xpath","value":"//button[@data-kt=\"addButton\"]"}
RESULT: {"using":"xpath","value":"//button[@data-kt=\"addButton\"]"}
COMMAND: POST /session/2c3e5cc3018601d52a1ae1747f5b8299/elements - {"using":"xpath","value":"//button[@data-kt=\"addButton\"]"}
RESULT: {"using":"xpath","value":"//button[@data-kt=\"addButton\"]"}
COMMAND: POST /session/2c3e5cc3018601d52a1ae1747f5b8299/elements - {"using":"xpath","value":"//button[@data-kt=\"addButton\"]"}
RESULT: {"using":"xpath","value":"//button[@data-kt=\"addButton\"]"}
COMMAND: POST /session/2c3e5cc3018601d52a1ae1747f5b8299/elements - {"using":"xpath","value":"//button[@data-kt=\"addButton\"]"}
RESULT: {"using":"xpath","value":"//button[@data-kt=\"addButton\"]"}
COMMAND: POST /session/2c3e5cc3018601d52a1ae1747f5b8299/elements - {"using":"xpath","value":"//button[@data-kt=\"addButton\"]"}
RESULT: {"using":"xpath","value":"//button[@data-kt=\"addButton\"]"}
COMMAND: POST /session/2c3e5cc3018601d52a1ae1747f5b8299/elements - {"using":"xpath","value":"//button[@data-kt=\"addButton\"]"}
RESULT: {"using":"xpath","value":"//button[@data-kt=\"addButton\"]"}
COMMAND: POST /session/2c3e5cc3018601d52a1ae1747f5b8299/elements - {"using":"xpath","value":"//button[@data-kt=\"addButton\"]"}
RESULT: {"using":"xpath","value":"//button[@data-kt=\"addButton\"]"}
COMMAND: POST /session/2c3e5cc3018601d52a1ae1747f5b8299/element - {"using":"xpath","value":"//button[@data-kt=\"addButton\"]"}
RESULT: {"using":"xpath","value":"//button[@data-kt=\"addButton\"]"}
COMMAND: POST /session/2c3e5cc3018601d52a1ae1747f5b8299/execute/sync - {"script":"<script> [8489 bytes]","args":[{"element-6066-11e4-a52e-4f735466cecf":"f.37FD799F3153CD067689FB9668CC9BBA.d.54ED6B640F8569D7B79F78E6FF261179.e.4659","ELEMENT":"f.37FD799F3153CD067689FB9668CC9BBA.d.54ED6B640F8569D7B79F78E6FF261179.e.4659"}]}
RESULT: {"script":"<script> [8489 bytes]","args":[{"element-6066-11e4-a52e-4f735466cecf":"f.37FD799F3153CD067689FB9668CC9BBA.d.54ED6B640F8569D7B79F78E6FF261179.e.4659","ELEMENT":"f.37FD799F3153CD067689FB9668CC9BBA.d.54ED6B640F8569D7B79F78E6FF261179.e.4659"}]}
COMMAND: GET /session/2c3e5cc3018601d52a1ae1747f5b8299/element/f.37FD799F3153CD067689FB9668CC9BBA.d.54ED6B640F8569D7B79F78E6FF261179.e.4659/enabled - {}
COMMAND: GET /session/2c3e5cc3018601d52a1ae1747f5b8299/screenshot - {}
RESULT: {}
COMMAND: POST /session/2c3e5cc3018601d52a1ae1747f5b8299/execute/sync - {"script":"<script> [8489 bytes]","args":[{"element-6066-11e4-a52e-4f735466cecf":"f.37FD799F3153CD067689FB9668CC9BBA.d.54ED6B640F8569D7B79F78E6FF261179.e.4659","ELEMENT":"f.37FD799F3153CD067689FB9668CC9BBA.d.54ED6B640F8569D7B79F78E6FF261179.e.4659"}]}
COMMAND: GET /session/2c3e5cc3018601d52a1ae1747f5b8299/screenshot - {}
RESULT: {}
RESULT: {"script":"<script> [8489 bytes]","args":[{"element-6066-11e4-a52e-4f735466cecf":"f.37FD799F3153CD067689FB9668CC9BBA.d.54ED6B640F8569D7B79F78E6FF261179.e.4659","ELEMENT":"f.37FD799F3153CD067689FB9668CC9BBA.d.54ED6B640F8569D7B79F78E6FF261179.e.4659"}]}
COMMAND: POST /session/2c3e5cc3018601d52a1ae1747f5b8299/execute/sync - {"script":"<script> [5351 bytes]","args":[{"element-6066-11e4-a52e-4f735466cecf":"f.37FD799F3153CD067689FB9668CC9BBA.d.54ED6B640F8569D7B79F78E6FF261179.e.4659","ELEMENT":"f.37FD799F3153CD067689FB9668CC9BBA.d.54ED6B640F8569D7B79F78E6FF261179.e.4659"}]}
COMMAND: GET /session/2c3e5cc3018601d52a1ae1747f5b8299/screenshot - {}
RESULT: {}
RESULT: {"script":"<script> [5351 bytes]","args":[{"element-6066-11e4-a52e-4f735466cecf":"f.37FD799F3153CD067689FB9668CC9BBA.d.54ED6B640F8569D7B79F78E6FF261179.e.4659","ELEMENT":"f.37FD799F3153CD067689FB9668CC9BBA.d.54ED6B640F8569D7B79F78E6FF261179.e.4659"}]}
COMMAND: POST /session/2c3e5cc3018601d52a1ae1747f5b8299/element/f.37FD799F3153CD067689FB9668CC9BBA.d.54ED6B640F8569D7B79F78E6FF261179.e.4659/click - {}
COMMAND: GET /session/2c3e5cc3018601d52a1ae1747f5b8299/screenshot - {}
RESULT: {}
RESULT: {}
COMMAND: GET /session/2c3e5cc3018601d52a1ae1747f5b8299/screenshot - {}
RESULT: {}
RESULT: {}
COMMAND: POST /session/2c3e5cc3018601d52a1ae1747f5b8299/execute/async - {"script":"<script> [1562 bytes]","args":[{"selector":{"id":"application-managepartners-display-component---NewPartner--addressDetailDetailsName1","interaction":{"idSuffix":"inner"}},"wdio_ui5_key":"applicationmanagepartners-display-component---NewPartner--addressDetailDetailsName1"}]}
RESULT: {"script":"<script> [1562 bytes]","args":[{"selector":{"id":"application-managepartners-display-component---NewPartner--addressDetailDetailsName1","interaction":{"idSuffix":"inner"}},"wdio_ui5_key":"applicationmanagepartners-display-component---NewPartner--addressDetailDetailsName1"}]}
RESULT: undefined
COMMAND: POST /session/2c3e5cc3018601d52a1ae1747f5b8299/execute/async - {"script":"<script> [776 bytes]","args":[{"enterText":"Intracompany Partner WDIO","selector":{"id":"application-managepartners-display-component---NewPartner--addressDetailDetailsName1","interaction":{"idSuffix":"inner"}},"clearTextFirst":true,"interactionType":"ENTER_TEXT"}]}
RESULT: {"script":"<script> [776 bytes]","args":[{"enterText":"Intracompany Partner WDIO","selector":{"id":"application-managepartners-display-component---NewPartner--addressDetailDetailsName1","interaction":{"idSuffix":"inner"}},"clearTextFirst":true,"interactionType":"ENTER_TEXT"}]}
COMMAND: POST /session/2c3e5cc3018601d52a1ae1747f5b8299/execute/async - {"script":"<script> [1562 bytes]","args":[{"selector":{"id":"application-managepartners-display-component---NewPartner--addressDetailDetailsLanguage-arrow"},"wdio_ui5_key":"applicationmanagepartners-display-component---NewPartner--addressDetailDetailsLanguage-arrow"}]}
RESULT: {"script":"<script> [1562 bytes]","args":[{"selector":{"id":"application-managepartners-display-component---NewPartner--addressDetailDetailsLanguage-arrow"},"wdio_ui5_key":"applicationmanagepartners-display-component---NewPartner--addressDetailDetailsLanguage-arrow"}]}
RESULT: undefined
COMMAND: POST /session/2c3e5cc3018601d52a1ae1747f5b8299/element - {"using":"xpath","value":"//*[@id=\"application-managepartners-display-component---NewPartner--addressDetailDetailsLanguage-arrow\"]"}
RESULT: {"using":"xpath","value":"//*[@id=\"application-managepartners-display-component---NewPartner--addressDetailDetailsLanguage-arrow\"]"}
COMMAND: POST /session/2c3e5cc3018601d52a1ae1747f5b8299/element/f.37FD799F3153CD067689FB9668CC9BBA.d.54ED6B640F8569D7B79F78E6FF261179.e.5118/click - {}
RESULT: {}
COMMAND: POST /session/2c3e5cc3018601d52a1ae1747f5b8299/element - {"using":"xpath","value":"//span[contains(text(), \"English\")]"}
COMMAND: GET /session/2c3e5cc3018601d52a1ae1747f5b8299/screenshot - {}
RESULT: {"using":"xpath","value":"//span[contains(text(), \"English\")]"}
COMMAND: POST /session/2c3e5cc3018601d52a1ae1747f5b8299/element/f.37FD799F3153CD067689FB9668CC9BBA.d.54ED6B640F8569D7B79F78E6FF261179.e.5119/click - {}
RESULT: {}
RESULT: {}
COMMAND: GET /session/2c3e5cc3018601d52a1ae1747f5b8299/screenshot - {}
RESULT: {}
COMMAND: POST /session/2c3e5cc3018601d52a1ae1747f5b8299/execute/async - {"script":"<script> [1562 bytes]","args":[{"selector":{"id":"application-managepartners-display-component---NewPartner--addressDetailDetailsCity1","interaction":{"idSuffix":"inner"}},"wdio_ui5_key":"applicationmanagepartners-display-component---NewPartner--addressDetailDetailsCity1"}]}
RESULT: {"script":"<script> [1562 bytes]","args":[{"selector":{"id":"application-managepartners-display-component---NewPartner--addressDetailDetailsCity1","interaction":{"idSuffix":"inner"}},"wdio_ui5_key":"applicationmanagepartners-display-component---NewPartner--addressDetailDetailsCity1"}]}
RESULT: undefined
COMMAND: POST /session/2c3e5cc3018601d52a1ae1747f5b8299/execute/async - {"script":"<script> [776 bytes]","args":[{"enterText":"Rosario","selector":{"id":"application-managepartners-display-component---NewPartner--addressDetailDetailsCity1","interaction":{"idSuffix":"inner"}},"clearTextFirst":true,"interactionType":"ENTER_TEXT"}]}
RESULT: {"script":"<script> [776 bytes]","args":[{"enterText":"Rosario","selector":{"id":"application-managepartners-display-component---NewPartner--addressDetailDetailsCity1","interaction":{"idSuffix":"inner"}},"clearTextFirst":true,"interactionType":"ENTER_TEXT"}]}
COMMAND: POST /session/2c3e5cc3018601d52a1ae1747f5b8299/execute/async - {"script":"<script> [1562 bytes]","args":[{"selector":{"id":"application-managepartners-display-component---NewPartner--addressDetailDetailsCountry-arrow"},"wdio_ui5_key":"applicationmanagepartners-display-component---NewPartner--addressDetailDetailsCountry-arrow"}]}
RESULT: {"script":"<script> [1562 bytes]","args":[{"selector":{"id":"application-managepartners-display-component---NewPartner--addressDetailDetailsCountry-arrow"},"wdio_ui5_key":"applicationmanagepartners-display-component---NewPartner--addressDetailDetailsCountry-arrow"}]}
RESULT: undefined
COMMAND: POST /session/2c3e5cc3018601d52a1ae1747f5b8299/element - {"using":"xpath","value":"//*[@id=\"application-managepartners-display-component---NewPartner--addressDetailDetailsCountry-arrow\"]"}
RESULT: {"using":"xpath","value":"//*[@id=\"application-managepartners-display-component---NewPartner--addressDetailDetailsCountry-arrow\"]"}
COMMAND: POST /session/2c3e5cc3018601d52a1ae1747f5b8299/element/f.37FD799F3153CD067689FB9668CC9BBA.d.54ED6B640F8569D7B79F78E6FF261179.e.5105/click - {}
RESULT: {}
COMMAND: POST /session/2c3e5cc3018601d52a1ae1747f5b8299/element - {"using":"xpath","value":"//span[contains(text(), \"Argentina\")]"}
COMMAND: GET /session/2c3e5cc3018601d52a1ae1747f5b8299/screenshot - {}
RESULT: {"using":"xpath","value":"//span[contains(text(), \"Argentina\")]"}
COMMAND: POST /session/2c3e5cc3018601d52a1ae1747f5b8299/element/f.37FD799F3153CD067689FB9668CC9BBA.d.54ED6B640F8569D7B79F78E6FF261179.e.5121/click - {}
RESULT: {}
RESULT: {}
COMMAND: GET /session/2c3e5cc3018601d52a1ae1747f5b8299/screenshot - {}
RESULT: {}
COMMAND: POST /session/2c3e5cc3018601d52a1ae1747f5b8299/element - {"using":"xpath","value":"//bdi[contains(text(), \"Commercial\")]"}
RESULT: {"using":"xpath","value":"//bdi[contains(text(), \"Commercial\")]"}
COMMAND: POST /session/2c3e5cc3018601d52a1ae1747f5b8299/element/f.37FD799F3153CD067689FB9668CC9BBA.d.54ED6B640F8569D7B79F78E6FF261179.e.5122/click - {}
RESULT: {}
COMMAND: GET /session/2c3e5cc3018601d52a1ae1747f5b8299/screenshot - {}
RESULT: {}
COMMAND: POST /session/2c3e5cc3018601d52a1ae1747f5b8299/execute/async - {"script":"<script> [1562 bytes]","args":[{"selector":{"id":"application-managepartners-display-component---NewPartner--partnerDetailInternal-arrow"},"wdio_ui5_key":"applicationmanagepartners-display-component---NewPartner--partnerDetailInternal-arrow"}]}
RESULT: {"script":"<script> [1562 bytes]","args":[{"selector":{"id":"application-managepartners-display-component---NewPartner--partnerDetailInternal-arrow"},"wdio_ui5_key":"applicationmanagepartners-display-component---NewPartner--partnerDetailInternal-arrow"}]}
RESULT: undefined
COMMAND: POST /session/2c3e5cc3018601d52a1ae1747f5b8299/element - {"using":"xpath","value":"//*[@id=\"application-managepartners-display-component---NewPartner--partnerDetailInternal-arrow\"]"}
RESULT: {"using":"xpath","value":"//*[@id=\"application-managepartners-display-component---NewPartner--partnerDetailInternal-arrow\"]"}
COMMAND: POST /session/2c3e5cc3018601d52a1ae1747f5b8299/element/f.37FD799F3153CD067689FB9668CC9BBA.d.54ED6B640F8569D7B79F78E6FF261179.e.5128/click - {}
RESULT: {}
COMMAND: POST /session/2c3e5cc3018601d52a1ae1747f5b8299/element - {"using":"xpath","value":"//span[contains(text(), \"Affiliated company\")]"}
COMMAND: GET /session/2c3e5cc3018601d52a1ae1747f5b8299/screenshot - {}
RESULT: {"using":"xpath","value":"//span[contains(text(), \"Affiliated company\")]"}
COMMAND: POST /session/2c3e5cc3018601d52a1ae1747f5b8299/element/f.37FD799F3153CD067689FB9668CC9BBA.d.54ED6B640F8569D7B79F78E6FF261179.e.5129/click - {}
RESULT: {}
RESULT: {}
COMMAND: POST /session/2c3e5cc3018601d52a1ae1747f5b8299/execute/async - {"script":"<script> [1562 bytes]","args":[{"selector":{"id":"application-managepartners-display-component---NewPartner--partnerDetailsCurrency-arrow"},"wdio_ui5_key":"applicationmanagepartners-display-component---NewPartner--partnerDetailsCurrency-arrow"}]}
COMMAND: GET /session/2c3e5cc3018601d52a1ae1747f5b8299/screenshot - {}
RESULT: {"script":"<script> [1562 bytes]","args":[{"selector":{"id":"application-managepartners-display-component---NewPartner--partnerDetailsCurrency-arrow"},"wdio_ui5_key":"applicationmanagepartners-display-component---NewPartner--partnerDetailsCurrency-arrow"}]}
RESULT: undefined
COMMAND: POST /session/2c3e5cc3018601d52a1ae1747f5b8299/element - {"using":"xpath","value":"//*[@id=\"application-managepartners-display-component---NewPartner--partnerDetailsCurrency-arrow\"]"}
RESULT: {}
RESULT: {"using":"xpath","value":"//*[@id=\"application-managepartners-display-component---NewPartner--partnerDetailsCurrency-arrow\"]"}
COMMAND: POST /session/2c3e5cc3018601d52a1ae1747f5b8299/element/f.37FD799F3153CD067689FB9668CC9BBA.d.54ED6B640F8569D7B79F78E6FF261179.e.5136/click - {}
RESULT: {}
COMMAND: POST /session/2c3e5cc3018601d52a1ae1747f5b8299/element - {"using":"xpath","value":"//span[contains(text(), \"Euro\")]"}
COMMAND: GET /session/2c3e5cc3018601d52a1ae1747f5b8299/screenshot - {}
RESULT: {"using":"xpath","value":"//span[contains(text(), \"Euro\")]"}
COMMAND: POST /session/2c3e5cc3018601d52a1ae1747f5b8299/element/f.37FD799F3153CD067689FB9668CC9BBA.d.54ED6B640F8569D7B79F78E6FF261179.e.5137/click - {}
RESULT: {}
RESULT: {}
COMMAND: POST /session/2c3e5cc3018601d52a1ae1747f5b8299/execute/async - {"script":"<script> [1562 bytes]","args":[{"selector":{"id":"application-managepartners-display-component---NewPartner--addressEditDetailsCostObjectCstType-arrow"},"wdio_ui5_key":"applicationmanagepartners-display-component---NewPartner--addressEditDetailsCostObjectCstType-arrow"}]}
COMMAND: GET /session/2c3e5cc3018601d52a1ae1747f5b8299/screenshot - {}
RESULT: {"script":"<script> [1562 bytes]","args":[{"selector":{"id":"application-managepartners-display-component---NewPartner--addressEditDetailsCostObjectCstType-arrow"},"wdio_ui5_key":"applicationmanagepartners-display-component---NewPartner--addressEditDetailsCostObjectCstType-arrow"}]}
RESULT: undefined
COMMAND: POST /session/2c3e5cc3018601d52a1ae1747f5b8299/element - {"using":"xpath","value":"//*[@id=\"application-managepartners-display-component---NewPartner--addressEditDetailsCostObjectCstType-arrow\"]"}
RESULT: {}
RESULT: {"using":"xpath","value":"//*[@id=\"application-managepartners-display-component---NewPartner--addressEditDetailsCostObjectCstType-arrow\"]"}
COMMAND: POST /session/2c3e5cc3018601d52a1ae1747f5b8299/element/f.37FD799F3153CD067689FB9668CC9BBA.d.54ED6B640F8569D7B79F78E6FF261179.e.5138/click - {}
RESULT: {}
COMMAND: POST /session/2c3e5cc3018601d52a1ae1747f5b8299/element - {"using":"xpath","value":"//span[contains(text(), \"Cost Center\")]"}
COMMAND: GET /session/2c3e5cc3018601d52a1ae1747f5b8299/screenshot - {}
RESULT: {"using":"xpath","value":"//span[contains(text(), \"Cost Center\")]"}
COMMAND: POST /session/2c3e5cc3018601d52a1ae1747f5b8299/element/f.37FD799F3153CD067689FB9668CC9BBA.d.54ED6B640F8569D7B79F78E6FF261179.e.5139/click - {}
RESULT: {}
RESULT: {}
COMMAND: GET /session/2c3e5cc3018601d52a1ae1747f5b8299/screenshot - {}
RESULT: {}
COMMAND: POST /session/2c3e5cc3018601d52a1ae1747f5b8299/element - {"using":"xpath","value":"//span[@id=\"application-managepartners-display-component---NewPartner--addressNewCostObjectCstID-vhi\"]"}
RESULT: {"using":"xpath","value":"//span[@id=\"application-managepartners-display-component---NewPartner--addressNewCostObjectCstID-vhi\"]"}
COMMAND: POST /session/2c3e5cc3018601d52a1ae1747f5b8299/execute/sync - {"script":"<script> [8489 bytes]","args":[{"element-6066-11e4-a52e-4f735466cecf":"f.37FD799F3153CD067689FB9668CC9BBA.d.54ED6B640F8569D7B79F78E6FF261179.e.5143","ELEMENT":"f.37FD799F3153CD067689FB9668CC9BBA.d.54ED6B640F8569D7B79F78E6FF261179.e.5143"}]}
RESULT: {"script":"<script> [8489 bytes]","args":[{"element-6066-11e4-a52e-4f735466cecf":"f.37FD799F3153CD067689FB9668CC9BBA.d.54ED6B640F8569D7B79F78E6FF261179.e.5143","ELEMENT":"f.37FD799F3153CD067689FB9668CC9BBA.d.54ED6B640F8569D7B79F78E6FF261179.e.5143"}]}
COMMAND: POST /session/2c3e5cc3018601d52a1ae1747f5b8299/execute/async - {"script":"<script> [1562 bytes]","args":[{"selector":{"id":"application-managepartners-display-component---NewPartner--addressNewCostObjectCstID-vhi"},"wdio_ui5_key":"applicationmanagepartners-display-component---NewPartner--addressNewCostObjectCstID-vhi"}]}
COMMAND: GET /session/2c3e5cc3018601d52a1ae1747f5b8299/screenshot - {}
RESULT: {"script":"<script> [1562 bytes]","args":[{"selector":{"id":"application-managepartners-display-component---NewPartner--addressNewCostObjectCstID-vhi"},"wdio_ui5_key":"applicationmanagepartners-display-component---NewPartner--addressNewCostObjectCstID-vhi"}]}
RESULT: undefined
COMMAND: POST /session/2c3e5cc3018601d52a1ae1747f5b8299/element - {"using":"xpath","value":"//*[@id=\"application-managepartners-display-component---NewPartner--addressNewCostObjectCstID-vhi\"]"}
RESULT: {}
RESULT: {"using":"xpath","value":"//*[@id=\"application-managepartners-display-component---NewPartner--addressNewCostObjectCstID-vhi\"]"}
COMMAND: POST /session/2c3e5cc3018601d52a1ae1747f5b8299/element/f.37FD799F3153CD067689FB9668CC9BBA.d.54ED6B640F8569D7B79F78E6FF261179.e.5143/click - {}
RESULT: {}
COMMAND: GET /session/2c3e5cc3018601d52a1ae1747f5b8299/screenshot - {}
RESULT: {}
COMMAND: POST /session/2c3e5cc3018601d52a1ae1747f5b8299/execute/async - {"script":"<script> [1562 bytes]","args":[{"selector":{"controlType":"sap.m.SearchField","properties":{"placeholder":"Search"},"searchOpenDialogs":true,"interaction":{"idSuffix":"I"}},"wdio_ui5_key":"sapm.SearchField{\"placeholder\":\"Search\"}"}]}
RESULT: {"script":"<script> [1562 bytes]","args":[{"selector":{"controlType":"sap.m.SearchField","properties":{"placeholder":"Search"},"searchOpenDialogs":true,"interaction":{"idSuffix":"I"}},"wdio_ui5_key":"sapm.SearchField{\"placeholder\":\"Search\"}"}]}
RESULT: undefined
COMMAND: POST /session/2c3e5cc3018601d52a1ae1747f5b8299/execute/async - {"script":"<script> [776 bytes]","args":[{"enterText":"10001013","selector":{"controlType":"sap.m.SearchField","properties":{"placeholder":"Search"},"searchOpenDialogs":true,"interaction":{"idSuffix":"I"}},"clearTextFirst":true,"interactionType":"ENTER_TEXT"}]}
RESULT: {"script":"<script> [776 bytes]","args":[{"enterText":"10001013","selector":{"controlType":"sap.m.SearchField","properties":{"placeholder":"Search"},"searchOpenDialogs":true,"interaction":{"idSuffix":"I"}},"clearTextFirst":true,"interactionType":"ENTER_TEXT"}]}
COMMAND: POST /session/2c3e5cc3018601d52a1ae1747f5b8299/actions - {"actions":[{"id":"action12","type":"key","parameters":{},"actions":[{"type":"keyDown","value":"î€‡"},{"type":"pause","duration":10},{"type":"keyUp","value":"î€‡"}]}]}
RESULT: {"actions":[{"id":"action12","type":"key","parameters":{},"actions":[{"type":"keyDown","value":"î€‡"},{"type":"pause","duration":10},{"type":"keyUp","value":"î€‡"}]}]}
COMMAND: GET /session/2c3e5cc3018601d52a1ae1747f5b8299/screenshot - {}
RESULT: {}
COMMAND: POST /session/2c3e5cc3018601d52a1ae1747f5b8299/element - {"using":"xpath","value":"//span[contains(text(), \"General Management\")]"}
RESULT: {"using":"xpath","value":"//span[contains(text(), \"General Management\")]"}
COMMAND: POST /session/2c3e5cc3018601d52a1ae1747f5b8299/element/f.37FD799F3153CD067689FB9668CC9BBA.d.54ED6B640F8569D7B79F78E6FF261179.e.5184/click - {}
RESULT: {}
COMMAND: GET /session/2c3e5cc3018601d52a1ae1747f5b8299/screenshot - {}
RESULT: {}
COMMAND: POST /session/2c3e5cc3018601d52a1ae1747f5b8299/element - {"using":"xpath","value":"//bdi[contains(text(), \"OK\")]"}
RESULT: {"using":"xpath","value":"//bdi[contains(text(), \"OK\")]"}
COMMAND: POST /session/2c3e5cc3018601d52a1ae1747f5b8299/element/f.37FD799F3153CD067689FB9668CC9BBA.d.54ED6B640F8569D7B79F78E6FF261179.e.5185/click - {}
RESULT: {}
COMMAND: GET /session/2c3e5cc3018601d52a1ae1747f5b8299/screenshot - {}
RESULT: {}
COMMAND: POST /session/2c3e5cc3018601d52a1ae1747f5b8299/element - {"using":"xpath","value":"//input[@id=\"application-managepartners-display-component---NewPartner--companyCodeComboBox-inner\"]"}
RESULT: {"using":"xpath","value":"//input[@id=\"application-managepartners-display-component---NewPartner--companyCodeComboBox-inner\"]"}
COMMAND: POST /session/2c3e5cc3018601d52a1ae1747f5b8299/element/f.37FD799F3153CD067689FB9668CC9BBA.d.54ED6B640F8569D7B79F78E6FF261179.e.4936/clear - {}
RESULT: {}
COMMAND: POST /session/2c3e5cc3018601d52a1ae1747f5b8299/element/f.37FD799F3153CD067689FB9668CC9BBA.d.54ED6B640F8569D7B79F78E6FF261179.e.4936/value - {"text":"1000"}
COMMAND: GET /session/2c3e5cc3018601d52a1ae1747f5b8299/screenshot - {}
RESULT: {"text":"1000"}
COMMAND: GET /session/2c3e5cc3018601d52a1ae1747f5b8299/screenshot - {}
RESULT: {}
RESULT: {}
COMMAND: POST /session/2c3e5cc3018601d52a1ae1747f5b8299/element - {"using":"xpath","value":"//li[.//span[text()= \"1000\"]]"}
RESULT: {"using":"xpath","value":"//li[.//span[text()= \"1000\"]]"}
COMMAND: POST /session/2c3e5cc3018601d52a1ae1747f5b8299/element/f.37FD799F3153CD067689FB9668CC9BBA.d.54ED6B640F8569D7B79F78E6FF261179.e.5191/click - {}
RESULT: {}
COMMAND: GET /session/2c3e5cc3018601d52a1ae1747f5b8299/screenshot - {}
RESULT: {}
COMMAND: POST /session/2c3e5cc3018601d52a1ae1747f5b8299/execute/async - {"script":"<script> [1562 bytes]","args":[{"selector":{"id":"application-managepartners-display-component---NewPartner--btnAddTableRow-img"},"wdio_ui5_key":"applicationmanagepartners-display-component---NewPartner--btnAddTableRow-img"}]}
RESULT: {"script":"<script> [1562 bytes]","args":[{"selector":{"id":"application-managepartners-display-component---NewPartner--btnAddTableRow-img"},"wdio_ui5_key":"applicationmanagepartners-display-component---NewPartner--btnAddTableRow-img"}]}
RESULT: undefined
COMMAND: POST /session/2c3e5cc3018601d52a1ae1747f5b8299/element - {"using":"xpath","value":"//*[@id=\"application-managepartners-display-component---NewPartner--btnAddTableRow-img\"]"}
RESULT: {"using":"xpath","value":"//*[@id=\"application-managepartners-display-component---NewPartner--btnAddTableRow-img\"]"}
COMMAND: POST /session/2c3e5cc3018601d52a1ae1747f5b8299/element/f.37FD799F3153CD067689FB9668CC9BBA.d.54ED6B640F8569D7B79F78E6FF261179.e.5192/click - {}
RESULT: {}
COMMAND: GET /session/2c3e5cc3018601d52a1ae1747f5b8299/screenshot - {}
RESULT: {}
COMMAND: POST /session/2c3e5cc3018601d52a1ae1747f5b8299/element - {"using":"xpath","value":"//input[@id=\"application-managepartners-display-component---NewPartner--assignmentYard-application-managepartners-display-component---NewPartner--assignmentsTable-0-inner\"]"}
RESULT: {"using":"xpath","value":"//input[@id=\"application-managepartners-display-component---NewPartner--assignmentYard-application-managepartners-display-component---NewPartner--assignmentsTable-0-inner\"]"}
COMMAND: POST /session/2c3e5cc3018601d52a1ae1747f5b8299/element/f.37FD799F3153CD067689FB9668CC9BBA.d.54ED6B640F8569D7B79F78E6FF261179.e.5195/clear - {}
RESULT: {}
COMMAND: POST /session/2c3e5cc3018601d52a1ae1747f5b8299/element/f.37FD799F3153CD067689FB9668CC9BBA.d.54ED6B640F8569D7B79F78E6FF261179.e.5195/value - {"text":"413"}
COMMAND: GET /session/2c3e5cc3018601d52a1ae1747f5b8299/screenshot - {}
RESULT: {"text":"413"}
COMMAND: GET /session/2c3e5cc3018601d52a1ae1747f5b8299/screenshot - {}
RESULT: {}
RESULT: {}
COMMAND: POST /session/2c3e5cc3018601d52a1ae1747f5b8299/element - {"using":"xpath","value":"//li[.//span[text()='413']]"}
RESULT: {"using":"xpath","value":"//li[.//span[text()='413']]"}
COMMAND: POST /session/2c3e5cc3018601d52a1ae1747f5b8299/element/f.37FD799F3153CD067689FB9668CC9BBA.d.54ED6B640F8569D7B79F78E6FF261179.e.5204/click - {}
RESULT: {}
COMMAND: GET /session/2c3e5cc3018601d52a1ae1747f5b8299/screenshot - {}
RESULT: {}
COMMAND: POST /session/2c3e5cc3018601d52a1ae1747f5b8299/actions - {"actions":[{"id":"action13","type":"key","parameters":{},"actions":[{"type":"keyDown","value":"î€‡"},{"type":"pause","duration":10},{"type":"keyUp","value":"î€‡"}]}]}
RESULT: {"actions":[{"id":"action13","type":"key","parameters":{},"actions":[{"type":"keyDown","value":"î€‡"},{"type":"pause","duration":10},{"type":"keyUp","value":"î€‡"}]}]}
COMMAND: POST /session/2c3e5cc3018601d52a1ae1747f5b8299/execute/async - {"script":"<script> [1562 bytes]","args":[{"selector":{"id":"application-managepartners-display-component---NewPartner--externalCustomerComboBox-application-managepartners-display-component---NewPartner--assignmentsTable-0-vhi"},"wdio_ui5_key":"applicationmanagepartners-display-component---NewPartner--externalCustomerComboBox-application-managepartners-display-component---NewPartner--assignmentsTable-0-vhi"}]}
COMMAND: GET /session/2c3e5cc3018601d52a1ae1747f5b8299/screenshot - {}
RESULT: {"script":"<script> [1562 bytes]","args":[{"selector":{"id":"application-managepartners-display-component---NewPartner--externalCustomerComboBox-application-managepartners-display-component---NewPartner--assignmentsTable-0-vhi"},"wdio_ui5_key":"applicationmanagepartners-display-component---NewPartner--externalCustomerComboBox-application-managepartners-display-component---NewPartner--assignmentsTable-0-vhi"}]}
RESULT: undefined
COMMAND: POST /session/2c3e5cc3018601d52a1ae1747f5b8299/element - {"using":"xpath","value":"//*[@id=\"application-managepartners-display-component---NewPartner--externalCustomerComboBox-application-managepartners-display-component---NewPartner--assignmentsTable-0-vhi\"]"}
RESULT: {}
RESULT: {"using":"xpath","value":"//*[@id=\"application-managepartners-display-component---NewPartner--externalCustomerComboBox-application-managepartners-display-component---NewPartner--assignmentsTable-0-vhi\"]"}
COMMAND: POST /session/2c3e5cc3018601d52a1ae1747f5b8299/element/f.37FD799F3153CD067689FB9668CC9BBA.d.54ED6B640F8569D7B79F78E6FF261179.e.5208/click - {}
RESULT: {}
RESULT: undefined
COMMAND: POST /session/2c3e5cc3018601d52a1ae1747f5b8299/execute/async - {"script":"<script> [776 bytes]","args":[{"enterText":"300003","selector":{"controlType":"sap.m.SearchField","properties":{"placeholder":"Search"},"searchOpenDialogs":true,"interaction":{"idSuffix":"I"}},"clearTextFirst":true,"interactionType":"ENTER_TEXT"}]}
COMMAND: GET /session/2c3e5cc3018601d52a1ae1747f5b8299/screenshot - {}
RESULT: {"script":"<script> [776 bytes]","args":[{"enterText":"300003","selector":{"controlType":"sap.m.SearchField","properties":{"placeholder":"Search"},"searchOpenDialogs":true,"interaction":{"idSuffix":"I"}},"clearTextFirst":true,"interactionType":"ENTER_TEXT"}]}
COMMAND: POST /session/2c3e5cc3018601d52a1ae1747f5b8299/actions - {"actions":[{"id":"action14","type":"key","parameters":{},"actions":[{"type":"keyDown","value":"î€‡"},{"type":"pause","duration":10},{"type":"keyUp","value":"î€‡"}]}]}
RESULT: {}
RESULT: {"actions":[{"id":"action14","type":"key","parameters":{},"actions":[{"type":"keyDown","value":"î€‡"},{"type":"pause","duration":10},{"type":"keyUp","value":"î€‡"}]}]}
COMMAND: GET /session/2c3e5cc3018601d52a1ae1747f5b8299/screenshot - {}
RESULT: {}
COMMAND: POST /session/2c3e5cc3018601d52a1ae1747f5b8299/element - {"using":"xpath","value":"//span[contains(text(), \"300003\")]"}
RESULT: {"using":"xpath","value":"//span[contains(text(), \"300003\")]"}
COMMAND: POST /session/2c3e5cc3018601d52a1ae1747f5b8299/element/f.37FD799F3153CD067689FB9668CC9BBA.d.54ED6B640F8569D7B79F78E6FF261179.e.5226/click - {}
RESULT: {}
COMMAND: GET /session/2c3e5cc3018601d52a1ae1747f5b8299/screenshot - {}
RESULT: {}
COMMAND: POST /session/2c3e5cc3018601d52a1ae1747f5b8299/element - {"using":"xpath","value":"//bdi[contains(text(), \"OK\")]"}
RESULT: {"using":"xpath","value":"//bdi[contains(text(), \"OK\")]"}
COMMAND: POST /session/2c3e5cc3018601d52a1ae1747f5b8299/element/f.37FD799F3153CD067689FB9668CC9BBA.d.54ED6B640F8569D7B79F78E6FF261179.e.5228/click - {}
RESULT: {}
COMMAND: GET /session/2c3e5cc3018601d52a1ae1747f5b8299/screenshot - {}
RESULT: {}
COMMAND: POST /session/2c3e5cc3018601d52a1ae1747f5b8299/execute/async - {"script":"<script> [1562 bytes]","args":[{"selector":{"id":"application-managepartners-display-component---NewPartner--intercompVendorComboBox-application-managepartners-display-component---NewPartner--assignmentsTable-0-vhi"},"wdio_ui5_key":"applicationmanagepartners-display-component---NewPartner--intercompVendorComboBox-application-managepartners-display-component---NewPartner--assignmentsTable-0-vhi"}]}
RESULT: {"script":"<script> [1562 bytes]","args":[{"selector":{"id":"application-managepartners-display-component---NewPartner--intercompVendorComboBox-application-managepartners-display-component---NewPartner--assignmentsTable-0-vhi"},"wdio_ui5_key":"applicationmanagepartners-display-component---NewPartner--intercompVendorComboBox-application-managepartners-display-component---NewPartner--assignmentsTable-0-vhi"}]}
RESULT: undefined
COMMAND: POST /session/2c3e5cc3018601d52a1ae1747f5b8299/element - {"using":"xpath","value":"//*[@id=\"application-managepartners-display-component---NewPartner--intercompVendorComboBox-application-managepartners-display-component---NewPartner--assignmentsTable-0-vhi\"]"}
RESULT: {"using":"xpath","value":"//*[@id=\"application-managepartners-display-component---NewPartner--intercompVendorComboBox-application-managepartners-display-component---NewPartner--assignmentsTable-0-vhi\"]"}
COMMAND: POST /session/2c3e5cc3018601d52a1ae1747f5b8299/element/f.37FD799F3153CD067689FB9668CC9BBA.d.54ED6B640F8569D7B79F78E6FF261179.e.5231/click - {}
RESULT: {}
RESULT: undefined
COMMAND: POST /session/2c3e5cc3018601d52a1ae1747f5b8299/execute/async - {"script":"<script> [776 bytes]","args":[{"enterText":"100005","selector":{"controlType":"sap.m.SearchField","properties":{"placeholder":"Search"},"searchOpenDialogs":true,"interaction":{"idSuffix":"I"}},"clearTextFirst":true,"interactionType":"ENTER_TEXT"}]}
COMMAND: GET /session/2c3e5cc3018601d52a1ae1747f5b8299/screenshot - {}
RESULT: {"script":"<script> [776 bytes]","args":[{"enterText":"100005","selector":{"controlType":"sap.m.SearchField","properties":{"placeholder":"Search"},"searchOpenDialogs":true,"interaction":{"idSuffix":"I"}},"clearTextFirst":true,"interactionType":"ENTER_TEXT"}]}
COMMAND: POST /session/2c3e5cc3018601d52a1ae1747f5b8299/actions - {"actions":[{"id":"action15","type":"key","parameters":{},"actions":[{"type":"keyDown","value":"î€‡"},{"type":"pause","duration":10},{"type":"keyUp","value":"î€‡"}]}]}
RESULT: {}
RESULT: {"actions":[{"id":"action15","type":"key","parameters":{},"actions":[{"type":"keyDown","value":"î€‡"},{"type":"pause","duration":10},{"type":"keyUp","value":"î€‡"}]}]}
COMMAND: GET /session/2c3e5cc3018601d52a1ae1747f5b8299/screenshot - {}
RESULT: {}
COMMAND: POST /session/2c3e5cc3018601d52a1ae1747f5b8299/element - {"using":"xpath","value":"//span[contains(text(), \"Penguins - Field/12345 Berlin\")]"}
RESULT: {"using":"xpath","value":"//span[contains(text(), \"Penguins - Field/12345 Berlin\")]"}
COMMAND: POST /session/2c3e5cc3018601d52a1ae1747f5b8299/element/f.37FD799F3153CD067689FB9668CC9BBA.d.54ED6B640F8569D7B79F78E6FF261179.e.5250/click - {}
RESULT: {}
COMMAND: GET /session/2c3e5cc3018601d52a1ae1747f5b8299/screenshot - {}
RESULT: {}
COMMAND: POST /session/2c3e5cc3018601d52a1ae1747f5b8299/element - {"using":"xpath","value":"//bdi[contains(text(), \"OK\")]"}
RESULT: {"using":"xpath","value":"//bdi[contains(text(), \"OK\")]"}
COMMAND: POST /session/2c3e5cc3018601d52a1ae1747f5b8299/element/f.37FD799F3153CD067689FB9668CC9BBA.d.54ED6B640F8569D7B79F78E6FF261179.e.5251/click - {}
RESULT: {}
COMMAND: GET /session/2c3e5cc3018601d52a1ae1747f5b8299/screenshot - {}
RESULT: {}
COMMAND: POST /session/2c3e5cc3018601d52a1ae1747f5b8299/element - {"using":"xpath","value":"//button[@data-kt=\"saveButton\"]"}
RESULT: {"using":"xpath","value":"//button[@data-kt=\"saveButton\"]"}
COMMAND: POST /session/2c3e5cc3018601d52a1ae1747f5b8299/element/f.37FD799F3153CD067689FB9668CC9BBA.d.54ED6B640F8569D7B79F78E6FF261179.e.5023/click - {}
RESULT: {}
COMMAND: GET /session/2c3e5cc3018601d52a1ae1747f5b8299/screenshot - {}
RESULT: {}
COMMAND: POST /session/2c3e5cc3018601d52a1ae1747f5b8299/element - {"using":"xpath","value":"//header[contains(@id, 'ObjectPageLayout-headerTitle')]/div[1]/div[2]/div[2]/span[1]"}
RESULT: {"using":"xpath","value":"//header[contains(@id, 'ObjectPageLayout-headerTitle')]/div[1]/div[2]/div[2]/span[1]"}
COMMAND: POST /session/2c3e5cc3018601d52a1ae1747f5b8299/elements - {"using":"xpath","value":"//header[contains(@id, 'ObjectPageLayout-headerTitle')]/div[1]/div[2]/div[2]/span[1]"}
RESULT: {"using":"xpath","value":"//header[contains(@id, 'ObjectPageLayout-headerTitle')]/div[1]/div[2]/div[2]/span[1]"}
COMMAND: POST /session/2c3e5cc3018601d52a1ae1747f5b8299/execute/sync - {"script":"<script> [56 bytes]","args":[{"element-6066-11e4-a52e-4f735466cecf":"f.37FD799F3153CD067689FB9668CC9BBA.d.54ED6B640F8569D7B79F78E6FF261179.e.5417","ELEMENT":"f.37FD799F3153CD067689FB9668CC9BBA.d.54ED6B640F8569D7B79F78E6FF261179.e.5417"}]}
RESULT: {"script":"<script> [56 bytes]","args":[{"element-6066-11e4-a52e-4f735466cecf":"f.37FD799F3153CD067689FB9668CC9BBA.d.54ED6B640F8569D7B79F78E6FF261179.e.5417","ELEMENT":"f.37FD799F3153CD067689FB9668CC9BBA.d.54ED6B640F8569D7B79F78E6FF261179.e.5417"}]}
COMMAND: POST /session/2c3e5cc3018601d52a1ae1747f5b8299/element - {"using":"css selector","value":"#shell-header-logo"}
COMMAND: GET /session/2c3e5cc3018601d52a1ae1747f5b8299/screenshot - {}
RESULT: {"using":"css selector","value":"#shell-header-logo"}
COMMAND: POST /session/2c3e5cc3018601d52a1ae1747f5b8299/element/f.37FD799F3153CD067689FB9668CC9BBA.d.54ED6B640F8569D7B79F78E6FF261179.e.4624/click - {}
RESULT: {}
RESULT: {}
COMMAND: GET /session/2c3e5cc3018601d52a1ae1747f5b8299/screenshot - {}
RESULT: {}
COMMAND: POST /session/2c3e5cc3018601d52a1ae1747f5b8299/execute/sync - {"script":"<script> [299 bytes]","args":[["getModel","getResource"]]}
RESULT: {"script":"<script> [299 bytes]","args":[["getModel","getResource"]]}
RESULT: undefined
COMMAND: POST /session/2c3e5cc3018601d52a1ae1747f5b8299/element - {"using":"xpath","value":"//*[@id=\"__tile30\"]"}
COMMAND: GET /session/2c3e5cc3018601d52a1ae1747f5b8299/screenshot - {}
RESULT: {"using":"xpath","value":"//*[@id=\"__tile30\"]"}
COMMAND: POST /session/2c3e5cc3018601d52a1ae1747f5b8299/element/f.37FD799F3153CD067689FB9668CC9BBA.d.54ED6B640F8569D7B79F78E6FF261179.e.4545/click - {}
RESULT: {}
RESULT: {}
COMMAND: GET /session/2c3e5cc3018601d52a1ae1747f5b8299/screenshot - {}
RESULT: {}
COMMAND: POST /session/2c3e5cc3018601d52a1ae1747f5b8299/elements - {"using":"xpath","value":"//span[text()='Error']"}
RESULT: {"using":"xpath","value":"//span[text()='Error']"}
COMMAND: POST /session/2c3e5cc3018601d52a1ae1747f5b8299/element - {"using":"xpath","value":"//button[@data-kt=\"addButton\"]"}
RESULT: {"using":"xpath","value":"//button[@data-kt=\"addButton\"]"}
COMMAND: POST /session/2c3e5cc3018601d52a1ae1747f5b8299/elements - {"using":"xpath","value":"//button[@data-kt=\"addButton\"]"}
RESULT: {"using":"xpath","value":"//button[@data-kt=\"addButton\"]"}
COMMAND: POST /session/2c3e5cc3018601d52a1ae1747f5b8299/execute/sync - {"script":"<script> [8489 bytes]","args":[{"element-6066-11e4-a52e-4f735466cecf":"f.37FD799F3153CD067689FB9668CC9BBA.d.54ED6B640F8569D7B79F78E6FF261179.e.5464","ELEMENT":"f.37FD799F3153CD067689FB9668CC9BBA.d.54ED6B640F8569D7B79F78E6FF261179.e.5464"}]}
RESULT: {"script":"<script> [8489 bytes]","args":[{"element-6066-11e4-a52e-4f735466cecf":"f.37FD799F3153CD067689FB9668CC9BBA.d.54ED6B640F8569D7B79F78E6FF261179.e.5464","ELEMENT":"f.37FD799F3153CD067689FB9668CC9BBA.d.54ED6B640F8569D7B79F78E6FF261179.e.5464"}]}
COMMAND: GET /session/2c3e5cc3018601d52a1ae1747f5b8299/element/f.37FD799F3153CD067689FB9668CC9BBA.d.54ED6B640F8569D7B79F78E6FF261179.e.5464/enabled - {}
COMMAND: GET /session/2c3e5cc3018601d52a1ae1747f5b8299/screenshot - {}
RESULT: {}
COMMAND: POST /session/2c3e5cc3018601d52a1ae1747f5b8299/execute/sync - {"script":"<script> [8489 bytes]","args":[{"element-6066-11e4-a52e-4f735466cecf":"f.37FD799F3153CD067689FB9668CC9BBA.d.54ED6B640F8569D7B79F78E6FF261179.e.5464","ELEMENT":"f.37FD799F3153CD067689FB9668CC9BBA.d.54ED6B640F8569D7B79F78E6FF261179.e.5464"}]}
COMMAND: GET /session/2c3e5cc3018601d52a1ae1747f5b8299/screenshot - {}
RESULT: {}
RESULT: {"script":"<script> [8489 bytes]","args":[{"element-6066-11e4-a52e-4f735466cecf":"f.37FD799F3153CD067689FB9668CC9BBA.d.54ED6B640F8569D7B79F78E6FF261179.e.5464","ELEMENT":"f.37FD799F3153CD067689FB9668CC9BBA.d.54ED6B640F8569D7B79F78E6FF261179.e.5464"}]}
COMMAND: POST /session/2c3e5cc3018601d52a1ae1747f5b8299/execute/sync - {"script":"<script> [5351 bytes]","args":[{"element-6066-11e4-a52e-4f735466cecf":"f.37FD799F3153CD067689FB9668CC9BBA.d.54ED6B640F8569D7B79F78E6FF261179.e.5464","ELEMENT":"f.37FD799F3153CD067689FB9668CC9BBA.d.54ED6B640F8569D7B79F78E6FF261179.e.5464"}]}
COMMAND: GET /session/2c3e5cc3018601d52a1ae1747f5b8299/screenshot - {}
RESULT: {}
RESULT: {"script":"<script> [5351 bytes]","args":[{"element-6066-11e4-a52e-4f735466cecf":"f.37FD799F3153CD067689FB9668CC9BBA.d.54ED6B640F8569D7B79F78E6FF261179.e.5464","ELEMENT":"f.37FD799F3153CD067689FB9668CC9BBA.d.54ED6B640F8569D7B79F78E6FF261179.e.5464"}]}
COMMAND: GET /session/2c3e5cc3018601d52a1ae1747f5b8299/screenshot - {}
RESULT: {}
RESULT: {}
COMMAND: POST /session/2c3e5cc3018601d52a1ae1747f5b8299/execute/async - {"script":"<script> [1562 bytes]","args":[{"selector":{"id":"application-managepartners-display-component---masterPtm--smartFilterBar-btnBasicSearch","interaction":{"idSuffix":"I"}},"wdio_ui5_key":"applicationmanagepartners-display-component---masterPtm--smartFilterBar-btnBasicSearch"}]}
RESULT: {"script":"<script> [1562 bytes]","args":[{"selector":{"id":"application-managepartners-display-component---masterPtm--smartFilterBar-btnBasicSearch","interaction":{"idSuffix":"I"}},"wdio_ui5_key":"applicationmanagepartners-display-component---masterPtm--smartFilterBar-btnBasicSearch"}]}
RESULT: undefined
COMMAND: POST /session/2c3e5cc3018601d52a1ae1747f5b8299/execute/async - {"script":"<script> [776 bytes]","args":[{"enterText":"1229","selector":{"id":"application-managepartners-display-component---masterPtm--smartFilterBar-btnBasicSearch","interaction":{"idSuffix":"I"}},"clearTextFirst":true,"interactionType":"ENTER_TEXT"}]}
RESULT: {"script":"<script> [776 bytes]","args":[{"enterText":"1229","selector":{"id":"application-managepartners-display-component---masterPtm--smartFilterBar-btnBasicSearch","interaction":{"idSuffix":"I"}},"clearTextFirst":true,"interactionType":"ENTER_TEXT"}]}
COMMAND: POST /session/2c3e5cc3018601d52a1ae1747f5b8299/actions - {"actions":[{"id":"action16","type":"key","parameters":{},"actions":[{"type":"keyDown","value":"î€‡"},{"type":"pause","duration":10},{"type":"keyUp","value":"î€‡"}]}]}
RESULT: {"actions":[{"id":"action16","type":"key","parameters":{},"actions":[{"type":"keyDown","value":"î€‡"},{"type":"pause","duration":10},{"type":"keyUp","value":"î€‡"}]}]}
COMMAND: GET /session/2c3e5cc3018601d52a1ae1747f5b8299/screenshot - {}
RESULT: {}
COMMAND: POST /session/2c3e5cc3018601d52a1ae1747f5b8299/elements - {"using":"xpath","value":"//table[contains(@id, \"customPartnersTable-listUl\")]/tbody/tr"}
RESULT: {"using":"xpath","value":"//table[contains(@id, \"customPartnersTable-listUl\")]/tbody/tr"}
COMMAND: POST /session/2c3e5cc3018601d52a1ae1747f5b8299/element - {"using":"xpath","value":"//table[contains(@id, \"customPartnersTable-listUl\")]/tbody/tr[1]/td[3]/span"}
RESULT: {"using":"xpath","value":"//table[contains(@id, \"customPartnersTable-listUl\")]/tbody/tr[1]/td[3]/span"}
COMMAND: POST /session/2c3e5cc3018601d52a1ae1747f5b8299/elements - {"using":"xpath","value":"//table[contains(@id, \"customPartnersTable-listUl\")]/tbody/tr[1]/td[3]/span"}
RESULT: {"using":"xpath","value":"//table[contains(@id, \"customPartnersTable-listUl\")]/tbody/tr[1]/td[3]/span"}
COMMAND: POST /session/2c3e5cc3018601d52a1ae1747f5b8299/execute/sync - {"script":"<script> [56 bytes]","args":[{"element-6066-11e4-a52e-4f735466cecf":"f.37FD799F3153CD067689FB9668CC9BBA.d.54ED6B640F8569D7B79F78E6FF261179.e.5601","ELEMENT":"f.37FD799F3153CD067689FB9668CC9BBA.d.54ED6B640F8569D7B79F78E6FF261179.e.5601"}]}
RESULT: {"script":"<script> [56 bytes]","args":[{"element-6066-11e4-a52e-4f735466cecf":"f.37FD799F3153CD067689FB9668CC9BBA.d.54ED6B640F8569D7B79F78E6FF261179.e.5601","ELEMENT":"f.37FD799F3153CD067689FB9668CC9BBA.d.54ED6B640F8569D7B79F78E6FF261179.e.5601"}]}
COMMAND: POST /session/2c3e5cc3018601d52a1ae1747f5b8299/element - {"using":"xpath","value":"(//span[contains(@id, \"imgNav\")])[1]"}
COMMAND: GET /session/2c3e5cc3018601d52a1ae1747f5b8299/screenshot - {}
RESULT: {"using":"xpath","value":"(//span[contains(@id, \"imgNav\")])[1]"}
COMMAND: POST /session/2c3e5cc3018601d52a1ae1747f5b8299/element/f.37FD799F3153CD067689FB9668CC9BBA.d.54ED6B640F8569D7B79F78E6FF261179.e.5599/click - {}
RESULT: {}
RESULT: {}
COMMAND: GET /session/2c3e5cc3018601d52a1ae1747f5b8299/screenshot - {}
RESULT: {}
COMMAND: POST /session/2c3e5cc3018601d52a1ae1747f5b8299/element - {"using":"xpath","value":"//bdi[contains(text(), \"Edit\")]"}
RESULT: {"using":"xpath","value":"//bdi[contains(text(), \"Edit\")]"}
COMMAND: POST /session/2c3e5cc3018601d52a1ae1747f5b8299/element/f.37FD799F3153CD067689FB9668CC9BBA.d.54ED6B640F8569D7B79F78E6FF261179.e.5742/click - {}
RESULT: {}
COMMAND: GET /session/2c3e5cc3018601d52a1ae1747f5b8299/screenshot - {}
RESULT: {}
COMMAND: POST /session/2c3e5cc3018601d52a1ae1747f5b8299/execute/async - {"script":"<script> [1562 bytes]","args":[{"selector":{"controlType":"sap.m.Input","viewName":"etm.portal.ui.managepartners.view.EditDetail","labelFor":{"text":"Name"},"interaction":{"idSuffix":"inner"}},"wdio_ui5_key":"etmportal.ui.managepartners.view.EditDetailsap.m.Input{\"text\":\"Name\"}"}]}
RESULT: {"script":"<script> [1562 bytes]","args":[{"selector":{"controlType":"sap.m.Input","viewName":"etm.portal.ui.managepartners.view.EditDetail","labelFor":{"text":"Name"},"interaction":{"idSuffix":"inner"}},"wdio_ui5_key":"etmportal.ui.managepartners.view.EditDetailsap.m.Input{\"text\":\"Name\"}"}]}
RESULT: undefined
COMMAND: POST /session/2c3e5cc3018601d52a1ae1747f5b8299/execute/async - {"script":"<script> [776 bytes]","args":[{"enterText":"Intracompany EDIT","selector":{"controlType":"sap.m.Input","viewName":"etm.portal.ui.managepartners.view.EditDetail","labelFor":{"text":"Name"},"interaction":{"idSuffix":"inner"}},"clearTextFirst":true,"interactionType":"ENTER_TEXT"}]}
RESULT: {"script":"<script> [776 bytes]","args":[{"enterText":"Intracompany EDIT","selector":{"controlType":"sap.m.Input","viewName":"etm.portal.ui.managepartners.view.EditDetail","labelFor":{"text":"Name"},"interaction":{"idSuffix":"inner"}},"clearTextFirst":true,"interactionType":"ENTER_TEXT"}]}
COMMAND: POST /session/2c3e5cc3018601d52a1ae1747f5b8299/element - {"using":"xpath","value":"(//span[contains(@id,\"addressDetailDetailsLanguage-arrow\")])[1]"}
RESULT: {"using":"xpath","value":"(//span[contains(@id,\"addressDetailDetailsLanguage-arrow\")])[1]"}
COMMAND: POST /session/2c3e5cc3018601d52a1ae1747f5b8299/element/f.37FD799F3153CD067689FB9668CC9BBA.d.54ED6B640F8569D7B79F78E6FF261179.e.5825/click - {}
RESULT: {}
COMMAND: POST /session/2c3e5cc3018601d52a1ae1747f5b8299/element - {"using":"xpath","value":"//span[contains(text(), \"Chinese\")]"}
COMMAND: GET /session/2c3e5cc3018601d52a1ae1747f5b8299/screenshot - {}
RESULT: {"using":"xpath","value":"//span[contains(text(), \"Chinese\")]"}
COMMAND: POST /session/2c3e5cc3018601d52a1ae1747f5b8299/element/f.37FD799F3153CD067689FB9668CC9BBA.d.54ED6B640F8569D7B79F78E6FF261179.e.5826/click - {}
RESULT: {}
RESULT: {}
COMMAND: GET /session/2c3e5cc3018601d52a1ae1747f5b8299/screenshot - {}
RESULT: {}
COMMAND: POST /session/2c3e5cc3018601d52a1ae1747f5b8299/execute/async - {"script":"<script> [1562 bytes]","args":[{"selector":{"controlType":"sap.m.Input","viewName":"etm.portal.ui.managepartners.view.EditDetail","labelFor":{"text":"City"},"interaction":{"idSuffix":"inner"}},"wdio_ui5_key":"etmportal.ui.managepartners.view.EditDetailsap.m.Input{\"text\":\"City\"}"}]}
RESULT: {"script":"<script> [1562 bytes]","args":[{"selector":{"controlType":"sap.m.Input","viewName":"etm.portal.ui.managepartners.view.EditDetail","labelFor":{"text":"City"},"interaction":{"idSuffix":"inner"}},"wdio_ui5_key":"etmportal.ui.managepartners.view.EditDetailsap.m.Input{\"text\":\"City\"}"}]}
RESULT: undefined
COMMAND: POST /session/2c3e5cc3018601d52a1ae1747f5b8299/execute/async - {"script":"<script> [776 bytes]","args":[{"enterText":"Clooj-Napoca","selector":{"controlType":"sap.m.Input","viewName":"etm.portal.ui.managepartners.view.EditDetail","labelFor":{"text":"City"},"interaction":{"idSuffix":"inner"}},"clearTextFirst":true,"interactionType":"ENTER_TEXT"}]}
RESULT: {"script":"<script> [776 bytes]","args":[{"enterText":"Clooj-Napoca","selector":{"controlType":"sap.m.Input","viewName":"etm.portal.ui.managepartners.view.EditDetail","labelFor":{"text":"City"},"interaction":{"idSuffix":"inner"}},"clearTextFirst":true,"interactionType":"ENTER_TEXT"}]}
COMMAND: POST /session/2c3e5cc3018601d52a1ae1747f5b8299/element - {"using":"xpath","value":"//button[@data-kt=\"saveButton\"]"}
RESULT: {"using":"xpath","value":"//button[@data-kt=\"saveButton\"]"}
COMMAND: POST /session/2c3e5cc3018601d52a1ae1747f5b8299/element/f.37FD799F3153CD067689FB9668CC9BBA.d.54ED6B640F8569D7B79F78E6FF261179.e.5802/click - {}
RESULT: {}
COMMAND: GET /session/2c3e5cc3018601d52a1ae1747f5b8299/screenshot - {}
RESULT: {}
COMMAND: POST /session/2c3e5cc3018601d52a1ae1747f5b8299/execute/async - {"script":"<script> [1562 bytes]","args":[{"selector":{"id":"application-managepartners-display-component---detailPtm--addressDetailDetailsName1"},"wdio_ui5_key":"applicationmanagepartners-display-component---detailPtm--addressDetailDetailsName1"}]}
RESULT: {"script":"<script> [1562 bytes]","args":[{"selector":{"id":"application-managepartners-display-component---detailPtm--addressDetailDetailsName1"},"wdio_ui5_key":"applicationmanagepartners-display-component---detailPtm--addressDetailDetailsName1"}]}
RESULT: undefined
COMMAND: POST /session/2c3e5cc3018601d52a1ae1747f5b8299/execute/async - {"script":"<script> [6424 bytes]","args":[{"element-6066-11e4-a52e-4f735466cecf":"f.37FD799F3153CD067689FB9668CC9BBA.d.54ED6B640F8569D7B79F78E6FF261179.e.5857"},"getValue",[]]}
RESULT: {"script":"<script> [6424 bytes]","args":[{"element-6066-11e4-a52e-4f735466cecf":"f.37FD799F3153CD067689FB9668CC9BBA.d.54ED6B640F8569D7B79F78E6FF261179.e.5857"},"getValue",[]]}
COMMAND: POST /session/2c3e5cc3018601d52a1ae1747f5b8299/element - {"using":"xpath","value":"//input[@id = \"application-managepartners-display-component---detailPtm--addressDetailDetailsLanguage-inner\"]"}
RESULT: {"using":"xpath","value":"//input[@id = \"application-managepartners-display-component---detailPtm--addressDetailDetailsLanguage-inner\"]"}
COMMAND: GET /session/2c3e5cc3018601d52a1ae1747f5b8299/element/f.37FD799F3153CD067689FB9668CC9BBA.d.54ED6B640F8569D7B79F78E6FF261179.e.5858/property/value - {}
RESULT: {}
COMMAND: POST /session/2c3e5cc3018601d52a1ae1747f5b8299/execute/async - {"script":"<script> [1562 bytes]","args":[{"selector":{"id":"application-managepartners-display-component---detailPtm--addressDetailDetailsCity1"},"wdio_ui5_key":"applicationmanagepartners-display-component---detailPtm--addressDetailDetailsCity1"}]}
COMMAND: GET /session/2c3e5cc3018601d52a1ae1747f5b8299/screenshot - {}
RESULT: {"script":"<script> [1562 bytes]","args":[{"selector":{"id":"application-managepartners-display-component---detailPtm--addressDetailDetailsCity1"},"wdio_ui5_key":"applicationmanagepartners-display-component---detailPtm--addressDetailDetailsCity1"}]}
RESULT: undefined
COMMAND: POST /session/2c3e5cc3018601d52a1ae1747f5b8299/execute/async - {"script":"<script> [6424 bytes]","args":[{"element-6066-11e4-a52e-4f735466cecf":"f.37FD799F3153CD067689FB9668CC9BBA.d.54ED6B640F8569D7B79F78E6FF261179.e.5859"},"getValue",[]]}
RESULT: {}
RESULT: {"script":"<script> [6424 bytes]","args":[{"element-6066-11e4-a52e-4f735466cecf":"f.37FD799F3153CD067689FB9668CC9BBA.d.54ED6B640F8569D7B79F78E6FF261179.e.5859"},"getValue",[]]}
COMMAND: POST /session/2c3e5cc3018601d52a1ae1747f5b8299/element - {"using":"css selector","value":"#shell-header-logo"}
RESULT: {"using":"css selector","value":"#shell-header-logo"}
COMMAND: POST /session/2c3e5cc3018601d52a1ae1747f5b8299/element/f.37FD799F3153CD067689FB9668CC9BBA.d.54ED6B640F8569D7B79F78E6FF261179.e.5420/click - {}
RESULT: {}
COMMAND: GET /session/2c3e5cc3018601d52a1ae1747f5b8299/screenshot - {}
RESULT: {}
]]></system-out>
    </testcase>
    <testcase classname="chrome.136_0_7103_93.windows.Partner_specific_tests_US150819_US151080_US151654_US151176_US103444_US151078_US151079_US151109_US151174_US151175_US151189" name="Should do filtering and navigation tests US151109" time="152.168">
      <system-out><![CDATA[
COMMAND: POST /session/2c3e5cc3018601d52a1ae1747f5b8299/element - {"using":"xpath","value":"//li[.//span[text()=\"Manage Partners\"]]"}
RESULT: {"using":"xpath","value":"//li[.//span[text()=\"Manage Partners\"]]"}
COMMAND: POST /session/2c3e5cc3018601d52a1ae1747f5b8299/element - {"using":"xpath","value":"//li[.//span[text()=\"Manage Partners\"]]"}
RESULT: {"using":"xpath","value":"//li[.//span[text()=\"Manage Partners\"]]"}
COMMAND: POST /session/2c3e5cc3018601d52a1ae1747f5b8299/element - {"using":"css selector","value":"#shell-header-logo"}
RESULT: {"using":"css selector","value":"#shell-header-logo"}
COMMAND: POST /session/2c3e5cc3018601d52a1ae1747f5b8299/element/f.37FD799F3153CD067689FB9668CC9BBA.d.54ED6B640F8569D7B79F78E6FF261179.e.5890/click - {}
COMMAND: POST /session/2c3e5cc3018601d52a1ae1747f5b8299/execute/sync - {"script":"<script> [8489 bytes]","args":[{"element-6066-11e4-a52e-4f735466cecf":"f.37FD799F3153CD067689FB9668CC9BBA.d.54ED6B640F8569D7B79F78E6FF261179.e.5890","ELEMENT":"f.37FD799F3153CD067689FB9668CC9BBA.d.54ED6B640F8569D7B79F78E6FF261179.e.5890"}]}
RESULT: {}
COMMAND: GET /session/2c3e5cc3018601d52a1ae1747f5b8299/screenshot - {}
RESULT: {"script":"<script> [8489 bytes]","args":[{"element-6066-11e4-a52e-4f735466cecf":"f.37FD799F3153CD067689FB9668CC9BBA.d.54ED6B640F8569D7B79F78E6FF261179.e.5890","ELEMENT":"f.37FD799F3153CD067689FB9668CC9BBA.d.54ED6B640F8569D7B79F78E6FF261179.e.5890"}]}
COMMAND: POST /session/2c3e5cc3018601d52a1ae1747f5b8299/execute/sync - {"script":"<script> [5351 bytes]","args":[{"element-6066-11e4-a52e-4f735466cecf":"f.37FD799F3153CD067689FB9668CC9BBA.d.54ED6B640F8569D7B79F78E6FF261179.e.5890","ELEMENT":"f.37FD799F3153CD067689FB9668CC9BBA.d.54ED6B640F8569D7B79F78E6FF261179.e.5890"}]}
COMMAND: GET /session/2c3e5cc3018601d52a1ae1747f5b8299/screenshot - {}
RESULT: {}
RESULT: {"script":"<script> [5351 bytes]","args":[{"element-6066-11e4-a52e-4f735466cecf":"f.37FD799F3153CD067689FB9668CC9BBA.d.54ED6B640F8569D7B79F78E6FF261179.e.5890","ELEMENT":"f.37FD799F3153CD067689FB9668CC9BBA.d.54ED6B640F8569D7B79F78E6FF261179.e.5890"}]}
COMMAND: GET /session/2c3e5cc3018601d52a1ae1747f5b8299/screenshot - {}
RESULT: {}
RESULT: {}
RESULT: undefined
COMMAND: POST /session/2c3e5cc3018601d52a1ae1747f5b8299/element - {"using":"xpath","value":"//*[@id=\"__tile30\"]"}
RESULT: {"using":"xpath","value":"//*[@id=\"__tile30\"]"}
COMMAND: POST /session/2c3e5cc3018601d52a1ae1747f5b8299/element/f.37FD799F3153CD067689FB9668CC9BBA.d.54ED6B640F8569D7B79F78E6FF261179.e.4545/click - {}
RESULT: {}
COMMAND: GET /session/2c3e5cc3018601d52a1ae1747f5b8299/screenshot - {}
RESULT: {}
COMMAND: POST /session/2c3e5cc3018601d52a1ae1747f5b8299/elements - {"using":"xpath","value":"//span[text()='Error']"}
RESULT: {"using":"xpath","value":"//span[text()='Error']"}
COMMAND: POST /session/2c3e5cc3018601d52a1ae1747f5b8299/element - {"using":"xpath","value":"//button[@data-kt=\"addButton\"]"}
RESULT: {"using":"xpath","value":"//button[@data-kt=\"addButton\"]"}
COMMAND: POST /session/2c3e5cc3018601d52a1ae1747f5b8299/elements - {"using":"xpath","value":"//button[@data-kt=\"addButton\"]"}
RESULT: {"using":"xpath","value":"//button[@data-kt=\"addButton\"]"}
COMMAND: POST /session/2c3e5cc3018601d52a1ae1747f5b8299/execute/sync - {"script":"<script> [8489 bytes]","args":[{"element-6066-11e4-a52e-4f735466cecf":"f.37FD799F3153CD067689FB9668CC9BBA.d.54ED6B640F8569D7B79F78E6FF261179.e.5935","ELEMENT":"f.37FD799F3153CD067689FB9668CC9BBA.d.54ED6B640F8569D7B79F78E6FF261179.e.5935"}]}
RESULT: {"script":"<script> [8489 bytes]","args":[{"element-6066-11e4-a52e-4f735466cecf":"f.37FD799F3153CD067689FB9668CC9BBA.d.54ED6B640F8569D7B79F78E6FF261179.e.5935","ELEMENT":"f.37FD799F3153CD067689FB9668CC9BBA.d.54ED6B640F8569D7B79F78E6FF261179.e.5935"}]}
COMMAND: GET /session/2c3e5cc3018601d52a1ae1747f5b8299/element/f.37FD799F3153CD067689FB9668CC9BBA.d.54ED6B640F8569D7B79F78E6FF261179.e.5935/enabled - {}
COMMAND: GET /session/2c3e5cc3018601d52a1ae1747f5b8299/screenshot - {}
RESULT: {}
COMMAND: POST /session/2c3e5cc3018601d52a1ae1747f5b8299/execute/sync - {"script":"<script> [8489 bytes]","args":[{"element-6066-11e4-a52e-4f735466cecf":"f.37FD799F3153CD067689FB9668CC9BBA.d.54ED6B640F8569D7B79F78E6FF261179.e.5935","ELEMENT":"f.37FD799F3153CD067689FB9668CC9BBA.d.54ED6B640F8569D7B79F78E6FF261179.e.5935"}]}
COMMAND: GET /session/2c3e5cc3018601d52a1ae1747f5b8299/screenshot - {}
RESULT: {}
RESULT: {"script":"<script> [8489 bytes]","args":[{"element-6066-11e4-a52e-4f735466cecf":"f.37FD799F3153CD067689FB9668CC9BBA.d.54ED6B640F8569D7B79F78E6FF261179.e.5935","ELEMENT":"f.37FD799F3153CD067689FB9668CC9BBA.d.54ED6B640F8569D7B79F78E6FF261179.e.5935"}]}
COMMAND: POST /session/2c3e5cc3018601d52a1ae1747f5b8299/execute/sync - {"script":"<script> [5351 bytes]","args":[{"element-6066-11e4-a52e-4f735466cecf":"f.37FD799F3153CD067689FB9668CC9BBA.d.54ED6B640F8569D7B79F78E6FF261179.e.5935","ELEMENT":"f.37FD799F3153CD067689FB9668CC9BBA.d.54ED6B640F8569D7B79F78E6FF261179.e.5935"}]}
COMMAND: GET /session/2c3e5cc3018601d52a1ae1747f5b8299/screenshot - {}
RESULT: {}
RESULT: {"script":"<script> [5351 bytes]","args":[{"element-6066-11e4-a52e-4f735466cecf":"f.37FD799F3153CD067689FB9668CC9BBA.d.54ED6B640F8569D7B79F78E6FF261179.e.5935","ELEMENT":"f.37FD799F3153CD067689FB9668CC9BBA.d.54ED6B640F8569D7B79F78E6FF261179.e.5935"}]}
COMMAND: GET /session/2c3e5cc3018601d52a1ae1747f5b8299/screenshot - {}
RESULT: {}
RESULT: {}
COMMAND: POST /session/2c3e5cc3018601d52a1ae1747f5b8299/element - {"using":"xpath","value":"//span[@id=\"application-managepartners-display-component---masterPtm--smartTable-header-inner\"]"}
RESULT: {"using":"xpath","value":"//span[@id=\"application-managepartners-display-component---masterPtm--smartTable-header-inner\"]"}
COMMAND: POST /session/2c3e5cc3018601d52a1ae1747f5b8299/elements - {"using":"xpath","value":"//span[@id=\"application-managepartners-display-component---masterPtm--smartTable-header-inner\"]"}
RESULT: {"using":"xpath","value":"//span[@id=\"application-managepartners-display-component---masterPtm--smartTable-header-inner\"]"}
COMMAND: POST /session/2c3e5cc3018601d52a1ae1747f5b8299/execute/sync - {"script":"<script> [56 bytes]","args":[{"element-6066-11e4-a52e-4f735466cecf":"f.37FD799F3153CD067689FB9668CC9BBA.d.54ED6B640F8569D7B79F78E6FF261179.e.6060","ELEMENT":"f.37FD799F3153CD067689FB9668CC9BBA.d.54ED6B640F8569D7B79F78E6FF261179.e.6060"}]}
RESULT: {"script":"<script> [56 bytes]","args":[{"element-6066-11e4-a52e-4f735466cecf":"f.37FD799F3153CD067689FB9668CC9BBA.d.54ED6B640F8569D7B79F78E6FF261179.e.6060","ELEMENT":"f.37FD799F3153CD067689FB9668CC9BBA.d.54ED6B640F8569D7B79F78E6FF261179.e.6060"}]}
RESULT: undefined
COMMAND: POST /session/2c3e5cc3018601d52a1ae1747f5b8299/execute/async - {"script":"<script> [776 bytes]","args":[{"enterText":"External Partner WDIO","selector":{"id":"application-managepartners-display-component---masterPtm--smartFilterBar-btnBasicSearch","interaction":{"idSuffix":"I"}},"clearTextFirst":true,"interactionType":"ENTER_TEXT"}]}
COMMAND: GET /session/2c3e5cc3018601d52a1ae1747f5b8299/screenshot - {}
RESULT: {"script":"<script> [776 bytes]","args":[{"enterText":"External Partner WDIO","selector":{"id":"application-managepartners-display-component---masterPtm--smartFilterBar-btnBasicSearch","interaction":{"idSuffix":"I"}},"clearTextFirst":true,"interactionType":"ENTER_TEXT"}]}
RESULT: {}
COMMAND: POST /session/2c3e5cc3018601d52a1ae1747f5b8299/actions - {"actions":[{"id":"action17","type":"key","parameters":{},"actions":[{"type":"keyDown","value":"î€‡"},{"type":"pause","duration":10},{"type":"keyUp","value":"î€‡"}]}]}
RESULT: {"actions":[{"id":"action17","type":"key","parameters":{},"actions":[{"type":"keyDown","value":"î€‡"},{"type":"pause","duration":10},{"type":"keyUp","value":"î€‡"}]}]}
COMMAND: GET /session/2c3e5cc3018601d52a1ae1747f5b8299/screenshot - {}
RESULT: {}
COMMAND: POST /session/2c3e5cc3018601d52a1ae1747f5b8299/element - {"using":"xpath","value":"//span[@id=\"application-managepartners-display-component---masterPtm--smartTable-header-inner\"]"}
RESULT: {"using":"xpath","value":"//span[@id=\"application-managepartners-display-component---masterPtm--smartTable-header-inner\"]"}
COMMAND: POST /session/2c3e5cc3018601d52a1ae1747f5b8299/elements - {"using":"xpath","value":"//span[@id=\"application-managepartners-display-component---masterPtm--smartTable-header-inner\"]"}
RESULT: {"using":"xpath","value":"//span[@id=\"application-managepartners-display-component---masterPtm--smartTable-header-inner\"]"}
COMMAND: POST /session/2c3e5cc3018601d52a1ae1747f5b8299/execute/sync - {"script":"<script> [56 bytes]","args":[{"element-6066-11e4-a52e-4f735466cecf":"f.37FD799F3153CD067689FB9668CC9BBA.d.54ED6B640F8569D7B79F78E6FF261179.e.6060","ELEMENT":"f.37FD799F3153CD067689FB9668CC9BBA.d.54ED6B640F8569D7B79F78E6FF261179.e.6060"}]}
RESULT: {"script":"<script> [56 bytes]","args":[{"element-6066-11e4-a52e-4f735466cecf":"f.37FD799F3153CD067689FB9668CC9BBA.d.54ED6B640F8569D7B79F78E6FF261179.e.6060","ELEMENT":"f.37FD799F3153CD067689FB9668CC9BBA.d.54ED6B640F8569D7B79F78E6FF261179.e.6060"}]}
COMMAND: POST /session/2c3e5cc3018601d52a1ae1747f5b8299/element - {"using":"xpath","value":"//div[contains(@id, \"managepartners-display-component---masterPtm--smartFilterBar-btnBasicSearch-reset\")]"}
COMMAND: GET /session/2c3e5cc3018601d52a1ae1747f5b8299/screenshot - {}
RESULT: {"using":"xpath","value":"//div[contains(@id, \"managepartners-display-component---masterPtm--smartFilterBar-btnBasicSearch-reset\")]"}
COMMAND: POST /session/2c3e5cc3018601d52a1ae1747f5b8299/element/f.37FD799F3153CD067689FB9668CC9BBA.d.54ED6B640F8569D7B79F78E6FF261179.e.6180/click - {}
RESULT: {}
RESULT: {}
COMMAND: GET /session/2c3e5cc3018601d52a1ae1747f5b8299/screenshot - {}
RESULT: {}
COMMAND: POST /session/2c3e5cc3018601d52a1ae1747f5b8299/execute/async - {"script":"<script> [1562 bytes]","args":[{"selector":{"id":"application-managepartners-display-component---masterPtm--smartFilterBar-filterItemControl_BASIC-MAIN_ADDRESS-vhi"},"wdio_ui5_key":"applicationmanagepartners-display-component---masterPtm--smartFilterBar-filterItemControl_BASIC-MAIN_ADDRESS-vhi"}]}
RESULT: {"script":"<script> [1562 bytes]","args":[{"selector":{"id":"application-managepartners-display-component---masterPtm--smartFilterBar-filterItemControl_BASIC-MAIN_ADDRESS-vhi"},"wdio_ui5_key":"applicationmanagepartners-display-component---masterPtm--smartFilterBar-filterItemControl_BASIC-MAIN_ADDRESS-vhi"}]}
RESULT: undefined
COMMAND: POST /session/2c3e5cc3018601d52a1ae1747f5b8299/element - {"using":"xpath","value":"//*[@id=\"application-managepartners-display-component---masterPtm--smartFilterBar-filterItemControl_BASIC-MAIN_ADDRESS-vhi\"]"}
RESULT: {"using":"xpath","value":"//*[@id=\"application-managepartners-display-component---masterPtm--smartFilterBar-filterItemControl_BASIC-MAIN_ADDRESS-vhi\"]"}
COMMAND: POST /session/2c3e5cc3018601d52a1ae1747f5b8299/element/f.37FD799F3153CD067689FB9668CC9BBA.d.54ED6B640F8569D7B79F78E6FF261179.e.6257/click - {}
RESULT: {}
COMMAND: GET /session/2c3e5cc3018601d52a1ae1747f5b8299/screenshot - {}
RESULT: {}
COMMAND: POST /session/2c3e5cc3018601d52a1ae1747f5b8299/execute/async - {"script":"<script> [1562 bytes]","args":[{"selector":{"id":"application-managepartners-display-component---masterPtm--smartFilterBar-filterItemControl_BASIC-MAIN_ADDRESS-valueHelpDialog-smartFilterBar-btnBasicSearch","searchOpenDialogs":true,"interaction":{"idSuffix":"I"}},"wdio_ui5_key":"applicationmanagepartners-display-component---masterPtm--smartFilterBar-filterItemControl_BASIC-MAIN_ADDRESS-valueHelpDialog-smartFilterBar-btnBasicSearch"}]}
RESULT: {"script":"<script> [1562 bytes]","args":[{"selector":{"id":"application-managepartners-display-component---masterPtm--smartFilterBar-filterItemControl_BASIC-MAIN_ADDRESS-valueHelpDialog-smartFilterBar-btnBasicSearch","searchOpenDialogs":true,"interaction":{"idSuffix":"I"}},"wdio_ui5_key":"applicationmanagepartners-display-component---masterPtm--smartFilterBar-filterItemControl_BASIC-MAIN_ADDRESS-valueHelpDialog-smartFilterBar-btnBasicSearch"}]}
RESULT: undefined
COMMAND: POST /session/2c3e5cc3018601d52a1ae1747f5b8299/execute/async - {"script":"<script> [776 bytes]","args":[{"enterText":"Romania","selector":{"id":"application-managepartners-display-component---masterPtm--smartFilterBar-filterItemControl_BASIC-MAIN_ADDRESS-valueHelpDialog-smartFilterBar-btnBasicSearch","searchOpenDialogs":true,"interaction":{"idSuffix":"I"}},"clearTextFirst":true,"interactionType":"ENTER_TEXT"}]}
RESULT: {"script":"<script> [776 bytes]","args":[{"enterText":"Romania","selector":{"id":"application-managepartners-display-component---masterPtm--smartFilterBar-filterItemControl_BASIC-MAIN_ADDRESS-valueHelpDialog-smartFilterBar-btnBasicSearch","searchOpenDialogs":true,"interaction":{"idSuffix":"I"}},"clearTextFirst":true,"interactionType":"ENTER_TEXT"}]}
COMMAND: POST /session/2c3e5cc3018601d52a1ae1747f5b8299/actions - {"actions":[{"id":"action18","type":"key","parameters":{},"actions":[{"type":"keyDown","value":"î€‡"},{"type":"pause","duration":10},{"type":"keyUp","value":"î€‡"}]}]}
RESULT: {"actions":[{"id":"action18","type":"key","parameters":{},"actions":[{"type":"keyDown","value":"î€‡"},{"type":"pause","duration":10},{"type":"keyUp","value":"î€‡"}]}]}
COMMAND: POST /session/2c3e5cc3018601d52a1ae1747f5b8299/elements - {"using":"xpath","value":"//table[contains(@id, \"smartFilterBar-filterItemControl_BASIC-MAIN_ADDRESS-valueHelpDialog-table-table\")]/tbody/tr"}
COMMAND: GET /session/2c3e5cc3018601d52a1ae1747f5b8299/screenshot - {}
RESULT: {"using":"xpath","value":"//table[contains(@id, \"smartFilterBar-filterItemControl_BASIC-MAIN_ADDRESS-valueHelpDialog-table-table\")]/tbody/tr"}
COMMAND: POST /session/2c3e5cc3018601d52a1ae1747f5b8299/element - {"using":"xpath","value":"//table[contains(@id, \"smartFilterBar-filterItemControl_BASIC-MAIN_ADDRESS-valueHelpDialog-table-table\")]/tbody/tr[1]/td[1]/div/span"}
RESULT: {}
RESULT: {"using":"xpath","value":"//table[contains(@id, \"smartFilterBar-filterItemControl_BASIC-MAIN_ADDRESS-valueHelpDialog-table-table\")]/tbody/tr[1]/td[1]/div/span"}
COMMAND: POST /session/2c3e5cc3018601d52a1ae1747f5b8299/elements - {"using":"xpath","value":"//table[contains(@id, \"smartFilterBar-filterItemControl_BASIC-MAIN_ADDRESS-valueHelpDialog-table-table\")]/tbody/tr[1]/td[1]/div/span"}
RESULT: {"using":"xpath","value":"//table[contains(@id, \"smartFilterBar-filterItemControl_BASIC-MAIN_ADDRESS-valueHelpDialog-table-table\")]/tbody/tr[1]/td[1]/div/span"}
COMMAND: POST /session/2c3e5cc3018601d52a1ae1747f5b8299/execute/sync - {"script":"<script> [56 bytes]","args":[{"element-6066-11e4-a52e-4f735466cecf":"f.37FD799F3153CD067689FB9668CC9BBA.d.54ED6B640F8569D7B79F78E6FF261179.e.6277","ELEMENT":"f.37FD799F3153CD067689FB9668CC9BBA.d.54ED6B640F8569D7B79F78E6FF261179.e.6277"}]}
RESULT: {"script":"<script> [56 bytes]","args":[{"element-6066-11e4-a52e-4f735466cecf":"f.37FD799F3153CD067689FB9668CC9BBA.d.54ED6B640F8569D7B79F78E6FF261179.e.6277","ELEMENT":"f.37FD799F3153CD067689FB9668CC9BBA.d.54ED6B640F8569D7B79F78E6FF261179.e.6277"}]}
COMMAND: POST /session/2c3e5cc3018601d52a1ae1747f5b8299/element - {"using":"xpath","value":"//div[contains(@id, \"filterItemControl_BASIC-MAIN_ADDRESS-valueHelpDialog-table-rowsel0\")]"}
COMMAND: GET /session/2c3e5cc3018601d52a1ae1747f5b8299/screenshot - {}
RESULT: {"using":"xpath","value":"//div[contains(@id, \"filterItemControl_BASIC-MAIN_ADDRESS-valueHelpDialog-table-rowsel0\")]"}
COMMAND: POST /session/2c3e5cc3018601d52a1ae1747f5b8299/element/f.37FD799F3153CD067689FB9668CC9BBA.d.54ED6B640F8569D7B79F78E6FF261179.e.6278/click - {}
RESULT: {}
RESULT: {}
COMMAND: GET /session/2c3e5cc3018601d52a1ae1747f5b8299/screenshot - {}
RESULT: {}
COMMAND: POST /session/2c3e5cc3018601d52a1ae1747f5b8299/element - {"using":"xpath","value":"(//bdi[contains(text(), \"OK\")])[1]"}
RESULT: {"using":"xpath","value":"(//bdi[contains(text(), \"OK\")])[1]"}
COMMAND: POST /session/2c3e5cc3018601d52a1ae1747f5b8299/element/f.37FD799F3153CD067689FB9668CC9BBA.d.54ED6B640F8569D7B79F78E6FF261179.e.6280/click - {}
RESULT: {}
COMMAND: GET /session/2c3e5cc3018601d52a1ae1747f5b8299/screenshot - {}
RESULT: {}
COMMAND: POST /session/2c3e5cc3018601d52a1ae1747f5b8299/element - {"using":"xpath","value":"//span[@id=\"application-managepartners-display-component---masterPtm--smartTable-header-inner\"]"}
RESULT: {"using":"xpath","value":"//span[@id=\"application-managepartners-display-component---masterPtm--smartTable-header-inner\"]"}
COMMAND: POST /session/2c3e5cc3018601d52a1ae1747f5b8299/elements - {"using":"xpath","value":"//span[@id=\"application-managepartners-display-component---masterPtm--smartTable-header-inner\"]"}
RESULT: {"using":"xpath","value":"//span[@id=\"application-managepartners-display-component---masterPtm--smartTable-header-inner\"]"}
COMMAND: POST /session/2c3e5cc3018601d52a1ae1747f5b8299/execute/sync - {"script":"<script> [56 bytes]","args":[{"element-6066-11e4-a52e-4f735466cecf":"f.37FD799F3153CD067689FB9668CC9BBA.d.54ED6B640F8569D7B79F78E6FF261179.e.6060","ELEMENT":"f.37FD799F3153CD067689FB9668CC9BBA.d.54ED6B640F8569D7B79F78E6FF261179.e.6060"}]}
RESULT: {"script":"<script> [56 bytes]","args":[{"element-6066-11e4-a52e-4f735466cecf":"f.37FD799F3153CD067689FB9668CC9BBA.d.54ED6B640F8569D7B79F78E6FF261179.e.6060","ELEMENT":"f.37FD799F3153CD067689FB9668CC9BBA.d.54ED6B640F8569D7B79F78E6FF261179.e.6060"}]}
COMMAND: POST /session/2c3e5cc3018601d52a1ae1747f5b8299/element - {"using":"xpath","value":"//span[contains(@title, \"Remove\")]"}
COMMAND: GET /session/2c3e5cc3018601d52a1ae1747f5b8299/screenshot - {}
RESULT: {"using":"xpath","value":"//span[contains(@title, \"Remove\")]"}
COMMAND: POST /session/2c3e5cc3018601d52a1ae1747f5b8299/element/f.37FD799F3153CD067689FB9668CC9BBA.d.54ED6B640F8569D7B79F78E6FF261179.e.6293/click - {}
RESULT: {}
RESULT: {}
COMMAND: GET /session/2c3e5cc3018601d52a1ae1747f5b8299/screenshot - {}
RESULT: {}
COMMAND: POST /session/2c3e5cc3018601d52a1ae1747f5b8299/element - {"using":"xpath","value":"//span[@id=\"application-managepartners-display-component---masterPtm--smartTable-header-inner\"]"}
RESULT: {"using":"xpath","value":"//span[@id=\"application-managepartners-display-component---masterPtm--smartTable-header-inner\"]"}
COMMAND: POST /session/2c3e5cc3018601d52a1ae1747f5b8299/elements - {"using":"xpath","value":"//span[@id=\"application-managepartners-display-component---masterPtm--smartTable-header-inner\"]"}
RESULT: {"using":"xpath","value":"//span[@id=\"application-managepartners-display-component---masterPtm--smartTable-header-inner\"]"}
COMMAND: POST /session/2c3e5cc3018601d52a1ae1747f5b8299/execute/sync - {"script":"<script> [56 bytes]","args":[{"element-6066-11e4-a52e-4f735466cecf":"f.37FD799F3153CD067689FB9668CC9BBA.d.54ED6B640F8569D7B79F78E6FF261179.e.6060","ELEMENT":"f.37FD799F3153CD067689FB9668CC9BBA.d.54ED6B640F8569D7B79F78E6FF261179.e.6060"}]}
RESULT: {"script":"<script> [56 bytes]","args":[{"element-6066-11e4-a52e-4f735466cecf":"f.37FD799F3153CD067689FB9668CC9BBA.d.54ED6B640F8569D7B79F78E6FF261179.e.6060","ELEMENT":"f.37FD799F3153CD067689FB9668CC9BBA.d.54ED6B640F8569D7B79F78E6FF261179.e.6060"}]}
COMMAND: POST /session/2c3e5cc3018601d52a1ae1747f5b8299/execute/async - {"script":"<script> [1562 bytes]","args":[{"selector":{"id":"application-managepartners-display-component---masterPtm--smartFilterBar-filterItemControl_BASIC-YARD-vhi"},"wdio_ui5_key":"applicationmanagepartners-display-component---masterPtm--smartFilterBar-filterItemControl_BASIC-YARD-vhi"}]}
COMMAND: GET /session/2c3e5cc3018601d52a1ae1747f5b8299/screenshot - {}
RESULT: {"script":"<script> [1562 bytes]","args":[{"selector":{"id":"application-managepartners-display-component---masterPtm--smartFilterBar-filterItemControl_BASIC-YARD-vhi"},"wdio_ui5_key":"applicationmanagepartners-display-component---masterPtm--smartFilterBar-filterItemControl_BASIC-YARD-vhi"}]}
RESULT: undefined
COMMAND: POST /session/2c3e5cc3018601d52a1ae1747f5b8299/element - {"using":"xpath","value":"//*[@id=\"application-managepartners-display-component---masterPtm--smartFilterBar-filterItemControl_BASIC-YARD-vhi\"]"}
RESULT: {}
RESULT: {"using":"xpath","value":"//*[@id=\"application-managepartners-display-component---masterPtm--smartFilterBar-filterItemControl_BASIC-YARD-vhi\"]"}
COMMAND: POST /session/2c3e5cc3018601d52a1ae1747f5b8299/element/f.37FD799F3153CD067689FB9668CC9BBA.d.54ED6B640F8569D7B79F78E6FF261179.e.6398/click - {}
RESULT: {}
COMMAND: GET /session/2c3e5cc3018601d52a1ae1747f5b8299/screenshot - {}
RESULT: {}
COMMAND: POST /session/2c3e5cc3018601d52a1ae1747f5b8299/execute/async - {"script":"<script> [1562 bytes]","args":[{"selector":{"id":"application-managepartners-display-component---masterPtm--smartFilterBar-filterItemControl_BASIC-YARD-valueHelpDialog-smartFilterBar-btnBasicSearch","searchOpenDialogs":true,"interaction":{"idSuffix":"I"}},"wdio_ui5_key":"applicationmanagepartners-display-component---masterPtm--smartFilterBar-filterItemControl_BASIC-YARD-valueHelpDialog-smartFilterBar-btnBasicSearch"}]}
RESULT: {"script":"<script> [1562 bytes]","args":[{"selector":{"id":"application-managepartners-display-component---masterPtm--smartFilterBar-filterItemControl_BASIC-YARD-valueHelpDialog-smartFilterBar-btnBasicSearch","searchOpenDialogs":true,"interaction":{"idSuffix":"I"}},"wdio_ui5_key":"applicationmanagepartners-display-component---masterPtm--smartFilterBar-filterItemControl_BASIC-YARD-valueHelpDialog-smartFilterBar-btnBasicSearch"}]}
RESULT: undefined
COMMAND: POST /session/2c3e5cc3018601d52a1ae1747f5b8299/execute/async - {"script":"<script> [776 bytes]","args":[{"enterText":"Test","selector":{"id":"application-managepartners-display-component---masterPtm--smartFilterBar-filterItemControl_BASIC-YARD-valueHelpDialog-smartFilterBar-btnBasicSearch","searchOpenDialogs":true,"interaction":{"idSuffix":"I"}},"clearTextFirst":true,"interactionType":"ENTER_TEXT"}]}
RESULT: {"script":"<script> [776 bytes]","args":[{"enterText":"Test","selector":{"id":"application-managepartners-display-component---masterPtm--smartFilterBar-filterItemControl_BASIC-YARD-valueHelpDialog-smartFilterBar-btnBasicSearch","searchOpenDialogs":true,"interaction":{"idSuffix":"I"}},"clearTextFirst":true,"interactionType":"ENTER_TEXT"}]}
COMMAND: POST /session/2c3e5cc3018601d52a1ae1747f5b8299/actions - {"actions":[{"id":"action19","type":"key","parameters":{},"actions":[{"type":"keyDown","value":"î€‡"},{"type":"pause","duration":10},{"type":"keyUp","value":"î€‡"}]}]}
RESULT: {"actions":[{"id":"action19","type":"key","parameters":{},"actions":[{"type":"keyDown","value":"î€‡"},{"type":"pause","duration":10},{"type":"keyUp","value":"î€‡"}]}]}
COMMAND: POST /session/2c3e5cc3018601d52a1ae1747f5b8299/elements - {"using":"xpath","value":"//table[contains(@id, \"smartFilterBar-filterItemControl_BASIC-YARD-valueHelpDialog-table-table\")]/tbody/tr"}
COMMAND: GET /session/2c3e5cc3018601d52a1ae1747f5b8299/screenshot - {}
RESULT: {"using":"xpath","value":"//table[contains(@id, \"smartFilterBar-filterItemControl_BASIC-YARD-valueHelpDialog-table-table\")]/tbody/tr"}
COMMAND: POST /session/2c3e5cc3018601d52a1ae1747f5b8299/element - {"using":"xpath","value":"//table[contains(@id, \"smartFilterBar-filterItemControl_BASIC-YARD-valueHelpDialog-table-table\")]/tbody/tr[1]/td[1]/div/span"}
RESULT: {}
RESULT: {"using":"xpath","value":"//table[contains(@id, \"smartFilterBar-filterItemControl_BASIC-YARD-valueHelpDialog-table-table\")]/tbody/tr[1]/td[1]/div/span"}
COMMAND: POST /session/2c3e5cc3018601d52a1ae1747f5b8299/elements - {"using":"xpath","value":"//table[contains(@id, \"smartFilterBar-filterItemControl_BASIC-YARD-valueHelpDialog-table-table\")]/tbody/tr[1]/td[1]/div/span"}
RESULT: {"using":"xpath","value":"//table[contains(@id, \"smartFilterBar-filterItemControl_BASIC-YARD-valueHelpDialog-table-table\")]/tbody/tr[1]/td[1]/div/span"}
COMMAND: POST /session/2c3e5cc3018601d52a1ae1747f5b8299/execute/sync - {"script":"<script> [56 bytes]","args":[{"element-6066-11e4-a52e-4f735466cecf":"f.37FD799F3153CD067689FB9668CC9BBA.d.54ED6B640F8569D7B79F78E6FF261179.e.6418","ELEMENT":"f.37FD799F3153CD067689FB9668CC9BBA.d.54ED6B640F8569D7B79F78E6FF261179.e.6418"}]}
RESULT: {"script":"<script> [56 bytes]","args":[{"element-6066-11e4-a52e-4f735466cecf":"f.37FD799F3153CD067689FB9668CC9BBA.d.54ED6B640F8569D7B79F78E6FF261179.e.6418","ELEMENT":"f.37FD799F3153CD067689FB9668CC9BBA.d.54ED6B640F8569D7B79F78E6FF261179.e.6418"}]}
COMMAND: POST /session/2c3e5cc3018601d52a1ae1747f5b8299/element - {"using":"xpath","value":"//table[contains(@id, \"smartFilterBar-filterItemControl_BASIC-YARD-valueHelpDialog-table-table\")]/tbody/tr[2]/td[1]/div/span"}
COMMAND: GET /session/2c3e5cc3018601d52a1ae1747f5b8299/screenshot - {}
RESULT: {"using":"xpath","value":"//table[contains(@id, \"smartFilterBar-filterItemControl_BASIC-YARD-valueHelpDialog-table-table\")]/tbody/tr[2]/td[1]/div/span"}
COMMAND: POST /session/2c3e5cc3018601d52a1ae1747f5b8299/elements - {"using":"xpath","value":"//table[contains(@id, \"smartFilterBar-filterItemControl_BASIC-YARD-valueHelpDialog-table-table\")]/tbody/tr[2]/td[1]/div/span"}
RESULT: {}
RESULT: {"using":"xpath","value":"//table[contains(@id, \"smartFilterBar-filterItemControl_BASIC-YARD-valueHelpDialog-table-table\")]/tbody/tr[2]/td[1]/div/span"}
COMMAND: POST /session/2c3e5cc3018601d52a1ae1747f5b8299/execute/sync - {"script":"<script> [56 bytes]","args":[{"element-6066-11e4-a52e-4f735466cecf":"f.37FD799F3153CD067689FB9668CC9BBA.d.54ED6B640F8569D7B79F78E6FF261179.e.6419","ELEMENT":"f.37FD799F3153CD067689FB9668CC9BBA.d.54ED6B640F8569D7B79F78E6FF261179.e.6419"}]}
RESULT: {"script":"<script> [56 bytes]","args":[{"element-6066-11e4-a52e-4f735466cecf":"f.37FD799F3153CD067689FB9668CC9BBA.d.54ED6B640F8569D7B79F78E6FF261179.e.6419","ELEMENT":"f.37FD799F3153CD067689FB9668CC9BBA.d.54ED6B640F8569D7B79F78E6FF261179.e.6419"}]}
COMMAND: POST /session/2c3e5cc3018601d52a1ae1747f5b8299/element - {"using":"xpath","value":"//table[contains(@id, \"smartFilterBar-filterItemControl_BASIC-YARD-valueHelpDialog-table-table\")]/tbody/tr[3]/td[1]/div/span"}
COMMAND: GET /session/2c3e5cc3018601d52a1ae1747f5b8299/screenshot - {}
RESULT: {"using":"xpath","value":"//table[contains(@id, \"smartFilterBar-filterItemControl_BASIC-YARD-valueHelpDialog-table-table\")]/tbody/tr[3]/td[1]/div/span"}
COMMAND: POST /session/2c3e5cc3018601d52a1ae1747f5b8299/elements - {"using":"xpath","value":"//table[contains(@id, \"smartFilterBar-filterItemControl_BASIC-YARD-valueHelpDialog-table-table\")]/tbody/tr[3]/td[1]/div/span"}
RESULT: {}
RESULT: {"using":"xpath","value":"//table[contains(@id, \"smartFilterBar-filterItemControl_BASIC-YARD-valueHelpDialog-table-table\")]/tbody/tr[3]/td[1]/div/span"}
COMMAND: POST /session/2c3e5cc3018601d52a1ae1747f5b8299/execute/sync - {"script":"<script> [56 bytes]","args":[{"element-6066-11e4-a52e-4f735466cecf":"f.37FD799F3153CD067689FB9668CC9BBA.d.54ED6B640F8569D7B79F78E6FF261179.e.6420","ELEMENT":"f.37FD799F3153CD067689FB9668CC9BBA.d.54ED6B640F8569D7B79F78E6FF261179.e.6420"}]}
RESULT: {"script":"<script> [56 bytes]","args":[{"element-6066-11e4-a52e-4f735466cecf":"f.37FD799F3153CD067689FB9668CC9BBA.d.54ED6B640F8569D7B79F78E6FF261179.e.6420","ELEMENT":"f.37FD799F3153CD067689FB9668CC9BBA.d.54ED6B640F8569D7B79F78E6FF261179.e.6420"}]}
COMMAND: POST /session/2c3e5cc3018601d52a1ae1747f5b8299/element - {"using":"xpath","value":"//div[contains(@id, \"filterItemControl_BASIC-YARD-valueHelpDialog-table-rowsel2\")]"}
COMMAND: GET /session/2c3e5cc3018601d52a1ae1747f5b8299/screenshot - {}
RESULT: {"using":"xpath","value":"//div[contains(@id, \"filterItemControl_BASIC-YARD-valueHelpDialog-table-rowsel2\")]"}
COMMAND: POST /session/2c3e5cc3018601d52a1ae1747f5b8299/element/f.37FD799F3153CD067689FB9668CC9BBA.d.54ED6B640F8569D7B79F78E6FF261179.e.6421/click - {}
RESULT: {}
RESULT: {}
COMMAND: GET /session/2c3e5cc3018601d52a1ae1747f5b8299/screenshot - {}
RESULT: {}
COMMAND: POST /session/2c3e5cc3018601d52a1ae1747f5b8299/element - {"using":"xpath","value":"(//bdi[contains(text(), \"OK\")])[1]"}
RESULT: {"using":"xpath","value":"(//bdi[contains(text(), \"OK\")])[1]"}
COMMAND: POST /session/2c3e5cc3018601d52a1ae1747f5b8299/element/f.37FD799F3153CD067689FB9668CC9BBA.d.54ED6B640F8569D7B79F78E6FF261179.e.6423/click - {}
RESULT: {}
COMMAND: GET /session/2c3e5cc3018601d52a1ae1747f5b8299/screenshot - {}
RESULT: {}
COMMAND: POST /session/2c3e5cc3018601d52a1ae1747f5b8299/element - {"using":"xpath","value":"//span[@id=\"application-managepartners-display-component---masterPtm--smartTable-header-inner\"]"}
RESULT: {"using":"xpath","value":"//span[@id=\"application-managepartners-display-component---masterPtm--smartTable-header-inner\"]"}
COMMAND: POST /session/2c3e5cc3018601d52a1ae1747f5b8299/elements - {"using":"xpath","value":"//span[@id=\"application-managepartners-display-component---masterPtm--smartTable-header-inner\"]"}
RESULT: {"using":"xpath","value":"//span[@id=\"application-managepartners-display-component---masterPtm--smartTable-header-inner\"]"}
COMMAND: POST /session/2c3e5cc3018601d52a1ae1747f5b8299/execute/sync - {"script":"<script> [56 bytes]","args":[{"element-6066-11e4-a52e-4f735466cecf":"f.37FD799F3153CD067689FB9668CC9BBA.d.54ED6B640F8569D7B79F78E6FF261179.e.6060","ELEMENT":"f.37FD799F3153CD067689FB9668CC9BBA.d.54ED6B640F8569D7B79F78E6FF261179.e.6060"}]}
RESULT: {"script":"<script> [56 bytes]","args":[{"element-6066-11e4-a52e-4f735466cecf":"f.37FD799F3153CD067689FB9668CC9BBA.d.54ED6B640F8569D7B79F78E6FF261179.e.6060","ELEMENT":"f.37FD799F3153CD067689FB9668CC9BBA.d.54ED6B640F8569D7B79F78E6FF261179.e.6060"}]}
COMMAND: POST /session/2c3e5cc3018601d52a1ae1747f5b8299/element - {"using":"xpath","value":"//span[contains(@title, \"Remove\")]"}
COMMAND: GET /session/2c3e5cc3018601d52a1ae1747f5b8299/screenshot - {}
RESULT: {"using":"xpath","value":"//span[contains(@title, \"Remove\")]"}
COMMAND: POST /session/2c3e5cc3018601d52a1ae1747f5b8299/element/f.37FD799F3153CD067689FB9668CC9BBA.d.54ED6B640F8569D7B79F78E6FF261179.e.6436/click - {}
RESULT: {}
RESULT: {}
COMMAND: GET /session/2c3e5cc3018601d52a1ae1747f5b8299/screenshot - {}
RESULT: {}
COMMAND: POST /session/2c3e5cc3018601d52a1ae1747f5b8299/element - {"using":"xpath","value":"//span[@id=\"application-managepartners-display-component---masterPtm--smartTable-header-inner\"]"}
RESULT: {"using":"xpath","value":"//span[@id=\"application-managepartners-display-component---masterPtm--smartTable-header-inner\"]"}
COMMAND: POST /session/2c3e5cc3018601d52a1ae1747f5b8299/elements - {"using":"xpath","value":"//span[@id=\"application-managepartners-display-component---masterPtm--smartTable-header-inner\"]"}
RESULT: {"using":"xpath","value":"//span[@id=\"application-managepartners-display-component---masterPtm--smartTable-header-inner\"]"}
COMMAND: POST /session/2c3e5cc3018601d52a1ae1747f5b8299/execute/sync - {"script":"<script> [56 bytes]","args":[{"element-6066-11e4-a52e-4f735466cecf":"f.37FD799F3153CD067689FB9668CC9BBA.d.54ED6B640F8569D7B79F78E6FF261179.e.6060","ELEMENT":"f.37FD799F3153CD067689FB9668CC9BBA.d.54ED6B640F8569D7B79F78E6FF261179.e.6060"}]}
RESULT: {"script":"<script> [56 bytes]","args":[{"element-6066-11e4-a52e-4f735466cecf":"f.37FD799F3153CD067689FB9668CC9BBA.d.54ED6B640F8569D7B79F78E6FF261179.e.6060","ELEMENT":"f.37FD799F3153CD067689FB9668CC9BBA.d.54ED6B640F8569D7B79F78E6FF261179.e.6060"}]}
COMMAND: POST /session/2c3e5cc3018601d52a1ae1747f5b8299/execute/async - {"script":"<script> [1562 bytes]","args":[{"selector":{"id":"application-managepartners-display-component---masterPtm--smartFilterBar-filterItemControl_BASIC-ALL_TAGS-vhi"},"wdio_ui5_key":"applicationmanagepartners-display-component---masterPtm--smartFilterBar-filterItemControl_BASIC-ALL_TAGS-vhi"}]}
COMMAND: GET /session/2c3e5cc3018601d52a1ae1747f5b8299/screenshot - {}
RESULT: {"script":"<script> [1562 bytes]","args":[{"selector":{"id":"application-managepartners-display-component---masterPtm--smartFilterBar-filterItemControl_BASIC-ALL_TAGS-vhi"},"wdio_ui5_key":"applicationmanagepartners-display-component---masterPtm--smartFilterBar-filterItemControl_BASIC-ALL_TAGS-vhi"}]}
RESULT: undefined
COMMAND: POST /session/2c3e5cc3018601d52a1ae1747f5b8299/element - {"using":"xpath","value":"//*[@id=\"application-managepartners-display-component---masterPtm--smartFilterBar-filterItemControl_BASIC-ALL_TAGS-vhi\"]"}
RESULT: {}
RESULT: {"using":"xpath","value":"//*[@id=\"application-managepartners-display-component---masterPtm--smartFilterBar-filterItemControl_BASIC-ALL_TAGS-vhi\"]"}
COMMAND: POST /session/2c3e5cc3018601d52a1ae1747f5b8299/element/f.37FD799F3153CD067689FB9668CC9BBA.d.54ED6B640F8569D7B79F78E6FF261179.e.6544/click - {}
RESULT: {}
COMMAND: GET /session/2c3e5cc3018601d52a1ae1747f5b8299/screenshot - {}
RESULT: {}
COMMAND: POST /session/2c3e5cc3018601d52a1ae1747f5b8299/execute/async - {"script":"<script> [1562 bytes]","args":[{"selector":{"id":"application-managepartners-display-component---masterPtm--smartFilterBar-filterItemControl_BASIC-ALL_TAGS-valueHelpDialog-smartFilterBar-btnBasicSearch","searchOpenDialogs":true,"interaction":{"idSuffix":"I"}},"wdio_ui5_key":"applicationmanagepartners-display-component---masterPtm--smartFilterBar-filterItemControl_BASIC-ALL_TAGS-valueHelpDialog-smartFilterBar-btnBasicSearch"}]}
RESULT: {"script":"<script> [1562 bytes]","args":[{"selector":{"id":"application-managepartners-display-component---masterPtm--smartFilterBar-filterItemControl_BASIC-ALL_TAGS-valueHelpDialog-smartFilterBar-btnBasicSearch","searchOpenDialogs":true,"interaction":{"idSuffix":"I"}},"wdio_ui5_key":"applicationmanagepartners-display-component---masterPtm--smartFilterBar-filterItemControl_BASIC-ALL_TAGS-valueHelpDialog-smartFilterBar-btnBasicSearch"}]}
RESULT: undefined
COMMAND: POST /session/2c3e5cc3018601d52a1ae1747f5b8299/execute/async - {"script":"<script> [776 bytes]","args":[{"enterText":"test-tag-1","selector":{"id":"application-managepartners-display-component---masterPtm--smartFilterBar-filterItemControl_BASIC-ALL_TAGS-valueHelpDialog-smartFilterBar-btnBasicSearch","searchOpenDialogs":true,"interaction":{"idSuffix":"I"}},"clearTextFirst":true,"interactionType":"ENTER_TEXT"}]}
RESULT: {"script":"<script> [776 bytes]","args":[{"enterText":"test-tag-1","selector":{"id":"application-managepartners-display-component---masterPtm--smartFilterBar-filterItemControl_BASIC-ALL_TAGS-valueHelpDialog-smartFilterBar-btnBasicSearch","searchOpenDialogs":true,"interaction":{"idSuffix":"I"}},"clearTextFirst":true,"interactionType":"ENTER_TEXT"}]}
COMMAND: POST /session/2c3e5cc3018601d52a1ae1747f5b8299/actions - {"actions":[{"id":"action20","type":"key","parameters":{},"actions":[{"type":"keyDown","value":"î€‡"},{"type":"pause","duration":10},{"type":"keyUp","value":"î€‡"}]}]}
RESULT: {"actions":[{"id":"action20","type":"key","parameters":{},"actions":[{"type":"keyDown","value":"î€‡"},{"type":"pause","duration":10},{"type":"keyUp","value":"î€‡"}]}]}
COMMAND: POST /session/2c3e5cc3018601d52a1ae1747f5b8299/elements - {"using":"xpath","value":"//table[contains(@id, \"smartFilterBar-filterItemControl_BASIC-ALL_TAGS-valueHelpDialog-table-table\")]/tbody/tr"}
COMMAND: GET /session/2c3e5cc3018601d52a1ae1747f5b8299/screenshot - {}
RESULT: {"using":"xpath","value":"//table[contains(@id, \"smartFilterBar-filterItemControl_BASIC-ALL_TAGS-valueHelpDialog-table-table\")]/tbody/tr"}
COMMAND: POST /session/2c3e5cc3018601d52a1ae1747f5b8299/element - {"using":"xpath","value":"//table[contains(@id, \"smartFilterBar-filterItemControl_BASIC-ALL_TAGS-valueHelpDialog-table-table\")]/tbody/tr[1]/td[1]/div/span"}
RESULT: {}
RESULT: {"using":"xpath","value":"//table[contains(@id, \"smartFilterBar-filterItemControl_BASIC-ALL_TAGS-valueHelpDialog-table-table\")]/tbody/tr[1]/td[1]/div/span"}
COMMAND: POST /session/2c3e5cc3018601d52a1ae1747f5b8299/elements - {"using":"xpath","value":"//table[contains(@id, \"smartFilterBar-filterItemControl_BASIC-ALL_TAGS-valueHelpDialog-table-table\")]/tbody/tr[1]/td[1]/div/span"}
RESULT: {"using":"xpath","value":"//table[contains(@id, \"smartFilterBar-filterItemControl_BASIC-ALL_TAGS-valueHelpDialog-table-table\")]/tbody/tr[1]/td[1]/div/span"}
COMMAND: POST /session/2c3e5cc3018601d52a1ae1747f5b8299/execute/sync - {"script":"<script> [56 bytes]","args":[{"element-6066-11e4-a52e-4f735466cecf":"f.37FD799F3153CD067689FB9668CC9BBA.d.54ED6B640F8569D7B79F78E6FF261179.e.6564","ELEMENT":"f.37FD799F3153CD067689FB9668CC9BBA.d.54ED6B640F8569D7B79F78E6FF261179.e.6564"}]}
RESULT: {"script":"<script> [56 bytes]","args":[{"element-6066-11e4-a52e-4f735466cecf":"f.37FD799F3153CD067689FB9668CC9BBA.d.54ED6B640F8569D7B79F78E6FF261179.e.6564","ELEMENT":"f.37FD799F3153CD067689FB9668CC9BBA.d.54ED6B640F8569D7B79F78E6FF261179.e.6564"}]}
COMMAND: POST /session/2c3e5cc3018601d52a1ae1747f5b8299/element - {"using":"xpath","value":"//div[contains(@id, \"filterItemControl_BASIC-ALL_TAGS-valueHelpDialog-table-rowsel0\")]"}
COMMAND: GET /session/2c3e5cc3018601d52a1ae1747f5b8299/screenshot - {}
RESULT: {"using":"xpath","value":"//div[contains(@id, \"filterItemControl_BASIC-ALL_TAGS-valueHelpDialog-table-rowsel0\")]"}
COMMAND: POST /session/2c3e5cc3018601d52a1ae1747f5b8299/element/f.37FD799F3153CD067689FB9668CC9BBA.d.54ED6B640F8569D7B79F78E6FF261179.e.6565/click - {}
RESULT: {}
RESULT: {}
COMMAND: GET /session/2c3e5cc3018601d52a1ae1747f5b8299/screenshot - {}
RESULT: {}
COMMAND: POST /session/2c3e5cc3018601d52a1ae1747f5b8299/element - {"using":"xpath","value":"(//bdi[contains(text(), \"OK\")])[1]"}
RESULT: {"using":"xpath","value":"(//bdi[contains(text(), \"OK\")])[1]"}
COMMAND: POST /session/2c3e5cc3018601d52a1ae1747f5b8299/element/f.37FD799F3153CD067689FB9668CC9BBA.d.54ED6B640F8569D7B79F78E6FF261179.e.6567/click - {}
RESULT: {}
COMMAND: GET /session/2c3e5cc3018601d52a1ae1747f5b8299/screenshot - {}
RESULT: {}
COMMAND: POST /session/2c3e5cc3018601d52a1ae1747f5b8299/element - {"using":"xpath","value":"//span[@id=\"application-managepartners-display-component---masterPtm--smartTable-header-inner\"]"}
RESULT: {"using":"xpath","value":"//span[@id=\"application-managepartners-display-component---masterPtm--smartTable-header-inner\"]"}
COMMAND: POST /session/2c3e5cc3018601d52a1ae1747f5b8299/elements - {"using":"xpath","value":"//span[@id=\"application-managepartners-display-component---masterPtm--smartTable-header-inner\"]"}
RESULT: {"using":"xpath","value":"//span[@id=\"application-managepartners-display-component---masterPtm--smartTable-header-inner\"]"}
COMMAND: POST /session/2c3e5cc3018601d52a1ae1747f5b8299/execute/sync - {"script":"<script> [56 bytes]","args":[{"element-6066-11e4-a52e-4f735466cecf":"f.37FD799F3153CD067689FB9668CC9BBA.d.54ED6B640F8569D7B79F78E6FF261179.e.6060","ELEMENT":"f.37FD799F3153CD067689FB9668CC9BBA.d.54ED6B640F8569D7B79F78E6FF261179.e.6060"}]}
RESULT: {"script":"<script> [56 bytes]","args":[{"element-6066-11e4-a52e-4f735466cecf":"f.37FD799F3153CD067689FB9668CC9BBA.d.54ED6B640F8569D7B79F78E6FF261179.e.6060","ELEMENT":"f.37FD799F3153CD067689FB9668CC9BBA.d.54ED6B640F8569D7B79F78E6FF261179.e.6060"}]}
COMMAND: POST /session/2c3e5cc3018601d52a1ae1747f5b8299/element - {"using":"xpath","value":"//span[contains(@title, \"Remove\")]"}
COMMAND: GET /session/2c3e5cc3018601d52a1ae1747f5b8299/screenshot - {}
RESULT: {"using":"xpath","value":"//span[contains(@title, \"Remove\")]"}
COMMAND: POST /session/2c3e5cc3018601d52a1ae1747f5b8299/element/f.37FD799F3153CD067689FB9668CC9BBA.d.54ED6B640F8569D7B79F78E6FF261179.e.6589/click - {}
RESULT: {}
RESULT: {}
COMMAND: GET /session/2c3e5cc3018601d52a1ae1747f5b8299/screenshot - {}
RESULT: {}
COMMAND: POST /session/2c3e5cc3018601d52a1ae1747f5b8299/execute/async - {"script":"<script> [1562 bytes]","args":[{"selector":{"id":"application-managepartners-display-component---masterPtm--partnerTypes-arrow"},"wdio_ui5_key":"applicationmanagepartners-display-component---masterPtm--partnerTypes-arrow"}]}
RESULT: {"script":"<script> [1562 bytes]","args":[{"selector":{"id":"application-managepartners-display-component---masterPtm--partnerTypes-arrow"},"wdio_ui5_key":"applicationmanagepartners-display-component---masterPtm--partnerTypes-arrow"}]}
RESULT: undefined
COMMAND: POST /session/2c3e5cc3018601d52a1ae1747f5b8299/element - {"using":"xpath","value":"//*[@id=\"application-managepartners-display-component---masterPtm--partnerTypes-arrow\"]"}
RESULT: {"using":"xpath","value":"//*[@id=\"application-managepartners-display-component---masterPtm--partnerTypes-arrow\"]"}
COMMAND: POST /session/2c3e5cc3018601d52a1ae1747f5b8299/element/f.37FD799F3153CD067689FB9668CC9BBA.d.54ED6B640F8569D7B79F78E6FF261179.e.6693/click - {}
RESULT: {}
COMMAND: GET /session/2c3e5cc3018601d52a1ae1747f5b8299/screenshot - {}
RESULT: {}
COMMAND: POST /session/2c3e5cc3018601d52a1ae1747f5b8299/element - {"using":"xpath","value":"//li[.//span[text()=\"External partner\"]]//div[contains(@class,\"sapMCbBg\")]"}
RESULT: {"using":"xpath","value":"//li[.//span[text()=\"External partner\"]]//div[contains(@class,\"sapMCbBg\")]"}
COMMAND: POST /session/2c3e5cc3018601d52a1ae1747f5b8299/element/f.37FD799F3153CD067689FB9668CC9BBA.d.54ED6B640F8569D7B79F78E6FF261179.e.6696/click - {}
RESULT: {}
COMMAND: GET /session/2c3e5cc3018601d52a1ae1747f5b8299/screenshot - {}
RESULT: {}
COMMAND: POST /session/2c3e5cc3018601d52a1ae1747f5b8299/element - {"using":"xpath","value":"//div[contains(@id,\"application-managepartners-display-component---masterPtm--smartFilterBar-btnBasicSearch-search\")]"}
RESULT: {"using":"xpath","value":"//div[contains(@id,\"application-managepartners-display-component---masterPtm--smartFilterBar-btnBasicSearch-search\")]"}
COMMAND: POST /session/2c3e5cc3018601d52a1ae1747f5b8299/element/f.37FD799F3153CD067689FB9668CC9BBA.d.54ED6B640F8569D7B79F78E6FF261179.e.6777/click - {}
RESULT: {}
COMMAND: GET /session/2c3e5cc3018601d52a1ae1747f5b8299/screenshot - {}
RESULT: {}
COMMAND: POST /session/2c3e5cc3018601d52a1ae1747f5b8299/element - {"using":"xpath","value":"//span[@id=\"application-managepartners-display-component---masterPtm--smartTable-header-inner\"]"}
RESULT: {"using":"xpath","value":"//span[@id=\"application-managepartners-display-component---masterPtm--smartTable-header-inner\"]"}
COMMAND: POST /session/2c3e5cc3018601d52a1ae1747f5b8299/elements - {"using":"xpath","value":"//span[@id=\"application-managepartners-display-component---masterPtm--smartTable-header-inner\"]"}
RESULT: {"using":"xpath","value":"//span[@id=\"application-managepartners-display-component---masterPtm--smartTable-header-inner\"]"}
COMMAND: POST /session/2c3e5cc3018601d52a1ae1747f5b8299/execute/sync - {"script":"<script> [56 bytes]","args":[{"element-6066-11e4-a52e-4f735466cecf":"f.37FD799F3153CD067689FB9668CC9BBA.d.54ED6B640F8569D7B79F78E6FF261179.e.6060","ELEMENT":"f.37FD799F3153CD067689FB9668CC9BBA.d.54ED6B640F8569D7B79F78E6FF261179.e.6060"}]}
RESULT: {"script":"<script> [56 bytes]","args":[{"element-6066-11e4-a52e-4f735466cecf":"f.37FD799F3153CD067689FB9668CC9BBA.d.54ED6B640F8569D7B79F78E6FF261179.e.6060","ELEMENT":"f.37FD799F3153CD067689FB9668CC9BBA.d.54ED6B640F8569D7B79F78E6FF261179.e.6060"}]}
COMMAND: POST /session/2c3e5cc3018601d52a1ae1747f5b8299/element - {"using":"xpath","value":"//span[contains(@title, \"Remove\")]"}
COMMAND: GET /session/2c3e5cc3018601d52a1ae1747f5b8299/screenshot - {}
RESULT: {"using":"xpath","value":"//span[contains(@title, \"Remove\")]"}
COMMAND: POST /session/2c3e5cc3018601d52a1ae1747f5b8299/element/f.37FD799F3153CD067689FB9668CC9BBA.d.54ED6B640F8569D7B79F78E6FF261179.e.6781/click - {}
RESULT: {}
RESULT: {}
COMMAND: GET /session/2c3e5cc3018601d52a1ae1747f5b8299/screenshot - {}
RESULT: {}
COMMAND: POST /session/2c3e5cc3018601d52a1ae1747f5b8299/execute/async - {"script":"<script> [1562 bytes]","args":[{"selector":{"id":"application-managepartners-display-component---masterPtm--smartFilterBar-btnFilters","interaction":{"idSuffix":"BDI-content"}},"wdio_ui5_key":"applicationmanagepartners-display-component---masterPtm--smartFilterBar-btnFilters"}]}
RESULT: {"script":"<script> [1562 bytes]","args":[{"selector":{"id":"application-managepartners-display-component---masterPtm--smartFilterBar-btnFilters","interaction":{"idSuffix":"BDI-content"}},"wdio_ui5_key":"applicationmanagepartners-display-component---masterPtm--smartFilterBar-btnFilters"}]}
RESULT: undefined
COMMAND: POST /session/2c3e5cc3018601d52a1ae1747f5b8299/element - {"using":"xpath","value":"//*[@id=\"application-managepartners-display-component---masterPtm--smartFilterBar-btnFilters\"]"}
RESULT: {"using":"xpath","value":"//*[@id=\"application-managepartners-display-component---masterPtm--smartFilterBar-btnFilters\"]"}
COMMAND: POST /session/2c3e5cc3018601d52a1ae1747f5b8299/element/f.37FD799F3153CD067689FB9668CC9BBA.d.54ED6B640F8569D7B79F78E6FF261179.e.5912/click - {}
RESULT: {}
COMMAND: GET /session/2c3e5cc3018601d52a1ae1747f5b8299/screenshot - {}
RESULT: {}
COMMAND: POST /session/2c3e5cc3018601d52a1ae1747f5b8299/elements - {"using":"xpath","value":"//table[contains(@id, \"listView-innerSelectionPanelTable-listUl\")]/tbody/tr"}
RESULT: {"using":"xpath","value":"//table[contains(@id, \"listView-innerSelectionPanelTable-listUl\")]/tbody/tr"}
COMMAND: POST /session/2c3e5cc3018601d52a1ae1747f5b8299/element - {"using":"xpath","value":"//table[contains(@id, \"listView-innerSelectionPanelTable-listUl\")]/tbody/tr[2]/td[2]/div/div"}
RESULT: {"using":"xpath","value":"//table[contains(@id, \"listView-innerSelectionPanelTable-listUl\")]/tbody/tr[2]/td[2]/div/div"}
COMMAND: POST /session/2c3e5cc3018601d52a1ae1747f5b8299/element - {"using":"xpath","value":"//table[contains(@id, \"listView-innerSelectionPanelTable-listUl\")]/tbody/tr[2]/td[2]/div"}
RESULT: {"using":"xpath","value":"//table[contains(@id, \"listView-innerSelectionPanelTable-listUl\")]/tbody/tr[2]/td[2]/div"}
COMMAND: POST /session/2c3e5cc3018601d52a1ae1747f5b8299/element - {"using":"xpath","value":"//table[contains(@id, \"listView-innerSelectionPanelTable-listUl\")]/tbody/tr[2]/td[3]/div/div/span/span[1]/bdi"}
RESULT: {"using":"xpath","value":"//table[contains(@id, \"listView-innerSelectionPanelTable-listUl\")]/tbody/tr[2]/td[3]/div/div/span/span[1]/bdi"}
COMMAND: POST /session/2c3e5cc3018601d52a1ae1747f5b8299/execute/sync - {"script":"<script> [56 bytes]","args":[{"element-6066-11e4-a52e-4f735466cecf":"f.37FD799F3153CD067689FB9668CC9BBA.d.54ED6B640F8569D7B79F78E6FF261179.e.6889","ELEMENT":"f.37FD799F3153CD067689FB9668CC9BBA.d.54ED6B640F8569D7B79F78E6FF261179.e.6889"}]}
RESULT: {"script":"<script> [56 bytes]","args":[{"element-6066-11e4-a52e-4f735466cecf":"f.37FD799F3153CD067689FB9668CC9BBA.d.54ED6B640F8569D7B79F78E6FF261179.e.6889","ELEMENT":"f.37FD799F3153CD067689FB9668CC9BBA.d.54ED6B640F8569D7B79F78E6FF261179.e.6889"}]}
COMMAND: GET /session/2c3e5cc3018601d52a1ae1747f5b8299/element/f.37FD799F3153CD067689FB9668CC9BBA.d.54ED6B640F8569D7B79F78E6FF261179.e.6888/attribute/aria-checked - {}
COMMAND: GET /session/2c3e5cc3018601d52a1ae1747f5b8299/screenshot - {}
RESULT: {}
COMMAND: POST /session/2c3e5cc3018601d52a1ae1747f5b8299/element - {"using":"xpath","value":"//table[contains(@id, \"listView-innerSelectionPanelTable-listUl\")]/tbody/tr[3]/td[2]/div/div"}
RESULT: {}
RESULT: {"using":"xpath","value":"//table[contains(@id, \"listView-innerSelectionPanelTable-listUl\")]/tbody/tr[3]/td[2]/div/div"}
COMMAND: POST /session/2c3e5cc3018601d52a1ae1747f5b8299/element - {"using":"xpath","value":"//table[contains(@id, \"listView-innerSelectionPanelTable-listUl\")]/tbody/tr[3]/td[2]/div"}
RESULT: {"using":"xpath","value":"//table[contains(@id, \"listView-innerSelectionPanelTable-listUl\")]/tbody/tr[3]/td[2]/div"}
COMMAND: POST /session/2c3e5cc3018601d52a1ae1747f5b8299/element - {"using":"xpath","value":"//table[contains(@id, \"listView-innerSelectionPanelTable-listUl\")]/tbody/tr[3]/td[3]/div/div/span/span[1]/bdi"}
RESULT: {"using":"xpath","value":"//table[contains(@id, \"listView-innerSelectionPanelTable-listUl\")]/tbody/tr[3]/td[3]/div/div/span/span[1]/bdi"}
COMMAND: POST /session/2c3e5cc3018601d52a1ae1747f5b8299/execute/sync - {"script":"<script> [56 bytes]","args":[{"element-6066-11e4-a52e-4f735466cecf":"f.37FD799F3153CD067689FB9668CC9BBA.d.54ED6B640F8569D7B79F78E6FF261179.e.6892","ELEMENT":"f.37FD799F3153CD067689FB9668CC9BBA.d.54ED6B640F8569D7B79F78E6FF261179.e.6892"}]}
RESULT: {"script":"<script> [56 bytes]","args":[{"element-6066-11e4-a52e-4f735466cecf":"f.37FD799F3153CD067689FB9668CC9BBA.d.54ED6B640F8569D7B79F78E6FF261179.e.6892","ELEMENT":"f.37FD799F3153CD067689FB9668CC9BBA.d.54ED6B640F8569D7B79F78E6FF261179.e.6892"}]}
COMMAND: GET /session/2c3e5cc3018601d52a1ae1747f5b8299/element/f.37FD799F3153CD067689FB9668CC9BBA.d.54ED6B640F8569D7B79F78E6FF261179.e.6891/attribute/aria-checked - {}
COMMAND: GET /session/2c3e5cc3018601d52a1ae1747f5b8299/screenshot - {}
RESULT: {}
COMMAND: POST /session/2c3e5cc3018601d52a1ae1747f5b8299/element - {"using":"xpath","value":"//table[contains(@id, \"listView-innerSelectionPanelTable-listUl\")]/tbody/tr[4]/td[2]/div/div"}
RESULT: {}
RESULT: {"using":"xpath","value":"//table[contains(@id, \"listView-innerSelectionPanelTable-listUl\")]/tbody/tr[4]/td[2]/div/div"}
COMMAND: POST /session/2c3e5cc3018601d52a1ae1747f5b8299/element - {"using":"xpath","value":"//table[contains(@id, \"listView-innerSelectionPanelTable-listUl\")]/tbody/tr[4]/td[2]/div"}
RESULT: {"using":"xpath","value":"//table[contains(@id, \"listView-innerSelectionPanelTable-listUl\")]/tbody/tr[4]/td[2]/div"}
COMMAND: POST /session/2c3e5cc3018601d52a1ae1747f5b8299/element - {"using":"xpath","value":"//table[contains(@id, \"listView-innerSelectionPanelTable-listUl\")]/tbody/tr[4]/td[3]/div/div/span/span[1]/bdi"}
RESULT: {"using":"xpath","value":"//table[contains(@id, \"listView-innerSelectionPanelTable-listUl\")]/tbody/tr[4]/td[3]/div/div/span/span[1]/bdi"}
COMMAND: POST /session/2c3e5cc3018601d52a1ae1747f5b8299/execute/sync - {"script":"<script> [56 bytes]","args":[{"element-6066-11e4-a52e-4f735466cecf":"f.37FD799F3153CD067689FB9668CC9BBA.d.54ED6B640F8569D7B79F78E6FF261179.e.6895","ELEMENT":"f.37FD799F3153CD067689FB9668CC9BBA.d.54ED6B640F8569D7B79F78E6FF261179.e.6895"}]}
RESULT: {"script":"<script> [56 bytes]","args":[{"element-6066-11e4-a52e-4f735466cecf":"f.37FD799F3153CD067689FB9668CC9BBA.d.54ED6B640F8569D7B79F78E6FF261179.e.6895","ELEMENT":"f.37FD799F3153CD067689FB9668CC9BBA.d.54ED6B640F8569D7B79F78E6FF261179.e.6895"}]}
COMMAND: GET /session/2c3e5cc3018601d52a1ae1747f5b8299/element/f.37FD799F3153CD067689FB9668CC9BBA.d.54ED6B640F8569D7B79F78E6FF261179.e.6894/attribute/aria-checked - {}
COMMAND: GET /session/2c3e5cc3018601d52a1ae1747f5b8299/screenshot - {}
RESULT: {}
COMMAND: POST /session/2c3e5cc3018601d52a1ae1747f5b8299/element - {"using":"xpath","value":"//table[contains(@id, \"listView-innerSelectionPanelTable-listUl\")]/tbody/tr[5]/td[2]/div/div"}
RESULT: {}
RESULT: {"using":"xpath","value":"//table[contains(@id, \"listView-innerSelectionPanelTable-listUl\")]/tbody/tr[5]/td[2]/div/div"}
COMMAND: POST /session/2c3e5cc3018601d52a1ae1747f5b8299/element - {"using":"xpath","value":"//table[contains(@id, \"listView-innerSelectionPanelTable-listUl\")]/tbody/tr[5]/td[2]/div"}
RESULT: {"using":"xpath","value":"//table[contains(@id, \"listView-innerSelectionPanelTable-listUl\")]/tbody/tr[5]/td[2]/div"}
COMMAND: POST /session/2c3e5cc3018601d52a1ae1747f5b8299/element - {"using":"xpath","value":"//table[contains(@id, \"listView-innerSelectionPanelTable-listUl\")]/tbody/tr[5]/td[3]/div/div/span/span[1]/bdi"}
RESULT: {"using":"xpath","value":"//table[contains(@id, \"listView-innerSelectionPanelTable-listUl\")]/tbody/tr[5]/td[3]/div/div/span/span[1]/bdi"}
COMMAND: POST /session/2c3e5cc3018601d52a1ae1747f5b8299/execute/sync - {"script":"<script> [56 bytes]","args":[{"element-6066-11e4-a52e-4f735466cecf":"f.37FD799F3153CD067689FB9668CC9BBA.d.54ED6B640F8569D7B79F78E6FF261179.e.6898","ELEMENT":"f.37FD799F3153CD067689FB9668CC9BBA.d.54ED6B640F8569D7B79F78E6FF261179.e.6898"}]}
RESULT: {"script":"<script> [56 bytes]","args":[{"element-6066-11e4-a52e-4f735466cecf":"f.37FD799F3153CD067689FB9668CC9BBA.d.54ED6B640F8569D7B79F78E6FF261179.e.6898","ELEMENT":"f.37FD799F3153CD067689FB9668CC9BBA.d.54ED6B640F8569D7B79F78E6FF261179.e.6898"}]}
COMMAND: GET /session/2c3e5cc3018601d52a1ae1747f5b8299/element/f.37FD799F3153CD067689FB9668CC9BBA.d.54ED6B640F8569D7B79F78E6FF261179.e.6897/attribute/aria-checked - {}
COMMAND: GET /session/2c3e5cc3018601d52a1ae1747f5b8299/screenshot - {}
RESULT: {}
COMMAND: POST /session/2c3e5cc3018601d52a1ae1747f5b8299/element - {"using":"xpath","value":"//table[contains(@id, \"listView-innerSelectionPanelTable-listUl\")]/tbody/tr[6]/td[2]/div/div"}
RESULT: {}
RESULT: {"using":"xpath","value":"//table[contains(@id, \"listView-innerSelectionPanelTable-listUl\")]/tbody/tr[6]/td[2]/div/div"}
COMMAND: POST /session/2c3e5cc3018601d52a1ae1747f5b8299/element - {"using":"xpath","value":"//table[contains(@id, \"listView-innerSelectionPanelTable-listUl\")]/tbody/tr[6]/td[2]/div"}
RESULT: {"using":"xpath","value":"//table[contains(@id, \"listView-innerSelectionPanelTable-listUl\")]/tbody/tr[6]/td[2]/div"}
COMMAND: POST /session/2c3e5cc3018601d52a1ae1747f5b8299/element - {"using":"xpath","value":"//table[contains(@id, \"listView-innerSelectionPanelTable-listUl\")]/tbody/tr[6]/td[3]/div/div/span/span[1]/bdi"}
RESULT: {"using":"xpath","value":"//table[contains(@id, \"listView-innerSelectionPanelTable-listUl\")]/tbody/tr[6]/td[3]/div/div/span/span[1]/bdi"}
COMMAND: POST /session/2c3e5cc3018601d52a1ae1747f5b8299/execute/sync - {"script":"<script> [56 bytes]","args":[{"element-6066-11e4-a52e-4f735466cecf":"f.37FD799F3153CD067689FB9668CC9BBA.d.54ED6B640F8569D7B79F78E6FF261179.e.6901","ELEMENT":"f.37FD799F3153CD067689FB9668CC9BBA.d.54ED6B640F8569D7B79F78E6FF261179.e.6901"}]}
RESULT: {"script":"<script> [56 bytes]","args":[{"element-6066-11e4-a52e-4f735466cecf":"f.37FD799F3153CD067689FB9668CC9BBA.d.54ED6B640F8569D7B79F78E6FF261179.e.6901","ELEMENT":"f.37FD799F3153CD067689FB9668CC9BBA.d.54ED6B640F8569D7B79F78E6FF261179.e.6901"}]}
COMMAND: GET /session/2c3e5cc3018601d52a1ae1747f5b8299/element/f.37FD799F3153CD067689FB9668CC9BBA.d.54ED6B640F8569D7B79F78E6FF261179.e.6900/attribute/aria-checked - {}
COMMAND: GET /session/2c3e5cc3018601d52a1ae1747f5b8299/screenshot - {}
RESULT: {}
COMMAND: POST /session/2c3e5cc3018601d52a1ae1747f5b8299/element - {"using":"xpath","value":"//table[contains(@id, \"listView-innerSelectionPanelTable-listUl\")]/tbody/tr[7]/td[2]/div/div"}
RESULT: {}
RESULT: {"using":"xpath","value":"//table[contains(@id, \"listView-innerSelectionPanelTable-listUl\")]/tbody/tr[7]/td[2]/div/div"}
COMMAND: POST /session/2c3e5cc3018601d52a1ae1747f5b8299/element - {"using":"xpath","value":"//table[contains(@id, \"listView-innerSelectionPanelTable-listUl\")]/tbody/tr[7]/td[2]/div"}
RESULT: {"using":"xpath","value":"//table[contains(@id, \"listView-innerSelectionPanelTable-listUl\")]/tbody/tr[7]/td[2]/div"}
COMMAND: POST /session/2c3e5cc3018601d52a1ae1747f5b8299/element - {"using":"xpath","value":"//table[contains(@id, \"listView-innerSelectionPanelTable-listUl\")]/tbody/tr[7]/td[3]/div/div/span/span[1]/bdi"}
RESULT: {"using":"xpath","value":"//table[contains(@id, \"listView-innerSelectionPanelTable-listUl\")]/tbody/tr[7]/td[3]/div/div/span/span[1]/bdi"}
COMMAND: POST /session/2c3e5cc3018601d52a1ae1747f5b8299/execute/sync - {"script":"<script> [56 bytes]","args":[{"element-6066-11e4-a52e-4f735466cecf":"f.37FD799F3153CD067689FB9668CC9BBA.d.54ED6B640F8569D7B79F78E6FF261179.e.6904","ELEMENT":"f.37FD799F3153CD067689FB9668CC9BBA.d.54ED6B640F8569D7B79F78E6FF261179.e.6904"}]}
RESULT: {"script":"<script> [56 bytes]","args":[{"element-6066-11e4-a52e-4f735466cecf":"f.37FD799F3153CD067689FB9668CC9BBA.d.54ED6B640F8569D7B79F78E6FF261179.e.6904","ELEMENT":"f.37FD799F3153CD067689FB9668CC9BBA.d.54ED6B640F8569D7B79F78E6FF261179.e.6904"}]}
COMMAND: GET /session/2c3e5cc3018601d52a1ae1747f5b8299/element/f.37FD799F3153CD067689FB9668CC9BBA.d.54ED6B640F8569D7B79F78E6FF261179.e.6903/attribute/aria-checked - {}
COMMAND: GET /session/2c3e5cc3018601d52a1ae1747f5b8299/screenshot - {}
RESULT: {}
COMMAND: POST /session/2c3e5cc3018601d52a1ae1747f5b8299/element - {"using":"xpath","value":"//table[contains(@id, \"listView-innerSelectionPanelTable-listUl\")]/tbody/tr[8]/td[2]/div/div"}
RESULT: {}
RESULT: {"using":"xpath","value":"//table[contains(@id, \"listView-innerSelectionPanelTable-listUl\")]/tbody/tr[8]/td[2]/div/div"}
COMMAND: POST /session/2c3e5cc3018601d52a1ae1747f5b8299/element - {"using":"xpath","value":"//table[contains(@id, \"listView-innerSelectionPanelTable-listUl\")]/tbody/tr[8]/td[2]/div"}
RESULT: {"using":"xpath","value":"//table[contains(@id, \"listView-innerSelectionPanelTable-listUl\")]/tbody/tr[8]/td[2]/div"}
COMMAND: POST /session/2c3e5cc3018601d52a1ae1747f5b8299/element - {"using":"xpath","value":"//table[contains(@id, \"listView-innerSelectionPanelTable-listUl\")]/tbody/tr[8]/td[3]/div/div/span/span[1]/bdi"}
RESULT: {"using":"xpath","value":"//table[contains(@id, \"listView-innerSelectionPanelTable-listUl\")]/tbody/tr[8]/td[3]/div/div/span/span[1]/bdi"}
COMMAND: POST /session/2c3e5cc3018601d52a1ae1747f5b8299/execute/sync - {"script":"<script> [56 bytes]","args":[{"element-6066-11e4-a52e-4f735466cecf":"f.37FD799F3153CD067689FB9668CC9BBA.d.54ED6B640F8569D7B79F78E6FF261179.e.6907","ELEMENT":"f.37FD799F3153CD067689FB9668CC9BBA.d.54ED6B640F8569D7B79F78E6FF261179.e.6907"}]}
RESULT: {"script":"<script> [56 bytes]","args":[{"element-6066-11e4-a52e-4f735466cecf":"f.37FD799F3153CD067689FB9668CC9BBA.d.54ED6B640F8569D7B79F78E6FF261179.e.6907","ELEMENT":"f.37FD799F3153CD067689FB9668CC9BBA.d.54ED6B640F8569D7B79F78E6FF261179.e.6907"}]}
COMMAND: GET /session/2c3e5cc3018601d52a1ae1747f5b8299/element/f.37FD799F3153CD067689FB9668CC9BBA.d.54ED6B640F8569D7B79F78E6FF261179.e.6906/attribute/aria-checked - {}
COMMAND: GET /session/2c3e5cc3018601d52a1ae1747f5b8299/screenshot - {}
RESULT: {}
COMMAND: POST /session/2c3e5cc3018601d52a1ae1747f5b8299/element - {"using":"xpath","value":"//table[contains(@id, \"listView-innerSelectionPanelTable-listUl\")]/tbody/tr[9]/td[2]/div/div"}
RESULT: {}
RESULT: {"using":"xpath","value":"//table[contains(@id, \"listView-innerSelectionPanelTable-listUl\")]/tbody/tr[9]/td[2]/div/div"}
COMMAND: POST /session/2c3e5cc3018601d52a1ae1747f5b8299/element - {"using":"xpath","value":"//table[contains(@id, \"listView-innerSelectionPanelTable-listUl\")]/tbody/tr[9]/td[2]/div"}
RESULT: {"using":"xpath","value":"//table[contains(@id, \"listView-innerSelectionPanelTable-listUl\")]/tbody/tr[9]/td[2]/div"}
COMMAND: POST /session/2c3e5cc3018601d52a1ae1747f5b8299/element - {"using":"xpath","value":"//table[contains(@id, \"listView-innerSelectionPanelTable-listUl\")]/tbody/tr[9]/td[3]/div/div/span/span[1]/bdi"}
RESULT: {"using":"xpath","value":"//table[contains(@id, \"listView-innerSelectionPanelTable-listUl\")]/tbody/tr[9]/td[3]/div/div/span/span[1]/bdi"}
COMMAND: POST /session/2c3e5cc3018601d52a1ae1747f5b8299/execute/sync - {"script":"<script> [56 bytes]","args":[{"element-6066-11e4-a52e-4f735466cecf":"f.37FD799F3153CD067689FB9668CC9BBA.d.54ED6B640F8569D7B79F78E6FF261179.e.6910","ELEMENT":"f.37FD799F3153CD067689FB9668CC9BBA.d.54ED6B640F8569D7B79F78E6FF261179.e.6910"}]}
RESULT: {"script":"<script> [56 bytes]","args":[{"element-6066-11e4-a52e-4f735466cecf":"f.37FD799F3153CD067689FB9668CC9BBA.d.54ED6B640F8569D7B79F78E6FF261179.e.6910","ELEMENT":"f.37FD799F3153CD067689FB9668CC9BBA.d.54ED6B640F8569D7B79F78E6FF261179.e.6910"}]}
COMMAND: GET /session/2c3e5cc3018601d52a1ae1747f5b8299/element/f.37FD799F3153CD067689FB9668CC9BBA.d.54ED6B640F8569D7B79F78E6FF261179.e.6909/attribute/aria-checked - {}
COMMAND: GET /session/2c3e5cc3018601d52a1ae1747f5b8299/screenshot - {}
RESULT: {}
COMMAND: POST /session/2c3e5cc3018601d52a1ae1747f5b8299/element - {"using":"xpath","value":"//table[contains(@id, \"listView-innerSelectionPanelTable-listUl\")]/tbody/tr[10]/td[2]/div/div"}
RESULT: {}
RESULT: {"using":"xpath","value":"//table[contains(@id, \"listView-innerSelectionPanelTable-listUl\")]/tbody/tr[10]/td[2]/div/div"}
COMMAND: POST /session/2c3e5cc3018601d52a1ae1747f5b8299/element - {"using":"xpath","value":"//table[contains(@id, \"listView-innerSelectionPanelTable-listUl\")]/tbody/tr[10]/td[2]/div"}
RESULT: {"using":"xpath","value":"//table[contains(@id, \"listView-innerSelectionPanelTable-listUl\")]/tbody/tr[10]/td[2]/div"}
COMMAND: POST /session/2c3e5cc3018601d52a1ae1747f5b8299/element - {"using":"xpath","value":"//table[contains(@id, \"listView-innerSelectionPanelTable-listUl\")]/tbody/tr[10]/td[3]/div/div/span/span[1]/bdi"}
RESULT: {"using":"xpath","value":"//table[contains(@id, \"listView-innerSelectionPanelTable-listUl\")]/tbody/tr[10]/td[3]/div/div/span/span[1]/bdi"}
COMMAND: POST /session/2c3e5cc3018601d52a1ae1747f5b8299/execute/sync - {"script":"<script> [56 bytes]","args":[{"element-6066-11e4-a52e-4f735466cecf":"f.37FD799F3153CD067689FB9668CC9BBA.d.54ED6B640F8569D7B79F78E6FF261179.e.6913","ELEMENT":"f.37FD799F3153CD067689FB9668CC9BBA.d.54ED6B640F8569D7B79F78E6FF261179.e.6913"}]}
RESULT: {"script":"<script> [56 bytes]","args":[{"element-6066-11e4-a52e-4f735466cecf":"f.37FD799F3153CD067689FB9668CC9BBA.d.54ED6B640F8569D7B79F78E6FF261179.e.6913","ELEMENT":"f.37FD799F3153CD067689FB9668CC9BBA.d.54ED6B640F8569D7B79F78E6FF261179.e.6913"}]}
COMMAND: GET /session/2c3e5cc3018601d52a1ae1747f5b8299/element/f.37FD799F3153CD067689FB9668CC9BBA.d.54ED6B640F8569D7B79F78E6FF261179.e.6912/attribute/aria-checked - {}
COMMAND: GET /session/2c3e5cc3018601d52a1ae1747f5b8299/screenshot - {}
RESULT: {}
COMMAND: POST /session/2c3e5cc3018601d52a1ae1747f5b8299/element - {"using":"xpath","value":"//table[contains(@id, \"listView-innerSelectionPanelTable-listUl\")]/tbody/tr[11]/td[2]/div/div"}
RESULT: {}
RESULT: {"using":"xpath","value":"//table[contains(@id, \"listView-innerSelectionPanelTable-listUl\")]/tbody/tr[11]/td[2]/div/div"}
COMMAND: POST /session/2c3e5cc3018601d52a1ae1747f5b8299/element - {"using":"xpath","value":"//table[contains(@id, \"listView-innerSelectionPanelTable-listUl\")]/tbody/tr[11]/td[2]/div"}
RESULT: {"using":"xpath","value":"//table[contains(@id, \"listView-innerSelectionPanelTable-listUl\")]/tbody/tr[11]/td[2]/div"}
COMMAND: POST /session/2c3e5cc3018601d52a1ae1747f5b8299/element - {"using":"xpath","value":"//table[contains(@id, \"listView-innerSelectionPanelTable-listUl\")]/tbody/tr[11]/td[3]/div/div/span/span[1]/bdi"}
RESULT: {"using":"xpath","value":"//table[contains(@id, \"listView-innerSelectionPanelTable-listUl\")]/tbody/tr[11]/td[3]/div/div/span/span[1]/bdi"}
COMMAND: POST /session/2c3e5cc3018601d52a1ae1747f5b8299/execute/sync - {"script":"<script> [56 bytes]","args":[{"element-6066-11e4-a52e-4f735466cecf":"f.37FD799F3153CD067689FB9668CC9BBA.d.54ED6B640F8569D7B79F78E6FF261179.e.6916","ELEMENT":"f.37FD799F3153CD067689FB9668CC9BBA.d.54ED6B640F8569D7B79F78E6FF261179.e.6916"}]}
RESULT: {"script":"<script> [56 bytes]","args":[{"element-6066-11e4-a52e-4f735466cecf":"f.37FD799F3153CD067689FB9668CC9BBA.d.54ED6B640F8569D7B79F78E6FF261179.e.6916","ELEMENT":"f.37FD799F3153CD067689FB9668CC9BBA.d.54ED6B640F8569D7B79F78E6FF261179.e.6916"}]}
COMMAND: GET /session/2c3e5cc3018601d52a1ae1747f5b8299/element/f.37FD799F3153CD067689FB9668CC9BBA.d.54ED6B640F8569D7B79F78E6FF261179.e.6915/attribute/aria-checked - {}
COMMAND: GET /session/2c3e5cc3018601d52a1ae1747f5b8299/screenshot - {}
RESULT: {}
COMMAND: POST /session/2c3e5cc3018601d52a1ae1747f5b8299/element - {"using":"xpath","value":"//table[contains(@id, \"listView-innerSelectionPanelTable-listUl\")]/tbody/tr[12]/td[2]/div/div"}
RESULT: {}
RESULT: {"using":"xpath","value":"//table[contains(@id, \"listView-innerSelectionPanelTable-listUl\")]/tbody/tr[12]/td[2]/div/div"}
COMMAND: POST /session/2c3e5cc3018601d52a1ae1747f5b8299/element - {"using":"xpath","value":"//table[contains(@id, \"listView-innerSelectionPanelTable-listUl\")]/tbody/tr[12]/td[2]/div"}
RESULT: {"using":"xpath","value":"//table[contains(@id, \"listView-innerSelectionPanelTable-listUl\")]/tbody/tr[12]/td[2]/div"}
COMMAND: POST /session/2c3e5cc3018601d52a1ae1747f5b8299/element - {"using":"xpath","value":"//table[contains(@id, \"listView-innerSelectionPanelTable-listUl\")]/tbody/tr[12]/td[3]/div/div/span/span[1]/bdi"}
RESULT: {"using":"xpath","value":"//table[contains(@id, \"listView-innerSelectionPanelTable-listUl\")]/tbody/tr[12]/td[3]/div/div/span/span[1]/bdi"}
COMMAND: POST /session/2c3e5cc3018601d52a1ae1747f5b8299/execute/sync - {"script":"<script> [56 bytes]","args":[{"element-6066-11e4-a52e-4f735466cecf":"f.37FD799F3153CD067689FB9668CC9BBA.d.54ED6B640F8569D7B79F78E6FF261179.e.6919","ELEMENT":"f.37FD799F3153CD067689FB9668CC9BBA.d.54ED6B640F8569D7B79F78E6FF261179.e.6919"}]}
RESULT: {"script":"<script> [56 bytes]","args":[{"element-6066-11e4-a52e-4f735466cecf":"f.37FD799F3153CD067689FB9668CC9BBA.d.54ED6B640F8569D7B79F78E6FF261179.e.6919","ELEMENT":"f.37FD799F3153CD067689FB9668CC9BBA.d.54ED6B640F8569D7B79F78E6FF261179.e.6919"}]}
COMMAND: GET /session/2c3e5cc3018601d52a1ae1747f5b8299/element/f.37FD799F3153CD067689FB9668CC9BBA.d.54ED6B640F8569D7B79F78E6FF261179.e.6918/attribute/aria-checked - {}
COMMAND: GET /session/2c3e5cc3018601d52a1ae1747f5b8299/screenshot - {}
RESULT: {}
COMMAND: POST /session/2c3e5cc3018601d52a1ae1747f5b8299/element - {"using":"xpath","value":"//table[contains(@id, \"listView-innerSelectionPanelTable-listUl\")]/tbody/tr[13]/td[2]/div/div"}
RESULT: {}
RESULT: {"using":"xpath","value":"//table[contains(@id, \"listView-innerSelectionPanelTable-listUl\")]/tbody/tr[13]/td[2]/div/div"}
COMMAND: POST /session/2c3e5cc3018601d52a1ae1747f5b8299/element - {"using":"xpath","value":"//table[contains(@id, \"listView-innerSelectionPanelTable-listUl\")]/tbody/tr[13]/td[2]/div"}
RESULT: {"using":"xpath","value":"//table[contains(@id, \"listView-innerSelectionPanelTable-listUl\")]/tbody/tr[13]/td[2]/div"}
COMMAND: POST /session/2c3e5cc3018601d52a1ae1747f5b8299/element - {"using":"xpath","value":"//table[contains(@id, \"listView-innerSelectionPanelTable-listUl\")]/tbody/tr[13]/td[3]/div/div/span/span[1]/bdi"}
RESULT: {"using":"xpath","value":"//table[contains(@id, \"listView-innerSelectionPanelTable-listUl\")]/tbody/tr[13]/td[3]/div/div/span/span[1]/bdi"}
COMMAND: POST /session/2c3e5cc3018601d52a1ae1747f5b8299/execute/sync - {"script":"<script> [56 bytes]","args":[{"element-6066-11e4-a52e-4f735466cecf":"f.37FD799F3153CD067689FB9668CC9BBA.d.54ED6B640F8569D7B79F78E6FF261179.e.6922","ELEMENT":"f.37FD799F3153CD067689FB9668CC9BBA.d.54ED6B640F8569D7B79F78E6FF261179.e.6922"}]}
RESULT: {"script":"<script> [56 bytes]","args":[{"element-6066-11e4-a52e-4f735466cecf":"f.37FD799F3153CD067689FB9668CC9BBA.d.54ED6B640F8569D7B79F78E6FF261179.e.6922","ELEMENT":"f.37FD799F3153CD067689FB9668CC9BBA.d.54ED6B640F8569D7B79F78E6FF261179.e.6922"}]}
COMMAND: GET /session/2c3e5cc3018601d52a1ae1747f5b8299/element/f.37FD799F3153CD067689FB9668CC9BBA.d.54ED6B640F8569D7B79F78E6FF261179.e.6921/attribute/aria-checked - {}
COMMAND: GET /session/2c3e5cc3018601d52a1ae1747f5b8299/screenshot - {}
RESULT: {}
COMMAND: POST /session/2c3e5cc3018601d52a1ae1747f5b8299/element - {"using":"xpath","value":"//table[contains(@id, \"listView-innerSelectionPanelTable-listUl\")]/tbody/tr[14]/td[2]/div/div"}
COMMAND: POST /session/2c3e5cc3018601d52a1ae1747f5b8299/element/f.37FD799F3153CD067689FB9668CC9BBA.d.54ED6B640F8569D7B79F78E6FF261179.e.6920/click - {}
RESULT: {}
RESULT: {"using":"xpath","value":"//table[contains(@id, \"listView-innerSelectionPanelTable-listUl\")]/tbody/tr[14]/td[2]/div/div"}
COMMAND: POST /session/2c3e5cc3018601d52a1ae1747f5b8299/element - {"using":"xpath","value":"//table[contains(@id, \"listView-innerSelectionPanelTable-listUl\")]/tbody/tr[14]/td[2]/div"}
RESULT: {}
COMMAND: GET /session/2c3e5cc3018601d52a1ae1747f5b8299/screenshot - {}
RESULT: {"using":"xpath","value":"//table[contains(@id, \"listView-innerSelectionPanelTable-listUl\")]/tbody/tr[14]/td[2]/div"}
COMMAND: POST /session/2c3e5cc3018601d52a1ae1747f5b8299/element - {"using":"xpath","value":"//table[contains(@id, \"listView-innerSelectionPanelTable-listUl\")]/tbody/tr[14]/td[3]/div/div/span/span[1]/bdi"}
RESULT: {}
RESULT: {"using":"xpath","value":"//table[contains(@id, \"listView-innerSelectionPanelTable-listUl\")]/tbody/tr[14]/td[3]/div/div/span/span[1]/bdi"}
COMMAND: POST /session/2c3e5cc3018601d52a1ae1747f5b8299/execute/sync - {"script":"<script> [56 bytes]","args":[{"element-6066-11e4-a52e-4f735466cecf":"f.37FD799F3153CD067689FB9668CC9BBA.d.54ED6B640F8569D7B79F78E6FF261179.e.6926","ELEMENT":"f.37FD799F3153CD067689FB9668CC9BBA.d.54ED6B640F8569D7B79F78E6FF261179.e.6926"}]}
RESULT: {"script":"<script> [56 bytes]","args":[{"element-6066-11e4-a52e-4f735466cecf":"f.37FD799F3153CD067689FB9668CC9BBA.d.54ED6B640F8569D7B79F78E6FF261179.e.6926","ELEMENT":"f.37FD799F3153CD067689FB9668CC9BBA.d.54ED6B640F8569D7B79F78E6FF261179.e.6926"}]}
COMMAND: GET /session/2c3e5cc3018601d52a1ae1747f5b8299/element/f.37FD799F3153CD067689FB9668CC9BBA.d.54ED6B640F8569D7B79F78E6FF261179.e.6925/attribute/aria-checked - {}
COMMAND: GET /session/2c3e5cc3018601d52a1ae1747f5b8299/screenshot - {}
RESULT: {}
COMMAND: POST /session/2c3e5cc3018601d52a1ae1747f5b8299/element - {"using":"xpath","value":"//table[contains(@id, \"listView-innerSelectionPanelTable-listUl\")]/tbody/tr[15]/td[2]/div/div"}
RESULT: {}
RESULT: {"using":"xpath","value":"//table[contains(@id, \"listView-innerSelectionPanelTable-listUl\")]/tbody/tr[15]/td[2]/div/div"}
COMMAND: POST /session/2c3e5cc3018601d52a1ae1747f5b8299/element - {"using":"xpath","value":"//table[contains(@id, \"listView-innerSelectionPanelTable-listUl\")]/tbody/tr[15]/td[2]/div"}
RESULT: {"using":"xpath","value":"//table[contains(@id, \"listView-innerSelectionPanelTable-listUl\")]/tbody/tr[15]/td[2]/div"}
COMMAND: POST /session/2c3e5cc3018601d52a1ae1747f5b8299/element - {"using":"xpath","value":"//table[contains(@id, \"listView-innerSelectionPanelTable-listUl\")]/tbody/tr[15]/td[3]/div/div/span/span[1]/bdi"}
RESULT: {"using":"xpath","value":"//table[contains(@id, \"listView-innerSelectionPanelTable-listUl\")]/tbody/tr[15]/td[3]/div/div/span/span[1]/bdi"}
COMMAND: POST /session/2c3e5cc3018601d52a1ae1747f5b8299/execute/sync - {"script":"<script> [56 bytes]","args":[{"element-6066-11e4-a52e-4f735466cecf":"f.37FD799F3153CD067689FB9668CC9BBA.d.54ED6B640F8569D7B79F78E6FF261179.e.6929","ELEMENT":"f.37FD799F3153CD067689FB9668CC9BBA.d.54ED6B640F8569D7B79F78E6FF261179.e.6929"}]}
RESULT: {"script":"<script> [56 bytes]","args":[{"element-6066-11e4-a52e-4f735466cecf":"f.37FD799F3153CD067689FB9668CC9BBA.d.54ED6B640F8569D7B79F78E6FF261179.e.6929","ELEMENT":"f.37FD799F3153CD067689FB9668CC9BBA.d.54ED6B640F8569D7B79F78E6FF261179.e.6929"}]}
COMMAND: GET /session/2c3e5cc3018601d52a1ae1747f5b8299/element/f.37FD799F3153CD067689FB9668CC9BBA.d.54ED6B640F8569D7B79F78E6FF261179.e.6928/attribute/aria-checked - {}
COMMAND: GET /session/2c3e5cc3018601d52a1ae1747f5b8299/screenshot - {}
RESULT: {}
COMMAND: POST /session/2c3e5cc3018601d52a1ae1747f5b8299/element - {"using":"xpath","value":"//table[contains(@id, \"listView-innerSelectionPanelTable-listUl\")]/tbody/tr[16]/td[2]/div/div"}
RESULT: {}
RESULT: {"using":"xpath","value":"//table[contains(@id, \"listView-innerSelectionPanelTable-listUl\")]/tbody/tr[16]/td[2]/div/div"}
COMMAND: POST /session/2c3e5cc3018601d52a1ae1747f5b8299/element - {"using":"xpath","value":"//table[contains(@id, \"listView-innerSelectionPanelTable-listUl\")]/tbody/tr[16]/td[2]/div"}
RESULT: {"using":"xpath","value":"//table[contains(@id, \"listView-innerSelectionPanelTable-listUl\")]/tbody/tr[16]/td[2]/div"}
COMMAND: POST /session/2c3e5cc3018601d52a1ae1747f5b8299/element - {"using":"xpath","value":"//table[contains(@id, \"listView-innerSelectionPanelTable-listUl\")]/tbody/tr[16]/td[3]/div/div/span/span[1]/bdi"}
RESULT: {"using":"xpath","value":"//table[contains(@id, \"listView-innerSelectionPanelTable-listUl\")]/tbody/tr[16]/td[3]/div/div/span/span[1]/bdi"}
COMMAND: POST /session/2c3e5cc3018601d52a1ae1747f5b8299/execute/sync - {"script":"<script> [56 bytes]","args":[{"element-6066-11e4-a52e-4f735466cecf":"f.37FD799F3153CD067689FB9668CC9BBA.d.54ED6B640F8569D7B79F78E6FF261179.e.6932","ELEMENT":"f.37FD799F3153CD067689FB9668CC9BBA.d.54ED6B640F8569D7B79F78E6FF261179.e.6932"}]}
RESULT: {"script":"<script> [56 bytes]","args":[{"element-6066-11e4-a52e-4f735466cecf":"f.37FD799F3153CD067689FB9668CC9BBA.d.54ED6B640F8569D7B79F78E6FF261179.e.6932","ELEMENT":"f.37FD799F3153CD067689FB9668CC9BBA.d.54ED6B640F8569D7B79F78E6FF261179.e.6932"}]}
COMMAND: GET /session/2c3e5cc3018601d52a1ae1747f5b8299/element/f.37FD799F3153CD067689FB9668CC9BBA.d.54ED6B640F8569D7B79F78E6FF261179.e.6931/attribute/aria-checked - {}
COMMAND: GET /session/2c3e5cc3018601d52a1ae1747f5b8299/screenshot - {}
RESULT: {}
COMMAND: POST /session/2c3e5cc3018601d52a1ae1747f5b8299/element - {"using":"xpath","value":"//table[contains(@id, \"listView-innerSelectionPanelTable-listUl\")]/tbody/tr[17]/td[2]/div/div"}
RESULT: {}
RESULT: {"using":"xpath","value":"//table[contains(@id, \"listView-innerSelectionPanelTable-listUl\")]/tbody/tr[17]/td[2]/div/div"}
COMMAND: POST /session/2c3e5cc3018601d52a1ae1747f5b8299/element - {"using":"xpath","value":"//table[contains(@id, \"listView-innerSelectionPanelTable-listUl\")]/tbody/tr[17]/td[2]/div"}
RESULT: {"using":"xpath","value":"//table[contains(@id, \"listView-innerSelectionPanelTable-listUl\")]/tbody/tr[17]/td[2]/div"}
COMMAND: POST /session/2c3e5cc3018601d52a1ae1747f5b8299/element - {"using":"xpath","value":"//table[contains(@id, \"listView-innerSelectionPanelTable-listUl\")]/tbody/tr[17]/td[3]/div/div/span/span[1]/bdi"}
RESULT: {"using":"xpath","value":"//table[contains(@id, \"listView-innerSelectionPanelTable-listUl\")]/tbody/tr[17]/td[3]/div/div/span/span[1]/bdi"}
COMMAND: POST /session/2c3e5cc3018601d52a1ae1747f5b8299/execute/sync - {"script":"<script> [56 bytes]","args":[{"element-6066-11e4-a52e-4f735466cecf":"f.37FD799F3153CD067689FB9668CC9BBA.d.54ED6B640F8569D7B79F78E6FF261179.e.6935","ELEMENT":"f.37FD799F3153CD067689FB9668CC9BBA.d.54ED6B640F8569D7B79F78E6FF261179.e.6935"}]}
RESULT: {"script":"<script> [56 bytes]","args":[{"element-6066-11e4-a52e-4f735466cecf":"f.37FD799F3153CD067689FB9668CC9BBA.d.54ED6B640F8569D7B79F78E6FF261179.e.6935","ELEMENT":"f.37FD799F3153CD067689FB9668CC9BBA.d.54ED6B640F8569D7B79F78E6FF261179.e.6935"}]}
COMMAND: GET /session/2c3e5cc3018601d52a1ae1747f5b8299/element/f.37FD799F3153CD067689FB9668CC9BBA.d.54ED6B640F8569D7B79F78E6FF261179.e.6934/attribute/aria-checked - {}
COMMAND: GET /session/2c3e5cc3018601d52a1ae1747f5b8299/screenshot - {}
RESULT: {}
COMMAND: POST /session/2c3e5cc3018601d52a1ae1747f5b8299/element - {"using":"xpath","value":"//table[contains(@id, \"listView-innerSelectionPanelTable-listUl\")]/tbody/tr[18]/td[2]/div/div"}
RESULT: {}
RESULT: {"using":"xpath","value":"//table[contains(@id, \"listView-innerSelectionPanelTable-listUl\")]/tbody/tr[18]/td[2]/div/div"}
COMMAND: POST /session/2c3e5cc3018601d52a1ae1747f5b8299/element - {"using":"xpath","value":"//table[contains(@id, \"listView-innerSelectionPanelTable-listUl\")]/tbody/tr[18]/td[2]/div"}
RESULT: {"using":"xpath","value":"//table[contains(@id, \"listView-innerSelectionPanelTable-listUl\")]/tbody/tr[18]/td[2]/div"}
COMMAND: POST /session/2c3e5cc3018601d52a1ae1747f5b8299/element - {"using":"xpath","value":"//table[contains(@id, \"listView-innerSelectionPanelTable-listUl\")]/tbody/tr[18]/td[3]/div/div/span/span[1]/bdi"}
RESULT: {"using":"xpath","value":"//table[contains(@id, \"listView-innerSelectionPanelTable-listUl\")]/tbody/tr[18]/td[3]/div/div/span/span[1]/bdi"}
COMMAND: POST /session/2c3e5cc3018601d52a1ae1747f5b8299/execute/sync - {"script":"<script> [56 bytes]","args":[{"element-6066-11e4-a52e-4f735466cecf":"f.37FD799F3153CD067689FB9668CC9BBA.d.54ED6B640F8569D7B79F78E6FF261179.e.6938","ELEMENT":"f.37FD799F3153CD067689FB9668CC9BBA.d.54ED6B640F8569D7B79F78E6FF261179.e.6938"}]}
RESULT: {"script":"<script> [56 bytes]","args":[{"element-6066-11e4-a52e-4f735466cecf":"f.37FD799F3153CD067689FB9668CC9BBA.d.54ED6B640F8569D7B79F78E6FF261179.e.6938","ELEMENT":"f.37FD799F3153CD067689FB9668CC9BBA.d.54ED6B640F8569D7B79F78E6FF261179.e.6938"}]}
COMMAND: GET /session/2c3e5cc3018601d52a1ae1747f5b8299/element/f.37FD799F3153CD067689FB9668CC9BBA.d.54ED6B640F8569D7B79F78E6FF261179.e.6937/attribute/aria-checked - {}
COMMAND: GET /session/2c3e5cc3018601d52a1ae1747f5b8299/screenshot - {}
RESULT: {}
COMMAND: POST /session/2c3e5cc3018601d52a1ae1747f5b8299/element - {"using":"xpath","value":"//table[contains(@id, \"listView-innerSelectionPanelTable-listUl\")]/tbody/tr[19]/td[2]/div/div"}
RESULT: {}
RESULT: {"using":"xpath","value":"//table[contains(@id, \"listView-innerSelectionPanelTable-listUl\")]/tbody/tr[19]/td[2]/div/div"}
COMMAND: POST /session/2c3e5cc3018601d52a1ae1747f5b8299/element - {"using":"xpath","value":"//table[contains(@id, \"listView-innerSelectionPanelTable-listUl\")]/tbody/tr[19]/td[2]/div"}
RESULT: {"using":"xpath","value":"//table[contains(@id, \"listView-innerSelectionPanelTable-listUl\")]/tbody/tr[19]/td[2]/div"}
COMMAND: POST /session/2c3e5cc3018601d52a1ae1747f5b8299/element - {"using":"xpath","value":"//table[contains(@id, \"listView-innerSelectionPanelTable-listUl\")]/tbody/tr[19]/td[3]/div/div/span/span[1]/bdi"}
RESULT: {"using":"xpath","value":"//table[contains(@id, \"listView-innerSelectionPanelTable-listUl\")]/tbody/tr[19]/td[3]/div/div/span/span[1]/bdi"}
COMMAND: POST /session/2c3e5cc3018601d52a1ae1747f5b8299/execute/sync - {"script":"<script> [56 bytes]","args":[{"element-6066-11e4-a52e-4f735466cecf":"f.37FD799F3153CD067689FB9668CC9BBA.d.54ED6B640F8569D7B79F78E6FF261179.e.6941","ELEMENT":"f.37FD799F3153CD067689FB9668CC9BBA.d.54ED6B640F8569D7B79F78E6FF261179.e.6941"}]}
RESULT: {"script":"<script> [56 bytes]","args":[{"element-6066-11e4-a52e-4f735466cecf":"f.37FD799F3153CD067689FB9668CC9BBA.d.54ED6B640F8569D7B79F78E6FF261179.e.6941","ELEMENT":"f.37FD799F3153CD067689FB9668CC9BBA.d.54ED6B640F8569D7B79F78E6FF261179.e.6941"}]}
COMMAND: GET /session/2c3e5cc3018601d52a1ae1747f5b8299/element/f.37FD799F3153CD067689FB9668CC9BBA.d.54ED6B640F8569D7B79F78E6FF261179.e.6940/attribute/aria-checked - {}
COMMAND: GET /session/2c3e5cc3018601d52a1ae1747f5b8299/screenshot - {}
RESULT: {}
COMMAND: POST /session/2c3e5cc3018601d52a1ae1747f5b8299/element - {"using":"xpath","value":"//table[contains(@id, \"listView-innerSelectionPanelTable-listUl\")]/tbody/tr[20]/td[2]/div/div"}
RESULT: {}
RESULT: {"using":"xpath","value":"//table[contains(@id, \"listView-innerSelectionPanelTable-listUl\")]/tbody/tr[20]/td[2]/div/div"}
COMMAND: POST /session/2c3e5cc3018601d52a1ae1747f5b8299/element - {"using":"xpath","value":"//table[contains(@id, \"listView-innerSelectionPanelTable-listUl\")]/tbody/tr[20]/td[2]/div"}
RESULT: {"using":"xpath","value":"//table[contains(@id, \"listView-innerSelectionPanelTable-listUl\")]/tbody/tr[20]/td[2]/div"}
COMMAND: POST /session/2c3e5cc3018601d52a1ae1747f5b8299/element - {"using":"xpath","value":"//table[contains(@id, \"listView-innerSelectionPanelTable-listUl\")]/tbody/tr[20]/td[3]/div/div/span/span[1]/bdi"}
RESULT: {"using":"xpath","value":"//table[contains(@id, \"listView-innerSelectionPanelTable-listUl\")]/tbody/tr[20]/td[3]/div/div/span/span[1]/bdi"}
COMMAND: POST /session/2c3e5cc3018601d52a1ae1747f5b8299/execute/sync - {"script":"<script> [56 bytes]","args":[{"element-6066-11e4-a52e-4f735466cecf":"f.37FD799F3153CD067689FB9668CC9BBA.d.54ED6B640F8569D7B79F78E6FF261179.e.6944","ELEMENT":"f.37FD799F3153CD067689FB9668CC9BBA.d.54ED6B640F8569D7B79F78E6FF261179.e.6944"}]}
RESULT: {"script":"<script> [56 bytes]","args":[{"element-6066-11e4-a52e-4f735466cecf":"f.37FD799F3153CD067689FB9668CC9BBA.d.54ED6B640F8569D7B79F78E6FF261179.e.6944","ELEMENT":"f.37FD799F3153CD067689FB9668CC9BBA.d.54ED6B640F8569D7B79F78E6FF261179.e.6944"}]}
COMMAND: GET /session/2c3e5cc3018601d52a1ae1747f5b8299/element/f.37FD799F3153CD067689FB9668CC9BBA.d.54ED6B640F8569D7B79F78E6FF261179.e.6943/attribute/aria-checked - {}
COMMAND: GET /session/2c3e5cc3018601d52a1ae1747f5b8299/screenshot - {}
RESULT: {}
COMMAND: POST /session/2c3e5cc3018601d52a1ae1747f5b8299/element - {"using":"xpath","value":"//table[contains(@id, \"listView-innerSelectionPanelTable-listUl\")]/tbody/tr[21]/td[2]/div/div"}
RESULT: {}
RESULT: {"using":"xpath","value":"//table[contains(@id, \"listView-innerSelectionPanelTable-listUl\")]/tbody/tr[21]/td[2]/div/div"}
COMMAND: POST /session/2c3e5cc3018601d52a1ae1747f5b8299/element - {"using":"xpath","value":"//table[contains(@id, \"listView-innerSelectionPanelTable-listUl\")]/tbody/tr[21]/td[2]/div"}
RESULT: {"using":"xpath","value":"//table[contains(@id, \"listView-innerSelectionPanelTable-listUl\")]/tbody/tr[21]/td[2]/div"}
COMMAND: POST /session/2c3e5cc3018601d52a1ae1747f5b8299/element - {"using":"xpath","value":"//table[contains(@id, \"listView-innerSelectionPanelTable-listUl\")]/tbody/tr[21]/td[3]/div/div/span/span[1]/bdi"}
RESULT: {"using":"xpath","value":"//table[contains(@id, \"listView-innerSelectionPanelTable-listUl\")]/tbody/tr[21]/td[3]/div/div/span/span[1]/bdi"}
COMMAND: POST /session/2c3e5cc3018601d52a1ae1747f5b8299/execute/sync - {"script":"<script> [56 bytes]","args":[{"element-6066-11e4-a52e-4f735466cecf":"f.37FD799F3153CD067689FB9668CC9BBA.d.54ED6B640F8569D7B79F78E6FF261179.e.6947","ELEMENT":"f.37FD799F3153CD067689FB9668CC9BBA.d.54ED6B640F8569D7B79F78E6FF261179.e.6947"}]}
RESULT: {"script":"<script> [56 bytes]","args":[{"element-6066-11e4-a52e-4f735466cecf":"f.37FD799F3153CD067689FB9668CC9BBA.d.54ED6B640F8569D7B79F78E6FF261179.e.6947","ELEMENT":"f.37FD799F3153CD067689FB9668CC9BBA.d.54ED6B640F8569D7B79F78E6FF261179.e.6947"}]}
COMMAND: GET /session/2c3e5cc3018601d52a1ae1747f5b8299/element/f.37FD799F3153CD067689FB9668CC9BBA.d.54ED6B640F8569D7B79F78E6FF261179.e.6946/attribute/aria-checked - {}
COMMAND: GET /session/2c3e5cc3018601d52a1ae1747f5b8299/screenshot - {}
RESULT: {}
COMMAND: POST /session/2c3e5cc3018601d52a1ae1747f5b8299/element - {"using":"xpath","value":"//table[contains(@id, \"listView-innerSelectionPanelTable-listUl\")]/tbody/tr[22]/td[2]/div/div"}
RESULT: {}
RESULT: {"using":"xpath","value":"//table[contains(@id, \"listView-innerSelectionPanelTable-listUl\")]/tbody/tr[22]/td[2]/div/div"}
COMMAND: POST /session/2c3e5cc3018601d52a1ae1747f5b8299/element - {"using":"xpath","value":"//table[contains(@id, \"listView-innerSelectionPanelTable-listUl\")]/tbody/tr[22]/td[2]/div"}
RESULT: {"using":"xpath","value":"//table[contains(@id, \"listView-innerSelectionPanelTable-listUl\")]/tbody/tr[22]/td[2]/div"}
COMMAND: POST /session/2c3e5cc3018601d52a1ae1747f5b8299/element - {"using":"xpath","value":"//table[contains(@id, \"listView-innerSelectionPanelTable-listUl\")]/tbody/tr[22]/td[3]/div/div/span/span[1]/bdi"}
RESULT: {"using":"xpath","value":"//table[contains(@id, \"listView-innerSelectionPanelTable-listUl\")]/tbody/tr[22]/td[3]/div/div/span/span[1]/bdi"}
COMMAND: POST /session/2c3e5cc3018601d52a1ae1747f5b8299/execute/sync - {"script":"<script> [56 bytes]","args":[{"element-6066-11e4-a52e-4f735466cecf":"f.37FD799F3153CD067689FB9668CC9BBA.d.54ED6B640F8569D7B79F78E6FF261179.e.6950","ELEMENT":"f.37FD799F3153CD067689FB9668CC9BBA.d.54ED6B640F8569D7B79F78E6FF261179.e.6950"}]}
RESULT: {"script":"<script> [56 bytes]","args":[{"element-6066-11e4-a52e-4f735466cecf":"f.37FD799F3153CD067689FB9668CC9BBA.d.54ED6B640F8569D7B79F78E6FF261179.e.6950","ELEMENT":"f.37FD799F3153CD067689FB9668CC9BBA.d.54ED6B640F8569D7B79F78E6FF261179.e.6950"}]}
COMMAND: GET /session/2c3e5cc3018601d52a1ae1747f5b8299/element/f.37FD799F3153CD067689FB9668CC9BBA.d.54ED6B640F8569D7B79F78E6FF261179.e.6949/attribute/aria-checked - {}
COMMAND: GET /session/2c3e5cc3018601d52a1ae1747f5b8299/screenshot - {}
RESULT: {}
COMMAND: POST /session/2c3e5cc3018601d52a1ae1747f5b8299/element - {"using":"xpath","value":"//table[contains(@id, \"listView-innerSelectionPanelTable-listUl\")]/tbody/tr[23]/td[2]/div/div"}
RESULT: {}
RESULT: {"using":"xpath","value":"//table[contains(@id, \"listView-innerSelectionPanelTable-listUl\")]/tbody/tr[23]/td[2]/div/div"}
COMMAND: POST /session/2c3e5cc3018601d52a1ae1747f5b8299/element - {"using":"xpath","value":"//table[contains(@id, \"listView-innerSelectionPanelTable-listUl\")]/tbody/tr[23]/td[2]/div"}
RESULT: {"using":"xpath","value":"//table[contains(@id, \"listView-innerSelectionPanelTable-listUl\")]/tbody/tr[23]/td[2]/div"}
COMMAND: POST /session/2c3e5cc3018601d52a1ae1747f5b8299/element - {"using":"xpath","value":"//table[contains(@id, \"listView-innerSelectionPanelTable-listUl\")]/tbody/tr[23]/td[3]/div/div/span/span[1]/bdi"}
RESULT: {"using":"xpath","value":"//table[contains(@id, \"listView-innerSelectionPanelTable-listUl\")]/tbody/tr[23]/td[3]/div/div/span/span[1]/bdi"}
COMMAND: POST /session/2c3e5cc3018601d52a1ae1747f5b8299/execute/sync - {"script":"<script> [56 bytes]","args":[{"element-6066-11e4-a52e-4f735466cecf":"f.37FD799F3153CD067689FB9668CC9BBA.d.54ED6B640F8569D7B79F78E6FF261179.e.6953","ELEMENT":"f.37FD799F3153CD067689FB9668CC9BBA.d.54ED6B640F8569D7B79F78E6FF261179.e.6953"}]}
RESULT: {"script":"<script> [56 bytes]","args":[{"element-6066-11e4-a52e-4f735466cecf":"f.37FD799F3153CD067689FB9668CC9BBA.d.54ED6B640F8569D7B79F78E6FF261179.e.6953","ELEMENT":"f.37FD799F3153CD067689FB9668CC9BBA.d.54ED6B640F8569D7B79F78E6FF261179.e.6953"}]}
COMMAND: GET /session/2c3e5cc3018601d52a1ae1747f5b8299/element/f.37FD799F3153CD067689FB9668CC9BBA.d.54ED6B640F8569D7B79F78E6FF261179.e.6952/attribute/aria-checked - {}
COMMAND: GET /session/2c3e5cc3018601d52a1ae1747f5b8299/screenshot - {}
RESULT: {}
COMMAND: POST /session/2c3e5cc3018601d52a1ae1747f5b8299/element - {"using":"xpath","value":"//table[contains(@id, \"listView-innerSelectionPanelTable-listUl\")]/tbody/tr[24]/td[2]/div/div"}
RESULT: {}
RESULT: {"using":"xpath","value":"//table[contains(@id, \"listView-innerSelectionPanelTable-listUl\")]/tbody/tr[24]/td[2]/div/div"}
COMMAND: POST /session/2c3e5cc3018601d52a1ae1747f5b8299/element - {"using":"xpath","value":"//table[contains(@id, \"listView-innerSelectionPanelTable-listUl\")]/tbody/tr[24]/td[2]/div"}
RESULT: {"using":"xpath","value":"//table[contains(@id, \"listView-innerSelectionPanelTable-listUl\")]/tbody/tr[24]/td[2]/div"}
COMMAND: POST /session/2c3e5cc3018601d52a1ae1747f5b8299/element - {"using":"xpath","value":"//table[contains(@id, \"listView-innerSelectionPanelTable-listUl\")]/tbody/tr[24]/td[3]/div/div/span/span[1]/bdi"}
RESULT: {"using":"xpath","value":"//table[contains(@id, \"listView-innerSelectionPanelTable-listUl\")]/tbody/tr[24]/td[3]/div/div/span/span[1]/bdi"}
COMMAND: POST /session/2c3e5cc3018601d52a1ae1747f5b8299/execute/sync - {"script":"<script> [56 bytes]","args":[{"element-6066-11e4-a52e-4f735466cecf":"f.37FD799F3153CD067689FB9668CC9BBA.d.54ED6B640F8569D7B79F78E6FF261179.e.6956","ELEMENT":"f.37FD799F3153CD067689FB9668CC9BBA.d.54ED6B640F8569D7B79F78E6FF261179.e.6956"}]}
RESULT: {"script":"<script> [56 bytes]","args":[{"element-6066-11e4-a52e-4f735466cecf":"f.37FD799F3153CD067689FB9668CC9BBA.d.54ED6B640F8569D7B79F78E6FF261179.e.6956","ELEMENT":"f.37FD799F3153CD067689FB9668CC9BBA.d.54ED6B640F8569D7B79F78E6FF261179.e.6956"}]}
COMMAND: GET /session/2c3e5cc3018601d52a1ae1747f5b8299/element/f.37FD799F3153CD067689FB9668CC9BBA.d.54ED6B640F8569D7B79F78E6FF261179.e.6955/attribute/aria-checked - {}
COMMAND: GET /session/2c3e5cc3018601d52a1ae1747f5b8299/screenshot - {}
RESULT: {}
COMMAND: POST /session/2c3e5cc3018601d52a1ae1747f5b8299/element - {"using":"xpath","value":"//table[contains(@id, \"listView-innerSelectionPanelTable-listUl\")]/tbody/tr[25]/td[2]/div/div"}
RESULT: {}
RESULT: {"using":"xpath","value":"//table[contains(@id, \"listView-innerSelectionPanelTable-listUl\")]/tbody/tr[25]/td[2]/div/div"}
COMMAND: POST /session/2c3e5cc3018601d52a1ae1747f5b8299/element - {"using":"xpath","value":"//table[contains(@id, \"listView-innerSelectionPanelTable-listUl\")]/tbody/tr[25]/td[2]/div"}
RESULT: {"using":"xpath","value":"//table[contains(@id, \"listView-innerSelectionPanelTable-listUl\")]/tbody/tr[25]/td[2]/div"}
COMMAND: POST /session/2c3e5cc3018601d52a1ae1747f5b8299/element - {"using":"xpath","value":"//table[contains(@id, \"listView-innerSelectionPanelTable-listUl\")]/tbody/tr[25]/td[3]/div/div/span/span[1]/bdi"}
RESULT: {"using":"xpath","value":"//table[contains(@id, \"listView-innerSelectionPanelTable-listUl\")]/tbody/tr[25]/td[3]/div/div/span/span[1]/bdi"}
COMMAND: POST /session/2c3e5cc3018601d52a1ae1747f5b8299/execute/sync - {"script":"<script> [56 bytes]","args":[{"element-6066-11e4-a52e-4f735466cecf":"f.37FD799F3153CD067689FB9668CC9BBA.d.54ED6B640F8569D7B79F78E6FF261179.e.6959","ELEMENT":"f.37FD799F3153CD067689FB9668CC9BBA.d.54ED6B640F8569D7B79F78E6FF261179.e.6959"}]}
RESULT: {"script":"<script> [56 bytes]","args":[{"element-6066-11e4-a52e-4f735466cecf":"f.37FD799F3153CD067689FB9668CC9BBA.d.54ED6B640F8569D7B79F78E6FF261179.e.6959","ELEMENT":"f.37FD799F3153CD067689FB9668CC9BBA.d.54ED6B640F8569D7B79F78E6FF261179.e.6959"}]}
COMMAND: GET /session/2c3e5cc3018601d52a1ae1747f5b8299/element/f.37FD799F3153CD067689FB9668CC9BBA.d.54ED6B640F8569D7B79F78E6FF261179.e.6958/attribute/aria-checked - {}
COMMAND: GET /session/2c3e5cc3018601d52a1ae1747f5b8299/screenshot - {}
RESULT: {}
COMMAND: POST /session/2c3e5cc3018601d52a1ae1747f5b8299/element - {"using":"xpath","value":"//bdi[contains(text(), \"OK\")]"}
RESULT: {}
RESULT: {"using":"xpath","value":"//bdi[contains(text(), \"OK\")]"}
COMMAND: POST /session/2c3e5cc3018601d52a1ae1747f5b8299/element/f.37FD799F3153CD067689FB9668CC9BBA.d.54ED6B640F8569D7B79F78E6FF261179.e.6960/click - {}
RESULT: {}
COMMAND: GET /session/2c3e5cc3018601d52a1ae1747f5b8299/screenshot - {}
RESULT: {}
COMMAND: POST /session/2c3e5cc3018601d52a1ae1747f5b8299/execute/async - {"script":"<script> [1562 bytes]","args":[{"selector":{"id":"application-managepartners-display-component---masterPtm--smartFilterBar-filterItemControlA_-LINK_TO_ADDRESSES_MAIN.CITY1-vhi"},"wdio_ui5_key":"applicationmanagepartners-display-component---masterPtm--smartFilterBar-filterItemControlA_-LINK_TO_ADDRESSES_MAIN.CITY1-vhi"}]}
RESULT: {"script":"<script> [1562 bytes]","args":[{"selector":{"id":"application-managepartners-display-component---masterPtm--smartFilterBar-filterItemControlA_-LINK_TO_ADDRESSES_MAIN.CITY1-vhi"},"wdio_ui5_key":"applicationmanagepartners-display-component---masterPtm--smartFilterBar-filterItemControlA_-LINK_TO_ADDRESSES_MAIN.CITY1-vhi"}]}
RESULT: undefined
COMMAND: POST /session/2c3e5cc3018601d52a1ae1747f5b8299/element - {"using":"xpath","value":"//*[@id=\"application-managepartners-display-component---masterPtm--smartFilterBar-filterItemControlA_-LINK_TO_ADDRESSES_MAIN.CITY1-vhi\"]"}
RESULT: {"using":"xpath","value":"//*[@id=\"application-managepartners-display-component---masterPtm--smartFilterBar-filterItemControlA_-LINK_TO_ADDRESSES_MAIN.CITY1-vhi\"]"}
COMMAND: POST /session/2c3e5cc3018601d52a1ae1747f5b8299/element/f.37FD799F3153CD067689FB9668CC9BBA.d.54ED6B640F8569D7B79F78E6FF261179.e.6974/click - {}
RESULT: {}
COMMAND: GET /session/2c3e5cc3018601d52a1ae1747f5b8299/screenshot - {}
RESULT: {}
COMMAND: POST /session/2c3e5cc3018601d52a1ae1747f5b8299/execute/async - {"script":"<script> [1562 bytes]","args":[{"selector":{"controlType":"sap.m.Input","viewName":"etm.portal.ui.managepartners.view.Master","viewId":"application-managepartners-display-component---masterPtm","properties":{"valueState":"None"},"searchOpenDialogs":true,"interaction":{"idSuffix":"inner"}},"wdio_ui5_key":"etmportal.ui.managepartners.view.Mastersap.m.Input{\"valueState\":\"None\"}"}]}
RESULT: {"script":"<script> [1562 bytes]","args":[{"selector":{"controlType":"sap.m.Input","viewName":"etm.portal.ui.managepartners.view.Master","viewId":"application-managepartners-display-component---masterPtm","properties":{"valueState":"None"},"searchOpenDialogs":true,"interaction":{"idSuffix":"inner"}},"wdio_ui5_key":"etmportal.ui.managepartners.view.Mastersap.m.Input{\"valueState\":\"None\"}"}]}
RESULT: undefined
COMMAND: POST /session/2c3e5cc3018601d52a1ae1747f5b8299/execute/async - {"script":"<script> [776 bytes]","args":[{"enterText":"Bucure","selector":{"controlType":"sap.m.Input","viewName":"etm.portal.ui.managepartners.view.Master","viewId":"application-managepartners-display-component---masterPtm","properties":{"valueState":"None"},"searchOpenDialogs":true,"interaction":{"idSuffix":"inner"}},"clearTextFirst":true,"interactionType":"ENTER_TEXT"}]}
RESULT: {"script":"<script> [776 bytes]","args":[{"enterText":"Bucure","selector":{"controlType":"sap.m.Input","viewName":"etm.portal.ui.managepartners.view.Master","viewId":"application-managepartners-display-component---masterPtm","properties":{"valueState":"None"},"searchOpenDialogs":true,"interaction":{"idSuffix":"inner"}},"clearTextFirst":true,"interactionType":"ENTER_TEXT"}]}
COMMAND: POST /session/2c3e5cc3018601d52a1ae1747f5b8299/actions - {"actions":[{"id":"action21","type":"key","parameters":{},"actions":[{"type":"keyDown","value":"î€‡"},{"type":"pause","duration":10},{"type":"keyUp","value":"î€‡"}]}]}
RESULT: {"actions":[{"id":"action21","type":"key","parameters":{},"actions":[{"type":"keyDown","value":"î€‡"},{"type":"pause","duration":10},{"type":"keyUp","value":"î€‡"}]}]}
COMMAND: GET /session/2c3e5cc3018601d52a1ae1747f5b8299/screenshot - {}
RESULT: {}
COMMAND: POST /session/2c3e5cc3018601d52a1ae1747f5b8299/element - {"using":"xpath","value":"(//bdi[contains(text(), \"OK\")])[1]"}
RESULT: {"using":"xpath","value":"(//bdi[contains(text(), \"OK\")])[1]"}
COMMAND: POST /session/2c3e5cc3018601d52a1ae1747f5b8299/element/f.37FD799F3153CD067689FB9668CC9BBA.d.54ED6B640F8569D7B79F78E6FF261179.e.6980/click - {}
RESULT: {}
COMMAND: GET /session/2c3e5cc3018601d52a1ae1747f5b8299/screenshot - {}
RESULT: {}
COMMAND: POST /session/2c3e5cc3018601d52a1ae1747f5b8299/element - {"using":"xpath","value":"//span[@id=\"application-managepartners-display-component---masterPtm--smartTable-header-inner\"]"}
RESULT: {"using":"xpath","value":"//span[@id=\"application-managepartners-display-component---masterPtm--smartTable-header-inner\"]"}
COMMAND: POST /session/2c3e5cc3018601d52a1ae1747f5b8299/elements - {"using":"xpath","value":"//span[@id=\"application-managepartners-display-component---masterPtm--smartTable-header-inner\"]"}
RESULT: {"using":"xpath","value":"//span[@id=\"application-managepartners-display-component---masterPtm--smartTable-header-inner\"]"}
COMMAND: POST /session/2c3e5cc3018601d52a1ae1747f5b8299/execute/sync - {"script":"<script> [56 bytes]","args":[{"element-6066-11e4-a52e-4f735466cecf":"f.37FD799F3153CD067689FB9668CC9BBA.d.54ED6B640F8569D7B79F78E6FF261179.e.6060","ELEMENT":"f.37FD799F3153CD067689FB9668CC9BBA.d.54ED6B640F8569D7B79F78E6FF261179.e.6060"}]}
RESULT: {"script":"<script> [56 bytes]","args":[{"element-6066-11e4-a52e-4f735466cecf":"f.37FD799F3153CD067689FB9668CC9BBA.d.54ED6B640F8569D7B79F78E6FF261179.e.6060","ELEMENT":"f.37FD799F3153CD067689FB9668CC9BBA.d.54ED6B640F8569D7B79F78E6FF261179.e.6060"}]}
COMMAND: POST /session/2c3e5cc3018601d52a1ae1747f5b8299/element - {"using":"xpath","value":"//span[contains(@title, \"Remove\")]"}
COMMAND: GET /session/2c3e5cc3018601d52a1ae1747f5b8299/screenshot - {}
RESULT: {"using":"xpath","value":"//span[contains(@title, \"Remove\")]"}
COMMAND: POST /session/2c3e5cc3018601d52a1ae1747f5b8299/element/f.37FD799F3153CD067689FB9668CC9BBA.d.54ED6B640F8569D7B79F78E6FF261179.e.7052/click - {}
RESULT: {}
RESULT: {}
COMMAND: GET /session/2c3e5cc3018601d52a1ae1747f5b8299/screenshot - {}
RESULT: {}
COMMAND: POST /session/2c3e5cc3018601d52a1ae1747f5b8299/element - {"using":"xpath","value":"//span[@id=\"application-managepartners-display-component---masterPtm--smartTable-header-inner\"]"}
RESULT: {"using":"xpath","value":"//span[@id=\"application-managepartners-display-component---masterPtm--smartTable-header-inner\"]"}
COMMAND: POST /session/2c3e5cc3018601d52a1ae1747f5b8299/elements - {"using":"xpath","value":"//span[@id=\"application-managepartners-display-component---masterPtm--smartTable-header-inner\"]"}
RESULT: {"using":"xpath","value":"//span[@id=\"application-managepartners-display-component---masterPtm--smartTable-header-inner\"]"}
COMMAND: POST /session/2c3e5cc3018601d52a1ae1747f5b8299/execute/sync - {"script":"<script> [56 bytes]","args":[{"element-6066-11e4-a52e-4f735466cecf":"f.37FD799F3153CD067689FB9668CC9BBA.d.54ED6B640F8569D7B79F78E6FF261179.e.6060","ELEMENT":"f.37FD799F3153CD067689FB9668CC9BBA.d.54ED6B640F8569D7B79F78E6FF261179.e.6060"}]}
RESULT: {"script":"<script> [56 bytes]","args":[{"element-6066-11e4-a52e-4f735466cecf":"f.37FD799F3153CD067689FB9668CC9BBA.d.54ED6B640F8569D7B79F78E6FF261179.e.6060","ELEMENT":"f.37FD799F3153CD067689FB9668CC9BBA.d.54ED6B640F8569D7B79F78E6FF261179.e.6060"}]}
COMMAND: POST /session/2c3e5cc3018601d52a1ae1747f5b8299/element - {"using":"css selector","value":"#shell-header-logo"}
COMMAND: GET /session/2c3e5cc3018601d52a1ae1747f5b8299/screenshot - {}
RESULT: {"using":"css selector","value":"#shell-header-logo"}
COMMAND: POST /session/2c3e5cc3018601d52a1ae1747f5b8299/element/f.37FD799F3153CD067689FB9668CC9BBA.d.54ED6B640F8569D7B79F78E6FF261179.e.5890/click - {}
RESULT: {}
RESULT: {}
COMMAND: GET /session/2c3e5cc3018601d52a1ae1747f5b8299/screenshot - {}
RESULT: {}
]]></system-out>
    </testcase>
    <testcase classname="chrome.136_0_7103_93.windows.Partner_specific_tests_US150819_US151080_US151654_US151176_US103444_US151078_US151079_US151109_US151174_US151175_US151189" name="Should try to save empty partner US151174" time="48.106">
      <system-out><![CDATA[
COMMAND: POST /session/2c3e5cc3018601d52a1ae1747f5b8299/element - {"using":"xpath","value":"//li[.//span[text()=\"Manage Partners\"]]"}
RESULT: {"using":"xpath","value":"//li[.//span[text()=\"Manage Partners\"]]"}
COMMAND: POST /session/2c3e5cc3018601d52a1ae1747f5b8299/element - {"using":"xpath","value":"//li[.//span[text()=\"Manage Partners\"]]"}
RESULT: {"using":"xpath","value":"//li[.//span[text()=\"Manage Partners\"]]"}
COMMAND: POST /session/2c3e5cc3018601d52a1ae1747f5b8299/element - {"using":"css selector","value":"#shell-header-logo"}
RESULT: {"using":"css selector","value":"#shell-header-logo"}
COMMAND: POST /session/2c3e5cc3018601d52a1ae1747f5b8299/element/f.37FD799F3153CD067689FB9668CC9BBA.d.54ED6B640F8569D7B79F78E6FF261179.e.7150/click - {}
COMMAND: POST /session/2c3e5cc3018601d52a1ae1747f5b8299/execute/sync - {"script":"<script> [8489 bytes]","args":[{"element-6066-11e4-a52e-4f735466cecf":"f.37FD799F3153CD067689FB9668CC9BBA.d.54ED6B640F8569D7B79F78E6FF261179.e.7150","ELEMENT":"f.37FD799F3153CD067689FB9668CC9BBA.d.54ED6B640F8569D7B79F78E6FF261179.e.7150"}]}
RESULT: {}
COMMAND: GET /session/2c3e5cc3018601d52a1ae1747f5b8299/screenshot - {}
RESULT: {"script":"<script> [8489 bytes]","args":[{"element-6066-11e4-a52e-4f735466cecf":"f.37FD799F3153CD067689FB9668CC9BBA.d.54ED6B640F8569D7B79F78E6FF261179.e.7150","ELEMENT":"f.37FD799F3153CD067689FB9668CC9BBA.d.54ED6B640F8569D7B79F78E6FF261179.e.7150"}]}
COMMAND: POST /session/2c3e5cc3018601d52a1ae1747f5b8299/execute/sync - {"script":"<script> [5351 bytes]","args":[{"element-6066-11e4-a52e-4f735466cecf":"f.37FD799F3153CD067689FB9668CC9BBA.d.54ED6B640F8569D7B79F78E6FF261179.e.7150","ELEMENT":"f.37FD799F3153CD067689FB9668CC9BBA.d.54ED6B640F8569D7B79F78E6FF261179.e.7150"}]}
COMMAND: GET /session/2c3e5cc3018601d52a1ae1747f5b8299/screenshot - {}
RESULT: {}
RESULT: {"script":"<script> [5351 bytes]","args":[{"element-6066-11e4-a52e-4f735466cecf":"f.37FD799F3153CD067689FB9668CC9BBA.d.54ED6B640F8569D7B79F78E6FF261179.e.7150","ELEMENT":"f.37FD799F3153CD067689FB9668CC9BBA.d.54ED6B640F8569D7B79F78E6FF261179.e.7150"}]}
COMMAND: GET /session/2c3e5cc3018601d52a1ae1747f5b8299/screenshot - {}
RESULT: {}
RESULT: {}
RESULT: undefined
COMMAND: POST /session/2c3e5cc3018601d52a1ae1747f5b8299/element - {"using":"xpath","value":"//*[@id=\"__tile30\"]"}
RESULT: {"using":"xpath","value":"//*[@id=\"__tile30\"]"}
COMMAND: POST /session/2c3e5cc3018601d52a1ae1747f5b8299/element/f.37FD799F3153CD067689FB9668CC9BBA.d.54ED6B640F8569D7B79F78E6FF261179.e.4545/click - {}
RESULT: {}
COMMAND: GET /session/2c3e5cc3018601d52a1ae1747f5b8299/screenshot - {}
RESULT: {}
COMMAND: POST /session/2c3e5cc3018601d52a1ae1747f5b8299/elements - {"using":"xpath","value":"//span[text()='Error']"}
RESULT: {"using":"xpath","value":"//span[text()='Error']"}
COMMAND: POST /session/2c3e5cc3018601d52a1ae1747f5b8299/element - {"using":"xpath","value":"//button[@data-kt=\"addButton\"]"}
RESULT: {"using":"xpath","value":"//button[@data-kt=\"addButton\"]"}
COMMAND: POST /session/2c3e5cc3018601d52a1ae1747f5b8299/elements - {"using":"xpath","value":"//button[@data-kt=\"addButton\"]"}
RESULT: {"using":"xpath","value":"//button[@data-kt=\"addButton\"]"}
COMMAND: POST /session/2c3e5cc3018601d52a1ae1747f5b8299/execute/sync - {"script":"<script> [8489 bytes]","args":[{"element-6066-11e4-a52e-4f735466cecf":"f.37FD799F3153CD067689FB9668CC9BBA.d.54ED6B640F8569D7B79F78E6FF261179.e.7195","ELEMENT":"f.37FD799F3153CD067689FB9668CC9BBA.d.54ED6B640F8569D7B79F78E6FF261179.e.7195"}]}
RESULT: {"script":"<script> [8489 bytes]","args":[{"element-6066-11e4-a52e-4f735466cecf":"f.37FD799F3153CD067689FB9668CC9BBA.d.54ED6B640F8569D7B79F78E6FF261179.e.7195","ELEMENT":"f.37FD799F3153CD067689FB9668CC9BBA.d.54ED6B640F8569D7B79F78E6FF261179.e.7195"}]}
COMMAND: GET /session/2c3e5cc3018601d52a1ae1747f5b8299/element/f.37FD799F3153CD067689FB9668CC9BBA.d.54ED6B640F8569D7B79F78E6FF261179.e.7195/enabled - {}
COMMAND: GET /session/2c3e5cc3018601d52a1ae1747f5b8299/screenshot - {}
RESULT: {}
COMMAND: POST /session/2c3e5cc3018601d52a1ae1747f5b8299/execute/sync - {"script":"<script> [8489 bytes]","args":[{"element-6066-11e4-a52e-4f735466cecf":"f.37FD799F3153CD067689FB9668CC9BBA.d.54ED6B640F8569D7B79F78E6FF261179.e.7195","ELEMENT":"f.37FD799F3153CD067689FB9668CC9BBA.d.54ED6B640F8569D7B79F78E6FF261179.e.7195"}]}
COMMAND: GET /session/2c3e5cc3018601d52a1ae1747f5b8299/screenshot - {}
RESULT: {}
RESULT: {"script":"<script> [8489 bytes]","args":[{"element-6066-11e4-a52e-4f735466cecf":"f.37FD799F3153CD067689FB9668CC9BBA.d.54ED6B640F8569D7B79F78E6FF261179.e.7195","ELEMENT":"f.37FD799F3153CD067689FB9668CC9BBA.d.54ED6B640F8569D7B79F78E6FF261179.e.7195"}]}
COMMAND: POST /session/2c3e5cc3018601d52a1ae1747f5b8299/execute/sync - {"script":"<script> [5351 bytes]","args":[{"element-6066-11e4-a52e-4f735466cecf":"f.37FD799F3153CD067689FB9668CC9BBA.d.54ED6B640F8569D7B79F78E6FF261179.e.7195","ELEMENT":"f.37FD799F3153CD067689FB9668CC9BBA.d.54ED6B640F8569D7B79F78E6FF261179.e.7195"}]}
COMMAND: GET /session/2c3e5cc3018601d52a1ae1747f5b8299/screenshot - {}
RESULT: {}
RESULT: {"script":"<script> [5351 bytes]","args":[{"element-6066-11e4-a52e-4f735466cecf":"f.37FD799F3153CD067689FB9668CC9BBA.d.54ED6B640F8569D7B79F78E6FF261179.e.7195","ELEMENT":"f.37FD799F3153CD067689FB9668CC9BBA.d.54ED6B640F8569D7B79F78E6FF261179.e.7195"}]}
COMMAND: POST /session/2c3e5cc3018601d52a1ae1747f5b8299/element/f.37FD799F3153CD067689FB9668CC9BBA.d.54ED6B640F8569D7B79F78E6FF261179.e.7195/click - {}
COMMAND: GET /session/2c3e5cc3018601d52a1ae1747f5b8299/screenshot - {}
RESULT: {}
RESULT: {}
COMMAND: GET /session/2c3e5cc3018601d52a1ae1747f5b8299/screenshot - {}
RESULT: {}
RESULT: {}
COMMAND: POST /session/2c3e5cc3018601d52a1ae1747f5b8299/element - {"using":"xpath","value":"//button[@data-kt=\"saveButton\"]"}
RESULT: {"using":"xpath","value":"//button[@data-kt=\"saveButton\"]"}
COMMAND: POST /session/2c3e5cc3018601d52a1ae1747f5b8299/element/f.37FD799F3153CD067689FB9668CC9BBA.d.54ED6B640F8569D7B79F78E6FF261179.e.7519/click - {}
RESULT: {}
COMMAND: GET /session/2c3e5cc3018601d52a1ae1747f5b8299/screenshot - {}
RESULT: {}
COMMAND: POST /session/2c3e5cc3018601d52a1ae1747f5b8299/element - {"using":"xpath","value":"//span[contains(@class, \"sapMMsgBoxText\")]"}
RESULT: {"using":"xpath","value":"//span[contains(@class, \"sapMMsgBoxText\")]"}
COMMAND: POST /session/2c3e5cc3018601d52a1ae1747f5b8299/execute/sync - {"script":"<script> [56 bytes]","args":[{"element-6066-11e4-a52e-4f735466cecf":"f.37FD799F3153CD067689FB9668CC9BBA.d.54ED6B640F8569D7B79F78E6FF261179.e.7606","ELEMENT":"f.37FD799F3153CD067689FB9668CC9BBA.d.54ED6B640F8569D7B79F78E6FF261179.e.7606"}]}
RESULT: {"script":"<script> [56 bytes]","args":[{"element-6066-11e4-a52e-4f735466cecf":"f.37FD799F3153CD067689FB9668CC9BBA.d.54ED6B640F8569D7B79F78E6FF261179.e.7606","ELEMENT":"f.37FD799F3153CD067689FB9668CC9BBA.d.54ED6B640F8569D7B79F78E6FF261179.e.7606"}]}
COMMAND: POST /session/2c3e5cc3018601d52a1ae1747f5b8299/element - {"using":"xpath","value":"(//bdi[contains(text(), \"Close\")])[1]"}
COMMAND: POST /session/2c3e5cc3018601d52a1ae1747f5b8299/elements - {"using":"xpath","value":"//span[contains(@class, \"sapMMsgBoxText\")]"}
COMMAND: GET /session/2c3e5cc3018601d52a1ae1747f5b8299/screenshot - {}
RESULT: {"using":"xpath","value":"(//bdi[contains(text(), \"Close\")])[1]"}
COMMAND: POST /session/2c3e5cc3018601d52a1ae1747f5b8299/element/f.37FD799F3153CD067689FB9668CC9BBA.d.54ED6B640F8569D7B79F78E6FF261179.e.7607/click - {}
RESULT: {"using":"xpath","value":"//span[contains(@class, \"sapMMsgBoxText\")]"}
RESULT: {}
RESULT: {}
COMMAND: GET /session/2c3e5cc3018601d52a1ae1747f5b8299/screenshot - {}
RESULT: {}
COMMAND: POST /session/2c3e5cc3018601d52a1ae1747f5b8299/element - {"using":"css selector","value":"#shell-header-logo"}
RESULT: {"using":"css selector","value":"#shell-header-logo"}
COMMAND: POST /session/2c3e5cc3018601d52a1ae1747f5b8299/element/f.37FD799F3153CD067689FB9668CC9BBA.d.54ED6B640F8569D7B79F78E6FF261179.e.7150/click - {}
RESULT: {}
COMMAND: GET /session/2c3e5cc3018601d52a1ae1747f5b8299/screenshot - {}
RESULT: {}
]]></system-out>
    </testcase>
    <testcase classname="chrome.136_0_7103_93.windows.Partner_specific_tests_US150819_US151080_US151654_US151176_US103444_US151078_US151079_US151109_US151174_US151175_US151189" name="Should do various searches US151175" time="146.296">
      <system-out><![CDATA[
COMMAND: POST /session/2c3e5cc3018601d52a1ae1747f5b8299/element - {"using":"xpath","value":"//li[.//span[text()=\"Manage Partners\"]]"}
RESULT: {"using":"xpath","value":"//li[.//span[text()=\"Manage Partners\"]]"}
COMMAND: POST /session/2c3e5cc3018601d52a1ae1747f5b8299/element - {"using":"xpath","value":"//li[.//span[text()=\"Manage Partners\"]]"}
RESULT: {"using":"xpath","value":"//li[.//span[text()=\"Manage Partners\"]]"}
COMMAND: POST /session/2c3e5cc3018601d52a1ae1747f5b8299/element - {"using":"css selector","value":"#shell-header-logo"}
RESULT: {"using":"css selector","value":"#shell-header-logo"}
COMMAND: POST /session/2c3e5cc3018601d52a1ae1747f5b8299/element/f.37FD799F3153CD067689FB9668CC9BBA.d.54ED6B640F8569D7B79F78E6FF261179.e.7609/click - {}
COMMAND: POST /session/2c3e5cc3018601d52a1ae1747f5b8299/execute/sync - {"script":"<script> [8489 bytes]","args":[{"element-6066-11e4-a52e-4f735466cecf":"f.37FD799F3153CD067689FB9668CC9BBA.d.54ED6B640F8569D7B79F78E6FF261179.e.7609","ELEMENT":"f.37FD799F3153CD067689FB9668CC9BBA.d.54ED6B640F8569D7B79F78E6FF261179.e.7609"}]}
RESULT: {"script":"<script> [8489 bytes]","args":[{"element-6066-11e4-a52e-4f735466cecf":"f.37FD799F3153CD067689FB9668CC9BBA.d.54ED6B640F8569D7B79F78E6FF261179.e.7609","ELEMENT":"f.37FD799F3153CD067689FB9668CC9BBA.d.54ED6B640F8569D7B79F78E6FF261179.e.7609"}]}
COMMAND: POST /session/2c3e5cc3018601d52a1ae1747f5b8299/execute/sync - {"script":"<script> [5351 bytes]","args":[{"element-6066-11e4-a52e-4f735466cecf":"f.37FD799F3153CD067689FB9668CC9BBA.d.54ED6B640F8569D7B79F78E6FF261179.e.7609","ELEMENT":"f.37FD799F3153CD067689FB9668CC9BBA.d.54ED6B640F8569D7B79F78E6FF261179.e.7609"}]}
COMMAND: GET /session/2c3e5cc3018601d52a1ae1747f5b8299/screenshot - {}
RESULT: {}
COMMAND: GET /session/2c3e5cc3018601d52a1ae1747f5b8299/screenshot - {}
RESULT: {"script":"<script> [5351 bytes]","args":[{"element-6066-11e4-a52e-4f735466cecf":"f.37FD799F3153CD067689FB9668CC9BBA.d.54ED6B640F8569D7B79F78E6FF261179.e.7609","ELEMENT":"f.37FD799F3153CD067689FB9668CC9BBA.d.54ED6B640F8569D7B79F78E6FF261179.e.7609"}]}
COMMAND: GET /session/2c3e5cc3018601d52a1ae1747f5b8299/screenshot - {}
RESULT: {}
RESULT: {}
RESULT: {}
RESULT: undefined
COMMAND: POST /session/2c3e5cc3018601d52a1ae1747f5b8299/element - {"using":"xpath","value":"//*[@id=\"__tile30\"]"}
RESULT: {"using":"xpath","value":"//*[@id=\"__tile30\"]"}
COMMAND: POST /session/2c3e5cc3018601d52a1ae1747f5b8299/element/f.37FD799F3153CD067689FB9668CC9BBA.d.54ED6B640F8569D7B79F78E6FF261179.e.4545/click - {}
RESULT: {}
COMMAND: GET /session/2c3e5cc3018601d52a1ae1747f5b8299/screenshot - {}
RESULT: {}
COMMAND: POST /session/2c3e5cc3018601d52a1ae1747f5b8299/elements - {"using":"xpath","value":"//span[text()='Error']"}
RESULT: {"using":"xpath","value":"//span[text()='Error']"}
COMMAND: POST /session/2c3e5cc3018601d52a1ae1747f5b8299/element - {"using":"xpath","value":"//button[@data-kt=\"addButton\"]"}
RESULT: {"using":"xpath","value":"//button[@data-kt=\"addButton\"]"}
COMMAND: POST /session/2c3e5cc3018601d52a1ae1747f5b8299/elements - {"using":"xpath","value":"//button[@data-kt=\"addButton\"]"}
RESULT: {"using":"xpath","value":"//button[@data-kt=\"addButton\"]"}
COMMAND: POST /session/2c3e5cc3018601d52a1ae1747f5b8299/execute/sync - {"script":"<script> [8489 bytes]","args":[{"element-6066-11e4-a52e-4f735466cecf":"f.37FD799F3153CD067689FB9668CC9BBA.d.54ED6B640F8569D7B79F78E6FF261179.e.7654","ELEMENT":"f.37FD799F3153CD067689FB9668CC9BBA.d.54ED6B640F8569D7B79F78E6FF261179.e.7654"}]}
RESULT: {"script":"<script> [8489 bytes]","args":[{"element-6066-11e4-a52e-4f735466cecf":"f.37FD799F3153CD067689FB9668CC9BBA.d.54ED6B640F8569D7B79F78E6FF261179.e.7654","ELEMENT":"f.37FD799F3153CD067689FB9668CC9BBA.d.54ED6B640F8569D7B79F78E6FF261179.e.7654"}]}
COMMAND: GET /session/2c3e5cc3018601d52a1ae1747f5b8299/element/f.37FD799F3153CD067689FB9668CC9BBA.d.54ED6B640F8569D7B79F78E6FF261179.e.7654/enabled - {}
COMMAND: GET /session/2c3e5cc3018601d52a1ae1747f5b8299/screenshot - {}
RESULT: {}
COMMAND: POST /session/2c3e5cc3018601d52a1ae1747f5b8299/execute/sync - {"script":"<script> [8489 bytes]","args":[{"element-6066-11e4-a52e-4f735466cecf":"f.37FD799F3153CD067689FB9668CC9BBA.d.54ED6B640F8569D7B79F78E6FF261179.e.7654","ELEMENT":"f.37FD799F3153CD067689FB9668CC9BBA.d.54ED6B640F8569D7B79F78E6FF261179.e.7654"}]}
COMMAND: GET /session/2c3e5cc3018601d52a1ae1747f5b8299/screenshot - {}
RESULT: {}
RESULT: {"script":"<script> [8489 bytes]","args":[{"element-6066-11e4-a52e-4f735466cecf":"f.37FD799F3153CD067689FB9668CC9BBA.d.54ED6B640F8569D7B79F78E6FF261179.e.7654","ELEMENT":"f.37FD799F3153CD067689FB9668CC9BBA.d.54ED6B640F8569D7B79F78E6FF261179.e.7654"}]}
COMMAND: POST /session/2c3e5cc3018601d52a1ae1747f5b8299/execute/sync - {"script":"<script> [5351 bytes]","args":[{"element-6066-11e4-a52e-4f735466cecf":"f.37FD799F3153CD067689FB9668CC9BBA.d.54ED6B640F8569D7B79F78E6FF261179.e.7654","ELEMENT":"f.37FD799F3153CD067689FB9668CC9BBA.d.54ED6B640F8569D7B79F78E6FF261179.e.7654"}]}
COMMAND: GET /session/2c3e5cc3018601d52a1ae1747f5b8299/screenshot - {}
RESULT: {}
RESULT: {"script":"<script> [5351 bytes]","args":[{"element-6066-11e4-a52e-4f735466cecf":"f.37FD799F3153CD067689FB9668CC9BBA.d.54ED6B640F8569D7B79F78E6FF261179.e.7654","ELEMENT":"f.37FD799F3153CD067689FB9668CC9BBA.d.54ED6B640F8569D7B79F78E6FF261179.e.7654"}]}
COMMAND: GET /session/2c3e5cc3018601d52a1ae1747f5b8299/screenshot - {}
RESULT: {}
RESULT: {}
COMMAND: POST /session/2c3e5cc3018601d52a1ae1747f5b8299/element - {"using":"xpath","value":"//span[@id=\"application-managepartners-display-component---masterPtm--smartTable-header-inner\"]"}
RESULT: {"using":"xpath","value":"//span[@id=\"application-managepartners-display-component---masterPtm--smartTable-header-inner\"]"}
COMMAND: POST /session/2c3e5cc3018601d52a1ae1747f5b8299/elements - {"using":"xpath","value":"//span[@id=\"application-managepartners-display-component---masterPtm--smartTable-header-inner\"]"}
RESULT: {"using":"xpath","value":"//span[@id=\"application-managepartners-display-component---masterPtm--smartTable-header-inner\"]"}
COMMAND: POST /session/2c3e5cc3018601d52a1ae1747f5b8299/execute/sync - {"script":"<script> [56 bytes]","args":[{"element-6066-11e4-a52e-4f735466cecf":"f.37FD799F3153CD067689FB9668CC9BBA.d.54ED6B640F8569D7B79F78E6FF261179.e.7778","ELEMENT":"f.37FD799F3153CD067689FB9668CC9BBA.d.54ED6B640F8569D7B79F78E6FF261179.e.7778"}]}
RESULT: {"script":"<script> [56 bytes]","args":[{"element-6066-11e4-a52e-4f735466cecf":"f.37FD799F3153CD067689FB9668CC9BBA.d.54ED6B640F8569D7B79F78E6FF261179.e.7778","ELEMENT":"f.37FD799F3153CD067689FB9668CC9BBA.d.54ED6B640F8569D7B79F78E6FF261179.e.7778"}]}
RESULT: undefined
COMMAND: POST /session/2c3e5cc3018601d52a1ae1747f5b8299/element - {"using":"xpath","value":"//*[@id=\"application-managepartners-display-component---masterPtm--smartFilterBar-btnFilters\"]"}
COMMAND: GET /session/2c3e5cc3018601d52a1ae1747f5b8299/screenshot - {}
RESULT: {"using":"xpath","value":"//*[@id=\"application-managepartners-display-component---masterPtm--smartFilterBar-btnFilters\"]"}
COMMAND: POST /session/2c3e5cc3018601d52a1ae1747f5b8299/element/f.37FD799F3153CD067689FB9668CC9BBA.d.54ED6B640F8569D7B79F78E6FF261179.e.7631/click - {}
RESULT: {}
RESULT: {}
COMMAND: GET /session/2c3e5cc3018601d52a1ae1747f5b8299/screenshot - {}
RESULT: {}
COMMAND: POST /session/2c3e5cc3018601d52a1ae1747f5b8299/elements - {"using":"xpath","value":"//table[contains(@id, \"listView-innerSelectionPanelTable-listUl\")]/tbody/tr"}
RESULT: {"using":"xpath","value":"//table[contains(@id, \"listView-innerSelectionPanelTable-listUl\")]/tbody/tr"}
COMMAND: POST /session/2c3e5cc3018601d52a1ae1747f5b8299/element - {"using":"xpath","value":"//table[contains(@id, \"listView-innerSelectionPanelTable-listUl\")]/tbody/tr[2]/td[2]/div/div"}
RESULT: {"using":"xpath","value":"//table[contains(@id, \"listView-innerSelectionPanelTable-listUl\")]/tbody/tr[2]/td[2]/div/div"}
COMMAND: POST /session/2c3e5cc3018601d52a1ae1747f5b8299/element - {"using":"xpath","value":"//table[contains(@id, \"listView-innerSelectionPanelTable-listUl\")]/tbody/tr[2]/td[2]/div"}
RESULT: {"using":"xpath","value":"//table[contains(@id, \"listView-innerSelectionPanelTable-listUl\")]/tbody/tr[2]/td[2]/div"}
COMMAND: POST /session/2c3e5cc3018601d52a1ae1747f5b8299/element - {"using":"xpath","value":"//table[contains(@id, \"listView-innerSelectionPanelTable-listUl\")]/tbody/tr[2]/td[3]/div/div/span/span[1]/bdi"}
RESULT: {"using":"xpath","value":"//table[contains(@id, \"listView-innerSelectionPanelTable-listUl\")]/tbody/tr[2]/td[3]/div/div/span/span[1]/bdi"}
COMMAND: POST /session/2c3e5cc3018601d52a1ae1747f5b8299/execute/sync - {"script":"<script> [56 bytes]","args":[{"element-6066-11e4-a52e-4f735466cecf":"f.37FD799F3153CD067689FB9668CC9BBA.d.54ED6B640F8569D7B79F78E6FF261179.e.7846","ELEMENT":"f.37FD799F3153CD067689FB9668CC9BBA.d.54ED6B640F8569D7B79F78E6FF261179.e.7846"}]}
RESULT: {"script":"<script> [56 bytes]","args":[{"element-6066-11e4-a52e-4f735466cecf":"f.37FD799F3153CD067689FB9668CC9BBA.d.54ED6B640F8569D7B79F78E6FF261179.e.7846","ELEMENT":"f.37FD799F3153CD067689FB9668CC9BBA.d.54ED6B640F8569D7B79F78E6FF261179.e.7846"}]}
COMMAND: GET /session/2c3e5cc3018601d52a1ae1747f5b8299/element/f.37FD799F3153CD067689FB9668CC9BBA.d.54ED6B640F8569D7B79F78E6FF261179.e.7845/attribute/aria-checked - {}
COMMAND: GET /session/2c3e5cc3018601d52a1ae1747f5b8299/screenshot - {}
RESULT: {}
COMMAND: POST /session/2c3e5cc3018601d52a1ae1747f5b8299/element - {"using":"xpath","value":"//table[contains(@id, \"listView-innerSelectionPanelTable-listUl\")]/tbody/tr[3]/td[2]/div/div"}
RESULT: {}
RESULT: {"using":"xpath","value":"//table[contains(@id, \"listView-innerSelectionPanelTable-listUl\")]/tbody/tr[3]/td[2]/div/div"}
COMMAND: POST /session/2c3e5cc3018601d52a1ae1747f5b8299/element - {"using":"xpath","value":"//table[contains(@id, \"listView-innerSelectionPanelTable-listUl\")]/tbody/tr[3]/td[2]/div"}
RESULT: {"using":"xpath","value":"//table[contains(@id, \"listView-innerSelectionPanelTable-listUl\")]/tbody/tr[3]/td[2]/div"}
COMMAND: POST /session/2c3e5cc3018601d52a1ae1747f5b8299/element - {"using":"xpath","value":"//table[contains(@id, \"listView-innerSelectionPanelTable-listUl\")]/tbody/tr[3]/td[3]/div/div/span/span[1]/bdi"}
RESULT: {"using":"xpath","value":"//table[contains(@id, \"listView-innerSelectionPanelTable-listUl\")]/tbody/tr[3]/td[3]/div/div/span/span[1]/bdi"}
COMMAND: POST /session/2c3e5cc3018601d52a1ae1747f5b8299/execute/sync - {"script":"<script> [56 bytes]","args":[{"element-6066-11e4-a52e-4f735466cecf":"f.37FD799F3153CD067689FB9668CC9BBA.d.54ED6B640F8569D7B79F78E6FF261179.e.7849","ELEMENT":"f.37FD799F3153CD067689FB9668CC9BBA.d.54ED6B640F8569D7B79F78E6FF261179.e.7849"}]}
RESULT: {"script":"<script> [56 bytes]","args":[{"element-6066-11e4-a52e-4f735466cecf":"f.37FD799F3153CD067689FB9668CC9BBA.d.54ED6B640F8569D7B79F78E6FF261179.e.7849","ELEMENT":"f.37FD799F3153CD067689FB9668CC9BBA.d.54ED6B640F8569D7B79F78E6FF261179.e.7849"}]}
COMMAND: GET /session/2c3e5cc3018601d52a1ae1747f5b8299/element/f.37FD799F3153CD067689FB9668CC9BBA.d.54ED6B640F8569D7B79F78E6FF261179.e.7848/attribute/aria-checked - {}
COMMAND: GET /session/2c3e5cc3018601d52a1ae1747f5b8299/screenshot - {}
RESULT: {}
COMMAND: POST /session/2c3e5cc3018601d52a1ae1747f5b8299/element - {"using":"xpath","value":"//table[contains(@id, \"listView-innerSelectionPanelTable-listUl\")]/tbody/tr[4]/td[2]/div/div"}
RESULT: {}
RESULT: {"using":"xpath","value":"//table[contains(@id, \"listView-innerSelectionPanelTable-listUl\")]/tbody/tr[4]/td[2]/div/div"}
COMMAND: POST /session/2c3e5cc3018601d52a1ae1747f5b8299/element - {"using":"xpath","value":"//table[contains(@id, \"listView-innerSelectionPanelTable-listUl\")]/tbody/tr[4]/td[2]/div"}
RESULT: {"using":"xpath","value":"//table[contains(@id, \"listView-innerSelectionPanelTable-listUl\")]/tbody/tr[4]/td[2]/div"}
COMMAND: POST /session/2c3e5cc3018601d52a1ae1747f5b8299/element - {"using":"xpath","value":"//table[contains(@id, \"listView-innerSelectionPanelTable-listUl\")]/tbody/tr[4]/td[3]/div/div/span/span[1]/bdi"}
RESULT: {"using":"xpath","value":"//table[contains(@id, \"listView-innerSelectionPanelTable-listUl\")]/tbody/tr[4]/td[3]/div/div/span/span[1]/bdi"}
COMMAND: POST /session/2c3e5cc3018601d52a1ae1747f5b8299/execute/sync - {"script":"<script> [56 bytes]","args":[{"element-6066-11e4-a52e-4f735466cecf":"f.37FD799F3153CD067689FB9668CC9BBA.d.54ED6B640F8569D7B79F78E6FF261179.e.7852","ELEMENT":"f.37FD799F3153CD067689FB9668CC9BBA.d.54ED6B640F8569D7B79F78E6FF261179.e.7852"}]}
RESULT: {"script":"<script> [56 bytes]","args":[{"element-6066-11e4-a52e-4f735466cecf":"f.37FD799F3153CD067689FB9668CC9BBA.d.54ED6B640F8569D7B79F78E6FF261179.e.7852","ELEMENT":"f.37FD799F3153CD067689FB9668CC9BBA.d.54ED6B640F8569D7B79F78E6FF261179.e.7852"}]}
COMMAND: GET /session/2c3e5cc3018601d52a1ae1747f5b8299/element/f.37FD799F3153CD067689FB9668CC9BBA.d.54ED6B640F8569D7B79F78E6FF261179.e.7851/attribute/aria-checked - {}
COMMAND: GET /session/2c3e5cc3018601d52a1ae1747f5b8299/screenshot - {}
RESULT: {}
COMMAND: POST /session/2c3e5cc3018601d52a1ae1747f5b8299/element - {"using":"xpath","value":"//table[contains(@id, \"listView-innerSelectionPanelTable-listUl\")]/tbody/tr[5]/td[2]/div/div"}
RESULT: {}
RESULT: {"using":"xpath","value":"//table[contains(@id, \"listView-innerSelectionPanelTable-listUl\")]/tbody/tr[5]/td[2]/div/div"}
COMMAND: POST /session/2c3e5cc3018601d52a1ae1747f5b8299/element - {"using":"xpath","value":"//table[contains(@id, \"listView-innerSelectionPanelTable-listUl\")]/tbody/tr[5]/td[2]/div"}
RESULT: {"using":"xpath","value":"//table[contains(@id, \"listView-innerSelectionPanelTable-listUl\")]/tbody/tr[5]/td[2]/div"}
COMMAND: POST /session/2c3e5cc3018601d52a1ae1747f5b8299/element - {"using":"xpath","value":"//table[contains(@id, \"listView-innerSelectionPanelTable-listUl\")]/tbody/tr[5]/td[3]/div/div/span/span[1]/bdi"}
RESULT: {"using":"xpath","value":"//table[contains(@id, \"listView-innerSelectionPanelTable-listUl\")]/tbody/tr[5]/td[3]/div/div/span/span[1]/bdi"}
COMMAND: POST /session/2c3e5cc3018601d52a1ae1747f5b8299/execute/sync - {"script":"<script> [56 bytes]","args":[{"element-6066-11e4-a52e-4f735466cecf":"f.37FD799F3153CD067689FB9668CC9BBA.d.54ED6B640F8569D7B79F78E6FF261179.e.7855","ELEMENT":"f.37FD799F3153CD067689FB9668CC9BBA.d.54ED6B640F8569D7B79F78E6FF261179.e.7855"}]}
RESULT: {"script":"<script> [56 bytes]","args":[{"element-6066-11e4-a52e-4f735466cecf":"f.37FD799F3153CD067689FB9668CC9BBA.d.54ED6B640F8569D7B79F78E6FF261179.e.7855","ELEMENT":"f.37FD799F3153CD067689FB9668CC9BBA.d.54ED6B640F8569D7B79F78E6FF261179.e.7855"}]}
COMMAND: GET /session/2c3e5cc3018601d52a1ae1747f5b8299/element/f.37FD799F3153CD067689FB9668CC9BBA.d.54ED6B640F8569D7B79F78E6FF261179.e.7854/attribute/aria-checked - {}
COMMAND: GET /session/2c3e5cc3018601d52a1ae1747f5b8299/screenshot - {}
RESULT: {}
COMMAND: POST /session/2c3e5cc3018601d52a1ae1747f5b8299/element - {"using":"xpath","value":"//table[contains(@id, \"listView-innerSelectionPanelTable-listUl\")]/tbody/tr[6]/td[2]/div/div"}
RESULT: {}
RESULT: {"using":"xpath","value":"//table[contains(@id, \"listView-innerSelectionPanelTable-listUl\")]/tbody/tr[6]/td[2]/div/div"}
COMMAND: POST /session/2c3e5cc3018601d52a1ae1747f5b8299/element - {"using":"xpath","value":"//table[contains(@id, \"listView-innerSelectionPanelTable-listUl\")]/tbody/tr[6]/td[2]/div"}
RESULT: {"using":"xpath","value":"//table[contains(@id, \"listView-innerSelectionPanelTable-listUl\")]/tbody/tr[6]/td[2]/div"}
COMMAND: POST /session/2c3e5cc3018601d52a1ae1747f5b8299/element - {"using":"xpath","value":"//table[contains(@id, \"listView-innerSelectionPanelTable-listUl\")]/tbody/tr[6]/td[3]/div/div/span/span[1]/bdi"}
RESULT: {"using":"xpath","value":"//table[contains(@id, \"listView-innerSelectionPanelTable-listUl\")]/tbody/tr[6]/td[3]/div/div/span/span[1]/bdi"}
COMMAND: POST /session/2c3e5cc3018601d52a1ae1747f5b8299/execute/sync - {"script":"<script> [56 bytes]","args":[{"element-6066-11e4-a52e-4f735466cecf":"f.37FD799F3153CD067689FB9668CC9BBA.d.54ED6B640F8569D7B79F78E6FF261179.e.7858","ELEMENT":"f.37FD799F3153CD067689FB9668CC9BBA.d.54ED6B640F8569D7B79F78E6FF261179.e.7858"}]}
RESULT: {"script":"<script> [56 bytes]","args":[{"element-6066-11e4-a52e-4f735466cecf":"f.37FD799F3153CD067689FB9668CC9BBA.d.54ED6B640F8569D7B79F78E6FF261179.e.7858","ELEMENT":"f.37FD799F3153CD067689FB9668CC9BBA.d.54ED6B640F8569D7B79F78E6FF261179.e.7858"}]}
COMMAND: GET /session/2c3e5cc3018601d52a1ae1747f5b8299/element/f.37FD799F3153CD067689FB9668CC9BBA.d.54ED6B640F8569D7B79F78E6FF261179.e.7857/attribute/aria-checked - {}
COMMAND: GET /session/2c3e5cc3018601d52a1ae1747f5b8299/screenshot - {}
RESULT: {}
COMMAND: POST /session/2c3e5cc3018601d52a1ae1747f5b8299/element - {"using":"xpath","value":"//table[contains(@id, \"listView-innerSelectionPanelTable-listUl\")]/tbody/tr[7]/td[2]/div/div"}
RESULT: {}
RESULT: {"using":"xpath","value":"//table[contains(@id, \"listView-innerSelectionPanelTable-listUl\")]/tbody/tr[7]/td[2]/div/div"}
COMMAND: POST /session/2c3e5cc3018601d52a1ae1747f5b8299/element - {"using":"xpath","value":"//table[contains(@id, \"listView-innerSelectionPanelTable-listUl\")]/tbody/tr[7]/td[2]/div"}
RESULT: {"using":"xpath","value":"//table[contains(@id, \"listView-innerSelectionPanelTable-listUl\")]/tbody/tr[7]/td[2]/div"}
COMMAND: POST /session/2c3e5cc3018601d52a1ae1747f5b8299/element - {"using":"xpath","value":"//table[contains(@id, \"listView-innerSelectionPanelTable-listUl\")]/tbody/tr[7]/td[3]/div/div/span/span[1]/bdi"}
RESULT: {"using":"xpath","value":"//table[contains(@id, \"listView-innerSelectionPanelTable-listUl\")]/tbody/tr[7]/td[3]/div/div/span/span[1]/bdi"}
COMMAND: POST /session/2c3e5cc3018601d52a1ae1747f5b8299/execute/sync - {"script":"<script> [56 bytes]","args":[{"element-6066-11e4-a52e-4f735466cecf":"f.37FD799F3153CD067689FB9668CC9BBA.d.54ED6B640F8569D7B79F78E6FF261179.e.7861","ELEMENT":"f.37FD799F3153CD067689FB9668CC9BBA.d.54ED6B640F8569D7B79F78E6FF261179.e.7861"}]}
RESULT: {"script":"<script> [56 bytes]","args":[{"element-6066-11e4-a52e-4f735466cecf":"f.37FD799F3153CD067689FB9668CC9BBA.d.54ED6B640F8569D7B79F78E6FF261179.e.7861","ELEMENT":"f.37FD799F3153CD067689FB9668CC9BBA.d.54ED6B640F8569D7B79F78E6FF261179.e.7861"}]}
COMMAND: GET /session/2c3e5cc3018601d52a1ae1747f5b8299/element/f.37FD799F3153CD067689FB9668CC9BBA.d.54ED6B640F8569D7B79F78E6FF261179.e.7860/attribute/aria-checked - {}
COMMAND: GET /session/2c3e5cc3018601d52a1ae1747f5b8299/screenshot - {}
RESULT: {}
COMMAND: POST /session/2c3e5cc3018601d52a1ae1747f5b8299/element - {"using":"xpath","value":"//table[contains(@id, \"listView-innerSelectionPanelTable-listUl\")]/tbody/tr[8]/td[2]/div/div"}
RESULT: {}
RESULT: {"using":"xpath","value":"//table[contains(@id, \"listView-innerSelectionPanelTable-listUl\")]/tbody/tr[8]/td[2]/div/div"}
COMMAND: POST /session/2c3e5cc3018601d52a1ae1747f5b8299/element - {"using":"xpath","value":"//table[contains(@id, \"listView-innerSelectionPanelTable-listUl\")]/tbody/tr[8]/td[2]/div"}
RESULT: {"using":"xpath","value":"//table[contains(@id, \"listView-innerSelectionPanelTable-listUl\")]/tbody/tr[8]/td[2]/div"}
COMMAND: POST /session/2c3e5cc3018601d52a1ae1747f5b8299/element - {"using":"xpath","value":"//table[contains(@id, \"listView-innerSelectionPanelTable-listUl\")]/tbody/tr[8]/td[3]/div/div/span/span[1]/bdi"}
RESULT: {"using":"xpath","value":"//table[contains(@id, \"listView-innerSelectionPanelTable-listUl\")]/tbody/tr[8]/td[3]/div/div/span/span[1]/bdi"}
COMMAND: POST /session/2c3e5cc3018601d52a1ae1747f5b8299/execute/sync - {"script":"<script> [56 bytes]","args":[{"element-6066-11e4-a52e-4f735466cecf":"f.37FD799F3153CD067689FB9668CC9BBA.d.54ED6B640F8569D7B79F78E6FF261179.e.7864","ELEMENT":"f.37FD799F3153CD067689FB9668CC9BBA.d.54ED6B640F8569D7B79F78E6FF261179.e.7864"}]}
RESULT: {"script":"<script> [56 bytes]","args":[{"element-6066-11e4-a52e-4f735466cecf":"f.37FD799F3153CD067689FB9668CC9BBA.d.54ED6B640F8569D7B79F78E6FF261179.e.7864","ELEMENT":"f.37FD799F3153CD067689FB9668CC9BBA.d.54ED6B640F8569D7B79F78E6FF261179.e.7864"}]}
COMMAND: GET /session/2c3e5cc3018601d52a1ae1747f5b8299/element/f.37FD799F3153CD067689FB9668CC9BBA.d.54ED6B640F8569D7B79F78E6FF261179.e.7863/attribute/aria-checked - {}
COMMAND: GET /session/2c3e5cc3018601d52a1ae1747f5b8299/screenshot - {}
RESULT: {}
COMMAND: POST /session/2c3e5cc3018601d52a1ae1747f5b8299/element - {"using":"xpath","value":"//table[contains(@id, \"listView-innerSelectionPanelTable-listUl\")]/tbody/tr[9]/td[2]/div/div"}
RESULT: {}
RESULT: {"using":"xpath","value":"//table[contains(@id, \"listView-innerSelectionPanelTable-listUl\")]/tbody/tr[9]/td[2]/div/div"}
COMMAND: POST /session/2c3e5cc3018601d52a1ae1747f5b8299/element - {"using":"xpath","value":"//table[contains(@id, \"listView-innerSelectionPanelTable-listUl\")]/tbody/tr[9]/td[2]/div"}
RESULT: {"using":"xpath","value":"//table[contains(@id, \"listView-innerSelectionPanelTable-listUl\")]/tbody/tr[9]/td[2]/div"}
COMMAND: POST /session/2c3e5cc3018601d52a1ae1747f5b8299/element - {"using":"xpath","value":"//table[contains(@id, \"listView-innerSelectionPanelTable-listUl\")]/tbody/tr[9]/td[3]/div/div/span/span[1]/bdi"}
RESULT: {"using":"xpath","value":"//table[contains(@id, \"listView-innerSelectionPanelTable-listUl\")]/tbody/tr[9]/td[3]/div/div/span/span[1]/bdi"}
COMMAND: POST /session/2c3e5cc3018601d52a1ae1747f5b8299/execute/sync - {"script":"<script> [56 bytes]","args":[{"element-6066-11e4-a52e-4f735466cecf":"f.37FD799F3153CD067689FB9668CC9BBA.d.54ED6B640F8569D7B79F78E6FF261179.e.7867","ELEMENT":"f.37FD799F3153CD067689FB9668CC9BBA.d.54ED6B640F8569D7B79F78E6FF261179.e.7867"}]}
RESULT: {"script":"<script> [56 bytes]","args":[{"element-6066-11e4-a52e-4f735466cecf":"f.37FD799F3153CD067689FB9668CC9BBA.d.54ED6B640F8569D7B79F78E6FF261179.e.7867","ELEMENT":"f.37FD799F3153CD067689FB9668CC9BBA.d.54ED6B640F8569D7B79F78E6FF261179.e.7867"}]}
COMMAND: GET /session/2c3e5cc3018601d52a1ae1747f5b8299/element/f.37FD799F3153CD067689FB9668CC9BBA.d.54ED6B640F8569D7B79F78E6FF261179.e.7866/attribute/aria-checked - {}
COMMAND: GET /session/2c3e5cc3018601d52a1ae1747f5b8299/screenshot - {}
RESULT: {}
COMMAND: POST /session/2c3e5cc3018601d52a1ae1747f5b8299/element - {"using":"xpath","value":"//table[contains(@id, \"listView-innerSelectionPanelTable-listUl\")]/tbody/tr[10]/td[2]/div/div"}
RESULT: {}
RESULT: {"using":"xpath","value":"//table[contains(@id, \"listView-innerSelectionPanelTable-listUl\")]/tbody/tr[10]/td[2]/div/div"}
COMMAND: POST /session/2c3e5cc3018601d52a1ae1747f5b8299/element - {"using":"xpath","value":"//table[contains(@id, \"listView-innerSelectionPanelTable-listUl\")]/tbody/tr[10]/td[2]/div"}
RESULT: {"using":"xpath","value":"//table[contains(@id, \"listView-innerSelectionPanelTable-listUl\")]/tbody/tr[10]/td[2]/div"}
COMMAND: POST /session/2c3e5cc3018601d52a1ae1747f5b8299/element - {"using":"xpath","value":"//table[contains(@id, \"listView-innerSelectionPanelTable-listUl\")]/tbody/tr[10]/td[3]/div/div/span/span[1]/bdi"}
RESULT: {"using":"xpath","value":"//table[contains(@id, \"listView-innerSelectionPanelTable-listUl\")]/tbody/tr[10]/td[3]/div/div/span/span[1]/bdi"}
COMMAND: POST /session/2c3e5cc3018601d52a1ae1747f5b8299/execute/sync - {"script":"<script> [56 bytes]","args":[{"element-6066-11e4-a52e-4f735466cecf":"f.37FD799F3153CD067689FB9668CC9BBA.d.54ED6B640F8569D7B79F78E6FF261179.e.7870","ELEMENT":"f.37FD799F3153CD067689FB9668CC9BBA.d.54ED6B640F8569D7B79F78E6FF261179.e.7870"}]}
RESULT: {"script":"<script> [56 bytes]","args":[{"element-6066-11e4-a52e-4f735466cecf":"f.37FD799F3153CD067689FB9668CC9BBA.d.54ED6B640F8569D7B79F78E6FF261179.e.7870","ELEMENT":"f.37FD799F3153CD067689FB9668CC9BBA.d.54ED6B640F8569D7B79F78E6FF261179.e.7870"}]}
COMMAND: GET /session/2c3e5cc3018601d52a1ae1747f5b8299/element/f.37FD799F3153CD067689FB9668CC9BBA.d.54ED6B640F8569D7B79F78E6FF261179.e.7869/attribute/aria-checked - {}
COMMAND: GET /session/2c3e5cc3018601d52a1ae1747f5b8299/screenshot - {}
RESULT: {}
COMMAND: POST /session/2c3e5cc3018601d52a1ae1747f5b8299/element - {"using":"xpath","value":"//table[contains(@id, \"listView-innerSelectionPanelTable-listUl\")]/tbody/tr[11]/td[2]/div/div"}
RESULT: {}
RESULT: {"using":"xpath","value":"//table[contains(@id, \"listView-innerSelectionPanelTable-listUl\")]/tbody/tr[11]/td[2]/div/div"}
COMMAND: POST /session/2c3e5cc3018601d52a1ae1747f5b8299/element - {"using":"xpath","value":"//table[contains(@id, \"listView-innerSelectionPanelTable-listUl\")]/tbody/tr[11]/td[2]/div"}
RESULT: {"using":"xpath","value":"//table[contains(@id, \"listView-innerSelectionPanelTable-listUl\")]/tbody/tr[11]/td[2]/div"}
COMMAND: POST /session/2c3e5cc3018601d52a1ae1747f5b8299/element - {"using":"xpath","value":"//table[contains(@id, \"listView-innerSelectionPanelTable-listUl\")]/tbody/tr[11]/td[3]/div/div/span/span[1]/bdi"}
RESULT: {"using":"xpath","value":"//table[contains(@id, \"listView-innerSelectionPanelTable-listUl\")]/tbody/tr[11]/td[3]/div/div/span/span[1]/bdi"}
COMMAND: POST /session/2c3e5cc3018601d52a1ae1747f5b8299/execute/sync - {"script":"<script> [56 bytes]","args":[{"element-6066-11e4-a52e-4f735466cecf":"f.37FD799F3153CD067689FB9668CC9BBA.d.54ED6B640F8569D7B79F78E6FF261179.e.7873","ELEMENT":"f.37FD799F3153CD067689FB9668CC9BBA.d.54ED6B640F8569D7B79F78E6FF261179.e.7873"}]}
RESULT: {"script":"<script> [56 bytes]","args":[{"element-6066-11e4-a52e-4f735466cecf":"f.37FD799F3153CD067689FB9668CC9BBA.d.54ED6B640F8569D7B79F78E6FF261179.e.7873","ELEMENT":"f.37FD799F3153CD067689FB9668CC9BBA.d.54ED6B640F8569D7B79F78E6FF261179.e.7873"}]}
COMMAND: GET /session/2c3e5cc3018601d52a1ae1747f5b8299/element/f.37FD799F3153CD067689FB9668CC9BBA.d.54ED6B640F8569D7B79F78E6FF261179.e.7872/attribute/aria-checked - {}
COMMAND: GET /session/2c3e5cc3018601d52a1ae1747f5b8299/screenshot - {}
RESULT: {}
COMMAND: POST /session/2c3e5cc3018601d52a1ae1747f5b8299/element - {"using":"xpath","value":"//table[contains(@id, \"listView-innerSelectionPanelTable-listUl\")]/tbody/tr[12]/td[2]/div/div"}
RESULT: {}
RESULT: {"using":"xpath","value":"//table[contains(@id, \"listView-innerSelectionPanelTable-listUl\")]/tbody/tr[12]/td[2]/div/div"}
COMMAND: POST /session/2c3e5cc3018601d52a1ae1747f5b8299/element - {"using":"xpath","value":"//table[contains(@id, \"listView-innerSelectionPanelTable-listUl\")]/tbody/tr[12]/td[2]/div"}
RESULT: {"using":"xpath","value":"//table[contains(@id, \"listView-innerSelectionPanelTable-listUl\")]/tbody/tr[12]/td[2]/div"}
COMMAND: POST /session/2c3e5cc3018601d52a1ae1747f5b8299/element - {"using":"xpath","value":"//table[contains(@id, \"listView-innerSelectionPanelTable-listUl\")]/tbody/tr[12]/td[3]/div/div/span/span[1]/bdi"}
RESULT: {"using":"xpath","value":"//table[contains(@id, \"listView-innerSelectionPanelTable-listUl\")]/tbody/tr[12]/td[3]/div/div/span/span[1]/bdi"}
COMMAND: POST /session/2c3e5cc3018601d52a1ae1747f5b8299/execute/sync - {"script":"<script> [56 bytes]","args":[{"element-6066-11e4-a52e-4f735466cecf":"f.37FD799F3153CD067689FB9668CC9BBA.d.54ED6B640F8569D7B79F78E6FF261179.e.7876","ELEMENT":"f.37FD799F3153CD067689FB9668CC9BBA.d.54ED6B640F8569D7B79F78E6FF261179.e.7876"}]}
RESULT: {"script":"<script> [56 bytes]","args":[{"element-6066-11e4-a52e-4f735466cecf":"f.37FD799F3153CD067689FB9668CC9BBA.d.54ED6B640F8569D7B79F78E6FF261179.e.7876","ELEMENT":"f.37FD799F3153CD067689FB9668CC9BBA.d.54ED6B640F8569D7B79F78E6FF261179.e.7876"}]}
COMMAND: GET /session/2c3e5cc3018601d52a1ae1747f5b8299/element/f.37FD799F3153CD067689FB9668CC9BBA.d.54ED6B640F8569D7B79F78E6FF261179.e.7875/attribute/aria-checked - {}
COMMAND: GET /session/2c3e5cc3018601d52a1ae1747f5b8299/screenshot - {}
RESULT: {}
COMMAND: POST /session/2c3e5cc3018601d52a1ae1747f5b8299/element - {"using":"xpath","value":"//table[contains(@id, \"listView-innerSelectionPanelTable-listUl\")]/tbody/tr[13]/td[2]/div/div"}
RESULT: {}
RESULT: {"using":"xpath","value":"//table[contains(@id, \"listView-innerSelectionPanelTable-listUl\")]/tbody/tr[13]/td[2]/div/div"}
COMMAND: POST /session/2c3e5cc3018601d52a1ae1747f5b8299/element - {"using":"xpath","value":"//table[contains(@id, \"listView-innerSelectionPanelTable-listUl\")]/tbody/tr[13]/td[2]/div"}
RESULT: {"using":"xpath","value":"//table[contains(@id, \"listView-innerSelectionPanelTable-listUl\")]/tbody/tr[13]/td[2]/div"}
COMMAND: POST /session/2c3e5cc3018601d52a1ae1747f5b8299/element - {"using":"xpath","value":"//table[contains(@id, \"listView-innerSelectionPanelTable-listUl\")]/tbody/tr[13]/td[3]/div/div/span/span[1]/bdi"}
RESULT: {"using":"xpath","value":"//table[contains(@id, \"listView-innerSelectionPanelTable-listUl\")]/tbody/tr[13]/td[3]/div/div/span/span[1]/bdi"}
COMMAND: POST /session/2c3e5cc3018601d52a1ae1747f5b8299/execute/sync - {"script":"<script> [56 bytes]","args":[{"element-6066-11e4-a52e-4f735466cecf":"f.37FD799F3153CD067689FB9668CC9BBA.d.54ED6B640F8569D7B79F78E6FF261179.e.7879","ELEMENT":"f.37FD799F3153CD067689FB9668CC9BBA.d.54ED6B640F8569D7B79F78E6FF261179.e.7879"}]}
RESULT: {"script":"<script> [56 bytes]","args":[{"element-6066-11e4-a52e-4f735466cecf":"f.37FD799F3153CD067689FB9668CC9BBA.d.54ED6B640F8569D7B79F78E6FF261179.e.7879","ELEMENT":"f.37FD799F3153CD067689FB9668CC9BBA.d.54ED6B640F8569D7B79F78E6FF261179.e.7879"}]}
COMMAND: GET /session/2c3e5cc3018601d52a1ae1747f5b8299/element/f.37FD799F3153CD067689FB9668CC9BBA.d.54ED6B640F8569D7B79F78E6FF261179.e.7878/attribute/aria-checked - {}
COMMAND: GET /session/2c3e5cc3018601d52a1ae1747f5b8299/screenshot - {}
RESULT: {}
COMMAND: POST /session/2c3e5cc3018601d52a1ae1747f5b8299/element - {"using":"xpath","value":"//table[contains(@id, \"listView-innerSelectionPanelTable-listUl\")]/tbody/tr[14]/td[2]/div/div"}
RESULT: {}
RESULT: {"using":"xpath","value":"//table[contains(@id, \"listView-innerSelectionPanelTable-listUl\")]/tbody/tr[14]/td[2]/div/div"}
COMMAND: POST /session/2c3e5cc3018601d52a1ae1747f5b8299/element - {"using":"xpath","value":"//table[contains(@id, \"listView-innerSelectionPanelTable-listUl\")]/tbody/tr[14]/td[2]/div"}
RESULT: {"using":"xpath","value":"//table[contains(@id, \"listView-innerSelectionPanelTable-listUl\")]/tbody/tr[14]/td[2]/div"}
COMMAND: POST /session/2c3e5cc3018601d52a1ae1747f5b8299/element - {"using":"xpath","value":"//table[contains(@id, \"listView-innerSelectionPanelTable-listUl\")]/tbody/tr[14]/td[3]/div/div/span/span[1]/bdi"}
RESULT: {"using":"xpath","value":"//table[contains(@id, \"listView-innerSelectionPanelTable-listUl\")]/tbody/tr[14]/td[3]/div/div/span/span[1]/bdi"}
COMMAND: POST /session/2c3e5cc3018601d52a1ae1747f5b8299/execute/sync - {"script":"<script> [56 bytes]","args":[{"element-6066-11e4-a52e-4f735466cecf":"f.37FD799F3153CD067689FB9668CC9BBA.d.54ED6B640F8569D7B79F78E6FF261179.e.7882","ELEMENT":"f.37FD799F3153CD067689FB9668CC9BBA.d.54ED6B640F8569D7B79F78E6FF261179.e.7882"}]}
RESULT: {"script":"<script> [56 bytes]","args":[{"element-6066-11e4-a52e-4f735466cecf":"f.37FD799F3153CD067689FB9668CC9BBA.d.54ED6B640F8569D7B79F78E6FF261179.e.7882","ELEMENT":"f.37FD799F3153CD067689FB9668CC9BBA.d.54ED6B640F8569D7B79F78E6FF261179.e.7882"}]}
COMMAND: GET /session/2c3e5cc3018601d52a1ae1747f5b8299/element/f.37FD799F3153CD067689FB9668CC9BBA.d.54ED6B640F8569D7B79F78E6FF261179.e.7881/attribute/aria-checked - {}
COMMAND: GET /session/2c3e5cc3018601d52a1ae1747f5b8299/screenshot - {}
RESULT: {}
COMMAND: POST /session/2c3e5cc3018601d52a1ae1747f5b8299/element - {"using":"xpath","value":"//table[contains(@id, \"listView-innerSelectionPanelTable-listUl\")]/tbody/tr[15]/td[2]/div/div"}
RESULT: {}
RESULT: {"using":"xpath","value":"//table[contains(@id, \"listView-innerSelectionPanelTable-listUl\")]/tbody/tr[15]/td[2]/div/div"}
COMMAND: POST /session/2c3e5cc3018601d52a1ae1747f5b8299/element - {"using":"xpath","value":"//table[contains(@id, \"listView-innerSelectionPanelTable-listUl\")]/tbody/tr[15]/td[2]/div"}
RESULT: {"using":"xpath","value":"//table[contains(@id, \"listView-innerSelectionPanelTable-listUl\")]/tbody/tr[15]/td[2]/div"}
COMMAND: POST /session/2c3e5cc3018601d52a1ae1747f5b8299/element - {"using":"xpath","value":"//table[contains(@id, \"listView-innerSelectionPanelTable-listUl\")]/tbody/tr[15]/td[3]/div/div/span/span[1]/bdi"}
RESULT: {"using":"xpath","value":"//table[contains(@id, \"listView-innerSelectionPanelTable-listUl\")]/tbody/tr[15]/td[3]/div/div/span/span[1]/bdi"}
COMMAND: POST /session/2c3e5cc3018601d52a1ae1747f5b8299/execute/sync - {"script":"<script> [56 bytes]","args":[{"element-6066-11e4-a52e-4f735466cecf":"f.37FD799F3153CD067689FB9668CC9BBA.d.54ED6B640F8569D7B79F78E6FF261179.e.7885","ELEMENT":"f.37FD799F3153CD067689FB9668CC9BBA.d.54ED6B640F8569D7B79F78E6FF261179.e.7885"}]}
RESULT: {"script":"<script> [56 bytes]","args":[{"element-6066-11e4-a52e-4f735466cecf":"f.37FD799F3153CD067689FB9668CC9BBA.d.54ED6B640F8569D7B79F78E6FF261179.e.7885","ELEMENT":"f.37FD799F3153CD067689FB9668CC9BBA.d.54ED6B640F8569D7B79F78E6FF261179.e.7885"}]}
COMMAND: GET /session/2c3e5cc3018601d52a1ae1747f5b8299/element/f.37FD799F3153CD067689FB9668CC9BBA.d.54ED6B640F8569D7B79F78E6FF261179.e.7884/attribute/aria-checked - {}
COMMAND: GET /session/2c3e5cc3018601d52a1ae1747f5b8299/screenshot - {}
RESULT: {}
COMMAND: POST /session/2c3e5cc3018601d52a1ae1747f5b8299/element - {"using":"xpath","value":"//table[contains(@id, \"listView-innerSelectionPanelTable-listUl\")]/tbody/tr[16]/td[2]/div/div"}
RESULT: {}
RESULT: {"using":"xpath","value":"//table[contains(@id, \"listView-innerSelectionPanelTable-listUl\")]/tbody/tr[16]/td[2]/div/div"}
COMMAND: POST /session/2c3e5cc3018601d52a1ae1747f5b8299/element - {"using":"xpath","value":"//table[contains(@id, \"listView-innerSelectionPanelTable-listUl\")]/tbody/tr[16]/td[2]/div"}
RESULT: {"using":"xpath","value":"//table[contains(@id, \"listView-innerSelectionPanelTable-listUl\")]/tbody/tr[16]/td[2]/div"}
COMMAND: POST /session/2c3e5cc3018601d52a1ae1747f5b8299/element - {"using":"xpath","value":"//table[contains(@id, \"listView-innerSelectionPanelTable-listUl\")]/tbody/tr[16]/td[3]/div/div/span/span[1]/bdi"}
RESULT: {"using":"xpath","value":"//table[contains(@id, \"listView-innerSelectionPanelTable-listUl\")]/tbody/tr[16]/td[3]/div/div/span/span[1]/bdi"}
COMMAND: POST /session/2c3e5cc3018601d52a1ae1747f5b8299/execute/sync - {"script":"<script> [56 bytes]","args":[{"element-6066-11e4-a52e-4f735466cecf":"f.37FD799F3153CD067689FB9668CC9BBA.d.54ED6B640F8569D7B79F78E6FF261179.e.7888","ELEMENT":"f.37FD799F3153CD067689FB9668CC9BBA.d.54ED6B640F8569D7B79F78E6FF261179.e.7888"}]}
RESULT: {"script":"<script> [56 bytes]","args":[{"element-6066-11e4-a52e-4f735466cecf":"f.37FD799F3153CD067689FB9668CC9BBA.d.54ED6B640F8569D7B79F78E6FF261179.e.7888","ELEMENT":"f.37FD799F3153CD067689FB9668CC9BBA.d.54ED6B640F8569D7B79F78E6FF261179.e.7888"}]}
COMMAND: GET /session/2c3e5cc3018601d52a1ae1747f5b8299/element/f.37FD799F3153CD067689FB9668CC9BBA.d.54ED6B640F8569D7B79F78E6FF261179.e.7887/attribute/aria-checked - {}
COMMAND: GET /session/2c3e5cc3018601d52a1ae1747f5b8299/screenshot - {}
RESULT: {}
COMMAND: POST /session/2c3e5cc3018601d52a1ae1747f5b8299/element - {"using":"xpath","value":"//table[contains(@id, \"listView-innerSelectionPanelTable-listUl\")]/tbody/tr[17]/td[2]/div/div"}
RESULT: {}
RESULT: {"using":"xpath","value":"//table[contains(@id, \"listView-innerSelectionPanelTable-listUl\")]/tbody/tr[17]/td[2]/div/div"}
COMMAND: POST /session/2c3e5cc3018601d52a1ae1747f5b8299/element - {"using":"xpath","value":"//table[contains(@id, \"listView-innerSelectionPanelTable-listUl\")]/tbody/tr[17]/td[2]/div"}
RESULT: {"using":"xpath","value":"//table[contains(@id, \"listView-innerSelectionPanelTable-listUl\")]/tbody/tr[17]/td[2]/div"}
COMMAND: POST /session/2c3e5cc3018601d52a1ae1747f5b8299/element - {"using":"xpath","value":"//table[contains(@id, \"listView-innerSelectionPanelTable-listUl\")]/tbody/tr[17]/td[3]/div/div/span/span[1]/bdi"}
RESULT: {"using":"xpath","value":"//table[contains(@id, \"listView-innerSelectionPanelTable-listUl\")]/tbody/tr[17]/td[3]/div/div/span/span[1]/bdi"}
COMMAND: POST /session/2c3e5cc3018601d52a1ae1747f5b8299/execute/sync - {"script":"<script> [56 bytes]","args":[{"element-6066-11e4-a52e-4f735466cecf":"f.37FD799F3153CD067689FB9668CC9BBA.d.54ED6B640F8569D7B79F78E6FF261179.e.7891","ELEMENT":"f.37FD799F3153CD067689FB9668CC9BBA.d.54ED6B640F8569D7B79F78E6FF261179.e.7891"}]}
RESULT: {"script":"<script> [56 bytes]","args":[{"element-6066-11e4-a52e-4f735466cecf":"f.37FD799F3153CD067689FB9668CC9BBA.d.54ED6B640F8569D7B79F78E6FF261179.e.7891","ELEMENT":"f.37FD799F3153CD067689FB9668CC9BBA.d.54ED6B640F8569D7B79F78E6FF261179.e.7891"}]}
COMMAND: GET /session/2c3e5cc3018601d52a1ae1747f5b8299/element/f.37FD799F3153CD067689FB9668CC9BBA.d.54ED6B640F8569D7B79F78E6FF261179.e.7890/attribute/aria-checked - {}
COMMAND: GET /session/2c3e5cc3018601d52a1ae1747f5b8299/screenshot - {}
RESULT: {}
COMMAND: POST /session/2c3e5cc3018601d52a1ae1747f5b8299/element - {"using":"xpath","value":"//table[contains(@id, \"listView-innerSelectionPanelTable-listUl\")]/tbody/tr[18]/td[2]/div/div"}
RESULT: {}
RESULT: {"using":"xpath","value":"//table[contains(@id, \"listView-innerSelectionPanelTable-listUl\")]/tbody/tr[18]/td[2]/div/div"}
COMMAND: POST /session/2c3e5cc3018601d52a1ae1747f5b8299/element - {"using":"xpath","value":"//table[contains(@id, \"listView-innerSelectionPanelTable-listUl\")]/tbody/tr[18]/td[2]/div"}
RESULT: {"using":"xpath","value":"//table[contains(@id, \"listView-innerSelectionPanelTable-listUl\")]/tbody/tr[18]/td[2]/div"}
COMMAND: POST /session/2c3e5cc3018601d52a1ae1747f5b8299/element - {"using":"xpath","value":"//table[contains(@id, \"listView-innerSelectionPanelTable-listUl\")]/tbody/tr[18]/td[3]/div/div/span/span[1]/bdi"}
RESULT: {"using":"xpath","value":"//table[contains(@id, \"listView-innerSelectionPanelTable-listUl\")]/tbody/tr[18]/td[3]/div/div/span/span[1]/bdi"}
COMMAND: POST /session/2c3e5cc3018601d52a1ae1747f5b8299/execute/sync - {"script":"<script> [56 bytes]","args":[{"element-6066-11e4-a52e-4f735466cecf":"f.37FD799F3153CD067689FB9668CC9BBA.d.54ED6B640F8569D7B79F78E6FF261179.e.7894","ELEMENT":"f.37FD799F3153CD067689FB9668CC9BBA.d.54ED6B640F8569D7B79F78E6FF261179.e.7894"}]}
RESULT: {"script":"<script> [56 bytes]","args":[{"element-6066-11e4-a52e-4f735466cecf":"f.37FD799F3153CD067689FB9668CC9BBA.d.54ED6B640F8569D7B79F78E6FF261179.e.7894","ELEMENT":"f.37FD799F3153CD067689FB9668CC9BBA.d.54ED6B640F8569D7B79F78E6FF261179.e.7894"}]}
COMMAND: GET /session/2c3e5cc3018601d52a1ae1747f5b8299/element/f.37FD799F3153CD067689FB9668CC9BBA.d.54ED6B640F8569D7B79F78E6FF261179.e.7893/attribute/aria-checked - {}
COMMAND: GET /session/2c3e5cc3018601d52a1ae1747f5b8299/screenshot - {}
RESULT: {}
COMMAND: POST /session/2c3e5cc3018601d52a1ae1747f5b8299/element - {"using":"xpath","value":"//table[contains(@id, \"listView-innerSelectionPanelTable-listUl\")]/tbody/tr[19]/td[2]/div/div"}
RESULT: {}
RESULT: {"using":"xpath","value":"//table[contains(@id, \"listView-innerSelectionPanelTable-listUl\")]/tbody/tr[19]/td[2]/div/div"}
COMMAND: POST /session/2c3e5cc3018601d52a1ae1747f5b8299/element - {"using":"xpath","value":"//table[contains(@id, \"listView-innerSelectionPanelTable-listUl\")]/tbody/tr[19]/td[2]/div"}
RESULT: {"using":"xpath","value":"//table[contains(@id, \"listView-innerSelectionPanelTable-listUl\")]/tbody/tr[19]/td[2]/div"}
COMMAND: POST /session/2c3e5cc3018601d52a1ae1747f5b8299/element - {"using":"xpath","value":"//table[contains(@id, \"listView-innerSelectionPanelTable-listUl\")]/tbody/tr[19]/td[3]/div/div/span/span[1]/bdi"}
RESULT: {"using":"xpath","value":"//table[contains(@id, \"listView-innerSelectionPanelTable-listUl\")]/tbody/tr[19]/td[3]/div/div/span/span[1]/bdi"}
COMMAND: POST /session/2c3e5cc3018601d52a1ae1747f5b8299/execute/sync - {"script":"<script> [56 bytes]","args":[{"element-6066-11e4-a52e-4f735466cecf":"f.37FD799F3153CD067689FB9668CC9BBA.d.54ED6B640F8569D7B79F78E6FF261179.e.7897","ELEMENT":"f.37FD799F3153CD067689FB9668CC9BBA.d.54ED6B640F8569D7B79F78E6FF261179.e.7897"}]}
RESULT: {"script":"<script> [56 bytes]","args":[{"element-6066-11e4-a52e-4f735466cecf":"f.37FD799F3153CD067689FB9668CC9BBA.d.54ED6B640F8569D7B79F78E6FF261179.e.7897","ELEMENT":"f.37FD799F3153CD067689FB9668CC9BBA.d.54ED6B640F8569D7B79F78E6FF261179.e.7897"}]}
COMMAND: GET /session/2c3e5cc3018601d52a1ae1747f5b8299/element/f.37FD799F3153CD067689FB9668CC9BBA.d.54ED6B640F8569D7B79F78E6FF261179.e.7896/attribute/aria-checked - {}
COMMAND: GET /session/2c3e5cc3018601d52a1ae1747f5b8299/screenshot - {}
RESULT: {}
COMMAND: POST /session/2c3e5cc3018601d52a1ae1747f5b8299/element - {"using":"xpath","value":"//table[contains(@id, \"listView-innerSelectionPanelTable-listUl\")]/tbody/tr[20]/td[2]/div/div"}
RESULT: {}
RESULT: {"using":"xpath","value":"//table[contains(@id, \"listView-innerSelectionPanelTable-listUl\")]/tbody/tr[20]/td[2]/div/div"}
COMMAND: POST /session/2c3e5cc3018601d52a1ae1747f5b8299/element - {"using":"xpath","value":"//table[contains(@id, \"listView-innerSelectionPanelTable-listUl\")]/tbody/tr[20]/td[2]/div"}
RESULT: {"using":"xpath","value":"//table[contains(@id, \"listView-innerSelectionPanelTable-listUl\")]/tbody/tr[20]/td[2]/div"}
COMMAND: POST /session/2c3e5cc3018601d52a1ae1747f5b8299/element - {"using":"xpath","value":"//table[contains(@id, \"listView-innerSelectionPanelTable-listUl\")]/tbody/tr[20]/td[3]/div/div/span/span[1]/bdi"}
RESULT: {"using":"xpath","value":"//table[contains(@id, \"listView-innerSelectionPanelTable-listUl\")]/tbody/tr[20]/td[3]/div/div/span/span[1]/bdi"}
COMMAND: POST /session/2c3e5cc3018601d52a1ae1747f5b8299/execute/sync - {"script":"<script> [56 bytes]","args":[{"element-6066-11e4-a52e-4f735466cecf":"f.37FD799F3153CD067689FB9668CC9BBA.d.54ED6B640F8569D7B79F78E6FF261179.e.7900","ELEMENT":"f.37FD799F3153CD067689FB9668CC9BBA.d.54ED6B640F8569D7B79F78E6FF261179.e.7900"}]}
RESULT: {"script":"<script> [56 bytes]","args":[{"element-6066-11e4-a52e-4f735466cecf":"f.37FD799F3153CD067689FB9668CC9BBA.d.54ED6B640F8569D7B79F78E6FF261179.e.7900","ELEMENT":"f.37FD799F3153CD067689FB9668CC9BBA.d.54ED6B640F8569D7B79F78E6FF261179.e.7900"}]}
COMMAND: GET /session/2c3e5cc3018601d52a1ae1747f5b8299/element/f.37FD799F3153CD067689FB9668CC9BBA.d.54ED6B640F8569D7B79F78E6FF261179.e.7899/attribute/aria-checked - {}
COMMAND: GET /session/2c3e5cc3018601d52a1ae1747f5b8299/screenshot - {}
RESULT: {}
COMMAND: POST /session/2c3e5cc3018601d52a1ae1747f5b8299/element - {"using":"xpath","value":"//table[contains(@id, \"listView-innerSelectionPanelTable-listUl\")]/tbody/tr[21]/td[2]/div/div"}
COMMAND: POST /session/2c3e5cc3018601d52a1ae1747f5b8299/element/f.37FD799F3153CD067689FB9668CC9BBA.d.54ED6B640F8569D7B79F78E6FF261179.e.7898/click - {}
RESULT: {}
RESULT: {"using":"xpath","value":"//table[contains(@id, \"listView-innerSelectionPanelTable-listUl\")]/tbody/tr[21]/td[2]/div/div"}
COMMAND: POST /session/2c3e5cc3018601d52a1ae1747f5b8299/element - {"using":"xpath","value":"//table[contains(@id, \"listView-innerSelectionPanelTable-listUl\")]/tbody/tr[21]/td[2]/div"}
RESULT: {}
COMMAND: GET /session/2c3e5cc3018601d52a1ae1747f5b8299/screenshot - {}
RESULT: {"using":"xpath","value":"//table[contains(@id, \"listView-innerSelectionPanelTable-listUl\")]/tbody/tr[21]/td[2]/div"}
COMMAND: POST /session/2c3e5cc3018601d52a1ae1747f5b8299/element - {"using":"xpath","value":"//table[contains(@id, \"listView-innerSelectionPanelTable-listUl\")]/tbody/tr[21]/td[3]/div/div/span/span[1]/bdi"}
RESULT: {}
RESULT: {"using":"xpath","value":"//table[contains(@id, \"listView-innerSelectionPanelTable-listUl\")]/tbody/tr[21]/td[3]/div/div/span/span[1]/bdi"}
COMMAND: POST /session/2c3e5cc3018601d52a1ae1747f5b8299/execute/sync - {"script":"<script> [56 bytes]","args":[{"element-6066-11e4-a52e-4f735466cecf":"f.37FD799F3153CD067689FB9668CC9BBA.d.54ED6B640F8569D7B79F78E6FF261179.e.7906","ELEMENT":"f.37FD799F3153CD067689FB9668CC9BBA.d.54ED6B640F8569D7B79F78E6FF261179.e.7906"}]}
RESULT: {"script":"<script> [56 bytes]","args":[{"element-6066-11e4-a52e-4f735466cecf":"f.37FD799F3153CD067689FB9668CC9BBA.d.54ED6B640F8569D7B79F78E6FF261179.e.7906","ELEMENT":"f.37FD799F3153CD067689FB9668CC9BBA.d.54ED6B640F8569D7B79F78E6FF261179.e.7906"}]}
COMMAND: GET /session/2c3e5cc3018601d52a1ae1747f5b8299/element/f.37FD799F3153CD067689FB9668CC9BBA.d.54ED6B640F8569D7B79F78E6FF261179.e.7905/attribute/aria-checked - {}
COMMAND: GET /session/2c3e5cc3018601d52a1ae1747f5b8299/screenshot - {}
RESULT: {}
COMMAND: POST /session/2c3e5cc3018601d52a1ae1747f5b8299/element - {"using":"xpath","value":"//table[contains(@id, \"listView-innerSelectionPanelTable-listUl\")]/tbody/tr[22]/td[2]/div/div"}
COMMAND: POST /session/2c3e5cc3018601d52a1ae1747f5b8299/element/f.37FD799F3153CD067689FB9668CC9BBA.d.54ED6B640F8569D7B79F78E6FF261179.e.7901/click - {}
RESULT: {}
RESULT: {"using":"xpath","value":"//table[contains(@id, \"listView-innerSelectionPanelTable-listUl\")]/tbody/tr[22]/td[2]/div/div"}
COMMAND: POST /session/2c3e5cc3018601d52a1ae1747f5b8299/element - {"using":"xpath","value":"//table[contains(@id, \"listView-innerSelectionPanelTable-listUl\")]/tbody/tr[22]/td[2]/div"}
RESULT: {}
COMMAND: GET /session/2c3e5cc3018601d52a1ae1747f5b8299/screenshot - {}
RESULT: {"using":"xpath","value":"//table[contains(@id, \"listView-innerSelectionPanelTable-listUl\")]/tbody/tr[22]/td[2]/div"}
COMMAND: POST /session/2c3e5cc3018601d52a1ae1747f5b8299/element - {"using":"xpath","value":"//table[contains(@id, \"listView-innerSelectionPanelTable-listUl\")]/tbody/tr[22]/td[3]/div/div/span/span[1]/bdi"}
RESULT: {}
RESULT: {"using":"xpath","value":"//table[contains(@id, \"listView-innerSelectionPanelTable-listUl\")]/tbody/tr[22]/td[3]/div/div/span/span[1]/bdi"}
COMMAND: POST /session/2c3e5cc3018601d52a1ae1747f5b8299/execute/sync - {"script":"<script> [56 bytes]","args":[{"element-6066-11e4-a52e-4f735466cecf":"f.37FD799F3153CD067689FB9668CC9BBA.d.54ED6B640F8569D7B79F78E6FF261179.e.7910","ELEMENT":"f.37FD799F3153CD067689FB9668CC9BBA.d.54ED6B640F8569D7B79F78E6FF261179.e.7910"}]}
RESULT: {"script":"<script> [56 bytes]","args":[{"element-6066-11e4-a52e-4f735466cecf":"f.37FD799F3153CD067689FB9668CC9BBA.d.54ED6B640F8569D7B79F78E6FF261179.e.7910","ELEMENT":"f.37FD799F3153CD067689FB9668CC9BBA.d.54ED6B640F8569D7B79F78E6FF261179.e.7910"}]}
COMMAND: GET /session/2c3e5cc3018601d52a1ae1747f5b8299/element/f.37FD799F3153CD067689FB9668CC9BBA.d.54ED6B640F8569D7B79F78E6FF261179.e.7909/attribute/aria-checked - {}
COMMAND: GET /session/2c3e5cc3018601d52a1ae1747f5b8299/screenshot - {}
RESULT: {}
COMMAND: POST /session/2c3e5cc3018601d52a1ae1747f5b8299/element - {"using":"xpath","value":"//table[contains(@id, \"listView-innerSelectionPanelTable-listUl\")]/tbody/tr[23]/td[2]/div/div"}
RESULT: {}
RESULT: {"using":"xpath","value":"//table[contains(@id, \"listView-innerSelectionPanelTable-listUl\")]/tbody/tr[23]/td[2]/div/div"}
COMMAND: POST /session/2c3e5cc3018601d52a1ae1747f5b8299/element - {"using":"xpath","value":"//table[contains(@id, \"listView-innerSelectionPanelTable-listUl\")]/tbody/tr[23]/td[2]/div"}
RESULT: {"using":"xpath","value":"//table[contains(@id, \"listView-innerSelectionPanelTable-listUl\")]/tbody/tr[23]/td[2]/div"}
COMMAND: POST /session/2c3e5cc3018601d52a1ae1747f5b8299/element - {"using":"xpath","value":"//table[contains(@id, \"listView-innerSelectionPanelTable-listUl\")]/tbody/tr[23]/td[3]/div/div/span/span[1]/bdi"}
RESULT: {"using":"xpath","value":"//table[contains(@id, \"listView-innerSelectionPanelTable-listUl\")]/tbody/tr[23]/td[3]/div/div/span/span[1]/bdi"}
COMMAND: POST /session/2c3e5cc3018601d52a1ae1747f5b8299/execute/sync - {"script":"<script> [56 bytes]","args":[{"element-6066-11e4-a52e-4f735466cecf":"f.37FD799F3153CD067689FB9668CC9BBA.d.54ED6B640F8569D7B79F78E6FF261179.e.7913","ELEMENT":"f.37FD799F3153CD067689FB9668CC9BBA.d.54ED6B640F8569D7B79F78E6FF261179.e.7913"}]}
RESULT: {"script":"<script> [56 bytes]","args":[{"element-6066-11e4-a52e-4f735466cecf":"f.37FD799F3153CD067689FB9668CC9BBA.d.54ED6B640F8569D7B79F78E6FF261179.e.7913","ELEMENT":"f.37FD799F3153CD067689FB9668CC9BBA.d.54ED6B640F8569D7B79F78E6FF261179.e.7913"}]}
COMMAND: GET /session/2c3e5cc3018601d52a1ae1747f5b8299/element/f.37FD799F3153CD067689FB9668CC9BBA.d.54ED6B640F8569D7B79F78E6FF261179.e.7912/attribute/aria-checked - {}
COMMAND: GET /session/2c3e5cc3018601d52a1ae1747f5b8299/screenshot - {}
RESULT: {}
COMMAND: POST /session/2c3e5cc3018601d52a1ae1747f5b8299/element - {"using":"xpath","value":"//table[contains(@id, \"listView-innerSelectionPanelTable-listUl\")]/tbody/tr[24]/td[2]/div/div"}
RESULT: {}
RESULT: {"using":"xpath","value":"//table[contains(@id, \"listView-innerSelectionPanelTable-listUl\")]/tbody/tr[24]/td[2]/div/div"}
COMMAND: POST /session/2c3e5cc3018601d52a1ae1747f5b8299/element - {"using":"xpath","value":"//table[contains(@id, \"listView-innerSelectionPanelTable-listUl\")]/tbody/tr[24]/td[2]/div"}
RESULT: {"using":"xpath","value":"//table[contains(@id, \"listView-innerSelectionPanelTable-listUl\")]/tbody/tr[24]/td[2]/div"}
COMMAND: POST /session/2c3e5cc3018601d52a1ae1747f5b8299/element - {"using":"xpath","value":"//table[contains(@id, \"listView-innerSelectionPanelTable-listUl\")]/tbody/tr[24]/td[3]/div/div/span/span[1]/bdi"}
RESULT: {"using":"xpath","value":"//table[contains(@id, \"listView-innerSelectionPanelTable-listUl\")]/tbody/tr[24]/td[3]/div/div/span/span[1]/bdi"}
COMMAND: POST /session/2c3e5cc3018601d52a1ae1747f5b8299/execute/sync - {"script":"<script> [56 bytes]","args":[{"element-6066-11e4-a52e-4f735466cecf":"f.37FD799F3153CD067689FB9668CC9BBA.d.54ED6B640F8569D7B79F78E6FF261179.e.7916","ELEMENT":"f.37FD799F3153CD067689FB9668CC9BBA.d.54ED6B640F8569D7B79F78E6FF261179.e.7916"}]}
RESULT: {"script":"<script> [56 bytes]","args":[{"element-6066-11e4-a52e-4f735466cecf":"f.37FD799F3153CD067689FB9668CC9BBA.d.54ED6B640F8569D7B79F78E6FF261179.e.7916","ELEMENT":"f.37FD799F3153CD067689FB9668CC9BBA.d.54ED6B640F8569D7B79F78E6FF261179.e.7916"}]}
COMMAND: GET /session/2c3e5cc3018601d52a1ae1747f5b8299/element/f.37FD799F3153CD067689FB9668CC9BBA.d.54ED6B640F8569D7B79F78E6FF261179.e.7915/attribute/aria-checked - {}
COMMAND: GET /session/2c3e5cc3018601d52a1ae1747f5b8299/screenshot - {}
RESULT: {}
COMMAND: POST /session/2c3e5cc3018601d52a1ae1747f5b8299/element - {"using":"xpath","value":"//table[contains(@id, \"listView-innerSelectionPanelTable-listUl\")]/tbody/tr[25]/td[2]/div/div"}
RESULT: {}
RESULT: {"using":"xpath","value":"//table[contains(@id, \"listView-innerSelectionPanelTable-listUl\")]/tbody/tr[25]/td[2]/div/div"}
COMMAND: POST /session/2c3e5cc3018601d52a1ae1747f5b8299/element - {"using":"xpath","value":"//table[contains(@id, \"listView-innerSelectionPanelTable-listUl\")]/tbody/tr[25]/td[2]/div"}
RESULT: {"using":"xpath","value":"//table[contains(@id, \"listView-innerSelectionPanelTable-listUl\")]/tbody/tr[25]/td[2]/div"}
COMMAND: POST /session/2c3e5cc3018601d52a1ae1747f5b8299/element - {"using":"xpath","value":"//table[contains(@id, \"listView-innerSelectionPanelTable-listUl\")]/tbody/tr[25]/td[3]/div/div/span/span[1]/bdi"}
RESULT: {"using":"xpath","value":"//table[contains(@id, \"listView-innerSelectionPanelTable-listUl\")]/tbody/tr[25]/td[3]/div/div/span/span[1]/bdi"}
COMMAND: POST /session/2c3e5cc3018601d52a1ae1747f5b8299/execute/sync - {"script":"<script> [56 bytes]","args":[{"element-6066-11e4-a52e-4f735466cecf":"f.37FD799F3153CD067689FB9668CC9BBA.d.54ED6B640F8569D7B79F78E6FF261179.e.7919","ELEMENT":"f.37FD799F3153CD067689FB9668CC9BBA.d.54ED6B640F8569D7B79F78E6FF261179.e.7919"}]}
RESULT: {"script":"<script> [56 bytes]","args":[{"element-6066-11e4-a52e-4f735466cecf":"f.37FD799F3153CD067689FB9668CC9BBA.d.54ED6B640F8569D7B79F78E6FF261179.e.7919","ELEMENT":"f.37FD799F3153CD067689FB9668CC9BBA.d.54ED6B640F8569D7B79F78E6FF261179.e.7919"}]}
COMMAND: GET /session/2c3e5cc3018601d52a1ae1747f5b8299/element/f.37FD799F3153CD067689FB9668CC9BBA.d.54ED6B640F8569D7B79F78E6FF261179.e.7918/attribute/aria-checked - {}
COMMAND: GET /session/2c3e5cc3018601d52a1ae1747f5b8299/screenshot - {}
RESULT: {}
COMMAND: POST /session/2c3e5cc3018601d52a1ae1747f5b8299/element - {"using":"xpath","value":"//bdi[contains(text(), \"OK\")]"}
RESULT: {}
RESULT: {"using":"xpath","value":"//bdi[contains(text(), \"OK\")]"}
COMMAND: POST /session/2c3e5cc3018601d52a1ae1747f5b8299/element/f.37FD799F3153CD067689FB9668CC9BBA.d.54ED6B640F8569D7B79F78E6FF261179.e.7920/click - {}
RESULT: {}
COMMAND: GET /session/2c3e5cc3018601d52a1ae1747f5b8299/screenshot - {}
RESULT: {}
COMMAND: POST /session/2c3e5cc3018601d52a1ae1747f5b8299/execute/async - {"script":"<script> [1562 bytes]","args":[{"selector":{"id":"application-managepartners-display-component---masterPtm--smartFilterBar-filterItemControlA_-LINK_TO_ADDRESSES_MAIN.ID-vhi"},"wdio_ui5_key":"applicationmanagepartners-display-component---masterPtm--smartFilterBar-filterItemControlA_-LINK_TO_ADDRESSES_MAIN.ID-vhi"}]}
RESULT: {"script":"<script> [1562 bytes]","args":[{"selector":{"id":"application-managepartners-display-component---masterPtm--smartFilterBar-filterItemControlA_-LINK_TO_ADDRESSES_MAIN.ID-vhi"},"wdio_ui5_key":"applicationmanagepartners-display-component---masterPtm--smartFilterBar-filterItemControlA_-LINK_TO_ADDRESSES_MAIN.ID-vhi"}]}
RESULT: undefined
COMMAND: POST /session/2c3e5cc3018601d52a1ae1747f5b8299/element - {"using":"xpath","value":"//*[@id=\"application-managepartners-display-component---masterPtm--smartFilterBar-filterItemControlA_-LINK_TO_ADDRESSES_MAIN.ID-vhi\"]"}
RESULT: {"using":"xpath","value":"//*[@id=\"application-managepartners-display-component---masterPtm--smartFilterBar-filterItemControlA_-LINK_TO_ADDRESSES_MAIN.ID-vhi\"]"}
COMMAND: POST /session/2c3e5cc3018601d52a1ae1747f5b8299/element/f.37FD799F3153CD067689FB9668CC9BBA.d.54ED6B640F8569D7B79F78E6FF261179.e.7933/click - {}
RESULT: {}
COMMAND: GET /session/2c3e5cc3018601d52a1ae1747f5b8299/screenshot - {}
RESULT: {}
COMMAND: POST /session/2c3e5cc3018601d52a1ae1747f5b8299/element - {"using":"xpath","value":"//div[input[@value=\"contains\"]]//span[contains(@id, \"arrow\")]"}
RESULT: {"using":"xpath","value":"//div[input[@value=\"contains\"]]//span[contains(@id, \"arrow\")]"}
COMMAND: POST /session/2c3e5cc3018601d52a1ae1747f5b8299/element/f.37FD799F3153CD067689FB9668CC9BBA.d.54ED6B640F8569D7B79F78E6FF261179.e.7938/click - {}
RESULT: {}
COMMAND: GET /session/2c3e5cc3018601d52a1ae1747f5b8299/screenshot - {}
RESULT: {}
COMMAND: POST /session/2c3e5cc3018601d52a1ae1747f5b8299/element - {"using":"xpath","value":"//li[.//span[text()='equal to']]"}
RESULT: {"using":"xpath","value":"//li[.//span[text()='equal to']]"}
COMMAND: POST /session/2c3e5cc3018601d52a1ae1747f5b8299/element/f.37FD799F3153CD067689FB9668CC9BBA.d.54ED6B640F8569D7B79F78E6FF261179.e.7939/click - {}
RESULT: {}
COMMAND: GET /session/2c3e5cc3018601d52a1ae1747f5b8299/screenshot - {}
RESULT: {}
RESULT: undefined
COMMAND: POST /session/2c3e5cc3018601d52a1ae1747f5b8299/execute/async - {"script":"<script> [776 bytes]","args":[{"enterText":"1006","selector":{"controlType":"sap.m.Input","viewName":"etm.portal.ui.managepartners.view.Master","viewId":"application-managepartners-display-component---masterPtm","properties":{"valueState":"None"},"searchOpenDialogs":true,"interaction":{"idSuffix":"inner"}},"clearTextFirst":true,"interactionType":"ENTER_TEXT"}]}
RESULT: {"script":"<script> [776 bytes]","args":[{"enterText":"1006","selector":{"controlType":"sap.m.Input","viewName":"etm.portal.ui.managepartners.view.Master","viewId":"application-managepartners-display-component---masterPtm","properties":{"valueState":"None"},"searchOpenDialogs":true,"interaction":{"idSuffix":"inner"}},"clearTextFirst":true,"interactionType":"ENTER_TEXT"}]}
COMMAND: POST /session/2c3e5cc3018601d52a1ae1747f5b8299/actions - {"actions":[{"id":"action22","type":"key","parameters":{},"actions":[{"type":"keyDown","value":"î€‡"},{"type":"pause","duration":10},{"type":"keyUp","value":"î€‡"}]}]}
RESULT: {"actions":[{"id":"action22","type":"key","parameters":{},"actions":[{"type":"keyDown","value":"î€‡"},{"type":"pause","duration":10},{"type":"keyUp","value":"î€‡"}]}]}
COMMAND: GET /session/2c3e5cc3018601d52a1ae1747f5b8299/screenshot - {}
RESULT: {}
COMMAND: POST /session/2c3e5cc3018601d52a1ae1747f5b8299/element - {"using":"xpath","value":"(//bdi[contains(text(), \"OK\")])[1]"}
RESULT: {"using":"xpath","value":"(//bdi[contains(text(), \"OK\")])[1]"}
COMMAND: POST /session/2c3e5cc3018601d52a1ae1747f5b8299/element/f.37FD799F3153CD067689FB9668CC9BBA.d.54ED6B640F8569D7B79F78E6FF261179.e.7940/click - {}
RESULT: {}
COMMAND: GET /session/2c3e5cc3018601d52a1ae1747f5b8299/screenshot - {}
RESULT: {}
COMMAND: POST /session/2c3e5cc3018601d52a1ae1747f5b8299/element - {"using":"xpath","value":"//span[@id=\"application-managepartners-display-component---masterPtm--smartTable-header-inner\"]"}
RESULT: {"using":"xpath","value":"//span[@id=\"application-managepartners-display-component---masterPtm--smartTable-header-inner\"]"}
COMMAND: POST /session/2c3e5cc3018601d52a1ae1747f5b8299/elements - {"using":"xpath","value":"//span[@id=\"application-managepartners-display-component---masterPtm--smartTable-header-inner\"]"}
RESULT: {"using":"xpath","value":"//span[@id=\"application-managepartners-display-component---masterPtm--smartTable-header-inner\"]"}
COMMAND: POST /session/2c3e5cc3018601d52a1ae1747f5b8299/execute/sync - {"script":"<script> [56 bytes]","args":[{"element-6066-11e4-a52e-4f735466cecf":"f.37FD799F3153CD067689FB9668CC9BBA.d.54ED6B640F8569D7B79F78E6FF261179.e.7778","ELEMENT":"f.37FD799F3153CD067689FB9668CC9BBA.d.54ED6B640F8569D7B79F78E6FF261179.e.7778"}]}
RESULT: {"script":"<script> [56 bytes]","args":[{"element-6066-11e4-a52e-4f735466cecf":"f.37FD799F3153CD067689FB9668CC9BBA.d.54ED6B640F8569D7B79F78E6FF261179.e.7778","ELEMENT":"f.37FD799F3153CD067689FB9668CC9BBA.d.54ED6B640F8569D7B79F78E6FF261179.e.7778"}]}
COMMAND: POST /session/2c3e5cc3018601d52a1ae1747f5b8299/element - {"using":"xpath","value":"//span[contains(@title, \"Remove\")]"}
COMMAND: GET /session/2c3e5cc3018601d52a1ae1747f5b8299/screenshot - {}
RESULT: {"using":"xpath","value":"//span[contains(@title, \"Remove\")]"}
COMMAND: POST /session/2c3e5cc3018601d52a1ae1747f5b8299/element/f.37FD799F3153CD067689FB9668CC9BBA.d.54ED6B640F8569D7B79F78E6FF261179.e.7944/click - {}
RESULT: {}
RESULT: {}
COMMAND: GET /session/2c3e5cc3018601d52a1ae1747f5b8299/screenshot - {}
RESULT: {}
RESULT: undefined
COMMAND: POST /session/2c3e5cc3018601d52a1ae1747f5b8299/element - {"using":"xpath","value":"//*[@id=\"application-managepartners-display-component---masterPtm--smartFilterBar-filterItemControl_BASIC-YARD-vhi\"]"}
RESULT: {"using":"xpath","value":"//*[@id=\"application-managepartners-display-component---masterPtm--smartFilterBar-filterItemControl_BASIC-YARD-vhi\"]"}
COMMAND: POST /session/2c3e5cc3018601d52a1ae1747f5b8299/element/f.37FD799F3153CD067689FB9668CC9BBA.d.54ED6B640F8569D7B79F78E6FF261179.e.8051/click - {}
RESULT: {}
COMMAND: GET /session/2c3e5cc3018601d52a1ae1747f5b8299/screenshot - {}
RESULT: {}
RESULT: undefined
COMMAND: POST /session/2c3e5cc3018601d52a1ae1747f5b8299/execute/async - {"script":"<script> [776 bytes]","args":[{"enterText":"Test","selector":{"id":"application-managepartners-display-component---masterPtm--smartFilterBar-filterItemControl_BASIC-YARD-valueHelpDialog-smartFilterBar-btnBasicSearch","searchOpenDialogs":true,"interaction":{"idSuffix":"I"}},"clearTextFirst":true,"interactionType":"ENTER_TEXT"}]}
RESULT: {"script":"<script> [776 bytes]","args":[{"enterText":"Test","selector":{"id":"application-managepartners-display-component---masterPtm--smartFilterBar-filterItemControl_BASIC-YARD-valueHelpDialog-smartFilterBar-btnBasicSearch","searchOpenDialogs":true,"interaction":{"idSuffix":"I"}},"clearTextFirst":true,"interactionType":"ENTER_TEXT"}]}
COMMAND: POST /session/2c3e5cc3018601d52a1ae1747f5b8299/actions - {"actions":[{"id":"action23","type":"key","parameters":{},"actions":[{"type":"keyDown","value":"î€‡"},{"type":"pause","duration":10},{"type":"keyUp","value":"î€‡"}]}]}
RESULT: {"actions":[{"id":"action23","type":"key","parameters":{},"actions":[{"type":"keyDown","value":"î€‡"},{"type":"pause","duration":10},{"type":"keyUp","value":"î€‡"}]}]}
COMMAND: POST /session/2c3e5cc3018601d52a1ae1747f5b8299/elements - {"using":"xpath","value":"//table[contains(@id, \"smartFilterBar-filterItemControl_BASIC-YARD-valueHelpDialog-table-table\")]/tbody/tr"}
COMMAND: GET /session/2c3e5cc3018601d52a1ae1747f5b8299/screenshot - {}
RESULT: {"using":"xpath","value":"//table[contains(@id, \"smartFilterBar-filterItemControl_BASIC-YARD-valueHelpDialog-table-table\")]/tbody/tr"}
COMMAND: POST /session/2c3e5cc3018601d52a1ae1747f5b8299/element - {"using":"xpath","value":"//table[contains(@id, \"smartFilterBar-filterItemControl_BASIC-YARD-valueHelpDialog-table-table\")]/tbody/tr[1]/td[1]/div/span"}
RESULT: {}
RESULT: {"using":"xpath","value":"//table[contains(@id, \"smartFilterBar-filterItemControl_BASIC-YARD-valueHelpDialog-table-table\")]/tbody/tr[1]/td[1]/div/span"}
COMMAND: POST /session/2c3e5cc3018601d52a1ae1747f5b8299/elements - {"using":"xpath","value":"//table[contains(@id, \"smartFilterBar-filterItemControl_BASIC-YARD-valueHelpDialog-table-table\")]/tbody/tr[1]/td[1]/div/span"}
RESULT: {"using":"xpath","value":"//table[contains(@id, \"smartFilterBar-filterItemControl_BASIC-YARD-valueHelpDialog-table-table\")]/tbody/tr[1]/td[1]/div/span"}
COMMAND: POST /session/2c3e5cc3018601d52a1ae1747f5b8299/execute/sync - {"script":"<script> [56 bytes]","args":[{"element-6066-11e4-a52e-4f735466cecf":"f.37FD799F3153CD067689FB9668CC9BBA.d.54ED6B640F8569D7B79F78E6FF261179.e.8069","ELEMENT":"f.37FD799F3153CD067689FB9668CC9BBA.d.54ED6B640F8569D7B79F78E6FF261179.e.8069"}]}
RESULT: {"script":"<script> [56 bytes]","args":[{"element-6066-11e4-a52e-4f735466cecf":"f.37FD799F3153CD067689FB9668CC9BBA.d.54ED6B640F8569D7B79F78E6FF261179.e.8069","ELEMENT":"f.37FD799F3153CD067689FB9668CC9BBA.d.54ED6B640F8569D7B79F78E6FF261179.e.8069"}]}
COMMAND: POST /session/2c3e5cc3018601d52a1ae1747f5b8299/element - {"using":"xpath","value":"//table[contains(@id, \"smartFilterBar-filterItemControl_BASIC-YARD-valueHelpDialog-table-table\")]/tbody/tr[2]/td[1]/div/span"}
COMMAND: GET /session/2c3e5cc3018601d52a1ae1747f5b8299/screenshot - {}
RESULT: {"using":"xpath","value":"//table[contains(@id, \"smartFilterBar-filterItemControl_BASIC-YARD-valueHelpDialog-table-table\")]/tbody/tr[2]/td[1]/div/span"}
COMMAND: POST /session/2c3e5cc3018601d52a1ae1747f5b8299/elements - {"using":"xpath","value":"//table[contains(@id, \"smartFilterBar-filterItemControl_BASIC-YARD-valueHelpDialog-table-table\")]/tbody/tr[2]/td[1]/div/span"}
RESULT: {}
RESULT: {"using":"xpath","value":"//table[contains(@id, \"smartFilterBar-filterItemControl_BASIC-YARD-valueHelpDialog-table-table\")]/tbody/tr[2]/td[1]/div/span"}
COMMAND: POST /session/2c3e5cc3018601d52a1ae1747f5b8299/execute/sync - {"script":"<script> [56 bytes]","args":[{"element-6066-11e4-a52e-4f735466cecf":"f.37FD799F3153CD067689FB9668CC9BBA.d.54ED6B640F8569D7B79F78E6FF261179.e.8070","ELEMENT":"f.37FD799F3153CD067689FB9668CC9BBA.d.54ED6B640F8569D7B79F78E6FF261179.e.8070"}]}
RESULT: {"script":"<script> [56 bytes]","args":[{"element-6066-11e4-a52e-4f735466cecf":"f.37FD799F3153CD067689FB9668CC9BBA.d.54ED6B640F8569D7B79F78E6FF261179.e.8070","ELEMENT":"f.37FD799F3153CD067689FB9668CC9BBA.d.54ED6B640F8569D7B79F78E6FF261179.e.8070"}]}
COMMAND: POST /session/2c3e5cc3018601d52a1ae1747f5b8299/element - {"using":"xpath","value":"//table[contains(@id, \"smartFilterBar-filterItemControl_BASIC-YARD-valueHelpDialog-table-table\")]/tbody/tr[3]/td[1]/div/span"}
COMMAND: GET /session/2c3e5cc3018601d52a1ae1747f5b8299/screenshot - {}
RESULT: {"using":"xpath","value":"//table[contains(@id, \"smartFilterBar-filterItemControl_BASIC-YARD-valueHelpDialog-table-table\")]/tbody/tr[3]/td[1]/div/span"}
COMMAND: POST /session/2c3e5cc3018601d52a1ae1747f5b8299/elements - {"using":"xpath","value":"//table[contains(@id, \"smartFilterBar-filterItemControl_BASIC-YARD-valueHelpDialog-table-table\")]/tbody/tr[3]/td[1]/div/span"}
RESULT: {}
RESULT: {"using":"xpath","value":"//table[contains(@id, \"smartFilterBar-filterItemControl_BASIC-YARD-valueHelpDialog-table-table\")]/tbody/tr[3]/td[1]/div/span"}
COMMAND: POST /session/2c3e5cc3018601d52a1ae1747f5b8299/execute/sync - {"script":"<script> [56 bytes]","args":[{"element-6066-11e4-a52e-4f735466cecf":"f.37FD799F3153CD067689FB9668CC9BBA.d.54ED6B640F8569D7B79F78E6FF261179.e.8071","ELEMENT":"f.37FD799F3153CD067689FB9668CC9BBA.d.54ED6B640F8569D7B79F78E6FF261179.e.8071"}]}
RESULT: {"script":"<script> [56 bytes]","args":[{"element-6066-11e4-a52e-4f735466cecf":"f.37FD799F3153CD067689FB9668CC9BBA.d.54ED6B640F8569D7B79F78E6FF261179.e.8071","ELEMENT":"f.37FD799F3153CD067689FB9668CC9BBA.d.54ED6B640F8569D7B79F78E6FF261179.e.8071"}]}
COMMAND: POST /session/2c3e5cc3018601d52a1ae1747f5b8299/element - {"using":"xpath","value":"//div[contains(@id, \"filterItemControl_BASIC-YARD-valueHelpDialog-table-rowsel2\")]"}
COMMAND: GET /session/2c3e5cc3018601d52a1ae1747f5b8299/screenshot - {}
RESULT: {"using":"xpath","value":"//div[contains(@id, \"filterItemControl_BASIC-YARD-valueHelpDialog-table-rowsel2\")]"}
COMMAND: POST /session/2c3e5cc3018601d52a1ae1747f5b8299/element/f.37FD799F3153CD067689FB9668CC9BBA.d.54ED6B640F8569D7B79F78E6FF261179.e.8072/click - {}
RESULT: {}
RESULT: {}
COMMAND: GET /session/2c3e5cc3018601d52a1ae1747f5b8299/screenshot - {}
RESULT: {}
COMMAND: POST /session/2c3e5cc3018601d52a1ae1747f5b8299/element - {"using":"xpath","value":"(//bdi[contains(text(), \"OK\")])[1]"}
RESULT: {"using":"xpath","value":"(//bdi[contains(text(), \"OK\")])[1]"}
COMMAND: POST /session/2c3e5cc3018601d52a1ae1747f5b8299/element/f.37FD799F3153CD067689FB9668CC9BBA.d.54ED6B640F8569D7B79F78E6FF261179.e.8074/click - {}
RESULT: {}
COMMAND: GET /session/2c3e5cc3018601d52a1ae1747f5b8299/screenshot - {}
RESULT: {}
COMMAND: POST /session/2c3e5cc3018601d52a1ae1747f5b8299/element - {"using":"xpath","value":"//span[@id=\"application-managepartners-display-component---masterPtm--smartTable-header-inner\"]"}
RESULT: {"using":"xpath","value":"//span[@id=\"application-managepartners-display-component---masterPtm--smartTable-header-inner\"]"}
COMMAND: POST /session/2c3e5cc3018601d52a1ae1747f5b8299/elements - {"using":"xpath","value":"//span[@id=\"application-managepartners-display-component---masterPtm--smartTable-header-inner\"]"}
RESULT: {"using":"xpath","value":"//span[@id=\"application-managepartners-display-component---masterPtm--smartTable-header-inner\"]"}
COMMAND: POST /session/2c3e5cc3018601d52a1ae1747f5b8299/execute/sync - {"script":"<script> [56 bytes]","args":[{"element-6066-11e4-a52e-4f735466cecf":"f.37FD799F3153CD067689FB9668CC9BBA.d.54ED6B640F8569D7B79F78E6FF261179.e.7778","ELEMENT":"f.37FD799F3153CD067689FB9668CC9BBA.d.54ED6B640F8569D7B79F78E6FF261179.e.7778"}]}
RESULT: {"script":"<script> [56 bytes]","args":[{"element-6066-11e4-a52e-4f735466cecf":"f.37FD799F3153CD067689FB9668CC9BBA.d.54ED6B640F8569D7B79F78E6FF261179.e.7778","ELEMENT":"f.37FD799F3153CD067689FB9668CC9BBA.d.54ED6B640F8569D7B79F78E6FF261179.e.7778"}]}
COMMAND: POST /session/2c3e5cc3018601d52a1ae1747f5b8299/element - {"using":"xpath","value":"//span[contains(@title, \"Remove\")]"}
COMMAND: GET /session/2c3e5cc3018601d52a1ae1747f5b8299/screenshot - {}
RESULT: {"using":"xpath","value":"//span[contains(@title, \"Remove\")]"}
COMMAND: POST /session/2c3e5cc3018601d52a1ae1747f5b8299/element/f.37FD799F3153CD067689FB9668CC9BBA.d.54ED6B640F8569D7B79F78E6FF261179.e.8087/click - {}
RESULT: {}
RESULT: {}
COMMAND: GET /session/2c3e5cc3018601d52a1ae1747f5b8299/screenshot - {}
RESULT: {}
RESULT: undefined
COMMAND: POST /session/2c3e5cc3018601d52a1ae1747f5b8299/element - {"using":"xpath","value":"//*[@id=\"application-managepartners-display-component---masterPtm--smartFilterBar-filterItemControl_BASIC-MAIN_ADDRESS-vhi\"]"}
RESULT: {"using":"xpath","value":"//*[@id=\"application-managepartners-display-component---masterPtm--smartFilterBar-filterItemControl_BASIC-MAIN_ADDRESS-vhi\"]"}
COMMAND: POST /session/2c3e5cc3018601d52a1ae1747f5b8299/element/f.37FD799F3153CD067689FB9668CC9BBA.d.54ED6B640F8569D7B79F78E6FF261179.e.8193/click - {}
RESULT: {}
COMMAND: GET /session/2c3e5cc3018601d52a1ae1747f5b8299/screenshot - {}
RESULT: {}
RESULT: undefined
COMMAND: POST /session/2c3e5cc3018601d52a1ae1747f5b8299/execute/async - {"script":"<script> [776 bytes]","args":[{"enterText":"Romania","selector":{"id":"application-managepartners-display-component---masterPtm--smartFilterBar-filterItemControl_BASIC-MAIN_ADDRESS-valueHelpDialog-smartFilterBar-btnBasicSearch","searchOpenDialogs":true,"interaction":{"idSuffix":"I"}},"clearTextFirst":true,"interactionType":"ENTER_TEXT"}]}
RESULT: {"script":"<script> [776 bytes]","args":[{"enterText":"Romania","selector":{"id":"application-managepartners-display-component---masterPtm--smartFilterBar-filterItemControl_BASIC-MAIN_ADDRESS-valueHelpDialog-smartFilterBar-btnBasicSearch","searchOpenDialogs":true,"interaction":{"idSuffix":"I"}},"clearTextFirst":true,"interactionType":"ENTER_TEXT"}]}
COMMAND: POST /session/2c3e5cc3018601d52a1ae1747f5b8299/actions - {"actions":[{"id":"action24","type":"key","parameters":{},"actions":[{"type":"keyDown","value":"î€‡"},{"type":"pause","duration":10},{"type":"keyUp","value":"î€‡"}]}]}
RESULT: {"actions":[{"id":"action24","type":"key","parameters":{},"actions":[{"type":"keyDown","value":"î€‡"},{"type":"pause","duration":10},{"type":"keyUp","value":"î€‡"}]}]}
COMMAND: POST /session/2c3e5cc3018601d52a1ae1747f5b8299/elements - {"using":"xpath","value":"//table[contains(@id, \"smartFilterBar-filterItemControl_BASIC-MAIN_ADDRESS-valueHelpDialog-table-table\")]/tbody/tr"}
COMMAND: GET /session/2c3e5cc3018601d52a1ae1747f5b8299/screenshot - {}
RESULT: {"using":"xpath","value":"//table[contains(@id, \"smartFilterBar-filterItemControl_BASIC-MAIN_ADDRESS-valueHelpDialog-table-table\")]/tbody/tr"}
COMMAND: POST /session/2c3e5cc3018601d52a1ae1747f5b8299/element - {"using":"xpath","value":"//table[contains(@id, \"smartFilterBar-filterItemControl_BASIC-MAIN_ADDRESS-valueHelpDialog-table-table\")]/tbody/tr[1]/td[1]/div/span"}
RESULT: {}
RESULT: {"using":"xpath","value":"//table[contains(@id, \"smartFilterBar-filterItemControl_BASIC-MAIN_ADDRESS-valueHelpDialog-table-table\")]/tbody/tr[1]/td[1]/div/span"}
COMMAND: POST /session/2c3e5cc3018601d52a1ae1747f5b8299/elements - {"using":"xpath","value":"//table[contains(@id, \"smartFilterBar-filterItemControl_BASIC-MAIN_ADDRESS-valueHelpDialog-table-table\")]/tbody/tr[1]/td[1]/div/span"}
RESULT: {"using":"xpath","value":"//table[contains(@id, \"smartFilterBar-filterItemControl_BASIC-MAIN_ADDRESS-valueHelpDialog-table-table\")]/tbody/tr[1]/td[1]/div/span"}
COMMAND: POST /session/2c3e5cc3018601d52a1ae1747f5b8299/execute/sync - {"script":"<script> [56 bytes]","args":[{"element-6066-11e4-a52e-4f735466cecf":"f.37FD799F3153CD067689FB9668CC9BBA.d.54ED6B640F8569D7B79F78E6FF261179.e.8213","ELEMENT":"f.37FD799F3153CD067689FB9668CC9BBA.d.54ED6B640F8569D7B79F78E6FF261179.e.8213"}]}
RESULT: {"script":"<script> [56 bytes]","args":[{"element-6066-11e4-a52e-4f735466cecf":"f.37FD799F3153CD067689FB9668CC9BBA.d.54ED6B640F8569D7B79F78E6FF261179.e.8213","ELEMENT":"f.37FD799F3153CD067689FB9668CC9BBA.d.54ED6B640F8569D7B79F78E6FF261179.e.8213"}]}
COMMAND: POST /session/2c3e5cc3018601d52a1ae1747f5b8299/element - {"using":"xpath","value":"//div[contains(@id, \"filterItemControl_BASIC-MAIN_ADDRESS-valueHelpDialog-table-rowsel0\")]"}
COMMAND: GET /session/2c3e5cc3018601d52a1ae1747f5b8299/screenshot - {}
RESULT: {"using":"xpath","value":"//div[contains(@id, \"filterItemControl_BASIC-MAIN_ADDRESS-valueHelpDialog-table-rowsel0\")]"}
COMMAND: POST /session/2c3e5cc3018601d52a1ae1747f5b8299/element/f.37FD799F3153CD067689FB9668CC9BBA.d.54ED6B640F8569D7B79F78E6FF261179.e.8214/click - {}
RESULT: {}
RESULT: {}
COMMAND: GET /session/2c3e5cc3018601d52a1ae1747f5b8299/screenshot - {}
RESULT: {}
COMMAND: POST /session/2c3e5cc3018601d52a1ae1747f5b8299/element - {"using":"xpath","value":"(//bdi[contains(text(), \"OK\")])[1]"}
RESULT: {"using":"xpath","value":"(//bdi[contains(text(), \"OK\")])[1]"}
COMMAND: POST /session/2c3e5cc3018601d52a1ae1747f5b8299/element/f.37FD799F3153CD067689FB9668CC9BBA.d.54ED6B640F8569D7B79F78E6FF261179.e.8216/click - {}
RESULT: {}
COMMAND: GET /session/2c3e5cc3018601d52a1ae1747f5b8299/screenshot - {}
RESULT: {}
COMMAND: POST /session/2c3e5cc3018601d52a1ae1747f5b8299/element - {"using":"xpath","value":"//span[@id=\"application-managepartners-display-component---masterPtm--smartTable-header-inner\"]"}
RESULT: {"using":"xpath","value":"//span[@id=\"application-managepartners-display-component---masterPtm--smartTable-header-inner\"]"}
COMMAND: POST /session/2c3e5cc3018601d52a1ae1747f5b8299/elements - {"using":"xpath","value":"//span[@id=\"application-managepartners-display-component---masterPtm--smartTable-header-inner\"]"}
RESULT: {"using":"xpath","value":"//span[@id=\"application-managepartners-display-component---masterPtm--smartTable-header-inner\"]"}
COMMAND: POST /session/2c3e5cc3018601d52a1ae1747f5b8299/execute/sync - {"script":"<script> [56 bytes]","args":[{"element-6066-11e4-a52e-4f735466cecf":"f.37FD799F3153CD067689FB9668CC9BBA.d.54ED6B640F8569D7B79F78E6FF261179.e.7778","ELEMENT":"f.37FD799F3153CD067689FB9668CC9BBA.d.54ED6B640F8569D7B79F78E6FF261179.e.7778"}]}
RESULT: {"script":"<script> [56 bytes]","args":[{"element-6066-11e4-a52e-4f735466cecf":"f.37FD799F3153CD067689FB9668CC9BBA.d.54ED6B640F8569D7B79F78E6FF261179.e.7778","ELEMENT":"f.37FD799F3153CD067689FB9668CC9BBA.d.54ED6B640F8569D7B79F78E6FF261179.e.7778"}]}
COMMAND: POST /session/2c3e5cc3018601d52a1ae1747f5b8299/element - {"using":"xpath","value":"//span[contains(@title, \"Remove\")]"}
COMMAND: GET /session/2c3e5cc3018601d52a1ae1747f5b8299/screenshot - {}
RESULT: {"using":"xpath","value":"//span[contains(@title, \"Remove\")]"}
COMMAND: POST /session/2c3e5cc3018601d52a1ae1747f5b8299/element/f.37FD799F3153CD067689FB9668CC9BBA.d.54ED6B640F8569D7B79F78E6FF261179.e.8229/click - {}
RESULT: {}
RESULT: {}
COMMAND: GET /session/2c3e5cc3018601d52a1ae1747f5b8299/screenshot - {}
RESULT: {}
COMMAND: POST /session/2c3e5cc3018601d52a1ae1747f5b8299/execute/async - {"script":"<script> [1562 bytes]","args":[{"selector":{"id":"application-managepartners-display-component---masterPtm--catalogs-arrow"},"wdio_ui5_key":"applicationmanagepartners-display-component---masterPtm--catalogs-arrow"}]}
RESULT: {"script":"<script> [1562 bytes]","args":[{"selector":{"id":"application-managepartners-display-component---masterPtm--catalogs-arrow"},"wdio_ui5_key":"applicationmanagepartners-display-component---masterPtm--catalogs-arrow"}]}
RESULT: undefined
COMMAND: POST /session/2c3e5cc3018601d52a1ae1747f5b8299/element - {"using":"xpath","value":"//*[@id=\"application-managepartners-display-component---masterPtm--catalogs-arrow\"]"}
RESULT: {"using":"xpath","value":"//*[@id=\"application-managepartners-display-component---masterPtm--catalogs-arrow\"]"}
COMMAND: POST /session/2c3e5cc3018601d52a1ae1747f5b8299/element/f.37FD799F3153CD067689FB9668CC9BBA.d.54ED6B640F8569D7B79F78E6FF261179.e.8335/click - {}
RESULT: {}
COMMAND: GET /session/2c3e5cc3018601d52a1ae1747f5b8299/screenshot - {}
RESULT: {}
COMMAND: POST /session/2c3e5cc3018601d52a1ae1747f5b8299/element - {"using":"xpath","value":"//li[.//span[text()=\"Webshop Catalog\"]]//div[contains(@class,\"sapMCbBg\")]"}
RESULT: {"using":"xpath","value":"//li[.//span[text()=\"Webshop Catalog\"]]//div[contains(@class,\"sapMCbBg\")]"}
COMMAND: POST /session/2c3e5cc3018601d52a1ae1747f5b8299/element/f.37FD799F3153CD067689FB9668CC9BBA.d.54ED6B640F8569D7B79F78E6FF261179.e.8347/click - {}
RESULT: {}
COMMAND: GET /session/2c3e5cc3018601d52a1ae1747f5b8299/screenshot - {}
RESULT: {}
RESULT: undefined
COMMAND: POST /session/2c3e5cc3018601d52a1ae1747f5b8299/element - {"using":"xpath","value":"//*[@id=\"application-managepartners-display-component---masterPtm--catalogs-arrow\"]"}
RESULT: {"using":"xpath","value":"//*[@id=\"application-managepartners-display-component---masterPtm--catalogs-arrow\"]"}
COMMAND: POST /session/2c3e5cc3018601d52a1ae1747f5b8299/element/f.37FD799F3153CD067689FB9668CC9BBA.d.54ED6B640F8569D7B79F78E6FF261179.e.8335/click - {}
RESULT: {}
COMMAND: POST /session/2c3e5cc3018601d52a1ae1747f5b8299/element - {"using":"xpath","value":"//span[@id=\"application-managepartners-display-component---masterPtm--smartTable-header-inner\"]"}
COMMAND: GET /session/2c3e5cc3018601d52a1ae1747f5b8299/screenshot - {}
RESULT: {"using":"xpath","value":"//span[@id=\"application-managepartners-display-component---masterPtm--smartTable-header-inner\"]"}
COMMAND: POST /session/2c3e5cc3018601d52a1ae1747f5b8299/elements - {"using":"xpath","value":"//span[@id=\"application-managepartners-display-component---masterPtm--smartTable-header-inner\"]"}
RESULT: {}
RESULT: {"using":"xpath","value":"//span[@id=\"application-managepartners-display-component---masterPtm--smartTable-header-inner\"]"}
COMMAND: POST /session/2c3e5cc3018601d52a1ae1747f5b8299/execute/sync - {"script":"<script> [56 bytes]","args":[{"element-6066-11e4-a52e-4f735466cecf":"f.37FD799F3153CD067689FB9668CC9BBA.d.54ED6B640F8569D7B79F78E6FF261179.e.7778","ELEMENT":"f.37FD799F3153CD067689FB9668CC9BBA.d.54ED6B640F8569D7B79F78E6FF261179.e.7778"}]}
RESULT: {"script":"<script> [56 bytes]","args":[{"element-6066-11e4-a52e-4f735466cecf":"f.37FD799F3153CD067689FB9668CC9BBA.d.54ED6B640F8569D7B79F78E6FF261179.e.7778","ELEMENT":"f.37FD799F3153CD067689FB9668CC9BBA.d.54ED6B640F8569D7B79F78E6FF261179.e.7778"}]}
COMMAND: POST /session/2c3e5cc3018601d52a1ae1747f5b8299/element - {"using":"xpath","value":"//span[contains(@title, \"Remove\")]"}
COMMAND: GET /session/2c3e5cc3018601d52a1ae1747f5b8299/screenshot - {}
RESULT: {"using":"xpath","value":"//span[contains(@title, \"Remove\")]"}
COMMAND: POST /session/2c3e5cc3018601d52a1ae1747f5b8299/element/f.37FD799F3153CD067689FB9668CC9BBA.d.54ED6B640F8569D7B79F78E6FF261179.e.8361/click - {}
RESULT: {}
RESULT: {}
COMMAND: GET /session/2c3e5cc3018601d52a1ae1747f5b8299/screenshot - {}
RESULT: {}
COMMAND: POST /session/2c3e5cc3018601d52a1ae1747f5b8299/execute/async - {"script":"<script> [1562 bytes]","args":[{"selector":{"id":"application-managepartners-display-component---masterPtm--currencies-arrow"},"wdio_ui5_key":"applicationmanagepartners-display-component---masterPtm--currencies-arrow"}]}
RESULT: {"script":"<script> [1562 bytes]","args":[{"selector":{"id":"application-managepartners-display-component---masterPtm--currencies-arrow"},"wdio_ui5_key":"applicationmanagepartners-display-component---masterPtm--currencies-arrow"}]}
RESULT: undefined
COMMAND: POST /session/2c3e5cc3018601d52a1ae1747f5b8299/element - {"using":"xpath","value":"//*[@id=\"application-managepartners-display-component---masterPtm--currencies-arrow\"]"}
RESULT: {"using":"xpath","value":"//*[@id=\"application-managepartners-display-component---masterPtm--currencies-arrow\"]"}
COMMAND: POST /session/2c3e5cc3018601d52a1ae1747f5b8299/element/f.37FD799F3153CD067689FB9668CC9BBA.d.54ED6B640F8569D7B79F78E6FF261179.e.8477/click - {}
RESULT: {}
COMMAND: GET /session/2c3e5cc3018601d52a1ae1747f5b8299/screenshot - {}
RESULT: {}
COMMAND: POST /session/2c3e5cc3018601d52a1ae1747f5b8299/element - {"using":"xpath","value":"//li[.//span[text()=\"US Dollar\"]]//div[contains(@class,\"sapMCbBg\")]"}
RESULT: {"using":"xpath","value":"//li[.//span[text()=\"US Dollar\"]]//div[contains(@class,\"sapMCbBg\")]"}
COMMAND: POST /session/2c3e5cc3018601d52a1ae1747f5b8299/element/f.37FD799F3153CD067689FB9668CC9BBA.d.54ED6B640F8569D7B79F78E6FF261179.e.8480/click - {}
RESULT: {}
COMMAND: GET /session/2c3e5cc3018601d52a1ae1747f5b8299/screenshot - {}
RESULT: {}
RESULT: undefined
COMMAND: POST /session/2c3e5cc3018601d52a1ae1747f5b8299/element - {"using":"xpath","value":"//*[@id=\"application-managepartners-display-component---masterPtm--currencies-arrow\"]"}
RESULT: {"using":"xpath","value":"//*[@id=\"application-managepartners-display-component---masterPtm--currencies-arrow\"]"}
COMMAND: POST /session/2c3e5cc3018601d52a1ae1747f5b8299/element/f.37FD799F3153CD067689FB9668CC9BBA.d.54ED6B640F8569D7B79F78E6FF261179.e.8477/click - {}
RESULT: {}
COMMAND: POST /session/2c3e5cc3018601d52a1ae1747f5b8299/element - {"using":"xpath","value":"//span[@id=\"application-managepartners-display-component---masterPtm--smartTable-header-inner\"]"}
COMMAND: GET /session/2c3e5cc3018601d52a1ae1747f5b8299/screenshot - {}
RESULT: {"using":"xpath","value":"//span[@id=\"application-managepartners-display-component---masterPtm--smartTable-header-inner\"]"}
COMMAND: POST /session/2c3e5cc3018601d52a1ae1747f5b8299/elements - {"using":"xpath","value":"//span[@id=\"application-managepartners-display-component---masterPtm--smartTable-header-inner\"]"}
RESULT: {}
RESULT: {"using":"xpath","value":"//span[@id=\"application-managepartners-display-component---masterPtm--smartTable-header-inner\"]"}
COMMAND: POST /session/2c3e5cc3018601d52a1ae1747f5b8299/execute/sync - {"script":"<script> [56 bytes]","args":[{"element-6066-11e4-a52e-4f735466cecf":"f.37FD799F3153CD067689FB9668CC9BBA.d.54ED6B640F8569D7B79F78E6FF261179.e.7778","ELEMENT":"f.37FD799F3153CD067689FB9668CC9BBA.d.54ED6B640F8569D7B79F78E6FF261179.e.7778"}]}
RESULT: {"script":"<script> [56 bytes]","args":[{"element-6066-11e4-a52e-4f735466cecf":"f.37FD799F3153CD067689FB9668CC9BBA.d.54ED6B640F8569D7B79F78E6FF261179.e.7778","ELEMENT":"f.37FD799F3153CD067689FB9668CC9BBA.d.54ED6B640F8569D7B79F78E6FF261179.e.7778"}]}
COMMAND: POST /session/2c3e5cc3018601d52a1ae1747f5b8299/element - {"using":"xpath","value":"//span[contains(@title, \"Remove\")]"}
COMMAND: GET /session/2c3e5cc3018601d52a1ae1747f5b8299/screenshot - {}
RESULT: {"using":"xpath","value":"//span[contains(@title, \"Remove\")]"}
COMMAND: POST /session/2c3e5cc3018601d52a1ae1747f5b8299/element/f.37FD799F3153CD067689FB9668CC9BBA.d.54ED6B640F8569D7B79F78E6FF261179.e.8604/click - {}
RESULT: {}
RESULT: {}
COMMAND: GET /session/2c3e5cc3018601d52a1ae1747f5b8299/screenshot - {}
RESULT: {}
COMMAND: POST /session/2c3e5cc3018601d52a1ae1747f5b8299/execute/async - {"script":"<script> [1562 bytes]","args":[{"selector":{"id":"application-managepartners-display-component---masterPtm--languages-arrow"},"wdio_ui5_key":"applicationmanagepartners-display-component---masterPtm--languages-arrow"}]}
RESULT: {"script":"<script> [1562 bytes]","args":[{"selector":{"id":"application-managepartners-display-component---masterPtm--languages-arrow"},"wdio_ui5_key":"applicationmanagepartners-display-component---masterPtm--languages-arrow"}]}
RESULT: undefined
COMMAND: POST /session/2c3e5cc3018601d52a1ae1747f5b8299/element - {"using":"xpath","value":"//*[@id=\"application-managepartners-display-component---masterPtm--languages-arrow\"]"}
RESULT: {"using":"xpath","value":"//*[@id=\"application-managepartners-display-component---masterPtm--languages-arrow\"]"}
COMMAND: POST /session/2c3e5cc3018601d52a1ae1747f5b8299/element/f.37FD799F3153CD067689FB9668CC9BBA.d.54ED6B640F8569D7B79F78E6FF261179.e.8679/click - {}
RESULT: {}
COMMAND: GET /session/2c3e5cc3018601d52a1ae1747f5b8299/screenshot - {}
RESULT: {}
COMMAND: POST /session/2c3e5cc3018601d52a1ae1747f5b8299/element - {"using":"xpath","value":"//li[.//span[text()=\"German\"]]//div[contains(@class,\"sapMCbBg\")]"}
RESULT: {"using":"xpath","value":"//li[.//span[text()=\"German\"]]//div[contains(@class,\"sapMCbBg\")]"}
COMMAND: POST /session/2c3e5cc3018601d52a1ae1747f5b8299/element/f.37FD799F3153CD067689FB9668CC9BBA.d.54ED6B640F8569D7B79F78E6FF261179.e.8723/click - {}
RESULT: {}
COMMAND: GET /session/2c3e5cc3018601d52a1ae1747f5b8299/screenshot - {}
RESULT: {}
RESULT: undefined
COMMAND: POST /session/2c3e5cc3018601d52a1ae1747f5b8299/element - {"using":"xpath","value":"//*[@id=\"application-managepartners-display-component---masterPtm--languages-arrow\"]"}
RESULT: {"using":"xpath","value":"//*[@id=\"application-managepartners-display-component---masterPtm--languages-arrow\"]"}
COMMAND: POST /session/2c3e5cc3018601d52a1ae1747f5b8299/element/f.37FD799F3153CD067689FB9668CC9BBA.d.54ED6B640F8569D7B79F78E6FF261179.e.8679/click - {}
RESULT: {}
COMMAND: POST /session/2c3e5cc3018601d52a1ae1747f5b8299/element - {"using":"xpath","value":"//span[@id=\"application-managepartners-display-component---masterPtm--smartTable-header-inner\"]"}
COMMAND: GET /session/2c3e5cc3018601d52a1ae1747f5b8299/screenshot - {}
RESULT: {"using":"xpath","value":"//span[@id=\"application-managepartners-display-component---masterPtm--smartTable-header-inner\"]"}
COMMAND: POST /session/2c3e5cc3018601d52a1ae1747f5b8299/elements - {"using":"xpath","value":"//span[@id=\"application-managepartners-display-component---masterPtm--smartTable-header-inner\"]"}
RESULT: {}
RESULT: {"using":"xpath","value":"//span[@id=\"application-managepartners-display-component---masterPtm--smartTable-header-inner\"]"}
COMMAND: POST /session/2c3e5cc3018601d52a1ae1747f5b8299/execute/sync - {"script":"<script> [56 bytes]","args":[{"element-6066-11e4-a52e-4f735466cecf":"f.37FD799F3153CD067689FB9668CC9BBA.d.54ED6B640F8569D7B79F78E6FF261179.e.7778","ELEMENT":"f.37FD799F3153CD067689FB9668CC9BBA.d.54ED6B640F8569D7B79F78E6FF261179.e.7778"}]}
RESULT: {"script":"<script> [56 bytes]","args":[{"element-6066-11e4-a52e-4f735466cecf":"f.37FD799F3153CD067689FB9668CC9BBA.d.54ED6B640F8569D7B79F78E6FF261179.e.7778","ELEMENT":"f.37FD799F3153CD067689FB9668CC9BBA.d.54ED6B640F8569D7B79F78E6FF261179.e.7778"}]}
COMMAND: POST /session/2c3e5cc3018601d52a1ae1747f5b8299/element - {"using":"css selector","value":"#shell-header-logo"}
COMMAND: GET /session/2c3e5cc3018601d52a1ae1747f5b8299/screenshot - {}
RESULT: {"using":"css selector","value":"#shell-header-logo"}
COMMAND: POST /session/2c3e5cc3018601d52a1ae1747f5b8299/element/f.37FD799F3153CD067689FB9668CC9BBA.d.54ED6B640F8569D7B79F78E6FF261179.e.7609/click - {}
RESULT: {}
RESULT: {}
COMMAND: GET /session/2c3e5cc3018601d52a1ae1747f5b8299/screenshot - {}
RESULT: {}
COMMAND: POST /session/2c3e5cc3018601d52a1ae1747f5b8299/element - {"using":"css selector","value":"#j_username"}
COMMAND: POST /session/2c3e5cc3018601d52a1ae1747f5b8299/url - {"url":"https://qa-testing-00-live-etm-ui.cfapps.eu10-004.hana.ondemand.com/"}
RESULT: {"using":"css selector","value":"#j_username"}
COMMAND: POST /session/2c3e5cc3018601d52a1ae1747f5b8299/element - {"using":"css selector","value":"#j_username"}
RESULT: {"url":"https://qa-testing-00-live-etm-ui.cfapps.eu10-004.hana.ondemand.com/"}
RESULT: undefined
COMMAND: GET /session/2c3e5cc3018601d52a1ae1747f5b8299/screenshot - {}
RESULT: {"using":"css selector","value":"#j_username"}
COMMAND: POST /session/2c3e5cc3018601d52a1ae1747f5b8299/element - {"using":"css selector","value":"#shell-header-logo"}
RESULT: {}
RESULT: {"using":"css selector","value":"#shell-header-logo"}
COMMAND: POST /session/2c3e5cc3018601d52a1ae1747f5b8299/execute/sync - {"script":"<script> [8489 bytes]","args":[{"element-6066-11e4-a52e-4f735466cecf":"f.37FD799F3153CD067689FB9668CC9BBA.d.CC7B478233820864B05DE566D4A8D6E0.e.8791","ELEMENT":"f.37FD799F3153CD067689FB9668CC9BBA.d.CC7B478233820864B05DE566D4A8D6E0.e.8791"}]}
RESULT: {"script":"<script> [8489 bytes]","args":[{"element-6066-11e4-a52e-4f735466cecf":"f.37FD799F3153CD067689FB9668CC9BBA.d.CC7B478233820864B05DE566D4A8D6E0.e.8791","ELEMENT":"f.37FD799F3153CD067689FB9668CC9BBA.d.CC7B478233820864B05DE566D4A8D6E0.e.8791"}]}
COMMAND: POST /session/2c3e5cc3018601d52a1ae1747f5b8299/element - {"using":"css selector","value":"#shell-header-logo"}
COMMAND: GET /session/2c3e5cc3018601d52a1ae1747f5b8299/screenshot - {}
RESULT: {"using":"css selector","value":"#shell-header-logo"}
COMMAND: POST /session/2c3e5cc3018601d52a1ae1747f5b8299/execute/sync - {"script":"<script> [8489 bytes]","args":[{"element-6066-11e4-a52e-4f735466cecf":"f.37FD799F3153CD067689FB9668CC9BBA.d.CC7B478233820864B05DE566D4A8D6E0.e.8791","ELEMENT":"f.37FD799F3153CD067689FB9668CC9BBA.d.CC7B478233820864B05DE566D4A8D6E0.e.8791"}]}
RESULT: {}
RESULT: {"script":"<script> [8489 bytes]","args":[{"element-6066-11e4-a52e-4f735466cecf":"f.37FD799F3153CD067689FB9668CC9BBA.d.CC7B478233820864B05DE566D4A8D6E0.e.8791","ELEMENT":"f.37FD799F3153CD067689FB9668CC9BBA.d.CC7B478233820864B05DE566D4A8D6E0.e.8791"}]}
COMMAND: POST /session/2c3e5cc3018601d52a1ae1747f5b8299/execute/sync - {"script":"<script> [5351 bytes]","args":[{"element-6066-11e4-a52e-4f735466cecf":"f.37FD799F3153CD067689FB9668CC9BBA.d.CC7B478233820864B05DE566D4A8D6E0.e.8791","ELEMENT":"f.37FD799F3153CD067689FB9668CC9BBA.d.CC7B478233820864B05DE566D4A8D6E0.e.8791"}]}
COMMAND: GET /session/2c3e5cc3018601d52a1ae1747f5b8299/screenshot - {}
RESULT: {"script":"<script> [5351 bytes]","args":[{"element-6066-11e4-a52e-4f735466cecf":"f.37FD799F3153CD067689FB9668CC9BBA.d.CC7B478233820864B05DE566D4A8D6E0.e.8791","ELEMENT":"f.37FD799F3153CD067689FB9668CC9BBA.d.CC7B478233820864B05DE566D4A8D6E0.e.8791"}]}
COMMAND: POST /session/2c3e5cc3018601d52a1ae1747f5b8299/element - {"using":"css selector","value":"#shell-header-logo"}
COMMAND: GET /session/2c3e5cc3018601d52a1ae1747f5b8299/screenshot - {}
RESULT: {}
RESULT: {"using":"css selector","value":"#shell-header-logo"}
COMMAND: POST /session/2c3e5cc3018601d52a1ae1747f5b8299/element/f.37FD799F3153CD067689FB9668CC9BBA.d.CC7B478233820864B05DE566D4A8D6E0.e.8791/click - {}
RESULT: {}
RESULT: {}
COMMAND: GET /session/2c3e5cc3018601d52a1ae1747f5b8299/screenshot - {}
RESULT: {}
COMMAND: POST /session/2c3e5cc3018601d52a1ae1747f5b8299/execute/async - {"script":"<script> [189 bytes]","args":[]}
RESULT: {"script":"<script> [189 bytes]","args":[]}
COMMAND: POST /session/2c3e5cc3018601d52a1ae1747f5b8299/execute/async - {"script":"<script> [123 bytes]","args":[]}
RESULT: {"script":"<script> [123 bytes]","args":[]}
COMMAND: POST /session/2c3e5cc3018601d52a1ae1747f5b8299/timeouts - {"script":"<number>"}
RESULT: {"script":"<number>"}
COMMAND: GET /session/2c3e5cc3018601d52a1ae1747f5b8299/timeouts - {}
RESULT: {}
RESULT: undefined
COMMAND: POST /session/2c3e5cc3018601d52a1ae1747f5b8299/execute/async - {"script":"<script> [2676 bytes]","args":[]}
RESULT: {"script":"<script> [2676 bytes]","args":[]}
COMMAND: POST /session/2c3e5cc3018601d52a1ae1747f5b8299/execute/async - {"script":"<script> [2342 bytes]","args":[{"protocol":"http","hostname":"0.0.0.0","path":"/","capabilities":{"browserName":"chrome","goog:chromeOptions":{"binary":"C:\\Program Files\\Google\\Chrome\\Application\\chrome.exe","args":["--start-maximized"]}},"logLevel":"warn","connectionRetryTimeout":120000,"connectionRetryCount":3,"logLevels":{},"enableDirectConnect":true,"strictSSL":true,"_":"65 more keys: [\"cacheDir\",\"port\",\"requestedCapabilities\",\"automationProtocol\",\"baseUrl\",\"waitforInterval\",\"waitforTimeout\",\"onReload\",\"beforeCommand\",\"afterCommand\",\"rootDir\",\"specs\",\"suites\",\"exclude\",\"groupLogsByTestSpec\",\"excludeDriverLogs\",\"bail\",\"framework\",\"reporters\",\"services\",\"maxInstances\",\"maxInstancesPerCapability\",\"injectGlobals\",\"filesToWatch\",\"execArgv\",\"runnerEnv\",\"runner\",\"shard\",\"specFileRetries\",\"specFileRetriesDelay\",\"specFileRetriesDeferred\",\"reporterSyncInterval\",\"reporterSyncTimeout\",\"cucumberFeaturesWithLineNumbers\",\"autoCompileOpts\",\"mochaOpts\",\"jasmineOpts\",\"cucumberOpts\",\"onPrepare\",\"onWorkerStart\",\"onWorkerEnd\",\"before\",\"beforeSession\",\"beforeSuite\",\"beforeHook\",\"beforeTest\",\"afterTest\",\"afterHook\",\"afterSuite\",\"afterSession\",\"after\",\"onComplete\",\"beforeAssertion\",\"afterAssertion\",\"beforeFeature\",\"beforeScenario\",\"beforeStep\",\"afterStep\",\"afterScenario\",\"afterFeature\",\"_\",\"suite\",\"$0\",\"ignoredWorkerServices\",\"wdi5\"]"}]}
RESULT: {"script":"<script> [2342 bytes]","args":[{"protocol":"http","hostname":"0.0.0.0","path":"/","capabilities":{"browserName":"chrome","goog:chromeOptions":{"binary":"C:\\Program Files\\Google\\Chrome\\Application\\chrome.exe","args":["--start-maximized"]}},"logLevel":"warn","connectionRetryTimeout":120000,"connectionRetryCount":3,"logLevels":{},"enableDirectConnect":true,"strictSSL":true,"_":"65 more keys: [\"cacheDir\",\"port\",\"requestedCapabilities\",\"automationProtocol\",\"baseUrl\",\"waitforInterval\",\"waitforTimeout\",\"onReload\",\"beforeCommand\",\"afterCommand\",\"rootDir\",\"specs\",\"suites\",\"exclude\",\"groupLogsByTestSpec\",\"excludeDriverLogs\",\"bail\",\"framework\",\"reporters\",\"services\",\"maxInstances\",\"maxInstancesPerCapability\",\"injectGlobals\",\"filesToWatch\",\"execArgv\",\"runnerEnv\",\"runner\",\"shard\",\"specFileRetries\",\"specFileRetriesDelay\",\"specFileRetriesDeferred\",\"reporterSyncInterval\",\"reporterSyncTimeout\",\"cucumberFeaturesWithLineNumbers\",\"autoCompileOpts\",\"mochaOpts\",\"jasmineOpts\",\"cucumberOpts\",\"onPrepare\",\"onWorkerStart\",\"onWorkerEnd\",\"before\",\"beforeSession\",\"beforeSuite\",\"beforeHook\",\"beforeTest\",\"afterTest\",\"afterHook\",\"afterSuite\",\"afterSession\",\"after\",\"onComplete\",\"beforeAssertion\",\"afterAssertion\",\"beforeFeature\",\"beforeScenario\",\"beforeStep\",\"afterStep\",\"afterScenario\",\"afterFeature\",\"_\",\"suite\",\"$0\",\"ignoredWorkerServices\",\"wdi5\"]"}]}
COMMAND: POST /session/2c3e5cc3018601d52a1ae1747f5b8299/execute/async - {"script":"<script> [21126 bytes]","args":[35000]}
RESULT: {"script":"<script> [21126 bytes]","args":[35000]}
COMMAND: POST /session/2c3e5cc3018601d52a1ae1747f5b8299/window/maximize - {}
RESULT: {}
COMMAND: POST /session/2c3e5cc3018601d52a1ae1747f5b8299/execute/async - {"script":"<script> [1562 bytes]","args":[{"selector":{"id":"shell-header","interaction":{"idSuffix":"icon"}},"wdio_ui5_key":"shellheader"}]}
COMMAND: GET /session/2c3e5cc3018601d52a1ae1747f5b8299/screenshot - {}
RESULT: {"script":"<script> [1562 bytes]","args":[{"selector":{"id":"shell-header","interaction":{"idSuffix":"icon"}},"wdio_ui5_key":"shellheader"}]}
RESULT: undefined
COMMAND: POST /session/2c3e5cc3018601d52a1ae1747f5b8299/refresh - {}
RESULT: {}
RESULT: {}
COMMAND: GET /session/2c3e5cc3018601d52a1ae1747f5b8299/screenshot - {}
RESULT: {}
COMMAND: POST /session/2c3e5cc3018601d52a1ae1747f5b8299/refresh - {}
RESULT: {}
COMMAND: GET /session/2c3e5cc3018601d52a1ae1747f5b8299/screenshot - {}
RESULT: {}
COMMAND: POST /session/2c3e5cc3018601d52a1ae1747f5b8299/window/fullscreen - {}
RESULT: {}
COMMAND: POST /session/2c3e5cc3018601d52a1ae1747f5b8299/execute/async - {"script":"<script> [189 bytes]","args":[]}
RESULT: {"script":"<script> [189 bytes]","args":[]}
COMMAND: POST /session/2c3e5cc3018601d52a1ae1747f5b8299/execute/async - {"script":"<script> [123 bytes]","args":[]}
RESULT: {"script":"<script> [123 bytes]","args":[]}
COMMAND: POST /session/2c3e5cc3018601d52a1ae1747f5b8299/timeouts - {"script":"<number>"}
RESULT: {"script":"<number>"}
COMMAND: GET /session/2c3e5cc3018601d52a1ae1747f5b8299/timeouts - {}
RESULT: {}
RESULT: undefined
COMMAND: POST /session/2c3e5cc3018601d52a1ae1747f5b8299/execute/async - {"script":"<script> [2676 bytes]","args":[]}
RESULT: {"script":"<script> [2676 bytes]","args":[]}
COMMAND: POST /session/2c3e5cc3018601d52a1ae1747f5b8299/execute/async - {"script":"<script> [2342 bytes]","args":[{"protocol":"http","hostname":"0.0.0.0","path":"/","capabilities":{"browserName":"chrome","goog:chromeOptions":{"binary":"C:\\Program Files\\Google\\Chrome\\Application\\chrome.exe","args":["--start-maximized"]}},"logLevel":"warn","connectionRetryTimeout":120000,"connectionRetryCount":3,"logLevels":{},"enableDirectConnect":true,"strictSSL":true,"_":"65 more keys: [\"cacheDir\",\"port\",\"requestedCapabilities\",\"automationProtocol\",\"baseUrl\",\"waitforInterval\",\"waitforTimeout\",\"onReload\",\"beforeCommand\",\"afterCommand\",\"rootDir\",\"specs\",\"suites\",\"exclude\",\"groupLogsByTestSpec\",\"excludeDriverLogs\",\"bail\",\"framework\",\"reporters\",\"services\",\"maxInstances\",\"maxInstancesPerCapability\",\"injectGlobals\",\"filesToWatch\",\"execArgv\",\"runnerEnv\",\"runner\",\"shard\",\"specFileRetries\",\"specFileRetriesDelay\",\"specFileRetriesDeferred\",\"reporterSyncInterval\",\"reporterSyncTimeout\",\"cucumberFeaturesWithLineNumbers\",\"autoCompileOpts\",\"mochaOpts\",\"jasmineOpts\",\"cucumberOpts\",\"onPrepare\",\"onWorkerStart\",\"onWorkerEnd\",\"before\",\"beforeSession\",\"beforeSuite\",\"beforeHook\",\"beforeTest\",\"afterTest\",\"afterHook\",\"afterSuite\",\"afterSession\",\"after\",\"onComplete\",\"beforeAssertion\",\"afterAssertion\",\"beforeFeature\",\"beforeScenario\",\"beforeStep\",\"afterStep\",\"afterScenario\",\"afterFeature\",\"_\",\"suite\",\"$0\",\"ignoredWorkerServices\",\"wdi5\"]"}]}
RESULT: {"script":"<script> [2342 bytes]","args":[{"protocol":"http","hostname":"0.0.0.0","path":"/","capabilities":{"browserName":"chrome","goog:chromeOptions":{"binary":"C:\\Program Files\\Google\\Chrome\\Application\\chrome.exe","args":["--start-maximized"]}},"logLevel":"warn","connectionRetryTimeout":120000,"connectionRetryCount":3,"logLevels":{},"enableDirectConnect":true,"strictSSL":true,"_":"65 more keys: [\"cacheDir\",\"port\",\"requestedCapabilities\",\"automationProtocol\",\"baseUrl\",\"waitforInterval\",\"waitforTimeout\",\"onReload\",\"beforeCommand\",\"afterCommand\",\"rootDir\",\"specs\",\"suites\",\"exclude\",\"groupLogsByTestSpec\",\"excludeDriverLogs\",\"bail\",\"framework\",\"reporters\",\"services\",\"maxInstances\",\"maxInstancesPerCapability\",\"injectGlobals\",\"filesToWatch\",\"execArgv\",\"runnerEnv\",\"runner\",\"shard\",\"specFileRetries\",\"specFileRetriesDelay\",\"specFileRetriesDeferred\",\"reporterSyncInterval\",\"reporterSyncTimeout\",\"cucumberFeaturesWithLineNumbers\",\"autoCompileOpts\",\"mochaOpts\",\"jasmineOpts\",\"cucumberOpts\",\"onPrepare\",\"onWorkerStart\",\"onWorkerEnd\",\"before\",\"beforeSession\",\"beforeSuite\",\"beforeHook\",\"beforeTest\",\"afterTest\",\"afterHook\",\"afterSuite\",\"afterSession\",\"after\",\"onComplete\",\"beforeAssertion\",\"afterAssertion\",\"beforeFeature\",\"beforeScenario\",\"beforeStep\",\"afterStep\",\"afterScenario\",\"afterFeature\",\"_\",\"suite\",\"$0\",\"ignoredWorkerServices\",\"wdi5\"]"}]}
COMMAND: POST /session/2c3e5cc3018601d52a1ae1747f5b8299/execute/async - {"script":"<script> [21126 bytes]","args":[35000]}
RESULT: {"script":"<script> [21126 bytes]","args":[35000]}
]]></system-out>
    </testcase>
  </testsuite>
  <testsuite timestamp="2025-05-15T17:54:14" time="463.749" tests="4" failures="0" errors="0" skipped="0">
    <properties>
      <property name="specId" value="0" />
      <property name="suiteName" value="Create partner US118246" />
      <property name="capabilities" value="chrome.136_0_7103_93.windows" />
      <property name="file" value="file:///D:/a/1/s/test/specs/BTS/create-partner.spec.js" />
    </properties>
    <testcase classname="chrome.136_0_7103_93.windows.Create_partner_US118246" name="Should create a new yard in case create yard failed" time="115.792">
      <system-out><![CDATA[
COMMAND: POST /session/2c3e5cc3018601d52a1ae1747f5b8299/window/fullscreen - {}
RESULT: {}
COMMAND: POST /session/2c3e5cc3018601d52a1ae1747f5b8299/execute/async - {"script":"<script> [1562 bytes]","args":[{"selector":{"controlType":"sap.m.GenericTile","properties":{"header":"Manage Yards"}},"wdio_ui5_key":"sapm.GenericTile{\"header\":\"Manage Yards\"}"}]}
RESULT: {"script":"<script> [1562 bytes]","args":[{"selector":{"controlType":"sap.m.GenericTile","properties":{"header":"Manage Yards"}},"wdio_ui5_key":"sapm.GenericTile{\"header\":\"Manage Yards\"}"}]}
RESULT: undefined
COMMAND: POST /session/2c3e5cc3018601d52a1ae1747f5b8299/element - {"using":"xpath","value":"//*[@id=\"__tile41\"]"}
RESULT: {"using":"xpath","value":"//*[@id=\"__tile41\"]"}
COMMAND: POST /session/2c3e5cc3018601d52a1ae1747f5b8299/element/f.37FD799F3153CD067689FB9668CC9BBA.d.AC6DDAF42A69D0070961DFB57DDFE375.e.8955/click - {}
RESULT: {}
COMMAND: GET /session/2c3e5cc3018601d52a1ae1747f5b8299/screenshot - {}
RESULT: {}
COMMAND: POST /session/2c3e5cc3018601d52a1ae1747f5b8299/elements - {"using":"xpath","value":"//span[text()='Error']"}
RESULT: {"using":"xpath","value":"//span[text()='Error']"}
COMMAND: POST /session/2c3e5cc3018601d52a1ae1747f5b8299/element - {"using":"xpath","value":"//button[@data-kt=\"addNewYardOverflowToolbarButton\"]"}
RESULT: {"using":"xpath","value":"//button[@data-kt=\"addNewYardOverflowToolbarButton\"]"}
COMMAND: POST /session/2c3e5cc3018601d52a1ae1747f5b8299/elements - {"using":"xpath","value":"//button[@data-kt=\"addNewYardOverflowToolbarButton\"]"}
RESULT: {"using":"xpath","value":"//button[@data-kt=\"addNewYardOverflowToolbarButton\"]"}
COMMAND: POST /session/2c3e5cc3018601d52a1ae1747f5b8299/elements - {"using":"xpath","value":"//button[@data-kt=\"addNewYardOverflowToolbarButton\"]"}
RESULT: {"using":"xpath","value":"//button[@data-kt=\"addNewYardOverflowToolbarButton\"]"}
COMMAND: POST /session/2c3e5cc3018601d52a1ae1747f5b8299/elements - {"using":"xpath","value":"//button[@data-kt=\"addNewYardOverflowToolbarButton\"]"}
RESULT: {"using":"xpath","value":"//button[@data-kt=\"addNewYardOverflowToolbarButton\"]"}
COMMAND: POST /session/2c3e5cc3018601d52a1ae1747f5b8299/elements - {"using":"xpath","value":"//button[@data-kt=\"addNewYardOverflowToolbarButton\"]"}
RESULT: {"using":"xpath","value":"//button[@data-kt=\"addNewYardOverflowToolbarButton\"]"}
COMMAND: POST /session/2c3e5cc3018601d52a1ae1747f5b8299/element - {"using":"xpath","value":"//button[@data-kt=\"addNewYardOverflowToolbarButton\"]"}
RESULT: {"using":"xpath","value":"//button[@data-kt=\"addNewYardOverflowToolbarButton\"]"}
COMMAND: POST /session/2c3e5cc3018601d52a1ae1747f5b8299/execute/sync - {"script":"<script> [8489 bytes]","args":[{"element-6066-11e4-a52e-4f735466cecf":"f.37FD799F3153CD067689FB9668CC9BBA.d.AC6DDAF42A69D0070961DFB57DDFE375.e.9091","ELEMENT":"f.37FD799F3153CD067689FB9668CC9BBA.d.AC6DDAF42A69D0070961DFB57DDFE375.e.9091"}]}
RESULT: {"script":"<script> [8489 bytes]","args":[{"element-6066-11e4-a52e-4f735466cecf":"f.37FD799F3153CD067689FB9668CC9BBA.d.AC6DDAF42A69D0070961DFB57DDFE375.e.9091","ELEMENT":"f.37FD799F3153CD067689FB9668CC9BBA.d.AC6DDAF42A69D0070961DFB57DDFE375.e.9091"}]}
COMMAND: GET /session/2c3e5cc3018601d52a1ae1747f5b8299/element/f.37FD799F3153CD067689FB9668CC9BBA.d.AC6DDAF42A69D0070961DFB57DDFE375.e.9091/enabled - {}
COMMAND: GET /session/2c3e5cc3018601d52a1ae1747f5b8299/screenshot - {}
RESULT: {}
COMMAND: POST /session/2c3e5cc3018601d52a1ae1747f5b8299/execute/sync - {"script":"<script> [8489 bytes]","args":[{"element-6066-11e4-a52e-4f735466cecf":"f.37FD799F3153CD067689FB9668CC9BBA.d.AC6DDAF42A69D0070961DFB57DDFE375.e.9091","ELEMENT":"f.37FD799F3153CD067689FB9668CC9BBA.d.AC6DDAF42A69D0070961DFB57DDFE375.e.9091"}]}
COMMAND: GET /session/2c3e5cc3018601d52a1ae1747f5b8299/screenshot - {}
RESULT: {}
RESULT: {"script":"<script> [8489 bytes]","args":[{"element-6066-11e4-a52e-4f735466cecf":"f.37FD799F3153CD067689FB9668CC9BBA.d.AC6DDAF42A69D0070961DFB57DDFE375.e.9091","ELEMENT":"f.37FD799F3153CD067689FB9668CC9BBA.d.AC6DDAF42A69D0070961DFB57DDFE375.e.9091"}]}
COMMAND: POST /session/2c3e5cc3018601d52a1ae1747f5b8299/execute/sync - {"script":"<script> [5351 bytes]","args":[{"element-6066-11e4-a52e-4f735466cecf":"f.37FD799F3153CD067689FB9668CC9BBA.d.AC6DDAF42A69D0070961DFB57DDFE375.e.9091","ELEMENT":"f.37FD799F3153CD067689FB9668CC9BBA.d.AC6DDAF42A69D0070961DFB57DDFE375.e.9091"}]}
COMMAND: GET /session/2c3e5cc3018601d52a1ae1747f5b8299/screenshot - {}
RESULT: {}
RESULT: {"script":"<script> [5351 bytes]","args":[{"element-6066-11e4-a52e-4f735466cecf":"f.37FD799F3153CD067689FB9668CC9BBA.d.AC6DDAF42A69D0070961DFB57DDFE375.e.9091","ELEMENT":"f.37FD799F3153CD067689FB9668CC9BBA.d.AC6DDAF42A69D0070961DFB57DDFE375.e.9091"}]}
COMMAND: POST /session/2c3e5cc3018601d52a1ae1747f5b8299/element/f.37FD799F3153CD067689FB9668CC9BBA.d.AC6DDAF42A69D0070961DFB57DDFE375.e.9091/click - {}
COMMAND: GET /session/2c3e5cc3018601d52a1ae1747f5b8299/screenshot - {}
RESULT: {}
RESULT: {}
COMMAND: GET /session/2c3e5cc3018601d52a1ae1747f5b8299/screenshot - {}
RESULT: {}
RESULT: {}
COMMAND: POST /session/2c3e5cc3018601d52a1ae1747f5b8299/element - {"using":"xpath","value":"//input[@id=\"application-manageyards-display-component---NewYard--yardId-inner\"]"}
RESULT: {"using":"xpath","value":"//input[@id=\"application-manageyards-display-component---NewYard--yardId-inner\"]"}
COMMAND: POST /session/2c3e5cc3018601d52a1ae1747f5b8299/element - {"using":"xpath","value":"//input[@id=\"application-manageyards-display-component---NewYard--yardId-inner\"]"}
RESULT: {"using":"xpath","value":"//input[@id=\"application-manageyards-display-component---NewYard--yardId-inner\"]"}
COMMAND: POST /session/2c3e5cc3018601d52a1ae1747f5b8299/execute/async - {"script":"<script> [1562 bytes]","args":[{"selector":{"id":"application-manageyards-display-component---NewYard--addressDetailDetailsName1","interaction":{"idSuffix":"inner"}},"wdio_ui5_key":"applicationmanageyards-display-component---NewYard--addressDetailDetailsName1"}]}
RESULT: {"script":"<script> [1562 bytes]","args":[{"selector":{"id":"application-manageyards-display-component---NewYard--addressDetailDetailsName1","interaction":{"idSuffix":"inner"}},"wdio_ui5_key":"applicationmanageyards-display-component---NewYard--addressDetailDetailsName1"}]}
RESULT: undefined
COMMAND: POST /session/2c3e5cc3018601d52a1ae1747f5b8299/execute/async - {"script":"<script> [776 bytes]","args":[{"enterText":"Intracompany Yard wdIO","selector":{"id":"application-manageyards-display-component---NewYard--addressDetailDetailsName1","interaction":{"idSuffix":"inner"}},"clearTextFirst":true,"interactionType":"ENTER_TEXT"}]}
RESULT: {"script":"<script> [776 bytes]","args":[{"enterText":"Intracompany Yard wdIO","selector":{"id":"application-manageyards-display-component---NewYard--addressDetailDetailsName1","interaction":{"idSuffix":"inner"}},"clearTextFirst":true,"interactionType":"ENTER_TEXT"}]}
COMMAND: POST /session/2c3e5cc3018601d52a1ae1747f5b8299/execute/async - {"script":"<script> [1562 bytes]","args":[{"selector":{"id":"application-manageyards-display-component---NewYard--addressDetailDetailsLanguage-arrow"},"wdio_ui5_key":"applicationmanageyards-display-component---NewYard--addressDetailDetailsLanguage-arrow"}]}
RESULT: {"script":"<script> [1562 bytes]","args":[{"selector":{"id":"application-manageyards-display-component---NewYard--addressDetailDetailsLanguage-arrow"},"wdio_ui5_key":"applicationmanageyards-display-component---NewYard--addressDetailDetailsLanguage-arrow"}]}
RESULT: undefined
COMMAND: POST /session/2c3e5cc3018601d52a1ae1747f5b8299/element - {"using":"xpath","value":"//*[@id=\"application-manageyards-display-component---NewYard--addressDetailDetailsLanguage-arrow\"]"}
RESULT: {"using":"xpath","value":"//*[@id=\"application-manageyards-display-component---NewYard--addressDetailDetailsLanguage-arrow\"]"}
COMMAND: POST /session/2c3e5cc3018601d52a1ae1747f5b8299/element/f.37FD799F3153CD067689FB9668CC9BBA.d.AC6DDAF42A69D0070961DFB57DDFE375.e.9530/click - {}
RESULT: {}
COMMAND: POST /session/2c3e5cc3018601d52a1ae1747f5b8299/element - {"using":"xpath","value":"//span[contains(text(), \"English\")]"}
COMMAND: GET /session/2c3e5cc3018601d52a1ae1747f5b8299/screenshot - {}
RESULT: {"using":"xpath","value":"//span[contains(text(), \"English\")]"}
COMMAND: POST /session/2c3e5cc3018601d52a1ae1747f5b8299/element/f.37FD799F3153CD067689FB9668CC9BBA.d.AC6DDAF42A69D0070961DFB57DDFE375.e.9531/click - {}
RESULT: {}
RESULT: {}
COMMAND: POST /session/2c3e5cc3018601d52a1ae1747f5b8299/execute/async - {"script":"<script> [1562 bytes]","args":[{"selector":{"id":"application-manageyards-display-component---NewYard--addressDetailDetailsCity1","interaction":{"idSuffix":"inner"}},"wdio_ui5_key":"applicationmanageyards-display-component---NewYard--addressDetailDetailsCity1"}]}
COMMAND: GET /session/2c3e5cc3018601d52a1ae1747f5b8299/screenshot - {}
RESULT: {"script":"<script> [1562 bytes]","args":[{"selector":{"id":"application-manageyards-display-component---NewYard--addressDetailDetailsCity1","interaction":{"idSuffix":"inner"}},"wdio_ui5_key":"applicationmanageyards-display-component---NewYard--addressDetailDetailsCity1"}]}
RESULT: undefined
COMMAND: POST /session/2c3e5cc3018601d52a1ae1747f5b8299/execute/async - {"script":"<script> [776 bytes]","args":[{"enterText":"Rosario","selector":{"id":"application-manageyards-display-component---NewYard--addressDetailDetailsCity1","interaction":{"idSuffix":"inner"}},"clearTextFirst":true,"interactionType":"ENTER_TEXT"}]}
RESULT: {}
RESULT: {"script":"<script> [776 bytes]","args":[{"enterText":"Rosario","selector":{"id":"application-manageyards-display-component---NewYard--addressDetailDetailsCity1","interaction":{"idSuffix":"inner"}},"clearTextFirst":true,"interactionType":"ENTER_TEXT"}]}
COMMAND: POST /session/2c3e5cc3018601d52a1ae1747f5b8299/execute/async - {"script":"<script> [1562 bytes]","args":[{"selector":{"id":"application-manageyards-display-component---NewYard--addressDetailDetailsCountry-arrow"},"wdio_ui5_key":"applicationmanageyards-display-component---NewYard--addressDetailDetailsCountry-arrow"}]}
RESULT: {"script":"<script> [1562 bytes]","args":[{"selector":{"id":"application-manageyards-display-component---NewYard--addressDetailDetailsCountry-arrow"},"wdio_ui5_key":"applicationmanageyards-display-component---NewYard--addressDetailDetailsCountry-arrow"}]}
RESULT: undefined
COMMAND: POST /session/2c3e5cc3018601d52a1ae1747f5b8299/element - {"using":"xpath","value":"//*[@id=\"application-manageyards-display-component---NewYard--addressDetailDetailsCountry-arrow\"]"}
RESULT: {"using":"xpath","value":"//*[@id=\"application-manageyards-display-component---NewYard--addressDetailDetailsCountry-arrow\"]"}
COMMAND: POST /session/2c3e5cc3018601d52a1ae1747f5b8299/element/f.37FD799F3153CD067689FB9668CC9BBA.d.AC6DDAF42A69D0070961DFB57DDFE375.e.9533/click - {}
RESULT: {}
COMMAND: POST /session/2c3e5cc3018601d52a1ae1747f5b8299/element - {"using":"xpath","value":"//span[contains(text(), \"Argentina\")]"}
COMMAND: GET /session/2c3e5cc3018601d52a1ae1747f5b8299/screenshot - {}
RESULT: {"using":"xpath","value":"//span[contains(text(), \"Argentina\")]"}
COMMAND: POST /session/2c3e5cc3018601d52a1ae1747f5b8299/element/f.37FD799F3153CD067689FB9668CC9BBA.d.AC6DDAF42A69D0070961DFB57DDFE375.e.9534/click - {}
RESULT: {}
RESULT: {}
COMMAND: POST /session/2c3e5cc3018601d52a1ae1747f5b8299/execute/async - {"script":"<script> [1562 bytes]","args":[{"selector":{"id":"application-manageyards-display-component---NewYard--addressEditDetailsCostObjectCstType-arrow"},"wdio_ui5_key":"applicationmanageyards-display-component---NewYard--addressEditDetailsCostObjectCstType-arrow"}]}
COMMAND: GET /session/2c3e5cc3018601d52a1ae1747f5b8299/screenshot - {}
RESULT: {"script":"<script> [1562 bytes]","args":[{"selector":{"id":"application-manageyards-display-component---NewYard--addressEditDetailsCostObjectCstType-arrow"},"wdio_ui5_key":"applicationmanageyards-display-component---NewYard--addressEditDetailsCostObjectCstType-arrow"}]}
RESULT: undefined
COMMAND: POST /session/2c3e5cc3018601d52a1ae1747f5b8299/element - {"using":"xpath","value":"//*[@id=\"application-manageyards-display-component---NewYard--addressEditDetailsCostObjectCstType-arrow\"]"}
RESULT: {}
RESULT: {"using":"xpath","value":"//*[@id=\"application-manageyards-display-component---NewYard--addressEditDetailsCostObjectCstType-arrow\"]"}
COMMAND: POST /session/2c3e5cc3018601d52a1ae1747f5b8299/element/f.37FD799F3153CD067689FB9668CC9BBA.d.AC6DDAF42A69D0070961DFB57DDFE375.e.9536/click - {}
RESULT: {}
COMMAND: POST /session/2c3e5cc3018601d52a1ae1747f5b8299/element - {"using":"xpath","value":"//span[contains(text(), \"Cost Center\")]"}
COMMAND: GET /session/2c3e5cc3018601d52a1ae1747f5b8299/screenshot - {}
RESULT: {"using":"xpath","value":"//span[contains(text(), \"Cost Center\")]"}
COMMAND: POST /session/2c3e5cc3018601d52a1ae1747f5b8299/element/f.37FD799F3153CD067689FB9668CC9BBA.d.AC6DDAF42A69D0070961DFB57DDFE375.e.9537/click - {}
RESULT: {}
RESULT: {}
COMMAND: GET /session/2c3e5cc3018601d52a1ae1747f5b8299/screenshot - {}
RESULT: {}
COMMAND: POST /session/2c3e5cc3018601d52a1ae1747f5b8299/element - {"using":"xpath","value":"//span[@id=\"application-manageyards-display-component---NewYard--addressNewCostObjectCstID-vhi\"]"}
RESULT: {"using":"xpath","value":"//span[@id=\"application-manageyards-display-component---NewYard--addressNewCostObjectCstID-vhi\"]"}
COMMAND: POST /session/2c3e5cc3018601d52a1ae1747f5b8299/execute/sync - {"script":"<script> [8489 bytes]","args":[{"element-6066-11e4-a52e-4f735466cecf":"f.37FD799F3153CD067689FB9668CC9BBA.d.AC6DDAF42A69D0070961DFB57DDFE375.e.9541","ELEMENT":"f.37FD799F3153CD067689FB9668CC9BBA.d.AC6DDAF42A69D0070961DFB57DDFE375.e.9541"}]}
RESULT: {"script":"<script> [8489 bytes]","args":[{"element-6066-11e4-a52e-4f735466cecf":"f.37FD799F3153CD067689FB9668CC9BBA.d.AC6DDAF42A69D0070961DFB57DDFE375.e.9541","ELEMENT":"f.37FD799F3153CD067689FB9668CC9BBA.d.AC6DDAF42A69D0070961DFB57DDFE375.e.9541"}]}
COMMAND: POST /session/2c3e5cc3018601d52a1ae1747f5b8299/execute/async - {"script":"<script> [1562 bytes]","args":[{"selector":{"id":"application-manageyards-display-component---NewYard--addressNewCostObjectCstID-vhi"},"wdio_ui5_key":"applicationmanageyards-display-component---NewYard--addressNewCostObjectCstID-vhi"}]}
COMMAND: GET /session/2c3e5cc3018601d52a1ae1747f5b8299/screenshot - {}
RESULT: {"script":"<script> [1562 bytes]","args":[{"selector":{"id":"application-manageyards-display-component---NewYard--addressNewCostObjectCstID-vhi"},"wdio_ui5_key":"applicationmanageyards-display-component---NewYard--addressNewCostObjectCstID-vhi"}]}
RESULT: undefined
COMMAND: POST /session/2c3e5cc3018601d52a1ae1747f5b8299/element - {"using":"xpath","value":"//*[@id=\"application-manageyards-display-component---NewYard--addressNewCostObjectCstID-vhi\"]"}
RESULT: {}
RESULT: {"using":"xpath","value":"//*[@id=\"application-manageyards-display-component---NewYard--addressNewCostObjectCstID-vhi\"]"}
COMMAND: POST /session/2c3e5cc3018601d52a1ae1747f5b8299/element/f.37FD799F3153CD067689FB9668CC9BBA.d.AC6DDAF42A69D0070961DFB57DDFE375.e.9541/click - {}
RESULT: {}
COMMAND: GET /session/2c3e5cc3018601d52a1ae1747f5b8299/screenshot - {}
RESULT: {}
COMMAND: POST /session/2c3e5cc3018601d52a1ae1747f5b8299/execute/async - {"script":"<script> [1562 bytes]","args":[{"selector":{"controlType":"sap.m.SearchField","properties":{"placeholder":"Search"},"searchOpenDialogs":true,"interaction":{"idSuffix":"I"}},"wdio_ui5_key":"sapm.SearchField{\"placeholder\":\"Search\"}"}]}
RESULT: {"script":"<script> [1562 bytes]","args":[{"selector":{"controlType":"sap.m.SearchField","properties":{"placeholder":"Search"},"searchOpenDialogs":true,"interaction":{"idSuffix":"I"}},"wdio_ui5_key":"sapm.SearchField{\"placeholder\":\"Search\"}"}]}
RESULT: undefined
COMMAND: POST /session/2c3e5cc3018601d52a1ae1747f5b8299/execute/async - {"script":"<script> [776 bytes]","args":[{"enterText":"bauh_b","selector":{"controlType":"sap.m.SearchField","properties":{"placeholder":"Search"},"searchOpenDialogs":true,"interaction":{"idSuffix":"I"}},"clearTextFirst":true,"interactionType":"ENTER_TEXT"}]}
RESULT: {"script":"<script> [776 bytes]","args":[{"enterText":"bauh_b","selector":{"controlType":"sap.m.SearchField","properties":{"placeholder":"Search"},"searchOpenDialogs":true,"interaction":{"idSuffix":"I"}},"clearTextFirst":true,"interactionType":"ENTER_TEXT"}]}
COMMAND: POST /session/2c3e5cc3018601d52a1ae1747f5b8299/actions - {"actions":[{"id":"action25","type":"key","parameters":{},"actions":[{"type":"keyDown","value":"î€‡"},{"type":"pause","duration":10},{"type":"keyUp","value":"î€‡"}]}]}
RESULT: {"actions":[{"id":"action25","type":"key","parameters":{},"actions":[{"type":"keyDown","value":"î€‡"},{"type":"pause","duration":10},{"type":"keyUp","value":"î€‡"}]}]}
COMMAND: GET /session/2c3e5cc3018601d52a1ae1747f5b8299/screenshot - {}
RESULT: {}
COMMAND: POST /session/2c3e5cc3018601d52a1ae1747f5b8299/element - {"using":"xpath","value":"//span[contains(text(), \"Demo Yard\")]"}
RESULT: {"using":"xpath","value":"//span[contains(text(), \"Demo Yard\")]"}
COMMAND: POST /session/2c3e5cc3018601d52a1ae1747f5b8299/element/f.37FD799F3153CD067689FB9668CC9BBA.d.AC6DDAF42A69D0070961DFB57DDFE375.e.9582/click - {}
RESULT: {}
COMMAND: GET /session/2c3e5cc3018601d52a1ae1747f5b8299/screenshot - {}
RESULT: {}
COMMAND: POST /session/2c3e5cc3018601d52a1ae1747f5b8299/element - {"using":"xpath","value":"//bdi[contains(text(), \"OK\")]"}
RESULT: {"using":"xpath","value":"//bdi[contains(text(), \"OK\")]"}
COMMAND: POST /session/2c3e5cc3018601d52a1ae1747f5b8299/element/f.37FD799F3153CD067689FB9668CC9BBA.d.AC6DDAF42A69D0070961DFB57DDFE375.e.9583/click - {}
RESULT: {}
COMMAND: GET /session/2c3e5cc3018601d52a1ae1747f5b8299/screenshot - {}
RESULT: {}
COMMAND: POST /session/2c3e5cc3018601d52a1ae1747f5b8299/execute/async - {"script":"<script> [1562 bytes]","args":[{"selector":{"id":"application-manageyards-display-component---NewYard--addressEditDetailsCurrency-arrow"},"wdio_ui5_key":"applicationmanageyards-display-component---NewYard--addressEditDetailsCurrency-arrow"}]}
RESULT: {"script":"<script> [1562 bytes]","args":[{"selector":{"id":"application-manageyards-display-component---NewYard--addressEditDetailsCurrency-arrow"},"wdio_ui5_key":"applicationmanageyards-display-component---NewYard--addressEditDetailsCurrency-arrow"}]}
RESULT: undefined
COMMAND: POST /session/2c3e5cc3018601d52a1ae1747f5b8299/element - {"using":"xpath","value":"//*[@id=\"application-manageyards-display-component---NewYard--addressEditDetailsCurrency-arrow\"]"}
RESULT: {"using":"xpath","value":"//*[@id=\"application-manageyards-display-component---NewYard--addressEditDetailsCurrency-arrow\"]"}
COMMAND: POST /session/2c3e5cc3018601d52a1ae1747f5b8299/element/f.37FD799F3153CD067689FB9668CC9BBA.d.AC6DDAF42A69D0070961DFB57DDFE375.e.9586/click - {}
RESULT: {}
COMMAND: POST /session/2c3e5cc3018601d52a1ae1747f5b8299/element - {"using":"xpath","value":"//span[contains(text(), \"Euro\")]"}
COMMAND: GET /session/2c3e5cc3018601d52a1ae1747f5b8299/screenshot - {}
RESULT: {"using":"xpath","value":"//span[contains(text(), \"Euro\")]"}
COMMAND: POST /session/2c3e5cc3018601d52a1ae1747f5b8299/element/f.37FD799F3153CD067689FB9668CC9BBA.d.AC6DDAF42A69D0070961DFB57DDFE375.e.9587/click - {}
RESULT: {}
RESULT: {}
COMMAND: POST /session/2c3e5cc3018601d52a1ae1747f5b8299/execute/async - {"script":"<script> [1562 bytes]","args":[{"selector":{"controlType":"sap.m.Input","viewName":"etm.portal.ui.manageyards.view.New","viewId":"application-manageyards-display-component---NewYard","bindingPath":{"path":"","propertyPath":"/CONTROLLING_AREA","modelName":"NewYardModel"},"interaction":{"idSuffix":"inner"}},"wdio_ui5_key":"etmportal.ui.manageyards.view.Newsap.m.Input{\"path\":\"\",\"propertyPath\":\"/CONTROLLING_AREA\",\"modelName\":\"NewYardModel\"}"}]}
COMMAND: GET /session/2c3e5cc3018601d52a1ae1747f5b8299/screenshot - {}
RESULT: {"script":"<script> [1562 bytes]","args":[{"selector":{"controlType":"sap.m.Input","viewName":"etm.portal.ui.manageyards.view.New","viewId":"application-manageyards-display-component---NewYard","bindingPath":{"path":"","propertyPath":"/CONTROLLING_AREA","modelName":"NewYardModel"},"interaction":{"idSuffix":"inner"}},"wdio_ui5_key":"etmportal.ui.manageyards.view.Newsap.m.Input{\"path\":\"\",\"propertyPath\":\"/CONTROLLING_AREA\",\"modelName\":\"NewYardModel\"}"}]}
RESULT: undefined
COMMAND: POST /session/2c3e5cc3018601d52a1ae1747f5b8299/execute/async - {"script":"<script> [776 bytes]","args":[{"enterText":"Z001","selector":{"controlType":"sap.m.Input","viewName":"etm.portal.ui.manageyards.view.New","viewId":"application-manageyards-display-component---NewYard","bindingPath":{"path":"","propertyPath":"/CONTROLLING_AREA","modelName":"NewYardModel"},"interaction":{"idSuffix":"inner"}},"clearTextFirst":true,"interactionType":"ENTER_TEXT"}]}
RESULT: {}
RESULT: {"script":"<script> [776 bytes]","args":[{"enterText":"Z001","selector":{"controlType":"sap.m.Input","viewName":"etm.portal.ui.manageyards.view.New","viewId":"application-manageyards-display-component---NewYard","bindingPath":{"path":"","propertyPath":"/CONTROLLING_AREA","modelName":"NewYardModel"},"interaction":{"idSuffix":"inner"}},"clearTextFirst":true,"interactionType":"ENTER_TEXT"}]}
COMMAND: POST /session/2c3e5cc3018601d52a1ae1747f5b8299/execute/async - {"script":"<script> [1562 bytes]","args":[{"selector":{"id":"application-manageyards-display-component---NewYard--companyCodeComboBox","interaction":{"idSuffix":"inner"}},"wdio_ui5_key":"applicationmanageyards-display-component---NewYard--companyCodeComboBox"}]}
RESULT: {"script":"<script> [1562 bytes]","args":[{"selector":{"id":"application-manageyards-display-component---NewYard--companyCodeComboBox","interaction":{"idSuffix":"inner"}},"wdio_ui5_key":"applicationmanageyards-display-component---NewYard--companyCodeComboBox"}]}
RESULT: undefined
COMMAND: POST /session/2c3e5cc3018601d52a1ae1747f5b8299/execute/async - {"script":"<script> [776 bytes]","args":[{"enterText":"1000","selector":{"id":"application-manageyards-display-component---NewYard--companyCodeComboBox","interaction":{"idSuffix":"inner"}},"clearTextFirst":true,"interactionType":"ENTER_TEXT"}]}
RESULT: {"script":"<script> [776 bytes]","args":[{"enterText":"1000","selector":{"id":"application-manageyards-display-component---NewYard--companyCodeComboBox","interaction":{"idSuffix":"inner"}},"clearTextFirst":true,"interactionType":"ENTER_TEXT"}]}
COMMAND: POST /session/2c3e5cc3018601d52a1ae1747f5b8299/execute/async - {"script":"<script> [1562 bytes]","args":[{"selector":{"controlType":"sap.m.Input","viewName":"etm.portal.ui.manageyards.view.New","viewId":"application-manageyards-display-component---NewYard","bindingPath":{"path":"","propertyPath":"/PLANT","modelName":"NewYardModel"},"interaction":{"idSuffix":"inner"}},"wdio_ui5_key":"etmportal.ui.manageyards.view.Newsap.m.Input{\"path\":\"\",\"propertyPath\":\"/PLANT\",\"modelName\":\"NewYardModel\"}"}]}
RESULT: {"script":"<script> [1562 bytes]","args":[{"selector":{"controlType":"sap.m.Input","viewName":"etm.portal.ui.manageyards.view.New","viewId":"application-manageyards-display-component---NewYard","bindingPath":{"path":"","propertyPath":"/PLANT","modelName":"NewYardModel"},"interaction":{"idSuffix":"inner"}},"wdio_ui5_key":"etmportal.ui.manageyards.view.Newsap.m.Input{\"path\":\"\",\"propertyPath\":\"/PLANT\",\"modelName\":\"NewYardModel\"}"}]}
RESULT: undefined
COMMAND: POST /session/2c3e5cc3018601d52a1ae1747f5b8299/execute/async - {"script":"<script> [776 bytes]","args":[{"enterText":"1001","selector":{"controlType":"sap.m.Input","viewName":"etm.portal.ui.manageyards.view.New","viewId":"application-manageyards-display-component---NewYard","bindingPath":{"path":"","propertyPath":"/PLANT","modelName":"NewYardModel"},"interaction":{"idSuffix":"inner"}},"clearTextFirst":true,"interactionType":"ENTER_TEXT"}]}
RESULT: {"script":"<script> [776 bytes]","args":[{"enterText":"1001","selector":{"controlType":"sap.m.Input","viewName":"etm.portal.ui.manageyards.view.New","viewId":"application-manageyards-display-component---NewYard","bindingPath":{"path":"","propertyPath":"/PLANT","modelName":"NewYardModel"},"interaction":{"idSuffix":"inner"}},"clearTextFirst":true,"interactionType":"ENTER_TEXT"}]}
COMMAND: POST /session/2c3e5cc3018601d52a1ae1747f5b8299/execute/async - {"script":"<script> [1562 bytes]","args":[{"selector":{"controlType":"sap.m.Input","viewName":"etm.portal.ui.manageyards.view.New","viewId":"application-manageyards-display-component---NewYard","bindingPath":{"path":"","propertyPath":"/SALES_AREA_VKORG","modelName":"NewYardModel"},"interaction":{"idSuffix":"inner"}},"wdio_ui5_key":"etmportal.ui.manageyards.view.Newsap.m.Input{\"path\":\"\",\"propertyPath\":\"/SALES_AREA_VKORG\",\"modelName\":\"NewYardModel\"}"}]}
RESULT: {"script":"<script> [1562 bytes]","args":[{"selector":{"controlType":"sap.m.Input","viewName":"etm.portal.ui.manageyards.view.New","viewId":"application-manageyards-display-component---NewYard","bindingPath":{"path":"","propertyPath":"/SALES_AREA_VKORG","modelName":"NewYardModel"},"interaction":{"idSuffix":"inner"}},"wdio_ui5_key":"etmportal.ui.manageyards.view.Newsap.m.Input{\"path\":\"\",\"propertyPath\":\"/SALES_AREA_VKORG\",\"modelName\":\"NewYardModel\"}"}]}
RESULT: undefined
COMMAND: POST /session/2c3e5cc3018601d52a1ae1747f5b8299/execute/async - {"script":"<script> [776 bytes]","args":[{"enterText":"C002","selector":{"controlType":"sap.m.Input","viewName":"etm.portal.ui.manageyards.view.New","viewId":"application-manageyards-display-component---NewYard","bindingPath":{"path":"","propertyPath":"/SALES_AREA_VKORG","modelName":"NewYardModel"},"interaction":{"idSuffix":"inner"}},"clearTextFirst":true,"interactionType":"ENTER_TEXT"}]}
RESULT: {"script":"<script> [776 bytes]","args":[{"enterText":"C002","selector":{"controlType":"sap.m.Input","viewName":"etm.portal.ui.manageyards.view.New","viewId":"application-manageyards-display-component---NewYard","bindingPath":{"path":"","propertyPath":"/SALES_AREA_VKORG","modelName":"NewYardModel"},"interaction":{"idSuffix":"inner"}},"clearTextFirst":true,"interactionType":"ENTER_TEXT"}]}
COMMAND: POST /session/2c3e5cc3018601d52a1ae1747f5b8299/execute/async - {"script":"<script> [1562 bytes]","args":[{"selector":{"controlType":"sap.m.Input","viewName":"etm.portal.ui.manageyards.view.New","viewId":"application-manageyards-display-component---NewYard","bindingPath":{"path":"","propertyPath":"/SALES_AREA_VTWEG","modelName":"NewYardModel"},"interaction":{"idSuffix":"inner"}},"wdio_ui5_key":"etmportal.ui.manageyards.view.Newsap.m.Input{\"path\":\"\",\"propertyPath\":\"/SALES_AREA_VTWEG\",\"modelName\":\"NewYardModel\"}"}]}
RESULT: {"script":"<script> [1562 bytes]","args":[{"selector":{"controlType":"sap.m.Input","viewName":"etm.portal.ui.manageyards.view.New","viewId":"application-manageyards-display-component---NewYard","bindingPath":{"path":"","propertyPath":"/SALES_AREA_VTWEG","modelName":"NewYardModel"},"interaction":{"idSuffix":"inner"}},"wdio_ui5_key":"etmportal.ui.manageyards.view.Newsap.m.Input{\"path\":\"\",\"propertyPath\":\"/SALES_AREA_VTWEG\",\"modelName\":\"NewYardModel\"}"}]}
RESULT: undefined
COMMAND: POST /session/2c3e5cc3018601d52a1ae1747f5b8299/execute/async - {"script":"<script> [776 bytes]","args":[{"enterText":"C2","selector":{"controlType":"sap.m.Input","viewName":"etm.portal.ui.manageyards.view.New","viewId":"application-manageyards-display-component---NewYard","bindingPath":{"path":"","propertyPath":"/SALES_AREA_VTWEG","modelName":"NewYardModel"},"interaction":{"idSuffix":"inner"}},"clearTextFirst":true,"interactionType":"ENTER_TEXT"}]}
RESULT: {"script":"<script> [776 bytes]","args":[{"enterText":"C2","selector":{"controlType":"sap.m.Input","viewName":"etm.portal.ui.manageyards.view.New","viewId":"application-manageyards-display-component---NewYard","bindingPath":{"path":"","propertyPath":"/SALES_AREA_VTWEG","modelName":"NewYardModel"},"interaction":{"idSuffix":"inner"}},"clearTextFirst":true,"interactionType":"ENTER_TEXT"}]}
COMMAND: POST /session/2c3e5cc3018601d52a1ae1747f5b8299/execute/async - {"script":"<script> [1562 bytes]","args":[{"selector":{"controlType":"sap.m.Input","viewName":"etm.portal.ui.manageyards.view.New","viewId":"application-manageyards-display-component---NewYard","bindingPath":{"path":"","propertyPath":"/SALES_AREA_SPART","modelName":"NewYardModel"},"interaction":{"idSuffix":"inner"}},"wdio_ui5_key":"etmportal.ui.manageyards.view.Newsap.m.Input{\"path\":\"\",\"propertyPath\":\"/SALES_AREA_SPART\",\"modelName\":\"NewYardModel\"}"}]}
RESULT: {"script":"<script> [1562 bytes]","args":[{"selector":{"controlType":"sap.m.Input","viewName":"etm.portal.ui.manageyards.view.New","viewId":"application-manageyards-display-component---NewYard","bindingPath":{"path":"","propertyPath":"/SALES_AREA_SPART","modelName":"NewYardModel"},"interaction":{"idSuffix":"inner"}},"wdio_ui5_key":"etmportal.ui.manageyards.view.Newsap.m.Input{\"path\":\"\",\"propertyPath\":\"/SALES_AREA_SPART\",\"modelName\":\"NewYardModel\"}"}]}
RESULT: undefined
COMMAND: POST /session/2c3e5cc3018601d52a1ae1747f5b8299/execute/async - {"script":"<script> [776 bytes]","args":[{"enterText":"C2","selector":{"controlType":"sap.m.Input","viewName":"etm.portal.ui.manageyards.view.New","viewId":"application-manageyards-display-component---NewYard","bindingPath":{"path":"","propertyPath":"/SALES_AREA_SPART","modelName":"NewYardModel"},"interaction":{"idSuffix":"inner"}},"clearTextFirst":true,"interactionType":"ENTER_TEXT"}]}
RESULT: {"script":"<script> [776 bytes]","args":[{"enterText":"C2","selector":{"controlType":"sap.m.Input","viewName":"etm.portal.ui.manageyards.view.New","viewId":"application-manageyards-display-component---NewYard","bindingPath":{"path":"","propertyPath":"/SALES_AREA_SPART","modelName":"NewYardModel"},"interaction":{"idSuffix":"inner"}},"clearTextFirst":true,"interactionType":"ENTER_TEXT"}]}
COMMAND: POST /session/2c3e5cc3018601d52a1ae1747f5b8299/execute/async - {"script":"<script> [1562 bytes]","args":[{"selector":{"controlType":"sap.m.Input","viewName":"etm.portal.ui.manageyards.view.New","viewId":"application-manageyards-display-component---NewYard","bindingPath":{"path":"","propertyPath":"/SHIP_POINT","modelName":"NewYardModel"},"interaction":{"idSuffix":"inner"}},"wdio_ui5_key":"etmportal.ui.manageyards.view.Newsap.m.Input{\"path\":\"\",\"propertyPath\":\"/SHIP_POINT\",\"modelName\":\"NewYardModel\"}"}]}
RESULT: {"script":"<script> [1562 bytes]","args":[{"selector":{"controlType":"sap.m.Input","viewName":"etm.portal.ui.manageyards.view.New","viewId":"application-manageyards-display-component---NewYard","bindingPath":{"path":"","propertyPath":"/SHIP_POINT","modelName":"NewYardModel"},"interaction":{"idSuffix":"inner"}},"wdio_ui5_key":"etmportal.ui.manageyards.view.Newsap.m.Input{\"path\":\"\",\"propertyPath\":\"/SHIP_POINT\",\"modelName\":\"NewYardModel\"}"}]}
RESULT: undefined
COMMAND: POST /session/2c3e5cc3018601d52a1ae1747f5b8299/execute/async - {"script":"<script> [776 bytes]","args":[{"enterText":"1710","selector":{"controlType":"sap.m.Input","viewName":"etm.portal.ui.manageyards.view.New","viewId":"application-manageyards-display-component---NewYard","bindingPath":{"path":"","propertyPath":"/SHIP_POINT","modelName":"NewYardModel"},"interaction":{"idSuffix":"inner"}},"clearTextFirst":true,"interactionType":"ENTER_TEXT"}]}
RESULT: {"script":"<script> [776 bytes]","args":[{"enterText":"1710","selector":{"controlType":"sap.m.Input","viewName":"etm.portal.ui.manageyards.view.New","viewId":"application-manageyards-display-component---NewYard","bindingPath":{"path":"","propertyPath":"/SHIP_POINT","modelName":"NewYardModel"},"interaction":{"idSuffix":"inner"}},"clearTextFirst":true,"interactionType":"ENTER_TEXT"}]}
COMMAND: POST /session/2c3e5cc3018601d52a1ae1747f5b8299/execute/async - {"script":"<script> [1562 bytes]","args":[{"selector":{"controlType":"sap.m.Input","viewName":"etm.portal.ui.manageyards.view.New","viewId":"application-manageyards-display-component---NewYard","bindingPath":{"path":"","propertyPath":"/DELIVERY_TYPE","modelName":"NewYardModel"},"interaction":{"idSuffix":"inner"}},"wdio_ui5_key":"etmportal.ui.manageyards.view.Newsap.m.Input{\"path\":\"\",\"propertyPath\":\"/DELIVERY_TYPE\",\"modelName\":\"NewYardModel\"}"}]}
RESULT: {"script":"<script> [1562 bytes]","args":[{"selector":{"controlType":"sap.m.Input","viewName":"etm.portal.ui.manageyards.view.New","viewId":"application-manageyards-display-component---NewYard","bindingPath":{"path":"","propertyPath":"/DELIVERY_TYPE","modelName":"NewYardModel"},"interaction":{"idSuffix":"inner"}},"wdio_ui5_key":"etmportal.ui.manageyards.view.Newsap.m.Input{\"path\":\"\",\"propertyPath\":\"/DELIVERY_TYPE\",\"modelName\":\"NewYardModel\"}"}]}
RESULT: undefined
COMMAND: POST /session/2c3e5cc3018601d52a1ae1747f5b8299/execute/async - {"script":"<script> [776 bytes]","args":[{"enterText":"ZL01","selector":{"controlType":"sap.m.Input","viewName":"etm.portal.ui.manageyards.view.New","viewId":"application-manageyards-display-component---NewYard","bindingPath":{"path":"","propertyPath":"/DELIVERY_TYPE","modelName":"NewYardModel"},"interaction":{"idSuffix":"inner"}},"clearTextFirst":true,"interactionType":"ENTER_TEXT"}]}
RESULT: {"script":"<script> [776 bytes]","args":[{"enterText":"ZL01","selector":{"controlType":"sap.m.Input","viewName":"etm.portal.ui.manageyards.view.New","viewId":"application-manageyards-display-component---NewYard","bindingPath":{"path":"","propertyPath":"/DELIVERY_TYPE","modelName":"NewYardModel"},"interaction":{"idSuffix":"inner"}},"clearTextFirst":true,"interactionType":"ENTER_TEXT"}]}
COMMAND: POST /session/2c3e5cc3018601d52a1ae1747f5b8299/execute/async - {"script":"<script> [1562 bytes]","args":[{"selector":{"controlType":"sap.m.Input","viewName":"etm.portal.ui.manageyards.view.New","viewId":"application-manageyards-display-component---NewYard","bindingPath":{"path":"","propertyPath":"/AUART","modelName":"NewYardModel"},"interaction":{"idSuffix":"inner"}},"wdio_ui5_key":"etmportal.ui.manageyards.view.Newsap.m.Input{\"path\":\"\",\"propertyPath\":\"/AUART\",\"modelName\":\"NewYardModel\"}"}]}
RESULT: {"script":"<script> [1562 bytes]","args":[{"selector":{"controlType":"sap.m.Input","viewName":"etm.portal.ui.manageyards.view.New","viewId":"application-manageyards-display-component---NewYard","bindingPath":{"path":"","propertyPath":"/AUART","modelName":"NewYardModel"},"interaction":{"idSuffix":"inner"}},"wdio_ui5_key":"etmportal.ui.manageyards.view.Newsap.m.Input{\"path\":\"\",\"propertyPath\":\"/AUART\",\"modelName\":\"NewYardModel\"}"}]}
RESULT: undefined
COMMAND: POST /session/2c3e5cc3018601d52a1ae1747f5b8299/execute/async - {"script":"<script> [776 bytes]","args":[{"enterText":"TA","selector":{"controlType":"sap.m.Input","viewName":"etm.portal.ui.manageyards.view.New","viewId":"application-manageyards-display-component---NewYard","bindingPath":{"path":"","propertyPath":"/AUART","modelName":"NewYardModel"},"interaction":{"idSuffix":"inner"}},"clearTextFirst":true,"interactionType":"ENTER_TEXT"}]}
RESULT: {"script":"<script> [776 bytes]","args":[{"enterText":"TA","selector":{"controlType":"sap.m.Input","viewName":"etm.portal.ui.manageyards.view.New","viewId":"application-manageyards-display-component---NewYard","bindingPath":{"path":"","propertyPath":"/AUART","modelName":"NewYardModel"},"interaction":{"idSuffix":"inner"}},"clearTextFirst":true,"interactionType":"ENTER_TEXT"}]}
COMMAND: POST /session/2c3e5cc3018601d52a1ae1747f5b8299/element - {"using":"xpath","value":"//button[@data-kt=\"newYardSaveButton\"]"}
RESULT: {"using":"xpath","value":"//button[@data-kt=\"newYardSaveButton\"]"}
COMMAND: POST /session/2c3e5cc3018601d52a1ae1747f5b8299/element/f.37FD799F3153CD067689FB9668CC9BBA.d.AC6DDAF42A69D0070961DFB57DDFE375.e.9493/click - {}
RESULT: {}
COMMAND: GET /session/2c3e5cc3018601d52a1ae1747f5b8299/screenshot - {}
RESULT: {}
COMMAND: POST /session/2c3e5cc3018601d52a1ae1747f5b8299/element - {"using":"xpath","value":"//header[contains(@id, 'ObjectPageLayout-headerTitle')]/div[1]/div[2]/div[1]/span[1]"}
RESULT: {"using":"xpath","value":"//header[contains(@id, 'ObjectPageLayout-headerTitle')]/div[1]/div[2]/div[1]/span[1]"}
COMMAND: POST /session/2c3e5cc3018601d52a1ae1747f5b8299/elements - {"using":"xpath","value":"//header[contains(@id, 'ObjectPageLayout-headerTitle')]/div[1]/div[2]/div[1]/span[1]"}
RESULT: {"using":"xpath","value":"//header[contains(@id, 'ObjectPageLayout-headerTitle')]/div[1]/div[2]/div[1]/span[1]"}
COMMAND: POST /session/2c3e5cc3018601d52a1ae1747f5b8299/execute/sync - {"script":"<script> [56 bytes]","args":[{"element-6066-11e4-a52e-4f735466cecf":"f.37FD799F3153CD067689FB9668CC9BBA.d.AC6DDAF42A69D0070961DFB57DDFE375.e.9814","ELEMENT":"f.37FD799F3153CD067689FB9668CC9BBA.d.AC6DDAF42A69D0070961DFB57DDFE375.e.9814"}]}
RESULT: {"script":"<script> [56 bytes]","args":[{"element-6066-11e4-a52e-4f735466cecf":"f.37FD799F3153CD067689FB9668CC9BBA.d.AC6DDAF42A69D0070961DFB57DDFE375.e.9814","ELEMENT":"f.37FD799F3153CD067689FB9668CC9BBA.d.AC6DDAF42A69D0070961DFB57DDFE375.e.9814"}]}
COMMAND: GET /session/2c3e5cc3018601d52a1ae1747f5b8299/screenshot - {}
RESULT: {}
COMMAND: POST /session/2c3e5cc3018601d52a1ae1747f5b8299/element - {"using":"css selector","value":"#shell-header-logo"}
RESULT: {"using":"css selector","value":"#shell-header-logo"}
COMMAND: POST /session/2c3e5cc3018601d52a1ae1747f5b8299/element/f.37FD799F3153CD067689FB9668CC9BBA.d.AC6DDAF42A69D0070961DFB57DDFE375.e.9058/click - {}
RESULT: {}
COMMAND: GET /session/2c3e5cc3018601d52a1ae1747f5b8299/screenshot - {}
RESULT: {}
COMMAND: POST /session/2c3e5cc3018601d52a1ae1747f5b8299/execute/sync - {"script":"<script> [299 bytes]","args":[["getModel","getResource"]]}
RESULT: {"script":"<script> [299 bytes]","args":[["getModel","getResource"]]}
]]></system-out>
    </testcase>
    <testcase classname="chrome.136_0_7103_93.windows.Create_partner_US118246" name="Should create new external partner" time="95.187">
      <system-out><![CDATA[
COMMAND: GET /session/2c3e5cc3018601d52a1ae1747f5b8299/screenshot - {}
COMMAND: POST /session/2c3e5cc3018601d52a1ae1747f5b8299/window/fullscreen - {}
RESULT: {}
RESULT: {}
COMMAND: POST /session/2c3e5cc3018601d52a1ae1747f5b8299/execute/async - {"script":"<script> [1562 bytes]","args":[{"selector":{"controlType":"sap.m.GenericTile","properties":{"header":"Manage Partners"}},"wdio_ui5_key":"sapm.GenericTile{\"header\":\"Manage Partners\"}"}]}
RESULT: {"script":"<script> [1562 bytes]","args":[{"selector":{"controlType":"sap.m.GenericTile","properties":{"header":"Manage Partners"}},"wdio_ui5_key":"sapm.GenericTile{\"header\":\"Manage Partners\"}"}]}
RESULT: undefined
COMMAND: POST /session/2c3e5cc3018601d52a1ae1747f5b8299/element - {"using":"xpath","value":"//*[@id=\"__tile38\"]"}
RESULT: {"using":"xpath","value":"//*[@id=\"__tile38\"]"}
COMMAND: POST /session/2c3e5cc3018601d52a1ae1747f5b8299/element/f.37FD799F3153CD067689FB9668CC9BBA.d.AC6DDAF42A69D0070961DFB57DDFE375.e.8946/click - {}
RESULT: {}
COMMAND: GET /session/2c3e5cc3018601d52a1ae1747f5b8299/screenshot - {}
COMMAND: POST /session/2c3e5cc3018601d52a1ae1747f5b8299/elements - {"using":"xpath","value":"//span[text()='Error']"}
RESULT: {}
RESULT: {"using":"xpath","value":"//span[text()='Error']"}
COMMAND: POST /session/2c3e5cc3018601d52a1ae1747f5b8299/element - {"using":"xpath","value":"//button[@data-kt=\"addButton\"]"}
RESULT: {"using":"xpath","value":"//button[@data-kt=\"addButton\"]"}
COMMAND: POST /session/2c3e5cc3018601d52a1ae1747f5b8299/elements - {"using":"xpath","value":"//button[@data-kt=\"addButton\"]"}
RESULT: {"using":"xpath","value":"//button[@data-kt=\"addButton\"]"}
COMMAND: POST /session/2c3e5cc3018601d52a1ae1747f5b8299/elements - {"using":"xpath","value":"//button[@data-kt=\"addButton\"]"}
RESULT: {"using":"xpath","value":"//button[@data-kt=\"addButton\"]"}
COMMAND: POST /session/2c3e5cc3018601d52a1ae1747f5b8299/elements - {"using":"xpath","value":"//button[@data-kt=\"addButton\"]"}
RESULT: {"using":"xpath","value":"//button[@data-kt=\"addButton\"]"}
COMMAND: POST /session/2c3e5cc3018601d52a1ae1747f5b8299/elements - {"using":"xpath","value":"//button[@data-kt=\"addButton\"]"}
RESULT: {"using":"xpath","value":"//button[@data-kt=\"addButton\"]"}
COMMAND: POST /session/2c3e5cc3018601d52a1ae1747f5b8299/elements - {"using":"xpath","value":"//button[@data-kt=\"addButton\"]"}
RESULT: {"using":"xpath","value":"//button[@data-kt=\"addButton\"]"}
COMMAND: POST /session/2c3e5cc3018601d52a1ae1747f5b8299/element - {"using":"xpath","value":"//button[@data-kt=\"addButton\"]"}
RESULT: {"using":"xpath","value":"//button[@data-kt=\"addButton\"]"}
COMMAND: POST /session/2c3e5cc3018601d52a1ae1747f5b8299/execute/sync - {"script":"<script> [8489 bytes]","args":[{"element-6066-11e4-a52e-4f735466cecf":"f.37FD799F3153CD067689FB9668CC9BBA.d.AC6DDAF42A69D0070961DFB57DDFE375.e.9851","ELEMENT":"f.37FD799F3153CD067689FB9668CC9BBA.d.AC6DDAF42A69D0070961DFB57DDFE375.e.9851"}]}
RESULT: {"script":"<script> [8489 bytes]","args":[{"element-6066-11e4-a52e-4f735466cecf":"f.37FD799F3153CD067689FB9668CC9BBA.d.AC6DDAF42A69D0070961DFB57DDFE375.e.9851","ELEMENT":"f.37FD799F3153CD067689FB9668CC9BBA.d.AC6DDAF42A69D0070961DFB57DDFE375.e.9851"}]}
COMMAND: GET /session/2c3e5cc3018601d52a1ae1747f5b8299/element/f.37FD799F3153CD067689FB9668CC9BBA.d.AC6DDAF42A69D0070961DFB57DDFE375.e.9851/enabled - {}
COMMAND: GET /session/2c3e5cc3018601d52a1ae1747f5b8299/screenshot - {}
RESULT: {}
COMMAND: POST /session/2c3e5cc3018601d52a1ae1747f5b8299/execute/sync - {"script":"<script> [8489 bytes]","args":[{"element-6066-11e4-a52e-4f735466cecf":"f.37FD799F3153CD067689FB9668CC9BBA.d.AC6DDAF42A69D0070961DFB57DDFE375.e.9851","ELEMENT":"f.37FD799F3153CD067689FB9668CC9BBA.d.AC6DDAF42A69D0070961DFB57DDFE375.e.9851"}]}
COMMAND: GET /session/2c3e5cc3018601d52a1ae1747f5b8299/screenshot - {}
RESULT: {}
RESULT: {"script":"<script> [8489 bytes]","args":[{"element-6066-11e4-a52e-4f735466cecf":"f.37FD799F3153CD067689FB9668CC9BBA.d.AC6DDAF42A69D0070961DFB57DDFE375.e.9851","ELEMENT":"f.37FD799F3153CD067689FB9668CC9BBA.d.AC6DDAF42A69D0070961DFB57DDFE375.e.9851"}]}
COMMAND: POST /session/2c3e5cc3018601d52a1ae1747f5b8299/execute/sync - {"script":"<script> [5351 bytes]","args":[{"element-6066-11e4-a52e-4f735466cecf":"f.37FD799F3153CD067689FB9668CC9BBA.d.AC6DDAF42A69D0070961DFB57DDFE375.e.9851","ELEMENT":"f.37FD799F3153CD067689FB9668CC9BBA.d.AC6DDAF42A69D0070961DFB57DDFE375.e.9851"}]}
COMMAND: GET /session/2c3e5cc3018601d52a1ae1747f5b8299/screenshot - {}
RESULT: {}
RESULT: {"script":"<script> [5351 bytes]","args":[{"element-6066-11e4-a52e-4f735466cecf":"f.37FD799F3153CD067689FB9668CC9BBA.d.AC6DDAF42A69D0070961DFB57DDFE375.e.9851","ELEMENT":"f.37FD799F3153CD067689FB9668CC9BBA.d.AC6DDAF42A69D0070961DFB57DDFE375.e.9851"}]}
COMMAND: POST /session/2c3e5cc3018601d52a1ae1747f5b8299/element/f.37FD799F3153CD067689FB9668CC9BBA.d.AC6DDAF42A69D0070961DFB57DDFE375.e.9851/click - {}
COMMAND: GET /session/2c3e5cc3018601d52a1ae1747f5b8299/screenshot - {}
RESULT: {}
RESULT: {}
COMMAND: GET /session/2c3e5cc3018601d52a1ae1747f5b8299/screenshot - {}
RESULT: {}
RESULT: {}
COMMAND: POST /session/2c3e5cc3018601d52a1ae1747f5b8299/execute/async - {"script":"<script> [1562 bytes]","args":[{"selector":{"id":"application-managepartners-display-component---NewPartner--addressDetailDetailsName1","interaction":{"idSuffix":"inner"}},"wdio_ui5_key":"applicationmanagepartners-display-component---NewPartner--addressDetailDetailsName1"}]}
RESULT: {"script":"<script> [1562 bytes]","args":[{"selector":{"id":"application-managepartners-display-component---NewPartner--addressDetailDetailsName1","interaction":{"idSuffix":"inner"}},"wdio_ui5_key":"applicationmanagepartners-display-component---NewPartner--addressDetailDetailsName1"}]}
RESULT: undefined
COMMAND: POST /session/2c3e5cc3018601d52a1ae1747f5b8299/execute/async - {"script":"<script> [776 bytes]","args":[{"enterText":"External Partner WDIO","selector":{"id":"application-managepartners-display-component---NewPartner--addressDetailDetailsName1","interaction":{"idSuffix":"inner"}},"clearTextFirst":true,"interactionType":"ENTER_TEXT"}]}
RESULT: {"script":"<script> [776 bytes]","args":[{"enterText":"External Partner WDIO","selector":{"id":"application-managepartners-display-component---NewPartner--addressDetailDetailsName1","interaction":{"idSuffix":"inner"}},"clearTextFirst":true,"interactionType":"ENTER_TEXT"}]}
COMMAND: POST /session/2c3e5cc3018601d52a1ae1747f5b8299/execute/async - {"script":"<script> [1562 bytes]","args":[{"selector":{"id":"application-managepartners-display-component---NewPartner--addressDetailDetailsLanguage-arrow"},"wdio_ui5_key":"applicationmanagepartners-display-component---NewPartner--addressDetailDetailsLanguage-arrow"}]}
RESULT: {"script":"<script> [1562 bytes]","args":[{"selector":{"id":"application-managepartners-display-component---NewPartner--addressDetailDetailsLanguage-arrow"},"wdio_ui5_key":"applicationmanagepartners-display-component---NewPartner--addressDetailDetailsLanguage-arrow"}]}
RESULT: undefined
COMMAND: POST /session/2c3e5cc3018601d52a1ae1747f5b8299/element - {"using":"xpath","value":"//*[@id=\"application-managepartners-display-component---NewPartner--addressDetailDetailsLanguage-arrow\"]"}
RESULT: {"using":"xpath","value":"//*[@id=\"application-managepartners-display-component---NewPartner--addressDetailDetailsLanguage-arrow\"]"}
COMMAND: POST /session/2c3e5cc3018601d52a1ae1747f5b8299/element/f.37FD799F3153CD067689FB9668CC9BBA.d.AC6DDAF42A69D0070961DFB57DDFE375.e.10305/click - {}
RESULT: {}
COMMAND: POST /session/2c3e5cc3018601d52a1ae1747f5b8299/element - {"using":"xpath","value":"//span[contains(text(), \"English\")]"}
COMMAND: GET /session/2c3e5cc3018601d52a1ae1747f5b8299/screenshot - {}
RESULT: {"using":"xpath","value":"//span[contains(text(), \"English\")]"}
COMMAND: POST /session/2c3e5cc3018601d52a1ae1747f5b8299/element/f.37FD799F3153CD067689FB9668CC9BBA.d.AC6DDAF42A69D0070961DFB57DDFE375.e.10306/click - {}
RESULT: {}
RESULT: {}
COMMAND: GET /session/2c3e5cc3018601d52a1ae1747f5b8299/screenshot - {}
RESULT: {}
COMMAND: POST /session/2c3e5cc3018601d52a1ae1747f5b8299/execute/async - {"script":"<script> [1562 bytes]","args":[{"selector":{"id":"application-managepartners-display-component---NewPartner--addressDetailDetailsCity1","interaction":{"idSuffix":"inner"}},"wdio_ui5_key":"applicationmanagepartners-display-component---NewPartner--addressDetailDetailsCity1"}]}
RESULT: {"script":"<script> [1562 bytes]","args":[{"selector":{"id":"application-managepartners-display-component---NewPartner--addressDetailDetailsCity1","interaction":{"idSuffix":"inner"}},"wdio_ui5_key":"applicationmanagepartners-display-component---NewPartner--addressDetailDetailsCity1"}]}
RESULT: undefined
COMMAND: POST /session/2c3e5cc3018601d52a1ae1747f5b8299/execute/async - {"script":"<script> [776 bytes]","args":[{"enterText":"Rosario","selector":{"id":"application-managepartners-display-component---NewPartner--addressDetailDetailsCity1","interaction":{"idSuffix":"inner"}},"clearTextFirst":true,"interactionType":"ENTER_TEXT"}]}
RESULT: {"script":"<script> [776 bytes]","args":[{"enterText":"Rosario","selector":{"id":"application-managepartners-display-component---NewPartner--addressDetailDetailsCity1","interaction":{"idSuffix":"inner"}},"clearTextFirst":true,"interactionType":"ENTER_TEXT"}]}
COMMAND: POST /session/2c3e5cc3018601d52a1ae1747f5b8299/execute/async - {"script":"<script> [1562 bytes]","args":[{"selector":{"id":"application-managepartners-display-component---NewPartner--addressDetailDetailsCountry-arrow"},"wdio_ui5_key":"applicationmanagepartners-display-component---NewPartner--addressDetailDetailsCountry-arrow"}]}
RESULT: {"script":"<script> [1562 bytes]","args":[{"selector":{"id":"application-managepartners-display-component---NewPartner--addressDetailDetailsCountry-arrow"},"wdio_ui5_key":"applicationmanagepartners-display-component---NewPartner--addressDetailDetailsCountry-arrow"}]}
RESULT: undefined
COMMAND: POST /session/2c3e5cc3018601d52a1ae1747f5b8299/element - {"using":"xpath","value":"//*[@id=\"application-managepartners-display-component---NewPartner--addressDetailDetailsCountry-arrow\"]"}
RESULT: {"using":"xpath","value":"//*[@id=\"application-managepartners-display-component---NewPartner--addressDetailDetailsCountry-arrow\"]"}
COMMAND: POST /session/2c3e5cc3018601d52a1ae1747f5b8299/element/f.37FD799F3153CD067689FB9668CC9BBA.d.AC6DDAF42A69D0070961DFB57DDFE375.e.10292/click - {}
RESULT: {}
COMMAND: POST /session/2c3e5cc3018601d52a1ae1747f5b8299/element - {"using":"xpath","value":"//span[contains(text(), \"Argentina\")]"}
COMMAND: GET /session/2c3e5cc3018601d52a1ae1747f5b8299/screenshot - {}
RESULT: {"using":"xpath","value":"//span[contains(text(), \"Argentina\")]"}
COMMAND: POST /session/2c3e5cc3018601d52a1ae1747f5b8299/element/f.37FD799F3153CD067689FB9668CC9BBA.d.AC6DDAF42A69D0070961DFB57DDFE375.e.10308/click - {}
RESULT: {}
RESULT: {}
COMMAND: GET /session/2c3e5cc3018601d52a1ae1747f5b8299/screenshot - {}
RESULT: {}
COMMAND: POST /session/2c3e5cc3018601d52a1ae1747f5b8299/element - {"using":"xpath","value":"//bdi[contains(text(), \"Commercial\")]"}
RESULT: {"using":"xpath","value":"//bdi[contains(text(), \"Commercial\")]"}
COMMAND: POST /session/2c3e5cc3018601d52a1ae1747f5b8299/element/f.37FD799F3153CD067689FB9668CC9BBA.d.AC6DDAF42A69D0070961DFB57DDFE375.e.10309/click - {}
RESULT: {}
COMMAND: GET /session/2c3e5cc3018601d52a1ae1747f5b8299/screenshot - {}
RESULT: {}
COMMAND: POST /session/2c3e5cc3018601d52a1ae1747f5b8299/execute/async - {"script":"<script> [1562 bytes]","args":[{"selector":{"id":"application-managepartners-display-component---NewPartner--partnerDetailInternal-arrow"},"wdio_ui5_key":"applicationmanagepartners-display-component---NewPartner--partnerDetailInternal-arrow"}]}
RESULT: {"script":"<script> [1562 bytes]","args":[{"selector":{"id":"application-managepartners-display-component---NewPartner--partnerDetailInternal-arrow"},"wdio_ui5_key":"applicationmanagepartners-display-component---NewPartner--partnerDetailInternal-arrow"}]}
RESULT: undefined
COMMAND: POST /session/2c3e5cc3018601d52a1ae1747f5b8299/element - {"using":"xpath","value":"//*[@id=\"application-managepartners-display-component---NewPartner--partnerDetailInternal-arrow\"]"}
RESULT: {"using":"xpath","value":"//*[@id=\"application-managepartners-display-component---NewPartner--partnerDetailInternal-arrow\"]"}
COMMAND: POST /session/2c3e5cc3018601d52a1ae1747f5b8299/element/f.37FD799F3153CD067689FB9668CC9BBA.d.AC6DDAF42A69D0070961DFB57DDFE375.e.10315/click - {}
RESULT: {}
COMMAND: POST /session/2c3e5cc3018601d52a1ae1747f5b8299/element - {"using":"xpath","value":"//span[contains(text(), \"External partner\")]"}
COMMAND: GET /session/2c3e5cc3018601d52a1ae1747f5b8299/screenshot - {}
RESULT: {"using":"xpath","value":"//span[contains(text(), \"External partner\")]"}
COMMAND: POST /session/2c3e5cc3018601d52a1ae1747f5b8299/element/f.37FD799F3153CD067689FB9668CC9BBA.d.AC6DDAF42A69D0070961DFB57DDFE375.e.10316/click - {}
RESULT: {}
RESULT: {}
COMMAND: POST /session/2c3e5cc3018601d52a1ae1747f5b8299/execute/async - {"script":"<script> [1562 bytes]","args":[{"selector":{"id":"application-managepartners-display-component---NewPartner--partnerDetailsCurrency-arrow"},"wdio_ui5_key":"applicationmanagepartners-display-component---NewPartner--partnerDetailsCurrency-arrow"}]}
COMMAND: GET /session/2c3e5cc3018601d52a1ae1747f5b8299/screenshot - {}
RESULT: {"script":"<script> [1562 bytes]","args":[{"selector":{"id":"application-managepartners-display-component---NewPartner--partnerDetailsCurrency-arrow"},"wdio_ui5_key":"applicationmanagepartners-display-component---NewPartner--partnerDetailsCurrency-arrow"}]}
RESULT: undefined
COMMAND: POST /session/2c3e5cc3018601d52a1ae1747f5b8299/element - {"using":"xpath","value":"//*[@id=\"application-managepartners-display-component---NewPartner--partnerDetailsCurrency-arrow\"]"}
RESULT: {}
RESULT: {"using":"xpath","value":"//*[@id=\"application-managepartners-display-component---NewPartner--partnerDetailsCurrency-arrow\"]"}
COMMAND: POST /session/2c3e5cc3018601d52a1ae1747f5b8299/element/f.37FD799F3153CD067689FB9668CC9BBA.d.AC6DDAF42A69D0070961DFB57DDFE375.e.10321/click - {}
RESULT: {}
COMMAND: POST /session/2c3e5cc3018601d52a1ae1747f5b8299/element - {"using":"xpath","value":"//span[contains(text(), \"US Dollar\")]"}
COMMAND: GET /session/2c3e5cc3018601d52a1ae1747f5b8299/screenshot - {}
RESULT: {"using":"xpath","value":"//span[contains(text(), \"US Dollar\")]"}
COMMAND: POST /session/2c3e5cc3018601d52a1ae1747f5b8299/element/f.37FD799F3153CD067689FB9668CC9BBA.d.AC6DDAF42A69D0070961DFB57DDFE375.e.10322/click - {}
RESULT: {}
RESULT: {}
COMMAND: GET /session/2c3e5cc3018601d52a1ae1747f5b8299/screenshot - {}
RESULT: {}
COMMAND: POST /session/2c3e5cc3018601d52a1ae1747f5b8299/element - {"using":"xpath","value":"//input[@id=\"application-managepartners-display-component---NewPartner--companyCodeComboBox-inner\"]"}
RESULT: {"using":"xpath","value":"//input[@id=\"application-managepartners-display-component---NewPartner--companyCodeComboBox-inner\"]"}
COMMAND: POST /session/2c3e5cc3018601d52a1ae1747f5b8299/element/f.37FD799F3153CD067689FB9668CC9BBA.d.AC6DDAF42A69D0070961DFB57DDFE375.e.10171/clear - {}
RESULT: {}
COMMAND: POST /session/2c3e5cc3018601d52a1ae1747f5b8299/element/f.37FD799F3153CD067689FB9668CC9BBA.d.AC6DDAF42A69D0070961DFB57DDFE375.e.10171/value - {"text":"C002"}
COMMAND: GET /session/2c3e5cc3018601d52a1ae1747f5b8299/screenshot - {}
RESULT: {"text":"C002"}
COMMAND: GET /session/2c3e5cc3018601d52a1ae1747f5b8299/screenshot - {}
RESULT: {}
RESULT: {}
COMMAND: POST /session/2c3e5cc3018601d52a1ae1747f5b8299/element - {"using":"xpath","value":"//li[.//span[text()= \"C002\"]]"}
RESULT: {"using":"xpath","value":"//li[.//span[text()= \"C002\"]]"}
COMMAND: POST /session/2c3e5cc3018601d52a1ae1747f5b8299/element/f.37FD799F3153CD067689FB9668CC9BBA.d.AC6DDAF42A69D0070961DFB57DDFE375.e.10326/click - {}
RESULT: {}
COMMAND: GET /session/2c3e5cc3018601d52a1ae1747f5b8299/screenshot - {}
RESULT: {}
COMMAND: POST /session/2c3e5cc3018601d52a1ae1747f5b8299/execute/async - {"script":"<script> [1562 bytes]","args":[{"selector":{"id":"application-managepartners-display-component---NewPartner--btnAddTableRow-img"},"wdio_ui5_key":"applicationmanagepartners-display-component---NewPartner--btnAddTableRow-img"}]}
RESULT: {"script":"<script> [1562 bytes]","args":[{"selector":{"id":"application-managepartners-display-component---NewPartner--btnAddTableRow-img"},"wdio_ui5_key":"applicationmanagepartners-display-component---NewPartner--btnAddTableRow-img"}]}
RESULT: undefined
COMMAND: POST /session/2c3e5cc3018601d52a1ae1747f5b8299/element - {"using":"xpath","value":"//*[@id=\"application-managepartners-display-component---NewPartner--btnAddTableRow-img\"]"}
RESULT: {"using":"xpath","value":"//*[@id=\"application-managepartners-display-component---NewPartner--btnAddTableRow-img\"]"}
COMMAND: POST /session/2c3e5cc3018601d52a1ae1747f5b8299/element/f.37FD799F3153CD067689FB9668CC9BBA.d.AC6DDAF42A69D0070961DFB57DDFE375.e.10327/click - {}
RESULT: {}
COMMAND: GET /session/2c3e5cc3018601d52a1ae1747f5b8299/screenshot - {}
RESULT: {}
COMMAND: POST /session/2c3e5cc3018601d52a1ae1747f5b8299/element - {"using":"xpath","value":"//input[@id=\"application-managepartners-display-component---NewPartner--assignmentYard-application-managepartners-display-component---NewPartner--assignmentsTable-0-inner\"]"}
RESULT: {"using":"xpath","value":"//input[@id=\"application-managepartners-display-component---NewPartner--assignmentYard-application-managepartners-display-component---NewPartner--assignmentsTable-0-inner\"]"}
COMMAND: POST /session/2c3e5cc3018601d52a1ae1747f5b8299/element/f.37FD799F3153CD067689FB9668CC9BBA.d.AC6DDAF42A69D0070961DFB57DDFE375.e.10330/clear - {}
RESULT: {}
COMMAND: POST /session/2c3e5cc3018601d52a1ae1747f5b8299/element/f.37FD799F3153CD067689FB9668CC9BBA.d.AC6DDAF42A69D0070961DFB57DDFE375.e.10330/value - {"text":"418"}
COMMAND: GET /session/2c3e5cc3018601d52a1ae1747f5b8299/screenshot - {}
RESULT: {"text":"418"}
COMMAND: GET /session/2c3e5cc3018601d52a1ae1747f5b8299/screenshot - {}
RESULT: {}
RESULT: {}
COMMAND: POST /session/2c3e5cc3018601d52a1ae1747f5b8299/element - {"using":"xpath","value":"//li[.//span[text()='418']]"}
RESULT: {"using":"xpath","value":"//li[.//span[text()='418']]"}
COMMAND: POST /session/2c3e5cc3018601d52a1ae1747f5b8299/element/f.37FD799F3153CD067689FB9668CC9BBA.d.AC6DDAF42A69D0070961DFB57DDFE375.e.10337/click - {}
RESULT: {}
COMMAND: GET /session/2c3e5cc3018601d52a1ae1747f5b8299/screenshot - {}
RESULT: {}
COMMAND: POST /session/2c3e5cc3018601d52a1ae1747f5b8299/actions - {"actions":[{"id":"action26","type":"key","parameters":{},"actions":[{"type":"keyDown","value":"î€‡"},{"type":"pause","duration":10},{"type":"keyUp","value":"î€‡"}]}]}
RESULT: {"actions":[{"id":"action26","type":"key","parameters":{},"actions":[{"type":"keyDown","value":"î€‡"},{"type":"pause","duration":10},{"type":"keyUp","value":"î€‡"}]}]}
COMMAND: POST /session/2c3e5cc3018601d52a1ae1747f5b8299/element - {"using":"xpath","value":"//td[contains(@id, \"assignmentsTable-0-cell2\")]/div/div"}
COMMAND: GET /session/2c3e5cc3018601d52a1ae1747f5b8299/screenshot - {}
RESULT: {"using":"xpath","value":"//td[contains(@id, \"assignmentsTable-0-cell2\")]/div/div"}
COMMAND: POST /session/2c3e5cc3018601d52a1ae1747f5b8299/element/f.37FD799F3153CD067689FB9668CC9BBA.d.AC6DDAF42A69D0070961DFB57DDFE375.e.10340/click - {}
RESULT: {}
RESULT: {}
COMMAND: GET /session/2c3e5cc3018601d52a1ae1747f5b8299/screenshot - {}
RESULT: {}
COMMAND: POST /session/2c3e5cc3018601d52a1ae1747f5b8299/element - {"using":"xpath","value":"//button[@data-kt=\"saveButton\"]"}
RESULT: {"using":"xpath","value":"//button[@data-kt=\"saveButton\"]"}
COMMAND: POST /session/2c3e5cc3018601d52a1ae1747f5b8299/element/f.37FD799F3153CD067689FB9668CC9BBA.d.AC6DDAF42A69D0070961DFB57DDFE375.e.10210/click - {}
RESULT: {}
COMMAND: GET /session/2c3e5cc3018601d52a1ae1747f5b8299/screenshot - {}
RESULT: {}
COMMAND: POST /session/2c3e5cc3018601d52a1ae1747f5b8299/element - {"using":"xpath","value":"//header[contains(@id, 'ObjectPageLayout-headerTitle')]/div[1]/div[2]/div[2]/span[1]"}
RESULT: {"using":"xpath","value":"//header[contains(@id, 'ObjectPageLayout-headerTitle')]/div[1]/div[2]/div[2]/span[1]"}
COMMAND: POST /session/2c3e5cc3018601d52a1ae1747f5b8299/elements - {"using":"xpath","value":"//header[contains(@id, 'ObjectPageLayout-headerTitle')]/div[1]/div[2]/div[2]/span[1]"}
RESULT: {"using":"xpath","value":"//header[contains(@id, 'ObjectPageLayout-headerTitle')]/div[1]/div[2]/div[2]/span[1]"}
COMMAND: POST /session/2c3e5cc3018601d52a1ae1747f5b8299/execute/sync - {"script":"<script> [56 bytes]","args":[{"element-6066-11e4-a52e-4f735466cecf":"f.37FD799F3153CD067689FB9668CC9BBA.d.AC6DDAF42A69D0070961DFB57DDFE375.e.10502","ELEMENT":"f.37FD799F3153CD067689FB9668CC9BBA.d.AC6DDAF42A69D0070961DFB57DDFE375.e.10502"}]}
RESULT: {"script":"<script> [56 bytes]","args":[{"element-6066-11e4-a52e-4f735466cecf":"f.37FD799F3153CD067689FB9668CC9BBA.d.AC6DDAF42A69D0070961DFB57DDFE375.e.10502","ELEMENT":"f.37FD799F3153CD067689FB9668CC9BBA.d.AC6DDAF42A69D0070961DFB57DDFE375.e.10502"}]}
COMMAND: POST /session/2c3e5cc3018601d52a1ae1747f5b8299/element - {"using":"css selector","value":"#shell-header-logo"}
COMMAND: GET /session/2c3e5cc3018601d52a1ae1747f5b8299/screenshot - {}
RESULT: {"using":"css selector","value":"#shell-header-logo"}
COMMAND: POST /session/2c3e5cc3018601d52a1ae1747f5b8299/element/f.37FD799F3153CD067689FB9668CC9BBA.d.AC6DDAF42A69D0070961DFB57DDFE375.e.9817/click - {}
RESULT: {}
RESULT: {}
COMMAND: GET /session/2c3e5cc3018601d52a1ae1747f5b8299/screenshot - {}
RESULT: {}
COMMAND: POST /session/2c3e5cc3018601d52a1ae1747f5b8299/execute/sync - {"script":"<script> [299 bytes]","args":[["getModel","getResource"]]}
RESULT: {"script":"<script> [299 bytes]","args":[["getModel","getResource"]]}
]]></system-out>
    </testcase>
    <testcase classname="chrome.136_0_7103_93.windows.Create_partner_US118246" name="Should create a new yard in case create yard failed" time="107.013">
      <system-out><![CDATA[
RESULT: undefined
COMMAND: POST /session/2c3e5cc3018601d52a1ae1747f5b8299/element - {"using":"xpath","value":"//*[@id=\"__tile41\"]"}
COMMAND: GET /session/2c3e5cc3018601d52a1ae1747f5b8299/screenshot - {}
RESULT: {"using":"xpath","value":"//*[@id=\"__tile41\"]"}
COMMAND: POST /session/2c3e5cc3018601d52a1ae1747f5b8299/element/f.37FD799F3153CD067689FB9668CC9BBA.d.AC6DDAF42A69D0070961DFB57DDFE375.e.8955/click - {}
RESULT: {}
RESULT: {}
COMMAND: GET /session/2c3e5cc3018601d52a1ae1747f5b8299/screenshot - {}
RESULT: {}
COMMAND: POST /session/2c3e5cc3018601d52a1ae1747f5b8299/elements - {"using":"xpath","value":"//span[text()='Error']"}
RESULT: {"using":"xpath","value":"//span[text()='Error']"}
COMMAND: POST /session/2c3e5cc3018601d52a1ae1747f5b8299/element - {"using":"xpath","value":"//button[@data-kt=\"addNewYardOverflowToolbarButton\"]"}
RESULT: {"using":"xpath","value":"//button[@data-kt=\"addNewYardOverflowToolbarButton\"]"}
COMMAND: POST /session/2c3e5cc3018601d52a1ae1747f5b8299/elements - {"using":"xpath","value":"//button[@data-kt=\"addNewYardOverflowToolbarButton\"]"}
RESULT: {"using":"xpath","value":"//button[@data-kt=\"addNewYardOverflowToolbarButton\"]"}
COMMAND: POST /session/2c3e5cc3018601d52a1ae1747f5b8299/execute/sync - {"script":"<script> [8489 bytes]","args":[{"element-6066-11e4-a52e-4f735466cecf":"f.37FD799F3153CD067689FB9668CC9BBA.d.AC6DDAF42A69D0070961DFB57DDFE375.e.10544","ELEMENT":"f.37FD799F3153CD067689FB9668CC9BBA.d.AC6DDAF42A69D0070961DFB57DDFE375.e.10544"}]}
RESULT: {"script":"<script> [8489 bytes]","args":[{"element-6066-11e4-a52e-4f735466cecf":"f.37FD799F3153CD067689FB9668CC9BBA.d.AC6DDAF42A69D0070961DFB57DDFE375.e.10544","ELEMENT":"f.37FD799F3153CD067689FB9668CC9BBA.d.AC6DDAF42A69D0070961DFB57DDFE375.e.10544"}]}
COMMAND: GET /session/2c3e5cc3018601d52a1ae1747f5b8299/element/f.37FD799F3153CD067689FB9668CC9BBA.d.AC6DDAF42A69D0070961DFB57DDFE375.e.10544/enabled - {}
COMMAND: GET /session/2c3e5cc3018601d52a1ae1747f5b8299/screenshot - {}
RESULT: {}
COMMAND: POST /session/2c3e5cc3018601d52a1ae1747f5b8299/execute/sync - {"script":"<script> [8489 bytes]","args":[{"element-6066-11e4-a52e-4f735466cecf":"f.37FD799F3153CD067689FB9668CC9BBA.d.AC6DDAF42A69D0070961DFB57DDFE375.e.10544","ELEMENT":"f.37FD799F3153CD067689FB9668CC9BBA.d.AC6DDAF42A69D0070961DFB57DDFE375.e.10544"}]}
COMMAND: GET /session/2c3e5cc3018601d52a1ae1747f5b8299/screenshot - {}
RESULT: {}
RESULT: {}
RESULT: {"script":"<script> [8489 bytes]","args":[{"element-6066-11e4-a52e-4f735466cecf":"f.37FD799F3153CD067689FB9668CC9BBA.d.AC6DDAF42A69D0070961DFB57DDFE375.e.10544","ELEMENT":"f.37FD799F3153CD067689FB9668CC9BBA.d.AC6DDAF42A69D0070961DFB57DDFE375.e.10544"}]}
COMMAND: POST /session/2c3e5cc3018601d52a1ae1747f5b8299/execute/sync - {"script":"<script> [5351 bytes]","args":[{"element-6066-11e4-a52e-4f735466cecf":"f.37FD799F3153CD067689FB9668CC9BBA.d.AC6DDAF42A69D0070961DFB57DDFE375.e.10544","ELEMENT":"f.37FD799F3153CD067689FB9668CC9BBA.d.AC6DDAF42A69D0070961DFB57DDFE375.e.10544"}]}
COMMAND: GET /session/2c3e5cc3018601d52a1ae1747f5b8299/screenshot - {}
RESULT: {"script":"<script> [5351 bytes]","args":[{"element-6066-11e4-a52e-4f735466cecf":"f.37FD799F3153CD067689FB9668CC9BBA.d.AC6DDAF42A69D0070961DFB57DDFE375.e.10544","ELEMENT":"f.37FD799F3153CD067689FB9668CC9BBA.d.AC6DDAF42A69D0070961DFB57DDFE375.e.10544"}]}
COMMAND: POST /session/2c3e5cc3018601d52a1ae1747f5b8299/element/f.37FD799F3153CD067689FB9668CC9BBA.d.AC6DDAF42A69D0070961DFB57DDFE375.e.10544/click - {}
COMMAND: GET /session/2c3e5cc3018601d52a1ae1747f5b8299/screenshot - {}
RESULT: {}
RESULT: {}
COMMAND: GET /session/2c3e5cc3018601d52a1ae1747f5b8299/screenshot - {}
RESULT: {}
RESULT: {}
COMMAND: POST /session/2c3e5cc3018601d52a1ae1747f5b8299/element - {"using":"xpath","value":"//input[@id=\"application-manageyards-display-component---NewYard--yardId-inner\"]"}
RESULT: {"using":"xpath","value":"//input[@id=\"application-manageyards-display-component---NewYard--yardId-inner\"]"}
COMMAND: POST /session/2c3e5cc3018601d52a1ae1747f5b8299/element - {"using":"xpath","value":"//input[@id=\"application-manageyards-display-component---NewYard--yardId-inner\"]"}
RESULT: {"using":"xpath","value":"//input[@id=\"application-manageyards-display-component---NewYard--yardId-inner\"]"}
RESULT: undefined
COMMAND: POST /session/2c3e5cc3018601d52a1ae1747f5b8299/execute/async - {"script":"<script> [776 bytes]","args":[{"enterText":"Warehouse Managed WDIO","selector":{"id":"application-manageyards-display-component---NewYard--addressDetailDetailsName1","interaction":{"idSuffix":"inner"}},"clearTextFirst":true,"interactionType":"ENTER_TEXT"}]}
RESULT: {"script":"<script> [776 bytes]","args":[{"enterText":"Warehouse Managed WDIO","selector":{"id":"application-manageyards-display-component---NewYard--addressDetailDetailsName1","interaction":{"idSuffix":"inner"}},"clearTextFirst":true,"interactionType":"ENTER_TEXT"}]}
RESULT: undefined
COMMAND: POST /session/2c3e5cc3018601d52a1ae1747f5b8299/element - {"using":"xpath","value":"//*[@id=\"application-manageyards-display-component---NewYard--addressDetailDetailsLanguage-arrow\"]"}
RESULT: {"using":"xpath","value":"//*[@id=\"application-manageyards-display-component---NewYard--addressDetailDetailsLanguage-arrow\"]"}
COMMAND: POST /session/2c3e5cc3018601d52a1ae1747f5b8299/element/f.37FD799F3153CD067689FB9668CC9BBA.d.AC6DDAF42A69D0070961DFB57DDFE375.e.10989/click - {}
RESULT: {}
COMMAND: POST /session/2c3e5cc3018601d52a1ae1747f5b8299/element - {"using":"xpath","value":"//span[contains(text(), \"English\")]"}
COMMAND: GET /session/2c3e5cc3018601d52a1ae1747f5b8299/screenshot - {}
RESULT: {"using":"xpath","value":"//span[contains(text(), \"English\")]"}
COMMAND: POST /session/2c3e5cc3018601d52a1ae1747f5b8299/element/f.37FD799F3153CD067689FB9668CC9BBA.d.AC6DDAF42A69D0070961DFB57DDFE375.e.10990/click - {}
RESULT: {}
RESULT: {}
RESULT: undefined
COMMAND: POST /session/2c3e5cc3018601d52a1ae1747f5b8299/execute/async - {"script":"<script> [776 bytes]","args":[{"enterText":"Rosario","selector":{"id":"application-manageyards-display-component---NewYard--addressDetailDetailsCity1","interaction":{"idSuffix":"inner"}},"clearTextFirst":true,"interactionType":"ENTER_TEXT"}]}
COMMAND: GET /session/2c3e5cc3018601d52a1ae1747f5b8299/screenshot - {}
RESULT: {"script":"<script> [776 bytes]","args":[{"enterText":"Rosario","selector":{"id":"application-manageyards-display-component---NewYard--addressDetailDetailsCity1","interaction":{"idSuffix":"inner"}},"clearTextFirst":true,"interactionType":"ENTER_TEXT"}]}
RESULT: undefined
COMMAND: POST /session/2c3e5cc3018601d52a1ae1747f5b8299/element - {"using":"xpath","value":"//*[@id=\"application-manageyards-display-component---NewYard--addressDetailDetailsCountry-arrow\"]"}
RESULT: {}
RESULT: {"using":"xpath","value":"//*[@id=\"application-manageyards-display-component---NewYard--addressDetailDetailsCountry-arrow\"]"}
COMMAND: POST /session/2c3e5cc3018601d52a1ae1747f5b8299/element/f.37FD799F3153CD067689FB9668CC9BBA.d.AC6DDAF42A69D0070961DFB57DDFE375.e.10991/click - {}
RESULT: {}
COMMAND: POST /session/2c3e5cc3018601d52a1ae1747f5b8299/element - {"using":"xpath","value":"//span[contains(text(), \"Argentina\")]"}
COMMAND: GET /session/2c3e5cc3018601d52a1ae1747f5b8299/screenshot - {}
RESULT: {"using":"xpath","value":"//span[contains(text(), \"Argentina\")]"}
COMMAND: POST /session/2c3e5cc3018601d52a1ae1747f5b8299/element/f.37FD799F3153CD067689FB9668CC9BBA.d.AC6DDAF42A69D0070961DFB57DDFE375.e.10993/click - {}
RESULT: {}
RESULT: {}
RESULT: undefined
COMMAND: POST /session/2c3e5cc3018601d52a1ae1747f5b8299/element - {"using":"xpath","value":"//*[@id=\"application-manageyards-display-component---NewYard--addressEditDetailsCostObjectCstType-arrow\"]"}
COMMAND: GET /session/2c3e5cc3018601d52a1ae1747f5b8299/screenshot - {}
RESULT: {"using":"xpath","value":"//*[@id=\"application-manageyards-display-component---NewYard--addressEditDetailsCostObjectCstType-arrow\"]"}
COMMAND: POST /session/2c3e5cc3018601d52a1ae1747f5b8299/element/f.37FD799F3153CD067689FB9668CC9BBA.d.AC6DDAF42A69D0070961DFB57DDFE375.e.10994/click - {}
RESULT: {}
RESULT: {}
COMMAND: POST /session/2c3e5cc3018601d52a1ae1747f5b8299/element - {"using":"xpath","value":"//span[contains(text(), \"Cost Center\")]"}
COMMAND: GET /session/2c3e5cc3018601d52a1ae1747f5b8299/screenshot - {}
RESULT: {"using":"xpath","value":"//span[contains(text(), \"Cost Center\")]"}
COMMAND: POST /session/2c3e5cc3018601d52a1ae1747f5b8299/element/f.37FD799F3153CD067689FB9668CC9BBA.d.AC6DDAF42A69D0070961DFB57DDFE375.e.10995/click - {}
RESULT: {}
RESULT: {}
COMMAND: GET /session/2c3e5cc3018601d52a1ae1747f5b8299/screenshot - {}
RESULT: {}
COMMAND: POST /session/2c3e5cc3018601d52a1ae1747f5b8299/element - {"using":"xpath","value":"//span[@id=\"application-manageyards-display-component---NewYard--addressNewCostObjectCstID-vhi\"]"}
RESULT: {"using":"xpath","value":"//span[@id=\"application-manageyards-display-component---NewYard--addressNewCostObjectCstID-vhi\"]"}
COMMAND: POST /session/2c3e5cc3018601d52a1ae1747f5b8299/execute/sync - {"script":"<script> [8489 bytes]","args":[{"element-6066-11e4-a52e-4f735466cecf":"f.37FD799F3153CD067689FB9668CC9BBA.d.AC6DDAF42A69D0070961DFB57DDFE375.e.10999","ELEMENT":"f.37FD799F3153CD067689FB9668CC9BBA.d.AC6DDAF42A69D0070961DFB57DDFE375.e.10999"}]}
RESULT: {"script":"<script> [8489 bytes]","args":[{"element-6066-11e4-a52e-4f735466cecf":"f.37FD799F3153CD067689FB9668CC9BBA.d.AC6DDAF42A69D0070961DFB57DDFE375.e.10999","ELEMENT":"f.37FD799F3153CD067689FB9668CC9BBA.d.AC6DDAF42A69D0070961DFB57DDFE375.e.10999"}]}
RESULT: undefined
COMMAND: POST /session/2c3e5cc3018601d52a1ae1747f5b8299/element - {"using":"xpath","value":"//*[@id=\"application-manageyards-display-component---NewYard--addressNewCostObjectCstID-vhi\"]"}
COMMAND: GET /session/2c3e5cc3018601d52a1ae1747f5b8299/screenshot - {}
RESULT: {"using":"xpath","value":"//*[@id=\"application-manageyards-display-component---NewYard--addressNewCostObjectCstID-vhi\"]"}
COMMAND: POST /session/2c3e5cc3018601d52a1ae1747f5b8299/element/f.37FD799F3153CD067689FB9668CC9BBA.d.AC6DDAF42A69D0070961DFB57DDFE375.e.10999/click - {}
RESULT: {}
RESULT: {}
COMMAND: GET /session/2c3e5cc3018601d52a1ae1747f5b8299/screenshot - {}
RESULT: {}
RESULT: undefined
COMMAND: POST /session/2c3e5cc3018601d52a1ae1747f5b8299/execute/async - {"script":"<script> [776 bytes]","args":[{"enterText":"bauh_b","selector":{"controlType":"sap.m.SearchField","properties":{"placeholder":"Search"},"searchOpenDialogs":true,"interaction":{"idSuffix":"I"}},"clearTextFirst":true,"interactionType":"ENTER_TEXT"}]}
RESULT: {"script":"<script> [776 bytes]","args":[{"enterText":"bauh_b","selector":{"controlType":"sap.m.SearchField","properties":{"placeholder":"Search"},"searchOpenDialogs":true,"interaction":{"idSuffix":"I"}},"clearTextFirst":true,"interactionType":"ENTER_TEXT"}]}
COMMAND: POST /session/2c3e5cc3018601d52a1ae1747f5b8299/actions - {"actions":[{"id":"action27","type":"key","parameters":{},"actions":[{"type":"keyDown","value":"î€‡"},{"type":"pause","duration":10},{"type":"keyUp","value":"î€‡"}]}]}
RESULT: {"actions":[{"id":"action27","type":"key","parameters":{},"actions":[{"type":"keyDown","value":"î€‡"},{"type":"pause","duration":10},{"type":"keyUp","value":"î€‡"}]}]}
COMMAND: GET /session/2c3e5cc3018601d52a1ae1747f5b8299/screenshot - {}
RESULT: {}
COMMAND: POST /session/2c3e5cc3018601d52a1ae1747f5b8299/element - {"using":"xpath","value":"//span[contains(text(), \"Demo Yard\")]"}
RESULT: {"using":"xpath","value":"//span[contains(text(), \"Demo Yard\")]"}
COMMAND: POST /session/2c3e5cc3018601d52a1ae1747f5b8299/element/f.37FD799F3153CD067689FB9668CC9BBA.d.AC6DDAF42A69D0070961DFB57DDFE375.e.11037/click - {}
RESULT: {}
COMMAND: GET /session/2c3e5cc3018601d52a1ae1747f5b8299/screenshot - {}
RESULT: {}
COMMAND: POST /session/2c3e5cc3018601d52a1ae1747f5b8299/element - {"using":"xpath","value":"//bdi[contains(text(), \"OK\")]"}
RESULT: {"using":"xpath","value":"//bdi[contains(text(), \"OK\")]"}
COMMAND: POST /session/2c3e5cc3018601d52a1ae1747f5b8299/element/f.37FD799F3153CD067689FB9668CC9BBA.d.AC6DDAF42A69D0070961DFB57DDFE375.e.11038/click - {}
RESULT: {}
COMMAND: GET /session/2c3e5cc3018601d52a1ae1747f5b8299/screenshot - {}
RESULT: {}
RESULT: undefined
COMMAND: POST /session/2c3e5cc3018601d52a1ae1747f5b8299/element - {"using":"xpath","value":"//*[@id=\"application-manageyards-display-component---NewYard--addressEditDetailsCurrency-arrow\"]"}
RESULT: {"using":"xpath","value":"//*[@id=\"application-manageyards-display-component---NewYard--addressEditDetailsCurrency-arrow\"]"}
COMMAND: POST /session/2c3e5cc3018601d52a1ae1747f5b8299/element/f.37FD799F3153CD067689FB9668CC9BBA.d.AC6DDAF42A69D0070961DFB57DDFE375.e.11041/click - {}
RESULT: {}
COMMAND: POST /session/2c3e5cc3018601d52a1ae1747f5b8299/element - {"using":"xpath","value":"//span[contains(text(), \"Euro\")]"}
COMMAND: GET /session/2c3e5cc3018601d52a1ae1747f5b8299/screenshot - {}
RESULT: {"using":"xpath","value":"//span[contains(text(), \"Euro\")]"}
COMMAND: POST /session/2c3e5cc3018601d52a1ae1747f5b8299/element/f.37FD799F3153CD067689FB9668CC9BBA.d.AC6DDAF42A69D0070961DFB57DDFE375.e.11042/click - {}
RESULT: {}
RESULT: {}
RESULT: undefined
COMMAND: POST /session/2c3e5cc3018601d52a1ae1747f5b8299/execute/async - {"script":"<script> [776 bytes]","args":[{"enterText":"Z001","selector":{"controlType":"sap.m.Input","viewName":"etm.portal.ui.manageyards.view.New","viewId":"application-manageyards-display-component---NewYard","bindingPath":{"path":"","propertyPath":"/CONTROLLING_AREA","modelName":"NewYardModel"},"interaction":{"idSuffix":"inner"}},"clearTextFirst":true,"interactionType":"ENTER_TEXT"}]}
COMMAND: GET /session/2c3e5cc3018601d52a1ae1747f5b8299/screenshot - {}
RESULT: {"script":"<script> [776 bytes]","args":[{"enterText":"Z001","selector":{"controlType":"sap.m.Input","viewName":"etm.portal.ui.manageyards.view.New","viewId":"application-manageyards-display-component---NewYard","bindingPath":{"path":"","propertyPath":"/CONTROLLING_AREA","modelName":"NewYardModel"},"interaction":{"idSuffix":"inner"}},"clearTextFirst":true,"interactionType":"ENTER_TEXT"}]}
RESULT: undefined
COMMAND: POST /session/2c3e5cc3018601d52a1ae1747f5b8299/execute/async - {"script":"<script> [776 bytes]","args":[{"enterText":"1000","selector":{"id":"application-manageyards-display-component---NewYard--companyCodeComboBox","interaction":{"idSuffix":"inner"}},"clearTextFirst":true,"interactionType":"ENTER_TEXT"}]}
RESULT: {}
RESULT: {"script":"<script> [776 bytes]","args":[{"enterText":"1000","selector":{"id":"application-manageyards-display-component---NewYard--companyCodeComboBox","interaction":{"idSuffix":"inner"}},"clearTextFirst":true,"interactionType":"ENTER_TEXT"}]}
RESULT: undefined
COMMAND: POST /session/2c3e5cc3018601d52a1ae1747f5b8299/execute/async - {"script":"<script> [776 bytes]","args":[{"enterText":"1001","selector":{"controlType":"sap.m.Input","viewName":"etm.portal.ui.manageyards.view.New","viewId":"application-manageyards-display-component---NewYard","bindingPath":{"path":"","propertyPath":"/PLANT","modelName":"NewYardModel"},"interaction":{"idSuffix":"inner"}},"clearTextFirst":true,"interactionType":"ENTER_TEXT"}]}
RESULT: {"script":"<script> [776 bytes]","args":[{"enterText":"1001","selector":{"controlType":"sap.m.Input","viewName":"etm.portal.ui.manageyards.view.New","viewId":"application-manageyards-display-component---NewYard","bindingPath":{"path":"","propertyPath":"/PLANT","modelName":"NewYardModel"},"interaction":{"idSuffix":"inner"}},"clearTextFirst":true,"interactionType":"ENTER_TEXT"}]}
RESULT: undefined
COMMAND: POST /session/2c3e5cc3018601d52a1ae1747f5b8299/execute/async - {"script":"<script> [776 bytes]","args":[{"enterText":"C002","selector":{"controlType":"sap.m.Input","viewName":"etm.portal.ui.manageyards.view.New","viewId":"application-manageyards-display-component---NewYard","bindingPath":{"path":"","propertyPath":"/SALES_AREA_VKORG","modelName":"NewYardModel"},"interaction":{"idSuffix":"inner"}},"clearTextFirst":true,"interactionType":"ENTER_TEXT"}]}
RESULT: {"script":"<script> [776 bytes]","args":[{"enterText":"C002","selector":{"controlType":"sap.m.Input","viewName":"etm.portal.ui.manageyards.view.New","viewId":"application-manageyards-display-component---NewYard","bindingPath":{"path":"","propertyPath":"/SALES_AREA_VKORG","modelName":"NewYardModel"},"interaction":{"idSuffix":"inner"}},"clearTextFirst":true,"interactionType":"ENTER_TEXT"}]}
RESULT: undefined
COMMAND: POST /session/2c3e5cc3018601d52a1ae1747f5b8299/execute/async - {"script":"<script> [776 bytes]","args":[{"enterText":"C2","selector":{"controlType":"sap.m.Input","viewName":"etm.portal.ui.manageyards.view.New","viewId":"application-manageyards-display-component---NewYard","bindingPath":{"path":"","propertyPath":"/SALES_AREA_VTWEG","modelName":"NewYardModel"},"interaction":{"idSuffix":"inner"}},"clearTextFirst":true,"interactionType":"ENTER_TEXT"}]}
RESULT: {"script":"<script> [776 bytes]","args":[{"enterText":"C2","selector":{"controlType":"sap.m.Input","viewName":"etm.portal.ui.manageyards.view.New","viewId":"application-manageyards-display-component---NewYard","bindingPath":{"path":"","propertyPath":"/SALES_AREA_VTWEG","modelName":"NewYardModel"},"interaction":{"idSuffix":"inner"}},"clearTextFirst":true,"interactionType":"ENTER_TEXT"}]}
RESULT: undefined
COMMAND: POST /session/2c3e5cc3018601d52a1ae1747f5b8299/execute/async - {"script":"<script> [776 bytes]","args":[{"enterText":"C2","selector":{"controlType":"sap.m.Input","viewName":"etm.portal.ui.manageyards.view.New","viewId":"application-manageyards-display-component---NewYard","bindingPath":{"path":"","propertyPath":"/SALES_AREA_SPART","modelName":"NewYardModel"},"interaction":{"idSuffix":"inner"}},"clearTextFirst":true,"interactionType":"ENTER_TEXT"}]}
RESULT: {"script":"<script> [776 bytes]","args":[{"enterText":"C2","selector":{"controlType":"sap.m.Input","viewName":"etm.portal.ui.manageyards.view.New","viewId":"application-manageyards-display-component---NewYard","bindingPath":{"path":"","propertyPath":"/SALES_AREA_SPART","modelName":"NewYardModel"},"interaction":{"idSuffix":"inner"}},"clearTextFirst":true,"interactionType":"ENTER_TEXT"}]}
RESULT: undefined
COMMAND: POST /session/2c3e5cc3018601d52a1ae1747f5b8299/execute/async - {"script":"<script> [776 bytes]","args":[{"enterText":"1710","selector":{"controlType":"sap.m.Input","viewName":"etm.portal.ui.manageyards.view.New","viewId":"application-manageyards-display-component---NewYard","bindingPath":{"path":"","propertyPath":"/SHIP_POINT","modelName":"NewYardModel"},"interaction":{"idSuffix":"inner"}},"clearTextFirst":true,"interactionType":"ENTER_TEXT"}]}
RESULT: {"script":"<script> [776 bytes]","args":[{"enterText":"1710","selector":{"controlType":"sap.m.Input","viewName":"etm.portal.ui.manageyards.view.New","viewId":"application-manageyards-display-component---NewYard","bindingPath":{"path":"","propertyPath":"/SHIP_POINT","modelName":"NewYardModel"},"interaction":{"idSuffix":"inner"}},"clearTextFirst":true,"interactionType":"ENTER_TEXT"}]}
RESULT: undefined
COMMAND: POST /session/2c3e5cc3018601d52a1ae1747f5b8299/execute/async - {"script":"<script> [776 bytes]","args":[{"enterText":"ZL01","selector":{"controlType":"sap.m.Input","viewName":"etm.portal.ui.manageyards.view.New","viewId":"application-manageyards-display-component---NewYard","bindingPath":{"path":"","propertyPath":"/DELIVERY_TYPE","modelName":"NewYardModel"},"interaction":{"idSuffix":"inner"}},"clearTextFirst":true,"interactionType":"ENTER_TEXT"}]}
RESULT: {"script":"<script> [776 bytes]","args":[{"enterText":"ZL01","selector":{"controlType":"sap.m.Input","viewName":"etm.portal.ui.manageyards.view.New","viewId":"application-manageyards-display-component---NewYard","bindingPath":{"path":"","propertyPath":"/DELIVERY_TYPE","modelName":"NewYardModel"},"interaction":{"idSuffix":"inner"}},"clearTextFirst":true,"interactionType":"ENTER_TEXT"}]}
RESULT: undefined
COMMAND: POST /session/2c3e5cc3018601d52a1ae1747f5b8299/execute/async - {"script":"<script> [776 bytes]","args":[{"enterText":"TA","selector":{"controlType":"sap.m.Input","viewName":"etm.portal.ui.manageyards.view.New","viewId":"application-manageyards-display-component---NewYard","bindingPath":{"path":"","propertyPath":"/AUART","modelName":"NewYardModel"},"interaction":{"idSuffix":"inner"}},"clearTextFirst":true,"interactionType":"ENTER_TEXT"}]}
RESULT: {"script":"<script> [776 bytes]","args":[{"enterText":"TA","selector":{"controlType":"sap.m.Input","viewName":"etm.portal.ui.manageyards.view.New","viewId":"application-manageyards-display-component---NewYard","bindingPath":{"path":"","propertyPath":"/AUART","modelName":"NewYardModel"},"interaction":{"idSuffix":"inner"}},"clearTextFirst":true,"interactionType":"ENTER_TEXT"}]}
COMMAND: POST /session/2c3e5cc3018601d52a1ae1747f5b8299/execute/async - {"script":"<script> [1562 bytes]","args":[{"selector":{"id":"application-manageyards-display-component---NewYard--whmCheckBox","interaction":{"idSuffix":"CbBg"}},"wdio_ui5_key":"applicationmanageyards-display-component---NewYard--whmCheckBox"}]}
RESULT: {"script":"<script> [1562 bytes]","args":[{"selector":{"id":"application-manageyards-display-component---NewYard--whmCheckBox","interaction":{"idSuffix":"CbBg"}},"wdio_ui5_key":"applicationmanageyards-display-component---NewYard--whmCheckBox"}]}
RESULT: undefined
COMMAND: POST /session/2c3e5cc3018601d52a1ae1747f5b8299/element - {"using":"xpath","value":"//*[@id=\"application-manageyards-display-component---NewYard--whmCheckBox\"]"}
RESULT: {"using":"xpath","value":"//*[@id=\"application-manageyards-display-component---NewYard--whmCheckBox\"]"}
COMMAND: POST /session/2c3e5cc3018601d52a1ae1747f5b8299/element/f.37FD799F3153CD067689FB9668CC9BBA.d.AC6DDAF42A69D0070961DFB57DDFE375.e.11052/click - {}
RESULT: {}
COMMAND: GET /session/2c3e5cc3018601d52a1ae1747f5b8299/screenshot - {}
RESULT: {}
COMMAND: POST /session/2c3e5cc3018601d52a1ae1747f5b8299/element - {"using":"xpath","value":"//button[@data-kt=\"newYardSaveButton\"]"}
RESULT: {"using":"xpath","value":"//button[@data-kt=\"newYardSaveButton\"]"}
COMMAND: POST /session/2c3e5cc3018601d52a1ae1747f5b8299/element/f.37FD799F3153CD067689FB9668CC9BBA.d.AC6DDAF42A69D0070961DFB57DDFE375.e.10955/click - {}
RESULT: {}
COMMAND: GET /session/2c3e5cc3018601d52a1ae1747f5b8299/screenshot - {}
RESULT: {}
COMMAND: POST /session/2c3e5cc3018601d52a1ae1747f5b8299/element - {"using":"xpath","value":"//header[contains(@id, 'ObjectPageLayout-headerTitle')]/div[1]/div[2]/div[1]/span[1]"}
RESULT: {"using":"xpath","value":"//header[contains(@id, 'ObjectPageLayout-headerTitle')]/div[1]/div[2]/div[1]/span[1]"}
COMMAND: POST /session/2c3e5cc3018601d52a1ae1747f5b8299/elements - {"using":"xpath","value":"//header[contains(@id, 'ObjectPageLayout-headerTitle')]/div[1]/div[2]/div[1]/span[1]"}
RESULT: {"using":"xpath","value":"//header[contains(@id, 'ObjectPageLayout-headerTitle')]/div[1]/div[2]/div[1]/span[1]"}
COMMAND: POST /session/2c3e5cc3018601d52a1ae1747f5b8299/execute/sync - {"script":"<script> [56 bytes]","args":[{"element-6066-11e4-a52e-4f735466cecf":"f.37FD799F3153CD067689FB9668CC9BBA.d.AC6DDAF42A69D0070961DFB57DDFE375.e.11255","ELEMENT":"f.37FD799F3153CD067689FB9668CC9BBA.d.AC6DDAF42A69D0070961DFB57DDFE375.e.11255"}]}
RESULT: {"script":"<script> [56 bytes]","args":[{"element-6066-11e4-a52e-4f735466cecf":"f.37FD799F3153CD067689FB9668CC9BBA.d.AC6DDAF42A69D0070961DFB57DDFE375.e.11255","ELEMENT":"f.37FD799F3153CD067689FB9668CC9BBA.d.AC6DDAF42A69D0070961DFB57DDFE375.e.11255"}]}
COMMAND: GET /session/2c3e5cc3018601d52a1ae1747f5b8299/screenshot - {}
RESULT: {}
COMMAND: POST /session/2c3e5cc3018601d52a1ae1747f5b8299/element - {"using":"css selector","value":"#shell-header-logo"}
RESULT: {"using":"css selector","value":"#shell-header-logo"}
COMMAND: POST /session/2c3e5cc3018601d52a1ae1747f5b8299/element/f.37FD799F3153CD067689FB9668CC9BBA.d.AC6DDAF42A69D0070961DFB57DDFE375.e.10506/click - {}
RESULT: {}
COMMAND: GET /session/2c3e5cc3018601d52a1ae1747f5b8299/screenshot - {}
RESULT: {}
COMMAND: POST /session/2c3e5cc3018601d52a1ae1747f5b8299/execute/sync - {"script":"<script> [299 bytes]","args":[["getModel","getResource"]]}
RESULT: {"script":"<script> [299 bytes]","args":[["getModel","getResource"]]}
]]></system-out>
    </testcase>
    <testcase classname="chrome.136_0_7103_93.windows.Create_partner_US118246" name="Should create new external WHM partner" time="93.896">
      <system-out><![CDATA[
COMMAND: POST /session/2c3e5cc3018601d52a1ae1747f5b8299/window/fullscreen - {}
COMMAND: GET /session/2c3e5cc3018601d52a1ae1747f5b8299/screenshot - {}
RESULT: {}
RESULT: undefined
COMMAND: POST /session/2c3e5cc3018601d52a1ae1747f5b8299/element - {"using":"xpath","value":"//*[@id=\"__tile38\"]"}
RESULT: {}
RESULT: {"using":"xpath","value":"//*[@id=\"__tile38\"]"}
COMMAND: POST /session/2c3e5cc3018601d52a1ae1747f5b8299/element/f.37FD799F3153CD067689FB9668CC9BBA.d.AC6DDAF42A69D0070961DFB57DDFE375.e.8946/click - {}
RESULT: {}
COMMAND: GET /session/2c3e5cc3018601d52a1ae1747f5b8299/screenshot - {}
RESULT: {}
COMMAND: POST /session/2c3e5cc3018601d52a1ae1747f5b8299/elements - {"using":"xpath","value":"//span[text()='Error']"}
RESULT: {"using":"xpath","value":"//span[text()='Error']"}
COMMAND: POST /session/2c3e5cc3018601d52a1ae1747f5b8299/element - {"using":"xpath","value":"//button[@data-kt=\"addButton\"]"}
RESULT: {"using":"xpath","value":"//button[@data-kt=\"addButton\"]"}
COMMAND: POST /session/2c3e5cc3018601d52a1ae1747f5b8299/elements - {"using":"xpath","value":"//button[@data-kt=\"addButton\"]"}
RESULT: {"using":"xpath","value":"//button[@data-kt=\"addButton\"]"}
COMMAND: POST /session/2c3e5cc3018601d52a1ae1747f5b8299/execute/sync - {"script":"<script> [8489 bytes]","args":[{"element-6066-11e4-a52e-4f735466cecf":"f.37FD799F3153CD067689FB9668CC9BBA.d.AC6DDAF42A69D0070961DFB57DDFE375.e.11303","ELEMENT":"f.37FD799F3153CD067689FB9668CC9BBA.d.AC6DDAF42A69D0070961DFB57DDFE375.e.11303"}]}
RESULT: {"script":"<script> [8489 bytes]","args":[{"element-6066-11e4-a52e-4f735466cecf":"f.37FD799F3153CD067689FB9668CC9BBA.d.AC6DDAF42A69D0070961DFB57DDFE375.e.11303","ELEMENT":"f.37FD799F3153CD067689FB9668CC9BBA.d.AC6DDAF42A69D0070961DFB57DDFE375.e.11303"}]}
COMMAND: GET /session/2c3e5cc3018601d52a1ae1747f5b8299/element/f.37FD799F3153CD067689FB9668CC9BBA.d.AC6DDAF42A69D0070961DFB57DDFE375.e.11303/enabled - {}
COMMAND: GET /session/2c3e5cc3018601d52a1ae1747f5b8299/screenshot - {}
RESULT: {}
COMMAND: POST /session/2c3e5cc3018601d52a1ae1747f5b8299/execute/sync - {"script":"<script> [8489 bytes]","args":[{"element-6066-11e4-a52e-4f735466cecf":"f.37FD799F3153CD067689FB9668CC9BBA.d.AC6DDAF42A69D0070961DFB57DDFE375.e.11303","ELEMENT":"f.37FD799F3153CD067689FB9668CC9BBA.d.AC6DDAF42A69D0070961DFB57DDFE375.e.11303"}]}
COMMAND: GET /session/2c3e5cc3018601d52a1ae1747f5b8299/screenshot - {}
RESULT: {}
RESULT: {"script":"<script> [8489 bytes]","args":[{"element-6066-11e4-a52e-4f735466cecf":"f.37FD799F3153CD067689FB9668CC9BBA.d.AC6DDAF42A69D0070961DFB57DDFE375.e.11303","ELEMENT":"f.37FD799F3153CD067689FB9668CC9BBA.d.AC6DDAF42A69D0070961DFB57DDFE375.e.11303"}]}
COMMAND: POST /session/2c3e5cc3018601d52a1ae1747f5b8299/execute/sync - {"script":"<script> [5351 bytes]","args":[{"element-6066-11e4-a52e-4f735466cecf":"f.37FD799F3153CD067689FB9668CC9BBA.d.AC6DDAF42A69D0070961DFB57DDFE375.e.11303","ELEMENT":"f.37FD799F3153CD067689FB9668CC9BBA.d.AC6DDAF42A69D0070961DFB57DDFE375.e.11303"}]}
COMMAND: GET /session/2c3e5cc3018601d52a1ae1747f5b8299/screenshot - {}
RESULT: {}
RESULT: {"script":"<script> [5351 bytes]","args":[{"element-6066-11e4-a52e-4f735466cecf":"f.37FD799F3153CD067689FB9668CC9BBA.d.AC6DDAF42A69D0070961DFB57DDFE375.e.11303","ELEMENT":"f.37FD799F3153CD067689FB9668CC9BBA.d.AC6DDAF42A69D0070961DFB57DDFE375.e.11303"}]}
COMMAND: POST /session/2c3e5cc3018601d52a1ae1747f5b8299/element/f.37FD799F3153CD067689FB9668CC9BBA.d.AC6DDAF42A69D0070961DFB57DDFE375.e.11303/click - {}
COMMAND: GET /session/2c3e5cc3018601d52a1ae1747f5b8299/screenshot - {}
RESULT: {}
RESULT: {}
COMMAND: GET /session/2c3e5cc3018601d52a1ae1747f5b8299/screenshot - {}
RESULT: undefined
COMMAND: POST /session/2c3e5cc3018601d52a1ae1747f5b8299/execute/async - {"script":"<script> [776 bytes]","args":[{"enterText":"External Partner WDIO","selector":{"id":"application-managepartners-display-component---NewPartner--addressDetailDetailsName1","interaction":{"idSuffix":"inner"}},"clearTextFirst":true,"interactionType":"ENTER_TEXT"}]}
RESULT: {}
RESULT: {}
RESULT: {"script":"<script> [776 bytes]","args":[{"enterText":"External Partner WDIO","selector":{"id":"application-managepartners-display-component---NewPartner--addressDetailDetailsName1","interaction":{"idSuffix":"inner"}},"clearTextFirst":true,"interactionType":"ENTER_TEXT"}]}
RESULT: undefined
COMMAND: POST /session/2c3e5cc3018601d52a1ae1747f5b8299/element - {"using":"xpath","value":"//*[@id=\"application-managepartners-display-component---NewPartner--addressDetailDetailsLanguage-arrow\"]"}
RESULT: {"using":"xpath","value":"//*[@id=\"application-managepartners-display-component---NewPartner--addressDetailDetailsLanguage-arrow\"]"}
COMMAND: POST /session/2c3e5cc3018601d52a1ae1747f5b8299/element/f.37FD799F3153CD067689FB9668CC9BBA.d.AC6DDAF42A69D0070961DFB57DDFE375.e.11744/click - {}
RESULT: {}
COMMAND: POST /session/2c3e5cc3018601d52a1ae1747f5b8299/element - {"using":"xpath","value":"//span[contains(text(), \"English\")]"}
COMMAND: GET /session/2c3e5cc3018601d52a1ae1747f5b8299/screenshot - {}
RESULT: {"using":"xpath","value":"//span[contains(text(), \"English\")]"}
COMMAND: POST /session/2c3e5cc3018601d52a1ae1747f5b8299/element/f.37FD799F3153CD067689FB9668CC9BBA.d.AC6DDAF42A69D0070961DFB57DDFE375.e.11745/click - {}
RESULT: {}
RESULT: {}
COMMAND: GET /session/2c3e5cc3018601d52a1ae1747f5b8299/screenshot - {}
RESULT: {}
RESULT: undefined
COMMAND: POST /session/2c3e5cc3018601d52a1ae1747f5b8299/execute/async - {"script":"<script> [776 bytes]","args":[{"enterText":"Rosario","selector":{"id":"application-managepartners-display-component---NewPartner--addressDetailDetailsCity1","interaction":{"idSuffix":"inner"}},"clearTextFirst":true,"interactionType":"ENTER_TEXT"}]}
RESULT: {"script":"<script> [776 bytes]","args":[{"enterText":"Rosario","selector":{"id":"application-managepartners-display-component---NewPartner--addressDetailDetailsCity1","interaction":{"idSuffix":"inner"}},"clearTextFirst":true,"interactionType":"ENTER_TEXT"}]}
RESULT: undefined
COMMAND: POST /session/2c3e5cc3018601d52a1ae1747f5b8299/element - {"using":"xpath","value":"//*[@id=\"application-managepartners-display-component---NewPartner--addressDetailDetailsCountry-arrow\"]"}
RESULT: {"using":"xpath","value":"//*[@id=\"application-managepartners-display-component---NewPartner--addressDetailDetailsCountry-arrow\"]"}
COMMAND: POST /session/2c3e5cc3018601d52a1ae1747f5b8299/element/f.37FD799F3153CD067689FB9668CC9BBA.d.AC6DDAF42A69D0070961DFB57DDFE375.e.11732/click - {}
RESULT: {}
COMMAND: POST /session/2c3e5cc3018601d52a1ae1747f5b8299/element - {"using":"xpath","value":"//span[contains(text(), \"Argentina\")]"}
COMMAND: GET /session/2c3e5cc3018601d52a1ae1747f5b8299/screenshot - {}
RESULT: {"using":"xpath","value":"//span[contains(text(), \"Argentina\")]"}
COMMAND: POST /session/2c3e5cc3018601d52a1ae1747f5b8299/element/f.37FD799F3153CD067689FB9668CC9BBA.d.AC6DDAF42A69D0070961DFB57DDFE375.e.11746/click - {}
RESULT: {}
RESULT: {}
COMMAND: GET /session/2c3e5cc3018601d52a1ae1747f5b8299/screenshot - {}
RESULT: {}
COMMAND: POST /session/2c3e5cc3018601d52a1ae1747f5b8299/element - {"using":"xpath","value":"//bdi[contains(text(), \"Commercial\")]"}
RESULT: {"using":"xpath","value":"//bdi[contains(text(), \"Commercial\")]"}
COMMAND: POST /session/2c3e5cc3018601d52a1ae1747f5b8299/element/f.37FD799F3153CD067689FB9668CC9BBA.d.AC6DDAF42A69D0070961DFB57DDFE375.e.11747/click - {}
RESULT: {}
COMMAND: GET /session/2c3e5cc3018601d52a1ae1747f5b8299/screenshot - {}
RESULT: {}
RESULT: undefined
COMMAND: POST /session/2c3e5cc3018601d52a1ae1747f5b8299/element - {"using":"xpath","value":"//*[@id=\"application-managepartners-display-component---NewPartner--partnerDetailInternal-arrow\"]"}
RESULT: {"using":"xpath","value":"//*[@id=\"application-managepartners-display-component---NewPartner--partnerDetailInternal-arrow\"]"}
COMMAND: POST /session/2c3e5cc3018601d52a1ae1747f5b8299/element/f.37FD799F3153CD067689FB9668CC9BBA.d.AC6DDAF42A69D0070961DFB57DDFE375.e.11753/click - {}
RESULT: {}
COMMAND: POST /session/2c3e5cc3018601d52a1ae1747f5b8299/element - {"using":"xpath","value":"//span[contains(text(), \"External partner\")]"}
COMMAND: GET /session/2c3e5cc3018601d52a1ae1747f5b8299/screenshot - {}
RESULT: {"using":"xpath","value":"//span[contains(text(), \"External partner\")]"}
COMMAND: POST /session/2c3e5cc3018601d52a1ae1747f5b8299/element/f.37FD799F3153CD067689FB9668CC9BBA.d.AC6DDAF42A69D0070961DFB57DDFE375.e.11754/click - {}
RESULT: {}
RESULT: {}
RESULT: undefined
COMMAND: POST /session/2c3e5cc3018601d52a1ae1747f5b8299/element - {"using":"xpath","value":"//*[@id=\"application-managepartners-display-component---NewPartner--partnerDetailsCurrency-arrow\"]"}
COMMAND: GET /session/2c3e5cc3018601d52a1ae1747f5b8299/screenshot - {}
RESULT: {"using":"xpath","value":"//*[@id=\"application-managepartners-display-component---NewPartner--partnerDetailsCurrency-arrow\"]"}
COMMAND: POST /session/2c3e5cc3018601d52a1ae1747f5b8299/element/f.37FD799F3153CD067689FB9668CC9BBA.d.AC6DDAF42A69D0070961DFB57DDFE375.e.11759/click - {}
RESULT: {}
RESULT: {}
COMMAND: POST /session/2c3e5cc3018601d52a1ae1747f5b8299/element - {"using":"xpath","value":"//span[contains(text(), \"US Dollar\")]"}
COMMAND: GET /session/2c3e5cc3018601d52a1ae1747f5b8299/screenshot - {}
RESULT: {"using":"xpath","value":"//span[contains(text(), \"US Dollar\")]"}
COMMAND: POST /session/2c3e5cc3018601d52a1ae1747f5b8299/element/f.37FD799F3153CD067689FB9668CC9BBA.d.AC6DDAF42A69D0070961DFB57DDFE375.e.11760/click - {}
RESULT: {}
RESULT: {}
COMMAND: GET /session/2c3e5cc3018601d52a1ae1747f5b8299/screenshot - {}
RESULT: {}
COMMAND: POST /session/2c3e5cc3018601d52a1ae1747f5b8299/element - {"using":"xpath","value":"//input[@id=\"application-managepartners-display-component---NewPartner--companyCodeComboBox-inner\"]"}
RESULT: {"using":"xpath","value":"//input[@id=\"application-managepartners-display-component---NewPartner--companyCodeComboBox-inner\"]"}
COMMAND: POST /session/2c3e5cc3018601d52a1ae1747f5b8299/element/f.37FD799F3153CD067689FB9668CC9BBA.d.AC6DDAF42A69D0070961DFB57DDFE375.e.11607/clear - {}
RESULT: {}
COMMAND: POST /session/2c3e5cc3018601d52a1ae1747f5b8299/element/f.37FD799F3153CD067689FB9668CC9BBA.d.AC6DDAF42A69D0070961DFB57DDFE375.e.11607/value - {"text":"C002"}
COMMAND: GET /session/2c3e5cc3018601d52a1ae1747f5b8299/screenshot - {}
RESULT: {"text":"C002"}
COMMAND: GET /session/2c3e5cc3018601d52a1ae1747f5b8299/screenshot - {}
RESULT: {}
RESULT: {}
COMMAND: POST /session/2c3e5cc3018601d52a1ae1747f5b8299/element - {"using":"xpath","value":"//li[.//span[text()= \"C002\"]]"}
RESULT: {"using":"xpath","value":"//li[.//span[text()= \"C002\"]]"}
COMMAND: POST /session/2c3e5cc3018601d52a1ae1747f5b8299/element/f.37FD799F3153CD067689FB9668CC9BBA.d.AC6DDAF42A69D0070961DFB57DDFE375.e.11764/click - {}
RESULT: {}
COMMAND: GET /session/2c3e5cc3018601d52a1ae1747f5b8299/screenshot - {}
RESULT: {}
RESULT: undefined
COMMAND: POST /session/2c3e5cc3018601d52a1ae1747f5b8299/element - {"using":"xpath","value":"//*[@id=\"application-managepartners-display-component---NewPartner--btnAddTableRow-img\"]"}
RESULT: {"using":"xpath","value":"//*[@id=\"application-managepartners-display-component---NewPartner--btnAddTableRow-img\"]"}
COMMAND: POST /session/2c3e5cc3018601d52a1ae1747f5b8299/element/f.37FD799F3153CD067689FB9668CC9BBA.d.AC6DDAF42A69D0070961DFB57DDFE375.e.11765/click - {}
RESULT: {}
COMMAND: GET /session/2c3e5cc3018601d52a1ae1747f5b8299/screenshot - {}
RESULT: {}
COMMAND: POST /session/2c3e5cc3018601d52a1ae1747f5b8299/element - {"using":"xpath","value":"//input[@id=\"application-managepartners-display-component---NewPartner--assignmentYard-application-managepartners-display-component---NewPartner--assignmentsTable-0-inner\"]"}
RESULT: {"using":"xpath","value":"//input[@id=\"application-managepartners-display-component---NewPartner--assignmentYard-application-managepartners-display-component---NewPartner--assignmentsTable-0-inner\"]"}
COMMAND: POST /session/2c3e5cc3018601d52a1ae1747f5b8299/element/f.37FD799F3153CD067689FB9668CC9BBA.d.AC6DDAF42A69D0070961DFB57DDFE375.e.11768/clear - {}
RESULT: {}
COMMAND: POST /session/2c3e5cc3018601d52a1ae1747f5b8299/element/f.37FD799F3153CD067689FB9668CC9BBA.d.AC6DDAF42A69D0070961DFB57DDFE375.e.11768/value - {"text":"420"}
COMMAND: GET /session/2c3e5cc3018601d52a1ae1747f5b8299/screenshot - {}
RESULT: {"text":"420"}
COMMAND: GET /session/2c3e5cc3018601d52a1ae1747f5b8299/screenshot - {}
RESULT: {}
RESULT: {}
COMMAND: POST /session/2c3e5cc3018601d52a1ae1747f5b8299/element - {"using":"xpath","value":"//li[.//span[text()='420']]"}
RESULT: {"using":"xpath","value":"//li[.//span[text()='420']]"}
COMMAND: POST /session/2c3e5cc3018601d52a1ae1747f5b8299/element/f.37FD799F3153CD067689FB9668CC9BBA.d.AC6DDAF42A69D0070961DFB57DDFE375.e.11776/click - {}
RESULT: {}
COMMAND: GET /session/2c3e5cc3018601d52a1ae1747f5b8299/screenshot - {}
RESULT: {}
COMMAND: POST /session/2c3e5cc3018601d52a1ae1747f5b8299/actions - {"actions":[{"id":"action28","type":"key","parameters":{},"actions":[{"type":"keyDown","value":"î€‡"},{"type":"pause","duration":10},{"type":"keyUp","value":"î€‡"}]}]}
RESULT: {"actions":[{"id":"action28","type":"key","parameters":{},"actions":[{"type":"keyDown","value":"î€‡"},{"type":"pause","duration":10},{"type":"keyUp","value":"î€‡"}]}]}
COMMAND: POST /session/2c3e5cc3018601d52a1ae1747f5b8299/element - {"using":"xpath","value":"//td[contains(@id, \"assignmentsTable-0-cell2\")]/div/div"}
COMMAND: GET /session/2c3e5cc3018601d52a1ae1747f5b8299/screenshot - {}
RESULT: {"using":"xpath","value":"//td[contains(@id, \"assignmentsTable-0-cell2\")]/div/div"}
COMMAND: POST /session/2c3e5cc3018601d52a1ae1747f5b8299/element/f.37FD799F3153CD067689FB9668CC9BBA.d.AC6DDAF42A69D0070961DFB57DDFE375.e.11779/click - {}
RESULT: {}
RESULT: {}
COMMAND: GET /session/2c3e5cc3018601d52a1ae1747f5b8299/screenshot - {}
RESULT: {}
COMMAND: POST /session/2c3e5cc3018601d52a1ae1747f5b8299/element - {"using":"xpath","value":"//button[@data-kt=\"saveButton\"]"}
RESULT: {"using":"xpath","value":"//button[@data-kt=\"saveButton\"]"}
COMMAND: POST /session/2c3e5cc3018601d52a1ae1747f5b8299/element/f.37FD799F3153CD067689FB9668CC9BBA.d.AC6DDAF42A69D0070961DFB57DDFE375.e.11656/click - {}
RESULT: {}
COMMAND: GET /session/2c3e5cc3018601d52a1ae1747f5b8299/screenshot - {}
RESULT: {}
COMMAND: POST /session/2c3e5cc3018601d52a1ae1747f5b8299/element - {"using":"xpath","value":"//header[contains(@id, 'ObjectPageLayout-headerTitle')]/div[1]/div[2]/div[2]/span[1]"}
RESULT: {"using":"xpath","value":"//header[contains(@id, 'ObjectPageLayout-headerTitle')]/div[1]/div[2]/div[2]/span[1]"}
COMMAND: POST /session/2c3e5cc3018601d52a1ae1747f5b8299/elements - {"using":"xpath","value":"//header[contains(@id, 'ObjectPageLayout-headerTitle')]/div[1]/div[2]/div[2]/span[1]"}
RESULT: {"using":"xpath","value":"//header[contains(@id, 'ObjectPageLayout-headerTitle')]/div[1]/div[2]/div[2]/span[1]"}
COMMAND: POST /session/2c3e5cc3018601d52a1ae1747f5b8299/execute/sync - {"script":"<script> [56 bytes]","args":[{"element-6066-11e4-a52e-4f735466cecf":"f.37FD799F3153CD067689FB9668CC9BBA.d.AC6DDAF42A69D0070961DFB57DDFE375.e.11941","ELEMENT":"f.37FD799F3153CD067689FB9668CC9BBA.d.AC6DDAF42A69D0070961DFB57DDFE375.e.11941"}]}
RESULT: {"script":"<script> [56 bytes]","args":[{"element-6066-11e4-a52e-4f735466cecf":"f.37FD799F3153CD067689FB9668CC9BBA.d.AC6DDAF42A69D0070961DFB57DDFE375.e.11941","ELEMENT":"f.37FD799F3153CD067689FB9668CC9BBA.d.AC6DDAF42A69D0070961DFB57DDFE375.e.11941"}]}
COMMAND: POST /session/2c3e5cc3018601d52a1ae1747f5b8299/element - {"using":"css selector","value":"#shell-header-logo"}
COMMAND: GET /session/2c3e5cc3018601d52a1ae1747f5b8299/screenshot - {}
RESULT: {"using":"css selector","value":"#shell-header-logo"}
COMMAND: POST /session/2c3e5cc3018601d52a1ae1747f5b8299/element/f.37FD799F3153CD067689FB9668CC9BBA.d.AC6DDAF42A69D0070961DFB57DDFE375.e.11259/click - {}
RESULT: {}
RESULT: {}
COMMAND: GET /session/2c3e5cc3018601d52a1ae1747f5b8299/screenshot - {}
RESULT: {}
COMMAND: POST /session/2c3e5cc3018601d52a1ae1747f5b8299/execute/sync - {"script":"<script> [299 bytes]","args":[["getModel","getResource"]]}
RESULT: {"script":"<script> [299 bytes]","args":[["getModel","getResource"]]}
COMMAND: GET /session/2c3e5cc3018601d52a1ae1747f5b8299/screenshot - {}
RESULT: {}
COMMAND: DELETE /session/2c3e5cc3018601d52a1ae1747f5b8299 - {}
RESULT: {}
]]></system-out>
    </testcase>
  </testsuite>
</testsuites>