<?xml version="1.0" encoding="UTF-8"?>
<testsuites tests="18" failures="0" errors="0" skipped="0">
  <testsuite timestamp="2025-05-05T05:38:25" time="87.213" tests="2" failures="0" errors="0" skipped="0">
    <properties>
      <property name="specId" value="0" />
      <property name="suiteName" value="Assign the user test user id to an address" />
      <property name="capabilities" value="chrome.135_0_7049_96.windows" />
      <property name="file" value="file:///D:/a/1/s/test/specs/R2C/assign-user-id-to-an-address.spec.js" />
    </properties>
    <testcase classname="chrome.135_0_7049_96.windows.Assign_the_user_test_user_id_to_an_address" name="Should search for test1ETM create only if not present" time="25.066">
      <system-out><![CDATA[
COMMAND: POST /session/be4790d44c8003a2500b5a2ec9bf0748/execute/async - {"script":"<script> [1562 bytes]","args":[{"selector":{"id":"application-addressmanagement-display-component---masterAdm--smartFilterBar-filterItemControl_BASIC-NAME-vhi"},"wdio_ui5_key":"applicationaddressmanagement-display-component---masterAdm--smartFilterBar-filterItemControl_BASIC-NAME-vhi"}]}
RESULT: {"script":"<script> [1562 bytes]","args":[{"selector":{"id":"application-addressmanagement-display-component---masterAdm--smartFilterBar-filterItemControl_BASIC-NAME-vhi"},"wdio_ui5_key":"applicationaddressmanagement-display-component---masterAdm--smartFilterBar-filterItemControl_BASIC-NAME-vhi"}]}
RESULT: undefined
COMMAND: POST /session/be4790d44c8003a2500b5a2ec9bf0748/element - {"using":"xpath","value":"//*[@id=\"application-addressmanagement-display-component---masterAdm--smartFilterBar-filterItemControl_BASIC-NAME-vhi\"]"}
RESULT: {"using":"xpath","value":"//*[@id=\"application-addressmanagement-display-component---masterAdm--smartFilterBar-filterItemControl_BASIC-NAME-vhi\"]"}
COMMAND: POST /session/be4790d44c8003a2500b5a2ec9bf0748/element/f.CB17890886CEBDD3BAA48AB18EF5A7DB.d.9F91E80B54B4EBC14E7EC5C9F19351CB.e.298/click - {}
RESULT: {}
COMMAND: POST /session/be4790d44c8003a2500b5a2ec9bf0748/execute/async - {"script":"<script> [1562 bytes]","args":[{"selector":{"controlType":"sap.m.Input","viewName":"etm.portal.ui.addressmanagement.view.Master","viewId":"application-addressmanagement-display-component---masterAdm","properties":{"valueState":"None"},"searchOpenDialogs":true,"interaction":{"idSuffix":"inner"}},"wdio_ui5_key":"etmportal.ui.addressmanagement.view.Mastersap.m.Input{\"valueState\":\"None\"}"}]}
COMMAND: GET /session/be4790d44c8003a2500b5a2ec9bf0748/screenshot - {}
RESULT: {"script":"<script> [1562 bytes]","args":[{"selector":{"controlType":"sap.m.Input","viewName":"etm.portal.ui.addressmanagement.view.Master","viewId":"application-addressmanagement-display-component---masterAdm","properties":{"valueState":"None"},"searchOpenDialogs":true,"interaction":{"idSuffix":"inner"}},"wdio_ui5_key":"etmportal.ui.addressmanagement.view.Mastersap.m.Input{\"valueState\":\"None\"}"}]}
RESULT: undefined
COMMAND: POST /session/be4790d44c8003a2500b5a2ec9bf0748/execute/async - {"script":"<script> [776 bytes]","args":[{"enterText":"Test1ETM","selector":{"controlType":"sap.m.Input","viewName":"etm.portal.ui.addressmanagement.view.Master","viewId":"application-addressmanagement-display-component---masterAdm","properties":{"valueState":"None"},"searchOpenDialogs":true,"interaction":{"idSuffix":"inner"}},"clearTextFirst":true,"interactionType":"ENTER_TEXT"}]}
RESULT: {}
RESULT: {"script":"<script> [776 bytes]","args":[{"enterText":"Test1ETM","selector":{"controlType":"sap.m.Input","viewName":"etm.portal.ui.addressmanagement.view.Master","viewId":"application-addressmanagement-display-component---masterAdm","properties":{"valueState":"None"},"searchOpenDialogs":true,"interaction":{"idSuffix":"inner"}},"clearTextFirst":true,"interactionType":"ENTER_TEXT"}]}
COMMAND: POST /session/be4790d44c8003a2500b5a2ec9bf0748/actions - {"actions":[{"id":"action1","type":"key","parameters":{},"actions":[{"type":"keyDown","value":"î€‡"},{"type":"pause","duration":10},{"type":"keyUp","value":"î€‡"}]}]}
RESULT: {"actions":[{"id":"action1","type":"key","parameters":{},"actions":[{"type":"keyDown","value":"î€‡"},{"type":"pause","duration":10},{"type":"keyUp","value":"î€‡"}]}]}
COMMAND: POST /session/be4790d44c8003a2500b5a2ec9bf0748/execute/async - {"script":"<script> [1562 bytes]","args":[{"selector":{"id":"application-addressmanagement-display-component---masterAdm--smartFilterBar-filterItemControl_BASIC-NAME-valueHelpDialog-ok","searchOpenDialogs":true,"interaction":{"idSuffix":"BDI-content"}},"wdio_ui5_key":"applicationaddressmanagement-display-component---masterAdm--smartFilterBar-filterItemControl_BASIC-NAME-valueHelpDialog-ok"}]}
COMMAND: GET /session/be4790d44c8003a2500b5a2ec9bf0748/screenshot - {}
RESULT: {"script":"<script> [1562 bytes]","args":[{"selector":{"id":"application-addressmanagement-display-component---masterAdm--smartFilterBar-filterItemControl_BASIC-NAME-valueHelpDialog-ok","searchOpenDialogs":true,"interaction":{"idSuffix":"BDI-content"}},"wdio_ui5_key":"applicationaddressmanagement-display-component---masterAdm--smartFilterBar-filterItemControl_BASIC-NAME-valueHelpDialog-ok"}]}
RESULT: undefined
COMMAND: POST /session/be4790d44c8003a2500b5a2ec9bf0748/element - {"using":"xpath","value":"//*[@id=\"application-addressmanagement-display-component---masterAdm--smartFilterBar-filterItemControl_BASIC-NAME-valueHelpDialog-ok\"]"}
RESULT: {}
RESULT: {"using":"xpath","value":"//*[@id=\"application-addressmanagement-display-component---masterAdm--smartFilterBar-filterItemControl_BASIC-NAME-valueHelpDialog-ok\"]"}
COMMAND: POST /session/be4790d44c8003a2500b5a2ec9bf0748/element/f.CB17890886CEBDD3BAA48AB18EF5A7DB.d.9F91E80B54B4EBC14E7EC5C9F19351CB.e.307/click - {}
RESULT: {}
COMMAND: GET /session/be4790d44c8003a2500b5a2ec9bf0748/screenshot - {}
RESULT: {}
COMMAND: POST /session/be4790d44c8003a2500b5a2ec9bf0748/element - {"using":"xpath","value":"(//span[text()=\"Active\"])[1]"}
RESULT: {"using":"xpath","value":"(//span[text()=\"Active\"])[1]"}
COMMAND: POST /session/be4790d44c8003a2500b5a2ec9bf0748/elements - {"using":"xpath","value":"(//span[text()=\"Active\"])[1]"}
RESULT: {"using":"xpath","value":"(//span[text()=\"Active\"])[1]"}
COMMAND: POST /session/be4790d44c8003a2500b5a2ec9bf0748/execute/sync - {"script":"<script> [8489 bytes]","args":[{"element-6066-11e4-a52e-4f735466cecf":"f.CB17890886CEBDD3BAA48AB18EF5A7DB.d.9F91E80B54B4EBC14E7EC5C9F19351CB.e.322","ELEMENT":"f.CB17890886CEBDD3BAA48AB18EF5A7DB.d.9F91E80B54B4EBC14E7EC5C9F19351CB.e.322"}]}
RESULT: {"script":"<script> [8489 bytes]","args":[{"element-6066-11e4-a52e-4f735466cecf":"f.CB17890886CEBDD3BAA48AB18EF5A7DB.d.9F91E80B54B4EBC14E7EC5C9F19351CB.e.322","ELEMENT":"f.CB17890886CEBDD3BAA48AB18EF5A7DB.d.9F91E80B54B4EBC14E7EC5C9F19351CB.e.322"}]}
COMMAND: POST /session/be4790d44c8003a2500b5a2ec9bf0748/execute/sync - {"script":"<script> [5351 bytes]","args":[{"element-6066-11e4-a52e-4f735466cecf":"f.CB17890886CEBDD3BAA48AB18EF5A7DB.d.9F91E80B54B4EBC14E7EC5C9F19351CB.e.322","ELEMENT":"f.CB17890886CEBDD3BAA48AB18EF5A7DB.d.9F91E80B54B4EBC14E7EC5C9F19351CB.e.322"}]}
COMMAND: GET /session/be4790d44c8003a2500b5a2ec9bf0748/screenshot - {}
RESULT: {"script":"<script> [5351 bytes]","args":[{"element-6066-11e4-a52e-4f735466cecf":"f.CB17890886CEBDD3BAA48AB18EF5A7DB.d.9F91E80B54B4EBC14E7EC5C9F19351CB.e.322","ELEMENT":"f.CB17890886CEBDD3BAA48AB18EF5A7DB.d.9F91E80B54B4EBC14E7EC5C9F19351CB.e.322"}]}
COMMAND: POST /session/be4790d44c8003a2500b5a2ec9bf0748/element/f.CB17890886CEBDD3BAA48AB18EF5A7DB.d.9F91E80B54B4EBC14E7EC5C9F19351CB.e.322/click - {}
COMMAND: GET /session/be4790d44c8003a2500b5a2ec9bf0748/screenshot - {}
RESULT: {}
RESULT: {}
COMMAND: POST /session/be4790d44c8003a2500b5a2ec9bf0748/element - {"using":"xpath","value":"//span[@id=\"application-addressmanagement-display-component---detailAdm--addressDetailDetailsName1\"]"}
COMMAND: GET /session/be4790d44c8003a2500b5a2ec9bf0748/screenshot - {}
RESULT: {}
RESULT: {"using":"xpath","value":"//span[@id=\"application-addressmanagement-display-component---detailAdm--addressDetailDetailsName1\"]"}
COMMAND: POST /session/be4790d44c8003a2500b5a2ec9bf0748/execute/sync - {"script":"<script> [8489 bytes]","args":[{"element-6066-11e4-a52e-4f735466cecf":"f.CB17890886CEBDD3BAA48AB18EF5A7DB.d.9F91E80B54B4EBC14E7EC5C9F19351CB.e.402","ELEMENT":"f.CB17890886CEBDD3BAA48AB18EF5A7DB.d.9F91E80B54B4EBC14E7EC5C9F19351CB.e.402"}]}
RESULT: {}
RESULT: {"script":"<script> [8489 bytes]","args":[{"element-6066-11e4-a52e-4f735466cecf":"f.CB17890886CEBDD3BAA48AB18EF5A7DB.d.9F91E80B54B4EBC14E7EC5C9F19351CB.e.402","ELEMENT":"f.CB17890886CEBDD3BAA48AB18EF5A7DB.d.9F91E80B54B4EBC14E7EC5C9F19351CB.e.402"}]}
]]></system-out>
    </testcase>
    <testcase classname="chrome.135_0_7049_96.windows.Assign_the_user_test_user_id_to_an_address" name="Should edit the title of the created found address" time="12.646">
      <system-out><![CDATA[
COMMAND: POST /session/be4790d44c8003a2500b5a2ec9bf0748/execute/async - {"script":"<script> [1562 bytes]","args":[{"selector":{"controlType":"sap.m.Button","viewName":"etm.portal.ui.addressmanagement.view.Detail","viewId":"application-addressmanagement-display-component---detailAdm","i18NText":{"propertyName":"text","key":"edit"}},"wdio_ui5_key":"etmportal.ui.addressmanagement.view.Detailsap.m.Button{\"propertyName\":\"text\",\"key\":\"edit\"}"}]}
COMMAND: GET /session/be4790d44c8003a2500b5a2ec9bf0748/screenshot - {}
RESULT: {"script":"<script> [1562 bytes]","args":[{"selector":{"controlType":"sap.m.Button","viewName":"etm.portal.ui.addressmanagement.view.Detail","viewId":"application-addressmanagement-display-component---detailAdm","i18NText":{"propertyName":"text","key":"edit"}},"wdio_ui5_key":"etmportal.ui.addressmanagement.view.Detailsap.m.Button{\"propertyName\":\"text\",\"key\":\"edit\"}"}]}
RESULT: undefined
COMMAND: POST /session/be4790d44c8003a2500b5a2ec9bf0748/element - {"using":"xpath","value":"//*[@id=\"__button16\"]"}
RESULT: {}
RESULT: {"using":"xpath","value":"//*[@id=\"__button16\"]"}
COMMAND: POST /session/be4790d44c8003a2500b5a2ec9bf0748/element/f.CB17890886CEBDD3BAA48AB18EF5A7DB.d.9F91E80B54B4EBC14E7EC5C9F19351CB.e.409/click - {}
RESULT: {}
COMMAND: POST /session/be4790d44c8003a2500b5a2ec9bf0748/execute/async - {"script":"<script> [1562 bytes]","args":[{"selector":{"controlType":"sap.ui.core.Icon","viewName":"etm.portal.ui.addressmanagement.view.EditDetail","properties":{"src":{"regex":{"source":"slim\\-arrow\\-down"}}},"ancestor":{"id":"addressTitle","viewName":"etm.portal.ui.addressmanagement.view.EditDetail"}},"wdio_ui5_key":"etmportal.ui.addressmanagement.view.EditDetailsap.ui.core.Icon{\"src\":{\"regex\":{\"source\":\"slim\\\\-arrow\\\\-down\"}}}{\"id\":\"addressTitle\",\"viewName\":\"etm.portal.ui.addressmanagement.view.EditDetail\"}"}]}
COMMAND: GET /session/be4790d44c8003a2500b5a2ec9bf0748/screenshot - {}
RESULT: {"script":"<script> [1562 bytes]","args":[{"selector":{"controlType":"sap.ui.core.Icon","viewName":"etm.portal.ui.addressmanagement.view.EditDetail","properties":{"src":{"regex":{"source":"slim\\-arrow\\-down"}}},"ancestor":{"id":"addressTitle","viewName":"etm.portal.ui.addressmanagement.view.EditDetail"}},"wdio_ui5_key":"etmportal.ui.addressmanagement.view.EditDetailsap.ui.core.Icon{\"src\":{\"regex\":{\"source\":\"slim\\\\-arrow\\\\-down\"}}}{\"id\":\"addressTitle\",\"viewName\":\"etm.portal.ui.addressmanagement.view.EditDetail\"}"}]}
RESULT: undefined
COMMAND: POST /session/be4790d44c8003a2500b5a2ec9bf0748/element - {"using":"xpath","value":"//*[@id=\"__xmlview58--addressTitle-arrow\"]"}
RESULT: {}
RESULT: {"using":"xpath","value":"//*[@id=\"__xmlview58--addressTitle-arrow\"]"}
COMMAND: POST /session/be4790d44c8003a2500b5a2ec9bf0748/element/f.CB17890886CEBDD3BAA48AB18EF5A7DB.d.9F91E80B54B4EBC14E7EC5C9F19351CB.e.454/click - {}
RESULT: {}
COMMAND: POST /session/be4790d44c8003a2500b5a2ec9bf0748/execute/async - {"script":"<script> [1562 bytes]","args":[{"selector":{"controlType":"sap.m.StandardListItem","viewName":"etm.portal.ui.addressmanagement.view.EditDetail","properties":{"title":"Dr."},"searchOpenDialogs":true},"wdio_ui5_key":"etmportal.ui.addressmanagement.view.EditDetailsap.m.StandardListItem{\"title\":\"Dr.\"}"}]}
COMMAND: GET /session/be4790d44c8003a2500b5a2ec9bf0748/screenshot - {}
RESULT: {}
RESULT: {"script":"<script> [1562 bytes]","args":[{"selector":{"controlType":"sap.m.StandardListItem","viewName":"etm.portal.ui.addressmanagement.view.EditDetail","properties":{"title":"Dr."},"searchOpenDialogs":true},"wdio_ui5_key":"etmportal.ui.addressmanagement.view.EditDetailsap.m.StandardListItem{\"title\":\"Dr.\"}"}]}
RESULT: undefined
COMMAND: POST /session/be4790d44c8003a2500b5a2ec9bf0748/element - {"using":"xpath","value":"//*[@id=\"__item233\"]"}
RESULT: {"using":"xpath","value":"//*[@id=\"__item233\"]"}
COMMAND: POST /session/be4790d44c8003a2500b5a2ec9bf0748/element/f.CB17890886CEBDD3BAA48AB18EF5A7DB.d.9F91E80B54B4EBC14E7EC5C9F19351CB.e.456/click - {}
RESULT: {}
COMMAND: POST /session/be4790d44c8003a2500b5a2ec9bf0748/execute/async - {"script":"<script> [1562 bytes]","args":[{"selector":{"controlType":"sap.m.Button","viewName":"etm.portal.ui.addressmanagement.view.EditDetail","i18NText":{"propertyName":"text","key":"save"}},"wdio_ui5_key":"etmportal.ui.addressmanagement.view.EditDetailsap.m.Button{\"propertyName\":\"text\",\"key\":\"save\"}"}]}
COMMAND: GET /session/be4790d44c8003a2500b5a2ec9bf0748/screenshot - {}
RESULT: {"script":"<script> [1562 bytes]","args":[{"selector":{"controlType":"sap.m.Button","viewName":"etm.portal.ui.addressmanagement.view.EditDetail","i18NText":{"propertyName":"text","key":"save"}},"wdio_ui5_key":"etmportal.ui.addressmanagement.view.EditDetailsap.m.Button{\"propertyName\":\"text\",\"key\":\"save\"}"}]}
RESULT: undefined
COMMAND: POST /session/be4790d44c8003a2500b5a2ec9bf0748/element - {"using":"xpath","value":"//*[@id=\"__button39\"]"}
RESULT: {}
RESULT: {"using":"xpath","value":"//*[@id=\"__button39\"]"}
COMMAND: POST /session/be4790d44c8003a2500b5a2ec9bf0748/element/f.CB17890886CEBDD3BAA48AB18EF5A7DB.d.9F91E80B54B4EBC14E7EC5C9F19351CB.e.457/click - {}
RESULT: {}
COMMAND: GET /session/be4790d44c8003a2500b5a2ec9bf0748/screenshot - {}
RESULT: {}
COMMAND: POST /session/be4790d44c8003a2500b5a2ec9bf0748/element - {"using":"xpath","value":"//span[@id=\"application-addressmanagement-display-component---detailAdm--addressTitle\"]"}
RESULT: {"using":"xpath","value":"//span[@id=\"application-addressmanagement-display-component---detailAdm--addressTitle\"]"}
COMMAND: GET /session/be4790d44c8003a2500b5a2ec9bf0748/element/f.CB17890886CEBDD3BAA48AB18EF5A7DB.d.9F91E80B54B4EBC14E7EC5C9F19351CB.e.469/text - {}
RESULT: {}
COMMAND: POST /session/be4790d44c8003a2500b5a2ec9bf0748/element - {"using":"xpath","value":"//span[@id=\"application-addressmanagement-display-component---detailAdm--addressDetailDetailsName1\"]"}
RESULT: {"using":"xpath","value":"//span[@id=\"application-addressmanagement-display-component---detailAdm--addressDetailDetailsName1\"]"}
COMMAND: GET /session/be4790d44c8003a2500b5a2ec9bf0748/element/f.CB17890886CEBDD3BAA48AB18EF5A7DB.d.9F91E80B54B4EBC14E7EC5C9F19351CB.e.402/text - {}
RESULT: {}
COMMAND: POST /session/be4790d44c8003a2500b5a2ec9bf0748/refresh - {}
RESULT: {}
COMMAND: GET /session/be4790d44c8003a2500b5a2ec9bf0748/screenshot - {}
RESULT: {}
COMMAND: POST /session/be4790d44c8003a2500b5a2ec9bf0748/refresh - {}
RESULT: {}
COMMAND: GET /session/be4790d44c8003a2500b5a2ec9bf0748/screenshot - {}
RESULT: {}
COMMAND: POST /session/be4790d44c8003a2500b5a2ec9bf0748/window/fullscreen - {}
RESULT: {}
COMMAND: POST /session/be4790d44c8003a2500b5a2ec9bf0748/execute/async - {"script":"<script> [189 bytes]","args":[]}
RESULT: {"script":"<script> [189 bytes]","args":[]}
COMMAND: POST /session/be4790d44c8003a2500b5a2ec9bf0748/execute/async - {"script":"<script> [123 bytes]","args":[]}
RESULT: {"script":"<script> [123 bytes]","args":[]}
COMMAND: POST /session/be4790d44c8003a2500b5a2ec9bf0748/timeouts - {"script":"<number>"}
RESULT: {"script":"<number>"}
COMMAND: GET /session/be4790d44c8003a2500b5a2ec9bf0748/timeouts - {}
RESULT: {}
RESULT: undefined
COMMAND: POST /session/be4790d44c8003a2500b5a2ec9bf0748/execute/async - {"script":"<script> [2676 bytes]","args":[]}
RESULT: {"script":"<script> [2676 bytes]","args":[]}
COMMAND: POST /session/be4790d44c8003a2500b5a2ec9bf0748/execute/async - {"script":"<script> [2342 bytes]","args":[{"protocol":"http","hostname":"0.0.0.0","path":"/","capabilities":{"browserName":"chrome","goog:chromeOptions":{"binary":"C:\\Program Files\\Google\\Chrome\\Application\\chrome.exe","args":["--start-maximized"]}},"logLevel":"warn","connectionRetryTimeout":120000,"connectionRetryCount":3,"logLevels":{},"enableDirectConnect":true,"strictSSL":true,"_":"65 more keys: [\"cacheDir\",\"port\",\"requestedCapabilities\",\"automationProtocol\",\"baseUrl\",\"waitforInterval\",\"waitforTimeout\",\"onReload\",\"beforeCommand\",\"afterCommand\",\"rootDir\",\"specs\",\"suites\",\"exclude\",\"groupLogsByTestSpec\",\"excludeDriverLogs\",\"bail\",\"framework\",\"reporters\",\"services\",\"maxInstances\",\"maxInstancesPerCapability\",\"injectGlobals\",\"filesToWatch\",\"execArgv\",\"runnerEnv\",\"runner\",\"shard\",\"specFileRetries\",\"specFileRetriesDelay\",\"specFileRetriesDeferred\",\"reporterSyncInterval\",\"reporterSyncTimeout\",\"cucumberFeaturesWithLineNumbers\",\"autoCompileOpts\",\"mochaOpts\",\"jasmineOpts\",\"cucumberOpts\",\"onPrepare\",\"onWorkerStart\",\"onWorkerEnd\",\"before\",\"beforeSession\",\"beforeSuite\",\"beforeHook\",\"beforeTest\",\"afterTest\",\"afterHook\",\"afterSuite\",\"afterSession\",\"after\",\"onComplete\",\"beforeAssertion\",\"afterAssertion\",\"beforeFeature\",\"beforeScenario\",\"beforeStep\",\"afterStep\",\"afterScenario\",\"afterFeature\",\"_\",\"suite\",\"$0\",\"ignoredWorkerServices\",\"wdi5\"]"}]}
RESULT: {"script":"<script> [2342 bytes]","args":[{"protocol":"http","hostname":"0.0.0.0","path":"/","capabilities":{"browserName":"chrome","goog:chromeOptions":{"binary":"C:\\Program Files\\Google\\Chrome\\Application\\chrome.exe","args":["--start-maximized"]}},"logLevel":"warn","connectionRetryTimeout":120000,"connectionRetryCount":3,"logLevels":{},"enableDirectConnect":true,"strictSSL":true,"_":"65 more keys: [\"cacheDir\",\"port\",\"requestedCapabilities\",\"automationProtocol\",\"baseUrl\",\"waitforInterval\",\"waitforTimeout\",\"onReload\",\"beforeCommand\",\"afterCommand\",\"rootDir\",\"specs\",\"suites\",\"exclude\",\"groupLogsByTestSpec\",\"excludeDriverLogs\",\"bail\",\"framework\",\"reporters\",\"services\",\"maxInstances\",\"maxInstancesPerCapability\",\"injectGlobals\",\"filesToWatch\",\"execArgv\",\"runnerEnv\",\"runner\",\"shard\",\"specFileRetries\",\"specFileRetriesDelay\",\"specFileRetriesDeferred\",\"reporterSyncInterval\",\"reporterSyncTimeout\",\"cucumberFeaturesWithLineNumbers\",\"autoCompileOpts\",\"mochaOpts\",\"jasmineOpts\",\"cucumberOpts\",\"onPrepare\",\"onWorkerStart\",\"onWorkerEnd\",\"before\",\"beforeSession\",\"beforeSuite\",\"beforeHook\",\"beforeTest\",\"afterTest\",\"afterHook\",\"afterSuite\",\"afterSession\",\"after\",\"onComplete\",\"beforeAssertion\",\"afterAssertion\",\"beforeFeature\",\"beforeScenario\",\"beforeStep\",\"afterStep\",\"afterScenario\",\"afterFeature\",\"_\",\"suite\",\"$0\",\"ignoredWorkerServices\",\"wdi5\"]"}]}
COMMAND: POST /session/be4790d44c8003a2500b5a2ec9bf0748/execute/async - {"script":"<script> [21126 bytes]","args":[35000]}
RESULT: {"script":"<script> [21126 bytes]","args":[35000]}
COMMAND: POST /session/be4790d44c8003a2500b5a2ec9bf0748/element - {"using":"css selector","value":"#shell-header-logo"}
RESULT: {"using":"css selector","value":"#shell-header-logo"}
COMMAND: POST /session/be4790d44c8003a2500b5a2ec9bf0748/element/f.CB17890886CEBDD3BAA48AB18EF5A7DB.d.2F303082A5BC74A7CCC2996A19D9B040.e.484/click - {}
RESULT: {}
COMMAND: GET /session/be4790d44c8003a2500b5a2ec9bf0748/screenshot - {}
RESULT: {}
COMMAND: POST /session/be4790d44c8003a2500b5a2ec9bf0748/execute/async - {"script":"<script> [1562 bytes]","args":[{"selector":{"controlType":"sap.m.GenericTile","properties":{"header":"Manage Yards"}},"wdio_ui5_key":"sapm.GenericTile{\"header\":\"Manage Yards\"}"}]}
RESULT: {"script":"<script> [1562 bytes]","args":[{"selector":{"controlType":"sap.m.GenericTile","properties":{"header":"Manage Yards"}},"wdio_ui5_key":"sapm.GenericTile{\"header\":\"Manage Yards\"}"}]}
RESULT: undefined
COMMAND: POST /session/be4790d44c8003a2500b5a2ec9bf0748/element - {"using":"xpath","value":"//*[@id=\"__tile52\"]"}
RESULT: {"using":"xpath","value":"//*[@id=\"__tile52\"]"}
COMMAND: POST /session/be4790d44c8003a2500b5a2ec9bf0748/element/f.CB17890886CEBDD3BAA48AB18EF5A7DB.d.2F303082A5BC74A7CCC2996A19D9B040.e.726/click - {}
RESULT: {}
]]></system-out>
    </testcase>
  </testsuite>
  <testsuite timestamp="2025-05-05T05:39:52" time="284.02" tests="2" failures="0" errors="0" skipped="0">
    <properties>
      <property name="specId" value="0" />
      <property name="suiteName" value="Create 2 Yards US112496" />
      <property name="capabilities" value="chrome.135_0_7049_96.windows" />
      <property name="file" value="file:///D:/a/1/s/test/specs/R2C/create-yard.spec.js" />
    </properties>
    <testcase classname="chrome.135_0_7049_96.windows.Create_2_Yards_US112496" name="Should create a new simple yard" time="128.92">
      <system-out><![CDATA[
COMMAND: GET /session/be4790d44c8003a2500b5a2ec9bf0748/screenshot - {}
RESULT: {}
COMMAND: POST /session/be4790d44c8003a2500b5a2ec9bf0748/execute/async - {"script":"<script> [1562 bytes]","args":[{"selector":{"controlType":"sap.ui.core.Icon","viewName":"etm.portal.ui.manageyards.view.Master","viewId":"application-manageyards-display-component---masterYard","properties":{"src":{"regex":{"source":"add"}}}},"wdio_ui5_key":"etmportal.ui.manageyards.view.Mastersap.ui.core.Icon{\"src\":{\"regex\":{\"source\":\"add\"}}}"}]}
RESULT: {"script":"<script> [1562 bytes]","args":[{"selector":{"controlType":"sap.ui.core.Icon","viewName":"etm.portal.ui.manageyards.view.Master","viewId":"application-manageyards-display-component---masterYard","properties":{"src":{"regex":{"source":"add"}}}},"wdio_ui5_key":"etmportal.ui.manageyards.view.Mastersap.ui.core.Icon{\"src\":{\"regex\":{\"source\":\"add\"}}}"}]}
RESULT: undefined
COMMAND: POST /session/be4790d44c8003a2500b5a2ec9bf0748/element - {"using":"xpath","value":"//*[@id=\"__button25-img\"]"}
RESULT: {"using":"xpath","value":"//*[@id=\"__button25-img\"]"}
COMMAND: POST /session/be4790d44c8003a2500b5a2ec9bf0748/element/f.CB17890886CEBDD3BAA48AB18EF5A7DB.d.2F303082A5BC74A7CCC2996A19D9B040.e.773/click - {}
RESULT: {}
COMMAND: GET /session/be4790d44c8003a2500b5a2ec9bf0748/screenshot - {}
RESULT: {}
COMMAND: POST /session/be4790d44c8003a2500b5a2ec9bf0748/execute/async - {"script":"<script> [1562 bytes]","args":[{"selector":{"id":"application-manageyards-display-component---NewYard--yardId","interaction":{"idSuffix":"inner"}},"wdio_ui5_key":"applicationmanageyards-display-component---NewYard--yardId"}]}
RESULT: {"script":"<script> [1562 bytes]","args":[{"selector":{"id":"application-manageyards-display-component---NewYard--yardId","interaction":{"idSuffix":"inner"}},"wdio_ui5_key":"applicationmanageyards-display-component---NewYard--yardId"}]}
RESULT: undefined
COMMAND: POST /session/be4790d44c8003a2500b5a2ec9bf0748/element - {"using":"xpath","value":"//*[@id=\"application-manageyards-display-component---NewYard--addressDetailDetailsName1-inner\"]"}
RESULT: {"using":"xpath","value":"//*[@id=\"application-manageyards-display-component---NewYard--addressDetailDetailsName1-inner\"]"}
COMMAND: POST /session/be4790d44c8003a2500b5a2ec9bf0748/element/f.CB17890886CEBDD3BAA48AB18EF5A7DB.d.2F303082A5BC74A7CCC2996A19D9B040.e.1001/clear - {}
RESULT: {}
COMMAND: POST /session/be4790d44c8003a2500b5a2ec9bf0748/element/f.CB17890886CEBDD3BAA48AB18EF5A7DB.d.2F303082A5BC74A7CCC2996A19D9B040.e.1001/value - {"text":"Webdriver Yard eqrunk"}
COMMAND: GET /session/be4790d44c8003a2500b5a2ec9bf0748/screenshot - {}
RESULT: {"text":"Webdriver Yard eqrunk"}
COMMAND: POST /session/be4790d44c8003a2500b5a2ec9bf0748/element - {"using":"xpath","value":"//*[@id=\"application-manageyards-display-component---NewYard--addressDetailDetailsLanguage-inner\"]"}
COMMAND: GET /session/be4790d44c8003a2500b5a2ec9bf0748/screenshot - {}
RESULT: {}
RESULT: {"using":"xpath","value":"//*[@id=\"application-manageyards-display-component---NewYard--addressDetailDetailsLanguage-inner\"]"}
COMMAND: POST /session/be4790d44c8003a2500b5a2ec9bf0748/element/f.CB17890886CEBDD3BAA48AB18EF5A7DB.d.2F303082A5BC74A7CCC2996A19D9B040.e.1002/clear - {}
RESULT: {}
RESULT: {}
COMMAND: POST /session/be4790d44c8003a2500b5a2ec9bf0748/element/f.CB17890886CEBDD3BAA48AB18EF5A7DB.d.2F303082A5BC74A7CCC2996A19D9B040.e.1002/value - {"text":"Romanian"}
COMMAND: GET /session/be4790d44c8003a2500b5a2ec9bf0748/screenshot - {}
RESULT: {"text":"Romanian"}
COMMAND: GET /session/be4790d44c8003a2500b5a2ec9bf0748/screenshot - {}
RESULT: {}
RESULT: {}
COMMAND: POST /session/be4790d44c8003a2500b5a2ec9bf0748/element - {"using":"xpath","value":"//*[@id=\"application-manageyards-display-component---NewYard--addressDetailDetailsCity1-inner\"]"}
RESULT: {"using":"xpath","value":"//*[@id=\"application-manageyards-display-component---NewYard--addressDetailDetailsCity1-inner\"]"}
COMMAND: POST /session/be4790d44c8003a2500b5a2ec9bf0748/element/f.CB17890886CEBDD3BAA48AB18EF5A7DB.d.2F303082A5BC74A7CCC2996A19D9B040.e.1004/clear - {}
RESULT: {}
COMMAND: POST /session/be4790d44c8003a2500b5a2ec9bf0748/element/f.CB17890886CEBDD3BAA48AB18EF5A7DB.d.2F303082A5BC74A7CCC2996A19D9B040.e.1004/value - {"text":"Bucuresti"}
COMMAND: GET /session/be4790d44c8003a2500b5a2ec9bf0748/screenshot - {}
RESULT: {"text":"Bucuresti"}
COMMAND: GET /session/be4790d44c8003a2500b5a2ec9bf0748/screenshot - {}
RESULT: {}
RESULT: {}
COMMAND: POST /session/be4790d44c8003a2500b5a2ec9bf0748/element - {"using":"xpath","value":"//*[@id=\"application-manageyards-display-component---NewYard--addressDetailDetailsCountry-inner\"]"}
RESULT: {"using":"xpath","value":"//*[@id=\"application-manageyards-display-component---NewYard--addressDetailDetailsCountry-inner\"]"}
COMMAND: POST /session/be4790d44c8003a2500b5a2ec9bf0748/element/f.CB17890886CEBDD3BAA48AB18EF5A7DB.d.2F303082A5BC74A7CCC2996A19D9B040.e.1008/clear - {}
RESULT: {}
COMMAND: POST /session/be4790d44c8003a2500b5a2ec9bf0748/element/f.CB17890886CEBDD3BAA48AB18EF5A7DB.d.2F303082A5BC74A7CCC2996A19D9B040.e.1008/value - {"text":"Romania"}
COMMAND: GET /session/be4790d44c8003a2500b5a2ec9bf0748/screenshot - {}
RESULT: {"text":"Romania"}
COMMAND: GET /session/be4790d44c8003a2500b5a2ec9bf0748/screenshot - {}
RESULT: {}
COMMAND: POST /session/be4790d44c8003a2500b5a2ec9bf0748/element - {"using":"xpath","value":"//div[contains(text(), \"Commercial\")]"}
RESULT: {}
RESULT: {"using":"xpath","value":"//div[contains(text(), \"Commercial\")]"}
COMMAND: GET /session/be4790d44c8003a2500b5a2ec9bf0748/element/f.CB17890886CEBDD3BAA48AB18EF5A7DB.d.2F303082A5BC74A7CCC2996A19D9B040.e.1199/rect - {}
RESULT: {}
COMMAND: GET /session/be4790d44c8003a2500b5a2ec9bf0748/window/rect - {}
RESULT: {}
COMMAND: POST /session/be4790d44c8003a2500b5a2ec9bf0748/execute/sync - {"script":"<script> [92 bytes]","args":[]}
RESULT: {"script":"<script> [92 bytes]","args":[]}
COMMAND: POST /session/be4790d44c8003a2500b5a2ec9bf0748/actions - {"actions":[{"id":"action2","type":"wheel","parameters":{},"actions":[{"type":"scroll","x":-1825,"y":-44,"deltaX":0,"deltaY":0,"duration":0,"origin":{"element-6066-11e4-a52e-4f735466cecf":"f.CB17890886CEBDD3BAA48AB18EF5A7DB.d.2F303082A5BC74A7CCC2996A19D9B040.e.1199"}}]}]}
COMMAND: GET /session/be4790d44c8003a2500b5a2ec9bf0748/screenshot - {}
RESULT: {}
COMMAND: POST /session/be4790d44c8003a2500b5a2ec9bf0748/execute/sync - {"script":"<script> [79 bytes]","args":[{"element-6066-11e4-a52e-4f735466cecf":"f.CB17890886CEBDD3BAA48AB18EF5A7DB.d.2F303082A5BC74A7CCC2996A19D9B040.e.1199","ELEMENT":"f.CB17890886CEBDD3BAA48AB18EF5A7DB.d.2F303082A5BC74A7CCC2996A19D9B040.e.1199"},{"block":"start","inline":"nearest"}]}
RESULT: {"script":"<script> [79 bytes]","args":[{"element-6066-11e4-a52e-4f735466cecf":"f.CB17890886CEBDD3BAA48AB18EF5A7DB.d.2F303082A5BC74A7CCC2996A19D9B040.e.1199","ELEMENT":"f.CB17890886CEBDD3BAA48AB18EF5A7DB.d.2F303082A5BC74A7CCC2996A19D9B040.e.1199"},{"block":"start","inline":"nearest"}]}
COMMAND: GET /session/be4790d44c8003a2500b5a2ec9bf0748/screenshot - {}
RESULT: {}
COMMAND: POST /session/be4790d44c8003a2500b5a2ec9bf0748/element - {"using":"xpath","value":"//input[@id='application-manageyards-display-component---NewYard--addressEditDetailsCostObjectCstType-inner']"}
RESULT: {"using":"xpath","value":"//input[@id='application-manageyards-display-component---NewYard--addressEditDetailsCostObjectCstType-inner']"}
COMMAND: POST /session/be4790d44c8003a2500b5a2ec9bf0748/execute/sync - {"script":"<script> [8489 bytes]","args":[{"element-6066-11e4-a52e-4f735466cecf":"f.CB17890886CEBDD3BAA48AB18EF5A7DB.d.2F303082A5BC74A7CCC2996A19D9B040.e.1014","ELEMENT":"f.CB17890886CEBDD3BAA48AB18EF5A7DB.d.2F303082A5BC74A7CCC2996A19D9B040.e.1014"}]}
RESULT: {"script":"<script> [8489 bytes]","args":[{"element-6066-11e4-a52e-4f735466cecf":"f.CB17890886CEBDD3BAA48AB18EF5A7DB.d.2F303082A5BC74A7CCC2996A19D9B040.e.1014","ELEMENT":"f.CB17890886CEBDD3BAA48AB18EF5A7DB.d.2F303082A5BC74A7CCC2996A19D9B040.e.1014"}]}
COMMAND: POST /session/be4790d44c8003a2500b5a2ec9bf0748/element/f.CB17890886CEBDD3BAA48AB18EF5A7DB.d.2F303082A5BC74A7CCC2996A19D9B040.e.1014/clear - {}
COMMAND: GET /session/be4790d44c8003a2500b5a2ec9bf0748/screenshot - {}
RESULT: {}
COMMAND: POST /session/be4790d44c8003a2500b5a2ec9bf0748/element/f.CB17890886CEBDD3BAA48AB18EF5A7DB.d.2F303082A5BC74A7CCC2996A19D9B040.e.1014/value - {"text":"Cost"}
COMMAND: GET /session/be4790d44c8003a2500b5a2ec9bf0748/screenshot - {}
RESULT: {}
RESULT: {"text":"Cost"}
COMMAND: GET /session/be4790d44c8003a2500b5a2ec9bf0748/screenshot - {}
RESULT: {}
RESULT: {}
COMMAND: POST /session/be4790d44c8003a2500b5a2ec9bf0748/execute/async - {"script":"<script> [1562 bytes]","args":[{"selector":{"id":"application-manageyards-display-component---NewYard--addressNewCostObjectCstID","interaction":{"idSuffix":"inner"}},"wdio_ui5_key":"applicationmanageyards-display-component---NewYard--addressNewCostObjectCstID"}]}
RESULT: {"script":"<script> [1562 bytes]","args":[{"selector":{"id":"application-manageyards-display-component---NewYard--addressNewCostObjectCstID","interaction":{"idSuffix":"inner"}},"wdio_ui5_key":"applicationmanageyards-display-component---NewYard--addressNewCostObjectCstID"}]}
RESULT: undefined
COMMAND: POST /session/be4790d44c8003a2500b5a2ec9bf0748/execute/async - {"script":"<script> [776 bytes]","args":[{"enterText":"10001013","selector":{"id":"application-manageyards-display-component---NewYard--addressNewCostObjectCstID","interaction":{"idSuffix":"inner"}},"clearTextFirst":true,"interactionType":"ENTER_TEXT"}]}
RESULT: {"script":"<script> [776 bytes]","args":[{"enterText":"10001013","selector":{"id":"application-manageyards-display-component---NewYard--addressNewCostObjectCstID","interaction":{"idSuffix":"inner"}},"clearTextFirst":true,"interactionType":"ENTER_TEXT"}]}
COMMAND: POST /session/be4790d44c8003a2500b5a2ec9bf0748/actions - {"actions":[{"id":"action3","type":"key","parameters":{},"actions":[{"type":"keyDown","value":"î€‡"},{"type":"pause","duration":10},{"type":"keyUp","value":"î€‡"}]}]}
RESULT: {"actions":[{"id":"action3","type":"key","parameters":{},"actions":[{"type":"keyDown","value":"î€‡"},{"type":"pause","duration":10},{"type":"keyUp","value":"î€‡"}]}]}
COMMAND: GET /session/be4790d44c8003a2500b5a2ec9bf0748/screenshot - {}
RESULT: {}
COMMAND: POST /session/be4790d44c8003a2500b5a2ec9bf0748/execute/async - {"script":"<script> [1562 bytes]","args":[{"selector":{"controlType":"sap.m.Button","viewName":"etm.portal.ui.manageyards.view.New","viewId":"application-manageyards-display-component---NewYard","i18NText":{"propertyName":"text","key":"save"},"interaction":{"idSuffix":"inner"}},"wdio_ui5_key":"etmportal.ui.manageyards.view.Newsap.m.Button{\"propertyName\":\"text\",\"key\":\"save\"}"}]}
RESULT: {"script":"<script> [1562 bytes]","args":[{"selector":{"controlType":"sap.m.Button","viewName":"etm.portal.ui.manageyards.view.New","viewId":"application-manageyards-display-component---NewYard","i18NText":{"propertyName":"text","key":"save"},"interaction":{"idSuffix":"inner"}},"wdio_ui5_key":"etmportal.ui.manageyards.view.Newsap.m.Button{\"propertyName\":\"text\",\"key\":\"save\"}"}]}
RESULT: undefined
COMMAND: POST /session/be4790d44c8003a2500b5a2ec9bf0748/element - {"using":"xpath","value":"//*[@id=\"__button39\"]"}
RESULT: {"using":"xpath","value":"//*[@id=\"__button39\"]"}
COMMAND: POST /session/be4790d44c8003a2500b5a2ec9bf0748/element/f.CB17890886CEBDD3BAA48AB18EF5A7DB.d.2F303082A5BC74A7CCC2996A19D9B040.e.1187/click - {}
RESULT: {}
COMMAND: GET /session/be4790d44c8003a2500b5a2ec9bf0748/screenshot - {}
RESULT: {}
COMMAND: POST /session/be4790d44c8003a2500b5a2ec9bf0748/element - {"using":"xpath","value":"//header/div/div/div/div/div/div[2]/div/span"}
RESULT: {"using":"xpath","value":"//header/div/div/div/div/div/div[2]/div/span"}
COMMAND: GET /session/be4790d44c8003a2500b5a2ec9bf0748/element/f.CB17890886CEBDD3BAA48AB18EF5A7DB.d.2F303082A5BC74A7CCC2996A19D9B040.e.1418/text - {}
RESULT: {}
COMMAND: POST /session/be4790d44c8003a2500b5a2ec9bf0748/element - {"using":"xpath","value":"//header/div/div[2]/div[2]/span"}
RESULT: {"using":"xpath","value":"//header/div/div[2]/div[2]/span"}
COMMAND: GET /session/be4790d44c8003a2500b5a2ec9bf0748/element/f.CB17890886CEBDD3BAA48AB18EF5A7DB.d.2F303082A5BC74A7CCC2996A19D9B040.e.1419/text - {}
RESULT: {}
COMMAND: POST /session/be4790d44c8003a2500b5a2ec9bf0748/execute/async - {"script":"<script> [1562 bytes]","args":[{"selector":{"controlType":"sap.m.OverflowToolbarButton","viewName":"etm.portal.ui.manageyards.view.Detail","viewId":"application-manageyards-display-component---detailYard","i18NText":{"propertyName":"tooltip","key":"closeColumn"},"interaction":{"idSuffix":"inner"}},"wdio_ui5_key":"etmportal.ui.manageyards.view.Detailsap.m.OverflowToolbarButton{\"propertyName\":\"tooltip\",\"key\":\"closeColumn\"}"}]}
RESULT: {"script":"<script> [1562 bytes]","args":[{"selector":{"controlType":"sap.m.OverflowToolbarButton","viewName":"etm.portal.ui.manageyards.view.Detail","viewId":"application-manageyards-display-component---detailYard","i18NText":{"propertyName":"tooltip","key":"closeColumn"},"interaction":{"idSuffix":"inner"}},"wdio_ui5_key":"etmportal.ui.manageyards.view.Detailsap.m.OverflowToolbarButton{\"propertyName\":\"tooltip\",\"key\":\"closeColumn\"}"}]}
RESULT: undefined
COMMAND: POST /session/be4790d44c8003a2500b5a2ec9bf0748/element - {"using":"xpath","value":"//*[@id=\"__button62\"]"}
RESULT: {"using":"xpath","value":"//*[@id=\"__button62\"]"}
COMMAND: POST /session/be4790d44c8003a2500b5a2ec9bf0748/element/f.CB17890886CEBDD3BAA48AB18EF5A7DB.d.2F303082A5BC74A7CCC2996A19D9B040.e.1421/click - {}
RESULT: {}
COMMAND: POST /session/be4790d44c8003a2500b5a2ec9bf0748/refresh - {}
COMMAND: GET /session/be4790d44c8003a2500b5a2ec9bf0748/screenshot - {}
RESULT: {}
COMMAND: GET /session/be4790d44c8003a2500b5a2ec9bf0748/screenshot - {}
RESULT: {}
RESULT: {}
COMMAND: POST /session/be4790d44c8003a2500b5a2ec9bf0748/refresh - {}
RESULT: {}
COMMAND: GET /session/be4790d44c8003a2500b5a2ec9bf0748/screenshot - {}
RESULT: {}
COMMAND: POST /session/be4790d44c8003a2500b5a2ec9bf0748/window/fullscreen - {}
RESULT: {}
COMMAND: POST /session/be4790d44c8003a2500b5a2ec9bf0748/execute/async - {"script":"<script> [189 bytes]","args":[]}
RESULT: {"script":"<script> [189 bytes]","args":[]}
COMMAND: POST /session/be4790d44c8003a2500b5a2ec9bf0748/execute/async - {"script":"<script> [123 bytes]","args":[]}
RESULT: {"script":"<script> [123 bytes]","args":[]}
COMMAND: POST /session/be4790d44c8003a2500b5a2ec9bf0748/timeouts - {"script":"<number>"}
RESULT: {"script":"<number>"}
COMMAND: GET /session/be4790d44c8003a2500b5a2ec9bf0748/timeouts - {}
RESULT: {}
RESULT: undefined
COMMAND: POST /session/be4790d44c8003a2500b5a2ec9bf0748/execute/async - {"script":"<script> [2676 bytes]","args":[]}
RESULT: {"script":"<script> [2676 bytes]","args":[]}
COMMAND: POST /session/be4790d44c8003a2500b5a2ec9bf0748/execute/async - {"script":"<script> [2342 bytes]","args":[{"protocol":"http","hostname":"0.0.0.0","path":"/","capabilities":{"browserName":"chrome","goog:chromeOptions":{"binary":"C:\\Program Files\\Google\\Chrome\\Application\\chrome.exe","args":["--start-maximized"]}},"logLevel":"warn","connectionRetryTimeout":120000,"connectionRetryCount":3,"logLevels":{},"enableDirectConnect":true,"strictSSL":true,"_":"65 more keys: [\"cacheDir\",\"port\",\"requestedCapabilities\",\"automationProtocol\",\"baseUrl\",\"waitforInterval\",\"waitforTimeout\",\"onReload\",\"beforeCommand\",\"afterCommand\",\"rootDir\",\"specs\",\"suites\",\"exclude\",\"groupLogsByTestSpec\",\"excludeDriverLogs\",\"bail\",\"framework\",\"reporters\",\"services\",\"maxInstances\",\"maxInstancesPerCapability\",\"injectGlobals\",\"filesToWatch\",\"execArgv\",\"runnerEnv\",\"runner\",\"shard\",\"specFileRetries\",\"specFileRetriesDelay\",\"specFileRetriesDeferred\",\"reporterSyncInterval\",\"reporterSyncTimeout\",\"cucumberFeaturesWithLineNumbers\",\"autoCompileOpts\",\"mochaOpts\",\"jasmineOpts\",\"cucumberOpts\",\"onPrepare\",\"onWorkerStart\",\"onWorkerEnd\",\"before\",\"beforeSession\",\"beforeSuite\",\"beforeHook\",\"beforeTest\",\"afterTest\",\"afterHook\",\"afterSuite\",\"afterSession\",\"after\",\"onComplete\",\"beforeAssertion\",\"afterAssertion\",\"beforeFeature\",\"beforeScenario\",\"beforeStep\",\"afterStep\",\"afterScenario\",\"afterFeature\",\"_\",\"suite\",\"$0\",\"ignoredWorkerServices\",\"wdi5\"]"}]}
RESULT: {"script":"<script> [2342 bytes]","args":[{"protocol":"http","hostname":"0.0.0.0","path":"/","capabilities":{"browserName":"chrome","goog:chromeOptions":{"binary":"C:\\Program Files\\Google\\Chrome\\Application\\chrome.exe","args":["--start-maximized"]}},"logLevel":"warn","connectionRetryTimeout":120000,"connectionRetryCount":3,"logLevels":{},"enableDirectConnect":true,"strictSSL":true,"_":"65 more keys: [\"cacheDir\",\"port\",\"requestedCapabilities\",\"automationProtocol\",\"baseUrl\",\"waitforInterval\",\"waitforTimeout\",\"onReload\",\"beforeCommand\",\"afterCommand\",\"rootDir\",\"specs\",\"suites\",\"exclude\",\"groupLogsByTestSpec\",\"excludeDriverLogs\",\"bail\",\"framework\",\"reporters\",\"services\",\"maxInstances\",\"maxInstancesPerCapability\",\"injectGlobals\",\"filesToWatch\",\"execArgv\",\"runnerEnv\",\"runner\",\"shard\",\"specFileRetries\",\"specFileRetriesDelay\",\"specFileRetriesDeferred\",\"reporterSyncInterval\",\"reporterSyncTimeout\",\"cucumberFeaturesWithLineNumbers\",\"autoCompileOpts\",\"mochaOpts\",\"jasmineOpts\",\"cucumberOpts\",\"onPrepare\",\"onWorkerStart\",\"onWorkerEnd\",\"before\",\"beforeSession\",\"beforeSuite\",\"beforeHook\",\"beforeTest\",\"afterTest\",\"afterHook\",\"afterSuite\",\"afterSession\",\"after\",\"onComplete\",\"beforeAssertion\",\"afterAssertion\",\"beforeFeature\",\"beforeScenario\",\"beforeStep\",\"afterStep\",\"afterScenario\",\"afterFeature\",\"_\",\"suite\",\"$0\",\"ignoredWorkerServices\",\"wdi5\"]"}]}
COMMAND: POST /session/be4790d44c8003a2500b5a2ec9bf0748/execute/async - {"script":"<script> [21126 bytes]","args":[35000]}
RESULT: {"script":"<script> [21126 bytes]","args":[35000]}
]]></system-out>
    </testcase>
    <testcase classname="chrome.135_0_7049_96.windows.Create_2_Yards_US112496" name="Should create a WHM yard" time="73.115">
      <system-out><![CDATA[
COMMAND: POST /session/be4790d44c8003a2500b5a2ec9bf0748/execute/async - {"script":"<script> [1562 bytes]","args":[{"selector":{"controlType":"sap.ui.core.Icon","viewName":"etm.portal.ui.manageyards.view.Master","viewId":"application-manageyards-display-component---masterYard","properties":{"src":{"regex":{"source":"add"}}}},"wdio_ui5_key":"etmportal.ui.manageyards.view.Mastersap.ui.core.Icon{\"src\":{\"regex\":{\"source\":\"add\"}}}"}]}
RESULT: {"script":"<script> [1562 bytes]","args":[{"selector":{"controlType":"sap.ui.core.Icon","viewName":"etm.portal.ui.manageyards.view.Master","viewId":"application-manageyards-display-component---masterYard","properties":{"src":{"regex":{"source":"add"}}}},"wdio_ui5_key":"etmportal.ui.manageyards.view.Mastersap.ui.core.Icon{\"src\":{\"regex\":{\"source\":\"add\"}}}"}]}
RESULT: undefined
COMMAND: POST /session/be4790d44c8003a2500b5a2ec9bf0748/element - {"using":"xpath","value":"//*[@id=\"__button9-img\"]"}
RESULT: {"using":"xpath","value":"//*[@id=\"__button9-img\"]"}
COMMAND: POST /session/be4790d44c8003a2500b5a2ec9bf0748/element/f.CB17890886CEBDD3BAA48AB18EF5A7DB.d.BDCED4F1FCA4100D9DCFC889AA07E5D3.e.1522/click - {}
RESULT: {}
COMMAND: GET /session/be4790d44c8003a2500b5a2ec9bf0748/screenshot - {}
RESULT: {}
COMMAND: POST /session/be4790d44c8003a2500b5a2ec9bf0748/execute/async - {"script":"<script> [1562 bytes]","args":[{"selector":{"id":"application-manageyards-display-component---NewYard--yardId","interaction":{"idSuffix":"inner"}},"wdio_ui5_key":"applicationmanageyards-display-component---NewYard--yardId"}]}
RESULT: {"script":"<script> [1562 bytes]","args":[{"selector":{"id":"application-manageyards-display-component---NewYard--yardId","interaction":{"idSuffix":"inner"}},"wdio_ui5_key":"applicationmanageyards-display-component---NewYard--yardId"}]}
RESULT: undefined
COMMAND: POST /session/be4790d44c8003a2500b5a2ec9bf0748/element - {"using":"xpath","value":"//*[@id=\"application-manageyards-display-component---NewYard--addressDetailDetailsName1-inner\"]"}
RESULT: {"using":"xpath","value":"//*[@id=\"application-manageyards-display-component---NewYard--addressDetailDetailsName1-inner\"]"}
COMMAND: POST /session/be4790d44c8003a2500b5a2ec9bf0748/element/f.CB17890886CEBDD3BAA48AB18EF5A7DB.d.BDCED4F1FCA4100D9DCFC889AA07E5D3.e.1669/clear - {}
RESULT: {}
COMMAND: POST /session/be4790d44c8003a2500b5a2ec9bf0748/element/f.CB17890886CEBDD3BAA48AB18EF5A7DB.d.BDCED4F1FCA4100D9DCFC889AA07E5D3.e.1669/value - {"text":"Webdriver WHM Yard b27vy"}
COMMAND: GET /session/be4790d44c8003a2500b5a2ec9bf0748/screenshot - {}
RESULT: {"text":"Webdriver WHM Yard b27vy"}
COMMAND: POST /session/be4790d44c8003a2500b5a2ec9bf0748/element - {"using":"xpath","value":"//*[@id=\"application-manageyards-display-component---NewYard--addressDetailDetailsLanguage-inner\"]"}
COMMAND: GET /session/be4790d44c8003a2500b5a2ec9bf0748/screenshot - {}
RESULT: {}
RESULT: {"using":"xpath","value":"//*[@id=\"application-manageyards-display-component---NewYard--addressDetailDetailsLanguage-inner\"]"}
COMMAND: POST /session/be4790d44c8003a2500b5a2ec9bf0748/element/f.CB17890886CEBDD3BAA48AB18EF5A7DB.d.BDCED4F1FCA4100D9DCFC889AA07E5D3.e.1670/clear - {}
RESULT: {}
RESULT: {}
COMMAND: POST /session/be4790d44c8003a2500b5a2ec9bf0748/element/f.CB17890886CEBDD3BAA48AB18EF5A7DB.d.BDCED4F1FCA4100D9DCFC889AA07E5D3.e.1670/value - {"text":"Romanian"}
RESULT: {"text":"Romanian"}
COMMAND: GET /session/be4790d44c8003a2500b5a2ec9bf0748/screenshot - {}
COMMAND: GET /session/be4790d44c8003a2500b5a2ec9bf0748/screenshot - {}
RESULT: {}
RESULT: {}
COMMAND: POST /session/be4790d44c8003a2500b5a2ec9bf0748/element - {"using":"xpath","value":"//*[@id=\"application-manageyards-display-component---NewYard--addressDetailDetailsCity1-inner\"]"}
RESULT: {"using":"xpath","value":"//*[@id=\"application-manageyards-display-component---NewYard--addressDetailDetailsCity1-inner\"]"}
COMMAND: POST /session/be4790d44c8003a2500b5a2ec9bf0748/element/f.CB17890886CEBDD3BAA48AB18EF5A7DB.d.BDCED4F1FCA4100D9DCFC889AA07E5D3.e.1672/clear - {}
RESULT: {}
COMMAND: POST /session/be4790d44c8003a2500b5a2ec9bf0748/element/f.CB17890886CEBDD3BAA48AB18EF5A7DB.d.BDCED4F1FCA4100D9DCFC889AA07E5D3.e.1672/value - {"text":"Bucuresti"}
COMMAND: GET /session/be4790d44c8003a2500b5a2ec9bf0748/screenshot - {}
RESULT: {"text":"Bucuresti"}
COMMAND: GET /session/be4790d44c8003a2500b5a2ec9bf0748/screenshot - {}
RESULT: {}
RESULT: {}
COMMAND: POST /session/be4790d44c8003a2500b5a2ec9bf0748/element - {"using":"xpath","value":"//*[@id=\"application-manageyards-display-component---NewYard--addressDetailDetailsCountry-inner\"]"}
RESULT: {"using":"xpath","value":"//*[@id=\"application-manageyards-display-component---NewYard--addressDetailDetailsCountry-inner\"]"}
COMMAND: POST /session/be4790d44c8003a2500b5a2ec9bf0748/element/f.CB17890886CEBDD3BAA48AB18EF5A7DB.d.BDCED4F1FCA4100D9DCFC889AA07E5D3.e.1676/clear - {}
RESULT: {}
COMMAND: POST /session/be4790d44c8003a2500b5a2ec9bf0748/element/f.CB17890886CEBDD3BAA48AB18EF5A7DB.d.BDCED4F1FCA4100D9DCFC889AA07E5D3.e.1676/value - {"text":"Romania"}
COMMAND: GET /session/be4790d44c8003a2500b5a2ec9bf0748/screenshot - {}
RESULT: {"text":"Romania"}
COMMAND: GET /session/be4790d44c8003a2500b5a2ec9bf0748/screenshot - {}
RESULT: {}
RESULT: {}
COMMAND: POST /session/be4790d44c8003a2500b5a2ec9bf0748/execute/async - {"script":"<script> [1562 bytes]","args":[{"selector":{"controlType":"sap.m.Button","viewName":"etm.portal.ui.manageyards.view.New","viewId":"application-manageyards-display-component---NewYard","properties":{"text":"Commercial"},"interaction":{"idSuffix":"BDI-content"}},"wdio_ui5_key":"etmportal.ui.manageyards.view.Newsap.m.Button{\"text\":\"Commercial\"}"}]}
RESULT: {"script":"<script> [1562 bytes]","args":[{"selector":{"controlType":"sap.m.Button","viewName":"etm.portal.ui.manageyards.view.New","viewId":"application-manageyards-display-component---NewYard","properties":{"text":"Commercial"},"interaction":{"idSuffix":"BDI-content"}},"wdio_ui5_key":"etmportal.ui.manageyards.view.Newsap.m.Button{\"text\":\"Commercial\"}"}]}
RESULT: undefined
COMMAND: POST /session/be4790d44c8003a2500b5a2ec9bf0748/element - {"using":"xpath","value":"//*[@id=\"application-manageyards-display-component---NewYard--ObjectPageLayout-anchBar-__section18-anchor\"]"}
RESULT: {"using":"xpath","value":"//*[@id=\"application-manageyards-display-component---NewYard--ObjectPageLayout-anchBar-__section18-anchor\"]"}
COMMAND: POST /session/be4790d44c8003a2500b5a2ec9bf0748/element/f.CB17890886CEBDD3BAA48AB18EF5A7DB.d.BDCED4F1FCA4100D9DCFC889AA07E5D3.e.1820/click - {}
RESULT: {}
COMMAND: GET /session/be4790d44c8003a2500b5a2ec9bf0748/screenshot - {}
RESULT: {}
COMMAND: POST /session/be4790d44c8003a2500b5a2ec9bf0748/element - {"using":"xpath","value":"//input[@id='application-manageyards-display-component---NewYard--addressEditDetailsCostObjectCstType-inner']"}
RESULT: {"using":"xpath","value":"//input[@id='application-manageyards-display-component---NewYard--addressEditDetailsCostObjectCstType-inner']"}
COMMAND: POST /session/be4790d44c8003a2500b5a2ec9bf0748/execute/sync - {"script":"<script> [8489 bytes]","args":[{"element-6066-11e4-a52e-4f735466cecf":"f.CB17890886CEBDD3BAA48AB18EF5A7DB.d.BDCED4F1FCA4100D9DCFC889AA07E5D3.e.1682","ELEMENT":"f.CB17890886CEBDD3BAA48AB18EF5A7DB.d.BDCED4F1FCA4100D9DCFC889AA07E5D3.e.1682"}]}
RESULT: {"script":"<script> [8489 bytes]","args":[{"element-6066-11e4-a52e-4f735466cecf":"f.CB17890886CEBDD3BAA48AB18EF5A7DB.d.BDCED4F1FCA4100D9DCFC889AA07E5D3.e.1682","ELEMENT":"f.CB17890886CEBDD3BAA48AB18EF5A7DB.d.BDCED4F1FCA4100D9DCFC889AA07E5D3.e.1682"}]}
COMMAND: POST /session/be4790d44c8003a2500b5a2ec9bf0748/element/f.CB17890886CEBDD3BAA48AB18EF5A7DB.d.BDCED4F1FCA4100D9DCFC889AA07E5D3.e.1682/clear - {}
COMMAND: GET /session/be4790d44c8003a2500b5a2ec9bf0748/screenshot - {}
RESULT: {}
COMMAND: POST /session/be4790d44c8003a2500b5a2ec9bf0748/element/f.CB17890886CEBDD3BAA48AB18EF5A7DB.d.BDCED4F1FCA4100D9DCFC889AA07E5D3.e.1682/value - {"text":"Cost"}
COMMAND: GET /session/be4790d44c8003a2500b5a2ec9bf0748/screenshot - {}
RESULT: {}
RESULT: {"text":"Cost"}
COMMAND: GET /session/be4790d44c8003a2500b5a2ec9bf0748/screenshot - {}
RESULT: {}
RESULT: {}
COMMAND: POST /session/be4790d44c8003a2500b5a2ec9bf0748/execute/async - {"script":"<script> [1562 bytes]","args":[{"selector":{"id":"application-manageyards-display-component---NewYard--addressNewCostObjectCstID","interaction":{"idSuffix":"inner"}},"wdio_ui5_key":"applicationmanageyards-display-component---NewYard--addressNewCostObjectCstID"}]}
RESULT: {"script":"<script> [1562 bytes]","args":[{"selector":{"id":"application-manageyards-display-component---NewYard--addressNewCostObjectCstID","interaction":{"idSuffix":"inner"}},"wdio_ui5_key":"applicationmanageyards-display-component---NewYard--addressNewCostObjectCstID"}]}
RESULT: undefined
COMMAND: POST /session/be4790d44c8003a2500b5a2ec9bf0748/execute/async - {"script":"<script> [776 bytes]","args":[{"enterText":"10001013","selector":{"id":"application-manageyards-display-component---NewYard--addressNewCostObjectCstID","interaction":{"idSuffix":"inner"}},"clearTextFirst":true,"interactionType":"ENTER_TEXT"}]}
RESULT: {"script":"<script> [776 bytes]","args":[{"enterText":"10001013","selector":{"id":"application-manageyards-display-component---NewYard--addressNewCostObjectCstID","interaction":{"idSuffix":"inner"}},"clearTextFirst":true,"interactionType":"ENTER_TEXT"}]}
COMMAND: POST /session/be4790d44c8003a2500b5a2ec9bf0748/actions - {"actions":[{"id":"action4","type":"key","parameters":{},"actions":[{"type":"keyDown","value":"î€‡"},{"type":"pause","duration":10},{"type":"keyUp","value":"î€‡"}]}]}
RESULT: {"actions":[{"id":"action4","type":"key","parameters":{},"actions":[{"type":"keyDown","value":"î€‡"},{"type":"pause","duration":10},{"type":"keyUp","value":"î€‡"}]}]}
COMMAND: POST /session/be4790d44c8003a2500b5a2ec9bf0748/execute/async - {"script":"<script> [1562 bytes]","args":[{"selector":{"id":"application-manageyards-display-component---NewYard--addressEditDetailsCurrency","interaction":{"idSuffix":"inner"}},"wdio_ui5_key":"applicationmanageyards-display-component---NewYard--addressEditDetailsCurrency"}]}
COMMAND: GET /session/be4790d44c8003a2500b5a2ec9bf0748/screenshot - {}
RESULT: {"script":"<script> [1562 bytes]","args":[{"selector":{"id":"application-manageyards-display-component---NewYard--addressEditDetailsCurrency","interaction":{"idSuffix":"inner"}},"wdio_ui5_key":"applicationmanageyards-display-component---NewYard--addressEditDetailsCurrency"}]}
RESULT: undefined
COMMAND: POST /session/be4790d44c8003a2500b5a2ec9bf0748/execute/async - {"script":"<script> [776 bytes]","args":[{"enterText":"Euro","selector":{"id":"application-manageyards-display-component---NewYard--addressEditDetailsCurrency","interaction":{"idSuffix":"inner"}},"clearTextFirst":true,"interactionType":"ENTER_TEXT"}]}
RESULT: {}
RESULT: {"script":"<script> [776 bytes]","args":[{"enterText":"Euro","selector":{"id":"application-manageyards-display-component---NewYard--addressEditDetailsCurrency","interaction":{"idSuffix":"inner"}},"clearTextFirst":true,"interactionType":"ENTER_TEXT"}]}
COMMAND: POST /session/be4790d44c8003a2500b5a2ec9bf0748/execute/async - {"script":"<script> [1562 bytes]","args":[{"selector":{"controlType":"sap.m.Input","viewName":"etm.portal.ui.manageyards.view.New","viewId":"application-manageyards-display-component---NewYard","bindingPath":{"path":"","propertyPath":"/CONTROLLING_AREA","modelName":"NewYardModel"},"interaction":{"idSuffix":"inner"}},"wdio_ui5_key":"etmportal.ui.manageyards.view.Newsap.m.Input{\"path\":\"\",\"propertyPath\":\"/CONTROLLING_AREA\",\"modelName\":\"NewYardModel\"}"}]}
RESULT: {"script":"<script> [1562 bytes]","args":[{"selector":{"controlType":"sap.m.Input","viewName":"etm.portal.ui.manageyards.view.New","viewId":"application-manageyards-display-component---NewYard","bindingPath":{"path":"","propertyPath":"/CONTROLLING_AREA","modelName":"NewYardModel"},"interaction":{"idSuffix":"inner"}},"wdio_ui5_key":"etmportal.ui.manageyards.view.Newsap.m.Input{\"path\":\"\",\"propertyPath\":\"/CONTROLLING_AREA\",\"modelName\":\"NewYardModel\"}"}]}
RESULT: undefined
COMMAND: POST /session/be4790d44c8003a2500b5a2ec9bf0748/execute/async - {"script":"<script> [776 bytes]","args":[{"enterText":"Z001","selector":{"controlType":"sap.m.Input","viewName":"etm.portal.ui.manageyards.view.New","viewId":"application-manageyards-display-component---NewYard","bindingPath":{"path":"","propertyPath":"/CONTROLLING_AREA","modelName":"NewYardModel"},"interaction":{"idSuffix":"inner"}},"clearTextFirst":true,"interactionType":"ENTER_TEXT"}]}
RESULT: {"script":"<script> [776 bytes]","args":[{"enterText":"Z001","selector":{"controlType":"sap.m.Input","viewName":"etm.portal.ui.manageyards.view.New","viewId":"application-manageyards-display-component---NewYard","bindingPath":{"path":"","propertyPath":"/CONTROLLING_AREA","modelName":"NewYardModel"},"interaction":{"idSuffix":"inner"}},"clearTextFirst":true,"interactionType":"ENTER_TEXT"}]}
COMMAND: POST /session/be4790d44c8003a2500b5a2ec9bf0748/execute/async - {"script":"<script> [1562 bytes]","args":[{"selector":{"id":"application-manageyards-display-component---NewYard--companyCodeComboBox","interaction":{"idSuffix":"inner"}},"wdio_ui5_key":"applicationmanageyards-display-component---NewYard--companyCodeComboBox"}]}
RESULT: {"script":"<script> [1562 bytes]","args":[{"selector":{"id":"application-manageyards-display-component---NewYard--companyCodeComboBox","interaction":{"idSuffix":"inner"}},"wdio_ui5_key":"applicationmanageyards-display-component---NewYard--companyCodeComboBox"}]}
RESULT: undefined
COMMAND: POST /session/be4790d44c8003a2500b5a2ec9bf0748/execute/async - {"script":"<script> [776 bytes]","args":[{"enterText":"1000","selector":{"id":"application-manageyards-display-component---NewYard--companyCodeComboBox","interaction":{"idSuffix":"inner"}},"clearTextFirst":true,"interactionType":"ENTER_TEXT"}]}
RESULT: {"script":"<script> [776 bytes]","args":[{"enterText":"1000","selector":{"id":"application-manageyards-display-component---NewYard--companyCodeComboBox","interaction":{"idSuffix":"inner"}},"clearTextFirst":true,"interactionType":"ENTER_TEXT"}]}
COMMAND: POST /session/be4790d44c8003a2500b5a2ec9bf0748/actions - {"actions":[{"id":"action5","type":"key","parameters":{},"actions":[{"type":"keyDown","value":"î€‡"},{"type":"pause","duration":10},{"type":"keyUp","value":"î€‡"}]}]}
RESULT: {"actions":[{"id":"action5","type":"key","parameters":{},"actions":[{"type":"keyDown","value":"î€‡"},{"type":"pause","duration":10},{"type":"keyUp","value":"î€‡"}]}]}
COMMAND: POST /session/be4790d44c8003a2500b5a2ec9bf0748/execute/async - {"script":"<script> [1562 bytes]","args":[{"selector":{"controlType":"sap.m.Input","viewName":"etm.portal.ui.manageyards.view.New","viewId":"application-manageyards-display-component---NewYard","bindingPath":{"path":"","propertyPath":"/PLANT","modelName":"NewYardModel"},"interaction":{"idSuffix":"inner"}},"wdio_ui5_key":"etmportal.ui.manageyards.view.Newsap.m.Input{\"path\":\"\",\"propertyPath\":\"/PLANT\",\"modelName\":\"NewYardModel\"}"}]}
COMMAND: GET /session/be4790d44c8003a2500b5a2ec9bf0748/screenshot - {}
RESULT: {"script":"<script> [1562 bytes]","args":[{"selector":{"controlType":"sap.m.Input","viewName":"etm.portal.ui.manageyards.view.New","viewId":"application-manageyards-display-component---NewYard","bindingPath":{"path":"","propertyPath":"/PLANT","modelName":"NewYardModel"},"interaction":{"idSuffix":"inner"}},"wdio_ui5_key":"etmportal.ui.manageyards.view.Newsap.m.Input{\"path\":\"\",\"propertyPath\":\"/PLANT\",\"modelName\":\"NewYardModel\"}"}]}
RESULT: undefined
COMMAND: POST /session/be4790d44c8003a2500b5a2ec9bf0748/execute/async - {"script":"<script> [776 bytes]","args":[{"enterText":"1001","selector":{"controlType":"sap.m.Input","viewName":"etm.portal.ui.manageyards.view.New","viewId":"application-manageyards-display-component---NewYard","bindingPath":{"path":"","propertyPath":"/PLANT","modelName":"NewYardModel"},"interaction":{"idSuffix":"inner"}},"clearTextFirst":true,"interactionType":"ENTER_TEXT"}]}
RESULT: {}
RESULT: {"script":"<script> [776 bytes]","args":[{"enterText":"1001","selector":{"controlType":"sap.m.Input","viewName":"etm.portal.ui.manageyards.view.New","viewId":"application-manageyards-display-component---NewYard","bindingPath":{"path":"","propertyPath":"/PLANT","modelName":"NewYardModel"},"interaction":{"idSuffix":"inner"}},"clearTextFirst":true,"interactionType":"ENTER_TEXT"}]}
COMMAND: POST /session/be4790d44c8003a2500b5a2ec9bf0748/execute/async - {"script":"<script> [1562 bytes]","args":[{"selector":{"controlType":"sap.m.Input","viewName":"etm.portal.ui.manageyards.view.New","viewId":"application-manageyards-display-component---NewYard","bindingPath":{"path":"","propertyPath":"/SALES_AREA_VKORG","modelName":"NewYardModel"},"interaction":{"idSuffix":"inner"}},"wdio_ui5_key":"etmportal.ui.manageyards.view.Newsap.m.Input{\"path\":\"\",\"propertyPath\":\"/SALES_AREA_VKORG\",\"modelName\":\"NewYardModel\"}"}]}
RESULT: {"script":"<script> [1562 bytes]","args":[{"selector":{"controlType":"sap.m.Input","viewName":"etm.portal.ui.manageyards.view.New","viewId":"application-manageyards-display-component---NewYard","bindingPath":{"path":"","propertyPath":"/SALES_AREA_VKORG","modelName":"NewYardModel"},"interaction":{"idSuffix":"inner"}},"wdio_ui5_key":"etmportal.ui.manageyards.view.Newsap.m.Input{\"path\":\"\",\"propertyPath\":\"/SALES_AREA_VKORG\",\"modelName\":\"NewYardModel\"}"}]}
RESULT: undefined
COMMAND: POST /session/be4790d44c8003a2500b5a2ec9bf0748/execute/async - {"script":"<script> [776 bytes]","args":[{"enterText":"C002","selector":{"controlType":"sap.m.Input","viewName":"etm.portal.ui.manageyards.view.New","viewId":"application-manageyards-display-component---NewYard","bindingPath":{"path":"","propertyPath":"/SALES_AREA_VKORG","modelName":"NewYardModel"},"interaction":{"idSuffix":"inner"}},"clearTextFirst":true,"interactionType":"ENTER_TEXT"}]}
RESULT: {"script":"<script> [776 bytes]","args":[{"enterText":"C002","selector":{"controlType":"sap.m.Input","viewName":"etm.portal.ui.manageyards.view.New","viewId":"application-manageyards-display-component---NewYard","bindingPath":{"path":"","propertyPath":"/SALES_AREA_VKORG","modelName":"NewYardModel"},"interaction":{"idSuffix":"inner"}},"clearTextFirst":true,"interactionType":"ENTER_TEXT"}]}
COMMAND: POST /session/be4790d44c8003a2500b5a2ec9bf0748/execute/async - {"script":"<script> [1562 bytes]","args":[{"selector":{"controlType":"sap.m.Input","viewName":"etm.portal.ui.manageyards.view.New","viewId":"application-manageyards-display-component---NewYard","bindingPath":{"path":"","propertyPath":"/SALES_AREA_VTWEG","modelName":"NewYardModel"},"interaction":{"idSuffix":"inner"}},"wdio_ui5_key":"etmportal.ui.manageyards.view.Newsap.m.Input{\"path\":\"\",\"propertyPath\":\"/SALES_AREA_VTWEG\",\"modelName\":\"NewYardModel\"}"}]}
RESULT: {"script":"<script> [1562 bytes]","args":[{"selector":{"controlType":"sap.m.Input","viewName":"etm.portal.ui.manageyards.view.New","viewId":"application-manageyards-display-component---NewYard","bindingPath":{"path":"","propertyPath":"/SALES_AREA_VTWEG","modelName":"NewYardModel"},"interaction":{"idSuffix":"inner"}},"wdio_ui5_key":"etmportal.ui.manageyards.view.Newsap.m.Input{\"path\":\"\",\"propertyPath\":\"/SALES_AREA_VTWEG\",\"modelName\":\"NewYardModel\"}"}]}
RESULT: undefined
COMMAND: POST /session/be4790d44c8003a2500b5a2ec9bf0748/execute/async - {"script":"<script> [776 bytes]","args":[{"enterText":"C2","selector":{"controlType":"sap.m.Input","viewName":"etm.portal.ui.manageyards.view.New","viewId":"application-manageyards-display-component---NewYard","bindingPath":{"path":"","propertyPath":"/SALES_AREA_VTWEG","modelName":"NewYardModel"},"interaction":{"idSuffix":"inner"}},"clearTextFirst":true,"interactionType":"ENTER_TEXT"}]}
RESULT: {"script":"<script> [776 bytes]","args":[{"enterText":"C2","selector":{"controlType":"sap.m.Input","viewName":"etm.portal.ui.manageyards.view.New","viewId":"application-manageyards-display-component---NewYard","bindingPath":{"path":"","propertyPath":"/SALES_AREA_VTWEG","modelName":"NewYardModel"},"interaction":{"idSuffix":"inner"}},"clearTextFirst":true,"interactionType":"ENTER_TEXT"}]}
COMMAND: POST /session/be4790d44c8003a2500b5a2ec9bf0748/execute/async - {"script":"<script> [1562 bytes]","args":[{"selector":{"controlType":"sap.m.Input","viewName":"etm.portal.ui.manageyards.view.New","viewId":"application-manageyards-display-component---NewYard","bindingPath":{"path":"","propertyPath":"/SALES_AREA_SPART","modelName":"NewYardModel"},"interaction":{"idSuffix":"inner"}},"wdio_ui5_key":"etmportal.ui.manageyards.view.Newsap.m.Input{\"path\":\"\",\"propertyPath\":\"/SALES_AREA_SPART\",\"modelName\":\"NewYardModel\"}"}]}
RESULT: {"script":"<script> [1562 bytes]","args":[{"selector":{"controlType":"sap.m.Input","viewName":"etm.portal.ui.manageyards.view.New","viewId":"application-manageyards-display-component---NewYard","bindingPath":{"path":"","propertyPath":"/SALES_AREA_SPART","modelName":"NewYardModel"},"interaction":{"idSuffix":"inner"}},"wdio_ui5_key":"etmportal.ui.manageyards.view.Newsap.m.Input{\"path\":\"\",\"propertyPath\":\"/SALES_AREA_SPART\",\"modelName\":\"NewYardModel\"}"}]}
RESULT: undefined
COMMAND: POST /session/be4790d44c8003a2500b5a2ec9bf0748/execute/async - {"script":"<script> [776 bytes]","args":[{"enterText":"C2","selector":{"controlType":"sap.m.Input","viewName":"etm.portal.ui.manageyards.view.New","viewId":"application-manageyards-display-component---NewYard","bindingPath":{"path":"","propertyPath":"/SALES_AREA_SPART","modelName":"NewYardModel"},"interaction":{"idSuffix":"inner"}},"clearTextFirst":true,"interactionType":"ENTER_TEXT"}]}
RESULT: {"script":"<script> [776 bytes]","args":[{"enterText":"C2","selector":{"controlType":"sap.m.Input","viewName":"etm.portal.ui.manageyards.view.New","viewId":"application-manageyards-display-component---NewYard","bindingPath":{"path":"","propertyPath":"/SALES_AREA_SPART","modelName":"NewYardModel"},"interaction":{"idSuffix":"inner"}},"clearTextFirst":true,"interactionType":"ENTER_TEXT"}]}
COMMAND: POST /session/be4790d44c8003a2500b5a2ec9bf0748/execute/async - {"script":"<script> [1562 bytes]","args":[{"selector":{"id":"application-manageyards-display-component---NewYard--whmCheckBox","interaction":{"idSuffix":"CbBg"}},"wdio_ui5_key":"applicationmanageyards-display-component---NewYard--whmCheckBox"}]}
RESULT: {"script":"<script> [1562 bytes]","args":[{"selector":{"id":"application-manageyards-display-component---NewYard--whmCheckBox","interaction":{"idSuffix":"CbBg"}},"wdio_ui5_key":"applicationmanageyards-display-component---NewYard--whmCheckBox"}]}
RESULT: undefined
COMMAND: POST /session/be4790d44c8003a2500b5a2ec9bf0748/element - {"using":"xpath","value":"//*[@id=\"application-manageyards-display-component---NewYard--whmCheckBox\"]"}
RESULT: {"using":"xpath","value":"//*[@id=\"application-manageyards-display-component---NewYard--whmCheckBox\"]"}
COMMAND: POST /session/be4790d44c8003a2500b5a2ec9bf0748/element/f.CB17890886CEBDD3BAA48AB18EF5A7DB.d.BDCED4F1FCA4100D9DCFC889AA07E5D3.e.1843/click - {}
RESULT: {}
COMMAND: POST /session/be4790d44c8003a2500b5a2ec9bf0748/execute/async - {"script":"<script> [1562 bytes]","args":[{"selector":{"controlType":"sap.m.Button","viewName":"etm.portal.ui.manageyards.view.New","viewId":"application-manageyards-display-component---NewYard","i18NText":{"propertyName":"text","key":"save"},"interaction":{"idSuffix":"inner"}},"wdio_ui5_key":"etmportal.ui.manageyards.view.Newsap.m.Button{\"propertyName\":\"text\",\"key\":\"save\"}"}]}
COMMAND: GET /session/be4790d44c8003a2500b5a2ec9bf0748/screenshot - {}
RESULT: {"script":"<script> [1562 bytes]","args":[{"selector":{"controlType":"sap.m.Button","viewName":"etm.portal.ui.manageyards.view.New","viewId":"application-manageyards-display-component---NewYard","i18NText":{"propertyName":"text","key":"save"},"interaction":{"idSuffix":"inner"}},"wdio_ui5_key":"etmportal.ui.manageyards.view.Newsap.m.Button{\"propertyName\":\"text\",\"key\":\"save\"}"}]}
RESULT: undefined
COMMAND: POST /session/be4790d44c8003a2500b5a2ec9bf0748/element - {"using":"xpath","value":"//*[@id=\"__button43\"]"}
RESULT: {}
RESULT: {"using":"xpath","value":"//*[@id=\"__button43\"]"}
COMMAND: POST /session/be4790d44c8003a2500b5a2ec9bf0748/element/f.CB17890886CEBDD3BAA48AB18EF5A7DB.d.BDCED4F1FCA4100D9DCFC889AA07E5D3.e.1809/click - {}
RESULT: {}
COMMAND: GET /session/be4790d44c8003a2500b5a2ec9bf0748/screenshot - {}
RESULT: {}
COMMAND: POST /session/be4790d44c8003a2500b5a2ec9bf0748/element - {"using":"xpath","value":"//header/div/div/div/div/div/div[2]/div/span"}
RESULT: {"using":"xpath","value":"//header/div/div/div/div/div/div[2]/div/span"}
COMMAND: GET /session/be4790d44c8003a2500b5a2ec9bf0748/element/f.CB17890886CEBDD3BAA48AB18EF5A7DB.d.BDCED4F1FCA4100D9DCFC889AA07E5D3.e.1998/text - {}
RESULT: {}
COMMAND: POST /session/be4790d44c8003a2500b5a2ec9bf0748/element - {"using":"xpath","value":"//header/div/div[2]/div[2]/span"}
RESULT: {"using":"xpath","value":"//header/div/div[2]/div[2]/span"}
COMMAND: GET /session/be4790d44c8003a2500b5a2ec9bf0748/element/f.CB17890886CEBDD3BAA48AB18EF5A7DB.d.BDCED4F1FCA4100D9DCFC889AA07E5D3.e.1999/text - {}
RESULT: {}
COMMAND: POST /session/be4790d44c8003a2500b5a2ec9bf0748/element - {"using":"css selector","value":"#j_username"}
COMMAND: POST /session/be4790d44c8003a2500b5a2ec9bf0748/url - {"url":"https://qa-testing-00-live-etm-ui.cfapps.eu10-004.hana.ondemand.com/"}
RESULT: {"using":"css selector","value":"#j_username"}
COMMAND: POST /session/be4790d44c8003a2500b5a2ec9bf0748/element - {"using":"css selector","value":"#j_username"}
RESULT: {"url":"https://qa-testing-00-live-etm-ui.cfapps.eu10-004.hana.ondemand.com/"}
RESULT: undefined
COMMAND: GET /session/be4790d44c8003a2500b5a2ec9bf0748/screenshot - {}
RESULT: {"using":"css selector","value":"#j_username"}
COMMAND: POST /session/be4790d44c8003a2500b5a2ec9bf0748/element - {"using":"css selector","value":"#shell-header-logo"}
RESULT: {}
RESULT: {"using":"css selector","value":"#shell-header-logo"}
COMMAND: POST /session/be4790d44c8003a2500b5a2ec9bf0748/execute/sync - {"script":"<script> [8489 bytes]","args":[{"element-6066-11e4-a52e-4f735466cecf":"f.CB17890886CEBDD3BAA48AB18EF5A7DB.d.2063A3C1E2E95AB5F68F68655B906BFF.e.2010","ELEMENT":"f.CB17890886CEBDD3BAA48AB18EF5A7DB.d.2063A3C1E2E95AB5F68F68655B906BFF.e.2010"}]}
RESULT: {"script":"<script> [8489 bytes]","args":[{"element-6066-11e4-a52e-4f735466cecf":"f.CB17890886CEBDD3BAA48AB18EF5A7DB.d.2063A3C1E2E95AB5F68F68655B906BFF.e.2010","ELEMENT":"f.CB17890886CEBDD3BAA48AB18EF5A7DB.d.2063A3C1E2E95AB5F68F68655B906BFF.e.2010"}]}
COMMAND: POST /session/be4790d44c8003a2500b5a2ec9bf0748/element - {"using":"css selector","value":"#shell-header-logo"}
COMMAND: GET /session/be4790d44c8003a2500b5a2ec9bf0748/screenshot - {}
RESULT: {"using":"css selector","value":"#shell-header-logo"}
COMMAND: POST /session/be4790d44c8003a2500b5a2ec9bf0748/execute/sync - {"script":"<script> [8489 bytes]","args":[{"element-6066-11e4-a52e-4f735466cecf":"f.CB17890886CEBDD3BAA48AB18EF5A7DB.d.2063A3C1E2E95AB5F68F68655B906BFF.e.2010","ELEMENT":"f.CB17890886CEBDD3BAA48AB18EF5A7DB.d.2063A3C1E2E95AB5F68F68655B906BFF.e.2010"}]}
RESULT: {}
RESULT: {"script":"<script> [8489 bytes]","args":[{"element-6066-11e4-a52e-4f735466cecf":"f.CB17890886CEBDD3BAA48AB18EF5A7DB.d.2063A3C1E2E95AB5F68F68655B906BFF.e.2010","ELEMENT":"f.CB17890886CEBDD3BAA48AB18EF5A7DB.d.2063A3C1E2E95AB5F68F68655B906BFF.e.2010"}]}
COMMAND: POST /session/be4790d44c8003a2500b5a2ec9bf0748/execute/sync - {"script":"<script> [5351 bytes]","args":[{"element-6066-11e4-a52e-4f735466cecf":"f.CB17890886CEBDD3BAA48AB18EF5A7DB.d.2063A3C1E2E95AB5F68F68655B906BFF.e.2010","ELEMENT":"f.CB17890886CEBDD3BAA48AB18EF5A7DB.d.2063A3C1E2E95AB5F68F68655B906BFF.e.2010"}]}
COMMAND: GET /session/be4790d44c8003a2500b5a2ec9bf0748/screenshot - {}
RESULT: {"script":"<script> [5351 bytes]","args":[{"element-6066-11e4-a52e-4f735466cecf":"f.CB17890886CEBDD3BAA48AB18EF5A7DB.d.2063A3C1E2E95AB5F68F68655B906BFF.e.2010","ELEMENT":"f.CB17890886CEBDD3BAA48AB18EF5A7DB.d.2063A3C1E2E95AB5F68F68655B906BFF.e.2010"}]}
COMMAND: POST /session/be4790d44c8003a2500b5a2ec9bf0748/element - {"using":"css selector","value":"#shell-header-logo"}
COMMAND: GET /session/be4790d44c8003a2500b5a2ec9bf0748/screenshot - {}
RESULT: {}
RESULT: {"using":"css selector","value":"#shell-header-logo"}
COMMAND: POST /session/be4790d44c8003a2500b5a2ec9bf0748/element/f.CB17890886CEBDD3BAA48AB18EF5A7DB.d.2063A3C1E2E95AB5F68F68655B906BFF.e.2010/click - {}
RESULT: {}
RESULT: {}
COMMAND: GET /session/be4790d44c8003a2500b5a2ec9bf0748/screenshot - {}
RESULT: {}
COMMAND: POST /session/be4790d44c8003a2500b5a2ec9bf0748/execute/async - {"script":"<script> [189 bytes]","args":[]}
RESULT: {"script":"<script> [189 bytes]","args":[]}
COMMAND: POST /session/be4790d44c8003a2500b5a2ec9bf0748/execute/async - {"script":"<script> [123 bytes]","args":[]}
RESULT: {"script":"<script> [123 bytes]","args":[]}
COMMAND: POST /session/be4790d44c8003a2500b5a2ec9bf0748/timeouts - {"script":"<number>"}
RESULT: {"script":"<number>"}
COMMAND: GET /session/be4790d44c8003a2500b5a2ec9bf0748/timeouts - {}
RESULT: {}
RESULT: undefined
COMMAND: POST /session/be4790d44c8003a2500b5a2ec9bf0748/execute/async - {"script":"<script> [2676 bytes]","args":[]}
RESULT: {"script":"<script> [2676 bytes]","args":[]}
COMMAND: POST /session/be4790d44c8003a2500b5a2ec9bf0748/execute/async - {"script":"<script> [2342 bytes]","args":[{"protocol":"http","hostname":"0.0.0.0","path":"/","capabilities":{"browserName":"chrome","goog:chromeOptions":{"binary":"C:\\Program Files\\Google\\Chrome\\Application\\chrome.exe","args":["--start-maximized"]}},"logLevel":"warn","connectionRetryTimeout":120000,"connectionRetryCount":3,"logLevels":{},"enableDirectConnect":true,"strictSSL":true,"_":"65 more keys: [\"cacheDir\",\"port\",\"requestedCapabilities\",\"automationProtocol\",\"baseUrl\",\"waitforInterval\",\"waitforTimeout\",\"onReload\",\"beforeCommand\",\"afterCommand\",\"rootDir\",\"specs\",\"suites\",\"exclude\",\"groupLogsByTestSpec\",\"excludeDriverLogs\",\"bail\",\"framework\",\"reporters\",\"services\",\"maxInstances\",\"maxInstancesPerCapability\",\"injectGlobals\",\"filesToWatch\",\"execArgv\",\"runnerEnv\",\"runner\",\"shard\",\"specFileRetries\",\"specFileRetriesDelay\",\"specFileRetriesDeferred\",\"reporterSyncInterval\",\"reporterSyncTimeout\",\"cucumberFeaturesWithLineNumbers\",\"autoCompileOpts\",\"mochaOpts\",\"jasmineOpts\",\"cucumberOpts\",\"onPrepare\",\"onWorkerStart\",\"onWorkerEnd\",\"before\",\"beforeSession\",\"beforeSuite\",\"beforeHook\",\"beforeTest\",\"afterTest\",\"afterHook\",\"afterSuite\",\"afterSession\",\"after\",\"onComplete\",\"beforeAssertion\",\"afterAssertion\",\"beforeFeature\",\"beforeScenario\",\"beforeStep\",\"afterStep\",\"afterScenario\",\"afterFeature\",\"_\",\"suite\",\"$0\",\"ignoredWorkerServices\",\"wdi5\"]"}]}
RESULT: {"script":"<script> [2342 bytes]","args":[{"protocol":"http","hostname":"0.0.0.0","path":"/","capabilities":{"browserName":"chrome","goog:chromeOptions":{"binary":"C:\\Program Files\\Google\\Chrome\\Application\\chrome.exe","args":["--start-maximized"]}},"logLevel":"warn","connectionRetryTimeout":120000,"connectionRetryCount":3,"logLevels":{},"enableDirectConnect":true,"strictSSL":true,"_":"65 more keys: [\"cacheDir\",\"port\",\"requestedCapabilities\",\"automationProtocol\",\"baseUrl\",\"waitforInterval\",\"waitforTimeout\",\"onReload\",\"beforeCommand\",\"afterCommand\",\"rootDir\",\"specs\",\"suites\",\"exclude\",\"groupLogsByTestSpec\",\"excludeDriverLogs\",\"bail\",\"framework\",\"reporters\",\"services\",\"maxInstances\",\"maxInstancesPerCapability\",\"injectGlobals\",\"filesToWatch\",\"execArgv\",\"runnerEnv\",\"runner\",\"shard\",\"specFileRetries\",\"specFileRetriesDelay\",\"specFileRetriesDeferred\",\"reporterSyncInterval\",\"reporterSyncTimeout\",\"cucumberFeaturesWithLineNumbers\",\"autoCompileOpts\",\"mochaOpts\",\"jasmineOpts\",\"cucumberOpts\",\"onPrepare\",\"onWorkerStart\",\"onWorkerEnd\",\"before\",\"beforeSession\",\"beforeSuite\",\"beforeHook\",\"beforeTest\",\"afterTest\",\"afterHook\",\"afterSuite\",\"afterSession\",\"after\",\"onComplete\",\"beforeAssertion\",\"afterAssertion\",\"beforeFeature\",\"beforeScenario\",\"beforeStep\",\"afterStep\",\"afterScenario\",\"afterFeature\",\"_\",\"suite\",\"$0\",\"ignoredWorkerServices\",\"wdi5\"]"}]}
COMMAND: POST /session/be4790d44c8003a2500b5a2ec9bf0748/execute/async - {"script":"<script> [21126 bytes]","args":[35000]}
RESULT: {"script":"<script> [21126 bytes]","args":[35000]}
COMMAND: POST /session/be4790d44c8003a2500b5a2ec9bf0748/window/maximize - {}
RESULT: {}
COMMAND: POST /session/be4790d44c8003a2500b5a2ec9bf0748/execute/async - {"script":"<script> [1562 bytes]","args":[{"selector":{"id":"shell-header","interaction":{"idSuffix":"icon"}},"wdio_ui5_key":"shellheader"}]}
COMMAND: GET /session/be4790d44c8003a2500b5a2ec9bf0748/screenshot - {}
RESULT: {"script":"<script> [1562 bytes]","args":[{"selector":{"id":"shell-header","interaction":{"idSuffix":"icon"}},"wdio_ui5_key":"shellheader"}]}
RESULT: undefined
COMMAND: POST /session/be4790d44c8003a2500b5a2ec9bf0748/refresh - {}
RESULT: {}
RESULT: {}
COMMAND: GET /session/be4790d44c8003a2500b5a2ec9bf0748/screenshot - {}
RESULT: {}
COMMAND: POST /session/be4790d44c8003a2500b5a2ec9bf0748/refresh - {}
RESULT: {}
COMMAND: GET /session/be4790d44c8003a2500b5a2ec9bf0748/screenshot - {}
RESULT: {}
COMMAND: POST /session/be4790d44c8003a2500b5a2ec9bf0748/window/fullscreen - {}
RESULT: {}
COMMAND: POST /session/be4790d44c8003a2500b5a2ec9bf0748/execute/async - {"script":"<script> [189 bytes]","args":[]}
RESULT: {"script":"<script> [189 bytes]","args":[]}
COMMAND: POST /session/be4790d44c8003a2500b5a2ec9bf0748/execute/async - {"script":"<script> [123 bytes]","args":[]}
RESULT: {"script":"<script> [123 bytes]","args":[]}
COMMAND: POST /session/be4790d44c8003a2500b5a2ec9bf0748/timeouts - {"script":"<number>"}
RESULT: {"script":"<number>"}
COMMAND: GET /session/be4790d44c8003a2500b5a2ec9bf0748/timeouts - {}
RESULT: {}
RESULT: undefined
COMMAND: POST /session/be4790d44c8003a2500b5a2ec9bf0748/execute/async - {"script":"<script> [2676 bytes]","args":[]}
RESULT: {"script":"<script> [2676 bytes]","args":[]}
COMMAND: POST /session/be4790d44c8003a2500b5a2ec9bf0748/execute/async - {"script":"<script> [2342 bytes]","args":[{"protocol":"http","hostname":"0.0.0.0","path":"/","capabilities":{"browserName":"chrome","goog:chromeOptions":{"binary":"C:\\Program Files\\Google\\Chrome\\Application\\chrome.exe","args":["--start-maximized"]}},"logLevel":"warn","connectionRetryTimeout":120000,"connectionRetryCount":3,"logLevels":{},"enableDirectConnect":true,"strictSSL":true,"_":"65 more keys: [\"cacheDir\",\"port\",\"requestedCapabilities\",\"automationProtocol\",\"baseUrl\",\"waitforInterval\",\"waitforTimeout\",\"onReload\",\"beforeCommand\",\"afterCommand\",\"rootDir\",\"specs\",\"suites\",\"exclude\",\"groupLogsByTestSpec\",\"excludeDriverLogs\",\"bail\",\"framework\",\"reporters\",\"services\",\"maxInstances\",\"maxInstancesPerCapability\",\"injectGlobals\",\"filesToWatch\",\"execArgv\",\"runnerEnv\",\"runner\",\"shard\",\"specFileRetries\",\"specFileRetriesDelay\",\"specFileRetriesDeferred\",\"reporterSyncInterval\",\"reporterSyncTimeout\",\"cucumberFeaturesWithLineNumbers\",\"autoCompileOpts\",\"mochaOpts\",\"jasmineOpts\",\"cucumberOpts\",\"onPrepare\",\"onWorkerStart\",\"onWorkerEnd\",\"before\",\"beforeSession\",\"beforeSuite\",\"beforeHook\",\"beforeTest\",\"afterTest\",\"afterHook\",\"afterSuite\",\"afterSession\",\"after\",\"onComplete\",\"beforeAssertion\",\"afterAssertion\",\"beforeFeature\",\"beforeScenario\",\"beforeStep\",\"afterStep\",\"afterScenario\",\"afterFeature\",\"_\",\"suite\",\"$0\",\"ignoredWorkerServices\",\"wdi5\"]"}]}
RESULT: {"script":"<script> [2342 bytes]","args":[{"protocol":"http","hostname":"0.0.0.0","path":"/","capabilities":{"browserName":"chrome","goog:chromeOptions":{"binary":"C:\\Program Files\\Google\\Chrome\\Application\\chrome.exe","args":["--start-maximized"]}},"logLevel":"warn","connectionRetryTimeout":120000,"connectionRetryCount":3,"logLevels":{},"enableDirectConnect":true,"strictSSL":true,"_":"65 more keys: [\"cacheDir\",\"port\",\"requestedCapabilities\",\"automationProtocol\",\"baseUrl\",\"waitforInterval\",\"waitforTimeout\",\"onReload\",\"beforeCommand\",\"afterCommand\",\"rootDir\",\"specs\",\"suites\",\"exclude\",\"groupLogsByTestSpec\",\"excludeDriverLogs\",\"bail\",\"framework\",\"reporters\",\"services\",\"maxInstances\",\"maxInstancesPerCapability\",\"injectGlobals\",\"filesToWatch\",\"execArgv\",\"runnerEnv\",\"runner\",\"shard\",\"specFileRetries\",\"specFileRetriesDelay\",\"specFileRetriesDeferred\",\"reporterSyncInterval\",\"reporterSyncTimeout\",\"cucumberFeaturesWithLineNumbers\",\"autoCompileOpts\",\"mochaOpts\",\"jasmineOpts\",\"cucumberOpts\",\"onPrepare\",\"onWorkerStart\",\"onWorkerEnd\",\"before\",\"beforeSession\",\"beforeSuite\",\"beforeHook\",\"beforeTest\",\"afterTest\",\"afterHook\",\"afterSuite\",\"afterSession\",\"after\",\"onComplete\",\"beforeAssertion\",\"afterAssertion\",\"beforeFeature\",\"beforeScenario\",\"beforeStep\",\"afterStep\",\"afterScenario\",\"afterFeature\",\"_\",\"suite\",\"$0\",\"ignoredWorkerServices\",\"wdi5\"]"}]}
COMMAND: POST /session/be4790d44c8003a2500b5a2ec9bf0748/execute/async - {"script":"<script> [21126 bytes]","args":[35000]}
RESULT: {"script":"<script> [21126 bytes]","args":[35000]}
]]></system-out>
    </testcase>
  </testsuite>
  <testsuite timestamp="2025-05-05T05:44:36" time="254.802" tests="2" failures="0" errors="0" skipped="0">
    <properties>
      <property name="specId" value="0" />
      <property name="suiteName" value="Create partner US118246" />
      <property name="capabilities" value="chrome.135_0_7049_96.windows" />
      <property name="file" value="file:///D:/a/1/s/test/specs/BTS/create-partner.spec.js" />
    </properties>
    <testcase classname="chrome.135_0_7049_96.windows.Create_partner_US118246" name="Should create new external partner" time="110.073">
      <system-out><![CDATA[
COMMAND: POST /session/be4790d44c8003a2500b5a2ec9bf0748/window/fullscreen - {}
RESULT: {}
COMMAND: POST /session/be4790d44c8003a2500b5a2ec9bf0748/execute/async - {"script":"<script> [1562 bytes]","args":[{"selector":{"controlType":"sap.m.GenericTile","properties":{"header":"Manage Partners"}},"wdio_ui5_key":"sapm.GenericTile{\"header\":\"Manage Partners\"}"}]}
RESULT: {"script":"<script> [1562 bytes]","args":[{"selector":{"controlType":"sap.m.GenericTile","properties":{"header":"Manage Partners"}},"wdio_ui5_key":"sapm.GenericTile{\"header\":\"Manage Partners\"}"}]}
RESULT: undefined
COMMAND: POST /session/be4790d44c8003a2500b5a2ec9bf0748/element - {"using":"xpath","value":"//*[@id=\"__tile38\"]"}
RESULT: {"using":"xpath","value":"//*[@id=\"__tile38\"]"}
COMMAND: POST /session/be4790d44c8003a2500b5a2ec9bf0748/element/f.CB17890886CEBDD3BAA48AB18EF5A7DB.d.167A4EAAA132FAEE9C5FF686C1331DB7.e.2161/click - {}
RESULT: {}
COMMAND: POST /session/be4790d44c8003a2500b5a2ec9bf0748/element - {"using":"xpath","value":"//button[@data-kt=\"addButton\"]"}
COMMAND: GET /session/be4790d44c8003a2500b5a2ec9bf0748/screenshot - {}
RESULT: {"using":"xpath","value":"//button[@data-kt=\"addButton\"]"}
COMMAND: POST /session/be4790d44c8003a2500b5a2ec9bf0748/elements - {"using":"xpath","value":"//button[@data-kt=\"addButton\"]"}
RESULT: {}
RESULT: {"using":"xpath","value":"//button[@data-kt=\"addButton\"]"}
COMMAND: POST /session/be4790d44c8003a2500b5a2ec9bf0748/elements - {"using":"xpath","value":"//button[@data-kt=\"addButton\"]"}
RESULT: {"using":"xpath","value":"//button[@data-kt=\"addButton\"]"}
COMMAND: POST /session/be4790d44c8003a2500b5a2ec9bf0748/elements - {"using":"xpath","value":"//button[@data-kt=\"addButton\"]"}
RESULT: {"using":"xpath","value":"//button[@data-kt=\"addButton\"]"}
COMMAND: POST /session/be4790d44c8003a2500b5a2ec9bf0748/elements - {"using":"xpath","value":"//button[@data-kt=\"addButton\"]"}
RESULT: {"using":"xpath","value":"//button[@data-kt=\"addButton\"]"}
COMMAND: POST /session/be4790d44c8003a2500b5a2ec9bf0748/elements - {"using":"xpath","value":"//button[@data-kt=\"addButton\"]"}
RESULT: {"using":"xpath","value":"//button[@data-kt=\"addButton\"]"}
COMMAND: POST /session/be4790d44c8003a2500b5a2ec9bf0748/elements - {"using":"xpath","value":"//button[@data-kt=\"addButton\"]"}
RESULT: {"using":"xpath","value":"//button[@data-kt=\"addButton\"]"}
COMMAND: POST /session/be4790d44c8003a2500b5a2ec9bf0748/elements - {"using":"xpath","value":"//button[@data-kt=\"addButton\"]"}
RESULT: {"using":"xpath","value":"//button[@data-kt=\"addButton\"]"}
COMMAND: POST /session/be4790d44c8003a2500b5a2ec9bf0748/elements - {"using":"xpath","value":"//button[@data-kt=\"addButton\"]"}
RESULT: {"using":"xpath","value":"//button[@data-kt=\"addButton\"]"}
COMMAND: POST /session/be4790d44c8003a2500b5a2ec9bf0748/elements - {"using":"xpath","value":"//button[@data-kt=\"addButton\"]"}
RESULT: {"using":"xpath","value":"//button[@data-kt=\"addButton\"]"}
COMMAND: POST /session/be4790d44c8003a2500b5a2ec9bf0748/elements - {"using":"xpath","value":"//button[@data-kt=\"addButton\"]"}
RESULT: {"using":"xpath","value":"//button[@data-kt=\"addButton\"]"}
COMMAND: POST /session/be4790d44c8003a2500b5a2ec9bf0748/elements - {"using":"xpath","value":"//button[@data-kt=\"addButton\"]"}
RESULT: {"using":"xpath","value":"//button[@data-kt=\"addButton\"]"}
COMMAND: POST /session/be4790d44c8003a2500b5a2ec9bf0748/elements - {"using":"xpath","value":"//button[@data-kt=\"addButton\"]"}
RESULT: {"using":"xpath","value":"//button[@data-kt=\"addButton\"]"}
COMMAND: POST /session/be4790d44c8003a2500b5a2ec9bf0748/elements - {"using":"xpath","value":"//button[@data-kt=\"addButton\"]"}
RESULT: {"using":"xpath","value":"//button[@data-kt=\"addButton\"]"}
COMMAND: POST /session/be4790d44c8003a2500b5a2ec9bf0748/elements - {"using":"xpath","value":"//button[@data-kt=\"addButton\"]"}
RESULT: {"using":"xpath","value":"//button[@data-kt=\"addButton\"]"}
COMMAND: POST /session/be4790d44c8003a2500b5a2ec9bf0748/elements - {"using":"xpath","value":"//button[@data-kt=\"addButton\"]"}
RESULT: {"using":"xpath","value":"//button[@data-kt=\"addButton\"]"}
COMMAND: POST /session/be4790d44c8003a2500b5a2ec9bf0748/elements - {"using":"xpath","value":"//button[@data-kt=\"addButton\"]"}
RESULT: {"using":"xpath","value":"//button[@data-kt=\"addButton\"]"}
COMMAND: POST /session/be4790d44c8003a2500b5a2ec9bf0748/elements - {"using":"xpath","value":"//button[@data-kt=\"addButton\"]"}
RESULT: {"using":"xpath","value":"//button[@data-kt=\"addButton\"]"}
COMMAND: POST /session/be4790d44c8003a2500b5a2ec9bf0748/elements - {"using":"xpath","value":"//button[@data-kt=\"addButton\"]"}
RESULT: {"using":"xpath","value":"//button[@data-kt=\"addButton\"]"}
COMMAND: POST /session/be4790d44c8003a2500b5a2ec9bf0748/elements - {"using":"xpath","value":"//button[@data-kt=\"addButton\"]"}
RESULT: {"using":"xpath","value":"//button[@data-kt=\"addButton\"]"}
COMMAND: POST /session/be4790d44c8003a2500b5a2ec9bf0748/elements - {"using":"xpath","value":"//button[@data-kt=\"addButton\"]"}
RESULT: {"using":"xpath","value":"//button[@data-kt=\"addButton\"]"}
COMMAND: POST /session/be4790d44c8003a2500b5a2ec9bf0748/elements - {"using":"xpath","value":"//button[@data-kt=\"addButton\"]"}
RESULT: {"using":"xpath","value":"//button[@data-kt=\"addButton\"]"}
COMMAND: POST /session/be4790d44c8003a2500b5a2ec9bf0748/elements - {"using":"xpath","value":"//button[@data-kt=\"addButton\"]"}
RESULT: {"using":"xpath","value":"//button[@data-kt=\"addButton\"]"}
COMMAND: POST /session/be4790d44c8003a2500b5a2ec9bf0748/elements - {"using":"xpath","value":"//button[@data-kt=\"addButton\"]"}
RESULT: {"using":"xpath","value":"//button[@data-kt=\"addButton\"]"}
COMMAND: POST /session/be4790d44c8003a2500b5a2ec9bf0748/elements - {"using":"xpath","value":"//button[@data-kt=\"addButton\"]"}
RESULT: {"using":"xpath","value":"//button[@data-kt=\"addButton\"]"}
COMMAND: POST /session/be4790d44c8003a2500b5a2ec9bf0748/elements - {"using":"xpath","value":"//button[@data-kt=\"addButton\"]"}
RESULT: {"using":"xpath","value":"//button[@data-kt=\"addButton\"]"}
COMMAND: POST /session/be4790d44c8003a2500b5a2ec9bf0748/elements - {"using":"xpath","value":"//button[@data-kt=\"addButton\"]"}
RESULT: {"using":"xpath","value":"//button[@data-kt=\"addButton\"]"}
COMMAND: POST /session/be4790d44c8003a2500b5a2ec9bf0748/elements - {"using":"xpath","value":"//button[@data-kt=\"addButton\"]"}
RESULT: {"using":"xpath","value":"//button[@data-kt=\"addButton\"]"}
COMMAND: POST /session/be4790d44c8003a2500b5a2ec9bf0748/elements - {"using":"xpath","value":"//button[@data-kt=\"addButton\"]"}
RESULT: {"using":"xpath","value":"//button[@data-kt=\"addButton\"]"}
COMMAND: POST /session/be4790d44c8003a2500b5a2ec9bf0748/elements - {"using":"xpath","value":"//button[@data-kt=\"addButton\"]"}
RESULT: {"using":"xpath","value":"//button[@data-kt=\"addButton\"]"}
COMMAND: POST /session/be4790d44c8003a2500b5a2ec9bf0748/elements - {"using":"xpath","value":"//button[@data-kt=\"addButton\"]"}
RESULT: {"using":"xpath","value":"//button[@data-kt=\"addButton\"]"}
COMMAND: POST /session/be4790d44c8003a2500b5a2ec9bf0748/elements - {"using":"xpath","value":"//button[@data-kt=\"addButton\"]"}
RESULT: {"using":"xpath","value":"//button[@data-kt=\"addButton\"]"}
COMMAND: POST /session/be4790d44c8003a2500b5a2ec9bf0748/elements - {"using":"xpath","value":"//button[@data-kt=\"addButton\"]"}
RESULT: {"using":"xpath","value":"//button[@data-kt=\"addButton\"]"}
COMMAND: POST /session/be4790d44c8003a2500b5a2ec9bf0748/element - {"using":"xpath","value":"//button[@data-kt=\"addButton\"]"}
RESULT: {"using":"xpath","value":"//button[@data-kt=\"addButton\"]"}
COMMAND: POST /session/be4790d44c8003a2500b5a2ec9bf0748/execute/sync - {"script":"<script> [8489 bytes]","args":[{"element-6066-11e4-a52e-4f735466cecf":"f.CB17890886CEBDD3BAA48AB18EF5A7DB.d.167A4EAAA132FAEE9C5FF686C1331DB7.e.2302","ELEMENT":"f.CB17890886CEBDD3BAA48AB18EF5A7DB.d.167A4EAAA132FAEE9C5FF686C1331DB7.e.2302"}]}
RESULT: {"script":"<script> [8489 bytes]","args":[{"element-6066-11e4-a52e-4f735466cecf":"f.CB17890886CEBDD3BAA48AB18EF5A7DB.d.167A4EAAA132FAEE9C5FF686C1331DB7.e.2302","ELEMENT":"f.CB17890886CEBDD3BAA48AB18EF5A7DB.d.167A4EAAA132FAEE9C5FF686C1331DB7.e.2302"}]}
COMMAND: GET /session/be4790d44c8003a2500b5a2ec9bf0748/element/f.CB17890886CEBDD3BAA48AB18EF5A7DB.d.167A4EAAA132FAEE9C5FF686C1331DB7.e.2302/enabled - {}
COMMAND: GET /session/be4790d44c8003a2500b5a2ec9bf0748/screenshot - {}
RESULT: {}
COMMAND: POST /session/be4790d44c8003a2500b5a2ec9bf0748/execute/sync - {"script":"<script> [8489 bytes]","args":[{"element-6066-11e4-a52e-4f735466cecf":"f.CB17890886CEBDD3BAA48AB18EF5A7DB.d.167A4EAAA132FAEE9C5FF686C1331DB7.e.2302","ELEMENT":"f.CB17890886CEBDD3BAA48AB18EF5A7DB.d.167A4EAAA132FAEE9C5FF686C1331DB7.e.2302"}]}
COMMAND: GET /session/be4790d44c8003a2500b5a2ec9bf0748/screenshot - {}
RESULT: {}
RESULT: {"script":"<script> [8489 bytes]","args":[{"element-6066-11e4-a52e-4f735466cecf":"f.CB17890886CEBDD3BAA48AB18EF5A7DB.d.167A4EAAA132FAEE9C5FF686C1331DB7.e.2302","ELEMENT":"f.CB17890886CEBDD3BAA48AB18EF5A7DB.d.167A4EAAA132FAEE9C5FF686C1331DB7.e.2302"}]}
COMMAND: POST /session/be4790d44c8003a2500b5a2ec9bf0748/execute/sync - {"script":"<script> [5351 bytes]","args":[{"element-6066-11e4-a52e-4f735466cecf":"f.CB17890886CEBDD3BAA48AB18EF5A7DB.d.167A4EAAA132FAEE9C5FF686C1331DB7.e.2302","ELEMENT":"f.CB17890886CEBDD3BAA48AB18EF5A7DB.d.167A4EAAA132FAEE9C5FF686C1331DB7.e.2302"}]}
RESULT: {}
RESULT: {"script":"<script> [5351 bytes]","args":[{"element-6066-11e4-a52e-4f735466cecf":"f.CB17890886CEBDD3BAA48AB18EF5A7DB.d.167A4EAAA132FAEE9C5FF686C1331DB7.e.2302","ELEMENT":"f.CB17890886CEBDD3BAA48AB18EF5A7DB.d.167A4EAAA132FAEE9C5FF686C1331DB7.e.2302"}]}
COMMAND: POST /session/be4790d44c8003a2500b5a2ec9bf0748/element/f.CB17890886CEBDD3BAA48AB18EF5A7DB.d.167A4EAAA132FAEE9C5FF686C1331DB7.e.2302/click - {}
COMMAND: GET /session/be4790d44c8003a2500b5a2ec9bf0748/screenshot - {}
COMMAND: GET /session/be4790d44c8003a2500b5a2ec9bf0748/screenshot - {}
RESULT: {}
COMMAND: GET /session/be4790d44c8003a2500b5a2ec9bf0748/screenshot - {}
RESULT: {}
RESULT: {}
RESULT: {}
COMMAND: POST /session/be4790d44c8003a2500b5a2ec9bf0748/execute/async - {"script":"<script> [1562 bytes]","args":[{"selector":{"id":"application-managepartners-display-component---NewPartner--addressDetailDetailsName1","interaction":{"idSuffix":"inner"}},"wdio_ui5_key":"applicationmanagepartners-display-component---NewPartner--addressDetailDetailsName1"}]}
RESULT: {"script":"<script> [1562 bytes]","args":[{"selector":{"id":"application-managepartners-display-component---NewPartner--addressDetailDetailsName1","interaction":{"idSuffix":"inner"}},"wdio_ui5_key":"applicationmanagepartners-display-component---NewPartner--addressDetailDetailsName1"}]}
RESULT: undefined
COMMAND: POST /session/be4790d44c8003a2500b5a2ec9bf0748/execute/async - {"script":"<script> [776 bytes]","args":[{"enterText":"External Partner WDIO","selector":{"id":"application-managepartners-display-component---NewPartner--addressDetailDetailsName1","interaction":{"idSuffix":"inner"}},"clearTextFirst":true,"interactionType":"ENTER_TEXT"}]}
RESULT: {"script":"<script> [776 bytes]","args":[{"enterText":"External Partner WDIO","selector":{"id":"application-managepartners-display-component---NewPartner--addressDetailDetailsName1","interaction":{"idSuffix":"inner"}},"clearTextFirst":true,"interactionType":"ENTER_TEXT"}]}
COMMAND: POST /session/be4790d44c8003a2500b5a2ec9bf0748/execute/async - {"script":"<script> [1562 bytes]","args":[{"selector":{"id":"application-managepartners-display-component---NewPartner--addressDetailDetailsLanguage-arrow"},"wdio_ui5_key":"applicationmanagepartners-display-component---NewPartner--addressDetailDetailsLanguage-arrow"}]}
RESULT: {"script":"<script> [1562 bytes]","args":[{"selector":{"id":"application-managepartners-display-component---NewPartner--addressDetailDetailsLanguage-arrow"},"wdio_ui5_key":"applicationmanagepartners-display-component---NewPartner--addressDetailDetailsLanguage-arrow"}]}
RESULT: undefined
COMMAND: POST /session/be4790d44c8003a2500b5a2ec9bf0748/element - {"using":"xpath","value":"//*[@id=\"application-managepartners-display-component---NewPartner--addressDetailDetailsLanguage-arrow\"]"}
RESULT: {"using":"xpath","value":"//*[@id=\"application-managepartners-display-component---NewPartner--addressDetailDetailsLanguage-arrow\"]"}
COMMAND: POST /session/be4790d44c8003a2500b5a2ec9bf0748/element/f.CB17890886CEBDD3BAA48AB18EF5A7DB.d.167A4EAAA132FAEE9C5FF686C1331DB7.e.2757/click - {}
RESULT: {}
COMMAND: POST /session/be4790d44c8003a2500b5a2ec9bf0748/element - {"using":"xpath","value":"//span[contains(text(), \"English\")]"}
COMMAND: GET /session/be4790d44c8003a2500b5a2ec9bf0748/screenshot - {}
RESULT: {"using":"xpath","value":"//span[contains(text(), \"English\")]"}
COMMAND: POST /session/be4790d44c8003a2500b5a2ec9bf0748/element/f.CB17890886CEBDD3BAA48AB18EF5A7DB.d.167A4EAAA132FAEE9C5FF686C1331DB7.e.2758/click - {}
RESULT: {}
RESULT: {}
COMMAND: GET /session/be4790d44c8003a2500b5a2ec9bf0748/screenshot - {}
RESULT: {}
COMMAND: POST /session/be4790d44c8003a2500b5a2ec9bf0748/execute/async - {"script":"<script> [1562 bytes]","args":[{"selector":{"id":"application-managepartners-display-component---NewPartner--addressDetailDetailsCity1","interaction":{"idSuffix":"inner"}},"wdio_ui5_key":"applicationmanagepartners-display-component---NewPartner--addressDetailDetailsCity1"}]}
RESULT: {"script":"<script> [1562 bytes]","args":[{"selector":{"id":"application-managepartners-display-component---NewPartner--addressDetailDetailsCity1","interaction":{"idSuffix":"inner"}},"wdio_ui5_key":"applicationmanagepartners-display-component---NewPartner--addressDetailDetailsCity1"}]}
RESULT: undefined
COMMAND: POST /session/be4790d44c8003a2500b5a2ec9bf0748/execute/async - {"script":"<script> [776 bytes]","args":[{"enterText":"Rosario","selector":{"id":"application-managepartners-display-component---NewPartner--addressDetailDetailsCity1","interaction":{"idSuffix":"inner"}},"clearTextFirst":true,"interactionType":"ENTER_TEXT"}]}
RESULT: {"script":"<script> [776 bytes]","args":[{"enterText":"Rosario","selector":{"id":"application-managepartners-display-component---NewPartner--addressDetailDetailsCity1","interaction":{"idSuffix":"inner"}},"clearTextFirst":true,"interactionType":"ENTER_TEXT"}]}
COMMAND: POST /session/be4790d44c8003a2500b5a2ec9bf0748/execute/async - {"script":"<script> [1562 bytes]","args":[{"selector":{"id":"application-managepartners-display-component---NewPartner--addressDetailDetailsCountry-arrow"},"wdio_ui5_key":"applicationmanagepartners-display-component---NewPartner--addressDetailDetailsCountry-arrow"}]}
RESULT: {"script":"<script> [1562 bytes]","args":[{"selector":{"id":"application-managepartners-display-component---NewPartner--addressDetailDetailsCountry-arrow"},"wdio_ui5_key":"applicationmanagepartners-display-component---NewPartner--addressDetailDetailsCountry-arrow"}]}
RESULT: undefined
COMMAND: POST /session/be4790d44c8003a2500b5a2ec9bf0748/element - {"using":"xpath","value":"//*[@id=\"application-managepartners-display-component---NewPartner--addressDetailDetailsCountry-arrow\"]"}
RESULT: {"using":"xpath","value":"//*[@id=\"application-managepartners-display-component---NewPartner--addressDetailDetailsCountry-arrow\"]"}
COMMAND: POST /session/be4790d44c8003a2500b5a2ec9bf0748/element/f.CB17890886CEBDD3BAA48AB18EF5A7DB.d.167A4EAAA132FAEE9C5FF686C1331DB7.e.2714/click - {}
RESULT: {}
COMMAND: POST /session/be4790d44c8003a2500b5a2ec9bf0748/element - {"using":"xpath","value":"//span[contains(text(), \"Argentina\")]"}
COMMAND: GET /session/be4790d44c8003a2500b5a2ec9bf0748/screenshot - {}
RESULT: {"using":"xpath","value":"//span[contains(text(), \"Argentina\")]"}
COMMAND: POST /session/be4790d44c8003a2500b5a2ec9bf0748/element/f.CB17890886CEBDD3BAA48AB18EF5A7DB.d.167A4EAAA132FAEE9C5FF686C1331DB7.e.2760/click - {}
RESULT: {}
RESULT: {}
COMMAND: GET /session/be4790d44c8003a2500b5a2ec9bf0748/screenshot - {}
RESULT: {}
COMMAND: POST /session/be4790d44c8003a2500b5a2ec9bf0748/element - {"using":"xpath","value":"//bdi[contains(text(), \"Commercial\")]"}
RESULT: {"using":"xpath","value":"//bdi[contains(text(), \"Commercial\")]"}
COMMAND: POST /session/be4790d44c8003a2500b5a2ec9bf0748/element/f.CB17890886CEBDD3BAA48AB18EF5A7DB.d.167A4EAAA132FAEE9C5FF686C1331DB7.e.2761/click - {}
RESULT: {}
COMMAND: GET /session/be4790d44c8003a2500b5a2ec9bf0748/screenshot - {}
RESULT: {}
COMMAND: POST /session/be4790d44c8003a2500b5a2ec9bf0748/execute/async - {"script":"<script> [1562 bytes]","args":[{"selector":{"id":"application-managepartners-display-component---NewPartner--partnerDetailInternal-arrow"},"wdio_ui5_key":"applicationmanagepartners-display-component---NewPartner--partnerDetailInternal-arrow"}]}
RESULT: {"script":"<script> [1562 bytes]","args":[{"selector":{"id":"application-managepartners-display-component---NewPartner--partnerDetailInternal-arrow"},"wdio_ui5_key":"applicationmanagepartners-display-component---NewPartner--partnerDetailInternal-arrow"}]}
RESULT: undefined
COMMAND: POST /session/be4790d44c8003a2500b5a2ec9bf0748/element - {"using":"xpath","value":"//*[@id=\"application-managepartners-display-component---NewPartner--partnerDetailInternal-arrow\"]"}
RESULT: {"using":"xpath","value":"//*[@id=\"application-managepartners-display-component---NewPartner--partnerDetailInternal-arrow\"]"}
COMMAND: POST /session/be4790d44c8003a2500b5a2ec9bf0748/element/f.CB17890886CEBDD3BAA48AB18EF5A7DB.d.167A4EAAA132FAEE9C5FF686C1331DB7.e.2767/click - {}
RESULT: {}
COMMAND: POST /session/be4790d44c8003a2500b5a2ec9bf0748/element - {"using":"xpath","value":"//span[contains(text(), \"External partner\")]"}
COMMAND: GET /session/be4790d44c8003a2500b5a2ec9bf0748/screenshot - {}
RESULT: {"using":"xpath","value":"//span[contains(text(), \"External partner\")]"}
COMMAND: POST /session/be4790d44c8003a2500b5a2ec9bf0748/element/f.CB17890886CEBDD3BAA48AB18EF5A7DB.d.167A4EAAA132FAEE9C5FF686C1331DB7.e.2768/click - {}
RESULT: {}
RESULT: {}
COMMAND: POST /session/be4790d44c8003a2500b5a2ec9bf0748/execute/async - {"script":"<script> [1562 bytes]","args":[{"selector":{"id":"application-managepartners-display-component---NewPartner--partnerDetailsCurrency-arrow"},"wdio_ui5_key":"applicationmanagepartners-display-component---NewPartner--partnerDetailsCurrency-arrow"}]}
COMMAND: GET /session/be4790d44c8003a2500b5a2ec9bf0748/screenshot - {}
RESULT: {"script":"<script> [1562 bytes]","args":[{"selector":{"id":"application-managepartners-display-component---NewPartner--partnerDetailsCurrency-arrow"},"wdio_ui5_key":"applicationmanagepartners-display-component---NewPartner--partnerDetailsCurrency-arrow"}]}
RESULT: undefined
COMMAND: POST /session/be4790d44c8003a2500b5a2ec9bf0748/element - {"using":"xpath","value":"//*[@id=\"application-managepartners-display-component---NewPartner--partnerDetailsCurrency-arrow\"]"}
RESULT: {}
RESULT: {"using":"xpath","value":"//*[@id=\"application-managepartners-display-component---NewPartner--partnerDetailsCurrency-arrow\"]"}
COMMAND: POST /session/be4790d44c8003a2500b5a2ec9bf0748/element/f.CB17890886CEBDD3BAA48AB18EF5A7DB.d.167A4EAAA132FAEE9C5FF686C1331DB7.e.2773/click - {}
RESULT: {}
COMMAND: POST /session/be4790d44c8003a2500b5a2ec9bf0748/element - {"using":"xpath","value":"//span[contains(text(), \"US Dollar\")]"}
COMMAND: GET /session/be4790d44c8003a2500b5a2ec9bf0748/screenshot - {}
RESULT: {"using":"xpath","value":"//span[contains(text(), \"US Dollar\")]"}
COMMAND: POST /session/be4790d44c8003a2500b5a2ec9bf0748/element/f.CB17890886CEBDD3BAA48AB18EF5A7DB.d.167A4EAAA132FAEE9C5FF686C1331DB7.e.2774/click - {}
RESULT: {}
RESULT: {}
COMMAND: GET /session/be4790d44c8003a2500b5a2ec9bf0748/screenshot - {}
RESULT: {}
COMMAND: POST /session/be4790d44c8003a2500b5a2ec9bf0748/element - {"using":"xpath","value":"//input[@id=\"application-managepartners-display-component---NewPartner--companyCodeComboBox-inner\"]"}
RESULT: {"using":"xpath","value":"//input[@id=\"application-managepartners-display-component---NewPartner--companyCodeComboBox-inner\"]"}
COMMAND: POST /session/be4790d44c8003a2500b5a2ec9bf0748/element/f.CB17890886CEBDD3BAA48AB18EF5A7DB.d.167A4EAAA132FAEE9C5FF686C1331DB7.e.2671/clear - {}
RESULT: {}
COMMAND: POST /session/be4790d44c8003a2500b5a2ec9bf0748/element/f.CB17890886CEBDD3BAA48AB18EF5A7DB.d.167A4EAAA132FAEE9C5FF686C1331DB7.e.2671/value - {"text":"C002"}
COMMAND: GET /session/be4790d44c8003a2500b5a2ec9bf0748/screenshot - {}
RESULT: {"text":"C002"}
COMMAND: GET /session/be4790d44c8003a2500b5a2ec9bf0748/screenshot - {}
RESULT: {}
RESULT: {}
COMMAND: POST /session/be4790d44c8003a2500b5a2ec9bf0748/element - {"using":"xpath","value":"//span[contains(text(), \"C002\")]"}
RESULT: {"using":"xpath","value":"//span[contains(text(), \"C002\")]"}
COMMAND: POST /session/be4790d44c8003a2500b5a2ec9bf0748/element/f.CB17890886CEBDD3BAA48AB18EF5A7DB.d.167A4EAAA132FAEE9C5FF686C1331DB7.e.2778/click - {}
RESULT: {}
COMMAND: GET /session/be4790d44c8003a2500b5a2ec9bf0748/screenshot - {}
RESULT: {}
COMMAND: POST /session/be4790d44c8003a2500b5a2ec9bf0748/execute/async - {"script":"<script> [1562 bytes]","args":[{"selector":{"id":"application-managepartners-display-component---NewPartner--btnAddTableRow-img"},"wdio_ui5_key":"applicationmanagepartners-display-component---NewPartner--btnAddTableRow-img"}]}
RESULT: {"script":"<script> [1562 bytes]","args":[{"selector":{"id":"application-managepartners-display-component---NewPartner--btnAddTableRow-img"},"wdio_ui5_key":"applicationmanagepartners-display-component---NewPartner--btnAddTableRow-img"}]}
RESULT: undefined
COMMAND: POST /session/be4790d44c8003a2500b5a2ec9bf0748/element - {"using":"xpath","value":"//*[@id=\"application-managepartners-display-component---NewPartner--btnAddTableRow-img\"]"}
RESULT: {"using":"xpath","value":"//*[@id=\"application-managepartners-display-component---NewPartner--btnAddTableRow-img\"]"}
COMMAND: POST /session/be4790d44c8003a2500b5a2ec9bf0748/element/f.CB17890886CEBDD3BAA48AB18EF5A7DB.d.167A4EAAA132FAEE9C5FF686C1331DB7.e.2779/click - {}
RESULT: {}
COMMAND: GET /session/be4790d44c8003a2500b5a2ec9bf0748/screenshot - {}
RESULT: {}
COMMAND: POST /session/be4790d44c8003a2500b5a2ec9bf0748/element - {"using":"xpath","value":"//input[@id=\"application-managepartners-display-component---NewPartner--assignmentYard-application-managepartners-display-component---NewPartner--assignmentsTable-0-inner\"]"}
RESULT: {"using":"xpath","value":"//input[@id=\"application-managepartners-display-component---NewPartner--assignmentYard-application-managepartners-display-component---NewPartner--assignmentsTable-0-inner\"]"}
COMMAND: POST /session/be4790d44c8003a2500b5a2ec9bf0748/element/f.CB17890886CEBDD3BAA48AB18EF5A7DB.d.167A4EAAA132FAEE9C5FF686C1331DB7.e.2782/clear - {}
RESULT: {}
COMMAND: POST /session/be4790d44c8003a2500b5a2ec9bf0748/element/f.CB17890886CEBDD3BAA48AB18EF5A7DB.d.167A4EAAA132FAEE9C5FF686C1331DB7.e.2782/value - {"text":"560"}
COMMAND: GET /session/be4790d44c8003a2500b5a2ec9bf0748/screenshot - {}
RESULT: {"text":"560"}
COMMAND: GET /session/be4790d44c8003a2500b5a2ec9bf0748/screenshot - {}
RESULT: {}
RESULT: {}
COMMAND: POST /session/be4790d44c8003a2500b5a2ec9bf0748/element - {"using":"xpath","value":"//li[.//span[text()='560']]"}
RESULT: {"using":"xpath","value":"//li[.//span[text()='560']]"}
COMMAND: POST /session/be4790d44c8003a2500b5a2ec9bf0748/element/f.CB17890886CEBDD3BAA48AB18EF5A7DB.d.167A4EAAA132FAEE9C5FF686C1331DB7.e.2790/click - {}
RESULT: {}
COMMAND: GET /session/be4790d44c8003a2500b5a2ec9bf0748/screenshot - {}
RESULT: {}
COMMAND: POST /session/be4790d44c8003a2500b5a2ec9bf0748/actions - {"actions":[{"id":"action6","type":"key","parameters":{},"actions":[{"type":"keyDown","value":"î€‡"},{"type":"pause","duration":10},{"type":"keyUp","value":"î€‡"}]}]}
RESULT: {"actions":[{"id":"action6","type":"key","parameters":{},"actions":[{"type":"keyDown","value":"î€‡"},{"type":"pause","duration":10},{"type":"keyUp","value":"î€‡"}]}]}
COMMAND: POST /session/be4790d44c8003a2500b5a2ec9bf0748/element - {"using":"xpath","value":"//td[contains(@id, \"assignmentsTable-0-cell2\")]/div/div"}
COMMAND: GET /session/be4790d44c8003a2500b5a2ec9bf0748/screenshot - {}
RESULT: {"using":"xpath","value":"//td[contains(@id, \"assignmentsTable-0-cell2\")]/div/div"}
COMMAND: POST /session/be4790d44c8003a2500b5a2ec9bf0748/element/f.CB17890886CEBDD3BAA48AB18EF5A7DB.d.167A4EAAA132FAEE9C5FF686C1331DB7.e.2793/click - {}
RESULT: {}
RESULT: {}
COMMAND: GET /session/be4790d44c8003a2500b5a2ec9bf0748/screenshot - {}
RESULT: {}
COMMAND: POST /session/be4790d44c8003a2500b5a2ec9bf0748/element - {"using":"xpath","value":"//button[@data-kt=\"saveButton\"]"}
RESULT: {"using":"xpath","value":"//button[@data-kt=\"saveButton\"]"}
COMMAND: POST /session/be4790d44c8003a2500b5a2ec9bf0748/element/f.CB17890886CEBDD3BAA48AB18EF5A7DB.d.167A4EAAA132FAEE9C5FF686C1331DB7.e.2735/click - {}
RESULT: {}
COMMAND: GET /session/be4790d44c8003a2500b5a2ec9bf0748/screenshot - {}
RESULT: {}
COMMAND: POST /session/be4790d44c8003a2500b5a2ec9bf0748/element - {"using":"xpath","value":"//header[contains(@id, 'ObjectPageLayout-headerTitle')]/div[1]/div[2]/div[2]/span[1]"}
RESULT: {"using":"xpath","value":"//header[contains(@id, 'ObjectPageLayout-headerTitle')]/div[1]/div[2]/div[2]/span[1]"}
COMMAND: POST /session/be4790d44c8003a2500b5a2ec9bf0748/elements - {"using":"xpath","value":"//header[contains(@id, 'ObjectPageLayout-headerTitle')]/div[1]/div[2]/div[2]/span[1]"}
RESULT: {"using":"xpath","value":"//header[contains(@id, 'ObjectPageLayout-headerTitle')]/div[1]/div[2]/div[2]/span[1]"}
COMMAND: POST /session/be4790d44c8003a2500b5a2ec9bf0748/execute/sync - {"script":"<script> [56 bytes]","args":[{"element-6066-11e4-a52e-4f735466cecf":"f.CB17890886CEBDD3BAA48AB18EF5A7DB.d.167A4EAAA132FAEE9C5FF686C1331DB7.e.2957","ELEMENT":"f.CB17890886CEBDD3BAA48AB18EF5A7DB.d.167A4EAAA132FAEE9C5FF686C1331DB7.e.2957"}]}
RESULT: {"script":"<script> [56 bytes]","args":[{"element-6066-11e4-a52e-4f735466cecf":"f.CB17890886CEBDD3BAA48AB18EF5A7DB.d.167A4EAAA132FAEE9C5FF686C1331DB7.e.2957","ELEMENT":"f.CB17890886CEBDD3BAA48AB18EF5A7DB.d.167A4EAAA132FAEE9C5FF686C1331DB7.e.2957"}]}
COMMAND: POST /session/be4790d44c8003a2500b5a2ec9bf0748/element - {"using":"css selector","value":"#shell-header-logo"}
COMMAND: GET /session/be4790d44c8003a2500b5a2ec9bf0748/screenshot - {}
RESULT: {"using":"css selector","value":"#shell-header-logo"}
COMMAND: POST /session/be4790d44c8003a2500b5a2ec9bf0748/element/f.CB17890886CEBDD3BAA48AB18EF5A7DB.d.167A4EAAA132FAEE9C5FF686C1331DB7.e.2267/click - {}
RESULT: {}
RESULT: {}
COMMAND: GET /session/be4790d44c8003a2500b5a2ec9bf0748/screenshot - {}
RESULT: {}
COMMAND: POST /session/be4790d44c8003a2500b5a2ec9bf0748/execute/sync - {"script":"<script> [299 bytes]","args":[["getModel","getResource"]]}
RESULT: {"script":"<script> [299 bytes]","args":[["getModel","getResource"]]}
COMMAND: GET /session/be4790d44c8003a2500b5a2ec9bf0748/screenshot - {}
]]></system-out>
    </testcase>
    <testcase classname="chrome.135_0_7049_96.windows.Create_partner_US118246" name="Should create new external WHM partner" time="93.155">
      <system-out><![CDATA[
COMMAND: POST /session/be4790d44c8003a2500b5a2ec9bf0748/window/fullscreen - {}
RESULT: {}
RESULT: undefined
COMMAND: POST /session/be4790d44c8003a2500b5a2ec9bf0748/element - {"using":"xpath","value":"//*[@id=\"__tile38\"]"}
RESULT: {}
RESULT: {"using":"xpath","value":"//*[@id=\"__tile38\"]"}
COMMAND: POST /session/be4790d44c8003a2500b5a2ec9bf0748/element/f.CB17890886CEBDD3BAA48AB18EF5A7DB.d.167A4EAAA132FAEE9C5FF686C1331DB7.e.2161/click - {}
RESULT: {}
COMMAND: POST /session/be4790d44c8003a2500b5a2ec9bf0748/element - {"using":"xpath","value":"//button[@data-kt=\"addButton\"]"}
COMMAND: GET /session/be4790d44c8003a2500b5a2ec9bf0748/screenshot - {}
RESULT: {"using":"xpath","value":"//button[@data-kt=\"addButton\"]"}
COMMAND: POST /session/be4790d44c8003a2500b5a2ec9bf0748/elements - {"using":"xpath","value":"//button[@data-kt=\"addButton\"]"}
RESULT: {}
RESULT: {"using":"xpath","value":"//button[@data-kt=\"addButton\"]"}
COMMAND: POST /session/be4790d44c8003a2500b5a2ec9bf0748/element - {"using":"xpath","value":"//button[@data-kt=\"addButton\"]"}
RESULT: {"using":"xpath","value":"//button[@data-kt=\"addButton\"]"}
COMMAND: POST /session/be4790d44c8003a2500b5a2ec9bf0748/execute/sync - {"script":"<script> [8489 bytes]","args":[{"element-6066-11e4-a52e-4f735466cecf":"f.CB17890886CEBDD3BAA48AB18EF5A7DB.d.167A4EAAA132FAEE9C5FF686C1331DB7.e.2994","ELEMENT":"f.CB17890886CEBDD3BAA48AB18EF5A7DB.d.167A4EAAA132FAEE9C5FF686C1331DB7.e.2994"}]}
RESULT: {"script":"<script> [8489 bytes]","args":[{"element-6066-11e4-a52e-4f735466cecf":"f.CB17890886CEBDD3BAA48AB18EF5A7DB.d.167A4EAAA132FAEE9C5FF686C1331DB7.e.2994","ELEMENT":"f.CB17890886CEBDD3BAA48AB18EF5A7DB.d.167A4EAAA132FAEE9C5FF686C1331DB7.e.2994"}]}
COMMAND: GET /session/be4790d44c8003a2500b5a2ec9bf0748/element/f.CB17890886CEBDD3BAA48AB18EF5A7DB.d.167A4EAAA132FAEE9C5FF686C1331DB7.e.2994/enabled - {}
COMMAND: GET /session/be4790d44c8003a2500b5a2ec9bf0748/screenshot - {}
RESULT: {}
COMMAND: POST /session/be4790d44c8003a2500b5a2ec9bf0748/execute/sync - {"script":"<script> [8489 bytes]","args":[{"element-6066-11e4-a52e-4f735466cecf":"f.CB17890886CEBDD3BAA48AB18EF5A7DB.d.167A4EAAA132FAEE9C5FF686C1331DB7.e.2994","ELEMENT":"f.CB17890886CEBDD3BAA48AB18EF5A7DB.d.167A4EAAA132FAEE9C5FF686C1331DB7.e.2994"}]}
COMMAND: GET /session/be4790d44c8003a2500b5a2ec9bf0748/screenshot - {}
RESULT: {}
RESULT: {"script":"<script> [8489 bytes]","args":[{"element-6066-11e4-a52e-4f735466cecf":"f.CB17890886CEBDD3BAA48AB18EF5A7DB.d.167A4EAAA132FAEE9C5FF686C1331DB7.e.2994","ELEMENT":"f.CB17890886CEBDD3BAA48AB18EF5A7DB.d.167A4EAAA132FAEE9C5FF686C1331DB7.e.2994"}]}
COMMAND: POST /session/be4790d44c8003a2500b5a2ec9bf0748/execute/sync - {"script":"<script> [5351 bytes]","args":[{"element-6066-11e4-a52e-4f735466cecf":"f.CB17890886CEBDD3BAA48AB18EF5A7DB.d.167A4EAAA132FAEE9C5FF686C1331DB7.e.2994","ELEMENT":"f.CB17890886CEBDD3BAA48AB18EF5A7DB.d.167A4EAAA132FAEE9C5FF686C1331DB7.e.2994"}]}
COMMAND: GET /session/be4790d44c8003a2500b5a2ec9bf0748/screenshot - {}
RESULT: {}
RESULT: {"script":"<script> [5351 bytes]","args":[{"element-6066-11e4-a52e-4f735466cecf":"f.CB17890886CEBDD3BAA48AB18EF5A7DB.d.167A4EAAA132FAEE9C5FF686C1331DB7.e.2994","ELEMENT":"f.CB17890886CEBDD3BAA48AB18EF5A7DB.d.167A4EAAA132FAEE9C5FF686C1331DB7.e.2994"}]}
COMMAND: POST /session/be4790d44c8003a2500b5a2ec9bf0748/element/f.CB17890886CEBDD3BAA48AB18EF5A7DB.d.167A4EAAA132FAEE9C5FF686C1331DB7.e.2994/click - {}
COMMAND: GET /session/be4790d44c8003a2500b5a2ec9bf0748/screenshot - {}
RESULT: {}
RESULT: {}
COMMAND: GET /session/be4790d44c8003a2500b5a2ec9bf0748/screenshot - {}
RESULT: undefined
COMMAND: POST /session/be4790d44c8003a2500b5a2ec9bf0748/execute/async - {"script":"<script> [776 bytes]","args":[{"enterText":"WHM Partner WDIO","selector":{"id":"application-managepartners-display-component---NewPartner--addressDetailDetailsName1","interaction":{"idSuffix":"inner"}},"clearTextFirst":true,"interactionType":"ENTER_TEXT"}]}
RESULT: {}
RESULT: {}
RESULT: {"script":"<script> [776 bytes]","args":[{"enterText":"WHM Partner WDIO","selector":{"id":"application-managepartners-display-component---NewPartner--addressDetailDetailsName1","interaction":{"idSuffix":"inner"}},"clearTextFirst":true,"interactionType":"ENTER_TEXT"}]}
RESULT: undefined
COMMAND: POST /session/be4790d44c8003a2500b5a2ec9bf0748/element - {"using":"xpath","value":"//*[@id=\"application-managepartners-display-component---NewPartner--addressDetailDetailsLanguage-arrow\"]"}
RESULT: {"using":"xpath","value":"//*[@id=\"application-managepartners-display-component---NewPartner--addressDetailDetailsLanguage-arrow\"]"}
COMMAND: POST /session/be4790d44c8003a2500b5a2ec9bf0748/element/f.CB17890886CEBDD3BAA48AB18EF5A7DB.d.167A4EAAA132FAEE9C5FF686C1331DB7.e.3434/click - {}
RESULT: {}
COMMAND: POST /session/be4790d44c8003a2500b5a2ec9bf0748/element - {"using":"xpath","value":"//span[contains(text(), \"English\")]"}
COMMAND: GET /session/be4790d44c8003a2500b5a2ec9bf0748/screenshot - {}
RESULT: {"using":"xpath","value":"//span[contains(text(), \"English\")]"}
COMMAND: POST /session/be4790d44c8003a2500b5a2ec9bf0748/element/f.CB17890886CEBDD3BAA48AB18EF5A7DB.d.167A4EAAA132FAEE9C5FF686C1331DB7.e.3435/click - {}
RESULT: {}
RESULT: {}
COMMAND: GET /session/be4790d44c8003a2500b5a2ec9bf0748/screenshot - {}
RESULT: {}
RESULT: undefined
COMMAND: POST /session/be4790d44c8003a2500b5a2ec9bf0748/execute/async - {"script":"<script> [776 bytes]","args":[{"enterText":"Rosario","selector":{"id":"application-managepartners-display-component---NewPartner--addressDetailDetailsCity1","interaction":{"idSuffix":"inner"}},"clearTextFirst":true,"interactionType":"ENTER_TEXT"}]}
RESULT: {"script":"<script> [776 bytes]","args":[{"enterText":"Rosario","selector":{"id":"application-managepartners-display-component---NewPartner--addressDetailDetailsCity1","interaction":{"idSuffix":"inner"}},"clearTextFirst":true,"interactionType":"ENTER_TEXT"}]}
RESULT: undefined
COMMAND: POST /session/be4790d44c8003a2500b5a2ec9bf0748/element - {"using":"xpath","value":"//*[@id=\"application-managepartners-display-component---NewPartner--addressDetailDetailsCountry-arrow\"]"}
RESULT: {"using":"xpath","value":"//*[@id=\"application-managepartners-display-component---NewPartner--addressDetailDetailsCountry-arrow\"]"}
COMMAND: POST /session/be4790d44c8003a2500b5a2ec9bf0748/element/f.CB17890886CEBDD3BAA48AB18EF5A7DB.d.167A4EAAA132FAEE9C5FF686C1331DB7.e.3395/click - {}
RESULT: {}
COMMAND: POST /session/be4790d44c8003a2500b5a2ec9bf0748/element - {"using":"xpath","value":"//span[contains(text(), \"Argentina\")]"}
COMMAND: GET /session/be4790d44c8003a2500b5a2ec9bf0748/screenshot - {}
RESULT: {"using":"xpath","value":"//span[contains(text(), \"Argentina\")]"}
COMMAND: POST /session/be4790d44c8003a2500b5a2ec9bf0748/element/f.CB17890886CEBDD3BAA48AB18EF5A7DB.d.167A4EAAA132FAEE9C5FF686C1331DB7.e.3436/click - {}
RESULT: {}
RESULT: {}
COMMAND: GET /session/be4790d44c8003a2500b5a2ec9bf0748/screenshot - {}
RESULT: {}
COMMAND: POST /session/be4790d44c8003a2500b5a2ec9bf0748/element - {"using":"xpath","value":"//bdi[contains(text(), \"Commercial\")]"}
RESULT: {"using":"xpath","value":"//bdi[contains(text(), \"Commercial\")]"}
COMMAND: POST /session/be4790d44c8003a2500b5a2ec9bf0748/element/f.CB17890886CEBDD3BAA48AB18EF5A7DB.d.167A4EAAA132FAEE9C5FF686C1331DB7.e.3437/click - {}
RESULT: {}
COMMAND: GET /session/be4790d44c8003a2500b5a2ec9bf0748/screenshot - {}
RESULT: {}
RESULT: undefined
COMMAND: POST /session/be4790d44c8003a2500b5a2ec9bf0748/element - {"using":"xpath","value":"//*[@id=\"application-managepartners-display-component---NewPartner--partnerDetailInternal-arrow\"]"}
RESULT: {"using":"xpath","value":"//*[@id=\"application-managepartners-display-component---NewPartner--partnerDetailInternal-arrow\"]"}
COMMAND: POST /session/be4790d44c8003a2500b5a2ec9bf0748/element/f.CB17890886CEBDD3BAA48AB18EF5A7DB.d.167A4EAAA132FAEE9C5FF686C1331DB7.e.3443/click - {}
RESULT: {}
COMMAND: POST /session/be4790d44c8003a2500b5a2ec9bf0748/element - {"using":"xpath","value":"//span[contains(text(), \"External partner\")]"}
COMMAND: GET /session/be4790d44c8003a2500b5a2ec9bf0748/screenshot - {}
RESULT: {"using":"xpath","value":"//span[contains(text(), \"External partner\")]"}
COMMAND: POST /session/be4790d44c8003a2500b5a2ec9bf0748/element/f.CB17890886CEBDD3BAA48AB18EF5A7DB.d.167A4EAAA132FAEE9C5FF686C1331DB7.e.3444/click - {}
RESULT: {}
RESULT: {}
RESULT: undefined
COMMAND: POST /session/be4790d44c8003a2500b5a2ec9bf0748/element - {"using":"xpath","value":"//*[@id=\"application-managepartners-display-component---NewPartner--partnerDetailsCurrency-arrow\"]"}
COMMAND: GET /session/be4790d44c8003a2500b5a2ec9bf0748/screenshot - {}
RESULT: {"using":"xpath","value":"//*[@id=\"application-managepartners-display-component---NewPartner--partnerDetailsCurrency-arrow\"]"}
COMMAND: POST /session/be4790d44c8003a2500b5a2ec9bf0748/element/f.CB17890886CEBDD3BAA48AB18EF5A7DB.d.167A4EAAA132FAEE9C5FF686C1331DB7.e.3449/click - {}
RESULT: {}
RESULT: {}
COMMAND: POST /session/be4790d44c8003a2500b5a2ec9bf0748/element - {"using":"xpath","value":"//span[contains(text(), \"US Dollar\")]"}
COMMAND: GET /session/be4790d44c8003a2500b5a2ec9bf0748/screenshot - {}
RESULT: {"using":"xpath","value":"//span[contains(text(), \"US Dollar\")]"}
COMMAND: POST /session/be4790d44c8003a2500b5a2ec9bf0748/element/f.CB17890886CEBDD3BAA48AB18EF5A7DB.d.167A4EAAA132FAEE9C5FF686C1331DB7.e.3450/click - {}
RESULT: {}
RESULT: {}
COMMAND: GET /session/be4790d44c8003a2500b5a2ec9bf0748/screenshot - {}
RESULT: {}
COMMAND: POST /session/be4790d44c8003a2500b5a2ec9bf0748/element - {"using":"xpath","value":"//input[@id=\"application-managepartners-display-component---NewPartner--companyCodeComboBox-inner\"]"}
RESULT: {"using":"xpath","value":"//input[@id=\"application-managepartners-display-component---NewPartner--companyCodeComboBox-inner\"]"}
COMMAND: POST /session/be4790d44c8003a2500b5a2ec9bf0748/element/f.CB17890886CEBDD3BAA48AB18EF5A7DB.d.167A4EAAA132FAEE9C5FF686C1331DB7.e.3348/clear - {}
RESULT: {}
COMMAND: POST /session/be4790d44c8003a2500b5a2ec9bf0748/element/f.CB17890886CEBDD3BAA48AB18EF5A7DB.d.167A4EAAA132FAEE9C5FF686C1331DB7.e.3348/value - {"text":"C002"}
COMMAND: GET /session/be4790d44c8003a2500b5a2ec9bf0748/screenshot - {}
RESULT: {"text":"C002"}
COMMAND: GET /session/be4790d44c8003a2500b5a2ec9bf0748/screenshot - {}
RESULT: {}
RESULT: {}
COMMAND: POST /session/be4790d44c8003a2500b5a2ec9bf0748/element - {"using":"xpath","value":"//span[contains(text(), \"C002\")]"}
RESULT: {"using":"xpath","value":"//span[contains(text(), \"C002\")]"}
COMMAND: POST /session/be4790d44c8003a2500b5a2ec9bf0748/element/f.CB17890886CEBDD3BAA48AB18EF5A7DB.d.167A4EAAA132FAEE9C5FF686C1331DB7.e.3454/click - {}
RESULT: {}
COMMAND: GET /session/be4790d44c8003a2500b5a2ec9bf0748/screenshot - {}
RESULT: {}
RESULT: undefined
COMMAND: POST /session/be4790d44c8003a2500b5a2ec9bf0748/element - {"using":"xpath","value":"//*[@id=\"application-managepartners-display-component---NewPartner--btnAddTableRow-img\"]"}
RESULT: {"using":"xpath","value":"//*[@id=\"application-managepartners-display-component---NewPartner--btnAddTableRow-img\"]"}
COMMAND: POST /session/be4790d44c8003a2500b5a2ec9bf0748/element/f.CB17890886CEBDD3BAA48AB18EF5A7DB.d.167A4EAAA132FAEE9C5FF686C1331DB7.e.3455/click - {}
RESULT: {}
COMMAND: GET /session/be4790d44c8003a2500b5a2ec9bf0748/screenshot - {}
RESULT: {}
COMMAND: POST /session/be4790d44c8003a2500b5a2ec9bf0748/element - {"using":"xpath","value":"//input[@id=\"application-managepartners-display-component---NewPartner--assignmentYard-application-managepartners-display-component---NewPartner--assignmentsTable-0-inner\"]"}
RESULT: {"using":"xpath","value":"//input[@id=\"application-managepartners-display-component---NewPartner--assignmentYard-application-managepartners-display-component---NewPartner--assignmentsTable-0-inner\"]"}
COMMAND: POST /session/be4790d44c8003a2500b5a2ec9bf0748/element/f.CB17890886CEBDD3BAA48AB18EF5A7DB.d.167A4EAAA132FAEE9C5FF686C1331DB7.e.3458/clear - {}
RESULT: {}
COMMAND: POST /session/be4790d44c8003a2500b5a2ec9bf0748/element/f.CB17890886CEBDD3BAA48AB18EF5A7DB.d.167A4EAAA132FAEE9C5FF686C1331DB7.e.3458/value - {"text":"561"}
COMMAND: GET /session/be4790d44c8003a2500b5a2ec9bf0748/screenshot - {}
RESULT: {"text":"561"}
COMMAND: GET /session/be4790d44c8003a2500b5a2ec9bf0748/screenshot - {}
RESULT: {}
RESULT: {}
COMMAND: POST /session/be4790d44c8003a2500b5a2ec9bf0748/element - {"using":"xpath","value":"//li[.//span[text()='561']]"}
RESULT: {"using":"xpath","value":"//li[.//span[text()='561']]"}
COMMAND: POST /session/be4790d44c8003a2500b5a2ec9bf0748/element/f.CB17890886CEBDD3BAA48AB18EF5A7DB.d.167A4EAAA132FAEE9C5FF686C1331DB7.e.3466/click - {}
RESULT: {}
COMMAND: GET /session/be4790d44c8003a2500b5a2ec9bf0748/screenshot - {}
RESULT: {}
COMMAND: POST /session/be4790d44c8003a2500b5a2ec9bf0748/actions - {"actions":[{"id":"action7","type":"key","parameters":{},"actions":[{"type":"keyDown","value":"î€‡"},{"type":"pause","duration":10},{"type":"keyUp","value":"î€‡"}]}]}
RESULT: {"actions":[{"id":"action7","type":"key","parameters":{},"actions":[{"type":"keyDown","value":"î€‡"},{"type":"pause","duration":10},{"type":"keyUp","value":"î€‡"}]}]}
COMMAND: POST /session/be4790d44c8003a2500b5a2ec9bf0748/element - {"using":"xpath","value":"//td[contains(@id, \"assignmentsTable-0-cell2\")]/div/div"}
COMMAND: GET /session/be4790d44c8003a2500b5a2ec9bf0748/screenshot - {}
RESULT: {"using":"xpath","value":"//td[contains(@id, \"assignmentsTable-0-cell2\")]/div/div"}
COMMAND: POST /session/be4790d44c8003a2500b5a2ec9bf0748/element/f.CB17890886CEBDD3BAA48AB18EF5A7DB.d.167A4EAAA132FAEE9C5FF686C1331DB7.e.3469/click - {}
RESULT: {}
RESULT: {}
COMMAND: GET /session/be4790d44c8003a2500b5a2ec9bf0748/screenshot - {}
RESULT: {}
COMMAND: POST /session/be4790d44c8003a2500b5a2ec9bf0748/element - {"using":"xpath","value":"//button[@data-kt=\"saveButton\"]"}
RESULT: {"using":"xpath","value":"//button[@data-kt=\"saveButton\"]"}
COMMAND: POST /session/be4790d44c8003a2500b5a2ec9bf0748/element/f.CB17890886CEBDD3BAA48AB18EF5A7DB.d.167A4EAAA132FAEE9C5FF686C1331DB7.e.3353/click - {}
RESULT: {}
COMMAND: GET /session/be4790d44c8003a2500b5a2ec9bf0748/screenshot - {}
RESULT: {}
COMMAND: POST /session/be4790d44c8003a2500b5a2ec9bf0748/element - {"using":"xpath","value":"//header[contains(@id, 'ObjectPageLayout-headerTitle')]/div[1]/div[2]/div[2]/span[1]"}
RESULT: {"using":"xpath","value":"//header[contains(@id, 'ObjectPageLayout-headerTitle')]/div[1]/div[2]/div[2]/span[1]"}
COMMAND: POST /session/be4790d44c8003a2500b5a2ec9bf0748/elements - {"using":"xpath","value":"//header[contains(@id, 'ObjectPageLayout-headerTitle')]/div[1]/div[2]/div[2]/span[1]"}
RESULT: {"using":"xpath","value":"//header[contains(@id, 'ObjectPageLayout-headerTitle')]/div[1]/div[2]/div[2]/span[1]"}
COMMAND: POST /session/be4790d44c8003a2500b5a2ec9bf0748/execute/sync - {"script":"<script> [56 bytes]","args":[{"element-6066-11e4-a52e-4f735466cecf":"f.CB17890886CEBDD3BAA48AB18EF5A7DB.d.167A4EAAA132FAEE9C5FF686C1331DB7.e.3628","ELEMENT":"f.CB17890886CEBDD3BAA48AB18EF5A7DB.d.167A4EAAA132FAEE9C5FF686C1331DB7.e.3628"}]}
RESULT: {"script":"<script> [56 bytes]","args":[{"element-6066-11e4-a52e-4f735466cecf":"f.CB17890886CEBDD3BAA48AB18EF5A7DB.d.167A4EAAA132FAEE9C5FF686C1331DB7.e.3628","ELEMENT":"f.CB17890886CEBDD3BAA48AB18EF5A7DB.d.167A4EAAA132FAEE9C5FF686C1331DB7.e.3628"}]}
COMMAND: POST /session/be4790d44c8003a2500b5a2ec9bf0748/element - {"using":"css selector","value":"#shell-header-logo"}
COMMAND: GET /session/be4790d44c8003a2500b5a2ec9bf0748/screenshot - {}
RESULT: {"using":"css selector","value":"#shell-header-logo"}
COMMAND: POST /session/be4790d44c8003a2500b5a2ec9bf0748/element/f.CB17890886CEBDD3BAA48AB18EF5A7DB.d.167A4EAAA132FAEE9C5FF686C1331DB7.e.2960/click - {}
RESULT: {}
RESULT: {}
COMMAND: GET /session/be4790d44c8003a2500b5a2ec9bf0748/screenshot - {}
RESULT: {}
COMMAND: POST /session/be4790d44c8003a2500b5a2ec9bf0748/execute/sync - {"script":"<script> [299 bytes]","args":[["getModel","getResource"]]}
RESULT: {"script":"<script> [299 bytes]","args":[["getModel","getResource"]]}
COMMAND: GET /session/be4790d44c8003a2500b5a2ec9bf0748/screenshot - {}
COMMAND: POST /session/be4790d44c8003a2500b5a2ec9bf0748/refresh - {}
RESULT: {}
RESULT: {}
COMMAND: GET /session/be4790d44c8003a2500b5a2ec9bf0748/screenshot - {}
RESULT: {}
COMMAND: POST /session/be4790d44c8003a2500b5a2ec9bf0748/refresh - {}
RESULT: {}
COMMAND: GET /session/be4790d44c8003a2500b5a2ec9bf0748/screenshot - {}
RESULT: {}
COMMAND: POST /session/be4790d44c8003a2500b5a2ec9bf0748/window/fullscreen - {}
RESULT: {}
COMMAND: POST /session/be4790d44c8003a2500b5a2ec9bf0748/execute/async - {"script":"<script> [189 bytes]","args":[]}
RESULT: {"script":"<script> [189 bytes]","args":[]}
COMMAND: POST /session/be4790d44c8003a2500b5a2ec9bf0748/execute/async - {"script":"<script> [123 bytes]","args":[]}
RESULT: {"script":"<script> [123 bytes]","args":[]}
COMMAND: POST /session/be4790d44c8003a2500b5a2ec9bf0748/timeouts - {"script":"<number>"}
RESULT: {"script":"<number>"}
COMMAND: GET /session/be4790d44c8003a2500b5a2ec9bf0748/timeouts - {}
RESULT: {}
RESULT: undefined
COMMAND: POST /session/be4790d44c8003a2500b5a2ec9bf0748/execute/async - {"script":"<script> [2676 bytes]","args":[]}
RESULT: {"script":"<script> [2676 bytes]","args":[]}
COMMAND: POST /session/be4790d44c8003a2500b5a2ec9bf0748/execute/async - {"script":"<script> [2342 bytes]","args":[{"protocol":"http","hostname":"0.0.0.0","path":"/","capabilities":{"browserName":"chrome","goog:chromeOptions":{"binary":"C:\\Program Files\\Google\\Chrome\\Application\\chrome.exe","args":["--start-maximized"]}},"logLevel":"warn","connectionRetryTimeout":120000,"connectionRetryCount":3,"logLevels":{},"enableDirectConnect":true,"strictSSL":true,"_":"65 more keys: [\"cacheDir\",\"port\",\"requestedCapabilities\",\"automationProtocol\",\"baseUrl\",\"waitforInterval\",\"waitforTimeout\",\"onReload\",\"beforeCommand\",\"afterCommand\",\"rootDir\",\"specs\",\"suites\",\"exclude\",\"groupLogsByTestSpec\",\"excludeDriverLogs\",\"bail\",\"framework\",\"reporters\",\"services\",\"maxInstances\",\"maxInstancesPerCapability\",\"injectGlobals\",\"filesToWatch\",\"execArgv\",\"runnerEnv\",\"runner\",\"shard\",\"specFileRetries\",\"specFileRetriesDelay\",\"specFileRetriesDeferred\",\"reporterSyncInterval\",\"reporterSyncTimeout\",\"cucumberFeaturesWithLineNumbers\",\"autoCompileOpts\",\"mochaOpts\",\"jasmineOpts\",\"cucumberOpts\",\"onPrepare\",\"onWorkerStart\",\"onWorkerEnd\",\"before\",\"beforeSession\",\"beforeSuite\",\"beforeHook\",\"beforeTest\",\"afterTest\",\"afterHook\",\"afterSuite\",\"afterSession\",\"after\",\"onComplete\",\"beforeAssertion\",\"afterAssertion\",\"beforeFeature\",\"beforeScenario\",\"beforeStep\",\"afterStep\",\"afterScenario\",\"afterFeature\",\"_\",\"suite\",\"$0\",\"ignoredWorkerServices\",\"wdi5\"]"}]}
RESULT: {"script":"<script> [2342 bytes]","args":[{"protocol":"http","hostname":"0.0.0.0","path":"/","capabilities":{"browserName":"chrome","goog:chromeOptions":{"binary":"C:\\Program Files\\Google\\Chrome\\Application\\chrome.exe","args":["--start-maximized"]}},"logLevel":"warn","connectionRetryTimeout":120000,"connectionRetryCount":3,"logLevels":{},"enableDirectConnect":true,"strictSSL":true,"_":"65 more keys: [\"cacheDir\",\"port\",\"requestedCapabilities\",\"automationProtocol\",\"baseUrl\",\"waitforInterval\",\"waitforTimeout\",\"onReload\",\"beforeCommand\",\"afterCommand\",\"rootDir\",\"specs\",\"suites\",\"exclude\",\"groupLogsByTestSpec\",\"excludeDriverLogs\",\"bail\",\"framework\",\"reporters\",\"services\",\"maxInstances\",\"maxInstancesPerCapability\",\"injectGlobals\",\"filesToWatch\",\"execArgv\",\"runnerEnv\",\"runner\",\"shard\",\"specFileRetries\",\"specFileRetriesDelay\",\"specFileRetriesDeferred\",\"reporterSyncInterval\",\"reporterSyncTimeout\",\"cucumberFeaturesWithLineNumbers\",\"autoCompileOpts\",\"mochaOpts\",\"jasmineOpts\",\"cucumberOpts\",\"onPrepare\",\"onWorkerStart\",\"onWorkerEnd\",\"before\",\"beforeSession\",\"beforeSuite\",\"beforeHook\",\"beforeTest\",\"afterTest\",\"afterHook\",\"afterSuite\",\"afterSession\",\"after\",\"onComplete\",\"beforeAssertion\",\"afterAssertion\",\"beforeFeature\",\"beforeScenario\",\"beforeStep\",\"afterStep\",\"afterScenario\",\"afterFeature\",\"_\",\"suite\",\"$0\",\"ignoredWorkerServices\",\"wdi5\"]"}]}
COMMAND: POST /session/be4790d44c8003a2500b5a2ec9bf0748/execute/async - {"script":"<script> [21126 bytes]","args":[35000]}
RESULT: {"script":"<script> [21126 bytes]","args":[35000]}
COMMAND: POST /session/be4790d44c8003a2500b5a2ec9bf0748/element - {"using":"css selector","value":"#shell-header-logo"}
RESULT: {"using":"css selector","value":"#shell-header-logo"}
COMMAND: POST /session/be4790d44c8003a2500b5a2ec9bf0748/element/f.CB17890886CEBDD3BAA48AB18EF5A7DB.d.2F1A98785FF740E308F294284A7E8434.e.3774/click - {}
RESULT: {}
COMMAND: GET /session/be4790d44c8003a2500b5a2ec9bf0748/screenshot - {}
RESULT: {}
COMMAND: POST /session/be4790d44c8003a2500b5a2ec9bf0748/execute/async - {"script":"<script> [1562 bytes]","args":[{"selector":{"controlType":"sap.m.GenericTile","properties":{"header":"Manage Sites"}},"wdio_ui5_key":"sapm.GenericTile{\"header\":\"Manage Sites\"}"}]}
RESULT: {"script":"<script> [1562 bytes]","args":[{"selector":{"controlType":"sap.m.GenericTile","properties":{"header":"Manage Sites"}},"wdio_ui5_key":"sapm.GenericTile{\"header\":\"Manage Sites\"}"}]}
RESULT: undefined
COMMAND: POST /session/be4790d44c8003a2500b5a2ec9bf0748/element - {"using":"xpath","value":"//*[@id=\"__tile32\"]"}
RESULT: {"using":"xpath","value":"//*[@id=\"__tile32\"]"}
COMMAND: POST /session/be4790d44c8003a2500b5a2ec9bf0748/element/f.CB17890886CEBDD3BAA48AB18EF5A7DB.d.2F1A98785FF740E308F294284A7E8434.e.3702/click - {}
RESULT: {}
]]></system-out>
    </testcase>
  </testsuite>
  <testsuite timestamp="2025-05-05T05:48:51" time="222.814" tests="2" failures="0" errors="0" skipped="0">
    <properties>
      <property name="specId" value="0" />
      <property name="suiteName" value="Create 2 sites US118246" />
      <property name="capabilities" value="chrome.135_0_7049_96.windows" />
      <property name="file" value="file:///D:/a/1/s/test/specs/R2C/create-site.spec.js" />
    </properties>
    <testcase classname="chrome.135_0_7049_96.windows.Create_2_sites_US118246" name="Should create new site" time="102.08">
      <system-out><![CDATA[
COMMAND: POST /session/be4790d44c8003a2500b5a2ec9bf0748/execute/async - {"script":"<script> [1562 bytes]","args":[{"selector":{"controlType":"sap.m.Title","viewName":"etm.portal.ui.managesites.view.Master","viewId":"application-managesites-display-component---masterSite","i18NText":{"propertyName":"text","key":"sites"}},"wdio_ui5_key":"etmportal.ui.managesites.view.Mastersap.m.Title{\"propertyName\":\"text\",\"key\":\"sites\"}"}]}
COMMAND: GET /session/be4790d44c8003a2500b5a2ec9bf0748/screenshot - {}
RESULT: {"script":"<script> [1562 bytes]","args":[{"selector":{"controlType":"sap.m.Title","viewName":"etm.portal.ui.managesites.view.Master","viewId":"application-managesites-display-component---masterSite","i18NText":{"propertyName":"text","key":"sites"}},"wdio_ui5_key":"etmportal.ui.managesites.view.Mastersap.m.Title{\"propertyName\":\"text\",\"key\":\"sites\"}"}]}
RESULT: undefined
COMMAND: POST /session/be4790d44c8003a2500b5a2ec9bf0748/execute/async - {"script":"<script> [6424 bytes]","args":[{"element-6066-11e4-a52e-4f735466cecf":"f.CB17890886CEBDD3BAA48AB18EF5A7DB.d.2F1A98785FF740E308F294284A7E8434.e.3949"},"getText",[]]}
RESULT: {}
RESULT: {"script":"<script> [6424 bytes]","args":[{"element-6066-11e4-a52e-4f735466cecf":"f.CB17890886CEBDD3BAA48AB18EF5A7DB.d.2F1A98785FF740E308F294284A7E8434.e.3949"},"getText",[]]}
COMMAND: POST /session/be4790d44c8003a2500b5a2ec9bf0748/execute/async - {"script":"<script> [1562 bytes]","args":[{"selector":{"controlType":"sap.ui.core.Icon","viewName":"etm.portal.ui.managesites.view.Master","viewId":"application-managesites-display-component---masterSite","properties":{"src":{"regex":{"source":"add"}}}},"wdio_ui5_key":"etmportal.ui.managesites.view.Mastersap.ui.core.Icon{\"src\":{\"regex\":{\"source\":\"add\"}}}"}]}
RESULT: {"script":"<script> [1562 bytes]","args":[{"selector":{"controlType":"sap.ui.core.Icon","viewName":"etm.portal.ui.managesites.view.Master","viewId":"application-managesites-display-component---masterSite","properties":{"src":{"regex":{"source":"add"}}}},"wdio_ui5_key":"etmportal.ui.managesites.view.Mastersap.ui.core.Icon{\"src\":{\"regex\":{\"source\":\"add\"}}}"}]}
RESULT: undefined
COMMAND: POST /session/be4790d44c8003a2500b5a2ec9bf0748/element - {"using":"xpath","value":"//*[@id=\"__button4-img\"]"}
RESULT: {"using":"xpath","value":"//*[@id=\"__button4-img\"]"}
COMMAND: POST /session/be4790d44c8003a2500b5a2ec9bf0748/element/f.CB17890886CEBDD3BAA48AB18EF5A7DB.d.2F1A98785FF740E308F294284A7E8434.e.3824/click - {}
RESULT: {}
COMMAND: POST /session/be4790d44c8003a2500b5a2ec9bf0748/execute/async - {"script":"<script> [1562 bytes]","args":[{"selector":{"id":"application-managesites-display-component---NewSite--siteId","interaction":{"idSuffix":"inner"}},"wdio_ui5_key":"applicationmanagesites-display-component---NewSite--siteId"}]}
COMMAND: GET /session/be4790d44c8003a2500b5a2ec9bf0748/screenshot - {}
RESULT: {"script":"<script> [1562 bytes]","args":[{"selector":{"id":"application-managesites-display-component---NewSite--siteId","interaction":{"idSuffix":"inner"}},"wdio_ui5_key":"applicationmanagesites-display-component---NewSite--siteId"}]}
RESULT: undefined
COMMAND: POST /session/be4790d44c8003a2500b5a2ec9bf0748/execute/async - {"script":"<script> [1562 bytes]","args":[{"selector":{"id":"application-managesites-display-component---NewSite--addressDetailDetailsName1","interaction":{"idSuffix":"inner"}},"wdio_ui5_key":"applicationmanagesites-display-component---NewSite--addressDetailDetailsName1"}]}
RESULT: {}
RESULT: {"script":"<script> [1562 bytes]","args":[{"selector":{"id":"application-managesites-display-component---NewSite--addressDetailDetailsName1","interaction":{"idSuffix":"inner"}},"wdio_ui5_key":"applicationmanagesites-display-component---NewSite--addressDetailDetailsName1"}]}
RESULT: undefined
COMMAND: POST /session/be4790d44c8003a2500b5a2ec9bf0748/execute/async - {"script":"<script> [776 bytes]","args":[{"enterText":"Webdriver Site xnmy6","selector":{"id":"application-managesites-display-component---NewSite--addressDetailDetailsName1","interaction":{"idSuffix":"inner"}},"clearTextFirst":true,"interactionType":"ENTER_TEXT"}]}
RESULT: {"script":"<script> [776 bytes]","args":[{"enterText":"Webdriver Site xnmy6","selector":{"id":"application-managesites-display-component---NewSite--addressDetailDetailsName1","interaction":{"idSuffix":"inner"}},"clearTextFirst":true,"interactionType":"ENTER_TEXT"}]}
COMMAND: POST /session/be4790d44c8003a2500b5a2ec9bf0748/execute/async - {"script":"<script> [1562 bytes]","args":[{"selector":{"id":"application-managesites-display-component---NewSite--addressDetailDetailsLanguage","interaction":{"idSuffix":"inner"}},"wdio_ui5_key":"applicationmanagesites-display-component---NewSite--addressDetailDetailsLanguage"}]}
RESULT: {"script":"<script> [1562 bytes]","args":[{"selector":{"id":"application-managesites-display-component---NewSite--addressDetailDetailsLanguage","interaction":{"idSuffix":"inner"}},"wdio_ui5_key":"applicationmanagesites-display-component---NewSite--addressDetailDetailsLanguage"}]}
RESULT: undefined
COMMAND: POST /session/be4790d44c8003a2500b5a2ec9bf0748/execute/async - {"script":"<script> [776 bytes]","args":[{"enterText":"Romanian","selector":{"id":"application-managesites-display-component---NewSite--addressDetailDetailsLanguage","interaction":{"idSuffix":"inner"}},"clearTextFirst":true,"interactionType":"ENTER_TEXT"}]}
RESULT: {"script":"<script> [776 bytes]","args":[{"enterText":"Romanian","selector":{"id":"application-managesites-display-component---NewSite--addressDetailDetailsLanguage","interaction":{"idSuffix":"inner"}},"clearTextFirst":true,"interactionType":"ENTER_TEXT"}]}
COMMAND: POST /session/be4790d44c8003a2500b5a2ec9bf0748/execute/async - {"script":"<script> [1562 bytes]","args":[{"selector":{"id":"application-managesites-display-component---NewSite--addressDetailDetailsCity1","interaction":{"idSuffix":"inner"}},"wdio_ui5_key":"applicationmanagesites-display-component---NewSite--addressDetailDetailsCity1"}]}
RESULT: {"script":"<script> [1562 bytes]","args":[{"selector":{"id":"application-managesites-display-component---NewSite--addressDetailDetailsCity1","interaction":{"idSuffix":"inner"}},"wdio_ui5_key":"applicationmanagesites-display-component---NewSite--addressDetailDetailsCity1"}]}
RESULT: undefined
COMMAND: POST /session/be4790d44c8003a2500b5a2ec9bf0748/execute/async - {"script":"<script> [776 bytes]","args":[{"enterText":"Bucharest","selector":{"id":"application-managesites-display-component---NewSite--addressDetailDetailsCity1","interaction":{"idSuffix":"inner"}},"clearTextFirst":true,"interactionType":"ENTER_TEXT"}]}
RESULT: {"script":"<script> [776 bytes]","args":[{"enterText":"Bucharest","selector":{"id":"application-managesites-display-component---NewSite--addressDetailDetailsCity1","interaction":{"idSuffix":"inner"}},"clearTextFirst":true,"interactionType":"ENTER_TEXT"}]}
COMMAND: POST /session/be4790d44c8003a2500b5a2ec9bf0748/execute/async - {"script":"<script> [1562 bytes]","args":[{"selector":{"id":"application-managesites-display-component---NewSite--addressDetailDetailsCountry","interaction":{"idSuffix":"inner"}},"wdio_ui5_key":"applicationmanagesites-display-component---NewSite--addressDetailDetailsCountry"}]}
RESULT: {"script":"<script> [1562 bytes]","args":[{"selector":{"id":"application-managesites-display-component---NewSite--addressDetailDetailsCountry","interaction":{"idSuffix":"inner"}},"wdio_ui5_key":"applicationmanagesites-display-component---NewSite--addressDetailDetailsCountry"}]}
RESULT: undefined
COMMAND: POST /session/be4790d44c8003a2500b5a2ec9bf0748/execute/async - {"script":"<script> [776 bytes]","args":[{"enterText":"Romania","selector":{"id":"application-managesites-display-component---NewSite--addressDetailDetailsCountry","interaction":{"idSuffix":"inner"}},"clearTextFirst":true,"interactionType":"ENTER_TEXT"}]}
RESULT: {"script":"<script> [776 bytes]","args":[{"enterText":"Romania","selector":{"id":"application-managesites-display-component---NewSite--addressDetailDetailsCountry","interaction":{"idSuffix":"inner"}},"clearTextFirst":true,"interactionType":"ENTER_TEXT"}]}
COMMAND: POST /session/be4790d44c8003a2500b5a2ec9bf0748/execute/async - {"script":"<script> [1562 bytes]","args":[{"selector":{"id":"application-managesites-display-component---NewSite--addressDetailDetailsCalendar","interaction":{"idSuffix":"inner"}},"wdio_ui5_key":"applicationmanagesites-display-component---NewSite--addressDetailDetailsCalendar"}]}
RESULT: {"script":"<script> [1562 bytes]","args":[{"selector":{"id":"application-managesites-display-component---NewSite--addressDetailDetailsCalendar","interaction":{"idSuffix":"inner"}},"wdio_ui5_key":"applicationmanagesites-display-component---NewSite--addressDetailDetailsCalendar"}]}
RESULT: undefined
COMMAND: POST /session/be4790d44c8003a2500b5a2ec9bf0748/execute/async - {"script":"<script> [776 bytes]","args":[{"enterText":"Germany","selector":{"id":"application-managesites-display-component---NewSite--addressDetailDetailsCalendar","interaction":{"idSuffix":"inner"}},"clearTextFirst":true,"interactionType":"ENTER_TEXT"}]}
RESULT: {"script":"<script> [776 bytes]","args":[{"enterText":"Germany","selector":{"id":"application-managesites-display-component---NewSite--addressDetailDetailsCalendar","interaction":{"idSuffix":"inner"}},"clearTextFirst":true,"interactionType":"ENTER_TEXT"}]}
COMMAND: POST /session/be4790d44c8003a2500b5a2ec9bf0748/execute/async - {"script":"<script> [1562 bytes]","args":[{"selector":{"id":"application-managesites-display-component---NewSite--addressEditDetailsCostObjectCstType-arrow"},"wdio_ui5_key":"applicationmanagesites-display-component---NewSite--addressEditDetailsCostObjectCstType-arrow"}]}
RESULT: {"script":"<script> [1562 bytes]","args":[{"selector":{"id":"application-managesites-display-component---NewSite--addressEditDetailsCostObjectCstType-arrow"},"wdio_ui5_key":"applicationmanagesites-display-component---NewSite--addressEditDetailsCostObjectCstType-arrow"}]}
RESULT: undefined
COMMAND: POST /session/be4790d44c8003a2500b5a2ec9bf0748/element - {"using":"xpath","value":"//*[@id=\"application-managesites-display-component---NewSite--addressEditDetailsCostObjectCstType-arrow\"]"}
RESULT: {"using":"xpath","value":"//*[@id=\"application-managesites-display-component---NewSite--addressEditDetailsCostObjectCstType-arrow\"]"}
COMMAND: POST /session/be4790d44c8003a2500b5a2ec9bf0748/element/f.CB17890886CEBDD3BAA48AB18EF5A7DB.d.2F1A98785FF740E308F294284A7E8434.e.4219/click - {}
RESULT: {}
COMMAND: POST /session/be4790d44c8003a2500b5a2ec9bf0748/element - {"using":"xpath","value":"//span[contains(text(), \"Work Breakdown Structure\")]"}
COMMAND: GET /session/be4790d44c8003a2500b5a2ec9bf0748/screenshot - {}
RESULT: {"using":"xpath","value":"//span[contains(text(), \"Work Breakdown Structure\")]"}
COMMAND: POST /session/be4790d44c8003a2500b5a2ec9bf0748/element/f.CB17890886CEBDD3BAA48AB18EF5A7DB.d.2F1A98785FF740E308F294284A7E8434.e.4220/click - {}
RESULT: {}
RESULT: {}
COMMAND: GET /session/be4790d44c8003a2500b5a2ec9bf0748/screenshot - {}
RESULT: {}
COMMAND: POST /session/be4790d44c8003a2500b5a2ec9bf0748/execute/async - {"script":"<script> [1562 bytes]","args":[{"selector":{"id":"application-managesites-display-component---NewSite--addressNewCostObjectCstID-vhi"},"wdio_ui5_key":"applicationmanagesites-display-component---NewSite--addressNewCostObjectCstID-vhi"}]}
RESULT: {"script":"<script> [1562 bytes]","args":[{"selector":{"id":"application-managesites-display-component---NewSite--addressNewCostObjectCstID-vhi"},"wdio_ui5_key":"applicationmanagesites-display-component---NewSite--addressNewCostObjectCstID-vhi"}]}
RESULT: undefined
COMMAND: POST /session/be4790d44c8003a2500b5a2ec9bf0748/element - {"using":"xpath","value":"//*[@id=\"application-managesites-display-component---NewSite--addressNewCostObjectCstID-vhi\"]"}
RESULT: {"using":"xpath","value":"//*[@id=\"application-managesites-display-component---NewSite--addressNewCostObjectCstID-vhi\"]"}
COMMAND: POST /session/be4790d44c8003a2500b5a2ec9bf0748/element/f.CB17890886CEBDD3BAA48AB18EF5A7DB.d.2F1A98785FF740E308F294284A7E8434.e.4225/click - {}
RESULT: {}
COMMAND: GET /session/be4790d44c8003a2500b5a2ec9bf0748/screenshot - {}
RESULT: {}
COMMAND: POST /session/be4790d44c8003a2500b5a2ec9bf0748/execute/async - {"script":"<script> [1562 bytes]","args":[{"selector":{"controlType":"sap.m.SearchField","properties":{"placeholder":"Search"},"searchOpenDialogs":true,"interaction":{"idSuffix":"I"}},"wdio_ui5_key":"sapm.SearchField{\"placeholder\":\"Search\"}"}]}
RESULT: {"script":"<script> [1562 bytes]","args":[{"selector":{"controlType":"sap.m.SearchField","properties":{"placeholder":"Search"},"searchOpenDialogs":true,"interaction":{"idSuffix":"I"}},"wdio_ui5_key":"sapm.SearchField{\"placeholder\":\"Search\"}"}]}
RESULT: undefined
COMMAND: POST /session/be4790d44c8003a2500b5a2ec9bf0748/execute/async - {"script":"<script> [776 bytes]","args":[{"enterText":"A1-000100-01","selector":{"controlType":"sap.m.SearchField","properties":{"placeholder":"Search"},"searchOpenDialogs":true,"interaction":{"idSuffix":"I"}},"clearTextFirst":true,"interactionType":"ENTER_TEXT"}]}
RESULT: {"script":"<script> [776 bytes]","args":[{"enterText":"A1-000100-01","selector":{"controlType":"sap.m.SearchField","properties":{"placeholder":"Search"},"searchOpenDialogs":true,"interaction":{"idSuffix":"I"}},"clearTextFirst":true,"interactionType":"ENTER_TEXT"}]}
COMMAND: POST /session/be4790d44c8003a2500b5a2ec9bf0748/actions - {"actions":[{"id":"action8","type":"key","parameters":{},"actions":[{"type":"keyDown","value":"î€‡"},{"type":"pause","duration":10},{"type":"keyUp","value":"î€‡"}]}]}
RESULT: {"actions":[{"id":"action8","type":"key","parameters":{},"actions":[{"type":"keyDown","value":"î€‡"},{"type":"pause","duration":10},{"type":"keyUp","value":"î€‡"}]}]}
COMMAND: GET /session/be4790d44c8003a2500b5a2ec9bf0748/screenshot - {}
RESULT: {}
COMMAND: POST /session/be4790d44c8003a2500b5a2ec9bf0748/element - {"using":"xpath","value":"//span[contains(text(), \"Template for ETO-Process\")]"}
RESULT: {"using":"xpath","value":"//span[contains(text(), \"Template for ETO-Process\")]"}
COMMAND: POST /session/be4790d44c8003a2500b5a2ec9bf0748/element/f.CB17890886CEBDD3BAA48AB18EF5A7DB.d.2F1A98785FF740E308F294284A7E8434.e.4245/click - {}
RESULT: {}
COMMAND: GET /session/be4790d44c8003a2500b5a2ec9bf0748/screenshot - {}
RESULT: {}
COMMAND: POST /session/be4790d44c8003a2500b5a2ec9bf0748/element - {"using":"xpath","value":"//bdi[contains(text(), \"OK\")]"}
RESULT: {"using":"xpath","value":"//bdi[contains(text(), \"OK\")]"}
COMMAND: POST /session/be4790d44c8003a2500b5a2ec9bf0748/element/f.CB17890886CEBDD3BAA48AB18EF5A7DB.d.2F1A98785FF740E308F294284A7E8434.e.4246/click - {}
RESULT: {}
COMMAND: GET /session/be4790d44c8003a2500b5a2ec9bf0748/screenshot - {}
RESULT: {}
COMMAND: POST /session/be4790d44c8003a2500b5a2ec9bf0748/element - {"using":"xpath","value":"//input[@id=\"application-managesites-display-component---NewSite--addressDetailDetailsYard-inner\"]"}
RESULT: {"using":"xpath","value":"//input[@id=\"application-managesites-display-component---NewSite--addressDetailDetailsYard-inner\"]"}
COMMAND: POST /session/be4790d44c8003a2500b5a2ec9bf0748/element/f.CB17890886CEBDD3BAA48AB18EF5A7DB.d.2F1A98785FF740E308F294284A7E8434.e.4014/value - {"text":"560"}
RESULT: {"text":"560"}
COMMAND: GET /session/be4790d44c8003a2500b5a2ec9bf0748/screenshot - {}
RESULT: {}
COMMAND: POST /session/be4790d44c8003a2500b5a2ec9bf0748/actions - {"actions":[{"id":"action9","type":"key","parameters":{},"actions":[{"type":"keyDown","value":"î€‡"},{"type":"pause","duration":10},{"type":"keyUp","value":"î€‡"}]}]}
RESULT: {"actions":[{"id":"action9","type":"key","parameters":{},"actions":[{"type":"keyDown","value":"î€‡"},{"type":"pause","duration":10},{"type":"keyUp","value":"î€‡"}]}]}
COMMAND: GET /session/be4790d44c8003a2500b5a2ec9bf0748/screenshot - {}
RESULT: {}
COMMAND: POST /session/be4790d44c8003a2500b5a2ec9bf0748/element - {"using":"xpath","value":"//input[@id=\"application-managesites-display-component---NewSite--addressDetailDetailsPartner-inner\"]"}
RESULT: {"using":"xpath","value":"//input[@id=\"application-managesites-display-component---NewSite--addressDetailDetailsPartner-inner\"]"}
COMMAND: POST /session/be4790d44c8003a2500b5a2ec9bf0748/elements - {"using":"xpath","value":"//input[@id=\"application-managesites-display-component---NewSite--addressDetailDetailsPartner-inner\"]"}
RESULT: {"using":"xpath","value":"//input[@id=\"application-managesites-display-component---NewSite--addressDetailDetailsPartner-inner\"]"}
COMMAND: POST /session/be4790d44c8003a2500b5a2ec9bf0748/execute/async - {"script":"<script> [1562 bytes]","args":[{"selector":{"controlType":"sap.m.Button","viewName":"etm.portal.ui.managesites.view.NewSmartSite","viewId":"application-managesites-display-component---NewSite","properties":{"text":"Commercial"},"interaction":{"idSuffix":"BDI-content"}},"wdio_ui5_key":"etmportal.ui.managesites.view.NewSmartSitesap.m.Button{\"text\":\"Commercial\"}"}]}
RESULT: {"script":"<script> [1562 bytes]","args":[{"selector":{"controlType":"sap.m.Button","viewName":"etm.portal.ui.managesites.view.NewSmartSite","viewId":"application-managesites-display-component---NewSite","properties":{"text":"Commercial"},"interaction":{"idSuffix":"BDI-content"}},"wdio_ui5_key":"etmportal.ui.managesites.view.NewSmartSitesap.m.Button{\"text\":\"Commercial\"}"}]}
RESULT: undefined
COMMAND: POST /session/be4790d44c8003a2500b5a2ec9bf0748/element - {"using":"xpath","value":"//*[@id=\"application-managesites-display-component---NewSite--ObjectPageLayout-anchBar-__section5-anchor\"]"}
RESULT: {"using":"xpath","value":"//*[@id=\"application-managesites-display-component---NewSite--ObjectPageLayout-anchBar-__section5-anchor\"]"}
COMMAND: POST /session/be4790d44c8003a2500b5a2ec9bf0748/element/f.CB17890886CEBDD3BAA48AB18EF5A7DB.d.2F1A98785FF740E308F294284A7E8434.e.4253/click - {}
RESULT: {}
COMMAND: POST /session/be4790d44c8003a2500b5a2ec9bf0748/execute/async - {"script":"<script> [1562 bytes]","args":[{"selector":{"controlType":"sap.m.Button","viewName":"etm.portal.ui.managesites.view.NewSmartSite","viewId":"application-managesites-display-component---NewSite","i18NText":{"propertyName":"text","key":"save"},"interaction":{"idSuffix":"BDI-content"}},"wdio_ui5_key":"etmportal.ui.managesites.view.NewSmartSitesap.m.Button{\"propertyName\":\"text\",\"key\":\"save\"}"}]}
COMMAND: GET /session/be4790d44c8003a2500b5a2ec9bf0748/screenshot - {}
RESULT: {"script":"<script> [1562 bytes]","args":[{"selector":{"controlType":"sap.m.Button","viewName":"etm.portal.ui.managesites.view.NewSmartSite","viewId":"application-managesites-display-component---NewSite","i18NText":{"propertyName":"text","key":"save"},"interaction":{"idSuffix":"BDI-content"}},"wdio_ui5_key":"etmportal.ui.managesites.view.NewSmartSitesap.m.Button{\"propertyName\":\"text\",\"key\":\"save\"}"}]}
RESULT: undefined
COMMAND: POST /session/be4790d44c8003a2500b5a2ec9bf0748/element - {"using":"xpath","value":"//*[@id=\"__button16\"]"}
RESULT: {}
RESULT: {"using":"xpath","value":"//*[@id=\"__button16\"]"}
COMMAND: POST /session/be4790d44c8003a2500b5a2ec9bf0748/element/f.CB17890886CEBDD3BAA48AB18EF5A7DB.d.2F1A98785FF740E308F294284A7E8434.e.4207/click - {}
RESULT: {}
COMMAND: GET /session/be4790d44c8003a2500b5a2ec9bf0748/screenshot - {}
COMMAND: POST /session/be4790d44c8003a2500b5a2ec9bf0748/execute/async - {"script":"<script> [1562 bytes]","args":[{"selector":{"id":"application-managesites-display-component---detailSite--addressDetailDetailsYardText"},"wdio_ui5_key":"applicationmanagesites-display-component---detailSite--addressDetailDetailsYardText"}]}
RESULT: {}
RESULT: {"script":"<script> [1562 bytes]","args":[{"selector":{"id":"application-managesites-display-component---detailSite--addressDetailDetailsYardText"},"wdio_ui5_key":"applicationmanagesites-display-component---detailSite--addressDetailDetailsYardText"}]}
RESULT: undefined
COMMAND: POST /session/be4790d44c8003a2500b5a2ec9bf0748/element - {"using":"xpath","value":"//header/div/div[2]/div[2]/span"}
RESULT: {"using":"xpath","value":"//header/div/div[2]/div[2]/span"}
COMMAND: GET /session/be4790d44c8003a2500b5a2ec9bf0748/element/f.CB17890886CEBDD3BAA48AB18EF5A7DB.d.2F1A98785FF740E308F294284A7E8434.e.4469/text - {}
RESULT: {}
COMMAND: POST /session/be4790d44c8003a2500b5a2ec9bf0748/execute/async - {"script":"<script> [1562 bytes]","args":[{"selector":{"controlType":"sap.m.Label","viewName":"etm.portal.ui.managesites.view.Detail","viewId":"application-managesites-display-component---detailSite","i18NText":{"propertyName":"text","key":"status"}},"wdio_ui5_key":"etmportal.ui.managesites.view.Detailsap.m.Label{\"propertyName\":\"text\",\"key\":\"status\"}"}]}
RESULT: {"script":"<script> [1562 bytes]","args":[{"selector":{"controlType":"sap.m.Label","viewName":"etm.portal.ui.managesites.view.Detail","viewId":"application-managesites-display-component---detailSite","i18NText":{"propertyName":"text","key":"status"}},"wdio_ui5_key":"etmportal.ui.managesites.view.Detailsap.m.Label{\"propertyName\":\"text\",\"key\":\"status\"}"}]}
RESULT: undefined
COMMAND: POST /session/be4790d44c8003a2500b5a2ec9bf0748/execute/async - {"script":"<script> [6424 bytes]","args":[{"element-6066-11e4-a52e-4f735466cecf":"f.CB17890886CEBDD3BAA48AB18EF5A7DB.d.2F1A98785FF740E308F294284A7E8434.e.4456"},"getText",[]]}
RESULT: {"script":"<script> [6424 bytes]","args":[{"element-6066-11e4-a52e-4f735466cecf":"f.CB17890886CEBDD3BAA48AB18EF5A7DB.d.2F1A98785FF740E308F294284A7E8434.e.4456"},"getText",[]]}
]]></system-out>
    </testcase>
    <testcase classname="chrome.135_0_7049_96.windows.Create_2_sites_US118246" name="Should create WHM site" time="69.63">
      <system-out><![CDATA[
RESULT: undefined
COMMAND: POST /session/be4790d44c8003a2500b5a2ec9bf0748/element - {"using":"xpath","value":"//*[@id=\"__button4-img\"]"}
RESULT: {"using":"xpath","value":"//*[@id=\"__button4-img\"]"}
COMMAND: POST /session/be4790d44c8003a2500b5a2ec9bf0748/element/f.CB17890886CEBDD3BAA48AB18EF5A7DB.d.2F1A98785FF740E308F294284A7E8434.e.4470/click - {}
RESULT: {}
COMMAND: GET /session/be4790d44c8003a2500b5a2ec9bf0748/screenshot - {}
RESULT: {}
RESULT: undefined
COMMAND: POST /session/be4790d44c8003a2500b5a2ec9bf0748/execute/async - {"script":"<script> [1562 bytes]","args":[{"selector":{"controlType":"sap.m.Button","viewName":"etm.portal.ui.managesites.view.NewSmartSite","viewId":"application-managesites-display-component---NewSite","properties":{"text":"General Information"},"interaction":{"idSuffix":"BDI-content"}},"wdio_ui5_key":"etmportal.ui.managesites.view.NewSmartSitesap.m.Button{\"text\":\"General Information\"}"}]}
RESULT: {"script":"<script> [1562 bytes]","args":[{"selector":{"controlType":"sap.m.Button","viewName":"etm.portal.ui.managesites.view.NewSmartSite","viewId":"application-managesites-display-component---NewSite","properties":{"text":"General Information"},"interaction":{"idSuffix":"BDI-content"}},"wdio_ui5_key":"etmportal.ui.managesites.view.NewSmartSitesap.m.Button{\"text\":\"General Information\"}"}]}
RESULT: undefined
COMMAND: POST /session/be4790d44c8003a2500b5a2ec9bf0748/element - {"using":"xpath","value":"//*[@id=\"application-managesites-display-component---NewSite--ObjectPageLayout-anchBar-__section3-anchor\"]"}
RESULT: {"using":"xpath","value":"//*[@id=\"application-managesites-display-component---NewSite--ObjectPageLayout-anchBar-__section3-anchor\"]"}
COMMAND: POST /session/be4790d44c8003a2500b5a2ec9bf0748/element/f.CB17890886CEBDD3BAA48AB18EF5A7DB.d.2F1A98785FF740E308F294284A7E8434.e.4650/click - {}
RESULT: {}
RESULT: undefined
COMMAND: POST /session/be4790d44c8003a2500b5a2ec9bf0748/execute/async - {"script":"<script> [776 bytes]","args":[{"enterText":"Webdriver WHM Site muej4","selector":{"id":"application-managesites-display-component---NewSite--addressDetailDetailsName1","interaction":{"idSuffix":"inner"}},"clearTextFirst":true,"interactionType":"ENTER_TEXT"}]}
COMMAND: GET /session/be4790d44c8003a2500b5a2ec9bf0748/screenshot - {}
RESULT: {"script":"<script> [776 bytes]","args":[{"enterText":"Webdriver WHM Site muej4","selector":{"id":"application-managesites-display-component---NewSite--addressDetailDetailsName1","interaction":{"idSuffix":"inner"}},"clearTextFirst":true,"interactionType":"ENTER_TEXT"}]}
RESULT: {}
RESULT: undefined
COMMAND: POST /session/be4790d44c8003a2500b5a2ec9bf0748/execute/async - {"script":"<script> [776 bytes]","args":[{"enterText":"Romanian","selector":{"id":"application-managesites-display-component---NewSite--addressDetailDetailsLanguage","interaction":{"idSuffix":"inner"}},"clearTextFirst":true,"interactionType":"ENTER_TEXT"}]}
RESULT: {"script":"<script> [776 bytes]","args":[{"enterText":"Romanian","selector":{"id":"application-managesites-display-component---NewSite--addressDetailDetailsLanguage","interaction":{"idSuffix":"inner"}},"clearTextFirst":true,"interactionType":"ENTER_TEXT"}]}
COMMAND: POST /session/be4790d44c8003a2500b5a2ec9bf0748/actions - {"actions":[{"id":"action10","type":"key","parameters":{},"actions":[{"type":"keyDown","value":"î€‡"},{"type":"pause","duration":10},{"type":"keyUp","value":"î€‡"}]}]}
RESULT: {"actions":[{"id":"action10","type":"key","parameters":{},"actions":[{"type":"keyDown","value":"î€‡"},{"type":"pause","duration":10},{"type":"keyUp","value":"î€‡"}]}]}
RESULT: undefined
COMMAND: POST /session/be4790d44c8003a2500b5a2ec9bf0748/execute/async - {"script":"<script> [776 bytes]","args":[{"enterText":"Bucharest","selector":{"id":"application-managesites-display-component---NewSite--addressDetailDetailsCity1","interaction":{"idSuffix":"inner"}},"clearTextFirst":true,"interactionType":"ENTER_TEXT"}]}
COMMAND: GET /session/be4790d44c8003a2500b5a2ec9bf0748/screenshot - {}
RESULT: {"script":"<script> [776 bytes]","args":[{"enterText":"Bucharest","selector":{"id":"application-managesites-display-component---NewSite--addressDetailDetailsCity1","interaction":{"idSuffix":"inner"}},"clearTextFirst":true,"interactionType":"ENTER_TEXT"}]}
RESULT: {}
COMMAND: POST /session/be4790d44c8003a2500b5a2ec9bf0748/actions - {"actions":[{"id":"action11","type":"key","parameters":{},"actions":[{"type":"keyDown","value":"î€‡"},{"type":"pause","duration":10},{"type":"keyUp","value":"î€‡"}]}]}
RESULT: {"actions":[{"id":"action11","type":"key","parameters":{},"actions":[{"type":"keyDown","value":"î€‡"},{"type":"pause","duration":10},{"type":"keyUp","value":"î€‡"}]}]}
RESULT: undefined
COMMAND: POST /session/be4790d44c8003a2500b5a2ec9bf0748/execute/async - {"script":"<script> [6424 bytes]","args":[{"element-6066-11e4-a52e-4f735466cecf":"f.CB17890886CEBDD3BAA48AB18EF5A7DB.d.2F1A98785FF740E308F294284A7E8434.e.4003"},"setValue",["Romania"]]}
COMMAND: GET /session/be4790d44c8003a2500b5a2ec9bf0748/screenshot - {}
COMMAND: POST /session/be4790d44c8003a2500b5a2ec9bf0748/execute/async - {"script":"<script> [1562 bytes]","args":[{"selector":{"id":"application-managesites-display-component---NewSite--addressDetailDetailsCountry","interaction":{"idSuffix":"inner"}},"wdio_ui5_key":"applicationmanagesites-display-component---NewSite--addressDetailDetailsCountry"}]}
RESULT: {}
RESULT: {"script":"<script> [1562 bytes]","args":[{"selector":{"id":"application-managesites-display-component---NewSite--addressDetailDetailsCountry","interaction":{"idSuffix":"inner"}},"wdio_ui5_key":"applicationmanagesites-display-component---NewSite--addressDetailDetailsCountry"}]}
COMMAND: POST /session/be4790d44c8003a2500b5a2ec9bf0748/execute/async - {"script":"<script> [6424 bytes]","args":[{"element-6066-11e4-a52e-4f735466cecf":"f.CB17890886CEBDD3BAA48AB18EF5A7DB.d.2F1A98785FF740E308F294284A7E8434.e.4524"},"setValue",["Romania"]]}
RESULT: {"script":"<script> [6424 bytes]","args":[{"element-6066-11e4-a52e-4f735466cecf":"f.CB17890886CEBDD3BAA48AB18EF5A7DB.d.2F1A98785FF740E308F294284A7E8434.e.4524"},"setValue",["Romania"]]}
COMMAND: POST /session/be4790d44c8003a2500b5a2ec9bf0748/actions - {"actions":[{"id":"action12","type":"key","parameters":{},"actions":[{"type":"keyDown","value":"î€‡"},{"type":"pause","duration":10},{"type":"keyUp","value":"î€‡"}]}]}
RESULT: {"actions":[{"id":"action12","type":"key","parameters":{},"actions":[{"type":"keyDown","value":"î€‡"},{"type":"pause","duration":10},{"type":"keyUp","value":"î€‡"}]}]}
RESULT: undefined
COMMAND: POST /session/be4790d44c8003a2500b5a2ec9bf0748/execute/async - {"script":"<script> [776 bytes]","args":[{"enterText":"Germany","selector":{"id":"application-managesites-display-component---NewSite--addressDetailDetailsCalendar","interaction":{"idSuffix":"inner"}},"clearTextFirst":true,"interactionType":"ENTER_TEXT"}]}
COMMAND: GET /session/be4790d44c8003a2500b5a2ec9bf0748/screenshot - {}
RESULT: {"script":"<script> [776 bytes]","args":[{"enterText":"Germany","selector":{"id":"application-managesites-display-component---NewSite--addressDetailDetailsCalendar","interaction":{"idSuffix":"inner"}},"clearTextFirst":true,"interactionType":"ENTER_TEXT"}]}
RESULT: {}
COMMAND: POST /session/be4790d44c8003a2500b5a2ec9bf0748/actions - {"actions":[{"id":"action13","type":"key","parameters":{},"actions":[{"type":"keyDown","value":"î€‡"},{"type":"pause","duration":10},{"type":"keyUp","value":"î€‡"}]}]}
RESULT: {"actions":[{"id":"action13","type":"key","parameters":{},"actions":[{"type":"keyDown","value":"î€‡"},{"type":"pause","duration":10},{"type":"keyUp","value":"î€‡"}]}]}
COMMAND: POST /session/be4790d44c8003a2500b5a2ec9bf0748/execute/async - {"script":"<script> [1562 bytes]","args":[{"selector":{"id":"application-managesites-display-component---NewSite--addressEditDetailsCostObjectCstType","interaction":{"idSuffix":"inner"}},"wdio_ui5_key":"applicationmanagesites-display-component---NewSite--addressEditDetailsCostObjectCstType"}]}
COMMAND: GET /session/be4790d44c8003a2500b5a2ec9bf0748/screenshot - {}
RESULT: {"script":"<script> [1562 bytes]","args":[{"selector":{"id":"application-managesites-display-component---NewSite--addressEditDetailsCostObjectCstType","interaction":{"idSuffix":"inner"}},"wdio_ui5_key":"applicationmanagesites-display-component---NewSite--addressEditDetailsCostObjectCstType"}]}
RESULT: undefined
COMMAND: POST /session/be4790d44c8003a2500b5a2ec9bf0748/execute/async - {"script":"<script> [776 bytes]","args":[{"enterText":"Cost","selector":{"id":"application-managesites-display-component---NewSite--addressEditDetailsCostObjectCstType","interaction":{"idSuffix":"inner"}},"clearTextFirst":true,"interactionType":"ENTER_TEXT"}]}
RESULT: {}
RESULT: {"script":"<script> [776 bytes]","args":[{"enterText":"Cost","selector":{"id":"application-managesites-display-component---NewSite--addressEditDetailsCostObjectCstType","interaction":{"idSuffix":"inner"}},"clearTextFirst":true,"interactionType":"ENTER_TEXT"}]}
COMMAND: POST /session/be4790d44c8003a2500b5a2ec9bf0748/actions - {"actions":[{"id":"action14","type":"key","parameters":{},"actions":[{"type":"keyDown","value":"î€‡"},{"type":"pause","duration":10},{"type":"keyUp","value":"î€‡"}]}]}
RESULT: {"actions":[{"id":"action14","type":"key","parameters":{},"actions":[{"type":"keyDown","value":"î€‡"},{"type":"pause","duration":10},{"type":"keyUp","value":"î€‡"}]}]}
COMMAND: POST /session/be4790d44c8003a2500b5a2ec9bf0748/execute/async - {"script":"<script> [1562 bytes]","args":[{"selector":{"id":"application-managesites-display-component---NewSite--addressNewCostObjectCstID","interaction":{"idSuffix":"inner"}},"wdio_ui5_key":"applicationmanagesites-display-component---NewSite--addressNewCostObjectCstID"}]}
COMMAND: GET /session/be4790d44c8003a2500b5a2ec9bf0748/screenshot - {}
RESULT: {"script":"<script> [1562 bytes]","args":[{"selector":{"id":"application-managesites-display-component---NewSite--addressNewCostObjectCstID","interaction":{"idSuffix":"inner"}},"wdio_ui5_key":"applicationmanagesites-display-component---NewSite--addressNewCostObjectCstID"}]}
RESULT: undefined
COMMAND: POST /session/be4790d44c8003a2500b5a2ec9bf0748/execute/async - {"script":"<script> [776 bytes]","args":[{"enterText":"1001","selector":{"id":"application-managesites-display-component---NewSite--addressNewCostObjectCstID","interaction":{"idSuffix":"inner"}},"clearTextFirst":true,"interactionType":"ENTER_TEXT"}]}
RESULT: {}
RESULT: {"script":"<script> [776 bytes]","args":[{"enterText":"1001","selector":{"id":"application-managesites-display-component---NewSite--addressNewCostObjectCstID","interaction":{"idSuffix":"inner"}},"clearTextFirst":true,"interactionType":"ENTER_TEXT"}]}
COMMAND: POST /session/be4790d44c8003a2500b5a2ec9bf0748/actions - {"actions":[{"id":"action15","type":"key","parameters":{},"actions":[{"type":"keyDown","value":"î€‡"},{"type":"pause","duration":10},{"type":"keyUp","value":"î€‡"}]}]}
RESULT: {"actions":[{"id":"action15","type":"key","parameters":{},"actions":[{"type":"keyDown","value":"î€‡"},{"type":"pause","duration":10},{"type":"keyUp","value":"î€‡"}]}]}
COMMAND: POST /session/be4790d44c8003a2500b5a2ec9bf0748/element - {"using":"xpath","value":"//input[@id=\"application-managesites-display-component---NewSite--addressDetailDetailsYard-inner\"]"}
COMMAND: GET /session/be4790d44c8003a2500b5a2ec9bf0748/screenshot - {}
RESULT: {"using":"xpath","value":"//input[@id=\"application-managesites-display-component---NewSite--addressDetailDetailsYard-inner\"]"}
COMMAND: POST /session/be4790d44c8003a2500b5a2ec9bf0748/element/f.CB17890886CEBDD3BAA48AB18EF5A7DB.d.2F1A98785FF740E308F294284A7E8434.e.4535/value - {"text":"561"}
RESULT: {}
RESULT: {"text":"561"}
COMMAND: GET /session/be4790d44c8003a2500b5a2ec9bf0748/screenshot - {}
RESULT: {}
COMMAND: POST /session/be4790d44c8003a2500b5a2ec9bf0748/actions - {"actions":[{"id":"action16","type":"key","parameters":{},"actions":[{"type":"keyDown","value":"î€‡"},{"type":"pause","duration":10},{"type":"keyUp","value":"î€‡"}]}]}
RESULT: {"actions":[{"id":"action16","type":"key","parameters":{},"actions":[{"type":"keyDown","value":"î€‡"},{"type":"pause","duration":10},{"type":"keyUp","value":"î€‡"}]}]}
COMMAND: GET /session/be4790d44c8003a2500b5a2ec9bf0748/screenshot - {}
RESULT: {}
COMMAND: POST /session/be4790d44c8003a2500b5a2ec9bf0748/element - {"using":"xpath","value":"//input[@id=\"application-managesites-display-component---NewSite--addressDetailDetailsPartner-inner\"]"}
RESULT: {"using":"xpath","value":"//input[@id=\"application-managesites-display-component---NewSite--addressDetailDetailsPartner-inner\"]"}
COMMAND: POST /session/be4790d44c8003a2500b5a2ec9bf0748/elements - {"using":"xpath","value":"//input[@id=\"application-managesites-display-component---NewSite--addressDetailDetailsPartner-inner\"]"}
RESULT: {"using":"xpath","value":"//input[@id=\"application-managesites-display-component---NewSite--addressDetailDetailsPartner-inner\"]"}
RESULT: undefined
COMMAND: POST /session/be4790d44c8003a2500b5a2ec9bf0748/element - {"using":"xpath","value":"//*[@id=\"application-managesites-display-component---NewSite--ObjectPageLayout-anchBar-__section5-anchor\"]"}
RESULT: {"using":"xpath","value":"//*[@id=\"application-managesites-display-component---NewSite--ObjectPageLayout-anchBar-__section5-anchor\"]"}
COMMAND: POST /session/be4790d44c8003a2500b5a2ec9bf0748/element/f.CB17890886CEBDD3BAA48AB18EF5A7DB.d.2F1A98785FF740E308F294284A7E8434.e.4659/click - {}
RESULT: {}
COMMAND: POST /session/be4790d44c8003a2500b5a2ec9bf0748/execute/async - {"script":"<script> [1562 bytes]","args":[{"selector":{"id":"application-managesites-display-component---NewSite--siteWhmCheckBox-label","interaction":{"idSuffix":"bdi"}},"wdio_ui5_key":"applicationmanagesites-display-component---NewSite--siteWhmCheckBox-label"}]}
COMMAND: GET /session/be4790d44c8003a2500b5a2ec9bf0748/screenshot - {}
RESULT: {"script":"<script> [1562 bytes]","args":[{"selector":{"id":"application-managesites-display-component---NewSite--siteWhmCheckBox-label","interaction":{"idSuffix":"bdi"}},"wdio_ui5_key":"applicationmanagesites-display-component---NewSite--siteWhmCheckBox-label"}]}
RESULT: undefined
COMMAND: POST /session/be4790d44c8003a2500b5a2ec9bf0748/element - {"using":"xpath","value":"//*[@id=\"application-managesites-display-component---NewSite--siteWhmCheckBox-label\"]"}
RESULT: {}
RESULT: {"using":"xpath","value":"//*[@id=\"application-managesites-display-component---NewSite--siteWhmCheckBox-label\"]"}
COMMAND: POST /session/be4790d44c8003a2500b5a2ec9bf0748/element/f.CB17890886CEBDD3BAA48AB18EF5A7DB.d.2F1A98785FF740E308F294284A7E8434.e.4662/click - {}
RESULT: {}
RESULT: undefined
COMMAND: POST /session/be4790d44c8003a2500b5a2ec9bf0748/element - {"using":"xpath","value":"//*[@id=\"__button16\"]"}
COMMAND: GET /session/be4790d44c8003a2500b5a2ec9bf0748/screenshot - {}
RESULT: {"using":"xpath","value":"//*[@id=\"__button16\"]"}
COMMAND: POST /session/be4790d44c8003a2500b5a2ec9bf0748/element/f.CB17890886CEBDD3BAA48AB18EF5A7DB.d.2F1A98785FF740E308F294284A7E8434.e.4663/click - {}
RESULT: {}
RESULT: {}
COMMAND: GET /session/be4790d44c8003a2500b5a2ec9bf0748/screenshot - {}
RESULT: {}
COMMAND: POST /session/be4790d44c8003a2500b5a2ec9bf0748/element - {"using":"xpath","value":"//header/div/div[2]/div[2]/span"}
RESULT: {"using":"xpath","value":"//header/div/div[2]/div[2]/span"}
COMMAND: GET /session/be4790d44c8003a2500b5a2ec9bf0748/element/f.CB17890886CEBDD3BAA48AB18EF5A7DB.d.2F1A98785FF740E308F294284A7E8434.e.4865/text - {}
RESULT: {}
RESULT: undefined
RESULT: undefined
COMMAND: POST /session/be4790d44c8003a2500b5a2ec9bf0748/execute/async - {"script":"<script> [6424 bytes]","args":[{"element-6066-11e4-a52e-4f735466cecf":"f.CB17890886CEBDD3BAA48AB18EF5A7DB.d.2F1A98785FF740E308F294284A7E8434.e.4456"},"getText",[]]}
COMMAND: POST /session/be4790d44c8003a2500b5a2ec9bf0748/execute/async - {"script":"<script> [1562 bytes]","args":[{"selector":{"controlType":"sap.m.Label","viewName":"etm.portal.ui.managesites.view.Detail","viewId":"application-managesites-display-component---detailSite","i18NText":{"propertyName":"text","key":"status"}},"wdio_ui5_key":"etmportal.ui.managesites.view.Detailsap.m.Label{\"propertyName\":\"text\",\"key\":\"status\"}"}]}
RESULT: {"script":"<script> [1562 bytes]","args":[{"selector":{"controlType":"sap.m.Label","viewName":"etm.portal.ui.managesites.view.Detail","viewId":"application-managesites-display-component---detailSite","i18NText":{"propertyName":"text","key":"status"}},"wdio_ui5_key":"etmportal.ui.managesites.view.Detailsap.m.Label{\"propertyName\":\"text\",\"key\":\"status\"}"}]}
COMMAND: POST /session/be4790d44c8003a2500b5a2ec9bf0748/execute/async - {"script":"<script> [6424 bytes]","args":[{"element-6066-11e4-a52e-4f735466cecf":"f.CB17890886CEBDD3BAA48AB18EF5A7DB.d.2F1A98785FF740E308F294284A7E8434.e.4854"},"getText",[]]}
RESULT: {"script":"<script> [6424 bytes]","args":[{"element-6066-11e4-a52e-4f735466cecf":"f.CB17890886CEBDD3BAA48AB18EF5A7DB.d.2F1A98785FF740E308F294284A7E8434.e.4854"},"getText",[]]}
COMMAND: POST /session/be4790d44c8003a2500b5a2ec9bf0748/execute/async - {"script":"<script> [1562 bytes]","args":[{"selector":{"id":"shell-header","interaction":{"idSuffix":"icon"}},"wdio_ui5_key":"shellheader"}]}
RESULT: {"script":"<script> [1562 bytes]","args":[{"selector":{"id":"shell-header","interaction":{"idSuffix":"icon"}},"wdio_ui5_key":"shellheader"}]}
RESULT: undefined
COMMAND: POST /session/be4790d44c8003a2500b5a2ec9bf0748/element - {"using":"xpath","value":"//*[@id=\"shell-header\"]"}
RESULT: {"using":"xpath","value":"//*[@id=\"shell-header\"]"}
COMMAND: POST /session/be4790d44c8003a2500b5a2ec9bf0748/element/f.CB17890886CEBDD3BAA48AB18EF5A7DB.d.2F1A98785FF740E308F294284A7E8434.e.4866/click - {}
RESULT: {}
COMMAND: POST /session/be4790d44c8003a2500b5a2ec9bf0748/refresh - {}
COMMAND: GET /session/be4790d44c8003a2500b5a2ec9bf0748/screenshot - {}
RESULT: {}
COMMAND: GET /session/be4790d44c8003a2500b5a2ec9bf0748/screenshot - {}
RESULT: {}
RESULT: {}
COMMAND: POST /session/be4790d44c8003a2500b5a2ec9bf0748/refresh - {}
RESULT: {}
COMMAND: GET /session/be4790d44c8003a2500b5a2ec9bf0748/screenshot - {}
RESULT: {}
COMMAND: POST /session/be4790d44c8003a2500b5a2ec9bf0748/window/fullscreen - {}
RESULT: {}
COMMAND: POST /session/be4790d44c8003a2500b5a2ec9bf0748/execute/async - {"script":"<script> [189 bytes]","args":[]}
RESULT: {"script":"<script> [189 bytes]","args":[]}
COMMAND: POST /session/be4790d44c8003a2500b5a2ec9bf0748/execute/async - {"script":"<script> [123 bytes]","args":[]}
RESULT: {"script":"<script> [123 bytes]","args":[]}
COMMAND: POST /session/be4790d44c8003a2500b5a2ec9bf0748/timeouts - {"script":"<number>"}
RESULT: {"script":"<number>"}
COMMAND: GET /session/be4790d44c8003a2500b5a2ec9bf0748/timeouts - {}
RESULT: {}
RESULT: undefined
COMMAND: POST /session/be4790d44c8003a2500b5a2ec9bf0748/execute/async - {"script":"<script> [2676 bytes]","args":[]}
RESULT: {"script":"<script> [2676 bytes]","args":[]}
COMMAND: POST /session/be4790d44c8003a2500b5a2ec9bf0748/execute/async - {"script":"<script> [2342 bytes]","args":[{"protocol":"http","hostname":"0.0.0.0","path":"/","capabilities":{"browserName":"chrome","goog:chromeOptions":{"binary":"C:\\Program Files\\Google\\Chrome\\Application\\chrome.exe","args":["--start-maximized"]}},"logLevel":"warn","connectionRetryTimeout":120000,"connectionRetryCount":3,"logLevels":{},"enableDirectConnect":true,"strictSSL":true,"_":"65 more keys: [\"cacheDir\",\"port\",\"requestedCapabilities\",\"automationProtocol\",\"baseUrl\",\"waitforInterval\",\"waitforTimeout\",\"onReload\",\"beforeCommand\",\"afterCommand\",\"rootDir\",\"specs\",\"suites\",\"exclude\",\"groupLogsByTestSpec\",\"excludeDriverLogs\",\"bail\",\"framework\",\"reporters\",\"services\",\"maxInstances\",\"maxInstancesPerCapability\",\"injectGlobals\",\"filesToWatch\",\"execArgv\",\"runnerEnv\",\"runner\",\"shard\",\"specFileRetries\",\"specFileRetriesDelay\",\"specFileRetriesDeferred\",\"reporterSyncInterval\",\"reporterSyncTimeout\",\"cucumberFeaturesWithLineNumbers\",\"autoCompileOpts\",\"mochaOpts\",\"jasmineOpts\",\"cucumberOpts\",\"onPrepare\",\"onWorkerStart\",\"onWorkerEnd\",\"before\",\"beforeSession\",\"beforeSuite\",\"beforeHook\",\"beforeTest\",\"afterTest\",\"afterHook\",\"afterSuite\",\"afterSession\",\"after\",\"onComplete\",\"beforeAssertion\",\"afterAssertion\",\"beforeFeature\",\"beforeScenario\",\"beforeStep\",\"afterStep\",\"afterScenario\",\"afterFeature\",\"_\",\"suite\",\"$0\",\"ignoredWorkerServices\",\"wdi5\"]"}]}
RESULT: {"script":"<script> [2342 bytes]","args":[{"protocol":"http","hostname":"0.0.0.0","path":"/","capabilities":{"browserName":"chrome","goog:chromeOptions":{"binary":"C:\\Program Files\\Google\\Chrome\\Application\\chrome.exe","args":["--start-maximized"]}},"logLevel":"warn","connectionRetryTimeout":120000,"connectionRetryCount":3,"logLevels":{},"enableDirectConnect":true,"strictSSL":true,"_":"65 more keys: [\"cacheDir\",\"port\",\"requestedCapabilities\",\"automationProtocol\",\"baseUrl\",\"waitforInterval\",\"waitforTimeout\",\"onReload\",\"beforeCommand\",\"afterCommand\",\"rootDir\",\"specs\",\"suites\",\"exclude\",\"groupLogsByTestSpec\",\"excludeDriverLogs\",\"bail\",\"framework\",\"reporters\",\"services\",\"maxInstances\",\"maxInstancesPerCapability\",\"injectGlobals\",\"filesToWatch\",\"execArgv\",\"runnerEnv\",\"runner\",\"shard\",\"specFileRetries\",\"specFileRetriesDelay\",\"specFileRetriesDeferred\",\"reporterSyncInterval\",\"reporterSyncTimeout\",\"cucumberFeaturesWithLineNumbers\",\"autoCompileOpts\",\"mochaOpts\",\"jasmineOpts\",\"cucumberOpts\",\"onPrepare\",\"onWorkerStart\",\"onWorkerEnd\",\"before\",\"beforeSession\",\"beforeSuite\",\"beforeHook\",\"beforeTest\",\"afterTest\",\"afterHook\",\"afterSuite\",\"afterSession\",\"after\",\"onComplete\",\"beforeAssertion\",\"afterAssertion\",\"beforeFeature\",\"beforeScenario\",\"beforeStep\",\"afterStep\",\"afterScenario\",\"afterFeature\",\"_\",\"suite\",\"$0\",\"ignoredWorkerServices\",\"wdi5\"]"}]}
COMMAND: POST /session/be4790d44c8003a2500b5a2ec9bf0748/execute/async - {"script":"<script> [21126 bytes]","args":[35000]}
RESULT: {"script":"<script> [21126 bytes]","args":[35000]}
COMMAND: POST /session/be4790d44c8003a2500b5a2ec9bf0748/element - {"using":"css selector","value":"#j_username"}
COMMAND: POST /session/be4790d44c8003a2500b5a2ec9bf0748/url - {"url":"https://qa-testing-00-live-etm-ui.cfapps.eu10-004.hana.ondemand.com/"}
RESULT: {"using":"css selector","value":"#j_username"}
COMMAND: POST /session/be4790d44c8003a2500b5a2ec9bf0748/element - {"using":"css selector","value":"#j_username"}
RESULT: {"url":"https://qa-testing-00-live-etm-ui.cfapps.eu10-004.hana.ondemand.com/"}
RESULT: undefined
COMMAND: GET /session/be4790d44c8003a2500b5a2ec9bf0748/screenshot - {}
RESULT: {"using":"css selector","value":"#j_username"}
COMMAND: POST /session/be4790d44c8003a2500b5a2ec9bf0748/element - {"using":"css selector","value":"#shell-header-logo"}
RESULT: {}
RESULT: {"using":"css selector","value":"#shell-header-logo"}
COMMAND: POST /session/be4790d44c8003a2500b5a2ec9bf0748/execute/sync - {"script":"<script> [8489 bytes]","args":[{"element-6066-11e4-a52e-4f735466cecf":"f.CB17890886CEBDD3BAA48AB18EF5A7DB.d.B2576E5669AC6B4B9AAA5613375AD633.e.5484","ELEMENT":"f.CB17890886CEBDD3BAA48AB18EF5A7DB.d.B2576E5669AC6B4B9AAA5613375AD633.e.5484"}]}
RESULT: {"script":"<script> [8489 bytes]","args":[{"element-6066-11e4-a52e-4f735466cecf":"f.CB17890886CEBDD3BAA48AB18EF5A7DB.d.B2576E5669AC6B4B9AAA5613375AD633.e.5484","ELEMENT":"f.CB17890886CEBDD3BAA48AB18EF5A7DB.d.B2576E5669AC6B4B9AAA5613375AD633.e.5484"}]}
COMMAND: POST /session/be4790d44c8003a2500b5a2ec9bf0748/element - {"using":"css selector","value":"#shell-header-logo"}
COMMAND: GET /session/be4790d44c8003a2500b5a2ec9bf0748/screenshot - {}
RESULT: {"using":"css selector","value":"#shell-header-logo"}
COMMAND: POST /session/be4790d44c8003a2500b5a2ec9bf0748/execute/sync - {"script":"<script> [8489 bytes]","args":[{"element-6066-11e4-a52e-4f735466cecf":"f.CB17890886CEBDD3BAA48AB18EF5A7DB.d.B2576E5669AC6B4B9AAA5613375AD633.e.5484","ELEMENT":"f.CB17890886CEBDD3BAA48AB18EF5A7DB.d.B2576E5669AC6B4B9AAA5613375AD633.e.5484"}]}
RESULT: {}
RESULT: {"script":"<script> [8489 bytes]","args":[{"element-6066-11e4-a52e-4f735466cecf":"f.CB17890886CEBDD3BAA48AB18EF5A7DB.d.B2576E5669AC6B4B9AAA5613375AD633.e.5484","ELEMENT":"f.CB17890886CEBDD3BAA48AB18EF5A7DB.d.B2576E5669AC6B4B9AAA5613375AD633.e.5484"}]}
COMMAND: POST /session/be4790d44c8003a2500b5a2ec9bf0748/execute/sync - {"script":"<script> [5351 bytes]","args":[{"element-6066-11e4-a52e-4f735466cecf":"f.CB17890886CEBDD3BAA48AB18EF5A7DB.d.B2576E5669AC6B4B9AAA5613375AD633.e.5484","ELEMENT":"f.CB17890886CEBDD3BAA48AB18EF5A7DB.d.B2576E5669AC6B4B9AAA5613375AD633.e.5484"}]}
COMMAND: GET /session/be4790d44c8003a2500b5a2ec9bf0748/screenshot - {}
RESULT: {"script":"<script> [5351 bytes]","args":[{"element-6066-11e4-a52e-4f735466cecf":"f.CB17890886CEBDD3BAA48AB18EF5A7DB.d.B2576E5669AC6B4B9AAA5613375AD633.e.5484","ELEMENT":"f.CB17890886CEBDD3BAA48AB18EF5A7DB.d.B2576E5669AC6B4B9AAA5613375AD633.e.5484"}]}
COMMAND: POST /session/be4790d44c8003a2500b5a2ec9bf0748/element - {"using":"css selector","value":"#shell-header-logo"}
COMMAND: GET /session/be4790d44c8003a2500b5a2ec9bf0748/screenshot - {}
RESULT: {}
RESULT: {"using":"css selector","value":"#shell-header-logo"}
COMMAND: POST /session/be4790d44c8003a2500b5a2ec9bf0748/element/f.CB17890886CEBDD3BAA48AB18EF5A7DB.d.B2576E5669AC6B4B9AAA5613375AD633.e.5484/click - {}
RESULT: {}
RESULT: {}
COMMAND: GET /session/be4790d44c8003a2500b5a2ec9bf0748/screenshot - {}
RESULT: {}
COMMAND: POST /session/be4790d44c8003a2500b5a2ec9bf0748/execute/async - {"script":"<script> [189 bytes]","args":[]}
RESULT: {"script":"<script> [189 bytes]","args":[]}
COMMAND: POST /session/be4790d44c8003a2500b5a2ec9bf0748/execute/async - {"script":"<script> [123 bytes]","args":[]}
RESULT: {"script":"<script> [123 bytes]","args":[]}
COMMAND: POST /session/be4790d44c8003a2500b5a2ec9bf0748/timeouts - {"script":"<number>"}
RESULT: {"script":"<number>"}
COMMAND: GET /session/be4790d44c8003a2500b5a2ec9bf0748/timeouts - {}
RESULT: {}
RESULT: undefined
COMMAND: POST /session/be4790d44c8003a2500b5a2ec9bf0748/execute/async - {"script":"<script> [2676 bytes]","args":[]}
RESULT: {"script":"<script> [2676 bytes]","args":[]}
COMMAND: POST /session/be4790d44c8003a2500b5a2ec9bf0748/execute/async - {"script":"<script> [2342 bytes]","args":[{"protocol":"http","hostname":"0.0.0.0","path":"/","capabilities":{"browserName":"chrome","goog:chromeOptions":{"binary":"C:\\Program Files\\Google\\Chrome\\Application\\chrome.exe","args":["--start-maximized"]}},"logLevel":"warn","connectionRetryTimeout":120000,"connectionRetryCount":3,"logLevels":{},"enableDirectConnect":true,"strictSSL":true,"_":"65 more keys: [\"cacheDir\",\"port\",\"requestedCapabilities\",\"automationProtocol\",\"baseUrl\",\"waitforInterval\",\"waitforTimeout\",\"onReload\",\"beforeCommand\",\"afterCommand\",\"rootDir\",\"specs\",\"suites\",\"exclude\",\"groupLogsByTestSpec\",\"excludeDriverLogs\",\"bail\",\"framework\",\"reporters\",\"services\",\"maxInstances\",\"maxInstancesPerCapability\",\"injectGlobals\",\"filesToWatch\",\"execArgv\",\"runnerEnv\",\"runner\",\"shard\",\"specFileRetries\",\"specFileRetriesDelay\",\"specFileRetriesDeferred\",\"reporterSyncInterval\",\"reporterSyncTimeout\",\"cucumberFeaturesWithLineNumbers\",\"autoCompileOpts\",\"mochaOpts\",\"jasmineOpts\",\"cucumberOpts\",\"onPrepare\",\"onWorkerStart\",\"onWorkerEnd\",\"before\",\"beforeSession\",\"beforeSuite\",\"beforeHook\",\"beforeTest\",\"afterTest\",\"afterHook\",\"afterSuite\",\"afterSession\",\"after\",\"onComplete\",\"beforeAssertion\",\"afterAssertion\",\"beforeFeature\",\"beforeScenario\",\"beforeStep\",\"afterStep\",\"afterScenario\",\"afterFeature\",\"_\",\"suite\",\"$0\",\"ignoredWorkerServices\",\"wdi5\"]"}]}
RESULT: {"script":"<script> [2342 bytes]","args":[{"protocol":"http","hostname":"0.0.0.0","path":"/","capabilities":{"browserName":"chrome","goog:chromeOptions":{"binary":"C:\\Program Files\\Google\\Chrome\\Application\\chrome.exe","args":["--start-maximized"]}},"logLevel":"warn","connectionRetryTimeout":120000,"connectionRetryCount":3,"logLevels":{},"enableDirectConnect":true,"strictSSL":true,"_":"65 more keys: [\"cacheDir\",\"port\",\"requestedCapabilities\",\"automationProtocol\",\"baseUrl\",\"waitforInterval\",\"waitforTimeout\",\"onReload\",\"beforeCommand\",\"afterCommand\",\"rootDir\",\"specs\",\"suites\",\"exclude\",\"groupLogsByTestSpec\",\"excludeDriverLogs\",\"bail\",\"framework\",\"reporters\",\"services\",\"maxInstances\",\"maxInstancesPerCapability\",\"injectGlobals\",\"filesToWatch\",\"execArgv\",\"runnerEnv\",\"runner\",\"shard\",\"specFileRetries\",\"specFileRetriesDelay\",\"specFileRetriesDeferred\",\"reporterSyncInterval\",\"reporterSyncTimeout\",\"cucumberFeaturesWithLineNumbers\",\"autoCompileOpts\",\"mochaOpts\",\"jasmineOpts\",\"cucumberOpts\",\"onPrepare\",\"onWorkerStart\",\"onWorkerEnd\",\"before\",\"beforeSession\",\"beforeSuite\",\"beforeHook\",\"beforeTest\",\"afterTest\",\"afterHook\",\"afterSuite\",\"afterSession\",\"after\",\"onComplete\",\"beforeAssertion\",\"afterAssertion\",\"beforeFeature\",\"beforeScenario\",\"beforeStep\",\"afterStep\",\"afterScenario\",\"afterFeature\",\"_\",\"suite\",\"$0\",\"ignoredWorkerServices\",\"wdi5\"]"}]}
COMMAND: POST /session/be4790d44c8003a2500b5a2ec9bf0748/execute/async - {"script":"<script> [21126 bytes]","args":[35000]}
RESULT: {"script":"<script> [21126 bytes]","args":[35000]}
COMMAND: POST /session/be4790d44c8003a2500b5a2ec9bf0748/window/maximize - {}
RESULT: {}
COMMAND: POST /session/be4790d44c8003a2500b5a2ec9bf0748/execute/async - {"script":"<script> [1562 bytes]","args":[{"selector":{"id":"shell-header","interaction":{"idSuffix":"icon"}},"wdio_ui5_key":"shellheader"}]}
COMMAND: GET /session/be4790d44c8003a2500b5a2ec9bf0748/screenshot - {}
RESULT: {"script":"<script> [1562 bytes]","args":[{"selector":{"id":"shell-header","interaction":{"idSuffix":"icon"}},"wdio_ui5_key":"shellheader"}]}
RESULT: undefined
RESULT: {}
COMMAND: POST /session/be4790d44c8003a2500b5a2ec9bf0748/execute/async - {"script":"<script> [1562 bytes]","args":[{"selector":{"controlType":"sap.m.Title","i18NText":{"propertyName":"text","key":"dataCollectionAgreement"},"searchOpenDialogs":true},"wdio_ui5_key":"sapm.Title{\"propertyName\":\"text\",\"key\":\"dataCollectionAgreement\"}"}]}
RESULT: {"script":"<script> [1562 bytes]","args":[{"selector":{"controlType":"sap.m.Title","i18NText":{"propertyName":"text","key":"dataCollectionAgreement"},"searchOpenDialogs":true},"wdio_ui5_key":"sapm.Title{\"propertyName\":\"text\",\"key\":\"dataCollectionAgreement\"}"}]}
RESULT: undefined
COMMAND: POST /session/be4790d44c8003a2500b5a2ec9bf0748/execute/async - {"script":"<script> [1562 bytes]","args":[{"selector":{"controlType":"sap.m.GenericTile","properties":{"header":"Manage Resources"}},"wdio_ui5_key":"sapm.GenericTile{\"header\":\"Manage Resources\"}"}]}
RESULT: {"script":"<script> [1562 bytes]","args":[{"selector":{"controlType":"sap.m.GenericTile","properties":{"header":"Manage Resources"}},"wdio_ui5_key":"sapm.GenericTile{\"header\":\"Manage Resources\"}"}]}
RESULT: undefined
COMMAND: POST /session/be4790d44c8003a2500b5a2ec9bf0748/element - {"using":"xpath","value":"//*[@id=\"__tile31\"]"}
RESULT: {"using":"xpath","value":"//*[@id=\"__tile31\"]"}
COMMAND: POST /session/be4790d44c8003a2500b5a2ec9bf0748/element/f.CB17890886CEBDD3BAA48AB18EF5A7DB.d.B2576E5669AC6B4B9AAA5613375AD633.e.5514/click - {}
RESULT: {}
COMMAND: GET /session/be4790d44c8003a2500b5a2ec9bf0748/screenshot - {}
RESULT: {}
]]></system-out>
    </testcase>
  </testsuite>
  <testsuite timestamp="2025-05-05T05:52:34" time="581.288" tests="2" failures="0" errors="0" skipped="0">
    <properties>
      <property name="specId" value="0" />
      <property name="suiteName" value="Create 2 RU material US118246" />
      <property name="capabilities" value="chrome.135_0_7049_96.windows" />
      <property name="file" value="file:///D:/a/1/s/test/specs/R2C/create-material.spec.js" />
    </properties>
    <testcase classname="chrome.135_0_7049_96.windows.Create_2_RU_material_US118246" name="Create material" time="278.682">
      <system-out><![CDATA[
COMMAND: POST /session/be4790d44c8003a2500b5a2ec9bf0748/element - {"using":"xpath","value":"//button[@data-kt=\"addNewRUOverflowToolbarButton\"]"}
RESULT: {"using":"xpath","value":"//button[@data-kt=\"addNewRUOverflowToolbarButton\"]"}
COMMAND: POST /session/be4790d44c8003a2500b5a2ec9bf0748/element - {"using":"xpath","value":"//button[@data-kt=\"addNewRUOverflowToolbarButton\"]"}
RESULT: {"using":"xpath","value":"//button[@data-kt=\"addNewRUOverflowToolbarButton\"]"}
COMMAND: POST /session/be4790d44c8003a2500b5a2ec9bf0748/element - {"using":"xpath","value":"//button[@data-kt=\"addNewRUOverflowToolbarButton\"]"}
RESULT: {"using":"xpath","value":"//button[@data-kt=\"addNewRUOverflowToolbarButton\"]"}
COMMAND: POST /session/be4790d44c8003a2500b5a2ec9bf0748/element - {"using":"xpath","value":"//button[@data-kt=\"addNewRUOverflowToolbarButton\"]"}
RESULT: {"using":"xpath","value":"//button[@data-kt=\"addNewRUOverflowToolbarButton\"]"}
COMMAND: POST /session/be4790d44c8003a2500b5a2ec9bf0748/element - {"using":"xpath","value":"//button[@data-kt=\"addNewRUOverflowToolbarButton\"]"}
RESULT: {"using":"xpath","value":"//button[@data-kt=\"addNewRUOverflowToolbarButton\"]"}
COMMAND: POST /session/be4790d44c8003a2500b5a2ec9bf0748/element - {"using":"xpath","value":"//button[@data-kt=\"addNewRUOverflowToolbarButton\"]"}
RESULT: {"using":"xpath","value":"//button[@data-kt=\"addNewRUOverflowToolbarButton\"]"}
COMMAND: POST /session/be4790d44c8003a2500b5a2ec9bf0748/element - {"using":"xpath","value":"//button[@data-kt=\"addNewRUOverflowToolbarButton\"]"}
RESULT: {"using":"xpath","value":"//button[@data-kt=\"addNewRUOverflowToolbarButton\"]"}
COMMAND: POST /session/be4790d44c8003a2500b5a2ec9bf0748/element - {"using":"xpath","value":"//button[@data-kt=\"addNewRUOverflowToolbarButton\"]"}
RESULT: {"using":"xpath","value":"//button[@data-kt=\"addNewRUOverflowToolbarButton\"]"}
COMMAND: POST /session/be4790d44c8003a2500b5a2ec9bf0748/element - {"using":"xpath","value":"//button[@data-kt=\"addNewRUOverflowToolbarButton\"]"}
RESULT: {"using":"xpath","value":"//button[@data-kt=\"addNewRUOverflowToolbarButton\"]"}
COMMAND: POST /session/be4790d44c8003a2500b5a2ec9bf0748/element - {"using":"xpath","value":"//button[@data-kt=\"addNewRUOverflowToolbarButton\"]"}
RESULT: {"using":"xpath","value":"//button[@data-kt=\"addNewRUOverflowToolbarButton\"]"}
COMMAND: POST /session/be4790d44c8003a2500b5a2ec9bf0748/element - {"using":"xpath","value":"//button[@data-kt=\"addNewRUOverflowToolbarButton\"]"}
COMMAND: POST /session/be4790d44c8003a2500b5a2ec9bf0748/execute/async - {"script":"<script> [1562 bytes]","args":[{"selector":{"controlType":"sap.ui.core.Icon","viewName":"etm.portal.ui.manageresources.view.Master","viewId":"application-manageresources-display-component---masterRU","properties":{"src":{"regex":{"source":"add"}}}},"wdio_ui5_key":"etmportal.ui.manageresources.view.Mastersap.ui.core.Icon{\"src\":{\"regex\":{\"source\":\"add\"}}}"}]}
RESULT: {"using":"xpath","value":"//button[@data-kt=\"addNewRUOverflowToolbarButton\"]"}
COMMAND: POST /session/be4790d44c8003a2500b5a2ec9bf0748/execute/sync - {"script":"<script> [8489 bytes]","args":[{"element-6066-11e4-a52e-4f735466cecf":"f.CB17890886CEBDD3BAA48AB18EF5A7DB.d.B2576E5669AC6B4B9AAA5613375AD633.e.5636","ELEMENT":"f.CB17890886CEBDD3BAA48AB18EF5A7DB.d.B2576E5669AC6B4B9AAA5613375AD633.e.5636"}]}
RESULT: {"script":"<script> [1562 bytes]","args":[{"selector":{"controlType":"sap.ui.core.Icon","viewName":"etm.portal.ui.manageresources.view.Master","viewId":"application-manageresources-display-component---masterRU","properties":{"src":{"regex":{"source":"add"}}}},"wdio_ui5_key":"etmportal.ui.manageresources.view.Mastersap.ui.core.Icon{\"src\":{\"regex\":{\"source\":\"add\"}}}"}]}
RESULT: undefined
COMMAND: POST /session/be4790d44c8003a2500b5a2ec9bf0748/element - {"using":"xpath","value":"//*[@id=\"__button5-img\"]"}
RESULT: {"script":"<script> [8489 bytes]","args":[{"element-6066-11e4-a52e-4f735466cecf":"f.CB17890886CEBDD3BAA48AB18EF5A7DB.d.B2576E5669AC6B4B9AAA5613375AD633.e.5636","ELEMENT":"f.CB17890886CEBDD3BAA48AB18EF5A7DB.d.B2576E5669AC6B4B9AAA5613375AD633.e.5636"}]}
COMMAND: GET /session/be4790d44c8003a2500b5a2ec9bf0748/screenshot - {}
RESULT: {"using":"xpath","value":"//*[@id=\"__button5-img\"]"}
COMMAND: POST /session/be4790d44c8003a2500b5a2ec9bf0748/element/f.CB17890886CEBDD3BAA48AB18EF5A7DB.d.B2576E5669AC6B4B9AAA5613375AD633.e.5654/click - {}
RESULT: {}
RESULT: {}
COMMAND: GET /session/be4790d44c8003a2500b5a2ec9bf0748/screenshot - {}
RESULT: {}
COMMAND: POST /session/be4790d44c8003a2500b5a2ec9bf0748/execute/async - {"script":"<script> [1562 bytes]","args":[{"selector":{"controlType":"sap.m.ComboBox","viewName":"reusables.view.manageresources.NewResourceUnit","viewId":"application-manageresources-display-component---newResourceUnit","bindingPath":{"path":"","propertyPath":"/RuTypes","modelName":"catalogModel"},"searchOpenDialogs":true},"wdio_ui5_key":"reusablesview.manageresources.NewResourceUnitsap.m.ComboBox{\"path\":\"\",\"propertyPath\":\"/RuTypes\",\"modelName\":\"catalogModel\"}"}]}
RESULT: {"script":"<script> [1562 bytes]","args":[{"selector":{"controlType":"sap.m.ComboBox","viewName":"reusables.view.manageresources.NewResourceUnit","viewId":"application-manageresources-display-component---newResourceUnit","bindingPath":{"path":"","propertyPath":"/RuTypes","modelName":"catalogModel"},"searchOpenDialogs":true},"wdio_ui5_key":"reusablesview.manageresources.NewResourceUnitsap.m.ComboBox{\"path\":\"\",\"propertyPath\":\"/RuTypes\",\"modelName\":\"catalogModel\"}"}]}
RESULT: undefined
COMMAND: POST /session/be4790d44c8003a2500b5a2ec9bf0748/execute/async - {"script":"<script> [1562 bytes]","args":[{"selector":{"controlType":"sap.m.ComboBox","viewName":"reusables.view.manageresources.NewResourceUnit","viewId":"application-manageresources-display-component---newResourceUnit","bindingPath":{"path":"","propertyPath":"/Yards","modelName":"catalogModel"},"searchOpenDialogs":true},"wdio_ui5_key":"reusablesview.manageresources.NewResourceUnitsap.m.ComboBox{\"path\":\"\",\"propertyPath\":\"/Yards\",\"modelName\":\"catalogModel\"}"}]}
RESULT: {"script":"<script> [1562 bytes]","args":[{"selector":{"controlType":"sap.m.ComboBox","viewName":"reusables.view.manageresources.NewResourceUnit","viewId":"application-manageresources-display-component---newResourceUnit","bindingPath":{"path":"","propertyPath":"/Yards","modelName":"catalogModel"},"searchOpenDialogs":true},"wdio_ui5_key":"reusablesview.manageresources.NewResourceUnitsap.m.ComboBox{\"path\":\"\",\"propertyPath\":\"/Yards\",\"modelName\":\"catalogModel\"}"}]}
RESULT: undefined
COMMAND: POST /session/be4790d44c8003a2500b5a2ec9bf0748/execute/async - {"script":"<script> [1562 bytes]","args":[{"selector":{"controlType":"etm.portal.ui.reusables.customControls.LiveSearchComboBox","viewName":"reusables.view.manageresources.NewResourceUnit","viewId":"application-manageresources-display-component---newResourceUnit","bindingPath":{"path":"","propertyPath":"/CatalogItems","modelName":"catalogModel"},"searchOpenDialogs":true},"wdio_ui5_key":"reusablesview.manageresources.NewResourceUnitetm.portal.ui.reusables.customControls.LiveSearchComboBox{\"path\":\"\",\"propertyPath\":\"/CatalogItems\",\"modelName\":\"catalogModel\"}"}]}
RESULT: {"script":"<script> [1562 bytes]","args":[{"selector":{"controlType":"etm.portal.ui.reusables.customControls.LiveSearchComboBox","viewName":"reusables.view.manageresources.NewResourceUnit","viewId":"application-manageresources-display-component---newResourceUnit","bindingPath":{"path":"","propertyPath":"/CatalogItems","modelName":"catalogModel"},"searchOpenDialogs":true},"wdio_ui5_key":"reusablesview.manageresources.NewResourceUnitetm.portal.ui.reusables.customControls.LiveSearchComboBox{\"path\":\"\",\"propertyPath\":\"/CatalogItems\",\"modelName\":\"catalogModel\"}"}]}
RESULT: undefined
COMMAND: POST /session/be4790d44c8003a2500b5a2ec9bf0748/element - {"using":"xpath","value":"//bdi[text()=\"OK\"]"}
RESULT: {"using":"xpath","value":"//bdi[text()=\"OK\"]"}
COMMAND: POST /session/be4790d44c8003a2500b5a2ec9bf0748/elements - {"using":"xpath","value":"//bdi[text()=\"OK\"]"}
RESULT: {"using":"xpath","value":"//bdi[text()=\"OK\"]"}
COMMAND: POST /session/be4790d44c8003a2500b5a2ec9bf0748/elements - {"using":"xpath","value":"//bdi[text()=\"OK\"]"}
RESULT: {"using":"xpath","value":"//bdi[text()=\"OK\"]"}
COMMAND: POST /session/be4790d44c8003a2500b5a2ec9bf0748/elements - {"using":"xpath","value":"//bdi[text()=\"OK\"]"}
RESULT: {"using":"xpath","value":"//bdi[text()=\"OK\"]"}
COMMAND: POST /session/be4790d44c8003a2500b5a2ec9bf0748/elements - {"using":"xpath","value":"//bdi[text()=\"OK\"]"}
RESULT: {"using":"xpath","value":"//bdi[text()=\"OK\"]"}
COMMAND: POST /session/be4790d44c8003a2500b5a2ec9bf0748/elements - {"using":"xpath","value":"//bdi[text()=\"OK\"]"}
RESULT: {"using":"xpath","value":"//bdi[text()=\"OK\"]"}
COMMAND: POST /session/be4790d44c8003a2500b5a2ec9bf0748/elements - {"using":"xpath","value":"//bdi[text()=\"OK\"]"}
RESULT: {"using":"xpath","value":"//bdi[text()=\"OK\"]"}
COMMAND: POST /session/be4790d44c8003a2500b5a2ec9bf0748/elements - {"using":"xpath","value":"//bdi[text()=\"OK\"]"}
RESULT: {"using":"xpath","value":"//bdi[text()=\"OK\"]"}
COMMAND: POST /session/be4790d44c8003a2500b5a2ec9bf0748/elements - {"using":"xpath","value":"//bdi[text()=\"OK\"]"}
RESULT: {"using":"xpath","value":"//bdi[text()=\"OK\"]"}
COMMAND: POST /session/be4790d44c8003a2500b5a2ec9bf0748/elements - {"using":"xpath","value":"//bdi[text()=\"OK\"]"}
RESULT: {"using":"xpath","value":"//bdi[text()=\"OK\"]"}
COMMAND: POST /session/be4790d44c8003a2500b5a2ec9bf0748/elements - {"using":"xpath","value":"//bdi[text()=\"OK\"]"}
RESULT: {"using":"xpath","value":"//bdi[text()=\"OK\"]"}
COMMAND: POST /session/be4790d44c8003a2500b5a2ec9bf0748/elements - {"using":"xpath","value":"//bdi[text()=\"OK\"]"}
RESULT: {"using":"xpath","value":"//bdi[text()=\"OK\"]"}
COMMAND: POST /session/be4790d44c8003a2500b5a2ec9bf0748/elements - {"using":"xpath","value":"//bdi[text()=\"OK\"]"}
RESULT: {"using":"xpath","value":"//bdi[text()=\"OK\"]"}
COMMAND: POST /session/be4790d44c8003a2500b5a2ec9bf0748/elements - {"using":"xpath","value":"//bdi[text()=\"OK\"]"}
RESULT: {"using":"xpath","value":"//bdi[text()=\"OK\"]"}
COMMAND: POST /session/be4790d44c8003a2500b5a2ec9bf0748/elements - {"using":"xpath","value":"//bdi[text()=\"OK\"]"}
RESULT: {"using":"xpath","value":"//bdi[text()=\"OK\"]"}
COMMAND: POST /session/be4790d44c8003a2500b5a2ec9bf0748/elements - {"using":"xpath","value":"//bdi[text()=\"OK\"]"}
RESULT: {"using":"xpath","value":"//bdi[text()=\"OK\"]"}
COMMAND: POST /session/be4790d44c8003a2500b5a2ec9bf0748/elements - {"using":"xpath","value":"//bdi[text()=\"OK\"]"}
RESULT: {"using":"xpath","value":"//bdi[text()=\"OK\"]"}
COMMAND: POST /session/be4790d44c8003a2500b5a2ec9bf0748/elements - {"using":"xpath","value":"//bdi[text()=\"OK\"]"}
RESULT: {"using":"xpath","value":"//bdi[text()=\"OK\"]"}
COMMAND: POST /session/be4790d44c8003a2500b5a2ec9bf0748/elements - {"using":"xpath","value":"//bdi[text()=\"OK\"]"}
RESULT: {"using":"xpath","value":"//bdi[text()=\"OK\"]"}
COMMAND: POST /session/be4790d44c8003a2500b5a2ec9bf0748/elements - {"using":"xpath","value":"//bdi[text()=\"OK\"]"}
RESULT: {"using":"xpath","value":"//bdi[text()=\"OK\"]"}
COMMAND: POST /session/be4790d44c8003a2500b5a2ec9bf0748/elements - {"using":"xpath","value":"//bdi[text()=\"OK\"]"}
RESULT: {"using":"xpath","value":"//bdi[text()=\"OK\"]"}
COMMAND: POST /session/be4790d44c8003a2500b5a2ec9bf0748/elements - {"using":"xpath","value":"//bdi[text()=\"OK\"]"}
RESULT: {"using":"xpath","value":"//bdi[text()=\"OK\"]"}
COMMAND: POST /session/be4790d44c8003a2500b5a2ec9bf0748/elements - {"using":"xpath","value":"//bdi[text()=\"OK\"]"}
RESULT: {"using":"xpath","value":"//bdi[text()=\"OK\"]"}
COMMAND: POST /session/be4790d44c8003a2500b5a2ec9bf0748/elements - {"using":"xpath","value":"//bdi[text()=\"OK\"]"}
RESULT: {"using":"xpath","value":"//bdi[text()=\"OK\"]"}
COMMAND: POST /session/be4790d44c8003a2500b5a2ec9bf0748/elements - {"using":"xpath","value":"//bdi[text()=\"OK\"]"}
RESULT: {"using":"xpath","value":"//bdi[text()=\"OK\"]"}
COMMAND: POST /session/be4790d44c8003a2500b5a2ec9bf0748/elements - {"using":"xpath","value":"//bdi[text()=\"OK\"]"}
RESULT: {"using":"xpath","value":"//bdi[text()=\"OK\"]"}
COMMAND: POST /session/be4790d44c8003a2500b5a2ec9bf0748/elements - {"using":"xpath","value":"//bdi[text()=\"OK\"]"}
RESULT: {"using":"xpath","value":"//bdi[text()=\"OK\"]"}
COMMAND: POST /session/be4790d44c8003a2500b5a2ec9bf0748/elements - {"using":"xpath","value":"//bdi[text()=\"OK\"]"}
RESULT: {"using":"xpath","value":"//bdi[text()=\"OK\"]"}
COMMAND: POST /session/be4790d44c8003a2500b5a2ec9bf0748/elements - {"using":"xpath","value":"//bdi[text()=\"OK\"]"}
RESULT: {"using":"xpath","value":"//bdi[text()=\"OK\"]"}
COMMAND: POST /session/be4790d44c8003a2500b5a2ec9bf0748/elements - {"using":"xpath","value":"//bdi[text()=\"OK\"]"}
RESULT: {"using":"xpath","value":"//bdi[text()=\"OK\"]"}
COMMAND: POST /session/be4790d44c8003a2500b5a2ec9bf0748/elements - {"using":"xpath","value":"//bdi[text()=\"OK\"]"}
RESULT: {"using":"xpath","value":"//bdi[text()=\"OK\"]"}
COMMAND: POST /session/be4790d44c8003a2500b5a2ec9bf0748/elements - {"using":"xpath","value":"//bdi[text()=\"OK\"]"}
RESULT: {"using":"xpath","value":"//bdi[text()=\"OK\"]"}
COMMAND: POST /session/be4790d44c8003a2500b5a2ec9bf0748/elements - {"using":"xpath","value":"//bdi[text()=\"OK\"]"}
RESULT: {"using":"xpath","value":"//bdi[text()=\"OK\"]"}
COMMAND: POST /session/be4790d44c8003a2500b5a2ec9bf0748/elements - {"using":"xpath","value":"//bdi[text()=\"OK\"]"}
RESULT: {"using":"xpath","value":"//bdi[text()=\"OK\"]"}
COMMAND: POST /session/be4790d44c8003a2500b5a2ec9bf0748/elements - {"using":"xpath","value":"//bdi[text()=\"OK\"]"}
RESULT: {"using":"xpath","value":"//bdi[text()=\"OK\"]"}
COMMAND: POST /session/be4790d44c8003a2500b5a2ec9bf0748/elements - {"using":"xpath","value":"//bdi[text()=\"OK\"]"}
RESULT: {"using":"xpath","value":"//bdi[text()=\"OK\"]"}
COMMAND: POST /session/be4790d44c8003a2500b5a2ec9bf0748/elements - {"using":"xpath","value":"//bdi[text()=\"OK\"]"}
RESULT: {"using":"xpath","value":"//bdi[text()=\"OK\"]"}
COMMAND: POST /session/be4790d44c8003a2500b5a2ec9bf0748/elements - {"using":"xpath","value":"//bdi[text()=\"OK\"]"}
RESULT: {"using":"xpath","value":"//bdi[text()=\"OK\"]"}
COMMAND: POST /session/be4790d44c8003a2500b5a2ec9bf0748/elements - {"using":"xpath","value":"//bdi[text()=\"OK\"]"}
RESULT: {"using":"xpath","value":"//bdi[text()=\"OK\"]"}
COMMAND: POST /session/be4790d44c8003a2500b5a2ec9bf0748/elements - {"using":"xpath","value":"//bdi[text()=\"OK\"]"}
RESULT: {"using":"xpath","value":"//bdi[text()=\"OK\"]"}
COMMAND: POST /session/be4790d44c8003a2500b5a2ec9bf0748/elements - {"using":"xpath","value":"//bdi[text()=\"OK\"]"}
RESULT: {"using":"xpath","value":"//bdi[text()=\"OK\"]"}
COMMAND: POST /session/be4790d44c8003a2500b5a2ec9bf0748/elements - {"using":"xpath","value":"//bdi[text()=\"OK\"]"}
RESULT: {"using":"xpath","value":"//bdi[text()=\"OK\"]"}
COMMAND: POST /session/be4790d44c8003a2500b5a2ec9bf0748/elements - {"using":"xpath","value":"//bdi[text()=\"OK\"]"}
RESULT: {"using":"xpath","value":"//bdi[text()=\"OK\"]"}
COMMAND: POST /session/be4790d44c8003a2500b5a2ec9bf0748/elements - {"using":"xpath","value":"//bdi[text()=\"OK\"]"}
RESULT: {"using":"xpath","value":"//bdi[text()=\"OK\"]"}
COMMAND: POST /session/be4790d44c8003a2500b5a2ec9bf0748/elements - {"using":"xpath","value":"//bdi[text()=\"OK\"]"}
RESULT: {"using":"xpath","value":"//bdi[text()=\"OK\"]"}
COMMAND: POST /session/be4790d44c8003a2500b5a2ec9bf0748/elements - {"using":"xpath","value":"//bdi[text()=\"OK\"]"}
RESULT: {"using":"xpath","value":"//bdi[text()=\"OK\"]"}
COMMAND: POST /session/be4790d44c8003a2500b5a2ec9bf0748/elements - {"using":"xpath","value":"//bdi[text()=\"OK\"]"}
RESULT: {"using":"xpath","value":"//bdi[text()=\"OK\"]"}
COMMAND: POST /session/be4790d44c8003a2500b5a2ec9bf0748/elements - {"using":"xpath","value":"//bdi[text()=\"OK\"]"}
RESULT: {"using":"xpath","value":"//bdi[text()=\"OK\"]"}
COMMAND: POST /session/be4790d44c8003a2500b5a2ec9bf0748/elements - {"using":"xpath","value":"//bdi[text()=\"OK\"]"}
RESULT: {"using":"xpath","value":"//bdi[text()=\"OK\"]"}
COMMAND: POST /session/be4790d44c8003a2500b5a2ec9bf0748/elements - {"using":"xpath","value":"//bdi[text()=\"OK\"]"}
RESULT: {"using":"xpath","value":"//bdi[text()=\"OK\"]"}
COMMAND: POST /session/be4790d44c8003a2500b5a2ec9bf0748/elements - {"using":"xpath","value":"//bdi[text()=\"OK\"]"}
RESULT: {"using":"xpath","value":"//bdi[text()=\"OK\"]"}
COMMAND: POST /session/be4790d44c8003a2500b5a2ec9bf0748/elements - {"using":"xpath","value":"//bdi[text()=\"OK\"]"}
RESULT: {"using":"xpath","value":"//bdi[text()=\"OK\"]"}
COMMAND: POST /session/be4790d44c8003a2500b5a2ec9bf0748/elements - {"using":"xpath","value":"//bdi[text()=\"OK\"]"}
RESULT: {"using":"xpath","value":"//bdi[text()=\"OK\"]"}
COMMAND: POST /session/be4790d44c8003a2500b5a2ec9bf0748/elements - {"using":"xpath","value":"//bdi[text()=\"OK\"]"}
RESULT: {"using":"xpath","value":"//bdi[text()=\"OK\"]"}
COMMAND: POST /session/be4790d44c8003a2500b5a2ec9bf0748/elements - {"using":"xpath","value":"//bdi[text()=\"OK\"]"}
RESULT: {"using":"xpath","value":"//bdi[text()=\"OK\"]"}
COMMAND: POST /session/be4790d44c8003a2500b5a2ec9bf0748/elements - {"using":"xpath","value":"//bdi[text()=\"OK\"]"}
RESULT: {"using":"xpath","value":"//bdi[text()=\"OK\"]"}
COMMAND: POST /session/be4790d44c8003a2500b5a2ec9bf0748/elements - {"using":"xpath","value":"//bdi[text()=\"OK\"]"}
RESULT: {"using":"xpath","value":"//bdi[text()=\"OK\"]"}
COMMAND: POST /session/be4790d44c8003a2500b5a2ec9bf0748/elements - {"using":"xpath","value":"//bdi[text()=\"OK\"]"}
RESULT: {"using":"xpath","value":"//bdi[text()=\"OK\"]"}
COMMAND: POST /session/be4790d44c8003a2500b5a2ec9bf0748/elements - {"using":"xpath","value":"//bdi[text()=\"OK\"]"}
RESULT: {"using":"xpath","value":"//bdi[text()=\"OK\"]"}
COMMAND: POST /session/be4790d44c8003a2500b5a2ec9bf0748/elements - {"using":"xpath","value":"//bdi[text()=\"OK\"]"}
RESULT: {"using":"xpath","value":"//bdi[text()=\"OK\"]"}
COMMAND: POST /session/be4790d44c8003a2500b5a2ec9bf0748/elements - {"using":"xpath","value":"//bdi[text()=\"OK\"]"}
RESULT: {"using":"xpath","value":"//bdi[text()=\"OK\"]"}
COMMAND: POST /session/be4790d44c8003a2500b5a2ec9bf0748/elements - {"using":"xpath","value":"//bdi[text()=\"OK\"]"}
RESULT: {"using":"xpath","value":"//bdi[text()=\"OK\"]"}
COMMAND: POST /session/be4790d44c8003a2500b5a2ec9bf0748/elements - {"using":"xpath","value":"//bdi[text()=\"OK\"]"}
RESULT: {"using":"xpath","value":"//bdi[text()=\"OK\"]"}
COMMAND: POST /session/be4790d44c8003a2500b5a2ec9bf0748/elements - {"using":"xpath","value":"//bdi[text()=\"OK\"]"}
RESULT: {"using":"xpath","value":"//bdi[text()=\"OK\"]"}
COMMAND: POST /session/be4790d44c8003a2500b5a2ec9bf0748/elements - {"using":"xpath","value":"//bdi[text()=\"OK\"]"}
RESULT: {"using":"xpath","value":"//bdi[text()=\"OK\"]"}
COMMAND: POST /session/be4790d44c8003a2500b5a2ec9bf0748/elements - {"using":"xpath","value":"//bdi[text()=\"OK\"]"}
RESULT: {"using":"xpath","value":"//bdi[text()=\"OK\"]"}
COMMAND: POST /session/be4790d44c8003a2500b5a2ec9bf0748/elements - {"using":"xpath","value":"//bdi[text()=\"OK\"]"}
RESULT: {"using":"xpath","value":"//bdi[text()=\"OK\"]"}
COMMAND: POST /session/be4790d44c8003a2500b5a2ec9bf0748/elements - {"using":"xpath","value":"//bdi[text()=\"OK\"]"}
RESULT: {"using":"xpath","value":"//bdi[text()=\"OK\"]"}
COMMAND: POST /session/be4790d44c8003a2500b5a2ec9bf0748/elements - {"using":"xpath","value":"//bdi[text()=\"OK\"]"}
RESULT: {"using":"xpath","value":"//bdi[text()=\"OK\"]"}
COMMAND: POST /session/be4790d44c8003a2500b5a2ec9bf0748/elements - {"using":"xpath","value":"//bdi[text()=\"OK\"]"}
RESULT: {"using":"xpath","value":"//bdi[text()=\"OK\"]"}
COMMAND: POST /session/be4790d44c8003a2500b5a2ec9bf0748/elements - {"using":"xpath","value":"//bdi[text()=\"OK\"]"}
RESULT: {"using":"xpath","value":"//bdi[text()=\"OK\"]"}
COMMAND: POST /session/be4790d44c8003a2500b5a2ec9bf0748/elements - {"using":"xpath","value":"//bdi[text()=\"OK\"]"}
RESULT: {"using":"xpath","value":"//bdi[text()=\"OK\"]"}
COMMAND: POST /session/be4790d44c8003a2500b5a2ec9bf0748/elements - {"using":"xpath","value":"//bdi[text()=\"OK\"]"}
RESULT: {"using":"xpath","value":"//bdi[text()=\"OK\"]"}
COMMAND: POST /session/be4790d44c8003a2500b5a2ec9bf0748/elements - {"using":"xpath","value":"//bdi[text()=\"OK\"]"}
RESULT: {"using":"xpath","value":"//bdi[text()=\"OK\"]"}
COMMAND: POST /session/be4790d44c8003a2500b5a2ec9bf0748/elements - {"using":"xpath","value":"//bdi[text()=\"OK\"]"}
RESULT: {"using":"xpath","value":"//bdi[text()=\"OK\"]"}
COMMAND: POST /session/be4790d44c8003a2500b5a2ec9bf0748/elements - {"using":"xpath","value":"//bdi[text()=\"OK\"]"}
RESULT: {"using":"xpath","value":"//bdi[text()=\"OK\"]"}
COMMAND: POST /session/be4790d44c8003a2500b5a2ec9bf0748/elements - {"using":"xpath","value":"//bdi[text()=\"OK\"]"}
RESULT: {"using":"xpath","value":"//bdi[text()=\"OK\"]"}
COMMAND: POST /session/be4790d44c8003a2500b5a2ec9bf0748/elements - {"using":"xpath","value":"//bdi[text()=\"OK\"]"}
RESULT: {"using":"xpath","value":"//bdi[text()=\"OK\"]"}
COMMAND: POST /session/be4790d44c8003a2500b5a2ec9bf0748/elements - {"using":"xpath","value":"//bdi[text()=\"OK\"]"}
RESULT: {"using":"xpath","value":"//bdi[text()=\"OK\"]"}
COMMAND: POST /session/be4790d44c8003a2500b5a2ec9bf0748/elements - {"using":"xpath","value":"//bdi[text()=\"OK\"]"}
RESULT: {"using":"xpath","value":"//bdi[text()=\"OK\"]"}
COMMAND: POST /session/be4790d44c8003a2500b5a2ec9bf0748/elements - {"using":"xpath","value":"//bdi[text()=\"OK\"]"}
RESULT: {"using":"xpath","value":"//bdi[text()=\"OK\"]"}
COMMAND: POST /session/be4790d44c8003a2500b5a2ec9bf0748/elements - {"using":"xpath","value":"//bdi[text()=\"OK\"]"}
RESULT: {"using":"xpath","value":"//bdi[text()=\"OK\"]"}
COMMAND: POST /session/be4790d44c8003a2500b5a2ec9bf0748/elements - {"using":"xpath","value":"//bdi[text()=\"OK\"]"}
RESULT: {"using":"xpath","value":"//bdi[text()=\"OK\"]"}
COMMAND: POST /session/be4790d44c8003a2500b5a2ec9bf0748/elements - {"using":"xpath","value":"//bdi[text()=\"OK\"]"}
RESULT: {"using":"xpath","value":"//bdi[text()=\"OK\"]"}
COMMAND: POST /session/be4790d44c8003a2500b5a2ec9bf0748/elements - {"using":"xpath","value":"//bdi[text()=\"OK\"]"}
RESULT: {"using":"xpath","value":"//bdi[text()=\"OK\"]"}
COMMAND: POST /session/be4790d44c8003a2500b5a2ec9bf0748/elements - {"using":"xpath","value":"//bdi[text()=\"OK\"]"}
RESULT: {"using":"xpath","value":"//bdi[text()=\"OK\"]"}
COMMAND: POST /session/be4790d44c8003a2500b5a2ec9bf0748/elements - {"using":"xpath","value":"//bdi[text()=\"OK\"]"}
RESULT: {"using":"xpath","value":"//bdi[text()=\"OK\"]"}
COMMAND: POST /session/be4790d44c8003a2500b5a2ec9bf0748/elements - {"using":"xpath","value":"//bdi[text()=\"OK\"]"}
RESULT: {"using":"xpath","value":"//bdi[text()=\"OK\"]"}
COMMAND: POST /session/be4790d44c8003a2500b5a2ec9bf0748/elements - {"using":"xpath","value":"//bdi[text()=\"OK\"]"}
RESULT: {"using":"xpath","value":"//bdi[text()=\"OK\"]"}
COMMAND: POST /session/be4790d44c8003a2500b5a2ec9bf0748/elements - {"using":"xpath","value":"//bdi[text()=\"OK\"]"}
RESULT: {"using":"xpath","value":"//bdi[text()=\"OK\"]"}
COMMAND: POST /session/be4790d44c8003a2500b5a2ec9bf0748/elements - {"using":"xpath","value":"//bdi[text()=\"OK\"]"}
RESULT: {"using":"xpath","value":"//bdi[text()=\"OK\"]"}
COMMAND: POST /session/be4790d44c8003a2500b5a2ec9bf0748/elements - {"using":"xpath","value":"//bdi[text()=\"OK\"]"}
RESULT: {"using":"xpath","value":"//bdi[text()=\"OK\"]"}
COMMAND: POST /session/be4790d44c8003a2500b5a2ec9bf0748/elements - {"using":"xpath","value":"//bdi[text()=\"OK\"]"}
RESULT: {"using":"xpath","value":"//bdi[text()=\"OK\"]"}
COMMAND: POST /session/be4790d44c8003a2500b5a2ec9bf0748/elements - {"using":"xpath","value":"//bdi[text()=\"OK\"]"}
RESULT: {"using":"xpath","value":"//bdi[text()=\"OK\"]"}
COMMAND: POST /session/be4790d44c8003a2500b5a2ec9bf0748/elements - {"using":"xpath","value":"//bdi[text()=\"OK\"]"}
RESULT: {"using":"xpath","value":"//bdi[text()=\"OK\"]"}
COMMAND: POST /session/be4790d44c8003a2500b5a2ec9bf0748/elements - {"using":"xpath","value":"//bdi[text()=\"OK\"]"}
RESULT: {"using":"xpath","value":"//bdi[text()=\"OK\"]"}
COMMAND: POST /session/be4790d44c8003a2500b5a2ec9bf0748/elements - {"using":"xpath","value":"//bdi[text()=\"OK\"]"}
RESULT: {"using":"xpath","value":"//bdi[text()=\"OK\"]"}
COMMAND: POST /session/be4790d44c8003a2500b5a2ec9bf0748/elements - {"using":"xpath","value":"//bdi[text()=\"OK\"]"}
RESULT: {"using":"xpath","value":"//bdi[text()=\"OK\"]"}
COMMAND: POST /session/be4790d44c8003a2500b5a2ec9bf0748/elements - {"using":"xpath","value":"//bdi[text()=\"OK\"]"}
RESULT: {"using":"xpath","value":"//bdi[text()=\"OK\"]"}
COMMAND: POST /session/be4790d44c8003a2500b5a2ec9bf0748/elements - {"using":"xpath","value":"//bdi[text()=\"OK\"]"}
RESULT: {"using":"xpath","value":"//bdi[text()=\"OK\"]"}
COMMAND: POST /session/be4790d44c8003a2500b5a2ec9bf0748/elements - {"using":"xpath","value":"//bdi[text()=\"OK\"]"}
RESULT: {"using":"xpath","value":"//bdi[text()=\"OK\"]"}
COMMAND: POST /session/be4790d44c8003a2500b5a2ec9bf0748/elements - {"using":"xpath","value":"//bdi[text()=\"OK\"]"}
RESULT: {"using":"xpath","value":"//bdi[text()=\"OK\"]"}
COMMAND: POST /session/be4790d44c8003a2500b5a2ec9bf0748/elements - {"using":"xpath","value":"//bdi[text()=\"OK\"]"}
RESULT: {"using":"xpath","value":"//bdi[text()=\"OK\"]"}
COMMAND: POST /session/be4790d44c8003a2500b5a2ec9bf0748/elements - {"using":"xpath","value":"//bdi[text()=\"OK\"]"}
RESULT: {"using":"xpath","value":"//bdi[text()=\"OK\"]"}
COMMAND: POST /session/be4790d44c8003a2500b5a2ec9bf0748/elements - {"using":"xpath","value":"//bdi[text()=\"OK\"]"}
RESULT: {"using":"xpath","value":"//bdi[text()=\"OK\"]"}
COMMAND: POST /session/be4790d44c8003a2500b5a2ec9bf0748/elements - {"using":"xpath","value":"//bdi[text()=\"OK\"]"}
RESULT: {"using":"xpath","value":"//bdi[text()=\"OK\"]"}
COMMAND: POST /session/be4790d44c8003a2500b5a2ec9bf0748/elements - {"using":"xpath","value":"//bdi[text()=\"OK\"]"}
RESULT: {"using":"xpath","value":"//bdi[text()=\"OK\"]"}
COMMAND: POST /session/be4790d44c8003a2500b5a2ec9bf0748/elements - {"using":"xpath","value":"//bdi[text()=\"OK\"]"}
RESULT: {"using":"xpath","value":"//bdi[text()=\"OK\"]"}
COMMAND: POST /session/be4790d44c8003a2500b5a2ec9bf0748/elements - {"using":"xpath","value":"//bdi[text()=\"OK\"]"}
RESULT: {"using":"xpath","value":"//bdi[text()=\"OK\"]"}
COMMAND: POST /session/be4790d44c8003a2500b5a2ec9bf0748/elements - {"using":"xpath","value":"//bdi[text()=\"OK\"]"}
RESULT: {"using":"xpath","value":"//bdi[text()=\"OK\"]"}
COMMAND: POST /session/be4790d44c8003a2500b5a2ec9bf0748/elements - {"using":"xpath","value":"//bdi[text()=\"OK\"]"}
RESULT: {"using":"xpath","value":"//bdi[text()=\"OK\"]"}
COMMAND: POST /session/be4790d44c8003a2500b5a2ec9bf0748/elements - {"using":"xpath","value":"//bdi[text()=\"OK\"]"}
RESULT: {"using":"xpath","value":"//bdi[text()=\"OK\"]"}
COMMAND: POST /session/be4790d44c8003a2500b5a2ec9bf0748/elements - {"using":"xpath","value":"//bdi[text()=\"OK\"]"}
RESULT: {"using":"xpath","value":"//bdi[text()=\"OK\"]"}
COMMAND: POST /session/be4790d44c8003a2500b5a2ec9bf0748/elements - {"using":"xpath","value":"//bdi[text()=\"OK\"]"}
RESULT: {"using":"xpath","value":"//bdi[text()=\"OK\"]"}
COMMAND: POST /session/be4790d44c8003a2500b5a2ec9bf0748/elements - {"using":"xpath","value":"//bdi[text()=\"OK\"]"}
RESULT: {"using":"xpath","value":"//bdi[text()=\"OK\"]"}
COMMAND: POST /session/be4790d44c8003a2500b5a2ec9bf0748/elements - {"using":"xpath","value":"//bdi[text()=\"OK\"]"}
RESULT: {"using":"xpath","value":"//bdi[text()=\"OK\"]"}
COMMAND: POST /session/be4790d44c8003a2500b5a2ec9bf0748/elements - {"using":"xpath","value":"//bdi[text()=\"OK\"]"}
RESULT: {"using":"xpath","value":"//bdi[text()=\"OK\"]"}
COMMAND: POST /session/be4790d44c8003a2500b5a2ec9bf0748/elements - {"using":"xpath","value":"//bdi[text()=\"OK\"]"}
RESULT: {"using":"xpath","value":"//bdi[text()=\"OK\"]"}
COMMAND: POST /session/be4790d44c8003a2500b5a2ec9bf0748/elements - {"using":"xpath","value":"//bdi[text()=\"OK\"]"}
RESULT: {"using":"xpath","value":"//bdi[text()=\"OK\"]"}
COMMAND: POST /session/be4790d44c8003a2500b5a2ec9bf0748/elements - {"using":"xpath","value":"//bdi[text()=\"OK\"]"}
RESULT: {"using":"xpath","value":"//bdi[text()=\"OK\"]"}
COMMAND: POST /session/be4790d44c8003a2500b5a2ec9bf0748/elements - {"using":"xpath","value":"//bdi[text()=\"OK\"]"}
RESULT: {"using":"xpath","value":"//bdi[text()=\"OK\"]"}
COMMAND: POST /session/be4790d44c8003a2500b5a2ec9bf0748/element - {"using":"xpath","value":"//bdi[text()=\"OK\"]"}
RESULT: {"using":"xpath","value":"//bdi[text()=\"OK\"]"}
COMMAND: POST /session/be4790d44c8003a2500b5a2ec9bf0748/elements - {"using":"xpath","value":"//bdi[text()=\"OK\"]"}
RESULT: {"using":"xpath","value":"//bdi[text()=\"OK\"]"}
COMMAND: POST /session/be4790d44c8003a2500b5a2ec9bf0748/elements - {"using":"xpath","value":"//bdi[text()=\"OK\"]"}
RESULT: {"using":"xpath","value":"//bdi[text()=\"OK\"]"}
COMMAND: POST /session/be4790d44c8003a2500b5a2ec9bf0748/elements - {"using":"xpath","value":"//bdi[text()=\"OK\"]"}
RESULT: {"using":"xpath","value":"//bdi[text()=\"OK\"]"}
COMMAND: POST /session/be4790d44c8003a2500b5a2ec9bf0748/elements - {"using":"xpath","value":"//bdi[text()=\"OK\"]"}
RESULT: {"using":"xpath","value":"//bdi[text()=\"OK\"]"}
COMMAND: POST /session/be4790d44c8003a2500b5a2ec9bf0748/elements - {"using":"xpath","value":"//bdi[text()=\"OK\"]"}
RESULT: {"using":"xpath","value":"//bdi[text()=\"OK\"]"}
COMMAND: POST /session/be4790d44c8003a2500b5a2ec9bf0748/elements - {"using":"xpath","value":"//bdi[text()=\"OK\"]"}
RESULT: {"using":"xpath","value":"//bdi[text()=\"OK\"]"}
COMMAND: POST /session/be4790d44c8003a2500b5a2ec9bf0748/elements - {"using":"xpath","value":"//bdi[text()=\"OK\"]"}
RESULT: {"using":"xpath","value":"//bdi[text()=\"OK\"]"}
COMMAND: POST /session/be4790d44c8003a2500b5a2ec9bf0748/elements - {"using":"xpath","value":"//bdi[text()=\"OK\"]"}
RESULT: {"using":"xpath","value":"//bdi[text()=\"OK\"]"}
COMMAND: POST /session/be4790d44c8003a2500b5a2ec9bf0748/elements - {"using":"xpath","value":"//bdi[text()=\"OK\"]"}
RESULT: {"using":"xpath","value":"//bdi[text()=\"OK\"]"}
COMMAND: POST /session/be4790d44c8003a2500b5a2ec9bf0748/elements - {"using":"xpath","value":"//bdi[text()=\"OK\"]"}
RESULT: {"using":"xpath","value":"//bdi[text()=\"OK\"]"}
COMMAND: POST /session/be4790d44c8003a2500b5a2ec9bf0748/elements - {"using":"xpath","value":"//bdi[text()=\"OK\"]"}
RESULT: {"using":"xpath","value":"//bdi[text()=\"OK\"]"}
COMMAND: POST /session/be4790d44c8003a2500b5a2ec9bf0748/elements - {"using":"xpath","value":"//bdi[text()=\"OK\"]"}
RESULT: {"using":"xpath","value":"//bdi[text()=\"OK\"]"}
COMMAND: POST /session/be4790d44c8003a2500b5a2ec9bf0748/elements - {"using":"xpath","value":"//bdi[text()=\"OK\"]"}
RESULT: {"using":"xpath","value":"//bdi[text()=\"OK\"]"}
COMMAND: POST /session/be4790d44c8003a2500b5a2ec9bf0748/elements - {"using":"xpath","value":"//bdi[text()=\"OK\"]"}
RESULT: {"using":"xpath","value":"//bdi[text()=\"OK\"]"}
COMMAND: POST /session/be4790d44c8003a2500b5a2ec9bf0748/elements - {"using":"xpath","value":"//bdi[text()=\"OK\"]"}
RESULT: {"using":"xpath","value":"//bdi[text()=\"OK\"]"}
COMMAND: POST /session/be4790d44c8003a2500b5a2ec9bf0748/elements - {"using":"xpath","value":"//bdi[text()=\"OK\"]"}
RESULT: {"using":"xpath","value":"//bdi[text()=\"OK\"]"}
COMMAND: POST /session/be4790d44c8003a2500b5a2ec9bf0748/elements - {"using":"xpath","value":"//bdi[text()=\"OK\"]"}
RESULT: {"using":"xpath","value":"//bdi[text()=\"OK\"]"}
COMMAND: POST /session/be4790d44c8003a2500b5a2ec9bf0748/elements - {"using":"xpath","value":"//bdi[text()=\"OK\"]"}
RESULT: {"using":"xpath","value":"//bdi[text()=\"OK\"]"}
COMMAND: POST /session/be4790d44c8003a2500b5a2ec9bf0748/elements - {"using":"xpath","value":"//bdi[text()=\"OK\"]"}
RESULT: {"using":"xpath","value":"//bdi[text()=\"OK\"]"}
COMMAND: POST /session/be4790d44c8003a2500b5a2ec9bf0748/elements - {"using":"xpath","value":"//bdi[text()=\"OK\"]"}
RESULT: {"using":"xpath","value":"//bdi[text()=\"OK\"]"}
COMMAND: POST /session/be4790d44c8003a2500b5a2ec9bf0748/elements - {"using":"xpath","value":"//bdi[text()=\"OK\"]"}
RESULT: {"using":"xpath","value":"//bdi[text()=\"OK\"]"}
COMMAND: POST /session/be4790d44c8003a2500b5a2ec9bf0748/elements - {"using":"xpath","value":"//bdi[text()=\"OK\"]"}
RESULT: {"using":"xpath","value":"//bdi[text()=\"OK\"]"}
COMMAND: POST /session/be4790d44c8003a2500b5a2ec9bf0748/elements - {"using":"xpath","value":"//bdi[text()=\"OK\"]"}
RESULT: {"using":"xpath","value":"//bdi[text()=\"OK\"]"}
COMMAND: POST /session/be4790d44c8003a2500b5a2ec9bf0748/elements - {"using":"xpath","value":"//bdi[text()=\"OK\"]"}
RESULT: {"using":"xpath","value":"//bdi[text()=\"OK\"]"}
COMMAND: POST /session/be4790d44c8003a2500b5a2ec9bf0748/elements - {"using":"xpath","value":"//bdi[text()=\"OK\"]"}
RESULT: {"using":"xpath","value":"//bdi[text()=\"OK\"]"}
COMMAND: POST /session/be4790d44c8003a2500b5a2ec9bf0748/elements - {"using":"xpath","value":"//bdi[text()=\"OK\"]"}
RESULT: {"using":"xpath","value":"//bdi[text()=\"OK\"]"}
COMMAND: POST /session/be4790d44c8003a2500b5a2ec9bf0748/elements - {"using":"xpath","value":"//bdi[text()=\"OK\"]"}
RESULT: {"using":"xpath","value":"//bdi[text()=\"OK\"]"}
COMMAND: POST /session/be4790d44c8003a2500b5a2ec9bf0748/elements - {"using":"xpath","value":"//bdi[text()=\"OK\"]"}
RESULT: {"using":"xpath","value":"//bdi[text()=\"OK\"]"}
COMMAND: POST /session/be4790d44c8003a2500b5a2ec9bf0748/elements - {"using":"xpath","value":"//bdi[text()=\"OK\"]"}
RESULT: {"using":"xpath","value":"//bdi[text()=\"OK\"]"}
COMMAND: POST /session/be4790d44c8003a2500b5a2ec9bf0748/elements - {"using":"xpath","value":"//bdi[text()=\"OK\"]"}
RESULT: {"using":"xpath","value":"//bdi[text()=\"OK\"]"}
COMMAND: POST /session/be4790d44c8003a2500b5a2ec9bf0748/elements - {"using":"xpath","value":"//bdi[text()=\"OK\"]"}
RESULT: {"using":"xpath","value":"//bdi[text()=\"OK\"]"}
COMMAND: POST /session/be4790d44c8003a2500b5a2ec9bf0748/elements - {"using":"xpath","value":"//bdi[text()=\"OK\"]"}
RESULT: {"using":"xpath","value":"//bdi[text()=\"OK\"]"}
COMMAND: POST /session/be4790d44c8003a2500b5a2ec9bf0748/elements - {"using":"xpath","value":"//bdi[text()=\"OK\"]"}
RESULT: {"using":"xpath","value":"//bdi[text()=\"OK\"]"}
COMMAND: POST /session/be4790d44c8003a2500b5a2ec9bf0748/elements - {"using":"xpath","value":"//bdi[text()=\"OK\"]"}
RESULT: {"using":"xpath","value":"//bdi[text()=\"OK\"]"}
COMMAND: POST /session/be4790d44c8003a2500b5a2ec9bf0748/elements - {"using":"xpath","value":"//bdi[text()=\"OK\"]"}
RESULT: {"using":"xpath","value":"//bdi[text()=\"OK\"]"}
COMMAND: POST /session/be4790d44c8003a2500b5a2ec9bf0748/elements - {"using":"xpath","value":"//bdi[text()=\"OK\"]"}
RESULT: {"using":"xpath","value":"//bdi[text()=\"OK\"]"}
COMMAND: POST /session/be4790d44c8003a2500b5a2ec9bf0748/elements - {"using":"xpath","value":"//bdi[text()=\"OK\"]"}
RESULT: {"using":"xpath","value":"//bdi[text()=\"OK\"]"}
COMMAND: POST /session/be4790d44c8003a2500b5a2ec9bf0748/elements - {"using":"xpath","value":"//bdi[text()=\"OK\"]"}
RESULT: {"using":"xpath","value":"//bdi[text()=\"OK\"]"}
COMMAND: POST /session/be4790d44c8003a2500b5a2ec9bf0748/elements - {"using":"xpath","value":"//bdi[text()=\"OK\"]"}
RESULT: {"using":"xpath","value":"//bdi[text()=\"OK\"]"}
COMMAND: POST /session/be4790d44c8003a2500b5a2ec9bf0748/elements - {"using":"xpath","value":"//bdi[text()=\"OK\"]"}
RESULT: {"using":"xpath","value":"//bdi[text()=\"OK\"]"}
COMMAND: POST /session/be4790d44c8003a2500b5a2ec9bf0748/elements - {"using":"xpath","value":"//bdi[text()=\"OK\"]"}
RESULT: {"using":"xpath","value":"//bdi[text()=\"OK\"]"}
COMMAND: POST /session/be4790d44c8003a2500b5a2ec9bf0748/elements - {"using":"xpath","value":"//bdi[text()=\"OK\"]"}
RESULT: {"using":"xpath","value":"//bdi[text()=\"OK\"]"}
COMMAND: POST /session/be4790d44c8003a2500b5a2ec9bf0748/elements - {"using":"xpath","value":"//bdi[text()=\"OK\"]"}
RESULT: {"using":"xpath","value":"//bdi[text()=\"OK\"]"}
COMMAND: POST /session/be4790d44c8003a2500b5a2ec9bf0748/elements - {"using":"xpath","value":"//bdi[text()=\"OK\"]"}
RESULT: {"using":"xpath","value":"//bdi[text()=\"OK\"]"}
COMMAND: POST /session/be4790d44c8003a2500b5a2ec9bf0748/elements - {"using":"xpath","value":"//bdi[text()=\"OK\"]"}
RESULT: {"using":"xpath","value":"//bdi[text()=\"OK\"]"}
COMMAND: POST /session/be4790d44c8003a2500b5a2ec9bf0748/elements - {"using":"xpath","value":"//bdi[text()=\"OK\"]"}
RESULT: {"using":"xpath","value":"//bdi[text()=\"OK\"]"}
COMMAND: POST /session/be4790d44c8003a2500b5a2ec9bf0748/elements - {"using":"xpath","value":"//bdi[text()=\"OK\"]"}
RESULT: {"using":"xpath","value":"//bdi[text()=\"OK\"]"}
COMMAND: POST /session/be4790d44c8003a2500b5a2ec9bf0748/elements - {"using":"xpath","value":"//bdi[text()=\"OK\"]"}
RESULT: {"using":"xpath","value":"//bdi[text()=\"OK\"]"}
COMMAND: POST /session/be4790d44c8003a2500b5a2ec9bf0748/elements - {"using":"xpath","value":"//bdi[text()=\"OK\"]"}
RESULT: {"using":"xpath","value":"//bdi[text()=\"OK\"]"}
COMMAND: POST /session/be4790d44c8003a2500b5a2ec9bf0748/elements - {"using":"xpath","value":"//bdi[text()=\"OK\"]"}
RESULT: {"using":"xpath","value":"//bdi[text()=\"OK\"]"}
COMMAND: POST /session/be4790d44c8003a2500b5a2ec9bf0748/elements - {"using":"xpath","value":"//bdi[text()=\"OK\"]"}
RESULT: {"using":"xpath","value":"//bdi[text()=\"OK\"]"}
COMMAND: POST /session/be4790d44c8003a2500b5a2ec9bf0748/elements - {"using":"xpath","value":"//bdi[text()=\"OK\"]"}
RESULT: {"using":"xpath","value":"//bdi[text()=\"OK\"]"}
COMMAND: POST /session/be4790d44c8003a2500b5a2ec9bf0748/elements - {"using":"xpath","value":"//bdi[text()=\"OK\"]"}
RESULT: {"using":"xpath","value":"//bdi[text()=\"OK\"]"}
COMMAND: POST /session/be4790d44c8003a2500b5a2ec9bf0748/elements - {"using":"xpath","value":"//bdi[text()=\"OK\"]"}
RESULT: {"using":"xpath","value":"//bdi[text()=\"OK\"]"}
COMMAND: POST /session/be4790d44c8003a2500b5a2ec9bf0748/elements - {"using":"xpath","value":"//bdi[text()=\"OK\"]"}
RESULT: {"using":"xpath","value":"//bdi[text()=\"OK\"]"}
COMMAND: POST /session/be4790d44c8003a2500b5a2ec9bf0748/elements - {"using":"xpath","value":"//bdi[text()=\"OK\"]"}
RESULT: {"using":"xpath","value":"//bdi[text()=\"OK\"]"}
COMMAND: POST /session/be4790d44c8003a2500b5a2ec9bf0748/elements - {"using":"xpath","value":"//bdi[text()=\"OK\"]"}
RESULT: {"using":"xpath","value":"//bdi[text()=\"OK\"]"}
COMMAND: POST /session/be4790d44c8003a2500b5a2ec9bf0748/elements - {"using":"xpath","value":"//bdi[text()=\"OK\"]"}
RESULT: {"using":"xpath","value":"//bdi[text()=\"OK\"]"}
COMMAND: POST /session/be4790d44c8003a2500b5a2ec9bf0748/elements - {"using":"xpath","value":"//bdi[text()=\"OK\"]"}
RESULT: {"using":"xpath","value":"//bdi[text()=\"OK\"]"}
COMMAND: POST /session/be4790d44c8003a2500b5a2ec9bf0748/elements - {"using":"xpath","value":"//bdi[text()=\"OK\"]"}
RESULT: {"using":"xpath","value":"//bdi[text()=\"OK\"]"}
COMMAND: POST /session/be4790d44c8003a2500b5a2ec9bf0748/elements - {"using":"xpath","value":"//bdi[text()=\"OK\"]"}
RESULT: {"using":"xpath","value":"//bdi[text()=\"OK\"]"}
COMMAND: POST /session/be4790d44c8003a2500b5a2ec9bf0748/elements - {"using":"xpath","value":"//bdi[text()=\"OK\"]"}
RESULT: {"using":"xpath","value":"//bdi[text()=\"OK\"]"}
COMMAND: POST /session/be4790d44c8003a2500b5a2ec9bf0748/elements - {"using":"xpath","value":"//bdi[text()=\"OK\"]"}
RESULT: {"using":"xpath","value":"//bdi[text()=\"OK\"]"}
COMMAND: POST /session/be4790d44c8003a2500b5a2ec9bf0748/elements - {"using":"xpath","value":"//bdi[text()=\"OK\"]"}
RESULT: {"using":"xpath","value":"//bdi[text()=\"OK\"]"}
COMMAND: POST /session/be4790d44c8003a2500b5a2ec9bf0748/elements - {"using":"xpath","value":"//bdi[text()=\"OK\"]"}
RESULT: {"using":"xpath","value":"//bdi[text()=\"OK\"]"}
COMMAND: POST /session/be4790d44c8003a2500b5a2ec9bf0748/elements - {"using":"xpath","value":"//bdi[text()=\"OK\"]"}
RESULT: {"using":"xpath","value":"//bdi[text()=\"OK\"]"}
COMMAND: POST /session/be4790d44c8003a2500b5a2ec9bf0748/elements - {"using":"xpath","value":"//bdi[text()=\"OK\"]"}
RESULT: {"using":"xpath","value":"//bdi[text()=\"OK\"]"}
COMMAND: POST /session/be4790d44c8003a2500b5a2ec9bf0748/elements - {"using":"xpath","value":"//bdi[text()=\"OK\"]"}
RESULT: {"using":"xpath","value":"//bdi[text()=\"OK\"]"}
COMMAND: POST /session/be4790d44c8003a2500b5a2ec9bf0748/elements - {"using":"xpath","value":"//bdi[text()=\"OK\"]"}
RESULT: {"using":"xpath","value":"//bdi[text()=\"OK\"]"}
COMMAND: POST /session/be4790d44c8003a2500b5a2ec9bf0748/elements - {"using":"xpath","value":"//bdi[text()=\"OK\"]"}
RESULT: {"using":"xpath","value":"//bdi[text()=\"OK\"]"}
COMMAND: POST /session/be4790d44c8003a2500b5a2ec9bf0748/elements - {"using":"xpath","value":"//bdi[text()=\"OK\"]"}
RESULT: {"using":"xpath","value":"//bdi[text()=\"OK\"]"}
COMMAND: POST /session/be4790d44c8003a2500b5a2ec9bf0748/elements - {"using":"xpath","value":"//bdi[text()=\"OK\"]"}
RESULT: {"using":"xpath","value":"//bdi[text()=\"OK\"]"}
COMMAND: POST /session/be4790d44c8003a2500b5a2ec9bf0748/elements - {"using":"xpath","value":"//bdi[text()=\"OK\"]"}
RESULT: {"using":"xpath","value":"//bdi[text()=\"OK\"]"}
COMMAND: POST /session/be4790d44c8003a2500b5a2ec9bf0748/elements - {"using":"xpath","value":"//bdi[text()=\"OK\"]"}
RESULT: {"using":"xpath","value":"//bdi[text()=\"OK\"]"}
COMMAND: POST /session/be4790d44c8003a2500b5a2ec9bf0748/elements - {"using":"xpath","value":"//bdi[text()=\"OK\"]"}
RESULT: {"using":"xpath","value":"//bdi[text()=\"OK\"]"}
COMMAND: POST /session/be4790d44c8003a2500b5a2ec9bf0748/elements - {"using":"xpath","value":"//bdi[text()=\"OK\"]"}
RESULT: {"using":"xpath","value":"//bdi[text()=\"OK\"]"}
COMMAND: POST /session/be4790d44c8003a2500b5a2ec9bf0748/elements - {"using":"xpath","value":"//bdi[text()=\"OK\"]"}
RESULT: {"using":"xpath","value":"//bdi[text()=\"OK\"]"}
COMMAND: POST /session/be4790d44c8003a2500b5a2ec9bf0748/elements - {"using":"xpath","value":"//bdi[text()=\"OK\"]"}
RESULT: {"using":"xpath","value":"//bdi[text()=\"OK\"]"}
COMMAND: POST /session/be4790d44c8003a2500b5a2ec9bf0748/elements - {"using":"xpath","value":"//bdi[text()=\"OK\"]"}
RESULT: {"using":"xpath","value":"//bdi[text()=\"OK\"]"}
COMMAND: POST /session/be4790d44c8003a2500b5a2ec9bf0748/elements - {"using":"xpath","value":"//bdi[text()=\"OK\"]"}
RESULT: {"using":"xpath","value":"//bdi[text()=\"OK\"]"}
COMMAND: POST /session/be4790d44c8003a2500b5a2ec9bf0748/elements - {"using":"xpath","value":"//bdi[text()=\"OK\"]"}
RESULT: {"using":"xpath","value":"//bdi[text()=\"OK\"]"}
COMMAND: POST /session/be4790d44c8003a2500b5a2ec9bf0748/elements - {"using":"xpath","value":"//bdi[text()=\"OK\"]"}
RESULT: {"using":"xpath","value":"//bdi[text()=\"OK\"]"}
COMMAND: POST /session/be4790d44c8003a2500b5a2ec9bf0748/elements - {"using":"xpath","value":"//bdi[text()=\"OK\"]"}
RESULT: {"using":"xpath","value":"//bdi[text()=\"OK\"]"}
COMMAND: POST /session/be4790d44c8003a2500b5a2ec9bf0748/elements - {"using":"xpath","value":"//bdi[text()=\"OK\"]"}
RESULT: {"using":"xpath","value":"//bdi[text()=\"OK\"]"}
COMMAND: POST /session/be4790d44c8003a2500b5a2ec9bf0748/elements - {"using":"xpath","value":"//bdi[text()=\"OK\"]"}
RESULT: {"using":"xpath","value":"//bdi[text()=\"OK\"]"}
COMMAND: POST /session/be4790d44c8003a2500b5a2ec9bf0748/elements - {"using":"xpath","value":"//bdi[text()=\"OK\"]"}
RESULT: {"using":"xpath","value":"//bdi[text()=\"OK\"]"}
COMMAND: POST /session/be4790d44c8003a2500b5a2ec9bf0748/elements - {"using":"xpath","value":"//bdi[text()=\"OK\"]"}
RESULT: {"using":"xpath","value":"//bdi[text()=\"OK\"]"}
COMMAND: POST /session/be4790d44c8003a2500b5a2ec9bf0748/elements - {"using":"xpath","value":"//bdi[text()=\"OK\"]"}
RESULT: {"using":"xpath","value":"//bdi[text()=\"OK\"]"}
COMMAND: POST /session/be4790d44c8003a2500b5a2ec9bf0748/elements - {"using":"xpath","value":"//bdi[text()=\"OK\"]"}
RESULT: {"using":"xpath","value":"//bdi[text()=\"OK\"]"}
COMMAND: POST /session/be4790d44c8003a2500b5a2ec9bf0748/elements - {"using":"xpath","value":"//bdi[text()=\"OK\"]"}
RESULT: {"using":"xpath","value":"//bdi[text()=\"OK\"]"}
COMMAND: POST /session/be4790d44c8003a2500b5a2ec9bf0748/elements - {"using":"xpath","value":"//bdi[text()=\"OK\"]"}
RESULT: {"using":"xpath","value":"//bdi[text()=\"OK\"]"}
COMMAND: POST /session/be4790d44c8003a2500b5a2ec9bf0748/elements - {"using":"xpath","value":"//bdi[text()=\"OK\"]"}
RESULT: {"using":"xpath","value":"//bdi[text()=\"OK\"]"}
COMMAND: POST /session/be4790d44c8003a2500b5a2ec9bf0748/elements - {"using":"xpath","value":"//bdi[text()=\"OK\"]"}
RESULT: {"using":"xpath","value":"//bdi[text()=\"OK\"]"}
COMMAND: POST /session/be4790d44c8003a2500b5a2ec9bf0748/elements - {"using":"xpath","value":"//bdi[text()=\"OK\"]"}
RESULT: {"using":"xpath","value":"//bdi[text()=\"OK\"]"}
COMMAND: POST /session/be4790d44c8003a2500b5a2ec9bf0748/elements - {"using":"xpath","value":"//bdi[text()=\"OK\"]"}
RESULT: {"using":"xpath","value":"//bdi[text()=\"OK\"]"}
COMMAND: POST /session/be4790d44c8003a2500b5a2ec9bf0748/elements - {"using":"xpath","value":"//bdi[text()=\"OK\"]"}
RESULT: {"using":"xpath","value":"//bdi[text()=\"OK\"]"}
COMMAND: POST /session/be4790d44c8003a2500b5a2ec9bf0748/elements - {"using":"xpath","value":"//bdi[text()=\"OK\"]"}
RESULT: {"using":"xpath","value":"//bdi[text()=\"OK\"]"}
COMMAND: POST /session/be4790d44c8003a2500b5a2ec9bf0748/elements - {"using":"xpath","value":"//bdi[text()=\"OK\"]"}
RESULT: {"using":"xpath","value":"//bdi[text()=\"OK\"]"}
COMMAND: POST /session/be4790d44c8003a2500b5a2ec9bf0748/elements - {"using":"xpath","value":"//bdi[text()=\"OK\"]"}
RESULT: {"using":"xpath","value":"//bdi[text()=\"OK\"]"}
COMMAND: POST /session/be4790d44c8003a2500b5a2ec9bf0748/elements - {"using":"xpath","value":"//bdi[text()=\"OK\"]"}
RESULT: {"using":"xpath","value":"//bdi[text()=\"OK\"]"}
COMMAND: POST /session/be4790d44c8003a2500b5a2ec9bf0748/elements - {"using":"xpath","value":"//bdi[text()=\"OK\"]"}
RESULT: {"using":"xpath","value":"//bdi[text()=\"OK\"]"}
COMMAND: POST /session/be4790d44c8003a2500b5a2ec9bf0748/elements - {"using":"xpath","value":"//bdi[text()=\"OK\"]"}
RESULT: {"using":"xpath","value":"//bdi[text()=\"OK\"]"}
COMMAND: POST /session/be4790d44c8003a2500b5a2ec9bf0748/elements - {"using":"xpath","value":"//bdi[text()=\"OK\"]"}
RESULT: {"using":"xpath","value":"//bdi[text()=\"OK\"]"}
COMMAND: POST /session/be4790d44c8003a2500b5a2ec9bf0748/elements - {"using":"xpath","value":"//bdi[text()=\"OK\"]"}
RESULT: {"using":"xpath","value":"//bdi[text()=\"OK\"]"}
COMMAND: POST /session/be4790d44c8003a2500b5a2ec9bf0748/elements - {"using":"xpath","value":"//bdi[text()=\"OK\"]"}
RESULT: {"using":"xpath","value":"//bdi[text()=\"OK\"]"}
COMMAND: POST /session/be4790d44c8003a2500b5a2ec9bf0748/elements - {"using":"xpath","value":"//bdi[text()=\"OK\"]"}
RESULT: {"using":"xpath","value":"//bdi[text()=\"OK\"]"}
COMMAND: POST /session/be4790d44c8003a2500b5a2ec9bf0748/elements - {"using":"xpath","value":"//bdi[text()=\"OK\"]"}
RESULT: {"using":"xpath","value":"//bdi[text()=\"OK\"]"}
COMMAND: POST /session/be4790d44c8003a2500b5a2ec9bf0748/elements - {"using":"xpath","value":"//bdi[text()=\"OK\"]"}
RESULT: {"using":"xpath","value":"//bdi[text()=\"OK\"]"}
COMMAND: POST /session/be4790d44c8003a2500b5a2ec9bf0748/elements - {"using":"xpath","value":"//bdi[text()=\"OK\"]"}
RESULT: {"using":"xpath","value":"//bdi[text()=\"OK\"]"}
COMMAND: POST /session/be4790d44c8003a2500b5a2ec9bf0748/elements - {"using":"xpath","value":"//bdi[text()=\"OK\"]"}
RESULT: {"using":"xpath","value":"//bdi[text()=\"OK\"]"}
COMMAND: POST /session/be4790d44c8003a2500b5a2ec9bf0748/elements - {"using":"xpath","value":"//bdi[text()=\"OK\"]"}
RESULT: {"using":"xpath","value":"//bdi[text()=\"OK\"]"}
COMMAND: POST /session/be4790d44c8003a2500b5a2ec9bf0748/elements - {"using":"xpath","value":"//bdi[text()=\"OK\"]"}
RESULT: {"using":"xpath","value":"//bdi[text()=\"OK\"]"}
COMMAND: POST /session/be4790d44c8003a2500b5a2ec9bf0748/elements - {"using":"xpath","value":"//bdi[text()=\"OK\"]"}
RESULT: {"using":"xpath","value":"//bdi[text()=\"OK\"]"}
COMMAND: POST /session/be4790d44c8003a2500b5a2ec9bf0748/elements - {"using":"xpath","value":"//bdi[text()=\"OK\"]"}
RESULT: {"using":"xpath","value":"//bdi[text()=\"OK\"]"}
COMMAND: POST /session/be4790d44c8003a2500b5a2ec9bf0748/elements - {"using":"xpath","value":"//bdi[text()=\"OK\"]"}
RESULT: {"using":"xpath","value":"//bdi[text()=\"OK\"]"}
COMMAND: POST /session/be4790d44c8003a2500b5a2ec9bf0748/elements - {"using":"xpath","value":"//bdi[text()=\"OK\"]"}
RESULT: {"using":"xpath","value":"//bdi[text()=\"OK\"]"}
COMMAND: POST /session/be4790d44c8003a2500b5a2ec9bf0748/elements - {"using":"xpath","value":"//bdi[text()=\"OK\"]"}
RESULT: {"using":"xpath","value":"//bdi[text()=\"OK\"]"}
COMMAND: POST /session/be4790d44c8003a2500b5a2ec9bf0748/elements - {"using":"xpath","value":"//bdi[text()=\"OK\"]"}
RESULT: {"using":"xpath","value":"//bdi[text()=\"OK\"]"}
COMMAND: POST /session/be4790d44c8003a2500b5a2ec9bf0748/elements - {"using":"xpath","value":"//bdi[text()=\"OK\"]"}
RESULT: {"using":"xpath","value":"//bdi[text()=\"OK\"]"}
COMMAND: POST /session/be4790d44c8003a2500b5a2ec9bf0748/elements - {"using":"xpath","value":"//bdi[text()=\"OK\"]"}
RESULT: {"using":"xpath","value":"//bdi[text()=\"OK\"]"}
COMMAND: POST /session/be4790d44c8003a2500b5a2ec9bf0748/elements - {"using":"xpath","value":"//bdi[text()=\"OK\"]"}
COMMAND: POST /session/be4790d44c8003a2500b5a2ec9bf0748/execute/async - {"script":"<script> [1562 bytes]","args":[{"selector":{"id":"application-manageresources-display-component---newResourceUnit--TYPE-arrow"},"wdio_ui5_key":"applicationmanageresources-display-component---newResourceUnit--TYPE-arrow"}]}
RESULT: {"using":"xpath","value":"//bdi[text()=\"OK\"]"}
RESULT: {"script":"<script> [1562 bytes]","args":[{"selector":{"id":"application-manageresources-display-component---newResourceUnit--TYPE-arrow"},"wdio_ui5_key":"applicationmanageresources-display-component---newResourceUnit--TYPE-arrow"}]}
RESULT: undefined
COMMAND: POST /session/be4790d44c8003a2500b5a2ec9bf0748/element - {"using":"xpath","value":"//*[@id=\"application-manageresources-display-component---newResourceUnit--TYPE-arrow\"]"}
RESULT: {"using":"xpath","value":"//*[@id=\"application-manageresources-display-component---newResourceUnit--TYPE-arrow\"]"}
COMMAND: POST /session/be4790d44c8003a2500b5a2ec9bf0748/element/f.CB17890886CEBDD3BAA48AB18EF5A7DB.d.B2576E5669AC6B4B9AAA5613375AD633.e.5966/click - {}
RESULT: {}
COMMAND: POST /session/be4790d44c8003a2500b5a2ec9bf0748/execute/async - {"script":"<script> [1562 bytes]","args":[{"selector":{"controlType":"sap.m.StandardListItem","viewName":"reusables.view.manageresources.NewResourceUnit","viewId":"application-manageresources-display-component---newResourceUnit","properties":{"title":"Material"},"searchOpenDialogs":true,"interaction":{"idSuffix":"titleText"}},"wdio_ui5_key":"reusablesview.manageresources.NewResourceUnitsap.m.StandardListItem{\"title\":\"Material\"}"}]}
COMMAND: GET /session/be4790d44c8003a2500b5a2ec9bf0748/screenshot - {}
RESULT: {"script":"<script> [1562 bytes]","args":[{"selector":{"controlType":"sap.m.StandardListItem","viewName":"reusables.view.manageresources.NewResourceUnit","viewId":"application-manageresources-display-component---newResourceUnit","properties":{"title":"Material"},"searchOpenDialogs":true,"interaction":{"idSuffix":"titleText"}},"wdio_ui5_key":"reusablesview.manageresources.NewResourceUnitsap.m.StandardListItem{\"title\":\"Material\"}"}]}
RESULT: undefined
COMMAND: POST /session/be4790d44c8003a2500b5a2ec9bf0748/element - {"using":"xpath","value":"//*[@id=\"__item142\"]"}
RESULT: {}
RESULT: {"using":"xpath","value":"//*[@id=\"__item142\"]"}
COMMAND: POST /session/be4790d44c8003a2500b5a2ec9bf0748/element/f.CB17890886CEBDD3BAA48AB18EF5A7DB.d.B2576E5669AC6B4B9AAA5613375AD633.e.5969/click - {}
RESULT: {}
COMMAND: POST /session/be4790d44c8003a2500b5a2ec9bf0748/execute/async - {"script":"<script> [1562 bytes]","args":[{"selector":{"id":"application-manageresources-display-component---newResourceUnit--SHORT_TEXT","interaction":{"idSuffix":"inner"}},"wdio_ui5_key":"applicationmanageresources-display-component---newResourceUnit--SHORT_TEXT"}]}
COMMAND: GET /session/be4790d44c8003a2500b5a2ec9bf0748/screenshot - {}
RESULT: {"script":"<script> [1562 bytes]","args":[{"selector":{"id":"application-manageresources-display-component---newResourceUnit--SHORT_TEXT","interaction":{"idSuffix":"inner"}},"wdio_ui5_key":"applicationmanageresources-display-component---newResourceUnit--SHORT_TEXT"}]}
RESULT: undefined
COMMAND: POST /session/be4790d44c8003a2500b5a2ec9bf0748/execute/async - {"script":"<script> [776 bytes]","args":[{"enterText":"WebdriverRU R2Cr8kle","selector":{"id":"application-manageresources-display-component---newResourceUnit--SHORT_TEXT","interaction":{"idSuffix":"inner"}},"clearTextFirst":true,"interactionType":"ENTER_TEXT"}]}
RESULT: {}
RESULT: {"script":"<script> [776 bytes]","args":[{"enterText":"WebdriverRU R2Cr8kle","selector":{"id":"application-manageresources-display-component---newResourceUnit--SHORT_TEXT","interaction":{"idSuffix":"inner"}},"clearTextFirst":true,"interactionType":"ENTER_TEXT"}]}
COMMAND: POST /session/be4790d44c8003a2500b5a2ec9bf0748/execute/async - {"script":"<script> [1562 bytes]","args":[{"selector":{"id":"application-manageresources-display-component---newResourceUnit--BASE_UNIT_OF_MEASURE-arrow"},"wdio_ui5_key":"applicationmanageresources-display-component---newResourceUnit--BASE_UNIT_OF_MEASURE-arrow"}]}
RESULT: {"script":"<script> [1562 bytes]","args":[{"selector":{"id":"application-manageresources-display-component---newResourceUnit--BASE_UNIT_OF_MEASURE-arrow"},"wdio_ui5_key":"applicationmanageresources-display-component---newResourceUnit--BASE_UNIT_OF_MEASURE-arrow"}]}
RESULT: undefined
COMMAND: POST /session/be4790d44c8003a2500b5a2ec9bf0748/element - {"using":"xpath","value":"//*[@id=\"application-manageresources-display-component---newResourceUnit--BASE_UNIT_OF_MEASURE-arrow\"]"}
RESULT: {"using":"xpath","value":"//*[@id=\"application-manageresources-display-component---newResourceUnit--BASE_UNIT_OF_MEASURE-arrow\"]"}
COMMAND: POST /session/be4790d44c8003a2500b5a2ec9bf0748/element/f.CB17890886CEBDD3BAA48AB18EF5A7DB.d.B2576E5669AC6B4B9AAA5613375AD633.e.6027/click - {}
RESULT: {}
COMMAND: POST /session/be4790d44c8003a2500b5a2ec9bf0748/execute/async - {"script":"<script> [1562 bytes]","args":[{"selector":{"controlType":"sap.m.StandardListItem","viewName":"reusables.view.manageresources.NewResourceUnit","viewId":"application-manageresources-display-component---newResourceUnit","properties":{"title":"Piece"},"searchOpenDialogs":true,"interaction":{"idSuffix":"titleText"}},"wdio_ui5_key":"reusablesview.manageresources.NewResourceUnitsap.m.StandardListItem{\"title\":\"Piece\"}"}]}
COMMAND: GET /session/be4790d44c8003a2500b5a2ec9bf0748/screenshot - {}
RESULT: {"script":"<script> [1562 bytes]","args":[{"selector":{"controlType":"sap.m.StandardListItem","viewName":"reusables.view.manageresources.NewResourceUnit","viewId":"application-manageresources-display-component---newResourceUnit","properties":{"title":"Piece"},"searchOpenDialogs":true,"interaction":{"idSuffix":"titleText"}},"wdio_ui5_key":"reusablesview.manageresources.NewResourceUnitsap.m.StandardListItem{\"title\":\"Piece\"}"}]}
RESULT: undefined
COMMAND: POST /session/be4790d44c8003a2500b5a2ec9bf0748/element - {"using":"xpath","value":"//*[@id=\"__item186\"]"}
RESULT: {}
RESULT: {"using":"xpath","value":"//*[@id=\"__item186\"]"}
COMMAND: POST /session/be4790d44c8003a2500b5a2ec9bf0748/element/f.CB17890886CEBDD3BAA48AB18EF5A7DB.d.B2576E5669AC6B4B9AAA5613375AD633.e.6029/click - {}
RESULT: {}
COMMAND: POST /session/be4790d44c8003a2500b5a2ec9bf0748/execute/async - {"script":"<script> [1562 bytes]","args":[{"selector":{"id":"application-manageresources-display-component---newResourceUnit--WEIGHT_UNIT-arrow"},"wdio_ui5_key":"applicationmanageresources-display-component---newResourceUnit--WEIGHT_UNIT-arrow"}]}
COMMAND: GET /session/be4790d44c8003a2500b5a2ec9bf0748/screenshot - {}
RESULT: {"script":"<script> [1562 bytes]","args":[{"selector":{"id":"application-manageresources-display-component---newResourceUnit--WEIGHT_UNIT-arrow"},"wdio_ui5_key":"applicationmanageresources-display-component---newResourceUnit--WEIGHT_UNIT-arrow"}]}
RESULT: undefined
COMMAND: POST /session/be4790d44c8003a2500b5a2ec9bf0748/element - {"using":"xpath","value":"//*[@id=\"application-manageresources-display-component---newResourceUnit--WEIGHT_UNIT-arrow\"]"}
RESULT: {}
RESULT: {"using":"xpath","value":"//*[@id=\"application-manageresources-display-component---newResourceUnit--WEIGHT_UNIT-arrow\"]"}
COMMAND: POST /session/be4790d44c8003a2500b5a2ec9bf0748/element/f.CB17890886CEBDD3BAA48AB18EF5A7DB.d.B2576E5669AC6B4B9AAA5613375AD633.e.6030/click - {}
RESULT: {}
COMMAND: POST /session/be4790d44c8003a2500b5a2ec9bf0748/execute/async - {"script":"<script> [1562 bytes]","args":[{"selector":{"controlType":"sap.m.StandardListItem","viewName":"reusables.view.manageresources.NewResourceUnit","viewId":"application-manageresources-display-component---newResourceUnit","properties":{"title":"Gram"},"searchOpenDialogs":true,"interaction":{"idSuffix":"content"}},"wdio_ui5_key":"reusablesview.manageresources.NewResourceUnitsap.m.StandardListItem{\"title\":\"Gram\"}"}]}
COMMAND: GET /session/be4790d44c8003a2500b5a2ec9bf0748/screenshot - {}
RESULT: {"script":"<script> [1562 bytes]","args":[{"selector":{"controlType":"sap.m.StandardListItem","viewName":"reusables.view.manageresources.NewResourceUnit","viewId":"application-manageresources-display-component---newResourceUnit","properties":{"title":"Gram"},"searchOpenDialogs":true,"interaction":{"idSuffix":"content"}},"wdio_ui5_key":"reusablesview.manageresources.NewResourceUnitsap.m.StandardListItem{\"title\":\"Gram\"}"}]}
RESULT: undefined
COMMAND: POST /session/be4790d44c8003a2500b5a2ec9bf0748/element - {"using":"xpath","value":"//*[@id=\"__item251\"]"}
RESULT: {}
RESULT: {"using":"xpath","value":"//*[@id=\"__item251\"]"}
COMMAND: POST /session/be4790d44c8003a2500b5a2ec9bf0748/element/f.CB17890886CEBDD3BAA48AB18EF5A7DB.d.B2576E5669AC6B4B9AAA5613375AD633.e.6032/click - {}
RESULT: {}
COMMAND: GET /session/be4790d44c8003a2500b5a2ec9bf0748/screenshot - {}
RESULT: {}
COMMAND: POST /session/be4790d44c8003a2500b5a2ec9bf0748/execute/async - {"script":"<script> [1562 bytes]","args":[{"selector":{"id":"application-manageresources-display-component---newResourceUnit--newRRUPage-OPHeaderContent-collapseBtn-img"},"wdio_ui5_key":"applicationmanageresources-display-component---newResourceUnit--newRRUPage-OPHeaderContent-collapseBtn-img"}]}
RESULT: {"script":"<script> [1562 bytes]","args":[{"selector":{"id":"application-manageresources-display-component---newResourceUnit--newRRUPage-OPHeaderContent-collapseBtn-img"},"wdio_ui5_key":"applicationmanageresources-display-component---newResourceUnit--newRRUPage-OPHeaderContent-collapseBtn-img"}]}
RESULT: undefined
COMMAND: POST /session/be4790d44c8003a2500b5a2ec9bf0748/element - {"using":"xpath","value":"//*[@id=\"application-manageresources-display-component---newResourceUnit--newRRUPage-OPHeaderContent-collapseBtn-img\"]"}
RESULT: {"using":"xpath","value":"//*[@id=\"application-manageresources-display-component---newResourceUnit--newRRUPage-OPHeaderContent-collapseBtn-img\"]"}
COMMAND: POST /session/be4790d44c8003a2500b5a2ec9bf0748/element/f.CB17890886CEBDD3BAA48AB18EF5A7DB.d.B2576E5669AC6B4B9AAA5613375AD633.e.5977/click - {}
RESULT: {}
COMMAND: GET /session/be4790d44c8003a2500b5a2ec9bf0748/screenshot - {}
RESULT: {}
COMMAND: POST /session/be4790d44c8003a2500b5a2ec9bf0748/element - {"using":"xpath","value":"(//span[contains(@id ,\"application-manageresources-display-component---newResourceUnit--DIMENSION_UNIT-arrow\")])[1]"}
RESULT: {"using":"xpath","value":"(//span[contains(@id ,\"application-manageresources-display-component---newResourceUnit--DIMENSION_UNIT-arrow\")])[1]"}
COMMAND: POST /session/be4790d44c8003a2500b5a2ec9bf0748/element/f.CB17890886CEBDD3BAA48AB18EF5A7DB.d.B2576E5669AC6B4B9AAA5613375AD633.e.6038/click - {}
RESULT: {}
COMMAND: GET /session/be4790d44c8003a2500b5a2ec9bf0748/screenshot - {}
RESULT: {}
COMMAND: POST /session/be4790d44c8003a2500b5a2ec9bf0748/execute/async - {"script":"<script> [1562 bytes]","args":[{"selector":{"controlType":"sap.m.StandardListItem","viewName":"reusables.view.manageresources.NewResourceUnit","viewId":"application-manageresources-display-component---newResourceUnit","properties":{"title":"Centimeter"},"searchOpenDialogs":true,"interaction":{"idSuffix":"titleText"}},"wdio_ui5_key":"reusablesview.manageresources.NewResourceUnitsap.m.StandardListItem{\"title\":\"Centimeter\"}"}]}
RESULT: {"script":"<script> [1562 bytes]","args":[{"selector":{"controlType":"sap.m.StandardListItem","viewName":"reusables.view.manageresources.NewResourceUnit","viewId":"application-manageresources-display-component---newResourceUnit","properties":{"title":"Centimeter"},"searchOpenDialogs":true,"interaction":{"idSuffix":"titleText"}},"wdio_ui5_key":"reusablesview.manageresources.NewResourceUnitsap.m.StandardListItem{\"title\":\"Centimeter\"}"}]}
RESULT: undefined
COMMAND: POST /session/be4790d44c8003a2500b5a2ec9bf0748/element - {"using":"xpath","value":"//*[@id=\"__item254\"]"}
RESULT: {"using":"xpath","value":"//*[@id=\"__item254\"]"}
COMMAND: POST /session/be4790d44c8003a2500b5a2ec9bf0748/element/f.CB17890886CEBDD3BAA48AB18EF5A7DB.d.B2576E5669AC6B4B9AAA5613375AD633.e.6040/click - {}
RESULT: {}
COMMAND: GET /session/be4790d44c8003a2500b5a2ec9bf0748/screenshot - {}
RESULT: {}
COMMAND: POST /session/be4790d44c8003a2500b5a2ec9bf0748/execute/async - {"script":"<script> [1562 bytes]","args":[{"selector":{"id":"application-manageresources-display-component---newResourceUnit--newRRUPage-anchBar-application-manageresources-display-component---newResourceUnit--reference-anchor","interaction":{"idSuffix":"BDI-content"}},"wdio_ui5_key":"applicationmanageresources-display-component---newResourceUnit--newRRUPage-anchBar-application-manageresources-display-component---newResourceUnit--reference-anchor"}]}
RESULT: {"script":"<script> [1562 bytes]","args":[{"selector":{"id":"application-manageresources-display-component---newResourceUnit--newRRUPage-anchBar-application-manageresources-display-component---newResourceUnit--reference-anchor","interaction":{"idSuffix":"BDI-content"}},"wdio_ui5_key":"applicationmanageresources-display-component---newResourceUnit--newRRUPage-anchBar-application-manageresources-display-component---newResourceUnit--reference-anchor"}]}
RESULT: undefined
COMMAND: POST /session/be4790d44c8003a2500b5a2ec9bf0748/element - {"using":"xpath","value":"//*[@id=\"application-manageresources-display-component---newResourceUnit--newRRUPage-anchBar-application-manageresources-display-component---newResourceUnit--reference-anchor\"]"}
RESULT: {"using":"xpath","value":"//*[@id=\"application-manageresources-display-component---newResourceUnit--newRRUPage-anchBar-application-manageresources-display-component---newResourceUnit--reference-anchor\"]"}
COMMAND: POST /session/be4790d44c8003a2500b5a2ec9bf0748/element/f.CB17890886CEBDD3BAA48AB18EF5A7DB.d.B2576E5669AC6B4B9AAA5613375AD633.e.6042/click - {}
RESULT: {}
COMMAND: POST /session/be4790d44c8003a2500b5a2ec9bf0748/execute/async - {"script":"<script> [1562 bytes]","args":[{"selector":{"id":"application-manageresources-display-component---newResourceUnit--PLANNING_GROUP-arrow"},"wdio_ui5_key":"applicationmanageresources-display-component---newResourceUnit--PLANNING_GROUP-arrow"}]}
COMMAND: GET /session/be4790d44c8003a2500b5a2ec9bf0748/screenshot - {}
RESULT: {"script":"<script> [1562 bytes]","args":[{"selector":{"id":"application-manageresources-display-component---newResourceUnit--PLANNING_GROUP-arrow"},"wdio_ui5_key":"applicationmanageresources-display-component---newResourceUnit--PLANNING_GROUP-arrow"}]}
RESULT: undefined
COMMAND: POST /session/be4790d44c8003a2500b5a2ec9bf0748/element - {"using":"xpath","value":"//*[@id=\"application-manageresources-display-component---newResourceUnit--PLANNING_GROUP-arrow\"]"}
RESULT: {}
RESULT: {"using":"xpath","value":"//*[@id=\"application-manageresources-display-component---newResourceUnit--PLANNING_GROUP-arrow\"]"}
COMMAND: POST /session/be4790d44c8003a2500b5a2ec9bf0748/element/f.CB17890886CEBDD3BAA48AB18EF5A7DB.d.B2576E5669AC6B4B9AAA5613375AD633.e.6045/click - {}
RESULT: {}
COMMAND: POST /session/be4790d44c8003a2500b5a2ec9bf0748/execute/async - {"script":"<script> [1562 bytes]","args":[{"selector":{"controlType":"sap.m.StandardListItem","viewName":"reusables.view.manageresources.NewResourceUnit","viewId":"application-manageresources-display-component---newResourceUnit","properties":{"title":"Heavy Equi"},"searchOpenDialogs":true,"interaction":{"idSuffix":"content"}},"wdio_ui5_key":"reusablesview.manageresources.NewResourceUnitsap.m.StandardListItem{\"title\":\"Heavy Equi\"}"}]}
COMMAND: GET /session/be4790d44c8003a2500b5a2ec9bf0748/screenshot - {}
RESULT: {"script":"<script> [1562 bytes]","args":[{"selector":{"controlType":"sap.m.StandardListItem","viewName":"reusables.view.manageresources.NewResourceUnit","viewId":"application-manageresources-display-component---newResourceUnit","properties":{"title":"Heavy Equi"},"searchOpenDialogs":true,"interaction":{"idSuffix":"content"}},"wdio_ui5_key":"reusablesview.manageresources.NewResourceUnitsap.m.StandardListItem{\"title\":\"Heavy Equi\"}"}]}
RESULT: undefined
COMMAND: POST /session/be4790d44c8003a2500b5a2ec9bf0748/element - {"using":"xpath","value":"//*[@id=\"__item262\"]"}
RESULT: {}
RESULT: {"using":"xpath","value":"//*[@id=\"__item262\"]"}
COMMAND: POST /session/be4790d44c8003a2500b5a2ec9bf0748/element/f.CB17890886CEBDD3BAA48AB18EF5A7DB.d.B2576E5669AC6B4B9AAA5613375AD633.e.6048/click - {}
RESULT: {}
COMMAND: GET /session/be4790d44c8003a2500b5a2ec9bf0748/screenshot - {}
RESULT: {}
COMMAND: POST /session/be4790d44c8003a2500b5a2ec9bf0748/execute/async - {"script":"<script> [1562 bytes]","args":[{"selector":{"id":"application-manageresources-display-component---newResourceUnit--PLANNING_INDICATOR-arrow"},"wdio_ui5_key":"applicationmanageresources-display-component---newResourceUnit--PLANNING_INDICATOR-arrow"}]}
RESULT: {"script":"<script> [1562 bytes]","args":[{"selector":{"id":"application-manageresources-display-component---newResourceUnit--PLANNING_INDICATOR-arrow"},"wdio_ui5_key":"applicationmanageresources-display-component---newResourceUnit--PLANNING_INDICATOR-arrow"}]}
RESULT: undefined
COMMAND: POST /session/be4790d44c8003a2500b5a2ec9bf0748/element - {"using":"xpath","value":"//*[@id=\"application-manageresources-display-component---newResourceUnit--PLANNING_INDICATOR-arrow\"]"}
RESULT: {"using":"xpath","value":"//*[@id=\"application-manageresources-display-component---newResourceUnit--PLANNING_INDICATOR-arrow\"]"}
COMMAND: POST /session/be4790d44c8003a2500b5a2ec9bf0748/element/f.CB17890886CEBDD3BAA48AB18EF5A7DB.d.B2576E5669AC6B4B9AAA5613375AD633.e.6049/click - {}
RESULT: {}
COMMAND: POST /session/be4790d44c8003a2500b5a2ec9bf0748/execute/async - {"script":"<script> [1562 bytes]","args":[{"selector":{"controlType":"sap.m.StandardListItem","viewName":"reusables.view.manageresources.NewResourceUnit","viewId":"application-manageresources-display-component---newResourceUnit","properties":{"title":"10 - infinite"},"searchOpenDialogs":true,"interaction":{"idSuffix":"content"}},"wdio_ui5_key":"reusablesview.manageresources.NewResourceUnitsap.m.StandardListItem{\"title\":\"10 - infinite\"}"}]}
COMMAND: GET /session/be4790d44c8003a2500b5a2ec9bf0748/screenshot - {}
RESULT: {"script":"<script> [1562 bytes]","args":[{"selector":{"controlType":"sap.m.StandardListItem","viewName":"reusables.view.manageresources.NewResourceUnit","viewId":"application-manageresources-display-component---newResourceUnit","properties":{"title":"10 - infinite"},"searchOpenDialogs":true,"interaction":{"idSuffix":"content"}},"wdio_ui5_key":"reusablesview.manageresources.NewResourceUnitsap.m.StandardListItem{\"title\":\"10 - infinite\"}"}]}
RESULT: undefined
COMMAND: POST /session/be4790d44c8003a2500b5a2ec9bf0748/element - {"using":"xpath","value":"//*[@id=\"__item272\"]"}
RESULT: {}
RESULT: {"using":"xpath","value":"//*[@id=\"__item272\"]"}
COMMAND: POST /session/be4790d44c8003a2500b5a2ec9bf0748/element/f.CB17890886CEBDD3BAA48AB18EF5A7DB.d.B2576E5669AC6B4B9AAA5613375AD633.e.6051/click - {}
RESULT: {}
COMMAND: GET /session/be4790d44c8003a2500b5a2ec9bf0748/screenshot - {}
RESULT: {}
COMMAND: POST /session/be4790d44c8003a2500b5a2ec9bf0748/element - {"using":"xpath","value":"//bdi[contains(text(), \"Time Segment\")]"}
RESULT: {"using":"xpath","value":"//bdi[contains(text(), \"Time Segment\")]"}
COMMAND: GET /session/be4790d44c8003a2500b5a2ec9bf0748/element/f.CB17890886CEBDD3BAA48AB18EF5A7DB.d.B2576E5669AC6B4B9AAA5613375AD633.e.6052/rect - {}
RESULT: {}
COMMAND: GET /session/be4790d44c8003a2500b5a2ec9bf0748/window/rect - {}
RESULT: {}
COMMAND: POST /session/be4790d44c8003a2500b5a2ec9bf0748/execute/sync - {"script":"<script> [92 bytes]","args":[]}
RESULT: {"script":"<script> [92 bytes]","args":[]}
COMMAND: POST /session/be4790d44c8003a2500b5a2ec9bf0748/actions - {"actions":[{"id":"action17","type":"wheel","parameters":{},"actions":[{"type":"scroll","x":-1820,"y":-21,"deltaX":0,"deltaY":0,"duration":0,"origin":{"element-6066-11e4-a52e-4f735466cecf":"f.CB17890886CEBDD3BAA48AB18EF5A7DB.d.B2576E5669AC6B4B9AAA5613375AD633.e.6052"}}]}]}
COMMAND: GET /session/be4790d44c8003a2500b5a2ec9bf0748/screenshot - {}
RESULT: {}
COMMAND: POST /session/be4790d44c8003a2500b5a2ec9bf0748/execute/sync - {"script":"<script> [79 bytes]","args":[{"element-6066-11e4-a52e-4f735466cecf":"f.CB17890886CEBDD3BAA48AB18EF5A7DB.d.B2576E5669AC6B4B9AAA5613375AD633.e.6052","ELEMENT":"f.CB17890886CEBDD3BAA48AB18EF5A7DB.d.B2576E5669AC6B4B9AAA5613375AD633.e.6052"},{"block":"start","inline":"nearest"}]}
RESULT: {"script":"<script> [79 bytes]","args":[{"element-6066-11e4-a52e-4f735466cecf":"f.CB17890886CEBDD3BAA48AB18EF5A7DB.d.B2576E5669AC6B4B9AAA5613375AD633.e.6052","ELEMENT":"f.CB17890886CEBDD3BAA48AB18EF5A7DB.d.B2576E5669AC6B4B9AAA5613375AD633.e.6052"},{"block":"start","inline":"nearest"}]}
COMMAND: GET /session/be4790d44c8003a2500b5a2ec9bf0748/screenshot - {}
RESULT: {}
COMMAND: POST /session/be4790d44c8003a2500b5a2ec9bf0748/element - {"using":"xpath","value":"//span[@id=\"application-manageresources-display-component---newResourceUnit--btnAddTimeSegment-img\"]"}
RESULT: {"using":"xpath","value":"//span[@id=\"application-manageresources-display-component---newResourceUnit--btnAddTimeSegment-img\"]"}
COMMAND: POST /session/be4790d44c8003a2500b5a2ec9bf0748/execute/sync - {"script":"<script> [8489 bytes]","args":[{"element-6066-11e4-a52e-4f735466cecf":"f.CB17890886CEBDD3BAA48AB18EF5A7DB.d.B2576E5669AC6B4B9AAA5613375AD633.e.6055","ELEMENT":"f.CB17890886CEBDD3BAA48AB18EF5A7DB.d.B2576E5669AC6B4B9AAA5613375AD633.e.6055"}]}
RESULT: {"script":"<script> [8489 bytes]","args":[{"element-6066-11e4-a52e-4f735466cecf":"f.CB17890886CEBDD3BAA48AB18EF5A7DB.d.B2576E5669AC6B4B9AAA5613375AD633.e.6055","ELEMENT":"f.CB17890886CEBDD3BAA48AB18EF5A7DB.d.B2576E5669AC6B4B9AAA5613375AD633.e.6055"}]}
COMMAND: POST /session/be4790d44c8003a2500b5a2ec9bf0748/element/f.CB17890886CEBDD3BAA48AB18EF5A7DB.d.B2576E5669AC6B4B9AAA5613375AD633.e.6055/click - {}
COMMAND: GET /session/be4790d44c8003a2500b5a2ec9bf0748/screenshot - {}
RESULT: {}
COMMAND: GET /session/be4790d44c8003a2500b5a2ec9bf0748/screenshot - {}
COMMAND: POST /session/be4790d44c8003a2500b5a2ec9bf0748/element - {"using":"xpath","value":"//input[@id=\"application-manageresources-display-component---newResourceUnit--idRuTSAdmin-application-manageresources-display-component---newResourceUnit--RUTimeSegment-0-inner\"]"}
RESULT: {}
RESULT: {}
RESULT: {"using":"xpath","value":"//input[@id=\"application-manageresources-display-component---newResourceUnit--idRuTSAdmin-application-manageresources-display-component---newResourceUnit--RUTimeSegment-0-inner\"]"}
COMMAND: POST /session/be4790d44c8003a2500b5a2ec9bf0748/element/f.CB17890886CEBDD3BAA48AB18EF5A7DB.d.B2576E5669AC6B4B9AAA5613375AD633.e.6058/clear - {}
RESULT: {}
COMMAND: POST /session/be4790d44c8003a2500b5a2ec9bf0748/element/f.CB17890886CEBDD3BAA48AB18EF5A7DB.d.B2576E5669AC6B4B9AAA5613375AD633.e.6058/value - {"text":"560"}
COMMAND: GET /session/be4790d44c8003a2500b5a2ec9bf0748/screenshot - {}
RESULT: {"text":"560"}
COMMAND: GET /session/be4790d44c8003a2500b5a2ec9bf0748/screenshot - {}
RESULT: {}
RESULT: {}
COMMAND: POST /session/be4790d44c8003a2500b5a2ec9bf0748/actions - {"actions":[{"id":"action18","type":"key","parameters":{},"actions":[{"type":"keyDown","value":"î€‡"},{"type":"pause","duration":10},{"type":"keyUp","value":"î€‡"}]}]}
RESULT: {"actions":[{"id":"action18","type":"key","parameters":{},"actions":[{"type":"keyDown","value":"î€‡"},{"type":"pause","duration":10},{"type":"keyUp","value":"î€‡"}]}]}
COMMAND: GET /session/be4790d44c8003a2500b5a2ec9bf0748/screenshot - {}
RESULT: {}
COMMAND: POST /session/be4790d44c8003a2500b5a2ec9bf0748/execute/async - {"script":"<script> [1562 bytes]","args":[{"selector":{"controlType":"sap.m.Button","viewName":"reusables.view.manageresources.NewResourceUnit","viewId":"application-manageresources-display-component---newResourceUnit","i18NText":{"propertyName":"tooltip","key":"save"},"interaction":{"idSuffix":"BDI-content"}},"wdio_ui5_key":"reusablesview.manageresources.NewResourceUnitsap.m.Button{\"propertyName\":\"tooltip\",\"key\":\"save\"}"}]}
RESULT: {"script":"<script> [1562 bytes]","args":[{"selector":{"controlType":"sap.m.Button","viewName":"reusables.view.manageresources.NewResourceUnit","viewId":"application-manageresources-display-component---newResourceUnit","i18NText":{"propertyName":"tooltip","key":"save"},"interaction":{"idSuffix":"BDI-content"}},"wdio_ui5_key":"reusablesview.manageresources.NewResourceUnitsap.m.Button{\"propertyName\":\"tooltip\",\"key\":\"save\"}"}]}
RESULT: undefined
COMMAND: POST /session/be4790d44c8003a2500b5a2ec9bf0748/element - {"using":"xpath","value":"//*[@id=\"application-manageresources-display-component---newResourceUnit--createRuButton\"]"}
RESULT: {"using":"xpath","value":"//*[@id=\"application-manageresources-display-component---newResourceUnit--createRuButton\"]"}
COMMAND: POST /session/be4790d44c8003a2500b5a2ec9bf0748/element/f.CB17890886CEBDD3BAA48AB18EF5A7DB.d.B2576E5669AC6B4B9AAA5613375AD633.e.5983/click - {}
RESULT: {}
COMMAND: GET /session/be4790d44c8003a2500b5a2ec9bf0748/screenshot - {}
RESULT: {}
COMMAND: POST /session/be4790d44c8003a2500b5a2ec9bf0748/execute/async - {"script":"<script> [1562 bytes]","args":[{"selector":{"controlType":"sap.m.Title","properties":{"text":"Success"},"searchOpenDialogs":true},"wdio_ui5_key":"sapm.Title{\"text\":\"Success\"}"}]}
RESULT: {"script":"<script> [1562 bytes]","args":[{"selector":{"controlType":"sap.m.Title","properties":{"text":"Success"},"searchOpenDialogs":true},"wdio_ui5_key":"sapm.Title{\"text\":\"Success\"}"}]}
RESULT: undefined
COMMAND: POST /session/be4790d44c8003a2500b5a2ec9bf0748/execute/async - {"script":"<script> [6424 bytes]","args":[{"element-6066-11e4-a52e-4f735466cecf":"f.CB17890886CEBDD3BAA48AB18EF5A7DB.d.B2576E5669AC6B4B9AAA5613375AD633.e.6075"},"getText",[]]}
RESULT: {"script":"<script> [6424 bytes]","args":[{"element-6066-11e4-a52e-4f735466cecf":"f.CB17890886CEBDD3BAA48AB18EF5A7DB.d.B2576E5669AC6B4B9AAA5613375AD633.e.6075"},"getText",[]]}
COMMAND: POST /session/be4790d44c8003a2500b5a2ec9bf0748/element - {"using":"xpath","value":"//*[contains(@id, '__text') and (contains(text(), 'successfully created') or contains(., 'successfully created'))]"}
RESULT: {"using":"xpath","value":"//*[contains(@id, '__text') and (contains(text(), 'successfully created') or contains(., 'successfully created'))]"}
COMMAND: GET /session/be4790d44c8003a2500b5a2ec9bf0748/element/f.CB17890886CEBDD3BAA48AB18EF5A7DB.d.B2576E5669AC6B4B9AAA5613375AD633.e.6074/text - {}
RESULT: {}
COMMAND: POST /session/be4790d44c8003a2500b5a2ec9bf0748/execute/async - {"script":"<script> [1562 bytes]","args":[{"selector":{"controlType":"sap.m.Button","properties":{"text":"Close"},"searchOpenDialogs":true,"interaction":{"idSuffix":"BDI-content"}},"wdio_ui5_key":"sapm.Button{\"text\":\"Close\"}"}]}
RESULT: {"script":"<script> [1562 bytes]","args":[{"selector":{"controlType":"sap.m.Button","properties":{"text":"Close"},"searchOpenDialogs":true,"interaction":{"idSuffix":"BDI-content"}},"wdio_ui5_key":"sapm.Button{\"text\":\"Close\"}"}]}
RESULT: undefined
COMMAND: POST /session/be4790d44c8003a2500b5a2ec9bf0748/element - {"using":"xpath","value":"//*[@id=\"__mbox-btn-0\"]"}
RESULT: {"using":"xpath","value":"//*[@id=\"__mbox-btn-0\"]"}
COMMAND: POST /session/be4790d44c8003a2500b5a2ec9bf0748/element/f.CB17890886CEBDD3BAA48AB18EF5A7DB.d.B2576E5669AC6B4B9AAA5613375AD633.e.6071/click - {}
RESULT: {}
COMMAND: GET /session/be4790d44c8003a2500b5a2ec9bf0748/screenshot - {}
RESULT: {}
COMMAND: POST /session/be4790d44c8003a2500b5a2ec9bf0748/execute/async - {"script":"<script> [1562 bytes]","args":[{"selector":{"controlType":"sap.ui.core.Icon","viewName":"etm.portal.ui.manageresources.view.Detail","viewId":"application-manageresources-display-component---detailRU","properties":{"src":{"regex":{"source":"overflow"}}}},"wdio_ui5_key":"etmportal.ui.manageresources.view.Detailsap.ui.core.Icon{\"src\":{\"regex\":{\"source\":\"overflow\"}}}"}]}
RESULT: {"script":"<script> [1562 bytes]","args":[{"selector":{"controlType":"sap.ui.core.Icon","viewName":"etm.portal.ui.manageresources.view.Detail","viewId":"application-manageresources-display-component---detailRU","properties":{"src":{"regex":{"source":"overflow"}}}},"wdio_ui5_key":"etmportal.ui.manageresources.view.Detailsap.ui.core.Icon{\"src\":{\"regex\":{\"source\":\"overflow\"}}}"}]}
RESULT: undefined
COMMAND: POST /session/be4790d44c8003a2500b5a2ec9bf0748/element - {"using":"xpath","value":"//*[@id=\"__title15-_actionsToolbar-overflowButton-img\"]"}
RESULT: {"using":"xpath","value":"//*[@id=\"__title15-_actionsToolbar-overflowButton-img\"]"}
COMMAND: POST /session/be4790d44c8003a2500b5a2ec9bf0748/element/f.CB17890886CEBDD3BAA48AB18EF5A7DB.d.B2576E5669AC6B4B9AAA5613375AD633.e.6106/click - {}
RESULT: {}
COMMAND: POST /session/be4790d44c8003a2500b5a2ec9bf0748/execute/async - {"script":"<script> [1562 bytes]","args":[{"selector":{"controlType":"sap.m.Button","viewName":"etm.portal.ui.manageresources.view.Detail","viewId":"application-manageresources-display-component---detailRU","i18NText":{"propertyName":"tooltip","key":"closeColumn"},"searchOpenDialogs":true,"interaction":{"idSuffix":"inner"}},"wdio_ui5_key":"etmportal.ui.manageresources.view.Detailsap.m.Button{\"propertyName\":\"tooltip\",\"key\":\"closeColumn\"}"}]}
COMMAND: GET /session/be4790d44c8003a2500b5a2ec9bf0748/screenshot - {}
RESULT: {"script":"<script> [1562 bytes]","args":[{"selector":{"controlType":"sap.m.Button","viewName":"etm.portal.ui.manageresources.view.Detail","viewId":"application-manageresources-display-component---detailRU","i18NText":{"propertyName":"tooltip","key":"closeColumn"},"searchOpenDialogs":true,"interaction":{"idSuffix":"inner"}},"wdio_ui5_key":"etmportal.ui.manageresources.view.Detailsap.m.Button{\"propertyName\":\"tooltip\",\"key\":\"closeColumn\"}"}]}
RESULT: undefined
COMMAND: POST /session/be4790d44c8003a2500b5a2ec9bf0748/element - {"using":"xpath","value":"//*[@id=\"__button43\"]"}
RESULT: {}
RESULT: {"using":"xpath","value":"//*[@id=\"__button43\"]"}
COMMAND: POST /session/be4790d44c8003a2500b5a2ec9bf0748/element/f.CB17890886CEBDD3BAA48AB18EF5A7DB.d.B2576E5669AC6B4B9AAA5613375AD633.e.6108/click - {}
RESULT: {}
COMMAND: GET /session/be4790d44c8003a2500b5a2ec9bf0748/screenshot - {}
RESULT: {}
COMMAND: POST /session/be4790d44c8003a2500b5a2ec9bf0748/refresh - {}
RESULT: {}
COMMAND: GET /session/be4790d44c8003a2500b5a2ec9bf0748/screenshot - {}
RESULT: {}
COMMAND: POST /session/be4790d44c8003a2500b5a2ec9bf0748/refresh - {}
RESULT: {}
COMMAND: GET /session/be4790d44c8003a2500b5a2ec9bf0748/screenshot - {}
RESULT: {}
COMMAND: POST /session/be4790d44c8003a2500b5a2ec9bf0748/window/fullscreen - {}
RESULT: {}
COMMAND: POST /session/be4790d44c8003a2500b5a2ec9bf0748/execute/async - {"script":"<script> [189 bytes]","args":[]}
RESULT: {"script":"<script> [189 bytes]","args":[]}
COMMAND: POST /session/be4790d44c8003a2500b5a2ec9bf0748/execute/async - {"script":"<script> [123 bytes]","args":[]}
RESULT: {"script":"<script> [123 bytes]","args":[]}
COMMAND: POST /session/be4790d44c8003a2500b5a2ec9bf0748/timeouts - {"script":"<number>"}
RESULT: {"script":"<number>"}
COMMAND: GET /session/be4790d44c8003a2500b5a2ec9bf0748/timeouts - {}
RESULT: {}
RESULT: undefined
COMMAND: POST /session/be4790d44c8003a2500b5a2ec9bf0748/execute/async - {"script":"<script> [2676 bytes]","args":[]}
RESULT: {"script":"<script> [2676 bytes]","args":[]}
COMMAND: POST /session/be4790d44c8003a2500b5a2ec9bf0748/execute/async - {"script":"<script> [2342 bytes]","args":[{"protocol":"http","hostname":"0.0.0.0","path":"/","capabilities":{"browserName":"chrome","goog:chromeOptions":{"binary":"C:\\Program Files\\Google\\Chrome\\Application\\chrome.exe","args":["--start-maximized"]}},"logLevel":"warn","connectionRetryTimeout":120000,"connectionRetryCount":3,"logLevels":{},"enableDirectConnect":true,"strictSSL":true,"_":"65 more keys: [\"cacheDir\",\"port\",\"requestedCapabilities\",\"automationProtocol\",\"baseUrl\",\"waitforInterval\",\"waitforTimeout\",\"onReload\",\"beforeCommand\",\"afterCommand\",\"rootDir\",\"specs\",\"suites\",\"exclude\",\"groupLogsByTestSpec\",\"excludeDriverLogs\",\"bail\",\"framework\",\"reporters\",\"services\",\"maxInstances\",\"maxInstancesPerCapability\",\"injectGlobals\",\"filesToWatch\",\"execArgv\",\"runnerEnv\",\"runner\",\"shard\",\"specFileRetries\",\"specFileRetriesDelay\",\"specFileRetriesDeferred\",\"reporterSyncInterval\",\"reporterSyncTimeout\",\"cucumberFeaturesWithLineNumbers\",\"autoCompileOpts\",\"mochaOpts\",\"jasmineOpts\",\"cucumberOpts\",\"onPrepare\",\"onWorkerStart\",\"onWorkerEnd\",\"before\",\"beforeSession\",\"beforeSuite\",\"beforeHook\",\"beforeTest\",\"afterTest\",\"afterHook\",\"afterSuite\",\"afterSession\",\"after\",\"onComplete\",\"beforeAssertion\",\"afterAssertion\",\"beforeFeature\",\"beforeScenario\",\"beforeStep\",\"afterStep\",\"afterScenario\",\"afterFeature\",\"_\",\"suite\",\"$0\",\"ignoredWorkerServices\",\"wdi5\"]"}]}
RESULT: {"script":"<script> [2342 bytes]","args":[{"protocol":"http","hostname":"0.0.0.0","path":"/","capabilities":{"browserName":"chrome","goog:chromeOptions":{"binary":"C:\\Program Files\\Google\\Chrome\\Application\\chrome.exe","args":["--start-maximized"]}},"logLevel":"warn","connectionRetryTimeout":120000,"connectionRetryCount":3,"logLevels":{},"enableDirectConnect":true,"strictSSL":true,"_":"65 more keys: [\"cacheDir\",\"port\",\"requestedCapabilities\",\"automationProtocol\",\"baseUrl\",\"waitforInterval\",\"waitforTimeout\",\"onReload\",\"beforeCommand\",\"afterCommand\",\"rootDir\",\"specs\",\"suites\",\"exclude\",\"groupLogsByTestSpec\",\"excludeDriverLogs\",\"bail\",\"framework\",\"reporters\",\"services\",\"maxInstances\",\"maxInstancesPerCapability\",\"injectGlobals\",\"filesToWatch\",\"execArgv\",\"runnerEnv\",\"runner\",\"shard\",\"specFileRetries\",\"specFileRetriesDelay\",\"specFileRetriesDeferred\",\"reporterSyncInterval\",\"reporterSyncTimeout\",\"cucumberFeaturesWithLineNumbers\",\"autoCompileOpts\",\"mochaOpts\",\"jasmineOpts\",\"cucumberOpts\",\"onPrepare\",\"onWorkerStart\",\"onWorkerEnd\",\"before\",\"beforeSession\",\"beforeSuite\",\"beforeHook\",\"beforeTest\",\"afterTest\",\"afterHook\",\"afterSuite\",\"afterSession\",\"after\",\"onComplete\",\"beforeAssertion\",\"afterAssertion\",\"beforeFeature\",\"beforeScenario\",\"beforeStep\",\"afterStep\",\"afterScenario\",\"afterFeature\",\"_\",\"suite\",\"$0\",\"ignoredWorkerServices\",\"wdi5\"]"}]}
COMMAND: POST /session/be4790d44c8003a2500b5a2ec9bf0748/execute/async - {"script":"<script> [21126 bytes]","args":[35000]}
RESULT: {"script":"<script> [21126 bytes]","args":[35000]}
]]></system-out>
    </testcase>
    <testcase classname="chrome.135_0_7049_96.windows.Create_2_RU_material_US118246" name="Create WHM material" time="193.956">
      <system-out><![CDATA[
COMMAND: POST /session/be4790d44c8003a2500b5a2ec9bf0748/element - {"using":"xpath","value":"//button[@data-kt=\"addNewRUOverflowToolbarButton\"]"}
RESULT: {"using":"xpath","value":"//button[@data-kt=\"addNewRUOverflowToolbarButton\"]"}
COMMAND: POST /session/be4790d44c8003a2500b5a2ec9bf0748/execute/sync - {"script":"<script> [8489 bytes]","args":[{"element-6066-11e4-a52e-4f735466cecf":"f.CB17890886CEBDD3BAA48AB18EF5A7DB.d.DF66ACD1F30C5C9975EC71B3F45BAFCB.e.6277","ELEMENT":"f.CB17890886CEBDD3BAA48AB18EF5A7DB.d.DF66ACD1F30C5C9975EC71B3F45BAFCB.e.6277"}]}
RESULT: {"script":"<script> [8489 bytes]","args":[{"element-6066-11e4-a52e-4f735466cecf":"f.CB17890886CEBDD3BAA48AB18EF5A7DB.d.DF66ACD1F30C5C9975EC71B3F45BAFCB.e.6277","ELEMENT":"f.CB17890886CEBDD3BAA48AB18EF5A7DB.d.DF66ACD1F30C5C9975EC71B3F45BAFCB.e.6277"}]}
COMMAND: POST /session/be4790d44c8003a2500b5a2ec9bf0748/element/f.CB17890886CEBDD3BAA48AB18EF5A7DB.d.DF66ACD1F30C5C9975EC71B3F45BAFCB.e.6277/click - {}
COMMAND: GET /session/be4790d44c8003a2500b5a2ec9bf0748/screenshot - {}
RESULT: {}
COMMAND: GET /session/be4790d44c8003a2500b5a2ec9bf0748/screenshot - {}
RESULT: {}
COMMAND: POST /session/be4790d44c8003a2500b5a2ec9bf0748/execute/async - {"script":"<script> [1562 bytes]","args":[{"selector":{"controlType":"sap.m.ComboBox","viewName":"reusables.view.manageresources.NewResourceUnit","viewId":"application-manageresources-display-component---newResourceUnit","bindingPath":{"path":"","propertyPath":"/RuTypes","modelName":"catalogModel"},"searchOpenDialogs":true},"wdio_ui5_key":"reusablesview.manageresources.NewResourceUnitsap.m.ComboBox{\"path\":\"\",\"propertyPath\":\"/RuTypes\",\"modelName\":\"catalogModel\"}"}]}
RESULT: {}
RESULT: {"script":"<script> [1562 bytes]","args":[{"selector":{"controlType":"sap.m.ComboBox","viewName":"reusables.view.manageresources.NewResourceUnit","viewId":"application-manageresources-display-component---newResourceUnit","bindingPath":{"path":"","propertyPath":"/RuTypes","modelName":"catalogModel"},"searchOpenDialogs":true},"wdio_ui5_key":"reusablesview.manageresources.NewResourceUnitsap.m.ComboBox{\"path\":\"\",\"propertyPath\":\"/RuTypes\",\"modelName\":\"catalogModel\"}"}]}
RESULT: undefined
COMMAND: POST /session/be4790d44c8003a2500b5a2ec9bf0748/execute/async - {"script":"<script> [1562 bytes]","args":[{"selector":{"controlType":"sap.m.ComboBox","viewName":"reusables.view.manageresources.NewResourceUnit","viewId":"application-manageresources-display-component---newResourceUnit","bindingPath":{"path":"","propertyPath":"/Yards","modelName":"catalogModel"},"searchOpenDialogs":true},"wdio_ui5_key":"reusablesview.manageresources.NewResourceUnitsap.m.ComboBox{\"path\":\"\",\"propertyPath\":\"/Yards\",\"modelName\":\"catalogModel\"}"}]}
RESULT: {"script":"<script> [1562 bytes]","args":[{"selector":{"controlType":"sap.m.ComboBox","viewName":"reusables.view.manageresources.NewResourceUnit","viewId":"application-manageresources-display-component---newResourceUnit","bindingPath":{"path":"","propertyPath":"/Yards","modelName":"catalogModel"},"searchOpenDialogs":true},"wdio_ui5_key":"reusablesview.manageresources.NewResourceUnitsap.m.ComboBox{\"path\":\"\",\"propertyPath\":\"/Yards\",\"modelName\":\"catalogModel\"}"}]}
RESULT: undefined
COMMAND: POST /session/be4790d44c8003a2500b5a2ec9bf0748/execute/async - {"script":"<script> [1562 bytes]","args":[{"selector":{"controlType":"etm.portal.ui.reusables.customControls.LiveSearchComboBox","viewName":"reusables.view.manageresources.NewResourceUnit","viewId":"application-manageresources-display-component---newResourceUnit","bindingPath":{"path":"","propertyPath":"/CatalogItems","modelName":"catalogModel"},"searchOpenDialogs":true},"wdio_ui5_key":"reusablesview.manageresources.NewResourceUnitetm.portal.ui.reusables.customControls.LiveSearchComboBox{\"path\":\"\",\"propertyPath\":\"/CatalogItems\",\"modelName\":\"catalogModel\"}"}]}
RESULT: {"script":"<script> [1562 bytes]","args":[{"selector":{"controlType":"etm.portal.ui.reusables.customControls.LiveSearchComboBox","viewName":"reusables.view.manageresources.NewResourceUnit","viewId":"application-manageresources-display-component---newResourceUnit","bindingPath":{"path":"","propertyPath":"/CatalogItems","modelName":"catalogModel"},"searchOpenDialogs":true},"wdio_ui5_key":"reusablesview.manageresources.NewResourceUnitetm.portal.ui.reusables.customControls.LiveSearchComboBox{\"path\":\"\",\"propertyPath\":\"/CatalogItems\",\"modelName\":\"catalogModel\"}"}]}
RESULT: undefined
COMMAND: POST /session/be4790d44c8003a2500b5a2ec9bf0748/element - {"using":"xpath","value":"//bdi[text()=\"OK\"]"}
RESULT: {"using":"xpath","value":"//bdi[text()=\"OK\"]"}
COMMAND: POST /session/be4790d44c8003a2500b5a2ec9bf0748/elements - {"using":"xpath","value":"//bdi[text()=\"OK\"]"}
RESULT: {"using":"xpath","value":"//bdi[text()=\"OK\"]"}
COMMAND: POST /session/be4790d44c8003a2500b5a2ec9bf0748/elements - {"using":"xpath","value":"//bdi[text()=\"OK\"]"}
RESULT: {"using":"xpath","value":"//bdi[text()=\"OK\"]"}
COMMAND: POST /session/be4790d44c8003a2500b5a2ec9bf0748/elements - {"using":"xpath","value":"//bdi[text()=\"OK\"]"}
RESULT: {"using":"xpath","value":"//bdi[text()=\"OK\"]"}
COMMAND: POST /session/be4790d44c8003a2500b5a2ec9bf0748/elements - {"using":"xpath","value":"//bdi[text()=\"OK\"]"}
RESULT: {"using":"xpath","value":"//bdi[text()=\"OK\"]"}
COMMAND: POST /session/be4790d44c8003a2500b5a2ec9bf0748/elements - {"using":"xpath","value":"//bdi[text()=\"OK\"]"}
RESULT: {"using":"xpath","value":"//bdi[text()=\"OK\"]"}
COMMAND: POST /session/be4790d44c8003a2500b5a2ec9bf0748/elements - {"using":"xpath","value":"//bdi[text()=\"OK\"]"}
RESULT: {"using":"xpath","value":"//bdi[text()=\"OK\"]"}
COMMAND: POST /session/be4790d44c8003a2500b5a2ec9bf0748/elements - {"using":"xpath","value":"//bdi[text()=\"OK\"]"}
RESULT: {"using":"xpath","value":"//bdi[text()=\"OK\"]"}
COMMAND: POST /session/be4790d44c8003a2500b5a2ec9bf0748/elements - {"using":"xpath","value":"//bdi[text()=\"OK\"]"}
RESULT: {"using":"xpath","value":"//bdi[text()=\"OK\"]"}
COMMAND: POST /session/be4790d44c8003a2500b5a2ec9bf0748/elements - {"using":"xpath","value":"//bdi[text()=\"OK\"]"}
RESULT: {"using":"xpath","value":"//bdi[text()=\"OK\"]"}
COMMAND: POST /session/be4790d44c8003a2500b5a2ec9bf0748/elements - {"using":"xpath","value":"//bdi[text()=\"OK\"]"}
RESULT: {"using":"xpath","value":"//bdi[text()=\"OK\"]"}
COMMAND: POST /session/be4790d44c8003a2500b5a2ec9bf0748/elements - {"using":"xpath","value":"//bdi[text()=\"OK\"]"}
RESULT: {"using":"xpath","value":"//bdi[text()=\"OK\"]"}
COMMAND: POST /session/be4790d44c8003a2500b5a2ec9bf0748/elements - {"using":"xpath","value":"//bdi[text()=\"OK\"]"}
RESULT: {"using":"xpath","value":"//bdi[text()=\"OK\"]"}
COMMAND: POST /session/be4790d44c8003a2500b5a2ec9bf0748/elements - {"using":"xpath","value":"//bdi[text()=\"OK\"]"}
RESULT: {"using":"xpath","value":"//bdi[text()=\"OK\"]"}
COMMAND: POST /session/be4790d44c8003a2500b5a2ec9bf0748/elements - {"using":"xpath","value":"//bdi[text()=\"OK\"]"}
RESULT: {"using":"xpath","value":"//bdi[text()=\"OK\"]"}
COMMAND: POST /session/be4790d44c8003a2500b5a2ec9bf0748/elements - {"using":"xpath","value":"//bdi[text()=\"OK\"]"}
RESULT: {"using":"xpath","value":"//bdi[text()=\"OK\"]"}
COMMAND: POST /session/be4790d44c8003a2500b5a2ec9bf0748/elements - {"using":"xpath","value":"//bdi[text()=\"OK\"]"}
RESULT: {"using":"xpath","value":"//bdi[text()=\"OK\"]"}
COMMAND: POST /session/be4790d44c8003a2500b5a2ec9bf0748/elements - {"using":"xpath","value":"//bdi[text()=\"OK\"]"}
RESULT: {"using":"xpath","value":"//bdi[text()=\"OK\"]"}
COMMAND: POST /session/be4790d44c8003a2500b5a2ec9bf0748/elements - {"using":"xpath","value":"//bdi[text()=\"OK\"]"}
RESULT: {"using":"xpath","value":"//bdi[text()=\"OK\"]"}
COMMAND: POST /session/be4790d44c8003a2500b5a2ec9bf0748/elements - {"using":"xpath","value":"//bdi[text()=\"OK\"]"}
RESULT: {"using":"xpath","value":"//bdi[text()=\"OK\"]"}
COMMAND: POST /session/be4790d44c8003a2500b5a2ec9bf0748/elements - {"using":"xpath","value":"//bdi[text()=\"OK\"]"}
RESULT: {"using":"xpath","value":"//bdi[text()=\"OK\"]"}
COMMAND: POST /session/be4790d44c8003a2500b5a2ec9bf0748/elements - {"using":"xpath","value":"//bdi[text()=\"OK\"]"}
RESULT: {"using":"xpath","value":"//bdi[text()=\"OK\"]"}
COMMAND: POST /session/be4790d44c8003a2500b5a2ec9bf0748/elements - {"using":"xpath","value":"//bdi[text()=\"OK\"]"}
RESULT: {"using":"xpath","value":"//bdi[text()=\"OK\"]"}
COMMAND: POST /session/be4790d44c8003a2500b5a2ec9bf0748/elements - {"using":"xpath","value":"//bdi[text()=\"OK\"]"}
RESULT: {"using":"xpath","value":"//bdi[text()=\"OK\"]"}
COMMAND: POST /session/be4790d44c8003a2500b5a2ec9bf0748/elements - {"using":"xpath","value":"//bdi[text()=\"OK\"]"}
RESULT: {"using":"xpath","value":"//bdi[text()=\"OK\"]"}
COMMAND: POST /session/be4790d44c8003a2500b5a2ec9bf0748/elements - {"using":"xpath","value":"//bdi[text()=\"OK\"]"}
RESULT: {"using":"xpath","value":"//bdi[text()=\"OK\"]"}
COMMAND: POST /session/be4790d44c8003a2500b5a2ec9bf0748/elements - {"using":"xpath","value":"//bdi[text()=\"OK\"]"}
RESULT: {"using":"xpath","value":"//bdi[text()=\"OK\"]"}
COMMAND: POST /session/be4790d44c8003a2500b5a2ec9bf0748/elements - {"using":"xpath","value":"//bdi[text()=\"OK\"]"}
RESULT: {"using":"xpath","value":"//bdi[text()=\"OK\"]"}
COMMAND: POST /session/be4790d44c8003a2500b5a2ec9bf0748/elements - {"using":"xpath","value":"//bdi[text()=\"OK\"]"}
RESULT: {"using":"xpath","value":"//bdi[text()=\"OK\"]"}
COMMAND: POST /session/be4790d44c8003a2500b5a2ec9bf0748/elements - {"using":"xpath","value":"//bdi[text()=\"OK\"]"}
RESULT: {"using":"xpath","value":"//bdi[text()=\"OK\"]"}
COMMAND: POST /session/be4790d44c8003a2500b5a2ec9bf0748/elements - {"using":"xpath","value":"//bdi[text()=\"OK\"]"}
RESULT: {"using":"xpath","value":"//bdi[text()=\"OK\"]"}
COMMAND: POST /session/be4790d44c8003a2500b5a2ec9bf0748/elements - {"using":"xpath","value":"//bdi[text()=\"OK\"]"}
RESULT: {"using":"xpath","value":"//bdi[text()=\"OK\"]"}
COMMAND: POST /session/be4790d44c8003a2500b5a2ec9bf0748/elements - {"using":"xpath","value":"//bdi[text()=\"OK\"]"}
RESULT: {"using":"xpath","value":"//bdi[text()=\"OK\"]"}
COMMAND: POST /session/be4790d44c8003a2500b5a2ec9bf0748/elements - {"using":"xpath","value":"//bdi[text()=\"OK\"]"}
RESULT: {"using":"xpath","value":"//bdi[text()=\"OK\"]"}
COMMAND: POST /session/be4790d44c8003a2500b5a2ec9bf0748/elements - {"using":"xpath","value":"//bdi[text()=\"OK\"]"}
RESULT: {"using":"xpath","value":"//bdi[text()=\"OK\"]"}
COMMAND: POST /session/be4790d44c8003a2500b5a2ec9bf0748/elements - {"using":"xpath","value":"//bdi[text()=\"OK\"]"}
RESULT: {"using":"xpath","value":"//bdi[text()=\"OK\"]"}
COMMAND: POST /session/be4790d44c8003a2500b5a2ec9bf0748/elements - {"using":"xpath","value":"//bdi[text()=\"OK\"]"}
RESULT: {"using":"xpath","value":"//bdi[text()=\"OK\"]"}
COMMAND: POST /session/be4790d44c8003a2500b5a2ec9bf0748/elements - {"using":"xpath","value":"//bdi[text()=\"OK\"]"}
RESULT: {"using":"xpath","value":"//bdi[text()=\"OK\"]"}
COMMAND: POST /session/be4790d44c8003a2500b5a2ec9bf0748/elements - {"using":"xpath","value":"//bdi[text()=\"OK\"]"}
RESULT: {"using":"xpath","value":"//bdi[text()=\"OK\"]"}
COMMAND: POST /session/be4790d44c8003a2500b5a2ec9bf0748/elements - {"using":"xpath","value":"//bdi[text()=\"OK\"]"}
RESULT: {"using":"xpath","value":"//bdi[text()=\"OK\"]"}
COMMAND: POST /session/be4790d44c8003a2500b5a2ec9bf0748/elements - {"using":"xpath","value":"//bdi[text()=\"OK\"]"}
RESULT: {"using":"xpath","value":"//bdi[text()=\"OK\"]"}
COMMAND: POST /session/be4790d44c8003a2500b5a2ec9bf0748/elements - {"using":"xpath","value":"//bdi[text()=\"OK\"]"}
RESULT: {"using":"xpath","value":"//bdi[text()=\"OK\"]"}
COMMAND: POST /session/be4790d44c8003a2500b5a2ec9bf0748/elements - {"using":"xpath","value":"//bdi[text()=\"OK\"]"}
RESULT: {"using":"xpath","value":"//bdi[text()=\"OK\"]"}
COMMAND: POST /session/be4790d44c8003a2500b5a2ec9bf0748/elements - {"using":"xpath","value":"//bdi[text()=\"OK\"]"}
RESULT: {"using":"xpath","value":"//bdi[text()=\"OK\"]"}
COMMAND: POST /session/be4790d44c8003a2500b5a2ec9bf0748/elements - {"using":"xpath","value":"//bdi[text()=\"OK\"]"}
RESULT: {"using":"xpath","value":"//bdi[text()=\"OK\"]"}
COMMAND: POST /session/be4790d44c8003a2500b5a2ec9bf0748/elements - {"using":"xpath","value":"//bdi[text()=\"OK\"]"}
RESULT: {"using":"xpath","value":"//bdi[text()=\"OK\"]"}
COMMAND: POST /session/be4790d44c8003a2500b5a2ec9bf0748/elements - {"using":"xpath","value":"//bdi[text()=\"OK\"]"}
RESULT: {"using":"xpath","value":"//bdi[text()=\"OK\"]"}
COMMAND: POST /session/be4790d44c8003a2500b5a2ec9bf0748/elements - {"using":"xpath","value":"//bdi[text()=\"OK\"]"}
RESULT: {"using":"xpath","value":"//bdi[text()=\"OK\"]"}
COMMAND: POST /session/be4790d44c8003a2500b5a2ec9bf0748/elements - {"using":"xpath","value":"//bdi[text()=\"OK\"]"}
RESULT: {"using":"xpath","value":"//bdi[text()=\"OK\"]"}
COMMAND: POST /session/be4790d44c8003a2500b5a2ec9bf0748/elements - {"using":"xpath","value":"//bdi[text()=\"OK\"]"}
RESULT: {"using":"xpath","value":"//bdi[text()=\"OK\"]"}
COMMAND: POST /session/be4790d44c8003a2500b5a2ec9bf0748/elements - {"using":"xpath","value":"//bdi[text()=\"OK\"]"}
RESULT: {"using":"xpath","value":"//bdi[text()=\"OK\"]"}
COMMAND: POST /session/be4790d44c8003a2500b5a2ec9bf0748/elements - {"using":"xpath","value":"//bdi[text()=\"OK\"]"}
RESULT: {"using":"xpath","value":"//bdi[text()=\"OK\"]"}
COMMAND: POST /session/be4790d44c8003a2500b5a2ec9bf0748/elements - {"using":"xpath","value":"//bdi[text()=\"OK\"]"}
RESULT: {"using":"xpath","value":"//bdi[text()=\"OK\"]"}
COMMAND: POST /session/be4790d44c8003a2500b5a2ec9bf0748/elements - {"using":"xpath","value":"//bdi[text()=\"OK\"]"}
RESULT: {"using":"xpath","value":"//bdi[text()=\"OK\"]"}
COMMAND: POST /session/be4790d44c8003a2500b5a2ec9bf0748/elements - {"using":"xpath","value":"//bdi[text()=\"OK\"]"}
RESULT: {"using":"xpath","value":"//bdi[text()=\"OK\"]"}
COMMAND: POST /session/be4790d44c8003a2500b5a2ec9bf0748/elements - {"using":"xpath","value":"//bdi[text()=\"OK\"]"}
RESULT: {"using":"xpath","value":"//bdi[text()=\"OK\"]"}
COMMAND: POST /session/be4790d44c8003a2500b5a2ec9bf0748/elements - {"using":"xpath","value":"//bdi[text()=\"OK\"]"}
RESULT: {"using":"xpath","value":"//bdi[text()=\"OK\"]"}
COMMAND: POST /session/be4790d44c8003a2500b5a2ec9bf0748/elements - {"using":"xpath","value":"//bdi[text()=\"OK\"]"}
RESULT: {"using":"xpath","value":"//bdi[text()=\"OK\"]"}
COMMAND: POST /session/be4790d44c8003a2500b5a2ec9bf0748/elements - {"using":"xpath","value":"//bdi[text()=\"OK\"]"}
RESULT: {"using":"xpath","value":"//bdi[text()=\"OK\"]"}
COMMAND: POST /session/be4790d44c8003a2500b5a2ec9bf0748/elements - {"using":"xpath","value":"//bdi[text()=\"OK\"]"}
RESULT: {"using":"xpath","value":"//bdi[text()=\"OK\"]"}
COMMAND: POST /session/be4790d44c8003a2500b5a2ec9bf0748/elements - {"using":"xpath","value":"//bdi[text()=\"OK\"]"}
RESULT: {"using":"xpath","value":"//bdi[text()=\"OK\"]"}
COMMAND: POST /session/be4790d44c8003a2500b5a2ec9bf0748/elements - {"using":"xpath","value":"//bdi[text()=\"OK\"]"}
RESULT: {"using":"xpath","value":"//bdi[text()=\"OK\"]"}
COMMAND: POST /session/be4790d44c8003a2500b5a2ec9bf0748/elements - {"using":"xpath","value":"//bdi[text()=\"OK\"]"}
RESULT: {"using":"xpath","value":"//bdi[text()=\"OK\"]"}
COMMAND: POST /session/be4790d44c8003a2500b5a2ec9bf0748/elements - {"using":"xpath","value":"//bdi[text()=\"OK\"]"}
RESULT: {"using":"xpath","value":"//bdi[text()=\"OK\"]"}
COMMAND: POST /session/be4790d44c8003a2500b5a2ec9bf0748/elements - {"using":"xpath","value":"//bdi[text()=\"OK\"]"}
RESULT: {"using":"xpath","value":"//bdi[text()=\"OK\"]"}
COMMAND: POST /session/be4790d44c8003a2500b5a2ec9bf0748/elements - {"using":"xpath","value":"//bdi[text()=\"OK\"]"}
RESULT: {"using":"xpath","value":"//bdi[text()=\"OK\"]"}
COMMAND: POST /session/be4790d44c8003a2500b5a2ec9bf0748/elements - {"using":"xpath","value":"//bdi[text()=\"OK\"]"}
RESULT: {"using":"xpath","value":"//bdi[text()=\"OK\"]"}
COMMAND: POST /session/be4790d44c8003a2500b5a2ec9bf0748/elements - {"using":"xpath","value":"//bdi[text()=\"OK\"]"}
RESULT: {"using":"xpath","value":"//bdi[text()=\"OK\"]"}
COMMAND: POST /session/be4790d44c8003a2500b5a2ec9bf0748/elements - {"using":"xpath","value":"//bdi[text()=\"OK\"]"}
RESULT: {"using":"xpath","value":"//bdi[text()=\"OK\"]"}
COMMAND: POST /session/be4790d44c8003a2500b5a2ec9bf0748/elements - {"using":"xpath","value":"//bdi[text()=\"OK\"]"}
RESULT: {"using":"xpath","value":"//bdi[text()=\"OK\"]"}
COMMAND: POST /session/be4790d44c8003a2500b5a2ec9bf0748/elements - {"using":"xpath","value":"//bdi[text()=\"OK\"]"}
RESULT: {"using":"xpath","value":"//bdi[text()=\"OK\"]"}
COMMAND: POST /session/be4790d44c8003a2500b5a2ec9bf0748/elements - {"using":"xpath","value":"//bdi[text()=\"OK\"]"}
RESULT: {"using":"xpath","value":"//bdi[text()=\"OK\"]"}
COMMAND: POST /session/be4790d44c8003a2500b5a2ec9bf0748/elements - {"using":"xpath","value":"//bdi[text()=\"OK\"]"}
RESULT: {"using":"xpath","value":"//bdi[text()=\"OK\"]"}
COMMAND: POST /session/be4790d44c8003a2500b5a2ec9bf0748/elements - {"using":"xpath","value":"//bdi[text()=\"OK\"]"}
RESULT: {"using":"xpath","value":"//bdi[text()=\"OK\"]"}
COMMAND: POST /session/be4790d44c8003a2500b5a2ec9bf0748/elements - {"using":"xpath","value":"//bdi[text()=\"OK\"]"}
RESULT: {"using":"xpath","value":"//bdi[text()=\"OK\"]"}
COMMAND: POST /session/be4790d44c8003a2500b5a2ec9bf0748/elements - {"using":"xpath","value":"//bdi[text()=\"OK\"]"}
RESULT: {"using":"xpath","value":"//bdi[text()=\"OK\"]"}
COMMAND: POST /session/be4790d44c8003a2500b5a2ec9bf0748/elements - {"using":"xpath","value":"//bdi[text()=\"OK\"]"}
RESULT: {"using":"xpath","value":"//bdi[text()=\"OK\"]"}
COMMAND: POST /session/be4790d44c8003a2500b5a2ec9bf0748/elements - {"using":"xpath","value":"//bdi[text()=\"OK\"]"}
RESULT: {"using":"xpath","value":"//bdi[text()=\"OK\"]"}
COMMAND: POST /session/be4790d44c8003a2500b5a2ec9bf0748/elements - {"using":"xpath","value":"//bdi[text()=\"OK\"]"}
RESULT: {"using":"xpath","value":"//bdi[text()=\"OK\"]"}
COMMAND: POST /session/be4790d44c8003a2500b5a2ec9bf0748/elements - {"using":"xpath","value":"//bdi[text()=\"OK\"]"}
RESULT: {"using":"xpath","value":"//bdi[text()=\"OK\"]"}
COMMAND: POST /session/be4790d44c8003a2500b5a2ec9bf0748/elements - {"using":"xpath","value":"//bdi[text()=\"OK\"]"}
RESULT: {"using":"xpath","value":"//bdi[text()=\"OK\"]"}
COMMAND: POST /session/be4790d44c8003a2500b5a2ec9bf0748/elements - {"using":"xpath","value":"//bdi[text()=\"OK\"]"}
RESULT: {"using":"xpath","value":"//bdi[text()=\"OK\"]"}
COMMAND: POST /session/be4790d44c8003a2500b5a2ec9bf0748/elements - {"using":"xpath","value":"//bdi[text()=\"OK\"]"}
RESULT: {"using":"xpath","value":"//bdi[text()=\"OK\"]"}
COMMAND: POST /session/be4790d44c8003a2500b5a2ec9bf0748/elements - {"using":"xpath","value":"//bdi[text()=\"OK\"]"}
RESULT: {"using":"xpath","value":"//bdi[text()=\"OK\"]"}
COMMAND: POST /session/be4790d44c8003a2500b5a2ec9bf0748/elements - {"using":"xpath","value":"//bdi[text()=\"OK\"]"}
RESULT: {"using":"xpath","value":"//bdi[text()=\"OK\"]"}
COMMAND: POST /session/be4790d44c8003a2500b5a2ec9bf0748/elements - {"using":"xpath","value":"//bdi[text()=\"OK\"]"}
RESULT: {"using":"xpath","value":"//bdi[text()=\"OK\"]"}
COMMAND: POST /session/be4790d44c8003a2500b5a2ec9bf0748/elements - {"using":"xpath","value":"//bdi[text()=\"OK\"]"}
RESULT: {"using":"xpath","value":"//bdi[text()=\"OK\"]"}
COMMAND: POST /session/be4790d44c8003a2500b5a2ec9bf0748/elements - {"using":"xpath","value":"//bdi[text()=\"OK\"]"}
RESULT: {"using":"xpath","value":"//bdi[text()=\"OK\"]"}
COMMAND: POST /session/be4790d44c8003a2500b5a2ec9bf0748/elements - {"using":"xpath","value":"//bdi[text()=\"OK\"]"}
RESULT: {"using":"xpath","value":"//bdi[text()=\"OK\"]"}
COMMAND: POST /session/be4790d44c8003a2500b5a2ec9bf0748/elements - {"using":"xpath","value":"//bdi[text()=\"OK\"]"}
RESULT: {"using":"xpath","value":"//bdi[text()=\"OK\"]"}
COMMAND: POST /session/be4790d44c8003a2500b5a2ec9bf0748/elements - {"using":"xpath","value":"//bdi[text()=\"OK\"]"}
RESULT: {"using":"xpath","value":"//bdi[text()=\"OK\"]"}
COMMAND: POST /session/be4790d44c8003a2500b5a2ec9bf0748/elements - {"using":"xpath","value":"//bdi[text()=\"OK\"]"}
RESULT: {"using":"xpath","value":"//bdi[text()=\"OK\"]"}
COMMAND: POST /session/be4790d44c8003a2500b5a2ec9bf0748/elements - {"using":"xpath","value":"//bdi[text()=\"OK\"]"}
RESULT: {"using":"xpath","value":"//bdi[text()=\"OK\"]"}
COMMAND: POST /session/be4790d44c8003a2500b5a2ec9bf0748/elements - {"using":"xpath","value":"//bdi[text()=\"OK\"]"}
RESULT: {"using":"xpath","value":"//bdi[text()=\"OK\"]"}
COMMAND: POST /session/be4790d44c8003a2500b5a2ec9bf0748/elements - {"using":"xpath","value":"//bdi[text()=\"OK\"]"}
RESULT: {"using":"xpath","value":"//bdi[text()=\"OK\"]"}
COMMAND: POST /session/be4790d44c8003a2500b5a2ec9bf0748/elements - {"using":"xpath","value":"//bdi[text()=\"OK\"]"}
RESULT: {"using":"xpath","value":"//bdi[text()=\"OK\"]"}
COMMAND: POST /session/be4790d44c8003a2500b5a2ec9bf0748/elements - {"using":"xpath","value":"//bdi[text()=\"OK\"]"}
RESULT: {"using":"xpath","value":"//bdi[text()=\"OK\"]"}
COMMAND: POST /session/be4790d44c8003a2500b5a2ec9bf0748/elements - {"using":"xpath","value":"//bdi[text()=\"OK\"]"}
RESULT: {"using":"xpath","value":"//bdi[text()=\"OK\"]"}
COMMAND: POST /session/be4790d44c8003a2500b5a2ec9bf0748/elements - {"using":"xpath","value":"//bdi[text()=\"OK\"]"}
RESULT: {"using":"xpath","value":"//bdi[text()=\"OK\"]"}
COMMAND: POST /session/be4790d44c8003a2500b5a2ec9bf0748/elements - {"using":"xpath","value":"//bdi[text()=\"OK\"]"}
RESULT: {"using":"xpath","value":"//bdi[text()=\"OK\"]"}
COMMAND: POST /session/be4790d44c8003a2500b5a2ec9bf0748/elements - {"using":"xpath","value":"//bdi[text()=\"OK\"]"}
RESULT: {"using":"xpath","value":"//bdi[text()=\"OK\"]"}
COMMAND: POST /session/be4790d44c8003a2500b5a2ec9bf0748/elements - {"using":"xpath","value":"//bdi[text()=\"OK\"]"}
RESULT: {"using":"xpath","value":"//bdi[text()=\"OK\"]"}
COMMAND: POST /session/be4790d44c8003a2500b5a2ec9bf0748/elements - {"using":"xpath","value":"//bdi[text()=\"OK\"]"}
RESULT: {"using":"xpath","value":"//bdi[text()=\"OK\"]"}
COMMAND: POST /session/be4790d44c8003a2500b5a2ec9bf0748/elements - {"using":"xpath","value":"//bdi[text()=\"OK\"]"}
RESULT: {"using":"xpath","value":"//bdi[text()=\"OK\"]"}
COMMAND: POST /session/be4790d44c8003a2500b5a2ec9bf0748/elements - {"using":"xpath","value":"//bdi[text()=\"OK\"]"}
RESULT: {"using":"xpath","value":"//bdi[text()=\"OK\"]"}
COMMAND: POST /session/be4790d44c8003a2500b5a2ec9bf0748/elements - {"using":"xpath","value":"//bdi[text()=\"OK\"]"}
RESULT: {"using":"xpath","value":"//bdi[text()=\"OK\"]"}
COMMAND: POST /session/be4790d44c8003a2500b5a2ec9bf0748/elements - {"using":"xpath","value":"//bdi[text()=\"OK\"]"}
RESULT: {"using":"xpath","value":"//bdi[text()=\"OK\"]"}
COMMAND: POST /session/be4790d44c8003a2500b5a2ec9bf0748/elements - {"using":"xpath","value":"//bdi[text()=\"OK\"]"}
RESULT: {"using":"xpath","value":"//bdi[text()=\"OK\"]"}
COMMAND: POST /session/be4790d44c8003a2500b5a2ec9bf0748/elements - {"using":"xpath","value":"//bdi[text()=\"OK\"]"}
RESULT: {"using":"xpath","value":"//bdi[text()=\"OK\"]"}
COMMAND: POST /session/be4790d44c8003a2500b5a2ec9bf0748/elements - {"using":"xpath","value":"//bdi[text()=\"OK\"]"}
RESULT: {"using":"xpath","value":"//bdi[text()=\"OK\"]"}
COMMAND: POST /session/be4790d44c8003a2500b5a2ec9bf0748/elements - {"using":"xpath","value":"//bdi[text()=\"OK\"]"}
RESULT: {"using":"xpath","value":"//bdi[text()=\"OK\"]"}
COMMAND: POST /session/be4790d44c8003a2500b5a2ec9bf0748/elements - {"using":"xpath","value":"//bdi[text()=\"OK\"]"}
RESULT: {"using":"xpath","value":"//bdi[text()=\"OK\"]"}
COMMAND: POST /session/be4790d44c8003a2500b5a2ec9bf0748/elements - {"using":"xpath","value":"//bdi[text()=\"OK\"]"}
RESULT: {"using":"xpath","value":"//bdi[text()=\"OK\"]"}
COMMAND: POST /session/be4790d44c8003a2500b5a2ec9bf0748/elements - {"using":"xpath","value":"//bdi[text()=\"OK\"]"}
RESULT: {"using":"xpath","value":"//bdi[text()=\"OK\"]"}
COMMAND: POST /session/be4790d44c8003a2500b5a2ec9bf0748/elements - {"using":"xpath","value":"//bdi[text()=\"OK\"]"}
RESULT: {"using":"xpath","value":"//bdi[text()=\"OK\"]"}
COMMAND: POST /session/be4790d44c8003a2500b5a2ec9bf0748/elements - {"using":"xpath","value":"//bdi[text()=\"OK\"]"}
RESULT: {"using":"xpath","value":"//bdi[text()=\"OK\"]"}
COMMAND: POST /session/be4790d44c8003a2500b5a2ec9bf0748/elements - {"using":"xpath","value":"//bdi[text()=\"OK\"]"}
RESULT: {"using":"xpath","value":"//bdi[text()=\"OK\"]"}
COMMAND: POST /session/be4790d44c8003a2500b5a2ec9bf0748/elements - {"using":"xpath","value":"//bdi[text()=\"OK\"]"}
RESULT: {"using":"xpath","value":"//bdi[text()=\"OK\"]"}
COMMAND: POST /session/be4790d44c8003a2500b5a2ec9bf0748/elements - {"using":"xpath","value":"//bdi[text()=\"OK\"]"}
RESULT: {"using":"xpath","value":"//bdi[text()=\"OK\"]"}
COMMAND: POST /session/be4790d44c8003a2500b5a2ec9bf0748/elements - {"using":"xpath","value":"//bdi[text()=\"OK\"]"}
RESULT: {"using":"xpath","value":"//bdi[text()=\"OK\"]"}
COMMAND: POST /session/be4790d44c8003a2500b5a2ec9bf0748/elements - {"using":"xpath","value":"//bdi[text()=\"OK\"]"}
RESULT: {"using":"xpath","value":"//bdi[text()=\"OK\"]"}
COMMAND: POST /session/be4790d44c8003a2500b5a2ec9bf0748/element - {"using":"xpath","value":"//bdi[text()=\"OK\"]"}
RESULT: {"using":"xpath","value":"//bdi[text()=\"OK\"]"}
COMMAND: POST /session/be4790d44c8003a2500b5a2ec9bf0748/elements - {"using":"xpath","value":"//bdi[text()=\"OK\"]"}
RESULT: {"using":"xpath","value":"//bdi[text()=\"OK\"]"}
COMMAND: POST /session/be4790d44c8003a2500b5a2ec9bf0748/elements - {"using":"xpath","value":"//bdi[text()=\"OK\"]"}
RESULT: {"using":"xpath","value":"//bdi[text()=\"OK\"]"}
COMMAND: POST /session/be4790d44c8003a2500b5a2ec9bf0748/elements - {"using":"xpath","value":"//bdi[text()=\"OK\"]"}
RESULT: {"using":"xpath","value":"//bdi[text()=\"OK\"]"}
COMMAND: POST /session/be4790d44c8003a2500b5a2ec9bf0748/elements - {"using":"xpath","value":"//bdi[text()=\"OK\"]"}
RESULT: {"using":"xpath","value":"//bdi[text()=\"OK\"]"}
COMMAND: POST /session/be4790d44c8003a2500b5a2ec9bf0748/elements - {"using":"xpath","value":"//bdi[text()=\"OK\"]"}
RESULT: {"using":"xpath","value":"//bdi[text()=\"OK\"]"}
COMMAND: POST /session/be4790d44c8003a2500b5a2ec9bf0748/elements - {"using":"xpath","value":"//bdi[text()=\"OK\"]"}
RESULT: {"using":"xpath","value":"//bdi[text()=\"OK\"]"}
COMMAND: POST /session/be4790d44c8003a2500b5a2ec9bf0748/elements - {"using":"xpath","value":"//bdi[text()=\"OK\"]"}
RESULT: {"using":"xpath","value":"//bdi[text()=\"OK\"]"}
COMMAND: POST /session/be4790d44c8003a2500b5a2ec9bf0748/elements - {"using":"xpath","value":"//bdi[text()=\"OK\"]"}
RESULT: {"using":"xpath","value":"//bdi[text()=\"OK\"]"}
COMMAND: POST /session/be4790d44c8003a2500b5a2ec9bf0748/elements - {"using":"xpath","value":"//bdi[text()=\"OK\"]"}
RESULT: {"using":"xpath","value":"//bdi[text()=\"OK\"]"}
COMMAND: POST /session/be4790d44c8003a2500b5a2ec9bf0748/elements - {"using":"xpath","value":"//bdi[text()=\"OK\"]"}
RESULT: {"using":"xpath","value":"//bdi[text()=\"OK\"]"}
COMMAND: POST /session/be4790d44c8003a2500b5a2ec9bf0748/elements - {"using":"xpath","value":"//bdi[text()=\"OK\"]"}
RESULT: {"using":"xpath","value":"//bdi[text()=\"OK\"]"}
COMMAND: POST /session/be4790d44c8003a2500b5a2ec9bf0748/elements - {"using":"xpath","value":"//bdi[text()=\"OK\"]"}
RESULT: {"using":"xpath","value":"//bdi[text()=\"OK\"]"}
COMMAND: POST /session/be4790d44c8003a2500b5a2ec9bf0748/elements - {"using":"xpath","value":"//bdi[text()=\"OK\"]"}
RESULT: {"using":"xpath","value":"//bdi[text()=\"OK\"]"}
COMMAND: POST /session/be4790d44c8003a2500b5a2ec9bf0748/elements - {"using":"xpath","value":"//bdi[text()=\"OK\"]"}
RESULT: {"using":"xpath","value":"//bdi[text()=\"OK\"]"}
COMMAND: POST /session/be4790d44c8003a2500b5a2ec9bf0748/elements - {"using":"xpath","value":"//bdi[text()=\"OK\"]"}
RESULT: {"using":"xpath","value":"//bdi[text()=\"OK\"]"}
COMMAND: POST /session/be4790d44c8003a2500b5a2ec9bf0748/elements - {"using":"xpath","value":"//bdi[text()=\"OK\"]"}
RESULT: {"using":"xpath","value":"//bdi[text()=\"OK\"]"}
COMMAND: POST /session/be4790d44c8003a2500b5a2ec9bf0748/elements - {"using":"xpath","value":"//bdi[text()=\"OK\"]"}
RESULT: {"using":"xpath","value":"//bdi[text()=\"OK\"]"}
COMMAND: POST /session/be4790d44c8003a2500b5a2ec9bf0748/elements - {"using":"xpath","value":"//bdi[text()=\"OK\"]"}
RESULT: {"using":"xpath","value":"//bdi[text()=\"OK\"]"}
COMMAND: POST /session/be4790d44c8003a2500b5a2ec9bf0748/elements - {"using":"xpath","value":"//bdi[text()=\"OK\"]"}
RESULT: {"using":"xpath","value":"//bdi[text()=\"OK\"]"}
COMMAND: POST /session/be4790d44c8003a2500b5a2ec9bf0748/elements - {"using":"xpath","value":"//bdi[text()=\"OK\"]"}
RESULT: {"using":"xpath","value":"//bdi[text()=\"OK\"]"}
COMMAND: POST /session/be4790d44c8003a2500b5a2ec9bf0748/elements - {"using":"xpath","value":"//bdi[text()=\"OK\"]"}
RESULT: {"using":"xpath","value":"//bdi[text()=\"OK\"]"}
COMMAND: POST /session/be4790d44c8003a2500b5a2ec9bf0748/elements - {"using":"xpath","value":"//bdi[text()=\"OK\"]"}
RESULT: {"using":"xpath","value":"//bdi[text()=\"OK\"]"}
COMMAND: POST /session/be4790d44c8003a2500b5a2ec9bf0748/elements - {"using":"xpath","value":"//bdi[text()=\"OK\"]"}
RESULT: {"using":"xpath","value":"//bdi[text()=\"OK\"]"}
COMMAND: POST /session/be4790d44c8003a2500b5a2ec9bf0748/elements - {"using":"xpath","value":"//bdi[text()=\"OK\"]"}
RESULT: {"using":"xpath","value":"//bdi[text()=\"OK\"]"}
COMMAND: POST /session/be4790d44c8003a2500b5a2ec9bf0748/elements - {"using":"xpath","value":"//bdi[text()=\"OK\"]"}
RESULT: {"using":"xpath","value":"//bdi[text()=\"OK\"]"}
COMMAND: POST /session/be4790d44c8003a2500b5a2ec9bf0748/elements - {"using":"xpath","value":"//bdi[text()=\"OK\"]"}
RESULT: {"using":"xpath","value":"//bdi[text()=\"OK\"]"}
COMMAND: POST /session/be4790d44c8003a2500b5a2ec9bf0748/elements - {"using":"xpath","value":"//bdi[text()=\"OK\"]"}
RESULT: {"using":"xpath","value":"//bdi[text()=\"OK\"]"}
COMMAND: POST /session/be4790d44c8003a2500b5a2ec9bf0748/elements - {"using":"xpath","value":"//bdi[text()=\"OK\"]"}
RESULT: {"using":"xpath","value":"//bdi[text()=\"OK\"]"}
COMMAND: POST /session/be4790d44c8003a2500b5a2ec9bf0748/elements - {"using":"xpath","value":"//bdi[text()=\"OK\"]"}
RESULT: {"using":"xpath","value":"//bdi[text()=\"OK\"]"}
COMMAND: POST /session/be4790d44c8003a2500b5a2ec9bf0748/elements - {"using":"xpath","value":"//bdi[text()=\"OK\"]"}
RESULT: {"using":"xpath","value":"//bdi[text()=\"OK\"]"}
COMMAND: POST /session/be4790d44c8003a2500b5a2ec9bf0748/elements - {"using":"xpath","value":"//bdi[text()=\"OK\"]"}
RESULT: {"using":"xpath","value":"//bdi[text()=\"OK\"]"}
COMMAND: POST /session/be4790d44c8003a2500b5a2ec9bf0748/elements - {"using":"xpath","value":"//bdi[text()=\"OK\"]"}
RESULT: {"using":"xpath","value":"//bdi[text()=\"OK\"]"}
COMMAND: POST /session/be4790d44c8003a2500b5a2ec9bf0748/elements - {"using":"xpath","value":"//bdi[text()=\"OK\"]"}
RESULT: {"using":"xpath","value":"//bdi[text()=\"OK\"]"}
COMMAND: POST /session/be4790d44c8003a2500b5a2ec9bf0748/elements - {"using":"xpath","value":"//bdi[text()=\"OK\"]"}
RESULT: {"using":"xpath","value":"//bdi[text()=\"OK\"]"}
COMMAND: POST /session/be4790d44c8003a2500b5a2ec9bf0748/elements - {"using":"xpath","value":"//bdi[text()=\"OK\"]"}
RESULT: {"using":"xpath","value":"//bdi[text()=\"OK\"]"}
COMMAND: POST /session/be4790d44c8003a2500b5a2ec9bf0748/elements - {"using":"xpath","value":"//bdi[text()=\"OK\"]"}
RESULT: {"using":"xpath","value":"//bdi[text()=\"OK\"]"}
COMMAND: POST /session/be4790d44c8003a2500b5a2ec9bf0748/elements - {"using":"xpath","value":"//bdi[text()=\"OK\"]"}
RESULT: {"using":"xpath","value":"//bdi[text()=\"OK\"]"}
COMMAND: POST /session/be4790d44c8003a2500b5a2ec9bf0748/elements - {"using":"xpath","value":"//bdi[text()=\"OK\"]"}
RESULT: {"using":"xpath","value":"//bdi[text()=\"OK\"]"}
COMMAND: POST /session/be4790d44c8003a2500b5a2ec9bf0748/elements - {"using":"xpath","value":"//bdi[text()=\"OK\"]"}
RESULT: {"using":"xpath","value":"//bdi[text()=\"OK\"]"}
COMMAND: POST /session/be4790d44c8003a2500b5a2ec9bf0748/elements - {"using":"xpath","value":"//bdi[text()=\"OK\"]"}
RESULT: {"using":"xpath","value":"//bdi[text()=\"OK\"]"}
COMMAND: POST /session/be4790d44c8003a2500b5a2ec9bf0748/elements - {"using":"xpath","value":"//bdi[text()=\"OK\"]"}
RESULT: {"using":"xpath","value":"//bdi[text()=\"OK\"]"}
COMMAND: POST /session/be4790d44c8003a2500b5a2ec9bf0748/elements - {"using":"xpath","value":"//bdi[text()=\"OK\"]"}
RESULT: {"using":"xpath","value":"//bdi[text()=\"OK\"]"}
COMMAND: POST /session/be4790d44c8003a2500b5a2ec9bf0748/elements - {"using":"xpath","value":"//bdi[text()=\"OK\"]"}
RESULT: {"using":"xpath","value":"//bdi[text()=\"OK\"]"}
COMMAND: POST /session/be4790d44c8003a2500b5a2ec9bf0748/elements - {"using":"xpath","value":"//bdi[text()=\"OK\"]"}
RESULT: {"using":"xpath","value":"//bdi[text()=\"OK\"]"}
COMMAND: POST /session/be4790d44c8003a2500b5a2ec9bf0748/elements - {"using":"xpath","value":"//bdi[text()=\"OK\"]"}
RESULT: {"using":"xpath","value":"//bdi[text()=\"OK\"]"}
COMMAND: POST /session/be4790d44c8003a2500b5a2ec9bf0748/elements - {"using":"xpath","value":"//bdi[text()=\"OK\"]"}
RESULT: {"using":"xpath","value":"//bdi[text()=\"OK\"]"}
COMMAND: POST /session/be4790d44c8003a2500b5a2ec9bf0748/elements - {"using":"xpath","value":"//bdi[text()=\"OK\"]"}
RESULT: {"using":"xpath","value":"//bdi[text()=\"OK\"]"}
COMMAND: POST /session/be4790d44c8003a2500b5a2ec9bf0748/elements - {"using":"xpath","value":"//bdi[text()=\"OK\"]"}
RESULT: {"using":"xpath","value":"//bdi[text()=\"OK\"]"}
COMMAND: POST /session/be4790d44c8003a2500b5a2ec9bf0748/elements - {"using":"xpath","value":"//bdi[text()=\"OK\"]"}
RESULT: {"using":"xpath","value":"//bdi[text()=\"OK\"]"}
COMMAND: POST /session/be4790d44c8003a2500b5a2ec9bf0748/elements - {"using":"xpath","value":"//bdi[text()=\"OK\"]"}
RESULT: {"using":"xpath","value":"//bdi[text()=\"OK\"]"}
COMMAND: POST /session/be4790d44c8003a2500b5a2ec9bf0748/elements - {"using":"xpath","value":"//bdi[text()=\"OK\"]"}
RESULT: {"using":"xpath","value":"//bdi[text()=\"OK\"]"}
COMMAND: POST /session/be4790d44c8003a2500b5a2ec9bf0748/elements - {"using":"xpath","value":"//bdi[text()=\"OK\"]"}
RESULT: {"using":"xpath","value":"//bdi[text()=\"OK\"]"}
COMMAND: POST /session/be4790d44c8003a2500b5a2ec9bf0748/elements - {"using":"xpath","value":"//bdi[text()=\"OK\"]"}
RESULT: {"using":"xpath","value":"//bdi[text()=\"OK\"]"}
COMMAND: POST /session/be4790d44c8003a2500b5a2ec9bf0748/elements - {"using":"xpath","value":"//bdi[text()=\"OK\"]"}
RESULT: {"using":"xpath","value":"//bdi[text()=\"OK\"]"}
COMMAND: POST /session/be4790d44c8003a2500b5a2ec9bf0748/elements - {"using":"xpath","value":"//bdi[text()=\"OK\"]"}
RESULT: {"using":"xpath","value":"//bdi[text()=\"OK\"]"}
COMMAND: POST /session/be4790d44c8003a2500b5a2ec9bf0748/elements - {"using":"xpath","value":"//bdi[text()=\"OK\"]"}
RESULT: {"using":"xpath","value":"//bdi[text()=\"OK\"]"}
COMMAND: POST /session/be4790d44c8003a2500b5a2ec9bf0748/elements - {"using":"xpath","value":"//bdi[text()=\"OK\"]"}
RESULT: {"using":"xpath","value":"//bdi[text()=\"OK\"]"}
COMMAND: POST /session/be4790d44c8003a2500b5a2ec9bf0748/elements - {"using":"xpath","value":"//bdi[text()=\"OK\"]"}
RESULT: {"using":"xpath","value":"//bdi[text()=\"OK\"]"}
COMMAND: POST /session/be4790d44c8003a2500b5a2ec9bf0748/elements - {"using":"xpath","value":"//bdi[text()=\"OK\"]"}
RESULT: {"using":"xpath","value":"//bdi[text()=\"OK\"]"}
COMMAND: POST /session/be4790d44c8003a2500b5a2ec9bf0748/elements - {"using":"xpath","value":"//bdi[text()=\"OK\"]"}
RESULT: {"using":"xpath","value":"//bdi[text()=\"OK\"]"}
COMMAND: POST /session/be4790d44c8003a2500b5a2ec9bf0748/elements - {"using":"xpath","value":"//bdi[text()=\"OK\"]"}
RESULT: {"using":"xpath","value":"//bdi[text()=\"OK\"]"}
COMMAND: POST /session/be4790d44c8003a2500b5a2ec9bf0748/elements - {"using":"xpath","value":"//bdi[text()=\"OK\"]"}
RESULT: {"using":"xpath","value":"//bdi[text()=\"OK\"]"}
COMMAND: POST /session/be4790d44c8003a2500b5a2ec9bf0748/elements - {"using":"xpath","value":"//bdi[text()=\"OK\"]"}
RESULT: {"using":"xpath","value":"//bdi[text()=\"OK\"]"}
COMMAND: POST /session/be4790d44c8003a2500b5a2ec9bf0748/elements - {"using":"xpath","value":"//bdi[text()=\"OK\"]"}
RESULT: {"using":"xpath","value":"//bdi[text()=\"OK\"]"}
COMMAND: POST /session/be4790d44c8003a2500b5a2ec9bf0748/elements - {"using":"xpath","value":"//bdi[text()=\"OK\"]"}
RESULT: {"using":"xpath","value":"//bdi[text()=\"OK\"]"}
COMMAND: POST /session/be4790d44c8003a2500b5a2ec9bf0748/elements - {"using":"xpath","value":"//bdi[text()=\"OK\"]"}
RESULT: {"using":"xpath","value":"//bdi[text()=\"OK\"]"}
COMMAND: POST /session/be4790d44c8003a2500b5a2ec9bf0748/elements - {"using":"xpath","value":"//bdi[text()=\"OK\"]"}
RESULT: {"using":"xpath","value":"//bdi[text()=\"OK\"]"}
COMMAND: POST /session/be4790d44c8003a2500b5a2ec9bf0748/elements - {"using":"xpath","value":"//bdi[text()=\"OK\"]"}
RESULT: {"using":"xpath","value":"//bdi[text()=\"OK\"]"}
COMMAND: POST /session/be4790d44c8003a2500b5a2ec9bf0748/elements - {"using":"xpath","value":"//bdi[text()=\"OK\"]"}
RESULT: {"using":"xpath","value":"//bdi[text()=\"OK\"]"}
COMMAND: POST /session/be4790d44c8003a2500b5a2ec9bf0748/elements - {"using":"xpath","value":"//bdi[text()=\"OK\"]"}
RESULT: {"using":"xpath","value":"//bdi[text()=\"OK\"]"}
COMMAND: POST /session/be4790d44c8003a2500b5a2ec9bf0748/elements - {"using":"xpath","value":"//bdi[text()=\"OK\"]"}
RESULT: {"using":"xpath","value":"//bdi[text()=\"OK\"]"}
COMMAND: POST /session/be4790d44c8003a2500b5a2ec9bf0748/elements - {"using":"xpath","value":"//bdi[text()=\"OK\"]"}
RESULT: {"using":"xpath","value":"//bdi[text()=\"OK\"]"}
COMMAND: POST /session/be4790d44c8003a2500b5a2ec9bf0748/elements - {"using":"xpath","value":"//bdi[text()=\"OK\"]"}
RESULT: {"using":"xpath","value":"//bdi[text()=\"OK\"]"}
COMMAND: POST /session/be4790d44c8003a2500b5a2ec9bf0748/elements - {"using":"xpath","value":"//bdi[text()=\"OK\"]"}
RESULT: {"using":"xpath","value":"//bdi[text()=\"OK\"]"}
COMMAND: POST /session/be4790d44c8003a2500b5a2ec9bf0748/elements - {"using":"xpath","value":"//bdi[text()=\"OK\"]"}
RESULT: {"using":"xpath","value":"//bdi[text()=\"OK\"]"}
COMMAND: POST /session/be4790d44c8003a2500b5a2ec9bf0748/elements - {"using":"xpath","value":"//bdi[text()=\"OK\"]"}
RESULT: {"using":"xpath","value":"//bdi[text()=\"OK\"]"}
COMMAND: POST /session/be4790d44c8003a2500b5a2ec9bf0748/elements - {"using":"xpath","value":"//bdi[text()=\"OK\"]"}
RESULT: {"using":"xpath","value":"//bdi[text()=\"OK\"]"}
COMMAND: POST /session/be4790d44c8003a2500b5a2ec9bf0748/elements - {"using":"xpath","value":"//bdi[text()=\"OK\"]"}
RESULT: {"using":"xpath","value":"//bdi[text()=\"OK\"]"}
COMMAND: POST /session/be4790d44c8003a2500b5a2ec9bf0748/elements - {"using":"xpath","value":"//bdi[text()=\"OK\"]"}
RESULT: {"using":"xpath","value":"//bdi[text()=\"OK\"]"}
COMMAND: POST /session/be4790d44c8003a2500b5a2ec9bf0748/elements - {"using":"xpath","value":"//bdi[text()=\"OK\"]"}
RESULT: {"using":"xpath","value":"//bdi[text()=\"OK\"]"}
COMMAND: POST /session/be4790d44c8003a2500b5a2ec9bf0748/elements - {"using":"xpath","value":"//bdi[text()=\"OK\"]"}
RESULT: {"using":"xpath","value":"//bdi[text()=\"OK\"]"}
COMMAND: POST /session/be4790d44c8003a2500b5a2ec9bf0748/elements - {"using":"xpath","value":"//bdi[text()=\"OK\"]"}
RESULT: {"using":"xpath","value":"//bdi[text()=\"OK\"]"}
COMMAND: POST /session/be4790d44c8003a2500b5a2ec9bf0748/elements - {"using":"xpath","value":"//bdi[text()=\"OK\"]"}
RESULT: {"using":"xpath","value":"//bdi[text()=\"OK\"]"}
COMMAND: POST /session/be4790d44c8003a2500b5a2ec9bf0748/elements - {"using":"xpath","value":"//bdi[text()=\"OK\"]"}
RESULT: {"using":"xpath","value":"//bdi[text()=\"OK\"]"}
COMMAND: POST /session/be4790d44c8003a2500b5a2ec9bf0748/elements - {"using":"xpath","value":"//bdi[text()=\"OK\"]"}
RESULT: {"using":"xpath","value":"//bdi[text()=\"OK\"]"}
COMMAND: POST /session/be4790d44c8003a2500b5a2ec9bf0748/elements - {"using":"xpath","value":"//bdi[text()=\"OK\"]"}
RESULT: {"using":"xpath","value":"//bdi[text()=\"OK\"]"}
COMMAND: POST /session/be4790d44c8003a2500b5a2ec9bf0748/elements - {"using":"xpath","value":"//bdi[text()=\"OK\"]"}
RESULT: {"using":"xpath","value":"//bdi[text()=\"OK\"]"}
COMMAND: POST /session/be4790d44c8003a2500b5a2ec9bf0748/elements - {"using":"xpath","value":"//bdi[text()=\"OK\"]"}
RESULT: {"using":"xpath","value":"//bdi[text()=\"OK\"]"}
COMMAND: POST /session/be4790d44c8003a2500b5a2ec9bf0748/elements - {"using":"xpath","value":"//bdi[text()=\"OK\"]"}
RESULT: {"using":"xpath","value":"//bdi[text()=\"OK\"]"}
COMMAND: POST /session/be4790d44c8003a2500b5a2ec9bf0748/elements - {"using":"xpath","value":"//bdi[text()=\"OK\"]"}
RESULT: {"using":"xpath","value":"//bdi[text()=\"OK\"]"}
COMMAND: POST /session/be4790d44c8003a2500b5a2ec9bf0748/elements - {"using":"xpath","value":"//bdi[text()=\"OK\"]"}
RESULT: {"using":"xpath","value":"//bdi[text()=\"OK\"]"}
COMMAND: POST /session/be4790d44c8003a2500b5a2ec9bf0748/elements - {"using":"xpath","value":"//bdi[text()=\"OK\"]"}
RESULT: {"using":"xpath","value":"//bdi[text()=\"OK\"]"}
COMMAND: POST /session/be4790d44c8003a2500b5a2ec9bf0748/elements - {"using":"xpath","value":"//bdi[text()=\"OK\"]"}
RESULT: {"using":"xpath","value":"//bdi[text()=\"OK\"]"}
COMMAND: POST /session/be4790d44c8003a2500b5a2ec9bf0748/elements - {"using":"xpath","value":"//bdi[text()=\"OK\"]"}
RESULT: {"using":"xpath","value":"//bdi[text()=\"OK\"]"}
COMMAND: POST /session/be4790d44c8003a2500b5a2ec9bf0748/elements - {"using":"xpath","value":"//bdi[text()=\"OK\"]"}
RESULT: {"using":"xpath","value":"//bdi[text()=\"OK\"]"}
COMMAND: POST /session/be4790d44c8003a2500b5a2ec9bf0748/elements - {"using":"xpath","value":"//bdi[text()=\"OK\"]"}
RESULT: {"using":"xpath","value":"//bdi[text()=\"OK\"]"}
COMMAND: POST /session/be4790d44c8003a2500b5a2ec9bf0748/elements - {"using":"xpath","value":"//bdi[text()=\"OK\"]"}
RESULT: {"using":"xpath","value":"//bdi[text()=\"OK\"]"}
COMMAND: POST /session/be4790d44c8003a2500b5a2ec9bf0748/elements - {"using":"xpath","value":"//bdi[text()=\"OK\"]"}
RESULT: {"using":"xpath","value":"//bdi[text()=\"OK\"]"}
COMMAND: POST /session/be4790d44c8003a2500b5a2ec9bf0748/elements - {"using":"xpath","value":"//bdi[text()=\"OK\"]"}
RESULT: {"using":"xpath","value":"//bdi[text()=\"OK\"]"}
COMMAND: POST /session/be4790d44c8003a2500b5a2ec9bf0748/elements - {"using":"xpath","value":"//bdi[text()=\"OK\"]"}
RESULT: {"using":"xpath","value":"//bdi[text()=\"OK\"]"}
COMMAND: POST /session/be4790d44c8003a2500b5a2ec9bf0748/elements - {"using":"xpath","value":"//bdi[text()=\"OK\"]"}
RESULT: {"using":"xpath","value":"//bdi[text()=\"OK\"]"}
COMMAND: POST /session/be4790d44c8003a2500b5a2ec9bf0748/elements - {"using":"xpath","value":"//bdi[text()=\"OK\"]"}
RESULT: {"using":"xpath","value":"//bdi[text()=\"OK\"]"}
COMMAND: POST /session/be4790d44c8003a2500b5a2ec9bf0748/elements - {"using":"xpath","value":"//bdi[text()=\"OK\"]"}
RESULT: {"using":"xpath","value":"//bdi[text()=\"OK\"]"}
COMMAND: POST /session/be4790d44c8003a2500b5a2ec9bf0748/elements - {"using":"xpath","value":"//bdi[text()=\"OK\"]"}
RESULT: {"using":"xpath","value":"//bdi[text()=\"OK\"]"}
COMMAND: POST /session/be4790d44c8003a2500b5a2ec9bf0748/elements - {"using":"xpath","value":"//bdi[text()=\"OK\"]"}
RESULT: {"using":"xpath","value":"//bdi[text()=\"OK\"]"}
COMMAND: POST /session/be4790d44c8003a2500b5a2ec9bf0748/elements - {"using":"xpath","value":"//bdi[text()=\"OK\"]"}
RESULT: {"using":"xpath","value":"//bdi[text()=\"OK\"]"}
COMMAND: POST /session/be4790d44c8003a2500b5a2ec9bf0748/elements - {"using":"xpath","value":"//bdi[text()=\"OK\"]"}
RESULT: {"using":"xpath","value":"//bdi[text()=\"OK\"]"}
COMMAND: POST /session/be4790d44c8003a2500b5a2ec9bf0748/elements - {"using":"xpath","value":"//bdi[text()=\"OK\"]"}
RESULT: {"using":"xpath","value":"//bdi[text()=\"OK\"]"}
COMMAND: POST /session/be4790d44c8003a2500b5a2ec9bf0748/elements - {"using":"xpath","value":"//bdi[text()=\"OK\"]"}
RESULT: {"using":"xpath","value":"//bdi[text()=\"OK\"]"}
COMMAND: POST /session/be4790d44c8003a2500b5a2ec9bf0748/elements - {"using":"xpath","value":"//bdi[text()=\"OK\"]"}
RESULT: {"using":"xpath","value":"//bdi[text()=\"OK\"]"}
COMMAND: POST /session/be4790d44c8003a2500b5a2ec9bf0748/elements - {"using":"xpath","value":"//bdi[text()=\"OK\"]"}
RESULT: {"using":"xpath","value":"//bdi[text()=\"OK\"]"}
COMMAND: POST /session/be4790d44c8003a2500b5a2ec9bf0748/elements - {"using":"xpath","value":"//bdi[text()=\"OK\"]"}
RESULT: {"using":"xpath","value":"//bdi[text()=\"OK\"]"}
COMMAND: POST /session/be4790d44c8003a2500b5a2ec9bf0748/elements - {"using":"xpath","value":"//bdi[text()=\"OK\"]"}
RESULT: {"using":"xpath","value":"//bdi[text()=\"OK\"]"}
COMMAND: POST /session/be4790d44c8003a2500b5a2ec9bf0748/elements - {"using":"xpath","value":"//bdi[text()=\"OK\"]"}
RESULT: {"using":"xpath","value":"//bdi[text()=\"OK\"]"}
COMMAND: POST /session/be4790d44c8003a2500b5a2ec9bf0748/elements - {"using":"xpath","value":"//bdi[text()=\"OK\"]"}
RESULT: {"using":"xpath","value":"//bdi[text()=\"OK\"]"}
COMMAND: POST /session/be4790d44c8003a2500b5a2ec9bf0748/elements - {"using":"xpath","value":"//bdi[text()=\"OK\"]"}
RESULT: {"using":"xpath","value":"//bdi[text()=\"OK\"]"}
COMMAND: POST /session/be4790d44c8003a2500b5a2ec9bf0748/elements - {"using":"xpath","value":"//bdi[text()=\"OK\"]"}
RESULT: {"using":"xpath","value":"//bdi[text()=\"OK\"]"}
COMMAND: POST /session/be4790d44c8003a2500b5a2ec9bf0748/elements - {"using":"xpath","value":"//bdi[text()=\"OK\"]"}
RESULT: {"using":"xpath","value":"//bdi[text()=\"OK\"]"}
COMMAND: POST /session/be4790d44c8003a2500b5a2ec9bf0748/elements - {"using":"xpath","value":"//bdi[text()=\"OK\"]"}
RESULT: {"using":"xpath","value":"//bdi[text()=\"OK\"]"}
COMMAND: POST /session/be4790d44c8003a2500b5a2ec9bf0748/elements - {"using":"xpath","value":"//bdi[text()=\"OK\"]"}
RESULT: {"using":"xpath","value":"//bdi[text()=\"OK\"]"}
COMMAND: POST /session/be4790d44c8003a2500b5a2ec9bf0748/execute/async - {"script":"<script> [1562 bytes]","args":[{"selector":{"id":"application-manageresources-display-component---newResourceUnit--TYPE-arrow"},"wdio_ui5_key":"applicationmanageresources-display-component---newResourceUnit--TYPE-arrow"}]}
RESULT: {"script":"<script> [1562 bytes]","args":[{"selector":{"id":"application-manageresources-display-component---newResourceUnit--TYPE-arrow"},"wdio_ui5_key":"applicationmanageresources-display-component---newResourceUnit--TYPE-arrow"}]}
RESULT: undefined
COMMAND: POST /session/be4790d44c8003a2500b5a2ec9bf0748/element - {"using":"xpath","value":"//*[@id=\"application-manageresources-display-component---newResourceUnit--TYPE-arrow\"]"}
RESULT: {"using":"xpath","value":"//*[@id=\"application-manageresources-display-component---newResourceUnit--TYPE-arrow\"]"}
COMMAND: POST /session/be4790d44c8003a2500b5a2ec9bf0748/element/f.CB17890886CEBDD3BAA48AB18EF5A7DB.d.DF66ACD1F30C5C9975EC71B3F45BAFCB.e.6716/click - {}
RESULT: {}
COMMAND: POST /session/be4790d44c8003a2500b5a2ec9bf0748/execute/async - {"script":"<script> [1562 bytes]","args":[{"selector":{"controlType":"sap.m.StandardListItem","viewName":"reusables.view.manageresources.NewResourceUnit","viewId":"application-manageresources-display-component---newResourceUnit","properties":{"title":"Material"},"searchOpenDialogs":true,"interaction":{"idSuffix":"titleText"}},"wdio_ui5_key":"reusablesview.manageresources.NewResourceUnitsap.m.StandardListItem{\"title\":\"Material\"}"}]}
COMMAND: GET /session/be4790d44c8003a2500b5a2ec9bf0748/screenshot - {}
RESULT: {"script":"<script> [1562 bytes]","args":[{"selector":{"controlType":"sap.m.StandardListItem","viewName":"reusables.view.manageresources.NewResourceUnit","viewId":"application-manageresources-display-component---newResourceUnit","properties":{"title":"Material"},"searchOpenDialogs":true,"interaction":{"idSuffix":"titleText"}},"wdio_ui5_key":"reusablesview.manageresources.NewResourceUnitsap.m.StandardListItem{\"title\":\"Material\"}"}]}
RESULT: undefined
COMMAND: POST /session/be4790d44c8003a2500b5a2ec9bf0748/element - {"using":"xpath","value":"//*[@id=\"__item143\"]"}
RESULT: {}
RESULT: {"using":"xpath","value":"//*[@id=\"__item143\"]"}
COMMAND: POST /session/be4790d44c8003a2500b5a2ec9bf0748/element/f.CB17890886CEBDD3BAA48AB18EF5A7DB.d.DF66ACD1F30C5C9975EC71B3F45BAFCB.e.6719/click - {}
RESULT: {}
COMMAND: POST /session/be4790d44c8003a2500b5a2ec9bf0748/execute/async - {"script":"<script> [1562 bytes]","args":[{"selector":{"id":"application-manageresources-display-component---newResourceUnit--SHORT_TEXT","interaction":{"idSuffix":"inner"}},"wdio_ui5_key":"applicationmanageresources-display-component---newResourceUnit--SHORT_TEXT"}]}
COMMAND: GET /session/be4790d44c8003a2500b5a2ec9bf0748/screenshot - {}
RESULT: {"script":"<script> [1562 bytes]","args":[{"selector":{"id":"application-manageresources-display-component---newResourceUnit--SHORT_TEXT","interaction":{"idSuffix":"inner"}},"wdio_ui5_key":"applicationmanageresources-display-component---newResourceUnit--SHORT_TEXT"}]}
RESULT: undefined
COMMAND: POST /session/be4790d44c8003a2500b5a2ec9bf0748/execute/async - {"script":"<script> [776 bytes]","args":[{"enterText":"WebdriverWHM_RU R2Cq0cl4","selector":{"id":"application-manageresources-display-component---newResourceUnit--SHORT_TEXT","interaction":{"idSuffix":"inner"}},"clearTextFirst":true,"interactionType":"ENTER_TEXT"}]}
RESULT: {}
RESULT: {"script":"<script> [776 bytes]","args":[{"enterText":"WebdriverWHM_RU R2Cq0cl4","selector":{"id":"application-manageresources-display-component---newResourceUnit--SHORT_TEXT","interaction":{"idSuffix":"inner"}},"clearTextFirst":true,"interactionType":"ENTER_TEXT"}]}
COMMAND: POST /session/be4790d44c8003a2500b5a2ec9bf0748/execute/async - {"script":"<script> [1562 bytes]","args":[{"selector":{"id":"application-manageresources-display-component---newResourceUnit--BASE_UNIT_OF_MEASURE-arrow"},"wdio_ui5_key":"applicationmanageresources-display-component---newResourceUnit--BASE_UNIT_OF_MEASURE-arrow"}]}
RESULT: {"script":"<script> [1562 bytes]","args":[{"selector":{"id":"application-manageresources-display-component---newResourceUnit--BASE_UNIT_OF_MEASURE-arrow"},"wdio_ui5_key":"applicationmanageresources-display-component---newResourceUnit--BASE_UNIT_OF_MEASURE-arrow"}]}
RESULT: undefined
COMMAND: POST /session/be4790d44c8003a2500b5a2ec9bf0748/element - {"using":"xpath","value":"//*[@id=\"application-manageresources-display-component---newResourceUnit--BASE_UNIT_OF_MEASURE-arrow\"]"}
RESULT: {"using":"xpath","value":"//*[@id=\"application-manageresources-display-component---newResourceUnit--BASE_UNIT_OF_MEASURE-arrow\"]"}
COMMAND: POST /session/be4790d44c8003a2500b5a2ec9bf0748/element/f.CB17890886CEBDD3BAA48AB18EF5A7DB.d.DF66ACD1F30C5C9975EC71B3F45BAFCB.e.6777/click - {}
RESULT: {}
COMMAND: POST /session/be4790d44c8003a2500b5a2ec9bf0748/execute/async - {"script":"<script> [1562 bytes]","args":[{"selector":{"controlType":"sap.m.StandardListItem","viewName":"reusables.view.manageresources.NewResourceUnit","viewId":"application-manageresources-display-component---newResourceUnit","properties":{"title":"Piece"},"searchOpenDialogs":true,"interaction":{"idSuffix":"content"}},"wdio_ui5_key":"reusablesview.manageresources.NewResourceUnitsap.m.StandardListItem{\"title\":\"Piece\"}"}]}
COMMAND: GET /session/be4790d44c8003a2500b5a2ec9bf0748/screenshot - {}
RESULT: {"script":"<script> [1562 bytes]","args":[{"selector":{"controlType":"sap.m.StandardListItem","viewName":"reusables.view.manageresources.NewResourceUnit","viewId":"application-manageresources-display-component---newResourceUnit","properties":{"title":"Piece"},"searchOpenDialogs":true,"interaction":{"idSuffix":"content"}},"wdio_ui5_key":"reusablesview.manageresources.NewResourceUnitsap.m.StandardListItem{\"title\":\"Piece\"}"}]}
RESULT: undefined
COMMAND: POST /session/be4790d44c8003a2500b5a2ec9bf0748/element - {"using":"xpath","value":"//*[@id=\"__item187\"]"}
RESULT: {}
RESULT: {"using":"xpath","value":"//*[@id=\"__item187\"]"}
COMMAND: POST /session/be4790d44c8003a2500b5a2ec9bf0748/element/f.CB17890886CEBDD3BAA48AB18EF5A7DB.d.DF66ACD1F30C5C9975EC71B3F45BAFCB.e.6779/click - {}
RESULT: {}
COMMAND: POST /session/be4790d44c8003a2500b5a2ec9bf0748/execute/async - {"script":"<script> [1562 bytes]","args":[{"selector":{"id":"application-manageresources-display-component---newResourceUnit--WEIGHT_UNIT-arrow"},"wdio_ui5_key":"applicationmanageresources-display-component---newResourceUnit--WEIGHT_UNIT-arrow"}]}
COMMAND: GET /session/be4790d44c8003a2500b5a2ec9bf0748/screenshot - {}
RESULT: {"script":"<script> [1562 bytes]","args":[{"selector":{"id":"application-manageresources-display-component---newResourceUnit--WEIGHT_UNIT-arrow"},"wdio_ui5_key":"applicationmanageresources-display-component---newResourceUnit--WEIGHT_UNIT-arrow"}]}
RESULT: undefined
COMMAND: POST /session/be4790d44c8003a2500b5a2ec9bf0748/element - {"using":"xpath","value":"//*[@id=\"application-manageresources-display-component---newResourceUnit--WEIGHT_UNIT-arrow\"]"}
RESULT: {}
RESULT: {"using":"xpath","value":"//*[@id=\"application-manageresources-display-component---newResourceUnit--WEIGHT_UNIT-arrow\"]"}
COMMAND: POST /session/be4790d44c8003a2500b5a2ec9bf0748/element/f.CB17890886CEBDD3BAA48AB18EF5A7DB.d.DF66ACD1F30C5C9975EC71B3F45BAFCB.e.6780/click - {}
RESULT: {}
COMMAND: POST /session/be4790d44c8003a2500b5a2ec9bf0748/execute/async - {"script":"<script> [1562 bytes]","args":[{"selector":{"controlType":"sap.m.StandardListItem","viewName":"reusables.view.manageresources.NewResourceUnit","viewId":"application-manageresources-display-component---newResourceUnit","properties":{"title":"Gram"},"searchOpenDialogs":true,"interaction":{"idSuffix":"content"}},"wdio_ui5_key":"reusablesview.manageresources.NewResourceUnitsap.m.StandardListItem{\"title\":\"Gram\"}"}]}
COMMAND: GET /session/be4790d44c8003a2500b5a2ec9bf0748/screenshot - {}
RESULT: {"script":"<script> [1562 bytes]","args":[{"selector":{"controlType":"sap.m.StandardListItem","viewName":"reusables.view.manageresources.NewResourceUnit","viewId":"application-manageresources-display-component---newResourceUnit","properties":{"title":"Gram"},"searchOpenDialogs":true,"interaction":{"idSuffix":"content"}},"wdio_ui5_key":"reusablesview.manageresources.NewResourceUnitsap.m.StandardListItem{\"title\":\"Gram\"}"}]}
RESULT: undefined
COMMAND: POST /session/be4790d44c8003a2500b5a2ec9bf0748/element - {"using":"xpath","value":"//*[@id=\"__item252\"]"}
RESULT: {}
RESULT: {"using":"xpath","value":"//*[@id=\"__item252\"]"}
COMMAND: POST /session/be4790d44c8003a2500b5a2ec9bf0748/element/f.CB17890886CEBDD3BAA48AB18EF5A7DB.d.DF66ACD1F30C5C9975EC71B3F45BAFCB.e.6782/click - {}
RESULT: {}
COMMAND: GET /session/be4790d44c8003a2500b5a2ec9bf0748/screenshot - {}
RESULT: {}
COMMAND: POST /session/be4790d44c8003a2500b5a2ec9bf0748/execute/async - {"script":"<script> [1562 bytes]","args":[{"selector":{"id":"application-manageresources-display-component---newResourceUnit--newRRUPage-OPHeaderContent-collapseBtn-img"},"wdio_ui5_key":"applicationmanageresources-display-component---newResourceUnit--newRRUPage-OPHeaderContent-collapseBtn-img"}]}
RESULT: {"script":"<script> [1562 bytes]","args":[{"selector":{"id":"application-manageresources-display-component---newResourceUnit--newRRUPage-OPHeaderContent-collapseBtn-img"},"wdio_ui5_key":"applicationmanageresources-display-component---newResourceUnit--newRRUPage-OPHeaderContent-collapseBtn-img"}]}
RESULT: undefined
COMMAND: POST /session/be4790d44c8003a2500b5a2ec9bf0748/element - {"using":"xpath","value":"//*[@id=\"application-manageresources-display-component---newResourceUnit--newRRUPage-OPHeaderContent-collapseBtn-img\"]"}
RESULT: {"using":"xpath","value":"//*[@id=\"application-manageresources-display-component---newResourceUnit--newRRUPage-OPHeaderContent-collapseBtn-img\"]"}
COMMAND: POST /session/be4790d44c8003a2500b5a2ec9bf0748/element/f.CB17890886CEBDD3BAA48AB18EF5A7DB.d.DF66ACD1F30C5C9975EC71B3F45BAFCB.e.6728/click - {}
RESULT: {}
COMMAND: GET /session/be4790d44c8003a2500b5a2ec9bf0748/screenshot - {}
RESULT: {}
COMMAND: POST /session/be4790d44c8003a2500b5a2ec9bf0748/element - {"using":"xpath","value":"(//span[contains(@id ,\"application-manageresources-display-component---newResourceUnit--DIMENSION_UNIT-arrow\")])[1]"}
RESULT: {"using":"xpath","value":"(//span[contains(@id ,\"application-manageresources-display-component---newResourceUnit--DIMENSION_UNIT-arrow\")])[1]"}
COMMAND: POST /session/be4790d44c8003a2500b5a2ec9bf0748/element/f.CB17890886CEBDD3BAA48AB18EF5A7DB.d.DF66ACD1F30C5C9975EC71B3F45BAFCB.e.6786/click - {}
RESULT: {}
COMMAND: GET /session/be4790d44c8003a2500b5a2ec9bf0748/screenshot - {}
RESULT: {}
COMMAND: POST /session/be4790d44c8003a2500b5a2ec9bf0748/execute/async - {"script":"<script> [1562 bytes]","args":[{"selector":{"controlType":"sap.m.StandardListItem","viewName":"reusables.view.manageresources.NewResourceUnit","viewId":"application-manageresources-display-component---newResourceUnit","properties":{"title":"Centimeter"},"searchOpenDialogs":true,"interaction":{"idSuffix":"titleText"}},"wdio_ui5_key":"reusablesview.manageresources.NewResourceUnitsap.m.StandardListItem{\"title\":\"Centimeter\"}"}]}
RESULT: {"script":"<script> [1562 bytes]","args":[{"selector":{"controlType":"sap.m.StandardListItem","viewName":"reusables.view.manageresources.NewResourceUnit","viewId":"application-manageresources-display-component---newResourceUnit","properties":{"title":"Centimeter"},"searchOpenDialogs":true,"interaction":{"idSuffix":"titleText"}},"wdio_ui5_key":"reusablesview.manageresources.NewResourceUnitsap.m.StandardListItem{\"title\":\"Centimeter\"}"}]}
RESULT: undefined
COMMAND: POST /session/be4790d44c8003a2500b5a2ec9bf0748/element - {"using":"xpath","value":"//*[@id=\"__item255\"]"}
RESULT: {"using":"xpath","value":"//*[@id=\"__item255\"]"}
COMMAND: POST /session/be4790d44c8003a2500b5a2ec9bf0748/element/f.CB17890886CEBDD3BAA48AB18EF5A7DB.d.DF66ACD1F30C5C9975EC71B3F45BAFCB.e.6790/click - {}
RESULT: {}
COMMAND: GET /session/be4790d44c8003a2500b5a2ec9bf0748/screenshot - {}
RESULT: {}
COMMAND: POST /session/be4790d44c8003a2500b5a2ec9bf0748/execute/async - {"script":"<script> [1562 bytes]","args":[{"selector":{"id":"application-manageresources-display-component---newResourceUnit--newRRUPage-anchBar-application-manageresources-display-component---newResourceUnit--reference-anchor","interaction":{"idSuffix":"BDI-content"}},"wdio_ui5_key":"applicationmanageresources-display-component---newResourceUnit--newRRUPage-anchBar-application-manageresources-display-component---newResourceUnit--reference-anchor"}]}
RESULT: {"script":"<script> [1562 bytes]","args":[{"selector":{"id":"application-manageresources-display-component---newResourceUnit--newRRUPage-anchBar-application-manageresources-display-component---newResourceUnit--reference-anchor","interaction":{"idSuffix":"BDI-content"}},"wdio_ui5_key":"applicationmanageresources-display-component---newResourceUnit--newRRUPage-anchBar-application-manageresources-display-component---newResourceUnit--reference-anchor"}]}
RESULT: undefined
COMMAND: POST /session/be4790d44c8003a2500b5a2ec9bf0748/element - {"using":"xpath","value":"//*[@id=\"application-manageresources-display-component---newResourceUnit--newRRUPage-anchBar-application-manageresources-display-component---newResourceUnit--reference-anchor\"]"}
RESULT: {"using":"xpath","value":"//*[@id=\"application-manageresources-display-component---newResourceUnit--newRRUPage-anchBar-application-manageresources-display-component---newResourceUnit--reference-anchor\"]"}
COMMAND: POST /session/be4790d44c8003a2500b5a2ec9bf0748/element/f.CB17890886CEBDD3BAA48AB18EF5A7DB.d.DF66ACD1F30C5C9975EC71B3F45BAFCB.e.6792/click - {}
RESULT: {}
COMMAND: POST /session/be4790d44c8003a2500b5a2ec9bf0748/execute/async - {"script":"<script> [1562 bytes]","args":[{"selector":{"id":"application-manageresources-display-component---newResourceUnit--PLANNING_GROUP-arrow"},"wdio_ui5_key":"applicationmanageresources-display-component---newResourceUnit--PLANNING_GROUP-arrow"}]}
COMMAND: GET /session/be4790d44c8003a2500b5a2ec9bf0748/screenshot - {}
RESULT: {"script":"<script> [1562 bytes]","args":[{"selector":{"id":"application-manageresources-display-component---newResourceUnit--PLANNING_GROUP-arrow"},"wdio_ui5_key":"applicationmanageresources-display-component---newResourceUnit--PLANNING_GROUP-arrow"}]}
RESULT: undefined
COMMAND: POST /session/be4790d44c8003a2500b5a2ec9bf0748/element - {"using":"xpath","value":"//*[@id=\"application-manageresources-display-component---newResourceUnit--PLANNING_GROUP-arrow\"]"}
RESULT: {}
RESULT: {"using":"xpath","value":"//*[@id=\"application-manageresources-display-component---newResourceUnit--PLANNING_GROUP-arrow\"]"}
COMMAND: POST /session/be4790d44c8003a2500b5a2ec9bf0748/element/f.CB17890886CEBDD3BAA48AB18EF5A7DB.d.DF66ACD1F30C5C9975EC71B3F45BAFCB.e.6796/click - {}
RESULT: {}
COMMAND: POST /session/be4790d44c8003a2500b5a2ec9bf0748/execute/async - {"script":"<script> [1562 bytes]","args":[{"selector":{"controlType":"sap.m.StandardListItem","viewName":"reusables.view.manageresources.NewResourceUnit","viewId":"application-manageresources-display-component---newResourceUnit","properties":{"title":"Heavy Equi"},"searchOpenDialogs":true,"interaction":{"idSuffix":"content"}},"wdio_ui5_key":"reusablesview.manageresources.NewResourceUnitsap.m.StandardListItem{\"title\":\"Heavy Equi\"}"}]}
COMMAND: GET /session/be4790d44c8003a2500b5a2ec9bf0748/screenshot - {}
RESULT: {"script":"<script> [1562 bytes]","args":[{"selector":{"controlType":"sap.m.StandardListItem","viewName":"reusables.view.manageresources.NewResourceUnit","viewId":"application-manageresources-display-component---newResourceUnit","properties":{"title":"Heavy Equi"},"searchOpenDialogs":true,"interaction":{"idSuffix":"content"}},"wdio_ui5_key":"reusablesview.manageresources.NewResourceUnitsap.m.StandardListItem{\"title\":\"Heavy Equi\"}"}]}
RESULT: undefined
COMMAND: POST /session/be4790d44c8003a2500b5a2ec9bf0748/element - {"using":"xpath","value":"//*[@id=\"__item263\"]"}
RESULT: {}
RESULT: {"using":"xpath","value":"//*[@id=\"__item263\"]"}
COMMAND: POST /session/be4790d44c8003a2500b5a2ec9bf0748/element/f.CB17890886CEBDD3BAA48AB18EF5A7DB.d.DF66ACD1F30C5C9975EC71B3F45BAFCB.e.6800/click - {}
RESULT: {}
COMMAND: GET /session/be4790d44c8003a2500b5a2ec9bf0748/screenshot - {}
RESULT: {}
COMMAND: POST /session/be4790d44c8003a2500b5a2ec9bf0748/execute/async - {"script":"<script> [1562 bytes]","args":[{"selector":{"id":"application-manageresources-display-component---newResourceUnit--PLANNING_INDICATOR-arrow"},"wdio_ui5_key":"applicationmanageresources-display-component---newResourceUnit--PLANNING_INDICATOR-arrow"}]}
RESULT: {"script":"<script> [1562 bytes]","args":[{"selector":{"id":"application-manageresources-display-component---newResourceUnit--PLANNING_INDICATOR-arrow"},"wdio_ui5_key":"applicationmanageresources-display-component---newResourceUnit--PLANNING_INDICATOR-arrow"}]}
RESULT: undefined
COMMAND: POST /session/be4790d44c8003a2500b5a2ec9bf0748/element - {"using":"xpath","value":"//*[@id=\"application-manageresources-display-component---newResourceUnit--PLANNING_INDICATOR-arrow\"]"}
RESULT: {"using":"xpath","value":"//*[@id=\"application-manageresources-display-component---newResourceUnit--PLANNING_INDICATOR-arrow\"]"}
COMMAND: POST /session/be4790d44c8003a2500b5a2ec9bf0748/element/f.CB17890886CEBDD3BAA48AB18EF5A7DB.d.DF66ACD1F30C5C9975EC71B3F45BAFCB.e.6801/click - {}
RESULT: {}
COMMAND: POST /session/be4790d44c8003a2500b5a2ec9bf0748/execute/async - {"script":"<script> [1562 bytes]","args":[{"selector":{"controlType":"sap.m.StandardListItem","viewName":"reusables.view.manageresources.NewResourceUnit","viewId":"application-manageresources-display-component---newResourceUnit","properties":{"title":"10 - infinite"},"searchOpenDialogs":true,"interaction":{"idSuffix":"content"}},"wdio_ui5_key":"reusablesview.manageresources.NewResourceUnitsap.m.StandardListItem{\"title\":\"10 - infinite\"}"}]}
COMMAND: GET /session/be4790d44c8003a2500b5a2ec9bf0748/screenshot - {}
RESULT: {"script":"<script> [1562 bytes]","args":[{"selector":{"controlType":"sap.m.StandardListItem","viewName":"reusables.view.manageresources.NewResourceUnit","viewId":"application-manageresources-display-component---newResourceUnit","properties":{"title":"10 - infinite"},"searchOpenDialogs":true,"interaction":{"idSuffix":"content"}},"wdio_ui5_key":"reusablesview.manageresources.NewResourceUnitsap.m.StandardListItem{\"title\":\"10 - infinite\"}"}]}
RESULT: undefined
COMMAND: POST /session/be4790d44c8003a2500b5a2ec9bf0748/element - {"using":"xpath","value":"//*[@id=\"__item273\"]"}
RESULT: {}
RESULT: {"using":"xpath","value":"//*[@id=\"__item273\"]"}
COMMAND: POST /session/be4790d44c8003a2500b5a2ec9bf0748/element/f.CB17890886CEBDD3BAA48AB18EF5A7DB.d.DF66ACD1F30C5C9975EC71B3F45BAFCB.e.6803/click - {}
RESULT: {}
COMMAND: GET /session/be4790d44c8003a2500b5a2ec9bf0748/screenshot - {}
RESULT: {}
COMMAND: POST /session/be4790d44c8003a2500b5a2ec9bf0748/element - {"using":"xpath","value":"//bdi[contains(text(), \"Time Segment\")]"}
RESULT: {"using":"xpath","value":"//bdi[contains(text(), \"Time Segment\")]"}
COMMAND: GET /session/be4790d44c8003a2500b5a2ec9bf0748/element/f.CB17890886CEBDD3BAA48AB18EF5A7DB.d.DF66ACD1F30C5C9975EC71B3F45BAFCB.e.6804/rect - {}
RESULT: {}
COMMAND: GET /session/be4790d44c8003a2500b5a2ec9bf0748/window/rect - {}
RESULT: {}
COMMAND: POST /session/be4790d44c8003a2500b5a2ec9bf0748/execute/sync - {"script":"<script> [92 bytes]","args":[]}
RESULT: {"script":"<script> [92 bytes]","args":[]}
COMMAND: POST /session/be4790d44c8003a2500b5a2ec9bf0748/actions - {"actions":[{"id":"action19","type":"wheel","parameters":{},"actions":[{"type":"scroll","x":-1804,"y":-21,"deltaX":0,"deltaY":0,"duration":0,"origin":{"element-6066-11e4-a52e-4f735466cecf":"f.CB17890886CEBDD3BAA48AB18EF5A7DB.d.DF66ACD1F30C5C9975EC71B3F45BAFCB.e.6804"}}]}]}
COMMAND: GET /session/be4790d44c8003a2500b5a2ec9bf0748/screenshot - {}
RESULT: {}
COMMAND: POST /session/be4790d44c8003a2500b5a2ec9bf0748/execute/sync - {"script":"<script> [79 bytes]","args":[{"element-6066-11e4-a52e-4f735466cecf":"f.CB17890886CEBDD3BAA48AB18EF5A7DB.d.DF66ACD1F30C5C9975EC71B3F45BAFCB.e.6804","ELEMENT":"f.CB17890886CEBDD3BAA48AB18EF5A7DB.d.DF66ACD1F30C5C9975EC71B3F45BAFCB.e.6804"},{"block":"start","inline":"nearest"}]}
RESULT: {"script":"<script> [79 bytes]","args":[{"element-6066-11e4-a52e-4f735466cecf":"f.CB17890886CEBDD3BAA48AB18EF5A7DB.d.DF66ACD1F30C5C9975EC71B3F45BAFCB.e.6804","ELEMENT":"f.CB17890886CEBDD3BAA48AB18EF5A7DB.d.DF66ACD1F30C5C9975EC71B3F45BAFCB.e.6804"},{"block":"start","inline":"nearest"}]}
COMMAND: GET /session/be4790d44c8003a2500b5a2ec9bf0748/screenshot - {}
RESULT: {}
COMMAND: POST /session/be4790d44c8003a2500b5a2ec9bf0748/element - {"using":"xpath","value":"//span[@id=\"application-manageresources-display-component---newResourceUnit--btnAddTimeSegment-img\"]"}
RESULT: {"using":"xpath","value":"//span[@id=\"application-manageresources-display-component---newResourceUnit--btnAddTimeSegment-img\"]"}
COMMAND: POST /session/be4790d44c8003a2500b5a2ec9bf0748/execute/sync - {"script":"<script> [8489 bytes]","args":[{"element-6066-11e4-a52e-4f735466cecf":"f.CB17890886CEBDD3BAA48AB18EF5A7DB.d.DF66ACD1F30C5C9975EC71B3F45BAFCB.e.6807","ELEMENT":"f.CB17890886CEBDD3BAA48AB18EF5A7DB.d.DF66ACD1F30C5C9975EC71B3F45BAFCB.e.6807"}]}
RESULT: {"script":"<script> [8489 bytes]","args":[{"element-6066-11e4-a52e-4f735466cecf":"f.CB17890886CEBDD3BAA48AB18EF5A7DB.d.DF66ACD1F30C5C9975EC71B3F45BAFCB.e.6807","ELEMENT":"f.CB17890886CEBDD3BAA48AB18EF5A7DB.d.DF66ACD1F30C5C9975EC71B3F45BAFCB.e.6807"}]}
COMMAND: POST /session/be4790d44c8003a2500b5a2ec9bf0748/element/f.CB17890886CEBDD3BAA48AB18EF5A7DB.d.DF66ACD1F30C5C9975EC71B3F45BAFCB.e.6807/click - {}
COMMAND: GET /session/be4790d44c8003a2500b5a2ec9bf0748/screenshot - {}
RESULT: {}
COMMAND: GET /session/be4790d44c8003a2500b5a2ec9bf0748/screenshot - {}
COMMAND: POST /session/be4790d44c8003a2500b5a2ec9bf0748/element - {"using":"xpath","value":"//input[@id=\"application-manageresources-display-component---newResourceUnit--idRuTSAdmin-application-manageresources-display-component---newResourceUnit--RUTimeSegment-0-inner\"]"}
RESULT: {}
RESULT: {}
RESULT: {"using":"xpath","value":"//input[@id=\"application-manageresources-display-component---newResourceUnit--idRuTSAdmin-application-manageresources-display-component---newResourceUnit--RUTimeSegment-0-inner\"]"}
COMMAND: POST /session/be4790d44c8003a2500b5a2ec9bf0748/element/f.CB17890886CEBDD3BAA48AB18EF5A7DB.d.DF66ACD1F30C5C9975EC71B3F45BAFCB.e.6810/clear - {}
RESULT: {}
COMMAND: POST /session/be4790d44c8003a2500b5a2ec9bf0748/element/f.CB17890886CEBDD3BAA48AB18EF5A7DB.d.DF66ACD1F30C5C9975EC71B3F45BAFCB.e.6810/value - {"text":"561"}
COMMAND: GET /session/be4790d44c8003a2500b5a2ec9bf0748/screenshot - {}
RESULT: {"text":"561"}
COMMAND: GET /session/be4790d44c8003a2500b5a2ec9bf0748/screenshot - {}
RESULT: {}
RESULT: {}
COMMAND: POST /session/be4790d44c8003a2500b5a2ec9bf0748/actions - {"actions":[{"id":"action20","type":"key","parameters":{},"actions":[{"type":"keyDown","value":"î€‡"},{"type":"pause","duration":10},{"type":"keyUp","value":"î€‡"}]}]}
RESULT: {"actions":[{"id":"action20","type":"key","parameters":{},"actions":[{"type":"keyDown","value":"î€‡"},{"type":"pause","duration":10},{"type":"keyUp","value":"î€‡"}]}]}
COMMAND: POST /session/be4790d44c8003a2500b5a2ec9bf0748/execute/async - {"script":"<script> [1562 bytes]","args":[{"selector":{"controlType":"sap.m.Button","viewName":"reusables.view.manageresources.NewResourceUnit","viewId":"application-manageresources-display-component---newResourceUnit","i18NText":{"propertyName":"tooltip","key":"save"},"interaction":{"idSuffix":"BDI-content"}},"wdio_ui5_key":"reusablesview.manageresources.NewResourceUnitsap.m.Button{\"propertyName\":\"tooltip\",\"key\":\"save\"}"}]}
COMMAND: GET /session/be4790d44c8003a2500b5a2ec9bf0748/screenshot - {}
RESULT: {"script":"<script> [1562 bytes]","args":[{"selector":{"controlType":"sap.m.Button","viewName":"reusables.view.manageresources.NewResourceUnit","viewId":"application-manageresources-display-component---newResourceUnit","i18NText":{"propertyName":"tooltip","key":"save"},"interaction":{"idSuffix":"BDI-content"}},"wdio_ui5_key":"reusablesview.manageresources.NewResourceUnitsap.m.Button{\"propertyName\":\"tooltip\",\"key\":\"save\"}"}]}
RESULT: undefined
COMMAND: POST /session/be4790d44c8003a2500b5a2ec9bf0748/element - {"using":"xpath","value":"//*[@id=\"application-manageresources-display-component---newResourceUnit--createRuButton\"]"}
RESULT: {}
RESULT: {"using":"xpath","value":"//*[@id=\"application-manageresources-display-component---newResourceUnit--createRuButton\"]"}
COMMAND: POST /session/be4790d44c8003a2500b5a2ec9bf0748/element/f.CB17890886CEBDD3BAA48AB18EF5A7DB.d.DF66ACD1F30C5C9975EC71B3F45BAFCB.e.6734/click - {}
RESULT: {}
COMMAND: GET /session/be4790d44c8003a2500b5a2ec9bf0748/screenshot - {}
RESULT: {}
COMMAND: POST /session/be4790d44c8003a2500b5a2ec9bf0748/execute/async - {"script":"<script> [1562 bytes]","args":[{"selector":{"controlType":"sap.m.Title","properties":{"text":"Success"},"searchOpenDialogs":true},"wdio_ui5_key":"sapm.Title{\"text\":\"Success\"}"}]}
RESULT: {"script":"<script> [1562 bytes]","args":[{"selector":{"controlType":"sap.m.Title","properties":{"text":"Success"},"searchOpenDialogs":true},"wdio_ui5_key":"sapm.Title{\"text\":\"Success\"}"}]}
RESULT: undefined
COMMAND: POST /session/be4790d44c8003a2500b5a2ec9bf0748/execute/async - {"script":"<script> [6424 bytes]","args":[{"element-6066-11e4-a52e-4f735466cecf":"f.CB17890886CEBDD3BAA48AB18EF5A7DB.d.DF66ACD1F30C5C9975EC71B3F45BAFCB.e.6825"},"getText",[]]}
RESULT: {"script":"<script> [6424 bytes]","args":[{"element-6066-11e4-a52e-4f735466cecf":"f.CB17890886CEBDD3BAA48AB18EF5A7DB.d.DF66ACD1F30C5C9975EC71B3F45BAFCB.e.6825"},"getText",[]]}
COMMAND: POST /session/be4790d44c8003a2500b5a2ec9bf0748/element - {"using":"xpath","value":"//*[contains(@id, '__text') and (contains(text(), 'successfully created') or contains(., 'successfully created'))]"}
RESULT: {"using":"xpath","value":"//*[contains(@id, '__text') and (contains(text(), 'successfully created') or contains(., 'successfully created'))]"}
COMMAND: GET /session/be4790d44c8003a2500b5a2ec9bf0748/element/f.CB17890886CEBDD3BAA48AB18EF5A7DB.d.DF66ACD1F30C5C9975EC71B3F45BAFCB.e.6824/text - {}
RESULT: {}
COMMAND: POST /session/be4790d44c8003a2500b5a2ec9bf0748/execute/async - {"script":"<script> [1562 bytes]","args":[{"selector":{"controlType":"sap.m.Button","properties":{"text":"Close"},"searchOpenDialogs":true,"interaction":{"idSuffix":"BDI-content"}},"wdio_ui5_key":"sapm.Button{\"text\":\"Close\"}"}]}
RESULT: {"script":"<script> [1562 bytes]","args":[{"selector":{"controlType":"sap.m.Button","properties":{"text":"Close"},"searchOpenDialogs":true,"interaction":{"idSuffix":"BDI-content"}},"wdio_ui5_key":"sapm.Button{\"text\":\"Close\"}"}]}
RESULT: undefined
COMMAND: POST /session/be4790d44c8003a2500b5a2ec9bf0748/element - {"using":"xpath","value":"//*[@id=\"__mbox-btn-0\"]"}
RESULT: {"using":"xpath","value":"//*[@id=\"__mbox-btn-0\"]"}
COMMAND: POST /session/be4790d44c8003a2500b5a2ec9bf0748/element/f.CB17890886CEBDD3BAA48AB18EF5A7DB.d.DF66ACD1F30C5C9975EC71B3F45BAFCB.e.6821/click - {}
RESULT: {}
COMMAND: GET /session/be4790d44c8003a2500b5a2ec9bf0748/screenshot - {}
RESULT: {}
COMMAND: POST /session/be4790d44c8003a2500b5a2ec9bf0748/execute/async - {"script":"<script> [1562 bytes]","args":[{"selector":{"controlType":"sap.ui.core.Icon","viewName":"etm.portal.ui.manageresources.view.Detail","viewId":"application-manageresources-display-component---detailRU","properties":{"src":{"regex":{"source":"overflow"}}}},"wdio_ui5_key":"etmportal.ui.manageresources.view.Detailsap.ui.core.Icon{\"src\":{\"regex\":{\"source\":\"overflow\"}}}"}]}
RESULT: {"script":"<script> [1562 bytes]","args":[{"selector":{"controlType":"sap.ui.core.Icon","viewName":"etm.portal.ui.manageresources.view.Detail","viewId":"application-manageresources-display-component---detailRU","properties":{"src":{"regex":{"source":"overflow"}}}},"wdio_ui5_key":"etmportal.ui.manageresources.view.Detailsap.ui.core.Icon{\"src\":{\"regex\":{\"source\":\"overflow\"}}}"}]}
RESULT: undefined
COMMAND: POST /session/be4790d44c8003a2500b5a2ec9bf0748/element - {"using":"xpath","value":"//*[@id=\"__title15-_actionsToolbar-overflowButton-img\"]"}
RESULT: {"using":"xpath","value":"//*[@id=\"__title15-_actionsToolbar-overflowButton-img\"]"}
COMMAND: POST /session/be4790d44c8003a2500b5a2ec9bf0748/element/f.CB17890886CEBDD3BAA48AB18EF5A7DB.d.DF66ACD1F30C5C9975EC71B3F45BAFCB.e.6857/click - {}
RESULT: {}
COMMAND: POST /session/be4790d44c8003a2500b5a2ec9bf0748/execute/async - {"script":"<script> [1562 bytes]","args":[{"selector":{"controlType":"sap.m.Button","viewName":"etm.portal.ui.manageresources.view.Detail","viewId":"application-manageresources-display-component---detailRU","i18NText":{"propertyName":"tooltip","key":"closeColumn"},"searchOpenDialogs":true,"interaction":{"idSuffix":"inner"}},"wdio_ui5_key":"etmportal.ui.manageresources.view.Detailsap.m.Button{\"propertyName\":\"tooltip\",\"key\":\"closeColumn\"}"}]}
COMMAND: GET /session/be4790d44c8003a2500b5a2ec9bf0748/screenshot - {}
RESULT: {}
RESULT: {"script":"<script> [1562 bytes]","args":[{"selector":{"controlType":"sap.m.Button","viewName":"etm.portal.ui.manageresources.view.Detail","viewId":"application-manageresources-display-component---detailRU","i18NText":{"propertyName":"tooltip","key":"closeColumn"},"searchOpenDialogs":true,"interaction":{"idSuffix":"inner"}},"wdio_ui5_key":"etmportal.ui.manageresources.view.Detailsap.m.Button{\"propertyName\":\"tooltip\",\"key\":\"closeColumn\"}"}]}
RESULT: undefined
COMMAND: POST /session/be4790d44c8003a2500b5a2ec9bf0748/element - {"using":"xpath","value":"//*[@id=\"__button41\"]"}
RESULT: {"using":"xpath","value":"//*[@id=\"__button41\"]"}
COMMAND: POST /session/be4790d44c8003a2500b5a2ec9bf0748/element/f.CB17890886CEBDD3BAA48AB18EF5A7DB.d.DF66ACD1F30C5C9975EC71B3F45BAFCB.e.6861/click - {}
RESULT: {}
COMMAND: GET /session/be4790d44c8003a2500b5a2ec9bf0748/screenshot - {}
COMMAND: POST /session/be4790d44c8003a2500b5a2ec9bf0748/element - {"using":"css selector","value":"#j_username"}
COMMAND: POST /session/be4790d44c8003a2500b5a2ec9bf0748/url - {"url":"https://qa-testing-00-live-etm-ui.cfapps.eu10-004.hana.ondemand.com/"}
RESULT: {}
RESULT: {"url":"https://qa-testing-00-live-etm-ui.cfapps.eu10-004.hana.ondemand.com/"}
RESULT: undefined
COMMAND: GET /session/be4790d44c8003a2500b5a2ec9bf0748/screenshot - {}
RESULT: {"using":"css selector","value":"#j_username"}
COMMAND: POST /session/be4790d44c8003a2500b5a2ec9bf0748/element - {"using":"css selector","value":"#j_username"}
RESULT: {}
RESULT: {"using":"css selector","value":"#j_username"}
COMMAND: POST /session/be4790d44c8003a2500b5a2ec9bf0748/element - {"using":"css selector","value":"#shell-header-logo"}
RESULT: {"using":"css selector","value":"#shell-header-logo"}
COMMAND: POST /session/be4790d44c8003a2500b5a2ec9bf0748/execute/sync - {"script":"<script> [8489 bytes]","args":[{"element-6066-11e4-a52e-4f735466cecf":"f.CB17890886CEBDD3BAA48AB18EF5A7DB.d.AA53FDD920AFC869C941096CB0570E14.e.6942","ELEMENT":"f.CB17890886CEBDD3BAA48AB18EF5A7DB.d.AA53FDD920AFC869C941096CB0570E14.e.6942"}]}
RESULT: {"script":"<script> [8489 bytes]","args":[{"element-6066-11e4-a52e-4f735466cecf":"f.CB17890886CEBDD3BAA48AB18EF5A7DB.d.AA53FDD920AFC869C941096CB0570E14.e.6942","ELEMENT":"f.CB17890886CEBDD3BAA48AB18EF5A7DB.d.AA53FDD920AFC869C941096CB0570E14.e.6942"}]}
COMMAND: POST /session/be4790d44c8003a2500b5a2ec9bf0748/element - {"using":"css selector","value":"#shell-header-logo"}
COMMAND: GET /session/be4790d44c8003a2500b5a2ec9bf0748/screenshot - {}
RESULT: {"using":"css selector","value":"#shell-header-logo"}
COMMAND: POST /session/be4790d44c8003a2500b5a2ec9bf0748/execute/sync - {"script":"<script> [8489 bytes]","args":[{"element-6066-11e4-a52e-4f735466cecf":"f.CB17890886CEBDD3BAA48AB18EF5A7DB.d.AA53FDD920AFC869C941096CB0570E14.e.6942","ELEMENT":"f.CB17890886CEBDD3BAA48AB18EF5A7DB.d.AA53FDD920AFC869C941096CB0570E14.e.6942"}]}
RESULT: {}
RESULT: {"script":"<script> [8489 bytes]","args":[{"element-6066-11e4-a52e-4f735466cecf":"f.CB17890886CEBDD3BAA48AB18EF5A7DB.d.AA53FDD920AFC869C941096CB0570E14.e.6942","ELEMENT":"f.CB17890886CEBDD3BAA48AB18EF5A7DB.d.AA53FDD920AFC869C941096CB0570E14.e.6942"}]}
COMMAND: POST /session/be4790d44c8003a2500b5a2ec9bf0748/execute/sync - {"script":"<script> [5351 bytes]","args":[{"element-6066-11e4-a52e-4f735466cecf":"f.CB17890886CEBDD3BAA48AB18EF5A7DB.d.AA53FDD920AFC869C941096CB0570E14.e.6942","ELEMENT":"f.CB17890886CEBDD3BAA48AB18EF5A7DB.d.AA53FDD920AFC869C941096CB0570E14.e.6942"}]}
COMMAND: GET /session/be4790d44c8003a2500b5a2ec9bf0748/screenshot - {}
RESULT: {"script":"<script> [5351 bytes]","args":[{"element-6066-11e4-a52e-4f735466cecf":"f.CB17890886CEBDD3BAA48AB18EF5A7DB.d.AA53FDD920AFC869C941096CB0570E14.e.6942","ELEMENT":"f.CB17890886CEBDD3BAA48AB18EF5A7DB.d.AA53FDD920AFC869C941096CB0570E14.e.6942"}]}
COMMAND: POST /session/be4790d44c8003a2500b5a2ec9bf0748/element - {"using":"css selector","value":"#shell-header-logo"}
COMMAND: GET /session/be4790d44c8003a2500b5a2ec9bf0748/screenshot - {}
RESULT: {}
RESULT: {"using":"css selector","value":"#shell-header-logo"}
COMMAND: POST /session/be4790d44c8003a2500b5a2ec9bf0748/element/f.CB17890886CEBDD3BAA48AB18EF5A7DB.d.AA53FDD920AFC869C941096CB0570E14.e.6942/click - {}
RESULT: {}
RESULT: {}
COMMAND: GET /session/be4790d44c8003a2500b5a2ec9bf0748/screenshot - {}
RESULT: {}
COMMAND: POST /session/be4790d44c8003a2500b5a2ec9bf0748/execute/async - {"script":"<script> [189 bytes]","args":[]}
RESULT: {"script":"<script> [189 bytes]","args":[]}
COMMAND: POST /session/be4790d44c8003a2500b5a2ec9bf0748/execute/async - {"script":"<script> [123 bytes]","args":[]}
RESULT: {"script":"<script> [123 bytes]","args":[]}
COMMAND: POST /session/be4790d44c8003a2500b5a2ec9bf0748/timeouts - {"script":"<number>"}
RESULT: {"script":"<number>"}
COMMAND: GET /session/be4790d44c8003a2500b5a2ec9bf0748/timeouts - {}
RESULT: {}
RESULT: undefined
COMMAND: POST /session/be4790d44c8003a2500b5a2ec9bf0748/execute/async - {"script":"<script> [2676 bytes]","args":[]}
RESULT: {"script":"<script> [2676 bytes]","args":[]}
COMMAND: POST /session/be4790d44c8003a2500b5a2ec9bf0748/execute/async - {"script":"<script> [2342 bytes]","args":[{"protocol":"http","hostname":"0.0.0.0","path":"/","capabilities":{"browserName":"chrome","goog:chromeOptions":{"binary":"C:\\Program Files\\Google\\Chrome\\Application\\chrome.exe","args":["--start-maximized"]}},"logLevel":"warn","connectionRetryTimeout":120000,"connectionRetryCount":3,"logLevels":{},"enableDirectConnect":true,"strictSSL":true,"_":"65 more keys: [\"cacheDir\",\"port\",\"requestedCapabilities\",\"automationProtocol\",\"baseUrl\",\"waitforInterval\",\"waitforTimeout\",\"onReload\",\"beforeCommand\",\"afterCommand\",\"rootDir\",\"specs\",\"suites\",\"exclude\",\"groupLogsByTestSpec\",\"excludeDriverLogs\",\"bail\",\"framework\",\"reporters\",\"services\",\"maxInstances\",\"maxInstancesPerCapability\",\"injectGlobals\",\"filesToWatch\",\"execArgv\",\"runnerEnv\",\"runner\",\"shard\",\"specFileRetries\",\"specFileRetriesDelay\",\"specFileRetriesDeferred\",\"reporterSyncInterval\",\"reporterSyncTimeout\",\"cucumberFeaturesWithLineNumbers\",\"autoCompileOpts\",\"mochaOpts\",\"jasmineOpts\",\"cucumberOpts\",\"onPrepare\",\"onWorkerStart\",\"onWorkerEnd\",\"before\",\"beforeSession\",\"beforeSuite\",\"beforeHook\",\"beforeTest\",\"afterTest\",\"afterHook\",\"afterSuite\",\"afterSession\",\"after\",\"onComplete\",\"beforeAssertion\",\"afterAssertion\",\"beforeFeature\",\"beforeScenario\",\"beforeStep\",\"afterStep\",\"afterScenario\",\"afterFeature\",\"_\",\"suite\",\"$0\",\"ignoredWorkerServices\",\"wdi5\"]"}]}
RESULT: {"script":"<script> [2342 bytes]","args":[{"protocol":"http","hostname":"0.0.0.0","path":"/","capabilities":{"browserName":"chrome","goog:chromeOptions":{"binary":"C:\\Program Files\\Google\\Chrome\\Application\\chrome.exe","args":["--start-maximized"]}},"logLevel":"warn","connectionRetryTimeout":120000,"connectionRetryCount":3,"logLevels":{},"enableDirectConnect":true,"strictSSL":true,"_":"65 more keys: [\"cacheDir\",\"port\",\"requestedCapabilities\",\"automationProtocol\",\"baseUrl\",\"waitforInterval\",\"waitforTimeout\",\"onReload\",\"beforeCommand\",\"afterCommand\",\"rootDir\",\"specs\",\"suites\",\"exclude\",\"groupLogsByTestSpec\",\"excludeDriverLogs\",\"bail\",\"framework\",\"reporters\",\"services\",\"maxInstances\",\"maxInstancesPerCapability\",\"injectGlobals\",\"filesToWatch\",\"execArgv\",\"runnerEnv\",\"runner\",\"shard\",\"specFileRetries\",\"specFileRetriesDelay\",\"specFileRetriesDeferred\",\"reporterSyncInterval\",\"reporterSyncTimeout\",\"cucumberFeaturesWithLineNumbers\",\"autoCompileOpts\",\"mochaOpts\",\"jasmineOpts\",\"cucumberOpts\",\"onPrepare\",\"onWorkerStart\",\"onWorkerEnd\",\"before\",\"beforeSession\",\"beforeSuite\",\"beforeHook\",\"beforeTest\",\"afterTest\",\"afterHook\",\"afterSuite\",\"afterSession\",\"after\",\"onComplete\",\"beforeAssertion\",\"afterAssertion\",\"beforeFeature\",\"beforeScenario\",\"beforeStep\",\"afterStep\",\"afterScenario\",\"afterFeature\",\"_\",\"suite\",\"$0\",\"ignoredWorkerServices\",\"wdi5\"]"}]}
COMMAND: POST /session/be4790d44c8003a2500b5a2ec9bf0748/execute/async - {"script":"<script> [21126 bytes]","args":[35000]}
RESULT: {"script":"<script> [21126 bytes]","args":[35000]}
COMMAND: POST /session/be4790d44c8003a2500b5a2ec9bf0748/window/maximize - {}
RESULT: {}
COMMAND: POST /session/be4790d44c8003a2500b5a2ec9bf0748/execute/async - {"script":"<script> [1562 bytes]","args":[{"selector":{"id":"shell-header","interaction":{"idSuffix":"icon"}},"wdio_ui5_key":"shellheader"}]}
COMMAND: GET /session/be4790d44c8003a2500b5a2ec9bf0748/screenshot - {}
RESULT: {"script":"<script> [1562 bytes]","args":[{"selector":{"id":"shell-header","interaction":{"idSuffix":"icon"}},"wdio_ui5_key":"shellheader"}]}
RESULT: undefined
]]></system-out>
    </testcase>
  </testsuite>
  <testsuite timestamp="2025-05-05T06:02:15" time="319.324" tests="1" failures="0" errors="0" skipped="0">
    <properties>
      <property name="specId" value="0" />
      <property name="suiteName" value="create-equipment" />
      <property name="capabilities" value="chrome.135_0_7049_96.windows" />
      <property name="file" value="file:///D:/a/1/s/test/specs/R2C/create-equipment.spec.js" />
    </properties>
    <testcase classname="chrome.135_0_7049_96.windows.create-equipment" name="create equipment" time="295.754">
      <system-out><![CDATA[
COMMAND: POST /session/be4790d44c8003a2500b5a2ec9bf0748/execute/async - {"script":"<script> [1562 bytes]","args":[{"selector":{"controlType":"sap.m.GenericTile","properties":{"header":"Manage Resources"}},"wdio_ui5_key":"sapm.GenericTile{\"header\":\"Manage Resources\"}"}]}
RESULT: {}
RESULT: {"script":"<script> [1562 bytes]","args":[{"selector":{"controlType":"sap.m.GenericTile","properties":{"header":"Manage Resources"}},"wdio_ui5_key":"sapm.GenericTile{\"header\":\"Manage Resources\"}"}]}
RESULT: undefined
COMMAND: POST /session/be4790d44c8003a2500b5a2ec9bf0748/element - {"using":"xpath","value":"//*[@id=\"__tile31\"]"}
RESULT: {"using":"xpath","value":"//*[@id=\"__tile31\"]"}
COMMAND: POST /session/be4790d44c8003a2500b5a2ec9bf0748/element/f.CB17890886CEBDD3BAA48AB18EF5A7DB.d.AA53FDD920AFC869C941096CB0570E14.e.6970/click - {}
RESULT: {}
COMMAND: GET /session/be4790d44c8003a2500b5a2ec9bf0748/screenshot - {}
RESULT: {}
COMMAND: POST /session/be4790d44c8003a2500b5a2ec9bf0748/element - {"using":"xpath","value":"//button[@data-kt=\"addNewRUOverflowToolbarButton\"]"}
RESULT: {"using":"xpath","value":"//button[@data-kt=\"addNewRUOverflowToolbarButton\"]"}
COMMAND: POST /session/be4790d44c8003a2500b5a2ec9bf0748/element - {"using":"xpath","value":"//button[@data-kt=\"addNewRUOverflowToolbarButton\"]"}
RESULT: {"using":"xpath","value":"//button[@data-kt=\"addNewRUOverflowToolbarButton\"]"}
COMMAND: POST /session/be4790d44c8003a2500b5a2ec9bf0748/element - {"using":"xpath","value":"//button[@data-kt=\"addNewRUOverflowToolbarButton\"]"}
COMMAND: POST /session/be4790d44c8003a2500b5a2ec9bf0748/execute/async - {"script":"<script> [1562 bytes]","args":[{"selector":{"controlType":"sap.ui.core.Icon","viewName":"etm.portal.ui.manageresources.view.Master","viewId":"application-manageresources-display-component---masterRU","properties":{"src":{"regex":{"source":"add"}}}},"wdio_ui5_key":"etmportal.ui.manageresources.view.Mastersap.ui.core.Icon{\"src\":{\"regex\":{\"source\":\"add\"}}}"}]}
RESULT: {"using":"xpath","value":"//button[@data-kt=\"addNewRUOverflowToolbarButton\"]"}
RESULT: {"script":"<script> [1562 bytes]","args":[{"selector":{"controlType":"sap.ui.core.Icon","viewName":"etm.portal.ui.manageresources.view.Master","viewId":"application-manageresources-display-component---masterRU","properties":{"src":{"regex":{"source":"add"}}}},"wdio_ui5_key":"etmportal.ui.manageresources.view.Mastersap.ui.core.Icon{\"src\":{\"regex\":{\"source\":\"add\"}}}"}]}
RESULT: undefined
COMMAND: POST /session/be4790d44c8003a2500b5a2ec9bf0748/element - {"using":"xpath","value":"//*[@id=\"__button5-img\"]"}
RESULT: {"using":"xpath","value":"//*[@id=\"__button5-img\"]"}
COMMAND: POST /session/be4790d44c8003a2500b5a2ec9bf0748/element/f.CB17890886CEBDD3BAA48AB18EF5A7DB.d.AA53FDD920AFC869C941096CB0570E14.e.7110/click - {}
RESULT: {}
COMMAND: GET /session/be4790d44c8003a2500b5a2ec9bf0748/screenshot - {}
RESULT: {}
COMMAND: POST /session/be4790d44c8003a2500b5a2ec9bf0748/execute/async - {"script":"<script> [1562 bytes]","args":[{"selector":{"controlType":"sap.m.ComboBox","viewName":"reusables.view.manageresources.NewResourceUnit","viewId":"application-manageresources-display-component---newResourceUnit","bindingPath":{"path":"","propertyPath":"/RuTypes","modelName":"catalogModel"},"searchOpenDialogs":true},"wdio_ui5_key":"reusablesview.manageresources.NewResourceUnitsap.m.ComboBox{\"path\":\"\",\"propertyPath\":\"/RuTypes\",\"modelName\":\"catalogModel\"}"}]}
RESULT: {"script":"<script> [1562 bytes]","args":[{"selector":{"controlType":"sap.m.ComboBox","viewName":"reusables.view.manageresources.NewResourceUnit","viewId":"application-manageresources-display-component---newResourceUnit","bindingPath":{"path":"","propertyPath":"/RuTypes","modelName":"catalogModel"},"searchOpenDialogs":true},"wdio_ui5_key":"reusablesview.manageresources.NewResourceUnitsap.m.ComboBox{\"path\":\"\",\"propertyPath\":\"/RuTypes\",\"modelName\":\"catalogModel\"}"}]}
RESULT: undefined
COMMAND: POST /session/be4790d44c8003a2500b5a2ec9bf0748/execute/async - {"script":"<script> [1562 bytes]","args":[{"selector":{"controlType":"sap.m.ComboBox","viewName":"reusables.view.manageresources.NewResourceUnit","viewId":"application-manageresources-display-component---newResourceUnit","bindingPath":{"path":"","propertyPath":"/Yards","modelName":"catalogModel"},"searchOpenDialogs":true},"wdio_ui5_key":"reusablesview.manageresources.NewResourceUnitsap.m.ComboBox{\"path\":\"\",\"propertyPath\":\"/Yards\",\"modelName\":\"catalogModel\"}"}]}
RESULT: {"script":"<script> [1562 bytes]","args":[{"selector":{"controlType":"sap.m.ComboBox","viewName":"reusables.view.manageresources.NewResourceUnit","viewId":"application-manageresources-display-component---newResourceUnit","bindingPath":{"path":"","propertyPath":"/Yards","modelName":"catalogModel"},"searchOpenDialogs":true},"wdio_ui5_key":"reusablesview.manageresources.NewResourceUnitsap.m.ComboBox{\"path\":\"\",\"propertyPath\":\"/Yards\",\"modelName\":\"catalogModel\"}"}]}
RESULT: undefined
COMMAND: POST /session/be4790d44c8003a2500b5a2ec9bf0748/execute/async - {"script":"<script> [1562 bytes]","args":[{"selector":{"controlType":"etm.portal.ui.reusables.customControls.LiveSearchComboBox","viewName":"reusables.view.manageresources.NewResourceUnit","viewId":"application-manageresources-display-component---newResourceUnit","bindingPath":{"path":"","propertyPath":"/CatalogItems","modelName":"catalogModel"},"searchOpenDialogs":true},"wdio_ui5_key":"reusablesview.manageresources.NewResourceUnitetm.portal.ui.reusables.customControls.LiveSearchComboBox{\"path\":\"\",\"propertyPath\":\"/CatalogItems\",\"modelName\":\"catalogModel\"}"}]}
RESULT: {"script":"<script> [1562 bytes]","args":[{"selector":{"controlType":"etm.portal.ui.reusables.customControls.LiveSearchComboBox","viewName":"reusables.view.manageresources.NewResourceUnit","viewId":"application-manageresources-display-component---newResourceUnit","bindingPath":{"path":"","propertyPath":"/CatalogItems","modelName":"catalogModel"},"searchOpenDialogs":true},"wdio_ui5_key":"reusablesview.manageresources.NewResourceUnitetm.portal.ui.reusables.customControls.LiveSearchComboBox{\"path\":\"\",\"propertyPath\":\"/CatalogItems\",\"modelName\":\"catalogModel\"}"}]}
RESULT: undefined
COMMAND: POST /session/be4790d44c8003a2500b5a2ec9bf0748/element - {"using":"xpath","value":"//bdi[text()=\"OK\"]"}
RESULT: {"using":"xpath","value":"//bdi[text()=\"OK\"]"}
COMMAND: POST /session/be4790d44c8003a2500b5a2ec9bf0748/elements - {"using":"xpath","value":"//bdi[text()=\"OK\"]"}
RESULT: {"using":"xpath","value":"//bdi[text()=\"OK\"]"}
COMMAND: POST /session/be4790d44c8003a2500b5a2ec9bf0748/elements - {"using":"xpath","value":"//bdi[text()=\"OK\"]"}
RESULT: {"using":"xpath","value":"//bdi[text()=\"OK\"]"}
COMMAND: POST /session/be4790d44c8003a2500b5a2ec9bf0748/elements - {"using":"xpath","value":"//bdi[text()=\"OK\"]"}
RESULT: {"using":"xpath","value":"//bdi[text()=\"OK\"]"}
COMMAND: POST /session/be4790d44c8003a2500b5a2ec9bf0748/elements - {"using":"xpath","value":"//bdi[text()=\"OK\"]"}
RESULT: {"using":"xpath","value":"//bdi[text()=\"OK\"]"}
COMMAND: POST /session/be4790d44c8003a2500b5a2ec9bf0748/elements - {"using":"xpath","value":"//bdi[text()=\"OK\"]"}
RESULT: {"using":"xpath","value":"//bdi[text()=\"OK\"]"}
COMMAND: POST /session/be4790d44c8003a2500b5a2ec9bf0748/elements - {"using":"xpath","value":"//bdi[text()=\"OK\"]"}
RESULT: {"using":"xpath","value":"//bdi[text()=\"OK\"]"}
COMMAND: POST /session/be4790d44c8003a2500b5a2ec9bf0748/elements - {"using":"xpath","value":"//bdi[text()=\"OK\"]"}
RESULT: {"using":"xpath","value":"//bdi[text()=\"OK\"]"}
COMMAND: POST /session/be4790d44c8003a2500b5a2ec9bf0748/elements - {"using":"xpath","value":"//bdi[text()=\"OK\"]"}
RESULT: {"using":"xpath","value":"//bdi[text()=\"OK\"]"}
COMMAND: POST /session/be4790d44c8003a2500b5a2ec9bf0748/elements - {"using":"xpath","value":"//bdi[text()=\"OK\"]"}
RESULT: {"using":"xpath","value":"//bdi[text()=\"OK\"]"}
COMMAND: POST /session/be4790d44c8003a2500b5a2ec9bf0748/elements - {"using":"xpath","value":"//bdi[text()=\"OK\"]"}
RESULT: {"using":"xpath","value":"//bdi[text()=\"OK\"]"}
COMMAND: POST /session/be4790d44c8003a2500b5a2ec9bf0748/elements - {"using":"xpath","value":"//bdi[text()=\"OK\"]"}
RESULT: {"using":"xpath","value":"//bdi[text()=\"OK\"]"}
COMMAND: POST /session/be4790d44c8003a2500b5a2ec9bf0748/elements - {"using":"xpath","value":"//bdi[text()=\"OK\"]"}
RESULT: {"using":"xpath","value":"//bdi[text()=\"OK\"]"}
COMMAND: POST /session/be4790d44c8003a2500b5a2ec9bf0748/elements - {"using":"xpath","value":"//bdi[text()=\"OK\"]"}
RESULT: {"using":"xpath","value":"//bdi[text()=\"OK\"]"}
COMMAND: POST /session/be4790d44c8003a2500b5a2ec9bf0748/elements - {"using":"xpath","value":"//bdi[text()=\"OK\"]"}
RESULT: {"using":"xpath","value":"//bdi[text()=\"OK\"]"}
COMMAND: POST /session/be4790d44c8003a2500b5a2ec9bf0748/elements - {"using":"xpath","value":"//bdi[text()=\"OK\"]"}
RESULT: {"using":"xpath","value":"//bdi[text()=\"OK\"]"}
COMMAND: POST /session/be4790d44c8003a2500b5a2ec9bf0748/elements - {"using":"xpath","value":"//bdi[text()=\"OK\"]"}
RESULT: {"using":"xpath","value":"//bdi[text()=\"OK\"]"}
COMMAND: POST /session/be4790d44c8003a2500b5a2ec9bf0748/elements - {"using":"xpath","value":"//bdi[text()=\"OK\"]"}
RESULT: {"using":"xpath","value":"//bdi[text()=\"OK\"]"}
COMMAND: POST /session/be4790d44c8003a2500b5a2ec9bf0748/elements - {"using":"xpath","value":"//bdi[text()=\"OK\"]"}
RESULT: {"using":"xpath","value":"//bdi[text()=\"OK\"]"}
COMMAND: POST /session/be4790d44c8003a2500b5a2ec9bf0748/elements - {"using":"xpath","value":"//bdi[text()=\"OK\"]"}
RESULT: {"using":"xpath","value":"//bdi[text()=\"OK\"]"}
COMMAND: POST /session/be4790d44c8003a2500b5a2ec9bf0748/elements - {"using":"xpath","value":"//bdi[text()=\"OK\"]"}
RESULT: {"using":"xpath","value":"//bdi[text()=\"OK\"]"}
COMMAND: POST /session/be4790d44c8003a2500b5a2ec9bf0748/elements - {"using":"xpath","value":"//bdi[text()=\"OK\"]"}
RESULT: {"using":"xpath","value":"//bdi[text()=\"OK\"]"}
COMMAND: POST /session/be4790d44c8003a2500b5a2ec9bf0748/elements - {"using":"xpath","value":"//bdi[text()=\"OK\"]"}
RESULT: {"using":"xpath","value":"//bdi[text()=\"OK\"]"}
COMMAND: POST /session/be4790d44c8003a2500b5a2ec9bf0748/elements - {"using":"xpath","value":"//bdi[text()=\"OK\"]"}
RESULT: {"using":"xpath","value":"//bdi[text()=\"OK\"]"}
COMMAND: POST /session/be4790d44c8003a2500b5a2ec9bf0748/elements - {"using":"xpath","value":"//bdi[text()=\"OK\"]"}
RESULT: {"using":"xpath","value":"//bdi[text()=\"OK\"]"}
COMMAND: POST /session/be4790d44c8003a2500b5a2ec9bf0748/elements - {"using":"xpath","value":"//bdi[text()=\"OK\"]"}
RESULT: {"using":"xpath","value":"//bdi[text()=\"OK\"]"}
COMMAND: POST /session/be4790d44c8003a2500b5a2ec9bf0748/elements - {"using":"xpath","value":"//bdi[text()=\"OK\"]"}
RESULT: {"using":"xpath","value":"//bdi[text()=\"OK\"]"}
COMMAND: POST /session/be4790d44c8003a2500b5a2ec9bf0748/elements - {"using":"xpath","value":"//bdi[text()=\"OK\"]"}
RESULT: {"using":"xpath","value":"//bdi[text()=\"OK\"]"}
COMMAND: POST /session/be4790d44c8003a2500b5a2ec9bf0748/elements - {"using":"xpath","value":"//bdi[text()=\"OK\"]"}
RESULT: {"using":"xpath","value":"//bdi[text()=\"OK\"]"}
COMMAND: POST /session/be4790d44c8003a2500b5a2ec9bf0748/elements - {"using":"xpath","value":"//bdi[text()=\"OK\"]"}
RESULT: {"using":"xpath","value":"//bdi[text()=\"OK\"]"}
COMMAND: POST /session/be4790d44c8003a2500b5a2ec9bf0748/elements - {"using":"xpath","value":"//bdi[text()=\"OK\"]"}
RESULT: {"using":"xpath","value":"//bdi[text()=\"OK\"]"}
COMMAND: POST /session/be4790d44c8003a2500b5a2ec9bf0748/elements - {"using":"xpath","value":"//bdi[text()=\"OK\"]"}
RESULT: {"using":"xpath","value":"//bdi[text()=\"OK\"]"}
COMMAND: POST /session/be4790d44c8003a2500b5a2ec9bf0748/elements - {"using":"xpath","value":"//bdi[text()=\"OK\"]"}
RESULT: {"using":"xpath","value":"//bdi[text()=\"OK\"]"}
COMMAND: POST /session/be4790d44c8003a2500b5a2ec9bf0748/elements - {"using":"xpath","value":"//bdi[text()=\"OK\"]"}
RESULT: {"using":"xpath","value":"//bdi[text()=\"OK\"]"}
COMMAND: POST /session/be4790d44c8003a2500b5a2ec9bf0748/elements - {"using":"xpath","value":"//bdi[text()=\"OK\"]"}
RESULT: {"using":"xpath","value":"//bdi[text()=\"OK\"]"}
COMMAND: POST /session/be4790d44c8003a2500b5a2ec9bf0748/elements - {"using":"xpath","value":"//bdi[text()=\"OK\"]"}
RESULT: {"using":"xpath","value":"//bdi[text()=\"OK\"]"}
COMMAND: POST /session/be4790d44c8003a2500b5a2ec9bf0748/elements - {"using":"xpath","value":"//bdi[text()=\"OK\"]"}
RESULT: {"using":"xpath","value":"//bdi[text()=\"OK\"]"}
COMMAND: POST /session/be4790d44c8003a2500b5a2ec9bf0748/elements - {"using":"xpath","value":"//bdi[text()=\"OK\"]"}
RESULT: {"using":"xpath","value":"//bdi[text()=\"OK\"]"}
COMMAND: POST /session/be4790d44c8003a2500b5a2ec9bf0748/elements - {"using":"xpath","value":"//bdi[text()=\"OK\"]"}
RESULT: {"using":"xpath","value":"//bdi[text()=\"OK\"]"}
COMMAND: POST /session/be4790d44c8003a2500b5a2ec9bf0748/elements - {"using":"xpath","value":"//bdi[text()=\"OK\"]"}
RESULT: {"using":"xpath","value":"//bdi[text()=\"OK\"]"}
COMMAND: POST /session/be4790d44c8003a2500b5a2ec9bf0748/elements - {"using":"xpath","value":"//bdi[text()=\"OK\"]"}
RESULT: {"using":"xpath","value":"//bdi[text()=\"OK\"]"}
COMMAND: POST /session/be4790d44c8003a2500b5a2ec9bf0748/elements - {"using":"xpath","value":"//bdi[text()=\"OK\"]"}
RESULT: {"using":"xpath","value":"//bdi[text()=\"OK\"]"}
COMMAND: POST /session/be4790d44c8003a2500b5a2ec9bf0748/elements - {"using":"xpath","value":"//bdi[text()=\"OK\"]"}
RESULT: {"using":"xpath","value":"//bdi[text()=\"OK\"]"}
COMMAND: POST /session/be4790d44c8003a2500b5a2ec9bf0748/elements - {"using":"xpath","value":"//bdi[text()=\"OK\"]"}
RESULT: {"using":"xpath","value":"//bdi[text()=\"OK\"]"}
COMMAND: POST /session/be4790d44c8003a2500b5a2ec9bf0748/elements - {"using":"xpath","value":"//bdi[text()=\"OK\"]"}
RESULT: {"using":"xpath","value":"//bdi[text()=\"OK\"]"}
COMMAND: POST /session/be4790d44c8003a2500b5a2ec9bf0748/elements - {"using":"xpath","value":"//bdi[text()=\"OK\"]"}
RESULT: {"using":"xpath","value":"//bdi[text()=\"OK\"]"}
COMMAND: POST /session/be4790d44c8003a2500b5a2ec9bf0748/elements - {"using":"xpath","value":"//bdi[text()=\"OK\"]"}
RESULT: {"using":"xpath","value":"//bdi[text()=\"OK\"]"}
COMMAND: POST /session/be4790d44c8003a2500b5a2ec9bf0748/elements - {"using":"xpath","value":"//bdi[text()=\"OK\"]"}
RESULT: {"using":"xpath","value":"//bdi[text()=\"OK\"]"}
COMMAND: POST /session/be4790d44c8003a2500b5a2ec9bf0748/elements - {"using":"xpath","value":"//bdi[text()=\"OK\"]"}
RESULT: {"using":"xpath","value":"//bdi[text()=\"OK\"]"}
COMMAND: POST /session/be4790d44c8003a2500b5a2ec9bf0748/elements - {"using":"xpath","value":"//bdi[text()=\"OK\"]"}
RESULT: {"using":"xpath","value":"//bdi[text()=\"OK\"]"}
COMMAND: POST /session/be4790d44c8003a2500b5a2ec9bf0748/elements - {"using":"xpath","value":"//bdi[text()=\"OK\"]"}
RESULT: {"using":"xpath","value":"//bdi[text()=\"OK\"]"}
COMMAND: POST /session/be4790d44c8003a2500b5a2ec9bf0748/elements - {"using":"xpath","value":"//bdi[text()=\"OK\"]"}
RESULT: {"using":"xpath","value":"//bdi[text()=\"OK\"]"}
COMMAND: POST /session/be4790d44c8003a2500b5a2ec9bf0748/elements - {"using":"xpath","value":"//bdi[text()=\"OK\"]"}
RESULT: {"using":"xpath","value":"//bdi[text()=\"OK\"]"}
COMMAND: POST /session/be4790d44c8003a2500b5a2ec9bf0748/elements - {"using":"xpath","value":"//bdi[text()=\"OK\"]"}
RESULT: {"using":"xpath","value":"//bdi[text()=\"OK\"]"}
COMMAND: POST /session/be4790d44c8003a2500b5a2ec9bf0748/elements - {"using":"xpath","value":"//bdi[text()=\"OK\"]"}
RESULT: {"using":"xpath","value":"//bdi[text()=\"OK\"]"}
COMMAND: POST /session/be4790d44c8003a2500b5a2ec9bf0748/elements - {"using":"xpath","value":"//bdi[text()=\"OK\"]"}
RESULT: {"using":"xpath","value":"//bdi[text()=\"OK\"]"}
COMMAND: POST /session/be4790d44c8003a2500b5a2ec9bf0748/elements - {"using":"xpath","value":"//bdi[text()=\"OK\"]"}
RESULT: {"using":"xpath","value":"//bdi[text()=\"OK\"]"}
COMMAND: POST /session/be4790d44c8003a2500b5a2ec9bf0748/elements - {"using":"xpath","value":"//bdi[text()=\"OK\"]"}
RESULT: {"using":"xpath","value":"//bdi[text()=\"OK\"]"}
COMMAND: POST /session/be4790d44c8003a2500b5a2ec9bf0748/elements - {"using":"xpath","value":"//bdi[text()=\"OK\"]"}
RESULT: {"using":"xpath","value":"//bdi[text()=\"OK\"]"}
COMMAND: POST /session/be4790d44c8003a2500b5a2ec9bf0748/elements - {"using":"xpath","value":"//bdi[text()=\"OK\"]"}
RESULT: {"using":"xpath","value":"//bdi[text()=\"OK\"]"}
COMMAND: POST /session/be4790d44c8003a2500b5a2ec9bf0748/elements - {"using":"xpath","value":"//bdi[text()=\"OK\"]"}
RESULT: {"using":"xpath","value":"//bdi[text()=\"OK\"]"}
COMMAND: POST /session/be4790d44c8003a2500b5a2ec9bf0748/elements - {"using":"xpath","value":"//bdi[text()=\"OK\"]"}
RESULT: {"using":"xpath","value":"//bdi[text()=\"OK\"]"}
COMMAND: POST /session/be4790d44c8003a2500b5a2ec9bf0748/elements - {"using":"xpath","value":"//bdi[text()=\"OK\"]"}
RESULT: {"using":"xpath","value":"//bdi[text()=\"OK\"]"}
COMMAND: POST /session/be4790d44c8003a2500b5a2ec9bf0748/elements - {"using":"xpath","value":"//bdi[text()=\"OK\"]"}
RESULT: {"using":"xpath","value":"//bdi[text()=\"OK\"]"}
COMMAND: POST /session/be4790d44c8003a2500b5a2ec9bf0748/elements - {"using":"xpath","value":"//bdi[text()=\"OK\"]"}
RESULT: {"using":"xpath","value":"//bdi[text()=\"OK\"]"}
COMMAND: POST /session/be4790d44c8003a2500b5a2ec9bf0748/elements - {"using":"xpath","value":"//bdi[text()=\"OK\"]"}
RESULT: {"using":"xpath","value":"//bdi[text()=\"OK\"]"}
COMMAND: POST /session/be4790d44c8003a2500b5a2ec9bf0748/elements - {"using":"xpath","value":"//bdi[text()=\"OK\"]"}
RESULT: {"using":"xpath","value":"//bdi[text()=\"OK\"]"}
COMMAND: POST /session/be4790d44c8003a2500b5a2ec9bf0748/elements - {"using":"xpath","value":"//bdi[text()=\"OK\"]"}
RESULT: {"using":"xpath","value":"//bdi[text()=\"OK\"]"}
COMMAND: POST /session/be4790d44c8003a2500b5a2ec9bf0748/elements - {"using":"xpath","value":"//bdi[text()=\"OK\"]"}
RESULT: {"using":"xpath","value":"//bdi[text()=\"OK\"]"}
COMMAND: POST /session/be4790d44c8003a2500b5a2ec9bf0748/elements - {"using":"xpath","value":"//bdi[text()=\"OK\"]"}
RESULT: {"using":"xpath","value":"//bdi[text()=\"OK\"]"}
COMMAND: POST /session/be4790d44c8003a2500b5a2ec9bf0748/elements - {"using":"xpath","value":"//bdi[text()=\"OK\"]"}
RESULT: {"using":"xpath","value":"//bdi[text()=\"OK\"]"}
COMMAND: POST /session/be4790d44c8003a2500b5a2ec9bf0748/elements - {"using":"xpath","value":"//bdi[text()=\"OK\"]"}
RESULT: {"using":"xpath","value":"//bdi[text()=\"OK\"]"}
COMMAND: POST /session/be4790d44c8003a2500b5a2ec9bf0748/elements - {"using":"xpath","value":"//bdi[text()=\"OK\"]"}
RESULT: {"using":"xpath","value":"//bdi[text()=\"OK\"]"}
COMMAND: POST /session/be4790d44c8003a2500b5a2ec9bf0748/elements - {"using":"xpath","value":"//bdi[text()=\"OK\"]"}
RESULT: {"using":"xpath","value":"//bdi[text()=\"OK\"]"}
COMMAND: POST /session/be4790d44c8003a2500b5a2ec9bf0748/elements - {"using":"xpath","value":"//bdi[text()=\"OK\"]"}
RESULT: {"using":"xpath","value":"//bdi[text()=\"OK\"]"}
COMMAND: POST /session/be4790d44c8003a2500b5a2ec9bf0748/elements - {"using":"xpath","value":"//bdi[text()=\"OK\"]"}
RESULT: {"using":"xpath","value":"//bdi[text()=\"OK\"]"}
COMMAND: POST /session/be4790d44c8003a2500b5a2ec9bf0748/elements - {"using":"xpath","value":"//bdi[text()=\"OK\"]"}
RESULT: {"using":"xpath","value":"//bdi[text()=\"OK\"]"}
COMMAND: POST /session/be4790d44c8003a2500b5a2ec9bf0748/elements - {"using":"xpath","value":"//bdi[text()=\"OK\"]"}
RESULT: {"using":"xpath","value":"//bdi[text()=\"OK\"]"}
COMMAND: POST /session/be4790d44c8003a2500b5a2ec9bf0748/elements - {"using":"xpath","value":"//bdi[text()=\"OK\"]"}
RESULT: {"using":"xpath","value":"//bdi[text()=\"OK\"]"}
COMMAND: POST /session/be4790d44c8003a2500b5a2ec9bf0748/elements - {"using":"xpath","value":"//bdi[text()=\"OK\"]"}
RESULT: {"using":"xpath","value":"//bdi[text()=\"OK\"]"}
COMMAND: POST /session/be4790d44c8003a2500b5a2ec9bf0748/elements - {"using":"xpath","value":"//bdi[text()=\"OK\"]"}
RESULT: {"using":"xpath","value":"//bdi[text()=\"OK\"]"}
COMMAND: POST /session/be4790d44c8003a2500b5a2ec9bf0748/elements - {"using":"xpath","value":"//bdi[text()=\"OK\"]"}
RESULT: {"using":"xpath","value":"//bdi[text()=\"OK\"]"}
COMMAND: POST /session/be4790d44c8003a2500b5a2ec9bf0748/elements - {"using":"xpath","value":"//bdi[text()=\"OK\"]"}
RESULT: {"using":"xpath","value":"//bdi[text()=\"OK\"]"}
COMMAND: POST /session/be4790d44c8003a2500b5a2ec9bf0748/elements - {"using":"xpath","value":"//bdi[text()=\"OK\"]"}
RESULT: {"using":"xpath","value":"//bdi[text()=\"OK\"]"}
COMMAND: POST /session/be4790d44c8003a2500b5a2ec9bf0748/elements - {"using":"xpath","value":"//bdi[text()=\"OK\"]"}
RESULT: {"using":"xpath","value":"//bdi[text()=\"OK\"]"}
COMMAND: POST /session/be4790d44c8003a2500b5a2ec9bf0748/elements - {"using":"xpath","value":"//bdi[text()=\"OK\"]"}
RESULT: {"using":"xpath","value":"//bdi[text()=\"OK\"]"}
COMMAND: POST /session/be4790d44c8003a2500b5a2ec9bf0748/elements - {"using":"xpath","value":"//bdi[text()=\"OK\"]"}
RESULT: {"using":"xpath","value":"//bdi[text()=\"OK\"]"}
COMMAND: POST /session/be4790d44c8003a2500b5a2ec9bf0748/elements - {"using":"xpath","value":"//bdi[text()=\"OK\"]"}
RESULT: {"using":"xpath","value":"//bdi[text()=\"OK\"]"}
COMMAND: POST /session/be4790d44c8003a2500b5a2ec9bf0748/elements - {"using":"xpath","value":"//bdi[text()=\"OK\"]"}
RESULT: {"using":"xpath","value":"//bdi[text()=\"OK\"]"}
COMMAND: POST /session/be4790d44c8003a2500b5a2ec9bf0748/elements - {"using":"xpath","value":"//bdi[text()=\"OK\"]"}
RESULT: {"using":"xpath","value":"//bdi[text()=\"OK\"]"}
COMMAND: POST /session/be4790d44c8003a2500b5a2ec9bf0748/elements - {"using":"xpath","value":"//bdi[text()=\"OK\"]"}
RESULT: {"using":"xpath","value":"//bdi[text()=\"OK\"]"}
COMMAND: POST /session/be4790d44c8003a2500b5a2ec9bf0748/elements - {"using":"xpath","value":"//bdi[text()=\"OK\"]"}
RESULT: {"using":"xpath","value":"//bdi[text()=\"OK\"]"}
COMMAND: POST /session/be4790d44c8003a2500b5a2ec9bf0748/elements - {"using":"xpath","value":"//bdi[text()=\"OK\"]"}
RESULT: {"using":"xpath","value":"//bdi[text()=\"OK\"]"}
COMMAND: POST /session/be4790d44c8003a2500b5a2ec9bf0748/elements - {"using":"xpath","value":"//bdi[text()=\"OK\"]"}
RESULT: {"using":"xpath","value":"//bdi[text()=\"OK\"]"}
COMMAND: POST /session/be4790d44c8003a2500b5a2ec9bf0748/elements - {"using":"xpath","value":"//bdi[text()=\"OK\"]"}
RESULT: {"using":"xpath","value":"//bdi[text()=\"OK\"]"}
COMMAND: POST /session/be4790d44c8003a2500b5a2ec9bf0748/elements - {"using":"xpath","value":"//bdi[text()=\"OK\"]"}
RESULT: {"using":"xpath","value":"//bdi[text()=\"OK\"]"}
COMMAND: POST /session/be4790d44c8003a2500b5a2ec9bf0748/elements - {"using":"xpath","value":"//bdi[text()=\"OK\"]"}
RESULT: {"using":"xpath","value":"//bdi[text()=\"OK\"]"}
COMMAND: POST /session/be4790d44c8003a2500b5a2ec9bf0748/elements - {"using":"xpath","value":"//bdi[text()=\"OK\"]"}
RESULT: {"using":"xpath","value":"//bdi[text()=\"OK\"]"}
COMMAND: POST /session/be4790d44c8003a2500b5a2ec9bf0748/elements - {"using":"xpath","value":"//bdi[text()=\"OK\"]"}
RESULT: {"using":"xpath","value":"//bdi[text()=\"OK\"]"}
COMMAND: POST /session/be4790d44c8003a2500b5a2ec9bf0748/elements - {"using":"xpath","value":"//bdi[text()=\"OK\"]"}
RESULT: {"using":"xpath","value":"//bdi[text()=\"OK\"]"}
COMMAND: POST /session/be4790d44c8003a2500b5a2ec9bf0748/elements - {"using":"xpath","value":"//bdi[text()=\"OK\"]"}
RESULT: {"using":"xpath","value":"//bdi[text()=\"OK\"]"}
COMMAND: POST /session/be4790d44c8003a2500b5a2ec9bf0748/elements - {"using":"xpath","value":"//bdi[text()=\"OK\"]"}
RESULT: {"using":"xpath","value":"//bdi[text()=\"OK\"]"}
COMMAND: POST /session/be4790d44c8003a2500b5a2ec9bf0748/elements - {"using":"xpath","value":"//bdi[text()=\"OK\"]"}
RESULT: {"using":"xpath","value":"//bdi[text()=\"OK\"]"}
COMMAND: POST /session/be4790d44c8003a2500b5a2ec9bf0748/elements - {"using":"xpath","value":"//bdi[text()=\"OK\"]"}
RESULT: {"using":"xpath","value":"//bdi[text()=\"OK\"]"}
COMMAND: POST /session/be4790d44c8003a2500b5a2ec9bf0748/elements - {"using":"xpath","value":"//bdi[text()=\"OK\"]"}
RESULT: {"using":"xpath","value":"//bdi[text()=\"OK\"]"}
COMMAND: POST /session/be4790d44c8003a2500b5a2ec9bf0748/elements - {"using":"xpath","value":"//bdi[text()=\"OK\"]"}
RESULT: {"using":"xpath","value":"//bdi[text()=\"OK\"]"}
COMMAND: POST /session/be4790d44c8003a2500b5a2ec9bf0748/elements - {"using":"xpath","value":"//bdi[text()=\"OK\"]"}
RESULT: {"using":"xpath","value":"//bdi[text()=\"OK\"]"}
COMMAND: POST /session/be4790d44c8003a2500b5a2ec9bf0748/elements - {"using":"xpath","value":"//bdi[text()=\"OK\"]"}
RESULT: {"using":"xpath","value":"//bdi[text()=\"OK\"]"}
COMMAND: POST /session/be4790d44c8003a2500b5a2ec9bf0748/elements - {"using":"xpath","value":"//bdi[text()=\"OK\"]"}
RESULT: {"using":"xpath","value":"//bdi[text()=\"OK\"]"}
COMMAND: POST /session/be4790d44c8003a2500b5a2ec9bf0748/elements - {"using":"xpath","value":"//bdi[text()=\"OK\"]"}
RESULT: {"using":"xpath","value":"//bdi[text()=\"OK\"]"}
COMMAND: POST /session/be4790d44c8003a2500b5a2ec9bf0748/elements - {"using":"xpath","value":"//bdi[text()=\"OK\"]"}
RESULT: {"using":"xpath","value":"//bdi[text()=\"OK\"]"}
COMMAND: POST /session/be4790d44c8003a2500b5a2ec9bf0748/elements - {"using":"xpath","value":"//bdi[text()=\"OK\"]"}
RESULT: {"using":"xpath","value":"//bdi[text()=\"OK\"]"}
COMMAND: POST /session/be4790d44c8003a2500b5a2ec9bf0748/elements - {"using":"xpath","value":"//bdi[text()=\"OK\"]"}
RESULT: {"using":"xpath","value":"//bdi[text()=\"OK\"]"}
COMMAND: POST /session/be4790d44c8003a2500b5a2ec9bf0748/elements - {"using":"xpath","value":"//bdi[text()=\"OK\"]"}
RESULT: {"using":"xpath","value":"//bdi[text()=\"OK\"]"}
COMMAND: POST /session/be4790d44c8003a2500b5a2ec9bf0748/elements - {"using":"xpath","value":"//bdi[text()=\"OK\"]"}
RESULT: {"using":"xpath","value":"//bdi[text()=\"OK\"]"}
COMMAND: POST /session/be4790d44c8003a2500b5a2ec9bf0748/elements - {"using":"xpath","value":"//bdi[text()=\"OK\"]"}
RESULT: {"using":"xpath","value":"//bdi[text()=\"OK\"]"}
COMMAND: POST /session/be4790d44c8003a2500b5a2ec9bf0748/elements - {"using":"xpath","value":"//bdi[text()=\"OK\"]"}
RESULT: {"using":"xpath","value":"//bdi[text()=\"OK\"]"}
COMMAND: POST /session/be4790d44c8003a2500b5a2ec9bf0748/elements - {"using":"xpath","value":"//bdi[text()=\"OK\"]"}
RESULT: {"using":"xpath","value":"//bdi[text()=\"OK\"]"}
COMMAND: POST /session/be4790d44c8003a2500b5a2ec9bf0748/elements - {"using":"xpath","value":"//bdi[text()=\"OK\"]"}
RESULT: {"using":"xpath","value":"//bdi[text()=\"OK\"]"}
COMMAND: POST /session/be4790d44c8003a2500b5a2ec9bf0748/elements - {"using":"xpath","value":"//bdi[text()=\"OK\"]"}
RESULT: {"using":"xpath","value":"//bdi[text()=\"OK\"]"}
COMMAND: POST /session/be4790d44c8003a2500b5a2ec9bf0748/elements - {"using":"xpath","value":"//bdi[text()=\"OK\"]"}
RESULT: {"using":"xpath","value":"//bdi[text()=\"OK\"]"}
COMMAND: POST /session/be4790d44c8003a2500b5a2ec9bf0748/element - {"using":"xpath","value":"//bdi[text()=\"OK\"]"}
RESULT: {"using":"xpath","value":"//bdi[text()=\"OK\"]"}
COMMAND: POST /session/be4790d44c8003a2500b5a2ec9bf0748/elements - {"using":"xpath","value":"//bdi[text()=\"OK\"]"}
RESULT: {"using":"xpath","value":"//bdi[text()=\"OK\"]"}
COMMAND: POST /session/be4790d44c8003a2500b5a2ec9bf0748/elements - {"using":"xpath","value":"//bdi[text()=\"OK\"]"}
RESULT: {"using":"xpath","value":"//bdi[text()=\"OK\"]"}
COMMAND: POST /session/be4790d44c8003a2500b5a2ec9bf0748/elements - {"using":"xpath","value":"//bdi[text()=\"OK\"]"}
RESULT: {"using":"xpath","value":"//bdi[text()=\"OK\"]"}
COMMAND: POST /session/be4790d44c8003a2500b5a2ec9bf0748/elements - {"using":"xpath","value":"//bdi[text()=\"OK\"]"}
RESULT: {"using":"xpath","value":"//bdi[text()=\"OK\"]"}
COMMAND: POST /session/be4790d44c8003a2500b5a2ec9bf0748/elements - {"using":"xpath","value":"//bdi[text()=\"OK\"]"}
RESULT: {"using":"xpath","value":"//bdi[text()=\"OK\"]"}
COMMAND: POST /session/be4790d44c8003a2500b5a2ec9bf0748/elements - {"using":"xpath","value":"//bdi[text()=\"OK\"]"}
RESULT: {"using":"xpath","value":"//bdi[text()=\"OK\"]"}
COMMAND: POST /session/be4790d44c8003a2500b5a2ec9bf0748/elements - {"using":"xpath","value":"//bdi[text()=\"OK\"]"}
RESULT: {"using":"xpath","value":"//bdi[text()=\"OK\"]"}
COMMAND: POST /session/be4790d44c8003a2500b5a2ec9bf0748/elements - {"using":"xpath","value":"//bdi[text()=\"OK\"]"}
RESULT: {"using":"xpath","value":"//bdi[text()=\"OK\"]"}
COMMAND: POST /session/be4790d44c8003a2500b5a2ec9bf0748/elements - {"using":"xpath","value":"//bdi[text()=\"OK\"]"}
RESULT: {"using":"xpath","value":"//bdi[text()=\"OK\"]"}
COMMAND: POST /session/be4790d44c8003a2500b5a2ec9bf0748/elements - {"using":"xpath","value":"//bdi[text()=\"OK\"]"}
RESULT: {"using":"xpath","value":"//bdi[text()=\"OK\"]"}
COMMAND: POST /session/be4790d44c8003a2500b5a2ec9bf0748/elements - {"using":"xpath","value":"//bdi[text()=\"OK\"]"}
RESULT: {"using":"xpath","value":"//bdi[text()=\"OK\"]"}
COMMAND: POST /session/be4790d44c8003a2500b5a2ec9bf0748/elements - {"using":"xpath","value":"//bdi[text()=\"OK\"]"}
RESULT: {"using":"xpath","value":"//bdi[text()=\"OK\"]"}
COMMAND: POST /session/be4790d44c8003a2500b5a2ec9bf0748/elements - {"using":"xpath","value":"//bdi[text()=\"OK\"]"}
RESULT: {"using":"xpath","value":"//bdi[text()=\"OK\"]"}
COMMAND: POST /session/be4790d44c8003a2500b5a2ec9bf0748/elements - {"using":"xpath","value":"//bdi[text()=\"OK\"]"}
RESULT: {"using":"xpath","value":"//bdi[text()=\"OK\"]"}
COMMAND: POST /session/be4790d44c8003a2500b5a2ec9bf0748/elements - {"using":"xpath","value":"//bdi[text()=\"OK\"]"}
RESULT: {"using":"xpath","value":"//bdi[text()=\"OK\"]"}
COMMAND: POST /session/be4790d44c8003a2500b5a2ec9bf0748/elements - {"using":"xpath","value":"//bdi[text()=\"OK\"]"}
RESULT: {"using":"xpath","value":"//bdi[text()=\"OK\"]"}
COMMAND: POST /session/be4790d44c8003a2500b5a2ec9bf0748/elements - {"using":"xpath","value":"//bdi[text()=\"OK\"]"}
RESULT: {"using":"xpath","value":"//bdi[text()=\"OK\"]"}
COMMAND: POST /session/be4790d44c8003a2500b5a2ec9bf0748/elements - {"using":"xpath","value":"//bdi[text()=\"OK\"]"}
RESULT: {"using":"xpath","value":"//bdi[text()=\"OK\"]"}
COMMAND: POST /session/be4790d44c8003a2500b5a2ec9bf0748/elements - {"using":"xpath","value":"//bdi[text()=\"OK\"]"}
RESULT: {"using":"xpath","value":"//bdi[text()=\"OK\"]"}
COMMAND: POST /session/be4790d44c8003a2500b5a2ec9bf0748/elements - {"using":"xpath","value":"//bdi[text()=\"OK\"]"}
RESULT: {"using":"xpath","value":"//bdi[text()=\"OK\"]"}
COMMAND: POST /session/be4790d44c8003a2500b5a2ec9bf0748/elements - {"using":"xpath","value":"//bdi[text()=\"OK\"]"}
RESULT: {"using":"xpath","value":"//bdi[text()=\"OK\"]"}
COMMAND: POST /session/be4790d44c8003a2500b5a2ec9bf0748/elements - {"using":"xpath","value":"//bdi[text()=\"OK\"]"}
RESULT: {"using":"xpath","value":"//bdi[text()=\"OK\"]"}
COMMAND: POST /session/be4790d44c8003a2500b5a2ec9bf0748/elements - {"using":"xpath","value":"//bdi[text()=\"OK\"]"}
RESULT: {"using":"xpath","value":"//bdi[text()=\"OK\"]"}
COMMAND: POST /session/be4790d44c8003a2500b5a2ec9bf0748/elements - {"using":"xpath","value":"//bdi[text()=\"OK\"]"}
RESULT: {"using":"xpath","value":"//bdi[text()=\"OK\"]"}
COMMAND: POST /session/be4790d44c8003a2500b5a2ec9bf0748/elements - {"using":"xpath","value":"//bdi[text()=\"OK\"]"}
RESULT: {"using":"xpath","value":"//bdi[text()=\"OK\"]"}
COMMAND: POST /session/be4790d44c8003a2500b5a2ec9bf0748/elements - {"using":"xpath","value":"//bdi[text()=\"OK\"]"}
RESULT: {"using":"xpath","value":"//bdi[text()=\"OK\"]"}
COMMAND: POST /session/be4790d44c8003a2500b5a2ec9bf0748/elements - {"using":"xpath","value":"//bdi[text()=\"OK\"]"}
RESULT: {"using":"xpath","value":"//bdi[text()=\"OK\"]"}
COMMAND: POST /session/be4790d44c8003a2500b5a2ec9bf0748/elements - {"using":"xpath","value":"//bdi[text()=\"OK\"]"}
RESULT: {"using":"xpath","value":"//bdi[text()=\"OK\"]"}
COMMAND: POST /session/be4790d44c8003a2500b5a2ec9bf0748/elements - {"using":"xpath","value":"//bdi[text()=\"OK\"]"}
RESULT: {"using":"xpath","value":"//bdi[text()=\"OK\"]"}
COMMAND: POST /session/be4790d44c8003a2500b5a2ec9bf0748/elements - {"using":"xpath","value":"//bdi[text()=\"OK\"]"}
RESULT: {"using":"xpath","value":"//bdi[text()=\"OK\"]"}
COMMAND: POST /session/be4790d44c8003a2500b5a2ec9bf0748/elements - {"using":"xpath","value":"//bdi[text()=\"OK\"]"}
RESULT: {"using":"xpath","value":"//bdi[text()=\"OK\"]"}
COMMAND: POST /session/be4790d44c8003a2500b5a2ec9bf0748/elements - {"using":"xpath","value":"//bdi[text()=\"OK\"]"}
RESULT: {"using":"xpath","value":"//bdi[text()=\"OK\"]"}
COMMAND: POST /session/be4790d44c8003a2500b5a2ec9bf0748/elements - {"using":"xpath","value":"//bdi[text()=\"OK\"]"}
RESULT: {"using":"xpath","value":"//bdi[text()=\"OK\"]"}
COMMAND: POST /session/be4790d44c8003a2500b5a2ec9bf0748/elements - {"using":"xpath","value":"//bdi[text()=\"OK\"]"}
RESULT: {"using":"xpath","value":"//bdi[text()=\"OK\"]"}
COMMAND: POST /session/be4790d44c8003a2500b5a2ec9bf0748/elements - {"using":"xpath","value":"//bdi[text()=\"OK\"]"}
RESULT: {"using":"xpath","value":"//bdi[text()=\"OK\"]"}
COMMAND: POST /session/be4790d44c8003a2500b5a2ec9bf0748/elements - {"using":"xpath","value":"//bdi[text()=\"OK\"]"}
RESULT: {"using":"xpath","value":"//bdi[text()=\"OK\"]"}
COMMAND: POST /session/be4790d44c8003a2500b5a2ec9bf0748/elements - {"using":"xpath","value":"//bdi[text()=\"OK\"]"}
RESULT: {"using":"xpath","value":"//bdi[text()=\"OK\"]"}
COMMAND: POST /session/be4790d44c8003a2500b5a2ec9bf0748/elements - {"using":"xpath","value":"//bdi[text()=\"OK\"]"}
RESULT: {"using":"xpath","value":"//bdi[text()=\"OK\"]"}
COMMAND: POST /session/be4790d44c8003a2500b5a2ec9bf0748/elements - {"using":"xpath","value":"//bdi[text()=\"OK\"]"}
RESULT: {"using":"xpath","value":"//bdi[text()=\"OK\"]"}
COMMAND: POST /session/be4790d44c8003a2500b5a2ec9bf0748/elements - {"using":"xpath","value":"//bdi[text()=\"OK\"]"}
RESULT: {"using":"xpath","value":"//bdi[text()=\"OK\"]"}
COMMAND: POST /session/be4790d44c8003a2500b5a2ec9bf0748/elements - {"using":"xpath","value":"//bdi[text()=\"OK\"]"}
RESULT: {"using":"xpath","value":"//bdi[text()=\"OK\"]"}
COMMAND: POST /session/be4790d44c8003a2500b5a2ec9bf0748/elements - {"using":"xpath","value":"//bdi[text()=\"OK\"]"}
RESULT: {"using":"xpath","value":"//bdi[text()=\"OK\"]"}
COMMAND: POST /session/be4790d44c8003a2500b5a2ec9bf0748/elements - {"using":"xpath","value":"//bdi[text()=\"OK\"]"}
RESULT: {"using":"xpath","value":"//bdi[text()=\"OK\"]"}
COMMAND: POST /session/be4790d44c8003a2500b5a2ec9bf0748/elements - {"using":"xpath","value":"//bdi[text()=\"OK\"]"}
RESULT: {"using":"xpath","value":"//bdi[text()=\"OK\"]"}
COMMAND: POST /session/be4790d44c8003a2500b5a2ec9bf0748/elements - {"using":"xpath","value":"//bdi[text()=\"OK\"]"}
RESULT: {"using":"xpath","value":"//bdi[text()=\"OK\"]"}
COMMAND: POST /session/be4790d44c8003a2500b5a2ec9bf0748/elements - {"using":"xpath","value":"//bdi[text()=\"OK\"]"}
RESULT: {"using":"xpath","value":"//bdi[text()=\"OK\"]"}
COMMAND: POST /session/be4790d44c8003a2500b5a2ec9bf0748/elements - {"using":"xpath","value":"//bdi[text()=\"OK\"]"}
RESULT: {"using":"xpath","value":"//bdi[text()=\"OK\"]"}
COMMAND: POST /session/be4790d44c8003a2500b5a2ec9bf0748/elements - {"using":"xpath","value":"//bdi[text()=\"OK\"]"}
RESULT: {"using":"xpath","value":"//bdi[text()=\"OK\"]"}
COMMAND: POST /session/be4790d44c8003a2500b5a2ec9bf0748/elements - {"using":"xpath","value":"//bdi[text()=\"OK\"]"}
RESULT: {"using":"xpath","value":"//bdi[text()=\"OK\"]"}
COMMAND: POST /session/be4790d44c8003a2500b5a2ec9bf0748/elements - {"using":"xpath","value":"//bdi[text()=\"OK\"]"}
RESULT: {"using":"xpath","value":"//bdi[text()=\"OK\"]"}
COMMAND: POST /session/be4790d44c8003a2500b5a2ec9bf0748/elements - {"using":"xpath","value":"//bdi[text()=\"OK\"]"}
RESULT: {"using":"xpath","value":"//bdi[text()=\"OK\"]"}
COMMAND: POST /session/be4790d44c8003a2500b5a2ec9bf0748/elements - {"using":"xpath","value":"//bdi[text()=\"OK\"]"}
RESULT: {"using":"xpath","value":"//bdi[text()=\"OK\"]"}
COMMAND: POST /session/be4790d44c8003a2500b5a2ec9bf0748/elements - {"using":"xpath","value":"//bdi[text()=\"OK\"]"}
RESULT: {"using":"xpath","value":"//bdi[text()=\"OK\"]"}
COMMAND: POST /session/be4790d44c8003a2500b5a2ec9bf0748/elements - {"using":"xpath","value":"//bdi[text()=\"OK\"]"}
RESULT: {"using":"xpath","value":"//bdi[text()=\"OK\"]"}
COMMAND: POST /session/be4790d44c8003a2500b5a2ec9bf0748/elements - {"using":"xpath","value":"//bdi[text()=\"OK\"]"}
RESULT: {"using":"xpath","value":"//bdi[text()=\"OK\"]"}
COMMAND: POST /session/be4790d44c8003a2500b5a2ec9bf0748/elements - {"using":"xpath","value":"//bdi[text()=\"OK\"]"}
RESULT: {"using":"xpath","value":"//bdi[text()=\"OK\"]"}
COMMAND: POST /session/be4790d44c8003a2500b5a2ec9bf0748/elements - {"using":"xpath","value":"//bdi[text()=\"OK\"]"}
RESULT: {"using":"xpath","value":"//bdi[text()=\"OK\"]"}
COMMAND: POST /session/be4790d44c8003a2500b5a2ec9bf0748/elements - {"using":"xpath","value":"//bdi[text()=\"OK\"]"}
RESULT: {"using":"xpath","value":"//bdi[text()=\"OK\"]"}
COMMAND: POST /session/be4790d44c8003a2500b5a2ec9bf0748/elements - {"using":"xpath","value":"//bdi[text()=\"OK\"]"}
RESULT: {"using":"xpath","value":"//bdi[text()=\"OK\"]"}
COMMAND: POST /session/be4790d44c8003a2500b5a2ec9bf0748/elements - {"using":"xpath","value":"//bdi[text()=\"OK\"]"}
RESULT: {"using":"xpath","value":"//bdi[text()=\"OK\"]"}
COMMAND: POST /session/be4790d44c8003a2500b5a2ec9bf0748/elements - {"using":"xpath","value":"//bdi[text()=\"OK\"]"}
RESULT: {"using":"xpath","value":"//bdi[text()=\"OK\"]"}
COMMAND: POST /session/be4790d44c8003a2500b5a2ec9bf0748/elements - {"using":"xpath","value":"//bdi[text()=\"OK\"]"}
RESULT: {"using":"xpath","value":"//bdi[text()=\"OK\"]"}
COMMAND: POST /session/be4790d44c8003a2500b5a2ec9bf0748/elements - {"using":"xpath","value":"//bdi[text()=\"OK\"]"}
RESULT: {"using":"xpath","value":"//bdi[text()=\"OK\"]"}
COMMAND: POST /session/be4790d44c8003a2500b5a2ec9bf0748/elements - {"using":"xpath","value":"//bdi[text()=\"OK\"]"}
RESULT: {"using":"xpath","value":"//bdi[text()=\"OK\"]"}
COMMAND: POST /session/be4790d44c8003a2500b5a2ec9bf0748/elements - {"using":"xpath","value":"//bdi[text()=\"OK\"]"}
RESULT: {"using":"xpath","value":"//bdi[text()=\"OK\"]"}
COMMAND: POST /session/be4790d44c8003a2500b5a2ec9bf0748/elements - {"using":"xpath","value":"//bdi[text()=\"OK\"]"}
RESULT: {"using":"xpath","value":"//bdi[text()=\"OK\"]"}
COMMAND: POST /session/be4790d44c8003a2500b5a2ec9bf0748/elements - {"using":"xpath","value":"//bdi[text()=\"OK\"]"}
RESULT: {"using":"xpath","value":"//bdi[text()=\"OK\"]"}
COMMAND: POST /session/be4790d44c8003a2500b5a2ec9bf0748/elements - {"using":"xpath","value":"//bdi[text()=\"OK\"]"}
RESULT: {"using":"xpath","value":"//bdi[text()=\"OK\"]"}
COMMAND: POST /session/be4790d44c8003a2500b5a2ec9bf0748/elements - {"using":"xpath","value":"//bdi[text()=\"OK\"]"}
RESULT: {"using":"xpath","value":"//bdi[text()=\"OK\"]"}
COMMAND: POST /session/be4790d44c8003a2500b5a2ec9bf0748/elements - {"using":"xpath","value":"//bdi[text()=\"OK\"]"}
RESULT: {"using":"xpath","value":"//bdi[text()=\"OK\"]"}
COMMAND: POST /session/be4790d44c8003a2500b5a2ec9bf0748/elements - {"using":"xpath","value":"//bdi[text()=\"OK\"]"}
RESULT: {"using":"xpath","value":"//bdi[text()=\"OK\"]"}
COMMAND: POST /session/be4790d44c8003a2500b5a2ec9bf0748/elements - {"using":"xpath","value":"//bdi[text()=\"OK\"]"}
RESULT: {"using":"xpath","value":"//bdi[text()=\"OK\"]"}
COMMAND: POST /session/be4790d44c8003a2500b5a2ec9bf0748/elements - {"using":"xpath","value":"//bdi[text()=\"OK\"]"}
RESULT: {"using":"xpath","value":"//bdi[text()=\"OK\"]"}
COMMAND: POST /session/be4790d44c8003a2500b5a2ec9bf0748/elements - {"using":"xpath","value":"//bdi[text()=\"OK\"]"}
RESULT: {"using":"xpath","value":"//bdi[text()=\"OK\"]"}
COMMAND: POST /session/be4790d44c8003a2500b5a2ec9bf0748/elements - {"using":"xpath","value":"//bdi[text()=\"OK\"]"}
RESULT: {"using":"xpath","value":"//bdi[text()=\"OK\"]"}
COMMAND: POST /session/be4790d44c8003a2500b5a2ec9bf0748/elements - {"using":"xpath","value":"//bdi[text()=\"OK\"]"}
RESULT: {"using":"xpath","value":"//bdi[text()=\"OK\"]"}
COMMAND: POST /session/be4790d44c8003a2500b5a2ec9bf0748/elements - {"using":"xpath","value":"//bdi[text()=\"OK\"]"}
RESULT: {"using":"xpath","value":"//bdi[text()=\"OK\"]"}
COMMAND: POST /session/be4790d44c8003a2500b5a2ec9bf0748/elements - {"using":"xpath","value":"//bdi[text()=\"OK\"]"}
RESULT: {"using":"xpath","value":"//bdi[text()=\"OK\"]"}
COMMAND: POST /session/be4790d44c8003a2500b5a2ec9bf0748/elements - {"using":"xpath","value":"//bdi[text()=\"OK\"]"}
RESULT: {"using":"xpath","value":"//bdi[text()=\"OK\"]"}
COMMAND: POST /session/be4790d44c8003a2500b5a2ec9bf0748/elements - {"using":"xpath","value":"//bdi[text()=\"OK\"]"}
RESULT: {"using":"xpath","value":"//bdi[text()=\"OK\"]"}
COMMAND: POST /session/be4790d44c8003a2500b5a2ec9bf0748/elements - {"using":"xpath","value":"//bdi[text()=\"OK\"]"}
RESULT: {"using":"xpath","value":"//bdi[text()=\"OK\"]"}
COMMAND: POST /session/be4790d44c8003a2500b5a2ec9bf0748/elements - {"using":"xpath","value":"//bdi[text()=\"OK\"]"}
RESULT: {"using":"xpath","value":"//bdi[text()=\"OK\"]"}
COMMAND: POST /session/be4790d44c8003a2500b5a2ec9bf0748/elements - {"using":"xpath","value":"//bdi[text()=\"OK\"]"}
RESULT: {"using":"xpath","value":"//bdi[text()=\"OK\"]"}
COMMAND: POST /session/be4790d44c8003a2500b5a2ec9bf0748/elements - {"using":"xpath","value":"//bdi[text()=\"OK\"]"}
RESULT: {"using":"xpath","value":"//bdi[text()=\"OK\"]"}
COMMAND: POST /session/be4790d44c8003a2500b5a2ec9bf0748/elements - {"using":"xpath","value":"//bdi[text()=\"OK\"]"}
RESULT: {"using":"xpath","value":"//bdi[text()=\"OK\"]"}
COMMAND: POST /session/be4790d44c8003a2500b5a2ec9bf0748/elements - {"using":"xpath","value":"//bdi[text()=\"OK\"]"}
RESULT: {"using":"xpath","value":"//bdi[text()=\"OK\"]"}
COMMAND: POST /session/be4790d44c8003a2500b5a2ec9bf0748/elements - {"using":"xpath","value":"//bdi[text()=\"OK\"]"}
RESULT: {"using":"xpath","value":"//bdi[text()=\"OK\"]"}
COMMAND: POST /session/be4790d44c8003a2500b5a2ec9bf0748/elements - {"using":"xpath","value":"//bdi[text()=\"OK\"]"}
RESULT: {"using":"xpath","value":"//bdi[text()=\"OK\"]"}
COMMAND: POST /session/be4790d44c8003a2500b5a2ec9bf0748/elements - {"using":"xpath","value":"//bdi[text()=\"OK\"]"}
RESULT: {"using":"xpath","value":"//bdi[text()=\"OK\"]"}
COMMAND: POST /session/be4790d44c8003a2500b5a2ec9bf0748/elements - {"using":"xpath","value":"//bdi[text()=\"OK\"]"}
RESULT: {"using":"xpath","value":"//bdi[text()=\"OK\"]"}
COMMAND: POST /session/be4790d44c8003a2500b5a2ec9bf0748/elements - {"using":"xpath","value":"//bdi[text()=\"OK\"]"}
RESULT: {"using":"xpath","value":"//bdi[text()=\"OK\"]"}
COMMAND: POST /session/be4790d44c8003a2500b5a2ec9bf0748/elements - {"using":"xpath","value":"//bdi[text()=\"OK\"]"}
RESULT: {"using":"xpath","value":"//bdi[text()=\"OK\"]"}
COMMAND: POST /session/be4790d44c8003a2500b5a2ec9bf0748/elements - {"using":"xpath","value":"//bdi[text()=\"OK\"]"}
RESULT: {"using":"xpath","value":"//bdi[text()=\"OK\"]"}
COMMAND: POST /session/be4790d44c8003a2500b5a2ec9bf0748/elements - {"using":"xpath","value":"//bdi[text()=\"OK\"]"}
RESULT: {"using":"xpath","value":"//bdi[text()=\"OK\"]"}
COMMAND: POST /session/be4790d44c8003a2500b5a2ec9bf0748/elements - {"using":"xpath","value":"//bdi[text()=\"OK\"]"}
RESULT: {"using":"xpath","value":"//bdi[text()=\"OK\"]"}
COMMAND: POST /session/be4790d44c8003a2500b5a2ec9bf0748/elements - {"using":"xpath","value":"//bdi[text()=\"OK\"]"}
RESULT: {"using":"xpath","value":"//bdi[text()=\"OK\"]"}
COMMAND: POST /session/be4790d44c8003a2500b5a2ec9bf0748/elements - {"using":"xpath","value":"//bdi[text()=\"OK\"]"}
RESULT: {"using":"xpath","value":"//bdi[text()=\"OK\"]"}
COMMAND: POST /session/be4790d44c8003a2500b5a2ec9bf0748/elements - {"using":"xpath","value":"//bdi[text()=\"OK\"]"}
RESULT: {"using":"xpath","value":"//bdi[text()=\"OK\"]"}
COMMAND: POST /session/be4790d44c8003a2500b5a2ec9bf0748/elements - {"using":"xpath","value":"//bdi[text()=\"OK\"]"}
RESULT: {"using":"xpath","value":"//bdi[text()=\"OK\"]"}
COMMAND: POST /session/be4790d44c8003a2500b5a2ec9bf0748/elements - {"using":"xpath","value":"//bdi[text()=\"OK\"]"}
RESULT: {"using":"xpath","value":"//bdi[text()=\"OK\"]"}
COMMAND: POST /session/be4790d44c8003a2500b5a2ec9bf0748/elements - {"using":"xpath","value":"//bdi[text()=\"OK\"]"}
RESULT: {"using":"xpath","value":"//bdi[text()=\"OK\"]"}
COMMAND: POST /session/be4790d44c8003a2500b5a2ec9bf0748/elements - {"using":"xpath","value":"//bdi[text()=\"OK\"]"}
RESULT: {"using":"xpath","value":"//bdi[text()=\"OK\"]"}
COMMAND: POST /session/be4790d44c8003a2500b5a2ec9bf0748/elements - {"using":"xpath","value":"//bdi[text()=\"OK\"]"}
RESULT: {"using":"xpath","value":"//bdi[text()=\"OK\"]"}
COMMAND: POST /session/be4790d44c8003a2500b5a2ec9bf0748/elements - {"using":"xpath","value":"//bdi[text()=\"OK\"]"}
RESULT: {"using":"xpath","value":"//bdi[text()=\"OK\"]"}
COMMAND: POST /session/be4790d44c8003a2500b5a2ec9bf0748/elements - {"using":"xpath","value":"//bdi[text()=\"OK\"]"}
RESULT: {"using":"xpath","value":"//bdi[text()=\"OK\"]"}
COMMAND: POST /session/be4790d44c8003a2500b5a2ec9bf0748/elements - {"using":"xpath","value":"//bdi[text()=\"OK\"]"}
RESULT: {"using":"xpath","value":"//bdi[text()=\"OK\"]"}
COMMAND: POST /session/be4790d44c8003a2500b5a2ec9bf0748/elements - {"using":"xpath","value":"//bdi[text()=\"OK\"]"}
RESULT: {"using":"xpath","value":"//bdi[text()=\"OK\"]"}
COMMAND: POST /session/be4790d44c8003a2500b5a2ec9bf0748/elements - {"using":"xpath","value":"//bdi[text()=\"OK\"]"}
RESULT: {"using":"xpath","value":"//bdi[text()=\"OK\"]"}
COMMAND: POST /session/be4790d44c8003a2500b5a2ec9bf0748/elements - {"using":"xpath","value":"//bdi[text()=\"OK\"]"}
RESULT: {"using":"xpath","value":"//bdi[text()=\"OK\"]"}
COMMAND: POST /session/be4790d44c8003a2500b5a2ec9bf0748/elements - {"using":"xpath","value":"//bdi[text()=\"OK\"]"}
RESULT: {"using":"xpath","value":"//bdi[text()=\"OK\"]"}
COMMAND: POST /session/be4790d44c8003a2500b5a2ec9bf0748/elements - {"using":"xpath","value":"//bdi[text()=\"OK\"]"}
RESULT: {"using":"xpath","value":"//bdi[text()=\"OK\"]"}
COMMAND: POST /session/be4790d44c8003a2500b5a2ec9bf0748/elements - {"using":"xpath","value":"//bdi[text()=\"OK\"]"}
RESULT: {"using":"xpath","value":"//bdi[text()=\"OK\"]"}
COMMAND: POST /session/be4790d44c8003a2500b5a2ec9bf0748/elements - {"using":"xpath","value":"//bdi[text()=\"OK\"]"}
RESULT: {"using":"xpath","value":"//bdi[text()=\"OK\"]"}
COMMAND: POST /session/be4790d44c8003a2500b5a2ec9bf0748/elements - {"using":"xpath","value":"//bdi[text()=\"OK\"]"}
RESULT: {"using":"xpath","value":"//bdi[text()=\"OK\"]"}
COMMAND: POST /session/be4790d44c8003a2500b5a2ec9bf0748/elements - {"using":"xpath","value":"//bdi[text()=\"OK\"]"}
RESULT: {"using":"xpath","value":"//bdi[text()=\"OK\"]"}
COMMAND: POST /session/be4790d44c8003a2500b5a2ec9bf0748/elements - {"using":"xpath","value":"//bdi[text()=\"OK\"]"}
RESULT: {"using":"xpath","value":"//bdi[text()=\"OK\"]"}
COMMAND: POST /session/be4790d44c8003a2500b5a2ec9bf0748/elements - {"using":"xpath","value":"//bdi[text()=\"OK\"]"}
RESULT: {"using":"xpath","value":"//bdi[text()=\"OK\"]"}
COMMAND: POST /session/be4790d44c8003a2500b5a2ec9bf0748/elements - {"using":"xpath","value":"//bdi[text()=\"OK\"]"}
RESULT: {"using":"xpath","value":"//bdi[text()=\"OK\"]"}
COMMAND: POST /session/be4790d44c8003a2500b5a2ec9bf0748/elements - {"using":"xpath","value":"//bdi[text()=\"OK\"]"}
RESULT: {"using":"xpath","value":"//bdi[text()=\"OK\"]"}
COMMAND: POST /session/be4790d44c8003a2500b5a2ec9bf0748/elements - {"using":"xpath","value":"//bdi[text()=\"OK\"]"}
RESULT: {"using":"xpath","value":"//bdi[text()=\"OK\"]"}
COMMAND: POST /session/be4790d44c8003a2500b5a2ec9bf0748/elements - {"using":"xpath","value":"//bdi[text()=\"OK\"]"}
RESULT: {"using":"xpath","value":"//bdi[text()=\"OK\"]"}
COMMAND: POST /session/be4790d44c8003a2500b5a2ec9bf0748/execute/async - {"script":"<script> [1562 bytes]","args":[{"selector":{"id":"application-manageresources-display-component---newResourceUnit--TYPE-arrow"},"wdio_ui5_key":"applicationmanageresources-display-component---newResourceUnit--TYPE-arrow"}]}
RESULT: {"script":"<script> [1562 bytes]","args":[{"selector":{"id":"application-manageresources-display-component---newResourceUnit--TYPE-arrow"},"wdio_ui5_key":"applicationmanageresources-display-component---newResourceUnit--TYPE-arrow"}]}
RESULT: undefined
COMMAND: POST /session/be4790d44c8003a2500b5a2ec9bf0748/element - {"using":"xpath","value":"//*[@id=\"application-manageresources-display-component---newResourceUnit--TYPE-arrow\"]"}
RESULT: {"using":"xpath","value":"//*[@id=\"application-manageresources-display-component---newResourceUnit--TYPE-arrow\"]"}
COMMAND: POST /session/be4790d44c8003a2500b5a2ec9bf0748/element/f.CB17890886CEBDD3BAA48AB18EF5A7DB.d.AA53FDD920AFC869C941096CB0570E14.e.7418/click - {}
RESULT: {}
COMMAND: POST /session/be4790d44c8003a2500b5a2ec9bf0748/execute/async - {"script":"<script> [1562 bytes]","args":[{"selector":{"controlType":"sap.m.StandardListItem","viewName":"reusables.view.manageresources.NewResourceUnit","viewId":"application-manageresources-display-component---newResourceUnit","properties":{"title":"Equipment"},"searchOpenDialogs":true,"interaction":{"idSuffix":"content"}},"wdio_ui5_key":"reusablesview.manageresources.NewResourceUnitsap.m.StandardListItem{\"title\":\"Equipment\"}"}]}
COMMAND: GET /session/be4790d44c8003a2500b5a2ec9bf0748/screenshot - {}
RESULT: {"script":"<script> [1562 bytes]","args":[{"selector":{"controlType":"sap.m.StandardListItem","viewName":"reusables.view.manageresources.NewResourceUnit","viewId":"application-manageresources-display-component---newResourceUnit","properties":{"title":"Equipment"},"searchOpenDialogs":true,"interaction":{"idSuffix":"content"}},"wdio_ui5_key":"reusablesview.manageresources.NewResourceUnitsap.m.StandardListItem{\"title\":\"Equipment\"}"}]}
RESULT: undefined
COMMAND: POST /session/be4790d44c8003a2500b5a2ec9bf0748/element - {"using":"xpath","value":"//*[@id=\"__item139\"]"}
RESULT: {}
RESULT: {"using":"xpath","value":"//*[@id=\"__item139\"]"}
COMMAND: POST /session/be4790d44c8003a2500b5a2ec9bf0748/element/f.CB17890886CEBDD3BAA48AB18EF5A7DB.d.AA53FDD920AFC869C941096CB0570E14.e.7421/click - {}
RESULT: {}
COMMAND: POST /session/be4790d44c8003a2500b5a2ec9bf0748/execute/async - {"script":"<script> [1562 bytes]","args":[{"selector":{"id":"application-manageresources-display-component---newResourceUnit--resourceId","interaction":{"idSuffix":"inner"}},"wdio_ui5_key":"applicationmanageresources-display-component---newResourceUnit--resourceId"}]}
COMMAND: GET /session/be4790d44c8003a2500b5a2ec9bf0748/screenshot - {}
RESULT: {"script":"<script> [1562 bytes]","args":[{"selector":{"id":"application-manageresources-display-component---newResourceUnit--resourceId","interaction":{"idSuffix":"inner"}},"wdio_ui5_key":"applicationmanageresources-display-component---newResourceUnit--resourceId"}]}
RESULT: undefined
COMMAND: POST /session/be4790d44c8003a2500b5a2ec9bf0748/execute/async - {"script":"<script> [776 bytes]","args":[{"enterText":"EquipmentCounter y4ivph","selector":{"id":"application-manageresources-display-component---newResourceUnit--resourceId","interaction":{"idSuffix":"inner"}},"clearTextFirst":true,"interactionType":"ENTER_TEXT"}]}
RESULT: {}
RESULT: {"script":"<script> [776 bytes]","args":[{"enterText":"EquipmentCounter y4ivph","selector":{"id":"application-manageresources-display-component---newResourceUnit--resourceId","interaction":{"idSuffix":"inner"}},"clearTextFirst":true,"interactionType":"ENTER_TEXT"}]}
COMMAND: POST /session/be4790d44c8003a2500b5a2ec9bf0748/execute/async - {"script":"<script> [1562 bytes]","args":[{"selector":{"id":"application-manageresources-display-component---newResourceUnit--SHORT_TEXT","interaction":{"idSuffix":"inner"}},"wdio_ui5_key":"applicationmanageresources-display-component---newResourceUnit--SHORT_TEXT"}]}
RESULT: {"script":"<script> [1562 bytes]","args":[{"selector":{"id":"application-manageresources-display-component---newResourceUnit--SHORT_TEXT","interaction":{"idSuffix":"inner"}},"wdio_ui5_key":"applicationmanageresources-display-component---newResourceUnit--SHORT_TEXT"}]}
RESULT: undefined
COMMAND: POST /session/be4790d44c8003a2500b5a2ec9bf0748/execute/async - {"script":"<script> [776 bytes]","args":[{"enterText":"EquipmentCounter y4ivph","selector":{"id":"application-manageresources-display-component---newResourceUnit--SHORT_TEXT","interaction":{"idSuffix":"inner"}},"clearTextFirst":true,"interactionType":"ENTER_TEXT"}]}
RESULT: {"script":"<script> [776 bytes]","args":[{"enterText":"EquipmentCounter y4ivph","selector":{"id":"application-manageresources-display-component---newResourceUnit--SHORT_TEXT","interaction":{"idSuffix":"inner"}},"clearTextFirst":true,"interactionType":"ENTER_TEXT"}]}
COMMAND: POST /session/be4790d44c8003a2500b5a2ec9bf0748/execute/async - {"script":"<script> [1562 bytes]","args":[{"selector":{"id":"application-manageresources-display-component---newResourceUnit--BASE_UNIT_OF_MEASURE","interaction":{"idSuffix":"inner"}},"wdio_ui5_key":"applicationmanageresources-display-component---newResourceUnit--BASE_UNIT_OF_MEASURE"}]}
RESULT: {"script":"<script> [1562 bytes]","args":[{"selector":{"id":"application-manageresources-display-component---newResourceUnit--BASE_UNIT_OF_MEASURE","interaction":{"idSuffix":"inner"}},"wdio_ui5_key":"applicationmanageresources-display-component---newResourceUnit--BASE_UNIT_OF_MEASURE"}]}
RESULT: undefined
COMMAND: POST /session/be4790d44c8003a2500b5a2ec9bf0748/execute/async - {"script":"<script> [776 bytes]","args":[{"enterText":"Piece","selector":{"id":"application-manageresources-display-component---newResourceUnit--BASE_UNIT_OF_MEASURE","interaction":{"idSuffix":"inner"}},"clearTextFirst":true,"interactionType":"ENTER_TEXT"}]}
RESULT: {"script":"<script> [776 bytes]","args":[{"enterText":"Piece","selector":{"id":"application-manageresources-display-component---newResourceUnit--BASE_UNIT_OF_MEASURE","interaction":{"idSuffix":"inner"}},"clearTextFirst":true,"interactionType":"ENTER_TEXT"}]}
COMMAND: POST /session/be4790d44c8003a2500b5a2ec9bf0748/execute/async - {"script":"<script> [1562 bytes]","args":[{"selector":{"id":"application-manageresources-display-component---newResourceUnit--WEIGHT_UNIT","interaction":{"idSuffix":"inner"}},"wdio_ui5_key":"applicationmanageresources-display-component---newResourceUnit--WEIGHT_UNIT"}]}
RESULT: {"script":"<script> [1562 bytes]","args":[{"selector":{"id":"application-manageresources-display-component---newResourceUnit--WEIGHT_UNIT","interaction":{"idSuffix":"inner"}},"wdio_ui5_key":"applicationmanageresources-display-component---newResourceUnit--WEIGHT_UNIT"}]}
RESULT: undefined
COMMAND: POST /session/be4790d44c8003a2500b5a2ec9bf0748/execute/async - {"script":"<script> [776 bytes]","args":[{"enterText":"Gram","selector":{"id":"application-manageresources-display-component---newResourceUnit--WEIGHT_UNIT","interaction":{"idSuffix":"inner"}},"clearTextFirst":true,"interactionType":"ENTER_TEXT"}]}
RESULT: {"script":"<script> [776 bytes]","args":[{"enterText":"Gram","selector":{"id":"application-manageresources-display-component---newResourceUnit--WEIGHT_UNIT","interaction":{"idSuffix":"inner"}},"clearTextFirst":true,"interactionType":"ENTER_TEXT"}]}
COMMAND: POST /session/be4790d44c8003a2500b5a2ec9bf0748/execute/async - {"script":"<script> [1562 bytes]","args":[{"selector":{"id":"application-manageresources-display-component---newResourceUnit--newRRUPage-OPHeaderContent-collapseBtn-img"},"wdio_ui5_key":"applicationmanageresources-display-component---newResourceUnit--newRRUPage-OPHeaderContent-collapseBtn-img"}]}
RESULT: {"script":"<script> [1562 bytes]","args":[{"selector":{"id":"application-manageresources-display-component---newResourceUnit--newRRUPage-OPHeaderContent-collapseBtn-img"},"wdio_ui5_key":"applicationmanageresources-display-component---newResourceUnit--newRRUPage-OPHeaderContent-collapseBtn-img"}]}
RESULT: undefined
COMMAND: POST /session/be4790d44c8003a2500b5a2ec9bf0748/element - {"using":"xpath","value":"//*[@id=\"application-manageresources-display-component---newResourceUnit--newRRUPage-OPHeaderContent-collapseBtn-img\"]"}
RESULT: {"using":"xpath","value":"//*[@id=\"application-manageresources-display-component---newResourceUnit--newRRUPage-OPHeaderContent-collapseBtn-img\"]"}
COMMAND: POST /session/be4790d44c8003a2500b5a2ec9bf0748/element/f.CB17890886CEBDD3BAA48AB18EF5A7DB.d.AA53FDD920AFC869C941096CB0570E14.e.7429/click - {}
RESULT: {}
COMMAND: GET /session/be4790d44c8003a2500b5a2ec9bf0748/screenshot - {}
RESULT: {}
COMMAND: POST /session/be4790d44c8003a2500b5a2ec9bf0748/element - {"using":"xpath","value":"(//span[contains(@id ,\"application-manageresources-display-component---newResourceUnit--DIMENSION_UNIT-arrow\")])[1]"}
RESULT: {"using":"xpath","value":"(//span[contains(@id ,\"application-manageresources-display-component---newResourceUnit--DIMENSION_UNIT-arrow\")])[1]"}
COMMAND: POST /session/be4790d44c8003a2500b5a2ec9bf0748/element/f.CB17890886CEBDD3BAA48AB18EF5A7DB.d.AA53FDD920AFC869C941096CB0570E14.e.7554/click - {}
RESULT: {}
COMMAND: GET /session/be4790d44c8003a2500b5a2ec9bf0748/screenshot - {}
RESULT: {}
COMMAND: POST /session/be4790d44c8003a2500b5a2ec9bf0748/execute/async - {"script":"<script> [1562 bytes]","args":[{"selector":{"controlType":"sap.m.StandardListItem","viewName":"reusables.view.manageresources.NewResourceUnit","viewId":"application-manageresources-display-component---newResourceUnit","properties":{"title":"Centimeter"},"searchOpenDialogs":true,"interaction":{"idSuffix":"titleText"}},"wdio_ui5_key":"reusablesview.manageresources.NewResourceUnitsap.m.StandardListItem{\"title\":\"Centimeter\"}"}]}
RESULT: {"script":"<script> [1562 bytes]","args":[{"selector":{"controlType":"sap.m.StandardListItem","viewName":"reusables.view.manageresources.NewResourceUnit","viewId":"application-manageresources-display-component---newResourceUnit","properties":{"title":"Centimeter"},"searchOpenDialogs":true,"interaction":{"idSuffix":"titleText"}},"wdio_ui5_key":"reusablesview.manageresources.NewResourceUnitsap.m.StandardListItem{\"title\":\"Centimeter\"}"}]}
RESULT: undefined
COMMAND: POST /session/be4790d44c8003a2500b5a2ec9bf0748/element - {"using":"xpath","value":"//*[@id=\"__item182\"]"}
RESULT: {"using":"xpath","value":"//*[@id=\"__item182\"]"}
COMMAND: POST /session/be4790d44c8003a2500b5a2ec9bf0748/element/f.CB17890886CEBDD3BAA48AB18EF5A7DB.d.AA53FDD920AFC869C941096CB0570E14.e.7556/click - {}
RESULT: {}
COMMAND: GET /session/be4790d44c8003a2500b5a2ec9bf0748/screenshot - {}
RESULT: {}
COMMAND: POST /session/be4790d44c8003a2500b5a2ec9bf0748/execute/async - {"script":"<script> [1562 bytes]","args":[{"selector":{"id":"application-manageresources-display-component---newResourceUnit--newRRUPage-anchBar-application-manageresources-display-component---newResourceUnit--control-anchor","interaction":{"idSuffix":"BDI-content"}},"wdio_ui5_key":"applicationmanageresources-display-component---newResourceUnit--newRRUPage-anchBar-application-manageresources-display-component---newResourceUnit--control-anchor"}]}
RESULT: {"script":"<script> [1562 bytes]","args":[{"selector":{"id":"application-manageresources-display-component---newResourceUnit--newRRUPage-anchBar-application-manageresources-display-component---newResourceUnit--control-anchor","interaction":{"idSuffix":"BDI-content"}},"wdio_ui5_key":"applicationmanageresources-display-component---newResourceUnit--newRRUPage-anchBar-application-manageresources-display-component---newResourceUnit--control-anchor"}]}
RESULT: undefined
COMMAND: POST /session/be4790d44c8003a2500b5a2ec9bf0748/element - {"using":"xpath","value":"//*[@id=\"application-manageresources-display-component---newResourceUnit--newRRUPage-anchBar-application-manageresources-display-component---newResourceUnit--control-anchor\"]"}
RESULT: {"using":"xpath","value":"//*[@id=\"application-manageresources-display-component---newResourceUnit--newRRUPage-anchBar-application-manageresources-display-component---newResourceUnit--control-anchor\"]"}
COMMAND: POST /session/be4790d44c8003a2500b5a2ec9bf0748/element/f.CB17890886CEBDD3BAA48AB18EF5A7DB.d.AA53FDD920AFC869C941096CB0570E14.e.7558/click - {}
RESULT: {}
COMMAND: POST /session/be4790d44c8003a2500b5a2ec9bf0748/execute/async - {"script":"<script> [1562 bytes]","args":[{"selector":{"id":"application-manageresources-display-component---newResourceUnit--PLANNING_GROUP","interaction":{"idSuffix":"inner"}},"wdio_ui5_key":"applicationmanageresources-display-component---newResourceUnit--PLANNING_GROUP"}]}
COMMAND: GET /session/be4790d44c8003a2500b5a2ec9bf0748/screenshot - {}
RESULT: {"script":"<script> [1562 bytes]","args":[{"selector":{"id":"application-manageresources-display-component---newResourceUnit--PLANNING_GROUP","interaction":{"idSuffix":"inner"}},"wdio_ui5_key":"applicationmanageresources-display-component---newResourceUnit--PLANNING_GROUP"}]}
RESULT: undefined
COMMAND: POST /session/be4790d44c8003a2500b5a2ec9bf0748/execute/async - {"script":"<script> [776 bytes]","args":[{"enterText":"Heavy Equi","selector":{"id":"application-manageresources-display-component---newResourceUnit--PLANNING_GROUP","interaction":{"idSuffix":"inner"}},"clearTextFirst":true,"interactionType":"ENTER_TEXT"}]}
RESULT: {}
RESULT: {"script":"<script> [776 bytes]","args":[{"enterText":"Heavy Equi","selector":{"id":"application-manageresources-display-component---newResourceUnit--PLANNING_GROUP","interaction":{"idSuffix":"inner"}},"clearTextFirst":true,"interactionType":"ENTER_TEXT"}]}
COMMAND: POST /session/be4790d44c8003a2500b5a2ec9bf0748/execute/async - {"script":"<script> [1562 bytes]","args":[{"selector":{"id":"application-manageresources-display-component---newResourceUnit--ITEM_TYPE-arrow"},"wdio_ui5_key":"applicationmanageresources-display-component---newResourceUnit--ITEM_TYPE-arrow"}]}
RESULT: {"script":"<script> [1562 bytes]","args":[{"selector":{"id":"application-manageresources-display-component---newResourceUnit--ITEM_TYPE-arrow"},"wdio_ui5_key":"applicationmanageresources-display-component---newResourceUnit--ITEM_TYPE-arrow"}]}
RESULT: undefined
COMMAND: POST /session/be4790d44c8003a2500b5a2ec9bf0748/element - {"using":"xpath","value":"//*[@id=\"application-manageresources-display-component---newResourceUnit--ITEM_TYPE-arrow\"]"}
RESULT: {"using":"xpath","value":"//*[@id=\"application-manageresources-display-component---newResourceUnit--ITEM_TYPE-arrow\"]"}
COMMAND: POST /session/be4790d44c8003a2500b5a2ec9bf0748/element/f.CB17890886CEBDD3BAA48AB18EF5A7DB.d.AA53FDD920AFC869C941096CB0570E14.e.7563/click - {}
RESULT: {}
COMMAND: POST /session/be4790d44c8003a2500b5a2ec9bf0748/execute/async - {"script":"<script> [1562 bytes]","args":[{"selector":{"controlType":"sap.m.StandardListItem","viewName":"reusables.view.manageresources.NewResourceUnit","viewId":"application-manageresources-display-component---newResourceUnit","properties":{"title":"Resource Unit"},"searchOpenDialogs":true,"interaction":{"idSuffix":"titleText"}},"wdio_ui5_key":"reusablesview.manageresources.NewResourceUnitsap.m.StandardListItem{\"title\":\"Resource Unit\"}"}]}
COMMAND: GET /session/be4790d44c8003a2500b5a2ec9bf0748/screenshot - {}
RESULT: {"script":"<script> [1562 bytes]","args":[{"selector":{"controlType":"sap.m.StandardListItem","viewName":"reusables.view.manageresources.NewResourceUnit","viewId":"application-manageresources-display-component---newResourceUnit","properties":{"title":"Resource Unit"},"searchOpenDialogs":true,"interaction":{"idSuffix":"titleText"}},"wdio_ui5_key":"reusablesview.manageresources.NewResourceUnitsap.m.StandardListItem{\"title\":\"Resource Unit\"}"}]}
RESULT: undefined
COMMAND: POST /session/be4790d44c8003a2500b5a2ec9bf0748/element - {"using":"xpath","value":"//*[@id=\"__item204\"]"}
RESULT: {}
RESULT: {"using":"xpath","value":"//*[@id=\"__item204\"]"}
COMMAND: POST /session/be4790d44c8003a2500b5a2ec9bf0748/element/f.CB17890886CEBDD3BAA48AB18EF5A7DB.d.AA53FDD920AFC869C941096CB0570E14.e.7565/click - {}
RESULT: {}
COMMAND: POST /session/be4790d44c8003a2500b5a2ec9bf0748/element - {"using":"xpath","value":"//bdi[contains(text(), \"Time Segment\")]"}
COMMAND: GET /session/be4790d44c8003a2500b5a2ec9bf0748/screenshot - {}
RESULT: {"using":"xpath","value":"//bdi[contains(text(), \"Time Segment\")]"}
COMMAND: GET /session/be4790d44c8003a2500b5a2ec9bf0748/element/f.CB17890886CEBDD3BAA48AB18EF5A7DB.d.AA53FDD920AFC869C941096CB0570E14.e.7566/rect - {}
RESULT: {}
RESULT: {}
COMMAND: GET /session/be4790d44c8003a2500b5a2ec9bf0748/window/rect - {}
RESULT: {}
COMMAND: POST /session/be4790d44c8003a2500b5a2ec9bf0748/execute/sync - {"script":"<script> [92 bytes]","args":[]}
RESULT: {"script":"<script> [92 bytes]","args":[]}
COMMAND: POST /session/be4790d44c8003a2500b5a2ec9bf0748/actions - {"actions":[{"id":"action21","type":"wheel","parameters":{},"actions":[{"type":"scroll","x":-1820,"y":-21,"deltaX":0,"deltaY":0,"duration":0,"origin":{"element-6066-11e4-a52e-4f735466cecf":"f.CB17890886CEBDD3BAA48AB18EF5A7DB.d.AA53FDD920AFC869C941096CB0570E14.e.7566"}}]}]}
COMMAND: GET /session/be4790d44c8003a2500b5a2ec9bf0748/screenshot - {}
RESULT: {}
COMMAND: POST /session/be4790d44c8003a2500b5a2ec9bf0748/execute/sync - {"script":"<script> [79 bytes]","args":[{"element-6066-11e4-a52e-4f735466cecf":"f.CB17890886CEBDD3BAA48AB18EF5A7DB.d.AA53FDD920AFC869C941096CB0570E14.e.7566","ELEMENT":"f.CB17890886CEBDD3BAA48AB18EF5A7DB.d.AA53FDD920AFC869C941096CB0570E14.e.7566"},{"block":"start","inline":"nearest"}]}
RESULT: {"script":"<script> [79 bytes]","args":[{"element-6066-11e4-a52e-4f735466cecf":"f.CB17890886CEBDD3BAA48AB18EF5A7DB.d.AA53FDD920AFC869C941096CB0570E14.e.7566","ELEMENT":"f.CB17890886CEBDD3BAA48AB18EF5A7DB.d.AA53FDD920AFC869C941096CB0570E14.e.7566"},{"block":"start","inline":"nearest"}]}
COMMAND: POST /session/be4790d44c8003a2500b5a2ec9bf0748/execute/async - {"script":"<script> [1562 bytes]","args":[{"selector":{"id":"application-manageresources-display-component---newResourceUnit--btnAddTimeSegment-img"},"wdio_ui5_key":"applicationmanageresources-display-component---newResourceUnit--btnAddTimeSegment-img"}]}
COMMAND: GET /session/be4790d44c8003a2500b5a2ec9bf0748/screenshot - {}
RESULT: {"script":"<script> [1562 bytes]","args":[{"selector":{"id":"application-manageresources-display-component---newResourceUnit--btnAddTimeSegment-img"},"wdio_ui5_key":"applicationmanageresources-display-component---newResourceUnit--btnAddTimeSegment-img"}]}
RESULT: undefined
COMMAND: POST /session/be4790d44c8003a2500b5a2ec9bf0748/element - {"using":"xpath","value":"//*[@id=\"application-manageresources-display-component---newResourceUnit--btnAddTimeSegment-img\"]"}
RESULT: {}
RESULT: {"using":"xpath","value":"//*[@id=\"application-manageresources-display-component---newResourceUnit--btnAddTimeSegment-img\"]"}
COMMAND: POST /session/be4790d44c8003a2500b5a2ec9bf0748/element/f.CB17890886CEBDD3BAA48AB18EF5A7DB.d.AA53FDD920AFC869C941096CB0570E14.e.7569/click - {}
RESULT: {}
COMMAND: POST /session/be4790d44c8003a2500b5a2ec9bf0748/element - {"using":"xpath","value":"//input[@id=\"application-manageresources-display-component---newResourceUnit--idRuTSAdmin-application-manageresources-display-component---newResourceUnit--RUTimeSegment-0-inner\"]"}
COMMAND: GET /session/be4790d44c8003a2500b5a2ec9bf0748/screenshot - {}
RESULT: {"using":"xpath","value":"//input[@id=\"application-manageresources-display-component---newResourceUnit--idRuTSAdmin-application-manageresources-display-component---newResourceUnit--RUTimeSegment-0-inner\"]"}
COMMAND: POST /session/be4790d44c8003a2500b5a2ec9bf0748/element/f.CB17890886CEBDD3BAA48AB18EF5A7DB.d.AA53FDD920AFC869C941096CB0570E14.e.7573/clear - {}
RESULT: {}
RESULT: {}
COMMAND: POST /session/be4790d44c8003a2500b5a2ec9bf0748/element/f.CB17890886CEBDD3BAA48AB18EF5A7DB.d.AA53FDD920AFC869C941096CB0570E14.e.7573/value - {"text":"Webdriver Yard"}
COMMAND: GET /session/be4790d44c8003a2500b5a2ec9bf0748/screenshot - {}
RESULT: {"text":"Webdriver Yard"}
COMMAND: GET /session/be4790d44c8003a2500b5a2ec9bf0748/screenshot - {}
RESULT: {}
RESULT: {}
COMMAND: POST /session/be4790d44c8003a2500b5a2ec9bf0748/actions - {"actions":[{"id":"action22","type":"key","parameters":{},"actions":[{"type":"keyDown","value":"î€‡"},{"type":"pause","duration":10},{"type":"keyUp","value":"î€‡"}]}]}
RESULT: {"actions":[{"id":"action22","type":"key","parameters":{},"actions":[{"type":"keyDown","value":"î€‡"},{"type":"pause","duration":10},{"type":"keyUp","value":"î€‡"}]}]}
COMMAND: POST /session/be4790d44c8003a2500b5a2ec9bf0748/execute/async - {"script":"<script> [1562 bytes]","args":[{"selector":{"controlType":"sap.ui.core.Icon","viewName":"reusables.view.manageresources.NewResourceUnit","viewId":"application-manageresources-display-component---newResourceUnit","properties":{"src":{"regex":{"source":"slim\\-arrow\\-down"}}},"ancestor":{"controlType":"sap.m.ComboBox","viewName":"reusables.view.manageresources.NewResourceUnit","viewId":"application-manageresources-display-component---newResourceUnit","bindingPath":{"path":"/RESOURCE_UNIT_TIME_SEQUENCES/0","propertyPath":"COST_OBJECT_ADMIN_CST_TYPE","modelName":"oNewRruModel"}}},"wdio_ui5_key":"reusablesview.manageresources.NewResourceUnitsap.ui.core.Icon{\"src\":{\"regex\":{\"source\":\"slim\\\\-arrow\\\\-down\"}}}{\"controlType\":\"sap.m.ComboBox\",\"viewName\":\"reusables.view.manageresources.NewResourceUnit\",\"viewId\":\"application-manageresources-display-component---newResourceUnit\",\"bindingPath\":{\"path\":\"/RESOURCE_UNIT_TIME_SEQUENCES/0\",\"propertyPath\":\"COST_OBJECT_ADMIN_CST_TYPE\",\"modelName\":\"oNewRruModel\"}}"}]}
COMMAND: GET /session/be4790d44c8003a2500b5a2ec9bf0748/screenshot - {}
RESULT: {"script":"<script> [1562 bytes]","args":[{"selector":{"controlType":"sap.ui.core.Icon","viewName":"reusables.view.manageresources.NewResourceUnit","viewId":"application-manageresources-display-component---newResourceUnit","properties":{"src":{"regex":{"source":"slim\\-arrow\\-down"}}},"ancestor":{"controlType":"sap.m.ComboBox","viewName":"reusables.view.manageresources.NewResourceUnit","viewId":"application-manageresources-display-component---newResourceUnit","bindingPath":{"path":"/RESOURCE_UNIT_TIME_SEQUENCES/0","propertyPath":"COST_OBJECT_ADMIN_CST_TYPE","modelName":"oNewRruModel"}}},"wdio_ui5_key":"reusablesview.manageresources.NewResourceUnitsap.ui.core.Icon{\"src\":{\"regex\":{\"source\":\"slim\\\\-arrow\\\\-down\"}}}{\"controlType\":\"sap.m.ComboBox\",\"viewName\":\"reusables.view.manageresources.NewResourceUnit\",\"viewId\":\"application-manageresources-display-component---newResourceUnit\",\"bindingPath\":{\"path\":\"/RESOURCE_UNIT_TIME_SEQUENCES/0\",\"propertyPath\":\"COST_OBJECT_ADMIN_CST_TYPE\",\"modelName\":\"oNewRruModel\"}}"}]}
RESULT: undefined
COMMAND: POST /session/be4790d44c8003a2500b5a2ec9bf0748/element - {"using":"xpath","value":"//*[@id=\"__box4-application-manageresources-display-component---newResourceUnit--RUTimeSegment-0-arrow\"]"}
RESULT: {}
RESULT: {"using":"xpath","value":"//*[@id=\"__box4-application-manageresources-display-component---newResourceUnit--RUTimeSegment-0-arrow\"]"}
COMMAND: POST /session/be4790d44c8003a2500b5a2ec9bf0748/element/f.CB17890886CEBDD3BAA48AB18EF5A7DB.d.AA53FDD920AFC869C941096CB0570E14.e.7586/click - {}
RESULT: {}
COMMAND: POST /session/be4790d44c8003a2500b5a2ec9bf0748/execute/async - {"script":"<script> [1562 bytes]","args":[{"selector":{"controlType":"sap.m.StandardListItem","viewName":"reusables.view.manageresources.NewResourceUnit","viewId":"application-manageresources-display-component---newResourceUnit","properties":{"title":"PM Order"},"searchOpenDialogs":true,"interaction":{"idSuffix":"titleText"}},"wdio_ui5_key":"reusablesview.manageresources.NewResourceUnitsap.m.StandardListItem{\"title\":\"PM Order\"}"}]}
COMMAND: GET /session/be4790d44c8003a2500b5a2ec9bf0748/screenshot - {}
RESULT: {"script":"<script> [1562 bytes]","args":[{"selector":{"controlType":"sap.m.StandardListItem","viewName":"reusables.view.manageresources.NewResourceUnit","viewId":"application-manageresources-display-component---newResourceUnit","properties":{"title":"PM Order"},"searchOpenDialogs":true,"interaction":{"idSuffix":"titleText"}},"wdio_ui5_key":"reusablesview.manageresources.NewResourceUnitsap.m.StandardListItem{\"title\":\"PM Order\"}"}]}
RESULT: undefined
COMMAND: POST /session/be4790d44c8003a2500b5a2ec9bf0748/element - {"using":"xpath","value":"//*[@id=\"__item680\"]"}
RESULT: {}
RESULT: {"using":"xpath","value":"//*[@id=\"__item680\"]"}
COMMAND: POST /session/be4790d44c8003a2500b5a2ec9bf0748/element/f.CB17890886CEBDD3BAA48AB18EF5A7DB.d.AA53FDD920AFC869C941096CB0570E14.e.7590/click - {}
RESULT: {}
COMMAND: GET /session/be4790d44c8003a2500b5a2ec9bf0748/screenshot - {}
RESULT: {}
COMMAND: POST /session/be4790d44c8003a2500b5a2ec9bf0748/element - {"using":"xpath","value":"(//input[contains(@id ,\"-application-manageresources-display-component---newResourceUnit--RUTimeSegment-0-inner\")])[8]"}
RESULT: {"using":"xpath","value":"(//input[contains(@id ,\"-application-manageresources-display-component---newResourceUnit--RUTimeSegment-0-inner\")])[8]"}
COMMAND: POST /session/be4790d44c8003a2500b5a2ec9bf0748/element/f.CB17890886CEBDD3BAA48AB18EF5A7DB.d.AA53FDD920AFC869C941096CB0570E14.e.7593/clear - {}
RESULT: {}
COMMAND: POST /session/be4790d44c8003a2500b5a2ec9bf0748/element/f.CB17890886CEBDD3BAA48AB18EF5A7DB.d.AA53FDD920AFC869C941096CB0570E14.e.7593/value - {"text":"4000360"}
COMMAND: GET /session/be4790d44c8003a2500b5a2ec9bf0748/screenshot - {}
RESULT: {"text":"4000360"}
RESULT: {}
COMMAND: GET /session/be4790d44c8003a2500b5a2ec9bf0748/screenshot - {}
RESULT: {}
COMMAND: POST /session/be4790d44c8003a2500b5a2ec9bf0748/actions - {"actions":[{"id":"action23","type":"key","parameters":{},"actions":[{"type":"keyDown","value":"î€‡"},{"type":"pause","duration":10},{"type":"keyUp","value":"î€‡"}]}]}
RESULT: {"actions":[{"id":"action23","type":"key","parameters":{},"actions":[{"type":"keyDown","value":"î€‡"},{"type":"pause","duration":10},{"type":"keyUp","value":"î€‡"}]}]}
COMMAND: GET /session/be4790d44c8003a2500b5a2ec9bf0748/screenshot - {}
RESULT: {}
COMMAND: POST /session/be4790d44c8003a2500b5a2ec9bf0748/execute/async - {"script":"<script> [1562 bytes]","args":[{"selector":{"id":"application-manageresources-display-component---newResourceUnit--newTimeSegmentDateRangePicker-application-manageresources-display-component---newResourceUnit--RUTimeSegment-0","interaction":{"idSuffix":"inner"}},"wdio_ui5_key":"applicationmanageresources-display-component---newResourceUnit--newTimeSegmentDateRangePicker-application-manageresources-display-component---newResourceUnit--RUTimeSegment-0"}]}
RESULT: {"script":"<script> [1562 bytes]","args":[{"selector":{"id":"application-manageresources-display-component---newResourceUnit--newTimeSegmentDateRangePicker-application-manageresources-display-component---newResourceUnit--RUTimeSegment-0","interaction":{"idSuffix":"inner"}},"wdio_ui5_key":"applicationmanageresources-display-component---newResourceUnit--newTimeSegmentDateRangePicker-application-manageresources-display-component---newResourceUnit--RUTimeSegment-0"}]}
RESULT: undefined
COMMAND: POST /session/be4790d44c8003a2500b5a2ec9bf0748/execute/async - {"script":"<script> [1562 bytes]","args":[{"selector":{"id":"application-manageresources-display-component---newResourceUnit--newRRUPage-anchBar-application-manageresources-display-component---newResourceUnit--resource-anchor","interaction":{"idSuffix":"BDI-content"}},"wdio_ui5_key":"applicationmanageresources-display-component---newResourceUnit--newRRUPage-anchBar-application-manageresources-display-component---newResourceUnit--resource-anchor"}]}
RESULT: {"script":"<script> [1562 bytes]","args":[{"selector":{"id":"application-manageresources-display-component---newResourceUnit--newRRUPage-anchBar-application-manageresources-display-component---newResourceUnit--resource-anchor","interaction":{"idSuffix":"BDI-content"}},"wdio_ui5_key":"applicationmanageresources-display-component---newResourceUnit--newRRUPage-anchBar-application-manageresources-display-component---newResourceUnit--resource-anchor"}]}
RESULT: undefined
COMMAND: POST /session/be4790d44c8003a2500b5a2ec9bf0748/element - {"using":"xpath","value":"//*[@id=\"application-manageresources-display-component---newResourceUnit--newRRUPage-anchBar-application-manageresources-display-component---newResourceUnit--resource-anchor\"]"}
RESULT: {"using":"xpath","value":"//*[@id=\"application-manageresources-display-component---newResourceUnit--newRRUPage-anchBar-application-manageresources-display-component---newResourceUnit--resource-anchor\"]"}
COMMAND: POST /session/be4790d44c8003a2500b5a2ec9bf0748/element/f.CB17890886CEBDD3BAA48AB18EF5A7DB.d.AA53FDD920AFC869C941096CB0570E14.e.7613/click - {}
RESULT: {}
COMMAND: POST /session/be4790d44c8003a2500b5a2ec9bf0748/execute/async - {"script":"<script> [1562 bytes]","args":[{"selector":{"id":"application-manageresources-display-component---newResourceUnit--PLANNED_DELIVERY_DATE","interaction":{"idSuffix":"inner"}},"wdio_ui5_key":"applicationmanageresources-display-component---newResourceUnit--PLANNED_DELIVERY_DATE"}]}
COMMAND: GET /session/be4790d44c8003a2500b5a2ec9bf0748/screenshot - {}
RESULT: {"script":"<script> [1562 bytes]","args":[{"selector":{"id":"application-manageresources-display-component---newResourceUnit--PLANNED_DELIVERY_DATE","interaction":{"idSuffix":"inner"}},"wdio_ui5_key":"applicationmanageresources-display-component---newResourceUnit--PLANNED_DELIVERY_DATE"}]}
RESULT: undefined
COMMAND: POST /session/be4790d44c8003a2500b5a2ec9bf0748/execute/async - {"script":"<script> [6424 bytes]","args":[{"element-6066-11e4-a52e-4f735466cecf":"f.CB17890886CEBDD3BAA48AB18EF5A7DB.d.AA53FDD920AFC869C941096CB0570E14.e.7475"},"setValue",["06/05/24"]]}
RESULT: {}
RESULT: {"script":"<script> [6424 bytes]","args":[{"element-6066-11e4-a52e-4f735466cecf":"f.CB17890886CEBDD3BAA48AB18EF5A7DB.d.AA53FDD920AFC869C941096CB0570E14.e.7475"},"setValue",["06/05/24"]]}
COMMAND: POST /session/be4790d44c8003a2500b5a2ec9bf0748/execute/async - {"script":"<script> [1562 bytes]","args":[{"selector":{"controlType":"sap.m.Button","viewName":"reusables.view.manageresources.NewResourceUnit","viewId":"application-manageresources-display-component---newResourceUnit","i18NText":{"propertyName":"tooltip","key":"save"},"interaction":{"idSuffix":"BDI-content"}},"wdio_ui5_key":"reusablesview.manageresources.NewResourceUnitsap.m.Button{\"propertyName\":\"tooltip\",\"key\":\"save\"}"}]}
RESULT: {"script":"<script> [1562 bytes]","args":[{"selector":{"controlType":"sap.m.Button","viewName":"reusables.view.manageresources.NewResourceUnit","viewId":"application-manageresources-display-component---newResourceUnit","i18NText":{"propertyName":"tooltip","key":"save"},"interaction":{"idSuffix":"BDI-content"}},"wdio_ui5_key":"reusablesview.manageresources.NewResourceUnitsap.m.Button{\"propertyName\":\"tooltip\",\"key\":\"save\"}"}]}
RESULT: undefined
COMMAND: POST /session/be4790d44c8003a2500b5a2ec9bf0748/element - {"using":"xpath","value":"//*[@id=\"application-manageresources-display-component---newResourceUnit--createRuButton\"]"}
RESULT: {"using":"xpath","value":"//*[@id=\"application-manageresources-display-component---newResourceUnit--createRuButton\"]"}
COMMAND: POST /session/be4790d44c8003a2500b5a2ec9bf0748/element/f.CB17890886CEBDD3BAA48AB18EF5A7DB.d.AA53FDD920AFC869C941096CB0570E14.e.7435/click - {}
RESULT: {}
COMMAND: GET /session/be4790d44c8003a2500b5a2ec9bf0748/screenshot - {}
RESULT: {}
COMMAND: POST /session/be4790d44c8003a2500b5a2ec9bf0748/execute/async - {"script":"<script> [1562 bytes]","args":[{"selector":{"controlType":"sap.m.Button","properties":{"text":"Close"},"searchOpenDialogs":true,"interaction":{"idSuffix":"inner"}},"wdio_ui5_key":"sapm.Button{\"text\":\"Close\"}"}]}
RESULT: {"script":"<script> [1562 bytes]","args":[{"selector":{"controlType":"sap.m.Button","properties":{"text":"Close"},"searchOpenDialogs":true,"interaction":{"idSuffix":"inner"}},"wdio_ui5_key":"sapm.Button{\"text\":\"Close\"}"}]}
RESULT: undefined
COMMAND: POST /session/be4790d44c8003a2500b5a2ec9bf0748/element - {"using":"xpath","value":"//*[@id=\"__mbox-btn-0\"]"}
RESULT: {"using":"xpath","value":"//*[@id=\"__mbox-btn-0\"]"}
COMMAND: POST /session/be4790d44c8003a2500b5a2ec9bf0748/element/f.CB17890886CEBDD3BAA48AB18EF5A7DB.d.AA53FDD920AFC869C941096CB0570E14.e.7619/click - {}
RESULT: {}
COMMAND: GET /session/be4790d44c8003a2500b5a2ec9bf0748/screenshot - {}
RESULT: {}
COMMAND: POST /session/be4790d44c8003a2500b5a2ec9bf0748/execute/async - {"script":"<script> [1562 bytes]","args":[{"selector":{"controlType":"sap.m.Text","viewName":"etm.portal.ui.manageresources.view.Detail","viewId":"application-manageresources-display-component---detailRU","bindingPath":{"propertyPath":"ID","modelName":"catalogModel"}},"wdio_ui5_key":"etmportal.ui.manageresources.view.Detailsap.m.Text{\"propertyPath\":\"ID\",\"modelName\":\"catalogModel\"}"}]}
RESULT: {"script":"<script> [1562 bytes]","args":[{"selector":{"controlType":"sap.m.Text","viewName":"etm.portal.ui.manageresources.view.Detail","viewId":"application-manageresources-display-component---detailRU","bindingPath":{"propertyPath":"ID","modelName":"catalogModel"}},"wdio_ui5_key":"etmportal.ui.manageresources.view.Detailsap.m.Text{\"propertyPath\":\"ID\",\"modelName\":\"catalogModel\"}"}]}
RESULT: undefined
COMMAND: POST /session/be4790d44c8003a2500b5a2ec9bf0748/execute/async - {"script":"<script> [6424 bytes]","args":[{"element-6066-11e4-a52e-4f735466cecf":"f.CB17890886CEBDD3BAA48AB18EF5A7DB.d.AA53FDD920AFC869C941096CB0570E14.e.7677"},"getText",[]]}
RESULT: {"script":"<script> [6424 bytes]","args":[{"element-6066-11e4-a52e-4f735466cecf":"f.CB17890886CEBDD3BAA48AB18EF5A7DB.d.AA53FDD920AFC869C941096CB0570E14.e.7677"},"getText",[]]}
COMMAND: POST /session/be4790d44c8003a2500b5a2ec9bf0748/element - {"using":"xpath","value":"//bdi[text()=\"Edit\"]"}
RESULT: {"using":"xpath","value":"//bdi[text()=\"Edit\"]"}
COMMAND: GET /session/be4790d44c8003a2500b5a2ec9bf0748/element/f.CB17890886CEBDD3BAA48AB18EF5A7DB.d.AA53FDD920AFC869C941096CB0570E14.e.7678/enabled - {}
RESULT: {}
COMMAND: POST /session/be4790d44c8003a2500b5a2ec9bf0748/execute/sync - {"script":"<script> [8489 bytes]","args":[{"element-6066-11e4-a52e-4f735466cecf":"f.CB17890886CEBDD3BAA48AB18EF5A7DB.d.AA53FDD920AFC869C941096CB0570E14.e.7678","ELEMENT":"f.CB17890886CEBDD3BAA48AB18EF5A7DB.d.AA53FDD920AFC869C941096CB0570E14.e.7678"}]}
COMMAND: GET /session/be4790d44c8003a2500b5a2ec9bf0748/screenshot - {}
RESULT: {"script":"<script> [8489 bytes]","args":[{"element-6066-11e4-a52e-4f735466cecf":"f.CB17890886CEBDD3BAA48AB18EF5A7DB.d.AA53FDD920AFC869C941096CB0570E14.e.7678","ELEMENT":"f.CB17890886CEBDD3BAA48AB18EF5A7DB.d.AA53FDD920AFC869C941096CB0570E14.e.7678"}]}
COMMAND: POST /session/be4790d44c8003a2500b5a2ec9bf0748/execute/sync - {"script":"<script> [5351 bytes]","args":[{"element-6066-11e4-a52e-4f735466cecf":"f.CB17890886CEBDD3BAA48AB18EF5A7DB.d.AA53FDD920AFC869C941096CB0570E14.e.7678","ELEMENT":"f.CB17890886CEBDD3BAA48AB18EF5A7DB.d.AA53FDD920AFC869C941096CB0570E14.e.7678"}]}
COMMAND: GET /session/be4790d44c8003a2500b5a2ec9bf0748/screenshot - {}
RESULT: {}
RESULT: {"script":"<script> [5351 bytes]","args":[{"element-6066-11e4-a52e-4f735466cecf":"f.CB17890886CEBDD3BAA48AB18EF5A7DB.d.AA53FDD920AFC869C941096CB0570E14.e.7678","ELEMENT":"f.CB17890886CEBDD3BAA48AB18EF5A7DB.d.AA53FDD920AFC869C941096CB0570E14.e.7678"}]}
COMMAND: POST /session/be4790d44c8003a2500b5a2ec9bf0748/element/f.CB17890886CEBDD3BAA48AB18EF5A7DB.d.AA53FDD920AFC869C941096CB0570E14.e.7678/click - {}
COMMAND: GET /session/be4790d44c8003a2500b5a2ec9bf0748/screenshot - {}
RESULT: {}
RESULT: {}
COMMAND: GET /session/be4790d44c8003a2500b5a2ec9bf0748/screenshot - {}
RESULT: {}
RESULT: {}
COMMAND: POST /session/be4790d44c8003a2500b5a2ec9bf0748/element - {"using":"xpath","value":"//bdi[@id=\"application-manageresources-display-component---editResource--editRruPage-anchBar-application-manageresources-display-component---editResource--counters-anchor-BDI-content\"]"}
RESULT: {"using":"xpath","value":"//bdi[@id=\"application-manageresources-display-component---editResource--editRruPage-anchBar-application-manageresources-display-component---editResource--counters-anchor-BDI-content\"]"}
COMMAND: POST /session/be4790d44c8003a2500b5a2ec9bf0748/execute/sync - {"script":"<script> [8489 bytes]","args":[{"element-6066-11e4-a52e-4f735466cecf":"f.CB17890886CEBDD3BAA48AB18EF5A7DB.d.AA53FDD920AFC869C941096CB0570E14.e.7779","ELEMENT":"f.CB17890886CEBDD3BAA48AB18EF5A7DB.d.AA53FDD920AFC869C941096CB0570E14.e.7779"}]}
RESULT: {"script":"<script> [8489 bytes]","args":[{"element-6066-11e4-a52e-4f735466cecf":"f.CB17890886CEBDD3BAA48AB18EF5A7DB.d.AA53FDD920AFC869C941096CB0570E14.e.7779","ELEMENT":"f.CB17890886CEBDD3BAA48AB18EF5A7DB.d.AA53FDD920AFC869C941096CB0570E14.e.7779"}]}
COMMAND: POST /session/be4790d44c8003a2500b5a2ec9bf0748/element/f.CB17890886CEBDD3BAA48AB18EF5A7DB.d.AA53FDD920AFC869C941096CB0570E14.e.7779/click - {}
COMMAND: GET /session/be4790d44c8003a2500b5a2ec9bf0748/screenshot - {}
RESULT: {}
COMMAND: GET /session/be4790d44c8003a2500b5a2ec9bf0748/screenshot - {}
RESULT: {}
RESULT: {}
COMMAND: POST /session/be4790d44c8003a2500b5a2ec9bf0748/execute/async - {"script":"<script> [1562 bytes]","args":[{"selector":{"id":"application-manageresources-display-component---editResource--btnAddCounter-img"},"wdio_ui5_key":"applicationmanageresources-display-component---editResource--btnAddCounter-img"}]}
RESULT: {"script":"<script> [1562 bytes]","args":[{"selector":{"id":"application-manageresources-display-component---editResource--btnAddCounter-img"},"wdio_ui5_key":"applicationmanageresources-display-component---editResource--btnAddCounter-img"}]}
RESULT: undefined
COMMAND: POST /session/be4790d44c8003a2500b5a2ec9bf0748/element - {"using":"xpath","value":"//*[@id=\"application-manageresources-display-component---editResource--btnAddCounter-img\"]"}
RESULT: {"using":"xpath","value":"//*[@id=\"application-manageresources-display-component---editResource--btnAddCounter-img\"]"}
COMMAND: POST /session/be4790d44c8003a2500b5a2ec9bf0748/element/f.CB17890886CEBDD3BAA48AB18EF5A7DB.d.AA53FDD920AFC869C941096CB0570E14.e.7825/click - {}
RESULT: {}
COMMAND: GET /session/be4790d44c8003a2500b5a2ec9bf0748/screenshot - {}
RESULT: {}
COMMAND: POST /session/be4790d44c8003a2500b5a2ec9bf0748/execute/async - {"script":"<script> [1562 bytes]","args":[{"selector":{"id":"application-manageresources-display-component---editResource--HAND_OVER_TYPE-application-manageresources-display-component---editResource--RUCounters-0","interaction":{"idSuffix":"CbBg"}},"wdio_ui5_key":"applicationmanageresources-display-component---editResource--HAND_OVER_TYPE-application-manageresources-display-component---editResource--RUCounters-0"}]}
RESULT: {"script":"<script> [1562 bytes]","args":[{"selector":{"id":"application-manageresources-display-component---editResource--HAND_OVER_TYPE-application-manageresources-display-component---editResource--RUCounters-0","interaction":{"idSuffix":"CbBg"}},"wdio_ui5_key":"applicationmanageresources-display-component---editResource--HAND_OVER_TYPE-application-manageresources-display-component---editResource--RUCounters-0"}]}
RESULT: undefined
COMMAND: POST /session/be4790d44c8003a2500b5a2ec9bf0748/element - {"using":"xpath","value":"//*[@id=\"application-manageresources-display-component---editResource--HAND_OVER_TYPE-application-manageresources-display-component---editResource--RUCounters-0\"]"}
RESULT: {"using":"xpath","value":"//*[@id=\"application-manageresources-display-component---editResource--HAND_OVER_TYPE-application-manageresources-display-component---editResource--RUCounters-0\"]"}
COMMAND: POST /session/be4790d44c8003a2500b5a2ec9bf0748/element/f.CB17890886CEBDD3BAA48AB18EF5A7DB.d.AA53FDD920AFC869C941096CB0570E14.e.7831/click - {}
RESULT: {}
COMMAND: POST /session/be4790d44c8003a2500b5a2ec9bf0748/execute/async - {"script":"<script> [1562 bytes]","args":[{"selector":{"controlType":"sap.m.Button","viewName":"etm.portal.ui.manageresources.view.EditResource","viewId":"application-manageresources-display-component---editResource","i18NText":{"propertyName":"text","key":"save"},"interaction":{"idSuffix":"BDI-content"}},"wdio_ui5_key":"etmportal.ui.manageresources.view.EditResourcesap.m.Button{\"propertyName\":\"text\",\"key\":\"save\"}"}]}
COMMAND: GET /session/be4790d44c8003a2500b5a2ec9bf0748/screenshot - {}
RESULT: {"script":"<script> [1562 bytes]","args":[{"selector":{"controlType":"sap.m.Button","viewName":"etm.portal.ui.manageresources.view.EditResource","viewId":"application-manageresources-display-component---editResource","i18NText":{"propertyName":"text","key":"save"},"interaction":{"idSuffix":"BDI-content"}},"wdio_ui5_key":"etmportal.ui.manageresources.view.EditResourcesap.m.Button{\"propertyName\":\"text\",\"key\":\"save\"}"}]}
RESULT: undefined
COMMAND: POST /session/be4790d44c8003a2500b5a2ec9bf0748/element - {"using":"xpath","value":"//*[@id=\"__button90\"]"}
RESULT: {}
RESULT: {"using":"xpath","value":"//*[@id=\"__button90\"]"}
COMMAND: POST /session/be4790d44c8003a2500b5a2ec9bf0748/element/f.CB17890886CEBDD3BAA48AB18EF5A7DB.d.AA53FDD920AFC869C941096CB0570E14.e.7833/click - {}
RESULT: {}
COMMAND: GET /session/be4790d44c8003a2500b5a2ec9bf0748/screenshot - {}
RESULT: {}
COMMAND: POST /session/be4790d44c8003a2500b5a2ec9bf0748/element - {"using":"css selector","value":"#shell-header-logo"}
RESULT: {"using":"css selector","value":"#shell-header-logo"}
COMMAND: POST /session/be4790d44c8003a2500b5a2ec9bf0748/elements - {"using":"css selector","value":"#shell-header-logo"}
RESULT: {"using":"css selector","value":"#shell-header-logo"}
COMMAND: POST /session/be4790d44c8003a2500b5a2ec9bf0748/execute/sync - {"script":"<script> [8489 bytes]","args":[{"element-6066-11e4-a52e-4f735466cecf":"f.CB17890886CEBDD3BAA48AB18EF5A7DB.d.AA53FDD920AFC869C941096CB0570E14.e.6942","ELEMENT":"f.CB17890886CEBDD3BAA48AB18EF5A7DB.d.AA53FDD920AFC869C941096CB0570E14.e.6942"}]}
RESULT: {"script":"<script> [8489 bytes]","args":[{"element-6066-11e4-a52e-4f735466cecf":"f.CB17890886CEBDD3BAA48AB18EF5A7DB.d.AA53FDD920AFC869C941096CB0570E14.e.6942","ELEMENT":"f.CB17890886CEBDD3BAA48AB18EF5A7DB.d.AA53FDD920AFC869C941096CB0570E14.e.6942"}]}
COMMAND: POST /session/be4790d44c8003a2500b5a2ec9bf0748/execute/sync - {"script":"<script> [5351 bytes]","args":[{"element-6066-11e4-a52e-4f735466cecf":"f.CB17890886CEBDD3BAA48AB18EF5A7DB.d.AA53FDD920AFC869C941096CB0570E14.e.6942","ELEMENT":"f.CB17890886CEBDD3BAA48AB18EF5A7DB.d.AA53FDD920AFC869C941096CB0570E14.e.6942"}]}
COMMAND: GET /session/be4790d44c8003a2500b5a2ec9bf0748/screenshot - {}
RESULT: {"script":"<script> [5351 bytes]","args":[{"element-6066-11e4-a52e-4f735466cecf":"f.CB17890886CEBDD3BAA48AB18EF5A7DB.d.AA53FDD920AFC869C941096CB0570E14.e.6942","ELEMENT":"f.CB17890886CEBDD3BAA48AB18EF5A7DB.d.AA53FDD920AFC869C941096CB0570E14.e.6942"}]}
COMMAND: POST /session/be4790d44c8003a2500b5a2ec9bf0748/element/f.CB17890886CEBDD3BAA48AB18EF5A7DB.d.AA53FDD920AFC869C941096CB0570E14.e.6942/click - {}
COMMAND: GET /session/be4790d44c8003a2500b5a2ec9bf0748/screenshot - {}
RESULT: {}
RESULT: {}
COMMAND: GET /session/be4790d44c8003a2500b5a2ec9bf0748/screenshot - {}
RESULT: {}
RESULT: {}
COMMAND: POST /session/be4790d44c8003a2500b5a2ec9bf0748/element - {"using":"css selector","value":"#shell-header-logo"}
RESULT: {"using":"css selector","value":"#shell-header-logo"}
COMMAND: POST /session/be4790d44c8003a2500b5a2ec9bf0748/element/f.CB17890886CEBDD3BAA48AB18EF5A7DB.d.AA53FDD920AFC869C941096CB0570E14.e.7846/click - {}
RESULT: {}
COMMAND: GET /session/be4790d44c8003a2500b5a2ec9bf0748/screenshot - {}
RESULT: {}
]]></system-out>
    </testcase>
  </testsuite>
  <testsuite timestamp="2025-05-05T06:07:35" time="86.653" tests="2" failures="0" errors="0" skipped="0">
    <properties>
      <property name="specId" value="0" />
      <property name="suiteName" value="Personnel creation and reference material verification  US120163" />
      <property name="capabilities" value="chrome.135_0_7049_96.windows" />
      <property name="file" value="file:///D:/a/1/s/test/specs/R2C/create-personnel-no-material-reference.spec.js" />
    </properties>
    <testcase classname="chrome.135_0_7049_96.windows.Personnel_creation_and_reference_material_verification__US120163" name="Should create a new personnel and verify if the material reference is visible" time="65.712">
      <system-out><![CDATA[
RESULT: undefined
COMMAND: POST /session/be4790d44c8003a2500b5a2ec9bf0748/element - {"using":"xpath","value":"//*[@id=\"__tile31\"]"}
RESULT: {"using":"xpath","value":"//*[@id=\"__tile31\"]"}
COMMAND: POST /session/be4790d44c8003a2500b5a2ec9bf0748/element/f.CB17890886CEBDD3BAA48AB18EF5A7DB.d.AA53FDD920AFC869C941096CB0570E14.e.6970/click - {}
RESULT: {}
COMMAND: GET /session/be4790d44c8003a2500b5a2ec9bf0748/screenshot - {}
RESULT: {}
COMMAND: POST /session/be4790d44c8003a2500b5a2ec9bf0748/element - {"using":"xpath","value":"//button[@data-kt=\"addNewRUOverflowToolbarButton\"]"}
RESULT: {"using":"xpath","value":"//button[@data-kt=\"addNewRUOverflowToolbarButton\"]"}
COMMAND: POST /session/be4790d44c8003a2500b5a2ec9bf0748/execute/sync - {"script":"<script> [8489 bytes]","args":[{"element-6066-11e4-a52e-4f735466cecf":"f.CB17890886CEBDD3BAA48AB18EF5A7DB.d.AA53FDD920AFC869C941096CB0570E14.e.7891","ELEMENT":"f.CB17890886CEBDD3BAA48AB18EF5A7DB.d.AA53FDD920AFC869C941096CB0570E14.e.7891"}]}
RESULT: {"script":"<script> [8489 bytes]","args":[{"element-6066-11e4-a52e-4f735466cecf":"f.CB17890886CEBDD3BAA48AB18EF5A7DB.d.AA53FDD920AFC869C941096CB0570E14.e.7891","ELEMENT":"f.CB17890886CEBDD3BAA48AB18EF5A7DB.d.AA53FDD920AFC869C941096CB0570E14.e.7891"}]}
COMMAND: POST /session/be4790d44c8003a2500b5a2ec9bf0748/element/f.CB17890886CEBDD3BAA48AB18EF5A7DB.d.AA53FDD920AFC869C941096CB0570E14.e.7891/click - {}
COMMAND: GET /session/be4790d44c8003a2500b5a2ec9bf0748/screenshot - {}
RESULT: {}
RESULT: undefined
COMMAND: POST /session/be4790d44c8003a2500b5a2ec9bf0748/element - {"using":"xpath","value":"//*[@id=\"application-manageresources-display-component---newResourceUnit--TYPE-arrow\"]"}
COMMAND: GET /session/be4790d44c8003a2500b5a2ec9bf0748/screenshot - {}
RESULT: {}
RESULT: {"using":"xpath","value":"//*[@id=\"application-manageresources-display-component---newResourceUnit--TYPE-arrow\"]"}
COMMAND: POST /session/be4790d44c8003a2500b5a2ec9bf0748/element/f.CB17890886CEBDD3BAA48AB18EF5A7DB.d.AA53FDD920AFC869C941096CB0570E14.e.8235/click - {}
RESULT: {}
RESULT: {}
COMMAND: POST /session/be4790d44c8003a2500b5a2ec9bf0748/execute/async - {"script":"<script> [1562 bytes]","args":[{"selector":{"controlType":"sap.m.StandardListItem","viewName":"reusables.view.manageresources.NewResourceUnit","viewId":"application-manageresources-display-component---newResourceUnit","properties":{"title":"Personnel"},"searchOpenDialogs":true,"interaction":{"idSuffix":"titleText"}},"wdio_ui5_key":"reusablesview.manageresources.NewResourceUnitsap.m.StandardListItem{\"title\":\"Personnel\"}"}]}
COMMAND: GET /session/be4790d44c8003a2500b5a2ec9bf0748/screenshot - {}
RESULT: {"script":"<script> [1562 bytes]","args":[{"selector":{"controlType":"sap.m.StandardListItem","viewName":"reusables.view.manageresources.NewResourceUnit","viewId":"application-manageresources-display-component---newResourceUnit","properties":{"title":"Personnel"},"searchOpenDialogs":true,"interaction":{"idSuffix":"titleText"}},"wdio_ui5_key":"reusablesview.manageresources.NewResourceUnitsap.m.StandardListItem{\"title\":\"Personnel\"}"}]}
RESULT: undefined
COMMAND: POST /session/be4790d44c8003a2500b5a2ec9bf0748/element - {"using":"xpath","value":"//*[@id=\"__item1258\"]"}
RESULT: {}
RESULT: {"using":"xpath","value":"//*[@id=\"__item1258\"]"}
COMMAND: POST /session/be4790d44c8003a2500b5a2ec9bf0748/element/f.CB17890886CEBDD3BAA48AB18EF5A7DB.d.AA53FDD920AFC869C941096CB0570E14.e.8241/click - {}
RESULT: {}
RESULT: undefined
COMMAND: POST /session/be4790d44c8003a2500b5a2ec9bf0748/execute/async - {"script":"<script> [776 bytes]","args":[{"enterText":"WdIOPersonnelchwd8","selector":{"id":"application-manageresources-display-component---newResourceUnit--SHORT_TEXT","interaction":{"idSuffix":"inner"}},"clearTextFirst":true,"interactionType":"ENTER_TEXT"}]}
COMMAND: GET /session/be4790d44c8003a2500b5a2ec9bf0748/screenshot - {}
RESULT: {"script":"<script> [776 bytes]","args":[{"enterText":"WdIOPersonnelchwd8","selector":{"id":"application-manageresources-display-component---newResourceUnit--SHORT_TEXT","interaction":{"idSuffix":"inner"}},"clearTextFirst":true,"interactionType":"ENTER_TEXT"}]}
COMMAND: POST /session/be4790d44c8003a2500b5a2ec9bf0748/element - {"using":"xpath","value":"//bdi[contains(text(), \"Material\")]"}
RESULT: {}
RESULT: {"using":"xpath","value":"//bdi[contains(text(), \"Material\")]"}
COMMAND: POST /session/be4790d44c8003a2500b5a2ec9bf0748/element - {"using":"xpath","value":"//bdi[contains(text(), \"Material\")]"}
RESULT: {"using":"xpath","value":"//bdi[contains(text(), \"Material\")]"}
COMMAND: POST /session/be4790d44c8003a2500b5a2ec9bf0748/execute/async - {"script":"<script> [1562 bytes]","args":[{"selector":{"id":"application-manageresources-display-component---newResourceUnit--BASE_UNIT_OF_MEASURE-arrow"},"wdio_ui5_key":"applicationmanageresources-display-component---newResourceUnit--BASE_UNIT_OF_MEASURE-arrow"}]}
RESULT: {"script":"<script> [1562 bytes]","args":[{"selector":{"id":"application-manageresources-display-component---newResourceUnit--BASE_UNIT_OF_MEASURE-arrow"},"wdio_ui5_key":"applicationmanageresources-display-component---newResourceUnit--BASE_UNIT_OF_MEASURE-arrow"}]}
RESULT: undefined
COMMAND: POST /session/be4790d44c8003a2500b5a2ec9bf0748/element - {"using":"xpath","value":"//*[@id=\"application-manageresources-display-component---newResourceUnit--BASE_UNIT_OF_MEASURE-arrow\"]"}
RESULT: {"using":"xpath","value":"//*[@id=\"application-manageresources-display-component---newResourceUnit--BASE_UNIT_OF_MEASURE-arrow\"]"}
COMMAND: POST /session/be4790d44c8003a2500b5a2ec9bf0748/element/f.CB17890886CEBDD3BAA48AB18EF5A7DB.d.AA53FDD920AFC869C941096CB0570E14.e.8283/click - {}
RESULT: {}
COMMAND: POST /session/be4790d44c8003a2500b5a2ec9bf0748/execute/async - {"script":"<script> [1562 bytes]","args":[{"selector":{"controlType":"sap.m.StandardListItem","viewName":"reusables.view.manageresources.NewResourceUnit","viewId":"application-manageresources-display-component---newResourceUnit","properties":{"title":"Percent"},"searchOpenDialogs":true,"interaction":{"idSuffix":"titleText"}},"wdio_ui5_key":"reusablesview.manageresources.NewResourceUnitsap.m.StandardListItem{\"title\":\"Percent\"}"}]}
COMMAND: GET /session/be4790d44c8003a2500b5a2ec9bf0748/screenshot - {}
RESULT: {"script":"<script> [1562 bytes]","args":[{"selector":{"controlType":"sap.m.StandardListItem","viewName":"reusables.view.manageresources.NewResourceUnit","viewId":"application-manageresources-display-component---newResourceUnit","properties":{"title":"Percent"},"searchOpenDialogs":true,"interaction":{"idSuffix":"titleText"}},"wdio_ui5_key":"reusablesview.manageresources.NewResourceUnitsap.m.StandardListItem{\"title\":\"Percent\"}"}]}
RESULT: undefined
COMMAND: POST /session/be4790d44c8003a2500b5a2ec9bf0748/element - {"using":"xpath","value":"//*[@id=\"__item1280\"]"}
RESULT: {}
RESULT: {"using":"xpath","value":"//*[@id=\"__item1280\"]"}
COMMAND: POST /session/be4790d44c8003a2500b5a2ec9bf0748/element/f.CB17890886CEBDD3BAA48AB18EF5A7DB.d.AA53FDD920AFC869C941096CB0570E14.e.8285/click - {}
RESULT: {}
COMMAND: POST /session/be4790d44c8003a2500b5a2ec9bf0748/execute/async - {"script":"<script> [1562 bytes]","args":[{"selector":{"id":"application-manageresources-display-component---newResourceUnit--PLANNING_GROUP-arrow"},"wdio_ui5_key":"applicationmanageresources-display-component---newResourceUnit--PLANNING_GROUP-arrow"}]}
COMMAND: GET /session/be4790d44c8003a2500b5a2ec9bf0748/screenshot - {}
RESULT: {"script":"<script> [1562 bytes]","args":[{"selector":{"id":"application-manageresources-display-component---newResourceUnit--PLANNING_GROUP-arrow"},"wdio_ui5_key":"applicationmanageresources-display-component---newResourceUnit--PLANNING_GROUP-arrow"}]}
RESULT: undefined
COMMAND: POST /session/be4790d44c8003a2500b5a2ec9bf0748/element - {"using":"xpath","value":"//*[@id=\"application-manageresources-display-component---newResourceUnit--PLANNING_GROUP-arrow\"]"}
RESULT: {}
RESULT: {"using":"xpath","value":"//*[@id=\"application-manageresources-display-component---newResourceUnit--PLANNING_GROUP-arrow\"]"}
COMMAND: POST /session/be4790d44c8003a2500b5a2ec9bf0748/element/f.CB17890886CEBDD3BAA48AB18EF5A7DB.d.AA53FDD920AFC869C941096CB0570E14.e.8286/click - {}
RESULT: {}
COMMAND: GET /session/be4790d44c8003a2500b5a2ec9bf0748/screenshot - {}
RESULT: {}
COMMAND: POST /session/be4790d44c8003a2500b5a2ec9bf0748/execute/async - {"script":"<script> [1562 bytes]","args":[{"selector":{"controlType":"sap.m.StandardListItem","viewName":"reusables.view.manageresources.NewResourceUnit","viewId":"application-manageresources-display-component---newResourceUnit","properties":{"title":"Operating personnel"},"searchOpenDialogs":true,"interaction":{"idSuffix":"titleText"}},"wdio_ui5_key":"reusablesview.manageresources.NewResourceUnitsap.m.StandardListItem{\"title\":\"Operating personnel\"}"}]}
RESULT: {"script":"<script> [1562 bytes]","args":[{"selector":{"controlType":"sap.m.StandardListItem","viewName":"reusables.view.manageresources.NewResourceUnit","viewId":"application-manageresources-display-component---newResourceUnit","properties":{"title":"Operating personnel"},"searchOpenDialogs":true,"interaction":{"idSuffix":"titleText"}},"wdio_ui5_key":"reusablesview.manageresources.NewResourceUnitsap.m.StandardListItem{\"title\":\"Operating personnel\"}"}]}
RESULT: undefined
COMMAND: POST /session/be4790d44c8003a2500b5a2ec9bf0748/element - {"using":"xpath","value":"//*[@id=\"__item1289\"]"}
RESULT: {"using":"xpath","value":"//*[@id=\"__item1289\"]"}
COMMAND: POST /session/be4790d44c8003a2500b5a2ec9bf0748/element/f.CB17890886CEBDD3BAA48AB18EF5A7DB.d.AA53FDD920AFC869C941096CB0570E14.e.8288/click - {}
RESULT: {}
COMMAND: GET /session/be4790d44c8003a2500b5a2ec9bf0748/screenshot - {}
RESULT: {}
COMMAND: POST /session/be4790d44c8003a2500b5a2ec9bf0748/element - {"using":"xpath","value":"//bdi[contains(text(), \"Time Segment\")]"}
RESULT: {"using":"xpath","value":"//bdi[contains(text(), \"Time Segment\")]"}
COMMAND: GET /session/be4790d44c8003a2500b5a2ec9bf0748/element/f.CB17890886CEBDD3BAA48AB18EF5A7DB.d.AA53FDD920AFC869C941096CB0570E14.e.8289/rect - {}
RESULT: {}
COMMAND: GET /session/be4790d44c8003a2500b5a2ec9bf0748/window/rect - {}
RESULT: {}
COMMAND: POST /session/be4790d44c8003a2500b5a2ec9bf0748/execute/sync - {"script":"<script> [92 bytes]","args":[]}
RESULT: {"script":"<script> [92 bytes]","args":[]}
COMMAND: POST /session/be4790d44c8003a2500b5a2ec9bf0748/actions - {"actions":[{"id":"action24","type":"wheel","parameters":{},"actions":[{"type":"scroll","x":-1820,"y":804,"deltaX":0,"deltaY":0,"duration":0,"origin":{"element-6066-11e4-a52e-4f735466cecf":"f.CB17890886CEBDD3BAA48AB18EF5A7DB.d.AA53FDD920AFC869C941096CB0570E14.e.8289"}}]}]}
COMMAND: GET /session/be4790d44c8003a2500b5a2ec9bf0748/screenshot - {}
RESULT: {}
COMMAND: POST /session/be4790d44c8003a2500b5a2ec9bf0748/execute/sync - {"script":"<script> [79 bytes]","args":[{"element-6066-11e4-a52e-4f735466cecf":"f.CB17890886CEBDD3BAA48AB18EF5A7DB.d.AA53FDD920AFC869C941096CB0570E14.e.8289","ELEMENT":"f.CB17890886CEBDD3BAA48AB18EF5A7DB.d.AA53FDD920AFC869C941096CB0570E14.e.8289"},{"block":"start","inline":"nearest"}]}
RESULT: {"script":"<script> [79 bytes]","args":[{"element-6066-11e4-a52e-4f735466cecf":"f.CB17890886CEBDD3BAA48AB18EF5A7DB.d.AA53FDD920AFC869C941096CB0570E14.e.8289","ELEMENT":"f.CB17890886CEBDD3BAA48AB18EF5A7DB.d.AA53FDD920AFC869C941096CB0570E14.e.8289"},{"block":"start","inline":"nearest"}]}
COMMAND: GET /session/be4790d44c8003a2500b5a2ec9bf0748/screenshot - {}
RESULT: {}
COMMAND: POST /session/be4790d44c8003a2500b5a2ec9bf0748/element - {"using":"xpath","value":"//span[@id=\"application-manageresources-display-component---newResourceUnit--btnAddTimeSegment-img\"]"}
RESULT: {"using":"xpath","value":"//span[@id=\"application-manageresources-display-component---newResourceUnit--btnAddTimeSegment-img\"]"}
COMMAND: POST /session/be4790d44c8003a2500b5a2ec9bf0748/execute/sync - {"script":"<script> [8489 bytes]","args":[{"element-6066-11e4-a52e-4f735466cecf":"f.CB17890886CEBDD3BAA48AB18EF5A7DB.d.AA53FDD920AFC869C941096CB0570E14.e.8296","ELEMENT":"f.CB17890886CEBDD3BAA48AB18EF5A7DB.d.AA53FDD920AFC869C941096CB0570E14.e.8296"}]}
RESULT: {"script":"<script> [8489 bytes]","args":[{"element-6066-11e4-a52e-4f735466cecf":"f.CB17890886CEBDD3BAA48AB18EF5A7DB.d.AA53FDD920AFC869C941096CB0570E14.e.8296","ELEMENT":"f.CB17890886CEBDD3BAA48AB18EF5A7DB.d.AA53FDD920AFC869C941096CB0570E14.e.8296"}]}
COMMAND: POST /session/be4790d44c8003a2500b5a2ec9bf0748/element/f.CB17890886CEBDD3BAA48AB18EF5A7DB.d.AA53FDD920AFC869C941096CB0570E14.e.8296/click - {}
COMMAND: GET /session/be4790d44c8003a2500b5a2ec9bf0748/screenshot - {}
RESULT: {}
COMMAND: GET /session/be4790d44c8003a2500b5a2ec9bf0748/screenshot - {}
COMMAND: POST /session/be4790d44c8003a2500b5a2ec9bf0748/element - {"using":"xpath","value":"//input[@id=\"application-manageresources-display-component---newResourceUnit--idRuTSAdmin-application-manageresources-display-component---newResourceUnit--RUTimeSegment-0-inner\"]"}
RESULT: {}
RESULT: {}
RESULT: {"using":"xpath","value":"//input[@id=\"application-manageresources-display-component---newResourceUnit--idRuTSAdmin-application-manageresources-display-component---newResourceUnit--RUTimeSegment-0-inner\"]"}
COMMAND: POST /session/be4790d44c8003a2500b5a2ec9bf0748/element/f.CB17890886CEBDD3BAA48AB18EF5A7DB.d.AA53FDD920AFC869C941096CB0570E14.e.8299/clear - {}
RESULT: {}
COMMAND: POST /session/be4790d44c8003a2500b5a2ec9bf0748/element/f.CB17890886CEBDD3BAA48AB18EF5A7DB.d.AA53FDD920AFC869C941096CB0570E14.e.8299/value - {"text":"webdriveryard"}
COMMAND: GET /session/be4790d44c8003a2500b5a2ec9bf0748/screenshot - {}
RESULT: {"text":"webdriveryard"}
COMMAND: GET /session/be4790d44c8003a2500b5a2ec9bf0748/screenshot - {}
RESULT: {}
RESULT: {}
COMMAND: POST /session/be4790d44c8003a2500b5a2ec9bf0748/actions - {"actions":[{"id":"action25","type":"key","parameters":{},"actions":[{"type":"keyDown","value":"î€‡"},{"type":"pause","duration":10},{"type":"keyUp","value":"î€‡"}]}]}
RESULT: {"actions":[{"id":"action25","type":"key","parameters":{},"actions":[{"type":"keyDown","value":"î€‡"},{"type":"pause","duration":10},{"type":"keyUp","value":"î€‡"}]}]}
COMMAND: GET /session/be4790d44c8003a2500b5a2ec9bf0748/screenshot - {}
RESULT: {}
COMMAND: POST /session/be4790d44c8003a2500b5a2ec9bf0748/element - {"using":"xpath","value":"//input[contains(@id, \"application-manageresources-display-component---newResourceUnit--newControlDataDateRangePicker-inner\")]"}
RESULT: {"using":"xpath","value":"//input[contains(@id, \"application-manageresources-display-component---newResourceUnit--newControlDataDateRangePicker-inner\")]"}
COMMAND: POST /session/be4790d44c8003a2500b5a2ec9bf0748/element/f.CB17890886CEBDD3BAA48AB18EF5A7DB.d.AA53FDD920AFC869C941096CB0570E14.e.8270/clear - {}
RESULT: {}
COMMAND: POST /session/be4790d44c8003a2500b5a2ec9bf0748/element/f.CB17890886CEBDD3BAA48AB18EF5A7DB.d.AA53FDD920AFC869C941096CB0570E14.e.8270/value - {"text":"12/17/26 - 2/18/27"}
COMMAND: GET /session/be4790d44c8003a2500b5a2ec9bf0748/screenshot - {}
RESULT: {"text":"12/17/26 - 2/18/27"}
COMMAND: POST /session/be4790d44c8003a2500b5a2ec9bf0748/element - {"using":"xpath","value":"//bdi[contains(@id, \"application-manageresources-display-component---newResourceUnit--createRuButton-BDI-content\")]"}
COMMAND: GET /session/be4790d44c8003a2500b5a2ec9bf0748/screenshot - {}
RESULT: {}
RESULT: {"using":"xpath","value":"//bdi[contains(@id, \"application-manageresources-display-component---newResourceUnit--createRuButton-BDI-content\")]"}
COMMAND: POST /session/be4790d44c8003a2500b5a2ec9bf0748/element/f.CB17890886CEBDD3BAA48AB18EF5A7DB.d.AA53FDD920AFC869C941096CB0570E14.e.8315/click - {}
RESULT: {}
RESULT: {}
COMMAND: GET /session/be4790d44c8003a2500b5a2ec9bf0748/screenshot - {}
RESULT: {}
COMMAND: POST /session/be4790d44c8003a2500b5a2ec9bf0748/actions - {"actions":[{"id":"action26","type":"key","parameters":{},"actions":[{"type":"keyDown","value":"î€‡"},{"type":"pause","duration":10},{"type":"keyUp","value":"î€‡"}]}]}
RESULT: {"actions":[{"id":"action26","type":"key","parameters":{},"actions":[{"type":"keyDown","value":"î€‡"},{"type":"pause","duration":10},{"type":"keyUp","value":"î€‡"}]}]}
COMMAND: GET /session/be4790d44c8003a2500b5a2ec9bf0748/screenshot - {}
RESULT: {}
]]></system-out>
    </testcase>
    <testcase classname="chrome.135_0_7049_96.windows.Personnel_creation_and_reference_material_verification__US120163" name="Should verify if the reference material is visible in edit and detail mode" time="17.652">
      <system-out><![CDATA[
COMMAND: POST /session/be4790d44c8003a2500b5a2ec9bf0748/element - {"using":"xpath","value":"//bdi[contains(text(), \"Edit\")]"}
RESULT: {"using":"xpath","value":"//bdi[contains(text(), \"Edit\")]"}
COMMAND: POST /session/be4790d44c8003a2500b5a2ec9bf0748/element/f.CB17890886CEBDD3BAA48AB18EF5A7DB.d.AA53FDD920AFC869C941096CB0570E14.e.8344/click - {}
RESULT: {}
COMMAND: GET /session/be4790d44c8003a2500b5a2ec9bf0748/screenshot - {}
RESULT: {}
COMMAND: POST /session/be4790d44c8003a2500b5a2ec9bf0748/element - {"using":"xpath","value":"//bdi[contains(text(), \"Material\")]"}
RESULT: {"using":"xpath","value":"//bdi[contains(text(), \"Material\")]"}
COMMAND: POST /session/be4790d44c8003a2500b5a2ec9bf0748/element - {"using":"xpath","value":"//bdi[contains(text(), \"Material\")]"}
RESULT: {"using":"xpath","value":"//bdi[contains(text(), \"Material\")]"}
COMMAND: POST /session/be4790d44c8003a2500b5a2ec9bf0748/element - {"using":"xpath","value":"(//bdi[contains(text(), \"Save\")])[2]"}
RESULT: {"using":"xpath","value":"(//bdi[contains(text(), \"Save\")])[2]"}
COMMAND: POST /session/be4790d44c8003a2500b5a2ec9bf0748/element/f.CB17890886CEBDD3BAA48AB18EF5A7DB.d.AA53FDD920AFC869C941096CB0570E14.e.8398/click - {}
RESULT: {}
COMMAND: GET /session/be4790d44c8003a2500b5a2ec9bf0748/screenshot - {}
RESULT: {}
COMMAND: POST /session/be4790d44c8003a2500b5a2ec9bf0748/element - {"using":"css selector","value":"#j_username"}
COMMAND: POST /session/be4790d44c8003a2500b5a2ec9bf0748/url - {"url":"https://qa-testing-00-live-etm-ui.cfapps.eu10-004.hana.ondemand.com/"}
RESULT: {"using":"css selector","value":"#j_username"}
COMMAND: POST /session/be4790d44c8003a2500b5a2ec9bf0748/element - {"using":"css selector","value":"#j_username"}
RESULT: {"url":"https://qa-testing-00-live-etm-ui.cfapps.eu10-004.hana.ondemand.com/"}
RESULT: undefined
COMMAND: GET /session/be4790d44c8003a2500b5a2ec9bf0748/screenshot - {}
RESULT: {"using":"css selector","value":"#j_username"}
COMMAND: POST /session/be4790d44c8003a2500b5a2ec9bf0748/element - {"using":"css selector","value":"#shell-header-logo"}
RESULT: {}
RESULT: {"using":"css selector","value":"#shell-header-logo"}
COMMAND: POST /session/be4790d44c8003a2500b5a2ec9bf0748/execute/sync - {"script":"<script> [8489 bytes]","args":[{"element-6066-11e4-a52e-4f735466cecf":"f.CB17890886CEBDD3BAA48AB18EF5A7DB.d.3324EFE9024517C9E94271E15A06BD00.e.8416","ELEMENT":"f.CB17890886CEBDD3BAA48AB18EF5A7DB.d.3324EFE9024517C9E94271E15A06BD00.e.8416"}]}
RESULT: {"script":"<script> [8489 bytes]","args":[{"element-6066-11e4-a52e-4f735466cecf":"f.CB17890886CEBDD3BAA48AB18EF5A7DB.d.3324EFE9024517C9E94271E15A06BD00.e.8416","ELEMENT":"f.CB17890886CEBDD3BAA48AB18EF5A7DB.d.3324EFE9024517C9E94271E15A06BD00.e.8416"}]}
COMMAND: POST /session/be4790d44c8003a2500b5a2ec9bf0748/element - {"using":"css selector","value":"#shell-header-logo"}
COMMAND: GET /session/be4790d44c8003a2500b5a2ec9bf0748/screenshot - {}
RESULT: {"using":"css selector","value":"#shell-header-logo"}
COMMAND: POST /session/be4790d44c8003a2500b5a2ec9bf0748/execute/sync - {"script":"<script> [8489 bytes]","args":[{"element-6066-11e4-a52e-4f735466cecf":"f.CB17890886CEBDD3BAA48AB18EF5A7DB.d.3324EFE9024517C9E94271E15A06BD00.e.8416","ELEMENT":"f.CB17890886CEBDD3BAA48AB18EF5A7DB.d.3324EFE9024517C9E94271E15A06BD00.e.8416"}]}
RESULT: {}
RESULT: {"script":"<script> [8489 bytes]","args":[{"element-6066-11e4-a52e-4f735466cecf":"f.CB17890886CEBDD3BAA48AB18EF5A7DB.d.3324EFE9024517C9E94271E15A06BD00.e.8416","ELEMENT":"f.CB17890886CEBDD3BAA48AB18EF5A7DB.d.3324EFE9024517C9E94271E15A06BD00.e.8416"}]}
COMMAND: POST /session/be4790d44c8003a2500b5a2ec9bf0748/execute/sync - {"script":"<script> [5351 bytes]","args":[{"element-6066-11e4-a52e-4f735466cecf":"f.CB17890886CEBDD3BAA48AB18EF5A7DB.d.3324EFE9024517C9E94271E15A06BD00.e.8416","ELEMENT":"f.CB17890886CEBDD3BAA48AB18EF5A7DB.d.3324EFE9024517C9E94271E15A06BD00.e.8416"}]}
COMMAND: GET /session/be4790d44c8003a2500b5a2ec9bf0748/screenshot - {}
RESULT: {"script":"<script> [5351 bytes]","args":[{"element-6066-11e4-a52e-4f735466cecf":"f.CB17890886CEBDD3BAA48AB18EF5A7DB.d.3324EFE9024517C9E94271E15A06BD00.e.8416","ELEMENT":"f.CB17890886CEBDD3BAA48AB18EF5A7DB.d.3324EFE9024517C9E94271E15A06BD00.e.8416"}]}
COMMAND: POST /session/be4790d44c8003a2500b5a2ec9bf0748/element - {"using":"css selector","value":"#shell-header-logo"}
COMMAND: GET /session/be4790d44c8003a2500b5a2ec9bf0748/screenshot - {}
RESULT: {}
RESULT: {"using":"css selector","value":"#shell-header-logo"}
COMMAND: POST /session/be4790d44c8003a2500b5a2ec9bf0748/element/f.CB17890886CEBDD3BAA48AB18EF5A7DB.d.3324EFE9024517C9E94271E15A06BD00.e.8416/click - {}
RESULT: {}
RESULT: {}
COMMAND: GET /session/be4790d44c8003a2500b5a2ec9bf0748/screenshot - {}
RESULT: {}
COMMAND: POST /session/be4790d44c8003a2500b5a2ec9bf0748/execute/async - {"script":"<script> [189 bytes]","args":[]}
RESULT: {"script":"<script> [189 bytes]","args":[]}
COMMAND: POST /session/be4790d44c8003a2500b5a2ec9bf0748/execute/async - {"script":"<script> [123 bytes]","args":[]}
RESULT: {"script":"<script> [123 bytes]","args":[]}
COMMAND: POST /session/be4790d44c8003a2500b5a2ec9bf0748/timeouts - {"script":"<number>"}
RESULT: {"script":"<number>"}
COMMAND: GET /session/be4790d44c8003a2500b5a2ec9bf0748/timeouts - {}
RESULT: {}
RESULT: undefined
COMMAND: POST /session/be4790d44c8003a2500b5a2ec9bf0748/execute/async - {"script":"<script> [2676 bytes]","args":[]}
RESULT: {"script":"<script> [2676 bytes]","args":[]}
COMMAND: POST /session/be4790d44c8003a2500b5a2ec9bf0748/execute/async - {"script":"<script> [2342 bytes]","args":[{"protocol":"http","hostname":"0.0.0.0","path":"/","capabilities":{"browserName":"chrome","goog:chromeOptions":{"binary":"C:\\Program Files\\Google\\Chrome\\Application\\chrome.exe","args":["--start-maximized"]}},"logLevel":"warn","connectionRetryTimeout":120000,"connectionRetryCount":3,"logLevels":{},"enableDirectConnect":true,"strictSSL":true,"_":"65 more keys: [\"cacheDir\",\"port\",\"requestedCapabilities\",\"automationProtocol\",\"baseUrl\",\"waitforInterval\",\"waitforTimeout\",\"onReload\",\"beforeCommand\",\"afterCommand\",\"rootDir\",\"specs\",\"suites\",\"exclude\",\"groupLogsByTestSpec\",\"excludeDriverLogs\",\"bail\",\"framework\",\"reporters\",\"services\",\"maxInstances\",\"maxInstancesPerCapability\",\"injectGlobals\",\"filesToWatch\",\"execArgv\",\"runnerEnv\",\"runner\",\"shard\",\"specFileRetries\",\"specFileRetriesDelay\",\"specFileRetriesDeferred\",\"reporterSyncInterval\",\"reporterSyncTimeout\",\"cucumberFeaturesWithLineNumbers\",\"autoCompileOpts\",\"mochaOpts\",\"jasmineOpts\",\"cucumberOpts\",\"onPrepare\",\"onWorkerStart\",\"onWorkerEnd\",\"before\",\"beforeSession\",\"beforeSuite\",\"beforeHook\",\"beforeTest\",\"afterTest\",\"afterHook\",\"afterSuite\",\"afterSession\",\"after\",\"onComplete\",\"beforeAssertion\",\"afterAssertion\",\"beforeFeature\",\"beforeScenario\",\"beforeStep\",\"afterStep\",\"afterScenario\",\"afterFeature\",\"_\",\"suite\",\"$0\",\"ignoredWorkerServices\",\"wdi5\"]"}]}
RESULT: {"script":"<script> [2342 bytes]","args":[{"protocol":"http","hostname":"0.0.0.0","path":"/","capabilities":{"browserName":"chrome","goog:chromeOptions":{"binary":"C:\\Program Files\\Google\\Chrome\\Application\\chrome.exe","args":["--start-maximized"]}},"logLevel":"warn","connectionRetryTimeout":120000,"connectionRetryCount":3,"logLevels":{},"enableDirectConnect":true,"strictSSL":true,"_":"65 more keys: [\"cacheDir\",\"port\",\"requestedCapabilities\",\"automationProtocol\",\"baseUrl\",\"waitforInterval\",\"waitforTimeout\",\"onReload\",\"beforeCommand\",\"afterCommand\",\"rootDir\",\"specs\",\"suites\",\"exclude\",\"groupLogsByTestSpec\",\"excludeDriverLogs\",\"bail\",\"framework\",\"reporters\",\"services\",\"maxInstances\",\"maxInstancesPerCapability\",\"injectGlobals\",\"filesToWatch\",\"execArgv\",\"runnerEnv\",\"runner\",\"shard\",\"specFileRetries\",\"specFileRetriesDelay\",\"specFileRetriesDeferred\",\"reporterSyncInterval\",\"reporterSyncTimeout\",\"cucumberFeaturesWithLineNumbers\",\"autoCompileOpts\",\"mochaOpts\",\"jasmineOpts\",\"cucumberOpts\",\"onPrepare\",\"onWorkerStart\",\"onWorkerEnd\",\"before\",\"beforeSession\",\"beforeSuite\",\"beforeHook\",\"beforeTest\",\"afterTest\",\"afterHook\",\"afterSuite\",\"afterSession\",\"after\",\"onComplete\",\"beforeAssertion\",\"afterAssertion\",\"beforeFeature\",\"beforeScenario\",\"beforeStep\",\"afterStep\",\"afterScenario\",\"afterFeature\",\"_\",\"suite\",\"$0\",\"ignoredWorkerServices\",\"wdi5\"]"}]}
COMMAND: POST /session/be4790d44c8003a2500b5a2ec9bf0748/execute/async - {"script":"<script> [21126 bytes]","args":[35000]}
RESULT: {"script":"<script> [21126 bytes]","args":[35000]}
COMMAND: POST /session/be4790d44c8003a2500b5a2ec9bf0748/window/maximize - {}
RESULT: {}
COMMAND: POST /session/be4790d44c8003a2500b5a2ec9bf0748/execute/async - {"script":"<script> [1562 bytes]","args":[{"selector":{"id":"shell-header","interaction":{"idSuffix":"icon"}},"wdio_ui5_key":"shellheader"}]}
COMMAND: GET /session/be4790d44c8003a2500b5a2ec9bf0748/screenshot - {}
RESULT: {"script":"<script> [1562 bytes]","args":[{"selector":{"id":"shell-header","interaction":{"idSuffix":"icon"}},"wdio_ui5_key":"shellheader"}]}
RESULT: undefined
RESULT: {}
]]></system-out>
    </testcase>
  </testsuite>
  <testsuite timestamp="2025-05-05T06:09:01" time="522.446" tests="5" failures="0" errors="0" skipped="0">
    <properties>
      <property name="specId" value="0" />
      <property name="suiteName" value="Warehouse movements inventory test" />
      <property name="capabilities" value="chrome.135_0_7049_96.windows" />
      <property name="file" value="file:///D:/a/1/s/test/specs/R2C/create-resource.spec.js" />
    </properties>
    <testcase classname="chrome.135_0_7049_96.windows.Warehouse_movements_inventory_test" name="Should create a new WHM yard" time="149.117">
      <system-out><![CDATA[
COMMAND: POST /session/be4790d44c8003a2500b5a2ec9bf0748/execute/async - {"script":"<script> [1562 bytes]","args":[{"selector":{"controlType":"sap.m.GenericTile","properties":{"header":"Manage Yards"}},"wdio_ui5_key":"sapm.GenericTile{\"header\":\"Manage Yards\"}"}]}
RESULT: {"script":"<script> [1562 bytes]","args":[{"selector":{"controlType":"sap.m.GenericTile","properties":{"header":"Manage Yards"}},"wdio_ui5_key":"sapm.GenericTile{\"header\":\"Manage Yards\"}"}]}
RESULT: undefined
COMMAND: POST /session/be4790d44c8003a2500b5a2ec9bf0748/element - {"using":"xpath","value":"//*[@id=\"__tile41\"]"}
RESULT: {"using":"xpath","value":"//*[@id=\"__tile41\"]"}
COMMAND: POST /session/be4790d44c8003a2500b5a2ec9bf0748/element/f.CB17890886CEBDD3BAA48AB18EF5A7DB.d.3324EFE9024517C9E94271E15A06BD00.e.8429/click - {}
RESULT: {}
COMMAND: GET /session/be4790d44c8003a2500b5a2ec9bf0748/screenshot - {}
RESULT: {}
COMMAND: POST /session/be4790d44c8003a2500b5a2ec9bf0748/execute/async - {"script":"<script> [1562 bytes]","args":[{"selector":{"controlType":"sap.ui.core.Icon","viewName":"etm.portal.ui.manageyards.view.Master","viewId":"application-manageyards-display-component---masterYard","properties":{"src":{"regex":{"source":"add"}}}},"wdio_ui5_key":"etmportal.ui.manageyards.view.Mastersap.ui.core.Icon{\"src\":{\"regex\":{\"source\":\"add\"}}}"}]}
RESULT: {"script":"<script> [1562 bytes]","args":[{"selector":{"controlType":"sap.ui.core.Icon","viewName":"etm.portal.ui.manageyards.view.Master","viewId":"application-manageyards-display-component---masterYard","properties":{"src":{"regex":{"source":"add"}}}},"wdio_ui5_key":"etmportal.ui.manageyards.view.Mastersap.ui.core.Icon{\"src\":{\"regex\":{\"source\":\"add\"}}}"}]}
RESULT: undefined
COMMAND: POST /session/be4790d44c8003a2500b5a2ec9bf0748/element - {"using":"xpath","value":"//*[@id=\"__button4-img\"]"}
RESULT: {"using":"xpath","value":"//*[@id=\"__button4-img\"]"}
COMMAND: POST /session/be4790d44c8003a2500b5a2ec9bf0748/element/f.CB17890886CEBDD3BAA48AB18EF5A7DB.d.3324EFE9024517C9E94271E15A06BD00.e.8475/click - {}
RESULT: {}
COMMAND: GET /session/be4790d44c8003a2500b5a2ec9bf0748/screenshot - {}
RESULT: {}
COMMAND: POST /session/be4790d44c8003a2500b5a2ec9bf0748/execute/async - {"script":"<script> [1562 bytes]","args":[{"selector":{"id":"application-manageyards-display-component---NewYard--yardId","interaction":{"idSuffix":"inner"}},"wdio_ui5_key":"applicationmanageyards-display-component---NewYard--yardId"}]}
RESULT: {"script":"<script> [1562 bytes]","args":[{"selector":{"id":"application-manageyards-display-component---NewYard--yardId","interaction":{"idSuffix":"inner"}},"wdio_ui5_key":"applicationmanageyards-display-component---NewYard--yardId"}]}
RESULT: undefined
COMMAND: POST /session/be4790d44c8003a2500b5a2ec9bf0748/element - {"using":"xpath","value":"//*[@id=\"application-manageyards-display-component---NewYard--addressDetailDetailsName1-inner\"]"}
RESULT: {"using":"xpath","value":"//*[@id=\"application-manageyards-display-component---NewYard--addressDetailDetailsName1-inner\"]"}
COMMAND: POST /session/be4790d44c8003a2500b5a2ec9bf0748/element/f.CB17890886CEBDD3BAA48AB18EF5A7DB.d.3324EFE9024517C9E94271E15A06BD00.e.8691/clear - {}
RESULT: {}
COMMAND: POST /session/be4790d44c8003a2500b5a2ec9bf0748/element/f.CB17890886CEBDD3BAA48AB18EF5A7DB.d.3324EFE9024517C9E94271E15A06BD00.e.8691/value - {"text":"WebdriverWHMYard1ktag"}
COMMAND: GET /session/be4790d44c8003a2500b5a2ec9bf0748/screenshot - {}
RESULT: {"text":"WebdriverWHMYard1ktag"}
COMMAND: POST /session/be4790d44c8003a2500b5a2ec9bf0748/element - {"using":"xpath","value":"//*[@id=\"application-manageyards-display-component---NewYard--addressDetailDetailsLanguage-inner\"]"}
COMMAND: GET /session/be4790d44c8003a2500b5a2ec9bf0748/screenshot - {}
RESULT: {}
RESULT: {"using":"xpath","value":"//*[@id=\"application-manageyards-display-component---NewYard--addressDetailDetailsLanguage-inner\"]"}
COMMAND: POST /session/be4790d44c8003a2500b5a2ec9bf0748/element/f.CB17890886CEBDD3BAA48AB18EF5A7DB.d.3324EFE9024517C9E94271E15A06BD00.e.8692/clear - {}
RESULT: {}
RESULT: {}
COMMAND: POST /session/be4790d44c8003a2500b5a2ec9bf0748/element/f.CB17890886CEBDD3BAA48AB18EF5A7DB.d.3324EFE9024517C9E94271E15A06BD00.e.8692/value - {"text":"Romanian"}
COMMAND: GET /session/be4790d44c8003a2500b5a2ec9bf0748/screenshot - {}
RESULT: {"text":"Romanian"}
COMMAND: POST /session/be4790d44c8003a2500b5a2ec9bf0748/element - {"using":"xpath","value":"//input[contains(@id ,\"application-manageyards-display-component---NewYard--addressDetailDetailsName1-inner\")]"}
COMMAND: GET /session/be4790d44c8003a2500b5a2ec9bf0748/screenshot - {}
RESULT: {}
RESULT: {"using":"xpath","value":"//input[contains(@id ,\"application-manageyards-display-component---NewYard--addressDetailDetailsName1-inner\")]"}
COMMAND: GET /session/be4790d44c8003a2500b5a2ec9bf0748/element/f.CB17890886CEBDD3BAA48AB18EF5A7DB.d.3324EFE9024517C9E94271E15A06BD00.e.8691/property/value - {}
RESULT: {}
RESULT: {}
COMMAND: GET /session/be4790d44c8003a2500b5a2ec9bf0748/screenshot - {}
RESULT: {}
COMMAND: POST /session/be4790d44c8003a2500b5a2ec9bf0748/element - {"using":"xpath","value":"//*[@id=\"application-manageyards-display-component---NewYard--addressDetailDetailsCity1-inner\"]"}
RESULT: {"using":"xpath","value":"//*[@id=\"application-manageyards-display-component---NewYard--addressDetailDetailsCity1-inner\"]"}
COMMAND: POST /session/be4790d44c8003a2500b5a2ec9bf0748/element/f.CB17890886CEBDD3BAA48AB18EF5A7DB.d.3324EFE9024517C9E94271E15A06BD00.e.8694/clear - {}
RESULT: {}
COMMAND: POST /session/be4790d44c8003a2500b5a2ec9bf0748/element/f.CB17890886CEBDD3BAA48AB18EF5A7DB.d.3324EFE9024517C9E94271E15A06BD00.e.8694/value - {"text":"Bucuresti"}
COMMAND: GET /session/be4790d44c8003a2500b5a2ec9bf0748/screenshot - {}
RESULT: {"text":"Bucuresti"}
COMMAND: GET /session/be4790d44c8003a2500b5a2ec9bf0748/screenshot - {}
RESULT: {}
RESULT: {}
COMMAND: POST /session/be4790d44c8003a2500b5a2ec9bf0748/element - {"using":"xpath","value":"//*[@id=\"application-manageyards-display-component---NewYard--addressDetailDetailsCountry-inner\"]"}
RESULT: {"using":"xpath","value":"//*[@id=\"application-manageyards-display-component---NewYard--addressDetailDetailsCountry-inner\"]"}
COMMAND: POST /session/be4790d44c8003a2500b5a2ec9bf0748/element/f.CB17890886CEBDD3BAA48AB18EF5A7DB.d.3324EFE9024517C9E94271E15A06BD00.e.8698/clear - {}
RESULT: {}
COMMAND: POST /session/be4790d44c8003a2500b5a2ec9bf0748/element/f.CB17890886CEBDD3BAA48AB18EF5A7DB.d.3324EFE9024517C9E94271E15A06BD00.e.8698/value - {"text":"Romania"}
COMMAND: GET /session/be4790d44c8003a2500b5a2ec9bf0748/screenshot - {}
RESULT: {"text":"Romania"}
COMMAND: GET /session/be4790d44c8003a2500b5a2ec9bf0748/screenshot - {}
RESULT: {}
RESULT: {}
COMMAND: POST /session/be4790d44c8003a2500b5a2ec9bf0748/execute/async - {"script":"<script> [1562 bytes]","args":[{"selector":{"controlType":"sap.m.Button","viewName":"etm.portal.ui.manageyards.view.New","viewId":"application-manageyards-display-component---NewYard","properties":{"text":"Commercial"},"interaction":{"idSuffix":"BDI-content"}},"wdio_ui5_key":"etmportal.ui.manageyards.view.Newsap.m.Button{\"text\":\"Commercial\"}"}]}
RESULT: {"script":"<script> [1562 bytes]","args":[{"selector":{"controlType":"sap.m.Button","viewName":"etm.portal.ui.manageyards.view.New","viewId":"application-manageyards-display-component---NewYard","properties":{"text":"Commercial"},"interaction":{"idSuffix":"BDI-content"}},"wdio_ui5_key":"etmportal.ui.manageyards.view.Newsap.m.Button{\"text\":\"Commercial\"}"}]}
RESULT: undefined
COMMAND: POST /session/be4790d44c8003a2500b5a2ec9bf0748/element - {"using":"xpath","value":"//*[@id=\"application-manageyards-display-component---NewYard--ObjectPageLayout-anchBar-__section5-anchor\"]"}
RESULT: {"using":"xpath","value":"//*[@id=\"application-manageyards-display-component---NewYard--ObjectPageLayout-anchBar-__section5-anchor\"]"}
COMMAND: POST /session/be4790d44c8003a2500b5a2ec9bf0748/element/f.CB17890886CEBDD3BAA48AB18EF5A7DB.d.3324EFE9024517C9E94271E15A06BD00.e.8888/click - {}
RESULT: {}
COMMAND: GET /session/be4790d44c8003a2500b5a2ec9bf0748/screenshot - {}
RESULT: {}
COMMAND: POST /session/be4790d44c8003a2500b5a2ec9bf0748/element - {"using":"xpath","value":"//div[contains(text(), \"Commercial\")]"}
RESULT: {"using":"xpath","value":"//div[contains(text(), \"Commercial\")]"}
COMMAND: GET /session/be4790d44c8003a2500b5a2ec9bf0748/element/f.CB17890886CEBDD3BAA48AB18EF5A7DB.d.3324EFE9024517C9E94271E15A06BD00.e.8897/rect - {}
RESULT: {}
COMMAND: GET /session/be4790d44c8003a2500b5a2ec9bf0748/window/rect - {}
RESULT: {}
COMMAND: POST /session/be4790d44c8003a2500b5a2ec9bf0748/execute/sync - {"script":"<script> [92 bytes]","args":[]}
RESULT: {"script":"<script> [92 bytes]","args":[]}
COMMAND: POST /session/be4790d44c8003a2500b5a2ec9bf0748/actions - {"actions":[{"id":"action27","type":"wheel","parameters":{},"actions":[{"type":"scroll","x":-1841,"y":-44,"deltaX":0,"deltaY":0,"duration":0,"origin":{"element-6066-11e4-a52e-4f735466cecf":"f.CB17890886CEBDD3BAA48AB18EF5A7DB.d.3324EFE9024517C9E94271E15A06BD00.e.8897"}}]}]}
COMMAND: GET /session/be4790d44c8003a2500b5a2ec9bf0748/screenshot - {}
RESULT: {}
COMMAND: POST /session/be4790d44c8003a2500b5a2ec9bf0748/execute/sync - {"script":"<script> [79 bytes]","args":[{"element-6066-11e4-a52e-4f735466cecf":"f.CB17890886CEBDD3BAA48AB18EF5A7DB.d.3324EFE9024517C9E94271E15A06BD00.e.8897","ELEMENT":"f.CB17890886CEBDD3BAA48AB18EF5A7DB.d.3324EFE9024517C9E94271E15A06BD00.e.8897"},{"block":"start","inline":"nearest"}]}
RESULT: {"script":"<script> [79 bytes]","args":[{"element-6066-11e4-a52e-4f735466cecf":"f.CB17890886CEBDD3BAA48AB18EF5A7DB.d.3324EFE9024517C9E94271E15A06BD00.e.8897","ELEMENT":"f.CB17890886CEBDD3BAA48AB18EF5A7DB.d.3324EFE9024517C9E94271E15A06BD00.e.8897"},{"block":"start","inline":"nearest"}]}
COMMAND: GET /session/be4790d44c8003a2500b5a2ec9bf0748/screenshot - {}
RESULT: {}
COMMAND: POST /session/be4790d44c8003a2500b5a2ec9bf0748/execute/async - {"script":"<script> [1562 bytes]","args":[{"selector":{"id":"application-manageyards-display-component---NewYard--addressEditDetailsCostObjectCstType-arrow"},"wdio_ui5_key":"applicationmanageyards-display-component---NewYard--addressEditDetailsCostObjectCstType-arrow"}]}
RESULT: {"script":"<script> [1562 bytes]","args":[{"selector":{"id":"application-manageyards-display-component---NewYard--addressEditDetailsCostObjectCstType-arrow"},"wdio_ui5_key":"applicationmanageyards-display-component---NewYard--addressEditDetailsCostObjectCstType-arrow"}]}
RESULT: undefined
COMMAND: POST /session/be4790d44c8003a2500b5a2ec9bf0748/element - {"using":"xpath","value":"//*[@id=\"application-manageyards-display-component---NewYard--addressEditDetailsCostObjectCstType-arrow\"]"}
RESULT: {"using":"xpath","value":"//*[@id=\"application-manageyards-display-component---NewYard--addressEditDetailsCostObjectCstType-arrow\"]"}
COMMAND: POST /session/be4790d44c8003a2500b5a2ec9bf0748/element/f.CB17890886CEBDD3BAA48AB18EF5A7DB.d.3324EFE9024517C9E94271E15A06BD00.e.8898/click - {}
RESULT: {}
COMMAND: POST /session/be4790d44c8003a2500b5a2ec9bf0748/element - {"using":"xpath","value":"//span[contains(text(), \"Cost Center\")]"}
COMMAND: GET /session/be4790d44c8003a2500b5a2ec9bf0748/screenshot - {}
RESULT: {"using":"xpath","value":"//span[contains(text(), \"Cost Center\")]"}
COMMAND: POST /session/be4790d44c8003a2500b5a2ec9bf0748/element/f.CB17890886CEBDD3BAA48AB18EF5A7DB.d.3324EFE9024517C9E94271E15A06BD00.e.8899/click - {}
RESULT: {}
RESULT: {}
COMMAND: GET /session/be4790d44c8003a2500b5a2ec9bf0748/screenshot - {}
RESULT: {}
COMMAND: POST /session/be4790d44c8003a2500b5a2ec9bf0748/execute/async - {"script":"<script> [1562 bytes]","args":[{"selector":{"id":"application-manageyards-display-component---NewYard--addressNewCostObjectCstID-vhi"},"wdio_ui5_key":"applicationmanageyards-display-component---NewYard--addressNewCostObjectCstID-vhi"}]}
RESULT: {"script":"<script> [1562 bytes]","args":[{"selector":{"id":"application-manageyards-display-component---NewYard--addressNewCostObjectCstID-vhi"},"wdio_ui5_key":"applicationmanageyards-display-component---NewYard--addressNewCostObjectCstID-vhi"}]}
RESULT: undefined
COMMAND: POST /session/be4790d44c8003a2500b5a2ec9bf0748/element - {"using":"xpath","value":"//*[@id=\"application-manageyards-display-component---NewYard--addressNewCostObjectCstID-vhi\"]"}
RESULT: {"using":"xpath","value":"//*[@id=\"application-manageyards-display-component---NewYard--addressNewCostObjectCstID-vhi\"]"}
COMMAND: POST /session/be4790d44c8003a2500b5a2ec9bf0748/element/f.CB17890886CEBDD3BAA48AB18EF5A7DB.d.3324EFE9024517C9E94271E15A06BD00.e.8903/click - {}
RESULT: {}
COMMAND: GET /session/be4790d44c8003a2500b5a2ec9bf0748/screenshot - {}
RESULT: {}
COMMAND: POST /session/be4790d44c8003a2500b5a2ec9bf0748/execute/async - {"script":"<script> [1562 bytes]","args":[{"selector":{"controlType":"sap.m.SearchField","properties":{"placeholder":"Search"},"searchOpenDialogs":true,"interaction":{"idSuffix":"I"}},"wdio_ui5_key":"sapm.SearchField{\"placeholder\":\"Search\"}"}]}
RESULT: {"script":"<script> [1562 bytes]","args":[{"selector":{"controlType":"sap.m.SearchField","properties":{"placeholder":"Search"},"searchOpenDialogs":true,"interaction":{"idSuffix":"I"}},"wdio_ui5_key":"sapm.SearchField{\"placeholder\":\"Search\"}"}]}
RESULT: undefined
COMMAND: POST /session/be4790d44c8003a2500b5a2ec9bf0748/execute/async - {"script":"<script> [776 bytes]","args":[{"enterText":"10001013","selector":{"controlType":"sap.m.SearchField","properties":{"placeholder":"Search"},"searchOpenDialogs":true,"interaction":{"idSuffix":"I"}},"clearTextFirst":true,"interactionType":"ENTER_TEXT"}]}
RESULT: {"script":"<script> [776 bytes]","args":[{"enterText":"10001013","selector":{"controlType":"sap.m.SearchField","properties":{"placeholder":"Search"},"searchOpenDialogs":true,"interaction":{"idSuffix":"I"}},"clearTextFirst":true,"interactionType":"ENTER_TEXT"}]}
COMMAND: POST /session/be4790d44c8003a2500b5a2ec9bf0748/actions - {"actions":[{"id":"action28","type":"key","parameters":{},"actions":[{"type":"keyDown","value":"î€‡"},{"type":"pause","duration":10},{"type":"keyUp","value":"î€‡"}]}]}
RESULT: {"actions":[{"id":"action28","type":"key","parameters":{},"actions":[{"type":"keyDown","value":"î€‡"},{"type":"pause","duration":10},{"type":"keyUp","value":"î€‡"}]}]}
COMMAND: GET /session/be4790d44c8003a2500b5a2ec9bf0748/screenshot - {}
RESULT: {}
COMMAND: POST /session/be4790d44c8003a2500b5a2ec9bf0748/element - {"using":"xpath","value":"//span[contains(text(), \"General Management\")]"}
RESULT: {"using":"xpath","value":"//span[contains(text(), \"General Management\")]"}
COMMAND: POST /session/be4790d44c8003a2500b5a2ec9bf0748/element/f.CB17890886CEBDD3BAA48AB18EF5A7DB.d.3324EFE9024517C9E94271E15A06BD00.e.8944/click - {}
RESULT: {}
COMMAND: GET /session/be4790d44c8003a2500b5a2ec9bf0748/screenshot - {}
RESULT: {}
COMMAND: POST /session/be4790d44c8003a2500b5a2ec9bf0748/element - {"using":"xpath","value":"//bdi[contains(text(), \"OK\")]"}
RESULT: {"using":"xpath","value":"//bdi[contains(text(), \"OK\")]"}
COMMAND: POST /session/be4790d44c8003a2500b5a2ec9bf0748/element/f.CB17890886CEBDD3BAA48AB18EF5A7DB.d.3324EFE9024517C9E94271E15A06BD00.e.8945/click - {}
RESULT: {}
COMMAND: GET /session/be4790d44c8003a2500b5a2ec9bf0748/screenshot - {}
RESULT: {}
COMMAND: POST /session/be4790d44c8003a2500b5a2ec9bf0748/execute/async - {"script":"<script> [1562 bytes]","args":[{"selector":{"id":"application-manageyards-display-component---NewYard--addressEditDetailsCurrency","interaction":{"idSuffix":"inner"}},"wdio_ui5_key":"applicationmanageyards-display-component---NewYard--addressEditDetailsCurrency"}]}
RESULT: {"script":"<script> [1562 bytes]","args":[{"selector":{"id":"application-manageyards-display-component---NewYard--addressEditDetailsCurrency","interaction":{"idSuffix":"inner"}},"wdio_ui5_key":"applicationmanageyards-display-component---NewYard--addressEditDetailsCurrency"}]}
RESULT: undefined
COMMAND: POST /session/be4790d44c8003a2500b5a2ec9bf0748/execute/async - {"script":"<script> [776 bytes]","args":[{"enterText":"Euro","selector":{"id":"application-manageyards-display-component---NewYard--addressEditDetailsCurrency","interaction":{"idSuffix":"inner"}},"clearTextFirst":true,"interactionType":"ENTER_TEXT"}]}
RESULT: {"script":"<script> [776 bytes]","args":[{"enterText":"Euro","selector":{"id":"application-manageyards-display-component---NewYard--addressEditDetailsCurrency","interaction":{"idSuffix":"inner"}},"clearTextFirst":true,"interactionType":"ENTER_TEXT"}]}
COMMAND: POST /session/be4790d44c8003a2500b5a2ec9bf0748/execute/async - {"script":"<script> [1562 bytes]","args":[{"selector":{"controlType":"sap.m.Input","viewName":"etm.portal.ui.manageyards.view.New","viewId":"application-manageyards-display-component---NewYard","bindingPath":{"path":"","propertyPath":"/CONTROLLING_AREA","modelName":"NewYardModel"},"interaction":{"idSuffix":"inner"}},"wdio_ui5_key":"etmportal.ui.manageyards.view.Newsap.m.Input{\"path\":\"\",\"propertyPath\":\"/CONTROLLING_AREA\",\"modelName\":\"NewYardModel\"}"}]}
RESULT: {"script":"<script> [1562 bytes]","args":[{"selector":{"controlType":"sap.m.Input","viewName":"etm.portal.ui.manageyards.view.New","viewId":"application-manageyards-display-component---NewYard","bindingPath":{"path":"","propertyPath":"/CONTROLLING_AREA","modelName":"NewYardModel"},"interaction":{"idSuffix":"inner"}},"wdio_ui5_key":"etmportal.ui.manageyards.view.Newsap.m.Input{\"path\":\"\",\"propertyPath\":\"/CONTROLLING_AREA\",\"modelName\":\"NewYardModel\"}"}]}
RESULT: undefined
COMMAND: POST /session/be4790d44c8003a2500b5a2ec9bf0748/execute/async - {"script":"<script> [776 bytes]","args":[{"enterText":"Z001","selector":{"controlType":"sap.m.Input","viewName":"etm.portal.ui.manageyards.view.New","viewId":"application-manageyards-display-component---NewYard","bindingPath":{"path":"","propertyPath":"/CONTROLLING_AREA","modelName":"NewYardModel"},"interaction":{"idSuffix":"inner"}},"clearTextFirst":true,"interactionType":"ENTER_TEXT"}]}
RESULT: {"script":"<script> [776 bytes]","args":[{"enterText":"Z001","selector":{"controlType":"sap.m.Input","viewName":"etm.portal.ui.manageyards.view.New","viewId":"application-manageyards-display-component---NewYard","bindingPath":{"path":"","propertyPath":"/CONTROLLING_AREA","modelName":"NewYardModel"},"interaction":{"idSuffix":"inner"}},"clearTextFirst":true,"interactionType":"ENTER_TEXT"}]}
COMMAND: POST /session/be4790d44c8003a2500b5a2ec9bf0748/execute/async - {"script":"<script> [1562 bytes]","args":[{"selector":{"id":"application-manageyards-display-component---NewYard--companyCodeComboBox","interaction":{"idSuffix":"inner"}},"wdio_ui5_key":"applicationmanageyards-display-component---NewYard--companyCodeComboBox"}]}
RESULT: {"script":"<script> [1562 bytes]","args":[{"selector":{"id":"application-manageyards-display-component---NewYard--companyCodeComboBox","interaction":{"idSuffix":"inner"}},"wdio_ui5_key":"applicationmanageyards-display-component---NewYard--companyCodeComboBox"}]}
RESULT: undefined
COMMAND: POST /session/be4790d44c8003a2500b5a2ec9bf0748/execute/async - {"script":"<script> [776 bytes]","args":[{"enterText":"1000","selector":{"id":"application-manageyards-display-component---NewYard--companyCodeComboBox","interaction":{"idSuffix":"inner"}},"clearTextFirst":true,"interactionType":"ENTER_TEXT"}]}
RESULT: {"script":"<script> [776 bytes]","args":[{"enterText":"1000","selector":{"id":"application-manageyards-display-component---NewYard--companyCodeComboBox","interaction":{"idSuffix":"inner"}},"clearTextFirst":true,"interactionType":"ENTER_TEXT"}]}
COMMAND: POST /session/be4790d44c8003a2500b5a2ec9bf0748/actions - {"actions":[{"id":"action29","type":"key","parameters":{},"actions":[{"type":"keyDown","value":"î€‡"},{"type":"pause","duration":10},{"type":"keyUp","value":"î€‡"}]}]}
RESULT: {"actions":[{"id":"action29","type":"key","parameters":{},"actions":[{"type":"keyDown","value":"î€‡"},{"type":"pause","duration":10},{"type":"keyUp","value":"î€‡"}]}]}
COMMAND: POST /session/be4790d44c8003a2500b5a2ec9bf0748/execute/async - {"script":"<script> [1562 bytes]","args":[{"selector":{"controlType":"sap.m.Input","viewName":"etm.portal.ui.manageyards.view.New","viewId":"application-manageyards-display-component---NewYard","bindingPath":{"path":"","propertyPath":"/PLANT","modelName":"NewYardModel"},"interaction":{"idSuffix":"inner"}},"wdio_ui5_key":"etmportal.ui.manageyards.view.Newsap.m.Input{\"path\":\"\",\"propertyPath\":\"/PLANT\",\"modelName\":\"NewYardModel\"}"}]}
COMMAND: GET /session/be4790d44c8003a2500b5a2ec9bf0748/screenshot - {}
RESULT: {"script":"<script> [1562 bytes]","args":[{"selector":{"controlType":"sap.m.Input","viewName":"etm.portal.ui.manageyards.view.New","viewId":"application-manageyards-display-component---NewYard","bindingPath":{"path":"","propertyPath":"/PLANT","modelName":"NewYardModel"},"interaction":{"idSuffix":"inner"}},"wdio_ui5_key":"etmportal.ui.manageyards.view.Newsap.m.Input{\"path\":\"\",\"propertyPath\":\"/PLANT\",\"modelName\":\"NewYardModel\"}"}]}
RESULT: undefined
COMMAND: POST /session/be4790d44c8003a2500b5a2ec9bf0748/execute/async - {"script":"<script> [776 bytes]","args":[{"enterText":"1001","selector":{"controlType":"sap.m.Input","viewName":"etm.portal.ui.manageyards.view.New","viewId":"application-manageyards-display-component---NewYard","bindingPath":{"path":"","propertyPath":"/PLANT","modelName":"NewYardModel"},"interaction":{"idSuffix":"inner"}},"clearTextFirst":true,"interactionType":"ENTER_TEXT"}]}
RESULT: {}
RESULT: {"script":"<script> [776 bytes]","args":[{"enterText":"1001","selector":{"controlType":"sap.m.Input","viewName":"etm.portal.ui.manageyards.view.New","viewId":"application-manageyards-display-component---NewYard","bindingPath":{"path":"","propertyPath":"/PLANT","modelName":"NewYardModel"},"interaction":{"idSuffix":"inner"}},"clearTextFirst":true,"interactionType":"ENTER_TEXT"}]}
COMMAND: POST /session/be4790d44c8003a2500b5a2ec9bf0748/execute/async - {"script":"<script> [1562 bytes]","args":[{"selector":{"controlType":"sap.m.Input","viewName":"etm.portal.ui.manageyards.view.New","viewId":"application-manageyards-display-component---NewYard","bindingPath":{"path":"","propertyPath":"/SALES_AREA_VKORG","modelName":"NewYardModel"},"interaction":{"idSuffix":"inner"}},"wdio_ui5_key":"etmportal.ui.manageyards.view.Newsap.m.Input{\"path\":\"\",\"propertyPath\":\"/SALES_AREA_VKORG\",\"modelName\":\"NewYardModel\"}"}]}
RESULT: {"script":"<script> [1562 bytes]","args":[{"selector":{"controlType":"sap.m.Input","viewName":"etm.portal.ui.manageyards.view.New","viewId":"application-manageyards-display-component---NewYard","bindingPath":{"path":"","propertyPath":"/SALES_AREA_VKORG","modelName":"NewYardModel"},"interaction":{"idSuffix":"inner"}},"wdio_ui5_key":"etmportal.ui.manageyards.view.Newsap.m.Input{\"path\":\"\",\"propertyPath\":\"/SALES_AREA_VKORG\",\"modelName\":\"NewYardModel\"}"}]}
RESULT: undefined
COMMAND: POST /session/be4790d44c8003a2500b5a2ec9bf0748/execute/async - {"script":"<script> [776 bytes]","args":[{"enterText":"C002","selector":{"controlType":"sap.m.Input","viewName":"etm.portal.ui.manageyards.view.New","viewId":"application-manageyards-display-component---NewYard","bindingPath":{"path":"","propertyPath":"/SALES_AREA_VKORG","modelName":"NewYardModel"},"interaction":{"idSuffix":"inner"}},"clearTextFirst":true,"interactionType":"ENTER_TEXT"}]}
RESULT: {"script":"<script> [776 bytes]","args":[{"enterText":"C002","selector":{"controlType":"sap.m.Input","viewName":"etm.portal.ui.manageyards.view.New","viewId":"application-manageyards-display-component---NewYard","bindingPath":{"path":"","propertyPath":"/SALES_AREA_VKORG","modelName":"NewYardModel"},"interaction":{"idSuffix":"inner"}},"clearTextFirst":true,"interactionType":"ENTER_TEXT"}]}
COMMAND: POST /session/be4790d44c8003a2500b5a2ec9bf0748/execute/async - {"script":"<script> [1562 bytes]","args":[{"selector":{"controlType":"sap.m.Input","viewName":"etm.portal.ui.manageyards.view.New","viewId":"application-manageyards-display-component---NewYard","bindingPath":{"path":"","propertyPath":"/SALES_AREA_VTWEG","modelName":"NewYardModel"},"interaction":{"idSuffix":"inner"}},"wdio_ui5_key":"etmportal.ui.manageyards.view.Newsap.m.Input{\"path\":\"\",\"propertyPath\":\"/SALES_AREA_VTWEG\",\"modelName\":\"NewYardModel\"}"}]}
RESULT: {"script":"<script> [1562 bytes]","args":[{"selector":{"controlType":"sap.m.Input","viewName":"etm.portal.ui.manageyards.view.New","viewId":"application-manageyards-display-component---NewYard","bindingPath":{"path":"","propertyPath":"/SALES_AREA_VTWEG","modelName":"NewYardModel"},"interaction":{"idSuffix":"inner"}},"wdio_ui5_key":"etmportal.ui.manageyards.view.Newsap.m.Input{\"path\":\"\",\"propertyPath\":\"/SALES_AREA_VTWEG\",\"modelName\":\"NewYardModel\"}"}]}
RESULT: undefined
COMMAND: POST /session/be4790d44c8003a2500b5a2ec9bf0748/execute/async - {"script":"<script> [776 bytes]","args":[{"enterText":"C2","selector":{"controlType":"sap.m.Input","viewName":"etm.portal.ui.manageyards.view.New","viewId":"application-manageyards-display-component---NewYard","bindingPath":{"path":"","propertyPath":"/SALES_AREA_VTWEG","modelName":"NewYardModel"},"interaction":{"idSuffix":"inner"}},"clearTextFirst":true,"interactionType":"ENTER_TEXT"}]}
RESULT: {"script":"<script> [776 bytes]","args":[{"enterText":"C2","selector":{"controlType":"sap.m.Input","viewName":"etm.portal.ui.manageyards.view.New","viewId":"application-manageyards-display-component---NewYard","bindingPath":{"path":"","propertyPath":"/SALES_AREA_VTWEG","modelName":"NewYardModel"},"interaction":{"idSuffix":"inner"}},"clearTextFirst":true,"interactionType":"ENTER_TEXT"}]}
COMMAND: POST /session/be4790d44c8003a2500b5a2ec9bf0748/execute/async - {"script":"<script> [1562 bytes]","args":[{"selector":{"controlType":"sap.m.Input","viewName":"etm.portal.ui.manageyards.view.New","viewId":"application-manageyards-display-component---NewYard","bindingPath":{"path":"","propertyPath":"/SALES_AREA_SPART","modelName":"NewYardModel"},"interaction":{"idSuffix":"inner"}},"wdio_ui5_key":"etmportal.ui.manageyards.view.Newsap.m.Input{\"path\":\"\",\"propertyPath\":\"/SALES_AREA_SPART\",\"modelName\":\"NewYardModel\"}"}]}
RESULT: {"script":"<script> [1562 bytes]","args":[{"selector":{"controlType":"sap.m.Input","viewName":"etm.portal.ui.manageyards.view.New","viewId":"application-manageyards-display-component---NewYard","bindingPath":{"path":"","propertyPath":"/SALES_AREA_SPART","modelName":"NewYardModel"},"interaction":{"idSuffix":"inner"}},"wdio_ui5_key":"etmportal.ui.manageyards.view.Newsap.m.Input{\"path\":\"\",\"propertyPath\":\"/SALES_AREA_SPART\",\"modelName\":\"NewYardModel\"}"}]}
RESULT: undefined
COMMAND: POST /session/be4790d44c8003a2500b5a2ec9bf0748/execute/async - {"script":"<script> [776 bytes]","args":[{"enterText":"C2","selector":{"controlType":"sap.m.Input","viewName":"etm.portal.ui.manageyards.view.New","viewId":"application-manageyards-display-component---NewYard","bindingPath":{"path":"","propertyPath":"/SALES_AREA_SPART","modelName":"NewYardModel"},"interaction":{"idSuffix":"inner"}},"clearTextFirst":true,"interactionType":"ENTER_TEXT"}]}
RESULT: {"script":"<script> [776 bytes]","args":[{"enterText":"C2","selector":{"controlType":"sap.m.Input","viewName":"etm.portal.ui.manageyards.view.New","viewId":"application-manageyards-display-component---NewYard","bindingPath":{"path":"","propertyPath":"/SALES_AREA_SPART","modelName":"NewYardModel"},"interaction":{"idSuffix":"inner"}},"clearTextFirst":true,"interactionType":"ENTER_TEXT"}]}
COMMAND: POST /session/be4790d44c8003a2500b5a2ec9bf0748/execute/async - {"script":"<script> [1562 bytes]","args":[{"selector":{"id":"application-manageyards-display-component---NewYard--whmCheckBox","interaction":{"idSuffix":"CbBg"}},"wdio_ui5_key":"applicationmanageyards-display-component---NewYard--whmCheckBox"}]}
RESULT: {"script":"<script> [1562 bytes]","args":[{"selector":{"id":"application-manageyards-display-component---NewYard--whmCheckBox","interaction":{"idSuffix":"CbBg"}},"wdio_ui5_key":"applicationmanageyards-display-component---NewYard--whmCheckBox"}]}
RESULT: undefined
COMMAND: POST /session/be4790d44c8003a2500b5a2ec9bf0748/element - {"using":"xpath","value":"//*[@id=\"application-manageyards-display-component---NewYard--whmCheckBox\"]"}
RESULT: {"using":"xpath","value":"//*[@id=\"application-manageyards-display-component---NewYard--whmCheckBox\"]"}
COMMAND: POST /session/be4790d44c8003a2500b5a2ec9bf0748/element/f.CB17890886CEBDD3BAA48AB18EF5A7DB.d.3324EFE9024517C9E94271E15A06BD00.e.8956/click - {}
RESULT: {}
COMMAND: POST /session/be4790d44c8003a2500b5a2ec9bf0748/execute/async - {"script":"<script> [1562 bytes]","args":[{"selector":{"controlType":"sap.m.Button","viewName":"etm.portal.ui.manageyards.view.New","viewId":"application-manageyards-display-component---NewYard","i18NText":{"propertyName":"text","key":"save"},"interaction":{"idSuffix":"inner"}},"wdio_ui5_key":"etmportal.ui.manageyards.view.Newsap.m.Button{\"propertyName\":\"text\",\"key\":\"save\"}"}]}
COMMAND: GET /session/be4790d44c8003a2500b5a2ec9bf0748/screenshot - {}
RESULT: {"script":"<script> [1562 bytes]","args":[{"selector":{"controlType":"sap.m.Button","viewName":"etm.portal.ui.manageyards.view.New","viewId":"application-manageyards-display-component---NewYard","i18NText":{"propertyName":"text","key":"save"},"interaction":{"idSuffix":"inner"}},"wdio_ui5_key":"etmportal.ui.manageyards.view.Newsap.m.Button{\"propertyName\":\"text\",\"key\":\"save\"}"}]}
RESULT: undefined
COMMAND: POST /session/be4790d44c8003a2500b5a2ec9bf0748/element - {"using":"xpath","value":"//*[@id=\"__button18\"]"}
RESULT: {}
RESULT: {"using":"xpath","value":"//*[@id=\"__button18\"]"}
COMMAND: POST /session/be4790d44c8003a2500b5a2ec9bf0748/element/f.CB17890886CEBDD3BAA48AB18EF5A7DB.d.3324EFE9024517C9E94271E15A06BD00.e.8867/click - {}
RESULT: {}
COMMAND: GET /session/be4790d44c8003a2500b5a2ec9bf0748/screenshot - {}
RESULT: {}
COMMAND: POST /session/be4790d44c8003a2500b5a2ec9bf0748/element - {"using":"css selector","value":"#shell-header-logo"}
RESULT: {"using":"css selector","value":"#shell-header-logo"}
COMMAND: POST /session/be4790d44c8003a2500b5a2ec9bf0748/element/f.CB17890886CEBDD3BAA48AB18EF5A7DB.d.3324EFE9024517C9E94271E15A06BD00.e.8416/click - {}
RESULT: {}
COMMAND: GET /session/be4790d44c8003a2500b5a2ec9bf0748/screenshot - {}
RESULT: {}
COMMAND: POST /session/be4790d44c8003a2500b5a2ec9bf0748/refresh - {}
RESULT: {}
COMMAND: GET /session/be4790d44c8003a2500b5a2ec9bf0748/screenshot - {}
RESULT: {}
COMMAND: POST /session/be4790d44c8003a2500b5a2ec9bf0748/execute/async - {"script":"<script> [189 bytes]","args":[]}
RESULT: {"script":"<script> [189 bytes]","args":[]}
COMMAND: POST /session/be4790d44c8003a2500b5a2ec9bf0748/execute/async - {"script":"<script> [123 bytes]","args":[]}
RESULT: {"script":"<script> [123 bytes]","args":[]}
COMMAND: POST /session/be4790d44c8003a2500b5a2ec9bf0748/timeouts - {"script":"<number>"}
RESULT: {"script":"<number>"}
COMMAND: GET /session/be4790d44c8003a2500b5a2ec9bf0748/timeouts - {}
RESULT: {}
RESULT: undefined
COMMAND: POST /session/be4790d44c8003a2500b5a2ec9bf0748/execute/async - {"script":"<script> [2676 bytes]","args":[]}
RESULT: {"script":"<script> [2676 bytes]","args":[]}
COMMAND: POST /session/be4790d44c8003a2500b5a2ec9bf0748/execute/async - {"script":"<script> [2342 bytes]","args":[{"protocol":"http","hostname":"0.0.0.0","path":"/","capabilities":{"browserName":"chrome","goog:chromeOptions":{"binary":"C:\\Program Files\\Google\\Chrome\\Application\\chrome.exe","args":["--start-maximized"]}},"logLevel":"warn","connectionRetryTimeout":120000,"connectionRetryCount":3,"logLevels":{},"enableDirectConnect":true,"strictSSL":true,"_":"65 more keys: [\"cacheDir\",\"port\",\"requestedCapabilities\",\"automationProtocol\",\"baseUrl\",\"waitforInterval\",\"waitforTimeout\",\"onReload\",\"beforeCommand\",\"afterCommand\",\"rootDir\",\"specs\",\"suites\",\"exclude\",\"groupLogsByTestSpec\",\"excludeDriverLogs\",\"bail\",\"framework\",\"reporters\",\"services\",\"maxInstances\",\"maxInstancesPerCapability\",\"injectGlobals\",\"filesToWatch\",\"execArgv\",\"runnerEnv\",\"runner\",\"shard\",\"specFileRetries\",\"specFileRetriesDelay\",\"specFileRetriesDeferred\",\"reporterSyncInterval\",\"reporterSyncTimeout\",\"cucumberFeaturesWithLineNumbers\",\"autoCompileOpts\",\"mochaOpts\",\"jasmineOpts\",\"cucumberOpts\",\"onPrepare\",\"onWorkerStart\",\"onWorkerEnd\",\"before\",\"beforeSession\",\"beforeSuite\",\"beforeHook\",\"beforeTest\",\"afterTest\",\"afterHook\",\"afterSuite\",\"afterSession\",\"after\",\"onComplete\",\"beforeAssertion\",\"afterAssertion\",\"beforeFeature\",\"beforeScenario\",\"beforeStep\",\"afterStep\",\"afterScenario\",\"afterFeature\",\"_\",\"suite\",\"$0\",\"ignoredWorkerServices\",\"wdi5\"]"}]}
RESULT: {"script":"<script> [2342 bytes]","args":[{"protocol":"http","hostname":"0.0.0.0","path":"/","capabilities":{"browserName":"chrome","goog:chromeOptions":{"binary":"C:\\Program Files\\Google\\Chrome\\Application\\chrome.exe","args":["--start-maximized"]}},"logLevel":"warn","connectionRetryTimeout":120000,"connectionRetryCount":3,"logLevels":{},"enableDirectConnect":true,"strictSSL":true,"_":"65 more keys: [\"cacheDir\",\"port\",\"requestedCapabilities\",\"automationProtocol\",\"baseUrl\",\"waitforInterval\",\"waitforTimeout\",\"onReload\",\"beforeCommand\",\"afterCommand\",\"rootDir\",\"specs\",\"suites\",\"exclude\",\"groupLogsByTestSpec\",\"excludeDriverLogs\",\"bail\",\"framework\",\"reporters\",\"services\",\"maxInstances\",\"maxInstancesPerCapability\",\"injectGlobals\",\"filesToWatch\",\"execArgv\",\"runnerEnv\",\"runner\",\"shard\",\"specFileRetries\",\"specFileRetriesDelay\",\"specFileRetriesDeferred\",\"reporterSyncInterval\",\"reporterSyncTimeout\",\"cucumberFeaturesWithLineNumbers\",\"autoCompileOpts\",\"mochaOpts\",\"jasmineOpts\",\"cucumberOpts\",\"onPrepare\",\"onWorkerStart\",\"onWorkerEnd\",\"before\",\"beforeSession\",\"beforeSuite\",\"beforeHook\",\"beforeTest\",\"afterTest\",\"afterHook\",\"afterSuite\",\"afterSession\",\"after\",\"onComplete\",\"beforeAssertion\",\"afterAssertion\",\"beforeFeature\",\"beforeScenario\",\"beforeStep\",\"afterStep\",\"afterScenario\",\"afterFeature\",\"_\",\"suite\",\"$0\",\"ignoredWorkerServices\",\"wdi5\"]"}]}
COMMAND: POST /session/be4790d44c8003a2500b5a2ec9bf0748/execute/async - {"script":"<script> [21126 bytes]","args":[35000]}
RESULT: {"script":"<script> [21126 bytes]","args":[35000]}
]]></system-out>
    </testcase>
    <testcase classname="chrome.135_0_7049_96.windows.Warehouse_movements_inventory_test" name="Should create a new warehouse organization" time="71.304">
      <system-out><![CDATA[
COMMAND: POST /session/be4790d44c8003a2500b5a2ec9bf0748/execute/async - {"script":"<script> [1562 bytes]","args":[{"selector":{"controlType":"sap.m.GenericTile","properties":{"header":"Bin Status Report"}},"wdio_ui5_key":"sapm.GenericTile{\"header\":\"Bin Status Report\"}"}]}
RESULT: {"script":"<script> [1562 bytes]","args":[{"selector":{"controlType":"sap.m.GenericTile","properties":{"header":"Bin Status Report"}},"wdio_ui5_key":"sapm.GenericTile{\"header\":\"Bin Status Report\"}"}]}
RESULT: undefined
COMMAND: POST /session/be4790d44c8003a2500b5a2ec9bf0748/element - {"using":"xpath","value":"//*[@id=\"__tile104\"]"}
RESULT: {"using":"xpath","value":"//*[@id=\"__tile104\"]"}
COMMAND: POST /session/be4790d44c8003a2500b5a2ec9bf0748/element/f.CB17890886CEBDD3BAA48AB18EF5A7DB.d.4EF477BDE6FEED5CE611B9C9B76E52DE.e.9175/click - {}
RESULT: {}
COMMAND: GET /session/be4790d44c8003a2500b5a2ec9bf0748/screenshot - {}
RESULT: {}
COMMAND: POST /session/be4790d44c8003a2500b5a2ec9bf0748/execute/async - {"script":"<script> [1562 bytes]","args":[{"selector":{"id":"application-binstatusreport-display-component---warehousing--createOrgBtn","interaction":{"idSuffix":"BDI-content"}},"wdio_ui5_key":"applicationbinstatusreport-display-component---warehousing--createOrgBtn"}]}
RESULT: {"script":"<script> [1562 bytes]","args":[{"selector":{"id":"application-binstatusreport-display-component---warehousing--createOrgBtn","interaction":{"idSuffix":"BDI-content"}},"wdio_ui5_key":"applicationbinstatusreport-display-component---warehousing--createOrgBtn"}]}
RESULT: undefined
COMMAND: POST /session/be4790d44c8003a2500b5a2ec9bf0748/element - {"using":"xpath","value":"//*[@id=\"application-binstatusreport-display-component---warehousing--createOrgBtn\"]"}
RESULT: {"using":"xpath","value":"//*[@id=\"application-binstatusreport-display-component---warehousing--createOrgBtn\"]"}
COMMAND: POST /session/be4790d44c8003a2500b5a2ec9bf0748/element/f.CB17890886CEBDD3BAA48AB18EF5A7DB.d.4EF477BDE6FEED5CE611B9C9B76E52DE.e.9220/click - {}
RESULT: {}
COMMAND: GET /session/be4790d44c8003a2500b5a2ec9bf0748/screenshot - {}
RESULT: {}
COMMAND: POST /session/be4790d44c8003a2500b5a2ec9bf0748/execute/async - {"script":"<script> [1562 bytes]","args":[{"selector":{"id":"createOrganizationPop--sectionInput","searchOpenDialogs":true,"interaction":{"idSuffix":"inner"}},"wdio_ui5_key":"createOrganizationPopsectionInput"}]}
RESULT: {"script":"<script> [1562 bytes]","args":[{"selector":{"id":"createOrganizationPop--sectionInput","searchOpenDialogs":true,"interaction":{"idSuffix":"inner"}},"wdio_ui5_key":"createOrganizationPopsectionInput"}]}
RESULT: undefined
COMMAND: POST /session/be4790d44c8003a2500b5a2ec9bf0748/execute/async - {"script":"<script> [776 bytes]","args":[{"enterText":"Secygqrzh","selector":{"id":"createOrganizationPop--sectionInput","searchOpenDialogs":true,"interaction":{"idSuffix":"inner"}},"clearTextFirst":true,"interactionType":"ENTER_TEXT"}]}
RESULT: {"script":"<script> [776 bytes]","args":[{"enterText":"Secygqrzh","selector":{"id":"createOrganizationPop--sectionInput","searchOpenDialogs":true,"interaction":{"idSuffix":"inner"}},"clearTextFirst":true,"interactionType":"ENTER_TEXT"}]}
COMMAND: POST /session/be4790d44c8003a2500b5a2ec9bf0748/execute/async - {"script":"<script> [1562 bytes]","args":[{"selector":{"id":"createOrganizationPop--descriptionInput","searchOpenDialogs":true,"interaction":{"idSuffix":"inner"}},"wdio_ui5_key":"createOrganizationPopdescriptionInput"}]}
RESULT: {"script":"<script> [1562 bytes]","args":[{"selector":{"id":"createOrganizationPop--descriptionInput","searchOpenDialogs":true,"interaction":{"idSuffix":"inner"}},"wdio_ui5_key":"createOrganizationPopdescriptionInput"}]}
RESULT: undefined
COMMAND: POST /session/be4790d44c8003a2500b5a2ec9bf0748/execute/async - {"script":"<script> [776 bytes]","args":[{"enterText":"OrgNamenc5eu","selector":{"id":"createOrganizationPop--descriptionInput","searchOpenDialogs":true,"interaction":{"idSuffix":"inner"}},"clearTextFirst":true,"interactionType":"ENTER_TEXT"}]}
RESULT: {"script":"<script> [776 bytes]","args":[{"enterText":"OrgNamenc5eu","selector":{"id":"createOrganizationPop--descriptionInput","searchOpenDialogs":true,"interaction":{"idSuffix":"inner"}},"clearTextFirst":true,"interactionType":"ENTER_TEXT"}]}
COMMAND: POST /session/be4790d44c8003a2500b5a2ec9bf0748/element - {"using":"xpath","value":"//input[contains(@id ,\"createOrganizationPop--yardOrg-inner\")]"}
RESULT: {"using":"xpath","value":"//input[contains(@id ,\"createOrganizationPop--yardOrg-inner\")]"}
COMMAND: POST /session/be4790d44c8003a2500b5a2ec9bf0748/element/f.CB17890886CEBDD3BAA48AB18EF5A7DB.d.4EF477BDE6FEED5CE611B9C9B76E52DE.e.9259/clear - {}
RESULT: {}
COMMAND: POST /session/be4790d44c8003a2500b5a2ec9bf0748/element/f.CB17890886CEBDD3BAA48AB18EF5A7DB.d.4EF477BDE6FEED5CE611B9C9B76E52DE.e.9259/value - {"text":"WebdriverWHMYard1ktag"}
COMMAND: GET /session/be4790d44c8003a2500b5a2ec9bf0748/screenshot - {}
RESULT: {"text":"WebdriverWHMYard1ktag"}
COMMAND: GET /session/be4790d44c8003a2500b5a2ec9bf0748/screenshot - {}
RESULT: {}
RESULT: {}
COMMAND: POST /session/be4790d44c8003a2500b5a2ec9bf0748/actions - {"actions":[{"id":"action30","type":"key","parameters":{},"actions":[{"type":"keyDown","value":"î€‡"},{"type":"pause","duration":10},{"type":"keyUp","value":"î€‡"}]}]}
RESULT: {"actions":[{"id":"action30","type":"key","parameters":{},"actions":[{"type":"keyDown","value":"î€‡"},{"type":"pause","duration":10},{"type":"keyUp","value":"î€‡"}]}]}
COMMAND: GET /session/be4790d44c8003a2500b5a2ec9bf0748/screenshot - {}
RESULT: {}
COMMAND: POST /session/be4790d44c8003a2500b5a2ec9bf0748/execute/async - {"script":"<script> [1562 bytes]","args":[{"selector":{"id":"createOrganizationPop--grZone","searchOpenDialogs":true,"interaction":{"idSuffix":"CbBg"}},"wdio_ui5_key":"createOrganizationPopgrZone"}]}
RESULT: {"script":"<script> [1562 bytes]","args":[{"selector":{"id":"createOrganizationPop--grZone","searchOpenDialogs":true,"interaction":{"idSuffix":"CbBg"}},"wdio_ui5_key":"createOrganizationPopgrZone"}]}
RESULT: undefined
COMMAND: POST /session/be4790d44c8003a2500b5a2ec9bf0748/element - {"using":"xpath","value":"//*[@id=\"createOrganizationPop--grZone\"]"}
RESULT: {"using":"xpath","value":"//*[@id=\"createOrganizationPop--grZone\"]"}
COMMAND: POST /session/be4790d44c8003a2500b5a2ec9bf0748/element/f.CB17890886CEBDD3BAA48AB18EF5A7DB.d.4EF477BDE6FEED5CE611B9C9B76E52DE.e.9281/click - {}
RESULT: {}
COMMAND: POST /session/be4790d44c8003a2500b5a2ec9bf0748/execute/async - {"script":"<script> [1562 bytes]","args":[{"selector":{"id":"createOrganizationPop--giZone","searchOpenDialogs":true,"interaction":{"idSuffix":"CbBg"}},"wdio_ui5_key":"createOrganizationPopgiZone"}]}
COMMAND: GET /session/be4790d44c8003a2500b5a2ec9bf0748/screenshot - {}
RESULT: {"script":"<script> [1562 bytes]","args":[{"selector":{"id":"createOrganizationPop--giZone","searchOpenDialogs":true,"interaction":{"idSuffix":"CbBg"}},"wdio_ui5_key":"createOrganizationPopgiZone"}]}
RESULT: undefined
COMMAND: POST /session/be4790d44c8003a2500b5a2ec9bf0748/element - {"using":"xpath","value":"//*[@id=\"createOrganizationPop--giZone\"]"}
RESULT: {}
RESULT: {"using":"xpath","value":"//*[@id=\"createOrganizationPop--giZone\"]"}
COMMAND: POST /session/be4790d44c8003a2500b5a2ec9bf0748/element/f.CB17890886CEBDD3BAA48AB18EF5A7DB.d.4EF477BDE6FEED5CE611B9C9B76E52DE.e.9283/click - {}
RESULT: {}
COMMAND: POST /session/be4790d44c8003a2500b5a2ec9bf0748/execute/async - {"script":"<script> [1562 bytes]","args":[{"selector":{"id":"createOrganizationPop--binNoInput","searchOpenDialogs":true,"interaction":{"idSuffix":"inner"}},"wdio_ui5_key":"createOrganizationPopbinNoInput"}]}
COMMAND: GET /session/be4790d44c8003a2500b5a2ec9bf0748/screenshot - {}
RESULT: {"script":"<script> [1562 bytes]","args":[{"selector":{"id":"createOrganizationPop--binNoInput","searchOpenDialogs":true,"interaction":{"idSuffix":"inner"}},"wdio_ui5_key":"createOrganizationPopbinNoInput"}]}
RESULT: undefined
COMMAND: POST /session/be4790d44c8003a2500b5a2ec9bf0748/execute/async - {"script":"<script> [776 bytes]","args":[{"enterText":"Binz69b1","selector":{"id":"createOrganizationPop--binNoInput","searchOpenDialogs":true,"interaction":{"idSuffix":"inner"}},"clearTextFirst":true,"interactionType":"ENTER_TEXT"}]}
RESULT: {}
RESULT: {"script":"<script> [776 bytes]","args":[{"enterText":"Binz69b1","selector":{"id":"createOrganizationPop--binNoInput","searchOpenDialogs":true,"interaction":{"idSuffix":"inner"}},"clearTextFirst":true,"interactionType":"ENTER_TEXT"}]}
COMMAND: POST /session/be4790d44c8003a2500b5a2ec9bf0748/execute/async - {"script":"<script> [1562 bytes]","args":[{"selector":{"id":"createOrganizationPop--descriptionId","searchOpenDialogs":true,"interaction":{"idSuffix":"inner"}},"wdio_ui5_key":"createOrganizationPopdescriptionId"}]}
RESULT: {"script":"<script> [1562 bytes]","args":[{"selector":{"id":"createOrganizationPop--descriptionId","searchOpenDialogs":true,"interaction":{"idSuffix":"inner"}},"wdio_ui5_key":"createOrganizationPopdescriptionId"}]}
RESULT: undefined
COMMAND: POST /session/be4790d44c8003a2500b5a2ec9bf0748/execute/async - {"script":"<script> [776 bytes]","args":[{"enterText":"Bingx54m","selector":{"id":"createOrganizationPop--descriptionId","searchOpenDialogs":true,"interaction":{"idSuffix":"inner"}},"clearTextFirst":true,"interactionType":"ENTER_TEXT"}]}
RESULT: {"script":"<script> [776 bytes]","args":[{"enterText":"Bingx54m","selector":{"id":"createOrganizationPop--descriptionId","searchOpenDialogs":true,"interaction":{"idSuffix":"inner"}},"clearTextFirst":true,"interactionType":"ENTER_TEXT"}]}
COMMAND: POST /session/be4790d44c8003a2500b5a2ec9bf0748/execute/async - {"script":"<script> [1562 bytes]","args":[{"selector":{"controlType":"sap.m.CheckBox","viewName":"etm.portal.ui.binstatusreport.view.MasterWareBins","viewId":"application-binstatusreport-display-component---warehousing","bindingPath":{"path":"","propertyPath":"/ZONE","modelName":"newBin"},"searchOpenDialogs":true,"interaction":{"idSuffix":"CbBg"}},"wdio_ui5_key":"etmportal.ui.binstatusreport.view.MasterWareBinssap.m.CheckBox{\"path\":\"\",\"propertyPath\":\"/ZONE\",\"modelName\":\"newBin\"}"}]}
RESULT: {"script":"<script> [1562 bytes]","args":[{"selector":{"controlType":"sap.m.CheckBox","viewName":"etm.portal.ui.binstatusreport.view.MasterWareBins","viewId":"application-binstatusreport-display-component---warehousing","bindingPath":{"path":"","propertyPath":"/ZONE","modelName":"newBin"},"searchOpenDialogs":true,"interaction":{"idSuffix":"CbBg"}},"wdio_ui5_key":"etmportal.ui.binstatusreport.view.MasterWareBinssap.m.CheckBox{\"path\":\"\",\"propertyPath\":\"/ZONE\",\"modelName\":\"newBin\"}"}]}
RESULT: undefined
COMMAND: POST /session/be4790d44c8003a2500b5a2ec9bf0748/element - {"using":"xpath","value":"//*[@id=\"__box12\"]"}
RESULT: {"using":"xpath","value":"//*[@id=\"__box12\"]"}
COMMAND: POST /session/be4790d44c8003a2500b5a2ec9bf0748/element/f.CB17890886CEBDD3BAA48AB18EF5A7DB.d.4EF477BDE6FEED5CE611B9C9B76E52DE.e.9287/click - {}
RESULT: {}
COMMAND: POST /session/be4790d44c8003a2500b5a2ec9bf0748/execute/async - {"script":"<script> [1562 bytes]","args":[{"selector":{"id":"createOrganizationPop--binTypesCB-arrow","searchOpenDialogs":true},"wdio_ui5_key":"createOrganizationPopbinTypesCB-arrow"}]}
COMMAND: GET /session/be4790d44c8003a2500b5a2ec9bf0748/screenshot - {}
RESULT: {"script":"<script> [1562 bytes]","args":[{"selector":{"id":"createOrganizationPop--binTypesCB-arrow","searchOpenDialogs":true},"wdio_ui5_key":"createOrganizationPopbinTypesCB-arrow"}]}
RESULT: undefined
COMMAND: POST /session/be4790d44c8003a2500b5a2ec9bf0748/element - {"using":"xpath","value":"//*[@id=\"createOrganizationPop--binTypesCB-arrow\"]"}
RESULT: {}
RESULT: {"using":"xpath","value":"//*[@id=\"createOrganizationPop--binTypesCB-arrow\"]"}
COMMAND: POST /session/be4790d44c8003a2500b5a2ec9bf0748/element/f.CB17890886CEBDD3BAA48AB18EF5A7DB.d.4EF477BDE6FEED5CE611B9C9B76E52DE.e.9288/click - {}
RESULT: {}
COMMAND: POST /session/be4790d44c8003a2500b5a2ec9bf0748/execute/async - {"script":"<script> [1562 bytes]","args":[{"selector":{"controlType":"sap.m.StandardListItem","viewName":"etm.portal.ui.binstatusreport.view.MasterWareBins","viewId":"application-binstatusreport-display-component---warehousing","properties":{"title":"1 - General / No capacity check"},"searchOpenDialogs":true,"interaction":{"idSuffix":"content"}},"wdio_ui5_key":"etmportal.ui.binstatusreport.view.MasterWareBinssap.m.StandardListItem{\"title\":\"1 - General / No capacity check\"}"}]}
COMMAND: GET /session/be4790d44c8003a2500b5a2ec9bf0748/screenshot - {}
RESULT: {"script":"<script> [1562 bytes]","args":[{"selector":{"controlType":"sap.m.StandardListItem","viewName":"etm.portal.ui.binstatusreport.view.MasterWareBins","viewId":"application-binstatusreport-display-component---warehousing","properties":{"title":"1 - General / No capacity check"},"searchOpenDialogs":true,"interaction":{"idSuffix":"content"}},"wdio_ui5_key":"etmportal.ui.binstatusreport.view.MasterWareBinssap.m.StandardListItem{\"title\":\"1 - General / No capacity check\"}"}]}
RESULT: undefined
COMMAND: POST /session/be4790d44c8003a2500b5a2ec9bf0748/element - {"using":"xpath","value":"//*[@id=\"__item128\"]"}
RESULT: {}
RESULT: {"using":"xpath","value":"//*[@id=\"__item128\"]"}
COMMAND: POST /session/be4790d44c8003a2500b5a2ec9bf0748/element/f.CB17890886CEBDD3BAA48AB18EF5A7DB.d.4EF477BDE6FEED5CE611B9C9B76E52DE.e.9290/click - {}
RESULT: {}
COMMAND: POST /session/be4790d44c8003a2500b5a2ec9bf0748/execute/async - {"script":"<script> [1562 bytes]","args":[{"selector":{"id":"createOrganizationPop--finishBtn","searchOpenDialogs":true,"interaction":{"idSuffix":"BDI-content"}},"wdio_ui5_key":"createOrganizationPopfinishBtn"}]}
COMMAND: GET /session/be4790d44c8003a2500b5a2ec9bf0748/screenshot - {}
RESULT: {"script":"<script> [1562 bytes]","args":[{"selector":{"id":"createOrganizationPop--finishBtn","searchOpenDialogs":true,"interaction":{"idSuffix":"BDI-content"}},"wdio_ui5_key":"createOrganizationPopfinishBtn"}]}
RESULT: undefined
COMMAND: POST /session/be4790d44c8003a2500b5a2ec9bf0748/element - {"using":"xpath","value":"//*[@id=\"createOrganizationPop--finishBtn\"]"}
RESULT: {}
RESULT: {"using":"xpath","value":"//*[@id=\"createOrganizationPop--finishBtn\"]"}
COMMAND: POST /session/be4790d44c8003a2500b5a2ec9bf0748/element/f.CB17890886CEBDD3BAA48AB18EF5A7DB.d.4EF477BDE6FEED5CE611B9C9B76E52DE.e.9292/click - {}
RESULT: {}
COMMAND: GET /session/be4790d44c8003a2500b5a2ec9bf0748/screenshot - {}
RESULT: {}
COMMAND: POST /session/be4790d44c8003a2500b5a2ec9bf0748/element - {"using":"css selector","value":"#shell-header-logo"}
RESULT: {"using":"css selector","value":"#shell-header-logo"}
COMMAND: POST /session/be4790d44c8003a2500b5a2ec9bf0748/element/f.CB17890886CEBDD3BAA48AB18EF5A7DB.d.4EF477BDE6FEED5CE611B9C9B76E52DE.e.9179/click - {}
RESULT: {}
COMMAND: GET /session/be4790d44c8003a2500b5a2ec9bf0748/screenshot - {}
RESULT: {}
]]></system-out>
    </testcase>
    <testcase classname="chrome.135_0_7049_96.windows.Warehouse_movements_inventory_test" name="Should Create new material for WHM yard" time="144.84">
      <system-out><![CDATA[
COMMAND: POST /session/be4790d44c8003a2500b5a2ec9bf0748/execute/async - {"script":"<script> [1562 bytes]","args":[{"selector":{"controlType":"sap.m.GenericTile","properties":{"header":"Manage Resources"}},"wdio_ui5_key":"sapm.GenericTile{\"header\":\"Manage Resources\"}"}]}
RESULT: {"script":"<script> [1562 bytes]","args":[{"selector":{"controlType":"sap.m.GenericTile","properties":{"header":"Manage Resources"}},"wdio_ui5_key":"sapm.GenericTile{\"header\":\"Manage Resources\"}"}]}
RESULT: undefined
COMMAND: POST /session/be4790d44c8003a2500b5a2ec9bf0748/element - {"using":"xpath","value":"//*[@id=\"__tile39\"]"}
RESULT: {"using":"xpath","value":"//*[@id=\"__tile39\"]"}
COMMAND: POST /session/be4790d44c8003a2500b5a2ec9bf0748/element/f.CB17890886CEBDD3BAA48AB18EF5A7DB.d.4EF477BDE6FEED5CE611B9C9B76E52DE.e.9298/click - {}
RESULT: {}
COMMAND: GET /session/be4790d44c8003a2500b5a2ec9bf0748/screenshot - {}
COMMAND: POST /session/be4790d44c8003a2500b5a2ec9bf0748/element - {"using":"xpath","value":"//button[@data-kt=\"addNewRUOverflowToolbarButton\"]"}
RESULT: {}
RESULT: {"using":"xpath","value":"//button[@data-kt=\"addNewRUOverflowToolbarButton\"]"}
COMMAND: POST /session/be4790d44c8003a2500b5a2ec9bf0748/execute/sync - {"script":"<script> [8489 bytes]","args":[{"element-6066-11e4-a52e-4f735466cecf":"f.CB17890886CEBDD3BAA48AB18EF5A7DB.d.4EF477BDE6FEED5CE611B9C9B76E52DE.e.9329","ELEMENT":"f.CB17890886CEBDD3BAA48AB18EF5A7DB.d.4EF477BDE6FEED5CE611B9C9B76E52DE.e.9329"}]}
RESULT: {"script":"<script> [8489 bytes]","args":[{"element-6066-11e4-a52e-4f735466cecf":"f.CB17890886CEBDD3BAA48AB18EF5A7DB.d.4EF477BDE6FEED5CE611B9C9B76E52DE.e.9329","ELEMENT":"f.CB17890886CEBDD3BAA48AB18EF5A7DB.d.4EF477BDE6FEED5CE611B9C9B76E52DE.e.9329"}]}
COMMAND: POST /session/be4790d44c8003a2500b5a2ec9bf0748/element/f.CB17890886CEBDD3BAA48AB18EF5A7DB.d.4EF477BDE6FEED5CE611B9C9B76E52DE.e.9329/click - {}
COMMAND: GET /session/be4790d44c8003a2500b5a2ec9bf0748/screenshot - {}
RESULT: {}
COMMAND: POST /session/be4790d44c8003a2500b5a2ec9bf0748/execute/async - {"script":"<script> [1562 bytes]","args":[{"selector":{"id":"application-manageresources-display-component---newResourceUnit--TYPE-arrow"},"wdio_ui5_key":"applicationmanageresources-display-component---newResourceUnit--TYPE-arrow"}]}
COMMAND: GET /session/be4790d44c8003a2500b5a2ec9bf0748/screenshot - {}
RESULT: {}
RESULT: {"script":"<script> [1562 bytes]","args":[{"selector":{"id":"application-manageresources-display-component---newResourceUnit--TYPE-arrow"},"wdio_ui5_key":"applicationmanageresources-display-component---newResourceUnit--TYPE-arrow"}]}
RESULT: undefined
COMMAND: POST /session/be4790d44c8003a2500b5a2ec9bf0748/element - {"using":"xpath","value":"//*[@id=\"application-manageresources-display-component---newResourceUnit--TYPE-arrow\"]"}
RESULT: {}
RESULT: {"using":"xpath","value":"//*[@id=\"application-manageresources-display-component---newResourceUnit--TYPE-arrow\"]"}
COMMAND: POST /session/be4790d44c8003a2500b5a2ec9bf0748/element/f.CB17890886CEBDD3BAA48AB18EF5A7DB.d.4EF477BDE6FEED5CE611B9C9B76E52DE.e.9498/click - {}
RESULT: {}
COMMAND: POST /session/be4790d44c8003a2500b5a2ec9bf0748/execute/async - {"script":"<script> [1562 bytes]","args":[{"selector":{"controlType":"sap.m.StandardListItem","viewName":"reusables.view.manageresources.NewResourceUnit","viewId":"application-manageresources-display-component---newResourceUnit","properties":{"title":"Material"},"searchOpenDialogs":true,"interaction":{"idSuffix":"titleText"}},"wdio_ui5_key":"reusablesview.manageresources.NewResourceUnitsap.m.StandardListItem{\"title\":\"Material\"}"}]}
COMMAND: GET /session/be4790d44c8003a2500b5a2ec9bf0748/screenshot - {}
RESULT: {"script":"<script> [1562 bytes]","args":[{"selector":{"controlType":"sap.m.StandardListItem","viewName":"reusables.view.manageresources.NewResourceUnit","viewId":"application-manageresources-display-component---newResourceUnit","properties":{"title":"Material"},"searchOpenDialogs":true,"interaction":{"idSuffix":"titleText"}},"wdio_ui5_key":"reusablesview.manageresources.NewResourceUnitsap.m.StandardListItem{\"title\":\"Material\"}"}]}
RESULT: undefined
COMMAND: POST /session/be4790d44c8003a2500b5a2ec9bf0748/element - {"using":"xpath","value":"//*[@id=\"__item258\"]"}
RESULT: {}
RESULT: {"using":"xpath","value":"//*[@id=\"__item258\"]"}
COMMAND: POST /session/be4790d44c8003a2500b5a2ec9bf0748/element/f.CB17890886CEBDD3BAA48AB18EF5A7DB.d.4EF477BDE6FEED5CE611B9C9B76E52DE.e.9501/click - {}
RESULT: {}
COMMAND: POST /session/be4790d44c8003a2500b5a2ec9bf0748/execute/async - {"script":"<script> [1562 bytes]","args":[{"selector":{"id":"application-manageresources-display-component---newResourceUnit--SHORT_TEXT","interaction":{"idSuffix":"inner"}},"wdio_ui5_key":"applicationmanageresources-display-component---newResourceUnit--SHORT_TEXT"}]}
COMMAND: GET /session/be4790d44c8003a2500b5a2ec9bf0748/screenshot - {}
RESULT: {"script":"<script> [1562 bytes]","args":[{"selector":{"id":"application-manageresources-display-component---newResourceUnit--SHORT_TEXT","interaction":{"idSuffix":"inner"}},"wdio_ui5_key":"applicationmanageresources-display-component---newResourceUnit--SHORT_TEXT"}]}
RESULT: undefined
COMMAND: POST /session/be4790d44c8003a2500b5a2ec9bf0748/execute/async - {"script":"<script> [776 bytes]","args":[{"enterText":"WebdriverRUR2C9y7kc","selector":{"id":"application-manageresources-display-component---newResourceUnit--SHORT_TEXT","interaction":{"idSuffix":"inner"}},"clearTextFirst":true,"interactionType":"ENTER_TEXT"}]}
RESULT: {}
RESULT: {"script":"<script> [776 bytes]","args":[{"enterText":"WebdriverRUR2C9y7kc","selector":{"id":"application-manageresources-display-component---newResourceUnit--SHORT_TEXT","interaction":{"idSuffix":"inner"}},"clearTextFirst":true,"interactionType":"ENTER_TEXT"}]}
COMMAND: POST /session/be4790d44c8003a2500b5a2ec9bf0748/execute/async - {"script":"<script> [1562 bytes]","args":[{"selector":{"id":"application-manageresources-display-component---newResourceUnit--BASE_UNIT_OF_MEASURE-arrow"},"wdio_ui5_key":"applicationmanageresources-display-component---newResourceUnit--BASE_UNIT_OF_MEASURE-arrow"}]}
RESULT: {"script":"<script> [1562 bytes]","args":[{"selector":{"id":"application-manageresources-display-component---newResourceUnit--BASE_UNIT_OF_MEASURE-arrow"},"wdio_ui5_key":"applicationmanageresources-display-component---newResourceUnit--BASE_UNIT_OF_MEASURE-arrow"}]}
RESULT: undefined
COMMAND: POST /session/be4790d44c8003a2500b5a2ec9bf0748/element - {"using":"xpath","value":"//*[@id=\"application-manageresources-display-component---newResourceUnit--BASE_UNIT_OF_MEASURE-arrow\"]"}
RESULT: {"using":"xpath","value":"//*[@id=\"application-manageresources-display-component---newResourceUnit--BASE_UNIT_OF_MEASURE-arrow\"]"}
COMMAND: POST /session/be4790d44c8003a2500b5a2ec9bf0748/element/f.CB17890886CEBDD3BAA48AB18EF5A7DB.d.4EF477BDE6FEED5CE611B9C9B76E52DE.e.9558/click - {}
RESULT: {}
COMMAND: POST /session/be4790d44c8003a2500b5a2ec9bf0748/execute/async - {"script":"<script> [1562 bytes]","args":[{"selector":{"controlType":"sap.m.StandardListItem","viewName":"reusables.view.manageresources.NewResourceUnit","viewId":"application-manageresources-display-component---newResourceUnit","properties":{"title":"Piece"},"searchOpenDialogs":true,"interaction":{"idSuffix":"titleText"}},"wdio_ui5_key":"reusablesview.manageresources.NewResourceUnitsap.m.StandardListItem{\"title\":\"Piece\"}"}]}
COMMAND: GET /session/be4790d44c8003a2500b5a2ec9bf0748/screenshot - {}
RESULT: {"script":"<script> [1562 bytes]","args":[{"selector":{"controlType":"sap.m.StandardListItem","viewName":"reusables.view.manageresources.NewResourceUnit","viewId":"application-manageresources-display-component---newResourceUnit","properties":{"title":"Piece"},"searchOpenDialogs":true,"interaction":{"idSuffix":"titleText"}},"wdio_ui5_key":"reusablesview.manageresources.NewResourceUnitsap.m.StandardListItem{\"title\":\"Piece\"}"}]}
RESULT: undefined
COMMAND: POST /session/be4790d44c8003a2500b5a2ec9bf0748/element - {"using":"xpath","value":"//*[@id=\"__item302\"]"}
RESULT: {}
RESULT: {"using":"xpath","value":"//*[@id=\"__item302\"]"}
COMMAND: POST /session/be4790d44c8003a2500b5a2ec9bf0748/element/f.CB17890886CEBDD3BAA48AB18EF5A7DB.d.4EF477BDE6FEED5CE611B9C9B76E52DE.e.9560/click - {}
RESULT: {}
COMMAND: POST /session/be4790d44c8003a2500b5a2ec9bf0748/element - {"using":"xpath","value":"//input[contains(@id ,\"application-manageresources-display-component---newResourceUnit--SHORT_TEXT-inner\")]"}
COMMAND: GET /session/be4790d44c8003a2500b5a2ec9bf0748/screenshot - {}
RESULT: {"using":"xpath","value":"//input[contains(@id ,\"application-manageresources-display-component---newResourceUnit--SHORT_TEXT-inner\")]"}
COMMAND: GET /session/be4790d44c8003a2500b5a2ec9bf0748/element/f.CB17890886CEBDD3BAA48AB18EF5A7DB.d.4EF477BDE6FEED5CE611B9C9B76E52DE.e.9519/property/value - {}
RESULT: {}
RESULT: {}
COMMAND: POST /session/be4790d44c8003a2500b5a2ec9bf0748/execute/async - {"script":"<script> [1562 bytes]","args":[{"selector":{"id":"application-manageresources-display-component---newResourceUnit--WEIGHT_UNIT-arrow"},"wdio_ui5_key":"applicationmanageresources-display-component---newResourceUnit--WEIGHT_UNIT-arrow"}]}
COMMAND: GET /session/be4790d44c8003a2500b5a2ec9bf0748/screenshot - {}
RESULT: {"script":"<script> [1562 bytes]","args":[{"selector":{"id":"application-manageresources-display-component---newResourceUnit--WEIGHT_UNIT-arrow"},"wdio_ui5_key":"applicationmanageresources-display-component---newResourceUnit--WEIGHT_UNIT-arrow"}]}
RESULT: undefined
COMMAND: POST /session/be4790d44c8003a2500b5a2ec9bf0748/element - {"using":"xpath","value":"//*[@id=\"application-manageresources-display-component---newResourceUnit--WEIGHT_UNIT-arrow\"]"}
RESULT: {}
RESULT: {"using":"xpath","value":"//*[@id=\"application-manageresources-display-component---newResourceUnit--WEIGHT_UNIT-arrow\"]"}
COMMAND: POST /session/be4790d44c8003a2500b5a2ec9bf0748/element/f.CB17890886CEBDD3BAA48AB18EF5A7DB.d.4EF477BDE6FEED5CE611B9C9B76E52DE.e.9561/click - {}
RESULT: {}
COMMAND: POST /session/be4790d44c8003a2500b5a2ec9bf0748/execute/async - {"script":"<script> [1562 bytes]","args":[{"selector":{"controlType":"sap.m.StandardListItem","viewName":"reusables.view.manageresources.NewResourceUnit","viewId":"application-manageresources-display-component---newResourceUnit","properties":{"title":"Gram"},"searchOpenDialogs":true,"interaction":{"idSuffix":"content"}},"wdio_ui5_key":"reusablesview.manageresources.NewResourceUnitsap.m.StandardListItem{\"title\":\"Gram\"}"}]}
COMMAND: GET /session/be4790d44c8003a2500b5a2ec9bf0748/screenshot - {}
RESULT: {"script":"<script> [1562 bytes]","args":[{"selector":{"controlType":"sap.m.StandardListItem","viewName":"reusables.view.manageresources.NewResourceUnit","viewId":"application-manageresources-display-component---newResourceUnit","properties":{"title":"Gram"},"searchOpenDialogs":true,"interaction":{"idSuffix":"content"}},"wdio_ui5_key":"reusablesview.manageresources.NewResourceUnitsap.m.StandardListItem{\"title\":\"Gram\"}"}]}
RESULT: undefined
COMMAND: POST /session/be4790d44c8003a2500b5a2ec9bf0748/element - {"using":"xpath","value":"//*[@id=\"__item367\"]"}
RESULT: {}
RESULT: {"using":"xpath","value":"//*[@id=\"__item367\"]"}
COMMAND: POST /session/be4790d44c8003a2500b5a2ec9bf0748/element/f.CB17890886CEBDD3BAA48AB18EF5A7DB.d.4EF477BDE6FEED5CE611B9C9B76E52DE.e.9563/click - {}
RESULT: {}
COMMAND: POST /session/be4790d44c8003a2500b5a2ec9bf0748/execute/async - {"script":"<script> [1562 bytes]","args":[{"selector":{"id":"application-manageresources-display-component---newResourceUnit--newRRUPage-OPHeaderContent-collapseBtn-img"},"wdio_ui5_key":"applicationmanageresources-display-component---newResourceUnit--newRRUPage-OPHeaderContent-collapseBtn-img"}]}
COMMAND: GET /session/be4790d44c8003a2500b5a2ec9bf0748/screenshot - {}
RESULT: {"script":"<script> [1562 bytes]","args":[{"selector":{"id":"application-manageresources-display-component---newResourceUnit--newRRUPage-OPHeaderContent-collapseBtn-img"},"wdio_ui5_key":"applicationmanageresources-display-component---newResourceUnit--newRRUPage-OPHeaderContent-collapseBtn-img"}]}
RESULT: undefined
COMMAND: POST /session/be4790d44c8003a2500b5a2ec9bf0748/element - {"using":"xpath","value":"//*[@id=\"application-manageresources-display-component---newResourceUnit--newRRUPage-OPHeaderContent-collapseBtn-img\"]"}
RESULT: {}
RESULT: {"using":"xpath","value":"//*[@id=\"application-manageresources-display-component---newResourceUnit--newRRUPage-OPHeaderContent-collapseBtn-img\"]"}
COMMAND: POST /session/be4790d44c8003a2500b5a2ec9bf0748/element/f.CB17890886CEBDD3BAA48AB18EF5A7DB.d.4EF477BDE6FEED5CE611B9C9B76E52DE.e.9508/click - {}
RESULT: {}
COMMAND: GET /session/be4790d44c8003a2500b5a2ec9bf0748/screenshot - {}
RESULT: {}
COMMAND: POST /session/be4790d44c8003a2500b5a2ec9bf0748/element - {"using":"xpath","value":"(//span[contains(@id ,\"application-manageresources-display-component---newResourceUnit--DIMENSION_UNIT-arrow\")])[1]"}
RESULT: {"using":"xpath","value":"(//span[contains(@id ,\"application-manageresources-display-component---newResourceUnit--DIMENSION_UNIT-arrow\")])[1]"}
COMMAND: POST /session/be4790d44c8003a2500b5a2ec9bf0748/element/f.CB17890886CEBDD3BAA48AB18EF5A7DB.d.4EF477BDE6FEED5CE611B9C9B76E52DE.e.9569/click - {}
RESULT: {}
COMMAND: GET /session/be4790d44c8003a2500b5a2ec9bf0748/screenshot - {}
RESULT: {}
COMMAND: POST /session/be4790d44c8003a2500b5a2ec9bf0748/execute/async - {"script":"<script> [1562 bytes]","args":[{"selector":{"controlType":"sap.m.StandardListItem","viewName":"reusables.view.manageresources.NewResourceUnit","viewId":"application-manageresources-display-component---newResourceUnit","properties":{"title":"Centimeter"},"searchOpenDialogs":true,"interaction":{"idSuffix":"titleText"}},"wdio_ui5_key":"reusablesview.manageresources.NewResourceUnitsap.m.StandardListItem{\"title\":\"Centimeter\"}"}]}
RESULT: {"script":"<script> [1562 bytes]","args":[{"selector":{"controlType":"sap.m.StandardListItem","viewName":"reusables.view.manageresources.NewResourceUnit","viewId":"application-manageresources-display-component---newResourceUnit","properties":{"title":"Centimeter"},"searchOpenDialogs":true,"interaction":{"idSuffix":"titleText"}},"wdio_ui5_key":"reusablesview.manageresources.NewResourceUnitsap.m.StandardListItem{\"title\":\"Centimeter\"}"}]}
RESULT: undefined
COMMAND: POST /session/be4790d44c8003a2500b5a2ec9bf0748/element - {"using":"xpath","value":"//*[@id=\"__item370\"]"}
RESULT: {"using":"xpath","value":"//*[@id=\"__item370\"]"}
COMMAND: POST /session/be4790d44c8003a2500b5a2ec9bf0748/element/f.CB17890886CEBDD3BAA48AB18EF5A7DB.d.4EF477BDE6FEED5CE611B9C9B76E52DE.e.9571/click - {}
RESULT: {}
COMMAND: POST /session/be4790d44c8003a2500b5a2ec9bf0748/execute/async - {"script":"<script> [1562 bytes]","args":[{"selector":{"id":"application-manageresources-display-component---newResourceUnit--newRRUPage-anchBar-application-manageresources-display-component---newResourceUnit--reference-anchor","interaction":{"idSuffix":"BDI-content"}},"wdio_ui5_key":"applicationmanageresources-display-component---newResourceUnit--newRRUPage-anchBar-application-manageresources-display-component---newResourceUnit--reference-anchor"}]}
COMMAND: GET /session/be4790d44c8003a2500b5a2ec9bf0748/screenshot - {}
RESULT: {"script":"<script> [1562 bytes]","args":[{"selector":{"id":"application-manageresources-display-component---newResourceUnit--newRRUPage-anchBar-application-manageresources-display-component---newResourceUnit--reference-anchor","interaction":{"idSuffix":"BDI-content"}},"wdio_ui5_key":"applicationmanageresources-display-component---newResourceUnit--newRRUPage-anchBar-application-manageresources-display-component---newResourceUnit--reference-anchor"}]}
RESULT: undefined
COMMAND: POST /session/be4790d44c8003a2500b5a2ec9bf0748/element - {"using":"xpath","value":"//*[@id=\"application-manageresources-display-component---newResourceUnit--newRRUPage-anchBar-application-manageresources-display-component---newResourceUnit--reference-anchor\"]"}
RESULT: {}
RESULT: {"using":"xpath","value":"//*[@id=\"application-manageresources-display-component---newResourceUnit--newRRUPage-anchBar-application-manageresources-display-component---newResourceUnit--reference-anchor\"]"}
COMMAND: POST /session/be4790d44c8003a2500b5a2ec9bf0748/element/f.CB17890886CEBDD3BAA48AB18EF5A7DB.d.4EF477BDE6FEED5CE611B9C9B76E52DE.e.9573/click - {}
RESULT: {}
COMMAND: POST /session/be4790d44c8003a2500b5a2ec9bf0748/execute/async - {"script":"<script> [1562 bytes]","args":[{"selector":{"id":"application-manageresources-display-component---newResourceUnit--PLANNING_GROUP-arrow"},"wdio_ui5_key":"applicationmanageresources-display-component---newResourceUnit--PLANNING_GROUP-arrow"}]}
COMMAND: GET /session/be4790d44c8003a2500b5a2ec9bf0748/screenshot - {}
RESULT: {"script":"<script> [1562 bytes]","args":[{"selector":{"id":"application-manageresources-display-component---newResourceUnit--PLANNING_GROUP-arrow"},"wdio_ui5_key":"applicationmanageresources-display-component---newResourceUnit--PLANNING_GROUP-arrow"}]}
RESULT: undefined
COMMAND: POST /session/be4790d44c8003a2500b5a2ec9bf0748/element - {"using":"xpath","value":"//*[@id=\"application-manageresources-display-component---newResourceUnit--PLANNING_GROUP-arrow\"]"}
RESULT: {}
RESULT: {"using":"xpath","value":"//*[@id=\"application-manageresources-display-component---newResourceUnit--PLANNING_GROUP-arrow\"]"}
COMMAND: POST /session/be4790d44c8003a2500b5a2ec9bf0748/element/f.CB17890886CEBDD3BAA48AB18EF5A7DB.d.4EF477BDE6FEED5CE611B9C9B76E52DE.e.9577/click - {}
RESULT: {}
COMMAND: POST /session/be4790d44c8003a2500b5a2ec9bf0748/execute/async - {"script":"<script> [1562 bytes]","args":[{"selector":{"controlType":"sap.m.StandardListItem","viewName":"reusables.view.manageresources.NewResourceUnit","viewId":"application-manageresources-display-component---newResourceUnit","properties":{"title":"Heavy Equi"},"searchOpenDialogs":true,"interaction":{"idSuffix":"content"}},"wdio_ui5_key":"reusablesview.manageresources.NewResourceUnitsap.m.StandardListItem{\"title\":\"Heavy Equi\"}"}]}
COMMAND: GET /session/be4790d44c8003a2500b5a2ec9bf0748/screenshot - {}
RESULT: {"script":"<script> [1562 bytes]","args":[{"selector":{"controlType":"sap.m.StandardListItem","viewName":"reusables.view.manageresources.NewResourceUnit","viewId":"application-manageresources-display-component---newResourceUnit","properties":{"title":"Heavy Equi"},"searchOpenDialogs":true,"interaction":{"idSuffix":"content"}},"wdio_ui5_key":"reusablesview.manageresources.NewResourceUnitsap.m.StandardListItem{\"title\":\"Heavy Equi\"}"}]}
RESULT: undefined
COMMAND: POST /session/be4790d44c8003a2500b5a2ec9bf0748/element - {"using":"xpath","value":"//*[@id=\"__item378\"]"}
RESULT: {}
RESULT: {"using":"xpath","value":"//*[@id=\"__item378\"]"}
COMMAND: POST /session/be4790d44c8003a2500b5a2ec9bf0748/element/f.CB17890886CEBDD3BAA48AB18EF5A7DB.d.4EF477BDE6FEED5CE611B9C9B76E52DE.e.9581/click - {}
RESULT: {}
COMMAND: GET /session/be4790d44c8003a2500b5a2ec9bf0748/screenshot - {}
RESULT: {}
COMMAND: POST /session/be4790d44c8003a2500b5a2ec9bf0748/execute/async - {"script":"<script> [1562 bytes]","args":[{"selector":{"id":"application-manageresources-display-component---newResourceUnit--PLANNING_INDICATOR-arrow"},"wdio_ui5_key":"applicationmanageresources-display-component---newResourceUnit--PLANNING_INDICATOR-arrow"}]}
RESULT: {"script":"<script> [1562 bytes]","args":[{"selector":{"id":"application-manageresources-display-component---newResourceUnit--PLANNING_INDICATOR-arrow"},"wdio_ui5_key":"applicationmanageresources-display-component---newResourceUnit--PLANNING_INDICATOR-arrow"}]}
RESULT: undefined
COMMAND: POST /session/be4790d44c8003a2500b5a2ec9bf0748/element - {"using":"xpath","value":"//*[@id=\"application-manageresources-display-component---newResourceUnit--PLANNING_INDICATOR-arrow\"]"}
RESULT: {"using":"xpath","value":"//*[@id=\"application-manageresources-display-component---newResourceUnit--PLANNING_INDICATOR-arrow\"]"}
COMMAND: POST /session/be4790d44c8003a2500b5a2ec9bf0748/element/f.CB17890886CEBDD3BAA48AB18EF5A7DB.d.4EF477BDE6FEED5CE611B9C9B76E52DE.e.9582/click - {}
RESULT: {}
COMMAND: POST /session/be4790d44c8003a2500b5a2ec9bf0748/execute/async - {"script":"<script> [1562 bytes]","args":[{"selector":{"controlType":"sap.m.StandardListItem","viewName":"reusables.view.manageresources.NewResourceUnit","viewId":"application-manageresources-display-component---newResourceUnit","properties":{"title":"10 - infinite"},"searchOpenDialogs":true,"interaction":{"idSuffix":"content"}},"wdio_ui5_key":"reusablesview.manageresources.NewResourceUnitsap.m.StandardListItem{\"title\":\"10 - infinite\"}"}]}
COMMAND: GET /session/be4790d44c8003a2500b5a2ec9bf0748/screenshot - {}
RESULT: {"script":"<script> [1562 bytes]","args":[{"selector":{"controlType":"sap.m.StandardListItem","viewName":"reusables.view.manageresources.NewResourceUnit","viewId":"application-manageresources-display-component---newResourceUnit","properties":{"title":"10 - infinite"},"searchOpenDialogs":true,"interaction":{"idSuffix":"content"}},"wdio_ui5_key":"reusablesview.manageresources.NewResourceUnitsap.m.StandardListItem{\"title\":\"10 - infinite\"}"}]}
RESULT: undefined
COMMAND: POST /session/be4790d44c8003a2500b5a2ec9bf0748/element - {"using":"xpath","value":"//*[@id=\"__item388\"]"}
RESULT: {}
RESULT: {"using":"xpath","value":"//*[@id=\"__item388\"]"}
COMMAND: POST /session/be4790d44c8003a2500b5a2ec9bf0748/element/f.CB17890886CEBDD3BAA48AB18EF5A7DB.d.4EF477BDE6FEED5CE611B9C9B76E52DE.e.9584/click - {}
RESULT: {}
COMMAND: GET /session/be4790d44c8003a2500b5a2ec9bf0748/screenshot - {}
RESULT: {}
COMMAND: POST /session/be4790d44c8003a2500b5a2ec9bf0748/element - {"using":"xpath","value":"//bdi[contains(text(), \"Time Segment\")]"}
RESULT: {"using":"xpath","value":"//bdi[contains(text(), \"Time Segment\")]"}
COMMAND: GET /session/be4790d44c8003a2500b5a2ec9bf0748/element/f.CB17890886CEBDD3BAA48AB18EF5A7DB.d.4EF477BDE6FEED5CE611B9C9B76E52DE.e.9585/rect - {}
RESULT: {}
COMMAND: GET /session/be4790d44c8003a2500b5a2ec9bf0748/window/rect - {}
RESULT: {}
COMMAND: POST /session/be4790d44c8003a2500b5a2ec9bf0748/execute/sync - {"script":"<script> [92 bytes]","args":[]}
RESULT: {"script":"<script> [92 bytes]","args":[]}
COMMAND: POST /session/be4790d44c8003a2500b5a2ec9bf0748/actions - {"actions":[{"id":"action31","type":"wheel","parameters":{},"actions":[{"type":"scroll","x":-1820,"y":-21,"deltaX":0,"deltaY":0,"duration":0,"origin":{"element-6066-11e4-a52e-4f735466cecf":"f.CB17890886CEBDD3BAA48AB18EF5A7DB.d.4EF477BDE6FEED5CE611B9C9B76E52DE.e.9585"}}]}]}
COMMAND: GET /session/be4790d44c8003a2500b5a2ec9bf0748/screenshot - {}
RESULT: {}
COMMAND: POST /session/be4790d44c8003a2500b5a2ec9bf0748/execute/sync - {"script":"<script> [79 bytes]","args":[{"element-6066-11e4-a52e-4f735466cecf":"f.CB17890886CEBDD3BAA48AB18EF5A7DB.d.4EF477BDE6FEED5CE611B9C9B76E52DE.e.9585","ELEMENT":"f.CB17890886CEBDD3BAA48AB18EF5A7DB.d.4EF477BDE6FEED5CE611B9C9B76E52DE.e.9585"},{"block":"start","inline":"nearest"}]}
RESULT: {"script":"<script> [79 bytes]","args":[{"element-6066-11e4-a52e-4f735466cecf":"f.CB17890886CEBDD3BAA48AB18EF5A7DB.d.4EF477BDE6FEED5CE611B9C9B76E52DE.e.9585","ELEMENT":"f.CB17890886CEBDD3BAA48AB18EF5A7DB.d.4EF477BDE6FEED5CE611B9C9B76E52DE.e.9585"},{"block":"start","inline":"nearest"}]}
COMMAND: GET /session/be4790d44c8003a2500b5a2ec9bf0748/screenshot - {}
RESULT: {}
COMMAND: POST /session/be4790d44c8003a2500b5a2ec9bf0748/element - {"using":"xpath","value":"//span[@id=\"application-manageresources-display-component---newResourceUnit--btnAddTimeSegment-img\"]"}
RESULT: {"using":"xpath","value":"//span[@id=\"application-manageresources-display-component---newResourceUnit--btnAddTimeSegment-img\"]"}
COMMAND: POST /session/be4790d44c8003a2500b5a2ec9bf0748/execute/sync - {"script":"<script> [8489 bytes]","args":[{"element-6066-11e4-a52e-4f735466cecf":"f.CB17890886CEBDD3BAA48AB18EF5A7DB.d.4EF477BDE6FEED5CE611B9C9B76E52DE.e.9588","ELEMENT":"f.CB17890886CEBDD3BAA48AB18EF5A7DB.d.4EF477BDE6FEED5CE611B9C9B76E52DE.e.9588"}]}
RESULT: {"script":"<script> [8489 bytes]","args":[{"element-6066-11e4-a52e-4f735466cecf":"f.CB17890886CEBDD3BAA48AB18EF5A7DB.d.4EF477BDE6FEED5CE611B9C9B76E52DE.e.9588","ELEMENT":"f.CB17890886CEBDD3BAA48AB18EF5A7DB.d.4EF477BDE6FEED5CE611B9C9B76E52DE.e.9588"}]}
COMMAND: POST /session/be4790d44c8003a2500b5a2ec9bf0748/element/f.CB17890886CEBDD3BAA48AB18EF5A7DB.d.4EF477BDE6FEED5CE611B9C9B76E52DE.e.9588/click - {}
COMMAND: GET /session/be4790d44c8003a2500b5a2ec9bf0748/screenshot - {}
RESULT: {}
COMMAND: GET /session/be4790d44c8003a2500b5a2ec9bf0748/screenshot - {}
COMMAND: POST /session/be4790d44c8003a2500b5a2ec9bf0748/element - {"using":"xpath","value":"//input[@id=\"application-manageresources-display-component---newResourceUnit--idRuTSAdmin-application-manageresources-display-component---newResourceUnit--RUTimeSegment-0-inner\"]"}
RESULT: {}
RESULT: {}
RESULT: {"using":"xpath","value":"//input[@id=\"application-manageresources-display-component---newResourceUnit--idRuTSAdmin-application-manageresources-display-component---newResourceUnit--RUTimeSegment-0-inner\"]"}
COMMAND: POST /session/be4790d44c8003a2500b5a2ec9bf0748/element/f.CB17890886CEBDD3BAA48AB18EF5A7DB.d.4EF477BDE6FEED5CE611B9C9B76E52DE.e.9591/clear - {}
RESULT: {}
COMMAND: POST /session/be4790d44c8003a2500b5a2ec9bf0748/element/f.CB17890886CEBDD3BAA48AB18EF5A7DB.d.4EF477BDE6FEED5CE611B9C9B76E52DE.e.9591/value - {"text":"WebdriverWHMYard1ktag"}
COMMAND: GET /session/be4790d44c8003a2500b5a2ec9bf0748/screenshot - {}
RESULT: {"text":"WebdriverWHMYard1ktag"}
COMMAND: GET /session/be4790d44c8003a2500b5a2ec9bf0748/screenshot - {}
RESULT: {}
RESULT: {}
COMMAND: POST /session/be4790d44c8003a2500b5a2ec9bf0748/actions - {"actions":[{"id":"action32","type":"key","parameters":{},"actions":[{"type":"keyDown","value":"î€‡"},{"type":"pause","duration":10},{"type":"keyUp","value":"î€‡"}]}]}
RESULT: {"actions":[{"id":"action32","type":"key","parameters":{},"actions":[{"type":"keyDown","value":"î€‡"},{"type":"pause","duration":10},{"type":"keyUp","value":"î€‡"}]}]}
COMMAND: GET /session/be4790d44c8003a2500b5a2ec9bf0748/screenshot - {}
RESULT: {}
COMMAND: POST /session/be4790d44c8003a2500b5a2ec9bf0748/execute/async - {"script":"<script> [1562 bytes]","args":[{"selector":{"controlType":"sap.m.Button","viewName":"reusables.view.manageresources.NewResourceUnit","viewId":"application-manageresources-display-component---newResourceUnit","i18NText":{"propertyName":"tooltip","key":"save"},"interaction":{"idSuffix":"BDI-content"}},"wdio_ui5_key":"reusablesview.manageresources.NewResourceUnitsap.m.Button{\"propertyName\":\"tooltip\",\"key\":\"save\"}"}]}
RESULT: {"script":"<script> [1562 bytes]","args":[{"selector":{"controlType":"sap.m.Button","viewName":"reusables.view.manageresources.NewResourceUnit","viewId":"application-manageresources-display-component---newResourceUnit","i18NText":{"propertyName":"tooltip","key":"save"},"interaction":{"idSuffix":"BDI-content"}},"wdio_ui5_key":"reusablesview.manageresources.NewResourceUnitsap.m.Button{\"propertyName\":\"tooltip\",\"key\":\"save\"}"}]}
RESULT: undefined
COMMAND: POST /session/be4790d44c8003a2500b5a2ec9bf0748/element - {"using":"xpath","value":"//*[@id=\"application-manageresources-display-component---newResourceUnit--createRuButton\"]"}
RESULT: {"using":"xpath","value":"//*[@id=\"application-manageresources-display-component---newResourceUnit--createRuButton\"]"}
COMMAND: POST /session/be4790d44c8003a2500b5a2ec9bf0748/element/f.CB17890886CEBDD3BAA48AB18EF5A7DB.d.4EF477BDE6FEED5CE611B9C9B76E52DE.e.9514/click - {}
RESULT: {}
COMMAND: GET /session/be4790d44c8003a2500b5a2ec9bf0748/screenshot - {}
RESULT: {}
COMMAND: POST /session/be4790d44c8003a2500b5a2ec9bf0748/execute/async - {"script":"<script> [1562 bytes]","args":[{"selector":{"controlType":"sap.m.Title","properties":{"text":"Success"},"searchOpenDialogs":true},"wdio_ui5_key":"sapm.Title{\"text\":\"Success\"}"}]}
RESULT: {"script":"<script> [1562 bytes]","args":[{"selector":{"controlType":"sap.m.Title","properties":{"text":"Success"},"searchOpenDialogs":true},"wdio_ui5_key":"sapm.Title{\"text\":\"Success\"}"}]}
RESULT: undefined
COMMAND: POST /session/be4790d44c8003a2500b5a2ec9bf0748/execute/async - {"script":"<script> [6424 bytes]","args":[{"element-6066-11e4-a52e-4f735466cecf":"f.CB17890886CEBDD3BAA48AB18EF5A7DB.d.4EF477BDE6FEED5CE611B9C9B76E52DE.e.9610"},"getText",[]]}
RESULT: {"script":"<script> [6424 bytes]","args":[{"element-6066-11e4-a52e-4f735466cecf":"f.CB17890886CEBDD3BAA48AB18EF5A7DB.d.4EF477BDE6FEED5CE611B9C9B76E52DE.e.9610"},"getText",[]]}
COMMAND: POST /session/be4790d44c8003a2500b5a2ec9bf0748/element - {"using":"xpath","value":"//*[contains(@id, '__text') and (contains(text(), 'successfully created') or contains(., 'successfully created'))]"}
RESULT: {"using":"xpath","value":"//*[contains(@id, '__text') and (contains(text(), 'successfully created') or contains(., 'successfully created'))]"}
COMMAND: GET /session/be4790d44c8003a2500b5a2ec9bf0748/element/f.CB17890886CEBDD3BAA48AB18EF5A7DB.d.4EF477BDE6FEED5CE611B9C9B76E52DE.e.9609/text - {}
RESULT: {}
COMMAND: POST /session/be4790d44c8003a2500b5a2ec9bf0748/execute/async - {"script":"<script> [1562 bytes]","args":[{"selector":{"controlType":"sap.m.Button","properties":{"text":"Close"},"searchOpenDialogs":true,"interaction":{"idSuffix":"BDI-content"}},"wdio_ui5_key":"sapm.Button{\"text\":\"Close\"}"}]}
RESULT: {"script":"<script> [1562 bytes]","args":[{"selector":{"controlType":"sap.m.Button","properties":{"text":"Close"},"searchOpenDialogs":true,"interaction":{"idSuffix":"BDI-content"}},"wdio_ui5_key":"sapm.Button{\"text\":\"Close\"}"}]}
RESULT: undefined
COMMAND: POST /session/be4790d44c8003a2500b5a2ec9bf0748/element - {"using":"xpath","value":"//*[@id=\"__mbox-btn-0\"]"}
RESULT: {"using":"xpath","value":"//*[@id=\"__mbox-btn-0\"]"}
COMMAND: POST /session/be4790d44c8003a2500b5a2ec9bf0748/element/f.CB17890886CEBDD3BAA48AB18EF5A7DB.d.4EF477BDE6FEED5CE611B9C9B76E52DE.e.9606/click - {}
RESULT: {}
COMMAND: GET /session/be4790d44c8003a2500b5a2ec9bf0748/screenshot - {}
RESULT: {}
COMMAND: POST /session/be4790d44c8003a2500b5a2ec9bf0748/execute/async - {"script":"<script> [1562 bytes]","args":[{"selector":{"controlType":"sap.ui.core.Icon","viewName":"etm.portal.ui.manageresources.view.Detail","viewId":"application-manageresources-display-component---detailRU","properties":{"src":{"regex":{"source":"overflow"}}}},"wdio_ui5_key":"etmportal.ui.manageresources.view.Detailsap.ui.core.Icon{\"src\":{\"regex\":{\"source\":\"overflow\"}}}"}]}
RESULT: {"script":"<script> [1562 bytes]","args":[{"selector":{"controlType":"sap.ui.core.Icon","viewName":"etm.portal.ui.manageresources.view.Detail","viewId":"application-manageresources-display-component---detailRU","properties":{"src":{"regex":{"source":"overflow"}}}},"wdio_ui5_key":"etmportal.ui.manageresources.view.Detailsap.ui.core.Icon{\"src\":{\"regex\":{\"source\":\"overflow\"}}}"}]}
RESULT: undefined
COMMAND: POST /session/be4790d44c8003a2500b5a2ec9bf0748/element - {"using":"xpath","value":"//*[@id=\"__title18-_actionsToolbar-overflowButton-img\"]"}
RESULT: {"using":"xpath","value":"//*[@id=\"__title18-_actionsToolbar-overflowButton-img\"]"}
COMMAND: POST /session/be4790d44c8003a2500b5a2ec9bf0748/element/f.CB17890886CEBDD3BAA48AB18EF5A7DB.d.4EF477BDE6FEED5CE611B9C9B76E52DE.e.9642/click - {}
RESULT: {}
COMMAND: POST /session/be4790d44c8003a2500b5a2ec9bf0748/execute/async - {"script":"<script> [1562 bytes]","args":[{"selector":{"controlType":"sap.m.Button","viewName":"etm.portal.ui.manageresources.view.Detail","viewId":"application-manageresources-display-component---detailRU","i18NText":{"propertyName":"tooltip","key":"closeColumn"},"searchOpenDialogs":true,"interaction":{"idSuffix":"inner"}},"wdio_ui5_key":"etmportal.ui.manageresources.view.Detailsap.m.Button{\"propertyName\":\"tooltip\",\"key\":\"closeColumn\"}"}]}
COMMAND: GET /session/be4790d44c8003a2500b5a2ec9bf0748/screenshot - {}
RESULT: {"script":"<script> [1562 bytes]","args":[{"selector":{"controlType":"sap.m.Button","viewName":"etm.portal.ui.manageresources.view.Detail","viewId":"application-manageresources-display-component---detailRU","i18NText":{"propertyName":"tooltip","key":"closeColumn"},"searchOpenDialogs":true,"interaction":{"idSuffix":"inner"}},"wdio_ui5_key":"etmportal.ui.manageresources.view.Detailsap.m.Button{\"propertyName\":\"tooltip\",\"key\":\"closeColumn\"}"}]}
RESULT: undefined
COMMAND: POST /session/be4790d44c8003a2500b5a2ec9bf0748/element - {"using":"xpath","value":"//*[@id=\"__button47\"]"}
RESULT: {}
RESULT: {"using":"xpath","value":"//*[@id=\"__button47\"]"}
COMMAND: POST /session/be4790d44c8003a2500b5a2ec9bf0748/element/f.CB17890886CEBDD3BAA48AB18EF5A7DB.d.4EF477BDE6FEED5CE611B9C9B76E52DE.e.9644/click - {}
RESULT: {}
COMMAND: GET /session/be4790d44c8003a2500b5a2ec9bf0748/screenshot - {}
RESULT: {}
COMMAND: POST /session/be4790d44c8003a2500b5a2ec9bf0748/refresh - {}
RESULT: {}
COMMAND: GET /session/be4790d44c8003a2500b5a2ec9bf0748/screenshot - {}
RESULT: {}
COMMAND: POST /session/be4790d44c8003a2500b5a2ec9bf0748/execute/async - {"script":"<script> [189 bytes]","args":[]}
RESULT: {"script":"<script> [189 bytes]","args":[]}
COMMAND: POST /session/be4790d44c8003a2500b5a2ec9bf0748/execute/async - {"script":"<script> [123 bytes]","args":[]}
RESULT: {"script":"<script> [123 bytes]","args":[]}
COMMAND: POST /session/be4790d44c8003a2500b5a2ec9bf0748/timeouts - {"script":"<number>"}
RESULT: {"script":"<number>"}
COMMAND: GET /session/be4790d44c8003a2500b5a2ec9bf0748/timeouts - {}
RESULT: {}
RESULT: undefined
COMMAND: POST /session/be4790d44c8003a2500b5a2ec9bf0748/execute/async - {"script":"<script> [2676 bytes]","args":[]}
RESULT: {"script":"<script> [2676 bytes]","args":[]}
COMMAND: POST /session/be4790d44c8003a2500b5a2ec9bf0748/execute/async - {"script":"<script> [2342 bytes]","args":[{"protocol":"http","hostname":"0.0.0.0","path":"/","capabilities":{"browserName":"chrome","goog:chromeOptions":{"binary":"C:\\Program Files\\Google\\Chrome\\Application\\chrome.exe","args":["--start-maximized"]}},"logLevel":"warn","connectionRetryTimeout":120000,"connectionRetryCount":3,"logLevels":{},"enableDirectConnect":true,"strictSSL":true,"_":"65 more keys: [\"cacheDir\",\"port\",\"requestedCapabilities\",\"automationProtocol\",\"baseUrl\",\"waitforInterval\",\"waitforTimeout\",\"onReload\",\"beforeCommand\",\"afterCommand\",\"rootDir\",\"specs\",\"suites\",\"exclude\",\"groupLogsByTestSpec\",\"excludeDriverLogs\",\"bail\",\"framework\",\"reporters\",\"services\",\"maxInstances\",\"maxInstancesPerCapability\",\"injectGlobals\",\"filesToWatch\",\"execArgv\",\"runnerEnv\",\"runner\",\"shard\",\"specFileRetries\",\"specFileRetriesDelay\",\"specFileRetriesDeferred\",\"reporterSyncInterval\",\"reporterSyncTimeout\",\"cucumberFeaturesWithLineNumbers\",\"autoCompileOpts\",\"mochaOpts\",\"jasmineOpts\",\"cucumberOpts\",\"onPrepare\",\"onWorkerStart\",\"onWorkerEnd\",\"before\",\"beforeSession\",\"beforeSuite\",\"beforeHook\",\"beforeTest\",\"afterTest\",\"afterHook\",\"afterSuite\",\"afterSession\",\"after\",\"onComplete\",\"beforeAssertion\",\"afterAssertion\",\"beforeFeature\",\"beforeScenario\",\"beforeStep\",\"afterStep\",\"afterScenario\",\"afterFeature\",\"_\",\"suite\",\"$0\",\"ignoredWorkerServices\",\"wdi5\"]"}]}
RESULT: {"script":"<script> [2342 bytes]","args":[{"protocol":"http","hostname":"0.0.0.0","path":"/","capabilities":{"browserName":"chrome","goog:chromeOptions":{"binary":"C:\\Program Files\\Google\\Chrome\\Application\\chrome.exe","args":["--start-maximized"]}},"logLevel":"warn","connectionRetryTimeout":120000,"connectionRetryCount":3,"logLevels":{},"enableDirectConnect":true,"strictSSL":true,"_":"65 more keys: [\"cacheDir\",\"port\",\"requestedCapabilities\",\"automationProtocol\",\"baseUrl\",\"waitforInterval\",\"waitforTimeout\",\"onReload\",\"beforeCommand\",\"afterCommand\",\"rootDir\",\"specs\",\"suites\",\"exclude\",\"groupLogsByTestSpec\",\"excludeDriverLogs\",\"bail\",\"framework\",\"reporters\",\"services\",\"maxInstances\",\"maxInstancesPerCapability\",\"injectGlobals\",\"filesToWatch\",\"execArgv\",\"runnerEnv\",\"runner\",\"shard\",\"specFileRetries\",\"specFileRetriesDelay\",\"specFileRetriesDeferred\",\"reporterSyncInterval\",\"reporterSyncTimeout\",\"cucumberFeaturesWithLineNumbers\",\"autoCompileOpts\",\"mochaOpts\",\"jasmineOpts\",\"cucumberOpts\",\"onPrepare\",\"onWorkerStart\",\"onWorkerEnd\",\"before\",\"beforeSession\",\"beforeSuite\",\"beforeHook\",\"beforeTest\",\"afterTest\",\"afterHook\",\"afterSuite\",\"afterSession\",\"after\",\"onComplete\",\"beforeAssertion\",\"afterAssertion\",\"beforeFeature\",\"beforeScenario\",\"beforeStep\",\"afterStep\",\"afterScenario\",\"afterFeature\",\"_\",\"suite\",\"$0\",\"ignoredWorkerServices\",\"wdi5\"]"}]}
COMMAND: POST /session/be4790d44c8003a2500b5a2ec9bf0748/execute/async - {"script":"<script> [21126 bytes]","args":[35000]}
RESULT: {"script":"<script> [21126 bytes]","args":[35000]}
COMMAND: POST /session/be4790d44c8003a2500b5a2ec9bf0748/element - {"using":"css selector","value":"#shell-header-logo"}
RESULT: {"using":"css selector","value":"#shell-header-logo"}
COMMAND: POST /session/be4790d44c8003a2500b5a2ec9bf0748/element/f.CB17890886CEBDD3BAA48AB18EF5A7DB.d.A59399031486FC4C908AB7E5207E1A9A.e.9862/click - {}
RESULT: {}
COMMAND: GET /session/be4790d44c8003a2500b5a2ec9bf0748/screenshot - {}
RESULT: {}
COMMAND: POST /session/be4790d44c8003a2500b5a2ec9bf0748/element - {"using":"css selector","value":"#shell-header-logo"}
RESULT: {"using":"css selector","value":"#shell-header-logo"}
COMMAND: POST /session/be4790d44c8003a2500b5a2ec9bf0748/element/f.CB17890886CEBDD3BAA48AB18EF5A7DB.d.A59399031486FC4C908AB7E5207E1A9A.e.10038/click - {}
RESULT: {}
COMMAND: GET /session/be4790d44c8003a2500b5a2ec9bf0748/screenshot - {}
RESULT: {}
]]></system-out>
    </testcase>
    <testcase classname="chrome.135_0_7049_96.windows.Warehouse_movements_inventory_test" name="Should do a stock increase handover" time="77.978">
      <system-out><![CDATA[
COMMAND: POST /session/be4790d44c8003a2500b5a2ec9bf0748/execute/async - {"script":"<script> [1562 bytes]","args":[{"selector":{"controlType":"sap.m.Text","viewName":"etm.portal.ui.managehandoverstile.view.Master","properties":{"text":"Manage Handovers"},"interaction":{"idSuffix":"inner"}},"wdio_ui5_key":"etmportal.ui.managehandoverstile.view.Mastersap.m.Text{\"text\":\"Manage Handovers\"}"}]}
RESULT: {"script":"<script> [1562 bytes]","args":[{"selector":{"controlType":"sap.m.Text","viewName":"etm.portal.ui.managehandoverstile.view.Master","properties":{"text":"Manage Handovers"},"interaction":{"idSuffix":"inner"}},"wdio_ui5_key":"etmportal.ui.managehandoverstile.view.Mastersap.m.Text{\"text\":\"Manage Handovers\"}"}]}
RESULT: undefined
COMMAND: POST /session/be4790d44c8003a2500b5a2ec9bf0748/element - {"using":"xpath","value":"//*[@id=\"__tile131-title\"]"}
RESULT: {"using":"xpath","value":"//*[@id=\"__tile131-title\"]"}
COMMAND: POST /session/be4790d44c8003a2500b5a2ec9bf0748/element/f.CB17890886CEBDD3BAA48AB18EF5A7DB.d.A59399031486FC4C908AB7E5207E1A9A.e.10048/click - {}
RESULT: {}
COMMAND: GET /session/be4790d44c8003a2500b5a2ec9bf0748/screenshot - {}
RESULT: {}
COMMAND: POST /session/be4790d44c8003a2500b5a2ec9bf0748/element - {"using":"xpath","value":"//button[(@data-kt = 'masterHOAddButton')]"}
RESULT: {"using":"xpath","value":"//button[(@data-kt = 'masterHOAddButton')]"}
COMMAND: POST /session/be4790d44c8003a2500b5a2ec9bf0748/element/f.CB17890886CEBDD3BAA48AB18EF5A7DB.d.A59399031486FC4C908AB7E5207E1A9A.e.10091/click - {}
RESULT: {}
COMMAND: GET /session/be4790d44c8003a2500b5a2ec9bf0748/screenshot - {}
RESULT: {}
COMMAND: POST /session/be4790d44c8003a2500b5a2ec9bf0748/element - {"using":"xpath","value":"//span[contains(@id ,\"AddNewHO--typeSelect-arrow\")]"}
RESULT: {"using":"xpath","value":"//span[contains(@id ,\"AddNewHO--typeSelect-arrow\")]"}
COMMAND: POST /session/be4790d44c8003a2500b5a2ec9bf0748/element/f.CB17890886CEBDD3BAA48AB18EF5A7DB.d.A59399031486FC4C908AB7E5207E1A9A.e.10386/click - {}
RESULT: {}
COMMAND: POST /session/be4790d44c8003a2500b5a2ec9bf0748/element - {"using":"xpath","value":"(//li[contains(text(), \"stock increase yard\")])[1]"}
COMMAND: GET /session/be4790d44c8003a2500b5a2ec9bf0748/screenshot - {}
RESULT: {"using":"xpath","value":"(//li[contains(text(), \"stock increase yard\")])[1]"}
COMMAND: POST /session/be4790d44c8003a2500b5a2ec9bf0748/element/f.CB17890886CEBDD3BAA48AB18EF5A7DB.d.A59399031486FC4C908AB7E5207E1A9A.e.10387/click - {}
RESULT: {}
RESULT: {}
COMMAND: GET /session/be4790d44c8003a2500b5a2ec9bf0748/screenshot - {}
RESULT: {}
COMMAND: POST /session/be4790d44c8003a2500b5a2ec9bf0748/execute/async - {"script":"<script> [1562 bytes]","args":[{"selector":{"id":"application-managehandovers-display-component---AddNewHO--dueDate","interaction":{"idSuffix":"inner"}},"wdio_ui5_key":"applicationmanagehandovers-display-component---AddNewHO--dueDate"}]}
RESULT: {"script":"<script> [1562 bytes]","args":[{"selector":{"id":"application-managehandovers-display-component---AddNewHO--dueDate","interaction":{"idSuffix":"inner"}},"wdio_ui5_key":"applicationmanagehandovers-display-component---AddNewHO--dueDate"}]}
RESULT: undefined
COMMAND: POST /session/be4790d44c8003a2500b5a2ec9bf0748/execute/async - {"script":"<script> [6424 bytes]","args":[{"element-6066-11e4-a52e-4f735466cecf":"f.CB17890886CEBDD3BAA48AB18EF5A7DB.d.A59399031486FC4C908AB7E5207E1A9A.e.10389"},"setValue",["05/05/2025"]]}
RESULT: {"script":"<script> [6424 bytes]","args":[{"element-6066-11e4-a52e-4f735466cecf":"f.CB17890886CEBDD3BAA48AB18EF5A7DB.d.A59399031486FC4C908AB7E5207E1A9A.e.10389"},"setValue",["05/05/2025"]]}
COMMAND: POST /session/be4790d44c8003a2500b5a2ec9bf0748/element - {"using":"xpath","value":"//input[@id=\"generalSectionFrg--receiveYard-inner\"]"}
RESULT: {"using":"xpath","value":"//input[@id=\"generalSectionFrg--receiveYard-inner\"]"}
COMMAND: POST /session/be4790d44c8003a2500b5a2ec9bf0748/element/f.CB17890886CEBDD3BAA48AB18EF5A7DB.d.A59399031486FC4C908AB7E5207E1A9A.e.10395/clear - {}
RESULT: {}
COMMAND: POST /session/be4790d44c8003a2500b5a2ec9bf0748/element/f.CB17890886CEBDD3BAA48AB18EF5A7DB.d.A59399031486FC4C908AB7E5207E1A9A.e.10395/value - {"text":"WebdriverWHMYard1ktag"}
COMMAND: GET /session/be4790d44c8003a2500b5a2ec9bf0748/screenshot - {}
RESULT: {"text":"WebdriverWHMYard1ktag"}
COMMAND: GET /session/be4790d44c8003a2500b5a2ec9bf0748/screenshot - {}
RESULT: {}
RESULT: {}
COMMAND: POST /session/be4790d44c8003a2500b5a2ec9bf0748/execute/async - {"script":"<script> [1562 bytes]","args":[{"selector":{"id":"application-managehandovers-display-component---AddNewHO--ObjectPageLayout-anchBar-application-managehandovers-display-component---AddNewHO--section4-anchor","interaction":{"idSuffix":"BDI-content"}},"wdio_ui5_key":"applicationmanagehandovers-display-component---AddNewHO--ObjectPageLayout-anchBar-application-managehandovers-display-component---AddNewHO--section4-anchor"}]}
RESULT: {"script":"<script> [1562 bytes]","args":[{"selector":{"id":"application-managehandovers-display-component---AddNewHO--ObjectPageLayout-anchBar-application-managehandovers-display-component---AddNewHO--section4-anchor","interaction":{"idSuffix":"BDI-content"}},"wdio_ui5_key":"applicationmanagehandovers-display-component---AddNewHO--ObjectPageLayout-anchBar-application-managehandovers-display-component---AddNewHO--section4-anchor"}]}
RESULT: undefined
COMMAND: POST /session/be4790d44c8003a2500b5a2ec9bf0748/element - {"using":"xpath","value":"//*[@id=\"application-managehandovers-display-component---AddNewHO--ObjectPageLayout-anchBar-application-managehandovers-display-component---AddNewHO--section4-anchor\"]"}
RESULT: {"using":"xpath","value":"//*[@id=\"application-managehandovers-display-component---AddNewHO--ObjectPageLayout-anchBar-application-managehandovers-display-component---AddNewHO--section4-anchor\"]"}
COMMAND: POST /session/be4790d44c8003a2500b5a2ec9bf0748/element/f.CB17890886CEBDD3BAA48AB18EF5A7DB.d.A59399031486FC4C908AB7E5207E1A9A.e.10414/click - {}
RESULT: {}
COMMAND: GET /session/be4790d44c8003a2500b5a2ec9bf0748/screenshot - {}
RESULT: {}
COMMAND: POST /session/be4790d44c8003a2500b5a2ec9bf0748/element - {"using":"xpath","value":"//button[@aria-label=\"Add\"]"}
RESULT: {"using":"xpath","value":"//button[@aria-label=\"Add\"]"}
COMMAND: POST /session/be4790d44c8003a2500b5a2ec9bf0748/element/f.CB17890886CEBDD3BAA48AB18EF5A7DB.d.A59399031486FC4C908AB7E5207E1A9A.e.10418/click - {}
RESULT: {}
COMMAND: GET /session/be4790d44c8003a2500b5a2ec9bf0748/screenshot - {}
COMMAND: POST /session/be4790d44c8003a2500b5a2ec9bf0748/execute/async - {"script":"<script> [1562 bytes]","args":[{"selector":{"id":"application-managehandovers-display-component---AddNewHO--smartFilterBar-btnBasicSearch","searchOpenDialogs":true,"interaction":{"idSuffix":"I"}},"wdio_ui5_key":"applicationmanagehandovers-display-component---AddNewHO--smartFilterBar-btnBasicSearch"}]}
RESULT: {}
RESULT: {"script":"<script> [1562 bytes]","args":[{"selector":{"id":"application-managehandovers-display-component---AddNewHO--smartFilterBar-btnBasicSearch","searchOpenDialogs":true,"interaction":{"idSuffix":"I"}},"wdio_ui5_key":"applicationmanagehandovers-display-component---AddNewHO--smartFilterBar-btnBasicSearch"}]}
RESULT: undefined
COMMAND: POST /session/be4790d44c8003a2500b5a2ec9bf0748/execute/async - {"script":"<script> [776 bytes]","args":[{"enterText":"WebdriverRUR2C9y7kc","selector":{"id":"application-managehandovers-display-component---AddNewHO--smartFilterBar-btnBasicSearch","searchOpenDialogs":true,"interaction":{"idSuffix":"I"}},"clearTextFirst":true,"interactionType":"ENTER_TEXT"}]}
RESULT: {"script":"<script> [776 bytes]","args":[{"enterText":"WebdriverRUR2C9y7kc","selector":{"id":"application-managehandovers-display-component---AddNewHO--smartFilterBar-btnBasicSearch","searchOpenDialogs":true,"interaction":{"idSuffix":"I"}},"clearTextFirst":true,"interactionType":"ENTER_TEXT"}]}
COMMAND: POST /session/be4790d44c8003a2500b5a2ec9bf0748/actions - {"actions":[{"id":"action33","type":"key","parameters":{},"actions":[{"type":"keyDown","value":"î€‡"},{"type":"pause","duration":10},{"type":"keyUp","value":"î€‡"}]}]}
RESULT: {"actions":[{"id":"action33","type":"key","parameters":{},"actions":[{"type":"keyDown","value":"î€‡"},{"type":"pause","duration":10},{"type":"keyUp","value":"î€‡"}]}]}
COMMAND: POST /session/be4790d44c8003a2500b5a2ec9bf0748/execute/async - {"script":"<script> [1562 bytes]","args":[{"selector":{"id":"application-managehandovers-display-component---AddNewHO--popup-sa","searchOpenDialogs":true,"interaction":{"idSuffix":"CbBg"}},"wdio_ui5_key":"applicationmanagehandovers-display-component---AddNewHO--popup-sa"}]}
COMMAND: GET /session/be4790d44c8003a2500b5a2ec9bf0748/screenshot - {}
RESULT: {"script":"<script> [1562 bytes]","args":[{"selector":{"id":"application-managehandovers-display-component---AddNewHO--popup-sa","searchOpenDialogs":true,"interaction":{"idSuffix":"CbBg"}},"wdio_ui5_key":"applicationmanagehandovers-display-component---AddNewHO--popup-sa"}]}
RESULT: undefined
COMMAND: POST /session/be4790d44c8003a2500b5a2ec9bf0748/element - {"using":"xpath","value":"//*[@id=\"application-managehandovers-display-component---AddNewHO--popup-sa\"]"}
RESULT: {}
RESULT: {"using":"xpath","value":"//*[@id=\"application-managehandovers-display-component---AddNewHO--popup-sa\"]"}
COMMAND: POST /session/be4790d44c8003a2500b5a2ec9bf0748/element/f.CB17890886CEBDD3BAA48AB18EF5A7DB.d.A59399031486FC4C908AB7E5207E1A9A.e.10572/click - {}
RESULT: {}
COMMAND: GET /session/be4790d44c8003a2500b5a2ec9bf0748/screenshot - {}
RESULT: {}
COMMAND: POST /session/be4790d44c8003a2500b5a2ec9bf0748/element - {"using":"xpath","value":"//bdi[contains(text(), \"Select\")]"}
RESULT: {"using":"xpath","value":"//bdi[contains(text(), \"Select\")]"}
COMMAND: POST /session/be4790d44c8003a2500b5a2ec9bf0748/element/f.CB17890886CEBDD3BAA48AB18EF5A7DB.d.A59399031486FC4C908AB7E5207E1A9A.e.10573/click - {}
RESULT: {}
COMMAND: GET /session/be4790d44c8003a2500b5a2ec9bf0748/screenshot - {}
RESULT: {}
COMMAND: POST /session/be4790d44c8003a2500b5a2ec9bf0748/element - {"using":"xpath","value":"//button[@data-kt=\"AddNewHOSaveButton\"]"}
RESULT: {"using":"xpath","value":"//button[@data-kt=\"AddNewHOSaveButton\"]"}
COMMAND: POST /session/be4790d44c8003a2500b5a2ec9bf0748/element/f.CB17890886CEBDD3BAA48AB18EF5A7DB.d.A59399031486FC4C908AB7E5207E1A9A.e.10577/click - {}
RESULT: {}
COMMAND: GET /session/be4790d44c8003a2500b5a2ec9bf0748/screenshot - {}
COMMAND: POST /session/be4790d44c8003a2500b5a2ec9bf0748/execute/async - {"script":"<script> [1562 bytes]","args":[{"selector":{"id":"receiptDatePicker","viewName":"etm.portal.ui.managehandovers.view.DetailExecuteHO","interaction":{"idSuffix":"inner"}},"wdio_ui5_key":"receiptDatePickeretmportal.ui.managehandovers.view.DetailExecuteHO"}]}
RESULT: {}
RESULT: {"script":"<script> [1562 bytes]","args":[{"selector":{"id":"receiptDatePicker","viewName":"etm.portal.ui.managehandovers.view.DetailExecuteHO","interaction":{"idSuffix":"inner"}},"wdio_ui5_key":"receiptDatePickeretmportal.ui.managehandovers.view.DetailExecuteHO"}]}
RESULT: undefined
COMMAND: POST /session/be4790d44c8003a2500b5a2ec9bf0748/execute/async - {"script":"<script> [6424 bytes]","args":[{"element-6066-11e4-a52e-4f735466cecf":"f.CB17890886CEBDD3BAA48AB18EF5A7DB.d.A59399031486FC4C908AB7E5207E1A9A.e.10607"},"setValue",["05/05/2025"]]}
RESULT: {"script":"<script> [6424 bytes]","args":[{"element-6066-11e4-a52e-4f735466cecf":"f.CB17890886CEBDD3BAA48AB18EF5A7DB.d.A59399031486FC4C908AB7E5207E1A9A.e.10607"},"setValue",["05/05/2025"]]}
COMMAND: POST /session/be4790d44c8003a2500b5a2ec9bf0748/element - {"using":"xpath","value":"//button[@data-kt=\"PickingTableConfirmAllButton\"]"}
RESULT: {"using":"xpath","value":"//button[@data-kt=\"PickingTableConfirmAllButton\"]"}
COMMAND: POST /session/be4790d44c8003a2500b5a2ec9bf0748/element/f.CB17890886CEBDD3BAA48AB18EF5A7DB.d.A59399031486FC4C908AB7E5207E1A9A.e.10626/click - {}
RESULT: {}
COMMAND: GET /session/be4790d44c8003a2500b5a2ec9bf0748/screenshot - {}
RESULT: {}
COMMAND: POST /session/be4790d44c8003a2500b5a2ec9bf0748/element - {"using":"xpath","value":"//bdi[contains(text(), \"OK\")]"}
RESULT: {"using":"xpath","value":"//bdi[contains(text(), \"OK\")]"}
COMMAND: POST /session/be4790d44c8003a2500b5a2ec9bf0748/element/f.CB17890886CEBDD3BAA48AB18EF5A7DB.d.A59399031486FC4C908AB7E5207E1A9A.e.10628/click - {}
RESULT: {}
COMMAND: GET /session/be4790d44c8003a2500b5a2ec9bf0748/screenshot - {}
RESULT: {}
COMMAND: POST /session/be4790d44c8003a2500b5a2ec9bf0748/element - {"using":"xpath","value":"(//bdi[contains(text(), \"Receive\")])[2]"}
RESULT: {"using":"xpath","value":"(//bdi[contains(text(), \"Receive\")])[2]"}
COMMAND: POST /session/be4790d44c8003a2500b5a2ec9bf0748/element/f.CB17890886CEBDD3BAA48AB18EF5A7DB.d.A59399031486FC4C908AB7E5207E1A9A.e.10630/click - {}
RESULT: {}
COMMAND: GET /session/be4790d44c8003a2500b5a2ec9bf0748/screenshot - {}
RESULT: {}
COMMAND: POST /session/be4790d44c8003a2500b5a2ec9bf0748/element - {"using":"css selector","value":"#shell-header-logo"}
RESULT: {"using":"css selector","value":"#shell-header-logo"}
COMMAND: POST /session/be4790d44c8003a2500b5a2ec9bf0748/element/f.CB17890886CEBDD3BAA48AB18EF5A7DB.d.A59399031486FC4C908AB7E5207E1A9A.e.10038/click - {}
RESULT: {}
COMMAND: GET /session/be4790d44c8003a2500b5a2ec9bf0748/screenshot - {}
RESULT: {}
]]></system-out>
    </testcase>
    <testcase classname="chrome.135_0_7049_96.windows.Warehouse_movements_inventory_test" name="Verify the warehouse movement" time="48.454">
      <system-out><![CDATA[
COMMAND: POST /session/be4790d44c8003a2500b5a2ec9bf0748/execute/async - {"script":"<script> [1562 bytes]","args":[{"selector":{"controlType":"sap.m.GenericTile","properties":{"header":"Manage Warehouse Movements"}},"wdio_ui5_key":"sapm.GenericTile{\"header\":\"Manage Warehouse Movements\"}"}]}
RESULT: {"script":"<script> [1562 bytes]","args":[{"selector":{"controlType":"sap.m.GenericTile","properties":{"header":"Manage Warehouse Movements"}},"wdio_ui5_key":"sapm.GenericTile{\"header\":\"Manage Warehouse Movements\"}"}]}
RESULT: undefined
COMMAND: POST /session/be4790d44c8003a2500b5a2ec9bf0748/element - {"using":"xpath","value":"//*[@id=\"__tile105\"]"}
RESULT: {"using":"xpath","value":"//*[@id=\"__tile105\"]"}
COMMAND: POST /session/be4790d44c8003a2500b5a2ec9bf0748/element/f.CB17890886CEBDD3BAA48AB18EF5A7DB.d.A59399031486FC4C908AB7E5207E1A9A.e.10776/click - {}
RESULT: {}
COMMAND: GET /session/be4790d44c8003a2500b5a2ec9bf0748/screenshot - {}
RESULT: {}
COMMAND: POST /session/be4790d44c8003a2500b5a2ec9bf0748/execute/async - {"script":"<script> [1562 bytes]","args":[{"selector":{"id":"application-warehousemovements-display-component---warehouseMovements--smartFilterBar-filterItemControl_BASIC-YARD-vhi"},"wdio_ui5_key":"applicationwarehousemovements-display-component---warehouseMovements--smartFilterBar-filterItemControl_BASIC-YARD-vhi"}]}
RESULT: {"script":"<script> [1562 bytes]","args":[{"selector":{"id":"application-warehousemovements-display-component---warehouseMovements--smartFilterBar-filterItemControl_BASIC-YARD-vhi"},"wdio_ui5_key":"applicationwarehousemovements-display-component---warehouseMovements--smartFilterBar-filterItemControl_BASIC-YARD-vhi"}]}
RESULT: undefined
COMMAND: POST /session/be4790d44c8003a2500b5a2ec9bf0748/element - {"using":"xpath","value":"//*[@id=\"application-warehousemovements-display-component---warehouseMovements--smartFilterBar-filterItemControl_BASIC-YARD-vhi\"]"}
RESULT: {"using":"xpath","value":"//*[@id=\"application-warehousemovements-display-component---warehouseMovements--smartFilterBar-filterItemControl_BASIC-YARD-vhi\"]"}
COMMAND: POST /session/be4790d44c8003a2500b5a2ec9bf0748/element/f.CB17890886CEBDD3BAA48AB18EF5A7DB.d.A59399031486FC4C908AB7E5207E1A9A.e.10878/click - {}
RESULT: {}
COMMAND: GET /session/be4790d44c8003a2500b5a2ec9bf0748/screenshot - {}
RESULT: {}
COMMAND: POST /session/be4790d44c8003a2500b5a2ec9bf0748/execute/async - {"script":"<script> [1562 bytes]","args":[{"selector":{"id":"application-warehousemovements-display-component---warehouseMovements--smartFilterBar-filterItemControl_BASIC-YARD-valueHelpDialog-smartFilterBar-btnBasicSearch","searchOpenDialogs":true,"interaction":{"idSuffix":"I"}},"wdio_ui5_key":"applicationwarehousemovements-display-component---warehouseMovements--smartFilterBar-filterItemControl_BASIC-YARD-valueHelpDialog-smartFilterBar-btnBasicSearch"}]}
RESULT: {"script":"<script> [1562 bytes]","args":[{"selector":{"id":"application-warehousemovements-display-component---warehouseMovements--smartFilterBar-filterItemControl_BASIC-YARD-valueHelpDialog-smartFilterBar-btnBasicSearch","searchOpenDialogs":true,"interaction":{"idSuffix":"I"}},"wdio_ui5_key":"applicationwarehousemovements-display-component---warehouseMovements--smartFilterBar-filterItemControl_BASIC-YARD-valueHelpDialog-smartFilterBar-btnBasicSearch"}]}
RESULT: undefined
COMMAND: POST /session/be4790d44c8003a2500b5a2ec9bf0748/execute/async - {"script":"<script> [776 bytes]","args":[{"enterText":"WebdriverWHMYard1ktag","selector":{"id":"application-warehousemovements-display-component---warehouseMovements--smartFilterBar-filterItemControl_BASIC-YARD-valueHelpDialog-smartFilterBar-btnBasicSearch","searchOpenDialogs":true,"interaction":{"idSuffix":"I"}},"clearTextFirst":true,"interactionType":"ENTER_TEXT"}]}
RESULT: {"script":"<script> [776 bytes]","args":[{"enterText":"WebdriverWHMYard1ktag","selector":{"id":"application-warehousemovements-display-component---warehouseMovements--smartFilterBar-filterItemControl_BASIC-YARD-valueHelpDialog-smartFilterBar-btnBasicSearch","searchOpenDialogs":true,"interaction":{"idSuffix":"I"}},"clearTextFirst":true,"interactionType":"ENTER_TEXT"}]}
COMMAND: POST /session/be4790d44c8003a2500b5a2ec9bf0748/actions - {"actions":[{"id":"action34","type":"key","parameters":{},"actions":[{"type":"keyDown","value":"î€‡"},{"type":"pause","duration":10},{"type":"keyUp","value":"î€‡"}]}]}
RESULT: {"actions":[{"id":"action34","type":"key","parameters":{},"actions":[{"type":"keyDown","value":"î€‡"},{"type":"pause","duration":10},{"type":"keyUp","value":"î€‡"}]}]}
COMMAND: GET /session/be4790d44c8003a2500b5a2ec9bf0748/screenshot - {}
RESULT: {}
COMMAND: POST /session/be4790d44c8003a2500b5a2ec9bf0748/element - {"using":"xpath","value":"//div[@id='application-warehousemovements-display-component---warehouseMovements--smartFilterBar-filterItemControl_BASIC-YARD-valueHelpDialog-table-rowsel0']"}
RESULT: {"using":"xpath","value":"//div[@id='application-warehousemovements-display-component---warehouseMovements--smartFilterBar-filterItemControl_BASIC-YARD-valueHelpDialog-table-rowsel0']"}
COMMAND: POST /session/be4790d44c8003a2500b5a2ec9bf0748/element/f.CB17890886CEBDD3BAA48AB18EF5A7DB.d.A59399031486FC4C908AB7E5207E1A9A.e.10889/click - {}
RESULT: {}
COMMAND: POST /session/be4790d44c8003a2500b5a2ec9bf0748/execute/async - {"script":"<script> [1562 bytes]","args":[{"selector":{"id":"application-warehousemovements-display-component---warehouseMovements--smartFilterBar-filterItemControl_BASIC-YARD-valueHelpDialog-ok","searchOpenDialogs":true,"interaction":{"idSuffix":"BDI-content"}},"wdio_ui5_key":"applicationwarehousemovements-display-component---warehouseMovements--smartFilterBar-filterItemControl_BASIC-YARD-valueHelpDialog-ok"}]}
COMMAND: GET /session/be4790d44c8003a2500b5a2ec9bf0748/screenshot - {}
RESULT: {"script":"<script> [1562 bytes]","args":[{"selector":{"id":"application-warehousemovements-display-component---warehouseMovements--smartFilterBar-filterItemControl_BASIC-YARD-valueHelpDialog-ok","searchOpenDialogs":true,"interaction":{"idSuffix":"BDI-content"}},"wdio_ui5_key":"applicationwarehousemovements-display-component---warehouseMovements--smartFilterBar-filterItemControl_BASIC-YARD-valueHelpDialog-ok"}]}
RESULT: undefined
COMMAND: POST /session/be4790d44c8003a2500b5a2ec9bf0748/element - {"using":"xpath","value":"//*[@id=\"application-warehousemovements-display-component---warehouseMovements--smartFilterBar-filterItemControl_BASIC-YARD-valueHelpDialog-ok\"]"}
RESULT: {}
RESULT: {"using":"xpath","value":"//*[@id=\"application-warehousemovements-display-component---warehouseMovements--smartFilterBar-filterItemControl_BASIC-YARD-valueHelpDialog-ok\"]"}
COMMAND: POST /session/be4790d44c8003a2500b5a2ec9bf0748/element/f.CB17890886CEBDD3BAA48AB18EF5A7DB.d.A59399031486FC4C908AB7E5207E1A9A.e.10892/click - {}
RESULT: {}
COMMAND: POST /session/be4790d44c8003a2500b5a2ec9bf0748/execute/async - {"script":"<script> [1562 bytes]","args":[{"selector":{"controlType":"sap.ui.core.Icon","viewName":"etm.portal.ui.warehousemovements.view.MasterMovement","viewId":"application-warehousemovements-display-component---warehouseMovements","properties":{"src":{"regex":{"source":"add"}}}},"wdio_ui5_key":"etmportal.ui.warehousemovements.view.MasterMovementsap.ui.core.Icon{\"src\":{\"regex\":{\"source\":\"add\"}}}"}]}
COMMAND: GET /session/be4790d44c8003a2500b5a2ec9bf0748/screenshot - {}
RESULT: {"script":"<script> [1562 bytes]","args":[{"selector":{"controlType":"sap.ui.core.Icon","viewName":"etm.portal.ui.warehousemovements.view.MasterMovement","viewId":"application-warehousemovements-display-component---warehouseMovements","properties":{"src":{"regex":{"source":"add"}}}},"wdio_ui5_key":"etmportal.ui.warehousemovements.view.MasterMovementsap.ui.core.Icon{\"src\":{\"regex\":{\"source\":\"add\"}}}"}]}
RESULT: undefined
COMMAND: POST /session/be4790d44c8003a2500b5a2ec9bf0748/element - {"using":"xpath","value":"//*[@id=\"__button73-img\"]"}
RESULT: {}
RESULT: {"using":"xpath","value":"//*[@id=\"__button73-img\"]"}
COMMAND: POST /session/be4790d44c8003a2500b5a2ec9bf0748/element/f.CB17890886CEBDD3BAA48AB18EF5A7DB.d.A59399031486FC4C908AB7E5207E1A9A.e.10813/click - {}
RESULT: {}
COMMAND: POST /session/be4790d44c8003a2500b5a2ec9bf0748/element - {"using":"xpath","value":"//input[contains(@id ,\"application-warehousemovements-display-component---addMovement--sectionsList-inner\")]"}
COMMAND: GET /session/be4790d44c8003a2500b5a2ec9bf0748/screenshot - {}
RESULT: {"using":"xpath","value":"//input[contains(@id ,\"application-warehousemovements-display-component---addMovement--sectionsList-inner\")]"}
COMMAND: POST /session/be4790d44c8003a2500b5a2ec9bf0748/elements - {"using":"xpath","value":"//input[contains(@id ,\"application-warehousemovements-display-component---addMovement--sectionsList-inner\")]"}
RESULT: {}
RESULT: {"using":"xpath","value":"//input[contains(@id ,\"application-warehousemovements-display-component---addMovement--sectionsList-inner\")]"}
COMMAND: POST /session/be4790d44c8003a2500b5a2ec9bf0748/elements - {"using":"xpath","value":"//input[contains(@id ,\"application-warehousemovements-display-component---addMovement--sectionsList-inner\")]"}
RESULT: {"using":"xpath","value":"//input[contains(@id ,\"application-warehousemovements-display-component---addMovement--sectionsList-inner\")]"}
COMMAND: POST /session/be4790d44c8003a2500b5a2ec9bf0748/element - {"using":"xpath","value":"//input[contains(@id ,\"application-warehousemovements-display-component---addMovement--sectionsList-inner\")]"}
RESULT: {"using":"xpath","value":"//input[contains(@id ,\"application-warehousemovements-display-component---addMovement--sectionsList-inner\")]"}
COMMAND: POST /session/be4790d44c8003a2500b5a2ec9bf0748/element/f.CB17890886CEBDD3BAA48AB18EF5A7DB.d.A59399031486FC4C908AB7E5207E1A9A.e.10958/clear - {}
RESULT: {}
COMMAND: POST /session/be4790d44c8003a2500b5a2ec9bf0748/element/f.CB17890886CEBDD3BAA48AB18EF5A7DB.d.A59399031486FC4C908AB7E5207E1A9A.e.10958/value - {"text":"Secygqrzh"}
COMMAND: GET /session/be4790d44c8003a2500b5a2ec9bf0748/screenshot - {}
RESULT: {"text":"Secygqrzh"}
COMMAND: GET /session/be4790d44c8003a2500b5a2ec9bf0748/screenshot - {}
RESULT: {}
RESULT: {}
COMMAND: POST /session/be4790d44c8003a2500b5a2ec9bf0748/actions - {"actions":[{"id":"action35","type":"key","parameters":{},"actions":[{"type":"keyDown","value":"î€‡"},{"type":"pause","duration":10},{"type":"keyUp","value":"î€‡"}]}]}
RESULT: {"actions":[{"id":"action35","type":"key","parameters":{},"actions":[{"type":"keyDown","value":"î€‡"},{"type":"pause","duration":10},{"type":"keyUp","value":"î€‡"}]}]}
COMMAND: GET /session/be4790d44c8003a2500b5a2ec9bf0748/screenshot - {}
RESULT: {}
COMMAND: POST /session/be4790d44c8003a2500b5a2ec9bf0748/execute/async - {"script":"<script> [1562 bytes]","args":[{"selector":{"id":"application-warehousemovements-display-component---addMovement--addItem-img"},"wdio_ui5_key":"applicationwarehousemovements-display-component---addMovement--addItem-img"}]}
RESULT: {"script":"<script> [1562 bytes]","args":[{"selector":{"id":"application-warehousemovements-display-component---addMovement--addItem-img"},"wdio_ui5_key":"applicationwarehousemovements-display-component---addMovement--addItem-img"}]}
RESULT: undefined
COMMAND: POST /session/be4790d44c8003a2500b5a2ec9bf0748/element - {"using":"xpath","value":"//*[@id=\"application-warehousemovements-display-component---addMovement--addItem-img\"]"}
RESULT: {"using":"xpath","value":"//*[@id=\"application-warehousemovements-display-component---addMovement--addItem-img\"]"}
COMMAND: POST /session/be4790d44c8003a2500b5a2ec9bf0748/element/f.CB17890886CEBDD3BAA48AB18EF5A7DB.d.A59399031486FC4C908AB7E5207E1A9A.e.10942/click - {}
RESULT: {}
COMMAND: POST /session/be4790d44c8003a2500b5a2ec9bf0748/execute/async - {"script":"<script> [1562 bytes]","args":[{"selector":{"id":"movementItemsPopUp--invSearch","searchOpenDialogs":true,"interaction":{"idSuffix":"I"}},"wdio_ui5_key":"movementItemsPopUpinvSearch"}]}
COMMAND: GET /session/be4790d44c8003a2500b5a2ec9bf0748/screenshot - {}
RESULT: {"script":"<script> [1562 bytes]","args":[{"selector":{"id":"movementItemsPopUp--invSearch","searchOpenDialogs":true,"interaction":{"idSuffix":"I"}},"wdio_ui5_key":"movementItemsPopUpinvSearch"}]}
RESULT: undefined
COMMAND: POST /session/be4790d44c8003a2500b5a2ec9bf0748/execute/async - {"script":"<script> [776 bytes]","args":[{"enterText":"WebdriverRUR2C9y7kc","selector":{"id":"movementItemsPopUp--invSearch","searchOpenDialogs":true,"interaction":{"idSuffix":"I"}},"clearTextFirst":true,"interactionType":"ENTER_TEXT"}]}
RESULT: {}
RESULT: {"script":"<script> [776 bytes]","args":[{"enterText":"WebdriverRUR2C9y7kc","selector":{"id":"movementItemsPopUp--invSearch","searchOpenDialogs":true,"interaction":{"idSuffix":"I"}},"clearTextFirst":true,"interactionType":"ENTER_TEXT"}]}
COMMAND: POST /session/be4790d44c8003a2500b5a2ec9bf0748/execute/async - {"script":"<script> [1562 bytes]","args":[{"selector":{"id":"movementItemsPopUp--movementItemsTable-sa","searchOpenDialogs":true,"interaction":{"idSuffix":"CbBg"}},"wdio_ui5_key":"movementItemsPopUpmovementItemsTable-sa"}]}
RESULT: {"script":"<script> [1562 bytes]","args":[{"selector":{"id":"movementItemsPopUp--movementItemsTable-sa","searchOpenDialogs":true,"interaction":{"idSuffix":"CbBg"}},"wdio_ui5_key":"movementItemsPopUpmovementItemsTable-sa"}]}
RESULT: undefined
COMMAND: POST /session/be4790d44c8003a2500b5a2ec9bf0748/element - {"using":"xpath","value":"//*[@id=\"movementItemsPopUp--movementItemsTable-sa\"]"}
RESULT: {"using":"xpath","value":"//*[@id=\"movementItemsPopUp--movementItemsTable-sa\"]"}
COMMAND: POST /session/be4790d44c8003a2500b5a2ec9bf0748/element/f.CB17890886CEBDD3BAA48AB18EF5A7DB.d.A59399031486FC4C908AB7E5207E1A9A.e.11030/click - {}
RESULT: {}
COMMAND: POST /session/be4790d44c8003a2500b5a2ec9bf0748/execute/async - {"script":"<script> [1562 bytes]","args":[{"selector":{"id":"movementItemsPopUp--createBtn","searchOpenDialogs":true,"interaction":{"idSuffix":"BDI-content"}},"wdio_ui5_key":"movementItemsPopUpcreateBtn"}]}
COMMAND: GET /session/be4790d44c8003a2500b5a2ec9bf0748/screenshot - {}
RESULT: {"script":"<script> [1562 bytes]","args":[{"selector":{"id":"movementItemsPopUp--createBtn","searchOpenDialogs":true,"interaction":{"idSuffix":"BDI-content"}},"wdio_ui5_key":"movementItemsPopUpcreateBtn"}]}
RESULT: undefined
COMMAND: POST /session/be4790d44c8003a2500b5a2ec9bf0748/element - {"using":"xpath","value":"//*[@id=\"movementItemsPopUp--createBtn\"]"}
RESULT: {}
RESULT: {"using":"xpath","value":"//*[@id=\"movementItemsPopUp--createBtn\"]"}
COMMAND: POST /session/be4790d44c8003a2500b5a2ec9bf0748/element/f.CB17890886CEBDD3BAA48AB18EF5A7DB.d.A59399031486FC4C908AB7E5207E1A9A.e.11032/click - {}
RESULT: {}
COMMAND: GET /session/be4790d44c8003a2500b5a2ec9bf0748/screenshot - {}
RESULT: {}
COMMAND: DELETE /session/be4790d44c8003a2500b5a2ec9bf0748 - {}
RESULT: {}
]]></system-out>
    </testcase>
  </testsuite>
</testsuites>