<?xml version="1.0" encoding="UTF-8"?>
<testsuites tests="3" failures="0" errors="0" skipped="0">
  <testsuite timestamp="2025-05-18T17:58:54" time="258.889" tests="3" failures="0" errors="0" skipped="0">
    <properties>
      <property name="specId" value="0" />
      <property name="suiteName" value="Address Management Tests US151165 US151160" />
      <property name="capabilities" value="chrome.136_0_7103_93.windows" />
      <property name="file" value="file:///D:/a/1/s/test/specs/BTS/address-management.spec.js" />
    </properties>
    <testcase classname="chrome.136_0_7103_93.windows.Address_Management_Tests_US151165_US151160" name="Step 1 Will check existence of address created with generated name if none then we create" time="77.765">
      <system-out><![CDATA[
COMMAND: POST /session/fefb87e3c04fd7657c514e8a603abb80/execute/async - {"script":"<script> [1562 bytes]","args":[{"selector":{"controlType":"sap.m.GenericTile","properties":{"header":"Address Management"}},"wdio_ui5_key":"sapm.GenericTile{\"header\":\"Address Management\"}"}]}
RESULT: {"script":"<script> [1562 bytes]","args":[{"selector":{"controlType":"sap.m.GenericTile","properties":{"header":"Address Management"}},"wdio_ui5_key":"sapm.GenericTile{\"header\":\"Address Management\"}"}]}
RESULT: undefined
COMMAND: POST /session/fefb87e3c04fd7657c514e8a603abb80/element - {"using":"xpath","value":"//*[@id=\"__tile33\"]"}
RESULT: {"using":"xpath","value":"//*[@id=\"__tile33\"]"}
COMMAND: POST /session/fefb87e3c04fd7657c514e8a603abb80/element/f.422062293C67263D8EFDE146E108BCB7.d.FF362F93E0449A79ED952AC6F29063D5.e.218/click - {}
RESULT: {}
COMMAND: GET /session/fefb87e3c04fd7657c514e8a603abb80/screenshot - {}
RESULT: {}
COMMAND: POST /session/fefb87e3c04fd7657c514e8a603abb80/elements - {"using":"xpath","value":"//span[text()='Error']"}
RESULT: {"using":"xpath","value":"//span[text()='Error']"}
COMMAND: POST /session/fefb87e3c04fd7657c514e8a603abb80/element - {"using":"xpath","value":"//button[@data-kt=\"addButton\"]"}
RESULT: {"using":"xpath","value":"//button[@data-kt=\"addButton\"]"}
COMMAND: POST /session/fefb87e3c04fd7657c514e8a603abb80/elements - {"using":"xpath","value":"//button[@data-kt=\"addButton\"]"}
RESULT: {"using":"xpath","value":"//button[@data-kt=\"addButton\"]"}
COMMAND: POST /session/fefb87e3c04fd7657c514e8a603abb80/elements - {"using":"xpath","value":"//button[@data-kt=\"addButton\"]"}
RESULT: {"using":"xpath","value":"//button[@data-kt=\"addButton\"]"}
COMMAND: POST /session/fefb87e3c04fd7657c514e8a603abb80/elements - {"using":"xpath","value":"//button[@data-kt=\"addButton\"]"}
RESULT: {"using":"xpath","value":"//button[@data-kt=\"addButton\"]"}
COMMAND: POST /session/fefb87e3c04fd7657c514e8a603abb80/elements - {"using":"xpath","value":"//button[@data-kt=\"addButton\"]"}
RESULT: {"using":"xpath","value":"//button[@data-kt=\"addButton\"]"}
COMMAND: POST /session/fefb87e3c04fd7657c514e8a603abb80/elements - {"using":"xpath","value":"//button[@data-kt=\"addButton\"]"}
RESULT: {"using":"xpath","value":"//button[@data-kt=\"addButton\"]"}
COMMAND: POST /session/fefb87e3c04fd7657c514e8a603abb80/elements - {"using":"xpath","value":"//button[@data-kt=\"addButton\"]"}
RESULT: {"using":"xpath","value":"//button[@data-kt=\"addButton\"]"}
COMMAND: POST /session/fefb87e3c04fd7657c514e8a603abb80/elements - {"using":"xpath","value":"//button[@data-kt=\"addButton\"]"}
RESULT: {"using":"xpath","value":"//button[@data-kt=\"addButton\"]"}
COMMAND: POST /session/fefb87e3c04fd7657c514e8a603abb80/elements - {"using":"xpath","value":"//button[@data-kt=\"addButton\"]"}
RESULT: {"using":"xpath","value":"//button[@data-kt=\"addButton\"]"}
COMMAND: POST /session/fefb87e3c04fd7657c514e8a603abb80/elements - {"using":"xpath","value":"//button[@data-kt=\"addButton\"]"}
RESULT: {"using":"xpath","value":"//button[@data-kt=\"addButton\"]"}
COMMAND: POST /session/fefb87e3c04fd7657c514e8a603abb80/elements - {"using":"xpath","value":"//button[@data-kt=\"addButton\"]"}
RESULT: {"using":"xpath","value":"//button[@data-kt=\"addButton\"]"}
COMMAND: POST /session/fefb87e3c04fd7657c514e8a603abb80/elements - {"using":"xpath","value":"//button[@data-kt=\"addButton\"]"}
RESULT: {"using":"xpath","value":"//button[@data-kt=\"addButton\"]"}
COMMAND: POST /session/fefb87e3c04fd7657c514e8a603abb80/elements - {"using":"xpath","value":"//button[@data-kt=\"addButton\"]"}
RESULT: {"using":"xpath","value":"//button[@data-kt=\"addButton\"]"}
COMMAND: POST /session/fefb87e3c04fd7657c514e8a603abb80/element - {"using":"xpath","value":"//button[@data-kt=\"addButton\"]"}
RESULT: {"using":"xpath","value":"//button[@data-kt=\"addButton\"]"}
COMMAND: POST /session/fefb87e3c04fd7657c514e8a603abb80/execute/sync - {"script":"<script> [8489 bytes]","args":[{"element-6066-11e4-a52e-4f735466cecf":"f.422062293C67263D8EFDE146E108BCB7.d.FF362F93E0449A79ED952AC6F29063D5.e.304","ELEMENT":"f.422062293C67263D8EFDE146E108BCB7.d.FF362F93E0449A79ED952AC6F29063D5.e.304"}]}
RESULT: {"script":"<script> [8489 bytes]","args":[{"element-6066-11e4-a52e-4f735466cecf":"f.422062293C67263D8EFDE146E108BCB7.d.FF362F93E0449A79ED952AC6F29063D5.e.304","ELEMENT":"f.422062293C67263D8EFDE146E108BCB7.d.FF362F93E0449A79ED952AC6F29063D5.e.304"}]}
COMMAND: GET /session/fefb87e3c04fd7657c514e8a603abb80/element/f.422062293C67263D8EFDE146E108BCB7.d.FF362F93E0449A79ED952AC6F29063D5.e.304/enabled - {}
COMMAND: GET /session/fefb87e3c04fd7657c514e8a603abb80/screenshot - {}
RESULT: {}
COMMAND: POST /session/fefb87e3c04fd7657c514e8a603abb80/execute/sync - {"script":"<script> [8489 bytes]","args":[{"element-6066-11e4-a52e-4f735466cecf":"f.422062293C67263D8EFDE146E108BCB7.d.FF362F93E0449A79ED952AC6F29063D5.e.304","ELEMENT":"f.422062293C67263D8EFDE146E108BCB7.d.FF362F93E0449A79ED952AC6F29063D5.e.304"}]}
COMMAND: GET /session/fefb87e3c04fd7657c514e8a603abb80/screenshot - {}
RESULT: {}
RESULT: {"script":"<script> [8489 bytes]","args":[{"element-6066-11e4-a52e-4f735466cecf":"f.422062293C67263D8EFDE146E108BCB7.d.FF362F93E0449A79ED952AC6F29063D5.e.304","ELEMENT":"f.422062293C67263D8EFDE146E108BCB7.d.FF362F93E0449A79ED952AC6F29063D5.e.304"}]}
COMMAND: POST /session/fefb87e3c04fd7657c514e8a603abb80/execute/sync - {"script":"<script> [5351 bytes]","args":[{"element-6066-11e4-a52e-4f735466cecf":"f.422062293C67263D8EFDE146E108BCB7.d.FF362F93E0449A79ED952AC6F29063D5.e.304","ELEMENT":"f.422062293C67263D8EFDE146E108BCB7.d.FF362F93E0449A79ED952AC6F29063D5.e.304"}]}
RESULT: {}
RESULT: {"script":"<script> [5351 bytes]","args":[{"element-6066-11e4-a52e-4f735466cecf":"f.422062293C67263D8EFDE146E108BCB7.d.FF362F93E0449A79ED952AC6F29063D5.e.304","ELEMENT":"f.422062293C67263D8EFDE146E108BCB7.d.FF362F93E0449A79ED952AC6F29063D5.e.304"}]}
COMMAND: GET /session/fefb87e3c04fd7657c514e8a603abb80/screenshot - {}
COMMAND: GET /session/fefb87e3c04fd7657c514e8a603abb80/screenshot - {}
RESULT: {}
RESULT: {}
COMMAND: POST /session/fefb87e3c04fd7657c514e8a603abb80/execute/async - {"script":"<script> [1562 bytes]","args":[{"selector":{"id":"application-addressmanagement-display-component---masterAdm--smartFilterBar-btnBasicSearch","interaction":{"idSuffix":"I"}},"wdio_ui5_key":"applicationaddressmanagement-display-component---masterAdm--smartFilterBar-btnBasicSearch"}]}
RESULT: {"script":"<script> [1562 bytes]","args":[{"selector":{"id":"application-addressmanagement-display-component---masterAdm--smartFilterBar-btnBasicSearch","interaction":{"idSuffix":"I"}},"wdio_ui5_key":"applicationaddressmanagement-display-component---masterAdm--smartFilterBar-btnBasicSearch"}]}
RESULT: undefined
COMMAND: POST /session/fefb87e3c04fd7657c514e8a603abb80/execute/async - {"script":"<script> [776 bytes]","args":[{"enterText":"eSS2QKOBVF","selector":{"id":"application-addressmanagement-display-component---masterAdm--smartFilterBar-btnBasicSearch","interaction":{"idSuffix":"I"}},"clearTextFirst":true,"interactionType":"ENTER_TEXT"}]}
RESULT: {"script":"<script> [776 bytes]","args":[{"enterText":"eSS2QKOBVF","selector":{"id":"application-addressmanagement-display-component---masterAdm--smartFilterBar-btnBasicSearch","interaction":{"idSuffix":"I"}},"clearTextFirst":true,"interactionType":"ENTER_TEXT"}]}
COMMAND: POST /session/fefb87e3c04fd7657c514e8a603abb80/actions - {"actions":[{"id":"action1","type":"key","parameters":{},"actions":[{"type":"keyDown","value":"î€‡"},{"type":"pause","duration":10},{"type":"keyUp","value":"î€‡"}]}]}
RESULT: {"actions":[{"id":"action1","type":"key","parameters":{},"actions":[{"type":"keyDown","value":"î€‡"},{"type":"pause","duration":10},{"type":"keyUp","value":"î€‡"}]}]}
COMMAND: GET /session/fefb87e3c04fd7657c514e8a603abb80/screenshot - {}
RESULT: {}
COMMAND: POST /session/fefb87e3c04fd7657c514e8a603abb80/elements - {"using":"xpath","value":"//table[contains(@id, \"customPersonsAddressesTable-listUl\")]/tbody/tr"}
RESULT: {"using":"xpath","value":"//table[contains(@id, \"customPersonsAddressesTable-listUl\")]/tbody/tr"}
COMMAND: POST /session/fefb87e3c04fd7657c514e8a603abb80/element - {"using":"xpath","value":"//table[contains(@id, \"customPersonsAddressesTable-listUl\")]/tbody/tr[1]/td[5]/span/span"}
RESULT: {"using":"xpath","value":"//table[contains(@id, \"customPersonsAddressesTable-listUl\")]/tbody/tr[1]/td[5]/span/span"}
COMMAND: POST /session/fefb87e3c04fd7657c514e8a603abb80/element - {"using":"xpath","value":"//table[contains(@id, \"customPersonsAddressesTable-listUl\")]/tbody/tr[1]/td[3]/span"}
RESULT: {"using":"xpath","value":"//table[contains(@id, \"customPersonsAddressesTable-listUl\")]/tbody/tr[1]/td[3]/span"}
COMMAND: POST /session/fefb87e3c04fd7657c514e8a603abb80/elements - {"using":"xpath","value":"//table[contains(@id, \"customPersonsAddressesTable-listUl\")]/tbody/tr[1]/td[5]/span/span"}
RESULT: {"using":"xpath","value":"//table[contains(@id, \"customPersonsAddressesTable-listUl\")]/tbody/tr[1]/td[5]/span/span"}
COMMAND: POST /session/fefb87e3c04fd7657c514e8a603abb80/element - {"using":"xpath","value":"//span[@id=\"application-addressmanagement-display-component---masterAdm--smartTable-header-inner\"]"}
RESULT: {"using":"xpath","value":"//span[@id=\"application-addressmanagement-display-component---masterAdm--smartTable-header-inner\"]"}
COMMAND: POST /session/fefb87e3c04fd7657c514e8a603abb80/elements - {"using":"xpath","value":"//span[@id=\"application-addressmanagement-display-component---masterAdm--smartTable-header-inner\"]"}
RESULT: {"using":"xpath","value":"//span[@id=\"application-addressmanagement-display-component---masterAdm--smartTable-header-inner\"]"}
COMMAND: POST /session/fefb87e3c04fd7657c514e8a603abb80/execute/sync - {"script":"<script> [56 bytes]","args":[{"element-6066-11e4-a52e-4f735466cecf":"f.422062293C67263D8EFDE146E108BCB7.d.FF362F93E0449A79ED952AC6F29063D5.e.446","ELEMENT":"f.422062293C67263D8EFDE146E108BCB7.d.FF362F93E0449A79ED952AC6F29063D5.e.446"}]}
RESULT: {"script":"<script> [56 bytes]","args":[{"element-6066-11e4-a52e-4f735466cecf":"f.422062293C67263D8EFDE146E108BCB7.d.FF362F93E0449A79ED952AC6F29063D5.e.446","ELEMENT":"f.422062293C67263D8EFDE146E108BCB7.d.FF362F93E0449A79ED952AC6F29063D5.e.446"}]}
COMMAND: POST /session/fefb87e3c04fd7657c514e8a603abb80/element - {"using":"xpath","value":"//button[@data-kt=\"addButton\"]"}
COMMAND: GET /session/fefb87e3c04fd7657c514e8a603abb80/screenshot - {}
RESULT: {"using":"xpath","value":"//button[@data-kt=\"addButton\"]"}
COMMAND: POST /session/fefb87e3c04fd7657c514e8a603abb80/element/f.422062293C67263D8EFDE146E108BCB7.d.FF362F93E0449A79ED952AC6F29063D5.e.304/click - {}
RESULT: {}
RESULT: {}
COMMAND: GET /session/fefb87e3c04fd7657c514e8a603abb80/screenshot - {}
RESULT: {}
COMMAND: POST /session/fefb87e3c04fd7657c514e8a603abb80/execute/async - {"script":"<script> [1562 bytes]","args":[{"selector":{"controlType":"sap.ui.core.Icon","viewName":"etm.portal.ui.addressmanagement.view.NewAddress","properties":{"src":{"regex":{"source":"slim\\-arrow\\-down"}}},"ancestor":{"id":"addressTitle","viewName":"etm.portal.ui.addressmanagement.view.NewAddress"}},"wdio_ui5_key":"etmportal.ui.addressmanagement.view.NewAddresssap.ui.core.Icon{\"src\":{\"regex\":{\"source\":\"slim\\\\-arrow\\\\-down\"}}}{\"id\":\"addressTitle\",\"viewName\":\"etm.portal.ui.addressmanagement.view.NewAddress\"}"}]}
RESULT: {"script":"<script> [1562 bytes]","args":[{"selector":{"controlType":"sap.ui.core.Icon","viewName":"etm.portal.ui.addressmanagement.view.NewAddress","properties":{"src":{"regex":{"source":"slim\\-arrow\\-down"}}},"ancestor":{"id":"addressTitle","viewName":"etm.portal.ui.addressmanagement.view.NewAddress"}},"wdio_ui5_key":"etmportal.ui.addressmanagement.view.NewAddresssap.ui.core.Icon{\"src\":{\"regex\":{\"source\":\"slim\\\\-arrow\\\\-down\"}}}{\"id\":\"addressTitle\",\"viewName\":\"etm.portal.ui.addressmanagement.view.NewAddress\"}"}]}
RESULT: undefined
COMMAND: POST /session/fefb87e3c04fd7657c514e8a603abb80/element - {"using":"xpath","value":"//*[@id=\"__xmlview58--addressTitle-arrow\"]"}
RESULT: {"using":"xpath","value":"//*[@id=\"__xmlview58--addressTitle-arrow\"]"}
COMMAND: POST /session/fefb87e3c04fd7657c514e8a603abb80/element/f.422062293C67263D8EFDE146E108BCB7.d.FF362F93E0449A79ED952AC6F29063D5.e.506/click - {}
RESULT: {}
COMMAND: GET /session/fefb87e3c04fd7657c514e8a603abb80/screenshot - {}
RESULT: {}
COMMAND: POST /session/fefb87e3c04fd7657c514e8a603abb80/element - {"using":"xpath","value":"//li[.//span[text()=\"Dr.\"]]"}
RESULT: {"using":"xpath","value":"//li[.//span[text()=\"Dr.\"]]"}
COMMAND: POST /session/fefb87e3c04fd7657c514e8a603abb80/element/f.422062293C67263D8EFDE146E108BCB7.d.FF362F93E0449A79ED952AC6F29063D5.e.585/click - {}
RESULT: {}
COMMAND: POST /session/fefb87e3c04fd7657c514e8a603abb80/execute/async - {"script":"<script> [1562 bytes]","args":[{"selector":{"controlType":"sap.ui.core.Icon","viewName":"etm.portal.ui.addressmanagement.view.NewAddress","properties":{"src":{"regex":{"source":"slim\\-arrow\\-down"}}},"ancestor":{"id":"addressDetailDetailsLanguage","viewName":"etm.portal.ui.addressmanagement.view.NewAddress"}},"wdio_ui5_key":"etmportal.ui.addressmanagement.view.NewAddresssap.ui.core.Icon{\"src\":{\"regex\":{\"source\":\"slim\\\\-arrow\\\\-down\"}}}{\"id\":\"addressDetailDetailsLanguage\",\"viewName\":\"etm.portal.ui.addressmanagement.view.NewAddress\"}"}]}
COMMAND: GET /session/fefb87e3c04fd7657c514e8a603abb80/screenshot - {}
RESULT: {"script":"<script> [1562 bytes]","args":[{"selector":{"controlType":"sap.ui.core.Icon","viewName":"etm.portal.ui.addressmanagement.view.NewAddress","properties":{"src":{"regex":{"source":"slim\\-arrow\\-down"}}},"ancestor":{"id":"addressDetailDetailsLanguage","viewName":"etm.portal.ui.addressmanagement.view.NewAddress"}},"wdio_ui5_key":"etmportal.ui.addressmanagement.view.NewAddresssap.ui.core.Icon{\"src\":{\"regex\":{\"source\":\"slim\\\\-arrow\\\\-down\"}}}{\"id\":\"addressDetailDetailsLanguage\",\"viewName\":\"etm.portal.ui.addressmanagement.view.NewAddress\"}"}]}
RESULT: undefined
COMMAND: POST /session/fefb87e3c04fd7657c514e8a603abb80/element - {"using":"xpath","value":"//*[@id=\"__xmlview58--addressDetailDetailsLanguage-arrow\"]"}
RESULT: {}
RESULT: {"using":"xpath","value":"//*[@id=\"__xmlview58--addressDetailDetailsLanguage-arrow\"]"}
COMMAND: POST /session/fefb87e3c04fd7657c514e8a603abb80/element/f.422062293C67263D8EFDE146E108BCB7.d.FF362F93E0449A79ED952AC6F29063D5.e.519/click - {}
RESULT: {}
COMMAND: GET /session/fefb87e3c04fd7657c514e8a603abb80/screenshot - {}
RESULT: {}
COMMAND: POST /session/fefb87e3c04fd7657c514e8a603abb80/element - {"using":"xpath","value":"//span[contains(text(), \"English\")]"}
RESULT: {"using":"xpath","value":"//span[contains(text(), \"English\")]"}
COMMAND: POST /session/fefb87e3c04fd7657c514e8a603abb80/element/f.422062293C67263D8EFDE146E108BCB7.d.FF362F93E0449A79ED952AC6F29063D5.e.586/click - {}
RESULT: {}
COMMAND: POST /session/fefb87e3c04fd7657c514e8a603abb80/execute/async - {"script":"<script> [1562 bytes]","args":[{"selector":{"controlType":"sap.m.Input","viewName":"etm.portal.ui.addressmanagement.view.NewAddress","labelFor":{"text":"Name"},"interaction":{"idSuffix":"inner"}},"wdio_ui5_key":"etmportal.ui.addressmanagement.view.NewAddresssap.m.Input{\"text\":\"Name\"}"}]}
COMMAND: GET /session/fefb87e3c04fd7657c514e8a603abb80/screenshot - {}
RESULT: {"script":"<script> [1562 bytes]","args":[{"selector":{"controlType":"sap.m.Input","viewName":"etm.portal.ui.addressmanagement.view.NewAddress","labelFor":{"text":"Name"},"interaction":{"idSuffix":"inner"}},"wdio_ui5_key":"etmportal.ui.addressmanagement.view.NewAddresssap.m.Input{\"text\":\"Name\"}"}]}
RESULT: undefined
COMMAND: POST /session/fefb87e3c04fd7657c514e8a603abb80/execute/async - {"script":"<script> [776 bytes]","args":[{"enterText":"eSS2QKOBVF","selector":{"controlType":"sap.m.Input","viewName":"etm.portal.ui.addressmanagement.view.NewAddress","labelFor":{"text":"Name"},"interaction":{"idSuffix":"inner"}},"clearTextFirst":true,"interactionType":"ENTER_TEXT"}]}
RESULT: {}
RESULT: {"script":"<script> [776 bytes]","args":[{"enterText":"eSS2QKOBVF","selector":{"controlType":"sap.m.Input","viewName":"etm.portal.ui.addressmanagement.view.NewAddress","labelFor":{"text":"Name"},"interaction":{"idSuffix":"inner"}},"clearTextFirst":true,"interactionType":"ENTER_TEXT"}]}
COMMAND: POST /session/fefb87e3c04fd7657c514e8a603abb80/element - {"using":"xpath","value":"//button[@title=\"Save\"]"}
RESULT: {"using":"xpath","value":"//button[@title=\"Save\"]"}
COMMAND: POST /session/fefb87e3c04fd7657c514e8a603abb80/element/f.422062293C67263D8EFDE146E108BCB7.d.FF362F93E0449A79ED952AC6F29063D5.e.572/click - {}
RESULT: {}
COMMAND: GET /session/fefb87e3c04fd7657c514e8a603abb80/screenshot - {}
RESULT: {}
COMMAND: POST /session/fefb87e3c04fd7657c514e8a603abb80/element - {"using":"xpath","value":"//header[contains(@id, \"application-addressmanagement-display-component---detailAdm--ObjectPageLayout-headerTitle\")]/div[1]/div[3]/div[2]/span"}
RESULT: {"using":"xpath","value":"//header[contains(@id, \"application-addressmanagement-display-component---detailAdm--ObjectPageLayout-headerTitle\")]/div[1]/div[3]/div[2]/span"}
COMMAND: POST /session/fefb87e3c04fd7657c514e8a603abb80/elements - {"using":"xpath","value":"//header[contains(@id, \"application-addressmanagement-display-component---detailAdm--ObjectPageLayout-headerTitle\")]/div[1]/div[3]/div[2]/span"}
RESULT: {"using":"xpath","value":"//header[contains(@id, \"application-addressmanagement-display-component---detailAdm--ObjectPageLayout-headerTitle\")]/div[1]/div[3]/div[2]/span"}
COMMAND: POST /session/fefb87e3c04fd7657c514e8a603abb80/execute/sync - {"script":"<script> [56 bytes]","args":[{"element-6066-11e4-a52e-4f735466cecf":"f.422062293C67263D8EFDE146E108BCB7.d.FF362F93E0449A79ED952AC6F29063D5.e.613","ELEMENT":"f.422062293C67263D8EFDE146E108BCB7.d.FF362F93E0449A79ED952AC6F29063D5.e.613"}]}
RESULT: {"script":"<script> [56 bytes]","args":[{"element-6066-11e4-a52e-4f735466cecf":"f.422062293C67263D8EFDE146E108BCB7.d.FF362F93E0449A79ED952AC6F29063D5.e.613","ELEMENT":"f.422062293C67263D8EFDE146E108BCB7.d.FF362F93E0449A79ED952AC6F29063D5.e.613"}]}
COMMAND: GET /session/fefb87e3c04fd7657c514e8a603abb80/screenshot - {}
RESULT: {}
COMMAND: POST /session/fefb87e3c04fd7657c514e8a603abb80/element - {"using":"css selector","value":"#shell-header-logo"}
RESULT: {"using":"css selector","value":"#shell-header-logo"}
COMMAND: POST /session/fefb87e3c04fd7657c514e8a603abb80/element/f.422062293C67263D8EFDE146E108BCB7.d.FF362F93E0449A79ED952AC6F29063D5.e.267/click - {}
RESULT: {}
COMMAND: GET /session/fefb87e3c04fd7657c514e8a603abb80/screenshot - {}
RESULT: {}
]]></system-out>
    </testcase>
    <testcase classname="chrome.136_0_7103_93.windows.Address_Management_Tests_US151165_US151160" name="Step 2 Should deactivate the created address in earlier step US151165" time="56.209">
      <system-out><![CDATA[
RESULT: undefined
COMMAND: POST /session/fefb87e3c04fd7657c514e8a603abb80/element - {"using":"xpath","value":"//*[@id=\"__tile33\"]"}
RESULT: {"using":"xpath","value":"//*[@id=\"__tile33\"]"}
COMMAND: POST /session/fefb87e3c04fd7657c514e8a603abb80/element/f.422062293C67263D8EFDE146E108BCB7.d.FF362F93E0449A79ED952AC6F29063D5.e.218/click - {}
RESULT: {}
COMMAND: GET /session/fefb87e3c04fd7657c514e8a603abb80/screenshot - {}
RESULT: {}
COMMAND: POST /session/fefb87e3c04fd7657c514e8a603abb80/elements - {"using":"xpath","value":"//span[text()='Error']"}
RESULT: {"using":"xpath","value":"//span[text()='Error']"}
COMMAND: POST /session/fefb87e3c04fd7657c514e8a603abb80/element - {"using":"xpath","value":"//button[@data-kt=\"addButton\"]"}
RESULT: {"using":"xpath","value":"//button[@data-kt=\"addButton\"]"}
COMMAND: POST /session/fefb87e3c04fd7657c514e8a603abb80/elements - {"using":"xpath","value":"//button[@data-kt=\"addButton\"]"}
RESULT: {"using":"xpath","value":"//button[@data-kt=\"addButton\"]"}
COMMAND: POST /session/fefb87e3c04fd7657c514e8a603abb80/execute/sync - {"script":"<script> [8489 bytes]","args":[{"element-6066-11e4-a52e-4f735466cecf":"f.422062293C67263D8EFDE146E108BCB7.d.FF362F93E0449A79ED952AC6F29063D5.e.662","ELEMENT":"f.422062293C67263D8EFDE146E108BCB7.d.FF362F93E0449A79ED952AC6F29063D5.e.662"}]}
RESULT: {"script":"<script> [8489 bytes]","args":[{"element-6066-11e4-a52e-4f735466cecf":"f.422062293C67263D8EFDE146E108BCB7.d.FF362F93E0449A79ED952AC6F29063D5.e.662","ELEMENT":"f.422062293C67263D8EFDE146E108BCB7.d.FF362F93E0449A79ED952AC6F29063D5.e.662"}]}
COMMAND: GET /session/fefb87e3c04fd7657c514e8a603abb80/element/f.422062293C67263D8EFDE146E108BCB7.d.FF362F93E0449A79ED952AC6F29063D5.e.662/enabled - {}
COMMAND: GET /session/fefb87e3c04fd7657c514e8a603abb80/screenshot - {}
RESULT: {}
COMMAND: POST /session/fefb87e3c04fd7657c514e8a603abb80/execute/sync - {"script":"<script> [8489 bytes]","args":[{"element-6066-11e4-a52e-4f735466cecf":"f.422062293C67263D8EFDE146E108BCB7.d.FF362F93E0449A79ED952AC6F29063D5.e.662","ELEMENT":"f.422062293C67263D8EFDE146E108BCB7.d.FF362F93E0449A79ED952AC6F29063D5.e.662"}]}
COMMAND: GET /session/fefb87e3c04fd7657c514e8a603abb80/screenshot - {}
RESULT: {}
RESULT: {"script":"<script> [8489 bytes]","args":[{"element-6066-11e4-a52e-4f735466cecf":"f.422062293C67263D8EFDE146E108BCB7.d.FF362F93E0449A79ED952AC6F29063D5.e.662","ELEMENT":"f.422062293C67263D8EFDE146E108BCB7.d.FF362F93E0449A79ED952AC6F29063D5.e.662"}]}
COMMAND: POST /session/fefb87e3c04fd7657c514e8a603abb80/execute/sync - {"script":"<script> [5351 bytes]","args":[{"element-6066-11e4-a52e-4f735466cecf":"f.422062293C67263D8EFDE146E108BCB7.d.FF362F93E0449A79ED952AC6F29063D5.e.662","ELEMENT":"f.422062293C67263D8EFDE146E108BCB7.d.FF362F93E0449A79ED952AC6F29063D5.e.662"}]}
COMMAND: GET /session/fefb87e3c04fd7657c514e8a603abb80/screenshot - {}
RESULT: {}
RESULT: {"script":"<script> [5351 bytes]","args":[{"element-6066-11e4-a52e-4f735466cecf":"f.422062293C67263D8EFDE146E108BCB7.d.FF362F93E0449A79ED952AC6F29063D5.e.662","ELEMENT":"f.422062293C67263D8EFDE146E108BCB7.d.FF362F93E0449A79ED952AC6F29063D5.e.662"}]}
COMMAND: GET /session/fefb87e3c04fd7657c514e8a603abb80/screenshot - {}
RESULT: {}
RESULT: {}
RESULT: undefined
COMMAND: POST /session/fefb87e3c04fd7657c514e8a603abb80/execute/async - {"script":"<script> [776 bytes]","args":[{"enterText":"eSS2QKOBVF","selector":{"id":"application-addressmanagement-display-component---masterAdm--smartFilterBar-btnBasicSearch","interaction":{"idSuffix":"I"}},"clearTextFirst":true,"interactionType":"ENTER_TEXT"}]}
RESULT: {"script":"<script> [776 bytes]","args":[{"enterText":"eSS2QKOBVF","selector":{"id":"application-addressmanagement-display-component---masterAdm--smartFilterBar-btnBasicSearch","interaction":{"idSuffix":"I"}},"clearTextFirst":true,"interactionType":"ENTER_TEXT"}]}
COMMAND: POST /session/fefb87e3c04fd7657c514e8a603abb80/actions - {"actions":[{"id":"action2","type":"key","parameters":{},"actions":[{"type":"keyDown","value":"î€‡"},{"type":"pause","duration":10},{"type":"keyUp","value":"î€‡"}]}]}
RESULT: {"actions":[{"id":"action2","type":"key","parameters":{},"actions":[{"type":"keyDown","value":"î€‡"},{"type":"pause","duration":10},{"type":"keyUp","value":"î€‡"}]}]}
COMMAND: GET /session/fefb87e3c04fd7657c514e8a603abb80/screenshot - {}
RESULT: {}
COMMAND: POST /session/fefb87e3c04fd7657c514e8a603abb80/elements - {"using":"xpath","value":"//table[contains(@id, \"customPersonsAddressesTable-listUl\")]/tbody/tr"}
RESULT: {"using":"xpath","value":"//table[contains(@id, \"customPersonsAddressesTable-listUl\")]/tbody/tr"}
COMMAND: POST /session/fefb87e3c04fd7657c514e8a603abb80/element - {"using":"xpath","value":"//table[contains(@id, \"customPersonsAddressesTable-listUl\")]/tbody/tr[1]/td[5]/span/span"}
RESULT: {"using":"xpath","value":"//table[contains(@id, \"customPersonsAddressesTable-listUl\")]/tbody/tr[1]/td[5]/span/span"}
COMMAND: POST /session/fefb87e3c04fd7657c514e8a603abb80/element - {"using":"xpath","value":"//table[contains(@id, \"customPersonsAddressesTable-listUl\")]/tbody/tr[1]/td[3]/span"}
RESULT: {"using":"xpath","value":"//table[contains(@id, \"customPersonsAddressesTable-listUl\")]/tbody/tr[1]/td[3]/span"}
COMMAND: POST /session/fefb87e3c04fd7657c514e8a603abb80/elements - {"using":"xpath","value":"//table[contains(@id, \"customPersonsAddressesTable-listUl\")]/tbody/tr[1]/td[5]/span/span"}
RESULT: {"using":"xpath","value":"//table[contains(@id, \"customPersonsAddressesTable-listUl\")]/tbody/tr[1]/td[5]/span/span"}
COMMAND: POST /session/fefb87e3c04fd7657c514e8a603abb80/execute/sync - {"script":"<script> [56 bytes]","args":[{"element-6066-11e4-a52e-4f735466cecf":"f.422062293C67263D8EFDE146E108BCB7.d.FF362F93E0449A79ED952AC6F29063D5.e.811","ELEMENT":"f.422062293C67263D8EFDE146E108BCB7.d.FF362F93E0449A79ED952AC6F29063D5.e.811"}]}
RESULT: {"script":"<script> [56 bytes]","args":[{"element-6066-11e4-a52e-4f735466cecf":"f.422062293C67263D8EFDE146E108BCB7.d.FF362F93E0449A79ED952AC6F29063D5.e.811","ELEMENT":"f.422062293C67263D8EFDE146E108BCB7.d.FF362F93E0449A79ED952AC6F29063D5.e.811"}]}
COMMAND: POST /session/fefb87e3c04fd7657c514e8a603abb80/execute/sync - {"script":"<script> [56 bytes]","args":[{"element-6066-11e4-a52e-4f735466cecf":"f.422062293C67263D8EFDE146E108BCB7.d.FF362F93E0449A79ED952AC6F29063D5.e.812","ELEMENT":"f.422062293C67263D8EFDE146E108BCB7.d.FF362F93E0449A79ED952AC6F29063D5.e.812"}]}
COMMAND: GET /session/fefb87e3c04fd7657c514e8a603abb80/screenshot - {}
RESULT: {"script":"<script> [56 bytes]","args":[{"element-6066-11e4-a52e-4f735466cecf":"f.422062293C67263D8EFDE146E108BCB7.d.FF362F93E0449A79ED952AC6F29063D5.e.812","ELEMENT":"f.422062293C67263D8EFDE146E108BCB7.d.FF362F93E0449A79ED952AC6F29063D5.e.812"}]}
COMMAND: POST /session/fefb87e3c04fd7657c514e8a603abb80/element - {"using":"xpath","value":"//table[contains(@id, \"customPersonsAddressesTable-listUl\")]/tbody/tr[1]/td[10]/div/span"}
COMMAND: GET /session/fefb87e3c04fd7657c514e8a603abb80/screenshot - {}
RESULT: {}
RESULT: {"using":"xpath","value":"//table[contains(@id, \"customPersonsAddressesTable-listUl\")]/tbody/tr[1]/td[10]/div/span"}
COMMAND: POST /session/fefb87e3c04fd7657c514e8a603abb80/execute/sync - {"script":"<script> [56 bytes]","args":[{"element-6066-11e4-a52e-4f735466cecf":"f.422062293C67263D8EFDE146E108BCB7.d.FF362F93E0449A79ED952AC6F29063D5.e.813","ELEMENT":"f.422062293C67263D8EFDE146E108BCB7.d.FF362F93E0449A79ED952AC6F29063D5.e.813"}]}
RESULT: {}
RESULT: {"script":"<script> [56 bytes]","args":[{"element-6066-11e4-a52e-4f735466cecf":"f.422062293C67263D8EFDE146E108BCB7.d.FF362F93E0449A79ED952AC6F29063D5.e.813","ELEMENT":"f.422062293C67263D8EFDE146E108BCB7.d.FF362F93E0449A79ED952AC6F29063D5.e.813"}]}
COMMAND: POST /session/fefb87e3c04fd7657c514e8a603abb80/element - {"using":"xpath","value":"//table[contains(@id, \"customPersonsAddressesTable-listUl\")]/tbody/tr[1]/td[2]/div/div"}
COMMAND: GET /session/fefb87e3c04fd7657c514e8a603abb80/screenshot - {}
RESULT: {"using":"xpath","value":"//table[contains(@id, \"customPersonsAddressesTable-listUl\")]/tbody/tr[1]/td[2]/div/div"}
COMMAND: POST /session/fefb87e3c04fd7657c514e8a603abb80/element/f.422062293C67263D8EFDE146E108BCB7.d.FF362F93E0449A79ED952AC6F29063D5.e.799/click - {}
RESULT: {}
RESULT: {}
COMMAND: GET /session/fefb87e3c04fd7657c514e8a603abb80/screenshot - {}
RESULT: {}
COMMAND: POST /session/fefb87e3c04fd7657c514e8a603abb80/element - {"using":"xpath","value":"//bdi[contains(text(), \"Deactivate\")]"}
RESULT: {"using":"xpath","value":"//bdi[contains(text(), \"Deactivate\")]"}
COMMAND: POST /session/fefb87e3c04fd7657c514e8a603abb80/element/f.422062293C67263D8EFDE146E108BCB7.d.FF362F93E0449A79ED952AC6F29063D5.e.814/click - {}
RESULT: {}
COMMAND: GET /session/fefb87e3c04fd7657c514e8a603abb80/screenshot - {}
RESULT: {}
COMMAND: POST /session/fefb87e3c04fd7657c514e8a603abb80/element - {"using":"xpath","value":"//bdi[contains(text(), \"Yes\")]"}
RESULT: {"using":"xpath","value":"//bdi[contains(text(), \"Yes\")]"}
COMMAND: POST /session/fefb87e3c04fd7657c514e8a603abb80/element/f.422062293C67263D8EFDE146E108BCB7.d.FF362F93E0449A79ED952AC6F29063D5.e.816/click - {}
RESULT: {}
COMMAND: GET /session/fefb87e3c04fd7657c514e8a603abb80/screenshot - {}
RESULT: {}
COMMAND: POST /session/fefb87e3c04fd7657c514e8a603abb80/element - {"using":"xpath","value":"//table[contains(@id, \"customPersonsAddressesTable-listUl\")]/tbody/tr[1]/td[10]/div/span"}
RESULT: {"using":"xpath","value":"//table[contains(@id, \"customPersonsAddressesTable-listUl\")]/tbody/tr[1]/td[10]/div/span"}
COMMAND: POST /session/fefb87e3c04fd7657c514e8a603abb80/execute/sync - {"script":"<script> [56 bytes]","args":[{"element-6066-11e4-a52e-4f735466cecf":"f.422062293C67263D8EFDE146E108BCB7.d.FF362F93E0449A79ED952AC6F29063D5.e.813","ELEMENT":"f.422062293C67263D8EFDE146E108BCB7.d.FF362F93E0449A79ED952AC6F29063D5.e.813"}]}
RESULT: {"script":"<script> [56 bytes]","args":[{"element-6066-11e4-a52e-4f735466cecf":"f.422062293C67263D8EFDE146E108BCB7.d.FF362F93E0449A79ED952AC6F29063D5.e.813","ELEMENT":"f.422062293C67263D8EFDE146E108BCB7.d.FF362F93E0449A79ED952AC6F29063D5.e.813"}]}
COMMAND: GET /session/fefb87e3c04fd7657c514e8a603abb80/screenshot - {}
RESULT: {}
COMMAND: POST /session/fefb87e3c04fd7657c514e8a603abb80/element - {"using":"css selector","value":"#shell-header-logo"}
RESULT: {"using":"css selector","value":"#shell-header-logo"}
COMMAND: POST /session/fefb87e3c04fd7657c514e8a603abb80/element/f.422062293C67263D8EFDE146E108BCB7.d.FF362F93E0449A79ED952AC6F29063D5.e.619/click - {}
RESULT: {}
COMMAND: GET /session/fefb87e3c04fd7657c514e8a603abb80/screenshot - {}
RESULT: {}
]]></system-out>
    </testcase>
    <testcase classname="chrome.136_0_7103_93.windows.Address_Management_Tests_US151165_US151160" name="Step 3 Should activate the created address back again US151160" time="56.12">
      <system-out><![CDATA[
RESULT: undefined
COMMAND: POST /session/fefb87e3c04fd7657c514e8a603abb80/element - {"using":"xpath","value":"//*[@id=\"__tile33\"]"}
RESULT: {"using":"xpath","value":"//*[@id=\"__tile33\"]"}
COMMAND: POST /session/fefb87e3c04fd7657c514e8a603abb80/element/f.422062293C67263D8EFDE146E108BCB7.d.FF362F93E0449A79ED952AC6F29063D5.e.218/click - {}
RESULT: {}
COMMAND: GET /session/fefb87e3c04fd7657c514e8a603abb80/screenshot - {}
RESULT: {}
COMMAND: POST /session/fefb87e3c04fd7657c514e8a603abb80/elements - {"using":"xpath","value":"//span[text()='Error']"}
RESULT: {"using":"xpath","value":"//span[text()='Error']"}
COMMAND: POST /session/fefb87e3c04fd7657c514e8a603abb80/element - {"using":"xpath","value":"//button[@data-kt=\"addButton\"]"}
RESULT: {"using":"xpath","value":"//button[@data-kt=\"addButton\"]"}
COMMAND: POST /session/fefb87e3c04fd7657c514e8a603abb80/elements - {"using":"xpath","value":"//button[@data-kt=\"addButton\"]"}
RESULT: {"using":"xpath","value":"//button[@data-kt=\"addButton\"]"}
COMMAND: POST /session/fefb87e3c04fd7657c514e8a603abb80/execute/sync - {"script":"<script> [8489 bytes]","args":[{"element-6066-11e4-a52e-4f735466cecf":"f.422062293C67263D8EFDE146E108BCB7.d.FF362F93E0449A79ED952AC6F29063D5.e.862","ELEMENT":"f.422062293C67263D8EFDE146E108BCB7.d.FF362F93E0449A79ED952AC6F29063D5.e.862"}]}
RESULT: {"script":"<script> [8489 bytes]","args":[{"element-6066-11e4-a52e-4f735466cecf":"f.422062293C67263D8EFDE146E108BCB7.d.FF362F93E0449A79ED952AC6F29063D5.e.862","ELEMENT":"f.422062293C67263D8EFDE146E108BCB7.d.FF362F93E0449A79ED952AC6F29063D5.e.862"}]}
COMMAND: GET /session/fefb87e3c04fd7657c514e8a603abb80/element/f.422062293C67263D8EFDE146E108BCB7.d.FF362F93E0449A79ED952AC6F29063D5.e.862/enabled - {}
COMMAND: GET /session/fefb87e3c04fd7657c514e8a603abb80/screenshot - {}
RESULT: {}
COMMAND: POST /session/fefb87e3c04fd7657c514e8a603abb80/execute/sync - {"script":"<script> [8489 bytes]","args":[{"element-6066-11e4-a52e-4f735466cecf":"f.422062293C67263D8EFDE146E108BCB7.d.FF362F93E0449A79ED952AC6F29063D5.e.862","ELEMENT":"f.422062293C67263D8EFDE146E108BCB7.d.FF362F93E0449A79ED952AC6F29063D5.e.862"}]}
COMMAND: GET /session/fefb87e3c04fd7657c514e8a603abb80/screenshot - {}
RESULT: {}
RESULT: {"script":"<script> [8489 bytes]","args":[{"element-6066-11e4-a52e-4f735466cecf":"f.422062293C67263D8EFDE146E108BCB7.d.FF362F93E0449A79ED952AC6F29063D5.e.862","ELEMENT":"f.422062293C67263D8EFDE146E108BCB7.d.FF362F93E0449A79ED952AC6F29063D5.e.862"}]}
COMMAND: POST /session/fefb87e3c04fd7657c514e8a603abb80/execute/sync - {"script":"<script> [5351 bytes]","args":[{"element-6066-11e4-a52e-4f735466cecf":"f.422062293C67263D8EFDE146E108BCB7.d.FF362F93E0449A79ED952AC6F29063D5.e.862","ELEMENT":"f.422062293C67263D8EFDE146E108BCB7.d.FF362F93E0449A79ED952AC6F29063D5.e.862"}]}
COMMAND: GET /session/fefb87e3c04fd7657c514e8a603abb80/screenshot - {}
RESULT: {}
RESULT: {"script":"<script> [5351 bytes]","args":[{"element-6066-11e4-a52e-4f735466cecf":"f.422062293C67263D8EFDE146E108BCB7.d.FF362F93E0449A79ED952AC6F29063D5.e.862","ELEMENT":"f.422062293C67263D8EFDE146E108BCB7.d.FF362F93E0449A79ED952AC6F29063D5.e.862"}]}
COMMAND: GET /session/fefb87e3c04fd7657c514e8a603abb80/screenshot - {}
RESULT: {}
RESULT: {}
RESULT: undefined
COMMAND: POST /session/fefb87e3c04fd7657c514e8a603abb80/execute/async - {"script":"<script> [776 bytes]","args":[{"enterText":"eSS2QKOBVF","selector":{"id":"application-addressmanagement-display-component---masterAdm--smartFilterBar-btnBasicSearch","interaction":{"idSuffix":"I"}},"clearTextFirst":true,"interactionType":"ENTER_TEXT"}]}
RESULT: {"script":"<script> [776 bytes]","args":[{"enterText":"eSS2QKOBVF","selector":{"id":"application-addressmanagement-display-component---masterAdm--smartFilterBar-btnBasicSearch","interaction":{"idSuffix":"I"}},"clearTextFirst":true,"interactionType":"ENTER_TEXT"}]}
COMMAND: POST /session/fefb87e3c04fd7657c514e8a603abb80/actions - {"actions":[{"id":"action3","type":"key","parameters":{},"actions":[{"type":"keyDown","value":"î€‡"},{"type":"pause","duration":10},{"type":"keyUp","value":"î€‡"}]}]}
RESULT: {"actions":[{"id":"action3","type":"key","parameters":{},"actions":[{"type":"keyDown","value":"î€‡"},{"type":"pause","duration":10},{"type":"keyUp","value":"î€‡"}]}]}
COMMAND: GET /session/fefb87e3c04fd7657c514e8a603abb80/screenshot - {}
RESULT: {}
COMMAND: POST /session/fefb87e3c04fd7657c514e8a603abb80/elements - {"using":"xpath","value":"//table[contains(@id, \"customPersonsAddressesTable-listUl\")]/tbody/tr"}
RESULT: {"using":"xpath","value":"//table[contains(@id, \"customPersonsAddressesTable-listUl\")]/tbody/tr"}
COMMAND: POST /session/fefb87e3c04fd7657c514e8a603abb80/element - {"using":"xpath","value":"//table[contains(@id, \"customPersonsAddressesTable-listUl\")]/tbody/tr[1]/td[5]/span/span"}
RESULT: {"using":"xpath","value":"//table[contains(@id, \"customPersonsAddressesTable-listUl\")]/tbody/tr[1]/td[5]/span/span"}
COMMAND: POST /session/fefb87e3c04fd7657c514e8a603abb80/element - {"using":"xpath","value":"//table[contains(@id, \"customPersonsAddressesTable-listUl\")]/tbody/tr[1]/td[3]/span"}
RESULT: {"using":"xpath","value":"//table[contains(@id, \"customPersonsAddressesTable-listUl\")]/tbody/tr[1]/td[3]/span"}
COMMAND: POST /session/fefb87e3c04fd7657c514e8a603abb80/elements - {"using":"xpath","value":"//table[contains(@id, \"customPersonsAddressesTable-listUl\")]/tbody/tr[1]/td[5]/span/span"}
RESULT: {"using":"xpath","value":"//table[contains(@id, \"customPersonsAddressesTable-listUl\")]/tbody/tr[1]/td[5]/span/span"}
COMMAND: POST /session/fefb87e3c04fd7657c514e8a603abb80/execute/sync - {"script":"<script> [56 bytes]","args":[{"element-6066-11e4-a52e-4f735466cecf":"f.422062293C67263D8EFDE146E108BCB7.d.FF362F93E0449A79ED952AC6F29063D5.e.1011","ELEMENT":"f.422062293C67263D8EFDE146E108BCB7.d.FF362F93E0449A79ED952AC6F29063D5.e.1011"}]}
RESULT: {"script":"<script> [56 bytes]","args":[{"element-6066-11e4-a52e-4f735466cecf":"f.422062293C67263D8EFDE146E108BCB7.d.FF362F93E0449A79ED952AC6F29063D5.e.1011","ELEMENT":"f.422062293C67263D8EFDE146E108BCB7.d.FF362F93E0449A79ED952AC6F29063D5.e.1011"}]}
COMMAND: POST /session/fefb87e3c04fd7657c514e8a603abb80/execute/sync - {"script":"<script> [56 bytes]","args":[{"element-6066-11e4-a52e-4f735466cecf":"f.422062293C67263D8EFDE146E108BCB7.d.FF362F93E0449A79ED952AC6F29063D5.e.1012","ELEMENT":"f.422062293C67263D8EFDE146E108BCB7.d.FF362F93E0449A79ED952AC6F29063D5.e.1012"}]}
COMMAND: GET /session/fefb87e3c04fd7657c514e8a603abb80/screenshot - {}
RESULT: {"script":"<script> [56 bytes]","args":[{"element-6066-11e4-a52e-4f735466cecf":"f.422062293C67263D8EFDE146E108BCB7.d.FF362F93E0449A79ED952AC6F29063D5.e.1012","ELEMENT":"f.422062293C67263D8EFDE146E108BCB7.d.FF362F93E0449A79ED952AC6F29063D5.e.1012"}]}
COMMAND: POST /session/fefb87e3c04fd7657c514e8a603abb80/element - {"using":"xpath","value":"//table[contains(@id, \"customPersonsAddressesTable-listUl\")]/tbody/tr[1]/td[10]/div/span"}
COMMAND: GET /session/fefb87e3c04fd7657c514e8a603abb80/screenshot - {}
RESULT: {}
RESULT: {"using":"xpath","value":"//table[contains(@id, \"customPersonsAddressesTable-listUl\")]/tbody/tr[1]/td[10]/div/span"}
COMMAND: POST /session/fefb87e3c04fd7657c514e8a603abb80/execute/sync - {"script":"<script> [56 bytes]","args":[{"element-6066-11e4-a52e-4f735466cecf":"f.422062293C67263D8EFDE146E108BCB7.d.FF362F93E0449A79ED952AC6F29063D5.e.1013","ELEMENT":"f.422062293C67263D8EFDE146E108BCB7.d.FF362F93E0449A79ED952AC6F29063D5.e.1013"}]}
RESULT: {}
RESULT: {"script":"<script> [56 bytes]","args":[{"element-6066-11e4-a52e-4f735466cecf":"f.422062293C67263D8EFDE146E108BCB7.d.FF362F93E0449A79ED952AC6F29063D5.e.1013","ELEMENT":"f.422062293C67263D8EFDE146E108BCB7.d.FF362F93E0449A79ED952AC6F29063D5.e.1013"}]}
COMMAND: POST /session/fefb87e3c04fd7657c514e8a603abb80/element - {"using":"xpath","value":"//table[contains(@id, \"customPersonsAddressesTable-listUl\")]/tbody/tr[1]/td[2]/div/div"}
COMMAND: GET /session/fefb87e3c04fd7657c514e8a603abb80/screenshot - {}
RESULT: {"using":"xpath","value":"//table[contains(@id, \"customPersonsAddressesTable-listUl\")]/tbody/tr[1]/td[2]/div/div"}
COMMAND: POST /session/fefb87e3c04fd7657c514e8a603abb80/element/f.422062293C67263D8EFDE146E108BCB7.d.FF362F93E0449A79ED952AC6F29063D5.e.1001/click - {}
RESULT: {}
RESULT: {}
COMMAND: GET /session/fefb87e3c04fd7657c514e8a603abb80/screenshot - {}
RESULT: {}
COMMAND: POST /session/fefb87e3c04fd7657c514e8a603abb80/element - {"using":"xpath","value":"//bdi[contains(text(), \"Activate\")]"}
RESULT: {"using":"xpath","value":"//bdi[contains(text(), \"Activate\")]"}
COMMAND: POST /session/fefb87e3c04fd7657c514e8a603abb80/element/f.422062293C67263D8EFDE146E108BCB7.d.FF362F93E0449A79ED952AC6F29063D5.e.1014/click - {}
RESULT: {}
COMMAND: GET /session/fefb87e3c04fd7657c514e8a603abb80/screenshot - {}
RESULT: {}
COMMAND: POST /session/fefb87e3c04fd7657c514e8a603abb80/element - {"using":"xpath","value":"//bdi[contains(text(), \"Yes\")]"}
RESULT: {"using":"xpath","value":"//bdi[contains(text(), \"Yes\")]"}
COMMAND: POST /session/fefb87e3c04fd7657c514e8a603abb80/element/f.422062293C67263D8EFDE146E108BCB7.d.FF362F93E0449A79ED952AC6F29063D5.e.1016/click - {}
RESULT: {}
COMMAND: GET /session/fefb87e3c04fd7657c514e8a603abb80/screenshot - {}
RESULT: {}
COMMAND: POST /session/fefb87e3c04fd7657c514e8a603abb80/element - {"using":"xpath","value":"//table[contains(@id, \"customPersonsAddressesTable-listUl\")]/tbody/tr[1]/td[10]/div/span"}
RESULT: {"using":"xpath","value":"//table[contains(@id, \"customPersonsAddressesTable-listUl\")]/tbody/tr[1]/td[10]/div/span"}
COMMAND: POST /session/fefb87e3c04fd7657c514e8a603abb80/execute/sync - {"script":"<script> [56 bytes]","args":[{"element-6066-11e4-a52e-4f735466cecf":"f.422062293C67263D8EFDE146E108BCB7.d.FF362F93E0449A79ED952AC6F29063D5.e.1013","ELEMENT":"f.422062293C67263D8EFDE146E108BCB7.d.FF362F93E0449A79ED952AC6F29063D5.e.1013"}]}
RESULT: {"script":"<script> [56 bytes]","args":[{"element-6066-11e4-a52e-4f735466cecf":"f.422062293C67263D8EFDE146E108BCB7.d.FF362F93E0449A79ED952AC6F29063D5.e.1013","ELEMENT":"f.422062293C67263D8EFDE146E108BCB7.d.FF362F93E0449A79ED952AC6F29063D5.e.1013"}]}
COMMAND: GET /session/fefb87e3c04fd7657c514e8a603abb80/screenshot - {}
RESULT: {}
COMMAND: POST /session/fefb87e3c04fd7657c514e8a603abb80/element - {"using":"css selector","value":"#shell-header-logo"}
RESULT: {"using":"css selector","value":"#shell-header-logo"}
COMMAND: POST /session/fefb87e3c04fd7657c514e8a603abb80/element/f.422062293C67263D8EFDE146E108BCB7.d.FF362F93E0449A79ED952AC6F29063D5.e.824/click - {}
RESULT: {}
COMMAND: GET /session/fefb87e3c04fd7657c514e8a603abb80/screenshot - {}
RESULT: {}
COMMAND: DELETE /session/fefb87e3c04fd7657c514e8a603abb80 - {}
RESULT: {}
]]></system-out>
    </testcase>
  </testsuite>
</testsuites>