<?xml version="1.0" encoding="UTF-8"?>
<testsuites tests="8" failures="0" errors="0" skipped="0">
  <testsuite timestamp="2025-05-15T16:14:28" time="918.732" tests="4" failures="0" errors="0" skipped="0">
    <properties>
      <property name="specId" value="0" />
      <property name="suiteName" value="Webshop - Hyperlinks visible and working properly  US139085" />
      <property name="capabilities" value="chrome.136_0_7103_93.windows" />
      <property name="file" value="file:///D:/a/1/s/test/specs/R2C/webshop-hyperlinks-yard-site.spec.js" />
    </properties>
    <testcase classname="chrome.136_0_7103_93.windows.Webshop_-_Hyperlinks_visible_and_working_properly__US139085" name="Should create prerequisites for webshop suite" time="328.578">
      <system-out><![CDATA[
COMMAND: POST /session/182702e4e2b2f92e69599adcb85aed51/execute/async - {"script":"<script> [1562 bytes]","args":[{"selector":{"controlType":"sap.m.GenericTile","properties":{"header":"Manage Yards"}},"wdio_ui5_key":"sapm.GenericTile{\"header\":\"Manage Yards\"}"}]}
RESULT: {"script":"<script> [1562 bytes]","args":[{"selector":{"controlType":"sap.m.GenericTile","properties":{"header":"Manage Yards"}},"wdio_ui5_key":"sapm.GenericTile{\"header\":\"Manage Yards\"}"}]}
RESULT: undefined
COMMAND: POST /session/182702e4e2b2f92e69599adcb85aed51/element - {"using":"xpath","value":"//*[@id=\"__tile41\"]"}
RESULT: {"using":"xpath","value":"//*[@id=\"__tile41\"]"}
COMMAND: POST /session/182702e4e2b2f92e69599adcb85aed51/element/f.EA19BBC851313D4479D8F918DE7934ED.d.9743C65310824E2A0C2FA4589F00F51E.e.114/click - {}
RESULT: {}
COMMAND: GET /session/182702e4e2b2f92e69599adcb85aed51/screenshot - {}
RESULT: {}
COMMAND: POST /session/182702e4e2b2f92e69599adcb85aed51/elements - {"using":"xpath","value":"//span[text()='Error']"}
RESULT: {"using":"xpath","value":"//span[text()='Error']"}
COMMAND: POST /session/182702e4e2b2f92e69599adcb85aed51/execute/async - {"script":"<script> [1562 bytes]","args":[{"selector":{"controlType":"sap.ui.core.Icon","viewName":"etm.portal.ui.manageyards.view.Master","viewId":"application-manageyards-display-component---masterYard","properties":{"src":{"regex":{"source":"add"}}}},"wdio_ui5_key":"etmportal.ui.manageyards.view.Mastersap.ui.core.Icon{\"src\":{\"regex\":{\"source\":\"add\"}}}"}]}
RESULT: {"script":"<script> [1562 bytes]","args":[{"selector":{"controlType":"sap.ui.core.Icon","viewName":"etm.portal.ui.manageyards.view.Master","viewId":"application-manageyards-display-component---masterYard","properties":{"src":{"regex":{"source":"add"}}}},"wdio_ui5_key":"etmportal.ui.manageyards.view.Mastersap.ui.core.Icon{\"src\":{\"regex\":{\"source\":\"add\"}}}"}]}
RESULT: undefined
COMMAND: POST /session/182702e4e2b2f92e69599adcb85aed51/element - {"using":"xpath","value":"//*[@id=\"__button4-img\"]"}
RESULT: {"using":"xpath","value":"//*[@id=\"__button4-img\"]"}
COMMAND: POST /session/182702e4e2b2f92e69599adcb85aed51/element/f.EA19BBC851313D4479D8F918DE7934ED.d.9743C65310824E2A0C2FA4589F00F51E.e.162/click - {}
RESULT: {}
COMMAND: GET /session/182702e4e2b2f92e69599adcb85aed51/screenshot - {}
RESULT: {}
COMMAND: POST /session/182702e4e2b2f92e69599adcb85aed51/execute/async - {"script":"<script> [1562 bytes]","args":[{"selector":{"id":"application-manageyards-display-component---NewYard--yardId","interaction":{"idSuffix":"inner"}},"wdio_ui5_key":"applicationmanageyards-display-component---NewYard--yardId"}]}
RESULT: {"script":"<script> [1562 bytes]","args":[{"selector":{"id":"application-manageyards-display-component---NewYard--yardId","interaction":{"idSuffix":"inner"}},"wdio_ui5_key":"applicationmanageyards-display-component---NewYard--yardId"}]}
RESULT: undefined
COMMAND: POST /session/182702e4e2b2f92e69599adcb85aed51/element - {"using":"xpath","value":"//*[@id=\"application-manageyards-display-component---NewYard--addressDetailDetailsName1-inner\"]"}
RESULT: {"using":"xpath","value":"//*[@id=\"application-manageyards-display-component---NewYard--addressDetailDetailsName1-inner\"]"}
COMMAND: POST /session/182702e4e2b2f92e69599adcb85aed51/element/f.EA19BBC851313D4479D8F918DE7934ED.d.9743C65310824E2A0C2FA4589F00F51E.e.330/clear - {}
RESULT: {}
COMMAND: POST /session/182702e4e2b2f92e69599adcb85aed51/element/f.EA19BBC851313D4479D8F918DE7934ED.d.9743C65310824E2A0C2FA4589F00F51E.e.330/value - {"text":"WebdriverYardffht1"}
COMMAND: GET /session/182702e4e2b2f92e69599adcb85aed51/screenshot - {}
RESULT: {"text":"WebdriverYardffht1"}
COMMAND: POST /session/182702e4e2b2f92e69599adcb85aed51/element - {"using":"xpath","value":"//*[@id=\"application-manageyards-display-component---NewYard--addressDetailDetailsLanguage-inner\"]"}
COMMAND: GET /session/182702e4e2b2f92e69599adcb85aed51/screenshot - {}
RESULT: {}
RESULT: {"using":"xpath","value":"//*[@id=\"application-manageyards-display-component---NewYard--addressDetailDetailsLanguage-inner\"]"}
COMMAND: POST /session/182702e4e2b2f92e69599adcb85aed51/element/f.EA19BBC851313D4479D8F918DE7934ED.d.9743C65310824E2A0C2FA4589F00F51E.e.331/clear - {}
RESULT: {}
RESULT: {}
COMMAND: POST /session/182702e4e2b2f92e69599adcb85aed51/element/f.EA19BBC851313D4479D8F918DE7934ED.d.9743C65310824E2A0C2FA4589F00F51E.e.331/value - {"text":"Romanian"}
COMMAND: GET /session/182702e4e2b2f92e69599adcb85aed51/screenshot - {}
RESULT: {"text":"Romanian"}
COMMAND: POST /session/182702e4e2b2f92e69599adcb85aed51/element - {"using":"xpath","value":"//input[contains(@id ,\"application-manageyards-display-component---NewYard--addressDetailDetailsName1-inner\")]"}
COMMAND: GET /session/182702e4e2b2f92e69599adcb85aed51/screenshot - {}
RESULT: {}
RESULT: {"using":"xpath","value":"//input[contains(@id ,\"application-manageyards-display-component---NewYard--addressDetailDetailsName1-inner\")]"}
COMMAND: GET /session/182702e4e2b2f92e69599adcb85aed51/element/f.EA19BBC851313D4479D8F918DE7934ED.d.9743C65310824E2A0C2FA4589F00F51E.e.330/property/value - {}
RESULT: {}
RESULT: {}
COMMAND: GET /session/182702e4e2b2f92e69599adcb85aed51/screenshot - {}
RESULT: {}
COMMAND: POST /session/182702e4e2b2f92e69599adcb85aed51/element - {"using":"xpath","value":"//*[@id=\"application-manageyards-display-component---NewYard--addressDetailDetailsCity1-inner\"]"}
RESULT: {"using":"xpath","value":"//*[@id=\"application-manageyards-display-component---NewYard--addressDetailDetailsCity1-inner\"]"}
COMMAND: POST /session/182702e4e2b2f92e69599adcb85aed51/element/f.EA19BBC851313D4479D8F918DE7934ED.d.9743C65310824E2A0C2FA4589F00F51E.e.333/clear - {}
RESULT: {}
COMMAND: POST /session/182702e4e2b2f92e69599adcb85aed51/element/f.EA19BBC851313D4479D8F918DE7934ED.d.9743C65310824E2A0C2FA4589F00F51E.e.333/value - {"text":"Bucuresti"}
COMMAND: GET /session/182702e4e2b2f92e69599adcb85aed51/screenshot - {}
RESULT: {"text":"Bucuresti"}
COMMAND: GET /session/182702e4e2b2f92e69599adcb85aed51/screenshot - {}
RESULT: {}
RESULT: {}
COMMAND: POST /session/182702e4e2b2f92e69599adcb85aed51/element - {"using":"xpath","value":"//*[@id=\"application-manageyards-display-component---NewYard--addressDetailDetailsCountry-inner\"]"}
RESULT: {"using":"xpath","value":"//*[@id=\"application-manageyards-display-component---NewYard--addressDetailDetailsCountry-inner\"]"}
COMMAND: POST /session/182702e4e2b2f92e69599adcb85aed51/element/f.EA19BBC851313D4479D8F918DE7934ED.d.9743C65310824E2A0C2FA4589F00F51E.e.337/clear - {}
RESULT: {}
COMMAND: POST /session/182702e4e2b2f92e69599adcb85aed51/element/f.EA19BBC851313D4479D8F918DE7934ED.d.9743C65310824E2A0C2FA4589F00F51E.e.337/value - {"text":"Romania"}
COMMAND: GET /session/182702e4e2b2f92e69599adcb85aed51/screenshot - {}
RESULT: {"text":"Romania"}
COMMAND: GET /session/182702e4e2b2f92e69599adcb85aed51/screenshot - {}
RESULT: {}
RESULT: {}
COMMAND: POST /session/182702e4e2b2f92e69599adcb85aed51/element - {"using":"xpath","value":"//div[contains(text(), \"Commercial\")]"}
RESULT: {"using":"xpath","value":"//div[contains(text(), \"Commercial\")]"}
COMMAND: GET /session/182702e4e2b2f92e69599adcb85aed51/element/f.EA19BBC851313D4479D8F918DE7934ED.d.9743C65310824E2A0C2FA4589F00F51E.e.573/rect - {}
RESULT: {}
COMMAND: GET /session/182702e4e2b2f92e69599adcb85aed51/window/rect - {}
RESULT: {}
COMMAND: POST /session/182702e4e2b2f92e69599adcb85aed51/execute/sync - {"script":"<script> [92 bytes]","args":[]}
RESULT: {"script":"<script> [92 bytes]","args":[]}
COMMAND: POST /session/182702e4e2b2f92e69599adcb85aed51/actions - {"actions":[{"id":"action1","type":"wheel","parameters":{},"actions":[{"type":"scroll","x":-1841,"y":-44,"deltaX":0,"deltaY":0,"duration":0,"origin":{"element-6066-11e4-a52e-4f735466cecf":"f.EA19BBC851313D4479D8F918DE7934ED.d.9743C65310824E2A0C2FA4589F00F51E.e.573"}}]}]}
COMMAND: GET /session/182702e4e2b2f92e69599adcb85aed51/screenshot - {}
RESULT: {}
COMMAND: POST /session/182702e4e2b2f92e69599adcb85aed51/execute/sync - {"script":"<script> [79 bytes]","args":[{"element-6066-11e4-a52e-4f735466cecf":"f.EA19BBC851313D4479D8F918DE7934ED.d.9743C65310824E2A0C2FA4589F00F51E.e.573","ELEMENT":"f.EA19BBC851313D4479D8F918DE7934ED.d.9743C65310824E2A0C2FA4589F00F51E.e.573"},{"block":"start","inline":"nearest"}]}
RESULT: {"script":"<script> [79 bytes]","args":[{"element-6066-11e4-a52e-4f735466cecf":"f.EA19BBC851313D4479D8F918DE7934ED.d.9743C65310824E2A0C2FA4589F00F51E.e.573","ELEMENT":"f.EA19BBC851313D4479D8F918DE7934ED.d.9743C65310824E2A0C2FA4589F00F51E.e.573"},{"block":"start","inline":"nearest"}]}
COMMAND: GET /session/182702e4e2b2f92e69599adcb85aed51/screenshot - {}
RESULT: {}
COMMAND: POST /session/182702e4e2b2f92e69599adcb85aed51/execute/async - {"script":"<script> [1562 bytes]","args":[{"selector":{"id":"application-manageyards-display-component---NewYard--addressEditDetailsCostObjectCstType-arrow"},"wdio_ui5_key":"applicationmanageyards-display-component---NewYard--addressEditDetailsCostObjectCstType-arrow"}]}
RESULT: {"script":"<script> [1562 bytes]","args":[{"selector":{"id":"application-manageyards-display-component---NewYard--addressEditDetailsCostObjectCstType-arrow"},"wdio_ui5_key":"applicationmanageyards-display-component---NewYard--addressEditDetailsCostObjectCstType-arrow"}]}
RESULT: undefined
COMMAND: POST /session/182702e4e2b2f92e69599adcb85aed51/element - {"using":"xpath","value":"//*[@id=\"application-manageyards-display-component---NewYard--addressEditDetailsCostObjectCstType-arrow\"]"}
RESULT: {"using":"xpath","value":"//*[@id=\"application-manageyards-display-component---NewYard--addressEditDetailsCostObjectCstType-arrow\"]"}
COMMAND: POST /session/182702e4e2b2f92e69599adcb85aed51/element/f.EA19BBC851313D4479D8F918DE7934ED.d.9743C65310824E2A0C2FA4589F00F51E.e.581/click - {}
RESULT: {}
COMMAND: POST /session/182702e4e2b2f92e69599adcb85aed51/element - {"using":"xpath","value":"//span[contains(text(), \"Cost Center\")]"}
COMMAND: GET /session/182702e4e2b2f92e69599adcb85aed51/screenshot - {}
RESULT: {"using":"xpath","value":"//span[contains(text(), \"Cost Center\")]"}
COMMAND: POST /session/182702e4e2b2f92e69599adcb85aed51/element/f.EA19BBC851313D4479D8F918DE7934ED.d.9743C65310824E2A0C2FA4589F00F51E.e.582/click - {}
RESULT: {}
RESULT: {}
COMMAND: GET /session/182702e4e2b2f92e69599adcb85aed51/screenshot - {}
RESULT: {}
COMMAND: POST /session/182702e4e2b2f92e69599adcb85aed51/execute/async - {"script":"<script> [1562 bytes]","args":[{"selector":{"id":"application-manageyards-display-component---NewYard--addressNewCostObjectCstID-vhi"},"wdio_ui5_key":"applicationmanageyards-display-component---NewYard--addressNewCostObjectCstID-vhi"}]}
RESULT: {"script":"<script> [1562 bytes]","args":[{"selector":{"id":"application-manageyards-display-component---NewYard--addressNewCostObjectCstID-vhi"},"wdio_ui5_key":"applicationmanageyards-display-component---NewYard--addressNewCostObjectCstID-vhi"}]}
RESULT: undefined
COMMAND: POST /session/182702e4e2b2f92e69599adcb85aed51/element - {"using":"xpath","value":"//*[@id=\"application-manageyards-display-component---NewYard--addressNewCostObjectCstID-vhi\"]"}
RESULT: {"using":"xpath","value":"//*[@id=\"application-manageyards-display-component---NewYard--addressNewCostObjectCstID-vhi\"]"}
COMMAND: POST /session/182702e4e2b2f92e69599adcb85aed51/element/f.EA19BBC851313D4479D8F918DE7934ED.d.9743C65310824E2A0C2FA4589F00F51E.e.597/click - {}
RESULT: {}
COMMAND: GET /session/182702e4e2b2f92e69599adcb85aed51/screenshot - {}
RESULT: {}
COMMAND: POST /session/182702e4e2b2f92e69599adcb85aed51/execute/async - {"script":"<script> [1562 bytes]","args":[{"selector":{"controlType":"sap.m.SearchField","properties":{"placeholder":"Search"},"searchOpenDialogs":true,"interaction":{"idSuffix":"I"}},"wdio_ui5_key":"sapm.SearchField{\"placeholder\":\"Search\"}"}]}
RESULT: {"script":"<script> [1562 bytes]","args":[{"selector":{"controlType":"sap.m.SearchField","properties":{"placeholder":"Search"},"searchOpenDialogs":true,"interaction":{"idSuffix":"I"}},"wdio_ui5_key":"sapm.SearchField{\"placeholder\":\"Search\"}"}]}
RESULT: undefined
COMMAND: POST /session/182702e4e2b2f92e69599adcb85aed51/execute/async - {"script":"<script> [776 bytes]","args":[{"enterText":"10001013","selector":{"controlType":"sap.m.SearchField","properties":{"placeholder":"Search"},"searchOpenDialogs":true,"interaction":{"idSuffix":"I"}},"clearTextFirst":true,"interactionType":"ENTER_TEXT"}]}
RESULT: {"script":"<script> [776 bytes]","args":[{"enterText":"10001013","selector":{"controlType":"sap.m.SearchField","properties":{"placeholder":"Search"},"searchOpenDialogs":true,"interaction":{"idSuffix":"I"}},"clearTextFirst":true,"interactionType":"ENTER_TEXT"}]}
COMMAND: POST /session/182702e4e2b2f92e69599adcb85aed51/actions - {"actions":[{"id":"action2","type":"key","parameters":{},"actions":[{"type":"keyDown","value":"î€‡"},{"type":"pause","duration":10},{"type":"keyUp","value":"î€‡"}]}]}
RESULT: {"actions":[{"id":"action2","type":"key","parameters":{},"actions":[{"type":"keyDown","value":"î€‡"},{"type":"pause","duration":10},{"type":"keyUp","value":"î€‡"}]}]}
COMMAND: GET /session/182702e4e2b2f92e69599adcb85aed51/screenshot - {}
RESULT: {}
COMMAND: POST /session/182702e4e2b2f92e69599adcb85aed51/element - {"using":"xpath","value":"//span[contains(text(), \"General Management\")]"}
RESULT: {"using":"xpath","value":"//span[contains(text(), \"General Management\")]"}
COMMAND: POST /session/182702e4e2b2f92e69599adcb85aed51/element/f.EA19BBC851313D4479D8F918DE7934ED.d.9743C65310824E2A0C2FA4589F00F51E.e.638/click - {}
RESULT: {}
COMMAND: GET /session/182702e4e2b2f92e69599adcb85aed51/screenshot - {}
RESULT: {}
COMMAND: POST /session/182702e4e2b2f92e69599adcb85aed51/element - {"using":"xpath","value":"//bdi[contains(text(), \"OK\")]"}
RESULT: {"using":"xpath","value":"//bdi[contains(text(), \"OK\")]"}
COMMAND: POST /session/182702e4e2b2f92e69599adcb85aed51/element/f.EA19BBC851313D4479D8F918DE7934ED.d.9743C65310824E2A0C2FA4589F00F51E.e.639/click - {}
RESULT: {}
COMMAND: GET /session/182702e4e2b2f92e69599adcb85aed51/screenshot - {}
RESULT: {}
COMMAND: POST /session/182702e4e2b2f92e69599adcb85aed51/execute/async - {"script":"<script> [1562 bytes]","args":[{"selector":{"controlType":"sap.m.Button","viewName":"etm.portal.ui.manageyards.view.New","viewId":"application-manageyards-display-component---NewYard","i18NText":{"propertyName":"text","key":"save"},"interaction":{"idSuffix":"inner"}},"wdio_ui5_key":"etmportal.ui.manageyards.view.Newsap.m.Button{\"propertyName\":\"text\",\"key\":\"save\"}"}]}
RESULT: {"script":"<script> [1562 bytes]","args":[{"selector":{"controlType":"sap.m.Button","viewName":"etm.portal.ui.manageyards.view.New","viewId":"application-manageyards-display-component---NewYard","i18NText":{"propertyName":"text","key":"save"},"interaction":{"idSuffix":"inner"}},"wdio_ui5_key":"etmportal.ui.manageyards.view.Newsap.m.Button{\"propertyName\":\"text\",\"key\":\"save\"}"}]}
RESULT: undefined
COMMAND: POST /session/182702e4e2b2f92e69599adcb85aed51/element - {"using":"xpath","value":"//*[@id=\"__button18\"]"}
RESULT: {"using":"xpath","value":"//*[@id=\"__button18\"]"}
COMMAND: POST /session/182702e4e2b2f92e69599adcb85aed51/element/f.EA19BBC851313D4479D8F918DE7934ED.d.9743C65310824E2A0C2FA4589F00F51E.e.531/click - {}
RESULT: {}
COMMAND: GET /session/182702e4e2b2f92e69599adcb85aed51/screenshot - {}
RESULT: {}
COMMAND: POST /session/182702e4e2b2f92e69599adcb85aed51/element - {"using":"xpath","value":"//header/div/div[2]/div[2]/span"}
RESULT: {"using":"xpath","value":"//header/div/div[2]/div[2]/span"}
COMMAND: GET /session/182702e4e2b2f92e69599adcb85aed51/element/f.EA19BBC851313D4479D8F918DE7934ED.d.9743C65310824E2A0C2FA4589F00F51E.e.839/text - {}
RESULT: {}
COMMAND: POST /session/182702e4e2b2f92e69599adcb85aed51/execute/async - {"script":"<script> [1562 bytes]","args":[{"selector":{"controlType":"sap.m.OverflowToolbarButton","viewName":"etm.portal.ui.manageyards.view.Detail","viewId":"application-manageyards-display-component---detailYard","i18NText":{"propertyName":"tooltip","key":"closeColumn"},"interaction":{"idSuffix":"inner"}},"wdio_ui5_key":"etmportal.ui.manageyards.view.Detailsap.m.OverflowToolbarButton{\"propertyName\":\"tooltip\",\"key\":\"closeColumn\"}"}]}
RESULT: {"script":"<script> [1562 bytes]","args":[{"selector":{"controlType":"sap.m.OverflowToolbarButton","viewName":"etm.portal.ui.manageyards.view.Detail","viewId":"application-manageyards-display-component---detailYard","i18NText":{"propertyName":"tooltip","key":"closeColumn"},"interaction":{"idSuffix":"inner"}},"wdio_ui5_key":"etmportal.ui.manageyards.view.Detailsap.m.OverflowToolbarButton{\"propertyName\":\"tooltip\",\"key\":\"closeColumn\"}"}]}
RESULT: undefined
COMMAND: POST /session/182702e4e2b2f92e69599adcb85aed51/element - {"using":"xpath","value":"//*[@id=\"__button40\"]"}
RESULT: {"using":"xpath","value":"//*[@id=\"__button40\"]"}
COMMAND: POST /session/182702e4e2b2f92e69599adcb85aed51/element/f.EA19BBC851313D4479D8F918DE7934ED.d.9743C65310824E2A0C2FA4589F00F51E.e.841/click - {}
RESULT: {}
COMMAND: GET /session/182702e4e2b2f92e69599adcb85aed51/screenshot - {}
RESULT: {}
COMMAND: POST /session/182702e4e2b2f92e69599adcb85aed51/element - {"using":"css selector","value":"#shell-header-logo"}
RESULT: {"using":"css selector","value":"#shell-header-logo"}
COMMAND: POST /session/182702e4e2b2f92e69599adcb85aed51/element/f.EA19BBC851313D4479D8F918DE7934ED.d.9743C65310824E2A0C2FA4589F00F51E.e.117/click - {}
RESULT: {}
COMMAND: GET /session/182702e4e2b2f92e69599adcb85aed51/screenshot - {}
RESULT: {}
COMMAND: POST /session/182702e4e2b2f92e69599adcb85aed51/refresh - {}
RESULT: {}
COMMAND: GET /session/182702e4e2b2f92e69599adcb85aed51/screenshot - {}
RESULT: {}
COMMAND: POST /session/182702e4e2b2f92e69599adcb85aed51/execute/async - {"script":"<script> [189 bytes]","args":[]}
RESULT: {"script":"<script> [189 bytes]","args":[]}
COMMAND: POST /session/182702e4e2b2f92e69599adcb85aed51/execute/async - {"script":"<script> [123 bytes]","args":[]}
RESULT: {"script":"<script> [123 bytes]","args":[]}
COMMAND: POST /session/182702e4e2b2f92e69599adcb85aed51/timeouts - {"script":"<number>"}
RESULT: {"script":"<number>"}
COMMAND: GET /session/182702e4e2b2f92e69599adcb85aed51/timeouts - {}
RESULT: {}
RESULT: undefined
COMMAND: POST /session/182702e4e2b2f92e69599adcb85aed51/execute/async - {"script":"<script> [2676 bytes]","args":[]}
RESULT: {"script":"<script> [2676 bytes]","args":[]}
COMMAND: POST /session/182702e4e2b2f92e69599adcb85aed51/execute/async - {"script":"<script> [2342 bytes]","args":[{"protocol":"http","hostname":"0.0.0.0","path":"/","capabilities":{"browserName":"chrome","goog:chromeOptions":{"binary":"C:\\Program Files\\Google\\Chrome\\Application\\chrome.exe","args":["--start-maximized"]}},"logLevel":"warn","connectionRetryTimeout":120000,"connectionRetryCount":3,"logLevels":{},"enableDirectConnect":true,"strictSSL":true,"_":"65 more keys: [\"cacheDir\",\"port\",\"requestedCapabilities\",\"automationProtocol\",\"baseUrl\",\"waitforInterval\",\"waitforTimeout\",\"onReload\",\"beforeCommand\",\"afterCommand\",\"rootDir\",\"specs\",\"suites\",\"exclude\",\"groupLogsByTestSpec\",\"excludeDriverLogs\",\"bail\",\"framework\",\"reporters\",\"services\",\"maxInstances\",\"maxInstancesPerCapability\",\"injectGlobals\",\"filesToWatch\",\"execArgv\",\"runnerEnv\",\"runner\",\"shard\",\"specFileRetries\",\"specFileRetriesDelay\",\"specFileRetriesDeferred\",\"reporterSyncInterval\",\"reporterSyncTimeout\",\"cucumberFeaturesWithLineNumbers\",\"autoCompileOpts\",\"mochaOpts\",\"jasmineOpts\",\"cucumberOpts\",\"onPrepare\",\"onWorkerStart\",\"onWorkerEnd\",\"before\",\"beforeSession\",\"beforeSuite\",\"beforeHook\",\"beforeTest\",\"afterTest\",\"afterHook\",\"afterSuite\",\"afterSession\",\"after\",\"onComplete\",\"beforeAssertion\",\"afterAssertion\",\"beforeFeature\",\"beforeScenario\",\"beforeStep\",\"afterStep\",\"afterScenario\",\"afterFeature\",\"_\",\"suite\",\"$0\",\"ignoredWorkerServices\",\"wdi5\"]"}]}
RESULT: {"script":"<script> [2342 bytes]","args":[{"protocol":"http","hostname":"0.0.0.0","path":"/","capabilities":{"browserName":"chrome","goog:chromeOptions":{"binary":"C:\\Program Files\\Google\\Chrome\\Application\\chrome.exe","args":["--start-maximized"]}},"logLevel":"warn","connectionRetryTimeout":120000,"connectionRetryCount":3,"logLevels":{},"enableDirectConnect":true,"strictSSL":true,"_":"65 more keys: [\"cacheDir\",\"port\",\"requestedCapabilities\",\"automationProtocol\",\"baseUrl\",\"waitforInterval\",\"waitforTimeout\",\"onReload\",\"beforeCommand\",\"afterCommand\",\"rootDir\",\"specs\",\"suites\",\"exclude\",\"groupLogsByTestSpec\",\"excludeDriverLogs\",\"bail\",\"framework\",\"reporters\",\"services\",\"maxInstances\",\"maxInstancesPerCapability\",\"injectGlobals\",\"filesToWatch\",\"execArgv\",\"runnerEnv\",\"runner\",\"shard\",\"specFileRetries\",\"specFileRetriesDelay\",\"specFileRetriesDeferred\",\"reporterSyncInterval\",\"reporterSyncTimeout\",\"cucumberFeaturesWithLineNumbers\",\"autoCompileOpts\",\"mochaOpts\",\"jasmineOpts\",\"cucumberOpts\",\"onPrepare\",\"onWorkerStart\",\"onWorkerEnd\",\"before\",\"beforeSession\",\"beforeSuite\",\"beforeHook\",\"beforeTest\",\"afterTest\",\"afterHook\",\"afterSuite\",\"afterSession\",\"after\",\"onComplete\",\"beforeAssertion\",\"afterAssertion\",\"beforeFeature\",\"beforeScenario\",\"beforeStep\",\"afterStep\",\"afterScenario\",\"afterFeature\",\"_\",\"suite\",\"$0\",\"ignoredWorkerServices\",\"wdi5\"]"}]}
COMMAND: POST /session/182702e4e2b2f92e69599adcb85aed51/execute/async - {"script":"<script> [21126 bytes]","args":[35000]}
RESULT: {"script":"<script> [21126 bytes]","args":[35000]}
COMMAND: POST /session/182702e4e2b2f92e69599adcb85aed51/execute/async - {"script":"<script> [1562 bytes]","args":[{"selector":{"controlType":"sap.m.GenericTile","properties":{"header":"Manage Sites"}},"wdio_ui5_key":"sapm.GenericTile{\"header\":\"Manage Sites\"}"}]}
RESULT: {"script":"<script> [1562 bytes]","args":[{"selector":{"controlType":"sap.m.GenericTile","properties":{"header":"Manage Sites"}},"wdio_ui5_key":"sapm.GenericTile{\"header\":\"Manage Sites\"}"}]}
RESULT: undefined
COMMAND: POST /session/182702e4e2b2f92e69599adcb85aed51/element - {"using":"xpath","value":"//*[@id=\"__tile40\"]"}
RESULT: {"using":"xpath","value":"//*[@id=\"__tile40\"]"}
COMMAND: POST /session/182702e4e2b2f92e69599adcb85aed51/element/f.EA19BBC851313D4479D8F918DE7934ED.d.FAAD88DF64EB9B69EE25DEEAA7270BC4.e.1193/click - {}
RESULT: {}
COMMAND: GET /session/182702e4e2b2f92e69599adcb85aed51/screenshot - {}
RESULT: {}
COMMAND: POST /session/182702e4e2b2f92e69599adcb85aed51/elements - {"using":"xpath","value":"//span[text()='Error']"}
RESULT: {"using":"xpath","value":"//span[text()='Error']"}
COMMAND: POST /session/182702e4e2b2f92e69599adcb85aed51/execute/async - {"script":"<script> [1562 bytes]","args":[{"selector":{"controlType":"sap.ui.core.Icon","viewName":"etm.portal.ui.managesites.view.Master","viewId":"application-managesites-display-component---masterSite","properties":{"src":{"regex":{"source":"add"}}}},"wdio_ui5_key":"etmportal.ui.managesites.view.Mastersap.ui.core.Icon{\"src\":{\"regex\":{\"source\":\"add\"}}}"}]}
RESULT: {"script":"<script> [1562 bytes]","args":[{"selector":{"controlType":"sap.ui.core.Icon","viewName":"etm.portal.ui.managesites.view.Master","viewId":"application-managesites-display-component---masterSite","properties":{"src":{"regex":{"source":"add"}}}},"wdio_ui5_key":"etmportal.ui.managesites.view.Mastersap.ui.core.Icon{\"src\":{\"regex\":{\"source\":\"add\"}}}"}]}
RESULT: undefined
COMMAND: POST /session/182702e4e2b2f92e69599adcb85aed51/element - {"using":"xpath","value":"//*[@id=\"__button4-img\"]"}
RESULT: {"using":"xpath","value":"//*[@id=\"__button4-img\"]"}
COMMAND: POST /session/182702e4e2b2f92e69599adcb85aed51/element/f.EA19BBC851313D4479D8F918DE7934ED.d.FAAD88DF64EB9B69EE25DEEAA7270BC4.e.1340/click - {}
RESULT: {}
COMMAND: POST /session/182702e4e2b2f92e69599adcb85aed51/execute/async - {"script":"<script> [1562 bytes]","args":[{"selector":{"id":"application-managesites-display-component---NewSite--siteId","interaction":{"idSuffix":"inner"}},"wdio_ui5_key":"applicationmanagesites-display-component---NewSite--siteId"}]}
COMMAND: GET /session/182702e4e2b2f92e69599adcb85aed51/screenshot - {}
RESULT: {"script":"<script> [1562 bytes]","args":[{"selector":{"id":"application-managesites-display-component---NewSite--siteId","interaction":{"idSuffix":"inner"}},"wdio_ui5_key":"applicationmanagesites-display-component---NewSite--siteId"}]}
RESULT: undefined
COMMAND: POST /session/182702e4e2b2f92e69599adcb85aed51/execute/async - {"script":"<script> [1562 bytes]","args":[{"selector":{"id":"application-managesites-display-component---NewSite--addressDetailDetailsName1","interaction":{"idSuffix":"inner"}},"wdio_ui5_key":"applicationmanagesites-display-component---NewSite--addressDetailDetailsName1"}]}
RESULT: {}
RESULT: {"script":"<script> [1562 bytes]","args":[{"selector":{"id":"application-managesites-display-component---NewSite--addressDetailDetailsName1","interaction":{"idSuffix":"inner"}},"wdio_ui5_key":"applicationmanagesites-display-component---NewSite--addressDetailDetailsName1"}]}
RESULT: undefined
COMMAND: POST /session/182702e4e2b2f92e69599adcb85aed51/execute/async - {"script":"<script> [776 bytes]","args":[{"enterText":"WebdriverSite1zulf","selector":{"id":"application-managesites-display-component---NewSite--addressDetailDetailsName1","interaction":{"idSuffix":"inner"}},"clearTextFirst":true,"interactionType":"ENTER_TEXT"}]}
RESULT: {"script":"<script> [776 bytes]","args":[{"enterText":"WebdriverSite1zulf","selector":{"id":"application-managesites-display-component---NewSite--addressDetailDetailsName1","interaction":{"idSuffix":"inner"}},"clearTextFirst":true,"interactionType":"ENTER_TEXT"}]}
COMMAND: POST /session/182702e4e2b2f92e69599adcb85aed51/execute/async - {"script":"<script> [1562 bytes]","args":[{"selector":{"id":"application-managesites-display-component---NewSite--addressDetailDetailsLanguage","interaction":{"idSuffix":"inner"}},"wdio_ui5_key":"applicationmanagesites-display-component---NewSite--addressDetailDetailsLanguage"}]}
RESULT: {"script":"<script> [1562 bytes]","args":[{"selector":{"id":"application-managesites-display-component---NewSite--addressDetailDetailsLanguage","interaction":{"idSuffix":"inner"}},"wdio_ui5_key":"applicationmanagesites-display-component---NewSite--addressDetailDetailsLanguage"}]}
RESULT: undefined
COMMAND: POST /session/182702e4e2b2f92e69599adcb85aed51/execute/async - {"script":"<script> [776 bytes]","args":[{"enterText":"Romanian","selector":{"id":"application-managesites-display-component---NewSite--addressDetailDetailsLanguage","interaction":{"idSuffix":"inner"}},"clearTextFirst":true,"interactionType":"ENTER_TEXT"}]}
RESULT: {"script":"<script> [776 bytes]","args":[{"enterText":"Romanian","selector":{"id":"application-managesites-display-component---NewSite--addressDetailDetailsLanguage","interaction":{"idSuffix":"inner"}},"clearTextFirst":true,"interactionType":"ENTER_TEXT"}]}
COMMAND: POST /session/182702e4e2b2f92e69599adcb85aed51/execute/async - {"script":"<script> [1562 bytes]","args":[{"selector":{"id":"application-managesites-display-component---NewSite--addressDetailDetailsCity1","interaction":{"idSuffix":"inner"}},"wdio_ui5_key":"applicationmanagesites-display-component---NewSite--addressDetailDetailsCity1"}]}
RESULT: {"script":"<script> [1562 bytes]","args":[{"selector":{"id":"application-managesites-display-component---NewSite--addressDetailDetailsCity1","interaction":{"idSuffix":"inner"}},"wdio_ui5_key":"applicationmanagesites-display-component---NewSite--addressDetailDetailsCity1"}]}
RESULT: undefined
COMMAND: POST /session/182702e4e2b2f92e69599adcb85aed51/execute/async - {"script":"<script> [776 bytes]","args":[{"enterText":"Bucharest","selector":{"id":"application-managesites-display-component---NewSite--addressDetailDetailsCity1","interaction":{"idSuffix":"inner"}},"clearTextFirst":true,"interactionType":"ENTER_TEXT"}]}
RESULT: {"script":"<script> [776 bytes]","args":[{"enterText":"Bucharest","selector":{"id":"application-managesites-display-component---NewSite--addressDetailDetailsCity1","interaction":{"idSuffix":"inner"}},"clearTextFirst":true,"interactionType":"ENTER_TEXT"}]}
COMMAND: POST /session/182702e4e2b2f92e69599adcb85aed51/execute/async - {"script":"<script> [1562 bytes]","args":[{"selector":{"id":"application-managesites-display-component---NewSite--addressDetailDetailsCountry","interaction":{"idSuffix":"inner"}},"wdio_ui5_key":"applicationmanagesites-display-component---NewSite--addressDetailDetailsCountry"}]}
RESULT: {"script":"<script> [1562 bytes]","args":[{"selector":{"id":"application-managesites-display-component---NewSite--addressDetailDetailsCountry","interaction":{"idSuffix":"inner"}},"wdio_ui5_key":"applicationmanagesites-display-component---NewSite--addressDetailDetailsCountry"}]}
RESULT: undefined
COMMAND: POST /session/182702e4e2b2f92e69599adcb85aed51/execute/async - {"script":"<script> [776 bytes]","args":[{"enterText":"Romania","selector":{"id":"application-managesites-display-component---NewSite--addressDetailDetailsCountry","interaction":{"idSuffix":"inner"}},"clearTextFirst":true,"interactionType":"ENTER_TEXT"}]}
RESULT: {"script":"<script> [776 bytes]","args":[{"enterText":"Romania","selector":{"id":"application-managesites-display-component---NewSite--addressDetailDetailsCountry","interaction":{"idSuffix":"inner"}},"clearTextFirst":true,"interactionType":"ENTER_TEXT"}]}
COMMAND: POST /session/182702e4e2b2f92e69599adcb85aed51/element - {"using":"css selector","value":"#application-managesites-display-component---NewSite--addressDetailDetailsCalendar-inner"}
RESULT: {"using":"css selector","value":"#application-managesites-display-component---NewSite--addressDetailDetailsCalendar-inner"}
COMMAND: POST /session/182702e4e2b2f92e69599adcb85aed51/element/f.EA19BBC851313D4479D8F918DE7934ED.d.FAAD88DF64EB9B69EE25DEEAA7270BC4.e.1429/clear - {}
RESULT: {}
COMMAND: POST /session/182702e4e2b2f92e69599adcb85aed51/element/f.EA19BBC851313D4479D8F918DE7934ED.d.FAAD88DF64EB9B69EE25DEEAA7270BC4.e.1429/value - {"text":"Germany"}
COMMAND: GET /session/182702e4e2b2f92e69599adcb85aed51/screenshot - {}
RESULT: {"text":"Germany"}
COMMAND: POST /session/182702e4e2b2f92e69599adcb85aed51/execute/async - {"script":"<script> [1562 bytes]","args":[{"selector":{"id":"application-managesites-display-component---NewSite--addressEditDetailsCostObjectCstType-arrow"},"wdio_ui5_key":"applicationmanagesites-display-component---NewSite--addressEditDetailsCostObjectCstType-arrow"}]}
COMMAND: GET /session/182702e4e2b2f92e69599adcb85aed51/screenshot - {}
RESULT: {}
RESULT: {"script":"<script> [1562 bytes]","args":[{"selector":{"id":"application-managesites-display-component---NewSite--addressEditDetailsCostObjectCstType-arrow"},"wdio_ui5_key":"applicationmanagesites-display-component---NewSite--addressEditDetailsCostObjectCstType-arrow"}]}
RESULT: undefined
COMMAND: POST /session/182702e4e2b2f92e69599adcb85aed51/element - {"using":"xpath","value":"//*[@id=\"application-managesites-display-component---NewSite--addressEditDetailsCostObjectCstType-arrow\"]"}
RESULT: {}
RESULT: {"using":"xpath","value":"//*[@id=\"application-managesites-display-component---NewSite--addressEditDetailsCostObjectCstType-arrow\"]"}
COMMAND: POST /session/182702e4e2b2f92e69599adcb85aed51/element/f.EA19BBC851313D4479D8F918DE7934ED.d.FAAD88DF64EB9B69EE25DEEAA7270BC4.e.1623/click - {}
RESULT: {}
COMMAND: POST /session/182702e4e2b2f92e69599adcb85aed51/element - {"using":"xpath","value":"//span[contains(text(), \"Work Breakdown Structure\")]"}
COMMAND: GET /session/182702e4e2b2f92e69599adcb85aed51/screenshot - {}
RESULT: {"using":"xpath","value":"//span[contains(text(), \"Work Breakdown Structure\")]"}
COMMAND: POST /session/182702e4e2b2f92e69599adcb85aed51/element/f.EA19BBC851313D4479D8F918DE7934ED.d.FAAD88DF64EB9B69EE25DEEAA7270BC4.e.1624/click - {}
RESULT: {}
RESULT: {}
COMMAND: GET /session/182702e4e2b2f92e69599adcb85aed51/screenshot - {}
RESULT: {}
COMMAND: POST /session/182702e4e2b2f92e69599adcb85aed51/execute/async - {"script":"<script> [1562 bytes]","args":[{"selector":{"id":"application-managesites-display-component---NewSite--addressNewCostObjectCstID-vhi"},"wdio_ui5_key":"applicationmanagesites-display-component---NewSite--addressNewCostObjectCstID-vhi"}]}
RESULT: {"script":"<script> [1562 bytes]","args":[{"selector":{"id":"application-managesites-display-component---NewSite--addressNewCostObjectCstID-vhi"},"wdio_ui5_key":"applicationmanagesites-display-component---NewSite--addressNewCostObjectCstID-vhi"}]}
RESULT: undefined
COMMAND: POST /session/182702e4e2b2f92e69599adcb85aed51/element - {"using":"xpath","value":"//*[@id=\"application-managesites-display-component---NewSite--addressNewCostObjectCstID-vhi\"]"}
RESULT: {"using":"xpath","value":"//*[@id=\"application-managesites-display-component---NewSite--addressNewCostObjectCstID-vhi\"]"}
COMMAND: POST /session/182702e4e2b2f92e69599adcb85aed51/element/f.EA19BBC851313D4479D8F918DE7934ED.d.FAAD88DF64EB9B69EE25DEEAA7270BC4.e.1629/click - {}
RESULT: {}
COMMAND: GET /session/182702e4e2b2f92e69599adcb85aed51/screenshot - {}
RESULT: {}
COMMAND: POST /session/182702e4e2b2f92e69599adcb85aed51/execute/async - {"script":"<script> [1562 bytes]","args":[{"selector":{"controlType":"sap.m.SearchField","properties":{"placeholder":"Search"},"searchOpenDialogs":true,"interaction":{"idSuffix":"I"}},"wdio_ui5_key":"sapm.SearchField{\"placeholder\":\"Search\"}"}]}
RESULT: {"script":"<script> [1562 bytes]","args":[{"selector":{"controlType":"sap.m.SearchField","properties":{"placeholder":"Search"},"searchOpenDialogs":true,"interaction":{"idSuffix":"I"}},"wdio_ui5_key":"sapm.SearchField{\"placeholder\":\"Search\"}"}]}
RESULT: undefined
COMMAND: POST /session/182702e4e2b2f92e69599adcb85aed51/execute/async - {"script":"<script> [776 bytes]","args":[{"enterText":"A1-000100-01","selector":{"controlType":"sap.m.SearchField","properties":{"placeholder":"Search"},"searchOpenDialogs":true,"interaction":{"idSuffix":"I"}},"clearTextFirst":true,"interactionType":"ENTER_TEXT"}]}
RESULT: {"script":"<script> [776 bytes]","args":[{"enterText":"A1-000100-01","selector":{"controlType":"sap.m.SearchField","properties":{"placeholder":"Search"},"searchOpenDialogs":true,"interaction":{"idSuffix":"I"}},"clearTextFirst":true,"interactionType":"ENTER_TEXT"}]}
COMMAND: POST /session/182702e4e2b2f92e69599adcb85aed51/actions - {"actions":[{"id":"action3","type":"key","parameters":{},"actions":[{"type":"keyDown","value":"î€‡"},{"type":"pause","duration":10},{"type":"keyUp","value":"î€‡"}]}]}
RESULT: {"actions":[{"id":"action3","type":"key","parameters":{},"actions":[{"type":"keyDown","value":"î€‡"},{"type":"pause","duration":10},{"type":"keyUp","value":"î€‡"}]}]}
COMMAND: GET /session/182702e4e2b2f92e69599adcb85aed51/screenshot - {}
RESULT: {}
COMMAND: POST /session/182702e4e2b2f92e69599adcb85aed51/element - {"using":"xpath","value":"//span[contains(text(), \"Template for ETO-Process\")]"}
RESULT: {"using":"xpath","value":"//span[contains(text(), \"Template for ETO-Process\")]"}
COMMAND: POST /session/182702e4e2b2f92e69599adcb85aed51/element/f.EA19BBC851313D4479D8F918DE7934ED.d.FAAD88DF64EB9B69EE25DEEAA7270BC4.e.1649/click - {}
RESULT: {}
COMMAND: GET /session/182702e4e2b2f92e69599adcb85aed51/screenshot - {}
RESULT: {}
COMMAND: POST /session/182702e4e2b2f92e69599adcb85aed51/element - {"using":"xpath","value":"//bdi[contains(text(), \"OK\")]"}
RESULT: {"using":"xpath","value":"//bdi[contains(text(), \"OK\")]"}
COMMAND: POST /session/182702e4e2b2f92e69599adcb85aed51/element/f.EA19BBC851313D4479D8F918DE7934ED.d.FAAD88DF64EB9B69EE25DEEAA7270BC4.e.1650/click - {}
RESULT: {}
COMMAND: GET /session/182702e4e2b2f92e69599adcb85aed51/screenshot - {}
RESULT: {}
COMMAND: POST /session/182702e4e2b2f92e69599adcb85aed51/element - {"using":"xpath","value":"//input[@id=\"application-managesites-display-component---NewSite--addressDetailDetailsYard-inner\"]"}
RESULT: {"using":"xpath","value":"//input[@id=\"application-managesites-display-component---NewSite--addressDetailDetailsYard-inner\"]"}
COMMAND: POST /session/182702e4e2b2f92e69599adcb85aed51/element/f.EA19BBC851313D4479D8F918DE7934ED.d.FAAD88DF64EB9B69EE25DEEAA7270BC4.e.1430/value - {"text":"WebdriverYardffht1"}
RESULT: {"text":"WebdriverYardffht1"}
COMMAND: GET /session/182702e4e2b2f92e69599adcb85aed51/screenshot - {}
RESULT: {}
COMMAND: POST /session/182702e4e2b2f92e69599adcb85aed51/actions - {"actions":[{"id":"action4","type":"key","parameters":{},"actions":[{"type":"keyDown","value":"î€‡"},{"type":"pause","duration":10},{"type":"keyUp","value":"î€‡"}]}]}
RESULT: {"actions":[{"id":"action4","type":"key","parameters":{},"actions":[{"type":"keyDown","value":"î€‡"},{"type":"pause","duration":10},{"type":"keyUp","value":"î€‡"}]}]}
COMMAND: GET /session/182702e4e2b2f92e69599adcb85aed51/screenshot - {}
RESULT: {}
COMMAND: POST /session/182702e4e2b2f92e69599adcb85aed51/element - {"using":"xpath","value":"//input[@id=\"application-managesites-display-component---NewSite--addressDetailDetailsPartner-inner\"]"}
RESULT: {"using":"xpath","value":"//input[@id=\"application-managesites-display-component---NewSite--addressDetailDetailsPartner-inner\"]"}
COMMAND: POST /session/182702e4e2b2f92e69599adcb85aed51/elements - {"using":"xpath","value":"//input[@id=\"application-managesites-display-component---NewSite--addressDetailDetailsPartner-inner\"]"}
RESULT: {"using":"xpath","value":"//input[@id=\"application-managesites-display-component---NewSite--addressDetailDetailsPartner-inner\"]"}
COMMAND: POST /session/182702e4e2b2f92e69599adcb85aed51/execute/async - {"script":"<script> [1562 bytes]","args":[{"selector":{"controlType":"sap.m.Button","viewName":"etm.portal.ui.managesites.view.NewSmartSite","viewId":"application-managesites-display-component---NewSite","properties":{"text":"Commercial"},"interaction":{"idSuffix":"BDI-content"}},"wdio_ui5_key":"etmportal.ui.managesites.view.NewSmartSitesap.m.Button{\"text\":\"Commercial\"}"}]}
RESULT: {"script":"<script> [1562 bytes]","args":[{"selector":{"controlType":"sap.m.Button","viewName":"etm.portal.ui.managesites.view.NewSmartSite","viewId":"application-managesites-display-component---NewSite","properties":{"text":"Commercial"},"interaction":{"idSuffix":"BDI-content"}},"wdio_ui5_key":"etmportal.ui.managesites.view.NewSmartSitesap.m.Button{\"text\":\"Commercial\"}"}]}
RESULT: undefined
COMMAND: POST /session/182702e4e2b2f92e69599adcb85aed51/element - {"using":"xpath","value":"//*[@id=\"application-managesites-display-component---NewSite--ObjectPageLayout-anchBar-__section5-anchor\"]"}
RESULT: {"using":"xpath","value":"//*[@id=\"application-managesites-display-component---NewSite--ObjectPageLayout-anchBar-__section5-anchor\"]"}
COMMAND: POST /session/182702e4e2b2f92e69599adcb85aed51/element/f.EA19BBC851313D4479D8F918DE7934ED.d.FAAD88DF64EB9B69EE25DEEAA7270BC4.e.1657/click - {}
RESULT: {}
COMMAND: POST /session/182702e4e2b2f92e69599adcb85aed51/execute/async - {"script":"<script> [1562 bytes]","args":[{"selector":{"controlType":"sap.m.Button","viewName":"etm.portal.ui.managesites.view.NewSmartSite","viewId":"application-managesites-display-component---NewSite","i18NText":{"propertyName":"text","key":"save"},"interaction":{"idSuffix":"BDI-content"}},"wdio_ui5_key":"etmportal.ui.managesites.view.NewSmartSitesap.m.Button{\"propertyName\":\"text\",\"key\":\"save\"}"}]}
COMMAND: GET /session/182702e4e2b2f92e69599adcb85aed51/screenshot - {}
RESULT: {"script":"<script> [1562 bytes]","args":[{"selector":{"controlType":"sap.m.Button","viewName":"etm.portal.ui.managesites.view.NewSmartSite","viewId":"application-managesites-display-component---NewSite","i18NText":{"propertyName":"text","key":"save"},"interaction":{"idSuffix":"BDI-content"}},"wdio_ui5_key":"etmportal.ui.managesites.view.NewSmartSitesap.m.Button{\"propertyName\":\"text\",\"key\":\"save\"}"}]}
RESULT: undefined
COMMAND: POST /session/182702e4e2b2f92e69599adcb85aed51/element - {"using":"xpath","value":"//*[@id=\"__button16\"]"}
RESULT: {}
RESULT: {"using":"xpath","value":"//*[@id=\"__button16\"]"}
COMMAND: POST /session/182702e4e2b2f92e69599adcb85aed51/element/f.EA19BBC851313D4479D8F918DE7934ED.d.FAAD88DF64EB9B69EE25DEEAA7270BC4.e.1565/click - {}
RESULT: {}
COMMAND: GET /session/182702e4e2b2f92e69599adcb85aed51/screenshot - {}
RESULT: {}
COMMAND: POST /session/182702e4e2b2f92e69599adcb85aed51/execute/async - {"script":"<script> [1562 bytes]","args":[{"selector":{"id":"application-managesites-display-component---detailSite--addressDetailDetailsYardText"},"wdio_ui5_key":"applicationmanagesites-display-component---detailSite--addressDetailDetailsYardText"}]}
RESULT: {"script":"<script> [1562 bytes]","args":[{"selector":{"id":"application-managesites-display-component---detailSite--addressDetailDetailsYardText"},"wdio_ui5_key":"applicationmanagesites-display-component---detailSite--addressDetailDetailsYardText"}]}
RESULT: undefined
COMMAND: POST /session/182702e4e2b2f92e69599adcb85aed51/element - {"using":"xpath","value":"//header/div/div[2]/div[2]/span"}
RESULT: {"using":"xpath","value":"//header/div/div[2]/div[2]/span"}
COMMAND: GET /session/182702e4e2b2f92e69599adcb85aed51/element/f.EA19BBC851313D4479D8F918DE7934ED.d.FAAD88DF64EB9B69EE25DEEAA7270BC4.e.1863/text - {}
RESULT: {}
COMMAND: POST /session/182702e4e2b2f92e69599adcb85aed51/element - {"using":"xpath","value":"//header/div/div/div/div/div/div[2]/div/span"}
RESULT: {"using":"xpath","value":"//header/div/div/div/div/div/div[2]/div/span"}
COMMAND: GET /session/182702e4e2b2f92e69599adcb85aed51/element/f.EA19BBC851313D4479D8F918DE7934ED.d.FAAD88DF64EB9B69EE25DEEAA7270BC4.e.1864/text - {}
RESULT: {}
COMMAND: POST /session/182702e4e2b2f92e69599adcb85aed51/element - {"using":"css selector","value":"#shell-header-logo"}
RESULT: {"using":"css selector","value":"#shell-header-logo"}
COMMAND: POST /session/182702e4e2b2f92e69599adcb85aed51/element/f.EA19BBC851313D4479D8F918DE7934ED.d.FAAD88DF64EB9B69EE25DEEAA7270BC4.e.1195/click - {}
RESULT: {}
COMMAND: GET /session/182702e4e2b2f92e69599adcb85aed51/screenshot - {}
RESULT: {}
COMMAND: POST /session/182702e4e2b2f92e69599adcb85aed51/execute/async - {"script":"<script> [1562 bytes]","args":[{"selector":{"controlType":"sap.m.GenericTile","properties":{"header":"Manage Partners"}},"wdio_ui5_key":"sapm.GenericTile{\"header\":\"Manage Partners\"}"}]}
RESULT: {"script":"<script> [1562 bytes]","args":[{"selector":{"controlType":"sap.m.GenericTile","properties":{"header":"Manage Partners"}},"wdio_ui5_key":"sapm.GenericTile{\"header\":\"Manage Partners\"}"}]}
RESULT: undefined
COMMAND: POST /session/182702e4e2b2f92e69599adcb85aed51/element - {"using":"xpath","value":"//*[@id=\"__tile38\"]"}
RESULT: {"using":"xpath","value":"//*[@id=\"__tile38\"]"}
COMMAND: POST /session/182702e4e2b2f92e69599adcb85aed51/element/f.EA19BBC851313D4479D8F918DE7934ED.d.FAAD88DF64EB9B69EE25DEEAA7270BC4.e.1866/click - {}
RESULT: {}
COMMAND: GET /session/182702e4e2b2f92e69599adcb85aed51/screenshot - {}
RESULT: {}
COMMAND: POST /session/182702e4e2b2f92e69599adcb85aed51/elements - {"using":"xpath","value":"//span[text()='Error']"}
RESULT: {"using":"xpath","value":"//span[text()='Error']"}
COMMAND: POST /session/182702e4e2b2f92e69599adcb85aed51/execute/async - {"script":"<script> [1562 bytes]","args":[{"selector":{"controlType":"sap.ui.core.Icon","viewName":"etm.portal.ui.managepartners.view.Master","viewId":"application-managepartners-display-component---masterPtm","properties":{"src":{"regex":{"source":"add"}}}},"wdio_ui5_key":"etmportal.ui.managepartners.view.Mastersap.ui.core.Icon{\"src\":{\"regex\":{\"source\":\"add\"}}}"}]}
RESULT: {"script":"<script> [1562 bytes]","args":[{"selector":{"controlType":"sap.ui.core.Icon","viewName":"etm.portal.ui.managepartners.view.Master","viewId":"application-managepartners-display-component---masterPtm","properties":{"src":{"regex":{"source":"add"}}}},"wdio_ui5_key":"etmportal.ui.managepartners.view.Mastersap.ui.core.Icon{\"src\":{\"regex\":{\"source\":\"add\"}}}"}]}
RESULT: undefined
COMMAND: POST /session/182702e4e2b2f92e69599adcb85aed51/element - {"using":"xpath","value":"//*[@id=\"__button56-img\"]"}
RESULT: {"using":"xpath","value":"//*[@id=\"__button56-img\"]"}
COMMAND: POST /session/182702e4e2b2f92e69599adcb85aed51/element/f.EA19BBC851313D4479D8F918DE7934ED.d.FAAD88DF64EB9B69EE25DEEAA7270BC4.e.1916/click - {}
RESULT: {}
COMMAND: GET /session/182702e4e2b2f92e69599adcb85aed51/screenshot - {}
RESULT: {}
COMMAND: POST /session/182702e4e2b2f92e69599adcb85aed51/execute/async - {"script":"<script> [1562 bytes]","args":[{"selector":{"id":"application-managepartners-display-component---NewPartner--partnerId","interaction":{"idSuffix":"inner"}},"wdio_ui5_key":"applicationmanagepartners-display-component---NewPartner--partnerId"}]}
RESULT: {"script":"<script> [1562 bytes]","args":[{"selector":{"id":"application-managepartners-display-component---NewPartner--partnerId","interaction":{"idSuffix":"inner"}},"wdio_ui5_key":"applicationmanagepartners-display-component---NewPartner--partnerId"}]}
RESULT: undefined
COMMAND: POST /session/182702e4e2b2f92e69599adcb85aed51/execute/async - {"script":"<script> [1562 bytes]","args":[{"selector":{"id":"application-managepartners-display-component---NewPartner--addressDetailDetailsName1","interaction":{"idSuffix":"inner"}},"wdio_ui5_key":"applicationmanagepartners-display-component---NewPartner--addressDetailDetailsName1"}]}
RESULT: {"script":"<script> [1562 bytes]","args":[{"selector":{"id":"application-managepartners-display-component---NewPartner--addressDetailDetailsName1","interaction":{"idSuffix":"inner"}},"wdio_ui5_key":"applicationmanagepartners-display-component---NewPartner--addressDetailDetailsName1"}]}
RESULT: undefined
COMMAND: POST /session/182702e4e2b2f92e69599adcb85aed51/execute/async - {"script":"<script> [776 bytes]","args":[{"enterText":"WebdriverPartnerwq7nh","selector":{"id":"application-managepartners-display-component---NewPartner--addressDetailDetailsName1","interaction":{"idSuffix":"inner"}},"clearTextFirst":true,"interactionType":"ENTER_TEXT"}]}
RESULT: {"script":"<script> [776 bytes]","args":[{"enterText":"WebdriverPartnerwq7nh","selector":{"id":"application-managepartners-display-component---NewPartner--addressDetailDetailsName1","interaction":{"idSuffix":"inner"}},"clearTextFirst":true,"interactionType":"ENTER_TEXT"}]}
COMMAND: POST /session/182702e4e2b2f92e69599adcb85aed51/execute/async - {"script":"<script> [1562 bytes]","args":[{"selector":{"id":"application-managepartners-display-component---NewPartner--addressDetailDetailsLanguage","interaction":{"idSuffix":"inner"}},"wdio_ui5_key":"applicationmanagepartners-display-component---NewPartner--addressDetailDetailsLanguage"}]}
RESULT: {"script":"<script> [1562 bytes]","args":[{"selector":{"id":"application-managepartners-display-component---NewPartner--addressDetailDetailsLanguage","interaction":{"idSuffix":"inner"}},"wdio_ui5_key":"applicationmanagepartners-display-component---NewPartner--addressDetailDetailsLanguage"}]}
RESULT: undefined
COMMAND: POST /session/182702e4e2b2f92e69599adcb85aed51/execute/async - {"script":"<script> [776 bytes]","args":[{"enterText":"Romanian","selector":{"id":"application-managepartners-display-component---NewPartner--addressDetailDetailsLanguage","interaction":{"idSuffix":"inner"}},"clearTextFirst":true,"interactionType":"ENTER_TEXT"}]}
RESULT: {"script":"<script> [776 bytes]","args":[{"enterText":"Romanian","selector":{"id":"application-managepartners-display-component---NewPartner--addressDetailDetailsLanguage","interaction":{"idSuffix":"inner"}},"clearTextFirst":true,"interactionType":"ENTER_TEXT"}]}
COMMAND: POST /session/182702e4e2b2f92e69599adcb85aed51/element - {"using":"xpath","value":"//input[contains(@id ,\"application-managepartners-display-component---NewPartner--addressDetailDetailsName1-inner\")]"}
RESULT: {"using":"xpath","value":"//input[contains(@id ,\"application-managepartners-display-component---NewPartner--addressDetailDetailsName1-inner\")]"}
COMMAND: GET /session/182702e4e2b2f92e69599adcb85aed51/element/f.EA19BBC851313D4479D8F918DE7934ED.d.FAAD88DF64EB9B69EE25DEEAA7270BC4.e.2168/property/value - {}
RESULT: {}
COMMAND: POST /session/182702e4e2b2f92e69599adcb85aed51/execute/async - {"script":"<script> [1562 bytes]","args":[{"selector":{"id":"application-managepartners-display-component---NewPartner--addressDetailDetailsCity1","interaction":{"idSuffix":"inner"}},"wdio_ui5_key":"applicationmanagepartners-display-component---NewPartner--addressDetailDetailsCity1"}]}
COMMAND: GET /session/182702e4e2b2f92e69599adcb85aed51/screenshot - {}
RESULT: {"script":"<script> [1562 bytes]","args":[{"selector":{"id":"application-managepartners-display-component---NewPartner--addressDetailDetailsCity1","interaction":{"idSuffix":"inner"}},"wdio_ui5_key":"applicationmanagepartners-display-component---NewPartner--addressDetailDetailsCity1"}]}
RESULT: undefined
COMMAND: POST /session/182702e4e2b2f92e69599adcb85aed51/execute/async - {"script":"<script> [776 bytes]","args":[{"enterText":"Bucharest","selector":{"id":"application-managepartners-display-component---NewPartner--addressDetailDetailsCity1","interaction":{"idSuffix":"inner"}},"clearTextFirst":true,"interactionType":"ENTER_TEXT"}]}
RESULT: {}
RESULT: {"script":"<script> [776 bytes]","args":[{"enterText":"Bucharest","selector":{"id":"application-managepartners-display-component---NewPartner--addressDetailDetailsCity1","interaction":{"idSuffix":"inner"}},"clearTextFirst":true,"interactionType":"ENTER_TEXT"}]}
COMMAND: POST /session/182702e4e2b2f92e69599adcb85aed51/execute/async - {"script":"<script> [1562 bytes]","args":[{"selector":{"id":"application-managepartners-display-component---NewPartner--addressDetailDetailsCountry","interaction":{"idSuffix":"inner"}},"wdio_ui5_key":"applicationmanagepartners-display-component---NewPartner--addressDetailDetailsCountry"}]}
RESULT: {"script":"<script> [1562 bytes]","args":[{"selector":{"id":"application-managepartners-display-component---NewPartner--addressDetailDetailsCountry","interaction":{"idSuffix":"inner"}},"wdio_ui5_key":"applicationmanagepartners-display-component---NewPartner--addressDetailDetailsCountry"}]}
RESULT: undefined
COMMAND: POST /session/182702e4e2b2f92e69599adcb85aed51/execute/async - {"script":"<script> [6424 bytes]","args":[{"element-6066-11e4-a52e-4f735466cecf":"f.EA19BBC851313D4479D8F918DE7934ED.d.FAAD88DF64EB9B69EE25DEEAA7270BC4.e.2175"},"setValue",["Romania"]]}
RESULT: {"script":"<script> [6424 bytes]","args":[{"element-6066-11e4-a52e-4f735466cecf":"f.EA19BBC851313D4479D8F918DE7934ED.d.FAAD88DF64EB9B69EE25DEEAA7270BC4.e.2175"},"setValue",["Romania"]]}
COMMAND: POST /session/182702e4e2b2f92e69599adcb85aed51/execute/async - {"script":"<script> [1562 bytes]","args":[{"selector":{"id":"application-managepartners-display-component---NewPartner--partnerDetailInternal","interaction":{"idSuffix":"inner"}},"wdio_ui5_key":"applicationmanagepartners-display-component---NewPartner--partnerDetailInternal"}]}
RESULT: {"script":"<script> [1562 bytes]","args":[{"selector":{"id":"application-managepartners-display-component---NewPartner--partnerDetailInternal","interaction":{"idSuffix":"inner"}},"wdio_ui5_key":"applicationmanagepartners-display-component---NewPartner--partnerDetailInternal"}]}
RESULT: undefined
COMMAND: POST /session/182702e4e2b2f92e69599adcb85aed51/execute/async - {"script":"<script> [776 bytes]","args":[{"enterText":"External partner","selector":{"id":"application-managepartners-display-component---NewPartner--partnerDetailInternal","interaction":{"idSuffix":"inner"}},"clearTextFirst":true,"interactionType":"ENTER_TEXT"}]}
RESULT: {"script":"<script> [776 bytes]","args":[{"enterText":"External partner","selector":{"id":"application-managepartners-display-component---NewPartner--partnerDetailInternal","interaction":{"idSuffix":"inner"}},"clearTextFirst":true,"interactionType":"ENTER_TEXT"}]}
COMMAND: POST /session/182702e4e2b2f92e69599adcb85aed51/execute/async - {"script":"<script> [1562 bytes]","args":[{"selector":{"id":"application-managepartners-display-component---NewPartner--partnerDetailsCurrency","interaction":{"idSuffix":"inner"}},"wdio_ui5_key":"applicationmanagepartners-display-component---NewPartner--partnerDetailsCurrency"}]}
RESULT: {"script":"<script> [1562 bytes]","args":[{"selector":{"id":"application-managepartners-display-component---NewPartner--partnerDetailsCurrency","interaction":{"idSuffix":"inner"}},"wdio_ui5_key":"applicationmanagepartners-display-component---NewPartner--partnerDetailsCurrency"}]}
RESULT: undefined
COMMAND: POST /session/182702e4e2b2f92e69599adcb85aed51/execute/async - {"script":"<script> [776 bytes]","args":[{"enterText":"Euro","selector":{"id":"application-managepartners-display-component---NewPartner--partnerDetailsCurrency","interaction":{"idSuffix":"inner"}},"clearTextFirst":true,"interactionType":"ENTER_TEXT"}]}
RESULT: {"script":"<script> [776 bytes]","args":[{"enterText":"Euro","selector":{"id":"application-managepartners-display-component---NewPartner--partnerDetailsCurrency","interaction":{"idSuffix":"inner"}},"clearTextFirst":true,"interactionType":"ENTER_TEXT"}]}
COMMAND: POST /session/182702e4e2b2f92e69599adcb85aed51/execute/async - {"script":"<script> [1562 bytes]","args":[{"selector":{"controlType":"sap.m.Button","viewName":"etm.portal.ui.managepartners.view.NewPartner","viewId":"application-managepartners-display-component---NewPartner","properties":{"text":"Commercial"},"interaction":{"idSuffix":"BDI-content"}},"wdio_ui5_key":"etmportal.ui.managepartners.view.NewPartnersap.m.Button{\"text\":\"Commercial\"}"}]}
RESULT: {"script":"<script> [1562 bytes]","args":[{"selector":{"controlType":"sap.m.Button","viewName":"etm.portal.ui.managepartners.view.NewPartner","viewId":"application-managepartners-display-component---NewPartner","properties":{"text":"Commercial"},"interaction":{"idSuffix":"BDI-content"}},"wdio_ui5_key":"etmportal.ui.managepartners.view.NewPartnersap.m.Button{\"text\":\"Commercial\"}"}]}
RESULT: undefined
COMMAND: POST /session/182702e4e2b2f92e69599adcb85aed51/element - {"using":"xpath","value":"//*[@id=\"application-managepartners-display-component---NewPartner--ObjectPageLayout-anchBar-__section27-anchor\"]"}
RESULT: {"using":"xpath","value":"//*[@id=\"application-managepartners-display-component---NewPartner--ObjectPageLayout-anchBar-__section27-anchor\"]"}
COMMAND: POST /session/182702e4e2b2f92e69599adcb85aed51/element/f.EA19BBC851313D4479D8F918DE7934ED.d.FAAD88DF64EB9B69EE25DEEAA7270BC4.e.2340/click - {}
RESULT: {}
COMMAND: GET /session/182702e4e2b2f92e69599adcb85aed51/screenshot - {}
RESULT: {}
COMMAND: POST /session/182702e4e2b2f92e69599adcb85aed51/execute/async - {"script":"<script> [1562 bytes]","args":[{"selector":{"id":"application-managepartners-display-component---NewPartner--btnAddTableRow-img"},"wdio_ui5_key":"applicationmanagepartners-display-component---NewPartner--btnAddTableRow-img"}]}
RESULT: {"script":"<script> [1562 bytes]","args":[{"selector":{"id":"application-managepartners-display-component---NewPartner--btnAddTableRow-img"},"wdio_ui5_key":"applicationmanagepartners-display-component---NewPartner--btnAddTableRow-img"}]}
RESULT: undefined
COMMAND: POST /session/182702e4e2b2f92e69599adcb85aed51/element - {"using":"xpath","value":"//*[@id=\"application-managepartners-display-component---NewPartner--btnAddTableRow-img\"]"}
RESULT: {"using":"xpath","value":"//*[@id=\"application-managepartners-display-component---NewPartner--btnAddTableRow-img\"]"}
COMMAND: POST /session/182702e4e2b2f92e69599adcb85aed51/element/f.EA19BBC851313D4479D8F918DE7934ED.d.FAAD88DF64EB9B69EE25DEEAA7270BC4.e.2348/click - {}
RESULT: {}
COMMAND: POST /session/182702e4e2b2f92e69599adcb85aed51/element - {"using":"xpath","value":"//input[contains(@id ,\"application-managepartners-display-component---NewPartner--assignmentYard-application-managepartners-display-component---NewPartner\")]"}
COMMAND: GET /session/182702e4e2b2f92e69599adcb85aed51/screenshot - {}
RESULT: {"using":"xpath","value":"//input[contains(@id ,\"application-managepartners-display-component---NewPartner--assignmentYard-application-managepartners-display-component---NewPartner\")]"}
COMMAND: POST /session/182702e4e2b2f92e69599adcb85aed51/element/f.EA19BBC851313D4479D8F918DE7934ED.d.FAAD88DF64EB9B69EE25DEEAA7270BC4.e.2351/clear - {}
RESULT: {}
RESULT: {}
COMMAND: POST /session/182702e4e2b2f92e69599adcb85aed51/element/f.EA19BBC851313D4479D8F918DE7934ED.d.FAAD88DF64EB9B69EE25DEEAA7270BC4.e.2351/value - {"text":"WebdriverYardffht1"}
COMMAND: GET /session/182702e4e2b2f92e69599adcb85aed51/screenshot - {}
RESULT: {"text":"WebdriverYardffht1"}
COMMAND: GET /session/182702e4e2b2f92e69599adcb85aed51/screenshot - {}
RESULT: {}
RESULT: {}
COMMAND: POST /session/182702e4e2b2f92e69599adcb85aed51/execute/async - {"script":"<script> [1562 bytes]","args":[{"selector":{"controlType":"sap.m.Button","viewName":"etm.portal.ui.managepartners.view.NewPartner","viewId":"application-managepartners-display-component---NewPartner","i18NText":{"propertyName":"text","key":"save"},"interaction":{"idSuffix":"BDI-content"}},"wdio_ui5_key":"etmportal.ui.managepartners.view.NewPartnersap.m.Button{\"propertyName\":\"text\",\"key\":\"save\"}"}]}
RESULT: {"script":"<script> [1562 bytes]","args":[{"selector":{"controlType":"sap.m.Button","viewName":"etm.portal.ui.managepartners.view.NewPartner","viewId":"application-managepartners-display-component---NewPartner","i18NText":{"propertyName":"text","key":"save"},"interaction":{"idSuffix":"BDI-content"}},"wdio_ui5_key":"etmportal.ui.managepartners.view.NewPartnersap.m.Button{\"propertyName\":\"text\",\"key\":\"save\"}"}]}
RESULT: undefined
COMMAND: POST /session/182702e4e2b2f92e69599adcb85aed51/element - {"using":"xpath","value":"//*[@id=\"__button64\"]"}
RESULT: {"using":"xpath","value":"//*[@id=\"__button64\"]"}
COMMAND: POST /session/182702e4e2b2f92e69599adcb85aed51/element/f.EA19BBC851313D4479D8F918DE7934ED.d.FAAD88DF64EB9B69EE25DEEAA7270BC4.e.2295/click - {}
RESULT: {}
COMMAND: GET /session/182702e4e2b2f92e69599adcb85aed51/screenshot - {}
RESULT: {}
COMMAND: POST /session/182702e4e2b2f92e69599adcb85aed51/element - {"using":"xpath","value":"//header/div/div[2]/div[2]/span"}
RESULT: {"using":"xpath","value":"//header/div/div[2]/div[2]/span"}
COMMAND: GET /session/182702e4e2b2f92e69599adcb85aed51/element/f.EA19BBC851313D4479D8F918DE7934ED.d.FAAD88DF64EB9B69EE25DEEAA7270BC4.e.2524/text - {}
RESULT: {}
COMMAND: POST /session/182702e4e2b2f92e69599adcb85aed51/element - {"using":"xpath","value":"//header/div/div/div/div/div/div[2]/div/span"}
RESULT: {"using":"xpath","value":"//header/div/div/div/div/div/div[2]/div/span"}
COMMAND: GET /session/182702e4e2b2f92e69599adcb85aed51/element/f.EA19BBC851313D4479D8F918DE7934ED.d.FAAD88DF64EB9B69EE25DEEAA7270BC4.e.2525/text - {}
RESULT: {}
COMMAND: POST /session/182702e4e2b2f92e69599adcb85aed51/execute/async - {"script":"<script> [1562 bytes]","args":[{"selector":{"id":"application-managepartners-display-component---detailPtm--partnerType"},"wdio_ui5_key":"applicationmanagepartners-display-component---detailPtm--partnerType"}]}
RESULT: {"script":"<script> [1562 bytes]","args":[{"selector":{"id":"application-managepartners-display-component---detailPtm--partnerType"},"wdio_ui5_key":"applicationmanagepartners-display-component---detailPtm--partnerType"}]}
RESULT: undefined
COMMAND: POST /session/182702e4e2b2f92e69599adcb85aed51/execute/async - {"script":"<script> [6424 bytes]","args":[{"element-6066-11e4-a52e-4f735466cecf":"f.EA19BBC851313D4479D8F918DE7934ED.d.FAAD88DF64EB9B69EE25DEEAA7270BC4.e.2526"},"getText",[]]}
RESULT: {"script":"<script> [6424 bytes]","args":[{"element-6066-11e4-a52e-4f735466cecf":"f.EA19BBC851313D4479D8F918DE7934ED.d.FAAD88DF64EB9B69EE25DEEAA7270BC4.e.2526"},"getText",[]]}
COMMAND: POST /session/182702e4e2b2f92e69599adcb85aed51/element - {"using":"css selector","value":"#shell-header-logo"}
RESULT: {"using":"css selector","value":"#shell-header-logo"}
COMMAND: POST /session/182702e4e2b2f92e69599adcb85aed51/element/f.EA19BBC851313D4479D8F918DE7934ED.d.FAAD88DF64EB9B69EE25DEEAA7270BC4.e.1869/click - {}
RESULT: {}
COMMAND: GET /session/182702e4e2b2f92e69599adcb85aed51/screenshot - {}
RESULT: {}
]]></system-out>
    </testcase>
    <testcase classname="chrome.136_0_7103_93.windows.Webshop_-_Hyperlinks_visible_and_working_properly__US139085" name="Should create a new contract" time="100.62">
      <system-out><![CDATA[
COMMAND: POST /session/182702e4e2b2f92e69599adcb85aed51/execute/async - {"script":"<script> [1562 bytes]","args":[{"selector":{"controlType":"sap.m.GenericTile","properties":{"header":"Manage Contracts"}},"wdio_ui5_key":"sapm.GenericTile{\"header\":\"Manage Contracts\"}"}]}
RESULT: {"script":"<script> [1562 bytes]","args":[{"selector":{"controlType":"sap.m.GenericTile","properties":{"header":"Manage Contracts"}},"wdio_ui5_key":"sapm.GenericTile{\"header\":\"Manage Contracts\"}"}]}
RESULT: undefined
COMMAND: POST /session/182702e4e2b2f92e69599adcb85aed51/element - {"using":"xpath","value":"//*[@id=\"__tile132\"]"}
RESULT: {"using":"xpath","value":"//*[@id=\"__tile132\"]"}
COMMAND: POST /session/182702e4e2b2f92e69599adcb85aed51/element/f.EA19BBC851313D4479D8F918DE7934ED.d.FAAD88DF64EB9B69EE25DEEAA7270BC4.e.2528/click - {}
RESULT: {}
COMMAND: GET /session/182702e4e2b2f92e69599adcb85aed51/screenshot - {}
RESULT: {}
COMMAND: POST /session/182702e4e2b2f92e69599adcb85aed51/elements - {"using":"xpath","value":"//span[text()='Error']"}
RESULT: {"using":"xpath","value":"//span[text()='Error']"}
COMMAND: POST /session/182702e4e2b2f92e69599adcb85aed51/element - {"using":"xpath","value":"//button[@data-kt=\"addButton\"]"}
RESULT: {"using":"xpath","value":"//button[@data-kt=\"addButton\"]"}
COMMAND: POST /session/182702e4e2b2f92e69599adcb85aed51/element/f.EA19BBC851313D4479D8F918DE7934ED.d.FAAD88DF64EB9B69EE25DEEAA7270BC4.e.2575/click - {}
RESULT: {}
COMMAND: GET /session/182702e4e2b2f92e69599adcb85aed51/screenshot - {}
RESULT: {}
COMMAND: POST /session/182702e4e2b2f92e69599adcb85aed51/execute/async - {"script":"<script> [1562 bytes]","args":[{"selector":{"id":"application-managecontracts-display-component---AddNewContract--projectDescription","interaction":{"idSuffix":"inner"}},"wdio_ui5_key":"applicationmanagecontracts-display-component---AddNewContract--projectDescription"}]}
RESULT: {"script":"<script> [1562 bytes]","args":[{"selector":{"id":"application-managecontracts-display-component---AddNewContract--projectDescription","interaction":{"idSuffix":"inner"}},"wdio_ui5_key":"applicationmanagecontracts-display-component---AddNewContract--projectDescription"}]}
RESULT: undefined
COMMAND: POST /session/182702e4e2b2f92e69599adcb85aed51/execute/async - {"script":"<script> [776 bytes]","args":[{"enterText":"WdIOR2csjkm6h","selector":{"id":"application-managecontracts-display-component---AddNewContract--projectDescription","interaction":{"idSuffix":"inner"}},"clearTextFirst":true,"interactionType":"ENTER_TEXT"}]}
RESULT: {"script":"<script> [776 bytes]","args":[{"enterText":"WdIOR2csjkm6h","selector":{"id":"application-managecontracts-display-component---AddNewContract--projectDescription","interaction":{"idSuffix":"inner"}},"clearTextFirst":true,"interactionType":"ENTER_TEXT"}]}
COMMAND: POST /session/182702e4e2b2f92e69599adcb85aed51/element - {"using":"xpath","value":"//input[@id=\"application-managecontracts-display-component---AddNewContract--yardId-inner\"]"}
RESULT: {"using":"xpath","value":"//input[@id=\"application-managecontracts-display-component---AddNewContract--yardId-inner\"]"}
COMMAND: POST /session/182702e4e2b2f92e69599adcb85aed51/element/f.EA19BBC851313D4479D8F918DE7934ED.d.FAAD88DF64EB9B69EE25DEEAA7270BC4.e.2880/clear - {}
RESULT: {}
COMMAND: POST /session/182702e4e2b2f92e69599adcb85aed51/element/f.EA19BBC851313D4479D8F918DE7934ED.d.FAAD88DF64EB9B69EE25DEEAA7270BC4.e.2880/value - {"text":"WebdriverYardffht1"}
COMMAND: GET /session/182702e4e2b2f92e69599adcb85aed51/screenshot - {}
RESULT: {"text":"WebdriverYardffht1"}
COMMAND: GET /session/182702e4e2b2f92e69599adcb85aed51/screenshot - {}
RESULT: {}
RESULT: {}
COMMAND: POST /session/182702e4e2b2f92e69599adcb85aed51/actions - {"actions":[{"id":"action5","type":"key","parameters":{},"actions":[{"type":"keyDown","value":"î€‡"},{"type":"pause","duration":10},{"type":"keyUp","value":"î€‡"}]}]}
RESULT: {"actions":[{"id":"action5","type":"key","parameters":{},"actions":[{"type":"keyDown","value":"î€‡"},{"type":"pause","duration":10},{"type":"keyUp","value":"î€‡"}]}]}
COMMAND: GET /session/182702e4e2b2f92e69599adcb85aed51/screenshot - {}
RESULT: {}
COMMAND: POST /session/182702e4e2b2f92e69599adcb85aed51/element - {"using":"xpath","value":"//input[@id=\"application-managecontracts-display-component---AddNewContract--customerSelect-inner\"]"}
RESULT: {"using":"xpath","value":"//input[@id=\"application-managecontracts-display-component---AddNewContract--customerSelect-inner\"]"}
COMMAND: POST /session/182702e4e2b2f92e69599adcb85aed51/element/f.EA19BBC851313D4479D8F918DE7934ED.d.FAAD88DF64EB9B69EE25DEEAA7270BC4.e.2878/clear - {}
RESULT: {}
COMMAND: POST /session/182702e4e2b2f92e69599adcb85aed51/element/f.EA19BBC851313D4479D8F918DE7934ED.d.FAAD88DF64EB9B69EE25DEEAA7270BC4.e.2878/value - {"text":"WebdriverPartnerwq7nh"}
COMMAND: GET /session/182702e4e2b2f92e69599adcb85aed51/screenshot - {}
RESULT: {"text":"WebdriverPartnerwq7nh"}
COMMAND: GET /session/182702e4e2b2f92e69599adcb85aed51/screenshot - {}
RESULT: {}
RESULT: {}
COMMAND: POST /session/182702e4e2b2f92e69599adcb85aed51/actions - {"actions":[{"id":"action6","type":"key","parameters":{},"actions":[{"type":"keyDown","value":"î€‡"},{"type":"pause","duration":10},{"type":"keyUp","value":"î€‡"}]}]}
RESULT: {"actions":[{"id":"action6","type":"key","parameters":{},"actions":[{"type":"keyDown","value":"î€‡"},{"type":"pause","duration":10},{"type":"keyUp","value":"î€‡"}]}]}
COMMAND: GET /session/182702e4e2b2f92e69599adcb85aed51/screenshot - {}
RESULT: {}
COMMAND: POST /session/182702e4e2b2f92e69599adcb85aed51/element - {"using":"xpath","value":"//input[@id=\"application-managecontracts-display-component---AddNewContract--site-inner\"]"}
RESULT: {"using":"xpath","value":"//input[@id=\"application-managecontracts-display-component---AddNewContract--site-inner\"]"}
COMMAND: POST /session/182702e4e2b2f92e69599adcb85aed51/element/f.EA19BBC851313D4479D8F918DE7934ED.d.FAAD88DF64EB9B69EE25DEEAA7270BC4.e.2879/clear - {}
RESULT: {}
COMMAND: POST /session/182702e4e2b2f92e69599adcb85aed51/element/f.EA19BBC851313D4479D8F918DE7934ED.d.FAAD88DF64EB9B69EE25DEEAA7270BC4.e.2879/value - {"text":"WebdriverSite1zulf"}
COMMAND: GET /session/182702e4e2b2f92e69599adcb85aed51/screenshot - {}
RESULT: {"text":"WebdriverSite1zulf"}
COMMAND: GET /session/182702e4e2b2f92e69599adcb85aed51/screenshot - {}
RESULT: {}
RESULT: {}
COMMAND: POST /session/182702e4e2b2f92e69599adcb85aed51/actions - {"actions":[{"id":"action7","type":"key","parameters":{},"actions":[{"type":"keyDown","value":"î€‡"},{"type":"pause","duration":10},{"type":"keyUp","value":"î€‡"}]}]}
RESULT: {"actions":[{"id":"action7","type":"key","parameters":{},"actions":[{"type":"keyDown","value":"î€‡"},{"type":"pause","duration":10},{"type":"keyUp","value":"î€‡"}]}]}
COMMAND: GET /session/182702e4e2b2f92e69599adcb85aed51/screenshot - {}
RESULT: {}
COMMAND: POST /session/182702e4e2b2f92e69599adcb85aed51/element - {"using":"xpath","value":"//button[@data-kt=\"saveButton\"]"}
RESULT: {"using":"xpath","value":"//button[@data-kt=\"saveButton\"]"}
COMMAND: POST /session/182702e4e2b2f92e69599adcb85aed51/element/f.EA19BBC851313D4479D8F918DE7934ED.d.FAAD88DF64EB9B69EE25DEEAA7270BC4.e.2918/click - {}
RESULT: {}
COMMAND: GET /session/182702e4e2b2f92e69599adcb85aed51/screenshot - {}
RESULT: {}
COMMAND: POST /session/182702e4e2b2f92e69599adcb85aed51/execute/async - {"script":"<script> [1562 bytes]","args":[{"selector":{"id":"contractDetailTitleNoExpanded","viewName":"etm.portal.ui.managecontracts.view.Detail"},"wdio_ui5_key":"contractDetailTitleNoExpandedetmportal.ui.managecontracts.view.Detail"}]}
RESULT: {"script":"<script> [1562 bytes]","args":[{"selector":{"id":"contractDetailTitleNoExpanded","viewName":"etm.portal.ui.managecontracts.view.Detail"},"wdio_ui5_key":"contractDetailTitleNoExpandedetmportal.ui.managecontracts.view.Detail"}]}
RESULT: undefined
COMMAND: POST /session/182702e4e2b2f92e69599adcb85aed51/execute/async - {"script":"<script> [6424 bytes]","args":[{"element-6066-11e4-a52e-4f735466cecf":"f.EA19BBC851313D4479D8F918DE7934ED.d.FAAD88DF64EB9B69EE25DEEAA7270BC4.e.2990"},"getText",[]]}
RESULT: {"script":"<script> [6424 bytes]","args":[{"element-6066-11e4-a52e-4f735466cecf":"f.EA19BBC851313D4479D8F918DE7934ED.d.FAAD88DF64EB9B69EE25DEEAA7270BC4.e.2990"},"getText",[]]}
COMMAND: POST /session/182702e4e2b2f92e69599adcb85aed51/element - {"using":"css selector","value":"#shell-header-logo"}
RESULT: {"using":"css selector","value":"#shell-header-logo"}
COMMAND: POST /session/182702e4e2b2f92e69599adcb85aed51/element/f.EA19BBC851313D4479D8F918DE7934ED.d.FAAD88DF64EB9B69EE25DEEAA7270BC4.e.2531/click - {}
RESULT: {}
COMMAND: GET /session/182702e4e2b2f92e69599adcb85aed51/screenshot - {}
RESULT: {}
]]></system-out>
    </testcase>
    <testcase classname="chrome.136_0_7103_93.windows.Webshop_-_Hyperlinks_visible_and_working_properly__US139085" name="Should create a new webshop request and verify yard hyperlinks" time="233.534">
      <system-out><![CDATA[
COMMAND: POST /session/182702e4e2b2f92e69599adcb85aed51/execute/async - {"script":"<script> [1562 bytes]","args":[{"selector":{"controlType":"sap.m.GenericTile","properties":{"header":"Webshop"}},"wdio_ui5_key":"sapm.GenericTile{\"header\":\"Webshop\"}"}]}
RESULT: {"script":"<script> [1562 bytes]","args":[{"selector":{"controlType":"sap.m.GenericTile","properties":{"header":"Webshop"}},"wdio_ui5_key":"sapm.GenericTile{\"header\":\"Webshop\"}"}]}
RESULT: undefined
COMMAND: POST /session/182702e4e2b2f92e69599adcb85aed51/element - {"using":"xpath","value":"//*[@id=\"__tile49\"]"}
RESULT: {"using":"xpath","value":"//*[@id=\"__tile49\"]"}
COMMAND: POST /session/182702e4e2b2f92e69599adcb85aed51/element/f.EA19BBC851313D4479D8F918DE7934ED.d.FAAD88DF64EB9B69EE25DEEAA7270BC4.e.2993/click - {}
RESULT: {}
COMMAND: GET /session/182702e4e2b2f92e69599adcb85aed51/screenshot - {}
RESULT: {}
COMMAND: POST /session/182702e4e2b2f92e69599adcb85aed51/elements - {"using":"xpath","value":"//span[text()='Error']"}
RESULT: {"using":"xpath","value":"//span[text()='Error']"}
COMMAND: POST /session/182702e4e2b2f92e69599adcb85aed51/element - {"using":"css selector","value":"#requestCreationDialog--createRequestPopUp-title-inner"}
RESULT: {"using":"css selector","value":"#requestCreationDialog--createRequestPopUp-title-inner"}
COMMAND: POST /session/182702e4e2b2f92e69599adcb85aed51/execute/sync - {"script":"<script> [8489 bytes]","args":[{"element-6066-11e4-a52e-4f735466cecf":"f.EA19BBC851313D4479D8F918DE7934ED.d.FAAD88DF64EB9B69EE25DEEAA7270BC4.e.3019","ELEMENT":"f.EA19BBC851313D4479D8F918DE7934ED.d.FAAD88DF64EB9B69EE25DEEAA7270BC4.e.3019"}]}
RESULT: {"script":"<script> [8489 bytes]","args":[{"element-6066-11e4-a52e-4f735466cecf":"f.EA19BBC851313D4479D8F918DE7934ED.d.FAAD88DF64EB9B69EE25DEEAA7270BC4.e.3019","ELEMENT":"f.EA19BBC851313D4479D8F918DE7934ED.d.FAAD88DF64EB9B69EE25DEEAA7270BC4.e.3019"}]}
COMMAND: GET /session/182702e4e2b2f92e69599adcb85aed51/element/f.EA19BBC851313D4479D8F918DE7934ED.d.FAAD88DF64EB9B69EE25DEEAA7270BC4.e.3019/enabled - {}
COMMAND: GET /session/182702e4e2b2f92e69599adcb85aed51/screenshot - {}
RESULT: {}
COMMAND: POST /session/182702e4e2b2f92e69599adcb85aed51/execute/async - {"script":"<script> [1562 bytes]","args":[{"selector":{"id":"requestCreationDialog--requestName","searchOpenDialogs":true,"interaction":{"idSuffix":"inner"}},"wdio_ui5_key":"requestCreationDialogrequestName"}]}
COMMAND: GET /session/182702e4e2b2f92e69599adcb85aed51/screenshot - {}
RESULT: {}
RESULT: {"script":"<script> [1562 bytes]","args":[{"selector":{"id":"requestCreationDialog--requestName","searchOpenDialogs":true,"interaction":{"idSuffix":"inner"}},"wdio_ui5_key":"requestCreationDialogrequestName"}]}
RESULT: undefined
COMMAND: POST /session/182702e4e2b2f92e69599adcb85aed51/execute/async - {"script":"<script> [776 bytes]","args":[{"enterText":"WebdriverTest","selector":{"id":"requestCreationDialog--requestName","searchOpenDialogs":true,"interaction":{"idSuffix":"inner"}},"clearTextFirst":true,"interactionType":"ENTER_TEXT"}]}
RESULT: {}
RESULT: {"script":"<script> [776 bytes]","args":[{"enterText":"WebdriverTest","selector":{"id":"requestCreationDialog--requestName","searchOpenDialogs":true,"interaction":{"idSuffix":"inner"}},"clearTextFirst":true,"interactionType":"ENTER_TEXT"}]}
COMMAND: POST /session/182702e4e2b2f92e69599adcb85aed51/element - {"using":"xpath","value":"//input[contains(@id ,\"requestCreationDialog--contract-inner\")]"}
RESULT: {"using":"xpath","value":"//input[contains(@id ,\"requestCreationDialog--contract-inner\")]"}
COMMAND: POST /session/182702e4e2b2f92e69599adcb85aed51/element/f.EA19BBC851313D4479D8F918DE7934ED.d.FAAD88DF64EB9B69EE25DEEAA7270BC4.e.3006/clear - {}
RESULT: {}
COMMAND: POST /session/182702e4e2b2f92e69599adcb85aed51/element/f.EA19BBC851313D4479D8F918DE7934ED.d.FAAD88DF64EB9B69EE25DEEAA7270BC4.e.3006/value - {"text":"10261"}
COMMAND: GET /session/182702e4e2b2f92e69599adcb85aed51/screenshot - {}
RESULT: {"text":"10261"}
COMMAND: GET /session/182702e4e2b2f92e69599adcb85aed51/screenshot - {}
RESULT: {}
RESULT: {}
COMMAND: POST /session/182702e4e2b2f92e69599adcb85aed51/actions - {"actions":[{"id":"action8","type":"key","parameters":{},"actions":[{"type":"keyDown","value":"î€‡"},{"type":"pause","duration":10},{"type":"keyUp","value":"î€‡"}]}]}
RESULT: {"actions":[{"id":"action8","type":"key","parameters":{},"actions":[{"type":"keyDown","value":"î€‡"},{"type":"pause","duration":10},{"type":"keyUp","value":"î€‡"}]}]}
COMMAND: GET /session/182702e4e2b2f92e69599adcb85aed51/screenshot - {}
RESULT: {}
COMMAND: POST /session/182702e4e2b2f92e69599adcb85aed51/element - {"using":"xpath","value":"//input[contains(@id ,\"requestCreationDialog--contract-inner\")]"}
RESULT: {"using":"xpath","value":"//input[contains(@id ,\"requestCreationDialog--contract-inner\")]"}
COMMAND: GET /session/182702e4e2b2f92e69599adcb85aed51/element/f.EA19BBC851313D4479D8F918DE7934ED.d.FAAD88DF64EB9B69EE25DEEAA7270BC4.e.3006/property/value - {}
RESULT: {}
COMMAND: POST /session/182702e4e2b2f92e69599adcb85aed51/element - {"using":"xpath","value":"//input[contains(@id ,\"requestCreationDialog--contract-inner\")]"}
COMMAND: GET /session/182702e4e2b2f92e69599adcb85aed51/screenshot - {}
RESULT: {"using":"xpath","value":"//input[contains(@id ,\"requestCreationDialog--contract-inner\")]"}
COMMAND: POST /session/182702e4e2b2f92e69599adcb85aed51/execute/async - {"script":"<script> [1562 bytes]","args":[{"selector":{"id":"requestCreationDialog--okButton","searchOpenDialogs":true,"interaction":{"idSuffix":"BDI-content"}},"wdio_ui5_key":"requestCreationDialogokButton"}]}
RESULT: {}
RESULT: {"script":"<script> [1562 bytes]","args":[{"selector":{"id":"requestCreationDialog--okButton","searchOpenDialogs":true,"interaction":{"idSuffix":"BDI-content"}},"wdio_ui5_key":"requestCreationDialogokButton"}]}
RESULT: undefined
COMMAND: POST /session/182702e4e2b2f92e69599adcb85aed51/element - {"using":"xpath","value":"//*[@id=\"requestCreationDialog--okButton\"]"}
RESULT: {"using":"xpath","value":"//*[@id=\"requestCreationDialog--okButton\"]"}
COMMAND: POST /session/182702e4e2b2f92e69599adcb85aed51/element/f.EA19BBC851313D4479D8F918DE7934ED.d.FAAD88DF64EB9B69EE25DEEAA7270BC4.e.3029/click - {}
RESULT: {}
COMMAND: GET /session/182702e4e2b2f92e69599adcb85aed51/screenshot - {}
RESULT: {}
COMMAND: POST /session/182702e4e2b2f92e69599adcb85aed51/element - {"using":"xpath","value":"//input[contains(@id ,\"searchFiledId-I\")]"}
RESULT: {"using":"xpath","value":"//input[contains(@id ,\"searchFiledId-I\")]"}
COMMAND: POST /session/182702e4e2b2f92e69599adcb85aed51/element/f.EA19BBC851313D4479D8F918DE7934ED.d.FAAD88DF64EB9B69EE25DEEAA7270BC4.e.2998/value - {"text":"Dri-Prime CD150M Diesel Pump"}
RESULT: {"text":"Dri-Prime CD150M Diesel Pump"}
COMMAND: POST /session/182702e4e2b2f92e69599adcb85aed51/actions - {"actions":[{"id":"action9","type":"key","parameters":{},"actions":[{"type":"keyDown","value":"î€‡"},{"type":"pause","duration":10},{"type":"keyUp","value":"î€‡"}]}]}
COMMAND: GET /session/182702e4e2b2f92e69599adcb85aed51/screenshot - {}
RESULT: {"actions":[{"id":"action9","type":"key","parameters":{},"actions":[{"type":"keyDown","value":"î€‡"},{"type":"pause","duration":10},{"type":"keyUp","value":"î€‡"}]}]}
COMMAND: GET /session/182702e4e2b2f92e69599adcb85aed51/screenshot - {}
RESULT: {}
RESULT: {}
COMMAND: POST /session/182702e4e2b2f92e69599adcb85aed51/element - {"using":"xpath","value":"//span[contains(@id ,\"subTitle\")][contains(text(), \"Dri-Prime CD150M Diesel Pump\")]"}
RESULT: {"using":"xpath","value":"//span[contains(@id ,\"subTitle\")][contains(text(), \"Dri-Prime CD150M Diesel Pump\")]"}
COMMAND: POST /session/182702e4e2b2f92e69599adcb85aed51/element/f.EA19BBC851313D4479D8F918DE7934ED.d.FAAD88DF64EB9B69EE25DEEAA7270BC4.e.3037/click - {}
RESULT: {}
COMMAND: GET /session/182702e4e2b2f92e69599adcb85aed51/screenshot - {}
RESULT: {}
COMMAND: POST /session/182702e4e2b2f92e69599adcb85aed51/execute/async - {"script":"<script> [1562 bytes]","args":[{"selector":{"controlType":"sap.m.Button","viewName":"etm.portal.ui.webshop.view.Homepage","i18NText":{"propertyName":"text","key":"addToRequest"},"interaction":{"idSuffix":"BDI-content"}},"wdio_ui5_key":"etmportal.ui.webshop.view.Homepagesap.m.Button{\"propertyName\":\"text\",\"key\":\"addToRequest\"}"}]}
RESULT: {"script":"<script> [1562 bytes]","args":[{"selector":{"controlType":"sap.m.Button","viewName":"etm.portal.ui.webshop.view.Homepage","i18NText":{"propertyName":"text","key":"addToRequest"},"interaction":{"idSuffix":"BDI-content"}},"wdio_ui5_key":"etmportal.ui.webshop.view.Homepagesap.m.Button{\"propertyName\":\"text\",\"key\":\"addToRequest\"}"}]}
RESULT: undefined
COMMAND: POST /session/182702e4e2b2f92e69599adcb85aed51/element - {"using":"xpath","value":"//*[@id=\"__button122\"]"}
RESULT: {"using":"xpath","value":"//*[@id=\"__button122\"]"}
COMMAND: POST /session/182702e4e2b2f92e69599adcb85aed51/element/f.EA19BBC851313D4479D8F918DE7934ED.d.FAAD88DF64EB9B69EE25DEEAA7270BC4.e.3050/click - {}
RESULT: {}
COMMAND: GET /session/182702e4e2b2f92e69599adcb85aed51/screenshot - {}
RESULT: {}
COMMAND: POST /session/182702e4e2b2f92e69599adcb85aed51/element - {"using":"xpath","value":"//*[contains(@id ,\"activeCartId-BDI-content\")]"}
RESULT: {"using":"xpath","value":"//*[contains(@id ,\"activeCartId-BDI-content\")]"}
COMMAND: POST /session/182702e4e2b2f92e69599adcb85aed51/element/f.EA19BBC851313D4479D8F918DE7934ED.d.FAAD88DF64EB9B69EE25DEEAA7270BC4.e.3056/click - {}
RESULT: {}
COMMAND: GET /session/182702e4e2b2f92e69599adcb85aed51/screenshot - {}
RESULT: {}
COMMAND: POST /session/182702e4e2b2f92e69599adcb85aed51/element - {"using":"xpath","value":"//bdi[contains(text(), \"Check out my request\")]"}
RESULT: {"using":"xpath","value":"//bdi[contains(text(), \"Check out my request\")]"}
COMMAND: POST /session/182702e4e2b2f92e69599adcb85aed51/element/f.EA19BBC851313D4479D8F918DE7934ED.d.FAAD88DF64EB9B69EE25DEEAA7270BC4.e.3060/click - {}
RESULT: {}
COMMAND: GET /session/182702e4e2b2f92e69599adcb85aed51/screenshot - {}
RESULT: {}
COMMAND: POST /session/182702e4e2b2f92e69599adcb85aed51/element - {"using":"xpath","value":"//*[contains(@data-kt ,\"webshopDetailYardLink\")]"}
RESULT: {"using":"xpath","value":"//*[contains(@data-kt ,\"webshopDetailYardLink\")]"}
COMMAND: POST /session/182702e4e2b2f92e69599adcb85aed51/element/f.EA19BBC851313D4479D8F918DE7934ED.d.FAAD88DF64EB9B69EE25DEEAA7270BC4.e.3082/click - {}
RESULT: {}
COMMAND: POST /session/182702e4e2b2f92e69599adcb85aed51/element - {"using":"xpath","value":"//*[contains(@data-kt ,\"ContextMenuId2Link\")][contains(text(), \"Yard Overview\")]"}
COMMAND: GET /session/182702e4e2b2f92e69599adcb85aed51/screenshot - {}
RESULT: {"using":"xpath","value":"//*[contains(@data-kt ,\"ContextMenuId2Link\")][contains(text(), \"Yard Overview\")]"}
COMMAND: POST /session/182702e4e2b2f92e69599adcb85aed51/execute/sync - {"script":"<script> [8489 bytes]","args":[{"element-6066-11e4-a52e-4f735466cecf":"f.EA19BBC851313D4479D8F918DE7934ED.d.FAAD88DF64EB9B69EE25DEEAA7270BC4.e.3085","ELEMENT":"f.EA19BBC851313D4479D8F918DE7934ED.d.FAAD88DF64EB9B69EE25DEEAA7270BC4.e.3085"}]}
COMMAND: POST /session/182702e4e2b2f92e69599adcb85aed51/element - {"using":"xpath","value":"//*[contains(@data-kt ,\"ContextMenuId3Link\")][contains(text(), \"Yard Main Address\")]"}
RESULT: {}
RESULT: {"script":"<script> [8489 bytes]","args":[{"element-6066-11e4-a52e-4f735466cecf":"f.EA19BBC851313D4479D8F918DE7934ED.d.FAAD88DF64EB9B69EE25DEEAA7270BC4.e.3085","ELEMENT":"f.EA19BBC851313D4479D8F918DE7934ED.d.FAAD88DF64EB9B69EE25DEEAA7270BC4.e.3085"}]}
COMMAND: GET /session/182702e4e2b2f92e69599adcb85aed51/screenshot - {}
RESULT: {"using":"xpath","value":"//*[contains(@data-kt ,\"ContextMenuId3Link\")][contains(text(), \"Yard Main Address\")]"}
COMMAND: POST /session/182702e4e2b2f92e69599adcb85aed51/execute/sync - {"script":"<script> [8489 bytes]","args":[{"element-6066-11e4-a52e-4f735466cecf":"f.EA19BBC851313D4479D8F918DE7934ED.d.FAAD88DF64EB9B69EE25DEEAA7270BC4.e.3086","ELEMENT":"f.EA19BBC851313D4479D8F918DE7934ED.d.FAAD88DF64EB9B69EE25DEEAA7270BC4.e.3086"}]}
COMMAND: POST /session/182702e4e2b2f92e69599adcb85aed51/element - {"using":"xpath","value":"//*[contains(@data-kt ,\"ContextMenuId2Link\")][contains(text(), \"Yard Overview\")]"}
RESULT: {}
RESULT: {"using":"xpath","value":"//*[contains(@data-kt ,\"ContextMenuId2Link\")][contains(text(), \"Yard Overview\")]"}
COMMAND: POST /session/182702e4e2b2f92e69599adcb85aed51/element/f.EA19BBC851313D4479D8F918DE7934ED.d.FAAD88DF64EB9B69EE25DEEAA7270BC4.e.3085/click - {}
RESULT: {"script":"<script> [8489 bytes]","args":[{"element-6066-11e4-a52e-4f735466cecf":"f.EA19BBC851313D4479D8F918DE7934ED.d.FAAD88DF64EB9B69EE25DEEAA7270BC4.e.3086","ELEMENT":"f.EA19BBC851313D4479D8F918DE7934ED.d.FAAD88DF64EB9B69EE25DEEAA7270BC4.e.3086"}]}
COMMAND: GET /session/182702e4e2b2f92e69599adcb85aed51/screenshot - {}
RESULT: {}
COMMAND: GET /session/182702e4e2b2f92e69599adcb85aed51/screenshot - {}
RESULT: {}
RESULT: {}
COMMAND: POST /session/182702e4e2b2f92e69599adcb85aed51/execute/async - {"script":"<script> [1562 bytes]","args":[{"selector":{"id":"shellAppTitle"},"wdio_ui5_key":"shellAppTitle"}]}
RESULT: {"script":"<script> [1562 bytes]","args":[{"selector":{"id":"shellAppTitle"},"wdio_ui5_key":"shellAppTitle"}]}
RESULT: undefined
COMMAND: POST /session/182702e4e2b2f92e69599adcb85aed51/execute/async - {"script":"<script> [6424 bytes]","args":[{"element-6066-11e4-a52e-4f735466cecf":"f.EA19BBC851313D4479D8F918DE7934ED.d.FAAD88DF64EB9B69EE25DEEAA7270BC4.e.3134"},"getTitle",[]]}
RESULT: {"script":"<script> [6424 bytes]","args":[{"element-6066-11e4-a52e-4f735466cecf":"f.EA19BBC851313D4479D8F918DE7934ED.d.FAAD88DF64EB9B69EE25DEEAA7270BC4.e.3134"},"getTitle",[]]}
COMMAND: POST /session/182702e4e2b2f92e69599adcb85aed51/element - {"using":"xpath","value":"//span[contains(@id ,\"title\")][contains(text(), \"WebdriverYardffht1\")]"}
RESULT: {"using":"xpath","value":"//span[contains(@id ,\"title\")][contains(text(), \"WebdriverYardffht1\")]"}
COMMAND: POST /session/182702e4e2b2f92e69599adcb85aed51/execute/sync - {"script":"<script> [8489 bytes]","args":[{"element-6066-11e4-a52e-4f735466cecf":"f.EA19BBC851313D4479D8F918DE7934ED.d.FAAD88DF64EB9B69EE25DEEAA7270BC4.e.3135","ELEMENT":"f.EA19BBC851313D4479D8F918DE7934ED.d.FAAD88DF64EB9B69EE25DEEAA7270BC4.e.3135"}]}
COMMAND: POST /session/182702e4e2b2f92e69599adcb85aed51/execute/async - {"script":"<script> [1562 bytes]","args":[{"selector":{"id":"backBtn"},"wdio_ui5_key":"backBtn"}]}
RESULT: {"script":"<script> [8489 bytes]","args":[{"element-6066-11e4-a52e-4f735466cecf":"f.EA19BBC851313D4479D8F918DE7934ED.d.FAAD88DF64EB9B69EE25DEEAA7270BC4.e.3135","ELEMENT":"f.EA19BBC851313D4479D8F918DE7934ED.d.FAAD88DF64EB9B69EE25DEEAA7270BC4.e.3135"}]}
COMMAND: GET /session/182702e4e2b2f92e69599adcb85aed51/screenshot - {}
RESULT: {"script":"<script> [1562 bytes]","args":[{"selector":{"id":"backBtn"},"wdio_ui5_key":"backBtn"}]}
RESULT: undefined
COMMAND: POST /session/182702e4e2b2f92e69599adcb85aed51/element - {"using":"xpath","value":"//*[@id=\"backBtn\"]"}
COMMAND: POST /session/182702e4e2b2f92e69599adcb85aed51/execute/sync - {"script":"<script> [8489 bytes]","args":[{"element-6066-11e4-a52e-4f735466cecf":"f.EA19BBC851313D4479D8F918DE7934ED.d.FAAD88DF64EB9B69EE25DEEAA7270BC4.e.3135","ELEMENT":"f.EA19BBC851313D4479D8F918DE7934ED.d.FAAD88DF64EB9B69EE25DEEAA7270BC4.e.3135"}]}
RESULT: {}
RESULT: {"using":"xpath","value":"//*[@id=\"backBtn\"]"}
COMMAND: POST /session/182702e4e2b2f92e69599adcb85aed51/element/f.EA19BBC851313D4479D8F918DE7934ED.d.FAAD88DF64EB9B69EE25DEEAA7270BC4.e.3136/click - {}
RESULT: {"script":"<script> [8489 bytes]","args":[{"element-6066-11e4-a52e-4f735466cecf":"f.EA19BBC851313D4479D8F918DE7934ED.d.FAAD88DF64EB9B69EE25DEEAA7270BC4.e.3135","ELEMENT":"f.EA19BBC851313D4479D8F918DE7934ED.d.FAAD88DF64EB9B69EE25DEEAA7270BC4.e.3135"}]}
COMMAND: GET /session/182702e4e2b2f92e69599adcb85aed51/screenshot - {}
RESULT: {}
COMMAND: GET /session/182702e4e2b2f92e69599adcb85aed51/screenshot - {}
COMMAND: POST /session/182702e4e2b2f92e69599adcb85aed51/execute/sync - {"script":"<script> [8489 bytes]","args":[{"element-6066-11e4-a52e-4f735466cecf":"f.EA19BBC851313D4479D8F918DE7934ED.d.FAAD88DF64EB9B69EE25DEEAA7270BC4.e.3135","ELEMENT":"f.EA19BBC851313D4479D8F918DE7934ED.d.FAAD88DF64EB9B69EE25DEEAA7270BC4.e.3135"}]}
RESULT: {}
RESULT: {}
COMMAND: POST /session/182702e4e2b2f92e69599adcb85aed51/element - {"using":"xpath","value":"//span[contains(@id ,\"title\")][contains(text(), \"WebdriverYardffht1\")]"}
RESULT: {"using":"xpath","value":"//span[contains(@id ,\"title\")][contains(text(), \"WebdriverYardffht1\")]"}
COMMAND: POST /session/182702e4e2b2f92e69599adcb85aed51/element - {"using":"xpath","value":"//span[contains(@id ,\"title\")][contains(text(), \"WebdriverYardffht1\")]"}
RESULT: {"using":"xpath","value":"//span[contains(@id ,\"title\")][contains(text(), \"WebdriverYardffht1\")]"}
COMMAND: POST /session/182702e4e2b2f92e69599adcb85aed51/element - {"using":"xpath","value":"//span[contains(@id ,\"title\")][contains(text(), \"WebdriverYardffht1\")]"}
RESULT: {"using":"xpath","value":"//span[contains(@id ,\"title\")][contains(text(), \"WebdriverYardffht1\")]"}
COMMAND: POST /session/182702e4e2b2f92e69599adcb85aed51/element - {"using":"xpath","value":"//span[contains(@id ,\"title\")][contains(text(), \"WebdriverYardffht1\")]"}
RESULT: {"using":"xpath","value":"//span[contains(@id ,\"title\")][contains(text(), \"WebdriverYardffht1\")]"}
COMMAND: POST /session/182702e4e2b2f92e69599adcb85aed51/element - {"using":"xpath","value":"//span[contains(@id ,\"title\")][contains(text(), \"WebdriverYardffht1\")]"}
RESULT: {"using":"xpath","value":"//span[contains(@id ,\"title\")][contains(text(), \"WebdriverYardffht1\")]"}
COMMAND: POST /session/182702e4e2b2f92e69599adcb85aed51/element - {"using":"xpath","value":"//span[contains(@id ,\"title\")][contains(text(), \"WebdriverYardffht1\")]"}
RESULT: {"using":"xpath","value":"//span[contains(@id ,\"title\")][contains(text(), \"WebdriverYardffht1\")]"}
COMMAND: POST /session/182702e4e2b2f92e69599adcb85aed51/element - {"using":"xpath","value":"//span[contains(@id ,\"title\")][contains(text(), \"WebdriverYardffht1\")]"}
RESULT: {"using":"xpath","value":"//span[contains(@id ,\"title\")][contains(text(), \"WebdriverYardffht1\")]"}
COMMAND: POST /session/182702e4e2b2f92e69599adcb85aed51/element - {"using":"xpath","value":"//span[contains(@id ,\"title\")][contains(text(), \"WebdriverYardffht1\")]"}
RESULT: {"using":"xpath","value":"//span[contains(@id ,\"title\")][contains(text(), \"WebdriverYardffht1\")]"}
COMMAND: POST /session/182702e4e2b2f92e69599adcb85aed51/element - {"using":"xpath","value":"//span[contains(@id ,\"title\")][contains(text(), \"WebdriverYardffht1\")]"}
RESULT: {"using":"xpath","value":"//span[contains(@id ,\"title\")][contains(text(), \"WebdriverYardffht1\")]"}
COMMAND: POST /session/182702e4e2b2f92e69599adcb85aed51/element - {"using":"xpath","value":"//*[contains(@data-kt ,\"webshopDetailYardLink\")]"}
RESULT: {"using":"xpath","value":"//*[contains(@data-kt ,\"webshopDetailYardLink\")]"}
COMMAND: POST /session/182702e4e2b2f92e69599adcb85aed51/execute/sync - {"script":"<script> [8489 bytes]","args":[{"element-6066-11e4-a52e-4f735466cecf":"f.EA19BBC851313D4479D8F918DE7934ED.d.FAAD88DF64EB9B69EE25DEEAA7270BC4.e.3328","ELEMENT":"f.EA19BBC851313D4479D8F918DE7934ED.d.FAAD88DF64EB9B69EE25DEEAA7270BC4.e.3328"}]}
RESULT: {"script":"<script> [8489 bytes]","args":[{"element-6066-11e4-a52e-4f735466cecf":"f.EA19BBC851313D4479D8F918DE7934ED.d.FAAD88DF64EB9B69EE25DEEAA7270BC4.e.3328","ELEMENT":"f.EA19BBC851313D4479D8F918DE7934ED.d.FAAD88DF64EB9B69EE25DEEAA7270BC4.e.3328"}]}
COMMAND: POST /session/182702e4e2b2f92e69599adcb85aed51/execute/sync - {"script":"<script> [5351 bytes]","args":[{"element-6066-11e4-a52e-4f735466cecf":"f.EA19BBC851313D4479D8F918DE7934ED.d.FAAD88DF64EB9B69EE25DEEAA7270BC4.e.3328","ELEMENT":"f.EA19BBC851313D4479D8F918DE7934ED.d.FAAD88DF64EB9B69EE25DEEAA7270BC4.e.3328"}]}
COMMAND: GET /session/182702e4e2b2f92e69599adcb85aed51/screenshot - {}
RESULT: {"script":"<script> [5351 bytes]","args":[{"element-6066-11e4-a52e-4f735466cecf":"f.EA19BBC851313D4479D8F918DE7934ED.d.FAAD88DF64EB9B69EE25DEEAA7270BC4.e.3328","ELEMENT":"f.EA19BBC851313D4479D8F918DE7934ED.d.FAAD88DF64EB9B69EE25DEEAA7270BC4.e.3328"}]}
COMMAND: POST /session/182702e4e2b2f92e69599adcb85aed51/element - {"using":"xpath","value":"//*[contains(@data-kt ,\"webshopDetailYardLink\")]"}
COMMAND: GET /session/182702e4e2b2f92e69599adcb85aed51/screenshot - {}
RESULT: {}
RESULT: {"using":"xpath","value":"//*[contains(@data-kt ,\"webshopDetailYardLink\")]"}
COMMAND: POST /session/182702e4e2b2f92e69599adcb85aed51/element/f.EA19BBC851313D4479D8F918DE7934ED.d.FAAD88DF64EB9B69EE25DEEAA7270BC4.e.3328/click - {}
COMMAND: POST /session/182702e4e2b2f92e69599adcb85aed51/element - {"using":"xpath","value":"//span[contains(@id ,\"title\")][contains(text(), \"WebdriverYardffht1\")]"}
RESULT: {}
RESULT: {}
COMMAND: GET /session/182702e4e2b2f92e69599adcb85aed51/screenshot - {}
RESULT: {"using":"xpath","value":"//span[contains(@id ,\"title\")][contains(text(), \"WebdriverYardffht1\")]"}
COMMAND: POST /session/182702e4e2b2f92e69599adcb85aed51/execute/sync - {"script":"<script> [8489 bytes]","args":[{"element-6066-11e4-a52e-4f735466cecf":"f.EA19BBC851313D4479D8F918DE7934ED.d.FAAD88DF64EB9B69EE25DEEAA7270BC4.e.3330","ELEMENT":"f.EA19BBC851313D4479D8F918DE7934ED.d.FAAD88DF64EB9B69EE25DEEAA7270BC4.e.3330"}]}
RESULT: {}
RESULT: {"script":"<script> [8489 bytes]","args":[{"element-6066-11e4-a52e-4f735466cecf":"f.EA19BBC851313D4479D8F918DE7934ED.d.FAAD88DF64EB9B69EE25DEEAA7270BC4.e.3330","ELEMENT":"f.EA19BBC851313D4479D8F918DE7934ED.d.FAAD88DF64EB9B69EE25DEEAA7270BC4.e.3330"}]}
COMMAND: GET /session/182702e4e2b2f92e69599adcb85aed51/screenshot - {}
RESULT: {}
COMMAND: POST /session/182702e4e2b2f92e69599adcb85aed51/element - {"using":"xpath","value":"//*[contains(@data-kt ,\"ContextMenuId3Link\")][contains(text(), \"Yard Main Address\")]"}
RESULT: {"using":"xpath","value":"//*[contains(@data-kt ,\"ContextMenuId3Link\")][contains(text(), \"Yard Main Address\")]"}
COMMAND: POST /session/182702e4e2b2f92e69599adcb85aed51/element/f.EA19BBC851313D4479D8F918DE7934ED.d.FAAD88DF64EB9B69EE25DEEAA7270BC4.e.3331/click - {}
RESULT: {}
COMMAND: GET /session/182702e4e2b2f92e69599adcb85aed51/screenshot - {}
RESULT: {}
COMMAND: POST /session/182702e4e2b2f92e69599adcb85aed51/execute/async - {"script":"<script> [1562 bytes]","args":[{"selector":{"id":"application-addressmanagement-display-component---masterAdm--title1"},"wdio_ui5_key":"applicationaddressmanagement-display-component---masterAdm--title1"}]}
RESULT: {"script":"<script> [1562 bytes]","args":[{"selector":{"id":"application-addressmanagement-display-component---masterAdm--title1"},"wdio_ui5_key":"applicationaddressmanagement-display-component---masterAdm--title1"}]}
RESULT: undefined
COMMAND: POST /session/182702e4e2b2f92e69599adcb85aed51/execute/async - {"script":"<script> [6424 bytes]","args":[{"element-6066-11e4-a52e-4f735466cecf":"f.EA19BBC851313D4479D8F918DE7934ED.d.FAAD88DF64EB9B69EE25DEEAA7270BC4.e.3627"},"getText",[]]}
RESULT: {"script":"<script> [6424 bytes]","args":[{"element-6066-11e4-a52e-4f735466cecf":"f.EA19BBC851313D4479D8F918DE7934ED.d.FAAD88DF64EB9B69EE25DEEAA7270BC4.e.3627"},"getText",[]]}
COMMAND: POST /session/182702e4e2b2f92e69599adcb85aed51/element - {"using":"xpath","value":"//span[contains(text(), \"WebdriverYardjjtihg\")][contains(@id ,\"application-addressmanagement-display-component---detailAdm--addressDetailDetailsName1\")]"}
RESULT: {"using":"xpath","value":"//span[contains(text(), \"WebdriverYardjjtihg\")][contains(@id ,\"application-addressmanagement-display-component---detailAdm--addressDetailDetailsName1\")]"}
COMMAND: POST /session/182702e4e2b2f92e69599adcb85aed51/element - {"using":"xpath","value":"//span[contains(text(), \"WebdriverYardjjtihg\")][contains(@id ,\"application-addressmanagement-display-component---detailAdm--addressDetailDetailsName1\")]"}
RESULT: undefined
COMMAND: POST /session/182702e4e2b2f92e69599adcb85aed51/element - {"using":"xpath","value":"//*[@id=\"backBtn\"]"}
RESULT: {"using":"xpath","value":"//span[contains(text(), \"WebdriverYardjjtihg\")][contains(@id ,\"application-addressmanagement-display-component---detailAdm--addressDetailDetailsName1\")]"}
RESULT: {"using":"xpath","value":"//*[@id=\"backBtn\"]"}
COMMAND: POST /session/182702e4e2b2f92e69599adcb85aed51/element/f.EA19BBC851313D4479D8F918DE7934ED.d.FAAD88DF64EB9B69EE25DEEAA7270BC4.e.3136/click - {}
COMMAND: POST /session/182702e4e2b2f92e69599adcb85aed51/element - {"using":"xpath","value":"//span[contains(text(), \"WebdriverYardjjtihg\")][contains(@id ,\"application-addressmanagement-display-component---detailAdm--addressDetailDetailsName1\")]"}
RESULT: {}
COMMAND: GET /session/182702e4e2b2f92e69599adcb85aed51/screenshot - {}
RESULT: {"using":"xpath","value":"//span[contains(text(), \"WebdriverYardjjtihg\")][contains(@id ,\"application-addressmanagement-display-component---detailAdm--addressDetailDetailsName1\")]"}
COMMAND: POST /session/182702e4e2b2f92e69599adcb85aed51/element - {"using":"xpath","value":"//span[contains(text(), \"WebdriverYardjjtihg\")][contains(@id ,\"application-addressmanagement-display-component---detailAdm--addressDetailDetailsName1\")]"}
RESULT: {}
RESULT: {"using":"xpath","value":"//span[contains(text(), \"WebdriverYardjjtihg\")][contains(@id ,\"application-addressmanagement-display-component---detailAdm--addressDetailDetailsName1\")]"}
COMMAND: POST /session/182702e4e2b2f92e69599adcb85aed51/element - {"using":"xpath","value":"//span[contains(text(), \"WebdriverYardjjtihg\")][contains(@id ,\"application-addressmanagement-display-component---detailAdm--addressDetailDetailsName1\")]"}
RESULT: {"using":"xpath","value":"//span[contains(text(), \"WebdriverYardjjtihg\")][contains(@id ,\"application-addressmanagement-display-component---detailAdm--addressDetailDetailsName1\")]"}
COMMAND: POST /session/182702e4e2b2f92e69599adcb85aed51/element - {"using":"xpath","value":"//span[contains(text(), \"WebdriverYardjjtihg\")][contains(@id ,\"application-addressmanagement-display-component---detailAdm--addressDetailDetailsName1\")]"}
RESULT: {"using":"xpath","value":"//span[contains(text(), \"WebdriverYardjjtihg\")][contains(@id ,\"application-addressmanagement-display-component---detailAdm--addressDetailDetailsName1\")]"}
COMMAND: POST /session/182702e4e2b2f92e69599adcb85aed51/element - {"using":"xpath","value":"//span[contains(text(), \"WebdriverYardjjtihg\")][contains(@id ,\"application-addressmanagement-display-component---detailAdm--addressDetailDetailsName1\")]"}
RESULT: {"using":"xpath","value":"//span[contains(text(), \"WebdriverYardjjtihg\")][contains(@id ,\"application-addressmanagement-display-component---detailAdm--addressDetailDetailsName1\")]"}
COMMAND: POST /session/182702e4e2b2f92e69599adcb85aed51/element - {"using":"xpath","value":"//span[contains(text(), \"WebdriverYardjjtihg\")][contains(@id ,\"application-addressmanagement-display-component---detailAdm--addressDetailDetailsName1\")]"}
RESULT: {"using":"xpath","value":"//span[contains(text(), \"WebdriverYardjjtihg\")][contains(@id ,\"application-addressmanagement-display-component---detailAdm--addressDetailDetailsName1\")]"}
COMMAND: POST /session/182702e4e2b2f92e69599adcb85aed51/element - {"using":"xpath","value":"//span[contains(text(), \"WebdriverYardjjtihg\")][contains(@id ,\"application-addressmanagement-display-component---detailAdm--addressDetailDetailsName1\")]"}
RESULT: {"using":"xpath","value":"//span[contains(text(), \"WebdriverYardjjtihg\")][contains(@id ,\"application-addressmanagement-display-component---detailAdm--addressDetailDetailsName1\")]"}
COMMAND: POST /session/182702e4e2b2f92e69599adcb85aed51/element - {"using":"xpath","value":"//span[contains(text(), \"WebdriverYardjjtihg\")][contains(@id ,\"application-addressmanagement-display-component---detailAdm--addressDetailDetailsName1\")]"}
RESULT: {"using":"xpath","value":"//span[contains(text(), \"WebdriverYardjjtihg\")][contains(@id ,\"application-addressmanagement-display-component---detailAdm--addressDetailDetailsName1\")]"}
COMMAND: POST /session/182702e4e2b2f92e69599adcb85aed51/element - {"using":"xpath","value":"//span[contains(text(), \"WebdriverYardjjtihg\")][contains(@id ,\"application-addressmanagement-display-component---detailAdm--addressDetailDetailsName1\")]"}
RESULT: {"using":"xpath","value":"//span[contains(text(), \"WebdriverYardjjtihg\")][contains(@id ,\"application-addressmanagement-display-component---detailAdm--addressDetailDetailsName1\")]"}
COMMAND: POST /session/182702e4e2b2f92e69599adcb85aed51/element - {"using":"xpath","value":"//span[contains(text(), \"WebdriverYardjjtihg\")][contains(@id ,\"application-addressmanagement-display-component---detailAdm--addressDetailDetailsName1\")]"}
RESULT: {"using":"xpath","value":"//span[contains(text(), \"WebdriverYardjjtihg\")][contains(@id ,\"application-addressmanagement-display-component---detailAdm--addressDetailDetailsName1\")]"}
COMMAND: POST /session/182702e4e2b2f92e69599adcb85aed51/element - {"using":"xpath","value":"//span[contains(text(), \"WebdriverYardjjtihg\")][contains(@id ,\"application-addressmanagement-display-component---detailAdm--addressDetailDetailsName1\")]"}
RESULT: {"using":"xpath","value":"//span[contains(text(), \"WebdriverYardjjtihg\")][contains(@id ,\"application-addressmanagement-display-component---detailAdm--addressDetailDetailsName1\")]"}
COMMAND: POST /session/182702e4e2b2f92e69599adcb85aed51/element - {"using":"xpath","value":"//span[contains(text(), \"WebdriverYardjjtihg\")][contains(@id ,\"application-addressmanagement-display-component---detailAdm--addressDetailDetailsName1\")]"}
RESULT: {"using":"xpath","value":"//span[contains(text(), \"WebdriverYardjjtihg\")][contains(@id ,\"application-addressmanagement-display-component---detailAdm--addressDetailDetailsName1\")]"}
COMMAND: POST /session/182702e4e2b2f92e69599adcb85aed51/element - {"using":"xpath","value":"//span[contains(text(), \"WebdriverYardjjtihg\")][contains(@id ,\"application-addressmanagement-display-component---detailAdm--addressDetailDetailsName1\")]"}
RESULT: {"using":"xpath","value":"//span[contains(text(), \"WebdriverYardjjtihg\")][contains(@id ,\"application-addressmanagement-display-component---detailAdm--addressDetailDetailsName1\")]"}
COMMAND: POST /session/182702e4e2b2f92e69599adcb85aed51/element - {"using":"xpath","value":"//span[contains(text(), \"WebdriverYardjjtihg\")][contains(@id ,\"application-addressmanagement-display-component---detailAdm--addressDetailDetailsName1\")]"}
RESULT: {"using":"xpath","value":"//span[contains(text(), \"WebdriverYardjjtihg\")][contains(@id ,\"application-addressmanagement-display-component---detailAdm--addressDetailDetailsName1\")]"}
COMMAND: POST /session/182702e4e2b2f92e69599adcb85aed51/element - {"using":"xpath","value":"//span[contains(text(), \"WebdriverYardjjtihg\")][contains(@id ,\"application-addressmanagement-display-component---detailAdm--addressDetailDetailsName1\")]"}
RESULT: {"using":"xpath","value":"//span[contains(text(), \"WebdriverYardjjtihg\")][contains(@id ,\"application-addressmanagement-display-component---detailAdm--addressDetailDetailsName1\")]"}
COMMAND: POST /session/182702e4e2b2f92e69599adcb85aed51/element - {"using":"xpath","value":"//span[contains(text(), \"WebdriverYardjjtihg\")][contains(@id ,\"application-addressmanagement-display-component---detailAdm--addressDetailDetailsName1\")]"}
RESULT: {"using":"xpath","value":"//span[contains(text(), \"WebdriverYardjjtihg\")][contains(@id ,\"application-addressmanagement-display-component---detailAdm--addressDetailDetailsName1\")]"}
COMMAND: POST /session/182702e4e2b2f92e69599adcb85aed51/element - {"using":"xpath","value":"//span[contains(text(), \"WebdriverYardjjtihg\")][contains(@id ,\"application-addressmanagement-display-component---detailAdm--addressDetailDetailsName1\")]"}
RESULT: {"using":"xpath","value":"//span[contains(text(), \"WebdriverYardjjtihg\")][contains(@id ,\"application-addressmanagement-display-component---detailAdm--addressDetailDetailsName1\")]"}
COMMAND: POST /session/182702e4e2b2f92e69599adcb85aed51/element - {"using":"xpath","value":"//span[contains(text(), \"WebdriverYardjjtihg\")][contains(@id ,\"application-addressmanagement-display-component---detailAdm--addressDetailDetailsName1\")]"}
RESULT: {"using":"xpath","value":"//span[contains(text(), \"WebdriverYardjjtihg\")][contains(@id ,\"application-addressmanagement-display-component---detailAdm--addressDetailDetailsName1\")]"}
COMMAND: POST /session/182702e4e2b2f92e69599adcb85aed51/element - {"using":"xpath","value":"//span[contains(text(), \"WebdriverYardjjtihg\")][contains(@id ,\"application-addressmanagement-display-component---detailAdm--addressDetailDetailsName1\")]"}
RESULT: {"using":"xpath","value":"//span[contains(text(), \"WebdriverYardjjtihg\")][contains(@id ,\"application-addressmanagement-display-component---detailAdm--addressDetailDetailsName1\")]"}
COMMAND: POST /session/182702e4e2b2f92e69599adcb85aed51/element - {"using":"xpath","value":"//span[contains(text(), \"WebdriverYardjjtihg\")][contains(@id ,\"application-addressmanagement-display-component---detailAdm--addressDetailDetailsName1\")]"}
RESULT: {"using":"xpath","value":"//span[contains(text(), \"WebdriverYardjjtihg\")][contains(@id ,\"application-addressmanagement-display-component---detailAdm--addressDetailDetailsName1\")]"}
COMMAND: POST /session/182702e4e2b2f92e69599adcb85aed51/element - {"using":"xpath","value":"//span[contains(text(), \"WebdriverYardjjtihg\")][contains(@id ,\"application-addressmanagement-display-component---detailAdm--addressDetailDetailsName1\")]"}
RESULT: {"using":"xpath","value":"//span[contains(text(), \"WebdriverYardjjtihg\")][contains(@id ,\"application-addressmanagement-display-component---detailAdm--addressDetailDetailsName1\")]"}
COMMAND: POST /session/182702e4e2b2f92e69599adcb85aed51/execute/sync - {"script":"<script> [8489 bytes]","args":[{"element-6066-11e4-a52e-4f735466cecf":"f.EA19BBC851313D4479D8F918DE7934ED.d.FAAD88DF64EB9B69EE25DEEAA7270BC4.e.3328","ELEMENT":"f.EA19BBC851313D4479D8F918DE7934ED.d.FAAD88DF64EB9B69EE25DEEAA7270BC4.e.3328"}]}
COMMAND: POST /session/182702e4e2b2f92e69599adcb85aed51/element - {"using":"xpath","value":"//span[contains(text(), \"WebdriverYardjjtihg\")][contains(@id ,\"application-addressmanagement-display-component---detailAdm--addressDetailDetailsName1\")]"}
COMMAND: POST /session/182702e4e2b2f92e69599adcb85aed51/element - {"using":"xpath","value":"//*[contains(@data-kt ,\"webshopDetailYardLink\")]"}
RESULT: {"using":"xpath","value":"//span[contains(text(), \"WebdriverYardjjtihg\")][contains(@id ,\"application-addressmanagement-display-component---detailAdm--addressDetailDetailsName1\")]"}
RESULT: {"using":"xpath","value":"//*[contains(@data-kt ,\"webshopDetailYardLink\")]"}
COMMAND: POST /session/182702e4e2b2f92e69599adcb85aed51/execute/sync - {"script":"<script> [8489 bytes]","args":[{"element-6066-11e4-a52e-4f735466cecf":"f.EA19BBC851313D4479D8F918DE7934ED.d.FAAD88DF64EB9B69EE25DEEAA7270BC4.e.3775","ELEMENT":"f.EA19BBC851313D4479D8F918DE7934ED.d.FAAD88DF64EB9B69EE25DEEAA7270BC4.e.3775"}]}
RESULT: {"script":"<script> [8489 bytes]","args":[{"element-6066-11e4-a52e-4f735466cecf":"f.EA19BBC851313D4479D8F918DE7934ED.d.FAAD88DF64EB9B69EE25DEEAA7270BC4.e.3775","ELEMENT":"f.EA19BBC851313D4479D8F918DE7934ED.d.FAAD88DF64EB9B69EE25DEEAA7270BC4.e.3775"}]}
COMMAND: POST /session/182702e4e2b2f92e69599adcb85aed51/execute/sync - {"script":"<script> [5351 bytes]","args":[{"element-6066-11e4-a52e-4f735466cecf":"f.EA19BBC851313D4479D8F918DE7934ED.d.FAAD88DF64EB9B69EE25DEEAA7270BC4.e.3775","ELEMENT":"f.EA19BBC851313D4479D8F918DE7934ED.d.FAAD88DF64EB9B69EE25DEEAA7270BC4.e.3775"}]}
COMMAND: GET /session/182702e4e2b2f92e69599adcb85aed51/screenshot - {}
RESULT: {"script":"<script> [5351 bytes]","args":[{"element-6066-11e4-a52e-4f735466cecf":"f.EA19BBC851313D4479D8F918DE7934ED.d.FAAD88DF64EB9B69EE25DEEAA7270BC4.e.3775","ELEMENT":"f.EA19BBC851313D4479D8F918DE7934ED.d.FAAD88DF64EB9B69EE25DEEAA7270BC4.e.3775"}]}
COMMAND: POST /session/182702e4e2b2f92e69599adcb85aed51/element - {"using":"xpath","value":"//*[contains(@data-kt ,\"webshopDetailYardLink\")]"}
COMMAND: GET /session/182702e4e2b2f92e69599adcb85aed51/screenshot - {}
RESULT: {}
RESULT: {"using":"xpath","value":"//*[contains(@data-kt ,\"webshopDetailYardLink\")]"}
COMMAND: POST /session/182702e4e2b2f92e69599adcb85aed51/element/f.EA19BBC851313D4479D8F918DE7934ED.d.FAAD88DF64EB9B69EE25DEEAA7270BC4.e.3775/click - {}
COMMAND: POST /session/182702e4e2b2f92e69599adcb85aed51/element - {"using":"xpath","value":"//span[contains(text(), \"WebdriverYardjjtihg\")][contains(@id ,\"application-addressmanagement-display-component---detailAdm--addressDetailDetailsName1\")]"}
RESULT: {}
RESULT: {}
COMMAND: GET /session/182702e4e2b2f92e69599adcb85aed51/screenshot - {}
RESULT: {"using":"xpath","value":"//span[contains(text(), \"WebdriverYardjjtihg\")][contains(@id ,\"application-addressmanagement-display-component---detailAdm--addressDetailDetailsName1\")]"}
RESULT: {}
COMMAND: POST /session/182702e4e2b2f92e69599adcb85aed51/element - {"using":"xpath","value":"//span[contains(text(), \"WebdriverYardjjtihg\")][contains(@id ,\"application-addressmanagement-display-component---detailAdm--addressDetailDetailsName1\")]"}
RESULT: {"using":"xpath","value":"//span[contains(text(), \"WebdriverYardjjtihg\")][contains(@id ,\"application-addressmanagement-display-component---detailAdm--addressDetailDetailsName1\")]"}
COMMAND: POST /session/182702e4e2b2f92e69599adcb85aed51/element - {"using":"xpath","value":"//span[contains(text(), \"WebdriverYardjjtihg\")][contains(@id ,\"application-addressmanagement-display-component---detailAdm--addressDetailDetailsName1\")]"}
RESULT: {"using":"xpath","value":"//span[contains(text(), \"WebdriverYardjjtihg\")][contains(@id ,\"application-addressmanagement-display-component---detailAdm--addressDetailDetailsName1\")]"}
COMMAND: POST /session/182702e4e2b2f92e69599adcb85aed51/element - {"using":"xpath","value":"//span[contains(text(), \"WebdriverYardjjtihg\")][contains(@id ,\"application-addressmanagement-display-component---detailAdm--addressDetailDetailsName1\")]"}
RESULT: {"using":"xpath","value":"//span[contains(text(), \"WebdriverYardjjtihg\")][contains(@id ,\"application-addressmanagement-display-component---detailAdm--addressDetailDetailsName1\")]"}
COMMAND: POST /session/182702e4e2b2f92e69599adcb85aed51/element - {"using":"xpath","value":"//button[contains(@data-kt ,\"ContextMenuExternalId2Link\")]"}
RESULT: {"using":"xpath","value":"//button[contains(@data-kt ,\"ContextMenuExternalId2Link\")]"}
COMMAND: POST /session/182702e4e2b2f92e69599adcb85aed51/element/f.EA19BBC851313D4479D8F918DE7934ED.d.FAAD88DF64EB9B69EE25DEEAA7270BC4.e.3776/click - {}
COMMAND: POST /session/182702e4e2b2f92e69599adcb85aed51/element - {"using":"xpath","value":"//span[contains(text(), \"WebdriverYardjjtihg\")][contains(@id ,\"application-addressmanagement-display-component---detailAdm--addressDetailDetailsName1\")]"}
RESULT: {}
COMMAND: GET /session/182702e4e2b2f92e69599adcb85aed51/screenshot - {}
RESULT: {"using":"xpath","value":"//span[contains(text(), \"WebdriverYardjjtihg\")][contains(@id ,\"application-addressmanagement-display-component---detailAdm--addressDetailDetailsName1\")]"}
COMMAND: POST /session/182702e4e2b2f92e69599adcb85aed51/element - {"using":"xpath","value":"//span[contains(text(), \"WebdriverYardjjtihg\")][contains(@id ,\"application-addressmanagement-display-component---detailAdm--addressDetailDetailsName1\")]"}
RESULT: {}
RESULT: {"using":"xpath","value":"//span[contains(text(), \"WebdriverYardjjtihg\")][contains(@id ,\"application-addressmanagement-display-component---detailAdm--addressDetailDetailsName1\")]"}
COMMAND: POST /session/182702e4e2b2f92e69599adcb85aed51/element - {"using":"xpath","value":"//span[contains(text(), \"WebdriverYardjjtihg\")][contains(@id ,\"application-addressmanagement-display-component---detailAdm--addressDetailDetailsName1\")]"}
RESULT: {"using":"xpath","value":"//span[contains(text(), \"WebdriverYardjjtihg\")][contains(@id ,\"application-addressmanagement-display-component---detailAdm--addressDetailDetailsName1\")]"}
COMMAND: POST /session/182702e4e2b2f92e69599adcb85aed51/element - {"using":"xpath","value":"//span[contains(text(), \"WebdriverYardjjtihg\")][contains(@id ,\"application-addressmanagement-display-component---detailAdm--addressDetailDetailsName1\")]"}
RESULT: {"using":"xpath","value":"//span[contains(text(), \"WebdriverYardjjtihg\")][contains(@id ,\"application-addressmanagement-display-component---detailAdm--addressDetailDetailsName1\")]"}
COMMAND: POST /session/182702e4e2b2f92e69599adcb85aed51/element - {"using":"xpath","value":"//span[contains(text(), \"WebdriverYardjjtihg\")][contains(@id ,\"application-addressmanagement-display-component---detailAdm--addressDetailDetailsName1\")]"}
COMMAND: GET /session/182702e4e2b2f92e69599adcb85aed51/window/handles - {}
RESULT: {"using":"xpath","value":"//span[contains(text(), \"WebdriverYardjjtihg\")][contains(@id ,\"application-addressmanagement-display-component---detailAdm--addressDetailDetailsName1\")]"}
COMMAND: POST /session/182702e4e2b2f92e69599adcb85aed51/element - {"using":"xpath","value":"//span[contains(text(), \"WebdriverYardjjtihg\")][contains(@id ,\"application-addressmanagement-display-component---detailAdm--addressDetailDetailsName1\")]"}
RESULT: {}
COMMAND: POST /session/182702e4e2b2f92e69599adcb85aed51/window - {"handle":"77EB9FA86E83E066561DAF01F8E84C14"}
RESULT: {"using":"xpath","value":"//span[contains(text(), \"WebdriverYardjjtihg\")][contains(@id ,\"application-addressmanagement-display-component---detailAdm--addressDetailDetailsName1\")]"}
RESULT: {"handle":"77EB9FA86E83E066561DAF01F8E84C14"}
COMMAND: GET /session/182702e4e2b2f92e69599adcb85aed51/url - {}
RESULT: {}
COMMAND: GET /session/182702e4e2b2f92e69599adcb85aed51/screenshot - {}
COMMAND: POST /session/182702e4e2b2f92e69599adcb85aed51/element - {"using":"xpath","value":"//span[contains(text(), \"WebdriverYardjjtihg\")][contains(@id ,\"application-addressmanagement-display-component---detailAdm--addressDetailDetailsName1\")]"}
RESULT: {}
RESULT: {"using":"xpath","value":"//span[contains(text(), \"WebdriverYardjjtihg\")][contains(@id ,\"application-addressmanagement-display-component---detailAdm--addressDetailDetailsName1\")]"}
COMMAND: POST /session/182702e4e2b2f92e69599adcb85aed51/element - {"using":"xpath","value":"//span[contains(text(), \"WebdriverYardjjtihg\")][contains(@id ,\"application-addressmanagement-display-component---detailAdm--addressDetailDetailsName1\")]"}
RESULT: {"using":"xpath","value":"//span[contains(text(), \"WebdriverYardjjtihg\")][contains(@id ,\"application-addressmanagement-display-component---detailAdm--addressDetailDetailsName1\")]"}
COMMAND: POST /session/182702e4e2b2f92e69599adcb85aed51/element - {"using":"xpath","value":"//span[contains(text(), \"WebdriverYardjjtihg\")][contains(@id ,\"application-addressmanagement-display-component---detailAdm--addressDetailDetailsName1\")]"}
RESULT: {"using":"xpath","value":"//span[contains(text(), \"WebdriverYardjjtihg\")][contains(@id ,\"application-addressmanagement-display-component---detailAdm--addressDetailDetailsName1\")]"}
COMMAND: POST /session/182702e4e2b2f92e69599adcb85aed51/element - {"using":"xpath","value":"//span[contains(text(), \"WebdriverYardjjtihg\")][contains(@id ,\"application-addressmanagement-display-component---detailAdm--addressDetailDetailsName1\")]"}
RESULT: {"using":"xpath","value":"//span[contains(text(), \"WebdriverYardjjtihg\")][contains(@id ,\"application-addressmanagement-display-component---detailAdm--addressDetailDetailsName1\")]"}
COMMAND: POST /session/182702e4e2b2f92e69599adcb85aed51/element - {"using":"xpath","value":"//span[contains(text(), \"WebdriverYardjjtihg\")][contains(@id ,\"application-addressmanagement-display-component---detailAdm--addressDetailDetailsName1\")]"}
RESULT: {"using":"xpath","value":"//span[contains(text(), \"WebdriverYardjjtihg\")][contains(@id ,\"application-addressmanagement-display-component---detailAdm--addressDetailDetailsName1\")]"}
COMMAND: POST /session/182702e4e2b2f92e69599adcb85aed51/element - {"using":"xpath","value":"//span[contains(text(), \"WebdriverYardjjtihg\")][contains(@id ,\"application-addressmanagement-display-component---detailAdm--addressDetailDetailsName1\")]"}
RESULT: {"using":"xpath","value":"//span[contains(text(), \"WebdriverYardjjtihg\")][contains(@id ,\"application-addressmanagement-display-component---detailAdm--addressDetailDetailsName1\")]"}
COMMAND: POST /session/182702e4e2b2f92e69599adcb85aed51/element - {"using":"xpath","value":"//span[contains(text(), \"WebdriverYardjjtihg\")][contains(@id ,\"application-addressmanagement-display-component---detailAdm--addressDetailDetailsName1\")]"}
RESULT: {"using":"xpath","value":"//span[contains(text(), \"WebdriverYardjjtihg\")][contains(@id ,\"application-addressmanagement-display-component---detailAdm--addressDetailDetailsName1\")]"}
COMMAND: POST /session/182702e4e2b2f92e69599adcb85aed51/element - {"using":"xpath","value":"//span[contains(text(), \"WebdriverYardjjtihg\")][contains(@id ,\"application-addressmanagement-display-component---detailAdm--addressDetailDetailsName1\")]"}
RESULT: {"using":"xpath","value":"//span[contains(text(), \"WebdriverYardjjtihg\")][contains(@id ,\"application-addressmanagement-display-component---detailAdm--addressDetailDetailsName1\")]"}
COMMAND: POST /session/182702e4e2b2f92e69599adcb85aed51/element - {"using":"xpath","value":"//span[contains(text(), \"WebdriverYardjjtihg\")][contains(@id ,\"application-addressmanagement-display-component---detailAdm--addressDetailDetailsName1\")]"}
RESULT: {"using":"xpath","value":"//span[contains(text(), \"WebdriverYardjjtihg\")][contains(@id ,\"application-addressmanagement-display-component---detailAdm--addressDetailDetailsName1\")]"}
COMMAND: POST /session/182702e4e2b2f92e69599adcb85aed51/element - {"using":"xpath","value":"//span[contains(text(), \"WebdriverYardjjtihg\")][contains(@id ,\"application-addressmanagement-display-component---detailAdm--addressDetailDetailsName1\")]"}
RESULT: {"using":"xpath","value":"//span[contains(text(), \"WebdriverYardjjtihg\")][contains(@id ,\"application-addressmanagement-display-component---detailAdm--addressDetailDetailsName1\")]"}
COMMAND: POST /session/182702e4e2b2f92e69599adcb85aed51/element - {"using":"xpath","value":"//span[contains(text(), \"WebdriverYardjjtihg\")][contains(@id ,\"application-addressmanagement-display-component---detailAdm--addressDetailDetailsName1\")]"}
RESULT: {"using":"xpath","value":"//span[contains(text(), \"WebdriverYardjjtihg\")][contains(@id ,\"application-addressmanagement-display-component---detailAdm--addressDetailDetailsName1\")]"}
COMMAND: POST /session/182702e4e2b2f92e69599adcb85aed51/element - {"using":"xpath","value":"//span[contains(text(), \"WebdriverYardjjtihg\")][contains(@id ,\"application-addressmanagement-display-component---detailAdm--addressDetailDetailsName1\")]"}
RESULT: {"using":"xpath","value":"//span[contains(text(), \"WebdriverYardjjtihg\")][contains(@id ,\"application-addressmanagement-display-component---detailAdm--addressDetailDetailsName1\")]"}
COMMAND: POST /session/182702e4e2b2f92e69599adcb85aed51/element - {"using":"xpath","value":"//span[contains(text(), \"WebdriverYardjjtihg\")][contains(@id ,\"application-addressmanagement-display-component---detailAdm--addressDetailDetailsName1\")]"}
RESULT: {"using":"xpath","value":"//span[contains(text(), \"WebdriverYardjjtihg\")][contains(@id ,\"application-addressmanagement-display-component---detailAdm--addressDetailDetailsName1\")]"}
COMMAND: POST /session/182702e4e2b2f92e69599adcb85aed51/execute/sync - {"script":"<script> [8489 bytes]","args":[{"element-6066-11e4-a52e-4f735466cecf":"f.EA19BBC851313D4479D8F918DE7934ED.d.FAAD88DF64EB9B69EE25DEEAA7270BC4.e.3330","ELEMENT":"f.EA19BBC851313D4479D8F918DE7934ED.d.FAAD88DF64EB9B69EE25DEEAA7270BC4.e.3330"}]}
COMMAND: DELETE /session/182702e4e2b2f92e69599adcb85aed51/window - {}
COMMAND: POST /session/182702e4e2b2f92e69599adcb85aed51/element - {"using":"xpath","value":"//span[contains(text(), \"WebdriverYardjjtihg\")][contains(@id ,\"application-addressmanagement-display-component---detailAdm--addressDetailDetailsName1\")]"}
RESULT: {}
COMMAND: POST /session/182702e4e2b2f92e69599adcb85aed51/window - {"handle":"EA19BBC851313D4479D8F918DE7934ED"}
RESULT: {"handle":"EA19BBC851313D4479D8F918DE7934ED"}
COMMAND: GET /session/182702e4e2b2f92e69599adcb85aed51/url - {}
COMMAND: POST /session/182702e4e2b2f92e69599adcb85aed51/element - {"using":"xpath","value":"//span[contains(@id ,\"title\")][contains(text(), \"WebdriverYardffht1\")]"}
RESULT: {"using":"xpath","value":"//span[contains(text(), \"WebdriverYardjjtihg\")][contains(@id ,\"application-addressmanagement-display-component---detailAdm--addressDetailDetailsName1\")]"}
RESULT: {}
COMMAND: GET /session/182702e4e2b2f92e69599adcb85aed51/screenshot - {}
RESULT: {"using":"xpath","value":"//span[contains(@id ,\"title\")][contains(text(), \"WebdriverYardffht1\")]"}
COMMAND: POST /session/182702e4e2b2f92e69599adcb85aed51/execute/sync - {"script":"<script> [8489 bytes]","args":[{"element-6066-11e4-a52e-4f735466cecf":"f.EA19BBC851313D4479D8F918DE7934ED.d.FAAD88DF64EB9B69EE25DEEAA7270BC4.e.3806","ELEMENT":"f.EA19BBC851313D4479D8F918DE7934ED.d.FAAD88DF64EB9B69EE25DEEAA7270BC4.e.3806"}]}
COMMAND: POST /session/182702e4e2b2f92e69599adcb85aed51/element - {"using":"xpath","value":"//span[contains(text(), \"WebdriverYardjjtihg\")][contains(@id ,\"application-addressmanagement-display-component---detailAdm--addressDetailDetailsName1\")]"}
RESULT: {}
RESULT: {"script":"<script> [8489 bytes]","args":[{"element-6066-11e4-a52e-4f735466cecf":"f.EA19BBC851313D4479D8F918DE7934ED.d.FAAD88DF64EB9B69EE25DEEAA7270BC4.e.3806","ELEMENT":"f.EA19BBC851313D4479D8F918DE7934ED.d.FAAD88DF64EB9B69EE25DEEAA7270BC4.e.3806"}]}
RESULT: {"using":"xpath","value":"//span[contains(text(), \"WebdriverYardjjtihg\")][contains(@id ,\"application-addressmanagement-display-component---detailAdm--addressDetailDetailsName1\")]"}
COMMAND: GET /session/182702e4e2b2f92e69599adcb85aed51/screenshot - {}
RESULT: {}
COMMAND: POST /session/182702e4e2b2f92e69599adcb85aed51/element - {"using":"xpath","value":"//span[contains(text(), \"WebdriverYardjjtihg\")][contains(@id ,\"application-addressmanagement-display-component---detailAdm--addressDetailDetailsName1\")]"}
RESULT: {"using":"xpath","value":"//span[contains(text(), \"WebdriverYardjjtihg\")][contains(@id ,\"application-addressmanagement-display-component---detailAdm--addressDetailDetailsName1\")]"}
COMMAND: POST /session/182702e4e2b2f92e69599adcb85aed51/element - {"using":"xpath","value":"//span[contains(text(), \"WebdriverYardjjtihg\")][contains(@id ,\"application-addressmanagement-display-component---detailAdm--addressDetailDetailsName1\")]"}
RESULT: {"using":"xpath","value":"//span[contains(text(), \"WebdriverYardjjtihg\")][contains(@id ,\"application-addressmanagement-display-component---detailAdm--addressDetailDetailsName1\")]"}
COMMAND: POST /session/182702e4e2b2f92e69599adcb85aed51/element - {"using":"xpath","value":"//span[contains(text(), \"WebdriverYardjjtihg\")][contains(@id ,\"application-addressmanagement-display-component---detailAdm--addressDetailDetailsName1\")]"}
RESULT: {"using":"xpath","value":"//span[contains(text(), \"WebdriverYardjjtihg\")][contains(@id ,\"application-addressmanagement-display-component---detailAdm--addressDetailDetailsName1\")]"}
COMMAND: POST /session/182702e4e2b2f92e69599adcb85aed51/element - {"using":"xpath","value":"//button[contains(@data-kt ,\"ContextMenuExternalId3Link\")]"}
RESULT: {"using":"xpath","value":"//button[contains(@data-kt ,\"ContextMenuExternalId3Link\")]"}
COMMAND: POST /session/182702e4e2b2f92e69599adcb85aed51/element/f.EA19BBC851313D4479D8F918DE7934ED.d.FAAD88DF64EB9B69EE25DEEAA7270BC4.e.3807/click - {}
RESULT: {}
COMMAND: GET /session/182702e4e2b2f92e69599adcb85aed51/screenshot - {}
RESULT: {}
COMMAND: GET /session/182702e4e2b2f92e69599adcb85aed51/window/handles - {}
RESULT: {}
COMMAND: POST /session/182702e4e2b2f92e69599adcb85aed51/window - {"handle":"B03166CD15A67CC0C7E5A5B22B9FBFE1"}
RESULT: {"handle":"B03166CD15A67CC0C7E5A5B22B9FBFE1"}
COMMAND: GET /session/182702e4e2b2f92e69599adcb85aed51/url - {}
RESULT: {}
COMMAND: GET /session/182702e4e2b2f92e69599adcb85aed51/screenshot - {}
RESULT: {}
COMMAND: POST /session/182702e4e2b2f92e69599adcb85aed51/element - {"using":"xpath","value":"//span[contains(text(), \"WebdriverYardjjtihg\")][contains(@id ,\"application-addressmanagement-display-component---detailAdm--addressDetailDetailsName1\")]"}
COMMAND: DELETE /session/182702e4e2b2f92e69599adcb85aed51/window - {}
RESULT: {}
COMMAND: POST /session/182702e4e2b2f92e69599adcb85aed51/window - {"handle":"EA19BBC851313D4479D8F918DE7934ED"}
RESULT: {"handle":"EA19BBC851313D4479D8F918DE7934ED"}
COMMAND: GET /session/182702e4e2b2f92e69599adcb85aed51/url - {}
RESULT: {"using":"xpath","value":"//span[contains(text(), \"WebdriverYardjjtihg\")][contains(@id ,\"application-addressmanagement-display-component---detailAdm--addressDetailDetailsName1\")]"}
RESULT: {}
COMMAND: GET /session/182702e4e2b2f92e69599adcb85aed51/screenshot - {}
COMMAND: POST /session/182702e4e2b2f92e69599adcb85aed51/element - {"using":"xpath","value":"//span[contains(text(), \"WebdriverYardjjtihg\")][contains(@id ,\"application-addressmanagement-display-component---detailAdm--addressDetailDetailsName1\")]"}
RESULT: {}
RESULT: {"using":"xpath","value":"//span[contains(text(), \"WebdriverYardjjtihg\")][contains(@id ,\"application-addressmanagement-display-component---detailAdm--addressDetailDetailsName1\")]"}
COMMAND: POST /session/182702e4e2b2f92e69599adcb85aed51/element - {"using":"xpath","value":"//span[contains(text(), \"WebdriverYardjjtihg\")][contains(@id ,\"application-addressmanagement-display-component---detailAdm--addressDetailDetailsName1\")]"}
RESULT: {"using":"xpath","value":"//span[contains(text(), \"WebdriverYardjjtihg\")][contains(@id ,\"application-addressmanagement-display-component---detailAdm--addressDetailDetailsName1\")]"}
COMMAND: POST /session/182702e4e2b2f92e69599adcb85aed51/element - {"using":"xpath","value":"//span[contains(text(), \"WebdriverYardjjtihg\")][contains(@id ,\"application-addressmanagement-display-component---detailAdm--addressDetailDetailsName1\")]"}
RESULT: {"using":"xpath","value":"//span[contains(text(), \"WebdriverYardjjtihg\")][contains(@id ,\"application-addressmanagement-display-component---detailAdm--addressDetailDetailsName1\")]"}
COMMAND: POST /session/182702e4e2b2f92e69599adcb85aed51/element - {"using":"xpath","value":"//span[contains(text(), \"WebdriverYardjjtihg\")][contains(@id ,\"application-addressmanagement-display-component---detailAdm--addressDetailDetailsName1\")]"}
RESULT: {"using":"xpath","value":"//span[contains(text(), \"WebdriverYardjjtihg\")][contains(@id ,\"application-addressmanagement-display-component---detailAdm--addressDetailDetailsName1\")]"}
COMMAND: POST /session/182702e4e2b2f92e69599adcb85aed51/element - {"using":"xpath","value":"//span[contains(text(), \"WebdriverYardjjtihg\")][contains(@id ,\"application-addressmanagement-display-component---detailAdm--addressDetailDetailsName1\")]"}
RESULT: {"using":"xpath","value":"//span[contains(text(), \"WebdriverYardjjtihg\")][contains(@id ,\"application-addressmanagement-display-component---detailAdm--addressDetailDetailsName1\")]"}
COMMAND: POST /session/182702e4e2b2f92e69599adcb85aed51/element - {"using":"xpath","value":"//span[contains(text(), \"WebdriverYardjjtihg\")][contains(@id ,\"application-addressmanagement-display-component---detailAdm--addressDetailDetailsName1\")]"}
RESULT: {"using":"xpath","value":"//span[contains(text(), \"WebdriverYardjjtihg\")][contains(@id ,\"application-addressmanagement-display-component---detailAdm--addressDetailDetailsName1\")]"}
COMMAND: POST /session/182702e4e2b2f92e69599adcb85aed51/element - {"using":"xpath","value":"//span[contains(text(), \"WebdriverYardjjtihg\")][contains(@id ,\"application-addressmanagement-display-component---detailAdm--addressDetailDetailsName1\")]"}
RESULT: {"using":"xpath","value":"//span[contains(text(), \"WebdriverYardjjtihg\")][contains(@id ,\"application-addressmanagement-display-component---detailAdm--addressDetailDetailsName1\")]"}
COMMAND: POST /session/182702e4e2b2f92e69599adcb85aed51/element - {"using":"xpath","value":"//span[contains(text(), \"WebdriverYardjjtihg\")][contains(@id ,\"application-addressmanagement-display-component---detailAdm--addressDetailDetailsName1\")]"}
RESULT: {"using":"xpath","value":"//span[contains(text(), \"WebdriverYardjjtihg\")][contains(@id ,\"application-addressmanagement-display-component---detailAdm--addressDetailDetailsName1\")]"}
COMMAND: POST /session/182702e4e2b2f92e69599adcb85aed51/element - {"using":"xpath","value":"//span[contains(text(), \"WebdriverYardjjtihg\")][contains(@id ,\"application-addressmanagement-display-component---detailAdm--addressDetailDetailsName1\")]"}
RESULT: {"using":"xpath","value":"//span[contains(text(), \"WebdriverYardjjtihg\")][contains(@id ,\"application-addressmanagement-display-component---detailAdm--addressDetailDetailsName1\")]"}
]]></system-out>
    </testcase>
    <testcase classname="chrome.136_0_7103_93.windows.Webshop_-_Hyperlinks_visible_and_working_properly__US139085" name="Shpuld verify site hyperlinks" time="221.295">
      <system-out><![CDATA[
COMMAND: POST /session/182702e4e2b2f92e69599adcb85aed51/element - {"using":"xpath","value":"//*[contains(@data-kt ,\"webshopDetailSiteLink\")]"}
RESULT: {"using":"xpath","value":"//*[contains(@data-kt ,\"webshopDetailSiteLink\")]"}
COMMAND: POST /session/182702e4e2b2f92e69599adcb85aed51/execute/sync - {"script":"<script> [8489 bytes]","args":[{"element-6066-11e4-a52e-4f735466cecf":"f.EA19BBC851313D4479D8F918DE7934ED.d.FAAD88DF64EB9B69EE25DEEAA7270BC4.e.4014","ELEMENT":"f.EA19BBC851313D4479D8F918DE7934ED.d.FAAD88DF64EB9B69EE25DEEAA7270BC4.e.4014"}]}
COMMAND: POST /session/182702e4e2b2f92e69599adcb85aed51/element - {"using":"xpath","value":"//span[contains(text(), \"WebdriverYardjjtihg\")][contains(@id ,\"application-addressmanagement-display-component---detailAdm--addressDetailDetailsName1\")]"}
RESULT: {"script":"<script> [8489 bytes]","args":[{"element-6066-11e4-a52e-4f735466cecf":"f.EA19BBC851313D4479D8F918DE7934ED.d.FAAD88DF64EB9B69EE25DEEAA7270BC4.e.4014","ELEMENT":"f.EA19BBC851313D4479D8F918DE7934ED.d.FAAD88DF64EB9B69EE25DEEAA7270BC4.e.4014"}]}
COMMAND: POST /session/182702e4e2b2f92e69599adcb85aed51/execute/sync - {"script":"<script> [5351 bytes]","args":[{"element-6066-11e4-a52e-4f735466cecf":"f.EA19BBC851313D4479D8F918DE7934ED.d.FAAD88DF64EB9B69EE25DEEAA7270BC4.e.4014","ELEMENT":"f.EA19BBC851313D4479D8F918DE7934ED.d.FAAD88DF64EB9B69EE25DEEAA7270BC4.e.4014"}]}
COMMAND: GET /session/182702e4e2b2f92e69599adcb85aed51/screenshot - {}
RESULT: {"using":"xpath","value":"//span[contains(text(), \"WebdriverYardjjtihg\")][contains(@id ,\"application-addressmanagement-display-component---detailAdm--addressDetailDetailsName1\")]"}
RESULT: {"script":"<script> [5351 bytes]","args":[{"element-6066-11e4-a52e-4f735466cecf":"f.EA19BBC851313D4479D8F918DE7934ED.d.FAAD88DF64EB9B69EE25DEEAA7270BC4.e.4014","ELEMENT":"f.EA19BBC851313D4479D8F918DE7934ED.d.FAAD88DF64EB9B69EE25DEEAA7270BC4.e.4014"}]}
COMMAND: POST /session/182702e4e2b2f92e69599adcb85aed51/element - {"using":"xpath","value":"//*[contains(@data-kt ,\"webshopDetailSiteLink\")]"}
COMMAND: GET /session/182702e4e2b2f92e69599adcb85aed51/screenshot - {}
RESULT: {}
RESULT: {"using":"xpath","value":"//*[contains(@data-kt ,\"webshopDetailSiteLink\")]"}
COMMAND: POST /session/182702e4e2b2f92e69599adcb85aed51/element/f.EA19BBC851313D4479D8F918DE7934ED.d.FAAD88DF64EB9B69EE25DEEAA7270BC4.e.4014/click - {}
COMMAND: POST /session/182702e4e2b2f92e69599adcb85aed51/element - {"using":"xpath","value":"//span[contains(text(), \"WebdriverYardjjtihg\")][contains(@id ,\"application-addressmanagement-display-component---detailAdm--addressDetailDetailsName1\")]"}
RESULT: {}
RESULT: {}
RESULT: {"using":"xpath","value":"//span[contains(text(), \"WebdriverYardjjtihg\")][contains(@id ,\"application-addressmanagement-display-component---detailAdm--addressDetailDetailsName1\")]"}
COMMAND: GET /session/182702e4e2b2f92e69599adcb85aed51/screenshot - {}
RESULT: {}
COMMAND: POST /session/182702e4e2b2f92e69599adcb85aed51/element - {"using":"xpath","value":"//span[contains(text(), \"WebdriverYardjjtihg\")][contains(@id ,\"application-addressmanagement-display-component---detailAdm--addressDetailDetailsName1\")]"}
RESULT: {"using":"xpath","value":"//span[contains(text(), \"WebdriverYardjjtihg\")][contains(@id ,\"application-addressmanagement-display-component---detailAdm--addressDetailDetailsName1\")]"}
COMMAND: POST /session/182702e4e2b2f92e69599adcb85aed51/element - {"using":"xpath","value":"//span[contains(text(), \"WebdriverYardjjtihg\")][contains(@id ,\"application-addressmanagement-display-component---detailAdm--addressDetailDetailsName1\")]"}
RESULT: {"using":"xpath","value":"//span[contains(text(), \"WebdriverYardjjtihg\")][contains(@id ,\"application-addressmanagement-display-component---detailAdm--addressDetailDetailsName1\")]"}
COMMAND: POST /session/182702e4e2b2f92e69599adcb85aed51/element - {"using":"xpath","value":"//span[contains(text(), \"WebdriverYardjjtihg\")][contains(@id ,\"application-addressmanagement-display-component---detailAdm--addressDetailDetailsName1\")]"}
RESULT: {"using":"xpath","value":"//span[contains(text(), \"WebdriverYardjjtihg\")][contains(@id ,\"application-addressmanagement-display-component---detailAdm--addressDetailDetailsName1\")]"}
COMMAND: POST /session/182702e4e2b2f92e69599adcb85aed51/element - {"using":"xpath","value":"//*[contains(@data-kt ,\"ContextMenuIdLink\")][contains(text(), \"Manage Site\")]"}
RESULT: {"using":"xpath","value":"//*[contains(@data-kt ,\"ContextMenuIdLink\")][contains(text(), \"Manage Site\")]"}
COMMAND: POST /session/182702e4e2b2f92e69599adcb85aed51/execute/sync - {"script":"<script> [8489 bytes]","args":[{"element-6066-11e4-a52e-4f735466cecf":"f.EA19BBC851313D4479D8F918DE7934ED.d.FAAD88DF64EB9B69EE25DEEAA7270BC4.e.4016","ELEMENT":"f.EA19BBC851313D4479D8F918DE7934ED.d.FAAD88DF64EB9B69EE25DEEAA7270BC4.e.4016"}]}
COMMAND: POST /session/182702e4e2b2f92e69599adcb85aed51/element - {"using":"xpath","value":"//*[contains(@data-kt ,\"ContextMenuId2Link\")][contains(text(), \"Site Overview\")]"}
RESULT: {"using":"xpath","value":"//*[contains(@data-kt ,\"ContextMenuId2Link\")][contains(text(), \"Site Overview\")]"}
COMMAND: POST /session/182702e4e2b2f92e69599adcb85aed51/execute/sync - {"script":"<script> [8489 bytes]","args":[{"element-6066-11e4-a52e-4f735466cecf":"f.EA19BBC851313D4479D8F918DE7934ED.d.FAAD88DF64EB9B69EE25DEEAA7270BC4.e.4017","ELEMENT":"f.EA19BBC851313D4479D8F918DE7934ED.d.FAAD88DF64EB9B69EE25DEEAA7270BC4.e.4017"}]}
COMMAND: POST /session/182702e4e2b2f92e69599adcb85aed51/element - {"using":"xpath","value":"//*[contains(@data-kt ,\"ContextMenuId3Link\")][contains(text(), \"Site Main Address\")]"}
RESULT: {"script":"<script> [8489 bytes]","args":[{"element-6066-11e4-a52e-4f735466cecf":"f.EA19BBC851313D4479D8F918DE7934ED.d.FAAD88DF64EB9B69EE25DEEAA7270BC4.e.4016","ELEMENT":"f.EA19BBC851313D4479D8F918DE7934ED.d.FAAD88DF64EB9B69EE25DEEAA7270BC4.e.4016"}]}
COMMAND: GET /session/182702e4e2b2f92e69599adcb85aed51/screenshot - {}
COMMAND: POST /session/182702e4e2b2f92e69599adcb85aed51/element - {"using":"xpath","value":"//span[contains(text(), \"WebdriverYardjjtihg\")][contains(@id ,\"application-addressmanagement-display-component---detailAdm--addressDetailDetailsName1\")]"}
RESULT: {"script":"<script> [8489 bytes]","args":[{"element-6066-11e4-a52e-4f735466cecf":"f.EA19BBC851313D4479D8F918DE7934ED.d.FAAD88DF64EB9B69EE25DEEAA7270BC4.e.4017","ELEMENT":"f.EA19BBC851313D4479D8F918DE7934ED.d.FAAD88DF64EB9B69EE25DEEAA7270BC4.e.4017"}]}
COMMAND: GET /session/182702e4e2b2f92e69599adcb85aed51/screenshot - {}
RESULT: {"using":"xpath","value":"//*[contains(@data-kt ,\"ContextMenuId3Link\")][contains(text(), \"Site Main Address\")]"}
COMMAND: POST /session/182702e4e2b2f92e69599adcb85aed51/execute/sync - {"script":"<script> [8489 bytes]","args":[{"element-6066-11e4-a52e-4f735466cecf":"f.EA19BBC851313D4479D8F918DE7934ED.d.FAAD88DF64EB9B69EE25DEEAA7270BC4.e.4018","ELEMENT":"f.EA19BBC851313D4479D8F918DE7934ED.d.FAAD88DF64EB9B69EE25DEEAA7270BC4.e.4018"}]}
COMMAND: POST /session/182702e4e2b2f92e69599adcb85aed51/element/f.EA19BBC851313D4479D8F918DE7934ED.d.FAAD88DF64EB9B69EE25DEEAA7270BC4.e.4016/click - {}
RESULT: {}
RESULT: {"using":"xpath","value":"//span[contains(text(), \"WebdriverYardjjtihg\")][contains(@id ,\"application-addressmanagement-display-component---detailAdm--addressDetailDetailsName1\")]"}
RESULT: {}
RESULT: {"script":"<script> [8489 bytes]","args":[{"element-6066-11e4-a52e-4f735466cecf":"f.EA19BBC851313D4479D8F918DE7934ED.d.FAAD88DF64EB9B69EE25DEEAA7270BC4.e.4018","ELEMENT":"f.EA19BBC851313D4479D8F918DE7934ED.d.FAAD88DF64EB9B69EE25DEEAA7270BC4.e.4018"}]}
COMMAND: GET /session/182702e4e2b2f92e69599adcb85aed51/screenshot - {}
RESULT: {}
COMMAND: GET /session/182702e4e2b2f92e69599adcb85aed51/screenshot - {}
COMMAND: POST /session/182702e4e2b2f92e69599adcb85aed51/element - {"using":"xpath","value":"//span[contains(text(), \"WebdriverYardjjtihg\")][contains(@id ,\"application-addressmanagement-display-component---detailAdm--addressDetailDetailsName1\")]"}
RESULT: {}
RESULT: {}
RESULT: {"using":"xpath","value":"//span[contains(text(), \"WebdriverYardjjtihg\")][contains(@id ,\"application-addressmanagement-display-component---detailAdm--addressDetailDetailsName1\")]"}
COMMAND: POST /session/182702e4e2b2f92e69599adcb85aed51/element - {"using":"xpath","value":"//span[contains(text(), \"WebdriverYardjjtihg\")][contains(@id ,\"application-addressmanagement-display-component---detailAdm--addressDetailDetailsName1\")]"}
COMMAND: POST /session/182702e4e2b2f92e69599adcb85aed51/execute/async - {"script":"<script> [1562 bytes]","args":[{"selector":{"controlType":"sap.m.Title","viewName":"etm.portal.ui.managesites.view.Master","viewId":"application-managesites-display-component---masterSite","i18NText":{"propertyName":"text","key":"sites"}},"wdio_ui5_key":"etmportal.ui.managesites.view.Mastersap.m.Title{\"propertyName\":\"text\",\"key\":\"sites\"}"}]}
RESULT: {"using":"xpath","value":"//span[contains(text(), \"WebdriverYardjjtihg\")][contains(@id ,\"application-addressmanagement-display-component---detailAdm--addressDetailDetailsName1\")]"}
COMMAND: POST /session/182702e4e2b2f92e69599adcb85aed51/element - {"using":"xpath","value":"//span[contains(text(), \"WebdriverYardjjtihg\")][contains(@id ,\"application-addressmanagement-display-component---detailAdm--addressDetailDetailsName1\")]"}
RESULT: {"script":"<script> [1562 bytes]","args":[{"selector":{"controlType":"sap.m.Title","viewName":"etm.portal.ui.managesites.view.Master","viewId":"application-managesites-display-component---masterSite","i18NText":{"propertyName":"text","key":"sites"}},"wdio_ui5_key":"etmportal.ui.managesites.view.Mastersap.m.Title{\"propertyName\":\"text\",\"key\":\"sites\"}"}]}
RESULT: undefined
COMMAND: POST /session/182702e4e2b2f92e69599adcb85aed51/execute/async - {"script":"<script> [6424 bytes]","args":[{"element-6066-11e4-a52e-4f735466cecf":"f.EA19BBC851313D4479D8F918DE7934ED.d.FAAD88DF64EB9B69EE25DEEAA7270BC4.e.4326"},"getText",[]]}
RESULT: {"using":"xpath","value":"//span[contains(text(), \"WebdriverYardjjtihg\")][contains(@id ,\"application-addressmanagement-display-component---detailAdm--addressDetailDetailsName1\")]"}
RESULT: {"script":"<script> [6424 bytes]","args":[{"element-6066-11e4-a52e-4f735466cecf":"f.EA19BBC851313D4479D8F918DE7934ED.d.FAAD88DF64EB9B69EE25DEEAA7270BC4.e.4326"},"getText",[]]}
COMMAND: POST /session/182702e4e2b2f92e69599adcb85aed51/execute/async - {"script":"<script> [1562 bytes]","args":[{"selector":{"id":"application-managesites-display-component---detailSite--addressDetailDetailsName1"},"wdio_ui5_key":"applicationmanagesites-display-component---detailSite--addressDetailDetailsName1"}]}
COMMAND: POST /session/182702e4e2b2f92e69599adcb85aed51/element - {"using":"xpath","value":"//span[contains(text(), \"WebdriverYardjjtihg\")][contains(@id ,\"application-addressmanagement-display-component---detailAdm--addressDetailDetailsName1\")]"}
RESULT: {"script":"<script> [1562 bytes]","args":[{"selector":{"id":"application-managesites-display-component---detailSite--addressDetailDetailsName1"},"wdio_ui5_key":"applicationmanagesites-display-component---detailSite--addressDetailDetailsName1"}]}
RESULT: undefined
COMMAND: POST /session/182702e4e2b2f92e69599adcb85aed51/execute/async - {"script":"<script> [6424 bytes]","args":[{"element-6066-11e4-a52e-4f735466cecf":"f.EA19BBC851313D4479D8F918DE7934ED.d.FAAD88DF64EB9B69EE25DEEAA7270BC4.e.4064"},"getValue",[]]}
RESULT: {"using":"xpath","value":"//span[contains(text(), \"WebdriverYardjjtihg\")][contains(@id ,\"application-addressmanagement-display-component---detailAdm--addressDetailDetailsName1\")]"}
RESULT: {"script":"<script> [6424 bytes]","args":[{"element-6066-11e4-a52e-4f735466cecf":"f.EA19BBC851313D4479D8F918DE7934ED.d.FAAD88DF64EB9B69EE25DEEAA7270BC4.e.4064"},"getValue",[]]}
RESULT: undefined
COMMAND: POST /session/182702e4e2b2f92e69599adcb85aed51/element - {"using":"xpath","value":"//*[@id=\"backBtn\"]"}
RESULT: {"using":"xpath","value":"//*[@id=\"backBtn\"]"}
COMMAND: POST /session/182702e4e2b2f92e69599adcb85aed51/element/f.EA19BBC851313D4479D8F918DE7934ED.d.FAAD88DF64EB9B69EE25DEEAA7270BC4.e.3136/click - {}
COMMAND: POST /session/182702e4e2b2f92e69599adcb85aed51/element - {"using":"xpath","value":"//span[contains(text(), \"WebdriverYardjjtihg\")][contains(@id ,\"application-addressmanagement-display-component---detailAdm--addressDetailDetailsName1\")]"}
RESULT: {"using":"xpath","value":"//span[contains(text(), \"WebdriverYardjjtihg\")][contains(@id ,\"application-addressmanagement-display-component---detailAdm--addressDetailDetailsName1\")]"}
RESULT: {}
COMMAND: GET /session/182702e4e2b2f92e69599adcb85aed51/screenshot - {}
COMMAND: POST /session/182702e4e2b2f92e69599adcb85aed51/element - {"using":"xpath","value":"//span[contains(text(), \"WebdriverYardjjtihg\")][contains(@id ,\"application-addressmanagement-display-component---detailAdm--addressDetailDetailsName1\")]"}
RESULT: {}
RESULT: {"using":"xpath","value":"//span[contains(text(), \"WebdriverYardjjtihg\")][contains(@id ,\"application-addressmanagement-display-component---detailAdm--addressDetailDetailsName1\")]"}
COMMAND: POST /session/182702e4e2b2f92e69599adcb85aed51/element - {"using":"xpath","value":"//span[contains(text(), \"WebdriverYardjjtihg\")][contains(@id ,\"application-addressmanagement-display-component---detailAdm--addressDetailDetailsName1\")]"}
RESULT: {"using":"xpath","value":"//span[contains(text(), \"WebdriverYardjjtihg\")][contains(@id ,\"application-addressmanagement-display-component---detailAdm--addressDetailDetailsName1\")]"}
COMMAND: POST /session/182702e4e2b2f92e69599adcb85aed51/element - {"using":"xpath","value":"//span[contains(text(), \"WebdriverYardjjtihg\")][contains(@id ,\"application-addressmanagement-display-component---detailAdm--addressDetailDetailsName1\")]"}
RESULT: {"using":"xpath","value":"//span[contains(text(), \"WebdriverYardjjtihg\")][contains(@id ,\"application-addressmanagement-display-component---detailAdm--addressDetailDetailsName1\")]"}
COMMAND: POST /session/182702e4e2b2f92e69599adcb85aed51/element - {"using":"xpath","value":"//span[contains(text(), \"WebdriverYardjjtihg\")][contains(@id ,\"application-addressmanagement-display-component---detailAdm--addressDetailDetailsName1\")]"}
RESULT: {"using":"xpath","value":"//span[contains(text(), \"WebdriverYardjjtihg\")][contains(@id ,\"application-addressmanagement-display-component---detailAdm--addressDetailDetailsName1\")]"}
COMMAND: POST /session/182702e4e2b2f92e69599adcb85aed51/element - {"using":"xpath","value":"//span[contains(text(), \"WebdriverYardjjtihg\")][contains(@id ,\"application-addressmanagement-display-component---detailAdm--addressDetailDetailsName1\")]"}
RESULT: {"using":"xpath","value":"//span[contains(text(), \"WebdriverYardjjtihg\")][contains(@id ,\"application-addressmanagement-display-component---detailAdm--addressDetailDetailsName1\")]"}
COMMAND: POST /session/182702e4e2b2f92e69599adcb85aed51/element - {"using":"xpath","value":"//span[contains(text(), \"WebdriverYardjjtihg\")][contains(@id ,\"application-addressmanagement-display-component---detailAdm--addressDetailDetailsName1\")]"}
RESULT: {"using":"xpath","value":"//span[contains(text(), \"WebdriverYardjjtihg\")][contains(@id ,\"application-addressmanagement-display-component---detailAdm--addressDetailDetailsName1\")]"}
COMMAND: POST /session/182702e4e2b2f92e69599adcb85aed51/element - {"using":"xpath","value":"//span[contains(text(), \"WebdriverYardjjtihg\")][contains(@id ,\"application-addressmanagement-display-component---detailAdm--addressDetailDetailsName1\")]"}
RESULT: {"using":"xpath","value":"//span[contains(text(), \"WebdriverYardjjtihg\")][contains(@id ,\"application-addressmanagement-display-component---detailAdm--addressDetailDetailsName1\")]"}
COMMAND: POST /session/182702e4e2b2f92e69599adcb85aed51/element - {"using":"xpath","value":"//span[contains(text(), \"WebdriverYardjjtihg\")][contains(@id ,\"application-addressmanagement-display-component---detailAdm--addressDetailDetailsName1\")]"}
RESULT: {"using":"xpath","value":"//span[contains(text(), \"WebdriverYardjjtihg\")][contains(@id ,\"application-addressmanagement-display-component---detailAdm--addressDetailDetailsName1\")]"}
COMMAND: POST /session/182702e4e2b2f92e69599adcb85aed51/element - {"using":"xpath","value":"//span[contains(text(), \"WebdriverYardjjtihg\")][contains(@id ,\"application-addressmanagement-display-component---detailAdm--addressDetailDetailsName1\")]"}
RESULT: {"using":"xpath","value":"//span[contains(text(), \"WebdriverYardjjtihg\")][contains(@id ,\"application-addressmanagement-display-component---detailAdm--addressDetailDetailsName1\")]"}
COMMAND: POST /session/182702e4e2b2f92e69599adcb85aed51/element - {"using":"xpath","value":"//span[contains(text(), \"WebdriverYardjjtihg\")][contains(@id ,\"application-addressmanagement-display-component---detailAdm--addressDetailDetailsName1\")]"}
RESULT: {"using":"xpath","value":"//span[contains(text(), \"WebdriverYardjjtihg\")][contains(@id ,\"application-addressmanagement-display-component---detailAdm--addressDetailDetailsName1\")]"}
COMMAND: POST /session/182702e4e2b2f92e69599adcb85aed51/element - {"using":"xpath","value":"//span[contains(text(), \"WebdriverYardjjtihg\")][contains(@id ,\"application-addressmanagement-display-component---detailAdm--addressDetailDetailsName1\")]"}
RESULT: {"using":"xpath","value":"//span[contains(text(), \"WebdriverYardjjtihg\")][contains(@id ,\"application-addressmanagement-display-component---detailAdm--addressDetailDetailsName1\")]"}
COMMAND: POST /session/182702e4e2b2f92e69599adcb85aed51/element - {"using":"xpath","value":"//span[contains(text(), \"WebdriverYardjjtihg\")][contains(@id ,\"application-addressmanagement-display-component---detailAdm--addressDetailDetailsName1\")]"}
RESULT: {"using":"xpath","value":"//span[contains(text(), \"WebdriverYardjjtihg\")][contains(@id ,\"application-addressmanagement-display-component---detailAdm--addressDetailDetailsName1\")]"}
COMMAND: POST /session/182702e4e2b2f92e69599adcb85aed51/execute/sync - {"script":"<script> [8489 bytes]","args":[{"element-6066-11e4-a52e-4f735466cecf":"f.EA19BBC851313D4479D8F918DE7934ED.d.FAAD88DF64EB9B69EE25DEEAA7270BC4.e.4014","ELEMENT":"f.EA19BBC851313D4479D8F918DE7934ED.d.FAAD88DF64EB9B69EE25DEEAA7270BC4.e.4014"}]}
COMMAND: POST /session/182702e4e2b2f92e69599adcb85aed51/element - {"using":"xpath","value":"//*[contains(@data-kt ,\"webshopDetailSiteLink\")]"}
RESULT: {"using":"xpath","value":"//*[contains(@data-kt ,\"webshopDetailSiteLink\")]"}
COMMAND: POST /session/182702e4e2b2f92e69599adcb85aed51/execute/sync - {"script":"<script> [8489 bytes]","args":[{"element-6066-11e4-a52e-4f735466cecf":"f.EA19BBC851313D4479D8F918DE7934ED.d.FAAD88DF64EB9B69EE25DEEAA7270BC4.e.4497","ELEMENT":"f.EA19BBC851313D4479D8F918DE7934ED.d.FAAD88DF64EB9B69EE25DEEAA7270BC4.e.4497"}]}
RESULT: {"script":"<script> [8489 bytes]","args":[{"element-6066-11e4-a52e-4f735466cecf":"f.EA19BBC851313D4479D8F918DE7934ED.d.FAAD88DF64EB9B69EE25DEEAA7270BC4.e.4497","ELEMENT":"f.EA19BBC851313D4479D8F918DE7934ED.d.FAAD88DF64EB9B69EE25DEEAA7270BC4.e.4497"}]}
COMMAND: POST /session/182702e4e2b2f92e69599adcb85aed51/execute/sync - {"script":"<script> [5351 bytes]","args":[{"element-6066-11e4-a52e-4f735466cecf":"f.EA19BBC851313D4479D8F918DE7934ED.d.FAAD88DF64EB9B69EE25DEEAA7270BC4.e.4497","ELEMENT":"f.EA19BBC851313D4479D8F918DE7934ED.d.FAAD88DF64EB9B69EE25DEEAA7270BC4.e.4497"}]}
COMMAND: GET /session/182702e4e2b2f92e69599adcb85aed51/screenshot - {}
RESULT: {"script":"<script> [5351 bytes]","args":[{"element-6066-11e4-a52e-4f735466cecf":"f.EA19BBC851313D4479D8F918DE7934ED.d.FAAD88DF64EB9B69EE25DEEAA7270BC4.e.4497","ELEMENT":"f.EA19BBC851313D4479D8F918DE7934ED.d.FAAD88DF64EB9B69EE25DEEAA7270BC4.e.4497"}]}
COMMAND: POST /session/182702e4e2b2f92e69599adcb85aed51/element - {"using":"xpath","value":"//*[contains(@data-kt ,\"webshopDetailSiteLink\")]"}
COMMAND: GET /session/182702e4e2b2f92e69599adcb85aed51/screenshot - {}
COMMAND: POST /session/182702e4e2b2f92e69599adcb85aed51/element - {"using":"xpath","value":"//span[contains(text(), \"WebdriverYardjjtihg\")][contains(@id ,\"application-addressmanagement-display-component---detailAdm--addressDetailDetailsName1\")]"}
RESULT: {}
RESULT: {"using":"xpath","value":"//*[contains(@data-kt ,\"webshopDetailSiteLink\")]"}
COMMAND: POST /session/182702e4e2b2f92e69599adcb85aed51/element/f.EA19BBC851313D4479D8F918DE7934ED.d.FAAD88DF64EB9B69EE25DEEAA7270BC4.e.4497/click - {}
RESULT: {}
RESULT: {"using":"xpath","value":"//span[contains(text(), \"WebdriverYardjjtihg\")][contains(@id ,\"application-addressmanagement-display-component---detailAdm--addressDetailDetailsName1\")]"}
RESULT: {}
COMMAND: GET /session/182702e4e2b2f92e69599adcb85aed51/screenshot - {}
RESULT: {}
COMMAND: POST /session/182702e4e2b2f92e69599adcb85aed51/element - {"using":"xpath","value":"//span[contains(text(), \"WebdriverYardjjtihg\")][contains(@id ,\"application-addressmanagement-display-component---detailAdm--addressDetailDetailsName1\")]"}
RESULT: {"using":"xpath","value":"//span[contains(text(), \"WebdriverYardjjtihg\")][contains(@id ,\"application-addressmanagement-display-component---detailAdm--addressDetailDetailsName1\")]"}
COMMAND: POST /session/182702e4e2b2f92e69599adcb85aed51/element - {"using":"xpath","value":"//span[contains(text(), \"WebdriverYardjjtihg\")][contains(@id ,\"application-addressmanagement-display-component---detailAdm--addressDetailDetailsName1\")]"}
RESULT: {"using":"xpath","value":"//span[contains(text(), \"WebdriverYardjjtihg\")][contains(@id ,\"application-addressmanagement-display-component---detailAdm--addressDetailDetailsName1\")]"}
COMMAND: POST /session/182702e4e2b2f92e69599adcb85aed51/element/f.EA19BBC851313D4479D8F918DE7934ED.d.FAAD88DF64EB9B69EE25DEEAA7270BC4.e.4017/click - {}
COMMAND: POST /session/182702e4e2b2f92e69599adcb85aed51/element - {"using":"xpath","value":"//*[contains(@data-kt ,\"ContextMenuId2Link\")][contains(text(), \"Site Overview\")]"}
RESULT: {"using":"xpath","value":"//*[contains(@data-kt ,\"ContextMenuId2Link\")][contains(text(), \"Site Overview\")]"}
COMMAND: POST /session/182702e4e2b2f92e69599adcb85aed51/element/f.EA19BBC851313D4479D8F918DE7934ED.d.FAAD88DF64EB9B69EE25DEEAA7270BC4.e.4017/click - {}
COMMAND: POST /session/182702e4e2b2f92e69599adcb85aed51/element - {"using":"xpath","value":"//span[contains(text(), \"WebdriverYardjjtihg\")][contains(@id ,\"application-addressmanagement-display-component---detailAdm--addressDetailDetailsName1\")]"}
COMMAND: POST /session/182702e4e2b2f92e69599adcb85aed51/element - {"using":"xpath","value":"//*[contains(@data-kt ,\"ContextMenuId2Link\")][contains(text(), \"Site Overview\")]"}
RESULT: {"using":"xpath","value":"//span[contains(text(), \"WebdriverYardjjtihg\")][contains(@id ,\"application-addressmanagement-display-component---detailAdm--addressDetailDetailsName1\")]"}
RESULT: {"using":"xpath","value":"//*[contains(@data-kt ,\"ContextMenuId2Link\")][contains(text(), \"Site Overview\")]"}
COMMAND: POST /session/182702e4e2b2f92e69599adcb85aed51/element/f.EA19BBC851313D4479D8F918DE7934ED.d.FAAD88DF64EB9B69EE25DEEAA7270BC4.e.4499/click - {}
RESULT: {}
COMMAND: GET /session/182702e4e2b2f92e69599adcb85aed51/screenshot - {}
COMMAND: POST /session/182702e4e2b2f92e69599adcb85aed51/element - {"using":"xpath","value":"//span[contains(text(), \"WebdriverYardjjtihg\")][contains(@id ,\"application-addressmanagement-display-component---detailAdm--addressDetailDetailsName1\")]"}
RESULT: {}
RESULT: {"using":"xpath","value":"//span[contains(text(), \"WebdriverYardjjtihg\")][contains(@id ,\"application-addressmanagement-display-component---detailAdm--addressDetailDetailsName1\")]"}
COMMAND: POST /session/182702e4e2b2f92e69599adcb85aed51/element - {"using":"xpath","value":"//span[contains(text(), \"WebdriverYardjjtihg\")][contains(@id ,\"application-addressmanagement-display-component---detailAdm--addressDetailDetailsName1\")]"}
RESULT: {"using":"xpath","value":"//span[contains(text(), \"WebdriverYardjjtihg\")][contains(@id ,\"application-addressmanagement-display-component---detailAdm--addressDetailDetailsName1\")]"}
COMMAND: POST /session/182702e4e2b2f92e69599adcb85aed51/element - {"using":"xpath","value":"//span[contains(text(), \"WebdriverYardjjtihg\")][contains(@id ,\"application-addressmanagement-display-component---detailAdm--addressDetailDetailsName1\")]"}
RESULT: {"using":"xpath","value":"//span[contains(text(), \"WebdriverYardjjtihg\")][contains(@id ,\"application-addressmanagement-display-component---detailAdm--addressDetailDetailsName1\")]"}
RESULT: undefined
COMMAND: POST /session/182702e4e2b2f92e69599adcb85aed51/execute/async - {"script":"<script> [6424 bytes]","args":[{"element-6066-11e4-a52e-4f735466cecf":"f.EA19BBC851313D4479D8F918DE7934ED.d.FAAD88DF64EB9B69EE25DEEAA7270BC4.e.3134"},"getTitle",[]]}
COMMAND: POST /session/182702e4e2b2f92e69599adcb85aed51/execute/async - {"script":"<script> [1562 bytes]","args":[{"selector":{"id":"shellAppTitle"},"wdio_ui5_key":"shellAppTitle"}]}
RESULT: {"script":"<script> [1562 bytes]","args":[{"selector":{"id":"shellAppTitle"},"wdio_ui5_key":"shellAppTitle"}]}
COMMAND: POST /session/182702e4e2b2f92e69599adcb85aed51/execute/async - {"script":"<script> [6424 bytes]","args":[{"element-6066-11e4-a52e-4f735466cecf":"f.EA19BBC851313D4479D8F918DE7934ED.d.FAAD88DF64EB9B69EE25DEEAA7270BC4.e.4524"},"getTitle",[]]}
RESULT: {"script":"<script> [6424 bytes]","args":[{"element-6066-11e4-a52e-4f735466cecf":"f.EA19BBC851313D4479D8F918DE7934ED.d.FAAD88DF64EB9B69EE25DEEAA7270BC4.e.4524"},"getTitle",[]]}
COMMAND: POST /session/182702e4e2b2f92e69599adcb85aed51/element - {"using":"xpath","value":"(//span[contains(text(), \"WebdriverSite1zulf\")])[2]"}
RESULT: {"using":"xpath","value":"(//span[contains(text(), \"WebdriverSite1zulf\")])[2]"}
COMMAND: POST /session/182702e4e2b2f92e69599adcb85aed51/execute/sync - {"script":"<script> [8489 bytes]","args":[{"element-6066-11e4-a52e-4f735466cecf":"f.EA19BBC851313D4479D8F918DE7934ED.d.FAAD88DF64EB9B69EE25DEEAA7270BC4.e.4525","ELEMENT":"f.EA19BBC851313D4479D8F918DE7934ED.d.FAAD88DF64EB9B69EE25DEEAA7270BC4.e.4525"}]}
RESULT: undefined
COMMAND: POST /session/182702e4e2b2f92e69599adcb85aed51/element - {"using":"xpath","value":"//*[@id=\"backBtn\"]"}
RESULT: {"script":"<script> [8489 bytes]","args":[{"element-6066-11e4-a52e-4f735466cecf":"f.EA19BBC851313D4479D8F918DE7934ED.d.FAAD88DF64EB9B69EE25DEEAA7270BC4.e.4525","ELEMENT":"f.EA19BBC851313D4479D8F918DE7934ED.d.FAAD88DF64EB9B69EE25DEEAA7270BC4.e.4525"}]}
COMMAND: GET /session/182702e4e2b2f92e69599adcb85aed51/screenshot - {}
RESULT: {"using":"xpath","value":"//*[@id=\"backBtn\"]"}
COMMAND: POST /session/182702e4e2b2f92e69599adcb85aed51/element/f.EA19BBC851313D4479D8F918DE7934ED.d.FAAD88DF64EB9B69EE25DEEAA7270BC4.e.3136/click - {}
RESULT: {}
RESULT: {}
COMMAND: GET /session/182702e4e2b2f92e69599adcb85aed51/screenshot - {}
RESULT: {}
COMMAND: POST /session/182702e4e2b2f92e69599adcb85aed51/execute/sync - {"script":"<script> [8489 bytes]","args":[{"element-6066-11e4-a52e-4f735466cecf":"f.EA19BBC851313D4479D8F918DE7934ED.d.FAAD88DF64EB9B69EE25DEEAA7270BC4.e.4497","ELEMENT":"f.EA19BBC851313D4479D8F918DE7934ED.d.FAAD88DF64EB9B69EE25DEEAA7270BC4.e.4497"}]}
COMMAND: POST /session/182702e4e2b2f92e69599adcb85aed51/element - {"using":"xpath","value":"//*[contains(@data-kt ,\"webshopDetailSiteLink\")]"}
RESULT: {"using":"xpath","value":"//*[contains(@data-kt ,\"webshopDetailSiteLink\")]"}
COMMAND: POST /session/182702e4e2b2f92e69599adcb85aed51/execute/sync - {"script":"<script> [8489 bytes]","args":[{"element-6066-11e4-a52e-4f735466cecf":"f.EA19BBC851313D4479D8F918DE7934ED.d.FAAD88DF64EB9B69EE25DEEAA7270BC4.e.4660","ELEMENT":"f.EA19BBC851313D4479D8F918DE7934ED.d.FAAD88DF64EB9B69EE25DEEAA7270BC4.e.4660"}]}
RESULT: {"script":"<script> [8489 bytes]","args":[{"element-6066-11e4-a52e-4f735466cecf":"f.EA19BBC851313D4479D8F918DE7934ED.d.FAAD88DF64EB9B69EE25DEEAA7270BC4.e.4660","ELEMENT":"f.EA19BBC851313D4479D8F918DE7934ED.d.FAAD88DF64EB9B69EE25DEEAA7270BC4.e.4660"}]}
COMMAND: POST /session/182702e4e2b2f92e69599adcb85aed51/execute/sync - {"script":"<script> [5351 bytes]","args":[{"element-6066-11e4-a52e-4f735466cecf":"f.EA19BBC851313D4479D8F918DE7934ED.d.FAAD88DF64EB9B69EE25DEEAA7270BC4.e.4660","ELEMENT":"f.EA19BBC851313D4479D8F918DE7934ED.d.FAAD88DF64EB9B69EE25DEEAA7270BC4.e.4660"}]}
COMMAND: GET /session/182702e4e2b2f92e69599adcb85aed51/screenshot - {}
RESULT: {"script":"<script> [5351 bytes]","args":[{"element-6066-11e4-a52e-4f735466cecf":"f.EA19BBC851313D4479D8F918DE7934ED.d.FAAD88DF64EB9B69EE25DEEAA7270BC4.e.4660","ELEMENT":"f.EA19BBC851313D4479D8F918DE7934ED.d.FAAD88DF64EB9B69EE25DEEAA7270BC4.e.4660"}]}
COMMAND: POST /session/182702e4e2b2f92e69599adcb85aed51/element - {"using":"xpath","value":"//*[contains(@data-kt ,\"webshopDetailSiteLink\")]"}
COMMAND: GET /session/182702e4e2b2f92e69599adcb85aed51/screenshot - {}
RESULT: {}
RESULT: {"using":"xpath","value":"//*[contains(@data-kt ,\"webshopDetailSiteLink\")]"}
COMMAND: POST /session/182702e4e2b2f92e69599adcb85aed51/element/f.EA19BBC851313D4479D8F918DE7934ED.d.FAAD88DF64EB9B69EE25DEEAA7270BC4.e.4660/click - {}
RESULT: {}
RESULT: {}
COMMAND: GET /session/182702e4e2b2f92e69599adcb85aed51/screenshot - {}
RESULT: {}
COMMAND: POST /session/182702e4e2b2f92e69599adcb85aed51/element/f.EA19BBC851313D4479D8F918DE7934ED.d.FAAD88DF64EB9B69EE25DEEAA7270BC4.e.4018/click - {}
COMMAND: POST /session/182702e4e2b2f92e69599adcb85aed51/element - {"using":"xpath","value":"//*[contains(@data-kt ,\"ContextMenuId3Link\")][contains(text(), \"Site Main Address\")]"}
RESULT: {"using":"xpath","value":"//*[contains(@data-kt ,\"ContextMenuId3Link\")][contains(text(), \"Site Main Address\")]"}
COMMAND: POST /session/182702e4e2b2f92e69599adcb85aed51/element/f.EA19BBC851313D4479D8F918DE7934ED.d.FAAD88DF64EB9B69EE25DEEAA7270BC4.e.4018/click - {}
COMMAND: POST /session/182702e4e2b2f92e69599adcb85aed51/element - {"using":"xpath","value":"//*[contains(@data-kt ,\"ContextMenuId3Link\")][contains(text(), \"Site Main Address\")]"}
RESULT: {"using":"xpath","value":"//*[contains(@data-kt ,\"ContextMenuId3Link\")][contains(text(), \"Site Main Address\")]"}
COMMAND: POST /session/182702e4e2b2f92e69599adcb85aed51/element/f.EA19BBC851313D4479D8F918DE7934ED.d.FAAD88DF64EB9B69EE25DEEAA7270BC4.e.4664/click - {}
RESULT: {}
COMMAND: GET /session/182702e4e2b2f92e69599adcb85aed51/screenshot - {}
RESULT: {}
COMMAND: POST /session/182702e4e2b2f92e69599adcb85aed51/element - {"using":"xpath","value":"//span[contains(@id ,\"application-addressmanagement-display-component---masterAdm--title1-inner\")]"}
RESULT: {"using":"xpath","value":"//span[contains(@id ,\"application-addressmanagement-display-component---masterAdm--title1-inner\")]"}
COMMAND: GET /session/182702e4e2b2f92e69599adcb85aed51/element/f.EA19BBC851313D4479D8F918DE7934ED.d.FAAD88DF64EB9B69EE25DEEAA7270BC4.e.4879/text - {}
RESULT: {}
COMMAND: POST /session/182702e4e2b2f92e69599adcb85aed51/element - {"using":"xpath","value":"//span[contains(@id ,\"application-addressmanagement-display-component---detailAdm--addressDetailDetailsName1\")][contains(text(), \"WebdriverSite1zulf\")]"}
RESULT: {"using":"xpath","value":"//span[contains(@id ,\"application-addressmanagement-display-component---detailAdm--addressDetailDetailsName1\")][contains(text(), \"WebdriverSite1zulf\")]"}
COMMAND: POST /session/182702e4e2b2f92e69599adcb85aed51/execute/sync - {"script":"<script> [8489 bytes]","args":[{"element-6066-11e4-a52e-4f735466cecf":"f.EA19BBC851313D4479D8F918DE7934ED.d.FAAD88DF64EB9B69EE25DEEAA7270BC4.e.4880","ELEMENT":"f.EA19BBC851313D4479D8F918DE7934ED.d.FAAD88DF64EB9B69EE25DEEAA7270BC4.e.4880"}]}
RESULT: undefined
COMMAND: POST /session/182702e4e2b2f92e69599adcb85aed51/element - {"using":"xpath","value":"//*[@id=\"backBtn\"]"}
RESULT: {"script":"<script> [8489 bytes]","args":[{"element-6066-11e4-a52e-4f735466cecf":"f.EA19BBC851313D4479D8F918DE7934ED.d.FAAD88DF64EB9B69EE25DEEAA7270BC4.e.4880","ELEMENT":"f.EA19BBC851313D4479D8F918DE7934ED.d.FAAD88DF64EB9B69EE25DEEAA7270BC4.e.4880"}]}
COMMAND: GET /session/182702e4e2b2f92e69599adcb85aed51/screenshot - {}
RESULT: {"using":"xpath","value":"//*[@id=\"backBtn\"]"}
COMMAND: POST /session/182702e4e2b2f92e69599adcb85aed51/element/f.EA19BBC851313D4479D8F918DE7934ED.d.FAAD88DF64EB9B69EE25DEEAA7270BC4.e.3136/click - {}
RESULT: {}
RESULT: {}
COMMAND: GET /session/182702e4e2b2f92e69599adcb85aed51/screenshot - {}
RESULT: {}
COMMAND: POST /session/182702e4e2b2f92e69599adcb85aed51/execute/sync - {"script":"<script> [8489 bytes]","args":[{"element-6066-11e4-a52e-4f735466cecf":"f.EA19BBC851313D4479D8F918DE7934ED.d.FAAD88DF64EB9B69EE25DEEAA7270BC4.e.4660","ELEMENT":"f.EA19BBC851313D4479D8F918DE7934ED.d.FAAD88DF64EB9B69EE25DEEAA7270BC4.e.4660"}]}
COMMAND: POST /session/182702e4e2b2f92e69599adcb85aed51/element - {"using":"xpath","value":"//*[contains(@data-kt ,\"webshopDetailSiteLink\")]"}
RESULT: {"using":"xpath","value":"//*[contains(@data-kt ,\"webshopDetailSiteLink\")]"}
COMMAND: POST /session/182702e4e2b2f92e69599adcb85aed51/execute/sync - {"script":"<script> [8489 bytes]","args":[{"element-6066-11e4-a52e-4f735466cecf":"f.EA19BBC851313D4479D8F918DE7934ED.d.FAAD88DF64EB9B69EE25DEEAA7270BC4.e.5050","ELEMENT":"f.EA19BBC851313D4479D8F918DE7934ED.d.FAAD88DF64EB9B69EE25DEEAA7270BC4.e.5050"}]}
RESULT: {"script":"<script> [8489 bytes]","args":[{"element-6066-11e4-a52e-4f735466cecf":"f.EA19BBC851313D4479D8F918DE7934ED.d.FAAD88DF64EB9B69EE25DEEAA7270BC4.e.5050","ELEMENT":"f.EA19BBC851313D4479D8F918DE7934ED.d.FAAD88DF64EB9B69EE25DEEAA7270BC4.e.5050"}]}
COMMAND: POST /session/182702e4e2b2f92e69599adcb85aed51/execute/sync - {"script":"<script> [5351 bytes]","args":[{"element-6066-11e4-a52e-4f735466cecf":"f.EA19BBC851313D4479D8F918DE7934ED.d.FAAD88DF64EB9B69EE25DEEAA7270BC4.e.5050","ELEMENT":"f.EA19BBC851313D4479D8F918DE7934ED.d.FAAD88DF64EB9B69EE25DEEAA7270BC4.e.5050"}]}
COMMAND: GET /session/182702e4e2b2f92e69599adcb85aed51/screenshot - {}
RESULT: {"script":"<script> [5351 bytes]","args":[{"element-6066-11e4-a52e-4f735466cecf":"f.EA19BBC851313D4479D8F918DE7934ED.d.FAAD88DF64EB9B69EE25DEEAA7270BC4.e.5050","ELEMENT":"f.EA19BBC851313D4479D8F918DE7934ED.d.FAAD88DF64EB9B69EE25DEEAA7270BC4.e.5050"}]}
COMMAND: POST /session/182702e4e2b2f92e69599adcb85aed51/element - {"using":"xpath","value":"//*[contains(@data-kt ,\"webshopDetailSiteLink\")]"}
COMMAND: GET /session/182702e4e2b2f92e69599adcb85aed51/screenshot - {}
RESULT: {}
RESULT: {"using":"xpath","value":"//*[contains(@data-kt ,\"webshopDetailSiteLink\")]"}
COMMAND: POST /session/182702e4e2b2f92e69599adcb85aed51/element/f.EA19BBC851313D4479D8F918DE7934ED.d.FAAD88DF64EB9B69EE25DEEAA7270BC4.e.5050/click - {}
RESULT: {}
RESULT: {}
COMMAND: GET /session/182702e4e2b2f92e69599adcb85aed51/screenshot - {}
RESULT: {}
COMMAND: POST /session/182702e4e2b2f92e69599adcb85aed51/element - {"using":"xpath","value":"//button[contains(@data-kt ,\"ContextMenuIdExternalLink\")]"}
RESULT: {"using":"xpath","value":"//button[contains(@data-kt ,\"ContextMenuIdExternalLink\")]"}
COMMAND: POST /session/182702e4e2b2f92e69599adcb85aed51/element/f.EA19BBC851313D4479D8F918DE7934ED.d.FAAD88DF64EB9B69EE25DEEAA7270BC4.e.5051/click - {}
RESULT: {}
COMMAND: GET /session/182702e4e2b2f92e69599adcb85aed51/screenshot - {}
RESULT: {}
COMMAND: GET /session/182702e4e2b2f92e69599adcb85aed51/window/handles - {}
RESULT: {}
COMMAND: POST /session/182702e4e2b2f92e69599adcb85aed51/window - {"handle":"49B09B46DD8C1139C3471FFF265B3D24"}
RESULT: {"handle":"49B09B46DD8C1139C3471FFF265B3D24"}
COMMAND: GET /session/182702e4e2b2f92e69599adcb85aed51/url - {}
RESULT: {}
COMMAND: DELETE /session/182702e4e2b2f92e69599adcb85aed51/window - {}
COMMAND: GET /session/182702e4e2b2f92e69599adcb85aed51/screenshot - {}
RESULT: {}
COMMAND: POST /session/182702e4e2b2f92e69599adcb85aed51/window - {"handle":"EA19BBC851313D4479D8F918DE7934ED"}
RESULT: {"handle":"EA19BBC851313D4479D8F918DE7934ED"}
COMMAND: GET /session/182702e4e2b2f92e69599adcb85aed51/url - {}
RESULT: {}
RESULT: {}
COMMAND: GET /session/182702e4e2b2f92e69599adcb85aed51/screenshot - {}
RESULT: {}
COMMAND: POST /session/182702e4e2b2f92e69599adcb85aed51/element - {"using":"xpath","value":"//button[contains(@data-kt ,\"ContextMenuExternalId2Link\")]"}
RESULT: {"using":"xpath","value":"//button[contains(@data-kt ,\"ContextMenuExternalId2Link\")]"}
COMMAND: POST /session/182702e4e2b2f92e69599adcb85aed51/element/f.EA19BBC851313D4479D8F918DE7934ED.d.FAAD88DF64EB9B69EE25DEEAA7270BC4.e.5055/click - {}
RESULT: {}
COMMAND: GET /session/182702e4e2b2f92e69599adcb85aed51/screenshot - {}
RESULT: {}
COMMAND: GET /session/182702e4e2b2f92e69599adcb85aed51/window/handles - {}
RESULT: {}
COMMAND: POST /session/182702e4e2b2f92e69599adcb85aed51/window - {"handle":"F8805F9B18C6CF61D8B0ADCF18BBB4F6"}
RESULT: {"handle":"F8805F9B18C6CF61D8B0ADCF18BBB4F6"}
COMMAND: GET /session/182702e4e2b2f92e69599adcb85aed51/url - {}
RESULT: {}
COMMAND: GET /session/182702e4e2b2f92e69599adcb85aed51/screenshot - {}
COMMAND: POST /session/182702e4e2b2f92e69599adcb85aed51/execute/sync - {"script":"<script> [8489 bytes]","args":[{"element-6066-11e4-a52e-4f735466cecf":"f.EA19BBC851313D4479D8F918DE7934ED.d.FAAD88DF64EB9B69EE25DEEAA7270BC4.e.4525","ELEMENT":"f.EA19BBC851313D4479D8F918DE7934ED.d.FAAD88DF64EB9B69EE25DEEAA7270BC4.e.4525"}]}
COMMAND: DELETE /session/182702e4e2b2f92e69599adcb85aed51/window - {}
RESULT: {}
RESULT: {"script":"<script> [8489 bytes]","args":[{"element-6066-11e4-a52e-4f735466cecf":"f.EA19BBC851313D4479D8F918DE7934ED.d.FAAD88DF64EB9B69EE25DEEAA7270BC4.e.4525","ELEMENT":"f.EA19BBC851313D4479D8F918DE7934ED.d.FAAD88DF64EB9B69EE25DEEAA7270BC4.e.4525"}]}
COMMAND: GET /session/182702e4e2b2f92e69599adcb85aed51/screenshot - {}
RESULT: {}
COMMAND: POST /session/182702e4e2b2f92e69599adcb85aed51/window - {"handle":"EA19BBC851313D4479D8F918DE7934ED"}
COMMAND: POST /session/182702e4e2b2f92e69599adcb85aed51/execute/sync - {"script":"<script> [8489 bytes]","args":[{"element-6066-11e4-a52e-4f735466cecf":"f.EA19BBC851313D4479D8F918DE7934ED.d.FAAD88DF64EB9B69EE25DEEAA7270BC4.e.4525","ELEMENT":"f.EA19BBC851313D4479D8F918DE7934ED.d.FAAD88DF64EB9B69EE25DEEAA7270BC4.e.4525"}]}
RESULT: {"handle":"EA19BBC851313D4479D8F918DE7934ED"}
COMMAND: GET /session/182702e4e2b2f92e69599adcb85aed51/url - {}
COMMAND: POST /session/182702e4e2b2f92e69599adcb85aed51/element - {"using":"xpath","value":"(//span[contains(text(), \"WebdriverSite1zulf\")])[2]"}
RESULT: {}
RESULT: {}
COMMAND: GET /session/182702e4e2b2f92e69599adcb85aed51/screenshot - {}
RESULT: {"using":"xpath","value":"(//span[contains(text(), \"WebdriverSite1zulf\")])[2]"}
COMMAND: POST /session/182702e4e2b2f92e69599adcb85aed51/element - {"using":"xpath","value":"(//span[contains(text(), \"WebdriverSite1zulf\")])[2]"}
RESULT: {}
RESULT: {"using":"xpath","value":"(//span[contains(text(), \"WebdriverSite1zulf\")])[2]"}
COMMAND: POST /session/182702e4e2b2f92e69599adcb85aed51/element - {"using":"xpath","value":"(//span[contains(text(), \"WebdriverSite1zulf\")])[2]"}
RESULT: {"using":"xpath","value":"(//span[contains(text(), \"WebdriverSite1zulf\")])[2]"}
COMMAND: POST /session/182702e4e2b2f92e69599adcb85aed51/element - {"using":"xpath","value":"(//span[contains(text(), \"WebdriverSite1zulf\")])[2]"}
RESULT: {"using":"xpath","value":"(//span[contains(text(), \"WebdriverSite1zulf\")])[2]"}
COMMAND: POST /session/182702e4e2b2f92e69599adcb85aed51/element - {"using":"xpath","value":"(//span[contains(text(), \"WebdriverSite1zulf\")])[2]"}
RESULT: {"using":"xpath","value":"(//span[contains(text(), \"WebdriverSite1zulf\")])[2]"}
COMMAND: POST /session/182702e4e2b2f92e69599adcb85aed51/element - {"using":"xpath","value":"(//span[contains(text(), \"WebdriverSite1zulf\")])[2]"}
RESULT: {"using":"xpath","value":"(//span[contains(text(), \"WebdriverSite1zulf\")])[2]"}
COMMAND: POST /session/182702e4e2b2f92e69599adcb85aed51/element - {"using":"xpath","value":"(//span[contains(text(), \"WebdriverSite1zulf\")])[2]"}
RESULT: {"using":"xpath","value":"(//span[contains(text(), \"WebdriverSite1zulf\")])[2]"}
COMMAND: POST /session/182702e4e2b2f92e69599adcb85aed51/element - {"using":"xpath","value":"(//span[contains(text(), \"WebdriverSite1zulf\")])[2]"}
RESULT: {"using":"xpath","value":"(//span[contains(text(), \"WebdriverSite1zulf\")])[2]"}
COMMAND: POST /session/182702e4e2b2f92e69599adcb85aed51/element - {"using":"xpath","value":"(//span[contains(text(), \"WebdriverSite1zulf\")])[2]"}
RESULT: {"using":"xpath","value":"(//span[contains(text(), \"WebdriverSite1zulf\")])[2]"}
COMMAND: POST /session/182702e4e2b2f92e69599adcb85aed51/element - {"using":"xpath","value":"(//span[contains(text(), \"WebdriverSite1zulf\")])[2]"}
RESULT: {"using":"xpath","value":"(//span[contains(text(), \"WebdriverSite1zulf\")])[2]"}
COMMAND: POST /session/182702e4e2b2f92e69599adcb85aed51/execute/sync - {"script":"<script> [8489 bytes]","args":[{"element-6066-11e4-a52e-4f735466cecf":"f.EA19BBC851313D4479D8F918DE7934ED.d.FAAD88DF64EB9B69EE25DEEAA7270BC4.e.5050","ELEMENT":"f.EA19BBC851313D4479D8F918DE7934ED.d.FAAD88DF64EB9B69EE25DEEAA7270BC4.e.5050"}]}
RESULT: {"script":"<script> [8489 bytes]","args":[{"element-6066-11e4-a52e-4f735466cecf":"f.EA19BBC851313D4479D8F918DE7934ED.d.FAAD88DF64EB9B69EE25DEEAA7270BC4.e.5050","ELEMENT":"f.EA19BBC851313D4479D8F918DE7934ED.d.FAAD88DF64EB9B69EE25DEEAA7270BC4.e.5050"}]}
COMMAND: POST /session/182702e4e2b2f92e69599adcb85aed51/execute/sync - {"script":"<script> [5351 bytes]","args":[{"element-6066-11e4-a52e-4f735466cecf":"f.EA19BBC851313D4479D8F918DE7934ED.d.FAAD88DF64EB9B69EE25DEEAA7270BC4.e.5050","ELEMENT":"f.EA19BBC851313D4479D8F918DE7934ED.d.FAAD88DF64EB9B69EE25DEEAA7270BC4.e.5050"}]}
COMMAND: GET /session/182702e4e2b2f92e69599adcb85aed51/screenshot - {}
RESULT: {"script":"<script> [5351 bytes]","args":[{"element-6066-11e4-a52e-4f735466cecf":"f.EA19BBC851313D4479D8F918DE7934ED.d.FAAD88DF64EB9B69EE25DEEAA7270BC4.e.5050","ELEMENT":"f.EA19BBC851313D4479D8F918DE7934ED.d.FAAD88DF64EB9B69EE25DEEAA7270BC4.e.5050"}]}
COMMAND: POST /session/182702e4e2b2f92e69599adcb85aed51/element - {"using":"xpath","value":"//*[contains(@data-kt ,\"webshopDetailSiteLink\")]"}
COMMAND: GET /session/182702e4e2b2f92e69599adcb85aed51/screenshot - {}
COMMAND: POST /session/182702e4e2b2f92e69599adcb85aed51/element - {"using":"xpath","value":"(//span[contains(text(), \"WebdriverSite1zulf\")])[2]"}
RESULT: {}
RESULT: {"using":"xpath","value":"//*[contains(@data-kt ,\"webshopDetailSiteLink\")]"}
COMMAND: POST /session/182702e4e2b2f92e69599adcb85aed51/element/f.EA19BBC851313D4479D8F918DE7934ED.d.FAAD88DF64EB9B69EE25DEEAA7270BC4.e.5050/click - {}
RESULT: {}
RESULT: {"using":"xpath","value":"(//span[contains(text(), \"WebdriverSite1zulf\")])[2]"}
RESULT: {}
COMMAND: GET /session/182702e4e2b2f92e69599adcb85aed51/screenshot - {}
RESULT: {}
COMMAND: POST /session/182702e4e2b2f92e69599adcb85aed51/element - {"using":"xpath","value":"(//span[contains(text(), \"WebdriverSite1zulf\")])[2]"}
RESULT: {"using":"xpath","value":"(//span[contains(text(), \"WebdriverSite1zulf\")])[2]"}
COMMAND: POST /session/182702e4e2b2f92e69599adcb85aed51/execute/sync - {"script":"<script> [8489 bytes]","args":[{"element-6066-11e4-a52e-4f735466cecf":"f.EA19BBC851313D4479D8F918DE7934ED.d.FAAD88DF64EB9B69EE25DEEAA7270BC4.e.5062","ELEMENT":"f.EA19BBC851313D4479D8F918DE7934ED.d.FAAD88DF64EB9B69EE25DEEAA7270BC4.e.5062"}]}
RESULT: {"script":"<script> [8489 bytes]","args":[{"element-6066-11e4-a52e-4f735466cecf":"f.EA19BBC851313D4479D8F918DE7934ED.d.FAAD88DF64EB9B69EE25DEEAA7270BC4.e.5062","ELEMENT":"f.EA19BBC851313D4479D8F918DE7934ED.d.FAAD88DF64EB9B69EE25DEEAA7270BC4.e.5062"}]}
COMMAND: GET /session/182702e4e2b2f92e69599adcb85aed51/screenshot - {}
RESULT: {}
COMMAND: POST /session/182702e4e2b2f92e69599adcb85aed51/element - {"using":"xpath","value":"(//button[contains(@data-kt ,\"ContextMenuExternalId3Link\")])[2]"}
RESULT: {"using":"xpath","value":"(//button[contains(@data-kt ,\"ContextMenuExternalId3Link\")])[2]"}
COMMAND: POST /session/182702e4e2b2f92e69599adcb85aed51/element/f.EA19BBC851313D4479D8F918DE7934ED.d.FAAD88DF64EB9B69EE25DEEAA7270BC4.e.5063/click - {}
RESULT: {}
COMMAND: GET /session/182702e4e2b2f92e69599adcb85aed51/screenshot - {}
RESULT: {}
COMMAND: GET /session/182702e4e2b2f92e69599adcb85aed51/window/handles - {}
RESULT: {}
COMMAND: POST /session/182702e4e2b2f92e69599adcb85aed51/window - {"handle":"727749E795C9BDEF454512D87BBE3D45"}
RESULT: {"handle":"727749E795C9BDEF454512D87BBE3D45"}
COMMAND: GET /session/182702e4e2b2f92e69599adcb85aed51/url - {}
RESULT: {}
COMMAND: POST /session/182702e4e2b2f92e69599adcb85aed51/execute/sync - {"script":"<script> [8489 bytes]","args":[{"element-6066-11e4-a52e-4f735466cecf":"f.EA19BBC851313D4479D8F918DE7934ED.d.FAAD88DF64EB9B69EE25DEEAA7270BC4.e.4880","ELEMENT":"f.EA19BBC851313D4479D8F918DE7934ED.d.FAAD88DF64EB9B69EE25DEEAA7270BC4.e.4880"}]}
COMMAND: GET /session/182702e4e2b2f92e69599adcb85aed51/screenshot - {}
RESULT: {"script":"<script> [8489 bytes]","args":[{"element-6066-11e4-a52e-4f735466cecf":"f.EA19BBC851313D4479D8F918DE7934ED.d.FAAD88DF64EB9B69EE25DEEAA7270BC4.e.4880","ELEMENT":"f.EA19BBC851313D4479D8F918DE7934ED.d.FAAD88DF64EB9B69EE25DEEAA7270BC4.e.4880"}]}
COMMAND: GET /session/182702e4e2b2f92e69599adcb85aed51/screenshot - {}
RESULT: {}
COMMAND: POST /session/182702e4e2b2f92e69599adcb85aed51/execute/sync - {"script":"<script> [8489 bytes]","args":[{"element-6066-11e4-a52e-4f735466cecf":"f.EA19BBC851313D4479D8F918DE7934ED.d.FAAD88DF64EB9B69EE25DEEAA7270BC4.e.4880","ELEMENT":"f.EA19BBC851313D4479D8F918DE7934ED.d.FAAD88DF64EB9B69EE25DEEAA7270BC4.e.4880"}]}
RESULT: {}
RESULT: {"script":"<script> [8489 bytes]","args":[{"element-6066-11e4-a52e-4f735466cecf":"f.EA19BBC851313D4479D8F918DE7934ED.d.FAAD88DF64EB9B69EE25DEEAA7270BC4.e.4880","ELEMENT":"f.EA19BBC851313D4479D8F918DE7934ED.d.FAAD88DF64EB9B69EE25DEEAA7270BC4.e.4880"}]}
COMMAND: GET /session/182702e4e2b2f92e69599adcb85aed51/screenshot - {}
RESULT: {}
COMMAND: POST /session/182702e4e2b2f92e69599adcb85aed51/execute/sync - {"script":"<script> [8489 bytes]","args":[{"element-6066-11e4-a52e-4f735466cecf":"f.EA19BBC851313D4479D8F918DE7934ED.d.FAAD88DF64EB9B69EE25DEEAA7270BC4.e.4880","ELEMENT":"f.EA19BBC851313D4479D8F918DE7934ED.d.FAAD88DF64EB9B69EE25DEEAA7270BC4.e.4880"}]}
RESULT: {"script":"<script> [8489 bytes]","args":[{"element-6066-11e4-a52e-4f735466cecf":"f.EA19BBC851313D4479D8F918DE7934ED.d.FAAD88DF64EB9B69EE25DEEAA7270BC4.e.4880","ELEMENT":"f.EA19BBC851313D4479D8F918DE7934ED.d.FAAD88DF64EB9B69EE25DEEAA7270BC4.e.4880"}]}
COMMAND: GET /session/182702e4e2b2f92e69599adcb85aed51/screenshot - {}
RESULT: {}
COMMAND: POST /session/182702e4e2b2f92e69599adcb85aed51/execute/sync - {"script":"<script> [8489 bytes]","args":[{"element-6066-11e4-a52e-4f735466cecf":"f.EA19BBC851313D4479D8F918DE7934ED.d.FAAD88DF64EB9B69EE25DEEAA7270BC4.e.4880","ELEMENT":"f.EA19BBC851313D4479D8F918DE7934ED.d.FAAD88DF64EB9B69EE25DEEAA7270BC4.e.4880"}]}
RESULT: {"script":"<script> [8489 bytes]","args":[{"element-6066-11e4-a52e-4f735466cecf":"f.EA19BBC851313D4479D8F918DE7934ED.d.FAAD88DF64EB9B69EE25DEEAA7270BC4.e.4880","ELEMENT":"f.EA19BBC851313D4479D8F918DE7934ED.d.FAAD88DF64EB9B69EE25DEEAA7270BC4.e.4880"}]}
COMMAND: GET /session/182702e4e2b2f92e69599adcb85aed51/screenshot - {}
RESULT: {}
COMMAND: POST /session/182702e4e2b2f92e69599adcb85aed51/execute/sync - {"script":"<script> [8489 bytes]","args":[{"element-6066-11e4-a52e-4f735466cecf":"f.EA19BBC851313D4479D8F918DE7934ED.d.FAAD88DF64EB9B69EE25DEEAA7270BC4.e.4880","ELEMENT":"f.EA19BBC851313D4479D8F918DE7934ED.d.FAAD88DF64EB9B69EE25DEEAA7270BC4.e.4880"}]}
RESULT: {"script":"<script> [8489 bytes]","args":[{"element-6066-11e4-a52e-4f735466cecf":"f.EA19BBC851313D4479D8F918DE7934ED.d.FAAD88DF64EB9B69EE25DEEAA7270BC4.e.4880","ELEMENT":"f.EA19BBC851313D4479D8F918DE7934ED.d.FAAD88DF64EB9B69EE25DEEAA7270BC4.e.4880"}]}
COMMAND: GET /session/182702e4e2b2f92e69599adcb85aed51/screenshot - {}
RESULT: {}
COMMAND: POST /session/182702e4e2b2f92e69599adcb85aed51/execute/sync - {"script":"<script> [8489 bytes]","args":[{"element-6066-11e4-a52e-4f735466cecf":"f.EA19BBC851313D4479D8F918DE7934ED.d.FAAD88DF64EB9B69EE25DEEAA7270BC4.e.4880","ELEMENT":"f.EA19BBC851313D4479D8F918DE7934ED.d.FAAD88DF64EB9B69EE25DEEAA7270BC4.e.4880"}]}
RESULT: {"script":"<script> [8489 bytes]","args":[{"element-6066-11e4-a52e-4f735466cecf":"f.EA19BBC851313D4479D8F918DE7934ED.d.FAAD88DF64EB9B69EE25DEEAA7270BC4.e.4880","ELEMENT":"f.EA19BBC851313D4479D8F918DE7934ED.d.FAAD88DF64EB9B69EE25DEEAA7270BC4.e.4880"}]}
COMMAND: GET /session/182702e4e2b2f92e69599adcb85aed51/screenshot - {}
RESULT: {}
COMMAND: POST /session/182702e4e2b2f92e69599adcb85aed51/execute/sync - {"script":"<script> [8489 bytes]","args":[{"element-6066-11e4-a52e-4f735466cecf":"f.EA19BBC851313D4479D8F918DE7934ED.d.FAAD88DF64EB9B69EE25DEEAA7270BC4.e.4880","ELEMENT":"f.EA19BBC851313D4479D8F918DE7934ED.d.FAAD88DF64EB9B69EE25DEEAA7270BC4.e.4880"}]}
RESULT: {"script":"<script> [8489 bytes]","args":[{"element-6066-11e4-a52e-4f735466cecf":"f.EA19BBC851313D4479D8F918DE7934ED.d.FAAD88DF64EB9B69EE25DEEAA7270BC4.e.4880","ELEMENT":"f.EA19BBC851313D4479D8F918DE7934ED.d.FAAD88DF64EB9B69EE25DEEAA7270BC4.e.4880"}]}
COMMAND: GET /session/182702e4e2b2f92e69599adcb85aed51/screenshot - {}
RESULT: {}
COMMAND: DELETE /session/182702e4e2b2f92e69599adcb85aed51/window - {}
COMMAND: POST /session/182702e4e2b2f92e69599adcb85aed51/execute/sync - {"script":"<script> [8489 bytes]","args":[{"element-6066-11e4-a52e-4f735466cecf":"f.EA19BBC851313D4479D8F918DE7934ED.d.FAAD88DF64EB9B69EE25DEEAA7270BC4.e.4880","ELEMENT":"f.EA19BBC851313D4479D8F918DE7934ED.d.FAAD88DF64EB9B69EE25DEEAA7270BC4.e.4880"}]}
RESULT: {}
COMMAND: POST /session/182702e4e2b2f92e69599adcb85aed51/window - {"handle":"EA19BBC851313D4479D8F918DE7934ED"}
RESULT: {"handle":"EA19BBC851313D4479D8F918DE7934ED"}
COMMAND: GET /session/182702e4e2b2f92e69599adcb85aed51/url - {}
COMMAND: POST /session/182702e4e2b2f92e69599adcb85aed51/element - {"using":"xpath","value":"//span[contains(@id ,\"application-addressmanagement-display-component---detailAdm--addressDetailDetailsName1\")][contains(text(), \"WebdriverSite1zulf\")]"}
RESULT: {}
COMMAND: GET /session/182702e4e2b2f92e69599adcb85aed51/screenshot - {}
RESULT: {"using":"xpath","value":"//span[contains(@id ,\"application-addressmanagement-display-component---detailAdm--addressDetailDetailsName1\")][contains(text(), \"WebdriverSite1zulf\")]"}
COMMAND: POST /session/182702e4e2b2f92e69599adcb85aed51/element - {"using":"xpath","value":"//span[contains(@id ,\"application-addressmanagement-display-component---detailAdm--addressDetailDetailsName1\")][contains(text(), \"WebdriverSite1zulf\")]"}
RESULT: {}
RESULT: {"using":"xpath","value":"//span[contains(@id ,\"application-addressmanagement-display-component---detailAdm--addressDetailDetailsName1\")][contains(text(), \"WebdriverSite1zulf\")]"}
COMMAND: POST /session/182702e4e2b2f92e69599adcb85aed51/element - {"using":"xpath","value":"//span[contains(@id ,\"application-addressmanagement-display-component---detailAdm--addressDetailDetailsName1\")][contains(text(), \"WebdriverSite1zulf\")]"}
RESULT: {"using":"xpath","value":"//span[contains(@id ,\"application-addressmanagement-display-component---detailAdm--addressDetailDetailsName1\")][contains(text(), \"WebdriverSite1zulf\")]"}
COMMAND: POST /session/182702e4e2b2f92e69599adcb85aed51/element - {"using":"xpath","value":"//span[contains(@id ,\"application-addressmanagement-display-component---detailAdm--addressDetailDetailsName1\")][contains(text(), \"WebdriverSite1zulf\")]"}
RESULT: {"using":"xpath","value":"//span[contains(@id ,\"application-addressmanagement-display-component---detailAdm--addressDetailDetailsName1\")][contains(text(), \"WebdriverSite1zulf\")]"}
COMMAND: POST /session/182702e4e2b2f92e69599adcb85aed51/element - {"using":"xpath","value":"//span[contains(@id ,\"application-addressmanagement-display-component---detailAdm--addressDetailDetailsName1\")][contains(text(), \"WebdriverSite1zulf\")]"}
RESULT: {"using":"xpath","value":"//span[contains(@id ,\"application-addressmanagement-display-component---detailAdm--addressDetailDetailsName1\")][contains(text(), \"WebdriverSite1zulf\")]"}
COMMAND: POST /session/182702e4e2b2f92e69599adcb85aed51/element - {"using":"xpath","value":"//span[contains(@id ,\"application-addressmanagement-display-component---detailAdm--addressDetailDetailsName1\")][contains(text(), \"WebdriverSite1zulf\")]"}
RESULT: {"using":"xpath","value":"//span[contains(@id ,\"application-addressmanagement-display-component---detailAdm--addressDetailDetailsName1\")][contains(text(), \"WebdriverSite1zulf\")]"}
COMMAND: POST /session/182702e4e2b2f92e69599adcb85aed51/element - {"using":"xpath","value":"//span[contains(@id ,\"application-addressmanagement-display-component---detailAdm--addressDetailDetailsName1\")][contains(text(), \"WebdriverSite1zulf\")]"}
RESULT: {"using":"xpath","value":"//span[contains(@id ,\"application-addressmanagement-display-component---detailAdm--addressDetailDetailsName1\")][contains(text(), \"WebdriverSite1zulf\")]"}
COMMAND: POST /session/182702e4e2b2f92e69599adcb85aed51/element - {"using":"xpath","value":"//span[contains(@id ,\"application-addressmanagement-display-component---detailAdm--addressDetailDetailsName1\")][contains(text(), \"WebdriverSite1zulf\")]"}
RESULT: {"using":"xpath","value":"//span[contains(@id ,\"application-addressmanagement-display-component---detailAdm--addressDetailDetailsName1\")][contains(text(), \"WebdriverSite1zulf\")]"}
COMMAND: POST /session/182702e4e2b2f92e69599adcb85aed51/element - {"using":"xpath","value":"//span[contains(@id ,\"application-addressmanagement-display-component---detailAdm--addressDetailDetailsName1\")][contains(text(), \"WebdriverSite1zulf\")]"}
RESULT: {"using":"xpath","value":"//span[contains(@id ,\"application-addressmanagement-display-component---detailAdm--addressDetailDetailsName1\")][contains(text(), \"WebdriverSite1zulf\")]"}
]]></system-out>
    </testcase>
  </testsuite>
  <testsuite timestamp="2025-05-15T16:29:47" time="300.619" tests="2" failures="0" errors="0" skipped="0">
    <properties>
      <property name="specId" value="0" />
      <property name="suiteName" value="Webshop - Hyperlinks visible and working properly  US139085" />
      <property name="capabilities" value="chrome.136_0_7103_93.windows" />
      <property name="file" value="file:///D:/a/1/s/test/specs/R2C/webshop-hyperlinks-partner-address-contract-item.spec.js" />
    </properties>
    <testcase classname="chrome.136_0_7103_93.windows.Webshop_-_Hyperlinks_visible_and_working_properly__US139085" name="Should verify the customer and address hyperlinks" time="192.984">
      <system-out><![CDATA[
COMMAND: POST /session/182702e4e2b2f92e69599adcb85aed51/element - {"using":"xpath","value":"//*[contains(@data-kt ,\"webshopDetailAddressLink\")]"}
RESULT: {"using":"xpath","value":"//*[contains(@data-kt ,\"webshopDetailAddressLink\")]"}
COMMAND: POST /session/182702e4e2b2f92e69599adcb85aed51/execute/sync - {"script":"<script> [8489 bytes]","args":[{"element-6066-11e4-a52e-4f735466cecf":"f.EA19BBC851313D4479D8F918DE7934ED.d.FAAD88DF64EB9B69EE25DEEAA7270BC4.e.5267","ELEMENT":"f.EA19BBC851313D4479D8F918DE7934ED.d.FAAD88DF64EB9B69EE25DEEAA7270BC4.e.5267"}]}
RESULT: {"script":"<script> [8489 bytes]","args":[{"element-6066-11e4-a52e-4f735466cecf":"f.EA19BBC851313D4479D8F918DE7934ED.d.FAAD88DF64EB9B69EE25DEEAA7270BC4.e.5267","ELEMENT":"f.EA19BBC851313D4479D8F918DE7934ED.d.FAAD88DF64EB9B69EE25DEEAA7270BC4.e.5267"}]}
COMMAND: POST /session/182702e4e2b2f92e69599adcb85aed51/execute/sync - {"script":"<script> [5351 bytes]","args":[{"element-6066-11e4-a52e-4f735466cecf":"f.EA19BBC851313D4479D8F918DE7934ED.d.FAAD88DF64EB9B69EE25DEEAA7270BC4.e.5267","ELEMENT":"f.EA19BBC851313D4479D8F918DE7934ED.d.FAAD88DF64EB9B69EE25DEEAA7270BC4.e.5267"}]}
COMMAND: GET /session/182702e4e2b2f92e69599adcb85aed51/screenshot - {}
RESULT: {"script":"<script> [5351 bytes]","args":[{"element-6066-11e4-a52e-4f735466cecf":"f.EA19BBC851313D4479D8F918DE7934ED.d.FAAD88DF64EB9B69EE25DEEAA7270BC4.e.5267","ELEMENT":"f.EA19BBC851313D4479D8F918DE7934ED.d.FAAD88DF64EB9B69EE25DEEAA7270BC4.e.5267"}]}
COMMAND: GET /session/182702e4e2b2f92e69599adcb85aed51/screenshot - {}
COMMAND: POST /session/182702e4e2b2f92e69599adcb85aed51/element - {"using":"xpath","value":"//span[contains(@id ,\"application-addressmanagement-display-component---detailAdm--addressDetailDetailsName1\")][contains(text(), \"WebdriverSite1zulf\")]"}
RESULT: {}
RESULT: {}
RESULT: {"using":"xpath","value":"//span[contains(@id ,\"application-addressmanagement-display-component---detailAdm--addressDetailDetailsName1\")][contains(text(), \"WebdriverSite1zulf\")]"}
COMMAND: POST /session/182702e4e2b2f92e69599adcb85aed51/element - {"using":"xpath","value":"//span[contains(@id ,\"application-addressmanagement-display-component---detailAdm--addressDetailDetailsName1\")][contains(text(), \"WebdriverSite1zulf\")]"}
RESULT: {"using":"xpath","value":"//span[contains(@id ,\"application-addressmanagement-display-component---detailAdm--addressDetailDetailsName1\")][contains(text(), \"WebdriverSite1zulf\")]"}
COMMAND: POST /session/182702e4e2b2f92e69599adcb85aed51/element - {"using":"xpath","value":"//span[contains(@id ,\"application-addressmanagement-display-component---detailAdm--addressDetailDetailsName1\")][contains(text(), \"WebdriverSite1zulf\")]"}
RESULT: {"using":"xpath","value":"//span[contains(@id ,\"application-addressmanagement-display-component---detailAdm--addressDetailDetailsName1\")][contains(text(), \"WebdriverSite1zulf\")]"}
COMMAND: POST /session/182702e4e2b2f92e69599adcb85aed51/element - {"using":"xpath","value":"//span[contains(@id ,\"application-addressmanagement-display-component---detailAdm--addressDetailDetailsName1\")][contains(text(), \"WebdriverSite1zulf\")]"}
RESULT: {"using":"xpath","value":"//span[contains(@id ,\"application-addressmanagement-display-component---detailAdm--addressDetailDetailsName1\")][contains(text(), \"WebdriverSite1zulf\")]"}
COMMAND: POST /session/182702e4e2b2f92e69599adcb85aed51/element - {"using":"xpath","value":"//span[contains(@id ,\"application-addressmanagement-display-component---detailAdm--addressDetailDetailsName1\")][contains(text(), \"WebdriverSite1zulf\")]"}
RESULT: {"using":"xpath","value":"//span[contains(@id ,\"application-addressmanagement-display-component---detailAdm--addressDetailDetailsName1\")][contains(text(), \"WebdriverSite1zulf\")]"}
COMMAND: POST /session/182702e4e2b2f92e69599adcb85aed51/element - {"using":"xpath","value":"//span[contains(@id ,\"application-addressmanagement-display-component---detailAdm--addressDetailDetailsName1\")][contains(text(), \"WebdriverSite1zulf\")]"}
RESULT: {"using":"xpath","value":"//span[contains(@id ,\"application-addressmanagement-display-component---detailAdm--addressDetailDetailsName1\")][contains(text(), \"WebdriverSite1zulf\")]"}
COMMAND: POST /session/182702e4e2b2f92e69599adcb85aed51/element - {"using":"xpath","value":"//span[contains(@id ,\"application-addressmanagement-display-component---detailAdm--addressDetailDetailsName1\")][contains(text(), \"WebdriverSite1zulf\")]"}
RESULT: {"using":"xpath","value":"//span[contains(@id ,\"application-addressmanagement-display-component---detailAdm--addressDetailDetailsName1\")][contains(text(), \"WebdriverSite1zulf\")]"}
COMMAND: POST /session/182702e4e2b2f92e69599adcb85aed51/element - {"using":"xpath","value":"//span[contains(@id ,\"application-addressmanagement-display-component---detailAdm--addressDetailDetailsName1\")][contains(text(), \"WebdriverSite1zulf\")]"}
RESULT: {"using":"xpath","value":"//span[contains(@id ,\"application-addressmanagement-display-component---detailAdm--addressDetailDetailsName1\")][contains(text(), \"WebdriverSite1zulf\")]"}
COMMAND: POST /session/182702e4e2b2f92e69599adcb85aed51/element - {"using":"xpath","value":"//span[contains(@id ,\"application-addressmanagement-display-component---detailAdm--addressDetailDetailsName1\")][contains(text(), \"WebdriverSite1zulf\")]"}
RESULT: {"using":"xpath","value":"//span[contains(@id ,\"application-addressmanagement-display-component---detailAdm--addressDetailDetailsName1\")][contains(text(), \"WebdriverSite1zulf\")]"}
COMMAND: POST /session/182702e4e2b2f92e69599adcb85aed51/element - {"using":"xpath","value":"//*[contains(@data-kt ,\"webshopDetailAddressLink\")]"}
RESULT: {"using":"xpath","value":"//*[contains(@data-kt ,\"webshopDetailAddressLink\")]"}
COMMAND: POST /session/182702e4e2b2f92e69599adcb85aed51/element/f.EA19BBC851313D4479D8F918DE7934ED.d.FAAD88DF64EB9B69EE25DEEAA7270BC4.e.5267/click - {}
RESULT: {}
COMMAND: GET /session/182702e4e2b2f92e69599adcb85aed51/screenshot - {}
COMMAND: POST /session/182702e4e2b2f92e69599adcb85aed51/element - {"using":"xpath","value":"//span[contains(@id ,\"application-addressmanagement-display-component---detailAdm--addressDetailDetailsName1\")][contains(text(), \"WebdriverSite1zulf\")]"}
RESULT: {}
RESULT: {"using":"xpath","value":"//span[contains(@id ,\"application-addressmanagement-display-component---detailAdm--addressDetailDetailsName1\")][contains(text(), \"WebdriverSite1zulf\")]"}
COMMAND: POST /session/182702e4e2b2f92e69599adcb85aed51/element - {"using":"xpath","value":"//span[contains(@id ,\"application-addressmanagement-display-component---detailAdm--addressDetailDetailsName1\")][contains(text(), \"WebdriverSite1zulf\")]"}
RESULT: {"using":"xpath","value":"//span[contains(@id ,\"application-addressmanagement-display-component---detailAdm--addressDetailDetailsName1\")][contains(text(), \"WebdriverSite1zulf\")]"}
COMMAND: POST /session/182702e4e2b2f92e69599adcb85aed51/element - {"using":"xpath","value":"//span[contains(@id ,\"application-addressmanagement-display-component---detailAdm--addressDetailDetailsName1\")][contains(text(), \"WebdriverSite1zulf\")]"}
RESULT: {"using":"xpath","value":"//span[contains(@id ,\"application-addressmanagement-display-component---detailAdm--addressDetailDetailsName1\")][contains(text(), \"WebdriverSite1zulf\")]"}
COMMAND: POST /session/182702e4e2b2f92e69599adcb85aed51/element - {"using":"xpath","value":"//span[contains(@id ,\"application-addressmanagement-display-component---detailAdm--addressDetailDetailsName1\")][contains(text(), \"WebdriverSite1zulf\")]"}
RESULT: {"using":"xpath","value":"//span[contains(@id ,\"application-addressmanagement-display-component---detailAdm--addressDetailDetailsName1\")][contains(text(), \"WebdriverSite1zulf\")]"}
COMMAND: POST /session/182702e4e2b2f92e69599adcb85aed51/element - {"using":"xpath","value":"//*[contains(@data-kt ,\"ContextMenuId2Link\")][contains(text(), \"Address Overview\")]"}
RESULT: {"using":"xpath","value":"//*[contains(@data-kt ,\"ContextMenuId2Link\")][contains(text(), \"Address Overview\")]"}
COMMAND: POST /session/182702e4e2b2f92e69599adcb85aed51/execute/sync - {"script":"<script> [8489 bytes]","args":[{"element-6066-11e4-a52e-4f735466cecf":"f.EA19BBC851313D4479D8F918DE7934ED.d.FAAD88DF64EB9B69EE25DEEAA7270BC4.e.5269","ELEMENT":"f.EA19BBC851313D4479D8F918DE7934ED.d.FAAD88DF64EB9B69EE25DEEAA7270BC4.e.5269"}]}
COMMAND: POST /session/182702e4e2b2f92e69599adcb85aed51/element - {"using":"xpath","value":"//*[contains(@data-kt ,\"ContextMenuId2Link\")][contains(text(), \"Address Overview\")]"}
RESULT: {"script":"<script> [8489 bytes]","args":[{"element-6066-11e4-a52e-4f735466cecf":"f.EA19BBC851313D4479D8F918DE7934ED.d.FAAD88DF64EB9B69EE25DEEAA7270BC4.e.5269","ELEMENT":"f.EA19BBC851313D4479D8F918DE7934ED.d.FAAD88DF64EB9B69EE25DEEAA7270BC4.e.5269"}]}
COMMAND: GET /session/182702e4e2b2f92e69599adcb85aed51/screenshot - {}
RESULT: {"using":"xpath","value":"//*[contains(@data-kt ,\"ContextMenuId2Link\")][contains(text(), \"Address Overview\")]"}
COMMAND: POST /session/182702e4e2b2f92e69599adcb85aed51/element/f.EA19BBC851313D4479D8F918DE7934ED.d.FAAD88DF64EB9B69EE25DEEAA7270BC4.e.5269/click - {}
COMMAND: POST /session/182702e4e2b2f92e69599adcb85aed51/element - {"using":"xpath","value":"//span[contains(@id ,\"application-addressmanagement-display-component---detailAdm--addressDetailDetailsName1\")][contains(text(), \"WebdriverSite1zulf\")]"}
RESULT: {}
RESULT: {}
COMMAND: GET /session/182702e4e2b2f92e69599adcb85aed51/screenshot - {}
RESULT: {"using":"xpath","value":"//span[contains(@id ,\"application-addressmanagement-display-component---detailAdm--addressDetailDetailsName1\")][contains(text(), \"WebdriverSite1zulf\")]"}
COMMAND: POST /session/182702e4e2b2f92e69599adcb85aed51/element - {"using":"xpath","value":"//span[contains(@id ,\"application-addressmanagement-display-component---detailAdm--addressDetailDetailsName1\")][contains(text(), \"WebdriverSite1zulf\")]"}
RESULT: {}
RESULT: {"using":"xpath","value":"//span[contains(@id ,\"application-addressmanagement-display-component---detailAdm--addressDetailDetailsName1\")][contains(text(), \"WebdriverSite1zulf\")]"}
COMMAND: POST /session/182702e4e2b2f92e69599adcb85aed51/element - {"using":"xpath","value":"//span[contains(@id ,\"application-addressmanagement-display-component---detailAdm--addressDetailDetailsName1\")][contains(text(), \"WebdriverSite1zulf\")]"}
RESULT: {"using":"xpath","value":"//span[contains(@id ,\"application-addressmanagement-display-component---detailAdm--addressDetailDetailsName1\")][contains(text(), \"WebdriverSite1zulf\")]"}
COMMAND: POST /session/182702e4e2b2f92e69599adcb85aed51/execute/sync - {"script":"<script> [8489 bytes]","args":[{"element-6066-11e4-a52e-4f735466cecf":"f.EA19BBC851313D4479D8F918DE7934ED.d.FAAD88DF64EB9B69EE25DEEAA7270BC4.e.5558","ELEMENT":"f.EA19BBC851313D4479D8F918DE7934ED.d.FAAD88DF64EB9B69EE25DEEAA7270BC4.e.5558"}]}
RESULT: {"script":"<script> [8489 bytes]","args":[{"element-6066-11e4-a52e-4f735466cecf":"f.EA19BBC851313D4479D8F918DE7934ED.d.FAAD88DF64EB9B69EE25DEEAA7270BC4.e.5558","ELEMENT":"f.EA19BBC851313D4479D8F918DE7934ED.d.FAAD88DF64EB9B69EE25DEEAA7270BC4.e.5558"}]}
COMMAND: GET /session/182702e4e2b2f92e69599adcb85aed51/screenshot - {}
RESULT: {}
RESULT: undefined
COMMAND: POST /session/182702e4e2b2f92e69599adcb85aed51/execute/async - {"script":"<script> [6424 bytes]","args":[{"element-6066-11e4-a52e-4f735466cecf":"f.EA19BBC851313D4479D8F918DE7934ED.d.FAAD88DF64EB9B69EE25DEEAA7270BC4.e.3134"},"getTitle",[]]}
COMMAND: POST /session/182702e4e2b2f92e69599adcb85aed51/execute/async - {"script":"<script> [1562 bytes]","args":[{"selector":{"id":"shellAppTitle"},"wdio_ui5_key":"shellAppTitle"}]}
RESULT: {"script":"<script> [1562 bytes]","args":[{"selector":{"id":"shellAppTitle"},"wdio_ui5_key":"shellAppTitle"}]}
COMMAND: POST /session/182702e4e2b2f92e69599adcb85aed51/execute/async - {"script":"<script> [6424 bytes]","args":[{"element-6066-11e4-a52e-4f735466cecf":"f.EA19BBC851313D4479D8F918DE7934ED.d.FAAD88DF64EB9B69EE25DEEAA7270BC4.e.5559"},"getTitle",[]]}
RESULT: {"script":"<script> [6424 bytes]","args":[{"element-6066-11e4-a52e-4f735466cecf":"f.EA19BBC851313D4479D8F918DE7934ED.d.FAAD88DF64EB9B69EE25DEEAA7270BC4.e.5559"},"getTitle",[]]}
COMMAND: POST /session/182702e4e2b2f92e69599adcb85aed51/element - {"using":"xpath","value":"//span[contains(@id ,\"application-addressmanagement-display-component---detailAdm--addressDetailDetailsName1\")][contains(text(), \"WebdriverSite1zulf\")]"}
RESULT: {"using":"xpath","value":"//span[contains(@id ,\"application-addressmanagement-display-component---detailAdm--addressDetailDetailsName1\")][contains(text(), \"WebdriverSite1zulf\")]"}
COMMAND: POST /session/182702e4e2b2f92e69599adcb85aed51/execute/sync - {"script":"<script> [8489 bytes]","args":[{"element-6066-11e4-a52e-4f735466cecf":"f.EA19BBC851313D4479D8F918DE7934ED.d.FAAD88DF64EB9B69EE25DEEAA7270BC4.e.5558","ELEMENT":"f.EA19BBC851313D4479D8F918DE7934ED.d.FAAD88DF64EB9B69EE25DEEAA7270BC4.e.5558"}]}
RESULT: undefined
COMMAND: POST /session/182702e4e2b2f92e69599adcb85aed51/element - {"using":"xpath","value":"//*[@id=\"backBtn\"]"}
RESULT: {"script":"<script> [8489 bytes]","args":[{"element-6066-11e4-a52e-4f735466cecf":"f.EA19BBC851313D4479D8F918DE7934ED.d.FAAD88DF64EB9B69EE25DEEAA7270BC4.e.5558","ELEMENT":"f.EA19BBC851313D4479D8F918DE7934ED.d.FAAD88DF64EB9B69EE25DEEAA7270BC4.e.5558"}]}
COMMAND: GET /session/182702e4e2b2f92e69599adcb85aed51/screenshot - {}
RESULT: {"using":"xpath","value":"//*[@id=\"backBtn\"]"}
COMMAND: POST /session/182702e4e2b2f92e69599adcb85aed51/element/f.EA19BBC851313D4479D8F918DE7934ED.d.FAAD88DF64EB9B69EE25DEEAA7270BC4.e.3136/click - {}
RESULT: {}
RESULT: {}
COMMAND: GET /session/182702e4e2b2f92e69599adcb85aed51/screenshot - {}
RESULT: {}
COMMAND: POST /session/182702e4e2b2f92e69599adcb85aed51/execute/sync - {"script":"<script> [8489 bytes]","args":[{"element-6066-11e4-a52e-4f735466cecf":"f.EA19BBC851313D4479D8F918DE7934ED.d.FAAD88DF64EB9B69EE25DEEAA7270BC4.e.5267","ELEMENT":"f.EA19BBC851313D4479D8F918DE7934ED.d.FAAD88DF64EB9B69EE25DEEAA7270BC4.e.5267"}]}
COMMAND: POST /session/182702e4e2b2f92e69599adcb85aed51/element - {"using":"xpath","value":"//*[contains(@data-kt ,\"webshopDetailAddressLink\")]"}
RESULT: {"using":"xpath","value":"//*[contains(@data-kt ,\"webshopDetailAddressLink\")]"}
COMMAND: POST /session/182702e4e2b2f92e69599adcb85aed51/execute/sync - {"script":"<script> [8489 bytes]","args":[{"element-6066-11e4-a52e-4f735466cecf":"f.EA19BBC851313D4479D8F918DE7934ED.d.FAAD88DF64EB9B69EE25DEEAA7270BC4.e.5745","ELEMENT":"f.EA19BBC851313D4479D8F918DE7934ED.d.FAAD88DF64EB9B69EE25DEEAA7270BC4.e.5745"}]}
RESULT: {"script":"<script> [8489 bytes]","args":[{"element-6066-11e4-a52e-4f735466cecf":"f.EA19BBC851313D4479D8F918DE7934ED.d.FAAD88DF64EB9B69EE25DEEAA7270BC4.e.5745","ELEMENT":"f.EA19BBC851313D4479D8F918DE7934ED.d.FAAD88DF64EB9B69EE25DEEAA7270BC4.e.5745"}]}
COMMAND: POST /session/182702e4e2b2f92e69599adcb85aed51/execute/sync - {"script":"<script> [5351 bytes]","args":[{"element-6066-11e4-a52e-4f735466cecf":"f.EA19BBC851313D4479D8F918DE7934ED.d.FAAD88DF64EB9B69EE25DEEAA7270BC4.e.5745","ELEMENT":"f.EA19BBC851313D4479D8F918DE7934ED.d.FAAD88DF64EB9B69EE25DEEAA7270BC4.e.5745"}]}
COMMAND: GET /session/182702e4e2b2f92e69599adcb85aed51/screenshot - {}
RESULT: {"script":"<script> [5351 bytes]","args":[{"element-6066-11e4-a52e-4f735466cecf":"f.EA19BBC851313D4479D8F918DE7934ED.d.FAAD88DF64EB9B69EE25DEEAA7270BC4.e.5745","ELEMENT":"f.EA19BBC851313D4479D8F918DE7934ED.d.FAAD88DF64EB9B69EE25DEEAA7270BC4.e.5745"}]}
COMMAND: POST /session/182702e4e2b2f92e69599adcb85aed51/element - {"using":"xpath","value":"//*[contains(@data-kt ,\"webshopDetailAddressLink\")]"}
COMMAND: GET /session/182702e4e2b2f92e69599adcb85aed51/screenshot - {}
RESULT: {}
RESULT: {"using":"xpath","value":"//*[contains(@data-kt ,\"webshopDetailAddressLink\")]"}
COMMAND: POST /session/182702e4e2b2f92e69599adcb85aed51/element/f.EA19BBC851313D4479D8F918DE7934ED.d.FAAD88DF64EB9B69EE25DEEAA7270BC4.e.5745/click - {}
RESULT: {}
RESULT: {}
COMMAND: GET /session/182702e4e2b2f92e69599adcb85aed51/screenshot - {}
RESULT: {}
COMMAND: POST /session/182702e4e2b2f92e69599adcb85aed51/element - {"using":"xpath","value":"//button[contains(@data-kt ,\"ContextMenuExternalId2Link\")]"}
RESULT: {"using":"xpath","value":"//button[contains(@data-kt ,\"ContextMenuExternalId2Link\")]"}
COMMAND: POST /session/182702e4e2b2f92e69599adcb85aed51/element/f.EA19BBC851313D4479D8F918DE7934ED.d.FAAD88DF64EB9B69EE25DEEAA7270BC4.e.5747/click - {}
RESULT: {}
COMMAND: GET /session/182702e4e2b2f92e69599adcb85aed51/screenshot - {}
RESULT: {}
COMMAND: GET /session/182702e4e2b2f92e69599adcb85aed51/window/handles - {}
RESULT: {}
COMMAND: POST /session/182702e4e2b2f92e69599adcb85aed51/window - {"handle":"BDA99E87C4BA96FF8E92E08E8FB191A2"}
RESULT: {"handle":"BDA99E87C4BA96FF8E92E08E8FB191A2"}
COMMAND: GET /session/182702e4e2b2f92e69599adcb85aed51/url - {}
RESULT: {}
COMMAND: GET /session/182702e4e2b2f92e69599adcb85aed51/screenshot - {}
RESULT: {}
COMMAND: POST /session/182702e4e2b2f92e69599adcb85aed51/execute/sync - {"script":"<script> [8489 bytes]","args":[{"element-6066-11e4-a52e-4f735466cecf":"f.EA19BBC851313D4479D8F918DE7934ED.d.FAAD88DF64EB9B69EE25DEEAA7270BC4.e.5558","ELEMENT":"f.EA19BBC851313D4479D8F918DE7934ED.d.FAAD88DF64EB9B69EE25DEEAA7270BC4.e.5558"}]}
COMMAND: DELETE /session/182702e4e2b2f92e69599adcb85aed51/window - {}
RESULT: {}
COMMAND: POST /session/182702e4e2b2f92e69599adcb85aed51/window - {"handle":"EA19BBC851313D4479D8F918DE7934ED"}
RESULT: {"handle":"EA19BBC851313D4479D8F918DE7934ED"}
COMMAND: GET /session/182702e4e2b2f92e69599adcb85aed51/url - {}
COMMAND: POST /session/182702e4e2b2f92e69599adcb85aed51/element - {"using":"xpath","value":"//span[contains(@id ,\"application-addressmanagement-display-component---detailAdm--addressDetailDetailsName1\")][contains(text(), \"WebdriverSite1zulf\")]"}
RESULT: {}
RESULT: {"using":"xpath","value":"//span[contains(@id ,\"application-addressmanagement-display-component---detailAdm--addressDetailDetailsName1\")][contains(text(), \"WebdriverSite1zulf\")]"}
COMMAND: POST /session/182702e4e2b2f92e69599adcb85aed51/element - {"using":"xpath","value":"//span[contains(@id ,\"application-addressmanagement-display-component---detailAdm--addressDetailDetailsName1\")][contains(text(), \"WebdriverSite1zulf\")]"}
COMMAND: GET /session/182702e4e2b2f92e69599adcb85aed51/screenshot - {}
RESULT: {"using":"xpath","value":"//span[contains(@id ,\"application-addressmanagement-display-component---detailAdm--addressDetailDetailsName1\")][contains(text(), \"WebdriverSite1zulf\")]"}
RESULT: {}
COMMAND: POST /session/182702e4e2b2f92e69599adcb85aed51/element - {"using":"xpath","value":"//span[contains(@id ,\"application-addressmanagement-display-component---detailAdm--addressDetailDetailsName1\")][contains(text(), \"WebdriverSite1zulf\")]"}
RESULT: {"using":"xpath","value":"//span[contains(@id ,\"application-addressmanagement-display-component---detailAdm--addressDetailDetailsName1\")][contains(text(), \"WebdriverSite1zulf\")]"}
COMMAND: POST /session/182702e4e2b2f92e69599adcb85aed51/element - {"using":"xpath","value":"//span[contains(@id ,\"application-addressmanagement-display-component---detailAdm--addressDetailDetailsName1\")][contains(text(), \"WebdriverSite1zulf\")]"}
RESULT: {"using":"xpath","value":"//span[contains(@id ,\"application-addressmanagement-display-component---detailAdm--addressDetailDetailsName1\")][contains(text(), \"WebdriverSite1zulf\")]"}
COMMAND: POST /session/182702e4e2b2f92e69599adcb85aed51/element - {"using":"xpath","value":"//span[contains(@id ,\"application-addressmanagement-display-component---detailAdm--addressDetailDetailsName1\")][contains(text(), \"WebdriverSite1zulf\")]"}
RESULT: {"using":"xpath","value":"//span[contains(@id ,\"application-addressmanagement-display-component---detailAdm--addressDetailDetailsName1\")][contains(text(), \"WebdriverSite1zulf\")]"}
COMMAND: POST /session/182702e4e2b2f92e69599adcb85aed51/element - {"using":"xpath","value":"//span[contains(@id ,\"application-addressmanagement-display-component---detailAdm--addressDetailDetailsName1\")][contains(text(), \"WebdriverSite1zulf\")]"}
RESULT: {"using":"xpath","value":"//span[contains(@id ,\"application-addressmanagement-display-component---detailAdm--addressDetailDetailsName1\")][contains(text(), \"WebdriverSite1zulf\")]"}
COMMAND: POST /session/182702e4e2b2f92e69599adcb85aed51/element - {"using":"xpath","value":"//*[contains(@data-kt ,\"webshopDetailCustomerLink\")]"}
RESULT: {"using":"xpath","value":"//*[contains(@data-kt ,\"webshopDetailCustomerLink\")]"}
COMMAND: POST /session/182702e4e2b2f92e69599adcb85aed51/execute/sync - {"script":"<script> [8489 bytes]","args":[{"element-6066-11e4-a52e-4f735466cecf":"f.EA19BBC851313D4479D8F918DE7934ED.d.FAAD88DF64EB9B69EE25DEEAA7270BC4.e.5959","ELEMENT":"f.EA19BBC851313D4479D8F918DE7934ED.d.FAAD88DF64EB9B69EE25DEEAA7270BC4.e.5959"}]}
COMMAND: POST /session/182702e4e2b2f92e69599adcb85aed51/element - {"using":"xpath","value":"//span[contains(@id ,\"application-addressmanagement-display-component---detailAdm--addressDetailDetailsName1\")][contains(text(), \"WebdriverSite1zulf\")]"}
RESULT: {"script":"<script> [8489 bytes]","args":[{"element-6066-11e4-a52e-4f735466cecf":"f.EA19BBC851313D4479D8F918DE7934ED.d.FAAD88DF64EB9B69EE25DEEAA7270BC4.e.5959","ELEMENT":"f.EA19BBC851313D4479D8F918DE7934ED.d.FAAD88DF64EB9B69EE25DEEAA7270BC4.e.5959"}]}
COMMAND: POST /session/182702e4e2b2f92e69599adcb85aed51/execute/sync - {"script":"<script> [5351 bytes]","args":[{"element-6066-11e4-a52e-4f735466cecf":"f.EA19BBC851313D4479D8F918DE7934ED.d.FAAD88DF64EB9B69EE25DEEAA7270BC4.e.5959","ELEMENT":"f.EA19BBC851313D4479D8F918DE7934ED.d.FAAD88DF64EB9B69EE25DEEAA7270BC4.e.5959"}]}
COMMAND: GET /session/182702e4e2b2f92e69599adcb85aed51/screenshot - {}
RESULT: {"using":"xpath","value":"//span[contains(@id ,\"application-addressmanagement-display-component---detailAdm--addressDetailDetailsName1\")][contains(text(), \"WebdriverSite1zulf\")]"}
RESULT: {"script":"<script> [5351 bytes]","args":[{"element-6066-11e4-a52e-4f735466cecf":"f.EA19BBC851313D4479D8F918DE7934ED.d.FAAD88DF64EB9B69EE25DEEAA7270BC4.e.5959","ELEMENT":"f.EA19BBC851313D4479D8F918DE7934ED.d.FAAD88DF64EB9B69EE25DEEAA7270BC4.e.5959"}]}
COMMAND: POST /session/182702e4e2b2f92e69599adcb85aed51/element - {"using":"xpath","value":"//*[contains(@data-kt ,\"webshopDetailCustomerLink\")]"}
COMMAND: GET /session/182702e4e2b2f92e69599adcb85aed51/screenshot - {}
RESULT: {}
RESULT: {"using":"xpath","value":"//*[contains(@data-kt ,\"webshopDetailCustomerLink\")]"}
COMMAND: POST /session/182702e4e2b2f92e69599adcb85aed51/element/f.EA19BBC851313D4479D8F918DE7934ED.d.FAAD88DF64EB9B69EE25DEEAA7270BC4.e.5959/click - {}
COMMAND: POST /session/182702e4e2b2f92e69599adcb85aed51/element - {"using":"xpath","value":"//span[contains(@id ,\"application-addressmanagement-display-component---detailAdm--addressDetailDetailsName1\")][contains(text(), \"WebdriverSite1zulf\")]"}
RESULT: {}
RESULT: {}
RESULT: {"using":"xpath","value":"//span[contains(@id ,\"application-addressmanagement-display-component---detailAdm--addressDetailDetailsName1\")][contains(text(), \"WebdriverSite1zulf\")]"}
COMMAND: GET /session/182702e4e2b2f92e69599adcb85aed51/screenshot - {}
RESULT: {}
COMMAND: POST /session/182702e4e2b2f92e69599adcb85aed51/element - {"using":"xpath","value":"//span[contains(@id ,\"application-addressmanagement-display-component---detailAdm--addressDetailDetailsName1\")][contains(text(), \"WebdriverSite1zulf\")]"}
RESULT: {"using":"xpath","value":"//span[contains(@id ,\"application-addressmanagement-display-component---detailAdm--addressDetailDetailsName1\")][contains(text(), \"WebdriverSite1zulf\")]"}
COMMAND: POST /session/182702e4e2b2f92e69599adcb85aed51/element - {"using":"xpath","value":"//span[contains(@id ,\"application-addressmanagement-display-component---detailAdm--addressDetailDetailsName1\")][contains(text(), \"WebdriverSite1zulf\")]"}
RESULT: {"using":"xpath","value":"//span[contains(@id ,\"application-addressmanagement-display-component---detailAdm--addressDetailDetailsName1\")][contains(text(), \"WebdriverSite1zulf\")]"}
COMMAND: POST /session/182702e4e2b2f92e69599adcb85aed51/element - {"using":"xpath","value":"//span[contains(@id ,\"application-addressmanagement-display-component---detailAdm--addressDetailDetailsName1\")][contains(text(), \"WebdriverSite1zulf\")]"}
RESULT: {"using":"xpath","value":"//span[contains(@id ,\"application-addressmanagement-display-component---detailAdm--addressDetailDetailsName1\")][contains(text(), \"WebdriverSite1zulf\")]"}
COMMAND: POST /session/182702e4e2b2f92e69599adcb85aed51/element - {"using":"xpath","value":"//*[contains(@data-kt ,\"ContextMenuId2Link\")][contains(text(), \"Partner Overview\")]"}
RESULT: {"using":"xpath","value":"//*[contains(@data-kt ,\"ContextMenuId2Link\")][contains(text(), \"Partner Overview\")]"}
COMMAND: POST /session/182702e4e2b2f92e69599adcb85aed51/execute/sync - {"script":"<script> [8489 bytes]","args":[{"element-6066-11e4-a52e-4f735466cecf":"f.EA19BBC851313D4479D8F918DE7934ED.d.FAAD88DF64EB9B69EE25DEEAA7270BC4.e.5961","ELEMENT":"f.EA19BBC851313D4479D8F918DE7934ED.d.FAAD88DF64EB9B69EE25DEEAA7270BC4.e.5961"}]}
COMMAND: POST /session/182702e4e2b2f92e69599adcb85aed51/element - {"using":"xpath","value":"//*[contains(@data-kt ,\"ContextMenuId2Link\")][contains(text(), \"Partner Overview\")]"}
RESULT: {"using":"xpath","value":"//*[contains(@data-kt ,\"ContextMenuId2Link\")][contains(text(), \"Partner Overview\")]"}
COMMAND: POST /session/182702e4e2b2f92e69599adcb85aed51/element/f.EA19BBC851313D4479D8F918DE7934ED.d.FAAD88DF64EB9B69EE25DEEAA7270BC4.e.5961/click - {}
RESULT: {"script":"<script> [8489 bytes]","args":[{"element-6066-11e4-a52e-4f735466cecf":"f.EA19BBC851313D4479D8F918DE7934ED.d.FAAD88DF64EB9B69EE25DEEAA7270BC4.e.5961","ELEMENT":"f.EA19BBC851313D4479D8F918DE7934ED.d.FAAD88DF64EB9B69EE25DEEAA7270BC4.e.5961"}]}
COMMAND: GET /session/182702e4e2b2f92e69599adcb85aed51/screenshot - {}
COMMAND: POST /session/182702e4e2b2f92e69599adcb85aed51/element - {"using":"xpath","value":"//span[contains(@id ,\"application-addressmanagement-display-component---detailAdm--addressDetailDetailsName1\")][contains(text(), \"WebdriverSite1zulf\")]"}
RESULT: {}
COMMAND: GET /session/182702e4e2b2f92e69599adcb85aed51/screenshot - {}
RESULT: {}
RESULT: {"using":"xpath","value":"//span[contains(@id ,\"application-addressmanagement-display-component---detailAdm--addressDetailDetailsName1\")][contains(text(), \"WebdriverSite1zulf\")]"}
RESULT: {}
COMMAND: POST /session/182702e4e2b2f92e69599adcb85aed51/element - {"using":"xpath","value":"//span[contains(@id ,\"application-addressmanagement-display-component---detailAdm--addressDetailDetailsName1\")][contains(text(), \"WebdriverSite1zulf\")]"}
RESULT: {"using":"xpath","value":"//span[contains(@id ,\"application-addressmanagement-display-component---detailAdm--addressDetailDetailsName1\")][contains(text(), \"WebdriverSite1zulf\")]"}
COMMAND: POST /session/182702e4e2b2f92e69599adcb85aed51/element - {"using":"xpath","value":"//span[contains(@id ,\"application-addressmanagement-display-component---detailAdm--addressDetailDetailsName1\")][contains(text(), \"WebdriverSite1zulf\")]"}
RESULT: {"using":"xpath","value":"//span[contains(@id ,\"application-addressmanagement-display-component---detailAdm--addressDetailDetailsName1\")][contains(text(), \"WebdriverSite1zulf\")]"}
COMMAND: POST /session/182702e4e2b2f92e69599adcb85aed51/element - {"using":"xpath","value":"//span[contains(@id ,\"application-addressmanagement-display-component---detailAdm--addressDetailDetailsName1\")][contains(text(), \"WebdriverSite1zulf\")]"}
RESULT: {"using":"xpath","value":"//span[contains(@id ,\"application-addressmanagement-display-component---detailAdm--addressDetailDetailsName1\")][contains(text(), \"WebdriverSite1zulf\")]"}
COMMAND: POST /session/182702e4e2b2f92e69599adcb85aed51/element - {"using":"xpath","value":"//span[contains(@id ,\"application-addressmanagement-display-component---detailAdm--addressDetailDetailsName1\")][contains(text(), \"WebdriverSite1zulf\")]"}
RESULT: undefined
COMMAND: POST /session/182702e4e2b2f92e69599adcb85aed51/execute/async - {"script":"<script> [6424 bytes]","args":[{"element-6066-11e4-a52e-4f735466cecf":"f.EA19BBC851313D4479D8F918DE7934ED.d.FAAD88DF64EB9B69EE25DEEAA7270BC4.e.3134"},"getTitle",[]]}
RESULT: {"using":"xpath","value":"//span[contains(@id ,\"application-addressmanagement-display-component---detailAdm--addressDetailDetailsName1\")][contains(text(), \"WebdriverSite1zulf\")]"}
COMMAND: POST /session/182702e4e2b2f92e69599adcb85aed51/execute/async - {"script":"<script> [1562 bytes]","args":[{"selector":{"id":"shellAppTitle"},"wdio_ui5_key":"shellAppTitle"}]}
RESULT: {"script":"<script> [1562 bytes]","args":[{"selector":{"id":"shellAppTitle"},"wdio_ui5_key":"shellAppTitle"}]}
COMMAND: POST /session/182702e4e2b2f92e69599adcb85aed51/execute/async - {"script":"<script> [6424 bytes]","args":[{"element-6066-11e4-a52e-4f735466cecf":"f.EA19BBC851313D4479D8F918DE7934ED.d.FAAD88DF64EB9B69EE25DEEAA7270BC4.e.6209"},"getTitle",[]]}
COMMAND: POST /session/182702e4e2b2f92e69599adcb85aed51/element - {"using":"xpath","value":"//span[contains(@id ,\"application-addressmanagement-display-component---detailAdm--addressDetailDetailsName1\")][contains(text(), \"WebdriverSite1zulf\")]"}
RESULT: {"script":"<script> [6424 bytes]","args":[{"element-6066-11e4-a52e-4f735466cecf":"f.EA19BBC851313D4479D8F918DE7934ED.d.FAAD88DF64EB9B69EE25DEEAA7270BC4.e.6209"},"getTitle",[]]}
COMMAND: POST /session/182702e4e2b2f92e69599adcb85aed51/element - {"using":"xpath","value":"//span[contains(@id ,\"title\")][contains(text(), \"WebdriverPartnerwq7nh\")]"}
RESULT: {"using":"xpath","value":"//span[contains(@id ,\"application-addressmanagement-display-component---detailAdm--addressDetailDetailsName1\")][contains(text(), \"WebdriverSite1zulf\")]"}
RESULT: {"using":"xpath","value":"//span[contains(@id ,\"title\")][contains(text(), \"WebdriverPartnerwq7nh\")]"}
COMMAND: POST /session/182702e4e2b2f92e69599adcb85aed51/execute/sync - {"script":"<script> [8489 bytes]","args":[{"element-6066-11e4-a52e-4f735466cecf":"f.EA19BBC851313D4479D8F918DE7934ED.d.FAAD88DF64EB9B69EE25DEEAA7270BC4.e.6210","ELEMENT":"f.EA19BBC851313D4479D8F918DE7934ED.d.FAAD88DF64EB9B69EE25DEEAA7270BC4.e.6210"}]}
RESULT: undefined
COMMAND: POST /session/182702e4e2b2f92e69599adcb85aed51/element - {"using":"xpath","value":"//*[@id=\"backBtn\"]"}
RESULT: {"script":"<script> [8489 bytes]","args":[{"element-6066-11e4-a52e-4f735466cecf":"f.EA19BBC851313D4479D8F918DE7934ED.d.FAAD88DF64EB9B69EE25DEEAA7270BC4.e.6210","ELEMENT":"f.EA19BBC851313D4479D8F918DE7934ED.d.FAAD88DF64EB9B69EE25DEEAA7270BC4.e.6210"}]}
COMMAND: GET /session/182702e4e2b2f92e69599adcb85aed51/screenshot - {}
RESULT: {"using":"xpath","value":"//*[@id=\"backBtn\"]"}
COMMAND: POST /session/182702e4e2b2f92e69599adcb85aed51/element/f.EA19BBC851313D4479D8F918DE7934ED.d.FAAD88DF64EB9B69EE25DEEAA7270BC4.e.3136/click - {}
RESULT: {}
COMMAND: POST /session/182702e4e2b2f92e69599adcb85aed51/element - {"using":"xpath","value":"//span[contains(@id ,\"application-addressmanagement-display-component---detailAdm--addressDetailDetailsName1\")][contains(text(), \"WebdriverSite1zulf\")]"}
RESULT: {}
COMMAND: GET /session/182702e4e2b2f92e69599adcb85aed51/screenshot - {}
RESULT: {"using":"xpath","value":"//span[contains(@id ,\"application-addressmanagement-display-component---detailAdm--addressDetailDetailsName1\")][contains(text(), \"WebdriverSite1zulf\")]"}
COMMAND: POST /session/182702e4e2b2f92e69599adcb85aed51/execute/sync - {"script":"<script> [8489 bytes]","args":[{"element-6066-11e4-a52e-4f735466cecf":"f.EA19BBC851313D4479D8F918DE7934ED.d.FAAD88DF64EB9B69EE25DEEAA7270BC4.e.6210","ELEMENT":"f.EA19BBC851313D4479D8F918DE7934ED.d.FAAD88DF64EB9B69EE25DEEAA7270BC4.e.6210"}]}
RESULT: {}
RESULT: {"script":"<script> [8489 bytes]","args":[{"element-6066-11e4-a52e-4f735466cecf":"f.EA19BBC851313D4479D8F918DE7934ED.d.FAAD88DF64EB9B69EE25DEEAA7270BC4.e.6210","ELEMENT":"f.EA19BBC851313D4479D8F918DE7934ED.d.FAAD88DF64EB9B69EE25DEEAA7270BC4.e.6210"}]}
COMMAND: GET /session/182702e4e2b2f92e69599adcb85aed51/screenshot - {}
COMMAND: POST /session/182702e4e2b2f92e69599adcb85aed51/element - {"using":"xpath","value":"//span[contains(@id ,\"application-addressmanagement-display-component---detailAdm--addressDetailDetailsName1\")][contains(text(), \"WebdriverSite1zulf\")]"}
RESULT: {}
RESULT: {"using":"xpath","value":"//span[contains(@id ,\"application-addressmanagement-display-component---detailAdm--addressDetailDetailsName1\")][contains(text(), \"WebdriverSite1zulf\")]"}
COMMAND: POST /session/182702e4e2b2f92e69599adcb85aed51/execute/sync - {"script":"<script> [8489 bytes]","args":[{"element-6066-11e4-a52e-4f735466cecf":"f.EA19BBC851313D4479D8F918DE7934ED.d.FAAD88DF64EB9B69EE25DEEAA7270BC4.e.6210","ELEMENT":"f.EA19BBC851313D4479D8F918DE7934ED.d.FAAD88DF64EB9B69EE25DEEAA7270BC4.e.6210"}]}
COMMAND: POST /session/182702e4e2b2f92e69599adcb85aed51/element - {"using":"xpath","value":"//span[contains(@id ,\"application-addressmanagement-display-component---detailAdm--addressDetailDetailsName1\")][contains(text(), \"WebdriverSite1zulf\")]"}
COMMAND: POST /session/182702e4e2b2f92e69599adcb85aed51/element - {"using":"xpath","value":"//span[contains(@id ,\"title\")][contains(text(), \"WebdriverPartnerwq7nh\")]"}
RESULT: {"using":"xpath","value":"//span[contains(@id ,\"application-addressmanagement-display-component---detailAdm--addressDetailDetailsName1\")][contains(text(), \"WebdriverSite1zulf\")]"}
RESULT: {"using":"xpath","value":"//span[contains(@id ,\"title\")][contains(text(), \"WebdriverPartnerwq7nh\")]"}
COMMAND: POST /session/182702e4e2b2f92e69599adcb85aed51/element - {"using":"xpath","value":"//span[contains(@id ,\"title\")][contains(text(), \"WebdriverPartnerwq7nh\")]"}
COMMAND: POST /session/182702e4e2b2f92e69599adcb85aed51/element - {"using":"xpath","value":"//span[contains(@id ,\"application-addressmanagement-display-component---detailAdm--addressDetailDetailsName1\")][contains(text(), \"WebdriverSite1zulf\")]"}
RESULT: {"using":"xpath","value":"//span[contains(@id ,\"title\")][contains(text(), \"WebdriverPartnerwq7nh\")]"}
RESULT: {"using":"xpath","value":"//span[contains(@id ,\"application-addressmanagement-display-component---detailAdm--addressDetailDetailsName1\")][contains(text(), \"WebdriverSite1zulf\")]"}
COMMAND: POST /session/182702e4e2b2f92e69599adcb85aed51/element - {"using":"xpath","value":"//span[contains(@id ,\"title\")][contains(text(), \"WebdriverPartnerwq7nh\")]"}
COMMAND: POST /session/182702e4e2b2f92e69599adcb85aed51/element - {"using":"xpath","value":"//span[contains(@id ,\"application-addressmanagement-display-component---detailAdm--addressDetailDetailsName1\")][contains(text(), \"WebdriverSite1zulf\")]"}
COMMAND: POST /session/182702e4e2b2f92e69599adcb85aed51/execute/sync - {"script":"<script> [8489 bytes]","args":[{"element-6066-11e4-a52e-4f735466cecf":"f.EA19BBC851313D4479D8F918DE7934ED.d.FAAD88DF64EB9B69EE25DEEAA7270BC4.e.5959","ELEMENT":"f.EA19BBC851313D4479D8F918DE7934ED.d.FAAD88DF64EB9B69EE25DEEAA7270BC4.e.5959"}]}
RESULT: {"using":"xpath","value":"//span[contains(@id ,\"title\")][contains(text(), \"WebdriverPartnerwq7nh\")]"}
RESULT: {"using":"xpath","value":"//span[contains(@id ,\"application-addressmanagement-display-component---detailAdm--addressDetailDetailsName1\")][contains(text(), \"WebdriverSite1zulf\")]"}
COMMAND: POST /session/182702e4e2b2f92e69599adcb85aed51/element - {"using":"xpath","value":"//*[contains(@data-kt ,\"webshopDetailCustomerLink\")]"}
RESULT: {"using":"xpath","value":"//*[contains(@data-kt ,\"webshopDetailCustomerLink\")]"}
COMMAND: POST /session/182702e4e2b2f92e69599adcb85aed51/execute/sync - {"script":"<script> [8489 bytes]","args":[{"element-6066-11e4-a52e-4f735466cecf":"f.EA19BBC851313D4479D8F918DE7934ED.d.FAAD88DF64EB9B69EE25DEEAA7270BC4.e.6376","ELEMENT":"f.EA19BBC851313D4479D8F918DE7934ED.d.FAAD88DF64EB9B69EE25DEEAA7270BC4.e.6376"}]}
RESULT: {"script":"<script> [8489 bytes]","args":[{"element-6066-11e4-a52e-4f735466cecf":"f.EA19BBC851313D4479D8F918DE7934ED.d.FAAD88DF64EB9B69EE25DEEAA7270BC4.e.6376","ELEMENT":"f.EA19BBC851313D4479D8F918DE7934ED.d.FAAD88DF64EB9B69EE25DEEAA7270BC4.e.6376"}]}
COMMAND: POST /session/182702e4e2b2f92e69599adcb85aed51/execute/sync - {"script":"<script> [8489 bytes]","args":[{"element-6066-11e4-a52e-4f735466cecf":"f.EA19BBC851313D4479D8F918DE7934ED.d.FAAD88DF64EB9B69EE25DEEAA7270BC4.e.6376","ELEMENT":"f.EA19BBC851313D4479D8F918DE7934ED.d.FAAD88DF64EB9B69EE25DEEAA7270BC4.e.6376"}]}
COMMAND: GET /session/182702e4e2b2f92e69599adcb85aed51/screenshot - {}
RESULT: {"script":"<script> [8489 bytes]","args":[{"element-6066-11e4-a52e-4f735466cecf":"f.EA19BBC851313D4479D8F918DE7934ED.d.FAAD88DF64EB9B69EE25DEEAA7270BC4.e.6376","ELEMENT":"f.EA19BBC851313D4479D8F918DE7934ED.d.FAAD88DF64EB9B69EE25DEEAA7270BC4.e.6376"}]}
COMMAND: GET /session/182702e4e2b2f92e69599adcb85aed51/screenshot - {}
COMMAND: POST /session/182702e4e2b2f92e69599adcb85aed51/element - {"using":"xpath","value":"//span[contains(@id ,\"title\")][contains(text(), \"WebdriverPartnerwq7nh\")]"}
COMMAND: POST /session/182702e4e2b2f92e69599adcb85aed51/element - {"using":"xpath","value":"//span[contains(@id ,\"application-addressmanagement-display-component---detailAdm--addressDetailDetailsName1\")][contains(text(), \"WebdriverSite1zulf\")]"}
COMMAND: POST /session/182702e4e2b2f92e69599adcb85aed51/execute/sync - {"script":"<script> [8489 bytes]","args":[{"element-6066-11e4-a52e-4f735466cecf":"f.EA19BBC851313D4479D8F918DE7934ED.d.FAAD88DF64EB9B69EE25DEEAA7270BC4.e.6376","ELEMENT":"f.EA19BBC851313D4479D8F918DE7934ED.d.FAAD88DF64EB9B69EE25DEEAA7270BC4.e.6376"}]}
RESULT: {}
RESULT: {}
RESULT: {"using":"xpath","value":"//span[contains(@id ,\"title\")][contains(text(), \"WebdriverPartnerwq7nh\")]"}
RESULT: {"using":"xpath","value":"//span[contains(@id ,\"application-addressmanagement-display-component---detailAdm--addressDetailDetailsName1\")][contains(text(), \"WebdriverSite1zulf\")]"}
RESULT: {"script":"<script> [8489 bytes]","args":[{"element-6066-11e4-a52e-4f735466cecf":"f.EA19BBC851313D4479D8F918DE7934ED.d.FAAD88DF64EB9B69EE25DEEAA7270BC4.e.6376","ELEMENT":"f.EA19BBC851313D4479D8F918DE7934ED.d.FAAD88DF64EB9B69EE25DEEAA7270BC4.e.6376"}]}
COMMAND: GET /session/182702e4e2b2f92e69599adcb85aed51/screenshot - {}
COMMAND: POST /session/182702e4e2b2f92e69599adcb85aed51/execute/sync - {"script":"<script> [8489 bytes]","args":[{"element-6066-11e4-a52e-4f735466cecf":"f.EA19BBC851313D4479D8F918DE7934ED.d.FAAD88DF64EB9B69EE25DEEAA7270BC4.e.6376","ELEMENT":"f.EA19BBC851313D4479D8F918DE7934ED.d.FAAD88DF64EB9B69EE25DEEAA7270BC4.e.6376"}]}
COMMAND: POST /session/182702e4e2b2f92e69599adcb85aed51/element - {"using":"xpath","value":"//span[contains(@id ,\"title\")][contains(text(), \"WebdriverPartnerwq7nh\")]"}
COMMAND: POST /session/182702e4e2b2f92e69599adcb85aed51/element - {"using":"xpath","value":"//span[contains(@id ,\"application-addressmanagement-display-component---detailAdm--addressDetailDetailsName1\")][contains(text(), \"WebdriverSite1zulf\")]"}
RESULT: {}
RESULT: {"script":"<script> [8489 bytes]","args":[{"element-6066-11e4-a52e-4f735466cecf":"f.EA19BBC851313D4479D8F918DE7934ED.d.FAAD88DF64EB9B69EE25DEEAA7270BC4.e.6376","ELEMENT":"f.EA19BBC851313D4479D8F918DE7934ED.d.FAAD88DF64EB9B69EE25DEEAA7270BC4.e.6376"}]}
COMMAND: POST /session/182702e4e2b2f92e69599adcb85aed51/execute/sync - {"script":"<script> [5351 bytes]","args":[{"element-6066-11e4-a52e-4f735466cecf":"f.EA19BBC851313D4479D8F918DE7934ED.d.FAAD88DF64EB9B69EE25DEEAA7270BC4.e.6376","ELEMENT":"f.EA19BBC851313D4479D8F918DE7934ED.d.FAAD88DF64EB9B69EE25DEEAA7270BC4.e.6376"}]}
RESULT: {"using":"xpath","value":"//span[contains(@id ,\"title\")][contains(text(), \"WebdriverPartnerwq7nh\")]"}
RESULT: {"using":"xpath","value":"//span[contains(@id ,\"application-addressmanagement-display-component---detailAdm--addressDetailDetailsName1\")][contains(text(), \"WebdriverSite1zulf\")]"}
RESULT: {"script":"<script> [5351 bytes]","args":[{"element-6066-11e4-a52e-4f735466cecf":"f.EA19BBC851313D4479D8F918DE7934ED.d.FAAD88DF64EB9B69EE25DEEAA7270BC4.e.6376","ELEMENT":"f.EA19BBC851313D4479D8F918DE7934ED.d.FAAD88DF64EB9B69EE25DEEAA7270BC4.e.6376"}]}
COMMAND: GET /session/182702e4e2b2f92e69599adcb85aed51/screenshot - {}
COMMAND: GET /session/182702e4e2b2f92e69599adcb85aed51/screenshot - {}
COMMAND: POST /session/182702e4e2b2f92e69599adcb85aed51/execute/sync - {"script":"<script> [8489 bytes]","args":[{"element-6066-11e4-a52e-4f735466cecf":"f.EA19BBC851313D4479D8F918DE7934ED.d.FAAD88DF64EB9B69EE25DEEAA7270BC4.e.6376","ELEMENT":"f.EA19BBC851313D4479D8F918DE7934ED.d.FAAD88DF64EB9B69EE25DEEAA7270BC4.e.6376"}]}
COMMAND: POST /session/182702e4e2b2f92e69599adcb85aed51/element - {"using":"xpath","value":"//span[contains(@id ,\"title\")][contains(text(), \"WebdriverPartnerwq7nh\")]"}
COMMAND: POST /session/182702e4e2b2f92e69599adcb85aed51/element - {"using":"xpath","value":"//span[contains(@id ,\"application-addressmanagement-display-component---detailAdm--addressDetailDetailsName1\")][contains(text(), \"WebdriverSite1zulf\")]"}
RESULT: {}
RESULT: {}
RESULT: {"script":"<script> [8489 bytes]","args":[{"element-6066-11e4-a52e-4f735466cecf":"f.EA19BBC851313D4479D8F918DE7934ED.d.FAAD88DF64EB9B69EE25DEEAA7270BC4.e.6376","ELEMENT":"f.EA19BBC851313D4479D8F918DE7934ED.d.FAAD88DF64EB9B69EE25DEEAA7270BC4.e.6376"}]}
COMMAND: POST /session/182702e4e2b2f92e69599adcb85aed51/execute/sync - {"script":"<script> [5351 bytes]","args":[{"element-6066-11e4-a52e-4f735466cecf":"f.EA19BBC851313D4479D8F918DE7934ED.d.FAAD88DF64EB9B69EE25DEEAA7270BC4.e.6376","ELEMENT":"f.EA19BBC851313D4479D8F918DE7934ED.d.FAAD88DF64EB9B69EE25DEEAA7270BC4.e.6376"}]}
RESULT: {"using":"xpath","value":"//span[contains(@id ,\"title\")][contains(text(), \"WebdriverPartnerwq7nh\")]"}
RESULT: {"using":"xpath","value":"//span[contains(@id ,\"application-addressmanagement-display-component---detailAdm--addressDetailDetailsName1\")][contains(text(), \"WebdriverSite1zulf\")]"}
COMMAND: GET /session/182702e4e2b2f92e69599adcb85aed51/screenshot - {}
RESULT: {"script":"<script> [5351 bytes]","args":[{"element-6066-11e4-a52e-4f735466cecf":"f.EA19BBC851313D4479D8F918DE7934ED.d.FAAD88DF64EB9B69EE25DEEAA7270BC4.e.6376","ELEMENT":"f.EA19BBC851313D4479D8F918DE7934ED.d.FAAD88DF64EB9B69EE25DEEAA7270BC4.e.6376"}]}
COMMAND: GET /session/182702e4e2b2f92e69599adcb85aed51/screenshot - {}
COMMAND: POST /session/182702e4e2b2f92e69599adcb85aed51/execute/sync - {"script":"<script> [8489 bytes]","args":[{"element-6066-11e4-a52e-4f735466cecf":"f.EA19BBC851313D4479D8F918DE7934ED.d.FAAD88DF64EB9B69EE25DEEAA7270BC4.e.6376","ELEMENT":"f.EA19BBC851313D4479D8F918DE7934ED.d.FAAD88DF64EB9B69EE25DEEAA7270BC4.e.6376"}]}
RESULT: {}
COMMAND: POST /session/182702e4e2b2f92e69599adcb85aed51/element - {"using":"xpath","value":"//span[contains(@id ,\"title\")][contains(text(), \"WebdriverPartnerwq7nh\")]"}
COMMAND: POST /session/182702e4e2b2f92e69599adcb85aed51/element - {"using":"xpath","value":"//span[contains(@id ,\"application-addressmanagement-display-component---detailAdm--addressDetailDetailsName1\")][contains(text(), \"WebdriverSite1zulf\")]"}
RESULT: {}
RESULT: {"script":"<script> [8489 bytes]","args":[{"element-6066-11e4-a52e-4f735466cecf":"f.EA19BBC851313D4479D8F918DE7934ED.d.FAAD88DF64EB9B69EE25DEEAA7270BC4.e.6376","ELEMENT":"f.EA19BBC851313D4479D8F918DE7934ED.d.FAAD88DF64EB9B69EE25DEEAA7270BC4.e.6376"}]}
COMMAND: POST /session/182702e4e2b2f92e69599adcb85aed51/execute/sync - {"script":"<script> [5351 bytes]","args":[{"element-6066-11e4-a52e-4f735466cecf":"f.EA19BBC851313D4479D8F918DE7934ED.d.FAAD88DF64EB9B69EE25DEEAA7270BC4.e.6376","ELEMENT":"f.EA19BBC851313D4479D8F918DE7934ED.d.FAAD88DF64EB9B69EE25DEEAA7270BC4.e.6376"}]}
COMMAND: GET /session/182702e4e2b2f92e69599adcb85aed51/screenshot - {}
RESULT: {"using":"xpath","value":"//span[contains(@id ,\"title\")][contains(text(), \"WebdriverPartnerwq7nh\")]"}
RESULT: {"using":"xpath","value":"//span[contains(@id ,\"application-addressmanagement-display-component---detailAdm--addressDetailDetailsName1\")][contains(text(), \"WebdriverSite1zulf\")]"}
RESULT: {"script":"<script> [5351 bytes]","args":[{"element-6066-11e4-a52e-4f735466cecf":"f.EA19BBC851313D4479D8F918DE7934ED.d.FAAD88DF64EB9B69EE25DEEAA7270BC4.e.6376","ELEMENT":"f.EA19BBC851313D4479D8F918DE7934ED.d.FAAD88DF64EB9B69EE25DEEAA7270BC4.e.6376"}]}
COMMAND: GET /session/182702e4e2b2f92e69599adcb85aed51/screenshot - {}
COMMAND: POST /session/182702e4e2b2f92e69599adcb85aed51/execute/sync - {"script":"<script> [8489 bytes]","args":[{"element-6066-11e4-a52e-4f735466cecf":"f.EA19BBC851313D4479D8F918DE7934ED.d.FAAD88DF64EB9B69EE25DEEAA7270BC4.e.6376","ELEMENT":"f.EA19BBC851313D4479D8F918DE7934ED.d.FAAD88DF64EB9B69EE25DEEAA7270BC4.e.6376"}]}
RESULT: {}
COMMAND: POST /session/182702e4e2b2f92e69599adcb85aed51/element - {"using":"xpath","value":"//span[contains(@id ,\"title\")][contains(text(), \"WebdriverPartnerwq7nh\")]"}
COMMAND: POST /session/182702e4e2b2f92e69599adcb85aed51/element - {"using":"xpath","value":"//span[contains(@id ,\"application-addressmanagement-display-component---detailAdm--addressDetailDetailsName1\")][contains(text(), \"WebdriverSite1zulf\")]"}
RESULT: {}
RESULT: {"script":"<script> [8489 bytes]","args":[{"element-6066-11e4-a52e-4f735466cecf":"f.EA19BBC851313D4479D8F918DE7934ED.d.FAAD88DF64EB9B69EE25DEEAA7270BC4.e.6376","ELEMENT":"f.EA19BBC851313D4479D8F918DE7934ED.d.FAAD88DF64EB9B69EE25DEEAA7270BC4.e.6376"}]}
COMMAND: POST /session/182702e4e2b2f92e69599adcb85aed51/execute/sync - {"script":"<script> [5351 bytes]","args":[{"element-6066-11e4-a52e-4f735466cecf":"f.EA19BBC851313D4479D8F918DE7934ED.d.FAAD88DF64EB9B69EE25DEEAA7270BC4.e.6376","ELEMENT":"f.EA19BBC851313D4479D8F918DE7934ED.d.FAAD88DF64EB9B69EE25DEEAA7270BC4.e.6376"}]}
COMMAND: GET /session/182702e4e2b2f92e69599adcb85aed51/screenshot - {}
RESULT: {"using":"xpath","value":"//span[contains(@id ,\"title\")][contains(text(), \"WebdriverPartnerwq7nh\")]"}
RESULT: {"using":"xpath","value":"//span[contains(@id ,\"application-addressmanagement-display-component---detailAdm--addressDetailDetailsName1\")][contains(text(), \"WebdriverSite1zulf\")]"}
RESULT: {"script":"<script> [5351 bytes]","args":[{"element-6066-11e4-a52e-4f735466cecf":"f.EA19BBC851313D4479D8F918DE7934ED.d.FAAD88DF64EB9B69EE25DEEAA7270BC4.e.6376","ELEMENT":"f.EA19BBC851313D4479D8F918DE7934ED.d.FAAD88DF64EB9B69EE25DEEAA7270BC4.e.6376"}]}
COMMAND: POST /session/182702e4e2b2f92e69599adcb85aed51/execute/sync - {"script":"<script> [8489 bytes]","args":[{"element-6066-11e4-a52e-4f735466cecf":"f.EA19BBC851313D4479D8F918DE7934ED.d.FAAD88DF64EB9B69EE25DEEAA7270BC4.e.6376","ELEMENT":"f.EA19BBC851313D4479D8F918DE7934ED.d.FAAD88DF64EB9B69EE25DEEAA7270BC4.e.6376"}]}
COMMAND: GET /session/182702e4e2b2f92e69599adcb85aed51/screenshot - {}
RESULT: {}
RESULT: {"script":"<script> [8489 bytes]","args":[{"element-6066-11e4-a52e-4f735466cecf":"f.EA19BBC851313D4479D8F918DE7934ED.d.FAAD88DF64EB9B69EE25DEEAA7270BC4.e.6376","ELEMENT":"f.EA19BBC851313D4479D8F918DE7934ED.d.FAAD88DF64EB9B69EE25DEEAA7270BC4.e.6376"}]}
COMMAND: POST /session/182702e4e2b2f92e69599adcb85aed51/execute/sync - {"script":"<script> [5351 bytes]","args":[{"element-6066-11e4-a52e-4f735466cecf":"f.EA19BBC851313D4479D8F918DE7934ED.d.FAAD88DF64EB9B69EE25DEEAA7270BC4.e.6376","ELEMENT":"f.EA19BBC851313D4479D8F918DE7934ED.d.FAAD88DF64EB9B69EE25DEEAA7270BC4.e.6376"}]}
COMMAND: GET /session/182702e4e2b2f92e69599adcb85aed51/screenshot - {}
COMMAND: POST /session/182702e4e2b2f92e69599adcb85aed51/element - {"using":"xpath","value":"//span[contains(@id ,\"title\")][contains(text(), \"WebdriverPartnerwq7nh\")]"}
COMMAND: POST /session/182702e4e2b2f92e69599adcb85aed51/element - {"using":"xpath","value":"//span[contains(@id ,\"application-addressmanagement-display-component---detailAdm--addressDetailDetailsName1\")][contains(text(), \"WebdriverSite1zulf\")]"}
RESULT: {}
RESULT: {"script":"<script> [5351 bytes]","args":[{"element-6066-11e4-a52e-4f735466cecf":"f.EA19BBC851313D4479D8F918DE7934ED.d.FAAD88DF64EB9B69EE25DEEAA7270BC4.e.6376","ELEMENT":"f.EA19BBC851313D4479D8F918DE7934ED.d.FAAD88DF64EB9B69EE25DEEAA7270BC4.e.6376"}]}
COMMAND: POST /session/182702e4e2b2f92e69599adcb85aed51/execute/sync - {"script":"<script> [8489 bytes]","args":[{"element-6066-11e4-a52e-4f735466cecf":"f.EA19BBC851313D4479D8F918DE7934ED.d.FAAD88DF64EB9B69EE25DEEAA7270BC4.e.6376","ELEMENT":"f.EA19BBC851313D4479D8F918DE7934ED.d.FAAD88DF64EB9B69EE25DEEAA7270BC4.e.6376"}]}
COMMAND: GET /session/182702e4e2b2f92e69599adcb85aed51/screenshot - {}
RESULT: {}
RESULT: {"using":"xpath","value":"//span[contains(@id ,\"title\")][contains(text(), \"WebdriverPartnerwq7nh\")]"}
RESULT: {"using":"xpath","value":"//span[contains(@id ,\"application-addressmanagement-display-component---detailAdm--addressDetailDetailsName1\")][contains(text(), \"WebdriverSite1zulf\")]"}
RESULT: {"script":"<script> [8489 bytes]","args":[{"element-6066-11e4-a52e-4f735466cecf":"f.EA19BBC851313D4479D8F918DE7934ED.d.FAAD88DF64EB9B69EE25DEEAA7270BC4.e.6376","ELEMENT":"f.EA19BBC851313D4479D8F918DE7934ED.d.FAAD88DF64EB9B69EE25DEEAA7270BC4.e.6376"}]}
COMMAND: POST /session/182702e4e2b2f92e69599adcb85aed51/execute/sync - {"script":"<script> [5351 bytes]","args":[{"element-6066-11e4-a52e-4f735466cecf":"f.EA19BBC851313D4479D8F918DE7934ED.d.FAAD88DF64EB9B69EE25DEEAA7270BC4.e.6376","ELEMENT":"f.EA19BBC851313D4479D8F918DE7934ED.d.FAAD88DF64EB9B69EE25DEEAA7270BC4.e.6376"}]}
COMMAND: GET /session/182702e4e2b2f92e69599adcb85aed51/screenshot - {}
RESULT: {}
RESULT: {"script":"<script> [5351 bytes]","args":[{"element-6066-11e4-a52e-4f735466cecf":"f.EA19BBC851313D4479D8F918DE7934ED.d.FAAD88DF64EB9B69EE25DEEAA7270BC4.e.6376","ELEMENT":"f.EA19BBC851313D4479D8F918DE7934ED.d.FAAD88DF64EB9B69EE25DEEAA7270BC4.e.6376"}]}
COMMAND: POST /session/182702e4e2b2f92e69599adcb85aed51/execute/sync - {"script":"<script> [8489 bytes]","args":[{"element-6066-11e4-a52e-4f735466cecf":"f.EA19BBC851313D4479D8F918DE7934ED.d.FAAD88DF64EB9B69EE25DEEAA7270BC4.e.6376","ELEMENT":"f.EA19BBC851313D4479D8F918DE7934ED.d.FAAD88DF64EB9B69EE25DEEAA7270BC4.e.6376"}]}
COMMAND: GET /session/182702e4e2b2f92e69599adcb85aed51/screenshot - {}
COMMAND: POST /session/182702e4e2b2f92e69599adcb85aed51/element - {"using":"xpath","value":"//span[contains(@id ,\"title\")][contains(text(), \"WebdriverPartnerwq7nh\")]"}
COMMAND: POST /session/182702e4e2b2f92e69599adcb85aed51/element - {"using":"xpath","value":"//span[contains(@id ,\"application-addressmanagement-display-component---detailAdm--addressDetailDetailsName1\")][contains(text(), \"WebdriverSite1zulf\")]"}
RESULT: {}
RESULT: {"script":"<script> [8489 bytes]","args":[{"element-6066-11e4-a52e-4f735466cecf":"f.EA19BBC851313D4479D8F918DE7934ED.d.FAAD88DF64EB9B69EE25DEEAA7270BC4.e.6376","ELEMENT":"f.EA19BBC851313D4479D8F918DE7934ED.d.FAAD88DF64EB9B69EE25DEEAA7270BC4.e.6376"}]}
COMMAND: POST /session/182702e4e2b2f92e69599adcb85aed51/execute/sync - {"script":"<script> [5351 bytes]","args":[{"element-6066-11e4-a52e-4f735466cecf":"f.EA19BBC851313D4479D8F918DE7934ED.d.FAAD88DF64EB9B69EE25DEEAA7270BC4.e.6376","ELEMENT":"f.EA19BBC851313D4479D8F918DE7934ED.d.FAAD88DF64EB9B69EE25DEEAA7270BC4.e.6376"}]}
COMMAND: GET /session/182702e4e2b2f92e69599adcb85aed51/screenshot - {}
RESULT: {}
RESULT: {"using":"xpath","value":"//span[contains(@id ,\"title\")][contains(text(), \"WebdriverPartnerwq7nh\")]"}
RESULT: {"using":"xpath","value":"//span[contains(@id ,\"application-addressmanagement-display-component---detailAdm--addressDetailDetailsName1\")][contains(text(), \"WebdriverSite1zulf\")]"}
RESULT: {"script":"<script> [5351 bytes]","args":[{"element-6066-11e4-a52e-4f735466cecf":"f.EA19BBC851313D4479D8F918DE7934ED.d.FAAD88DF64EB9B69EE25DEEAA7270BC4.e.6376","ELEMENT":"f.EA19BBC851313D4479D8F918DE7934ED.d.FAAD88DF64EB9B69EE25DEEAA7270BC4.e.6376"}]}
COMMAND: POST /session/182702e4e2b2f92e69599adcb85aed51/execute/sync - {"script":"<script> [8489 bytes]","args":[{"element-6066-11e4-a52e-4f735466cecf":"f.EA19BBC851313D4479D8F918DE7934ED.d.FAAD88DF64EB9B69EE25DEEAA7270BC4.e.6376","ELEMENT":"f.EA19BBC851313D4479D8F918DE7934ED.d.FAAD88DF64EB9B69EE25DEEAA7270BC4.e.6376"}]}
COMMAND: GET /session/182702e4e2b2f92e69599adcb85aed51/screenshot - {}
RESULT: {}
RESULT: {"script":"<script> [8489 bytes]","args":[{"element-6066-11e4-a52e-4f735466cecf":"f.EA19BBC851313D4479D8F918DE7934ED.d.FAAD88DF64EB9B69EE25DEEAA7270BC4.e.6376","ELEMENT":"f.EA19BBC851313D4479D8F918DE7934ED.d.FAAD88DF64EB9B69EE25DEEAA7270BC4.e.6376"}]}
COMMAND: POST /session/182702e4e2b2f92e69599adcb85aed51/execute/sync - {"script":"<script> [5351 bytes]","args":[{"element-6066-11e4-a52e-4f735466cecf":"f.EA19BBC851313D4479D8F918DE7934ED.d.FAAD88DF64EB9B69EE25DEEAA7270BC4.e.6376","ELEMENT":"f.EA19BBC851313D4479D8F918DE7934ED.d.FAAD88DF64EB9B69EE25DEEAA7270BC4.e.6376"}]}
COMMAND: GET /session/182702e4e2b2f92e69599adcb85aed51/screenshot - {}
COMMAND: POST /session/182702e4e2b2f92e69599adcb85aed51/element - {"using":"xpath","value":"//span[contains(@id ,\"title\")][contains(text(), \"WebdriverPartnerwq7nh\")]"}
COMMAND: POST /session/182702e4e2b2f92e69599adcb85aed51/element - {"using":"xpath","value":"//span[contains(@id ,\"application-addressmanagement-display-component---detailAdm--addressDetailDetailsName1\")][contains(text(), \"WebdriverSite1zulf\")]"}
RESULT: {}
RESULT: {"script":"<script> [5351 bytes]","args":[{"element-6066-11e4-a52e-4f735466cecf":"f.EA19BBC851313D4479D8F918DE7934ED.d.FAAD88DF64EB9B69EE25DEEAA7270BC4.e.6376","ELEMENT":"f.EA19BBC851313D4479D8F918DE7934ED.d.FAAD88DF64EB9B69EE25DEEAA7270BC4.e.6376"}]}
COMMAND: POST /session/182702e4e2b2f92e69599adcb85aed51/execute/sync - {"script":"<script> [8489 bytes]","args":[{"element-6066-11e4-a52e-4f735466cecf":"f.EA19BBC851313D4479D8F918DE7934ED.d.FAAD88DF64EB9B69EE25DEEAA7270BC4.e.6376","ELEMENT":"f.EA19BBC851313D4479D8F918DE7934ED.d.FAAD88DF64EB9B69EE25DEEAA7270BC4.e.6376"}]}
COMMAND: GET /session/182702e4e2b2f92e69599adcb85aed51/screenshot - {}
RESULT: {}
RESULT: {"using":"xpath","value":"//span[contains(@id ,\"application-addressmanagement-display-component---detailAdm--addressDetailDetailsName1\")][contains(text(), \"WebdriverSite1zulf\")]"}
RESULT: {"using":"xpath","value":"//span[contains(@id ,\"title\")][contains(text(), \"WebdriverPartnerwq7nh\")]"}
RESULT: {"script":"<script> [8489 bytes]","args":[{"element-6066-11e4-a52e-4f735466cecf":"f.EA19BBC851313D4479D8F918DE7934ED.d.FAAD88DF64EB9B69EE25DEEAA7270BC4.e.6376","ELEMENT":"f.EA19BBC851313D4479D8F918DE7934ED.d.FAAD88DF64EB9B69EE25DEEAA7270BC4.e.6376"}]}
COMMAND: POST /session/182702e4e2b2f92e69599adcb85aed51/execute/sync - {"script":"<script> [5351 bytes]","args":[{"element-6066-11e4-a52e-4f735466cecf":"f.EA19BBC851313D4479D8F918DE7934ED.d.FAAD88DF64EB9B69EE25DEEAA7270BC4.e.6376","ELEMENT":"f.EA19BBC851313D4479D8F918DE7934ED.d.FAAD88DF64EB9B69EE25DEEAA7270BC4.e.6376"}]}
RESULT: {}
COMMAND: GET /session/182702e4e2b2f92e69599adcb85aed51/screenshot - {}
RESULT: {"script":"<script> [5351 bytes]","args":[{"element-6066-11e4-a52e-4f735466cecf":"f.EA19BBC851313D4479D8F918DE7934ED.d.FAAD88DF64EB9B69EE25DEEAA7270BC4.e.6376","ELEMENT":"f.EA19BBC851313D4479D8F918DE7934ED.d.FAAD88DF64EB9B69EE25DEEAA7270BC4.e.6376"}]}
COMMAND: POST /session/182702e4e2b2f92e69599adcb85aed51/element - {"using":"xpath","value":"//*[contains(@data-kt ,\"webshopDetailCustomerLink\")]"}
COMMAND: GET /session/182702e4e2b2f92e69599adcb85aed51/screenshot - {}
COMMAND: POST /session/182702e4e2b2f92e69599adcb85aed51/element - {"using":"xpath","value":"//span[contains(@id ,\"title\")][contains(text(), \"WebdriverPartnerwq7nh\")]"}
RESULT: {}
RESULT: {"using":"xpath","value":"//*[contains(@data-kt ,\"webshopDetailCustomerLink\")]"}
COMMAND: POST /session/182702e4e2b2f92e69599adcb85aed51/element/f.EA19BBC851313D4479D8F918DE7934ED.d.FAAD88DF64EB9B69EE25DEEAA7270BC4.e.6376/click - {}
RESULT: {}
RESULT: {"using":"xpath","value":"//span[contains(@id ,\"title\")][contains(text(), \"WebdriverPartnerwq7nh\")]"}
RESULT: {}
COMMAND: GET /session/182702e4e2b2f92e69599adcb85aed51/screenshot - {}
COMMAND: POST /session/182702e4e2b2f92e69599adcb85aed51/element - {"using":"xpath","value":"//span[contains(@id ,\"title\")][contains(text(), \"WebdriverPartnerwq7nh\")]"}
RESULT: {}
RESULT: {"using":"xpath","value":"//span[contains(@id ,\"title\")][contains(text(), \"WebdriverPartnerwq7nh\")]"}
COMMAND: POST /session/182702e4e2b2f92e69599adcb85aed51/execute/sync - {"script":"<script> [8489 bytes]","args":[{"element-6066-11e4-a52e-4f735466cecf":"f.EA19BBC851313D4479D8F918DE7934ED.d.FAAD88DF64EB9B69EE25DEEAA7270BC4.e.6404","ELEMENT":"f.EA19BBC851313D4479D8F918DE7934ED.d.FAAD88DF64EB9B69EE25DEEAA7270BC4.e.6404"}]}
RESULT: {"script":"<script> [8489 bytes]","args":[{"element-6066-11e4-a52e-4f735466cecf":"f.EA19BBC851313D4479D8F918DE7934ED.d.FAAD88DF64EB9B69EE25DEEAA7270BC4.e.6404","ELEMENT":"f.EA19BBC851313D4479D8F918DE7934ED.d.FAAD88DF64EB9B69EE25DEEAA7270BC4.e.6404"}]}
COMMAND: GET /session/182702e4e2b2f92e69599adcb85aed51/screenshot - {}
RESULT: {}
COMMAND: POST /session/182702e4e2b2f92e69599adcb85aed51/element - {"using":"xpath","value":"//button[contains(@data-kt ,\"ContextMenuExternalId2Link\")]"}
RESULT: {"using":"xpath","value":"//button[contains(@data-kt ,\"ContextMenuExternalId2Link\")]"}
COMMAND: POST /session/182702e4e2b2f92e69599adcb85aed51/element/f.EA19BBC851313D4479D8F918DE7934ED.d.FAAD88DF64EB9B69EE25DEEAA7270BC4.e.6403/click - {}
RESULT: {}
COMMAND: GET /session/182702e4e2b2f92e69599adcb85aed51/screenshot - {}
RESULT: {}
COMMAND: GET /session/182702e4e2b2f92e69599adcb85aed51/window/handles - {}
RESULT: {}
COMMAND: POST /session/182702e4e2b2f92e69599adcb85aed51/window - {"handle":"9084F38133AF3C86AAD9C28FC8CC023A"}
RESULT: {"handle":"9084F38133AF3C86AAD9C28FC8CC023A"}
COMMAND: GET /session/182702e4e2b2f92e69599adcb85aed51/url - {}
RESULT: {}
COMMAND: GET /session/182702e4e2b2f92e69599adcb85aed51/screenshot - {}
RESULT: {}
COMMAND: POST /session/182702e4e2b2f92e69599adcb85aed51/execute/sync - {"script":"<script> [8489 bytes]","args":[{"element-6066-11e4-a52e-4f735466cecf":"f.EA19BBC851313D4479D8F918DE7934ED.d.FAAD88DF64EB9B69EE25DEEAA7270BC4.e.6404","ELEMENT":"f.EA19BBC851313D4479D8F918DE7934ED.d.FAAD88DF64EB9B69EE25DEEAA7270BC4.e.6404"}]}
COMMAND: DELETE /session/182702e4e2b2f92e69599adcb85aed51/window - {}
RESULT: {}
COMMAND: POST /session/182702e4e2b2f92e69599adcb85aed51/window - {"handle":"EA19BBC851313D4479D8F918DE7934ED"}
RESULT: {"handle":"EA19BBC851313D4479D8F918DE7934ED"}
COMMAND: GET /session/182702e4e2b2f92e69599adcb85aed51/url - {}
RESULT: {"script":"<script> [8489 bytes]","args":[{"element-6066-11e4-a52e-4f735466cecf":"f.EA19BBC851313D4479D8F918DE7934ED.d.FAAD88DF64EB9B69EE25DEEAA7270BC4.e.6404","ELEMENT":"f.EA19BBC851313D4479D8F918DE7934ED.d.FAAD88DF64EB9B69EE25DEEAA7270BC4.e.6404"}]}
COMMAND: GET /session/182702e4e2b2f92e69599adcb85aed51/screenshot - {}
RESULT: {}
COMMAND: GET /session/182702e4e2b2f92e69599adcb85aed51/screenshot - {}
RESULT: {}
RESULT: {}
]]></system-out>
    </testcase>
    <testcase classname="chrome.136_0_7103_93.windows.Webshop_-_Hyperlinks_visible_and_working_properly__US139085" name="Should verify the contract and catalog item hyperlinks" time="107.632">
      <system-out><![CDATA[
COMMAND: POST /session/182702e4e2b2f92e69599adcb85aed51/element - {"using":"xpath","value":"//*[contains(@data-kt ,\"webshopDetailContractLink\")]"}
RESULT: {"using":"xpath","value":"//*[contains(@data-kt ,\"webshopDetailContractLink\")]"}
COMMAND: POST /session/182702e4e2b2f92e69599adcb85aed51/execute/sync - {"script":"<script> [8489 bytes]","args":[{"element-6066-11e4-a52e-4f735466cecf":"f.EA19BBC851313D4479D8F918DE7934ED.d.FAAD88DF64EB9B69EE25DEEAA7270BC4.e.6629","ELEMENT":"f.EA19BBC851313D4479D8F918DE7934ED.d.FAAD88DF64EB9B69EE25DEEAA7270BC4.e.6629"}]}
RESULT: {"script":"<script> [8489 bytes]","args":[{"element-6066-11e4-a52e-4f735466cecf":"f.EA19BBC851313D4479D8F918DE7934ED.d.FAAD88DF64EB9B69EE25DEEAA7270BC4.e.6629","ELEMENT":"f.EA19BBC851313D4479D8F918DE7934ED.d.FAAD88DF64EB9B69EE25DEEAA7270BC4.e.6629"}]}
COMMAND: POST /session/182702e4e2b2f92e69599adcb85aed51/execute/sync - {"script":"<script> [5351 bytes]","args":[{"element-6066-11e4-a52e-4f735466cecf":"f.EA19BBC851313D4479D8F918DE7934ED.d.FAAD88DF64EB9B69EE25DEEAA7270BC4.e.6629","ELEMENT":"f.EA19BBC851313D4479D8F918DE7934ED.d.FAAD88DF64EB9B69EE25DEEAA7270BC4.e.6629"}]}
COMMAND: GET /session/182702e4e2b2f92e69599adcb85aed51/screenshot - {}
RESULT: {"script":"<script> [5351 bytes]","args":[{"element-6066-11e4-a52e-4f735466cecf":"f.EA19BBC851313D4479D8F918DE7934ED.d.FAAD88DF64EB9B69EE25DEEAA7270BC4.e.6629","ELEMENT":"f.EA19BBC851313D4479D8F918DE7934ED.d.FAAD88DF64EB9B69EE25DEEAA7270BC4.e.6629"}]}
COMMAND: POST /session/182702e4e2b2f92e69599adcb85aed51/element - {"using":"xpath","value":"//*[contains(@data-kt ,\"webshopDetailContractLink\")]"}
COMMAND: GET /session/182702e4e2b2f92e69599adcb85aed51/screenshot - {}
RESULT: {}
RESULT: {"using":"xpath","value":"//*[contains(@data-kt ,\"webshopDetailContractLink\")]"}
COMMAND: POST /session/182702e4e2b2f92e69599adcb85aed51/element/f.EA19BBC851313D4479D8F918DE7934ED.d.FAAD88DF64EB9B69EE25DEEAA7270BC4.e.6629/click - {}
RESULT: {}
RESULT: {}
COMMAND: GET /session/182702e4e2b2f92e69599adcb85aed51/screenshot - {}
RESULT: {}
COMMAND: POST /session/182702e4e2b2f92e69599adcb85aed51/element - {"using":"xpath","value":"//*[contains(@data-kt ,\"ContextMenuId2Link\")][contains(text(), \"Contract Overview\")]"}
RESULT: {"using":"xpath","value":"//*[contains(@data-kt ,\"ContextMenuId2Link\")][contains(text(), \"Contract Overview\")]"}
COMMAND: POST /session/182702e4e2b2f92e69599adcb85aed51/execute/sync - {"script":"<script> [8489 bytes]","args":[{"element-6066-11e4-a52e-4f735466cecf":"f.EA19BBC851313D4479D8F918DE7934ED.d.FAAD88DF64EB9B69EE25DEEAA7270BC4.e.6631","ELEMENT":"f.EA19BBC851313D4479D8F918DE7934ED.d.FAAD88DF64EB9B69EE25DEEAA7270BC4.e.6631"}]}
COMMAND: POST /session/182702e4e2b2f92e69599adcb85aed51/element - {"using":"xpath","value":"//*[contains(@data-kt ,\"ContextMenuId2Link\")][contains(text(), \"Contract Overview\")]"}
RESULT: {"script":"<script> [8489 bytes]","args":[{"element-6066-11e4-a52e-4f735466cecf":"f.EA19BBC851313D4479D8F918DE7934ED.d.FAAD88DF64EB9B69EE25DEEAA7270BC4.e.6631","ELEMENT":"f.EA19BBC851313D4479D8F918DE7934ED.d.FAAD88DF64EB9B69EE25DEEAA7270BC4.e.6631"}]}
COMMAND: GET /session/182702e4e2b2f92e69599adcb85aed51/screenshot - {}
RESULT: {"using":"xpath","value":"//*[contains(@data-kt ,\"ContextMenuId2Link\")][contains(text(), \"Contract Overview\")]"}
COMMAND: POST /session/182702e4e2b2f92e69599adcb85aed51/element/f.EA19BBC851313D4479D8F918DE7934ED.d.FAAD88DF64EB9B69EE25DEEAA7270BC4.e.6631/click - {}
RESULT: {}
RESULT: {}
COMMAND: GET /session/182702e4e2b2f92e69599adcb85aed51/screenshot - {}
RESULT: {}
RESULT: undefined
COMMAND: POST /session/182702e4e2b2f92e69599adcb85aed51/execute/async - {"script":"<script> [6424 bytes]","args":[{"element-6066-11e4-a52e-4f735466cecf":"f.EA19BBC851313D4479D8F918DE7934ED.d.FAAD88DF64EB9B69EE25DEEAA7270BC4.e.3134"},"getTitle",[]]}
COMMAND: POST /session/182702e4e2b2f92e69599adcb85aed51/execute/async - {"script":"<script> [1562 bytes]","args":[{"selector":{"id":"shellAppTitle"},"wdio_ui5_key":"shellAppTitle"}]}
RESULT: {"script":"<script> [1562 bytes]","args":[{"selector":{"id":"shellAppTitle"},"wdio_ui5_key":"shellAppTitle"}]}
COMMAND: POST /session/182702e4e2b2f92e69599adcb85aed51/execute/async - {"script":"<script> [6424 bytes]","args":[{"element-6066-11e4-a52e-4f735466cecf":"f.EA19BBC851313D4479D8F918DE7934ED.d.FAAD88DF64EB9B69EE25DEEAA7270BC4.e.6872"},"getTitle",[]]}
RESULT: {"script":"<script> [6424 bytes]","args":[{"element-6066-11e4-a52e-4f735466cecf":"f.EA19BBC851313D4479D8F918DE7934ED.d.FAAD88DF64EB9B69EE25DEEAA7270BC4.e.6872"},"getTitle",[]]}
COMMAND: POST /session/182702e4e2b2f92e69599adcb85aed51/element - {"using":"xpath","value":"//span[contains(@id ,\"contractDetailTitleNoExpanded\")][contains(text(), \"10261\")]"}
RESULT: {"using":"xpath","value":"//span[contains(@id ,\"contractDetailTitleNoExpanded\")][contains(text(), \"10261\")]"}
COMMAND: POST /session/182702e4e2b2f92e69599adcb85aed51/execute/sync - {"script":"<script> [8489 bytes]","args":[{"element-6066-11e4-a52e-4f735466cecf":"f.EA19BBC851313D4479D8F918DE7934ED.d.FAAD88DF64EB9B69EE25DEEAA7270BC4.e.6873","ELEMENT":"f.EA19BBC851313D4479D8F918DE7934ED.d.FAAD88DF64EB9B69EE25DEEAA7270BC4.e.6873"}]}
RESULT: undefined
COMMAND: POST /session/182702e4e2b2f92e69599adcb85aed51/element - {"using":"xpath","value":"//*[@id=\"backBtn\"]"}
RESULT: {"script":"<script> [8489 bytes]","args":[{"element-6066-11e4-a52e-4f735466cecf":"f.EA19BBC851313D4479D8F918DE7934ED.d.FAAD88DF64EB9B69EE25DEEAA7270BC4.e.6873","ELEMENT":"f.EA19BBC851313D4479D8F918DE7934ED.d.FAAD88DF64EB9B69EE25DEEAA7270BC4.e.6873"}]}
COMMAND: GET /session/182702e4e2b2f92e69599adcb85aed51/screenshot - {}
RESULT: {"using":"xpath","value":"//*[@id=\"backBtn\"]"}
COMMAND: POST /session/182702e4e2b2f92e69599adcb85aed51/element/f.EA19BBC851313D4479D8F918DE7934ED.d.FAAD88DF64EB9B69EE25DEEAA7270BC4.e.3136/click - {}
RESULT: {}
RESULT: {}
COMMAND: GET /session/182702e4e2b2f92e69599adcb85aed51/screenshot - {}
RESULT: {}
COMMAND: POST /session/182702e4e2b2f92e69599adcb85aed51/execute/sync - {"script":"<script> [8489 bytes]","args":[{"element-6066-11e4-a52e-4f735466cecf":"f.EA19BBC851313D4479D8F918DE7934ED.d.FAAD88DF64EB9B69EE25DEEAA7270BC4.e.6629","ELEMENT":"f.EA19BBC851313D4479D8F918DE7934ED.d.FAAD88DF64EB9B69EE25DEEAA7270BC4.e.6629"}]}
COMMAND: POST /session/182702e4e2b2f92e69599adcb85aed51/element - {"using":"xpath","value":"//*[contains(@data-kt ,\"webshopDetailContractLink\")]"}
RESULT: {"using":"xpath","value":"//*[contains(@data-kt ,\"webshopDetailContractLink\")]"}
COMMAND: POST /session/182702e4e2b2f92e69599adcb85aed51/execute/sync - {"script":"<script> [8489 bytes]","args":[{"element-6066-11e4-a52e-4f735466cecf":"f.EA19BBC851313D4479D8F918DE7934ED.d.FAAD88DF64EB9B69EE25DEEAA7270BC4.e.7056","ELEMENT":"f.EA19BBC851313D4479D8F918DE7934ED.d.FAAD88DF64EB9B69EE25DEEAA7270BC4.e.7056"}]}
RESULT: {"script":"<script> [8489 bytes]","args":[{"element-6066-11e4-a52e-4f735466cecf":"f.EA19BBC851313D4479D8F918DE7934ED.d.FAAD88DF64EB9B69EE25DEEAA7270BC4.e.7056","ELEMENT":"f.EA19BBC851313D4479D8F918DE7934ED.d.FAAD88DF64EB9B69EE25DEEAA7270BC4.e.7056"}]}
COMMAND: POST /session/182702e4e2b2f92e69599adcb85aed51/execute/sync - {"script":"<script> [5351 bytes]","args":[{"element-6066-11e4-a52e-4f735466cecf":"f.EA19BBC851313D4479D8F918DE7934ED.d.FAAD88DF64EB9B69EE25DEEAA7270BC4.e.7056","ELEMENT":"f.EA19BBC851313D4479D8F918DE7934ED.d.FAAD88DF64EB9B69EE25DEEAA7270BC4.e.7056"}]}
COMMAND: GET /session/182702e4e2b2f92e69599adcb85aed51/screenshot - {}
RESULT: {"script":"<script> [5351 bytes]","args":[{"element-6066-11e4-a52e-4f735466cecf":"f.EA19BBC851313D4479D8F918DE7934ED.d.FAAD88DF64EB9B69EE25DEEAA7270BC4.e.7056","ELEMENT":"f.EA19BBC851313D4479D8F918DE7934ED.d.FAAD88DF64EB9B69EE25DEEAA7270BC4.e.7056"}]}
COMMAND: POST /session/182702e4e2b2f92e69599adcb85aed51/element - {"using":"xpath","value":"//*[contains(@data-kt ,\"webshopDetailContractLink\")]"}
COMMAND: GET /session/182702e4e2b2f92e69599adcb85aed51/screenshot - {}
RESULT: {}
RESULT: {"using":"xpath","value":"//*[contains(@data-kt ,\"webshopDetailContractLink\")]"}
COMMAND: POST /session/182702e4e2b2f92e69599adcb85aed51/element/f.EA19BBC851313D4479D8F918DE7934ED.d.FAAD88DF64EB9B69EE25DEEAA7270BC4.e.7056/click - {}
RESULT: {}
RESULT: {}
COMMAND: GET /session/182702e4e2b2f92e69599adcb85aed51/screenshot - {}
RESULT: {}
COMMAND: POST /session/182702e4e2b2f92e69599adcb85aed51/element - {"using":"xpath","value":"//button[contains(@data-kt ,\"ContextMenuExternalId2Link\")]"}
RESULT: {"using":"xpath","value":"//button[contains(@data-kt ,\"ContextMenuExternalId2Link\")]"}
COMMAND: POST /session/182702e4e2b2f92e69599adcb85aed51/element/f.EA19BBC851313D4479D8F918DE7934ED.d.FAAD88DF64EB9B69EE25DEEAA7270BC4.e.7057/click - {}
RESULT: {}
COMMAND: GET /session/182702e4e2b2f92e69599adcb85aed51/screenshot - {}
RESULT: {}
COMMAND: GET /session/182702e4e2b2f92e69599adcb85aed51/window/handles - {}
RESULT: {}
COMMAND: POST /session/182702e4e2b2f92e69599adcb85aed51/window - {"handle":"D3A78E282192227394DFD30A2FC6CA0A"}
RESULT: {"handle":"D3A78E282192227394DFD30A2FC6CA0A"}
COMMAND: GET /session/182702e4e2b2f92e69599adcb85aed51/url - {}
RESULT: {}
COMMAND: GET /session/182702e4e2b2f92e69599adcb85aed51/screenshot - {}
COMMAND: POST /session/182702e4e2b2f92e69599adcb85aed51/execute/sync - {"script":"<script> [8489 bytes]","args":[{"element-6066-11e4-a52e-4f735466cecf":"f.EA19BBC851313D4479D8F918DE7934ED.d.FAAD88DF64EB9B69EE25DEEAA7270BC4.e.6873","ELEMENT":"f.EA19BBC851313D4479D8F918DE7934ED.d.FAAD88DF64EB9B69EE25DEEAA7270BC4.e.6873"}]}
COMMAND: DELETE /session/182702e4e2b2f92e69599adcb85aed51/window - {}
RESULT: {}
RESULT: {"script":"<script> [8489 bytes]","args":[{"element-6066-11e4-a52e-4f735466cecf":"f.EA19BBC851313D4479D8F918DE7934ED.d.FAAD88DF64EB9B69EE25DEEAA7270BC4.e.6873","ELEMENT":"f.EA19BBC851313D4479D8F918DE7934ED.d.FAAD88DF64EB9B69EE25DEEAA7270BC4.e.6873"}]}
COMMAND: GET /session/182702e4e2b2f92e69599adcb85aed51/screenshot - {}
COMMAND: POST /session/182702e4e2b2f92e69599adcb85aed51/execute/sync - {"script":"<script> [8489 bytes]","args":[{"element-6066-11e4-a52e-4f735466cecf":"f.EA19BBC851313D4479D8F918DE7934ED.d.FAAD88DF64EB9B69EE25DEEAA7270BC4.e.6873","ELEMENT":"f.EA19BBC851313D4479D8F918DE7934ED.d.FAAD88DF64EB9B69EE25DEEAA7270BC4.e.6873"}]}
RESULT: {}
COMMAND: POST /session/182702e4e2b2f92e69599adcb85aed51/window - {"handle":"EA19BBC851313D4479D8F918DE7934ED"}
RESULT: {"handle":"EA19BBC851313D4479D8F918DE7934ED"}
COMMAND: GET /session/182702e4e2b2f92e69599adcb85aed51/url - {}
RESULT: {}
COMMAND: POST /session/182702e4e2b2f92e69599adcb85aed51/element - {"using":"xpath","value":"//span[contains(@id ,\"contractDetailTitleNoExpanded\")][contains(text(), \"10261\")]"}
RESULT: {}
COMMAND: GET /session/182702e4e2b2f92e69599adcb85aed51/screenshot - {}
RESULT: {"using":"xpath","value":"//span[contains(@id ,\"contractDetailTitleNoExpanded\")][contains(text(), \"10261\")]"}
COMMAND: POST /session/182702e4e2b2f92e69599adcb85aed51/element - {"using":"xpath","value":"//span[contains(@id ,\"contractDetailTitleNoExpanded\")][contains(text(), \"10261\")]"}
RESULT: {"using":"xpath","value":"//span[contains(@id ,\"contractDetailTitleNoExpanded\")][contains(text(), \"10261\")]"}
RESULT: {}
COMMAND: POST /session/182702e4e2b2f92e69599adcb85aed51/element - {"using":"xpath","value":"//span[contains(@id ,\"contractDetailTitleNoExpanded\")][contains(text(), \"10261\")]"}
RESULT: {"using":"xpath","value":"//span[contains(@id ,\"contractDetailTitleNoExpanded\")][contains(text(), \"10261\")]"}
COMMAND: POST /session/182702e4e2b2f92e69599adcb85aed51/element - {"using":"xpath","value":"//span[contains(@id ,\"contractDetailTitleNoExpanded\")][contains(text(), \"10261\")]"}
RESULT: {"using":"xpath","value":"//span[contains(@id ,\"contractDetailTitleNoExpanded\")][contains(text(), \"10261\")]"}
COMMAND: POST /session/182702e4e2b2f92e69599adcb85aed51/element - {"using":"xpath","value":"//span[contains(@id ,\"contractDetailTitleNoExpanded\")][contains(text(), \"10261\")]"}
RESULT: {"using":"xpath","value":"//span[contains(@id ,\"contractDetailTitleNoExpanded\")][contains(text(), \"10261\")]"}
COMMAND: POST /session/182702e4e2b2f92e69599adcb85aed51/element - {"using":"xpath","value":"//span[contains(@id ,\"contractDetailTitleNoExpanded\")][contains(text(), \"10261\")]"}
RESULT: {"using":"xpath","value":"//span[contains(@id ,\"contractDetailTitleNoExpanded\")][contains(text(), \"10261\")]"}
COMMAND: POST /session/182702e4e2b2f92e69599adcb85aed51/element - {"using":"xpath","value":"//span[contains(@id ,\"contractDetailTitleNoExpanded\")][contains(text(), \"10261\")]"}
RESULT: {"using":"xpath","value":"//span[contains(@id ,\"contractDetailTitleNoExpanded\")][contains(text(), \"10261\")]"}
COMMAND: POST /session/182702e4e2b2f92e69599adcb85aed51/element - {"using":"xpath","value":"//span[contains(@id ,\"contractDetailTitleNoExpanded\")][contains(text(), \"10261\")]"}
RESULT: {"using":"xpath","value":"//span[contains(@id ,\"contractDetailTitleNoExpanded\")][contains(text(), \"10261\")]"}
COMMAND: POST /session/182702e4e2b2f92e69599adcb85aed51/element - {"using":"xpath","value":"//span[contains(@id ,\"contractDetailTitleNoExpanded\")][contains(text(), \"10261\")]"}
RESULT: {"using":"xpath","value":"//span[contains(@id ,\"contractDetailTitleNoExpanded\")][contains(text(), \"10261\")]"}
COMMAND: POST /session/182702e4e2b2f92e69599adcb85aed51/element - {"using":"xpath","value":"//span[contains(@id ,\"contractDetailTitleNoExpanded\")][contains(text(), \"10261\")]"}
RESULT: {"using":"xpath","value":"//span[contains(@id ,\"contractDetailTitleNoExpanded\")][contains(text(), \"10261\")]"}
COMMAND: POST /session/182702e4e2b2f92e69599adcb85aed51/element - {"using":"xpath","value":"//*[contains(@data-kt ,\"webshopDetailCatalogItemLink\")]"}
RESULT: {"using":"xpath","value":"//*[contains(@data-kt ,\"webshopDetailCatalogItemLink\")]"}
COMMAND: POST /session/182702e4e2b2f92e69599adcb85aed51/execute/sync - {"script":"<script> [8489 bytes]","args":[{"element-6066-11e4-a52e-4f735466cecf":"f.EA19BBC851313D4479D8F918DE7934ED.d.FAAD88DF64EB9B69EE25DEEAA7270BC4.e.7010","ELEMENT":"f.EA19BBC851313D4479D8F918DE7934ED.d.FAAD88DF64EB9B69EE25DEEAA7270BC4.e.7010"}]}
RESULT: {"script":"<script> [8489 bytes]","args":[{"element-6066-11e4-a52e-4f735466cecf":"f.EA19BBC851313D4479D8F918DE7934ED.d.FAAD88DF64EB9B69EE25DEEAA7270BC4.e.7010","ELEMENT":"f.EA19BBC851313D4479D8F918DE7934ED.d.FAAD88DF64EB9B69EE25DEEAA7270BC4.e.7010"}]}
COMMAND: POST /session/182702e4e2b2f92e69599adcb85aed51/execute/sync - {"script":"<script> [5351 bytes]","args":[{"element-6066-11e4-a52e-4f735466cecf":"f.EA19BBC851313D4479D8F918DE7934ED.d.FAAD88DF64EB9B69EE25DEEAA7270BC4.e.7010","ELEMENT":"f.EA19BBC851313D4479D8F918DE7934ED.d.FAAD88DF64EB9B69EE25DEEAA7270BC4.e.7010"}]}
RESULT: {"script":"<script> [5351 bytes]","args":[{"element-6066-11e4-a52e-4f735466cecf":"f.EA19BBC851313D4479D8F918DE7934ED.d.FAAD88DF64EB9B69EE25DEEAA7270BC4.e.7010","ELEMENT":"f.EA19BBC851313D4479D8F918DE7934ED.d.FAAD88DF64EB9B69EE25DEEAA7270BC4.e.7010"}]}
COMMAND: POST /session/182702e4e2b2f92e69599adcb85aed51/element - {"using":"xpath","value":"//*[contains(@data-kt ,\"webshopDetailCatalogItemLink\")]"}
RESULT: {"using":"xpath","value":"//*[contains(@data-kt ,\"webshopDetailCatalogItemLink\")]"}
COMMAND: POST /session/182702e4e2b2f92e69599adcb85aed51/element/f.EA19BBC851313D4479D8F918DE7934ED.d.FAAD88DF64EB9B69EE25DEEAA7270BC4.e.7010/click - {}
RESULT: {}
COMMAND: POST /session/182702e4e2b2f92e69599adcb85aed51/element - {"using":"xpath","value":"//span[contains(@id ,\"contractDetailTitleNoExpanded\")][contains(text(), \"10261\")]"}
COMMAND: GET /session/182702e4e2b2f92e69599adcb85aed51/screenshot - {}
COMMAND: GET /session/182702e4e2b2f92e69599adcb85aed51/screenshot - {}
COMMAND: GET /session/182702e4e2b2f92e69599adcb85aed51/screenshot - {}
RESULT: {"using":"xpath","value":"//span[contains(@id ,\"contractDetailTitleNoExpanded\")][contains(text(), \"10261\")]"}
COMMAND: POST /session/182702e4e2b2f92e69599adcb85aed51/element - {"using":"xpath","value":"//span[contains(@id ,\"contractDetailTitleNoExpanded\")][contains(text(), \"10261\")]"}
RESULT: {}
RESULT: {}
RESULT: {}
RESULT: {"using":"xpath","value":"//span[contains(@id ,\"contractDetailTitleNoExpanded\")][contains(text(), \"10261\")]"}
COMMAND: POST /session/182702e4e2b2f92e69599adcb85aed51/element - {"using":"xpath","value":"//span[contains(@id ,\"contractDetailTitleNoExpanded\")][contains(text(), \"10261\")]"}
RESULT: {"using":"xpath","value":"//span[contains(@id ,\"contractDetailTitleNoExpanded\")][contains(text(), \"10261\")]"}
COMMAND: POST /session/182702e4e2b2f92e69599adcb85aed51/element - {"using":"xpath","value":"//span[contains(@id ,\"contractDetailTitleNoExpanded\")][contains(text(), \"10261\")]"}
RESULT: {"using":"xpath","value":"//span[contains(@id ,\"contractDetailTitleNoExpanded\")][contains(text(), \"10261\")]"}
COMMAND: POST /session/182702e4e2b2f92e69599adcb85aed51/element - {"using":"xpath","value":"//span[contains(@id ,\"contractDetailTitleNoExpanded\")][contains(text(), \"10261\")]"}
RESULT: {"using":"xpath","value":"//span[contains(@id ,\"contractDetailTitleNoExpanded\")][contains(text(), \"10261\")]"}
COMMAND: POST /session/182702e4e2b2f92e69599adcb85aed51/element - {"using":"xpath","value":"//span[contains(@id ,\"contractDetailTitleNoExpanded\")][contains(text(), \"10261\")]"}
RESULT: {"using":"xpath","value":"//span[contains(@id ,\"contractDetailTitleNoExpanded\")][contains(text(), \"10261\")]"}
COMMAND: POST /session/182702e4e2b2f92e69599adcb85aed51/element - {"using":"xpath","value":"(//span[contains(text(), \"Dri-Prime CD150M Diesel Pump\")])[2]"}
RESULT: {"using":"xpath","value":"(//span[contains(text(), \"Dri-Prime CD150M Diesel Pump\")])[2]"}
COMMAND: POST /session/182702e4e2b2f92e69599adcb85aed51/execute/sync - {"script":"<script> [8489 bytes]","args":[{"element-6066-11e4-a52e-4f735466cecf":"f.EA19BBC851313D4479D8F918DE7934ED.d.FAAD88DF64EB9B69EE25DEEAA7270BC4.e.7201","ELEMENT":"f.EA19BBC851313D4479D8F918DE7934ED.d.FAAD88DF64EB9B69EE25DEEAA7270BC4.e.7201"}]}
COMMAND: POST /session/182702e4e2b2f92e69599adcb85aed51/element - {"using":"xpath","value":"(//span[contains(text(), \"Description\")])[1]"}
RESULT: {"script":"<script> [8489 bytes]","args":[{"element-6066-11e4-a52e-4f735466cecf":"f.EA19BBC851313D4479D8F918DE7934ED.d.FAAD88DF64EB9B69EE25DEEAA7270BC4.e.7201","ELEMENT":"f.EA19BBC851313D4479D8F918DE7934ED.d.FAAD88DF64EB9B69EE25DEEAA7270BC4.e.7201"}]}
COMMAND: GET /session/182702e4e2b2f92e69599adcb85aed51/screenshot - {}
RESULT: {"using":"xpath","value":"(//span[contains(text(), \"Description\")])[1]"}
COMMAND: GET /session/182702e4e2b2f92e69599adcb85aed51/element/f.EA19BBC851313D4479D8F918DE7934ED.d.FAAD88DF64EB9B69EE25DEEAA7270BC4.e.7202/rect - {}
RESULT: {}
RESULT: {}
COMMAND: GET /session/182702e4e2b2f92e69599adcb85aed51/window/rect - {}
RESULT: {}
COMMAND: POST /session/182702e4e2b2f92e69599adcb85aed51/execute/sync - {"script":"<script> [92 bytes]","args":[]}
RESULT: {"script":"<script> [92 bytes]","args":[]}
COMMAND: POST /session/182702e4e2b2f92e69599adcb85aed51/actions - {"actions":[{"id":"action10","type":"wheel","parameters":{},"actions":[{"type":"scroll","x":-1833,"y":-23,"deltaX":0,"deltaY":0,"duration":0,"origin":{"element-6066-11e4-a52e-4f735466cecf":"f.EA19BBC851313D4479D8F918DE7934ED.d.FAAD88DF64EB9B69EE25DEEAA7270BC4.e.7202"}}]}]}
COMMAND: GET /session/182702e4e2b2f92e69599adcb85aed51/screenshot - {}
COMMAND: POST /session/182702e4e2b2f92e69599adcb85aed51/element - {"using":"xpath","value":"//span[contains(@id ,\"contractDetailTitleNoExpanded\")][contains(text(), \"10261\")]"}
RESULT: {}
RESULT: {"using":"xpath","value":"//span[contains(@id ,\"contractDetailTitleNoExpanded\")][contains(text(), \"10261\")]"}
COMMAND: POST /session/182702e4e2b2f92e69599adcb85aed51/execute/sync - {"script":"<script> [79 bytes]","args":[{"element-6066-11e4-a52e-4f735466cecf":"f.EA19BBC851313D4479D8F918DE7934ED.d.FAAD88DF64EB9B69EE25DEEAA7270BC4.e.7202","ELEMENT":"f.EA19BBC851313D4479D8F918DE7934ED.d.FAAD88DF64EB9B69EE25DEEAA7270BC4.e.7202"},{"block":"start","inline":"nearest"}]}
RESULT: {"script":"<script> [79 bytes]","args":[{"element-6066-11e4-a52e-4f735466cecf":"f.EA19BBC851313D4479D8F918DE7934ED.d.FAAD88DF64EB9B69EE25DEEAA7270BC4.e.7202","ELEMENT":"f.EA19BBC851313D4479D8F918DE7934ED.d.FAAD88DF64EB9B69EE25DEEAA7270BC4.e.7202"},{"block":"start","inline":"nearest"}]}
COMMAND: GET /session/182702e4e2b2f92e69599adcb85aed51/screenshot - {}
RESULT: {}
COMMAND: POST /session/182702e4e2b2f92e69599adcb85aed51/element - {"using":"xpath","value":"//span[contains(@id ,\"contractDetailTitleNoExpanded\")][contains(text(), \"10261\")]"}
RESULT: {"using":"xpath","value":"//span[contains(@id ,\"contractDetailTitleNoExpanded\")][contains(text(), \"10261\")]"}
COMMAND: POST /session/182702e4e2b2f92e69599adcb85aed51/element - {"using":"xpath","value":"//span[contains(@id ,\"contractDetailTitleNoExpanded\")][contains(text(), \"10261\")]"}
RESULT: {"using":"xpath","value":"//span[contains(@id ,\"contractDetailTitleNoExpanded\")][contains(text(), \"10261\")]"}
COMMAND: POST /session/182702e4e2b2f92e69599adcb85aed51/element - {"using":"xpath","value":"//span[contains(@id ,\"contractDetailTitleNoExpanded\")][contains(text(), \"10261\")]"}
RESULT: {"using":"xpath","value":"//span[contains(@id ,\"contractDetailTitleNoExpanded\")][contains(text(), \"10261\")]"}
COMMAND: POST /session/182702e4e2b2f92e69599adcb85aed51/element - {"using":"xpath","value":"//span[contains(@id ,\"contractDetailTitleNoExpanded\")][contains(text(), \"10261\")]"}
RESULT: {"using":"xpath","value":"//span[contains(@id ,\"contractDetailTitleNoExpanded\")][contains(text(), \"10261\")]"}
COMMAND: POST /session/182702e4e2b2f92e69599adcb85aed51/element - {"using":"xpath","value":"//span[contains(@id ,\"contractDetailTitleNoExpanded\")][contains(text(), \"10261\")]"}
RESULT: {"using":"xpath","value":"//span[contains(@id ,\"contractDetailTitleNoExpanded\")][contains(text(), \"10261\")]"}
COMMAND: POST /session/182702e4e2b2f92e69599adcb85aed51/element - {"using":"xpath","value":"(//textarea[@rows=\"15\"])[1]"}
RESULT: {"using":"xpath","value":"(//textarea[@rows=\"15\"])[1]"}
COMMAND: POST /session/182702e4e2b2f92e69599adcb85aed51/execute/sync - {"script":"<script> [8489 bytes]","args":[{"element-6066-11e4-a52e-4f735466cecf":"f.EA19BBC851313D4479D8F918DE7934ED.d.FAAD88DF64EB9B69EE25DEEAA7270BC4.e.7198","ELEMENT":"f.EA19BBC851313D4479D8F918DE7934ED.d.FAAD88DF64EB9B69EE25DEEAA7270BC4.e.7198"}]}
RESULT: {"script":"<script> [8489 bytes]","args":[{"element-6066-11e4-a52e-4f735466cecf":"f.EA19BBC851313D4479D8F918DE7934ED.d.FAAD88DF64EB9B69EE25DEEAA7270BC4.e.7198","ELEMENT":"f.EA19BBC851313D4479D8F918DE7934ED.d.FAAD88DF64EB9B69EE25DEEAA7270BC4.e.7198"}]}
COMMAND: GET /session/182702e4e2b2f92e69599adcb85aed51/screenshot - {}
COMMAND: POST /session/182702e4e2b2f92e69599adcb85aed51/element - {"using":"xpath","value":"//span[contains(@id ,\"contractDetailTitleNoExpanded\")][contains(text(), \"10261\")]"}
RESULT: {}
RESULT: {"using":"xpath","value":"//span[contains(@id ,\"contractDetailTitleNoExpanded\")][contains(text(), \"10261\")]"}
COMMAND: POST /session/182702e4e2b2f92e69599adcb85aed51/element - {"using":"xpath","value":"//span[contains(@id ,\"contractDetailTitleNoExpanded\")][contains(text(), \"10261\")]"}
RESULT: {"using":"xpath","value":"//span[contains(@id ,\"contractDetailTitleNoExpanded\")][contains(text(), \"10261\")]"}
COMMAND: POST /session/182702e4e2b2f92e69599adcb85aed51/element - {"using":"xpath","value":"//span[contains(@id ,\"contractDetailTitleNoExpanded\")][contains(text(), \"10261\")]"}
RESULT: {"using":"xpath","value":"//span[contains(@id ,\"contractDetailTitleNoExpanded\")][contains(text(), \"10261\")]"}
COMMAND: POST /session/182702e4e2b2f92e69599adcb85aed51/element - {"using":"xpath","value":"//span[contains(@id ,\"contractDetailTitleNoExpanded\")][contains(text(), \"10261\")]"}
RESULT: {"using":"xpath","value":"//span[contains(@id ,\"contractDetailTitleNoExpanded\")][contains(text(), \"10261\")]"}
COMMAND: POST /session/182702e4e2b2f92e69599adcb85aed51/element - {"using":"xpath","value":"//span[contains(@id ,\"contractDetailTitleNoExpanded\")][contains(text(), \"10261\")]"}
RESULT: {"using":"xpath","value":"//span[contains(@id ,\"contractDetailTitleNoExpanded\")][contains(text(), \"10261\")]"}
COMMAND: POST /session/182702e4e2b2f92e69599adcb85aed51/element - {"using":"xpath","value":"//span[contains(@id ,\"contractDetailTitleNoExpanded\")][contains(text(), \"10261\")]"}
RESULT: {"using":"xpath","value":"//span[contains(@id ,\"contractDetailTitleNoExpanded\")][contains(text(), \"10261\")]"}
COMMAND: POST /session/182702e4e2b2f92e69599adcb85aed51/element - {"using":"xpath","value":"//span[contains(@id ,\"contractDetailTitleNoExpanded\")][contains(text(), \"10261\")]"}
RESULT: {"using":"xpath","value":"//span[contains(@id ,\"contractDetailTitleNoExpanded\")][contains(text(), \"10261\")]"}
COMMAND: POST /session/182702e4e2b2f92e69599adcb85aed51/element - {"using":"xpath","value":"//span[contains(@id ,\"contractDetailTitleNoExpanded\")][contains(text(), \"10261\")]"}
RESULT: {"using":"xpath","value":"//span[contains(@id ,\"contractDetailTitleNoExpanded\")][contains(text(), \"10261\")]"}
COMMAND: POST /session/182702e4e2b2f92e69599adcb85aed51/execute/async - {"script":"<script> [1562 bytes]","args":[{"selector":{"controlType":"sap.tnt.NavigationListItem","viewName":"etm.portal.ui.webshop.view.RequestDetail","i18NText":{"propertyName":"text","key":"exit"},"interaction":{"idSuffix":"a"}},"wdio_ui5_key":"etmportal.ui.webshop.view.RequestDetailsap.tnt.NavigationListItem{\"propertyName\":\"text\",\"key\":\"exit\"}"}]}
COMMAND: POST /session/182702e4e2b2f92e69599adcb85aed51/element - {"using":"xpath","value":"//span[contains(@id ,\"contractDetailTitleNoExpanded\")][contains(text(), \"10261\")]"}
RESULT: {"script":"<script> [1562 bytes]","args":[{"selector":{"controlType":"sap.tnt.NavigationListItem","viewName":"etm.portal.ui.webshop.view.RequestDetail","i18NText":{"propertyName":"text","key":"exit"},"interaction":{"idSuffix":"a"}},"wdio_ui5_key":"etmportal.ui.webshop.view.RequestDetailsap.tnt.NavigationListItem{\"propertyName\":\"text\",\"key\":\"exit\"}"}]}
RESULT: undefined
COMMAND: POST /session/182702e4e2b2f92e69599adcb85aed51/element - {"using":"xpath","value":"//*[@id=\"__item3123\"]"}
RESULT: {"using":"xpath","value":"//span[contains(@id ,\"contractDetailTitleNoExpanded\")][contains(text(), \"10261\")]"}
RESULT: {"using":"xpath","value":"//*[@id=\"__item3123\"]"}
COMMAND: POST /session/182702e4e2b2f92e69599adcb85aed51/element/f.EA19BBC851313D4479D8F918DE7934ED.d.FAAD88DF64EB9B69EE25DEEAA7270BC4.e.7206/click - {}
RESULT: {}
COMMAND: GET /session/182702e4e2b2f92e69599adcb85aed51/screenshot - {}
COMMAND: POST /session/182702e4e2b2f92e69599adcb85aed51/element - {"using":"xpath","value":"//span[contains(@id ,\"contractDetailTitleNoExpanded\")][contains(text(), \"10261\")]"}
RESULT: {}
RESULT: {"using":"xpath","value":"//span[contains(@id ,\"contractDetailTitleNoExpanded\")][contains(text(), \"10261\")]"}
COMMAND: POST /session/182702e4e2b2f92e69599adcb85aed51/element - {"using":"xpath","value":"//span[contains(@id ,\"contractDetailTitleNoExpanded\")][contains(text(), \"10261\")]"}
RESULT: {"using":"xpath","value":"//span[contains(@id ,\"contractDetailTitleNoExpanded\")][contains(text(), \"10261\")]"}
COMMAND: POST /session/182702e4e2b2f92e69599adcb85aed51/element - {"using":"xpath","value":"//span[contains(@id ,\"contractDetailTitleNoExpanded\")][contains(text(), \"10261\")]"}
RESULT: {"using":"xpath","value":"//span[contains(@id ,\"contractDetailTitleNoExpanded\")][contains(text(), \"10261\")]"}
COMMAND: POST /session/182702e4e2b2f92e69599adcb85aed51/element - {"using":"xpath","value":"//span[contains(@id ,\"contractDetailTitleNoExpanded\")][contains(text(), \"10261\")]"}
RESULT: {"using":"xpath","value":"//span[contains(@id ,\"contractDetailTitleNoExpanded\")][contains(text(), \"10261\")]"}
COMMAND: POST /session/182702e4e2b2f92e69599adcb85aed51/element - {"using":"xpath","value":"//span[contains(@id ,\"contractDetailTitleNoExpanded\")][contains(text(), \"10261\")]"}
RESULT: {"using":"xpath","value":"//span[contains(@id ,\"contractDetailTitleNoExpanded\")][contains(text(), \"10261\")]"}
COMMAND: POST /session/182702e4e2b2f92e69599adcb85aed51/element - {"using":"xpath","value":"//span[contains(@id ,\"contractDetailTitleNoExpanded\")][contains(text(), \"10261\")]"}
RESULT: {"using":"xpath","value":"//span[contains(@id ,\"contractDetailTitleNoExpanded\")][contains(text(), \"10261\")]"}
COMMAND: POST /session/182702e4e2b2f92e69599adcb85aed51/element - {"using":"css selector","value":"#shell-header-logo"}
COMMAND: POST /session/182702e4e2b2f92e69599adcb85aed51/element - {"using":"xpath","value":"//span[contains(@id ,\"contractDetailTitleNoExpanded\")][contains(text(), \"10261\")]"}
RESULT: {"using":"css selector","value":"#shell-header-logo"}
COMMAND: POST /session/182702e4e2b2f92e69599adcb85aed51/element/f.EA19BBC851313D4479D8F918DE7934ED.d.FAAD88DF64EB9B69EE25DEEAA7270BC4.e.3136/click - {}
RESULT: {"using":"xpath","value":"//span[contains(@id ,\"contractDetailTitleNoExpanded\")][contains(text(), \"10261\")]"}
RESULT: {}
COMMAND: GET /session/182702e4e2b2f92e69599adcb85aed51/screenshot - {}
RESULT: {}
COMMAND: POST /session/182702e4e2b2f92e69599adcb85aed51/element - {"using":"xpath","value":"//span[contains(@id ,\"contractDetailTitleNoExpanded\")][contains(text(), \"10261\")]"}
RESULT: {"using":"xpath","value":"//span[contains(@id ,\"contractDetailTitleNoExpanded\")][contains(text(), \"10261\")]"}
COMMAND: POST /session/182702e4e2b2f92e69599adcb85aed51/element - {"using":"xpath","value":"//span[contains(@id ,\"contractDetailTitleNoExpanded\")][contains(text(), \"10261\")]"}
RESULT: {"using":"xpath","value":"//span[contains(@id ,\"contractDetailTitleNoExpanded\")][contains(text(), \"10261\")]"}
COMMAND: POST /session/182702e4e2b2f92e69599adcb85aed51/element - {"using":"xpath","value":"//span[contains(@id ,\"contractDetailTitleNoExpanded\")][contains(text(), \"10261\")]"}
RESULT: {"using":"xpath","value":"//span[contains(@id ,\"contractDetailTitleNoExpanded\")][contains(text(), \"10261\")]"}
COMMAND: POST /session/182702e4e2b2f92e69599adcb85aed51/element - {"using":"xpath","value":"//span[contains(@id ,\"contractDetailTitleNoExpanded\")][contains(text(), \"10261\")]"}
RESULT: {"using":"xpath","value":"//span[contains(@id ,\"contractDetailTitleNoExpanded\")][contains(text(), \"10261\")]"}
COMMAND: POST /session/182702e4e2b2f92e69599adcb85aed51/element - {"using":"xpath","value":"//span[contains(@id ,\"contractDetailTitleNoExpanded\")][contains(text(), \"10261\")]"}
RESULT: {"using":"xpath","value":"//span[contains(@id ,\"contractDetailTitleNoExpanded\")][contains(text(), \"10261\")]"}
COMMAND: POST /session/182702e4e2b2f92e69599adcb85aed51/element - {"using":"xpath","value":"//span[contains(@id ,\"contractDetailTitleNoExpanded\")][contains(text(), \"10261\")]"}
RESULT: {"using":"xpath","value":"//span[contains(@id ,\"contractDetailTitleNoExpanded\")][contains(text(), \"10261\")]"}
]]></system-out>
    </testcase>
  </testsuite>
  <testsuite timestamp="2025-05-15T16:34:48" time="84.259" tests="1" failures="0" errors="0" skipped="0">
    <properties>
      <property name="specId" value="0" />
      <property name="suiteName" value="Add items into the basket without creating a request US151315" />
      <property name="capabilities" value="chrome.136_0_7103_93.windows" />
      <property name="file" value="file:///D:/a/1/s/test/specs/R2C/add-items-into-basket-wo-creating-a-request.spec.js" />
    </properties>
    <testcase classname="chrome.136_0_7103_93.windows.Add_items_into_the_basket_without_creating_a_request_US151315" name="Should verify if a catalog item can be added without creating a request" time="81.015">
      <system-out><![CDATA[
RESULT: undefined
COMMAND: POST /session/182702e4e2b2f92e69599adcb85aed51/element - {"using":"xpath","value":"//*[@id=\"__tile49\"]"}
RESULT: {"using":"xpath","value":"//*[@id=\"__tile49\"]"}
COMMAND: POST /session/182702e4e2b2f92e69599adcb85aed51/element/f.EA19BBC851313D4479D8F918DE7934ED.d.FAAD88DF64EB9B69EE25DEEAA7270BC4.e.2993/click - {}
COMMAND: POST /session/182702e4e2b2f92e69599adcb85aed51/element - {"using":"xpath","value":"//span[contains(@id ,\"contractDetailTitleNoExpanded\")][contains(text(), \"10261\")]"}
RESULT: {}
COMMAND: GET /session/182702e4e2b2f92e69599adcb85aed51/screenshot - {}
COMMAND: POST /session/182702e4e2b2f92e69599adcb85aed51/elements - {"using":"xpath","value":"//span[text()='Error']"}
RESULT: {"using":"xpath","value":"//span[contains(@id ,\"contractDetailTitleNoExpanded\")][contains(text(), \"10261\")]"}
RESULT: {}
RESULT: {"using":"xpath","value":"//span[text()='Error']"}
COMMAND: POST /session/182702e4e2b2f92e69599adcb85aed51/element - {"using":"css selector","value":"#requestCreationDialog--createRequestPopUp-title-inner"}
RESULT: {"using":"css selector","value":"#requestCreationDialog--createRequestPopUp-title-inner"}
COMMAND: POST /session/182702e4e2b2f92e69599adcb85aed51/execute/sync - {"script":"<script> [8489 bytes]","args":[{"element-6066-11e4-a52e-4f735466cecf":"f.EA19BBC851313D4479D8F918DE7934ED.d.FAAD88DF64EB9B69EE25DEEAA7270BC4.e.7264","ELEMENT":"f.EA19BBC851313D4479D8F918DE7934ED.d.FAAD88DF64EB9B69EE25DEEAA7270BC4.e.7264"}]}
RESULT: {"script":"<script> [8489 bytes]","args":[{"element-6066-11e4-a52e-4f735466cecf":"f.EA19BBC851313D4479D8F918DE7934ED.d.FAAD88DF64EB9B69EE25DEEAA7270BC4.e.7264","ELEMENT":"f.EA19BBC851313D4479D8F918DE7934ED.d.FAAD88DF64EB9B69EE25DEEAA7270BC4.e.7264"}]}
COMMAND: GET /session/182702e4e2b2f92e69599adcb85aed51/element/f.EA19BBC851313D4479D8F918DE7934ED.d.FAAD88DF64EB9B69EE25DEEAA7270BC4.e.7264/enabled - {}
COMMAND: GET /session/182702e4e2b2f92e69599adcb85aed51/screenshot - {}
RESULT: {}
COMMAND: POST /session/182702e4e2b2f92e69599adcb85aed51/element - {"using":"xpath","value":"//span[contains(@id ,\"requestCreationDialog--cancelButton-content\")]"}
COMMAND: GET /session/182702e4e2b2f92e69599adcb85aed51/screenshot - {}
RESULT: {}
RESULT: {"using":"xpath","value":"//span[contains(@id ,\"requestCreationDialog--cancelButton-content\")]"}
COMMAND: POST /session/182702e4e2b2f92e69599adcb85aed51/element/f.EA19BBC851313D4479D8F918DE7934ED.d.FAAD88DF64EB9B69EE25DEEAA7270BC4.e.7265/click - {}
RESULT: {}
RESULT: {}
COMMAND: GET /session/182702e4e2b2f92e69599adcb85aed51/screenshot - {}
RESULT: {}
COMMAND: POST /session/182702e4e2b2f92e69599adcb85aed51/element - {"using":"xpath","value":"//input[contains(@id ,\"searchFiledId-I\")]"}
RESULT: {"using":"xpath","value":"//input[contains(@id ,\"searchFiledId-I\")]"}
COMMAND: POST /session/182702e4e2b2f92e69599adcb85aed51/element/f.EA19BBC851313D4479D8F918DE7934ED.d.FAAD88DF64EB9B69EE25DEEAA7270BC4.e.7209/value - {"text":"Dri-Prime CD150M Diesel Pump"}
RESULT: {"text":"Dri-Prime CD150M Diesel Pump"}
COMMAND: POST /session/182702e4e2b2f92e69599adcb85aed51/actions - {"actions":[{"id":"action11","type":"key","parameters":{},"actions":[{"type":"keyDown","value":"î€‡"},{"type":"pause","duration":10},{"type":"keyUp","value":"î€‡"}]}]}
COMMAND: GET /session/182702e4e2b2f92e69599adcb85aed51/screenshot - {}
RESULT: {"actions":[{"id":"action11","type":"key","parameters":{},"actions":[{"type":"keyDown","value":"î€‡"},{"type":"pause","duration":10},{"type":"keyUp","value":"î€‡"}]}]}
COMMAND: GET /session/182702e4e2b2f92e69599adcb85aed51/screenshot - {}
RESULT: {}
RESULT: {}
COMMAND: POST /session/182702e4e2b2f92e69599adcb85aed51/element - {"using":"xpath","value":"//span[contains(@id ,\"subTitle\")][contains(text(), \"Dri-Prime CD150M Diesel Pump\")]"}
RESULT: {"using":"xpath","value":"//span[contains(@id ,\"subTitle\")][contains(text(), \"Dri-Prime CD150M Diesel Pump\")]"}
COMMAND: POST /session/182702e4e2b2f92e69599adcb85aed51/element/f.EA19BBC851313D4479D8F918DE7934ED.d.FAAD88DF64EB9B69EE25DEEAA7270BC4.e.7272/click - {}
RESULT: {}
COMMAND: GET /session/182702e4e2b2f92e69599adcb85aed51/screenshot - {}
RESULT: {}
COMMAND: POST /session/182702e4e2b2f92e69599adcb85aed51/element - {"using":"xpath","value":"//bdi[contains(text(), \"Add to Request\")]"}
RESULT: {"using":"xpath","value":"//bdi[contains(text(), \"Add to Request\")]"}
COMMAND: POST /session/182702e4e2b2f92e69599adcb85aed51/element/f.EA19BBC851313D4479D8F918DE7934ED.d.FAAD88DF64EB9B69EE25DEEAA7270BC4.e.7284/click - {}
RESULT: {}
COMMAND: POST /session/182702e4e2b2f92e69599adcb85aed51/element - {"using":"xpath","value":"//div[contains(@class ,\"sapMMessageToast sapUiSelectable sapContrast sapContrastPlus sapUiUserSelectable\")]"}
COMMAND: GET /session/182702e4e2b2f92e69599adcb85aed51/screenshot - {}
RESULT: {"using":"xpath","value":"//div[contains(@class ,\"sapMMessageToast sapUiSelectable sapContrast sapContrastPlus sapUiUserSelectable\")]"}
COMMAND: POST /session/182702e4e2b2f92e69599adcb85aed51/execute/sync - {"script":"<script> [8489 bytes]","args":[{"element-6066-11e4-a52e-4f735466cecf":"f.EA19BBC851313D4479D8F918DE7934ED.d.FAAD88DF64EB9B69EE25DEEAA7270BC4.e.7288","ELEMENT":"f.EA19BBC851313D4479D8F918DE7934ED.d.FAAD88DF64EB9B69EE25DEEAA7270BC4.e.7288"}]}
RESULT: {}
RESULT: {"script":"<script> [8489 bytes]","args":[{"element-6066-11e4-a52e-4f735466cecf":"f.EA19BBC851313D4479D8F918DE7934ED.d.FAAD88DF64EB9B69EE25DEEAA7270BC4.e.7288","ELEMENT":"f.EA19BBC851313D4479D8F918DE7934ED.d.FAAD88DF64EB9B69EE25DEEAA7270BC4.e.7288"}]}
COMMAND: GET /session/182702e4e2b2f92e69599adcb85aed51/element/f.EA19BBC851313D4479D8F918DE7934ED.d.FAAD88DF64EB9B69EE25DEEAA7270BC4.e.7288/text - {}
COMMAND: GET /session/182702e4e2b2f92e69599adcb85aed51/screenshot - {}
RESULT: {}
RESULT: {}
COMMAND: POST /session/182702e4e2b2f92e69599adcb85aed51/element - {"using":"xpath","value":"//bdi[contains(@id ,\"activeCartId-BDI-content\")]"}
RESULT: {"using":"xpath","value":"//bdi[contains(@id ,\"activeCartId-BDI-content\")]"}
COMMAND: GET /session/182702e4e2b2f92e69599adcb85aed51/element/f.EA19BBC851313D4479D8F918DE7934ED.d.FAAD88DF64EB9B69EE25DEEAA7270BC4.e.7289/text - {}
RESULT: {}
COMMAND: POST /session/182702e4e2b2f92e69599adcb85aed51/element - {"using":"xpath","value":"//li[@title=\"Exit\"]"}
RESULT: {"using":"xpath","value":"//li[@title=\"Exit\"]"}
COMMAND: POST /session/182702e4e2b2f92e69599adcb85aed51/element/f.EA19BBC851313D4479D8F918DE7934ED.d.FAAD88DF64EB9B69EE25DEEAA7270BC4.e.7290/click - {}
RESULT: {}
COMMAND: GET /session/182702e4e2b2f92e69599adcb85aed51/screenshot - {}
RESULT: {}
COMMAND: POST /session/182702e4e2b2f92e69599adcb85aed51/element - {"using":"css selector","value":"#shell-header-logo"}
RESULT: {"using":"css selector","value":"#shell-header-logo"}
COMMAND: POST /session/182702e4e2b2f92e69599adcb85aed51/element/f.EA19BBC851313D4479D8F918DE7934ED.d.FAAD88DF64EB9B69EE25DEEAA7270BC4.e.7300/click - {}
RESULT: {}
COMMAND: GET /session/182702e4e2b2f92e69599adcb85aed51/screenshot - {}
RESULT: {}
]]></system-out>
    </testcase>
  </testsuite>
  <testsuite timestamp="2025-05-15T16:36:12" time="150.691" tests="1" failures="0" errors="0" skipped="0">
    <properties>
      <property name="specId" value="0" />
      <property name="suiteName" value=" Webshop - Request management - Verifying the Master List - Filtering /Sorting - Deleting - Creating US151314" />
      <property name="capabilities" value="chrome.136_0_7103_93.windows" />
      <property name="file" value="file:///D:/a/1/s/test/specs/R2C/webshop-request-management-verify-master-list.spec.js" />
    </properties>
    <testcase classname="chrome.136_0_7103_93.windows._Webshop_-_Request_management_-_Verifying_the_Master_List_-_Filtering_/Sorting_-_Deleting_-_Creating_US151314" name="Should navigate to request management in webshop and verify the filters" time="147.489">
      <system-out><![CDATA[
RESULT: undefined
COMMAND: POST /session/182702e4e2b2f92e69599adcb85aed51/element - {"using":"xpath","value":"//*[@id=\"__tile49\"]"}
RESULT: {"using":"xpath","value":"//*[@id=\"__tile49\"]"}
COMMAND: POST /session/182702e4e2b2f92e69599adcb85aed51/element/f.EA19BBC851313D4479D8F918DE7934ED.d.FAAD88DF64EB9B69EE25DEEAA7270BC4.e.2993/click - {}
RESULT: {}
COMMAND: GET /session/182702e4e2b2f92e69599adcb85aed51/screenshot - {}
COMMAND: POST /session/182702e4e2b2f92e69599adcb85aed51/elements - {"using":"xpath","value":"//span[text()='Error']"}
RESULT: {}
RESULT: {"using":"xpath","value":"//span[text()='Error']"}
COMMAND: POST /session/182702e4e2b2f92e69599adcb85aed51/execute/async - {"script":"<script> [1562 bytes]","args":[{"selector":{"id":"requestCreationDialog--cancelButton","searchOpenDialogs":true,"interaction":{"idSuffix":"BDI-content"}},"wdio_ui5_key":"requestCreationDialogcancelButton"}]}
RESULT: {"script":"<script> [1562 bytes]","args":[{"selector":{"id":"requestCreationDialog--cancelButton","searchOpenDialogs":true,"interaction":{"idSuffix":"BDI-content"}},"wdio_ui5_key":"requestCreationDialogcancelButton"}]}
RESULT: undefined
COMMAND: POST /session/182702e4e2b2f92e69599adcb85aed51/element - {"using":"xpath","value":"//*[@id=\"requestCreationDialog--cancelButton\"]"}
RESULT: {"using":"xpath","value":"//*[@id=\"requestCreationDialog--cancelButton\"]"}
COMMAND: POST /session/182702e4e2b2f92e69599adcb85aed51/element/f.EA19BBC851313D4479D8F918DE7934ED.d.FAAD88DF64EB9B69EE25DEEAA7270BC4.e.7353/click - {}
RESULT: {}
COMMAND: GET /session/182702e4e2b2f92e69599adcb85aed51/screenshot - {}
RESULT: {}
COMMAND: POST /session/182702e4e2b2f92e69599adcb85aed51/execute/async - {"script":"<script> [1562 bytes]","args":[{"selector":{"controlType":"sap.tnt.NavigationListItem","viewName":"etm.portal.ui.webshop.view.Homepage","i18NText":{"propertyName":"text","key":"requestsManagement"},"interaction":{"idSuffix":"a"}},"wdio_ui5_key":"etmportal.ui.webshop.view.Homepagesap.tnt.NavigationListItem{\"propertyName\":\"text\",\"key\":\"requestsManagement\"}"}]}
RESULT: {"script":"<script> [1562 bytes]","args":[{"selector":{"controlType":"sap.tnt.NavigationListItem","viewName":"etm.portal.ui.webshop.view.Homepage","i18NText":{"propertyName":"text","key":"requestsManagement"},"interaction":{"idSuffix":"a"}},"wdio_ui5_key":"etmportal.ui.webshop.view.Homepagesap.tnt.NavigationListItem{\"propertyName\":\"text\",\"key\":\"requestsManagement\"}"}]}
RESULT: undefined
COMMAND: POST /session/182702e4e2b2f92e69599adcb85aed51/element - {"using":"xpath","value":"//*[@id=\"__item3190\"]"}
RESULT: {"using":"xpath","value":"//*[@id=\"__item3190\"]"}
COMMAND: POST /session/182702e4e2b2f92e69599adcb85aed51/element/f.EA19BBC851313D4479D8F918DE7934ED.d.FAAD88DF64EB9B69EE25DEEAA7270BC4.e.7355/click - {}
RESULT: {}
COMMAND: GET /session/182702e4e2b2f92e69599adcb85aed51/screenshot - {}
RESULT: {}
COMMAND: POST /session/182702e4e2b2f92e69599adcb85aed51/element - {"using":"xpath","value":"//input[contains(@id ,\"smartFilterBar-btnBasicSearch-I\")]"}
RESULT: {"using":"xpath","value":"//input[contains(@id ,\"smartFilterBar-btnBasicSearch-I\")]"}
COMMAND: POST /session/182702e4e2b2f92e69599adcb85aed51/element/f.EA19BBC851313D4479D8F918DE7934ED.d.FAAD88DF64EB9B69EE25DEEAA7270BC4.e.7360/clear - {}
RESULT: {}
COMMAND: POST /session/182702e4e2b2f92e69599adcb85aed51/element/f.EA19BBC851313D4479D8F918DE7934ED.d.FAAD88DF64EB9B69EE25DEEAA7270BC4.e.7360/value - {"text":"20001"}
COMMAND: GET /session/182702e4e2b2f92e69599adcb85aed51/screenshot - {}
RESULT: {"text":"20001"}
COMMAND: GET /session/182702e4e2b2f92e69599adcb85aed51/screenshot - {}
RESULT: {}
RESULT: {}
COMMAND: POST /session/182702e4e2b2f92e69599adcb85aed51/actions - {"actions":[{"id":"action12","type":"key","parameters":{},"actions":[{"type":"keyDown","value":"î€‡"},{"type":"pause","duration":10},{"type":"keyUp","value":"î€‡"}]}]}
RESULT: {"actions":[{"id":"action12","type":"key","parameters":{},"actions":[{"type":"keyDown","value":"î€‡"},{"type":"pause","duration":10},{"type":"keyUp","value":"î€‡"}]}]}
COMMAND: GET /session/182702e4e2b2f92e69599adcb85aed51/screenshot - {}
RESULT: {}
COMMAND: POST /session/182702e4e2b2f92e69599adcb85aed51/execute/async - {"script":"<script> [1562 bytes]","args":[{"selector":{"controlType":"sap.m.Title","viewName":"etm.portal.ui.webshop.view.RequestMaster","properties":{"text":"Records (1)"}},"wdio_ui5_key":"etmportal.ui.webshop.view.RequestMastersap.m.Title{\"text\":\"Records (1)\"}"}]}
RESULT: {"script":"<script> [1562 bytes]","args":[{"selector":{"controlType":"sap.m.Title","viewName":"etm.portal.ui.webshop.view.RequestMaster","properties":{"text":"Records (1)"}},"wdio_ui5_key":"etmportal.ui.webshop.view.RequestMastersap.m.Title{\"text\":\"Records (1)\"}"}]}
RESULT: undefined
COMMAND: POST /session/182702e4e2b2f92e69599adcb85aed51/execute/async - {"script":"<script> [6424 bytes]","args":[{"element-6066-11e4-a52e-4f735466cecf":"f.EA19BBC851313D4479D8F918DE7934ED.d.FAAD88DF64EB9B69EE25DEEAA7270BC4.e.7414"},"getText",[]]}
RESULT: {"script":"<script> [6424 bytes]","args":[{"element-6066-11e4-a52e-4f735466cecf":"f.EA19BBC851313D4479D8F918DE7934ED.d.FAAD88DF64EB9B69EE25DEEAA7270BC4.e.7414"},"getText",[]]}
COMMAND: POST /session/182702e4e2b2f92e69599adcb85aed51/element - {"using":"xpath","value":"//div[contains(@id ,\"smartFilterBar-btnBasicSearch-reset\")]"}
RESULT: {"using":"xpath","value":"//div[contains(@id ,\"smartFilterBar-btnBasicSearch-reset\")]"}
COMMAND: POST /session/182702e4e2b2f92e69599adcb85aed51/element/f.EA19BBC851313D4479D8F918DE7934ED.d.FAAD88DF64EB9B69EE25DEEAA7270BC4.e.7415/click - {}
RESULT: {}
COMMAND: GET /session/182702e4e2b2f92e69599adcb85aed51/screenshot - {}
RESULT: {}
COMMAND: POST /session/182702e4e2b2f92e69599adcb85aed51/element - {"using":"xpath","value":"//input[contains(@id ,\"smartStatusFilter-inner\")]"}
RESULT: {"using":"xpath","value":"//input[contains(@id ,\"smartStatusFilter-inner\")]"}
COMMAND: POST /session/182702e4e2b2f92e69599adcb85aed51/element/f.EA19BBC851313D4479D8F918DE7934ED.d.FAAD88DF64EB9B69EE25DEEAA7270BC4.e.7365/clear - {}
RESULT: {}
COMMAND: POST /session/182702e4e2b2f92e69599adcb85aed51/element/f.EA19BBC851313D4479D8F918DE7934ED.d.FAAD88DF64EB9B69EE25DEEAA7270BC4.e.7365/value - {"text":"draft"}
COMMAND: GET /session/182702e4e2b2f92e69599adcb85aed51/screenshot - {}
RESULT: {"text":"draft"}
COMMAND: GET /session/182702e4e2b2f92e69599adcb85aed51/screenshot - {}
RESULT: {}
RESULT: {}
COMMAND: POST /session/182702e4e2b2f92e69599adcb85aed51/actions - {"actions":[{"id":"action13","type":"key","parameters":{},"actions":[{"type":"keyDown","value":"î€‡"},{"type":"pause","duration":10},{"type":"keyUp","value":"î€‡"}]}]}
RESULT: {"actions":[{"id":"action13","type":"key","parameters":{},"actions":[{"type":"keyDown","value":"î€‡"},{"type":"pause","duration":10},{"type":"keyUp","value":"î€‡"}]}]}
COMMAND: GET /session/182702e4e2b2f92e69599adcb85aed51/screenshot - {}
RESULT: {}
COMMAND: POST /session/182702e4e2b2f92e69599adcb85aed51/execute/async - {"script":"<script> [1562 bytes]","args":[{"selector":{"controlType":"sap.m.ObjectStatus","viewName":"etm.portal.ui.webshop.view.RequestMaster","bindingPath":{"propertyPath":"STATUS_DESCRIPTION"}},"wdio_ui5_key":"etmportal.ui.webshop.view.RequestMastersap.m.ObjectStatus{\"propertyPath\":\"STATUS_DESCRIPTION\"}"}]}
RESULT: {"script":"<script> [1562 bytes]","args":[{"selector":{"controlType":"sap.m.ObjectStatus","viewName":"etm.portal.ui.webshop.view.RequestMaster","bindingPath":{"propertyPath":"STATUS_DESCRIPTION"}},"wdio_ui5_key":"etmportal.ui.webshop.view.RequestMastersap.m.ObjectStatus{\"propertyPath\":\"STATUS_DESCRIPTION\"}"}]}
RESULT: undefined
COMMAND: POST /session/182702e4e2b2f92e69599adcb85aed51/execute/async - {"script":"<script> [6424 bytes]","args":[{"element-6066-11e4-a52e-4f735466cecf":"f.EA19BBC851313D4479D8F918DE7934ED.d.FAAD88DF64EB9B69EE25DEEAA7270BC4.e.7492"},"getText",[]]}
RESULT: {"script":"<script> [6424 bytes]","args":[{"element-6066-11e4-a52e-4f735466cecf":"f.EA19BBC851313D4479D8F918DE7934ED.d.FAAD88DF64EB9B69EE25DEEAA7270BC4.e.7492"},"getText",[]]}
COMMAND: POST /session/182702e4e2b2f92e69599adcb85aed51/element - {"using":"xpath","value":"//span[contains(@title ,\"Remove\")]"}
RESULT: {"using":"xpath","value":"//span[contains(@title ,\"Remove\")]"}
COMMAND: POST /session/182702e4e2b2f92e69599adcb85aed51/element/f.EA19BBC851313D4479D8F918DE7934ED.d.FAAD88DF64EB9B69EE25DEEAA7270BC4.e.7493/click - {}
RESULT: {}
COMMAND: GET /session/182702e4e2b2f92e69599adcb85aed51/screenshot - {}
COMMAND: POST /session/182702e4e2b2f92e69599adcb85aed51/element - {"using":"xpath","value":"//input[contains(@id ,\"smartStatusFilter-inner\")]"}
RESULT: {}
RESULT: {"using":"xpath","value":"//input[contains(@id ,\"smartStatusFilter-inner\")]"}
COMMAND: POST /session/182702e4e2b2f92e69599adcb85aed51/element/f.EA19BBC851313D4479D8F918DE7934ED.d.FAAD88DF64EB9B69EE25DEEAA7270BC4.e.7365/clear - {}
RESULT: {}
COMMAND: POST /session/182702e4e2b2f92e69599adcb85aed51/element/f.EA19BBC851313D4479D8F918DE7934ED.d.FAAD88DF64EB9B69EE25DEEAA7270BC4.e.7365/value - {"text":"created"}
COMMAND: GET /session/182702e4e2b2f92e69599adcb85aed51/screenshot - {}
RESULT: {"text":"created"}
COMMAND: GET /session/182702e4e2b2f92e69599adcb85aed51/screenshot - {}
RESULT: {}
RESULT: {}
COMMAND: POST /session/182702e4e2b2f92e69599adcb85aed51/actions - {"actions":[{"id":"action14","type":"key","parameters":{},"actions":[{"type":"keyDown","value":"î€‡"},{"type":"pause","duration":10},{"type":"keyUp","value":"î€‡"}]}]}
RESULT: {"actions":[{"id":"action14","type":"key","parameters":{},"actions":[{"type":"keyDown","value":"î€‡"},{"type":"pause","duration":10},{"type":"keyUp","value":"î€‡"}]}]}
COMMAND: GET /session/182702e4e2b2f92e69599adcb85aed51/screenshot - {}
RESULT: {}
RESULT: undefined
COMMAND: POST /session/182702e4e2b2f92e69599adcb85aed51/execute/async - {"script":"<script> [6424 bytes]","args":[{"element-6066-11e4-a52e-4f735466cecf":"f.EA19BBC851313D4479D8F918DE7934ED.d.FAAD88DF64EB9B69EE25DEEAA7270BC4.e.7492"},"getText",[]]}
COMMAND: POST /session/182702e4e2b2f92e69599adcb85aed51/execute/async - {"script":"<script> [1562 bytes]","args":[{"selector":{"controlType":"sap.m.ObjectStatus","viewName":"etm.portal.ui.webshop.view.RequestMaster","bindingPath":{"propertyPath":"STATUS_DESCRIPTION"}},"wdio_ui5_key":"etmportal.ui.webshop.view.RequestMastersap.m.ObjectStatus{\"propertyPath\":\"STATUS_DESCRIPTION\"}"}]}
RESULT: {"script":"<script> [1562 bytes]","args":[{"selector":{"controlType":"sap.m.ObjectStatus","viewName":"etm.portal.ui.webshop.view.RequestMaster","bindingPath":{"propertyPath":"STATUS_DESCRIPTION"}},"wdio_ui5_key":"etmportal.ui.webshop.view.RequestMastersap.m.ObjectStatus{\"propertyPath\":\"STATUS_DESCRIPTION\"}"}]}
COMMAND: POST /session/182702e4e2b2f92e69599adcb85aed51/execute/async - {"script":"<script> [6424 bytes]","args":[{"element-6066-11e4-a52e-4f735466cecf":"f.EA19BBC851313D4479D8F918DE7934ED.d.FAAD88DF64EB9B69EE25DEEAA7270BC4.e.7555"},"getText",[]]}
RESULT: {"script":"<script> [6424 bytes]","args":[{"element-6066-11e4-a52e-4f735466cecf":"f.EA19BBC851313D4479D8F918DE7934ED.d.FAAD88DF64EB9B69EE25DEEAA7270BC4.e.7555"},"getText",[]]}
COMMAND: POST /session/182702e4e2b2f92e69599adcb85aed51/element - {"using":"xpath","value":"//span[contains(@title ,\"Remove\")]"}
RESULT: {"using":"xpath","value":"//span[contains(@title ,\"Remove\")]"}
COMMAND: POST /session/182702e4e2b2f92e69599adcb85aed51/element/f.EA19BBC851313D4479D8F918DE7934ED.d.FAAD88DF64EB9B69EE25DEEAA7270BC4.e.7556/click - {}
RESULT: {}
COMMAND: GET /session/182702e4e2b2f92e69599adcb85aed51/screenshot - {}
RESULT: {}
COMMAND: POST /session/182702e4e2b2f92e69599adcb85aed51/execute/async - {"script":"<script> [1562 bytes]","args":[{"selector":{"controlType":"sap.m.Button","viewName":"etm.portal.ui.webshop.view.RequestMaster","properties":{"text":"Filters (1)"},"interaction":{"idSuffix":"BDI-content"}},"wdio_ui5_key":"etmportal.ui.webshop.view.RequestMastersap.m.Button{\"text\":\"Filters (1)\"}"}]}
RESULT: {"script":"<script> [1562 bytes]","args":[{"selector":{"controlType":"sap.m.Button","viewName":"etm.portal.ui.webshop.view.RequestMaster","properties":{"text":"Filters (1)"},"interaction":{"idSuffix":"BDI-content"}},"wdio_ui5_key":"etmportal.ui.webshop.view.RequestMastersap.m.Button{\"text\":\"Filters (1)\"}"}]}
RESULT: undefined
COMMAND: POST /session/182702e4e2b2f92e69599adcb85aed51/element - {"using":"xpath","value":"//*[@id=\"__xmlview74--smartFilterBar-btnFilters\"]"}
RESULT: {"using":"xpath","value":"//*[@id=\"__xmlview74--smartFilterBar-btnFilters\"]"}
COMMAND: POST /session/182702e4e2b2f92e69599adcb85aed51/element/f.EA19BBC851313D4479D8F918DE7934ED.d.FAAD88DF64EB9B69EE25DEEAA7270BC4.e.7412/click - {}
RESULT: {}
COMMAND: GET /session/182702e4e2b2f92e69599adcb85aed51/screenshot - {}
RESULT: {}
COMMAND: POST /session/182702e4e2b2f92e69599adcb85aed51/element - {"using":"xpath","value":"//input[contains(@id ,\"searchField-I\")]"}
RESULT: {"using":"xpath","value":"//input[contains(@id ,\"searchField-I\")]"}
COMMAND: POST /session/182702e4e2b2f92e69599adcb85aed51/element/f.EA19BBC851313D4479D8F918DE7934ED.d.FAAD88DF64EB9B69EE25DEEAA7270BC4.e.7610/clear - {}
RESULT: {}
COMMAND: POST /session/182702e4e2b2f92e69599adcb85aed51/element/f.EA19BBC851313D4479D8F918DE7934ED.d.FAAD88DF64EB9B69EE25DEEAA7270BC4.e.7610/value - {"text":"tags"}
COMMAND: GET /session/182702e4e2b2f92e69599adcb85aed51/screenshot - {}
RESULT: {"text":"tags"}
COMMAND: GET /session/182702e4e2b2f92e69599adcb85aed51/screenshot - {}
RESULT: {}
RESULT: {}
COMMAND: POST /session/182702e4e2b2f92e69599adcb85aed51/element - {"using":"xpath","value":"(//div[contains(@id ,\"selectMulti\")][@role=\"checkbox\"])[8]"}
RESULT: {"using":"xpath","value":"(//div[contains(@id ,\"selectMulti\")][@role=\"checkbox\"])[8]"}
COMMAND: POST /session/182702e4e2b2f92e69599adcb85aed51/element/f.EA19BBC851313D4479D8F918DE7934ED.d.FAAD88DF64EB9B69EE25DEEAA7270BC4.e.7634/click - {}
RESULT: {}
COMMAND: GET /session/182702e4e2b2f92e69599adcb85aed51/screenshot - {}
RESULT: {}
COMMAND: POST /session/182702e4e2b2f92e69599adcb85aed51/execute/async - {"script":"<script> [1562 bytes]","args":[{"selector":{"controlType":"sap.m.Button","viewName":"etm.portal.ui.webshop.view.RequestMaster","properties":{"text":"OK"},"searchOpenDialogs":true,"interaction":{"idSuffix":"BDI-content"}},"wdio_ui5_key":"etmportal.ui.webshop.view.RequestMastersap.m.Button{\"text\":\"OK\"}"}]}
RESULT: {"script":"<script> [1562 bytes]","args":[{"selector":{"controlType":"sap.m.Button","viewName":"etm.portal.ui.webshop.view.RequestMaster","properties":{"text":"OK"},"searchOpenDialogs":true,"interaction":{"idSuffix":"BDI-content"}},"wdio_ui5_key":"etmportal.ui.webshop.view.RequestMastersap.m.Button{\"text\":\"OK\"}"}]}
RESULT: undefined
COMMAND: POST /session/182702e4e2b2f92e69599adcb85aed51/element - {"using":"xpath","value":"//*[@id=\"__xmlview74--smartFilterBar-adapt-filters-dialog-confirmBtn\"]"}
RESULT: {"using":"xpath","value":"//*[@id=\"__xmlview74--smartFilterBar-adapt-filters-dialog-confirmBtn\"]"}
COMMAND: POST /session/182702e4e2b2f92e69599adcb85aed51/element/f.EA19BBC851313D4479D8F918DE7934ED.d.FAAD88DF64EB9B69EE25DEEAA7270BC4.e.7638/click - {}
RESULT: {}
COMMAND: GET /session/182702e4e2b2f92e69599adcb85aed51/screenshot - {}
RESULT: {}
COMMAND: POST /session/182702e4e2b2f92e69599adcb85aed51/element - {"using":"xpath","value":"//input[contains(@id ,\"smartFilterBar-filterItemControlA_-ALL_TAGS-inner\")]"}
RESULT: {"using":"xpath","value":"//input[contains(@id ,\"smartFilterBar-filterItemControlA_-ALL_TAGS-inner\")]"}
COMMAND: POST /session/182702e4e2b2f92e69599adcb85aed51/element/f.EA19BBC851313D4479D8F918DE7934ED.d.FAAD88DF64EB9B69EE25DEEAA7270BC4.e.7646/clear - {}
RESULT: {}
COMMAND: POST /session/182702e4e2b2f92e69599adcb85aed51/element/f.EA19BBC851313D4479D8F918DE7934ED.d.FAAD88DF64EB9B69EE25DEEAA7270BC4.e.7646/value - {"text":"tag1"}
COMMAND: GET /session/182702e4e2b2f92e69599adcb85aed51/screenshot - {}
RESULT: {"text":"tag1"}
COMMAND: GET /session/182702e4e2b2f92e69599adcb85aed51/screenshot - {}
RESULT: {}
RESULT: {}
COMMAND: POST /session/182702e4e2b2f92e69599adcb85aed51/actions - {"actions":[{"id":"action15","type":"key","parameters":{},"actions":[{"type":"keyDown","value":"î€‡"},{"type":"pause","duration":10},{"type":"keyUp","value":"î€‡"}]}]}
RESULT: {"actions":[{"id":"action15","type":"key","parameters":{},"actions":[{"type":"keyDown","value":"î€‡"},{"type":"pause","duration":10},{"type":"keyUp","value":"î€‡"}]}]}
COMMAND: GET /session/182702e4e2b2f92e69599adcb85aed51/screenshot - {}
RESULT: {}
RESULT: undefined
COMMAND: POST /session/182702e4e2b2f92e69599adcb85aed51/execute/async - {"script":"<script> [6424 bytes]","args":[{"element-6066-11e4-a52e-4f735466cecf":"f.EA19BBC851313D4479D8F918DE7934ED.d.FAAD88DF64EB9B69EE25DEEAA7270BC4.e.7414"},"getText",[]]}
RESULT: {"script":"<script> [6424 bytes]","args":[{"element-6066-11e4-a52e-4f735466cecf":"f.EA19BBC851313D4479D8F918DE7934ED.d.FAAD88DF64EB9B69EE25DEEAA7270BC4.e.7414"},"getText",[]]}
COMMAND: POST /session/182702e4e2b2f92e69599adcb85aed51/execute/async - {"script":"<script> [1562 bytes]","args":[{"selector":{"controlType":"sap.ui.core.Icon","viewName":"etm.portal.ui.webshop.view.RequestMaster","properties":{"src":{"regex":{"source":"action\\-settings"}}}},"wdio_ui5_key":"etmportal.ui.webshop.view.RequestMastersap.ui.core.Icon{\"src\":{\"regex\":{\"source\":\"action\\\\-settings\"}}}"}]}
RESULT: {"script":"<script> [1562 bytes]","args":[{"selector":{"controlType":"sap.ui.core.Icon","viewName":"etm.portal.ui.webshop.view.RequestMaster","properties":{"src":{"regex":{"source":"action\\-settings"}}}},"wdio_ui5_key":"etmportal.ui.webshop.view.RequestMastersap.ui.core.Icon{\"src\":{\"regex\":{\"source\":\"action\\\\-settings\"}}}"}]}
RESULT: undefined
COMMAND: POST /session/182702e4e2b2f92e69599adcb85aed51/element - {"using":"xpath","value":"//*[@id=\"__xmlview74--smartTable-btnPersonalisation-img\"]"}
RESULT: {"using":"xpath","value":"//*[@id=\"__xmlview74--smartTable-btnPersonalisation-img\"]"}
COMMAND: POST /session/182702e4e2b2f92e69599adcb85aed51/element/f.EA19BBC851313D4479D8F918DE7934ED.d.FAAD88DF64EB9B69EE25DEEAA7270BC4.e.7421/click - {}
RESULT: {}
COMMAND: GET /session/182702e4e2b2f92e69599adcb85aed51/screenshot - {}
RESULT: {}
COMMAND: POST /session/182702e4e2b2f92e69599adcb85aed51/element - {"using":"xpath","value":"//input[contains(@id ,\"searchField-I\")]"}
RESULT: {"using":"xpath","value":"//input[contains(@id ,\"searchField-I\")]"}
COMMAND: POST /session/182702e4e2b2f92e69599adcb85aed51/element/f.EA19BBC851313D4479D8F918DE7934ED.d.FAAD88DF64EB9B69EE25DEEAA7270BC4.e.7675/clear - {}
RESULT: {}
COMMAND: POST /session/182702e4e2b2f92e69599adcb85aed51/element/f.EA19BBC851313D4479D8F918DE7934ED.d.FAAD88DF64EB9B69EE25DEEAA7270BC4.e.7675/value - {"text":"tags"}
COMMAND: GET /session/182702e4e2b2f92e69599adcb85aed51/screenshot - {}
RESULT: {"text":"tags"}
COMMAND: GET /session/182702e4e2b2f92e69599adcb85aed51/screenshot - {}
RESULT: {}
RESULT: {}
COMMAND: POST /session/182702e4e2b2f92e69599adcb85aed51/element - {"using":"xpath","value":"(//div[contains(@id ,\"selectMulti\")][@role=\"checkbox\"])[8]"}
RESULT: {"using":"xpath","value":"(//div[contains(@id ,\"selectMulti\")][@role=\"checkbox\"])[8]"}
COMMAND: POST /session/182702e4e2b2f92e69599adcb85aed51/element/f.EA19BBC851313D4479D8F918DE7934ED.d.FAAD88DF64EB9B69EE25DEEAA7270BC4.e.7743/click - {}
RESULT: {}
COMMAND: GET /session/182702e4e2b2f92e69599adcb85aed51/screenshot - {}
RESULT: {}
COMMAND: POST /session/182702e4e2b2f92e69599adcb85aed51/element - {"using":"xpath","value":"//div[contains(@id ,\"searchField-reset\")]"}
RESULT: {"using":"xpath","value":"//div[contains(@id ,\"searchField-reset\")]"}
COMMAND: POST /session/182702e4e2b2f92e69599adcb85aed51/element - {"using":"xpath","value":"//input[contains(@id ,\"searchField-I\")]"}
RESULT: {"using":"xpath","value":"//input[contains(@id ,\"searchField-I\")]"}
COMMAND: POST /session/182702e4e2b2f92e69599adcb85aed51/element/f.EA19BBC851313D4479D8F918DE7934ED.d.FAAD88DF64EB9B69EE25DEEAA7270BC4.e.7675/clear - {}
RESULT: {}
COMMAND: POST /session/182702e4e2b2f92e69599adcb85aed51/element/f.EA19BBC851313D4479D8F918DE7934ED.d.FAAD88DF64EB9B69EE25DEEAA7270BC4.e.7675/value - {"text":"status"}
COMMAND: GET /session/182702e4e2b2f92e69599adcb85aed51/screenshot - {}
RESULT: {"text":"status"}
COMMAND: GET /session/182702e4e2b2f92e69599adcb85aed51/screenshot - {}
RESULT: {}
RESULT: {}
COMMAND: POST /session/182702e4e2b2f92e69599adcb85aed51/element - {"using":"xpath","value":"(//div[contains(@id ,\"selectMulti\")][@role=\"checkbox\"])[8]"}
RESULT: {"using":"xpath","value":"(//div[contains(@id ,\"selectMulti\")][@role=\"checkbox\"])[8]"}
COMMAND: POST /session/182702e4e2b2f92e69599adcb85aed51/element/f.EA19BBC851313D4479D8F918DE7934ED.d.FAAD88DF64EB9B69EE25DEEAA7270BC4.e.7743/click - {}
RESULT: {}
COMMAND: GET /session/182702e4e2b2f92e69599adcb85aed51/screenshot - {}
RESULT: {}
COMMAND: POST /session/182702e4e2b2f92e69599adcb85aed51/element - {"using":"xpath","value":"//bdi[contains(@id ,\"confirmBtn-BDI-content\")]"}
RESULT: {"using":"xpath","value":"//bdi[contains(@id ,\"confirmBtn-BDI-content\")]"}
COMMAND: POST /session/182702e4e2b2f92e69599adcb85aed51/element/f.EA19BBC851313D4479D8F918DE7934ED.d.FAAD88DF64EB9B69EE25DEEAA7270BC4.e.7765/click - {}
RESULT: {}
COMMAND: GET /session/182702e4e2b2f92e69599adcb85aed51/screenshot - {}
RESULT: {}
COMMAND: POST /session/182702e4e2b2f92e69599adcb85aed51/element - {"using":"xpath","value":"(//span[contains(text(), \"Status\")])[2]"}
RESULT: {"using":"xpath","value":"(//span[contains(text(), \"Status\")])[2]"}
COMMAND: POST /session/182702e4e2b2f92e69599adcb85aed51/element - {"using":"xpath","value":"(//span[contains(text(), \"Status\")])[2]"}
RESULT: {"using":"xpath","value":"(//span[contains(text(), \"Status\")])[2]"}
COMMAND: POST /session/182702e4e2b2f92e69599adcb85aed51/element - {"using":"xpath","value":"(//bdi[contains(text(), \"Tags\")])[2]"}
RESULT: {"using":"xpath","value":"(//bdi[contains(text(), \"Tags\")])[2]"}
COMMAND: POST /session/182702e4e2b2f92e69599adcb85aed51/execute/sync - {"script":"<script> [8489 bytes]","args":[{"element-6066-11e4-a52e-4f735466cecf":"f.EA19BBC851313D4479D8F918DE7934ED.d.FAAD88DF64EB9B69EE25DEEAA7270BC4.e.7773","ELEMENT":"f.EA19BBC851313D4479D8F918DE7934ED.d.FAAD88DF64EB9B69EE25DEEAA7270BC4.e.7773"}]}
RESULT: {"script":"<script> [8489 bytes]","args":[{"element-6066-11e4-a52e-4f735466cecf":"f.EA19BBC851313D4479D8F918DE7934ED.d.FAAD88DF64EB9B69EE25DEEAA7270BC4.e.7773","ELEMENT":"f.EA19BBC851313D4479D8F918DE7934ED.d.FAAD88DF64EB9B69EE25DEEAA7270BC4.e.7773"}]}
COMMAND: POST /session/182702e4e2b2f92e69599adcb85aed51/element - {"using":"xpath","value":"//span[contains(@title ,\"Remove\")]"}
COMMAND: GET /session/182702e4e2b2f92e69599adcb85aed51/screenshot - {}
RESULT: {}
RESULT: {"using":"xpath","value":"//span[contains(@title ,\"Remove\")]"}
COMMAND: POST /session/182702e4e2b2f92e69599adcb85aed51/element/f.EA19BBC851313D4479D8F918DE7934ED.d.FAAD88DF64EB9B69EE25DEEAA7270BC4.e.7774/click - {}
RESULT: {}
COMMAND: GET /session/182702e4e2b2f92e69599adcb85aed51/screenshot - {}
COMMAND: POST /session/182702e4e2b2f92e69599adcb85aed51/element - {"using":"xpath","value":"//button[contains(@id ,\"btnDeleteRequest\")]"}
RESULT: {}
RESULT: {"using":"xpath","value":"//button[contains(@id ,\"btnDeleteRequest\")]"}
COMMAND: POST /session/182702e4e2b2f92e69599adcb85aed51/element - {"using":"xpath","value":"//button[contains(@id ,\"btnDeleteRequest\")]"}
RESULT: {"using":"xpath","value":"//button[contains(@id ,\"btnDeleteRequest\")]"}
COMMAND: POST /session/182702e4e2b2f92e69599adcb85aed51/element - {"using":"xpath","value":"(//span[contains(text(), \"Draft\")])[1]"}
RESULT: {"using":"xpath","value":"(//span[contains(text(), \"Draft\")])[1]"}
COMMAND: POST /session/182702e4e2b2f92e69599adcb85aed51/element/f.EA19BBC851313D4479D8F918DE7934ED.d.FAAD88DF64EB9B69EE25DEEAA7270BC4.e.7797/click - {}
RESULT: {}
COMMAND: GET /session/182702e4e2b2f92e69599adcb85aed51/screenshot - {}
RESULT: {}
COMMAND: POST /session/182702e4e2b2f92e69599adcb85aed51/element - {"using":"xpath","value":"//button[contains(@id ,\"btnDeleteRequest\")]"}
RESULT: {"using":"xpath","value":"//button[contains(@id ,\"btnDeleteRequest\")]"}
COMMAND: POST /session/182702e4e2b2f92e69599adcb85aed51/execute/sync - {"script":"<script> [8489 bytes]","args":[{"element-6066-11e4-a52e-4f735466cecf":"f.EA19BBC851313D4479D8F918DE7934ED.d.FAAD88DF64EB9B69EE25DEEAA7270BC4.e.7828","ELEMENT":"f.EA19BBC851313D4479D8F918DE7934ED.d.FAAD88DF64EB9B69EE25DEEAA7270BC4.e.7828"}]}
RESULT: {"script":"<script> [8489 bytes]","args":[{"element-6066-11e4-a52e-4f735466cecf":"f.EA19BBC851313D4479D8F918DE7934ED.d.FAAD88DF64EB9B69EE25DEEAA7270BC4.e.7828","ELEMENT":"f.EA19BBC851313D4479D8F918DE7934ED.d.FAAD88DF64EB9B69EE25DEEAA7270BC4.e.7828"}]}
COMMAND: POST /session/182702e4e2b2f92e69599adcb85aed51/element - {"using":"xpath","value":"(//span[contains(text(), \"Proposal\")])[1]"}
COMMAND: GET /session/182702e4e2b2f92e69599adcb85aed51/screenshot - {}
RESULT: {"using":"xpath","value":"(//span[contains(text(), \"Proposal\")])[1]"}
COMMAND: POST /session/182702e4e2b2f92e69599adcb85aed51/element/f.EA19BBC851313D4479D8F918DE7934ED.d.FAAD88DF64EB9B69EE25DEEAA7270BC4.e.7864/click - {}
RESULT: {}
RESULT: {}
COMMAND: GET /session/182702e4e2b2f92e69599adcb85aed51/screenshot - {}
RESULT: {}
COMMAND: POST /session/182702e4e2b2f92e69599adcb85aed51/execute/sync - {"script":"<script> [8489 bytes]","args":[{"element-6066-11e4-a52e-4f735466cecf":"f.EA19BBC851313D4479D8F918DE7934ED.d.FAAD88DF64EB9B69EE25DEEAA7270BC4.e.7828","ELEMENT":"f.EA19BBC851313D4479D8F918DE7934ED.d.FAAD88DF64EB9B69EE25DEEAA7270BC4.e.7828"}]}
RESULT: {"script":"<script> [8489 bytes]","args":[{"element-6066-11e4-a52e-4f735466cecf":"f.EA19BBC851313D4479D8F918DE7934ED.d.FAAD88DF64EB9B69EE25DEEAA7270BC4.e.7828","ELEMENT":"f.EA19BBC851313D4479D8F918DE7934ED.d.FAAD88DF64EB9B69EE25DEEAA7270BC4.e.7828"}]}
COMMAND: GET /session/182702e4e2b2f92e69599adcb85aed51/screenshot - {}
RESULT: {}
COMMAND: DELETE /session/182702e4e2b2f92e69599adcb85aed51 - {}
RESULT: {}
]]></system-out>
    </testcase>
  </testsuite>
</testsuites>