<?xml version="1.0" encoding="UTF-8"?>
<testsuites tests="53" failures="0" errors="0" skipped="0">
  <testsuite timestamp="2025-06-13T17:17:16" time="267.883" tests="5" failures="0" errors="0" skipped="0">
    <properties>
      <property name="specId" value="0"/>
      <property name="suiteName" value="Tests for DXCW CAE environment, including specific login to the system US"/>
      <property name="capabilities" value="chrome.137_0_7151_69.windows"/>
      <property name="file" value="file:///D:/a/1/s/test/specs/BTS/dxcw-cae.spec.js"/>
    </properties>
    <testcase classname="chrome.137_0_7151_69.windows.Tests_for_DXCW_CAE_environment,_including_specific_login_to_the_system_US" name="Should login to the DXCW CAE env US156289" time="24.194">
      <system-out><![CDATA[
COMMAND: POST /session/b4f8750b6ab9764d379b715c7854fdbf/url - {"url":"https://qa-testing-00-live-dxcw-portal.cfapps.eu10-004.hana.ondemand.com/"}
RESULT: {"url":"https://qa-testing-00-live-dxcw-portal.cfapps.eu10-004.hana.ondemand.com/"}
COMMAND: GET /session/b4f8750b6ab9764d379b715c7854fdbf/screenshot - {}
RESULT: {}
COMMAND: POST /session/b4f8750b6ab9764d379b715c7854fdbf/element - {"using":"xpath","value":"//input[@id = \"j_username\"]"}
RESULT: {"using":"xpath","value":"//input[@id = \"j_username\"]"}
COMMAND: POST /session/b4f8750b6ab9764d379b715c7854fdbf/execute/sync - {"script":"<script> [8489 bytes]","args":[{"element-6066-11e4-a52e-4f735466cecf":"f.8850BFF0213FDAA0CDBB6DAFAFD06CF5.d.23B6DCF073A98A0053FB0D71C6989604.e.39","ELEMENT":"f.8850BFF0213FDAA0CDBB6DAFAFD06CF5.d.23B6DCF073A98A0053FB0D71C6989604.e.39"}]}
RESULT: {"script":"<script> [8489 bytes]","args":[{"element-6066-11e4-a52e-4f735466cecf":"f.8850BFF0213FDAA0CDBB6DAFAFD06CF5.d.23B6DCF073A98A0053FB0D71C6989604.e.39","ELEMENT":"f.8850BFF0213FDAA0CDBB6DAFAFD06CF5.d.23B6DCF073A98A0053FB0D71C6989604.e.39"}]}
COMMAND: POST /session/b4f8750b6ab9764d379b715c7854fdbf/element - {"using":"xpath","value":"//input[@id = \"j_username\"]"}
COMMAND: GET /session/b4f8750b6ab9764d379b715c7854fdbf/screenshot - {}
RESULT: {"using":"xpath","value":"//input[@id = \"j_username\"]"}
COMMAND: POST /session/b4f8750b6ab9764d379b715c7854fdbf/element/f.8850BFF0213FDAA0CDBB6DAFAFD06CF5.d.23B6DCF073A98A0053FB0D71C6989604.e.39/clear - {}
RESULT: {}
RESULT: {}
COMMAND: POST /session/b4f8750b6ab9764d379b715c7854fdbf/element/f.8850BFF0213FDAA0CDBB6DAFAFD06CF5.d.23B6DCF073A98A0053FB0D71C6989604.e.39/value - {"text":"test1etm@bearingpoint.com"}
COMMAND: GET /session/b4f8750b6ab9764d379b715c7854fdbf/screenshot - {}
RESULT: {"text":"test1etm@bearingpoint.com"}
COMMAND: POST /session/b4f8750b6ab9764d379b715c7854fdbf/element - {"using":"xpath","value":"//input[@id = \"j_password\"]"}
COMMAND: GET /session/b4f8750b6ab9764d379b715c7854fdbf/screenshot - {}
RESULT: {}
RESULT: {"using":"xpath","value":"//input[@id = \"j_password\"]"}
COMMAND: POST /session/b4f8750b6ab9764d379b715c7854fdbf/element/f.8850BFF0213FDAA0CDBB6DAFAFD06CF5.d.23B6DCF073A98A0053FB0D71C6989604.e.41/clear - {}
RESULT: {}
RESULT: {}
COMMAND: POST /session/b4f8750b6ab9764d379b715c7854fdbf/element/f.8850BFF0213FDAA0CDBB6DAFAFD06CF5.d.23B6DCF073A98A0053FB0D71C6989604.e.41/value - {"text":"ETM.next2024"}
COMMAND: GET /session/b4f8750b6ab9764d379b715c7854fdbf/screenshot - {}
RESULT: {"text":"ETM.next2024"}
COMMAND: GET /session/b4f8750b6ab9764d379b715c7854fdbf/screenshot - {}
RESULT: {}
RESULT: {}
COMMAND: POST /session/b4f8750b6ab9764d379b715c7854fdbf/element - {"using":"css selector","value":"button[type=\"submit\"]"}
RESULT: {"using":"css selector","value":"button[type=\"submit\"]"}
COMMAND: POST /session/b4f8750b6ab9764d379b715c7854fdbf/element/f.8850BFF0213FDAA0CDBB6DAFAFD06CF5.d.23B6DCF073A98A0053FB0D71C6989604.e.62/click - {}
RESULT: {}
COMMAND: POST /session/b4f8750b6ab9764d379b715c7854fdbf/element - {"using":"xpath","value":"//a[contains(@aria-label,\"Migration Service\")]"}
COMMAND: GET /session/b4f8750b6ab9764d379b715c7854fdbf/screenshot - {}
RESULT: {"using":"xpath","value":"//a[contains(@aria-label,\"Migration Service\")]"}
COMMAND: POST /session/b4f8750b6ab9764d379b715c7854fdbf/element - {"using":"xpath","value":"//a[contains(@aria-label,\"Migration Service\")]"}
RESULT: {}
RESULT: {"using":"xpath","value":"//a[contains(@aria-label,\"Migration Service\")]"}
COMMAND: POST /session/b4f8750b6ab9764d379b715c7854fdbf/execute/sync - {"script":"<script> [8489 bytes]","args":[{"element-6066-11e4-a52e-4f735466cecf":"f.8850BFF0213FDAA0CDBB6DAFAFD06CF5.d.B2AD74ECCF77F59DCAA0349BFE2BD0A9.e.76","ELEMENT":"f.8850BFF0213FDAA0CDBB6DAFAFD06CF5.d.B2AD74ECCF77F59DCAA0349BFE2BD0A9.e.76"}]}
RESULT: {"script":"<script> [8489 bytes]","args":[{"element-6066-11e4-a52e-4f735466cecf":"f.8850BFF0213FDAA0CDBB6DAFAFD06CF5.d.B2AD74ECCF77F59DCAA0349BFE2BD0A9.e.76","ELEMENT":"f.8850BFF0213FDAA0CDBB6DAFAFD06CF5.d.B2AD74ECCF77F59DCAA0349BFE2BD0A9.e.76"}]}
COMMAND: POST /session/b4f8750b6ab9764d379b715c7854fdbf/execute/sync - {"script":"<script> [8489 bytes]","args":[{"element-6066-11e4-a52e-4f735466cecf":"f.8850BFF0213FDAA0CDBB6DAFAFD06CF5.d.B2AD74ECCF77F59DCAA0349BFE2BD0A9.e.76","ELEMENT":"f.8850BFF0213FDAA0CDBB6DAFAFD06CF5.d.B2AD74ECCF77F59DCAA0349BFE2BD0A9.e.76"}]}
COMMAND: GET /session/b4f8750b6ab9764d379b715c7854fdbf/screenshot - {}
COMMAND: POST /session/b4f8750b6ab9764d379b715c7854fdbf/element - {"using":"xpath","value":"//a[contains(@aria-label,\"Migration Service\")]"}
RESULT: {}
RESULT: {"using":"xpath","value":"//a[contains(@aria-label,\"Migration Service\")]"}
COMMAND: POST /session/b4f8750b6ab9764d379b715c7854fdbf/execute/sync - {"script":"<script> [8489 bytes]","args":[{"element-6066-11e4-a52e-4f735466cecf":"f.8850BFF0213FDAA0CDBB6DAFAFD06CF5.d.B2AD74ECCF77F59DCAA0349BFE2BD0A9.e.77","ELEMENT":"f.8850BFF0213FDAA0CDBB6DAFAFD06CF5.d.B2AD74ECCF77F59DCAA0349BFE2BD0A9.e.77"}]}
RESULT: {"script":"<script> [8489 bytes]","args":[{"element-6066-11e4-a52e-4f735466cecf":"f.8850BFF0213FDAA0CDBB6DAFAFD06CF5.d.B2AD74ECCF77F59DCAA0349BFE2BD0A9.e.77","ELEMENT":"f.8850BFF0213FDAA0CDBB6DAFAFD06CF5.d.B2AD74ECCF77F59DCAA0349BFE2BD0A9.e.77"}]}
COMMAND: POST /session/b4f8750b6ab9764d379b715c7854fdbf/window/fullscreen - {}
COMMAND: GET /session/b4f8750b6ab9764d379b715c7854fdbf/screenshot - {}
RESULT: {}
COMMAND: POST /session/b4f8750b6ab9764d379b715c7854fdbf/execute/async - {"script":"<script> [189 bytes]","args":[]}
RESULT: {}
RESULT: {"script":"<script> [189 bytes]","args":[]}
COMMAND: POST /session/b4f8750b6ab9764d379b715c7854fdbf/execute/async - {"script":"<script> [123 bytes]","args":[]}
RESULT: {"script":"<script> [123 bytes]","args":[]}
COMMAND: POST /session/b4f8750b6ab9764d379b715c7854fdbf/timeouts - {"script":"<number>"}
RESULT: {"script":"<number>"}
COMMAND: GET /session/b4f8750b6ab9764d379b715c7854fdbf/timeouts - {}
RESULT: {}
COMMAND: POST /session/b4f8750b6ab9764d379b715c7854fdbf/execute/async - {"script":"<script> [78 bytes]","args":[]}
RESULT: {"script":"<script> [78 bytes]","args":[]}
RESULT: undefined
COMMAND: POST /session/b4f8750b6ab9764d379b715c7854fdbf/execute/async - {"script":"<script> [2676 bytes]","args":[]}
RESULT: {"script":"<script> [2676 bytes]","args":[]}
COMMAND: POST /session/b4f8750b6ab9764d379b715c7854fdbf/execute/async - {"script":"<script> [2342 bytes]","args":[{"protocol":"http","hostname":"0.0.0.0","path":"/","capabilities":{"browserName":"chrome","goog:chromeOptions":{"binary":"C:\\Program Files\\Google\\Chrome\\Application\\chrome.exe","args":["--start-maximized"]}},"logLevel":"warn","connectionRetryTimeout":120000,"connectionRetryCount":3,"logLevels":{},"enableDirectConnect":true,"strictSSL":true,"_":"65 more keys: [\"cacheDir\",\"port\",\"requestedCapabilities\",\"automationProtocol\",\"baseUrl\",\"waitforInterval\",\"waitforTimeout\",\"onReload\",\"beforeCommand\",\"afterCommand\",\"rootDir\",\"specs\",\"suites\",\"exclude\",\"groupLogsByTestSpec\",\"excludeDriverLogs\",\"bail\",\"framework\",\"reporters\",\"services\",\"maxInstances\",\"maxInstancesPerCapability\",\"injectGlobals\",\"filesToWatch\",\"execArgv\",\"runnerEnv\",\"runner\",\"shard\",\"specFileRetries\",\"specFileRetriesDelay\",\"specFileRetriesDeferred\",\"reporterSyncInterval\",\"reporterSyncTimeout\",\"cucumberFeaturesWithLineNumbers\",\"autoCompileOpts\",\"mochaOpts\",\"jasmineOpts\",\"cucumberOpts\",\"onPrepare\",\"onWorkerStart\",\"onWorkerEnd\",\"before\",\"beforeSession\",\"beforeSuite\",\"beforeHook\",\"beforeTest\",\"afterTest\",\"afterHook\",\"afterSuite\",\"afterSession\",\"after\",\"onComplete\",\"beforeAssertion\",\"afterAssertion\",\"beforeFeature\",\"beforeScenario\",\"beforeStep\",\"afterStep\",\"afterScenario\",\"afterFeature\",\"_\",\"suite\",\"$0\",\"ignoredWorkerServices\",\"wdi5\"]"}]}
RESULT: {"script":"<script> [2342 bytes]","args":[{"protocol":"http","hostname":"0.0.0.0","path":"/","capabilities":{"browserName":"chrome","goog:chromeOptions":{"binary":"C:\\Program Files\\Google\\Chrome\\Application\\chrome.exe","args":["--start-maximized"]}},"logLevel":"warn","connectionRetryTimeout":120000,"connectionRetryCount":3,"logLevels":{},"enableDirectConnect":true,"strictSSL":true,"_":"65 more keys: [\"cacheDir\",\"port\",\"requestedCapabilities\",\"automationProtocol\",\"baseUrl\",\"waitforInterval\",\"waitforTimeout\",\"onReload\",\"beforeCommand\",\"afterCommand\",\"rootDir\",\"specs\",\"suites\",\"exclude\",\"groupLogsByTestSpec\",\"excludeDriverLogs\",\"bail\",\"framework\",\"reporters\",\"services\",\"maxInstances\",\"maxInstancesPerCapability\",\"injectGlobals\",\"filesToWatch\",\"execArgv\",\"runnerEnv\",\"runner\",\"shard\",\"specFileRetries\",\"specFileRetriesDelay\",\"specFileRetriesDeferred\",\"reporterSyncInterval\",\"reporterSyncTimeout\",\"cucumberFeaturesWithLineNumbers\",\"autoCompileOpts\",\"mochaOpts\",\"jasmineOpts\",\"cucumberOpts\",\"onPrepare\",\"onWorkerStart\",\"onWorkerEnd\",\"before\",\"beforeSession\",\"beforeSuite\",\"beforeHook\",\"beforeTest\",\"afterTest\",\"afterHook\",\"afterSuite\",\"afterSession\",\"after\",\"onComplete\",\"beforeAssertion\",\"afterAssertion\",\"beforeFeature\",\"beforeScenario\",\"beforeStep\",\"afterStep\",\"afterScenario\",\"afterFeature\",\"_\",\"suite\",\"$0\",\"ignoredWorkerServices\",\"wdi5\"]"}]}
COMMAND: POST /session/b4f8750b6ab9764d379b715c7854fdbf/execute/async - {"script":"<script> [21126 bytes]","args":[35000]}
RESULT: {"script":"<script> [21126 bytes]","args":[35000]}
]]></system-out>
    </testcase>
    <testcase classname="chrome.137_0_7151_69.windows.Tests_for_DXCW_CAE_environment,_including_specific_login_to_the_system_US" name="Should upload address file entry used for later tests as master data US156291" time="78.196">
      <system-out><![CDATA[
COMMAND: POST /session/b4f8750b6ab9764d379b715c7854fdbf/execute/async - {"script":"<script> [1562 bytes]","args":[{"selector":{"controlType":"sap.m.GenericTile","properties":{"header":"Migration Service"}},"wdio_ui5_key":"sapm.GenericTile{\"header\":\"Migration Service\"}"}]}
RESULT: {"script":"<script> [1562 bytes]","args":[{"selector":{"controlType":"sap.m.GenericTile","properties":{"header":"Migration Service"}},"wdio_ui5_key":"sapm.GenericTile{\"header\":\"Migration Service\"}"}]}
RESULT: undefined
COMMAND: POST /session/b4f8750b6ab9764d379b715c7854fdbf/element - {"using":"xpath","value":"//*[@id=\"__tile25\"]"}
RESULT: {"using":"xpath","value":"//*[@id=\"__tile25\"]"}
COMMAND: POST /session/b4f8750b6ab9764d379b715c7854fdbf/element/f.8850BFF0213FDAA0CDBB6DAFAFD06CF5.d.B2AD74ECCF77F59DCAA0349BFE2BD0A9.e.77/click - {}
RESULT: {}
COMMAND: GET /session/b4f8750b6ab9764d379b715c7854fdbf/screenshot - {}
RESULT: {}
RESULT: undefined
RESULT: undefined
COMMAND: POST /session/b4f8750b6ab9764d379b715c7854fdbf/elements - {"using":"xpath","value":"//span[text()='Error']"}
RESULT: {"using":"xpath","value":"//span[text()='Error']"}
COMMAND: POST /session/b4f8750b6ab9764d379b715c7854fdbf/execute/async - {"script":"<script> [1562 bytes]","args":[{"selector":{"controlType":"sap.m.GenericTile","viewName":"bbs.dxcw.migration.view.Home","i18NText":{"propertyName":"header","key":"migrationService"}},"wdio_ui5_key":"bbsdxcw.migration.view.Homesap.m.GenericTile{\"propertyName\":\"header\",\"key\":\"migrationService\"}"}]}
RESULT: {"script":"<script> [1562 bytes]","args":[{"selector":{"controlType":"sap.m.GenericTile","viewName":"bbs.dxcw.migration.view.Home","i18NText":{"propertyName":"header","key":"migrationService"}},"wdio_ui5_key":"bbsdxcw.migration.view.Homesap.m.GenericTile{\"propertyName\":\"header\",\"key\":\"migrationService\"}"}]}
RESULT: undefined
COMMAND: POST /session/b4f8750b6ab9764d379b715c7854fdbf/element - {"using":"xpath","value":"//*[@id=\"__tile26\"]"}
RESULT: {"using":"xpath","value":"//*[@id=\"__tile26\"]"}
COMMAND: POST /session/b4f8750b6ab9764d379b715c7854fdbf/element/f.8850BFF0213FDAA0CDBB6DAFAFD06CF5.d.B2AD74ECCF77F59DCAA0349BFE2BD0A9.e.124/click - {}
RESULT: {}
COMMAND: GET /session/b4f8750b6ab9764d379b715c7854fdbf/screenshot - {}
RESULT: {}
COMMAND: POST /session/b4f8750b6ab9764d379b715c7854fdbf/element - {"using":"xpath","value":"//bdi[contains(text(), \"Create new Draft\")]"}
RESULT: {"using":"xpath","value":"//bdi[contains(text(), \"Create new Draft\")]"}
COMMAND: POST /session/b4f8750b6ab9764d379b715c7854fdbf/elements - {"using":"xpath","value":"//bdi[contains(text(), \"Create new Draft\")]"}
RESULT: {"using":"xpath","value":"//bdi[contains(text(), \"Create new Draft\")]"}
COMMAND: POST /session/b4f8750b6ab9764d379b715c7854fdbf/execute/sync - {"script":"<script> [8489 bytes]","args":[{"element-6066-11e4-a52e-4f735466cecf":"f.8850BFF0213FDAA0CDBB6DAFAFD06CF5.d.B2AD74ECCF77F59DCAA0349BFE2BD0A9.e.144","ELEMENT":"f.8850BFF0213FDAA0CDBB6DAFAFD06CF5.d.B2AD74ECCF77F59DCAA0349BFE2BD0A9.e.144"}]}
RESULT: {"script":"<script> [8489 bytes]","args":[{"element-6066-11e4-a52e-4f735466cecf":"f.8850BFF0213FDAA0CDBB6DAFAFD06CF5.d.B2AD74ECCF77F59DCAA0349BFE2BD0A9.e.144","ELEMENT":"f.8850BFF0213FDAA0CDBB6DAFAFD06CF5.d.B2AD74ECCF77F59DCAA0349BFE2BD0A9.e.144"}]}
COMMAND: GET /session/b4f8750b6ab9764d379b715c7854fdbf/element/f.8850BFF0213FDAA0CDBB6DAFAFD06CF5.d.B2AD74ECCF77F59DCAA0349BFE2BD0A9.e.144/enabled - {}
COMMAND: GET /session/b4f8750b6ab9764d379b715c7854fdbf/screenshot - {}
RESULT: {}
COMMAND: POST /session/b4f8750b6ab9764d379b715c7854fdbf/execute/sync - {"script":"<script> [8489 bytes]","args":[{"element-6066-11e4-a52e-4f735466cecf":"f.8850BFF0213FDAA0CDBB6DAFAFD06CF5.d.B2AD74ECCF77F59DCAA0349BFE2BD0A9.e.144","ELEMENT":"f.8850BFF0213FDAA0CDBB6DAFAFD06CF5.d.B2AD74ECCF77F59DCAA0349BFE2BD0A9.e.144"}]}
COMMAND: GET /session/b4f8750b6ab9764d379b715c7854fdbf/screenshot - {}
RESULT: {}
RESULT: {"script":"<script> [8489 bytes]","args":[{"element-6066-11e4-a52e-4f735466cecf":"f.8850BFF0213FDAA0CDBB6DAFAFD06CF5.d.B2AD74ECCF77F59DCAA0349BFE2BD0A9.e.144","ELEMENT":"f.8850BFF0213FDAA0CDBB6DAFAFD06CF5.d.B2AD74ECCF77F59DCAA0349BFE2BD0A9.e.144"}]}
COMMAND: POST /session/b4f8750b6ab9764d379b715c7854fdbf/execute/sync - {"script":"<script> [5351 bytes]","args":[{"element-6066-11e4-a52e-4f735466cecf":"f.8850BFF0213FDAA0CDBB6DAFAFD06CF5.d.B2AD74ECCF77F59DCAA0349BFE2BD0A9.e.144","ELEMENT":"f.8850BFF0213FDAA0CDBB6DAFAFD06CF5.d.B2AD74ECCF77F59DCAA0349BFE2BD0A9.e.144"}]}
COMMAND: GET /session/b4f8750b6ab9764d379b715c7854fdbf/screenshot - {}
RESULT: {}
RESULT: {"script":"<script> [5351 bytes]","args":[{"element-6066-11e4-a52e-4f735466cecf":"f.8850BFF0213FDAA0CDBB6DAFAFD06CF5.d.B2AD74ECCF77F59DCAA0349BFE2BD0A9.e.144","ELEMENT":"f.8850BFF0213FDAA0CDBB6DAFAFD06CF5.d.B2AD74ECCF77F59DCAA0349BFE2BD0A9.e.144"}]}
COMMAND: GET /session/b4f8750b6ab9764d379b715c7854fdbf/screenshot - {}
RESULT: {}
RESULT: {}
COMMAND: POST /session/b4f8750b6ab9764d379b715c7854fdbf/element - {"using":"xpath","value":"//bdi[contains(text(), \"Create new Draft\")]"}
RESULT: {"using":"xpath","value":"//bdi[contains(text(), \"Create new Draft\")]"}
COMMAND: POST /session/b4f8750b6ab9764d379b715c7854fdbf/element/f.8850BFF0213FDAA0CDBB6DAFAFD06CF5.d.B2AD74ECCF77F59DCAA0349BFE2BD0A9.e.144/click - {}
RESULT: {}
COMMAND: GET /session/b4f8750b6ab9764d379b715c7854fdbf/screenshot - {}
RESULT: {}
COMMAND: POST /session/b4f8750b6ab9764d379b715c7854fdbf/element - {"using":"xpath","value":"//li[.//div[text()=\"Address\"]]"}
RESULT: {"using":"xpath","value":"//li[.//div[text()=\"Address\"]]"}
COMMAND: POST /session/b4f8750b6ab9764d379b715c7854fdbf/element/f.8850BFF0213FDAA0CDBB6DAFAFD06CF5.d.B2AD74ECCF77F59DCAA0349BFE2BD0A9.e.288/click - {}
RESULT: {}
COMMAND: GET /session/b4f8750b6ab9764d379b715c7854fdbf/screenshot - {}
COMMAND: POST /session/b4f8750b6ab9764d379b715c7854fdbf/file - {"file":"[base64] 7080 bytes"}
RESULT: {}
RESULT: {"file":"[base64] 7080 bytes"}
COMMAND: POST /session/b4f8750b6ab9764d379b715c7854fdbf/element - {"using":"xpath","value":"//input[(@type=\"file\") and contains(@id,\"BOList-10-0-1-uploader-fu\")]"}
RESULT: {"using":"xpath","value":"//input[(@type=\"file\") and contains(@id,\"BOList-10-0-1-uploader-fu\")]"}
COMMAND: POST /session/b4f8750b6ab9764d379b715c7854fdbf/element/f.8850BFF0213FDAA0CDBB6DAFAFD06CF5.d.B2AD74ECCF77F59DCAA0349BFE2BD0A9.e.290/clear - {}
RESULT: {}
COMMAND: POST /session/b4f8750b6ab9764d379b715c7854fdbf/element/f.8850BFF0213FDAA0CDBB6DAFAFD06CF5.d.B2AD74ECCF77F59DCAA0349BFE2BD0A9.e.290/value - {"text":"C:\\Windows\\SystemTemp\\scoped_dir3988_786139853\\upload3988_458415139\\Address.xlsx"}
COMMAND: GET /session/b4f8750b6ab9764d379b715c7854fdbf/screenshot - {}
RESULT: {"text":"C:\\Windows\\SystemTemp\\scoped_dir3988_786139853\\upload3988_458415139\\Address.xlsx"}
COMMAND: GET /session/b4f8750b6ab9764d379b715c7854fdbf/screenshot - {}
RESULT: {}
RESULT: {}
COMMAND: POST /session/b4f8750b6ab9764d379b715c7854fdbf/element - {"using":"xpath","value":"//bdi[contains(text(), \"Match by name\")]"}
RESULT: {"using":"xpath","value":"//bdi[contains(text(), \"Match by name\")]"}
COMMAND: POST /session/b4f8750b6ab9764d379b715c7854fdbf/element/f.8850BFF0213FDAA0CDBB6DAFAFD06CF5.d.B2AD74ECCF77F59DCAA0349BFE2BD0A9.e.304/click - {}
RESULT: {}
COMMAND: GET /session/b4f8750b6ab9764d379b715c7854fdbf/screenshot - {}
RESULT: {}
COMMAND: POST /session/b4f8750b6ab9764d379b715c7854fdbf/element - {"using":"xpath","value":"//bdi[text() = \"OK\"]"}
RESULT: {"using":"xpath","value":"//bdi[text() = \"OK\"]"}
COMMAND: POST /session/b4f8750b6ab9764d379b715c7854fdbf/element/f.8850BFF0213FDAA0CDBB6DAFAFD06CF5.d.B2AD74ECCF77F59DCAA0349BFE2BD0A9.e.305/click - {}
RESULT: {}
COMMAND: GET /session/b4f8750b6ab9764d379b715c7854fdbf/screenshot - {}
RESULT: {}
COMMAND: POST /session/b4f8750b6ab9764d379b715c7854fdbf/element - {"using":"xpath","value":"//button[contains(@id,\"uploadBtn\")]"}
RESULT: {"using":"xpath","value":"//button[contains(@id,\"uploadBtn\")]"}
COMMAND: POST /session/b4f8750b6ab9764d379b715c7854fdbf/element/f.8850BFF0213FDAA0CDBB6DAFAFD06CF5.d.B2AD74ECCF77F59DCAA0349BFE2BD0A9.e.186/click - {}
RESULT: {}
COMMAND: GET /session/b4f8750b6ab9764d379b715c7854fdbf/screenshot - {}
RESULT: {}
COMMAND: POST /session/b4f8750b6ab9764d379b715c7854fdbf/element - {"using":"xpath","value":"//button[.//bdi[contains(text(),\"Refresh Logs\")]]"}
RESULT: {"using":"xpath","value":"//button[.//bdi[contains(text(),\"Refresh Logs\")]]"}
COMMAND: POST /session/b4f8750b6ab9764d379b715c7854fdbf/element/f.8850BFF0213FDAA0CDBB6DAFAFD06CF5.d.B2AD74ECCF77F59DCAA0349BFE2BD0A9.e.316/click - {}
RESULT: {}
COMMAND: GET /session/b4f8750b6ab9764d379b715c7854fdbf/screenshot - {}
RESULT: {}
COMMAND: POST /session/b4f8750b6ab9764d379b715c7854fdbf/element - {"using":"xpath","value":"//table[contains(@id,\"customHandoversTable-listUl\")]/tbody/tr[1]/td[4]/span"}
RESULT: {"using":"xpath","value":"//table[contains(@id,\"customHandoversTable-listUl\")]/tbody/tr[1]/td[4]/span"}
COMMAND: POST /session/b4f8750b6ab9764d379b715c7854fdbf/execute/sync - {"script":"<script> [56 bytes]","args":[{"element-6066-11e4-a52e-4f735466cecf":"f.8850BFF0213FDAA0CDBB6DAFAFD06CF5.d.B2AD74ECCF77F59DCAA0349BFE2BD0A9.e.599","ELEMENT":"f.8850BFF0213FDAA0CDBB6DAFAFD06CF5.d.B2AD74ECCF77F59DCAA0349BFE2BD0A9.e.599"}]}
RESULT: {"script":"<script> [56 bytes]","args":[{"element-6066-11e4-a52e-4f735466cecf":"f.8850BFF0213FDAA0CDBB6DAFAFD06CF5.d.B2AD74ECCF77F59DCAA0349BFE2BD0A9.e.599","ELEMENT":"f.8850BFF0213FDAA0CDBB6DAFAFD06CF5.d.B2AD74ECCF77F59DCAA0349BFE2BD0A9.e.599"}]}
COMMAND: POST /session/b4f8750b6ab9764d379b715c7854fdbf/element - {"using":"xpath","value":"//table[contains(@id,\"customHandoversTable-listUl\")]/tbody/tr[1]/td[7]/div/span[2]"}
COMMAND: GET /session/b4f8750b6ab9764d379b715c7854fdbf/screenshot - {}
RESULT: {"using":"xpath","value":"//table[contains(@id,\"customHandoversTable-listUl\")]/tbody/tr[1]/td[7]/div/span[2]"}
COMMAND: POST /session/b4f8750b6ab9764d379b715c7854fdbf/execute/sync - {"script":"<script> [56 bytes]","args":[{"element-6066-11e4-a52e-4f735466cecf":"f.8850BFF0213FDAA0CDBB6DAFAFD06CF5.d.B2AD74ECCF77F59DCAA0349BFE2BD0A9.e.600","ELEMENT":"f.8850BFF0213FDAA0CDBB6DAFAFD06CF5.d.B2AD74ECCF77F59DCAA0349BFE2BD0A9.e.600"}]}
RESULT: {}
RESULT: {"script":"<script> [56 bytes]","args":[{"element-6066-11e4-a52e-4f735466cecf":"f.8850BFF0213FDAA0CDBB6DAFAFD06CF5.d.B2AD74ECCF77F59DCAA0349BFE2BD0A9.e.600","ELEMENT":"f.8850BFF0213FDAA0CDBB6DAFAFD06CF5.d.B2AD74ECCF77F59DCAA0349BFE2BD0A9.e.600"}]}
COMMAND: POST /session/b4f8750b6ab9764d379b715c7854fdbf/element - {"using":"xpath","value":"//table[contains(@id,\"customHandoversTable-listUl\")]/tbody/tr[1]/td[8]/div/span[2]"}
COMMAND: GET /session/b4f8750b6ab9764d379b715c7854fdbf/screenshot - {}
RESULT: {"using":"xpath","value":"//table[contains(@id,\"customHandoversTable-listUl\")]/tbody/tr[1]/td[8]/div/span[2]"}
COMMAND: POST /session/b4f8750b6ab9764d379b715c7854fdbf/execute/sync - {"script":"<script> [56 bytes]","args":[{"element-6066-11e4-a52e-4f735466cecf":"f.8850BFF0213FDAA0CDBB6DAFAFD06CF5.d.B2AD74ECCF77F59DCAA0349BFE2BD0A9.e.603","ELEMENT":"f.8850BFF0213FDAA0CDBB6DAFAFD06CF5.d.B2AD74ECCF77F59DCAA0349BFE2BD0A9.e.603"}]}
RESULT: {}
RESULT: {"script":"<script> [56 bytes]","args":[{"element-6066-11e4-a52e-4f735466cecf":"f.8850BFF0213FDAA0CDBB6DAFAFD06CF5.d.B2AD74ECCF77F59DCAA0349BFE2BD0A9.e.603","ELEMENT":"f.8850BFF0213FDAA0CDBB6DAFAFD06CF5.d.B2AD74ECCF77F59DCAA0349BFE2BD0A9.e.603"}]}
COMMAND: GET /session/b4f8750b6ab9764d379b715c7854fdbf/screenshot - {}
RESULT: {}
COMMAND: POST /session/b4f8750b6ab9764d379b715c7854fdbf/execute/async - {"script":"<script> [1562 bytes]","args":[{"selector":{"controlType":"sap.ui.core.Icon","viewName":"bbs.dxcw.migration.view.migration.MigrationMaster","properties":{"src":{"regex":{"source":"notes"}}}},"wdio_ui5_key":"bbsdxcw.migration.view.migration.MigrationMastersap.ui.core.Icon{\"src\":{\"regex\":{\"source\":\"notes\"}}}"}]}
RESULT: {"script":"<script> [1562 bytes]","args":[{"selector":{"controlType":"sap.ui.core.Icon","viewName":"bbs.dxcw.migration.view.migration.MigrationMaster","properties":{"src":{"regex":{"source":"notes"}}}},"wdio_ui5_key":"bbsdxcw.migration.view.migration.MigrationMastersap.ui.core.Icon{\"src\":{\"regex\":{\"source\":\"notes\"}}}"}]}
RESULT: undefined
COMMAND: POST /session/b4f8750b6ab9764d379b715c7854fdbf/element - {"using":"xpath","value":"//*[@id=\"__filter0-icon\"]"}
RESULT: {"using":"xpath","value":"//*[@id=\"__filter0-icon\"]"}
COMMAND: POST /session/b4f8750b6ab9764d379b715c7854fdbf/element/f.8850BFF0213FDAA0CDBB6DAFAFD06CF5.d.B2AD74ECCF77F59DCAA0349BFE2BD0A9.e.604/click - {}
RESULT: {}
COMMAND: GET /session/b4f8750b6ab9764d379b715c7854fdbf/screenshot - {}
RESULT: {}
]]></system-out>
    </testcase>
    <testcase classname="chrome.137_0_7151_69.windows.Tests_for_DXCW_CAE_environment,_including_specific_login_to_the_system_US" name="Should upload yard file entry used for later tests as master data US156291" time="47.853">
      <system-out><![CDATA[
COMMAND: POST /session/b4f8750b6ab9764d379b715c7854fdbf/element - {"using":"xpath","value":"//bdi[contains(text(), \"Create new Draft\")]"}
RESULT: {"using":"xpath","value":"//bdi[contains(text(), \"Create new Draft\")]"}
COMMAND: POST /session/b4f8750b6ab9764d379b715c7854fdbf/element/f.8850BFF0213FDAA0CDBB6DAFAFD06CF5.d.B2AD74ECCF77F59DCAA0349BFE2BD0A9.e.608/click - {}
RESULT: {}
COMMAND: GET /session/b4f8750b6ab9764d379b715c7854fdbf/screenshot - {}
RESULT: {}
COMMAND: POST /session/b4f8750b6ab9764d379b715c7854fdbf/element - {"using":"xpath","value":"//li[.//div[text()=\"Yards\"]]"}
RESULT: {"using":"xpath","value":"//li[.//div[text()=\"Yards\"]]"}
COMMAND: POST /session/b4f8750b6ab9764d379b715c7854fdbf/element/f.8850BFF0213FDAA0CDBB6DAFAFD06CF5.d.B2AD74ECCF77F59DCAA0349BFE2BD0A9.e.728/click - {}
RESULT: {}
COMMAND: GET /session/b4f8750b6ab9764d379b715c7854fdbf/screenshot - {}
COMMAND: POST /session/b4f8750b6ab9764d379b715c7854fdbf/file - {"file":"[base64] 6816 bytes"}
RESULT: {}
RESULT: {"file":"[base64] 6816 bytes"}
COMMAND: POST /session/b4f8750b6ab9764d379b715c7854fdbf/element - {"using":"xpath","value":"//input[(@type=\"file\") and contains(@id,\"BOList-15-0-1-uploader-fu\")]"}
RESULT: {"using":"xpath","value":"//input[(@type=\"file\") and contains(@id,\"BOList-15-0-1-uploader-fu\")]"}
COMMAND: POST /session/b4f8750b6ab9764d379b715c7854fdbf/element/f.8850BFF0213FDAA0CDBB6DAFAFD06CF5.d.B2AD74ECCF77F59DCAA0349BFE2BD0A9.e.733/clear - {}
RESULT: {}
COMMAND: POST /session/b4f8750b6ab9764d379b715c7854fdbf/element/f.8850BFF0213FDAA0CDBB6DAFAFD06CF5.d.B2AD74ECCF77F59DCAA0349BFE2BD0A9.e.733/value - {"text":"C:\\Windows\\SystemTemp\\scoped_dir3988_786139853\\upload3988_531491396\\Yards.xlsx"}
COMMAND: GET /session/b4f8750b6ab9764d379b715c7854fdbf/screenshot - {}
RESULT: {"text":"C:\\Windows\\SystemTemp\\scoped_dir3988_786139853\\upload3988_531491396\\Yards.xlsx"}
COMMAND: GET /session/b4f8750b6ab9764d379b715c7854fdbf/screenshot - {}
RESULT: {}
RESULT: {}
COMMAND: POST /session/b4f8750b6ab9764d379b715c7854fdbf/element - {"using":"xpath","value":"//bdi[contains(text(), \"Match by name\")]"}
RESULT: {"using":"xpath","value":"//bdi[contains(text(), \"Match by name\")]"}
COMMAND: POST /session/b4f8750b6ab9764d379b715c7854fdbf/element/f.8850BFF0213FDAA0CDBB6DAFAFD06CF5.d.B2AD74ECCF77F59DCAA0349BFE2BD0A9.e.741/click - {}
RESULT: {}
COMMAND: GET /session/b4f8750b6ab9764d379b715c7854fdbf/screenshot - {}
RESULT: {}
COMMAND: POST /session/b4f8750b6ab9764d379b715c7854fdbf/element - {"using":"xpath","value":"//bdi[text() = \"OK\"]"}
RESULT: {"using":"xpath","value":"//bdi[text() = \"OK\"]"}
COMMAND: POST /session/b4f8750b6ab9764d379b715c7854fdbf/element/f.8850BFF0213FDAA0CDBB6DAFAFD06CF5.d.B2AD74ECCF77F59DCAA0349BFE2BD0A9.e.742/click - {}
RESULT: {}
COMMAND: GET /session/b4f8750b6ab9764d379b715c7854fdbf/screenshot - {}
RESULT: {}
COMMAND: POST /session/b4f8750b6ab9764d379b715c7854fdbf/element - {"using":"xpath","value":"//button[contains(@id,\"uploadBtn\")]"}
RESULT: {"using":"xpath","value":"//button[contains(@id,\"uploadBtn\")]"}
COMMAND: POST /session/b4f8750b6ab9764d379b715c7854fdbf/element/f.8850BFF0213FDAA0CDBB6DAFAFD06CF5.d.B2AD74ECCF77F59DCAA0349BFE2BD0A9.e.186/click - {}
RESULT: {}
COMMAND: GET /session/b4f8750b6ab9764d379b715c7854fdbf/screenshot - {}
RESULT: {}
COMMAND: POST /session/b4f8750b6ab9764d379b715c7854fdbf/element - {"using":"xpath","value":"//button[.//bdi[contains(text(),\"Refresh Logs\")]]"}
RESULT: {"using":"xpath","value":"//button[.//bdi[contains(text(),\"Refresh Logs\")]]"}
COMMAND: POST /session/b4f8750b6ab9764d379b715c7854fdbf/element/f.8850BFF0213FDAA0CDBB6DAFAFD06CF5.d.B2AD74ECCF77F59DCAA0349BFE2BD0A9.e.749/click - {}
RESULT: {}
COMMAND: GET /session/b4f8750b6ab9764d379b715c7854fdbf/screenshot - {}
RESULT: {}
COMMAND: POST /session/b4f8750b6ab9764d379b715c7854fdbf/element - {"using":"xpath","value":"//table[contains(@id,\"customHandoversTable-listUl\")]/tbody/tr[1]/td[4]/span"}
RESULT: {"using":"xpath","value":"//table[contains(@id,\"customHandoversTable-listUl\")]/tbody/tr[1]/td[4]/span"}
COMMAND: POST /session/b4f8750b6ab9764d379b715c7854fdbf/execute/sync - {"script":"<script> [56 bytes]","args":[{"element-6066-11e4-a52e-4f735466cecf":"f.8850BFF0213FDAA0CDBB6DAFAFD06CF5.d.B2AD74ECCF77F59DCAA0349BFE2BD0A9.e.1036","ELEMENT":"f.8850BFF0213FDAA0CDBB6DAFAFD06CF5.d.B2AD74ECCF77F59DCAA0349BFE2BD0A9.e.1036"}]}
RESULT: {"script":"<script> [56 bytes]","args":[{"element-6066-11e4-a52e-4f735466cecf":"f.8850BFF0213FDAA0CDBB6DAFAFD06CF5.d.B2AD74ECCF77F59DCAA0349BFE2BD0A9.e.1036","ELEMENT":"f.8850BFF0213FDAA0CDBB6DAFAFD06CF5.d.B2AD74ECCF77F59DCAA0349BFE2BD0A9.e.1036"}]}
COMMAND: POST /session/b4f8750b6ab9764d379b715c7854fdbf/element - {"using":"xpath","value":"//table[contains(@id,\"customHandoversTable-listUl\")]/tbody/tr[1]/td[7]/div/span[2]"}
COMMAND: GET /session/b4f8750b6ab9764d379b715c7854fdbf/screenshot - {}
RESULT: {"using":"xpath","value":"//table[contains(@id,\"customHandoversTable-listUl\")]/tbody/tr[1]/td[7]/div/span[2]"}
COMMAND: POST /session/b4f8750b6ab9764d379b715c7854fdbf/execute/sync - {"script":"<script> [56 bytes]","args":[{"element-6066-11e4-a52e-4f735466cecf":"f.8850BFF0213FDAA0CDBB6DAFAFD06CF5.d.B2AD74ECCF77F59DCAA0349BFE2BD0A9.e.1037","ELEMENT":"f.8850BFF0213FDAA0CDBB6DAFAFD06CF5.d.B2AD74ECCF77F59DCAA0349BFE2BD0A9.e.1037"}]}
RESULT: {}
RESULT: {"script":"<script> [56 bytes]","args":[{"element-6066-11e4-a52e-4f735466cecf":"f.8850BFF0213FDAA0CDBB6DAFAFD06CF5.d.B2AD74ECCF77F59DCAA0349BFE2BD0A9.e.1037","ELEMENT":"f.8850BFF0213FDAA0CDBB6DAFAFD06CF5.d.B2AD74ECCF77F59DCAA0349BFE2BD0A9.e.1037"}]}
COMMAND: POST /session/b4f8750b6ab9764d379b715c7854fdbf/element - {"using":"xpath","value":"//table[contains(@id,\"customHandoversTable-listUl\")]/tbody/tr[1]/td[8]/div/span[2]"}
COMMAND: GET /session/b4f8750b6ab9764d379b715c7854fdbf/screenshot - {}
RESULT: {"using":"xpath","value":"//table[contains(@id,\"customHandoversTable-listUl\")]/tbody/tr[1]/td[8]/div/span[2]"}
COMMAND: POST /session/b4f8750b6ab9764d379b715c7854fdbf/execute/sync - {"script":"<script> [56 bytes]","args":[{"element-6066-11e4-a52e-4f735466cecf":"f.8850BFF0213FDAA0CDBB6DAFAFD06CF5.d.B2AD74ECCF77F59DCAA0349BFE2BD0A9.e.1040","ELEMENT":"f.8850BFF0213FDAA0CDBB6DAFAFD06CF5.d.B2AD74ECCF77F59DCAA0349BFE2BD0A9.e.1040"}]}
RESULT: {}
RESULT: {"script":"<script> [56 bytes]","args":[{"element-6066-11e4-a52e-4f735466cecf":"f.8850BFF0213FDAA0CDBB6DAFAFD06CF5.d.B2AD74ECCF77F59DCAA0349BFE2BD0A9.e.1040","ELEMENT":"f.8850BFF0213FDAA0CDBB6DAFAFD06CF5.d.B2AD74ECCF77F59DCAA0349BFE2BD0A9.e.1040"}]}
COMMAND: GET /session/b4f8750b6ab9764d379b715c7854fdbf/screenshot - {}
RESULT: {}
RESULT: undefined
COMMAND: POST /session/b4f8750b6ab9764d379b715c7854fdbf/element - {"using":"xpath","value":"//*[@id=\"__filter0-icon\"]"}
RESULT: {"using":"xpath","value":"//*[@id=\"__filter0-icon\"]"}
COMMAND: POST /session/b4f8750b6ab9764d379b715c7854fdbf/element/f.8850BFF0213FDAA0CDBB6DAFAFD06CF5.d.B2AD74ECCF77F59DCAA0349BFE2BD0A9.e.604/click - {}
RESULT: {}
COMMAND: GET /session/b4f8750b6ab9764d379b715c7854fdbf/screenshot - {}
RESULT: {}
]]></system-out>
    </testcase>
    <testcase classname="chrome.137_0_7151_69.windows.Tests_for_DXCW_CAE_environment,_including_specific_login_to_the_system_US" name="Should upload compound partner files entry used for later tests as master data US156291" time="63.459">
      <system-out><![CDATA[
COMMAND: POST /session/b4f8750b6ab9764d379b715c7854fdbf/element - {"using":"xpath","value":"//bdi[contains(text(), \"Create new Draft\")]"}
RESULT: {"using":"xpath","value":"//bdi[contains(text(), \"Create new Draft\")]"}
COMMAND: POST /session/b4f8750b6ab9764d379b715c7854fdbf/element/f.8850BFF0213FDAA0CDBB6DAFAFD06CF5.d.B2AD74ECCF77F59DCAA0349BFE2BD0A9.e.1044/click - {}
RESULT: {}
COMMAND: GET /session/b4f8750b6ab9764d379b715c7854fdbf/screenshot - {}
RESULT: {}
COMMAND: POST /session/b4f8750b6ab9764d379b715c7854fdbf/element - {"using":"xpath","value":"//li[.//div[text()=\"Partners\"]]"}
RESULT: {"using":"xpath","value":"//li[.//div[text()=\"Partners\"]]"}
COMMAND: POST /session/b4f8750b6ab9764d379b715c7854fdbf/element/f.8850BFF0213FDAA0CDBB6DAFAFD06CF5.d.B2AD74ECCF77F59DCAA0349BFE2BD0A9.e.1158/click - {}
RESULT: {}
COMMAND: GET /session/b4f8750b6ab9764d379b715c7854fdbf/screenshot - {}
COMMAND: POST /session/b4f8750b6ab9764d379b715c7854fdbf/file - {"file":"[base64] 6748 bytes"}
RESULT: {}
RESULT: {"file":"[base64] 6748 bytes"}
COMMAND: POST /session/b4f8750b6ab9764d379b715c7854fdbf/element - {"using":"xpath","value":"//input[(@type=\"file\") and contains(@id,\"BOList-4-0-1-uploader-fu\")]"}
RESULT: {"using":"xpath","value":"//input[(@type=\"file\") and contains(@id,\"BOList-4-0-1-uploader-fu\")]"}
COMMAND: POST /session/b4f8750b6ab9764d379b715c7854fdbf/element/f.8850BFF0213FDAA0CDBB6DAFAFD06CF5.d.B2AD74ECCF77F59DCAA0349BFE2BD0A9.e.1167/clear - {}
RESULT: {}
COMMAND: POST /session/b4f8750b6ab9764d379b715c7854fdbf/element/f.8850BFF0213FDAA0CDBB6DAFAFD06CF5.d.B2AD74ECCF77F59DCAA0349BFE2BD0A9.e.1167/value - {"text":"C:\\Windows\\SystemTemp\\scoped_dir3988_786139853\\upload3988_1729086358\\Partners.xlsx"}
COMMAND: GET /session/b4f8750b6ab9764d379b715c7854fdbf/screenshot - {}
RESULT: {"text":"C:\\Windows\\SystemTemp\\scoped_dir3988_786139853\\upload3988_1729086358\\Partners.xlsx"}
COMMAND: GET /session/b4f8750b6ab9764d379b715c7854fdbf/screenshot - {}
RESULT: {}
RESULT: {}
COMMAND: POST /session/b4f8750b6ab9764d379b715c7854fdbf/element - {"using":"xpath","value":"//bdi[contains(text(), \"Match by name\")]"}
RESULT: {"using":"xpath","value":"//bdi[contains(text(), \"Match by name\")]"}
COMMAND: POST /session/b4f8750b6ab9764d379b715c7854fdbf/element/f.8850BFF0213FDAA0CDBB6DAFAFD06CF5.d.B2AD74ECCF77F59DCAA0349BFE2BD0A9.e.1178/click - {}
RESULT: {}
COMMAND: GET /session/b4f8750b6ab9764d379b715c7854fdbf/screenshot - {}
RESULT: {}
COMMAND: POST /session/b4f8750b6ab9764d379b715c7854fdbf/element - {"using":"xpath","value":"//bdi[text() = \"OK\"]"}
RESULT: {"using":"xpath","value":"//bdi[text() = \"OK\"]"}
COMMAND: POST /session/b4f8750b6ab9764d379b715c7854fdbf/element/f.8850BFF0213FDAA0CDBB6DAFAFD06CF5.d.B2AD74ECCF77F59DCAA0349BFE2BD0A9.e.1179/click - {}
RESULT: {}
COMMAND: GET /session/b4f8750b6ab9764d379b715c7854fdbf/screenshot - {}
RESULT: {}
COMMAND: POST /session/b4f8750b6ab9764d379b715c7854fdbf/file - {"file":"[base64] 6424 bytes"}
RESULT: {"file":"[base64] 6424 bytes"}
COMMAND: POST /session/b4f8750b6ab9764d379b715c7854fdbf/element - {"using":"xpath","value":"//input[(@type=\"file\") and contains(@id,\"BOList-4-1-1-uploader-fu\")]"}
RESULT: {"using":"xpath","value":"//input[(@type=\"file\") and contains(@id,\"BOList-4-1-1-uploader-fu\")]"}
COMMAND: POST /session/b4f8750b6ab9764d379b715c7854fdbf/element/f.8850BFF0213FDAA0CDBB6DAFAFD06CF5.d.B2AD74ECCF77F59DCAA0349BFE2BD0A9.e.1182/clear - {}
RESULT: {}
COMMAND: POST /session/b4f8750b6ab9764d379b715c7854fdbf/element/f.8850BFF0213FDAA0CDBB6DAFAFD06CF5.d.B2AD74ECCF77F59DCAA0349BFE2BD0A9.e.1182/value - {"text":"C:\\Windows\\SystemTemp\\scoped_dir3988_786139853\\upload3988_1786941162\\YardsPartners.xlsx"}
COMMAND: GET /session/b4f8750b6ab9764d379b715c7854fdbf/screenshot - {}
RESULT: {"text":"C:\\Windows\\SystemTemp\\scoped_dir3988_786139853\\upload3988_1786941162\\YardsPartners.xlsx"}
COMMAND: GET /session/b4f8750b6ab9764d379b715c7854fdbf/screenshot - {}
RESULT: {}
RESULT: {}
COMMAND: POST /session/b4f8750b6ab9764d379b715c7854fdbf/element - {"using":"xpath","value":"//bdi[contains(text(), \"Match by name\")]"}
RESULT: {"using":"xpath","value":"//bdi[contains(text(), \"Match by name\")]"}
COMMAND: POST /session/b4f8750b6ab9764d379b715c7854fdbf/element/f.8850BFF0213FDAA0CDBB6DAFAFD06CF5.d.B2AD74ECCF77F59DCAA0349BFE2BD0A9.e.1190/click - {}
RESULT: {}
COMMAND: GET /session/b4f8750b6ab9764d379b715c7854fdbf/screenshot - {}
RESULT: {}
COMMAND: POST /session/b4f8750b6ab9764d379b715c7854fdbf/element - {"using":"xpath","value":"//bdi[text() = \"OK\"]"}
RESULT: {"using":"xpath","value":"//bdi[text() = \"OK\"]"}
COMMAND: POST /session/b4f8750b6ab9764d379b715c7854fdbf/element/f.8850BFF0213FDAA0CDBB6DAFAFD06CF5.d.B2AD74ECCF77F59DCAA0349BFE2BD0A9.e.1191/click - {}
RESULT: {}
COMMAND: GET /session/b4f8750b6ab9764d379b715c7854fdbf/screenshot - {}
RESULT: {}
COMMAND: POST /session/b4f8750b6ab9764d379b715c7854fdbf/execute/async - {"script":"<script> [1562 bytes]","args":[{"selector":{"controlType":"sap.m.Switch","viewName":"bbs.dxcw.migration.view.migration.MigrationNewDraft","bindingPath":{"path":"","propertyPath":"/isComposition","modelName":"ContentModel"},"interaction":{"idSuffix":"textoff"}},"wdio_ui5_key":"bbsdxcw.migration.view.migration.MigrationNewDraftsap.m.Switch{\"path\":\"\",\"propertyPath\":\"/isComposition\",\"modelName\":\"ContentModel\"}"}]}
RESULT: {"script":"<script> [1562 bytes]","args":[{"selector":{"controlType":"sap.m.Switch","viewName":"bbs.dxcw.migration.view.migration.MigrationNewDraft","bindingPath":{"path":"","propertyPath":"/isComposition","modelName":"ContentModel"},"interaction":{"idSuffix":"textoff"}},"wdio_ui5_key":"bbsdxcw.migration.view.migration.MigrationNewDraftsap.m.Switch{\"path\":\"\",\"propertyPath\":\"/isComposition\",\"modelName\":\"ContentModel\"}"}]}
RESULT: undefined
COMMAND: POST /session/b4f8750b6ab9764d379b715c7854fdbf/element - {"using":"xpath","value":"//*[@id=\"__switch0\"]"}
RESULT: {"using":"xpath","value":"//*[@id=\"__switch0\"]"}
COMMAND: POST /session/b4f8750b6ab9764d379b715c7854fdbf/element/f.8850BFF0213FDAA0CDBB6DAFAFD06CF5.d.B2AD74ECCF77F59DCAA0349BFE2BD0A9.e.178/click - {}
RESULT: {}
COMMAND: POST /session/b4f8750b6ab9764d379b715c7854fdbf/element - {"using":"xpath","value":"//button[contains(@id,\"uploadBtn\")]"}
COMMAND: GET /session/b4f8750b6ab9764d379b715c7854fdbf/screenshot - {}
RESULT: {"using":"xpath","value":"//button[contains(@id,\"uploadBtn\")]"}
COMMAND: POST /session/b4f8750b6ab9764d379b715c7854fdbf/element/f.8850BFF0213FDAA0CDBB6DAFAFD06CF5.d.B2AD74ECCF77F59DCAA0349BFE2BD0A9.e.186/click - {}
RESULT: {}
RESULT: {}
COMMAND: GET /session/b4f8750b6ab9764d379b715c7854fdbf/screenshot - {}
RESULT: {}
COMMAND: POST /session/b4f8750b6ab9764d379b715c7854fdbf/element - {"using":"xpath","value":"//button[.//bdi[contains(text(),\"Refresh Logs\")]]"}
RESULT: {"using":"xpath","value":"//button[.//bdi[contains(text(),\"Refresh Logs\")]]"}
COMMAND: POST /session/b4f8750b6ab9764d379b715c7854fdbf/element/f.8850BFF0213FDAA0CDBB6DAFAFD06CF5.d.B2AD74ECCF77F59DCAA0349BFE2BD0A9.e.1201/click - {}
RESULT: {}
COMMAND: GET /session/b4f8750b6ab9764d379b715c7854fdbf/screenshot - {}
RESULT: {}
COMMAND: POST /session/b4f8750b6ab9764d379b715c7854fdbf/element - {"using":"xpath","value":"//table[contains(@id,\"customHandoversTable-listUl\")]/tbody/tr[1]/td[4]/span"}
RESULT: {"using":"xpath","value":"//table[contains(@id,\"customHandoversTable-listUl\")]/tbody/tr[1]/td[4]/span"}
COMMAND: POST /session/b4f8750b6ab9764d379b715c7854fdbf/execute/sync - {"script":"<script> [56 bytes]","args":[{"element-6066-11e4-a52e-4f735466cecf":"f.8850BFF0213FDAA0CDBB6DAFAFD06CF5.d.B2AD74ECCF77F59DCAA0349BFE2BD0A9.e.1493","ELEMENT":"f.8850BFF0213FDAA0CDBB6DAFAFD06CF5.d.B2AD74ECCF77F59DCAA0349BFE2BD0A9.e.1493"}]}
RESULT: {"script":"<script> [56 bytes]","args":[{"element-6066-11e4-a52e-4f735466cecf":"f.8850BFF0213FDAA0CDBB6DAFAFD06CF5.d.B2AD74ECCF77F59DCAA0349BFE2BD0A9.e.1493","ELEMENT":"f.8850BFF0213FDAA0CDBB6DAFAFD06CF5.d.B2AD74ECCF77F59DCAA0349BFE2BD0A9.e.1493"}]}
COMMAND: POST /session/b4f8750b6ab9764d379b715c7854fdbf/element - {"using":"xpath","value":"//table[contains(@id,\"customHandoversTable-listUl\")]/tbody/tr[1]/td[7]/div/span[2]"}
COMMAND: GET /session/b4f8750b6ab9764d379b715c7854fdbf/screenshot - {}
RESULT: {"using":"xpath","value":"//table[contains(@id,\"customHandoversTable-listUl\")]/tbody/tr[1]/td[7]/div/span[2]"}
COMMAND: POST /session/b4f8750b6ab9764d379b715c7854fdbf/execute/sync - {"script":"<script> [56 bytes]","args":[{"element-6066-11e4-a52e-4f735466cecf":"f.8850BFF0213FDAA0CDBB6DAFAFD06CF5.d.B2AD74ECCF77F59DCAA0349BFE2BD0A9.e.1494","ELEMENT":"f.8850BFF0213FDAA0CDBB6DAFAFD06CF5.d.B2AD74ECCF77F59DCAA0349BFE2BD0A9.e.1494"}]}
RESULT: {}
RESULT: {"script":"<script> [56 bytes]","args":[{"element-6066-11e4-a52e-4f735466cecf":"f.8850BFF0213FDAA0CDBB6DAFAFD06CF5.d.B2AD74ECCF77F59DCAA0349BFE2BD0A9.e.1494","ELEMENT":"f.8850BFF0213FDAA0CDBB6DAFAFD06CF5.d.B2AD74ECCF77F59DCAA0349BFE2BD0A9.e.1494"}]}
COMMAND: POST /session/b4f8750b6ab9764d379b715c7854fdbf/element - {"using":"xpath","value":"//table[contains(@id,\"customHandoversTable-listUl\")]/tbody/tr[1]/td[8]/div/span[2]"}
COMMAND: GET /session/b4f8750b6ab9764d379b715c7854fdbf/screenshot - {}
RESULT: {"using":"xpath","value":"//table[contains(@id,\"customHandoversTable-listUl\")]/tbody/tr[1]/td[8]/div/span[2]"}
COMMAND: POST /session/b4f8750b6ab9764d379b715c7854fdbf/execute/sync - {"script":"<script> [56 bytes]","args":[{"element-6066-11e4-a52e-4f735466cecf":"f.8850BFF0213FDAA0CDBB6DAFAFD06CF5.d.B2AD74ECCF77F59DCAA0349BFE2BD0A9.e.1497","ELEMENT":"f.8850BFF0213FDAA0CDBB6DAFAFD06CF5.d.B2AD74ECCF77F59DCAA0349BFE2BD0A9.e.1497"}]}
RESULT: {}
RESULT: {"script":"<script> [56 bytes]","args":[{"element-6066-11e4-a52e-4f735466cecf":"f.8850BFF0213FDAA0CDBB6DAFAFD06CF5.d.B2AD74ECCF77F59DCAA0349BFE2BD0A9.e.1497","ELEMENT":"f.8850BFF0213FDAA0CDBB6DAFAFD06CF5.d.B2AD74ECCF77F59DCAA0349BFE2BD0A9.e.1497"}]}
COMMAND: GET /session/b4f8750b6ab9764d379b715c7854fdbf/screenshot - {}
RESULT: {}
RESULT: undefined
COMMAND: POST /session/b4f8750b6ab9764d379b715c7854fdbf/element - {"using":"xpath","value":"//*[@id=\"__filter0-icon\"]"}
RESULT: {"using":"xpath","value":"//*[@id=\"__filter0-icon\"]"}
COMMAND: POST /session/b4f8750b6ab9764d379b715c7854fdbf/element/f.8850BFF0213FDAA0CDBB6DAFAFD06CF5.d.B2AD74ECCF77F59DCAA0349BFE2BD0A9.e.604/click - {}
RESULT: {}
COMMAND: GET /session/b4f8750b6ab9764d379b715c7854fdbf/screenshot - {}
RESULT: {}
]]></system-out>
    </testcase>
    <testcase classname="chrome.137_0_7151_69.windows.Tests_for_DXCW_CAE_environment,_including_specific_login_to_the_system_US" name="Should upload site file entry used for later tests as master data US156291" time="53.941">
      <system-out><![CDATA[
COMMAND: POST /session/b4f8750b6ab9764d379b715c7854fdbf/element - {"using":"xpath","value":"//bdi[contains(text(), \"Create new Draft\")]"}
RESULT: {"using":"xpath","value":"//bdi[contains(text(), \"Create new Draft\")]"}
COMMAND: POST /session/b4f8750b6ab9764d379b715c7854fdbf/element/f.8850BFF0213FDAA0CDBB6DAFAFD06CF5.d.B2AD74ECCF77F59DCAA0349BFE2BD0A9.e.1501/click - {}
RESULT: {}
COMMAND: GET /session/b4f8750b6ab9764d379b715c7854fdbf/screenshot - {}
RESULT: {}
COMMAND: POST /session/b4f8750b6ab9764d379b715c7854fdbf/element - {"using":"xpath","value":"//li[.//div[text()=\"Sites\"]]"}
RESULT: {"using":"xpath","value":"//li[.//div[text()=\"Sites\"]]"}
COMMAND: POST /session/b4f8750b6ab9764d379b715c7854fdbf/element/f.8850BFF0213FDAA0CDBB6DAFAFD06CF5.d.B2AD74ECCF77F59DCAA0349BFE2BD0A9.e.1163/click - {}
RESULT: {}
COMMAND: GET /session/b4f8750b6ab9764d379b715c7854fdbf/screenshot - {}
COMMAND: POST /session/b4f8750b6ab9764d379b715c7854fdbf/file - {"file":"[base64] 6440 bytes"}
RESULT: {}
RESULT: {"file":"[base64] 6440 bytes"}
COMMAND: POST /session/b4f8750b6ab9764d379b715c7854fdbf/element - {"using":"xpath","value":"//input[(@type=\"file\") and contains(@id,\"BOList-9-0-1-uploader-fu\")]"}
RESULT: {"using":"xpath","value":"//input[(@type=\"file\") and contains(@id,\"BOList-9-0-1-uploader-fu\")]"}
COMMAND: POST /session/b4f8750b6ab9764d379b715c7854fdbf/element/f.8850BFF0213FDAA0CDBB6DAFAFD06CF5.d.B2AD74ECCF77F59DCAA0349BFE2BD0A9.e.1618/clear - {}
RESULT: {}
COMMAND: POST /session/b4f8750b6ab9764d379b715c7854fdbf/element/f.8850BFF0213FDAA0CDBB6DAFAFD06CF5.d.B2AD74ECCF77F59DCAA0349BFE2BD0A9.e.1618/value - {"text":"C:\\Windows\\SystemTemp\\scoped_dir3988_786139853\\upload3988_994017800\\Sites.xlsx"}
COMMAND: GET /session/b4f8750b6ab9764d379b715c7854fdbf/screenshot - {}
RESULT: {"text":"C:\\Windows\\SystemTemp\\scoped_dir3988_786139853\\upload3988_994017800\\Sites.xlsx"}
COMMAND: GET /session/b4f8750b6ab9764d379b715c7854fdbf/screenshot - {}
RESULT: {}
RESULT: {}
COMMAND: POST /session/b4f8750b6ab9764d379b715c7854fdbf/element - {"using":"xpath","value":"//bdi[contains(text(), \"Match by name\")]"}
RESULT: {"using":"xpath","value":"//bdi[contains(text(), \"Match by name\")]"}
COMMAND: POST /session/b4f8750b6ab9764d379b715c7854fdbf/element/f.8850BFF0213FDAA0CDBB6DAFAFD06CF5.d.B2AD74ECCF77F59DCAA0349BFE2BD0A9.e.1626/click - {}
RESULT: {}
COMMAND: GET /session/b4f8750b6ab9764d379b715c7854fdbf/screenshot - {}
RESULT: {}
COMMAND: POST /session/b4f8750b6ab9764d379b715c7854fdbf/element - {"using":"xpath","value":"//bdi[text() = \"OK\"]"}
RESULT: {"using":"xpath","value":"//bdi[text() = \"OK\"]"}
COMMAND: POST /session/b4f8750b6ab9764d379b715c7854fdbf/element/f.8850BFF0213FDAA0CDBB6DAFAFD06CF5.d.B2AD74ECCF77F59DCAA0349BFE2BD0A9.e.1627/click - {}
RESULT: {}
COMMAND: GET /session/b4f8750b6ab9764d379b715c7854fdbf/screenshot - {}
RESULT: {}
COMMAND: POST /session/b4f8750b6ab9764d379b715c7854fdbf/element - {"using":"xpath","value":"//button[contains(@id,\"uploadBtn\")]"}
RESULT: {"using":"xpath","value":"//button[contains(@id,\"uploadBtn\")]"}
COMMAND: POST /session/b4f8750b6ab9764d379b715c7854fdbf/element/f.8850BFF0213FDAA0CDBB6DAFAFD06CF5.d.B2AD74ECCF77F59DCAA0349BFE2BD0A9.e.186/click - {}
RESULT: {}
COMMAND: GET /session/b4f8750b6ab9764d379b715c7854fdbf/screenshot - {}
RESULT: {}
COMMAND: POST /session/b4f8750b6ab9764d379b715c7854fdbf/element - {"using":"xpath","value":"//button[.//bdi[contains(text(),\"Refresh Logs\")]]"}
RESULT: {"using":"xpath","value":"//button[.//bdi[contains(text(),\"Refresh Logs\")]]"}
COMMAND: POST /session/b4f8750b6ab9764d379b715c7854fdbf/element/f.8850BFF0213FDAA0CDBB6DAFAFD06CF5.d.B2AD74ECCF77F59DCAA0349BFE2BD0A9.e.1634/click - {}
RESULT: {}
COMMAND: GET /session/b4f8750b6ab9764d379b715c7854fdbf/screenshot - {}
RESULT: {}
COMMAND: POST /session/b4f8750b6ab9764d379b715c7854fdbf/element - {"using":"xpath","value":"//table[contains(@id,\"customHandoversTable-listUl\")]/tbody/tr[1]/td[4]/span"}
RESULT: {"using":"xpath","value":"//table[contains(@id,\"customHandoversTable-listUl\")]/tbody/tr[1]/td[4]/span"}
COMMAND: POST /session/b4f8750b6ab9764d379b715c7854fdbf/execute/sync - {"script":"<script> [56 bytes]","args":[{"element-6066-11e4-a52e-4f735466cecf":"f.8850BFF0213FDAA0CDBB6DAFAFD06CF5.d.B2AD74ECCF77F59DCAA0349BFE2BD0A9.e.1921","ELEMENT":"f.8850BFF0213FDAA0CDBB6DAFAFD06CF5.d.B2AD74ECCF77F59DCAA0349BFE2BD0A9.e.1921"}]}
RESULT: {"script":"<script> [56 bytes]","args":[{"element-6066-11e4-a52e-4f735466cecf":"f.8850BFF0213FDAA0CDBB6DAFAFD06CF5.d.B2AD74ECCF77F59DCAA0349BFE2BD0A9.e.1921","ELEMENT":"f.8850BFF0213FDAA0CDBB6DAFAFD06CF5.d.B2AD74ECCF77F59DCAA0349BFE2BD0A9.e.1921"}]}
COMMAND: POST /session/b4f8750b6ab9764d379b715c7854fdbf/element - {"using":"xpath","value":"//table[contains(@id,\"customHandoversTable-listUl\")]/tbody/tr[1]/td[7]/div/span[2]"}
COMMAND: GET /session/b4f8750b6ab9764d379b715c7854fdbf/screenshot - {}
RESULT: {"using":"xpath","value":"//table[contains(@id,\"customHandoversTable-listUl\")]/tbody/tr[1]/td[7]/div/span[2]"}
COMMAND: POST /session/b4f8750b6ab9764d379b715c7854fdbf/execute/sync - {"script":"<script> [56 bytes]","args":[{"element-6066-11e4-a52e-4f735466cecf":"f.8850BFF0213FDAA0CDBB6DAFAFD06CF5.d.B2AD74ECCF77F59DCAA0349BFE2BD0A9.e.1922","ELEMENT":"f.8850BFF0213FDAA0CDBB6DAFAFD06CF5.d.B2AD74ECCF77F59DCAA0349BFE2BD0A9.e.1922"}]}
RESULT: {}
RESULT: {"script":"<script> [56 bytes]","args":[{"element-6066-11e4-a52e-4f735466cecf":"f.8850BFF0213FDAA0CDBB6DAFAFD06CF5.d.B2AD74ECCF77F59DCAA0349BFE2BD0A9.e.1922","ELEMENT":"f.8850BFF0213FDAA0CDBB6DAFAFD06CF5.d.B2AD74ECCF77F59DCAA0349BFE2BD0A9.e.1922"}]}
COMMAND: POST /session/b4f8750b6ab9764d379b715c7854fdbf/element - {"using":"xpath","value":"//table[contains(@id,\"customHandoversTable-listUl\")]/tbody/tr[1]/td[8]/div/span[2]"}
COMMAND: GET /session/b4f8750b6ab9764d379b715c7854fdbf/screenshot - {}
RESULT: {"using":"xpath","value":"//table[contains(@id,\"customHandoversTable-listUl\")]/tbody/tr[1]/td[8]/div/span[2]"}
COMMAND: POST /session/b4f8750b6ab9764d379b715c7854fdbf/execute/sync - {"script":"<script> [56 bytes]","args":[{"element-6066-11e4-a52e-4f735466cecf":"f.8850BFF0213FDAA0CDBB6DAFAFD06CF5.d.B2AD74ECCF77F59DCAA0349BFE2BD0A9.e.1925","ELEMENT":"f.8850BFF0213FDAA0CDBB6DAFAFD06CF5.d.B2AD74ECCF77F59DCAA0349BFE2BD0A9.e.1925"}]}
RESULT: {}
RESULT: {"script":"<script> [56 bytes]","args":[{"element-6066-11e4-a52e-4f735466cecf":"f.8850BFF0213FDAA0CDBB6DAFAFD06CF5.d.B2AD74ECCF77F59DCAA0349BFE2BD0A9.e.1925","ELEMENT":"f.8850BFF0213FDAA0CDBB6DAFAFD06CF5.d.B2AD74ECCF77F59DCAA0349BFE2BD0A9.e.1925"}]}
COMMAND: GET /session/b4f8750b6ab9764d379b715c7854fdbf/screenshot - {}
RESULT: {}
RESULT: undefined
COMMAND: POST /session/b4f8750b6ab9764d379b715c7854fdbf/element - {"using":"xpath","value":"//*[@id=\"__filter0-icon\"]"}
RESULT: {"using":"xpath","value":"//*[@id=\"__filter0-icon\"]"}
COMMAND: POST /session/b4f8750b6ab9764d379b715c7854fdbf/element/f.8850BFF0213FDAA0CDBB6DAFAFD06CF5.d.B2AD74ECCF77F59DCAA0349BFE2BD0A9.e.604/click - {}
RESULT: {}
COMMAND: GET /session/b4f8750b6ab9764d379b715c7854fdbf/screenshot - {}
RESULT: {}
COMMAND: POST /session/b4f8750b6ab9764d379b715c7854fdbf/element - {"using":"css selector","value":"#shell-header-logo"}
RESULT: {"using":"css selector","value":"#shell-header-logo"}
COMMAND: POST /session/b4f8750b6ab9764d379b715c7854fdbf/element/f.8850BFF0213FDAA0CDBB6DAFAFD06CF5.d.B2AD74ECCF77F59DCAA0349BFE2BD0A9.e.122/click - {}
RESULT: {}
COMMAND: GET /session/b4f8750b6ab9764d379b715c7854fdbf/screenshot - {}
RESULT: {}
COMMAND: POST /session/b4f8750b6ab9764d379b715c7854fdbf/element - {"using":"css selector","value":"#j_username"}
COMMAND: POST /session/b4f8750b6ab9764d379b715c7854fdbf/url - {"url":"https://qa-testing-00-live-etm-ui.cfapps.eu10-004.hana.ondemand.com/"}
RESULT: {"using":"css selector","value":"#j_username"}
COMMAND: POST /session/b4f8750b6ab9764d379b715c7854fdbf/element - {"using":"css selector","value":"#j_username"}
RESULT: {"url":"https://qa-testing-00-live-etm-ui.cfapps.eu10-004.hana.ondemand.com/"}
RESULT: undefined
COMMAND: GET /session/b4f8750b6ab9764d379b715c7854fdbf/screenshot - {}
RESULT: {"using":"css selector","value":"#j_username"}
COMMAND: POST /session/b4f8750b6ab9764d379b715c7854fdbf/element - {"using":"css selector","value":"#shell-header-logo"}
RESULT: {}
RESULT: {"using":"css selector","value":"#shell-header-logo"}
COMMAND: POST /session/b4f8750b6ab9764d379b715c7854fdbf/execute/sync - {"script":"<script> [8489 bytes]","args":[{"element-6066-11e4-a52e-4f735466cecf":"f.8850BFF0213FDAA0CDBB6DAFAFD06CF5.d.45CAFBADD2CA05D4D8C2401CBA047682.e.1937","ELEMENT":"f.8850BFF0213FDAA0CDBB6DAFAFD06CF5.d.45CAFBADD2CA05D4D8C2401CBA047682.e.1937"}]}
RESULT: {"script":"<script> [8489 bytes]","args":[{"element-6066-11e4-a52e-4f735466cecf":"f.8850BFF0213FDAA0CDBB6DAFAFD06CF5.d.45CAFBADD2CA05D4D8C2401CBA047682.e.1937","ELEMENT":"f.8850BFF0213FDAA0CDBB6DAFAFD06CF5.d.45CAFBADD2CA05D4D8C2401CBA047682.e.1937"}]}
COMMAND: POST /session/b4f8750b6ab9764d379b715c7854fdbf/element - {"using":"css selector","value":"#shell-header-logo"}
COMMAND: GET /session/b4f8750b6ab9764d379b715c7854fdbf/screenshot - {}
RESULT: {}
RESULT: {"using":"css selector","value":"#shell-header-logo"}
COMMAND: POST /session/b4f8750b6ab9764d379b715c7854fdbf/execute/sync - {"script":"<script> [8489 bytes]","args":[{"element-6066-11e4-a52e-4f735466cecf":"f.8850BFF0213FDAA0CDBB6DAFAFD06CF5.d.45CAFBADD2CA05D4D8C2401CBA047682.e.1937","ELEMENT":"f.8850BFF0213FDAA0CDBB6DAFAFD06CF5.d.45CAFBADD2CA05D4D8C2401CBA047682.e.1937"}]}
RESULT: {"script":"<script> [8489 bytes]","args":[{"element-6066-11e4-a52e-4f735466cecf":"f.8850BFF0213FDAA0CDBB6DAFAFD06CF5.d.45CAFBADD2CA05D4D8C2401CBA047682.e.1937","ELEMENT":"f.8850BFF0213FDAA0CDBB6DAFAFD06CF5.d.45CAFBADD2CA05D4D8C2401CBA047682.e.1937"}]}
COMMAND: POST /session/b4f8750b6ab9764d379b715c7854fdbf/execute/sync - {"script":"<script> [5351 bytes]","args":[{"element-6066-11e4-a52e-4f735466cecf":"f.8850BFF0213FDAA0CDBB6DAFAFD06CF5.d.45CAFBADD2CA05D4D8C2401CBA047682.e.1937","ELEMENT":"f.8850BFF0213FDAA0CDBB6DAFAFD06CF5.d.45CAFBADD2CA05D4D8C2401CBA047682.e.1937"}]}
COMMAND: GET /session/b4f8750b6ab9764d379b715c7854fdbf/screenshot - {}
RESULT: {"script":"<script> [5351 bytes]","args":[{"element-6066-11e4-a52e-4f735466cecf":"f.8850BFF0213FDAA0CDBB6DAFAFD06CF5.d.45CAFBADD2CA05D4D8C2401CBA047682.e.1937","ELEMENT":"f.8850BFF0213FDAA0CDBB6DAFAFD06CF5.d.45CAFBADD2CA05D4D8C2401CBA047682.e.1937"}]}
COMMAND: POST /session/b4f8750b6ab9764d379b715c7854fdbf/element - {"using":"css selector","value":"#shell-header-logo"}
COMMAND: GET /session/b4f8750b6ab9764d379b715c7854fdbf/screenshot - {}
RESULT: {}
RESULT: {"using":"css selector","value":"#shell-header-logo"}
COMMAND: POST /session/b4f8750b6ab9764d379b715c7854fdbf/element/f.8850BFF0213FDAA0CDBB6DAFAFD06CF5.d.45CAFBADD2CA05D4D8C2401CBA047682.e.1937/click - {}
RESULT: {}
RESULT: {}
COMMAND: GET /session/b4f8750b6ab9764d379b715c7854fdbf/screenshot - {}
RESULT: {}
COMMAND: POST /session/b4f8750b6ab9764d379b715c7854fdbf/execute/async - {"script":"<script> [189 bytes]","args":[]}
RESULT: {"script":"<script> [189 bytes]","args":[]}
COMMAND: POST /session/b4f8750b6ab9764d379b715c7854fdbf/execute/async - {"script":"<script> [123 bytes]","args":[]}
RESULT: {"script":"<script> [123 bytes]","args":[]}
COMMAND: POST /session/b4f8750b6ab9764d379b715c7854fdbf/timeouts - {"script":"<number>"}
RESULT: {"script":"<number>"}
COMMAND: GET /session/b4f8750b6ab9764d379b715c7854fdbf/timeouts - {}
RESULT: {}
RESULT: undefined
COMMAND: POST /session/b4f8750b6ab9764d379b715c7854fdbf/execute/async - {"script":"<script> [2676 bytes]","args":[]}
RESULT: {"script":"<script> [2676 bytes]","args":[]}
COMMAND: POST /session/b4f8750b6ab9764d379b715c7854fdbf/execute/async - {"script":"<script> [2342 bytes]","args":[{"protocol":"http","hostname":"0.0.0.0","path":"/","capabilities":{"browserName":"chrome","goog:chromeOptions":{"binary":"C:\\Program Files\\Google\\Chrome\\Application\\chrome.exe","args":["--start-maximized"]}},"logLevel":"warn","connectionRetryTimeout":120000,"connectionRetryCount":3,"logLevels":{},"enableDirectConnect":true,"strictSSL":true,"_":"65 more keys: [\"cacheDir\",\"port\",\"requestedCapabilities\",\"automationProtocol\",\"baseUrl\",\"waitforInterval\",\"waitforTimeout\",\"onReload\",\"beforeCommand\",\"afterCommand\",\"rootDir\",\"specs\",\"suites\",\"exclude\",\"groupLogsByTestSpec\",\"excludeDriverLogs\",\"bail\",\"framework\",\"reporters\",\"services\",\"maxInstances\",\"maxInstancesPerCapability\",\"injectGlobals\",\"filesToWatch\",\"execArgv\",\"runnerEnv\",\"runner\",\"shard\",\"specFileRetries\",\"specFileRetriesDelay\",\"specFileRetriesDeferred\",\"reporterSyncInterval\",\"reporterSyncTimeout\",\"cucumberFeaturesWithLineNumbers\",\"autoCompileOpts\",\"mochaOpts\",\"jasmineOpts\",\"cucumberOpts\",\"onPrepare\",\"onWorkerStart\",\"onWorkerEnd\",\"before\",\"beforeSession\",\"beforeSuite\",\"beforeHook\",\"beforeTest\",\"afterTest\",\"afterHook\",\"afterSuite\",\"afterSession\",\"after\",\"onComplete\",\"beforeAssertion\",\"afterAssertion\",\"beforeFeature\",\"beforeScenario\",\"beforeStep\",\"afterStep\",\"afterScenario\",\"afterFeature\",\"_\",\"suite\",\"$0\",\"ignoredWorkerServices\",\"wdi5\"]"}]}
RESULT: {"script":"<script> [2342 bytes]","args":[{"protocol":"http","hostname":"0.0.0.0","path":"/","capabilities":{"browserName":"chrome","goog:chromeOptions":{"binary":"C:\\Program Files\\Google\\Chrome\\Application\\chrome.exe","args":["--start-maximized"]}},"logLevel":"warn","connectionRetryTimeout":120000,"connectionRetryCount":3,"logLevels":{},"enableDirectConnect":true,"strictSSL":true,"_":"65 more keys: [\"cacheDir\",\"port\",\"requestedCapabilities\",\"automationProtocol\",\"baseUrl\",\"waitforInterval\",\"waitforTimeout\",\"onReload\",\"beforeCommand\",\"afterCommand\",\"rootDir\",\"specs\",\"suites\",\"exclude\",\"groupLogsByTestSpec\",\"excludeDriverLogs\",\"bail\",\"framework\",\"reporters\",\"services\",\"maxInstances\",\"maxInstancesPerCapability\",\"injectGlobals\",\"filesToWatch\",\"execArgv\",\"runnerEnv\",\"runner\",\"shard\",\"specFileRetries\",\"specFileRetriesDelay\",\"specFileRetriesDeferred\",\"reporterSyncInterval\",\"reporterSyncTimeout\",\"cucumberFeaturesWithLineNumbers\",\"autoCompileOpts\",\"mochaOpts\",\"jasmineOpts\",\"cucumberOpts\",\"onPrepare\",\"onWorkerStart\",\"onWorkerEnd\",\"before\",\"beforeSession\",\"beforeSuite\",\"beforeHook\",\"beforeTest\",\"afterTest\",\"afterHook\",\"afterSuite\",\"afterSession\",\"after\",\"onComplete\",\"beforeAssertion\",\"afterAssertion\",\"beforeFeature\",\"beforeScenario\",\"beforeStep\",\"afterStep\",\"afterScenario\",\"afterFeature\",\"_\",\"suite\",\"$0\",\"ignoredWorkerServices\",\"wdi5\"]"}]}
COMMAND: POST /session/b4f8750b6ab9764d379b715c7854fdbf/execute/async - {"script":"<script> [21126 bytes]","args":[35000]}
RESULT: {"script":"<script> [21126 bytes]","args":[35000]}
COMMAND: POST /session/b4f8750b6ab9764d379b715c7854fdbf/window/maximize - {}
RESULT: {}
COMMAND: POST /session/b4f8750b6ab9764d379b715c7854fdbf/execute/async - {"script":"<script> [1562 bytes]","args":[{"selector":{"id":"shell-header","interaction":{"idSuffix":"icon"}},"wdio_ui5_key":"shellheader"}]}
COMMAND: GET /session/b4f8750b6ab9764d379b715c7854fdbf/screenshot - {}
RESULT: {"script":"<script> [1562 bytes]","args":[{"selector":{"id":"shell-header","interaction":{"idSuffix":"icon"}},"wdio_ui5_key":"shellheader"}]}
RESULT: undefined
COMMAND: POST /session/b4f8750b6ab9764d379b715c7854fdbf/refresh - {}
RESULT: {}
RESULT: {}
COMMAND: GET /session/b4f8750b6ab9764d379b715c7854fdbf/screenshot - {}
RESULT: {}
COMMAND: POST /session/b4f8750b6ab9764d379b715c7854fdbf/refresh - {}
RESULT: {}
COMMAND: GET /session/b4f8750b6ab9764d379b715c7854fdbf/screenshot - {}
RESULT: {}
COMMAND: POST /session/b4f8750b6ab9764d379b715c7854fdbf/window/fullscreen - {}
RESULT: {}
COMMAND: POST /session/b4f8750b6ab9764d379b715c7854fdbf/execute/async - {"script":"<script> [189 bytes]","args":[]}
RESULT: {"script":"<script> [189 bytes]","args":[]}
COMMAND: POST /session/b4f8750b6ab9764d379b715c7854fdbf/execute/async - {"script":"<script> [123 bytes]","args":[]}
RESULT: {"script":"<script> [123 bytes]","args":[]}
COMMAND: POST /session/b4f8750b6ab9764d379b715c7854fdbf/timeouts - {"script":"<number>"}
RESULT: {"script":"<number>"}
COMMAND: GET /session/b4f8750b6ab9764d379b715c7854fdbf/timeouts - {}
RESULT: {}
RESULT: undefined
COMMAND: POST /session/b4f8750b6ab9764d379b715c7854fdbf/execute/async - {"script":"<script> [2676 bytes]","args":[]}
RESULT: {"script":"<script> [2676 bytes]","args":[]}
COMMAND: POST /session/b4f8750b6ab9764d379b715c7854fdbf/execute/async - {"script":"<script> [2342 bytes]","args":[{"protocol":"http","hostname":"0.0.0.0","path":"/","capabilities":{"browserName":"chrome","goog:chromeOptions":{"binary":"C:\\Program Files\\Google\\Chrome\\Application\\chrome.exe","args":["--start-maximized"]}},"logLevel":"warn","connectionRetryTimeout":120000,"connectionRetryCount":3,"logLevels":{},"enableDirectConnect":true,"strictSSL":true,"_":"65 more keys: [\"cacheDir\",\"port\",\"requestedCapabilities\",\"automationProtocol\",\"baseUrl\",\"waitforInterval\",\"waitforTimeout\",\"onReload\",\"beforeCommand\",\"afterCommand\",\"rootDir\",\"specs\",\"suites\",\"exclude\",\"groupLogsByTestSpec\",\"excludeDriverLogs\",\"bail\",\"framework\",\"reporters\",\"services\",\"maxInstances\",\"maxInstancesPerCapability\",\"injectGlobals\",\"filesToWatch\",\"execArgv\",\"runnerEnv\",\"runner\",\"shard\",\"specFileRetries\",\"specFileRetriesDelay\",\"specFileRetriesDeferred\",\"reporterSyncInterval\",\"reporterSyncTimeout\",\"cucumberFeaturesWithLineNumbers\",\"autoCompileOpts\",\"mochaOpts\",\"jasmineOpts\",\"cucumberOpts\",\"onPrepare\",\"onWorkerStart\",\"onWorkerEnd\",\"before\",\"beforeSession\",\"beforeSuite\",\"beforeHook\",\"beforeTest\",\"afterTest\",\"afterHook\",\"afterSuite\",\"afterSession\",\"after\",\"onComplete\",\"beforeAssertion\",\"afterAssertion\",\"beforeFeature\",\"beforeScenario\",\"beforeStep\",\"afterStep\",\"afterScenario\",\"afterFeature\",\"_\",\"suite\",\"$0\",\"ignoredWorkerServices\",\"wdi5\"]"}]}
RESULT: {"script":"<script> [2342 bytes]","args":[{"protocol":"http","hostname":"0.0.0.0","path":"/","capabilities":{"browserName":"chrome","goog:chromeOptions":{"binary":"C:\\Program Files\\Google\\Chrome\\Application\\chrome.exe","args":["--start-maximized"]}},"logLevel":"warn","connectionRetryTimeout":120000,"connectionRetryCount":3,"logLevels":{},"enableDirectConnect":true,"strictSSL":true,"_":"65 more keys: [\"cacheDir\",\"port\",\"requestedCapabilities\",\"automationProtocol\",\"baseUrl\",\"waitforInterval\",\"waitforTimeout\",\"onReload\",\"beforeCommand\",\"afterCommand\",\"rootDir\",\"specs\",\"suites\",\"exclude\",\"groupLogsByTestSpec\",\"excludeDriverLogs\",\"bail\",\"framework\",\"reporters\",\"services\",\"maxInstances\",\"maxInstancesPerCapability\",\"injectGlobals\",\"filesToWatch\",\"execArgv\",\"runnerEnv\",\"runner\",\"shard\",\"specFileRetries\",\"specFileRetriesDelay\",\"specFileRetriesDeferred\",\"reporterSyncInterval\",\"reporterSyncTimeout\",\"cucumberFeaturesWithLineNumbers\",\"autoCompileOpts\",\"mochaOpts\",\"jasmineOpts\",\"cucumberOpts\",\"onPrepare\",\"onWorkerStart\",\"onWorkerEnd\",\"before\",\"beforeSession\",\"beforeSuite\",\"beforeHook\",\"beforeTest\",\"afterTest\",\"afterHook\",\"afterSuite\",\"afterSession\",\"after\",\"onComplete\",\"beforeAssertion\",\"afterAssertion\",\"beforeFeature\",\"beforeScenario\",\"beforeStep\",\"afterStep\",\"afterScenario\",\"afterFeature\",\"_\",\"suite\",\"$0\",\"ignoredWorkerServices\",\"wdi5\"]"}]}
COMMAND: POST /session/b4f8750b6ab9764d379b715c7854fdbf/execute/async - {"script":"<script> [21126 bytes]","args":[35000]}
RESULT: {"script":"<script> [21126 bytes]","args":[35000]}
]]></system-out>
    </testcase>
  </testsuite>
  <testsuite timestamp="2025-06-13T17:21:44" time="1180.898" tests="12" failures="0" errors="0" skipped="0">
    <properties>
      <property name="specId" value="0"/>
      <property name="suiteName" value="Billing Transfer - Master data &amp; Intercompany US127250"/>
      <property name="capabilities" value="chrome.137_0_7151_69.windows"/>
      <property name="file" value="file:///D:/a/1/s/test/specs/BTS/billing-transfer-intercompany.spec.js"/>
    </properties>
    <testcase classname="chrome.137_0_7151_69.windows.Billing_Transfer_-_Master_data_&amp;_Intercompany_US127250" name="Should create a new yard" time="134.387">
      <system-out><![CDATA[
COMMAND: POST /session/b4f8750b6ab9764d379b715c7854fdbf/window/fullscreen - {}
RESULT: {}
COMMAND: POST /session/b4f8750b6ab9764d379b715c7854fdbf/execute/async - {"script":"<script> [1562 bytes]","args":[{"selector":{"controlType":"sap.m.GenericTile","properties":{"header":"Manage Yards"}},"wdio_ui5_key":"sapm.GenericTile{\"header\":\"Manage Yards\"}"}]}
RESULT: {"script":"<script> [1562 bytes]","args":[{"selector":{"controlType":"sap.m.GenericTile","properties":{"header":"Manage Yards"}},"wdio_ui5_key":"sapm.GenericTile{\"header\":\"Manage Yards\"}"}]}
RESULT: undefined
COMMAND: POST /session/b4f8750b6ab9764d379b715c7854fdbf/element - {"using":"xpath","value":"//*[@id=\"__tile42\"]"}
RESULT: {"using":"xpath","value":"//*[@id=\"__tile42\"]"}
COMMAND: POST /session/b4f8750b6ab9764d379b715c7854fdbf/element/f.8850BFF0213FDAA0CDBB6DAFAFD06CF5.d.081AFF75B8ABBFC360F3F1990C7A45A7.e.2104/click - {}
RESULT: {}
COMMAND: GET /session/b4f8750b6ab9764d379b715c7854fdbf/screenshot - {}
RESULT: {}
COMMAND: POST /session/b4f8750b6ab9764d379b715c7854fdbf/elements - {"using":"xpath","value":"//span[text()='Error']"}
RESULT: {"using":"xpath","value":"//span[text()='Error']"}
COMMAND: POST /session/b4f8750b6ab9764d379b715c7854fdbf/element - {"using":"xpath","value":"//button[@data-kt=\"addNewYardOverflowToolbarButton\"]"}
RESULT: {"using":"xpath","value":"//button[@data-kt=\"addNewYardOverflowToolbarButton\"]"}
COMMAND: POST /session/b4f8750b6ab9764d379b715c7854fdbf/elements - {"using":"xpath","value":"//button[@data-kt=\"addNewYardOverflowToolbarButton\"]"}
RESULT: {"using":"xpath","value":"//button[@data-kt=\"addNewYardOverflowToolbarButton\"]"}
COMMAND: POST /session/b4f8750b6ab9764d379b715c7854fdbf/elements - {"using":"xpath","value":"//button[@data-kt=\"addNewYardOverflowToolbarButton\"]"}
RESULT: {"using":"xpath","value":"//button[@data-kt=\"addNewYardOverflowToolbarButton\"]"}
COMMAND: POST /session/b4f8750b6ab9764d379b715c7854fdbf/elements - {"using":"xpath","value":"//button[@data-kt=\"addNewYardOverflowToolbarButton\"]"}
RESULT: {"using":"xpath","value":"//button[@data-kt=\"addNewYardOverflowToolbarButton\"]"}
COMMAND: POST /session/b4f8750b6ab9764d379b715c7854fdbf/elements - {"using":"xpath","value":"//button[@data-kt=\"addNewYardOverflowToolbarButton\"]"}
RESULT: {"using":"xpath","value":"//button[@data-kt=\"addNewYardOverflowToolbarButton\"]"}
COMMAND: POST /session/b4f8750b6ab9764d379b715c7854fdbf/elements - {"using":"xpath","value":"//button[@data-kt=\"addNewYardOverflowToolbarButton\"]"}
RESULT: {"using":"xpath","value":"//button[@data-kt=\"addNewYardOverflowToolbarButton\"]"}
COMMAND: POST /session/b4f8750b6ab9764d379b715c7854fdbf/elements - {"using":"xpath","value":"//button[@data-kt=\"addNewYardOverflowToolbarButton\"]"}
RESULT: {"using":"xpath","value":"//button[@data-kt=\"addNewYardOverflowToolbarButton\"]"}
COMMAND: POST /session/b4f8750b6ab9764d379b715c7854fdbf/elements - {"using":"xpath","value":"//button[@data-kt=\"addNewYardOverflowToolbarButton\"]"}
RESULT: {"using":"xpath","value":"//button[@data-kt=\"addNewYardOverflowToolbarButton\"]"}
COMMAND: POST /session/b4f8750b6ab9764d379b715c7854fdbf/element - {"using":"xpath","value":"//button[@data-kt=\"addNewYardOverflowToolbarButton\"]"}
RESULT: {"using":"xpath","value":"//button[@data-kt=\"addNewYardOverflowToolbarButton\"]"}
COMMAND: POST /session/b4f8750b6ab9764d379b715c7854fdbf/execute/sync - {"script":"<script> [8489 bytes]","args":[{"element-6066-11e4-a52e-4f735466cecf":"f.8850BFF0213FDAA0CDBB6DAFAFD06CF5.d.081AFF75B8ABBFC360F3F1990C7A45A7.e.2244","ELEMENT":"f.8850BFF0213FDAA0CDBB6DAFAFD06CF5.d.081AFF75B8ABBFC360F3F1990C7A45A7.e.2244"}]}
RESULT: {"script":"<script> [8489 bytes]","args":[{"element-6066-11e4-a52e-4f735466cecf":"f.8850BFF0213FDAA0CDBB6DAFAFD06CF5.d.081AFF75B8ABBFC360F3F1990C7A45A7.e.2244","ELEMENT":"f.8850BFF0213FDAA0CDBB6DAFAFD06CF5.d.081AFF75B8ABBFC360F3F1990C7A45A7.e.2244"}]}
COMMAND: GET /session/b4f8750b6ab9764d379b715c7854fdbf/element/f.8850BFF0213FDAA0CDBB6DAFAFD06CF5.d.081AFF75B8ABBFC360F3F1990C7A45A7.e.2244/enabled - {}
COMMAND: GET /session/b4f8750b6ab9764d379b715c7854fdbf/screenshot - {}
RESULT: {}
COMMAND: POST /session/b4f8750b6ab9764d379b715c7854fdbf/execute/sync - {"script":"<script> [8489 bytes]","args":[{"element-6066-11e4-a52e-4f735466cecf":"f.8850BFF0213FDAA0CDBB6DAFAFD06CF5.d.081AFF75B8ABBFC360F3F1990C7A45A7.e.2244","ELEMENT":"f.8850BFF0213FDAA0CDBB6DAFAFD06CF5.d.081AFF75B8ABBFC360F3F1990C7A45A7.e.2244"}]}
COMMAND: GET /session/b4f8750b6ab9764d379b715c7854fdbf/screenshot - {}
RESULT: {}
RESULT: {"script":"<script> [8489 bytes]","args":[{"element-6066-11e4-a52e-4f735466cecf":"f.8850BFF0213FDAA0CDBB6DAFAFD06CF5.d.081AFF75B8ABBFC360F3F1990C7A45A7.e.2244","ELEMENT":"f.8850BFF0213FDAA0CDBB6DAFAFD06CF5.d.081AFF75B8ABBFC360F3F1990C7A45A7.e.2244"}]}
COMMAND: POST /session/b4f8750b6ab9764d379b715c7854fdbf/execute/sync - {"script":"<script> [5351 bytes]","args":[{"element-6066-11e4-a52e-4f735466cecf":"f.8850BFF0213FDAA0CDBB6DAFAFD06CF5.d.081AFF75B8ABBFC360F3F1990C7A45A7.e.2244","ELEMENT":"f.8850BFF0213FDAA0CDBB6DAFAFD06CF5.d.081AFF75B8ABBFC360F3F1990C7A45A7.e.2244"}]}
COMMAND: GET /session/b4f8750b6ab9764d379b715c7854fdbf/screenshot - {}
RESULT: {}
RESULT: {"script":"<script> [5351 bytes]","args":[{"element-6066-11e4-a52e-4f735466cecf":"f.8850BFF0213FDAA0CDBB6DAFAFD06CF5.d.081AFF75B8ABBFC360F3F1990C7A45A7.e.2244","ELEMENT":"f.8850BFF0213FDAA0CDBB6DAFAFD06CF5.d.081AFF75B8ABBFC360F3F1990C7A45A7.e.2244"}]}
COMMAND: POST /session/b4f8750b6ab9764d379b715c7854fdbf/element/f.8850BFF0213FDAA0CDBB6DAFAFD06CF5.d.081AFF75B8ABBFC360F3F1990C7A45A7.e.2244/click - {}
COMMAND: GET /session/b4f8750b6ab9764d379b715c7854fdbf/screenshot - {}
RESULT: {}
RESULT: {}
COMMAND: GET /session/b4f8750b6ab9764d379b715c7854fdbf/screenshot - {}
RESULT: {}
RESULT: {}
COMMAND: POST /session/b4f8750b6ab9764d379b715c7854fdbf/element - {"using":"xpath","value":"//input[@id=\"application-manageyards-display-component---NewYard--yardId-inner\"]"}
RESULT: {"using":"xpath","value":"//input[@id=\"application-manageyards-display-component---NewYard--yardId-inner\"]"}
COMMAND: POST /session/b4f8750b6ab9764d379b715c7854fdbf/element - {"using":"xpath","value":"//input[@id=\"application-manageyards-display-component---NewYard--yardId-inner\"]"}
RESULT: {"using":"xpath","value":"//input[@id=\"application-manageyards-display-component---NewYard--yardId-inner\"]"}
COMMAND: POST /session/b4f8750b6ab9764d379b715c7854fdbf/execute/async - {"script":"<script> [1562 bytes]","args":[{"selector":{"id":"application-manageyards-display-component---NewYard--addressDetailDetailsName1","interaction":{"idSuffix":"inner"}},"wdio_ui5_key":"applicationmanageyards-display-component---NewYard--addressDetailDetailsName1"}]}
RESULT: {"script":"<script> [1562 bytes]","args":[{"selector":{"id":"application-manageyards-display-component---NewYard--addressDetailDetailsName1","interaction":{"idSuffix":"inner"}},"wdio_ui5_key":"applicationmanageyards-display-component---NewYard--addressDetailDetailsName1"}]}
RESULT: undefined
COMMAND: POST /session/b4f8750b6ab9764d379b715c7854fdbf/execute/async - {"script":"<script> [776 bytes]","args":[{"enterText":"Intercompany Yard wdIO","selector":{"id":"application-manageyards-display-component---NewYard--addressDetailDetailsName1","interaction":{"idSuffix":"inner"}},"clearTextFirst":true,"interactionType":"ENTER_TEXT"}]}
RESULT: {"script":"<script> [776 bytes]","args":[{"enterText":"Intercompany Yard wdIO","selector":{"id":"application-manageyards-display-component---NewYard--addressDetailDetailsName1","interaction":{"idSuffix":"inner"}},"clearTextFirst":true,"interactionType":"ENTER_TEXT"}]}
COMMAND: POST /session/b4f8750b6ab9764d379b715c7854fdbf/execute/async - {"script":"<script> [1562 bytes]","args":[{"selector":{"id":"application-manageyards-display-component---NewYard--addressDetailDetailsLanguage-arrow"},"wdio_ui5_key":"applicationmanageyards-display-component---NewYard--addressDetailDetailsLanguage-arrow"}]}
RESULT: {"script":"<script> [1562 bytes]","args":[{"selector":{"id":"application-manageyards-display-component---NewYard--addressDetailDetailsLanguage-arrow"},"wdio_ui5_key":"applicationmanageyards-display-component---NewYard--addressDetailDetailsLanguage-arrow"}]}
RESULT: undefined
COMMAND: POST /session/b4f8750b6ab9764d379b715c7854fdbf/element - {"using":"xpath","value":"//*[@id=\"application-manageyards-display-component---NewYard--addressDetailDetailsLanguage-arrow\"]"}
RESULT: {"using":"xpath","value":"//*[@id=\"application-manageyards-display-component---NewYard--addressDetailDetailsLanguage-arrow\"]"}
COMMAND: POST /session/b4f8750b6ab9764d379b715c7854fdbf/element/f.8850BFF0213FDAA0CDBB6DAFAFD06CF5.d.081AFF75B8ABBFC360F3F1990C7A45A7.e.2684/click - {}
RESULT: {}
COMMAND: POST /session/b4f8750b6ab9764d379b715c7854fdbf/element - {"using":"xpath","value":"//span[contains(text(), \"English\")]"}
COMMAND: GET /session/b4f8750b6ab9764d379b715c7854fdbf/screenshot - {}
RESULT: {"using":"xpath","value":"//span[contains(text(), \"English\")]"}
COMMAND: POST /session/b4f8750b6ab9764d379b715c7854fdbf/element/f.8850BFF0213FDAA0CDBB6DAFAFD06CF5.d.081AFF75B8ABBFC360F3F1990C7A45A7.e.2685/click - {}
RESULT: {}
RESULT: {}
COMMAND: POST /session/b4f8750b6ab9764d379b715c7854fdbf/execute/async - {"script":"<script> [1562 bytes]","args":[{"selector":{"id":"application-manageyards-display-component---NewYard--addressDetailDetailsCity1","interaction":{"idSuffix":"inner"}},"wdio_ui5_key":"applicationmanageyards-display-component---NewYard--addressDetailDetailsCity1"}]}
COMMAND: GET /session/b4f8750b6ab9764d379b715c7854fdbf/screenshot - {}
RESULT: {"script":"<script> [1562 bytes]","args":[{"selector":{"id":"application-manageyards-display-component---NewYard--addressDetailDetailsCity1","interaction":{"idSuffix":"inner"}},"wdio_ui5_key":"applicationmanageyards-display-component---NewYard--addressDetailDetailsCity1"}]}
RESULT: undefined
COMMAND: POST /session/b4f8750b6ab9764d379b715c7854fdbf/execute/async - {"script":"<script> [776 bytes]","args":[{"enterText":"Rosario","selector":{"id":"application-manageyards-display-component---NewYard--addressDetailDetailsCity1","interaction":{"idSuffix":"inner"}},"clearTextFirst":true,"interactionType":"ENTER_TEXT"}]}
RESULT: {}
RESULT: {"script":"<script> [776 bytes]","args":[{"enterText":"Rosario","selector":{"id":"application-manageyards-display-component---NewYard--addressDetailDetailsCity1","interaction":{"idSuffix":"inner"}},"clearTextFirst":true,"interactionType":"ENTER_TEXT"}]}
COMMAND: POST /session/b4f8750b6ab9764d379b715c7854fdbf/execute/async - {"script":"<script> [1562 bytes]","args":[{"selector":{"id":"application-manageyards-display-component---NewYard--addressDetailDetailsCountry-arrow"},"wdio_ui5_key":"applicationmanageyards-display-component---NewYard--addressDetailDetailsCountry-arrow"}]}
RESULT: {"script":"<script> [1562 bytes]","args":[{"selector":{"id":"application-manageyards-display-component---NewYard--addressDetailDetailsCountry-arrow"},"wdio_ui5_key":"applicationmanageyards-display-component---NewYard--addressDetailDetailsCountry-arrow"}]}
RESULT: undefined
COMMAND: POST /session/b4f8750b6ab9764d379b715c7854fdbf/element - {"using":"xpath","value":"//*[@id=\"application-manageyards-display-component---NewYard--addressDetailDetailsCountry-arrow\"]"}
RESULT: {"using":"xpath","value":"//*[@id=\"application-manageyards-display-component---NewYard--addressDetailDetailsCountry-arrow\"]"}
COMMAND: POST /session/b4f8750b6ab9764d379b715c7854fdbf/element/f.8850BFF0213FDAA0CDBB6DAFAFD06CF5.d.081AFF75B8ABBFC360F3F1990C7A45A7.e.2687/click - {}
RESULT: {}
COMMAND: POST /session/b4f8750b6ab9764d379b715c7854fdbf/element - {"using":"xpath","value":"//span[contains(text(), \"Argentina\")]"}
COMMAND: GET /session/b4f8750b6ab9764d379b715c7854fdbf/screenshot - {}
RESULT: {"using":"xpath","value":"//span[contains(text(), \"Argentina\")]"}
COMMAND: POST /session/b4f8750b6ab9764d379b715c7854fdbf/element/f.8850BFF0213FDAA0CDBB6DAFAFD06CF5.d.081AFF75B8ABBFC360F3F1990C7A45A7.e.2689/click - {}
RESULT: {}
RESULT: {}
COMMAND: POST /session/b4f8750b6ab9764d379b715c7854fdbf/execute/async - {"script":"<script> [1562 bytes]","args":[{"selector":{"id":"application-manageyards-display-component---NewYard--addressEditDetailsCostObjectCstType-arrow"},"wdio_ui5_key":"applicationmanageyards-display-component---NewYard--addressEditDetailsCostObjectCstType-arrow"}]}
COMMAND: GET /session/b4f8750b6ab9764d379b715c7854fdbf/screenshot - {}
RESULT: {"script":"<script> [1562 bytes]","args":[{"selector":{"id":"application-manageyards-display-component---NewYard--addressEditDetailsCostObjectCstType-arrow"},"wdio_ui5_key":"applicationmanageyards-display-component---NewYard--addressEditDetailsCostObjectCstType-arrow"}]}
RESULT: undefined
COMMAND: POST /session/b4f8750b6ab9764d379b715c7854fdbf/element - {"using":"xpath","value":"//*[@id=\"application-manageyards-display-component---NewYard--addressEditDetailsCostObjectCstType-arrow\"]"}
RESULT: {}
RESULT: {"using":"xpath","value":"//*[@id=\"application-manageyards-display-component---NewYard--addressEditDetailsCostObjectCstType-arrow\"]"}
COMMAND: POST /session/b4f8750b6ab9764d379b715c7854fdbf/element/f.8850BFF0213FDAA0CDBB6DAFAFD06CF5.d.081AFF75B8ABBFC360F3F1990C7A45A7.e.2690/click - {}
RESULT: {}
COMMAND: POST /session/b4f8750b6ab9764d379b715c7854fdbf/element - {"using":"xpath","value":"//span[contains(text(), \"Cost Center\")]"}
COMMAND: GET /session/b4f8750b6ab9764d379b715c7854fdbf/screenshot - {}
RESULT: {"using":"xpath","value":"//span[contains(text(), \"Cost Center\")]"}
COMMAND: POST /session/b4f8750b6ab9764d379b715c7854fdbf/element/f.8850BFF0213FDAA0CDBB6DAFAFD06CF5.d.081AFF75B8ABBFC360F3F1990C7A45A7.e.2691/click - {}
RESULT: {}
RESULT: {}
COMMAND: GET /session/b4f8750b6ab9764d379b715c7854fdbf/screenshot - {}
RESULT: {}
COMMAND: POST /session/b4f8750b6ab9764d379b715c7854fdbf/element - {"using":"xpath","value":"//span[@id=\"application-manageyards-display-component---NewYard--addressNewCostObjectCstID-vhi\"]"}
RESULT: {"using":"xpath","value":"//span[@id=\"application-manageyards-display-component---NewYard--addressNewCostObjectCstID-vhi\"]"}
COMMAND: POST /session/b4f8750b6ab9764d379b715c7854fdbf/execute/sync - {"script":"<script> [8489 bytes]","args":[{"element-6066-11e4-a52e-4f735466cecf":"f.8850BFF0213FDAA0CDBB6DAFAFD06CF5.d.081AFF75B8ABBFC360F3F1990C7A45A7.e.2695","ELEMENT":"f.8850BFF0213FDAA0CDBB6DAFAFD06CF5.d.081AFF75B8ABBFC360F3F1990C7A45A7.e.2695"}]}
RESULT: {"script":"<script> [8489 bytes]","args":[{"element-6066-11e4-a52e-4f735466cecf":"f.8850BFF0213FDAA0CDBB6DAFAFD06CF5.d.081AFF75B8ABBFC360F3F1990C7A45A7.e.2695","ELEMENT":"f.8850BFF0213FDAA0CDBB6DAFAFD06CF5.d.081AFF75B8ABBFC360F3F1990C7A45A7.e.2695"}]}
COMMAND: POST /session/b4f8750b6ab9764d379b715c7854fdbf/execute/async - {"script":"<script> [1562 bytes]","args":[{"selector":{"id":"application-manageyards-display-component---NewYard--addressNewCostObjectCstID-vhi"},"wdio_ui5_key":"applicationmanageyards-display-component---NewYard--addressNewCostObjectCstID-vhi"}]}
COMMAND: GET /session/b4f8750b6ab9764d379b715c7854fdbf/screenshot - {}
RESULT: {"script":"<script> [1562 bytes]","args":[{"selector":{"id":"application-manageyards-display-component---NewYard--addressNewCostObjectCstID-vhi"},"wdio_ui5_key":"applicationmanageyards-display-component---NewYard--addressNewCostObjectCstID-vhi"}]}
RESULT: undefined
COMMAND: POST /session/b4f8750b6ab9764d379b715c7854fdbf/element - {"using":"xpath","value":"//*[@id=\"application-manageyards-display-component---NewYard--addressNewCostObjectCstID-vhi\"]"}
RESULT: {}
RESULT: {"using":"xpath","value":"//*[@id=\"application-manageyards-display-component---NewYard--addressNewCostObjectCstID-vhi\"]"}
COMMAND: POST /session/b4f8750b6ab9764d379b715c7854fdbf/element/f.8850BFF0213FDAA0CDBB6DAFAFD06CF5.d.081AFF75B8ABBFC360F3F1990C7A45A7.e.2695/click - {}
RESULT: {}
COMMAND: GET /session/b4f8750b6ab9764d379b715c7854fdbf/screenshot - {}
RESULT: {}
COMMAND: POST /session/b4f8750b6ab9764d379b715c7854fdbf/execute/async - {"script":"<script> [1562 bytes]","args":[{"selector":{"controlType":"sap.m.SearchField","properties":{"placeholder":"Search"},"searchOpenDialogs":true,"interaction":{"idSuffix":"I"}},"wdio_ui5_key":"sapm.SearchField{\"placeholder\":\"Search\"}"}]}
RESULT: {"script":"<script> [1562 bytes]","args":[{"selector":{"controlType":"sap.m.SearchField","properties":{"placeholder":"Search"},"searchOpenDialogs":true,"interaction":{"idSuffix":"I"}},"wdio_ui5_key":"sapm.SearchField{\"placeholder\":\"Search\"}"}]}
RESULT: undefined
COMMAND: POST /session/b4f8750b6ab9764d379b715c7854fdbf/execute/async - {"script":"<script> [776 bytes]","args":[{"enterText":"bauh_b","selector":{"controlType":"sap.m.SearchField","properties":{"placeholder":"Search"},"searchOpenDialogs":true,"interaction":{"idSuffix":"I"}},"clearTextFirst":true,"interactionType":"ENTER_TEXT"}]}
RESULT: {"script":"<script> [776 bytes]","args":[{"enterText":"bauh_b","selector":{"controlType":"sap.m.SearchField","properties":{"placeholder":"Search"},"searchOpenDialogs":true,"interaction":{"idSuffix":"I"}},"clearTextFirst":true,"interactionType":"ENTER_TEXT"}]}
COMMAND: POST /session/b4f8750b6ab9764d379b715c7854fdbf/actions - {"actions":[{"id":"action1","type":"key","parameters":{},"actions":[{"type":"keyDown","value":""},{"type":"pause","duration":10},{"type":"keyUp","value":""}]}]}
RESULT: {"actions":[{"id":"action1","type":"key","parameters":{},"actions":[{"type":"keyDown","value":""},{"type":"pause","duration":10},{"type":"keyUp","value":""}]}]}
COMMAND: GET /session/b4f8750b6ab9764d379b715c7854fdbf/screenshot - {}
RESULT: {}
COMMAND: POST /session/b4f8750b6ab9764d379b715c7854fdbf/element - {"using":"xpath","value":"//span[contains(text(), \"Demo Yard\")]"}
RESULT: {"using":"xpath","value":"//span[contains(text(), \"Demo Yard\")]"}
COMMAND: POST /session/b4f8750b6ab9764d379b715c7854fdbf/element/f.8850BFF0213FDAA0CDBB6DAFAFD06CF5.d.081AFF75B8ABBFC360F3F1990C7A45A7.e.2737/click - {}
RESULT: {}
COMMAND: GET /session/b4f8750b6ab9764d379b715c7854fdbf/screenshot - {}
RESULT: {}
COMMAND: POST /session/b4f8750b6ab9764d379b715c7854fdbf/element - {"using":"xpath","value":"//bdi[contains(text(), \"OK\")]"}
RESULT: {"using":"xpath","value":"//bdi[contains(text(), \"OK\")]"}
COMMAND: POST /session/b4f8750b6ab9764d379b715c7854fdbf/element/f.8850BFF0213FDAA0CDBB6DAFAFD06CF5.d.081AFF75B8ABBFC360F3F1990C7A45A7.e.2738/click - {}
RESULT: {}
COMMAND: GET /session/b4f8750b6ab9764d379b715c7854fdbf/screenshot - {}
RESULT: {}
COMMAND: POST /session/b4f8750b6ab9764d379b715c7854fdbf/execute/async - {"script":"<script> [1562 bytes]","args":[{"selector":{"id":"application-manageyards-display-component---NewYard--addressEditDetailsCurrency-arrow"},"wdio_ui5_key":"applicationmanageyards-display-component---NewYard--addressEditDetailsCurrency-arrow"}]}
RESULT: {"script":"<script> [1562 bytes]","args":[{"selector":{"id":"application-manageyards-display-component---NewYard--addressEditDetailsCurrency-arrow"},"wdio_ui5_key":"applicationmanageyards-display-component---NewYard--addressEditDetailsCurrency-arrow"}]}
RESULT: undefined
COMMAND: POST /session/b4f8750b6ab9764d379b715c7854fdbf/element - {"using":"xpath","value":"//*[@id=\"application-manageyards-display-component---NewYard--addressEditDetailsCurrency-arrow\"]"}
RESULT: {"using":"xpath","value":"//*[@id=\"application-manageyards-display-component---NewYard--addressEditDetailsCurrency-arrow\"]"}
COMMAND: POST /session/b4f8750b6ab9764d379b715c7854fdbf/element/f.8850BFF0213FDAA0CDBB6DAFAFD06CF5.d.081AFF75B8ABBFC360F3F1990C7A45A7.e.2741/click - {}
RESULT: {}
COMMAND: POST /session/b4f8750b6ab9764d379b715c7854fdbf/element - {"using":"xpath","value":"//span[contains(text(), \"Euro\")]"}
COMMAND: GET /session/b4f8750b6ab9764d379b715c7854fdbf/screenshot - {}
RESULT: {"using":"xpath","value":"//span[contains(text(), \"Euro\")]"}
COMMAND: POST /session/b4f8750b6ab9764d379b715c7854fdbf/element/f.8850BFF0213FDAA0CDBB6DAFAFD06CF5.d.081AFF75B8ABBFC360F3F1990C7A45A7.e.2742/click - {}
RESULT: {}
RESULT: {}
COMMAND: POST /session/b4f8750b6ab9764d379b715c7854fdbf/execute/async - {"script":"<script> [1562 bytes]","args":[{"selector":{"controlType":"sap.m.Input","viewName":"etm.portal.ui.manageyards.view.New","viewId":"application-manageyards-display-component---NewYard","bindingPath":{"path":"","propertyPath":"/CONTROLLING_AREA","modelName":"NewYardModel"},"interaction":{"idSuffix":"inner"}},"wdio_ui5_key":"etmportal.ui.manageyards.view.Newsap.m.Input{\"path\":\"\",\"propertyPath\":\"/CONTROLLING_AREA\",\"modelName\":\"NewYardModel\"}"}]}
COMMAND: GET /session/b4f8750b6ab9764d379b715c7854fdbf/screenshot - {}
RESULT: {"script":"<script> [1562 bytes]","args":[{"selector":{"controlType":"sap.m.Input","viewName":"etm.portal.ui.manageyards.view.New","viewId":"application-manageyards-display-component---NewYard","bindingPath":{"path":"","propertyPath":"/CONTROLLING_AREA","modelName":"NewYardModel"},"interaction":{"idSuffix":"inner"}},"wdio_ui5_key":"etmportal.ui.manageyards.view.Newsap.m.Input{\"path\":\"\",\"propertyPath\":\"/CONTROLLING_AREA\",\"modelName\":\"NewYardModel\"}"}]}
RESULT: undefined
COMMAND: POST /session/b4f8750b6ab9764d379b715c7854fdbf/execute/async - {"script":"<script> [776 bytes]","args":[{"enterText":"Z001","selector":{"controlType":"sap.m.Input","viewName":"etm.portal.ui.manageyards.view.New","viewId":"application-manageyards-display-component---NewYard","bindingPath":{"path":"","propertyPath":"/CONTROLLING_AREA","modelName":"NewYardModel"},"interaction":{"idSuffix":"inner"}},"clearTextFirst":true,"interactionType":"ENTER_TEXT"}]}
RESULT: {}
RESULT: {"script":"<script> [776 bytes]","args":[{"enterText":"Z001","selector":{"controlType":"sap.m.Input","viewName":"etm.portal.ui.manageyards.view.New","viewId":"application-manageyards-display-component---NewYard","bindingPath":{"path":"","propertyPath":"/CONTROLLING_AREA","modelName":"NewYardModel"},"interaction":{"idSuffix":"inner"}},"clearTextFirst":true,"interactionType":"ENTER_TEXT"}]}
COMMAND: POST /session/b4f8750b6ab9764d379b715c7854fdbf/execute/async - {"script":"<script> [1562 bytes]","args":[{"selector":{"id":"application-manageyards-display-component---NewYard--companyCodeComboBox","interaction":{"idSuffix":"inner"}},"wdio_ui5_key":"applicationmanageyards-display-component---NewYard--companyCodeComboBox"}]}
RESULT: {"script":"<script> [1562 bytes]","args":[{"selector":{"id":"application-manageyards-display-component---NewYard--companyCodeComboBox","interaction":{"idSuffix":"inner"}},"wdio_ui5_key":"applicationmanageyards-display-component---NewYard--companyCodeComboBox"}]}
RESULT: undefined
COMMAND: POST /session/b4f8750b6ab9764d379b715c7854fdbf/execute/async - {"script":"<script> [776 bytes]","args":[{"enterText":"1000","selector":{"id":"application-manageyards-display-component---NewYard--companyCodeComboBox","interaction":{"idSuffix":"inner"}},"clearTextFirst":true,"interactionType":"ENTER_TEXT"}]}
RESULT: {"script":"<script> [776 bytes]","args":[{"enterText":"1000","selector":{"id":"application-manageyards-display-component---NewYard--companyCodeComboBox","interaction":{"idSuffix":"inner"}},"clearTextFirst":true,"interactionType":"ENTER_TEXT"}]}
COMMAND: POST /session/b4f8750b6ab9764d379b715c7854fdbf/execute/async - {"script":"<script> [1562 bytes]","args":[{"selector":{"controlType":"sap.m.Input","viewName":"etm.portal.ui.manageyards.view.New","viewId":"application-manageyards-display-component---NewYard","bindingPath":{"path":"","propertyPath":"/PLANT","modelName":"NewYardModel"},"interaction":{"idSuffix":"inner"}},"wdio_ui5_key":"etmportal.ui.manageyards.view.Newsap.m.Input{\"path\":\"\",\"propertyPath\":\"/PLANT\",\"modelName\":\"NewYardModel\"}"}]}
RESULT: {"script":"<script> [1562 bytes]","args":[{"selector":{"controlType":"sap.m.Input","viewName":"etm.portal.ui.manageyards.view.New","viewId":"application-manageyards-display-component---NewYard","bindingPath":{"path":"","propertyPath":"/PLANT","modelName":"NewYardModel"},"interaction":{"idSuffix":"inner"}},"wdio_ui5_key":"etmportal.ui.manageyards.view.Newsap.m.Input{\"path\":\"\",\"propertyPath\":\"/PLANT\",\"modelName\":\"NewYardModel\"}"}]}
RESULT: undefined
COMMAND: POST /session/b4f8750b6ab9764d379b715c7854fdbf/execute/async - {"script":"<script> [776 bytes]","args":[{"enterText":"1001","selector":{"controlType":"sap.m.Input","viewName":"etm.portal.ui.manageyards.view.New","viewId":"application-manageyards-display-component---NewYard","bindingPath":{"path":"","propertyPath":"/PLANT","modelName":"NewYardModel"},"interaction":{"idSuffix":"inner"}},"clearTextFirst":true,"interactionType":"ENTER_TEXT"}]}
RESULT: {"script":"<script> [776 bytes]","args":[{"enterText":"1001","selector":{"controlType":"sap.m.Input","viewName":"etm.portal.ui.manageyards.view.New","viewId":"application-manageyards-display-component---NewYard","bindingPath":{"path":"","propertyPath":"/PLANT","modelName":"NewYardModel"},"interaction":{"idSuffix":"inner"}},"clearTextFirst":true,"interactionType":"ENTER_TEXT"}]}
COMMAND: POST /session/b4f8750b6ab9764d379b715c7854fdbf/execute/async - {"script":"<script> [1562 bytes]","args":[{"selector":{"controlType":"sap.m.Input","viewName":"etm.portal.ui.manageyards.view.New","viewId":"application-manageyards-display-component---NewYard","bindingPath":{"path":"","propertyPath":"/SALES_AREA_VKORG","modelName":"NewYardModel"},"interaction":{"idSuffix":"inner"}},"wdio_ui5_key":"etmportal.ui.manageyards.view.Newsap.m.Input{\"path\":\"\",\"propertyPath\":\"/SALES_AREA_VKORG\",\"modelName\":\"NewYardModel\"}"}]}
RESULT: {"script":"<script> [1562 bytes]","args":[{"selector":{"controlType":"sap.m.Input","viewName":"etm.portal.ui.manageyards.view.New","viewId":"application-manageyards-display-component---NewYard","bindingPath":{"path":"","propertyPath":"/SALES_AREA_VKORG","modelName":"NewYardModel"},"interaction":{"idSuffix":"inner"}},"wdio_ui5_key":"etmportal.ui.manageyards.view.Newsap.m.Input{\"path\":\"\",\"propertyPath\":\"/SALES_AREA_VKORG\",\"modelName\":\"NewYardModel\"}"}]}
RESULT: undefined
COMMAND: POST /session/b4f8750b6ab9764d379b715c7854fdbf/execute/async - {"script":"<script> [776 bytes]","args":[{"enterText":"C002","selector":{"controlType":"sap.m.Input","viewName":"etm.portal.ui.manageyards.view.New","viewId":"application-manageyards-display-component---NewYard","bindingPath":{"path":"","propertyPath":"/SALES_AREA_VKORG","modelName":"NewYardModel"},"interaction":{"idSuffix":"inner"}},"clearTextFirst":true,"interactionType":"ENTER_TEXT"}]}
RESULT: {"script":"<script> [776 bytes]","args":[{"enterText":"C002","selector":{"controlType":"sap.m.Input","viewName":"etm.portal.ui.manageyards.view.New","viewId":"application-manageyards-display-component---NewYard","bindingPath":{"path":"","propertyPath":"/SALES_AREA_VKORG","modelName":"NewYardModel"},"interaction":{"idSuffix":"inner"}},"clearTextFirst":true,"interactionType":"ENTER_TEXT"}]}
COMMAND: POST /session/b4f8750b6ab9764d379b715c7854fdbf/execute/async - {"script":"<script> [1562 bytes]","args":[{"selector":{"controlType":"sap.m.Input","viewName":"etm.portal.ui.manageyards.view.New","viewId":"application-manageyards-display-component---NewYard","bindingPath":{"path":"","propertyPath":"/SALES_AREA_VTWEG","modelName":"NewYardModel"},"interaction":{"idSuffix":"inner"}},"wdio_ui5_key":"etmportal.ui.manageyards.view.Newsap.m.Input{\"path\":\"\",\"propertyPath\":\"/SALES_AREA_VTWEG\",\"modelName\":\"NewYardModel\"}"}]}
RESULT: {"script":"<script> [1562 bytes]","args":[{"selector":{"controlType":"sap.m.Input","viewName":"etm.portal.ui.manageyards.view.New","viewId":"application-manageyards-display-component---NewYard","bindingPath":{"path":"","propertyPath":"/SALES_AREA_VTWEG","modelName":"NewYardModel"},"interaction":{"idSuffix":"inner"}},"wdio_ui5_key":"etmportal.ui.manageyards.view.Newsap.m.Input{\"path\":\"\",\"propertyPath\":\"/SALES_AREA_VTWEG\",\"modelName\":\"NewYardModel\"}"}]}
RESULT: undefined
COMMAND: POST /session/b4f8750b6ab9764d379b715c7854fdbf/execute/async - {"script":"<script> [776 bytes]","args":[{"enterText":"C2","selector":{"controlType":"sap.m.Input","viewName":"etm.portal.ui.manageyards.view.New","viewId":"application-manageyards-display-component---NewYard","bindingPath":{"path":"","propertyPath":"/SALES_AREA_VTWEG","modelName":"NewYardModel"},"interaction":{"idSuffix":"inner"}},"clearTextFirst":true,"interactionType":"ENTER_TEXT"}]}
RESULT: {"script":"<script> [776 bytes]","args":[{"enterText":"C2","selector":{"controlType":"sap.m.Input","viewName":"etm.portal.ui.manageyards.view.New","viewId":"application-manageyards-display-component---NewYard","bindingPath":{"path":"","propertyPath":"/SALES_AREA_VTWEG","modelName":"NewYardModel"},"interaction":{"idSuffix":"inner"}},"clearTextFirst":true,"interactionType":"ENTER_TEXT"}]}
COMMAND: POST /session/b4f8750b6ab9764d379b715c7854fdbf/execute/async - {"script":"<script> [1562 bytes]","args":[{"selector":{"controlType":"sap.m.Input","viewName":"etm.portal.ui.manageyards.view.New","viewId":"application-manageyards-display-component---NewYard","bindingPath":{"path":"","propertyPath":"/SALES_AREA_SPART","modelName":"NewYardModel"},"interaction":{"idSuffix":"inner"}},"wdio_ui5_key":"etmportal.ui.manageyards.view.Newsap.m.Input{\"path\":\"\",\"propertyPath\":\"/SALES_AREA_SPART\",\"modelName\":\"NewYardModel\"}"}]}
RESULT: {"script":"<script> [1562 bytes]","args":[{"selector":{"controlType":"sap.m.Input","viewName":"etm.portal.ui.manageyards.view.New","viewId":"application-manageyards-display-component---NewYard","bindingPath":{"path":"","propertyPath":"/SALES_AREA_SPART","modelName":"NewYardModel"},"interaction":{"idSuffix":"inner"}},"wdio_ui5_key":"etmportal.ui.manageyards.view.Newsap.m.Input{\"path\":\"\",\"propertyPath\":\"/SALES_AREA_SPART\",\"modelName\":\"NewYardModel\"}"}]}
RESULT: undefined
COMMAND: POST /session/b4f8750b6ab9764d379b715c7854fdbf/execute/async - {"script":"<script> [776 bytes]","args":[{"enterText":"C2","selector":{"controlType":"sap.m.Input","viewName":"etm.portal.ui.manageyards.view.New","viewId":"application-manageyards-display-component---NewYard","bindingPath":{"path":"","propertyPath":"/SALES_AREA_SPART","modelName":"NewYardModel"},"interaction":{"idSuffix":"inner"}},"clearTextFirst":true,"interactionType":"ENTER_TEXT"}]}
RESULT: {"script":"<script> [776 bytes]","args":[{"enterText":"C2","selector":{"controlType":"sap.m.Input","viewName":"etm.portal.ui.manageyards.view.New","viewId":"application-manageyards-display-component---NewYard","bindingPath":{"path":"","propertyPath":"/SALES_AREA_SPART","modelName":"NewYardModel"},"interaction":{"idSuffix":"inner"}},"clearTextFirst":true,"interactionType":"ENTER_TEXT"}]}
COMMAND: POST /session/b4f8750b6ab9764d379b715c7854fdbf/execute/async - {"script":"<script> [1562 bytes]","args":[{"selector":{"controlType":"sap.m.Input","viewName":"etm.portal.ui.manageyards.view.New","viewId":"application-manageyards-display-component---NewYard","bindingPath":{"path":"","propertyPath":"/SHIP_POINT","modelName":"NewYardModel"},"interaction":{"idSuffix":"inner"}},"wdio_ui5_key":"etmportal.ui.manageyards.view.Newsap.m.Input{\"path\":\"\",\"propertyPath\":\"/SHIP_POINT\",\"modelName\":\"NewYardModel\"}"}]}
RESULT: {"script":"<script> [1562 bytes]","args":[{"selector":{"controlType":"sap.m.Input","viewName":"etm.portal.ui.manageyards.view.New","viewId":"application-manageyards-display-component---NewYard","bindingPath":{"path":"","propertyPath":"/SHIP_POINT","modelName":"NewYardModel"},"interaction":{"idSuffix":"inner"}},"wdio_ui5_key":"etmportal.ui.manageyards.view.Newsap.m.Input{\"path\":\"\",\"propertyPath\":\"/SHIP_POINT\",\"modelName\":\"NewYardModel\"}"}]}
RESULT: undefined
COMMAND: POST /session/b4f8750b6ab9764d379b715c7854fdbf/execute/async - {"script":"<script> [776 bytes]","args":[{"enterText":"1710","selector":{"controlType":"sap.m.Input","viewName":"etm.portal.ui.manageyards.view.New","viewId":"application-manageyards-display-component---NewYard","bindingPath":{"path":"","propertyPath":"/SHIP_POINT","modelName":"NewYardModel"},"interaction":{"idSuffix":"inner"}},"clearTextFirst":true,"interactionType":"ENTER_TEXT"}]}
RESULT: {"script":"<script> [776 bytes]","args":[{"enterText":"1710","selector":{"controlType":"sap.m.Input","viewName":"etm.portal.ui.manageyards.view.New","viewId":"application-manageyards-display-component---NewYard","bindingPath":{"path":"","propertyPath":"/SHIP_POINT","modelName":"NewYardModel"},"interaction":{"idSuffix":"inner"}},"clearTextFirst":true,"interactionType":"ENTER_TEXT"}]}
COMMAND: POST /session/b4f8750b6ab9764d379b715c7854fdbf/execute/async - {"script":"<script> [1562 bytes]","args":[{"selector":{"controlType":"sap.m.Input","viewName":"etm.portal.ui.manageyards.view.New","viewId":"application-manageyards-display-component---NewYard","bindingPath":{"path":"","propertyPath":"/DELIVERY_TYPE","modelName":"NewYardModel"},"interaction":{"idSuffix":"inner"}},"wdio_ui5_key":"etmportal.ui.manageyards.view.Newsap.m.Input{\"path\":\"\",\"propertyPath\":\"/DELIVERY_TYPE\",\"modelName\":\"NewYardModel\"}"}]}
RESULT: {"script":"<script> [1562 bytes]","args":[{"selector":{"controlType":"sap.m.Input","viewName":"etm.portal.ui.manageyards.view.New","viewId":"application-manageyards-display-component---NewYard","bindingPath":{"path":"","propertyPath":"/DELIVERY_TYPE","modelName":"NewYardModel"},"interaction":{"idSuffix":"inner"}},"wdio_ui5_key":"etmportal.ui.manageyards.view.Newsap.m.Input{\"path\":\"\",\"propertyPath\":\"/DELIVERY_TYPE\",\"modelName\":\"NewYardModel\"}"}]}
RESULT: undefined
COMMAND: POST /session/b4f8750b6ab9764d379b715c7854fdbf/execute/async - {"script":"<script> [776 bytes]","args":[{"enterText":"ZL01","selector":{"controlType":"sap.m.Input","viewName":"etm.portal.ui.manageyards.view.New","viewId":"application-manageyards-display-component---NewYard","bindingPath":{"path":"","propertyPath":"/DELIVERY_TYPE","modelName":"NewYardModel"},"interaction":{"idSuffix":"inner"}},"clearTextFirst":true,"interactionType":"ENTER_TEXT"}]}
RESULT: {"script":"<script> [776 bytes]","args":[{"enterText":"ZL01","selector":{"controlType":"sap.m.Input","viewName":"etm.portal.ui.manageyards.view.New","viewId":"application-manageyards-display-component---NewYard","bindingPath":{"path":"","propertyPath":"/DELIVERY_TYPE","modelName":"NewYardModel"},"interaction":{"idSuffix":"inner"}},"clearTextFirst":true,"interactionType":"ENTER_TEXT"}]}
COMMAND: POST /session/b4f8750b6ab9764d379b715c7854fdbf/execute/async - {"script":"<script> [1562 bytes]","args":[{"selector":{"controlType":"sap.m.Input","viewName":"etm.portal.ui.manageyards.view.New","viewId":"application-manageyards-display-component---NewYard","bindingPath":{"path":"","propertyPath":"/AUART","modelName":"NewYardModel"},"interaction":{"idSuffix":"inner"}},"wdio_ui5_key":"etmportal.ui.manageyards.view.Newsap.m.Input{\"path\":\"\",\"propertyPath\":\"/AUART\",\"modelName\":\"NewYardModel\"}"}]}
RESULT: {"script":"<script> [1562 bytes]","args":[{"selector":{"controlType":"sap.m.Input","viewName":"etm.portal.ui.manageyards.view.New","viewId":"application-manageyards-display-component---NewYard","bindingPath":{"path":"","propertyPath":"/AUART","modelName":"NewYardModel"},"interaction":{"idSuffix":"inner"}},"wdio_ui5_key":"etmportal.ui.manageyards.view.Newsap.m.Input{\"path\":\"\",\"propertyPath\":\"/AUART\",\"modelName\":\"NewYardModel\"}"}]}
RESULT: undefined
COMMAND: POST /session/b4f8750b6ab9764d379b715c7854fdbf/execute/async - {"script":"<script> [776 bytes]","args":[{"enterText":"TA","selector":{"controlType":"sap.m.Input","viewName":"etm.portal.ui.manageyards.view.New","viewId":"application-manageyards-display-component---NewYard","bindingPath":{"path":"","propertyPath":"/AUART","modelName":"NewYardModel"},"interaction":{"idSuffix":"inner"}},"clearTextFirst":true,"interactionType":"ENTER_TEXT"}]}
RESULT: {"script":"<script> [776 bytes]","args":[{"enterText":"TA","selector":{"controlType":"sap.m.Input","viewName":"etm.portal.ui.manageyards.view.New","viewId":"application-manageyards-display-component---NewYard","bindingPath":{"path":"","propertyPath":"/AUART","modelName":"NewYardModel"},"interaction":{"idSuffix":"inner"}},"clearTextFirst":true,"interactionType":"ENTER_TEXT"}]}
COMMAND: POST /session/b4f8750b6ab9764d379b715c7854fdbf/element - {"using":"xpath","value":"//button[@data-kt=\"newYardSaveButton\"]"}
RESULT: {"using":"xpath","value":"//button[@data-kt=\"newYardSaveButton\"]"}
COMMAND: POST /session/b4f8750b6ab9764d379b715c7854fdbf/element/f.8850BFF0213FDAA0CDBB6DAFAFD06CF5.d.081AFF75B8ABBFC360F3F1990C7A45A7.e.2669/click - {}
RESULT: {}
COMMAND: GET /session/b4f8750b6ab9764d379b715c7854fdbf/screenshot - {}
RESULT: {}
COMMAND: POST /session/b4f8750b6ab9764d379b715c7854fdbf/element - {"using":"xpath","value":"//header[contains(@id, 'ObjectPageLayout-headerTitle')]/div[1]/div[2]/div[1]/span[1]"}
RESULT: {"using":"xpath","value":"//header[contains(@id, 'ObjectPageLayout-headerTitle')]/div[1]/div[2]/div[1]/span[1]"}
COMMAND: POST /session/b4f8750b6ab9764d379b715c7854fdbf/elements - {"using":"xpath","value":"//header[contains(@id, 'ObjectPageLayout-headerTitle')]/div[1]/div[2]/div[1]/span[1]"}
RESULT: {"using":"xpath","value":"//header[contains(@id, 'ObjectPageLayout-headerTitle')]/div[1]/div[2]/div[1]/span[1]"}
COMMAND: POST /session/b4f8750b6ab9764d379b715c7854fdbf/execute/sync - {"script":"<script> [56 bytes]","args":[{"element-6066-11e4-a52e-4f735466cecf":"f.8850BFF0213FDAA0CDBB6DAFAFD06CF5.d.081AFF75B8ABBFC360F3F1990C7A45A7.e.2967","ELEMENT":"f.8850BFF0213FDAA0CDBB6DAFAFD06CF5.d.081AFF75B8ABBFC360F3F1990C7A45A7.e.2967"}]}
RESULT: {"script":"<script> [56 bytes]","args":[{"element-6066-11e4-a52e-4f735466cecf":"f.8850BFF0213FDAA0CDBB6DAFAFD06CF5.d.081AFF75B8ABBFC360F3F1990C7A45A7.e.2967","ELEMENT":"f.8850BFF0213FDAA0CDBB6DAFAFD06CF5.d.081AFF75B8ABBFC360F3F1990C7A45A7.e.2967"}]}
COMMAND: GET /session/b4f8750b6ab9764d379b715c7854fdbf/screenshot - {}
RESULT: {}
COMMAND: POST /session/b4f8750b6ab9764d379b715c7854fdbf/element - {"using":"css selector","value":"#shell-header-logo"}
RESULT: {"using":"css selector","value":"#shell-header-logo"}
COMMAND: POST /session/b4f8750b6ab9764d379b715c7854fdbf/element/f.8850BFF0213FDAA0CDBB6DAFAFD06CF5.d.081AFF75B8ABBFC360F3F1990C7A45A7.e.2213/click - {}
RESULT: {}
COMMAND: GET /session/b4f8750b6ab9764d379b715c7854fdbf/screenshot - {}
RESULT: {}
COMMAND: POST /session/b4f8750b6ab9764d379b715c7854fdbf/execute/sync - {"script":"<script> [299 bytes]","args":[["getModel","getResource"]]}
RESULT: {"script":"<script> [299 bytes]","args":[["getModel","getResource"]]}
]]></system-out>
    </testcase>
    <testcase classname="chrome.137_0_7151_69.windows.Billing_Transfer_-_Master_data_&amp;_Intercompany_US127250" name="Should create a new partner" time="142.399">
      <system-out><![CDATA[
COMMAND: GET /session/b4f8750b6ab9764d379b715c7854fdbf/screenshot - {}
COMMAND: POST /session/b4f8750b6ab9764d379b715c7854fdbf/window/fullscreen - {}
RESULT: {}
RESULT: {}
COMMAND: POST /session/b4f8750b6ab9764d379b715c7854fdbf/execute/async - {"script":"<script> [1562 bytes]","args":[{"selector":{"controlType":"sap.m.GenericTile","properties":{"header":"Manage Partners"}},"wdio_ui5_key":"sapm.GenericTile{\"header\":\"Manage Partners\"}"}]}
RESULT: {"script":"<script> [1562 bytes]","args":[{"selector":{"controlType":"sap.m.GenericTile","properties":{"header":"Manage Partners"}},"wdio_ui5_key":"sapm.GenericTile{\"header\":\"Manage Partners\"}"}]}
RESULT: undefined
COMMAND: POST /session/b4f8750b6ab9764d379b715c7854fdbf/element - {"using":"xpath","value":"//*[@id=\"__tile39\"]"}
RESULT: {"using":"xpath","value":"//*[@id=\"__tile39\"]"}
COMMAND: POST /session/b4f8750b6ab9764d379b715c7854fdbf/element/f.8850BFF0213FDAA0CDBB6DAFAFD06CF5.d.081AFF75B8ABBFC360F3F1990C7A45A7.e.2095/click - {}
RESULT: {}
COMMAND: GET /session/b4f8750b6ab9764d379b715c7854fdbf/screenshot - {}
RESULT: {}
COMMAND: POST /session/b4f8750b6ab9764d379b715c7854fdbf/elements - {"using":"xpath","value":"//span[text()='Error']"}
RESULT: {"using":"xpath","value":"//span[text()='Error']"}
COMMAND: POST /session/b4f8750b6ab9764d379b715c7854fdbf/element - {"using":"xpath","value":"//button[@data-kt=\"addButton\"]"}
RESULT: {"using":"xpath","value":"//button[@data-kt=\"addButton\"]"}
COMMAND: POST /session/b4f8750b6ab9764d379b715c7854fdbf/elements - {"using":"xpath","value":"//button[@data-kt=\"addButton\"]"}
RESULT: {"using":"xpath","value":"//button[@data-kt=\"addButton\"]"}
COMMAND: POST /session/b4f8750b6ab9764d379b715c7854fdbf/elements - {"using":"xpath","value":"//button[@data-kt=\"addButton\"]"}
RESULT: {"using":"xpath","value":"//button[@data-kt=\"addButton\"]"}
COMMAND: POST /session/b4f8750b6ab9764d379b715c7854fdbf/element - {"using":"xpath","value":"//button[@data-kt=\"addButton\"]"}
RESULT: {"using":"xpath","value":"//button[@data-kt=\"addButton\"]"}
COMMAND: POST /session/b4f8750b6ab9764d379b715c7854fdbf/execute/sync - {"script":"<script> [8489 bytes]","args":[{"element-6066-11e4-a52e-4f735466cecf":"f.8850BFF0213FDAA0CDBB6DAFAFD06CF5.d.081AFF75B8ABBFC360F3F1990C7A45A7.e.3005","ELEMENT":"f.8850BFF0213FDAA0CDBB6DAFAFD06CF5.d.081AFF75B8ABBFC360F3F1990C7A45A7.e.3005"}]}
RESULT: {"script":"<script> [8489 bytes]","args":[{"element-6066-11e4-a52e-4f735466cecf":"f.8850BFF0213FDAA0CDBB6DAFAFD06CF5.d.081AFF75B8ABBFC360F3F1990C7A45A7.e.3005","ELEMENT":"f.8850BFF0213FDAA0CDBB6DAFAFD06CF5.d.081AFF75B8ABBFC360F3F1990C7A45A7.e.3005"}]}
COMMAND: GET /session/b4f8750b6ab9764d379b715c7854fdbf/element/f.8850BFF0213FDAA0CDBB6DAFAFD06CF5.d.081AFF75B8ABBFC360F3F1990C7A45A7.e.3005/enabled - {}
COMMAND: GET /session/b4f8750b6ab9764d379b715c7854fdbf/screenshot - {}
RESULT: {}
COMMAND: POST /session/b4f8750b6ab9764d379b715c7854fdbf/execute/sync - {"script":"<script> [8489 bytes]","args":[{"element-6066-11e4-a52e-4f735466cecf":"f.8850BFF0213FDAA0CDBB6DAFAFD06CF5.d.081AFF75B8ABBFC360F3F1990C7A45A7.e.3005","ELEMENT":"f.8850BFF0213FDAA0CDBB6DAFAFD06CF5.d.081AFF75B8ABBFC360F3F1990C7A45A7.e.3005"}]}
COMMAND: GET /session/b4f8750b6ab9764d379b715c7854fdbf/screenshot - {}
RESULT: {}
RESULT: {"script":"<script> [8489 bytes]","args":[{"element-6066-11e4-a52e-4f735466cecf":"f.8850BFF0213FDAA0CDBB6DAFAFD06CF5.d.081AFF75B8ABBFC360F3F1990C7A45A7.e.3005","ELEMENT":"f.8850BFF0213FDAA0CDBB6DAFAFD06CF5.d.081AFF75B8ABBFC360F3F1990C7A45A7.e.3005"}]}
COMMAND: POST /session/b4f8750b6ab9764d379b715c7854fdbf/execute/sync - {"script":"<script> [5351 bytes]","args":[{"element-6066-11e4-a52e-4f735466cecf":"f.8850BFF0213FDAA0CDBB6DAFAFD06CF5.d.081AFF75B8ABBFC360F3F1990C7A45A7.e.3005","ELEMENT":"f.8850BFF0213FDAA0CDBB6DAFAFD06CF5.d.081AFF75B8ABBFC360F3F1990C7A45A7.e.3005"}]}
COMMAND: GET /session/b4f8750b6ab9764d379b715c7854fdbf/screenshot - {}
RESULT: {}
RESULT: {"script":"<script> [5351 bytes]","args":[{"element-6066-11e4-a52e-4f735466cecf":"f.8850BFF0213FDAA0CDBB6DAFAFD06CF5.d.081AFF75B8ABBFC360F3F1990C7A45A7.e.3005","ELEMENT":"f.8850BFF0213FDAA0CDBB6DAFAFD06CF5.d.081AFF75B8ABBFC360F3F1990C7A45A7.e.3005"}]}
COMMAND: POST /session/b4f8750b6ab9764d379b715c7854fdbf/element/f.8850BFF0213FDAA0CDBB6DAFAFD06CF5.d.081AFF75B8ABBFC360F3F1990C7A45A7.e.3005/click - {}
COMMAND: GET /session/b4f8750b6ab9764d379b715c7854fdbf/screenshot - {}
RESULT: {}
RESULT: {}
COMMAND: GET /session/b4f8750b6ab9764d379b715c7854fdbf/screenshot - {}
COMMAND: POST /session/b4f8750b6ab9764d379b715c7854fdbf/execute/async - {"script":"<script> [1562 bytes]","args":[{"selector":{"id":"application-managepartners-display-component---NewPartner--addressDetailDetailsName1","interaction":{"idSuffix":"inner"}},"wdio_ui5_key":"applicationmanagepartners-display-component---NewPartner--addressDetailDetailsName1"}]}
RESULT: {}
RESULT: {}
RESULT: {"script":"<script> [1562 bytes]","args":[{"selector":{"id":"application-managepartners-display-component---NewPartner--addressDetailDetailsName1","interaction":{"idSuffix":"inner"}},"wdio_ui5_key":"applicationmanagepartners-display-component---NewPartner--addressDetailDetailsName1"}]}
RESULT: undefined
COMMAND: POST /session/b4f8750b6ab9764d379b715c7854fdbf/execute/async - {"script":"<script> [776 bytes]","args":[{"enterText":"Intercompany Partner WDIO","selector":{"id":"application-managepartners-display-component---NewPartner--addressDetailDetailsName1","interaction":{"idSuffix":"inner"}},"clearTextFirst":true,"interactionType":"ENTER_TEXT"}]}
RESULT: {"script":"<script> [776 bytes]","args":[{"enterText":"Intercompany Partner WDIO","selector":{"id":"application-managepartners-display-component---NewPartner--addressDetailDetailsName1","interaction":{"idSuffix":"inner"}},"clearTextFirst":true,"interactionType":"ENTER_TEXT"}]}
COMMAND: POST /session/b4f8750b6ab9764d379b715c7854fdbf/execute/async - {"script":"<script> [1562 bytes]","args":[{"selector":{"id":"application-managepartners-display-component---NewPartner--addressDetailDetailsLanguage-arrow"},"wdio_ui5_key":"applicationmanagepartners-display-component---NewPartner--addressDetailDetailsLanguage-arrow"}]}
RESULT: {"script":"<script> [1562 bytes]","args":[{"selector":{"id":"application-managepartners-display-component---NewPartner--addressDetailDetailsLanguage-arrow"},"wdio_ui5_key":"applicationmanagepartners-display-component---NewPartner--addressDetailDetailsLanguage-arrow"}]}
RESULT: undefined
COMMAND: POST /session/b4f8750b6ab9764d379b715c7854fdbf/element - {"using":"xpath","value":"//*[@id=\"application-managepartners-display-component---NewPartner--addressDetailDetailsLanguage-arrow\"]"}
RESULT: {"using":"xpath","value":"//*[@id=\"application-managepartners-display-component---NewPartner--addressDetailDetailsLanguage-arrow\"]"}
COMMAND: POST /session/b4f8750b6ab9764d379b715c7854fdbf/element/f.8850BFF0213FDAA0CDBB6DAFAFD06CF5.d.081AFF75B8ABBFC360F3F1990C7A45A7.e.3449/click - {}
RESULT: {}
COMMAND: POST /session/b4f8750b6ab9764d379b715c7854fdbf/element - {"using":"xpath","value":"//span[contains(text(), \"English\")]"}
COMMAND: GET /session/b4f8750b6ab9764d379b715c7854fdbf/screenshot - {}
RESULT: {"using":"xpath","value":"//span[contains(text(), \"English\")]"}
COMMAND: POST /session/b4f8750b6ab9764d379b715c7854fdbf/element/f.8850BFF0213FDAA0CDBB6DAFAFD06CF5.d.081AFF75B8ABBFC360F3F1990C7A45A7.e.3450/click - {}
RESULT: {}
RESULT: {}
COMMAND: GET /session/b4f8750b6ab9764d379b715c7854fdbf/screenshot - {}
RESULT: {}
COMMAND: POST /session/b4f8750b6ab9764d379b715c7854fdbf/execute/async - {"script":"<script> [1562 bytes]","args":[{"selector":{"id":"application-managepartners-display-component---NewPartner--addressDetailDetailsCity1","interaction":{"idSuffix":"inner"}},"wdio_ui5_key":"applicationmanagepartners-display-component---NewPartner--addressDetailDetailsCity1"}]}
RESULT: {"script":"<script> [1562 bytes]","args":[{"selector":{"id":"application-managepartners-display-component---NewPartner--addressDetailDetailsCity1","interaction":{"idSuffix":"inner"}},"wdio_ui5_key":"applicationmanagepartners-display-component---NewPartner--addressDetailDetailsCity1"}]}
RESULT: undefined
COMMAND: POST /session/b4f8750b6ab9764d379b715c7854fdbf/execute/async - {"script":"<script> [776 bytes]","args":[{"enterText":"Rosario","selector":{"id":"application-managepartners-display-component---NewPartner--addressDetailDetailsCity1","interaction":{"idSuffix":"inner"}},"clearTextFirst":true,"interactionType":"ENTER_TEXT"}]}
RESULT: {"script":"<script> [776 bytes]","args":[{"enterText":"Rosario","selector":{"id":"application-managepartners-display-component---NewPartner--addressDetailDetailsCity1","interaction":{"idSuffix":"inner"}},"clearTextFirst":true,"interactionType":"ENTER_TEXT"}]}
COMMAND: POST /session/b4f8750b6ab9764d379b715c7854fdbf/execute/async - {"script":"<script> [1562 bytes]","args":[{"selector":{"id":"application-managepartners-display-component---NewPartner--addressDetailDetailsCountry-arrow"},"wdio_ui5_key":"applicationmanagepartners-display-component---NewPartner--addressDetailDetailsCountry-arrow"}]}
RESULT: {"script":"<script> [1562 bytes]","args":[{"selector":{"id":"application-managepartners-display-component---NewPartner--addressDetailDetailsCountry-arrow"},"wdio_ui5_key":"applicationmanagepartners-display-component---NewPartner--addressDetailDetailsCountry-arrow"}]}
RESULT: undefined
COMMAND: POST /session/b4f8750b6ab9764d379b715c7854fdbf/element - {"using":"xpath","value":"//*[@id=\"application-managepartners-display-component---NewPartner--addressDetailDetailsCountry-arrow\"]"}
RESULT: {"using":"xpath","value":"//*[@id=\"application-managepartners-display-component---NewPartner--addressDetailDetailsCountry-arrow\"]"}
COMMAND: POST /session/b4f8750b6ab9764d379b715c7854fdbf/element/f.8850BFF0213FDAA0CDBB6DAFAFD06CF5.d.081AFF75B8ABBFC360F3F1990C7A45A7.e.3435/click - {}
RESULT: {}
COMMAND: POST /session/b4f8750b6ab9764d379b715c7854fdbf/element - {"using":"xpath","value":"//span[contains(text(), \"Argentina\")]"}
COMMAND: GET /session/b4f8750b6ab9764d379b715c7854fdbf/screenshot - {}
RESULT: {"using":"xpath","value":"//span[contains(text(), \"Argentina\")]"}
COMMAND: POST /session/b4f8750b6ab9764d379b715c7854fdbf/element/f.8850BFF0213FDAA0CDBB6DAFAFD06CF5.d.081AFF75B8ABBFC360F3F1990C7A45A7.e.3452/click - {}
RESULT: {}
RESULT: {}
COMMAND: GET /session/b4f8750b6ab9764d379b715c7854fdbf/screenshot - {}
RESULT: {}
COMMAND: POST /session/b4f8750b6ab9764d379b715c7854fdbf/element - {"using":"xpath","value":"//bdi[contains(text(), \"Commercial\")]"}
RESULT: {"using":"xpath","value":"//bdi[contains(text(), \"Commercial\")]"}
COMMAND: POST /session/b4f8750b6ab9764d379b715c7854fdbf/element/f.8850BFF0213FDAA0CDBB6DAFAFD06CF5.d.081AFF75B8ABBFC360F3F1990C7A45A7.e.3453/click - {}
RESULT: {}
COMMAND: GET /session/b4f8750b6ab9764d379b715c7854fdbf/screenshot - {}
RESULT: {}
COMMAND: POST /session/b4f8750b6ab9764d379b715c7854fdbf/execute/async - {"script":"<script> [1562 bytes]","args":[{"selector":{"id":"application-managepartners-display-component---NewPartner--partnerDetailInternal-arrow"},"wdio_ui5_key":"applicationmanagepartners-display-component---NewPartner--partnerDetailInternal-arrow"}]}
RESULT: {"script":"<script> [1562 bytes]","args":[{"selector":{"id":"application-managepartners-display-component---NewPartner--partnerDetailInternal-arrow"},"wdio_ui5_key":"applicationmanagepartners-display-component---NewPartner--partnerDetailInternal-arrow"}]}
RESULT: undefined
COMMAND: POST /session/b4f8750b6ab9764d379b715c7854fdbf/element - {"using":"xpath","value":"//*[@id=\"application-managepartners-display-component---NewPartner--partnerDetailInternal-arrow\"]"}
RESULT: {"using":"xpath","value":"//*[@id=\"application-managepartners-display-component---NewPartner--partnerDetailInternal-arrow\"]"}
COMMAND: POST /session/b4f8750b6ab9764d379b715c7854fdbf/element/f.8850BFF0213FDAA0CDBB6DAFAFD06CF5.d.081AFF75B8ABBFC360F3F1990C7A45A7.e.3459/click - {}
RESULT: {}
COMMAND: POST /session/b4f8750b6ab9764d379b715c7854fdbf/element - {"using":"xpath","value":"//span[contains(text(), \"Affiliated company\")]"}
COMMAND: GET /session/b4f8750b6ab9764d379b715c7854fdbf/screenshot - {}
RESULT: {"using":"xpath","value":"//span[contains(text(), \"Affiliated company\")]"}
COMMAND: POST /session/b4f8750b6ab9764d379b715c7854fdbf/element/f.8850BFF0213FDAA0CDBB6DAFAFD06CF5.d.081AFF75B8ABBFC360F3F1990C7A45A7.e.3460/click - {}
RESULT: {}
RESULT: {}
COMMAND: POST /session/b4f8750b6ab9764d379b715c7854fdbf/execute/async - {"script":"<script> [1562 bytes]","args":[{"selector":{"id":"application-managepartners-display-component---NewPartner--partnerDetailsCurrency-arrow"},"wdio_ui5_key":"applicationmanagepartners-display-component---NewPartner--partnerDetailsCurrency-arrow"}]}
COMMAND: GET /session/b4f8750b6ab9764d379b715c7854fdbf/screenshot - {}
RESULT: {"script":"<script> [1562 bytes]","args":[{"selector":{"id":"application-managepartners-display-component---NewPartner--partnerDetailsCurrency-arrow"},"wdio_ui5_key":"applicationmanagepartners-display-component---NewPartner--partnerDetailsCurrency-arrow"}]}
RESULT: undefined
COMMAND: POST /session/b4f8750b6ab9764d379b715c7854fdbf/element - {"using":"xpath","value":"//*[@id=\"application-managepartners-display-component---NewPartner--partnerDetailsCurrency-arrow\"]"}
RESULT: {}
RESULT: {"using":"xpath","value":"//*[@id=\"application-managepartners-display-component---NewPartner--partnerDetailsCurrency-arrow\"]"}
COMMAND: POST /session/b4f8750b6ab9764d379b715c7854fdbf/element/f.8850BFF0213FDAA0CDBB6DAFAFD06CF5.d.081AFF75B8ABBFC360F3F1990C7A45A7.e.3467/click - {}
RESULT: {}
COMMAND: POST /session/b4f8750b6ab9764d379b715c7854fdbf/element - {"using":"xpath","value":"//span[contains(text(), \"Euro\")]"}
COMMAND: GET /session/b4f8750b6ab9764d379b715c7854fdbf/screenshot - {}
RESULT: {"using":"xpath","value":"//span[contains(text(), \"Euro\")]"}
COMMAND: POST /session/b4f8750b6ab9764d379b715c7854fdbf/element/f.8850BFF0213FDAA0CDBB6DAFAFD06CF5.d.081AFF75B8ABBFC360F3F1990C7A45A7.e.3468/click - {}
RESULT: {}
RESULT: {}
COMMAND: POST /session/b4f8750b6ab9764d379b715c7854fdbf/execute/async - {"script":"<script> [1562 bytes]","args":[{"selector":{"id":"application-managepartners-display-component---NewPartner--addressEditDetailsCostObjectCstType-arrow"},"wdio_ui5_key":"applicationmanagepartners-display-component---NewPartner--addressEditDetailsCostObjectCstType-arrow"}]}
COMMAND: GET /session/b4f8750b6ab9764d379b715c7854fdbf/screenshot - {}
RESULT: {"script":"<script> [1562 bytes]","args":[{"selector":{"id":"application-managepartners-display-component---NewPartner--addressEditDetailsCostObjectCstType-arrow"},"wdio_ui5_key":"applicationmanagepartners-display-component---NewPartner--addressEditDetailsCostObjectCstType-arrow"}]}
RESULT: undefined
COMMAND: POST /session/b4f8750b6ab9764d379b715c7854fdbf/element - {"using":"xpath","value":"//*[@id=\"application-managepartners-display-component---NewPartner--addressEditDetailsCostObjectCstType-arrow\"]"}
RESULT: {}
RESULT: {"using":"xpath","value":"//*[@id=\"application-managepartners-display-component---NewPartner--addressEditDetailsCostObjectCstType-arrow\"]"}
COMMAND: POST /session/b4f8750b6ab9764d379b715c7854fdbf/element/f.8850BFF0213FDAA0CDBB6DAFAFD06CF5.d.081AFF75B8ABBFC360F3F1990C7A45A7.e.3469/click - {}
RESULT: {}
COMMAND: POST /session/b4f8750b6ab9764d379b715c7854fdbf/element - {"using":"xpath","value":"//span[contains(text(), \"Cost Center\")]"}
COMMAND: GET /session/b4f8750b6ab9764d379b715c7854fdbf/screenshot - {}
RESULT: {"using":"xpath","value":"//span[contains(text(), \"Cost Center\")]"}
COMMAND: POST /session/b4f8750b6ab9764d379b715c7854fdbf/element/f.8850BFF0213FDAA0CDBB6DAFAFD06CF5.d.081AFF75B8ABBFC360F3F1990C7A45A7.e.3470/click - {}
RESULT: {}
RESULT: {}
COMMAND: GET /session/b4f8750b6ab9764d379b715c7854fdbf/screenshot - {}
RESULT: {}
COMMAND: POST /session/b4f8750b6ab9764d379b715c7854fdbf/element - {"using":"xpath","value":"//span[@id=\"application-managepartners-display-component---NewPartner--addressNewCostObjectCstID-vhi\"]"}
RESULT: {"using":"xpath","value":"//span[@id=\"application-managepartners-display-component---NewPartner--addressNewCostObjectCstID-vhi\"]"}
COMMAND: POST /session/b4f8750b6ab9764d379b715c7854fdbf/execute/sync - {"script":"<script> [8489 bytes]","args":[{"element-6066-11e4-a52e-4f735466cecf":"f.8850BFF0213FDAA0CDBB6DAFAFD06CF5.d.081AFF75B8ABBFC360F3F1990C7A45A7.e.3474","ELEMENT":"f.8850BFF0213FDAA0CDBB6DAFAFD06CF5.d.081AFF75B8ABBFC360F3F1990C7A45A7.e.3474"}]}
RESULT: {"script":"<script> [8489 bytes]","args":[{"element-6066-11e4-a52e-4f735466cecf":"f.8850BFF0213FDAA0CDBB6DAFAFD06CF5.d.081AFF75B8ABBFC360F3F1990C7A45A7.e.3474","ELEMENT":"f.8850BFF0213FDAA0CDBB6DAFAFD06CF5.d.081AFF75B8ABBFC360F3F1990C7A45A7.e.3474"}]}
COMMAND: POST /session/b4f8750b6ab9764d379b715c7854fdbf/execute/async - {"script":"<script> [1562 bytes]","args":[{"selector":{"id":"application-managepartners-display-component---NewPartner--addressNewCostObjectCstID-vhi"},"wdio_ui5_key":"applicationmanagepartners-display-component---NewPartner--addressNewCostObjectCstID-vhi"}]}
COMMAND: GET /session/b4f8750b6ab9764d379b715c7854fdbf/screenshot - {}
RESULT: {"script":"<script> [1562 bytes]","args":[{"selector":{"id":"application-managepartners-display-component---NewPartner--addressNewCostObjectCstID-vhi"},"wdio_ui5_key":"applicationmanagepartners-display-component---NewPartner--addressNewCostObjectCstID-vhi"}]}
RESULT: undefined
COMMAND: POST /session/b4f8750b6ab9764d379b715c7854fdbf/element - {"using":"xpath","value":"//*[@id=\"application-managepartners-display-component---NewPartner--addressNewCostObjectCstID-vhi\"]"}
RESULT: {}
RESULT: {"using":"xpath","value":"//*[@id=\"application-managepartners-display-component---NewPartner--addressNewCostObjectCstID-vhi\"]"}
COMMAND: POST /session/b4f8750b6ab9764d379b715c7854fdbf/element/f.8850BFF0213FDAA0CDBB6DAFAFD06CF5.d.081AFF75B8ABBFC360F3F1990C7A45A7.e.3474/click - {}
RESULT: {}
COMMAND: GET /session/b4f8750b6ab9764d379b715c7854fdbf/screenshot - {}
RESULT: {}
RESULT: undefined
COMMAND: POST /session/b4f8750b6ab9764d379b715c7854fdbf/execute/async - {"script":"<script> [776 bytes]","args":[{"enterText":"10001013","selector":{"controlType":"sap.m.SearchField","properties":{"placeholder":"Search"},"searchOpenDialogs":true,"interaction":{"idSuffix":"I"}},"clearTextFirst":true,"interactionType":"ENTER_TEXT"}]}
RESULT: {"script":"<script> [776 bytes]","args":[{"enterText":"10001013","selector":{"controlType":"sap.m.SearchField","properties":{"placeholder":"Search"},"searchOpenDialogs":true,"interaction":{"idSuffix":"I"}},"clearTextFirst":true,"interactionType":"ENTER_TEXT"}]}
COMMAND: POST /session/b4f8750b6ab9764d379b715c7854fdbf/actions - {"actions":[{"id":"action2","type":"key","parameters":{},"actions":[{"type":"keyDown","value":""},{"type":"pause","duration":10},{"type":"keyUp","value":""}]}]}
RESULT: {"actions":[{"id":"action2","type":"key","parameters":{},"actions":[{"type":"keyDown","value":""},{"type":"pause","duration":10},{"type":"keyUp","value":""}]}]}
COMMAND: GET /session/b4f8750b6ab9764d379b715c7854fdbf/screenshot - {}
RESULT: {}
COMMAND: POST /session/b4f8750b6ab9764d379b715c7854fdbf/element - {"using":"xpath","value":"//span[contains(text(), \"General Management\")]"}
RESULT: {"using":"xpath","value":"//span[contains(text(), \"General Management\")]"}
COMMAND: POST /session/b4f8750b6ab9764d379b715c7854fdbf/element/f.8850BFF0213FDAA0CDBB6DAFAFD06CF5.d.081AFF75B8ABBFC360F3F1990C7A45A7.e.3512/click - {}
RESULT: {}
COMMAND: GET /session/b4f8750b6ab9764d379b715c7854fdbf/screenshot - {}
RESULT: {}
COMMAND: POST /session/b4f8750b6ab9764d379b715c7854fdbf/element - {"using":"xpath","value":"//bdi[contains(text(), \"OK\")]"}
RESULT: {"using":"xpath","value":"//bdi[contains(text(), \"OK\")]"}
COMMAND: POST /session/b4f8750b6ab9764d379b715c7854fdbf/element/f.8850BFF0213FDAA0CDBB6DAFAFD06CF5.d.081AFF75B8ABBFC360F3F1990C7A45A7.e.3513/click - {}
RESULT: {}
COMMAND: GET /session/b4f8750b6ab9764d379b715c7854fdbf/screenshot - {}
RESULT: {}
COMMAND: POST /session/b4f8750b6ab9764d379b715c7854fdbf/element - {"using":"xpath","value":"//input[@id=\"application-managepartners-display-component---NewPartner--companyCodeComboBox-inner\"]"}
RESULT: {"using":"xpath","value":"//input[@id=\"application-managepartners-display-component---NewPartner--companyCodeComboBox-inner\"]"}
COMMAND: POST /session/b4f8750b6ab9764d379b715c7854fdbf/element/f.8850BFF0213FDAA0CDBB6DAFAFD06CF5.d.081AFF75B8ABBFC360F3F1990C7A45A7.e.3306/clear - {}
RESULT: {}
COMMAND: POST /session/b4f8750b6ab9764d379b715c7854fdbf/element/f.8850BFF0213FDAA0CDBB6DAFAFD06CF5.d.081AFF75B8ABBFC360F3F1990C7A45A7.e.3306/value - {"text":"C002"}
COMMAND: GET /session/b4f8750b6ab9764d379b715c7854fdbf/screenshot - {}
RESULT: {"text":"C002"}
COMMAND: GET /session/b4f8750b6ab9764d379b715c7854fdbf/screenshot - {}
RESULT: {}
RESULT: {}
COMMAND: POST /session/b4f8750b6ab9764d379b715c7854fdbf/element - {"using":"xpath","value":"//li[.//span[text()= \"C002\"]]"}
RESULT: {"using":"xpath","value":"//li[.//span[text()= \"C002\"]]"}
COMMAND: POST /session/b4f8750b6ab9764d379b715c7854fdbf/element/f.8850BFF0213FDAA0CDBB6DAFAFD06CF5.d.081AFF75B8ABBFC360F3F1990C7A45A7.e.3519/click - {}
RESULT: {}
COMMAND: GET /session/b4f8750b6ab9764d379b715c7854fdbf/screenshot - {}
RESULT: {}
COMMAND: POST /session/b4f8750b6ab9764d379b715c7854fdbf/execute/async - {"script":"<script> [1562 bytes]","args":[{"selector":{"id":"application-managepartners-display-component---NewPartner--btnAddTableRow-img"},"wdio_ui5_key":"applicationmanagepartners-display-component---NewPartner--btnAddTableRow-img"}]}
RESULT: {"script":"<script> [1562 bytes]","args":[{"selector":{"id":"application-managepartners-display-component---NewPartner--btnAddTableRow-img"},"wdio_ui5_key":"applicationmanagepartners-display-component---NewPartner--btnAddTableRow-img"}]}
RESULT: undefined
COMMAND: POST /session/b4f8750b6ab9764d379b715c7854fdbf/element - {"using":"xpath","value":"//*[@id=\"application-managepartners-display-component---NewPartner--btnAddTableRow-img\"]"}
RESULT: {"using":"xpath","value":"//*[@id=\"application-managepartners-display-component---NewPartner--btnAddTableRow-img\"]"}
COMMAND: POST /session/b4f8750b6ab9764d379b715c7854fdbf/element/f.8850BFF0213FDAA0CDBB6DAFAFD06CF5.d.081AFF75B8ABBFC360F3F1990C7A45A7.e.3520/click - {}
RESULT: {}
COMMAND: GET /session/b4f8750b6ab9764d379b715c7854fdbf/screenshot - {}
RESULT: {}
COMMAND: POST /session/b4f8750b6ab9764d379b715c7854fdbf/element - {"using":"xpath","value":"//input[@id=\"application-managepartners-display-component---NewPartner--assignmentYard-application-managepartners-display-component---NewPartner--assignmentsTable-0-inner\"]"}
RESULT: {"using":"xpath","value":"//input[@id=\"application-managepartners-display-component---NewPartner--assignmentYard-application-managepartners-display-component---NewPartner--assignmentsTable-0-inner\"]"}
COMMAND: POST /session/b4f8750b6ab9764d379b715c7854fdbf/element/f.8850BFF0213FDAA0CDBB6DAFAFD06CF5.d.081AFF75B8ABBFC360F3F1990C7A45A7.e.3523/clear - {}
RESULT: {}
COMMAND: POST /session/b4f8750b6ab9764d379b715c7854fdbf/element/f.8850BFF0213FDAA0CDBB6DAFAFD06CF5.d.081AFF75B8ABBFC360F3F1990C7A45A7.e.3523/value - {"text":"245"}
COMMAND: GET /session/b4f8750b6ab9764d379b715c7854fdbf/screenshot - {}
RESULT: {"text":"245"}
COMMAND: GET /session/b4f8750b6ab9764d379b715c7854fdbf/screenshot - {}
RESULT: {}
RESULT: {}
COMMAND: POST /session/b4f8750b6ab9764d379b715c7854fdbf/element - {"using":"xpath","value":"//ul[contains(@id,\"NewPartner--assignmentsTable-0-popup-list-listUl\")]//li[.//span[text()='245']]"}
RESULT: {"using":"xpath","value":"//ul[contains(@id,\"NewPartner--assignmentsTable-0-popup-list-listUl\")]//li[.//span[text()='245']]"}
COMMAND: POST /session/b4f8750b6ab9764d379b715c7854fdbf/element/f.8850BFF0213FDAA0CDBB6DAFAFD06CF5.d.081AFF75B8ABBFC360F3F1990C7A45A7.e.3532/click - {}
RESULT: {}
COMMAND: GET /session/b4f8750b6ab9764d379b715c7854fdbf/screenshot - {}
RESULT: {}
COMMAND: POST /session/b4f8750b6ab9764d379b715c7854fdbf/actions - {"actions":[{"id":"action3","type":"key","parameters":{},"actions":[{"type":"keyDown","value":""},{"type":"pause","duration":10},{"type":"keyUp","value":""}]}]}
RESULT: {"actions":[{"id":"action3","type":"key","parameters":{},"actions":[{"type":"keyDown","value":""},{"type":"pause","duration":10},{"type":"keyUp","value":""}]}]}
COMMAND: POST /session/b4f8750b6ab9764d379b715c7854fdbf/execute/async - {"script":"<script> [1562 bytes]","args":[{"selector":{"id":"application-managepartners-display-component---NewPartner--externalCustomerComboBox-application-managepartners-display-component---NewPartner--assignmentsTable-0-vhi"},"wdio_ui5_key":"applicationmanagepartners-display-component---NewPartner--externalCustomerComboBox-application-managepartners-display-component---NewPartner--assignmentsTable-0-vhi"}]}
COMMAND: GET /session/b4f8750b6ab9764d379b715c7854fdbf/screenshot - {}
RESULT: {"script":"<script> [1562 bytes]","args":[{"selector":{"id":"application-managepartners-display-component---NewPartner--externalCustomerComboBox-application-managepartners-display-component---NewPartner--assignmentsTable-0-vhi"},"wdio_ui5_key":"applicationmanagepartners-display-component---NewPartner--externalCustomerComboBox-application-managepartners-display-component---NewPartner--assignmentsTable-0-vhi"}]}
RESULT: undefined
COMMAND: POST /session/b4f8750b6ab9764d379b715c7854fdbf/element - {"using":"xpath","value":"//*[@id=\"application-managepartners-display-component---NewPartner--externalCustomerComboBox-application-managepartners-display-component---NewPartner--assignmentsTable-0-vhi\"]"}
RESULT: {}
RESULT: {"using":"xpath","value":"//*[@id=\"application-managepartners-display-component---NewPartner--externalCustomerComboBox-application-managepartners-display-component---NewPartner--assignmentsTable-0-vhi\"]"}
COMMAND: POST /session/b4f8750b6ab9764d379b715c7854fdbf/element/f.8850BFF0213FDAA0CDBB6DAFAFD06CF5.d.081AFF75B8ABBFC360F3F1990C7A45A7.e.3536/click - {}
RESULT: {}
RESULT: undefined
COMMAND: POST /session/b4f8750b6ab9764d379b715c7854fdbf/execute/async - {"script":"<script> [776 bytes]","args":[{"enterText":"300003","selector":{"controlType":"sap.m.SearchField","properties":{"placeholder":"Search"},"searchOpenDialogs":true,"interaction":{"idSuffix":"I"}},"clearTextFirst":true,"interactionType":"ENTER_TEXT"}]}
COMMAND: GET /session/b4f8750b6ab9764d379b715c7854fdbf/screenshot - {}
RESULT: {"script":"<script> [776 bytes]","args":[{"enterText":"300003","selector":{"controlType":"sap.m.SearchField","properties":{"placeholder":"Search"},"searchOpenDialogs":true,"interaction":{"idSuffix":"I"}},"clearTextFirst":true,"interactionType":"ENTER_TEXT"}]}
COMMAND: POST /session/b4f8750b6ab9764d379b715c7854fdbf/actions - {"actions":[{"id":"action4","type":"key","parameters":{},"actions":[{"type":"keyDown","value":""},{"type":"pause","duration":10},{"type":"keyUp","value":""}]}]}
RESULT: {}
RESULT: {"actions":[{"id":"action4","type":"key","parameters":{},"actions":[{"type":"keyDown","value":""},{"type":"pause","duration":10},{"type":"keyUp","value":""}]}]}
COMMAND: GET /session/b4f8750b6ab9764d379b715c7854fdbf/screenshot - {}
RESULT: {}
COMMAND: POST /session/b4f8750b6ab9764d379b715c7854fdbf/element - {"using":"xpath","value":"//span[contains(text(), \"300003\")]"}
RESULT: {"using":"xpath","value":"//span[contains(text(), \"300003\")]"}
COMMAND: POST /session/b4f8750b6ab9764d379b715c7854fdbf/element/f.8850BFF0213FDAA0CDBB6DAFAFD06CF5.d.081AFF75B8ABBFC360F3F1990C7A45A7.e.3586/click - {}
RESULT: {}
COMMAND: GET /session/b4f8750b6ab9764d379b715c7854fdbf/screenshot - {}
RESULT: {}
COMMAND: POST /session/b4f8750b6ab9764d379b715c7854fdbf/element - {"using":"xpath","value":"//bdi[contains(text(), \"OK\")]"}
RESULT: {"using":"xpath","value":"//bdi[contains(text(), \"OK\")]"}
COMMAND: POST /session/b4f8750b6ab9764d379b715c7854fdbf/element/f.8850BFF0213FDAA0CDBB6DAFAFD06CF5.d.081AFF75B8ABBFC360F3F1990C7A45A7.e.3588/click - {}
RESULT: {}
COMMAND: GET /session/b4f8750b6ab9764d379b715c7854fdbf/screenshot - {}
RESULT: {}
COMMAND: POST /session/b4f8750b6ab9764d379b715c7854fdbf/execute/async - {"script":"<script> [1562 bytes]","args":[{"selector":{"id":"application-managepartners-display-component---NewPartner--intercompVendorComboBox-application-managepartners-display-component---NewPartner--assignmentsTable-0-vhi"},"wdio_ui5_key":"applicationmanagepartners-display-component---NewPartner--intercompVendorComboBox-application-managepartners-display-component---NewPartner--assignmentsTable-0-vhi"}]}
RESULT: {"script":"<script> [1562 bytes]","args":[{"selector":{"id":"application-managepartners-display-component---NewPartner--intercompVendorComboBox-application-managepartners-display-component---NewPartner--assignmentsTable-0-vhi"},"wdio_ui5_key":"applicationmanagepartners-display-component---NewPartner--intercompVendorComboBox-application-managepartners-display-component---NewPartner--assignmentsTable-0-vhi"}]}
RESULT: undefined
COMMAND: POST /session/b4f8750b6ab9764d379b715c7854fdbf/element - {"using":"xpath","value":"//*[@id=\"application-managepartners-display-component---NewPartner--intercompVendorComboBox-application-managepartners-display-component---NewPartner--assignmentsTable-0-vhi\"]"}
RESULT: {"using":"xpath","value":"//*[@id=\"application-managepartners-display-component---NewPartner--intercompVendorComboBox-application-managepartners-display-component---NewPartner--assignmentsTable-0-vhi\"]"}
COMMAND: POST /session/b4f8750b6ab9764d379b715c7854fdbf/element/f.8850BFF0213FDAA0CDBB6DAFAFD06CF5.d.081AFF75B8ABBFC360F3F1990C7A45A7.e.3591/click - {}
RESULT: {}
RESULT: undefined
COMMAND: POST /session/b4f8750b6ab9764d379b715c7854fdbf/execute/async - {"script":"<script> [776 bytes]","args":[{"enterText":"100005","selector":{"controlType":"sap.m.SearchField","properties":{"placeholder":"Search"},"searchOpenDialogs":true,"interaction":{"idSuffix":"I"}},"clearTextFirst":true,"interactionType":"ENTER_TEXT"}]}
COMMAND: GET /session/b4f8750b6ab9764d379b715c7854fdbf/screenshot - {}
RESULT: {"script":"<script> [776 bytes]","args":[{"enterText":"100005","selector":{"controlType":"sap.m.SearchField","properties":{"placeholder":"Search"},"searchOpenDialogs":true,"interaction":{"idSuffix":"I"}},"clearTextFirst":true,"interactionType":"ENTER_TEXT"}]}
COMMAND: POST /session/b4f8750b6ab9764d379b715c7854fdbf/actions - {"actions":[{"id":"action5","type":"key","parameters":{},"actions":[{"type":"keyDown","value":""},{"type":"pause","duration":10},{"type":"keyUp","value":""}]}]}
RESULT: {}
RESULT: {"actions":[{"id":"action5","type":"key","parameters":{},"actions":[{"type":"keyDown","value":""},{"type":"pause","duration":10},{"type":"keyUp","value":""}]}]}
COMMAND: GET /session/b4f8750b6ab9764d379b715c7854fdbf/screenshot - {}
RESULT: {}
COMMAND: POST /session/b4f8750b6ab9764d379b715c7854fdbf/element - {"using":"xpath","value":"//span[contains(text(), \"Penguins - Field/12345 Berlin\")]"}
RESULT: {"using":"xpath","value":"//span[contains(text(), \"Penguins - Field/12345 Berlin\")]"}
COMMAND: POST /session/b4f8750b6ab9764d379b715c7854fdbf/element/f.8850BFF0213FDAA0CDBB6DAFAFD06CF5.d.081AFF75B8ABBFC360F3F1990C7A45A7.e.3609/click - {}
RESULT: {}
COMMAND: GET /session/b4f8750b6ab9764d379b715c7854fdbf/screenshot - {}
RESULT: {}
COMMAND: POST /session/b4f8750b6ab9764d379b715c7854fdbf/element - {"using":"xpath","value":"//bdi[contains(text(), \"OK\")]"}
RESULT: {"using":"xpath","value":"//bdi[contains(text(), \"OK\")]"}
COMMAND: POST /session/b4f8750b6ab9764d379b715c7854fdbf/element/f.8850BFF0213FDAA0CDBB6DAFAFD06CF5.d.081AFF75B8ABBFC360F3F1990C7A45A7.e.3610/click - {}
RESULT: {}
COMMAND: GET /session/b4f8750b6ab9764d379b715c7854fdbf/screenshot - {}
RESULT: {}
COMMAND: POST /session/b4f8750b6ab9764d379b715c7854fdbf/element - {"using":"xpath","value":"//button[@data-kt=\"saveButton\"]"}
RESULT: {"using":"xpath","value":"//button[@data-kt=\"saveButton\"]"}
COMMAND: POST /session/b4f8750b6ab9764d379b715c7854fdbf/element/f.8850BFF0213FDAA0CDBB6DAFAFD06CF5.d.081AFF75B8ABBFC360F3F1990C7A45A7.e.3386/click - {}
RESULT: {}
COMMAND: GET /session/b4f8750b6ab9764d379b715c7854fdbf/screenshot - {}
RESULT: {}
COMMAND: POST /session/b4f8750b6ab9764d379b715c7854fdbf/element - {"using":"xpath","value":"//header[contains(@id, 'ObjectPageLayout-headerTitle')]/div[1]/div[2]/div[2]/span[1]"}
RESULT: {"using":"xpath","value":"//header[contains(@id, 'ObjectPageLayout-headerTitle')]/div[1]/div[2]/div[2]/span[1]"}
COMMAND: POST /session/b4f8750b6ab9764d379b715c7854fdbf/elements - {"using":"xpath","value":"//header[contains(@id, 'ObjectPageLayout-headerTitle')]/div[1]/div[2]/div[2]/span[1]"}
RESULT: {"using":"xpath","value":"//header[contains(@id, 'ObjectPageLayout-headerTitle')]/div[1]/div[2]/div[2]/span[1]"}
COMMAND: POST /session/b4f8750b6ab9764d379b715c7854fdbf/execute/sync - {"script":"<script> [56 bytes]","args":[{"element-6066-11e4-a52e-4f735466cecf":"f.8850BFF0213FDAA0CDBB6DAFAFD06CF5.d.081AFF75B8ABBFC360F3F1990C7A45A7.e.3769","ELEMENT":"f.8850BFF0213FDAA0CDBB6DAFAFD06CF5.d.081AFF75B8ABBFC360F3F1990C7A45A7.e.3769"}]}
RESULT: {"script":"<script> [56 bytes]","args":[{"element-6066-11e4-a52e-4f735466cecf":"f.8850BFF0213FDAA0CDBB6DAFAFD06CF5.d.081AFF75B8ABBFC360F3F1990C7A45A7.e.3769","ELEMENT":"f.8850BFF0213FDAA0CDBB6DAFAFD06CF5.d.081AFF75B8ABBFC360F3F1990C7A45A7.e.3769"}]}
COMMAND: POST /session/b4f8750b6ab9764d379b715c7854fdbf/element - {"using":"css selector","value":"#shell-header-logo"}
COMMAND: GET /session/b4f8750b6ab9764d379b715c7854fdbf/screenshot - {}
RESULT: {"using":"css selector","value":"#shell-header-logo"}
COMMAND: POST /session/b4f8750b6ab9764d379b715c7854fdbf/element/f.8850BFF0213FDAA0CDBB6DAFAFD06CF5.d.081AFF75B8ABBFC360F3F1990C7A45A7.e.2971/click - {}
RESULT: {}
RESULT: {}
COMMAND: GET /session/b4f8750b6ab9764d379b715c7854fdbf/screenshot - {}
RESULT: {}
COMMAND: POST /session/b4f8750b6ab9764d379b715c7854fdbf/execute/sync - {"script":"<script> [299 bytes]","args":[["getModel","getResource"]]}
RESULT: {"script":"<script> [299 bytes]","args":[["getModel","getResource"]]}
]]></system-out>
    </testcase>
    <testcase classname="chrome.137_0_7151_69.windows.Billing_Transfer_-_Master_data_&amp;_Intercompany_US127250" name="Should create a new site" time="149.868">
      <system-out><![CDATA[
COMMAND: GET /session/b4f8750b6ab9764d379b715c7854fdbf/screenshot - {}
COMMAND: POST /session/b4f8750b6ab9764d379b715c7854fdbf/execute/async - {"script":"<script> [1562 bytes]","args":[{"selector":{"controlType":"sap.m.GenericTile","properties":{"header":"Manage Sites"}},"wdio_ui5_key":"sapm.GenericTile{\"header\":\"Manage Sites\"}"}]}
RESULT: {}
RESULT: {"script":"<script> [1562 bytes]","args":[{"selector":{"controlType":"sap.m.GenericTile","properties":{"header":"Manage Sites"}},"wdio_ui5_key":"sapm.GenericTile{\"header\":\"Manage Sites\"}"}]}
RESULT: undefined
COMMAND: POST /session/b4f8750b6ab9764d379b715c7854fdbf/element - {"using":"xpath","value":"//*[@id=\"__tile41\"]"}
RESULT: {"using":"xpath","value":"//*[@id=\"__tile41\"]"}
COMMAND: POST /session/b4f8750b6ab9764d379b715c7854fdbf/element/f.8850BFF0213FDAA0CDBB6DAFAFD06CF5.d.081AFF75B8ABBFC360F3F1990C7A45A7.e.2101/click - {}
RESULT: {}
COMMAND: GET /session/b4f8750b6ab9764d379b715c7854fdbf/screenshot - {}
RESULT: {}
COMMAND: POST /session/b4f8750b6ab9764d379b715c7854fdbf/elements - {"using":"xpath","value":"//span[text()='Error']"}
RESULT: {"using":"xpath","value":"//span[text()='Error']"}
COMMAND: POST /session/b4f8750b6ab9764d379b715c7854fdbf/element - {"using":"xpath","value":"//button[@data-kt=\"addOverflowToolbarButton\"]"}
RESULT: {"using":"xpath","value":"//button[@data-kt=\"addOverflowToolbarButton\"]"}
COMMAND: POST /session/b4f8750b6ab9764d379b715c7854fdbf/elements - {"using":"xpath","value":"//button[@data-kt=\"addOverflowToolbarButton\"]"}
RESULT: {"using":"xpath","value":"//button[@data-kt=\"addOverflowToolbarButton\"]"}
COMMAND: POST /session/b4f8750b6ab9764d379b715c7854fdbf/execute/sync - {"script":"<script> [8489 bytes]","args":[{"element-6066-11e4-a52e-4f735466cecf":"f.8850BFF0213FDAA0CDBB6DAFAFD06CF5.d.081AFF75B8ABBFC360F3F1990C7A45A7.e.3816","ELEMENT":"f.8850BFF0213FDAA0CDBB6DAFAFD06CF5.d.081AFF75B8ABBFC360F3F1990C7A45A7.e.3816"}]}
RESULT: {"script":"<script> [8489 bytes]","args":[{"element-6066-11e4-a52e-4f735466cecf":"f.8850BFF0213FDAA0CDBB6DAFAFD06CF5.d.081AFF75B8ABBFC360F3F1990C7A45A7.e.3816","ELEMENT":"f.8850BFF0213FDAA0CDBB6DAFAFD06CF5.d.081AFF75B8ABBFC360F3F1990C7A45A7.e.3816"}]}
COMMAND: GET /session/b4f8750b6ab9764d379b715c7854fdbf/element/f.8850BFF0213FDAA0CDBB6DAFAFD06CF5.d.081AFF75B8ABBFC360F3F1990C7A45A7.e.3816/enabled - {}
COMMAND: GET /session/b4f8750b6ab9764d379b715c7854fdbf/screenshot - {}
RESULT: {}
COMMAND: POST /session/b4f8750b6ab9764d379b715c7854fdbf/execute/sync - {"script":"<script> [8489 bytes]","args":[{"element-6066-11e4-a52e-4f735466cecf":"f.8850BFF0213FDAA0CDBB6DAFAFD06CF5.d.081AFF75B8ABBFC360F3F1990C7A45A7.e.3816","ELEMENT":"f.8850BFF0213FDAA0CDBB6DAFAFD06CF5.d.081AFF75B8ABBFC360F3F1990C7A45A7.e.3816"}]}
COMMAND: GET /session/b4f8750b6ab9764d379b715c7854fdbf/screenshot - {}
RESULT: {}
RESULT: {"script":"<script> [8489 bytes]","args":[{"element-6066-11e4-a52e-4f735466cecf":"f.8850BFF0213FDAA0CDBB6DAFAFD06CF5.d.081AFF75B8ABBFC360F3F1990C7A45A7.e.3816","ELEMENT":"f.8850BFF0213FDAA0CDBB6DAFAFD06CF5.d.081AFF75B8ABBFC360F3F1990C7A45A7.e.3816"}]}
COMMAND: POST /session/b4f8750b6ab9764d379b715c7854fdbf/execute/sync - {"script":"<script> [5351 bytes]","args":[{"element-6066-11e4-a52e-4f735466cecf":"f.8850BFF0213FDAA0CDBB6DAFAFD06CF5.d.081AFF75B8ABBFC360F3F1990C7A45A7.e.3816","ELEMENT":"f.8850BFF0213FDAA0CDBB6DAFAFD06CF5.d.081AFF75B8ABBFC360F3F1990C7A45A7.e.3816"}]}
COMMAND: GET /session/b4f8750b6ab9764d379b715c7854fdbf/screenshot - {}
RESULT: {}
RESULT: {"script":"<script> [5351 bytes]","args":[{"element-6066-11e4-a52e-4f735466cecf":"f.8850BFF0213FDAA0CDBB6DAFAFD06CF5.d.081AFF75B8ABBFC360F3F1990C7A45A7.e.3816","ELEMENT":"f.8850BFF0213FDAA0CDBB6DAFAFD06CF5.d.081AFF75B8ABBFC360F3F1990C7A45A7.e.3816"}]}
COMMAND: POST /session/b4f8750b6ab9764d379b715c7854fdbf/element/f.8850BFF0213FDAA0CDBB6DAFAFD06CF5.d.081AFF75B8ABBFC360F3F1990C7A45A7.e.3816/click - {}
COMMAND: GET /session/b4f8750b6ab9764d379b715c7854fdbf/screenshot - {}
RESULT: {}
RESULT: {}
COMMAND: GET /session/b4f8750b6ab9764d379b715c7854fdbf/screenshot - {}
COMMAND: POST /session/b4f8750b6ab9764d379b715c7854fdbf/element - {"using":"xpath","value":"//input[@id=\"application-managesites-display-component---NewSite--siteId-inner\"]"}
RESULT: {}
RESULT: {}
RESULT: {"using":"xpath","value":"//input[@id=\"application-managesites-display-component---NewSite--siteId-inner\"]"}
COMMAND: POST /session/b4f8750b6ab9764d379b715c7854fdbf/element - {"using":"xpath","value":"//input[@id=\"application-managesites-display-component---NewSite--siteId-inner\"]"}
RESULT: {"using":"xpath","value":"//input[@id=\"application-managesites-display-component---NewSite--siteId-inner\"]"}
COMMAND: POST /session/b4f8750b6ab9764d379b715c7854fdbf/execute/async - {"script":"<script> [1562 bytes]","args":[{"selector":{"id":"application-managesites-display-component---NewSite--addressDetailDetailsName1","interaction":{"idSuffix":"inner"}},"wdio_ui5_key":"applicationmanagesites-display-component---NewSite--addressDetailDetailsName1"}]}
RESULT: {"script":"<script> [1562 bytes]","args":[{"selector":{"id":"application-managesites-display-component---NewSite--addressDetailDetailsName1","interaction":{"idSuffix":"inner"}},"wdio_ui5_key":"applicationmanagesites-display-component---NewSite--addressDetailDetailsName1"}]}
RESULT: undefined
COMMAND: POST /session/b4f8750b6ab9764d379b715c7854fdbf/execute/async - {"script":"<script> [776 bytes]","args":[{"enterText":"Intercompany Site wdIO","selector":{"id":"application-managesites-display-component---NewSite--addressDetailDetailsName1","interaction":{"idSuffix":"inner"}},"clearTextFirst":true,"interactionType":"ENTER_TEXT"}]}
RESULT: {"script":"<script> [776 bytes]","args":[{"enterText":"Intercompany Site wdIO","selector":{"id":"application-managesites-display-component---NewSite--addressDetailDetailsName1","interaction":{"idSuffix":"inner"}},"clearTextFirst":true,"interactionType":"ENTER_TEXT"}]}
COMMAND: POST /session/b4f8750b6ab9764d379b715c7854fdbf/execute/async - {"script":"<script> [1562 bytes]","args":[{"selector":{"id":"application-managesites-display-component---NewSite--addressDetailDetailsLanguage-arrow"},"wdio_ui5_key":"applicationmanagesites-display-component---NewSite--addressDetailDetailsLanguage-arrow"}]}
RESULT: {"script":"<script> [1562 bytes]","args":[{"selector":{"id":"application-managesites-display-component---NewSite--addressDetailDetailsLanguage-arrow"},"wdio_ui5_key":"applicationmanagesites-display-component---NewSite--addressDetailDetailsLanguage-arrow"}]}
RESULT: undefined
COMMAND: POST /session/b4f8750b6ab9764d379b715c7854fdbf/element - {"using":"xpath","value":"//*[@id=\"application-managesites-display-component---NewSite--addressDetailDetailsLanguage-arrow\"]"}
RESULT: {"using":"xpath","value":"//*[@id=\"application-managesites-display-component---NewSite--addressDetailDetailsLanguage-arrow\"]"}
COMMAND: POST /session/b4f8750b6ab9764d379b715c7854fdbf/element/f.8850BFF0213FDAA0CDBB6DAFAFD06CF5.d.081AFF75B8ABBFC360F3F1990C7A45A7.e.4421/click - {}
RESULT: {}
COMMAND: POST /session/b4f8750b6ab9764d379b715c7854fdbf/element - {"using":"xpath","value":"//span[contains(text(), \"English\")]"}
COMMAND: GET /session/b4f8750b6ab9764d379b715c7854fdbf/screenshot - {}
RESULT: {"using":"xpath","value":"//span[contains(text(), \"English\")]"}
COMMAND: POST /session/b4f8750b6ab9764d379b715c7854fdbf/element/f.8850BFF0213FDAA0CDBB6DAFAFD06CF5.d.081AFF75B8ABBFC360F3F1990C7A45A7.e.4422/click - {}
RESULT: {}
RESULT: {}
COMMAND: POST /session/b4f8750b6ab9764d379b715c7854fdbf/execute/async - {"script":"<script> [1562 bytes]","args":[{"selector":{"id":"application-managesites-display-component---NewSite--addressDetailDetailsCity1","interaction":{"idSuffix":"inner"}},"wdio_ui5_key":"applicationmanagesites-display-component---NewSite--addressDetailDetailsCity1"}]}
COMMAND: GET /session/b4f8750b6ab9764d379b715c7854fdbf/screenshot - {}
RESULT: {"script":"<script> [1562 bytes]","args":[{"selector":{"id":"application-managesites-display-component---NewSite--addressDetailDetailsCity1","interaction":{"idSuffix":"inner"}},"wdio_ui5_key":"applicationmanagesites-display-component---NewSite--addressDetailDetailsCity1"}]}
RESULT: undefined
COMMAND: POST /session/b4f8750b6ab9764d379b715c7854fdbf/execute/async - {"script":"<script> [776 bytes]","args":[{"enterText":"Rosario","selector":{"id":"application-managesites-display-component---NewSite--addressDetailDetailsCity1","interaction":{"idSuffix":"inner"}},"clearTextFirst":true,"interactionType":"ENTER_TEXT"}]}
RESULT: {}
RESULT: {"script":"<script> [776 bytes]","args":[{"enterText":"Rosario","selector":{"id":"application-managesites-display-component---NewSite--addressDetailDetailsCity1","interaction":{"idSuffix":"inner"}},"clearTextFirst":true,"interactionType":"ENTER_TEXT"}]}
COMMAND: POST /session/b4f8750b6ab9764d379b715c7854fdbf/execute/async - {"script":"<script> [1562 bytes]","args":[{"selector":{"id":"application-managesites-display-component---NewSite--addressDetailDetailsCountry-arrow"},"wdio_ui5_key":"applicationmanagesites-display-component---NewSite--addressDetailDetailsCountry-arrow"}]}
RESULT: {"script":"<script> [1562 bytes]","args":[{"selector":{"id":"application-managesites-display-component---NewSite--addressDetailDetailsCountry-arrow"},"wdio_ui5_key":"applicationmanagesites-display-component---NewSite--addressDetailDetailsCountry-arrow"}]}
RESULT: undefined
COMMAND: POST /session/b4f8750b6ab9764d379b715c7854fdbf/element - {"using":"xpath","value":"//*[@id=\"application-managesites-display-component---NewSite--addressDetailDetailsCountry-arrow\"]"}
RESULT: {"using":"xpath","value":"//*[@id=\"application-managesites-display-component---NewSite--addressDetailDetailsCountry-arrow\"]"}
COMMAND: POST /session/b4f8750b6ab9764d379b715c7854fdbf/element/f.8850BFF0213FDAA0CDBB6DAFAFD06CF5.d.081AFF75B8ABBFC360F3F1990C7A45A7.e.4424/click - {}
RESULT: {}
COMMAND: POST /session/b4f8750b6ab9764d379b715c7854fdbf/element - {"using":"xpath","value":"//span[contains(text(), \"Argentina\")]"}
COMMAND: GET /session/b4f8750b6ab9764d379b715c7854fdbf/screenshot - {}
RESULT: {"using":"xpath","value":"//span[contains(text(), \"Argentina\")]"}
COMMAND: POST /session/b4f8750b6ab9764d379b715c7854fdbf/element/f.8850BFF0213FDAA0CDBB6DAFAFD06CF5.d.081AFF75B8ABBFC360F3F1990C7A45A7.e.4425/click - {}
RESULT: {}
RESULT: {}
COMMAND: GET /session/b4f8750b6ab9764d379b715c7854fdbf/screenshot - {}
RESULT: {}
COMMAND: POST /session/b4f8750b6ab9764d379b715c7854fdbf/execute/async - {"script":"<script> [1562 bytes]","args":[{"selector":{"id":"application-managesites-display-component---NewSite--addressEditDetailsCostObjectCstType-arrow"},"wdio_ui5_key":"applicationmanagesites-display-component---NewSite--addressEditDetailsCostObjectCstType-arrow"}]}
RESULT: {"script":"<script> [1562 bytes]","args":[{"selector":{"id":"application-managesites-display-component---NewSite--addressEditDetailsCostObjectCstType-arrow"},"wdio_ui5_key":"applicationmanagesites-display-component---NewSite--addressEditDetailsCostObjectCstType-arrow"}]}
RESULT: undefined
COMMAND: POST /session/b4f8750b6ab9764d379b715c7854fdbf/element - {"using":"xpath","value":"//*[@id=\"application-managesites-display-component---NewSite--addressEditDetailsCostObjectCstType-arrow\"]"}
RESULT: {"using":"xpath","value":"//*[@id=\"application-managesites-display-component---NewSite--addressEditDetailsCostObjectCstType-arrow\"]"}
COMMAND: POST /session/b4f8750b6ab9764d379b715c7854fdbf/element/f.8850BFF0213FDAA0CDBB6DAFAFD06CF5.d.081AFF75B8ABBFC360F3F1990C7A45A7.e.4427/click - {}
RESULT: {}
COMMAND: POST /session/b4f8750b6ab9764d379b715c7854fdbf/element - {"using":"xpath","value":"//span[contains(text(), \"Cost Center\")]"}
COMMAND: GET /session/b4f8750b6ab9764d379b715c7854fdbf/screenshot - {}
RESULT: {"using":"xpath","value":"//span[contains(text(), \"Cost Center\")]"}
COMMAND: POST /session/b4f8750b6ab9764d379b715c7854fdbf/element/f.8850BFF0213FDAA0CDBB6DAFAFD06CF5.d.081AFF75B8ABBFC360F3F1990C7A45A7.e.4429/click - {}
RESULT: {}
RESULT: {}
COMMAND: GET /session/b4f8750b6ab9764d379b715c7854fdbf/screenshot - {}
RESULT: {}
COMMAND: POST /session/b4f8750b6ab9764d379b715c7854fdbf/element - {"using":"xpath","value":"//span[@id=\"application-managesites-display-component---NewSite--addressNewCostObjectCstID-vhi\"]"}
RESULT: {"using":"xpath","value":"//span[@id=\"application-managesites-display-component---NewSite--addressNewCostObjectCstID-vhi\"]"}
COMMAND: POST /session/b4f8750b6ab9764d379b715c7854fdbf/execute/sync - {"script":"<script> [8489 bytes]","args":[{"element-6066-11e4-a52e-4f735466cecf":"f.8850BFF0213FDAA0CDBB6DAFAFD06CF5.d.081AFF75B8ABBFC360F3F1990C7A45A7.e.4433","ELEMENT":"f.8850BFF0213FDAA0CDBB6DAFAFD06CF5.d.081AFF75B8ABBFC360F3F1990C7A45A7.e.4433"}]}
RESULT: {"script":"<script> [8489 bytes]","args":[{"element-6066-11e4-a52e-4f735466cecf":"f.8850BFF0213FDAA0CDBB6DAFAFD06CF5.d.081AFF75B8ABBFC360F3F1990C7A45A7.e.4433","ELEMENT":"f.8850BFF0213FDAA0CDBB6DAFAFD06CF5.d.081AFF75B8ABBFC360F3F1990C7A45A7.e.4433"}]}
COMMAND: POST /session/b4f8750b6ab9764d379b715c7854fdbf/execute/async - {"script":"<script> [1562 bytes]","args":[{"selector":{"id":"application-managesites-display-component---NewSite--addressNewCostObjectCstID-vhi"},"wdio_ui5_key":"applicationmanagesites-display-component---NewSite--addressNewCostObjectCstID-vhi"}]}
COMMAND: GET /session/b4f8750b6ab9764d379b715c7854fdbf/screenshot - {}
RESULT: {"script":"<script> [1562 bytes]","args":[{"selector":{"id":"application-managesites-display-component---NewSite--addressNewCostObjectCstID-vhi"},"wdio_ui5_key":"applicationmanagesites-display-component---NewSite--addressNewCostObjectCstID-vhi"}]}
RESULT: undefined
COMMAND: POST /session/b4f8750b6ab9764d379b715c7854fdbf/element - {"using":"xpath","value":"//*[@id=\"application-managesites-display-component---NewSite--addressNewCostObjectCstID-vhi\"]"}
RESULT: {}
RESULT: {"using":"xpath","value":"//*[@id=\"application-managesites-display-component---NewSite--addressNewCostObjectCstID-vhi\"]"}
COMMAND: POST /session/b4f8750b6ab9764d379b715c7854fdbf/element/f.8850BFF0213FDAA0CDBB6DAFAFD06CF5.d.081AFF75B8ABBFC360F3F1990C7A45A7.e.4433/click - {}
RESULT: {}
COMMAND: GET /session/b4f8750b6ab9764d379b715c7854fdbf/screenshot - {}
RESULT: {}
RESULT: undefined
COMMAND: POST /session/b4f8750b6ab9764d379b715c7854fdbf/execute/async - {"script":"<script> [776 bytes]","args":[{"enterText":"10001013","selector":{"controlType":"sap.m.SearchField","properties":{"placeholder":"Search"},"searchOpenDialogs":true,"interaction":{"idSuffix":"I"}},"clearTextFirst":true,"interactionType":"ENTER_TEXT"}]}
RESULT: {"script":"<script> [776 bytes]","args":[{"enterText":"10001013","selector":{"controlType":"sap.m.SearchField","properties":{"placeholder":"Search"},"searchOpenDialogs":true,"interaction":{"idSuffix":"I"}},"clearTextFirst":true,"interactionType":"ENTER_TEXT"}]}
COMMAND: POST /session/b4f8750b6ab9764d379b715c7854fdbf/actions - {"actions":[{"id":"action6","type":"key","parameters":{},"actions":[{"type":"keyDown","value":""},{"type":"pause","duration":10},{"type":"keyUp","value":""}]}]}
RESULT: {"actions":[{"id":"action6","type":"key","parameters":{},"actions":[{"type":"keyDown","value":""},{"type":"pause","duration":10},{"type":"keyUp","value":""}]}]}
COMMAND: GET /session/b4f8750b6ab9764d379b715c7854fdbf/screenshot - {}
RESULT: {}
COMMAND: POST /session/b4f8750b6ab9764d379b715c7854fdbf/element - {"using":"xpath","value":"//span[contains(text(), \"General Management\")]"}
RESULT: {"using":"xpath","value":"//span[contains(text(), \"General Management\")]"}
COMMAND: POST /session/b4f8750b6ab9764d379b715c7854fdbf/element/f.8850BFF0213FDAA0CDBB6DAFAFD06CF5.d.081AFF75B8ABBFC360F3F1990C7A45A7.e.4472/click - {}
RESULT: {}
COMMAND: GET /session/b4f8750b6ab9764d379b715c7854fdbf/screenshot - {}
RESULT: {}
COMMAND: POST /session/b4f8750b6ab9764d379b715c7854fdbf/element - {"using":"xpath","value":"//bdi[contains(text(), \"OK\")]"}
RESULT: {"using":"xpath","value":"//bdi[contains(text(), \"OK\")]"}
COMMAND: POST /session/b4f8750b6ab9764d379b715c7854fdbf/element/f.8850BFF0213FDAA0CDBB6DAFAFD06CF5.d.081AFF75B8ABBFC360F3F1990C7A45A7.e.4473/click - {}
RESULT: {}
COMMAND: GET /session/b4f8750b6ab9764d379b715c7854fdbf/screenshot - {}
RESULT: {}
COMMAND: POST /session/b4f8750b6ab9764d379b715c7854fdbf/element - {"using":"xpath","value":"//input[@id=\"application-managesites-display-component---NewSite--addressDetailDetailsCalendar-inner\"]"}
RESULT: {"using":"xpath","value":"//input[@id=\"application-managesites-display-component---NewSite--addressDetailDetailsCalendar-inner\"]"}
COMMAND: POST /session/b4f8750b6ab9764d379b715c7854fdbf/element/f.8850BFF0213FDAA0CDBB6DAFAFD06CF5.d.081AFF75B8ABBFC360F3F1990C7A45A7.e.4222/clear - {}
RESULT: {}
COMMAND: POST /session/b4f8750b6ab9764d379b715c7854fdbf/element/f.8850BFF0213FDAA0CDBB6DAFAFD06CF5.d.081AFF75B8ABBFC360F3F1990C7A45A7.e.4222/value - {"text":"Unit"}
COMMAND: GET /session/b4f8750b6ab9764d379b715c7854fdbf/screenshot - {}
RESULT: {"text":"Unit"}
COMMAND: GET /session/b4f8750b6ab9764d379b715c7854fdbf/screenshot - {}
RESULT: {}
RESULT: {}
COMMAND: POST /session/b4f8750b6ab9764d379b715c7854fdbf/actions - {"actions":[{"id":"action7","type":"key","parameters":{},"actions":[{"type":"keyDown","value":""},{"type":"pause","duration":10},{"type":"keyUp","value":""}]}]}
RESULT: {"actions":[{"id":"action7","type":"key","parameters":{},"actions":[{"type":"keyDown","value":""},{"type":"pause","duration":10},{"type":"keyUp","value":""}]}]}
COMMAND: POST /session/b4f8750b6ab9764d379b715c7854fdbf/element - {"using":"xpath","value":"//input[@id=\"application-managesites-display-component---NewSite--addressDetailDetailsYard-inner\"]"}
COMMAND: GET /session/b4f8750b6ab9764d379b715c7854fdbf/screenshot - {}
RESULT: {"using":"xpath","value":"//input[@id=\"application-managesites-display-component---NewSite--addressDetailDetailsYard-inner\"]"}
COMMAND: POST /session/b4f8750b6ab9764d379b715c7854fdbf/element/f.8850BFF0213FDAA0CDBB6DAFAFD06CF5.d.081AFF75B8ABBFC360F3F1990C7A45A7.e.4223/clear - {}
RESULT: {}
RESULT: {}
COMMAND: POST /session/b4f8750b6ab9764d379b715c7854fdbf/element/f.8850BFF0213FDAA0CDBB6DAFAFD06CF5.d.081AFF75B8ABBFC360F3F1990C7A45A7.e.4223/value - {"text":"245"}
COMMAND: GET /session/b4f8750b6ab9764d379b715c7854fdbf/screenshot - {}
RESULT: {"text":"245"}
COMMAND: GET /session/b4f8750b6ab9764d379b715c7854fdbf/screenshot - {}
RESULT: {}
RESULT: {}
COMMAND: POST /session/b4f8750b6ab9764d379b715c7854fdbf/element - {"using":"xpath","value":"//li[.//span[text()='245']]"}
RESULT: {"using":"xpath","value":"//li[.//span[text()='245']]"}
COMMAND: POST /session/b4f8750b6ab9764d379b715c7854fdbf/element/f.8850BFF0213FDAA0CDBB6DAFAFD06CF5.d.081AFF75B8ABBFC360F3F1990C7A45A7.e.4481/click - {}
RESULT: {}
COMMAND: GET /session/b4f8750b6ab9764d379b715c7854fdbf/screenshot - {}
RESULT: {}
COMMAND: POST /session/b4f8750b6ab9764d379b715c7854fdbf/element - {"using":"xpath","value":"//input[@id=\"application-managesites-display-component---NewSite--addressDetailDetailsPartner-inner\"]"}
RESULT: {"using":"xpath","value":"//input[@id=\"application-managesites-display-component---NewSite--addressDetailDetailsPartner-inner\"]"}
COMMAND: POST /session/b4f8750b6ab9764d379b715c7854fdbf/element - {"using":"xpath","value":"//input[@id=\"application-managesites-display-component---NewSite--addressDetailDetailsPartner-inner\"]"}
RESULT: {"using":"xpath","value":"//input[@id=\"application-managesites-display-component---NewSite--addressDetailDetailsPartner-inner\"]"}
COMMAND: POST /session/b4f8750b6ab9764d379b715c7854fdbf/element - {"using":"xpath","value":"//button[@data-kt=\"saveButton\"]"}
RESULT: {"using":"xpath","value":"//button[@data-kt=\"saveButton\"]"}
COMMAND: POST /session/b4f8750b6ab9764d379b715c7854fdbf/element/f.8850BFF0213FDAA0CDBB6DAFAFD06CF5.d.081AFF75B8ABBFC360F3F1990C7A45A7.e.4414/click - {}
RESULT: {}
COMMAND: GET /session/b4f8750b6ab9764d379b715c7854fdbf/screenshot - {}
COMMAND: POST /session/b4f8750b6ab9764d379b715c7854fdbf/element - {"using":"xpath","value":"//header[contains(@id, 'ObjectPageLayout-headerTitle')]/div[1]/div[2]/div[2]/span[1]"}
RESULT: {}
RESULT: {"using":"xpath","value":"//header[contains(@id, 'ObjectPageLayout-headerTitle')]/div[1]/div[2]/div[2]/span[1]"}
COMMAND: POST /session/b4f8750b6ab9764d379b715c7854fdbf/elements - {"using":"xpath","value":"//header[contains(@id, 'ObjectPageLayout-headerTitle')]/div[1]/div[2]/div[2]/span[1]"}
RESULT: {"using":"xpath","value":"//header[contains(@id, 'ObjectPageLayout-headerTitle')]/div[1]/div[2]/div[2]/span[1]"}
COMMAND: POST /session/b4f8750b6ab9764d379b715c7854fdbf/execute/sync - {"script":"<script> [56 bytes]","args":[{"element-6066-11e4-a52e-4f735466cecf":"f.8850BFF0213FDAA0CDBB6DAFAFD06CF5.d.081AFF75B8ABBFC360F3F1990C7A45A7.e.4684","ELEMENT":"f.8850BFF0213FDAA0CDBB6DAFAFD06CF5.d.081AFF75B8ABBFC360F3F1990C7A45A7.e.4684"}]}
RESULT: {"script":"<script> [56 bytes]","args":[{"element-6066-11e4-a52e-4f735466cecf":"f.8850BFF0213FDAA0CDBB6DAFAFD06CF5.d.081AFF75B8ABBFC360F3F1990C7A45A7.e.4684","ELEMENT":"f.8850BFF0213FDAA0CDBB6DAFAFD06CF5.d.081AFF75B8ABBFC360F3F1990C7A45A7.e.4684"}]}
COMMAND: POST /session/b4f8750b6ab9764d379b715c7854fdbf/element - {"using":"css selector","value":"#shell-header-logo"}
COMMAND: GET /session/b4f8750b6ab9764d379b715c7854fdbf/screenshot - {}
RESULT: {"using":"css selector","value":"#shell-header-logo"}
COMMAND: POST /session/b4f8750b6ab9764d379b715c7854fdbf/element/f.8850BFF0213FDAA0CDBB6DAFAFD06CF5.d.081AFF75B8ABBFC360F3F1990C7A45A7.e.3774/click - {}
RESULT: {}
RESULT: {}
COMMAND: GET /session/b4f8750b6ab9764d379b715c7854fdbf/screenshot - {}
RESULT: {}
COMMAND: POST /session/b4f8750b6ab9764d379b715c7854fdbf/execute/sync - {"script":"<script> [299 bytes]","args":[["getModel","getResource"]]}
RESULT: {"script":"<script> [299 bytes]","args":[["getModel","getResource"]]}
COMMAND: POST /session/b4f8750b6ab9764d379b715c7854fdbf/actions - {"actions":[{"id":"action8","type":"key","parameters":{},"actions":[{"type":"keyDown","value":""},{"type":"pause","duration":10},{"type":"keyUp","value":""}]}]}
COMMAND: GET /session/b4f8750b6ab9764d379b715c7854fdbf/screenshot - {}
RESULT: {"actions":[{"id":"action8","type":"key","parameters":{},"actions":[{"type":"keyDown","value":""},{"type":"pause","duration":10},{"type":"keyUp","value":""}]}]}
COMMAND: GET /session/b4f8750b6ab9764d379b715c7854fdbf/screenshot - {}
RESULT: {}
RESULT: {}
COMMAND: POST /session/b4f8750b6ab9764d379b715c7854fdbf/refresh - {}
RESULT: {}
COMMAND: GET /session/b4f8750b6ab9764d379b715c7854fdbf/screenshot - {}
RESULT: {}
COMMAND: POST /session/b4f8750b6ab9764d379b715c7854fdbf/refresh - {}
RESULT: {}
COMMAND: GET /session/b4f8750b6ab9764d379b715c7854fdbf/screenshot - {}
RESULT: {}
COMMAND: POST /session/b4f8750b6ab9764d379b715c7854fdbf/window/fullscreen - {}
RESULT: {}
RESULT: undefined
COMMAND: POST /session/b4f8750b6ab9764d379b715c7854fdbf/execute/async - {"script":"<script> [189 bytes]","args":[]}
RESULT: {"script":"<script> [189 bytes]","args":[]}
COMMAND: POST /session/b4f8750b6ab9764d379b715c7854fdbf/execute/async - {"script":"<script> [123 bytes]","args":[]}
RESULT: {"script":"<script> [123 bytes]","args":[]}
COMMAND: POST /session/b4f8750b6ab9764d379b715c7854fdbf/timeouts - {"script":"<number>"}
RESULT: {"script":"<number>"}
COMMAND: GET /session/b4f8750b6ab9764d379b715c7854fdbf/timeouts - {}
RESULT: {}
RESULT: undefined
COMMAND: POST /session/b4f8750b6ab9764d379b715c7854fdbf/execute/async - {"script":"<script> [2676 bytes]","args":[]}
RESULT: {"script":"<script> [2676 bytes]","args":[]}
COMMAND: POST /session/b4f8750b6ab9764d379b715c7854fdbf/execute/async - {"script":"<script> [2342 bytes]","args":[{"protocol":"http","hostname":"0.0.0.0","path":"/","capabilities":{"browserName":"chrome","goog:chromeOptions":{"binary":"C:\\Program Files\\Google\\Chrome\\Application\\chrome.exe","args":["--start-maximized"]}},"logLevel":"warn","connectionRetryTimeout":120000,"connectionRetryCount":3,"logLevels":{},"enableDirectConnect":true,"strictSSL":true,"_":"65 more keys: [\"cacheDir\",\"port\",\"requestedCapabilities\",\"automationProtocol\",\"baseUrl\",\"waitforInterval\",\"waitforTimeout\",\"onReload\",\"beforeCommand\",\"afterCommand\",\"rootDir\",\"specs\",\"suites\",\"exclude\",\"groupLogsByTestSpec\",\"excludeDriverLogs\",\"bail\",\"framework\",\"reporters\",\"services\",\"maxInstances\",\"maxInstancesPerCapability\",\"injectGlobals\",\"filesToWatch\",\"execArgv\",\"runnerEnv\",\"runner\",\"shard\",\"specFileRetries\",\"specFileRetriesDelay\",\"specFileRetriesDeferred\",\"reporterSyncInterval\",\"reporterSyncTimeout\",\"cucumberFeaturesWithLineNumbers\",\"autoCompileOpts\",\"mochaOpts\",\"jasmineOpts\",\"cucumberOpts\",\"onPrepare\",\"onWorkerStart\",\"onWorkerEnd\",\"before\",\"beforeSession\",\"beforeSuite\",\"beforeHook\",\"beforeTest\",\"afterTest\",\"afterHook\",\"afterSuite\",\"afterSession\",\"after\",\"onComplete\",\"beforeAssertion\",\"afterAssertion\",\"beforeFeature\",\"beforeScenario\",\"beforeStep\",\"afterStep\",\"afterScenario\",\"afterFeature\",\"_\",\"suite\",\"$0\",\"ignoredWorkerServices\",\"wdi5\"]"}]}
RESULT: {"script":"<script> [2342 bytes]","args":[{"protocol":"http","hostname":"0.0.0.0","path":"/","capabilities":{"browserName":"chrome","goog:chromeOptions":{"binary":"C:\\Program Files\\Google\\Chrome\\Application\\chrome.exe","args":["--start-maximized"]}},"logLevel":"warn","connectionRetryTimeout":120000,"connectionRetryCount":3,"logLevels":{},"enableDirectConnect":true,"strictSSL":true,"_":"65 more keys: [\"cacheDir\",\"port\",\"requestedCapabilities\",\"automationProtocol\",\"baseUrl\",\"waitforInterval\",\"waitforTimeout\",\"onReload\",\"beforeCommand\",\"afterCommand\",\"rootDir\",\"specs\",\"suites\",\"exclude\",\"groupLogsByTestSpec\",\"excludeDriverLogs\",\"bail\",\"framework\",\"reporters\",\"services\",\"maxInstances\",\"maxInstancesPerCapability\",\"injectGlobals\",\"filesToWatch\",\"execArgv\",\"runnerEnv\",\"runner\",\"shard\",\"specFileRetries\",\"specFileRetriesDelay\",\"specFileRetriesDeferred\",\"reporterSyncInterval\",\"reporterSyncTimeout\",\"cucumberFeaturesWithLineNumbers\",\"autoCompileOpts\",\"mochaOpts\",\"jasmineOpts\",\"cucumberOpts\",\"onPrepare\",\"onWorkerStart\",\"onWorkerEnd\",\"before\",\"beforeSession\",\"beforeSuite\",\"beforeHook\",\"beforeTest\",\"afterTest\",\"afterHook\",\"afterSuite\",\"afterSession\",\"after\",\"onComplete\",\"beforeAssertion\",\"afterAssertion\",\"beforeFeature\",\"beforeScenario\",\"beforeStep\",\"afterStep\",\"afterScenario\",\"afterFeature\",\"_\",\"suite\",\"$0\",\"ignoredWorkerServices\",\"wdi5\"]"}]}
COMMAND: POST /session/b4f8750b6ab9764d379b715c7854fdbf/execute/async - {"script":"<script> [21126 bytes]","args":[35000]}
RESULT: {"script":"<script> [21126 bytes]","args":[35000]}
COMMAND: POST /session/b4f8750b6ab9764d379b715c7854fdbf/window/fullscreen - {}
RESULT: {}
]]></system-out>
    </testcase>
    <testcase classname="chrome.137_0_7151_69.windows.Billing_Transfer_-_Master_data_&amp;_Intercompany_US127250" name="Should create a new equipment" time="139.117">
      <system-out><![CDATA[
COMMAND: POST /session/b4f8750b6ab9764d379b715c7854fdbf/execute/async - {"script":"<script> [1562 bytes]","args":[{"selector":{"controlType":"sap.m.GenericTile","properties":{"header":"Manage Resources"}},"wdio_ui5_key":"sapm.GenericTile{\"header\":\"Manage Resources\"}"}]}
RESULT: {"script":"<script> [1562 bytes]","args":[{"selector":{"controlType":"sap.m.GenericTile","properties":{"header":"Manage Resources"}},"wdio_ui5_key":"sapm.GenericTile{\"header\":\"Manage Resources\"}"}]}
RESULT: undefined
COMMAND: POST /session/b4f8750b6ab9764d379b715c7854fdbf/element - {"using":"xpath","value":"//*[@id=\"__tile32\"]"}
RESULT: {"using":"xpath","value":"//*[@id=\"__tile32\"]"}
COMMAND: POST /session/b4f8750b6ab9764d379b715c7854fdbf/element/f.8850BFF0213FDAA0CDBB6DAFAFD06CF5.d.6C94749AE1BD40B67182DCB3D85795C7.e.4758/click - {}
RESULT: {}
COMMAND: GET /session/b4f8750b6ab9764d379b715c7854fdbf/screenshot - {}
RESULT: {}
COMMAND: POST /session/b4f8750b6ab9764d379b715c7854fdbf/elements - {"using":"xpath","value":"//span[text()='Error']"}
RESULT: {"using":"xpath","value":"//span[text()='Error']"}
COMMAND: POST /session/b4f8750b6ab9764d379b715c7854fdbf/element - {"using":"xpath","value":"//button[@data-kt=\"addNewRUOverflowToolbarButton\"]"}
RESULT: {"using":"xpath","value":"//button[@data-kt=\"addNewRUOverflowToolbarButton\"]"}
COMMAND: POST /session/b4f8750b6ab9764d379b715c7854fdbf/elements - {"using":"xpath","value":"//button[@data-kt=\"addNewRUOverflowToolbarButton\"]"}
RESULT: {"using":"xpath","value":"//button[@data-kt=\"addNewRUOverflowToolbarButton\"]"}
COMMAND: POST /session/b4f8750b6ab9764d379b715c7854fdbf/elements - {"using":"xpath","value":"//button[@data-kt=\"addNewRUOverflowToolbarButton\"]"}
RESULT: {"using":"xpath","value":"//button[@data-kt=\"addNewRUOverflowToolbarButton\"]"}
COMMAND: POST /session/b4f8750b6ab9764d379b715c7854fdbf/elements - {"using":"xpath","value":"//button[@data-kt=\"addNewRUOverflowToolbarButton\"]"}
RESULT: {"using":"xpath","value":"//button[@data-kt=\"addNewRUOverflowToolbarButton\"]"}
COMMAND: POST /session/b4f8750b6ab9764d379b715c7854fdbf/elements - {"using":"xpath","value":"//button[@data-kt=\"addNewRUOverflowToolbarButton\"]"}
RESULT: {"using":"xpath","value":"//button[@data-kt=\"addNewRUOverflowToolbarButton\"]"}
COMMAND: POST /session/b4f8750b6ab9764d379b715c7854fdbf/elements - {"using":"xpath","value":"//button[@data-kt=\"addNewRUOverflowToolbarButton\"]"}
RESULT: {"using":"xpath","value":"//button[@data-kt=\"addNewRUOverflowToolbarButton\"]"}
COMMAND: POST /session/b4f8750b6ab9764d379b715c7854fdbf/elements - {"using":"xpath","value":"//button[@data-kt=\"addNewRUOverflowToolbarButton\"]"}
RESULT: {"using":"xpath","value":"//button[@data-kt=\"addNewRUOverflowToolbarButton\"]"}
COMMAND: POST /session/b4f8750b6ab9764d379b715c7854fdbf/elements - {"using":"xpath","value":"//button[@data-kt=\"addNewRUOverflowToolbarButton\"]"}
RESULT: {"using":"xpath","value":"//button[@data-kt=\"addNewRUOverflowToolbarButton\"]"}
COMMAND: POST /session/b4f8750b6ab9764d379b715c7854fdbf/elements - {"using":"xpath","value":"//button[@data-kt=\"addNewRUOverflowToolbarButton\"]"}
RESULT: {"using":"xpath","value":"//button[@data-kt=\"addNewRUOverflowToolbarButton\"]"}
COMMAND: POST /session/b4f8750b6ab9764d379b715c7854fdbf/elements - {"using":"xpath","value":"//button[@data-kt=\"addNewRUOverflowToolbarButton\"]"}
RESULT: {"using":"xpath","value":"//button[@data-kt=\"addNewRUOverflowToolbarButton\"]"}
COMMAND: POST /session/b4f8750b6ab9764d379b715c7854fdbf/elements - {"using":"xpath","value":"//button[@data-kt=\"addNewRUOverflowToolbarButton\"]"}
RESULT: {"using":"xpath","value":"//button[@data-kt=\"addNewRUOverflowToolbarButton\"]"}
COMMAND: POST /session/b4f8750b6ab9764d379b715c7854fdbf/elements - {"using":"xpath","value":"//button[@data-kt=\"addNewRUOverflowToolbarButton\"]"}
RESULT: {"using":"xpath","value":"//button[@data-kt=\"addNewRUOverflowToolbarButton\"]"}
COMMAND: POST /session/b4f8750b6ab9764d379b715c7854fdbf/elements - {"using":"xpath","value":"//button[@data-kt=\"addNewRUOverflowToolbarButton\"]"}
RESULT: {"using":"xpath","value":"//button[@data-kt=\"addNewRUOverflowToolbarButton\"]"}
COMMAND: POST /session/b4f8750b6ab9764d379b715c7854fdbf/elements - {"using":"xpath","value":"//button[@data-kt=\"addNewRUOverflowToolbarButton\"]"}
RESULT: {"using":"xpath","value":"//button[@data-kt=\"addNewRUOverflowToolbarButton\"]"}
COMMAND: POST /session/b4f8750b6ab9764d379b715c7854fdbf/elements - {"using":"xpath","value":"//button[@data-kt=\"addNewRUOverflowToolbarButton\"]"}
RESULT: {"using":"xpath","value":"//button[@data-kt=\"addNewRUOverflowToolbarButton\"]"}
COMMAND: POST /session/b4f8750b6ab9764d379b715c7854fdbf/element - {"using":"xpath","value":"//button[@data-kt=\"addNewRUOverflowToolbarButton\"]"}
RESULT: {"using":"xpath","value":"//button[@data-kt=\"addNewRUOverflowToolbarButton\"]"}
COMMAND: POST /session/b4f8750b6ab9764d379b715c7854fdbf/execute/sync - {"script":"<script> [8489 bytes]","args":[{"element-6066-11e4-a52e-4f735466cecf":"f.8850BFF0213FDAA0CDBB6DAFAFD06CF5.d.6C94749AE1BD40B67182DCB3D85795C7.e.4870","ELEMENT":"f.8850BFF0213FDAA0CDBB6DAFAFD06CF5.d.6C94749AE1BD40B67182DCB3D85795C7.e.4870"}]}
RESULT: {"script":"<script> [8489 bytes]","args":[{"element-6066-11e4-a52e-4f735466cecf":"f.8850BFF0213FDAA0CDBB6DAFAFD06CF5.d.6C94749AE1BD40B67182DCB3D85795C7.e.4870","ELEMENT":"f.8850BFF0213FDAA0CDBB6DAFAFD06CF5.d.6C94749AE1BD40B67182DCB3D85795C7.e.4870"}]}
COMMAND: GET /session/b4f8750b6ab9764d379b715c7854fdbf/element/f.8850BFF0213FDAA0CDBB6DAFAFD06CF5.d.6C94749AE1BD40B67182DCB3D85795C7.e.4870/enabled - {}
COMMAND: GET /session/b4f8750b6ab9764d379b715c7854fdbf/screenshot - {}
RESULT: {}
COMMAND: POST /session/b4f8750b6ab9764d379b715c7854fdbf/execute/sync - {"script":"<script> [8489 bytes]","args":[{"element-6066-11e4-a52e-4f735466cecf":"f.8850BFF0213FDAA0CDBB6DAFAFD06CF5.d.6C94749AE1BD40B67182DCB3D85795C7.e.4870","ELEMENT":"f.8850BFF0213FDAA0CDBB6DAFAFD06CF5.d.6C94749AE1BD40B67182DCB3D85795C7.e.4870"}]}
COMMAND: GET /session/b4f8750b6ab9764d379b715c7854fdbf/screenshot - {}
RESULT: {}
RESULT: {"script":"<script> [8489 bytes]","args":[{"element-6066-11e4-a52e-4f735466cecf":"f.8850BFF0213FDAA0CDBB6DAFAFD06CF5.d.6C94749AE1BD40B67182DCB3D85795C7.e.4870","ELEMENT":"f.8850BFF0213FDAA0CDBB6DAFAFD06CF5.d.6C94749AE1BD40B67182DCB3D85795C7.e.4870"}]}
COMMAND: POST /session/b4f8750b6ab9764d379b715c7854fdbf/execute/sync - {"script":"<script> [5351 bytes]","args":[{"element-6066-11e4-a52e-4f735466cecf":"f.8850BFF0213FDAA0CDBB6DAFAFD06CF5.d.6C94749AE1BD40B67182DCB3D85795C7.e.4870","ELEMENT":"f.8850BFF0213FDAA0CDBB6DAFAFD06CF5.d.6C94749AE1BD40B67182DCB3D85795C7.e.4870"}]}
COMMAND: GET /session/b4f8750b6ab9764d379b715c7854fdbf/screenshot - {}
RESULT: {}
RESULT: {"script":"<script> [5351 bytes]","args":[{"element-6066-11e4-a52e-4f735466cecf":"f.8850BFF0213FDAA0CDBB6DAFAFD06CF5.d.6C94749AE1BD40B67182DCB3D85795C7.e.4870","ELEMENT":"f.8850BFF0213FDAA0CDBB6DAFAFD06CF5.d.6C94749AE1BD40B67182DCB3D85795C7.e.4870"}]}
COMMAND: POST /session/b4f8750b6ab9764d379b715c7854fdbf/element/f.8850BFF0213FDAA0CDBB6DAFAFD06CF5.d.6C94749AE1BD40B67182DCB3D85795C7.e.4870/click - {}
COMMAND: GET /session/b4f8750b6ab9764d379b715c7854fdbf/screenshot - {}
RESULT: {}
RESULT: {}
COMMAND: GET /session/b4f8750b6ab9764d379b715c7854fdbf/screenshot - {}
RESULT: {}
COMMAND: POST /session/b4f8750b6ab9764d379b715c7854fdbf/execute/async - {"script":"<script> [1562 bytes]","args":[{"selector":{"id":"application-manageresources-display-component---newResourceUnit--TYPE-arrow"},"wdio_ui5_key":"applicationmanageresources-display-component---newResourceUnit--TYPE-arrow"}]}
RESULT: {}
RESULT: {"script":"<script> [1562 bytes]","args":[{"selector":{"id":"application-manageresources-display-component---newResourceUnit--TYPE-arrow"},"wdio_ui5_key":"applicationmanageresources-display-component---newResourceUnit--TYPE-arrow"}]}
RESULT: undefined
COMMAND: POST /session/b4f8750b6ab9764d379b715c7854fdbf/element - {"using":"xpath","value":"//*[@id=\"application-manageresources-display-component---newResourceUnit--TYPE-arrow\"]"}
RESULT: {"using":"xpath","value":"//*[@id=\"application-manageresources-display-component---newResourceUnit--TYPE-arrow\"]"}
COMMAND: POST /session/b4f8750b6ab9764d379b715c7854fdbf/element/f.8850BFF0213FDAA0CDBB6DAFAFD06CF5.d.6C94749AE1BD40B67182DCB3D85795C7.e.5239/click - {}
RESULT: {}
COMMAND: POST /session/b4f8750b6ab9764d379b715c7854fdbf/element - {"using":"xpath","value":"//input[@id=\"application-manageresources-display-component---newResourceUnit--TYPE-inner\"]"}
COMMAND: GET /session/b4f8750b6ab9764d379b715c7854fdbf/screenshot - {}
RESULT: {"using":"xpath","value":"//input[@id=\"application-manageresources-display-component---newResourceUnit--TYPE-inner\"]"}
COMMAND: POST /session/b4f8750b6ab9764d379b715c7854fdbf/element/f.8850BFF0213FDAA0CDBB6DAFAFD06CF5.d.6C94749AE1BD40B67182DCB3D85795C7.e.5226/clear - {}
RESULT: {}
RESULT: {}
COMMAND: POST /session/b4f8750b6ab9764d379b715c7854fdbf/element/f.8850BFF0213FDAA0CDBB6DAFAFD06CF5.d.6C94749AE1BD40B67182DCB3D85795C7.e.5226/value - {"text":"Equipment"}
COMMAND: GET /session/b4f8750b6ab9764d379b715c7854fdbf/screenshot - {}
RESULT: {"text":"Equipment"}
COMMAND: GET /session/b4f8750b6ab9764d379b715c7854fdbf/screenshot - {}
RESULT: {}
RESULT: {}
COMMAND: POST /session/b4f8750b6ab9764d379b715c7854fdbf/actions - {"actions":[{"id":"action9","type":"key","parameters":{},"actions":[{"type":"keyDown","value":""},{"type":"pause","duration":10},{"type":"keyUp","value":""}]}]}
RESULT: {"actions":[{"id":"action9","type":"key","parameters":{},"actions":[{"type":"keyDown","value":""},{"type":"pause","duration":10},{"type":"keyUp","value":""}]}]}
COMMAND: POST /session/b4f8750b6ab9764d379b715c7854fdbf/execute/async - {"script":"<script> [1562 bytes]","args":[{"selector":{"id":"application-manageresources-display-component---newResourceUnit--resourceId","interaction":{"idSuffix":"inner"}},"wdio_ui5_key":"applicationmanageresources-display-component---newResourceUnit--resourceId"}]}
COMMAND: GET /session/b4f8750b6ab9764d379b715c7854fdbf/screenshot - {}
RESULT: {"script":"<script> [1562 bytes]","args":[{"selector":{"id":"application-manageresources-display-component---newResourceUnit--resourceId","interaction":{"idSuffix":"inner"}},"wdio_ui5_key":"applicationmanageresources-display-component---newResourceUnit--resourceId"}]}
RESULT: undefined
COMMAND: POST /session/b4f8750b6ab9764d379b715c7854fdbf/execute/async - {"script":"<script> [776 bytes]","args":[{"enterText":"yVDoQ0brks","selector":{"id":"application-manageresources-display-component---newResourceUnit--resourceId","interaction":{"idSuffix":"inner"}},"clearTextFirst":true,"interactionType":"ENTER_TEXT"}]}
RESULT: {}
RESULT: {"script":"<script> [776 bytes]","args":[{"enterText":"yVDoQ0brks","selector":{"id":"application-manageresources-display-component---newResourceUnit--resourceId","interaction":{"idSuffix":"inner"}},"clearTextFirst":true,"interactionType":"ENTER_TEXT"}]}
COMMAND: POST /session/b4f8750b6ab9764d379b715c7854fdbf/execute/async - {"script":"<script> [1562 bytes]","args":[{"selector":{"id":"application-manageresources-display-component---newResourceUnit--SHORT_TEXT","interaction":{"idSuffix":"inner"}},"wdio_ui5_key":"applicationmanageresources-display-component---newResourceUnit--SHORT_TEXT"}]}
RESULT: {"script":"<script> [1562 bytes]","args":[{"selector":{"id":"application-manageresources-display-component---newResourceUnit--SHORT_TEXT","interaction":{"idSuffix":"inner"}},"wdio_ui5_key":"applicationmanageresources-display-component---newResourceUnit--SHORT_TEXT"}]}
RESULT: undefined
COMMAND: POST /session/b4f8750b6ab9764d379b715c7854fdbf/execute/async - {"script":"<script> [776 bytes]","args":[{"enterText":"Intercompany Equipment WDIO","selector":{"id":"application-manageresources-display-component---newResourceUnit--SHORT_TEXT","interaction":{"idSuffix":"inner"}},"clearTextFirst":true,"interactionType":"ENTER_TEXT"}]}
RESULT: {"script":"<script> [776 bytes]","args":[{"enterText":"Intercompany Equipment WDIO","selector":{"id":"application-manageresources-display-component---newResourceUnit--SHORT_TEXT","interaction":{"idSuffix":"inner"}},"clearTextFirst":true,"interactionType":"ENTER_TEXT"}]}
COMMAND: POST /session/b4f8750b6ab9764d379b715c7854fdbf/execute/async - {"script":"<script> [1562 bytes]","args":[{"selector":{"id":"application-manageresources-display-component---newResourceUnit--BASE_UNIT_OF_MEASURE","interaction":{"idSuffix":"inner"}},"wdio_ui5_key":"applicationmanageresources-display-component---newResourceUnit--BASE_UNIT_OF_MEASURE"}]}
RESULT: {"script":"<script> [1562 bytes]","args":[{"selector":{"id":"application-manageresources-display-component---newResourceUnit--BASE_UNIT_OF_MEASURE","interaction":{"idSuffix":"inner"}},"wdio_ui5_key":"applicationmanageresources-display-component---newResourceUnit--BASE_UNIT_OF_MEASURE"}]}
RESULT: undefined
COMMAND: POST /session/b4f8750b6ab9764d379b715c7854fdbf/execute/async - {"script":"<script> [776 bytes]","args":[{"enterText":"Piece","selector":{"id":"application-manageresources-display-component---newResourceUnit--BASE_UNIT_OF_MEASURE","interaction":{"idSuffix":"inner"}},"clearTextFirst":true,"interactionType":"ENTER_TEXT"}]}
RESULT: {"script":"<script> [776 bytes]","args":[{"enterText":"Piece","selector":{"id":"application-manageresources-display-component---newResourceUnit--BASE_UNIT_OF_MEASURE","interaction":{"idSuffix":"inner"}},"clearTextFirst":true,"interactionType":"ENTER_TEXT"}]}
COMMAND: POST /session/b4f8750b6ab9764d379b715c7854fdbf/execute/async - {"script":"<script> [1562 bytes]","args":[{"selector":{"id":"application-manageresources-display-component---newResourceUnit--WEIGHT_UNIT","interaction":{"idSuffix":"inner"}},"wdio_ui5_key":"applicationmanageresources-display-component---newResourceUnit--WEIGHT_UNIT"}]}
RESULT: {"script":"<script> [1562 bytes]","args":[{"selector":{"id":"application-manageresources-display-component---newResourceUnit--WEIGHT_UNIT","interaction":{"idSuffix":"inner"}},"wdio_ui5_key":"applicationmanageresources-display-component---newResourceUnit--WEIGHT_UNIT"}]}
RESULT: undefined
COMMAND: POST /session/b4f8750b6ab9764d379b715c7854fdbf/execute/async - {"script":"<script> [776 bytes]","args":[{"enterText":"Gram","selector":{"id":"application-manageresources-display-component---newResourceUnit--WEIGHT_UNIT","interaction":{"idSuffix":"inner"}},"clearTextFirst":true,"interactionType":"ENTER_TEXT"}]}
RESULT: {"script":"<script> [776 bytes]","args":[{"enterText":"Gram","selector":{"id":"application-manageresources-display-component---newResourceUnit--WEIGHT_UNIT","interaction":{"idSuffix":"inner"}},"clearTextFirst":true,"interactionType":"ENTER_TEXT"}]}
COMMAND: POST /session/b4f8750b6ab9764d379b715c7854fdbf/execute/async - {"script":"<script> [1562 bytes]","args":[{"selector":{"id":"application-manageresources-display-component---newResourceUnit--DIMENSION_UNIT","interaction":{"idSuffix":"inner"}},"wdio_ui5_key":"applicationmanageresources-display-component---newResourceUnit--DIMENSION_UNIT"}]}
RESULT: {"script":"<script> [1562 bytes]","args":[{"selector":{"id":"application-manageresources-display-component---newResourceUnit--DIMENSION_UNIT","interaction":{"idSuffix":"inner"}},"wdio_ui5_key":"applicationmanageresources-display-component---newResourceUnit--DIMENSION_UNIT"}]}
RESULT: undefined
COMMAND: POST /session/b4f8750b6ab9764d379b715c7854fdbf/execute/async - {"script":"<script> [776 bytes]","args":[{"enterText":"Meter","selector":{"id":"application-manageresources-display-component---newResourceUnit--DIMENSION_UNIT","interaction":{"idSuffix":"inner"}},"clearTextFirst":true,"interactionType":"ENTER_TEXT"}]}
RESULT: {"script":"<script> [776 bytes]","args":[{"enterText":"Meter","selector":{"id":"application-manageresources-display-component---newResourceUnit--DIMENSION_UNIT","interaction":{"idSuffix":"inner"}},"clearTextFirst":true,"interactionType":"ENTER_TEXT"}]}
COMMAND: POST /session/b4f8750b6ab9764d379b715c7854fdbf/execute/async - {"script":"<script> [1562 bytes]","args":[{"selector":{"id":"application-manageresources-display-component---newResourceUnit--newRRUPage-anchBar-application-manageresources-display-component---newResourceUnit--control-anchor","interaction":{"idSuffix":"BDI-content"}},"wdio_ui5_key":"applicationmanageresources-display-component---newResourceUnit--newRRUPage-anchBar-application-manageresources-display-component---newResourceUnit--control-anchor"}]}
RESULT: {"script":"<script> [1562 bytes]","args":[{"selector":{"id":"application-manageresources-display-component---newResourceUnit--newRRUPage-anchBar-application-manageresources-display-component---newResourceUnit--control-anchor","interaction":{"idSuffix":"BDI-content"}},"wdio_ui5_key":"applicationmanageresources-display-component---newResourceUnit--newRRUPage-anchBar-application-manageresources-display-component---newResourceUnit--control-anchor"}]}
RESULT: undefined
COMMAND: POST /session/b4f8750b6ab9764d379b715c7854fdbf/element - {"using":"xpath","value":"//*[@id=\"application-manageresources-display-component---newResourceUnit--newRRUPage-anchBar-application-manageresources-display-component---newResourceUnit--control-anchor\"]"}
RESULT: {"using":"xpath","value":"//*[@id=\"application-manageresources-display-component---newResourceUnit--newRRUPage-anchBar-application-manageresources-display-component---newResourceUnit--control-anchor\"]"}
COMMAND: POST /session/b4f8750b6ab9764d379b715c7854fdbf/element/f.8850BFF0213FDAA0CDBB6DAFAFD06CF5.d.6C94749AE1BD40B67182DCB3D85795C7.e.5398/click - {}
RESULT: {}
COMMAND: POST /session/b4f8750b6ab9764d379b715c7854fdbf/execute/async - {"script":"<script> [1562 bytes]","args":[{"selector":{"id":"application-manageresources-display-component---newResourceUnit--PLANNING_GROUP","interaction":{"idSuffix":"inner"}},"wdio_ui5_key":"applicationmanageresources-display-component---newResourceUnit--PLANNING_GROUP"}]}
COMMAND: GET /session/b4f8750b6ab9764d379b715c7854fdbf/screenshot - {}
RESULT: {"script":"<script> [1562 bytes]","args":[{"selector":{"id":"application-manageresources-display-component---newResourceUnit--PLANNING_GROUP","interaction":{"idSuffix":"inner"}},"wdio_ui5_key":"applicationmanageresources-display-component---newResourceUnit--PLANNING_GROUP"}]}
RESULT: undefined
COMMAND: POST /session/b4f8750b6ab9764d379b715c7854fdbf/execute/async - {"script":"<script> [776 bytes]","args":[{"enterText":"Heavy Equi","selector":{"id":"application-manageresources-display-component---newResourceUnit--PLANNING_GROUP","interaction":{"idSuffix":"inner"}},"clearTextFirst":true,"interactionType":"ENTER_TEXT"}]}
RESULT: {}
RESULT: {"script":"<script> [776 bytes]","args":[{"enterText":"Heavy Equi","selector":{"id":"application-manageresources-display-component---newResourceUnit--PLANNING_GROUP","interaction":{"idSuffix":"inner"}},"clearTextFirst":true,"interactionType":"ENTER_TEXT"}]}
COMMAND: POST /session/b4f8750b6ab9764d379b715c7854fdbf/execute/async - {"script":"<script> [1562 bytes]","args":[{"selector":{"id":"application-manageresources-display-component---newResourceUnit--ITEM_TYPE-arrow"},"wdio_ui5_key":"applicationmanageresources-display-component---newResourceUnit--ITEM_TYPE-arrow"}]}
RESULT: {"script":"<script> [1562 bytes]","args":[{"selector":{"id":"application-manageresources-display-component---newResourceUnit--ITEM_TYPE-arrow"},"wdio_ui5_key":"applicationmanageresources-display-component---newResourceUnit--ITEM_TYPE-arrow"}]}
RESULT: undefined
COMMAND: POST /session/b4f8750b6ab9764d379b715c7854fdbf/element - {"using":"xpath","value":"//*[@id=\"application-manageresources-display-component---newResourceUnit--ITEM_TYPE-arrow\"]"}
RESULT: {"using":"xpath","value":"//*[@id=\"application-manageresources-display-component---newResourceUnit--ITEM_TYPE-arrow\"]"}
COMMAND: POST /session/b4f8750b6ab9764d379b715c7854fdbf/element/f.8850BFF0213FDAA0CDBB6DAFAFD06CF5.d.6C94749AE1BD40B67182DCB3D85795C7.e.5407/click - {}
RESULT: {}
COMMAND: POST /session/b4f8750b6ab9764d379b715c7854fdbf/element - {"using":"xpath","value":"//ul[contains(@id,\"ITEM_TYPE-popup-list-listUl\")]//li[.//span[contains(text(),\"Resource Unit\")]]"}
COMMAND: GET /session/b4f8750b6ab9764d379b715c7854fdbf/screenshot - {}
RESULT: {"using":"xpath","value":"//ul[contains(@id,\"ITEM_TYPE-popup-list-listUl\")]//li[.//span[contains(text(),\"Resource Unit\")]]"}
COMMAND: POST /session/b4f8750b6ab9764d379b715c7854fdbf/element/f.8850BFF0213FDAA0CDBB6DAFAFD06CF5.d.6C94749AE1BD40B67182DCB3D85795C7.e.5408/click - {}
RESULT: {}
RESULT: {}
COMMAND: GET /session/b4f8750b6ab9764d379b715c7854fdbf/screenshot - {}
RESULT: {}
COMMAND: POST /session/b4f8750b6ab9764d379b715c7854fdbf/element - {"using":"css selector","value":"#application-manageresources-display-component---newResourceUnit--btnAddTimeSegment"}
RESULT: {"using":"css selector","value":"#application-manageresources-display-component---newResourceUnit--btnAddTimeSegment"}
COMMAND: GET /session/b4f8750b6ab9764d379b715c7854fdbf/element/f.8850BFF0213FDAA0CDBB6DAFAFD06CF5.d.6C94749AE1BD40B67182DCB3D85795C7.e.5417/rect - {}
RESULT: {}
COMMAND: GET /session/b4f8750b6ab9764d379b715c7854fdbf/window/rect - {}
RESULT: {}
COMMAND: POST /session/b4f8750b6ab9764d379b715c7854fdbf/execute/sync - {"script":"<script> [92 bytes]","args":[]}
RESULT: {"script":"<script> [92 bytes]","args":[]}
COMMAND: POST /session/b4f8750b6ab9764d379b715c7854fdbf/actions - {"actions":[{"id":"action10","type":"wheel","parameters":{},"actions":[{"type":"scroll","x":-1888,"y":-32,"deltaX":0,"deltaY":0,"duration":0,"origin":{"element-6066-11e4-a52e-4f735466cecf":"f.8850BFF0213FDAA0CDBB6DAFAFD06CF5.d.6C94749AE1BD40B67182DCB3D85795C7.e.5417"}}]}]}
COMMAND: GET /session/b4f8750b6ab9764d379b715c7854fdbf/screenshot - {}
RESULT: {}
COMMAND: POST /session/b4f8750b6ab9764d379b715c7854fdbf/execute/sync - {"script":"<script> [79 bytes]","args":[{"element-6066-11e4-a52e-4f735466cecf":"f.8850BFF0213FDAA0CDBB6DAFAFD06CF5.d.6C94749AE1BD40B67182DCB3D85795C7.e.5417","ELEMENT":"f.8850BFF0213FDAA0CDBB6DAFAFD06CF5.d.6C94749AE1BD40B67182DCB3D85795C7.e.5417"},{"block":"start","inline":"nearest"}]}
RESULT: {"script":"<script> [79 bytes]","args":[{"element-6066-11e4-a52e-4f735466cecf":"f.8850BFF0213FDAA0CDBB6DAFAFD06CF5.d.6C94749AE1BD40B67182DCB3D85795C7.e.5417","ELEMENT":"f.8850BFF0213FDAA0CDBB6DAFAFD06CF5.d.6C94749AE1BD40B67182DCB3D85795C7.e.5417"},{"block":"start","inline":"nearest"}]}
COMMAND: POST /session/b4f8750b6ab9764d379b715c7854fdbf/execute/async - {"script":"<script> [1562 bytes]","args":[{"selector":{"id":"application-manageresources-display-component---newResourceUnit--btnAddTimeSegment","interaction":{"idSuffix":"inner"}},"wdio_ui5_key":"applicationmanageresources-display-component---newResourceUnit--btnAddTimeSegment"}]}
COMMAND: GET /session/b4f8750b6ab9764d379b715c7854fdbf/screenshot - {}
RESULT: {"script":"<script> [1562 bytes]","args":[{"selector":{"id":"application-manageresources-display-component---newResourceUnit--btnAddTimeSegment","interaction":{"idSuffix":"inner"}},"wdio_ui5_key":"applicationmanageresources-display-component---newResourceUnit--btnAddTimeSegment"}]}
RESULT: undefined
COMMAND: POST /session/b4f8750b6ab9764d379b715c7854fdbf/element - {"using":"xpath","value":"//*[@id=\"application-manageresources-display-component---newResourceUnit--btnAddTimeSegment\"]"}
RESULT: {}
RESULT: {"using":"xpath","value":"//*[@id=\"application-manageresources-display-component---newResourceUnit--btnAddTimeSegment\"]"}
COMMAND: POST /session/b4f8750b6ab9764d379b715c7854fdbf/element/f.8850BFF0213FDAA0CDBB6DAFAFD06CF5.d.6C94749AE1BD40B67182DCB3D85795C7.e.5417/click - {}
RESULT: {}
COMMAND: GET /session/b4f8750b6ab9764d379b715c7854fdbf/screenshot - {}
RESULT: {}
COMMAND: POST /session/b4f8750b6ab9764d379b715c7854fdbf/element - {"using":"xpath","value":"//input[@id=\"application-manageresources-display-component---newResourceUnit--idRuTSAdmin-application-manageresources-display-component---newResourceUnit--RUTimeSegment-0-inner\"]"}
RESULT: {"using":"xpath","value":"//input[@id=\"application-manageresources-display-component---newResourceUnit--idRuTSAdmin-application-manageresources-display-component---newResourceUnit--RUTimeSegment-0-inner\"]"}
COMMAND: POST /session/b4f8750b6ab9764d379b715c7854fdbf/element/f.8850BFF0213FDAA0CDBB6DAFAFD06CF5.d.6C94749AE1BD40B67182DCB3D85795C7.e.5423/clear - {}
RESULT: {}
COMMAND: POST /session/b4f8750b6ab9764d379b715c7854fdbf/element/f.8850BFF0213FDAA0CDBB6DAFAFD06CF5.d.6C94749AE1BD40B67182DCB3D85795C7.e.5423/value - {"text":"245"}
COMMAND: GET /session/b4f8750b6ab9764d379b715c7854fdbf/screenshot - {}
RESULT: {"text":"245"}
COMMAND: GET /session/b4f8750b6ab9764d379b715c7854fdbf/screenshot - {}
RESULT: {}
RESULT: {}
COMMAND: POST /session/b4f8750b6ab9764d379b715c7854fdbf/element - {"using":"xpath","value":"//li[.//span[text()='245']]"}
RESULT: {"using":"xpath","value":"//li[.//span[text()='245']]"}
COMMAND: POST /session/b4f8750b6ab9764d379b715c7854fdbf/element/f.8850BFF0213FDAA0CDBB6DAFAFD06CF5.d.6C94749AE1BD40B67182DCB3D85795C7.e.5435/click - {}
RESULT: {}
COMMAND: GET /session/b4f8750b6ab9764d379b715c7854fdbf/screenshot - {}
RESULT: {}
COMMAND: POST /session/b4f8750b6ab9764d379b715c7854fdbf/element - {"using":"xpath","value":"(//span[contains(@id, \"-application-manageresources-display-component---newResourceUnit--RUTimeSegment-0-arrow\")])[6]"}
RESULT: {"using":"xpath","value":"(//span[contains(@id, \"-application-manageresources-display-component---newResourceUnit--RUTimeSegment-0-arrow\")])[6]"}
COMMAND: POST /session/b4f8750b6ab9764d379b715c7854fdbf/element/f.8850BFF0213FDAA0CDBB6DAFAFD06CF5.d.6C94749AE1BD40B67182DCB3D85795C7.e.5436/click - {}
RESULT: {}
COMMAND: GET /session/b4f8750b6ab9764d379b715c7854fdbf/screenshot - {}
RESULT: {}
COMMAND: POST /session/b4f8750b6ab9764d379b715c7854fdbf/element - {"using":"xpath","value":"//span[contains(text(), \"PM Order\")]"}
RESULT: {"using":"xpath","value":"//span[contains(text(), \"PM Order\")]"}
COMMAND: POST /session/b4f8750b6ab9764d379b715c7854fdbf/element/f.8850BFF0213FDAA0CDBB6DAFAFD06CF5.d.6C94749AE1BD40B67182DCB3D85795C7.e.5439/click - {}
RESULT: {}
COMMAND: GET /session/b4f8750b6ab9764d379b715c7854fdbf/screenshot - {}
RESULT: {}
COMMAND: POST /session/b4f8750b6ab9764d379b715c7854fdbf/element - {"using":"xpath","value":"(//span[contains(@id ,\"manageresources-display-component---newResourceUnit--RUTimeSegment-0-vhi\")])[1]"}
RESULT: {"using":"xpath","value":"(//span[contains(@id ,\"manageresources-display-component---newResourceUnit--RUTimeSegment-0-vhi\")])[1]"}
COMMAND: GET /session/b4f8750b6ab9764d379b715c7854fdbf/element/f.8850BFF0213FDAA0CDBB6DAFAFD06CF5.d.6C94749AE1BD40B67182DCB3D85795C7.e.5443/rect - {}
RESULT: {}
COMMAND: GET /session/b4f8750b6ab9764d379b715c7854fdbf/window/rect - {}
RESULT: {}
COMMAND: POST /session/b4f8750b6ab9764d379b715c7854fdbf/execute/sync - {"script":"<script> [92 bytes]","args":[]}
RESULT: {"script":"<script> [92 bytes]","args":[]}
COMMAND: POST /session/b4f8750b6ab9764d379b715c7854fdbf/actions - {"actions":[{"id":"action11","type":"wheel","parameters":{},"actions":[{"type":"scroll","x":-869,"y":-24,"deltaX":0,"deltaY":0,"duration":0,"origin":{"element-6066-11e4-a52e-4f735466cecf":"f.8850BFF0213FDAA0CDBB6DAFAFD06CF5.d.6C94749AE1BD40B67182DCB3D85795C7.e.5443"}}]}]}
COMMAND: GET /session/b4f8750b6ab9764d379b715c7854fdbf/screenshot - {}
RESULT: {"actions":[{"id":"action11","type":"wheel","parameters":{},"actions":[{"type":"scroll","x":-869,"y":-24,"deltaX":0,"deltaY":0,"duration":0,"origin":{"element-6066-11e4-a52e-4f735466cecf":"f.8850BFF0213FDAA0CDBB6DAFAFD06CF5.d.6C94749AE1BD40B67182DCB3D85795C7.e.5443"}}]}]}
COMMAND: DELETE /session/b4f8750b6ab9764d379b715c7854fdbf/actions - {}
COMMAND: GET /session/b4f8750b6ab9764d379b715c7854fdbf/screenshot - {}
RESULT: {}
RESULT: {}
COMMAND: GET /session/b4f8750b6ab9764d379b715c7854fdbf/screenshot - {}
RESULT: {}
RESULT: {}
COMMAND: POST /session/b4f8750b6ab9764d379b715c7854fdbf/element/f.8850BFF0213FDAA0CDBB6DAFAFD06CF5.d.6C94749AE1BD40B67182DCB3D85795C7.e.5443/click - {}
RESULT: {}
COMMAND: GET /session/b4f8750b6ab9764d379b715c7854fdbf/screenshot - {}
RESULT: {}
COMMAND: POST /session/b4f8750b6ab9764d379b715c7854fdbf/execute/async - {"script":"<script> [1562 bytes]","args":[{"selector":{"controlType":"sap.m.SearchField","properties":{"placeholder":"Search"},"searchOpenDialogs":true,"interaction":{"idSuffix":"I"}},"wdio_ui5_key":"sapm.SearchField{\"placeholder\":\"Search\"}"}]}
RESULT: {"script":"<script> [1562 bytes]","args":[{"selector":{"controlType":"sap.m.SearchField","properties":{"placeholder":"Search"},"searchOpenDialogs":true,"interaction":{"idSuffix":"I"}},"wdio_ui5_key":"sapm.SearchField{\"placeholder\":\"Search\"}"}]}
RESULT: undefined
COMMAND: POST /session/b4f8750b6ab9764d379b715c7854fdbf/execute/async - {"script":"<script> [776 bytes]","args":[{"enterText":"4000360","selector":{"controlType":"sap.m.SearchField","properties":{"placeholder":"Search"},"searchOpenDialogs":true,"interaction":{"idSuffix":"I"}},"clearTextFirst":true,"interactionType":"ENTER_TEXT"}]}
RESULT: {"script":"<script> [776 bytes]","args":[{"enterText":"4000360","selector":{"controlType":"sap.m.SearchField","properties":{"placeholder":"Search"},"searchOpenDialogs":true,"interaction":{"idSuffix":"I"}},"clearTextFirst":true,"interactionType":"ENTER_TEXT"}]}
COMMAND: POST /session/b4f8750b6ab9764d379b715c7854fdbf/actions - {"actions":[{"id":"action12","type":"key","parameters":{},"actions":[{"type":"keyDown","value":""},{"type":"pause","duration":10},{"type":"keyUp","value":""}]}]}
RESULT: {"actions":[{"id":"action12","type":"key","parameters":{},"actions":[{"type":"keyDown","value":""},{"type":"pause","duration":10},{"type":"keyUp","value":""}]}]}
COMMAND: GET /session/b4f8750b6ab9764d379b715c7854fdbf/screenshot - {}
RESULT: {}
COMMAND: POST /session/b4f8750b6ab9764d379b715c7854fdbf/element - {"using":"xpath","value":"//td/div/span[contains(text(), \"BGL Vehicles\")]"}
RESULT: {"using":"xpath","value":"//td/div/span[contains(text(), \"BGL Vehicles\")]"}
COMMAND: POST /session/b4f8750b6ab9764d379b715c7854fdbf/element/f.8850BFF0213FDAA0CDBB6DAFAFD06CF5.d.6C94749AE1BD40B67182DCB3D85795C7.e.5464/click - {}
RESULT: {}
COMMAND: GET /session/b4f8750b6ab9764d379b715c7854fdbf/screenshot - {}
RESULT: {}
COMMAND: POST /session/b4f8750b6ab9764d379b715c7854fdbf/element - {"using":"xpath","value":"//bdi[contains(text(), \"OK\")]"}
RESULT: {"using":"xpath","value":"//bdi[contains(text(), \"OK\")]"}
COMMAND: POST /session/b4f8750b6ab9764d379b715c7854fdbf/element/f.8850BFF0213FDAA0CDBB6DAFAFD06CF5.d.6C94749AE1BD40B67182DCB3D85795C7.e.5465/click - {}
RESULT: {}
COMMAND: GET /session/b4f8750b6ab9764d379b715c7854fdbf/screenshot - {}
RESULT: {}
COMMAND: POST /session/b4f8750b6ab9764d379b715c7854fdbf/execute/async - {"script":"<script> [1562 bytes]","args":[{"selector":{"id":"application-manageresources-display-component---newResourceUnit--newRRUPage-anchBar-application-manageresources-display-component---newResourceUnit--resource-anchor","interaction":{"idSuffix":"BDI-content"}},"wdio_ui5_key":"applicationmanageresources-display-component---newResourceUnit--newRRUPage-anchBar-application-manageresources-display-component---newResourceUnit--resource-anchor"}]}
RESULT: {"script":"<script> [1562 bytes]","args":[{"selector":{"id":"application-manageresources-display-component---newResourceUnit--newRRUPage-anchBar-application-manageresources-display-component---newResourceUnit--resource-anchor","interaction":{"idSuffix":"BDI-content"}},"wdio_ui5_key":"applicationmanageresources-display-component---newResourceUnit--newRRUPage-anchBar-application-manageresources-display-component---newResourceUnit--resource-anchor"}]}
RESULT: undefined
COMMAND: POST /session/b4f8750b6ab9764d379b715c7854fdbf/element - {"using":"xpath","value":"//*[@id=\"application-manageresources-display-component---newResourceUnit--newRRUPage-anchBar-application-manageresources-display-component---newResourceUnit--resource-anchor\"]"}
RESULT: {"using":"xpath","value":"//*[@id=\"application-manageresources-display-component---newResourceUnit--newRRUPage-anchBar-application-manageresources-display-component---newResourceUnit--resource-anchor\"]"}
COMMAND: POST /session/b4f8750b6ab9764d379b715c7854fdbf/element/f.8850BFF0213FDAA0CDBB6DAFAFD06CF5.d.6C94749AE1BD40B67182DCB3D85795C7.e.5469/click - {}
RESULT: {}
COMMAND: POST /session/b4f8750b6ab9764d379b715c7854fdbf/execute/async - {"script":"<script> [1562 bytes]","args":[{"selector":{"id":"application-manageresources-display-component---newResourceUnit--PLANNED_DELIVERY_DATE","interaction":{"idSuffix":"inner"}},"wdio_ui5_key":"applicationmanageresources-display-component---newResourceUnit--PLANNED_DELIVERY_DATE"}]}
COMMAND: GET /session/b4f8750b6ab9764d379b715c7854fdbf/screenshot - {}
RESULT: {"script":"<script> [1562 bytes]","args":[{"selector":{"id":"application-manageresources-display-component---newResourceUnit--PLANNED_DELIVERY_DATE","interaction":{"idSuffix":"inner"}},"wdio_ui5_key":"applicationmanageresources-display-component---newResourceUnit--PLANNED_DELIVERY_DATE"}]}
RESULT: undefined
COMMAND: POST /session/b4f8750b6ab9764d379b715c7854fdbf/execute/async - {"script":"<script> [6424 bytes]","args":[{"element-6066-11e4-a52e-4f735466cecf":"f.8850BFF0213FDAA0CDBB6DAFAFD06CF5.d.6C94749AE1BD40B67182DCB3D85795C7.e.5297"},"setValue",["6/13/25"]]}
RESULT: {}
RESULT: {"script":"<script> [6424 bytes]","args":[{"element-6066-11e4-a52e-4f735466cecf":"f.8850BFF0213FDAA0CDBB6DAFAFD06CF5.d.6C94749AE1BD40B67182DCB3D85795C7.e.5297"},"setValue",["6/13/25"]]}
COMMAND: POST /session/b4f8750b6ab9764d379b715c7854fdbf/element - {"using":"xpath","value":"//label[contains(@class, 'sapMLabelRequired') and .//bdi[contains(text(), 'Planned Retirement')]]"}
RESULT: {"using":"xpath","value":"//label[contains(@class, 'sapMLabelRequired') and .//bdi[contains(text(), 'Planned Retirement')]]"}
COMMAND: POST /session/b4f8750b6ab9764d379b715c7854fdbf/elements - {"using":"xpath","value":"//label[contains(@class, 'sapMLabelRequired') and .//bdi[contains(text(), 'Planned Retirement')]]"}
RESULT: {"using":"xpath","value":"//label[contains(@class, 'sapMLabelRequired') and .//bdi[contains(text(), 'Planned Retirement')]]"}
COMMAND: POST /session/b4f8750b6ab9764d379b715c7854fdbf/element - {"using":"xpath","value":"//button[@data-kt=\"resourceUnitSaveButton\"]"}
RESULT: {"using":"xpath","value":"//button[@data-kt=\"resourceUnitSaveButton\"]"}
COMMAND: POST /session/b4f8750b6ab9764d379b715c7854fdbf/element/f.8850BFF0213FDAA0CDBB6DAFAFD06CF5.d.6C94749AE1BD40B67182DCB3D85795C7.e.5256/click - {}
RESULT: {}
COMMAND: GET /session/b4f8750b6ab9764d379b715c7854fdbf/screenshot - {}
RESULT: {}
COMMAND: POST /session/b4f8750b6ab9764d379b715c7854fdbf/element - {"using":"xpath","value":"//bdi[contains(text(), \"Close\")]"}
RESULT: {"using":"xpath","value":"//bdi[contains(text(), \"Close\")]"}
COMMAND: POST /session/b4f8750b6ab9764d379b715c7854fdbf/element/f.8850BFF0213FDAA0CDBB6DAFAFD06CF5.d.6C94749AE1BD40B67182DCB3D85795C7.e.5478/click - {}
RESULT: {}
COMMAND: GET /session/b4f8750b6ab9764d379b715c7854fdbf/screenshot - {}
RESULT: {}
COMMAND: POST /session/b4f8750b6ab9764d379b715c7854fdbf/element - {"using":"xpath","value":"(//button[contains(@id ,\"actionsToolbar-overflowButton\")])[1]"}
RESULT: {"using":"xpath","value":"(//button[contains(@id ,\"actionsToolbar-overflowButton\")])[1]"}
COMMAND: POST /session/b4f8750b6ab9764d379b715c7854fdbf/element/f.8850BFF0213FDAA0CDBB6DAFAFD06CF5.d.6C94749AE1BD40B67182DCB3D85795C7.e.5535/click - {}
RESULT: {}
COMMAND: GET /session/b4f8750b6ab9764d379b715c7854fdbf/screenshot - {}
RESULT: {}
COMMAND: POST /session/b4f8750b6ab9764d379b715c7854fdbf/element - {"using":"xpath","value":"//button[@data-kt=\"priceInfoButton\"]"}
RESULT: {"using":"xpath","value":"//button[@data-kt=\"priceInfoButton\"]"}
COMMAND: POST /session/b4f8750b6ab9764d379b715c7854fdbf/element/f.8850BFF0213FDAA0CDBB6DAFAFD06CF5.d.6C94749AE1BD40B67182DCB3D85795C7.e.5537/click - {}
RESULT: {}
COMMAND: GET /session/b4f8750b6ab9764d379b715c7854fdbf/screenshot - {}
RESULT: {}
]]></system-out>
    </testcase>
    <testcase classname="chrome.137_0_7151_69.windows.Billing_Transfer_-_Master_data_&amp;_Intercompany_US127250" name="Should create new pricing rule TB on the equipment TB" time="62.833">
      <system-out><![CDATA[
COMMAND: POST /session/b4f8750b6ab9764d379b715c7854fdbf/element - {"using":"xpath","value":"//button[@data-kt=\"addButton\"]"}
RESULT: {"using":"xpath","value":"//button[@data-kt=\"addButton\"]"}
COMMAND: POST /session/b4f8750b6ab9764d379b715c7854fdbf/elements - {"using":"xpath","value":"//button[@data-kt=\"addButton\"]"}
RESULT: {"using":"xpath","value":"//button[@data-kt=\"addButton\"]"}
COMMAND: POST /session/b4f8750b6ab9764d379b715c7854fdbf/elements - {"using":"xpath","value":"//button[@data-kt=\"addButton\"]"}
RESULT: {"using":"xpath","value":"//button[@data-kt=\"addButton\"]"}
COMMAND: POST /session/b4f8750b6ab9764d379b715c7854fdbf/elements - {"using":"xpath","value":"//button[@data-kt=\"addButton\"]"}
RESULT: {"using":"xpath","value":"//button[@data-kt=\"addButton\"]"}
COMMAND: POST /session/b4f8750b6ab9764d379b715c7854fdbf/elements - {"using":"xpath","value":"//button[@data-kt=\"addButton\"]"}
RESULT: {"using":"xpath","value":"//button[@data-kt=\"addButton\"]"}
COMMAND: POST /session/b4f8750b6ab9764d379b715c7854fdbf/element - {"using":"xpath","value":"//button[@data-kt=\"addButton\"]"}
RESULT: {"using":"xpath","value":"//button[@data-kt=\"addButton\"]"}
COMMAND: POST /session/b4f8750b6ab9764d379b715c7854fdbf/execute/sync - {"script":"<script> [8489 bytes]","args":[{"element-6066-11e4-a52e-4f735466cecf":"f.8850BFF0213FDAA0CDBB6DAFAFD06CF5.d.6C94749AE1BD40B67182DCB3D85795C7.e.5584","ELEMENT":"f.8850BFF0213FDAA0CDBB6DAFAFD06CF5.d.6C94749AE1BD40B67182DCB3D85795C7.e.5584"}]}
RESULT: {"script":"<script> [8489 bytes]","args":[{"element-6066-11e4-a52e-4f735466cecf":"f.8850BFF0213FDAA0CDBB6DAFAFD06CF5.d.6C94749AE1BD40B67182DCB3D85795C7.e.5584","ELEMENT":"f.8850BFF0213FDAA0CDBB6DAFAFD06CF5.d.6C94749AE1BD40B67182DCB3D85795C7.e.5584"}]}
COMMAND: GET /session/b4f8750b6ab9764d379b715c7854fdbf/element/f.8850BFF0213FDAA0CDBB6DAFAFD06CF5.d.6C94749AE1BD40B67182DCB3D85795C7.e.5584/enabled - {}
COMMAND: GET /session/b4f8750b6ab9764d379b715c7854fdbf/screenshot - {}
RESULT: {}
COMMAND: POST /session/b4f8750b6ab9764d379b715c7854fdbf/execute/sync - {"script":"<script> [8489 bytes]","args":[{"element-6066-11e4-a52e-4f735466cecf":"f.8850BFF0213FDAA0CDBB6DAFAFD06CF5.d.6C94749AE1BD40B67182DCB3D85795C7.e.5584","ELEMENT":"f.8850BFF0213FDAA0CDBB6DAFAFD06CF5.d.6C94749AE1BD40B67182DCB3D85795C7.e.5584"}]}
COMMAND: GET /session/b4f8750b6ab9764d379b715c7854fdbf/screenshot - {}
RESULT: {}
RESULT: {"script":"<script> [8489 bytes]","args":[{"element-6066-11e4-a52e-4f735466cecf":"f.8850BFF0213FDAA0CDBB6DAFAFD06CF5.d.6C94749AE1BD40B67182DCB3D85795C7.e.5584","ELEMENT":"f.8850BFF0213FDAA0CDBB6DAFAFD06CF5.d.6C94749AE1BD40B67182DCB3D85795C7.e.5584"}]}
COMMAND: POST /session/b4f8750b6ab9764d379b715c7854fdbf/execute/sync - {"script":"<script> [5351 bytes]","args":[{"element-6066-11e4-a52e-4f735466cecf":"f.8850BFF0213FDAA0CDBB6DAFAFD06CF5.d.6C94749AE1BD40B67182DCB3D85795C7.e.5584","ELEMENT":"f.8850BFF0213FDAA0CDBB6DAFAFD06CF5.d.6C94749AE1BD40B67182DCB3D85795C7.e.5584"}]}
COMMAND: GET /session/b4f8750b6ab9764d379b715c7854fdbf/screenshot - {}
RESULT: {}
RESULT: {"script":"<script> [5351 bytes]","args":[{"element-6066-11e4-a52e-4f735466cecf":"f.8850BFF0213FDAA0CDBB6DAFAFD06CF5.d.6C94749AE1BD40B67182DCB3D85795C7.e.5584","ELEMENT":"f.8850BFF0213FDAA0CDBB6DAFAFD06CF5.d.6C94749AE1BD40B67182DCB3D85795C7.e.5584"}]}
COMMAND: POST /session/b4f8750b6ab9764d379b715c7854fdbf/element/f.8850BFF0213FDAA0CDBB6DAFAFD06CF5.d.6C94749AE1BD40B67182DCB3D85795C7.e.5584/click - {}
COMMAND: GET /session/b4f8750b6ab9764d379b715c7854fdbf/screenshot - {}
RESULT: {}
RESULT: {}
COMMAND: GET /session/b4f8750b6ab9764d379b715c7854fdbf/screenshot - {}
RESULT: {}
RESULT: {}
COMMAND: POST /session/b4f8750b6ab9764d379b715c7854fdbf/execute/async - {"script":"<script> [1562 bytes]","args":[{"selector":{"controlType":"sap.m.Title","viewName":"etm.portal.ui.managepricingrules.view.NewItem","viewId":"application-managepricingrules-display-component---newInfoPriceItem","properties":{"text":"New Pricing Rules - Item Level"}},"wdio_ui5_key":"etmportal.ui.managepricingrules.view.NewItemsap.m.Title{\"text\":\"New Pricing Rules - Item Level\"}"}]}
RESULT: {"script":"<script> [1562 bytes]","args":[{"selector":{"controlType":"sap.m.Title","viewName":"etm.portal.ui.managepricingrules.view.NewItem","viewId":"application-managepricingrules-display-component---newInfoPriceItem","properties":{"text":"New Pricing Rules - Item Level"}},"wdio_ui5_key":"etmportal.ui.managepricingrules.view.NewItemsap.m.Title{\"text\":\"New Pricing Rules - Item Level\"}"}]}
RESULT: undefined
COMMAND: POST /session/b4f8750b6ab9764d379b715c7854fdbf/execute/async - {"script":"<script> [6424 bytes]","args":[{"element-6066-11e4-a52e-4f735466cecf":"f.8850BFF0213FDAA0CDBB6DAFAFD06CF5.d.6C94749AE1BD40B67182DCB3D85795C7.e.5763"},"getText",[]]}
RESULT: {"script":"<script> [6424 bytes]","args":[{"element-6066-11e4-a52e-4f735466cecf":"f.8850BFF0213FDAA0CDBB6DAFAFD06CF5.d.6C94749AE1BD40B67182DCB3D85795C7.e.5763"},"getText",[]]}
COMMAND: POST /session/b4f8750b6ab9764d379b715c7854fdbf/execute/async - {"script":"<script> [1562 bytes]","args":[{"selector":{"id":"application-managepricingrules-display-component---newInfoPriceItem--condValidTo","interaction":{"idSuffix":"inner"}},"wdio_ui5_key":"applicationmanagepricingrules-display-component---newInfoPriceItem--condValidTo"}]}
RESULT: {"script":"<script> [1562 bytes]","args":[{"selector":{"id":"application-managepricingrules-display-component---newInfoPriceItem--condValidTo","interaction":{"idSuffix":"inner"}},"wdio_ui5_key":"applicationmanagepricingrules-display-component---newInfoPriceItem--condValidTo"}]}
RESULT: undefined
COMMAND: POST /session/b4f8750b6ab9764d379b715c7854fdbf/execute/async - {"script":"<script> [776 bytes]","args":[{"enterText":"2/13/26","selector":{"id":"application-managepricingrules-display-component---newInfoPriceItem--condValidTo","interaction":{"idSuffix":"inner"}},"clearTextFirst":true,"interactionType":"ENTER_TEXT"}]}
RESULT: {"script":"<script> [776 bytes]","args":[{"enterText":"2/13/26","selector":{"id":"application-managepricingrules-display-component---newInfoPriceItem--condValidTo","interaction":{"idSuffix":"inner"}},"clearTextFirst":true,"interactionType":"ENTER_TEXT"}]}
COMMAND: POST /session/b4f8750b6ab9764d379b715c7854fdbf/execute/async - {"script":"<script> [1562 bytes]","args":[{"selector":{"id":"application-managepricingrules-display-component---newInfoPriceItem--billType-arrow"},"wdio_ui5_key":"applicationmanagepricingrules-display-component---newInfoPriceItem--billType-arrow"}]}
RESULT: {"script":"<script> [1562 bytes]","args":[{"selector":{"id":"application-managepricingrules-display-component---newInfoPriceItem--billType-arrow"},"wdio_ui5_key":"applicationmanagepricingrules-display-component---newInfoPriceItem--billType-arrow"}]}
RESULT: undefined
COMMAND: POST /session/b4f8750b6ab9764d379b715c7854fdbf/element - {"using":"xpath","value":"//*[@id=\"application-managepricingrules-display-component---newInfoPriceItem--billType-arrow\"]"}
RESULT: {"using":"xpath","value":"//*[@id=\"application-managepricingrules-display-component---newInfoPriceItem--billType-arrow\"]"}
COMMAND: POST /session/b4f8750b6ab9764d379b715c7854fdbf/element/f.8850BFF0213FDAA0CDBB6DAFAFD06CF5.d.6C94749AE1BD40B67182DCB3D85795C7.e.5765/click - {}
RESULT: {}
COMMAND: POST /session/b4f8750b6ab9764d379b715c7854fdbf/element - {"using":"xpath","value":"//span[contains(text(), \"TB - Time based\")]"}
COMMAND: GET /session/b4f8750b6ab9764d379b715c7854fdbf/screenshot - {}
RESULT: {"using":"xpath","value":"//span[contains(text(), \"TB - Time based\")]"}
COMMAND: POST /session/b4f8750b6ab9764d379b715c7854fdbf/element/f.8850BFF0213FDAA0CDBB6DAFAFD06CF5.d.6C94749AE1BD40B67182DCB3D85795C7.e.5766/click - {}
RESULT: {}
RESULT: {}
COMMAND: POST /session/b4f8750b6ab9764d379b715c7854fdbf/execute/async - {"script":"<script> [1562 bytes]","args":[{"selector":{"id":"application-managepricingrules-display-component---newInfoPriceItem--priceProc-arrow"},"wdio_ui5_key":"applicationmanagepricingrules-display-component---newInfoPriceItem--priceProc-arrow"}]}
COMMAND: GET /session/b4f8750b6ab9764d379b715c7854fdbf/screenshot - {}
RESULT: {"script":"<script> [1562 bytes]","args":[{"selector":{"id":"application-managepricingrules-display-component---newInfoPriceItem--priceProc-arrow"},"wdio_ui5_key":"applicationmanagepricingrules-display-component---newInfoPriceItem--priceProc-arrow"}]}
RESULT: undefined
COMMAND: POST /session/b4f8750b6ab9764d379b715c7854fdbf/element - {"using":"xpath","value":"//*[@id=\"application-managepricingrules-display-component---newInfoPriceItem--priceProc-arrow\"]"}
RESULT: {}
RESULT: {"using":"xpath","value":"//*[@id=\"application-managepricingrules-display-component---newInfoPriceItem--priceProc-arrow\"]"}
COMMAND: POST /session/b4f8750b6ab9764d379b715c7854fdbf/element/f.8850BFF0213FDAA0CDBB6DAFAFD06CF5.d.6C94749AE1BD40B67182DCB3D85795C7.e.5729/click - {}
RESULT: {}
COMMAND: POST /session/b4f8750b6ab9764d379b715c7854fdbf/element - {"using":"xpath","value":"//span[contains(text(), \"TBS - Time based standard\")]"}
COMMAND: GET /session/b4f8750b6ab9764d379b715c7854fdbf/screenshot - {}
RESULT: {"using":"xpath","value":"//span[contains(text(), \"TBS - Time based standard\")]"}
COMMAND: POST /session/b4f8750b6ab9764d379b715c7854fdbf/element/f.8850BFF0213FDAA0CDBB6DAFAFD06CF5.d.6C94749AE1BD40B67182DCB3D85795C7.e.5767/click - {}
RESULT: {}
RESULT: {}
COMMAND: POST /session/b4f8750b6ab9764d379b715c7854fdbf/execute/async - {"script":"<script> [1562 bytes]","args":[{"selector":{"id":"application-managepricingrules-display-component---newInfoPriceItem--calcBase-arrow"},"wdio_ui5_key":"applicationmanagepricingrules-display-component---newInfoPriceItem--calcBase-arrow"}]}
COMMAND: GET /session/b4f8750b6ab9764d379b715c7854fdbf/screenshot - {}
RESULT: {"script":"<script> [1562 bytes]","args":[{"selector":{"id":"application-managepricingrules-display-component---newInfoPriceItem--calcBase-arrow"},"wdio_ui5_key":"applicationmanagepricingrules-display-component---newInfoPriceItem--calcBase-arrow"}]}
RESULT: undefined
COMMAND: POST /session/b4f8750b6ab9764d379b715c7854fdbf/element - {"using":"xpath","value":"//*[@id=\"application-managepricingrules-display-component---newInfoPriceItem--calcBase-arrow\"]"}
RESULT: {}
RESULT: {"using":"xpath","value":"//*[@id=\"application-managepricingrules-display-component---newInfoPriceItem--calcBase-arrow\"]"}
COMMAND: POST /session/b4f8750b6ab9764d379b715c7854fdbf/element/f.8850BFF0213FDAA0CDBB6DAFAFD06CF5.d.6C94749AE1BD40B67182DCB3D85795C7.e.5736/click - {}
RESULT: {}
COMMAND: GET /session/b4f8750b6ab9764d379b715c7854fdbf/screenshot - {}
RESULT: {}
COMMAND: POST /session/b4f8750b6ab9764d379b715c7854fdbf/element - {"using":"xpath","value":"//span[contains(text(), \"0006 - TB(calendar days)\")]"}
RESULT: {"using":"xpath","value":"//span[contains(text(), \"0006 - TB(calendar days)\")]"}
COMMAND: POST /session/b4f8750b6ab9764d379b715c7854fdbf/element/f.8850BFF0213FDAA0CDBB6DAFAFD06CF5.d.6C94749AE1BD40B67182DCB3D85795C7.e.5768/click - {}
RESULT: {}
COMMAND: GET /session/b4f8750b6ab9764d379b715c7854fdbf/screenshot - {}
RESULT: {}
COMMAND: POST /session/b4f8750b6ab9764d379b715c7854fdbf/execute/async - {"script":"<script> [1562 bytes]","args":[{"selector":{"id":"application-managepricingrules-display-component---newInfoPriceItem--daysMonth","interaction":{"idSuffix":"inner"}},"wdio_ui5_key":"applicationmanagepricingrules-display-component---newInfoPriceItem--daysMonth"}]}
RESULT: {"script":"<script> [1562 bytes]","args":[{"selector":{"id":"application-managepricingrules-display-component---newInfoPriceItem--daysMonth","interaction":{"idSuffix":"inner"}},"wdio_ui5_key":"applicationmanagepricingrules-display-component---newInfoPriceItem--daysMonth"}]}
RESULT: undefined
COMMAND: POST /session/b4f8750b6ab9764d379b715c7854fdbf/execute/async - {"script":"<script> [776 bytes]","args":[{"enterText":"30","selector":{"id":"application-managepricingrules-display-component---newInfoPriceItem--daysMonth","interaction":{"idSuffix":"inner"}},"clearTextFirst":true,"interactionType":"ENTER_TEXT"}]}
RESULT: {"script":"<script> [776 bytes]","args":[{"enterText":"30","selector":{"id":"application-managepricingrules-display-component---newInfoPriceItem--daysMonth","interaction":{"idSuffix":"inner"}},"clearTextFirst":true,"interactionType":"ENTER_TEXT"}]}
COMMAND: POST /session/b4f8750b6ab9764d379b715c7854fdbf/element - {"using":"xpath","value":"//button[@data-kt=\"saveNewRuleButton\"]"}
RESULT: {"using":"xpath","value":"//button[@data-kt=\"saveNewRuleButton\"]"}
COMMAND: POST /session/b4f8750b6ab9764d379b715c7854fdbf/element/f.8850BFF0213FDAA0CDBB6DAFAFD06CF5.d.6C94749AE1BD40B67182DCB3D85795C7.e.5754/click - {}
RESULT: {}
COMMAND: GET /session/b4f8750b6ab9764d379b715c7854fdbf/screenshot - {}
RESULT: {}
COMMAND: POST /session/b4f8750b6ab9764d379b715c7854fdbf/execute/async - {"script":"<script> [1562 bytes]","args":[{"selector":{"id":"application-managepricingrules-display-component---priceInfoItem--smartFilterBar-btnBasicSearch","interaction":{"idSuffix":"I"}},"wdio_ui5_key":"applicationmanagepricingrules-display-component---priceInfoItem--smartFilterBar-btnBasicSearch"}]}
RESULT: {"script":"<script> [1562 bytes]","args":[{"selector":{"id":"application-managepricingrules-display-component---priceInfoItem--smartFilterBar-btnBasicSearch","interaction":{"idSuffix":"I"}},"wdio_ui5_key":"applicationmanagepricingrules-display-component---priceInfoItem--smartFilterBar-btnBasicSearch"}]}
RESULT: undefined
COMMAND: POST /session/b4f8750b6ab9764d379b715c7854fdbf/execute/async - {"script":"<script> [776 bytes]","args":[{"enterText":"yVDoQ0brks","selector":{"id":"application-managepricingrules-display-component---priceInfoItem--smartFilterBar-btnBasicSearch","interaction":{"idSuffix":"I"}},"clearTextFirst":true,"interactionType":"ENTER_TEXT"}]}
RESULT: {"script":"<script> [776 bytes]","args":[{"enterText":"yVDoQ0brks","selector":{"id":"application-managepricingrules-display-component---priceInfoItem--smartFilterBar-btnBasicSearch","interaction":{"idSuffix":"I"}},"clearTextFirst":true,"interactionType":"ENTER_TEXT"}]}
COMMAND: POST /session/b4f8750b6ab9764d379b715c7854fdbf/actions - {"actions":[{"id":"action13","type":"key","parameters":{},"actions":[{"type":"keyDown","value":""},{"type":"pause","duration":10},{"type":"keyUp","value":""}]}]}
RESULT: {"actions":[{"id":"action13","type":"key","parameters":{},"actions":[{"type":"keyDown","value":""},{"type":"pause","duration":10},{"type":"keyUp","value":""}]}]}
COMMAND: GET /session/b4f8750b6ab9764d379b715c7854fdbf/screenshot - {}
RESULT: {}
COMMAND: POST /session/b4f8750b6ab9764d379b715c7854fdbf/element - {"using":"xpath","value":"//span[@id=\"application-managepricingrules-display-component---priceInfoItem--smartTable-header-inner\"]"}
RESULT: {"using":"xpath","value":"//span[@id=\"application-managepricingrules-display-component---priceInfoItem--smartTable-header-inner\"]"}
COMMAND: POST /session/b4f8750b6ab9764d379b715c7854fdbf/elements - {"using":"xpath","value":"//span[@id=\"application-managepricingrules-display-component---priceInfoItem--smartTable-header-inner\"]"}
RESULT: {"using":"xpath","value":"//span[@id=\"application-managepricingrules-display-component---priceInfoItem--smartTable-header-inner\"]"}
COMMAND: POST /session/b4f8750b6ab9764d379b715c7854fdbf/execute/sync - {"script":"<script> [56 bytes]","args":[{"element-6066-11e4-a52e-4f735466cecf":"f.8850BFF0213FDAA0CDBB6DAFAFD06CF5.d.6C94749AE1BD40B67182DCB3D85795C7.e.5795","ELEMENT":"f.8850BFF0213FDAA0CDBB6DAFAFD06CF5.d.6C94749AE1BD40B67182DCB3D85795C7.e.5795"}]}
RESULT: {"script":"<script> [56 bytes]","args":[{"element-6066-11e4-a52e-4f735466cecf":"f.8850BFF0213FDAA0CDBB6DAFAFD06CF5.d.6C94749AE1BD40B67182DCB3D85795C7.e.5795","ELEMENT":"f.8850BFF0213FDAA0CDBB6DAFAFD06CF5.d.6C94749AE1BD40B67182DCB3D85795C7.e.5795"}]}
COMMAND: POST /session/b4f8750b6ab9764d379b715c7854fdbf/element - {"using":"css selector","value":"#shell-header-logo"}
COMMAND: GET /session/b4f8750b6ab9764d379b715c7854fdbf/screenshot - {}
RESULT: {"using":"css selector","value":"#shell-header-logo"}
COMMAND: POST /session/b4f8750b6ab9764d379b715c7854fdbf/element/f.8850BFF0213FDAA0CDBB6DAFAFD06CF5.d.6C94749AE1BD40B67182DCB3D85795C7.e.4840/click - {}
RESULT: {}
RESULT: {}
COMMAND: GET /session/b4f8750b6ab9764d379b715c7854fdbf/screenshot - {}
RESULT: {}
]]></system-out>
    </testcase>
    <testcase classname="chrome.137_0_7151_69.windows.Billing_Transfer_-_Master_data_&amp;_Intercompany_US127250" name="Should create new condition for equipment TB" time="71.423">
      <system-out><![CDATA[
COMMAND: POST /session/b4f8750b6ab9764d379b715c7854fdbf/execute/async - {"script":"<script> [1562 bytes]","args":[{"selector":{"controlType":"sap.m.GenericTile","properties":{"header":"Manage Conditions & Prices"}},"wdio_ui5_key":"sapm.GenericTile{\"header\":\"Manage Conditions & Prices\"}"}]}
RESULT: {"script":"<script> [1562 bytes]","args":[{"selector":{"controlType":"sap.m.GenericTile","properties":{"header":"Manage Conditions & Prices"}},"wdio_ui5_key":"sapm.GenericTile{\"header\":\"Manage Conditions & Prices\"}"}]}
RESULT: undefined
COMMAND: POST /session/b4f8750b6ab9764d379b715c7854fdbf/element - {"using":"xpath","value":"//*[@id=\"__tile95\"]"}
RESULT: {"using":"xpath","value":"//*[@id=\"__tile95\"]"}
COMMAND: POST /session/b4f8750b6ab9764d379b715c7854fdbf/element/f.8850BFF0213FDAA0CDBB6DAFAFD06CF5.d.6C94749AE1BD40B67182DCB3D85795C7.e.4824/click - {}
RESULT: {}
COMMAND: GET /session/b4f8750b6ab9764d379b715c7854fdbf/screenshot - {}
RESULT: {}
COMMAND: POST /session/b4f8750b6ab9764d379b715c7854fdbf/elements - {"using":"xpath","value":"//span[text()='Error']"}
RESULT: {"using":"xpath","value":"//span[text()='Error']"}
COMMAND: POST /session/b4f8750b6ab9764d379b715c7854fdbf/element - {"using":"xpath","value":"//button[@aria-label=\"Create\"]"}
RESULT: {"using":"xpath","value":"//button[@aria-label=\"Create\"]"}
COMMAND: POST /session/b4f8750b6ab9764d379b715c7854fdbf/elements - {"using":"xpath","value":"//button[@aria-label=\"Create\"]"}
RESULT: {"using":"xpath","value":"//button[@aria-label=\"Create\"]"}
COMMAND: POST /session/b4f8750b6ab9764d379b715c7854fdbf/execute/sync - {"script":"<script> [8489 bytes]","args":[{"element-6066-11e4-a52e-4f735466cecf":"f.8850BFF0213FDAA0CDBB6DAFAFD06CF5.d.6C94749AE1BD40B67182DCB3D85795C7.e.5830","ELEMENT":"f.8850BFF0213FDAA0CDBB6DAFAFD06CF5.d.6C94749AE1BD40B67182DCB3D85795C7.e.5830"}]}
RESULT: {"script":"<script> [8489 bytes]","args":[{"element-6066-11e4-a52e-4f735466cecf":"f.8850BFF0213FDAA0CDBB6DAFAFD06CF5.d.6C94749AE1BD40B67182DCB3D85795C7.e.5830","ELEMENT":"f.8850BFF0213FDAA0CDBB6DAFAFD06CF5.d.6C94749AE1BD40B67182DCB3D85795C7.e.5830"}]}
COMMAND: GET /session/b4f8750b6ab9764d379b715c7854fdbf/element/f.8850BFF0213FDAA0CDBB6DAFAFD06CF5.d.6C94749AE1BD40B67182DCB3D85795C7.e.5830/enabled - {}
COMMAND: GET /session/b4f8750b6ab9764d379b715c7854fdbf/screenshot - {}
RESULT: {}
COMMAND: POST /session/b4f8750b6ab9764d379b715c7854fdbf/execute/sync - {"script":"<script> [8489 bytes]","args":[{"element-6066-11e4-a52e-4f735466cecf":"f.8850BFF0213FDAA0CDBB6DAFAFD06CF5.d.6C94749AE1BD40B67182DCB3D85795C7.e.5830","ELEMENT":"f.8850BFF0213FDAA0CDBB6DAFAFD06CF5.d.6C94749AE1BD40B67182DCB3D85795C7.e.5830"}]}
COMMAND: GET /session/b4f8750b6ab9764d379b715c7854fdbf/screenshot - {}
RESULT: {}
RESULT: {"script":"<script> [8489 bytes]","args":[{"element-6066-11e4-a52e-4f735466cecf":"f.8850BFF0213FDAA0CDBB6DAFAFD06CF5.d.6C94749AE1BD40B67182DCB3D85795C7.e.5830","ELEMENT":"f.8850BFF0213FDAA0CDBB6DAFAFD06CF5.d.6C94749AE1BD40B67182DCB3D85795C7.e.5830"}]}
COMMAND: POST /session/b4f8750b6ab9764d379b715c7854fdbf/execute/sync - {"script":"<script> [5351 bytes]","args":[{"element-6066-11e4-a52e-4f735466cecf":"f.8850BFF0213FDAA0CDBB6DAFAFD06CF5.d.6C94749AE1BD40B67182DCB3D85795C7.e.5830","ELEMENT":"f.8850BFF0213FDAA0CDBB6DAFAFD06CF5.d.6C94749AE1BD40B67182DCB3D85795C7.e.5830"}]}
COMMAND: GET /session/b4f8750b6ab9764d379b715c7854fdbf/screenshot - {}
RESULT: {}
RESULT: {"script":"<script> [5351 bytes]","args":[{"element-6066-11e4-a52e-4f735466cecf":"f.8850BFF0213FDAA0CDBB6DAFAFD06CF5.d.6C94749AE1BD40B67182DCB3D85795C7.e.5830","ELEMENT":"f.8850BFF0213FDAA0CDBB6DAFAFD06CF5.d.6C94749AE1BD40B67182DCB3D85795C7.e.5830"}]}
COMMAND: POST /session/b4f8750b6ab9764d379b715c7854fdbf/element/f.8850BFF0213FDAA0CDBB6DAFAFD06CF5.d.6C94749AE1BD40B67182DCB3D85795C7.e.5830/click - {}
RESULT: {}
COMMAND: GET /session/b4f8750b6ab9764d379b715c7854fdbf/screenshot - {}
RESULT: {}
COMMAND: GET /session/b4f8750b6ab9764d379b715c7854fdbf/screenshot - {}
RESULT: {}
RESULT: {}
COMMAND: POST /session/b4f8750b6ab9764d379b715c7854fdbf/actions - {"actions":[{"id":"action14","type":"key","parameters":{},"actions":[{"type":"keyDown","value":""},{"type":"pause","duration":10},{"type":"keyUp","value":""}]}]}
RESULT: {"actions":[{"id":"action14","type":"key","parameters":{},"actions":[{"type":"keyDown","value":""},{"type":"pause","duration":10},{"type":"keyUp","value":""}]}]}
COMMAND: GET /session/b4f8750b6ab9764d379b715c7854fdbf/screenshot - {}
RESULT: {}
COMMAND: POST /session/b4f8750b6ab9764d379b715c7854fdbf/execute/async - {"script":"<script> [1562 bytes]","args":[{"selector":{"id":"application-manageconditionprice-display-component---newCondition--condBillCond-arrow"},"wdio_ui5_key":"applicationmanageconditionprice-display-component---newCondition--condBillCond-arrow"}]}
RESULT: {"script":"<script> [1562 bytes]","args":[{"selector":{"id":"application-manageconditionprice-display-component---newCondition--condBillCond-arrow"},"wdio_ui5_key":"applicationmanageconditionprice-display-component---newCondition--condBillCond-arrow"}]}
RESULT: undefined
COMMAND: POST /session/b4f8750b6ab9764d379b715c7854fdbf/element - {"using":"xpath","value":"//*[@id=\"application-manageconditionprice-display-component---newCondition--condBillCond-arrow\"]"}
RESULT: {"using":"xpath","value":"//*[@id=\"application-manageconditionprice-display-component---newCondition--condBillCond-arrow\"]"}
COMMAND: POST /session/b4f8750b6ab9764d379b715c7854fdbf/element/f.8850BFF0213FDAA0CDBB6DAFAFD06CF5.d.6C94749AE1BD40B67182DCB3D85795C7.e.6009/click - {}
RESULT: {}
COMMAND: GET /session/b4f8750b6ab9764d379b715c7854fdbf/screenshot - {}
RESULT: {}
COMMAND: POST /session/b4f8750b6ab9764d379b715c7854fdbf/element - {"using":"xpath","value":"//li[.//span[contains(text(), \"DISP - D&I special price\")]]"}
RESULT: {"using":"xpath","value":"//li[.//span[contains(text(), \"DISP - D&I special price\")]]"}
COMMAND: POST /session/b4f8750b6ab9764d379b715c7854fdbf/element/f.8850BFF0213FDAA0CDBB6DAFAFD06CF5.d.6C94749AE1BD40B67182DCB3D85795C7.e.6013/click - {}
RESULT: {}
COMMAND: GET /session/b4f8750b6ab9764d379b715c7854fdbf/screenshot - {}
RESULT: {}
COMMAND: POST /session/b4f8750b6ab9764d379b715c7854fdbf/execute/async - {"script":"<script> [1562 bytes]","args":[{"selector":{"id":"application-manageconditionprice-display-component---newCondition--condValidTo","interaction":{"idSuffix":"inner"}},"wdio_ui5_key":"applicationmanageconditionprice-display-component---newCondition--condValidTo"}]}
RESULT: {"script":"<script> [1562 bytes]","args":[{"selector":{"id":"application-manageconditionprice-display-component---newCondition--condValidTo","interaction":{"idSuffix":"inner"}},"wdio_ui5_key":"applicationmanageconditionprice-display-component---newCondition--condValidTo"}]}
RESULT: undefined
COMMAND: POST /session/b4f8750b6ab9764d379b715c7854fdbf/execute/async - {"script":"<script> [776 bytes]","args":[{"enterText":"2/13/26","selector":{"id":"application-manageconditionprice-display-component---newCondition--condValidTo","interaction":{"idSuffix":"inner"}},"clearTextFirst":true,"interactionType":"ENTER_TEXT"}]}
RESULT: {"script":"<script> [776 bytes]","args":[{"enterText":"2/13/26","selector":{"id":"application-manageconditionprice-display-component---newCondition--condValidTo","interaction":{"idSuffix":"inner"}},"clearTextFirst":true,"interactionType":"ENTER_TEXT"}]}
COMMAND: POST /session/b4f8750b6ab9764d379b715c7854fdbf/element - {"using":"xpath","value":"//input[@id=\"application-manageconditionprice-display-component---newCondition--condRU-inner\"]"}
RESULT: {"using":"xpath","value":"//input[@id=\"application-manageconditionprice-display-component---newCondition--condRU-inner\"]"}
COMMAND: POST /session/b4f8750b6ab9764d379b715c7854fdbf/element/f.8850BFF0213FDAA0CDBB6DAFAFD06CF5.d.6C94749AE1BD40B67182DCB3D85795C7.e.5847/clear - {}
RESULT: {}
COMMAND: POST /session/b4f8750b6ab9764d379b715c7854fdbf/element/f.8850BFF0213FDAA0CDBB6DAFAFD06CF5.d.6C94749AE1BD40B67182DCB3D85795C7.e.5847/value - {"text":"yVDoQ0brks"}
COMMAND: GET /session/b4f8750b6ab9764d379b715c7854fdbf/screenshot - {}
RESULT: {"text":"yVDoQ0brks"}
COMMAND: GET /session/b4f8750b6ab9764d379b715c7854fdbf/screenshot - {}
RESULT: {}
RESULT: {}
COMMAND: POST /session/b4f8750b6ab9764d379b715c7854fdbf/actions - {"actions":[{"id":"action15","type":"key","parameters":{},"actions":[{"type":"keyDown","value":""},{"type":"pause","duration":10},{"type":"keyUp","value":""}]}]}
RESULT: {"actions":[{"id":"action15","type":"key","parameters":{},"actions":[{"type":"keyDown","value":""},{"type":"pause","duration":10},{"type":"keyUp","value":""}]}]}
COMMAND: POST /session/b4f8750b6ab9764d379b715c7854fdbf/execute/async - {"script":"<script> [1562 bytes]","args":[{"selector":{"id":"application-manageconditionprice-display-component---newCondition--condBaseQty","interaction":{"idSuffix":"inner"}},"wdio_ui5_key":"applicationmanageconditionprice-display-component---newCondition--condBaseQty"}]}
COMMAND: GET /session/b4f8750b6ab9764d379b715c7854fdbf/screenshot - {}
RESULT: {"script":"<script> [1562 bytes]","args":[{"selector":{"id":"application-manageconditionprice-display-component---newCondition--condBaseQty","interaction":{"idSuffix":"inner"}},"wdio_ui5_key":"applicationmanageconditionprice-display-component---newCondition--condBaseQty"}]}
RESULT: undefined
COMMAND: POST /session/b4f8750b6ab9764d379b715c7854fdbf/execute/async - {"script":"<script> [776 bytes]","args":[{"enterText":"1","selector":{"id":"application-manageconditionprice-display-component---newCondition--condBaseQty","interaction":{"idSuffix":"inner"}},"clearTextFirst":true,"interactionType":"ENTER_TEXT"}]}
RESULT: {}
RESULT: {"script":"<script> [776 bytes]","args":[{"enterText":"1","selector":{"id":"application-manageconditionprice-display-component---newCondition--condBaseQty","interaction":{"idSuffix":"inner"}},"clearTextFirst":true,"interactionType":"ENTER_TEXT"}]}
COMMAND: POST /session/b4f8750b6ab9764d379b715c7854fdbf/execute/async - {"script":"<script> [1562 bytes]","args":[{"selector":{"id":"application-manageconditionprice-display-component---newCondition--condValue","interaction":{"idSuffix":"inner"}},"wdio_ui5_key":"applicationmanageconditionprice-display-component---newCondition--condValue"}]}
RESULT: {"script":"<script> [1562 bytes]","args":[{"selector":{"id":"application-manageconditionprice-display-component---newCondition--condValue","interaction":{"idSuffix":"inner"}},"wdio_ui5_key":"applicationmanageconditionprice-display-component---newCondition--condValue"}]}
RESULT: undefined
COMMAND: POST /session/b4f8750b6ab9764d379b715c7854fdbf/execute/async - {"script":"<script> [776 bytes]","args":[{"enterText":"100","selector":{"id":"application-manageconditionprice-display-component---newCondition--condValue","interaction":{"idSuffix":"inner"}},"clearTextFirst":true,"interactionType":"ENTER_TEXT"}]}
RESULT: {"script":"<script> [776 bytes]","args":[{"enterText":"100","selector":{"id":"application-manageconditionprice-display-component---newCondition--condValue","interaction":{"idSuffix":"inner"}},"clearTextFirst":true,"interactionType":"ENTER_TEXT"}]}
COMMAND: POST /session/b4f8750b6ab9764d379b715c7854fdbf/execute/async - {"script":"<script> [1562 bytes]","args":[{"selector":{"id":"application-manageconditionprice-display-component---newCondition--condCurr-arrow"},"wdio_ui5_key":"applicationmanageconditionprice-display-component---newCondition--condCurr-arrow"}]}
RESULT: {"script":"<script> [1562 bytes]","args":[{"selector":{"id":"application-manageconditionprice-display-component---newCondition--condCurr-arrow"},"wdio_ui5_key":"applicationmanageconditionprice-display-component---newCondition--condCurr-arrow"}]}
RESULT: undefined
COMMAND: POST /session/b4f8750b6ab9764d379b715c7854fdbf/element - {"using":"xpath","value":"//*[@id=\"application-manageconditionprice-display-component---newCondition--condCurr-arrow\"]"}
RESULT: {"using":"xpath","value":"//*[@id=\"application-manageconditionprice-display-component---newCondition--condCurr-arrow\"]"}
COMMAND: POST /session/b4f8750b6ab9764d379b715c7854fdbf/element/f.8850BFF0213FDAA0CDBB6DAFAFD06CF5.d.6C94749AE1BD40B67182DCB3D85795C7.e.5999/click - {}
RESULT: {}
COMMAND: POST /session/b4f8750b6ab9764d379b715c7854fdbf/element - {"using":"xpath","value":"//span[contains(text(), \"Euro\")]"}
COMMAND: GET /session/b4f8750b6ab9764d379b715c7854fdbf/screenshot - {}
RESULT: {"using":"xpath","value":"//span[contains(text(), \"Euro\")]"}
COMMAND: POST /session/b4f8750b6ab9764d379b715c7854fdbf/element/f.8850BFF0213FDAA0CDBB6DAFAFD06CF5.d.6C94749AE1BD40B67182DCB3D85795C7.e.6050/click - {}
RESULT: {}
RESULT: {}
COMMAND: POST /session/b4f8750b6ab9764d379b715c7854fdbf/element - {"using":"xpath","value":"//button[@data-kt=\"saveButton\"]"}
COMMAND: GET /session/b4f8750b6ab9764d379b715c7854fdbf/screenshot - {}
RESULT: {"using":"xpath","value":"//button[@data-kt=\"saveButton\"]"}
COMMAND: POST /session/b4f8750b6ab9764d379b715c7854fdbf/element/f.8850BFF0213FDAA0CDBB6DAFAFD06CF5.d.6C94749AE1BD40B67182DCB3D85795C7.e.6000/click - {}
RESULT: {}
RESULT: {}
COMMAND: GET /session/b4f8750b6ab9764d379b715c7854fdbf/screenshot - {}
RESULT: {}
COMMAND: POST /session/b4f8750b6ab9764d379b715c7854fdbf/execute/async - {"script":"<script> [1562 bytes]","args":[{"selector":{"id":"application-manageconditionprice-display-component---conditions--smartFilterBar-btnBasicSearch","interaction":{"idSuffix":"I"}},"wdio_ui5_key":"applicationmanageconditionprice-display-component---conditions--smartFilterBar-btnBasicSearch"}]}
RESULT: {"script":"<script> [1562 bytes]","args":[{"selector":{"id":"application-manageconditionprice-display-component---conditions--smartFilterBar-btnBasicSearch","interaction":{"idSuffix":"I"}},"wdio_ui5_key":"applicationmanageconditionprice-display-component---conditions--smartFilterBar-btnBasicSearch"}]}
RESULT: undefined
COMMAND: POST /session/b4f8750b6ab9764d379b715c7854fdbf/execute/async - {"script":"<script> [776 bytes]","args":[{"enterText":"yVDoQ0brks","selector":{"id":"application-manageconditionprice-display-component---conditions--smartFilterBar-btnBasicSearch","interaction":{"idSuffix":"I"}},"clearTextFirst":true,"interactionType":"ENTER_TEXT"}]}
RESULT: {"script":"<script> [776 bytes]","args":[{"enterText":"yVDoQ0brks","selector":{"id":"application-manageconditionprice-display-component---conditions--smartFilterBar-btnBasicSearch","interaction":{"idSuffix":"I"}},"clearTextFirst":true,"interactionType":"ENTER_TEXT"}]}
COMMAND: POST /session/b4f8750b6ab9764d379b715c7854fdbf/actions - {"actions":[{"id":"action16","type":"key","parameters":{},"actions":[{"type":"keyDown","value":""},{"type":"pause","duration":10},{"type":"keyUp","value":""}]}]}
RESULT: {"actions":[{"id":"action16","type":"key","parameters":{},"actions":[{"type":"keyDown","value":""},{"type":"pause","duration":10},{"type":"keyUp","value":""}]}]}
COMMAND: GET /session/b4f8750b6ab9764d379b715c7854fdbf/screenshot - {}
RESULT: {}
COMMAND: POST /session/b4f8750b6ab9764d379b715c7854fdbf/execute/async - {"script":"<script> [1562 bytes]","args":[{"selector":{"id":"application-manageconditionprice-display-component---conditions--smartFilterBar-filterItemControl_BASIC-BILL_TYPES-vhi"},"wdio_ui5_key":"applicationmanageconditionprice-display-component---conditions--smartFilterBar-filterItemControl_BASIC-BILL_TYPES-vhi"}]}
RESULT: {"script":"<script> [1562 bytes]","args":[{"selector":{"id":"application-manageconditionprice-display-component---conditions--smartFilterBar-filterItemControl_BASIC-BILL_TYPES-vhi"},"wdio_ui5_key":"applicationmanageconditionprice-display-component---conditions--smartFilterBar-filterItemControl_BASIC-BILL_TYPES-vhi"}]}
RESULT: undefined
COMMAND: POST /session/b4f8750b6ab9764d379b715c7854fdbf/element - {"using":"xpath","value":"//*[@id=\"application-manageconditionprice-display-component---conditions--smartFilterBar-filterItemControl_BASIC-BILL_TYPES-vhi\"]"}
RESULT: {"using":"xpath","value":"//*[@id=\"application-manageconditionprice-display-component---conditions--smartFilterBar-filterItemControl_BASIC-BILL_TYPES-vhi\"]"}
COMMAND: POST /session/b4f8750b6ab9764d379b715c7854fdbf/element/f.8850BFF0213FDAA0CDBB6DAFAFD06CF5.d.6C94749AE1BD40B67182DCB3D85795C7.e.6156/click - {}
RESULT: {}
COMMAND: POST /session/b4f8750b6ab9764d379b715c7854fdbf/execute/async - {"script":"<script> [1562 bytes]","args":[{"selector":{"id":"application-manageconditionprice-display-component---conditions--smartFilterBar-filterItemControl_BASIC-BILL_TYPES-valueHelpDialog-smartFilterBar-btnBasicSearch","searchOpenDialogs":true,"interaction":{"idSuffix":"I"}},"wdio_ui5_key":"applicationmanageconditionprice-display-component---conditions--smartFilterBar-filterItemControl_BASIC-BILL_TYPES-valueHelpDialog-smartFilterBar-btnBasicSearch"}]}
COMMAND: GET /session/b4f8750b6ab9764d379b715c7854fdbf/screenshot - {}
RESULT: {"script":"<script> [1562 bytes]","args":[{"selector":{"id":"application-manageconditionprice-display-component---conditions--smartFilterBar-filterItemControl_BASIC-BILL_TYPES-valueHelpDialog-smartFilterBar-btnBasicSearch","searchOpenDialogs":true,"interaction":{"idSuffix":"I"}},"wdio_ui5_key":"applicationmanageconditionprice-display-component---conditions--smartFilterBar-filterItemControl_BASIC-BILL_TYPES-valueHelpDialog-smartFilterBar-btnBasicSearch"}]}
RESULT: undefined
COMMAND: POST /session/b4f8750b6ab9764d379b715c7854fdbf/execute/async - {"script":"<script> [776 bytes]","args":[{"enterText":"TB","selector":{"id":"application-manageconditionprice-display-component---conditions--smartFilterBar-filterItemControl_BASIC-BILL_TYPES-valueHelpDialog-smartFilterBar-btnBasicSearch","searchOpenDialogs":true,"interaction":{"idSuffix":"I"}},"clearTextFirst":true,"interactionType":"ENTER_TEXT"}]}
RESULT: {}
RESULT: {"script":"<script> [776 bytes]","args":[{"enterText":"TB","selector":{"id":"application-manageconditionprice-display-component---conditions--smartFilterBar-filterItemControl_BASIC-BILL_TYPES-valueHelpDialog-smartFilterBar-btnBasicSearch","searchOpenDialogs":true,"interaction":{"idSuffix":"I"}},"clearTextFirst":true,"interactionType":"ENTER_TEXT"}]}
COMMAND: POST /session/b4f8750b6ab9764d379b715c7854fdbf/actions - {"actions":[{"id":"action17","type":"key","parameters":{},"actions":[{"type":"keyDown","value":""},{"type":"pause","duration":10},{"type":"keyUp","value":""}]}]}
RESULT: {"actions":[{"id":"action17","type":"key","parameters":{},"actions":[{"type":"keyDown","value":""},{"type":"pause","duration":10},{"type":"keyUp","value":""}]}]}
COMMAND: GET /session/b4f8750b6ab9764d379b715c7854fdbf/screenshot - {}
RESULT: {}
COMMAND: POST /session/b4f8750b6ab9764d379b715c7854fdbf/element - {"using":"xpath","value":"//div[contains(@id, 'application-manageconditionprice-display-component---conditions--smartFilterBar-filterItemControl_BASIC-BILL_TYPES-valueHelpDialog-table-rowsel0')]"}
RESULT: {"using":"xpath","value":"//div[contains(@id, 'application-manageconditionprice-display-component---conditions--smartFilterBar-filterItemControl_BASIC-BILL_TYPES-valueHelpDialog-table-rowsel0')]"}
COMMAND: POST /session/b4f8750b6ab9764d379b715c7854fdbf/element/f.8850BFF0213FDAA0CDBB6DAFAFD06CF5.d.6C94749AE1BD40B67182DCB3D85795C7.e.6165/click - {}
RESULT: {}
COMMAND: GET /session/b4f8750b6ab9764d379b715c7854fdbf/screenshot - {}
RESULT: {}
COMMAND: POST /session/b4f8750b6ab9764d379b715c7854fdbf/element - {"using":"xpath","value":"//bdi[contains(text(), \"OK\")]"}
RESULT: {"using":"xpath","value":"//bdi[contains(text(), \"OK\")]"}
COMMAND: POST /session/b4f8750b6ab9764d379b715c7854fdbf/element/f.8850BFF0213FDAA0CDBB6DAFAFD06CF5.d.6C94749AE1BD40B67182DCB3D85795C7.e.6167/click - {}
RESULT: {}
COMMAND: GET /session/b4f8750b6ab9764d379b715c7854fdbf/screenshot - {}
RESULT: {}
COMMAND: POST /session/b4f8750b6ab9764d379b715c7854fdbf/element - {"using":"xpath","value":"//span[@id=\"application-manageconditionprice-display-component---conditions--smartTable-header-inner\"]"}
RESULT: {"using":"xpath","value":"//span[@id=\"application-manageconditionprice-display-component---conditions--smartTable-header-inner\"]"}
COMMAND: POST /session/b4f8750b6ab9764d379b715c7854fdbf/elements - {"using":"xpath","value":"//span[@id=\"application-manageconditionprice-display-component---conditions--smartTable-header-inner\"]"}
RESULT: {"using":"xpath","value":"//span[@id=\"application-manageconditionprice-display-component---conditions--smartTable-header-inner\"]"}
COMMAND: POST /session/b4f8750b6ab9764d379b715c7854fdbf/execute/sync - {"script":"<script> [56 bytes]","args":[{"element-6066-11e4-a52e-4f735466cecf":"f.8850BFF0213FDAA0CDBB6DAFAFD06CF5.d.6C94749AE1BD40B67182DCB3D85795C7.e.6170","ELEMENT":"f.8850BFF0213FDAA0CDBB6DAFAFD06CF5.d.6C94749AE1BD40B67182DCB3D85795C7.e.6170"}]}
RESULT: {"script":"<script> [56 bytes]","args":[{"element-6066-11e4-a52e-4f735466cecf":"f.8850BFF0213FDAA0CDBB6DAFAFD06CF5.d.6C94749AE1BD40B67182DCB3D85795C7.e.6170","ELEMENT":"f.8850BFF0213FDAA0CDBB6DAFAFD06CF5.d.6C94749AE1BD40B67182DCB3D85795C7.e.6170"}]}
COMMAND: POST /session/b4f8750b6ab9764d379b715c7854fdbf/element - {"using":"css selector","value":"#shell-header-logo"}
COMMAND: GET /session/b4f8750b6ab9764d379b715c7854fdbf/screenshot - {}
RESULT: {"using":"css selector","value":"#shell-header-logo"}
COMMAND: POST /session/b4f8750b6ab9764d379b715c7854fdbf/element/f.8850BFF0213FDAA0CDBB6DAFAFD06CF5.d.6C94749AE1BD40B67182DCB3D85795C7.e.5798/click - {}
RESULT: {}
RESULT: {}
COMMAND: GET /session/b4f8750b6ab9764d379b715c7854fdbf/screenshot - {}
RESULT: {}
]]></system-out>
    </testcase>
    <testcase classname="chrome.137_0_7151_69.windows.Billing_Transfer_-_Master_data_&amp;_Intercompany_US127250" name="Should do a stock increase" time="93.418">
      <system-out><![CDATA[
COMMAND: POST /session/b4f8750b6ab9764d379b715c7854fdbf/execute/async - {"script":"<script> [1562 bytes]","args":[{"selector":{"controlType":"sap.m.GenericTile","properties":{"header":"Manage Handovers"}},"wdio_ui5_key":"sapm.GenericTile{\"header\":\"Manage Handovers\"}"}]}
RESULT: {"script":"<script> [1562 bytes]","args":[{"selector":{"controlType":"sap.m.GenericTile","properties":{"header":"Manage Handovers"}},"wdio_ui5_key":"sapm.GenericTile{\"header\":\"Manage Handovers\"}"}]}
RESULT: undefined
COMMAND: POST /session/b4f8750b6ab9764d379b715c7854fdbf/element - {"using":"xpath","value":"//*[@id=\"__tile134\"]"}
RESULT: {"using":"xpath","value":"//*[@id=\"__tile134\"]"}
COMMAND: POST /session/b4f8750b6ab9764d379b715c7854fdbf/element/f.8850BFF0213FDAA0CDBB6DAFAFD06CF5.d.6C94749AE1BD40B67182DCB3D85795C7.e.4785/click - {}
RESULT: {}
COMMAND: GET /session/b4f8750b6ab9764d379b715c7854fdbf/screenshot - {}
RESULT: {}
COMMAND: POST /session/b4f8750b6ab9764d379b715c7854fdbf/elements - {"using":"xpath","value":"//span[text()='Error']"}
RESULT: {"using":"xpath","value":"//span[text()='Error']"}
COMMAND: POST /session/b4f8750b6ab9764d379b715c7854fdbf/element - {"using":"xpath","value":"//button[@data-kt=\"masterHOAddButton\"]"}
RESULT: {"using":"xpath","value":"//button[@data-kt=\"masterHOAddButton\"]"}
COMMAND: POST /session/b4f8750b6ab9764d379b715c7854fdbf/elements - {"using":"xpath","value":"//button[@data-kt=\"masterHOAddButton\"]"}
RESULT: {"using":"xpath","value":"//button[@data-kt=\"masterHOAddButton\"]"}
COMMAND: POST /session/b4f8750b6ab9764d379b715c7854fdbf/elements - {"using":"xpath","value":"//button[@data-kt=\"masterHOAddButton\"]"}
RESULT: {"using":"xpath","value":"//button[@data-kt=\"masterHOAddButton\"]"}
COMMAND: POST /session/b4f8750b6ab9764d379b715c7854fdbf/element - {"using":"xpath","value":"//button[@data-kt=\"masterHOAddButton\"]"}
RESULT: {"using":"xpath","value":"//button[@data-kt=\"masterHOAddButton\"]"}
COMMAND: POST /session/b4f8750b6ab9764d379b715c7854fdbf/execute/sync - {"script":"<script> [8489 bytes]","args":[{"element-6066-11e4-a52e-4f735466cecf":"f.8850BFF0213FDAA0CDBB6DAFAFD06CF5.d.6C94749AE1BD40B67182DCB3D85795C7.e.6205","ELEMENT":"f.8850BFF0213FDAA0CDBB6DAFAFD06CF5.d.6C94749AE1BD40B67182DCB3D85795C7.e.6205"}]}
RESULT: {"script":"<script> [8489 bytes]","args":[{"element-6066-11e4-a52e-4f735466cecf":"f.8850BFF0213FDAA0CDBB6DAFAFD06CF5.d.6C94749AE1BD40B67182DCB3D85795C7.e.6205","ELEMENT":"f.8850BFF0213FDAA0CDBB6DAFAFD06CF5.d.6C94749AE1BD40B67182DCB3D85795C7.e.6205"}]}
COMMAND: GET /session/b4f8750b6ab9764d379b715c7854fdbf/element/f.8850BFF0213FDAA0CDBB6DAFAFD06CF5.d.6C94749AE1BD40B67182DCB3D85795C7.e.6205/enabled - {}
COMMAND: GET /session/b4f8750b6ab9764d379b715c7854fdbf/screenshot - {}
RESULT: {}
COMMAND: POST /session/b4f8750b6ab9764d379b715c7854fdbf/execute/sync - {"script":"<script> [8489 bytes]","args":[{"element-6066-11e4-a52e-4f735466cecf":"f.8850BFF0213FDAA0CDBB6DAFAFD06CF5.d.6C94749AE1BD40B67182DCB3D85795C7.e.6205","ELEMENT":"f.8850BFF0213FDAA0CDBB6DAFAFD06CF5.d.6C94749AE1BD40B67182DCB3D85795C7.e.6205"}]}
COMMAND: GET /session/b4f8750b6ab9764d379b715c7854fdbf/screenshot - {}
RESULT: {}
RESULT: {"script":"<script> [8489 bytes]","args":[{"element-6066-11e4-a52e-4f735466cecf":"f.8850BFF0213FDAA0CDBB6DAFAFD06CF5.d.6C94749AE1BD40B67182DCB3D85795C7.e.6205","ELEMENT":"f.8850BFF0213FDAA0CDBB6DAFAFD06CF5.d.6C94749AE1BD40B67182DCB3D85795C7.e.6205"}]}
COMMAND: POST /session/b4f8750b6ab9764d379b715c7854fdbf/execute/sync - {"script":"<script> [5351 bytes]","args":[{"element-6066-11e4-a52e-4f735466cecf":"f.8850BFF0213FDAA0CDBB6DAFAFD06CF5.d.6C94749AE1BD40B67182DCB3D85795C7.e.6205","ELEMENT":"f.8850BFF0213FDAA0CDBB6DAFAFD06CF5.d.6C94749AE1BD40B67182DCB3D85795C7.e.6205"}]}
COMMAND: GET /session/b4f8750b6ab9764d379b715c7854fdbf/screenshot - {}
RESULT: {}
RESULT: {"script":"<script> [5351 bytes]","args":[{"element-6066-11e4-a52e-4f735466cecf":"f.8850BFF0213FDAA0CDBB6DAFAFD06CF5.d.6C94749AE1BD40B67182DCB3D85795C7.e.6205","ELEMENT":"f.8850BFF0213FDAA0CDBB6DAFAFD06CF5.d.6C94749AE1BD40B67182DCB3D85795C7.e.6205"}]}
COMMAND: POST /session/b4f8750b6ab9764d379b715c7854fdbf/element/f.8850BFF0213FDAA0CDBB6DAFAFD06CF5.d.6C94749AE1BD40B67182DCB3D85795C7.e.6205/click - {}
COMMAND: GET /session/b4f8750b6ab9764d379b715c7854fdbf/screenshot - {}
RESULT: {}
RESULT: {}
COMMAND: GET /session/b4f8750b6ab9764d379b715c7854fdbf/screenshot - {}
RESULT: {}
COMMAND: POST /session/b4f8750b6ab9764d379b715c7854fdbf/element - {"using":"xpath","value":"//span[contains(@id ,\"AddNewHO--typeSelect-arrow\")]"}
RESULT: {}
RESULT: {"using":"xpath","value":"//span[contains(@id ,\"AddNewHO--typeSelect-arrow\")]"}
COMMAND: POST /session/b4f8750b6ab9764d379b715c7854fdbf/element/f.8850BFF0213FDAA0CDBB6DAFAFD06CF5.d.6C94749AE1BD40B67182DCB3D85795C7.e.6554/click - {}
RESULT: {}
COMMAND: GET /session/b4f8750b6ab9764d379b715c7854fdbf/screenshot - {}
RESULT: {}
COMMAND: POST /session/b4f8750b6ab9764d379b715c7854fdbf/element - {"using":"xpath","value":"(//li[contains(text(), \"stock increase yard\")])[1]"}
RESULT: {"using":"xpath","value":"(//li[contains(text(), \"stock increase yard\")])[1]"}
COMMAND: POST /session/b4f8750b6ab9764d379b715c7854fdbf/element/f.8850BFF0213FDAA0CDBB6DAFAFD06CF5.d.6C94749AE1BD40B67182DCB3D85795C7.e.6555/click - {}
RESULT: {}
COMMAND: GET /session/b4f8750b6ab9764d379b715c7854fdbf/screenshot - {}
RESULT: {}
COMMAND: POST /session/b4f8750b6ab9764d379b715c7854fdbf/execute/async - {"script":"<script> [1562 bytes]","args":[{"selector":{"id":"application-managehandovers-display-component---AddNewHO--dueDate","interaction":{"idSuffix":"inner"}},"wdio_ui5_key":"applicationmanagehandovers-display-component---AddNewHO--dueDate"}]}
RESULT: {"script":"<script> [1562 bytes]","args":[{"selector":{"id":"application-managehandovers-display-component---AddNewHO--dueDate","interaction":{"idSuffix":"inner"}},"wdio_ui5_key":"applicationmanagehandovers-display-component---AddNewHO--dueDate"}]}
RESULT: undefined
COMMAND: POST /session/b4f8750b6ab9764d379b715c7854fdbf/execute/async - {"script":"<script> [6424 bytes]","args":[{"element-6066-11e4-a52e-4f735466cecf":"f.8850BFF0213FDAA0CDBB6DAFAFD06CF5.d.6C94749AE1BD40B67182DCB3D85795C7.e.6559"},"setValue",["6/13/25"]]}
RESULT: {"script":"<script> [6424 bytes]","args":[{"element-6066-11e4-a52e-4f735466cecf":"f.8850BFF0213FDAA0CDBB6DAFAFD06CF5.d.6C94749AE1BD40B67182DCB3D85795C7.e.6559"},"setValue",["6/13/25"]]}
COMMAND: POST /session/b4f8750b6ab9764d379b715c7854fdbf/element - {"using":"xpath","value":"//input[@id=\"generalSectionFrg--receiveYard-inner\"]"}
RESULT: {"using":"xpath","value":"//input[@id=\"generalSectionFrg--receiveYard-inner\"]"}
COMMAND: POST /session/b4f8750b6ab9764d379b715c7854fdbf/element/f.8850BFF0213FDAA0CDBB6DAFAFD06CF5.d.6C94749AE1BD40B67182DCB3D85795C7.e.6565/clear - {}
RESULT: {}
COMMAND: POST /session/b4f8750b6ab9764d379b715c7854fdbf/element/f.8850BFF0213FDAA0CDBB6DAFAFD06CF5.d.6C94749AE1BD40B67182DCB3D85795C7.e.6565/value - {"text":"245"}
COMMAND: GET /session/b4f8750b6ab9764d379b715c7854fdbf/screenshot - {}
RESULT: {"text":"245"}
COMMAND: GET /session/b4f8750b6ab9764d379b715c7854fdbf/screenshot - {}
RESULT: {}
RESULT: {}
COMMAND: POST /session/b4f8750b6ab9764d379b715c7854fdbf/element - {"using":"xpath","value":"//li[.//span[contains(normalize-space(.), '245 -')]]"}
RESULT: {"using":"xpath","value":"//li[.//span[contains(normalize-space(.), '245 -')]]"}
COMMAND: POST /session/b4f8750b6ab9764d379b715c7854fdbf/element/f.8850BFF0213FDAA0CDBB6DAFAFD06CF5.d.6C94749AE1BD40B67182DCB3D85795C7.e.6580/click - {}
RESULT: {}
COMMAND: GET /session/b4f8750b6ab9764d379b715c7854fdbf/screenshot - {}
RESULT: {}
COMMAND: POST /session/b4f8750b6ab9764d379b715c7854fdbf/execute/async - {"script":"<script> [1562 bytes]","args":[{"selector":{"id":"application-managehandovers-display-component---AddNewHO--ObjectPageLayout-anchBar-application-managehandovers-display-component---AddNewHO--section4-anchor","interaction":{"idSuffix":"BDI-content"}},"wdio_ui5_key":"applicationmanagehandovers-display-component---AddNewHO--ObjectPageLayout-anchBar-application-managehandovers-display-component---AddNewHO--section4-anchor"}]}
RESULT: {"script":"<script> [1562 bytes]","args":[{"selector":{"id":"application-managehandovers-display-component---AddNewHO--ObjectPageLayout-anchBar-application-managehandovers-display-component---AddNewHO--section4-anchor","interaction":{"idSuffix":"BDI-content"}},"wdio_ui5_key":"applicationmanagehandovers-display-component---AddNewHO--ObjectPageLayout-anchBar-application-managehandovers-display-component---AddNewHO--section4-anchor"}]}
RESULT: undefined
COMMAND: POST /session/b4f8750b6ab9764d379b715c7854fdbf/element - {"using":"xpath","value":"//*[@id=\"application-managehandovers-display-component---AddNewHO--ObjectPageLayout-anchBar-application-managehandovers-display-component---AddNewHO--section4-anchor\"]"}
RESULT: {"using":"xpath","value":"//*[@id=\"application-managehandovers-display-component---AddNewHO--ObjectPageLayout-anchBar-application-managehandovers-display-component---AddNewHO--section4-anchor\"]"}
COMMAND: POST /session/b4f8750b6ab9764d379b715c7854fdbf/element/f.8850BFF0213FDAA0CDBB6DAFAFD06CF5.d.6C94749AE1BD40B67182DCB3D85795C7.e.6582/click - {}
RESULT: {}
COMMAND: GET /session/b4f8750b6ab9764d379b715c7854fdbf/screenshot - {}
RESULT: {}
COMMAND: POST /session/b4f8750b6ab9764d379b715c7854fdbf/element - {"using":"xpath","value":"//button[@aria-label=\"Add\"]"}
RESULT: {"using":"xpath","value":"//button[@aria-label=\"Add\"]"}
COMMAND: POST /session/b4f8750b6ab9764d379b715c7854fdbf/element/f.8850BFF0213FDAA0CDBB6DAFAFD06CF5.d.6C94749AE1BD40B67182DCB3D85795C7.e.6586/click - {}
RESULT: {}
COMMAND: GET /session/b4f8750b6ab9764d379b715c7854fdbf/screenshot - {}
RESULT: {}
COMMAND: POST /session/b4f8750b6ab9764d379b715c7854fdbf/execute/async - {"script":"<script> [1562 bytes]","args":[{"selector":{"id":"application-managehandovers-display-component---AddNewHO--smartFilterBar-btnBasicSearch","searchOpenDialogs":true,"interaction":{"idSuffix":"I"}},"wdio_ui5_key":"applicationmanagehandovers-display-component---AddNewHO--smartFilterBar-btnBasicSearch"}]}
RESULT: {"script":"<script> [1562 bytes]","args":[{"selector":{"id":"application-managehandovers-display-component---AddNewHO--smartFilterBar-btnBasicSearch","searchOpenDialogs":true,"interaction":{"idSuffix":"I"}},"wdio_ui5_key":"applicationmanagehandovers-display-component---AddNewHO--smartFilterBar-btnBasicSearch"}]}
RESULT: undefined
COMMAND: POST /session/b4f8750b6ab9764d379b715c7854fdbf/execute/async - {"script":"<script> [776 bytes]","args":[{"enterText":"yVDoQ0brks","selector":{"id":"application-managehandovers-display-component---AddNewHO--smartFilterBar-btnBasicSearch","searchOpenDialogs":true,"interaction":{"idSuffix":"I"}},"clearTextFirst":true,"interactionType":"ENTER_TEXT"}]}
RESULT: {"script":"<script> [776 bytes]","args":[{"enterText":"yVDoQ0brks","selector":{"id":"application-managehandovers-display-component---AddNewHO--smartFilterBar-btnBasicSearch","searchOpenDialogs":true,"interaction":{"idSuffix":"I"}},"clearTextFirst":true,"interactionType":"ENTER_TEXT"}]}
COMMAND: POST /session/b4f8750b6ab9764d379b715c7854fdbf/actions - {"actions":[{"id":"action18","type":"key","parameters":{},"actions":[{"type":"keyDown","value":""},{"type":"pause","duration":10},{"type":"keyUp","value":""}]}]}
RESULT: {"actions":[{"id":"action18","type":"key","parameters":{},"actions":[{"type":"keyDown","value":""},{"type":"pause","duration":10},{"type":"keyUp","value":""}]}]}
COMMAND: GET /session/b4f8750b6ab9764d379b715c7854fdbf/screenshot - {}
RESULT: {}
COMMAND: POST /session/b4f8750b6ab9764d379b715c7854fdbf/execute/async - {"script":"<script> [1562 bytes]","args":[{"selector":{"id":"application-managehandovers-display-component---AddNewHO--popup-sa","searchOpenDialogs":true,"interaction":{"idSuffix":"CbBg"}},"wdio_ui5_key":"applicationmanagehandovers-display-component---AddNewHO--popup-sa"}]}
RESULT: {"script":"<script> [1562 bytes]","args":[{"selector":{"id":"application-managehandovers-display-component---AddNewHO--popup-sa","searchOpenDialogs":true,"interaction":{"idSuffix":"CbBg"}},"wdio_ui5_key":"applicationmanagehandovers-display-component---AddNewHO--popup-sa"}]}
RESULT: undefined
COMMAND: POST /session/b4f8750b6ab9764d379b715c7854fdbf/element - {"using":"xpath","value":"//*[@id=\"application-managehandovers-display-component---AddNewHO--popup-sa\"]"}
RESULT: {"using":"xpath","value":"//*[@id=\"application-managehandovers-display-component---AddNewHO--popup-sa\"]"}
COMMAND: POST /session/b4f8750b6ab9764d379b715c7854fdbf/element/f.8850BFF0213FDAA0CDBB6DAFAFD06CF5.d.6C94749AE1BD40B67182DCB3D85795C7.e.6737/click - {}
RESULT: {}
COMMAND: GET /session/b4f8750b6ab9764d379b715c7854fdbf/screenshot - {}
RESULT: {}
COMMAND: POST /session/b4f8750b6ab9764d379b715c7854fdbf/element - {"using":"xpath","value":"//bdi[contains(text(), \"Select\")]"}
RESULT: {"using":"xpath","value":"//bdi[contains(text(), \"Select\")]"}
COMMAND: POST /session/b4f8750b6ab9764d379b715c7854fdbf/element/f.8850BFF0213FDAA0CDBB6DAFAFD06CF5.d.6C94749AE1BD40B67182DCB3D85795C7.e.6738/click - {}
RESULT: {}
COMMAND: GET /session/b4f8750b6ab9764d379b715c7854fdbf/screenshot - {}
RESULT: {}
COMMAND: POST /session/b4f8750b6ab9764d379b715c7854fdbf/element - {"using":"xpath","value":"//button[@data-kt=\"AddNewHOSaveButton\"]"}
RESULT: {"using":"xpath","value":"//button[@data-kt=\"AddNewHOSaveButton\"]"}
COMMAND: POST /session/b4f8750b6ab9764d379b715c7854fdbf/element/f.8850BFF0213FDAA0CDBB6DAFAFD06CF5.d.6C94749AE1BD40B67182DCB3D85795C7.e.6742/click - {}
RESULT: {}
COMMAND: GET /session/b4f8750b6ab9764d379b715c7854fdbf/screenshot - {}
RESULT: {}
COMMAND: POST /session/b4f8750b6ab9764d379b715c7854fdbf/execute/async - {"script":"<script> [1562 bytes]","args":[{"selector":{"id":"receiptDatePicker","viewName":"etm.portal.ui.managehandovers.view.DetailExecuteHO","interaction":{"idSuffix":"inner"}},"wdio_ui5_key":"receiptDatePickeretmportal.ui.managehandovers.view.DetailExecuteHO"}]}
RESULT: {"script":"<script> [1562 bytes]","args":[{"selector":{"id":"receiptDatePicker","viewName":"etm.portal.ui.managehandovers.view.DetailExecuteHO","interaction":{"idSuffix":"inner"}},"wdio_ui5_key":"receiptDatePickeretmportal.ui.managehandovers.view.DetailExecuteHO"}]}
RESULT: undefined
COMMAND: POST /session/b4f8750b6ab9764d379b715c7854fdbf/execute/async - {"script":"<script> [6424 bytes]","args":[{"element-6066-11e4-a52e-4f735466cecf":"f.8850BFF0213FDAA0CDBB6DAFAFD06CF5.d.6C94749AE1BD40B67182DCB3D85795C7.e.6771"},"setValue",["6/13/25"]]}
RESULT: {"script":"<script> [6424 bytes]","args":[{"element-6066-11e4-a52e-4f735466cecf":"f.8850BFF0213FDAA0CDBB6DAFAFD06CF5.d.6C94749AE1BD40B67182DCB3D85795C7.e.6771"},"setValue",["6/13/25"]]}
COMMAND: POST /session/b4f8750b6ab9764d379b715c7854fdbf/element - {"using":"xpath","value":"//button[@data-kt=\"ReceivingTableConfirmAllButton\"]"}
RESULT: {"using":"xpath","value":"//button[@data-kt=\"ReceivingTableConfirmAllButton\"]"}
COMMAND: POST /session/b4f8750b6ab9764d379b715c7854fdbf/element/f.8850BFF0213FDAA0CDBB6DAFAFD06CF5.d.6C94749AE1BD40B67182DCB3D85795C7.e.6786/click - {}
RESULT: {}
COMMAND: GET /session/b4f8750b6ab9764d379b715c7854fdbf/screenshot - {}
RESULT: {}
COMMAND: POST /session/b4f8750b6ab9764d379b715c7854fdbf/element - {"using":"xpath","value":"//bdi[contains(text(), \"OK\")]"}
RESULT: {"using":"xpath","value":"//bdi[contains(text(), \"OK\")]"}
COMMAND: POST /session/b4f8750b6ab9764d379b715c7854fdbf/element/f.8850BFF0213FDAA0CDBB6DAFAFD06CF5.d.6C94749AE1BD40B67182DCB3D85795C7.e.6788/click - {}
RESULT: {}
COMMAND: GET /session/b4f8750b6ab9764d379b715c7854fdbf/screenshot - {}
RESULT: {}
COMMAND: POST /session/b4f8750b6ab9764d379b715c7854fdbf/element - {"using":"xpath","value":"(//bdi[contains(text(), \"Receive\")])[2]"}
RESULT: {"using":"xpath","value":"(//bdi[contains(text(), \"Receive\")])[2]"}
COMMAND: POST /session/b4f8750b6ab9764d379b715c7854fdbf/element/f.8850BFF0213FDAA0CDBB6DAFAFD06CF5.d.6C94749AE1BD40B67182DCB3D85795C7.e.6790/click - {}
RESULT: {}
COMMAND: GET /session/b4f8750b6ab9764d379b715c7854fdbf/screenshot - {}
RESULT: {}
COMMAND: POST /session/b4f8750b6ab9764d379b715c7854fdbf/element - {"using":"css selector","value":"#shell-header-logo"}
RESULT: {"using":"css selector","value":"#shell-header-logo"}
COMMAND: POST /session/b4f8750b6ab9764d379b715c7854fdbf/element/f.8850BFF0213FDAA0CDBB6DAFAFD06CF5.d.6C94749AE1BD40B67182DCB3D85795C7.e.6177/click - {}
RESULT: {}
COMMAND: GET /session/b4f8750b6ab9764d379b715c7854fdbf/screenshot - {}
RESULT: {}
]]></system-out>
    </testcase>
    <testcase classname="chrome.137_0_7151_69.windows.Billing_Transfer_-_Master_data_&amp;_Intercompany_US127250" name="Should create a new contract" time="60.223">
      <system-out><![CDATA[
COMMAND: POST /session/b4f8750b6ab9764d379b715c7854fdbf/execute/async - {"script":"<script> [1562 bytes]","args":[{"selector":{"controlType":"sap.m.GenericTile","properties":{"header":"Manage Contracts"}},"wdio_ui5_key":"sapm.GenericTile{\"header\":\"Manage Contracts\"}"}]}
RESULT: {"script":"<script> [1562 bytes]","args":[{"selector":{"controlType":"sap.m.GenericTile","properties":{"header":"Manage Contracts"}},"wdio_ui5_key":"sapm.GenericTile{\"header\":\"Manage Contracts\"}"}]}
RESULT: undefined
COMMAND: POST /session/b4f8750b6ab9764d379b715c7854fdbf/element - {"using":"xpath","value":"//*[@id=\"__tile133\"]"}
RESULT: {"using":"xpath","value":"//*[@id=\"__tile133\"]"}
COMMAND: POST /session/b4f8750b6ab9764d379b715c7854fdbf/element/f.8850BFF0213FDAA0CDBB6DAFAFD06CF5.d.6C94749AE1BD40B67182DCB3D85795C7.e.4774/click - {}
RESULT: {}
COMMAND: GET /session/b4f8750b6ab9764d379b715c7854fdbf/screenshot - {}
RESULT: {}
COMMAND: POST /session/b4f8750b6ab9764d379b715c7854fdbf/elements - {"using":"xpath","value":"//span[text()='Error']"}
RESULT: {"using":"xpath","value":"//span[text()='Error']"}
COMMAND: POST /session/b4f8750b6ab9764d379b715c7854fdbf/element - {"using":"xpath","value":"//button[@data-kt=\"addButton\"]"}
RESULT: {"using":"xpath","value":"//button[@data-kt=\"addButton\"]"}
COMMAND: POST /session/b4f8750b6ab9764d379b715c7854fdbf/elements - {"using":"xpath","value":"//button[@data-kt=\"addButton\"]"}
RESULT: {"using":"xpath","value":"//button[@data-kt=\"addButton\"]"}
COMMAND: POST /session/b4f8750b6ab9764d379b715c7854fdbf/execute/sync - {"script":"<script> [8489 bytes]","args":[{"element-6066-11e4-a52e-4f735466cecf":"f.8850BFF0213FDAA0CDBB6DAFAFD06CF5.d.6C94749AE1BD40B67182DCB3D85795C7.e.6998","ELEMENT":"f.8850BFF0213FDAA0CDBB6DAFAFD06CF5.d.6C94749AE1BD40B67182DCB3D85795C7.e.6998"}]}
RESULT: {"script":"<script> [8489 bytes]","args":[{"element-6066-11e4-a52e-4f735466cecf":"f.8850BFF0213FDAA0CDBB6DAFAFD06CF5.d.6C94749AE1BD40B67182DCB3D85795C7.e.6998","ELEMENT":"f.8850BFF0213FDAA0CDBB6DAFAFD06CF5.d.6C94749AE1BD40B67182DCB3D85795C7.e.6998"}]}
COMMAND: GET /session/b4f8750b6ab9764d379b715c7854fdbf/element/f.8850BFF0213FDAA0CDBB6DAFAFD06CF5.d.6C94749AE1BD40B67182DCB3D85795C7.e.6998/enabled - {}
COMMAND: GET /session/b4f8750b6ab9764d379b715c7854fdbf/screenshot - {}
RESULT: {}
COMMAND: POST /session/b4f8750b6ab9764d379b715c7854fdbf/execute/sync - {"script":"<script> [8489 bytes]","args":[{"element-6066-11e4-a52e-4f735466cecf":"f.8850BFF0213FDAA0CDBB6DAFAFD06CF5.d.6C94749AE1BD40B67182DCB3D85795C7.e.6998","ELEMENT":"f.8850BFF0213FDAA0CDBB6DAFAFD06CF5.d.6C94749AE1BD40B67182DCB3D85795C7.e.6998"}]}
COMMAND: GET /session/b4f8750b6ab9764d379b715c7854fdbf/screenshot - {}
RESULT: {}
RESULT: {"script":"<script> [8489 bytes]","args":[{"element-6066-11e4-a52e-4f735466cecf":"f.8850BFF0213FDAA0CDBB6DAFAFD06CF5.d.6C94749AE1BD40B67182DCB3D85795C7.e.6998","ELEMENT":"f.8850BFF0213FDAA0CDBB6DAFAFD06CF5.d.6C94749AE1BD40B67182DCB3D85795C7.e.6998"}]}
COMMAND: POST /session/b4f8750b6ab9764d379b715c7854fdbf/execute/sync - {"script":"<script> [5351 bytes]","args":[{"element-6066-11e4-a52e-4f735466cecf":"f.8850BFF0213FDAA0CDBB6DAFAFD06CF5.d.6C94749AE1BD40B67182DCB3D85795C7.e.6998","ELEMENT":"f.8850BFF0213FDAA0CDBB6DAFAFD06CF5.d.6C94749AE1BD40B67182DCB3D85795C7.e.6998"}]}
COMMAND: GET /session/b4f8750b6ab9764d379b715c7854fdbf/screenshot - {}
RESULT: {}
RESULT: {"script":"<script> [5351 bytes]","args":[{"element-6066-11e4-a52e-4f735466cecf":"f.8850BFF0213FDAA0CDBB6DAFAFD06CF5.d.6C94749AE1BD40B67182DCB3D85795C7.e.6998","ELEMENT":"f.8850BFF0213FDAA0CDBB6DAFAFD06CF5.d.6C94749AE1BD40B67182DCB3D85795C7.e.6998"}]}
COMMAND: GET /session/b4f8750b6ab9764d379b715c7854fdbf/screenshot - {}
RESULT: {}
RESULT: {}
COMMAND: POST /session/b4f8750b6ab9764d379b715c7854fdbf/element/f.8850BFF0213FDAA0CDBB6DAFAFD06CF5.d.6C94749AE1BD40B67182DCB3D85795C7.e.6998/click - {}
RESULT: {}
COMMAND: GET /session/b4f8750b6ab9764d379b715c7854fdbf/screenshot - {}
COMMAND: POST /session/b4f8750b6ab9764d379b715c7854fdbf/execute/async - {"script":"<script> [1562 bytes]","args":[{"selector":{"id":"application-managecontracts-display-component---AddNewContract--projectDescription","interaction":{"idSuffix":"inner"}},"wdio_ui5_key":"applicationmanagecontracts-display-component---AddNewContract--projectDescription"}]}
RESULT: {}
RESULT: {"script":"<script> [1562 bytes]","args":[{"selector":{"id":"application-managecontracts-display-component---AddNewContract--projectDescription","interaction":{"idSuffix":"inner"}},"wdio_ui5_key":"applicationmanagecontracts-display-component---AddNewContract--projectDescription"}]}
RESULT: undefined
COMMAND: POST /session/b4f8750b6ab9764d379b715c7854fdbf/execute/async - {"script":"<script> [776 bytes]","args":[{"enterText":"Intercompany Contract WDIO","selector":{"id":"application-managecontracts-display-component---AddNewContract--projectDescription","interaction":{"idSuffix":"inner"}},"clearTextFirst":true,"interactionType":"ENTER_TEXT"}]}
RESULT: {"script":"<script> [776 bytes]","args":[{"enterText":"Intercompany Contract WDIO","selector":{"id":"application-managecontracts-display-component---AddNewContract--projectDescription","interaction":{"idSuffix":"inner"}},"clearTextFirst":true,"interactionType":"ENTER_TEXT"}]}
COMMAND: POST /session/b4f8750b6ab9764d379b715c7854fdbf/element - {"using":"xpath","value":"//input[@id=\"application-managecontracts-display-component---AddNewContract--site-inner\"]"}
RESULT: {"using":"xpath","value":"//input[@id=\"application-managecontracts-display-component---AddNewContract--site-inner\"]"}
COMMAND: POST /session/b4f8750b6ab9764d379b715c7854fdbf/element/f.8850BFF0213FDAA0CDBB6DAFAFD06CF5.d.6C94749AE1BD40B67182DCB3D85795C7.e.7328/clear - {}
RESULT: {}
COMMAND: POST /session/b4f8750b6ab9764d379b715c7854fdbf/element/f.8850BFF0213FDAA0CDBB6DAFAFD06CF5.d.6C94749AE1BD40B67182DCB3D85795C7.e.7328/value - {"text":"2091"}
COMMAND: GET /session/b4f8750b6ab9764d379b715c7854fdbf/screenshot - {}
RESULT: {"text":"2091"}
COMMAND: GET /session/b4f8750b6ab9764d379b715c7854fdbf/screenshot - {}
RESULT: {}
RESULT: {}
COMMAND: POST /session/b4f8750b6ab9764d379b715c7854fdbf/element - {"using":"xpath","value":"//li[.//span[text()='2091']]"}
RESULT: {"using":"xpath","value":"//li[.//span[text()='2091']]"}
COMMAND: POST /session/b4f8750b6ab9764d379b715c7854fdbf/element/f.8850BFF0213FDAA0CDBB6DAFAFD06CF5.d.6C94749AE1BD40B67182DCB3D85795C7.e.7411/click - {}
RESULT: {}
COMMAND: GET /session/b4f8750b6ab9764d379b715c7854fdbf/screenshot - {}
RESULT: {}
COMMAND: POST /session/b4f8750b6ab9764d379b715c7854fdbf/element - {"using":"xpath","value":"//input[@id=\"application-managecontracts-display-component---AddNewContract--yardId-inner\"]"}
RESULT: {"using":"xpath","value":"//input[@id=\"application-managecontracts-display-component---AddNewContract--yardId-inner\"]"}
COMMAND: GET /session/b4f8750b6ab9764d379b715c7854fdbf/element/f.8850BFF0213FDAA0CDBB6DAFAFD06CF5.d.6C94749AE1BD40B67182DCB3D85795C7.e.7329/property/value - {}
RESULT: {}
COMMAND: POST /session/b4f8750b6ab9764d379b715c7854fdbf/element - {"using":"xpath","value":"//input[@id=\"application-managecontracts-display-component---AddNewContract--customerSelect-inner\"]"}
COMMAND: GET /session/b4f8750b6ab9764d379b715c7854fdbf/screenshot - {}
RESULT: {"using":"xpath","value":"//input[@id=\"application-managecontracts-display-component---AddNewContract--customerSelect-inner\"]"}
COMMAND: POST /session/b4f8750b6ab9764d379b715c7854fdbf/element/f.8850BFF0213FDAA0CDBB6DAFAFD06CF5.d.6C94749AE1BD40B67182DCB3D85795C7.e.7327/clear - {}
RESULT: {}
RESULT: {}
COMMAND: POST /session/b4f8750b6ab9764d379b715c7854fdbf/element/f.8850BFF0213FDAA0CDBB6DAFAFD06CF5.d.6C94749AE1BD40B67182DCB3D85795C7.e.7327/value - {"text":"1097"}
COMMAND: GET /session/b4f8750b6ab9764d379b715c7854fdbf/screenshot - {}
RESULT: {"text":"1097"}
COMMAND: GET /session/b4f8750b6ab9764d379b715c7854fdbf/screenshot - {}
RESULT: {}
RESULT: {}
COMMAND: POST /session/b4f8750b6ab9764d379b715c7854fdbf/element - {"using":"xpath","value":"//li[.//span[text()='1097']]"}
RESULT: {"using":"xpath","value":"//li[.//span[text()='1097']]"}
COMMAND: POST /session/b4f8750b6ab9764d379b715c7854fdbf/element/f.8850BFF0213FDAA0CDBB6DAFAFD06CF5.d.6C94749AE1BD40B67182DCB3D85795C7.e.7414/click - {}
RESULT: {}
COMMAND: GET /session/b4f8750b6ab9764d379b715c7854fdbf/screenshot - {}
RESULT: {}
COMMAND: POST /session/b4f8750b6ab9764d379b715c7854fdbf/element - {"using":"xpath","value":"//button[@data-kt=\"saveButton\"]"}
RESULT: {"using":"xpath","value":"//button[@data-kt=\"saveButton\"]"}
COMMAND: POST /session/b4f8750b6ab9764d379b715c7854fdbf/element/f.8850BFF0213FDAA0CDBB6DAFAFD06CF5.d.6C94749AE1BD40B67182DCB3D85795C7.e.7404/click - {}
RESULT: {}
COMMAND: GET /session/b4f8750b6ab9764d379b715c7854fdbf/screenshot - {}
RESULT: {}
COMMAND: POST /session/b4f8750b6ab9764d379b715c7854fdbf/element - {"using":"xpath","value":"//span[contains(@id ,\"contractDetailTitleNoExpanded\")]"}
RESULT: {"using":"xpath","value":"//span[contains(@id ,\"contractDetailTitleNoExpanded\")]"}
COMMAND: POST /session/b4f8750b6ab9764d379b715c7854fdbf/elements - {"using":"xpath","value":"//span[contains(@id ,\"contractDetailTitleNoExpanded\")]"}
RESULT: {"using":"xpath","value":"//span[contains(@id ,\"contractDetailTitleNoExpanded\")]"}
COMMAND: POST /session/b4f8750b6ab9764d379b715c7854fdbf/execute/sync - {"script":"<script> [56 bytes]","args":[{"element-6066-11e4-a52e-4f735466cecf":"f.8850BFF0213FDAA0CDBB6DAFAFD06CF5.d.6C94749AE1BD40B67182DCB3D85795C7.e.7487","ELEMENT":"f.8850BFF0213FDAA0CDBB6DAFAFD06CF5.d.6C94749AE1BD40B67182DCB3D85795C7.e.7487"}]}
RESULT: {"script":"<script> [56 bytes]","args":[{"element-6066-11e4-a52e-4f735466cecf":"f.8850BFF0213FDAA0CDBB6DAFAFD06CF5.d.6C94749AE1BD40B67182DCB3D85795C7.e.7487","ELEMENT":"f.8850BFF0213FDAA0CDBB6DAFAFD06CF5.d.6C94749AE1BD40B67182DCB3D85795C7.e.7487"}]}
COMMAND: GET /session/b4f8750b6ab9764d379b715c7854fdbf/screenshot - {}
RESULT: {}
]]></system-out>
    </testcase>
    <testcase classname="chrome.137_0_7151_69.windows.Billing_Transfer_-_Master_data_&amp;_Intercompany_US127250" name="Should add equipment to the contract" time="45.894">
      <system-out><![CDATA[
COMMAND: POST /session/b4f8750b6ab9764d379b715c7854fdbf/element - {"using":"xpath","value":"//button[@data-kt=\"contractDetailEditBtnButton\"]"}
RESULT: {"using":"xpath","value":"//button[@data-kt=\"contractDetailEditBtnButton\"]"}
COMMAND: POST /session/b4f8750b6ab9764d379b715c7854fdbf/element/f.8850BFF0213FDAA0CDBB6DAFAFD06CF5.d.6C94749AE1BD40B67182DCB3D85795C7.e.7489/click - {}
RESULT: {}
COMMAND: GET /session/b4f8750b6ab9764d379b715c7854fdbf/screenshot - {}
RESULT: {}
COMMAND: POST /session/b4f8750b6ab9764d379b715c7854fdbf/element - {"using":"xpath","value":"(//span[contains(text(), \"Additional Addresses\")])[2]"}
RESULT: {"using":"xpath","value":"(//span[contains(text(), \"Additional Addresses\")])[2]"}
COMMAND: POST /session/b4f8750b6ab9764d379b715c7854fdbf/element/f.8850BFF0213FDAA0CDBB6DAFAFD06CF5.d.6C94749AE1BD40B67182DCB3D85795C7.e.7544/click - {}
RESULT: {}
COMMAND: GET /session/b4f8750b6ab9764d379b715c7854fdbf/screenshot - {}
RESULT: {}
COMMAND: POST /session/b4f8750b6ab9764d379b715c7854fdbf/element - {"using":"xpath","value":"//button[@data-kt=\"btnAddTableRowOverflowToolbarButton\"]"}
RESULT: {"using":"xpath","value":"//button[@data-kt=\"btnAddTableRowOverflowToolbarButton\"]"}
COMMAND: POST /session/b4f8750b6ab9764d379b715c7854fdbf/element/f.8850BFF0213FDAA0CDBB6DAFAFD06CF5.d.6C94749AE1BD40B67182DCB3D85795C7.e.7547/click - {}
RESULT: {}
COMMAND: GET /session/b4f8750b6ab9764d379b715c7854fdbf/screenshot - {}
RESULT: {}
COMMAND: POST /session/b4f8750b6ab9764d379b715c7854fdbf/element - {"using":"xpath","value":"//div[(text() = 'Standard Entry' or . = 'Standard Entry')]"}
RESULT: {"using":"xpath","value":"//div[(text() = 'Standard Entry' or . = 'Standard Entry')]"}
COMMAND: POST /session/b4f8750b6ab9764d379b715c7854fdbf/element/f.8850BFF0213FDAA0CDBB6DAFAFD06CF5.d.6C94749AE1BD40B67182DCB3D85795C7.e.7549/click - {}
RESULT: {}
COMMAND: GET /session/b4f8750b6ab9764d379b715c7854fdbf/screenshot - {}
RESULT: {}
COMMAND: POST /session/b4f8750b6ab9764d379b715c7854fdbf/element - {"using":"xpath","value":"//td[7]/div/div/input"}
RESULT: {"using":"xpath","value":"//td[7]/div/div/input"}
COMMAND: POST /session/b4f8750b6ab9764d379b715c7854fdbf/element/f.8850BFF0213FDAA0CDBB6DAFAFD06CF5.d.6C94749AE1BD40B67182DCB3D85795C7.e.7558/clear - {}
RESULT: {}
COMMAND: POST /session/b4f8750b6ab9764d379b715c7854fdbf/element/f.8850BFF0213FDAA0CDBB6DAFAFD06CF5.d.6C94749AE1BD40B67182DCB3D85795C7.e.7558/value - {"text":"yVDoQ0brks"}
COMMAND: GET /session/b4f8750b6ab9764d379b715c7854fdbf/screenshot - {}
RESULT: {"text":"yVDoQ0brks"}
COMMAND: GET /session/b4f8750b6ab9764d379b715c7854fdbf/screenshot - {}
RESULT: {}
RESULT: {}
COMMAND: POST /session/b4f8750b6ab9764d379b715c7854fdbf/actions - {"actions":[{"id":"action19","type":"key","parameters":{},"actions":[{"type":"keyDown","value":""},{"type":"pause","duration":10},{"type":"keyUp","value":""}]}]}
RESULT: {"actions":[{"id":"action19","type":"key","parameters":{},"actions":[{"type":"keyDown","value":""},{"type":"pause","duration":10},{"type":"keyUp","value":""}]}]}
COMMAND: GET /session/b4f8750b6ab9764d379b715c7854fdbf/screenshot - {}
RESULT: {}
COMMAND: POST /session/b4f8750b6ab9764d379b715c7854fdbf/execute/sync - {"script":"<script> [276 bytes]","args":["No pricing information was found"]}
RESULT: {"script":"<script> [276 bytes]","args":["No pricing information was found"]}
COMMAND: POST /session/b4f8750b6ab9764d379b715c7854fdbf/element - {"using":"xpath","value":"(//button[@data-kt=\"saveButton\"])[2]"}
COMMAND: GET /session/b4f8750b6ab9764d379b715c7854fdbf/screenshot - {}
RESULT: {"using":"xpath","value":"(//button[@data-kt=\"saveButton\"])[2]"}
COMMAND: POST /session/b4f8750b6ab9764d379b715c7854fdbf/element/f.8850BFF0213FDAA0CDBB6DAFAFD06CF5.d.6C94749AE1BD40B67182DCB3D85795C7.e.7573/click - {}
RESULT: {}
RESULT: {}
COMMAND: GET /session/b4f8750b6ab9764d379b715c7854fdbf/screenshot - {}
RESULT: {}
COMMAND: POST /session/b4f8750b6ab9764d379b715c7854fdbf/execute/sync - {"script":"<script> [276 bytes]","args":["Some contract items are having rental validity exceeding header rental validity"]}
RESULT: {"script":"<script> [276 bytes]","args":["Some contract items are having rental validity exceeding header rental validity"]}
COMMAND: GET /session/b4f8750b6ab9764d379b715c7854fdbf/screenshot - {}
RESULT: {}
COMMAND: POST /session/b4f8750b6ab9764d379b715c7854fdbf/element - {"using":"xpath","value":"//span[contains(@id ,\"contractItemsSmartTable-header-inner\")]"}
RESULT: {"using":"xpath","value":"//span[contains(@id ,\"contractItemsSmartTable-header-inner\")]"}
COMMAND: POST /session/b4f8750b6ab9764d379b715c7854fdbf/elements - {"using":"xpath","value":"//span[contains(@id ,\"contractItemsSmartTable-header-inner\")]"}
RESULT: {"using":"xpath","value":"//span[contains(@id ,\"contractItemsSmartTable-header-inner\")]"}
COMMAND: POST /session/b4f8750b6ab9764d379b715c7854fdbf/execute/sync - {"script":"<script> [56 bytes]","args":[{"element-6066-11e4-a52e-4f735466cecf":"f.8850BFF0213FDAA0CDBB6DAFAFD06CF5.d.6C94749AE1BD40B67182DCB3D85795C7.e.7578","ELEMENT":"f.8850BFF0213FDAA0CDBB6DAFAFD06CF5.d.6C94749AE1BD40B67182DCB3D85795C7.e.7578"}]}
RESULT: {"script":"<script> [56 bytes]","args":[{"element-6066-11e4-a52e-4f735466cecf":"f.8850BFF0213FDAA0CDBB6DAFAFD06CF5.d.6C94749AE1BD40B67182DCB3D85795C7.e.7578","ELEMENT":"f.8850BFF0213FDAA0CDBB6DAFAFD06CF5.d.6C94749AE1BD40B67182DCB3D85795C7.e.7578"}]}
]]></system-out>
    </testcase>
    <testcase classname="chrome.137_0_7151_69.windows.Billing_Transfer_-_Master_data_&amp;_Intercompany_US127250" name="Should do a provide to site handover" time="63.483">
      <system-out><![CDATA[
COMMAND: GET /session/b4f8750b6ab9764d379b715c7854fdbf/screenshot - {}
COMMAND: POST /session/b4f8750b6ab9764d379b715c7854fdbf/element - {"using":"xpath","value":"//button[@data-kt=\"provideButton\"]"}
RESULT: {}
RESULT: {"using":"xpath","value":"//button[@data-kt=\"provideButton\"]"}
COMMAND: POST /session/b4f8750b6ab9764d379b715c7854fdbf/element/f.8850BFF0213FDAA0CDBB6DAFAFD06CF5.d.6C94749AE1BD40B67182DCB3D85795C7.e.7579/click - {}
RESULT: {}
COMMAND: GET /session/b4f8750b6ab9764d379b715c7854fdbf/screenshot - {}
RESULT: {}
RESULT: undefined
COMMAND: POST /session/b4f8750b6ab9764d379b715c7854fdbf/execute/async - {"script":"<script> [6424 bytes]","args":[{"element-6066-11e4-a52e-4f735466cecf":"f.8850BFF0213FDAA0CDBB6DAFAFD06CF5.d.6C94749AE1BD40B67182DCB3D85795C7.e.6559"},"setValue",["6/13/25"]]}
COMMAND: POST /session/b4f8750b6ab9764d379b715c7854fdbf/execute/async - {"script":"<script> [1562 bytes]","args":[{"selector":{"id":"application-managehandovers-display-component---AddNewHO--dueDate","interaction":{"idSuffix":"inner"}},"wdio_ui5_key":"applicationmanagehandovers-display-component---AddNewHO--dueDate"}]}
RESULT: {"script":"<script> [1562 bytes]","args":[{"selector":{"id":"application-managehandovers-display-component---AddNewHO--dueDate","interaction":{"idSuffix":"inner"}},"wdio_ui5_key":"applicationmanagehandovers-display-component---AddNewHO--dueDate"}]}
COMMAND: POST /session/b4f8750b6ab9764d379b715c7854fdbf/execute/async - {"script":"<script> [6424 bytes]","args":[{"element-6066-11e4-a52e-4f735466cecf":"f.8850BFF0213FDAA0CDBB6DAFAFD06CF5.d.6C94749AE1BD40B67182DCB3D85795C7.e.7655"},"setValue",["6/13/25"]]}
RESULT: {"script":"<script> [6424 bytes]","args":[{"element-6066-11e4-a52e-4f735466cecf":"f.8850BFF0213FDAA0CDBB6DAFAFD06CF5.d.6C94749AE1BD40B67182DCB3D85795C7.e.7655"},"setValue",["6/13/25"]]}
COMMAND: POST /session/b4f8750b6ab9764d379b715c7854fdbf/element - {"using":"xpath","value":"//bdi[contains(text(), \"Instructions\")]"}
RESULT: {"using":"xpath","value":"//bdi[contains(text(), \"Instructions\")]"}
COMMAND: POST /session/b4f8750b6ab9764d379b715c7854fdbf/element/f.8850BFF0213FDAA0CDBB6DAFAFD06CF5.d.6C94749AE1BD40B67182DCB3D85795C7.e.7715/click - {}
RESULT: {}
COMMAND: GET /session/b4f8750b6ab9764d379b715c7854fdbf/screenshot - {}
RESULT: {}
COMMAND: POST /session/b4f8750b6ab9764d379b715c7854fdbf/element - {"using":"xpath","value":"//button[@data-kt=\"AddNewHOProvideAddItemsButton\"]"}
RESULT: {"using":"xpath","value":"//button[@data-kt=\"AddNewHOProvideAddItemsButton\"]"}
COMMAND: POST /session/b4f8750b6ab9764d379b715c7854fdbf/element/f.8850BFF0213FDAA0CDBB6DAFAFD06CF5.d.6C94749AE1BD40B67182DCB3D85795C7.e.7719/click - {}
RESULT: {}
COMMAND: GET /session/b4f8750b6ab9764d379b715c7854fdbf/screenshot - {}
RESULT: {}
RESULT: undefined
COMMAND: POST /session/b4f8750b6ab9764d379b715c7854fdbf/element - {"using":"xpath","value":"//*[@id=\"application-managehandovers-display-component---AddNewHO--popup-sa\"]"}
RESULT: {"using":"xpath","value":"//*[@id=\"application-managehandovers-display-component---AddNewHO--popup-sa\"]"}
COMMAND: POST /session/b4f8750b6ab9764d379b715c7854fdbf/element/f.8850BFF0213FDAA0CDBB6DAFAFD06CF5.d.6C94749AE1BD40B67182DCB3D85795C7.e.7734/click - {}
RESULT: {}
COMMAND: GET /session/b4f8750b6ab9764d379b715c7854fdbf/screenshot - {}
RESULT: {}
COMMAND: POST /session/b4f8750b6ab9764d379b715c7854fdbf/element - {"using":"xpath","value":"//*[contains(@id ,\"BDI-content\")][contains(text(), \"Select\")]"}
RESULT: {"using":"xpath","value":"//*[contains(@id ,\"BDI-content\")][contains(text(), \"Select\")]"}
COMMAND: POST /session/b4f8750b6ab9764d379b715c7854fdbf/element/f.8850BFF0213FDAA0CDBB6DAFAFD06CF5.d.6C94749AE1BD40B67182DCB3D85795C7.e.7736/click - {}
RESULT: {}
COMMAND: GET /session/b4f8750b6ab9764d379b715c7854fdbf/screenshot - {}
RESULT: {}
COMMAND: POST /session/b4f8750b6ab9764d379b715c7854fdbf/execute/async - {"script":"<script> [1562 bytes]","args":[{"selector":{"id":"application-managehandovers-display-component---AddNewHO--confirmCreationButton","interaction":{"idSuffix":"BDI-content"}},"wdio_ui5_key":"applicationmanagehandovers-display-component---AddNewHO--confirmCreationButton"}]}
RESULT: {"script":"<script> [1562 bytes]","args":[{"selector":{"id":"application-managehandovers-display-component---AddNewHO--confirmCreationButton","interaction":{"idSuffix":"BDI-content"}},"wdio_ui5_key":"applicationmanagehandovers-display-component---AddNewHO--confirmCreationButton"}]}
RESULT: undefined
COMMAND: POST /session/b4f8750b6ab9764d379b715c7854fdbf/element - {"using":"xpath","value":"//*[@id=\"application-managehandovers-display-component---AddNewHO--confirmCreationButton\"]"}
RESULT: {"using":"xpath","value":"//*[@id=\"application-managehandovers-display-component---AddNewHO--confirmCreationButton\"]"}
COMMAND: POST /session/b4f8750b6ab9764d379b715c7854fdbf/element/f.8850BFF0213FDAA0CDBB6DAFAFD06CF5.d.6C94749AE1BD40B67182DCB3D85795C7.e.7679/click - {}
RESULT: {}
COMMAND: GET /session/b4f8750b6ab9764d379b715c7854fdbf/screenshot - {}
RESULT: {}
COMMAND: POST /session/b4f8750b6ab9764d379b715c7854fdbf/execute/async - {"script":"<script> [1562 bytes]","args":[{"selector":{"id":"issueDatePicker","viewName":"etm.portal.ui.managehandovers.view.DetailExecuteHO","interaction":{"idSuffix":"inner"}},"wdio_ui5_key":"issueDatePickeretmportal.ui.managehandovers.view.DetailExecuteHO"}]}
RESULT: {"script":"<script> [1562 bytes]","args":[{"selector":{"id":"issueDatePicker","viewName":"etm.portal.ui.managehandovers.view.DetailExecuteHO","interaction":{"idSuffix":"inner"}},"wdio_ui5_key":"issueDatePickeretmportal.ui.managehandovers.view.DetailExecuteHO"}]}
RESULT: undefined
COMMAND: POST /session/b4f8750b6ab9764d379b715c7854fdbf/execute/async - {"script":"<script> [776 bytes]","args":[{"enterText":"6/13/25","selector":{"id":"issueDatePicker","viewName":"etm.portal.ui.managehandovers.view.DetailExecuteHO","interaction":{"idSuffix":"inner"}},"clearTextFirst":true,"interactionType":"ENTER_TEXT"}]}
RESULT: {"script":"<script> [776 bytes]","args":[{"enterText":"6/13/25","selector":{"id":"issueDatePicker","viewName":"etm.portal.ui.managehandovers.view.DetailExecuteHO","interaction":{"idSuffix":"inner"}},"clearTextFirst":true,"interactionType":"ENTER_TEXT"}]}
COMMAND: POST /session/b4f8750b6ab9764d379b715c7854fdbf/element - {"using":"xpath","value":"//button[@data-kt=\"PickingTableConfirmAllButton\"]"}
RESULT: {"using":"xpath","value":"//button[@data-kt=\"PickingTableConfirmAllButton\"]"}
COMMAND: POST /session/b4f8750b6ab9764d379b715c7854fdbf/element/f.8850BFF0213FDAA0CDBB6DAFAFD06CF5.d.6C94749AE1BD40B67182DCB3D85795C7.e.7798/click - {}
RESULT: {}
COMMAND: GET /session/b4f8750b6ab9764d379b715c7854fdbf/screenshot - {}
RESULT: {}
COMMAND: POST /session/b4f8750b6ab9764d379b715c7854fdbf/element - {"using":"xpath","value":"//bdi[contains(text(), \"OK\")]"}
RESULT: {"using":"xpath","value":"//bdi[contains(text(), \"OK\")]"}
COMMAND: POST /session/b4f8750b6ab9764d379b715c7854fdbf/element/f.8850BFF0213FDAA0CDBB6DAFAFD06CF5.d.6C94749AE1BD40B67182DCB3D85795C7.e.7801/click - {}
RESULT: {}
COMMAND: GET /session/b4f8750b6ab9764d379b715c7854fdbf/screenshot - {}
RESULT: {}
COMMAND: POST /session/b4f8750b6ab9764d379b715c7854fdbf/element - {"using":"xpath","value":"//bdi[contains(text(), \"Issue\")]"}
RESULT: {"using":"xpath","value":"//bdi[contains(text(), \"Issue\")]"}
COMMAND: POST /session/b4f8750b6ab9764d379b715c7854fdbf/element/f.8850BFF0213FDAA0CDBB6DAFAFD06CF5.d.6C94749AE1BD40B67182DCB3D85795C7.e.7803/click - {}
RESULT: {}
COMMAND: GET /session/b4f8750b6ab9764d379b715c7854fdbf/screenshot - {}
RESULT: {}
COMMAND: POST /session/b4f8750b6ab9764d379b715c7854fdbf/element - {"using":"css selector","value":"#shell-header-logo"}
RESULT: {"using":"css selector","value":"#shell-header-logo"}
COMMAND: POST /session/b4f8750b6ab9764d379b715c7854fdbf/element/f.8850BFF0213FDAA0CDBB6DAFAFD06CF5.d.6C94749AE1BD40B67182DCB3D85795C7.e.6963/click - {}
RESULT: {}
COMMAND: GET /session/b4f8750b6ab9764d379b715c7854fdbf/screenshot - {}
RESULT: {}
]]></system-out>
    </testcase>
    <testcase classname="chrome.137_0_7151_69.windows.Billing_Transfer_-_Master_data_&amp;_Intercompany_US127250" name="Should go navigate to Manage Billings and trigger contract calculation check result" time="67.084">
      <system-out><![CDATA[
COMMAND: POST /session/b4f8750b6ab9764d379b715c7854fdbf/execute/async - {"script":"<script> [1562 bytes]","args":[{"selector":{"controlType":"sap.m.GenericTile","properties":{"header":"Manage Billings"}},"wdio_ui5_key":"sapm.GenericTile{\"header\":\"Manage Billings\"}"}]}
RESULT: {"script":"<script> [1562 bytes]","args":[{"selector":{"controlType":"sap.m.GenericTile","properties":{"header":"Manage Billings"}},"wdio_ui5_key":"sapm.GenericTile{\"header\":\"Manage Billings\"}"}]}
RESULT: undefined
COMMAND: POST /session/b4f8750b6ab9764d379b715c7854fdbf/element - {"using":"xpath","value":"//*[@id=\"__tile93\"]"}
RESULT: {"using":"xpath","value":"//*[@id=\"__tile93\"]"}
COMMAND: POST /session/b4f8750b6ab9764d379b715c7854fdbf/element/f.8850BFF0213FDAA0CDBB6DAFAFD06CF5.d.6C94749AE1BD40B67182DCB3D85795C7.e.4818/click - {}
RESULT: {}
COMMAND: GET /session/b4f8750b6ab9764d379b715c7854fdbf/screenshot - {}
RESULT: {}
COMMAND: POST /session/b4f8750b6ab9764d379b715c7854fdbf/elements - {"using":"xpath","value":"//span[text()='Error']"}
RESULT: {"using":"xpath","value":"//span[text()='Error']"}
COMMAND: POST /session/b4f8750b6ab9764d379b715c7854fdbf/execute/async - {"script":"<script> [1562 bytes]","args":[{"selector":{"id":"application-managebillings-display-component---billRunCalcResult--smartFilterBar-btnBasicSearch","interaction":{"idSuffix":"I"}},"wdio_ui5_key":"applicationmanagebillings-display-component---billRunCalcResult--smartFilterBar-btnBasicSearch"}]}
RESULT: {"script":"<script> [1562 bytes]","args":[{"selector":{"id":"application-managebillings-display-component---billRunCalcResult--smartFilterBar-btnBasicSearch","interaction":{"idSuffix":"I"}},"wdio_ui5_key":"applicationmanagebillings-display-component---billRunCalcResult--smartFilterBar-btnBasicSearch"}]}
RESULT: undefined
COMMAND: POST /session/b4f8750b6ab9764d379b715c7854fdbf/execute/async - {"script":"<script> [776 bytes]","args":[{"enterText":"10177","selector":{"id":"application-managebillings-display-component---billRunCalcResult--smartFilterBar-btnBasicSearch","interaction":{"idSuffix":"I"}},"clearTextFirst":true,"interactionType":"ENTER_TEXT"}]}
RESULT: {"script":"<script> [776 bytes]","args":[{"enterText":"10177","selector":{"id":"application-managebillings-display-component---billRunCalcResult--smartFilterBar-btnBasicSearch","interaction":{"idSuffix":"I"}},"clearTextFirst":true,"interactionType":"ENTER_TEXT"}]}
COMMAND: POST /session/b4f8750b6ab9764d379b715c7854fdbf/actions - {"actions":[{"id":"action20","type":"key","parameters":{},"actions":[{"type":"keyDown","value":""},{"type":"pause","duration":10},{"type":"keyUp","value":""}]}]}
RESULT: {"actions":[{"id":"action20","type":"key","parameters":{},"actions":[{"type":"keyDown","value":""},{"type":"pause","duration":10},{"type":"keyUp","value":""}]}]}
COMMAND: GET /session/b4f8750b6ab9764d379b715c7854fdbf/screenshot - {}
RESULT: {}
COMMAND: POST /session/b4f8750b6ab9764d379b715c7854fdbf/element - {"using":"xpath","value":"//td[@aria-colindex=\"1\"]/div/div[contains(@class, \"sapMCbBg\")]"}
RESULT: {"using":"xpath","value":"//td[@aria-colindex=\"1\"]/div/div[contains(@class, \"sapMCbBg\")]"}
COMMAND: POST /session/b4f8750b6ab9764d379b715c7854fdbf/element/f.8850BFF0213FDAA0CDBB6DAFAFD06CF5.d.6C94749AE1BD40B67182DCB3D85795C7.e.8209/click - {}
RESULT: {}
COMMAND: GET /session/b4f8750b6ab9764d379b715c7854fdbf/screenshot - {}
RESULT: {}
COMMAND: POST /session/b4f8750b6ab9764d379b715c7854fdbf/execute/async - {"script":"<script> [1562 bytes]","args":[{"selector":{"id":"application-managebillings-display-component---billRunCalcResult--contractBillRunDate","interaction":{"idSuffix":"inner"}},"wdio_ui5_key":"applicationmanagebillings-display-component---billRunCalcResult--contractBillRunDate"}]}
RESULT: {"script":"<script> [1562 bytes]","args":[{"selector":{"id":"application-managebillings-display-component---billRunCalcResult--contractBillRunDate","interaction":{"idSuffix":"inner"}},"wdio_ui5_key":"applicationmanagebillings-display-component---billRunCalcResult--contractBillRunDate"}]}
RESULT: undefined
COMMAND: POST /session/b4f8750b6ab9764d379b715c7854fdbf/execute/async - {"script":"<script> [776 bytes]","args":[{"enterText":"7/13/25","selector":{"id":"application-managebillings-display-component---billRunCalcResult--contractBillRunDate","interaction":{"idSuffix":"inner"}},"clearTextFirst":true,"interactionType":"ENTER_TEXT"}]}
RESULT: {"script":"<script> [776 bytes]","args":[{"enterText":"7/13/25","selector":{"id":"application-managebillings-display-component---billRunCalcResult--contractBillRunDate","interaction":{"idSuffix":"inner"}},"clearTextFirst":true,"interactionType":"ENTER_TEXT"}]}
COMMAND: POST /session/b4f8750b6ab9764d379b715c7854fdbf/element - {"using":"xpath","value":"//bdi[contains(text(), \"Trigger Calculation\")]"}
RESULT: {"using":"xpath","value":"//bdi[contains(text(), \"Trigger Calculation\")]"}
COMMAND: POST /session/b4f8750b6ab9764d379b715c7854fdbf/element/f.8850BFF0213FDAA0CDBB6DAFAFD06CF5.d.6C94749AE1BD40B67182DCB3D85795C7.e.8229/click - {}
RESULT: {}
COMMAND: GET /session/b4f8750b6ab9764d379b715c7854fdbf/screenshot - {}
RESULT: {}
COMMAND: POST /session/b4f8750b6ab9764d379b715c7854fdbf/element - {"using":"xpath","value":"(//span[contains(@id, \"imgNav\")])[1]"}
RESULT: {"using":"xpath","value":"(//span[contains(@id, \"imgNav\")])[1]"}
COMMAND: POST /session/b4f8750b6ab9764d379b715c7854fdbf/element/f.8850BFF0213FDAA0CDBB6DAFAFD06CF5.d.6C94749AE1BD40B67182DCB3D85795C7.e.8223/click - {}
RESULT: {}
COMMAND: GET /session/b4f8750b6ab9764d379b715c7854fdbf/screenshot - {}
RESULT: {}
COMMAND: POST /session/b4f8750b6ab9764d379b715c7854fdbf/element - {"using":"xpath","value":"//tr/td[6]/div[1]/span[1]/span[1]"}
RESULT: {"using":"xpath","value":"//tr/td[6]/div[1]/span[1]/span[1]"}
COMMAND: GET /session/b4f8750b6ab9764d379b715c7854fdbf/element/f.8850BFF0213FDAA0CDBB6DAFAFD06CF5.d.6C94749AE1BD40B67182DCB3D85795C7.e.8235/text - {}
RESULT: {}
COMMAND: POST /session/b4f8750b6ab9764d379b715c7854fdbf/element - {"using":"xpath","value":"(//span[contains(@id, \"imgNav\")])[2]"}
RESULT: {"using":"xpath","value":"(//span[contains(@id, \"imgNav\")])[2]"}
COMMAND: POST /session/b4f8750b6ab9764d379b715c7854fdbf/element/f.8850BFF0213FDAA0CDBB6DAFAFD06CF5.d.6C94749AE1BD40B67182DCB3D85795C7.e.8236/click - {}
RESULT: {}
COMMAND: POST /session/b4f8750b6ab9764d379b715c7854fdbf/element - {"using":"xpath","value":"//bdi[contains(text(), \"Business Confirm\")]"}
COMMAND: GET /session/b4f8750b6ab9764d379b715c7854fdbf/screenshot - {}
RESULT: {"using":"xpath","value":"//bdi[contains(text(), \"Business Confirm\")]"}
COMMAND: POST /session/b4f8750b6ab9764d379b715c7854fdbf/elements - {"using":"xpath","value":"//bdi[contains(text(), \"Business Confirm\")]"}
RESULT: {}
RESULT: {"using":"xpath","value":"//bdi[contains(text(), \"Business Confirm\")]"}
COMMAND: POST /session/b4f8750b6ab9764d379b715c7854fdbf/element - {"using":"xpath","value":"//bdi[contains(text(), \"Business Confirm\")]"}
RESULT: {"using":"xpath","value":"//bdi[contains(text(), \"Business Confirm\")]"}
COMMAND: POST /session/b4f8750b6ab9764d379b715c7854fdbf/element/f.8850BFF0213FDAA0CDBB6DAFAFD06CF5.d.6C94749AE1BD40B67182DCB3D85795C7.e.8306/click - {}
RESULT: {}
COMMAND: POST /session/b4f8750b6ab9764d379b715c7854fdbf/element - {"using":"css selector","value":"#shell-header-logo"}
COMMAND: GET /session/b4f8750b6ab9764d379b715c7854fdbf/screenshot - {}
RESULT: {"using":"css selector","value":"#shell-header-logo"}
COMMAND: POST /session/b4f8750b6ab9764d379b715c7854fdbf/element/f.8850BFF0213FDAA0CDBB6DAFAFD06CF5.d.6C94749AE1BD40B67182DCB3D85795C7.e.7998/click - {}
RESULT: {}
RESULT: {}
COMMAND: GET /session/b4f8750b6ab9764d379b715c7854fdbf/screenshot - {}
RESULT: {}
]]></system-out>
    </testcase>
    <testcase classname="chrome.137_0_7151_69.windows.Billing_Transfer_-_Master_data_&amp;_Intercompany_US127250" name="Should do Billing Transfer all the way into invoice open for intercompany case" time="93.584">
      <system-out><![CDATA[
COMMAND: POST /session/b4f8750b6ab9764d379b715c7854fdbf/execute/async - {"script":"<script> [1562 bytes]","args":[{"selector":{"controlType":"sap.m.GenericTile","properties":{"header":"Billing Transfer"}},"wdio_ui5_key":"sapm.GenericTile{\"header\":\"Billing Transfer\"}"}]}
RESULT: {"script":"<script> [1562 bytes]","args":[{"selector":{"controlType":"sap.m.GenericTile","properties":{"header":"Billing Transfer"}},"wdio_ui5_key":"sapm.GenericTile{\"header\":\"Billing Transfer\"}"}]}
RESULT: undefined
COMMAND: POST /session/b4f8750b6ab9764d379b715c7854fdbf/element - {"using":"xpath","value":"//*[@id=\"__tile92\"]"}
RESULT: {"using":"xpath","value":"//*[@id=\"__tile92\"]"}
COMMAND: POST /session/b4f8750b6ab9764d379b715c7854fdbf/element/f.8850BFF0213FDAA0CDBB6DAFAFD06CF5.d.6C94749AE1BD40B67182DCB3D85795C7.e.4815/click - {}
RESULT: {}
COMMAND: GET /session/b4f8750b6ab9764d379b715c7854fdbf/screenshot - {}
RESULT: {}
COMMAND: POST /session/b4f8750b6ab9764d379b715c7854fdbf/elements - {"using":"xpath","value":"//span[text()='Error']"}
RESULT: {"using":"xpath","value":"//span[text()='Error']"}
COMMAND: POST /session/b4f8750b6ab9764d379b715c7854fdbf/element - {"using":"xpath","value":"//input[contains(@id ,\"application-billingtransfer-display-component---billingWorkbench--smartFilterBar-btnBasicSearch\")]"}
RESULT: {"using":"xpath","value":"//input[contains(@id ,\"application-billingtransfer-display-component---billingWorkbench--smartFilterBar-btnBasicSearch\")]"}
COMMAND: POST /session/b4f8750b6ab9764d379b715c7854fdbf/elements - {"using":"xpath","value":"//input[contains(@id ,\"application-billingtransfer-display-component---billingWorkbench--smartFilterBar-btnBasicSearch\")]"}
RESULT: {"using":"xpath","value":"//input[contains(@id ,\"application-billingtransfer-display-component---billingWorkbench--smartFilterBar-btnBasicSearch\")]"}
COMMAND: POST /session/b4f8750b6ab9764d379b715c7854fdbf/execute/sync - {"script":"<script> [8489 bytes]","args":[{"element-6066-11e4-a52e-4f735466cecf":"f.8850BFF0213FDAA0CDBB6DAFAFD06CF5.d.6C94749AE1BD40B67182DCB3D85795C7.e.8317","ELEMENT":"f.8850BFF0213FDAA0CDBB6DAFAFD06CF5.d.6C94749AE1BD40B67182DCB3D85795C7.e.8317"}]}
RESULT: {"script":"<script> [8489 bytes]","args":[{"element-6066-11e4-a52e-4f735466cecf":"f.8850BFF0213FDAA0CDBB6DAFAFD06CF5.d.6C94749AE1BD40B67182DCB3D85795C7.e.8317","ELEMENT":"f.8850BFF0213FDAA0CDBB6DAFAFD06CF5.d.6C94749AE1BD40B67182DCB3D85795C7.e.8317"}]}
COMMAND: GET /session/b4f8750b6ab9764d379b715c7854fdbf/element/f.8850BFF0213FDAA0CDBB6DAFAFD06CF5.d.6C94749AE1BD40B67182DCB3D85795C7.e.8317/enabled - {}
COMMAND: GET /session/b4f8750b6ab9764d379b715c7854fdbf/screenshot - {}
RESULT: {}
COMMAND: POST /session/b4f8750b6ab9764d379b715c7854fdbf/element/f.8850BFF0213FDAA0CDBB6DAFAFD06CF5.d.6C94749AE1BD40B67182DCB3D85795C7.e.8317/click - {}
COMMAND: GET /session/b4f8750b6ab9764d379b715c7854fdbf/screenshot - {}
RESULT: {}
RESULT: {}
COMMAND: GET /session/b4f8750b6ab9764d379b715c7854fdbf/screenshot - {}
RESULT: {}
RESULT: {}
COMMAND: POST /session/b4f8750b6ab9764d379b715c7854fdbf/element/f.8850BFF0213FDAA0CDBB6DAFAFD06CF5.d.6C94749AE1BD40B67182DCB3D85795C7.e.8317/clear - {}
RESULT: {}
COMMAND: POST /session/b4f8750b6ab9764d379b715c7854fdbf/element/f.8850BFF0213FDAA0CDBB6DAFAFD06CF5.d.6C94749AE1BD40B67182DCB3D85795C7.e.8317/value - {"text":"10177"}
COMMAND: GET /session/b4f8750b6ab9764d379b715c7854fdbf/screenshot - {}
RESULT: {"text":"10177"}
COMMAND: POST /session/b4f8750b6ab9764d379b715c7854fdbf/actions - {"actions":[{"id":"action21","type":"key","parameters":{},"actions":[{"type":"keyDown","value":""},{"type":"pause","duration":10},{"type":"keyUp","value":""}]}]}
COMMAND: GET /session/b4f8750b6ab9764d379b715c7854fdbf/screenshot - {}
RESULT: {}
RESULT: {"actions":[{"id":"action21","type":"key","parameters":{},"actions":[{"type":"keyDown","value":""},{"type":"pause","duration":10},{"type":"keyUp","value":""}]}]}
COMMAND: GET /session/b4f8750b6ab9764d379b715c7854fdbf/screenshot - {}
RESULT: {}
RESULT: {}
COMMAND: POST /session/b4f8750b6ab9764d379b715c7854fdbf/element - {"using":"xpath","value":"//span[contains(@id ,\"application-billingtransfer-display-component---billingWorkbench--smartTableBillingRuns-header-inner\")]"}
RESULT: {"using":"xpath","value":"//span[contains(@id ,\"application-billingtransfer-display-component---billingWorkbench--smartTableBillingRuns-header-inner\")]"}
COMMAND: POST /session/b4f8750b6ab9764d379b715c7854fdbf/elements - {"using":"xpath","value":"//span[contains(@id ,\"application-billingtransfer-display-component---billingWorkbench--smartTableBillingRuns-header-inner\")]"}
RESULT: {"using":"xpath","value":"//span[contains(@id ,\"application-billingtransfer-display-component---billingWorkbench--smartTableBillingRuns-header-inner\")]"}
COMMAND: POST /session/b4f8750b6ab9764d379b715c7854fdbf/execute/sync - {"script":"<script> [56 bytes]","args":[{"element-6066-11e4-a52e-4f735466cecf":"f.8850BFF0213FDAA0CDBB6DAFAFD06CF5.d.6C94749AE1BD40B67182DCB3D85795C7.e.8405","ELEMENT":"f.8850BFF0213FDAA0CDBB6DAFAFD06CF5.d.6C94749AE1BD40B67182DCB3D85795C7.e.8405"}]}
RESULT: {"script":"<script> [56 bytes]","args":[{"element-6066-11e4-a52e-4f735466cecf":"f.8850BFF0213FDAA0CDBB6DAFAFD06CF5.d.6C94749AE1BD40B67182DCB3D85795C7.e.8405","ELEMENT":"f.8850BFF0213FDAA0CDBB6DAFAFD06CF5.d.6C94749AE1BD40B67182DCB3D85795C7.e.8405"}]}
COMMAND: POST /session/b4f8750b6ab9764d379b715c7854fdbf/element - {"using":"xpath","value":"//td[@aria-colindex=\"1\"]/div/div[contains(@class, \"sapMCbBg\")]"}
COMMAND: GET /session/b4f8750b6ab9764d379b715c7854fdbf/screenshot - {}
RESULT: {"using":"xpath","value":"//td[@aria-colindex=\"1\"]/div/div[contains(@class, \"sapMCbBg\")]"}
COMMAND: POST /session/b4f8750b6ab9764d379b715c7854fdbf/element/f.8850BFF0213FDAA0CDBB6DAFAFD06CF5.d.6C94749AE1BD40B67182DCB3D85795C7.e.8390/click - {}
RESULT: {}
RESULT: {}
COMMAND: GET /session/b4f8750b6ab9764d379b715c7854fdbf/screenshot - {}
RESULT: {}
COMMAND: POST /session/b4f8750b6ab9764d379b715c7854fdbf/element - {"using":"xpath","value":"//bdi[contains(text(), \"Check\")]"}
RESULT: {"using":"xpath","value":"//bdi[contains(text(), \"Check\")]"}
COMMAND: POST /session/b4f8750b6ab9764d379b715c7854fdbf/element/f.8850BFF0213FDAA0CDBB6DAFAFD06CF5.d.6C94749AE1BD40B67182DCB3D85795C7.e.8406/click - {}
RESULT: {}
COMMAND: GET /session/b4f8750b6ab9764d379b715c7854fdbf/screenshot - {}
RESULT: {}
COMMAND: POST /session/b4f8750b6ab9764d379b715c7854fdbf/element - {"using":"xpath","value":"//bdi[contains(text(), \"OK\")]"}
RESULT: {"using":"xpath","value":"//bdi[contains(text(), \"OK\")]"}
COMMAND: POST /session/b4f8750b6ab9764d379b715c7854fdbf/element/f.8850BFF0213FDAA0CDBB6DAFAFD06CF5.d.6C94749AE1BD40B67182DCB3D85795C7.e.8409/click - {}
RESULT: {}
COMMAND: GET /session/b4f8750b6ab9764d379b715c7854fdbf/screenshot - {}
RESULT: {}
COMMAND: POST /session/b4f8750b6ab9764d379b715c7854fdbf/element - {"using":"xpath","value":"(//span[contains(text(), \"CO/SD checked\")]/parent::div/preceding-sibling::div/span)[1]"}
RESULT: {"using":"xpath","value":"(//span[contains(text(), \"CO/SD checked\")]/parent::div/preceding-sibling::div/span)[1]"}
COMMAND: POST /session/b4f8750b6ab9764d379b715c7854fdbf/element/f.8850BFF0213FDAA0CDBB6DAFAFD06CF5.d.6C94749AE1BD40B67182DCB3D85795C7.e.8421/click - {}
RESULT: {}
COMMAND: GET /session/b4f8750b6ab9764d379b715c7854fdbf/screenshot - {}
RESULT: {}
COMMAND: POST /session/b4f8750b6ab9764d379b715c7854fdbf/element - {"using":"xpath","value":"//input[contains(@id ,\"application-billingtransfer-display-component---billingWorkbench--smartFilterBar-btnBasicSearch\")]"}
RESULT: {"using":"xpath","value":"//input[contains(@id ,\"application-billingtransfer-display-component---billingWorkbench--smartFilterBar-btnBasicSearch\")]"}
COMMAND: POST /session/b4f8750b6ab9764d379b715c7854fdbf/elements - {"using":"xpath","value":"//input[contains(@id ,\"application-billingtransfer-display-component---billingWorkbench--smartFilterBar-btnBasicSearch\")]"}
RESULT: {"using":"xpath","value":"//input[contains(@id ,\"application-billingtransfer-display-component---billingWorkbench--smartFilterBar-btnBasicSearch\")]"}
COMMAND: POST /session/b4f8750b6ab9764d379b715c7854fdbf/execute/sync - {"script":"<script> [8489 bytes]","args":[{"element-6066-11e4-a52e-4f735466cecf":"f.8850BFF0213FDAA0CDBB6DAFAFD06CF5.d.6C94749AE1BD40B67182DCB3D85795C7.e.8317","ELEMENT":"f.8850BFF0213FDAA0CDBB6DAFAFD06CF5.d.6C94749AE1BD40B67182DCB3D85795C7.e.8317"}]}
RESULT: {"script":"<script> [8489 bytes]","args":[{"element-6066-11e4-a52e-4f735466cecf":"f.8850BFF0213FDAA0CDBB6DAFAFD06CF5.d.6C94749AE1BD40B67182DCB3D85795C7.e.8317","ELEMENT":"f.8850BFF0213FDAA0CDBB6DAFAFD06CF5.d.6C94749AE1BD40B67182DCB3D85795C7.e.8317"}]}
COMMAND: GET /session/b4f8750b6ab9764d379b715c7854fdbf/element/f.8850BFF0213FDAA0CDBB6DAFAFD06CF5.d.6C94749AE1BD40B67182DCB3D85795C7.e.8317/enabled - {}
COMMAND: GET /session/b4f8750b6ab9764d379b715c7854fdbf/screenshot - {}
RESULT: {}
COMMAND: POST /session/b4f8750b6ab9764d379b715c7854fdbf/element/f.8850BFF0213FDAA0CDBB6DAFAFD06CF5.d.6C94749AE1BD40B67182DCB3D85795C7.e.8317/click - {}
COMMAND: GET /session/b4f8750b6ab9764d379b715c7854fdbf/screenshot - {}
RESULT: {}
RESULT: {}
COMMAND: GET /session/b4f8750b6ab9764d379b715c7854fdbf/screenshot - {}
RESULT: {}
RESULT: {}
COMMAND: POST /session/b4f8750b6ab9764d379b715c7854fdbf/element/f.8850BFF0213FDAA0CDBB6DAFAFD06CF5.d.6C94749AE1BD40B67182DCB3D85795C7.e.8317/clear - {}
RESULT: {}
COMMAND: POST /session/b4f8750b6ab9764d379b715c7854fdbf/element/f.8850BFF0213FDAA0CDBB6DAFAFD06CF5.d.6C94749AE1BD40B67182DCB3D85795C7.e.8317/value - {"text":"10177"}
COMMAND: GET /session/b4f8750b6ab9764d379b715c7854fdbf/screenshot - {}
RESULT: {"text":"10177"}
COMMAND: POST /session/b4f8750b6ab9764d379b715c7854fdbf/actions - {"actions":[{"id":"action22","type":"key","parameters":{},"actions":[{"type":"keyDown","value":""},{"type":"pause","duration":10},{"type":"keyUp","value":""}]}]}
COMMAND: GET /session/b4f8750b6ab9764d379b715c7854fdbf/screenshot - {}
RESULT: {}
RESULT: {"actions":[{"id":"action22","type":"key","parameters":{},"actions":[{"type":"keyDown","value":""},{"type":"pause","duration":10},{"type":"keyUp","value":""}]}]}
COMMAND: GET /session/b4f8750b6ab9764d379b715c7854fdbf/screenshot - {}
RESULT: {}
RESULT: {}
COMMAND: POST /session/b4f8750b6ab9764d379b715c7854fdbf/element - {"using":"xpath","value":"//span[contains(@id ,\"application-billingtransfer-display-component---billingWorkbench--smartTableBillingRuns-header-inner\")]"}
RESULT: {"using":"xpath","value":"//span[contains(@id ,\"application-billingtransfer-display-component---billingWorkbench--smartTableBillingRuns-header-inner\")]"}
COMMAND: POST /session/b4f8750b6ab9764d379b715c7854fdbf/elements - {"using":"xpath","value":"//span[contains(@id ,\"application-billingtransfer-display-component---billingWorkbench--smartTableBillingRuns-header-inner\")]"}
RESULT: {"using":"xpath","value":"//span[contains(@id ,\"application-billingtransfer-display-component---billingWorkbench--smartTableBillingRuns-header-inner\")]"}
COMMAND: POST /session/b4f8750b6ab9764d379b715c7854fdbf/execute/sync - {"script":"<script> [56 bytes]","args":[{"element-6066-11e4-a52e-4f735466cecf":"f.8850BFF0213FDAA0CDBB6DAFAFD06CF5.d.6C94749AE1BD40B67182DCB3D85795C7.e.8405","ELEMENT":"f.8850BFF0213FDAA0CDBB6DAFAFD06CF5.d.6C94749AE1BD40B67182DCB3D85795C7.e.8405"}]}
RESULT: {"script":"<script> [56 bytes]","args":[{"element-6066-11e4-a52e-4f735466cecf":"f.8850BFF0213FDAA0CDBB6DAFAFD06CF5.d.6C94749AE1BD40B67182DCB3D85795C7.e.8405","ELEMENT":"f.8850BFF0213FDAA0CDBB6DAFAFD06CF5.d.6C94749AE1BD40B67182DCB3D85795C7.e.8405"}]}
COMMAND: GET /session/b4f8750b6ab9764d379b715c7854fdbf/screenshot - {}
RESULT: {}
COMMAND: POST /session/b4f8750b6ab9764d379b715c7854fdbf/execute/sync - {"script":"<script> [56 bytes]","args":[{"element-6066-11e4-a52e-4f735466cecf":"f.8850BFF0213FDAA0CDBB6DAFAFD06CF5.d.6C94749AE1BD40B67182DCB3D85795C7.e.8405","ELEMENT":"f.8850BFF0213FDAA0CDBB6DAFAFD06CF5.d.6C94749AE1BD40B67182DCB3D85795C7.e.8405"}]}
RESULT: {"script":"<script> [56 bytes]","args":[{"element-6066-11e4-a52e-4f735466cecf":"f.8850BFF0213FDAA0CDBB6DAFAFD06CF5.d.6C94749AE1BD40B67182DCB3D85795C7.e.8405","ELEMENT":"f.8850BFF0213FDAA0CDBB6DAFAFD06CF5.d.6C94749AE1BD40B67182DCB3D85795C7.e.8405"}]}
COMMAND: GET /session/b4f8750b6ab9764d379b715c7854fdbf/screenshot - {}
RESULT: {}
COMMAND: POST /session/b4f8750b6ab9764d379b715c7854fdbf/execute/sync - {"script":"<script> [56 bytes]","args":[{"element-6066-11e4-a52e-4f735466cecf":"f.8850BFF0213FDAA0CDBB6DAFAFD06CF5.d.6C94749AE1BD40B67182DCB3D85795C7.e.8405","ELEMENT":"f.8850BFF0213FDAA0CDBB6DAFAFD06CF5.d.6C94749AE1BD40B67182DCB3D85795C7.e.8405"}]}
RESULT: {"script":"<script> [56 bytes]","args":[{"element-6066-11e4-a52e-4f735466cecf":"f.8850BFF0213FDAA0CDBB6DAFAFD06CF5.d.6C94749AE1BD40B67182DCB3D85795C7.e.8405","ELEMENT":"f.8850BFF0213FDAA0CDBB6DAFAFD06CF5.d.6C94749AE1BD40B67182DCB3D85795C7.e.8405"}]}
COMMAND: GET /session/b4f8750b6ab9764d379b715c7854fdbf/screenshot - {}
RESULT: {}
COMMAND: POST /session/b4f8750b6ab9764d379b715c7854fdbf/execute/sync - {"script":"<script> [56 bytes]","args":[{"element-6066-11e4-a52e-4f735466cecf":"f.8850BFF0213FDAA0CDBB6DAFAFD06CF5.d.6C94749AE1BD40B67182DCB3D85795C7.e.8405","ELEMENT":"f.8850BFF0213FDAA0CDBB6DAFAFD06CF5.d.6C94749AE1BD40B67182DCB3D85795C7.e.8405"}]}
RESULT: {"script":"<script> [56 bytes]","args":[{"element-6066-11e4-a52e-4f735466cecf":"f.8850BFF0213FDAA0CDBB6DAFAFD06CF5.d.6C94749AE1BD40B67182DCB3D85795C7.e.8405","ELEMENT":"f.8850BFF0213FDAA0CDBB6DAFAFD06CF5.d.6C94749AE1BD40B67182DCB3D85795C7.e.8405"}]}
COMMAND: GET /session/b4f8750b6ab9764d379b715c7854fdbf/screenshot - {}
RESULT: {}
COMMAND: POST /session/b4f8750b6ab9764d379b715c7854fdbf/execute/sync - {"script":"<script> [56 bytes]","args":[{"element-6066-11e4-a52e-4f735466cecf":"f.8850BFF0213FDAA0CDBB6DAFAFD06CF5.d.6C94749AE1BD40B67182DCB3D85795C7.e.8405","ELEMENT":"f.8850BFF0213FDAA0CDBB6DAFAFD06CF5.d.6C94749AE1BD40B67182DCB3D85795C7.e.8405"}]}
RESULT: {"script":"<script> [56 bytes]","args":[{"element-6066-11e4-a52e-4f735466cecf":"f.8850BFF0213FDAA0CDBB6DAFAFD06CF5.d.6C94749AE1BD40B67182DCB3D85795C7.e.8405","ELEMENT":"f.8850BFF0213FDAA0CDBB6DAFAFD06CF5.d.6C94749AE1BD40B67182DCB3D85795C7.e.8405"}]}
COMMAND: GET /session/b4f8750b6ab9764d379b715c7854fdbf/screenshot - {}
RESULT: {}
COMMAND: POST /session/b4f8750b6ab9764d379b715c7854fdbf/execute/sync - {"script":"<script> [56 bytes]","args":[{"element-6066-11e4-a52e-4f735466cecf":"f.8850BFF0213FDAA0CDBB6DAFAFD06CF5.d.6C94749AE1BD40B67182DCB3D85795C7.e.8405","ELEMENT":"f.8850BFF0213FDAA0CDBB6DAFAFD06CF5.d.6C94749AE1BD40B67182DCB3D85795C7.e.8405"}]}
RESULT: {"script":"<script> [56 bytes]","args":[{"element-6066-11e4-a52e-4f735466cecf":"f.8850BFF0213FDAA0CDBB6DAFAFD06CF5.d.6C94749AE1BD40B67182DCB3D85795C7.e.8405","ELEMENT":"f.8850BFF0213FDAA0CDBB6DAFAFD06CF5.d.6C94749AE1BD40B67182DCB3D85795C7.e.8405"}]}
COMMAND: GET /session/b4f8750b6ab9764d379b715c7854fdbf/screenshot - {}
RESULT: {}
COMMAND: POST /session/b4f8750b6ab9764d379b715c7854fdbf/execute/sync - {"script":"<script> [56 bytes]","args":[{"element-6066-11e4-a52e-4f735466cecf":"f.8850BFF0213FDAA0CDBB6DAFAFD06CF5.d.6C94749AE1BD40B67182DCB3D85795C7.e.8405","ELEMENT":"f.8850BFF0213FDAA0CDBB6DAFAFD06CF5.d.6C94749AE1BD40B67182DCB3D85795C7.e.8405"}]}
RESULT: {"script":"<script> [56 bytes]","args":[{"element-6066-11e4-a52e-4f735466cecf":"f.8850BFF0213FDAA0CDBB6DAFAFD06CF5.d.6C94749AE1BD40B67182DCB3D85795C7.e.8405","ELEMENT":"f.8850BFF0213FDAA0CDBB6DAFAFD06CF5.d.6C94749AE1BD40B67182DCB3D85795C7.e.8405"}]}
COMMAND: GET /session/b4f8750b6ab9764d379b715c7854fdbf/screenshot - {}
RESULT: {}
COMMAND: POST /session/b4f8750b6ab9764d379b715c7854fdbf/execute/sync - {"script":"<script> [56 bytes]","args":[{"element-6066-11e4-a52e-4f735466cecf":"f.8850BFF0213FDAA0CDBB6DAFAFD06CF5.d.6C94749AE1BD40B67182DCB3D85795C7.e.8405","ELEMENT":"f.8850BFF0213FDAA0CDBB6DAFAFD06CF5.d.6C94749AE1BD40B67182DCB3D85795C7.e.8405"}]}
RESULT: {"script":"<script> [56 bytes]","args":[{"element-6066-11e4-a52e-4f735466cecf":"f.8850BFF0213FDAA0CDBB6DAFAFD06CF5.d.6C94749AE1BD40B67182DCB3D85795C7.e.8405","ELEMENT":"f.8850BFF0213FDAA0CDBB6DAFAFD06CF5.d.6C94749AE1BD40B67182DCB3D85795C7.e.8405"}]}
COMMAND: GET /session/b4f8750b6ab9764d379b715c7854fdbf/screenshot - {}
RESULT: {}
COMMAND: POST /session/b4f8750b6ab9764d379b715c7854fdbf/execute/sync - {"script":"<script> [56 bytes]","args":[{"element-6066-11e4-a52e-4f735466cecf":"f.8850BFF0213FDAA0CDBB6DAFAFD06CF5.d.6C94749AE1BD40B67182DCB3D85795C7.e.8405","ELEMENT":"f.8850BFF0213FDAA0CDBB6DAFAFD06CF5.d.6C94749AE1BD40B67182DCB3D85795C7.e.8405"}]}
RESULT: {"script":"<script> [56 bytes]","args":[{"element-6066-11e4-a52e-4f735466cecf":"f.8850BFF0213FDAA0CDBB6DAFAFD06CF5.d.6C94749AE1BD40B67182DCB3D85795C7.e.8405","ELEMENT":"f.8850BFF0213FDAA0CDBB6DAFAFD06CF5.d.6C94749AE1BD40B67182DCB3D85795C7.e.8405"}]}
COMMAND: GET /session/b4f8750b6ab9764d379b715c7854fdbf/screenshot - {}
RESULT: {}
COMMAND: POST /session/b4f8750b6ab9764d379b715c7854fdbf/execute/sync - {"script":"<script> [56 bytes]","args":[{"element-6066-11e4-a52e-4f735466cecf":"f.8850BFF0213FDAA0CDBB6DAFAFD06CF5.d.6C94749AE1BD40B67182DCB3D85795C7.e.8405","ELEMENT":"f.8850BFF0213FDAA0CDBB6DAFAFD06CF5.d.6C94749AE1BD40B67182DCB3D85795C7.e.8405"}]}
RESULT: {"script":"<script> [56 bytes]","args":[{"element-6066-11e4-a52e-4f735466cecf":"f.8850BFF0213FDAA0CDBB6DAFAFD06CF5.d.6C94749AE1BD40B67182DCB3D85795C7.e.8405","ELEMENT":"f.8850BFF0213FDAA0CDBB6DAFAFD06CF5.d.6C94749AE1BD40B67182DCB3D85795C7.e.8405"}]}
COMMAND: GET /session/b4f8750b6ab9764d379b715c7854fdbf/screenshot - {}
RESULT: {}
COMMAND: POST /session/b4f8750b6ab9764d379b715c7854fdbf/execute/sync - {"script":"<script> [56 bytes]","args":[{"element-6066-11e4-a52e-4f735466cecf":"f.8850BFF0213FDAA0CDBB6DAFAFD06CF5.d.6C94749AE1BD40B67182DCB3D85795C7.e.8405","ELEMENT":"f.8850BFF0213FDAA0CDBB6DAFAFD06CF5.d.6C94749AE1BD40B67182DCB3D85795C7.e.8405"}]}
RESULT: {"script":"<script> [56 bytes]","args":[{"element-6066-11e4-a52e-4f735466cecf":"f.8850BFF0213FDAA0CDBB6DAFAFD06CF5.d.6C94749AE1BD40B67182DCB3D85795C7.e.8405","ELEMENT":"f.8850BFF0213FDAA0CDBB6DAFAFD06CF5.d.6C94749AE1BD40B67182DCB3D85795C7.e.8405"}]}
COMMAND: GET /session/b4f8750b6ab9764d379b715c7854fdbf/screenshot - {}
COMMAND: POST /session/b4f8750b6ab9764d379b715c7854fdbf/execute/sync - {"script":"<script> [56 bytes]","args":[{"element-6066-11e4-a52e-4f735466cecf":"f.8850BFF0213FDAA0CDBB6DAFAFD06CF5.d.6C94749AE1BD40B67182DCB3D85795C7.e.8405","ELEMENT":"f.8850BFF0213FDAA0CDBB6DAFAFD06CF5.d.6C94749AE1BD40B67182DCB3D85795C7.e.8405"}]}
RESULT: {}
RESULT: {"script":"<script> [56 bytes]","args":[{"element-6066-11e4-a52e-4f735466cecf":"f.8850BFF0213FDAA0CDBB6DAFAFD06CF5.d.6C94749AE1BD40B67182DCB3D85795C7.e.8405","ELEMENT":"f.8850BFF0213FDAA0CDBB6DAFAFD06CF5.d.6C94749AE1BD40B67182DCB3D85795C7.e.8405"}]}
COMMAND: POST /session/b4f8750b6ab9764d379b715c7854fdbf/element - {"using":"xpath","value":"//td[@aria-colindex=\"1\"]/div/div[contains(@class, \"sapMCbBg\")]"}
COMMAND: GET /session/b4f8750b6ab9764d379b715c7854fdbf/screenshot - {}
RESULT: {"using":"xpath","value":"//td[@aria-colindex=\"1\"]/div/div[contains(@class, \"sapMCbBg\")]"}
COMMAND: POST /session/b4f8750b6ab9764d379b715c7854fdbf/element/f.8850BFF0213FDAA0CDBB6DAFAFD06CF5.d.6C94749AE1BD40B67182DCB3D85795C7.e.8426/click - {}
RESULT: {}
RESULT: {}
COMMAND: GET /session/b4f8750b6ab9764d379b715c7854fdbf/screenshot - {}
RESULT: {}
COMMAND: POST /session/b4f8750b6ab9764d379b715c7854fdbf/element - {"using":"xpath","value":"//bdi[text()=\"Transfer\"]"}
RESULT: {"using":"xpath","value":"//bdi[text()=\"Transfer\"]"}
COMMAND: POST /session/b4f8750b6ab9764d379b715c7854fdbf/element/f.8850BFF0213FDAA0CDBB6DAFAFD06CF5.d.6C94749AE1BD40B67182DCB3D85795C7.e.8427/click - {}
RESULT: {}
COMMAND: GET /session/b4f8750b6ab9764d379b715c7854fdbf/screenshot - {}
RESULT: {}
COMMAND: POST /session/b4f8750b6ab9764d379b715c7854fdbf/element - {"using":"xpath","value":"//bdi[contains(text(), \"OK\")]"}
RESULT: {"using":"xpath","value":"//bdi[contains(text(), \"OK\")]"}
COMMAND: POST /session/b4f8750b6ab9764d379b715c7854fdbf/element/f.8850BFF0213FDAA0CDBB6DAFAFD06CF5.d.6C94749AE1BD40B67182DCB3D85795C7.e.8431/click - {}
RESULT: {}
COMMAND: GET /session/b4f8750b6ab9764d379b715c7854fdbf/screenshot - {}
RESULT: {}
COMMAND: POST /session/b4f8750b6ab9764d379b715c7854fdbf/element - {"using":"xpath","value":"(//span[contains(text(), \"Invoice open\")]/parent::div/preceding-sibling::div/span)[1]"}
RESULT: {"using":"xpath","value":"(//span[contains(text(), \"Invoice open\")]/parent::div/preceding-sibling::div/span)[1]"}
COMMAND: POST /session/b4f8750b6ab9764d379b715c7854fdbf/element/f.8850BFF0213FDAA0CDBB6DAFAFD06CF5.d.6C94749AE1BD40B67182DCB3D85795C7.e.8439/click - {}
RESULT: {}
COMMAND: GET /session/b4f8750b6ab9764d379b715c7854fdbf/screenshot - {}
RESULT: {}
COMMAND: POST /session/b4f8750b6ab9764d379b715c7854fdbf/element - {"using":"xpath","value":"//input[contains(@id ,\"application-billingtransfer-display-component---billingWorkbench--smartFilterBar-btnBasicSearch\")]"}
RESULT: {"using":"xpath","value":"//input[contains(@id ,\"application-billingtransfer-display-component---billingWorkbench--smartFilterBar-btnBasicSearch\")]"}
COMMAND: POST /session/b4f8750b6ab9764d379b715c7854fdbf/elements - {"using":"xpath","value":"//input[contains(@id ,\"application-billingtransfer-display-component---billingWorkbench--smartFilterBar-btnBasicSearch\")]"}
RESULT: {"using":"xpath","value":"//input[contains(@id ,\"application-billingtransfer-display-component---billingWorkbench--smartFilterBar-btnBasicSearch\")]"}
COMMAND: POST /session/b4f8750b6ab9764d379b715c7854fdbf/execute/sync - {"script":"<script> [8489 bytes]","args":[{"element-6066-11e4-a52e-4f735466cecf":"f.8850BFF0213FDAA0CDBB6DAFAFD06CF5.d.6C94749AE1BD40B67182DCB3D85795C7.e.8317","ELEMENT":"f.8850BFF0213FDAA0CDBB6DAFAFD06CF5.d.6C94749AE1BD40B67182DCB3D85795C7.e.8317"}]}
RESULT: {"script":"<script> [8489 bytes]","args":[{"element-6066-11e4-a52e-4f735466cecf":"f.8850BFF0213FDAA0CDBB6DAFAFD06CF5.d.6C94749AE1BD40B67182DCB3D85795C7.e.8317","ELEMENT":"f.8850BFF0213FDAA0CDBB6DAFAFD06CF5.d.6C94749AE1BD40B67182DCB3D85795C7.e.8317"}]}
COMMAND: GET /session/b4f8750b6ab9764d379b715c7854fdbf/element/f.8850BFF0213FDAA0CDBB6DAFAFD06CF5.d.6C94749AE1BD40B67182DCB3D85795C7.e.8317/enabled - {}
COMMAND: GET /session/b4f8750b6ab9764d379b715c7854fdbf/screenshot - {}
RESULT: {}
COMMAND: POST /session/b4f8750b6ab9764d379b715c7854fdbf/element/f.8850BFF0213FDAA0CDBB6DAFAFD06CF5.d.6C94749AE1BD40B67182DCB3D85795C7.e.8317/click - {}
COMMAND: GET /session/b4f8750b6ab9764d379b715c7854fdbf/screenshot - {}
RESULT: {}
RESULT: {}
COMMAND: GET /session/b4f8750b6ab9764d379b715c7854fdbf/screenshot - {}
RESULT: {}
RESULT: {}
COMMAND: POST /session/b4f8750b6ab9764d379b715c7854fdbf/element/f.8850BFF0213FDAA0CDBB6DAFAFD06CF5.d.6C94749AE1BD40B67182DCB3D85795C7.e.8317/clear - {}
RESULT: {}
COMMAND: POST /session/b4f8750b6ab9764d379b715c7854fdbf/element/f.8850BFF0213FDAA0CDBB6DAFAFD06CF5.d.6C94749AE1BD40B67182DCB3D85795C7.e.8317/value - {"text":"10177"}
COMMAND: GET /session/b4f8750b6ab9764d379b715c7854fdbf/screenshot - {}
RESULT: {"text":"10177"}
COMMAND: POST /session/b4f8750b6ab9764d379b715c7854fdbf/actions - {"actions":[{"id":"action23","type":"key","parameters":{},"actions":[{"type":"keyDown","value":""},{"type":"pause","duration":10},{"type":"keyUp","value":""}]}]}
COMMAND: GET /session/b4f8750b6ab9764d379b715c7854fdbf/screenshot - {}
RESULT: {}
RESULT: {"actions":[{"id":"action23","type":"key","parameters":{},"actions":[{"type":"keyDown","value":""},{"type":"pause","duration":10},{"type":"keyUp","value":""}]}]}
COMMAND: GET /session/b4f8750b6ab9764d379b715c7854fdbf/screenshot - {}
RESULT: {}
RESULT: {}
COMMAND: POST /session/b4f8750b6ab9764d379b715c7854fdbf/element - {"using":"xpath","value":"//span[contains(@id ,\"application-billingtransfer-display-component---billingWorkbench--smartTableBillingRuns-header-inner\")]"}
RESULT: {"using":"xpath","value":"//span[contains(@id ,\"application-billingtransfer-display-component---billingWorkbench--smartTableBillingRuns-header-inner\")]"}
COMMAND: POST /session/b4f8750b6ab9764d379b715c7854fdbf/elements - {"using":"xpath","value":"//span[contains(@id ,\"application-billingtransfer-display-component---billingWorkbench--smartTableBillingRuns-header-inner\")]"}
RESULT: {"using":"xpath","value":"//span[contains(@id ,\"application-billingtransfer-display-component---billingWorkbench--smartTableBillingRuns-header-inner\")]"}
COMMAND: POST /session/b4f8750b6ab9764d379b715c7854fdbf/execute/sync - {"script":"<script> [56 bytes]","args":[{"element-6066-11e4-a52e-4f735466cecf":"f.8850BFF0213FDAA0CDBB6DAFAFD06CF5.d.6C94749AE1BD40B67182DCB3D85795C7.e.8405","ELEMENT":"f.8850BFF0213FDAA0CDBB6DAFAFD06CF5.d.6C94749AE1BD40B67182DCB3D85795C7.e.8405"}]}
RESULT: {"script":"<script> [56 bytes]","args":[{"element-6066-11e4-a52e-4f735466cecf":"f.8850BFF0213FDAA0CDBB6DAFAFD06CF5.d.6C94749AE1BD40B67182DCB3D85795C7.e.8405","ELEMENT":"f.8850BFF0213FDAA0CDBB6DAFAFD06CF5.d.6C94749AE1BD40B67182DCB3D85795C7.e.8405"}]}
COMMAND: GET /session/b4f8750b6ab9764d379b715c7854fdbf/screenshot - {}
RESULT: {}
COMMAND: POST /session/b4f8750b6ab9764d379b715c7854fdbf/execute/sync - {"script":"<script> [56 bytes]","args":[{"element-6066-11e4-a52e-4f735466cecf":"f.8850BFF0213FDAA0CDBB6DAFAFD06CF5.d.6C94749AE1BD40B67182DCB3D85795C7.e.8405","ELEMENT":"f.8850BFF0213FDAA0CDBB6DAFAFD06CF5.d.6C94749AE1BD40B67182DCB3D85795C7.e.8405"}]}
RESULT: {"script":"<script> [56 bytes]","args":[{"element-6066-11e4-a52e-4f735466cecf":"f.8850BFF0213FDAA0CDBB6DAFAFD06CF5.d.6C94749AE1BD40B67182DCB3D85795C7.e.8405","ELEMENT":"f.8850BFF0213FDAA0CDBB6DAFAFD06CF5.d.6C94749AE1BD40B67182DCB3D85795C7.e.8405"}]}
COMMAND: GET /session/b4f8750b6ab9764d379b715c7854fdbf/screenshot - {}
RESULT: {}
COMMAND: POST /session/b4f8750b6ab9764d379b715c7854fdbf/execute/sync - {"script":"<script> [56 bytes]","args":[{"element-6066-11e4-a52e-4f735466cecf":"f.8850BFF0213FDAA0CDBB6DAFAFD06CF5.d.6C94749AE1BD40B67182DCB3D85795C7.e.8405","ELEMENT":"f.8850BFF0213FDAA0CDBB6DAFAFD06CF5.d.6C94749AE1BD40B67182DCB3D85795C7.e.8405"}]}
RESULT: {"script":"<script> [56 bytes]","args":[{"element-6066-11e4-a52e-4f735466cecf":"f.8850BFF0213FDAA0CDBB6DAFAFD06CF5.d.6C94749AE1BD40B67182DCB3D85795C7.e.8405","ELEMENT":"f.8850BFF0213FDAA0CDBB6DAFAFD06CF5.d.6C94749AE1BD40B67182DCB3D85795C7.e.8405"}]}
COMMAND: GET /session/b4f8750b6ab9764d379b715c7854fdbf/screenshot - {}
RESULT: {}
COMMAND: POST /session/b4f8750b6ab9764d379b715c7854fdbf/execute/sync - {"script":"<script> [56 bytes]","args":[{"element-6066-11e4-a52e-4f735466cecf":"f.8850BFF0213FDAA0CDBB6DAFAFD06CF5.d.6C94749AE1BD40B67182DCB3D85795C7.e.8405","ELEMENT":"f.8850BFF0213FDAA0CDBB6DAFAFD06CF5.d.6C94749AE1BD40B67182DCB3D85795C7.e.8405"}]}
RESULT: {"script":"<script> [56 bytes]","args":[{"element-6066-11e4-a52e-4f735466cecf":"f.8850BFF0213FDAA0CDBB6DAFAFD06CF5.d.6C94749AE1BD40B67182DCB3D85795C7.e.8405","ELEMENT":"f.8850BFF0213FDAA0CDBB6DAFAFD06CF5.d.6C94749AE1BD40B67182DCB3D85795C7.e.8405"}]}
COMMAND: GET /session/b4f8750b6ab9764d379b715c7854fdbf/screenshot - {}
RESULT: {}
COMMAND: POST /session/b4f8750b6ab9764d379b715c7854fdbf/execute/sync - {"script":"<script> [56 bytes]","args":[{"element-6066-11e4-a52e-4f735466cecf":"f.8850BFF0213FDAA0CDBB6DAFAFD06CF5.d.6C94749AE1BD40B67182DCB3D85795C7.e.8405","ELEMENT":"f.8850BFF0213FDAA0CDBB6DAFAFD06CF5.d.6C94749AE1BD40B67182DCB3D85795C7.e.8405"}]}
RESULT: {"script":"<script> [56 bytes]","args":[{"element-6066-11e4-a52e-4f735466cecf":"f.8850BFF0213FDAA0CDBB6DAFAFD06CF5.d.6C94749AE1BD40B67182DCB3D85795C7.e.8405","ELEMENT":"f.8850BFF0213FDAA0CDBB6DAFAFD06CF5.d.6C94749AE1BD40B67182DCB3D85795C7.e.8405"}]}
COMMAND: GET /session/b4f8750b6ab9764d379b715c7854fdbf/screenshot - {}
RESULT: {}
COMMAND: POST /session/b4f8750b6ab9764d379b715c7854fdbf/execute/sync - {"script":"<script> [56 bytes]","args":[{"element-6066-11e4-a52e-4f735466cecf":"f.8850BFF0213FDAA0CDBB6DAFAFD06CF5.d.6C94749AE1BD40B67182DCB3D85795C7.e.8405","ELEMENT":"f.8850BFF0213FDAA0CDBB6DAFAFD06CF5.d.6C94749AE1BD40B67182DCB3D85795C7.e.8405"}]}
RESULT: {"script":"<script> [56 bytes]","args":[{"element-6066-11e4-a52e-4f735466cecf":"f.8850BFF0213FDAA0CDBB6DAFAFD06CF5.d.6C94749AE1BD40B67182DCB3D85795C7.e.8405","ELEMENT":"f.8850BFF0213FDAA0CDBB6DAFAFD06CF5.d.6C94749AE1BD40B67182DCB3D85795C7.e.8405"}]}
COMMAND: GET /session/b4f8750b6ab9764d379b715c7854fdbf/screenshot - {}
RESULT: {}
COMMAND: POST /session/b4f8750b6ab9764d379b715c7854fdbf/execute/sync - {"script":"<script> [56 bytes]","args":[{"element-6066-11e4-a52e-4f735466cecf":"f.8850BFF0213FDAA0CDBB6DAFAFD06CF5.d.6C94749AE1BD40B67182DCB3D85795C7.e.8405","ELEMENT":"f.8850BFF0213FDAA0CDBB6DAFAFD06CF5.d.6C94749AE1BD40B67182DCB3D85795C7.e.8405"}]}
RESULT: {"script":"<script> [56 bytes]","args":[{"element-6066-11e4-a52e-4f735466cecf":"f.8850BFF0213FDAA0CDBB6DAFAFD06CF5.d.6C94749AE1BD40B67182DCB3D85795C7.e.8405","ELEMENT":"f.8850BFF0213FDAA0CDBB6DAFAFD06CF5.d.6C94749AE1BD40B67182DCB3D85795C7.e.8405"}]}
COMMAND: GET /session/b4f8750b6ab9764d379b715c7854fdbf/screenshot - {}
RESULT: {}
COMMAND: POST /session/b4f8750b6ab9764d379b715c7854fdbf/execute/sync - {"script":"<script> [56 bytes]","args":[{"element-6066-11e4-a52e-4f735466cecf":"f.8850BFF0213FDAA0CDBB6DAFAFD06CF5.d.6C94749AE1BD40B67182DCB3D85795C7.e.8405","ELEMENT":"f.8850BFF0213FDAA0CDBB6DAFAFD06CF5.d.6C94749AE1BD40B67182DCB3D85795C7.e.8405"}]}
RESULT: {"script":"<script> [56 bytes]","args":[{"element-6066-11e4-a52e-4f735466cecf":"f.8850BFF0213FDAA0CDBB6DAFAFD06CF5.d.6C94749AE1BD40B67182DCB3D85795C7.e.8405","ELEMENT":"f.8850BFF0213FDAA0CDBB6DAFAFD06CF5.d.6C94749AE1BD40B67182DCB3D85795C7.e.8405"}]}
COMMAND: GET /session/b4f8750b6ab9764d379b715c7854fdbf/screenshot - {}
RESULT: {}
COMMAND: POST /session/b4f8750b6ab9764d379b715c7854fdbf/execute/sync - {"script":"<script> [56 bytes]","args":[{"element-6066-11e4-a52e-4f735466cecf":"f.8850BFF0213FDAA0CDBB6DAFAFD06CF5.d.6C94749AE1BD40B67182DCB3D85795C7.e.8405","ELEMENT":"f.8850BFF0213FDAA0CDBB6DAFAFD06CF5.d.6C94749AE1BD40B67182DCB3D85795C7.e.8405"}]}
RESULT: {"script":"<script> [56 bytes]","args":[{"element-6066-11e4-a52e-4f735466cecf":"f.8850BFF0213FDAA0CDBB6DAFAFD06CF5.d.6C94749AE1BD40B67182DCB3D85795C7.e.8405","ELEMENT":"f.8850BFF0213FDAA0CDBB6DAFAFD06CF5.d.6C94749AE1BD40B67182DCB3D85795C7.e.8405"}]}
COMMAND: GET /session/b4f8750b6ab9764d379b715c7854fdbf/screenshot - {}
RESULT: {}
COMMAND: POST /session/b4f8750b6ab9764d379b715c7854fdbf/execute/sync - {"script":"<script> [56 bytes]","args":[{"element-6066-11e4-a52e-4f735466cecf":"f.8850BFF0213FDAA0CDBB6DAFAFD06CF5.d.6C94749AE1BD40B67182DCB3D85795C7.e.8405","ELEMENT":"f.8850BFF0213FDAA0CDBB6DAFAFD06CF5.d.6C94749AE1BD40B67182DCB3D85795C7.e.8405"}]}
RESULT: {"script":"<script> [56 bytes]","args":[{"element-6066-11e4-a52e-4f735466cecf":"f.8850BFF0213FDAA0CDBB6DAFAFD06CF5.d.6C94749AE1BD40B67182DCB3D85795C7.e.8405","ELEMENT":"f.8850BFF0213FDAA0CDBB6DAFAFD06CF5.d.6C94749AE1BD40B67182DCB3D85795C7.e.8405"}]}
COMMAND: GET /session/b4f8750b6ab9764d379b715c7854fdbf/screenshot - {}
RESULT: {}
COMMAND: POST /session/b4f8750b6ab9764d379b715c7854fdbf/execute/sync - {"script":"<script> [56 bytes]","args":[{"element-6066-11e4-a52e-4f735466cecf":"f.8850BFF0213FDAA0CDBB6DAFAFD06CF5.d.6C94749AE1BD40B67182DCB3D85795C7.e.8405","ELEMENT":"f.8850BFF0213FDAA0CDBB6DAFAFD06CF5.d.6C94749AE1BD40B67182DCB3D85795C7.e.8405"}]}
RESULT: {"script":"<script> [56 bytes]","args":[{"element-6066-11e4-a52e-4f735466cecf":"f.8850BFF0213FDAA0CDBB6DAFAFD06CF5.d.6C94749AE1BD40B67182DCB3D85795C7.e.8405","ELEMENT":"f.8850BFF0213FDAA0CDBB6DAFAFD06CF5.d.6C94749AE1BD40B67182DCB3D85795C7.e.8405"}]}
COMMAND: GET /session/b4f8750b6ab9764d379b715c7854fdbf/screenshot - {}
RESULT: {}
COMMAND: POST /session/b4f8750b6ab9764d379b715c7854fdbf/execute/sync - {"script":"<script> [56 bytes]","args":[{"element-6066-11e4-a52e-4f735466cecf":"f.8850BFF0213FDAA0CDBB6DAFAFD06CF5.d.6C94749AE1BD40B67182DCB3D85795C7.e.8405","ELEMENT":"f.8850BFF0213FDAA0CDBB6DAFAFD06CF5.d.6C94749AE1BD40B67182DCB3D85795C7.e.8405"}]}
RESULT: {"script":"<script> [56 bytes]","args":[{"element-6066-11e4-a52e-4f735466cecf":"f.8850BFF0213FDAA0CDBB6DAFAFD06CF5.d.6C94749AE1BD40B67182DCB3D85795C7.e.8405","ELEMENT":"f.8850BFF0213FDAA0CDBB6DAFAFD06CF5.d.6C94749AE1BD40B67182DCB3D85795C7.e.8405"}]}
COMMAND: GET /session/b4f8750b6ab9764d379b715c7854fdbf/screenshot - {}
RESULT: {}
COMMAND: POST /session/b4f8750b6ab9764d379b715c7854fdbf/execute/sync - {"script":"<script> [56 bytes]","args":[{"element-6066-11e4-a52e-4f735466cecf":"f.8850BFF0213FDAA0CDBB6DAFAFD06CF5.d.6C94749AE1BD40B67182DCB3D85795C7.e.8405","ELEMENT":"f.8850BFF0213FDAA0CDBB6DAFAFD06CF5.d.6C94749AE1BD40B67182DCB3D85795C7.e.8405"}]}
RESULT: {"script":"<script> [56 bytes]","args":[{"element-6066-11e4-a52e-4f735466cecf":"f.8850BFF0213FDAA0CDBB6DAFAFD06CF5.d.6C94749AE1BD40B67182DCB3D85795C7.e.8405","ELEMENT":"f.8850BFF0213FDAA0CDBB6DAFAFD06CF5.d.6C94749AE1BD40B67182DCB3D85795C7.e.8405"}]}
COMMAND: POST /session/b4f8750b6ab9764d379b715c7854fdbf/element - {"using":"css selector","value":"#shell-header-logo"}
COMMAND: GET /session/b4f8750b6ab9764d379b715c7854fdbf/screenshot - {}
RESULT: {"using":"css selector","value":"#shell-header-logo"}
COMMAND: POST /session/b4f8750b6ab9764d379b715c7854fdbf/element/f.8850BFF0213FDAA0CDBB6DAFAFD06CF5.d.6C94749AE1BD40B67182DCB3D85795C7.e.8315/click - {}
RESULT: {}
RESULT: {}
COMMAND: GET /session/b4f8750b6ab9764d379b715c7854fdbf/screenshot - {}
RESULT: {}
COMMAND: POST /session/b4f8750b6ab9764d379b715c7854fdbf/element - {"using":"css selector","value":"#j_username"}
COMMAND: POST /session/b4f8750b6ab9764d379b715c7854fdbf/url - {"url":"https://qa-testing-00-live-etm-ui.cfapps.eu10-004.hana.ondemand.com/"}
RESULT: {"using":"css selector","value":"#j_username"}
COMMAND: POST /session/b4f8750b6ab9764d379b715c7854fdbf/element - {"using":"css selector","value":"#j_username"}
RESULT: {"url":"https://qa-testing-00-live-etm-ui.cfapps.eu10-004.hana.ondemand.com/"}
RESULT: undefined
COMMAND: GET /session/b4f8750b6ab9764d379b715c7854fdbf/screenshot - {}
RESULT: {"using":"css selector","value":"#j_username"}
COMMAND: POST /session/b4f8750b6ab9764d379b715c7854fdbf/element - {"using":"css selector","value":"#shell-header-logo"}
RESULT: {}
RESULT: {"using":"css selector","value":"#shell-header-logo"}
COMMAND: POST /session/b4f8750b6ab9764d379b715c7854fdbf/execute/sync - {"script":"<script> [8489 bytes]","args":[{"element-6066-11e4-a52e-4f735466cecf":"f.8850BFF0213FDAA0CDBB6DAFAFD06CF5.d.2E288E24C5C9E1EA23E9782A0AD55D8D.e.8456","ELEMENT":"f.8850BFF0213FDAA0CDBB6DAFAFD06CF5.d.2E288E24C5C9E1EA23E9782A0AD55D8D.e.8456"}]}
RESULT: {"script":"<script> [8489 bytes]","args":[{"element-6066-11e4-a52e-4f735466cecf":"f.8850BFF0213FDAA0CDBB6DAFAFD06CF5.d.2E288E24C5C9E1EA23E9782A0AD55D8D.e.8456","ELEMENT":"f.8850BFF0213FDAA0CDBB6DAFAFD06CF5.d.2E288E24C5C9E1EA23E9782A0AD55D8D.e.8456"}]}
COMMAND: POST /session/b4f8750b6ab9764d379b715c7854fdbf/element - {"using":"css selector","value":"#shell-header-logo"}
COMMAND: GET /session/b4f8750b6ab9764d379b715c7854fdbf/screenshot - {}
RESULT: {"using":"css selector","value":"#shell-header-logo"}
COMMAND: POST /session/b4f8750b6ab9764d379b715c7854fdbf/execute/sync - {"script":"<script> [8489 bytes]","args":[{"element-6066-11e4-a52e-4f735466cecf":"f.8850BFF0213FDAA0CDBB6DAFAFD06CF5.d.2E288E24C5C9E1EA23E9782A0AD55D8D.e.8456","ELEMENT":"f.8850BFF0213FDAA0CDBB6DAFAFD06CF5.d.2E288E24C5C9E1EA23E9782A0AD55D8D.e.8456"}]}
RESULT: {}
RESULT: {"script":"<script> [8489 bytes]","args":[{"element-6066-11e4-a52e-4f735466cecf":"f.8850BFF0213FDAA0CDBB6DAFAFD06CF5.d.2E288E24C5C9E1EA23E9782A0AD55D8D.e.8456","ELEMENT":"f.8850BFF0213FDAA0CDBB6DAFAFD06CF5.d.2E288E24C5C9E1EA23E9782A0AD55D8D.e.8456"}]}
COMMAND: POST /session/b4f8750b6ab9764d379b715c7854fdbf/execute/sync - {"script":"<script> [5351 bytes]","args":[{"element-6066-11e4-a52e-4f735466cecf":"f.8850BFF0213FDAA0CDBB6DAFAFD06CF5.d.2E288E24C5C9E1EA23E9782A0AD55D8D.e.8456","ELEMENT":"f.8850BFF0213FDAA0CDBB6DAFAFD06CF5.d.2E288E24C5C9E1EA23E9782A0AD55D8D.e.8456"}]}
COMMAND: GET /session/b4f8750b6ab9764d379b715c7854fdbf/screenshot - {}
RESULT: {"script":"<script> [5351 bytes]","args":[{"element-6066-11e4-a52e-4f735466cecf":"f.8850BFF0213FDAA0CDBB6DAFAFD06CF5.d.2E288E24C5C9E1EA23E9782A0AD55D8D.e.8456","ELEMENT":"f.8850BFF0213FDAA0CDBB6DAFAFD06CF5.d.2E288E24C5C9E1EA23E9782A0AD55D8D.e.8456"}]}
COMMAND: POST /session/b4f8750b6ab9764d379b715c7854fdbf/element - {"using":"css selector","value":"#shell-header-logo"}
COMMAND: GET /session/b4f8750b6ab9764d379b715c7854fdbf/screenshot - {}
RESULT: {}
RESULT: {"using":"css selector","value":"#shell-header-logo"}
COMMAND: POST /session/b4f8750b6ab9764d379b715c7854fdbf/element/f.8850BFF0213FDAA0CDBB6DAFAFD06CF5.d.2E288E24C5C9E1EA23E9782A0AD55D8D.e.8456/click - {}
RESULT: {}
RESULT: {}
COMMAND: GET /session/b4f8750b6ab9764d379b715c7854fdbf/screenshot - {}
RESULT: {}
COMMAND: POST /session/b4f8750b6ab9764d379b715c7854fdbf/execute/async - {"script":"<script> [189 bytes]","args":[]}
RESULT: {"script":"<script> [189 bytes]","args":[]}
COMMAND: POST /session/b4f8750b6ab9764d379b715c7854fdbf/execute/async - {"script":"<script> [123 bytes]","args":[]}
RESULT: {"script":"<script> [123 bytes]","args":[]}
COMMAND: POST /session/b4f8750b6ab9764d379b715c7854fdbf/timeouts - {"script":"<number>"}
RESULT: {"script":"<number>"}
COMMAND: GET /session/b4f8750b6ab9764d379b715c7854fdbf/timeouts - {}
RESULT: {}
RESULT: undefined
COMMAND: POST /session/b4f8750b6ab9764d379b715c7854fdbf/execute/async - {"script":"<script> [2676 bytes]","args":[]}
RESULT: {"script":"<script> [2676 bytes]","args":[]}
COMMAND: POST /session/b4f8750b6ab9764d379b715c7854fdbf/execute/async - {"script":"<script> [2342 bytes]","args":[{"protocol":"http","hostname":"0.0.0.0","path":"/","capabilities":{"browserName":"chrome","goog:chromeOptions":{"binary":"C:\\Program Files\\Google\\Chrome\\Application\\chrome.exe","args":["--start-maximized"]}},"logLevel":"warn","connectionRetryTimeout":120000,"connectionRetryCount":3,"logLevels":{},"enableDirectConnect":true,"strictSSL":true,"_":"65 more keys: [\"cacheDir\",\"port\",\"requestedCapabilities\",\"automationProtocol\",\"baseUrl\",\"waitforInterval\",\"waitforTimeout\",\"onReload\",\"beforeCommand\",\"afterCommand\",\"rootDir\",\"specs\",\"suites\",\"exclude\",\"groupLogsByTestSpec\",\"excludeDriverLogs\",\"bail\",\"framework\",\"reporters\",\"services\",\"maxInstances\",\"maxInstancesPerCapability\",\"injectGlobals\",\"filesToWatch\",\"execArgv\",\"runnerEnv\",\"runner\",\"shard\",\"specFileRetries\",\"specFileRetriesDelay\",\"specFileRetriesDeferred\",\"reporterSyncInterval\",\"reporterSyncTimeout\",\"cucumberFeaturesWithLineNumbers\",\"autoCompileOpts\",\"mochaOpts\",\"jasmineOpts\",\"cucumberOpts\",\"onPrepare\",\"onWorkerStart\",\"onWorkerEnd\",\"before\",\"beforeSession\",\"beforeSuite\",\"beforeHook\",\"beforeTest\",\"afterTest\",\"afterHook\",\"afterSuite\",\"afterSession\",\"after\",\"onComplete\",\"beforeAssertion\",\"afterAssertion\",\"beforeFeature\",\"beforeScenario\",\"beforeStep\",\"afterStep\",\"afterScenario\",\"afterFeature\",\"_\",\"suite\",\"$0\",\"ignoredWorkerServices\",\"wdi5\"]"}]}
RESULT: {"script":"<script> [2342 bytes]","args":[{"protocol":"http","hostname":"0.0.0.0","path":"/","capabilities":{"browserName":"chrome","goog:chromeOptions":{"binary":"C:\\Program Files\\Google\\Chrome\\Application\\chrome.exe","args":["--start-maximized"]}},"logLevel":"warn","connectionRetryTimeout":120000,"connectionRetryCount":3,"logLevels":{},"enableDirectConnect":true,"strictSSL":true,"_":"65 more keys: [\"cacheDir\",\"port\",\"requestedCapabilities\",\"automationProtocol\",\"baseUrl\",\"waitforInterval\",\"waitforTimeout\",\"onReload\",\"beforeCommand\",\"afterCommand\",\"rootDir\",\"specs\",\"suites\",\"exclude\",\"groupLogsByTestSpec\",\"excludeDriverLogs\",\"bail\",\"framework\",\"reporters\",\"services\",\"maxInstances\",\"maxInstancesPerCapability\",\"injectGlobals\",\"filesToWatch\",\"execArgv\",\"runnerEnv\",\"runner\",\"shard\",\"specFileRetries\",\"specFileRetriesDelay\",\"specFileRetriesDeferred\",\"reporterSyncInterval\",\"reporterSyncTimeout\",\"cucumberFeaturesWithLineNumbers\",\"autoCompileOpts\",\"mochaOpts\",\"jasmineOpts\",\"cucumberOpts\",\"onPrepare\",\"onWorkerStart\",\"onWorkerEnd\",\"before\",\"beforeSession\",\"beforeSuite\",\"beforeHook\",\"beforeTest\",\"afterTest\",\"afterHook\",\"afterSuite\",\"afterSession\",\"after\",\"onComplete\",\"beforeAssertion\",\"afterAssertion\",\"beforeFeature\",\"beforeScenario\",\"beforeStep\",\"afterStep\",\"afterScenario\",\"afterFeature\",\"_\",\"suite\",\"$0\",\"ignoredWorkerServices\",\"wdi5\"]"}]}
COMMAND: POST /session/b4f8750b6ab9764d379b715c7854fdbf/execute/async - {"script":"<script> [21126 bytes]","args":[35000]}
RESULT: {"script":"<script> [21126 bytes]","args":[35000]}
COMMAND: POST /session/b4f8750b6ab9764d379b715c7854fdbf/window/maximize - {}
RESULT: {}
COMMAND: POST /session/b4f8750b6ab9764d379b715c7854fdbf/execute/async - {"script":"<script> [1562 bytes]","args":[{"selector":{"id":"shell-header","interaction":{"idSuffix":"icon"}},"wdio_ui5_key":"shellheader"}]}
COMMAND: GET /session/b4f8750b6ab9764d379b715c7854fdbf/screenshot - {}
RESULT: undefined
RESULT: {"script":"<script> [1562 bytes]","args":[{"selector":{"id":"shell-header","interaction":{"idSuffix":"icon"}},"wdio_ui5_key":"shellheader"}]}
RESULT: undefined
COMMAND: POST /session/b4f8750b6ab9764d379b715c7854fdbf/refresh - {}
RESULT: {}
RESULT: undefined
RESULT: {}
COMMAND: GET /session/b4f8750b6ab9764d379b715c7854fdbf/screenshot - {}
RESULT: {}
COMMAND: POST /session/b4f8750b6ab9764d379b715c7854fdbf/refresh - {}
RESULT: {}
COMMAND: GET /session/b4f8750b6ab9764d379b715c7854fdbf/screenshot - {}
RESULT: {}
COMMAND: POST /session/b4f8750b6ab9764d379b715c7854fdbf/window/fullscreen - {}
RESULT: {}
COMMAND: POST /session/b4f8750b6ab9764d379b715c7854fdbf/execute/async - {"script":"<script> [189 bytes]","args":[]}
RESULT: {"script":"<script> [189 bytes]","args":[]}
COMMAND: POST /session/b4f8750b6ab9764d379b715c7854fdbf/execute/async - {"script":"<script> [123 bytes]","args":[]}
RESULT: {"script":"<script> [123 bytes]","args":[]}
COMMAND: POST /session/b4f8750b6ab9764d379b715c7854fdbf/timeouts - {"script":"<number>"}
RESULT: {"script":"<number>"}
COMMAND: GET /session/b4f8750b6ab9764d379b715c7854fdbf/timeouts - {}
RESULT: {}
RESULT: undefined
COMMAND: POST /session/b4f8750b6ab9764d379b715c7854fdbf/execute/async - {"script":"<script> [2676 bytes]","args":[]}
RESULT: {"script":"<script> [2676 bytes]","args":[]}
COMMAND: POST /session/b4f8750b6ab9764d379b715c7854fdbf/execute/async - {"script":"<script> [2342 bytes]","args":[{"protocol":"http","hostname":"0.0.0.0","path":"/","capabilities":{"browserName":"chrome","goog:chromeOptions":{"binary":"C:\\Program Files\\Google\\Chrome\\Application\\chrome.exe","args":["--start-maximized"]}},"logLevel":"warn","connectionRetryTimeout":120000,"connectionRetryCount":3,"logLevels":{},"enableDirectConnect":true,"strictSSL":true,"_":"65 more keys: [\"cacheDir\",\"port\",\"requestedCapabilities\",\"automationProtocol\",\"baseUrl\",\"waitforInterval\",\"waitforTimeout\",\"onReload\",\"beforeCommand\",\"afterCommand\",\"rootDir\",\"specs\",\"suites\",\"exclude\",\"groupLogsByTestSpec\",\"excludeDriverLogs\",\"bail\",\"framework\",\"reporters\",\"services\",\"maxInstances\",\"maxInstancesPerCapability\",\"injectGlobals\",\"filesToWatch\",\"execArgv\",\"runnerEnv\",\"runner\",\"shard\",\"specFileRetries\",\"specFileRetriesDelay\",\"specFileRetriesDeferred\",\"reporterSyncInterval\",\"reporterSyncTimeout\",\"cucumberFeaturesWithLineNumbers\",\"autoCompileOpts\",\"mochaOpts\",\"jasmineOpts\",\"cucumberOpts\",\"onPrepare\",\"onWorkerStart\",\"onWorkerEnd\",\"before\",\"beforeSession\",\"beforeSuite\",\"beforeHook\",\"beforeTest\",\"afterTest\",\"afterHook\",\"afterSuite\",\"afterSession\",\"after\",\"onComplete\",\"beforeAssertion\",\"afterAssertion\",\"beforeFeature\",\"beforeScenario\",\"beforeStep\",\"afterStep\",\"afterScenario\",\"afterFeature\",\"_\",\"suite\",\"$0\",\"ignoredWorkerServices\",\"wdi5\"]"}]}
RESULT: {"script":"<script> [2342 bytes]","args":[{"protocol":"http","hostname":"0.0.0.0","path":"/","capabilities":{"browserName":"chrome","goog:chromeOptions":{"binary":"C:\\Program Files\\Google\\Chrome\\Application\\chrome.exe","args":["--start-maximized"]}},"logLevel":"warn","connectionRetryTimeout":120000,"connectionRetryCount":3,"logLevels":{},"enableDirectConnect":true,"strictSSL":true,"_":"65 more keys: [\"cacheDir\",\"port\",\"requestedCapabilities\",\"automationProtocol\",\"baseUrl\",\"waitforInterval\",\"waitforTimeout\",\"onReload\",\"beforeCommand\",\"afterCommand\",\"rootDir\",\"specs\",\"suites\",\"exclude\",\"groupLogsByTestSpec\",\"excludeDriverLogs\",\"bail\",\"framework\",\"reporters\",\"services\",\"maxInstances\",\"maxInstancesPerCapability\",\"injectGlobals\",\"filesToWatch\",\"execArgv\",\"runnerEnv\",\"runner\",\"shard\",\"specFileRetries\",\"specFileRetriesDelay\",\"specFileRetriesDeferred\",\"reporterSyncInterval\",\"reporterSyncTimeout\",\"cucumberFeaturesWithLineNumbers\",\"autoCompileOpts\",\"mochaOpts\",\"jasmineOpts\",\"cucumberOpts\",\"onPrepare\",\"onWorkerStart\",\"onWorkerEnd\",\"before\",\"beforeSession\",\"beforeSuite\",\"beforeHook\",\"beforeTest\",\"afterTest\",\"afterHook\",\"afterSuite\",\"afterSession\",\"after\",\"onComplete\",\"beforeAssertion\",\"afterAssertion\",\"beforeFeature\",\"beforeScenario\",\"beforeStep\",\"afterStep\",\"afterScenario\",\"afterFeature\",\"_\",\"suite\",\"$0\",\"ignoredWorkerServices\",\"wdi5\"]"}]}
COMMAND: POST /session/b4f8750b6ab9764d379b715c7854fdbf/execute/async - {"script":"<script> [21126 bytes]","args":[35000]}
RESULT: {"script":"<script> [21126 bytes]","args":[35000]}
]]></system-out>
    </testcase>
  </testsuite>
  <testsuite timestamp="2025-06-13T17:41:25" time="1104.72" tests="12" failures="0" errors="0" skipped="0">
    <properties>
      <property name="specId" value="0"/>
      <property name="suiteName" value="Billing Transfer - Intracompany US127249"/>
      <property name="capabilities" value="chrome.137_0_7151_69.windows"/>
      <property name="file" value="file:///D:/a/1/s/test/specs/BTS/billing-transfer-intracompany.spec.js"/>
    </properties>
    <testcase classname="chrome.137_0_7151_69.windows.Billing_Transfer_-_Intracompany_US127249" name="Should create a new yard" time="127.275">
      <system-out><![CDATA[
COMMAND: POST /session/b4f8750b6ab9764d379b715c7854fdbf/window/fullscreen - {}
RESULT: {}
COMMAND: POST /session/b4f8750b6ab9764d379b715c7854fdbf/execute/async - {"script":"<script> [1562 bytes]","args":[{"selector":{"controlType":"sap.m.GenericTile","properties":{"header":"Manage Yards"}},"wdio_ui5_key":"sapm.GenericTile{\"header\":\"Manage Yards\"}"}]}
RESULT: {"script":"<script> [1562 bytes]","args":[{"selector":{"controlType":"sap.m.GenericTile","properties":{"header":"Manage Yards"}},"wdio_ui5_key":"sapm.GenericTile{\"header\":\"Manage Yards\"}"}]}
RESULT: undefined
COMMAND: POST /session/b4f8750b6ab9764d379b715c7854fdbf/element - {"using":"xpath","value":"//*[@id=\"__tile42\"]"}
RESULT: {"using":"xpath","value":"//*[@id=\"__tile42\"]"}
COMMAND: POST /session/b4f8750b6ab9764d379b715c7854fdbf/element/f.8850BFF0213FDAA0CDBB6DAFAFD06CF5.d.CB8F2C771C76486406887E3D66AA6983.e.8620/click - {}
RESULT: {}
COMMAND: GET /session/b4f8750b6ab9764d379b715c7854fdbf/screenshot - {}
RESULT: {}
COMMAND: POST /session/b4f8750b6ab9764d379b715c7854fdbf/elements - {"using":"xpath","value":"//span[text()='Error']"}
RESULT: {"using":"xpath","value":"//span[text()='Error']"}
COMMAND: POST /session/b4f8750b6ab9764d379b715c7854fdbf/element - {"using":"xpath","value":"//button[@data-kt=\"addNewYardOverflowToolbarButton\"]"}
RESULT: {"using":"xpath","value":"//button[@data-kt=\"addNewYardOverflowToolbarButton\"]"}
COMMAND: POST /session/b4f8750b6ab9764d379b715c7854fdbf/elements - {"using":"xpath","value":"//button[@data-kt=\"addNewYardOverflowToolbarButton\"]"}
RESULT: {"using":"xpath","value":"//button[@data-kt=\"addNewYardOverflowToolbarButton\"]"}
COMMAND: POST /session/b4f8750b6ab9764d379b715c7854fdbf/elements - {"using":"xpath","value":"//button[@data-kt=\"addNewYardOverflowToolbarButton\"]"}
RESULT: {"using":"xpath","value":"//button[@data-kt=\"addNewYardOverflowToolbarButton\"]"}
COMMAND: POST /session/b4f8750b6ab9764d379b715c7854fdbf/elements - {"using":"xpath","value":"//button[@data-kt=\"addNewYardOverflowToolbarButton\"]"}
RESULT: {"using":"xpath","value":"//button[@data-kt=\"addNewYardOverflowToolbarButton\"]"}
COMMAND: POST /session/b4f8750b6ab9764d379b715c7854fdbf/elements - {"using":"xpath","value":"//button[@data-kt=\"addNewYardOverflowToolbarButton\"]"}
RESULT: {"using":"xpath","value":"//button[@data-kt=\"addNewYardOverflowToolbarButton\"]"}
COMMAND: POST /session/b4f8750b6ab9764d379b715c7854fdbf/elements - {"using":"xpath","value":"//button[@data-kt=\"addNewYardOverflowToolbarButton\"]"}
RESULT: {"using":"xpath","value":"//button[@data-kt=\"addNewYardOverflowToolbarButton\"]"}
COMMAND: POST /session/b4f8750b6ab9764d379b715c7854fdbf/elements - {"using":"xpath","value":"//button[@data-kt=\"addNewYardOverflowToolbarButton\"]"}
RESULT: {"using":"xpath","value":"//button[@data-kt=\"addNewYardOverflowToolbarButton\"]"}
COMMAND: POST /session/b4f8750b6ab9764d379b715c7854fdbf/elements - {"using":"xpath","value":"//button[@data-kt=\"addNewYardOverflowToolbarButton\"]"}
RESULT: {"using":"xpath","value":"//button[@data-kt=\"addNewYardOverflowToolbarButton\"]"}
COMMAND: POST /session/b4f8750b6ab9764d379b715c7854fdbf/elements - {"using":"xpath","value":"//button[@data-kt=\"addNewYardOverflowToolbarButton\"]"}
RESULT: {"using":"xpath","value":"//button[@data-kt=\"addNewYardOverflowToolbarButton\"]"}
COMMAND: POST /session/b4f8750b6ab9764d379b715c7854fdbf/element - {"using":"xpath","value":"//button[@data-kt=\"addNewYardOverflowToolbarButton\"]"}
RESULT: {"using":"xpath","value":"//button[@data-kt=\"addNewYardOverflowToolbarButton\"]"}
COMMAND: POST /session/b4f8750b6ab9764d379b715c7854fdbf/execute/sync - {"script":"<script> [8489 bytes]","args":[{"element-6066-11e4-a52e-4f735466cecf":"f.8850BFF0213FDAA0CDBB6DAFAFD06CF5.d.CB8F2C771C76486406887E3D66AA6983.e.8753","ELEMENT":"f.8850BFF0213FDAA0CDBB6DAFAFD06CF5.d.CB8F2C771C76486406887E3D66AA6983.e.8753"}]}
RESULT: {"script":"<script> [8489 bytes]","args":[{"element-6066-11e4-a52e-4f735466cecf":"f.8850BFF0213FDAA0CDBB6DAFAFD06CF5.d.CB8F2C771C76486406887E3D66AA6983.e.8753","ELEMENT":"f.8850BFF0213FDAA0CDBB6DAFAFD06CF5.d.CB8F2C771C76486406887E3D66AA6983.e.8753"}]}
COMMAND: GET /session/b4f8750b6ab9764d379b715c7854fdbf/element/f.8850BFF0213FDAA0CDBB6DAFAFD06CF5.d.CB8F2C771C76486406887E3D66AA6983.e.8753/enabled - {}
COMMAND: GET /session/b4f8750b6ab9764d379b715c7854fdbf/screenshot - {}
RESULT: {}
COMMAND: POST /session/b4f8750b6ab9764d379b715c7854fdbf/execute/sync - {"script":"<script> [8489 bytes]","args":[{"element-6066-11e4-a52e-4f735466cecf":"f.8850BFF0213FDAA0CDBB6DAFAFD06CF5.d.CB8F2C771C76486406887E3D66AA6983.e.8753","ELEMENT":"f.8850BFF0213FDAA0CDBB6DAFAFD06CF5.d.CB8F2C771C76486406887E3D66AA6983.e.8753"}]}
COMMAND: GET /session/b4f8750b6ab9764d379b715c7854fdbf/screenshot - {}
RESULT: {}
RESULT: {"script":"<script> [8489 bytes]","args":[{"element-6066-11e4-a52e-4f735466cecf":"f.8850BFF0213FDAA0CDBB6DAFAFD06CF5.d.CB8F2C771C76486406887E3D66AA6983.e.8753","ELEMENT":"f.8850BFF0213FDAA0CDBB6DAFAFD06CF5.d.CB8F2C771C76486406887E3D66AA6983.e.8753"}]}
COMMAND: POST /session/b4f8750b6ab9764d379b715c7854fdbf/execute/sync - {"script":"<script> [5351 bytes]","args":[{"element-6066-11e4-a52e-4f735466cecf":"f.8850BFF0213FDAA0CDBB6DAFAFD06CF5.d.CB8F2C771C76486406887E3D66AA6983.e.8753","ELEMENT":"f.8850BFF0213FDAA0CDBB6DAFAFD06CF5.d.CB8F2C771C76486406887E3D66AA6983.e.8753"}]}
COMMAND: GET /session/b4f8750b6ab9764d379b715c7854fdbf/screenshot - {}
RESULT: {}
RESULT: {"script":"<script> [5351 bytes]","args":[{"element-6066-11e4-a52e-4f735466cecf":"f.8850BFF0213FDAA0CDBB6DAFAFD06CF5.d.CB8F2C771C76486406887E3D66AA6983.e.8753","ELEMENT":"f.8850BFF0213FDAA0CDBB6DAFAFD06CF5.d.CB8F2C771C76486406887E3D66AA6983.e.8753"}]}
COMMAND: POST /session/b4f8750b6ab9764d379b715c7854fdbf/element/f.8850BFF0213FDAA0CDBB6DAFAFD06CF5.d.CB8F2C771C76486406887E3D66AA6983.e.8753/click - {}
COMMAND: GET /session/b4f8750b6ab9764d379b715c7854fdbf/screenshot - {}
RESULT: {}
RESULT: {}
COMMAND: GET /session/b4f8750b6ab9764d379b715c7854fdbf/screenshot - {}
RESULT: {}
COMMAND: POST /session/b4f8750b6ab9764d379b715c7854fdbf/element - {"using":"xpath","value":"//input[@id=\"application-manageyards-display-component---NewYard--yardId-inner\"]"}
RESULT: {}
RESULT: {"using":"xpath","value":"//input[@id=\"application-manageyards-display-component---NewYard--yardId-inner\"]"}
COMMAND: POST /session/b4f8750b6ab9764d379b715c7854fdbf/element - {"using":"xpath","value":"//input[@id=\"application-manageyards-display-component---NewYard--yardId-inner\"]"}
RESULT: {"using":"xpath","value":"//input[@id=\"application-manageyards-display-component---NewYard--yardId-inner\"]"}
COMMAND: POST /session/b4f8750b6ab9764d379b715c7854fdbf/execute/async - {"script":"<script> [1562 bytes]","args":[{"selector":{"id":"application-manageyards-display-component---NewYard--addressDetailDetailsName1","interaction":{"idSuffix":"inner"}},"wdio_ui5_key":"applicationmanageyards-display-component---NewYard--addressDetailDetailsName1"}]}
RESULT: {"script":"<script> [1562 bytes]","args":[{"selector":{"id":"application-manageyards-display-component---NewYard--addressDetailDetailsName1","interaction":{"idSuffix":"inner"}},"wdio_ui5_key":"applicationmanageyards-display-component---NewYard--addressDetailDetailsName1"}]}
RESULT: undefined
COMMAND: POST /session/b4f8750b6ab9764d379b715c7854fdbf/execute/async - {"script":"<script> [776 bytes]","args":[{"enterText":"Intracompany Yard wdIO","selector":{"id":"application-manageyards-display-component---NewYard--addressDetailDetailsName1","interaction":{"idSuffix":"inner"}},"clearTextFirst":true,"interactionType":"ENTER_TEXT"}]}
RESULT: {"script":"<script> [776 bytes]","args":[{"enterText":"Intracompany Yard wdIO","selector":{"id":"application-manageyards-display-component---NewYard--addressDetailDetailsName1","interaction":{"idSuffix":"inner"}},"clearTextFirst":true,"interactionType":"ENTER_TEXT"}]}
COMMAND: POST /session/b4f8750b6ab9764d379b715c7854fdbf/execute/async - {"script":"<script> [1562 bytes]","args":[{"selector":{"id":"application-manageyards-display-component---NewYard--addressDetailDetailsLanguage-arrow"},"wdio_ui5_key":"applicationmanageyards-display-component---NewYard--addressDetailDetailsLanguage-arrow"}]}
RESULT: {"script":"<script> [1562 bytes]","args":[{"selector":{"id":"application-manageyards-display-component---NewYard--addressDetailDetailsLanguage-arrow"},"wdio_ui5_key":"applicationmanageyards-display-component---NewYard--addressDetailDetailsLanguage-arrow"}]}
RESULT: undefined
COMMAND: POST /session/b4f8750b6ab9764d379b715c7854fdbf/element - {"using":"xpath","value":"//*[@id=\"application-manageyards-display-component---NewYard--addressDetailDetailsLanguage-arrow\"]"}
RESULT: {"using":"xpath","value":"//*[@id=\"application-manageyards-display-component---NewYard--addressDetailDetailsLanguage-arrow\"]"}
COMMAND: POST /session/b4f8750b6ab9764d379b715c7854fdbf/element/f.8850BFF0213FDAA0CDBB6DAFAFD06CF5.d.CB8F2C771C76486406887E3D66AA6983.e.9191/click - {}
RESULT: {}
COMMAND: POST /session/b4f8750b6ab9764d379b715c7854fdbf/element - {"using":"xpath","value":"//span[contains(text(), \"English\")]"}
COMMAND: GET /session/b4f8750b6ab9764d379b715c7854fdbf/screenshot - {}
RESULT: {"using":"xpath","value":"//span[contains(text(), \"English\")]"}
COMMAND: POST /session/b4f8750b6ab9764d379b715c7854fdbf/element/f.8850BFF0213FDAA0CDBB6DAFAFD06CF5.d.CB8F2C771C76486406887E3D66AA6983.e.9192/click - {}
RESULT: {}
RESULT: {}
COMMAND: POST /session/b4f8750b6ab9764d379b715c7854fdbf/execute/async - {"script":"<script> [1562 bytes]","args":[{"selector":{"id":"application-manageyards-display-component---NewYard--addressDetailDetailsCity1","interaction":{"idSuffix":"inner"}},"wdio_ui5_key":"applicationmanageyards-display-component---NewYard--addressDetailDetailsCity1"}]}
COMMAND: GET /session/b4f8750b6ab9764d379b715c7854fdbf/screenshot - {}
RESULT: {"script":"<script> [1562 bytes]","args":[{"selector":{"id":"application-manageyards-display-component---NewYard--addressDetailDetailsCity1","interaction":{"idSuffix":"inner"}},"wdio_ui5_key":"applicationmanageyards-display-component---NewYard--addressDetailDetailsCity1"}]}
RESULT: undefined
COMMAND: POST /session/b4f8750b6ab9764d379b715c7854fdbf/execute/async - {"script":"<script> [776 bytes]","args":[{"enterText":"Rosario","selector":{"id":"application-manageyards-display-component---NewYard--addressDetailDetailsCity1","interaction":{"idSuffix":"inner"}},"clearTextFirst":true,"interactionType":"ENTER_TEXT"}]}
RESULT: {}
RESULT: {"script":"<script> [776 bytes]","args":[{"enterText":"Rosario","selector":{"id":"application-manageyards-display-component---NewYard--addressDetailDetailsCity1","interaction":{"idSuffix":"inner"}},"clearTextFirst":true,"interactionType":"ENTER_TEXT"}]}
COMMAND: POST /session/b4f8750b6ab9764d379b715c7854fdbf/execute/async - {"script":"<script> [1562 bytes]","args":[{"selector":{"id":"application-manageyards-display-component---NewYard--addressDetailDetailsCountry-arrow"},"wdio_ui5_key":"applicationmanageyards-display-component---NewYard--addressDetailDetailsCountry-arrow"}]}
RESULT: {"script":"<script> [1562 bytes]","args":[{"selector":{"id":"application-manageyards-display-component---NewYard--addressDetailDetailsCountry-arrow"},"wdio_ui5_key":"applicationmanageyards-display-component---NewYard--addressDetailDetailsCountry-arrow"}]}
RESULT: undefined
COMMAND: POST /session/b4f8750b6ab9764d379b715c7854fdbf/element - {"using":"xpath","value":"//*[@id=\"application-manageyards-display-component---NewYard--addressDetailDetailsCountry-arrow\"]"}
RESULT: {"using":"xpath","value":"//*[@id=\"application-manageyards-display-component---NewYard--addressDetailDetailsCountry-arrow\"]"}
COMMAND: POST /session/b4f8750b6ab9764d379b715c7854fdbf/element/f.8850BFF0213FDAA0CDBB6DAFAFD06CF5.d.CB8F2C771C76486406887E3D66AA6983.e.9194/click - {}
RESULT: {}
COMMAND: POST /session/b4f8750b6ab9764d379b715c7854fdbf/element - {"using":"xpath","value":"//span[contains(text(), \"Argentina\")]"}
COMMAND: GET /session/b4f8750b6ab9764d379b715c7854fdbf/screenshot - {}
RESULT: {"using":"xpath","value":"//span[contains(text(), \"Argentina\")]"}
COMMAND: POST /session/b4f8750b6ab9764d379b715c7854fdbf/element/f.8850BFF0213FDAA0CDBB6DAFAFD06CF5.d.CB8F2C771C76486406887E3D66AA6983.e.9195/click - {}
RESULT: {}
RESULT: {}
COMMAND: POST /session/b4f8750b6ab9764d379b715c7854fdbf/execute/async - {"script":"<script> [1562 bytes]","args":[{"selector":{"id":"application-manageyards-display-component---NewYard--addressEditDetailsCostObjectCstType-arrow"},"wdio_ui5_key":"applicationmanageyards-display-component---NewYard--addressEditDetailsCostObjectCstType-arrow"}]}
COMMAND: GET /session/b4f8750b6ab9764d379b715c7854fdbf/screenshot - {}
RESULT: {"script":"<script> [1562 bytes]","args":[{"selector":{"id":"application-manageyards-display-component---NewYard--addressEditDetailsCostObjectCstType-arrow"},"wdio_ui5_key":"applicationmanageyards-display-component---NewYard--addressEditDetailsCostObjectCstType-arrow"}]}
RESULT: undefined
COMMAND: POST /session/b4f8750b6ab9764d379b715c7854fdbf/element - {"using":"xpath","value":"//*[@id=\"application-manageyards-display-component---NewYard--addressEditDetailsCostObjectCstType-arrow\"]"}
RESULT: {}
RESULT: {"using":"xpath","value":"//*[@id=\"application-manageyards-display-component---NewYard--addressEditDetailsCostObjectCstType-arrow\"]"}
COMMAND: POST /session/b4f8750b6ab9764d379b715c7854fdbf/element/f.8850BFF0213FDAA0CDBB6DAFAFD06CF5.d.CB8F2C771C76486406887E3D66AA6983.e.9197/click - {}
RESULT: {}
COMMAND: POST /session/b4f8750b6ab9764d379b715c7854fdbf/element - {"using":"xpath","value":"//span[contains(text(), \"Cost Center\")]"}
COMMAND: GET /session/b4f8750b6ab9764d379b715c7854fdbf/screenshot - {}
RESULT: {"using":"xpath","value":"//span[contains(text(), \"Cost Center\")]"}
COMMAND: POST /session/b4f8750b6ab9764d379b715c7854fdbf/element/f.8850BFF0213FDAA0CDBB6DAFAFD06CF5.d.CB8F2C771C76486406887E3D66AA6983.e.9198/click - {}
RESULT: {}
RESULT: {}
COMMAND: GET /session/b4f8750b6ab9764d379b715c7854fdbf/screenshot - {}
RESULT: {}
COMMAND: POST /session/b4f8750b6ab9764d379b715c7854fdbf/element - {"using":"xpath","value":"//span[@id=\"application-manageyards-display-component---NewYard--addressNewCostObjectCstID-vhi\"]"}
RESULT: {"using":"xpath","value":"//span[@id=\"application-manageyards-display-component---NewYard--addressNewCostObjectCstID-vhi\"]"}
COMMAND: POST /session/b4f8750b6ab9764d379b715c7854fdbf/execute/sync - {"script":"<script> [8489 bytes]","args":[{"element-6066-11e4-a52e-4f735466cecf":"f.8850BFF0213FDAA0CDBB6DAFAFD06CF5.d.CB8F2C771C76486406887E3D66AA6983.e.9202","ELEMENT":"f.8850BFF0213FDAA0CDBB6DAFAFD06CF5.d.CB8F2C771C76486406887E3D66AA6983.e.9202"}]}
RESULT: {"script":"<script> [8489 bytes]","args":[{"element-6066-11e4-a52e-4f735466cecf":"f.8850BFF0213FDAA0CDBB6DAFAFD06CF5.d.CB8F2C771C76486406887E3D66AA6983.e.9202","ELEMENT":"f.8850BFF0213FDAA0CDBB6DAFAFD06CF5.d.CB8F2C771C76486406887E3D66AA6983.e.9202"}]}
COMMAND: POST /session/b4f8750b6ab9764d379b715c7854fdbf/execute/async - {"script":"<script> [1562 bytes]","args":[{"selector":{"id":"application-manageyards-display-component---NewYard--addressNewCostObjectCstID-vhi"},"wdio_ui5_key":"applicationmanageyards-display-component---NewYard--addressNewCostObjectCstID-vhi"}]}
COMMAND: GET /session/b4f8750b6ab9764d379b715c7854fdbf/screenshot - {}
RESULT: {"script":"<script> [1562 bytes]","args":[{"selector":{"id":"application-manageyards-display-component---NewYard--addressNewCostObjectCstID-vhi"},"wdio_ui5_key":"applicationmanageyards-display-component---NewYard--addressNewCostObjectCstID-vhi"}]}
RESULT: undefined
COMMAND: POST /session/b4f8750b6ab9764d379b715c7854fdbf/element - {"using":"xpath","value":"//*[@id=\"application-manageyards-display-component---NewYard--addressNewCostObjectCstID-vhi\"]"}
RESULT: {}
RESULT: {"using":"xpath","value":"//*[@id=\"application-manageyards-display-component---NewYard--addressNewCostObjectCstID-vhi\"]"}
COMMAND: POST /session/b4f8750b6ab9764d379b715c7854fdbf/element/f.8850BFF0213FDAA0CDBB6DAFAFD06CF5.d.CB8F2C771C76486406887E3D66AA6983.e.9202/click - {}
RESULT: {}
COMMAND: GET /session/b4f8750b6ab9764d379b715c7854fdbf/screenshot - {}
RESULT: {}
COMMAND: POST /session/b4f8750b6ab9764d379b715c7854fdbf/execute/async - {"script":"<script> [1562 bytes]","args":[{"selector":{"controlType":"sap.m.SearchField","properties":{"placeholder":"Search"},"searchOpenDialogs":true,"interaction":{"idSuffix":"I"}},"wdio_ui5_key":"sapm.SearchField{\"placeholder\":\"Search\"}"}]}
RESULT: {"script":"<script> [1562 bytes]","args":[{"selector":{"controlType":"sap.m.SearchField","properties":{"placeholder":"Search"},"searchOpenDialogs":true,"interaction":{"idSuffix":"I"}},"wdio_ui5_key":"sapm.SearchField{\"placeholder\":\"Search\"}"}]}
RESULT: undefined
COMMAND: POST /session/b4f8750b6ab9764d379b715c7854fdbf/execute/async - {"script":"<script> [776 bytes]","args":[{"enterText":"bauh_b","selector":{"controlType":"sap.m.SearchField","properties":{"placeholder":"Search"},"searchOpenDialogs":true,"interaction":{"idSuffix":"I"}},"clearTextFirst":true,"interactionType":"ENTER_TEXT"}]}
RESULT: {"script":"<script> [776 bytes]","args":[{"enterText":"bauh_b","selector":{"controlType":"sap.m.SearchField","properties":{"placeholder":"Search"},"searchOpenDialogs":true,"interaction":{"idSuffix":"I"}},"clearTextFirst":true,"interactionType":"ENTER_TEXT"}]}
COMMAND: POST /session/b4f8750b6ab9764d379b715c7854fdbf/actions - {"actions":[{"id":"action24","type":"key","parameters":{},"actions":[{"type":"keyDown","value":""},{"type":"pause","duration":10},{"type":"keyUp","value":""}]}]}
RESULT: {"actions":[{"id":"action24","type":"key","parameters":{},"actions":[{"type":"keyDown","value":""},{"type":"pause","duration":10},{"type":"keyUp","value":""}]}]}
COMMAND: GET /session/b4f8750b6ab9764d379b715c7854fdbf/screenshot - {}
RESULT: {}
COMMAND: POST /session/b4f8750b6ab9764d379b715c7854fdbf/element - {"using":"xpath","value":"//span[contains(text(), \"Demo Yard\")]"}
RESULT: {"using":"xpath","value":"//span[contains(text(), \"Demo Yard\")]"}
COMMAND: POST /session/b4f8750b6ab9764d379b715c7854fdbf/element/f.8850BFF0213FDAA0CDBB6DAFAFD06CF5.d.CB8F2C771C76486406887E3D66AA6983.e.9242/click - {}
RESULT: {}
COMMAND: GET /session/b4f8750b6ab9764d379b715c7854fdbf/screenshot - {}
RESULT: {}
COMMAND: POST /session/b4f8750b6ab9764d379b715c7854fdbf/element - {"using":"xpath","value":"//bdi[contains(text(), \"OK\")]"}
RESULT: {"using":"xpath","value":"//bdi[contains(text(), \"OK\")]"}
COMMAND: POST /session/b4f8750b6ab9764d379b715c7854fdbf/element/f.8850BFF0213FDAA0CDBB6DAFAFD06CF5.d.CB8F2C771C76486406887E3D66AA6983.e.9243/click - {}
RESULT: {}
COMMAND: GET /session/b4f8750b6ab9764d379b715c7854fdbf/screenshot - {}
RESULT: {}
COMMAND: POST /session/b4f8750b6ab9764d379b715c7854fdbf/execute/async - {"script":"<script> [1562 bytes]","args":[{"selector":{"id":"application-manageyards-display-component---NewYard--addressEditDetailsCurrency-arrow"},"wdio_ui5_key":"applicationmanageyards-display-component---NewYard--addressEditDetailsCurrency-arrow"}]}
RESULT: {"script":"<script> [1562 bytes]","args":[{"selector":{"id":"application-manageyards-display-component---NewYard--addressEditDetailsCurrency-arrow"},"wdio_ui5_key":"applicationmanageyards-display-component---NewYard--addressEditDetailsCurrency-arrow"}]}
RESULT: undefined
COMMAND: POST /session/b4f8750b6ab9764d379b715c7854fdbf/element - {"using":"xpath","value":"//*[@id=\"application-manageyards-display-component---NewYard--addressEditDetailsCurrency-arrow\"]"}
RESULT: {"using":"xpath","value":"//*[@id=\"application-manageyards-display-component---NewYard--addressEditDetailsCurrency-arrow\"]"}
COMMAND: POST /session/b4f8750b6ab9764d379b715c7854fdbf/element/f.8850BFF0213FDAA0CDBB6DAFAFD06CF5.d.CB8F2C771C76486406887E3D66AA6983.e.9246/click - {}
RESULT: {}
COMMAND: POST /session/b4f8750b6ab9764d379b715c7854fdbf/element - {"using":"xpath","value":"//span[contains(text(), \"Euro\")]"}
COMMAND: GET /session/b4f8750b6ab9764d379b715c7854fdbf/screenshot - {}
RESULT: {"using":"xpath","value":"//span[contains(text(), \"Euro\")]"}
COMMAND: POST /session/b4f8750b6ab9764d379b715c7854fdbf/element/f.8850BFF0213FDAA0CDBB6DAFAFD06CF5.d.CB8F2C771C76486406887E3D66AA6983.e.9247/click - {}
RESULT: {}
RESULT: {}
COMMAND: POST /session/b4f8750b6ab9764d379b715c7854fdbf/execute/async - {"script":"<script> [1562 bytes]","args":[{"selector":{"controlType":"sap.m.Input","viewName":"etm.portal.ui.manageyards.view.New","viewId":"application-manageyards-display-component---NewYard","bindingPath":{"path":"","propertyPath":"/CONTROLLING_AREA","modelName":"NewYardModel"},"interaction":{"idSuffix":"inner"}},"wdio_ui5_key":"etmportal.ui.manageyards.view.Newsap.m.Input{\"path\":\"\",\"propertyPath\":\"/CONTROLLING_AREA\",\"modelName\":\"NewYardModel\"}"}]}
COMMAND: GET /session/b4f8750b6ab9764d379b715c7854fdbf/screenshot - {}
RESULT: {"script":"<script> [1562 bytes]","args":[{"selector":{"controlType":"sap.m.Input","viewName":"etm.portal.ui.manageyards.view.New","viewId":"application-manageyards-display-component---NewYard","bindingPath":{"path":"","propertyPath":"/CONTROLLING_AREA","modelName":"NewYardModel"},"interaction":{"idSuffix":"inner"}},"wdio_ui5_key":"etmportal.ui.manageyards.view.Newsap.m.Input{\"path\":\"\",\"propertyPath\":\"/CONTROLLING_AREA\",\"modelName\":\"NewYardModel\"}"}]}
RESULT: undefined
COMMAND: POST /session/b4f8750b6ab9764d379b715c7854fdbf/execute/async - {"script":"<script> [776 bytes]","args":[{"enterText":"Z001","selector":{"controlType":"sap.m.Input","viewName":"etm.portal.ui.manageyards.view.New","viewId":"application-manageyards-display-component---NewYard","bindingPath":{"path":"","propertyPath":"/CONTROLLING_AREA","modelName":"NewYardModel"},"interaction":{"idSuffix":"inner"}},"clearTextFirst":true,"interactionType":"ENTER_TEXT"}]}
RESULT: {}
RESULT: {"script":"<script> [776 bytes]","args":[{"enterText":"Z001","selector":{"controlType":"sap.m.Input","viewName":"etm.portal.ui.manageyards.view.New","viewId":"application-manageyards-display-component---NewYard","bindingPath":{"path":"","propertyPath":"/CONTROLLING_AREA","modelName":"NewYardModel"},"interaction":{"idSuffix":"inner"}},"clearTextFirst":true,"interactionType":"ENTER_TEXT"}]}
COMMAND: POST /session/b4f8750b6ab9764d379b715c7854fdbf/execute/async - {"script":"<script> [1562 bytes]","args":[{"selector":{"id":"application-manageyards-display-component---NewYard--companyCodeComboBox","interaction":{"idSuffix":"inner"}},"wdio_ui5_key":"applicationmanageyards-display-component---NewYard--companyCodeComboBox"}]}
RESULT: {"script":"<script> [1562 bytes]","args":[{"selector":{"id":"application-manageyards-display-component---NewYard--companyCodeComboBox","interaction":{"idSuffix":"inner"}},"wdio_ui5_key":"applicationmanageyards-display-component---NewYard--companyCodeComboBox"}]}
RESULT: undefined
COMMAND: POST /session/b4f8750b6ab9764d379b715c7854fdbf/execute/async - {"script":"<script> [776 bytes]","args":[{"enterText":"1000","selector":{"id":"application-manageyards-display-component---NewYard--companyCodeComboBox","interaction":{"idSuffix":"inner"}},"clearTextFirst":true,"interactionType":"ENTER_TEXT"}]}
RESULT: {"script":"<script> [776 bytes]","args":[{"enterText":"1000","selector":{"id":"application-manageyards-display-component---NewYard--companyCodeComboBox","interaction":{"idSuffix":"inner"}},"clearTextFirst":true,"interactionType":"ENTER_TEXT"}]}
COMMAND: POST /session/b4f8750b6ab9764d379b715c7854fdbf/execute/async - {"script":"<script> [1562 bytes]","args":[{"selector":{"controlType":"sap.m.Input","viewName":"etm.portal.ui.manageyards.view.New","viewId":"application-manageyards-display-component---NewYard","bindingPath":{"path":"","propertyPath":"/PLANT","modelName":"NewYardModel"},"interaction":{"idSuffix":"inner"}},"wdio_ui5_key":"etmportal.ui.manageyards.view.Newsap.m.Input{\"path\":\"\",\"propertyPath\":\"/PLANT\",\"modelName\":\"NewYardModel\"}"}]}
RESULT: {"script":"<script> [1562 bytes]","args":[{"selector":{"controlType":"sap.m.Input","viewName":"etm.portal.ui.manageyards.view.New","viewId":"application-manageyards-display-component---NewYard","bindingPath":{"path":"","propertyPath":"/PLANT","modelName":"NewYardModel"},"interaction":{"idSuffix":"inner"}},"wdio_ui5_key":"etmportal.ui.manageyards.view.Newsap.m.Input{\"path\":\"\",\"propertyPath\":\"/PLANT\",\"modelName\":\"NewYardModel\"}"}]}
RESULT: undefined
COMMAND: POST /session/b4f8750b6ab9764d379b715c7854fdbf/execute/async - {"script":"<script> [776 bytes]","args":[{"enterText":"1001","selector":{"controlType":"sap.m.Input","viewName":"etm.portal.ui.manageyards.view.New","viewId":"application-manageyards-display-component---NewYard","bindingPath":{"path":"","propertyPath":"/PLANT","modelName":"NewYardModel"},"interaction":{"idSuffix":"inner"}},"clearTextFirst":true,"interactionType":"ENTER_TEXT"}]}
RESULT: {"script":"<script> [776 bytes]","args":[{"enterText":"1001","selector":{"controlType":"sap.m.Input","viewName":"etm.portal.ui.manageyards.view.New","viewId":"application-manageyards-display-component---NewYard","bindingPath":{"path":"","propertyPath":"/PLANT","modelName":"NewYardModel"},"interaction":{"idSuffix":"inner"}},"clearTextFirst":true,"interactionType":"ENTER_TEXT"}]}
COMMAND: POST /session/b4f8750b6ab9764d379b715c7854fdbf/execute/async - {"script":"<script> [1562 bytes]","args":[{"selector":{"controlType":"sap.m.Input","viewName":"etm.portal.ui.manageyards.view.New","viewId":"application-manageyards-display-component---NewYard","bindingPath":{"path":"","propertyPath":"/SALES_AREA_VKORG","modelName":"NewYardModel"},"interaction":{"idSuffix":"inner"}},"wdio_ui5_key":"etmportal.ui.manageyards.view.Newsap.m.Input{\"path\":\"\",\"propertyPath\":\"/SALES_AREA_VKORG\",\"modelName\":\"NewYardModel\"}"}]}
RESULT: {"script":"<script> [1562 bytes]","args":[{"selector":{"controlType":"sap.m.Input","viewName":"etm.portal.ui.manageyards.view.New","viewId":"application-manageyards-display-component---NewYard","bindingPath":{"path":"","propertyPath":"/SALES_AREA_VKORG","modelName":"NewYardModel"},"interaction":{"idSuffix":"inner"}},"wdio_ui5_key":"etmportal.ui.manageyards.view.Newsap.m.Input{\"path\":\"\",\"propertyPath\":\"/SALES_AREA_VKORG\",\"modelName\":\"NewYardModel\"}"}]}
RESULT: undefined
COMMAND: POST /session/b4f8750b6ab9764d379b715c7854fdbf/execute/async - {"script":"<script> [776 bytes]","args":[{"enterText":"C002","selector":{"controlType":"sap.m.Input","viewName":"etm.portal.ui.manageyards.view.New","viewId":"application-manageyards-display-component---NewYard","bindingPath":{"path":"","propertyPath":"/SALES_AREA_VKORG","modelName":"NewYardModel"},"interaction":{"idSuffix":"inner"}},"clearTextFirst":true,"interactionType":"ENTER_TEXT"}]}
RESULT: {"script":"<script> [776 bytes]","args":[{"enterText":"C002","selector":{"controlType":"sap.m.Input","viewName":"etm.portal.ui.manageyards.view.New","viewId":"application-manageyards-display-component---NewYard","bindingPath":{"path":"","propertyPath":"/SALES_AREA_VKORG","modelName":"NewYardModel"},"interaction":{"idSuffix":"inner"}},"clearTextFirst":true,"interactionType":"ENTER_TEXT"}]}
COMMAND: POST /session/b4f8750b6ab9764d379b715c7854fdbf/execute/async - {"script":"<script> [1562 bytes]","args":[{"selector":{"controlType":"sap.m.Input","viewName":"etm.portal.ui.manageyards.view.New","viewId":"application-manageyards-display-component---NewYard","bindingPath":{"path":"","propertyPath":"/SALES_AREA_VTWEG","modelName":"NewYardModel"},"interaction":{"idSuffix":"inner"}},"wdio_ui5_key":"etmportal.ui.manageyards.view.Newsap.m.Input{\"path\":\"\",\"propertyPath\":\"/SALES_AREA_VTWEG\",\"modelName\":\"NewYardModel\"}"}]}
RESULT: {"script":"<script> [1562 bytes]","args":[{"selector":{"controlType":"sap.m.Input","viewName":"etm.portal.ui.manageyards.view.New","viewId":"application-manageyards-display-component---NewYard","bindingPath":{"path":"","propertyPath":"/SALES_AREA_VTWEG","modelName":"NewYardModel"},"interaction":{"idSuffix":"inner"}},"wdio_ui5_key":"etmportal.ui.manageyards.view.Newsap.m.Input{\"path\":\"\",\"propertyPath\":\"/SALES_AREA_VTWEG\",\"modelName\":\"NewYardModel\"}"}]}
RESULT: undefined
COMMAND: POST /session/b4f8750b6ab9764d379b715c7854fdbf/execute/async - {"script":"<script> [776 bytes]","args":[{"enterText":"C2","selector":{"controlType":"sap.m.Input","viewName":"etm.portal.ui.manageyards.view.New","viewId":"application-manageyards-display-component---NewYard","bindingPath":{"path":"","propertyPath":"/SALES_AREA_VTWEG","modelName":"NewYardModel"},"interaction":{"idSuffix":"inner"}},"clearTextFirst":true,"interactionType":"ENTER_TEXT"}]}
RESULT: {"script":"<script> [776 bytes]","args":[{"enterText":"C2","selector":{"controlType":"sap.m.Input","viewName":"etm.portal.ui.manageyards.view.New","viewId":"application-manageyards-display-component---NewYard","bindingPath":{"path":"","propertyPath":"/SALES_AREA_VTWEG","modelName":"NewYardModel"},"interaction":{"idSuffix":"inner"}},"clearTextFirst":true,"interactionType":"ENTER_TEXT"}]}
COMMAND: POST /session/b4f8750b6ab9764d379b715c7854fdbf/execute/async - {"script":"<script> [1562 bytes]","args":[{"selector":{"controlType":"sap.m.Input","viewName":"etm.portal.ui.manageyards.view.New","viewId":"application-manageyards-display-component---NewYard","bindingPath":{"path":"","propertyPath":"/SALES_AREA_SPART","modelName":"NewYardModel"},"interaction":{"idSuffix":"inner"}},"wdio_ui5_key":"etmportal.ui.manageyards.view.Newsap.m.Input{\"path\":\"\",\"propertyPath\":\"/SALES_AREA_SPART\",\"modelName\":\"NewYardModel\"}"}]}
RESULT: {"script":"<script> [1562 bytes]","args":[{"selector":{"controlType":"sap.m.Input","viewName":"etm.portal.ui.manageyards.view.New","viewId":"application-manageyards-display-component---NewYard","bindingPath":{"path":"","propertyPath":"/SALES_AREA_SPART","modelName":"NewYardModel"},"interaction":{"idSuffix":"inner"}},"wdio_ui5_key":"etmportal.ui.manageyards.view.Newsap.m.Input{\"path\":\"\",\"propertyPath\":\"/SALES_AREA_SPART\",\"modelName\":\"NewYardModel\"}"}]}
RESULT: undefined
COMMAND: POST /session/b4f8750b6ab9764d379b715c7854fdbf/execute/async - {"script":"<script> [776 bytes]","args":[{"enterText":"C2","selector":{"controlType":"sap.m.Input","viewName":"etm.portal.ui.manageyards.view.New","viewId":"application-manageyards-display-component---NewYard","bindingPath":{"path":"","propertyPath":"/SALES_AREA_SPART","modelName":"NewYardModel"},"interaction":{"idSuffix":"inner"}},"clearTextFirst":true,"interactionType":"ENTER_TEXT"}]}
RESULT: {"script":"<script> [776 bytes]","args":[{"enterText":"C2","selector":{"controlType":"sap.m.Input","viewName":"etm.portal.ui.manageyards.view.New","viewId":"application-manageyards-display-component---NewYard","bindingPath":{"path":"","propertyPath":"/SALES_AREA_SPART","modelName":"NewYardModel"},"interaction":{"idSuffix":"inner"}},"clearTextFirst":true,"interactionType":"ENTER_TEXT"}]}
COMMAND: POST /session/b4f8750b6ab9764d379b715c7854fdbf/execute/async - {"script":"<script> [1562 bytes]","args":[{"selector":{"controlType":"sap.m.Input","viewName":"etm.portal.ui.manageyards.view.New","viewId":"application-manageyards-display-component---NewYard","bindingPath":{"path":"","propertyPath":"/SHIP_POINT","modelName":"NewYardModel"},"interaction":{"idSuffix":"inner"}},"wdio_ui5_key":"etmportal.ui.manageyards.view.Newsap.m.Input{\"path\":\"\",\"propertyPath\":\"/SHIP_POINT\",\"modelName\":\"NewYardModel\"}"}]}
RESULT: {"script":"<script> [1562 bytes]","args":[{"selector":{"controlType":"sap.m.Input","viewName":"etm.portal.ui.manageyards.view.New","viewId":"application-manageyards-display-component---NewYard","bindingPath":{"path":"","propertyPath":"/SHIP_POINT","modelName":"NewYardModel"},"interaction":{"idSuffix":"inner"}},"wdio_ui5_key":"etmportal.ui.manageyards.view.Newsap.m.Input{\"path\":\"\",\"propertyPath\":\"/SHIP_POINT\",\"modelName\":\"NewYardModel\"}"}]}
RESULT: undefined
COMMAND: POST /session/b4f8750b6ab9764d379b715c7854fdbf/execute/async - {"script":"<script> [776 bytes]","args":[{"enterText":"1710","selector":{"controlType":"sap.m.Input","viewName":"etm.portal.ui.manageyards.view.New","viewId":"application-manageyards-display-component---NewYard","bindingPath":{"path":"","propertyPath":"/SHIP_POINT","modelName":"NewYardModel"},"interaction":{"idSuffix":"inner"}},"clearTextFirst":true,"interactionType":"ENTER_TEXT"}]}
RESULT: {"script":"<script> [776 bytes]","args":[{"enterText":"1710","selector":{"controlType":"sap.m.Input","viewName":"etm.portal.ui.manageyards.view.New","viewId":"application-manageyards-display-component---NewYard","bindingPath":{"path":"","propertyPath":"/SHIP_POINT","modelName":"NewYardModel"},"interaction":{"idSuffix":"inner"}},"clearTextFirst":true,"interactionType":"ENTER_TEXT"}]}
COMMAND: POST /session/b4f8750b6ab9764d379b715c7854fdbf/execute/async - {"script":"<script> [1562 bytes]","args":[{"selector":{"controlType":"sap.m.Input","viewName":"etm.portal.ui.manageyards.view.New","viewId":"application-manageyards-display-component---NewYard","bindingPath":{"path":"","propertyPath":"/DELIVERY_TYPE","modelName":"NewYardModel"},"interaction":{"idSuffix":"inner"}},"wdio_ui5_key":"etmportal.ui.manageyards.view.Newsap.m.Input{\"path\":\"\",\"propertyPath\":\"/DELIVERY_TYPE\",\"modelName\":\"NewYardModel\"}"}]}
RESULT: {"script":"<script> [1562 bytes]","args":[{"selector":{"controlType":"sap.m.Input","viewName":"etm.portal.ui.manageyards.view.New","viewId":"application-manageyards-display-component---NewYard","bindingPath":{"path":"","propertyPath":"/DELIVERY_TYPE","modelName":"NewYardModel"},"interaction":{"idSuffix":"inner"}},"wdio_ui5_key":"etmportal.ui.manageyards.view.Newsap.m.Input{\"path\":\"\",\"propertyPath\":\"/DELIVERY_TYPE\",\"modelName\":\"NewYardModel\"}"}]}
RESULT: undefined
COMMAND: POST /session/b4f8750b6ab9764d379b715c7854fdbf/execute/async - {"script":"<script> [776 bytes]","args":[{"enterText":"ZL01","selector":{"controlType":"sap.m.Input","viewName":"etm.portal.ui.manageyards.view.New","viewId":"application-manageyards-display-component---NewYard","bindingPath":{"path":"","propertyPath":"/DELIVERY_TYPE","modelName":"NewYardModel"},"interaction":{"idSuffix":"inner"}},"clearTextFirst":true,"interactionType":"ENTER_TEXT"}]}
RESULT: {"script":"<script> [776 bytes]","args":[{"enterText":"ZL01","selector":{"controlType":"sap.m.Input","viewName":"etm.portal.ui.manageyards.view.New","viewId":"application-manageyards-display-component---NewYard","bindingPath":{"path":"","propertyPath":"/DELIVERY_TYPE","modelName":"NewYardModel"},"interaction":{"idSuffix":"inner"}},"clearTextFirst":true,"interactionType":"ENTER_TEXT"}]}
COMMAND: POST /session/b4f8750b6ab9764d379b715c7854fdbf/execute/async - {"script":"<script> [1562 bytes]","args":[{"selector":{"controlType":"sap.m.Input","viewName":"etm.portal.ui.manageyards.view.New","viewId":"application-manageyards-display-component---NewYard","bindingPath":{"path":"","propertyPath":"/AUART","modelName":"NewYardModel"},"interaction":{"idSuffix":"inner"}},"wdio_ui5_key":"etmportal.ui.manageyards.view.Newsap.m.Input{\"path\":\"\",\"propertyPath\":\"/AUART\",\"modelName\":\"NewYardModel\"}"}]}
RESULT: {"script":"<script> [1562 bytes]","args":[{"selector":{"controlType":"sap.m.Input","viewName":"etm.portal.ui.manageyards.view.New","viewId":"application-manageyards-display-component---NewYard","bindingPath":{"path":"","propertyPath":"/AUART","modelName":"NewYardModel"},"interaction":{"idSuffix":"inner"}},"wdio_ui5_key":"etmportal.ui.manageyards.view.Newsap.m.Input{\"path\":\"\",\"propertyPath\":\"/AUART\",\"modelName\":\"NewYardModel\"}"}]}
RESULT: undefined
COMMAND: POST /session/b4f8750b6ab9764d379b715c7854fdbf/execute/async - {"script":"<script> [776 bytes]","args":[{"enterText":"TA","selector":{"controlType":"sap.m.Input","viewName":"etm.portal.ui.manageyards.view.New","viewId":"application-manageyards-display-component---NewYard","bindingPath":{"path":"","propertyPath":"/AUART","modelName":"NewYardModel"},"interaction":{"idSuffix":"inner"}},"clearTextFirst":true,"interactionType":"ENTER_TEXT"}]}
RESULT: {"script":"<script> [776 bytes]","args":[{"enterText":"TA","selector":{"controlType":"sap.m.Input","viewName":"etm.portal.ui.manageyards.view.New","viewId":"application-manageyards-display-component---NewYard","bindingPath":{"path":"","propertyPath":"/AUART","modelName":"NewYardModel"},"interaction":{"idSuffix":"inner"}},"clearTextFirst":true,"interactionType":"ENTER_TEXT"}]}
COMMAND: POST /session/b4f8750b6ab9764d379b715c7854fdbf/element - {"using":"xpath","value":"//button[@data-kt=\"newYardSaveButton\"]"}
RESULT: {"using":"xpath","value":"//button[@data-kt=\"newYardSaveButton\"]"}
COMMAND: POST /session/b4f8750b6ab9764d379b715c7854fdbf/element/f.8850BFF0213FDAA0CDBB6DAFAFD06CF5.d.CB8F2C771C76486406887E3D66AA6983.e.9174/click - {}
RESULT: {}
COMMAND: GET /session/b4f8750b6ab9764d379b715c7854fdbf/screenshot - {}
RESULT: {}
COMMAND: POST /session/b4f8750b6ab9764d379b715c7854fdbf/element - {"using":"xpath","value":"//header[contains(@id, 'ObjectPageLayout-headerTitle')]/div[1]/div[2]/div[1]/span[1]"}
RESULT: {"using":"xpath","value":"//header[contains(@id, 'ObjectPageLayout-headerTitle')]/div[1]/div[2]/div[1]/span[1]"}
COMMAND: POST /session/b4f8750b6ab9764d379b715c7854fdbf/elements - {"using":"xpath","value":"//header[contains(@id, 'ObjectPageLayout-headerTitle')]/div[1]/div[2]/div[1]/span[1]"}
RESULT: {"using":"xpath","value":"//header[contains(@id, 'ObjectPageLayout-headerTitle')]/div[1]/div[2]/div[1]/span[1]"}
COMMAND: POST /session/b4f8750b6ab9764d379b715c7854fdbf/execute/sync - {"script":"<script> [56 bytes]","args":[{"element-6066-11e4-a52e-4f735466cecf":"f.8850BFF0213FDAA0CDBB6DAFAFD06CF5.d.CB8F2C771C76486406887E3D66AA6983.e.9473","ELEMENT":"f.8850BFF0213FDAA0CDBB6DAFAFD06CF5.d.CB8F2C771C76486406887E3D66AA6983.e.9473"}]}
RESULT: {"script":"<script> [56 bytes]","args":[{"element-6066-11e4-a52e-4f735466cecf":"f.8850BFF0213FDAA0CDBB6DAFAFD06CF5.d.CB8F2C771C76486406887E3D66AA6983.e.9473","ELEMENT":"f.8850BFF0213FDAA0CDBB6DAFAFD06CF5.d.CB8F2C771C76486406887E3D66AA6983.e.9473"}]}
COMMAND: GET /session/b4f8750b6ab9764d379b715c7854fdbf/screenshot - {}
RESULT: {}
COMMAND: POST /session/b4f8750b6ab9764d379b715c7854fdbf/element - {"using":"css selector","value":"#shell-header-logo"}
RESULT: {"using":"css selector","value":"#shell-header-logo"}
COMMAND: POST /session/b4f8750b6ab9764d379b715c7854fdbf/element/f.8850BFF0213FDAA0CDBB6DAFAFD06CF5.d.CB8F2C771C76486406887E3D66AA6983.e.8722/click - {}
RESULT: {}
COMMAND: GET /session/b4f8750b6ab9764d379b715c7854fdbf/screenshot - {}
RESULT: {}
COMMAND: POST /session/b4f8750b6ab9764d379b715c7854fdbf/execute/sync - {"script":"<script> [299 bytes]","args":[["getModel","getResource"]]}
RESULT: {"script":"<script> [299 bytes]","args":[["getModel","getResource"]]}
]]></system-out>
    </testcase>
    <testcase classname="chrome.137_0_7151_69.windows.Billing_Transfer_-_Intracompany_US127249" name="Should create a new partner" time="138.654">
      <system-out><![CDATA[
COMMAND: POST /session/b4f8750b6ab9764d379b715c7854fdbf/window/fullscreen - {}
COMMAND: GET /session/b4f8750b6ab9764d379b715c7854fdbf/screenshot - {}
RESULT: {}
COMMAND: POST /session/b4f8750b6ab9764d379b715c7854fdbf/execute/async - {"script":"<script> [1562 bytes]","args":[{"selector":{"controlType":"sap.m.GenericTile","properties":{"header":"Manage Partners"}},"wdio_ui5_key":"sapm.GenericTile{\"header\":\"Manage Partners\"}"}]}
RESULT: {}
RESULT: {"script":"<script> [1562 bytes]","args":[{"selector":{"controlType":"sap.m.GenericTile","properties":{"header":"Manage Partners"}},"wdio_ui5_key":"sapm.GenericTile{\"header\":\"Manage Partners\"}"}]}
RESULT: undefined
COMMAND: POST /session/b4f8750b6ab9764d379b715c7854fdbf/element - {"using":"xpath","value":"//*[@id=\"__tile39\"]"}
RESULT: {"using":"xpath","value":"//*[@id=\"__tile39\"]"}
COMMAND: POST /session/b4f8750b6ab9764d379b715c7854fdbf/element/f.8850BFF0213FDAA0CDBB6DAFAFD06CF5.d.CB8F2C771C76486406887E3D66AA6983.e.8611/click - {}
RESULT: {}
COMMAND: GET /session/b4f8750b6ab9764d379b715c7854fdbf/screenshot - {}
RESULT: {}
COMMAND: POST /session/b4f8750b6ab9764d379b715c7854fdbf/elements - {"using":"xpath","value":"//span[text()='Error']"}
RESULT: {"using":"xpath","value":"//span[text()='Error']"}
COMMAND: POST /session/b4f8750b6ab9764d379b715c7854fdbf/element - {"using":"xpath","value":"//button[@data-kt=\"addButton\"]"}
RESULT: {"using":"xpath","value":"//button[@data-kt=\"addButton\"]"}
COMMAND: POST /session/b4f8750b6ab9764d379b715c7854fdbf/elements - {"using":"xpath","value":"//button[@data-kt=\"addButton\"]"}
RESULT: {"using":"xpath","value":"//button[@data-kt=\"addButton\"]"}
COMMAND: POST /session/b4f8750b6ab9764d379b715c7854fdbf/execute/sync - {"script":"<script> [8489 bytes]","args":[{"element-6066-11e4-a52e-4f735466cecf":"f.8850BFF0213FDAA0CDBB6DAFAFD06CF5.d.CB8F2C771C76486406887E3D66AA6983.e.9521","ELEMENT":"f.8850BFF0213FDAA0CDBB6DAFAFD06CF5.d.CB8F2C771C76486406887E3D66AA6983.e.9521"}]}
RESULT: {"script":"<script> [8489 bytes]","args":[{"element-6066-11e4-a52e-4f735466cecf":"f.8850BFF0213FDAA0CDBB6DAFAFD06CF5.d.CB8F2C771C76486406887E3D66AA6983.e.9521","ELEMENT":"f.8850BFF0213FDAA0CDBB6DAFAFD06CF5.d.CB8F2C771C76486406887E3D66AA6983.e.9521"}]}
COMMAND: GET /session/b4f8750b6ab9764d379b715c7854fdbf/element/f.8850BFF0213FDAA0CDBB6DAFAFD06CF5.d.CB8F2C771C76486406887E3D66AA6983.e.9521/enabled - {}
COMMAND: GET /session/b4f8750b6ab9764d379b715c7854fdbf/screenshot - {}
RESULT: {}
COMMAND: POST /session/b4f8750b6ab9764d379b715c7854fdbf/execute/sync - {"script":"<script> [8489 bytes]","args":[{"element-6066-11e4-a52e-4f735466cecf":"f.8850BFF0213FDAA0CDBB6DAFAFD06CF5.d.CB8F2C771C76486406887E3D66AA6983.e.9521","ELEMENT":"f.8850BFF0213FDAA0CDBB6DAFAFD06CF5.d.CB8F2C771C76486406887E3D66AA6983.e.9521"}]}
COMMAND: GET /session/b4f8750b6ab9764d379b715c7854fdbf/screenshot - {}
RESULT: {}
RESULT: {"script":"<script> [8489 bytes]","args":[{"element-6066-11e4-a52e-4f735466cecf":"f.8850BFF0213FDAA0CDBB6DAFAFD06CF5.d.CB8F2C771C76486406887E3D66AA6983.e.9521","ELEMENT":"f.8850BFF0213FDAA0CDBB6DAFAFD06CF5.d.CB8F2C771C76486406887E3D66AA6983.e.9521"}]}
COMMAND: POST /session/b4f8750b6ab9764d379b715c7854fdbf/execute/sync - {"script":"<script> [5351 bytes]","args":[{"element-6066-11e4-a52e-4f735466cecf":"f.8850BFF0213FDAA0CDBB6DAFAFD06CF5.d.CB8F2C771C76486406887E3D66AA6983.e.9521","ELEMENT":"f.8850BFF0213FDAA0CDBB6DAFAFD06CF5.d.CB8F2C771C76486406887E3D66AA6983.e.9521"}]}
COMMAND: GET /session/b4f8750b6ab9764d379b715c7854fdbf/screenshot - {}
RESULT: {}
RESULT: {"script":"<script> [5351 bytes]","args":[{"element-6066-11e4-a52e-4f735466cecf":"f.8850BFF0213FDAA0CDBB6DAFAFD06CF5.d.CB8F2C771C76486406887E3D66AA6983.e.9521","ELEMENT":"f.8850BFF0213FDAA0CDBB6DAFAFD06CF5.d.CB8F2C771C76486406887E3D66AA6983.e.9521"}]}
COMMAND: POST /session/b4f8750b6ab9764d379b715c7854fdbf/element/f.8850BFF0213FDAA0CDBB6DAFAFD06CF5.d.CB8F2C771C76486406887E3D66AA6983.e.9521/click - {}
COMMAND: GET /session/b4f8750b6ab9764d379b715c7854fdbf/screenshot - {}
RESULT: {}
RESULT: {}
COMMAND: GET /session/b4f8750b6ab9764d379b715c7854fdbf/screenshot - {}
COMMAND: POST /session/b4f8750b6ab9764d379b715c7854fdbf/execute/async - {"script":"<script> [1562 bytes]","args":[{"selector":{"id":"application-managepartners-display-component---NewPartner--addressDetailDetailsName1","interaction":{"idSuffix":"inner"}},"wdio_ui5_key":"applicationmanagepartners-display-component---NewPartner--addressDetailDetailsName1"}]}
RESULT: {}
RESULT: {}
RESULT: {"script":"<script> [1562 bytes]","args":[{"selector":{"id":"application-managepartners-display-component---NewPartner--addressDetailDetailsName1","interaction":{"idSuffix":"inner"}},"wdio_ui5_key":"applicationmanagepartners-display-component---NewPartner--addressDetailDetailsName1"}]}
RESULT: undefined
COMMAND: POST /session/b4f8750b6ab9764d379b715c7854fdbf/execute/async - {"script":"<script> [776 bytes]","args":[{"enterText":"Intracompany Partner WDIO","selector":{"id":"application-managepartners-display-component---NewPartner--addressDetailDetailsName1","interaction":{"idSuffix":"inner"}},"clearTextFirst":true,"interactionType":"ENTER_TEXT"}]}
RESULT: {"script":"<script> [776 bytes]","args":[{"enterText":"Intracompany Partner WDIO","selector":{"id":"application-managepartners-display-component---NewPartner--addressDetailDetailsName1","interaction":{"idSuffix":"inner"}},"clearTextFirst":true,"interactionType":"ENTER_TEXT"}]}
COMMAND: POST /session/b4f8750b6ab9764d379b715c7854fdbf/execute/async - {"script":"<script> [1562 bytes]","args":[{"selector":{"id":"application-managepartners-display-component---NewPartner--addressDetailDetailsLanguage-arrow"},"wdio_ui5_key":"applicationmanagepartners-display-component---NewPartner--addressDetailDetailsLanguage-arrow"}]}
RESULT: {"script":"<script> [1562 bytes]","args":[{"selector":{"id":"application-managepartners-display-component---NewPartner--addressDetailDetailsLanguage-arrow"},"wdio_ui5_key":"applicationmanagepartners-display-component---NewPartner--addressDetailDetailsLanguage-arrow"}]}
RESULT: undefined
COMMAND: POST /session/b4f8750b6ab9764d379b715c7854fdbf/element - {"using":"xpath","value":"//*[@id=\"application-managepartners-display-component---NewPartner--addressDetailDetailsLanguage-arrow\"]"}
RESULT: {"using":"xpath","value":"//*[@id=\"application-managepartners-display-component---NewPartner--addressDetailDetailsLanguage-arrow\"]"}
COMMAND: POST /session/b4f8750b6ab9764d379b715c7854fdbf/element/f.8850BFF0213FDAA0CDBB6DAFAFD06CF5.d.CB8F2C771C76486406887E3D66AA6983.e.9961/click - {}
RESULT: {}
COMMAND: POST /session/b4f8750b6ab9764d379b715c7854fdbf/element - {"using":"xpath","value":"//span[contains(text(), \"English\")]"}
COMMAND: GET /session/b4f8750b6ab9764d379b715c7854fdbf/screenshot - {}
RESULT: {"using":"xpath","value":"//span[contains(text(), \"English\")]"}
COMMAND: POST /session/b4f8750b6ab9764d379b715c7854fdbf/element/f.8850BFF0213FDAA0CDBB6DAFAFD06CF5.d.CB8F2C771C76486406887E3D66AA6983.e.9962/click - {}
RESULT: {}
RESULT: {}
COMMAND: GET /session/b4f8750b6ab9764d379b715c7854fdbf/screenshot - {}
RESULT: {}
COMMAND: POST /session/b4f8750b6ab9764d379b715c7854fdbf/execute/async - {"script":"<script> [1562 bytes]","args":[{"selector":{"id":"application-managepartners-display-component---NewPartner--addressDetailDetailsCity1","interaction":{"idSuffix":"inner"}},"wdio_ui5_key":"applicationmanagepartners-display-component---NewPartner--addressDetailDetailsCity1"}]}
RESULT: {"script":"<script> [1562 bytes]","args":[{"selector":{"id":"application-managepartners-display-component---NewPartner--addressDetailDetailsCity1","interaction":{"idSuffix":"inner"}},"wdio_ui5_key":"applicationmanagepartners-display-component---NewPartner--addressDetailDetailsCity1"}]}
RESULT: undefined
COMMAND: POST /session/b4f8750b6ab9764d379b715c7854fdbf/execute/async - {"script":"<script> [776 bytes]","args":[{"enterText":"Rosario","selector":{"id":"application-managepartners-display-component---NewPartner--addressDetailDetailsCity1","interaction":{"idSuffix":"inner"}},"clearTextFirst":true,"interactionType":"ENTER_TEXT"}]}
RESULT: {"script":"<script> [776 bytes]","args":[{"enterText":"Rosario","selector":{"id":"application-managepartners-display-component---NewPartner--addressDetailDetailsCity1","interaction":{"idSuffix":"inner"}},"clearTextFirst":true,"interactionType":"ENTER_TEXT"}]}
COMMAND: POST /session/b4f8750b6ab9764d379b715c7854fdbf/execute/async - {"script":"<script> [1562 bytes]","args":[{"selector":{"id":"application-managepartners-display-component---NewPartner--addressDetailDetailsCountry-arrow"},"wdio_ui5_key":"applicationmanagepartners-display-component---NewPartner--addressDetailDetailsCountry-arrow"}]}
RESULT: {"script":"<script> [1562 bytes]","args":[{"selector":{"id":"application-managepartners-display-component---NewPartner--addressDetailDetailsCountry-arrow"},"wdio_ui5_key":"applicationmanagepartners-display-component---NewPartner--addressDetailDetailsCountry-arrow"}]}
RESULT: undefined
COMMAND: POST /session/b4f8750b6ab9764d379b715c7854fdbf/element - {"using":"xpath","value":"//*[@id=\"application-managepartners-display-component---NewPartner--addressDetailDetailsCountry-arrow\"]"}
RESULT: {"using":"xpath","value":"//*[@id=\"application-managepartners-display-component---NewPartner--addressDetailDetailsCountry-arrow\"]"}
COMMAND: POST /session/b4f8750b6ab9764d379b715c7854fdbf/element/f.8850BFF0213FDAA0CDBB6DAFAFD06CF5.d.CB8F2C771C76486406887E3D66AA6983.e.9929/click - {}
RESULT: {}
COMMAND: POST /session/b4f8750b6ab9764d379b715c7854fdbf/element - {"using":"xpath","value":"//span[contains(text(), \"Argentina\")]"}
COMMAND: GET /session/b4f8750b6ab9764d379b715c7854fdbf/screenshot - {}
RESULT: {"using":"xpath","value":"//span[contains(text(), \"Argentina\")]"}
COMMAND: POST /session/b4f8750b6ab9764d379b715c7854fdbf/element/f.8850BFF0213FDAA0CDBB6DAFAFD06CF5.d.CB8F2C771C76486406887E3D66AA6983.e.9964/click - {}
RESULT: {}
RESULT: {}
COMMAND: GET /session/b4f8750b6ab9764d379b715c7854fdbf/screenshot - {}
RESULT: {}
COMMAND: POST /session/b4f8750b6ab9764d379b715c7854fdbf/element - {"using":"xpath","value":"//bdi[contains(text(), \"Commercial\")]"}
RESULT: {"using":"xpath","value":"//bdi[contains(text(), \"Commercial\")]"}
COMMAND: POST /session/b4f8750b6ab9764d379b715c7854fdbf/element/f.8850BFF0213FDAA0CDBB6DAFAFD06CF5.d.CB8F2C771C76486406887E3D66AA6983.e.9965/click - {}
RESULT: {}
COMMAND: GET /session/b4f8750b6ab9764d379b715c7854fdbf/screenshot - {}
RESULT: {}
COMMAND: POST /session/b4f8750b6ab9764d379b715c7854fdbf/execute/async - {"script":"<script> [1562 bytes]","args":[{"selector":{"id":"application-managepartners-display-component---NewPartner--partnerDetailInternal-arrow"},"wdio_ui5_key":"applicationmanagepartners-display-component---NewPartner--partnerDetailInternal-arrow"}]}
RESULT: {"script":"<script> [1562 bytes]","args":[{"selector":{"id":"application-managepartners-display-component---NewPartner--partnerDetailInternal-arrow"},"wdio_ui5_key":"applicationmanagepartners-display-component---NewPartner--partnerDetailInternal-arrow"}]}
RESULT: undefined
COMMAND: POST /session/b4f8750b6ab9764d379b715c7854fdbf/element - {"using":"xpath","value":"//*[@id=\"application-managepartners-display-component---NewPartner--partnerDetailInternal-arrow\"]"}
RESULT: {"using":"xpath","value":"//*[@id=\"application-managepartners-display-component---NewPartner--partnerDetailInternal-arrow\"]"}
COMMAND: POST /session/b4f8750b6ab9764d379b715c7854fdbf/element/f.8850BFF0213FDAA0CDBB6DAFAFD06CF5.d.CB8F2C771C76486406887E3D66AA6983.e.9971/click - {}
RESULT: {}
COMMAND: POST /session/b4f8750b6ab9764d379b715c7854fdbf/element - {"using":"xpath","value":"//span[contains(text(), \"Affiliated company\")]"}
COMMAND: GET /session/b4f8750b6ab9764d379b715c7854fdbf/screenshot - {}
RESULT: {"using":"xpath","value":"//span[contains(text(), \"Affiliated company\")]"}
COMMAND: POST /session/b4f8750b6ab9764d379b715c7854fdbf/element/f.8850BFF0213FDAA0CDBB6DAFAFD06CF5.d.CB8F2C771C76486406887E3D66AA6983.e.9972/click - {}
RESULT: {}
RESULT: {}
COMMAND: POST /session/b4f8750b6ab9764d379b715c7854fdbf/execute/async - {"script":"<script> [1562 bytes]","args":[{"selector":{"id":"application-managepartners-display-component---NewPartner--partnerDetailsCurrency-arrow"},"wdio_ui5_key":"applicationmanagepartners-display-component---NewPartner--partnerDetailsCurrency-arrow"}]}
COMMAND: GET /session/b4f8750b6ab9764d379b715c7854fdbf/screenshot - {}
RESULT: {"script":"<script> [1562 bytes]","args":[{"selector":{"id":"application-managepartners-display-component---NewPartner--partnerDetailsCurrency-arrow"},"wdio_ui5_key":"applicationmanagepartners-display-component---NewPartner--partnerDetailsCurrency-arrow"}]}
RESULT: undefined
COMMAND: POST /session/b4f8750b6ab9764d379b715c7854fdbf/element - {"using":"xpath","value":"//*[@id=\"application-managepartners-display-component---NewPartner--partnerDetailsCurrency-arrow\"]"}
RESULT: {}
RESULT: {"using":"xpath","value":"//*[@id=\"application-managepartners-display-component---NewPartner--partnerDetailsCurrency-arrow\"]"}
COMMAND: POST /session/b4f8750b6ab9764d379b715c7854fdbf/element/f.8850BFF0213FDAA0CDBB6DAFAFD06CF5.d.CB8F2C771C76486406887E3D66AA6983.e.9979/click - {}
RESULT: {}
COMMAND: POST /session/b4f8750b6ab9764d379b715c7854fdbf/element - {"using":"xpath","value":"//span[contains(text(), \"Euro\")]"}
COMMAND: GET /session/b4f8750b6ab9764d379b715c7854fdbf/screenshot - {}
RESULT: {"using":"xpath","value":"//span[contains(text(), \"Euro\")]"}
COMMAND: POST /session/b4f8750b6ab9764d379b715c7854fdbf/element/f.8850BFF0213FDAA0CDBB6DAFAFD06CF5.d.CB8F2C771C76486406887E3D66AA6983.e.9980/click - {}
RESULT: {}
RESULT: {}
COMMAND: POST /session/b4f8750b6ab9764d379b715c7854fdbf/execute/async - {"script":"<script> [1562 bytes]","args":[{"selector":{"id":"application-managepartners-display-component---NewPartner--addressEditDetailsCostObjectCstType-arrow"},"wdio_ui5_key":"applicationmanagepartners-display-component---NewPartner--addressEditDetailsCostObjectCstType-arrow"}]}
COMMAND: GET /session/b4f8750b6ab9764d379b715c7854fdbf/screenshot - {}
RESULT: {"script":"<script> [1562 bytes]","args":[{"selector":{"id":"application-managepartners-display-component---NewPartner--addressEditDetailsCostObjectCstType-arrow"},"wdio_ui5_key":"applicationmanagepartners-display-component---NewPartner--addressEditDetailsCostObjectCstType-arrow"}]}
RESULT: undefined
COMMAND: POST /session/b4f8750b6ab9764d379b715c7854fdbf/element - {"using":"xpath","value":"//*[@id=\"application-managepartners-display-component---NewPartner--addressEditDetailsCostObjectCstType-arrow\"]"}
RESULT: {}
RESULT: {"using":"xpath","value":"//*[@id=\"application-managepartners-display-component---NewPartner--addressEditDetailsCostObjectCstType-arrow\"]"}
COMMAND: POST /session/b4f8750b6ab9764d379b715c7854fdbf/element/f.8850BFF0213FDAA0CDBB6DAFAFD06CF5.d.CB8F2C771C76486406887E3D66AA6983.e.9981/click - {}
RESULT: {}
COMMAND: POST /session/b4f8750b6ab9764d379b715c7854fdbf/element - {"using":"xpath","value":"//span[contains(text(), \"Cost Center\")]"}
COMMAND: GET /session/b4f8750b6ab9764d379b715c7854fdbf/screenshot - {}
RESULT: {"using":"xpath","value":"//span[contains(text(), \"Cost Center\")]"}
COMMAND: POST /session/b4f8750b6ab9764d379b715c7854fdbf/element/f.8850BFF0213FDAA0CDBB6DAFAFD06CF5.d.CB8F2C771C76486406887E3D66AA6983.e.9982/click - {}
RESULT: {}
RESULT: {}
COMMAND: GET /session/b4f8750b6ab9764d379b715c7854fdbf/screenshot - {}
RESULT: {}
COMMAND: POST /session/b4f8750b6ab9764d379b715c7854fdbf/element - {"using":"xpath","value":"//span[@id=\"application-managepartners-display-component---NewPartner--addressNewCostObjectCstID-vhi\"]"}
RESULT: {"using":"xpath","value":"//span[@id=\"application-managepartners-display-component---NewPartner--addressNewCostObjectCstID-vhi\"]"}
COMMAND: POST /session/b4f8750b6ab9764d379b715c7854fdbf/execute/sync - {"script":"<script> [8489 bytes]","args":[{"element-6066-11e4-a52e-4f735466cecf":"f.8850BFF0213FDAA0CDBB6DAFAFD06CF5.d.CB8F2C771C76486406887E3D66AA6983.e.9986","ELEMENT":"f.8850BFF0213FDAA0CDBB6DAFAFD06CF5.d.CB8F2C771C76486406887E3D66AA6983.e.9986"}]}
RESULT: {"script":"<script> [8489 bytes]","args":[{"element-6066-11e4-a52e-4f735466cecf":"f.8850BFF0213FDAA0CDBB6DAFAFD06CF5.d.CB8F2C771C76486406887E3D66AA6983.e.9986","ELEMENT":"f.8850BFF0213FDAA0CDBB6DAFAFD06CF5.d.CB8F2C771C76486406887E3D66AA6983.e.9986"}]}
COMMAND: POST /session/b4f8750b6ab9764d379b715c7854fdbf/execute/async - {"script":"<script> [1562 bytes]","args":[{"selector":{"id":"application-managepartners-display-component---NewPartner--addressNewCostObjectCstID-vhi"},"wdio_ui5_key":"applicationmanagepartners-display-component---NewPartner--addressNewCostObjectCstID-vhi"}]}
COMMAND: GET /session/b4f8750b6ab9764d379b715c7854fdbf/screenshot - {}
RESULT: {"script":"<script> [1562 bytes]","args":[{"selector":{"id":"application-managepartners-display-component---NewPartner--addressNewCostObjectCstID-vhi"},"wdio_ui5_key":"applicationmanagepartners-display-component---NewPartner--addressNewCostObjectCstID-vhi"}]}
RESULT: undefined
COMMAND: POST /session/b4f8750b6ab9764d379b715c7854fdbf/element - {"using":"xpath","value":"//*[@id=\"application-managepartners-display-component---NewPartner--addressNewCostObjectCstID-vhi\"]"}
RESULT: {}
RESULT: {"using":"xpath","value":"//*[@id=\"application-managepartners-display-component---NewPartner--addressNewCostObjectCstID-vhi\"]"}
COMMAND: POST /session/b4f8750b6ab9764d379b715c7854fdbf/element/f.8850BFF0213FDAA0CDBB6DAFAFD06CF5.d.CB8F2C771C76486406887E3D66AA6983.e.9986/click - {}
RESULT: {}
COMMAND: GET /session/b4f8750b6ab9764d379b715c7854fdbf/screenshot - {}
RESULT: {}
RESULT: undefined
COMMAND: POST /session/b4f8750b6ab9764d379b715c7854fdbf/execute/async - {"script":"<script> [776 bytes]","args":[{"enterText":"10001013","selector":{"controlType":"sap.m.SearchField","properties":{"placeholder":"Search"},"searchOpenDialogs":true,"interaction":{"idSuffix":"I"}},"clearTextFirst":true,"interactionType":"ENTER_TEXT"}]}
RESULT: {"script":"<script> [776 bytes]","args":[{"enterText":"10001013","selector":{"controlType":"sap.m.SearchField","properties":{"placeholder":"Search"},"searchOpenDialogs":true,"interaction":{"idSuffix":"I"}},"clearTextFirst":true,"interactionType":"ENTER_TEXT"}]}
COMMAND: POST /session/b4f8750b6ab9764d379b715c7854fdbf/actions - {"actions":[{"id":"action25","type":"key","parameters":{},"actions":[{"type":"keyDown","value":""},{"type":"pause","duration":10},{"type":"keyUp","value":""}]}]}
RESULT: {"actions":[{"id":"action25","type":"key","parameters":{},"actions":[{"type":"keyDown","value":""},{"type":"pause","duration":10},{"type":"keyUp","value":""}]}]}
COMMAND: GET /session/b4f8750b6ab9764d379b715c7854fdbf/screenshot - {}
RESULT: {}
COMMAND: POST /session/b4f8750b6ab9764d379b715c7854fdbf/element - {"using":"xpath","value":"//span[contains(text(), \"General Management\")]"}
RESULT: {"using":"xpath","value":"//span[contains(text(), \"General Management\")]"}
COMMAND: POST /session/b4f8750b6ab9764d379b715c7854fdbf/element/f.8850BFF0213FDAA0CDBB6DAFAFD06CF5.d.CB8F2C771C76486406887E3D66AA6983.e.9993/click - {}
RESULT: {}
COMMAND: GET /session/b4f8750b6ab9764d379b715c7854fdbf/screenshot - {}
RESULT: {}
COMMAND: POST /session/b4f8750b6ab9764d379b715c7854fdbf/element - {"using":"xpath","value":"//bdi[contains(text(), \"OK\")]"}
RESULT: {"using":"xpath","value":"//bdi[contains(text(), \"OK\")]"}
COMMAND: POST /session/b4f8750b6ab9764d379b715c7854fdbf/element/f.8850BFF0213FDAA0CDBB6DAFAFD06CF5.d.CB8F2C771C76486406887E3D66AA6983.e.9995/click - {}
RESULT: {}
COMMAND: GET /session/b4f8750b6ab9764d379b715c7854fdbf/screenshot - {}
RESULT: {}
COMMAND: POST /session/b4f8750b6ab9764d379b715c7854fdbf/element - {"using":"xpath","value":"//input[@id=\"application-managepartners-display-component---NewPartner--companyCodeComboBox-inner\"]"}
RESULT: {"using":"xpath","value":"//input[@id=\"application-managepartners-display-component---NewPartner--companyCodeComboBox-inner\"]"}
COMMAND: POST /session/b4f8750b6ab9764d379b715c7854fdbf/element/f.8850BFF0213FDAA0CDBB6DAFAFD06CF5.d.CB8F2C771C76486406887E3D66AA6983.e.9816/clear - {}
RESULT: {}
COMMAND: POST /session/b4f8750b6ab9764d379b715c7854fdbf/element/f.8850BFF0213FDAA0CDBB6DAFAFD06CF5.d.CB8F2C771C76486406887E3D66AA6983.e.9816/value - {"text":"1000"}
COMMAND: GET /session/b4f8750b6ab9764d379b715c7854fdbf/screenshot - {}
RESULT: {"text":"1000"}
COMMAND: GET /session/b4f8750b6ab9764d379b715c7854fdbf/screenshot - {}
RESULT: {}
RESULT: {}
COMMAND: POST /session/b4f8750b6ab9764d379b715c7854fdbf/element - {"using":"xpath","value":"//li[.//span[text()= \"1000\"]]"}
RESULT: {"using":"xpath","value":"//li[.//span[text()= \"1000\"]]"}
COMMAND: POST /session/b4f8750b6ab9764d379b715c7854fdbf/element/f.8850BFF0213FDAA0CDBB6DAFAFD06CF5.d.CB8F2C771C76486406887E3D66AA6983.e.10001/click - {}
RESULT: {}
COMMAND: GET /session/b4f8750b6ab9764d379b715c7854fdbf/screenshot - {}
RESULT: {}
COMMAND: POST /session/b4f8750b6ab9764d379b715c7854fdbf/execute/async - {"script":"<script> [1562 bytes]","args":[{"selector":{"id":"application-managepartners-display-component---NewPartner--btnAddTableRow-img"},"wdio_ui5_key":"applicationmanagepartners-display-component---NewPartner--btnAddTableRow-img"}]}
RESULT: {"script":"<script> [1562 bytes]","args":[{"selector":{"id":"application-managepartners-display-component---NewPartner--btnAddTableRow-img"},"wdio_ui5_key":"applicationmanagepartners-display-component---NewPartner--btnAddTableRow-img"}]}
RESULT: undefined
COMMAND: POST /session/b4f8750b6ab9764d379b715c7854fdbf/element - {"using":"xpath","value":"//*[@id=\"application-managepartners-display-component---NewPartner--btnAddTableRow-img\"]"}
RESULT: {"using":"xpath","value":"//*[@id=\"application-managepartners-display-component---NewPartner--btnAddTableRow-img\"]"}
COMMAND: POST /session/b4f8750b6ab9764d379b715c7854fdbf/element/f.8850BFF0213FDAA0CDBB6DAFAFD06CF5.d.CB8F2C771C76486406887E3D66AA6983.e.10002/click - {}
RESULT: {}
COMMAND: GET /session/b4f8750b6ab9764d379b715c7854fdbf/screenshot - {}
RESULT: {}
COMMAND: POST /session/b4f8750b6ab9764d379b715c7854fdbf/element - {"using":"xpath","value":"//input[@id=\"application-managepartners-display-component---NewPartner--assignmentYard-application-managepartners-display-component---NewPartner--assignmentsTable-0-inner\"]"}
RESULT: {"using":"xpath","value":"//input[@id=\"application-managepartners-display-component---NewPartner--assignmentYard-application-managepartners-display-component---NewPartner--assignmentsTable-0-inner\"]"}
COMMAND: POST /session/b4f8750b6ab9764d379b715c7854fdbf/element/f.8850BFF0213FDAA0CDBB6DAFAFD06CF5.d.CB8F2C771C76486406887E3D66AA6983.e.10005/clear - {}
RESULT: {}
COMMAND: POST /session/b4f8750b6ab9764d379b715c7854fdbf/element/f.8850BFF0213FDAA0CDBB6DAFAFD06CF5.d.CB8F2C771C76486406887E3D66AA6983.e.10005/value - {"text":"249"}
COMMAND: GET /session/b4f8750b6ab9764d379b715c7854fdbf/screenshot - {}
RESULT: {"text":"249"}
COMMAND: GET /session/b4f8750b6ab9764d379b715c7854fdbf/screenshot - {}
RESULT: {}
RESULT: {}
COMMAND: POST /session/b4f8750b6ab9764d379b715c7854fdbf/element - {"using":"xpath","value":"//ul[contains(@id,\"NewPartner--assignmentsTable-0-popup-list-listUl\")]//li[.//span[text()='249']]"}
RESULT: {"using":"xpath","value":"//ul[contains(@id,\"NewPartner--assignmentsTable-0-popup-list-listUl\")]//li[.//span[text()='249']]"}
COMMAND: POST /session/b4f8750b6ab9764d379b715c7854fdbf/element/f.8850BFF0213FDAA0CDBB6DAFAFD06CF5.d.CB8F2C771C76486406887E3D66AA6983.e.10014/click - {}
RESULT: {}
COMMAND: GET /session/b4f8750b6ab9764d379b715c7854fdbf/screenshot - {}
RESULT: {}
COMMAND: POST /session/b4f8750b6ab9764d379b715c7854fdbf/actions - {"actions":[{"id":"action26","type":"key","parameters":{},"actions":[{"type":"keyDown","value":""},{"type":"pause","duration":10},{"type":"keyUp","value":""}]}]}
RESULT: {"actions":[{"id":"action26","type":"key","parameters":{},"actions":[{"type":"keyDown","value":""},{"type":"pause","duration":10},{"type":"keyUp","value":""}]}]}
COMMAND: POST /session/b4f8750b6ab9764d379b715c7854fdbf/execute/async - {"script":"<script> [1562 bytes]","args":[{"selector":{"id":"application-managepartners-display-component---NewPartner--externalCustomerComboBox-application-managepartners-display-component---NewPartner--assignmentsTable-0-vhi"},"wdio_ui5_key":"applicationmanagepartners-display-component---NewPartner--externalCustomerComboBox-application-managepartners-display-component---NewPartner--assignmentsTable-0-vhi"}]}
COMMAND: GET /session/b4f8750b6ab9764d379b715c7854fdbf/screenshot - {}
RESULT: {"script":"<script> [1562 bytes]","args":[{"selector":{"id":"application-managepartners-display-component---NewPartner--externalCustomerComboBox-application-managepartners-display-component---NewPartner--assignmentsTable-0-vhi"},"wdio_ui5_key":"applicationmanagepartners-display-component---NewPartner--externalCustomerComboBox-application-managepartners-display-component---NewPartner--assignmentsTable-0-vhi"}]}
RESULT: undefined
COMMAND: POST /session/b4f8750b6ab9764d379b715c7854fdbf/element - {"using":"xpath","value":"//*[@id=\"application-managepartners-display-component---NewPartner--externalCustomerComboBox-application-managepartners-display-component---NewPartner--assignmentsTable-0-vhi\"]"}
RESULT: {}
RESULT: {"using":"xpath","value":"//*[@id=\"application-managepartners-display-component---NewPartner--externalCustomerComboBox-application-managepartners-display-component---NewPartner--assignmentsTable-0-vhi\"]"}
COMMAND: POST /session/b4f8750b6ab9764d379b715c7854fdbf/element/f.8850BFF0213FDAA0CDBB6DAFAFD06CF5.d.CB8F2C771C76486406887E3D66AA6983.e.10018/click - {}
RESULT: {}
RESULT: undefined
COMMAND: POST /session/b4f8750b6ab9764d379b715c7854fdbf/execute/async - {"script":"<script> [776 bytes]","args":[{"enterText":"300003","selector":{"controlType":"sap.m.SearchField","properties":{"placeholder":"Search"},"searchOpenDialogs":true,"interaction":{"idSuffix":"I"}},"clearTextFirst":true,"interactionType":"ENTER_TEXT"}]}
COMMAND: GET /session/b4f8750b6ab9764d379b715c7854fdbf/screenshot - {}
RESULT: {"script":"<script> [776 bytes]","args":[{"enterText":"300003","selector":{"controlType":"sap.m.SearchField","properties":{"placeholder":"Search"},"searchOpenDialogs":true,"interaction":{"idSuffix":"I"}},"clearTextFirst":true,"interactionType":"ENTER_TEXT"}]}
COMMAND: POST /session/b4f8750b6ab9764d379b715c7854fdbf/actions - {"actions":[{"id":"action27","type":"key","parameters":{},"actions":[{"type":"keyDown","value":""},{"type":"pause","duration":10},{"type":"keyUp","value":""}]}]}
RESULT: {}
RESULT: {"actions":[{"id":"action27","type":"key","parameters":{},"actions":[{"type":"keyDown","value":""},{"type":"pause","duration":10},{"type":"keyUp","value":""}]}]}
COMMAND: GET /session/b4f8750b6ab9764d379b715c7854fdbf/screenshot - {}
RESULT: {}
COMMAND: POST /session/b4f8750b6ab9764d379b715c7854fdbf/element - {"using":"xpath","value":"//span[contains(text(), \"300003\")]"}
RESULT: {"using":"xpath","value":"//span[contains(text(), \"300003\")]"}
COMMAND: POST /session/b4f8750b6ab9764d379b715c7854fdbf/element/f.8850BFF0213FDAA0CDBB6DAFAFD06CF5.d.CB8F2C771C76486406887E3D66AA6983.e.10067/click - {}
RESULT: {}
COMMAND: GET /session/b4f8750b6ab9764d379b715c7854fdbf/screenshot - {}
RESULT: {}
COMMAND: POST /session/b4f8750b6ab9764d379b715c7854fdbf/element - {"using":"xpath","value":"//bdi[contains(text(), \"OK\")]"}
RESULT: {"using":"xpath","value":"//bdi[contains(text(), \"OK\")]"}
COMMAND: POST /session/b4f8750b6ab9764d379b715c7854fdbf/element/f.8850BFF0213FDAA0CDBB6DAFAFD06CF5.d.CB8F2C771C76486406887E3D66AA6983.e.10069/click - {}
RESULT: {}
COMMAND: GET /session/b4f8750b6ab9764d379b715c7854fdbf/screenshot - {}
RESULT: {}
COMMAND: POST /session/b4f8750b6ab9764d379b715c7854fdbf/execute/async - {"script":"<script> [1562 bytes]","args":[{"selector":{"id":"application-managepartners-display-component---NewPartner--intercompVendorComboBox-application-managepartners-display-component---NewPartner--assignmentsTable-0-vhi"},"wdio_ui5_key":"applicationmanagepartners-display-component---NewPartner--intercompVendorComboBox-application-managepartners-display-component---NewPartner--assignmentsTable-0-vhi"}]}
RESULT: {"script":"<script> [1562 bytes]","args":[{"selector":{"id":"application-managepartners-display-component---NewPartner--intercompVendorComboBox-application-managepartners-display-component---NewPartner--assignmentsTable-0-vhi"},"wdio_ui5_key":"applicationmanagepartners-display-component---NewPartner--intercompVendorComboBox-application-managepartners-display-component---NewPartner--assignmentsTable-0-vhi"}]}
RESULT: undefined
COMMAND: POST /session/b4f8750b6ab9764d379b715c7854fdbf/element - {"using":"xpath","value":"//*[@id=\"application-managepartners-display-component---NewPartner--intercompVendorComboBox-application-managepartners-display-component---NewPartner--assignmentsTable-0-vhi\"]"}
RESULT: {"using":"xpath","value":"//*[@id=\"application-managepartners-display-component---NewPartner--intercompVendorComboBox-application-managepartners-display-component---NewPartner--assignmentsTable-0-vhi\"]"}
COMMAND: POST /session/b4f8750b6ab9764d379b715c7854fdbf/element/f.8850BFF0213FDAA0CDBB6DAFAFD06CF5.d.CB8F2C771C76486406887E3D66AA6983.e.10072/click - {}
RESULT: {}
RESULT: undefined
COMMAND: POST /session/b4f8750b6ab9764d379b715c7854fdbf/execute/async - {"script":"<script> [776 bytes]","args":[{"enterText":"100005","selector":{"controlType":"sap.m.SearchField","properties":{"placeholder":"Search"},"searchOpenDialogs":true,"interaction":{"idSuffix":"I"}},"clearTextFirst":true,"interactionType":"ENTER_TEXT"}]}
COMMAND: GET /session/b4f8750b6ab9764d379b715c7854fdbf/screenshot - {}
RESULT: {"script":"<script> [776 bytes]","args":[{"enterText":"100005","selector":{"controlType":"sap.m.SearchField","properties":{"placeholder":"Search"},"searchOpenDialogs":true,"interaction":{"idSuffix":"I"}},"clearTextFirst":true,"interactionType":"ENTER_TEXT"}]}
COMMAND: POST /session/b4f8750b6ab9764d379b715c7854fdbf/actions - {"actions":[{"id":"action28","type":"key","parameters":{},"actions":[{"type":"keyDown","value":""},{"type":"pause","duration":10},{"type":"keyUp","value":""}]}]}
RESULT: {}
RESULT: {"actions":[{"id":"action28","type":"key","parameters":{},"actions":[{"type":"keyDown","value":""},{"type":"pause","duration":10},{"type":"keyUp","value":""}]}]}
COMMAND: GET /session/b4f8750b6ab9764d379b715c7854fdbf/screenshot - {}
RESULT: {}
COMMAND: POST /session/b4f8750b6ab9764d379b715c7854fdbf/element - {"using":"xpath","value":"//span[contains(text(), \"Penguins - Field/12345 Berlin\")]"}
RESULT: {"using":"xpath","value":"//span[contains(text(), \"Penguins - Field/12345 Berlin\")]"}
COMMAND: POST /session/b4f8750b6ab9764d379b715c7854fdbf/element/f.8850BFF0213FDAA0CDBB6DAFAFD06CF5.d.CB8F2C771C76486406887E3D66AA6983.e.10091/click - {}
RESULT: {}
COMMAND: GET /session/b4f8750b6ab9764d379b715c7854fdbf/screenshot - {}
RESULT: {}
COMMAND: POST /session/b4f8750b6ab9764d379b715c7854fdbf/element - {"using":"xpath","value":"//bdi[contains(text(), \"OK\")]"}
RESULT: {"using":"xpath","value":"//bdi[contains(text(), \"OK\")]"}
COMMAND: POST /session/b4f8750b6ab9764d379b715c7854fdbf/element/f.8850BFF0213FDAA0CDBB6DAFAFD06CF5.d.CB8F2C771C76486406887E3D66AA6983.e.10092/click - {}
RESULT: {}
COMMAND: GET /session/b4f8750b6ab9764d379b715c7854fdbf/screenshot - {}
RESULT: {}
COMMAND: POST /session/b4f8750b6ab9764d379b715c7854fdbf/element - {"using":"xpath","value":"//button[@data-kt=\"saveButton\"]"}
RESULT: {"using":"xpath","value":"//button[@data-kt=\"saveButton\"]"}
COMMAND: POST /session/b4f8750b6ab9764d379b715c7854fdbf/element/f.8850BFF0213FDAA0CDBB6DAFAFD06CF5.d.CB8F2C771C76486406887E3D66AA6983.e.9898/click - {}
RESULT: {}
COMMAND: GET /session/b4f8750b6ab9764d379b715c7854fdbf/screenshot - {}
RESULT: {}
COMMAND: POST /session/b4f8750b6ab9764d379b715c7854fdbf/element - {"using":"xpath","value":"//header[contains(@id, 'ObjectPageLayout-headerTitle')]/div[1]/div[2]/div[2]/span[1]"}
RESULT: {"using":"xpath","value":"//header[contains(@id, 'ObjectPageLayout-headerTitle')]/div[1]/div[2]/div[2]/span[1]"}
COMMAND: POST /session/b4f8750b6ab9764d379b715c7854fdbf/elements - {"using":"xpath","value":"//header[contains(@id, 'ObjectPageLayout-headerTitle')]/div[1]/div[2]/div[2]/span[1]"}
RESULT: {"using":"xpath","value":"//header[contains(@id, 'ObjectPageLayout-headerTitle')]/div[1]/div[2]/div[2]/span[1]"}
COMMAND: POST /session/b4f8750b6ab9764d379b715c7854fdbf/execute/sync - {"script":"<script> [56 bytes]","args":[{"element-6066-11e4-a52e-4f735466cecf":"f.8850BFF0213FDAA0CDBB6DAFAFD06CF5.d.CB8F2C771C76486406887E3D66AA6983.e.10253","ELEMENT":"f.8850BFF0213FDAA0CDBB6DAFAFD06CF5.d.CB8F2C771C76486406887E3D66AA6983.e.10253"}]}
RESULT: {"script":"<script> [56 bytes]","args":[{"element-6066-11e4-a52e-4f735466cecf":"f.8850BFF0213FDAA0CDBB6DAFAFD06CF5.d.CB8F2C771C76486406887E3D66AA6983.e.10253","ELEMENT":"f.8850BFF0213FDAA0CDBB6DAFAFD06CF5.d.CB8F2C771C76486406887E3D66AA6983.e.10253"}]}
COMMAND: POST /session/b4f8750b6ab9764d379b715c7854fdbf/element - {"using":"css selector","value":"#shell-header-logo"}
COMMAND: GET /session/b4f8750b6ab9764d379b715c7854fdbf/screenshot - {}
RESULT: {"using":"css selector","value":"#shell-header-logo"}
COMMAND: POST /session/b4f8750b6ab9764d379b715c7854fdbf/element/f.8850BFF0213FDAA0CDBB6DAFAFD06CF5.d.CB8F2C771C76486406887E3D66AA6983.e.9477/click - {}
RESULT: {}
RESULT: {}
COMMAND: GET /session/b4f8750b6ab9764d379b715c7854fdbf/screenshot - {}
RESULT: {}
COMMAND: POST /session/b4f8750b6ab9764d379b715c7854fdbf/execute/sync - {"script":"<script> [299 bytes]","args":[["getModel","getResource"]]}
RESULT: {"script":"<script> [299 bytes]","args":[["getModel","getResource"]]}
]]></system-out>
    </testcase>
    <testcase classname="chrome.137_0_7151_69.windows.Billing_Transfer_-_Intracompany_US127249" name="Should create a new site" time="93.374">
      <system-out><![CDATA[
COMMAND: GET /session/b4f8750b6ab9764d379b715c7854fdbf/screenshot - {}
COMMAND: POST /session/b4f8750b6ab9764d379b715c7854fdbf/execute/async - {"script":"<script> [1562 bytes]","args":[{"selector":{"controlType":"sap.m.GenericTile","properties":{"header":"Manage Sites"}},"wdio_ui5_key":"sapm.GenericTile{\"header\":\"Manage Sites\"}"}]}
RESULT: {}
RESULT: {"script":"<script> [1562 bytes]","args":[{"selector":{"controlType":"sap.m.GenericTile","properties":{"header":"Manage Sites"}},"wdio_ui5_key":"sapm.GenericTile{\"header\":\"Manage Sites\"}"}]}
RESULT: undefined
COMMAND: POST /session/b4f8750b6ab9764d379b715c7854fdbf/element - {"using":"xpath","value":"//*[@id=\"__tile41\"]"}
RESULT: {"using":"xpath","value":"//*[@id=\"__tile41\"]"}
COMMAND: POST /session/b4f8750b6ab9764d379b715c7854fdbf/element/f.8850BFF0213FDAA0CDBB6DAFAFD06CF5.d.CB8F2C771C76486406887E3D66AA6983.e.8617/click - {}
RESULT: {}
COMMAND: GET /session/b4f8750b6ab9764d379b715c7854fdbf/screenshot - {}
RESULT: {}
COMMAND: POST /session/b4f8750b6ab9764d379b715c7854fdbf/elements - {"using":"xpath","value":"//span[text()='Error']"}
RESULT: {"using":"xpath","value":"//span[text()='Error']"}
COMMAND: POST /session/b4f8750b6ab9764d379b715c7854fdbf/element - {"using":"xpath","value":"//button[@data-kt=\"addOverflowToolbarButton\"]"}
RESULT: {"using":"xpath","value":"//button[@data-kt=\"addOverflowToolbarButton\"]"}
COMMAND: POST /session/b4f8750b6ab9764d379b715c7854fdbf/elements - {"using":"xpath","value":"//button[@data-kt=\"addOverflowToolbarButton\"]"}
RESULT: {"using":"xpath","value":"//button[@data-kt=\"addOverflowToolbarButton\"]"}
COMMAND: POST /session/b4f8750b6ab9764d379b715c7854fdbf/execute/sync - {"script":"<script> [8489 bytes]","args":[{"element-6066-11e4-a52e-4f735466cecf":"f.8850BFF0213FDAA0CDBB6DAFAFD06CF5.d.CB8F2C771C76486406887E3D66AA6983.e.10301","ELEMENT":"f.8850BFF0213FDAA0CDBB6DAFAFD06CF5.d.CB8F2C771C76486406887E3D66AA6983.e.10301"}]}
RESULT: {"script":"<script> [8489 bytes]","args":[{"element-6066-11e4-a52e-4f735466cecf":"f.8850BFF0213FDAA0CDBB6DAFAFD06CF5.d.CB8F2C771C76486406887E3D66AA6983.e.10301","ELEMENT":"f.8850BFF0213FDAA0CDBB6DAFAFD06CF5.d.CB8F2C771C76486406887E3D66AA6983.e.10301"}]}
COMMAND: GET /session/b4f8750b6ab9764d379b715c7854fdbf/element/f.8850BFF0213FDAA0CDBB6DAFAFD06CF5.d.CB8F2C771C76486406887E3D66AA6983.e.10301/enabled - {}
COMMAND: GET /session/b4f8750b6ab9764d379b715c7854fdbf/screenshot - {}
RESULT: {}
COMMAND: POST /session/b4f8750b6ab9764d379b715c7854fdbf/execute/sync - {"script":"<script> [8489 bytes]","args":[{"element-6066-11e4-a52e-4f735466cecf":"f.8850BFF0213FDAA0CDBB6DAFAFD06CF5.d.CB8F2C771C76486406887E3D66AA6983.e.10301","ELEMENT":"f.8850BFF0213FDAA0CDBB6DAFAFD06CF5.d.CB8F2C771C76486406887E3D66AA6983.e.10301"}]}
COMMAND: GET /session/b4f8750b6ab9764d379b715c7854fdbf/screenshot - {}
RESULT: {}
RESULT: {"script":"<script> [8489 bytes]","args":[{"element-6066-11e4-a52e-4f735466cecf":"f.8850BFF0213FDAA0CDBB6DAFAFD06CF5.d.CB8F2C771C76486406887E3D66AA6983.e.10301","ELEMENT":"f.8850BFF0213FDAA0CDBB6DAFAFD06CF5.d.CB8F2C771C76486406887E3D66AA6983.e.10301"}]}
COMMAND: POST /session/b4f8750b6ab9764d379b715c7854fdbf/execute/sync - {"script":"<script> [5351 bytes]","args":[{"element-6066-11e4-a52e-4f735466cecf":"f.8850BFF0213FDAA0CDBB6DAFAFD06CF5.d.CB8F2C771C76486406887E3D66AA6983.e.10301","ELEMENT":"f.8850BFF0213FDAA0CDBB6DAFAFD06CF5.d.CB8F2C771C76486406887E3D66AA6983.e.10301"}]}
COMMAND: GET /session/b4f8750b6ab9764d379b715c7854fdbf/screenshot - {}
RESULT: {}
RESULT: {"script":"<script> [5351 bytes]","args":[{"element-6066-11e4-a52e-4f735466cecf":"f.8850BFF0213FDAA0CDBB6DAFAFD06CF5.d.CB8F2C771C76486406887E3D66AA6983.e.10301","ELEMENT":"f.8850BFF0213FDAA0CDBB6DAFAFD06CF5.d.CB8F2C771C76486406887E3D66AA6983.e.10301"}]}
COMMAND: POST /session/b4f8750b6ab9764d379b715c7854fdbf/element/f.8850BFF0213FDAA0CDBB6DAFAFD06CF5.d.CB8F2C771C76486406887E3D66AA6983.e.10301/click - {}
COMMAND: GET /session/b4f8750b6ab9764d379b715c7854fdbf/screenshot - {}
RESULT: {}
RESULT: {}
COMMAND: GET /session/b4f8750b6ab9764d379b715c7854fdbf/screenshot - {}
RESULT: {}
COMMAND: POST /session/b4f8750b6ab9764d379b715c7854fdbf/element - {"using":"xpath","value":"//input[@id=\"application-managesites-display-component---NewSite--siteId-inner\"]"}
RESULT: {}
RESULT: {"using":"xpath","value":"//input[@id=\"application-managesites-display-component---NewSite--siteId-inner\"]"}
COMMAND: POST /session/b4f8750b6ab9764d379b715c7854fdbf/element - {"using":"xpath","value":"//input[@id=\"application-managesites-display-component---NewSite--siteId-inner\"]"}
RESULT: {"using":"xpath","value":"//input[@id=\"application-managesites-display-component---NewSite--siteId-inner\"]"}
COMMAND: POST /session/b4f8750b6ab9764d379b715c7854fdbf/execute/async - {"script":"<script> [1562 bytes]","args":[{"selector":{"id":"application-managesites-display-component---NewSite--addressDetailDetailsName1","interaction":{"idSuffix":"inner"}},"wdio_ui5_key":"applicationmanagesites-display-component---NewSite--addressDetailDetailsName1"}]}
RESULT: {"script":"<script> [1562 bytes]","args":[{"selector":{"id":"application-managesites-display-component---NewSite--addressDetailDetailsName1","interaction":{"idSuffix":"inner"}},"wdio_ui5_key":"applicationmanagesites-display-component---NewSite--addressDetailDetailsName1"}]}
RESULT: undefined
COMMAND: POST /session/b4f8750b6ab9764d379b715c7854fdbf/execute/async - {"script":"<script> [776 bytes]","args":[{"enterText":"Intracompany Site wdIO","selector":{"id":"application-managesites-display-component---NewSite--addressDetailDetailsName1","interaction":{"idSuffix":"inner"}},"clearTextFirst":true,"interactionType":"ENTER_TEXT"}]}
RESULT: {"script":"<script> [776 bytes]","args":[{"enterText":"Intracompany Site wdIO","selector":{"id":"application-managesites-display-component---NewSite--addressDetailDetailsName1","interaction":{"idSuffix":"inner"}},"clearTextFirst":true,"interactionType":"ENTER_TEXT"}]}
COMMAND: POST /session/b4f8750b6ab9764d379b715c7854fdbf/execute/async - {"script":"<script> [1562 bytes]","args":[{"selector":{"id":"application-managesites-display-component---NewSite--addressDetailDetailsLanguage-arrow"},"wdio_ui5_key":"applicationmanagesites-display-component---NewSite--addressDetailDetailsLanguage-arrow"}]}
RESULT: {"script":"<script> [1562 bytes]","args":[{"selector":{"id":"application-managesites-display-component---NewSite--addressDetailDetailsLanguage-arrow"},"wdio_ui5_key":"applicationmanagesites-display-component---NewSite--addressDetailDetailsLanguage-arrow"}]}
RESULT: undefined
COMMAND: POST /session/b4f8750b6ab9764d379b715c7854fdbf/element - {"using":"xpath","value":"//*[@id=\"application-managesites-display-component---NewSite--addressDetailDetailsLanguage-arrow\"]"}
RESULT: {"using":"xpath","value":"//*[@id=\"application-managesites-display-component---NewSite--addressDetailDetailsLanguage-arrow\"]"}
COMMAND: POST /session/b4f8750b6ab9764d379b715c7854fdbf/element/f.8850BFF0213FDAA0CDBB6DAFAFD06CF5.d.CB8F2C771C76486406887E3D66AA6983.e.10703/click - {}
RESULT: {}
COMMAND: POST /session/b4f8750b6ab9764d379b715c7854fdbf/element - {"using":"xpath","value":"//span[contains(text(), \"English\")]"}
COMMAND: GET /session/b4f8750b6ab9764d379b715c7854fdbf/screenshot - {}
RESULT: {"using":"xpath","value":"//span[contains(text(), \"English\")]"}
COMMAND: POST /session/b4f8750b6ab9764d379b715c7854fdbf/element/f.8850BFF0213FDAA0CDBB6DAFAFD06CF5.d.CB8F2C771C76486406887E3D66AA6983.e.10704/click - {}
RESULT: {}
RESULT: {}
COMMAND: POST /session/b4f8750b6ab9764d379b715c7854fdbf/execute/async - {"script":"<script> [1562 bytes]","args":[{"selector":{"id":"application-managesites-display-component---NewSite--addressDetailDetailsCity1","interaction":{"idSuffix":"inner"}},"wdio_ui5_key":"applicationmanagesites-display-component---NewSite--addressDetailDetailsCity1"}]}
COMMAND: GET /session/b4f8750b6ab9764d379b715c7854fdbf/screenshot - {}
RESULT: {"script":"<script> [1562 bytes]","args":[{"selector":{"id":"application-managesites-display-component---NewSite--addressDetailDetailsCity1","interaction":{"idSuffix":"inner"}},"wdio_ui5_key":"applicationmanagesites-display-component---NewSite--addressDetailDetailsCity1"}]}
RESULT: undefined
COMMAND: POST /session/b4f8750b6ab9764d379b715c7854fdbf/execute/async - {"script":"<script> [776 bytes]","args":[{"enterText":"Rosario","selector":{"id":"application-managesites-display-component---NewSite--addressDetailDetailsCity1","interaction":{"idSuffix":"inner"}},"clearTextFirst":true,"interactionType":"ENTER_TEXT"}]}
RESULT: {}
RESULT: {"script":"<script> [776 bytes]","args":[{"enterText":"Rosario","selector":{"id":"application-managesites-display-component---NewSite--addressDetailDetailsCity1","interaction":{"idSuffix":"inner"}},"clearTextFirst":true,"interactionType":"ENTER_TEXT"}]}
COMMAND: POST /session/b4f8750b6ab9764d379b715c7854fdbf/execute/async - {"script":"<script> [1562 bytes]","args":[{"selector":{"id":"application-managesites-display-component---NewSite--addressDetailDetailsCountry-arrow"},"wdio_ui5_key":"applicationmanagesites-display-component---NewSite--addressDetailDetailsCountry-arrow"}]}
RESULT: {"script":"<script> [1562 bytes]","args":[{"selector":{"id":"application-managesites-display-component---NewSite--addressDetailDetailsCountry-arrow"},"wdio_ui5_key":"applicationmanagesites-display-component---NewSite--addressDetailDetailsCountry-arrow"}]}
RESULT: undefined
COMMAND: POST /session/b4f8750b6ab9764d379b715c7854fdbf/element - {"using":"xpath","value":"//*[@id=\"application-managesites-display-component---NewSite--addressDetailDetailsCountry-arrow\"]"}
RESULT: {"using":"xpath","value":"//*[@id=\"application-managesites-display-component---NewSite--addressDetailDetailsCountry-arrow\"]"}
COMMAND: POST /session/b4f8750b6ab9764d379b715c7854fdbf/element/f.8850BFF0213FDAA0CDBB6DAFAFD06CF5.d.CB8F2C771C76486406887E3D66AA6983.e.10706/click - {}
RESULT: {}
COMMAND: POST /session/b4f8750b6ab9764d379b715c7854fdbf/element - {"using":"xpath","value":"//span[contains(text(), \"Argentina\")]"}
COMMAND: GET /session/b4f8750b6ab9764d379b715c7854fdbf/screenshot - {}
RESULT: {"using":"xpath","value":"//span[contains(text(), \"Argentina\")]"}
COMMAND: POST /session/b4f8750b6ab9764d379b715c7854fdbf/element/f.8850BFF0213FDAA0CDBB6DAFAFD06CF5.d.CB8F2C771C76486406887E3D66AA6983.e.10708/click - {}
RESULT: {}
RESULT: {}
COMMAND: GET /session/b4f8750b6ab9764d379b715c7854fdbf/screenshot - {}
RESULT: {}
COMMAND: POST /session/b4f8750b6ab9764d379b715c7854fdbf/execute/async - {"script":"<script> [1562 bytes]","args":[{"selector":{"id":"application-managesites-display-component---NewSite--addressEditDetailsCostObjectCstType-arrow"},"wdio_ui5_key":"applicationmanagesites-display-component---NewSite--addressEditDetailsCostObjectCstType-arrow"}]}
RESULT: {"script":"<script> [1562 bytes]","args":[{"selector":{"id":"application-managesites-display-component---NewSite--addressEditDetailsCostObjectCstType-arrow"},"wdio_ui5_key":"applicationmanagesites-display-component---NewSite--addressEditDetailsCostObjectCstType-arrow"}]}
RESULT: undefined
COMMAND: POST /session/b4f8750b6ab9764d379b715c7854fdbf/element - {"using":"xpath","value":"//*[@id=\"application-managesites-display-component---NewSite--addressEditDetailsCostObjectCstType-arrow\"]"}
RESULT: {"using":"xpath","value":"//*[@id=\"application-managesites-display-component---NewSite--addressEditDetailsCostObjectCstType-arrow\"]"}
COMMAND: POST /session/b4f8750b6ab9764d379b715c7854fdbf/element/f.8850BFF0213FDAA0CDBB6DAFAFD06CF5.d.CB8F2C771C76486406887E3D66AA6983.e.10709/click - {}
RESULT: {}
COMMAND: POST /session/b4f8750b6ab9764d379b715c7854fdbf/element - {"using":"xpath","value":"//span[contains(text(), \"Cost Center\")]"}
COMMAND: GET /session/b4f8750b6ab9764d379b715c7854fdbf/screenshot - {}
RESULT: {"using":"xpath","value":"//span[contains(text(), \"Cost Center\")]"}
COMMAND: POST /session/b4f8750b6ab9764d379b715c7854fdbf/element/f.8850BFF0213FDAA0CDBB6DAFAFD06CF5.d.CB8F2C771C76486406887E3D66AA6983.e.10710/click - {}
RESULT: {}
RESULT: {}
COMMAND: GET /session/b4f8750b6ab9764d379b715c7854fdbf/screenshot - {}
RESULT: {}
COMMAND: POST /session/b4f8750b6ab9764d379b715c7854fdbf/element - {"using":"xpath","value":"//span[@id=\"application-managesites-display-component---NewSite--addressNewCostObjectCstID-vhi\"]"}
RESULT: {"using":"xpath","value":"//span[@id=\"application-managesites-display-component---NewSite--addressNewCostObjectCstID-vhi\"]"}
COMMAND: POST /session/b4f8750b6ab9764d379b715c7854fdbf/execute/sync - {"script":"<script> [8489 bytes]","args":[{"element-6066-11e4-a52e-4f735466cecf":"f.8850BFF0213FDAA0CDBB6DAFAFD06CF5.d.CB8F2C771C76486406887E3D66AA6983.e.10715","ELEMENT":"f.8850BFF0213FDAA0CDBB6DAFAFD06CF5.d.CB8F2C771C76486406887E3D66AA6983.e.10715"}]}
RESULT: {"script":"<script> [8489 bytes]","args":[{"element-6066-11e4-a52e-4f735466cecf":"f.8850BFF0213FDAA0CDBB6DAFAFD06CF5.d.CB8F2C771C76486406887E3D66AA6983.e.10715","ELEMENT":"f.8850BFF0213FDAA0CDBB6DAFAFD06CF5.d.CB8F2C771C76486406887E3D66AA6983.e.10715"}]}
COMMAND: POST /session/b4f8750b6ab9764d379b715c7854fdbf/execute/async - {"script":"<script> [1562 bytes]","args":[{"selector":{"id":"application-managesites-display-component---NewSite--addressNewCostObjectCstID-vhi"},"wdio_ui5_key":"applicationmanagesites-display-component---NewSite--addressNewCostObjectCstID-vhi"}]}
COMMAND: GET /session/b4f8750b6ab9764d379b715c7854fdbf/screenshot - {}
RESULT: {"script":"<script> [1562 bytes]","args":[{"selector":{"id":"application-managesites-display-component---NewSite--addressNewCostObjectCstID-vhi"},"wdio_ui5_key":"applicationmanagesites-display-component---NewSite--addressNewCostObjectCstID-vhi"}]}
RESULT: undefined
COMMAND: POST /session/b4f8750b6ab9764d379b715c7854fdbf/element - {"using":"xpath","value":"//*[@id=\"application-managesites-display-component---NewSite--addressNewCostObjectCstID-vhi\"]"}
RESULT: {}
RESULT: {"using":"xpath","value":"//*[@id=\"application-managesites-display-component---NewSite--addressNewCostObjectCstID-vhi\"]"}
COMMAND: POST /session/b4f8750b6ab9764d379b715c7854fdbf/element/f.8850BFF0213FDAA0CDBB6DAFAFD06CF5.d.CB8F2C771C76486406887E3D66AA6983.e.10715/click - {}
RESULT: {}
COMMAND: GET /session/b4f8750b6ab9764d379b715c7854fdbf/screenshot - {}
RESULT: {}
RESULT: undefined
COMMAND: POST /session/b4f8750b6ab9764d379b715c7854fdbf/execute/async - {"script":"<script> [776 bytes]","args":[{"enterText":"10001013","selector":{"controlType":"sap.m.SearchField","properties":{"placeholder":"Search"},"searchOpenDialogs":true,"interaction":{"idSuffix":"I"}},"clearTextFirst":true,"interactionType":"ENTER_TEXT"}]}
RESULT: {"script":"<script> [776 bytes]","args":[{"enterText":"10001013","selector":{"controlType":"sap.m.SearchField","properties":{"placeholder":"Search"},"searchOpenDialogs":true,"interaction":{"idSuffix":"I"}},"clearTextFirst":true,"interactionType":"ENTER_TEXT"}]}
COMMAND: POST /session/b4f8750b6ab9764d379b715c7854fdbf/actions - {"actions":[{"id":"action29","type":"key","parameters":{},"actions":[{"type":"keyDown","value":""},{"type":"pause","duration":10},{"type":"keyUp","value":""}]}]}
RESULT: {"actions":[{"id":"action29","type":"key","parameters":{},"actions":[{"type":"keyDown","value":""},{"type":"pause","duration":10},{"type":"keyUp","value":""}]}]}
COMMAND: GET /session/b4f8750b6ab9764d379b715c7854fdbf/screenshot - {}
RESULT: {}
COMMAND: POST /session/b4f8750b6ab9764d379b715c7854fdbf/element - {"using":"xpath","value":"//span[contains(text(), \"General Management\")]"}
RESULT: {"using":"xpath","value":"//span[contains(text(), \"General Management\")]"}
COMMAND: POST /session/b4f8750b6ab9764d379b715c7854fdbf/element/f.8850BFF0213FDAA0CDBB6DAFAFD06CF5.d.CB8F2C771C76486406887E3D66AA6983.e.10755/click - {}
RESULT: {}
COMMAND: GET /session/b4f8750b6ab9764d379b715c7854fdbf/screenshot - {}
RESULT: {}
COMMAND: POST /session/b4f8750b6ab9764d379b715c7854fdbf/element - {"using":"xpath","value":"//bdi[contains(text(), \"OK\")]"}
RESULT: {"using":"xpath","value":"//bdi[contains(text(), \"OK\")]"}
COMMAND: POST /session/b4f8750b6ab9764d379b715c7854fdbf/element/f.8850BFF0213FDAA0CDBB6DAFAFD06CF5.d.CB8F2C771C76486406887E3D66AA6983.e.10756/click - {}
RESULT: {}
COMMAND: GET /session/b4f8750b6ab9764d379b715c7854fdbf/screenshot - {}
RESULT: {}
COMMAND: POST /session/b4f8750b6ab9764d379b715c7854fdbf/element - {"using":"xpath","value":"//input[@id=\"application-managesites-display-component---NewSite--addressDetailDetailsCalendar-inner\"]"}
RESULT: {"using":"xpath","value":"//input[@id=\"application-managesites-display-component---NewSite--addressDetailDetailsCalendar-inner\"]"}
COMMAND: POST /session/b4f8750b6ab9764d379b715c7854fdbf/element/f.8850BFF0213FDAA0CDBB6DAFAFD06CF5.d.CB8F2C771C76486406887E3D66AA6983.e.10496/clear - {}
RESULT: {}
COMMAND: POST /session/b4f8750b6ab9764d379b715c7854fdbf/element/f.8850BFF0213FDAA0CDBB6DAFAFD06CF5.d.CB8F2C771C76486406887E3D66AA6983.e.10496/value - {"text":"Unit"}
COMMAND: GET /session/b4f8750b6ab9764d379b715c7854fdbf/screenshot - {}
RESULT: {"text":"Unit"}
COMMAND: GET /session/b4f8750b6ab9764d379b715c7854fdbf/screenshot - {}
RESULT: {}
RESULT: {}
COMMAND: POST /session/b4f8750b6ab9764d379b715c7854fdbf/actions - {"actions":[{"id":"action30","type":"key","parameters":{},"actions":[{"type":"keyDown","value":""},{"type":"pause","duration":10},{"type":"keyUp","value":""}]}]}
RESULT: {"actions":[{"id":"action30","type":"key","parameters":{},"actions":[{"type":"keyDown","value":""},{"type":"pause","duration":10},{"type":"keyUp","value":""}]}]}
COMMAND: POST /session/b4f8750b6ab9764d379b715c7854fdbf/element - {"using":"xpath","value":"//input[@id=\"application-managesites-display-component---NewSite--addressDetailDetailsYard-inner\"]"}
COMMAND: GET /session/b4f8750b6ab9764d379b715c7854fdbf/screenshot - {}
RESULT: {"using":"xpath","value":"//input[@id=\"application-managesites-display-component---NewSite--addressDetailDetailsYard-inner\"]"}
COMMAND: POST /session/b4f8750b6ab9764d379b715c7854fdbf/element/f.8850BFF0213FDAA0CDBB6DAFAFD06CF5.d.CB8F2C771C76486406887E3D66AA6983.e.10497/clear - {}
RESULT: {}
RESULT: {}
COMMAND: POST /session/b4f8750b6ab9764d379b715c7854fdbf/element/f.8850BFF0213FDAA0CDBB6DAFAFD06CF5.d.CB8F2C771C76486406887E3D66AA6983.e.10497/value - {"text":"249"}
COMMAND: GET /session/b4f8750b6ab9764d379b715c7854fdbf/screenshot - {}
RESULT: {"text":"249"}
COMMAND: GET /session/b4f8750b6ab9764d379b715c7854fdbf/screenshot - {}
RESULT: {}
RESULT: {}
COMMAND: POST /session/b4f8750b6ab9764d379b715c7854fdbf/element - {"using":"xpath","value":"//li[.//span[text()='249']]"}
RESULT: {"using":"xpath","value":"//li[.//span[text()='249']]"}
COMMAND: POST /session/b4f8750b6ab9764d379b715c7854fdbf/element/f.8850BFF0213FDAA0CDBB6DAFAFD06CF5.d.CB8F2C771C76486406887E3D66AA6983.e.10764/click - {}
RESULT: {}
COMMAND: GET /session/b4f8750b6ab9764d379b715c7854fdbf/screenshot - {}
RESULT: {}
COMMAND: POST /session/b4f8750b6ab9764d379b715c7854fdbf/element - {"using":"xpath","value":"//input[@id=\"application-managesites-display-component---NewSite--addressDetailDetailsPartner-inner\"]"}
RESULT: {"using":"xpath","value":"//input[@id=\"application-managesites-display-component---NewSite--addressDetailDetailsPartner-inner\"]"}
COMMAND: POST /session/b4f8750b6ab9764d379b715c7854fdbf/element - {"using":"xpath","value":"//input[@id=\"application-managesites-display-component---NewSite--addressDetailDetailsPartner-inner\"]"}
RESULT: {"using":"xpath","value":"//input[@id=\"application-managesites-display-component---NewSite--addressDetailDetailsPartner-inner\"]"}
COMMAND: POST /session/b4f8750b6ab9764d379b715c7854fdbf/element - {"using":"xpath","value":"//button[@data-kt=\"saveButton\"]"}
RESULT: {"using":"xpath","value":"//button[@data-kt=\"saveButton\"]"}
COMMAND: POST /session/b4f8750b6ab9764d379b715c7854fdbf/element/f.8850BFF0213FDAA0CDBB6DAFAFD06CF5.d.CB8F2C771C76486406887E3D66AA6983.e.10696/click - {}
RESULT: {}
COMMAND: GET /session/b4f8750b6ab9764d379b715c7854fdbf/screenshot - {}
RESULT: {}
COMMAND: POST /session/b4f8750b6ab9764d379b715c7854fdbf/element - {"using":"xpath","value":"//header[contains(@id, 'ObjectPageLayout-headerTitle')]/div[1]/div[2]/div[2]/span[1]"}
RESULT: {"using":"xpath","value":"//header[contains(@id, 'ObjectPageLayout-headerTitle')]/div[1]/div[2]/div[2]/span[1]"}
COMMAND: POST /session/b4f8750b6ab9764d379b715c7854fdbf/elements - {"using":"xpath","value":"//header[contains(@id, 'ObjectPageLayout-headerTitle')]/div[1]/div[2]/div[2]/span[1]"}
RESULT: {"using":"xpath","value":"//header[contains(@id, 'ObjectPageLayout-headerTitle')]/div[1]/div[2]/div[2]/span[1]"}
COMMAND: POST /session/b4f8750b6ab9764d379b715c7854fdbf/execute/sync - {"script":"<script> [56 bytes]","args":[{"element-6066-11e4-a52e-4f735466cecf":"f.8850BFF0213FDAA0CDBB6DAFAFD06CF5.d.CB8F2C771C76486406887E3D66AA6983.e.10968","ELEMENT":"f.8850BFF0213FDAA0CDBB6DAFAFD06CF5.d.CB8F2C771C76486406887E3D66AA6983.e.10968"}]}
RESULT: {"script":"<script> [56 bytes]","args":[{"element-6066-11e4-a52e-4f735466cecf":"f.8850BFF0213FDAA0CDBB6DAFAFD06CF5.d.CB8F2C771C76486406887E3D66AA6983.e.10968","ELEMENT":"f.8850BFF0213FDAA0CDBB6DAFAFD06CF5.d.CB8F2C771C76486406887E3D66AA6983.e.10968"}]}
COMMAND: POST /session/b4f8750b6ab9764d379b715c7854fdbf/element - {"using":"css selector","value":"#shell-header-logo"}
COMMAND: GET /session/b4f8750b6ab9764d379b715c7854fdbf/screenshot - {}
RESULT: {"using":"css selector","value":"#shell-header-logo"}
COMMAND: POST /session/b4f8750b6ab9764d379b715c7854fdbf/element/f.8850BFF0213FDAA0CDBB6DAFAFD06CF5.d.CB8F2C771C76486406887E3D66AA6983.e.10258/click - {}
RESULT: {}
RESULT: {}
COMMAND: GET /session/b4f8750b6ab9764d379b715c7854fdbf/screenshot - {}
RESULT: {}
COMMAND: POST /session/b4f8750b6ab9764d379b715c7854fdbf/execute/sync - {"script":"<script> [299 bytes]","args":[["getModel","getResource"]]}
RESULT: {"script":"<script> [299 bytes]","args":[["getModel","getResource"]]}
COMMAND: GET /session/b4f8750b6ab9764d379b715c7854fdbf/screenshot - {}
]]></system-out>
    </testcase>
    <testcase classname="chrome.137_0_7151_69.windows.Billing_Transfer_-_Intracompany_US127249" name="Should create a new equipment" time="136.402">
      <system-out><![CDATA[
COMMAND: POST /session/b4f8750b6ab9764d379b715c7854fdbf/execute/async - {"script":"<script> [1562 bytes]","args":[{"selector":{"controlType":"sap.m.GenericTile","properties":{"header":"Manage Resources"}},"wdio_ui5_key":"sapm.GenericTile{\"header\":\"Manage Resources\"}"}]}
RESULT: {"script":"<script> [1562 bytes]","args":[{"selector":{"controlType":"sap.m.GenericTile","properties":{"header":"Manage Resources"}},"wdio_ui5_key":"sapm.GenericTile{\"header\":\"Manage Resources\"}"}]}
RESULT: undefined
COMMAND: POST /session/b4f8750b6ab9764d379b715c7854fdbf/element - {"using":"xpath","value":"//*[@id=\"__tile40\"]"}
RESULT: {}
RESULT: {"using":"xpath","value":"//*[@id=\"__tile40\"]"}
COMMAND: POST /session/b4f8750b6ab9764d379b715c7854fdbf/element/f.8850BFF0213FDAA0CDBB6DAFAFD06CF5.d.CB8F2C771C76486406887E3D66AA6983.e.8614/click - {}
RESULT: {}
COMMAND: GET /session/b4f8750b6ab9764d379b715c7854fdbf/screenshot - {}
RESULT: {}
COMMAND: POST /session/b4f8750b6ab9764d379b715c7854fdbf/elements - {"using":"xpath","value":"//span[text()='Error']"}
RESULT: {"using":"xpath","value":"//span[text()='Error']"}
COMMAND: POST /session/b4f8750b6ab9764d379b715c7854fdbf/element - {"using":"xpath","value":"//button[@data-kt=\"addNewRUOverflowToolbarButton\"]"}
RESULT: {"using":"xpath","value":"//button[@data-kt=\"addNewRUOverflowToolbarButton\"]"}
COMMAND: POST /session/b4f8750b6ab9764d379b715c7854fdbf/elements - {"using":"xpath","value":"//button[@data-kt=\"addNewRUOverflowToolbarButton\"]"}
RESULT: {"using":"xpath","value":"//button[@data-kt=\"addNewRUOverflowToolbarButton\"]"}
COMMAND: POST /session/b4f8750b6ab9764d379b715c7854fdbf/execute/sync - {"script":"<script> [8489 bytes]","args":[{"element-6066-11e4-a52e-4f735466cecf":"f.8850BFF0213FDAA0CDBB6DAFAFD06CF5.d.CB8F2C771C76486406887E3D66AA6983.e.11010","ELEMENT":"f.8850BFF0213FDAA0CDBB6DAFAFD06CF5.d.CB8F2C771C76486406887E3D66AA6983.e.11010"}]}
RESULT: {"script":"<script> [8489 bytes]","args":[{"element-6066-11e4-a52e-4f735466cecf":"f.8850BFF0213FDAA0CDBB6DAFAFD06CF5.d.CB8F2C771C76486406887E3D66AA6983.e.11010","ELEMENT":"f.8850BFF0213FDAA0CDBB6DAFAFD06CF5.d.CB8F2C771C76486406887E3D66AA6983.e.11010"}]}
COMMAND: GET /session/b4f8750b6ab9764d379b715c7854fdbf/element/f.8850BFF0213FDAA0CDBB6DAFAFD06CF5.d.CB8F2C771C76486406887E3D66AA6983.e.11010/enabled - {}
COMMAND: GET /session/b4f8750b6ab9764d379b715c7854fdbf/screenshot - {}
RESULT: {}
COMMAND: POST /session/b4f8750b6ab9764d379b715c7854fdbf/execute/sync - {"script":"<script> [8489 bytes]","args":[{"element-6066-11e4-a52e-4f735466cecf":"f.8850BFF0213FDAA0CDBB6DAFAFD06CF5.d.CB8F2C771C76486406887E3D66AA6983.e.11010","ELEMENT":"f.8850BFF0213FDAA0CDBB6DAFAFD06CF5.d.CB8F2C771C76486406887E3D66AA6983.e.11010"}]}
COMMAND: GET /session/b4f8750b6ab9764d379b715c7854fdbf/screenshot - {}
RESULT: {}
RESULT: {"script":"<script> [8489 bytes]","args":[{"element-6066-11e4-a52e-4f735466cecf":"f.8850BFF0213FDAA0CDBB6DAFAFD06CF5.d.CB8F2C771C76486406887E3D66AA6983.e.11010","ELEMENT":"f.8850BFF0213FDAA0CDBB6DAFAFD06CF5.d.CB8F2C771C76486406887E3D66AA6983.e.11010"}]}
COMMAND: POST /session/b4f8750b6ab9764d379b715c7854fdbf/execute/sync - {"script":"<script> [5351 bytes]","args":[{"element-6066-11e4-a52e-4f735466cecf":"f.8850BFF0213FDAA0CDBB6DAFAFD06CF5.d.CB8F2C771C76486406887E3D66AA6983.e.11010","ELEMENT":"f.8850BFF0213FDAA0CDBB6DAFAFD06CF5.d.CB8F2C771C76486406887E3D66AA6983.e.11010"}]}
COMMAND: GET /session/b4f8750b6ab9764d379b715c7854fdbf/screenshot - {}
RESULT: {}
RESULT: {"script":"<script> [5351 bytes]","args":[{"element-6066-11e4-a52e-4f735466cecf":"f.8850BFF0213FDAA0CDBB6DAFAFD06CF5.d.CB8F2C771C76486406887E3D66AA6983.e.11010","ELEMENT":"f.8850BFF0213FDAA0CDBB6DAFAFD06CF5.d.CB8F2C771C76486406887E3D66AA6983.e.11010"}]}
COMMAND: POST /session/b4f8750b6ab9764d379b715c7854fdbf/element/f.8850BFF0213FDAA0CDBB6DAFAFD06CF5.d.CB8F2C771C76486406887E3D66AA6983.e.11010/click - {}
COMMAND: GET /session/b4f8750b6ab9764d379b715c7854fdbf/screenshot - {}
RESULT: {}
RESULT: {}
COMMAND: GET /session/b4f8750b6ab9764d379b715c7854fdbf/screenshot - {}
RESULT: {}
RESULT: {}
COMMAND: POST /session/b4f8750b6ab9764d379b715c7854fdbf/execute/async - {"script":"<script> [1562 bytes]","args":[{"selector":{"id":"application-manageresources-display-component---newResourceUnit--TYPE-arrow"},"wdio_ui5_key":"applicationmanageresources-display-component---newResourceUnit--TYPE-arrow"}]}
RESULT: {"script":"<script> [1562 bytes]","args":[{"selector":{"id":"application-manageresources-display-component---newResourceUnit--TYPE-arrow"},"wdio_ui5_key":"applicationmanageresources-display-component---newResourceUnit--TYPE-arrow"}]}
RESULT: undefined
COMMAND: POST /session/b4f8750b6ab9764d379b715c7854fdbf/element - {"using":"xpath","value":"//*[@id=\"application-manageresources-display-component---newResourceUnit--TYPE-arrow\"]"}
RESULT: {"using":"xpath","value":"//*[@id=\"application-manageresources-display-component---newResourceUnit--TYPE-arrow\"]"}
COMMAND: POST /session/b4f8750b6ab9764d379b715c7854fdbf/element/f.8850BFF0213FDAA0CDBB6DAFAFD06CF5.d.CB8F2C771C76486406887E3D66AA6983.e.11359/click - {}
RESULT: {}
COMMAND: POST /session/b4f8750b6ab9764d379b715c7854fdbf/element - {"using":"xpath","value":"//input[@id=\"application-manageresources-display-component---newResourceUnit--TYPE-inner\"]"}
COMMAND: GET /session/b4f8750b6ab9764d379b715c7854fdbf/screenshot - {}
RESULT: {"using":"xpath","value":"//input[@id=\"application-manageresources-display-component---newResourceUnit--TYPE-inner\"]"}
COMMAND: POST /session/b4f8750b6ab9764d379b715c7854fdbf/element/f.8850BFF0213FDAA0CDBB6DAFAFD06CF5.d.CB8F2C771C76486406887E3D66AA6983.e.11352/clear - {}
RESULT: {}
RESULT: {}
COMMAND: POST /session/b4f8750b6ab9764d379b715c7854fdbf/element/f.8850BFF0213FDAA0CDBB6DAFAFD06CF5.d.CB8F2C771C76486406887E3D66AA6983.e.11352/value - {"text":"Equipment"}
COMMAND: GET /session/b4f8750b6ab9764d379b715c7854fdbf/screenshot - {}
RESULT: {"text":"Equipment"}
COMMAND: GET /session/b4f8750b6ab9764d379b715c7854fdbf/screenshot - {}
RESULT: {}
RESULT: {}
COMMAND: POST /session/b4f8750b6ab9764d379b715c7854fdbf/actions - {"actions":[{"id":"action31","type":"key","parameters":{},"actions":[{"type":"keyDown","value":""},{"type":"pause","duration":10},{"type":"keyUp","value":""}]}]}
RESULT: {"actions":[{"id":"action31","type":"key","parameters":{},"actions":[{"type":"keyDown","value":""},{"type":"pause","duration":10},{"type":"keyUp","value":""}]}]}
COMMAND: POST /session/b4f8750b6ab9764d379b715c7854fdbf/execute/async - {"script":"<script> [1562 bytes]","args":[{"selector":{"id":"application-manageresources-display-component---newResourceUnit--resourceId","interaction":{"idSuffix":"inner"}},"wdio_ui5_key":"applicationmanageresources-display-component---newResourceUnit--resourceId"}]}
COMMAND: GET /session/b4f8750b6ab9764d379b715c7854fdbf/screenshot - {}
RESULT: {"script":"<script> [1562 bytes]","args":[{"selector":{"id":"application-manageresources-display-component---newResourceUnit--resourceId","interaction":{"idSuffix":"inner"}},"wdio_ui5_key":"applicationmanageresources-display-component---newResourceUnit--resourceId"}]}
RESULT: undefined
COMMAND: POST /session/b4f8750b6ab9764d379b715c7854fdbf/execute/async - {"script":"<script> [776 bytes]","args":[{"enterText":"IaejS4AUFl","selector":{"id":"application-manageresources-display-component---newResourceUnit--resourceId","interaction":{"idSuffix":"inner"}},"clearTextFirst":true,"interactionType":"ENTER_TEXT"}]}
RESULT: {}
RESULT: {"script":"<script> [776 bytes]","args":[{"enterText":"IaejS4AUFl","selector":{"id":"application-manageresources-display-component---newResourceUnit--resourceId","interaction":{"idSuffix":"inner"}},"clearTextFirst":true,"interactionType":"ENTER_TEXT"}]}
COMMAND: POST /session/b4f8750b6ab9764d379b715c7854fdbf/execute/async - {"script":"<script> [1562 bytes]","args":[{"selector":{"id":"application-manageresources-display-component---newResourceUnit--SHORT_TEXT","interaction":{"idSuffix":"inner"}},"wdio_ui5_key":"applicationmanageresources-display-component---newResourceUnit--SHORT_TEXT"}]}
RESULT: {"script":"<script> [1562 bytes]","args":[{"selector":{"id":"application-manageresources-display-component---newResourceUnit--SHORT_TEXT","interaction":{"idSuffix":"inner"}},"wdio_ui5_key":"applicationmanageresources-display-component---newResourceUnit--SHORT_TEXT"}]}
RESULT: undefined
COMMAND: POST /session/b4f8750b6ab9764d379b715c7854fdbf/execute/async - {"script":"<script> [776 bytes]","args":[{"enterText":"Intercompany Equipment WDIO","selector":{"id":"application-manageresources-display-component---newResourceUnit--SHORT_TEXT","interaction":{"idSuffix":"inner"}},"clearTextFirst":true,"interactionType":"ENTER_TEXT"}]}
RESULT: {"script":"<script> [776 bytes]","args":[{"enterText":"Intercompany Equipment WDIO","selector":{"id":"application-manageresources-display-component---newResourceUnit--SHORT_TEXT","interaction":{"idSuffix":"inner"}},"clearTextFirst":true,"interactionType":"ENTER_TEXT"}]}
COMMAND: POST /session/b4f8750b6ab9764d379b715c7854fdbf/execute/async - {"script":"<script> [1562 bytes]","args":[{"selector":{"id":"application-manageresources-display-component---newResourceUnit--BASE_UNIT_OF_MEASURE","interaction":{"idSuffix":"inner"}},"wdio_ui5_key":"applicationmanageresources-display-component---newResourceUnit--BASE_UNIT_OF_MEASURE"}]}
RESULT: {"script":"<script> [1562 bytes]","args":[{"selector":{"id":"application-manageresources-display-component---newResourceUnit--BASE_UNIT_OF_MEASURE","interaction":{"idSuffix":"inner"}},"wdio_ui5_key":"applicationmanageresources-display-component---newResourceUnit--BASE_UNIT_OF_MEASURE"}]}
RESULT: undefined
COMMAND: POST /session/b4f8750b6ab9764d379b715c7854fdbf/execute/async - {"script":"<script> [776 bytes]","args":[{"enterText":"Piece","selector":{"id":"application-manageresources-display-component---newResourceUnit--BASE_UNIT_OF_MEASURE","interaction":{"idSuffix":"inner"}},"clearTextFirst":true,"interactionType":"ENTER_TEXT"}]}
RESULT: {"script":"<script> [776 bytes]","args":[{"enterText":"Piece","selector":{"id":"application-manageresources-display-component---newResourceUnit--BASE_UNIT_OF_MEASURE","interaction":{"idSuffix":"inner"}},"clearTextFirst":true,"interactionType":"ENTER_TEXT"}]}
COMMAND: POST /session/b4f8750b6ab9764d379b715c7854fdbf/execute/async - {"script":"<script> [1562 bytes]","args":[{"selector":{"id":"application-manageresources-display-component---newResourceUnit--WEIGHT_UNIT","interaction":{"idSuffix":"inner"}},"wdio_ui5_key":"applicationmanageresources-display-component---newResourceUnit--WEIGHT_UNIT"}]}
RESULT: {"script":"<script> [1562 bytes]","args":[{"selector":{"id":"application-manageresources-display-component---newResourceUnit--WEIGHT_UNIT","interaction":{"idSuffix":"inner"}},"wdio_ui5_key":"applicationmanageresources-display-component---newResourceUnit--WEIGHT_UNIT"}]}
RESULT: undefined
COMMAND: POST /session/b4f8750b6ab9764d379b715c7854fdbf/execute/async - {"script":"<script> [776 bytes]","args":[{"enterText":"Gram","selector":{"id":"application-manageresources-display-component---newResourceUnit--WEIGHT_UNIT","interaction":{"idSuffix":"inner"}},"clearTextFirst":true,"interactionType":"ENTER_TEXT"}]}
RESULT: {"script":"<script> [776 bytes]","args":[{"enterText":"Gram","selector":{"id":"application-manageresources-display-component---newResourceUnit--WEIGHT_UNIT","interaction":{"idSuffix":"inner"}},"clearTextFirst":true,"interactionType":"ENTER_TEXT"}]}
COMMAND: POST /session/b4f8750b6ab9764d379b715c7854fdbf/execute/async - {"script":"<script> [1562 bytes]","args":[{"selector":{"id":"application-manageresources-display-component---newResourceUnit--DIMENSION_UNIT","interaction":{"idSuffix":"inner"}},"wdio_ui5_key":"applicationmanageresources-display-component---newResourceUnit--DIMENSION_UNIT"}]}
RESULT: {"script":"<script> [1562 bytes]","args":[{"selector":{"id":"application-manageresources-display-component---newResourceUnit--DIMENSION_UNIT","interaction":{"idSuffix":"inner"}},"wdio_ui5_key":"applicationmanageresources-display-component---newResourceUnit--DIMENSION_UNIT"}]}
RESULT: undefined
COMMAND: POST /session/b4f8750b6ab9764d379b715c7854fdbf/execute/async - {"script":"<script> [776 bytes]","args":[{"enterText":"Meter","selector":{"id":"application-manageresources-display-component---newResourceUnit--DIMENSION_UNIT","interaction":{"idSuffix":"inner"}},"clearTextFirst":true,"interactionType":"ENTER_TEXT"}]}
RESULT: {"script":"<script> [776 bytes]","args":[{"enterText":"Meter","selector":{"id":"application-manageresources-display-component---newResourceUnit--DIMENSION_UNIT","interaction":{"idSuffix":"inner"}},"clearTextFirst":true,"interactionType":"ENTER_TEXT"}]}
COMMAND: POST /session/b4f8750b6ab9764d379b715c7854fdbf/execute/async - {"script":"<script> [1562 bytes]","args":[{"selector":{"id":"application-manageresources-display-component---newResourceUnit--newRRUPage-anchBar-application-manageresources-display-component---newResourceUnit--control-anchor","interaction":{"idSuffix":"BDI-content"}},"wdio_ui5_key":"applicationmanageresources-display-component---newResourceUnit--newRRUPage-anchBar-application-manageresources-display-component---newResourceUnit--control-anchor"}]}
RESULT: {"script":"<script> [1562 bytes]","args":[{"selector":{"id":"application-manageresources-display-component---newResourceUnit--newRRUPage-anchBar-application-manageresources-display-component---newResourceUnit--control-anchor","interaction":{"idSuffix":"BDI-content"}},"wdio_ui5_key":"applicationmanageresources-display-component---newResourceUnit--newRRUPage-anchBar-application-manageresources-display-component---newResourceUnit--control-anchor"}]}
RESULT: undefined
COMMAND: POST /session/b4f8750b6ab9764d379b715c7854fdbf/element - {"using":"xpath","value":"//*[@id=\"application-manageresources-display-component---newResourceUnit--newRRUPage-anchBar-application-manageresources-display-component---newResourceUnit--control-anchor\"]"}
RESULT: {"using":"xpath","value":"//*[@id=\"application-manageresources-display-component---newResourceUnit--newRRUPage-anchBar-application-manageresources-display-component---newResourceUnit--control-anchor\"]"}
COMMAND: POST /session/b4f8750b6ab9764d379b715c7854fdbf/element/f.8850BFF0213FDAA0CDBB6DAFAFD06CF5.d.CB8F2C771C76486406887E3D66AA6983.e.11516/click - {}
RESULT: {}
COMMAND: POST /session/b4f8750b6ab9764d379b715c7854fdbf/execute/async - {"script":"<script> [1562 bytes]","args":[{"selector":{"id":"application-manageresources-display-component---newResourceUnit--PLANNING_GROUP","interaction":{"idSuffix":"inner"}},"wdio_ui5_key":"applicationmanageresources-display-component---newResourceUnit--PLANNING_GROUP"}]}
COMMAND: GET /session/b4f8750b6ab9764d379b715c7854fdbf/screenshot - {}
RESULT: {"script":"<script> [1562 bytes]","args":[{"selector":{"id":"application-manageresources-display-component---newResourceUnit--PLANNING_GROUP","interaction":{"idSuffix":"inner"}},"wdio_ui5_key":"applicationmanageresources-display-component---newResourceUnit--PLANNING_GROUP"}]}
RESULT: undefined
COMMAND: POST /session/b4f8750b6ab9764d379b715c7854fdbf/execute/async - {"script":"<script> [776 bytes]","args":[{"enterText":"Heavy Equi","selector":{"id":"application-manageresources-display-component---newResourceUnit--PLANNING_GROUP","interaction":{"idSuffix":"inner"}},"clearTextFirst":true,"interactionType":"ENTER_TEXT"}]}
RESULT: {}
RESULT: {"script":"<script> [776 bytes]","args":[{"enterText":"Heavy Equi","selector":{"id":"application-manageresources-display-component---newResourceUnit--PLANNING_GROUP","interaction":{"idSuffix":"inner"}},"clearTextFirst":true,"interactionType":"ENTER_TEXT"}]}
COMMAND: POST /session/b4f8750b6ab9764d379b715c7854fdbf/execute/async - {"script":"<script> [1562 bytes]","args":[{"selector":{"id":"application-manageresources-display-component---newResourceUnit--ITEM_TYPE-arrow"},"wdio_ui5_key":"applicationmanageresources-display-component---newResourceUnit--ITEM_TYPE-arrow"}]}
RESULT: {"script":"<script> [1562 bytes]","args":[{"selector":{"id":"application-manageresources-display-component---newResourceUnit--ITEM_TYPE-arrow"},"wdio_ui5_key":"applicationmanageresources-display-component---newResourceUnit--ITEM_TYPE-arrow"}]}
RESULT: undefined
COMMAND: POST /session/b4f8750b6ab9764d379b715c7854fdbf/element - {"using":"xpath","value":"//*[@id=\"application-manageresources-display-component---newResourceUnit--ITEM_TYPE-arrow\"]"}
RESULT: {"using":"xpath","value":"//*[@id=\"application-manageresources-display-component---newResourceUnit--ITEM_TYPE-arrow\"]"}
COMMAND: POST /session/b4f8750b6ab9764d379b715c7854fdbf/element/f.8850BFF0213FDAA0CDBB6DAFAFD06CF5.d.CB8F2C771C76486406887E3D66AA6983.e.11525/click - {}
RESULT: {}
COMMAND: POST /session/b4f8750b6ab9764d379b715c7854fdbf/element - {"using":"xpath","value":"//ul[contains(@id,\"ITEM_TYPE-popup-list-listUl\")]//li[.//span[contains(text(),\"Resource Unit\")]]"}
COMMAND: GET /session/b4f8750b6ab9764d379b715c7854fdbf/screenshot - {}
RESULT: {"using":"xpath","value":"//ul[contains(@id,\"ITEM_TYPE-popup-list-listUl\")]//li[.//span[contains(text(),\"Resource Unit\")]]"}
COMMAND: POST /session/b4f8750b6ab9764d379b715c7854fdbf/element/f.8850BFF0213FDAA0CDBB6DAFAFD06CF5.d.CB8F2C771C76486406887E3D66AA6983.e.11526/click - {}
RESULT: {}
RESULT: {}
COMMAND: GET /session/b4f8750b6ab9764d379b715c7854fdbf/screenshot - {}
RESULT: {}
COMMAND: POST /session/b4f8750b6ab9764d379b715c7854fdbf/element - {"using":"css selector","value":"#application-manageresources-display-component---newResourceUnit--btnAddTimeSegment"}
RESULT: {"using":"css selector","value":"#application-manageresources-display-component---newResourceUnit--btnAddTimeSegment"}
COMMAND: GET /session/b4f8750b6ab9764d379b715c7854fdbf/element/f.8850BFF0213FDAA0CDBB6DAFAFD06CF5.d.CB8F2C771C76486406887E3D66AA6983.e.11534/rect - {}
RESULT: {}
COMMAND: GET /session/b4f8750b6ab9764d379b715c7854fdbf/window/rect - {}
RESULT: {}
COMMAND: POST /session/b4f8750b6ab9764d379b715c7854fdbf/execute/sync - {"script":"<script> [92 bytes]","args":[]}
RESULT: {"script":"<script> [92 bytes]","args":[]}
COMMAND: POST /session/b4f8750b6ab9764d379b715c7854fdbf/actions - {"actions":[{"id":"action32","type":"wheel","parameters":{},"actions":[{"type":"scroll","x":-1888,"y":-32,"deltaX":0,"deltaY":0,"duration":0,"origin":{"element-6066-11e4-a52e-4f735466cecf":"f.8850BFF0213FDAA0CDBB6DAFAFD06CF5.d.CB8F2C771C76486406887E3D66AA6983.e.11534"}}]}]}
COMMAND: GET /session/b4f8750b6ab9764d379b715c7854fdbf/screenshot - {}
RESULT: {}
COMMAND: POST /session/b4f8750b6ab9764d379b715c7854fdbf/execute/sync - {"script":"<script> [79 bytes]","args":[{"element-6066-11e4-a52e-4f735466cecf":"f.8850BFF0213FDAA0CDBB6DAFAFD06CF5.d.CB8F2C771C76486406887E3D66AA6983.e.11534","ELEMENT":"f.8850BFF0213FDAA0CDBB6DAFAFD06CF5.d.CB8F2C771C76486406887E3D66AA6983.e.11534"},{"block":"start","inline":"nearest"}]}
RESULT: {"script":"<script> [79 bytes]","args":[{"element-6066-11e4-a52e-4f735466cecf":"f.8850BFF0213FDAA0CDBB6DAFAFD06CF5.d.CB8F2C771C76486406887E3D66AA6983.e.11534","ELEMENT":"f.8850BFF0213FDAA0CDBB6DAFAFD06CF5.d.CB8F2C771C76486406887E3D66AA6983.e.11534"},{"block":"start","inline":"nearest"}]}
COMMAND: POST /session/b4f8750b6ab9764d379b715c7854fdbf/execute/async - {"script":"<script> [1562 bytes]","args":[{"selector":{"id":"application-manageresources-display-component---newResourceUnit--btnAddTimeSegment","interaction":{"idSuffix":"inner"}},"wdio_ui5_key":"applicationmanageresources-display-component---newResourceUnit--btnAddTimeSegment"}]}
COMMAND: GET /session/b4f8750b6ab9764d379b715c7854fdbf/screenshot - {}
RESULT: {"script":"<script> [1562 bytes]","args":[{"selector":{"id":"application-manageresources-display-component---newResourceUnit--btnAddTimeSegment","interaction":{"idSuffix":"inner"}},"wdio_ui5_key":"applicationmanageresources-display-component---newResourceUnit--btnAddTimeSegment"}]}
RESULT: undefined
COMMAND: POST /session/b4f8750b6ab9764d379b715c7854fdbf/element - {"using":"xpath","value":"//*[@id=\"application-manageresources-display-component---newResourceUnit--btnAddTimeSegment\"]"}
RESULT: {}
RESULT: {"using":"xpath","value":"//*[@id=\"application-manageresources-display-component---newResourceUnit--btnAddTimeSegment\"]"}
COMMAND: POST /session/b4f8750b6ab9764d379b715c7854fdbf/element/f.8850BFF0213FDAA0CDBB6DAFAFD06CF5.d.CB8F2C771C76486406887E3D66AA6983.e.11534/click - {}
RESULT: {}
COMMAND: GET /session/b4f8750b6ab9764d379b715c7854fdbf/screenshot - {}
RESULT: {}
COMMAND: POST /session/b4f8750b6ab9764d379b715c7854fdbf/element - {"using":"xpath","value":"//input[@id=\"application-manageresources-display-component---newResourceUnit--idRuTSAdmin-application-manageresources-display-component---newResourceUnit--RUTimeSegment-0-inner\"]"}
RESULT: {"using":"xpath","value":"//input[@id=\"application-manageresources-display-component---newResourceUnit--idRuTSAdmin-application-manageresources-display-component---newResourceUnit--RUTimeSegment-0-inner\"]"}
COMMAND: POST /session/b4f8750b6ab9764d379b715c7854fdbf/element/f.8850BFF0213FDAA0CDBB6DAFAFD06CF5.d.CB8F2C771C76486406887E3D66AA6983.e.11540/clear - {}
RESULT: {}
COMMAND: POST /session/b4f8750b6ab9764d379b715c7854fdbf/element/f.8850BFF0213FDAA0CDBB6DAFAFD06CF5.d.CB8F2C771C76486406887E3D66AA6983.e.11540/value - {"text":"249"}
COMMAND: GET /session/b4f8750b6ab9764d379b715c7854fdbf/screenshot - {}
RESULT: {"text":"249"}
COMMAND: GET /session/b4f8750b6ab9764d379b715c7854fdbf/screenshot - {}
RESULT: {}
RESULT: {}
COMMAND: POST /session/b4f8750b6ab9764d379b715c7854fdbf/element - {"using":"xpath","value":"//li[.//span[text()='249']]"}
RESULT: {"using":"xpath","value":"//li[.//span[text()='249']]"}
COMMAND: POST /session/b4f8750b6ab9764d379b715c7854fdbf/element/f.8850BFF0213FDAA0CDBB6DAFAFD06CF5.d.CB8F2C771C76486406887E3D66AA6983.e.11552/click - {}
RESULT: {}
COMMAND: GET /session/b4f8750b6ab9764d379b715c7854fdbf/screenshot - {}
RESULT: {}
COMMAND: POST /session/b4f8750b6ab9764d379b715c7854fdbf/element - {"using":"xpath","value":"(//span[contains(@id, \"-application-manageresources-display-component---newResourceUnit--RUTimeSegment-0-arrow\")])[6]"}
RESULT: {"using":"xpath","value":"(//span[contains(@id, \"-application-manageresources-display-component---newResourceUnit--RUTimeSegment-0-arrow\")])[6]"}
COMMAND: POST /session/b4f8750b6ab9764d379b715c7854fdbf/element/f.8850BFF0213FDAA0CDBB6DAFAFD06CF5.d.CB8F2C771C76486406887E3D66AA6983.e.11553/click - {}
RESULT: {}
COMMAND: GET /session/b4f8750b6ab9764d379b715c7854fdbf/screenshot - {}
RESULT: {}
COMMAND: POST /session/b4f8750b6ab9764d379b715c7854fdbf/element - {"using":"xpath","value":"//span[contains(text(), \"PM Order\")]"}
RESULT: {"using":"xpath","value":"//span[contains(text(), \"PM Order\")]"}
COMMAND: POST /session/b4f8750b6ab9764d379b715c7854fdbf/element/f.8850BFF0213FDAA0CDBB6DAFAFD06CF5.d.CB8F2C771C76486406887E3D66AA6983.e.11556/click - {}
RESULT: {}
COMMAND: GET /session/b4f8750b6ab9764d379b715c7854fdbf/screenshot - {}
RESULT: {}
COMMAND: POST /session/b4f8750b6ab9764d379b715c7854fdbf/element - {"using":"xpath","value":"(//span[contains(@id ,\"manageresources-display-component---newResourceUnit--RUTimeSegment-0-vhi\")])[1]"}
RESULT: {"using":"xpath","value":"(//span[contains(@id ,\"manageresources-display-component---newResourceUnit--RUTimeSegment-0-vhi\")])[1]"}
COMMAND: GET /session/b4f8750b6ab9764d379b715c7854fdbf/element/f.8850BFF0213FDAA0CDBB6DAFAFD06CF5.d.CB8F2C771C76486406887E3D66AA6983.e.11560/rect - {}
RESULT: {}
COMMAND: GET /session/b4f8750b6ab9764d379b715c7854fdbf/window/rect - {}
RESULT: {}
COMMAND: POST /session/b4f8750b6ab9764d379b715c7854fdbf/execute/sync - {"script":"<script> [92 bytes]","args":[]}
RESULT: {"script":"<script> [92 bytes]","args":[]}
COMMAND: POST /session/b4f8750b6ab9764d379b715c7854fdbf/actions - {"actions":[{"id":"action33","type":"wheel","parameters":{},"actions":[{"type":"scroll","x":-869,"y":-24,"deltaX":0,"deltaY":0,"duration":0,"origin":{"element-6066-11e4-a52e-4f735466cecf":"f.8850BFF0213FDAA0CDBB6DAFAFD06CF5.d.CB8F2C771C76486406887E3D66AA6983.e.11560"}}]}]}
COMMAND: GET /session/b4f8750b6ab9764d379b715c7854fdbf/screenshot - {}
RESULT: {"actions":[{"id":"action33","type":"wheel","parameters":{},"actions":[{"type":"scroll","x":-869,"y":-24,"deltaX":0,"deltaY":0,"duration":0,"origin":{"element-6066-11e4-a52e-4f735466cecf":"f.8850BFF0213FDAA0CDBB6DAFAFD06CF5.d.CB8F2C771C76486406887E3D66AA6983.e.11560"}}]}]}
COMMAND: DELETE /session/b4f8750b6ab9764d379b715c7854fdbf/actions - {}
COMMAND: GET /session/b4f8750b6ab9764d379b715c7854fdbf/screenshot - {}
RESULT: {}
RESULT: {}
COMMAND: GET /session/b4f8750b6ab9764d379b715c7854fdbf/screenshot - {}
RESULT: {}
RESULT: {}
COMMAND: POST /session/b4f8750b6ab9764d379b715c7854fdbf/element/f.8850BFF0213FDAA0CDBB6DAFAFD06CF5.d.CB8F2C771C76486406887E3D66AA6983.e.11560/click - {}
RESULT: {}
COMMAND: GET /session/b4f8750b6ab9764d379b715c7854fdbf/screenshot - {}
RESULT: {}
RESULT: undefined
COMMAND: POST /session/b4f8750b6ab9764d379b715c7854fdbf/execute/async - {"script":"<script> [776 bytes]","args":[{"enterText":"4000360","selector":{"controlType":"sap.m.SearchField","properties":{"placeholder":"Search"},"searchOpenDialogs":true,"interaction":{"idSuffix":"I"}},"clearTextFirst":true,"interactionType":"ENTER_TEXT"}]}
RESULT: {"script":"<script> [776 bytes]","args":[{"enterText":"4000360","selector":{"controlType":"sap.m.SearchField","properties":{"placeholder":"Search"},"searchOpenDialogs":true,"interaction":{"idSuffix":"I"}},"clearTextFirst":true,"interactionType":"ENTER_TEXT"}]}
COMMAND: POST /session/b4f8750b6ab9764d379b715c7854fdbf/actions - {"actions":[{"id":"action34","type":"key","parameters":{},"actions":[{"type":"keyDown","value":""},{"type":"pause","duration":10},{"type":"keyUp","value":""}]}]}
RESULT: {"actions":[{"id":"action34","type":"key","parameters":{},"actions":[{"type":"keyDown","value":""},{"type":"pause","duration":10},{"type":"keyUp","value":""}]}]}
COMMAND: GET /session/b4f8750b6ab9764d379b715c7854fdbf/screenshot - {}
RESULT: {}
COMMAND: POST /session/b4f8750b6ab9764d379b715c7854fdbf/element - {"using":"xpath","value":"//td/div/span[contains(text(), \"BGL Vehicles\")]"}
RESULT: {"using":"xpath","value":"//td/div/span[contains(text(), \"BGL Vehicles\")]"}
COMMAND: POST /session/b4f8750b6ab9764d379b715c7854fdbf/element/f.8850BFF0213FDAA0CDBB6DAFAFD06CF5.d.CB8F2C771C76486406887E3D66AA6983.e.11579/click - {}
RESULT: {}
COMMAND: GET /session/b4f8750b6ab9764d379b715c7854fdbf/screenshot - {}
RESULT: {}
COMMAND: POST /session/b4f8750b6ab9764d379b715c7854fdbf/element - {"using":"xpath","value":"//bdi[contains(text(), \"OK\")]"}
RESULT: {"using":"xpath","value":"//bdi[contains(text(), \"OK\")]"}
COMMAND: POST /session/b4f8750b6ab9764d379b715c7854fdbf/element/f.8850BFF0213FDAA0CDBB6DAFAFD06CF5.d.CB8F2C771C76486406887E3D66AA6983.e.11580/click - {}
RESULT: {}
COMMAND: GET /session/b4f8750b6ab9764d379b715c7854fdbf/screenshot - {}
RESULT: {}
COMMAND: POST /session/b4f8750b6ab9764d379b715c7854fdbf/execute/async - {"script":"<script> [1562 bytes]","args":[{"selector":{"id":"application-manageresources-display-component---newResourceUnit--newRRUPage-anchBar-application-manageresources-display-component---newResourceUnit--resource-anchor","interaction":{"idSuffix":"BDI-content"}},"wdio_ui5_key":"applicationmanageresources-display-component---newResourceUnit--newRRUPage-anchBar-application-manageresources-display-component---newResourceUnit--resource-anchor"}]}
RESULT: {"script":"<script> [1562 bytes]","args":[{"selector":{"id":"application-manageresources-display-component---newResourceUnit--newRRUPage-anchBar-application-manageresources-display-component---newResourceUnit--resource-anchor","interaction":{"idSuffix":"BDI-content"}},"wdio_ui5_key":"applicationmanageresources-display-component---newResourceUnit--newRRUPage-anchBar-application-manageresources-display-component---newResourceUnit--resource-anchor"}]}
RESULT: undefined
COMMAND: POST /session/b4f8750b6ab9764d379b715c7854fdbf/element - {"using":"xpath","value":"//*[@id=\"application-manageresources-display-component---newResourceUnit--newRRUPage-anchBar-application-manageresources-display-component---newResourceUnit--resource-anchor\"]"}
RESULT: {"using":"xpath","value":"//*[@id=\"application-manageresources-display-component---newResourceUnit--newRRUPage-anchBar-application-manageresources-display-component---newResourceUnit--resource-anchor\"]"}
COMMAND: POST /session/b4f8750b6ab9764d379b715c7854fdbf/element/f.8850BFF0213FDAA0CDBB6DAFAFD06CF5.d.CB8F2C771C76486406887E3D66AA6983.e.11584/click - {}
RESULT: {}
COMMAND: POST /session/b4f8750b6ab9764d379b715c7854fdbf/execute/async - {"script":"<script> [1562 bytes]","args":[{"selector":{"id":"application-manageresources-display-component---newResourceUnit--PLANNED_DELIVERY_DATE","interaction":{"idSuffix":"inner"}},"wdio_ui5_key":"applicationmanageresources-display-component---newResourceUnit--PLANNED_DELIVERY_DATE"}]}
COMMAND: GET /session/b4f8750b6ab9764d379b715c7854fdbf/screenshot - {}
RESULT: {"script":"<script> [1562 bytes]","args":[{"selector":{"id":"application-manageresources-display-component---newResourceUnit--PLANNED_DELIVERY_DATE","interaction":{"idSuffix":"inner"}},"wdio_ui5_key":"applicationmanageresources-display-component---newResourceUnit--PLANNED_DELIVERY_DATE"}]}
RESULT: undefined
COMMAND: POST /session/b4f8750b6ab9764d379b715c7854fdbf/execute/async - {"script":"<script> [6424 bytes]","args":[{"element-6066-11e4-a52e-4f735466cecf":"f.8850BFF0213FDAA0CDBB6DAFAFD06CF5.d.CB8F2C771C76486406887E3D66AA6983.e.11416"},"setValue",["6/13/25"]]}
RESULT: {}
RESULT: {"script":"<script> [6424 bytes]","args":[{"element-6066-11e4-a52e-4f735466cecf":"f.8850BFF0213FDAA0CDBB6DAFAFD06CF5.d.CB8F2C771C76486406887E3D66AA6983.e.11416"},"setValue",["6/13/25"]]}
COMMAND: POST /session/b4f8750b6ab9764d379b715c7854fdbf/element - {"using":"xpath","value":"//label[contains(@class, 'sapMLabelRequired') and .//bdi[contains(text(), 'Planned Retirement')]]"}
RESULT: {"using":"xpath","value":"//label[contains(@class, 'sapMLabelRequired') and .//bdi[contains(text(), 'Planned Retirement')]]"}
COMMAND: POST /session/b4f8750b6ab9764d379b715c7854fdbf/elements - {"using":"xpath","value":"//label[contains(@class, 'sapMLabelRequired') and .//bdi[contains(text(), 'Planned Retirement')]]"}
RESULT: {"using":"xpath","value":"//label[contains(@class, 'sapMLabelRequired') and .//bdi[contains(text(), 'Planned Retirement')]]"}
COMMAND: POST /session/b4f8750b6ab9764d379b715c7854fdbf/element - {"using":"xpath","value":"//button[@data-kt=\"resourceUnitSaveButton\"]"}
RESULT: {"using":"xpath","value":"//button[@data-kt=\"resourceUnitSaveButton\"]"}
COMMAND: POST /session/b4f8750b6ab9764d379b715c7854fdbf/element/f.8850BFF0213FDAA0CDBB6DAFAFD06CF5.d.CB8F2C771C76486406887E3D66AA6983.e.11376/click - {}
RESULT: {}
COMMAND: GET /session/b4f8750b6ab9764d379b715c7854fdbf/screenshot - {}
RESULT: {}
COMMAND: POST /session/b4f8750b6ab9764d379b715c7854fdbf/element - {"using":"xpath","value":"//bdi[contains(text(), \"Close\")]"}
RESULT: {"using":"xpath","value":"//bdi[contains(text(), \"Close\")]"}
COMMAND: POST /session/b4f8750b6ab9764d379b715c7854fdbf/element/f.8850BFF0213FDAA0CDBB6DAFAFD06CF5.d.CB8F2C771C76486406887E3D66AA6983.e.11592/click - {}
RESULT: {}
COMMAND: GET /session/b4f8750b6ab9764d379b715c7854fdbf/screenshot - {}
RESULT: {}
COMMAND: POST /session/b4f8750b6ab9764d379b715c7854fdbf/element - {"using":"xpath","value":"(//button[contains(@id ,\"actionsToolbar-overflowButton\")])[1]"}
RESULT: {"using":"xpath","value":"(//button[contains(@id ,\"actionsToolbar-overflowButton\")])[1]"}
COMMAND: POST /session/b4f8750b6ab9764d379b715c7854fdbf/element/f.8850BFF0213FDAA0CDBB6DAFAFD06CF5.d.CB8F2C771C76486406887E3D66AA6983.e.11648/click - {}
RESULT: {}
COMMAND: GET /session/b4f8750b6ab9764d379b715c7854fdbf/screenshot - {}
RESULT: {}
COMMAND: POST /session/b4f8750b6ab9764d379b715c7854fdbf/element - {"using":"xpath","value":"//button[@data-kt=\"priceInfoButton\"]"}
RESULT: {"using":"xpath","value":"//button[@data-kt=\"priceInfoButton\"]"}
COMMAND: POST /session/b4f8750b6ab9764d379b715c7854fdbf/element/f.8850BFF0213FDAA0CDBB6DAFAFD06CF5.d.CB8F2C771C76486406887E3D66AA6983.e.11650/click - {}
RESULT: {}
COMMAND: GET /session/b4f8750b6ab9764d379b715c7854fdbf/screenshot - {}
RESULT: {}
]]></system-out>
    </testcase>
    <testcase classname="chrome.137_0_7151_69.windows.Billing_Transfer_-_Intracompany_US127249" name="Should create a pricing procedure" time="62.696">
      <system-out><![CDATA[
COMMAND: POST /session/b4f8750b6ab9764d379b715c7854fdbf/element - {"using":"xpath","value":"//button[@data-kt=\"addButton\"]"}
RESULT: {"using":"xpath","value":"//button[@data-kt=\"addButton\"]"}
COMMAND: POST /session/b4f8750b6ab9764d379b715c7854fdbf/elements - {"using":"xpath","value":"//button[@data-kt=\"addButton\"]"}
RESULT: {"using":"xpath","value":"//button[@data-kt=\"addButton\"]"}
COMMAND: POST /session/b4f8750b6ab9764d379b715c7854fdbf/elements - {"using":"xpath","value":"//button[@data-kt=\"addButton\"]"}
RESULT: {"using":"xpath","value":"//button[@data-kt=\"addButton\"]"}
COMMAND: POST /session/b4f8750b6ab9764d379b715c7854fdbf/elements - {"using":"xpath","value":"//button[@data-kt=\"addButton\"]"}
RESULT: {"using":"xpath","value":"//button[@data-kt=\"addButton\"]"}
COMMAND: POST /session/b4f8750b6ab9764d379b715c7854fdbf/elements - {"using":"xpath","value":"//button[@data-kt=\"addButton\"]"}
RESULT: {"using":"xpath","value":"//button[@data-kt=\"addButton\"]"}
COMMAND: POST /session/b4f8750b6ab9764d379b715c7854fdbf/elements - {"using":"xpath","value":"//button[@data-kt=\"addButton\"]"}
RESULT: {"using":"xpath","value":"//button[@data-kt=\"addButton\"]"}
COMMAND: POST /session/b4f8750b6ab9764d379b715c7854fdbf/elements - {"using":"xpath","value":"//button[@data-kt=\"addButton\"]"}
RESULT: {"using":"xpath","value":"//button[@data-kt=\"addButton\"]"}
COMMAND: POST /session/b4f8750b6ab9764d379b715c7854fdbf/elements - {"using":"xpath","value":"//button[@data-kt=\"addButton\"]"}
RESULT: {"using":"xpath","value":"//button[@data-kt=\"addButton\"]"}
COMMAND: POST /session/b4f8750b6ab9764d379b715c7854fdbf/elements - {"using":"xpath","value":"//button[@data-kt=\"addButton\"]"}
RESULT: {"using":"xpath","value":"//button[@data-kt=\"addButton\"]"}
COMMAND: POST /session/b4f8750b6ab9764d379b715c7854fdbf/element - {"using":"xpath","value":"//button[@data-kt=\"addButton\"]"}
RESULT: {"using":"xpath","value":"//button[@data-kt=\"addButton\"]"}
COMMAND: POST /session/b4f8750b6ab9764d379b715c7854fdbf/execute/sync - {"script":"<script> [8489 bytes]","args":[{"element-6066-11e4-a52e-4f735466cecf":"f.8850BFF0213FDAA0CDBB6DAFAFD06CF5.d.CB8F2C771C76486406887E3D66AA6983.e.11697","ELEMENT":"f.8850BFF0213FDAA0CDBB6DAFAFD06CF5.d.CB8F2C771C76486406887E3D66AA6983.e.11697"}]}
RESULT: {"script":"<script> [8489 bytes]","args":[{"element-6066-11e4-a52e-4f735466cecf":"f.8850BFF0213FDAA0CDBB6DAFAFD06CF5.d.CB8F2C771C76486406887E3D66AA6983.e.11697","ELEMENT":"f.8850BFF0213FDAA0CDBB6DAFAFD06CF5.d.CB8F2C771C76486406887E3D66AA6983.e.11697"}]}
COMMAND: GET /session/b4f8750b6ab9764d379b715c7854fdbf/element/f.8850BFF0213FDAA0CDBB6DAFAFD06CF5.d.CB8F2C771C76486406887E3D66AA6983.e.11697/enabled - {}
COMMAND: GET /session/b4f8750b6ab9764d379b715c7854fdbf/screenshot - {}
RESULT: {}
COMMAND: POST /session/b4f8750b6ab9764d379b715c7854fdbf/execute/sync - {"script":"<script> [8489 bytes]","args":[{"element-6066-11e4-a52e-4f735466cecf":"f.8850BFF0213FDAA0CDBB6DAFAFD06CF5.d.CB8F2C771C76486406887E3D66AA6983.e.11697","ELEMENT":"f.8850BFF0213FDAA0CDBB6DAFAFD06CF5.d.CB8F2C771C76486406887E3D66AA6983.e.11697"}]}
COMMAND: GET /session/b4f8750b6ab9764d379b715c7854fdbf/screenshot - {}
RESULT: {}
RESULT: {"script":"<script> [8489 bytes]","args":[{"element-6066-11e4-a52e-4f735466cecf":"f.8850BFF0213FDAA0CDBB6DAFAFD06CF5.d.CB8F2C771C76486406887E3D66AA6983.e.11697","ELEMENT":"f.8850BFF0213FDAA0CDBB6DAFAFD06CF5.d.CB8F2C771C76486406887E3D66AA6983.e.11697"}]}
COMMAND: POST /session/b4f8750b6ab9764d379b715c7854fdbf/execute/sync - {"script":"<script> [5351 bytes]","args":[{"element-6066-11e4-a52e-4f735466cecf":"f.8850BFF0213FDAA0CDBB6DAFAFD06CF5.d.CB8F2C771C76486406887E3D66AA6983.e.11697","ELEMENT":"f.8850BFF0213FDAA0CDBB6DAFAFD06CF5.d.CB8F2C771C76486406887E3D66AA6983.e.11697"}]}
COMMAND: GET /session/b4f8750b6ab9764d379b715c7854fdbf/screenshot - {}
RESULT: {}
RESULT: {"script":"<script> [5351 bytes]","args":[{"element-6066-11e4-a52e-4f735466cecf":"f.8850BFF0213FDAA0CDBB6DAFAFD06CF5.d.CB8F2C771C76486406887E3D66AA6983.e.11697","ELEMENT":"f.8850BFF0213FDAA0CDBB6DAFAFD06CF5.d.CB8F2C771C76486406887E3D66AA6983.e.11697"}]}
COMMAND: POST /session/b4f8750b6ab9764d379b715c7854fdbf/element/f.8850BFF0213FDAA0CDBB6DAFAFD06CF5.d.CB8F2C771C76486406887E3D66AA6983.e.11697/click - {}
COMMAND: GET /session/b4f8750b6ab9764d379b715c7854fdbf/screenshot - {}
RESULT: {}
RESULT: {}
COMMAND: GET /session/b4f8750b6ab9764d379b715c7854fdbf/screenshot - {}
RESULT: {}
RESULT: {}
COMMAND: POST /session/b4f8750b6ab9764d379b715c7854fdbf/execute/async - {"script":"<script> [1562 bytes]","args":[{"selector":{"controlType":"sap.m.Title","viewName":"etm.portal.ui.managepricingrules.view.NewItem","viewId":"application-managepricingrules-display-component---newInfoPriceItem","properties":{"text":"New Pricing Rules - Item Level"}},"wdio_ui5_key":"etmportal.ui.managepricingrules.view.NewItemsap.m.Title{\"text\":\"New Pricing Rules - Item Level\"}"}]}
RESULT: {"script":"<script> [1562 bytes]","args":[{"selector":{"controlType":"sap.m.Title","viewName":"etm.portal.ui.managepricingrules.view.NewItem","viewId":"application-managepricingrules-display-component---newInfoPriceItem","properties":{"text":"New Pricing Rules - Item Level"}},"wdio_ui5_key":"etmportal.ui.managepricingrules.view.NewItemsap.m.Title{\"text\":\"New Pricing Rules - Item Level\"}"}]}
RESULT: undefined
COMMAND: POST /session/b4f8750b6ab9764d379b715c7854fdbf/execute/async - {"script":"<script> [6424 bytes]","args":[{"element-6066-11e4-a52e-4f735466cecf":"f.8850BFF0213FDAA0CDBB6DAFAFD06CF5.d.CB8F2C771C76486406887E3D66AA6983.e.11773"},"getText",[]]}
RESULT: {"script":"<script> [6424 bytes]","args":[{"element-6066-11e4-a52e-4f735466cecf":"f.8850BFF0213FDAA0CDBB6DAFAFD06CF5.d.CB8F2C771C76486406887E3D66AA6983.e.11773"},"getText",[]]}
COMMAND: POST /session/b4f8750b6ab9764d379b715c7854fdbf/execute/async - {"script":"<script> [1562 bytes]","args":[{"selector":{"id":"application-managepricingrules-display-component---newInfoPriceItem--condValidTo","interaction":{"idSuffix":"inner"}},"wdio_ui5_key":"applicationmanagepricingrules-display-component---newInfoPriceItem--condValidTo"}]}
RESULT: {"script":"<script> [1562 bytes]","args":[{"selector":{"id":"application-managepricingrules-display-component---newInfoPriceItem--condValidTo","interaction":{"idSuffix":"inner"}},"wdio_ui5_key":"applicationmanagepricingrules-display-component---newInfoPriceItem--condValidTo"}]}
RESULT: undefined
COMMAND: POST /session/b4f8750b6ab9764d379b715c7854fdbf/execute/async - {"script":"<script> [776 bytes]","args":[{"enterText":"2/13/26","selector":{"id":"application-managepricingrules-display-component---newInfoPriceItem--condValidTo","interaction":{"idSuffix":"inner"}},"clearTextFirst":true,"interactionType":"ENTER_TEXT"}]}
RESULT: {"script":"<script> [776 bytes]","args":[{"enterText":"2/13/26","selector":{"id":"application-managepricingrules-display-component---newInfoPriceItem--condValidTo","interaction":{"idSuffix":"inner"}},"clearTextFirst":true,"interactionType":"ENTER_TEXT"}]}
COMMAND: POST /session/b4f8750b6ab9764d379b715c7854fdbf/execute/async - {"script":"<script> [1562 bytes]","args":[{"selector":{"id":"application-managepricingrules-display-component---newInfoPriceItem--billType-arrow"},"wdio_ui5_key":"applicationmanagepricingrules-display-component---newInfoPriceItem--billType-arrow"}]}
RESULT: {"script":"<script> [1562 bytes]","args":[{"selector":{"id":"application-managepricingrules-display-component---newInfoPriceItem--billType-arrow"},"wdio_ui5_key":"applicationmanagepricingrules-display-component---newInfoPriceItem--billType-arrow"}]}
RESULT: undefined
COMMAND: POST /session/b4f8750b6ab9764d379b715c7854fdbf/element - {"using":"xpath","value":"//*[@id=\"application-managepricingrules-display-component---newInfoPriceItem--billType-arrow\"]"}
RESULT: {"using":"xpath","value":"//*[@id=\"application-managepricingrules-display-component---newInfoPriceItem--billType-arrow\"]"}
COMMAND: POST /session/b4f8750b6ab9764d379b715c7854fdbf/element/f.8850BFF0213FDAA0CDBB6DAFAFD06CF5.d.CB8F2C771C76486406887E3D66AA6983.e.11786/click - {}
RESULT: {}
COMMAND: POST /session/b4f8750b6ab9764d379b715c7854fdbf/element - {"using":"xpath","value":"//span[contains(text(), \"TB - Time based\")]"}
COMMAND: GET /session/b4f8750b6ab9764d379b715c7854fdbf/screenshot - {}
RESULT: {"using":"xpath","value":"//span[contains(text(), \"TB - Time based\")]"}
COMMAND: POST /session/b4f8750b6ab9764d379b715c7854fdbf/element/f.8850BFF0213FDAA0CDBB6DAFAFD06CF5.d.CB8F2C771C76486406887E3D66AA6983.e.11787/click - {}
RESULT: {}
RESULT: {}
COMMAND: POST /session/b4f8750b6ab9764d379b715c7854fdbf/execute/async - {"script":"<script> [1562 bytes]","args":[{"selector":{"id":"application-managepricingrules-display-component---newInfoPriceItem--priceProc-arrow"},"wdio_ui5_key":"applicationmanagepricingrules-display-component---newInfoPriceItem--priceProc-arrow"}]}
COMMAND: GET /session/b4f8750b6ab9764d379b715c7854fdbf/screenshot - {}
RESULT: {"script":"<script> [1562 bytes]","args":[{"selector":{"id":"application-managepricingrules-display-component---newInfoPriceItem--priceProc-arrow"},"wdio_ui5_key":"applicationmanagepricingrules-display-component---newInfoPriceItem--priceProc-arrow"}]}
RESULT: undefined
COMMAND: POST /session/b4f8750b6ab9764d379b715c7854fdbf/element - {"using":"xpath","value":"//*[@id=\"application-managepricingrules-display-component---newInfoPriceItem--priceProc-arrow\"]"}
RESULT: {}
RESULT: {"using":"xpath","value":"//*[@id=\"application-managepricingrules-display-component---newInfoPriceItem--priceProc-arrow\"]"}
COMMAND: POST /session/b4f8750b6ab9764d379b715c7854fdbf/element/f.8850BFF0213FDAA0CDBB6DAFAFD06CF5.d.CB8F2C771C76486406887E3D66AA6983.e.11788/click - {}
RESULT: {}
COMMAND: POST /session/b4f8750b6ab9764d379b715c7854fdbf/element - {"using":"xpath","value":"//span[contains(text(), \"TBS - Time based standard\")]"}
COMMAND: GET /session/b4f8750b6ab9764d379b715c7854fdbf/screenshot - {}
RESULT: {"using":"xpath","value":"//span[contains(text(), \"TBS - Time based standard\")]"}
COMMAND: POST /session/b4f8750b6ab9764d379b715c7854fdbf/element/f.8850BFF0213FDAA0CDBB6DAFAFD06CF5.d.CB8F2C771C76486406887E3D66AA6983.e.11789/click - {}
RESULT: {}
RESULT: {}
COMMAND: POST /session/b4f8750b6ab9764d379b715c7854fdbf/execute/async - {"script":"<script> [1562 bytes]","args":[{"selector":{"id":"application-managepricingrules-display-component---newInfoPriceItem--calcBase-arrow"},"wdio_ui5_key":"applicationmanagepricingrules-display-component---newInfoPriceItem--calcBase-arrow"}]}
COMMAND: GET /session/b4f8750b6ab9764d379b715c7854fdbf/screenshot - {}
RESULT: {"script":"<script> [1562 bytes]","args":[{"selector":{"id":"application-managepricingrules-display-component---newInfoPriceItem--calcBase-arrow"},"wdio_ui5_key":"applicationmanagepricingrules-display-component---newInfoPriceItem--calcBase-arrow"}]}
RESULT: undefined
COMMAND: POST /session/b4f8750b6ab9764d379b715c7854fdbf/element - {"using":"xpath","value":"//*[@id=\"application-managepricingrules-display-component---newInfoPriceItem--calcBase-arrow\"]"}
RESULT: {}
RESULT: {"using":"xpath","value":"//*[@id=\"application-managepricingrules-display-component---newInfoPriceItem--calcBase-arrow\"]"}
COMMAND: POST /session/b4f8750b6ab9764d379b715c7854fdbf/element/f.8850BFF0213FDAA0CDBB6DAFAFD06CF5.d.CB8F2C771C76486406887E3D66AA6983.e.11790/click - {}
RESULT: {}
COMMAND: GET /session/b4f8750b6ab9764d379b715c7854fdbf/screenshot - {}
RESULT: {}
COMMAND: POST /session/b4f8750b6ab9764d379b715c7854fdbf/element - {"using":"xpath","value":"//span[contains(text(), \"0006 - TB(calendar days)\")]"}
RESULT: {"using":"xpath","value":"//span[contains(text(), \"0006 - TB(calendar days)\")]"}
COMMAND: POST /session/b4f8750b6ab9764d379b715c7854fdbf/element/f.8850BFF0213FDAA0CDBB6DAFAFD06CF5.d.CB8F2C771C76486406887E3D66AA6983.e.11791/click - {}
RESULT: {}
COMMAND: GET /session/b4f8750b6ab9764d379b715c7854fdbf/screenshot - {}
RESULT: {}
COMMAND: POST /session/b4f8750b6ab9764d379b715c7854fdbf/execute/async - {"script":"<script> [1562 bytes]","args":[{"selector":{"id":"application-managepricingrules-display-component---newInfoPriceItem--daysMonth","interaction":{"idSuffix":"inner"}},"wdio_ui5_key":"applicationmanagepricingrules-display-component---newInfoPriceItem--daysMonth"}]}
RESULT: {"script":"<script> [1562 bytes]","args":[{"selector":{"id":"application-managepricingrules-display-component---newInfoPriceItem--daysMonth","interaction":{"idSuffix":"inner"}},"wdio_ui5_key":"applicationmanagepricingrules-display-component---newInfoPriceItem--daysMonth"}]}
RESULT: undefined
COMMAND: POST /session/b4f8750b6ab9764d379b715c7854fdbf/execute/async - {"script":"<script> [776 bytes]","args":[{"enterText":"30","selector":{"id":"application-managepricingrules-display-component---newInfoPriceItem--daysMonth","interaction":{"idSuffix":"inner"}},"clearTextFirst":true,"interactionType":"ENTER_TEXT"}]}
RESULT: {"script":"<script> [776 bytes]","args":[{"enterText":"30","selector":{"id":"application-managepricingrules-display-component---newInfoPriceItem--daysMonth","interaction":{"idSuffix":"inner"}},"clearTextFirst":true,"interactionType":"ENTER_TEXT"}]}
COMMAND: POST /session/b4f8750b6ab9764d379b715c7854fdbf/element - {"using":"xpath","value":"//button[@data-kt=\"saveNewRuleButton\"]"}
RESULT: {"using":"xpath","value":"//button[@data-kt=\"saveNewRuleButton\"]"}
COMMAND: POST /session/b4f8750b6ab9764d379b715c7854fdbf/element/f.8850BFF0213FDAA0CDBB6DAFAFD06CF5.d.CB8F2C771C76486406887E3D66AA6983.e.11793/click - {}
RESULT: {}
COMMAND: GET /session/b4f8750b6ab9764d379b715c7854fdbf/screenshot - {}
RESULT: {}
COMMAND: POST /session/b4f8750b6ab9764d379b715c7854fdbf/execute/async - {"script":"<script> [1562 bytes]","args":[{"selector":{"id":"application-managepricingrules-display-component---priceInfoItem--smartFilterBar-btnBasicSearch","interaction":{"idSuffix":"I"}},"wdio_ui5_key":"applicationmanagepricingrules-display-component---priceInfoItem--smartFilterBar-btnBasicSearch"}]}
RESULT: {"script":"<script> [1562 bytes]","args":[{"selector":{"id":"application-managepricingrules-display-component---priceInfoItem--smartFilterBar-btnBasicSearch","interaction":{"idSuffix":"I"}},"wdio_ui5_key":"applicationmanagepricingrules-display-component---priceInfoItem--smartFilterBar-btnBasicSearch"}]}
RESULT: undefined
COMMAND: POST /session/b4f8750b6ab9764d379b715c7854fdbf/execute/async - {"script":"<script> [776 bytes]","args":[{"enterText":"IaejS4AUFl","selector":{"id":"application-managepricingrules-display-component---priceInfoItem--smartFilterBar-btnBasicSearch","interaction":{"idSuffix":"I"}},"clearTextFirst":true,"interactionType":"ENTER_TEXT"}]}
RESULT: {"script":"<script> [776 bytes]","args":[{"enterText":"IaejS4AUFl","selector":{"id":"application-managepricingrules-display-component---priceInfoItem--smartFilterBar-btnBasicSearch","interaction":{"idSuffix":"I"}},"clearTextFirst":true,"interactionType":"ENTER_TEXT"}]}
COMMAND: POST /session/b4f8750b6ab9764d379b715c7854fdbf/actions - {"actions":[{"id":"action35","type":"key","parameters":{},"actions":[{"type":"keyDown","value":""},{"type":"pause","duration":10},{"type":"keyUp","value":""}]}]}
RESULT: {"actions":[{"id":"action35","type":"key","parameters":{},"actions":[{"type":"keyDown","value":""},{"type":"pause","duration":10},{"type":"keyUp","value":""}]}]}
COMMAND: GET /session/b4f8750b6ab9764d379b715c7854fdbf/screenshot - {}
RESULT: {}
COMMAND: POST /session/b4f8750b6ab9764d379b715c7854fdbf/element - {"using":"xpath","value":"//span[@id=\"application-managepricingrules-display-component---priceInfoItem--smartTable-header-inner\"]"}
RESULT: {"using":"xpath","value":"//span[@id=\"application-managepricingrules-display-component---priceInfoItem--smartTable-header-inner\"]"}
COMMAND: POST /session/b4f8750b6ab9764d379b715c7854fdbf/elements - {"using":"xpath","value":"//span[@id=\"application-managepricingrules-display-component---priceInfoItem--smartTable-header-inner\"]"}
RESULT: {"using":"xpath","value":"//span[@id=\"application-managepricingrules-display-component---priceInfoItem--smartTable-header-inner\"]"}
COMMAND: POST /session/b4f8750b6ab9764d379b715c7854fdbf/execute/sync - {"script":"<script> [56 bytes]","args":[{"element-6066-11e4-a52e-4f735466cecf":"f.8850BFF0213FDAA0CDBB6DAFAFD06CF5.d.CB8F2C771C76486406887E3D66AA6983.e.11818","ELEMENT":"f.8850BFF0213FDAA0CDBB6DAFAFD06CF5.d.CB8F2C771C76486406887E3D66AA6983.e.11818"}]}
RESULT: {"script":"<script> [56 bytes]","args":[{"element-6066-11e4-a52e-4f735466cecf":"f.8850BFF0213FDAA0CDBB6DAFAFD06CF5.d.CB8F2C771C76486406887E3D66AA6983.e.11818","ELEMENT":"f.8850BFF0213FDAA0CDBB6DAFAFD06CF5.d.CB8F2C771C76486406887E3D66AA6983.e.11818"}]}
COMMAND: POST /session/b4f8750b6ab9764d379b715c7854fdbf/element - {"using":"css selector","value":"#shell-header-logo"}
COMMAND: GET /session/b4f8750b6ab9764d379b715c7854fdbf/screenshot - {}
RESULT: {"using":"css selector","value":"#shell-header-logo"}
COMMAND: POST /session/b4f8750b6ab9764d379b715c7854fdbf/element/f.8850BFF0213FDAA0CDBB6DAFAFD06CF5.d.CB8F2C771C76486406887E3D66AA6983.e.10971/click - {}
RESULT: {}
RESULT: {}
COMMAND: GET /session/b4f8750b6ab9764d379b715c7854fdbf/screenshot - {}
RESULT: {}
]]></system-out>
    </testcase>
    <testcase classname="chrome.137_0_7151_69.windows.Billing_Transfer_-_Intracompany_US127249" name="Should manage conditions" time="68.445">
      <system-out><![CDATA[
COMMAND: POST /session/b4f8750b6ab9764d379b715c7854fdbf/execute/async - {"script":"<script> [1562 bytes]","args":[{"selector":{"controlType":"sap.m.GenericTile","properties":{"header":"Manage Conditions & Prices"}},"wdio_ui5_key":"sapm.GenericTile{\"header\":\"Manage Conditions & Prices\"}"}]}
RESULT: {"script":"<script> [1562 bytes]","args":[{"selector":{"controlType":"sap.m.GenericTile","properties":{"header":"Manage Conditions & Prices"}},"wdio_ui5_key":"sapm.GenericTile{\"header\":\"Manage Conditions & Prices\"}"}]}
RESULT: undefined
COMMAND: POST /session/b4f8750b6ab9764d379b715c7854fdbf/element - {"using":"xpath","value":"//*[@id=\"__tile55\"]"}
RESULT: {"using":"xpath","value":"//*[@id=\"__tile55\"]"}
COMMAND: POST /session/b4f8750b6ab9764d379b715c7854fdbf/element/f.8850BFF0213FDAA0CDBB6DAFAFD06CF5.d.CB8F2C771C76486406887E3D66AA6983.e.8663/click - {}
RESULT: {}
COMMAND: GET /session/b4f8750b6ab9764d379b715c7854fdbf/screenshot - {}
RESULT: {}
COMMAND: POST /session/b4f8750b6ab9764d379b715c7854fdbf/elements - {"using":"xpath","value":"//span[text()='Error']"}
RESULT: {"using":"xpath","value":"//span[text()='Error']"}
COMMAND: POST /session/b4f8750b6ab9764d379b715c7854fdbf/element - {"using":"xpath","value":"//button[@aria-label=\"Create\"]"}
RESULT: {"using":"xpath","value":"//button[@aria-label=\"Create\"]"}
COMMAND: POST /session/b4f8750b6ab9764d379b715c7854fdbf/elements - {"using":"xpath","value":"//button[@aria-label=\"Create\"]"}
RESULT: {"using":"xpath","value":"//button[@aria-label=\"Create\"]"}
COMMAND: POST /session/b4f8750b6ab9764d379b715c7854fdbf/execute/sync - {"script":"<script> [8489 bytes]","args":[{"element-6066-11e4-a52e-4f735466cecf":"f.8850BFF0213FDAA0CDBB6DAFAFD06CF5.d.CB8F2C771C76486406887E3D66AA6983.e.11853","ELEMENT":"f.8850BFF0213FDAA0CDBB6DAFAFD06CF5.d.CB8F2C771C76486406887E3D66AA6983.e.11853"}]}
RESULT: {"script":"<script> [8489 bytes]","args":[{"element-6066-11e4-a52e-4f735466cecf":"f.8850BFF0213FDAA0CDBB6DAFAFD06CF5.d.CB8F2C771C76486406887E3D66AA6983.e.11853","ELEMENT":"f.8850BFF0213FDAA0CDBB6DAFAFD06CF5.d.CB8F2C771C76486406887E3D66AA6983.e.11853"}]}
COMMAND: GET /session/b4f8750b6ab9764d379b715c7854fdbf/element/f.8850BFF0213FDAA0CDBB6DAFAFD06CF5.d.CB8F2C771C76486406887E3D66AA6983.e.11853/enabled - {}
COMMAND: GET /session/b4f8750b6ab9764d379b715c7854fdbf/screenshot - {}
RESULT: {}
COMMAND: POST /session/b4f8750b6ab9764d379b715c7854fdbf/execute/sync - {"script":"<script> [8489 bytes]","args":[{"element-6066-11e4-a52e-4f735466cecf":"f.8850BFF0213FDAA0CDBB6DAFAFD06CF5.d.CB8F2C771C76486406887E3D66AA6983.e.11853","ELEMENT":"f.8850BFF0213FDAA0CDBB6DAFAFD06CF5.d.CB8F2C771C76486406887E3D66AA6983.e.11853"}]}
COMMAND: GET /session/b4f8750b6ab9764d379b715c7854fdbf/screenshot - {}
RESULT: {}
RESULT: {}
RESULT: {"script":"<script> [8489 bytes]","args":[{"element-6066-11e4-a52e-4f735466cecf":"f.8850BFF0213FDAA0CDBB6DAFAFD06CF5.d.CB8F2C771C76486406887E3D66AA6983.e.11853","ELEMENT":"f.8850BFF0213FDAA0CDBB6DAFAFD06CF5.d.CB8F2C771C76486406887E3D66AA6983.e.11853"}]}
COMMAND: POST /session/b4f8750b6ab9764d379b715c7854fdbf/execute/sync - {"script":"<script> [5351 bytes]","args":[{"element-6066-11e4-a52e-4f735466cecf":"f.8850BFF0213FDAA0CDBB6DAFAFD06CF5.d.CB8F2C771C76486406887E3D66AA6983.e.11853","ELEMENT":"f.8850BFF0213FDAA0CDBB6DAFAFD06CF5.d.CB8F2C771C76486406887E3D66AA6983.e.11853"}]}
COMMAND: GET /session/b4f8750b6ab9764d379b715c7854fdbf/screenshot - {}
RESULT: {"script":"<script> [5351 bytes]","args":[{"element-6066-11e4-a52e-4f735466cecf":"f.8850BFF0213FDAA0CDBB6DAFAFD06CF5.d.CB8F2C771C76486406887E3D66AA6983.e.11853","ELEMENT":"f.8850BFF0213FDAA0CDBB6DAFAFD06CF5.d.CB8F2C771C76486406887E3D66AA6983.e.11853"}]}
COMMAND: POST /session/b4f8750b6ab9764d379b715c7854fdbf/element/f.8850BFF0213FDAA0CDBB6DAFAFD06CF5.d.CB8F2C771C76486406887E3D66AA6983.e.11853/click - {}
COMMAND: GET /session/b4f8750b6ab9764d379b715c7854fdbf/screenshot - {}
RESULT: {}
RESULT: {}
COMMAND: GET /session/b4f8750b6ab9764d379b715c7854fdbf/screenshot - {}
RESULT: {}
RESULT: {}
COMMAND: POST /session/b4f8750b6ab9764d379b715c7854fdbf/actions - {"actions":[{"id":"action36","type":"key","parameters":{},"actions":[{"type":"keyDown","value":""},{"type":"pause","duration":10},{"type":"keyUp","value":""}]}]}
RESULT: {"actions":[{"id":"action36","type":"key","parameters":{},"actions":[{"type":"keyDown","value":""},{"type":"pause","duration":10},{"type":"keyUp","value":""}]}]}
COMMAND: GET /session/b4f8750b6ab9764d379b715c7854fdbf/screenshot - {}
RESULT: {}
COMMAND: POST /session/b4f8750b6ab9764d379b715c7854fdbf/execute/async - {"script":"<script> [1562 bytes]","args":[{"selector":{"id":"application-manageconditionprice-display-component---newCondition--condBillCond-arrow"},"wdio_ui5_key":"applicationmanageconditionprice-display-component---newCondition--condBillCond-arrow"}]}
RESULT: {"script":"<script> [1562 bytes]","args":[{"selector":{"id":"application-manageconditionprice-display-component---newCondition--condBillCond-arrow"},"wdio_ui5_key":"applicationmanageconditionprice-display-component---newCondition--condBillCond-arrow"}]}
RESULT: undefined
COMMAND: POST /session/b4f8750b6ab9764d379b715c7854fdbf/element - {"using":"xpath","value":"//*[@id=\"application-manageconditionprice-display-component---newCondition--condBillCond-arrow\"]"}
RESULT: {"using":"xpath","value":"//*[@id=\"application-manageconditionprice-display-component---newCondition--condBillCond-arrow\"]"}
COMMAND: POST /session/b4f8750b6ab9764d379b715c7854fdbf/element/f.8850BFF0213FDAA0CDBB6DAFAFD06CF5.d.CB8F2C771C76486406887E3D66AA6983.e.12030/click - {}
RESULT: {}
COMMAND: GET /session/b4f8750b6ab9764d379b715c7854fdbf/screenshot - {}
RESULT: {}
COMMAND: POST /session/b4f8750b6ab9764d379b715c7854fdbf/element - {"using":"xpath","value":"//li[.//span[contains(text(), \"DISP - D&I special price\")]]"}
RESULT: {"using":"xpath","value":"//li[.//span[contains(text(), \"DISP - D&I special price\")]]"}
COMMAND: POST /session/b4f8750b6ab9764d379b715c7854fdbf/element/f.8850BFF0213FDAA0CDBB6DAFAFD06CF5.d.CB8F2C771C76486406887E3D66AA6983.e.12033/click - {}
RESULT: {}
COMMAND: GET /session/b4f8750b6ab9764d379b715c7854fdbf/screenshot - {}
RESULT: {}
COMMAND: POST /session/b4f8750b6ab9764d379b715c7854fdbf/execute/async - {"script":"<script> [1562 bytes]","args":[{"selector":{"id":"application-manageconditionprice-display-component---newCondition--condValidTo","interaction":{"idSuffix":"inner"}},"wdio_ui5_key":"applicationmanageconditionprice-display-component---newCondition--condValidTo"}]}
RESULT: {"script":"<script> [1562 bytes]","args":[{"selector":{"id":"application-manageconditionprice-display-component---newCondition--condValidTo","interaction":{"idSuffix":"inner"}},"wdio_ui5_key":"applicationmanageconditionprice-display-component---newCondition--condValidTo"}]}
RESULT: undefined
COMMAND: POST /session/b4f8750b6ab9764d379b715c7854fdbf/execute/async - {"script":"<script> [776 bytes]","args":[{"enterText":"2/13/26","selector":{"id":"application-manageconditionprice-display-component---newCondition--condValidTo","interaction":{"idSuffix":"inner"}},"clearTextFirst":true,"interactionType":"ENTER_TEXT"}]}
RESULT: {"script":"<script> [776 bytes]","args":[{"enterText":"2/13/26","selector":{"id":"application-manageconditionprice-display-component---newCondition--condValidTo","interaction":{"idSuffix":"inner"}},"clearTextFirst":true,"interactionType":"ENTER_TEXT"}]}
COMMAND: POST /session/b4f8750b6ab9764d379b715c7854fdbf/element - {"using":"xpath","value":"//input[@id=\"application-manageconditionprice-display-component---newCondition--condRU-inner\"]"}
RESULT: {"using":"xpath","value":"//input[@id=\"application-manageconditionprice-display-component---newCondition--condRU-inner\"]"}
COMMAND: POST /session/b4f8750b6ab9764d379b715c7854fdbf/element/f.8850BFF0213FDAA0CDBB6DAFAFD06CF5.d.CB8F2C771C76486406887E3D66AA6983.e.11895/clear - {}
RESULT: {}
COMMAND: POST /session/b4f8750b6ab9764d379b715c7854fdbf/element/f.8850BFF0213FDAA0CDBB6DAFAFD06CF5.d.CB8F2C771C76486406887E3D66AA6983.e.11895/value - {"text":"IaejS4AUFl"}
COMMAND: GET /session/b4f8750b6ab9764d379b715c7854fdbf/screenshot - {}
RESULT: {"text":"IaejS4AUFl"}
COMMAND: GET /session/b4f8750b6ab9764d379b715c7854fdbf/screenshot - {}
RESULT: {}
RESULT: {}
COMMAND: POST /session/b4f8750b6ab9764d379b715c7854fdbf/actions - {"actions":[{"id":"action37","type":"key","parameters":{},"actions":[{"type":"keyDown","value":""},{"type":"pause","duration":10},{"type":"keyUp","value":""}]}]}
RESULT: {"actions":[{"id":"action37","type":"key","parameters":{},"actions":[{"type":"keyDown","value":""},{"type":"pause","duration":10},{"type":"keyUp","value":""}]}]}
COMMAND: POST /session/b4f8750b6ab9764d379b715c7854fdbf/execute/async - {"script":"<script> [1562 bytes]","args":[{"selector":{"id":"application-manageconditionprice-display-component---newCondition--condBaseQty","interaction":{"idSuffix":"inner"}},"wdio_ui5_key":"applicationmanageconditionprice-display-component---newCondition--condBaseQty"}]}
COMMAND: GET /session/b4f8750b6ab9764d379b715c7854fdbf/screenshot - {}
RESULT: {"script":"<script> [1562 bytes]","args":[{"selector":{"id":"application-manageconditionprice-display-component---newCondition--condBaseQty","interaction":{"idSuffix":"inner"}},"wdio_ui5_key":"applicationmanageconditionprice-display-component---newCondition--condBaseQty"}]}
RESULT: undefined
COMMAND: POST /session/b4f8750b6ab9764d379b715c7854fdbf/execute/async - {"script":"<script> [776 bytes]","args":[{"enterText":"1","selector":{"id":"application-manageconditionprice-display-component---newCondition--condBaseQty","interaction":{"idSuffix":"inner"}},"clearTextFirst":true,"interactionType":"ENTER_TEXT"}]}
RESULT: {}
RESULT: {"script":"<script> [776 bytes]","args":[{"enterText":"1","selector":{"id":"application-manageconditionprice-display-component---newCondition--condBaseQty","interaction":{"idSuffix":"inner"}},"clearTextFirst":true,"interactionType":"ENTER_TEXT"}]}
COMMAND: POST /session/b4f8750b6ab9764d379b715c7854fdbf/execute/async - {"script":"<script> [1562 bytes]","args":[{"selector":{"id":"application-manageconditionprice-display-component---newCondition--condValue","interaction":{"idSuffix":"inner"}},"wdio_ui5_key":"applicationmanageconditionprice-display-component---newCondition--condValue"}]}
RESULT: {"script":"<script> [1562 bytes]","args":[{"selector":{"id":"application-manageconditionprice-display-component---newCondition--condValue","interaction":{"idSuffix":"inner"}},"wdio_ui5_key":"applicationmanageconditionprice-display-component---newCondition--condValue"}]}
RESULT: undefined
COMMAND: POST /session/b4f8750b6ab9764d379b715c7854fdbf/execute/async - {"script":"<script> [776 bytes]","args":[{"enterText":"200","selector":{"id":"application-manageconditionprice-display-component---newCondition--condValue","interaction":{"idSuffix":"inner"}},"clearTextFirst":true,"interactionType":"ENTER_TEXT"}]}
RESULT: {"script":"<script> [776 bytes]","args":[{"enterText":"200","selector":{"id":"application-manageconditionprice-display-component---newCondition--condValue","interaction":{"idSuffix":"inner"}},"clearTextFirst":true,"interactionType":"ENTER_TEXT"}]}
COMMAND: POST /session/b4f8750b6ab9764d379b715c7854fdbf/execute/async - {"script":"<script> [1562 bytes]","args":[{"selector":{"id":"application-manageconditionprice-display-component---newCondition--condCurr-arrow"},"wdio_ui5_key":"applicationmanageconditionprice-display-component---newCondition--condCurr-arrow"}]}
RESULT: {"script":"<script> [1562 bytes]","args":[{"selector":{"id":"application-manageconditionprice-display-component---newCondition--condCurr-arrow"},"wdio_ui5_key":"applicationmanageconditionprice-display-component---newCondition--condCurr-arrow"}]}
RESULT: undefined
COMMAND: POST /session/b4f8750b6ab9764d379b715c7854fdbf/element - {"using":"xpath","value":"//*[@id=\"application-manageconditionprice-display-component---newCondition--condCurr-arrow\"]"}
RESULT: {"using":"xpath","value":"//*[@id=\"application-manageconditionprice-display-component---newCondition--condCurr-arrow\"]"}
COMMAND: POST /session/b4f8750b6ab9764d379b715c7854fdbf/element/f.8850BFF0213FDAA0CDBB6DAFAFD06CF5.d.CB8F2C771C76486406887E3D66AA6983.e.11987/click - {}
RESULT: {}
COMMAND: POST /session/b4f8750b6ab9764d379b715c7854fdbf/element - {"using":"xpath","value":"//span[contains(text(), \"Euro\")]"}
COMMAND: GET /session/b4f8750b6ab9764d379b715c7854fdbf/screenshot - {}
RESULT: {"using":"xpath","value":"//span[contains(text(), \"Euro\")]"}
COMMAND: POST /session/b4f8750b6ab9764d379b715c7854fdbf/element/f.8850BFF0213FDAA0CDBB6DAFAFD06CF5.d.CB8F2C771C76486406887E3D66AA6983.e.12070/click - {}
RESULT: {}
RESULT: {}
COMMAND: POST /session/b4f8750b6ab9764d379b715c7854fdbf/element - {"using":"xpath","value":"//button[@data-kt=\"saveButton\"]"}
COMMAND: GET /session/b4f8750b6ab9764d379b715c7854fdbf/screenshot - {}
RESULT: {"using":"xpath","value":"//button[@data-kt=\"saveButton\"]"}
COMMAND: POST /session/b4f8750b6ab9764d379b715c7854fdbf/element/f.8850BFF0213FDAA0CDBB6DAFAFD06CF5.d.CB8F2C771C76486406887E3D66AA6983.e.11988/click - {}
RESULT: {}
RESULT: {}
COMMAND: GET /session/b4f8750b6ab9764d379b715c7854fdbf/screenshot - {}
RESULT: {}
COMMAND: POST /session/b4f8750b6ab9764d379b715c7854fdbf/execute/async - {"script":"<script> [1562 bytes]","args":[{"selector":{"id":"application-manageconditionprice-display-component---conditions--smartFilterBar-btnBasicSearch","interaction":{"idSuffix":"I"}},"wdio_ui5_key":"applicationmanageconditionprice-display-component---conditions--smartFilterBar-btnBasicSearch"}]}
RESULT: {"script":"<script> [1562 bytes]","args":[{"selector":{"id":"application-manageconditionprice-display-component---conditions--smartFilterBar-btnBasicSearch","interaction":{"idSuffix":"I"}},"wdio_ui5_key":"applicationmanageconditionprice-display-component---conditions--smartFilterBar-btnBasicSearch"}]}
RESULT: undefined
COMMAND: POST /session/b4f8750b6ab9764d379b715c7854fdbf/execute/async - {"script":"<script> [776 bytes]","args":[{"enterText":"IaejS4AUFl","selector":{"id":"application-manageconditionprice-display-component---conditions--smartFilterBar-btnBasicSearch","interaction":{"idSuffix":"I"}},"clearTextFirst":true,"interactionType":"ENTER_TEXT"}]}
RESULT: {"script":"<script> [776 bytes]","args":[{"enterText":"IaejS4AUFl","selector":{"id":"application-manageconditionprice-display-component---conditions--smartFilterBar-btnBasicSearch","interaction":{"idSuffix":"I"}},"clearTextFirst":true,"interactionType":"ENTER_TEXT"}]}
COMMAND: POST /session/b4f8750b6ab9764d379b715c7854fdbf/actions - {"actions":[{"id":"action38","type":"key","parameters":{},"actions":[{"type":"keyDown","value":""},{"type":"pause","duration":10},{"type":"keyUp","value":""}]}]}
RESULT: {"actions":[{"id":"action38","type":"key","parameters":{},"actions":[{"type":"keyDown","value":""},{"type":"pause","duration":10},{"type":"keyUp","value":""}]}]}
COMMAND: GET /session/b4f8750b6ab9764d379b715c7854fdbf/screenshot - {}
RESULT: {}
COMMAND: POST /session/b4f8750b6ab9764d379b715c7854fdbf/execute/async - {"script":"<script> [1562 bytes]","args":[{"selector":{"id":"application-manageconditionprice-display-component---conditions--smartFilterBar-filterItemControl_BASIC-BILL_TYPES-vhi"},"wdio_ui5_key":"applicationmanageconditionprice-display-component---conditions--smartFilterBar-filterItemControl_BASIC-BILL_TYPES-vhi"}]}
RESULT: {"script":"<script> [1562 bytes]","args":[{"selector":{"id":"application-manageconditionprice-display-component---conditions--smartFilterBar-filterItemControl_BASIC-BILL_TYPES-vhi"},"wdio_ui5_key":"applicationmanageconditionprice-display-component---conditions--smartFilterBar-filterItemControl_BASIC-BILL_TYPES-vhi"}]}
RESULT: undefined
COMMAND: POST /session/b4f8750b6ab9764d379b715c7854fdbf/element - {"using":"xpath","value":"//*[@id=\"application-manageconditionprice-display-component---conditions--smartFilterBar-filterItemControl_BASIC-BILL_TYPES-vhi\"]"}
RESULT: {"using":"xpath","value":"//*[@id=\"application-manageconditionprice-display-component---conditions--smartFilterBar-filterItemControl_BASIC-BILL_TYPES-vhi\"]"}
COMMAND: POST /session/b4f8750b6ab9764d379b715c7854fdbf/element/f.8850BFF0213FDAA0CDBB6DAFAFD06CF5.d.CB8F2C771C76486406887E3D66AA6983.e.12086/click - {}
RESULT: {}
COMMAND: POST /session/b4f8750b6ab9764d379b715c7854fdbf/execute/async - {"script":"<script> [1562 bytes]","args":[{"selector":{"id":"application-manageconditionprice-display-component---conditions--smartFilterBar-filterItemControl_BASIC-BILL_TYPES-valueHelpDialog-smartFilterBar-btnBasicSearch","searchOpenDialogs":true,"interaction":{"idSuffix":"I"}},"wdio_ui5_key":"applicationmanageconditionprice-display-component---conditions--smartFilterBar-filterItemControl_BASIC-BILL_TYPES-valueHelpDialog-smartFilterBar-btnBasicSearch"}]}
COMMAND: GET /session/b4f8750b6ab9764d379b715c7854fdbf/screenshot - {}
RESULT: {"script":"<script> [1562 bytes]","args":[{"selector":{"id":"application-manageconditionprice-display-component---conditions--smartFilterBar-filterItemControl_BASIC-BILL_TYPES-valueHelpDialog-smartFilterBar-btnBasicSearch","searchOpenDialogs":true,"interaction":{"idSuffix":"I"}},"wdio_ui5_key":"applicationmanageconditionprice-display-component---conditions--smartFilterBar-filterItemControl_BASIC-BILL_TYPES-valueHelpDialog-smartFilterBar-btnBasicSearch"}]}
RESULT: undefined
COMMAND: POST /session/b4f8750b6ab9764d379b715c7854fdbf/execute/async - {"script":"<script> [776 bytes]","args":[{"enterText":"TB","selector":{"id":"application-manageconditionprice-display-component---conditions--smartFilterBar-filterItemControl_BASIC-BILL_TYPES-valueHelpDialog-smartFilterBar-btnBasicSearch","searchOpenDialogs":true,"interaction":{"idSuffix":"I"}},"clearTextFirst":true,"interactionType":"ENTER_TEXT"}]}
RESULT: {}
RESULT: {"script":"<script> [776 bytes]","args":[{"enterText":"TB","selector":{"id":"application-manageconditionprice-display-component---conditions--smartFilterBar-filterItemControl_BASIC-BILL_TYPES-valueHelpDialog-smartFilterBar-btnBasicSearch","searchOpenDialogs":true,"interaction":{"idSuffix":"I"}},"clearTextFirst":true,"interactionType":"ENTER_TEXT"}]}
COMMAND: POST /session/b4f8750b6ab9764d379b715c7854fdbf/actions - {"actions":[{"id":"action39","type":"key","parameters":{},"actions":[{"type":"keyDown","value":""},{"type":"pause","duration":10},{"type":"keyUp","value":""}]}]}
RESULT: {"actions":[{"id":"action39","type":"key","parameters":{},"actions":[{"type":"keyDown","value":""},{"type":"pause","duration":10},{"type":"keyUp","value":""}]}]}
COMMAND: GET /session/b4f8750b6ab9764d379b715c7854fdbf/screenshot - {}
RESULT: {}
COMMAND: POST /session/b4f8750b6ab9764d379b715c7854fdbf/element - {"using":"xpath","value":"//div[contains(@id, 'application-manageconditionprice-display-component---conditions--smartFilterBar-filterItemControl_BASIC-BILL_TYPES-valueHelpDialog-table-rowsel0')]"}
RESULT: {"using":"xpath","value":"//div[contains(@id, 'application-manageconditionprice-display-component---conditions--smartFilterBar-filterItemControl_BASIC-BILL_TYPES-valueHelpDialog-table-rowsel0')]"}
COMMAND: POST /session/b4f8750b6ab9764d379b715c7854fdbf/element/f.8850BFF0213FDAA0CDBB6DAFAFD06CF5.d.CB8F2C771C76486406887E3D66AA6983.e.12096/click - {}
RESULT: {}
COMMAND: GET /session/b4f8750b6ab9764d379b715c7854fdbf/screenshot - {}
RESULT: {}
COMMAND: POST /session/b4f8750b6ab9764d379b715c7854fdbf/element - {"using":"xpath","value":"//bdi[contains(text(), \"OK\")]"}
RESULT: {"using":"xpath","value":"//bdi[contains(text(), \"OK\")]"}
COMMAND: POST /session/b4f8750b6ab9764d379b715c7854fdbf/element/f.8850BFF0213FDAA0CDBB6DAFAFD06CF5.d.CB8F2C771C76486406887E3D66AA6983.e.12098/click - {}
RESULT: {}
COMMAND: GET /session/b4f8750b6ab9764d379b715c7854fdbf/screenshot - {}
RESULT: {}
COMMAND: POST /session/b4f8750b6ab9764d379b715c7854fdbf/element - {"using":"xpath","value":"//span[@id=\"application-manageconditionprice-display-component---conditions--smartTable-header-inner\"]"}
RESULT: {"using":"xpath","value":"//span[@id=\"application-manageconditionprice-display-component---conditions--smartTable-header-inner\"]"}
COMMAND: POST /session/b4f8750b6ab9764d379b715c7854fdbf/elements - {"using":"xpath","value":"//span[@id=\"application-manageconditionprice-display-component---conditions--smartTable-header-inner\"]"}
RESULT: {"using":"xpath","value":"//span[@id=\"application-manageconditionprice-display-component---conditions--smartTable-header-inner\"]"}
COMMAND: POST /session/b4f8750b6ab9764d379b715c7854fdbf/execute/sync - {"script":"<script> [56 bytes]","args":[{"element-6066-11e4-a52e-4f735466cecf":"f.8850BFF0213FDAA0CDBB6DAFAFD06CF5.d.CB8F2C771C76486406887E3D66AA6983.e.12101","ELEMENT":"f.8850BFF0213FDAA0CDBB6DAFAFD06CF5.d.CB8F2C771C76486406887E3D66AA6983.e.12101"}]}
RESULT: {"script":"<script> [56 bytes]","args":[{"element-6066-11e4-a52e-4f735466cecf":"f.8850BFF0213FDAA0CDBB6DAFAFD06CF5.d.CB8F2C771C76486406887E3D66AA6983.e.12101","ELEMENT":"f.8850BFF0213FDAA0CDBB6DAFAFD06CF5.d.CB8F2C771C76486406887E3D66AA6983.e.12101"}]}
COMMAND: POST /session/b4f8750b6ab9764d379b715c7854fdbf/element - {"using":"css selector","value":"#shell-header-logo"}
COMMAND: GET /session/b4f8750b6ab9764d379b715c7854fdbf/screenshot - {}
RESULT: {"using":"css selector","value":"#shell-header-logo"}
COMMAND: POST /session/b4f8750b6ab9764d379b715c7854fdbf/element/f.8850BFF0213FDAA0CDBB6DAFAFD06CF5.d.CB8F2C771C76486406887E3D66AA6983.e.11821/click - {}
RESULT: {}
RESULT: {}
COMMAND: GET /session/b4f8750b6ab9764d379b715c7854fdbf/screenshot - {}
RESULT: {}
]]></system-out>
    </testcase>
    <testcase classname="chrome.137_0_7151_69.windows.Billing_Transfer_-_Intracompany_US127249" name="Should do a stock increase handover" time="87.822">
      <system-out><![CDATA[
COMMAND: POST /session/b4f8750b6ab9764d379b715c7854fdbf/execute/async - {"script":"<script> [1562 bytes]","args":[{"selector":{"controlType":"sap.m.GenericTile","properties":{"header":"Manage Handovers"}},"wdio_ui5_key":"sapm.GenericTile{\"header\":\"Manage Handovers\"}"}]}
RESULT: {"script":"<script> [1562 bytes]","args":[{"selector":{"controlType":"sap.m.GenericTile","properties":{"header":"Manage Handovers"}},"wdio_ui5_key":"sapm.GenericTile{\"header\":\"Manage Handovers\"}"}]}
RESULT: undefined
COMMAND: POST /session/b4f8750b6ab9764d379b715c7854fdbf/element - {"using":"xpath","value":"//*[@id=\"__tile132\"]"}
RESULT: {"using":"xpath","value":"//*[@id=\"__tile132\"]"}
COMMAND: POST /session/b4f8750b6ab9764d379b715c7854fdbf/element/f.8850BFF0213FDAA0CDBB6DAFAFD06CF5.d.CB8F2C771C76486406887E3D66AA6983.e.8698/click - {}
RESULT: {}
COMMAND: GET /session/b4f8750b6ab9764d379b715c7854fdbf/screenshot - {}
RESULT: {}
COMMAND: POST /session/b4f8750b6ab9764d379b715c7854fdbf/elements - {"using":"xpath","value":"//span[text()='Error']"}
RESULT: {"using":"xpath","value":"//span[text()='Error']"}
COMMAND: POST /session/b4f8750b6ab9764d379b715c7854fdbf/element - {"using":"xpath","value":"//button[@data-kt=\"masterHOAddButton\"]"}
RESULT: {"using":"xpath","value":"//button[@data-kt=\"masterHOAddButton\"]"}
COMMAND: POST /session/b4f8750b6ab9764d379b715c7854fdbf/elements - {"using":"xpath","value":"//button[@data-kt=\"masterHOAddButton\"]"}
RESULT: {"using":"xpath","value":"//button[@data-kt=\"masterHOAddButton\"]"}
COMMAND: POST /session/b4f8750b6ab9764d379b715c7854fdbf/execute/sync - {"script":"<script> [8489 bytes]","args":[{"element-6066-11e4-a52e-4f735466cecf":"f.8850BFF0213FDAA0CDBB6DAFAFD06CF5.d.CB8F2C771C76486406887E3D66AA6983.e.12142","ELEMENT":"f.8850BFF0213FDAA0CDBB6DAFAFD06CF5.d.CB8F2C771C76486406887E3D66AA6983.e.12142"}]}
RESULT: {"script":"<script> [8489 bytes]","args":[{"element-6066-11e4-a52e-4f735466cecf":"f.8850BFF0213FDAA0CDBB6DAFAFD06CF5.d.CB8F2C771C76486406887E3D66AA6983.e.12142","ELEMENT":"f.8850BFF0213FDAA0CDBB6DAFAFD06CF5.d.CB8F2C771C76486406887E3D66AA6983.e.12142"}]}
COMMAND: GET /session/b4f8750b6ab9764d379b715c7854fdbf/element/f.8850BFF0213FDAA0CDBB6DAFAFD06CF5.d.CB8F2C771C76486406887E3D66AA6983.e.12142/enabled - {}
COMMAND: GET /session/b4f8750b6ab9764d379b715c7854fdbf/screenshot - {}
RESULT: {}
COMMAND: POST /session/b4f8750b6ab9764d379b715c7854fdbf/execute/sync - {"script":"<script> [8489 bytes]","args":[{"element-6066-11e4-a52e-4f735466cecf":"f.8850BFF0213FDAA0CDBB6DAFAFD06CF5.d.CB8F2C771C76486406887E3D66AA6983.e.12142","ELEMENT":"f.8850BFF0213FDAA0CDBB6DAFAFD06CF5.d.CB8F2C771C76486406887E3D66AA6983.e.12142"}]}
COMMAND: GET /session/b4f8750b6ab9764d379b715c7854fdbf/screenshot - {}
RESULT: {}
RESULT: {"script":"<script> [8489 bytes]","args":[{"element-6066-11e4-a52e-4f735466cecf":"f.8850BFF0213FDAA0CDBB6DAFAFD06CF5.d.CB8F2C771C76486406887E3D66AA6983.e.12142","ELEMENT":"f.8850BFF0213FDAA0CDBB6DAFAFD06CF5.d.CB8F2C771C76486406887E3D66AA6983.e.12142"}]}
COMMAND: POST /session/b4f8750b6ab9764d379b715c7854fdbf/execute/sync - {"script":"<script> [5351 bytes]","args":[{"element-6066-11e4-a52e-4f735466cecf":"f.8850BFF0213FDAA0CDBB6DAFAFD06CF5.d.CB8F2C771C76486406887E3D66AA6983.e.12142","ELEMENT":"f.8850BFF0213FDAA0CDBB6DAFAFD06CF5.d.CB8F2C771C76486406887E3D66AA6983.e.12142"}]}
COMMAND: GET /session/b4f8750b6ab9764d379b715c7854fdbf/screenshot - {}
RESULT: {}
RESULT: {"script":"<script> [5351 bytes]","args":[{"element-6066-11e4-a52e-4f735466cecf":"f.8850BFF0213FDAA0CDBB6DAFAFD06CF5.d.CB8F2C771C76486406887E3D66AA6983.e.12142","ELEMENT":"f.8850BFF0213FDAA0CDBB6DAFAFD06CF5.d.CB8F2C771C76486406887E3D66AA6983.e.12142"}]}
COMMAND: POST /session/b4f8750b6ab9764d379b715c7854fdbf/element/f.8850BFF0213FDAA0CDBB6DAFAFD06CF5.d.CB8F2C771C76486406887E3D66AA6983.e.12142/click - {}
COMMAND: GET /session/b4f8750b6ab9764d379b715c7854fdbf/screenshot - {}
RESULT: {}
RESULT: {}
COMMAND: GET /session/b4f8750b6ab9764d379b715c7854fdbf/screenshot - {}
RESULT: {}
RESULT: {}
COMMAND: POST /session/b4f8750b6ab9764d379b715c7854fdbf/element - {"using":"xpath","value":"//span[contains(@id ,\"AddNewHO--typeSelect-arrow\")]"}
RESULT: {"using":"xpath","value":"//span[contains(@id ,\"AddNewHO--typeSelect-arrow\")]"}
COMMAND: POST /session/b4f8750b6ab9764d379b715c7854fdbf/element/f.8850BFF0213FDAA0CDBB6DAFAFD06CF5.d.CB8F2C771C76486406887E3D66AA6983.e.12485/click - {}
RESULT: {}
COMMAND: GET /session/b4f8750b6ab9764d379b715c7854fdbf/screenshot - {}
RESULT: {}
COMMAND: POST /session/b4f8750b6ab9764d379b715c7854fdbf/element - {"using":"xpath","value":"(//li[contains(text(), \"stock increase yard\")])[1]"}
RESULT: {"using":"xpath","value":"(//li[contains(text(), \"stock increase yard\")])[1]"}
COMMAND: POST /session/b4f8750b6ab9764d379b715c7854fdbf/element/f.8850BFF0213FDAA0CDBB6DAFAFD06CF5.d.CB8F2C771C76486406887E3D66AA6983.e.12486/click - {}
RESULT: {}
COMMAND: GET /session/b4f8750b6ab9764d379b715c7854fdbf/screenshot - {}
RESULT: {}
COMMAND: POST /session/b4f8750b6ab9764d379b715c7854fdbf/execute/async - {"script":"<script> [1562 bytes]","args":[{"selector":{"id":"application-managehandovers-display-component---AddNewHO--dueDate","interaction":{"idSuffix":"inner"}},"wdio_ui5_key":"applicationmanagehandovers-display-component---AddNewHO--dueDate"}]}
RESULT: {"script":"<script> [1562 bytes]","args":[{"selector":{"id":"application-managehandovers-display-component---AddNewHO--dueDate","interaction":{"idSuffix":"inner"}},"wdio_ui5_key":"applicationmanagehandovers-display-component---AddNewHO--dueDate"}]}
RESULT: undefined
COMMAND: POST /session/b4f8750b6ab9764d379b715c7854fdbf/execute/async - {"script":"<script> [6424 bytes]","args":[{"element-6066-11e4-a52e-4f735466cecf":"f.8850BFF0213FDAA0CDBB6DAFAFD06CF5.d.CB8F2C771C76486406887E3D66AA6983.e.12488"},"setValue",["6/13/25"]]}
RESULT: {"script":"<script> [6424 bytes]","args":[{"element-6066-11e4-a52e-4f735466cecf":"f.8850BFF0213FDAA0CDBB6DAFAFD06CF5.d.CB8F2C771C76486406887E3D66AA6983.e.12488"},"setValue",["6/13/25"]]}
COMMAND: POST /session/b4f8750b6ab9764d379b715c7854fdbf/element - {"using":"xpath","value":"//input[@id=\"generalSectionFrg--receiveYard-inner\"]"}
RESULT: {"using":"xpath","value":"//input[@id=\"generalSectionFrg--receiveYard-inner\"]"}
COMMAND: POST /session/b4f8750b6ab9764d379b715c7854fdbf/element/f.8850BFF0213FDAA0CDBB6DAFAFD06CF5.d.CB8F2C771C76486406887E3D66AA6983.e.12494/clear - {}
RESULT: {}
COMMAND: POST /session/b4f8750b6ab9764d379b715c7854fdbf/element/f.8850BFF0213FDAA0CDBB6DAFAFD06CF5.d.CB8F2C771C76486406887E3D66AA6983.e.12494/value - {"text":"249"}
COMMAND: GET /session/b4f8750b6ab9764d379b715c7854fdbf/screenshot - {}
RESULT: {"text":"249"}
COMMAND: GET /session/b4f8750b6ab9764d379b715c7854fdbf/screenshot - {}
RESULT: {}
RESULT: {}
COMMAND: POST /session/b4f8750b6ab9764d379b715c7854fdbf/element - {"using":"xpath","value":"//li[.//span[contains(normalize-space(.), '249 -')]]"}
RESULT: {"using":"xpath","value":"//li[.//span[contains(normalize-space(.), '249 -')]]"}
COMMAND: POST /session/b4f8750b6ab9764d379b715c7854fdbf/element/f.8850BFF0213FDAA0CDBB6DAFAFD06CF5.d.CB8F2C771C76486406887E3D66AA6983.e.12510/click - {}
RESULT: {}
COMMAND: GET /session/b4f8750b6ab9764d379b715c7854fdbf/screenshot - {}
RESULT: {}
COMMAND: POST /session/b4f8750b6ab9764d379b715c7854fdbf/execute/async - {"script":"<script> [1562 bytes]","args":[{"selector":{"id":"application-managehandovers-display-component---AddNewHO--ObjectPageLayout-anchBar-application-managehandovers-display-component---AddNewHO--section4-anchor","interaction":{"idSuffix":"BDI-content"}},"wdio_ui5_key":"applicationmanagehandovers-display-component---AddNewHO--ObjectPageLayout-anchBar-application-managehandovers-display-component---AddNewHO--section4-anchor"}]}
RESULT: {"script":"<script> [1562 bytes]","args":[{"selector":{"id":"application-managehandovers-display-component---AddNewHO--ObjectPageLayout-anchBar-application-managehandovers-display-component---AddNewHO--section4-anchor","interaction":{"idSuffix":"BDI-content"}},"wdio_ui5_key":"applicationmanagehandovers-display-component---AddNewHO--ObjectPageLayout-anchBar-application-managehandovers-display-component---AddNewHO--section4-anchor"}]}
RESULT: undefined
COMMAND: POST /session/b4f8750b6ab9764d379b715c7854fdbf/element - {"using":"xpath","value":"//*[@id=\"application-managehandovers-display-component---AddNewHO--ObjectPageLayout-anchBar-application-managehandovers-display-component---AddNewHO--section4-anchor\"]"}
RESULT: {"using":"xpath","value":"//*[@id=\"application-managehandovers-display-component---AddNewHO--ObjectPageLayout-anchBar-application-managehandovers-display-component---AddNewHO--section4-anchor\"]"}
COMMAND: POST /session/b4f8750b6ab9764d379b715c7854fdbf/element/f.8850BFF0213FDAA0CDBB6DAFAFD06CF5.d.CB8F2C771C76486406887E3D66AA6983.e.12512/click - {}
RESULT: {}
COMMAND: GET /session/b4f8750b6ab9764d379b715c7854fdbf/screenshot - {}
RESULT: {}
COMMAND: POST /session/b4f8750b6ab9764d379b715c7854fdbf/element - {"using":"xpath","value":"//button[@aria-label=\"Add\"]"}
RESULT: {"using":"xpath","value":"//button[@aria-label=\"Add\"]"}
COMMAND: POST /session/b4f8750b6ab9764d379b715c7854fdbf/element/f.8850BFF0213FDAA0CDBB6DAFAFD06CF5.d.CB8F2C771C76486406887E3D66AA6983.e.12516/click - {}
RESULT: {}
COMMAND: GET /session/b4f8750b6ab9764d379b715c7854fdbf/screenshot - {}
RESULT: {}
COMMAND: POST /session/b4f8750b6ab9764d379b715c7854fdbf/execute/async - {"script":"<script> [1562 bytes]","args":[{"selector":{"id":"application-managehandovers-display-component---AddNewHO--smartFilterBar-btnBasicSearch","searchOpenDialogs":true,"interaction":{"idSuffix":"I"}},"wdio_ui5_key":"applicationmanagehandovers-display-component---AddNewHO--smartFilterBar-btnBasicSearch"}]}
RESULT: {"script":"<script> [1562 bytes]","args":[{"selector":{"id":"application-managehandovers-display-component---AddNewHO--smartFilterBar-btnBasicSearch","searchOpenDialogs":true,"interaction":{"idSuffix":"I"}},"wdio_ui5_key":"applicationmanagehandovers-display-component---AddNewHO--smartFilterBar-btnBasicSearch"}]}
RESULT: undefined
COMMAND: POST /session/b4f8750b6ab9764d379b715c7854fdbf/execute/async - {"script":"<script> [776 bytes]","args":[{"enterText":"IaejS4AUFl","selector":{"id":"application-managehandovers-display-component---AddNewHO--smartFilterBar-btnBasicSearch","searchOpenDialogs":true,"interaction":{"idSuffix":"I"}},"clearTextFirst":true,"interactionType":"ENTER_TEXT"}]}
RESULT: {"script":"<script> [776 bytes]","args":[{"enterText":"IaejS4AUFl","selector":{"id":"application-managehandovers-display-component---AddNewHO--smartFilterBar-btnBasicSearch","searchOpenDialogs":true,"interaction":{"idSuffix":"I"}},"clearTextFirst":true,"interactionType":"ENTER_TEXT"}]}
COMMAND: POST /session/b4f8750b6ab9764d379b715c7854fdbf/actions - {"actions":[{"id":"action40","type":"key","parameters":{},"actions":[{"type":"keyDown","value":""},{"type":"pause","duration":10},{"type":"keyUp","value":""}]}]}
RESULT: {"actions":[{"id":"action40","type":"key","parameters":{},"actions":[{"type":"keyDown","value":""},{"type":"pause","duration":10},{"type":"keyUp","value":""}]}]}
COMMAND: GET /session/b4f8750b6ab9764d379b715c7854fdbf/screenshot - {}
RESULT: {}
COMMAND: POST /session/b4f8750b6ab9764d379b715c7854fdbf/execute/async - {"script":"<script> [1562 bytes]","args":[{"selector":{"id":"application-managehandovers-display-component---AddNewHO--popup-sa","searchOpenDialogs":true,"interaction":{"idSuffix":"CbBg"}},"wdio_ui5_key":"applicationmanagehandovers-display-component---AddNewHO--popup-sa"}]}
RESULT: {"script":"<script> [1562 bytes]","args":[{"selector":{"id":"application-managehandovers-display-component---AddNewHO--popup-sa","searchOpenDialogs":true,"interaction":{"idSuffix":"CbBg"}},"wdio_ui5_key":"applicationmanagehandovers-display-component---AddNewHO--popup-sa"}]}
RESULT: undefined
COMMAND: POST /session/b4f8750b6ab9764d379b715c7854fdbf/element - {"using":"xpath","value":"//*[@id=\"application-managehandovers-display-component---AddNewHO--popup-sa\"]"}
RESULT: {"using":"xpath","value":"//*[@id=\"application-managehandovers-display-component---AddNewHO--popup-sa\"]"}
COMMAND: POST /session/b4f8750b6ab9764d379b715c7854fdbf/element/f.8850BFF0213FDAA0CDBB6DAFAFD06CF5.d.CB8F2C771C76486406887E3D66AA6983.e.12669/click - {}
RESULT: {}
COMMAND: GET /session/b4f8750b6ab9764d379b715c7854fdbf/screenshot - {}
RESULT: {}
COMMAND: POST /session/b4f8750b6ab9764d379b715c7854fdbf/element - {"using":"xpath","value":"//bdi[contains(text(), \"Select\")]"}
RESULT: {"using":"xpath","value":"//bdi[contains(text(), \"Select\")]"}
COMMAND: POST /session/b4f8750b6ab9764d379b715c7854fdbf/element/f.8850BFF0213FDAA0CDBB6DAFAFD06CF5.d.CB8F2C771C76486406887E3D66AA6983.e.12670/click - {}
RESULT: {}
COMMAND: GET /session/b4f8750b6ab9764d379b715c7854fdbf/screenshot - {}
RESULT: {}
COMMAND: POST /session/b4f8750b6ab9764d379b715c7854fdbf/element - {"using":"xpath","value":"//button[@data-kt=\"AddNewHOSaveButton\"]"}
RESULT: {"using":"xpath","value":"//button[@data-kt=\"AddNewHOSaveButton\"]"}
COMMAND: POST /session/b4f8750b6ab9764d379b715c7854fdbf/element/f.8850BFF0213FDAA0CDBB6DAFAFD06CF5.d.CB8F2C771C76486406887E3D66AA6983.e.12674/click - {}
RESULT: {}
COMMAND: GET /session/b4f8750b6ab9764d379b715c7854fdbf/screenshot - {}
RESULT: {}
COMMAND: POST /session/b4f8750b6ab9764d379b715c7854fdbf/execute/async - {"script":"<script> [1562 bytes]","args":[{"selector":{"id":"receiptDatePicker","viewName":"etm.portal.ui.managehandovers.view.DetailExecuteHO","interaction":{"idSuffix":"inner"}},"wdio_ui5_key":"receiptDatePickeretmportal.ui.managehandovers.view.DetailExecuteHO"}]}
RESULT: {"script":"<script> [1562 bytes]","args":[{"selector":{"id":"receiptDatePicker","viewName":"etm.portal.ui.managehandovers.view.DetailExecuteHO","interaction":{"idSuffix":"inner"}},"wdio_ui5_key":"receiptDatePickeretmportal.ui.managehandovers.view.DetailExecuteHO"}]}
RESULT: undefined
COMMAND: POST /session/b4f8750b6ab9764d379b715c7854fdbf/execute/async - {"script":"<script> [6424 bytes]","args":[{"element-6066-11e4-a52e-4f735466cecf":"f.8850BFF0213FDAA0CDBB6DAFAFD06CF5.d.CB8F2C771C76486406887E3D66AA6983.e.12701"},"setValue",["6/13/25"]]}
RESULT: {"script":"<script> [6424 bytes]","args":[{"element-6066-11e4-a52e-4f735466cecf":"f.8850BFF0213FDAA0CDBB6DAFAFD06CF5.d.CB8F2C771C76486406887E3D66AA6983.e.12701"},"setValue",["6/13/25"]]}
COMMAND: POST /session/b4f8750b6ab9764d379b715c7854fdbf/element - {"using":"xpath","value":"//button[@data-kt=\"ReceivingTableConfirmAllButton\"]"}
RESULT: {"using":"xpath","value":"//button[@data-kt=\"ReceivingTableConfirmAllButton\"]"}
COMMAND: POST /session/b4f8750b6ab9764d379b715c7854fdbf/element/f.8850BFF0213FDAA0CDBB6DAFAFD06CF5.d.CB8F2C771C76486406887E3D66AA6983.e.12715/click - {}
RESULT: {}
COMMAND: GET /session/b4f8750b6ab9764d379b715c7854fdbf/screenshot - {}
RESULT: {}
COMMAND: POST /session/b4f8750b6ab9764d379b715c7854fdbf/element - {"using":"xpath","value":"//bdi[contains(text(), \"OK\")]"}
RESULT: {"using":"xpath","value":"//bdi[contains(text(), \"OK\")]"}
COMMAND: POST /session/b4f8750b6ab9764d379b715c7854fdbf/element/f.8850BFF0213FDAA0CDBB6DAFAFD06CF5.d.CB8F2C771C76486406887E3D66AA6983.e.12717/click - {}
RESULT: {}
COMMAND: GET /session/b4f8750b6ab9764d379b715c7854fdbf/screenshot - {}
RESULT: {}
COMMAND: POST /session/b4f8750b6ab9764d379b715c7854fdbf/element - {"using":"xpath","value":"(//bdi[contains(text(), \"Receive\")])[2]"}
RESULT: {"using":"xpath","value":"(//bdi[contains(text(), \"Receive\")])[2]"}
COMMAND: POST /session/b4f8750b6ab9764d379b715c7854fdbf/element/f.8850BFF0213FDAA0CDBB6DAFAFD06CF5.d.CB8F2C771C76486406887E3D66AA6983.e.12719/click - {}
RESULT: {}
COMMAND: GET /session/b4f8750b6ab9764d379b715c7854fdbf/screenshot - {}
RESULT: {}
COMMAND: POST /session/b4f8750b6ab9764d379b715c7854fdbf/element - {"using":"css selector","value":"#shell-header-logo"}
RESULT: {"using":"css selector","value":"#shell-header-logo"}
COMMAND: POST /session/b4f8750b6ab9764d379b715c7854fdbf/element/f.8850BFF0213FDAA0CDBB6DAFAFD06CF5.d.CB8F2C771C76486406887E3D66AA6983.e.12107/click - {}
RESULT: {}
COMMAND: GET /session/b4f8750b6ab9764d379b715c7854fdbf/screenshot - {}
RESULT: {}
]]></system-out>
    </testcase>
    <testcase classname="chrome.137_0_7151_69.windows.Billing_Transfer_-_Intracompany_US127249" name="Should create a new contract" time="66.114">
      <system-out><![CDATA[
COMMAND: POST /session/b4f8750b6ab9764d379b715c7854fdbf/execute/async - {"script":"<script> [1562 bytes]","args":[{"selector":{"controlType":"sap.m.GenericTile","properties":{"header":"Manage Contracts"}},"wdio_ui5_key":"sapm.GenericTile{\"header\":\"Manage Contracts\"}"}]}
RESULT: {"script":"<script> [1562 bytes]","args":[{"selector":{"controlType":"sap.m.GenericTile","properties":{"header":"Manage Contracts"}},"wdio_ui5_key":"sapm.GenericTile{\"header\":\"Manage Contracts\"}"}]}
RESULT: undefined
COMMAND: POST /session/b4f8750b6ab9764d379b715c7854fdbf/element - {"using":"xpath","value":"//*[@id=\"__tile135\"]"}
RESULT: {"using":"xpath","value":"//*[@id=\"__tile135\"]"}
COMMAND: POST /session/b4f8750b6ab9764d379b715c7854fdbf/element/f.8850BFF0213FDAA0CDBB6DAFAFD06CF5.d.CB8F2C771C76486406887E3D66AA6983.e.8630/click - {}
RESULT: {}
COMMAND: GET /session/b4f8750b6ab9764d379b715c7854fdbf/screenshot - {}
COMMAND: POST /session/b4f8750b6ab9764d379b715c7854fdbf/elements - {"using":"xpath","value":"//span[text()='Error']"}
RESULT: {}
RESULT: {"using":"xpath","value":"//span[text()='Error']"}
COMMAND: POST /session/b4f8750b6ab9764d379b715c7854fdbf/element - {"using":"xpath","value":"//button[@data-kt=\"addButton\"]"}
RESULT: {"using":"xpath","value":"//button[@data-kt=\"addButton\"]"}
COMMAND: POST /session/b4f8750b6ab9764d379b715c7854fdbf/elements - {"using":"xpath","value":"//button[@data-kt=\"addButton\"]"}
RESULT: {"using":"xpath","value":"//button[@data-kt=\"addButton\"]"}
COMMAND: POST /session/b4f8750b6ab9764d379b715c7854fdbf/execute/sync - {"script":"<script> [8489 bytes]","args":[{"element-6066-11e4-a52e-4f735466cecf":"f.8850BFF0213FDAA0CDBB6DAFAFD06CF5.d.CB8F2C771C76486406887E3D66AA6983.e.13035","ELEMENT":"f.8850BFF0213FDAA0CDBB6DAFAFD06CF5.d.CB8F2C771C76486406887E3D66AA6983.e.13035"}]}
RESULT: {"script":"<script> [8489 bytes]","args":[{"element-6066-11e4-a52e-4f735466cecf":"f.8850BFF0213FDAA0CDBB6DAFAFD06CF5.d.CB8F2C771C76486406887E3D66AA6983.e.13035","ELEMENT":"f.8850BFF0213FDAA0CDBB6DAFAFD06CF5.d.CB8F2C771C76486406887E3D66AA6983.e.13035"}]}
COMMAND: GET /session/b4f8750b6ab9764d379b715c7854fdbf/element/f.8850BFF0213FDAA0CDBB6DAFAFD06CF5.d.CB8F2C771C76486406887E3D66AA6983.e.13035/enabled - {}
COMMAND: GET /session/b4f8750b6ab9764d379b715c7854fdbf/screenshot - {}
RESULT: {}
COMMAND: POST /session/b4f8750b6ab9764d379b715c7854fdbf/execute/sync - {"script":"<script> [8489 bytes]","args":[{"element-6066-11e4-a52e-4f735466cecf":"f.8850BFF0213FDAA0CDBB6DAFAFD06CF5.d.CB8F2C771C76486406887E3D66AA6983.e.13035","ELEMENT":"f.8850BFF0213FDAA0CDBB6DAFAFD06CF5.d.CB8F2C771C76486406887E3D66AA6983.e.13035"}]}
COMMAND: GET /session/b4f8750b6ab9764d379b715c7854fdbf/screenshot - {}
RESULT: {}
RESULT: {"script":"<script> [8489 bytes]","args":[{"element-6066-11e4-a52e-4f735466cecf":"f.8850BFF0213FDAA0CDBB6DAFAFD06CF5.d.CB8F2C771C76486406887E3D66AA6983.e.13035","ELEMENT":"f.8850BFF0213FDAA0CDBB6DAFAFD06CF5.d.CB8F2C771C76486406887E3D66AA6983.e.13035"}]}
COMMAND: POST /session/b4f8750b6ab9764d379b715c7854fdbf/execute/sync - {"script":"<script> [5351 bytes]","args":[{"element-6066-11e4-a52e-4f735466cecf":"f.8850BFF0213FDAA0CDBB6DAFAFD06CF5.d.CB8F2C771C76486406887E3D66AA6983.e.13035","ELEMENT":"f.8850BFF0213FDAA0CDBB6DAFAFD06CF5.d.CB8F2C771C76486406887E3D66AA6983.e.13035"}]}
COMMAND: GET /session/b4f8750b6ab9764d379b715c7854fdbf/screenshot - {}
RESULT: {}
RESULT: {"script":"<script> [5351 bytes]","args":[{"element-6066-11e4-a52e-4f735466cecf":"f.8850BFF0213FDAA0CDBB6DAFAFD06CF5.d.CB8F2C771C76486406887E3D66AA6983.e.13035","ELEMENT":"f.8850BFF0213FDAA0CDBB6DAFAFD06CF5.d.CB8F2C771C76486406887E3D66AA6983.e.13035"}]}
COMMAND: GET /session/b4f8750b6ab9764d379b715c7854fdbf/screenshot - {}
RESULT: {}
RESULT: {}
COMMAND: POST /session/b4f8750b6ab9764d379b715c7854fdbf/element/f.8850BFF0213FDAA0CDBB6DAFAFD06CF5.d.CB8F2C771C76486406887E3D66AA6983.e.13035/click - {}
RESULT: {}
COMMAND: GET /session/b4f8750b6ab9764d379b715c7854fdbf/screenshot - {}
RESULT: {}
COMMAND: POST /session/b4f8750b6ab9764d379b715c7854fdbf/execute/async - {"script":"<script> [1562 bytes]","args":[{"selector":{"id":"application-managecontracts-display-component---AddNewContract--projectDescription","interaction":{"idSuffix":"inner"}},"wdio_ui5_key":"applicationmanagecontracts-display-component---AddNewContract--projectDescription"}]}
RESULT: {"script":"<script> [1562 bytes]","args":[{"selector":{"id":"application-managecontracts-display-component---AddNewContract--projectDescription","interaction":{"idSuffix":"inner"}},"wdio_ui5_key":"applicationmanagecontracts-display-component---AddNewContract--projectDescription"}]}
RESULT: undefined
COMMAND: POST /session/b4f8750b6ab9764d379b715c7854fdbf/execute/async - {"script":"<script> [776 bytes]","args":[{"enterText":"Contract WDIO","selector":{"id":"application-managecontracts-display-component---AddNewContract--projectDescription","interaction":{"idSuffix":"inner"}},"clearTextFirst":true,"interactionType":"ENTER_TEXT"}]}
RESULT: {"script":"<script> [776 bytes]","args":[{"enterText":"Contract WDIO","selector":{"id":"application-managecontracts-display-component---AddNewContract--projectDescription","interaction":{"idSuffix":"inner"}},"clearTextFirst":true,"interactionType":"ENTER_TEXT"}]}
COMMAND: POST /session/b4f8750b6ab9764d379b715c7854fdbf/element - {"using":"xpath","value":"//input[@id=\"application-managecontracts-display-component---AddNewContract--site-inner\"]"}
RESULT: {"using":"xpath","value":"//input[@id=\"application-managecontracts-display-component---AddNewContract--site-inner\"]"}
COMMAND: POST /session/b4f8750b6ab9764d379b715c7854fdbf/element/f.8850BFF0213FDAA0CDBB6DAFAFD06CF5.d.CB8F2C771C76486406887E3D66AA6983.e.13371/clear - {}
RESULT: {}
COMMAND: POST /session/b4f8750b6ab9764d379b715c7854fdbf/element/f.8850BFF0213FDAA0CDBB6DAFAFD06CF5.d.CB8F2C771C76486406887E3D66AA6983.e.13371/value - {"text":"2093"}
COMMAND: GET /session/b4f8750b6ab9764d379b715c7854fdbf/screenshot - {}
RESULT: {"text":"2093"}
COMMAND: GET /session/b4f8750b6ab9764d379b715c7854fdbf/screenshot - {}
RESULT: {}
RESULT: {}
COMMAND: POST /session/b4f8750b6ab9764d379b715c7854fdbf/element - {"using":"xpath","value":"//li[.//span[text()='2093']]"}
RESULT: {"using":"xpath","value":"//li[.//span[text()='2093']]"}
COMMAND: POST /session/b4f8750b6ab9764d379b715c7854fdbf/element/f.8850BFF0213FDAA0CDBB6DAFAFD06CF5.d.CB8F2C771C76486406887E3D66AA6983.e.13454/click - {}
RESULT: {}
COMMAND: GET /session/b4f8750b6ab9764d379b715c7854fdbf/screenshot - {}
RESULT: {}
COMMAND: POST /session/b4f8750b6ab9764d379b715c7854fdbf/element - {"using":"xpath","value":"//input[@id=\"application-managecontracts-display-component---AddNewContract--yardId-inner\"]"}
RESULT: {"using":"xpath","value":"//input[@id=\"application-managecontracts-display-component---AddNewContract--yardId-inner\"]"}
COMMAND: GET /session/b4f8750b6ab9764d379b715c7854fdbf/element/f.8850BFF0213FDAA0CDBB6DAFAFD06CF5.d.CB8F2C771C76486406887E3D66AA6983.e.13372/property/value - {}
RESULT: {}
COMMAND: POST /session/b4f8750b6ab9764d379b715c7854fdbf/element - {"using":"xpath","value":"//input[@id=\"application-managecontracts-display-component---AddNewContract--customerSelect-inner\"]"}
COMMAND: GET /session/b4f8750b6ab9764d379b715c7854fdbf/screenshot - {}
RESULT: {"using":"xpath","value":"//input[@id=\"application-managecontracts-display-component---AddNewContract--customerSelect-inner\"]"}
COMMAND: POST /session/b4f8750b6ab9764d379b715c7854fdbf/element/f.8850BFF0213FDAA0CDBB6DAFAFD06CF5.d.CB8F2C771C76486406887E3D66AA6983.e.13370/clear - {}
RESULT: {}
RESULT: {}
COMMAND: POST /session/b4f8750b6ab9764d379b715c7854fdbf/element/f.8850BFF0213FDAA0CDBB6DAFAFD06CF5.d.CB8F2C771C76486406887E3D66AA6983.e.13370/value - {"text":"1102"}
COMMAND: GET /session/b4f8750b6ab9764d379b715c7854fdbf/screenshot - {}
RESULT: {"text":"1102"}
COMMAND: GET /session/b4f8750b6ab9764d379b715c7854fdbf/screenshot - {}
RESULT: {}
RESULT: {}
COMMAND: POST /session/b4f8750b6ab9764d379b715c7854fdbf/element - {"using":"xpath","value":"//li[.//span[text()='1102']]"}
RESULT: {"using":"xpath","value":"//li[.//span[text()='1102']]"}
COMMAND: POST /session/b4f8750b6ab9764d379b715c7854fdbf/element/f.8850BFF0213FDAA0CDBB6DAFAFD06CF5.d.CB8F2C771C76486406887E3D66AA6983.e.13457/click - {}
RESULT: {}
COMMAND: GET /session/b4f8750b6ab9764d379b715c7854fdbf/screenshot - {}
RESULT: {}
COMMAND: POST /session/b4f8750b6ab9764d379b715c7854fdbf/element - {"using":"xpath","value":"//button[@data-kt=\"saveButton\"]"}
RESULT: {"using":"xpath","value":"//button[@data-kt=\"saveButton\"]"}
COMMAND: POST /session/b4f8750b6ab9764d379b715c7854fdbf/element/f.8850BFF0213FDAA0CDBB6DAFAFD06CF5.d.CB8F2C771C76486406887E3D66AA6983.e.13447/click - {}
RESULT: {}
COMMAND: GET /session/b4f8750b6ab9764d379b715c7854fdbf/screenshot - {}
RESULT: {}
COMMAND: POST /session/b4f8750b6ab9764d379b715c7854fdbf/element - {"using":"xpath","value":"//span[contains(@id ,\"contractDetailTitleNoExpanded\")]"}
RESULT: {"using":"xpath","value":"//span[contains(@id ,\"contractDetailTitleNoExpanded\")]"}
COMMAND: POST /session/b4f8750b6ab9764d379b715c7854fdbf/elements - {"using":"xpath","value":"//span[contains(@id ,\"contractDetailTitleNoExpanded\")]"}
RESULT: {"using":"xpath","value":"//span[contains(@id ,\"contractDetailTitleNoExpanded\")]"}
COMMAND: POST /session/b4f8750b6ab9764d379b715c7854fdbf/execute/sync - {"script":"<script> [56 bytes]","args":[{"element-6066-11e4-a52e-4f735466cecf":"f.8850BFF0213FDAA0CDBB6DAFAFD06CF5.d.CB8F2C771C76486406887E3D66AA6983.e.13530","ELEMENT":"f.8850BFF0213FDAA0CDBB6DAFAFD06CF5.d.CB8F2C771C76486406887E3D66AA6983.e.13530"}]}
RESULT: {"script":"<script> [56 bytes]","args":[{"element-6066-11e4-a52e-4f735466cecf":"f.8850BFF0213FDAA0CDBB6DAFAFD06CF5.d.CB8F2C771C76486406887E3D66AA6983.e.13530","ELEMENT":"f.8850BFF0213FDAA0CDBB6DAFAFD06CF5.d.CB8F2C771C76486406887E3D66AA6983.e.13530"}]}
COMMAND: GET /session/b4f8750b6ab9764d379b715c7854fdbf/screenshot - {}
RESULT: {}
]]></system-out>
    </testcase>
    <testcase classname="chrome.137_0_7151_69.windows.Billing_Transfer_-_Intracompany_US127249" name="Should add equipment to the contract" time="49.374">
      <system-out><![CDATA[
COMMAND: POST /session/b4f8750b6ab9764d379b715c7854fdbf/element - {"using":"xpath","value":"//button[@data-kt=\"contractDetailEditBtnButton\"]"}
RESULT: {"using":"xpath","value":"//button[@data-kt=\"contractDetailEditBtnButton\"]"}
COMMAND: POST /session/b4f8750b6ab9764d379b715c7854fdbf/element/f.8850BFF0213FDAA0CDBB6DAFAFD06CF5.d.CB8F2C771C76486406887E3D66AA6983.e.13532/click - {}
RESULT: {}
COMMAND: GET /session/b4f8750b6ab9764d379b715c7854fdbf/screenshot - {}
RESULT: {}
COMMAND: POST /session/b4f8750b6ab9764d379b715c7854fdbf/element - {"using":"xpath","value":"(//span[contains(text(), \"Additional Addresses\")])[2]"}
RESULT: {"using":"xpath","value":"(//span[contains(text(), \"Additional Addresses\")])[2]"}
COMMAND: POST /session/b4f8750b6ab9764d379b715c7854fdbf/element/f.8850BFF0213FDAA0CDBB6DAFAFD06CF5.d.CB8F2C771C76486406887E3D66AA6983.e.13587/click - {}
RESULT: {}
COMMAND: GET /session/b4f8750b6ab9764d379b715c7854fdbf/screenshot - {}
RESULT: {}
COMMAND: POST /session/b4f8750b6ab9764d379b715c7854fdbf/element - {"using":"xpath","value":"//button[@data-kt=\"btnAddTableRowOverflowToolbarButton\"]"}
RESULT: {"using":"xpath","value":"//button[@data-kt=\"btnAddTableRowOverflowToolbarButton\"]"}
COMMAND: POST /session/b4f8750b6ab9764d379b715c7854fdbf/element/f.8850BFF0213FDAA0CDBB6DAFAFD06CF5.d.CB8F2C771C76486406887E3D66AA6983.e.13590/click - {}
RESULT: {}
COMMAND: GET /session/b4f8750b6ab9764d379b715c7854fdbf/screenshot - {}
RESULT: {}
COMMAND: POST /session/b4f8750b6ab9764d379b715c7854fdbf/element - {"using":"xpath","value":"//div[(text() = 'Standard Entry' or . = 'Standard Entry')]"}
RESULT: {"using":"xpath","value":"//div[(text() = 'Standard Entry' or . = 'Standard Entry')]"}
COMMAND: POST /session/b4f8750b6ab9764d379b715c7854fdbf/element/f.8850BFF0213FDAA0CDBB6DAFAFD06CF5.d.CB8F2C771C76486406887E3D66AA6983.e.13592/click - {}
RESULT: {}
COMMAND: GET /session/b4f8750b6ab9764d379b715c7854fdbf/screenshot - {}
RESULT: {}
COMMAND: POST /session/b4f8750b6ab9764d379b715c7854fdbf/element - {"using":"xpath","value":"//td[7]/div/div/input"}
RESULT: {"using":"xpath","value":"//td[7]/div/div/input"}
COMMAND: POST /session/b4f8750b6ab9764d379b715c7854fdbf/element/f.8850BFF0213FDAA0CDBB6DAFAFD06CF5.d.CB8F2C771C76486406887E3D66AA6983.e.13601/clear - {}
RESULT: {}
COMMAND: POST /session/b4f8750b6ab9764d379b715c7854fdbf/element/f.8850BFF0213FDAA0CDBB6DAFAFD06CF5.d.CB8F2C771C76486406887E3D66AA6983.e.13601/value - {"text":"IaejS4AUFl"}
COMMAND: GET /session/b4f8750b6ab9764d379b715c7854fdbf/screenshot - {}
RESULT: {"text":"IaejS4AUFl"}
COMMAND: GET /session/b4f8750b6ab9764d379b715c7854fdbf/screenshot - {}
RESULT: {}
RESULT: {}
COMMAND: POST /session/b4f8750b6ab9764d379b715c7854fdbf/actions - {"actions":[{"id":"action41","type":"key","parameters":{},"actions":[{"type":"keyDown","value":""},{"type":"pause","duration":10},{"type":"keyUp","value":""}]}]}
RESULT: {"actions":[{"id":"action41","type":"key","parameters":{},"actions":[{"type":"keyDown","value":""},{"type":"pause","duration":10},{"type":"keyUp","value":""}]}]}
COMMAND: GET /session/b4f8750b6ab9764d379b715c7854fdbf/screenshot - {}
RESULT: {}
COMMAND: POST /session/b4f8750b6ab9764d379b715c7854fdbf/execute/sync - {"script":"<script> [276 bytes]","args":["No pricing information was found"]}
RESULT: {"script":"<script> [276 bytes]","args":["No pricing information was found"]}
COMMAND: POST /session/b4f8750b6ab9764d379b715c7854fdbf/element - {"using":"xpath","value":"(//button[@data-kt=\"saveButton\"])[2]"}
COMMAND: GET /session/b4f8750b6ab9764d379b715c7854fdbf/screenshot - {}
RESULT: {"using":"xpath","value":"(//button[@data-kt=\"saveButton\"])[2]"}
COMMAND: POST /session/b4f8750b6ab9764d379b715c7854fdbf/element/f.8850BFF0213FDAA0CDBB6DAFAFD06CF5.d.CB8F2C771C76486406887E3D66AA6983.e.13616/click - {}
RESULT: {}
RESULT: {}
COMMAND: GET /session/b4f8750b6ab9764d379b715c7854fdbf/screenshot - {}
RESULT: {}
COMMAND: POST /session/b4f8750b6ab9764d379b715c7854fdbf/execute/sync - {"script":"<script> [276 bytes]","args":["Some contract items are having rental validity exceeding header rental validity"]}
RESULT: {"script":"<script> [276 bytes]","args":["Some contract items are having rental validity exceeding header rental validity"]}
COMMAND: GET /session/b4f8750b6ab9764d379b715c7854fdbf/screenshot - {}
RESULT: {}
COMMAND: POST /session/b4f8750b6ab9764d379b715c7854fdbf/element - {"using":"xpath","value":"//span[contains(@id ,\"contractItemsSmartTable-header-inner\")]"}
RESULT: {"using":"xpath","value":"//span[contains(@id ,\"contractItemsSmartTable-header-inner\")]"}
COMMAND: POST /session/b4f8750b6ab9764d379b715c7854fdbf/elements - {"using":"xpath","value":"//span[contains(@id ,\"contractItemsSmartTable-header-inner\")]"}
RESULT: {"using":"xpath","value":"//span[contains(@id ,\"contractItemsSmartTable-header-inner\")]"}
COMMAND: POST /session/b4f8750b6ab9764d379b715c7854fdbf/execute/sync - {"script":"<script> [56 bytes]","args":[{"element-6066-11e4-a52e-4f735466cecf":"f.8850BFF0213FDAA0CDBB6DAFAFD06CF5.d.CB8F2C771C76486406887E3D66AA6983.e.13622","ELEMENT":"f.8850BFF0213FDAA0CDBB6DAFAFD06CF5.d.CB8F2C771C76486406887E3D66AA6983.e.13622"}]}
RESULT: {"script":"<script> [56 bytes]","args":[{"element-6066-11e4-a52e-4f735466cecf":"f.8850BFF0213FDAA0CDBB6DAFAFD06CF5.d.CB8F2C771C76486406887E3D66AA6983.e.13622","ELEMENT":"f.8850BFF0213FDAA0CDBB6DAFAFD06CF5.d.CB8F2C771C76486406887E3D66AA6983.e.13622"}]}
]]></system-out>
    </testcase>
    <testcase classname="chrome.137_0_7151_69.windows.Billing_Transfer_-_Intracompany_US127249" name="Should do a provide to site handover" time="63.7">
      <system-out><![CDATA[
COMMAND: POST /session/b4f8750b6ab9764d379b715c7854fdbf/element - {"using":"xpath","value":"//button[@data-kt=\"provideButton\"]"}
COMMAND: GET /session/b4f8750b6ab9764d379b715c7854fdbf/screenshot - {}
RESULT: {"using":"xpath","value":"//button[@data-kt=\"provideButton\"]"}
COMMAND: POST /session/b4f8750b6ab9764d379b715c7854fdbf/element/f.8850BFF0213FDAA0CDBB6DAFAFD06CF5.d.CB8F2C771C76486406887E3D66AA6983.e.13623/click - {}
RESULT: {}
RESULT: {}
COMMAND: GET /session/b4f8750b6ab9764d379b715c7854fdbf/screenshot - {}
RESULT: {}
RESULT: undefined
COMMAND: POST /session/b4f8750b6ab9764d379b715c7854fdbf/execute/async - {"script":"<script> [6424 bytes]","args":[{"element-6066-11e4-a52e-4f735466cecf":"f.8850BFF0213FDAA0CDBB6DAFAFD06CF5.d.CB8F2C771C76486406887E3D66AA6983.e.12488"},"setValue",["6/13/25"]]}
COMMAND: POST /session/b4f8750b6ab9764d379b715c7854fdbf/execute/async - {"script":"<script> [1562 bytes]","args":[{"selector":{"id":"application-managehandovers-display-component---AddNewHO--dueDate","interaction":{"idSuffix":"inner"}},"wdio_ui5_key":"applicationmanagehandovers-display-component---AddNewHO--dueDate"}]}
RESULT: {"script":"<script> [1562 bytes]","args":[{"selector":{"id":"application-managehandovers-display-component---AddNewHO--dueDate","interaction":{"idSuffix":"inner"}},"wdio_ui5_key":"applicationmanagehandovers-display-component---AddNewHO--dueDate"}]}
COMMAND: POST /session/b4f8750b6ab9764d379b715c7854fdbf/execute/async - {"script":"<script> [6424 bytes]","args":[{"element-6066-11e4-a52e-4f735466cecf":"f.8850BFF0213FDAA0CDBB6DAFAFD06CF5.d.CB8F2C771C76486406887E3D66AA6983.e.13713"},"setValue",["6/13/25"]]}
RESULT: {"script":"<script> [6424 bytes]","args":[{"element-6066-11e4-a52e-4f735466cecf":"f.8850BFF0213FDAA0CDBB6DAFAFD06CF5.d.CB8F2C771C76486406887E3D66AA6983.e.13713"},"setValue",["6/13/25"]]}
COMMAND: POST /session/b4f8750b6ab9764d379b715c7854fdbf/element - {"using":"xpath","value":"//bdi[contains(text(), \"Instructions\")]"}
RESULT: {"using":"xpath","value":"//bdi[contains(text(), \"Instructions\")]"}
COMMAND: POST /session/b4f8750b6ab9764d379b715c7854fdbf/element/f.8850BFF0213FDAA0CDBB6DAFAFD06CF5.d.CB8F2C771C76486406887E3D66AA6983.e.13930/click - {}
RESULT: {}
COMMAND: GET /session/b4f8750b6ab9764d379b715c7854fdbf/screenshot - {}
RESULT: {}
COMMAND: POST /session/b4f8750b6ab9764d379b715c7854fdbf/element - {"using":"xpath","value":"//button[@data-kt=\"AddNewHOProvideAddItemsButton\"]"}
RESULT: {"using":"xpath","value":"//button[@data-kt=\"AddNewHOProvideAddItemsButton\"]"}
COMMAND: POST /session/b4f8750b6ab9764d379b715c7854fdbf/element/f.8850BFF0213FDAA0CDBB6DAFAFD06CF5.d.CB8F2C771C76486406887E3D66AA6983.e.13934/click - {}
RESULT: {}
COMMAND: GET /session/b4f8750b6ab9764d379b715c7854fdbf/screenshot - {}
RESULT: {}
RESULT: undefined
COMMAND: POST /session/b4f8750b6ab9764d379b715c7854fdbf/element - {"using":"xpath","value":"//*[@id=\"application-managehandovers-display-component---AddNewHO--popup-sa\"]"}
RESULT: {"using":"xpath","value":"//*[@id=\"application-managehandovers-display-component---AddNewHO--popup-sa\"]"}
COMMAND: POST /session/b4f8750b6ab9764d379b715c7854fdbf/element/f.8850BFF0213FDAA0CDBB6DAFAFD06CF5.d.CB8F2C771C76486406887E3D66AA6983.e.13943/click - {}
RESULT: {}
COMMAND: GET /session/b4f8750b6ab9764d379b715c7854fdbf/screenshot - {}
RESULT: {}
COMMAND: POST /session/b4f8750b6ab9764d379b715c7854fdbf/element - {"using":"xpath","value":"//*[contains(@id ,\"BDI-content\")][contains(text(), \"Select\")]"}
RESULT: {"using":"xpath","value":"//*[contains(@id ,\"BDI-content\")][contains(text(), \"Select\")]"}
COMMAND: POST /session/b4f8750b6ab9764d379b715c7854fdbf/element/f.8850BFF0213FDAA0CDBB6DAFAFD06CF5.d.CB8F2C771C76486406887E3D66AA6983.e.13945/click - {}
RESULT: {}
COMMAND: GET /session/b4f8750b6ab9764d379b715c7854fdbf/screenshot - {}
RESULT: {}
COMMAND: POST /session/b4f8750b6ab9764d379b715c7854fdbf/execute/async - {"script":"<script> [1562 bytes]","args":[{"selector":{"id":"application-managehandovers-display-component---AddNewHO--confirmCreationButton","interaction":{"idSuffix":"BDI-content"}},"wdio_ui5_key":"applicationmanagehandovers-display-component---AddNewHO--confirmCreationButton"}]}
RESULT: {"script":"<script> [1562 bytes]","args":[{"selector":{"id":"application-managehandovers-display-component---AddNewHO--confirmCreationButton","interaction":{"idSuffix":"BDI-content"}},"wdio_ui5_key":"applicationmanagehandovers-display-component---AddNewHO--confirmCreationButton"}]}
RESULT: undefined
COMMAND: POST /session/b4f8750b6ab9764d379b715c7854fdbf/element - {"using":"xpath","value":"//*[@id=\"application-managehandovers-display-component---AddNewHO--confirmCreationButton\"]"}
RESULT: {"using":"xpath","value":"//*[@id=\"application-managehandovers-display-component---AddNewHO--confirmCreationButton\"]"}
COMMAND: POST /session/b4f8750b6ab9764d379b715c7854fdbf/element/f.8850BFF0213FDAA0CDBB6DAFAFD06CF5.d.CB8F2C771C76486406887E3D66AA6983.e.13760/click - {}
RESULT: {}
COMMAND: GET /session/b4f8750b6ab9764d379b715c7854fdbf/screenshot - {}
RESULT: {}
COMMAND: POST /session/b4f8750b6ab9764d379b715c7854fdbf/execute/async - {"script":"<script> [1562 bytes]","args":[{"selector":{"id":"issueDatePicker","viewName":"etm.portal.ui.managehandovers.view.DetailExecuteHO","interaction":{"idSuffix":"inner"}},"wdio_ui5_key":"issueDatePickeretmportal.ui.managehandovers.view.DetailExecuteHO"}]}
RESULT: {"script":"<script> [1562 bytes]","args":[{"selector":{"id":"issueDatePicker","viewName":"etm.portal.ui.managehandovers.view.DetailExecuteHO","interaction":{"idSuffix":"inner"}},"wdio_ui5_key":"issueDatePickeretmportal.ui.managehandovers.view.DetailExecuteHO"}]}
RESULT: undefined
COMMAND: POST /session/b4f8750b6ab9764d379b715c7854fdbf/execute/async - {"script":"<script> [776 bytes]","args":[{"enterText":"6/13/25","selector":{"id":"issueDatePicker","viewName":"etm.portal.ui.managehandovers.view.DetailExecuteHO","interaction":{"idSuffix":"inner"}},"clearTextFirst":true,"interactionType":"ENTER_TEXT"}]}
RESULT: {"script":"<script> [776 bytes]","args":[{"enterText":"6/13/25","selector":{"id":"issueDatePicker","viewName":"etm.portal.ui.managehandovers.view.DetailExecuteHO","interaction":{"idSuffix":"inner"}},"clearTextFirst":true,"interactionType":"ENTER_TEXT"}]}
COMMAND: POST /session/b4f8750b6ab9764d379b715c7854fdbf/element - {"using":"xpath","value":"//button[@data-kt=\"PickingTableConfirmAllButton\"]"}
RESULT: {"using":"xpath","value":"//button[@data-kt=\"PickingTableConfirmAllButton\"]"}
COMMAND: POST /session/b4f8750b6ab9764d379b715c7854fdbf/element/f.8850BFF0213FDAA0CDBB6DAFAFD06CF5.d.CB8F2C771C76486406887E3D66AA6983.e.14000/click - {}
RESULT: {}
COMMAND: GET /session/b4f8750b6ab9764d379b715c7854fdbf/screenshot - {}
RESULT: {}
COMMAND: POST /session/b4f8750b6ab9764d379b715c7854fdbf/element - {"using":"xpath","value":"//bdi[contains(text(), \"OK\")]"}
RESULT: {"using":"xpath","value":"//bdi[contains(text(), \"OK\")]"}
COMMAND: POST /session/b4f8750b6ab9764d379b715c7854fdbf/element/f.8850BFF0213FDAA0CDBB6DAFAFD06CF5.d.CB8F2C771C76486406887E3D66AA6983.e.14003/click - {}
RESULT: {}
COMMAND: GET /session/b4f8750b6ab9764d379b715c7854fdbf/screenshot - {}
RESULT: {}
COMMAND: POST /session/b4f8750b6ab9764d379b715c7854fdbf/element - {"using":"xpath","value":"//bdi[contains(text(), \"Issue\")]"}
RESULT: {"using":"xpath","value":"//bdi[contains(text(), \"Issue\")]"}
COMMAND: POST /session/b4f8750b6ab9764d379b715c7854fdbf/element/f.8850BFF0213FDAA0CDBB6DAFAFD06CF5.d.CB8F2C771C76486406887E3D66AA6983.e.14005/click - {}
RESULT: {}
COMMAND: GET /session/b4f8750b6ab9764d379b715c7854fdbf/screenshot - {}
RESULT: {}
COMMAND: POST /session/b4f8750b6ab9764d379b715c7854fdbf/element - {"using":"css selector","value":"#shell-header-logo"}
RESULT: {"using":"css selector","value":"#shell-header-logo"}
COMMAND: POST /session/b4f8750b6ab9764d379b715c7854fdbf/element/f.8850BFF0213FDAA0CDBB6DAFAFD06CF5.d.CB8F2C771C76486406887E3D66AA6983.e.13006/click - {}
RESULT: {}
COMMAND: GET /session/b4f8750b6ab9764d379b715c7854fdbf/screenshot - {}
RESULT: {}
]]></system-out>
    </testcase>
    <testcase classname="chrome.137_0_7151_69.windows.Billing_Transfer_-_Intracompany_US127249" name="Should go navigate to Manage Billings and trigger contract calculation check result" time="65.046">
      <system-out><![CDATA[
COMMAND: POST /session/b4f8750b6ab9764d379b715c7854fdbf/execute/async - {"script":"<script> [1562 bytes]","args":[{"selector":{"controlType":"sap.m.GenericTile","properties":{"header":"Manage Billings"}},"wdio_ui5_key":"sapm.GenericTile{\"header\":\"Manage Billings\"}"}]}
RESULT: {"script":"<script> [1562 bytes]","args":[{"selector":{"controlType":"sap.m.GenericTile","properties":{"header":"Manage Billings"}},"wdio_ui5_key":"sapm.GenericTile{\"header\":\"Manage Billings\"}"}]}
RESULT: undefined
COMMAND: POST /session/b4f8750b6ab9764d379b715c7854fdbf/element - {"using":"xpath","value":"//*[@id=\"__tile53\"]"}
RESULT: {"using":"xpath","value":"//*[@id=\"__tile53\"]"}
COMMAND: POST /session/b4f8750b6ab9764d379b715c7854fdbf/element/f.8850BFF0213FDAA0CDBB6DAFAFD06CF5.d.CB8F2C771C76486406887E3D66AA6983.e.8659/click - {}
RESULT: {}
COMMAND: GET /session/b4f8750b6ab9764d379b715c7854fdbf/screenshot - {}
RESULT: {}
COMMAND: POST /session/b4f8750b6ab9764d379b715c7854fdbf/elements - {"using":"xpath","value":"//span[text()='Error']"}
RESULT: {"using":"xpath","value":"//span[text()='Error']"}
COMMAND: POST /session/b4f8750b6ab9764d379b715c7854fdbf/execute/async - {"script":"<script> [1562 bytes]","args":[{"selector":{"id":"application-managebillings-display-component---billRunCalcResult--smartFilterBar-btnBasicSearch","interaction":{"idSuffix":"I"}},"wdio_ui5_key":"applicationmanagebillings-display-component---billRunCalcResult--smartFilterBar-btnBasicSearch"}]}
RESULT: {"script":"<script> [1562 bytes]","args":[{"selector":{"id":"application-managebillings-display-component---billRunCalcResult--smartFilterBar-btnBasicSearch","interaction":{"idSuffix":"I"}},"wdio_ui5_key":"applicationmanagebillings-display-component---billRunCalcResult--smartFilterBar-btnBasicSearch"}]}
RESULT: undefined
COMMAND: POST /session/b4f8750b6ab9764d379b715c7854fdbf/execute/async - {"script":"<script> [776 bytes]","args":[{"enterText":"10179","selector":{"id":"application-managebillings-display-component---billRunCalcResult--smartFilterBar-btnBasicSearch","interaction":{"idSuffix":"I"}},"clearTextFirst":true,"interactionType":"ENTER_TEXT"}]}
RESULT: {"script":"<script> [776 bytes]","args":[{"enterText":"10179","selector":{"id":"application-managebillings-display-component---billRunCalcResult--smartFilterBar-btnBasicSearch","interaction":{"idSuffix":"I"}},"clearTextFirst":true,"interactionType":"ENTER_TEXT"}]}
COMMAND: POST /session/b4f8750b6ab9764d379b715c7854fdbf/actions - {"actions":[{"id":"action42","type":"key","parameters":{},"actions":[{"type":"keyDown","value":""},{"type":"pause","duration":10},{"type":"keyUp","value":""}]}]}
RESULT: {"actions":[{"id":"action42","type":"key","parameters":{},"actions":[{"type":"keyDown","value":""},{"type":"pause","duration":10},{"type":"keyUp","value":""}]}]}
COMMAND: GET /session/b4f8750b6ab9764d379b715c7854fdbf/screenshot - {}
RESULT: {}
COMMAND: POST /session/b4f8750b6ab9764d379b715c7854fdbf/element - {"using":"xpath","value":"//td[@aria-colindex=\"1\"]/div/div[contains(@class, \"sapMCbBg\")]"}
RESULT: {"using":"xpath","value":"//td[@aria-colindex=\"1\"]/div/div[contains(@class, \"sapMCbBg\")]"}
COMMAND: POST /session/b4f8750b6ab9764d379b715c7854fdbf/element/f.8850BFF0213FDAA0CDBB6DAFAFD06CF5.d.CB8F2C771C76486406887E3D66AA6983.e.14586/click - {}
RESULT: {}
COMMAND: GET /session/b4f8750b6ab9764d379b715c7854fdbf/screenshot - {}
RESULT: {}
COMMAND: POST /session/b4f8750b6ab9764d379b715c7854fdbf/execute/async - {"script":"<script> [1562 bytes]","args":[{"selector":{"id":"application-managebillings-display-component---billRunCalcResult--contractBillRunDate","interaction":{"idSuffix":"inner"}},"wdio_ui5_key":"applicationmanagebillings-display-component---billRunCalcResult--contractBillRunDate"}]}
RESULT: {"script":"<script> [1562 bytes]","args":[{"selector":{"id":"application-managebillings-display-component---billRunCalcResult--contractBillRunDate","interaction":{"idSuffix":"inner"}},"wdio_ui5_key":"applicationmanagebillings-display-component---billRunCalcResult--contractBillRunDate"}]}
RESULT: undefined
COMMAND: POST /session/b4f8750b6ab9764d379b715c7854fdbf/execute/async - {"script":"<script> [776 bytes]","args":[{"enterText":"6/13/25","selector":{"id":"application-managebillings-display-component---billRunCalcResult--contractBillRunDate","interaction":{"idSuffix":"inner"}},"clearTextFirst":true,"interactionType":"ENTER_TEXT"}]}
RESULT: {"script":"<script> [776 bytes]","args":[{"enterText":"6/13/25","selector":{"id":"application-managebillings-display-component---billRunCalcResult--contractBillRunDate","interaction":{"idSuffix":"inner"}},"clearTextFirst":true,"interactionType":"ENTER_TEXT"}]}
COMMAND: POST /session/b4f8750b6ab9764d379b715c7854fdbf/element - {"using":"xpath","value":"//bdi[contains(text(), \"Trigger Calculation\")]"}
RESULT: {"using":"xpath","value":"//bdi[contains(text(), \"Trigger Calculation\")]"}
COMMAND: POST /session/b4f8750b6ab9764d379b715c7854fdbf/element/f.8850BFF0213FDAA0CDBB6DAFAFD06CF5.d.CB8F2C771C76486406887E3D66AA6983.e.14609/click - {}
RESULT: {}
COMMAND: GET /session/b4f8750b6ab9764d379b715c7854fdbf/screenshot - {}
RESULT: {}
COMMAND: POST /session/b4f8750b6ab9764d379b715c7854fdbf/element - {"using":"xpath","value":"(//span[contains(@id, \"imgNav\")])[1]"}
RESULT: {"using":"xpath","value":"(//span[contains(@id, \"imgNav\")])[1]"}
COMMAND: POST /session/b4f8750b6ab9764d379b715c7854fdbf/element/f.8850BFF0213FDAA0CDBB6DAFAFD06CF5.d.CB8F2C771C76486406887E3D66AA6983.e.14600/click - {}
RESULT: {}
COMMAND: GET /session/b4f8750b6ab9764d379b715c7854fdbf/screenshot - {}
RESULT: {}
COMMAND: POST /session/b4f8750b6ab9764d379b715c7854fdbf/element - {"using":"xpath","value":"//tr/td[6]/div[1]/span[1]/span[1]"}
RESULT: {"using":"xpath","value":"//tr/td[6]/div[1]/span[1]/span[1]"}
COMMAND: GET /session/b4f8750b6ab9764d379b715c7854fdbf/element/f.8850BFF0213FDAA0CDBB6DAFAFD06CF5.d.CB8F2C771C76486406887E3D66AA6983.e.14614/text - {}
RESULT: {}
COMMAND: POST /session/b4f8750b6ab9764d379b715c7854fdbf/element - {"using":"xpath","value":"(//span[contains(@id, \"imgNav\")])[2]"}
RESULT: {"using":"xpath","value":"(//span[contains(@id, \"imgNav\")])[2]"}
COMMAND: POST /session/b4f8750b6ab9764d379b715c7854fdbf/element/f.8850BFF0213FDAA0CDBB6DAFAFD06CF5.d.CB8F2C771C76486406887E3D66AA6983.e.14615/click - {}
RESULT: {}
COMMAND: POST /session/b4f8750b6ab9764d379b715c7854fdbf/element - {"using":"xpath","value":"//bdi[contains(text(), \"Business Confirm\")]"}
COMMAND: GET /session/b4f8750b6ab9764d379b715c7854fdbf/screenshot - {}
RESULT: {"using":"xpath","value":"//bdi[contains(text(), \"Business Confirm\")]"}
COMMAND: POST /session/b4f8750b6ab9764d379b715c7854fdbf/elements - {"using":"xpath","value":"//bdi[contains(text(), \"Business Confirm\")]"}
RESULT: {}
RESULT: {"using":"xpath","value":"//bdi[contains(text(), \"Business Confirm\")]"}
COMMAND: POST /session/b4f8750b6ab9764d379b715c7854fdbf/element - {"using":"xpath","value":"//bdi[contains(text(), \"Business Confirm\")]"}
RESULT: {"using":"xpath","value":"//bdi[contains(text(), \"Business Confirm\")]"}
COMMAND: POST /session/b4f8750b6ab9764d379b715c7854fdbf/element/f.8850BFF0213FDAA0CDBB6DAFAFD06CF5.d.CB8F2C771C76486406887E3D66AA6983.e.14648/click - {}
RESULT: {}
COMMAND: POST /session/b4f8750b6ab9764d379b715c7854fdbf/element - {"using":"css selector","value":"#shell-header-logo"}
COMMAND: GET /session/b4f8750b6ab9764d379b715c7854fdbf/screenshot - {}
RESULT: {"using":"css selector","value":"#shell-header-logo"}
COMMAND: POST /session/b4f8750b6ab9764d379b715c7854fdbf/element/f.8850BFF0213FDAA0CDBB6DAFAFD06CF5.d.CB8F2C771C76486406887E3D66AA6983.e.14302/click - {}
RESULT: {}
RESULT: {}
COMMAND: GET /session/b4f8750b6ab9764d379b715c7854fdbf/screenshot - {}
RESULT: {}
]]></system-out>
    </testcase>
    <testcase classname="chrome.137_0_7151_69.windows.Billing_Transfer_-_Intracompany_US127249" name="Should navigate to billing transfer and invoice the contract" time="88.026">
      <system-out><![CDATA[
COMMAND: POST /session/b4f8750b6ab9764d379b715c7854fdbf/execute/async - {"script":"<script> [1562 bytes]","args":[{"selector":{"controlType":"sap.m.GenericTile","properties":{"header":"Billing Transfer"}},"wdio_ui5_key":"sapm.GenericTile{\"header\":\"Billing Transfer\"}"}]}
RESULT: {"script":"<script> [1562 bytes]","args":[{"selector":{"controlType":"sap.m.GenericTile","properties":{"header":"Billing Transfer"}},"wdio_ui5_key":"sapm.GenericTile{\"header\":\"Billing Transfer\"}"}]}
RESULT: undefined
COMMAND: POST /session/b4f8750b6ab9764d379b715c7854fdbf/element - {"using":"xpath","value":"//*[@id=\"__tile52\"]"}
RESULT: {"using":"xpath","value":"//*[@id=\"__tile52\"]"}
COMMAND: POST /session/b4f8750b6ab9764d379b715c7854fdbf/element/f.8850BFF0213FDAA0CDBB6DAFAFD06CF5.d.CB8F2C771C76486406887E3D66AA6983.e.8657/click - {}
RESULT: {}
COMMAND: GET /session/b4f8750b6ab9764d379b715c7854fdbf/screenshot - {}
RESULT: {}
COMMAND: POST /session/b4f8750b6ab9764d379b715c7854fdbf/elements - {"using":"xpath","value":"//span[text()='Error']"}
RESULT: {"using":"xpath","value":"//span[text()='Error']"}
COMMAND: POST /session/b4f8750b6ab9764d379b715c7854fdbf/element - {"using":"xpath","value":"//input[contains(@id ,\"application-billingtransfer-display-component---billingWorkbench--smartFilterBar-btnBasicSearch\")]"}
RESULT: {"using":"xpath","value":"//input[contains(@id ,\"application-billingtransfer-display-component---billingWorkbench--smartFilterBar-btnBasicSearch\")]"}
COMMAND: POST /session/b4f8750b6ab9764d379b715c7854fdbf/elements - {"using":"xpath","value":"//input[contains(@id ,\"application-billingtransfer-display-component---billingWorkbench--smartFilterBar-btnBasicSearch\")]"}
RESULT: {"using":"xpath","value":"//input[contains(@id ,\"application-billingtransfer-display-component---billingWorkbench--smartFilterBar-btnBasicSearch\")]"}
COMMAND: POST /session/b4f8750b6ab9764d379b715c7854fdbf/execute/sync - {"script":"<script> [8489 bytes]","args":[{"element-6066-11e4-a52e-4f735466cecf":"f.8850BFF0213FDAA0CDBB6DAFAFD06CF5.d.CB8F2C771C76486406887E3D66AA6983.e.14675","ELEMENT":"f.8850BFF0213FDAA0CDBB6DAFAFD06CF5.d.CB8F2C771C76486406887E3D66AA6983.e.14675"}]}
RESULT: {"script":"<script> [8489 bytes]","args":[{"element-6066-11e4-a52e-4f735466cecf":"f.8850BFF0213FDAA0CDBB6DAFAFD06CF5.d.CB8F2C771C76486406887E3D66AA6983.e.14675","ELEMENT":"f.8850BFF0213FDAA0CDBB6DAFAFD06CF5.d.CB8F2C771C76486406887E3D66AA6983.e.14675"}]}
COMMAND: GET /session/b4f8750b6ab9764d379b715c7854fdbf/element/f.8850BFF0213FDAA0CDBB6DAFAFD06CF5.d.CB8F2C771C76486406887E3D66AA6983.e.14675/enabled - {}
COMMAND: GET /session/b4f8750b6ab9764d379b715c7854fdbf/screenshot - {}
RESULT: {}
COMMAND: POST /session/b4f8750b6ab9764d379b715c7854fdbf/element/f.8850BFF0213FDAA0CDBB6DAFAFD06CF5.d.CB8F2C771C76486406887E3D66AA6983.e.14675/click - {}
COMMAND: GET /session/b4f8750b6ab9764d379b715c7854fdbf/screenshot - {}
RESULT: {}
RESULT: {}
COMMAND: GET /session/b4f8750b6ab9764d379b715c7854fdbf/screenshot - {}
RESULT: {}
RESULT: {}
COMMAND: POST /session/b4f8750b6ab9764d379b715c7854fdbf/element/f.8850BFF0213FDAA0CDBB6DAFAFD06CF5.d.CB8F2C771C76486406887E3D66AA6983.e.14675/clear - {}
RESULT: {}
COMMAND: POST /session/b4f8750b6ab9764d379b715c7854fdbf/element/f.8850BFF0213FDAA0CDBB6DAFAFD06CF5.d.CB8F2C771C76486406887E3D66AA6983.e.14675/value - {"text":"10179"}
COMMAND: GET /session/b4f8750b6ab9764d379b715c7854fdbf/screenshot - {}
RESULT: {"text":"10179"}
COMMAND: POST /session/b4f8750b6ab9764d379b715c7854fdbf/actions - {"actions":[{"id":"action43","type":"key","parameters":{},"actions":[{"type":"keyDown","value":""},{"type":"pause","duration":10},{"type":"keyUp","value":""}]}]}
COMMAND: GET /session/b4f8750b6ab9764d379b715c7854fdbf/screenshot - {}
RESULT: {}
RESULT: {"actions":[{"id":"action43","type":"key","parameters":{},"actions":[{"type":"keyDown","value":""},{"type":"pause","duration":10},{"type":"keyUp","value":""}]}]}
COMMAND: GET /session/b4f8750b6ab9764d379b715c7854fdbf/screenshot - {}
RESULT: {}
RESULT: {}
COMMAND: POST /session/b4f8750b6ab9764d379b715c7854fdbf/element - {"using":"xpath","value":"//span[contains(@id ,\"application-billingtransfer-display-component---billingWorkbench--smartTableBillingRuns-header-inner\")]"}
RESULT: {"using":"xpath","value":"//span[contains(@id ,\"application-billingtransfer-display-component---billingWorkbench--smartTableBillingRuns-header-inner\")]"}
COMMAND: POST /session/b4f8750b6ab9764d379b715c7854fdbf/elements - {"using":"xpath","value":"//span[contains(@id ,\"application-billingtransfer-display-component---billingWorkbench--smartTableBillingRuns-header-inner\")]"}
RESULT: {"using":"xpath","value":"//span[contains(@id ,\"application-billingtransfer-display-component---billingWorkbench--smartTableBillingRuns-header-inner\")]"}
COMMAND: POST /session/b4f8750b6ab9764d379b715c7854fdbf/execute/sync - {"script":"<script> [56 bytes]","args":[{"element-6066-11e4-a52e-4f735466cecf":"f.8850BFF0213FDAA0CDBB6DAFAFD06CF5.d.CB8F2C771C76486406887E3D66AA6983.e.14782","ELEMENT":"f.8850BFF0213FDAA0CDBB6DAFAFD06CF5.d.CB8F2C771C76486406887E3D66AA6983.e.14782"}]}
RESULT: {"script":"<script> [56 bytes]","args":[{"element-6066-11e4-a52e-4f735466cecf":"f.8850BFF0213FDAA0CDBB6DAFAFD06CF5.d.CB8F2C771C76486406887E3D66AA6983.e.14782","ELEMENT":"f.8850BFF0213FDAA0CDBB6DAFAFD06CF5.d.CB8F2C771C76486406887E3D66AA6983.e.14782"}]}
COMMAND: POST /session/b4f8750b6ab9764d379b715c7854fdbf/element - {"using":"xpath","value":"//td[@aria-colindex=\"1\"]/div/div[contains(@class, \"sapMCbBg\")]"}
COMMAND: GET /session/b4f8750b6ab9764d379b715c7854fdbf/screenshot - {}
RESULT: {"using":"xpath","value":"//td[@aria-colindex=\"1\"]/div/div[contains(@class, \"sapMCbBg\")]"}
COMMAND: POST /session/b4f8750b6ab9764d379b715c7854fdbf/element/f.8850BFF0213FDAA0CDBB6DAFAFD06CF5.d.CB8F2C771C76486406887E3D66AA6983.e.14766/click - {}
RESULT: {}
RESULT: {}
COMMAND: GET /session/b4f8750b6ab9764d379b715c7854fdbf/screenshot - {}
RESULT: {}
COMMAND: POST /session/b4f8750b6ab9764d379b715c7854fdbf/element - {"using":"xpath","value":"//bdi[contains(text(), \"Check\")]"}
RESULT: {"using":"xpath","value":"//bdi[contains(text(), \"Check\")]"}
COMMAND: POST /session/b4f8750b6ab9764d379b715c7854fdbf/element/f.8850BFF0213FDAA0CDBB6DAFAFD06CF5.d.CB8F2C771C76486406887E3D66AA6983.e.14783/click - {}
RESULT: {}
COMMAND: GET /session/b4f8750b6ab9764d379b715c7854fdbf/screenshot - {}
RESULT: {}
COMMAND: POST /session/b4f8750b6ab9764d379b715c7854fdbf/element - {"using":"xpath","value":"//bdi[contains(text(), \"OK\")]"}
RESULT: {"using":"xpath","value":"//bdi[contains(text(), \"OK\")]"}
COMMAND: POST /session/b4f8750b6ab9764d379b715c7854fdbf/element/f.8850BFF0213FDAA0CDBB6DAFAFD06CF5.d.CB8F2C771C76486406887E3D66AA6983.e.14786/click - {}
RESULT: {}
COMMAND: GET /session/b4f8750b6ab9764d379b715c7854fdbf/screenshot - {}
RESULT: {}
COMMAND: POST /session/b4f8750b6ab9764d379b715c7854fdbf/element - {"using":"xpath","value":"(//span[contains(text(), \"CO/SD checked\")]/parent::div/preceding-sibling::div/span)[1]"}
RESULT: {"using":"xpath","value":"(//span[contains(text(), \"CO/SD checked\")]/parent::div/preceding-sibling::div/span)[1]"}
COMMAND: POST /session/b4f8750b6ab9764d379b715c7854fdbf/element/f.8850BFF0213FDAA0CDBB6DAFAFD06CF5.d.CB8F2C771C76486406887E3D66AA6983.e.14797/click - {}
RESULT: {}
COMMAND: GET /session/b4f8750b6ab9764d379b715c7854fdbf/screenshot - {}
RESULT: {}
COMMAND: POST /session/b4f8750b6ab9764d379b715c7854fdbf/element - {"using":"xpath","value":"//input[contains(@id ,\"application-billingtransfer-display-component---billingWorkbench--smartFilterBar-btnBasicSearch\")]"}
RESULT: {"using":"xpath","value":"//input[contains(@id ,\"application-billingtransfer-display-component---billingWorkbench--smartFilterBar-btnBasicSearch\")]"}
COMMAND: POST /session/b4f8750b6ab9764d379b715c7854fdbf/elements - {"using":"xpath","value":"//input[contains(@id ,\"application-billingtransfer-display-component---billingWorkbench--smartFilterBar-btnBasicSearch\")]"}
RESULT: {"using":"xpath","value":"//input[contains(@id ,\"application-billingtransfer-display-component---billingWorkbench--smartFilterBar-btnBasicSearch\")]"}
COMMAND: POST /session/b4f8750b6ab9764d379b715c7854fdbf/execute/sync - {"script":"<script> [8489 bytes]","args":[{"element-6066-11e4-a52e-4f735466cecf":"f.8850BFF0213FDAA0CDBB6DAFAFD06CF5.d.CB8F2C771C76486406887E3D66AA6983.e.14675","ELEMENT":"f.8850BFF0213FDAA0CDBB6DAFAFD06CF5.d.CB8F2C771C76486406887E3D66AA6983.e.14675"}]}
RESULT: {"script":"<script> [8489 bytes]","args":[{"element-6066-11e4-a52e-4f735466cecf":"f.8850BFF0213FDAA0CDBB6DAFAFD06CF5.d.CB8F2C771C76486406887E3D66AA6983.e.14675","ELEMENT":"f.8850BFF0213FDAA0CDBB6DAFAFD06CF5.d.CB8F2C771C76486406887E3D66AA6983.e.14675"}]}
COMMAND: GET /session/b4f8750b6ab9764d379b715c7854fdbf/element/f.8850BFF0213FDAA0CDBB6DAFAFD06CF5.d.CB8F2C771C76486406887E3D66AA6983.e.14675/enabled - {}
COMMAND: GET /session/b4f8750b6ab9764d379b715c7854fdbf/screenshot - {}
RESULT: {}
COMMAND: POST /session/b4f8750b6ab9764d379b715c7854fdbf/element/f.8850BFF0213FDAA0CDBB6DAFAFD06CF5.d.CB8F2C771C76486406887E3D66AA6983.e.14675/click - {}
COMMAND: GET /session/b4f8750b6ab9764d379b715c7854fdbf/screenshot - {}
RESULT: {}
RESULT: {}
COMMAND: GET /session/b4f8750b6ab9764d379b715c7854fdbf/screenshot - {}
RESULT: {}
RESULT: {}
COMMAND: POST /session/b4f8750b6ab9764d379b715c7854fdbf/element/f.8850BFF0213FDAA0CDBB6DAFAFD06CF5.d.CB8F2C771C76486406887E3D66AA6983.e.14675/clear - {}
RESULT: {}
COMMAND: POST /session/b4f8750b6ab9764d379b715c7854fdbf/element/f.8850BFF0213FDAA0CDBB6DAFAFD06CF5.d.CB8F2C771C76486406887E3D66AA6983.e.14675/value - {"text":"10179"}
COMMAND: GET /session/b4f8750b6ab9764d379b715c7854fdbf/screenshot - {}
RESULT: {"text":"10179"}
COMMAND: POST /session/b4f8750b6ab9764d379b715c7854fdbf/actions - {"actions":[{"id":"action44","type":"key","parameters":{},"actions":[{"type":"keyDown","value":""},{"type":"pause","duration":10},{"type":"keyUp","value":""}]}]}
COMMAND: GET /session/b4f8750b6ab9764d379b715c7854fdbf/screenshot - {}
RESULT: {}
RESULT: {"actions":[{"id":"action44","type":"key","parameters":{},"actions":[{"type":"keyDown","value":""},{"type":"pause","duration":10},{"type":"keyUp","value":""}]}]}
COMMAND: GET /session/b4f8750b6ab9764d379b715c7854fdbf/screenshot - {}
RESULT: {}
RESULT: {}
COMMAND: POST /session/b4f8750b6ab9764d379b715c7854fdbf/element - {"using":"xpath","value":"//span[contains(@id ,\"application-billingtransfer-display-component---billingWorkbench--smartTableBillingRuns-header-inner\")]"}
RESULT: {"using":"xpath","value":"//span[contains(@id ,\"application-billingtransfer-display-component---billingWorkbench--smartTableBillingRuns-header-inner\")]"}
COMMAND: POST /session/b4f8750b6ab9764d379b715c7854fdbf/elements - {"using":"xpath","value":"//span[contains(@id ,\"application-billingtransfer-display-component---billingWorkbench--smartTableBillingRuns-header-inner\")]"}
RESULT: {"using":"xpath","value":"//span[contains(@id ,\"application-billingtransfer-display-component---billingWorkbench--smartTableBillingRuns-header-inner\")]"}
COMMAND: POST /session/b4f8750b6ab9764d379b715c7854fdbf/execute/sync - {"script":"<script> [56 bytes]","args":[{"element-6066-11e4-a52e-4f735466cecf":"f.8850BFF0213FDAA0CDBB6DAFAFD06CF5.d.CB8F2C771C76486406887E3D66AA6983.e.14782","ELEMENT":"f.8850BFF0213FDAA0CDBB6DAFAFD06CF5.d.CB8F2C771C76486406887E3D66AA6983.e.14782"}]}
RESULT: {"script":"<script> [56 bytes]","args":[{"element-6066-11e4-a52e-4f735466cecf":"f.8850BFF0213FDAA0CDBB6DAFAFD06CF5.d.CB8F2C771C76486406887E3D66AA6983.e.14782","ELEMENT":"f.8850BFF0213FDAA0CDBB6DAFAFD06CF5.d.CB8F2C771C76486406887E3D66AA6983.e.14782"}]}
COMMAND: GET /session/b4f8750b6ab9764d379b715c7854fdbf/screenshot - {}
COMMAND: POST /session/b4f8750b6ab9764d379b715c7854fdbf/execute/sync - {"script":"<script> [56 bytes]","args":[{"element-6066-11e4-a52e-4f735466cecf":"f.8850BFF0213FDAA0CDBB6DAFAFD06CF5.d.CB8F2C771C76486406887E3D66AA6983.e.14782","ELEMENT":"f.8850BFF0213FDAA0CDBB6DAFAFD06CF5.d.CB8F2C771C76486406887E3D66AA6983.e.14782"}]}
RESULT: {}
RESULT: {"script":"<script> [56 bytes]","args":[{"element-6066-11e4-a52e-4f735466cecf":"f.8850BFF0213FDAA0CDBB6DAFAFD06CF5.d.CB8F2C771C76486406887E3D66AA6983.e.14782","ELEMENT":"f.8850BFF0213FDAA0CDBB6DAFAFD06CF5.d.CB8F2C771C76486406887E3D66AA6983.e.14782"}]}
COMMAND: GET /session/b4f8750b6ab9764d379b715c7854fdbf/screenshot - {}
COMMAND: POST /session/b4f8750b6ab9764d379b715c7854fdbf/execute/sync - {"script":"<script> [56 bytes]","args":[{"element-6066-11e4-a52e-4f735466cecf":"f.8850BFF0213FDAA0CDBB6DAFAFD06CF5.d.CB8F2C771C76486406887E3D66AA6983.e.14782","ELEMENT":"f.8850BFF0213FDAA0CDBB6DAFAFD06CF5.d.CB8F2C771C76486406887E3D66AA6983.e.14782"}]}
RESULT: {}
RESULT: {"script":"<script> [56 bytes]","args":[{"element-6066-11e4-a52e-4f735466cecf":"f.8850BFF0213FDAA0CDBB6DAFAFD06CF5.d.CB8F2C771C76486406887E3D66AA6983.e.14782","ELEMENT":"f.8850BFF0213FDAA0CDBB6DAFAFD06CF5.d.CB8F2C771C76486406887E3D66AA6983.e.14782"}]}
COMMAND: GET /session/b4f8750b6ab9764d379b715c7854fdbf/screenshot - {}
COMMAND: POST /session/b4f8750b6ab9764d379b715c7854fdbf/execute/sync - {"script":"<script> [56 bytes]","args":[{"element-6066-11e4-a52e-4f735466cecf":"f.8850BFF0213FDAA0CDBB6DAFAFD06CF5.d.CB8F2C771C76486406887E3D66AA6983.e.14782","ELEMENT":"f.8850BFF0213FDAA0CDBB6DAFAFD06CF5.d.CB8F2C771C76486406887E3D66AA6983.e.14782"}]}
RESULT: {}
RESULT: {"script":"<script> [56 bytes]","args":[{"element-6066-11e4-a52e-4f735466cecf":"f.8850BFF0213FDAA0CDBB6DAFAFD06CF5.d.CB8F2C771C76486406887E3D66AA6983.e.14782","ELEMENT":"f.8850BFF0213FDAA0CDBB6DAFAFD06CF5.d.CB8F2C771C76486406887E3D66AA6983.e.14782"}]}
COMMAND: GET /session/b4f8750b6ab9764d379b715c7854fdbf/screenshot - {}
COMMAND: POST /session/b4f8750b6ab9764d379b715c7854fdbf/execute/sync - {"script":"<script> [56 bytes]","args":[{"element-6066-11e4-a52e-4f735466cecf":"f.8850BFF0213FDAA0CDBB6DAFAFD06CF5.d.CB8F2C771C76486406887E3D66AA6983.e.14782","ELEMENT":"f.8850BFF0213FDAA0CDBB6DAFAFD06CF5.d.CB8F2C771C76486406887E3D66AA6983.e.14782"}]}
RESULT: {}
RESULT: {"script":"<script> [56 bytes]","args":[{"element-6066-11e4-a52e-4f735466cecf":"f.8850BFF0213FDAA0CDBB6DAFAFD06CF5.d.CB8F2C771C76486406887E3D66AA6983.e.14782","ELEMENT":"f.8850BFF0213FDAA0CDBB6DAFAFD06CF5.d.CB8F2C771C76486406887E3D66AA6983.e.14782"}]}
COMMAND: GET /session/b4f8750b6ab9764d379b715c7854fdbf/screenshot - {}
COMMAND: POST /session/b4f8750b6ab9764d379b715c7854fdbf/execute/sync - {"script":"<script> [56 bytes]","args":[{"element-6066-11e4-a52e-4f735466cecf":"f.8850BFF0213FDAA0CDBB6DAFAFD06CF5.d.CB8F2C771C76486406887E3D66AA6983.e.14782","ELEMENT":"f.8850BFF0213FDAA0CDBB6DAFAFD06CF5.d.CB8F2C771C76486406887E3D66AA6983.e.14782"}]}
RESULT: {}
RESULT: {"script":"<script> [56 bytes]","args":[{"element-6066-11e4-a52e-4f735466cecf":"f.8850BFF0213FDAA0CDBB6DAFAFD06CF5.d.CB8F2C771C76486406887E3D66AA6983.e.14782","ELEMENT":"f.8850BFF0213FDAA0CDBB6DAFAFD06CF5.d.CB8F2C771C76486406887E3D66AA6983.e.14782"}]}
COMMAND: GET /session/b4f8750b6ab9764d379b715c7854fdbf/screenshot - {}
COMMAND: POST /session/b4f8750b6ab9764d379b715c7854fdbf/execute/sync - {"script":"<script> [56 bytes]","args":[{"element-6066-11e4-a52e-4f735466cecf":"f.8850BFF0213FDAA0CDBB6DAFAFD06CF5.d.CB8F2C771C76486406887E3D66AA6983.e.14782","ELEMENT":"f.8850BFF0213FDAA0CDBB6DAFAFD06CF5.d.CB8F2C771C76486406887E3D66AA6983.e.14782"}]}
RESULT: {}
RESULT: {"script":"<script> [56 bytes]","args":[{"element-6066-11e4-a52e-4f735466cecf":"f.8850BFF0213FDAA0CDBB6DAFAFD06CF5.d.CB8F2C771C76486406887E3D66AA6983.e.14782","ELEMENT":"f.8850BFF0213FDAA0CDBB6DAFAFD06CF5.d.CB8F2C771C76486406887E3D66AA6983.e.14782"}]}
COMMAND: GET /session/b4f8750b6ab9764d379b715c7854fdbf/screenshot - {}
COMMAND: POST /session/b4f8750b6ab9764d379b715c7854fdbf/execute/sync - {"script":"<script> [56 bytes]","args":[{"element-6066-11e4-a52e-4f735466cecf":"f.8850BFF0213FDAA0CDBB6DAFAFD06CF5.d.CB8F2C771C76486406887E3D66AA6983.e.14782","ELEMENT":"f.8850BFF0213FDAA0CDBB6DAFAFD06CF5.d.CB8F2C771C76486406887E3D66AA6983.e.14782"}]}
RESULT: {}
RESULT: {"script":"<script> [56 bytes]","args":[{"element-6066-11e4-a52e-4f735466cecf":"f.8850BFF0213FDAA0CDBB6DAFAFD06CF5.d.CB8F2C771C76486406887E3D66AA6983.e.14782","ELEMENT":"f.8850BFF0213FDAA0CDBB6DAFAFD06CF5.d.CB8F2C771C76486406887E3D66AA6983.e.14782"}]}
COMMAND: GET /session/b4f8750b6ab9764d379b715c7854fdbf/screenshot - {}
COMMAND: POST /session/b4f8750b6ab9764d379b715c7854fdbf/execute/sync - {"script":"<script> [56 bytes]","args":[{"element-6066-11e4-a52e-4f735466cecf":"f.8850BFF0213FDAA0CDBB6DAFAFD06CF5.d.CB8F2C771C76486406887E3D66AA6983.e.14782","ELEMENT":"f.8850BFF0213FDAA0CDBB6DAFAFD06CF5.d.CB8F2C771C76486406887E3D66AA6983.e.14782"}]}
RESULT: {}
RESULT: {"script":"<script> [56 bytes]","args":[{"element-6066-11e4-a52e-4f735466cecf":"f.8850BFF0213FDAA0CDBB6DAFAFD06CF5.d.CB8F2C771C76486406887E3D66AA6983.e.14782","ELEMENT":"f.8850BFF0213FDAA0CDBB6DAFAFD06CF5.d.CB8F2C771C76486406887E3D66AA6983.e.14782"}]}
COMMAND: GET /session/b4f8750b6ab9764d379b715c7854fdbf/screenshot - {}
RESULT: {}
COMMAND: POST /session/b4f8750b6ab9764d379b715c7854fdbf/execute/sync - {"script":"<script> [56 bytes]","args":[{"element-6066-11e4-a52e-4f735466cecf":"f.8850BFF0213FDAA0CDBB6DAFAFD06CF5.d.CB8F2C771C76486406887E3D66AA6983.e.14782","ELEMENT":"f.8850BFF0213FDAA0CDBB6DAFAFD06CF5.d.CB8F2C771C76486406887E3D66AA6983.e.14782"}]}
RESULT: {"script":"<script> [56 bytes]","args":[{"element-6066-11e4-a52e-4f735466cecf":"f.8850BFF0213FDAA0CDBB6DAFAFD06CF5.d.CB8F2C771C76486406887E3D66AA6983.e.14782","ELEMENT":"f.8850BFF0213FDAA0CDBB6DAFAFD06CF5.d.CB8F2C771C76486406887E3D66AA6983.e.14782"}]}
COMMAND: GET /session/b4f8750b6ab9764d379b715c7854fdbf/screenshot - {}
RESULT: {}
COMMAND: POST /session/b4f8750b6ab9764d379b715c7854fdbf/execute/sync - {"script":"<script> [56 bytes]","args":[{"element-6066-11e4-a52e-4f735466cecf":"f.8850BFF0213FDAA0CDBB6DAFAFD06CF5.d.CB8F2C771C76486406887E3D66AA6983.e.14782","ELEMENT":"f.8850BFF0213FDAA0CDBB6DAFAFD06CF5.d.CB8F2C771C76486406887E3D66AA6983.e.14782"}]}
RESULT: {"script":"<script> [56 bytes]","args":[{"element-6066-11e4-a52e-4f735466cecf":"f.8850BFF0213FDAA0CDBB6DAFAFD06CF5.d.CB8F2C771C76486406887E3D66AA6983.e.14782","ELEMENT":"f.8850BFF0213FDAA0CDBB6DAFAFD06CF5.d.CB8F2C771C76486406887E3D66AA6983.e.14782"}]}
COMMAND: GET /session/b4f8750b6ab9764d379b715c7854fdbf/screenshot - {}
RESULT: {}
COMMAND: POST /session/b4f8750b6ab9764d379b715c7854fdbf/execute/sync - {"script":"<script> [56 bytes]","args":[{"element-6066-11e4-a52e-4f735466cecf":"f.8850BFF0213FDAA0CDBB6DAFAFD06CF5.d.CB8F2C771C76486406887E3D66AA6983.e.14782","ELEMENT":"f.8850BFF0213FDAA0CDBB6DAFAFD06CF5.d.CB8F2C771C76486406887E3D66AA6983.e.14782"}]}
RESULT: {"script":"<script> [56 bytes]","args":[{"element-6066-11e4-a52e-4f735466cecf":"f.8850BFF0213FDAA0CDBB6DAFAFD06CF5.d.CB8F2C771C76486406887E3D66AA6983.e.14782","ELEMENT":"f.8850BFF0213FDAA0CDBB6DAFAFD06CF5.d.CB8F2C771C76486406887E3D66AA6983.e.14782"}]}
COMMAND: GET /session/b4f8750b6ab9764d379b715c7854fdbf/screenshot - {}
RESULT: {}
COMMAND: POST /session/b4f8750b6ab9764d379b715c7854fdbf/execute/sync - {"script":"<script> [56 bytes]","args":[{"element-6066-11e4-a52e-4f735466cecf":"f.8850BFF0213FDAA0CDBB6DAFAFD06CF5.d.CB8F2C771C76486406887E3D66AA6983.e.14782","ELEMENT":"f.8850BFF0213FDAA0CDBB6DAFAFD06CF5.d.CB8F2C771C76486406887E3D66AA6983.e.14782"}]}
RESULT: {"script":"<script> [56 bytes]","args":[{"element-6066-11e4-a52e-4f735466cecf":"f.8850BFF0213FDAA0CDBB6DAFAFD06CF5.d.CB8F2C771C76486406887E3D66AA6983.e.14782","ELEMENT":"f.8850BFF0213FDAA0CDBB6DAFAFD06CF5.d.CB8F2C771C76486406887E3D66AA6983.e.14782"}]}
COMMAND: GET /session/b4f8750b6ab9764d379b715c7854fdbf/screenshot - {}
COMMAND: POST /session/b4f8750b6ab9764d379b715c7854fdbf/execute/sync - {"script":"<script> [56 bytes]","args":[{"element-6066-11e4-a52e-4f735466cecf":"f.8850BFF0213FDAA0CDBB6DAFAFD06CF5.d.CB8F2C771C76486406887E3D66AA6983.e.14782","ELEMENT":"f.8850BFF0213FDAA0CDBB6DAFAFD06CF5.d.CB8F2C771C76486406887E3D66AA6983.e.14782"}]}
RESULT: {}
RESULT: {"script":"<script> [56 bytes]","args":[{"element-6066-11e4-a52e-4f735466cecf":"f.8850BFF0213FDAA0CDBB6DAFAFD06CF5.d.CB8F2C771C76486406887E3D66AA6983.e.14782","ELEMENT":"f.8850BFF0213FDAA0CDBB6DAFAFD06CF5.d.CB8F2C771C76486406887E3D66AA6983.e.14782"}]}
COMMAND: POST /session/b4f8750b6ab9764d379b715c7854fdbf/element - {"using":"xpath","value":"//td[@aria-colindex=\"1\"]/div/div[contains(@class, \"sapMCbBg\")]"}
COMMAND: GET /session/b4f8750b6ab9764d379b715c7854fdbf/screenshot - {}
RESULT: {"using":"xpath","value":"//td[@aria-colindex=\"1\"]/div/div[contains(@class, \"sapMCbBg\")]"}
COMMAND: POST /session/b4f8750b6ab9764d379b715c7854fdbf/element/f.8850BFF0213FDAA0CDBB6DAFAFD06CF5.d.CB8F2C771C76486406887E3D66AA6983.e.14801/click - {}
RESULT: {}
RESULT: {}
COMMAND: GET /session/b4f8750b6ab9764d379b715c7854fdbf/screenshot - {}
RESULT: {}
COMMAND: POST /session/b4f8750b6ab9764d379b715c7854fdbf/element - {"using":"xpath","value":"//bdi[text()=\"Transfer\"]"}
RESULT: {"using":"xpath","value":"//bdi[text()=\"Transfer\"]"}
COMMAND: POST /session/b4f8750b6ab9764d379b715c7854fdbf/element/f.8850BFF0213FDAA0CDBB6DAFAFD06CF5.d.CB8F2C771C76486406887E3D66AA6983.e.14802/click - {}
RESULT: {}
COMMAND: GET /session/b4f8750b6ab9764d379b715c7854fdbf/screenshot - {}
RESULT: {}
COMMAND: POST /session/b4f8750b6ab9764d379b715c7854fdbf/element - {"using":"xpath","value":"//bdi[contains(text(), \"OK\")]"}
RESULT: {"using":"xpath","value":"//bdi[contains(text(), \"OK\")]"}
COMMAND: POST /session/b4f8750b6ab9764d379b715c7854fdbf/element/f.8850BFF0213FDAA0CDBB6DAFAFD06CF5.d.CB8F2C771C76486406887E3D66AA6983.e.14805/click - {}
RESULT: {}
COMMAND: GET /session/b4f8750b6ab9764d379b715c7854fdbf/screenshot - {}
RESULT: {}
COMMAND: POST /session/b4f8750b6ab9764d379b715c7854fdbf/element - {"using":"xpath","value":"(//span[contains(text(), \"Completed\")]/parent::div/preceding-sibling::div/span)[1]"}
RESULT: {"using":"xpath","value":"(//span[contains(text(), \"Completed\")]/parent::div/preceding-sibling::div/span)[1]"}
COMMAND: POST /session/b4f8750b6ab9764d379b715c7854fdbf/element/f.8850BFF0213FDAA0CDBB6DAFAFD06CF5.d.CB8F2C771C76486406887E3D66AA6983.e.14814/click - {}
RESULT: {}
COMMAND: POST /session/b4f8750b6ab9764d379b715c7854fdbf/element - {"using":"xpath","value":"//input[contains(@id ,\"application-billingtransfer-display-component---billingWorkbench--smartFilterBar-btnBasicSearch\")]"}
COMMAND: GET /session/b4f8750b6ab9764d379b715c7854fdbf/screenshot - {}
RESULT: {"using":"xpath","value":"//input[contains(@id ,\"application-billingtransfer-display-component---billingWorkbench--smartFilterBar-btnBasicSearch\")]"}
COMMAND: POST /session/b4f8750b6ab9764d379b715c7854fdbf/elements - {"using":"xpath","value":"//input[contains(@id ,\"application-billingtransfer-display-component---billingWorkbench--smartFilterBar-btnBasicSearch\")]"}
RESULT: {}
RESULT: {"using":"xpath","value":"//input[contains(@id ,\"application-billingtransfer-display-component---billingWorkbench--smartFilterBar-btnBasicSearch\")]"}
COMMAND: POST /session/b4f8750b6ab9764d379b715c7854fdbf/execute/sync - {"script":"<script> [8489 bytes]","args":[{"element-6066-11e4-a52e-4f735466cecf":"f.8850BFF0213FDAA0CDBB6DAFAFD06CF5.d.CB8F2C771C76486406887E3D66AA6983.e.14675","ELEMENT":"f.8850BFF0213FDAA0CDBB6DAFAFD06CF5.d.CB8F2C771C76486406887E3D66AA6983.e.14675"}]}
RESULT: {"script":"<script> [8489 bytes]","args":[{"element-6066-11e4-a52e-4f735466cecf":"f.8850BFF0213FDAA0CDBB6DAFAFD06CF5.d.CB8F2C771C76486406887E3D66AA6983.e.14675","ELEMENT":"f.8850BFF0213FDAA0CDBB6DAFAFD06CF5.d.CB8F2C771C76486406887E3D66AA6983.e.14675"}]}
COMMAND: GET /session/b4f8750b6ab9764d379b715c7854fdbf/element/f.8850BFF0213FDAA0CDBB6DAFAFD06CF5.d.CB8F2C771C76486406887E3D66AA6983.e.14675/enabled - {}
COMMAND: GET /session/b4f8750b6ab9764d379b715c7854fdbf/screenshot - {}
RESULT: {}
COMMAND: POST /session/b4f8750b6ab9764d379b715c7854fdbf/element/f.8850BFF0213FDAA0CDBB6DAFAFD06CF5.d.CB8F2C771C76486406887E3D66AA6983.e.14675/click - {}
COMMAND: GET /session/b4f8750b6ab9764d379b715c7854fdbf/screenshot - {}
RESULT: {}
RESULT: {}
COMMAND: GET /session/b4f8750b6ab9764d379b715c7854fdbf/screenshot - {}
RESULT: {}
RESULT: {}
COMMAND: POST /session/b4f8750b6ab9764d379b715c7854fdbf/element/f.8850BFF0213FDAA0CDBB6DAFAFD06CF5.d.CB8F2C771C76486406887E3D66AA6983.e.14675/clear - {}
RESULT: {}
COMMAND: POST /session/b4f8750b6ab9764d379b715c7854fdbf/element/f.8850BFF0213FDAA0CDBB6DAFAFD06CF5.d.CB8F2C771C76486406887E3D66AA6983.e.14675/value - {"text":"10179"}
COMMAND: GET /session/b4f8750b6ab9764d379b715c7854fdbf/screenshot - {}
RESULT: {"text":"10179"}
COMMAND: POST /session/b4f8750b6ab9764d379b715c7854fdbf/actions - {"actions":[{"id":"action45","type":"key","parameters":{},"actions":[{"type":"keyDown","value":""},{"type":"pause","duration":10},{"type":"keyUp","value":""}]}]}
COMMAND: GET /session/b4f8750b6ab9764d379b715c7854fdbf/screenshot - {}
RESULT: {}
RESULT: {"actions":[{"id":"action45","type":"key","parameters":{},"actions":[{"type":"keyDown","value":""},{"type":"pause","duration":10},{"type":"keyUp","value":""}]}]}
COMMAND: GET /session/b4f8750b6ab9764d379b715c7854fdbf/screenshot - {}
RESULT: {}
RESULT: {}
COMMAND: POST /session/b4f8750b6ab9764d379b715c7854fdbf/element - {"using":"xpath","value":"//span[contains(@id ,\"application-billingtransfer-display-component---billingWorkbench--smartTableBillingRuns-header-inner\")]"}
RESULT: {"using":"xpath","value":"//span[contains(@id ,\"application-billingtransfer-display-component---billingWorkbench--smartTableBillingRuns-header-inner\")]"}
COMMAND: POST /session/b4f8750b6ab9764d379b715c7854fdbf/elements - {"using":"xpath","value":"//span[contains(@id ,\"application-billingtransfer-display-component---billingWorkbench--smartTableBillingRuns-header-inner\")]"}
RESULT: {"using":"xpath","value":"//span[contains(@id ,\"application-billingtransfer-display-component---billingWorkbench--smartTableBillingRuns-header-inner\")]"}
COMMAND: POST /session/b4f8750b6ab9764d379b715c7854fdbf/execute/sync - {"script":"<script> [56 bytes]","args":[{"element-6066-11e4-a52e-4f735466cecf":"f.8850BFF0213FDAA0CDBB6DAFAFD06CF5.d.CB8F2C771C76486406887E3D66AA6983.e.14782","ELEMENT":"f.8850BFF0213FDAA0CDBB6DAFAFD06CF5.d.CB8F2C771C76486406887E3D66AA6983.e.14782"}]}
RESULT: {"script":"<script> [56 bytes]","args":[{"element-6066-11e4-a52e-4f735466cecf":"f.8850BFF0213FDAA0CDBB6DAFAFD06CF5.d.CB8F2C771C76486406887E3D66AA6983.e.14782","ELEMENT":"f.8850BFF0213FDAA0CDBB6DAFAFD06CF5.d.CB8F2C771C76486406887E3D66AA6983.e.14782"}]}
COMMAND: GET /session/b4f8750b6ab9764d379b715c7854fdbf/screenshot - {}
RESULT: {}
COMMAND: POST /session/b4f8750b6ab9764d379b715c7854fdbf/execute/sync - {"script":"<script> [56 bytes]","args":[{"element-6066-11e4-a52e-4f735466cecf":"f.8850BFF0213FDAA0CDBB6DAFAFD06CF5.d.CB8F2C771C76486406887E3D66AA6983.e.14782","ELEMENT":"f.8850BFF0213FDAA0CDBB6DAFAFD06CF5.d.CB8F2C771C76486406887E3D66AA6983.e.14782"}]}
RESULT: {"script":"<script> [56 bytes]","args":[{"element-6066-11e4-a52e-4f735466cecf":"f.8850BFF0213FDAA0CDBB6DAFAFD06CF5.d.CB8F2C771C76486406887E3D66AA6983.e.14782","ELEMENT":"f.8850BFF0213FDAA0CDBB6DAFAFD06CF5.d.CB8F2C771C76486406887E3D66AA6983.e.14782"}]}
COMMAND: GET /session/b4f8750b6ab9764d379b715c7854fdbf/screenshot - {}
RESULT: {}
COMMAND: POST /session/b4f8750b6ab9764d379b715c7854fdbf/execute/sync - {"script":"<script> [56 bytes]","args":[{"element-6066-11e4-a52e-4f735466cecf":"f.8850BFF0213FDAA0CDBB6DAFAFD06CF5.d.CB8F2C771C76486406887E3D66AA6983.e.14782","ELEMENT":"f.8850BFF0213FDAA0CDBB6DAFAFD06CF5.d.CB8F2C771C76486406887E3D66AA6983.e.14782"}]}
RESULT: {"script":"<script> [56 bytes]","args":[{"element-6066-11e4-a52e-4f735466cecf":"f.8850BFF0213FDAA0CDBB6DAFAFD06CF5.d.CB8F2C771C76486406887E3D66AA6983.e.14782","ELEMENT":"f.8850BFF0213FDAA0CDBB6DAFAFD06CF5.d.CB8F2C771C76486406887E3D66AA6983.e.14782"}]}
COMMAND: GET /session/b4f8750b6ab9764d379b715c7854fdbf/screenshot - {}
RESULT: {}
COMMAND: POST /session/b4f8750b6ab9764d379b715c7854fdbf/execute/sync - {"script":"<script> [56 bytes]","args":[{"element-6066-11e4-a52e-4f735466cecf":"f.8850BFF0213FDAA0CDBB6DAFAFD06CF5.d.CB8F2C771C76486406887E3D66AA6983.e.14782","ELEMENT":"f.8850BFF0213FDAA0CDBB6DAFAFD06CF5.d.CB8F2C771C76486406887E3D66AA6983.e.14782"}]}
RESULT: {"script":"<script> [56 bytes]","args":[{"element-6066-11e4-a52e-4f735466cecf":"f.8850BFF0213FDAA0CDBB6DAFAFD06CF5.d.CB8F2C771C76486406887E3D66AA6983.e.14782","ELEMENT":"f.8850BFF0213FDAA0CDBB6DAFAFD06CF5.d.CB8F2C771C76486406887E3D66AA6983.e.14782"}]}
COMMAND: GET /session/b4f8750b6ab9764d379b715c7854fdbf/screenshot - {}
RESULT: {}
COMMAND: POST /session/b4f8750b6ab9764d379b715c7854fdbf/execute/sync - {"script":"<script> [56 bytes]","args":[{"element-6066-11e4-a52e-4f735466cecf":"f.8850BFF0213FDAA0CDBB6DAFAFD06CF5.d.CB8F2C771C76486406887E3D66AA6983.e.14782","ELEMENT":"f.8850BFF0213FDAA0CDBB6DAFAFD06CF5.d.CB8F2C771C76486406887E3D66AA6983.e.14782"}]}
RESULT: {"script":"<script> [56 bytes]","args":[{"element-6066-11e4-a52e-4f735466cecf":"f.8850BFF0213FDAA0CDBB6DAFAFD06CF5.d.CB8F2C771C76486406887E3D66AA6983.e.14782","ELEMENT":"f.8850BFF0213FDAA0CDBB6DAFAFD06CF5.d.CB8F2C771C76486406887E3D66AA6983.e.14782"}]}
COMMAND: GET /session/b4f8750b6ab9764d379b715c7854fdbf/screenshot - {}
RESULT: {}
COMMAND: POST /session/b4f8750b6ab9764d379b715c7854fdbf/execute/sync - {"script":"<script> [56 bytes]","args":[{"element-6066-11e4-a52e-4f735466cecf":"f.8850BFF0213FDAA0CDBB6DAFAFD06CF5.d.CB8F2C771C76486406887E3D66AA6983.e.14782","ELEMENT":"f.8850BFF0213FDAA0CDBB6DAFAFD06CF5.d.CB8F2C771C76486406887E3D66AA6983.e.14782"}]}
RESULT: {"script":"<script> [56 bytes]","args":[{"element-6066-11e4-a52e-4f735466cecf":"f.8850BFF0213FDAA0CDBB6DAFAFD06CF5.d.CB8F2C771C76486406887E3D66AA6983.e.14782","ELEMENT":"f.8850BFF0213FDAA0CDBB6DAFAFD06CF5.d.CB8F2C771C76486406887E3D66AA6983.e.14782"}]}
COMMAND: GET /session/b4f8750b6ab9764d379b715c7854fdbf/screenshot - {}
RESULT: {}
COMMAND: POST /session/b4f8750b6ab9764d379b715c7854fdbf/execute/sync - {"script":"<script> [56 bytes]","args":[{"element-6066-11e4-a52e-4f735466cecf":"f.8850BFF0213FDAA0CDBB6DAFAFD06CF5.d.CB8F2C771C76486406887E3D66AA6983.e.14782","ELEMENT":"f.8850BFF0213FDAA0CDBB6DAFAFD06CF5.d.CB8F2C771C76486406887E3D66AA6983.e.14782"}]}
RESULT: {"script":"<script> [56 bytes]","args":[{"element-6066-11e4-a52e-4f735466cecf":"f.8850BFF0213FDAA0CDBB6DAFAFD06CF5.d.CB8F2C771C76486406887E3D66AA6983.e.14782","ELEMENT":"f.8850BFF0213FDAA0CDBB6DAFAFD06CF5.d.CB8F2C771C76486406887E3D66AA6983.e.14782"}]}
COMMAND: GET /session/b4f8750b6ab9764d379b715c7854fdbf/screenshot - {}
RESULT: {}
COMMAND: POST /session/b4f8750b6ab9764d379b715c7854fdbf/execute/sync - {"script":"<script> [56 bytes]","args":[{"element-6066-11e4-a52e-4f735466cecf":"f.8850BFF0213FDAA0CDBB6DAFAFD06CF5.d.CB8F2C771C76486406887E3D66AA6983.e.14782","ELEMENT":"f.8850BFF0213FDAA0CDBB6DAFAFD06CF5.d.CB8F2C771C76486406887E3D66AA6983.e.14782"}]}
RESULT: {"script":"<script> [56 bytes]","args":[{"element-6066-11e4-a52e-4f735466cecf":"f.8850BFF0213FDAA0CDBB6DAFAFD06CF5.d.CB8F2C771C76486406887E3D66AA6983.e.14782","ELEMENT":"f.8850BFF0213FDAA0CDBB6DAFAFD06CF5.d.CB8F2C771C76486406887E3D66AA6983.e.14782"}]}
COMMAND: GET /session/b4f8750b6ab9764d379b715c7854fdbf/screenshot - {}
RESULT: {}
COMMAND: POST /session/b4f8750b6ab9764d379b715c7854fdbf/execute/sync - {"script":"<script> [56 bytes]","args":[{"element-6066-11e4-a52e-4f735466cecf":"f.8850BFF0213FDAA0CDBB6DAFAFD06CF5.d.CB8F2C771C76486406887E3D66AA6983.e.14782","ELEMENT":"f.8850BFF0213FDAA0CDBB6DAFAFD06CF5.d.CB8F2C771C76486406887E3D66AA6983.e.14782"}]}
RESULT: {"script":"<script> [56 bytes]","args":[{"element-6066-11e4-a52e-4f735466cecf":"f.8850BFF0213FDAA0CDBB6DAFAFD06CF5.d.CB8F2C771C76486406887E3D66AA6983.e.14782","ELEMENT":"f.8850BFF0213FDAA0CDBB6DAFAFD06CF5.d.CB8F2C771C76486406887E3D66AA6983.e.14782"}]}
COMMAND: GET /session/b4f8750b6ab9764d379b715c7854fdbf/screenshot - {}
RESULT: {}
COMMAND: POST /session/b4f8750b6ab9764d379b715c7854fdbf/execute/sync - {"script":"<script> [56 bytes]","args":[{"element-6066-11e4-a52e-4f735466cecf":"f.8850BFF0213FDAA0CDBB6DAFAFD06CF5.d.CB8F2C771C76486406887E3D66AA6983.e.14782","ELEMENT":"f.8850BFF0213FDAA0CDBB6DAFAFD06CF5.d.CB8F2C771C76486406887E3D66AA6983.e.14782"}]}
RESULT: {"script":"<script> [56 bytes]","args":[{"element-6066-11e4-a52e-4f735466cecf":"f.8850BFF0213FDAA0CDBB6DAFAFD06CF5.d.CB8F2C771C76486406887E3D66AA6983.e.14782","ELEMENT":"f.8850BFF0213FDAA0CDBB6DAFAFD06CF5.d.CB8F2C771C76486406887E3D66AA6983.e.14782"}]}
COMMAND: GET /session/b4f8750b6ab9764d379b715c7854fdbf/screenshot - {}
RESULT: {}
COMMAND: POST /session/b4f8750b6ab9764d379b715c7854fdbf/execute/sync - {"script":"<script> [56 bytes]","args":[{"element-6066-11e4-a52e-4f735466cecf":"f.8850BFF0213FDAA0CDBB6DAFAFD06CF5.d.CB8F2C771C76486406887E3D66AA6983.e.14782","ELEMENT":"f.8850BFF0213FDAA0CDBB6DAFAFD06CF5.d.CB8F2C771C76486406887E3D66AA6983.e.14782"}]}
RESULT: {"script":"<script> [56 bytes]","args":[{"element-6066-11e4-a52e-4f735466cecf":"f.8850BFF0213FDAA0CDBB6DAFAFD06CF5.d.CB8F2C771C76486406887E3D66AA6983.e.14782","ELEMENT":"f.8850BFF0213FDAA0CDBB6DAFAFD06CF5.d.CB8F2C771C76486406887E3D66AA6983.e.14782"}]}
COMMAND: GET /session/b4f8750b6ab9764d379b715c7854fdbf/screenshot - {}
RESULT: {}
COMMAND: POST /session/b4f8750b6ab9764d379b715c7854fdbf/execute/sync - {"script":"<script> [56 bytes]","args":[{"element-6066-11e4-a52e-4f735466cecf":"f.8850BFF0213FDAA0CDBB6DAFAFD06CF5.d.CB8F2C771C76486406887E3D66AA6983.e.14782","ELEMENT":"f.8850BFF0213FDAA0CDBB6DAFAFD06CF5.d.CB8F2C771C76486406887E3D66AA6983.e.14782"}]}
RESULT: {"script":"<script> [56 bytes]","args":[{"element-6066-11e4-a52e-4f735466cecf":"f.8850BFF0213FDAA0CDBB6DAFAFD06CF5.d.CB8F2C771C76486406887E3D66AA6983.e.14782","ELEMENT":"f.8850BFF0213FDAA0CDBB6DAFAFD06CF5.d.CB8F2C771C76486406887E3D66AA6983.e.14782"}]}
COMMAND: GET /session/b4f8750b6ab9764d379b715c7854fdbf/screenshot - {}
RESULT: {}
COMMAND: POST /session/b4f8750b6ab9764d379b715c7854fdbf/execute/sync - {"script":"<script> [56 bytes]","args":[{"element-6066-11e4-a52e-4f735466cecf":"f.8850BFF0213FDAA0CDBB6DAFAFD06CF5.d.CB8F2C771C76486406887E3D66AA6983.e.14782","ELEMENT":"f.8850BFF0213FDAA0CDBB6DAFAFD06CF5.d.CB8F2C771C76486406887E3D66AA6983.e.14782"}]}
RESULT: {"script":"<script> [56 bytes]","args":[{"element-6066-11e4-a52e-4f735466cecf":"f.8850BFF0213FDAA0CDBB6DAFAFD06CF5.d.CB8F2C771C76486406887E3D66AA6983.e.14782","ELEMENT":"f.8850BFF0213FDAA0CDBB6DAFAFD06CF5.d.CB8F2C771C76486406887E3D66AA6983.e.14782"}]}
COMMAND: GET /session/b4f8750b6ab9764d379b715c7854fdbf/screenshot - {}
RESULT: {}
COMMAND: POST /session/b4f8750b6ab9764d379b715c7854fdbf/execute/sync - {"script":"<script> [56 bytes]","args":[{"element-6066-11e4-a52e-4f735466cecf":"f.8850BFF0213FDAA0CDBB6DAFAFD06CF5.d.CB8F2C771C76486406887E3D66AA6983.e.14782","ELEMENT":"f.8850BFF0213FDAA0CDBB6DAFAFD06CF5.d.CB8F2C771C76486406887E3D66AA6983.e.14782"}]}
RESULT: {"script":"<script> [56 bytes]","args":[{"element-6066-11e4-a52e-4f735466cecf":"f.8850BFF0213FDAA0CDBB6DAFAFD06CF5.d.CB8F2C771C76486406887E3D66AA6983.e.14782","ELEMENT":"f.8850BFF0213FDAA0CDBB6DAFAFD06CF5.d.CB8F2C771C76486406887E3D66AA6983.e.14782"}]}
COMMAND: GET /session/b4f8750b6ab9764d379b715c7854fdbf/screenshot - {}
RESULT: {}
COMMAND: POST /session/b4f8750b6ab9764d379b715c7854fdbf/execute/sync - {"script":"<script> [56 bytes]","args":[{"element-6066-11e4-a52e-4f735466cecf":"f.8850BFF0213FDAA0CDBB6DAFAFD06CF5.d.CB8F2C771C76486406887E3D66AA6983.e.14782","ELEMENT":"f.8850BFF0213FDAA0CDBB6DAFAFD06CF5.d.CB8F2C771C76486406887E3D66AA6983.e.14782"}]}
RESULT: {"script":"<script> [56 bytes]","args":[{"element-6066-11e4-a52e-4f735466cecf":"f.8850BFF0213FDAA0CDBB6DAFAFD06CF5.d.CB8F2C771C76486406887E3D66AA6983.e.14782","ELEMENT":"f.8850BFF0213FDAA0CDBB6DAFAFD06CF5.d.CB8F2C771C76486406887E3D66AA6983.e.14782"}]}
COMMAND: GET /session/b4f8750b6ab9764d379b715c7854fdbf/screenshot - {}
RESULT: {}
COMMAND: POST /session/b4f8750b6ab9764d379b715c7854fdbf/execute/sync - {"script":"<script> [56 bytes]","args":[{"element-6066-11e4-a52e-4f735466cecf":"f.8850BFF0213FDAA0CDBB6DAFAFD06CF5.d.CB8F2C771C76486406887E3D66AA6983.e.14782","ELEMENT":"f.8850BFF0213FDAA0CDBB6DAFAFD06CF5.d.CB8F2C771C76486406887E3D66AA6983.e.14782"}]}
RESULT: {"script":"<script> [56 bytes]","args":[{"element-6066-11e4-a52e-4f735466cecf":"f.8850BFF0213FDAA0CDBB6DAFAFD06CF5.d.CB8F2C771C76486406887E3D66AA6983.e.14782","ELEMENT":"f.8850BFF0213FDAA0CDBB6DAFAFD06CF5.d.CB8F2C771C76486406887E3D66AA6983.e.14782"}]}
COMMAND: GET /session/b4f8750b6ab9764d379b715c7854fdbf/screenshot - {}
RESULT: {}
COMMAND: POST /session/b4f8750b6ab9764d379b715c7854fdbf/execute/sync - {"script":"<script> [56 bytes]","args":[{"element-6066-11e4-a52e-4f735466cecf":"f.8850BFF0213FDAA0CDBB6DAFAFD06CF5.d.CB8F2C771C76486406887E3D66AA6983.e.14782","ELEMENT":"f.8850BFF0213FDAA0CDBB6DAFAFD06CF5.d.CB8F2C771C76486406887E3D66AA6983.e.14782"}]}
RESULT: {"script":"<script> [56 bytes]","args":[{"element-6066-11e4-a52e-4f735466cecf":"f.8850BFF0213FDAA0CDBB6DAFAFD06CF5.d.CB8F2C771C76486406887E3D66AA6983.e.14782","ELEMENT":"f.8850BFF0213FDAA0CDBB6DAFAFD06CF5.d.CB8F2C771C76486406887E3D66AA6983.e.14782"}]}
COMMAND: GET /session/b4f8750b6ab9764d379b715c7854fdbf/screenshot - {}
RESULT: {}
COMMAND: POST /session/b4f8750b6ab9764d379b715c7854fdbf/execute/sync - {"script":"<script> [56 bytes]","args":[{"element-6066-11e4-a52e-4f735466cecf":"f.8850BFF0213FDAA0CDBB6DAFAFD06CF5.d.CB8F2C771C76486406887E3D66AA6983.e.14782","ELEMENT":"f.8850BFF0213FDAA0CDBB6DAFAFD06CF5.d.CB8F2C771C76486406887E3D66AA6983.e.14782"}]}
RESULT: {"script":"<script> [56 bytes]","args":[{"element-6066-11e4-a52e-4f735466cecf":"f.8850BFF0213FDAA0CDBB6DAFAFD06CF5.d.CB8F2C771C76486406887E3D66AA6983.e.14782","ELEMENT":"f.8850BFF0213FDAA0CDBB6DAFAFD06CF5.d.CB8F2C771C76486406887E3D66AA6983.e.14782"}]}
COMMAND: GET /session/b4f8750b6ab9764d379b715c7854fdbf/screenshot - {}
RESULT: {}
COMMAND: POST /session/b4f8750b6ab9764d379b715c7854fdbf/execute/sync - {"script":"<script> [56 bytes]","args":[{"element-6066-11e4-a52e-4f735466cecf":"f.8850BFF0213FDAA0CDBB6DAFAFD06CF5.d.CB8F2C771C76486406887E3D66AA6983.e.14782","ELEMENT":"f.8850BFF0213FDAA0CDBB6DAFAFD06CF5.d.CB8F2C771C76486406887E3D66AA6983.e.14782"}]}
RESULT: {"script":"<script> [56 bytes]","args":[{"element-6066-11e4-a52e-4f735466cecf":"f.8850BFF0213FDAA0CDBB6DAFAFD06CF5.d.CB8F2C771C76486406887E3D66AA6983.e.14782","ELEMENT":"f.8850BFF0213FDAA0CDBB6DAFAFD06CF5.d.CB8F2C771C76486406887E3D66AA6983.e.14782"}]}
COMMAND: POST /session/b4f8750b6ab9764d379b715c7854fdbf/element - {"using":"css selector","value":"#shell-header-logo"}
COMMAND: GET /session/b4f8750b6ab9764d379b715c7854fdbf/screenshot - {}
RESULT: {"using":"css selector","value":"#shell-header-logo"}
COMMAND: POST /session/b4f8750b6ab9764d379b715c7854fdbf/element/f.8850BFF0213FDAA0CDBB6DAFAFD06CF5.d.CB8F2C771C76486406887E3D66AA6983.e.14673/click - {}
RESULT: {}
RESULT: {}
COMMAND: GET /session/b4f8750b6ab9764d379b715c7854fdbf/screenshot - {}
RESULT: {}
COMMAND: POST /session/b4f8750b6ab9764d379b715c7854fdbf/element - {"using":"css selector","value":"#j_username"}
COMMAND: POST /session/b4f8750b6ab9764d379b715c7854fdbf/url - {"url":"https://qa-testing-00-live-etm-ui.cfapps.eu10-004.hana.ondemand.com/"}
RESULT: {"using":"css selector","value":"#j_username"}
COMMAND: POST /session/b4f8750b6ab9764d379b715c7854fdbf/element - {"using":"css selector","value":"#j_username"}
RESULT: {"url":"https://qa-testing-00-live-etm-ui.cfapps.eu10-004.hana.ondemand.com/"}
RESULT: undefined
COMMAND: GET /session/b4f8750b6ab9764d379b715c7854fdbf/screenshot - {}
RESULT: {"using":"css selector","value":"#j_username"}
COMMAND: POST /session/b4f8750b6ab9764d379b715c7854fdbf/element - {"using":"css selector","value":"#shell-header-logo"}
RESULT: {}
RESULT: {"using":"css selector","value":"#shell-header-logo"}
COMMAND: POST /session/b4f8750b6ab9764d379b715c7854fdbf/execute/sync - {"script":"<script> [8489 bytes]","args":[{"element-6066-11e4-a52e-4f735466cecf":"f.8850BFF0213FDAA0CDBB6DAFAFD06CF5.d.F1FB23A238ED5D8A095168CCFC282192.e.14834","ELEMENT":"f.8850BFF0213FDAA0CDBB6DAFAFD06CF5.d.F1FB23A238ED5D8A095168CCFC282192.e.14834"}]}
RESULT: {"script":"<script> [8489 bytes]","args":[{"element-6066-11e4-a52e-4f735466cecf":"f.8850BFF0213FDAA0CDBB6DAFAFD06CF5.d.F1FB23A238ED5D8A095168CCFC282192.e.14834","ELEMENT":"f.8850BFF0213FDAA0CDBB6DAFAFD06CF5.d.F1FB23A238ED5D8A095168CCFC282192.e.14834"}]}
COMMAND: POST /session/b4f8750b6ab9764d379b715c7854fdbf/element - {"using":"css selector","value":"#shell-header-logo"}
COMMAND: GET /session/b4f8750b6ab9764d379b715c7854fdbf/screenshot - {}
RESULT: {"using":"css selector","value":"#shell-header-logo"}
COMMAND: POST /session/b4f8750b6ab9764d379b715c7854fdbf/execute/sync - {"script":"<script> [8489 bytes]","args":[{"element-6066-11e4-a52e-4f735466cecf":"f.8850BFF0213FDAA0CDBB6DAFAFD06CF5.d.F1FB23A238ED5D8A095168CCFC282192.e.14834","ELEMENT":"f.8850BFF0213FDAA0CDBB6DAFAFD06CF5.d.F1FB23A238ED5D8A095168CCFC282192.e.14834"}]}
RESULT: {}
RESULT: {"script":"<script> [8489 bytes]","args":[{"element-6066-11e4-a52e-4f735466cecf":"f.8850BFF0213FDAA0CDBB6DAFAFD06CF5.d.F1FB23A238ED5D8A095168CCFC282192.e.14834","ELEMENT":"f.8850BFF0213FDAA0CDBB6DAFAFD06CF5.d.F1FB23A238ED5D8A095168CCFC282192.e.14834"}]}
COMMAND: POST /session/b4f8750b6ab9764d379b715c7854fdbf/execute/sync - {"script":"<script> [5351 bytes]","args":[{"element-6066-11e4-a52e-4f735466cecf":"f.8850BFF0213FDAA0CDBB6DAFAFD06CF5.d.F1FB23A238ED5D8A095168CCFC282192.e.14834","ELEMENT":"f.8850BFF0213FDAA0CDBB6DAFAFD06CF5.d.F1FB23A238ED5D8A095168CCFC282192.e.14834"}]}
COMMAND: GET /session/b4f8750b6ab9764d379b715c7854fdbf/screenshot - {}
RESULT: {"script":"<script> [5351 bytes]","args":[{"element-6066-11e4-a52e-4f735466cecf":"f.8850BFF0213FDAA0CDBB6DAFAFD06CF5.d.F1FB23A238ED5D8A095168CCFC282192.e.14834","ELEMENT":"f.8850BFF0213FDAA0CDBB6DAFAFD06CF5.d.F1FB23A238ED5D8A095168CCFC282192.e.14834"}]}
COMMAND: POST /session/b4f8750b6ab9764d379b715c7854fdbf/element - {"using":"css selector","value":"#shell-header-logo"}
COMMAND: GET /session/b4f8750b6ab9764d379b715c7854fdbf/screenshot - {}
RESULT: {}
RESULT: {"using":"css selector","value":"#shell-header-logo"}
COMMAND: POST /session/b4f8750b6ab9764d379b715c7854fdbf/element/f.8850BFF0213FDAA0CDBB6DAFAFD06CF5.d.F1FB23A238ED5D8A095168CCFC282192.e.14834/click - {}
RESULT: {}
RESULT: {}
COMMAND: GET /session/b4f8750b6ab9764d379b715c7854fdbf/screenshot - {}
RESULT: {}
COMMAND: POST /session/b4f8750b6ab9764d379b715c7854fdbf/execute/async - {"script":"<script> [189 bytes]","args":[]}
RESULT: {"script":"<script> [189 bytes]","args":[]}
COMMAND: POST /session/b4f8750b6ab9764d379b715c7854fdbf/execute/async - {"script":"<script> [123 bytes]","args":[]}
RESULT: {"script":"<script> [123 bytes]","args":[]}
COMMAND: POST /session/b4f8750b6ab9764d379b715c7854fdbf/timeouts - {"script":"<number>"}
RESULT: {"script":"<number>"}
COMMAND: GET /session/b4f8750b6ab9764d379b715c7854fdbf/timeouts - {}
RESULT: {}
RESULT: undefined
COMMAND: POST /session/b4f8750b6ab9764d379b715c7854fdbf/execute/async - {"script":"<script> [2676 bytes]","args":[]}
RESULT: {"script":"<script> [2676 bytes]","args":[]}
COMMAND: POST /session/b4f8750b6ab9764d379b715c7854fdbf/execute/async - {"script":"<script> [2342 bytes]","args":[{"protocol":"http","hostname":"0.0.0.0","path":"/","capabilities":{"browserName":"chrome","goog:chromeOptions":{"binary":"C:\\Program Files\\Google\\Chrome\\Application\\chrome.exe","args":["--start-maximized"]}},"logLevel":"warn","connectionRetryTimeout":120000,"connectionRetryCount":3,"logLevels":{},"enableDirectConnect":true,"strictSSL":true,"_":"65 more keys: [\"cacheDir\",\"port\",\"requestedCapabilities\",\"automationProtocol\",\"baseUrl\",\"waitforInterval\",\"waitforTimeout\",\"onReload\",\"beforeCommand\",\"afterCommand\",\"rootDir\",\"specs\",\"suites\",\"exclude\",\"groupLogsByTestSpec\",\"excludeDriverLogs\",\"bail\",\"framework\",\"reporters\",\"services\",\"maxInstances\",\"maxInstancesPerCapability\",\"injectGlobals\",\"filesToWatch\",\"execArgv\",\"runnerEnv\",\"runner\",\"shard\",\"specFileRetries\",\"specFileRetriesDelay\",\"specFileRetriesDeferred\",\"reporterSyncInterval\",\"reporterSyncTimeout\",\"cucumberFeaturesWithLineNumbers\",\"autoCompileOpts\",\"mochaOpts\",\"jasmineOpts\",\"cucumberOpts\",\"onPrepare\",\"onWorkerStart\",\"onWorkerEnd\",\"before\",\"beforeSession\",\"beforeSuite\",\"beforeHook\",\"beforeTest\",\"afterTest\",\"afterHook\",\"afterSuite\",\"afterSession\",\"after\",\"onComplete\",\"beforeAssertion\",\"afterAssertion\",\"beforeFeature\",\"beforeScenario\",\"beforeStep\",\"afterStep\",\"afterScenario\",\"afterFeature\",\"_\",\"suite\",\"$0\",\"ignoredWorkerServices\",\"wdi5\"]"}]}
RESULT: {"script":"<script> [2342 bytes]","args":[{"protocol":"http","hostname":"0.0.0.0","path":"/","capabilities":{"browserName":"chrome","goog:chromeOptions":{"binary":"C:\\Program Files\\Google\\Chrome\\Application\\chrome.exe","args":["--start-maximized"]}},"logLevel":"warn","connectionRetryTimeout":120000,"connectionRetryCount":3,"logLevels":{},"enableDirectConnect":true,"strictSSL":true,"_":"65 more keys: [\"cacheDir\",\"port\",\"requestedCapabilities\",\"automationProtocol\",\"baseUrl\",\"waitforInterval\",\"waitforTimeout\",\"onReload\",\"beforeCommand\",\"afterCommand\",\"rootDir\",\"specs\",\"suites\",\"exclude\",\"groupLogsByTestSpec\",\"excludeDriverLogs\",\"bail\",\"framework\",\"reporters\",\"services\",\"maxInstances\",\"maxInstancesPerCapability\",\"injectGlobals\",\"filesToWatch\",\"execArgv\",\"runnerEnv\",\"runner\",\"shard\",\"specFileRetries\",\"specFileRetriesDelay\",\"specFileRetriesDeferred\",\"reporterSyncInterval\",\"reporterSyncTimeout\",\"cucumberFeaturesWithLineNumbers\",\"autoCompileOpts\",\"mochaOpts\",\"jasmineOpts\",\"cucumberOpts\",\"onPrepare\",\"onWorkerStart\",\"onWorkerEnd\",\"before\",\"beforeSession\",\"beforeSuite\",\"beforeHook\",\"beforeTest\",\"afterTest\",\"afterHook\",\"afterSuite\",\"afterSession\",\"after\",\"onComplete\",\"beforeAssertion\",\"afterAssertion\",\"beforeFeature\",\"beforeScenario\",\"beforeStep\",\"afterStep\",\"afterScenario\",\"afterFeature\",\"_\",\"suite\",\"$0\",\"ignoredWorkerServices\",\"wdi5\"]"}]}
COMMAND: POST /session/b4f8750b6ab9764d379b715c7854fdbf/execute/async - {"script":"<script> [21126 bytes]","args":[35000]}
RESULT: {"script":"<script> [21126 bytes]","args":[35000]}
COMMAND: POST /session/b4f8750b6ab9764d379b715c7854fdbf/window/maximize - {}
RESULT: {}
COMMAND: POST /session/b4f8750b6ab9764d379b715c7854fdbf/execute/async - {"script":"<script> [1562 bytes]","args":[{"selector":{"id":"shell-header","interaction":{"idSuffix":"icon"}},"wdio_ui5_key":"shellheader"}]}
COMMAND: GET /session/b4f8750b6ab9764d379b715c7854fdbf/screenshot - {}
RESULT: {"script":"<script> [1562 bytes]","args":[{"selector":{"id":"shell-header","interaction":{"idSuffix":"icon"}},"wdio_ui5_key":"shellheader"}]}
RESULT: undefined
COMMAND: POST /session/b4f8750b6ab9764d379b715c7854fdbf/refresh - {}
RESULT: {}
RESULT: {}
COMMAND: GET /session/b4f8750b6ab9764d379b715c7854fdbf/screenshot - {}
RESULT: undefined
RESULT: {}
COMMAND: POST /session/b4f8750b6ab9764d379b715c7854fdbf/refresh - {}
RESULT: {}
COMMAND: GET /session/b4f8750b6ab9764d379b715c7854fdbf/screenshot - {}
RESULT: {}
COMMAND: POST /session/b4f8750b6ab9764d379b715c7854fdbf/window/fullscreen - {}
RESULT: {}
COMMAND: POST /session/b4f8750b6ab9764d379b715c7854fdbf/execute/async - {"script":"<script> [189 bytes]","args":[]}
RESULT: {"script":"<script> [189 bytes]","args":[]}
COMMAND: POST /session/b4f8750b6ab9764d379b715c7854fdbf/execute/async - {"script":"<script> [123 bytes]","args":[]}
RESULT: {"script":"<script> [123 bytes]","args":[]}
COMMAND: POST /session/b4f8750b6ab9764d379b715c7854fdbf/timeouts - {"script":"<number>"}
RESULT: {"script":"<number>"}
COMMAND: GET /session/b4f8750b6ab9764d379b715c7854fdbf/timeouts - {}
RESULT: {}
RESULT: undefined
COMMAND: POST /session/b4f8750b6ab9764d379b715c7854fdbf/execute/async - {"script":"<script> [2676 bytes]","args":[]}
RESULT: {"script":"<script> [2676 bytes]","args":[]}
COMMAND: POST /session/b4f8750b6ab9764d379b715c7854fdbf/execute/async - {"script":"<script> [2342 bytes]","args":[{"protocol":"http","hostname":"0.0.0.0","path":"/","capabilities":{"browserName":"chrome","goog:chromeOptions":{"binary":"C:\\Program Files\\Google\\Chrome\\Application\\chrome.exe","args":["--start-maximized"]}},"logLevel":"warn","connectionRetryTimeout":120000,"connectionRetryCount":3,"logLevels":{},"enableDirectConnect":true,"strictSSL":true,"_":"65 more keys: [\"cacheDir\",\"port\",\"requestedCapabilities\",\"automationProtocol\",\"baseUrl\",\"waitforInterval\",\"waitforTimeout\",\"onReload\",\"beforeCommand\",\"afterCommand\",\"rootDir\",\"specs\",\"suites\",\"exclude\",\"groupLogsByTestSpec\",\"excludeDriverLogs\",\"bail\",\"framework\",\"reporters\",\"services\",\"maxInstances\",\"maxInstancesPerCapability\",\"injectGlobals\",\"filesToWatch\",\"execArgv\",\"runnerEnv\",\"runner\",\"shard\",\"specFileRetries\",\"specFileRetriesDelay\",\"specFileRetriesDeferred\",\"reporterSyncInterval\",\"reporterSyncTimeout\",\"cucumberFeaturesWithLineNumbers\",\"autoCompileOpts\",\"mochaOpts\",\"jasmineOpts\",\"cucumberOpts\",\"onPrepare\",\"onWorkerStart\",\"onWorkerEnd\",\"before\",\"beforeSession\",\"beforeSuite\",\"beforeHook\",\"beforeTest\",\"afterTest\",\"afterHook\",\"afterSuite\",\"afterSession\",\"after\",\"onComplete\",\"beforeAssertion\",\"afterAssertion\",\"beforeFeature\",\"beforeScenario\",\"beforeStep\",\"afterStep\",\"afterScenario\",\"afterFeature\",\"_\",\"suite\",\"$0\",\"ignoredWorkerServices\",\"wdi5\"]"}]}
RESULT: {"script":"<script> [2342 bytes]","args":[{"protocol":"http","hostname":"0.0.0.0","path":"/","capabilities":{"browserName":"chrome","goog:chromeOptions":{"binary":"C:\\Program Files\\Google\\Chrome\\Application\\chrome.exe","args":["--start-maximized"]}},"logLevel":"warn","connectionRetryTimeout":120000,"connectionRetryCount":3,"logLevels":{},"enableDirectConnect":true,"strictSSL":true,"_":"65 more keys: [\"cacheDir\",\"port\",\"requestedCapabilities\",\"automationProtocol\",\"baseUrl\",\"waitforInterval\",\"waitforTimeout\",\"onReload\",\"beforeCommand\",\"afterCommand\",\"rootDir\",\"specs\",\"suites\",\"exclude\",\"groupLogsByTestSpec\",\"excludeDriverLogs\",\"bail\",\"framework\",\"reporters\",\"services\",\"maxInstances\",\"maxInstancesPerCapability\",\"injectGlobals\",\"filesToWatch\",\"execArgv\",\"runnerEnv\",\"runner\",\"shard\",\"specFileRetries\",\"specFileRetriesDelay\",\"specFileRetriesDeferred\",\"reporterSyncInterval\",\"reporterSyncTimeout\",\"cucumberFeaturesWithLineNumbers\",\"autoCompileOpts\",\"mochaOpts\",\"jasmineOpts\",\"cucumberOpts\",\"onPrepare\",\"onWorkerStart\",\"onWorkerEnd\",\"before\",\"beforeSession\",\"beforeSuite\",\"beforeHook\",\"beforeTest\",\"afterTest\",\"afterHook\",\"afterSuite\",\"afterSession\",\"after\",\"onComplete\",\"beforeAssertion\",\"afterAssertion\",\"beforeFeature\",\"beforeScenario\",\"beforeStep\",\"afterStep\",\"afterScenario\",\"afterFeature\",\"_\",\"suite\",\"$0\",\"ignoredWorkerServices\",\"wdi5\"]"}]}
COMMAND: POST /session/b4f8750b6ab9764d379b715c7854fdbf/execute/async - {"script":"<script> [21126 bytes]","args":[35000]}
RESULT: {"script":"<script> [21126 bytes]","args":[35000]}
]]></system-out>
    </testcase>
  </testsuite>
  <testsuite timestamp="2025-06-13T17:59:50" time="730.233" tests="12" failures="0" errors="0" skipped="0">
    <properties>
      <property name="specId" value="0"/>
      <property name="suiteName" value="Billing transfer US117289"/>
      <property name="capabilities" value="chrome.137_0_7151_69.windows"/>
      <property name="file" value="file:///D:/a/1/s/test/specs/BTS/billing-transfer.spec.js"/>
    </properties>
    <testcase classname="chrome.137_0_7151_69.windows.Billing_transfer_US117289" name="Should create a new yard" time="0.012">
      <system-out><![CDATA[
COMMAND: POST /session/b4f8750b6ab9764d379b715c7854fdbf/window/fullscreen - {}
RESULT: {}
]]></system-out>
    </testcase>
    <testcase classname="chrome.137_0_7151_69.windows.Billing_transfer_US117289" name="Should create a new partner" time="0.003"/>
    <testcase classname="chrome.137_0_7151_69.windows.Billing_transfer_US117289" name="Should create a new site" time="0.002"/>
    <testcase classname="chrome.137_0_7151_69.windows.Billing_transfer_US117289" name="Should create a new equipment" time="151.878">
      <system-out><![CDATA[
COMMAND: POST /session/b4f8750b6ab9764d379b715c7854fdbf/execute/async - {"script":"<script> [1562 bytes]","args":[{"selector":{"controlType":"sap.m.GenericTile","properties":{"header":"Manage Resources"}},"wdio_ui5_key":"sapm.GenericTile{\"header\":\"Manage Resources\"}"}]}
RESULT: {"script":"<script> [1562 bytes]","args":[{"selector":{"controlType":"sap.m.GenericTile","properties":{"header":"Manage Resources"}},"wdio_ui5_key":"sapm.GenericTile{\"header\":\"Manage Resources\"}"}]}
RESULT: undefined
COMMAND: POST /session/b4f8750b6ab9764d379b715c7854fdbf/element - {"using":"xpath","value":"//*[@id=\"__tile40\"]"}
RESULT: {"using":"xpath","value":"//*[@id=\"__tile40\"]"}
COMMAND: POST /session/b4f8750b6ab9764d379b715c7854fdbf/element/f.8850BFF0213FDAA0CDBB6DAFAFD06CF5.d.A772B14E1BECD6B2D5864500F5CC20E6.e.14991/click - {}
RESULT: {}
COMMAND: GET /session/b4f8750b6ab9764d379b715c7854fdbf/screenshot - {}
RESULT: {}
COMMAND: POST /session/b4f8750b6ab9764d379b715c7854fdbf/elements - {"using":"xpath","value":"//span[text()='Error']"}
RESULT: {"using":"xpath","value":"//span[text()='Error']"}
COMMAND: POST /session/b4f8750b6ab9764d379b715c7854fdbf/element - {"using":"xpath","value":"//button[@data-kt=\"addNewRUOverflowToolbarButton\"]"}
RESULT: {"using":"xpath","value":"//button[@data-kt=\"addNewRUOverflowToolbarButton\"]"}
COMMAND: POST /session/b4f8750b6ab9764d379b715c7854fdbf/elements - {"using":"xpath","value":"//button[@data-kt=\"addNewRUOverflowToolbarButton\"]"}
RESULT: {"using":"xpath","value":"//button[@data-kt=\"addNewRUOverflowToolbarButton\"]"}
COMMAND: POST /session/b4f8750b6ab9764d379b715c7854fdbf/elements - {"using":"xpath","value":"//button[@data-kt=\"addNewRUOverflowToolbarButton\"]"}
RESULT: {"using":"xpath","value":"//button[@data-kt=\"addNewRUOverflowToolbarButton\"]"}
COMMAND: POST /session/b4f8750b6ab9764d379b715c7854fdbf/elements - {"using":"xpath","value":"//button[@data-kt=\"addNewRUOverflowToolbarButton\"]"}
RESULT: {"using":"xpath","value":"//button[@data-kt=\"addNewRUOverflowToolbarButton\"]"}
COMMAND: POST /session/b4f8750b6ab9764d379b715c7854fdbf/elements - {"using":"xpath","value":"//button[@data-kt=\"addNewRUOverflowToolbarButton\"]"}
RESULT: {"using":"xpath","value":"//button[@data-kt=\"addNewRUOverflowToolbarButton\"]"}
COMMAND: POST /session/b4f8750b6ab9764d379b715c7854fdbf/elements - {"using":"xpath","value":"//button[@data-kt=\"addNewRUOverflowToolbarButton\"]"}
RESULT: {"using":"xpath","value":"//button[@data-kt=\"addNewRUOverflowToolbarButton\"]"}
COMMAND: POST /session/b4f8750b6ab9764d379b715c7854fdbf/elements - {"using":"xpath","value":"//button[@data-kt=\"addNewRUOverflowToolbarButton\"]"}
RESULT: {"using":"xpath","value":"//button[@data-kt=\"addNewRUOverflowToolbarButton\"]"}
COMMAND: POST /session/b4f8750b6ab9764d379b715c7854fdbf/elements - {"using":"xpath","value":"//button[@data-kt=\"addNewRUOverflowToolbarButton\"]"}
RESULT: {"using":"xpath","value":"//button[@data-kt=\"addNewRUOverflowToolbarButton\"]"}
COMMAND: POST /session/b4f8750b6ab9764d379b715c7854fdbf/elements - {"using":"xpath","value":"//button[@data-kt=\"addNewRUOverflowToolbarButton\"]"}
RESULT: {"using":"xpath","value":"//button[@data-kt=\"addNewRUOverflowToolbarButton\"]"}
COMMAND: POST /session/b4f8750b6ab9764d379b715c7854fdbf/elements - {"using":"xpath","value":"//button[@data-kt=\"addNewRUOverflowToolbarButton\"]"}
RESULT: {"using":"xpath","value":"//button[@data-kt=\"addNewRUOverflowToolbarButton\"]"}
COMMAND: POST /session/b4f8750b6ab9764d379b715c7854fdbf/elements - {"using":"xpath","value":"//button[@data-kt=\"addNewRUOverflowToolbarButton\"]"}
RESULT: {"using":"xpath","value":"//button[@data-kt=\"addNewRUOverflowToolbarButton\"]"}
COMMAND: POST /session/b4f8750b6ab9764d379b715c7854fdbf/elements - {"using":"xpath","value":"//button[@data-kt=\"addNewRUOverflowToolbarButton\"]"}
RESULT: {"using":"xpath","value":"//button[@data-kt=\"addNewRUOverflowToolbarButton\"]"}
COMMAND: POST /session/b4f8750b6ab9764d379b715c7854fdbf/element - {"using":"xpath","value":"//button[@data-kt=\"addNewRUOverflowToolbarButton\"]"}
RESULT: {"using":"xpath","value":"//button[@data-kt=\"addNewRUOverflowToolbarButton\"]"}
COMMAND: POST /session/b4f8750b6ab9764d379b715c7854fdbf/execute/sync - {"script":"<script> [8489 bytes]","args":[{"element-6066-11e4-a52e-4f735466cecf":"f.8850BFF0213FDAA0CDBB6DAFAFD06CF5.d.A772B14E1BECD6B2D5864500F5CC20E6.e.15135","ELEMENT":"f.8850BFF0213FDAA0CDBB6DAFAFD06CF5.d.A772B14E1BECD6B2D5864500F5CC20E6.e.15135"}]}
RESULT: {"script":"<script> [8489 bytes]","args":[{"element-6066-11e4-a52e-4f735466cecf":"f.8850BFF0213FDAA0CDBB6DAFAFD06CF5.d.A772B14E1BECD6B2D5864500F5CC20E6.e.15135","ELEMENT":"f.8850BFF0213FDAA0CDBB6DAFAFD06CF5.d.A772B14E1BECD6B2D5864500F5CC20E6.e.15135"}]}
COMMAND: GET /session/b4f8750b6ab9764d379b715c7854fdbf/element/f.8850BFF0213FDAA0CDBB6DAFAFD06CF5.d.A772B14E1BECD6B2D5864500F5CC20E6.e.15135/enabled - {}
COMMAND: GET /session/b4f8750b6ab9764d379b715c7854fdbf/screenshot - {}
RESULT: {}
COMMAND: POST /session/b4f8750b6ab9764d379b715c7854fdbf/execute/sync - {"script":"<script> [8489 bytes]","args":[{"element-6066-11e4-a52e-4f735466cecf":"f.8850BFF0213FDAA0CDBB6DAFAFD06CF5.d.A772B14E1BECD6B2D5864500F5CC20E6.e.15135","ELEMENT":"f.8850BFF0213FDAA0CDBB6DAFAFD06CF5.d.A772B14E1BECD6B2D5864500F5CC20E6.e.15135"}]}
COMMAND: GET /session/b4f8750b6ab9764d379b715c7854fdbf/screenshot - {}
RESULT: {}
RESULT: {"script":"<script> [8489 bytes]","args":[{"element-6066-11e4-a52e-4f735466cecf":"f.8850BFF0213FDAA0CDBB6DAFAFD06CF5.d.A772B14E1BECD6B2D5864500F5CC20E6.e.15135","ELEMENT":"f.8850BFF0213FDAA0CDBB6DAFAFD06CF5.d.A772B14E1BECD6B2D5864500F5CC20E6.e.15135"}]}
COMMAND: POST /session/b4f8750b6ab9764d379b715c7854fdbf/execute/sync - {"script":"<script> [5351 bytes]","args":[{"element-6066-11e4-a52e-4f735466cecf":"f.8850BFF0213FDAA0CDBB6DAFAFD06CF5.d.A772B14E1BECD6B2D5864500F5CC20E6.e.15135","ELEMENT":"f.8850BFF0213FDAA0CDBB6DAFAFD06CF5.d.A772B14E1BECD6B2D5864500F5CC20E6.e.15135"}]}
COMMAND: GET /session/b4f8750b6ab9764d379b715c7854fdbf/screenshot - {}
RESULT: {}
RESULT: {"script":"<script> [5351 bytes]","args":[{"element-6066-11e4-a52e-4f735466cecf":"f.8850BFF0213FDAA0CDBB6DAFAFD06CF5.d.A772B14E1BECD6B2D5864500F5CC20E6.e.15135","ELEMENT":"f.8850BFF0213FDAA0CDBB6DAFAFD06CF5.d.A772B14E1BECD6B2D5864500F5CC20E6.e.15135"}]}
COMMAND: POST /session/b4f8750b6ab9764d379b715c7854fdbf/element/f.8850BFF0213FDAA0CDBB6DAFAFD06CF5.d.A772B14E1BECD6B2D5864500F5CC20E6.e.15135/click - {}
COMMAND: GET /session/b4f8750b6ab9764d379b715c7854fdbf/screenshot - {}
RESULT: {}
RESULT: {}
COMMAND: GET /session/b4f8750b6ab9764d379b715c7854fdbf/screenshot - {}
COMMAND: POST /session/b4f8750b6ab9764d379b715c7854fdbf/execute/async - {"script":"<script> [1562 bytes]","args":[{"selector":{"id":"application-manageresources-display-component---newResourceUnit--TYPE-arrow"},"wdio_ui5_key":"applicationmanageresources-display-component---newResourceUnit--TYPE-arrow"}]}
RESULT: {}
RESULT: {}
RESULT: {"script":"<script> [1562 bytes]","args":[{"selector":{"id":"application-manageresources-display-component---newResourceUnit--TYPE-arrow"},"wdio_ui5_key":"applicationmanageresources-display-component---newResourceUnit--TYPE-arrow"}]}
RESULT: undefined
COMMAND: POST /session/b4f8750b6ab9764d379b715c7854fdbf/element - {"using":"xpath","value":"//*[@id=\"application-manageresources-display-component---newResourceUnit--TYPE-arrow\"]"}
RESULT: {"using":"xpath","value":"//*[@id=\"application-manageresources-display-component---newResourceUnit--TYPE-arrow\"]"}
COMMAND: POST /session/b4f8750b6ab9764d379b715c7854fdbf/element/f.8850BFF0213FDAA0CDBB6DAFAFD06CF5.d.A772B14E1BECD6B2D5864500F5CC20E6.e.15495/click - {}
RESULT: {}
COMMAND: POST /session/b4f8750b6ab9764d379b715c7854fdbf/element - {"using":"xpath","value":"//input[@id=\"application-manageresources-display-component---newResourceUnit--TYPE-inner\"]"}
COMMAND: GET /session/b4f8750b6ab9764d379b715c7854fdbf/screenshot - {}
RESULT: {"using":"xpath","value":"//input[@id=\"application-manageresources-display-component---newResourceUnit--TYPE-inner\"]"}
COMMAND: POST /session/b4f8750b6ab9764d379b715c7854fdbf/element/f.8850BFF0213FDAA0CDBB6DAFAFD06CF5.d.A772B14E1BECD6B2D5864500F5CC20E6.e.15488/clear - {}
RESULT: {}
RESULT: {}
COMMAND: POST /session/b4f8750b6ab9764d379b715c7854fdbf/element/f.8850BFF0213FDAA0CDBB6DAFAFD06CF5.d.A772B14E1BECD6B2D5864500F5CC20E6.e.15488/value - {"text":"Equipment"}
COMMAND: GET /session/b4f8750b6ab9764d379b715c7854fdbf/screenshot - {}
RESULT: {"text":"Equipment"}
COMMAND: GET /session/b4f8750b6ab9764d379b715c7854fdbf/screenshot - {}
RESULT: {}
RESULT: {}
COMMAND: POST /session/b4f8750b6ab9764d379b715c7854fdbf/actions - {"actions":[{"id":"action46","type":"key","parameters":{},"actions":[{"type":"keyDown","value":""},{"type":"pause","duration":10},{"type":"keyUp","value":""}]}]}
RESULT: {"actions":[{"id":"action46","type":"key","parameters":{},"actions":[{"type":"keyDown","value":""},{"type":"pause","duration":10},{"type":"keyUp","value":""}]}]}
COMMAND: POST /session/b4f8750b6ab9764d379b715c7854fdbf/execute/async - {"script":"<script> [1562 bytes]","args":[{"selector":{"id":"application-manageresources-display-component---newResourceUnit--resourceId","interaction":{"idSuffix":"inner"}},"wdio_ui5_key":"applicationmanageresources-display-component---newResourceUnit--resourceId"}]}
COMMAND: GET /session/b4f8750b6ab9764d379b715c7854fdbf/screenshot - {}
RESULT: {"script":"<script> [1562 bytes]","args":[{"selector":{"id":"application-manageresources-display-component---newResourceUnit--resourceId","interaction":{"idSuffix":"inner"}},"wdio_ui5_key":"applicationmanageresources-display-component---newResourceUnit--resourceId"}]}
RESULT: undefined
COMMAND: POST /session/b4f8750b6ab9764d379b715c7854fdbf/execute/async - {"script":"<script> [776 bytes]","args":[{"enterText":"iPnNHtX5qJ","selector":{"id":"application-manageresources-display-component---newResourceUnit--resourceId","interaction":{"idSuffix":"inner"}},"clearTextFirst":true,"interactionType":"ENTER_TEXT"}]}
RESULT: {}
RESULT: {"script":"<script> [776 bytes]","args":[{"enterText":"iPnNHtX5qJ","selector":{"id":"application-manageresources-display-component---newResourceUnit--resourceId","interaction":{"idSuffix":"inner"}},"clearTextFirst":true,"interactionType":"ENTER_TEXT"}]}
COMMAND: POST /session/b4f8750b6ab9764d379b715c7854fdbf/execute/async - {"script":"<script> [1562 bytes]","args":[{"selector":{"id":"application-manageresources-display-component---newResourceUnit--SHORT_TEXT","interaction":{"idSuffix":"inner"}},"wdio_ui5_key":"applicationmanageresources-display-component---newResourceUnit--SHORT_TEXT"}]}
RESULT: {"script":"<script> [1562 bytes]","args":[{"selector":{"id":"application-manageresources-display-component---newResourceUnit--SHORT_TEXT","interaction":{"idSuffix":"inner"}},"wdio_ui5_key":"applicationmanageresources-display-component---newResourceUnit--SHORT_TEXT"}]}
RESULT: undefined
COMMAND: POST /session/b4f8750b6ab9764d379b715c7854fdbf/execute/async - {"script":"<script> [776 bytes]","args":[{"enterText":"Intercompany Equipment WDIO","selector":{"id":"application-manageresources-display-component---newResourceUnit--SHORT_TEXT","interaction":{"idSuffix":"inner"}},"clearTextFirst":true,"interactionType":"ENTER_TEXT"}]}
RESULT: {"script":"<script> [776 bytes]","args":[{"enterText":"Intercompany Equipment WDIO","selector":{"id":"application-manageresources-display-component---newResourceUnit--SHORT_TEXT","interaction":{"idSuffix":"inner"}},"clearTextFirst":true,"interactionType":"ENTER_TEXT"}]}
COMMAND: POST /session/b4f8750b6ab9764d379b715c7854fdbf/execute/async - {"script":"<script> [1562 bytes]","args":[{"selector":{"id":"application-manageresources-display-component---newResourceUnit--BASE_UNIT_OF_MEASURE","interaction":{"idSuffix":"inner"}},"wdio_ui5_key":"applicationmanageresources-display-component---newResourceUnit--BASE_UNIT_OF_MEASURE"}]}
RESULT: {"script":"<script> [1562 bytes]","args":[{"selector":{"id":"application-manageresources-display-component---newResourceUnit--BASE_UNIT_OF_MEASURE","interaction":{"idSuffix":"inner"}},"wdio_ui5_key":"applicationmanageresources-display-component---newResourceUnit--BASE_UNIT_OF_MEASURE"}]}
RESULT: undefined
COMMAND: POST /session/b4f8750b6ab9764d379b715c7854fdbf/execute/async - {"script":"<script> [776 bytes]","args":[{"enterText":"Piece","selector":{"id":"application-manageresources-display-component---newResourceUnit--BASE_UNIT_OF_MEASURE","interaction":{"idSuffix":"inner"}},"clearTextFirst":true,"interactionType":"ENTER_TEXT"}]}
RESULT: {"script":"<script> [776 bytes]","args":[{"enterText":"Piece","selector":{"id":"application-manageresources-display-component---newResourceUnit--BASE_UNIT_OF_MEASURE","interaction":{"idSuffix":"inner"}},"clearTextFirst":true,"interactionType":"ENTER_TEXT"}]}
COMMAND: POST /session/b4f8750b6ab9764d379b715c7854fdbf/execute/async - {"script":"<script> [1562 bytes]","args":[{"selector":{"id":"application-manageresources-display-component---newResourceUnit--WEIGHT_UNIT","interaction":{"idSuffix":"inner"}},"wdio_ui5_key":"applicationmanageresources-display-component---newResourceUnit--WEIGHT_UNIT"}]}
RESULT: {"script":"<script> [1562 bytes]","args":[{"selector":{"id":"application-manageresources-display-component---newResourceUnit--WEIGHT_UNIT","interaction":{"idSuffix":"inner"}},"wdio_ui5_key":"applicationmanageresources-display-component---newResourceUnit--WEIGHT_UNIT"}]}
RESULT: undefined
COMMAND: POST /session/b4f8750b6ab9764d379b715c7854fdbf/execute/async - {"script":"<script> [776 bytes]","args":[{"enterText":"Gram","selector":{"id":"application-manageresources-display-component---newResourceUnit--WEIGHT_UNIT","interaction":{"idSuffix":"inner"}},"clearTextFirst":true,"interactionType":"ENTER_TEXT"}]}
RESULT: {"script":"<script> [776 bytes]","args":[{"enterText":"Gram","selector":{"id":"application-manageresources-display-component---newResourceUnit--WEIGHT_UNIT","interaction":{"idSuffix":"inner"}},"clearTextFirst":true,"interactionType":"ENTER_TEXT"}]}
COMMAND: POST /session/b4f8750b6ab9764d379b715c7854fdbf/execute/async - {"script":"<script> [1562 bytes]","args":[{"selector":{"id":"application-manageresources-display-component---newResourceUnit--DIMENSION_UNIT","interaction":{"idSuffix":"inner"}},"wdio_ui5_key":"applicationmanageresources-display-component---newResourceUnit--DIMENSION_UNIT"}]}
RESULT: {"script":"<script> [1562 bytes]","args":[{"selector":{"id":"application-manageresources-display-component---newResourceUnit--DIMENSION_UNIT","interaction":{"idSuffix":"inner"}},"wdio_ui5_key":"applicationmanageresources-display-component---newResourceUnit--DIMENSION_UNIT"}]}
RESULT: undefined
COMMAND: POST /session/b4f8750b6ab9764d379b715c7854fdbf/execute/async - {"script":"<script> [776 bytes]","args":[{"enterText":"Meter","selector":{"id":"application-manageresources-display-component---newResourceUnit--DIMENSION_UNIT","interaction":{"idSuffix":"inner"}},"clearTextFirst":true,"interactionType":"ENTER_TEXT"}]}
RESULT: {"script":"<script> [776 bytes]","args":[{"enterText":"Meter","selector":{"id":"application-manageresources-display-component---newResourceUnit--DIMENSION_UNIT","interaction":{"idSuffix":"inner"}},"clearTextFirst":true,"interactionType":"ENTER_TEXT"}]}
COMMAND: POST /session/b4f8750b6ab9764d379b715c7854fdbf/execute/async - {"script":"<script> [1562 bytes]","args":[{"selector":{"id":"application-manageresources-display-component---newResourceUnit--newRRUPage-anchBar-application-manageresources-display-component---newResourceUnit--control-anchor","interaction":{"idSuffix":"BDI-content"}},"wdio_ui5_key":"applicationmanageresources-display-component---newResourceUnit--newRRUPage-anchBar-application-manageresources-display-component---newResourceUnit--control-anchor"}]}
RESULT: {"script":"<script> [1562 bytes]","args":[{"selector":{"id":"application-manageresources-display-component---newResourceUnit--newRRUPage-anchBar-application-manageresources-display-component---newResourceUnit--control-anchor","interaction":{"idSuffix":"BDI-content"}},"wdio_ui5_key":"applicationmanageresources-display-component---newResourceUnit--newRRUPage-anchBar-application-manageresources-display-component---newResourceUnit--control-anchor"}]}
RESULT: undefined
COMMAND: POST /session/b4f8750b6ab9764d379b715c7854fdbf/element - {"using":"xpath","value":"//*[@id=\"application-manageresources-display-component---newResourceUnit--newRRUPage-anchBar-application-manageresources-display-component---newResourceUnit--control-anchor\"]"}
RESULT: {"using":"xpath","value":"//*[@id=\"application-manageresources-display-component---newResourceUnit--newRRUPage-anchBar-application-manageresources-display-component---newResourceUnit--control-anchor\"]"}
COMMAND: POST /session/b4f8750b6ab9764d379b715c7854fdbf/element/f.8850BFF0213FDAA0CDBB6DAFAFD06CF5.d.A772B14E1BECD6B2D5864500F5CC20E6.e.15654/click - {}
RESULT: {}
COMMAND: POST /session/b4f8750b6ab9764d379b715c7854fdbf/execute/async - {"script":"<script> [1562 bytes]","args":[{"selector":{"id":"application-manageresources-display-component---newResourceUnit--PLANNING_GROUP","interaction":{"idSuffix":"inner"}},"wdio_ui5_key":"applicationmanageresources-display-component---newResourceUnit--PLANNING_GROUP"}]}
COMMAND: GET /session/b4f8750b6ab9764d379b715c7854fdbf/screenshot - {}
RESULT: {"script":"<script> [1562 bytes]","args":[{"selector":{"id":"application-manageresources-display-component---newResourceUnit--PLANNING_GROUP","interaction":{"idSuffix":"inner"}},"wdio_ui5_key":"applicationmanageresources-display-component---newResourceUnit--PLANNING_GROUP"}]}
RESULT: undefined
COMMAND: POST /session/b4f8750b6ab9764d379b715c7854fdbf/execute/async - {"script":"<script> [776 bytes]","args":[{"enterText":"Heavy Equi","selector":{"id":"application-manageresources-display-component---newResourceUnit--PLANNING_GROUP","interaction":{"idSuffix":"inner"}},"clearTextFirst":true,"interactionType":"ENTER_TEXT"}]}
RESULT: {}
RESULT: {"script":"<script> [776 bytes]","args":[{"enterText":"Heavy Equi","selector":{"id":"application-manageresources-display-component---newResourceUnit--PLANNING_GROUP","interaction":{"idSuffix":"inner"}},"clearTextFirst":true,"interactionType":"ENTER_TEXT"}]}
COMMAND: POST /session/b4f8750b6ab9764d379b715c7854fdbf/execute/async - {"script":"<script> [1562 bytes]","args":[{"selector":{"id":"application-manageresources-display-component---newResourceUnit--ITEM_TYPE-arrow"},"wdio_ui5_key":"applicationmanageresources-display-component---newResourceUnit--ITEM_TYPE-arrow"}]}
RESULT: {"script":"<script> [1562 bytes]","args":[{"selector":{"id":"application-manageresources-display-component---newResourceUnit--ITEM_TYPE-arrow"},"wdio_ui5_key":"applicationmanageresources-display-component---newResourceUnit--ITEM_TYPE-arrow"}]}
RESULT: undefined
COMMAND: POST /session/b4f8750b6ab9764d379b715c7854fdbf/element - {"using":"xpath","value":"//*[@id=\"application-manageresources-display-component---newResourceUnit--ITEM_TYPE-arrow\"]"}
RESULT: {"using":"xpath","value":"//*[@id=\"application-manageresources-display-component---newResourceUnit--ITEM_TYPE-arrow\"]"}
COMMAND: POST /session/b4f8750b6ab9764d379b715c7854fdbf/element/f.8850BFF0213FDAA0CDBB6DAFAFD06CF5.d.A772B14E1BECD6B2D5864500F5CC20E6.e.15661/click - {}
RESULT: {}
COMMAND: POST /session/b4f8750b6ab9764d379b715c7854fdbf/element - {"using":"xpath","value":"//ul[contains(@id,\"ITEM_TYPE-popup-list-listUl\")]//li[.//span[contains(text(),\"Resource Unit\")]]"}
COMMAND: GET /session/b4f8750b6ab9764d379b715c7854fdbf/screenshot - {}
RESULT: {"using":"xpath","value":"//ul[contains(@id,\"ITEM_TYPE-popup-list-listUl\")]//li[.//span[contains(text(),\"Resource Unit\")]]"}
COMMAND: POST /session/b4f8750b6ab9764d379b715c7854fdbf/element/f.8850BFF0213FDAA0CDBB6DAFAFD06CF5.d.A772B14E1BECD6B2D5864500F5CC20E6.e.15662/click - {}
RESULT: {}
RESULT: {}
COMMAND: GET /session/b4f8750b6ab9764d379b715c7854fdbf/screenshot - {}
RESULT: {}
COMMAND: POST /session/b4f8750b6ab9764d379b715c7854fdbf/element - {"using":"css selector","value":"#application-manageresources-display-component---newResourceUnit--btnAddTimeSegment"}
RESULT: {"using":"css selector","value":"#application-manageresources-display-component---newResourceUnit--btnAddTimeSegment"}
COMMAND: GET /session/b4f8750b6ab9764d379b715c7854fdbf/element/f.8850BFF0213FDAA0CDBB6DAFAFD06CF5.d.A772B14E1BECD6B2D5864500F5CC20E6.e.15670/rect - {}
RESULT: {}
COMMAND: GET /session/b4f8750b6ab9764d379b715c7854fdbf/window/rect - {}
RESULT: {}
COMMAND: POST /session/b4f8750b6ab9764d379b715c7854fdbf/execute/sync - {"script":"<script> [92 bytes]","args":[]}
RESULT: {"script":"<script> [92 bytes]","args":[]}
COMMAND: POST /session/b4f8750b6ab9764d379b715c7854fdbf/actions - {"actions":[{"id":"action47","type":"wheel","parameters":{},"actions":[{"type":"scroll","x":-1888,"y":-32,"deltaX":0,"deltaY":0,"duration":0,"origin":{"element-6066-11e4-a52e-4f735466cecf":"f.8850BFF0213FDAA0CDBB6DAFAFD06CF5.d.A772B14E1BECD6B2D5864500F5CC20E6.e.15670"}}]}]}
COMMAND: GET /session/b4f8750b6ab9764d379b715c7854fdbf/screenshot - {}
RESULT: {}
COMMAND: POST /session/b4f8750b6ab9764d379b715c7854fdbf/execute/sync - {"script":"<script> [79 bytes]","args":[{"element-6066-11e4-a52e-4f735466cecf":"f.8850BFF0213FDAA0CDBB6DAFAFD06CF5.d.A772B14E1BECD6B2D5864500F5CC20E6.e.15670","ELEMENT":"f.8850BFF0213FDAA0CDBB6DAFAFD06CF5.d.A772B14E1BECD6B2D5864500F5CC20E6.e.15670"},{"block":"start","inline":"nearest"}]}
RESULT: {"script":"<script> [79 bytes]","args":[{"element-6066-11e4-a52e-4f735466cecf":"f.8850BFF0213FDAA0CDBB6DAFAFD06CF5.d.A772B14E1BECD6B2D5864500F5CC20E6.e.15670","ELEMENT":"f.8850BFF0213FDAA0CDBB6DAFAFD06CF5.d.A772B14E1BECD6B2D5864500F5CC20E6.e.15670"},{"block":"start","inline":"nearest"}]}
COMMAND: POST /session/b4f8750b6ab9764d379b715c7854fdbf/execute/async - {"script":"<script> [1562 bytes]","args":[{"selector":{"id":"application-manageresources-display-component---newResourceUnit--btnAddTimeSegment","interaction":{"idSuffix":"inner"}},"wdio_ui5_key":"applicationmanageresources-display-component---newResourceUnit--btnAddTimeSegment"}]}
COMMAND: GET /session/b4f8750b6ab9764d379b715c7854fdbf/screenshot - {}
RESULT: {"script":"<script> [1562 bytes]","args":[{"selector":{"id":"application-manageresources-display-component---newResourceUnit--btnAddTimeSegment","interaction":{"idSuffix":"inner"}},"wdio_ui5_key":"applicationmanageresources-display-component---newResourceUnit--btnAddTimeSegment"}]}
RESULT: undefined
COMMAND: POST /session/b4f8750b6ab9764d379b715c7854fdbf/element - {"using":"xpath","value":"//*[@id=\"application-manageresources-display-component---newResourceUnit--btnAddTimeSegment\"]"}
RESULT: {}
RESULT: {"using":"xpath","value":"//*[@id=\"application-manageresources-display-component---newResourceUnit--btnAddTimeSegment\"]"}
COMMAND: POST /session/b4f8750b6ab9764d379b715c7854fdbf/element/f.8850BFF0213FDAA0CDBB6DAFAFD06CF5.d.A772B14E1BECD6B2D5864500F5CC20E6.e.15670/click - {}
RESULT: {}
COMMAND: GET /session/b4f8750b6ab9764d379b715c7854fdbf/screenshot - {}
RESULT: {}
COMMAND: POST /session/b4f8750b6ab9764d379b715c7854fdbf/element - {"using":"xpath","value":"//input[@id=\"application-manageresources-display-component---newResourceUnit--idRuTSAdmin-application-manageresources-display-component---newResourceUnit--RUTimeSegment-0-inner\"]"}
RESULT: {"using":"xpath","value":"//input[@id=\"application-manageresources-display-component---newResourceUnit--idRuTSAdmin-application-manageresources-display-component---newResourceUnit--RUTimeSegment-0-inner\"]"}
COMMAND: POST /session/b4f8750b6ab9764d379b715c7854fdbf/element/f.8850BFF0213FDAA0CDBB6DAFAFD06CF5.d.A772B14E1BECD6B2D5864500F5CC20E6.e.15676/clear - {}
RESULT: {}
COMMAND: POST /session/b4f8750b6ab9764d379b715c7854fdbf/element/f.8850BFF0213FDAA0CDBB6DAFAFD06CF5.d.A772B14E1BECD6B2D5864500F5CC20E6.e.15676/value - {"text":"249"}
COMMAND: GET /session/b4f8750b6ab9764d379b715c7854fdbf/screenshot - {}
RESULT: {"text":"249"}
COMMAND: GET /session/b4f8750b6ab9764d379b715c7854fdbf/screenshot - {}
RESULT: {}
RESULT: {}
COMMAND: POST /session/b4f8750b6ab9764d379b715c7854fdbf/element - {"using":"xpath","value":"//li[.//span[text()='249']]"}
RESULT: {"using":"xpath","value":"//li[.//span[text()='249']]"}
COMMAND: POST /session/b4f8750b6ab9764d379b715c7854fdbf/element/f.8850BFF0213FDAA0CDBB6DAFAFD06CF5.d.A772B14E1BECD6B2D5864500F5CC20E6.e.15688/click - {}
RESULT: {}
COMMAND: GET /session/b4f8750b6ab9764d379b715c7854fdbf/screenshot - {}
RESULT: {}
COMMAND: POST /session/b4f8750b6ab9764d379b715c7854fdbf/element - {"using":"xpath","value":"(//span[contains(@id, \"-application-manageresources-display-component---newResourceUnit--RUTimeSegment-0-arrow\")])[6]"}
RESULT: {"using":"xpath","value":"(//span[contains(@id, \"-application-manageresources-display-component---newResourceUnit--RUTimeSegment-0-arrow\")])[6]"}
COMMAND: POST /session/b4f8750b6ab9764d379b715c7854fdbf/element/f.8850BFF0213FDAA0CDBB6DAFAFD06CF5.d.A772B14E1BECD6B2D5864500F5CC20E6.e.15689/click - {}
RESULT: {}
COMMAND: GET /session/b4f8750b6ab9764d379b715c7854fdbf/screenshot - {}
RESULT: {}
COMMAND: POST /session/b4f8750b6ab9764d379b715c7854fdbf/element - {"using":"xpath","value":"//span[contains(text(), \"PM Order\")]"}
RESULT: {"using":"xpath","value":"//span[contains(text(), \"PM Order\")]"}
COMMAND: POST /session/b4f8750b6ab9764d379b715c7854fdbf/element/f.8850BFF0213FDAA0CDBB6DAFAFD06CF5.d.A772B14E1BECD6B2D5864500F5CC20E6.e.15692/click - {}
RESULT: {}
COMMAND: GET /session/b4f8750b6ab9764d379b715c7854fdbf/screenshot - {}
RESULT: {}
COMMAND: POST /session/b4f8750b6ab9764d379b715c7854fdbf/element - {"using":"xpath","value":"(//span[contains(@id ,\"manageresources-display-component---newResourceUnit--RUTimeSegment-0-vhi\")])[1]"}
RESULT: {"using":"xpath","value":"(//span[contains(@id ,\"manageresources-display-component---newResourceUnit--RUTimeSegment-0-vhi\")])[1]"}
COMMAND: GET /session/b4f8750b6ab9764d379b715c7854fdbf/element/f.8850BFF0213FDAA0CDBB6DAFAFD06CF5.d.A772B14E1BECD6B2D5864500F5CC20E6.e.15696/rect - {}
RESULT: {}
COMMAND: GET /session/b4f8750b6ab9764d379b715c7854fdbf/window/rect - {}
RESULT: {}
COMMAND: POST /session/b4f8750b6ab9764d379b715c7854fdbf/execute/sync - {"script":"<script> [92 bytes]","args":[]}
RESULT: {"script":"<script> [92 bytes]","args":[]}
COMMAND: POST /session/b4f8750b6ab9764d379b715c7854fdbf/actions - {"actions":[{"id":"action48","type":"wheel","parameters":{},"actions":[{"type":"scroll","x":-869,"y":-24,"deltaX":0,"deltaY":0,"duration":0,"origin":{"element-6066-11e4-a52e-4f735466cecf":"f.8850BFF0213FDAA0CDBB6DAFAFD06CF5.d.A772B14E1BECD6B2D5864500F5CC20E6.e.15696"}}]}]}
COMMAND: GET /session/b4f8750b6ab9764d379b715c7854fdbf/screenshot - {}
RESULT: {"actions":[{"id":"action48","type":"wheel","parameters":{},"actions":[{"type":"scroll","x":-869,"y":-24,"deltaX":0,"deltaY":0,"duration":0,"origin":{"element-6066-11e4-a52e-4f735466cecf":"f.8850BFF0213FDAA0CDBB6DAFAFD06CF5.d.A772B14E1BECD6B2D5864500F5CC20E6.e.15696"}}]}]}
COMMAND: DELETE /session/b4f8750b6ab9764d379b715c7854fdbf/actions - {}
COMMAND: GET /session/b4f8750b6ab9764d379b715c7854fdbf/screenshot - {}
RESULT: {}
RESULT: {}
COMMAND: GET /session/b4f8750b6ab9764d379b715c7854fdbf/screenshot - {}
RESULT: {}
RESULT: {}
COMMAND: POST /session/b4f8750b6ab9764d379b715c7854fdbf/element/f.8850BFF0213FDAA0CDBB6DAFAFD06CF5.d.A772B14E1BECD6B2D5864500F5CC20E6.e.15696/click - {}
RESULT: {}
COMMAND: GET /session/b4f8750b6ab9764d379b715c7854fdbf/screenshot - {}
RESULT: {}
COMMAND: POST /session/b4f8750b6ab9764d379b715c7854fdbf/execute/async - {"script":"<script> [1562 bytes]","args":[{"selector":{"controlType":"sap.m.SearchField","properties":{"placeholder":"Search"},"searchOpenDialogs":true,"interaction":{"idSuffix":"I"}},"wdio_ui5_key":"sapm.SearchField{\"placeholder\":\"Search\"}"}]}
RESULT: {"script":"<script> [1562 bytes]","args":[{"selector":{"controlType":"sap.m.SearchField","properties":{"placeholder":"Search"},"searchOpenDialogs":true,"interaction":{"idSuffix":"I"}},"wdio_ui5_key":"sapm.SearchField{\"placeholder\":\"Search\"}"}]}
RESULT: undefined
COMMAND: POST /session/b4f8750b6ab9764d379b715c7854fdbf/execute/async - {"script":"<script> [776 bytes]","args":[{"enterText":"4000360","selector":{"controlType":"sap.m.SearchField","properties":{"placeholder":"Search"},"searchOpenDialogs":true,"interaction":{"idSuffix":"I"}},"clearTextFirst":true,"interactionType":"ENTER_TEXT"}]}
RESULT: {"script":"<script> [776 bytes]","args":[{"enterText":"4000360","selector":{"controlType":"sap.m.SearchField","properties":{"placeholder":"Search"},"searchOpenDialogs":true,"interaction":{"idSuffix":"I"}},"clearTextFirst":true,"interactionType":"ENTER_TEXT"}]}
COMMAND: POST /session/b4f8750b6ab9764d379b715c7854fdbf/actions - {"actions":[{"id":"action49","type":"key","parameters":{},"actions":[{"type":"keyDown","value":""},{"type":"pause","duration":10},{"type":"keyUp","value":""}]}]}
RESULT: {"actions":[{"id":"action49","type":"key","parameters":{},"actions":[{"type":"keyDown","value":""},{"type":"pause","duration":10},{"type":"keyUp","value":""}]}]}
COMMAND: GET /session/b4f8750b6ab9764d379b715c7854fdbf/screenshot - {}
RESULT: {}
COMMAND: POST /session/b4f8750b6ab9764d379b715c7854fdbf/element - {"using":"xpath","value":"//td/div/span[contains(text(), \"BGL Vehicles\")]"}
RESULT: {"using":"xpath","value":"//td/div/span[contains(text(), \"BGL Vehicles\")]"}
COMMAND: POST /session/b4f8750b6ab9764d379b715c7854fdbf/element/f.8850BFF0213FDAA0CDBB6DAFAFD06CF5.d.A772B14E1BECD6B2D5864500F5CC20E6.e.15717/click - {}
RESULT: {}
COMMAND: GET /session/b4f8750b6ab9764d379b715c7854fdbf/screenshot - {}
RESULT: {}
COMMAND: POST /session/b4f8750b6ab9764d379b715c7854fdbf/element - {"using":"xpath","value":"//bdi[contains(text(), \"OK\")]"}
RESULT: {"using":"xpath","value":"//bdi[contains(text(), \"OK\")]"}
COMMAND: POST /session/b4f8750b6ab9764d379b715c7854fdbf/element/f.8850BFF0213FDAA0CDBB6DAFAFD06CF5.d.A772B14E1BECD6B2D5864500F5CC20E6.e.15718/click - {}
RESULT: {}
COMMAND: GET /session/b4f8750b6ab9764d379b715c7854fdbf/screenshot - {}
RESULT: {}
COMMAND: POST /session/b4f8750b6ab9764d379b715c7854fdbf/execute/async - {"script":"<script> [1562 bytes]","args":[{"selector":{"id":"application-manageresources-display-component---newResourceUnit--newRRUPage-anchBar-application-manageresources-display-component---newResourceUnit--resource-anchor","interaction":{"idSuffix":"BDI-content"}},"wdio_ui5_key":"applicationmanageresources-display-component---newResourceUnit--newRRUPage-anchBar-application-manageresources-display-component---newResourceUnit--resource-anchor"}]}
RESULT: {"script":"<script> [1562 bytes]","args":[{"selector":{"id":"application-manageresources-display-component---newResourceUnit--newRRUPage-anchBar-application-manageresources-display-component---newResourceUnit--resource-anchor","interaction":{"idSuffix":"BDI-content"}},"wdio_ui5_key":"applicationmanageresources-display-component---newResourceUnit--newRRUPage-anchBar-application-manageresources-display-component---newResourceUnit--resource-anchor"}]}
RESULT: undefined
COMMAND: POST /session/b4f8750b6ab9764d379b715c7854fdbf/element - {"using":"xpath","value":"//*[@id=\"application-manageresources-display-component---newResourceUnit--newRRUPage-anchBar-application-manageresources-display-component---newResourceUnit--resource-anchor\"]"}
RESULT: {"using":"xpath","value":"//*[@id=\"application-manageresources-display-component---newResourceUnit--newRRUPage-anchBar-application-manageresources-display-component---newResourceUnit--resource-anchor\"]"}
COMMAND: POST /session/b4f8750b6ab9764d379b715c7854fdbf/element/f.8850BFF0213FDAA0CDBB6DAFAFD06CF5.d.A772B14E1BECD6B2D5864500F5CC20E6.e.15722/click - {}
RESULT: {}
COMMAND: POST /session/b4f8750b6ab9764d379b715c7854fdbf/execute/async - {"script":"<script> [1562 bytes]","args":[{"selector":{"id":"application-manageresources-display-component---newResourceUnit--PLANNED_DELIVERY_DATE","interaction":{"idSuffix":"inner"}},"wdio_ui5_key":"applicationmanageresources-display-component---newResourceUnit--PLANNED_DELIVERY_DATE"}]}
COMMAND: GET /session/b4f8750b6ab9764d379b715c7854fdbf/screenshot - {}
RESULT: {"script":"<script> [1562 bytes]","args":[{"selector":{"id":"application-manageresources-display-component---newResourceUnit--PLANNED_DELIVERY_DATE","interaction":{"idSuffix":"inner"}},"wdio_ui5_key":"applicationmanageresources-display-component---newResourceUnit--PLANNED_DELIVERY_DATE"}]}
RESULT: undefined
COMMAND: POST /session/b4f8750b6ab9764d379b715c7854fdbf/execute/async - {"script":"<script> [6424 bytes]","args":[{"element-6066-11e4-a52e-4f735466cecf":"f.8850BFF0213FDAA0CDBB6DAFAFD06CF5.d.A772B14E1BECD6B2D5864500F5CC20E6.e.15554"},"setValue",["6/13/25"]]}
RESULT: {}
RESULT: {"script":"<script> [6424 bytes]","args":[{"element-6066-11e4-a52e-4f735466cecf":"f.8850BFF0213FDAA0CDBB6DAFAFD06CF5.d.A772B14E1BECD6B2D5864500F5CC20E6.e.15554"},"setValue",["6/13/25"]]}
COMMAND: POST /session/b4f8750b6ab9764d379b715c7854fdbf/element - {"using":"xpath","value":"//label[contains(@class, 'sapMLabelRequired') and .//bdi[contains(text(), 'Planned Retirement')]]"}
RESULT: {"using":"xpath","value":"//label[contains(@class, 'sapMLabelRequired') and .//bdi[contains(text(), 'Planned Retirement')]]"}
COMMAND: POST /session/b4f8750b6ab9764d379b715c7854fdbf/elements - {"using":"xpath","value":"//label[contains(@class, 'sapMLabelRequired') and .//bdi[contains(text(), 'Planned Retirement')]]"}
RESULT: {"using":"xpath","value":"//label[contains(@class, 'sapMLabelRequired') and .//bdi[contains(text(), 'Planned Retirement')]]"}
COMMAND: POST /session/b4f8750b6ab9764d379b715c7854fdbf/element - {"using":"xpath","value":"//button[@data-kt=\"resourceUnitSaveButton\"]"}
RESULT: {"using":"xpath","value":"//button[@data-kt=\"resourceUnitSaveButton\"]"}
COMMAND: POST /session/b4f8750b6ab9764d379b715c7854fdbf/element/f.8850BFF0213FDAA0CDBB6DAFAFD06CF5.d.A772B14E1BECD6B2D5864500F5CC20E6.e.15514/click - {}
RESULT: {}
COMMAND: GET /session/b4f8750b6ab9764d379b715c7854fdbf/screenshot - {}
RESULT: {}
COMMAND: POST /session/b4f8750b6ab9764d379b715c7854fdbf/element - {"using":"xpath","value":"//bdi[contains(text(), \"Close\")]"}
RESULT: {"using":"xpath","value":"//bdi[contains(text(), \"Close\")]"}
COMMAND: POST /session/b4f8750b6ab9764d379b715c7854fdbf/element/f.8850BFF0213FDAA0CDBB6DAFAFD06CF5.d.A772B14E1BECD6B2D5864500F5CC20E6.e.15730/click - {}
RESULT: {}
COMMAND: GET /session/b4f8750b6ab9764d379b715c7854fdbf/screenshot - {}
RESULT: {}
COMMAND: POST /session/b4f8750b6ab9764d379b715c7854fdbf/element - {"using":"xpath","value":"(//button[contains(@id ,\"actionsToolbar-overflowButton\")])[1]"}
RESULT: {"using":"xpath","value":"(//button[contains(@id ,\"actionsToolbar-overflowButton\")])[1]"}
COMMAND: POST /session/b4f8750b6ab9764d379b715c7854fdbf/element/f.8850BFF0213FDAA0CDBB6DAFAFD06CF5.d.A772B14E1BECD6B2D5864500F5CC20E6.e.15763/click - {}
RESULT: {}
COMMAND: GET /session/b4f8750b6ab9764d379b715c7854fdbf/screenshot - {}
RESULT: {}
COMMAND: POST /session/b4f8750b6ab9764d379b715c7854fdbf/element - {"using":"xpath","value":"//button[@data-kt=\"priceInfoButton\"]"}
RESULT: {"using":"xpath","value":"//button[@data-kt=\"priceInfoButton\"]"}
COMMAND: POST /session/b4f8750b6ab9764d379b715c7854fdbf/element/f.8850BFF0213FDAA0CDBB6DAFAFD06CF5.d.A772B14E1BECD6B2D5864500F5CC20E6.e.15765/click - {}
RESULT: {}
COMMAND: GET /session/b4f8750b6ab9764d379b715c7854fdbf/screenshot - {}
RESULT: {}
]]></system-out>
    </testcase>
    <testcase classname="chrome.137_0_7151_69.windows.Billing_transfer_US117289" name="Should create new pricing rule" time="48.011">
      <system-out><![CDATA[
COMMAND: POST /session/b4f8750b6ab9764d379b715c7854fdbf/element - {"using":"xpath","value":"//button[@data-kt=\"addButton\"]"}
RESULT: {"using":"xpath","value":"//button[@data-kt=\"addButton\"]"}
COMMAND: POST /session/b4f8750b6ab9764d379b715c7854fdbf/elements - {"using":"xpath","value":"//button[@data-kt=\"addButton\"]"}
RESULT: {"using":"xpath","value":"//button[@data-kt=\"addButton\"]"}
COMMAND: POST /session/b4f8750b6ab9764d379b715c7854fdbf/elements - {"using":"xpath","value":"//button[@data-kt=\"addButton\"]"}
RESULT: {"using":"xpath","value":"//button[@data-kt=\"addButton\"]"}
COMMAND: POST /session/b4f8750b6ab9764d379b715c7854fdbf/element - {"using":"xpath","value":"//button[@data-kt=\"addButton\"]"}
RESULT: {"using":"xpath","value":"//button[@data-kt=\"addButton\"]"}
COMMAND: POST /session/b4f8750b6ab9764d379b715c7854fdbf/execute/sync - {"script":"<script> [8489 bytes]","args":[{"element-6066-11e4-a52e-4f735466cecf":"f.8850BFF0213FDAA0CDBB6DAFAFD06CF5.d.A772B14E1BECD6B2D5864500F5CC20E6.e.15811","ELEMENT":"f.8850BFF0213FDAA0CDBB6DAFAFD06CF5.d.A772B14E1BECD6B2D5864500F5CC20E6.e.15811"}]}
RESULT: {"script":"<script> [8489 bytes]","args":[{"element-6066-11e4-a52e-4f735466cecf":"f.8850BFF0213FDAA0CDBB6DAFAFD06CF5.d.A772B14E1BECD6B2D5864500F5CC20E6.e.15811","ELEMENT":"f.8850BFF0213FDAA0CDBB6DAFAFD06CF5.d.A772B14E1BECD6B2D5864500F5CC20E6.e.15811"}]}
COMMAND: GET /session/b4f8750b6ab9764d379b715c7854fdbf/element/f.8850BFF0213FDAA0CDBB6DAFAFD06CF5.d.A772B14E1BECD6B2D5864500F5CC20E6.e.15811/enabled - {}
COMMAND: GET /session/b4f8750b6ab9764d379b715c7854fdbf/screenshot - {}
RESULT: {}
COMMAND: POST /session/b4f8750b6ab9764d379b715c7854fdbf/execute/sync - {"script":"<script> [8489 bytes]","args":[{"element-6066-11e4-a52e-4f735466cecf":"f.8850BFF0213FDAA0CDBB6DAFAFD06CF5.d.A772B14E1BECD6B2D5864500F5CC20E6.e.15811","ELEMENT":"f.8850BFF0213FDAA0CDBB6DAFAFD06CF5.d.A772B14E1BECD6B2D5864500F5CC20E6.e.15811"}]}
COMMAND: GET /session/b4f8750b6ab9764d379b715c7854fdbf/screenshot - {}
RESULT: {}
RESULT: {"script":"<script> [8489 bytes]","args":[{"element-6066-11e4-a52e-4f735466cecf":"f.8850BFF0213FDAA0CDBB6DAFAFD06CF5.d.A772B14E1BECD6B2D5864500F5CC20E6.e.15811","ELEMENT":"f.8850BFF0213FDAA0CDBB6DAFAFD06CF5.d.A772B14E1BECD6B2D5864500F5CC20E6.e.15811"}]}
COMMAND: POST /session/b4f8750b6ab9764d379b715c7854fdbf/execute/sync - {"script":"<script> [5351 bytes]","args":[{"element-6066-11e4-a52e-4f735466cecf":"f.8850BFF0213FDAA0CDBB6DAFAFD06CF5.d.A772B14E1BECD6B2D5864500F5CC20E6.e.15811","ELEMENT":"f.8850BFF0213FDAA0CDBB6DAFAFD06CF5.d.A772B14E1BECD6B2D5864500F5CC20E6.e.15811"}]}
COMMAND: GET /session/b4f8750b6ab9764d379b715c7854fdbf/screenshot - {}
RESULT: {}
RESULT: {"script":"<script> [5351 bytes]","args":[{"element-6066-11e4-a52e-4f735466cecf":"f.8850BFF0213FDAA0CDBB6DAFAFD06CF5.d.A772B14E1BECD6B2D5864500F5CC20E6.e.15811","ELEMENT":"f.8850BFF0213FDAA0CDBB6DAFAFD06CF5.d.A772B14E1BECD6B2D5864500F5CC20E6.e.15811"}]}
COMMAND: POST /session/b4f8750b6ab9764d379b715c7854fdbf/element/f.8850BFF0213FDAA0CDBB6DAFAFD06CF5.d.A772B14E1BECD6B2D5864500F5CC20E6.e.15811/click - {}
COMMAND: GET /session/b4f8750b6ab9764d379b715c7854fdbf/screenshot - {}
RESULT: {}
RESULT: {}
COMMAND: GET /session/b4f8750b6ab9764d379b715c7854fdbf/screenshot - {}
RESULT: {}
RESULT: {}
COMMAND: POST /session/b4f8750b6ab9764d379b715c7854fdbf/execute/async - {"script":"<script> [1562 bytes]","args":[{"selector":{"controlType":"sap.m.Title","viewName":"etm.portal.ui.managepricingrules.view.NewItem","viewId":"application-managepricingrules-display-component---newInfoPriceItem","properties":{"text":"New Pricing Rules - Item Level"}},"wdio_ui5_key":"etmportal.ui.managepricingrules.view.NewItemsap.m.Title{\"text\":\"New Pricing Rules - Item Level\"}"}]}
RESULT: {"script":"<script> [1562 bytes]","args":[{"selector":{"controlType":"sap.m.Title","viewName":"etm.portal.ui.managepricingrules.view.NewItem","viewId":"application-managepricingrules-display-component---newInfoPriceItem","properties":{"text":"New Pricing Rules - Item Level"}},"wdio_ui5_key":"etmportal.ui.managepricingrules.view.NewItemsap.m.Title{\"text\":\"New Pricing Rules - Item Level\"}"}]}
RESULT: undefined
COMMAND: POST /session/b4f8750b6ab9764d379b715c7854fdbf/execute/async - {"script":"<script> [6424 bytes]","args":[{"element-6066-11e4-a52e-4f735466cecf":"f.8850BFF0213FDAA0CDBB6DAFAFD06CF5.d.A772B14E1BECD6B2D5864500F5CC20E6.e.15993"},"getText",[]]}
RESULT: {"script":"<script> [6424 bytes]","args":[{"element-6066-11e4-a52e-4f735466cecf":"f.8850BFF0213FDAA0CDBB6DAFAFD06CF5.d.A772B14E1BECD6B2D5864500F5CC20E6.e.15993"},"getText",[]]}
COMMAND: POST /session/b4f8750b6ab9764d379b715c7854fdbf/execute/async - {"script":"<script> [1562 bytes]","args":[{"selector":{"id":"application-managepricingrules-display-component---newInfoPriceItem--condValidTo","interaction":{"idSuffix":"inner"}},"wdio_ui5_key":"applicationmanagepricingrules-display-component---newInfoPriceItem--condValidTo"}]}
RESULT: {"script":"<script> [1562 bytes]","args":[{"selector":{"id":"application-managepricingrules-display-component---newInfoPriceItem--condValidTo","interaction":{"idSuffix":"inner"}},"wdio_ui5_key":"applicationmanagepricingrules-display-component---newInfoPriceItem--condValidTo"}]}
RESULT: undefined
COMMAND: POST /session/b4f8750b6ab9764d379b715c7854fdbf/execute/async - {"script":"<script> [776 bytes]","args":[{"enterText":"2/13/26","selector":{"id":"application-managepricingrules-display-component---newInfoPriceItem--condValidTo","interaction":{"idSuffix":"inner"}},"clearTextFirst":true,"interactionType":"ENTER_TEXT"}]}
RESULT: {"script":"<script> [776 bytes]","args":[{"enterText":"2/13/26","selector":{"id":"application-managepricingrules-display-component---newInfoPriceItem--condValidTo","interaction":{"idSuffix":"inner"}},"clearTextFirst":true,"interactionType":"ENTER_TEXT"}]}
COMMAND: POST /session/b4f8750b6ab9764d379b715c7854fdbf/execute/async - {"script":"<script> [1562 bytes]","args":[{"selector":{"id":"application-managepricingrules-display-component---newInfoPriceItem--billType-arrow"},"wdio_ui5_key":"applicationmanagepricingrules-display-component---newInfoPriceItem--billType-arrow"}]}
RESULT: {"script":"<script> [1562 bytes]","args":[{"selector":{"id":"application-managepricingrules-display-component---newInfoPriceItem--billType-arrow"},"wdio_ui5_key":"applicationmanagepricingrules-display-component---newInfoPriceItem--billType-arrow"}]}
RESULT: undefined
COMMAND: POST /session/b4f8750b6ab9764d379b715c7854fdbf/element - {"using":"xpath","value":"//*[@id=\"application-managepricingrules-display-component---newInfoPriceItem--billType-arrow\"]"}
RESULT: {"using":"xpath","value":"//*[@id=\"application-managepricingrules-display-component---newInfoPriceItem--billType-arrow\"]"}
COMMAND: POST /session/b4f8750b6ab9764d379b715c7854fdbf/element/f.8850BFF0213FDAA0CDBB6DAFAFD06CF5.d.A772B14E1BECD6B2D5864500F5CC20E6.e.15952/click - {}
RESULT: {}
COMMAND: POST /session/b4f8750b6ab9764d379b715c7854fdbf/element - {"using":"xpath","value":"//span[contains(text(), \"TB - Time based\")]"}
COMMAND: GET /session/b4f8750b6ab9764d379b715c7854fdbf/screenshot - {}
RESULT: {"using":"xpath","value":"//span[contains(text(), \"TB - Time based\")]"}
COMMAND: POST /session/b4f8750b6ab9764d379b715c7854fdbf/element/f.8850BFF0213FDAA0CDBB6DAFAFD06CF5.d.A772B14E1BECD6B2D5864500F5CC20E6.e.15995/click - {}
RESULT: {}
RESULT: {}
COMMAND: POST /session/b4f8750b6ab9764d379b715c7854fdbf/execute/async - {"script":"<script> [1562 bytes]","args":[{"selector":{"id":"application-managepricingrules-display-component---newInfoPriceItem--priceProc-arrow"},"wdio_ui5_key":"applicationmanagepricingrules-display-component---newInfoPriceItem--priceProc-arrow"}]}
COMMAND: GET /session/b4f8750b6ab9764d379b715c7854fdbf/screenshot - {}
RESULT: {"script":"<script> [1562 bytes]","args":[{"selector":{"id":"application-managepricingrules-display-component---newInfoPriceItem--priceProc-arrow"},"wdio_ui5_key":"applicationmanagepricingrules-display-component---newInfoPriceItem--priceProc-arrow"}]}
RESULT: undefined
COMMAND: POST /session/b4f8750b6ab9764d379b715c7854fdbf/element - {"using":"xpath","value":"//*[@id=\"application-managepricingrules-display-component---newInfoPriceItem--priceProc-arrow\"]"}
RESULT: {}
RESULT: {"using":"xpath","value":"//*[@id=\"application-managepricingrules-display-component---newInfoPriceItem--priceProc-arrow\"]"}
COMMAND: POST /session/b4f8750b6ab9764d379b715c7854fdbf/element/f.8850BFF0213FDAA0CDBB6DAFAFD06CF5.d.A772B14E1BECD6B2D5864500F5CC20E6.e.15959/click - {}
RESULT: {}
COMMAND: POST /session/b4f8750b6ab9764d379b715c7854fdbf/element - {"using":"xpath","value":"//span[contains(text(), \"TBS - Time based standard\")]"}
COMMAND: GET /session/b4f8750b6ab9764d379b715c7854fdbf/screenshot - {}
RESULT: {"using":"xpath","value":"//span[contains(text(), \"TBS - Time based standard\")]"}
COMMAND: POST /session/b4f8750b6ab9764d379b715c7854fdbf/element/f.8850BFF0213FDAA0CDBB6DAFAFD06CF5.d.A772B14E1BECD6B2D5864500F5CC20E6.e.15996/click - {}
RESULT: {}
RESULT: {}
COMMAND: POST /session/b4f8750b6ab9764d379b715c7854fdbf/execute/async - {"script":"<script> [1562 bytes]","args":[{"selector":{"id":"application-managepricingrules-display-component---newInfoPriceItem--calcBase-arrow"},"wdio_ui5_key":"applicationmanagepricingrules-display-component---newInfoPriceItem--calcBase-arrow"}]}
COMMAND: GET /session/b4f8750b6ab9764d379b715c7854fdbf/screenshot - {}
RESULT: {"script":"<script> [1562 bytes]","args":[{"selector":{"id":"application-managepricingrules-display-component---newInfoPriceItem--calcBase-arrow"},"wdio_ui5_key":"applicationmanagepricingrules-display-component---newInfoPriceItem--calcBase-arrow"}]}
RESULT: undefined
COMMAND: POST /session/b4f8750b6ab9764d379b715c7854fdbf/element - {"using":"xpath","value":"//*[@id=\"application-managepricingrules-display-component---newInfoPriceItem--calcBase-arrow\"]"}
RESULT: {}
RESULT: {"using":"xpath","value":"//*[@id=\"application-managepricingrules-display-component---newInfoPriceItem--calcBase-arrow\"]"}
COMMAND: POST /session/b4f8750b6ab9764d379b715c7854fdbf/element/f.8850BFF0213FDAA0CDBB6DAFAFD06CF5.d.A772B14E1BECD6B2D5864500F5CC20E6.e.15966/click - {}
RESULT: {}
COMMAND: GET /session/b4f8750b6ab9764d379b715c7854fdbf/screenshot - {}
RESULT: {}
COMMAND: POST /session/b4f8750b6ab9764d379b715c7854fdbf/element - {"using":"xpath","value":"//span[contains(text(), \"0006 - TB(calendar days)\")]"}
RESULT: {"using":"xpath","value":"//span[contains(text(), \"0006 - TB(calendar days)\")]"}
COMMAND: POST /session/b4f8750b6ab9764d379b715c7854fdbf/element/f.8850BFF0213FDAA0CDBB6DAFAFD06CF5.d.A772B14E1BECD6B2D5864500F5CC20E6.e.15997/click - {}
RESULT: {}
COMMAND: GET /session/b4f8750b6ab9764d379b715c7854fdbf/screenshot - {}
RESULT: {}
COMMAND: POST /session/b4f8750b6ab9764d379b715c7854fdbf/execute/async - {"script":"<script> [1562 bytes]","args":[{"selector":{"id":"application-managepricingrules-display-component---newInfoPriceItem--daysMonth","interaction":{"idSuffix":"inner"}},"wdio_ui5_key":"applicationmanagepricingrules-display-component---newInfoPriceItem--daysMonth"}]}
RESULT: {"script":"<script> [1562 bytes]","args":[{"selector":{"id":"application-managepricingrules-display-component---newInfoPriceItem--daysMonth","interaction":{"idSuffix":"inner"}},"wdio_ui5_key":"applicationmanagepricingrules-display-component---newInfoPriceItem--daysMonth"}]}
RESULT: undefined
COMMAND: POST /session/b4f8750b6ab9764d379b715c7854fdbf/execute/async - {"script":"<script> [776 bytes]","args":[{"enterText":"30","selector":{"id":"application-managepricingrules-display-component---newInfoPriceItem--daysMonth","interaction":{"idSuffix":"inner"}},"clearTextFirst":true,"interactionType":"ENTER_TEXT"}]}
RESULT: {"script":"<script> [776 bytes]","args":[{"enterText":"30","selector":{"id":"application-managepricingrules-display-component---newInfoPriceItem--daysMonth","interaction":{"idSuffix":"inner"}},"clearTextFirst":true,"interactionType":"ENTER_TEXT"}]}
COMMAND: POST /session/b4f8750b6ab9764d379b715c7854fdbf/element - {"using":"xpath","value":"//button[@data-kt=\"saveNewRuleButton\"]"}
RESULT: {"using":"xpath","value":"//button[@data-kt=\"saveNewRuleButton\"]"}
COMMAND: POST /session/b4f8750b6ab9764d379b715c7854fdbf/element/f.8850BFF0213FDAA0CDBB6DAFAFD06CF5.d.A772B14E1BECD6B2D5864500F5CC20E6.e.15986/click - {}
RESULT: {}
COMMAND: GET /session/b4f8750b6ab9764d379b715c7854fdbf/screenshot - {}
RESULT: {}
COMMAND: POST /session/b4f8750b6ab9764d379b715c7854fdbf/execute/async - {"script":"<script> [1562 bytes]","args":[{"selector":{"id":"application-managepricingrules-display-component---priceInfoItem--smartFilterBar-btnBasicSearch","interaction":{"idSuffix":"I"}},"wdio_ui5_key":"applicationmanagepricingrules-display-component---priceInfoItem--smartFilterBar-btnBasicSearch"}]}
RESULT: {"script":"<script> [1562 bytes]","args":[{"selector":{"id":"application-managepricingrules-display-component---priceInfoItem--smartFilterBar-btnBasicSearch","interaction":{"idSuffix":"I"}},"wdio_ui5_key":"applicationmanagepricingrules-display-component---priceInfoItem--smartFilterBar-btnBasicSearch"}]}
RESULT: undefined
COMMAND: POST /session/b4f8750b6ab9764d379b715c7854fdbf/execute/async - {"script":"<script> [776 bytes]","args":[{"enterText":"iPnNHtX5qJ","selector":{"id":"application-managepricingrules-display-component---priceInfoItem--smartFilterBar-btnBasicSearch","interaction":{"idSuffix":"I"}},"clearTextFirst":true,"interactionType":"ENTER_TEXT"}]}
RESULT: {"script":"<script> [776 bytes]","args":[{"enterText":"iPnNHtX5qJ","selector":{"id":"application-managepricingrules-display-component---priceInfoItem--smartFilterBar-btnBasicSearch","interaction":{"idSuffix":"I"}},"clearTextFirst":true,"interactionType":"ENTER_TEXT"}]}
COMMAND: POST /session/b4f8750b6ab9764d379b715c7854fdbf/actions - {"actions":[{"id":"action50","type":"key","parameters":{},"actions":[{"type":"keyDown","value":""},{"type":"pause","duration":10},{"type":"keyUp","value":""}]}]}
RESULT: {"actions":[{"id":"action50","type":"key","parameters":{},"actions":[{"type":"keyDown","value":""},{"type":"pause","duration":10},{"type":"keyUp","value":""}]}]}
COMMAND: GET /session/b4f8750b6ab9764d379b715c7854fdbf/screenshot - {}
RESULT: {}
COMMAND: POST /session/b4f8750b6ab9764d379b715c7854fdbf/element - {"using":"xpath","value":"//span[@id=\"application-managepricingrules-display-component---priceInfoItem--smartTable-header-inner\"]"}
RESULT: {"using":"xpath","value":"//span[@id=\"application-managepricingrules-display-component---priceInfoItem--smartTable-header-inner\"]"}
COMMAND: POST /session/b4f8750b6ab9764d379b715c7854fdbf/elements - {"using":"xpath","value":"//span[@id=\"application-managepricingrules-display-component---priceInfoItem--smartTable-header-inner\"]"}
RESULT: {"using":"xpath","value":"//span[@id=\"application-managepricingrules-display-component---priceInfoItem--smartTable-header-inner\"]"}
COMMAND: POST /session/b4f8750b6ab9764d379b715c7854fdbf/execute/sync - {"script":"<script> [56 bytes]","args":[{"element-6066-11e4-a52e-4f735466cecf":"f.8850BFF0213FDAA0CDBB6DAFAFD06CF5.d.A772B14E1BECD6B2D5864500F5CC20E6.e.16025","ELEMENT":"f.8850BFF0213FDAA0CDBB6DAFAFD06CF5.d.A772B14E1BECD6B2D5864500F5CC20E6.e.16025"}]}
RESULT: {"script":"<script> [56 bytes]","args":[{"element-6066-11e4-a52e-4f735466cecf":"f.8850BFF0213FDAA0CDBB6DAFAFD06CF5.d.A772B14E1BECD6B2D5864500F5CC20E6.e.16025","ELEMENT":"f.8850BFF0213FDAA0CDBB6DAFAFD06CF5.d.A772B14E1BECD6B2D5864500F5CC20E6.e.16025"}]}
COMMAND: POST /session/b4f8750b6ab9764d379b715c7854fdbf/element - {"using":"css selector","value":"#shell-header-logo"}
COMMAND: GET /session/b4f8750b6ab9764d379b715c7854fdbf/screenshot - {}
RESULT: {"using":"css selector","value":"#shell-header-logo"}
COMMAND: POST /session/b4f8750b6ab9764d379b715c7854fdbf/element/f.8850BFF0213FDAA0CDBB6DAFAFD06CF5.d.A772B14E1BECD6B2D5864500F5CC20E6.e.15103/click - {}
RESULT: {}
RESULT: {}
COMMAND: GET /session/b4f8750b6ab9764d379b715c7854fdbf/screenshot - {}
RESULT: {}
]]></system-out>
    </testcase>
    <testcase classname="chrome.137_0_7151_69.windows.Billing_transfer_US117289" name="Should create new condition for equipment" time="73.281">
      <system-out><![CDATA[
COMMAND: POST /session/b4f8750b6ab9764d379b715c7854fdbf/execute/async - {"script":"<script> [1562 bytes]","args":[{"selector":{"controlType":"sap.m.GenericTile","properties":{"header":"Manage Conditions & Prices"}},"wdio_ui5_key":"sapm.GenericTile{\"header\":\"Manage Conditions & Prices\"}"}]}
RESULT: {"script":"<script> [1562 bytes]","args":[{"selector":{"controlType":"sap.m.GenericTile","properties":{"header":"Manage Conditions & Prices"}},"wdio_ui5_key":"sapm.GenericTile{\"header\":\"Manage Conditions & Prices\"}"}]}
RESULT: undefined
COMMAND: POST /session/b4f8750b6ab9764d379b715c7854fdbf/element - {"using":"xpath","value":"//*[@id=\"__tile55\"]"}
RESULT: {"using":"xpath","value":"//*[@id=\"__tile55\"]"}
COMMAND: POST /session/b4f8750b6ab9764d379b715c7854fdbf/element/f.8850BFF0213FDAA0CDBB6DAFAFD06CF5.d.A772B14E1BECD6B2D5864500F5CC20E6.e.15041/click - {}
RESULT: {}
COMMAND: GET /session/b4f8750b6ab9764d379b715c7854fdbf/screenshot - {}
COMMAND: POST /session/b4f8750b6ab9764d379b715c7854fdbf/elements - {"using":"xpath","value":"//span[text()='Error']"}
RESULT: {}
RESULT: {"using":"xpath","value":"//span[text()='Error']"}
COMMAND: POST /session/b4f8750b6ab9764d379b715c7854fdbf/element - {"using":"xpath","value":"//button[@aria-label=\"Create\"]"}
RESULT: {"using":"xpath","value":"//button[@aria-label=\"Create\"]"}
COMMAND: POST /session/b4f8750b6ab9764d379b715c7854fdbf/elements - {"using":"xpath","value":"//button[@aria-label=\"Create\"]"}
RESULT: {"using":"xpath","value":"//button[@aria-label=\"Create\"]"}
COMMAND: POST /session/b4f8750b6ab9764d379b715c7854fdbf/execute/sync - {"script":"<script> [8489 bytes]","args":[{"element-6066-11e4-a52e-4f735466cecf":"f.8850BFF0213FDAA0CDBB6DAFAFD06CF5.d.A772B14E1BECD6B2D5864500F5CC20E6.e.16060","ELEMENT":"f.8850BFF0213FDAA0CDBB6DAFAFD06CF5.d.A772B14E1BECD6B2D5864500F5CC20E6.e.16060"}]}
RESULT: {"script":"<script> [8489 bytes]","args":[{"element-6066-11e4-a52e-4f735466cecf":"f.8850BFF0213FDAA0CDBB6DAFAFD06CF5.d.A772B14E1BECD6B2D5864500F5CC20E6.e.16060","ELEMENT":"f.8850BFF0213FDAA0CDBB6DAFAFD06CF5.d.A772B14E1BECD6B2D5864500F5CC20E6.e.16060"}]}
COMMAND: GET /session/b4f8750b6ab9764d379b715c7854fdbf/element/f.8850BFF0213FDAA0CDBB6DAFAFD06CF5.d.A772B14E1BECD6B2D5864500F5CC20E6.e.16060/enabled - {}
COMMAND: GET /session/b4f8750b6ab9764d379b715c7854fdbf/screenshot - {}
RESULT: {}
COMMAND: POST /session/b4f8750b6ab9764d379b715c7854fdbf/execute/sync - {"script":"<script> [8489 bytes]","args":[{"element-6066-11e4-a52e-4f735466cecf":"f.8850BFF0213FDAA0CDBB6DAFAFD06CF5.d.A772B14E1BECD6B2D5864500F5CC20E6.e.16060","ELEMENT":"f.8850BFF0213FDAA0CDBB6DAFAFD06CF5.d.A772B14E1BECD6B2D5864500F5CC20E6.e.16060"}]}
COMMAND: GET /session/b4f8750b6ab9764d379b715c7854fdbf/screenshot - {}
RESULT: {}
RESULT: {"script":"<script> [8489 bytes]","args":[{"element-6066-11e4-a52e-4f735466cecf":"f.8850BFF0213FDAA0CDBB6DAFAFD06CF5.d.A772B14E1BECD6B2D5864500F5CC20E6.e.16060","ELEMENT":"f.8850BFF0213FDAA0CDBB6DAFAFD06CF5.d.A772B14E1BECD6B2D5864500F5CC20E6.e.16060"}]}
COMMAND: POST /session/b4f8750b6ab9764d379b715c7854fdbf/execute/sync - {"script":"<script> [5351 bytes]","args":[{"element-6066-11e4-a52e-4f735466cecf":"f.8850BFF0213FDAA0CDBB6DAFAFD06CF5.d.A772B14E1BECD6B2D5864500F5CC20E6.e.16060","ELEMENT":"f.8850BFF0213FDAA0CDBB6DAFAFD06CF5.d.A772B14E1BECD6B2D5864500F5CC20E6.e.16060"}]}
COMMAND: GET /session/b4f8750b6ab9764d379b715c7854fdbf/screenshot - {}
RESULT: {}
RESULT: {"script":"<script> [5351 bytes]","args":[{"element-6066-11e4-a52e-4f735466cecf":"f.8850BFF0213FDAA0CDBB6DAFAFD06CF5.d.A772B14E1BECD6B2D5864500F5CC20E6.e.16060","ELEMENT":"f.8850BFF0213FDAA0CDBB6DAFAFD06CF5.d.A772B14E1BECD6B2D5864500F5CC20E6.e.16060"}]}
COMMAND: POST /session/b4f8750b6ab9764d379b715c7854fdbf/element/f.8850BFF0213FDAA0CDBB6DAFAFD06CF5.d.A772B14E1BECD6B2D5864500F5CC20E6.e.16060/click - {}
COMMAND: GET /session/b4f8750b6ab9764d379b715c7854fdbf/screenshot - {}
RESULT: {}
RESULT: {}
COMMAND: GET /session/b4f8750b6ab9764d379b715c7854fdbf/screenshot - {}
RESULT: {}
RESULT: {}
COMMAND: POST /session/b4f8750b6ab9764d379b715c7854fdbf/actions - {"actions":[{"id":"action51","type":"key","parameters":{},"actions":[{"type":"keyDown","value":""},{"type":"pause","duration":10},{"type":"keyUp","value":""}]}]}
RESULT: {"actions":[{"id":"action51","type":"key","parameters":{},"actions":[{"type":"keyDown","value":""},{"type":"pause","duration":10},{"type":"keyUp","value":""}]}]}
COMMAND: GET /session/b4f8750b6ab9764d379b715c7854fdbf/screenshot - {}
RESULT: {}
COMMAND: POST /session/b4f8750b6ab9764d379b715c7854fdbf/execute/async - {"script":"<script> [1562 bytes]","args":[{"selector":{"id":"application-manageconditionprice-display-component---newCondition--condBillCond-arrow"},"wdio_ui5_key":"applicationmanageconditionprice-display-component---newCondition--condBillCond-arrow"}]}
RESULT: {"script":"<script> [1562 bytes]","args":[{"selector":{"id":"application-manageconditionprice-display-component---newCondition--condBillCond-arrow"},"wdio_ui5_key":"applicationmanageconditionprice-display-component---newCondition--condBillCond-arrow"}]}
RESULT: undefined
COMMAND: POST /session/b4f8750b6ab9764d379b715c7854fdbf/element - {"using":"xpath","value":"//*[@id=\"application-manageconditionprice-display-component---newCondition--condBillCond-arrow\"]"}
RESULT: {"using":"xpath","value":"//*[@id=\"application-manageconditionprice-display-component---newCondition--condBillCond-arrow\"]"}
COMMAND: POST /session/b4f8750b6ab9764d379b715c7854fdbf/element/f.8850BFF0213FDAA0CDBB6DAFAFD06CF5.d.A772B14E1BECD6B2D5864500F5CC20E6.e.16234/click - {}
RESULT: {}
COMMAND: GET /session/b4f8750b6ab9764d379b715c7854fdbf/screenshot - {}
RESULT: {}
COMMAND: POST /session/b4f8750b6ab9764d379b715c7854fdbf/element - {"using":"xpath","value":"//li[.//span[contains(text(), \"DISP - D&I special price\")]]"}
RESULT: {"using":"xpath","value":"//li[.//span[contains(text(), \"DISP - D&I special price\")]]"}
COMMAND: POST /session/b4f8750b6ab9764d379b715c7854fdbf/element/f.8850BFF0213FDAA0CDBB6DAFAFD06CF5.d.A772B14E1BECD6B2D5864500F5CC20E6.e.16238/click - {}
RESULT: {}
COMMAND: GET /session/b4f8750b6ab9764d379b715c7854fdbf/screenshot - {}
RESULT: {}
COMMAND: POST /session/b4f8750b6ab9764d379b715c7854fdbf/execute/async - {"script":"<script> [1562 bytes]","args":[{"selector":{"id":"application-manageconditionprice-display-component---newCondition--condValidTo","interaction":{"idSuffix":"inner"}},"wdio_ui5_key":"applicationmanageconditionprice-display-component---newCondition--condValidTo"}]}
RESULT: {"script":"<script> [1562 bytes]","args":[{"selector":{"id":"application-manageconditionprice-display-component---newCondition--condValidTo","interaction":{"idSuffix":"inner"}},"wdio_ui5_key":"applicationmanageconditionprice-display-component---newCondition--condValidTo"}]}
RESULT: undefined
COMMAND: POST /session/b4f8750b6ab9764d379b715c7854fdbf/execute/async - {"script":"<script> [776 bytes]","args":[{"enterText":"2/13/26","selector":{"id":"application-manageconditionprice-display-component---newCondition--condValidTo","interaction":{"idSuffix":"inner"}},"clearTextFirst":true,"interactionType":"ENTER_TEXT"}]}
RESULT: {"script":"<script> [776 bytes]","args":[{"enterText":"2/13/26","selector":{"id":"application-manageconditionprice-display-component---newCondition--condValidTo","interaction":{"idSuffix":"inner"}},"clearTextFirst":true,"interactionType":"ENTER_TEXT"}]}
COMMAND: POST /session/b4f8750b6ab9764d379b715c7854fdbf/element - {"using":"xpath","value":"//input[@id=\"application-manageconditionprice-display-component---newCondition--condRU-inner\"]"}
RESULT: {"using":"xpath","value":"//input[@id=\"application-manageconditionprice-display-component---newCondition--condRU-inner\"]"}
COMMAND: POST /session/b4f8750b6ab9764d379b715c7854fdbf/element/f.8850BFF0213FDAA0CDBB6DAFAFD06CF5.d.A772B14E1BECD6B2D5864500F5CC20E6.e.16104/clear - {}
RESULT: {}
COMMAND: POST /session/b4f8750b6ab9764d379b715c7854fdbf/element/f.8850BFF0213FDAA0CDBB6DAFAFD06CF5.d.A772B14E1BECD6B2D5864500F5CC20E6.e.16104/value - {"text":"iPnNHtX5qJ"}
COMMAND: GET /session/b4f8750b6ab9764d379b715c7854fdbf/screenshot - {}
RESULT: {"text":"iPnNHtX5qJ"}
COMMAND: GET /session/b4f8750b6ab9764d379b715c7854fdbf/screenshot - {}
RESULT: {}
RESULT: {}
COMMAND: POST /session/b4f8750b6ab9764d379b715c7854fdbf/actions - {"actions":[{"id":"action52","type":"key","parameters":{},"actions":[{"type":"keyDown","value":""},{"type":"pause","duration":10},{"type":"keyUp","value":""}]}]}
RESULT: {"actions":[{"id":"action52","type":"key","parameters":{},"actions":[{"type":"keyDown","value":""},{"type":"pause","duration":10},{"type":"keyUp","value":""}]}]}
COMMAND: POST /session/b4f8750b6ab9764d379b715c7854fdbf/execute/async - {"script":"<script> [1562 bytes]","args":[{"selector":{"id":"application-manageconditionprice-display-component---newCondition--condBaseQty","interaction":{"idSuffix":"inner"}},"wdio_ui5_key":"applicationmanageconditionprice-display-component---newCondition--condBaseQty"}]}
COMMAND: GET /session/b4f8750b6ab9764d379b715c7854fdbf/screenshot - {}
RESULT: {"script":"<script> [1562 bytes]","args":[{"selector":{"id":"application-manageconditionprice-display-component---newCondition--condBaseQty","interaction":{"idSuffix":"inner"}},"wdio_ui5_key":"applicationmanageconditionprice-display-component---newCondition--condBaseQty"}]}
RESULT: undefined
COMMAND: POST /session/b4f8750b6ab9764d379b715c7854fdbf/execute/async - {"script":"<script> [776 bytes]","args":[{"enterText":"1","selector":{"id":"application-manageconditionprice-display-component---newCondition--condBaseQty","interaction":{"idSuffix":"inner"}},"clearTextFirst":true,"interactionType":"ENTER_TEXT"}]}
RESULT: {}
RESULT: {"script":"<script> [776 bytes]","args":[{"enterText":"1","selector":{"id":"application-manageconditionprice-display-component---newCondition--condBaseQty","interaction":{"idSuffix":"inner"}},"clearTextFirst":true,"interactionType":"ENTER_TEXT"}]}
COMMAND: POST /session/b4f8750b6ab9764d379b715c7854fdbf/execute/async - {"script":"<script> [1562 bytes]","args":[{"selector":{"id":"application-manageconditionprice-display-component---newCondition--condValue","interaction":{"idSuffix":"inner"}},"wdio_ui5_key":"applicationmanageconditionprice-display-component---newCondition--condValue"}]}
RESULT: {"script":"<script> [1562 bytes]","args":[{"selector":{"id":"application-manageconditionprice-display-component---newCondition--condValue","interaction":{"idSuffix":"inner"}},"wdio_ui5_key":"applicationmanageconditionprice-display-component---newCondition--condValue"}]}
RESULT: undefined
COMMAND: POST /session/b4f8750b6ab9764d379b715c7854fdbf/execute/async - {"script":"<script> [776 bytes]","args":[{"enterText":"100","selector":{"id":"application-manageconditionprice-display-component---newCondition--condValue","interaction":{"idSuffix":"inner"}},"clearTextFirst":true,"interactionType":"ENTER_TEXT"}]}
RESULT: {"script":"<script> [776 bytes]","args":[{"enterText":"100","selector":{"id":"application-manageconditionprice-display-component---newCondition--condValue","interaction":{"idSuffix":"inner"}},"clearTextFirst":true,"interactionType":"ENTER_TEXT"}]}
COMMAND: POST /session/b4f8750b6ab9764d379b715c7854fdbf/execute/async - {"script":"<script> [1562 bytes]","args":[{"selector":{"id":"application-manageconditionprice-display-component---newCondition--condCurr-arrow"},"wdio_ui5_key":"applicationmanageconditionprice-display-component---newCondition--condCurr-arrow"}]}
RESULT: {"script":"<script> [1562 bytes]","args":[{"selector":{"id":"application-manageconditionprice-display-component---newCondition--condCurr-arrow"},"wdio_ui5_key":"applicationmanageconditionprice-display-component---newCondition--condCurr-arrow"}]}
RESULT: undefined
COMMAND: POST /session/b4f8750b6ab9764d379b715c7854fdbf/element - {"using":"xpath","value":"//*[@id=\"application-manageconditionprice-display-component---newCondition--condCurr-arrow\"]"}
RESULT: {"using":"xpath","value":"//*[@id=\"application-manageconditionprice-display-component---newCondition--condCurr-arrow\"]"}
COMMAND: POST /session/b4f8750b6ab9764d379b715c7854fdbf/element/f.8850BFF0213FDAA0CDBB6DAFAFD06CF5.d.A772B14E1BECD6B2D5864500F5CC20E6.e.16202/click - {}
RESULT: {}
COMMAND: POST /session/b4f8750b6ab9764d379b715c7854fdbf/element - {"using":"xpath","value":"//span[contains(text(), \"Euro\")]"}
COMMAND: GET /session/b4f8750b6ab9764d379b715c7854fdbf/screenshot - {}
RESULT: {"using":"xpath","value":"//span[contains(text(), \"Euro\")]"}
COMMAND: POST /session/b4f8750b6ab9764d379b715c7854fdbf/element/f.8850BFF0213FDAA0CDBB6DAFAFD06CF5.d.A772B14E1BECD6B2D5864500F5CC20E6.e.16273/click - {}
RESULT: {}
RESULT: {}
COMMAND: POST /session/b4f8750b6ab9764d379b715c7854fdbf/element - {"using":"xpath","value":"//button[@data-kt=\"saveButton\"]"}
COMMAND: GET /session/b4f8750b6ab9764d379b715c7854fdbf/screenshot - {}
RESULT: {"using":"xpath","value":"//button[@data-kt=\"saveButton\"]"}
COMMAND: POST /session/b4f8750b6ab9764d379b715c7854fdbf/element/f.8850BFF0213FDAA0CDBB6DAFAFD06CF5.d.A772B14E1BECD6B2D5864500F5CC20E6.e.16203/click - {}
RESULT: {}
RESULT: {}
COMMAND: GET /session/b4f8750b6ab9764d379b715c7854fdbf/screenshot - {}
RESULT: {}
COMMAND: POST /session/b4f8750b6ab9764d379b715c7854fdbf/execute/async - {"script":"<script> [1562 bytes]","args":[{"selector":{"id":"application-manageconditionprice-display-component---conditions--smartFilterBar-btnBasicSearch","interaction":{"idSuffix":"I"}},"wdio_ui5_key":"applicationmanageconditionprice-display-component---conditions--smartFilterBar-btnBasicSearch"}]}
RESULT: {"script":"<script> [1562 bytes]","args":[{"selector":{"id":"application-manageconditionprice-display-component---conditions--smartFilterBar-btnBasicSearch","interaction":{"idSuffix":"I"}},"wdio_ui5_key":"applicationmanageconditionprice-display-component---conditions--smartFilterBar-btnBasicSearch"}]}
RESULT: undefined
COMMAND: POST /session/b4f8750b6ab9764d379b715c7854fdbf/execute/async - {"script":"<script> [776 bytes]","args":[{"enterText":"iPnNHtX5qJ","selector":{"id":"application-manageconditionprice-display-component---conditions--smartFilterBar-btnBasicSearch","interaction":{"idSuffix":"I"}},"clearTextFirst":true,"interactionType":"ENTER_TEXT"}]}
RESULT: {"script":"<script> [776 bytes]","args":[{"enterText":"iPnNHtX5qJ","selector":{"id":"application-manageconditionprice-display-component---conditions--smartFilterBar-btnBasicSearch","interaction":{"idSuffix":"I"}},"clearTextFirst":true,"interactionType":"ENTER_TEXT"}]}
COMMAND: POST /session/b4f8750b6ab9764d379b715c7854fdbf/actions - {"actions":[{"id":"action53","type":"key","parameters":{},"actions":[{"type":"keyDown","value":""},{"type":"pause","duration":10},{"type":"keyUp","value":""}]}]}
RESULT: {"actions":[{"id":"action53","type":"key","parameters":{},"actions":[{"type":"keyDown","value":""},{"type":"pause","duration":10},{"type":"keyUp","value":""}]}]}
COMMAND: GET /session/b4f8750b6ab9764d379b715c7854fdbf/screenshot - {}
RESULT: {}
COMMAND: POST /session/b4f8750b6ab9764d379b715c7854fdbf/execute/async - {"script":"<script> [1562 bytes]","args":[{"selector":{"id":"application-manageconditionprice-display-component---conditions--smartFilterBar-filterItemControl_BASIC-BILL_TYPES-vhi"},"wdio_ui5_key":"applicationmanageconditionprice-display-component---conditions--smartFilterBar-filterItemControl_BASIC-BILL_TYPES-vhi"}]}
RESULT: {"script":"<script> [1562 bytes]","args":[{"selector":{"id":"application-manageconditionprice-display-component---conditions--smartFilterBar-filterItemControl_BASIC-BILL_TYPES-vhi"},"wdio_ui5_key":"applicationmanageconditionprice-display-component---conditions--smartFilterBar-filterItemControl_BASIC-BILL_TYPES-vhi"}]}
RESULT: undefined
COMMAND: POST /session/b4f8750b6ab9764d379b715c7854fdbf/element - {"using":"xpath","value":"//*[@id=\"application-manageconditionprice-display-component---conditions--smartFilterBar-filterItemControl_BASIC-BILL_TYPES-vhi\"]"}
RESULT: {"using":"xpath","value":"//*[@id=\"application-manageconditionprice-display-component---conditions--smartFilterBar-filterItemControl_BASIC-BILL_TYPES-vhi\"]"}
COMMAND: POST /session/b4f8750b6ab9764d379b715c7854fdbf/element/f.8850BFF0213FDAA0CDBB6DAFAFD06CF5.d.A772B14E1BECD6B2D5864500F5CC20E6.e.16379/click - {}
RESULT: {}
COMMAND: POST /session/b4f8750b6ab9764d379b715c7854fdbf/execute/async - {"script":"<script> [1562 bytes]","args":[{"selector":{"id":"application-manageconditionprice-display-component---conditions--smartFilterBar-filterItemControl_BASIC-BILL_TYPES-valueHelpDialog-smartFilterBar-btnBasicSearch","searchOpenDialogs":true,"interaction":{"idSuffix":"I"}},"wdio_ui5_key":"applicationmanageconditionprice-display-component---conditions--smartFilterBar-filterItemControl_BASIC-BILL_TYPES-valueHelpDialog-smartFilterBar-btnBasicSearch"}]}
COMMAND: GET /session/b4f8750b6ab9764d379b715c7854fdbf/screenshot - {}
RESULT: {"script":"<script> [1562 bytes]","args":[{"selector":{"id":"application-manageconditionprice-display-component---conditions--smartFilterBar-filterItemControl_BASIC-BILL_TYPES-valueHelpDialog-smartFilterBar-btnBasicSearch","searchOpenDialogs":true,"interaction":{"idSuffix":"I"}},"wdio_ui5_key":"applicationmanageconditionprice-display-component---conditions--smartFilterBar-filterItemControl_BASIC-BILL_TYPES-valueHelpDialog-smartFilterBar-btnBasicSearch"}]}
RESULT: undefined
COMMAND: POST /session/b4f8750b6ab9764d379b715c7854fdbf/execute/async - {"script":"<script> [776 bytes]","args":[{"enterText":"TB","selector":{"id":"application-manageconditionprice-display-component---conditions--smartFilterBar-filterItemControl_BASIC-BILL_TYPES-valueHelpDialog-smartFilterBar-btnBasicSearch","searchOpenDialogs":true,"interaction":{"idSuffix":"I"}},"clearTextFirst":true,"interactionType":"ENTER_TEXT"}]}
RESULT: {}
RESULT: {"script":"<script> [776 bytes]","args":[{"enterText":"TB","selector":{"id":"application-manageconditionprice-display-component---conditions--smartFilterBar-filterItemControl_BASIC-BILL_TYPES-valueHelpDialog-smartFilterBar-btnBasicSearch","searchOpenDialogs":true,"interaction":{"idSuffix":"I"}},"clearTextFirst":true,"interactionType":"ENTER_TEXT"}]}
COMMAND: POST /session/b4f8750b6ab9764d379b715c7854fdbf/actions - {"actions":[{"id":"action54","type":"key","parameters":{},"actions":[{"type":"keyDown","value":""},{"type":"pause","duration":10},{"type":"keyUp","value":""}]}]}
RESULT: {"actions":[{"id":"action54","type":"key","parameters":{},"actions":[{"type":"keyDown","value":""},{"type":"pause","duration":10},{"type":"keyUp","value":""}]}]}
COMMAND: GET /session/b4f8750b6ab9764d379b715c7854fdbf/screenshot - {}
RESULT: {}
COMMAND: POST /session/b4f8750b6ab9764d379b715c7854fdbf/element - {"using":"xpath","value":"//div[contains(@id, 'application-manageconditionprice-display-component---conditions--smartFilterBar-filterItemControl_BASIC-BILL_TYPES-valueHelpDialog-table-rowsel0')]"}
RESULT: {"using":"xpath","value":"//div[contains(@id, 'application-manageconditionprice-display-component---conditions--smartFilterBar-filterItemControl_BASIC-BILL_TYPES-valueHelpDialog-table-rowsel0')]"}
COMMAND: POST /session/b4f8750b6ab9764d379b715c7854fdbf/element/f.8850BFF0213FDAA0CDBB6DAFAFD06CF5.d.A772B14E1BECD6B2D5864500F5CC20E6.e.16388/click - {}
RESULT: {}
COMMAND: GET /session/b4f8750b6ab9764d379b715c7854fdbf/screenshot - {}
RESULT: {}
COMMAND: POST /session/b4f8750b6ab9764d379b715c7854fdbf/element - {"using":"xpath","value":"//bdi[contains(text(), \"OK\")]"}
RESULT: {"using":"xpath","value":"//bdi[contains(text(), \"OK\")]"}
COMMAND: POST /session/b4f8750b6ab9764d379b715c7854fdbf/element/f.8850BFF0213FDAA0CDBB6DAFAFD06CF5.d.A772B14E1BECD6B2D5864500F5CC20E6.e.16390/click - {}
RESULT: {}
COMMAND: GET /session/b4f8750b6ab9764d379b715c7854fdbf/screenshot - {}
RESULT: {}
COMMAND: POST /session/b4f8750b6ab9764d379b715c7854fdbf/element - {"using":"xpath","value":"//span[@id=\"application-manageconditionprice-display-component---conditions--smartTable-header-inner\"]"}
RESULT: {"using":"xpath","value":"//span[@id=\"application-manageconditionprice-display-component---conditions--smartTable-header-inner\"]"}
COMMAND: POST /session/b4f8750b6ab9764d379b715c7854fdbf/elements - {"using":"xpath","value":"//span[@id=\"application-manageconditionprice-display-component---conditions--smartTable-header-inner\"]"}
RESULT: {"using":"xpath","value":"//span[@id=\"application-manageconditionprice-display-component---conditions--smartTable-header-inner\"]"}
COMMAND: POST /session/b4f8750b6ab9764d379b715c7854fdbf/execute/sync - {"script":"<script> [56 bytes]","args":[{"element-6066-11e4-a52e-4f735466cecf":"f.8850BFF0213FDAA0CDBB6DAFAFD06CF5.d.A772B14E1BECD6B2D5864500F5CC20E6.e.16393","ELEMENT":"f.8850BFF0213FDAA0CDBB6DAFAFD06CF5.d.A772B14E1BECD6B2D5864500F5CC20E6.e.16393"}]}
RESULT: {"script":"<script> [56 bytes]","args":[{"element-6066-11e4-a52e-4f735466cecf":"f.8850BFF0213FDAA0CDBB6DAFAFD06CF5.d.A772B14E1BECD6B2D5864500F5CC20E6.e.16393","ELEMENT":"f.8850BFF0213FDAA0CDBB6DAFAFD06CF5.d.A772B14E1BECD6B2D5864500F5CC20E6.e.16393"}]}
COMMAND: POST /session/b4f8750b6ab9764d379b715c7854fdbf/element - {"using":"css selector","value":"#shell-header-logo"}
COMMAND: GET /session/b4f8750b6ab9764d379b715c7854fdbf/screenshot - {}
RESULT: {"using":"css selector","value":"#shell-header-logo"}
COMMAND: POST /session/b4f8750b6ab9764d379b715c7854fdbf/element/f.8850BFF0213FDAA0CDBB6DAFAFD06CF5.d.A772B14E1BECD6B2D5864500F5CC20E6.e.16028/click - {}
RESULT: {}
RESULT: {}
COMMAND: GET /session/b4f8750b6ab9764d379b715c7854fdbf/screenshot - {}
RESULT: {}
]]></system-out>
    </testcase>
    <testcase classname="chrome.137_0_7151_69.windows.Billing_transfer_US117289" name="Should do a stock increase" time="95.065">
      <system-out><![CDATA[
COMMAND: POST /session/b4f8750b6ab9764d379b715c7854fdbf/execute/async - {"script":"<script> [1562 bytes]","args":[{"selector":{"controlType":"sap.m.GenericTile","properties":{"header":"Manage Handovers"}},"wdio_ui5_key":"sapm.GenericTile{\"header\":\"Manage Handovers\"}"}]}
RESULT: {"script":"<script> [1562 bytes]","args":[{"selector":{"controlType":"sap.m.GenericTile","properties":{"header":"Manage Handovers"}},"wdio_ui5_key":"sapm.GenericTile{\"header\":\"Manage Handovers\"}"}]}
RESULT: undefined
COMMAND: POST /session/b4f8750b6ab9764d379b715c7854fdbf/element - {"using":"xpath","value":"//*[@id=\"__tile132\"]"}
RESULT: {"using":"xpath","value":"//*[@id=\"__tile132\"]"}
COMMAND: POST /session/b4f8750b6ab9764d379b715c7854fdbf/element/f.8850BFF0213FDAA0CDBB6DAFAFD06CF5.d.A772B14E1BECD6B2D5864500F5CC20E6.e.15079/click - {}
RESULT: {}
COMMAND: GET /session/b4f8750b6ab9764d379b715c7854fdbf/screenshot - {}
RESULT: {}
COMMAND: POST /session/b4f8750b6ab9764d379b715c7854fdbf/elements - {"using":"xpath","value":"//span[text()='Error']"}
RESULT: {"using":"xpath","value":"//span[text()='Error']"}
COMMAND: POST /session/b4f8750b6ab9764d379b715c7854fdbf/element - {"using":"xpath","value":"//button[@data-kt=\"masterHOAddButton\"]"}
RESULT: {"using":"xpath","value":"//button[@data-kt=\"masterHOAddButton\"]"}
COMMAND: POST /session/b4f8750b6ab9764d379b715c7854fdbf/elements - {"using":"xpath","value":"//button[@data-kt=\"masterHOAddButton\"]"}
RESULT: {"using":"xpath","value":"//button[@data-kt=\"masterHOAddButton\"]"}
COMMAND: POST /session/b4f8750b6ab9764d379b715c7854fdbf/execute/sync - {"script":"<script> [8489 bytes]","args":[{"element-6066-11e4-a52e-4f735466cecf":"f.8850BFF0213FDAA0CDBB6DAFAFD06CF5.d.A772B14E1BECD6B2D5864500F5CC20E6.e.16434","ELEMENT":"f.8850BFF0213FDAA0CDBB6DAFAFD06CF5.d.A772B14E1BECD6B2D5864500F5CC20E6.e.16434"}]}
RESULT: {"script":"<script> [8489 bytes]","args":[{"element-6066-11e4-a52e-4f735466cecf":"f.8850BFF0213FDAA0CDBB6DAFAFD06CF5.d.A772B14E1BECD6B2D5864500F5CC20E6.e.16434","ELEMENT":"f.8850BFF0213FDAA0CDBB6DAFAFD06CF5.d.A772B14E1BECD6B2D5864500F5CC20E6.e.16434"}]}
COMMAND: GET /session/b4f8750b6ab9764d379b715c7854fdbf/element/f.8850BFF0213FDAA0CDBB6DAFAFD06CF5.d.A772B14E1BECD6B2D5864500F5CC20E6.e.16434/enabled - {}
COMMAND: GET /session/b4f8750b6ab9764d379b715c7854fdbf/screenshot - {}
RESULT: {}
COMMAND: POST /session/b4f8750b6ab9764d379b715c7854fdbf/execute/sync - {"script":"<script> [8489 bytes]","args":[{"element-6066-11e4-a52e-4f735466cecf":"f.8850BFF0213FDAA0CDBB6DAFAFD06CF5.d.A772B14E1BECD6B2D5864500F5CC20E6.e.16434","ELEMENT":"f.8850BFF0213FDAA0CDBB6DAFAFD06CF5.d.A772B14E1BECD6B2D5864500F5CC20E6.e.16434"}]}
COMMAND: GET /session/b4f8750b6ab9764d379b715c7854fdbf/screenshot - {}
RESULT: {}
RESULT: {"script":"<script> [8489 bytes]","args":[{"element-6066-11e4-a52e-4f735466cecf":"f.8850BFF0213FDAA0CDBB6DAFAFD06CF5.d.A772B14E1BECD6B2D5864500F5CC20E6.e.16434","ELEMENT":"f.8850BFF0213FDAA0CDBB6DAFAFD06CF5.d.A772B14E1BECD6B2D5864500F5CC20E6.e.16434"}]}
COMMAND: POST /session/b4f8750b6ab9764d379b715c7854fdbf/execute/sync - {"script":"<script> [5351 bytes]","args":[{"element-6066-11e4-a52e-4f735466cecf":"f.8850BFF0213FDAA0CDBB6DAFAFD06CF5.d.A772B14E1BECD6B2D5864500F5CC20E6.e.16434","ELEMENT":"f.8850BFF0213FDAA0CDBB6DAFAFD06CF5.d.A772B14E1BECD6B2D5864500F5CC20E6.e.16434"}]}
COMMAND: GET /session/b4f8750b6ab9764d379b715c7854fdbf/screenshot - {}
RESULT: {}
RESULT: {"script":"<script> [5351 bytes]","args":[{"element-6066-11e4-a52e-4f735466cecf":"f.8850BFF0213FDAA0CDBB6DAFAFD06CF5.d.A772B14E1BECD6B2D5864500F5CC20E6.e.16434","ELEMENT":"f.8850BFF0213FDAA0CDBB6DAFAFD06CF5.d.A772B14E1BECD6B2D5864500F5CC20E6.e.16434"}]}
COMMAND: POST /session/b4f8750b6ab9764d379b715c7854fdbf/element/f.8850BFF0213FDAA0CDBB6DAFAFD06CF5.d.A772B14E1BECD6B2D5864500F5CC20E6.e.16434/click - {}
COMMAND: GET /session/b4f8750b6ab9764d379b715c7854fdbf/screenshot - {}
RESULT: {}
RESULT: {}
COMMAND: GET /session/b4f8750b6ab9764d379b715c7854fdbf/screenshot - {}
RESULT: {}
RESULT: {}
COMMAND: POST /session/b4f8750b6ab9764d379b715c7854fdbf/element - {"using":"xpath","value":"//span[contains(@id ,\"AddNewHO--typeSelect-arrow\")]"}
RESULT: {"using":"xpath","value":"//span[contains(@id ,\"AddNewHO--typeSelect-arrow\")]"}
COMMAND: POST /session/b4f8750b6ab9764d379b715c7854fdbf/element/f.8850BFF0213FDAA0CDBB6DAFAFD06CF5.d.A772B14E1BECD6B2D5864500F5CC20E6.e.16774/click - {}
RESULT: {}
COMMAND: GET /session/b4f8750b6ab9764d379b715c7854fdbf/screenshot - {}
RESULT: {}
COMMAND: POST /session/b4f8750b6ab9764d379b715c7854fdbf/element - {"using":"xpath","value":"(//li[contains(text(), \"stock increase yard\")])[1]"}
RESULT: {"using":"xpath","value":"(//li[contains(text(), \"stock increase yard\")])[1]"}
COMMAND: POST /session/b4f8750b6ab9764d379b715c7854fdbf/element/f.8850BFF0213FDAA0CDBB6DAFAFD06CF5.d.A772B14E1BECD6B2D5864500F5CC20E6.e.16775/click - {}
RESULT: {}
COMMAND: GET /session/b4f8750b6ab9764d379b715c7854fdbf/screenshot - {}
RESULT: {}
COMMAND: POST /session/b4f8750b6ab9764d379b715c7854fdbf/execute/async - {"script":"<script> [1562 bytes]","args":[{"selector":{"id":"application-managehandovers-display-component---AddNewHO--dueDate","interaction":{"idSuffix":"inner"}},"wdio_ui5_key":"applicationmanagehandovers-display-component---AddNewHO--dueDate"}]}
RESULT: {"script":"<script> [1562 bytes]","args":[{"selector":{"id":"application-managehandovers-display-component---AddNewHO--dueDate","interaction":{"idSuffix":"inner"}},"wdio_ui5_key":"applicationmanagehandovers-display-component---AddNewHO--dueDate"}]}
RESULT: undefined
COMMAND: POST /session/b4f8750b6ab9764d379b715c7854fdbf/execute/async - {"script":"<script> [6424 bytes]","args":[{"element-6066-11e4-a52e-4f735466cecf":"f.8850BFF0213FDAA0CDBB6DAFAFD06CF5.d.A772B14E1BECD6B2D5864500F5CC20E6.e.16777"},"setValue",["6/13/25"]]}
RESULT: {"script":"<script> [6424 bytes]","args":[{"element-6066-11e4-a52e-4f735466cecf":"f.8850BFF0213FDAA0CDBB6DAFAFD06CF5.d.A772B14E1BECD6B2D5864500F5CC20E6.e.16777"},"setValue",["6/13/25"]]}
COMMAND: POST /session/b4f8750b6ab9764d379b715c7854fdbf/element - {"using":"xpath","value":"//input[@id=\"generalSectionFrg--receiveYard-inner\"]"}
RESULT: {"using":"xpath","value":"//input[@id=\"generalSectionFrg--receiveYard-inner\"]"}
COMMAND: POST /session/b4f8750b6ab9764d379b715c7854fdbf/element/f.8850BFF0213FDAA0CDBB6DAFAFD06CF5.d.A772B14E1BECD6B2D5864500F5CC20E6.e.16783/clear - {}
RESULT: {}
COMMAND: POST /session/b4f8750b6ab9764d379b715c7854fdbf/element/f.8850BFF0213FDAA0CDBB6DAFAFD06CF5.d.A772B14E1BECD6B2D5864500F5CC20E6.e.16783/value - {"text":"249"}
COMMAND: GET /session/b4f8750b6ab9764d379b715c7854fdbf/screenshot - {}
RESULT: {"text":"249"}
COMMAND: GET /session/b4f8750b6ab9764d379b715c7854fdbf/screenshot - {}
RESULT: {}
RESULT: {}
COMMAND: POST /session/b4f8750b6ab9764d379b715c7854fdbf/element - {"using":"xpath","value":"//li[.//span[contains(normalize-space(.), '249 -')]]"}
RESULT: {"using":"xpath","value":"//li[.//span[contains(normalize-space(.), '249 -')]]"}
COMMAND: POST /session/b4f8750b6ab9764d379b715c7854fdbf/element/f.8850BFF0213FDAA0CDBB6DAFAFD06CF5.d.A772B14E1BECD6B2D5864500F5CC20E6.e.16799/click - {}
RESULT: {}
COMMAND: GET /session/b4f8750b6ab9764d379b715c7854fdbf/screenshot - {}
RESULT: {}
COMMAND: POST /session/b4f8750b6ab9764d379b715c7854fdbf/execute/async - {"script":"<script> [1562 bytes]","args":[{"selector":{"id":"application-managehandovers-display-component---AddNewHO--ObjectPageLayout-anchBar-application-managehandovers-display-component---AddNewHO--section4-anchor","interaction":{"idSuffix":"BDI-content"}},"wdio_ui5_key":"applicationmanagehandovers-display-component---AddNewHO--ObjectPageLayout-anchBar-application-managehandovers-display-component---AddNewHO--section4-anchor"}]}
RESULT: {"script":"<script> [1562 bytes]","args":[{"selector":{"id":"application-managehandovers-display-component---AddNewHO--ObjectPageLayout-anchBar-application-managehandovers-display-component---AddNewHO--section4-anchor","interaction":{"idSuffix":"BDI-content"}},"wdio_ui5_key":"applicationmanagehandovers-display-component---AddNewHO--ObjectPageLayout-anchBar-application-managehandovers-display-component---AddNewHO--section4-anchor"}]}
RESULT: undefined
COMMAND: POST /session/b4f8750b6ab9764d379b715c7854fdbf/element - {"using":"xpath","value":"//*[@id=\"application-managehandovers-display-component---AddNewHO--ObjectPageLayout-anchBar-application-managehandovers-display-component---AddNewHO--section4-anchor\"]"}
RESULT: {"using":"xpath","value":"//*[@id=\"application-managehandovers-display-component---AddNewHO--ObjectPageLayout-anchBar-application-managehandovers-display-component---AddNewHO--section4-anchor\"]"}
COMMAND: POST /session/b4f8750b6ab9764d379b715c7854fdbf/element/f.8850BFF0213FDAA0CDBB6DAFAFD06CF5.d.A772B14E1BECD6B2D5864500F5CC20E6.e.16801/click - {}
RESULT: {}
COMMAND: GET /session/b4f8750b6ab9764d379b715c7854fdbf/screenshot - {}
RESULT: {}
COMMAND: POST /session/b4f8750b6ab9764d379b715c7854fdbf/element - {"using":"xpath","value":"//button[@aria-label=\"Add\"]"}
RESULT: {"using":"xpath","value":"//button[@aria-label=\"Add\"]"}
COMMAND: POST /session/b4f8750b6ab9764d379b715c7854fdbf/element/f.8850BFF0213FDAA0CDBB6DAFAFD06CF5.d.A772B14E1BECD6B2D5864500F5CC20E6.e.16805/click - {}
RESULT: {}
COMMAND: GET /session/b4f8750b6ab9764d379b715c7854fdbf/screenshot - {}
RESULT: {}
COMMAND: POST /session/b4f8750b6ab9764d379b715c7854fdbf/execute/async - {"script":"<script> [1562 bytes]","args":[{"selector":{"id":"application-managehandovers-display-component---AddNewHO--smartFilterBar-btnBasicSearch","searchOpenDialogs":true,"interaction":{"idSuffix":"I"}},"wdio_ui5_key":"applicationmanagehandovers-display-component---AddNewHO--smartFilterBar-btnBasicSearch"}]}
RESULT: {"script":"<script> [1562 bytes]","args":[{"selector":{"id":"application-managehandovers-display-component---AddNewHO--smartFilterBar-btnBasicSearch","searchOpenDialogs":true,"interaction":{"idSuffix":"I"}},"wdio_ui5_key":"applicationmanagehandovers-display-component---AddNewHO--smartFilterBar-btnBasicSearch"}]}
RESULT: undefined
COMMAND: POST /session/b4f8750b6ab9764d379b715c7854fdbf/execute/async - {"script":"<script> [776 bytes]","args":[{"enterText":"iPnNHtX5qJ","selector":{"id":"application-managehandovers-display-component---AddNewHO--smartFilterBar-btnBasicSearch","searchOpenDialogs":true,"interaction":{"idSuffix":"I"}},"clearTextFirst":true,"interactionType":"ENTER_TEXT"}]}
RESULT: {"script":"<script> [776 bytes]","args":[{"enterText":"iPnNHtX5qJ","selector":{"id":"application-managehandovers-display-component---AddNewHO--smartFilterBar-btnBasicSearch","searchOpenDialogs":true,"interaction":{"idSuffix":"I"}},"clearTextFirst":true,"interactionType":"ENTER_TEXT"}]}
COMMAND: POST /session/b4f8750b6ab9764d379b715c7854fdbf/actions - {"actions":[{"id":"action55","type":"key","parameters":{},"actions":[{"type":"keyDown","value":""},{"type":"pause","duration":10},{"type":"keyUp","value":""}]}]}
RESULT: {"actions":[{"id":"action55","type":"key","parameters":{},"actions":[{"type":"keyDown","value":""},{"type":"pause","duration":10},{"type":"keyUp","value":""}]}]}
COMMAND: GET /session/b4f8750b6ab9764d379b715c7854fdbf/screenshot - {}
RESULT: {}
COMMAND: POST /session/b4f8750b6ab9764d379b715c7854fdbf/execute/async - {"script":"<script> [1562 bytes]","args":[{"selector":{"id":"application-managehandovers-display-component---AddNewHO--popup-sa","searchOpenDialogs":true,"interaction":{"idSuffix":"CbBg"}},"wdio_ui5_key":"applicationmanagehandovers-display-component---AddNewHO--popup-sa"}]}
RESULT: {"script":"<script> [1562 bytes]","args":[{"selector":{"id":"application-managehandovers-display-component---AddNewHO--popup-sa","searchOpenDialogs":true,"interaction":{"idSuffix":"CbBg"}},"wdio_ui5_key":"applicationmanagehandovers-display-component---AddNewHO--popup-sa"}]}
RESULT: undefined
COMMAND: POST /session/b4f8750b6ab9764d379b715c7854fdbf/element - {"using":"xpath","value":"//*[@id=\"application-managehandovers-display-component---AddNewHO--popup-sa\"]"}
RESULT: {"using":"xpath","value":"//*[@id=\"application-managehandovers-display-component---AddNewHO--popup-sa\"]"}
COMMAND: POST /session/b4f8750b6ab9764d379b715c7854fdbf/element/f.8850BFF0213FDAA0CDBB6DAFAFD06CF5.d.A772B14E1BECD6B2D5864500F5CC20E6.e.16957/click - {}
RESULT: {}
COMMAND: GET /session/b4f8750b6ab9764d379b715c7854fdbf/screenshot - {}
RESULT: {}
COMMAND: POST /session/b4f8750b6ab9764d379b715c7854fdbf/element - {"using":"xpath","value":"//bdi[contains(text(), \"Select\")]"}
RESULT: {"using":"xpath","value":"//bdi[contains(text(), \"Select\")]"}
COMMAND: POST /session/b4f8750b6ab9764d379b715c7854fdbf/element/f.8850BFF0213FDAA0CDBB6DAFAFD06CF5.d.A772B14E1BECD6B2D5864500F5CC20E6.e.16958/click - {}
RESULT: {}
COMMAND: GET /session/b4f8750b6ab9764d379b715c7854fdbf/screenshot - {}
RESULT: {}
COMMAND: POST /session/b4f8750b6ab9764d379b715c7854fdbf/element - {"using":"xpath","value":"//button[@data-kt=\"AddNewHOSaveButton\"]"}
RESULT: {"using":"xpath","value":"//button[@data-kt=\"AddNewHOSaveButton\"]"}
COMMAND: POST /session/b4f8750b6ab9764d379b715c7854fdbf/element/f.8850BFF0213FDAA0CDBB6DAFAFD06CF5.d.A772B14E1BECD6B2D5864500F5CC20E6.e.16962/click - {}
RESULT: {}
COMMAND: GET /session/b4f8750b6ab9764d379b715c7854fdbf/screenshot - {}
RESULT: {}
COMMAND: POST /session/b4f8750b6ab9764d379b715c7854fdbf/execute/async - {"script":"<script> [1562 bytes]","args":[{"selector":{"id":"receiptDatePicker","viewName":"etm.portal.ui.managehandovers.view.DetailExecuteHO","interaction":{"idSuffix":"inner"}},"wdio_ui5_key":"receiptDatePickeretmportal.ui.managehandovers.view.DetailExecuteHO"}]}
RESULT: {"script":"<script> [1562 bytes]","args":[{"selector":{"id":"receiptDatePicker","viewName":"etm.portal.ui.managehandovers.view.DetailExecuteHO","interaction":{"idSuffix":"inner"}},"wdio_ui5_key":"receiptDatePickeretmportal.ui.managehandovers.view.DetailExecuteHO"}]}
RESULT: undefined
COMMAND: POST /session/b4f8750b6ab9764d379b715c7854fdbf/execute/async - {"script":"<script> [6424 bytes]","args":[{"element-6066-11e4-a52e-4f735466cecf":"f.8850BFF0213FDAA0CDBB6DAFAFD06CF5.d.A772B14E1BECD6B2D5864500F5CC20E6.e.16992"},"setValue",["6/13/25"]]}
RESULT: {"script":"<script> [6424 bytes]","args":[{"element-6066-11e4-a52e-4f735466cecf":"f.8850BFF0213FDAA0CDBB6DAFAFD06CF5.d.A772B14E1BECD6B2D5864500F5CC20E6.e.16992"},"setValue",["6/13/25"]]}
COMMAND: POST /session/b4f8750b6ab9764d379b715c7854fdbf/element - {"using":"xpath","value":"//button[@data-kt=\"ReceivingTableConfirmAllButton\"]"}
RESULT: {"using":"xpath","value":"//button[@data-kt=\"ReceivingTableConfirmAllButton\"]"}
COMMAND: POST /session/b4f8750b6ab9764d379b715c7854fdbf/element/f.8850BFF0213FDAA0CDBB6DAFAFD06CF5.d.A772B14E1BECD6B2D5864500F5CC20E6.e.17007/click - {}
RESULT: {}
COMMAND: GET /session/b4f8750b6ab9764d379b715c7854fdbf/screenshot - {}
RESULT: {}
COMMAND: POST /session/b4f8750b6ab9764d379b715c7854fdbf/element - {"using":"xpath","value":"//bdi[contains(text(), \"OK\")]"}
RESULT: {"using":"xpath","value":"//bdi[contains(text(), \"OK\")]"}
COMMAND: POST /session/b4f8750b6ab9764d379b715c7854fdbf/element/f.8850BFF0213FDAA0CDBB6DAFAFD06CF5.d.A772B14E1BECD6B2D5864500F5CC20E6.e.17009/click - {}
RESULT: {}
COMMAND: GET /session/b4f8750b6ab9764d379b715c7854fdbf/screenshot - {}
RESULT: {}
COMMAND: POST /session/b4f8750b6ab9764d379b715c7854fdbf/element - {"using":"xpath","value":"(//bdi[contains(text(), \"Receive\")])[2]"}
RESULT: {"using":"xpath","value":"(//bdi[contains(text(), \"Receive\")])[2]"}
COMMAND: POST /session/b4f8750b6ab9764d379b715c7854fdbf/element/f.8850BFF0213FDAA0CDBB6DAFAFD06CF5.d.A772B14E1BECD6B2D5864500F5CC20E6.e.17011/click - {}
RESULT: {}
COMMAND: GET /session/b4f8750b6ab9764d379b715c7854fdbf/screenshot - {}
RESULT: {}
COMMAND: POST /session/b4f8750b6ab9764d379b715c7854fdbf/element - {"using":"css selector","value":"#shell-header-logo"}
RESULT: {"using":"css selector","value":"#shell-header-logo"}
COMMAND: POST /session/b4f8750b6ab9764d379b715c7854fdbf/element/f.8850BFF0213FDAA0CDBB6DAFAFD06CF5.d.A772B14E1BECD6B2D5864500F5CC20E6.e.16399/click - {}
RESULT: {}
COMMAND: GET /session/b4f8750b6ab9764d379b715c7854fdbf/screenshot - {}
RESULT: {}
]]></system-out>
    </testcase>
    <testcase classname="chrome.137_0_7151_69.windows.Billing_transfer_US117289" name="Should create a new contract" time="60.614">
      <system-out><![CDATA[
COMMAND: POST /session/b4f8750b6ab9764d379b715c7854fdbf/execute/async - {"script":"<script> [1562 bytes]","args":[{"selector":{"controlType":"sap.m.GenericTile","properties":{"header":"Manage Contracts"}},"wdio_ui5_key":"sapm.GenericTile{\"header\":\"Manage Contracts\"}"}]}
RESULT: {"script":"<script> [1562 bytes]","args":[{"selector":{"controlType":"sap.m.GenericTile","properties":{"header":"Manage Contracts"}},"wdio_ui5_key":"sapm.GenericTile{\"header\":\"Manage Contracts\"}"}]}
RESULT: undefined
COMMAND: POST /session/b4f8750b6ab9764d379b715c7854fdbf/element - {"using":"xpath","value":"//*[@id=\"__tile134\"]"}
RESULT: {"using":"xpath","value":"//*[@id=\"__tile134\"]"}
COMMAND: POST /session/b4f8750b6ab9764d379b715c7854fdbf/element/f.8850BFF0213FDAA0CDBB6DAFAFD06CF5.d.A772B14E1BECD6B2D5864500F5CC20E6.e.15007/click - {}
RESULT: {}
COMMAND: GET /session/b4f8750b6ab9764d379b715c7854fdbf/screenshot - {}
RESULT: {}
COMMAND: POST /session/b4f8750b6ab9764d379b715c7854fdbf/elements - {"using":"xpath","value":"//span[text()='Error']"}
RESULT: {"using":"xpath","value":"//span[text()='Error']"}
COMMAND: POST /session/b4f8750b6ab9764d379b715c7854fdbf/element - {"using":"xpath","value":"//button[@data-kt=\"addButton\"]"}
RESULT: {"using":"xpath","value":"//button[@data-kt=\"addButton\"]"}
COMMAND: POST /session/b4f8750b6ab9764d379b715c7854fdbf/elements - {"using":"xpath","value":"//button[@data-kt=\"addButton\"]"}
RESULT: {"using":"xpath","value":"//button[@data-kt=\"addButton\"]"}
COMMAND: POST /session/b4f8750b6ab9764d379b715c7854fdbf/execute/sync - {"script":"<script> [8489 bytes]","args":[{"element-6066-11e4-a52e-4f735466cecf":"f.8850BFF0213FDAA0CDBB6DAFAFD06CF5.d.A772B14E1BECD6B2D5864500F5CC20E6.e.17229","ELEMENT":"f.8850BFF0213FDAA0CDBB6DAFAFD06CF5.d.A772B14E1BECD6B2D5864500F5CC20E6.e.17229"}]}
RESULT: {"script":"<script> [8489 bytes]","args":[{"element-6066-11e4-a52e-4f735466cecf":"f.8850BFF0213FDAA0CDBB6DAFAFD06CF5.d.A772B14E1BECD6B2D5864500F5CC20E6.e.17229","ELEMENT":"f.8850BFF0213FDAA0CDBB6DAFAFD06CF5.d.A772B14E1BECD6B2D5864500F5CC20E6.e.17229"}]}
COMMAND: GET /session/b4f8750b6ab9764d379b715c7854fdbf/element/f.8850BFF0213FDAA0CDBB6DAFAFD06CF5.d.A772B14E1BECD6B2D5864500F5CC20E6.e.17229/enabled - {}
COMMAND: GET /session/b4f8750b6ab9764d379b715c7854fdbf/screenshot - {}
RESULT: {}
COMMAND: POST /session/b4f8750b6ab9764d379b715c7854fdbf/execute/sync - {"script":"<script> [8489 bytes]","args":[{"element-6066-11e4-a52e-4f735466cecf":"f.8850BFF0213FDAA0CDBB6DAFAFD06CF5.d.A772B14E1BECD6B2D5864500F5CC20E6.e.17229","ELEMENT":"f.8850BFF0213FDAA0CDBB6DAFAFD06CF5.d.A772B14E1BECD6B2D5864500F5CC20E6.e.17229"}]}
COMMAND: GET /session/b4f8750b6ab9764d379b715c7854fdbf/screenshot - {}
RESULT: {}
RESULT: {"script":"<script> [8489 bytes]","args":[{"element-6066-11e4-a52e-4f735466cecf":"f.8850BFF0213FDAA0CDBB6DAFAFD06CF5.d.A772B14E1BECD6B2D5864500F5CC20E6.e.17229","ELEMENT":"f.8850BFF0213FDAA0CDBB6DAFAFD06CF5.d.A772B14E1BECD6B2D5864500F5CC20E6.e.17229"}]}
COMMAND: POST /session/b4f8750b6ab9764d379b715c7854fdbf/execute/sync - {"script":"<script> [5351 bytes]","args":[{"element-6066-11e4-a52e-4f735466cecf":"f.8850BFF0213FDAA0CDBB6DAFAFD06CF5.d.A772B14E1BECD6B2D5864500F5CC20E6.e.17229","ELEMENT":"f.8850BFF0213FDAA0CDBB6DAFAFD06CF5.d.A772B14E1BECD6B2D5864500F5CC20E6.e.17229"}]}
COMMAND: GET /session/b4f8750b6ab9764d379b715c7854fdbf/screenshot - {}
RESULT: {}
RESULT: {"script":"<script> [5351 bytes]","args":[{"element-6066-11e4-a52e-4f735466cecf":"f.8850BFF0213FDAA0CDBB6DAFAFD06CF5.d.A772B14E1BECD6B2D5864500F5CC20E6.e.17229","ELEMENT":"f.8850BFF0213FDAA0CDBB6DAFAFD06CF5.d.A772B14E1BECD6B2D5864500F5CC20E6.e.17229"}]}
COMMAND: GET /session/b4f8750b6ab9764d379b715c7854fdbf/screenshot - {}
RESULT: {}
RESULT: {}
COMMAND: POST /session/b4f8750b6ab9764d379b715c7854fdbf/element/f.8850BFF0213FDAA0CDBB6DAFAFD06CF5.d.A772B14E1BECD6B2D5864500F5CC20E6.e.17229/click - {}
RESULT: {}
COMMAND: GET /session/b4f8750b6ab9764d379b715c7854fdbf/screenshot - {}
RESULT: {}
COMMAND: POST /session/b4f8750b6ab9764d379b715c7854fdbf/execute/async - {"script":"<script> [1562 bytes]","args":[{"selector":{"id":"application-managecontracts-display-component---AddNewContract--projectDescription","interaction":{"idSuffix":"inner"}},"wdio_ui5_key":"applicationmanagecontracts-display-component---AddNewContract--projectDescription"}]}
RESULT: {"script":"<script> [1562 bytes]","args":[{"selector":{"id":"application-managecontracts-display-component---AddNewContract--projectDescription","interaction":{"idSuffix":"inner"}},"wdio_ui5_key":"applicationmanagecontracts-display-component---AddNewContract--projectDescription"}]}
RESULT: undefined
COMMAND: POST /session/b4f8750b6ab9764d379b715c7854fdbf/execute/async - {"script":"<script> [776 bytes]","args":[{"enterText":"Contract WDIO","selector":{"id":"application-managecontracts-display-component---AddNewContract--projectDescription","interaction":{"idSuffix":"inner"}},"clearTextFirst":true,"interactionType":"ENTER_TEXT"}]}
RESULT: {"script":"<script> [776 bytes]","args":[{"enterText":"Contract WDIO","selector":{"id":"application-managecontracts-display-component---AddNewContract--projectDescription","interaction":{"idSuffix":"inner"}},"clearTextFirst":true,"interactionType":"ENTER_TEXT"}]}
COMMAND: POST /session/b4f8750b6ab9764d379b715c7854fdbf/element - {"using":"xpath","value":"//input[@id=\"application-managecontracts-display-component---AddNewContract--site-inner\"]"}
RESULT: {"using":"xpath","value":"//input[@id=\"application-managecontracts-display-component---AddNewContract--site-inner\"]"}
COMMAND: POST /session/b4f8750b6ab9764d379b715c7854fdbf/element/f.8850BFF0213FDAA0CDBB6DAFAFD06CF5.d.A772B14E1BECD6B2D5864500F5CC20E6.e.17552/clear - {}
RESULT: {}
COMMAND: POST /session/b4f8750b6ab9764d379b715c7854fdbf/element/f.8850BFF0213FDAA0CDBB6DAFAFD06CF5.d.A772B14E1BECD6B2D5864500F5CC20E6.e.17552/value - {"text":"2093"}
COMMAND: GET /session/b4f8750b6ab9764d379b715c7854fdbf/screenshot - {}
RESULT: {"text":"2093"}
COMMAND: GET /session/b4f8750b6ab9764d379b715c7854fdbf/screenshot - {}
RESULT: {}
RESULT: {}
COMMAND: POST /session/b4f8750b6ab9764d379b715c7854fdbf/element - {"using":"xpath","value":"//li[.//span[text()='2093']]"}
RESULT: {"using":"xpath","value":"//li[.//span[text()='2093']]"}
COMMAND: POST /session/b4f8750b6ab9764d379b715c7854fdbf/element/f.8850BFF0213FDAA0CDBB6DAFAFD06CF5.d.A772B14E1BECD6B2D5864500F5CC20E6.e.17635/click - {}
RESULT: {}
COMMAND: GET /session/b4f8750b6ab9764d379b715c7854fdbf/screenshot - {}
RESULT: {}
COMMAND: POST /session/b4f8750b6ab9764d379b715c7854fdbf/element - {"using":"xpath","value":"//input[@id=\"application-managecontracts-display-component---AddNewContract--yardId-inner\"]"}
RESULT: {"using":"xpath","value":"//input[@id=\"application-managecontracts-display-component---AddNewContract--yardId-inner\"]"}
COMMAND: GET /session/b4f8750b6ab9764d379b715c7854fdbf/element/f.8850BFF0213FDAA0CDBB6DAFAFD06CF5.d.A772B14E1BECD6B2D5864500F5CC20E6.e.17553/property/value - {}
RESULT: {}
COMMAND: POST /session/b4f8750b6ab9764d379b715c7854fdbf/element - {"using":"xpath","value":"//input[@id=\"application-managecontracts-display-component---AddNewContract--customerSelect-inner\"]"}
COMMAND: GET /session/b4f8750b6ab9764d379b715c7854fdbf/screenshot - {}
RESULT: {"using":"xpath","value":"//input[@id=\"application-managecontracts-display-component---AddNewContract--customerSelect-inner\"]"}
COMMAND: POST /session/b4f8750b6ab9764d379b715c7854fdbf/element/f.8850BFF0213FDAA0CDBB6DAFAFD06CF5.d.A772B14E1BECD6B2D5864500F5CC20E6.e.17551/clear - {}
RESULT: {}
RESULT: {}
COMMAND: POST /session/b4f8750b6ab9764d379b715c7854fdbf/element/f.8850BFF0213FDAA0CDBB6DAFAFD06CF5.d.A772B14E1BECD6B2D5864500F5CC20E6.e.17551/value - {"text":"1102"}
COMMAND: GET /session/b4f8750b6ab9764d379b715c7854fdbf/screenshot - {}
RESULT: {"text":"1102"}
COMMAND: GET /session/b4f8750b6ab9764d379b715c7854fdbf/screenshot - {}
RESULT: {}
RESULT: {}
COMMAND: POST /session/b4f8750b6ab9764d379b715c7854fdbf/element - {"using":"xpath","value":"//li[.//span[text()='1102']]"}
RESULT: {"using":"xpath","value":"//li[.//span[text()='1102']]"}
COMMAND: POST /session/b4f8750b6ab9764d379b715c7854fdbf/element/f.8850BFF0213FDAA0CDBB6DAFAFD06CF5.d.A772B14E1BECD6B2D5864500F5CC20E6.e.17638/click - {}
RESULT: {}
COMMAND: GET /session/b4f8750b6ab9764d379b715c7854fdbf/screenshot - {}
RESULT: {}
COMMAND: POST /session/b4f8750b6ab9764d379b715c7854fdbf/element - {"using":"xpath","value":"//button[@data-kt=\"saveButton\"]"}
RESULT: {"using":"xpath","value":"//button[@data-kt=\"saveButton\"]"}
COMMAND: POST /session/b4f8750b6ab9764d379b715c7854fdbf/element/f.8850BFF0213FDAA0CDBB6DAFAFD06CF5.d.A772B14E1BECD6B2D5864500F5CC20E6.e.17628/click - {}
RESULT: {}
COMMAND: GET /session/b4f8750b6ab9764d379b715c7854fdbf/screenshot - {}
RESULT: {}
COMMAND: POST /session/b4f8750b6ab9764d379b715c7854fdbf/element - {"using":"xpath","value":"//span[contains(@id ,\"contractDetailTitleNoExpanded\")]"}
RESULT: {"using":"xpath","value":"//span[contains(@id ,\"contractDetailTitleNoExpanded\")]"}
COMMAND: POST /session/b4f8750b6ab9764d379b715c7854fdbf/elements - {"using":"xpath","value":"//span[contains(@id ,\"contractDetailTitleNoExpanded\")]"}
RESULT: {"using":"xpath","value":"//span[contains(@id ,\"contractDetailTitleNoExpanded\")]"}
COMMAND: POST /session/b4f8750b6ab9764d379b715c7854fdbf/execute/sync - {"script":"<script> [56 bytes]","args":[{"element-6066-11e4-a52e-4f735466cecf":"f.8850BFF0213FDAA0CDBB6DAFAFD06CF5.d.A772B14E1BECD6B2D5864500F5CC20E6.e.17707","ELEMENT":"f.8850BFF0213FDAA0CDBB6DAFAFD06CF5.d.A772B14E1BECD6B2D5864500F5CC20E6.e.17707"}]}
RESULT: {"script":"<script> [56 bytes]","args":[{"element-6066-11e4-a52e-4f735466cecf":"f.8850BFF0213FDAA0CDBB6DAFAFD06CF5.d.A772B14E1BECD6B2D5864500F5CC20E6.e.17707","ELEMENT":"f.8850BFF0213FDAA0CDBB6DAFAFD06CF5.d.A772B14E1BECD6B2D5864500F5CC20E6.e.17707"}]}
COMMAND: GET /session/b4f8750b6ab9764d379b715c7854fdbf/screenshot - {}
RESULT: {}
]]></system-out>
    </testcase>
    <testcase classname="chrome.137_0_7151_69.windows.Billing_transfer_US117289" name="Should add created equipment to contract" time="45.992">
      <system-out><![CDATA[
COMMAND: POST /session/b4f8750b6ab9764d379b715c7854fdbf/element - {"using":"xpath","value":"//button[@data-kt=\"contractDetailEditBtnButton\"]"}
RESULT: {"using":"xpath","value":"//button[@data-kt=\"contractDetailEditBtnButton\"]"}
COMMAND: POST /session/b4f8750b6ab9764d379b715c7854fdbf/element/f.8850BFF0213FDAA0CDBB6DAFAFD06CF5.d.A772B14E1BECD6B2D5864500F5CC20E6.e.17710/click - {}
RESULT: {}
COMMAND: GET /session/b4f8750b6ab9764d379b715c7854fdbf/screenshot - {}
RESULT: {}
COMMAND: POST /session/b4f8750b6ab9764d379b715c7854fdbf/element - {"using":"xpath","value":"(//span[contains(text(), \"Additional Addresses\")])[2]"}
RESULT: {"using":"xpath","value":"(//span[contains(text(), \"Additional Addresses\")])[2]"}
COMMAND: POST /session/b4f8750b6ab9764d379b715c7854fdbf/element/f.8850BFF0213FDAA0CDBB6DAFAFD06CF5.d.A772B14E1BECD6B2D5864500F5CC20E6.e.17766/click - {}
RESULT: {}
COMMAND: GET /session/b4f8750b6ab9764d379b715c7854fdbf/screenshot - {}
RESULT: {}
COMMAND: POST /session/b4f8750b6ab9764d379b715c7854fdbf/element - {"using":"xpath","value":"//button[@data-kt=\"btnAddTableRowOverflowToolbarButton\"]"}
RESULT: {"using":"xpath","value":"//button[@data-kt=\"btnAddTableRowOverflowToolbarButton\"]"}
COMMAND: POST /session/b4f8750b6ab9764d379b715c7854fdbf/element/f.8850BFF0213FDAA0CDBB6DAFAFD06CF5.d.A772B14E1BECD6B2D5864500F5CC20E6.e.17768/click - {}
RESULT: {}
COMMAND: GET /session/b4f8750b6ab9764d379b715c7854fdbf/screenshot - {}
RESULT: {}
COMMAND: POST /session/b4f8750b6ab9764d379b715c7854fdbf/element - {"using":"xpath","value":"//div[(text() = 'Standard Entry' or . = 'Standard Entry')]"}
RESULT: {"using":"xpath","value":"//div[(text() = 'Standard Entry' or . = 'Standard Entry')]"}
COMMAND: POST /session/b4f8750b6ab9764d379b715c7854fdbf/element/f.8850BFF0213FDAA0CDBB6DAFAFD06CF5.d.A772B14E1BECD6B2D5864500F5CC20E6.e.17770/click - {}
RESULT: {}
COMMAND: GET /session/b4f8750b6ab9764d379b715c7854fdbf/screenshot - {}
RESULT: {}
COMMAND: POST /session/b4f8750b6ab9764d379b715c7854fdbf/element - {"using":"xpath","value":"//td[7]/div/div/input"}
RESULT: {"using":"xpath","value":"//td[7]/div/div/input"}
COMMAND: POST /session/b4f8750b6ab9764d379b715c7854fdbf/element/f.8850BFF0213FDAA0CDBB6DAFAFD06CF5.d.A772B14E1BECD6B2D5864500F5CC20E6.e.17779/clear - {}
RESULT: {}
COMMAND: POST /session/b4f8750b6ab9764d379b715c7854fdbf/element/f.8850BFF0213FDAA0CDBB6DAFAFD06CF5.d.A772B14E1BECD6B2D5864500F5CC20E6.e.17779/value - {"text":"iPnNHtX5qJ"}
COMMAND: GET /session/b4f8750b6ab9764d379b715c7854fdbf/screenshot - {}
RESULT: {"text":"iPnNHtX5qJ"}
COMMAND: GET /session/b4f8750b6ab9764d379b715c7854fdbf/screenshot - {}
RESULT: {}
RESULT: {}
COMMAND: POST /session/b4f8750b6ab9764d379b715c7854fdbf/actions - {"actions":[{"id":"action56","type":"key","parameters":{},"actions":[{"type":"keyDown","value":""},{"type":"pause","duration":10},{"type":"keyUp","value":""}]}]}
RESULT: {"actions":[{"id":"action56","type":"key","parameters":{},"actions":[{"type":"keyDown","value":""},{"type":"pause","duration":10},{"type":"keyUp","value":""}]}]}
COMMAND: GET /session/b4f8750b6ab9764d379b715c7854fdbf/screenshot - {}
RESULT: {}
COMMAND: POST /session/b4f8750b6ab9764d379b715c7854fdbf/execute/sync - {"script":"<script> [276 bytes]","args":["No pricing information was found"]}
RESULT: {"script":"<script> [276 bytes]","args":["No pricing information was found"]}
COMMAND: POST /session/b4f8750b6ab9764d379b715c7854fdbf/element - {"using":"xpath","value":"(//button[@data-kt=\"saveButton\"])[2]"}
COMMAND: GET /session/b4f8750b6ab9764d379b715c7854fdbf/screenshot - {}
RESULT: {"using":"xpath","value":"(//button[@data-kt=\"saveButton\"])[2]"}
COMMAND: POST /session/b4f8750b6ab9764d379b715c7854fdbf/element/f.8850BFF0213FDAA0CDBB6DAFAFD06CF5.d.A772B14E1BECD6B2D5864500F5CC20E6.e.17794/click - {}
RESULT: {}
RESULT: {}
COMMAND: GET /session/b4f8750b6ab9764d379b715c7854fdbf/screenshot - {}
RESULT: {}
COMMAND: POST /session/b4f8750b6ab9764d379b715c7854fdbf/execute/sync - {"script":"<script> [276 bytes]","args":["Some contract items are having rental validity exceeding header rental validity"]}
RESULT: {"script":"<script> [276 bytes]","args":["Some contract items are having rental validity exceeding header rental validity"]}
COMMAND: GET /session/b4f8750b6ab9764d379b715c7854fdbf/screenshot - {}
RESULT: {}
COMMAND: POST /session/b4f8750b6ab9764d379b715c7854fdbf/element - {"using":"xpath","value":"//span[contains(@id ,\"contractItemsSmartTable-header-inner\")]"}
RESULT: {"using":"xpath","value":"//span[contains(@id ,\"contractItemsSmartTable-header-inner\")]"}
COMMAND: POST /session/b4f8750b6ab9764d379b715c7854fdbf/elements - {"using":"xpath","value":"//span[contains(@id ,\"contractItemsSmartTable-header-inner\")]"}
RESULT: {"using":"xpath","value":"//span[contains(@id ,\"contractItemsSmartTable-header-inner\")]"}
COMMAND: POST /session/b4f8750b6ab9764d379b715c7854fdbf/execute/sync - {"script":"<script> [56 bytes]","args":[{"element-6066-11e4-a52e-4f735466cecf":"f.8850BFF0213FDAA0CDBB6DAFAFD06CF5.d.A772B14E1BECD6B2D5864500F5CC20E6.e.17799","ELEMENT":"f.8850BFF0213FDAA0CDBB6DAFAFD06CF5.d.A772B14E1BECD6B2D5864500F5CC20E6.e.17799"}]}
RESULT: {"script":"<script> [56 bytes]","args":[{"element-6066-11e4-a52e-4f735466cecf":"f.8850BFF0213FDAA0CDBB6DAFAFD06CF5.d.A772B14E1BECD6B2D5864500F5CC20E6.e.17799","ELEMENT":"f.8850BFF0213FDAA0CDBB6DAFAFD06CF5.d.A772B14E1BECD6B2D5864500F5CC20E6.e.17799"}]}
]]></system-out>
    </testcase>
    <testcase classname="chrome.137_0_7151_69.windows.Billing_transfer_US117289" name="Should do a provide to site handover" time="59.66">
      <system-out><![CDATA[
COMMAND: POST /session/b4f8750b6ab9764d379b715c7854fdbf/element - {"using":"xpath","value":"//button[@data-kt=\"provideButton\"]"}
COMMAND: GET /session/b4f8750b6ab9764d379b715c7854fdbf/screenshot - {}
RESULT: {"using":"xpath","value":"//button[@data-kt=\"provideButton\"]"}
COMMAND: POST /session/b4f8750b6ab9764d379b715c7854fdbf/element/f.8850BFF0213FDAA0CDBB6DAFAFD06CF5.d.A772B14E1BECD6B2D5864500F5CC20E6.e.17800/click - {}
RESULT: {}
RESULT: {}
COMMAND: GET /session/b4f8750b6ab9764d379b715c7854fdbf/screenshot - {}
RESULT: undefined
COMMAND: POST /session/b4f8750b6ab9764d379b715c7854fdbf/execute/async - {"script":"<script> [6424 bytes]","args":[{"element-6066-11e4-a52e-4f735466cecf":"f.8850BFF0213FDAA0CDBB6DAFAFD06CF5.d.A772B14E1BECD6B2D5864500F5CC20E6.e.16777"},"setValue",["6/13/25"]]}
RESULT: {}
COMMAND: POST /session/b4f8750b6ab9764d379b715c7854fdbf/execute/async - {"script":"<script> [1562 bytes]","args":[{"selector":{"id":"application-managehandovers-display-component---AddNewHO--dueDate","interaction":{"idSuffix":"inner"}},"wdio_ui5_key":"applicationmanagehandovers-display-component---AddNewHO--dueDate"}]}
RESULT: {"script":"<script> [1562 bytes]","args":[{"selector":{"id":"application-managehandovers-display-component---AddNewHO--dueDate","interaction":{"idSuffix":"inner"}},"wdio_ui5_key":"applicationmanagehandovers-display-component---AddNewHO--dueDate"}]}
COMMAND: POST /session/b4f8750b6ab9764d379b715c7854fdbf/execute/async - {"script":"<script> [6424 bytes]","args":[{"element-6066-11e4-a52e-4f735466cecf":"f.8850BFF0213FDAA0CDBB6DAFAFD06CF5.d.A772B14E1BECD6B2D5864500F5CC20E6.e.17857"},"setValue",["6/13/25"]]}
RESULT: {"script":"<script> [6424 bytes]","args":[{"element-6066-11e4-a52e-4f735466cecf":"f.8850BFF0213FDAA0CDBB6DAFAFD06CF5.d.A772B14E1BECD6B2D5864500F5CC20E6.e.17857"},"setValue",["6/13/25"]]}
COMMAND: POST /session/b4f8750b6ab9764d379b715c7854fdbf/element - {"using":"xpath","value":"//bdi[contains(text(), \"Instructions\")]"}
RESULT: {"using":"xpath","value":"//bdi[contains(text(), \"Instructions\")]"}
COMMAND: POST /session/b4f8750b6ab9764d379b715c7854fdbf/element/f.8850BFF0213FDAA0CDBB6DAFAFD06CF5.d.A772B14E1BECD6B2D5864500F5CC20E6.e.17970/click - {}
RESULT: {}
COMMAND: GET /session/b4f8750b6ab9764d379b715c7854fdbf/screenshot - {}
RESULT: {}
COMMAND: POST /session/b4f8750b6ab9764d379b715c7854fdbf/element - {"using":"xpath","value":"//button[@data-kt=\"AddNewHOProvideAddItemsButton\"]"}
RESULT: {"using":"xpath","value":"//button[@data-kt=\"AddNewHOProvideAddItemsButton\"]"}
COMMAND: POST /session/b4f8750b6ab9764d379b715c7854fdbf/element/f.8850BFF0213FDAA0CDBB6DAFAFD06CF5.d.A772B14E1BECD6B2D5864500F5CC20E6.e.17974/click - {}
RESULT: {}
COMMAND: GET /session/b4f8750b6ab9764d379b715c7854fdbf/screenshot - {}
RESULT: {}
RESULT: undefined
COMMAND: POST /session/b4f8750b6ab9764d379b715c7854fdbf/element - {"using":"xpath","value":"//*[@id=\"application-managehandovers-display-component---AddNewHO--popup-sa\"]"}
RESULT: {"using":"xpath","value":"//*[@id=\"application-managehandovers-display-component---AddNewHO--popup-sa\"]"}
COMMAND: POST /session/b4f8750b6ab9764d379b715c7854fdbf/element/f.8850BFF0213FDAA0CDBB6DAFAFD06CF5.d.A772B14E1BECD6B2D5864500F5CC20E6.e.17984/click - {}
RESULT: {}
COMMAND: GET /session/b4f8750b6ab9764d379b715c7854fdbf/screenshot - {}
RESULT: {}
COMMAND: POST /session/b4f8750b6ab9764d379b715c7854fdbf/element - {"using":"xpath","value":"//*[contains(@id ,\"BDI-content\")][contains(text(), \"Select\")]"}
RESULT: {"using":"xpath","value":"//*[contains(@id ,\"BDI-content\")][contains(text(), \"Select\")]"}
COMMAND: POST /session/b4f8750b6ab9764d379b715c7854fdbf/element/f.8850BFF0213FDAA0CDBB6DAFAFD06CF5.d.A772B14E1BECD6B2D5864500F5CC20E6.e.17985/click - {}
RESULT: {}
COMMAND: GET /session/b4f8750b6ab9764d379b715c7854fdbf/screenshot - {}
RESULT: {}
COMMAND: POST /session/b4f8750b6ab9764d379b715c7854fdbf/execute/async - {"script":"<script> [1562 bytes]","args":[{"selector":{"id":"application-managehandovers-display-component---AddNewHO--confirmCreationButton","interaction":{"idSuffix":"BDI-content"}},"wdio_ui5_key":"applicationmanagehandovers-display-component---AddNewHO--confirmCreationButton"}]}
RESULT: {"script":"<script> [1562 bytes]","args":[{"selector":{"id":"application-managehandovers-display-component---AddNewHO--confirmCreationButton","interaction":{"idSuffix":"BDI-content"}},"wdio_ui5_key":"applicationmanagehandovers-display-component---AddNewHO--confirmCreationButton"}]}
RESULT: undefined
COMMAND: POST /session/b4f8750b6ab9764d379b715c7854fdbf/element - {"using":"xpath","value":"//*[@id=\"application-managehandovers-display-component---AddNewHO--confirmCreationButton\"]"}
RESULT: {"using":"xpath","value":"//*[@id=\"application-managehandovers-display-component---AddNewHO--confirmCreationButton\"]"}
COMMAND: POST /session/b4f8750b6ab9764d379b715c7854fdbf/element/f.8850BFF0213FDAA0CDBB6DAFAFD06CF5.d.A772B14E1BECD6B2D5864500F5CC20E6.e.17929/click - {}
RESULT: {}
COMMAND: GET /session/b4f8750b6ab9764d379b715c7854fdbf/screenshot - {}
RESULT: {}
COMMAND: POST /session/b4f8750b6ab9764d379b715c7854fdbf/execute/async - {"script":"<script> [1562 bytes]","args":[{"selector":{"id":"issueDatePicker","viewName":"etm.portal.ui.managehandovers.view.DetailExecuteHO","interaction":{"idSuffix":"inner"}},"wdio_ui5_key":"issueDatePickeretmportal.ui.managehandovers.view.DetailExecuteHO"}]}
RESULT: {"script":"<script> [1562 bytes]","args":[{"selector":{"id":"issueDatePicker","viewName":"etm.portal.ui.managehandovers.view.DetailExecuteHO","interaction":{"idSuffix":"inner"}},"wdio_ui5_key":"issueDatePickeretmportal.ui.managehandovers.view.DetailExecuteHO"}]}
RESULT: undefined
COMMAND: POST /session/b4f8750b6ab9764d379b715c7854fdbf/execute/async - {"script":"<script> [776 bytes]","args":[{"enterText":"6/13/25","selector":{"id":"issueDatePicker","viewName":"etm.portal.ui.managehandovers.view.DetailExecuteHO","interaction":{"idSuffix":"inner"}},"clearTextFirst":true,"interactionType":"ENTER_TEXT"}]}
RESULT: {"script":"<script> [776 bytes]","args":[{"enterText":"6/13/25","selector":{"id":"issueDatePicker","viewName":"etm.portal.ui.managehandovers.view.DetailExecuteHO","interaction":{"idSuffix":"inner"}},"clearTextFirst":true,"interactionType":"ENTER_TEXT"}]}
COMMAND: POST /session/b4f8750b6ab9764d379b715c7854fdbf/element - {"using":"xpath","value":"//button[@data-kt=\"PickingTableConfirmAllButton\"]"}
RESULT: {"using":"xpath","value":"//button[@data-kt=\"PickingTableConfirmAllButton\"]"}
COMMAND: POST /session/b4f8750b6ab9764d379b715c7854fdbf/element/f.8850BFF0213FDAA0CDBB6DAFAFD06CF5.d.A772B14E1BECD6B2D5864500F5CC20E6.e.18047/click - {}
RESULT: {}
COMMAND: GET /session/b4f8750b6ab9764d379b715c7854fdbf/screenshot - {}
RESULT: {}
COMMAND: POST /session/b4f8750b6ab9764d379b715c7854fdbf/element - {"using":"xpath","value":"//bdi[contains(text(), \"OK\")]"}
RESULT: {"using":"xpath","value":"//bdi[contains(text(), \"OK\")]"}
COMMAND: POST /session/b4f8750b6ab9764d379b715c7854fdbf/element/f.8850BFF0213FDAA0CDBB6DAFAFD06CF5.d.A772B14E1BECD6B2D5864500F5CC20E6.e.18050/click - {}
RESULT: {}
COMMAND: GET /session/b4f8750b6ab9764d379b715c7854fdbf/screenshot - {}
RESULT: {}
COMMAND: POST /session/b4f8750b6ab9764d379b715c7854fdbf/element - {"using":"xpath","value":"//bdi[contains(text(), \"Issue\")]"}
RESULT: {"using":"xpath","value":"//bdi[contains(text(), \"Issue\")]"}
COMMAND: POST /session/b4f8750b6ab9764d379b715c7854fdbf/element/f.8850BFF0213FDAA0CDBB6DAFAFD06CF5.d.A772B14E1BECD6B2D5864500F5CC20E6.e.18052/click - {}
RESULT: {}
COMMAND: GET /session/b4f8750b6ab9764d379b715c7854fdbf/screenshot - {}
RESULT: {}
COMMAND: POST /session/b4f8750b6ab9764d379b715c7854fdbf/element - {"using":"css selector","value":"#shell-header-logo"}
RESULT: {"using":"css selector","value":"#shell-header-logo"}
COMMAND: POST /session/b4f8750b6ab9764d379b715c7854fdbf/element/f.8850BFF0213FDAA0CDBB6DAFAFD06CF5.d.A772B14E1BECD6B2D5864500F5CC20E6.e.17184/click - {}
RESULT: {}
COMMAND: GET /session/b4f8750b6ab9764d379b715c7854fdbf/screenshot - {}
RESULT: {}
]]></system-out>
    </testcase>
    <testcase classname="chrome.137_0_7151_69.windows.Billing_transfer_US117289" name="Should navigate to Manage Billings and trigger contract calculation business confirm it" time="63.436">
      <system-out><![CDATA[
COMMAND: POST /session/b4f8750b6ab9764d379b715c7854fdbf/execute/async - {"script":"<script> [1562 bytes]","args":[{"selector":{"controlType":"sap.m.GenericTile","properties":{"header":"Manage Billings"}},"wdio_ui5_key":"sapm.GenericTile{\"header\":\"Manage Billings\"}"}]}
RESULT: {"script":"<script> [1562 bytes]","args":[{"selector":{"controlType":"sap.m.GenericTile","properties":{"header":"Manage Billings"}},"wdio_ui5_key":"sapm.GenericTile{\"header\":\"Manage Billings\"}"}]}
RESULT: undefined
COMMAND: POST /session/b4f8750b6ab9764d379b715c7854fdbf/element - {"using":"xpath","value":"//*[@id=\"__tile53\"]"}
RESULT: {"using":"xpath","value":"//*[@id=\"__tile53\"]"}
COMMAND: POST /session/b4f8750b6ab9764d379b715c7854fdbf/element/f.8850BFF0213FDAA0CDBB6DAFAFD06CF5.d.A772B14E1BECD6B2D5864500F5CC20E6.e.15037/click - {}
RESULT: {}
COMMAND: GET /session/b4f8750b6ab9764d379b715c7854fdbf/screenshot - {}
COMMAND: POST /session/b4f8750b6ab9764d379b715c7854fdbf/elements - {"using":"xpath","value":"//span[text()='Error']"}
RESULT: {}
RESULT: {"using":"xpath","value":"//span[text()='Error']"}
COMMAND: POST /session/b4f8750b6ab9764d379b715c7854fdbf/execute/async - {"script":"<script> [1562 bytes]","args":[{"selector":{"id":"application-managebillings-display-component---billRunCalcResult--smartFilterBar-btnBasicSearch","interaction":{"idSuffix":"I"}},"wdio_ui5_key":"applicationmanagebillings-display-component---billRunCalcResult--smartFilterBar-btnBasicSearch"}]}
RESULT: {"script":"<script> [1562 bytes]","args":[{"selector":{"id":"application-managebillings-display-component---billRunCalcResult--smartFilterBar-btnBasicSearch","interaction":{"idSuffix":"I"}},"wdio_ui5_key":"applicationmanagebillings-display-component---billRunCalcResult--smartFilterBar-btnBasicSearch"}]}
RESULT: undefined
COMMAND: POST /session/b4f8750b6ab9764d379b715c7854fdbf/execute/async - {"script":"<script> [776 bytes]","args":[{"enterText":"10183","selector":{"id":"application-managebillings-display-component---billRunCalcResult--smartFilterBar-btnBasicSearch","interaction":{"idSuffix":"I"}},"clearTextFirst":true,"interactionType":"ENTER_TEXT"}]}
RESULT: {"script":"<script> [776 bytes]","args":[{"enterText":"10183","selector":{"id":"application-managebillings-display-component---billRunCalcResult--smartFilterBar-btnBasicSearch","interaction":{"idSuffix":"I"}},"clearTextFirst":true,"interactionType":"ENTER_TEXT"}]}
COMMAND: POST /session/b4f8750b6ab9764d379b715c7854fdbf/actions - {"actions":[{"id":"action57","type":"key","parameters":{},"actions":[{"type":"keyDown","value":""},{"type":"pause","duration":10},{"type":"keyUp","value":""}]}]}
RESULT: {"actions":[{"id":"action57","type":"key","parameters":{},"actions":[{"type":"keyDown","value":""},{"type":"pause","duration":10},{"type":"keyUp","value":""}]}]}
COMMAND: GET /session/b4f8750b6ab9764d379b715c7854fdbf/screenshot - {}
RESULT: {}
COMMAND: POST /session/b4f8750b6ab9764d379b715c7854fdbf/element - {"using":"xpath","value":"//td[@aria-colindex=\"1\"]/div/div[contains(@class, \"sapMCbBg\")]"}
RESULT: {"using":"xpath","value":"//td[@aria-colindex=\"1\"]/div/div[contains(@class, \"sapMCbBg\")]"}
COMMAND: POST /session/b4f8750b6ab9764d379b715c7854fdbf/element/f.8850BFF0213FDAA0CDBB6DAFAFD06CF5.d.A772B14E1BECD6B2D5864500F5CC20E6.e.18467/click - {}
RESULT: {}
COMMAND: GET /session/b4f8750b6ab9764d379b715c7854fdbf/screenshot - {}
RESULT: {}
COMMAND: POST /session/b4f8750b6ab9764d379b715c7854fdbf/execute/async - {"script":"<script> [1562 bytes]","args":[{"selector":{"id":"application-managebillings-display-component---billRunCalcResult--contractBillRunDate","interaction":{"idSuffix":"inner"}},"wdio_ui5_key":"applicationmanagebillings-display-component---billRunCalcResult--contractBillRunDate"}]}
RESULT: {"script":"<script> [1562 bytes]","args":[{"selector":{"id":"application-managebillings-display-component---billRunCalcResult--contractBillRunDate","interaction":{"idSuffix":"inner"}},"wdio_ui5_key":"applicationmanagebillings-display-component---billRunCalcResult--contractBillRunDate"}]}
RESULT: undefined
COMMAND: POST /session/b4f8750b6ab9764d379b715c7854fdbf/execute/async - {"script":"<script> [776 bytes]","args":[{"enterText":"7/13/25","selector":{"id":"application-managebillings-display-component---billRunCalcResult--contractBillRunDate","interaction":{"idSuffix":"inner"}},"clearTextFirst":true,"interactionType":"ENTER_TEXT"}]}
RESULT: {"script":"<script> [776 bytes]","args":[{"enterText":"7/13/25","selector":{"id":"application-managebillings-display-component---billRunCalcResult--contractBillRunDate","interaction":{"idSuffix":"inner"}},"clearTextFirst":true,"interactionType":"ENTER_TEXT"}]}
COMMAND: POST /session/b4f8750b6ab9764d379b715c7854fdbf/element - {"using":"xpath","value":"//bdi[contains(text(), \"Trigger Calculation\")]"}
RESULT: {"using":"xpath","value":"//bdi[contains(text(), \"Trigger Calculation\")]"}
COMMAND: POST /session/b4f8750b6ab9764d379b715c7854fdbf/element/f.8850BFF0213FDAA0CDBB6DAFAFD06CF5.d.A772B14E1BECD6B2D5864500F5CC20E6.e.18488/click - {}
RESULT: {}
COMMAND: GET /session/b4f8750b6ab9764d379b715c7854fdbf/screenshot - {}
RESULT: {}
COMMAND: POST /session/b4f8750b6ab9764d379b715c7854fdbf/element - {"using":"xpath","value":"(//span[contains(@id, \"imgNav\")])[1]"}
RESULT: {"using":"xpath","value":"(//span[contains(@id, \"imgNav\")])[1]"}
COMMAND: POST /session/b4f8750b6ab9764d379b715c7854fdbf/element/f.8850BFF0213FDAA0CDBB6DAFAFD06CF5.d.A772B14E1BECD6B2D5864500F5CC20E6.e.18481/click - {}
RESULT: {}
COMMAND: GET /session/b4f8750b6ab9764d379b715c7854fdbf/screenshot - {}
RESULT: {}
COMMAND: POST /session/b4f8750b6ab9764d379b715c7854fdbf/execute/async - {"script":"<script> [1562 bytes]","args":[{"selector":{"controlType":"sap.ui.core.Icon","viewName":"etm.portal.ui.managebillings.view.Master","viewId":"application-managebillings-display-component---billRunCalcResult","properties":{"src":{"regex":{"source":"slim\\-arrow\\-right"}}}},"wdio_ui5_key":"etmportal.ui.managebillings.view.Mastersap.ui.core.Icon{\"src\":{\"regex\":{\"source\":\"slim\\\\-arrow\\\\-right\"}}}"}]}
RESULT: {"script":"<script> [1562 bytes]","args":[{"selector":{"controlType":"sap.ui.core.Icon","viewName":"etm.portal.ui.managebillings.view.Master","viewId":"application-managebillings-display-component---billRunCalcResult","properties":{"src":{"regex":{"source":"slim\\-arrow\\-right"}}}},"wdio_ui5_key":"etmportal.ui.managebillings.view.Mastersap.ui.core.Icon{\"src\":{\"regex\":{\"source\":\"slim\\\\-arrow\\\\-right\"}}}"}]}
RESULT: undefined
COMMAND: POST /session/b4f8750b6ab9764d379b715c7854fdbf/element - {"using":"xpath","value":"//*[@id=\"__item1446-application-managebillings-display-component---billRunCalcResult--billingRunsTable-0-imgNav\"]"}
RESULT: {"using":"xpath","value":"//*[@id=\"__item1446-application-managebillings-display-component---billRunCalcResult--billingRunsTable-0-imgNav\"]"}
COMMAND: POST /session/b4f8750b6ab9764d379b715c7854fdbf/element/f.8850BFF0213FDAA0CDBB6DAFAFD06CF5.d.A772B14E1BECD6B2D5864500F5CC20E6.e.18493/click - {}
RESULT: {}
COMMAND: POST /session/b4f8750b6ab9764d379b715c7854fdbf/execute/async - {"script":"<script> [1562 bytes]","args":[{"selector":{"id":"application-managebillings-display-component---billRunCalcResult--btnConf","interaction":{"idSuffix":"BDI-content"}},"wdio_ui5_key":"applicationmanagebillings-display-component---billRunCalcResult--btnConf"}]}
COMMAND: GET /session/b4f8750b6ab9764d379b715c7854fdbf/screenshot - {}
RESULT: {"script":"<script> [1562 bytes]","args":[{"selector":{"id":"application-managebillings-display-component---billRunCalcResult--btnConf","interaction":{"idSuffix":"BDI-content"}},"wdio_ui5_key":"applicationmanagebillings-display-component---billRunCalcResult--btnConf"}]}
RESULT: undefined
COMMAND: POST /session/b4f8750b6ab9764d379b715c7854fdbf/element - {"using":"xpath","value":"//*[@id=\"application-managebillings-display-component---billRunCalcResult--btnConf\"]"}
RESULT: {}
RESULT: {"using":"xpath","value":"//*[@id=\"application-managebillings-display-component---billRunCalcResult--btnConf\"]"}
COMMAND: POST /session/b4f8750b6ab9764d379b715c7854fdbf/element/f.8850BFF0213FDAA0CDBB6DAFAFD06CF5.d.A772B14E1BECD6B2D5864500F5CC20E6.e.18535/click - {}
RESULT: {}
COMMAND: POST /session/b4f8750b6ab9764d379b715c7854fdbf/element - {"using":"css selector","value":"#shell-header-logo"}
COMMAND: GET /session/b4f8750b6ab9764d379b715c7854fdbf/screenshot - {}
RESULT: {}
RESULT: {"using":"css selector","value":"#shell-header-logo"}
COMMAND: POST /session/b4f8750b6ab9764d379b715c7854fdbf/element/f.8850BFF0213FDAA0CDBB6DAFAFD06CF5.d.A772B14E1BECD6B2D5864500F5CC20E6.e.18249/click - {}
RESULT: {}
COMMAND: GET /session/b4f8750b6ab9764d379b715c7854fdbf/screenshot - {}
RESULT: {}
]]></system-out>
    </testcase>
    <testcase classname="chrome.137_0_7151_69.windows.Billing_transfer_US117289" name="Should trigger Billing Transfer process all the way to completion" time="73.202">
      <system-out><![CDATA[
COMMAND: POST /session/b4f8750b6ab9764d379b715c7854fdbf/execute/async - {"script":"<script> [1562 bytes]","args":[{"selector":{"controlType":"sap.m.GenericTile","properties":{"header":"Billing Transfer"}},"wdio_ui5_key":"sapm.GenericTile{\"header\":\"Billing Transfer\"}"}]}
RESULT: {"script":"<script> [1562 bytes]","args":[{"selector":{"controlType":"sap.m.GenericTile","properties":{"header":"Billing Transfer"}},"wdio_ui5_key":"sapm.GenericTile{\"header\":\"Billing Transfer\"}"}]}
RESULT: undefined
COMMAND: POST /session/b4f8750b6ab9764d379b715c7854fdbf/element - {"using":"xpath","value":"//*[@id=\"__tile52\"]"}
RESULT: {"using":"xpath","value":"//*[@id=\"__tile52\"]"}
COMMAND: POST /session/b4f8750b6ab9764d379b715c7854fdbf/element/f.8850BFF0213FDAA0CDBB6DAFAFD06CF5.d.A772B14E1BECD6B2D5864500F5CC20E6.e.15035/click - {}
RESULT: {}
COMMAND: GET /session/b4f8750b6ab9764d379b715c7854fdbf/screenshot - {}
COMMAND: POST /session/b4f8750b6ab9764d379b715c7854fdbf/elements - {"using":"xpath","value":"//span[text()='Error']"}
RESULT: {}
RESULT: {"using":"xpath","value":"//span[text()='Error']"}
COMMAND: POST /session/b4f8750b6ab9764d379b715c7854fdbf/element - {"using":"xpath","value":"//input[contains(@id ,\"application-billingtransfer-display-component---billingWorkbench--smartFilterBar-btnBasicSearch\")]"}
RESULT: {"using":"xpath","value":"//input[contains(@id ,\"application-billingtransfer-display-component---billingWorkbench--smartFilterBar-btnBasicSearch\")]"}
COMMAND: POST /session/b4f8750b6ab9764d379b715c7854fdbf/elements - {"using":"xpath","value":"//input[contains(@id ,\"application-billingtransfer-display-component---billingWorkbench--smartFilterBar-btnBasicSearch\")]"}
RESULT: {"using":"xpath","value":"//input[contains(@id ,\"application-billingtransfer-display-component---billingWorkbench--smartFilterBar-btnBasicSearch\")]"}
COMMAND: POST /session/b4f8750b6ab9764d379b715c7854fdbf/execute/sync - {"script":"<script> [8489 bytes]","args":[{"element-6066-11e4-a52e-4f735466cecf":"f.8850BFF0213FDAA0CDBB6DAFAFD06CF5.d.A772B14E1BECD6B2D5864500F5CC20E6.e.18573","ELEMENT":"f.8850BFF0213FDAA0CDBB6DAFAFD06CF5.d.A772B14E1BECD6B2D5864500F5CC20E6.e.18573"}]}
RESULT: {"script":"<script> [8489 bytes]","args":[{"element-6066-11e4-a52e-4f735466cecf":"f.8850BFF0213FDAA0CDBB6DAFAFD06CF5.d.A772B14E1BECD6B2D5864500F5CC20E6.e.18573","ELEMENT":"f.8850BFF0213FDAA0CDBB6DAFAFD06CF5.d.A772B14E1BECD6B2D5864500F5CC20E6.e.18573"}]}
COMMAND: GET /session/b4f8750b6ab9764d379b715c7854fdbf/element/f.8850BFF0213FDAA0CDBB6DAFAFD06CF5.d.A772B14E1BECD6B2D5864500F5CC20E6.e.18573/enabled - {}
COMMAND: GET /session/b4f8750b6ab9764d379b715c7854fdbf/screenshot - {}
RESULT: {}
COMMAND: POST /session/b4f8750b6ab9764d379b715c7854fdbf/element/f.8850BFF0213FDAA0CDBB6DAFAFD06CF5.d.A772B14E1BECD6B2D5864500F5CC20E6.e.18573/click - {}
COMMAND: GET /session/b4f8750b6ab9764d379b715c7854fdbf/screenshot - {}
RESULT: {}
RESULT: {}
COMMAND: GET /session/b4f8750b6ab9764d379b715c7854fdbf/screenshot - {}
RESULT: {}
RESULT: {}
COMMAND: POST /session/b4f8750b6ab9764d379b715c7854fdbf/element/f.8850BFF0213FDAA0CDBB6DAFAFD06CF5.d.A772B14E1BECD6B2D5864500F5CC20E6.e.18573/clear - {}
RESULT: {}
COMMAND: POST /session/b4f8750b6ab9764d379b715c7854fdbf/element/f.8850BFF0213FDAA0CDBB6DAFAFD06CF5.d.A772B14E1BECD6B2D5864500F5CC20E6.e.18573/value - {"text":"10183"}
COMMAND: GET /session/b4f8750b6ab9764d379b715c7854fdbf/screenshot - {}
RESULT: {"text":"10183"}
COMMAND: POST /session/b4f8750b6ab9764d379b715c7854fdbf/actions - {"actions":[{"id":"action58","type":"key","parameters":{},"actions":[{"type":"keyDown","value":""},{"type":"pause","duration":10},{"type":"keyUp","value":""}]}]}
COMMAND: GET /session/b4f8750b6ab9764d379b715c7854fdbf/screenshot - {}
RESULT: {}
RESULT: {"actions":[{"id":"action58","type":"key","parameters":{},"actions":[{"type":"keyDown","value":""},{"type":"pause","duration":10},{"type":"keyUp","value":""}]}]}
COMMAND: GET /session/b4f8750b6ab9764d379b715c7854fdbf/screenshot - {}
RESULT: {}
RESULT: {}
COMMAND: POST /session/b4f8750b6ab9764d379b715c7854fdbf/element - {"using":"xpath","value":"//span[contains(@id ,\"application-billingtransfer-display-component---billingWorkbench--smartTableBillingRuns-header-inner\")]"}
RESULT: {"using":"xpath","value":"//span[contains(@id ,\"application-billingtransfer-display-component---billingWorkbench--smartTableBillingRuns-header-inner\")]"}
COMMAND: POST /session/b4f8750b6ab9764d379b715c7854fdbf/elements - {"using":"xpath","value":"//span[contains(@id ,\"application-billingtransfer-display-component---billingWorkbench--smartTableBillingRuns-header-inner\")]"}
RESULT: {"using":"xpath","value":"//span[contains(@id ,\"application-billingtransfer-display-component---billingWorkbench--smartTableBillingRuns-header-inner\")]"}
COMMAND: POST /session/b4f8750b6ab9764d379b715c7854fdbf/execute/sync - {"script":"<script> [56 bytes]","args":[{"element-6066-11e4-a52e-4f735466cecf":"f.8850BFF0213FDAA0CDBB6DAFAFD06CF5.d.A772B14E1BECD6B2D5864500F5CC20E6.e.18797","ELEMENT":"f.8850BFF0213FDAA0CDBB6DAFAFD06CF5.d.A772B14E1BECD6B2D5864500F5CC20E6.e.18797"}]}
RESULT: {"script":"<script> [56 bytes]","args":[{"element-6066-11e4-a52e-4f735466cecf":"f.8850BFF0213FDAA0CDBB6DAFAFD06CF5.d.A772B14E1BECD6B2D5864500F5CC20E6.e.18797","ELEMENT":"f.8850BFF0213FDAA0CDBB6DAFAFD06CF5.d.A772B14E1BECD6B2D5864500F5CC20E6.e.18797"}]}
COMMAND: POST /session/b4f8750b6ab9764d379b715c7854fdbf/element - {"using":"xpath","value":"//td[@aria-colindex=\"1\"]/div/div[contains(@class, \"sapMCbBg\")]"}
COMMAND: GET /session/b4f8750b6ab9764d379b715c7854fdbf/screenshot - {}
RESULT: {"using":"xpath","value":"//td[@aria-colindex=\"1\"]/div/div[contains(@class, \"sapMCbBg\")]"}
COMMAND: POST /session/b4f8750b6ab9764d379b715c7854fdbf/element/f.8850BFF0213FDAA0CDBB6DAFAFD06CF5.d.A772B14E1BECD6B2D5864500F5CC20E6.e.18668/click - {}
RESULT: {}
RESULT: {}
COMMAND: GET /session/b4f8750b6ab9764d379b715c7854fdbf/screenshot - {}
RESULT: {}
COMMAND: POST /session/b4f8750b6ab9764d379b715c7854fdbf/element - {"using":"xpath","value":"//bdi[contains(text(), \"Check\")]"}
RESULT: {"using":"xpath","value":"//bdi[contains(text(), \"Check\")]"}
COMMAND: POST /session/b4f8750b6ab9764d379b715c7854fdbf/element/f.8850BFF0213FDAA0CDBB6DAFAFD06CF5.d.A772B14E1BECD6B2D5864500F5CC20E6.e.18798/click - {}
RESULT: {}
COMMAND: GET /session/b4f8750b6ab9764d379b715c7854fdbf/screenshot - {}
RESULT: {}
COMMAND: POST /session/b4f8750b6ab9764d379b715c7854fdbf/element - {"using":"xpath","value":"//bdi[contains(text(), \"OK\")]"}
RESULT: {"using":"xpath","value":"//bdi[contains(text(), \"OK\")]"}
COMMAND: POST /session/b4f8750b6ab9764d379b715c7854fdbf/element/f.8850BFF0213FDAA0CDBB6DAFAFD06CF5.d.A772B14E1BECD6B2D5864500F5CC20E6.e.18801/click - {}
RESULT: {}
COMMAND: GET /session/b4f8750b6ab9764d379b715c7854fdbf/screenshot - {}
RESULT: {}
COMMAND: POST /session/b4f8750b6ab9764d379b715c7854fdbf/element - {"using":"xpath","value":"(//span[contains(text(), \"CO/SD checked\")]/parent::div/preceding-sibling::div/span)[1]"}
RESULT: {"using":"xpath","value":"(//span[contains(text(), \"CO/SD checked\")]/parent::div/preceding-sibling::div/span)[1]"}
COMMAND: POST /session/b4f8750b6ab9764d379b715c7854fdbf/element/f.8850BFF0213FDAA0CDBB6DAFAFD06CF5.d.A772B14E1BECD6B2D5864500F5CC20E6.e.18804/click - {}
RESULT: {}
COMMAND: GET /session/b4f8750b6ab9764d379b715c7854fdbf/screenshot - {}
RESULT: {}
COMMAND: POST /session/b4f8750b6ab9764d379b715c7854fdbf/element - {"using":"xpath","value":"//input[contains(@id ,\"application-billingtransfer-display-component---billingWorkbench--smartFilterBar-btnBasicSearch\")]"}
RESULT: {"using":"xpath","value":"//input[contains(@id ,\"application-billingtransfer-display-component---billingWorkbench--smartFilterBar-btnBasicSearch\")]"}
COMMAND: POST /session/b4f8750b6ab9764d379b715c7854fdbf/elements - {"using":"xpath","value":"//input[contains(@id ,\"application-billingtransfer-display-component---billingWorkbench--smartFilterBar-btnBasicSearch\")]"}
RESULT: {"using":"xpath","value":"//input[contains(@id ,\"application-billingtransfer-display-component---billingWorkbench--smartFilterBar-btnBasicSearch\")]"}
COMMAND: POST /session/b4f8750b6ab9764d379b715c7854fdbf/execute/sync - {"script":"<script> [8489 bytes]","args":[{"element-6066-11e4-a52e-4f735466cecf":"f.8850BFF0213FDAA0CDBB6DAFAFD06CF5.d.A772B14E1BECD6B2D5864500F5CC20E6.e.18573","ELEMENT":"f.8850BFF0213FDAA0CDBB6DAFAFD06CF5.d.A772B14E1BECD6B2D5864500F5CC20E6.e.18573"}]}
RESULT: {"script":"<script> [8489 bytes]","args":[{"element-6066-11e4-a52e-4f735466cecf":"f.8850BFF0213FDAA0CDBB6DAFAFD06CF5.d.A772B14E1BECD6B2D5864500F5CC20E6.e.18573","ELEMENT":"f.8850BFF0213FDAA0CDBB6DAFAFD06CF5.d.A772B14E1BECD6B2D5864500F5CC20E6.e.18573"}]}
COMMAND: GET /session/b4f8750b6ab9764d379b715c7854fdbf/element/f.8850BFF0213FDAA0CDBB6DAFAFD06CF5.d.A772B14E1BECD6B2D5864500F5CC20E6.e.18573/enabled - {}
COMMAND: GET /session/b4f8750b6ab9764d379b715c7854fdbf/screenshot - {}
RESULT: {}
COMMAND: POST /session/b4f8750b6ab9764d379b715c7854fdbf/element/f.8850BFF0213FDAA0CDBB6DAFAFD06CF5.d.A772B14E1BECD6B2D5864500F5CC20E6.e.18573/click - {}
COMMAND: GET /session/b4f8750b6ab9764d379b715c7854fdbf/screenshot - {}
RESULT: {}
RESULT: {}
COMMAND: GET /session/b4f8750b6ab9764d379b715c7854fdbf/screenshot - {}
RESULT: {}
RESULT: {}
COMMAND: POST /session/b4f8750b6ab9764d379b715c7854fdbf/element/f.8850BFF0213FDAA0CDBB6DAFAFD06CF5.d.A772B14E1BECD6B2D5864500F5CC20E6.e.18573/clear - {}
RESULT: {}
COMMAND: POST /session/b4f8750b6ab9764d379b715c7854fdbf/element/f.8850BFF0213FDAA0CDBB6DAFAFD06CF5.d.A772B14E1BECD6B2D5864500F5CC20E6.e.18573/value - {"text":"10183"}
COMMAND: GET /session/b4f8750b6ab9764d379b715c7854fdbf/screenshot - {}
RESULT: {"text":"10183"}
COMMAND: POST /session/b4f8750b6ab9764d379b715c7854fdbf/actions - {"actions":[{"id":"action59","type":"key","parameters":{},"actions":[{"type":"keyDown","value":""},{"type":"pause","duration":10},{"type":"keyUp","value":""}]}]}
COMMAND: GET /session/b4f8750b6ab9764d379b715c7854fdbf/screenshot - {}
RESULT: {}
RESULT: {"actions":[{"id":"action59","type":"key","parameters":{},"actions":[{"type":"keyDown","value":""},{"type":"pause","duration":10},{"type":"keyUp","value":""}]}]}
COMMAND: GET /session/b4f8750b6ab9764d379b715c7854fdbf/screenshot - {}
RESULT: {}
RESULT: {}
COMMAND: POST /session/b4f8750b6ab9764d379b715c7854fdbf/element - {"using":"xpath","value":"//span[contains(@id ,\"application-billingtransfer-display-component---billingWorkbench--smartTableBillingRuns-header-inner\")]"}
RESULT: {"using":"xpath","value":"//span[contains(@id ,\"application-billingtransfer-display-component---billingWorkbench--smartTableBillingRuns-header-inner\")]"}
COMMAND: POST /session/b4f8750b6ab9764d379b715c7854fdbf/elements - {"using":"xpath","value":"//span[contains(@id ,\"application-billingtransfer-display-component---billingWorkbench--smartTableBillingRuns-header-inner\")]"}
RESULT: {"using":"xpath","value":"//span[contains(@id ,\"application-billingtransfer-display-component---billingWorkbench--smartTableBillingRuns-header-inner\")]"}
COMMAND: POST /session/b4f8750b6ab9764d379b715c7854fdbf/execute/sync - {"script":"<script> [56 bytes]","args":[{"element-6066-11e4-a52e-4f735466cecf":"f.8850BFF0213FDAA0CDBB6DAFAFD06CF5.d.A772B14E1BECD6B2D5864500F5CC20E6.e.18797","ELEMENT":"f.8850BFF0213FDAA0CDBB6DAFAFD06CF5.d.A772B14E1BECD6B2D5864500F5CC20E6.e.18797"}]}
RESULT: {"script":"<script> [56 bytes]","args":[{"element-6066-11e4-a52e-4f735466cecf":"f.8850BFF0213FDAA0CDBB6DAFAFD06CF5.d.A772B14E1BECD6B2D5864500F5CC20E6.e.18797","ELEMENT":"f.8850BFF0213FDAA0CDBB6DAFAFD06CF5.d.A772B14E1BECD6B2D5864500F5CC20E6.e.18797"}]}
COMMAND: POST /session/b4f8750b6ab9764d379b715c7854fdbf/element - {"using":"xpath","value":"//td[@aria-colindex=\"1\"]/div/div[contains(@class, \"sapMCbBg\")]"}
COMMAND: GET /session/b4f8750b6ab9764d379b715c7854fdbf/screenshot - {}
RESULT: {"using":"xpath","value":"//td[@aria-colindex=\"1\"]/div/div[contains(@class, \"sapMCbBg\")]"}
COMMAND: POST /session/b4f8750b6ab9764d379b715c7854fdbf/element/f.8850BFF0213FDAA0CDBB6DAFAFD06CF5.d.A772B14E1BECD6B2D5864500F5CC20E6.e.18808/click - {}
RESULT: {}
RESULT: {}
COMMAND: GET /session/b4f8750b6ab9764d379b715c7854fdbf/screenshot - {}
RESULT: {}
COMMAND: POST /session/b4f8750b6ab9764d379b715c7854fdbf/element - {"using":"xpath","value":"//bdi[text()=\"Transfer\"]"}
RESULT: {"using":"xpath","value":"//bdi[text()=\"Transfer\"]"}
COMMAND: POST /session/b4f8750b6ab9764d379b715c7854fdbf/element/f.8850BFF0213FDAA0CDBB6DAFAFD06CF5.d.A772B14E1BECD6B2D5864500F5CC20E6.e.18809/click - {}
RESULT: {}
COMMAND: GET /session/b4f8750b6ab9764d379b715c7854fdbf/screenshot - {}
RESULT: {}
COMMAND: POST /session/b4f8750b6ab9764d379b715c7854fdbf/element - {"using":"xpath","value":"//bdi[contains(text(), \"OK\")]"}
RESULT: {"using":"xpath","value":"//bdi[contains(text(), \"OK\")]"}
COMMAND: POST /session/b4f8750b6ab9764d379b715c7854fdbf/element/f.8850BFF0213FDAA0CDBB6DAFAFD06CF5.d.A772B14E1BECD6B2D5864500F5CC20E6.e.18812/click - {}
RESULT: {}
COMMAND: GET /session/b4f8750b6ab9764d379b715c7854fdbf/screenshot - {}
RESULT: {}
COMMAND: POST /session/b4f8750b6ab9764d379b715c7854fdbf/element - {"using":"xpath","value":"(//span[contains(text(), \"Completed\")]/parent::div/preceding-sibling::div/span)[1]"}
RESULT: {"using":"xpath","value":"(//span[contains(text(), \"Completed\")]/parent::div/preceding-sibling::div/span)[1]"}
COMMAND: POST /session/b4f8750b6ab9764d379b715c7854fdbf/element/f.8850BFF0213FDAA0CDBB6DAFAFD06CF5.d.A772B14E1BECD6B2D5864500F5CC20E6.e.18813/click - {}
RESULT: {}
COMMAND: POST /session/b4f8750b6ab9764d379b715c7854fdbf/element - {"using":"xpath","value":"//input[contains(@id ,\"application-billingtransfer-display-component---billingWorkbench--smartFilterBar-btnBasicSearch\")]"}
COMMAND: GET /session/b4f8750b6ab9764d379b715c7854fdbf/screenshot - {}
RESULT: {"using":"xpath","value":"//input[contains(@id ,\"application-billingtransfer-display-component---billingWorkbench--smartFilterBar-btnBasicSearch\")]"}
COMMAND: POST /session/b4f8750b6ab9764d379b715c7854fdbf/elements - {"using":"xpath","value":"//input[contains(@id ,\"application-billingtransfer-display-component---billingWorkbench--smartFilterBar-btnBasicSearch\")]"}
RESULT: {}
RESULT: {"using":"xpath","value":"//input[contains(@id ,\"application-billingtransfer-display-component---billingWorkbench--smartFilterBar-btnBasicSearch\")]"}
COMMAND: POST /session/b4f8750b6ab9764d379b715c7854fdbf/execute/sync - {"script":"<script> [8489 bytes]","args":[{"element-6066-11e4-a52e-4f735466cecf":"f.8850BFF0213FDAA0CDBB6DAFAFD06CF5.d.A772B14E1BECD6B2D5864500F5CC20E6.e.18573","ELEMENT":"f.8850BFF0213FDAA0CDBB6DAFAFD06CF5.d.A772B14E1BECD6B2D5864500F5CC20E6.e.18573"}]}
RESULT: {"script":"<script> [8489 bytes]","args":[{"element-6066-11e4-a52e-4f735466cecf":"f.8850BFF0213FDAA0CDBB6DAFAFD06CF5.d.A772B14E1BECD6B2D5864500F5CC20E6.e.18573","ELEMENT":"f.8850BFF0213FDAA0CDBB6DAFAFD06CF5.d.A772B14E1BECD6B2D5864500F5CC20E6.e.18573"}]}
COMMAND: GET /session/b4f8750b6ab9764d379b715c7854fdbf/element/f.8850BFF0213FDAA0CDBB6DAFAFD06CF5.d.A772B14E1BECD6B2D5864500F5CC20E6.e.18573/enabled - {}
COMMAND: GET /session/b4f8750b6ab9764d379b715c7854fdbf/screenshot - {}
RESULT: {}
COMMAND: POST /session/b4f8750b6ab9764d379b715c7854fdbf/element/f.8850BFF0213FDAA0CDBB6DAFAFD06CF5.d.A772B14E1BECD6B2D5864500F5CC20E6.e.18573/click - {}
COMMAND: GET /session/b4f8750b6ab9764d379b715c7854fdbf/screenshot - {}
RESULT: {}
RESULT: {}
COMMAND: GET /session/b4f8750b6ab9764d379b715c7854fdbf/screenshot - {}
RESULT: {}
RESULT: {}
COMMAND: POST /session/b4f8750b6ab9764d379b715c7854fdbf/element/f.8850BFF0213FDAA0CDBB6DAFAFD06CF5.d.A772B14E1BECD6B2D5864500F5CC20E6.e.18573/clear - {}
RESULT: {}
COMMAND: POST /session/b4f8750b6ab9764d379b715c7854fdbf/element/f.8850BFF0213FDAA0CDBB6DAFAFD06CF5.d.A772B14E1BECD6B2D5864500F5CC20E6.e.18573/value - {"text":"10183"}
COMMAND: GET /session/b4f8750b6ab9764d379b715c7854fdbf/screenshot - {}
RESULT: {"text":"10183"}
COMMAND: POST /session/b4f8750b6ab9764d379b715c7854fdbf/actions - {"actions":[{"id":"action60","type":"key","parameters":{},"actions":[{"type":"keyDown","value":""},{"type":"pause","duration":10},{"type":"keyUp","value":""}]}]}
COMMAND: GET /session/b4f8750b6ab9764d379b715c7854fdbf/screenshot - {}
RESULT: {}
RESULT: {"actions":[{"id":"action60","type":"key","parameters":{},"actions":[{"type":"keyDown","value":""},{"type":"pause","duration":10},{"type":"keyUp","value":""}]}]}
COMMAND: GET /session/b4f8750b6ab9764d379b715c7854fdbf/screenshot - {}
RESULT: {}
RESULT: {}
COMMAND: POST /session/b4f8750b6ab9764d379b715c7854fdbf/element - {"using":"xpath","value":"//span[contains(@id ,\"application-billingtransfer-display-component---billingWorkbench--smartTableBillingRuns-header-inner\")]"}
RESULT: {"using":"xpath","value":"//span[contains(@id ,\"application-billingtransfer-display-component---billingWorkbench--smartTableBillingRuns-header-inner\")]"}
COMMAND: POST /session/b4f8750b6ab9764d379b715c7854fdbf/elements - {"using":"xpath","value":"//span[contains(@id ,\"application-billingtransfer-display-component---billingWorkbench--smartTableBillingRuns-header-inner\")]"}
RESULT: {"using":"xpath","value":"//span[contains(@id ,\"application-billingtransfer-display-component---billingWorkbench--smartTableBillingRuns-header-inner\")]"}
COMMAND: POST /session/b4f8750b6ab9764d379b715c7854fdbf/execute/sync - {"script":"<script> [56 bytes]","args":[{"element-6066-11e4-a52e-4f735466cecf":"f.8850BFF0213FDAA0CDBB6DAFAFD06CF5.d.A772B14E1BECD6B2D5864500F5CC20E6.e.18797","ELEMENT":"f.8850BFF0213FDAA0CDBB6DAFAFD06CF5.d.A772B14E1BECD6B2D5864500F5CC20E6.e.18797"}]}
RESULT: {"script":"<script> [56 bytes]","args":[{"element-6066-11e4-a52e-4f735466cecf":"f.8850BFF0213FDAA0CDBB6DAFAFD06CF5.d.A772B14E1BECD6B2D5864500F5CC20E6.e.18797","ELEMENT":"f.8850BFF0213FDAA0CDBB6DAFAFD06CF5.d.A772B14E1BECD6B2D5864500F5CC20E6.e.18797"}]}
COMMAND: POST /session/b4f8750b6ab9764d379b715c7854fdbf/element - {"using":"css selector","value":"#shell-header-logo"}
COMMAND: GET /session/b4f8750b6ab9764d379b715c7854fdbf/screenshot - {}
RESULT: {"using":"css selector","value":"#shell-header-logo"}
COMMAND: POST /session/b4f8750b6ab9764d379b715c7854fdbf/element/f.8850BFF0213FDAA0CDBB6DAFAFD06CF5.d.A772B14E1BECD6B2D5864500F5CC20E6.e.18571/click - {}
RESULT: {}
RESULT: {}
COMMAND: GET /session/b4f8750b6ab9764d379b715c7854fdbf/screenshot - {}
RESULT: {}
COMMAND: POST /session/b4f8750b6ab9764d379b715c7854fdbf/element - {"using":"css selector","value":"#j_username"}
COMMAND: POST /session/b4f8750b6ab9764d379b715c7854fdbf/url - {"url":"https://qa-testing-00-live-etm-ui.cfapps.eu10-004.hana.ondemand.com/"}
RESULT: {"using":"css selector","value":"#j_username"}
COMMAND: POST /session/b4f8750b6ab9764d379b715c7854fdbf/element - {"using":"css selector","value":"#j_username"}
RESULT: {"url":"https://qa-testing-00-live-etm-ui.cfapps.eu10-004.hana.ondemand.com/"}
RESULT: undefined
COMMAND: GET /session/b4f8750b6ab9764d379b715c7854fdbf/screenshot - {}
RESULT: {"using":"css selector","value":"#j_username"}
COMMAND: POST /session/b4f8750b6ab9764d379b715c7854fdbf/element - {"using":"css selector","value":"#shell-header-logo"}
RESULT: {}
RESULT: {"using":"css selector","value":"#shell-header-logo"}
COMMAND: POST /session/b4f8750b6ab9764d379b715c7854fdbf/execute/sync - {"script":"<script> [8489 bytes]","args":[{"element-6066-11e4-a52e-4f735466cecf":"f.8850BFF0213FDAA0CDBB6DAFAFD06CF5.d.F4AB9501900F965DA004F8726ECFC2B5.e.18832","ELEMENT":"f.8850BFF0213FDAA0CDBB6DAFAFD06CF5.d.F4AB9501900F965DA004F8726ECFC2B5.e.18832"}]}
RESULT: {"script":"<script> [8489 bytes]","args":[{"element-6066-11e4-a52e-4f735466cecf":"f.8850BFF0213FDAA0CDBB6DAFAFD06CF5.d.F4AB9501900F965DA004F8726ECFC2B5.e.18832","ELEMENT":"f.8850BFF0213FDAA0CDBB6DAFAFD06CF5.d.F4AB9501900F965DA004F8726ECFC2B5.e.18832"}]}
COMMAND: POST /session/b4f8750b6ab9764d379b715c7854fdbf/element - {"using":"css selector","value":"#shell-header-logo"}
COMMAND: GET /session/b4f8750b6ab9764d379b715c7854fdbf/screenshot - {}
RESULT: {"using":"css selector","value":"#shell-header-logo"}
COMMAND: POST /session/b4f8750b6ab9764d379b715c7854fdbf/execute/sync - {"script":"<script> [8489 bytes]","args":[{"element-6066-11e4-a52e-4f735466cecf":"f.8850BFF0213FDAA0CDBB6DAFAFD06CF5.d.F4AB9501900F965DA004F8726ECFC2B5.e.18832","ELEMENT":"f.8850BFF0213FDAA0CDBB6DAFAFD06CF5.d.F4AB9501900F965DA004F8726ECFC2B5.e.18832"}]}
RESULT: {}
RESULT: {"script":"<script> [8489 bytes]","args":[{"element-6066-11e4-a52e-4f735466cecf":"f.8850BFF0213FDAA0CDBB6DAFAFD06CF5.d.F4AB9501900F965DA004F8726ECFC2B5.e.18832","ELEMENT":"f.8850BFF0213FDAA0CDBB6DAFAFD06CF5.d.F4AB9501900F965DA004F8726ECFC2B5.e.18832"}]}
COMMAND: POST /session/b4f8750b6ab9764d379b715c7854fdbf/execute/sync - {"script":"<script> [5351 bytes]","args":[{"element-6066-11e4-a52e-4f735466cecf":"f.8850BFF0213FDAA0CDBB6DAFAFD06CF5.d.F4AB9501900F965DA004F8726ECFC2B5.e.18832","ELEMENT":"f.8850BFF0213FDAA0CDBB6DAFAFD06CF5.d.F4AB9501900F965DA004F8726ECFC2B5.e.18832"}]}
COMMAND: GET /session/b4f8750b6ab9764d379b715c7854fdbf/screenshot - {}
RESULT: {"script":"<script> [5351 bytes]","args":[{"element-6066-11e4-a52e-4f735466cecf":"f.8850BFF0213FDAA0CDBB6DAFAFD06CF5.d.F4AB9501900F965DA004F8726ECFC2B5.e.18832","ELEMENT":"f.8850BFF0213FDAA0CDBB6DAFAFD06CF5.d.F4AB9501900F965DA004F8726ECFC2B5.e.18832"}]}
COMMAND: POST /session/b4f8750b6ab9764d379b715c7854fdbf/element - {"using":"css selector","value":"#shell-header-logo"}
COMMAND: GET /session/b4f8750b6ab9764d379b715c7854fdbf/screenshot - {}
RESULT: {}
RESULT: {"using":"css selector","value":"#shell-header-logo"}
COMMAND: POST /session/b4f8750b6ab9764d379b715c7854fdbf/element/f.8850BFF0213FDAA0CDBB6DAFAFD06CF5.d.F4AB9501900F965DA004F8726ECFC2B5.e.18832/click - {}
RESULT: {}
RESULT: {}
COMMAND: GET /session/b4f8750b6ab9764d379b715c7854fdbf/screenshot - {}
RESULT: {}
COMMAND: POST /session/b4f8750b6ab9764d379b715c7854fdbf/execute/async - {"script":"<script> [189 bytes]","args":[]}
RESULT: {"script":"<script> [189 bytes]","args":[]}
COMMAND: POST /session/b4f8750b6ab9764d379b715c7854fdbf/execute/async - {"script":"<script> [123 bytes]","args":[]}
RESULT: {"script":"<script> [123 bytes]","args":[]}
COMMAND: POST /session/b4f8750b6ab9764d379b715c7854fdbf/timeouts - {"script":"<number>"}
RESULT: {"script":"<number>"}
COMMAND: GET /session/b4f8750b6ab9764d379b715c7854fdbf/timeouts - {}
RESULT: {}
RESULT: undefined
COMMAND: POST /session/b4f8750b6ab9764d379b715c7854fdbf/execute/async - {"script":"<script> [2676 bytes]","args":[]}
RESULT: {"script":"<script> [2676 bytes]","args":[]}
COMMAND: POST /session/b4f8750b6ab9764d379b715c7854fdbf/execute/async - {"script":"<script> [2342 bytes]","args":[{"protocol":"http","hostname":"0.0.0.0","path":"/","capabilities":{"browserName":"chrome","goog:chromeOptions":{"binary":"C:\\Program Files\\Google\\Chrome\\Application\\chrome.exe","args":["--start-maximized"]}},"logLevel":"warn","connectionRetryTimeout":120000,"connectionRetryCount":3,"logLevels":{},"enableDirectConnect":true,"strictSSL":true,"_":"65 more keys: [\"cacheDir\",\"port\",\"requestedCapabilities\",\"automationProtocol\",\"baseUrl\",\"waitforInterval\",\"waitforTimeout\",\"onReload\",\"beforeCommand\",\"afterCommand\",\"rootDir\",\"specs\",\"suites\",\"exclude\",\"groupLogsByTestSpec\",\"excludeDriverLogs\",\"bail\",\"framework\",\"reporters\",\"services\",\"maxInstances\",\"maxInstancesPerCapability\",\"injectGlobals\",\"filesToWatch\",\"execArgv\",\"runnerEnv\",\"runner\",\"shard\",\"specFileRetries\",\"specFileRetriesDelay\",\"specFileRetriesDeferred\",\"reporterSyncInterval\",\"reporterSyncTimeout\",\"cucumberFeaturesWithLineNumbers\",\"autoCompileOpts\",\"mochaOpts\",\"jasmineOpts\",\"cucumberOpts\",\"onPrepare\",\"onWorkerStart\",\"onWorkerEnd\",\"before\",\"beforeSession\",\"beforeSuite\",\"beforeHook\",\"beforeTest\",\"afterTest\",\"afterHook\",\"afterSuite\",\"afterSession\",\"after\",\"onComplete\",\"beforeAssertion\",\"afterAssertion\",\"beforeFeature\",\"beforeScenario\",\"beforeStep\",\"afterStep\",\"afterScenario\",\"afterFeature\",\"_\",\"suite\",\"$0\",\"ignoredWorkerServices\",\"wdi5\"]"}]}
RESULT: {"script":"<script> [2342 bytes]","args":[{"protocol":"http","hostname":"0.0.0.0","path":"/","capabilities":{"browserName":"chrome","goog:chromeOptions":{"binary":"C:\\Program Files\\Google\\Chrome\\Application\\chrome.exe","args":["--start-maximized"]}},"logLevel":"warn","connectionRetryTimeout":120000,"connectionRetryCount":3,"logLevels":{},"enableDirectConnect":true,"strictSSL":true,"_":"65 more keys: [\"cacheDir\",\"port\",\"requestedCapabilities\",\"automationProtocol\",\"baseUrl\",\"waitforInterval\",\"waitforTimeout\",\"onReload\",\"beforeCommand\",\"afterCommand\",\"rootDir\",\"specs\",\"suites\",\"exclude\",\"groupLogsByTestSpec\",\"excludeDriverLogs\",\"bail\",\"framework\",\"reporters\",\"services\",\"maxInstances\",\"maxInstancesPerCapability\",\"injectGlobals\",\"filesToWatch\",\"execArgv\",\"runnerEnv\",\"runner\",\"shard\",\"specFileRetries\",\"specFileRetriesDelay\",\"specFileRetriesDeferred\",\"reporterSyncInterval\",\"reporterSyncTimeout\",\"cucumberFeaturesWithLineNumbers\",\"autoCompileOpts\",\"mochaOpts\",\"jasmineOpts\",\"cucumberOpts\",\"onPrepare\",\"onWorkerStart\",\"onWorkerEnd\",\"before\",\"beforeSession\",\"beforeSuite\",\"beforeHook\",\"beforeTest\",\"afterTest\",\"afterHook\",\"afterSuite\",\"afterSession\",\"after\",\"onComplete\",\"beforeAssertion\",\"afterAssertion\",\"beforeFeature\",\"beforeScenario\",\"beforeStep\",\"afterStep\",\"afterScenario\",\"afterFeature\",\"_\",\"suite\",\"$0\",\"ignoredWorkerServices\",\"wdi5\"]"}]}
COMMAND: POST /session/b4f8750b6ab9764d379b715c7854fdbf/execute/async - {"script":"<script> [21126 bytes]","args":[35000]}
RESULT: {"script":"<script> [21126 bytes]","args":[35000]}
COMMAND: POST /session/b4f8750b6ab9764d379b715c7854fdbf/window/maximize - {}
RESULT: {}
COMMAND: POST /session/b4f8750b6ab9764d379b715c7854fdbf/execute/async - {"script":"<script> [1562 bytes]","args":[{"selector":{"id":"shell-header","interaction":{"idSuffix":"icon"}},"wdio_ui5_key":"shellheader"}]}
COMMAND: GET /session/b4f8750b6ab9764d379b715c7854fdbf/screenshot - {}
RESULT: undefined
RESULT: {"script":"<script> [1562 bytes]","args":[{"selector":{"id":"shell-header","interaction":{"idSuffix":"icon"}},"wdio_ui5_key":"shellheader"}]}
RESULT: undefined
COMMAND: POST /session/b4f8750b6ab9764d379b715c7854fdbf/refresh - {}
RESULT: {}
RESULT: {}
COMMAND: GET /session/b4f8750b6ab9764d379b715c7854fdbf/screenshot - {}
RESULT: undefined
RESULT: {}
COMMAND: POST /session/b4f8750b6ab9764d379b715c7854fdbf/refresh - {}
RESULT: {}
COMMAND: GET /session/b4f8750b6ab9764d379b715c7854fdbf/screenshot - {}
RESULT: {}
COMMAND: POST /session/b4f8750b6ab9764d379b715c7854fdbf/window/fullscreen - {}
RESULT: {}
COMMAND: POST /session/b4f8750b6ab9764d379b715c7854fdbf/execute/async - {"script":"<script> [189 bytes]","args":[]}
RESULT: {"script":"<script> [189 bytes]","args":[]}
COMMAND: POST /session/b4f8750b6ab9764d379b715c7854fdbf/execute/async - {"script":"<script> [123 bytes]","args":[]}
RESULT: {"script":"<script> [123 bytes]","args":[]}
COMMAND: POST /session/b4f8750b6ab9764d379b715c7854fdbf/timeouts - {"script":"<number>"}
RESULT: {"script":"<number>"}
COMMAND: GET /session/b4f8750b6ab9764d379b715c7854fdbf/timeouts - {}
RESULT: {}
RESULT: undefined
COMMAND: POST /session/b4f8750b6ab9764d379b715c7854fdbf/execute/async - {"script":"<script> [2676 bytes]","args":[]}
RESULT: {"script":"<script> [2676 bytes]","args":[]}
COMMAND: POST /session/b4f8750b6ab9764d379b715c7854fdbf/execute/async - {"script":"<script> [2342 bytes]","args":[{"protocol":"http","hostname":"0.0.0.0","path":"/","capabilities":{"browserName":"chrome","goog:chromeOptions":{"binary":"C:\\Program Files\\Google\\Chrome\\Application\\chrome.exe","args":["--start-maximized"]}},"logLevel":"warn","connectionRetryTimeout":120000,"connectionRetryCount":3,"logLevels":{},"enableDirectConnect":true,"strictSSL":true,"_":"65 more keys: [\"cacheDir\",\"port\",\"requestedCapabilities\",\"automationProtocol\",\"baseUrl\",\"waitforInterval\",\"waitforTimeout\",\"onReload\",\"beforeCommand\",\"afterCommand\",\"rootDir\",\"specs\",\"suites\",\"exclude\",\"groupLogsByTestSpec\",\"excludeDriverLogs\",\"bail\",\"framework\",\"reporters\",\"services\",\"maxInstances\",\"maxInstancesPerCapability\",\"injectGlobals\",\"filesToWatch\",\"execArgv\",\"runnerEnv\",\"runner\",\"shard\",\"specFileRetries\",\"specFileRetriesDelay\",\"specFileRetriesDeferred\",\"reporterSyncInterval\",\"reporterSyncTimeout\",\"cucumberFeaturesWithLineNumbers\",\"autoCompileOpts\",\"mochaOpts\",\"jasmineOpts\",\"cucumberOpts\",\"onPrepare\",\"onWorkerStart\",\"onWorkerEnd\",\"before\",\"beforeSession\",\"beforeSuite\",\"beforeHook\",\"beforeTest\",\"afterTest\",\"afterHook\",\"afterSuite\",\"afterSession\",\"after\",\"onComplete\",\"beforeAssertion\",\"afterAssertion\",\"beforeFeature\",\"beforeScenario\",\"beforeStep\",\"afterStep\",\"afterScenario\",\"afterFeature\",\"_\",\"suite\",\"$0\",\"ignoredWorkerServices\",\"wdi5\"]"}]}
RESULT: {"script":"<script> [2342 bytes]","args":[{"protocol":"http","hostname":"0.0.0.0","path":"/","capabilities":{"browserName":"chrome","goog:chromeOptions":{"binary":"C:\\Program Files\\Google\\Chrome\\Application\\chrome.exe","args":["--start-maximized"]}},"logLevel":"warn","connectionRetryTimeout":120000,"connectionRetryCount":3,"logLevels":{},"enableDirectConnect":true,"strictSSL":true,"_":"65 more keys: [\"cacheDir\",\"port\",\"requestedCapabilities\",\"automationProtocol\",\"baseUrl\",\"waitforInterval\",\"waitforTimeout\",\"onReload\",\"beforeCommand\",\"afterCommand\",\"rootDir\",\"specs\",\"suites\",\"exclude\",\"groupLogsByTestSpec\",\"excludeDriverLogs\",\"bail\",\"framework\",\"reporters\",\"services\",\"maxInstances\",\"maxInstancesPerCapability\",\"injectGlobals\",\"filesToWatch\",\"execArgv\",\"runnerEnv\",\"runner\",\"shard\",\"specFileRetries\",\"specFileRetriesDelay\",\"specFileRetriesDeferred\",\"reporterSyncInterval\",\"reporterSyncTimeout\",\"cucumberFeaturesWithLineNumbers\",\"autoCompileOpts\",\"mochaOpts\",\"jasmineOpts\",\"cucumberOpts\",\"onPrepare\",\"onWorkerStart\",\"onWorkerEnd\",\"before\",\"beforeSession\",\"beforeSuite\",\"beforeHook\",\"beforeTest\",\"afterTest\",\"afterHook\",\"afterSuite\",\"afterSession\",\"after\",\"onComplete\",\"beforeAssertion\",\"afterAssertion\",\"beforeFeature\",\"beforeScenario\",\"beforeStep\",\"afterStep\",\"afterScenario\",\"afterFeature\",\"_\",\"suite\",\"$0\",\"ignoredWorkerServices\",\"wdi5\"]"}]}
COMMAND: POST /session/b4f8750b6ab9764d379b715c7854fdbf/execute/async - {"script":"<script> [21126 bytes]","args":[35000]}
RESULT: {"script":"<script> [21126 bytes]","args":[35000]}
]]></system-out>
    </testcase>
  </testsuite>
  <testsuite timestamp="2025-06-13T18:12:00" time="706.201" tests="12" failures="0" errors="0" skipped="0">
    <properties>
      <property name="specId" value="0"/>
      <property name="suiteName" value="Create Reverse Billing US127248"/>
      <property name="capabilities" value="chrome.137_0_7151_69.windows"/>
      <property name="file" value="file:///D:/a/1/s/test/specs/BTS/reverse-billing.spec.js"/>
    </properties>
    <testcase classname="chrome.137_0_7151_69.windows.Create_Reverse_Billing_US127248" name="Should create a new yard" time="0.017">
      <system-out><![CDATA[
COMMAND: POST /session/b4f8750b6ab9764d379b715c7854fdbf/window/fullscreen - {}
RESULT: {}
]]></system-out>
    </testcase>
    <testcase classname="chrome.137_0_7151_69.windows.Create_Reverse_Billing_US127248" name="Should create a new partner" time="0.001"/>
    <testcase classname="chrome.137_0_7151_69.windows.Create_Reverse_Billing_US127248" name="Should create a new site" time="0.002"/>
    <testcase classname="chrome.137_0_7151_69.windows.Create_Reverse_Billing_US127248" name="Should create a resource" time="143.054">
      <system-out><![CDATA[
COMMAND: POST /session/b4f8750b6ab9764d379b715c7854fdbf/execute/async - {"script":"<script> [1562 bytes]","args":[{"selector":{"controlType":"sap.m.GenericTile","properties":{"header":"Manage Resources"}},"wdio_ui5_key":"sapm.GenericTile{\"header\":\"Manage Resources\"}"}]}
RESULT: {"script":"<script> [1562 bytes]","args":[{"selector":{"controlType":"sap.m.GenericTile","properties":{"header":"Manage Resources"}},"wdio_ui5_key":"sapm.GenericTile{\"header\":\"Manage Resources\"}"}]}
RESULT: undefined
COMMAND: POST /session/b4f8750b6ab9764d379b715c7854fdbf/element - {"using":"xpath","value":"//*[@id=\"__tile40\"]"}
RESULT: {"using":"xpath","value":"//*[@id=\"__tile40\"]"}
COMMAND: POST /session/b4f8750b6ab9764d379b715c7854fdbf/element/f.8850BFF0213FDAA0CDBB6DAFAFD06CF5.d.A3C000BB0FD63178665D93B1B9AE893B.e.18986/click - {}
RESULT: {}
COMMAND: GET /session/b4f8750b6ab9764d379b715c7854fdbf/screenshot - {}
RESULT: {}
COMMAND: POST /session/b4f8750b6ab9764d379b715c7854fdbf/elements - {"using":"xpath","value":"//span[text()='Error']"}
RESULT: {"using":"xpath","value":"//span[text()='Error']"}
COMMAND: POST /session/b4f8750b6ab9764d379b715c7854fdbf/element - {"using":"xpath","value":"//button[@data-kt=\"addNewRUOverflowToolbarButton\"]"}
RESULT: {"using":"xpath","value":"//button[@data-kt=\"addNewRUOverflowToolbarButton\"]"}
COMMAND: POST /session/b4f8750b6ab9764d379b715c7854fdbf/elements - {"using":"xpath","value":"//button[@data-kt=\"addNewRUOverflowToolbarButton\"]"}
RESULT: {"using":"xpath","value":"//button[@data-kt=\"addNewRUOverflowToolbarButton\"]"}
COMMAND: POST /session/b4f8750b6ab9764d379b715c7854fdbf/elements - {"using":"xpath","value":"//button[@data-kt=\"addNewRUOverflowToolbarButton\"]"}
RESULT: {"using":"xpath","value":"//button[@data-kt=\"addNewRUOverflowToolbarButton\"]"}
COMMAND: POST /session/b4f8750b6ab9764d379b715c7854fdbf/elements - {"using":"xpath","value":"//button[@data-kt=\"addNewRUOverflowToolbarButton\"]"}
RESULT: {"using":"xpath","value":"//button[@data-kt=\"addNewRUOverflowToolbarButton\"]"}
COMMAND: POST /session/b4f8750b6ab9764d379b715c7854fdbf/elements - {"using":"xpath","value":"//button[@data-kt=\"addNewRUOverflowToolbarButton\"]"}
RESULT: {"using":"xpath","value":"//button[@data-kt=\"addNewRUOverflowToolbarButton\"]"}
COMMAND: POST /session/b4f8750b6ab9764d379b715c7854fdbf/elements - {"using":"xpath","value":"//button[@data-kt=\"addNewRUOverflowToolbarButton\"]"}
RESULT: {"using":"xpath","value":"//button[@data-kt=\"addNewRUOverflowToolbarButton\"]"}
COMMAND: POST /session/b4f8750b6ab9764d379b715c7854fdbf/element - {"using":"xpath","value":"//button[@data-kt=\"addNewRUOverflowToolbarButton\"]"}
RESULT: {"using":"xpath","value":"//button[@data-kt=\"addNewRUOverflowToolbarButton\"]"}
COMMAND: POST /session/b4f8750b6ab9764d379b715c7854fdbf/execute/sync - {"script":"<script> [8489 bytes]","args":[{"element-6066-11e4-a52e-4f735466cecf":"f.8850BFF0213FDAA0CDBB6DAFAFD06CF5.d.A3C000BB0FD63178665D93B1B9AE893B.e.19129","ELEMENT":"f.8850BFF0213FDAA0CDBB6DAFAFD06CF5.d.A3C000BB0FD63178665D93B1B9AE893B.e.19129"}]}
RESULT: {"script":"<script> [8489 bytes]","args":[{"element-6066-11e4-a52e-4f735466cecf":"f.8850BFF0213FDAA0CDBB6DAFAFD06CF5.d.A3C000BB0FD63178665D93B1B9AE893B.e.19129","ELEMENT":"f.8850BFF0213FDAA0CDBB6DAFAFD06CF5.d.A3C000BB0FD63178665D93B1B9AE893B.e.19129"}]}
COMMAND: GET /session/b4f8750b6ab9764d379b715c7854fdbf/element/f.8850BFF0213FDAA0CDBB6DAFAFD06CF5.d.A3C000BB0FD63178665D93B1B9AE893B.e.19129/enabled - {}
COMMAND: GET /session/b4f8750b6ab9764d379b715c7854fdbf/screenshot - {}
RESULT: {}
COMMAND: POST /session/b4f8750b6ab9764d379b715c7854fdbf/execute/sync - {"script":"<script> [8489 bytes]","args":[{"element-6066-11e4-a52e-4f735466cecf":"f.8850BFF0213FDAA0CDBB6DAFAFD06CF5.d.A3C000BB0FD63178665D93B1B9AE893B.e.19129","ELEMENT":"f.8850BFF0213FDAA0CDBB6DAFAFD06CF5.d.A3C000BB0FD63178665D93B1B9AE893B.e.19129"}]}
COMMAND: GET /session/b4f8750b6ab9764d379b715c7854fdbf/screenshot - {}
RESULT: {}
RESULT: {"script":"<script> [8489 bytes]","args":[{"element-6066-11e4-a52e-4f735466cecf":"f.8850BFF0213FDAA0CDBB6DAFAFD06CF5.d.A3C000BB0FD63178665D93B1B9AE893B.e.19129","ELEMENT":"f.8850BFF0213FDAA0CDBB6DAFAFD06CF5.d.A3C000BB0FD63178665D93B1B9AE893B.e.19129"}]}
COMMAND: POST /session/b4f8750b6ab9764d379b715c7854fdbf/execute/sync - {"script":"<script> [5351 bytes]","args":[{"element-6066-11e4-a52e-4f735466cecf":"f.8850BFF0213FDAA0CDBB6DAFAFD06CF5.d.A3C000BB0FD63178665D93B1B9AE893B.e.19129","ELEMENT":"f.8850BFF0213FDAA0CDBB6DAFAFD06CF5.d.A3C000BB0FD63178665D93B1B9AE893B.e.19129"}]}
COMMAND: GET /session/b4f8750b6ab9764d379b715c7854fdbf/screenshot - {}
RESULT: {}
RESULT: {"script":"<script> [5351 bytes]","args":[{"element-6066-11e4-a52e-4f735466cecf":"f.8850BFF0213FDAA0CDBB6DAFAFD06CF5.d.A3C000BB0FD63178665D93B1B9AE893B.e.19129","ELEMENT":"f.8850BFF0213FDAA0CDBB6DAFAFD06CF5.d.A3C000BB0FD63178665D93B1B9AE893B.e.19129"}]}
COMMAND: POST /session/b4f8750b6ab9764d379b715c7854fdbf/element/f.8850BFF0213FDAA0CDBB6DAFAFD06CF5.d.A3C000BB0FD63178665D93B1B9AE893B.e.19129/click - {}
COMMAND: GET /session/b4f8750b6ab9764d379b715c7854fdbf/screenshot - {}
RESULT: {}
RESULT: {}
COMMAND: GET /session/b4f8750b6ab9764d379b715c7854fdbf/screenshot - {}
COMMAND: POST /session/b4f8750b6ab9764d379b715c7854fdbf/execute/async - {"script":"<script> [1562 bytes]","args":[{"selector":{"id":"application-manageresources-display-component---newResourceUnit--TYPE-arrow"},"wdio_ui5_key":"applicationmanageresources-display-component---newResourceUnit--TYPE-arrow"}]}
RESULT: {}
RESULT: {}
RESULT: {"script":"<script> [1562 bytes]","args":[{"selector":{"id":"application-manageresources-display-component---newResourceUnit--TYPE-arrow"},"wdio_ui5_key":"applicationmanageresources-display-component---newResourceUnit--TYPE-arrow"}]}
RESULT: undefined
COMMAND: POST /session/b4f8750b6ab9764d379b715c7854fdbf/element - {"using":"xpath","value":"//*[@id=\"application-manageresources-display-component---newResourceUnit--TYPE-arrow\"]"}
RESULT: {"using":"xpath","value":"//*[@id=\"application-manageresources-display-component---newResourceUnit--TYPE-arrow\"]"}
COMMAND: POST /session/b4f8750b6ab9764d379b715c7854fdbf/element/f.8850BFF0213FDAA0CDBB6DAFAFD06CF5.d.A3C000BB0FD63178665D93B1B9AE893B.e.19498/click - {}
RESULT: {}
COMMAND: POST /session/b4f8750b6ab9764d379b715c7854fdbf/element - {"using":"xpath","value":"//input[@id=\"application-manageresources-display-component---newResourceUnit--TYPE-inner\"]"}
COMMAND: GET /session/b4f8750b6ab9764d379b715c7854fdbf/screenshot - {}
RESULT: {"using":"xpath","value":"//input[@id=\"application-manageresources-display-component---newResourceUnit--TYPE-inner\"]"}
COMMAND: POST /session/b4f8750b6ab9764d379b715c7854fdbf/element/f.8850BFF0213FDAA0CDBB6DAFAFD06CF5.d.A3C000BB0FD63178665D93B1B9AE893B.e.19485/clear - {}
RESULT: {}
RESULT: {}
COMMAND: POST /session/b4f8750b6ab9764d379b715c7854fdbf/element/f.8850BFF0213FDAA0CDBB6DAFAFD06CF5.d.A3C000BB0FD63178665D93B1B9AE893B.e.19485/value - {"text":"Equipment"}
COMMAND: GET /session/b4f8750b6ab9764d379b715c7854fdbf/screenshot - {}
RESULT: {"text":"Equipment"}
COMMAND: GET /session/b4f8750b6ab9764d379b715c7854fdbf/screenshot - {}
RESULT: {}
RESULT: {}
COMMAND: POST /session/b4f8750b6ab9764d379b715c7854fdbf/actions - {"actions":[{"id":"action61","type":"key","parameters":{},"actions":[{"type":"keyDown","value":""},{"type":"pause","duration":10},{"type":"keyUp","value":""}]}]}
RESULT: {"actions":[{"id":"action61","type":"key","parameters":{},"actions":[{"type":"keyDown","value":""},{"type":"pause","duration":10},{"type":"keyUp","value":""}]}]}
COMMAND: POST /session/b4f8750b6ab9764d379b715c7854fdbf/execute/async - {"script":"<script> [1562 bytes]","args":[{"selector":{"id":"application-manageresources-display-component---newResourceUnit--resourceId","interaction":{"idSuffix":"inner"}},"wdio_ui5_key":"applicationmanageresources-display-component---newResourceUnit--resourceId"}]}
COMMAND: GET /session/b4f8750b6ab9764d379b715c7854fdbf/screenshot - {}
RESULT: {"script":"<script> [1562 bytes]","args":[{"selector":{"id":"application-manageresources-display-component---newResourceUnit--resourceId","interaction":{"idSuffix":"inner"}},"wdio_ui5_key":"applicationmanageresources-display-component---newResourceUnit--resourceId"}]}
RESULT: undefined
COMMAND: POST /session/b4f8750b6ab9764d379b715c7854fdbf/execute/async - {"script":"<script> [776 bytes]","args":[{"enterText":"xz5NJQ3oy9","selector":{"id":"application-manageresources-display-component---newResourceUnit--resourceId","interaction":{"idSuffix":"inner"}},"clearTextFirst":true,"interactionType":"ENTER_TEXT"}]}
RESULT: {}
RESULT: {"script":"<script> [776 bytes]","args":[{"enterText":"xz5NJQ3oy9","selector":{"id":"application-manageresources-display-component---newResourceUnit--resourceId","interaction":{"idSuffix":"inner"}},"clearTextFirst":true,"interactionType":"ENTER_TEXT"}]}
COMMAND: POST /session/b4f8750b6ab9764d379b715c7854fdbf/execute/async - {"script":"<script> [1562 bytes]","args":[{"selector":{"id":"application-manageresources-display-component---newResourceUnit--SHORT_TEXT","interaction":{"idSuffix":"inner"}},"wdio_ui5_key":"applicationmanageresources-display-component---newResourceUnit--SHORT_TEXT"}]}
RESULT: {"script":"<script> [1562 bytes]","args":[{"selector":{"id":"application-manageresources-display-component---newResourceUnit--SHORT_TEXT","interaction":{"idSuffix":"inner"}},"wdio_ui5_key":"applicationmanageresources-display-component---newResourceUnit--SHORT_TEXT"}]}
RESULT: undefined
COMMAND: POST /session/b4f8750b6ab9764d379b715c7854fdbf/execute/async - {"script":"<script> [776 bytes]","args":[{"enterText":"Intercompany Equipment WDIO","selector":{"id":"application-manageresources-display-component---newResourceUnit--SHORT_TEXT","interaction":{"idSuffix":"inner"}},"clearTextFirst":true,"interactionType":"ENTER_TEXT"}]}
RESULT: {"script":"<script> [776 bytes]","args":[{"enterText":"Intercompany Equipment WDIO","selector":{"id":"application-manageresources-display-component---newResourceUnit--SHORT_TEXT","interaction":{"idSuffix":"inner"}},"clearTextFirst":true,"interactionType":"ENTER_TEXT"}]}
COMMAND: POST /session/b4f8750b6ab9764d379b715c7854fdbf/execute/async - {"script":"<script> [1562 bytes]","args":[{"selector":{"id":"application-manageresources-display-component---newResourceUnit--BASE_UNIT_OF_MEASURE","interaction":{"idSuffix":"inner"}},"wdio_ui5_key":"applicationmanageresources-display-component---newResourceUnit--BASE_UNIT_OF_MEASURE"}]}
RESULT: {"script":"<script> [1562 bytes]","args":[{"selector":{"id":"application-manageresources-display-component---newResourceUnit--BASE_UNIT_OF_MEASURE","interaction":{"idSuffix":"inner"}},"wdio_ui5_key":"applicationmanageresources-display-component---newResourceUnit--BASE_UNIT_OF_MEASURE"}]}
RESULT: undefined
COMMAND: POST /session/b4f8750b6ab9764d379b715c7854fdbf/execute/async - {"script":"<script> [776 bytes]","args":[{"enterText":"Piece","selector":{"id":"application-manageresources-display-component---newResourceUnit--BASE_UNIT_OF_MEASURE","interaction":{"idSuffix":"inner"}},"clearTextFirst":true,"interactionType":"ENTER_TEXT"}]}
RESULT: {"script":"<script> [776 bytes]","args":[{"enterText":"Piece","selector":{"id":"application-manageresources-display-component---newResourceUnit--BASE_UNIT_OF_MEASURE","interaction":{"idSuffix":"inner"}},"clearTextFirst":true,"interactionType":"ENTER_TEXT"}]}
COMMAND: POST /session/b4f8750b6ab9764d379b715c7854fdbf/execute/async - {"script":"<script> [1562 bytes]","args":[{"selector":{"id":"application-manageresources-display-component---newResourceUnit--WEIGHT_UNIT","interaction":{"idSuffix":"inner"}},"wdio_ui5_key":"applicationmanageresources-display-component---newResourceUnit--WEIGHT_UNIT"}]}
RESULT: {"script":"<script> [1562 bytes]","args":[{"selector":{"id":"application-manageresources-display-component---newResourceUnit--WEIGHT_UNIT","interaction":{"idSuffix":"inner"}},"wdio_ui5_key":"applicationmanageresources-display-component---newResourceUnit--WEIGHT_UNIT"}]}
RESULT: undefined
COMMAND: POST /session/b4f8750b6ab9764d379b715c7854fdbf/execute/async - {"script":"<script> [776 bytes]","args":[{"enterText":"Gram","selector":{"id":"application-manageresources-display-component---newResourceUnit--WEIGHT_UNIT","interaction":{"idSuffix":"inner"}},"clearTextFirst":true,"interactionType":"ENTER_TEXT"}]}
RESULT: {"script":"<script> [776 bytes]","args":[{"enterText":"Gram","selector":{"id":"application-manageresources-display-component---newResourceUnit--WEIGHT_UNIT","interaction":{"idSuffix":"inner"}},"clearTextFirst":true,"interactionType":"ENTER_TEXT"}]}
COMMAND: POST /session/b4f8750b6ab9764d379b715c7854fdbf/execute/async - {"script":"<script> [1562 bytes]","args":[{"selector":{"id":"application-manageresources-display-component---newResourceUnit--DIMENSION_UNIT","interaction":{"idSuffix":"inner"}},"wdio_ui5_key":"applicationmanageresources-display-component---newResourceUnit--DIMENSION_UNIT"}]}
RESULT: {"script":"<script> [1562 bytes]","args":[{"selector":{"id":"application-manageresources-display-component---newResourceUnit--DIMENSION_UNIT","interaction":{"idSuffix":"inner"}},"wdio_ui5_key":"applicationmanageresources-display-component---newResourceUnit--DIMENSION_UNIT"}]}
RESULT: undefined
COMMAND: POST /session/b4f8750b6ab9764d379b715c7854fdbf/execute/async - {"script":"<script> [776 bytes]","args":[{"enterText":"Meter","selector":{"id":"application-manageresources-display-component---newResourceUnit--DIMENSION_UNIT","interaction":{"idSuffix":"inner"}},"clearTextFirst":true,"interactionType":"ENTER_TEXT"}]}
RESULT: {"script":"<script> [776 bytes]","args":[{"enterText":"Meter","selector":{"id":"application-manageresources-display-component---newResourceUnit--DIMENSION_UNIT","interaction":{"idSuffix":"inner"}},"clearTextFirst":true,"interactionType":"ENTER_TEXT"}]}
COMMAND: POST /session/b4f8750b6ab9764d379b715c7854fdbf/execute/async - {"script":"<script> [1562 bytes]","args":[{"selector":{"id":"application-manageresources-display-component---newResourceUnit--newRRUPage-anchBar-application-manageresources-display-component---newResourceUnit--control-anchor","interaction":{"idSuffix":"BDI-content"}},"wdio_ui5_key":"applicationmanageresources-display-component---newResourceUnit--newRRUPage-anchBar-application-manageresources-display-component---newResourceUnit--control-anchor"}]}
RESULT: {"script":"<script> [1562 bytes]","args":[{"selector":{"id":"application-manageresources-display-component---newResourceUnit--newRRUPage-anchBar-application-manageresources-display-component---newResourceUnit--control-anchor","interaction":{"idSuffix":"BDI-content"}},"wdio_ui5_key":"applicationmanageresources-display-component---newResourceUnit--newRRUPage-anchBar-application-manageresources-display-component---newResourceUnit--control-anchor"}]}
RESULT: undefined
COMMAND: POST /session/b4f8750b6ab9764d379b715c7854fdbf/element - {"using":"xpath","value":"//*[@id=\"application-manageresources-display-component---newResourceUnit--newRRUPage-anchBar-application-manageresources-display-component---newResourceUnit--control-anchor\"]"}
RESULT: {"using":"xpath","value":"//*[@id=\"application-manageresources-display-component---newResourceUnit--newRRUPage-anchBar-application-manageresources-display-component---newResourceUnit--control-anchor\"]"}
COMMAND: POST /session/b4f8750b6ab9764d379b715c7854fdbf/element/f.8850BFF0213FDAA0CDBB6DAFAFD06CF5.d.A3C000BB0FD63178665D93B1B9AE893B.e.19657/click - {}
RESULT: {}
COMMAND: POST /session/b4f8750b6ab9764d379b715c7854fdbf/execute/async - {"script":"<script> [1562 bytes]","args":[{"selector":{"id":"application-manageresources-display-component---newResourceUnit--PLANNING_GROUP","interaction":{"idSuffix":"inner"}},"wdio_ui5_key":"applicationmanageresources-display-component---newResourceUnit--PLANNING_GROUP"}]}
COMMAND: GET /session/b4f8750b6ab9764d379b715c7854fdbf/screenshot - {}
RESULT: {"script":"<script> [1562 bytes]","args":[{"selector":{"id":"application-manageresources-display-component---newResourceUnit--PLANNING_GROUP","interaction":{"idSuffix":"inner"}},"wdio_ui5_key":"applicationmanageresources-display-component---newResourceUnit--PLANNING_GROUP"}]}
RESULT: undefined
COMMAND: POST /session/b4f8750b6ab9764d379b715c7854fdbf/execute/async - {"script":"<script> [776 bytes]","args":[{"enterText":"Heavy Equi","selector":{"id":"application-manageresources-display-component---newResourceUnit--PLANNING_GROUP","interaction":{"idSuffix":"inner"}},"clearTextFirst":true,"interactionType":"ENTER_TEXT"}]}
RESULT: {}
RESULT: {"script":"<script> [776 bytes]","args":[{"enterText":"Heavy Equi","selector":{"id":"application-manageresources-display-component---newResourceUnit--PLANNING_GROUP","interaction":{"idSuffix":"inner"}},"clearTextFirst":true,"interactionType":"ENTER_TEXT"}]}
COMMAND: POST /session/b4f8750b6ab9764d379b715c7854fdbf/execute/async - {"script":"<script> [1562 bytes]","args":[{"selector":{"id":"application-manageresources-display-component---newResourceUnit--ITEM_TYPE-arrow"},"wdio_ui5_key":"applicationmanageresources-display-component---newResourceUnit--ITEM_TYPE-arrow"}]}
RESULT: {"script":"<script> [1562 bytes]","args":[{"selector":{"id":"application-manageresources-display-component---newResourceUnit--ITEM_TYPE-arrow"},"wdio_ui5_key":"applicationmanageresources-display-component---newResourceUnit--ITEM_TYPE-arrow"}]}
RESULT: undefined
COMMAND: POST /session/b4f8750b6ab9764d379b715c7854fdbf/element - {"using":"xpath","value":"//*[@id=\"application-manageresources-display-component---newResourceUnit--ITEM_TYPE-arrow\"]"}
RESULT: {"using":"xpath","value":"//*[@id=\"application-manageresources-display-component---newResourceUnit--ITEM_TYPE-arrow\"]"}
COMMAND: POST /session/b4f8750b6ab9764d379b715c7854fdbf/element/f.8850BFF0213FDAA0CDBB6DAFAFD06CF5.d.A3C000BB0FD63178665D93B1B9AE893B.e.19666/click - {}
RESULT: {}
COMMAND: POST /session/b4f8750b6ab9764d379b715c7854fdbf/element - {"using":"xpath","value":"//ul[contains(@id,\"ITEM_TYPE-popup-list-listUl\")]//li[.//span[contains(text(),\"Resource Unit\")]]"}
COMMAND: GET /session/b4f8750b6ab9764d379b715c7854fdbf/screenshot - {}
RESULT: {"using":"xpath","value":"//ul[contains(@id,\"ITEM_TYPE-popup-list-listUl\")]//li[.//span[contains(text(),\"Resource Unit\")]]"}
COMMAND: POST /session/b4f8750b6ab9764d379b715c7854fdbf/element/f.8850BFF0213FDAA0CDBB6DAFAFD06CF5.d.A3C000BB0FD63178665D93B1B9AE893B.e.19667/click - {}
RESULT: {}
RESULT: {}
COMMAND: GET /session/b4f8750b6ab9764d379b715c7854fdbf/screenshot - {}
RESULT: {}
COMMAND: POST /session/b4f8750b6ab9764d379b715c7854fdbf/element - {"using":"css selector","value":"#application-manageresources-display-component---newResourceUnit--btnAddTimeSegment"}
RESULT: {"using":"css selector","value":"#application-manageresources-display-component---newResourceUnit--btnAddTimeSegment"}
COMMAND: GET /session/b4f8750b6ab9764d379b715c7854fdbf/element/f.8850BFF0213FDAA0CDBB6DAFAFD06CF5.d.A3C000BB0FD63178665D93B1B9AE893B.e.19675/rect - {}
RESULT: {}
COMMAND: GET /session/b4f8750b6ab9764d379b715c7854fdbf/window/rect - {}
RESULT: {}
COMMAND: POST /session/b4f8750b6ab9764d379b715c7854fdbf/execute/sync - {"script":"<script> [92 bytes]","args":[]}
RESULT: {"script":"<script> [92 bytes]","args":[]}
COMMAND: POST /session/b4f8750b6ab9764d379b715c7854fdbf/actions - {"actions":[{"id":"action62","type":"wheel","parameters":{},"actions":[{"type":"scroll","x":-1888,"y":-32,"deltaX":0,"deltaY":0,"duration":0,"origin":{"element-6066-11e4-a52e-4f735466cecf":"f.8850BFF0213FDAA0CDBB6DAFAFD06CF5.d.A3C000BB0FD63178665D93B1B9AE893B.e.19675"}}]}]}
COMMAND: GET /session/b4f8750b6ab9764d379b715c7854fdbf/screenshot - {}
RESULT: {}
COMMAND: POST /session/b4f8750b6ab9764d379b715c7854fdbf/execute/sync - {"script":"<script> [79 bytes]","args":[{"element-6066-11e4-a52e-4f735466cecf":"f.8850BFF0213FDAA0CDBB6DAFAFD06CF5.d.A3C000BB0FD63178665D93B1B9AE893B.e.19675","ELEMENT":"f.8850BFF0213FDAA0CDBB6DAFAFD06CF5.d.A3C000BB0FD63178665D93B1B9AE893B.e.19675"},{"block":"start","inline":"nearest"}]}
RESULT: {"script":"<script> [79 bytes]","args":[{"element-6066-11e4-a52e-4f735466cecf":"f.8850BFF0213FDAA0CDBB6DAFAFD06CF5.d.A3C000BB0FD63178665D93B1B9AE893B.e.19675","ELEMENT":"f.8850BFF0213FDAA0CDBB6DAFAFD06CF5.d.A3C000BB0FD63178665D93B1B9AE893B.e.19675"},{"block":"start","inline":"nearest"}]}
COMMAND: POST /session/b4f8750b6ab9764d379b715c7854fdbf/execute/async - {"script":"<script> [1562 bytes]","args":[{"selector":{"id":"application-manageresources-display-component---newResourceUnit--btnAddTimeSegment","interaction":{"idSuffix":"inner"}},"wdio_ui5_key":"applicationmanageresources-display-component---newResourceUnit--btnAddTimeSegment"}]}
COMMAND: GET /session/b4f8750b6ab9764d379b715c7854fdbf/screenshot - {}
RESULT: {"script":"<script> [1562 bytes]","args":[{"selector":{"id":"application-manageresources-display-component---newResourceUnit--btnAddTimeSegment","interaction":{"idSuffix":"inner"}},"wdio_ui5_key":"applicationmanageresources-display-component---newResourceUnit--btnAddTimeSegment"}]}
RESULT: undefined
COMMAND: POST /session/b4f8750b6ab9764d379b715c7854fdbf/element - {"using":"xpath","value":"//*[@id=\"application-manageresources-display-component---newResourceUnit--btnAddTimeSegment\"]"}
RESULT: {}
RESULT: {"using":"xpath","value":"//*[@id=\"application-manageresources-display-component---newResourceUnit--btnAddTimeSegment\"]"}
COMMAND: POST /session/b4f8750b6ab9764d379b715c7854fdbf/element/f.8850BFF0213FDAA0CDBB6DAFAFD06CF5.d.A3C000BB0FD63178665D93B1B9AE893B.e.19675/click - {}
RESULT: {}
COMMAND: GET /session/b4f8750b6ab9764d379b715c7854fdbf/screenshot - {}
RESULT: {}
COMMAND: POST /session/b4f8750b6ab9764d379b715c7854fdbf/element - {"using":"xpath","value":"//input[@id=\"application-manageresources-display-component---newResourceUnit--idRuTSAdmin-application-manageresources-display-component---newResourceUnit--RUTimeSegment-0-inner\"]"}
RESULT: {"using":"xpath","value":"//input[@id=\"application-manageresources-display-component---newResourceUnit--idRuTSAdmin-application-manageresources-display-component---newResourceUnit--RUTimeSegment-0-inner\"]"}
COMMAND: POST /session/b4f8750b6ab9764d379b715c7854fdbf/element/f.8850BFF0213FDAA0CDBB6DAFAFD06CF5.d.A3C000BB0FD63178665D93B1B9AE893B.e.19681/clear - {}
RESULT: {}
COMMAND: POST /session/b4f8750b6ab9764d379b715c7854fdbf/element/f.8850BFF0213FDAA0CDBB6DAFAFD06CF5.d.A3C000BB0FD63178665D93B1B9AE893B.e.19681/value - {"text":"249"}
COMMAND: GET /session/b4f8750b6ab9764d379b715c7854fdbf/screenshot - {}
RESULT: {"text":"249"}
COMMAND: GET /session/b4f8750b6ab9764d379b715c7854fdbf/screenshot - {}
RESULT: {}
RESULT: {}
COMMAND: POST /session/b4f8750b6ab9764d379b715c7854fdbf/element - {"using":"xpath","value":"//li[.//span[text()='249']]"}
RESULT: {"using":"xpath","value":"//li[.//span[text()='249']]"}
COMMAND: POST /session/b4f8750b6ab9764d379b715c7854fdbf/element/f.8850BFF0213FDAA0CDBB6DAFAFD06CF5.d.A3C000BB0FD63178665D93B1B9AE893B.e.19693/click - {}
RESULT: {}
COMMAND: GET /session/b4f8750b6ab9764d379b715c7854fdbf/screenshot - {}
RESULT: {}
COMMAND: POST /session/b4f8750b6ab9764d379b715c7854fdbf/element - {"using":"xpath","value":"(//span[contains(@id, \"-application-manageresources-display-component---newResourceUnit--RUTimeSegment-0-arrow\")])[6]"}
RESULT: {"using":"xpath","value":"(//span[contains(@id, \"-application-manageresources-display-component---newResourceUnit--RUTimeSegment-0-arrow\")])[6]"}
COMMAND: POST /session/b4f8750b6ab9764d379b715c7854fdbf/element/f.8850BFF0213FDAA0CDBB6DAFAFD06CF5.d.A3C000BB0FD63178665D93B1B9AE893B.e.19694/click - {}
RESULT: {}
COMMAND: GET /session/b4f8750b6ab9764d379b715c7854fdbf/screenshot - {}
RESULT: {}
COMMAND: POST /session/b4f8750b6ab9764d379b715c7854fdbf/element - {"using":"xpath","value":"//span[contains(text(), \"PM Order\")]"}
RESULT: {"using":"xpath","value":"//span[contains(text(), \"PM Order\")]"}
COMMAND: POST /session/b4f8750b6ab9764d379b715c7854fdbf/element/f.8850BFF0213FDAA0CDBB6DAFAFD06CF5.d.A3C000BB0FD63178665D93B1B9AE893B.e.19697/click - {}
RESULT: {}
COMMAND: GET /session/b4f8750b6ab9764d379b715c7854fdbf/screenshot - {}
RESULT: {}
COMMAND: POST /session/b4f8750b6ab9764d379b715c7854fdbf/element - {"using":"xpath","value":"(//span[contains(@id ,\"manageresources-display-component---newResourceUnit--RUTimeSegment-0-vhi\")])[1]"}
RESULT: {"using":"xpath","value":"(//span[contains(@id ,\"manageresources-display-component---newResourceUnit--RUTimeSegment-0-vhi\")])[1]"}
COMMAND: GET /session/b4f8750b6ab9764d379b715c7854fdbf/element/f.8850BFF0213FDAA0CDBB6DAFAFD06CF5.d.A3C000BB0FD63178665D93B1B9AE893B.e.19701/rect - {}
RESULT: {}
COMMAND: GET /session/b4f8750b6ab9764d379b715c7854fdbf/window/rect - {}
RESULT: {}
COMMAND: POST /session/b4f8750b6ab9764d379b715c7854fdbf/execute/sync - {"script":"<script> [92 bytes]","args":[]}
RESULT: {"script":"<script> [92 bytes]","args":[]}
COMMAND: POST /session/b4f8750b6ab9764d379b715c7854fdbf/actions - {"actions":[{"id":"action63","type":"wheel","parameters":{},"actions":[{"type":"scroll","x":-869,"y":-24,"deltaX":0,"deltaY":0,"duration":0,"origin":{"element-6066-11e4-a52e-4f735466cecf":"f.8850BFF0213FDAA0CDBB6DAFAFD06CF5.d.A3C000BB0FD63178665D93B1B9AE893B.e.19701"}}]}]}
COMMAND: GET /session/b4f8750b6ab9764d379b715c7854fdbf/screenshot - {}
RESULT: {"actions":[{"id":"action63","type":"wheel","parameters":{},"actions":[{"type":"scroll","x":-869,"y":-24,"deltaX":0,"deltaY":0,"duration":0,"origin":{"element-6066-11e4-a52e-4f735466cecf":"f.8850BFF0213FDAA0CDBB6DAFAFD06CF5.d.A3C000BB0FD63178665D93B1B9AE893B.e.19701"}}]}]}
COMMAND: DELETE /session/b4f8750b6ab9764d379b715c7854fdbf/actions - {}
COMMAND: GET /session/b4f8750b6ab9764d379b715c7854fdbf/screenshot - {}
RESULT: {}
RESULT: {}
COMMAND: GET /session/b4f8750b6ab9764d379b715c7854fdbf/screenshot - {}
RESULT: {}
RESULT: {}
COMMAND: POST /session/b4f8750b6ab9764d379b715c7854fdbf/element/f.8850BFF0213FDAA0CDBB6DAFAFD06CF5.d.A3C000BB0FD63178665D93B1B9AE893B.e.19701/click - {}
RESULT: {}
COMMAND: GET /session/b4f8750b6ab9764d379b715c7854fdbf/screenshot - {}
RESULT: {}
COMMAND: POST /session/b4f8750b6ab9764d379b715c7854fdbf/execute/async - {"script":"<script> [1562 bytes]","args":[{"selector":{"controlType":"sap.m.SearchField","properties":{"placeholder":"Search"},"searchOpenDialogs":true,"interaction":{"idSuffix":"I"}},"wdio_ui5_key":"sapm.SearchField{\"placeholder\":\"Search\"}"}]}
RESULT: {"script":"<script> [1562 bytes]","args":[{"selector":{"controlType":"sap.m.SearchField","properties":{"placeholder":"Search"},"searchOpenDialogs":true,"interaction":{"idSuffix":"I"}},"wdio_ui5_key":"sapm.SearchField{\"placeholder\":\"Search\"}"}]}
RESULT: undefined
COMMAND: POST /session/b4f8750b6ab9764d379b715c7854fdbf/execute/async - {"script":"<script> [776 bytes]","args":[{"enterText":"4000360","selector":{"controlType":"sap.m.SearchField","properties":{"placeholder":"Search"},"searchOpenDialogs":true,"interaction":{"idSuffix":"I"}},"clearTextFirst":true,"interactionType":"ENTER_TEXT"}]}
RESULT: {"script":"<script> [776 bytes]","args":[{"enterText":"4000360","selector":{"controlType":"sap.m.SearchField","properties":{"placeholder":"Search"},"searchOpenDialogs":true,"interaction":{"idSuffix":"I"}},"clearTextFirst":true,"interactionType":"ENTER_TEXT"}]}
COMMAND: POST /session/b4f8750b6ab9764d379b715c7854fdbf/actions - {"actions":[{"id":"action64","type":"key","parameters":{},"actions":[{"type":"keyDown","value":""},{"type":"pause","duration":10},{"type":"keyUp","value":""}]}]}
RESULT: {"actions":[{"id":"action64","type":"key","parameters":{},"actions":[{"type":"keyDown","value":""},{"type":"pause","duration":10},{"type":"keyUp","value":""}]}]}
COMMAND: GET /session/b4f8750b6ab9764d379b715c7854fdbf/screenshot - {}
RESULT: {}
COMMAND: POST /session/b4f8750b6ab9764d379b715c7854fdbf/element - {"using":"xpath","value":"//td/div/span[contains(text(), \"BGL Vehicles\")]"}
RESULT: {"using":"xpath","value":"//td/div/span[contains(text(), \"BGL Vehicles\")]"}
COMMAND: POST /session/b4f8750b6ab9764d379b715c7854fdbf/element/f.8850BFF0213FDAA0CDBB6DAFAFD06CF5.d.A3C000BB0FD63178665D93B1B9AE893B.e.19724/click - {}
RESULT: {}
COMMAND: GET /session/b4f8750b6ab9764d379b715c7854fdbf/screenshot - {}
RESULT: {}
COMMAND: POST /session/b4f8750b6ab9764d379b715c7854fdbf/element - {"using":"xpath","value":"//bdi[contains(text(), \"OK\")]"}
RESULT: {"using":"xpath","value":"//bdi[contains(text(), \"OK\")]"}
COMMAND: POST /session/b4f8750b6ab9764d379b715c7854fdbf/element/f.8850BFF0213FDAA0CDBB6DAFAFD06CF5.d.A3C000BB0FD63178665D93B1B9AE893B.e.19725/click - {}
RESULT: {}
COMMAND: GET /session/b4f8750b6ab9764d379b715c7854fdbf/screenshot - {}
RESULT: {}
COMMAND: POST /session/b4f8750b6ab9764d379b715c7854fdbf/execute/async - {"script":"<script> [1562 bytes]","args":[{"selector":{"id":"application-manageresources-display-component---newResourceUnit--newRRUPage-anchBar-application-manageresources-display-component---newResourceUnit--resource-anchor","interaction":{"idSuffix":"BDI-content"}},"wdio_ui5_key":"applicationmanageresources-display-component---newResourceUnit--newRRUPage-anchBar-application-manageresources-display-component---newResourceUnit--resource-anchor"}]}
RESULT: {"script":"<script> [1562 bytes]","args":[{"selector":{"id":"application-manageresources-display-component---newResourceUnit--newRRUPage-anchBar-application-manageresources-display-component---newResourceUnit--resource-anchor","interaction":{"idSuffix":"BDI-content"}},"wdio_ui5_key":"applicationmanageresources-display-component---newResourceUnit--newRRUPage-anchBar-application-manageresources-display-component---newResourceUnit--resource-anchor"}]}
RESULT: undefined
COMMAND: POST /session/b4f8750b6ab9764d379b715c7854fdbf/element - {"using":"xpath","value":"//*[@id=\"application-manageresources-display-component---newResourceUnit--newRRUPage-anchBar-application-manageresources-display-component---newResourceUnit--resource-anchor\"]"}
RESULT: {"using":"xpath","value":"//*[@id=\"application-manageresources-display-component---newResourceUnit--newRRUPage-anchBar-application-manageresources-display-component---newResourceUnit--resource-anchor\"]"}
COMMAND: POST /session/b4f8750b6ab9764d379b715c7854fdbf/element/f.8850BFF0213FDAA0CDBB6DAFAFD06CF5.d.A3C000BB0FD63178665D93B1B9AE893B.e.19729/click - {}
RESULT: {}
COMMAND: POST /session/b4f8750b6ab9764d379b715c7854fdbf/execute/async - {"script":"<script> [1562 bytes]","args":[{"selector":{"id":"application-manageresources-display-component---newResourceUnit--PLANNED_DELIVERY_DATE","interaction":{"idSuffix":"inner"}},"wdio_ui5_key":"applicationmanageresources-display-component---newResourceUnit--PLANNED_DELIVERY_DATE"}]}
COMMAND: GET /session/b4f8750b6ab9764d379b715c7854fdbf/screenshot - {}
RESULT: {"script":"<script> [1562 bytes]","args":[{"selector":{"id":"application-manageresources-display-component---newResourceUnit--PLANNED_DELIVERY_DATE","interaction":{"idSuffix":"inner"}},"wdio_ui5_key":"applicationmanageresources-display-component---newResourceUnit--PLANNED_DELIVERY_DATE"}]}
RESULT: undefined
COMMAND: POST /session/b4f8750b6ab9764d379b715c7854fdbf/execute/async - {"script":"<script> [6424 bytes]","args":[{"element-6066-11e4-a52e-4f735466cecf":"f.8850BFF0213FDAA0CDBB6DAFAFD06CF5.d.A3C000BB0FD63178665D93B1B9AE893B.e.19557"},"setValue",["6/13/25"]]}
RESULT: {}
RESULT: {"script":"<script> [6424 bytes]","args":[{"element-6066-11e4-a52e-4f735466cecf":"f.8850BFF0213FDAA0CDBB6DAFAFD06CF5.d.A3C000BB0FD63178665D93B1B9AE893B.e.19557"},"setValue",["6/13/25"]]}
COMMAND: POST /session/b4f8750b6ab9764d379b715c7854fdbf/element - {"using":"xpath","value":"//label[contains(@class, 'sapMLabelRequired') and .//bdi[contains(text(), 'Planned Retirement')]]"}
RESULT: {"using":"xpath","value":"//label[contains(@class, 'sapMLabelRequired') and .//bdi[contains(text(), 'Planned Retirement')]]"}
COMMAND: POST /session/b4f8750b6ab9764d379b715c7854fdbf/elements - {"using":"xpath","value":"//label[contains(@class, 'sapMLabelRequired') and .//bdi[contains(text(), 'Planned Retirement')]]"}
RESULT: {"using":"xpath","value":"//label[contains(@class, 'sapMLabelRequired') and .//bdi[contains(text(), 'Planned Retirement')]]"}
COMMAND: POST /session/b4f8750b6ab9764d379b715c7854fdbf/element - {"using":"xpath","value":"//button[@data-kt=\"resourceUnitSaveButton\"]"}
RESULT: {"using":"xpath","value":"//button[@data-kt=\"resourceUnitSaveButton\"]"}
COMMAND: POST /session/b4f8750b6ab9764d379b715c7854fdbf/element/f.8850BFF0213FDAA0CDBB6DAFAFD06CF5.d.A3C000BB0FD63178665D93B1B9AE893B.e.19516/click - {}
RESULT: {}
COMMAND: GET /session/b4f8750b6ab9764d379b715c7854fdbf/screenshot - {}
RESULT: {}
COMMAND: POST /session/b4f8750b6ab9764d379b715c7854fdbf/element - {"using":"xpath","value":"//bdi[contains(text(), \"Close\")]"}
RESULT: {"using":"xpath","value":"//bdi[contains(text(), \"Close\")]"}
COMMAND: POST /session/b4f8750b6ab9764d379b715c7854fdbf/element/f.8850BFF0213FDAA0CDBB6DAFAFD06CF5.d.A3C000BB0FD63178665D93B1B9AE893B.e.19737/click - {}
RESULT: {}
COMMAND: GET /session/b4f8750b6ab9764d379b715c7854fdbf/screenshot - {}
RESULT: {}
COMMAND: POST /session/b4f8750b6ab9764d379b715c7854fdbf/element - {"using":"xpath","value":"(//button[contains(@id ,\"actionsToolbar-overflowButton\")])[1]"}
RESULT: {"using":"xpath","value":"(//button[contains(@id ,\"actionsToolbar-overflowButton\")])[1]"}
COMMAND: POST /session/b4f8750b6ab9764d379b715c7854fdbf/element/f.8850BFF0213FDAA0CDBB6DAFAFD06CF5.d.A3C000BB0FD63178665D93B1B9AE893B.e.19794/click - {}
RESULT: {}
COMMAND: GET /session/b4f8750b6ab9764d379b715c7854fdbf/screenshot - {}
RESULT: {}
COMMAND: POST /session/b4f8750b6ab9764d379b715c7854fdbf/element - {"using":"xpath","value":"//button[@data-kt=\"priceInfoButton\"]"}
RESULT: {"using":"xpath","value":"//button[@data-kt=\"priceInfoButton\"]"}
COMMAND: POST /session/b4f8750b6ab9764d379b715c7854fdbf/element/f.8850BFF0213FDAA0CDBB6DAFAFD06CF5.d.A3C000BB0FD63178665D93B1B9AE893B.e.19796/click - {}
RESULT: {}
COMMAND: GET /session/b4f8750b6ab9764d379b715c7854fdbf/screenshot - {}
RESULT: {}
]]></system-out>
    </testcase>
    <testcase classname="chrome.137_0_7151_69.windows.Create_Reverse_Billing_US127248" name="Should create a pricing procedure" time="55.113">
      <system-out><![CDATA[
COMMAND: POST /session/b4f8750b6ab9764d379b715c7854fdbf/element - {"using":"xpath","value":"//button[@data-kt=\"addButton\"]"}
RESULT: {"using":"xpath","value":"//button[@data-kt=\"addButton\"]"}
COMMAND: POST /session/b4f8750b6ab9764d379b715c7854fdbf/elements - {"using":"xpath","value":"//button[@data-kt=\"addButton\"]"}
RESULT: {"using":"xpath","value":"//button[@data-kt=\"addButton\"]"}
COMMAND: POST /session/b4f8750b6ab9764d379b715c7854fdbf/elements - {"using":"xpath","value":"//button[@data-kt=\"addButton\"]"}
RESULT: {"using":"xpath","value":"//button[@data-kt=\"addButton\"]"}
COMMAND: POST /session/b4f8750b6ab9764d379b715c7854fdbf/element - {"using":"xpath","value":"//button[@data-kt=\"addButton\"]"}
RESULT: {"using":"xpath","value":"//button[@data-kt=\"addButton\"]"}
COMMAND: POST /session/b4f8750b6ab9764d379b715c7854fdbf/execute/sync - {"script":"<script> [8489 bytes]","args":[{"element-6066-11e4-a52e-4f735466cecf":"f.8850BFF0213FDAA0CDBB6DAFAFD06CF5.d.A3C000BB0FD63178665D93B1B9AE893B.e.19842","ELEMENT":"f.8850BFF0213FDAA0CDBB6DAFAFD06CF5.d.A3C000BB0FD63178665D93B1B9AE893B.e.19842"}]}
RESULT: {"script":"<script> [8489 bytes]","args":[{"element-6066-11e4-a52e-4f735466cecf":"f.8850BFF0213FDAA0CDBB6DAFAFD06CF5.d.A3C000BB0FD63178665D93B1B9AE893B.e.19842","ELEMENT":"f.8850BFF0213FDAA0CDBB6DAFAFD06CF5.d.A3C000BB0FD63178665D93B1B9AE893B.e.19842"}]}
COMMAND: GET /session/b4f8750b6ab9764d379b715c7854fdbf/element/f.8850BFF0213FDAA0CDBB6DAFAFD06CF5.d.A3C000BB0FD63178665D93B1B9AE893B.e.19842/enabled - {}
COMMAND: GET /session/b4f8750b6ab9764d379b715c7854fdbf/screenshot - {}
RESULT: {}
COMMAND: POST /session/b4f8750b6ab9764d379b715c7854fdbf/execute/sync - {"script":"<script> [8489 bytes]","args":[{"element-6066-11e4-a52e-4f735466cecf":"f.8850BFF0213FDAA0CDBB6DAFAFD06CF5.d.A3C000BB0FD63178665D93B1B9AE893B.e.19842","ELEMENT":"f.8850BFF0213FDAA0CDBB6DAFAFD06CF5.d.A3C000BB0FD63178665D93B1B9AE893B.e.19842"}]}
COMMAND: GET /session/b4f8750b6ab9764d379b715c7854fdbf/screenshot - {}
RESULT: {}
RESULT: {"script":"<script> [8489 bytes]","args":[{"element-6066-11e4-a52e-4f735466cecf":"f.8850BFF0213FDAA0CDBB6DAFAFD06CF5.d.A3C000BB0FD63178665D93B1B9AE893B.e.19842","ELEMENT":"f.8850BFF0213FDAA0CDBB6DAFAFD06CF5.d.A3C000BB0FD63178665D93B1B9AE893B.e.19842"}]}
COMMAND: POST /session/b4f8750b6ab9764d379b715c7854fdbf/execute/sync - {"script":"<script> [5351 bytes]","args":[{"element-6066-11e4-a52e-4f735466cecf":"f.8850BFF0213FDAA0CDBB6DAFAFD06CF5.d.A3C000BB0FD63178665D93B1B9AE893B.e.19842","ELEMENT":"f.8850BFF0213FDAA0CDBB6DAFAFD06CF5.d.A3C000BB0FD63178665D93B1B9AE893B.e.19842"}]}
COMMAND: GET /session/b4f8750b6ab9764d379b715c7854fdbf/screenshot - {}
RESULT: {}
RESULT: {"script":"<script> [5351 bytes]","args":[{"element-6066-11e4-a52e-4f735466cecf":"f.8850BFF0213FDAA0CDBB6DAFAFD06CF5.d.A3C000BB0FD63178665D93B1B9AE893B.e.19842","ELEMENT":"f.8850BFF0213FDAA0CDBB6DAFAFD06CF5.d.A3C000BB0FD63178665D93B1B9AE893B.e.19842"}]}
COMMAND: POST /session/b4f8750b6ab9764d379b715c7854fdbf/element/f.8850BFF0213FDAA0CDBB6DAFAFD06CF5.d.A3C000BB0FD63178665D93B1B9AE893B.e.19842/click - {}
COMMAND: GET /session/b4f8750b6ab9764d379b715c7854fdbf/screenshot - {}
RESULT: {}
RESULT: {}
COMMAND: GET /session/b4f8750b6ab9764d379b715c7854fdbf/screenshot - {}
RESULT: {}
RESULT: {}
COMMAND: POST /session/b4f8750b6ab9764d379b715c7854fdbf/execute/async - {"script":"<script> [1562 bytes]","args":[{"selector":{"controlType":"sap.m.Title","viewName":"etm.portal.ui.managepricingrules.view.NewItem","viewId":"application-managepricingrules-display-component---newInfoPriceItem","properties":{"text":"New Pricing Rules - Item Level"}},"wdio_ui5_key":"etmportal.ui.managepricingrules.view.NewItemsap.m.Title{\"text\":\"New Pricing Rules - Item Level\"}"}]}
RESULT: {"script":"<script> [1562 bytes]","args":[{"selector":{"controlType":"sap.m.Title","viewName":"etm.portal.ui.managepricingrules.view.NewItem","viewId":"application-managepricingrules-display-component---newInfoPriceItem","properties":{"text":"New Pricing Rules - Item Level"}},"wdio_ui5_key":"etmportal.ui.managepricingrules.view.NewItemsap.m.Title{\"text\":\"New Pricing Rules - Item Level\"}"}]}
RESULT: undefined
COMMAND: POST /session/b4f8750b6ab9764d379b715c7854fdbf/execute/async - {"script":"<script> [6424 bytes]","args":[{"element-6066-11e4-a52e-4f735466cecf":"f.8850BFF0213FDAA0CDBB6DAFAFD06CF5.d.A3C000BB0FD63178665D93B1B9AE893B.e.20023"},"getText",[]]}
RESULT: {"script":"<script> [6424 bytes]","args":[{"element-6066-11e4-a52e-4f735466cecf":"f.8850BFF0213FDAA0CDBB6DAFAFD06CF5.d.A3C000BB0FD63178665D93B1B9AE893B.e.20023"},"getText",[]]}
COMMAND: POST /session/b4f8750b6ab9764d379b715c7854fdbf/execute/async - {"script":"<script> [1562 bytes]","args":[{"selector":{"id":"application-managepricingrules-display-component---newInfoPriceItem--condValidTo","interaction":{"idSuffix":"inner"}},"wdio_ui5_key":"applicationmanagepricingrules-display-component---newInfoPriceItem--condValidTo"}]}
RESULT: {"script":"<script> [1562 bytes]","args":[{"selector":{"id":"application-managepricingrules-display-component---newInfoPriceItem--condValidTo","interaction":{"idSuffix":"inner"}},"wdio_ui5_key":"applicationmanagepricingrules-display-component---newInfoPriceItem--condValidTo"}]}
RESULT: undefined
COMMAND: POST /session/b4f8750b6ab9764d379b715c7854fdbf/execute/async - {"script":"<script> [776 bytes]","args":[{"enterText":"2/13/26","selector":{"id":"application-managepricingrules-display-component---newInfoPriceItem--condValidTo","interaction":{"idSuffix":"inner"}},"clearTextFirst":true,"interactionType":"ENTER_TEXT"}]}
RESULT: {"script":"<script> [776 bytes]","args":[{"enterText":"2/13/26","selector":{"id":"application-managepricingrules-display-component---newInfoPriceItem--condValidTo","interaction":{"idSuffix":"inner"}},"clearTextFirst":true,"interactionType":"ENTER_TEXT"}]}
COMMAND: POST /session/b4f8750b6ab9764d379b715c7854fdbf/execute/async - {"script":"<script> [1562 bytes]","args":[{"selector":{"id":"application-managepricingrules-display-component---newInfoPriceItem--billType-arrow"},"wdio_ui5_key":"applicationmanagepricingrules-display-component---newInfoPriceItem--billType-arrow"}]}
RESULT: {"script":"<script> [1562 bytes]","args":[{"selector":{"id":"application-managepricingrules-display-component---newInfoPriceItem--billType-arrow"},"wdio_ui5_key":"applicationmanagepricingrules-display-component---newInfoPriceItem--billType-arrow"}]}
RESULT: undefined
COMMAND: POST /session/b4f8750b6ab9764d379b715c7854fdbf/element - {"using":"xpath","value":"//*[@id=\"application-managepricingrules-display-component---newInfoPriceItem--billType-arrow\"]"}
RESULT: {"using":"xpath","value":"//*[@id=\"application-managepricingrules-display-component---newInfoPriceItem--billType-arrow\"]"}
COMMAND: POST /session/b4f8750b6ab9764d379b715c7854fdbf/element/f.8850BFF0213FDAA0CDBB6DAFAFD06CF5.d.A3C000BB0FD63178665D93B1B9AE893B.e.20025/click - {}
RESULT: {}
COMMAND: POST /session/b4f8750b6ab9764d379b715c7854fdbf/element - {"using":"xpath","value":"//span[contains(text(), \"TB - Time based\")]"}
COMMAND: GET /session/b4f8750b6ab9764d379b715c7854fdbf/screenshot - {}
RESULT: {"using":"xpath","value":"//span[contains(text(), \"TB - Time based\")]"}
COMMAND: POST /session/b4f8750b6ab9764d379b715c7854fdbf/element/f.8850BFF0213FDAA0CDBB6DAFAFD06CF5.d.A3C000BB0FD63178665D93B1B9AE893B.e.20026/click - {}
RESULT: {}
RESULT: {}
COMMAND: POST /session/b4f8750b6ab9764d379b715c7854fdbf/execute/async - {"script":"<script> [1562 bytes]","args":[{"selector":{"id":"application-managepricingrules-display-component---newInfoPriceItem--priceProc-arrow"},"wdio_ui5_key":"applicationmanagepricingrules-display-component---newInfoPriceItem--priceProc-arrow"}]}
COMMAND: GET /session/b4f8750b6ab9764d379b715c7854fdbf/screenshot - {}
RESULT: {"script":"<script> [1562 bytes]","args":[{"selector":{"id":"application-managepricingrules-display-component---newInfoPriceItem--priceProc-arrow"},"wdio_ui5_key":"applicationmanagepricingrules-display-component---newInfoPriceItem--priceProc-arrow"}]}
RESULT: undefined
COMMAND: POST /session/b4f8750b6ab9764d379b715c7854fdbf/element - {"using":"xpath","value":"//*[@id=\"application-managepricingrules-display-component---newInfoPriceItem--priceProc-arrow\"]"}
RESULT: {}
RESULT: {"using":"xpath","value":"//*[@id=\"application-managepricingrules-display-component---newInfoPriceItem--priceProc-arrow\"]"}
COMMAND: POST /session/b4f8750b6ab9764d379b715c7854fdbf/element/f.8850BFF0213FDAA0CDBB6DAFAFD06CF5.d.A3C000BB0FD63178665D93B1B9AE893B.e.19990/click - {}
RESULT: {}
COMMAND: POST /session/b4f8750b6ab9764d379b715c7854fdbf/element - {"using":"xpath","value":"//span[contains(text(), \"TBS - Time based standard\")]"}
COMMAND: GET /session/b4f8750b6ab9764d379b715c7854fdbf/screenshot - {}
RESULT: {"using":"xpath","value":"//span[contains(text(), \"TBS - Time based standard\")]"}
COMMAND: POST /session/b4f8750b6ab9764d379b715c7854fdbf/element/f.8850BFF0213FDAA0CDBB6DAFAFD06CF5.d.A3C000BB0FD63178665D93B1B9AE893B.e.20027/click - {}
RESULT: {}
RESULT: {}
COMMAND: POST /session/b4f8750b6ab9764d379b715c7854fdbf/execute/async - {"script":"<script> [1562 bytes]","args":[{"selector":{"id":"application-managepricingrules-display-component---newInfoPriceItem--calcBase-arrow"},"wdio_ui5_key":"applicationmanagepricingrules-display-component---newInfoPriceItem--calcBase-arrow"}]}
COMMAND: GET /session/b4f8750b6ab9764d379b715c7854fdbf/screenshot - {}
RESULT: {"script":"<script> [1562 bytes]","args":[{"selector":{"id":"application-managepricingrules-display-component---newInfoPriceItem--calcBase-arrow"},"wdio_ui5_key":"applicationmanagepricingrules-display-component---newInfoPriceItem--calcBase-arrow"}]}
RESULT: undefined
COMMAND: POST /session/b4f8750b6ab9764d379b715c7854fdbf/element - {"using":"xpath","value":"//*[@id=\"application-managepricingrules-display-component---newInfoPriceItem--calcBase-arrow\"]"}
RESULT: {}
RESULT: {"using":"xpath","value":"//*[@id=\"application-managepricingrules-display-component---newInfoPriceItem--calcBase-arrow\"]"}
COMMAND: POST /session/b4f8750b6ab9764d379b715c7854fdbf/element/f.8850BFF0213FDAA0CDBB6DAFAFD06CF5.d.A3C000BB0FD63178665D93B1B9AE893B.e.19997/click - {}
RESULT: {}
COMMAND: GET /session/b4f8750b6ab9764d379b715c7854fdbf/screenshot - {}
RESULT: {}
COMMAND: POST /session/b4f8750b6ab9764d379b715c7854fdbf/element - {"using":"xpath","value":"//span[contains(text(), \"0006 - TB(calendar days)\")]"}
RESULT: {"using":"xpath","value":"//span[contains(text(), \"0006 - TB(calendar days)\")]"}
COMMAND: POST /session/b4f8750b6ab9764d379b715c7854fdbf/element/f.8850BFF0213FDAA0CDBB6DAFAFD06CF5.d.A3C000BB0FD63178665D93B1B9AE893B.e.20028/click - {}
RESULT: {}
COMMAND: GET /session/b4f8750b6ab9764d379b715c7854fdbf/screenshot - {}
RESULT: {}
COMMAND: POST /session/b4f8750b6ab9764d379b715c7854fdbf/execute/async - {"script":"<script> [1562 bytes]","args":[{"selector":{"id":"application-managepricingrules-display-component---newInfoPriceItem--daysMonth","interaction":{"idSuffix":"inner"}},"wdio_ui5_key":"applicationmanagepricingrules-display-component---newInfoPriceItem--daysMonth"}]}
RESULT: {"script":"<script> [1562 bytes]","args":[{"selector":{"id":"application-managepricingrules-display-component---newInfoPriceItem--daysMonth","interaction":{"idSuffix":"inner"}},"wdio_ui5_key":"applicationmanagepricingrules-display-component---newInfoPriceItem--daysMonth"}]}
RESULT: undefined
COMMAND: POST /session/b4f8750b6ab9764d379b715c7854fdbf/execute/async - {"script":"<script> [776 bytes]","args":[{"enterText":"30","selector":{"id":"application-managepricingrules-display-component---newInfoPriceItem--daysMonth","interaction":{"idSuffix":"inner"}},"clearTextFirst":true,"interactionType":"ENTER_TEXT"}]}
RESULT: {"script":"<script> [776 bytes]","args":[{"enterText":"30","selector":{"id":"application-managepricingrules-display-component---newInfoPriceItem--daysMonth","interaction":{"idSuffix":"inner"}},"clearTextFirst":true,"interactionType":"ENTER_TEXT"}]}
COMMAND: POST /session/b4f8750b6ab9764d379b715c7854fdbf/element - {"using":"xpath","value":"//button[@data-kt=\"saveNewRuleButton\"]"}
RESULT: {"using":"xpath","value":"//button[@data-kt=\"saveNewRuleButton\"]"}
COMMAND: POST /session/b4f8750b6ab9764d379b715c7854fdbf/element/f.8850BFF0213FDAA0CDBB6DAFAFD06CF5.d.A3C000BB0FD63178665D93B1B9AE893B.e.20015/click - {}
RESULT: {}
COMMAND: GET /session/b4f8750b6ab9764d379b715c7854fdbf/screenshot - {}
RESULT: {}
COMMAND: POST /session/b4f8750b6ab9764d379b715c7854fdbf/execute/async - {"script":"<script> [1562 bytes]","args":[{"selector":{"id":"application-managepricingrules-display-component---priceInfoItem--smartFilterBar-btnBasicSearch","interaction":{"idSuffix":"I"}},"wdio_ui5_key":"applicationmanagepricingrules-display-component---priceInfoItem--smartFilterBar-btnBasicSearch"}]}
RESULT: {"script":"<script> [1562 bytes]","args":[{"selector":{"id":"application-managepricingrules-display-component---priceInfoItem--smartFilterBar-btnBasicSearch","interaction":{"idSuffix":"I"}},"wdio_ui5_key":"applicationmanagepricingrules-display-component---priceInfoItem--smartFilterBar-btnBasicSearch"}]}
RESULT: undefined
COMMAND: POST /session/b4f8750b6ab9764d379b715c7854fdbf/execute/async - {"script":"<script> [776 bytes]","args":[{"enterText":"xz5NJQ3oy9","selector":{"id":"application-managepricingrules-display-component---priceInfoItem--smartFilterBar-btnBasicSearch","interaction":{"idSuffix":"I"}},"clearTextFirst":true,"interactionType":"ENTER_TEXT"}]}
RESULT: {"script":"<script> [776 bytes]","args":[{"enterText":"xz5NJQ3oy9","selector":{"id":"application-managepricingrules-display-component---priceInfoItem--smartFilterBar-btnBasicSearch","interaction":{"idSuffix":"I"}},"clearTextFirst":true,"interactionType":"ENTER_TEXT"}]}
COMMAND: POST /session/b4f8750b6ab9764d379b715c7854fdbf/actions - {"actions":[{"id":"action65","type":"key","parameters":{},"actions":[{"type":"keyDown","value":""},{"type":"pause","duration":10},{"type":"keyUp","value":""}]}]}
RESULT: {"actions":[{"id":"action65","type":"key","parameters":{},"actions":[{"type":"keyDown","value":""},{"type":"pause","duration":10},{"type":"keyUp","value":""}]}]}
COMMAND: GET /session/b4f8750b6ab9764d379b715c7854fdbf/screenshot - {}
RESULT: {}
COMMAND: POST /session/b4f8750b6ab9764d379b715c7854fdbf/element - {"using":"xpath","value":"//span[@id=\"application-managepricingrules-display-component---priceInfoItem--smartTable-header-inner\"]"}
RESULT: {"using":"xpath","value":"//span[@id=\"application-managepricingrules-display-component---priceInfoItem--smartTable-header-inner\"]"}
COMMAND: POST /session/b4f8750b6ab9764d379b715c7854fdbf/elements - {"using":"xpath","value":"//span[@id=\"application-managepricingrules-display-component---priceInfoItem--smartTable-header-inner\"]"}
RESULT: {"using":"xpath","value":"//span[@id=\"application-managepricingrules-display-component---priceInfoItem--smartTable-header-inner\"]"}
COMMAND: POST /session/b4f8750b6ab9764d379b715c7854fdbf/execute/sync - {"script":"<script> [56 bytes]","args":[{"element-6066-11e4-a52e-4f735466cecf":"f.8850BFF0213FDAA0CDBB6DAFAFD06CF5.d.A3C000BB0FD63178665D93B1B9AE893B.e.20045","ELEMENT":"f.8850BFF0213FDAA0CDBB6DAFAFD06CF5.d.A3C000BB0FD63178665D93B1B9AE893B.e.20045"}]}
RESULT: {"script":"<script> [56 bytes]","args":[{"element-6066-11e4-a52e-4f735466cecf":"f.8850BFF0213FDAA0CDBB6DAFAFD06CF5.d.A3C000BB0FD63178665D93B1B9AE893B.e.20045","ELEMENT":"f.8850BFF0213FDAA0CDBB6DAFAFD06CF5.d.A3C000BB0FD63178665D93B1B9AE893B.e.20045"}]}
COMMAND: POST /session/b4f8750b6ab9764d379b715c7854fdbf/element - {"using":"css selector","value":"#shell-header-logo"}
COMMAND: GET /session/b4f8750b6ab9764d379b715c7854fdbf/screenshot - {}
RESULT: {"using":"css selector","value":"#shell-header-logo"}
COMMAND: POST /session/b4f8750b6ab9764d379b715c7854fdbf/element/f.8850BFF0213FDAA0CDBB6DAFAFD06CF5.d.A3C000BB0FD63178665D93B1B9AE893B.e.19098/click - {}
RESULT: {}
RESULT: {}
COMMAND: GET /session/b4f8750b6ab9764d379b715c7854fdbf/screenshot - {}
RESULT: {}
]]></system-out>
    </testcase>
    <testcase classname="chrome.137_0_7151_69.windows.Create_Reverse_Billing_US127248" name="Should manage conditions" time="71.086">
      <system-out><![CDATA[
COMMAND: POST /session/b4f8750b6ab9764d379b715c7854fdbf/execute/async - {"script":"<script> [1562 bytes]","args":[{"selector":{"controlType":"sap.m.GenericTile","properties":{"header":"Manage Conditions & Prices"}},"wdio_ui5_key":"sapm.GenericTile{\"header\":\"Manage Conditions & Prices\"}"}]}
RESULT: {"script":"<script> [1562 bytes]","args":[{"selector":{"controlType":"sap.m.GenericTile","properties":{"header":"Manage Conditions & Prices"}},"wdio_ui5_key":"sapm.GenericTile{\"header\":\"Manage Conditions & Prices\"}"}]}
RESULT: undefined
COMMAND: POST /session/b4f8750b6ab9764d379b715c7854fdbf/element - {"using":"xpath","value":"//*[@id=\"__tile55\"]"}
RESULT: {"using":"xpath","value":"//*[@id=\"__tile55\"]"}
COMMAND: POST /session/b4f8750b6ab9764d379b715c7854fdbf/element/f.8850BFF0213FDAA0CDBB6DAFAFD06CF5.d.A3C000BB0FD63178665D93B1B9AE893B.e.19036/click - {}
RESULT: {}
COMMAND: GET /session/b4f8750b6ab9764d379b715c7854fdbf/screenshot - {}
RESULT: {}
COMMAND: POST /session/b4f8750b6ab9764d379b715c7854fdbf/elements - {"using":"xpath","value":"//span[text()='Error']"}
RESULT: {"using":"xpath","value":"//span[text()='Error']"}
COMMAND: POST /session/b4f8750b6ab9764d379b715c7854fdbf/element - {"using":"xpath","value":"//button[@aria-label=\"Create\"]"}
RESULT: {"using":"xpath","value":"//button[@aria-label=\"Create\"]"}
COMMAND: POST /session/b4f8750b6ab9764d379b715c7854fdbf/elements - {"using":"xpath","value":"//button[@aria-label=\"Create\"]"}
RESULT: {"using":"xpath","value":"//button[@aria-label=\"Create\"]"}
COMMAND: POST /session/b4f8750b6ab9764d379b715c7854fdbf/elements - {"using":"xpath","value":"//button[@aria-label=\"Create\"]"}
RESULT: {"using":"xpath","value":"//button[@aria-label=\"Create\"]"}
COMMAND: POST /session/b4f8750b6ab9764d379b715c7854fdbf/element - {"using":"xpath","value":"//button[@aria-label=\"Create\"]"}
RESULT: {"using":"xpath","value":"//button[@aria-label=\"Create\"]"}
COMMAND: POST /session/b4f8750b6ab9764d379b715c7854fdbf/execute/sync - {"script":"<script> [8489 bytes]","args":[{"element-6066-11e4-a52e-4f735466cecf":"f.8850BFF0213FDAA0CDBB6DAFAFD06CF5.d.A3C000BB0FD63178665D93B1B9AE893B.e.20081","ELEMENT":"f.8850BFF0213FDAA0CDBB6DAFAFD06CF5.d.A3C000BB0FD63178665D93B1B9AE893B.e.20081"}]}
RESULT: {"script":"<script> [8489 bytes]","args":[{"element-6066-11e4-a52e-4f735466cecf":"f.8850BFF0213FDAA0CDBB6DAFAFD06CF5.d.A3C000BB0FD63178665D93B1B9AE893B.e.20081","ELEMENT":"f.8850BFF0213FDAA0CDBB6DAFAFD06CF5.d.A3C000BB0FD63178665D93B1B9AE893B.e.20081"}]}
COMMAND: GET /session/b4f8750b6ab9764d379b715c7854fdbf/element/f.8850BFF0213FDAA0CDBB6DAFAFD06CF5.d.A3C000BB0FD63178665D93B1B9AE893B.e.20081/enabled - {}
COMMAND: GET /session/b4f8750b6ab9764d379b715c7854fdbf/screenshot - {}
RESULT: {}
COMMAND: POST /session/b4f8750b6ab9764d379b715c7854fdbf/execute/sync - {"script":"<script> [8489 bytes]","args":[{"element-6066-11e4-a52e-4f735466cecf":"f.8850BFF0213FDAA0CDBB6DAFAFD06CF5.d.A3C000BB0FD63178665D93B1B9AE893B.e.20081","ELEMENT":"f.8850BFF0213FDAA0CDBB6DAFAFD06CF5.d.A3C000BB0FD63178665D93B1B9AE893B.e.20081"}]}
COMMAND: GET /session/b4f8750b6ab9764d379b715c7854fdbf/screenshot - {}
RESULT: {}
RESULT: {"script":"<script> [8489 bytes]","args":[{"element-6066-11e4-a52e-4f735466cecf":"f.8850BFF0213FDAA0CDBB6DAFAFD06CF5.d.A3C000BB0FD63178665D93B1B9AE893B.e.20081","ELEMENT":"f.8850BFF0213FDAA0CDBB6DAFAFD06CF5.d.A3C000BB0FD63178665D93B1B9AE893B.e.20081"}]}
COMMAND: POST /session/b4f8750b6ab9764d379b715c7854fdbf/execute/sync - {"script":"<script> [5351 bytes]","args":[{"element-6066-11e4-a52e-4f735466cecf":"f.8850BFF0213FDAA0CDBB6DAFAFD06CF5.d.A3C000BB0FD63178665D93B1B9AE893B.e.20081","ELEMENT":"f.8850BFF0213FDAA0CDBB6DAFAFD06CF5.d.A3C000BB0FD63178665D93B1B9AE893B.e.20081"}]}
COMMAND: GET /session/b4f8750b6ab9764d379b715c7854fdbf/screenshot - {}
RESULT: {}
RESULT: {"script":"<script> [5351 bytes]","args":[{"element-6066-11e4-a52e-4f735466cecf":"f.8850BFF0213FDAA0CDBB6DAFAFD06CF5.d.A3C000BB0FD63178665D93B1B9AE893B.e.20081","ELEMENT":"f.8850BFF0213FDAA0CDBB6DAFAFD06CF5.d.A3C000BB0FD63178665D93B1B9AE893B.e.20081"}]}
COMMAND: POST /session/b4f8750b6ab9764d379b715c7854fdbf/element/f.8850BFF0213FDAA0CDBB6DAFAFD06CF5.d.A3C000BB0FD63178665D93B1B9AE893B.e.20081/click - {}
COMMAND: GET /session/b4f8750b6ab9764d379b715c7854fdbf/screenshot - {}
RESULT: {}
RESULT: {}
COMMAND: GET /session/b4f8750b6ab9764d379b715c7854fdbf/screenshot - {}
RESULT: {}
RESULT: {}
COMMAND: POST /session/b4f8750b6ab9764d379b715c7854fdbf/actions - {"actions":[{"id":"action66","type":"key","parameters":{},"actions":[{"type":"keyDown","value":""},{"type":"pause","duration":10},{"type":"keyUp","value":""}]}]}
RESULT: {"actions":[{"id":"action66","type":"key","parameters":{},"actions":[{"type":"keyDown","value":""},{"type":"pause","duration":10},{"type":"keyUp","value":""}]}]}
COMMAND: GET /session/b4f8750b6ab9764d379b715c7854fdbf/screenshot - {}
RESULT: {}
COMMAND: POST /session/b4f8750b6ab9764d379b715c7854fdbf/execute/async - {"script":"<script> [1562 bytes]","args":[{"selector":{"id":"application-manageconditionprice-display-component---newCondition--condBillCond-arrow"},"wdio_ui5_key":"applicationmanageconditionprice-display-component---newCondition--condBillCond-arrow"}]}
RESULT: {"script":"<script> [1562 bytes]","args":[{"selector":{"id":"application-manageconditionprice-display-component---newCondition--condBillCond-arrow"},"wdio_ui5_key":"applicationmanageconditionprice-display-component---newCondition--condBillCond-arrow"}]}
RESULT: undefined
COMMAND: POST /session/b4f8750b6ab9764d379b715c7854fdbf/element - {"using":"xpath","value":"//*[@id=\"application-manageconditionprice-display-component---newCondition--condBillCond-arrow\"]"}
RESULT: {"using":"xpath","value":"//*[@id=\"application-manageconditionprice-display-component---newCondition--condBillCond-arrow\"]"}
COMMAND: POST /session/b4f8750b6ab9764d379b715c7854fdbf/element/f.8850BFF0213FDAA0CDBB6DAFAFD06CF5.d.A3C000BB0FD63178665D93B1B9AE893B.e.20252/click - {}
RESULT: {}
COMMAND: GET /session/b4f8750b6ab9764d379b715c7854fdbf/screenshot - {}
RESULT: {}
COMMAND: POST /session/b4f8750b6ab9764d379b715c7854fdbf/element - {"using":"xpath","value":"//li[.//span[contains(text(), \"DISP - D&I special price\")]]"}
RESULT: {"using":"xpath","value":"//li[.//span[contains(text(), \"DISP - D&I special price\")]]"}
COMMAND: POST /session/b4f8750b6ab9764d379b715c7854fdbf/element/f.8850BFF0213FDAA0CDBB6DAFAFD06CF5.d.A3C000BB0FD63178665D93B1B9AE893B.e.20256/click - {}
RESULT: {}
COMMAND: GET /session/b4f8750b6ab9764d379b715c7854fdbf/screenshot - {}
RESULT: {}
COMMAND: POST /session/b4f8750b6ab9764d379b715c7854fdbf/execute/async - {"script":"<script> [1562 bytes]","args":[{"selector":{"id":"application-manageconditionprice-display-component---newCondition--condValidTo","interaction":{"idSuffix":"inner"}},"wdio_ui5_key":"applicationmanageconditionprice-display-component---newCondition--condValidTo"}]}
RESULT: {"script":"<script> [1562 bytes]","args":[{"selector":{"id":"application-manageconditionprice-display-component---newCondition--condValidTo","interaction":{"idSuffix":"inner"}},"wdio_ui5_key":"applicationmanageconditionprice-display-component---newCondition--condValidTo"}]}
RESULT: undefined
COMMAND: POST /session/b4f8750b6ab9764d379b715c7854fdbf/execute/async - {"script":"<script> [776 bytes]","args":[{"enterText":"2/13/26","selector":{"id":"application-manageconditionprice-display-component---newCondition--condValidTo","interaction":{"idSuffix":"inner"}},"clearTextFirst":true,"interactionType":"ENTER_TEXT"}]}
RESULT: {"script":"<script> [776 bytes]","args":[{"enterText":"2/13/26","selector":{"id":"application-manageconditionprice-display-component---newCondition--condValidTo","interaction":{"idSuffix":"inner"}},"clearTextFirst":true,"interactionType":"ENTER_TEXT"}]}
COMMAND: POST /session/b4f8750b6ab9764d379b715c7854fdbf/element - {"using":"xpath","value":"//input[@id=\"application-manageconditionprice-display-component---newCondition--condRU-inner\"]"}
RESULT: {"using":"xpath","value":"//input[@id=\"application-manageconditionprice-display-component---newCondition--condRU-inner\"]"}
COMMAND: POST /session/b4f8750b6ab9764d379b715c7854fdbf/element/f.8850BFF0213FDAA0CDBB6DAFAFD06CF5.d.A3C000BB0FD63178665D93B1B9AE893B.e.20123/clear - {}
RESULT: {}
COMMAND: POST /session/b4f8750b6ab9764d379b715c7854fdbf/element/f.8850BFF0213FDAA0CDBB6DAFAFD06CF5.d.A3C000BB0FD63178665D93B1B9AE893B.e.20123/value - {"text":"xz5NJQ3oy9"}
COMMAND: GET /session/b4f8750b6ab9764d379b715c7854fdbf/screenshot - {}
RESULT: {"text":"xz5NJQ3oy9"}
COMMAND: GET /session/b4f8750b6ab9764d379b715c7854fdbf/screenshot - {}
RESULT: {}
RESULT: {}
COMMAND: POST /session/b4f8750b6ab9764d379b715c7854fdbf/actions - {"actions":[{"id":"action67","type":"key","parameters":{},"actions":[{"type":"keyDown","value":""},{"type":"pause","duration":10},{"type":"keyUp","value":""}]}]}
RESULT: {"actions":[{"id":"action67","type":"key","parameters":{},"actions":[{"type":"keyDown","value":""},{"type":"pause","duration":10},{"type":"keyUp","value":""}]}]}
COMMAND: POST /session/b4f8750b6ab9764d379b715c7854fdbf/execute/async - {"script":"<script> [1562 bytes]","args":[{"selector":{"id":"application-manageconditionprice-display-component---newCondition--condBaseQty","interaction":{"idSuffix":"inner"}},"wdio_ui5_key":"applicationmanageconditionprice-display-component---newCondition--condBaseQty"}]}
COMMAND: GET /session/b4f8750b6ab9764d379b715c7854fdbf/screenshot - {}
RESULT: {"script":"<script> [1562 bytes]","args":[{"selector":{"id":"application-manageconditionprice-display-component---newCondition--condBaseQty","interaction":{"idSuffix":"inner"}},"wdio_ui5_key":"applicationmanageconditionprice-display-component---newCondition--condBaseQty"}]}
RESULT: undefined
COMMAND: POST /session/b4f8750b6ab9764d379b715c7854fdbf/execute/async - {"script":"<script> [776 bytes]","args":[{"enterText":"1","selector":{"id":"application-manageconditionprice-display-component---newCondition--condBaseQty","interaction":{"idSuffix":"inner"}},"clearTextFirst":true,"interactionType":"ENTER_TEXT"}]}
RESULT: {}
RESULT: {"script":"<script> [776 bytes]","args":[{"enterText":"1","selector":{"id":"application-manageconditionprice-display-component---newCondition--condBaseQty","interaction":{"idSuffix":"inner"}},"clearTextFirst":true,"interactionType":"ENTER_TEXT"}]}
COMMAND: POST /session/b4f8750b6ab9764d379b715c7854fdbf/execute/async - {"script":"<script> [1562 bytes]","args":[{"selector":{"id":"application-manageconditionprice-display-component---newCondition--condValue","interaction":{"idSuffix":"inner"}},"wdio_ui5_key":"applicationmanageconditionprice-display-component---newCondition--condValue"}]}
RESULT: {"script":"<script> [1562 bytes]","args":[{"selector":{"id":"application-manageconditionprice-display-component---newCondition--condValue","interaction":{"idSuffix":"inner"}},"wdio_ui5_key":"applicationmanageconditionprice-display-component---newCondition--condValue"}]}
RESULT: undefined
COMMAND: POST /session/b4f8750b6ab9764d379b715c7854fdbf/execute/async - {"script":"<script> [776 bytes]","args":[{"enterText":"200","selector":{"id":"application-manageconditionprice-display-component---newCondition--condValue","interaction":{"idSuffix":"inner"}},"clearTextFirst":true,"interactionType":"ENTER_TEXT"}]}
RESULT: {"script":"<script> [776 bytes]","args":[{"enterText":"200","selector":{"id":"application-manageconditionprice-display-component---newCondition--condValue","interaction":{"idSuffix":"inner"}},"clearTextFirst":true,"interactionType":"ENTER_TEXT"}]}
COMMAND: POST /session/b4f8750b6ab9764d379b715c7854fdbf/execute/async - {"script":"<script> [1562 bytes]","args":[{"selector":{"id":"application-manageconditionprice-display-component---newCondition--condCurr-arrow"},"wdio_ui5_key":"applicationmanageconditionprice-display-component---newCondition--condCurr-arrow"}]}
RESULT: {"script":"<script> [1562 bytes]","args":[{"selector":{"id":"application-manageconditionprice-display-component---newCondition--condCurr-arrow"},"wdio_ui5_key":"applicationmanageconditionprice-display-component---newCondition--condCurr-arrow"}]}
RESULT: undefined
COMMAND: POST /session/b4f8750b6ab9764d379b715c7854fdbf/element - {"using":"xpath","value":"//*[@id=\"application-manageconditionprice-display-component---newCondition--condCurr-arrow\"]"}
RESULT: {"using":"xpath","value":"//*[@id=\"application-manageconditionprice-display-component---newCondition--condCurr-arrow\"]"}
COMMAND: POST /session/b4f8750b6ab9764d379b715c7854fdbf/element/f.8850BFF0213FDAA0CDBB6DAFAFD06CF5.d.A3C000BB0FD63178665D93B1B9AE893B.e.20224/click - {}
RESULT: {}
COMMAND: POST /session/b4f8750b6ab9764d379b715c7854fdbf/element - {"using":"xpath","value":"//span[contains(text(), \"Euro\")]"}
COMMAND: GET /session/b4f8750b6ab9764d379b715c7854fdbf/screenshot - {}
RESULT: {"using":"xpath","value":"//span[contains(text(), \"Euro\")]"}
COMMAND: POST /session/b4f8750b6ab9764d379b715c7854fdbf/element/f.8850BFF0213FDAA0CDBB6DAFAFD06CF5.d.A3C000BB0FD63178665D93B1B9AE893B.e.20293/click - {}
RESULT: {}
RESULT: {}
COMMAND: POST /session/b4f8750b6ab9764d379b715c7854fdbf/element - {"using":"xpath","value":"//button[@data-kt=\"saveButton\"]"}
COMMAND: GET /session/b4f8750b6ab9764d379b715c7854fdbf/screenshot - {}
RESULT: {"using":"xpath","value":"//button[@data-kt=\"saveButton\"]"}
COMMAND: POST /session/b4f8750b6ab9764d379b715c7854fdbf/element/f.8850BFF0213FDAA0CDBB6DAFAFD06CF5.d.A3C000BB0FD63178665D93B1B9AE893B.e.20225/click - {}
RESULT: {}
RESULT: {}
COMMAND: GET /session/b4f8750b6ab9764d379b715c7854fdbf/screenshot - {}
RESULT: {}
COMMAND: POST /session/b4f8750b6ab9764d379b715c7854fdbf/execute/async - {"script":"<script> [1562 bytes]","args":[{"selector":{"id":"application-manageconditionprice-display-component---conditions--smartFilterBar-btnBasicSearch","interaction":{"idSuffix":"I"}},"wdio_ui5_key":"applicationmanageconditionprice-display-component---conditions--smartFilterBar-btnBasicSearch"}]}
RESULT: {"script":"<script> [1562 bytes]","args":[{"selector":{"id":"application-manageconditionprice-display-component---conditions--smartFilterBar-btnBasicSearch","interaction":{"idSuffix":"I"}},"wdio_ui5_key":"applicationmanageconditionprice-display-component---conditions--smartFilterBar-btnBasicSearch"}]}
RESULT: undefined
COMMAND: POST /session/b4f8750b6ab9764d379b715c7854fdbf/execute/async - {"script":"<script> [776 bytes]","args":[{"enterText":"xz5NJQ3oy9","selector":{"id":"application-manageconditionprice-display-component---conditions--smartFilterBar-btnBasicSearch","interaction":{"idSuffix":"I"}},"clearTextFirst":true,"interactionType":"ENTER_TEXT"}]}
RESULT: {"script":"<script> [776 bytes]","args":[{"enterText":"xz5NJQ3oy9","selector":{"id":"application-manageconditionprice-display-component---conditions--smartFilterBar-btnBasicSearch","interaction":{"idSuffix":"I"}},"clearTextFirst":true,"interactionType":"ENTER_TEXT"}]}
COMMAND: POST /session/b4f8750b6ab9764d379b715c7854fdbf/actions - {"actions":[{"id":"action68","type":"key","parameters":{},"actions":[{"type":"keyDown","value":""},{"type":"pause","duration":10},{"type":"keyUp","value":""}]}]}
RESULT: {"actions":[{"id":"action68","type":"key","parameters":{},"actions":[{"type":"keyDown","value":""},{"type":"pause","duration":10},{"type":"keyUp","value":""}]}]}
COMMAND: GET /session/b4f8750b6ab9764d379b715c7854fdbf/screenshot - {}
RESULT: {}
COMMAND: POST /session/b4f8750b6ab9764d379b715c7854fdbf/execute/async - {"script":"<script> [1562 bytes]","args":[{"selector":{"id":"application-manageconditionprice-display-component---conditions--smartFilterBar-filterItemControl_BASIC-BILL_TYPES-vhi"},"wdio_ui5_key":"applicationmanageconditionprice-display-component---conditions--smartFilterBar-filterItemControl_BASIC-BILL_TYPES-vhi"}]}
RESULT: {"script":"<script> [1562 bytes]","args":[{"selector":{"id":"application-manageconditionprice-display-component---conditions--smartFilterBar-filterItemControl_BASIC-BILL_TYPES-vhi"},"wdio_ui5_key":"applicationmanageconditionprice-display-component---conditions--smartFilterBar-filterItemControl_BASIC-BILL_TYPES-vhi"}]}
RESULT: undefined
COMMAND: POST /session/b4f8750b6ab9764d379b715c7854fdbf/element - {"using":"xpath","value":"//*[@id=\"application-manageconditionprice-display-component---conditions--smartFilterBar-filterItemControl_BASIC-BILL_TYPES-vhi\"]"}
RESULT: {"using":"xpath","value":"//*[@id=\"application-manageconditionprice-display-component---conditions--smartFilterBar-filterItemControl_BASIC-BILL_TYPES-vhi\"]"}
COMMAND: POST /session/b4f8750b6ab9764d379b715c7854fdbf/element/f.8850BFF0213FDAA0CDBB6DAFAFD06CF5.d.A3C000BB0FD63178665D93B1B9AE893B.e.20310/click - {}
RESULT: {}
COMMAND: POST /session/b4f8750b6ab9764d379b715c7854fdbf/execute/async - {"script":"<script> [1562 bytes]","args":[{"selector":{"id":"application-manageconditionprice-display-component---conditions--smartFilterBar-filterItemControl_BASIC-BILL_TYPES-valueHelpDialog-smartFilterBar-btnBasicSearch","searchOpenDialogs":true,"interaction":{"idSuffix":"I"}},"wdio_ui5_key":"applicationmanageconditionprice-display-component---conditions--smartFilterBar-filterItemControl_BASIC-BILL_TYPES-valueHelpDialog-smartFilterBar-btnBasicSearch"}]}
COMMAND: GET /session/b4f8750b6ab9764d379b715c7854fdbf/screenshot - {}
RESULT: {"script":"<script> [1562 bytes]","args":[{"selector":{"id":"application-manageconditionprice-display-component---conditions--smartFilterBar-filterItemControl_BASIC-BILL_TYPES-valueHelpDialog-smartFilterBar-btnBasicSearch","searchOpenDialogs":true,"interaction":{"idSuffix":"I"}},"wdio_ui5_key":"applicationmanageconditionprice-display-component---conditions--smartFilterBar-filterItemControl_BASIC-BILL_TYPES-valueHelpDialog-smartFilterBar-btnBasicSearch"}]}
RESULT: undefined
COMMAND: POST /session/b4f8750b6ab9764d379b715c7854fdbf/execute/async - {"script":"<script> [776 bytes]","args":[{"enterText":"TB","selector":{"id":"application-manageconditionprice-display-component---conditions--smartFilterBar-filterItemControl_BASIC-BILL_TYPES-valueHelpDialog-smartFilterBar-btnBasicSearch","searchOpenDialogs":true,"interaction":{"idSuffix":"I"}},"clearTextFirst":true,"interactionType":"ENTER_TEXT"}]}
RESULT: {}
RESULT: {"script":"<script> [776 bytes]","args":[{"enterText":"TB","selector":{"id":"application-manageconditionprice-display-component---conditions--smartFilterBar-filterItemControl_BASIC-BILL_TYPES-valueHelpDialog-smartFilterBar-btnBasicSearch","searchOpenDialogs":true,"interaction":{"idSuffix":"I"}},"clearTextFirst":true,"interactionType":"ENTER_TEXT"}]}
COMMAND: POST /session/b4f8750b6ab9764d379b715c7854fdbf/actions - {"actions":[{"id":"action69","type":"key","parameters":{},"actions":[{"type":"keyDown","value":""},{"type":"pause","duration":10},{"type":"keyUp","value":""}]}]}
RESULT: {"actions":[{"id":"action69","type":"key","parameters":{},"actions":[{"type":"keyDown","value":""},{"type":"pause","duration":10},{"type":"keyUp","value":""}]}]}
COMMAND: GET /session/b4f8750b6ab9764d379b715c7854fdbf/screenshot - {}
RESULT: {}
COMMAND: POST /session/b4f8750b6ab9764d379b715c7854fdbf/element - {"using":"xpath","value":"//div[contains(@id, 'application-manageconditionprice-display-component---conditions--smartFilterBar-filterItemControl_BASIC-BILL_TYPES-valueHelpDialog-table-rowsel0')]"}
RESULT: {"using":"xpath","value":"//div[contains(@id, 'application-manageconditionprice-display-component---conditions--smartFilterBar-filterItemControl_BASIC-BILL_TYPES-valueHelpDialog-table-rowsel0')]"}
COMMAND: POST /session/b4f8750b6ab9764d379b715c7854fdbf/element/f.8850BFF0213FDAA0CDBB6DAFAFD06CF5.d.A3C000BB0FD63178665D93B1B9AE893B.e.20319/click - {}
RESULT: {}
COMMAND: GET /session/b4f8750b6ab9764d379b715c7854fdbf/screenshot - {}
RESULT: {}
COMMAND: POST /session/b4f8750b6ab9764d379b715c7854fdbf/element - {"using":"xpath","value":"//bdi[contains(text(), \"OK\")]"}
RESULT: {"using":"xpath","value":"//bdi[contains(text(), \"OK\")]"}
COMMAND: POST /session/b4f8750b6ab9764d379b715c7854fdbf/element/f.8850BFF0213FDAA0CDBB6DAFAFD06CF5.d.A3C000BB0FD63178665D93B1B9AE893B.e.20321/click - {}
RESULT: {}
COMMAND: GET /session/b4f8750b6ab9764d379b715c7854fdbf/screenshot - {}
RESULT: {}
COMMAND: POST /session/b4f8750b6ab9764d379b715c7854fdbf/element - {"using":"xpath","value":"//span[@id=\"application-manageconditionprice-display-component---conditions--smartTable-header-inner\"]"}
RESULT: {"using":"xpath","value":"//span[@id=\"application-manageconditionprice-display-component---conditions--smartTable-header-inner\"]"}
COMMAND: POST /session/b4f8750b6ab9764d379b715c7854fdbf/elements - {"using":"xpath","value":"//span[@id=\"application-manageconditionprice-display-component---conditions--smartTable-header-inner\"]"}
RESULT: {"using":"xpath","value":"//span[@id=\"application-manageconditionprice-display-component---conditions--smartTable-header-inner\"]"}
COMMAND: POST /session/b4f8750b6ab9764d379b715c7854fdbf/execute/sync - {"script":"<script> [56 bytes]","args":[{"element-6066-11e4-a52e-4f735466cecf":"f.8850BFF0213FDAA0CDBB6DAFAFD06CF5.d.A3C000BB0FD63178665D93B1B9AE893B.e.20324","ELEMENT":"f.8850BFF0213FDAA0CDBB6DAFAFD06CF5.d.A3C000BB0FD63178665D93B1B9AE893B.e.20324"}]}
RESULT: {"script":"<script> [56 bytes]","args":[{"element-6066-11e4-a52e-4f735466cecf":"f.8850BFF0213FDAA0CDBB6DAFAFD06CF5.d.A3C000BB0FD63178665D93B1B9AE893B.e.20324","ELEMENT":"f.8850BFF0213FDAA0CDBB6DAFAFD06CF5.d.A3C000BB0FD63178665D93B1B9AE893B.e.20324"}]}
COMMAND: POST /session/b4f8750b6ab9764d379b715c7854fdbf/element - {"using":"css selector","value":"#shell-header-logo"}
COMMAND: GET /session/b4f8750b6ab9764d379b715c7854fdbf/screenshot - {}
RESULT: {"using":"css selector","value":"#shell-header-logo"}
COMMAND: POST /session/b4f8750b6ab9764d379b715c7854fdbf/element/f.8850BFF0213FDAA0CDBB6DAFAFD06CF5.d.A3C000BB0FD63178665D93B1B9AE893B.e.20048/click - {}
RESULT: {}
RESULT: {}
COMMAND: GET /session/b4f8750b6ab9764d379b715c7854fdbf/screenshot - {}
RESULT: {}
]]></system-out>
    </testcase>
    <testcase classname="chrome.137_0_7151_69.windows.Create_Reverse_Billing_US127248" name="Should do a stock increase handover" time="97.843">
      <system-out><![CDATA[
COMMAND: POST /session/b4f8750b6ab9764d379b715c7854fdbf/execute/async - {"script":"<script> [1562 bytes]","args":[{"selector":{"controlType":"sap.m.GenericTile","properties":{"header":"Manage Handovers"}},"wdio_ui5_key":"sapm.GenericTile{\"header\":\"Manage Handovers\"}"}]}
RESULT: {"script":"<script> [1562 bytes]","args":[{"selector":{"controlType":"sap.m.GenericTile","properties":{"header":"Manage Handovers"}},"wdio_ui5_key":"sapm.GenericTile{\"header\":\"Manage Handovers\"}"}]}
RESULT: undefined
COMMAND: POST /session/b4f8750b6ab9764d379b715c7854fdbf/element - {"using":"xpath","value":"//*[@id=\"__tile134\"]"}
RESULT: {"using":"xpath","value":"//*[@id=\"__tile134\"]"}
COMMAND: POST /session/b4f8750b6ab9764d379b715c7854fdbf/element/f.8850BFF0213FDAA0CDBB6DAFAFD06CF5.d.A3C000BB0FD63178665D93B1B9AE893B.e.19074/click - {}
RESULT: {}
COMMAND: GET /session/b4f8750b6ab9764d379b715c7854fdbf/screenshot - {}
RESULT: {}
COMMAND: POST /session/b4f8750b6ab9764d379b715c7854fdbf/elements - {"using":"xpath","value":"//span[text()='Error']"}
RESULT: {"using":"xpath","value":"//span[text()='Error']"}
COMMAND: POST /session/b4f8750b6ab9764d379b715c7854fdbf/element - {"using":"xpath","value":"//button[@data-kt=\"masterHOAddButton\"]"}
RESULT: {"using":"xpath","value":"//button[@data-kt=\"masterHOAddButton\"]"}
COMMAND: POST /session/b4f8750b6ab9764d379b715c7854fdbf/elements - {"using":"xpath","value":"//button[@data-kt=\"masterHOAddButton\"]"}
RESULT: {"using":"xpath","value":"//button[@data-kt=\"masterHOAddButton\"]"}
COMMAND: POST /session/b4f8750b6ab9764d379b715c7854fdbf/element - {"using":"xpath","value":"//button[@data-kt=\"masterHOAddButton\"]"}
RESULT: {"using":"xpath","value":"//button[@data-kt=\"masterHOAddButton\"]"}
COMMAND: POST /session/b4f8750b6ab9764d379b715c7854fdbf/execute/sync - {"script":"<script> [8489 bytes]","args":[{"element-6066-11e4-a52e-4f735466cecf":"f.8850BFF0213FDAA0CDBB6DAFAFD06CF5.d.A3C000BB0FD63178665D93B1B9AE893B.e.20367","ELEMENT":"f.8850BFF0213FDAA0CDBB6DAFAFD06CF5.d.A3C000BB0FD63178665D93B1B9AE893B.e.20367"}]}
RESULT: {"script":"<script> [8489 bytes]","args":[{"element-6066-11e4-a52e-4f735466cecf":"f.8850BFF0213FDAA0CDBB6DAFAFD06CF5.d.A3C000BB0FD63178665D93B1B9AE893B.e.20367","ELEMENT":"f.8850BFF0213FDAA0CDBB6DAFAFD06CF5.d.A3C000BB0FD63178665D93B1B9AE893B.e.20367"}]}
COMMAND: GET /session/b4f8750b6ab9764d379b715c7854fdbf/element/f.8850BFF0213FDAA0CDBB6DAFAFD06CF5.d.A3C000BB0FD63178665D93B1B9AE893B.e.20367/enabled - {}
COMMAND: GET /session/b4f8750b6ab9764d379b715c7854fdbf/screenshot - {}
RESULT: {}
COMMAND: POST /session/b4f8750b6ab9764d379b715c7854fdbf/execute/sync - {"script":"<script> [8489 bytes]","args":[{"element-6066-11e4-a52e-4f735466cecf":"f.8850BFF0213FDAA0CDBB6DAFAFD06CF5.d.A3C000BB0FD63178665D93B1B9AE893B.e.20367","ELEMENT":"f.8850BFF0213FDAA0CDBB6DAFAFD06CF5.d.A3C000BB0FD63178665D93B1B9AE893B.e.20367"}]}
COMMAND: GET /session/b4f8750b6ab9764d379b715c7854fdbf/screenshot - {}
RESULT: {}
RESULT: {}
RESULT: {"script":"<script> [8489 bytes]","args":[{"element-6066-11e4-a52e-4f735466cecf":"f.8850BFF0213FDAA0CDBB6DAFAFD06CF5.d.A3C000BB0FD63178665D93B1B9AE893B.e.20367","ELEMENT":"f.8850BFF0213FDAA0CDBB6DAFAFD06CF5.d.A3C000BB0FD63178665D93B1B9AE893B.e.20367"}]}
COMMAND: POST /session/b4f8750b6ab9764d379b715c7854fdbf/execute/sync - {"script":"<script> [5351 bytes]","args":[{"element-6066-11e4-a52e-4f735466cecf":"f.8850BFF0213FDAA0CDBB6DAFAFD06CF5.d.A3C000BB0FD63178665D93B1B9AE893B.e.20367","ELEMENT":"f.8850BFF0213FDAA0CDBB6DAFAFD06CF5.d.A3C000BB0FD63178665D93B1B9AE893B.e.20367"}]}
COMMAND: GET /session/b4f8750b6ab9764d379b715c7854fdbf/screenshot - {}
RESULT: {"script":"<script> [5351 bytes]","args":[{"element-6066-11e4-a52e-4f735466cecf":"f.8850BFF0213FDAA0CDBB6DAFAFD06CF5.d.A3C000BB0FD63178665D93B1B9AE893B.e.20367","ELEMENT":"f.8850BFF0213FDAA0CDBB6DAFAFD06CF5.d.A3C000BB0FD63178665D93B1B9AE893B.e.20367"}]}
COMMAND: POST /session/b4f8750b6ab9764d379b715c7854fdbf/element/f.8850BFF0213FDAA0CDBB6DAFAFD06CF5.d.A3C000BB0FD63178665D93B1B9AE893B.e.20367/click - {}
COMMAND: GET /session/b4f8750b6ab9764d379b715c7854fdbf/screenshot - {}
RESULT: {}
RESULT: {}
COMMAND: GET /session/b4f8750b6ab9764d379b715c7854fdbf/screenshot - {}
RESULT: {}
RESULT: {}
COMMAND: POST /session/b4f8750b6ab9764d379b715c7854fdbf/element - {"using":"xpath","value":"//span[contains(@id ,\"AddNewHO--typeSelect-arrow\")]"}
RESULT: {"using":"xpath","value":"//span[contains(@id ,\"AddNewHO--typeSelect-arrow\")]"}
COMMAND: POST /session/b4f8750b6ab9764d379b715c7854fdbf/element/f.8850BFF0213FDAA0CDBB6DAFAFD06CF5.d.A3C000BB0FD63178665D93B1B9AE893B.e.20708/click - {}
RESULT: {}
COMMAND: GET /session/b4f8750b6ab9764d379b715c7854fdbf/screenshot - {}
RESULT: {}
COMMAND: POST /session/b4f8750b6ab9764d379b715c7854fdbf/element - {"using":"xpath","value":"(//li[contains(text(), \"stock increase yard\")])[1]"}
RESULT: {"using":"xpath","value":"(//li[contains(text(), \"stock increase yard\")])[1]"}
COMMAND: POST /session/b4f8750b6ab9764d379b715c7854fdbf/element/f.8850BFF0213FDAA0CDBB6DAFAFD06CF5.d.A3C000BB0FD63178665D93B1B9AE893B.e.20709/click - {}
RESULT: {}
COMMAND: GET /session/b4f8750b6ab9764d379b715c7854fdbf/screenshot - {}
RESULT: {}
COMMAND: POST /session/b4f8750b6ab9764d379b715c7854fdbf/execute/async - {"script":"<script> [1562 bytes]","args":[{"selector":{"id":"application-managehandovers-display-component---AddNewHO--dueDate","interaction":{"idSuffix":"inner"}},"wdio_ui5_key":"applicationmanagehandovers-display-component---AddNewHO--dueDate"}]}
RESULT: {"script":"<script> [1562 bytes]","args":[{"selector":{"id":"application-managehandovers-display-component---AddNewHO--dueDate","interaction":{"idSuffix":"inner"}},"wdio_ui5_key":"applicationmanagehandovers-display-component---AddNewHO--dueDate"}]}
RESULT: undefined
COMMAND: POST /session/b4f8750b6ab9764d379b715c7854fdbf/execute/async - {"script":"<script> [6424 bytes]","args":[{"element-6066-11e4-a52e-4f735466cecf":"f.8850BFF0213FDAA0CDBB6DAFAFD06CF5.d.A3C000BB0FD63178665D93B1B9AE893B.e.20713"},"setValue",["6/13/25"]]}
RESULT: {"script":"<script> [6424 bytes]","args":[{"element-6066-11e4-a52e-4f735466cecf":"f.8850BFF0213FDAA0CDBB6DAFAFD06CF5.d.A3C000BB0FD63178665D93B1B9AE893B.e.20713"},"setValue",["6/13/25"]]}
COMMAND: POST /session/b4f8750b6ab9764d379b715c7854fdbf/element - {"using":"xpath","value":"//input[@id=\"generalSectionFrg--receiveYard-inner\"]"}
RESULT: {"using":"xpath","value":"//input[@id=\"generalSectionFrg--receiveYard-inner\"]"}
COMMAND: POST /session/b4f8750b6ab9764d379b715c7854fdbf/element/f.8850BFF0213FDAA0CDBB6DAFAFD06CF5.d.A3C000BB0FD63178665D93B1B9AE893B.e.20719/clear - {}
RESULT: {}
COMMAND: POST /session/b4f8750b6ab9764d379b715c7854fdbf/element/f.8850BFF0213FDAA0CDBB6DAFAFD06CF5.d.A3C000BB0FD63178665D93B1B9AE893B.e.20719/value - {"text":"249"}
COMMAND: GET /session/b4f8750b6ab9764d379b715c7854fdbf/screenshot - {}
RESULT: {"text":"249"}
COMMAND: GET /session/b4f8750b6ab9764d379b715c7854fdbf/screenshot - {}
RESULT: {}
RESULT: {}
COMMAND: POST /session/b4f8750b6ab9764d379b715c7854fdbf/element - {"using":"xpath","value":"//li[.//span[contains(normalize-space(.), '249 -')]]"}
RESULT: {"using":"xpath","value":"//li[.//span[contains(normalize-space(.), '249 -')]]"}
COMMAND: POST /session/b4f8750b6ab9764d379b715c7854fdbf/element/f.8850BFF0213FDAA0CDBB6DAFAFD06CF5.d.A3C000BB0FD63178665D93B1B9AE893B.e.20734/click - {}
RESULT: {}
COMMAND: GET /session/b4f8750b6ab9764d379b715c7854fdbf/screenshot - {}
RESULT: {}
COMMAND: POST /session/b4f8750b6ab9764d379b715c7854fdbf/execute/async - {"script":"<script> [1562 bytes]","args":[{"selector":{"id":"application-managehandovers-display-component---AddNewHO--ObjectPageLayout-anchBar-application-managehandovers-display-component---AddNewHO--section4-anchor","interaction":{"idSuffix":"BDI-content"}},"wdio_ui5_key":"applicationmanagehandovers-display-component---AddNewHO--ObjectPageLayout-anchBar-application-managehandovers-display-component---AddNewHO--section4-anchor"}]}
RESULT: {"script":"<script> [1562 bytes]","args":[{"selector":{"id":"application-managehandovers-display-component---AddNewHO--ObjectPageLayout-anchBar-application-managehandovers-display-component---AddNewHO--section4-anchor","interaction":{"idSuffix":"BDI-content"}},"wdio_ui5_key":"applicationmanagehandovers-display-component---AddNewHO--ObjectPageLayout-anchBar-application-managehandovers-display-component---AddNewHO--section4-anchor"}]}
RESULT: undefined
COMMAND: POST /session/b4f8750b6ab9764d379b715c7854fdbf/element - {"using":"xpath","value":"//*[@id=\"application-managehandovers-display-component---AddNewHO--ObjectPageLayout-anchBar-application-managehandovers-display-component---AddNewHO--section4-anchor\"]"}
RESULT: {"using":"xpath","value":"//*[@id=\"application-managehandovers-display-component---AddNewHO--ObjectPageLayout-anchBar-application-managehandovers-display-component---AddNewHO--section4-anchor\"]"}
COMMAND: POST /session/b4f8750b6ab9764d379b715c7854fdbf/element/f.8850BFF0213FDAA0CDBB6DAFAFD06CF5.d.A3C000BB0FD63178665D93B1B9AE893B.e.20736/click - {}
RESULT: {}
COMMAND: GET /session/b4f8750b6ab9764d379b715c7854fdbf/screenshot - {}
RESULT: {}
COMMAND: POST /session/b4f8750b6ab9764d379b715c7854fdbf/element - {"using":"xpath","value":"//button[@aria-label=\"Add\"]"}
RESULT: {"using":"xpath","value":"//button[@aria-label=\"Add\"]"}
COMMAND: POST /session/b4f8750b6ab9764d379b715c7854fdbf/element/f.8850BFF0213FDAA0CDBB6DAFAFD06CF5.d.A3C000BB0FD63178665D93B1B9AE893B.e.20740/click - {}
RESULT: {}
COMMAND: GET /session/b4f8750b6ab9764d379b715c7854fdbf/screenshot - {}
RESULT: {}
COMMAND: POST /session/b4f8750b6ab9764d379b715c7854fdbf/execute/async - {"script":"<script> [1562 bytes]","args":[{"selector":{"id":"application-managehandovers-display-component---AddNewHO--smartFilterBar-btnBasicSearch","searchOpenDialogs":true,"interaction":{"idSuffix":"I"}},"wdio_ui5_key":"applicationmanagehandovers-display-component---AddNewHO--smartFilterBar-btnBasicSearch"}]}
RESULT: {"script":"<script> [1562 bytes]","args":[{"selector":{"id":"application-managehandovers-display-component---AddNewHO--smartFilterBar-btnBasicSearch","searchOpenDialogs":true,"interaction":{"idSuffix":"I"}},"wdio_ui5_key":"applicationmanagehandovers-display-component---AddNewHO--smartFilterBar-btnBasicSearch"}]}
RESULT: undefined
COMMAND: POST /session/b4f8750b6ab9764d379b715c7854fdbf/execute/async - {"script":"<script> [776 bytes]","args":[{"enterText":"xz5NJQ3oy9","selector":{"id":"application-managehandovers-display-component---AddNewHO--smartFilterBar-btnBasicSearch","searchOpenDialogs":true,"interaction":{"idSuffix":"I"}},"clearTextFirst":true,"interactionType":"ENTER_TEXT"}]}
RESULT: {"script":"<script> [776 bytes]","args":[{"enterText":"xz5NJQ3oy9","selector":{"id":"application-managehandovers-display-component---AddNewHO--smartFilterBar-btnBasicSearch","searchOpenDialogs":true,"interaction":{"idSuffix":"I"}},"clearTextFirst":true,"interactionType":"ENTER_TEXT"}]}
COMMAND: POST /session/b4f8750b6ab9764d379b715c7854fdbf/actions - {"actions":[{"id":"action70","type":"key","parameters":{},"actions":[{"type":"keyDown","value":""},{"type":"pause","duration":10},{"type":"keyUp","value":""}]}]}
RESULT: {"actions":[{"id":"action70","type":"key","parameters":{},"actions":[{"type":"keyDown","value":""},{"type":"pause","duration":10},{"type":"keyUp","value":""}]}]}
COMMAND: GET /session/b4f8750b6ab9764d379b715c7854fdbf/screenshot - {}
RESULT: {}
COMMAND: POST /session/b4f8750b6ab9764d379b715c7854fdbf/execute/async - {"script":"<script> [1562 bytes]","args":[{"selector":{"id":"application-managehandovers-display-component---AddNewHO--popup-sa","searchOpenDialogs":true,"interaction":{"idSuffix":"CbBg"}},"wdio_ui5_key":"applicationmanagehandovers-display-component---AddNewHO--popup-sa"}]}
RESULT: {"script":"<script> [1562 bytes]","args":[{"selector":{"id":"application-managehandovers-display-component---AddNewHO--popup-sa","searchOpenDialogs":true,"interaction":{"idSuffix":"CbBg"}},"wdio_ui5_key":"applicationmanagehandovers-display-component---AddNewHO--popup-sa"}]}
RESULT: undefined
COMMAND: POST /session/b4f8750b6ab9764d379b715c7854fdbf/element - {"using":"xpath","value":"//*[@id=\"application-managehandovers-display-component---AddNewHO--popup-sa\"]"}
RESULT: {"using":"xpath","value":"//*[@id=\"application-managehandovers-display-component---AddNewHO--popup-sa\"]"}
COMMAND: POST /session/b4f8750b6ab9764d379b715c7854fdbf/element/f.8850BFF0213FDAA0CDBB6DAFAFD06CF5.d.A3C000BB0FD63178665D93B1B9AE893B.e.20894/click - {}
RESULT: {}
COMMAND: GET /session/b4f8750b6ab9764d379b715c7854fdbf/screenshot - {}
RESULT: {}
COMMAND: POST /session/b4f8750b6ab9764d379b715c7854fdbf/element - {"using":"xpath","value":"//bdi[contains(text(), \"Select\")]"}
RESULT: {"using":"xpath","value":"//bdi[contains(text(), \"Select\")]"}
COMMAND: POST /session/b4f8750b6ab9764d379b715c7854fdbf/element/f.8850BFF0213FDAA0CDBB6DAFAFD06CF5.d.A3C000BB0FD63178665D93B1B9AE893B.e.20895/click - {}
RESULT: {}
COMMAND: GET /session/b4f8750b6ab9764d379b715c7854fdbf/screenshot - {}
RESULT: {}
COMMAND: POST /session/b4f8750b6ab9764d379b715c7854fdbf/element - {"using":"xpath","value":"//button[@data-kt=\"AddNewHOSaveButton\"]"}
RESULT: {"using":"xpath","value":"//button[@data-kt=\"AddNewHOSaveButton\"]"}
COMMAND: POST /session/b4f8750b6ab9764d379b715c7854fdbf/element/f.8850BFF0213FDAA0CDBB6DAFAFD06CF5.d.A3C000BB0FD63178665D93B1B9AE893B.e.20899/click - {}
RESULT: {}
COMMAND: GET /session/b4f8750b6ab9764d379b715c7854fdbf/screenshot - {}
RESULT: {}
COMMAND: POST /session/b4f8750b6ab9764d379b715c7854fdbf/execute/async - {"script":"<script> [1562 bytes]","args":[{"selector":{"id":"receiptDatePicker","viewName":"etm.portal.ui.managehandovers.view.DetailExecuteHO","interaction":{"idSuffix":"inner"}},"wdio_ui5_key":"receiptDatePickeretmportal.ui.managehandovers.view.DetailExecuteHO"}]}
RESULT: {"script":"<script> [1562 bytes]","args":[{"selector":{"id":"receiptDatePicker","viewName":"etm.portal.ui.managehandovers.view.DetailExecuteHO","interaction":{"idSuffix":"inner"}},"wdio_ui5_key":"receiptDatePickeretmportal.ui.managehandovers.view.DetailExecuteHO"}]}
RESULT: undefined
COMMAND: POST /session/b4f8750b6ab9764d379b715c7854fdbf/execute/async - {"script":"<script> [6424 bytes]","args":[{"element-6066-11e4-a52e-4f735466cecf":"f.8850BFF0213FDAA0CDBB6DAFAFD06CF5.d.A3C000BB0FD63178665D93B1B9AE893B.e.20929"},"setValue",["6/13/25"]]}
RESULT: {"script":"<script> [6424 bytes]","args":[{"element-6066-11e4-a52e-4f735466cecf":"f.8850BFF0213FDAA0CDBB6DAFAFD06CF5.d.A3C000BB0FD63178665D93B1B9AE893B.e.20929"},"setValue",["6/13/25"]]}
COMMAND: POST /session/b4f8750b6ab9764d379b715c7854fdbf/element - {"using":"xpath","value":"//button[@data-kt=\"ReceivingTableConfirmAllButton\"]"}
RESULT: {"using":"xpath","value":"//button[@data-kt=\"ReceivingTableConfirmAllButton\"]"}
COMMAND: POST /session/b4f8750b6ab9764d379b715c7854fdbf/element/f.8850BFF0213FDAA0CDBB6DAFAFD06CF5.d.A3C000BB0FD63178665D93B1B9AE893B.e.20943/click - {}
RESULT: {}
COMMAND: GET /session/b4f8750b6ab9764d379b715c7854fdbf/screenshot - {}
RESULT: {}
COMMAND: POST /session/b4f8750b6ab9764d379b715c7854fdbf/element - {"using":"xpath","value":"//bdi[contains(text(), \"OK\")]"}
RESULT: {"using":"xpath","value":"//bdi[contains(text(), \"OK\")]"}
COMMAND: POST /session/b4f8750b6ab9764d379b715c7854fdbf/element/f.8850BFF0213FDAA0CDBB6DAFAFD06CF5.d.A3C000BB0FD63178665D93B1B9AE893B.e.20945/click - {}
RESULT: {}
COMMAND: GET /session/b4f8750b6ab9764d379b715c7854fdbf/screenshot - {}
RESULT: {}
COMMAND: POST /session/b4f8750b6ab9764d379b715c7854fdbf/element - {"using":"xpath","value":"(//bdi[contains(text(), \"Receive\")])[2]"}
RESULT: {"using":"xpath","value":"(//bdi[contains(text(), \"Receive\")])[2]"}
COMMAND: POST /session/b4f8750b6ab9764d379b715c7854fdbf/element/f.8850BFF0213FDAA0CDBB6DAFAFD06CF5.d.A3C000BB0FD63178665D93B1B9AE893B.e.20947/click - {}
RESULT: {}
COMMAND: GET /session/b4f8750b6ab9764d379b715c7854fdbf/screenshot - {}
RESULT: {}
COMMAND: POST /session/b4f8750b6ab9764d379b715c7854fdbf/element - {"using":"css selector","value":"#shell-header-logo"}
RESULT: {"using":"css selector","value":"#shell-header-logo"}
COMMAND: POST /session/b4f8750b6ab9764d379b715c7854fdbf/element/f.8850BFF0213FDAA0CDBB6DAFAFD06CF5.d.A3C000BB0FD63178665D93B1B9AE893B.e.20330/click - {}
RESULT: {}
COMMAND: GET /session/b4f8750b6ab9764d379b715c7854fdbf/screenshot - {}
RESULT: {}
]]></system-out>
    </testcase>
    <testcase classname="chrome.137_0_7151_69.windows.Create_Reverse_Billing_US127248" name="Should create a new contract" time="61.408">
      <system-out><![CDATA[
COMMAND: POST /session/b4f8750b6ab9764d379b715c7854fdbf/execute/async - {"script":"<script> [1562 bytes]","args":[{"selector":{"controlType":"sap.m.GenericTile","properties":{"header":"Manage Contracts"}},"wdio_ui5_key":"sapm.GenericTile{\"header\":\"Manage Contracts\"}"}]}
RESULT: {"script":"<script> [1562 bytes]","args":[{"selector":{"controlType":"sap.m.GenericTile","properties":{"header":"Manage Contracts"}},"wdio_ui5_key":"sapm.GenericTile{\"header\":\"Manage Contracts\"}"}]}
RESULT: undefined
COMMAND: POST /session/b4f8750b6ab9764d379b715c7854fdbf/element - {"using":"xpath","value":"//*[@id=\"__tile132\"]"}
RESULT: {"using":"xpath","value":"//*[@id=\"__tile132\"]"}
COMMAND: POST /session/b4f8750b6ab9764d379b715c7854fdbf/element/f.8850BFF0213FDAA0CDBB6DAFAFD06CF5.d.A3C000BB0FD63178665D93B1B9AE893B.e.19002/click - {}
RESULT: {}
COMMAND: GET /session/b4f8750b6ab9764d379b715c7854fdbf/screenshot - {}
RESULT: {}
COMMAND: POST /session/b4f8750b6ab9764d379b715c7854fdbf/elements - {"using":"xpath","value":"//span[text()='Error']"}
RESULT: {"using":"xpath","value":"//span[text()='Error']"}
COMMAND: POST /session/b4f8750b6ab9764d379b715c7854fdbf/element - {"using":"xpath","value":"//button[@data-kt=\"addButton\"]"}
RESULT: {"using":"xpath","value":"//button[@data-kt=\"addButton\"]"}
COMMAND: POST /session/b4f8750b6ab9764d379b715c7854fdbf/elements - {"using":"xpath","value":"//button[@data-kt=\"addButton\"]"}
RESULT: {"using":"xpath","value":"//button[@data-kt=\"addButton\"]"}
COMMAND: POST /session/b4f8750b6ab9764d379b715c7854fdbf/execute/sync - {"script":"<script> [8489 bytes]","args":[{"element-6066-11e4-a52e-4f735466cecf":"f.8850BFF0213FDAA0CDBB6DAFAFD06CF5.d.A3C000BB0FD63178665D93B1B9AE893B.e.21167","ELEMENT":"f.8850BFF0213FDAA0CDBB6DAFAFD06CF5.d.A3C000BB0FD63178665D93B1B9AE893B.e.21167"}]}
RESULT: {"script":"<script> [8489 bytes]","args":[{"element-6066-11e4-a52e-4f735466cecf":"f.8850BFF0213FDAA0CDBB6DAFAFD06CF5.d.A3C000BB0FD63178665D93B1B9AE893B.e.21167","ELEMENT":"f.8850BFF0213FDAA0CDBB6DAFAFD06CF5.d.A3C000BB0FD63178665D93B1B9AE893B.e.21167"}]}
COMMAND: GET /session/b4f8750b6ab9764d379b715c7854fdbf/element/f.8850BFF0213FDAA0CDBB6DAFAFD06CF5.d.A3C000BB0FD63178665D93B1B9AE893B.e.21167/enabled - {}
COMMAND: GET /session/b4f8750b6ab9764d379b715c7854fdbf/screenshot - {}
RESULT: {}
COMMAND: POST /session/b4f8750b6ab9764d379b715c7854fdbf/execute/sync - {"script":"<script> [8489 bytes]","args":[{"element-6066-11e4-a52e-4f735466cecf":"f.8850BFF0213FDAA0CDBB6DAFAFD06CF5.d.A3C000BB0FD63178665D93B1B9AE893B.e.21167","ELEMENT":"f.8850BFF0213FDAA0CDBB6DAFAFD06CF5.d.A3C000BB0FD63178665D93B1B9AE893B.e.21167"}]}
COMMAND: GET /session/b4f8750b6ab9764d379b715c7854fdbf/screenshot - {}
RESULT: {}
RESULT: {"script":"<script> [8489 bytes]","args":[{"element-6066-11e4-a52e-4f735466cecf":"f.8850BFF0213FDAA0CDBB6DAFAFD06CF5.d.A3C000BB0FD63178665D93B1B9AE893B.e.21167","ELEMENT":"f.8850BFF0213FDAA0CDBB6DAFAFD06CF5.d.A3C000BB0FD63178665D93B1B9AE893B.e.21167"}]}
COMMAND: POST /session/b4f8750b6ab9764d379b715c7854fdbf/execute/sync - {"script":"<script> [5351 bytes]","args":[{"element-6066-11e4-a52e-4f735466cecf":"f.8850BFF0213FDAA0CDBB6DAFAFD06CF5.d.A3C000BB0FD63178665D93B1B9AE893B.e.21167","ELEMENT":"f.8850BFF0213FDAA0CDBB6DAFAFD06CF5.d.A3C000BB0FD63178665D93B1B9AE893B.e.21167"}]}
COMMAND: GET /session/b4f8750b6ab9764d379b715c7854fdbf/screenshot - {}
RESULT: {}
RESULT: {"script":"<script> [5351 bytes]","args":[{"element-6066-11e4-a52e-4f735466cecf":"f.8850BFF0213FDAA0CDBB6DAFAFD06CF5.d.A3C000BB0FD63178665D93B1B9AE893B.e.21167","ELEMENT":"f.8850BFF0213FDAA0CDBB6DAFAFD06CF5.d.A3C000BB0FD63178665D93B1B9AE893B.e.21167"}]}
COMMAND: GET /session/b4f8750b6ab9764d379b715c7854fdbf/screenshot - {}
RESULT: {}
RESULT: {}
COMMAND: POST /session/b4f8750b6ab9764d379b715c7854fdbf/element/f.8850BFF0213FDAA0CDBB6DAFAFD06CF5.d.A3C000BB0FD63178665D93B1B9AE893B.e.21167/click - {}
RESULT: {}
COMMAND: GET /session/b4f8750b6ab9764d379b715c7854fdbf/screenshot - {}
COMMAND: POST /session/b4f8750b6ab9764d379b715c7854fdbf/execute/async - {"script":"<script> [1562 bytes]","args":[{"selector":{"id":"application-managecontracts-display-component---AddNewContract--projectDescription","interaction":{"idSuffix":"inner"}},"wdio_ui5_key":"applicationmanagecontracts-display-component---AddNewContract--projectDescription"}]}
RESULT: {}
RESULT: {"script":"<script> [1562 bytes]","args":[{"selector":{"id":"application-managecontracts-display-component---AddNewContract--projectDescription","interaction":{"idSuffix":"inner"}},"wdio_ui5_key":"applicationmanagecontracts-display-component---AddNewContract--projectDescription"}]}
RESULT: undefined
COMMAND: POST /session/b4f8750b6ab9764d379b715c7854fdbf/execute/async - {"script":"<script> [776 bytes]","args":[{"enterText":"Contract WDIO","selector":{"id":"application-managecontracts-display-component---AddNewContract--projectDescription","interaction":{"idSuffix":"inner"}},"clearTextFirst":true,"interactionType":"ENTER_TEXT"}]}
RESULT: {"script":"<script> [776 bytes]","args":[{"enterText":"Contract WDIO","selector":{"id":"application-managecontracts-display-component---AddNewContract--projectDescription","interaction":{"idSuffix":"inner"}},"clearTextFirst":true,"interactionType":"ENTER_TEXT"}]}
COMMAND: POST /session/b4f8750b6ab9764d379b715c7854fdbf/element - {"using":"xpath","value":"//input[@id=\"application-managecontracts-display-component---AddNewContract--site-inner\"]"}
RESULT: {"using":"xpath","value":"//input[@id=\"application-managecontracts-display-component---AddNewContract--site-inner\"]"}
COMMAND: POST /session/b4f8750b6ab9764d379b715c7854fdbf/element/f.8850BFF0213FDAA0CDBB6DAFAFD06CF5.d.A3C000BB0FD63178665D93B1B9AE893B.e.21484/clear - {}
RESULT: {}
COMMAND: POST /session/b4f8750b6ab9764d379b715c7854fdbf/element/f.8850BFF0213FDAA0CDBB6DAFAFD06CF5.d.A3C000BB0FD63178665D93B1B9AE893B.e.21484/value - {"text":"2093"}
COMMAND: GET /session/b4f8750b6ab9764d379b715c7854fdbf/screenshot - {}
RESULT: {"text":"2093"}
COMMAND: GET /session/b4f8750b6ab9764d379b715c7854fdbf/screenshot - {}
RESULT: {}
RESULT: {}
COMMAND: POST /session/b4f8750b6ab9764d379b715c7854fdbf/element - {"using":"xpath","value":"//li[.//span[text()='2093']]"}
RESULT: {"using":"xpath","value":"//li[.//span[text()='2093']]"}
COMMAND: POST /session/b4f8750b6ab9764d379b715c7854fdbf/element/f.8850BFF0213FDAA0CDBB6DAFAFD06CF5.d.A3C000BB0FD63178665D93B1B9AE893B.e.21567/click - {}
RESULT: {}
COMMAND: GET /session/b4f8750b6ab9764d379b715c7854fdbf/screenshot - {}
RESULT: {}
COMMAND: POST /session/b4f8750b6ab9764d379b715c7854fdbf/element - {"using":"xpath","value":"//input[@id=\"application-managecontracts-display-component---AddNewContract--yardId-inner\"]"}
RESULT: {"using":"xpath","value":"//input[@id=\"application-managecontracts-display-component---AddNewContract--yardId-inner\"]"}
COMMAND: GET /session/b4f8750b6ab9764d379b715c7854fdbf/element/f.8850BFF0213FDAA0CDBB6DAFAFD06CF5.d.A3C000BB0FD63178665D93B1B9AE893B.e.21485/property/value - {}
RESULT: {}
COMMAND: POST /session/b4f8750b6ab9764d379b715c7854fdbf/element - {"using":"xpath","value":"//input[@id=\"application-managecontracts-display-component---AddNewContract--customerSelect-inner\"]"}
COMMAND: GET /session/b4f8750b6ab9764d379b715c7854fdbf/screenshot - {}
RESULT: {"using":"xpath","value":"//input[@id=\"application-managecontracts-display-component---AddNewContract--customerSelect-inner\"]"}
COMMAND: POST /session/b4f8750b6ab9764d379b715c7854fdbf/element/f.8850BFF0213FDAA0CDBB6DAFAFD06CF5.d.A3C000BB0FD63178665D93B1B9AE893B.e.21483/clear - {}
RESULT: {}
RESULT: {}
COMMAND: POST /session/b4f8750b6ab9764d379b715c7854fdbf/element/f.8850BFF0213FDAA0CDBB6DAFAFD06CF5.d.A3C000BB0FD63178665D93B1B9AE893B.e.21483/value - {"text":"1102"}
COMMAND: GET /session/b4f8750b6ab9764d379b715c7854fdbf/screenshot - {}
RESULT: {"text":"1102"}
COMMAND: GET /session/b4f8750b6ab9764d379b715c7854fdbf/screenshot - {}
RESULT: {}
RESULT: {}
COMMAND: POST /session/b4f8750b6ab9764d379b715c7854fdbf/element - {"using":"xpath","value":"//li[.//span[text()='1102']]"}
RESULT: {"using":"xpath","value":"//li[.//span[text()='1102']]"}
COMMAND: POST /session/b4f8750b6ab9764d379b715c7854fdbf/element/f.8850BFF0213FDAA0CDBB6DAFAFD06CF5.d.A3C000BB0FD63178665D93B1B9AE893B.e.21570/click - {}
RESULT: {}
COMMAND: GET /session/b4f8750b6ab9764d379b715c7854fdbf/screenshot - {}
RESULT: {}
COMMAND: POST /session/b4f8750b6ab9764d379b715c7854fdbf/element - {"using":"xpath","value":"//button[@data-kt=\"saveButton\"]"}
RESULT: {"using":"xpath","value":"//button[@data-kt=\"saveButton\"]"}
COMMAND: POST /session/b4f8750b6ab9764d379b715c7854fdbf/element/f.8850BFF0213FDAA0CDBB6DAFAFD06CF5.d.A3C000BB0FD63178665D93B1B9AE893B.e.21560/click - {}
RESULT: {}
COMMAND: GET /session/b4f8750b6ab9764d379b715c7854fdbf/screenshot - {}
RESULT: {}
COMMAND: POST /session/b4f8750b6ab9764d379b715c7854fdbf/element - {"using":"xpath","value":"//span[contains(@id ,\"contractDetailTitleNoExpanded\")]"}
RESULT: {"using":"xpath","value":"//span[contains(@id ,\"contractDetailTitleNoExpanded\")]"}
COMMAND: POST /session/b4f8750b6ab9764d379b715c7854fdbf/elements - {"using":"xpath","value":"//span[contains(@id ,\"contractDetailTitleNoExpanded\")]"}
RESULT: {"using":"xpath","value":"//span[contains(@id ,\"contractDetailTitleNoExpanded\")]"}
COMMAND: POST /session/b4f8750b6ab9764d379b715c7854fdbf/execute/sync - {"script":"<script> [56 bytes]","args":[{"element-6066-11e4-a52e-4f735466cecf":"f.8850BFF0213FDAA0CDBB6DAFAFD06CF5.d.A3C000BB0FD63178665D93B1B9AE893B.e.21642","ELEMENT":"f.8850BFF0213FDAA0CDBB6DAFAFD06CF5.d.A3C000BB0FD63178665D93B1B9AE893B.e.21642"}]}
RESULT: {"script":"<script> [56 bytes]","args":[{"element-6066-11e4-a52e-4f735466cecf":"f.8850BFF0213FDAA0CDBB6DAFAFD06CF5.d.A3C000BB0FD63178665D93B1B9AE893B.e.21642","ELEMENT":"f.8850BFF0213FDAA0CDBB6DAFAFD06CF5.d.A3C000BB0FD63178665D93B1B9AE893B.e.21642"}]}
COMMAND: GET /session/b4f8750b6ab9764d379b715c7854fdbf/screenshot - {}
RESULT: {}
]]></system-out>
    </testcase>
    <testcase classname="chrome.137_0_7151_69.windows.Create_Reverse_Billing_US127248" name="Should add equipment to the contract" time="47.767">
      <system-out><![CDATA[
COMMAND: POST /session/b4f8750b6ab9764d379b715c7854fdbf/element - {"using":"xpath","value":"//button[@data-kt=\"contractDetailEditBtnButton\"]"}
RESULT: {"using":"xpath","value":"//button[@data-kt=\"contractDetailEditBtnButton\"]"}
COMMAND: POST /session/b4f8750b6ab9764d379b715c7854fdbf/element/f.8850BFF0213FDAA0CDBB6DAFAFD06CF5.d.A3C000BB0FD63178665D93B1B9AE893B.e.21644/click - {}
RESULT: {}
COMMAND: GET /session/b4f8750b6ab9764d379b715c7854fdbf/screenshot - {}
RESULT: {}
COMMAND: POST /session/b4f8750b6ab9764d379b715c7854fdbf/element - {"using":"xpath","value":"(//span[contains(text(), \"Additional Addresses\")])[2]"}
RESULT: {"using":"xpath","value":"(//span[contains(text(), \"Additional Addresses\")])[2]"}
COMMAND: POST /session/b4f8750b6ab9764d379b715c7854fdbf/element/f.8850BFF0213FDAA0CDBB6DAFAFD06CF5.d.A3C000BB0FD63178665D93B1B9AE893B.e.21701/click - {}
RESULT: {}
COMMAND: GET /session/b4f8750b6ab9764d379b715c7854fdbf/screenshot - {}
RESULT: {}
COMMAND: POST /session/b4f8750b6ab9764d379b715c7854fdbf/element - {"using":"xpath","value":"//button[@data-kt=\"btnAddTableRowOverflowToolbarButton\"]"}
RESULT: {"using":"xpath","value":"//button[@data-kt=\"btnAddTableRowOverflowToolbarButton\"]"}
COMMAND: POST /session/b4f8750b6ab9764d379b715c7854fdbf/element/f.8850BFF0213FDAA0CDBB6DAFAFD06CF5.d.A3C000BB0FD63178665D93B1B9AE893B.e.21703/click - {}
RESULT: {}
COMMAND: GET /session/b4f8750b6ab9764d379b715c7854fdbf/screenshot - {}
RESULT: {}
COMMAND: POST /session/b4f8750b6ab9764d379b715c7854fdbf/element - {"using":"xpath","value":"//div[(text() = 'Standard Entry' or . = 'Standard Entry')]"}
RESULT: {"using":"xpath","value":"//div[(text() = 'Standard Entry' or . = 'Standard Entry')]"}
COMMAND: POST /session/b4f8750b6ab9764d379b715c7854fdbf/element/f.8850BFF0213FDAA0CDBB6DAFAFD06CF5.d.A3C000BB0FD63178665D93B1B9AE893B.e.21705/click - {}
RESULT: {}
COMMAND: GET /session/b4f8750b6ab9764d379b715c7854fdbf/screenshot - {}
RESULT: {}
COMMAND: POST /session/b4f8750b6ab9764d379b715c7854fdbf/element - {"using":"xpath","value":"//td[7]/div/div/input"}
RESULT: {"using":"xpath","value":"//td[7]/div/div/input"}
COMMAND: POST /session/b4f8750b6ab9764d379b715c7854fdbf/element/f.8850BFF0213FDAA0CDBB6DAFAFD06CF5.d.A3C000BB0FD63178665D93B1B9AE893B.e.21714/clear - {}
RESULT: {}
COMMAND: POST /session/b4f8750b6ab9764d379b715c7854fdbf/element/f.8850BFF0213FDAA0CDBB6DAFAFD06CF5.d.A3C000BB0FD63178665D93B1B9AE893B.e.21714/value - {"text":"xz5NJQ3oy9"}
COMMAND: GET /session/b4f8750b6ab9764d379b715c7854fdbf/screenshot - {}
RESULT: {"text":"xz5NJQ3oy9"}
COMMAND: GET /session/b4f8750b6ab9764d379b715c7854fdbf/screenshot - {}
RESULT: {}
RESULT: {}
COMMAND: POST /session/b4f8750b6ab9764d379b715c7854fdbf/actions - {"actions":[{"id":"action71","type":"key","parameters":{},"actions":[{"type":"keyDown","value":""},{"type":"pause","duration":10},{"type":"keyUp","value":""}]}]}
RESULT: {"actions":[{"id":"action71","type":"key","parameters":{},"actions":[{"type":"keyDown","value":""},{"type":"pause","duration":10},{"type":"keyUp","value":""}]}]}
COMMAND: GET /session/b4f8750b6ab9764d379b715c7854fdbf/screenshot - {}
RESULT: {}
COMMAND: POST /session/b4f8750b6ab9764d379b715c7854fdbf/execute/sync - {"script":"<script> [276 bytes]","args":["No pricing information was found"]}
RESULT: {"script":"<script> [276 bytes]","args":["No pricing information was found"]}
COMMAND: POST /session/b4f8750b6ab9764d379b715c7854fdbf/element - {"using":"xpath","value":"(//button[@data-kt=\"saveButton\"])[2]"}
COMMAND: GET /session/b4f8750b6ab9764d379b715c7854fdbf/screenshot - {}
RESULT: {"using":"xpath","value":"(//button[@data-kt=\"saveButton\"])[2]"}
COMMAND: POST /session/b4f8750b6ab9764d379b715c7854fdbf/element/f.8850BFF0213FDAA0CDBB6DAFAFD06CF5.d.A3C000BB0FD63178665D93B1B9AE893B.e.21729/click - {}
RESULT: {}
RESULT: {}
COMMAND: GET /session/b4f8750b6ab9764d379b715c7854fdbf/screenshot - {}
RESULT: {}
COMMAND: POST /session/b4f8750b6ab9764d379b715c7854fdbf/execute/sync - {"script":"<script> [276 bytes]","args":["Some contract items are having rental validity exceeding header rental validity"]}
RESULT: {"script":"<script> [276 bytes]","args":["Some contract items are having rental validity exceeding header rental validity"]}
COMMAND: GET /session/b4f8750b6ab9764d379b715c7854fdbf/screenshot - {}
RESULT: {}
COMMAND: POST /session/b4f8750b6ab9764d379b715c7854fdbf/element - {"using":"xpath","value":"//span[contains(@id ,\"contractItemsSmartTable-header-inner\")]"}
RESULT: {"using":"xpath","value":"//span[contains(@id ,\"contractItemsSmartTable-header-inner\")]"}
COMMAND: POST /session/b4f8750b6ab9764d379b715c7854fdbf/elements - {"using":"xpath","value":"//span[contains(@id ,\"contractItemsSmartTable-header-inner\")]"}
RESULT: {"using":"xpath","value":"//span[contains(@id ,\"contractItemsSmartTable-header-inner\")]"}
COMMAND: POST /session/b4f8750b6ab9764d379b715c7854fdbf/execute/sync - {"script":"<script> [56 bytes]","args":[{"element-6066-11e4-a52e-4f735466cecf":"f.8850BFF0213FDAA0CDBB6DAFAFD06CF5.d.A3C000BB0FD63178665D93B1B9AE893B.e.21735","ELEMENT":"f.8850BFF0213FDAA0CDBB6DAFAFD06CF5.d.A3C000BB0FD63178665D93B1B9AE893B.e.21735"}]}
RESULT: {"script":"<script> [56 bytes]","args":[{"element-6066-11e4-a52e-4f735466cecf":"f.8850BFF0213FDAA0CDBB6DAFAFD06CF5.d.A3C000BB0FD63178665D93B1B9AE893B.e.21735","ELEMENT":"f.8850BFF0213FDAA0CDBB6DAFAFD06CF5.d.A3C000BB0FD63178665D93B1B9AE893B.e.21735"}]}
]]></system-out>
    </testcase>
    <testcase classname="chrome.137_0_7151_69.windows.Create_Reverse_Billing_US127248" name="Should do a provide to site handover" time="65.657">
      <system-out><![CDATA[
COMMAND: POST /session/b4f8750b6ab9764d379b715c7854fdbf/element - {"using":"xpath","value":"//button[@data-kt=\"provideButton\"]"}
COMMAND: GET /session/b4f8750b6ab9764d379b715c7854fdbf/screenshot - {}
RESULT: {"using":"xpath","value":"//button[@data-kt=\"provideButton\"]"}
COMMAND: POST /session/b4f8750b6ab9764d379b715c7854fdbf/element/f.8850BFF0213FDAA0CDBB6DAFAFD06CF5.d.A3C000BB0FD63178665D93B1B9AE893B.e.21736/click - {}
RESULT: {}
RESULT: {}
COMMAND: GET /session/b4f8750b6ab9764d379b715c7854fdbf/screenshot - {}
RESULT: {}
RESULT: undefined
COMMAND: POST /session/b4f8750b6ab9764d379b715c7854fdbf/execute/async - {"script":"<script> [6424 bytes]","args":[{"element-6066-11e4-a52e-4f735466cecf":"f.8850BFF0213FDAA0CDBB6DAFAFD06CF5.d.A3C000BB0FD63178665D93B1B9AE893B.e.20713"},"setValue",["6/13/25"]]}
COMMAND: POST /session/b4f8750b6ab9764d379b715c7854fdbf/execute/async - {"script":"<script> [1562 bytes]","args":[{"selector":{"id":"application-managehandovers-display-component---AddNewHO--dueDate","interaction":{"idSuffix":"inner"}},"wdio_ui5_key":"applicationmanagehandovers-display-component---AddNewHO--dueDate"}]}
RESULT: {"script":"<script> [1562 bytes]","args":[{"selector":{"id":"application-managehandovers-display-component---AddNewHO--dueDate","interaction":{"idSuffix":"inner"}},"wdio_ui5_key":"applicationmanagehandovers-display-component---AddNewHO--dueDate"}]}
COMMAND: POST /session/b4f8750b6ab9764d379b715c7854fdbf/execute/async - {"script":"<script> [6424 bytes]","args":[{"element-6066-11e4-a52e-4f735466cecf":"f.8850BFF0213FDAA0CDBB6DAFAFD06CF5.d.A3C000BB0FD63178665D93B1B9AE893B.e.21812"},"setValue",["6/13/25"]]}
RESULT: {"script":"<script> [6424 bytes]","args":[{"element-6066-11e4-a52e-4f735466cecf":"f.8850BFF0213FDAA0CDBB6DAFAFD06CF5.d.A3C000BB0FD63178665D93B1B9AE893B.e.21812"},"setValue",["6/13/25"]]}
COMMAND: POST /session/b4f8750b6ab9764d379b715c7854fdbf/element - {"using":"xpath","value":"//bdi[contains(text(), \"Instructions\")]"}
RESULT: {"using":"xpath","value":"//bdi[contains(text(), \"Instructions\")]"}
COMMAND: POST /session/b4f8750b6ab9764d379b715c7854fdbf/element/f.8850BFF0213FDAA0CDBB6DAFAFD06CF5.d.A3C000BB0FD63178665D93B1B9AE893B.e.22053/click - {}
RESULT: {}
COMMAND: GET /session/b4f8750b6ab9764d379b715c7854fdbf/screenshot - {}
RESULT: {}
COMMAND: POST /session/b4f8750b6ab9764d379b715c7854fdbf/element - {"using":"xpath","value":"//button[@data-kt=\"AddNewHOProvideAddItemsButton\"]"}
RESULT: {"using":"xpath","value":"//button[@data-kt=\"AddNewHOProvideAddItemsButton\"]"}
COMMAND: POST /session/b4f8750b6ab9764d379b715c7854fdbf/element/f.8850BFF0213FDAA0CDBB6DAFAFD06CF5.d.A3C000BB0FD63178665D93B1B9AE893B.e.22057/click - {}
RESULT: {}
COMMAND: GET /session/b4f8750b6ab9764d379b715c7854fdbf/screenshot - {}
RESULT: {}
RESULT: undefined
COMMAND: POST /session/b4f8750b6ab9764d379b715c7854fdbf/element - {"using":"xpath","value":"//*[@id=\"application-managehandovers-display-component---AddNewHO--popup-sa\"]"}
RESULT: {"using":"xpath","value":"//*[@id=\"application-managehandovers-display-component---AddNewHO--popup-sa\"]"}
COMMAND: POST /session/b4f8750b6ab9764d379b715c7854fdbf/element/f.8850BFF0213FDAA0CDBB6DAFAFD06CF5.d.A3C000BB0FD63178665D93B1B9AE893B.e.22072/click - {}
RESULT: {}
COMMAND: GET /session/b4f8750b6ab9764d379b715c7854fdbf/screenshot - {}
RESULT: {}
COMMAND: POST /session/b4f8750b6ab9764d379b715c7854fdbf/element - {"using":"xpath","value":"//*[contains(@id ,\"BDI-content\")][contains(text(), \"Select\")]"}
RESULT: {"using":"xpath","value":"//*[contains(@id ,\"BDI-content\")][contains(text(), \"Select\")]"}
COMMAND: POST /session/b4f8750b6ab9764d379b715c7854fdbf/element/f.8850BFF0213FDAA0CDBB6DAFAFD06CF5.d.A3C000BB0FD63178665D93B1B9AE893B.e.22074/click - {}
RESULT: {}
COMMAND: GET /session/b4f8750b6ab9764d379b715c7854fdbf/screenshot - {}
RESULT: {}
COMMAND: POST /session/b4f8750b6ab9764d379b715c7854fdbf/execute/async - {"script":"<script> [1562 bytes]","args":[{"selector":{"id":"application-managehandovers-display-component---AddNewHO--confirmCreationButton","interaction":{"idSuffix":"BDI-content"}},"wdio_ui5_key":"applicationmanagehandovers-display-component---AddNewHO--confirmCreationButton"}]}
RESULT: {"script":"<script> [1562 bytes]","args":[{"selector":{"id":"application-managehandovers-display-component---AddNewHO--confirmCreationButton","interaction":{"idSuffix":"BDI-content"}},"wdio_ui5_key":"applicationmanagehandovers-display-component---AddNewHO--confirmCreationButton"}]}
RESULT: undefined
COMMAND: POST /session/b4f8750b6ab9764d379b715c7854fdbf/element - {"using":"xpath","value":"//*[@id=\"application-managehandovers-display-component---AddNewHO--confirmCreationButton\"]"}
RESULT: {"using":"xpath","value":"//*[@id=\"application-managehandovers-display-component---AddNewHO--confirmCreationButton\"]"}
COMMAND: POST /session/b4f8750b6ab9764d379b715c7854fdbf/element/f.8850BFF0213FDAA0CDBB6DAFAFD06CF5.d.A3C000BB0FD63178665D93B1B9AE893B.e.21859/click - {}
RESULT: {}
COMMAND: GET /session/b4f8750b6ab9764d379b715c7854fdbf/screenshot - {}
RESULT: {}
COMMAND: POST /session/b4f8750b6ab9764d379b715c7854fdbf/execute/async - {"script":"<script> [1562 bytes]","args":[{"selector":{"id":"issueDatePicker","viewName":"etm.portal.ui.managehandovers.view.DetailExecuteHO","interaction":{"idSuffix":"inner"}},"wdio_ui5_key":"issueDatePickeretmportal.ui.managehandovers.view.DetailExecuteHO"}]}
RESULT: {"script":"<script> [1562 bytes]","args":[{"selector":{"id":"issueDatePicker","viewName":"etm.portal.ui.managehandovers.view.DetailExecuteHO","interaction":{"idSuffix":"inner"}},"wdio_ui5_key":"issueDatePickeretmportal.ui.managehandovers.view.DetailExecuteHO"}]}
RESULT: undefined
COMMAND: POST /session/b4f8750b6ab9764d379b715c7854fdbf/execute/async - {"script":"<script> [776 bytes]","args":[{"enterText":"6/13/25","selector":{"id":"issueDatePicker","viewName":"etm.portal.ui.managehandovers.view.DetailExecuteHO","interaction":{"idSuffix":"inner"}},"clearTextFirst":true,"interactionType":"ENTER_TEXT"}]}
RESULT: {"script":"<script> [776 bytes]","args":[{"enterText":"6/13/25","selector":{"id":"issueDatePicker","viewName":"etm.portal.ui.managehandovers.view.DetailExecuteHO","interaction":{"idSuffix":"inner"}},"clearTextFirst":true,"interactionType":"ENTER_TEXT"}]}
COMMAND: POST /session/b4f8750b6ab9764d379b715c7854fdbf/element - {"using":"xpath","value":"//button[@data-kt=\"PickingTableConfirmAllButton\"]"}
RESULT: {"using":"xpath","value":"//button[@data-kt=\"PickingTableConfirmAllButton\"]"}
COMMAND: POST /session/b4f8750b6ab9764d379b715c7854fdbf/element/f.8850BFF0213FDAA0CDBB6DAFAFD06CF5.d.A3C000BB0FD63178665D93B1B9AE893B.e.22135/click - {}
RESULT: {}
COMMAND: GET /session/b4f8750b6ab9764d379b715c7854fdbf/screenshot - {}
RESULT: {}
COMMAND: POST /session/b4f8750b6ab9764d379b715c7854fdbf/element - {"using":"xpath","value":"//bdi[contains(text(), \"OK\")]"}
RESULT: {"using":"xpath","value":"//bdi[contains(text(), \"OK\")]"}
COMMAND: POST /session/b4f8750b6ab9764d379b715c7854fdbf/element/f.8850BFF0213FDAA0CDBB6DAFAFD06CF5.d.A3C000BB0FD63178665D93B1B9AE893B.e.22138/click - {}
RESULT: {}
COMMAND: GET /session/b4f8750b6ab9764d379b715c7854fdbf/screenshot - {}
RESULT: {}
COMMAND: POST /session/b4f8750b6ab9764d379b715c7854fdbf/element - {"using":"xpath","value":"//bdi[contains(text(), \"Issue\")]"}
RESULT: {"using":"xpath","value":"//bdi[contains(text(), \"Issue\")]"}
COMMAND: POST /session/b4f8750b6ab9764d379b715c7854fdbf/element/f.8850BFF0213FDAA0CDBB6DAFAFD06CF5.d.A3C000BB0FD63178665D93B1B9AE893B.e.22140/click - {}
RESULT: {}
COMMAND: GET /session/b4f8750b6ab9764d379b715c7854fdbf/screenshot - {}
RESULT: {}
COMMAND: POST /session/b4f8750b6ab9764d379b715c7854fdbf/element - {"using":"css selector","value":"#shell-header-logo"}
RESULT: {"using":"css selector","value":"#shell-header-logo"}
COMMAND: POST /session/b4f8750b6ab9764d379b715c7854fdbf/element/f.8850BFF0213FDAA0CDBB6DAFAFD06CF5.d.A3C000BB0FD63178665D93B1B9AE893B.e.21119/click - {}
RESULT: {}
COMMAND: GET /session/b4f8750b6ab9764d379b715c7854fdbf/screenshot - {}
RESULT: {}
]]></system-out>
    </testcase>
    <testcase classname="chrome.137_0_7151_69.windows.Create_Reverse_Billing_US127248" name="Should go navigate to Manage Billings and trigger contract calculation check result" time="64.157">
      <system-out><![CDATA[
COMMAND: POST /session/b4f8750b6ab9764d379b715c7854fdbf/execute/async - {"script":"<script> [1562 bytes]","args":[{"selector":{"controlType":"sap.m.GenericTile","properties":{"header":"Manage Billings"}},"wdio_ui5_key":"sapm.GenericTile{\"header\":\"Manage Billings\"}"}]}
RESULT: {"script":"<script> [1562 bytes]","args":[{"selector":{"controlType":"sap.m.GenericTile","properties":{"header":"Manage Billings"}},"wdio_ui5_key":"sapm.GenericTile{\"header\":\"Manage Billings\"}"}]}
RESULT: undefined
COMMAND: POST /session/b4f8750b6ab9764d379b715c7854fdbf/element - {"using":"xpath","value":"//*[@id=\"__tile53\"]"}
RESULT: {"using":"xpath","value":"//*[@id=\"__tile53\"]"}
COMMAND: POST /session/b4f8750b6ab9764d379b715c7854fdbf/element/f.8850BFF0213FDAA0CDBB6DAFAFD06CF5.d.A3C000BB0FD63178665D93B1B9AE893B.e.19032/click - {}
RESULT: {}
COMMAND: GET /session/b4f8750b6ab9764d379b715c7854fdbf/screenshot - {}
RESULT: {}
COMMAND: POST /session/b4f8750b6ab9764d379b715c7854fdbf/elements - {"using":"xpath","value":"//span[text()='Error']"}
RESULT: {"using":"xpath","value":"//span[text()='Error']"}
COMMAND: POST /session/b4f8750b6ab9764d379b715c7854fdbf/execute/async - {"script":"<script> [1562 bytes]","args":[{"selector":{"id":"application-managebillings-display-component---billRunCalcResult--smartFilterBar-btnBasicSearch","interaction":{"idSuffix":"I"}},"wdio_ui5_key":"applicationmanagebillings-display-component---billRunCalcResult--smartFilterBar-btnBasicSearch"}]}
RESULT: {"script":"<script> [1562 bytes]","args":[{"selector":{"id":"application-managebillings-display-component---billRunCalcResult--smartFilterBar-btnBasicSearch","interaction":{"idSuffix":"I"}},"wdio_ui5_key":"applicationmanagebillings-display-component---billRunCalcResult--smartFilterBar-btnBasicSearch"}]}
RESULT: undefined
COMMAND: POST /session/b4f8750b6ab9764d379b715c7854fdbf/execute/async - {"script":"<script> [776 bytes]","args":[{"enterText":"10188","selector":{"id":"application-managebillings-display-component---billRunCalcResult--smartFilterBar-btnBasicSearch","interaction":{"idSuffix":"I"}},"clearTextFirst":true,"interactionType":"ENTER_TEXT"}]}
RESULT: {"script":"<script> [776 bytes]","args":[{"enterText":"10188","selector":{"id":"application-managebillings-display-component---billRunCalcResult--smartFilterBar-btnBasicSearch","interaction":{"idSuffix":"I"}},"clearTextFirst":true,"interactionType":"ENTER_TEXT"}]}
COMMAND: POST /session/b4f8750b6ab9764d379b715c7854fdbf/actions - {"actions":[{"id":"action72","type":"key","parameters":{},"actions":[{"type":"keyDown","value":""},{"type":"pause","duration":10},{"type":"keyUp","value":""}]}]}
RESULT: {"actions":[{"id":"action72","type":"key","parameters":{},"actions":[{"type":"keyDown","value":""},{"type":"pause","duration":10},{"type":"keyUp","value":""}]}]}
COMMAND: GET /session/b4f8750b6ab9764d379b715c7854fdbf/screenshot - {}
RESULT: {}
COMMAND: POST /session/b4f8750b6ab9764d379b715c7854fdbf/element - {"using":"xpath","value":"//td[@aria-colindex=\"1\"]/div/div[contains(@class, \"sapMCbBg\")]"}
RESULT: {"using":"xpath","value":"//td[@aria-colindex=\"1\"]/div/div[contains(@class, \"sapMCbBg\")]"}
COMMAND: POST /session/b4f8750b6ab9764d379b715c7854fdbf/element/f.8850BFF0213FDAA0CDBB6DAFAFD06CF5.d.A3C000BB0FD63178665D93B1B9AE893B.e.22540/click - {}
RESULT: {}
COMMAND: GET /session/b4f8750b6ab9764d379b715c7854fdbf/screenshot - {}
RESULT: {}
COMMAND: POST /session/b4f8750b6ab9764d379b715c7854fdbf/execute/async - {"script":"<script> [1562 bytes]","args":[{"selector":{"id":"application-managebillings-display-component---billRunCalcResult--contractBillRunDate","interaction":{"idSuffix":"inner"}},"wdio_ui5_key":"applicationmanagebillings-display-component---billRunCalcResult--contractBillRunDate"}]}
RESULT: {"script":"<script> [1562 bytes]","args":[{"selector":{"id":"application-managebillings-display-component---billRunCalcResult--contractBillRunDate","interaction":{"idSuffix":"inner"}},"wdio_ui5_key":"applicationmanagebillings-display-component---billRunCalcResult--contractBillRunDate"}]}
RESULT: undefined
COMMAND: POST /session/b4f8750b6ab9764d379b715c7854fdbf/execute/async - {"script":"<script> [776 bytes]","args":[{"enterText":"7/13/25","selector":{"id":"application-managebillings-display-component---billRunCalcResult--contractBillRunDate","interaction":{"idSuffix":"inner"}},"clearTextFirst":true,"interactionType":"ENTER_TEXT"}]}
RESULT: {"script":"<script> [776 bytes]","args":[{"enterText":"7/13/25","selector":{"id":"application-managebillings-display-component---billRunCalcResult--contractBillRunDate","interaction":{"idSuffix":"inner"}},"clearTextFirst":true,"interactionType":"ENTER_TEXT"}]}
COMMAND: POST /session/b4f8750b6ab9764d379b715c7854fdbf/element - {"using":"xpath","value":"//bdi[contains(text(), \"Trigger Calculation\")]"}
RESULT: {"using":"xpath","value":"//bdi[contains(text(), \"Trigger Calculation\")]"}
COMMAND: POST /session/b4f8750b6ab9764d379b715c7854fdbf/element/f.8850BFF0213FDAA0CDBB6DAFAFD06CF5.d.A3C000BB0FD63178665D93B1B9AE893B.e.22561/click - {}
RESULT: {}
COMMAND: GET /session/b4f8750b6ab9764d379b715c7854fdbf/screenshot - {}
RESULT: {}
COMMAND: POST /session/b4f8750b6ab9764d379b715c7854fdbf/element - {"using":"xpath","value":"(//span[contains(@id, \"imgNav\")])[1]"}
RESULT: {"using":"xpath","value":"(//span[contains(@id, \"imgNav\")])[1]"}
COMMAND: POST /session/b4f8750b6ab9764d379b715c7854fdbf/element/f.8850BFF0213FDAA0CDBB6DAFAFD06CF5.d.A3C000BB0FD63178665D93B1B9AE893B.e.22554/click - {}
RESULT: {}
COMMAND: GET /session/b4f8750b6ab9764d379b715c7854fdbf/screenshot - {}
RESULT: {}
COMMAND: POST /session/b4f8750b6ab9764d379b715c7854fdbf/element - {"using":"xpath","value":"//tr/td[6]/div[1]/span[1]/span[1]"}
RESULT: {"using":"xpath","value":"//tr/td[6]/div[1]/span[1]/span[1]"}
COMMAND: GET /session/b4f8750b6ab9764d379b715c7854fdbf/element/f.8850BFF0213FDAA0CDBB6DAFAFD06CF5.d.A3C000BB0FD63178665D93B1B9AE893B.e.22566/text - {}
RESULT: {}
COMMAND: POST /session/b4f8750b6ab9764d379b715c7854fdbf/element - {"using":"xpath","value":"(//span[contains(@id, \"imgNav\")])[2]"}
RESULT: {"using":"xpath","value":"(//span[contains(@id, \"imgNav\")])[2]"}
COMMAND: POST /session/b4f8750b6ab9764d379b715c7854fdbf/element/f.8850BFF0213FDAA0CDBB6DAFAFD06CF5.d.A3C000BB0FD63178665D93B1B9AE893B.e.22567/click - {}
RESULT: {}
COMMAND: POST /session/b4f8750b6ab9764d379b715c7854fdbf/element - {"using":"xpath","value":"//bdi[contains(text(), \"Business Confirm\")]"}
COMMAND: GET /session/b4f8750b6ab9764d379b715c7854fdbf/screenshot - {}
RESULT: {"using":"xpath","value":"//bdi[contains(text(), \"Business Confirm\")]"}
COMMAND: POST /session/b4f8750b6ab9764d379b715c7854fdbf/elements - {"using":"xpath","value":"//bdi[contains(text(), \"Business Confirm\")]"}
RESULT: {}
RESULT: {"using":"xpath","value":"//bdi[contains(text(), \"Business Confirm\")]"}
COMMAND: POST /session/b4f8750b6ab9764d379b715c7854fdbf/element - {"using":"xpath","value":"//bdi[contains(text(), \"Business Confirm\")]"}
RESULT: {"using":"xpath","value":"//bdi[contains(text(), \"Business Confirm\")]"}
COMMAND: POST /session/b4f8750b6ab9764d379b715c7854fdbf/element/f.8850BFF0213FDAA0CDBB6DAFAFD06CF5.d.A3C000BB0FD63178665D93B1B9AE893B.e.22618/click - {}
RESULT: {}
COMMAND: POST /session/b4f8750b6ab9764d379b715c7854fdbf/element - {"using":"css selector","value":"#shell-header-logo"}
COMMAND: GET /session/b4f8750b6ab9764d379b715c7854fdbf/screenshot - {}
RESULT: {"using":"css selector","value":"#shell-header-logo"}
COMMAND: POST /session/b4f8750b6ab9764d379b715c7854fdbf/element/f.8850BFF0213FDAA0CDBB6DAFAFD06CF5.d.A3C000BB0FD63178665D93B1B9AE893B.e.22319/click - {}
RESULT: {}
RESULT: {}
COMMAND: GET /session/b4f8750b6ab9764d379b715c7854fdbf/screenshot - {}
RESULT: {}
]]></system-out>
    </testcase>
    <testcase classname="chrome.137_0_7151_69.windows.Create_Reverse_Billing_US127248" name="Should go into Billing Transfer and reverse the billing" time="47.136">
      <system-out><![CDATA[
COMMAND: POST /session/b4f8750b6ab9764d379b715c7854fdbf/execute/async - {"script":"<script> [1562 bytes]","args":[{"selector":{"controlType":"sap.m.GenericTile","properties":{"header":"Billing Transfer"}},"wdio_ui5_key":"sapm.GenericTile{\"header\":\"Billing Transfer\"}"}]}
RESULT: {"script":"<script> [1562 bytes]","args":[{"selector":{"controlType":"sap.m.GenericTile","properties":{"header":"Billing Transfer"}},"wdio_ui5_key":"sapm.GenericTile{\"header\":\"Billing Transfer\"}"}]}
RESULT: undefined
COMMAND: POST /session/b4f8750b6ab9764d379b715c7854fdbf/element - {"using":"xpath","value":"//*[@id=\"__tile52\"]"}
RESULT: {"using":"xpath","value":"//*[@id=\"__tile52\"]"}
COMMAND: POST /session/b4f8750b6ab9764d379b715c7854fdbf/element/f.8850BFF0213FDAA0CDBB6DAFAFD06CF5.d.A3C000BB0FD63178665D93B1B9AE893B.e.19030/click - {}
RESULT: {}
COMMAND: GET /session/b4f8750b6ab9764d379b715c7854fdbf/screenshot - {}
RESULT: {}
COMMAND: POST /session/b4f8750b6ab9764d379b715c7854fdbf/elements - {"using":"xpath","value":"//span[text()='Error']"}
RESULT: {"using":"xpath","value":"//span[text()='Error']"}
COMMAND: POST /session/b4f8750b6ab9764d379b715c7854fdbf/element - {"using":"xpath","value":"//input[contains(@id ,\"application-billingtransfer-display-component---billingWorkbench--smartFilterBar-btnBasicSearch\")]"}
RESULT: {"using":"xpath","value":"//input[contains(@id ,\"application-billingtransfer-display-component---billingWorkbench--smartFilterBar-btnBasicSearch\")]"}
COMMAND: POST /session/b4f8750b6ab9764d379b715c7854fdbf/elements - {"using":"xpath","value":"//input[contains(@id ,\"application-billingtransfer-display-component---billingWorkbench--smartFilterBar-btnBasicSearch\")]"}
RESULT: {"using":"xpath","value":"//input[contains(@id ,\"application-billingtransfer-display-component---billingWorkbench--smartFilterBar-btnBasicSearch\")]"}
COMMAND: POST /session/b4f8750b6ab9764d379b715c7854fdbf/execute/sync - {"script":"<script> [8489 bytes]","args":[{"element-6066-11e4-a52e-4f735466cecf":"f.8850BFF0213FDAA0CDBB6DAFAFD06CF5.d.A3C000BB0FD63178665D93B1B9AE893B.e.22645","ELEMENT":"f.8850BFF0213FDAA0CDBB6DAFAFD06CF5.d.A3C000BB0FD63178665D93B1B9AE893B.e.22645"}]}
RESULT: {"script":"<script> [8489 bytes]","args":[{"element-6066-11e4-a52e-4f735466cecf":"f.8850BFF0213FDAA0CDBB6DAFAFD06CF5.d.A3C000BB0FD63178665D93B1B9AE893B.e.22645","ELEMENT":"f.8850BFF0213FDAA0CDBB6DAFAFD06CF5.d.A3C000BB0FD63178665D93B1B9AE893B.e.22645"}]}
COMMAND: GET /session/b4f8750b6ab9764d379b715c7854fdbf/element/f.8850BFF0213FDAA0CDBB6DAFAFD06CF5.d.A3C000BB0FD63178665D93B1B9AE893B.e.22645/enabled - {}
COMMAND: GET /session/b4f8750b6ab9764d379b715c7854fdbf/screenshot - {}
RESULT: {}
COMMAND: POST /session/b4f8750b6ab9764d379b715c7854fdbf/element/f.8850BFF0213FDAA0CDBB6DAFAFD06CF5.d.A3C000BB0FD63178665D93B1B9AE893B.e.22645/click - {}
COMMAND: GET /session/b4f8750b6ab9764d379b715c7854fdbf/screenshot - {}
RESULT: {}
RESULT: {}
COMMAND: GET /session/b4f8750b6ab9764d379b715c7854fdbf/screenshot - {}
RESULT: {}
RESULT: {}
COMMAND: POST /session/b4f8750b6ab9764d379b715c7854fdbf/element/f.8850BFF0213FDAA0CDBB6DAFAFD06CF5.d.A3C000BB0FD63178665D93B1B9AE893B.e.22645/clear - {}
RESULT: {}
COMMAND: POST /session/b4f8750b6ab9764d379b715c7854fdbf/element/f.8850BFF0213FDAA0CDBB6DAFAFD06CF5.d.A3C000BB0FD63178665D93B1B9AE893B.e.22645/value - {"text":"10188"}
COMMAND: GET /session/b4f8750b6ab9764d379b715c7854fdbf/screenshot - {}
RESULT: {"text":"10188"}
COMMAND: POST /session/b4f8750b6ab9764d379b715c7854fdbf/actions - {"actions":[{"id":"action73","type":"key","parameters":{},"actions":[{"type":"keyDown","value":""},{"type":"pause","duration":10},{"type":"keyUp","value":""}]}]}
COMMAND: GET /session/b4f8750b6ab9764d379b715c7854fdbf/screenshot - {}
RESULT: {}
RESULT: {"actions":[{"id":"action73","type":"key","parameters":{},"actions":[{"type":"keyDown","value":""},{"type":"pause","duration":10},{"type":"keyUp","value":""}]}]}
COMMAND: GET /session/b4f8750b6ab9764d379b715c7854fdbf/screenshot - {}
RESULT: {}
RESULT: {}
COMMAND: POST /session/b4f8750b6ab9764d379b715c7854fdbf/element - {"using":"xpath","value":"//span[contains(@id ,\"application-billingtransfer-display-component---billingWorkbench--smartTableBillingRuns-header-inner\")]"}
RESULT: {"using":"xpath","value":"//span[contains(@id ,\"application-billingtransfer-display-component---billingWorkbench--smartTableBillingRuns-header-inner\")]"}
COMMAND: POST /session/b4f8750b6ab9764d379b715c7854fdbf/elements - {"using":"xpath","value":"//span[contains(@id ,\"application-billingtransfer-display-component---billingWorkbench--smartTableBillingRuns-header-inner\")]"}
RESULT: {"using":"xpath","value":"//span[contains(@id ,\"application-billingtransfer-display-component---billingWorkbench--smartTableBillingRuns-header-inner\")]"}
COMMAND: POST /session/b4f8750b6ab9764d379b715c7854fdbf/execute/sync - {"script":"<script> [56 bytes]","args":[{"element-6066-11e4-a52e-4f735466cecf":"f.8850BFF0213FDAA0CDBB6DAFAFD06CF5.d.A3C000BB0FD63178665D93B1B9AE893B.e.22742","ELEMENT":"f.8850BFF0213FDAA0CDBB6DAFAFD06CF5.d.A3C000BB0FD63178665D93B1B9AE893B.e.22742"}]}
RESULT: {"script":"<script> [56 bytes]","args":[{"element-6066-11e4-a52e-4f735466cecf":"f.8850BFF0213FDAA0CDBB6DAFAFD06CF5.d.A3C000BB0FD63178665D93B1B9AE893B.e.22742","ELEMENT":"f.8850BFF0213FDAA0CDBB6DAFAFD06CF5.d.A3C000BB0FD63178665D93B1B9AE893B.e.22742"}]}
COMMAND: POST /session/b4f8750b6ab9764d379b715c7854fdbf/element - {"using":"xpath","value":"//td[@aria-colindex=\"1\"]/div/div[contains(@class, \"sapMCbBg\")]"}
COMMAND: GET /session/b4f8750b6ab9764d379b715c7854fdbf/screenshot - {}
RESULT: {"using":"xpath","value":"//td[@aria-colindex=\"1\"]/div/div[contains(@class, \"sapMCbBg\")]"}
COMMAND: POST /session/b4f8750b6ab9764d379b715c7854fdbf/element/f.8850BFF0213FDAA0CDBB6DAFAFD06CF5.d.A3C000BB0FD63178665D93B1B9AE893B.e.22726/click - {}
RESULT: {}
RESULT: {}
COMMAND: GET /session/b4f8750b6ab9764d379b715c7854fdbf/screenshot - {}
RESULT: {}
COMMAND: POST /session/b4f8750b6ab9764d379b715c7854fdbf/element - {"using":"xpath","value":"//bdi[contains(text(), \"Reverse\")]"}
RESULT: {"using":"xpath","value":"//bdi[contains(text(), \"Reverse\")]"}
COMMAND: POST /session/b4f8750b6ab9764d379b715c7854fdbf/element/f.8850BFF0213FDAA0CDBB6DAFAFD06CF5.d.A3C000BB0FD63178665D93B1B9AE893B.e.22743/click - {}
RESULT: {}
COMMAND: GET /session/b4f8750b6ab9764d379b715c7854fdbf/screenshot - {}
RESULT: {}
COMMAND: POST /session/b4f8750b6ab9764d379b715c7854fdbf/element - {"using":"xpath","value":"//input[contains(@id ,\"application-billingtransfer-display-component---billingWorkbench--smartFilterBar-btnBasicSearch\")]"}
RESULT: {"using":"xpath","value":"//input[contains(@id ,\"application-billingtransfer-display-component---billingWorkbench--smartFilterBar-btnBasicSearch\")]"}
COMMAND: POST /session/b4f8750b6ab9764d379b715c7854fdbf/elements - {"using":"xpath","value":"//input[contains(@id ,\"application-billingtransfer-display-component---billingWorkbench--smartFilterBar-btnBasicSearch\")]"}
RESULT: {"using":"xpath","value":"//input[contains(@id ,\"application-billingtransfer-display-component---billingWorkbench--smartFilterBar-btnBasicSearch\")]"}
COMMAND: POST /session/b4f8750b6ab9764d379b715c7854fdbf/execute/sync - {"script":"<script> [8489 bytes]","args":[{"element-6066-11e4-a52e-4f735466cecf":"f.8850BFF0213FDAA0CDBB6DAFAFD06CF5.d.A3C000BB0FD63178665D93B1B9AE893B.e.22645","ELEMENT":"f.8850BFF0213FDAA0CDBB6DAFAFD06CF5.d.A3C000BB0FD63178665D93B1B9AE893B.e.22645"}]}
RESULT: {"script":"<script> [8489 bytes]","args":[{"element-6066-11e4-a52e-4f735466cecf":"f.8850BFF0213FDAA0CDBB6DAFAFD06CF5.d.A3C000BB0FD63178665D93B1B9AE893B.e.22645","ELEMENT":"f.8850BFF0213FDAA0CDBB6DAFAFD06CF5.d.A3C000BB0FD63178665D93B1B9AE893B.e.22645"}]}
COMMAND: GET /session/b4f8750b6ab9764d379b715c7854fdbf/element/f.8850BFF0213FDAA0CDBB6DAFAFD06CF5.d.A3C000BB0FD63178665D93B1B9AE893B.e.22645/enabled - {}
COMMAND: GET /session/b4f8750b6ab9764d379b715c7854fdbf/screenshot - {}
RESULT: {}
COMMAND: POST /session/b4f8750b6ab9764d379b715c7854fdbf/element/f.8850BFF0213FDAA0CDBB6DAFAFD06CF5.d.A3C000BB0FD63178665D93B1B9AE893B.e.22645/click - {}
COMMAND: GET /session/b4f8750b6ab9764d379b715c7854fdbf/screenshot - {}
RESULT: {}
RESULT: {}
COMMAND: GET /session/b4f8750b6ab9764d379b715c7854fdbf/screenshot - {}
RESULT: {}
RESULT: {}
COMMAND: POST /session/b4f8750b6ab9764d379b715c7854fdbf/element/f.8850BFF0213FDAA0CDBB6DAFAFD06CF5.d.A3C000BB0FD63178665D93B1B9AE893B.e.22645/clear - {}
RESULT: {}
COMMAND: POST /session/b4f8750b6ab9764d379b715c7854fdbf/element/f.8850BFF0213FDAA0CDBB6DAFAFD06CF5.d.A3C000BB0FD63178665D93B1B9AE893B.e.22645/value - {"text":"10188"}
COMMAND: GET /session/b4f8750b6ab9764d379b715c7854fdbf/screenshot - {}
RESULT: {"text":"10188"}
COMMAND: POST /session/b4f8750b6ab9764d379b715c7854fdbf/actions - {"actions":[{"id":"action74","type":"key","parameters":{},"actions":[{"type":"keyDown","value":""},{"type":"pause","duration":10},{"type":"keyUp","value":""}]}]}
COMMAND: GET /session/b4f8750b6ab9764d379b715c7854fdbf/screenshot - {}
RESULT: {}
RESULT: {"actions":[{"id":"action74","type":"key","parameters":{},"actions":[{"type":"keyDown","value":""},{"type":"pause","duration":10},{"type":"keyUp","value":""}]}]}
COMMAND: GET /session/b4f8750b6ab9764d379b715c7854fdbf/screenshot - {}
RESULT: {}
RESULT: {}
COMMAND: POST /session/b4f8750b6ab9764d379b715c7854fdbf/element - {"using":"xpath","value":"//span[contains(@id ,\"application-billingtransfer-display-component---billingWorkbench--smartTableBillingRuns-header-inner\")]"}
RESULT: {"using":"xpath","value":"//span[contains(@id ,\"application-billingtransfer-display-component---billingWorkbench--smartTableBillingRuns-header-inner\")]"}
COMMAND: POST /session/b4f8750b6ab9764d379b715c7854fdbf/elements - {"using":"xpath","value":"//span[contains(@id ,\"application-billingtransfer-display-component---billingWorkbench--smartTableBillingRuns-header-inner\")]"}
RESULT: {"using":"xpath","value":"//span[contains(@id ,\"application-billingtransfer-display-component---billingWorkbench--smartTableBillingRuns-header-inner\")]"}
COMMAND: POST /session/b4f8750b6ab9764d379b715c7854fdbf/execute/sync - {"script":"<script> [56 bytes]","args":[{"element-6066-11e4-a52e-4f735466cecf":"f.8850BFF0213FDAA0CDBB6DAFAFD06CF5.d.A3C000BB0FD63178665D93B1B9AE893B.e.22742","ELEMENT":"f.8850BFF0213FDAA0CDBB6DAFAFD06CF5.d.A3C000BB0FD63178665D93B1B9AE893B.e.22742"}]}
RESULT: {"script":"<script> [56 bytes]","args":[{"element-6066-11e4-a52e-4f735466cecf":"f.8850BFF0213FDAA0CDBB6DAFAFD06CF5.d.A3C000BB0FD63178665D93B1B9AE893B.e.22742","ELEMENT":"f.8850BFF0213FDAA0CDBB6DAFAFD06CF5.d.A3C000BB0FD63178665D93B1B9AE893B.e.22742"}]}
COMMAND: POST /session/b4f8750b6ab9764d379b715c7854fdbf/element - {"using":"css selector","value":"#shell-header-logo"}
COMMAND: GET /session/b4f8750b6ab9764d379b715c7854fdbf/screenshot - {}
RESULT: {"using":"css selector","value":"#shell-header-logo"}
COMMAND: POST /session/b4f8750b6ab9764d379b715c7854fdbf/element/f.8850BFF0213FDAA0CDBB6DAFAFD06CF5.d.A3C000BB0FD63178665D93B1B9AE893B.e.22643/click - {}
RESULT: {}
RESULT: {}
COMMAND: GET /session/b4f8750b6ab9764d379b715c7854fdbf/screenshot - {}
RESULT: {}
COMMAND: DELETE /session/b4f8750b6ab9764d379b715c7854fdbf - {}
RESULT: {}
]]></system-out>
    </testcase>
  </testsuite>
</testsuites>