<?xml version="1.0" encoding="UTF-8"?>
<testsuites tests="80" failures="32" errors="32" skipped="0">
  <testsuite timestamp="2025-05-22T16:20:37" time="813.497" tests="8" failures="0" errors="0" skipped="0">
    <properties>
      <property name="specId" value="0"/>
      <property name="suiteName" value="Stock increase - with WHM US125587"/>
      <property name="capabilities" value="chrome.136_0_7103_93.windows"/>
      <property name="file" value="file:///D:/a/1/s/test/specs/HTR/stock-increase.spec.js"/>
    </properties>
    <testcase classname="chrome.136_0_7103_93.windows.Stock_increase_-_with_WHM_US125587" name="Should create a new WHM yard" time="143.369">
      <system-out><![CDATA[
COMMAND: POST /session/cd4e213f90090bc7497a341d701e98a6/window/fullscreen - {}
RESULT: {}
COMMAND: POST /session/cd4e213f90090bc7497a341d701e98a6/execute/async - {"script":"<script> [1562 bytes]","args":[{"selector":{"controlType":"sap.m.GenericTile","properties":{"header":"Manage Yards"}},"wdio_ui5_key":"sapm.GenericTile{\"header\":\"Manage Yards\"}"}]}
RESULT: {"script":"<script> [1562 bytes]","args":[{"selector":{"controlType":"sap.m.GenericTile","properties":{"header":"Manage Yards"}},"wdio_ui5_key":"sapm.GenericTile{\"header\":\"Manage Yards\"}"}]}
RESULT: undefined
COMMAND: POST /session/cd4e213f90090bc7497a341d701e98a6/element - {"using":"xpath","value":"//*[@id=\"__tile41\"]"}
RESULT: {"using":"xpath","value":"//*[@id=\"__tile41\"]"}
COMMAND: POST /session/cd4e213f90090bc7497a341d701e98a6/element/f.3EFE59E47BCAC700A535F57DF4769BD4.d.ACD7BEF23CE1D7BDF8125383F68FC94B.e.135/click - {}
RESULT: {}
COMMAND: GET /session/cd4e213f90090bc7497a341d701e98a6/screenshot - {}
RESULT: {}
COMMAND: POST /session/cd4e213f90090bc7497a341d701e98a6/elements - {"using":"xpath","value":"//span[text()='Error']"}
RESULT: {"using":"xpath","value":"//span[text()='Error']"}
COMMAND: POST /session/cd4e213f90090bc7497a341d701e98a6/element - {"using":"xpath","value":"//button[@data-kt=\"addNewYardOverflowToolbarButton\"]"}
RESULT: {"using":"xpath","value":"//button[@data-kt=\"addNewYardOverflowToolbarButton\"]"}
COMMAND: POST /session/cd4e213f90090bc7497a341d701e98a6/elements - {"using":"xpath","value":"//button[@data-kt=\"addNewYardOverflowToolbarButton\"]"}
RESULT: {"using":"xpath","value":"//button[@data-kt=\"addNewYardOverflowToolbarButton\"]"}
COMMAND: POST /session/cd4e213f90090bc7497a341d701e98a6/elements - {"using":"xpath","value":"//button[@data-kt=\"addNewYardOverflowToolbarButton\"]"}
RESULT: {"using":"xpath","value":"//button[@data-kt=\"addNewYardOverflowToolbarButton\"]"}
COMMAND: POST /session/cd4e213f90090bc7497a341d701e98a6/elements - {"using":"xpath","value":"//button[@data-kt=\"addNewYardOverflowToolbarButton\"]"}
RESULT: {"using":"xpath","value":"//button[@data-kt=\"addNewYardOverflowToolbarButton\"]"}
COMMAND: POST /session/cd4e213f90090bc7497a341d701e98a6/elements - {"using":"xpath","value":"//button[@data-kt=\"addNewYardOverflowToolbarButton\"]"}
RESULT: {"using":"xpath","value":"//button[@data-kt=\"addNewYardOverflowToolbarButton\"]"}
COMMAND: POST /session/cd4e213f90090bc7497a341d701e98a6/elements - {"using":"xpath","value":"//button[@data-kt=\"addNewYardOverflowToolbarButton\"]"}
RESULT: {"using":"xpath","value":"//button[@data-kt=\"addNewYardOverflowToolbarButton\"]"}
COMMAND: POST /session/cd4e213f90090bc7497a341d701e98a6/elements - {"using":"xpath","value":"//button[@data-kt=\"addNewYardOverflowToolbarButton\"]"}
RESULT: {"using":"xpath","value":"//button[@data-kt=\"addNewYardOverflowToolbarButton\"]"}
COMMAND: POST /session/cd4e213f90090bc7497a341d701e98a6/elements - {"using":"xpath","value":"//button[@data-kt=\"addNewYardOverflowToolbarButton\"]"}
RESULT: {"using":"xpath","value":"//button[@data-kt=\"addNewYardOverflowToolbarButton\"]"}
COMMAND: POST /session/cd4e213f90090bc7497a341d701e98a6/elements - {"using":"xpath","value":"//button[@data-kt=\"addNewYardOverflowToolbarButton\"]"}
RESULT: {"using":"xpath","value":"//button[@data-kt=\"addNewYardOverflowToolbarButton\"]"}
COMMAND: POST /session/cd4e213f90090bc7497a341d701e98a6/elements - {"using":"xpath","value":"//button[@data-kt=\"addNewYardOverflowToolbarButton\"]"}
RESULT: {"using":"xpath","value":"//button[@data-kt=\"addNewYardOverflowToolbarButton\"]"}
COMMAND: POST /session/cd4e213f90090bc7497a341d701e98a6/elements - {"using":"xpath","value":"//button[@data-kt=\"addNewYardOverflowToolbarButton\"]"}
RESULT: {"using":"xpath","value":"//button[@data-kt=\"addNewYardOverflowToolbarButton\"]"}
COMMAND: POST /session/cd4e213f90090bc7497a341d701e98a6/element - {"using":"xpath","value":"//button[@data-kt=\"addNewYardOverflowToolbarButton\"]"}
RESULT: {"using":"xpath","value":"//button[@data-kt=\"addNewYardOverflowToolbarButton\"]"}
COMMAND: POST /session/cd4e213f90090bc7497a341d701e98a6/execute/sync - {"script":"<script> [8489 bytes]","args":[{"element-6066-11e4-a52e-4f735466cecf":"f.3EFE59E47BCAC700A535F57DF4769BD4.d.ACD7BEF23CE1D7BDF8125383F68FC94B.e.272","ELEMENT":"f.3EFE59E47BCAC700A535F57DF4769BD4.d.ACD7BEF23CE1D7BDF8125383F68FC94B.e.272"}]}
RESULT: {"script":"<script> [8489 bytes]","args":[{"element-6066-11e4-a52e-4f735466cecf":"f.3EFE59E47BCAC700A535F57DF4769BD4.d.ACD7BEF23CE1D7BDF8125383F68FC94B.e.272","ELEMENT":"f.3EFE59E47BCAC700A535F57DF4769BD4.d.ACD7BEF23CE1D7BDF8125383F68FC94B.e.272"}]}
COMMAND: GET /session/cd4e213f90090bc7497a341d701e98a6/element/f.3EFE59E47BCAC700A535F57DF4769BD4.d.ACD7BEF23CE1D7BDF8125383F68FC94B.e.272/enabled - {}
COMMAND: GET /session/cd4e213f90090bc7497a341d701e98a6/screenshot - {}
RESULT: {}
COMMAND: POST /session/cd4e213f90090bc7497a341d701e98a6/execute/sync - {"script":"<script> [8489 bytes]","args":[{"element-6066-11e4-a52e-4f735466cecf":"f.3EFE59E47BCAC700A535F57DF4769BD4.d.ACD7BEF23CE1D7BDF8125383F68FC94B.e.272","ELEMENT":"f.3EFE59E47BCAC700A535F57DF4769BD4.d.ACD7BEF23CE1D7BDF8125383F68FC94B.e.272"}]}
COMMAND: GET /session/cd4e213f90090bc7497a341d701e98a6/screenshot - {}
RESULT: {}
RESULT: {"script":"<script> [8489 bytes]","args":[{"element-6066-11e4-a52e-4f735466cecf":"f.3EFE59E47BCAC700A535F57DF4769BD4.d.ACD7BEF23CE1D7BDF8125383F68FC94B.e.272","ELEMENT":"f.3EFE59E47BCAC700A535F57DF4769BD4.d.ACD7BEF23CE1D7BDF8125383F68FC94B.e.272"}]}
COMMAND: POST /session/cd4e213f90090bc7497a341d701e98a6/execute/sync - {"script":"<script> [5351 bytes]","args":[{"element-6066-11e4-a52e-4f735466cecf":"f.3EFE59E47BCAC700A535F57DF4769BD4.d.ACD7BEF23CE1D7BDF8125383F68FC94B.e.272","ELEMENT":"f.3EFE59E47BCAC700A535F57DF4769BD4.d.ACD7BEF23CE1D7BDF8125383F68FC94B.e.272"}]}
COMMAND: GET /session/cd4e213f90090bc7497a341d701e98a6/screenshot - {}
RESULT: {}
RESULT: {"script":"<script> [5351 bytes]","args":[{"element-6066-11e4-a52e-4f735466cecf":"f.3EFE59E47BCAC700A535F57DF4769BD4.d.ACD7BEF23CE1D7BDF8125383F68FC94B.e.272","ELEMENT":"f.3EFE59E47BCAC700A535F57DF4769BD4.d.ACD7BEF23CE1D7BDF8125383F68FC94B.e.272"}]}
COMMAND: POST /session/cd4e213f90090bc7497a341d701e98a6/element/f.3EFE59E47BCAC700A535F57DF4769BD4.d.ACD7BEF23CE1D7BDF8125383F68FC94B.e.272/click - {}
COMMAND: GET /session/cd4e213f90090bc7497a341d701e98a6/screenshot - {}
RESULT: {}
RESULT: {}
COMMAND: GET /session/cd4e213f90090bc7497a341d701e98a6/screenshot - {}
RESULT: {}
COMMAND: POST /session/cd4e213f90090bc7497a341d701e98a6/element - {"using":"xpath","value":"//input[@id=\"application-manageyards-display-component---NewYard--yardId-inner\"]"}
RESULT: {}
RESULT: {"using":"xpath","value":"//input[@id=\"application-manageyards-display-component---NewYard--yardId-inner\"]"}
COMMAND: POST /session/cd4e213f90090bc7497a341d701e98a6/element - {"using":"xpath","value":"//input[@id=\"application-manageyards-display-component---NewYard--yardId-inner\"]"}
RESULT: {"using":"xpath","value":"//input[@id=\"application-manageyards-display-component---NewYard--yardId-inner\"]"}
COMMAND: POST /session/cd4e213f90090bc7497a341d701e98a6/execute/async - {"script":"<script> [1562 bytes]","args":[{"selector":{"id":"application-manageyards-display-component---NewYard--addressDetailDetailsName1","interaction":{"idSuffix":"inner"}},"wdio_ui5_key":"applicationmanageyards-display-component---NewYard--addressDetailDetailsName1"}]}
RESULT: {"script":"<script> [1562 bytes]","args":[{"selector":{"id":"application-manageyards-display-component---NewYard--addressDetailDetailsName1","interaction":{"idSuffix":"inner"}},"wdio_ui5_key":"applicationmanageyards-display-component---NewYard--addressDetailDetailsName1"}]}
RESULT: undefined
COMMAND: POST /session/cd4e213f90090bc7497a341d701e98a6/execute/async - {"script":"<script> [776 bytes]","args":[{"enterText":"Warehouse Managed WDIO","selector":{"id":"application-manageyards-display-component---NewYard--addressDetailDetailsName1","interaction":{"idSuffix":"inner"}},"clearTextFirst":true,"interactionType":"ENTER_TEXT"}]}
RESULT: {"script":"<script> [776 bytes]","args":[{"enterText":"Warehouse Managed WDIO","selector":{"id":"application-manageyards-display-component---NewYard--addressDetailDetailsName1","interaction":{"idSuffix":"inner"}},"clearTextFirst":true,"interactionType":"ENTER_TEXT"}]}
COMMAND: POST /session/cd4e213f90090bc7497a341d701e98a6/execute/async - {"script":"<script> [1562 bytes]","args":[{"selector":{"id":"application-manageyards-display-component---NewYard--addressDetailDetailsLanguage-arrow"},"wdio_ui5_key":"applicationmanageyards-display-component---NewYard--addressDetailDetailsLanguage-arrow"}]}
RESULT: {"script":"<script> [1562 bytes]","args":[{"selector":{"id":"application-manageyards-display-component---NewYard--addressDetailDetailsLanguage-arrow"},"wdio_ui5_key":"applicationmanageyards-display-component---NewYard--addressDetailDetailsLanguage-arrow"}]}
RESULT: undefined
COMMAND: POST /session/cd4e213f90090bc7497a341d701e98a6/element - {"using":"xpath","value":"//*[@id=\"application-manageyards-display-component---NewYard--addressDetailDetailsLanguage-arrow\"]"}
RESULT: {"using":"xpath","value":"//*[@id=\"application-manageyards-display-component---NewYard--addressDetailDetailsLanguage-arrow\"]"}
COMMAND: POST /session/cd4e213f90090bc7497a341d701e98a6/element/f.3EFE59E47BCAC700A535F57DF4769BD4.d.ACD7BEF23CE1D7BDF8125383F68FC94B.e.705/click - {}
RESULT: {}
COMMAND: POST /session/cd4e213f90090bc7497a341d701e98a6/element - {"using":"xpath","value":"//span[contains(text(), \"English\")]"}
COMMAND: GET /session/cd4e213f90090bc7497a341d701e98a6/screenshot - {}
RESULT: {"using":"xpath","value":"//span[contains(text(), \"English\")]"}
COMMAND: POST /session/cd4e213f90090bc7497a341d701e98a6/element/f.3EFE59E47BCAC700A535F57DF4769BD4.d.ACD7BEF23CE1D7BDF8125383F68FC94B.e.706/click - {}
RESULT: {}
RESULT: {}
COMMAND: POST /session/cd4e213f90090bc7497a341d701e98a6/execute/async - {"script":"<script> [1562 bytes]","args":[{"selector":{"id":"application-manageyards-display-component---NewYard--addressDetailDetailsCity1","interaction":{"idSuffix":"inner"}},"wdio_ui5_key":"applicationmanageyards-display-component---NewYard--addressDetailDetailsCity1"}]}
COMMAND: GET /session/cd4e213f90090bc7497a341d701e98a6/screenshot - {}
RESULT: {}
RESULT: {"script":"<script> [1562 bytes]","args":[{"selector":{"id":"application-manageyards-display-component---NewYard--addressDetailDetailsCity1","interaction":{"idSuffix":"inner"}},"wdio_ui5_key":"applicationmanageyards-display-component---NewYard--addressDetailDetailsCity1"}]}
RESULT: undefined
COMMAND: POST /session/cd4e213f90090bc7497a341d701e98a6/execute/async - {"script":"<script> [776 bytes]","args":[{"enterText":"Rosario","selector":{"id":"application-manageyards-display-component---NewYard--addressDetailDetailsCity1","interaction":{"idSuffix":"inner"}},"clearTextFirst":true,"interactionType":"ENTER_TEXT"}]}
RESULT: {"script":"<script> [776 bytes]","args":[{"enterText":"Rosario","selector":{"id":"application-manageyards-display-component---NewYard--addressDetailDetailsCity1","interaction":{"idSuffix":"inner"}},"clearTextFirst":true,"interactionType":"ENTER_TEXT"}]}
COMMAND: POST /session/cd4e213f90090bc7497a341d701e98a6/execute/async - {"script":"<script> [1562 bytes]","args":[{"selector":{"id":"application-manageyards-display-component---NewYard--addressDetailDetailsCountry-arrow"},"wdio_ui5_key":"applicationmanageyards-display-component---NewYard--addressDetailDetailsCountry-arrow"}]}
RESULT: {"script":"<script> [1562 bytes]","args":[{"selector":{"id":"application-manageyards-display-component---NewYard--addressDetailDetailsCountry-arrow"},"wdio_ui5_key":"applicationmanageyards-display-component---NewYard--addressDetailDetailsCountry-arrow"}]}
RESULT: undefined
COMMAND: POST /session/cd4e213f90090bc7497a341d701e98a6/element - {"using":"xpath","value":"//*[@id=\"application-manageyards-display-component---NewYard--addressDetailDetailsCountry-arrow\"]"}
RESULT: {"using":"xpath","value":"//*[@id=\"application-manageyards-display-component---NewYard--addressDetailDetailsCountry-arrow\"]"}
COMMAND: POST /session/cd4e213f90090bc7497a341d701e98a6/element/f.3EFE59E47BCAC700A535F57DF4769BD4.d.ACD7BEF23CE1D7BDF8125383F68FC94B.e.708/click - {}
RESULT: {}
COMMAND: POST /session/cd4e213f90090bc7497a341d701e98a6/element - {"using":"xpath","value":"//span[contains(text(), \"Argentina\")]"}
COMMAND: GET /session/cd4e213f90090bc7497a341d701e98a6/screenshot - {}
RESULT: {"using":"xpath","value":"//span[contains(text(), \"Argentina\")]"}
COMMAND: POST /session/cd4e213f90090bc7497a341d701e98a6/element/f.3EFE59E47BCAC700A535F57DF4769BD4.d.ACD7BEF23CE1D7BDF8125383F68FC94B.e.709/click - {}
RESULT: {}
RESULT: {}
COMMAND: POST /session/cd4e213f90090bc7497a341d701e98a6/execute/async - {"script":"<script> [1562 bytes]","args":[{"selector":{"id":"application-manageyards-display-component---NewYard--addressEditDetailsCostObjectCstType-arrow"},"wdio_ui5_key":"applicationmanageyards-display-component---NewYard--addressEditDetailsCostObjectCstType-arrow"}]}
COMMAND: GET /session/cd4e213f90090bc7497a341d701e98a6/screenshot - {}
RESULT: {"script":"<script> [1562 bytes]","args":[{"selector":{"id":"application-manageyards-display-component---NewYard--addressEditDetailsCostObjectCstType-arrow"},"wdio_ui5_key":"applicationmanageyards-display-component---NewYard--addressEditDetailsCostObjectCstType-arrow"}]}
RESULT: undefined
COMMAND: POST /session/cd4e213f90090bc7497a341d701e98a6/element - {"using":"xpath","value":"//*[@id=\"application-manageyards-display-component---NewYard--addressEditDetailsCostObjectCstType-arrow\"]"}
RESULT: {}
RESULT: {"using":"xpath","value":"//*[@id=\"application-manageyards-display-component---NewYard--addressEditDetailsCostObjectCstType-arrow\"]"}
COMMAND: POST /session/cd4e213f90090bc7497a341d701e98a6/element/f.3EFE59E47BCAC700A535F57DF4769BD4.d.ACD7BEF23CE1D7BDF8125383F68FC94B.e.711/click - {}
RESULT: {}
COMMAND: POST /session/cd4e213f90090bc7497a341d701e98a6/element - {"using":"xpath","value":"//span[contains(text(), \"Cost Center\")]"}
COMMAND: GET /session/cd4e213f90090bc7497a341d701e98a6/screenshot - {}
RESULT: {"using":"xpath","value":"//span[contains(text(), \"Cost Center\")]"}
COMMAND: POST /session/cd4e213f90090bc7497a341d701e98a6/element/f.3EFE59E47BCAC700A535F57DF4769BD4.d.ACD7BEF23CE1D7BDF8125383F68FC94B.e.712/click - {}
RESULT: {}
RESULT: {}
COMMAND: GET /session/cd4e213f90090bc7497a341d701e98a6/screenshot - {}
RESULT: {}
COMMAND: POST /session/cd4e213f90090bc7497a341d701e98a6/element - {"using":"xpath","value":"//span[@id=\"application-manageyards-display-component---NewYard--addressNewCostObjectCstID-vhi\"]"}
RESULT: {"using":"xpath","value":"//span[@id=\"application-manageyards-display-component---NewYard--addressNewCostObjectCstID-vhi\"]"}
COMMAND: POST /session/cd4e213f90090bc7497a341d701e98a6/execute/sync - {"script":"<script> [8489 bytes]","args":[{"element-6066-11e4-a52e-4f735466cecf":"f.3EFE59E47BCAC700A535F57DF4769BD4.d.ACD7BEF23CE1D7BDF8125383F68FC94B.e.716","ELEMENT":"f.3EFE59E47BCAC700A535F57DF4769BD4.d.ACD7BEF23CE1D7BDF8125383F68FC94B.e.716"}]}
RESULT: {"script":"<script> [8489 bytes]","args":[{"element-6066-11e4-a52e-4f735466cecf":"f.3EFE59E47BCAC700A535F57DF4769BD4.d.ACD7BEF23CE1D7BDF8125383F68FC94B.e.716","ELEMENT":"f.3EFE59E47BCAC700A535F57DF4769BD4.d.ACD7BEF23CE1D7BDF8125383F68FC94B.e.716"}]}
COMMAND: POST /session/cd4e213f90090bc7497a341d701e98a6/execute/async - {"script":"<script> [1562 bytes]","args":[{"selector":{"id":"application-manageyards-display-component---NewYard--addressNewCostObjectCstID-vhi"},"wdio_ui5_key":"applicationmanageyards-display-component---NewYard--addressNewCostObjectCstID-vhi"}]}
COMMAND: GET /session/cd4e213f90090bc7497a341d701e98a6/screenshot - {}
RESULT: {"script":"<script> [1562 bytes]","args":[{"selector":{"id":"application-manageyards-display-component---NewYard--addressNewCostObjectCstID-vhi"},"wdio_ui5_key":"applicationmanageyards-display-component---NewYard--addressNewCostObjectCstID-vhi"}]}
RESULT: undefined
COMMAND: POST /session/cd4e213f90090bc7497a341d701e98a6/element - {"using":"xpath","value":"//*[@id=\"application-manageyards-display-component---NewYard--addressNewCostObjectCstID-vhi\"]"}
RESULT: {}
RESULT: {"using":"xpath","value":"//*[@id=\"application-manageyards-display-component---NewYard--addressNewCostObjectCstID-vhi\"]"}
COMMAND: POST /session/cd4e213f90090bc7497a341d701e98a6/element/f.3EFE59E47BCAC700A535F57DF4769BD4.d.ACD7BEF23CE1D7BDF8125383F68FC94B.e.716/click - {}
RESULT: {}
COMMAND: GET /session/cd4e213f90090bc7497a341d701e98a6/screenshot - {}
RESULT: {}
COMMAND: POST /session/cd4e213f90090bc7497a341d701e98a6/execute/async - {"script":"<script> [1562 bytes]","args":[{"selector":{"controlType":"sap.m.SearchField","properties":{"placeholder":"Search"},"searchOpenDialogs":true,"interaction":{"idSuffix":"I"}},"wdio_ui5_key":"sapm.SearchField{\"placeholder\":\"Search\"}"}]}
RESULT: {"script":"<script> [1562 bytes]","args":[{"selector":{"controlType":"sap.m.SearchField","properties":{"placeholder":"Search"},"searchOpenDialogs":true,"interaction":{"idSuffix":"I"}},"wdio_ui5_key":"sapm.SearchField{\"placeholder\":\"Search\"}"}]}
RESULT: undefined
COMMAND: POST /session/cd4e213f90090bc7497a341d701e98a6/execute/async - {"script":"<script> [776 bytes]","args":[{"enterText":"bauh_b","selector":{"controlType":"sap.m.SearchField","properties":{"placeholder":"Search"},"searchOpenDialogs":true,"interaction":{"idSuffix":"I"}},"clearTextFirst":true,"interactionType":"ENTER_TEXT"}]}
RESULT: {"script":"<script> [776 bytes]","args":[{"enterText":"bauh_b","selector":{"controlType":"sap.m.SearchField","properties":{"placeholder":"Search"},"searchOpenDialogs":true,"interaction":{"idSuffix":"I"}},"clearTextFirst":true,"interactionType":"ENTER_TEXT"}]}
COMMAND: POST /session/cd4e213f90090bc7497a341d701e98a6/actions - {"actions":[{"id":"action1","type":"key","parameters":{},"actions":[{"type":"keyDown","value":""},{"type":"pause","duration":10},{"type":"keyUp","value":""}]}]}
RESULT: {"actions":[{"id":"action1","type":"key","parameters":{},"actions":[{"type":"keyDown","value":""},{"type":"pause","duration":10},{"type":"keyUp","value":""}]}]}
COMMAND: GET /session/cd4e213f90090bc7497a341d701e98a6/screenshot - {}
RESULT: {}
COMMAND: POST /session/cd4e213f90090bc7497a341d701e98a6/element - {"using":"xpath","value":"//span[contains(text(), \"Demo Yard\")]"}
RESULT: {"using":"xpath","value":"//span[contains(text(), \"Demo Yard\")]"}
COMMAND: POST /session/cd4e213f90090bc7497a341d701e98a6/element/f.3EFE59E47BCAC700A535F57DF4769BD4.d.ACD7BEF23CE1D7BDF8125383F68FC94B.e.757/click - {}
RESULT: {}
COMMAND: GET /session/cd4e213f90090bc7497a341d701e98a6/screenshot - {}
RESULT: {}
COMMAND: POST /session/cd4e213f90090bc7497a341d701e98a6/element - {"using":"xpath","value":"//bdi[contains(text(), \"OK\")]"}
RESULT: {"using":"xpath","value":"//bdi[contains(text(), \"OK\")]"}
COMMAND: POST /session/cd4e213f90090bc7497a341d701e98a6/element/f.3EFE59E47BCAC700A535F57DF4769BD4.d.ACD7BEF23CE1D7BDF8125383F68FC94B.e.758/click - {}
RESULT: {}
COMMAND: GET /session/cd4e213f90090bc7497a341d701e98a6/screenshot - {}
RESULT: {}
COMMAND: POST /session/cd4e213f90090bc7497a341d701e98a6/execute/async - {"script":"<script> [1562 bytes]","args":[{"selector":{"id":"application-manageyards-display-component---NewYard--addressEditDetailsCurrency-arrow"},"wdio_ui5_key":"applicationmanageyards-display-component---NewYard--addressEditDetailsCurrency-arrow"}]}
RESULT: {"script":"<script> [1562 bytes]","args":[{"selector":{"id":"application-manageyards-display-component---NewYard--addressEditDetailsCurrency-arrow"},"wdio_ui5_key":"applicationmanageyards-display-component---NewYard--addressEditDetailsCurrency-arrow"}]}
RESULT: undefined
COMMAND: POST /session/cd4e213f90090bc7497a341d701e98a6/element - {"using":"xpath","value":"//*[@id=\"application-manageyards-display-component---NewYard--addressEditDetailsCurrency-arrow\"]"}
RESULT: {"using":"xpath","value":"//*[@id=\"application-manageyards-display-component---NewYard--addressEditDetailsCurrency-arrow\"]"}
COMMAND: POST /session/cd4e213f90090bc7497a341d701e98a6/element/f.3EFE59E47BCAC700A535F57DF4769BD4.d.ACD7BEF23CE1D7BDF8125383F68FC94B.e.761/click - {}
RESULT: {}
COMMAND: POST /session/cd4e213f90090bc7497a341d701e98a6/element - {"using":"xpath","value":"//span[contains(text(), \"Euro\")]"}
COMMAND: GET /session/cd4e213f90090bc7497a341d701e98a6/screenshot - {}
RESULT: {"using":"xpath","value":"//span[contains(text(), \"Euro\")]"}
COMMAND: POST /session/cd4e213f90090bc7497a341d701e98a6/element/f.3EFE59E47BCAC700A535F57DF4769BD4.d.ACD7BEF23CE1D7BDF8125383F68FC94B.e.762/click - {}
RESULT: {}
RESULT: {}
COMMAND: POST /session/cd4e213f90090bc7497a341d701e98a6/execute/async - {"script":"<script> [1562 bytes]","args":[{"selector":{"controlType":"sap.m.Input","viewName":"etm.portal.ui.manageyards.view.New","viewId":"application-manageyards-display-component---NewYard","bindingPath":{"path":"","propertyPath":"/CONTROLLING_AREA","modelName":"NewYardModel"},"interaction":{"idSuffix":"inner"}},"wdio_ui5_key":"etmportal.ui.manageyards.view.Newsap.m.Input{\"path\":\"\",\"propertyPath\":\"/CONTROLLING_AREA\",\"modelName\":\"NewYardModel\"}"}]}
COMMAND: GET /session/cd4e213f90090bc7497a341d701e98a6/screenshot - {}
RESULT: {"script":"<script> [1562 bytes]","args":[{"selector":{"controlType":"sap.m.Input","viewName":"etm.portal.ui.manageyards.view.New","viewId":"application-manageyards-display-component---NewYard","bindingPath":{"path":"","propertyPath":"/CONTROLLING_AREA","modelName":"NewYardModel"},"interaction":{"idSuffix":"inner"}},"wdio_ui5_key":"etmportal.ui.manageyards.view.Newsap.m.Input{\"path\":\"\",\"propertyPath\":\"/CONTROLLING_AREA\",\"modelName\":\"NewYardModel\"}"}]}
RESULT: undefined
COMMAND: POST /session/cd4e213f90090bc7497a341d701e98a6/execute/async - {"script":"<script> [776 bytes]","args":[{"enterText":"Z001","selector":{"controlType":"sap.m.Input","viewName":"etm.portal.ui.manageyards.view.New","viewId":"application-manageyards-display-component---NewYard","bindingPath":{"path":"","propertyPath":"/CONTROLLING_AREA","modelName":"NewYardModel"},"interaction":{"idSuffix":"inner"}},"clearTextFirst":true,"interactionType":"ENTER_TEXT"}]}
RESULT: {}
RESULT: {"script":"<script> [776 bytes]","args":[{"enterText":"Z001","selector":{"controlType":"sap.m.Input","viewName":"etm.portal.ui.manageyards.view.New","viewId":"application-manageyards-display-component---NewYard","bindingPath":{"path":"","propertyPath":"/CONTROLLING_AREA","modelName":"NewYardModel"},"interaction":{"idSuffix":"inner"}},"clearTextFirst":true,"interactionType":"ENTER_TEXT"}]}
COMMAND: POST /session/cd4e213f90090bc7497a341d701e98a6/execute/async - {"script":"<script> [1562 bytes]","args":[{"selector":{"id":"application-manageyards-display-component---NewYard--companyCodeComboBox","interaction":{"idSuffix":"inner"}},"wdio_ui5_key":"applicationmanageyards-display-component---NewYard--companyCodeComboBox"}]}
RESULT: {"script":"<script> [1562 bytes]","args":[{"selector":{"id":"application-manageyards-display-component---NewYard--companyCodeComboBox","interaction":{"idSuffix":"inner"}},"wdio_ui5_key":"applicationmanageyards-display-component---NewYard--companyCodeComboBox"}]}
RESULT: undefined
COMMAND: POST /session/cd4e213f90090bc7497a341d701e98a6/execute/async - {"script":"<script> [776 bytes]","args":[{"enterText":"1000","selector":{"id":"application-manageyards-display-component---NewYard--companyCodeComboBox","interaction":{"idSuffix":"inner"}},"clearTextFirst":true,"interactionType":"ENTER_TEXT"}]}
RESULT: {"script":"<script> [776 bytes]","args":[{"enterText":"1000","selector":{"id":"application-manageyards-display-component---NewYard--companyCodeComboBox","interaction":{"idSuffix":"inner"}},"clearTextFirst":true,"interactionType":"ENTER_TEXT"}]}
COMMAND: POST /session/cd4e213f90090bc7497a341d701e98a6/execute/async - {"script":"<script> [1562 bytes]","args":[{"selector":{"controlType":"sap.m.Input","viewName":"etm.portal.ui.manageyards.view.New","viewId":"application-manageyards-display-component---NewYard","bindingPath":{"path":"","propertyPath":"/PLANT","modelName":"NewYardModel"},"interaction":{"idSuffix":"inner"}},"wdio_ui5_key":"etmportal.ui.manageyards.view.Newsap.m.Input{\"path\":\"\",\"propertyPath\":\"/PLANT\",\"modelName\":\"NewYardModel\"}"}]}
RESULT: {"script":"<script> [1562 bytes]","args":[{"selector":{"controlType":"sap.m.Input","viewName":"etm.portal.ui.manageyards.view.New","viewId":"application-manageyards-display-component---NewYard","bindingPath":{"path":"","propertyPath":"/PLANT","modelName":"NewYardModel"},"interaction":{"idSuffix":"inner"}},"wdio_ui5_key":"etmportal.ui.manageyards.view.Newsap.m.Input{\"path\":\"\",\"propertyPath\":\"/PLANT\",\"modelName\":\"NewYardModel\"}"}]}
RESULT: undefined
COMMAND: POST /session/cd4e213f90090bc7497a341d701e98a6/execute/async - {"script":"<script> [776 bytes]","args":[{"enterText":"1001","selector":{"controlType":"sap.m.Input","viewName":"etm.portal.ui.manageyards.view.New","viewId":"application-manageyards-display-component---NewYard","bindingPath":{"path":"","propertyPath":"/PLANT","modelName":"NewYardModel"},"interaction":{"idSuffix":"inner"}},"clearTextFirst":true,"interactionType":"ENTER_TEXT"}]}
RESULT: {"script":"<script> [776 bytes]","args":[{"enterText":"1001","selector":{"controlType":"sap.m.Input","viewName":"etm.portal.ui.manageyards.view.New","viewId":"application-manageyards-display-component---NewYard","bindingPath":{"path":"","propertyPath":"/PLANT","modelName":"NewYardModel"},"interaction":{"idSuffix":"inner"}},"clearTextFirst":true,"interactionType":"ENTER_TEXT"}]}
COMMAND: POST /session/cd4e213f90090bc7497a341d701e98a6/execute/async - {"script":"<script> [1562 bytes]","args":[{"selector":{"controlType":"sap.m.Input","viewName":"etm.portal.ui.manageyards.view.New","viewId":"application-manageyards-display-component---NewYard","bindingPath":{"path":"","propertyPath":"/SALES_AREA_VKORG","modelName":"NewYardModel"},"interaction":{"idSuffix":"inner"}},"wdio_ui5_key":"etmportal.ui.manageyards.view.Newsap.m.Input{\"path\":\"\",\"propertyPath\":\"/SALES_AREA_VKORG\",\"modelName\":\"NewYardModel\"}"}]}
RESULT: {"script":"<script> [1562 bytes]","args":[{"selector":{"controlType":"sap.m.Input","viewName":"etm.portal.ui.manageyards.view.New","viewId":"application-manageyards-display-component---NewYard","bindingPath":{"path":"","propertyPath":"/SALES_AREA_VKORG","modelName":"NewYardModel"},"interaction":{"idSuffix":"inner"}},"wdio_ui5_key":"etmportal.ui.manageyards.view.Newsap.m.Input{\"path\":\"\",\"propertyPath\":\"/SALES_AREA_VKORG\",\"modelName\":\"NewYardModel\"}"}]}
RESULT: undefined
COMMAND: POST /session/cd4e213f90090bc7497a341d701e98a6/execute/async - {"script":"<script> [776 bytes]","args":[{"enterText":"C002","selector":{"controlType":"sap.m.Input","viewName":"etm.portal.ui.manageyards.view.New","viewId":"application-manageyards-display-component---NewYard","bindingPath":{"path":"","propertyPath":"/SALES_AREA_VKORG","modelName":"NewYardModel"},"interaction":{"idSuffix":"inner"}},"clearTextFirst":true,"interactionType":"ENTER_TEXT"}]}
RESULT: {"script":"<script> [776 bytes]","args":[{"enterText":"C002","selector":{"controlType":"sap.m.Input","viewName":"etm.portal.ui.manageyards.view.New","viewId":"application-manageyards-display-component---NewYard","bindingPath":{"path":"","propertyPath":"/SALES_AREA_VKORG","modelName":"NewYardModel"},"interaction":{"idSuffix":"inner"}},"clearTextFirst":true,"interactionType":"ENTER_TEXT"}]}
COMMAND: POST /session/cd4e213f90090bc7497a341d701e98a6/execute/async - {"script":"<script> [1562 bytes]","args":[{"selector":{"controlType":"sap.m.Input","viewName":"etm.portal.ui.manageyards.view.New","viewId":"application-manageyards-display-component---NewYard","bindingPath":{"path":"","propertyPath":"/SALES_AREA_VTWEG","modelName":"NewYardModel"},"interaction":{"idSuffix":"inner"}},"wdio_ui5_key":"etmportal.ui.manageyards.view.Newsap.m.Input{\"path\":\"\",\"propertyPath\":\"/SALES_AREA_VTWEG\",\"modelName\":\"NewYardModel\"}"}]}
RESULT: {"script":"<script> [1562 bytes]","args":[{"selector":{"controlType":"sap.m.Input","viewName":"etm.portal.ui.manageyards.view.New","viewId":"application-manageyards-display-component---NewYard","bindingPath":{"path":"","propertyPath":"/SALES_AREA_VTWEG","modelName":"NewYardModel"},"interaction":{"idSuffix":"inner"}},"wdio_ui5_key":"etmportal.ui.manageyards.view.Newsap.m.Input{\"path\":\"\",\"propertyPath\":\"/SALES_AREA_VTWEG\",\"modelName\":\"NewYardModel\"}"}]}
RESULT: undefined
COMMAND: POST /session/cd4e213f90090bc7497a341d701e98a6/execute/async - {"script":"<script> [776 bytes]","args":[{"enterText":"C2","selector":{"controlType":"sap.m.Input","viewName":"etm.portal.ui.manageyards.view.New","viewId":"application-manageyards-display-component---NewYard","bindingPath":{"path":"","propertyPath":"/SALES_AREA_VTWEG","modelName":"NewYardModel"},"interaction":{"idSuffix":"inner"}},"clearTextFirst":true,"interactionType":"ENTER_TEXT"}]}
RESULT: {"script":"<script> [776 bytes]","args":[{"enterText":"C2","selector":{"controlType":"sap.m.Input","viewName":"etm.portal.ui.manageyards.view.New","viewId":"application-manageyards-display-component---NewYard","bindingPath":{"path":"","propertyPath":"/SALES_AREA_VTWEG","modelName":"NewYardModel"},"interaction":{"idSuffix":"inner"}},"clearTextFirst":true,"interactionType":"ENTER_TEXT"}]}
COMMAND: POST /session/cd4e213f90090bc7497a341d701e98a6/execute/async - {"script":"<script> [1562 bytes]","args":[{"selector":{"controlType":"sap.m.Input","viewName":"etm.portal.ui.manageyards.view.New","viewId":"application-manageyards-display-component---NewYard","bindingPath":{"path":"","propertyPath":"/SALES_AREA_SPART","modelName":"NewYardModel"},"interaction":{"idSuffix":"inner"}},"wdio_ui5_key":"etmportal.ui.manageyards.view.Newsap.m.Input{\"path\":\"\",\"propertyPath\":\"/SALES_AREA_SPART\",\"modelName\":\"NewYardModel\"}"}]}
RESULT: {"script":"<script> [1562 bytes]","args":[{"selector":{"controlType":"sap.m.Input","viewName":"etm.portal.ui.manageyards.view.New","viewId":"application-manageyards-display-component---NewYard","bindingPath":{"path":"","propertyPath":"/SALES_AREA_SPART","modelName":"NewYardModel"},"interaction":{"idSuffix":"inner"}},"wdio_ui5_key":"etmportal.ui.manageyards.view.Newsap.m.Input{\"path\":\"\",\"propertyPath\":\"/SALES_AREA_SPART\",\"modelName\":\"NewYardModel\"}"}]}
RESULT: undefined
COMMAND: POST /session/cd4e213f90090bc7497a341d701e98a6/execute/async - {"script":"<script> [776 bytes]","args":[{"enterText":"C2","selector":{"controlType":"sap.m.Input","viewName":"etm.portal.ui.manageyards.view.New","viewId":"application-manageyards-display-component---NewYard","bindingPath":{"path":"","propertyPath":"/SALES_AREA_SPART","modelName":"NewYardModel"},"interaction":{"idSuffix":"inner"}},"clearTextFirst":true,"interactionType":"ENTER_TEXT"}]}
RESULT: {"script":"<script> [776 bytes]","args":[{"enterText":"C2","selector":{"controlType":"sap.m.Input","viewName":"etm.portal.ui.manageyards.view.New","viewId":"application-manageyards-display-component---NewYard","bindingPath":{"path":"","propertyPath":"/SALES_AREA_SPART","modelName":"NewYardModel"},"interaction":{"idSuffix":"inner"}},"clearTextFirst":true,"interactionType":"ENTER_TEXT"}]}
COMMAND: POST /session/cd4e213f90090bc7497a341d701e98a6/execute/async - {"script":"<script> [1562 bytes]","args":[{"selector":{"controlType":"sap.m.Input","viewName":"etm.portal.ui.manageyards.view.New","viewId":"application-manageyards-display-component---NewYard","bindingPath":{"path":"","propertyPath":"/SHIP_POINT","modelName":"NewYardModel"},"interaction":{"idSuffix":"inner"}},"wdio_ui5_key":"etmportal.ui.manageyards.view.Newsap.m.Input{\"path\":\"\",\"propertyPath\":\"/SHIP_POINT\",\"modelName\":\"NewYardModel\"}"}]}
RESULT: {"script":"<script> [1562 bytes]","args":[{"selector":{"controlType":"sap.m.Input","viewName":"etm.portal.ui.manageyards.view.New","viewId":"application-manageyards-display-component---NewYard","bindingPath":{"path":"","propertyPath":"/SHIP_POINT","modelName":"NewYardModel"},"interaction":{"idSuffix":"inner"}},"wdio_ui5_key":"etmportal.ui.manageyards.view.Newsap.m.Input{\"path\":\"\",\"propertyPath\":\"/SHIP_POINT\",\"modelName\":\"NewYardModel\"}"}]}
RESULT: undefined
COMMAND: POST /session/cd4e213f90090bc7497a341d701e98a6/execute/async - {"script":"<script> [776 bytes]","args":[{"enterText":"1710","selector":{"controlType":"sap.m.Input","viewName":"etm.portal.ui.manageyards.view.New","viewId":"application-manageyards-display-component---NewYard","bindingPath":{"path":"","propertyPath":"/SHIP_POINT","modelName":"NewYardModel"},"interaction":{"idSuffix":"inner"}},"clearTextFirst":true,"interactionType":"ENTER_TEXT"}]}
RESULT: {"script":"<script> [776 bytes]","args":[{"enterText":"1710","selector":{"controlType":"sap.m.Input","viewName":"etm.portal.ui.manageyards.view.New","viewId":"application-manageyards-display-component---NewYard","bindingPath":{"path":"","propertyPath":"/SHIP_POINT","modelName":"NewYardModel"},"interaction":{"idSuffix":"inner"}},"clearTextFirst":true,"interactionType":"ENTER_TEXT"}]}
COMMAND: POST /session/cd4e213f90090bc7497a341d701e98a6/execute/async - {"script":"<script> [1562 bytes]","args":[{"selector":{"controlType":"sap.m.Input","viewName":"etm.portal.ui.manageyards.view.New","viewId":"application-manageyards-display-component---NewYard","bindingPath":{"path":"","propertyPath":"/DELIVERY_TYPE","modelName":"NewYardModel"},"interaction":{"idSuffix":"inner"}},"wdio_ui5_key":"etmportal.ui.manageyards.view.Newsap.m.Input{\"path\":\"\",\"propertyPath\":\"/DELIVERY_TYPE\",\"modelName\":\"NewYardModel\"}"}]}
RESULT: {"script":"<script> [1562 bytes]","args":[{"selector":{"controlType":"sap.m.Input","viewName":"etm.portal.ui.manageyards.view.New","viewId":"application-manageyards-display-component---NewYard","bindingPath":{"path":"","propertyPath":"/DELIVERY_TYPE","modelName":"NewYardModel"},"interaction":{"idSuffix":"inner"}},"wdio_ui5_key":"etmportal.ui.manageyards.view.Newsap.m.Input{\"path\":\"\",\"propertyPath\":\"/DELIVERY_TYPE\",\"modelName\":\"NewYardModel\"}"}]}
RESULT: undefined
COMMAND: POST /session/cd4e213f90090bc7497a341d701e98a6/execute/async - {"script":"<script> [776 bytes]","args":[{"enterText":"ZL01","selector":{"controlType":"sap.m.Input","viewName":"etm.portal.ui.manageyards.view.New","viewId":"application-manageyards-display-component---NewYard","bindingPath":{"path":"","propertyPath":"/DELIVERY_TYPE","modelName":"NewYardModel"},"interaction":{"idSuffix":"inner"}},"clearTextFirst":true,"interactionType":"ENTER_TEXT"}]}
RESULT: {"script":"<script> [776 bytes]","args":[{"enterText":"ZL01","selector":{"controlType":"sap.m.Input","viewName":"etm.portal.ui.manageyards.view.New","viewId":"application-manageyards-display-component---NewYard","bindingPath":{"path":"","propertyPath":"/DELIVERY_TYPE","modelName":"NewYardModel"},"interaction":{"idSuffix":"inner"}},"clearTextFirst":true,"interactionType":"ENTER_TEXT"}]}
COMMAND: POST /session/cd4e213f90090bc7497a341d701e98a6/execute/async - {"script":"<script> [1562 bytes]","args":[{"selector":{"controlType":"sap.m.Input","viewName":"etm.portal.ui.manageyards.view.New","viewId":"application-manageyards-display-component---NewYard","bindingPath":{"path":"","propertyPath":"/AUART","modelName":"NewYardModel"},"interaction":{"idSuffix":"inner"}},"wdio_ui5_key":"etmportal.ui.manageyards.view.Newsap.m.Input{\"path\":\"\",\"propertyPath\":\"/AUART\",\"modelName\":\"NewYardModel\"}"}]}
RESULT: {"script":"<script> [1562 bytes]","args":[{"selector":{"controlType":"sap.m.Input","viewName":"etm.portal.ui.manageyards.view.New","viewId":"application-manageyards-display-component---NewYard","bindingPath":{"path":"","propertyPath":"/AUART","modelName":"NewYardModel"},"interaction":{"idSuffix":"inner"}},"wdio_ui5_key":"etmportal.ui.manageyards.view.Newsap.m.Input{\"path\":\"\",\"propertyPath\":\"/AUART\",\"modelName\":\"NewYardModel\"}"}]}
RESULT: undefined
COMMAND: POST /session/cd4e213f90090bc7497a341d701e98a6/execute/async - {"script":"<script> [776 bytes]","args":[{"enterText":"TA","selector":{"controlType":"sap.m.Input","viewName":"etm.portal.ui.manageyards.view.New","viewId":"application-manageyards-display-component---NewYard","bindingPath":{"path":"","propertyPath":"/AUART","modelName":"NewYardModel"},"interaction":{"idSuffix":"inner"}},"clearTextFirst":true,"interactionType":"ENTER_TEXT"}]}
RESULT: {"script":"<script> [776 bytes]","args":[{"enterText":"TA","selector":{"controlType":"sap.m.Input","viewName":"etm.portal.ui.manageyards.view.New","viewId":"application-manageyards-display-component---NewYard","bindingPath":{"path":"","propertyPath":"/AUART","modelName":"NewYardModel"},"interaction":{"idSuffix":"inner"}},"clearTextFirst":true,"interactionType":"ENTER_TEXT"}]}
COMMAND: POST /session/cd4e213f90090bc7497a341d701e98a6/execute/async - {"script":"<script> [1562 bytes]","args":[{"selector":{"id":"application-manageyards-display-component---NewYard--whmCheckBox","interaction":{"idSuffix":"CbBg"}},"wdio_ui5_key":"applicationmanageyards-display-component---NewYard--whmCheckBox"}]}
RESULT: {"script":"<script> [1562 bytes]","args":[{"selector":{"id":"application-manageyards-display-component---NewYard--whmCheckBox","interaction":{"idSuffix":"CbBg"}},"wdio_ui5_key":"applicationmanageyards-display-component---NewYard--whmCheckBox"}]}
RESULT: undefined
COMMAND: POST /session/cd4e213f90090bc7497a341d701e98a6/element - {"using":"xpath","value":"//*[@id=\"application-manageyards-display-component---NewYard--whmCheckBox\"]"}
RESULT: {"using":"xpath","value":"//*[@id=\"application-manageyards-display-component---NewYard--whmCheckBox\"]"}
COMMAND: POST /session/cd4e213f90090bc7497a341d701e98a6/element/f.3EFE59E47BCAC700A535F57DF4769BD4.d.ACD7BEF23CE1D7BDF8125383F68FC94B.e.782/click - {}
RESULT: {}
COMMAND: GET /session/cd4e213f90090bc7497a341d701e98a6/screenshot - {}
RESULT: {}
COMMAND: POST /session/cd4e213f90090bc7497a341d701e98a6/element - {"using":"xpath","value":"//button[@data-kt=\"newYardSaveButton\"]"}
RESULT: {"using":"xpath","value":"//button[@data-kt=\"newYardSaveButton\"]"}
COMMAND: POST /session/cd4e213f90090bc7497a341d701e98a6/element/f.3EFE59E47BCAC700A535F57DF4769BD4.d.ACD7BEF23CE1D7BDF8125383F68FC94B.e.653/click - {}
RESULT: {}
COMMAND: GET /session/cd4e213f90090bc7497a341d701e98a6/screenshot - {}
RESULT: {}
COMMAND: POST /session/cd4e213f90090bc7497a341d701e98a6/element - {"using":"xpath","value":"//header[contains(@id, 'ObjectPageLayout-headerTitle')]/div[1]/div[2]/div[1]/span[1]"}
RESULT: {"using":"xpath","value":"//header[contains(@id, 'ObjectPageLayout-headerTitle')]/div[1]/div[2]/div[1]/span[1]"}
COMMAND: POST /session/cd4e213f90090bc7497a341d701e98a6/elements - {"using":"xpath","value":"//header[contains(@id, 'ObjectPageLayout-headerTitle')]/div[1]/div[2]/div[1]/span[1]"}
RESULT: {"using":"xpath","value":"//header[contains(@id, 'ObjectPageLayout-headerTitle')]/div[1]/div[2]/div[1]/span[1]"}
COMMAND: POST /session/cd4e213f90090bc7497a341d701e98a6/execute/sync - {"script":"<script> [56 bytes]","args":[{"element-6066-11e4-a52e-4f735466cecf":"f.3EFE59E47BCAC700A535F57DF4769BD4.d.ACD7BEF23CE1D7BDF8125383F68FC94B.e.989","ELEMENT":"f.3EFE59E47BCAC700A535F57DF4769BD4.d.ACD7BEF23CE1D7BDF8125383F68FC94B.e.989"}]}
RESULT: {"script":"<script> [56 bytes]","args":[{"element-6066-11e4-a52e-4f735466cecf":"f.3EFE59E47BCAC700A535F57DF4769BD4.d.ACD7BEF23CE1D7BDF8125383F68FC94B.e.989","ELEMENT":"f.3EFE59E47BCAC700A535F57DF4769BD4.d.ACD7BEF23CE1D7BDF8125383F68FC94B.e.989"}]}
COMMAND: GET /session/cd4e213f90090bc7497a341d701e98a6/screenshot - {}
RESULT: {}
COMMAND: POST /session/cd4e213f90090bc7497a341d701e98a6/element - {"using":"css selector","value":"#shell-header-logo"}
RESULT: {"using":"css selector","value":"#shell-header-logo"}
COMMAND: POST /session/cd4e213f90090bc7497a341d701e98a6/element/f.3EFE59E47BCAC700A535F57DF4769BD4.d.ACD7BEF23CE1D7BDF8125383F68FC94B.e.241/click - {}
RESULT: {}
COMMAND: GET /session/cd4e213f90090bc7497a341d701e98a6/screenshot - {}
RESULT: {}
COMMAND: POST /session/cd4e213f90090bc7497a341d701e98a6/execute/sync - {"script":"<script> [299 bytes]","args":[["getModel","getResource"]]}
RESULT: {"script":"<script> [299 bytes]","args":[["getModel","getResource"]]}
COMMAND: GET /session/cd4e213f90090bc7497a341d701e98a6/screenshot - {}
]]></system-out>
    </testcase>
    <testcase classname="chrome.136_0_7103_93.windows.Stock_increase_-_with_WHM_US125587" name="Should create a new external WHM partner" time="99.942">
      <system-out><![CDATA[
COMMAND: POST /session/cd4e213f90090bc7497a341d701e98a6/window/fullscreen - {}
RESULT: {}
RESULT: {}
COMMAND: POST /session/cd4e213f90090bc7497a341d701e98a6/execute/async - {"script":"<script> [1562 bytes]","args":[{"selector":{"controlType":"sap.m.GenericTile","properties":{"header":"Manage Partners"}},"wdio_ui5_key":"sapm.GenericTile{\"header\":\"Manage Partners\"}"}]}
RESULT: {"script":"<script> [1562 bytes]","args":[{"selector":{"controlType":"sap.m.GenericTile","properties":{"header":"Manage Partners"}},"wdio_ui5_key":"sapm.GenericTile{\"header\":\"Manage Partners\"}"}]}
RESULT: undefined
COMMAND: POST /session/cd4e213f90090bc7497a341d701e98a6/element - {"using":"xpath","value":"//*[@id=\"__tile38\"]"}
RESULT: {"using":"xpath","value":"//*[@id=\"__tile38\"]"}
COMMAND: POST /session/cd4e213f90090bc7497a341d701e98a6/element/f.3EFE59E47BCAC700A535F57DF4769BD4.d.ACD7BEF23CE1D7BDF8125383F68FC94B.e.126/click - {}
RESULT: {}
COMMAND: GET /session/cd4e213f90090bc7497a341d701e98a6/screenshot - {}
RESULT: {}
COMMAND: POST /session/cd4e213f90090bc7497a341d701e98a6/elements - {"using":"xpath","value":"//span[text()='Error']"}
RESULT: {"using":"xpath","value":"//span[text()='Error']"}
COMMAND: POST /session/cd4e213f90090bc7497a341d701e98a6/element - {"using":"xpath","value":"//button[@data-kt=\"addButton\"]"}
RESULT: {"using":"xpath","value":"//button[@data-kt=\"addButton\"]"}
COMMAND: POST /session/cd4e213f90090bc7497a341d701e98a6/elements - {"using":"xpath","value":"//button[@data-kt=\"addButton\"]"}
RESULT: {"using":"xpath","value":"//button[@data-kt=\"addButton\"]"}
COMMAND: POST /session/cd4e213f90090bc7497a341d701e98a6/elements - {"using":"xpath","value":"//button[@data-kt=\"addButton\"]"}
RESULT: {"using":"xpath","value":"//button[@data-kt=\"addButton\"]"}
COMMAND: POST /session/cd4e213f90090bc7497a341d701e98a6/element - {"using":"xpath","value":"//button[@data-kt=\"addButton\"]"}
RESULT: {"using":"xpath","value":"//button[@data-kt=\"addButton\"]"}
COMMAND: POST /session/cd4e213f90090bc7497a341d701e98a6/execute/sync - {"script":"<script> [8489 bytes]","args":[{"element-6066-11e4-a52e-4f735466cecf":"f.3EFE59E47BCAC700A535F57DF4769BD4.d.ACD7BEF23CE1D7BDF8125383F68FC94B.e.1028","ELEMENT":"f.3EFE59E47BCAC700A535F57DF4769BD4.d.ACD7BEF23CE1D7BDF8125383F68FC94B.e.1028"}]}
RESULT: {"script":"<script> [8489 bytes]","args":[{"element-6066-11e4-a52e-4f735466cecf":"f.3EFE59E47BCAC700A535F57DF4769BD4.d.ACD7BEF23CE1D7BDF8125383F68FC94B.e.1028","ELEMENT":"f.3EFE59E47BCAC700A535F57DF4769BD4.d.ACD7BEF23CE1D7BDF8125383F68FC94B.e.1028"}]}
COMMAND: GET /session/cd4e213f90090bc7497a341d701e98a6/element/f.3EFE59E47BCAC700A535F57DF4769BD4.d.ACD7BEF23CE1D7BDF8125383F68FC94B.e.1028/enabled - {}
COMMAND: GET /session/cd4e213f90090bc7497a341d701e98a6/screenshot - {}
RESULT: {}
COMMAND: POST /session/cd4e213f90090bc7497a341d701e98a6/execute/sync - {"script":"<script> [8489 bytes]","args":[{"element-6066-11e4-a52e-4f735466cecf":"f.3EFE59E47BCAC700A535F57DF4769BD4.d.ACD7BEF23CE1D7BDF8125383F68FC94B.e.1028","ELEMENT":"f.3EFE59E47BCAC700A535F57DF4769BD4.d.ACD7BEF23CE1D7BDF8125383F68FC94B.e.1028"}]}
COMMAND: GET /session/cd4e213f90090bc7497a341d701e98a6/screenshot - {}
RESULT: {}
RESULT: {"script":"<script> [8489 bytes]","args":[{"element-6066-11e4-a52e-4f735466cecf":"f.3EFE59E47BCAC700A535F57DF4769BD4.d.ACD7BEF23CE1D7BDF8125383F68FC94B.e.1028","ELEMENT":"f.3EFE59E47BCAC700A535F57DF4769BD4.d.ACD7BEF23CE1D7BDF8125383F68FC94B.e.1028"}]}
COMMAND: POST /session/cd4e213f90090bc7497a341d701e98a6/execute/sync - {"script":"<script> [5351 bytes]","args":[{"element-6066-11e4-a52e-4f735466cecf":"f.3EFE59E47BCAC700A535F57DF4769BD4.d.ACD7BEF23CE1D7BDF8125383F68FC94B.e.1028","ELEMENT":"f.3EFE59E47BCAC700A535F57DF4769BD4.d.ACD7BEF23CE1D7BDF8125383F68FC94B.e.1028"}]}
COMMAND: GET /session/cd4e213f90090bc7497a341d701e98a6/screenshot - {}
RESULT: {}
RESULT: {"script":"<script> [5351 bytes]","args":[{"element-6066-11e4-a52e-4f735466cecf":"f.3EFE59E47BCAC700A535F57DF4769BD4.d.ACD7BEF23CE1D7BDF8125383F68FC94B.e.1028","ELEMENT":"f.3EFE59E47BCAC700A535F57DF4769BD4.d.ACD7BEF23CE1D7BDF8125383F68FC94B.e.1028"}]}
COMMAND: POST /session/cd4e213f90090bc7497a341d701e98a6/element/f.3EFE59E47BCAC700A535F57DF4769BD4.d.ACD7BEF23CE1D7BDF8125383F68FC94B.e.1028/click - {}
COMMAND: GET /session/cd4e213f90090bc7497a341d701e98a6/screenshot - {}
RESULT: {}
RESULT: {}
COMMAND: GET /session/cd4e213f90090bc7497a341d701e98a6/screenshot - {}
COMMAND: POST /session/cd4e213f90090bc7497a341d701e98a6/execute/async - {"script":"<script> [1562 bytes]","args":[{"selector":{"id":"application-managepartners-display-component---NewPartner--addressDetailDetailsName1","interaction":{"idSuffix":"inner"}},"wdio_ui5_key":"applicationmanagepartners-display-component---NewPartner--addressDetailDetailsName1"}]}
RESULT: {}
RESULT: {}
RESULT: {"script":"<script> [1562 bytes]","args":[{"selector":{"id":"application-managepartners-display-component---NewPartner--addressDetailDetailsName1","interaction":{"idSuffix":"inner"}},"wdio_ui5_key":"applicationmanagepartners-display-component---NewPartner--addressDetailDetailsName1"}]}
RESULT: undefined
COMMAND: POST /session/cd4e213f90090bc7497a341d701e98a6/execute/async - {"script":"<script> [776 bytes]","args":[{"enterText":"External Partner WDIO","selector":{"id":"application-managepartners-display-component---NewPartner--addressDetailDetailsName1","interaction":{"idSuffix":"inner"}},"clearTextFirst":true,"interactionType":"ENTER_TEXT"}]}
RESULT: {"script":"<script> [776 bytes]","args":[{"enterText":"External Partner WDIO","selector":{"id":"application-managepartners-display-component---NewPartner--addressDetailDetailsName1","interaction":{"idSuffix":"inner"}},"clearTextFirst":true,"interactionType":"ENTER_TEXT"}]}
COMMAND: POST /session/cd4e213f90090bc7497a341d701e98a6/execute/async - {"script":"<script> [1562 bytes]","args":[{"selector":{"id":"application-managepartners-display-component---NewPartner--addressDetailDetailsLanguage-arrow"},"wdio_ui5_key":"applicationmanagepartners-display-component---NewPartner--addressDetailDetailsLanguage-arrow"}]}
RESULT: {"script":"<script> [1562 bytes]","args":[{"selector":{"id":"application-managepartners-display-component---NewPartner--addressDetailDetailsLanguage-arrow"},"wdio_ui5_key":"applicationmanagepartners-display-component---NewPartner--addressDetailDetailsLanguage-arrow"}]}
RESULT: undefined
COMMAND: POST /session/cd4e213f90090bc7497a341d701e98a6/element - {"using":"xpath","value":"//*[@id=\"application-managepartners-display-component---NewPartner--addressDetailDetailsLanguage-arrow\"]"}
RESULT: {"using":"xpath","value":"//*[@id=\"application-managepartners-display-component---NewPartner--addressDetailDetailsLanguage-arrow\"]"}
COMMAND: POST /session/cd4e213f90090bc7497a341d701e98a6/element/f.3EFE59E47BCAC700A535F57DF4769BD4.d.ACD7BEF23CE1D7BDF8125383F68FC94B.e.1483/click - {}
RESULT: {}
COMMAND: POST /session/cd4e213f90090bc7497a341d701e98a6/element - {"using":"xpath","value":"//span[contains(text(), \"English\")]"}
COMMAND: GET /session/cd4e213f90090bc7497a341d701e98a6/screenshot - {}
RESULT: {"using":"xpath","value":"//span[contains(text(), \"English\")]"}
COMMAND: POST /session/cd4e213f90090bc7497a341d701e98a6/element/f.3EFE59E47BCAC700A535F57DF4769BD4.d.ACD7BEF23CE1D7BDF8125383F68FC94B.e.1484/click - {}
RESULT: {}
RESULT: {}
COMMAND: GET /session/cd4e213f90090bc7497a341d701e98a6/screenshot - {}
RESULT: {}
COMMAND: POST /session/cd4e213f90090bc7497a341d701e98a6/execute/async - {"script":"<script> [1562 bytes]","args":[{"selector":{"id":"application-managepartners-display-component---NewPartner--addressDetailDetailsCity1","interaction":{"idSuffix":"inner"}},"wdio_ui5_key":"applicationmanagepartners-display-component---NewPartner--addressDetailDetailsCity1"}]}
RESULT: {"script":"<script> [1562 bytes]","args":[{"selector":{"id":"application-managepartners-display-component---NewPartner--addressDetailDetailsCity1","interaction":{"idSuffix":"inner"}},"wdio_ui5_key":"applicationmanagepartners-display-component---NewPartner--addressDetailDetailsCity1"}]}
RESULT: undefined
COMMAND: POST /session/cd4e213f90090bc7497a341d701e98a6/execute/async - {"script":"<script> [776 bytes]","args":[{"enterText":"Rosario","selector":{"id":"application-managepartners-display-component---NewPartner--addressDetailDetailsCity1","interaction":{"idSuffix":"inner"}},"clearTextFirst":true,"interactionType":"ENTER_TEXT"}]}
RESULT: {"script":"<script> [776 bytes]","args":[{"enterText":"Rosario","selector":{"id":"application-managepartners-display-component---NewPartner--addressDetailDetailsCity1","interaction":{"idSuffix":"inner"}},"clearTextFirst":true,"interactionType":"ENTER_TEXT"}]}
COMMAND: POST /session/cd4e213f90090bc7497a341d701e98a6/execute/async - {"script":"<script> [1562 bytes]","args":[{"selector":{"id":"application-managepartners-display-component---NewPartner--addressDetailDetailsCountry-arrow"},"wdio_ui5_key":"applicationmanagepartners-display-component---NewPartner--addressDetailDetailsCountry-arrow"}]}
RESULT: {"script":"<script> [1562 bytes]","args":[{"selector":{"id":"application-managepartners-display-component---NewPartner--addressDetailDetailsCountry-arrow"},"wdio_ui5_key":"applicationmanagepartners-display-component---NewPartner--addressDetailDetailsCountry-arrow"}]}
RESULT: undefined
COMMAND: POST /session/cd4e213f90090bc7497a341d701e98a6/element - {"using":"xpath","value":"//*[@id=\"application-managepartners-display-component---NewPartner--addressDetailDetailsCountry-arrow\"]"}
RESULT: {"using":"xpath","value":"//*[@id=\"application-managepartners-display-component---NewPartner--addressDetailDetailsCountry-arrow\"]"}
COMMAND: POST /session/cd4e213f90090bc7497a341d701e98a6/element/f.3EFE59E47BCAC700A535F57DF4769BD4.d.ACD7BEF23CE1D7BDF8125383F68FC94B.e.1470/click - {}
RESULT: {}
COMMAND: POST /session/cd4e213f90090bc7497a341d701e98a6/element - {"using":"xpath","value":"//span[contains(text(), \"Argentina\")]"}
COMMAND: GET /session/cd4e213f90090bc7497a341d701e98a6/screenshot - {}
RESULT: {"using":"xpath","value":"//span[contains(text(), \"Argentina\")]"}
COMMAND: POST /session/cd4e213f90090bc7497a341d701e98a6/element/f.3EFE59E47BCAC700A535F57DF4769BD4.d.ACD7BEF23CE1D7BDF8125383F68FC94B.e.1486/click - {}
RESULT: {}
RESULT: {}
COMMAND: GET /session/cd4e213f90090bc7497a341d701e98a6/screenshot - {}
RESULT: {}
COMMAND: POST /session/cd4e213f90090bc7497a341d701e98a6/element - {"using":"xpath","value":"//bdi[contains(text(), \"Commercial\")]"}
RESULT: {"using":"xpath","value":"//bdi[contains(text(), \"Commercial\")]"}
COMMAND: POST /session/cd4e213f90090bc7497a341d701e98a6/element/f.3EFE59E47BCAC700A535F57DF4769BD4.d.ACD7BEF23CE1D7BDF8125383F68FC94B.e.1487/click - {}
RESULT: {}
COMMAND: GET /session/cd4e213f90090bc7497a341d701e98a6/screenshot - {}
RESULT: {}
COMMAND: POST /session/cd4e213f90090bc7497a341d701e98a6/execute/async - {"script":"<script> [1562 bytes]","args":[{"selector":{"id":"application-managepartners-display-component---NewPartner--partnerDetailInternal-arrow"},"wdio_ui5_key":"applicationmanagepartners-display-component---NewPartner--partnerDetailInternal-arrow"}]}
RESULT: {"script":"<script> [1562 bytes]","args":[{"selector":{"id":"application-managepartners-display-component---NewPartner--partnerDetailInternal-arrow"},"wdio_ui5_key":"applicationmanagepartners-display-component---NewPartner--partnerDetailInternal-arrow"}]}
RESULT: undefined
COMMAND: POST /session/cd4e213f90090bc7497a341d701e98a6/element - {"using":"xpath","value":"//*[@id=\"application-managepartners-display-component---NewPartner--partnerDetailInternal-arrow\"]"}
RESULT: {"using":"xpath","value":"//*[@id=\"application-managepartners-display-component---NewPartner--partnerDetailInternal-arrow\"]"}
COMMAND: POST /session/cd4e213f90090bc7497a341d701e98a6/element/f.3EFE59E47BCAC700A535F57DF4769BD4.d.ACD7BEF23CE1D7BDF8125383F68FC94B.e.1495/click - {}
RESULT: {}
COMMAND: POST /session/cd4e213f90090bc7497a341d701e98a6/element - {"using":"xpath","value":"//span[contains(text(), \"External partner\")]"}
COMMAND: GET /session/cd4e213f90090bc7497a341d701e98a6/screenshot - {}
RESULT: {"using":"xpath","value":"//span[contains(text(), \"External partner\")]"}
COMMAND: POST /session/cd4e213f90090bc7497a341d701e98a6/element/f.3EFE59E47BCAC700A535F57DF4769BD4.d.ACD7BEF23CE1D7BDF8125383F68FC94B.e.1496/click - {}
RESULT: {}
RESULT: {}
COMMAND: POST /session/cd4e213f90090bc7497a341d701e98a6/execute/async - {"script":"<script> [1562 bytes]","args":[{"selector":{"id":"application-managepartners-display-component---NewPartner--partnerDetailsCurrency-arrow"},"wdio_ui5_key":"applicationmanagepartners-display-component---NewPartner--partnerDetailsCurrency-arrow"}]}
COMMAND: GET /session/cd4e213f90090bc7497a341d701e98a6/screenshot - {}
RESULT: {"script":"<script> [1562 bytes]","args":[{"selector":{"id":"application-managepartners-display-component---NewPartner--partnerDetailsCurrency-arrow"},"wdio_ui5_key":"applicationmanagepartners-display-component---NewPartner--partnerDetailsCurrency-arrow"}]}
RESULT: undefined
COMMAND: POST /session/cd4e213f90090bc7497a341d701e98a6/element - {"using":"xpath","value":"//*[@id=\"application-managepartners-display-component---NewPartner--partnerDetailsCurrency-arrow\"]"}
RESULT: {}
RESULT: {"using":"xpath","value":"//*[@id=\"application-managepartners-display-component---NewPartner--partnerDetailsCurrency-arrow\"]"}
COMMAND: POST /session/cd4e213f90090bc7497a341d701e98a6/element/f.3EFE59E47BCAC700A535F57DF4769BD4.d.ACD7BEF23CE1D7BDF8125383F68FC94B.e.1501/click - {}
RESULT: {}
COMMAND: POST /session/cd4e213f90090bc7497a341d701e98a6/element - {"using":"xpath","value":"//span[contains(text(), \"US Dollar\")]"}
COMMAND: GET /session/cd4e213f90090bc7497a341d701e98a6/screenshot - {}
RESULT: {"using":"xpath","value":"//span[contains(text(), \"US Dollar\")]"}
COMMAND: POST /session/cd4e213f90090bc7497a341d701e98a6/element/f.3EFE59E47BCAC700A535F57DF4769BD4.d.ACD7BEF23CE1D7BDF8125383F68FC94B.e.1502/click - {}
RESULT: {}
RESULT: {}
COMMAND: GET /session/cd4e213f90090bc7497a341d701e98a6/screenshot - {}
RESULT: {}
COMMAND: POST /session/cd4e213f90090bc7497a341d701e98a6/element - {"using":"xpath","value":"//input[@id=\"application-managepartners-display-component---NewPartner--companyCodeComboBox-inner\"]"}
RESULT: {"using":"xpath","value":"//input[@id=\"application-managepartners-display-component---NewPartner--companyCodeComboBox-inner\"]"}
COMMAND: POST /session/cd4e213f90090bc7497a341d701e98a6/element/f.3EFE59E47BCAC700A535F57DF4769BD4.d.ACD7BEF23CE1D7BDF8125383F68FC94B.e.1304/clear - {}
RESULT: {}
COMMAND: POST /session/cd4e213f90090bc7497a341d701e98a6/element/f.3EFE59E47BCAC700A535F57DF4769BD4.d.ACD7BEF23CE1D7BDF8125383F68FC94B.e.1304/value - {"text":"C002"}
COMMAND: GET /session/cd4e213f90090bc7497a341d701e98a6/screenshot - {}
RESULT: {"text":"C002"}
COMMAND: GET /session/cd4e213f90090bc7497a341d701e98a6/screenshot - {}
RESULT: {}
RESULT: {}
COMMAND: POST /session/cd4e213f90090bc7497a341d701e98a6/element - {"using":"xpath","value":"//li[.//span[text()= \"C002\"]]"}
RESULT: {"using":"xpath","value":"//li[.//span[text()= \"C002\"]]"}
COMMAND: POST /session/cd4e213f90090bc7497a341d701e98a6/element/f.3EFE59E47BCAC700A535F57DF4769BD4.d.ACD7BEF23CE1D7BDF8125383F68FC94B.e.1506/click - {}
RESULT: {}
COMMAND: GET /session/cd4e213f90090bc7497a341d701e98a6/screenshot - {}
RESULT: {}
COMMAND: POST /session/cd4e213f90090bc7497a341d701e98a6/execute/async - {"script":"<script> [1562 bytes]","args":[{"selector":{"id":"application-managepartners-display-component---NewPartner--btnAddTableRow-img"},"wdio_ui5_key":"applicationmanagepartners-display-component---NewPartner--btnAddTableRow-img"}]}
RESULT: {"script":"<script> [1562 bytes]","args":[{"selector":{"id":"application-managepartners-display-component---NewPartner--btnAddTableRow-img"},"wdio_ui5_key":"applicationmanagepartners-display-component---NewPartner--btnAddTableRow-img"}]}
RESULT: undefined
COMMAND: POST /session/cd4e213f90090bc7497a341d701e98a6/element - {"using":"xpath","value":"//*[@id=\"application-managepartners-display-component---NewPartner--btnAddTableRow-img\"]"}
RESULT: {"using":"xpath","value":"//*[@id=\"application-managepartners-display-component---NewPartner--btnAddTableRow-img\"]"}
COMMAND: POST /session/cd4e213f90090bc7497a341d701e98a6/element/f.3EFE59E47BCAC700A535F57DF4769BD4.d.ACD7BEF23CE1D7BDF8125383F68FC94B.e.1507/click - {}
RESULT: {}
COMMAND: GET /session/cd4e213f90090bc7497a341d701e98a6/screenshot - {}
RESULT: {}
COMMAND: POST /session/cd4e213f90090bc7497a341d701e98a6/element - {"using":"xpath","value":"//input[@id=\"application-managepartners-display-component---NewPartner--assignmentYard-application-managepartners-display-component---NewPartner--assignmentsTable-0-inner\"]"}
RESULT: {"using":"xpath","value":"//input[@id=\"application-managepartners-display-component---NewPartner--assignmentYard-application-managepartners-display-component---NewPartner--assignmentsTable-0-inner\"]"}
COMMAND: POST /session/cd4e213f90090bc7497a341d701e98a6/element/f.3EFE59E47BCAC700A535F57DF4769BD4.d.ACD7BEF23CE1D7BDF8125383F68FC94B.e.1510/clear - {}
RESULT: {}
COMMAND: POST /session/cd4e213f90090bc7497a341d701e98a6/element/f.3EFE59E47BCAC700A535F57DF4769BD4.d.ACD7BEF23CE1D7BDF8125383F68FC94B.e.1510/value - {"text":"672"}
COMMAND: GET /session/cd4e213f90090bc7497a341d701e98a6/screenshot - {}
RESULT: {"text":"672"}
COMMAND: GET /session/cd4e213f90090bc7497a341d701e98a6/screenshot - {}
RESULT: {}
RESULT: {}
COMMAND: POST /session/cd4e213f90090bc7497a341d701e98a6/element - {"using":"xpath","value":"//li[.//span[text()='672']]"}
RESULT: {"using":"xpath","value":"//li[.//span[text()='672']]"}
COMMAND: POST /session/cd4e213f90090bc7497a341d701e98a6/element/f.3EFE59E47BCAC700A535F57DF4769BD4.d.ACD7BEF23CE1D7BDF8125383F68FC94B.e.1519/click - {}
RESULT: {}
COMMAND: GET /session/cd4e213f90090bc7497a341d701e98a6/screenshot - {}
RESULT: {}
COMMAND: POST /session/cd4e213f90090bc7497a341d701e98a6/actions - {"actions":[{"id":"action2","type":"key","parameters":{},"actions":[{"type":"keyDown","value":""},{"type":"pause","duration":10},{"type":"keyUp","value":""}]}]}
RESULT: {"actions":[{"id":"action2","type":"key","parameters":{},"actions":[{"type":"keyDown","value":""},{"type":"pause","duration":10},{"type":"keyUp","value":""}]}]}
COMMAND: POST /session/cd4e213f90090bc7497a341d701e98a6/element - {"using":"xpath","value":"//td[contains(@id, \"assignmentsTable-0-cell2\")]/div/div"}
COMMAND: GET /session/cd4e213f90090bc7497a341d701e98a6/screenshot - {}
RESULT: {"using":"xpath","value":"//td[contains(@id, \"assignmentsTable-0-cell2\")]/div/div"}
COMMAND: POST /session/cd4e213f90090bc7497a341d701e98a6/element/f.3EFE59E47BCAC700A535F57DF4769BD4.d.ACD7BEF23CE1D7BDF8125383F68FC94B.e.1522/click - {}
RESULT: {}
RESULT: {}
COMMAND: GET /session/cd4e213f90090bc7497a341d701e98a6/screenshot - {}
RESULT: {}
COMMAND: POST /session/cd4e213f90090bc7497a341d701e98a6/element - {"using":"xpath","value":"//button[@data-kt=\"saveButton\"]"}
RESULT: {"using":"xpath","value":"//button[@data-kt=\"saveButton\"]"}
COMMAND: POST /session/cd4e213f90090bc7497a341d701e98a6/element/f.3EFE59E47BCAC700A535F57DF4769BD4.d.ACD7BEF23CE1D7BDF8125383F68FC94B.e.1384/click - {}
RESULT: {}
COMMAND: GET /session/cd4e213f90090bc7497a341d701e98a6/screenshot - {}
RESULT: {}
COMMAND: POST /session/cd4e213f90090bc7497a341d701e98a6/element - {"using":"xpath","value":"//header[contains(@id, 'ObjectPageLayout-headerTitle')]/div[1]/div[2]/div[2]/span[1]"}
RESULT: {"using":"xpath","value":"//header[contains(@id, 'ObjectPageLayout-headerTitle')]/div[1]/div[2]/div[2]/span[1]"}
COMMAND: POST /session/cd4e213f90090bc7497a341d701e98a6/elements - {"using":"xpath","value":"//header[contains(@id, 'ObjectPageLayout-headerTitle')]/div[1]/div[2]/div[2]/span[1]"}
RESULT: {"using":"xpath","value":"//header[contains(@id, 'ObjectPageLayout-headerTitle')]/div[1]/div[2]/div[2]/span[1]"}
COMMAND: POST /session/cd4e213f90090bc7497a341d701e98a6/execute/sync - {"script":"<script> [56 bytes]","args":[{"element-6066-11e4-a52e-4f735466cecf":"f.3EFE59E47BCAC700A535F57DF4769BD4.d.ACD7BEF23CE1D7BDF8125383F68FC94B.e.1684","ELEMENT":"f.3EFE59E47BCAC700A535F57DF4769BD4.d.ACD7BEF23CE1D7BDF8125383F68FC94B.e.1684"}]}
RESULT: {"script":"<script> [56 bytes]","args":[{"element-6066-11e4-a52e-4f735466cecf":"f.3EFE59E47BCAC700A535F57DF4769BD4.d.ACD7BEF23CE1D7BDF8125383F68FC94B.e.1684","ELEMENT":"f.3EFE59E47BCAC700A535F57DF4769BD4.d.ACD7BEF23CE1D7BDF8125383F68FC94B.e.1684"}]}
COMMAND: POST /session/cd4e213f90090bc7497a341d701e98a6/element - {"using":"css selector","value":"#shell-header-logo"}
COMMAND: GET /session/cd4e213f90090bc7497a341d701e98a6/screenshot - {}
RESULT: {"using":"css selector","value":"#shell-header-logo"}
COMMAND: POST /session/cd4e213f90090bc7497a341d701e98a6/element/f.3EFE59E47BCAC700A535F57DF4769BD4.d.ACD7BEF23CE1D7BDF8125383F68FC94B.e.994/click - {}
RESULT: {}
RESULT: {}
COMMAND: GET /session/cd4e213f90090bc7497a341d701e98a6/screenshot - {}
RESULT: {}
COMMAND: POST /session/cd4e213f90090bc7497a341d701e98a6/execute/sync - {"script":"<script> [299 bytes]","args":[["getModel","getResource"]]}
RESULT: {"script":"<script> [299 bytes]","args":[["getModel","getResource"]]}
]]></system-out>
    </testcase>
    <testcase classname="chrome.136_0_7103_93.windows.Stock_increase_-_with_WHM_US125587" name="Should create a new WHM site" time="100.825">
      <system-out><![CDATA[
COMMAND: POST /session/cd4e213f90090bc7497a341d701e98a6/execute/async - {"script":"<script> [1562 bytes]","args":[{"selector":{"controlType":"sap.m.GenericTile","properties":{"header":"Manage Sites"}},"wdio_ui5_key":"sapm.GenericTile{\"header\":\"Manage Sites\"}"}]}
COMMAND: GET /session/cd4e213f90090bc7497a341d701e98a6/screenshot - {}
RESULT: {"script":"<script> [1562 bytes]","args":[{"selector":{"controlType":"sap.m.GenericTile","properties":{"header":"Manage Sites"}},"wdio_ui5_key":"sapm.GenericTile{\"header\":\"Manage Sites\"}"}]}
RESULT: undefined
COMMAND: POST /session/cd4e213f90090bc7497a341d701e98a6/element - {"using":"xpath","value":"//*[@id=\"__tile40\"]"}
RESULT: {}
RESULT: {"using":"xpath","value":"//*[@id=\"__tile40\"]"}
COMMAND: POST /session/cd4e213f90090bc7497a341d701e98a6/element/f.3EFE59E47BCAC700A535F57DF4769BD4.d.ACD7BEF23CE1D7BDF8125383F68FC94B.e.132/click - {}
RESULT: {}
COMMAND: GET /session/cd4e213f90090bc7497a341d701e98a6/screenshot - {}
RESULT: {}
COMMAND: POST /session/cd4e213f90090bc7497a341d701e98a6/elements - {"using":"xpath","value":"//span[text()='Error']"}
RESULT: {"using":"xpath","value":"//span[text()='Error']"}
COMMAND: POST /session/cd4e213f90090bc7497a341d701e98a6/element - {"using":"xpath","value":"//button[@data-kt=\"addOverflowToolbarButton\"]"}
RESULT: {"using":"xpath","value":"//button[@data-kt=\"addOverflowToolbarButton\"]"}
COMMAND: POST /session/cd4e213f90090bc7497a341d701e98a6/elements - {"using":"xpath","value":"//button[@data-kt=\"addOverflowToolbarButton\"]"}
RESULT: {"using":"xpath","value":"//button[@data-kt=\"addOverflowToolbarButton\"]"}
COMMAND: POST /session/cd4e213f90090bc7497a341d701e98a6/execute/sync - {"script":"<script> [8489 bytes]","args":[{"element-6066-11e4-a52e-4f735466cecf":"f.3EFE59E47BCAC700A535F57DF4769BD4.d.ACD7BEF23CE1D7BDF8125383F68FC94B.e.1731","ELEMENT":"f.3EFE59E47BCAC700A535F57DF4769BD4.d.ACD7BEF23CE1D7BDF8125383F68FC94B.e.1731"}]}
RESULT: {"script":"<script> [8489 bytes]","args":[{"element-6066-11e4-a52e-4f735466cecf":"f.3EFE59E47BCAC700A535F57DF4769BD4.d.ACD7BEF23CE1D7BDF8125383F68FC94B.e.1731","ELEMENT":"f.3EFE59E47BCAC700A535F57DF4769BD4.d.ACD7BEF23CE1D7BDF8125383F68FC94B.e.1731"}]}
COMMAND: GET /session/cd4e213f90090bc7497a341d701e98a6/element/f.3EFE59E47BCAC700A535F57DF4769BD4.d.ACD7BEF23CE1D7BDF8125383F68FC94B.e.1731/enabled - {}
COMMAND: GET /session/cd4e213f90090bc7497a341d701e98a6/screenshot - {}
RESULT: {}
COMMAND: POST /session/cd4e213f90090bc7497a341d701e98a6/execute/sync - {"script":"<script> [8489 bytes]","args":[{"element-6066-11e4-a52e-4f735466cecf":"f.3EFE59E47BCAC700A535F57DF4769BD4.d.ACD7BEF23CE1D7BDF8125383F68FC94B.e.1731","ELEMENT":"f.3EFE59E47BCAC700A535F57DF4769BD4.d.ACD7BEF23CE1D7BDF8125383F68FC94B.e.1731"}]}
COMMAND: GET /session/cd4e213f90090bc7497a341d701e98a6/screenshot - {}
RESULT: {}
RESULT: {"script":"<script> [8489 bytes]","args":[{"element-6066-11e4-a52e-4f735466cecf":"f.3EFE59E47BCAC700A535F57DF4769BD4.d.ACD7BEF23CE1D7BDF8125383F68FC94B.e.1731","ELEMENT":"f.3EFE59E47BCAC700A535F57DF4769BD4.d.ACD7BEF23CE1D7BDF8125383F68FC94B.e.1731"}]}
COMMAND: POST /session/cd4e213f90090bc7497a341d701e98a6/execute/sync - {"script":"<script> [5351 bytes]","args":[{"element-6066-11e4-a52e-4f735466cecf":"f.3EFE59E47BCAC700A535F57DF4769BD4.d.ACD7BEF23CE1D7BDF8125383F68FC94B.e.1731","ELEMENT":"f.3EFE59E47BCAC700A535F57DF4769BD4.d.ACD7BEF23CE1D7BDF8125383F68FC94B.e.1731"}]}
COMMAND: GET /session/cd4e213f90090bc7497a341d701e98a6/screenshot - {}
RESULT: {}
RESULT: {"script":"<script> [5351 bytes]","args":[{"element-6066-11e4-a52e-4f735466cecf":"f.3EFE59E47BCAC700A535F57DF4769BD4.d.ACD7BEF23CE1D7BDF8125383F68FC94B.e.1731","ELEMENT":"f.3EFE59E47BCAC700A535F57DF4769BD4.d.ACD7BEF23CE1D7BDF8125383F68FC94B.e.1731"}]}
COMMAND: POST /session/cd4e213f90090bc7497a341d701e98a6/element/f.3EFE59E47BCAC700A535F57DF4769BD4.d.ACD7BEF23CE1D7BDF8125383F68FC94B.e.1731/click - {}
COMMAND: GET /session/cd4e213f90090bc7497a341d701e98a6/screenshot - {}
RESULT: {}
RESULT: {}
COMMAND: GET /session/cd4e213f90090bc7497a341d701e98a6/screenshot - {}
COMMAND: POST /session/cd4e213f90090bc7497a341d701e98a6/element - {"using":"xpath","value":"//input[@id=\"application-managesites-display-component---NewSite--siteId-inner\"]"}
RESULT: {}
RESULT: {}
RESULT: {"using":"xpath","value":"//input[@id=\"application-managesites-display-component---NewSite--siteId-inner\"]"}
COMMAND: POST /session/cd4e213f90090bc7497a341d701e98a6/element - {"using":"xpath","value":"//input[@id=\"application-managesites-display-component---NewSite--siteId-inner\"]"}
RESULT: {"using":"xpath","value":"//input[@id=\"application-managesites-display-component---NewSite--siteId-inner\"]"}
COMMAND: POST /session/cd4e213f90090bc7497a341d701e98a6/execute/async - {"script":"<script> [1562 bytes]","args":[{"selector":{"id":"application-managesites-display-component---NewSite--addressDetailDetailsName1","interaction":{"idSuffix":"inner"}},"wdio_ui5_key":"applicationmanagesites-display-component---NewSite--addressDetailDetailsName1"}]}
RESULT: {"script":"<script> [1562 bytes]","args":[{"selector":{"id":"application-managesites-display-component---NewSite--addressDetailDetailsName1","interaction":{"idSuffix":"inner"}},"wdio_ui5_key":"applicationmanagesites-display-component---NewSite--addressDetailDetailsName1"}]}
RESULT: undefined
COMMAND: POST /session/cd4e213f90090bc7497a341d701e98a6/execute/async - {"script":"<script> [776 bytes]","args":[{"enterText":"Warehouse Managed Site WDIO","selector":{"id":"application-managesites-display-component---NewSite--addressDetailDetailsName1","interaction":{"idSuffix":"inner"}},"clearTextFirst":true,"interactionType":"ENTER_TEXT"}]}
RESULT: {"script":"<script> [776 bytes]","args":[{"enterText":"Warehouse Managed Site WDIO","selector":{"id":"application-managesites-display-component---NewSite--addressDetailDetailsName1","interaction":{"idSuffix":"inner"}},"clearTextFirst":true,"interactionType":"ENTER_TEXT"}]}
COMMAND: POST /session/cd4e213f90090bc7497a341d701e98a6/execute/async - {"script":"<script> [1562 bytes]","args":[{"selector":{"id":"application-managesites-display-component---NewSite--addressDetailDetailsLanguage-arrow"},"wdio_ui5_key":"applicationmanagesites-display-component---NewSite--addressDetailDetailsLanguage-arrow"}]}
RESULT: {"script":"<script> [1562 bytes]","args":[{"selector":{"id":"application-managesites-display-component---NewSite--addressDetailDetailsLanguage-arrow"},"wdio_ui5_key":"applicationmanagesites-display-component---NewSite--addressDetailDetailsLanguage-arrow"}]}
RESULT: undefined
COMMAND: POST /session/cd4e213f90090bc7497a341d701e98a6/element - {"using":"xpath","value":"//*[@id=\"application-managesites-display-component---NewSite--addressDetailDetailsLanguage-arrow\"]"}
RESULT: {"using":"xpath","value":"//*[@id=\"application-managesites-display-component---NewSite--addressDetailDetailsLanguage-arrow\"]"}
COMMAND: POST /session/cd4e213f90090bc7497a341d701e98a6/element/f.3EFE59E47BCAC700A535F57DF4769BD4.d.ACD7BEF23CE1D7BDF8125383F68FC94B.e.2138/click - {}
RESULT: {}
COMMAND: POST /session/cd4e213f90090bc7497a341d701e98a6/element - {"using":"xpath","value":"//span[contains(text(), \"English\")]"}
COMMAND: GET /session/cd4e213f90090bc7497a341d701e98a6/screenshot - {}
RESULT: {"using":"xpath","value":"//span[contains(text(), \"English\")]"}
COMMAND: POST /session/cd4e213f90090bc7497a341d701e98a6/element/f.3EFE59E47BCAC700A535F57DF4769BD4.d.ACD7BEF23CE1D7BDF8125383F68FC94B.e.2139/click - {}
RESULT: {}
RESULT: {}
COMMAND: POST /session/cd4e213f90090bc7497a341d701e98a6/execute/async - {"script":"<script> [1562 bytes]","args":[{"selector":{"id":"application-managesites-display-component---NewSite--addressDetailDetailsCity1","interaction":{"idSuffix":"inner"}},"wdio_ui5_key":"applicationmanagesites-display-component---NewSite--addressDetailDetailsCity1"}]}
COMMAND: GET /session/cd4e213f90090bc7497a341d701e98a6/screenshot - {}
RESULT: {"script":"<script> [1562 bytes]","args":[{"selector":{"id":"application-managesites-display-component---NewSite--addressDetailDetailsCity1","interaction":{"idSuffix":"inner"}},"wdio_ui5_key":"applicationmanagesites-display-component---NewSite--addressDetailDetailsCity1"}]}
RESULT: undefined
COMMAND: POST /session/cd4e213f90090bc7497a341d701e98a6/execute/async - {"script":"<script> [776 bytes]","args":[{"enterText":"Rosario","selector":{"id":"application-managesites-display-component---NewSite--addressDetailDetailsCity1","interaction":{"idSuffix":"inner"}},"clearTextFirst":true,"interactionType":"ENTER_TEXT"}]}
RESULT: {}
RESULT: {"script":"<script> [776 bytes]","args":[{"enterText":"Rosario","selector":{"id":"application-managesites-display-component---NewSite--addressDetailDetailsCity1","interaction":{"idSuffix":"inner"}},"clearTextFirst":true,"interactionType":"ENTER_TEXT"}]}
COMMAND: POST /session/cd4e213f90090bc7497a341d701e98a6/execute/async - {"script":"<script> [1562 bytes]","args":[{"selector":{"id":"application-managesites-display-component---NewSite--addressDetailDetailsCountry-arrow"},"wdio_ui5_key":"applicationmanagesites-display-component---NewSite--addressDetailDetailsCountry-arrow"}]}
RESULT: {"script":"<script> [1562 bytes]","args":[{"selector":{"id":"application-managesites-display-component---NewSite--addressDetailDetailsCountry-arrow"},"wdio_ui5_key":"applicationmanagesites-display-component---NewSite--addressDetailDetailsCountry-arrow"}]}
RESULT: undefined
COMMAND: POST /session/cd4e213f90090bc7497a341d701e98a6/element - {"using":"xpath","value":"//*[@id=\"application-managesites-display-component---NewSite--addressDetailDetailsCountry-arrow\"]"}
RESULT: {"using":"xpath","value":"//*[@id=\"application-managesites-display-component---NewSite--addressDetailDetailsCountry-arrow\"]"}
COMMAND: POST /session/cd4e213f90090bc7497a341d701e98a6/element/f.3EFE59E47BCAC700A535F57DF4769BD4.d.ACD7BEF23CE1D7BDF8125383F68FC94B.e.2141/click - {}
RESULT: {}
COMMAND: POST /session/cd4e213f90090bc7497a341d701e98a6/element - {"using":"xpath","value":"//span[contains(text(), \"Argentina\")]"}
COMMAND: GET /session/cd4e213f90090bc7497a341d701e98a6/screenshot - {}
RESULT: {"using":"xpath","value":"//span[contains(text(), \"Argentina\")]"}
COMMAND: POST /session/cd4e213f90090bc7497a341d701e98a6/element/f.3EFE59E47BCAC700A535F57DF4769BD4.d.ACD7BEF23CE1D7BDF8125383F68FC94B.e.2142/click - {}
RESULT: {}
RESULT: {}
COMMAND: GET /session/cd4e213f90090bc7497a341d701e98a6/screenshot - {}
RESULT: {}
COMMAND: POST /session/cd4e213f90090bc7497a341d701e98a6/execute/async - {"script":"<script> [1562 bytes]","args":[{"selector":{"id":"application-managesites-display-component---NewSite--addressEditDetailsCostObjectCstType-arrow"},"wdio_ui5_key":"applicationmanagesites-display-component---NewSite--addressEditDetailsCostObjectCstType-arrow"}]}
RESULT: {"script":"<script> [1562 bytes]","args":[{"selector":{"id":"application-managesites-display-component---NewSite--addressEditDetailsCostObjectCstType-arrow"},"wdio_ui5_key":"applicationmanagesites-display-component---NewSite--addressEditDetailsCostObjectCstType-arrow"}]}
RESULT: undefined
COMMAND: POST /session/cd4e213f90090bc7497a341d701e98a6/element - {"using":"xpath","value":"//*[@id=\"application-managesites-display-component---NewSite--addressEditDetailsCostObjectCstType-arrow\"]"}
RESULT: {"using":"xpath","value":"//*[@id=\"application-managesites-display-component---NewSite--addressEditDetailsCostObjectCstType-arrow\"]"}
COMMAND: POST /session/cd4e213f90090bc7497a341d701e98a6/element/f.3EFE59E47BCAC700A535F57DF4769BD4.d.ACD7BEF23CE1D7BDF8125383F68FC94B.e.2144/click - {}
RESULT: {}
COMMAND: POST /session/cd4e213f90090bc7497a341d701e98a6/element - {"using":"xpath","value":"//span[contains(text(), \"Cost Center\")]"}
COMMAND: GET /session/cd4e213f90090bc7497a341d701e98a6/screenshot - {}
RESULT: {"using":"xpath","value":"//span[contains(text(), \"Cost Center\")]"}
COMMAND: POST /session/cd4e213f90090bc7497a341d701e98a6/element/f.3EFE59E47BCAC700A535F57DF4769BD4.d.ACD7BEF23CE1D7BDF8125383F68FC94B.e.2145/click - {}
RESULT: {}
RESULT: {}
COMMAND: GET /session/cd4e213f90090bc7497a341d701e98a6/screenshot - {}
RESULT: {}
COMMAND: POST /session/cd4e213f90090bc7497a341d701e98a6/element - {"using":"xpath","value":"//span[@id=\"application-managesites-display-component---NewSite--addressNewCostObjectCstID-vhi\"]"}
RESULT: {"using":"xpath","value":"//span[@id=\"application-managesites-display-component---NewSite--addressNewCostObjectCstID-vhi\"]"}
COMMAND: POST /session/cd4e213f90090bc7497a341d701e98a6/execute/sync - {"script":"<script> [8489 bytes]","args":[{"element-6066-11e4-a52e-4f735466cecf":"f.3EFE59E47BCAC700A535F57DF4769BD4.d.ACD7BEF23CE1D7BDF8125383F68FC94B.e.2150","ELEMENT":"f.3EFE59E47BCAC700A535F57DF4769BD4.d.ACD7BEF23CE1D7BDF8125383F68FC94B.e.2150"}]}
RESULT: {"script":"<script> [8489 bytes]","args":[{"element-6066-11e4-a52e-4f735466cecf":"f.3EFE59E47BCAC700A535F57DF4769BD4.d.ACD7BEF23CE1D7BDF8125383F68FC94B.e.2150","ELEMENT":"f.3EFE59E47BCAC700A535F57DF4769BD4.d.ACD7BEF23CE1D7BDF8125383F68FC94B.e.2150"}]}
COMMAND: POST /session/cd4e213f90090bc7497a341d701e98a6/execute/async - {"script":"<script> [1562 bytes]","args":[{"selector":{"id":"application-managesites-display-component---NewSite--addressNewCostObjectCstID-vhi"},"wdio_ui5_key":"applicationmanagesites-display-component---NewSite--addressNewCostObjectCstID-vhi"}]}
COMMAND: GET /session/cd4e213f90090bc7497a341d701e98a6/screenshot - {}
RESULT: {"script":"<script> [1562 bytes]","args":[{"selector":{"id":"application-managesites-display-component---NewSite--addressNewCostObjectCstID-vhi"},"wdio_ui5_key":"applicationmanagesites-display-component---NewSite--addressNewCostObjectCstID-vhi"}]}
RESULT: undefined
COMMAND: POST /session/cd4e213f90090bc7497a341d701e98a6/element - {"using":"xpath","value":"//*[@id=\"application-managesites-display-component---NewSite--addressNewCostObjectCstID-vhi\"]"}
RESULT: {}
RESULT: {"using":"xpath","value":"//*[@id=\"application-managesites-display-component---NewSite--addressNewCostObjectCstID-vhi\"]"}
COMMAND: POST /session/cd4e213f90090bc7497a341d701e98a6/element/f.3EFE59E47BCAC700A535F57DF4769BD4.d.ACD7BEF23CE1D7BDF8125383F68FC94B.e.2150/click - {}
RESULT: {}
COMMAND: GET /session/cd4e213f90090bc7497a341d701e98a6/screenshot - {}
RESULT: {}
RESULT: undefined
COMMAND: POST /session/cd4e213f90090bc7497a341d701e98a6/execute/async - {"script":"<script> [776 bytes]","args":[{"enterText":"10001013","selector":{"controlType":"sap.m.SearchField","properties":{"placeholder":"Search"},"searchOpenDialogs":true,"interaction":{"idSuffix":"I"}},"clearTextFirst":true,"interactionType":"ENTER_TEXT"}]}
RESULT: {"script":"<script> [776 bytes]","args":[{"enterText":"10001013","selector":{"controlType":"sap.m.SearchField","properties":{"placeholder":"Search"},"searchOpenDialogs":true,"interaction":{"idSuffix":"I"}},"clearTextFirst":true,"interactionType":"ENTER_TEXT"}]}
COMMAND: POST /session/cd4e213f90090bc7497a341d701e98a6/actions - {"actions":[{"id":"action3","type":"key","parameters":{},"actions":[{"type":"keyDown","value":""},{"type":"pause","duration":10},{"type":"keyUp","value":""}]}]}
RESULT: {"actions":[{"id":"action3","type":"key","parameters":{},"actions":[{"type":"keyDown","value":""},{"type":"pause","duration":10},{"type":"keyUp","value":""}]}]}
COMMAND: GET /session/cd4e213f90090bc7497a341d701e98a6/screenshot - {}
RESULT: {}
COMMAND: POST /session/cd4e213f90090bc7497a341d701e98a6/element - {"using":"xpath","value":"//span[contains(text(), \"General Management\")]"}
RESULT: {"using":"xpath","value":"//span[contains(text(), \"General Management\")]"}
COMMAND: POST /session/cd4e213f90090bc7497a341d701e98a6/element/f.3EFE59E47BCAC700A535F57DF4769BD4.d.ACD7BEF23CE1D7BDF8125383F68FC94B.e.2190/click - {}
RESULT: {}
COMMAND: GET /session/cd4e213f90090bc7497a341d701e98a6/screenshot - {}
RESULT: {}
COMMAND: POST /session/cd4e213f90090bc7497a341d701e98a6/element - {"using":"xpath","value":"//bdi[contains(text(), \"OK\")]"}
RESULT: {"using":"xpath","value":"//bdi[contains(text(), \"OK\")]"}
COMMAND: POST /session/cd4e213f90090bc7497a341d701e98a6/element/f.3EFE59E47BCAC700A535F57DF4769BD4.d.ACD7BEF23CE1D7BDF8125383F68FC94B.e.2191/click - {}
RESULT: {}
COMMAND: GET /session/cd4e213f90090bc7497a341d701e98a6/screenshot - {}
RESULT: {}
COMMAND: POST /session/cd4e213f90090bc7497a341d701e98a6/element - {"using":"xpath","value":"//input[@id=\"application-managesites-display-component---NewSite--addressDetailDetailsCalendar-inner\"]"}
RESULT: {"using":"xpath","value":"//input[@id=\"application-managesites-display-component---NewSite--addressDetailDetailsCalendar-inner\"]"}
COMMAND: POST /session/cd4e213f90090bc7497a341d701e98a6/element/f.3EFE59E47BCAC700A535F57DF4769BD4.d.ACD7BEF23CE1D7BDF8125383F68FC94B.e.1939/clear - {}
RESULT: {}
COMMAND: POST /session/cd4e213f90090bc7497a341d701e98a6/element/f.3EFE59E47BCAC700A535F57DF4769BD4.d.ACD7BEF23CE1D7BDF8125383F68FC94B.e.1939/value - {"text":"Unit"}
COMMAND: GET /session/cd4e213f90090bc7497a341d701e98a6/screenshot - {}
RESULT: {"text":"Unit"}
COMMAND: GET /session/cd4e213f90090bc7497a341d701e98a6/screenshot - {}
RESULT: {}
RESULT: {}
COMMAND: POST /session/cd4e213f90090bc7497a341d701e98a6/actions - {"actions":[{"id":"action4","type":"key","parameters":{},"actions":[{"type":"keyDown","value":""},{"type":"pause","duration":10},{"type":"keyUp","value":""}]}]}
RESULT: {"actions":[{"id":"action4","type":"key","parameters":{},"actions":[{"type":"keyDown","value":""},{"type":"pause","duration":10},{"type":"keyUp","value":""}]}]}
COMMAND: POST /session/cd4e213f90090bc7497a341d701e98a6/element - {"using":"xpath","value":"//input[@id=\"application-managesites-display-component---NewSite--addressDetailDetailsYard-inner\"]"}
COMMAND: GET /session/cd4e213f90090bc7497a341d701e98a6/screenshot - {}
RESULT: {"using":"xpath","value":"//input[@id=\"application-managesites-display-component---NewSite--addressDetailDetailsYard-inner\"]"}
COMMAND: POST /session/cd4e213f90090bc7497a341d701e98a6/element/f.3EFE59E47BCAC700A535F57DF4769BD4.d.ACD7BEF23CE1D7BDF8125383F68FC94B.e.1940/clear - {}
RESULT: {}
RESULT: {}
COMMAND: POST /session/cd4e213f90090bc7497a341d701e98a6/element/f.3EFE59E47BCAC700A535F57DF4769BD4.d.ACD7BEF23CE1D7BDF8125383F68FC94B.e.1940/value - {"text":"672"}
COMMAND: GET /session/cd4e213f90090bc7497a341d701e98a6/screenshot - {}
RESULT: {"text":"672"}
COMMAND: GET /session/cd4e213f90090bc7497a341d701e98a6/screenshot - {}
RESULT: {}
RESULT: {}
COMMAND: POST /session/cd4e213f90090bc7497a341d701e98a6/element - {"using":"xpath","value":"//li[.//span[text()='672']]"}
RESULT: {"using":"xpath","value":"//li[.//span[text()='672']]"}
COMMAND: POST /session/cd4e213f90090bc7497a341d701e98a6/element/f.3EFE59E47BCAC700A535F57DF4769BD4.d.ACD7BEF23CE1D7BDF8125383F68FC94B.e.2199/click - {}
RESULT: {}
COMMAND: GET /session/cd4e213f90090bc7497a341d701e98a6/screenshot - {}
RESULT: {}
COMMAND: POST /session/cd4e213f90090bc7497a341d701e98a6/element - {"using":"xpath","value":"//input[@id=\"application-managesites-display-component---NewSite--addressDetailDetailsPartner-inner\"]"}
RESULT: {"using":"xpath","value":"//input[@id=\"application-managesites-display-component---NewSite--addressDetailDetailsPartner-inner\"]"}
COMMAND: POST /session/cd4e213f90090bc7497a341d701e98a6/element - {"using":"xpath","value":"//input[@id=\"application-managesites-display-component---NewSite--addressDetailDetailsPartner-inner\"]"}
RESULT: {"using":"xpath","value":"//input[@id=\"application-managesites-display-component---NewSite--addressDetailDetailsPartner-inner\"]"}
COMMAND: POST /session/cd4e213f90090bc7497a341d701e98a6/execute/async - {"script":"<script> [1562 bytes]","args":[{"selector":{"id":"application-managesites-display-component---NewSite--siteWhmCheckBox-label","interaction":{"idSuffix":"bdi"}},"wdio_ui5_key":"applicationmanagesites-display-component---NewSite--siteWhmCheckBox-label"}]}
RESULT: {"script":"<script> [1562 bytes]","args":[{"selector":{"id":"application-managesites-display-component---NewSite--siteWhmCheckBox-label","interaction":{"idSuffix":"bdi"}},"wdio_ui5_key":"applicationmanagesites-display-component---NewSite--siteWhmCheckBox-label"}]}
RESULT: undefined
COMMAND: POST /session/cd4e213f90090bc7497a341d701e98a6/element - {"using":"xpath","value":"//*[@id=\"application-managesites-display-component---NewSite--siteWhmCheckBox-label\"]"}
RESULT: {"using":"xpath","value":"//*[@id=\"application-managesites-display-component---NewSite--siteWhmCheckBox-label\"]"}
COMMAND: POST /session/cd4e213f90090bc7497a341d701e98a6/element/f.3EFE59E47BCAC700A535F57DF4769BD4.d.ACD7BEF23CE1D7BDF8125383F68FC94B.e.2201/click - {}
RESULT: {}
COMMAND: GET /session/cd4e213f90090bc7497a341d701e98a6/screenshot - {}
RESULT: {}
COMMAND: POST /session/cd4e213f90090bc7497a341d701e98a6/element - {"using":"xpath","value":"//button[@data-kt=\"saveButton\"]"}
RESULT: {"using":"xpath","value":"//button[@data-kt=\"saveButton\"]"}
COMMAND: POST /session/cd4e213f90090bc7497a341d701e98a6/element/f.3EFE59E47BCAC700A535F57DF4769BD4.d.ACD7BEF23CE1D7BDF8125383F68FC94B.e.2093/click - {}
RESULT: {}
COMMAND: GET /session/cd4e213f90090bc7497a341d701e98a6/screenshot - {}
RESULT: {}
COMMAND: POST /session/cd4e213f90090bc7497a341d701e98a6/element - {"using":"xpath","value":"//header[contains(@id, 'ObjectPageLayout-headerTitle')]/div[1]/div[2]/div[2]/span[1]"}
RESULT: {"using":"xpath","value":"//header[contains(@id, 'ObjectPageLayout-headerTitle')]/div[1]/div[2]/div[2]/span[1]"}
COMMAND: POST /session/cd4e213f90090bc7497a341d701e98a6/elements - {"using":"xpath","value":"//header[contains(@id, 'ObjectPageLayout-headerTitle')]/div[1]/div[2]/div[2]/span[1]"}
RESULT: {"using":"xpath","value":"//header[contains(@id, 'ObjectPageLayout-headerTitle')]/div[1]/div[2]/div[2]/span[1]"}
COMMAND: POST /session/cd4e213f90090bc7497a341d701e98a6/execute/sync - {"script":"<script> [56 bytes]","args":[{"element-6066-11e4-a52e-4f735466cecf":"f.3EFE59E47BCAC700A535F57DF4769BD4.d.ACD7BEF23CE1D7BDF8125383F68FC94B.e.2404","ELEMENT":"f.3EFE59E47BCAC700A535F57DF4769BD4.d.ACD7BEF23CE1D7BDF8125383F68FC94B.e.2404"}]}
RESULT: {"script":"<script> [56 bytes]","args":[{"element-6066-11e4-a52e-4f735466cecf":"f.3EFE59E47BCAC700A535F57DF4769BD4.d.ACD7BEF23CE1D7BDF8125383F68FC94B.e.2404","ELEMENT":"f.3EFE59E47BCAC700A535F57DF4769BD4.d.ACD7BEF23CE1D7BDF8125383F68FC94B.e.2404"}]}
COMMAND: POST /session/cd4e213f90090bc7497a341d701e98a6/element - {"using":"css selector","value":"#shell-header-logo"}
COMMAND: GET /session/cd4e213f90090bc7497a341d701e98a6/screenshot - {}
RESULT: {"using":"css selector","value":"#shell-header-logo"}
COMMAND: POST /session/cd4e213f90090bc7497a341d701e98a6/element/f.3EFE59E47BCAC700A535F57DF4769BD4.d.ACD7BEF23CE1D7BDF8125383F68FC94B.e.1688/click - {}
RESULT: {}
RESULT: {}
COMMAND: GET /session/cd4e213f90090bc7497a341d701e98a6/screenshot - {}
RESULT: {}
COMMAND: POST /session/cd4e213f90090bc7497a341d701e98a6/execute/sync - {"script":"<script> [299 bytes]","args":[["getModel","getResource"]]}
RESULT: {"script":"<script> [299 bytes]","args":[["getModel","getResource"]]}
]]></system-out>
    </testcase>
    <testcase classname="chrome.136_0_7103_93.windows.Stock_increase_-_with_WHM_US125587" name="Should create a new material" time="123.168">
      <system-out><![CDATA[
COMMAND: POST /session/cd4e213f90090bc7497a341d701e98a6/execute/async - {"script":"<script> [1562 bytes]","args":[{"selector":{"controlType":"sap.m.GenericTile","properties":{"header":"Manage Resources"}},"wdio_ui5_key":"sapm.GenericTile{\"header\":\"Manage Resources\"}"}]}
COMMAND: GET /session/cd4e213f90090bc7497a341d701e98a6/screenshot - {}
RESULT: {"script":"<script> [1562 bytes]","args":[{"selector":{"controlType":"sap.m.GenericTile","properties":{"header":"Manage Resources"}},"wdio_ui5_key":"sapm.GenericTile{\"header\":\"Manage Resources\"}"}]}
RESULT: undefined
COMMAND: POST /session/cd4e213f90090bc7497a341d701e98a6/element - {"using":"xpath","value":"//*[@id=\"__tile39\"]"}
RESULT: {}
RESULT: {"using":"xpath","value":"//*[@id=\"__tile39\"]"}
COMMAND: POST /session/cd4e213f90090bc7497a341d701e98a6/element/f.3EFE59E47BCAC700A535F57DF4769BD4.d.ACD7BEF23CE1D7BDF8125383F68FC94B.e.129/click - {}
RESULT: {}
COMMAND: GET /session/cd4e213f90090bc7497a341d701e98a6/screenshot - {}
RESULT: {}
COMMAND: POST /session/cd4e213f90090bc7497a341d701e98a6/elements - {"using":"xpath","value":"//span[text()='Error']"}
RESULT: {"using":"xpath","value":"//span[text()='Error']"}
COMMAND: POST /session/cd4e213f90090bc7497a341d701e98a6/element - {"using":"xpath","value":"//button[@data-kt=\"addNewRUOverflowToolbarButton\"]"}
RESULT: {"using":"xpath","value":"//button[@data-kt=\"addNewRUOverflowToolbarButton\"]"}
COMMAND: POST /session/cd4e213f90090bc7497a341d701e98a6/elements - {"using":"xpath","value":"//button[@data-kt=\"addNewRUOverflowToolbarButton\"]"}
RESULT: {"using":"xpath","value":"//button[@data-kt=\"addNewRUOverflowToolbarButton\"]"}
COMMAND: POST /session/cd4e213f90090bc7497a341d701e98a6/elements - {"using":"xpath","value":"//button[@data-kt=\"addNewRUOverflowToolbarButton\"]"}
RESULT: {"using":"xpath","value":"//button[@data-kt=\"addNewRUOverflowToolbarButton\"]"}
COMMAND: POST /session/cd4e213f90090bc7497a341d701e98a6/elements - {"using":"xpath","value":"//button[@data-kt=\"addNewRUOverflowToolbarButton\"]"}
RESULT: {"using":"xpath","value":"//button[@data-kt=\"addNewRUOverflowToolbarButton\"]"}
COMMAND: POST /session/cd4e213f90090bc7497a341d701e98a6/element - {"using":"xpath","value":"//button[@data-kt=\"addNewRUOverflowToolbarButton\"]"}
RESULT: {"using":"xpath","value":"//button[@data-kt=\"addNewRUOverflowToolbarButton\"]"}
COMMAND: POST /session/cd4e213f90090bc7497a341d701e98a6/execute/sync - {"script":"<script> [8489 bytes]","args":[{"element-6066-11e4-a52e-4f735466cecf":"f.3EFE59E47BCAC700A535F57DF4769BD4.d.ACD7BEF23CE1D7BDF8125383F68FC94B.e.2438","ELEMENT":"f.3EFE59E47BCAC700A535F57DF4769BD4.d.ACD7BEF23CE1D7BDF8125383F68FC94B.e.2438"}]}
RESULT: {"script":"<script> [8489 bytes]","args":[{"element-6066-11e4-a52e-4f735466cecf":"f.3EFE59E47BCAC700A535F57DF4769BD4.d.ACD7BEF23CE1D7BDF8125383F68FC94B.e.2438","ELEMENT":"f.3EFE59E47BCAC700A535F57DF4769BD4.d.ACD7BEF23CE1D7BDF8125383F68FC94B.e.2438"}]}
COMMAND: GET /session/cd4e213f90090bc7497a341d701e98a6/element/f.3EFE59E47BCAC700A535F57DF4769BD4.d.ACD7BEF23CE1D7BDF8125383F68FC94B.e.2438/enabled - {}
COMMAND: GET /session/cd4e213f90090bc7497a341d701e98a6/screenshot - {}
RESULT: {}
COMMAND: POST /session/cd4e213f90090bc7497a341d701e98a6/execute/sync - {"script":"<script> [8489 bytes]","args":[{"element-6066-11e4-a52e-4f735466cecf":"f.3EFE59E47BCAC700A535F57DF4769BD4.d.ACD7BEF23CE1D7BDF8125383F68FC94B.e.2438","ELEMENT":"f.3EFE59E47BCAC700A535F57DF4769BD4.d.ACD7BEF23CE1D7BDF8125383F68FC94B.e.2438"}]}
COMMAND: GET /session/cd4e213f90090bc7497a341d701e98a6/screenshot - {}
RESULT: {}
RESULT: {"script":"<script> [8489 bytes]","args":[{"element-6066-11e4-a52e-4f735466cecf":"f.3EFE59E47BCAC700A535F57DF4769BD4.d.ACD7BEF23CE1D7BDF8125383F68FC94B.e.2438","ELEMENT":"f.3EFE59E47BCAC700A535F57DF4769BD4.d.ACD7BEF23CE1D7BDF8125383F68FC94B.e.2438"}]}
COMMAND: POST /session/cd4e213f90090bc7497a341d701e98a6/execute/sync - {"script":"<script> [5351 bytes]","args":[{"element-6066-11e4-a52e-4f735466cecf":"f.3EFE59E47BCAC700A535F57DF4769BD4.d.ACD7BEF23CE1D7BDF8125383F68FC94B.e.2438","ELEMENT":"f.3EFE59E47BCAC700A535F57DF4769BD4.d.ACD7BEF23CE1D7BDF8125383F68FC94B.e.2438"}]}
COMMAND: GET /session/cd4e213f90090bc7497a341d701e98a6/screenshot - {}
RESULT: {}
RESULT: {"script":"<script> [5351 bytes]","args":[{"element-6066-11e4-a52e-4f735466cecf":"f.3EFE59E47BCAC700A535F57DF4769BD4.d.ACD7BEF23CE1D7BDF8125383F68FC94B.e.2438","ELEMENT":"f.3EFE59E47BCAC700A535F57DF4769BD4.d.ACD7BEF23CE1D7BDF8125383F68FC94B.e.2438"}]}
COMMAND: POST /session/cd4e213f90090bc7497a341d701e98a6/element/f.3EFE59E47BCAC700A535F57DF4769BD4.d.ACD7BEF23CE1D7BDF8125383F68FC94B.e.2438/click - {}
COMMAND: GET /session/cd4e213f90090bc7497a341d701e98a6/screenshot - {}
RESULT: {}
RESULT: {}
COMMAND: GET /session/cd4e213f90090bc7497a341d701e98a6/screenshot - {}
COMMAND: POST /session/cd4e213f90090bc7497a341d701e98a6/execute/async - {"script":"<script> [1562 bytes]","args":[{"selector":{"id":"application-manageresources-display-component---newResourceUnit--TYPE-arrow"},"wdio_ui5_key":"applicationmanageresources-display-component---newResourceUnit--TYPE-arrow"}]}
RESULT: {}
RESULT: {}
RESULT: {"script":"<script> [1562 bytes]","args":[{"selector":{"id":"application-manageresources-display-component---newResourceUnit--TYPE-arrow"},"wdio_ui5_key":"applicationmanageresources-display-component---newResourceUnit--TYPE-arrow"}]}
RESULT: undefined
COMMAND: POST /session/cd4e213f90090bc7497a341d701e98a6/element - {"using":"xpath","value":"//*[@id=\"application-manageresources-display-component---newResourceUnit--TYPE-arrow\"]"}
RESULT: {"using":"xpath","value":"//*[@id=\"application-manageresources-display-component---newResourceUnit--TYPE-arrow\"]"}
COMMAND: POST /session/cd4e213f90090bc7497a341d701e98a6/element/f.3EFE59E47BCAC700A535F57DF4769BD4.d.ACD7BEF23CE1D7BDF8125383F68FC94B.e.2799/click - {}
RESULT: {}
COMMAND: POST /session/cd4e213f90090bc7497a341d701e98a6/element - {"using":"xpath","value":"//input[@id=\"application-manageresources-display-component---newResourceUnit--TYPE-inner\"]"}
COMMAND: GET /session/cd4e213f90090bc7497a341d701e98a6/screenshot - {}
RESULT: {"using":"xpath","value":"//input[@id=\"application-manageresources-display-component---newResourceUnit--TYPE-inner\"]"}
COMMAND: POST /session/cd4e213f90090bc7497a341d701e98a6/element/f.3EFE59E47BCAC700A535F57DF4769BD4.d.ACD7BEF23CE1D7BDF8125383F68FC94B.e.2792/clear - {}
RESULT: {}
RESULT: {}
COMMAND: POST /session/cd4e213f90090bc7497a341d701e98a6/element/f.3EFE59E47BCAC700A535F57DF4769BD4.d.ACD7BEF23CE1D7BDF8125383F68FC94B.e.2792/value - {"text":"Material"}
COMMAND: GET /session/cd4e213f90090bc7497a341d701e98a6/screenshot - {}
RESULT: {"text":"Material"}
COMMAND: GET /session/cd4e213f90090bc7497a341d701e98a6/screenshot - {}
RESULT: {}
RESULT: {}
COMMAND: POST /session/cd4e213f90090bc7497a341d701e98a6/actions - {"actions":[{"id":"action5","type":"key","parameters":{},"actions":[{"type":"keyDown","value":""},{"type":"pause","duration":10},{"type":"keyUp","value":""}]}]}
RESULT: {"actions":[{"id":"action5","type":"key","parameters":{},"actions":[{"type":"keyDown","value":""},{"type":"pause","duration":10},{"type":"keyUp","value":""}]}]}
COMMAND: POST /session/cd4e213f90090bc7497a341d701e98a6/execute/async - {"script":"<script> [1562 bytes]","args":[{"selector":{"id":"application-manageresources-display-component---newResourceUnit--SHORT_TEXT","interaction":{"idSuffix":"inner"}},"wdio_ui5_key":"applicationmanageresources-display-component---newResourceUnit--SHORT_TEXT"}]}
COMMAND: GET /session/cd4e213f90090bc7497a341d701e98a6/screenshot - {}
RESULT: {"script":"<script> [1562 bytes]","args":[{"selector":{"id":"application-manageresources-display-component---newResourceUnit--SHORT_TEXT","interaction":{"idSuffix":"inner"}},"wdio_ui5_key":"applicationmanageresources-display-component---newResourceUnit--SHORT_TEXT"}]}
RESULT: undefined
COMMAND: POST /session/cd4e213f90090bc7497a341d701e98a6/execute/async - {"script":"<script> [776 bytes]","args":[{"enterText":"Cement WDIO","selector":{"id":"application-manageresources-display-component---newResourceUnit--SHORT_TEXT","interaction":{"idSuffix":"inner"}},"clearTextFirst":true,"interactionType":"ENTER_TEXT"}]}
RESULT: {}
RESULT: {"script":"<script> [776 bytes]","args":[{"enterText":"Cement WDIO","selector":{"id":"application-manageresources-display-component---newResourceUnit--SHORT_TEXT","interaction":{"idSuffix":"inner"}},"clearTextFirst":true,"interactionType":"ENTER_TEXT"}]}
COMMAND: POST /session/cd4e213f90090bc7497a341d701e98a6/execute/async - {"script":"<script> [1562 bytes]","args":[{"selector":{"id":"application-manageresources-display-component---newResourceUnit--BASE_UNIT_OF_MEASURE","interaction":{"idSuffix":"inner"}},"wdio_ui5_key":"applicationmanageresources-display-component---newResourceUnit--BASE_UNIT_OF_MEASURE"}]}
RESULT: {"script":"<script> [1562 bytes]","args":[{"selector":{"id":"application-manageresources-display-component---newResourceUnit--BASE_UNIT_OF_MEASURE","interaction":{"idSuffix":"inner"}},"wdio_ui5_key":"applicationmanageresources-display-component---newResourceUnit--BASE_UNIT_OF_MEASURE"}]}
RESULT: undefined
COMMAND: POST /session/cd4e213f90090bc7497a341d701e98a6/execute/async - {"script":"<script> [776 bytes]","args":[{"enterText":"Piece","selector":{"id":"application-manageresources-display-component---newResourceUnit--BASE_UNIT_OF_MEASURE","interaction":{"idSuffix":"inner"}},"clearTextFirst":true,"interactionType":"ENTER_TEXT"}]}
RESULT: {"script":"<script> [776 bytes]","args":[{"enterText":"Piece","selector":{"id":"application-manageresources-display-component---newResourceUnit--BASE_UNIT_OF_MEASURE","interaction":{"idSuffix":"inner"}},"clearTextFirst":true,"interactionType":"ENTER_TEXT"}]}
COMMAND: POST /session/cd4e213f90090bc7497a341d701e98a6/execute/async - {"script":"<script> [1562 bytes]","args":[{"selector":{"id":"application-manageresources-display-component---newResourceUnit--WEIGHT_UNIT","interaction":{"idSuffix":"inner"}},"wdio_ui5_key":"applicationmanageresources-display-component---newResourceUnit--WEIGHT_UNIT"}]}
RESULT: {"script":"<script> [1562 bytes]","args":[{"selector":{"id":"application-manageresources-display-component---newResourceUnit--WEIGHT_UNIT","interaction":{"idSuffix":"inner"}},"wdio_ui5_key":"applicationmanageresources-display-component---newResourceUnit--WEIGHT_UNIT"}]}
RESULT: undefined
COMMAND: POST /session/cd4e213f90090bc7497a341d701e98a6/execute/async - {"script":"<script> [776 bytes]","args":[{"enterText":"Gram","selector":{"id":"application-manageresources-display-component---newResourceUnit--WEIGHT_UNIT","interaction":{"idSuffix":"inner"}},"clearTextFirst":true,"interactionType":"ENTER_TEXT"}]}
RESULT: {"script":"<script> [776 bytes]","args":[{"enterText":"Gram","selector":{"id":"application-manageresources-display-component---newResourceUnit--WEIGHT_UNIT","interaction":{"idSuffix":"inner"}},"clearTextFirst":true,"interactionType":"ENTER_TEXT"}]}
COMMAND: POST /session/cd4e213f90090bc7497a341d701e98a6/execute/async - {"script":"<script> [1562 bytes]","args":[{"selector":{"id":"application-manageresources-display-component---newResourceUnit--DIMENSION_UNIT","interaction":{"idSuffix":"inner"}},"wdio_ui5_key":"applicationmanageresources-display-component---newResourceUnit--DIMENSION_UNIT"}]}
RESULT: {"script":"<script> [1562 bytes]","args":[{"selector":{"id":"application-manageresources-display-component---newResourceUnit--DIMENSION_UNIT","interaction":{"idSuffix":"inner"}},"wdio_ui5_key":"applicationmanageresources-display-component---newResourceUnit--DIMENSION_UNIT"}]}
RESULT: undefined
COMMAND: POST /session/cd4e213f90090bc7497a341d701e98a6/execute/async - {"script":"<script> [776 bytes]","args":[{"enterText":"Meter","selector":{"id":"application-manageresources-display-component---newResourceUnit--DIMENSION_UNIT","interaction":{"idSuffix":"inner"}},"clearTextFirst":true,"interactionType":"ENTER_TEXT"}]}
RESULT: {"script":"<script> [776 bytes]","args":[{"enterText":"Meter","selector":{"id":"application-manageresources-display-component---newResourceUnit--DIMENSION_UNIT","interaction":{"idSuffix":"inner"}},"clearTextFirst":true,"interactionType":"ENTER_TEXT"}]}
COMMAND: POST /session/cd4e213f90090bc7497a341d701e98a6/execute/async - {"script":"<script> [1562 bytes]","args":[{"selector":{"id":"application-manageresources-display-component---newResourceUnit--newRRUPage-anchBar-application-manageresources-display-component---newResourceUnit--control-anchor","interaction":{"idSuffix":"BDI-content"}},"wdio_ui5_key":"applicationmanageresources-display-component---newResourceUnit--newRRUPage-anchBar-application-manageresources-display-component---newResourceUnit--control-anchor"}]}
RESULT: {"script":"<script> [1562 bytes]","args":[{"selector":{"id":"application-manageresources-display-component---newResourceUnit--newRRUPage-anchBar-application-manageresources-display-component---newResourceUnit--control-anchor","interaction":{"idSuffix":"BDI-content"}},"wdio_ui5_key":"applicationmanageresources-display-component---newResourceUnit--newRRUPage-anchBar-application-manageresources-display-component---newResourceUnit--control-anchor"}]}
RESULT: undefined
COMMAND: POST /session/cd4e213f90090bc7497a341d701e98a6/element - {"using":"xpath","value":"//*[@id=\"application-manageresources-display-component---newResourceUnit--newRRUPage-anchBar-application-manageresources-display-component---newResourceUnit--control-anchor\"]"}
RESULT: {"using":"xpath","value":"//*[@id=\"application-manageresources-display-component---newResourceUnit--newRRUPage-anchBar-application-manageresources-display-component---newResourceUnit--control-anchor\"]"}
COMMAND: POST /session/cd4e213f90090bc7497a341d701e98a6/element/f.3EFE59E47BCAC700A535F57DF4769BD4.d.ACD7BEF23CE1D7BDF8125383F68FC94B.e.2863/click - {}
RESULT: {}
COMMAND: POST /session/cd4e213f90090bc7497a341d701e98a6/execute/async - {"script":"<script> [1562 bytes]","args":[{"selector":{"id":"application-manageresources-display-component---newResourceUnit--PLANNING_GROUP","interaction":{"idSuffix":"inner"}},"wdio_ui5_key":"applicationmanageresources-display-component---newResourceUnit--PLANNING_GROUP"}]}
COMMAND: GET /session/cd4e213f90090bc7497a341d701e98a6/screenshot - {}
RESULT: {"script":"<script> [1562 bytes]","args":[{"selector":{"id":"application-manageresources-display-component---newResourceUnit--PLANNING_GROUP","interaction":{"idSuffix":"inner"}},"wdio_ui5_key":"applicationmanageresources-display-component---newResourceUnit--PLANNING_GROUP"}]}
RESULT: undefined
COMMAND: POST /session/cd4e213f90090bc7497a341d701e98a6/execute/async - {"script":"<script> [776 bytes]","args":[{"enterText":"Material","selector":{"id":"application-manageresources-display-component---newResourceUnit--PLANNING_GROUP","interaction":{"idSuffix":"inner"}},"clearTextFirst":true,"interactionType":"ENTER_TEXT"}]}
RESULT: {}
RESULT: {"script":"<script> [776 bytes]","args":[{"enterText":"Material","selector":{"id":"application-manageresources-display-component---newResourceUnit--PLANNING_GROUP","interaction":{"idSuffix":"inner"}},"clearTextFirst":true,"interactionType":"ENTER_TEXT"}]}
COMMAND: POST /session/cd4e213f90090bc7497a341d701e98a6/execute/async - {"script":"<script> [1562 bytes]","args":[{"selector":{"id":"application-manageresources-display-component---newResourceUnit--PLANNING_INDICATOR","interaction":{"idSuffix":"inner"}},"wdio_ui5_key":"applicationmanageresources-display-component---newResourceUnit--PLANNING_INDICATOR"}]}
RESULT: {"script":"<script> [1562 bytes]","args":[{"selector":{"id":"application-manageresources-display-component---newResourceUnit--PLANNING_INDICATOR","interaction":{"idSuffix":"inner"}},"wdio_ui5_key":"applicationmanageresources-display-component---newResourceUnit--PLANNING_INDICATOR"}]}
RESULT: undefined
COMMAND: POST /session/cd4e213f90090bc7497a341d701e98a6/execute/async - {"script":"<script> [776 bytes]","args":[{"enterText":"10 - infinite","selector":{"id":"application-manageresources-display-component---newResourceUnit--PLANNING_INDICATOR","interaction":{"idSuffix":"inner"}},"clearTextFirst":true,"interactionType":"ENTER_TEXT"}]}
RESULT: {"script":"<script> [776 bytes]","args":[{"enterText":"10 - infinite","selector":{"id":"application-manageresources-display-component---newResourceUnit--PLANNING_INDICATOR","interaction":{"idSuffix":"inner"}},"clearTextFirst":true,"interactionType":"ENTER_TEXT"}]}
COMMAND: POST /session/cd4e213f90090bc7497a341d701e98a6/element - {"using":"css selector","value":"#application-manageresources-display-component---newResourceUnit--btnAddTimeSegment"}
RESULT: {"using":"css selector","value":"#application-manageresources-display-component---newResourceUnit--btnAddTimeSegment"}
COMMAND: GET /session/cd4e213f90090bc7497a341d701e98a6/element/f.3EFE59E47BCAC700A535F57DF4769BD4.d.ACD7BEF23CE1D7BDF8125383F68FC94B.e.2873/rect - {}
RESULT: {}
COMMAND: GET /session/cd4e213f90090bc7497a341d701e98a6/window/rect - {}
RESULT: {}
COMMAND: POST /session/cd4e213f90090bc7497a341d701e98a6/execute/sync - {"script":"<script> [92 bytes]","args":[]}
RESULT: {"script":"<script> [92 bytes]","args":[]}
COMMAND: POST /session/cd4e213f90090bc7497a341d701e98a6/actions - {"actions":[{"id":"action6","type":"wheel","parameters":{},"actions":[{"type":"scroll","x":-1888,"y":-32,"deltaX":0,"deltaY":0,"duration":0,"origin":{"element-6066-11e4-a52e-4f735466cecf":"f.3EFE59E47BCAC700A535F57DF4769BD4.d.ACD7BEF23CE1D7BDF8125383F68FC94B.e.2873"}}]}]}
COMMAND: GET /session/cd4e213f90090bc7497a341d701e98a6/screenshot - {}
RESULT: {}
COMMAND: POST /session/cd4e213f90090bc7497a341d701e98a6/execute/sync - {"script":"<script> [79 bytes]","args":[{"element-6066-11e4-a52e-4f735466cecf":"f.3EFE59E47BCAC700A535F57DF4769BD4.d.ACD7BEF23CE1D7BDF8125383F68FC94B.e.2873","ELEMENT":"f.3EFE59E47BCAC700A535F57DF4769BD4.d.ACD7BEF23CE1D7BDF8125383F68FC94B.e.2873"},{"block":"start","inline":"nearest"}]}
RESULT: {"script":"<script> [79 bytes]","args":[{"element-6066-11e4-a52e-4f735466cecf":"f.3EFE59E47BCAC700A535F57DF4769BD4.d.ACD7BEF23CE1D7BDF8125383F68FC94B.e.2873","ELEMENT":"f.3EFE59E47BCAC700A535F57DF4769BD4.d.ACD7BEF23CE1D7BDF8125383F68FC94B.e.2873"},{"block":"start","inline":"nearest"}]}
COMMAND: POST /session/cd4e213f90090bc7497a341d701e98a6/execute/async - {"script":"<script> [1562 bytes]","args":[{"selector":{"id":"application-manageresources-display-component---newResourceUnit--btnAddTimeSegment","interaction":{"idSuffix":"inner"}},"wdio_ui5_key":"applicationmanageresources-display-component---newResourceUnit--btnAddTimeSegment"}]}
COMMAND: GET /session/cd4e213f90090bc7497a341d701e98a6/screenshot - {}
RESULT: {"script":"<script> [1562 bytes]","args":[{"selector":{"id":"application-manageresources-display-component---newResourceUnit--btnAddTimeSegment","interaction":{"idSuffix":"inner"}},"wdio_ui5_key":"applicationmanageresources-display-component---newResourceUnit--btnAddTimeSegment"}]}
RESULT: undefined
COMMAND: POST /session/cd4e213f90090bc7497a341d701e98a6/element - {"using":"xpath","value":"//*[@id=\"application-manageresources-display-component---newResourceUnit--btnAddTimeSegment\"]"}
RESULT: {}
RESULT: {"using":"xpath","value":"//*[@id=\"application-manageresources-display-component---newResourceUnit--btnAddTimeSegment\"]"}
COMMAND: POST /session/cd4e213f90090bc7497a341d701e98a6/element/f.3EFE59E47BCAC700A535F57DF4769BD4.d.ACD7BEF23CE1D7BDF8125383F68FC94B.e.2873/click - {}
RESULT: {}
COMMAND: GET /session/cd4e213f90090bc7497a341d701e98a6/screenshot - {}
RESULT: {}
COMMAND: POST /session/cd4e213f90090bc7497a341d701e98a6/element - {"using":"xpath","value":"//input[@id=\"application-manageresources-display-component---newResourceUnit--idRuTSAdmin-application-manageresources-display-component---newResourceUnit--RUTimeSegment-0-inner\"]"}
RESULT: {"using":"xpath","value":"//input[@id=\"application-manageresources-display-component---newResourceUnit--idRuTSAdmin-application-manageresources-display-component---newResourceUnit--RUTimeSegment-0-inner\"]"}
COMMAND: POST /session/cd4e213f90090bc7497a341d701e98a6/element/f.3EFE59E47BCAC700A535F57DF4769BD4.d.ACD7BEF23CE1D7BDF8125383F68FC94B.e.2878/clear - {}
RESULT: {}
COMMAND: POST /session/cd4e213f90090bc7497a341d701e98a6/element/f.3EFE59E47BCAC700A535F57DF4769BD4.d.ACD7BEF23CE1D7BDF8125383F68FC94B.e.2878/value - {"text":"672"}
COMMAND: GET /session/cd4e213f90090bc7497a341d701e98a6/screenshot - {}
RESULT: {"text":"672"}
COMMAND: GET /session/cd4e213f90090bc7497a341d701e98a6/screenshot - {}
RESULT: {}
RESULT: {}
COMMAND: POST /session/cd4e213f90090bc7497a341d701e98a6/element - {"using":"xpath","value":"//li[.//span[text()='672']]"}
RESULT: {"using":"xpath","value":"//li[.//span[text()='672']]"}
COMMAND: POST /session/cd4e213f90090bc7497a341d701e98a6/element/f.3EFE59E47BCAC700A535F57DF4769BD4.d.ACD7BEF23CE1D7BDF8125383F68FC94B.e.2889/click - {}
RESULT: {}
COMMAND: GET /session/cd4e213f90090bc7497a341d701e98a6/screenshot - {}
RESULT: {}
COMMAND: POST /session/cd4e213f90090bc7497a341d701e98a6/element - {"using":"xpath","value":"(//span[contains(@id, \"-application-manageresources-display-component---newResourceUnit--RUTimeSegment-0-arrow\")])[2]"}
RESULT: {"using":"xpath","value":"(//span[contains(@id, \"-application-manageresources-display-component---newResourceUnit--RUTimeSegment-0-arrow\")])[2]"}
COMMAND: POST /session/cd4e213f90090bc7497a341d701e98a6/element/f.3EFE59E47BCAC700A535F57DF4769BD4.d.ACD7BEF23CE1D7BDF8125383F68FC94B.e.2890/click - {}
RESULT: {}
COMMAND: POST /session/cd4e213f90090bc7497a341d701e98a6/element - {"using":"xpath","value":"//span[contains(text(), \"PM Order\")]"}
COMMAND: GET /session/cd4e213f90090bc7497a341d701e98a6/screenshot - {}
RESULT: {"using":"xpath","value":"//span[contains(text(), \"PM Order\")]"}
COMMAND: POST /session/cd4e213f90090bc7497a341d701e98a6/element/f.3EFE59E47BCAC700A535F57DF4769BD4.d.ACD7BEF23CE1D7BDF8125383F68FC94B.e.2891/click - {}
RESULT: {}
RESULT: {}
COMMAND: GET /session/cd4e213f90090bc7497a341d701e98a6/screenshot - {}
RESULT: {}
COMMAND: POST /session/cd4e213f90090bc7497a341d701e98a6/element - {"using":"xpath","value":"//td/div/div/div/span[contains(@id, \"newResourceUnit--RUTimeSegment-0-vhi\")][1]"}
RESULT: {"using":"xpath","value":"//td/div/div/div/span[contains(@id, \"newResourceUnit--RUTimeSegment-0-vhi\")][1]"}
COMMAND: GET /session/cd4e213f90090bc7497a341d701e98a6/element/f.3EFE59E47BCAC700A535F57DF4769BD4.d.ACD7BEF23CE1D7BDF8125383F68FC94B.e.2895/rect - {}
RESULT: {}
COMMAND: GET /session/cd4e213f90090bc7497a341d701e98a6/window/rect - {}
RESULT: {}
COMMAND: POST /session/cd4e213f90090bc7497a341d701e98a6/execute/sync - {"script":"<script> [92 bytes]","args":[]}
RESULT: {"script":"<script> [92 bytes]","args":[]}
COMMAND: POST /session/cd4e213f90090bc7497a341d701e98a6/actions - {"actions":[{"id":"action7","type":"wheel","parameters":{},"actions":[{"type":"scroll","x":-1888,"y":-24,"deltaX":0,"deltaY":0,"duration":0,"origin":{"element-6066-11e4-a52e-4f735466cecf":"f.3EFE59E47BCAC700A535F57DF4769BD4.d.ACD7BEF23CE1D7BDF8125383F68FC94B.e.2895"}}]}]}
COMMAND: GET /session/cd4e213f90090bc7497a341d701e98a6/screenshot - {}
RESULT: {}
COMMAND: POST /session/cd4e213f90090bc7497a341d701e98a6/execute/sync - {"script":"<script> [79 bytes]","args":[{"element-6066-11e4-a52e-4f735466cecf":"f.3EFE59E47BCAC700A535F57DF4769BD4.d.ACD7BEF23CE1D7BDF8125383F68FC94B.e.2895","ELEMENT":"f.3EFE59E47BCAC700A535F57DF4769BD4.d.ACD7BEF23CE1D7BDF8125383F68FC94B.e.2895"},{"block":"start","inline":"nearest"}]}
RESULT: {"script":"<script> [79 bytes]","args":[{"element-6066-11e4-a52e-4f735466cecf":"f.3EFE59E47BCAC700A535F57DF4769BD4.d.ACD7BEF23CE1D7BDF8125383F68FC94B.e.2895","ELEMENT":"f.3EFE59E47BCAC700A535F57DF4769BD4.d.ACD7BEF23CE1D7BDF8125383F68FC94B.e.2895"},{"block":"start","inline":"nearest"}]}
COMMAND: GET /session/cd4e213f90090bc7497a341d701e98a6/screenshot - {}
RESULT: {}
COMMAND: POST /session/cd4e213f90090bc7497a341d701e98a6/element/f.3EFE59E47BCAC700A535F57DF4769BD4.d.ACD7BEF23CE1D7BDF8125383F68FC94B.e.2895/click - {}
RESULT: {}
COMMAND: GET /session/cd4e213f90090bc7497a341d701e98a6/screenshot - {}
RESULT: {}
RESULT: undefined
COMMAND: POST /session/cd4e213f90090bc7497a341d701e98a6/execute/async - {"script":"<script> [776 bytes]","args":[{"enterText":"4000360","selector":{"controlType":"sap.m.SearchField","properties":{"placeholder":"Search"},"searchOpenDialogs":true,"interaction":{"idSuffix":"I"}},"clearTextFirst":true,"interactionType":"ENTER_TEXT"}]}
RESULT: {"script":"<script> [776 bytes]","args":[{"enterText":"4000360","selector":{"controlType":"sap.m.SearchField","properties":{"placeholder":"Search"},"searchOpenDialogs":true,"interaction":{"idSuffix":"I"}},"clearTextFirst":true,"interactionType":"ENTER_TEXT"}]}
COMMAND: POST /session/cd4e213f90090bc7497a341d701e98a6/actions - {"actions":[{"id":"action8","type":"key","parameters":{},"actions":[{"type":"keyDown","value":""},{"type":"pause","duration":10},{"type":"keyUp","value":""}]}]}
RESULT: {"actions":[{"id":"action8","type":"key","parameters":{},"actions":[{"type":"keyDown","value":""},{"type":"pause","duration":10},{"type":"keyUp","value":""}]}]}
COMMAND: GET /session/cd4e213f90090bc7497a341d701e98a6/screenshot - {}
RESULT: {}
COMMAND: POST /session/cd4e213f90090bc7497a341d701e98a6/element - {"using":"xpath","value":"//td/div/span[contains(text(), \"BGL Vehicles\")]"}
RESULT: {"using":"xpath","value":"//td/div/span[contains(text(), \"BGL Vehicles\")]"}
COMMAND: POST /session/cd4e213f90090bc7497a341d701e98a6/element/f.3EFE59E47BCAC700A535F57DF4769BD4.d.ACD7BEF23CE1D7BDF8125383F68FC94B.e.2914/click - {}
RESULT: {}
COMMAND: GET /session/cd4e213f90090bc7497a341d701e98a6/screenshot - {}
RESULT: {}
COMMAND: POST /session/cd4e213f90090bc7497a341d701e98a6/element - {"using":"xpath","value":"//bdi[contains(text(), \"OK\")]"}
RESULT: {"using":"xpath","value":"//bdi[contains(text(), \"OK\")]"}
COMMAND: POST /session/cd4e213f90090bc7497a341d701e98a6/element/f.3EFE59E47BCAC700A535F57DF4769BD4.d.ACD7BEF23CE1D7BDF8125383F68FC94B.e.2915/click - {}
RESULT: {}
COMMAND: GET /session/cd4e213f90090bc7497a341d701e98a6/screenshot - {}
RESULT: {}
COMMAND: POST /session/cd4e213f90090bc7497a341d701e98a6/element - {"using":"xpath","value":"//label[contains(@class, 'sapMLabelRequired') and .//bdi[contains(text(), 'Planned Retirement')]]"}
RESULT: {"using":"xpath","value":"//label[contains(@class, 'sapMLabelRequired') and .//bdi[contains(text(), 'Planned Retirement')]]"}
COMMAND: POST /session/cd4e213f90090bc7497a341d701e98a6/elements - {"using":"xpath","value":"//label[contains(@class, 'sapMLabelRequired') and .//bdi[contains(text(), 'Planned Retirement')]]"}
RESULT: {"using":"xpath","value":"//label[contains(@class, 'sapMLabelRequired') and .//bdi[contains(text(), 'Planned Retirement')]]"}
COMMAND: POST /session/cd4e213f90090bc7497a341d701e98a6/element - {"using":"xpath","value":"//button[@data-kt=\"resourceUnitSaveButton\"]"}
RESULT: {"using":"xpath","value":"//button[@data-kt=\"resourceUnitSaveButton\"]"}
COMMAND: POST /session/cd4e213f90090bc7497a341d701e98a6/element/f.3EFE59E47BCAC700A535F57DF4769BD4.d.ACD7BEF23CE1D7BDF8125383F68FC94B.e.2816/click - {}
RESULT: {}
COMMAND: GET /session/cd4e213f90090bc7497a341d701e98a6/screenshot - {}
RESULT: {}
COMMAND: POST /session/cd4e213f90090bc7497a341d701e98a6/element - {"using":"xpath","value":"//bdi[contains(text(), \"Close\")]"}
RESULT: {"using":"xpath","value":"//bdi[contains(text(), \"Close\")]"}
COMMAND: POST /session/cd4e213f90090bc7497a341d701e98a6/element/f.3EFE59E47BCAC700A535F57DF4769BD4.d.ACD7BEF23CE1D7BDF8125383F68FC94B.e.2921/click - {}
RESULT: {}
COMMAND: GET /session/cd4e213f90090bc7497a341d701e98a6/screenshot - {}
RESULT: {}
COMMAND: POST /session/cd4e213f90090bc7497a341d701e98a6/element - {"using":"xpath","value":"//header[contains(@id, 'detailRruPage-headerTitle')]/div[1]/div[2]/div[2]/span[1]"}
RESULT: {"using":"xpath","value":"//header[contains(@id, 'detailRruPage-headerTitle')]/div[1]/div[2]/div[2]/span[1]"}
COMMAND: POST /session/cd4e213f90090bc7497a341d701e98a6/elements - {"using":"xpath","value":"//header[contains(@id, 'detailRruPage-headerTitle')]/div[1]/div[2]/div[2]/span[1]"}
RESULT: {"using":"xpath","value":"//header[contains(@id, 'detailRruPage-headerTitle')]/div[1]/div[2]/div[2]/span[1]"}
COMMAND: POST /session/cd4e213f90090bc7497a341d701e98a6/execute/sync - {"script":"<script> [56 bytes]","args":[{"element-6066-11e4-a52e-4f735466cecf":"f.3EFE59E47BCAC700A535F57DF4769BD4.d.ACD7BEF23CE1D7BDF8125383F68FC94B.e.2951","ELEMENT":"f.3EFE59E47BCAC700A535F57DF4769BD4.d.ACD7BEF23CE1D7BDF8125383F68FC94B.e.2951"}]}
RESULT: {"script":"<script> [56 bytes]","args":[{"element-6066-11e4-a52e-4f735466cecf":"f.3EFE59E47BCAC700A535F57DF4769BD4.d.ACD7BEF23CE1D7BDF8125383F68FC94B.e.2951","ELEMENT":"f.3EFE59E47BCAC700A535F57DF4769BD4.d.ACD7BEF23CE1D7BDF8125383F68FC94B.e.2951"}]}
COMMAND: POST /session/cd4e213f90090bc7497a341d701e98a6/element - {"using":"css selector","value":"#shell-header-logo"}
COMMAND: GET /session/cd4e213f90090bc7497a341d701e98a6/screenshot - {}
RESULT: {"using":"css selector","value":"#shell-header-logo"}
COMMAND: POST /session/cd4e213f90090bc7497a341d701e98a6/element/f.3EFE59E47BCAC700A535F57DF4769BD4.d.ACD7BEF23CE1D7BDF8125383F68FC94B.e.2409/click - {}
RESULT: {}
RESULT: {}
COMMAND: GET /session/cd4e213f90090bc7497a341d701e98a6/screenshot - {}
RESULT: {}
]]></system-out>
    </testcase>
    <testcase classname="chrome.136_0_7103_93.windows.Stock_increase_-_with_WHM_US125587" name="Bin Status Report Should Create New Organization yard" time="94.848">
      <system-out><![CDATA[
COMMAND: POST /session/cd4e213f90090bc7497a341d701e98a6/execute/async - {"script":"<script> [1562 bytes]","args":[{"selector":{"controlType":"sap.m.GenericTile","properties":{"header":"Bin Status Report"}},"wdio_ui5_key":"sapm.GenericTile{\"header\":\"Bin Status Report\"}"}]}
RESULT: {"script":"<script> [1562 bytes]","args":[{"selector":{"controlType":"sap.m.GenericTile","properties":{"header":"Bin Status Report"}},"wdio_ui5_key":"sapm.GenericTile{\"header\":\"Bin Status Report\"}"}]}
RESULT: undefined
COMMAND: POST /session/cd4e213f90090bc7497a341d701e98a6/element - {"using":"xpath","value":"//*[@id=\"__tile104\"]"}
RESULT: {"using":"xpath","value":"//*[@id=\"__tile104\"]"}
COMMAND: POST /session/cd4e213f90090bc7497a341d701e98a6/element/f.3EFE59E47BCAC700A535F57DF4769BD4.d.ACD7BEF23CE1D7BDF8125383F68FC94B.e.2955/click - {}
RESULT: {}
COMMAND: GET /session/cd4e213f90090bc7497a341d701e98a6/screenshot - {}
RESULT: {}
COMMAND: POST /session/cd4e213f90090bc7497a341d701e98a6/elements - {"using":"xpath","value":"//span[text()='Error']"}
RESULT: {"using":"xpath","value":"//span[text()='Error']"}
COMMAND: POST /session/cd4e213f90090bc7497a341d701e98a6/element - {"using":"xpath","value":"//button[@id=\"application-binstatusreport-display-component---warehousing--createOrgBtn\"]"}
RESULT: {"using":"xpath","value":"//button[@id=\"application-binstatusreport-display-component---warehousing--createOrgBtn\"]"}
COMMAND: POST /session/cd4e213f90090bc7497a341d701e98a6/elements - {"using":"xpath","value":"//button[@id=\"application-binstatusreport-display-component---warehousing--createOrgBtn\"]"}
RESULT: {"using":"xpath","value":"//button[@id=\"application-binstatusreport-display-component---warehousing--createOrgBtn\"]"}
COMMAND: POST /session/cd4e213f90090bc7497a341d701e98a6/execute/sync - {"script":"<script> [8489 bytes]","args":[{"element-6066-11e4-a52e-4f735466cecf":"f.3EFE59E47BCAC700A535F57DF4769BD4.d.ACD7BEF23CE1D7BDF8125383F68FC94B.e.2994","ELEMENT":"f.3EFE59E47BCAC700A535F57DF4769BD4.d.ACD7BEF23CE1D7BDF8125383F68FC94B.e.2994"}]}
RESULT: {"script":"<script> [8489 bytes]","args":[{"element-6066-11e4-a52e-4f735466cecf":"f.3EFE59E47BCAC700A535F57DF4769BD4.d.ACD7BEF23CE1D7BDF8125383F68FC94B.e.2994","ELEMENT":"f.3EFE59E47BCAC700A535F57DF4769BD4.d.ACD7BEF23CE1D7BDF8125383F68FC94B.e.2994"}]}
COMMAND: GET /session/cd4e213f90090bc7497a341d701e98a6/element/f.3EFE59E47BCAC700A535F57DF4769BD4.d.ACD7BEF23CE1D7BDF8125383F68FC94B.e.2994/enabled - {}
COMMAND: GET /session/cd4e213f90090bc7497a341d701e98a6/screenshot - {}
RESULT: {}
COMMAND: POST /session/cd4e213f90090bc7497a341d701e98a6/execute/sync - {"script":"<script> [8489 bytes]","args":[{"element-6066-11e4-a52e-4f735466cecf":"f.3EFE59E47BCAC700A535F57DF4769BD4.d.ACD7BEF23CE1D7BDF8125383F68FC94B.e.2994","ELEMENT":"f.3EFE59E47BCAC700A535F57DF4769BD4.d.ACD7BEF23CE1D7BDF8125383F68FC94B.e.2994"}]}
COMMAND: GET /session/cd4e213f90090bc7497a341d701e98a6/screenshot - {}
RESULT: {}
RESULT: {"script":"<script> [8489 bytes]","args":[{"element-6066-11e4-a52e-4f735466cecf":"f.3EFE59E47BCAC700A535F57DF4769BD4.d.ACD7BEF23CE1D7BDF8125383F68FC94B.e.2994","ELEMENT":"f.3EFE59E47BCAC700A535F57DF4769BD4.d.ACD7BEF23CE1D7BDF8125383F68FC94B.e.2994"}]}
COMMAND: POST /session/cd4e213f90090bc7497a341d701e98a6/execute/sync - {"script":"<script> [5351 bytes]","args":[{"element-6066-11e4-a52e-4f735466cecf":"f.3EFE59E47BCAC700A535F57DF4769BD4.d.ACD7BEF23CE1D7BDF8125383F68FC94B.e.2994","ELEMENT":"f.3EFE59E47BCAC700A535F57DF4769BD4.d.ACD7BEF23CE1D7BDF8125383F68FC94B.e.2994"}]}
COMMAND: GET /session/cd4e213f90090bc7497a341d701e98a6/screenshot - {}
RESULT: {}
RESULT: {"script":"<script> [5351 bytes]","args":[{"element-6066-11e4-a52e-4f735466cecf":"f.3EFE59E47BCAC700A535F57DF4769BD4.d.ACD7BEF23CE1D7BDF8125383F68FC94B.e.2994","ELEMENT":"f.3EFE59E47BCAC700A535F57DF4769BD4.d.ACD7BEF23CE1D7BDF8125383F68FC94B.e.2994"}]}
COMMAND: GET /session/cd4e213f90090bc7497a341d701e98a6/screenshot - {}
RESULT: {}
RESULT: {}
COMMAND: POST /session/cd4e213f90090bc7497a341d701e98a6/element/f.3EFE59E47BCAC700A535F57DF4769BD4.d.ACD7BEF23CE1D7BDF8125383F68FC94B.e.2994/click - {}
RESULT: {}
COMMAND: GET /session/cd4e213f90090bc7497a341d701e98a6/screenshot - {}
RESULT: {}
COMMAND: POST /session/cd4e213f90090bc7497a341d701e98a6/execute/async - {"script":"<script> [1562 bytes]","args":[{"selector":{"id":"createOrganizationPop--sectionInput","searchOpenDialogs":true,"interaction":{"idSuffix":"inner"}},"wdio_ui5_key":"createOrganizationPopsectionInput"}]}
RESULT: {"script":"<script> [1562 bytes]","args":[{"selector":{"id":"createOrganizationPop--sectionInput","searchOpenDialogs":true,"interaction":{"idSuffix":"inner"}},"wdio_ui5_key":"createOrganizationPopsectionInput"}]}
RESULT: undefined
COMMAND: POST /session/cd4e213f90090bc7497a341d701e98a6/execute/async - {"script":"<script> [776 bytes]","args":[{"enterText":"WDIO-672","selector":{"id":"createOrganizationPop--sectionInput","searchOpenDialogs":true,"interaction":{"idSuffix":"inner"}},"clearTextFirst":true,"interactionType":"ENTER_TEXT"}]}
RESULT: {"script":"<script> [776 bytes]","args":[{"enterText":"WDIO-672","selector":{"id":"createOrganizationPop--sectionInput","searchOpenDialogs":true,"interaction":{"idSuffix":"inner"}},"clearTextFirst":true,"interactionType":"ENTER_TEXT"}]}
COMMAND: POST /session/cd4e213f90090bc7497a341d701e98a6/execute/async - {"script":"<script> [1562 bytes]","args":[{"selector":{"id":"createOrganizationPop--descriptionInput","searchOpenDialogs":true,"interaction":{"idSuffix":"inner"}},"wdio_ui5_key":"createOrganizationPopdescriptionInput"}]}
RESULT: {"script":"<script> [1562 bytes]","args":[{"selector":{"id":"createOrganizationPop--descriptionInput","searchOpenDialogs":true,"interaction":{"idSuffix":"inner"}},"wdio_ui5_key":"createOrganizationPopdescriptionInput"}]}
RESULT: undefined
COMMAND: POST /session/cd4e213f90090bc7497a341d701e98a6/execute/async - {"script":"<script> [776 bytes]","args":[{"enterText":"Shipping-672","selector":{"id":"createOrganizationPop--descriptionInput","searchOpenDialogs":true,"interaction":{"idSuffix":"inner"}},"clearTextFirst":true,"interactionType":"ENTER_TEXT"}]}
RESULT: {"script":"<script> [776 bytes]","args":[{"enterText":"Shipping-672","selector":{"id":"createOrganizationPop--descriptionInput","searchOpenDialogs":true,"interaction":{"idSuffix":"inner"}},"clearTextFirst":true,"interactionType":"ENTER_TEXT"}]}
COMMAND: POST /session/cd4e213f90090bc7497a341d701e98a6/element - {"using":"css selector","value":"#createOrganizationPop--yardOrg-inner"}
RESULT: {"using":"css selector","value":"#createOrganizationPop--yardOrg-inner"}
COMMAND: POST /session/cd4e213f90090bc7497a341d701e98a6/element/f.3EFE59E47BCAC700A535F57DF4769BD4.d.ACD7BEF23CE1D7BDF8125383F68FC94B.e.3042/clear - {}
RESULT: {}
COMMAND: POST /session/cd4e213f90090bc7497a341d701e98a6/element/f.3EFE59E47BCAC700A535F57DF4769BD4.d.ACD7BEF23CE1D7BDF8125383F68FC94B.e.3042/value - {"text":"672"}
COMMAND: GET /session/cd4e213f90090bc7497a341d701e98a6/screenshot - {}
RESULT: {"text":"672"}
COMMAND: GET /session/cd4e213f90090bc7497a341d701e98a6/screenshot - {}
RESULT: {}
RESULT: {}
COMMAND: POST /session/cd4e213f90090bc7497a341d701e98a6/actions - {"actions":[{"id":"action9","type":"key","parameters":{},"actions":[{"type":"keyDown","value":""},{"type":"pause","duration":10},{"type":"keyUp","value":""}]}]}
RESULT: {"actions":[{"id":"action9","type":"key","parameters":{},"actions":[{"type":"keyDown","value":""},{"type":"pause","duration":10},{"type":"keyUp","value":""}]}]}
COMMAND: POST /session/cd4e213f90090bc7497a341d701e98a6/execute/async - {"script":"<script> [1562 bytes]","args":[{"selector":{"id":"createOrganizationPop--grZone","searchOpenDialogs":true,"interaction":{"idSuffix":"CbBg"}},"wdio_ui5_key":"createOrganizationPopgrZone"}]}
COMMAND: GET /session/cd4e213f90090bc7497a341d701e98a6/screenshot - {}
RESULT: {"script":"<script> [1562 bytes]","args":[{"selector":{"id":"createOrganizationPop--grZone","searchOpenDialogs":true,"interaction":{"idSuffix":"CbBg"}},"wdio_ui5_key":"createOrganizationPopgrZone"}]}
RESULT: undefined
COMMAND: POST /session/cd4e213f90090bc7497a341d701e98a6/element - {"using":"xpath","value":"//*[@id=\"createOrganizationPop--grZone\"]"}
RESULT: {}
RESULT: {"using":"xpath","value":"//*[@id=\"createOrganizationPop--grZone\"]"}
COMMAND: POST /session/cd4e213f90090bc7497a341d701e98a6/element/f.3EFE59E47BCAC700A535F57DF4769BD4.d.ACD7BEF23CE1D7BDF8125383F68FC94B.e.3063/click - {}
RESULT: {}
COMMAND: GET /session/cd4e213f90090bc7497a341d701e98a6/screenshot - {}
RESULT: {}
COMMAND: POST /session/cd4e213f90090bc7497a341d701e98a6/execute/async - {"script":"<script> [1562 bytes]","args":[{"selector":{"id":"createOrganizationPop--giZone","searchOpenDialogs":true,"interaction":{"idSuffix":"CbBg"}},"wdio_ui5_key":"createOrganizationPopgiZone"}]}
RESULT: {"script":"<script> [1562 bytes]","args":[{"selector":{"id":"createOrganizationPop--giZone","searchOpenDialogs":true,"interaction":{"idSuffix":"CbBg"}},"wdio_ui5_key":"createOrganizationPopgiZone"}]}
RESULT: undefined
COMMAND: POST /session/cd4e213f90090bc7497a341d701e98a6/element - {"using":"xpath","value":"//*[@id=\"createOrganizationPop--giZone\"]"}
RESULT: {"using":"xpath","value":"//*[@id=\"createOrganizationPop--giZone\"]"}
COMMAND: POST /session/cd4e213f90090bc7497a341d701e98a6/element/f.3EFE59E47BCAC700A535F57DF4769BD4.d.ACD7BEF23CE1D7BDF8125383F68FC94B.e.3065/click - {}
RESULT: {}
COMMAND: GET /session/cd4e213f90090bc7497a341d701e98a6/screenshot - {}
RESULT: {}
COMMAND: POST /session/cd4e213f90090bc7497a341d701e98a6/execute/async - {"script":"<script> [1562 bytes]","args":[{"selector":{"id":"createOrganizationPop--binNoInput","searchOpenDialogs":true,"interaction":{"idSuffix":"inner"}},"wdio_ui5_key":"createOrganizationPopbinNoInput"}]}
RESULT: {"script":"<script> [1562 bytes]","args":[{"selector":{"id":"createOrganizationPop--binNoInput","searchOpenDialogs":true,"interaction":{"idSuffix":"inner"}},"wdio_ui5_key":"createOrganizationPopbinNoInput"}]}
RESULT: undefined
COMMAND: POST /session/cd4e213f90090bc7497a341d701e98a6/execute/async - {"script":"<script> [776 bytes]","args":[{"enterText":"Bin-Wd","selector":{"id":"createOrganizationPop--binNoInput","searchOpenDialogs":true,"interaction":{"idSuffix":"inner"}},"clearTextFirst":true,"interactionType":"ENTER_TEXT"}]}
RESULT: {"script":"<script> [776 bytes]","args":[{"enterText":"Bin-Wd","selector":{"id":"createOrganizationPop--binNoInput","searchOpenDialogs":true,"interaction":{"idSuffix":"inner"}},"clearTextFirst":true,"interactionType":"ENTER_TEXT"}]}
COMMAND: POST /session/cd4e213f90090bc7497a341d701e98a6/execute/async - {"script":"<script> [1562 bytes]","args":[{"selector":{"id":"createOrganizationPop--descriptionId","searchOpenDialogs":true,"interaction":{"idSuffix":"inner"}},"wdio_ui5_key":"createOrganizationPopdescriptionId"}]}
RESULT: {"script":"<script> [1562 bytes]","args":[{"selector":{"id":"createOrganizationPop--descriptionId","searchOpenDialogs":true,"interaction":{"idSuffix":"inner"}},"wdio_ui5_key":"createOrganizationPopdescriptionId"}]}
RESULT: undefined
COMMAND: POST /session/cd4e213f90090bc7497a341d701e98a6/execute/async - {"script":"<script> [776 bytes]","args":[{"enterText":"Shipping-Wd","selector":{"id":"createOrganizationPop--descriptionId","searchOpenDialogs":true,"interaction":{"idSuffix":"inner"}},"clearTextFirst":true,"interactionType":"ENTER_TEXT"}]}
RESULT: {"script":"<script> [776 bytes]","args":[{"enterText":"Shipping-Wd","selector":{"id":"createOrganizationPop--descriptionId","searchOpenDialogs":true,"interaction":{"idSuffix":"inner"}},"clearTextFirst":true,"interactionType":"ENTER_TEXT"}]}
COMMAND: POST /session/cd4e213f90090bc7497a341d701e98a6/execute/async - {"script":"<script> [1562 bytes]","args":[{"selector":{"controlType":"sap.m.CheckBox","viewName":"etm.portal.ui.binstatusreport.view.MasterWareBins","viewId":"application-binstatusreport-display-component---warehousing","bindingPath":{"path":"","propertyPath":"/ZONE","modelName":"newBin"},"searchOpenDialogs":true,"interaction":{"idSuffix":"CbBg"}},"wdio_ui5_key":"etmportal.ui.binstatusreport.view.MasterWareBinssap.m.CheckBox{\"path\":\"\",\"propertyPath\":\"/ZONE\",\"modelName\":\"newBin\"}"}]}
RESULT: {"script":"<script> [1562 bytes]","args":[{"selector":{"controlType":"sap.m.CheckBox","viewName":"etm.portal.ui.binstatusreport.view.MasterWareBins","viewId":"application-binstatusreport-display-component---warehousing","bindingPath":{"path":"","propertyPath":"/ZONE","modelName":"newBin"},"searchOpenDialogs":true,"interaction":{"idSuffix":"CbBg"}},"wdio_ui5_key":"etmportal.ui.binstatusreport.view.MasterWareBinssap.m.CheckBox{\"path\":\"\",\"propertyPath\":\"/ZONE\",\"modelName\":\"newBin\"}"}]}
RESULT: undefined
COMMAND: POST /session/cd4e213f90090bc7497a341d701e98a6/element - {"using":"xpath","value":"//*[@id=\"__box56\"]"}
RESULT: {"using":"xpath","value":"//*[@id=\"__box56\"]"}
COMMAND: POST /session/cd4e213f90090bc7497a341d701e98a6/element/f.3EFE59E47BCAC700A535F57DF4769BD4.d.ACD7BEF23CE1D7BDF8125383F68FC94B.e.3069/click - {}
RESULT: {}
COMMAND: GET /session/cd4e213f90090bc7497a341d701e98a6/screenshot - {}
RESULT: {}
COMMAND: POST /session/cd4e213f90090bc7497a341d701e98a6/execute/async - {"script":"<script> [1562 bytes]","args":[{"selector":{"id":"createOrganizationPop--binTypesCB","searchOpenDialogs":true,"interaction":{"idSuffix":"inner"}},"wdio_ui5_key":"createOrganizationPopbinTypesCB"}]}
RESULT: {"script":"<script> [1562 bytes]","args":[{"selector":{"id":"createOrganizationPop--binTypesCB","searchOpenDialogs":true,"interaction":{"idSuffix":"inner"}},"wdio_ui5_key":"createOrganizationPopbinTypesCB"}]}
RESULT: undefined
COMMAND: POST /session/cd4e213f90090bc7497a341d701e98a6/execute/async - {"script":"<script> [776 bytes]","args":[{"enterText":"1 - General / No capacity check","selector":{"id":"createOrganizationPop--binTypesCB","searchOpenDialogs":true,"interaction":{"idSuffix":"inner"}},"clearTextFirst":true,"interactionType":"ENTER_TEXT"}]}
RESULT: {"script":"<script> [776 bytes]","args":[{"enterText":"1 - General / No capacity check","selector":{"id":"createOrganizationPop--binTypesCB","searchOpenDialogs":true,"interaction":{"idSuffix":"inner"}},"clearTextFirst":true,"interactionType":"ENTER_TEXT"}]}
COMMAND: POST /session/cd4e213f90090bc7497a341d701e98a6/actions - {"actions":[{"id":"action10","type":"key","parameters":{},"actions":[{"type":"keyDown","value":""},{"type":"pause","duration":10},{"type":"keyUp","value":""}]}]}
RESULT: {"actions":[{"id":"action10","type":"key","parameters":{},"actions":[{"type":"keyDown","value":""},{"type":"pause","duration":10},{"type":"keyUp","value":""}]}]}
COMMAND: GET /session/cd4e213f90090bc7497a341d701e98a6/screenshot - {}
RESULT: {}
COMMAND: POST /session/cd4e213f90090bc7497a341d701e98a6/execute/async - {"script":"<script> [1562 bytes]","args":[{"selector":{"id":"createOrganizationPop--finishBtn","searchOpenDialogs":true,"interaction":{"idSuffix":"BDI-content"}},"wdio_ui5_key":"createOrganizationPopfinishBtn"}]}
RESULT: {"script":"<script> [1562 bytes]","args":[{"selector":{"id":"createOrganizationPop--finishBtn","searchOpenDialogs":true,"interaction":{"idSuffix":"BDI-content"}},"wdio_ui5_key":"createOrganizationPopfinishBtn"}]}
RESULT: undefined
COMMAND: POST /session/cd4e213f90090bc7497a341d701e98a6/element - {"using":"xpath","value":"//*[@id=\"createOrganizationPop--finishBtn\"]"}
RESULT: {"using":"xpath","value":"//*[@id=\"createOrganizationPop--finishBtn\"]"}
COMMAND: POST /session/cd4e213f90090bc7497a341d701e98a6/element/f.3EFE59E47BCAC700A535F57DF4769BD4.d.ACD7BEF23CE1D7BDF8125383F68FC94B.e.3072/click - {}
RESULT: {}
COMMAND: GET /session/cd4e213f90090bc7497a341d701e98a6/screenshot - {}
RESULT: {}
COMMAND: POST /session/cd4e213f90090bc7497a341d701e98a6/element - {"using":"css selector","value":"#shell-header-logo"}
RESULT: {"using":"css selector","value":"#shell-header-logo"}
COMMAND: POST /session/cd4e213f90090bc7497a341d701e98a6/element/f.3EFE59E47BCAC700A535F57DF4769BD4.d.ACD7BEF23CE1D7BDF8125383F68FC94B.e.2962/click - {}
RESULT: {}
COMMAND: GET /session/cd4e213f90090bc7497a341d701e98a6/screenshot - {}
RESULT: {}
]]></system-out>
    </testcase>
    <testcase classname="chrome.136_0_7103_93.windows.Stock_increase_-_with_WHM_US125587" name="Bin Status Report Should Create New Organization for Site" time="80.939">
      <system-out><![CDATA[
RESULT: undefined
COMMAND: POST /session/cd4e213f90090bc7497a341d701e98a6/element - {"using":"xpath","value":"//*[@id=\"__tile104\"]"}
RESULT: {"using":"xpath","value":"//*[@id=\"__tile104\"]"}
COMMAND: POST /session/cd4e213f90090bc7497a341d701e98a6/element/f.3EFE59E47BCAC700A535F57DF4769BD4.d.ACD7BEF23CE1D7BDF8125383F68FC94B.e.2955/click - {}
RESULT: {}
COMMAND: GET /session/cd4e213f90090bc7497a341d701e98a6/screenshot - {}
RESULT: {}
COMMAND: POST /session/cd4e213f90090bc7497a341d701e98a6/elements - {"using":"xpath","value":"//span[text()='Error']"}
RESULT: {"using":"xpath","value":"//span[text()='Error']"}
COMMAND: POST /session/cd4e213f90090bc7497a341d701e98a6/element - {"using":"xpath","value":"//button[@id=\"application-binstatusreport-display-component---warehousing--createOrgBtn\"]"}
RESULT: {"using":"xpath","value":"//button[@id=\"application-binstatusreport-display-component---warehousing--createOrgBtn\"]"}
COMMAND: POST /session/cd4e213f90090bc7497a341d701e98a6/elements - {"using":"xpath","value":"//button[@id=\"application-binstatusreport-display-component---warehousing--createOrgBtn\"]"}
RESULT: {"using":"xpath","value":"//button[@id=\"application-binstatusreport-display-component---warehousing--createOrgBtn\"]"}
COMMAND: POST /session/cd4e213f90090bc7497a341d701e98a6/execute/sync - {"script":"<script> [8489 bytes]","args":[{"element-6066-11e4-a52e-4f735466cecf":"f.3EFE59E47BCAC700A535F57DF4769BD4.d.ACD7BEF23CE1D7BDF8125383F68FC94B.e.3134","ELEMENT":"f.3EFE59E47BCAC700A535F57DF4769BD4.d.ACD7BEF23CE1D7BDF8125383F68FC94B.e.3134"}]}
RESULT: {"script":"<script> [8489 bytes]","args":[{"element-6066-11e4-a52e-4f735466cecf":"f.3EFE59E47BCAC700A535F57DF4769BD4.d.ACD7BEF23CE1D7BDF8125383F68FC94B.e.3134","ELEMENT":"f.3EFE59E47BCAC700A535F57DF4769BD4.d.ACD7BEF23CE1D7BDF8125383F68FC94B.e.3134"}]}
COMMAND: GET /session/cd4e213f90090bc7497a341d701e98a6/element/f.3EFE59E47BCAC700A535F57DF4769BD4.d.ACD7BEF23CE1D7BDF8125383F68FC94B.e.3134/enabled - {}
COMMAND: GET /session/cd4e213f90090bc7497a341d701e98a6/screenshot - {}
RESULT: {}
COMMAND: POST /session/cd4e213f90090bc7497a341d701e98a6/execute/sync - {"script":"<script> [8489 bytes]","args":[{"element-6066-11e4-a52e-4f735466cecf":"f.3EFE59E47BCAC700A535F57DF4769BD4.d.ACD7BEF23CE1D7BDF8125383F68FC94B.e.3134","ELEMENT":"f.3EFE59E47BCAC700A535F57DF4769BD4.d.ACD7BEF23CE1D7BDF8125383F68FC94B.e.3134"}]}
COMMAND: GET /session/cd4e213f90090bc7497a341d701e98a6/screenshot - {}
RESULT: {}
RESULT: {"script":"<script> [8489 bytes]","args":[{"element-6066-11e4-a52e-4f735466cecf":"f.3EFE59E47BCAC700A535F57DF4769BD4.d.ACD7BEF23CE1D7BDF8125383F68FC94B.e.3134","ELEMENT":"f.3EFE59E47BCAC700A535F57DF4769BD4.d.ACD7BEF23CE1D7BDF8125383F68FC94B.e.3134"}]}
COMMAND: POST /session/cd4e213f90090bc7497a341d701e98a6/execute/sync - {"script":"<script> [5351 bytes]","args":[{"element-6066-11e4-a52e-4f735466cecf":"f.3EFE59E47BCAC700A535F57DF4769BD4.d.ACD7BEF23CE1D7BDF8125383F68FC94B.e.3134","ELEMENT":"f.3EFE59E47BCAC700A535F57DF4769BD4.d.ACD7BEF23CE1D7BDF8125383F68FC94B.e.3134"}]}
COMMAND: GET /session/cd4e213f90090bc7497a341d701e98a6/screenshot - {}
RESULT: {}
RESULT: {"script":"<script> [5351 bytes]","args":[{"element-6066-11e4-a52e-4f735466cecf":"f.3EFE59E47BCAC700A535F57DF4769BD4.d.ACD7BEF23CE1D7BDF8125383F68FC94B.e.3134","ELEMENT":"f.3EFE59E47BCAC700A535F57DF4769BD4.d.ACD7BEF23CE1D7BDF8125383F68FC94B.e.3134"}]}
COMMAND: GET /session/cd4e213f90090bc7497a341d701e98a6/screenshot - {}
RESULT: {}
RESULT: {}
COMMAND: POST /session/cd4e213f90090bc7497a341d701e98a6/element/f.3EFE59E47BCAC700A535F57DF4769BD4.d.ACD7BEF23CE1D7BDF8125383F68FC94B.e.3134/click - {}
RESULT: {}
COMMAND: GET /session/cd4e213f90090bc7497a341d701e98a6/screenshot - {}
RESULT: {}
RESULT: undefined
COMMAND: POST /session/cd4e213f90090bc7497a341d701e98a6/execute/async - {"script":"<script> [776 bytes]","args":[{"enterText":"2359","selector":{"id":"createOrganizationPop--sectionInput","searchOpenDialogs":true,"interaction":{"idSuffix":"inner"}},"clearTextFirst":true,"interactionType":"ENTER_TEXT"}]}
RESULT: {"script":"<script> [776 bytes]","args":[{"enterText":"2359","selector":{"id":"createOrganizationPop--sectionInput","searchOpenDialogs":true,"interaction":{"idSuffix":"inner"}},"clearTextFirst":true,"interactionType":"ENTER_TEXT"}]}
RESULT: undefined
COMMAND: POST /session/cd4e213f90090bc7497a341d701e98a6/execute/async - {"script":"<script> [776 bytes]","args":[{"enterText":"WDIO-2359","selector":{"id":"createOrganizationPop--descriptionInput","searchOpenDialogs":true,"interaction":{"idSuffix":"inner"}},"clearTextFirst":true,"interactionType":"ENTER_TEXT"}]}
RESULT: {"script":"<script> [776 bytes]","args":[{"enterText":"WDIO-2359","selector":{"id":"createOrganizationPop--descriptionInput","searchOpenDialogs":true,"interaction":{"idSuffix":"inner"}},"clearTextFirst":true,"interactionType":"ENTER_TEXT"}]}
COMMAND: POST /session/cd4e213f90090bc7497a341d701e98a6/element - {"using":"css selector","value":"#createOrganizationPop--siteOrg-inner"}
RESULT: {"using":"css selector","value":"#createOrganizationPop--siteOrg-inner"}
COMMAND: POST /session/cd4e213f90090bc7497a341d701e98a6/element/f.3EFE59E47BCAC700A535F57DF4769BD4.d.ACD7BEF23CE1D7BDF8125383F68FC94B.e.3151/clear - {}
RESULT: {}
COMMAND: POST /session/cd4e213f90090bc7497a341d701e98a6/element/f.3EFE59E47BCAC700A535F57DF4769BD4.d.ACD7BEF23CE1D7BDF8125383F68FC94B.e.3151/value - {"text":"2359"}
COMMAND: GET /session/cd4e213f90090bc7497a341d701e98a6/screenshot - {}
RESULT: {"text":"2359"}
COMMAND: GET /session/cd4e213f90090bc7497a341d701e98a6/screenshot - {}
RESULT: {}
RESULT: {}
COMMAND: POST /session/cd4e213f90090bc7497a341d701e98a6/actions - {"actions":[{"id":"action11","type":"key","parameters":{},"actions":[{"type":"keyDown","value":""},{"type":"pause","duration":10},{"type":"keyUp","value":""}]}]}
RESULT: {"actions":[{"id":"action11","type":"key","parameters":{},"actions":[{"type":"keyDown","value":""},{"type":"pause","duration":10},{"type":"keyUp","value":""}]}]}
RESULT: undefined
COMMAND: POST /session/cd4e213f90090bc7497a341d701e98a6/element - {"using":"xpath","value":"//*[@id=\"createOrganizationPop--giZone\"]"}
COMMAND: GET /session/cd4e213f90090bc7497a341d701e98a6/screenshot - {}
RESULT: {"using":"xpath","value":"//*[@id=\"createOrganizationPop--giZone\"]"}
COMMAND: POST /session/cd4e213f90090bc7497a341d701e98a6/element/f.3EFE59E47BCAC700A535F57DF4769BD4.d.ACD7BEF23CE1D7BDF8125383F68FC94B.e.3169/click - {}
RESULT: {}
RESULT: {}
COMMAND: GET /session/cd4e213f90090bc7497a341d701e98a6/screenshot - {}
RESULT: {}
RESULT: undefined
COMMAND: POST /session/cd4e213f90090bc7497a341d701e98a6/execute/async - {"script":"<script> [776 bytes]","args":[{"enterText":"WD-BIN","selector":{"id":"createOrganizationPop--binNoInput","searchOpenDialogs":true,"interaction":{"idSuffix":"inner"}},"clearTextFirst":true,"interactionType":"ENTER_TEXT"}]}
RESULT: {"script":"<script> [776 bytes]","args":[{"enterText":"WD-BIN","selector":{"id":"createOrganizationPop--binNoInput","searchOpenDialogs":true,"interaction":{"idSuffix":"inner"}},"clearTextFirst":true,"interactionType":"ENTER_TEXT"}]}
RESULT: undefined
COMMAND: POST /session/cd4e213f90090bc7497a341d701e98a6/execute/async - {"script":"<script> [776 bytes]","args":[{"enterText":"WD-BIN","selector":{"id":"createOrganizationPop--descriptionId","searchOpenDialogs":true,"interaction":{"idSuffix":"inner"}},"clearTextFirst":true,"interactionType":"ENTER_TEXT"}]}
RESULT: {"script":"<script> [776 bytes]","args":[{"enterText":"WD-BIN","selector":{"id":"createOrganizationPop--descriptionId","searchOpenDialogs":true,"interaction":{"idSuffix":"inner"}},"clearTextFirst":true,"interactionType":"ENTER_TEXT"}]}
COMMAND: POST /session/cd4e213f90090bc7497a341d701e98a6/execute/async - {"script":"<script> [1562 bytes]","args":[{"selector":{"controlType":"sap.m.CheckBox","viewName":"etm.portal.ui.binstatusreport.view.MasterWareBins","viewId":"application-binstatusreport-display-component---warehousing","bindingPath":{"propertyPath":"/ZONE","modelName":"newBin"},"searchOpenDialogs":true,"interaction":{"idSuffix":"CbBg"}},"wdio_ui5_key":"etmportal.ui.binstatusreport.view.MasterWareBinssap.m.CheckBox{\"propertyPath\":\"/ZONE\",\"modelName\":\"newBin\"}"}]}
RESULT: {"script":"<script> [1562 bytes]","args":[{"selector":{"controlType":"sap.m.CheckBox","viewName":"etm.portal.ui.binstatusreport.view.MasterWareBins","viewId":"application-binstatusreport-display-component---warehousing","bindingPath":{"propertyPath":"/ZONE","modelName":"newBin"},"searchOpenDialogs":true,"interaction":{"idSuffix":"CbBg"}},"wdio_ui5_key":"etmportal.ui.binstatusreport.view.MasterWareBinssap.m.CheckBox{\"propertyPath\":\"/ZONE\",\"modelName\":\"newBin\"}"}]}
RESULT: undefined
COMMAND: POST /session/cd4e213f90090bc7497a341d701e98a6/element - {"using":"xpath","value":"//*[@id=\"__box68\"]"}
RESULT: {"using":"xpath","value":"//*[@id=\"__box68\"]"}
COMMAND: POST /session/cd4e213f90090bc7497a341d701e98a6/element/f.3EFE59E47BCAC700A535F57DF4769BD4.d.ACD7BEF23CE1D7BDF8125383F68FC94B.e.3171/click - {}
RESULT: {}
COMMAND: GET /session/cd4e213f90090bc7497a341d701e98a6/screenshot - {}
RESULT: {}
RESULT: undefined
COMMAND: POST /session/cd4e213f90090bc7497a341d701e98a6/execute/async - {"script":"<script> [776 bytes]","args":[{"enterText":"1 - General / No capacity check","selector":{"id":"createOrganizationPop--binTypesCB","searchOpenDialogs":true,"interaction":{"idSuffix":"inner"}},"clearTextFirst":true,"interactionType":"ENTER_TEXT"}]}
RESULT: {"script":"<script> [776 bytes]","args":[{"enterText":"1 - General / No capacity check","selector":{"id":"createOrganizationPop--binTypesCB","searchOpenDialogs":true,"interaction":{"idSuffix":"inner"}},"clearTextFirst":true,"interactionType":"ENTER_TEXT"}]}
COMMAND: POST /session/cd4e213f90090bc7497a341d701e98a6/execute/async - {"script":"<script> [1562 bytes]","args":[{"selector":{"id":"createOrganizationPop--capacityId","searchOpenDialogs":true,"interaction":{"idSuffix":"inner"}},"wdio_ui5_key":"createOrganizationPopcapacityId"}]}
RESULT: {"script":"<script> [1562 bytes]","args":[{"selector":{"id":"createOrganizationPop--capacityId","searchOpenDialogs":true,"interaction":{"idSuffix":"inner"}},"wdio_ui5_key":"createOrganizationPopcapacityId"}]}
RESULT: undefined
COMMAND: POST /session/cd4e213f90090bc7497a341d701e98a6/actions - {"actions":[{"id":"action12","type":"key","parameters":{},"actions":[{"type":"keyDown","value":""},{"type":"pause","duration":10},{"type":"keyUp","value":""}]}]}
RESULT: {"actions":[{"id":"action12","type":"key","parameters":{},"actions":[{"type":"keyDown","value":""},{"type":"pause","duration":10},{"type":"keyUp","value":""}]}]}
COMMAND: GET /session/cd4e213f90090bc7497a341d701e98a6/screenshot - {}
RESULT: {}
RESULT: undefined
COMMAND: POST /session/cd4e213f90090bc7497a341d701e98a6/element - {"using":"xpath","value":"//*[@id=\"createOrganizationPop--finishBtn\"]"}
RESULT: {"using":"xpath","value":"//*[@id=\"createOrganizationPop--finishBtn\"]"}
COMMAND: POST /session/cd4e213f90090bc7497a341d701e98a6/element/f.3EFE59E47BCAC700A535F57DF4769BD4.d.ACD7BEF23CE1D7BDF8125383F68FC94B.e.3172/click - {}
RESULT: {}
COMMAND: GET /session/cd4e213f90090bc7497a341d701e98a6/screenshot - {}
COMMAND: POST /session/cd4e213f90090bc7497a341d701e98a6/element - {"using":"css selector","value":"#shell-header-logo"}
RESULT: {}
RESULT: {"using":"css selector","value":"#shell-header-logo"}
COMMAND: POST /session/cd4e213f90090bc7497a341d701e98a6/element/f.3EFE59E47BCAC700A535F57DF4769BD4.d.ACD7BEF23CE1D7BDF8125383F68FC94B.e.3081/click - {}
RESULT: {}
COMMAND: GET /session/cd4e213f90090bc7497a341d701e98a6/screenshot - {}
RESULT: {}
]]></system-out>
    </testcase>
    <testcase classname="chrome.136_0_7103_93.windows.Stock_increase_-_with_WHM_US125587" name="Create a Warehouse Movement for created yard" time="49.937">
      <system-out><![CDATA[
COMMAND: POST /session/cd4e213f90090bc7497a341d701e98a6/execute/async - {"script":"<script> [1562 bytes]","args":[{"selector":{"controlType":"sap.m.GenericTile","properties":{"header":"Manage Warehouse Movements"}},"wdio_ui5_key":"sapm.GenericTile{\"header\":\"Manage Warehouse Movements\"}"}]}
RESULT: {"script":"<script> [1562 bytes]","args":[{"selector":{"controlType":"sap.m.GenericTile","properties":{"header":"Manage Warehouse Movements"}},"wdio_ui5_key":"sapm.GenericTile{\"header\":\"Manage Warehouse Movements\"}"}]}
RESULT: undefined
COMMAND: POST /session/cd4e213f90090bc7497a341d701e98a6/element - {"using":"xpath","value":"//*[@id=\"__tile105\"]"}
RESULT: {"using":"xpath","value":"//*[@id=\"__tile105\"]"}
COMMAND: POST /session/cd4e213f90090bc7497a341d701e98a6/element/f.3EFE59E47BCAC700A535F57DF4769BD4.d.ACD7BEF23CE1D7BDF8125383F68FC94B.e.3175/click - {}
RESULT: {}
COMMAND: GET /session/cd4e213f90090bc7497a341d701e98a6/screenshot - {}
RESULT: {}
COMMAND: POST /session/cd4e213f90090bc7497a341d701e98a6/elements - {"using":"xpath","value":"//span[text()='Error']"}
RESULT: {"using":"xpath","value":"//span[text()='Error']"}
COMMAND: POST /session/cd4e213f90090bc7497a341d701e98a6/element - {"using":"xpath","value":"//input[@id='application-warehousemovements-display-component---warehouseMovements--smartFilterBar-filterItemControl_BASIC-YARD-inner']"}
RESULT: {"using":"xpath","value":"//input[@id='application-warehousemovements-display-component---warehouseMovements--smartFilterBar-filterItemControl_BASIC-YARD-inner']"}
COMMAND: POST /session/cd4e213f90090bc7497a341d701e98a6/elements - {"using":"xpath","value":"//input[@id='application-warehousemovements-display-component---warehouseMovements--smartFilterBar-filterItemControl_BASIC-YARD-inner']"}
RESULT: {"using":"xpath","value":"//input[@id='application-warehousemovements-display-component---warehouseMovements--smartFilterBar-filterItemControl_BASIC-YARD-inner']"}
COMMAND: POST /session/cd4e213f90090bc7497a341d701e98a6/execute/sync - {"script":"<script> [8489 bytes]","args":[{"element-6066-11e4-a52e-4f735466cecf":"f.3EFE59E47BCAC700A535F57DF4769BD4.d.ACD7BEF23CE1D7BDF8125383F68FC94B.e.3197","ELEMENT":"f.3EFE59E47BCAC700A535F57DF4769BD4.d.ACD7BEF23CE1D7BDF8125383F68FC94B.e.3197"}]}
RESULT: {"script":"<script> [8489 bytes]","args":[{"element-6066-11e4-a52e-4f735466cecf":"f.3EFE59E47BCAC700A535F57DF4769BD4.d.ACD7BEF23CE1D7BDF8125383F68FC94B.e.3197","ELEMENT":"f.3EFE59E47BCAC700A535F57DF4769BD4.d.ACD7BEF23CE1D7BDF8125383F68FC94B.e.3197"}]}
COMMAND: GET /session/cd4e213f90090bc7497a341d701e98a6/element/f.3EFE59E47BCAC700A535F57DF4769BD4.d.ACD7BEF23CE1D7BDF8125383F68FC94B.e.3197/enabled - {}
COMMAND: GET /session/cd4e213f90090bc7497a341d701e98a6/screenshot - {}
RESULT: {}
COMMAND: POST /session/cd4e213f90090bc7497a341d701e98a6/execute/sync - {"script":"<script> [8489 bytes]","args":[{"element-6066-11e4-a52e-4f735466cecf":"f.3EFE59E47BCAC700A535F57DF4769BD4.d.ACD7BEF23CE1D7BDF8125383F68FC94B.e.3197","ELEMENT":"f.3EFE59E47BCAC700A535F57DF4769BD4.d.ACD7BEF23CE1D7BDF8125383F68FC94B.e.3197"}]}
COMMAND: GET /session/cd4e213f90090bc7497a341d701e98a6/screenshot - {}
RESULT: {}
RESULT: {"script":"<script> [8489 bytes]","args":[{"element-6066-11e4-a52e-4f735466cecf":"f.3EFE59E47BCAC700A535F57DF4769BD4.d.ACD7BEF23CE1D7BDF8125383F68FC94B.e.3197","ELEMENT":"f.3EFE59E47BCAC700A535F57DF4769BD4.d.ACD7BEF23CE1D7BDF8125383F68FC94B.e.3197"}]}
COMMAND: POST /session/cd4e213f90090bc7497a341d701e98a6/execute/sync - {"script":"<script> [5351 bytes]","args":[{"element-6066-11e4-a52e-4f735466cecf":"f.3EFE59E47BCAC700A535F57DF4769BD4.d.ACD7BEF23CE1D7BDF8125383F68FC94B.e.3197","ELEMENT":"f.3EFE59E47BCAC700A535F57DF4769BD4.d.ACD7BEF23CE1D7BDF8125383F68FC94B.e.3197"}]}
COMMAND: GET /session/cd4e213f90090bc7497a341d701e98a6/screenshot - {}
RESULT: {}
RESULT: {"script":"<script> [5351 bytes]","args":[{"element-6066-11e4-a52e-4f735466cecf":"f.3EFE59E47BCAC700A535F57DF4769BD4.d.ACD7BEF23CE1D7BDF8125383F68FC94B.e.3197","ELEMENT":"f.3EFE59E47BCAC700A535F57DF4769BD4.d.ACD7BEF23CE1D7BDF8125383F68FC94B.e.3197"}]}
COMMAND: GET /session/cd4e213f90090bc7497a341d701e98a6/screenshot - {}
RESULT: {}
RESULT: {}
COMMAND: POST /session/cd4e213f90090bc7497a341d701e98a6/element/f.3EFE59E47BCAC700A535F57DF4769BD4.d.ACD7BEF23CE1D7BDF8125383F68FC94B.e.3197/clear - {}
RESULT: {}
COMMAND: POST /session/cd4e213f90090bc7497a341d701e98a6/element/f.3EFE59E47BCAC700A535F57DF4769BD4.d.ACD7BEF23CE1D7BDF8125383F68FC94B.e.3197/value - {"text":"672"}
COMMAND: GET /session/cd4e213f90090bc7497a341d701e98a6/screenshot - {}
RESULT: {"text":"672"}
COMMAND: POST /session/cd4e213f90090bc7497a341d701e98a6/actions - {"actions":[{"id":"action13","type":"key","parameters":{},"actions":[{"type":"keyDown","value":""},{"type":"pause","duration":10},{"type":"keyUp","value":""}]}]}
COMMAND: GET /session/cd4e213f90090bc7497a341d701e98a6/screenshot - {}
RESULT: {}
RESULT: {"actions":[{"id":"action13","type":"key","parameters":{},"actions":[{"type":"keyDown","value":""},{"type":"pause","duration":10},{"type":"keyUp","value":""}]}]}
COMMAND: GET /session/cd4e213f90090bc7497a341d701e98a6/screenshot - {}
RESULT: {}
RESULT: {}
COMMAND: POST /session/cd4e213f90090bc7497a341d701e98a6/element - {"using":"xpath","value":"//button[contains(@data-kt, \"MasterMovementAddOverflowToolbarButton\")]"}
RESULT: {"using":"xpath","value":"//button[contains(@data-kt, \"MasterMovementAddOverflowToolbarButton\")]"}
COMMAND: POST /session/cd4e213f90090bc7497a341d701e98a6/element/f.3EFE59E47BCAC700A535F57DF4769BD4.d.ACD7BEF23CE1D7BDF8125383F68FC94B.e.3219/click - {}
RESULT: {}
COMMAND: GET /session/cd4e213f90090bc7497a341d701e98a6/screenshot - {}
RESULT: {}
COMMAND: POST /session/cd4e213f90090bc7497a341d701e98a6/element - {"using":"xpath","value":"//*[@id=\"application-warehousemovements-display-component---addMovement--sectionsList-arrow\"]"}
RESULT: {"using":"xpath","value":"//*[@id=\"application-warehousemovements-display-component---addMovement--sectionsList-arrow\"]"}
COMMAND: POST /session/cd4e213f90090bc7497a341d701e98a6/element/f.3EFE59E47BCAC700A535F57DF4769BD4.d.ACD7BEF23CE1D7BDF8125383F68FC94B.e.3370/click - {}
RESULT: {}
COMMAND: POST /session/cd4e213f90090bc7497a341d701e98a6/actions - {"actions":[{"id":"action14","type":"key","parameters":{},"actions":[{"type":"keyDown","value":""},{"type":"pause","duration":10},{"type":"keyUp","value":""}]}]}
COMMAND: GET /session/cd4e213f90090bc7497a341d701e98a6/screenshot - {}
RESULT: {"actions":[{"id":"action14","type":"key","parameters":{},"actions":[{"type":"keyDown","value":""},{"type":"pause","duration":10},{"type":"keyUp","value":""}]}]}
COMMAND: GET /session/cd4e213f90090bc7497a341d701e98a6/screenshot - {}
RESULT: {}
RESULT: {}
COMMAND: POST /session/cd4e213f90090bc7497a341d701e98a6/actions - {"actions":[{"id":"action15","type":"key","parameters":{},"actions":[{"type":"keyDown","value":""},{"type":"pause","duration":10},{"type":"keyUp","value":""}]}]}
RESULT: {"actions":[{"id":"action15","type":"key","parameters":{},"actions":[{"type":"keyDown","value":""},{"type":"pause","duration":10},{"type":"keyUp","value":""}]}]}
COMMAND: GET /session/cd4e213f90090bc7497a341d701e98a6/screenshot - {}
RESULT: {}
COMMAND: POST /session/cd4e213f90090bc7497a341d701e98a6/element - {"using":"xpath","value":"//*[@id=\"application-warehousemovements-display-component---addMovement--saveMovementBtn-BDI-content\" and text()=\"Save\"]"}
RESULT: {"using":"xpath","value":"//*[@id=\"application-warehousemovements-display-component---addMovement--saveMovementBtn-BDI-content\" and text()=\"Save\"]"}
COMMAND: POST /session/cd4e213f90090bc7497a341d701e98a6/element/f.3EFE59E47BCAC700A535F57DF4769BD4.d.ACD7BEF23CE1D7BDF8125383F68FC94B.e.3371/click - {}
RESULT: {}
COMMAND: GET /session/cd4e213f90090bc7497a341d701e98a6/screenshot - {}
RESULT: {}
COMMAND: POST /session/cd4e213f90090bc7497a341d701e98a6/element - {"using":"css selector","value":"#shell-header-logo"}
RESULT: {"using":"css selector","value":"#shell-header-logo"}
COMMAND: POST /session/cd4e213f90090bc7497a341d701e98a6/element/f.3EFE59E47BCAC700A535F57DF4769BD4.d.ACD7BEF23CE1D7BDF8125383F68FC94B.e.3178/click - {}
RESULT: {}
COMMAND: GET /session/cd4e213f90090bc7497a341d701e98a6/screenshot - {}
RESULT: {}
]]></system-out>
    </testcase>
    <testcase classname="chrome.136_0_7103_93.windows.Stock_increase_-_with_WHM_US125587" name="Should do a stock increase handover" time="97.277">
      <system-out><![CDATA[
COMMAND: POST /session/cd4e213f90090bc7497a341d701e98a6/execute/async - {"script":"<script> [1562 bytes]","args":[{"selector":{"controlType":"sap.m.GenericTile","properties":{"header":"Manage Handovers"}},"wdio_ui5_key":"sapm.GenericTile{\"header\":\"Manage Handovers\"}"}]}
RESULT: {"script":"<script> [1562 bytes]","args":[{"selector":{"controlType":"sap.m.GenericTile","properties":{"header":"Manage Handovers"}},"wdio_ui5_key":"sapm.GenericTile{\"header\":\"Manage Handovers\"}"}]}
RESULT: undefined
COMMAND: POST /session/cd4e213f90090bc7497a341d701e98a6/element - {"using":"xpath","value":"//*[@id=\"__tile131\"]"}
RESULT: {"using":"xpath","value":"//*[@id=\"__tile131\"]"}
COMMAND: POST /session/cd4e213f90090bc7497a341d701e98a6/element/f.3EFE59E47BCAC700A535F57DF4769BD4.d.ACD7BEF23CE1D7BDF8125383F68FC94B.e.215/click - {}
RESULT: {}
COMMAND: GET /session/cd4e213f90090bc7497a341d701e98a6/screenshot - {}
RESULT: {}
COMMAND: POST /session/cd4e213f90090bc7497a341d701e98a6/elements - {"using":"xpath","value":"//span[text()='Error']"}
RESULT: {"using":"xpath","value":"//span[text()='Error']"}
COMMAND: POST /session/cd4e213f90090bc7497a341d701e98a6/element - {"using":"xpath","value":"//button[@data-kt=\"masterHOAddButton\"]"}
RESULT: {"using":"xpath","value":"//button[@data-kt=\"masterHOAddButton\"]"}
COMMAND: POST /session/cd4e213f90090bc7497a341d701e98a6/elements - {"using":"xpath","value":"//button[@data-kt=\"masterHOAddButton\"]"}
RESULT: {"using":"xpath","value":"//button[@data-kt=\"masterHOAddButton\"]"}
COMMAND: POST /session/cd4e213f90090bc7497a341d701e98a6/elements - {"using":"xpath","value":"//button[@data-kt=\"masterHOAddButton\"]"}
RESULT: {"using":"xpath","value":"//button[@data-kt=\"masterHOAddButton\"]"}
COMMAND: POST /session/cd4e213f90090bc7497a341d701e98a6/element - {"using":"xpath","value":"//button[@data-kt=\"masterHOAddButton\"]"}
RESULT: {"using":"xpath","value":"//button[@data-kt=\"masterHOAddButton\"]"}
COMMAND: POST /session/cd4e213f90090bc7497a341d701e98a6/execute/sync - {"script":"<script> [8489 bytes]","args":[{"element-6066-11e4-a52e-4f735466cecf":"f.3EFE59E47BCAC700A535F57DF4769BD4.d.ACD7BEF23CE1D7BDF8125383F68FC94B.e.3467","ELEMENT":"f.3EFE59E47BCAC700A535F57DF4769BD4.d.ACD7BEF23CE1D7BDF8125383F68FC94B.e.3467"}]}
RESULT: {"script":"<script> [8489 bytes]","args":[{"element-6066-11e4-a52e-4f735466cecf":"f.3EFE59E47BCAC700A535F57DF4769BD4.d.ACD7BEF23CE1D7BDF8125383F68FC94B.e.3467","ELEMENT":"f.3EFE59E47BCAC700A535F57DF4769BD4.d.ACD7BEF23CE1D7BDF8125383F68FC94B.e.3467"}]}
COMMAND: GET /session/cd4e213f90090bc7497a341d701e98a6/element/f.3EFE59E47BCAC700A535F57DF4769BD4.d.ACD7BEF23CE1D7BDF8125383F68FC94B.e.3467/enabled - {}
COMMAND: GET /session/cd4e213f90090bc7497a341d701e98a6/screenshot - {}
RESULT: {}
COMMAND: POST /session/cd4e213f90090bc7497a341d701e98a6/execute/sync - {"script":"<script> [8489 bytes]","args":[{"element-6066-11e4-a52e-4f735466cecf":"f.3EFE59E47BCAC700A535F57DF4769BD4.d.ACD7BEF23CE1D7BDF8125383F68FC94B.e.3467","ELEMENT":"f.3EFE59E47BCAC700A535F57DF4769BD4.d.ACD7BEF23CE1D7BDF8125383F68FC94B.e.3467"}]}
COMMAND: GET /session/cd4e213f90090bc7497a341d701e98a6/screenshot - {}
RESULT: {}
RESULT: {"script":"<script> [8489 bytes]","args":[{"element-6066-11e4-a52e-4f735466cecf":"f.3EFE59E47BCAC700A535F57DF4769BD4.d.ACD7BEF23CE1D7BDF8125383F68FC94B.e.3467","ELEMENT":"f.3EFE59E47BCAC700A535F57DF4769BD4.d.ACD7BEF23CE1D7BDF8125383F68FC94B.e.3467"}]}
COMMAND: POST /session/cd4e213f90090bc7497a341d701e98a6/execute/sync - {"script":"<script> [5351 bytes]","args":[{"element-6066-11e4-a52e-4f735466cecf":"f.3EFE59E47BCAC700A535F57DF4769BD4.d.ACD7BEF23CE1D7BDF8125383F68FC94B.e.3467","ELEMENT":"f.3EFE59E47BCAC700A535F57DF4769BD4.d.ACD7BEF23CE1D7BDF8125383F68FC94B.e.3467"}]}
COMMAND: GET /session/cd4e213f90090bc7497a341d701e98a6/screenshot - {}
RESULT: {}
RESULT: {"script":"<script> [5351 bytes]","args":[{"element-6066-11e4-a52e-4f735466cecf":"f.3EFE59E47BCAC700A535F57DF4769BD4.d.ACD7BEF23CE1D7BDF8125383F68FC94B.e.3467","ELEMENT":"f.3EFE59E47BCAC700A535F57DF4769BD4.d.ACD7BEF23CE1D7BDF8125383F68FC94B.e.3467"}]}
COMMAND: POST /session/cd4e213f90090bc7497a341d701e98a6/element/f.3EFE59E47BCAC700A535F57DF4769BD4.d.ACD7BEF23CE1D7BDF8125383F68FC94B.e.3467/click - {}
COMMAND: GET /session/cd4e213f90090bc7497a341d701e98a6/screenshot - {}
RESULT: {}
RESULT: {}
COMMAND: GET /session/cd4e213f90090bc7497a341d701e98a6/screenshot - {}
RESULT: {}
RESULT: {}
COMMAND: POST /session/cd4e213f90090bc7497a341d701e98a6/element - {"using":"xpath","value":"//span[contains(@id ,\"AddNewHO--typeSelect-arrow\")]"}
RESULT: {"using":"xpath","value":"//span[contains(@id ,\"AddNewHO--typeSelect-arrow\")]"}
COMMAND: POST /session/cd4e213f90090bc7497a341d701e98a6/element/f.3EFE59E47BCAC700A535F57DF4769BD4.d.ACD7BEF23CE1D7BDF8125383F68FC94B.e.3825/click - {}
RESULT: {}
COMMAND: GET /session/cd4e213f90090bc7497a341d701e98a6/screenshot - {}
RESULT: {}
COMMAND: POST /session/cd4e213f90090bc7497a341d701e98a6/element - {"using":"xpath","value":"(//li[contains(text(), \"stock increase yard\")])[1]"}
RESULT: {"using":"xpath","value":"(//li[contains(text(), \"stock increase yard\")])[1]"}
COMMAND: POST /session/cd4e213f90090bc7497a341d701e98a6/element/f.3EFE59E47BCAC700A535F57DF4769BD4.d.ACD7BEF23CE1D7BDF8125383F68FC94B.e.3826/click - {}
RESULT: {}
COMMAND: GET /session/cd4e213f90090bc7497a341d701e98a6/screenshot - {}
RESULT: {}
COMMAND: POST /session/cd4e213f90090bc7497a341d701e98a6/execute/async - {"script":"<script> [1562 bytes]","args":[{"selector":{"id":"application-managehandovers-display-component---AddNewHO--dueDate","interaction":{"idSuffix":"inner"}},"wdio_ui5_key":"applicationmanagehandovers-display-component---AddNewHO--dueDate"}]}
RESULT: {"script":"<script> [1562 bytes]","args":[{"selector":{"id":"application-managehandovers-display-component---AddNewHO--dueDate","interaction":{"idSuffix":"inner"}},"wdio_ui5_key":"applicationmanagehandovers-display-component---AddNewHO--dueDate"}]}
RESULT: undefined
COMMAND: POST /session/cd4e213f90090bc7497a341d701e98a6/execute/async - {"script":"<script> [6424 bytes]","args":[{"element-6066-11e4-a52e-4f735466cecf":"f.3EFE59E47BCAC700A535F57DF4769BD4.d.ACD7BEF23CE1D7BDF8125383F68FC94B.e.3828"},"setValue",["5/22/25"]]}
RESULT: {"script":"<script> [6424 bytes]","args":[{"element-6066-11e4-a52e-4f735466cecf":"f.3EFE59E47BCAC700A535F57DF4769BD4.d.ACD7BEF23CE1D7BDF8125383F68FC94B.e.3828"},"setValue",["5/22/25"]]}
COMMAND: POST /session/cd4e213f90090bc7497a341d701e98a6/element - {"using":"xpath","value":"//input[@id=\"generalSectionFrg--receiveYard-inner\"]"}
RESULT: {"using":"xpath","value":"//input[@id=\"generalSectionFrg--receiveYard-inner\"]"}
COMMAND: POST /session/cd4e213f90090bc7497a341d701e98a6/element/f.3EFE59E47BCAC700A535F57DF4769BD4.d.ACD7BEF23CE1D7BDF8125383F68FC94B.e.3832/clear - {}
RESULT: {}
COMMAND: POST /session/cd4e213f90090bc7497a341d701e98a6/element/f.3EFE59E47BCAC700A535F57DF4769BD4.d.ACD7BEF23CE1D7BDF8125383F68FC94B.e.3832/value - {"text":"672"}
COMMAND: GET /session/cd4e213f90090bc7497a341d701e98a6/screenshot - {}
RESULT: {"text":"672"}
COMMAND: GET /session/cd4e213f90090bc7497a341d701e98a6/screenshot - {}
RESULT: {}
RESULT: {}
COMMAND: POST /session/cd4e213f90090bc7497a341d701e98a6/element - {"using":"xpath","value":"//li[.//span[text()='672']]"}
RESULT: {"using":"xpath","value":"//li[.//span[text()='672']]"}
COMMAND: POST /session/cd4e213f90090bc7497a341d701e98a6/element/f.3EFE59E47BCAC700A535F57DF4769BD4.d.ACD7BEF23CE1D7BDF8125383F68FC94B.e.3849/click - {}
RESULT: {}
COMMAND: GET /session/cd4e213f90090bc7497a341d701e98a6/screenshot - {}
RESULT: {}
COMMAND: POST /session/cd4e213f90090bc7497a341d701e98a6/execute/async - {"script":"<script> [1562 bytes]","args":[{"selector":{"id":"application-managehandovers-display-component---AddNewHO--ObjectPageLayout-anchBar-application-managehandovers-display-component---AddNewHO--section4-anchor","interaction":{"idSuffix":"BDI-content"}},"wdio_ui5_key":"applicationmanagehandovers-display-component---AddNewHO--ObjectPageLayout-anchBar-application-managehandovers-display-component---AddNewHO--section4-anchor"}]}
RESULT: {"script":"<script> [1562 bytes]","args":[{"selector":{"id":"application-managehandovers-display-component---AddNewHO--ObjectPageLayout-anchBar-application-managehandovers-display-component---AddNewHO--section4-anchor","interaction":{"idSuffix":"BDI-content"}},"wdio_ui5_key":"applicationmanagehandovers-display-component---AddNewHO--ObjectPageLayout-anchBar-application-managehandovers-display-component---AddNewHO--section4-anchor"}]}
RESULT: undefined
COMMAND: POST /session/cd4e213f90090bc7497a341d701e98a6/element - {"using":"xpath","value":"//*[@id=\"application-managehandovers-display-component---AddNewHO--ObjectPageLayout-anchBar-application-managehandovers-display-component---AddNewHO--section4-anchor\"]"}
RESULT: {"using":"xpath","value":"//*[@id=\"application-managehandovers-display-component---AddNewHO--ObjectPageLayout-anchBar-application-managehandovers-display-component---AddNewHO--section4-anchor\"]"}
COMMAND: POST /session/cd4e213f90090bc7497a341d701e98a6/element/f.3EFE59E47BCAC700A535F57DF4769BD4.d.ACD7BEF23CE1D7BDF8125383F68FC94B.e.3851/click - {}
RESULT: {}
COMMAND: POST /session/cd4e213f90090bc7497a341d701e98a6/element - {"using":"xpath","value":"//button[@aria-label=\"Add\"]"}
COMMAND: GET /session/cd4e213f90090bc7497a341d701e98a6/screenshot - {}
RESULT: {"using":"xpath","value":"//button[@aria-label=\"Add\"]"}
COMMAND: POST /session/cd4e213f90090bc7497a341d701e98a6/element/f.3EFE59E47BCAC700A535F57DF4769BD4.d.ACD7BEF23CE1D7BDF8125383F68FC94B.e.3853/click - {}
RESULT: {}
RESULT: {}
COMMAND: GET /session/cd4e213f90090bc7497a341d701e98a6/screenshot - {}
RESULT: {}
COMMAND: POST /session/cd4e213f90090bc7497a341d701e98a6/execute/async - {"script":"<script> [1562 bytes]","args":[{"selector":{"id":"application-managehandovers-display-component---AddNewHO--smartFilterBar-btnBasicSearch","searchOpenDialogs":true,"interaction":{"idSuffix":"I"}},"wdio_ui5_key":"applicationmanagehandovers-display-component---AddNewHO--smartFilterBar-btnBasicSearch"}]}
RESULT: {"script":"<script> [1562 bytes]","args":[{"selector":{"id":"application-managehandovers-display-component---AddNewHO--smartFilterBar-btnBasicSearch","searchOpenDialogs":true,"interaction":{"idSuffix":"I"}},"wdio_ui5_key":"applicationmanagehandovers-display-component---AddNewHO--smartFilterBar-btnBasicSearch"}]}
RESULT: undefined
COMMAND: POST /session/cd4e213f90090bc7497a341d701e98a6/execute/async - {"script":"<script> [776 bytes]","args":[{"enterText":"200395","selector":{"id":"application-managehandovers-display-component---AddNewHO--smartFilterBar-btnBasicSearch","searchOpenDialogs":true,"interaction":{"idSuffix":"I"}},"clearTextFirst":true,"interactionType":"ENTER_TEXT"}]}
RESULT: {"script":"<script> [776 bytes]","args":[{"enterText":"200395","selector":{"id":"application-managehandovers-display-component---AddNewHO--smartFilterBar-btnBasicSearch","searchOpenDialogs":true,"interaction":{"idSuffix":"I"}},"clearTextFirst":true,"interactionType":"ENTER_TEXT"}]}
COMMAND: POST /session/cd4e213f90090bc7497a341d701e98a6/actions - {"actions":[{"id":"action16","type":"key","parameters":{},"actions":[{"type":"keyDown","value":""},{"type":"pause","duration":10},{"type":"keyUp","value":""}]}]}
RESULT: {"actions":[{"id":"action16","type":"key","parameters":{},"actions":[{"type":"keyDown","value":""},{"type":"pause","duration":10},{"type":"keyUp","value":""}]}]}
COMMAND: GET /session/cd4e213f90090bc7497a341d701e98a6/screenshot - {}
RESULT: {}
COMMAND: POST /session/cd4e213f90090bc7497a341d701e98a6/execute/async - {"script":"<script> [1562 bytes]","args":[{"selector":{"id":"application-managehandovers-display-component---AddNewHO--popup-sa","searchOpenDialogs":true,"interaction":{"idSuffix":"CbBg"}},"wdio_ui5_key":"applicationmanagehandovers-display-component---AddNewHO--popup-sa"}]}
RESULT: {"script":"<script> [1562 bytes]","args":[{"selector":{"id":"application-managehandovers-display-component---AddNewHO--popup-sa","searchOpenDialogs":true,"interaction":{"idSuffix":"CbBg"}},"wdio_ui5_key":"applicationmanagehandovers-display-component---AddNewHO--popup-sa"}]}
RESULT: undefined
COMMAND: POST /session/cd4e213f90090bc7497a341d701e98a6/element - {"using":"xpath","value":"//*[@id=\"application-managehandovers-display-component---AddNewHO--popup-sa\"]"}
RESULT: {"using":"xpath","value":"//*[@id=\"application-managehandovers-display-component---AddNewHO--popup-sa\"]"}
COMMAND: POST /session/cd4e213f90090bc7497a341d701e98a6/element/f.3EFE59E47BCAC700A535F57DF4769BD4.d.ACD7BEF23CE1D7BDF8125383F68FC94B.e.4007/click - {}
RESULT: {}
COMMAND: GET /session/cd4e213f90090bc7497a341d701e98a6/screenshot - {}
RESULT: {}
COMMAND: POST /session/cd4e213f90090bc7497a341d701e98a6/element - {"using":"xpath","value":"//bdi[contains(text(), \"Select\")]"}
RESULT: {"using":"xpath","value":"//bdi[contains(text(), \"Select\")]"}
COMMAND: POST /session/cd4e213f90090bc7497a341d701e98a6/element/f.3EFE59E47BCAC700A535F57DF4769BD4.d.ACD7BEF23CE1D7BDF8125383F68FC94B.e.4008/click - {}
RESULT: {}
COMMAND: GET /session/cd4e213f90090bc7497a341d701e98a6/screenshot - {}
RESULT: {}
COMMAND: POST /session/cd4e213f90090bc7497a341d701e98a6/element - {"using":"xpath","value":"//button[@data-kt=\"AddNewHOSaveButton\"]"}
RESULT: {"using":"xpath","value":"//button[@data-kt=\"AddNewHOSaveButton\"]"}
COMMAND: POST /session/cd4e213f90090bc7497a341d701e98a6/element/f.3EFE59E47BCAC700A535F57DF4769BD4.d.ACD7BEF23CE1D7BDF8125383F68FC94B.e.4012/click - {}
RESULT: {}
COMMAND: GET /session/cd4e213f90090bc7497a341d701e98a6/screenshot - {}
COMMAND: POST /session/cd4e213f90090bc7497a341d701e98a6/execute/async - {"script":"<script> [1562 bytes]","args":[{"selector":{"id":"receiptDatePicker","viewName":"etm.portal.ui.managehandovers.view.DetailExecuteHO","interaction":{"idSuffix":"inner"}},"wdio_ui5_key":"receiptDatePickeretmportal.ui.managehandovers.view.DetailExecuteHO"}]}
RESULT: {}
RESULT: {"script":"<script> [1562 bytes]","args":[{"selector":{"id":"receiptDatePicker","viewName":"etm.portal.ui.managehandovers.view.DetailExecuteHO","interaction":{"idSuffix":"inner"}},"wdio_ui5_key":"receiptDatePickeretmportal.ui.managehandovers.view.DetailExecuteHO"}]}
RESULT: undefined
COMMAND: POST /session/cd4e213f90090bc7497a341d701e98a6/execute/async - {"script":"<script> [6424 bytes]","args":[{"element-6066-11e4-a52e-4f735466cecf":"f.3EFE59E47BCAC700A535F57DF4769BD4.d.ACD7BEF23CE1D7BDF8125383F68FC94B.e.4032"},"setValue",["5/22/25"]]}
RESULT: {"script":"<script> [6424 bytes]","args":[{"element-6066-11e4-a52e-4f735466cecf":"f.3EFE59E47BCAC700A535F57DF4769BD4.d.ACD7BEF23CE1D7BDF8125383F68FC94B.e.4032"},"setValue",["5/22/25"]]}
COMMAND: POST /session/cd4e213f90090bc7497a341d701e98a6/element - {"using":"xpath","value":"//button[@data-kt=\"PickingTableConfirmAllButton\"]"}
RESULT: {"using":"xpath","value":"//button[@data-kt=\"PickingTableConfirmAllButton\"]"}
COMMAND: POST /session/cd4e213f90090bc7497a341d701e98a6/element/f.3EFE59E47BCAC700A535F57DF4769BD4.d.ACD7BEF23CE1D7BDF8125383F68FC94B.e.4048/click - {}
RESULT: {}
COMMAND: GET /session/cd4e213f90090bc7497a341d701e98a6/screenshot - {}
RESULT: {}
COMMAND: POST /session/cd4e213f90090bc7497a341d701e98a6/element - {"using":"xpath","value":"//bdi[contains(text(), \"OK\")]"}
RESULT: {"using":"xpath","value":"//bdi[contains(text(), \"OK\")]"}
COMMAND: POST /session/cd4e213f90090bc7497a341d701e98a6/element/f.3EFE59E47BCAC700A535F57DF4769BD4.d.ACD7BEF23CE1D7BDF8125383F68FC94B.e.4050/click - {}
RESULT: {}
COMMAND: GET /session/cd4e213f90090bc7497a341d701e98a6/screenshot - {}
RESULT: {}
COMMAND: POST /session/cd4e213f90090bc7497a341d701e98a6/element - {"using":"xpath","value":"(//bdi[contains(text(), \"Receive\")])[2]"}
RESULT: {"using":"xpath","value":"(//bdi[contains(text(), \"Receive\")])[2]"}
COMMAND: POST /session/cd4e213f90090bc7497a341d701e98a6/element/f.3EFE59E47BCAC700A535F57DF4769BD4.d.ACD7BEF23CE1D7BDF8125383F68FC94B.e.4052/click - {}
RESULT: {}
COMMAND: GET /session/cd4e213f90090bc7497a341d701e98a6/screenshot - {}
RESULT: {}
COMMAND: POST /session/cd4e213f90090bc7497a341d701e98a6/element - {"using":"css selector","value":"#shell-header-logo"}
RESULT: {"using":"css selector","value":"#shell-header-logo"}
COMMAND: POST /session/cd4e213f90090bc7497a341d701e98a6/element/f.3EFE59E47BCAC700A535F57DF4769BD4.d.ACD7BEF23CE1D7BDF8125383F68FC94B.e.3439/click - {}
RESULT: {}
COMMAND: GET /session/cd4e213f90090bc7497a341d701e98a6/screenshot - {}
RESULT: {}
COMMAND: POST /session/cd4e213f90090bc7497a341d701e98a6/element - {"using":"css selector","value":"#j_username"}
COMMAND: POST /session/cd4e213f90090bc7497a341d701e98a6/url - {"url":"https://qa-testing-00-live-etm-ui.cfapps.eu10-004.hana.ondemand.com/"}
RESULT: {"using":"css selector","value":"#j_username"}
COMMAND: POST /session/cd4e213f90090bc7497a341d701e98a6/element - {"using":"css selector","value":"#j_username"}
RESULT: {"url":"https://qa-testing-00-live-etm-ui.cfapps.eu10-004.hana.ondemand.com/"}
RESULT: undefined
COMMAND: GET /session/cd4e213f90090bc7497a341d701e98a6/screenshot - {}
RESULT: {"using":"css selector","value":"#j_username"}
COMMAND: POST /session/cd4e213f90090bc7497a341d701e98a6/element - {"using":"css selector","value":"#shell-header-logo"}
RESULT: {}
RESULT: {"using":"css selector","value":"#shell-header-logo"}
COMMAND: POST /session/cd4e213f90090bc7497a341d701e98a6/execute/sync - {"script":"<script> [8489 bytes]","args":[{"element-6066-11e4-a52e-4f735466cecf":"f.3EFE59E47BCAC700A535F57DF4769BD4.d.C2D3FF12AC0F6C400482280305C7FD32.e.4274","ELEMENT":"f.3EFE59E47BCAC700A535F57DF4769BD4.d.C2D3FF12AC0F6C400482280305C7FD32.e.4274"}]}
RESULT: {"script":"<script> [8489 bytes]","args":[{"element-6066-11e4-a52e-4f735466cecf":"f.3EFE59E47BCAC700A535F57DF4769BD4.d.C2D3FF12AC0F6C400482280305C7FD32.e.4274","ELEMENT":"f.3EFE59E47BCAC700A535F57DF4769BD4.d.C2D3FF12AC0F6C400482280305C7FD32.e.4274"}]}
COMMAND: POST /session/cd4e213f90090bc7497a341d701e98a6/element - {"using":"css selector","value":"#shell-header-logo"}
COMMAND: GET /session/cd4e213f90090bc7497a341d701e98a6/screenshot - {}
RESULT: {}
RESULT: {"using":"css selector","value":"#shell-header-logo"}
COMMAND: POST /session/cd4e213f90090bc7497a341d701e98a6/execute/sync - {"script":"<script> [8489 bytes]","args":[{"element-6066-11e4-a52e-4f735466cecf":"f.3EFE59E47BCAC700A535F57DF4769BD4.d.C2D3FF12AC0F6C400482280305C7FD32.e.4274","ELEMENT":"f.3EFE59E47BCAC700A535F57DF4769BD4.d.C2D3FF12AC0F6C400482280305C7FD32.e.4274"}]}
RESULT: {"script":"<script> [8489 bytes]","args":[{"element-6066-11e4-a52e-4f735466cecf":"f.3EFE59E47BCAC700A535F57DF4769BD4.d.C2D3FF12AC0F6C400482280305C7FD32.e.4274","ELEMENT":"f.3EFE59E47BCAC700A535F57DF4769BD4.d.C2D3FF12AC0F6C400482280305C7FD32.e.4274"}]}
COMMAND: POST /session/cd4e213f90090bc7497a341d701e98a6/execute/sync - {"script":"<script> [5351 bytes]","args":[{"element-6066-11e4-a52e-4f735466cecf":"f.3EFE59E47BCAC700A535F57DF4769BD4.d.C2D3FF12AC0F6C400482280305C7FD32.e.4274","ELEMENT":"f.3EFE59E47BCAC700A535F57DF4769BD4.d.C2D3FF12AC0F6C400482280305C7FD32.e.4274"}]}
COMMAND: GET /session/cd4e213f90090bc7497a341d701e98a6/screenshot - {}
RESULT: {"script":"<script> [5351 bytes]","args":[{"element-6066-11e4-a52e-4f735466cecf":"f.3EFE59E47BCAC700A535F57DF4769BD4.d.C2D3FF12AC0F6C400482280305C7FD32.e.4274","ELEMENT":"f.3EFE59E47BCAC700A535F57DF4769BD4.d.C2D3FF12AC0F6C400482280305C7FD32.e.4274"}]}
COMMAND: POST /session/cd4e213f90090bc7497a341d701e98a6/element - {"using":"css selector","value":"#shell-header-logo"}
COMMAND: GET /session/cd4e213f90090bc7497a341d701e98a6/screenshot - {}
RESULT: {}
RESULT: {"using":"css selector","value":"#shell-header-logo"}
COMMAND: POST /session/cd4e213f90090bc7497a341d701e98a6/element/f.3EFE59E47BCAC700A535F57DF4769BD4.d.C2D3FF12AC0F6C400482280305C7FD32.e.4274/click - {}
RESULT: {}
RESULT: {}
COMMAND: GET /session/cd4e213f90090bc7497a341d701e98a6/screenshot - {}
RESULT: {}
COMMAND: POST /session/cd4e213f90090bc7497a341d701e98a6/execute/async - {"script":"<script> [189 bytes]","args":[]}
RESULT: {"script":"<script> [189 bytes]","args":[]}
COMMAND: POST /session/cd4e213f90090bc7497a341d701e98a6/execute/async - {"script":"<script> [123 bytes]","args":[]}
RESULT: {"script":"<script> [123 bytes]","args":[]}
COMMAND: POST /session/cd4e213f90090bc7497a341d701e98a6/timeouts - {"script":"<number>"}
RESULT: {"script":"<number>"}
COMMAND: GET /session/cd4e213f90090bc7497a341d701e98a6/timeouts - {}
RESULT: {}
RESULT: undefined
COMMAND: POST /session/cd4e213f90090bc7497a341d701e98a6/execute/async - {"script":"<script> [2676 bytes]","args":[]}
RESULT: {"script":"<script> [2676 bytes]","args":[]}
COMMAND: POST /session/cd4e213f90090bc7497a341d701e98a6/execute/async - {"script":"<script> [2342 bytes]","args":[{"protocol":"http","hostname":"0.0.0.0","path":"/","capabilities":{"browserName":"chrome","goog:chromeOptions":{"binary":"C:\\Program Files\\Google\\Chrome\\Application\\chrome.exe","args":["--start-maximized"]}},"logLevel":"warn","connectionRetryTimeout":120000,"connectionRetryCount":3,"logLevels":{},"enableDirectConnect":true,"strictSSL":true,"_":"65 more keys: [\"cacheDir\",\"port\",\"requestedCapabilities\",\"automationProtocol\",\"baseUrl\",\"waitforInterval\",\"waitforTimeout\",\"onReload\",\"beforeCommand\",\"afterCommand\",\"rootDir\",\"specs\",\"suites\",\"exclude\",\"groupLogsByTestSpec\",\"excludeDriverLogs\",\"bail\",\"framework\",\"reporters\",\"services\",\"maxInstances\",\"maxInstancesPerCapability\",\"injectGlobals\",\"filesToWatch\",\"execArgv\",\"runnerEnv\",\"runner\",\"shard\",\"specFileRetries\",\"specFileRetriesDelay\",\"specFileRetriesDeferred\",\"reporterSyncInterval\",\"reporterSyncTimeout\",\"cucumberFeaturesWithLineNumbers\",\"autoCompileOpts\",\"mochaOpts\",\"jasmineOpts\",\"cucumberOpts\",\"onPrepare\",\"onWorkerStart\",\"onWorkerEnd\",\"before\",\"beforeSession\",\"beforeSuite\",\"beforeHook\",\"beforeTest\",\"afterTest\",\"afterHook\",\"afterSuite\",\"afterSession\",\"after\",\"onComplete\",\"beforeAssertion\",\"afterAssertion\",\"beforeFeature\",\"beforeScenario\",\"beforeStep\",\"afterStep\",\"afterScenario\",\"afterFeature\",\"_\",\"suite\",\"$0\",\"ignoredWorkerServices\",\"wdi5\"]"}]}
RESULT: {"script":"<script> [2342 bytes]","args":[{"protocol":"http","hostname":"0.0.0.0","path":"/","capabilities":{"browserName":"chrome","goog:chromeOptions":{"binary":"C:\\Program Files\\Google\\Chrome\\Application\\chrome.exe","args":["--start-maximized"]}},"logLevel":"warn","connectionRetryTimeout":120000,"connectionRetryCount":3,"logLevels":{},"enableDirectConnect":true,"strictSSL":true,"_":"65 more keys: [\"cacheDir\",\"port\",\"requestedCapabilities\",\"automationProtocol\",\"baseUrl\",\"waitforInterval\",\"waitforTimeout\",\"onReload\",\"beforeCommand\",\"afterCommand\",\"rootDir\",\"specs\",\"suites\",\"exclude\",\"groupLogsByTestSpec\",\"excludeDriverLogs\",\"bail\",\"framework\",\"reporters\",\"services\",\"maxInstances\",\"maxInstancesPerCapability\",\"injectGlobals\",\"filesToWatch\",\"execArgv\",\"runnerEnv\",\"runner\",\"shard\",\"specFileRetries\",\"specFileRetriesDelay\",\"specFileRetriesDeferred\",\"reporterSyncInterval\",\"reporterSyncTimeout\",\"cucumberFeaturesWithLineNumbers\",\"autoCompileOpts\",\"mochaOpts\",\"jasmineOpts\",\"cucumberOpts\",\"onPrepare\",\"onWorkerStart\",\"onWorkerEnd\",\"before\",\"beforeSession\",\"beforeSuite\",\"beforeHook\",\"beforeTest\",\"afterTest\",\"afterHook\",\"afterSuite\",\"afterSession\",\"after\",\"onComplete\",\"beforeAssertion\",\"afterAssertion\",\"beforeFeature\",\"beforeScenario\",\"beforeStep\",\"afterStep\",\"afterScenario\",\"afterFeature\",\"_\",\"suite\",\"$0\",\"ignoredWorkerServices\",\"wdi5\"]"}]}
COMMAND: POST /session/cd4e213f90090bc7497a341d701e98a6/execute/async - {"script":"<script> [21126 bytes]","args":[35000]}
RESULT: {"script":"<script> [21126 bytes]","args":[35000]}
COMMAND: POST /session/cd4e213f90090bc7497a341d701e98a6/window/maximize - {}
RESULT: {}
COMMAND: POST /session/cd4e213f90090bc7497a341d701e98a6/execute/async - {"script":"<script> [1562 bytes]","args":[{"selector":{"id":"shell-header","interaction":{"idSuffix":"icon"}},"wdio_ui5_key":"shellheader"}]}
COMMAND: GET /session/cd4e213f90090bc7497a341d701e98a6/screenshot - {}
RESULT: {"script":"<script> [1562 bytes]","args":[{"selector":{"id":"shell-header","interaction":{"idSuffix":"icon"}},"wdio_ui5_key":"shellheader"}]}
RESULT: undefined
COMMAND: POST /session/cd4e213f90090bc7497a341d701e98a6/window/fullscreen - {}
RESULT: {}
RESULT: {}
]]></system-out>
    </testcase>
  </testsuite>
  <testsuite timestamp="2025-05-22T16:34:11" time="149.061" tests="6" failures="0" errors="0" skipped="0">
    <properties>
      <property name="specId" value="0"/>
      <property name="suiteName" value="Provide to Site w/ warehouse management w/ clarification US115878"/>
      <property name="capabilities" value="chrome.136_0_7103_93.windows"/>
      <property name="file" value="file:///D:/a/1/s/test/specs/HTR/provide-to-site-w-warehouse-w-clarification.spec.js"/>
    </properties>
    <testcase classname="chrome.136_0_7103_93.windows.Provide_to_Site_w/_warehouse_management_w/_clarification_US115878" name="Should create a new WHM yard" time="0.277">
      <system-out><![CDATA[
COMMAND: POST /session/cd4e213f90090bc7497a341d701e98a6/window/fullscreen - {}
RESULT: {}
]]></system-out>
    </testcase>
    <testcase classname="chrome.136_0_7103_93.windows.Provide_to_Site_w/_warehouse_management_w/_clarification_US115878" name="Should create a new external WHM partner" time="0.005"/>
    <testcase classname="chrome.136_0_7103_93.windows.Provide_to_Site_w/_warehouse_management_w/_clarification_US115878" name="Should create a new WHM site" time="0.005"/>
    <testcase classname="chrome.136_0_7103_93.windows.Provide_to_Site_w/_warehouse_management_w/_clarification_US115878" name="Should create a new material" time="131.467">
      <system-out><![CDATA[
COMMAND: POST /session/cd4e213f90090bc7497a341d701e98a6/execute/async - {"script":"<script> [1562 bytes]","args":[{"selector":{"controlType":"sap.m.GenericTile","properties":{"header":"Manage Resources"}},"wdio_ui5_key":"sapm.GenericTile{\"header\":\"Manage Resources\"}"}]}
RESULT: {"script":"<script> [1562 bytes]","args":[{"selector":{"controlType":"sap.m.GenericTile","properties":{"header":"Manage Resources"}},"wdio_ui5_key":"sapm.GenericTile{\"header\":\"Manage Resources\"}"}]}
RESULT: undefined
COMMAND: POST /session/cd4e213f90090bc7497a341d701e98a6/element - {"using":"xpath","value":"//*[@id=\"__tile50\"]"}
RESULT: {"using":"xpath","value":"//*[@id=\"__tile50\"]"}
COMMAND: POST /session/cd4e213f90090bc7497a341d701e98a6/element/f.3EFE59E47BCAC700A535F57DF4769BD4.d.C2D3FF12AC0F6C400482280305C7FD32.e.4290/click - {}
RESULT: {}
COMMAND: GET /session/cd4e213f90090bc7497a341d701e98a6/screenshot - {}
RESULT: {}
COMMAND: POST /session/cd4e213f90090bc7497a341d701e98a6/elements - {"using":"xpath","value":"//span[text()='Error']"}
RESULT: {"using":"xpath","value":"//span[text()='Error']"}
COMMAND: POST /session/cd4e213f90090bc7497a341d701e98a6/element - {"using":"xpath","value":"//button[@data-kt=\"addNewRUOverflowToolbarButton\"]"}
RESULT: {"using":"xpath","value":"//button[@data-kt=\"addNewRUOverflowToolbarButton\"]"}
COMMAND: POST /session/cd4e213f90090bc7497a341d701e98a6/elements - {"using":"xpath","value":"//button[@data-kt=\"addNewRUOverflowToolbarButton\"]"}
RESULT: {"using":"xpath","value":"//button[@data-kt=\"addNewRUOverflowToolbarButton\"]"}
COMMAND: POST /session/cd4e213f90090bc7497a341d701e98a6/elements - {"using":"xpath","value":"//button[@data-kt=\"addNewRUOverflowToolbarButton\"]"}
RESULT: {"using":"xpath","value":"//button[@data-kt=\"addNewRUOverflowToolbarButton\"]"}
COMMAND: POST /session/cd4e213f90090bc7497a341d701e98a6/element - {"using":"xpath","value":"//button[@data-kt=\"addNewRUOverflowToolbarButton\"]"}
RESULT: {"using":"xpath","value":"//button[@data-kt=\"addNewRUOverflowToolbarButton\"]"}
COMMAND: POST /session/cd4e213f90090bc7497a341d701e98a6/execute/sync - {"script":"<script> [8489 bytes]","args":[{"element-6066-11e4-a52e-4f735466cecf":"f.3EFE59E47BCAC700A535F57DF4769BD4.d.C2D3FF12AC0F6C400482280305C7FD32.e.4404","ELEMENT":"f.3EFE59E47BCAC700A535F57DF4769BD4.d.C2D3FF12AC0F6C400482280305C7FD32.e.4404"}]}
RESULT: {"script":"<script> [8489 bytes]","args":[{"element-6066-11e4-a52e-4f735466cecf":"f.3EFE59E47BCAC700A535F57DF4769BD4.d.C2D3FF12AC0F6C400482280305C7FD32.e.4404","ELEMENT":"f.3EFE59E47BCAC700A535F57DF4769BD4.d.C2D3FF12AC0F6C400482280305C7FD32.e.4404"}]}
COMMAND: GET /session/cd4e213f90090bc7497a341d701e98a6/element/f.3EFE59E47BCAC700A535F57DF4769BD4.d.C2D3FF12AC0F6C400482280305C7FD32.e.4404/enabled - {}
COMMAND: GET /session/cd4e213f90090bc7497a341d701e98a6/screenshot - {}
RESULT: {}
COMMAND: POST /session/cd4e213f90090bc7497a341d701e98a6/execute/sync - {"script":"<script> [8489 bytes]","args":[{"element-6066-11e4-a52e-4f735466cecf":"f.3EFE59E47BCAC700A535F57DF4769BD4.d.C2D3FF12AC0F6C400482280305C7FD32.e.4404","ELEMENT":"f.3EFE59E47BCAC700A535F57DF4769BD4.d.C2D3FF12AC0F6C400482280305C7FD32.e.4404"}]}
COMMAND: GET /session/cd4e213f90090bc7497a341d701e98a6/screenshot - {}
RESULT: {}
RESULT: {"script":"<script> [8489 bytes]","args":[{"element-6066-11e4-a52e-4f735466cecf":"f.3EFE59E47BCAC700A535F57DF4769BD4.d.C2D3FF12AC0F6C400482280305C7FD32.e.4404","ELEMENT":"f.3EFE59E47BCAC700A535F57DF4769BD4.d.C2D3FF12AC0F6C400482280305C7FD32.e.4404"}]}
COMMAND: POST /session/cd4e213f90090bc7497a341d701e98a6/execute/sync - {"script":"<script> [5351 bytes]","args":[{"element-6066-11e4-a52e-4f735466cecf":"f.3EFE59E47BCAC700A535F57DF4769BD4.d.C2D3FF12AC0F6C400482280305C7FD32.e.4404","ELEMENT":"f.3EFE59E47BCAC700A535F57DF4769BD4.d.C2D3FF12AC0F6C400482280305C7FD32.e.4404"}]}
COMMAND: GET /session/cd4e213f90090bc7497a341d701e98a6/screenshot - {}
RESULT: {}
RESULT: {"script":"<script> [5351 bytes]","args":[{"element-6066-11e4-a52e-4f735466cecf":"f.3EFE59E47BCAC700A535F57DF4769BD4.d.C2D3FF12AC0F6C400482280305C7FD32.e.4404","ELEMENT":"f.3EFE59E47BCAC700A535F57DF4769BD4.d.C2D3FF12AC0F6C400482280305C7FD32.e.4404"}]}
COMMAND: POST /session/cd4e213f90090bc7497a341d701e98a6/element/f.3EFE59E47BCAC700A535F57DF4769BD4.d.C2D3FF12AC0F6C400482280305C7FD32.e.4404/click - {}
COMMAND: GET /session/cd4e213f90090bc7497a341d701e98a6/screenshot - {}
RESULT: {}
RESULT: {}
COMMAND: GET /session/cd4e213f90090bc7497a341d701e98a6/screenshot - {}
RESULT: {}
COMMAND: POST /session/cd4e213f90090bc7497a341d701e98a6/execute/async - {"script":"<script> [1562 bytes]","args":[{"selector":{"id":"application-manageresources-display-component---newResourceUnit--TYPE-arrow"},"wdio_ui5_key":"applicationmanageresources-display-component---newResourceUnit--TYPE-arrow"}]}
RESULT: {}
RESULT: {"script":"<script> [1562 bytes]","args":[{"selector":{"id":"application-manageresources-display-component---newResourceUnit--TYPE-arrow"},"wdio_ui5_key":"applicationmanageresources-display-component---newResourceUnit--TYPE-arrow"}]}
RESULT: undefined
COMMAND: POST /session/cd4e213f90090bc7497a341d701e98a6/element - {"using":"xpath","value":"//*[@id=\"application-manageresources-display-component---newResourceUnit--TYPE-arrow\"]"}
RESULT: {"using":"xpath","value":"//*[@id=\"application-manageresources-display-component---newResourceUnit--TYPE-arrow\"]"}
COMMAND: POST /session/cd4e213f90090bc7497a341d701e98a6/element/f.3EFE59E47BCAC700A535F57DF4769BD4.d.C2D3FF12AC0F6C400482280305C7FD32.e.4761/click - {}
RESULT: {}
COMMAND: POST /session/cd4e213f90090bc7497a341d701e98a6/element - {"using":"xpath","value":"//input[@id=\"application-manageresources-display-component---newResourceUnit--TYPE-inner\"]"}
COMMAND: GET /session/cd4e213f90090bc7497a341d701e98a6/screenshot - {}
RESULT: {"using":"xpath","value":"//input[@id=\"application-manageresources-display-component---newResourceUnit--TYPE-inner\"]"}
COMMAND: POST /session/cd4e213f90090bc7497a341d701e98a6/element/f.3EFE59E47BCAC700A535F57DF4769BD4.d.C2D3FF12AC0F6C400482280305C7FD32.e.4757/clear - {}
RESULT: {}
RESULT: {}
COMMAND: POST /session/cd4e213f90090bc7497a341d701e98a6/element/f.3EFE59E47BCAC700A535F57DF4769BD4.d.C2D3FF12AC0F6C400482280305C7FD32.e.4757/value - {"text":"Material"}
COMMAND: GET /session/cd4e213f90090bc7497a341d701e98a6/screenshot - {}
RESULT: {"text":"Material"}
COMMAND: GET /session/cd4e213f90090bc7497a341d701e98a6/screenshot - {}
RESULT: {}
RESULT: {}
COMMAND: POST /session/cd4e213f90090bc7497a341d701e98a6/actions - {"actions":[{"id":"action17","type":"key","parameters":{},"actions":[{"type":"keyDown","value":""},{"type":"pause","duration":10},{"type":"keyUp","value":""}]}]}
RESULT: {"actions":[{"id":"action17","type":"key","parameters":{},"actions":[{"type":"keyDown","value":""},{"type":"pause","duration":10},{"type":"keyUp","value":""}]}]}
COMMAND: POST /session/cd4e213f90090bc7497a341d701e98a6/execute/async - {"script":"<script> [1562 bytes]","args":[{"selector":{"id":"application-manageresources-display-component---newResourceUnit--SHORT_TEXT","interaction":{"idSuffix":"inner"}},"wdio_ui5_key":"applicationmanageresources-display-component---newResourceUnit--SHORT_TEXT"}]}
COMMAND: GET /session/cd4e213f90090bc7497a341d701e98a6/screenshot - {}
RESULT: {"script":"<script> [1562 bytes]","args":[{"selector":{"id":"application-manageresources-display-component---newResourceUnit--SHORT_TEXT","interaction":{"idSuffix":"inner"}},"wdio_ui5_key":"applicationmanageresources-display-component---newResourceUnit--SHORT_TEXT"}]}
RESULT: undefined
COMMAND: POST /session/cd4e213f90090bc7497a341d701e98a6/execute/async - {"script":"<script> [776 bytes]","args":[{"enterText":"Cement WDIO","selector":{"id":"application-manageresources-display-component---newResourceUnit--SHORT_TEXT","interaction":{"idSuffix":"inner"}},"clearTextFirst":true,"interactionType":"ENTER_TEXT"}]}
RESULT: {}
RESULT: {"script":"<script> [776 bytes]","args":[{"enterText":"Cement WDIO","selector":{"id":"application-manageresources-display-component---newResourceUnit--SHORT_TEXT","interaction":{"idSuffix":"inner"}},"clearTextFirst":true,"interactionType":"ENTER_TEXT"}]}
COMMAND: POST /session/cd4e213f90090bc7497a341d701e98a6/execute/async - {"script":"<script> [1562 bytes]","args":[{"selector":{"id":"application-manageresources-display-component---newResourceUnit--BASE_UNIT_OF_MEASURE","interaction":{"idSuffix":"inner"}},"wdio_ui5_key":"applicationmanageresources-display-component---newResourceUnit--BASE_UNIT_OF_MEASURE"}]}
RESULT: {"script":"<script> [1562 bytes]","args":[{"selector":{"id":"application-manageresources-display-component---newResourceUnit--BASE_UNIT_OF_MEASURE","interaction":{"idSuffix":"inner"}},"wdio_ui5_key":"applicationmanageresources-display-component---newResourceUnit--BASE_UNIT_OF_MEASURE"}]}
RESULT: undefined
COMMAND: POST /session/cd4e213f90090bc7497a341d701e98a6/execute/async - {"script":"<script> [776 bytes]","args":[{"enterText":"Piece","selector":{"id":"application-manageresources-display-component---newResourceUnit--BASE_UNIT_OF_MEASURE","interaction":{"idSuffix":"inner"}},"clearTextFirst":true,"interactionType":"ENTER_TEXT"}]}
RESULT: {"script":"<script> [776 bytes]","args":[{"enterText":"Piece","selector":{"id":"application-manageresources-display-component---newResourceUnit--BASE_UNIT_OF_MEASURE","interaction":{"idSuffix":"inner"}},"clearTextFirst":true,"interactionType":"ENTER_TEXT"}]}
COMMAND: POST /session/cd4e213f90090bc7497a341d701e98a6/execute/async - {"script":"<script> [1562 bytes]","args":[{"selector":{"id":"application-manageresources-display-component---newResourceUnit--WEIGHT_UNIT","interaction":{"idSuffix":"inner"}},"wdio_ui5_key":"applicationmanageresources-display-component---newResourceUnit--WEIGHT_UNIT"}]}
RESULT: {"script":"<script> [1562 bytes]","args":[{"selector":{"id":"application-manageresources-display-component---newResourceUnit--WEIGHT_UNIT","interaction":{"idSuffix":"inner"}},"wdio_ui5_key":"applicationmanageresources-display-component---newResourceUnit--WEIGHT_UNIT"}]}
RESULT: undefined
COMMAND: POST /session/cd4e213f90090bc7497a341d701e98a6/execute/async - {"script":"<script> [776 bytes]","args":[{"enterText":"Gram","selector":{"id":"application-manageresources-display-component---newResourceUnit--WEIGHT_UNIT","interaction":{"idSuffix":"inner"}},"clearTextFirst":true,"interactionType":"ENTER_TEXT"}]}
RESULT: {"script":"<script> [776 bytes]","args":[{"enterText":"Gram","selector":{"id":"application-manageresources-display-component---newResourceUnit--WEIGHT_UNIT","interaction":{"idSuffix":"inner"}},"clearTextFirst":true,"interactionType":"ENTER_TEXT"}]}
COMMAND: POST /session/cd4e213f90090bc7497a341d701e98a6/execute/async - {"script":"<script> [1562 bytes]","args":[{"selector":{"id":"application-manageresources-display-component---newResourceUnit--DIMENSION_UNIT","interaction":{"idSuffix":"inner"}},"wdio_ui5_key":"applicationmanageresources-display-component---newResourceUnit--DIMENSION_UNIT"}]}
RESULT: {"script":"<script> [1562 bytes]","args":[{"selector":{"id":"application-manageresources-display-component---newResourceUnit--DIMENSION_UNIT","interaction":{"idSuffix":"inner"}},"wdio_ui5_key":"applicationmanageresources-display-component---newResourceUnit--DIMENSION_UNIT"}]}
RESULT: undefined
COMMAND: POST /session/cd4e213f90090bc7497a341d701e98a6/execute/async - {"script":"<script> [776 bytes]","args":[{"enterText":"Meter","selector":{"id":"application-manageresources-display-component---newResourceUnit--DIMENSION_UNIT","interaction":{"idSuffix":"inner"}},"clearTextFirst":true,"interactionType":"ENTER_TEXT"}]}
RESULT: {"script":"<script> [776 bytes]","args":[{"enterText":"Meter","selector":{"id":"application-manageresources-display-component---newResourceUnit--DIMENSION_UNIT","interaction":{"idSuffix":"inner"}},"clearTextFirst":true,"interactionType":"ENTER_TEXT"}]}
COMMAND: POST /session/cd4e213f90090bc7497a341d701e98a6/execute/async - {"script":"<script> [1562 bytes]","args":[{"selector":{"id":"application-manageresources-display-component---newResourceUnit--newRRUPage-anchBar-application-manageresources-display-component---newResourceUnit--control-anchor","interaction":{"idSuffix":"BDI-content"}},"wdio_ui5_key":"applicationmanageresources-display-component---newResourceUnit--newRRUPage-anchBar-application-manageresources-display-component---newResourceUnit--control-anchor"}]}
RESULT: {"script":"<script> [1562 bytes]","args":[{"selector":{"id":"application-manageresources-display-component---newResourceUnit--newRRUPage-anchBar-application-manageresources-display-component---newResourceUnit--control-anchor","interaction":{"idSuffix":"BDI-content"}},"wdio_ui5_key":"applicationmanageresources-display-component---newResourceUnit--newRRUPage-anchBar-application-manageresources-display-component---newResourceUnit--control-anchor"}]}
RESULT: undefined
COMMAND: POST /session/cd4e213f90090bc7497a341d701e98a6/element - {"using":"xpath","value":"//*[@id=\"application-manageresources-display-component---newResourceUnit--newRRUPage-anchBar-application-manageresources-display-component---newResourceUnit--control-anchor\"]"}
RESULT: {"using":"xpath","value":"//*[@id=\"application-manageresources-display-component---newResourceUnit--newRRUPage-anchBar-application-manageresources-display-component---newResourceUnit--control-anchor\"]"}
COMMAND: POST /session/cd4e213f90090bc7497a341d701e98a6/element/f.3EFE59E47BCAC700A535F57DF4769BD4.d.C2D3FF12AC0F6C400482280305C7FD32.e.4826/click - {}
RESULT: {}
COMMAND: POST /session/cd4e213f90090bc7497a341d701e98a6/execute/async - {"script":"<script> [1562 bytes]","args":[{"selector":{"id":"application-manageresources-display-component---newResourceUnit--PLANNING_GROUP","interaction":{"idSuffix":"inner"}},"wdio_ui5_key":"applicationmanageresources-display-component---newResourceUnit--PLANNING_GROUP"}]}
COMMAND: GET /session/cd4e213f90090bc7497a341d701e98a6/screenshot - {}
RESULT: {"script":"<script> [1562 bytes]","args":[{"selector":{"id":"application-manageresources-display-component---newResourceUnit--PLANNING_GROUP","interaction":{"idSuffix":"inner"}},"wdio_ui5_key":"applicationmanageresources-display-component---newResourceUnit--PLANNING_GROUP"}]}
RESULT: undefined
COMMAND: POST /session/cd4e213f90090bc7497a341d701e98a6/execute/async - {"script":"<script> [776 bytes]","args":[{"enterText":"Material","selector":{"id":"application-manageresources-display-component---newResourceUnit--PLANNING_GROUP","interaction":{"idSuffix":"inner"}},"clearTextFirst":true,"interactionType":"ENTER_TEXT"}]}
RESULT: {}
RESULT: {"script":"<script> [776 bytes]","args":[{"enterText":"Material","selector":{"id":"application-manageresources-display-component---newResourceUnit--PLANNING_GROUP","interaction":{"idSuffix":"inner"}},"clearTextFirst":true,"interactionType":"ENTER_TEXT"}]}
COMMAND: POST /session/cd4e213f90090bc7497a341d701e98a6/execute/async - {"script":"<script> [1562 bytes]","args":[{"selector":{"id":"application-manageresources-display-component---newResourceUnit--PLANNING_INDICATOR","interaction":{"idSuffix":"inner"}},"wdio_ui5_key":"applicationmanageresources-display-component---newResourceUnit--PLANNING_INDICATOR"}]}
RESULT: {"script":"<script> [1562 bytes]","args":[{"selector":{"id":"application-manageresources-display-component---newResourceUnit--PLANNING_INDICATOR","interaction":{"idSuffix":"inner"}},"wdio_ui5_key":"applicationmanageresources-display-component---newResourceUnit--PLANNING_INDICATOR"}]}
RESULT: undefined
COMMAND: POST /session/cd4e213f90090bc7497a341d701e98a6/execute/async - {"script":"<script> [776 bytes]","args":[{"enterText":"10 - infinite","selector":{"id":"application-manageresources-display-component---newResourceUnit--PLANNING_INDICATOR","interaction":{"idSuffix":"inner"}},"clearTextFirst":true,"interactionType":"ENTER_TEXT"}]}
RESULT: {"script":"<script> [776 bytes]","args":[{"enterText":"10 - infinite","selector":{"id":"application-manageresources-display-component---newResourceUnit--PLANNING_INDICATOR","interaction":{"idSuffix":"inner"}},"clearTextFirst":true,"interactionType":"ENTER_TEXT"}]}
COMMAND: POST /session/cd4e213f90090bc7497a341d701e98a6/element - {"using":"css selector","value":"#application-manageresources-display-component---newResourceUnit--btnAddTimeSegment"}
RESULT: {"using":"css selector","value":"#application-manageresources-display-component---newResourceUnit--btnAddTimeSegment"}
COMMAND: GET /session/cd4e213f90090bc7497a341d701e98a6/element/f.3EFE59E47BCAC700A535F57DF4769BD4.d.C2D3FF12AC0F6C400482280305C7FD32.e.4834/rect - {}
RESULT: {}
COMMAND: GET /session/cd4e213f90090bc7497a341d701e98a6/window/rect - {}
RESULT: {}
COMMAND: POST /session/cd4e213f90090bc7497a341d701e98a6/execute/sync - {"script":"<script> [92 bytes]","args":[]}
RESULT: {"script":"<script> [92 bytes]","args":[]}
COMMAND: POST /session/cd4e213f90090bc7497a341d701e98a6/actions - {"actions":[{"id":"action18","type":"wheel","parameters":{},"actions":[{"type":"scroll","x":-1888,"y":-32,"deltaX":0,"deltaY":0,"duration":0,"origin":{"element-6066-11e4-a52e-4f735466cecf":"f.3EFE59E47BCAC700A535F57DF4769BD4.d.C2D3FF12AC0F6C400482280305C7FD32.e.4834"}}]}]}
COMMAND: GET /session/cd4e213f90090bc7497a341d701e98a6/screenshot - {}
RESULT: {}
COMMAND: POST /session/cd4e213f90090bc7497a341d701e98a6/execute/sync - {"script":"<script> [79 bytes]","args":[{"element-6066-11e4-a52e-4f735466cecf":"f.3EFE59E47BCAC700A535F57DF4769BD4.d.C2D3FF12AC0F6C400482280305C7FD32.e.4834","ELEMENT":"f.3EFE59E47BCAC700A535F57DF4769BD4.d.C2D3FF12AC0F6C400482280305C7FD32.e.4834"},{"block":"start","inline":"nearest"}]}
RESULT: {"script":"<script> [79 bytes]","args":[{"element-6066-11e4-a52e-4f735466cecf":"f.3EFE59E47BCAC700A535F57DF4769BD4.d.C2D3FF12AC0F6C400482280305C7FD32.e.4834","ELEMENT":"f.3EFE59E47BCAC700A535F57DF4769BD4.d.C2D3FF12AC0F6C400482280305C7FD32.e.4834"},{"block":"start","inline":"nearest"}]}
COMMAND: POST /session/cd4e213f90090bc7497a341d701e98a6/execute/async - {"script":"<script> [1562 bytes]","args":[{"selector":{"id":"application-manageresources-display-component---newResourceUnit--btnAddTimeSegment","interaction":{"idSuffix":"inner"}},"wdio_ui5_key":"applicationmanageresources-display-component---newResourceUnit--btnAddTimeSegment"}]}
COMMAND: GET /session/cd4e213f90090bc7497a341d701e98a6/screenshot - {}
RESULT: {"script":"<script> [1562 bytes]","args":[{"selector":{"id":"application-manageresources-display-component---newResourceUnit--btnAddTimeSegment","interaction":{"idSuffix":"inner"}},"wdio_ui5_key":"applicationmanageresources-display-component---newResourceUnit--btnAddTimeSegment"}]}
RESULT: undefined
COMMAND: POST /session/cd4e213f90090bc7497a341d701e98a6/element - {"using":"xpath","value":"//*[@id=\"application-manageresources-display-component---newResourceUnit--btnAddTimeSegment\"]"}
RESULT: {}
RESULT: {"using":"xpath","value":"//*[@id=\"application-manageresources-display-component---newResourceUnit--btnAddTimeSegment\"]"}
COMMAND: POST /session/cd4e213f90090bc7497a341d701e98a6/element/f.3EFE59E47BCAC700A535F57DF4769BD4.d.C2D3FF12AC0F6C400482280305C7FD32.e.4834/click - {}
RESULT: {}
COMMAND: GET /session/cd4e213f90090bc7497a341d701e98a6/screenshot - {}
RESULT: {}
COMMAND: POST /session/cd4e213f90090bc7497a341d701e98a6/element - {"using":"xpath","value":"//input[@id=\"application-manageresources-display-component---newResourceUnit--idRuTSAdmin-application-manageresources-display-component---newResourceUnit--RUTimeSegment-0-inner\"]"}
RESULT: {"using":"xpath","value":"//input[@id=\"application-manageresources-display-component---newResourceUnit--idRuTSAdmin-application-manageresources-display-component---newResourceUnit--RUTimeSegment-0-inner\"]"}
COMMAND: POST /session/cd4e213f90090bc7497a341d701e98a6/element/f.3EFE59E47BCAC700A535F57DF4769BD4.d.C2D3FF12AC0F6C400482280305C7FD32.e.4839/clear - {}
RESULT: {}
COMMAND: POST /session/cd4e213f90090bc7497a341d701e98a6/element/f.3EFE59E47BCAC700A535F57DF4769BD4.d.C2D3FF12AC0F6C400482280305C7FD32.e.4839/value - {"text":"672"}
COMMAND: GET /session/cd4e213f90090bc7497a341d701e98a6/screenshot - {}
RESULT: {"text":"672"}
COMMAND: GET /session/cd4e213f90090bc7497a341d701e98a6/screenshot - {}
RESULT: {}
RESULT: {}
COMMAND: POST /session/cd4e213f90090bc7497a341d701e98a6/element - {"using":"xpath","value":"//li[.//span[text()='672']]"}
RESULT: {"using":"xpath","value":"//li[.//span[text()='672']]"}
COMMAND: POST /session/cd4e213f90090bc7497a341d701e98a6/element/f.3EFE59E47BCAC700A535F57DF4769BD4.d.C2D3FF12AC0F6C400482280305C7FD32.e.4849/click - {}
RESULT: {}
COMMAND: GET /session/cd4e213f90090bc7497a341d701e98a6/screenshot - {}
RESULT: {}
COMMAND: POST /session/cd4e213f90090bc7497a341d701e98a6/element - {"using":"xpath","value":"(//span[contains(@id, \"-application-manageresources-display-component---newResourceUnit--RUTimeSegment-0-arrow\")])[2]"}
RESULT: {"using":"xpath","value":"(//span[contains(@id, \"-application-manageresources-display-component---newResourceUnit--RUTimeSegment-0-arrow\")])[2]"}
COMMAND: POST /session/cd4e213f90090bc7497a341d701e98a6/element/f.3EFE59E47BCAC700A535F57DF4769BD4.d.C2D3FF12AC0F6C400482280305C7FD32.e.4850/click - {}
RESULT: {}
COMMAND: POST /session/cd4e213f90090bc7497a341d701e98a6/element - {"using":"xpath","value":"//span[contains(text(), \"PM Order\")]"}
COMMAND: GET /session/cd4e213f90090bc7497a341d701e98a6/screenshot - {}
RESULT: {"using":"xpath","value":"//span[contains(text(), \"PM Order\")]"}
COMMAND: POST /session/cd4e213f90090bc7497a341d701e98a6/element/f.3EFE59E47BCAC700A535F57DF4769BD4.d.C2D3FF12AC0F6C400482280305C7FD32.e.4851/click - {}
RESULT: {}
RESULT: {}
COMMAND: GET /session/cd4e213f90090bc7497a341d701e98a6/screenshot - {}
RESULT: {}
COMMAND: POST /session/cd4e213f90090bc7497a341d701e98a6/element - {"using":"xpath","value":"//td/div/div/div/span[contains(@id, \"newResourceUnit--RUTimeSegment-0-vhi\")][1]"}
RESULT: {"using":"xpath","value":"//td/div/div/div/span[contains(@id, \"newResourceUnit--RUTimeSegment-0-vhi\")][1]"}
COMMAND: GET /session/cd4e213f90090bc7497a341d701e98a6/element/f.3EFE59E47BCAC700A535F57DF4769BD4.d.C2D3FF12AC0F6C400482280305C7FD32.e.4855/rect - {}
RESULT: {}
COMMAND: GET /session/cd4e213f90090bc7497a341d701e98a6/window/rect - {}
RESULT: {}
COMMAND: POST /session/cd4e213f90090bc7497a341d701e98a6/execute/sync - {"script":"<script> [92 bytes]","args":[]}
RESULT: {"script":"<script> [92 bytes]","args":[]}
COMMAND: POST /session/cd4e213f90090bc7497a341d701e98a6/actions - {"actions":[{"id":"action19","type":"wheel","parameters":{},"actions":[{"type":"scroll","x":-1888,"y":-24,"deltaX":0,"deltaY":0,"duration":0,"origin":{"element-6066-11e4-a52e-4f735466cecf":"f.3EFE59E47BCAC700A535F57DF4769BD4.d.C2D3FF12AC0F6C400482280305C7FD32.e.4855"}}]}]}
COMMAND: GET /session/cd4e213f90090bc7497a341d701e98a6/screenshot - {}
RESULT: {}
COMMAND: POST /session/cd4e213f90090bc7497a341d701e98a6/execute/sync - {"script":"<script> [79 bytes]","args":[{"element-6066-11e4-a52e-4f735466cecf":"f.3EFE59E47BCAC700A535F57DF4769BD4.d.C2D3FF12AC0F6C400482280305C7FD32.e.4855","ELEMENT":"f.3EFE59E47BCAC700A535F57DF4769BD4.d.C2D3FF12AC0F6C400482280305C7FD32.e.4855"},{"block":"start","inline":"nearest"}]}
RESULT: {"script":"<script> [79 bytes]","args":[{"element-6066-11e4-a52e-4f735466cecf":"f.3EFE59E47BCAC700A535F57DF4769BD4.d.C2D3FF12AC0F6C400482280305C7FD32.e.4855","ELEMENT":"f.3EFE59E47BCAC700A535F57DF4769BD4.d.C2D3FF12AC0F6C400482280305C7FD32.e.4855"},{"block":"start","inline":"nearest"}]}
COMMAND: GET /session/cd4e213f90090bc7497a341d701e98a6/screenshot - {}
RESULT: {}
COMMAND: POST /session/cd4e213f90090bc7497a341d701e98a6/element/f.3EFE59E47BCAC700A535F57DF4769BD4.d.C2D3FF12AC0F6C400482280305C7FD32.e.4855/click - {}
RESULT: {}
COMMAND: GET /session/cd4e213f90090bc7497a341d701e98a6/screenshot - {}
RESULT: {}
COMMAND: POST /session/cd4e213f90090bc7497a341d701e98a6/execute/async - {"script":"<script> [1562 bytes]","args":[{"selector":{"controlType":"sap.m.SearchField","properties":{"placeholder":"Search"},"searchOpenDialogs":true,"interaction":{"idSuffix":"I"}},"wdio_ui5_key":"sapm.SearchField{\"placeholder\":\"Search\"}"}]}
RESULT: {"script":"<script> [1562 bytes]","args":[{"selector":{"controlType":"sap.m.SearchField","properties":{"placeholder":"Search"},"searchOpenDialogs":true,"interaction":{"idSuffix":"I"}},"wdio_ui5_key":"sapm.SearchField{\"placeholder\":\"Search\"}"}]}
RESULT: undefined
COMMAND: POST /session/cd4e213f90090bc7497a341d701e98a6/execute/async - {"script":"<script> [776 bytes]","args":[{"enterText":"4000360","selector":{"controlType":"sap.m.SearchField","properties":{"placeholder":"Search"},"searchOpenDialogs":true,"interaction":{"idSuffix":"I"}},"clearTextFirst":true,"interactionType":"ENTER_TEXT"}]}
RESULT: {"script":"<script> [776 bytes]","args":[{"enterText":"4000360","selector":{"controlType":"sap.m.SearchField","properties":{"placeholder":"Search"},"searchOpenDialogs":true,"interaction":{"idSuffix":"I"}},"clearTextFirst":true,"interactionType":"ENTER_TEXT"}]}
COMMAND: POST /session/cd4e213f90090bc7497a341d701e98a6/actions - {"actions":[{"id":"action20","type":"key","parameters":{},"actions":[{"type":"keyDown","value":""},{"type":"pause","duration":10},{"type":"keyUp","value":""}]}]}
RESULT: {"actions":[{"id":"action20","type":"key","parameters":{},"actions":[{"type":"keyDown","value":""},{"type":"pause","duration":10},{"type":"keyUp","value":""}]}]}
COMMAND: GET /session/cd4e213f90090bc7497a341d701e98a6/screenshot - {}
RESULT: {}
COMMAND: POST /session/cd4e213f90090bc7497a341d701e98a6/element - {"using":"xpath","value":"//td/div/span[contains(text(), \"BGL Vehicles\")]"}
RESULT: {"using":"xpath","value":"//td/div/span[contains(text(), \"BGL Vehicles\")]"}
COMMAND: POST /session/cd4e213f90090bc7497a341d701e98a6/element/f.3EFE59E47BCAC700A535F57DF4769BD4.d.C2D3FF12AC0F6C400482280305C7FD32.e.4875/click - {}
RESULT: {}
COMMAND: GET /session/cd4e213f90090bc7497a341d701e98a6/screenshot - {}
RESULT: {}
COMMAND: POST /session/cd4e213f90090bc7497a341d701e98a6/element - {"using":"xpath","value":"//bdi[contains(text(), \"OK\")]"}
RESULT: {"using":"xpath","value":"//bdi[contains(text(), \"OK\")]"}
COMMAND: POST /session/cd4e213f90090bc7497a341d701e98a6/element/f.3EFE59E47BCAC700A535F57DF4769BD4.d.C2D3FF12AC0F6C400482280305C7FD32.e.4876/click - {}
RESULT: {}
COMMAND: GET /session/cd4e213f90090bc7497a341d701e98a6/screenshot - {}
RESULT: {}
COMMAND: POST /session/cd4e213f90090bc7497a341d701e98a6/element - {"using":"xpath","value":"//label[contains(@class, 'sapMLabelRequired') and .//bdi[contains(text(), 'Planned Retirement')]]"}
RESULT: {"using":"xpath","value":"//label[contains(@class, 'sapMLabelRequired') and .//bdi[contains(text(), 'Planned Retirement')]]"}
COMMAND: POST /session/cd4e213f90090bc7497a341d701e98a6/elements - {"using":"xpath","value":"//label[contains(@class, 'sapMLabelRequired') and .//bdi[contains(text(), 'Planned Retirement')]]"}
RESULT: {"using":"xpath","value":"//label[contains(@class, 'sapMLabelRequired') and .//bdi[contains(text(), 'Planned Retirement')]]"}
COMMAND: POST /session/cd4e213f90090bc7497a341d701e98a6/element - {"using":"xpath","value":"//button[@data-kt=\"resourceUnitSaveButton\"]"}
RESULT: {"using":"xpath","value":"//button[@data-kt=\"resourceUnitSaveButton\"]"}
COMMAND: POST /session/cd4e213f90090bc7497a341d701e98a6/element/f.3EFE59E47BCAC700A535F57DF4769BD4.d.C2D3FF12AC0F6C400482280305C7FD32.e.4778/click - {}
RESULT: {}
COMMAND: GET /session/cd4e213f90090bc7497a341d701e98a6/screenshot - {}
RESULT: {}
COMMAND: POST /session/cd4e213f90090bc7497a341d701e98a6/element - {"using":"xpath","value":"//bdi[contains(text(), \"Close\")]"}
RESULT: {"using":"xpath","value":"//bdi[contains(text(), \"Close\")]"}
COMMAND: POST /session/cd4e213f90090bc7497a341d701e98a6/element/f.3EFE59E47BCAC700A535F57DF4769BD4.d.C2D3FF12AC0F6C400482280305C7FD32.e.4882/click - {}
RESULT: {}
COMMAND: GET /session/cd4e213f90090bc7497a341d701e98a6/screenshot - {}
RESULT: {}
COMMAND: POST /session/cd4e213f90090bc7497a341d701e98a6/element - {"using":"xpath","value":"//header[contains(@id, 'detailRruPage-headerTitle')]/div[1]/div[2]/div[2]/span[1]"}
RESULT: {"using":"xpath","value":"//header[contains(@id, 'detailRruPage-headerTitle')]/div[1]/div[2]/div[2]/span[1]"}
COMMAND: POST /session/cd4e213f90090bc7497a341d701e98a6/elements - {"using":"xpath","value":"//header[contains(@id, 'detailRruPage-headerTitle')]/div[1]/div[2]/div[2]/span[1]"}
RESULT: {"using":"xpath","value":"//header[contains(@id, 'detailRruPage-headerTitle')]/div[1]/div[2]/div[2]/span[1]"}
COMMAND: POST /session/cd4e213f90090bc7497a341d701e98a6/execute/sync - {"script":"<script> [56 bytes]","args":[{"element-6066-11e4-a52e-4f735466cecf":"f.3EFE59E47BCAC700A535F57DF4769BD4.d.C2D3FF12AC0F6C400482280305C7FD32.e.4913","ELEMENT":"f.3EFE59E47BCAC700A535F57DF4769BD4.d.C2D3FF12AC0F6C400482280305C7FD32.e.4913"}]}
RESULT: {"script":"<script> [56 bytes]","args":[{"element-6066-11e4-a52e-4f735466cecf":"f.3EFE59E47BCAC700A535F57DF4769BD4.d.C2D3FF12AC0F6C400482280305C7FD32.e.4913","ELEMENT":"f.3EFE59E47BCAC700A535F57DF4769BD4.d.C2D3FF12AC0F6C400482280305C7FD32.e.4913"}]}
COMMAND: POST /session/cd4e213f90090bc7497a341d701e98a6/element - {"using":"css selector","value":"#shell-header-logo"}
COMMAND: GET /session/cd4e213f90090bc7497a341d701e98a6/screenshot - {}
RESULT: {"using":"css selector","value":"#shell-header-logo"}
COMMAND: POST /session/cd4e213f90090bc7497a341d701e98a6/element/f.3EFE59E47BCAC700A535F57DF4769BD4.d.C2D3FF12AC0F6C400482280305C7FD32.e.4274/click - {}
RESULT: {}
RESULT: {}
COMMAND: GET /session/cd4e213f90090bc7497a341d701e98a6/screenshot - {}
RESULT: {}
]]></system-out>
    </testcase>
    <testcase classname="chrome.136_0_7103_93.windows.Provide_to_Site_w/_warehouse_management_w/_clarification_US115878" name="Bin Status Report Should Create New Organization yard" time="0.005"/>
    <testcase classname="chrome.136_0_7103_93.windows.Provide_to_Site_w/_warehouse_management_w/_clarification_US115878" name="Bin Status Report Should Create New Organization for Site" time="0.004"/>
  </testsuite>
  <testsuite timestamp="2025-05-22T16:36:40" time="415.409" tests="6" failures="6" errors="6" skipped="0">
    <properties>
      <property name="specId" value="0"/>
      <property name="suiteName" value="Provide to Site w/ warehouse management w clarification"/>
      <property name="capabilities" value="chrome.136_0_7103_93.windows"/>
      <property name="file" value="file:///D:/a/1/s/test/specs/HTR/provide-to-site-w-warehouse-w-clarification.spec.js"/>
    </properties>
    <testcase classname="chrome.136_0_7103_93.windows.Provide_to_Site_w/_warehouse_management_w_clarification" name="Should do a stock increase handover" time="66.111">
      <failure/>
      <error message="receiptDate.setValue is not a function"/>
      <system-out><![CDATA[
COMMAND: POST /session/cd4e213f90090bc7497a341d701e98a6/execute/async - {"script":"<script> [1562 bytes]","args":[{"selector":{"controlType":"sap.m.GenericTile","properties":{"header":"Manage Handovers"}},"wdio_ui5_key":"sapm.GenericTile{\"header\":\"Manage Handovers\"}"}]}
RESULT: {"script":"<script> [1562 bytes]","args":[{"selector":{"controlType":"sap.m.GenericTile","properties":{"header":"Manage Handovers"}},"wdio_ui5_key":"sapm.GenericTile{\"header\":\"Manage Handovers\"}"}]}
RESULT: undefined
COMMAND: POST /session/cd4e213f90090bc7497a341d701e98a6/element - {"using":"xpath","value":"//*[@id=\"__tile131\"]"}
RESULT: {"using":"xpath","value":"//*[@id=\"__tile131\"]"}
COMMAND: POST /session/cd4e213f90090bc7497a341d701e98a6/element/f.3EFE59E47BCAC700A535F57DF4769BD4.d.C2D3FF12AC0F6C400482280305C7FD32.e.4310/click - {}
RESULT: {}
COMMAND: GET /session/cd4e213f90090bc7497a341d701e98a6/screenshot - {}
RESULT: {}
COMMAND: POST /session/cd4e213f90090bc7497a341d701e98a6/elements - {"using":"xpath","value":"//span[text()='Error']"}
RESULT: {"using":"xpath","value":"//span[text()='Error']"}
COMMAND: POST /session/cd4e213f90090bc7497a341d701e98a6/element - {"using":"xpath","value":"//button[@data-kt=\"masterHOAddButton\"]"}
RESULT: {"using":"xpath","value":"//button[@data-kt=\"masterHOAddButton\"]"}
COMMAND: POST /session/cd4e213f90090bc7497a341d701e98a6/elements - {"using":"xpath","value":"//button[@data-kt=\"masterHOAddButton\"]"}
RESULT: {"using":"xpath","value":"//button[@data-kt=\"masterHOAddButton\"]"}
COMMAND: POST /session/cd4e213f90090bc7497a341d701e98a6/execute/sync - {"script":"<script> [8489 bytes]","args":[{"element-6066-11e4-a52e-4f735466cecf":"f.3EFE59E47BCAC700A535F57DF4769BD4.d.C2D3FF12AC0F6C400482280305C7FD32.e.4944","ELEMENT":"f.3EFE59E47BCAC700A535F57DF4769BD4.d.C2D3FF12AC0F6C400482280305C7FD32.e.4944"}]}
RESULT: {"script":"<script> [8489 bytes]","args":[{"element-6066-11e4-a52e-4f735466cecf":"f.3EFE59E47BCAC700A535F57DF4769BD4.d.C2D3FF12AC0F6C400482280305C7FD32.e.4944","ELEMENT":"f.3EFE59E47BCAC700A535F57DF4769BD4.d.C2D3FF12AC0F6C400482280305C7FD32.e.4944"}]}
COMMAND: GET /session/cd4e213f90090bc7497a341d701e98a6/element/f.3EFE59E47BCAC700A535F57DF4769BD4.d.C2D3FF12AC0F6C400482280305C7FD32.e.4944/enabled - {}
COMMAND: GET /session/cd4e213f90090bc7497a341d701e98a6/screenshot - {}
RESULT: {}
COMMAND: POST /session/cd4e213f90090bc7497a341d701e98a6/execute/sync - {"script":"<script> [8489 bytes]","args":[{"element-6066-11e4-a52e-4f735466cecf":"f.3EFE59E47BCAC700A535F57DF4769BD4.d.C2D3FF12AC0F6C400482280305C7FD32.e.4944","ELEMENT":"f.3EFE59E47BCAC700A535F57DF4769BD4.d.C2D3FF12AC0F6C400482280305C7FD32.e.4944"}]}
COMMAND: GET /session/cd4e213f90090bc7497a341d701e98a6/screenshot - {}
RESULT: {}
RESULT: {"script":"<script> [8489 bytes]","args":[{"element-6066-11e4-a52e-4f735466cecf":"f.3EFE59E47BCAC700A535F57DF4769BD4.d.C2D3FF12AC0F6C400482280305C7FD32.e.4944","ELEMENT":"f.3EFE59E47BCAC700A535F57DF4769BD4.d.C2D3FF12AC0F6C400482280305C7FD32.e.4944"}]}
COMMAND: POST /session/cd4e213f90090bc7497a341d701e98a6/execute/sync - {"script":"<script> [5351 bytes]","args":[{"element-6066-11e4-a52e-4f735466cecf":"f.3EFE59E47BCAC700A535F57DF4769BD4.d.C2D3FF12AC0F6C400482280305C7FD32.e.4944","ELEMENT":"f.3EFE59E47BCAC700A535F57DF4769BD4.d.C2D3FF12AC0F6C400482280305C7FD32.e.4944"}]}
COMMAND: GET /session/cd4e213f90090bc7497a341d701e98a6/screenshot - {}
RESULT: {}
RESULT: {"script":"<script> [5351 bytes]","args":[{"element-6066-11e4-a52e-4f735466cecf":"f.3EFE59E47BCAC700A535F57DF4769BD4.d.C2D3FF12AC0F6C400482280305C7FD32.e.4944","ELEMENT":"f.3EFE59E47BCAC700A535F57DF4769BD4.d.C2D3FF12AC0F6C400482280305C7FD32.e.4944"}]}
COMMAND: POST /session/cd4e213f90090bc7497a341d701e98a6/element/f.3EFE59E47BCAC700A535F57DF4769BD4.d.C2D3FF12AC0F6C400482280305C7FD32.e.4944/click - {}
COMMAND: GET /session/cd4e213f90090bc7497a341d701e98a6/screenshot - {}
RESULT: {}
RESULT: {}
COMMAND: GET /session/cd4e213f90090bc7497a341d701e98a6/screenshot - {}
COMMAND: POST /session/cd4e213f90090bc7497a341d701e98a6/element - {"using":"xpath","value":"//span[contains(@id ,\"AddNewHO--typeSelect-arrow\")]"}
RESULT: {}
RESULT: {}
RESULT: {"using":"xpath","value":"//span[contains(@id ,\"AddNewHO--typeSelect-arrow\")]"}
COMMAND: POST /session/cd4e213f90090bc7497a341d701e98a6/element/f.3EFE59E47BCAC700A535F57DF4769BD4.d.C2D3FF12AC0F6C400482280305C7FD32.e.5306/click - {}
RESULT: {}
COMMAND: GET /session/cd4e213f90090bc7497a341d701e98a6/screenshot - {}
RESULT: {}
COMMAND: POST /session/cd4e213f90090bc7497a341d701e98a6/element - {"using":"xpath","value":"(//li[contains(text(), \"stock increase yard\")])[1]"}
RESULT: {"using":"xpath","value":"(//li[contains(text(), \"stock increase yard\")])[1]"}
COMMAND: POST /session/cd4e213f90090bc7497a341d701e98a6/element/f.3EFE59E47BCAC700A535F57DF4769BD4.d.C2D3FF12AC0F6C400482280305C7FD32.e.5307/click - {}
RESULT: {}
COMMAND: GET /session/cd4e213f90090bc7497a341d701e98a6/screenshot - {}
RESULT: {}
COMMAND: POST /session/cd4e213f90090bc7497a341d701e98a6/execute/async - {"script":"<script> [1562 bytes]","args":[{"selector":{"id":"application-managehandovers-display-component---AddNewHO--dueDate","interaction":{"idSuffix":"inner"}},"wdio_ui5_key":"applicationmanagehandovers-display-component---AddNewHO--dueDate"}]}
RESULT: {"script":"<script> [1562 bytes]","args":[{"selector":{"id":"application-managehandovers-display-component---AddNewHO--dueDate","interaction":{"idSuffix":"inner"}},"wdio_ui5_key":"applicationmanagehandovers-display-component---AddNewHO--dueDate"}]}
RESULT: undefined
COMMAND: POST /session/cd4e213f90090bc7497a341d701e98a6/execute/async - {"script":"<script> [6424 bytes]","args":[{"element-6066-11e4-a52e-4f735466cecf":"f.3EFE59E47BCAC700A535F57DF4769BD4.d.C2D3FF12AC0F6C400482280305C7FD32.e.5311"},"setValue",["5/22/25"]]}
RESULT: {"script":"<script> [6424 bytes]","args":[{"element-6066-11e4-a52e-4f735466cecf":"f.3EFE59E47BCAC700A535F57DF4769BD4.d.C2D3FF12AC0F6C400482280305C7FD32.e.5311"},"setValue",["5/22/25"]]}
COMMAND: POST /session/cd4e213f90090bc7497a341d701e98a6/element - {"using":"xpath","value":"//input[@id=\"generalSectionFrg--receiveYard-inner\"]"}
RESULT: {"using":"xpath","value":"//input[@id=\"generalSectionFrg--receiveYard-inner\"]"}
COMMAND: POST /session/cd4e213f90090bc7497a341d701e98a6/element/f.3EFE59E47BCAC700A535F57DF4769BD4.d.C2D3FF12AC0F6C400482280305C7FD32.e.5315/clear - {}
RESULT: {}
COMMAND: POST /session/cd4e213f90090bc7497a341d701e98a6/element/f.3EFE59E47BCAC700A535F57DF4769BD4.d.C2D3FF12AC0F6C400482280305C7FD32.e.5315/value - {"text":"672"}
COMMAND: GET /session/cd4e213f90090bc7497a341d701e98a6/screenshot - {}
RESULT: {"text":"672"}
COMMAND: GET /session/cd4e213f90090bc7497a341d701e98a6/screenshot - {}
RESULT: {}
RESULT: {}
COMMAND: POST /session/cd4e213f90090bc7497a341d701e98a6/element - {"using":"xpath","value":"//li[.//span[text()='672']]"}
RESULT: {"using":"xpath","value":"//li[.//span[text()='672']]"}
COMMAND: POST /session/cd4e213f90090bc7497a341d701e98a6/element/f.3EFE59E47BCAC700A535F57DF4769BD4.d.C2D3FF12AC0F6C400482280305C7FD32.e.5331/click - {}
RESULT: {}
COMMAND: GET /session/cd4e213f90090bc7497a341d701e98a6/screenshot - {}
RESULT: {}
COMMAND: POST /session/cd4e213f90090bc7497a341d701e98a6/execute/async - {"script":"<script> [1562 bytes]","args":[{"selector":{"id":"application-managehandovers-display-component---AddNewHO--ObjectPageLayout-anchBar-application-managehandovers-display-component---AddNewHO--section4-anchor","interaction":{"idSuffix":"BDI-content"}},"wdio_ui5_key":"applicationmanagehandovers-display-component---AddNewHO--ObjectPageLayout-anchBar-application-managehandovers-display-component---AddNewHO--section4-anchor"}]}
RESULT: {"script":"<script> [1562 bytes]","args":[{"selector":{"id":"application-managehandovers-display-component---AddNewHO--ObjectPageLayout-anchBar-application-managehandovers-display-component---AddNewHO--section4-anchor","interaction":{"idSuffix":"BDI-content"}},"wdio_ui5_key":"applicationmanagehandovers-display-component---AddNewHO--ObjectPageLayout-anchBar-application-managehandovers-display-component---AddNewHO--section4-anchor"}]}
RESULT: undefined
COMMAND: POST /session/cd4e213f90090bc7497a341d701e98a6/element - {"using":"xpath","value":"//*[@id=\"application-managehandovers-display-component---AddNewHO--ObjectPageLayout-anchBar-application-managehandovers-display-component---AddNewHO--section4-anchor\"]"}
RESULT: {"using":"xpath","value":"//*[@id=\"application-managehandovers-display-component---AddNewHO--ObjectPageLayout-anchBar-application-managehandovers-display-component---AddNewHO--section4-anchor\"]"}
COMMAND: POST /session/cd4e213f90090bc7497a341d701e98a6/element/f.3EFE59E47BCAC700A535F57DF4769BD4.d.C2D3FF12AC0F6C400482280305C7FD32.e.5333/click - {}
RESULT: {}
COMMAND: POST /session/cd4e213f90090bc7497a341d701e98a6/element - {"using":"xpath","value":"//button[@aria-label=\"Add\"]"}
COMMAND: GET /session/cd4e213f90090bc7497a341d701e98a6/screenshot - {}
RESULT: {"using":"xpath","value":"//button[@aria-label=\"Add\"]"}
COMMAND: POST /session/cd4e213f90090bc7497a341d701e98a6/element/f.3EFE59E47BCAC700A535F57DF4769BD4.d.C2D3FF12AC0F6C400482280305C7FD32.e.5335/click - {}
RESULT: {}
RESULT: {}
COMMAND: GET /session/cd4e213f90090bc7497a341d701e98a6/screenshot - {}
RESULT: {}
COMMAND: POST /session/cd4e213f90090bc7497a341d701e98a6/execute/async - {"script":"<script> [1562 bytes]","args":[{"selector":{"id":"application-managehandovers-display-component---AddNewHO--smartFilterBar-btnBasicSearch","searchOpenDialogs":true,"interaction":{"idSuffix":"I"}},"wdio_ui5_key":"applicationmanagehandovers-display-component---AddNewHO--smartFilterBar-btnBasicSearch"}]}
RESULT: {"script":"<script> [1562 bytes]","args":[{"selector":{"id":"application-managehandovers-display-component---AddNewHO--smartFilterBar-btnBasicSearch","searchOpenDialogs":true,"interaction":{"idSuffix":"I"}},"wdio_ui5_key":"applicationmanagehandovers-display-component---AddNewHO--smartFilterBar-btnBasicSearch"}]}
RESULT: undefined
COMMAND: POST /session/cd4e213f90090bc7497a341d701e98a6/execute/async - {"script":"<script> [776 bytes]","args":[{"enterText":"200396","selector":{"id":"application-managehandovers-display-component---AddNewHO--smartFilterBar-btnBasicSearch","searchOpenDialogs":true,"interaction":{"idSuffix":"I"}},"clearTextFirst":true,"interactionType":"ENTER_TEXT"}]}
RESULT: {"script":"<script> [776 bytes]","args":[{"enterText":"200396","selector":{"id":"application-managehandovers-display-component---AddNewHO--smartFilterBar-btnBasicSearch","searchOpenDialogs":true,"interaction":{"idSuffix":"I"}},"clearTextFirst":true,"interactionType":"ENTER_TEXT"}]}
COMMAND: POST /session/cd4e213f90090bc7497a341d701e98a6/actions - {"actions":[{"id":"action21","type":"key","parameters":{},"actions":[{"type":"keyDown","value":""},{"type":"pause","duration":10},{"type":"keyUp","value":""}]}]}
RESULT: {"actions":[{"id":"action21","type":"key","parameters":{},"actions":[{"type":"keyDown","value":""},{"type":"pause","duration":10},{"type":"keyUp","value":""}]}]}
COMMAND: GET /session/cd4e213f90090bc7497a341d701e98a6/screenshot - {}
RESULT: {}
COMMAND: POST /session/cd4e213f90090bc7497a341d701e98a6/execute/async - {"script":"<script> [1562 bytes]","args":[{"selector":{"id":"application-managehandovers-display-component---AddNewHO--popup-sa","searchOpenDialogs":true,"interaction":{"idSuffix":"CbBg"}},"wdio_ui5_key":"applicationmanagehandovers-display-component---AddNewHO--popup-sa"}]}
RESULT: {"script":"<script> [1562 bytes]","args":[{"selector":{"id":"application-managehandovers-display-component---AddNewHO--popup-sa","searchOpenDialogs":true,"interaction":{"idSuffix":"CbBg"}},"wdio_ui5_key":"applicationmanagehandovers-display-component---AddNewHO--popup-sa"}]}
RESULT: undefined
COMMAND: POST /session/cd4e213f90090bc7497a341d701e98a6/element - {"using":"xpath","value":"//*[@id=\"application-managehandovers-display-component---AddNewHO--popup-sa\"]"}
RESULT: {"using":"xpath","value":"//*[@id=\"application-managehandovers-display-component---AddNewHO--popup-sa\"]"}
COMMAND: POST /session/cd4e213f90090bc7497a341d701e98a6/element/f.3EFE59E47BCAC700A535F57DF4769BD4.d.C2D3FF12AC0F6C400482280305C7FD32.e.5490/click - {}
RESULT: {}
COMMAND: GET /session/cd4e213f90090bc7497a341d701e98a6/screenshot - {}
RESULT: {}
COMMAND: POST /session/cd4e213f90090bc7497a341d701e98a6/element - {"using":"xpath","value":"//bdi[contains(text(), \"Select\")]"}
RESULT: {"using":"xpath","value":"//bdi[contains(text(), \"Select\")]"}
COMMAND: POST /session/cd4e213f90090bc7497a341d701e98a6/element/f.3EFE59E47BCAC700A535F57DF4769BD4.d.C2D3FF12AC0F6C400482280305C7FD32.e.5491/click - {}
RESULT: {}
COMMAND: GET /session/cd4e213f90090bc7497a341d701e98a6/screenshot - {}
RESULT: {}
COMMAND: POST /session/cd4e213f90090bc7497a341d701e98a6/element - {"using":"xpath","value":"//button[@data-kt=\"AddNewHOSaveButton\"]"}
RESULT: {"using":"xpath","value":"//button[@data-kt=\"AddNewHOSaveButton\"]"}
COMMAND: POST /session/cd4e213f90090bc7497a341d701e98a6/element/f.3EFE59E47BCAC700A535F57DF4769BD4.d.C2D3FF12AC0F6C400482280305C7FD32.e.5495/click - {}
RESULT: {}
COMMAND: GET /session/cd4e213f90090bc7497a341d701e98a6/screenshot - {}
RESULT: {}
COMMAND: POST /session/cd4e213f90090bc7497a341d701e98a6/execute/async - {"script":"<script> [1562 bytes]","args":[{"selector":{"id":"receiptDatePicker","viewName":"etm.portal.ui.managehandovers.view.DetailExecuteHO","interaction":{"idSuffix":"inner"}},"wdio_ui5_key":"receiptDatePickeretmportal.ui.managehandovers.view.DetailExecuteHO"}]}
RESULT: {"script":"<script> [1562 bytes]","args":[{"selector":{"id":"receiptDatePicker","viewName":"etm.portal.ui.managehandovers.view.DetailExecuteHO","interaction":{"idSuffix":"inner"}},"wdio_ui5_key":"receiptDatePickeretmportal.ui.managehandovers.view.DetailExecuteHO"}]}
RESULT: undefined
COMMAND: GET /session/cd4e213f90090bc7497a341d701e98a6/screenshot - {}
RESULT: {}
]]></system-out>
      <system-err><![CDATA[
TypeError: receiptDate.setValue is not a function
    at UtilsPrerequisites.stockIncrease (D:\a\1\s\test\specs\BTS\prerequisites-and-utils-functions.js:1664:27)
    at async Context.<anonymous> (D:\a\1\s\test\specs\HTR\provide-to-site-w-warehouse-w-clarification.spec.js:70:9)
]]></system-err>
    </testcase>
    <testcase classname="chrome.136_0_7103_93.windows.Provide_to_Site_w/_warehouse_management_w_clarification" name="Should create a new contract" time="61.654">
      <failure/>
      <error message="element (&quot;//button[@data-kt=&quot;addButton&quot;]&quot;) still not existing after 45000ms"/>
      <system-out><![CDATA[
COMMAND: POST /session/cd4e213f90090bc7497a341d701e98a6/execute/async - {"script":"<script> [1562 bytes]","args":[{"selector":{"controlType":"sap.m.GenericTile","properties":{"header":"Manage Contracts"}},"wdio_ui5_key":"sapm.GenericTile{\"header\":\"Manage Contracts\"}"}]}
COMMAND: GET /session/cd4e213f90090bc7497a341d701e98a6/screenshot - {}
RESULT: {"script":"<script> [1562 bytes]","args":[{"selector":{"controlType":"sap.m.GenericTile","properties":{"header":"Manage Contracts"}},"wdio_ui5_key":"sapm.GenericTile{\"header\":\"Manage Contracts\"}"}]}
RESULT: undefined
RESULT: {}
COMMAND: POST /session/cd4e213f90090bc7497a341d701e98a6/elements - {"using":"xpath","value":"//span[text()='Error']"}
RESULT: {"using":"xpath","value":"//span[text()='Error']"}
COMMAND: POST /session/cd4e213f90090bc7497a341d701e98a6/elements - {"using":"xpath","value":"//*[text()='Close']"}
RESULT: {"using":"xpath","value":"//*[text()='Close']"}
COMMAND: GET /session/cd4e213f90090bc7497a341d701e98a6/element/f.3EFE59E47BCAC700A535F57DF4769BD4.d.C2D3FF12AC0F6C400482280305C7FD32.e.5499/enabled - {}
RESULT: {}
COMMAND: POST /session/cd4e213f90090bc7497a341d701e98a6/execute/sync - {"script":"<script> [8489 bytes]","args":[{"element-6066-11e4-a52e-4f735466cecf":"f.3EFE59E47BCAC700A535F57DF4769BD4.d.C2D3FF12AC0F6C400482280305C7FD32.e.5499","ELEMENT":"f.3EFE59E47BCAC700A535F57DF4769BD4.d.C2D3FF12AC0F6C400482280305C7FD32.e.5499"}]}
COMMAND: GET /session/cd4e213f90090bc7497a341d701e98a6/screenshot - {}
RESULT: {"script":"<script> [8489 bytes]","args":[{"element-6066-11e4-a52e-4f735466cecf":"f.3EFE59E47BCAC700A535F57DF4769BD4.d.C2D3FF12AC0F6C400482280305C7FD32.e.5499","ELEMENT":"f.3EFE59E47BCAC700A535F57DF4769BD4.d.C2D3FF12AC0F6C400482280305C7FD32.e.5499"}]}
COMMAND: POST /session/cd4e213f90090bc7497a341d701e98a6/execute/sync - {"script":"<script> [5351 bytes]","args":[{"element-6066-11e4-a52e-4f735466cecf":"f.3EFE59E47BCAC700A535F57DF4769BD4.d.C2D3FF12AC0F6C400482280305C7FD32.e.5499","ELEMENT":"f.3EFE59E47BCAC700A535F57DF4769BD4.d.C2D3FF12AC0F6C400482280305C7FD32.e.5499"}]}
COMMAND: GET /session/cd4e213f90090bc7497a341d701e98a6/screenshot - {}
RESULT: {}
RESULT: {"script":"<script> [5351 bytes]","args":[{"element-6066-11e4-a52e-4f735466cecf":"f.3EFE59E47BCAC700A535F57DF4769BD4.d.C2D3FF12AC0F6C400482280305C7FD32.e.5499","ELEMENT":"f.3EFE59E47BCAC700A535F57DF4769BD4.d.C2D3FF12AC0F6C400482280305C7FD32.e.5499"}]}
COMMAND: POST /session/cd4e213f90090bc7497a341d701e98a6/element/f.3EFE59E47BCAC700A535F57DF4769BD4.d.C2D3FF12AC0F6C400482280305C7FD32.e.5499/click - {}
COMMAND: GET /session/cd4e213f90090bc7497a341d701e98a6/screenshot - {}
RESULT: {}
RESULT: {}
COMMAND: POST /session/cd4e213f90090bc7497a341d701e98a6/elements - {"using":"xpath","value":"//*[text()='OK']"}
COMMAND: GET /session/cd4e213f90090bc7497a341d701e98a6/screenshot - {}
RESULT: {}
RESULT: {"using":"xpath","value":"//*[text()='OK']"}
RESULT: {}
COMMAND: POST /session/cd4e213f90090bc7497a341d701e98a6/element - {"using":"xpath","value":"//button[@data-kt=\"addButton\"]"}
RESULT: {"using":"xpath","value":"//button[@data-kt=\"addButton\"]"}
COMMAND: POST /session/cd4e213f90090bc7497a341d701e98a6/elements - {"using":"xpath","value":"//button[@data-kt=\"addButton\"]"}
RESULT: {"using":"xpath","value":"//button[@data-kt=\"addButton\"]"}
COMMAND: POST /session/cd4e213f90090bc7497a341d701e98a6/elements - {"using":"xpath","value":"//button[@data-kt=\"addButton\"]"}
RESULT: {"using":"xpath","value":"//button[@data-kt=\"addButton\"]"}
COMMAND: POST /session/cd4e213f90090bc7497a341d701e98a6/elements - {"using":"xpath","value":"//button[@data-kt=\"addButton\"]"}
RESULT: {"using":"xpath","value":"//button[@data-kt=\"addButton\"]"}
COMMAND: POST /session/cd4e213f90090bc7497a341d701e98a6/elements - {"using":"xpath","value":"//button[@data-kt=\"addButton\"]"}
RESULT: {"using":"xpath","value":"//button[@data-kt=\"addButton\"]"}
COMMAND: POST /session/cd4e213f90090bc7497a341d701e98a6/elements - {"using":"xpath","value":"//button[@data-kt=\"addButton\"]"}
RESULT: {"using":"xpath","value":"//button[@data-kt=\"addButton\"]"}
COMMAND: POST /session/cd4e213f90090bc7497a341d701e98a6/elements - {"using":"xpath","value":"//button[@data-kt=\"addButton\"]"}
RESULT: {"using":"xpath","value":"//button[@data-kt=\"addButton\"]"}
COMMAND: POST /session/cd4e213f90090bc7497a341d701e98a6/elements - {"using":"xpath","value":"//button[@data-kt=\"addButton\"]"}
RESULT: {"using":"xpath","value":"//button[@data-kt=\"addButton\"]"}
COMMAND: POST /session/cd4e213f90090bc7497a341d701e98a6/elements - {"using":"xpath","value":"//button[@data-kt=\"addButton\"]"}
RESULT: {"using":"xpath","value":"//button[@data-kt=\"addButton\"]"}
COMMAND: POST /session/cd4e213f90090bc7497a341d701e98a6/elements - {"using":"xpath","value":"//button[@data-kt=\"addButton\"]"}
RESULT: {"using":"xpath","value":"//button[@data-kt=\"addButton\"]"}
COMMAND: POST /session/cd4e213f90090bc7497a341d701e98a6/elements - {"using":"xpath","value":"//button[@data-kt=\"addButton\"]"}
RESULT: {"using":"xpath","value":"//button[@data-kt=\"addButton\"]"}
COMMAND: POST /session/cd4e213f90090bc7497a341d701e98a6/elements - {"using":"xpath","value":"//button[@data-kt=\"addButton\"]"}
RESULT: {"using":"xpath","value":"//button[@data-kt=\"addButton\"]"}
COMMAND: POST /session/cd4e213f90090bc7497a341d701e98a6/elements - {"using":"xpath","value":"//button[@data-kt=\"addButton\"]"}
RESULT: {"using":"xpath","value":"//button[@data-kt=\"addButton\"]"}
COMMAND: POST /session/cd4e213f90090bc7497a341d701e98a6/elements - {"using":"xpath","value":"//button[@data-kt=\"addButton\"]"}
RESULT: {"using":"xpath","value":"//button[@data-kt=\"addButton\"]"}
COMMAND: POST /session/cd4e213f90090bc7497a341d701e98a6/elements - {"using":"xpath","value":"//button[@data-kt=\"addButton\"]"}
RESULT: {"using":"xpath","value":"//button[@data-kt=\"addButton\"]"}
COMMAND: POST /session/cd4e213f90090bc7497a341d701e98a6/elements - {"using":"xpath","value":"//button[@data-kt=\"addButton\"]"}
RESULT: {"using":"xpath","value":"//button[@data-kt=\"addButton\"]"}
COMMAND: POST /session/cd4e213f90090bc7497a341d701e98a6/elements - {"using":"xpath","value":"//button[@data-kt=\"addButton\"]"}
RESULT: {"using":"xpath","value":"//button[@data-kt=\"addButton\"]"}
COMMAND: POST /session/cd4e213f90090bc7497a341d701e98a6/elements - {"using":"xpath","value":"//button[@data-kt=\"addButton\"]"}
RESULT: {"using":"xpath","value":"//button[@data-kt=\"addButton\"]"}
COMMAND: POST /session/cd4e213f90090bc7497a341d701e98a6/elements - {"using":"xpath","value":"//button[@data-kt=\"addButton\"]"}
RESULT: {"using":"xpath","value":"//button[@data-kt=\"addButton\"]"}
COMMAND: POST /session/cd4e213f90090bc7497a341d701e98a6/elements - {"using":"xpath","value":"//button[@data-kt=\"addButton\"]"}
RESULT: {"using":"xpath","value":"//button[@data-kt=\"addButton\"]"}
COMMAND: POST /session/cd4e213f90090bc7497a341d701e98a6/elements - {"using":"xpath","value":"//button[@data-kt=\"addButton\"]"}
RESULT: {"using":"xpath","value":"//button[@data-kt=\"addButton\"]"}
COMMAND: POST /session/cd4e213f90090bc7497a341d701e98a6/elements - {"using":"xpath","value":"//button[@data-kt=\"addButton\"]"}
RESULT: {"using":"xpath","value":"//button[@data-kt=\"addButton\"]"}
COMMAND: POST /session/cd4e213f90090bc7497a341d701e98a6/elements - {"using":"xpath","value":"//button[@data-kt=\"addButton\"]"}
RESULT: {"using":"xpath","value":"//button[@data-kt=\"addButton\"]"}
COMMAND: POST /session/cd4e213f90090bc7497a341d701e98a6/elements - {"using":"xpath","value":"//button[@data-kt=\"addButton\"]"}
RESULT: {"using":"xpath","value":"//button[@data-kt=\"addButton\"]"}
COMMAND: POST /session/cd4e213f90090bc7497a341d701e98a6/elements - {"using":"xpath","value":"//button[@data-kt=\"addButton\"]"}
RESULT: {"using":"xpath","value":"//button[@data-kt=\"addButton\"]"}
COMMAND: POST /session/cd4e213f90090bc7497a341d701e98a6/elements - {"using":"xpath","value":"//button[@data-kt=\"addButton\"]"}
RESULT: {"using":"xpath","value":"//button[@data-kt=\"addButton\"]"}
COMMAND: POST /session/cd4e213f90090bc7497a341d701e98a6/elements - {"using":"xpath","value":"//button[@data-kt=\"addButton\"]"}
RESULT: {"using":"xpath","value":"//button[@data-kt=\"addButton\"]"}
COMMAND: POST /session/cd4e213f90090bc7497a341d701e98a6/elements - {"using":"xpath","value":"//button[@data-kt=\"addButton\"]"}
RESULT: {"using":"xpath","value":"//button[@data-kt=\"addButton\"]"}
COMMAND: POST /session/cd4e213f90090bc7497a341d701e98a6/elements - {"using":"xpath","value":"//button[@data-kt=\"addButton\"]"}
RESULT: {"using":"xpath","value":"//button[@data-kt=\"addButton\"]"}
COMMAND: POST /session/cd4e213f90090bc7497a341d701e98a6/elements - {"using":"xpath","value":"//button[@data-kt=\"addButton\"]"}
RESULT: {"using":"xpath","value":"//button[@data-kt=\"addButton\"]"}
COMMAND: POST /session/cd4e213f90090bc7497a341d701e98a6/elements - {"using":"xpath","value":"//button[@data-kt=\"addButton\"]"}
RESULT: {"using":"xpath","value":"//button[@data-kt=\"addButton\"]"}
COMMAND: POST /session/cd4e213f90090bc7497a341d701e98a6/elements - {"using":"xpath","value":"//button[@data-kt=\"addButton\"]"}
RESULT: {"using":"xpath","value":"//button[@data-kt=\"addButton\"]"}
COMMAND: POST /session/cd4e213f90090bc7497a341d701e98a6/elements - {"using":"xpath","value":"//button[@data-kt=\"addButton\"]"}
RESULT: {"using":"xpath","value":"//button[@data-kt=\"addButton\"]"}
COMMAND: POST /session/cd4e213f90090bc7497a341d701e98a6/elements - {"using":"xpath","value":"//button[@data-kt=\"addButton\"]"}
RESULT: {"using":"xpath","value":"//button[@data-kt=\"addButton\"]"}
COMMAND: POST /session/cd4e213f90090bc7497a341d701e98a6/elements - {"using":"xpath","value":"//button[@data-kt=\"addButton\"]"}
RESULT: {"using":"xpath","value":"//button[@data-kt=\"addButton\"]"}
COMMAND: POST /session/cd4e213f90090bc7497a341d701e98a6/elements - {"using":"xpath","value":"//button[@data-kt=\"addButton\"]"}
RESULT: {"using":"xpath","value":"//button[@data-kt=\"addButton\"]"}
COMMAND: POST /session/cd4e213f90090bc7497a341d701e98a6/elements - {"using":"xpath","value":"//button[@data-kt=\"addButton\"]"}
RESULT: {"using":"xpath","value":"//button[@data-kt=\"addButton\"]"}
COMMAND: POST /session/cd4e213f90090bc7497a341d701e98a6/elements - {"using":"xpath","value":"//button[@data-kt=\"addButton\"]"}
RESULT: {"using":"xpath","value":"//button[@data-kt=\"addButton\"]"}
COMMAND: POST /session/cd4e213f90090bc7497a341d701e98a6/elements - {"using":"xpath","value":"//button[@data-kt=\"addButton\"]"}
RESULT: {"using":"xpath","value":"//button[@data-kt=\"addButton\"]"}
COMMAND: POST /session/cd4e213f90090bc7497a341d701e98a6/elements - {"using":"xpath","value":"//button[@data-kt=\"addButton\"]"}
RESULT: {"using":"xpath","value":"//button[@data-kt=\"addButton\"]"}
COMMAND: POST /session/cd4e213f90090bc7497a341d701e98a6/elements - {"using":"xpath","value":"//button[@data-kt=\"addButton\"]"}
RESULT: {"using":"xpath","value":"//button[@data-kt=\"addButton\"]"}
COMMAND: POST /session/cd4e213f90090bc7497a341d701e98a6/elements - {"using":"xpath","value":"//button[@data-kt=\"addButton\"]"}
RESULT: {"using":"xpath","value":"//button[@data-kt=\"addButton\"]"}
COMMAND: POST /session/cd4e213f90090bc7497a341d701e98a6/elements - {"using":"xpath","value":"//button[@data-kt=\"addButton\"]"}
RESULT: {"using":"xpath","value":"//button[@data-kt=\"addButton\"]"}
COMMAND: POST /session/cd4e213f90090bc7497a341d701e98a6/elements - {"using":"xpath","value":"//button[@data-kt=\"addButton\"]"}
RESULT: {"using":"xpath","value":"//button[@data-kt=\"addButton\"]"}
COMMAND: POST /session/cd4e213f90090bc7497a341d701e98a6/elements - {"using":"xpath","value":"//button[@data-kt=\"addButton\"]"}
RESULT: {"using":"xpath","value":"//button[@data-kt=\"addButton\"]"}
COMMAND: POST /session/cd4e213f90090bc7497a341d701e98a6/elements - {"using":"xpath","value":"//button[@data-kt=\"addButton\"]"}
RESULT: {"using":"xpath","value":"//button[@data-kt=\"addButton\"]"}
COMMAND: POST /session/cd4e213f90090bc7497a341d701e98a6/elements - {"using":"xpath","value":"//button[@data-kt=\"addButton\"]"}
RESULT: {"using":"xpath","value":"//button[@data-kt=\"addButton\"]"}
COMMAND: POST /session/cd4e213f90090bc7497a341d701e98a6/elements - {"using":"xpath","value":"//button[@data-kt=\"addButton\"]"}
RESULT: {"using":"xpath","value":"//button[@data-kt=\"addButton\"]"}
COMMAND: POST /session/cd4e213f90090bc7497a341d701e98a6/elements - {"using":"xpath","value":"//button[@data-kt=\"addButton\"]"}
RESULT: {"using":"xpath","value":"//button[@data-kt=\"addButton\"]"}
COMMAND: POST /session/cd4e213f90090bc7497a341d701e98a6/elements - {"using":"xpath","value":"//button[@data-kt=\"addButton\"]"}
RESULT: {"using":"xpath","value":"//button[@data-kt=\"addButton\"]"}
COMMAND: POST /session/cd4e213f90090bc7497a341d701e98a6/elements - {"using":"xpath","value":"//button[@data-kt=\"addButton\"]"}
RESULT: {"using":"xpath","value":"//button[@data-kt=\"addButton\"]"}
COMMAND: POST /session/cd4e213f90090bc7497a341d701e98a6/elements - {"using":"xpath","value":"//button[@data-kt=\"addButton\"]"}
RESULT: {"using":"xpath","value":"//button[@data-kt=\"addButton\"]"}
COMMAND: POST /session/cd4e213f90090bc7497a341d701e98a6/elements - {"using":"xpath","value":"//button[@data-kt=\"addButton\"]"}
RESULT: {"using":"xpath","value":"//button[@data-kt=\"addButton\"]"}
COMMAND: POST /session/cd4e213f90090bc7497a341d701e98a6/elements - {"using":"xpath","value":"//button[@data-kt=\"addButton\"]"}
RESULT: {"using":"xpath","value":"//button[@data-kt=\"addButton\"]"}
COMMAND: POST /session/cd4e213f90090bc7497a341d701e98a6/elements - {"using":"xpath","value":"//button[@data-kt=\"addButton\"]"}
RESULT: {"using":"xpath","value":"//button[@data-kt=\"addButton\"]"}
COMMAND: POST /session/cd4e213f90090bc7497a341d701e98a6/elements - {"using":"xpath","value":"//button[@data-kt=\"addButton\"]"}
RESULT: {"using":"xpath","value":"//button[@data-kt=\"addButton\"]"}
COMMAND: POST /session/cd4e213f90090bc7497a341d701e98a6/elements - {"using":"xpath","value":"//button[@data-kt=\"addButton\"]"}
RESULT: {"using":"xpath","value":"//button[@data-kt=\"addButton\"]"}
COMMAND: POST /session/cd4e213f90090bc7497a341d701e98a6/elements - {"using":"xpath","value":"//button[@data-kt=\"addButton\"]"}
RESULT: {"using":"xpath","value":"//button[@data-kt=\"addButton\"]"}
COMMAND: POST /session/cd4e213f90090bc7497a341d701e98a6/elements - {"using":"xpath","value":"//button[@data-kt=\"addButton\"]"}
RESULT: {"using":"xpath","value":"//button[@data-kt=\"addButton\"]"}
COMMAND: POST /session/cd4e213f90090bc7497a341d701e98a6/elements - {"using":"xpath","value":"//button[@data-kt=\"addButton\"]"}
RESULT: {"using":"xpath","value":"//button[@data-kt=\"addButton\"]"}
COMMAND: POST /session/cd4e213f90090bc7497a341d701e98a6/elements - {"using":"xpath","value":"//button[@data-kt=\"addButton\"]"}
RESULT: {"using":"xpath","value":"//button[@data-kt=\"addButton\"]"}
COMMAND: POST /session/cd4e213f90090bc7497a341d701e98a6/elements - {"using":"xpath","value":"//button[@data-kt=\"addButton\"]"}
RESULT: {"using":"xpath","value":"//button[@data-kt=\"addButton\"]"}
COMMAND: POST /session/cd4e213f90090bc7497a341d701e98a6/elements - {"using":"xpath","value":"//button[@data-kt=\"addButton\"]"}
RESULT: {"using":"xpath","value":"//button[@data-kt=\"addButton\"]"}
COMMAND: POST /session/cd4e213f90090bc7497a341d701e98a6/elements - {"using":"xpath","value":"//button[@data-kt=\"addButton\"]"}
RESULT: {"using":"xpath","value":"//button[@data-kt=\"addButton\"]"}
COMMAND: POST /session/cd4e213f90090bc7497a341d701e98a6/elements - {"using":"xpath","value":"//button[@data-kt=\"addButton\"]"}
RESULT: {"using":"xpath","value":"//button[@data-kt=\"addButton\"]"}
COMMAND: POST /session/cd4e213f90090bc7497a341d701e98a6/elements - {"using":"xpath","value":"//button[@data-kt=\"addButton\"]"}
RESULT: {"using":"xpath","value":"//button[@data-kt=\"addButton\"]"}
COMMAND: POST /session/cd4e213f90090bc7497a341d701e98a6/elements - {"using":"xpath","value":"//button[@data-kt=\"addButton\"]"}
RESULT: {"using":"xpath","value":"//button[@data-kt=\"addButton\"]"}
COMMAND: POST /session/cd4e213f90090bc7497a341d701e98a6/elements - {"using":"xpath","value":"//button[@data-kt=\"addButton\"]"}
RESULT: {"using":"xpath","value":"//button[@data-kt=\"addButton\"]"}
COMMAND: POST /session/cd4e213f90090bc7497a341d701e98a6/elements - {"using":"xpath","value":"//button[@data-kt=\"addButton\"]"}
RESULT: {"using":"xpath","value":"//button[@data-kt=\"addButton\"]"}
COMMAND: POST /session/cd4e213f90090bc7497a341d701e98a6/elements - {"using":"xpath","value":"//button[@data-kt=\"addButton\"]"}
RESULT: {"using":"xpath","value":"//button[@data-kt=\"addButton\"]"}
COMMAND: POST /session/cd4e213f90090bc7497a341d701e98a6/elements - {"using":"xpath","value":"//button[@data-kt=\"addButton\"]"}
RESULT: {"using":"xpath","value":"//button[@data-kt=\"addButton\"]"}
COMMAND: POST /session/cd4e213f90090bc7497a341d701e98a6/elements - {"using":"xpath","value":"//button[@data-kt=\"addButton\"]"}
RESULT: {"using":"xpath","value":"//button[@data-kt=\"addButton\"]"}
COMMAND: POST /session/cd4e213f90090bc7497a341d701e98a6/elements - {"using":"xpath","value":"//button[@data-kt=\"addButton\"]"}
RESULT: {"using":"xpath","value":"//button[@data-kt=\"addButton\"]"}
COMMAND: POST /session/cd4e213f90090bc7497a341d701e98a6/elements - {"using":"xpath","value":"//button[@data-kt=\"addButton\"]"}
RESULT: {"using":"xpath","value":"//button[@data-kt=\"addButton\"]"}
COMMAND: POST /session/cd4e213f90090bc7497a341d701e98a6/elements - {"using":"xpath","value":"//button[@data-kt=\"addButton\"]"}
RESULT: {"using":"xpath","value":"//button[@data-kt=\"addButton\"]"}
COMMAND: POST /session/cd4e213f90090bc7497a341d701e98a6/elements - {"using":"xpath","value":"//button[@data-kt=\"addButton\"]"}
RESULT: {"using":"xpath","value":"//button[@data-kt=\"addButton\"]"}
COMMAND: POST /session/cd4e213f90090bc7497a341d701e98a6/elements - {"using":"xpath","value":"//button[@data-kt=\"addButton\"]"}
RESULT: {"using":"xpath","value":"//button[@data-kt=\"addButton\"]"}
COMMAND: POST /session/cd4e213f90090bc7497a341d701e98a6/elements - {"using":"xpath","value":"//button[@data-kt=\"addButton\"]"}
RESULT: {"using":"xpath","value":"//button[@data-kt=\"addButton\"]"}
COMMAND: POST /session/cd4e213f90090bc7497a341d701e98a6/elements - {"using":"xpath","value":"//button[@data-kt=\"addButton\"]"}
RESULT: {"using":"xpath","value":"//button[@data-kt=\"addButton\"]"}
COMMAND: POST /session/cd4e213f90090bc7497a341d701e98a6/elements - {"using":"xpath","value":"//button[@data-kt=\"addButton\"]"}
RESULT: {"using":"xpath","value":"//button[@data-kt=\"addButton\"]"}
COMMAND: POST /session/cd4e213f90090bc7497a341d701e98a6/elements - {"using":"xpath","value":"//button[@data-kt=\"addButton\"]"}
RESULT: {"using":"xpath","value":"//button[@data-kt=\"addButton\"]"}
COMMAND: POST /session/cd4e213f90090bc7497a341d701e98a6/elements - {"using":"xpath","value":"//button[@data-kt=\"addButton\"]"}
RESULT: {"using":"xpath","value":"//button[@data-kt=\"addButton\"]"}
COMMAND: POST /session/cd4e213f90090bc7497a341d701e98a6/elements - {"using":"xpath","value":"//button[@data-kt=\"addButton\"]"}
RESULT: {"using":"xpath","value":"//button[@data-kt=\"addButton\"]"}
COMMAND: POST /session/cd4e213f90090bc7497a341d701e98a6/elements - {"using":"xpath","value":"//button[@data-kt=\"addButton\"]"}
RESULT: {"using":"xpath","value":"//button[@data-kt=\"addButton\"]"}
COMMAND: POST /session/cd4e213f90090bc7497a341d701e98a6/elements - {"using":"xpath","value":"//button[@data-kt=\"addButton\"]"}
RESULT: {"using":"xpath","value":"//button[@data-kt=\"addButton\"]"}
COMMAND: POST /session/cd4e213f90090bc7497a341d701e98a6/elements - {"using":"xpath","value":"//button[@data-kt=\"addButton\"]"}
RESULT: {"using":"xpath","value":"//button[@data-kt=\"addButton\"]"}
COMMAND: POST /session/cd4e213f90090bc7497a341d701e98a6/elements - {"using":"xpath","value":"//button[@data-kt=\"addButton\"]"}
RESULT: {"using":"xpath","value":"//button[@data-kt=\"addButton\"]"}
COMMAND: POST /session/cd4e213f90090bc7497a341d701e98a6/elements - {"using":"xpath","value":"//button[@data-kt=\"addButton\"]"}
RESULT: {"using":"xpath","value":"//button[@data-kt=\"addButton\"]"}
COMMAND: POST /session/cd4e213f90090bc7497a341d701e98a6/elements - {"using":"xpath","value":"//button[@data-kt=\"addButton\"]"}
RESULT: {"using":"xpath","value":"//button[@data-kt=\"addButton\"]"}
COMMAND: POST /session/cd4e213f90090bc7497a341d701e98a6/elements - {"using":"xpath","value":"//button[@data-kt=\"addButton\"]"}
RESULT: {"using":"xpath","value":"//button[@data-kt=\"addButton\"]"}
COMMAND: POST /session/cd4e213f90090bc7497a341d701e98a6/elements - {"using":"xpath","value":"//button[@data-kt=\"addButton\"]"}
RESULT: {"using":"xpath","value":"//button[@data-kt=\"addButton\"]"}
COMMAND: POST /session/cd4e213f90090bc7497a341d701e98a6/elements - {"using":"xpath","value":"//button[@data-kt=\"addButton\"]"}
RESULT: {"using":"xpath","value":"//button[@data-kt=\"addButton\"]"}
COMMAND: GET /session/cd4e213f90090bc7497a341d701e98a6/screenshot - {}
RESULT: {}
]]></system-out>
      <system-err><![CDATA[
Error: element ("//button[@data-kt="addButton"]") still not existing after 45000ms
    at async UtilsPrerequisites.contractCreation (D:\a\1\s\test\specs\BTS\prerequisites-and-utils-functions.js:1711:9)
    at async Context.<anonymous> (D:\a\1\s\test\specs\HTR\provide-to-site-w-warehouse-w-clarification.spec.js:74:49)
]]></system-err>
    </testcase>
    <testcase classname="chrome.136_0_7103_93.windows.Provide_to_Site_w/_warehouse_management_w_clarification" name="Should add equipment to the contract" time="60.432">
      <failure/>
      <error message="Can't call click on element with selector &quot;//button[@data-kt=&quot;contractDetailEditBtnButton&quot;]&quot; because element wasn't found"/>
      <system-out><![CDATA[
COMMAND: POST /session/cd4e213f90090bc7497a341d701e98a6/element - {"using":"xpath","value":"//button[@data-kt=\"contractDetailEditBtnButton\"]"}
COMMAND: GET /session/cd4e213f90090bc7497a341d701e98a6/screenshot - {}
RESULT: {"using":"xpath","value":"//button[@data-kt=\"contractDetailEditBtnButton\"]"}
COMMAND: POST /session/cd4e213f90090bc7497a341d701e98a6/elements - {"using":"xpath","value":"//button[@data-kt=\"contractDetailEditBtnButton\"]"}
RESULT: {}
RESULT: {"using":"xpath","value":"//button[@data-kt=\"contractDetailEditBtnButton\"]"}
COMMAND: POST /session/cd4e213f90090bc7497a341d701e98a6/elements - {"using":"xpath","value":"//button[@data-kt=\"contractDetailEditBtnButton\"]"}
RESULT: {"using":"xpath","value":"//button[@data-kt=\"contractDetailEditBtnButton\"]"}
COMMAND: POST /session/cd4e213f90090bc7497a341d701e98a6/elements - {"using":"xpath","value":"//button[@data-kt=\"contractDetailEditBtnButton\"]"}
RESULT: {"using":"xpath","value":"//button[@data-kt=\"contractDetailEditBtnButton\"]"}
COMMAND: POST /session/cd4e213f90090bc7497a341d701e98a6/elements - {"using":"xpath","value":"//button[@data-kt=\"contractDetailEditBtnButton\"]"}
RESULT: {"using":"xpath","value":"//button[@data-kt=\"contractDetailEditBtnButton\"]"}
COMMAND: POST /session/cd4e213f90090bc7497a341d701e98a6/elements - {"using":"xpath","value":"//button[@data-kt=\"contractDetailEditBtnButton\"]"}
RESULT: {"using":"xpath","value":"//button[@data-kt=\"contractDetailEditBtnButton\"]"}
COMMAND: POST /session/cd4e213f90090bc7497a341d701e98a6/elements - {"using":"xpath","value":"//button[@data-kt=\"contractDetailEditBtnButton\"]"}
RESULT: {"using":"xpath","value":"//button[@data-kt=\"contractDetailEditBtnButton\"]"}
COMMAND: POST /session/cd4e213f90090bc7497a341d701e98a6/elements - {"using":"xpath","value":"//button[@data-kt=\"contractDetailEditBtnButton\"]"}
RESULT: {"using":"xpath","value":"//button[@data-kt=\"contractDetailEditBtnButton\"]"}
COMMAND: POST /session/cd4e213f90090bc7497a341d701e98a6/elements - {"using":"xpath","value":"//button[@data-kt=\"contractDetailEditBtnButton\"]"}
RESULT: {"using":"xpath","value":"//button[@data-kt=\"contractDetailEditBtnButton\"]"}
COMMAND: POST /session/cd4e213f90090bc7497a341d701e98a6/elements - {"using":"xpath","value":"//button[@data-kt=\"contractDetailEditBtnButton\"]"}
RESULT: {"using":"xpath","value":"//button[@data-kt=\"contractDetailEditBtnButton\"]"}
COMMAND: POST /session/cd4e213f90090bc7497a341d701e98a6/elements - {"using":"xpath","value":"//button[@data-kt=\"contractDetailEditBtnButton\"]"}
RESULT: {"using":"xpath","value":"//button[@data-kt=\"contractDetailEditBtnButton\"]"}
COMMAND: POST /session/cd4e213f90090bc7497a341d701e98a6/elements - {"using":"xpath","value":"//button[@data-kt=\"contractDetailEditBtnButton\"]"}
RESULT: {"using":"xpath","value":"//button[@data-kt=\"contractDetailEditBtnButton\"]"}
COMMAND: POST /session/cd4e213f90090bc7497a341d701e98a6/elements - {"using":"xpath","value":"//button[@data-kt=\"contractDetailEditBtnButton\"]"}
RESULT: {"using":"xpath","value":"//button[@data-kt=\"contractDetailEditBtnButton\"]"}
COMMAND: POST /session/cd4e213f90090bc7497a341d701e98a6/elements - {"using":"xpath","value":"//button[@data-kt=\"contractDetailEditBtnButton\"]"}
RESULT: {"using":"xpath","value":"//button[@data-kt=\"contractDetailEditBtnButton\"]"}
COMMAND: POST /session/cd4e213f90090bc7497a341d701e98a6/elements - {"using":"xpath","value":"//button[@data-kt=\"contractDetailEditBtnButton\"]"}
RESULT: {"using":"xpath","value":"//button[@data-kt=\"contractDetailEditBtnButton\"]"}
COMMAND: POST /session/cd4e213f90090bc7497a341d701e98a6/elements - {"using":"xpath","value":"//button[@data-kt=\"contractDetailEditBtnButton\"]"}
RESULT: {"using":"xpath","value":"//button[@data-kt=\"contractDetailEditBtnButton\"]"}
COMMAND: POST /session/cd4e213f90090bc7497a341d701e98a6/elements - {"using":"xpath","value":"//button[@data-kt=\"contractDetailEditBtnButton\"]"}
RESULT: {"using":"xpath","value":"//button[@data-kt=\"contractDetailEditBtnButton\"]"}
COMMAND: POST /session/cd4e213f90090bc7497a341d701e98a6/elements - {"using":"xpath","value":"//button[@data-kt=\"contractDetailEditBtnButton\"]"}
RESULT: {"using":"xpath","value":"//button[@data-kt=\"contractDetailEditBtnButton\"]"}
COMMAND: POST /session/cd4e213f90090bc7497a341d701e98a6/elements - {"using":"xpath","value":"//button[@data-kt=\"contractDetailEditBtnButton\"]"}
RESULT: {"using":"xpath","value":"//button[@data-kt=\"contractDetailEditBtnButton\"]"}
COMMAND: POST /session/cd4e213f90090bc7497a341d701e98a6/elements - {"using":"xpath","value":"//button[@data-kt=\"contractDetailEditBtnButton\"]"}
RESULT: {"using":"xpath","value":"//button[@data-kt=\"contractDetailEditBtnButton\"]"}
COMMAND: POST /session/cd4e213f90090bc7497a341d701e98a6/elements - {"using":"xpath","value":"//button[@data-kt=\"contractDetailEditBtnButton\"]"}
RESULT: {"using":"xpath","value":"//button[@data-kt=\"contractDetailEditBtnButton\"]"}
COMMAND: POST /session/cd4e213f90090bc7497a341d701e98a6/elements - {"using":"xpath","value":"//button[@data-kt=\"contractDetailEditBtnButton\"]"}
RESULT: {"using":"xpath","value":"//button[@data-kt=\"contractDetailEditBtnButton\"]"}
COMMAND: POST /session/cd4e213f90090bc7497a341d701e98a6/elements - {"using":"xpath","value":"//button[@data-kt=\"contractDetailEditBtnButton\"]"}
RESULT: {"using":"xpath","value":"//button[@data-kt=\"contractDetailEditBtnButton\"]"}
COMMAND: POST /session/cd4e213f90090bc7497a341d701e98a6/elements - {"using":"xpath","value":"//button[@data-kt=\"contractDetailEditBtnButton\"]"}
RESULT: {"using":"xpath","value":"//button[@data-kt=\"contractDetailEditBtnButton\"]"}
COMMAND: POST /session/cd4e213f90090bc7497a341d701e98a6/elements - {"using":"xpath","value":"//button[@data-kt=\"contractDetailEditBtnButton\"]"}
RESULT: {"using":"xpath","value":"//button[@data-kt=\"contractDetailEditBtnButton\"]"}
COMMAND: POST /session/cd4e213f90090bc7497a341d701e98a6/elements - {"using":"xpath","value":"//button[@data-kt=\"contractDetailEditBtnButton\"]"}
RESULT: {"using":"xpath","value":"//button[@data-kt=\"contractDetailEditBtnButton\"]"}
COMMAND: POST /session/cd4e213f90090bc7497a341d701e98a6/elements - {"using":"xpath","value":"//button[@data-kt=\"contractDetailEditBtnButton\"]"}
RESULT: {"using":"xpath","value":"//button[@data-kt=\"contractDetailEditBtnButton\"]"}
COMMAND: POST /session/cd4e213f90090bc7497a341d701e98a6/elements - {"using":"xpath","value":"//button[@data-kt=\"contractDetailEditBtnButton\"]"}
RESULT: {"using":"xpath","value":"//button[@data-kt=\"contractDetailEditBtnButton\"]"}
COMMAND: POST /session/cd4e213f90090bc7497a341d701e98a6/elements - {"using":"xpath","value":"//button[@data-kt=\"contractDetailEditBtnButton\"]"}
RESULT: {"using":"xpath","value":"//button[@data-kt=\"contractDetailEditBtnButton\"]"}
COMMAND: POST /session/cd4e213f90090bc7497a341d701e98a6/elements - {"using":"xpath","value":"//button[@data-kt=\"contractDetailEditBtnButton\"]"}
RESULT: {"using":"xpath","value":"//button[@data-kt=\"contractDetailEditBtnButton\"]"}
COMMAND: POST /session/cd4e213f90090bc7497a341d701e98a6/elements - {"using":"xpath","value":"//button[@data-kt=\"contractDetailEditBtnButton\"]"}
RESULT: {"using":"xpath","value":"//button[@data-kt=\"contractDetailEditBtnButton\"]"}
COMMAND: POST /session/cd4e213f90090bc7497a341d701e98a6/elements - {"using":"xpath","value":"//button[@data-kt=\"contractDetailEditBtnButton\"]"}
RESULT: {"using":"xpath","value":"//button[@data-kt=\"contractDetailEditBtnButton\"]"}
COMMAND: POST /session/cd4e213f90090bc7497a341d701e98a6/elements - {"using":"xpath","value":"//button[@data-kt=\"contractDetailEditBtnButton\"]"}
RESULT: {"using":"xpath","value":"//button[@data-kt=\"contractDetailEditBtnButton\"]"}
COMMAND: POST /session/cd4e213f90090bc7497a341d701e98a6/elements - {"using":"xpath","value":"//button[@data-kt=\"contractDetailEditBtnButton\"]"}
RESULT: {"using":"xpath","value":"//button[@data-kt=\"contractDetailEditBtnButton\"]"}
COMMAND: POST /session/cd4e213f90090bc7497a341d701e98a6/elements - {"using":"xpath","value":"//button[@data-kt=\"contractDetailEditBtnButton\"]"}
RESULT: {"using":"xpath","value":"//button[@data-kt=\"contractDetailEditBtnButton\"]"}
COMMAND: POST /session/cd4e213f90090bc7497a341d701e98a6/elements - {"using":"xpath","value":"//button[@data-kt=\"contractDetailEditBtnButton\"]"}
RESULT: {"using":"xpath","value":"//button[@data-kt=\"contractDetailEditBtnButton\"]"}
COMMAND: POST /session/cd4e213f90090bc7497a341d701e98a6/elements - {"using":"xpath","value":"//button[@data-kt=\"contractDetailEditBtnButton\"]"}
RESULT: {"using":"xpath","value":"//button[@data-kt=\"contractDetailEditBtnButton\"]"}
COMMAND: POST /session/cd4e213f90090bc7497a341d701e98a6/elements - {"using":"xpath","value":"//button[@data-kt=\"contractDetailEditBtnButton\"]"}
RESULT: {"using":"xpath","value":"//button[@data-kt=\"contractDetailEditBtnButton\"]"}
COMMAND: POST /session/cd4e213f90090bc7497a341d701e98a6/elements - {"using":"xpath","value":"//button[@data-kt=\"contractDetailEditBtnButton\"]"}
RESULT: {"using":"xpath","value":"//button[@data-kt=\"contractDetailEditBtnButton\"]"}
COMMAND: POST /session/cd4e213f90090bc7497a341d701e98a6/elements - {"using":"xpath","value":"//button[@data-kt=\"contractDetailEditBtnButton\"]"}
RESULT: {"using":"xpath","value":"//button[@data-kt=\"contractDetailEditBtnButton\"]"}
COMMAND: POST /session/cd4e213f90090bc7497a341d701e98a6/elements - {"using":"xpath","value":"//button[@data-kt=\"contractDetailEditBtnButton\"]"}
RESULT: {"using":"xpath","value":"//button[@data-kt=\"contractDetailEditBtnButton\"]"}
COMMAND: POST /session/cd4e213f90090bc7497a341d701e98a6/elements - {"using":"xpath","value":"//button[@data-kt=\"contractDetailEditBtnButton\"]"}
RESULT: {"using":"xpath","value":"//button[@data-kt=\"contractDetailEditBtnButton\"]"}
COMMAND: POST /session/cd4e213f90090bc7497a341d701e98a6/elements - {"using":"xpath","value":"//button[@data-kt=\"contractDetailEditBtnButton\"]"}
RESULT: {"using":"xpath","value":"//button[@data-kt=\"contractDetailEditBtnButton\"]"}
COMMAND: POST /session/cd4e213f90090bc7497a341d701e98a6/elements - {"using":"xpath","value":"//button[@data-kt=\"contractDetailEditBtnButton\"]"}
RESULT: {"using":"xpath","value":"//button[@data-kt=\"contractDetailEditBtnButton\"]"}
COMMAND: POST /session/cd4e213f90090bc7497a341d701e98a6/elements - {"using":"xpath","value":"//button[@data-kt=\"contractDetailEditBtnButton\"]"}
RESULT: {"using":"xpath","value":"//button[@data-kt=\"contractDetailEditBtnButton\"]"}
COMMAND: POST /session/cd4e213f90090bc7497a341d701e98a6/elements - {"using":"xpath","value":"//button[@data-kt=\"contractDetailEditBtnButton\"]"}
RESULT: {"using":"xpath","value":"//button[@data-kt=\"contractDetailEditBtnButton\"]"}
COMMAND: POST /session/cd4e213f90090bc7497a341d701e98a6/elements - {"using":"xpath","value":"//button[@data-kt=\"contractDetailEditBtnButton\"]"}
RESULT: {"using":"xpath","value":"//button[@data-kt=\"contractDetailEditBtnButton\"]"}
COMMAND: POST /session/cd4e213f90090bc7497a341d701e98a6/elements - {"using":"xpath","value":"//button[@data-kt=\"contractDetailEditBtnButton\"]"}
RESULT: {"using":"xpath","value":"//button[@data-kt=\"contractDetailEditBtnButton\"]"}
COMMAND: POST /session/cd4e213f90090bc7497a341d701e98a6/elements - {"using":"xpath","value":"//button[@data-kt=\"contractDetailEditBtnButton\"]"}
RESULT: {"using":"xpath","value":"//button[@data-kt=\"contractDetailEditBtnButton\"]"}
COMMAND: POST /session/cd4e213f90090bc7497a341d701e98a6/elements - {"using":"xpath","value":"//button[@data-kt=\"contractDetailEditBtnButton\"]"}
RESULT: {"using":"xpath","value":"//button[@data-kt=\"contractDetailEditBtnButton\"]"}
COMMAND: POST /session/cd4e213f90090bc7497a341d701e98a6/elements - {"using":"xpath","value":"//button[@data-kt=\"contractDetailEditBtnButton\"]"}
RESULT: {"using":"xpath","value":"//button[@data-kt=\"contractDetailEditBtnButton\"]"}
COMMAND: POST /session/cd4e213f90090bc7497a341d701e98a6/elements - {"using":"xpath","value":"//button[@data-kt=\"contractDetailEditBtnButton\"]"}
RESULT: {"using":"xpath","value":"//button[@data-kt=\"contractDetailEditBtnButton\"]"}
COMMAND: POST /session/cd4e213f90090bc7497a341d701e98a6/elements - {"using":"xpath","value":"//button[@data-kt=\"contractDetailEditBtnButton\"]"}
RESULT: {"using":"xpath","value":"//button[@data-kt=\"contractDetailEditBtnButton\"]"}
COMMAND: POST /session/cd4e213f90090bc7497a341d701e98a6/elements - {"using":"xpath","value":"//button[@data-kt=\"contractDetailEditBtnButton\"]"}
RESULT: {"using":"xpath","value":"//button[@data-kt=\"contractDetailEditBtnButton\"]"}
COMMAND: POST /session/cd4e213f90090bc7497a341d701e98a6/elements - {"using":"xpath","value":"//button[@data-kt=\"contractDetailEditBtnButton\"]"}
RESULT: {"using":"xpath","value":"//button[@data-kt=\"contractDetailEditBtnButton\"]"}
COMMAND: POST /session/cd4e213f90090bc7497a341d701e98a6/elements - {"using":"xpath","value":"//button[@data-kt=\"contractDetailEditBtnButton\"]"}
RESULT: {"using":"xpath","value":"//button[@data-kt=\"contractDetailEditBtnButton\"]"}
COMMAND: POST /session/cd4e213f90090bc7497a341d701e98a6/elements - {"using":"xpath","value":"//button[@data-kt=\"contractDetailEditBtnButton\"]"}
RESULT: {"using":"xpath","value":"//button[@data-kt=\"contractDetailEditBtnButton\"]"}
COMMAND: POST /session/cd4e213f90090bc7497a341d701e98a6/elements - {"using":"xpath","value":"//button[@data-kt=\"contractDetailEditBtnButton\"]"}
RESULT: {"using":"xpath","value":"//button[@data-kt=\"contractDetailEditBtnButton\"]"}
COMMAND: POST /session/cd4e213f90090bc7497a341d701e98a6/elements - {"using":"xpath","value":"//button[@data-kt=\"contractDetailEditBtnButton\"]"}
RESULT: {"using":"xpath","value":"//button[@data-kt=\"contractDetailEditBtnButton\"]"}
COMMAND: POST /session/cd4e213f90090bc7497a341d701e98a6/elements - {"using":"xpath","value":"//button[@data-kt=\"contractDetailEditBtnButton\"]"}
RESULT: {"using":"xpath","value":"//button[@data-kt=\"contractDetailEditBtnButton\"]"}
COMMAND: POST /session/cd4e213f90090bc7497a341d701e98a6/elements - {"using":"xpath","value":"//button[@data-kt=\"contractDetailEditBtnButton\"]"}
RESULT: {"using":"xpath","value":"//button[@data-kt=\"contractDetailEditBtnButton\"]"}
COMMAND: POST /session/cd4e213f90090bc7497a341d701e98a6/elements - {"using":"xpath","value":"//button[@data-kt=\"contractDetailEditBtnButton\"]"}
RESULT: {"using":"xpath","value":"//button[@data-kt=\"contractDetailEditBtnButton\"]"}
COMMAND: POST /session/cd4e213f90090bc7497a341d701e98a6/elements - {"using":"xpath","value":"//button[@data-kt=\"contractDetailEditBtnButton\"]"}
RESULT: {"using":"xpath","value":"//button[@data-kt=\"contractDetailEditBtnButton\"]"}
COMMAND: POST /session/cd4e213f90090bc7497a341d701e98a6/elements - {"using":"xpath","value":"//button[@data-kt=\"contractDetailEditBtnButton\"]"}
RESULT: {"using":"xpath","value":"//button[@data-kt=\"contractDetailEditBtnButton\"]"}
COMMAND: POST /session/cd4e213f90090bc7497a341d701e98a6/elements - {"using":"xpath","value":"//button[@data-kt=\"contractDetailEditBtnButton\"]"}
RESULT: {"using":"xpath","value":"//button[@data-kt=\"contractDetailEditBtnButton\"]"}
COMMAND: POST /session/cd4e213f90090bc7497a341d701e98a6/elements - {"using":"xpath","value":"//button[@data-kt=\"contractDetailEditBtnButton\"]"}
RESULT: {"using":"xpath","value":"//button[@data-kt=\"contractDetailEditBtnButton\"]"}
COMMAND: POST /session/cd4e213f90090bc7497a341d701e98a6/elements - {"using":"xpath","value":"//button[@data-kt=\"contractDetailEditBtnButton\"]"}
RESULT: {"using":"xpath","value":"//button[@data-kt=\"contractDetailEditBtnButton\"]"}
COMMAND: POST /session/cd4e213f90090bc7497a341d701e98a6/elements - {"using":"xpath","value":"//button[@data-kt=\"contractDetailEditBtnButton\"]"}
RESULT: {"using":"xpath","value":"//button[@data-kt=\"contractDetailEditBtnButton\"]"}
COMMAND: POST /session/cd4e213f90090bc7497a341d701e98a6/elements - {"using":"xpath","value":"//button[@data-kt=\"contractDetailEditBtnButton\"]"}
RESULT: {"using":"xpath","value":"//button[@data-kt=\"contractDetailEditBtnButton\"]"}
COMMAND: POST /session/cd4e213f90090bc7497a341d701e98a6/elements - {"using":"xpath","value":"//button[@data-kt=\"contractDetailEditBtnButton\"]"}
RESULT: {"using":"xpath","value":"//button[@data-kt=\"contractDetailEditBtnButton\"]"}
COMMAND: POST /session/cd4e213f90090bc7497a341d701e98a6/elements - {"using":"xpath","value":"//button[@data-kt=\"contractDetailEditBtnButton\"]"}
RESULT: {"using":"xpath","value":"//button[@data-kt=\"contractDetailEditBtnButton\"]"}
COMMAND: POST /session/cd4e213f90090bc7497a341d701e98a6/elements - {"using":"xpath","value":"//button[@data-kt=\"contractDetailEditBtnButton\"]"}
RESULT: {"using":"xpath","value":"//button[@data-kt=\"contractDetailEditBtnButton\"]"}
COMMAND: POST /session/cd4e213f90090bc7497a341d701e98a6/elements - {"using":"xpath","value":"//button[@data-kt=\"contractDetailEditBtnButton\"]"}
RESULT: {"using":"xpath","value":"//button[@data-kt=\"contractDetailEditBtnButton\"]"}
COMMAND: POST /session/cd4e213f90090bc7497a341d701e98a6/elements - {"using":"xpath","value":"//button[@data-kt=\"contractDetailEditBtnButton\"]"}
RESULT: {"using":"xpath","value":"//button[@data-kt=\"contractDetailEditBtnButton\"]"}
COMMAND: POST /session/cd4e213f90090bc7497a341d701e98a6/elements - {"using":"xpath","value":"//button[@data-kt=\"contractDetailEditBtnButton\"]"}
RESULT: {"using":"xpath","value":"//button[@data-kt=\"contractDetailEditBtnButton\"]"}
COMMAND: POST /session/cd4e213f90090bc7497a341d701e98a6/elements - {"using":"xpath","value":"//button[@data-kt=\"contractDetailEditBtnButton\"]"}
RESULT: {"using":"xpath","value":"//button[@data-kt=\"contractDetailEditBtnButton\"]"}
COMMAND: POST /session/cd4e213f90090bc7497a341d701e98a6/elements - {"using":"xpath","value":"//button[@data-kt=\"contractDetailEditBtnButton\"]"}
RESULT: {"using":"xpath","value":"//button[@data-kt=\"contractDetailEditBtnButton\"]"}
COMMAND: POST /session/cd4e213f90090bc7497a341d701e98a6/elements - {"using":"xpath","value":"//button[@data-kt=\"contractDetailEditBtnButton\"]"}
RESULT: {"using":"xpath","value":"//button[@data-kt=\"contractDetailEditBtnButton\"]"}
COMMAND: POST /session/cd4e213f90090bc7497a341d701e98a6/elements - {"using":"xpath","value":"//button[@data-kt=\"contractDetailEditBtnButton\"]"}
RESULT: {"using":"xpath","value":"//button[@data-kt=\"contractDetailEditBtnButton\"]"}
COMMAND: POST /session/cd4e213f90090bc7497a341d701e98a6/elements - {"using":"xpath","value":"//button[@data-kt=\"contractDetailEditBtnButton\"]"}
RESULT: {"using":"xpath","value":"//button[@data-kt=\"contractDetailEditBtnButton\"]"}
COMMAND: POST /session/cd4e213f90090bc7497a341d701e98a6/elements - {"using":"xpath","value":"//button[@data-kt=\"contractDetailEditBtnButton\"]"}
RESULT: {"using":"xpath","value":"//button[@data-kt=\"contractDetailEditBtnButton\"]"}
COMMAND: POST /session/cd4e213f90090bc7497a341d701e98a6/elements - {"using":"xpath","value":"//button[@data-kt=\"contractDetailEditBtnButton\"]"}
RESULT: {"using":"xpath","value":"//button[@data-kt=\"contractDetailEditBtnButton\"]"}
COMMAND: POST /session/cd4e213f90090bc7497a341d701e98a6/elements - {"using":"xpath","value":"//button[@data-kt=\"contractDetailEditBtnButton\"]"}
RESULT: {"using":"xpath","value":"//button[@data-kt=\"contractDetailEditBtnButton\"]"}
COMMAND: POST /session/cd4e213f90090bc7497a341d701e98a6/elements - {"using":"xpath","value":"//button[@data-kt=\"contractDetailEditBtnButton\"]"}
RESULT: {"using":"xpath","value":"//button[@data-kt=\"contractDetailEditBtnButton\"]"}
COMMAND: POST /session/cd4e213f90090bc7497a341d701e98a6/elements - {"using":"xpath","value":"//button[@data-kt=\"contractDetailEditBtnButton\"]"}
RESULT: {"using":"xpath","value":"//button[@data-kt=\"contractDetailEditBtnButton\"]"}
COMMAND: POST /session/cd4e213f90090bc7497a341d701e98a6/elements - {"using":"xpath","value":"//button[@data-kt=\"contractDetailEditBtnButton\"]"}
RESULT: {"using":"xpath","value":"//button[@data-kt=\"contractDetailEditBtnButton\"]"}
COMMAND: POST /session/cd4e213f90090bc7497a341d701e98a6/elements - {"using":"xpath","value":"//button[@data-kt=\"contractDetailEditBtnButton\"]"}
RESULT: {"using":"xpath","value":"//button[@data-kt=\"contractDetailEditBtnButton\"]"}
COMMAND: POST /session/cd4e213f90090bc7497a341d701e98a6/elements - {"using":"xpath","value":"//button[@data-kt=\"contractDetailEditBtnButton\"]"}
RESULT: {"using":"xpath","value":"//button[@data-kt=\"contractDetailEditBtnButton\"]"}
COMMAND: POST /session/cd4e213f90090bc7497a341d701e98a6/elements - {"using":"xpath","value":"//button[@data-kt=\"contractDetailEditBtnButton\"]"}
RESULT: {"using":"xpath","value":"//button[@data-kt=\"contractDetailEditBtnButton\"]"}
COMMAND: POST /session/cd4e213f90090bc7497a341d701e98a6/elements - {"using":"xpath","value":"//button[@data-kt=\"contractDetailEditBtnButton\"]"}
RESULT: {"using":"xpath","value":"//button[@data-kt=\"contractDetailEditBtnButton\"]"}
COMMAND: POST /session/cd4e213f90090bc7497a341d701e98a6/elements - {"using":"xpath","value":"//button[@data-kt=\"contractDetailEditBtnButton\"]"}
RESULT: {"using":"xpath","value":"//button[@data-kt=\"contractDetailEditBtnButton\"]"}
COMMAND: POST /session/cd4e213f90090bc7497a341d701e98a6/elements - {"using":"xpath","value":"//button[@data-kt=\"contractDetailEditBtnButton\"]"}
RESULT: {"using":"xpath","value":"//button[@data-kt=\"contractDetailEditBtnButton\"]"}
COMMAND: POST /session/cd4e213f90090bc7497a341d701e98a6/elements - {"using":"xpath","value":"//button[@data-kt=\"contractDetailEditBtnButton\"]"}
RESULT: {"using":"xpath","value":"//button[@data-kt=\"contractDetailEditBtnButton\"]"}
COMMAND: POST /session/cd4e213f90090bc7497a341d701e98a6/elements - {"using":"xpath","value":"//button[@data-kt=\"contractDetailEditBtnButton\"]"}
RESULT: {"using":"xpath","value":"//button[@data-kt=\"contractDetailEditBtnButton\"]"}
COMMAND: POST /session/cd4e213f90090bc7497a341d701e98a6/elements - {"using":"xpath","value":"//button[@data-kt=\"contractDetailEditBtnButton\"]"}
RESULT: {"using":"xpath","value":"//button[@data-kt=\"contractDetailEditBtnButton\"]"}
COMMAND: POST /session/cd4e213f90090bc7497a341d701e98a6/elements - {"using":"xpath","value":"//button[@data-kt=\"contractDetailEditBtnButton\"]"}
RESULT: {"using":"xpath","value":"//button[@data-kt=\"contractDetailEditBtnButton\"]"}
COMMAND: POST /session/cd4e213f90090bc7497a341d701e98a6/elements - {"using":"xpath","value":"//button[@data-kt=\"contractDetailEditBtnButton\"]"}
RESULT: {"using":"xpath","value":"//button[@data-kt=\"contractDetailEditBtnButton\"]"}
COMMAND: POST /session/cd4e213f90090bc7497a341d701e98a6/elements - {"using":"xpath","value":"//button[@data-kt=\"contractDetailEditBtnButton\"]"}
RESULT: {"using":"xpath","value":"//button[@data-kt=\"contractDetailEditBtnButton\"]"}
COMMAND: POST /session/cd4e213f90090bc7497a341d701e98a6/elements - {"using":"xpath","value":"//button[@data-kt=\"contractDetailEditBtnButton\"]"}
RESULT: {"using":"xpath","value":"//button[@data-kt=\"contractDetailEditBtnButton\"]"}
COMMAND: POST /session/cd4e213f90090bc7497a341d701e98a6/elements - {"using":"xpath","value":"//button[@data-kt=\"contractDetailEditBtnButton\"]"}
RESULT: {"using":"xpath","value":"//button[@data-kt=\"contractDetailEditBtnButton\"]"}
COMMAND: POST /session/cd4e213f90090bc7497a341d701e98a6/elements - {"using":"xpath","value":"//button[@data-kt=\"contractDetailEditBtnButton\"]"}
RESULT: {"using":"xpath","value":"//button[@data-kt=\"contractDetailEditBtnButton\"]"}
COMMAND: POST /session/cd4e213f90090bc7497a341d701e98a6/elements - {"using":"xpath","value":"//button[@data-kt=\"contractDetailEditBtnButton\"]"}
RESULT: {"using":"xpath","value":"//button[@data-kt=\"contractDetailEditBtnButton\"]"}
COMMAND: POST /session/cd4e213f90090bc7497a341d701e98a6/elements - {"using":"xpath","value":"//button[@data-kt=\"contractDetailEditBtnButton\"]"}
RESULT: {"using":"xpath","value":"//button[@data-kt=\"contractDetailEditBtnButton\"]"}
COMMAND: POST /session/cd4e213f90090bc7497a341d701e98a6/elements - {"using":"xpath","value":"//button[@data-kt=\"contractDetailEditBtnButton\"]"}
RESULT: {"using":"xpath","value":"//button[@data-kt=\"contractDetailEditBtnButton\"]"}
COMMAND: POST /session/cd4e213f90090bc7497a341d701e98a6/elements - {"using":"xpath","value":"//button[@data-kt=\"contractDetailEditBtnButton\"]"}
RESULT: {"using":"xpath","value":"//button[@data-kt=\"contractDetailEditBtnButton\"]"}
COMMAND: POST /session/cd4e213f90090bc7497a341d701e98a6/elements - {"using":"xpath","value":"//button[@data-kt=\"contractDetailEditBtnButton\"]"}
RESULT: {"using":"xpath","value":"//button[@data-kt=\"contractDetailEditBtnButton\"]"}
COMMAND: POST /session/cd4e213f90090bc7497a341d701e98a6/elements - {"using":"xpath","value":"//button[@data-kt=\"contractDetailEditBtnButton\"]"}
RESULT: {"using":"xpath","value":"//button[@data-kt=\"contractDetailEditBtnButton\"]"}
COMMAND: POST /session/cd4e213f90090bc7497a341d701e98a6/elements - {"using":"xpath","value":"//button[@data-kt=\"contractDetailEditBtnButton\"]"}
RESULT: {"using":"xpath","value":"//button[@data-kt=\"contractDetailEditBtnButton\"]"}
COMMAND: POST /session/cd4e213f90090bc7497a341d701e98a6/elements - {"using":"xpath","value":"//button[@data-kt=\"contractDetailEditBtnButton\"]"}
RESULT: {"using":"xpath","value":"//button[@data-kt=\"contractDetailEditBtnButton\"]"}
COMMAND: POST /session/cd4e213f90090bc7497a341d701e98a6/elements - {"using":"xpath","value":"//button[@data-kt=\"contractDetailEditBtnButton\"]"}
RESULT: {"using":"xpath","value":"//button[@data-kt=\"contractDetailEditBtnButton\"]"}
COMMAND: POST /session/cd4e213f90090bc7497a341d701e98a6/elements - {"using":"xpath","value":"//button[@data-kt=\"contractDetailEditBtnButton\"]"}
RESULT: {"using":"xpath","value":"//button[@data-kt=\"contractDetailEditBtnButton\"]"}
COMMAND: POST /session/cd4e213f90090bc7497a341d701e98a6/elements - {"using":"xpath","value":"//button[@data-kt=\"contractDetailEditBtnButton\"]"}
RESULT: {"using":"xpath","value":"//button[@data-kt=\"contractDetailEditBtnButton\"]"}
COMMAND: POST /session/cd4e213f90090bc7497a341d701e98a6/elements - {"using":"xpath","value":"//button[@data-kt=\"contractDetailEditBtnButton\"]"}
RESULT: {"using":"xpath","value":"//button[@data-kt=\"contractDetailEditBtnButton\"]"}
COMMAND: POST /session/cd4e213f90090bc7497a341d701e98a6/elements - {"using":"xpath","value":"//button[@data-kt=\"contractDetailEditBtnButton\"]"}
RESULT: {"using":"xpath","value":"//button[@data-kt=\"contractDetailEditBtnButton\"]"}
COMMAND: POST /session/cd4e213f90090bc7497a341d701e98a6/elements - {"using":"xpath","value":"//button[@data-kt=\"contractDetailEditBtnButton\"]"}
RESULT: {"using":"xpath","value":"//button[@data-kt=\"contractDetailEditBtnButton\"]"}
COMMAND: POST /session/cd4e213f90090bc7497a341d701e98a6/elements - {"using":"xpath","value":"//button[@data-kt=\"contractDetailEditBtnButton\"]"}
RESULT: {"using":"xpath","value":"//button[@data-kt=\"contractDetailEditBtnButton\"]"}
COMMAND: POST /session/cd4e213f90090bc7497a341d701e98a6/elements - {"using":"xpath","value":"//button[@data-kt=\"contractDetailEditBtnButton\"]"}
RESULT: {"using":"xpath","value":"//button[@data-kt=\"contractDetailEditBtnButton\"]"}
COMMAND: POST /session/cd4e213f90090bc7497a341d701e98a6/elements - {"using":"xpath","value":"//button[@data-kt=\"contractDetailEditBtnButton\"]"}
RESULT: {"using":"xpath","value":"//button[@data-kt=\"contractDetailEditBtnButton\"]"}
COMMAND: POST /session/cd4e213f90090bc7497a341d701e98a6/elements - {"using":"xpath","value":"//button[@data-kt=\"contractDetailEditBtnButton\"]"}
RESULT: {"using":"xpath","value":"//button[@data-kt=\"contractDetailEditBtnButton\"]"}
COMMAND: POST /session/cd4e213f90090bc7497a341d701e98a6/elements - {"using":"xpath","value":"//button[@data-kt=\"contractDetailEditBtnButton\"]"}
RESULT: {"using":"xpath","value":"//button[@data-kt=\"contractDetailEditBtnButton\"]"}
COMMAND: POST /session/cd4e213f90090bc7497a341d701e98a6/elements - {"using":"xpath","value":"//button[@data-kt=\"contractDetailEditBtnButton\"]"}
RESULT: {"using":"xpath","value":"//button[@data-kt=\"contractDetailEditBtnButton\"]"}
COMMAND: POST /session/cd4e213f90090bc7497a341d701e98a6/elements - {"using":"xpath","value":"//button[@data-kt=\"contractDetailEditBtnButton\"]"}
COMMAND: GET /session/cd4e213f90090bc7497a341d701e98a6/screenshot - {}
RESULT: {"using":"xpath","value":"//button[@data-kt=\"contractDetailEditBtnButton\"]"}
RESULT: {}
]]></system-out>
      <system-err><![CDATA[
Error: Can't call click on element with selector "//button[@data-kt="contractDetailEditBtnButton"]" because element wasn't found
    at async UtilsPrerequisites.addItemToContract (D:\a\1\s\test\specs\BTS\prerequisites-and-utils-functions.js:1822:9)
    at async Context.<anonymous> (D:\a\1\s\test\specs\HTR\provide-to-site-w-warehouse-w-clarification.spec.js:78:9)
]]></system-err>
    </testcase>
    <testcase classname="chrome.136_0_7103_93.windows.Provide_to_Site_w/_warehouse_management_w_clarification" name="Should provide to site" time="60.406">
      <failure/>
      <error message="Can't call click on element with selector &quot;//button[@data-kt=&quot;provideButton&quot;]&quot; because element wasn't found"/>
      <system-out><![CDATA[
COMMAND: POST /session/cd4e213f90090bc7497a341d701e98a6/element - {"using":"xpath","value":"//button[@data-kt=\"provideButton\"]"}
COMMAND: GET /session/cd4e213f90090bc7497a341d701e98a6/screenshot - {}
RESULT: {"using":"xpath","value":"//button[@data-kt=\"provideButton\"]"}
COMMAND: POST /session/cd4e213f90090bc7497a341d701e98a6/elements - {"using":"xpath","value":"//button[@data-kt=\"provideButton\"]"}
RESULT: {}
RESULT: {"using":"xpath","value":"//button[@data-kt=\"provideButton\"]"}
COMMAND: POST /session/cd4e213f90090bc7497a341d701e98a6/elements - {"using":"xpath","value":"//button[@data-kt=\"provideButton\"]"}
RESULT: {"using":"xpath","value":"//button[@data-kt=\"provideButton\"]"}
COMMAND: POST /session/cd4e213f90090bc7497a341d701e98a6/elements - {"using":"xpath","value":"//button[@data-kt=\"provideButton\"]"}
RESULT: {"using":"xpath","value":"//button[@data-kt=\"provideButton\"]"}
COMMAND: POST /session/cd4e213f90090bc7497a341d701e98a6/elements - {"using":"xpath","value":"//button[@data-kt=\"provideButton\"]"}
RESULT: {"using":"xpath","value":"//button[@data-kt=\"provideButton\"]"}
COMMAND: POST /session/cd4e213f90090bc7497a341d701e98a6/elements - {"using":"xpath","value":"//button[@data-kt=\"provideButton\"]"}
RESULT: {"using":"xpath","value":"//button[@data-kt=\"provideButton\"]"}
COMMAND: POST /session/cd4e213f90090bc7497a341d701e98a6/elements - {"using":"xpath","value":"//button[@data-kt=\"provideButton\"]"}
RESULT: {"using":"xpath","value":"//button[@data-kt=\"provideButton\"]"}
COMMAND: POST /session/cd4e213f90090bc7497a341d701e98a6/elements - {"using":"xpath","value":"//button[@data-kt=\"provideButton\"]"}
RESULT: {"using":"xpath","value":"//button[@data-kt=\"provideButton\"]"}
COMMAND: POST /session/cd4e213f90090bc7497a341d701e98a6/elements - {"using":"xpath","value":"//button[@data-kt=\"provideButton\"]"}
RESULT: {"using":"xpath","value":"//button[@data-kt=\"provideButton\"]"}
COMMAND: POST /session/cd4e213f90090bc7497a341d701e98a6/elements - {"using":"xpath","value":"//button[@data-kt=\"provideButton\"]"}
RESULT: {"using":"xpath","value":"//button[@data-kt=\"provideButton\"]"}
COMMAND: POST /session/cd4e213f90090bc7497a341d701e98a6/elements - {"using":"xpath","value":"//button[@data-kt=\"provideButton\"]"}
RESULT: {"using":"xpath","value":"//button[@data-kt=\"provideButton\"]"}
COMMAND: POST /session/cd4e213f90090bc7497a341d701e98a6/elements - {"using":"xpath","value":"//button[@data-kt=\"provideButton\"]"}
RESULT: {"using":"xpath","value":"//button[@data-kt=\"provideButton\"]"}
COMMAND: POST /session/cd4e213f90090bc7497a341d701e98a6/elements - {"using":"xpath","value":"//button[@data-kt=\"provideButton\"]"}
RESULT: {"using":"xpath","value":"//button[@data-kt=\"provideButton\"]"}
COMMAND: POST /session/cd4e213f90090bc7497a341d701e98a6/elements - {"using":"xpath","value":"//button[@data-kt=\"provideButton\"]"}
RESULT: {"using":"xpath","value":"//button[@data-kt=\"provideButton\"]"}
COMMAND: POST /session/cd4e213f90090bc7497a341d701e98a6/elements - {"using":"xpath","value":"//button[@data-kt=\"provideButton\"]"}
RESULT: {"using":"xpath","value":"//button[@data-kt=\"provideButton\"]"}
COMMAND: POST /session/cd4e213f90090bc7497a341d701e98a6/elements - {"using":"xpath","value":"//button[@data-kt=\"provideButton\"]"}
RESULT: {"using":"xpath","value":"//button[@data-kt=\"provideButton\"]"}
COMMAND: POST /session/cd4e213f90090bc7497a341d701e98a6/elements - {"using":"xpath","value":"//button[@data-kt=\"provideButton\"]"}
RESULT: {"using":"xpath","value":"//button[@data-kt=\"provideButton\"]"}
COMMAND: POST /session/cd4e213f90090bc7497a341d701e98a6/elements - {"using":"xpath","value":"//button[@data-kt=\"provideButton\"]"}
RESULT: {"using":"xpath","value":"//button[@data-kt=\"provideButton\"]"}
COMMAND: POST /session/cd4e213f90090bc7497a341d701e98a6/elements - {"using":"xpath","value":"//button[@data-kt=\"provideButton\"]"}
RESULT: {"using":"xpath","value":"//button[@data-kt=\"provideButton\"]"}
COMMAND: POST /session/cd4e213f90090bc7497a341d701e98a6/elements - {"using":"xpath","value":"//button[@data-kt=\"provideButton\"]"}
RESULT: {"using":"xpath","value":"//button[@data-kt=\"provideButton\"]"}
COMMAND: POST /session/cd4e213f90090bc7497a341d701e98a6/elements - {"using":"xpath","value":"//button[@data-kt=\"provideButton\"]"}
RESULT: {"using":"xpath","value":"//button[@data-kt=\"provideButton\"]"}
COMMAND: POST /session/cd4e213f90090bc7497a341d701e98a6/elements - {"using":"xpath","value":"//button[@data-kt=\"provideButton\"]"}
RESULT: {"using":"xpath","value":"//button[@data-kt=\"provideButton\"]"}
COMMAND: POST /session/cd4e213f90090bc7497a341d701e98a6/elements - {"using":"xpath","value":"//button[@data-kt=\"provideButton\"]"}
RESULT: {"using":"xpath","value":"//button[@data-kt=\"provideButton\"]"}
COMMAND: POST /session/cd4e213f90090bc7497a341d701e98a6/elements - {"using":"xpath","value":"//button[@data-kt=\"provideButton\"]"}
RESULT: {"using":"xpath","value":"//button[@data-kt=\"provideButton\"]"}
COMMAND: POST /session/cd4e213f90090bc7497a341d701e98a6/elements - {"using":"xpath","value":"//button[@data-kt=\"provideButton\"]"}
RESULT: {"using":"xpath","value":"//button[@data-kt=\"provideButton\"]"}
COMMAND: POST /session/cd4e213f90090bc7497a341d701e98a6/elements - {"using":"xpath","value":"//button[@data-kt=\"provideButton\"]"}
RESULT: {"using":"xpath","value":"//button[@data-kt=\"provideButton\"]"}
COMMAND: POST /session/cd4e213f90090bc7497a341d701e98a6/elements - {"using":"xpath","value":"//button[@data-kt=\"provideButton\"]"}
RESULT: {"using":"xpath","value":"//button[@data-kt=\"provideButton\"]"}
COMMAND: POST /session/cd4e213f90090bc7497a341d701e98a6/elements - {"using":"xpath","value":"//button[@data-kt=\"provideButton\"]"}
RESULT: {"using":"xpath","value":"//button[@data-kt=\"provideButton\"]"}
COMMAND: POST /session/cd4e213f90090bc7497a341d701e98a6/elements - {"using":"xpath","value":"//button[@data-kt=\"provideButton\"]"}
RESULT: {"using":"xpath","value":"//button[@data-kt=\"provideButton\"]"}
COMMAND: POST /session/cd4e213f90090bc7497a341d701e98a6/elements - {"using":"xpath","value":"//button[@data-kt=\"provideButton\"]"}
RESULT: {"using":"xpath","value":"//button[@data-kt=\"provideButton\"]"}
COMMAND: POST /session/cd4e213f90090bc7497a341d701e98a6/elements - {"using":"xpath","value":"//button[@data-kt=\"provideButton\"]"}
RESULT: {"using":"xpath","value":"//button[@data-kt=\"provideButton\"]"}
COMMAND: POST /session/cd4e213f90090bc7497a341d701e98a6/elements - {"using":"xpath","value":"//button[@data-kt=\"provideButton\"]"}
RESULT: {"using":"xpath","value":"//button[@data-kt=\"provideButton\"]"}
COMMAND: POST /session/cd4e213f90090bc7497a341d701e98a6/elements - {"using":"xpath","value":"//button[@data-kt=\"provideButton\"]"}
RESULT: {"using":"xpath","value":"//button[@data-kt=\"provideButton\"]"}
COMMAND: POST /session/cd4e213f90090bc7497a341d701e98a6/elements - {"using":"xpath","value":"//button[@data-kt=\"provideButton\"]"}
RESULT: {"using":"xpath","value":"//button[@data-kt=\"provideButton\"]"}
COMMAND: POST /session/cd4e213f90090bc7497a341d701e98a6/elements - {"using":"xpath","value":"//button[@data-kt=\"provideButton\"]"}
RESULT: {"using":"xpath","value":"//button[@data-kt=\"provideButton\"]"}
COMMAND: POST /session/cd4e213f90090bc7497a341d701e98a6/elements - {"using":"xpath","value":"//button[@data-kt=\"provideButton\"]"}
RESULT: {"using":"xpath","value":"//button[@data-kt=\"provideButton\"]"}
COMMAND: POST /session/cd4e213f90090bc7497a341d701e98a6/elements - {"using":"xpath","value":"//button[@data-kt=\"provideButton\"]"}
RESULT: {"using":"xpath","value":"//button[@data-kt=\"provideButton\"]"}
COMMAND: POST /session/cd4e213f90090bc7497a341d701e98a6/elements - {"using":"xpath","value":"//button[@data-kt=\"provideButton\"]"}
RESULT: {"using":"xpath","value":"//button[@data-kt=\"provideButton\"]"}
COMMAND: POST /session/cd4e213f90090bc7497a341d701e98a6/elements - {"using":"xpath","value":"//button[@data-kt=\"provideButton\"]"}
RESULT: {"using":"xpath","value":"//button[@data-kt=\"provideButton\"]"}
COMMAND: POST /session/cd4e213f90090bc7497a341d701e98a6/elements - {"using":"xpath","value":"//button[@data-kt=\"provideButton\"]"}
RESULT: {"using":"xpath","value":"//button[@data-kt=\"provideButton\"]"}
COMMAND: POST /session/cd4e213f90090bc7497a341d701e98a6/elements - {"using":"xpath","value":"//button[@data-kt=\"provideButton\"]"}
RESULT: {"using":"xpath","value":"//button[@data-kt=\"provideButton\"]"}
COMMAND: POST /session/cd4e213f90090bc7497a341d701e98a6/elements - {"using":"xpath","value":"//button[@data-kt=\"provideButton\"]"}
RESULT: {"using":"xpath","value":"//button[@data-kt=\"provideButton\"]"}
COMMAND: POST /session/cd4e213f90090bc7497a341d701e98a6/elements - {"using":"xpath","value":"//button[@data-kt=\"provideButton\"]"}
RESULT: {"using":"xpath","value":"//button[@data-kt=\"provideButton\"]"}
COMMAND: POST /session/cd4e213f90090bc7497a341d701e98a6/elements - {"using":"xpath","value":"//button[@data-kt=\"provideButton\"]"}
RESULT: {"using":"xpath","value":"//button[@data-kt=\"provideButton\"]"}
COMMAND: POST /session/cd4e213f90090bc7497a341d701e98a6/elements - {"using":"xpath","value":"//button[@data-kt=\"provideButton\"]"}
RESULT: {"using":"xpath","value":"//button[@data-kt=\"provideButton\"]"}
COMMAND: POST /session/cd4e213f90090bc7497a341d701e98a6/elements - {"using":"xpath","value":"//button[@data-kt=\"provideButton\"]"}
RESULT: {"using":"xpath","value":"//button[@data-kt=\"provideButton\"]"}
COMMAND: POST /session/cd4e213f90090bc7497a341d701e98a6/elements - {"using":"xpath","value":"//button[@data-kt=\"provideButton\"]"}
RESULT: {"using":"xpath","value":"//button[@data-kt=\"provideButton\"]"}
COMMAND: POST /session/cd4e213f90090bc7497a341d701e98a6/elements - {"using":"xpath","value":"//button[@data-kt=\"provideButton\"]"}
RESULT: {"using":"xpath","value":"//button[@data-kt=\"provideButton\"]"}
COMMAND: POST /session/cd4e213f90090bc7497a341d701e98a6/elements - {"using":"xpath","value":"//button[@data-kt=\"provideButton\"]"}
RESULT: {"using":"xpath","value":"//button[@data-kt=\"provideButton\"]"}
COMMAND: POST /session/cd4e213f90090bc7497a341d701e98a6/elements - {"using":"xpath","value":"//button[@data-kt=\"provideButton\"]"}
RESULT: {"using":"xpath","value":"//button[@data-kt=\"provideButton\"]"}
COMMAND: POST /session/cd4e213f90090bc7497a341d701e98a6/elements - {"using":"xpath","value":"//button[@data-kt=\"provideButton\"]"}
RESULT: {"using":"xpath","value":"//button[@data-kt=\"provideButton\"]"}
COMMAND: POST /session/cd4e213f90090bc7497a341d701e98a6/elements - {"using":"xpath","value":"//button[@data-kt=\"provideButton\"]"}
RESULT: {"using":"xpath","value":"//button[@data-kt=\"provideButton\"]"}
COMMAND: POST /session/cd4e213f90090bc7497a341d701e98a6/elements - {"using":"xpath","value":"//button[@data-kt=\"provideButton\"]"}
RESULT: {"using":"xpath","value":"//button[@data-kt=\"provideButton\"]"}
COMMAND: POST /session/cd4e213f90090bc7497a341d701e98a6/elements - {"using":"xpath","value":"//button[@data-kt=\"provideButton\"]"}
RESULT: {"using":"xpath","value":"//button[@data-kt=\"provideButton\"]"}
COMMAND: POST /session/cd4e213f90090bc7497a341d701e98a6/elements - {"using":"xpath","value":"//button[@data-kt=\"provideButton\"]"}
RESULT: {"using":"xpath","value":"//button[@data-kt=\"provideButton\"]"}
COMMAND: POST /session/cd4e213f90090bc7497a341d701e98a6/elements - {"using":"xpath","value":"//button[@data-kt=\"provideButton\"]"}
RESULT: {"using":"xpath","value":"//button[@data-kt=\"provideButton\"]"}
COMMAND: POST /session/cd4e213f90090bc7497a341d701e98a6/elements - {"using":"xpath","value":"//button[@data-kt=\"provideButton\"]"}
RESULT: {"using":"xpath","value":"//button[@data-kt=\"provideButton\"]"}
COMMAND: POST /session/cd4e213f90090bc7497a341d701e98a6/elements - {"using":"xpath","value":"//button[@data-kt=\"provideButton\"]"}
RESULT: {"using":"xpath","value":"//button[@data-kt=\"provideButton\"]"}
COMMAND: POST /session/cd4e213f90090bc7497a341d701e98a6/elements - {"using":"xpath","value":"//button[@data-kt=\"provideButton\"]"}
RESULT: {"using":"xpath","value":"//button[@data-kt=\"provideButton\"]"}
COMMAND: POST /session/cd4e213f90090bc7497a341d701e98a6/elements - {"using":"xpath","value":"//button[@data-kt=\"provideButton\"]"}
RESULT: {"using":"xpath","value":"//button[@data-kt=\"provideButton\"]"}
COMMAND: POST /session/cd4e213f90090bc7497a341d701e98a6/elements - {"using":"xpath","value":"//button[@data-kt=\"provideButton\"]"}
RESULT: {"using":"xpath","value":"//button[@data-kt=\"provideButton\"]"}
COMMAND: POST /session/cd4e213f90090bc7497a341d701e98a6/elements - {"using":"xpath","value":"//button[@data-kt=\"provideButton\"]"}
RESULT: {"using":"xpath","value":"//button[@data-kt=\"provideButton\"]"}
COMMAND: POST /session/cd4e213f90090bc7497a341d701e98a6/elements - {"using":"xpath","value":"//button[@data-kt=\"provideButton\"]"}
RESULT: {"using":"xpath","value":"//button[@data-kt=\"provideButton\"]"}
COMMAND: POST /session/cd4e213f90090bc7497a341d701e98a6/elements - {"using":"xpath","value":"//button[@data-kt=\"provideButton\"]"}
RESULT: {"using":"xpath","value":"//button[@data-kt=\"provideButton\"]"}
COMMAND: POST /session/cd4e213f90090bc7497a341d701e98a6/elements - {"using":"xpath","value":"//button[@data-kt=\"provideButton\"]"}
RESULT: {"using":"xpath","value":"//button[@data-kt=\"provideButton\"]"}
COMMAND: POST /session/cd4e213f90090bc7497a341d701e98a6/elements - {"using":"xpath","value":"//button[@data-kt=\"provideButton\"]"}
RESULT: {"using":"xpath","value":"//button[@data-kt=\"provideButton\"]"}
COMMAND: POST /session/cd4e213f90090bc7497a341d701e98a6/elements - {"using":"xpath","value":"//button[@data-kt=\"provideButton\"]"}
RESULT: {"using":"xpath","value":"//button[@data-kt=\"provideButton\"]"}
COMMAND: POST /session/cd4e213f90090bc7497a341d701e98a6/elements - {"using":"xpath","value":"//button[@data-kt=\"provideButton\"]"}
RESULT: {"using":"xpath","value":"//button[@data-kt=\"provideButton\"]"}
COMMAND: POST /session/cd4e213f90090bc7497a341d701e98a6/elements - {"using":"xpath","value":"//button[@data-kt=\"provideButton\"]"}
RESULT: {"using":"xpath","value":"//button[@data-kt=\"provideButton\"]"}
COMMAND: POST /session/cd4e213f90090bc7497a341d701e98a6/elements - {"using":"xpath","value":"//button[@data-kt=\"provideButton\"]"}
RESULT: {"using":"xpath","value":"//button[@data-kt=\"provideButton\"]"}
COMMAND: POST /session/cd4e213f90090bc7497a341d701e98a6/elements - {"using":"xpath","value":"//button[@data-kt=\"provideButton\"]"}
RESULT: {"using":"xpath","value":"//button[@data-kt=\"provideButton\"]"}
COMMAND: POST /session/cd4e213f90090bc7497a341d701e98a6/elements - {"using":"xpath","value":"//button[@data-kt=\"provideButton\"]"}
RESULT: {"using":"xpath","value":"//button[@data-kt=\"provideButton\"]"}
COMMAND: POST /session/cd4e213f90090bc7497a341d701e98a6/elements - {"using":"xpath","value":"//button[@data-kt=\"provideButton\"]"}
RESULT: {"using":"xpath","value":"//button[@data-kt=\"provideButton\"]"}
COMMAND: POST /session/cd4e213f90090bc7497a341d701e98a6/elements - {"using":"xpath","value":"//button[@data-kt=\"provideButton\"]"}
RESULT: {"using":"xpath","value":"//button[@data-kt=\"provideButton\"]"}
COMMAND: POST /session/cd4e213f90090bc7497a341d701e98a6/elements - {"using":"xpath","value":"//button[@data-kt=\"provideButton\"]"}
RESULT: {"using":"xpath","value":"//button[@data-kt=\"provideButton\"]"}
COMMAND: POST /session/cd4e213f90090bc7497a341d701e98a6/elements - {"using":"xpath","value":"//button[@data-kt=\"provideButton\"]"}
RESULT: {"using":"xpath","value":"//button[@data-kt=\"provideButton\"]"}
COMMAND: POST /session/cd4e213f90090bc7497a341d701e98a6/elements - {"using":"xpath","value":"//button[@data-kt=\"provideButton\"]"}
RESULT: {"using":"xpath","value":"//button[@data-kt=\"provideButton\"]"}
COMMAND: POST /session/cd4e213f90090bc7497a341d701e98a6/elements - {"using":"xpath","value":"//button[@data-kt=\"provideButton\"]"}
RESULT: {"using":"xpath","value":"//button[@data-kt=\"provideButton\"]"}
COMMAND: POST /session/cd4e213f90090bc7497a341d701e98a6/elements - {"using":"xpath","value":"//button[@data-kt=\"provideButton\"]"}
RESULT: {"using":"xpath","value":"//button[@data-kt=\"provideButton\"]"}
COMMAND: POST /session/cd4e213f90090bc7497a341d701e98a6/elements - {"using":"xpath","value":"//button[@data-kt=\"provideButton\"]"}
RESULT: {"using":"xpath","value":"//button[@data-kt=\"provideButton\"]"}
COMMAND: POST /session/cd4e213f90090bc7497a341d701e98a6/elements - {"using":"xpath","value":"//button[@data-kt=\"provideButton\"]"}
RESULT: {"using":"xpath","value":"//button[@data-kt=\"provideButton\"]"}
COMMAND: POST /session/cd4e213f90090bc7497a341d701e98a6/elements - {"using":"xpath","value":"//button[@data-kt=\"provideButton\"]"}
RESULT: {"using":"xpath","value":"//button[@data-kt=\"provideButton\"]"}
COMMAND: POST /session/cd4e213f90090bc7497a341d701e98a6/elements - {"using":"xpath","value":"//button[@data-kt=\"provideButton\"]"}
RESULT: {"using":"xpath","value":"//button[@data-kt=\"provideButton\"]"}
COMMAND: POST /session/cd4e213f90090bc7497a341d701e98a6/elements - {"using":"xpath","value":"//button[@data-kt=\"provideButton\"]"}
RESULT: {"using":"xpath","value":"//button[@data-kt=\"provideButton\"]"}
COMMAND: POST /session/cd4e213f90090bc7497a341d701e98a6/elements - {"using":"xpath","value":"//button[@data-kt=\"provideButton\"]"}
RESULT: {"using":"xpath","value":"//button[@data-kt=\"provideButton\"]"}
COMMAND: POST /session/cd4e213f90090bc7497a341d701e98a6/elements - {"using":"xpath","value":"//button[@data-kt=\"provideButton\"]"}
RESULT: {"using":"xpath","value":"//button[@data-kt=\"provideButton\"]"}
COMMAND: POST /session/cd4e213f90090bc7497a341d701e98a6/elements - {"using":"xpath","value":"//button[@data-kt=\"provideButton\"]"}
RESULT: {"using":"xpath","value":"//button[@data-kt=\"provideButton\"]"}
COMMAND: POST /session/cd4e213f90090bc7497a341d701e98a6/elements - {"using":"xpath","value":"//button[@data-kt=\"provideButton\"]"}
RESULT: {"using":"xpath","value":"//button[@data-kt=\"provideButton\"]"}
COMMAND: POST /session/cd4e213f90090bc7497a341d701e98a6/elements - {"using":"xpath","value":"//button[@data-kt=\"provideButton\"]"}
RESULT: {"using":"xpath","value":"//button[@data-kt=\"provideButton\"]"}
COMMAND: POST /session/cd4e213f90090bc7497a341d701e98a6/elements - {"using":"xpath","value":"//button[@data-kt=\"provideButton\"]"}
RESULT: {"using":"xpath","value":"//button[@data-kt=\"provideButton\"]"}
COMMAND: POST /session/cd4e213f90090bc7497a341d701e98a6/elements - {"using":"xpath","value":"//button[@data-kt=\"provideButton\"]"}
RESULT: {"using":"xpath","value":"//button[@data-kt=\"provideButton\"]"}
COMMAND: POST /session/cd4e213f90090bc7497a341d701e98a6/elements - {"using":"xpath","value":"//button[@data-kt=\"provideButton\"]"}
RESULT: {"using":"xpath","value":"//button[@data-kt=\"provideButton\"]"}
COMMAND: POST /session/cd4e213f90090bc7497a341d701e98a6/elements - {"using":"xpath","value":"//button[@data-kt=\"provideButton\"]"}
RESULT: {"using":"xpath","value":"//button[@data-kt=\"provideButton\"]"}
COMMAND: POST /session/cd4e213f90090bc7497a341d701e98a6/elements - {"using":"xpath","value":"//button[@data-kt=\"provideButton\"]"}
RESULT: {"using":"xpath","value":"//button[@data-kt=\"provideButton\"]"}
COMMAND: POST /session/cd4e213f90090bc7497a341d701e98a6/elements - {"using":"xpath","value":"//button[@data-kt=\"provideButton\"]"}
RESULT: {"using":"xpath","value":"//button[@data-kt=\"provideButton\"]"}
COMMAND: POST /session/cd4e213f90090bc7497a341d701e98a6/elements - {"using":"xpath","value":"//button[@data-kt=\"provideButton\"]"}
RESULT: {"using":"xpath","value":"//button[@data-kt=\"provideButton\"]"}
COMMAND: POST /session/cd4e213f90090bc7497a341d701e98a6/elements - {"using":"xpath","value":"//button[@data-kt=\"provideButton\"]"}
RESULT: {"using":"xpath","value":"//button[@data-kt=\"provideButton\"]"}
COMMAND: POST /session/cd4e213f90090bc7497a341d701e98a6/elements - {"using":"xpath","value":"//button[@data-kt=\"provideButton\"]"}
RESULT: {"using":"xpath","value":"//button[@data-kt=\"provideButton\"]"}
COMMAND: POST /session/cd4e213f90090bc7497a341d701e98a6/elements - {"using":"xpath","value":"//button[@data-kt=\"provideButton\"]"}
RESULT: {"using":"xpath","value":"//button[@data-kt=\"provideButton\"]"}
COMMAND: POST /session/cd4e213f90090bc7497a341d701e98a6/elements - {"using":"xpath","value":"//button[@data-kt=\"provideButton\"]"}
RESULT: {"using":"xpath","value":"//button[@data-kt=\"provideButton\"]"}
COMMAND: POST /session/cd4e213f90090bc7497a341d701e98a6/elements - {"using":"xpath","value":"//button[@data-kt=\"provideButton\"]"}
RESULT: {"using":"xpath","value":"//button[@data-kt=\"provideButton\"]"}
COMMAND: POST /session/cd4e213f90090bc7497a341d701e98a6/elements - {"using":"xpath","value":"//button[@data-kt=\"provideButton\"]"}
RESULT: {"using":"xpath","value":"//button[@data-kt=\"provideButton\"]"}
COMMAND: POST /session/cd4e213f90090bc7497a341d701e98a6/elements - {"using":"xpath","value":"//button[@data-kt=\"provideButton\"]"}
RESULT: {"using":"xpath","value":"//button[@data-kt=\"provideButton\"]"}
COMMAND: POST /session/cd4e213f90090bc7497a341d701e98a6/elements - {"using":"xpath","value":"//button[@data-kt=\"provideButton\"]"}
RESULT: {"using":"xpath","value":"//button[@data-kt=\"provideButton\"]"}
COMMAND: POST /session/cd4e213f90090bc7497a341d701e98a6/elements - {"using":"xpath","value":"//button[@data-kt=\"provideButton\"]"}
RESULT: {"using":"xpath","value":"//button[@data-kt=\"provideButton\"]"}
COMMAND: POST /session/cd4e213f90090bc7497a341d701e98a6/elements - {"using":"xpath","value":"//button[@data-kt=\"provideButton\"]"}
RESULT: {"using":"xpath","value":"//button[@data-kt=\"provideButton\"]"}
COMMAND: POST /session/cd4e213f90090bc7497a341d701e98a6/elements - {"using":"xpath","value":"//button[@data-kt=\"provideButton\"]"}
RESULT: {"using":"xpath","value":"//button[@data-kt=\"provideButton\"]"}
COMMAND: POST /session/cd4e213f90090bc7497a341d701e98a6/elements - {"using":"xpath","value":"//button[@data-kt=\"provideButton\"]"}
RESULT: {"using":"xpath","value":"//button[@data-kt=\"provideButton\"]"}
COMMAND: POST /session/cd4e213f90090bc7497a341d701e98a6/elements - {"using":"xpath","value":"//button[@data-kt=\"provideButton\"]"}
RESULT: {"using":"xpath","value":"//button[@data-kt=\"provideButton\"]"}
COMMAND: POST /session/cd4e213f90090bc7497a341d701e98a6/elements - {"using":"xpath","value":"//button[@data-kt=\"provideButton\"]"}
RESULT: {"using":"xpath","value":"//button[@data-kt=\"provideButton\"]"}
COMMAND: POST /session/cd4e213f90090bc7497a341d701e98a6/elements - {"using":"xpath","value":"//button[@data-kt=\"provideButton\"]"}
RESULT: {"using":"xpath","value":"//button[@data-kt=\"provideButton\"]"}
COMMAND: POST /session/cd4e213f90090bc7497a341d701e98a6/elements - {"using":"xpath","value":"//button[@data-kt=\"provideButton\"]"}
RESULT: {"using":"xpath","value":"//button[@data-kt=\"provideButton\"]"}
COMMAND: POST /session/cd4e213f90090bc7497a341d701e98a6/elements - {"using":"xpath","value":"//button[@data-kt=\"provideButton\"]"}
RESULT: {"using":"xpath","value":"//button[@data-kt=\"provideButton\"]"}
COMMAND: POST /session/cd4e213f90090bc7497a341d701e98a6/elements - {"using":"xpath","value":"//button[@data-kt=\"provideButton\"]"}
RESULT: {"using":"xpath","value":"//button[@data-kt=\"provideButton\"]"}
COMMAND: POST /session/cd4e213f90090bc7497a341d701e98a6/elements - {"using":"xpath","value":"//button[@data-kt=\"provideButton\"]"}
RESULT: {"using":"xpath","value":"//button[@data-kt=\"provideButton\"]"}
COMMAND: POST /session/cd4e213f90090bc7497a341d701e98a6/elements - {"using":"xpath","value":"//button[@data-kt=\"provideButton\"]"}
RESULT: {"using":"xpath","value":"//button[@data-kt=\"provideButton\"]"}
COMMAND: POST /session/cd4e213f90090bc7497a341d701e98a6/elements - {"using":"xpath","value":"//button[@data-kt=\"provideButton\"]"}
RESULT: {"using":"xpath","value":"//button[@data-kt=\"provideButton\"]"}
COMMAND: POST /session/cd4e213f90090bc7497a341d701e98a6/elements - {"using":"xpath","value":"//button[@data-kt=\"provideButton\"]"}
RESULT: {"using":"xpath","value":"//button[@data-kt=\"provideButton\"]"}
COMMAND: POST /session/cd4e213f90090bc7497a341d701e98a6/elements - {"using":"xpath","value":"//button[@data-kt=\"provideButton\"]"}
RESULT: {"using":"xpath","value":"//button[@data-kt=\"provideButton\"]"}
COMMAND: POST /session/cd4e213f90090bc7497a341d701e98a6/elements - {"using":"xpath","value":"//button[@data-kt=\"provideButton\"]"}
RESULT: {"using":"xpath","value":"//button[@data-kt=\"provideButton\"]"}
COMMAND: POST /session/cd4e213f90090bc7497a341d701e98a6/elements - {"using":"xpath","value":"//button[@data-kt=\"provideButton\"]"}
RESULT: {"using":"xpath","value":"//button[@data-kt=\"provideButton\"]"}
COMMAND: GET /session/cd4e213f90090bc7497a341d701e98a6/screenshot - {}
RESULT: {}
]]></system-out>
      <system-err><![CDATA[
Error: Can't call click on element with selector "//button[@data-kt="provideButton"]" because element wasn't found
    at async Context.<anonymous> (D:\a\1\s\test\specs\HTR\provide-to-site-w-warehouse-w-clarification.spec.js:83:9)
]]></system-err>
    </testcase>
    <testcase classname="chrome.136_0_7103_93.windows.Provide_to_Site_w/_warehouse_management_w_clarification" name="Should test for Handover Execution" time="78.701">
      <failure/>
      <error message="element (&quot;//section[contains(@id,&quot;FC-NoHead&quot;)]/div[1]/div[5]/div[2]/span&quot;) still not existing after 45000ms"/>
      <system-out><![CDATA[
COMMAND: POST /session/cd4e213f90090bc7497a341d701e98a6/execute/async - {"script":"<script> [1562 bytes]","args":[{"selector":{"controlType":"sap.m.Link","viewName":"etm.portal.ui.managehandovers.view.DetailExecuteHO","bindingPath":{"path":"","propertyPath":"/wmDoc","modelName":"warehouseMovModel"}},"wdio_ui5_key":"etmportal.ui.managehandovers.view.DetailExecuteHOsap.m.Link{\"path\":\"\",\"propertyPath\":\"/wmDoc\",\"modelName\":\"warehouseMovModel\"}"}]}
COMMAND: GET /session/cd4e213f90090bc7497a341d701e98a6/screenshot - {}
RESULT: {"script":"<script> [1562 bytes]","args":[{"selector":{"controlType":"sap.m.Link","viewName":"etm.portal.ui.managehandovers.view.DetailExecuteHO","bindingPath":{"path":"","propertyPath":"/wmDoc","modelName":"warehouseMovModel"}},"wdio_ui5_key":"etmportal.ui.managehandovers.view.DetailExecuteHOsap.m.Link{\"path\":\"\",\"propertyPath\":\"/wmDoc\",\"modelName\":\"warehouseMovModel\"}"}]}
RESULT: undefined
RESULT: {}
COMMAND: POST /session/cd4e213f90090bc7497a341d701e98a6/execute/async - {"script":"<script> [1562 bytes]","args":[{"selector":{"controlType":"sap.m.Link","viewName":"etm.portal.ui.managehandovers.view.DetailExecuteHO","properties":{"text":"Warehouse Overview"},"searchOpenDialogs":true},"wdio_ui5_key":"etmportal.ui.managehandovers.view.DetailExecuteHOsap.m.Link{\"text\":\"Warehouse Overview\"}"}]}
RESULT: {"script":"<script> [1562 bytes]","args":[{"selector":{"controlType":"sap.m.Link","viewName":"etm.portal.ui.managehandovers.view.DetailExecuteHO","properties":{"text":"Warehouse Overview"},"searchOpenDialogs":true},"wdio_ui5_key":"etmportal.ui.managehandovers.view.DetailExecuteHOsap.m.Link{\"text\":\"Warehouse Overview\"}"}]}
RESULT: undefined
COMMAND: POST /session/cd4e213f90090bc7497a341d701e98a6/execute/async - {"script":"<script> [1562 bytes]","args":[{"selector":{"controlType":"sap.m.Button","viewName":"etm.portal.ui.warehousemovements.view.DisplayMovement","viewId":"application-warehousemovements-display-component---displayMovement","i18NText":{"propertyName":"text","key":"execution"},"interaction":{"idSuffix":"BDI-content"}},"wdio_ui5_key":"etmportal.ui.warehousemovements.view.DisplayMovementsap.m.Button{\"propertyName\":\"text\",\"key\":\"execution\"}"}]}
RESULT: {"script":"<script> [1562 bytes]","args":[{"selector":{"controlType":"sap.m.Button","viewName":"etm.portal.ui.warehousemovements.view.DisplayMovement","viewId":"application-warehousemovements-display-component---displayMovement","i18NText":{"propertyName":"text","key":"execution"},"interaction":{"idSuffix":"BDI-content"}},"wdio_ui5_key":"etmportal.ui.warehousemovements.view.DisplayMovementsap.m.Button{\"propertyName\":\"text\",\"key\":\"execution\"}"}]}
RESULT: undefined
COMMAND: POST /session/cd4e213f90090bc7497a341d701e98a6/execute/async - {"script":"<script> [1562 bytes]","args":[{"selector":{"controlType":"sap.m.Button","viewName":"etm.portal.ui.warehousemovements.view.ExecuteMovement","viewId":"application-warehousemovements-display-component---executeMovement","properties":{"text":"Items"},"interaction":{"idSuffix":"BDI-content"}},"wdio_ui5_key":"etmportal.ui.warehousemovements.view.ExecuteMovementsap.m.Button{\"text\":\"Items\"}"}]}
RESULT: {"script":"<script> [1562 bytes]","args":[{"selector":{"controlType":"sap.m.Button","viewName":"etm.portal.ui.warehousemovements.view.ExecuteMovement","viewId":"application-warehousemovements-display-component---executeMovement","properties":{"text":"Items"},"interaction":{"idSuffix":"BDI-content"}},"wdio_ui5_key":"etmportal.ui.warehousemovements.view.ExecuteMovementsap.m.Button{\"text\":\"Items\"}"}]}
RESULT: undefined
COMMAND: POST /session/cd4e213f90090bc7497a341d701e98a6/execute/async - {"script":"<script> [1562 bytes]","args":[{"selector":{"controlType":"sap.m.ToggleButton","viewName":"etm.portal.ui.warehousemovements.view.ExecuteMovement","viewId":"application-warehousemovements-display-component---executeMovement","bindingPath":{"propertyPath":"STATUS","modelName":"catalogModel"},"interaction":{"idSuffix":"BDI-content"}},"wdio_ui5_key":"etmportal.ui.warehousemovements.view.ExecuteMovementsap.m.ToggleButton{\"propertyPath\":\"STATUS\",\"modelName\":\"catalogModel\"}"}]}
RESULT: {"script":"<script> [1562 bytes]","args":[{"selector":{"controlType":"sap.m.ToggleButton","viewName":"etm.portal.ui.warehousemovements.view.ExecuteMovement","viewId":"application-warehousemovements-display-component---executeMovement","bindingPath":{"propertyPath":"STATUS","modelName":"catalogModel"},"interaction":{"idSuffix":"BDI-content"}},"wdio_ui5_key":"etmportal.ui.warehousemovements.view.ExecuteMovementsap.m.ToggleButton{\"propertyPath\":\"STATUS\",\"modelName\":\"catalogModel\"}"}]}
RESULT: undefined
RESULT: undefined
COMMAND: POST /session/cd4e213f90090bc7497a341d701e98a6/element - {"using":"xpath","value":"//section[contains(@id,\"FC-NoHead\")]/div[1]/div[5]/div[2]/span"}
RESULT: {"using":"xpath","value":"//section[contains(@id,\"FC-NoHead\")]/div[1]/div[5]/div[2]/span"}
COMMAND: POST /session/cd4e213f90090bc7497a341d701e98a6/elements - {"using":"xpath","value":"//section[contains(@id,\"FC-NoHead\")]/div[1]/div[5]/div[2]/span"}
RESULT: {"using":"xpath","value":"//section[contains(@id,\"FC-NoHead\")]/div[1]/div[5]/div[2]/span"}
COMMAND: POST /session/cd4e213f90090bc7497a341d701e98a6/elements - {"using":"xpath","value":"//section[contains(@id,\"FC-NoHead\")]/div[1]/div[5]/div[2]/span"}
RESULT: {"using":"xpath","value":"//section[contains(@id,\"FC-NoHead\")]/div[1]/div[5]/div[2]/span"}
COMMAND: POST /session/cd4e213f90090bc7497a341d701e98a6/elements - {"using":"xpath","value":"//section[contains(@id,\"FC-NoHead\")]/div[1]/div[5]/div[2]/span"}
RESULT: {"using":"xpath","value":"//section[contains(@id,\"FC-NoHead\")]/div[1]/div[5]/div[2]/span"}
COMMAND: POST /session/cd4e213f90090bc7497a341d701e98a6/elements - {"using":"xpath","value":"//section[contains(@id,\"FC-NoHead\")]/div[1]/div[5]/div[2]/span"}
RESULT: {"using":"xpath","value":"//section[contains(@id,\"FC-NoHead\")]/div[1]/div[5]/div[2]/span"}
COMMAND: POST /session/cd4e213f90090bc7497a341d701e98a6/elements - {"using":"xpath","value":"//section[contains(@id,\"FC-NoHead\")]/div[1]/div[5]/div[2]/span"}
RESULT: {"using":"xpath","value":"//section[contains(@id,\"FC-NoHead\")]/div[1]/div[5]/div[2]/span"}
COMMAND: POST /session/cd4e213f90090bc7497a341d701e98a6/elements - {"using":"xpath","value":"//section[contains(@id,\"FC-NoHead\")]/div[1]/div[5]/div[2]/span"}
RESULT: {"using":"xpath","value":"//section[contains(@id,\"FC-NoHead\")]/div[1]/div[5]/div[2]/span"}
COMMAND: POST /session/cd4e213f90090bc7497a341d701e98a6/elements - {"using":"xpath","value":"//section[contains(@id,\"FC-NoHead\")]/div[1]/div[5]/div[2]/span"}
RESULT: {"using":"xpath","value":"//section[contains(@id,\"FC-NoHead\")]/div[1]/div[5]/div[2]/span"}
COMMAND: POST /session/cd4e213f90090bc7497a341d701e98a6/elements - {"using":"xpath","value":"//section[contains(@id,\"FC-NoHead\")]/div[1]/div[5]/div[2]/span"}
RESULT: {"using":"xpath","value":"//section[contains(@id,\"FC-NoHead\")]/div[1]/div[5]/div[2]/span"}
COMMAND: POST /session/cd4e213f90090bc7497a341d701e98a6/elements - {"using":"xpath","value":"//section[contains(@id,\"FC-NoHead\")]/div[1]/div[5]/div[2]/span"}
RESULT: {"using":"xpath","value":"//section[contains(@id,\"FC-NoHead\")]/div[1]/div[5]/div[2]/span"}
COMMAND: POST /session/cd4e213f90090bc7497a341d701e98a6/elements - {"using":"xpath","value":"//section[contains(@id,\"FC-NoHead\")]/div[1]/div[5]/div[2]/span"}
RESULT: {"using":"xpath","value":"//section[contains(@id,\"FC-NoHead\")]/div[1]/div[5]/div[2]/span"}
COMMAND: POST /session/cd4e213f90090bc7497a341d701e98a6/elements - {"using":"xpath","value":"//section[contains(@id,\"FC-NoHead\")]/div[1]/div[5]/div[2]/span"}
RESULT: {"using":"xpath","value":"//section[contains(@id,\"FC-NoHead\")]/div[1]/div[5]/div[2]/span"}
COMMAND: POST /session/cd4e213f90090bc7497a341d701e98a6/elements - {"using":"xpath","value":"//section[contains(@id,\"FC-NoHead\")]/div[1]/div[5]/div[2]/span"}
RESULT: {"using":"xpath","value":"//section[contains(@id,\"FC-NoHead\")]/div[1]/div[5]/div[2]/span"}
COMMAND: POST /session/cd4e213f90090bc7497a341d701e98a6/elements - {"using":"xpath","value":"//section[contains(@id,\"FC-NoHead\")]/div[1]/div[5]/div[2]/span"}
RESULT: {"using":"xpath","value":"//section[contains(@id,\"FC-NoHead\")]/div[1]/div[5]/div[2]/span"}
COMMAND: POST /session/cd4e213f90090bc7497a341d701e98a6/elements - {"using":"xpath","value":"//section[contains(@id,\"FC-NoHead\")]/div[1]/div[5]/div[2]/span"}
RESULT: {"using":"xpath","value":"//section[contains(@id,\"FC-NoHead\")]/div[1]/div[5]/div[2]/span"}
COMMAND: POST /session/cd4e213f90090bc7497a341d701e98a6/elements - {"using":"xpath","value":"//section[contains(@id,\"FC-NoHead\")]/div[1]/div[5]/div[2]/span"}
RESULT: {"using":"xpath","value":"//section[contains(@id,\"FC-NoHead\")]/div[1]/div[5]/div[2]/span"}
COMMAND: POST /session/cd4e213f90090bc7497a341d701e98a6/elements - {"using":"xpath","value":"//section[contains(@id,\"FC-NoHead\")]/div[1]/div[5]/div[2]/span"}
RESULT: {"using":"xpath","value":"//section[contains(@id,\"FC-NoHead\")]/div[1]/div[5]/div[2]/span"}
COMMAND: POST /session/cd4e213f90090bc7497a341d701e98a6/elements - {"using":"xpath","value":"//section[contains(@id,\"FC-NoHead\")]/div[1]/div[5]/div[2]/span"}
RESULT: {"using":"xpath","value":"//section[contains(@id,\"FC-NoHead\")]/div[1]/div[5]/div[2]/span"}
COMMAND: POST /session/cd4e213f90090bc7497a341d701e98a6/elements - {"using":"xpath","value":"//section[contains(@id,\"FC-NoHead\")]/div[1]/div[5]/div[2]/span"}
RESULT: {"using":"xpath","value":"//section[contains(@id,\"FC-NoHead\")]/div[1]/div[5]/div[2]/span"}
COMMAND: POST /session/cd4e213f90090bc7497a341d701e98a6/elements - {"using":"xpath","value":"//section[contains(@id,\"FC-NoHead\")]/div[1]/div[5]/div[2]/span"}
RESULT: {"using":"xpath","value":"//section[contains(@id,\"FC-NoHead\")]/div[1]/div[5]/div[2]/span"}
COMMAND: POST /session/cd4e213f90090bc7497a341d701e98a6/elements - {"using":"xpath","value":"//section[contains(@id,\"FC-NoHead\")]/div[1]/div[5]/div[2]/span"}
RESULT: {"using":"xpath","value":"//section[contains(@id,\"FC-NoHead\")]/div[1]/div[5]/div[2]/span"}
COMMAND: POST /session/cd4e213f90090bc7497a341d701e98a6/elements - {"using":"xpath","value":"//section[contains(@id,\"FC-NoHead\")]/div[1]/div[5]/div[2]/span"}
RESULT: {"using":"xpath","value":"//section[contains(@id,\"FC-NoHead\")]/div[1]/div[5]/div[2]/span"}
COMMAND: POST /session/cd4e213f90090bc7497a341d701e98a6/elements - {"using":"xpath","value":"//section[contains(@id,\"FC-NoHead\")]/div[1]/div[5]/div[2]/span"}
RESULT: {"using":"xpath","value":"//section[contains(@id,\"FC-NoHead\")]/div[1]/div[5]/div[2]/span"}
COMMAND: POST /session/cd4e213f90090bc7497a341d701e98a6/elements - {"using":"xpath","value":"//section[contains(@id,\"FC-NoHead\")]/div[1]/div[5]/div[2]/span"}
RESULT: {"using":"xpath","value":"//section[contains(@id,\"FC-NoHead\")]/div[1]/div[5]/div[2]/span"}
COMMAND: POST /session/cd4e213f90090bc7497a341d701e98a6/elements - {"using":"xpath","value":"//section[contains(@id,\"FC-NoHead\")]/div[1]/div[5]/div[2]/span"}
RESULT: {"using":"xpath","value":"//section[contains(@id,\"FC-NoHead\")]/div[1]/div[5]/div[2]/span"}
COMMAND: POST /session/cd4e213f90090bc7497a341d701e98a6/elements - {"using":"xpath","value":"//section[contains(@id,\"FC-NoHead\")]/div[1]/div[5]/div[2]/span"}
RESULT: {"using":"xpath","value":"//section[contains(@id,\"FC-NoHead\")]/div[1]/div[5]/div[2]/span"}
COMMAND: POST /session/cd4e213f90090bc7497a341d701e98a6/elements - {"using":"xpath","value":"//section[contains(@id,\"FC-NoHead\")]/div[1]/div[5]/div[2]/span"}
RESULT: {"using":"xpath","value":"//section[contains(@id,\"FC-NoHead\")]/div[1]/div[5]/div[2]/span"}
COMMAND: POST /session/cd4e213f90090bc7497a341d701e98a6/elements - {"using":"xpath","value":"//section[contains(@id,\"FC-NoHead\")]/div[1]/div[5]/div[2]/span"}
RESULT: {"using":"xpath","value":"//section[contains(@id,\"FC-NoHead\")]/div[1]/div[5]/div[2]/span"}
COMMAND: POST /session/cd4e213f90090bc7497a341d701e98a6/elements - {"using":"xpath","value":"//section[contains(@id,\"FC-NoHead\")]/div[1]/div[5]/div[2]/span"}
RESULT: {"using":"xpath","value":"//section[contains(@id,\"FC-NoHead\")]/div[1]/div[5]/div[2]/span"}
COMMAND: POST /session/cd4e213f90090bc7497a341d701e98a6/elements - {"using":"xpath","value":"//section[contains(@id,\"FC-NoHead\")]/div[1]/div[5]/div[2]/span"}
RESULT: {"using":"xpath","value":"//section[contains(@id,\"FC-NoHead\")]/div[1]/div[5]/div[2]/span"}
COMMAND: POST /session/cd4e213f90090bc7497a341d701e98a6/elements - {"using":"xpath","value":"//section[contains(@id,\"FC-NoHead\")]/div[1]/div[5]/div[2]/span"}
RESULT: {"using":"xpath","value":"//section[contains(@id,\"FC-NoHead\")]/div[1]/div[5]/div[2]/span"}
COMMAND: POST /session/cd4e213f90090bc7497a341d701e98a6/elements - {"using":"xpath","value":"//section[contains(@id,\"FC-NoHead\")]/div[1]/div[5]/div[2]/span"}
RESULT: {"using":"xpath","value":"//section[contains(@id,\"FC-NoHead\")]/div[1]/div[5]/div[2]/span"}
COMMAND: POST /session/cd4e213f90090bc7497a341d701e98a6/elements - {"using":"xpath","value":"//section[contains(@id,\"FC-NoHead\")]/div[1]/div[5]/div[2]/span"}
RESULT: {"using":"xpath","value":"//section[contains(@id,\"FC-NoHead\")]/div[1]/div[5]/div[2]/span"}
COMMAND: POST /session/cd4e213f90090bc7497a341d701e98a6/elements - {"using":"xpath","value":"//section[contains(@id,\"FC-NoHead\")]/div[1]/div[5]/div[2]/span"}
RESULT: {"using":"xpath","value":"//section[contains(@id,\"FC-NoHead\")]/div[1]/div[5]/div[2]/span"}
COMMAND: POST /session/cd4e213f90090bc7497a341d701e98a6/elements - {"using":"xpath","value":"//section[contains(@id,\"FC-NoHead\")]/div[1]/div[5]/div[2]/span"}
RESULT: {"using":"xpath","value":"//section[contains(@id,\"FC-NoHead\")]/div[1]/div[5]/div[2]/span"}
COMMAND: POST /session/cd4e213f90090bc7497a341d701e98a6/elements - {"using":"xpath","value":"//section[contains(@id,\"FC-NoHead\")]/div[1]/div[5]/div[2]/span"}
RESULT: {"using":"xpath","value":"//section[contains(@id,\"FC-NoHead\")]/div[1]/div[5]/div[2]/span"}
COMMAND: POST /session/cd4e213f90090bc7497a341d701e98a6/elements - {"using":"xpath","value":"//section[contains(@id,\"FC-NoHead\")]/div[1]/div[5]/div[2]/span"}
RESULT: {"using":"xpath","value":"//section[contains(@id,\"FC-NoHead\")]/div[1]/div[5]/div[2]/span"}
COMMAND: POST /session/cd4e213f90090bc7497a341d701e98a6/elements - {"using":"xpath","value":"//section[contains(@id,\"FC-NoHead\")]/div[1]/div[5]/div[2]/span"}
RESULT: {"using":"xpath","value":"//section[contains(@id,\"FC-NoHead\")]/div[1]/div[5]/div[2]/span"}
COMMAND: POST /session/cd4e213f90090bc7497a341d701e98a6/elements - {"using":"xpath","value":"//section[contains(@id,\"FC-NoHead\")]/div[1]/div[5]/div[2]/span"}
RESULT: {"using":"xpath","value":"//section[contains(@id,\"FC-NoHead\")]/div[1]/div[5]/div[2]/span"}
COMMAND: POST /session/cd4e213f90090bc7497a341d701e98a6/elements - {"using":"xpath","value":"//section[contains(@id,\"FC-NoHead\")]/div[1]/div[5]/div[2]/span"}
RESULT: {"using":"xpath","value":"//section[contains(@id,\"FC-NoHead\")]/div[1]/div[5]/div[2]/span"}
COMMAND: POST /session/cd4e213f90090bc7497a341d701e98a6/elements - {"using":"xpath","value":"//section[contains(@id,\"FC-NoHead\")]/div[1]/div[5]/div[2]/span"}
RESULT: {"using":"xpath","value":"//section[contains(@id,\"FC-NoHead\")]/div[1]/div[5]/div[2]/span"}
COMMAND: POST /session/cd4e213f90090bc7497a341d701e98a6/elements - {"using":"xpath","value":"//section[contains(@id,\"FC-NoHead\")]/div[1]/div[5]/div[2]/span"}
RESULT: {"using":"xpath","value":"//section[contains(@id,\"FC-NoHead\")]/div[1]/div[5]/div[2]/span"}
COMMAND: POST /session/cd4e213f90090bc7497a341d701e98a6/elements - {"using":"xpath","value":"//section[contains(@id,\"FC-NoHead\")]/div[1]/div[5]/div[2]/span"}
RESULT: {"using":"xpath","value":"//section[contains(@id,\"FC-NoHead\")]/div[1]/div[5]/div[2]/span"}
COMMAND: POST /session/cd4e213f90090bc7497a341d701e98a6/elements - {"using":"xpath","value":"//section[contains(@id,\"FC-NoHead\")]/div[1]/div[5]/div[2]/span"}
RESULT: {"using":"xpath","value":"//section[contains(@id,\"FC-NoHead\")]/div[1]/div[5]/div[2]/span"}
COMMAND: POST /session/cd4e213f90090bc7497a341d701e98a6/elements - {"using":"xpath","value":"//section[contains(@id,\"FC-NoHead\")]/div[1]/div[5]/div[2]/span"}
RESULT: {"using":"xpath","value":"//section[contains(@id,\"FC-NoHead\")]/div[1]/div[5]/div[2]/span"}
COMMAND: POST /session/cd4e213f90090bc7497a341d701e98a6/elements - {"using":"xpath","value":"//section[contains(@id,\"FC-NoHead\")]/div[1]/div[5]/div[2]/span"}
RESULT: {"using":"xpath","value":"//section[contains(@id,\"FC-NoHead\")]/div[1]/div[5]/div[2]/span"}
COMMAND: POST /session/cd4e213f90090bc7497a341d701e98a6/elements - {"using":"xpath","value":"//section[contains(@id,\"FC-NoHead\")]/div[1]/div[5]/div[2]/span"}
RESULT: {"using":"xpath","value":"//section[contains(@id,\"FC-NoHead\")]/div[1]/div[5]/div[2]/span"}
COMMAND: POST /session/cd4e213f90090bc7497a341d701e98a6/elements - {"using":"xpath","value":"//section[contains(@id,\"FC-NoHead\")]/div[1]/div[5]/div[2]/span"}
RESULT: {"using":"xpath","value":"//section[contains(@id,\"FC-NoHead\")]/div[1]/div[5]/div[2]/span"}
COMMAND: POST /session/cd4e213f90090bc7497a341d701e98a6/elements - {"using":"xpath","value":"//section[contains(@id,\"FC-NoHead\")]/div[1]/div[5]/div[2]/span"}
RESULT: {"using":"xpath","value":"//section[contains(@id,\"FC-NoHead\")]/div[1]/div[5]/div[2]/span"}
COMMAND: POST /session/cd4e213f90090bc7497a341d701e98a6/elements - {"using":"xpath","value":"//section[contains(@id,\"FC-NoHead\")]/div[1]/div[5]/div[2]/span"}
RESULT: {"using":"xpath","value":"//section[contains(@id,\"FC-NoHead\")]/div[1]/div[5]/div[2]/span"}
COMMAND: POST /session/cd4e213f90090bc7497a341d701e98a6/elements - {"using":"xpath","value":"//section[contains(@id,\"FC-NoHead\")]/div[1]/div[5]/div[2]/span"}
RESULT: {"using":"xpath","value":"//section[contains(@id,\"FC-NoHead\")]/div[1]/div[5]/div[2]/span"}
COMMAND: POST /session/cd4e213f90090bc7497a341d701e98a6/elements - {"using":"xpath","value":"//section[contains(@id,\"FC-NoHead\")]/div[1]/div[5]/div[2]/span"}
RESULT: {"using":"xpath","value":"//section[contains(@id,\"FC-NoHead\")]/div[1]/div[5]/div[2]/span"}
COMMAND: POST /session/cd4e213f90090bc7497a341d701e98a6/elements - {"using":"xpath","value":"//section[contains(@id,\"FC-NoHead\")]/div[1]/div[5]/div[2]/span"}
RESULT: {"using":"xpath","value":"//section[contains(@id,\"FC-NoHead\")]/div[1]/div[5]/div[2]/span"}
COMMAND: POST /session/cd4e213f90090bc7497a341d701e98a6/elements - {"using":"xpath","value":"//section[contains(@id,\"FC-NoHead\")]/div[1]/div[5]/div[2]/span"}
RESULT: {"using":"xpath","value":"//section[contains(@id,\"FC-NoHead\")]/div[1]/div[5]/div[2]/span"}
COMMAND: POST /session/cd4e213f90090bc7497a341d701e98a6/elements - {"using":"xpath","value":"//section[contains(@id,\"FC-NoHead\")]/div[1]/div[5]/div[2]/span"}
RESULT: {"using":"xpath","value":"//section[contains(@id,\"FC-NoHead\")]/div[1]/div[5]/div[2]/span"}
COMMAND: POST /session/cd4e213f90090bc7497a341d701e98a6/elements - {"using":"xpath","value":"//section[contains(@id,\"FC-NoHead\")]/div[1]/div[5]/div[2]/span"}
RESULT: {"using":"xpath","value":"//section[contains(@id,\"FC-NoHead\")]/div[1]/div[5]/div[2]/span"}
COMMAND: POST /session/cd4e213f90090bc7497a341d701e98a6/elements - {"using":"xpath","value":"//section[contains(@id,\"FC-NoHead\")]/div[1]/div[5]/div[2]/span"}
RESULT: {"using":"xpath","value":"//section[contains(@id,\"FC-NoHead\")]/div[1]/div[5]/div[2]/span"}
COMMAND: POST /session/cd4e213f90090bc7497a341d701e98a6/elements - {"using":"xpath","value":"//section[contains(@id,\"FC-NoHead\")]/div[1]/div[5]/div[2]/span"}
RESULT: {"using":"xpath","value":"//section[contains(@id,\"FC-NoHead\")]/div[1]/div[5]/div[2]/span"}
COMMAND: POST /session/cd4e213f90090bc7497a341d701e98a6/elements - {"using":"xpath","value":"//section[contains(@id,\"FC-NoHead\")]/div[1]/div[5]/div[2]/span"}
RESULT: {"using":"xpath","value":"//section[contains(@id,\"FC-NoHead\")]/div[1]/div[5]/div[2]/span"}
COMMAND: POST /session/cd4e213f90090bc7497a341d701e98a6/elements - {"using":"xpath","value":"//section[contains(@id,\"FC-NoHead\")]/div[1]/div[5]/div[2]/span"}
RESULT: {"using":"xpath","value":"//section[contains(@id,\"FC-NoHead\")]/div[1]/div[5]/div[2]/span"}
COMMAND: POST /session/cd4e213f90090bc7497a341d701e98a6/elements - {"using":"xpath","value":"//section[contains(@id,\"FC-NoHead\")]/div[1]/div[5]/div[2]/span"}
RESULT: {"using":"xpath","value":"//section[contains(@id,\"FC-NoHead\")]/div[1]/div[5]/div[2]/span"}
COMMAND: POST /session/cd4e213f90090bc7497a341d701e98a6/elements - {"using":"xpath","value":"//section[contains(@id,\"FC-NoHead\")]/div[1]/div[5]/div[2]/span"}
RESULT: {"using":"xpath","value":"//section[contains(@id,\"FC-NoHead\")]/div[1]/div[5]/div[2]/span"}
COMMAND: POST /session/cd4e213f90090bc7497a341d701e98a6/elements - {"using":"xpath","value":"//section[contains(@id,\"FC-NoHead\")]/div[1]/div[5]/div[2]/span"}
RESULT: {"using":"xpath","value":"//section[contains(@id,\"FC-NoHead\")]/div[1]/div[5]/div[2]/span"}
COMMAND: POST /session/cd4e213f90090bc7497a341d701e98a6/elements - {"using":"xpath","value":"//section[contains(@id,\"FC-NoHead\")]/div[1]/div[5]/div[2]/span"}
RESULT: {"using":"xpath","value":"//section[contains(@id,\"FC-NoHead\")]/div[1]/div[5]/div[2]/span"}
COMMAND: POST /session/cd4e213f90090bc7497a341d701e98a6/elements - {"using":"xpath","value":"//section[contains(@id,\"FC-NoHead\")]/div[1]/div[5]/div[2]/span"}
RESULT: {"using":"xpath","value":"//section[contains(@id,\"FC-NoHead\")]/div[1]/div[5]/div[2]/span"}
COMMAND: POST /session/cd4e213f90090bc7497a341d701e98a6/elements - {"using":"xpath","value":"//section[contains(@id,\"FC-NoHead\")]/div[1]/div[5]/div[2]/span"}
RESULT: {"using":"xpath","value":"//section[contains(@id,\"FC-NoHead\")]/div[1]/div[5]/div[2]/span"}
COMMAND: POST /session/cd4e213f90090bc7497a341d701e98a6/elements - {"using":"xpath","value":"//section[contains(@id,\"FC-NoHead\")]/div[1]/div[5]/div[2]/span"}
RESULT: {"using":"xpath","value":"//section[contains(@id,\"FC-NoHead\")]/div[1]/div[5]/div[2]/span"}
COMMAND: POST /session/cd4e213f90090bc7497a341d701e98a6/elements - {"using":"xpath","value":"//section[contains(@id,\"FC-NoHead\")]/div[1]/div[5]/div[2]/span"}
RESULT: {"using":"xpath","value":"//section[contains(@id,\"FC-NoHead\")]/div[1]/div[5]/div[2]/span"}
COMMAND: POST /session/cd4e213f90090bc7497a341d701e98a6/elements - {"using":"xpath","value":"//section[contains(@id,\"FC-NoHead\")]/div[1]/div[5]/div[2]/span"}
RESULT: {"using":"xpath","value":"//section[contains(@id,\"FC-NoHead\")]/div[1]/div[5]/div[2]/span"}
COMMAND: POST /session/cd4e213f90090bc7497a341d701e98a6/elements - {"using":"xpath","value":"//section[contains(@id,\"FC-NoHead\")]/div[1]/div[5]/div[2]/span"}
RESULT: {"using":"xpath","value":"//section[contains(@id,\"FC-NoHead\")]/div[1]/div[5]/div[2]/span"}
COMMAND: POST /session/cd4e213f90090bc7497a341d701e98a6/elements - {"using":"xpath","value":"//section[contains(@id,\"FC-NoHead\")]/div[1]/div[5]/div[2]/span"}
RESULT: {"using":"xpath","value":"//section[contains(@id,\"FC-NoHead\")]/div[1]/div[5]/div[2]/span"}
COMMAND: POST /session/cd4e213f90090bc7497a341d701e98a6/elements - {"using":"xpath","value":"//section[contains(@id,\"FC-NoHead\")]/div[1]/div[5]/div[2]/span"}
RESULT: {"using":"xpath","value":"//section[contains(@id,\"FC-NoHead\")]/div[1]/div[5]/div[2]/span"}
COMMAND: POST /session/cd4e213f90090bc7497a341d701e98a6/elements - {"using":"xpath","value":"//section[contains(@id,\"FC-NoHead\")]/div[1]/div[5]/div[2]/span"}
RESULT: {"using":"xpath","value":"//section[contains(@id,\"FC-NoHead\")]/div[1]/div[5]/div[2]/span"}
COMMAND: POST /session/cd4e213f90090bc7497a341d701e98a6/elements - {"using":"xpath","value":"//section[contains(@id,\"FC-NoHead\")]/div[1]/div[5]/div[2]/span"}
RESULT: {"using":"xpath","value":"//section[contains(@id,\"FC-NoHead\")]/div[1]/div[5]/div[2]/span"}
COMMAND: POST /session/cd4e213f90090bc7497a341d701e98a6/elements - {"using":"xpath","value":"//section[contains(@id,\"FC-NoHead\")]/div[1]/div[5]/div[2]/span"}
RESULT: {"using":"xpath","value":"//section[contains(@id,\"FC-NoHead\")]/div[1]/div[5]/div[2]/span"}
COMMAND: POST /session/cd4e213f90090bc7497a341d701e98a6/elements - {"using":"xpath","value":"//section[contains(@id,\"FC-NoHead\")]/div[1]/div[5]/div[2]/span"}
RESULT: {"using":"xpath","value":"//section[contains(@id,\"FC-NoHead\")]/div[1]/div[5]/div[2]/span"}
COMMAND: POST /session/cd4e213f90090bc7497a341d701e98a6/elements - {"using":"xpath","value":"//section[contains(@id,\"FC-NoHead\")]/div[1]/div[5]/div[2]/span"}
RESULT: {"using":"xpath","value":"//section[contains(@id,\"FC-NoHead\")]/div[1]/div[5]/div[2]/span"}
COMMAND: POST /session/cd4e213f90090bc7497a341d701e98a6/elements - {"using":"xpath","value":"//section[contains(@id,\"FC-NoHead\")]/div[1]/div[5]/div[2]/span"}
RESULT: {"using":"xpath","value":"//section[contains(@id,\"FC-NoHead\")]/div[1]/div[5]/div[2]/span"}
COMMAND: POST /session/cd4e213f90090bc7497a341d701e98a6/elements - {"using":"xpath","value":"//section[contains(@id,\"FC-NoHead\")]/div[1]/div[5]/div[2]/span"}
RESULT: {"using":"xpath","value":"//section[contains(@id,\"FC-NoHead\")]/div[1]/div[5]/div[2]/span"}
COMMAND: POST /session/cd4e213f90090bc7497a341d701e98a6/elements - {"using":"xpath","value":"//section[contains(@id,\"FC-NoHead\")]/div[1]/div[5]/div[2]/span"}
RESULT: {"using":"xpath","value":"//section[contains(@id,\"FC-NoHead\")]/div[1]/div[5]/div[2]/span"}
COMMAND: POST /session/cd4e213f90090bc7497a341d701e98a6/elements - {"using":"xpath","value":"//section[contains(@id,\"FC-NoHead\")]/div[1]/div[5]/div[2]/span"}
RESULT: {"using":"xpath","value":"//section[contains(@id,\"FC-NoHead\")]/div[1]/div[5]/div[2]/span"}
COMMAND: POST /session/cd4e213f90090bc7497a341d701e98a6/elements - {"using":"xpath","value":"//section[contains(@id,\"FC-NoHead\")]/div[1]/div[5]/div[2]/span"}
RESULT: {"using":"xpath","value":"//section[contains(@id,\"FC-NoHead\")]/div[1]/div[5]/div[2]/span"}
COMMAND: POST /session/cd4e213f90090bc7497a341d701e98a6/elements - {"using":"xpath","value":"//section[contains(@id,\"FC-NoHead\")]/div[1]/div[5]/div[2]/span"}
RESULT: {"using":"xpath","value":"//section[contains(@id,\"FC-NoHead\")]/div[1]/div[5]/div[2]/span"}
COMMAND: POST /session/cd4e213f90090bc7497a341d701e98a6/elements - {"using":"xpath","value":"//section[contains(@id,\"FC-NoHead\")]/div[1]/div[5]/div[2]/span"}
RESULT: {"using":"xpath","value":"//section[contains(@id,\"FC-NoHead\")]/div[1]/div[5]/div[2]/span"}
COMMAND: POST /session/cd4e213f90090bc7497a341d701e98a6/elements - {"using":"xpath","value":"//section[contains(@id,\"FC-NoHead\")]/div[1]/div[5]/div[2]/span"}
RESULT: {"using":"xpath","value":"//section[contains(@id,\"FC-NoHead\")]/div[1]/div[5]/div[2]/span"}
COMMAND: POST /session/cd4e213f90090bc7497a341d701e98a6/elements - {"using":"xpath","value":"//section[contains(@id,\"FC-NoHead\")]/div[1]/div[5]/div[2]/span"}
RESULT: {"using":"xpath","value":"//section[contains(@id,\"FC-NoHead\")]/div[1]/div[5]/div[2]/span"}
COMMAND: POST /session/cd4e213f90090bc7497a341d701e98a6/elements - {"using":"xpath","value":"//section[contains(@id,\"FC-NoHead\")]/div[1]/div[5]/div[2]/span"}
RESULT: {"using":"xpath","value":"//section[contains(@id,\"FC-NoHead\")]/div[1]/div[5]/div[2]/span"}
COMMAND: POST /session/cd4e213f90090bc7497a341d701e98a6/elements - {"using":"xpath","value":"//section[contains(@id,\"FC-NoHead\")]/div[1]/div[5]/div[2]/span"}
RESULT: {"using":"xpath","value":"//section[contains(@id,\"FC-NoHead\")]/div[1]/div[5]/div[2]/span"}
COMMAND: POST /session/cd4e213f90090bc7497a341d701e98a6/elements - {"using":"xpath","value":"//section[contains(@id,\"FC-NoHead\")]/div[1]/div[5]/div[2]/span"}
RESULT: {"using":"xpath","value":"//section[contains(@id,\"FC-NoHead\")]/div[1]/div[5]/div[2]/span"}
COMMAND: POST /session/cd4e213f90090bc7497a341d701e98a6/elements - {"using":"xpath","value":"//section[contains(@id,\"FC-NoHead\")]/div[1]/div[5]/div[2]/span"}
RESULT: {"using":"xpath","value":"//section[contains(@id,\"FC-NoHead\")]/div[1]/div[5]/div[2]/span"}
COMMAND: POST /session/cd4e213f90090bc7497a341d701e98a6/elements - {"using":"xpath","value":"//section[contains(@id,\"FC-NoHead\")]/div[1]/div[5]/div[2]/span"}
RESULT: {"using":"xpath","value":"//section[contains(@id,\"FC-NoHead\")]/div[1]/div[5]/div[2]/span"}
COMMAND: POST /session/cd4e213f90090bc7497a341d701e98a6/elements - {"using":"xpath","value":"//section[contains(@id,\"FC-NoHead\")]/div[1]/div[5]/div[2]/span"}
COMMAND: GET /session/cd4e213f90090bc7497a341d701e98a6/screenshot - {}
RESULT: {"using":"xpath","value":"//section[contains(@id,\"FC-NoHead\")]/div[1]/div[5]/div[2]/span"}
RESULT: {}
]]></system-out>
      <system-err><![CDATA[
Error: element ("//section[contains(@id,"FC-NoHead")]/div[1]/div[5]/div[2]/span") still not existing after 45000ms
    at async Context.<anonymous> (D:\a\1\s\test\specs\HTR\provide-to-site-w-warehouse-w-clarification.spec.js:219:9)
]]></system-err>
    </testcase>
    <testcase classname="chrome.136_0_7103_93.windows.Provide_to_Site_w/_warehouse_management_w_clarification" name="Should test for Clarification" time="88.071">
      <failure/>
      <error message="Can't call click on element with selector &quot;//span[(text() = 'null' or . = 'null')]&quot; because element wasn't found"/>
      <system-out><![CDATA[
RESULT: undefined
COMMAND: POST /session/cd4e213f90090bc7497a341d701e98a6/element - {"using":"xpath","value":"//*[@id=\"__tile131\"]"}
COMMAND: GET /session/cd4e213f90090bc7497a341d701e98a6/screenshot - {}
RESULT: {"using":"xpath","value":"//*[@id=\"__tile131\"]"}
COMMAND: POST /session/cd4e213f90090bc7497a341d701e98a6/element/f.3EFE59E47BCAC700A535F57DF4769BD4.d.C2D3FF12AC0F6C400482280305C7FD32.e.4310/click - {}
RESULT: {}
COMMAND: POST /session/cd4e213f90090bc7497a341d701e98a6/elements - {"using":"xpath","value":"//span[text()='Error']"}
RESULT: {"using":"xpath","value":"//span[text()='Error']"}
COMMAND: POST /session/cd4e213f90090bc7497a341d701e98a6/execute/async - {"script":"<script> [1562 bytes]","args":[{"selector":{"controlType":"sap.m.SearchField","viewName":"etm.portal.ui.managehandovers.view.MasterHO","bindingPath":{"propertyPath":"/_BASIC_SEARCH_FIELD","modelName":"fi1t3rM0d31"},"interaction":{"idSuffix":"I"}},"wdio_ui5_key":"etmportal.ui.managehandovers.view.MasterHOsap.m.SearchField{\"propertyPath\":\"/_BASIC_SEARCH_FIELD\",\"modelName\":\"fi1t3rM0d31\"}"}]}
RESULT: {"script":"<script> [1562 bytes]","args":[{"selector":{"controlType":"sap.m.SearchField","viewName":"etm.portal.ui.managehandovers.view.MasterHO","bindingPath":{"propertyPath":"/_BASIC_SEARCH_FIELD","modelName":"fi1t3rM0d31"},"interaction":{"idSuffix":"I"}},"wdio_ui5_key":"etmportal.ui.managehandovers.view.MasterHOsap.m.SearchField{\"propertyPath\":\"/_BASIC_SEARCH_FIELD\",\"modelName\":\"fi1t3rM0d31\"}"}]}
RESULT: undefined
COMMAND: POST /session/cd4e213f90090bc7497a341d701e98a6/execute/async - {"script":"<script> [776 bytes]","args":[{"enterText":null,"selector":{"controlType":"sap.m.SearchField","viewName":"etm.portal.ui.managehandovers.view.MasterHO","bindingPath":{"propertyPath":"/_BASIC_SEARCH_FIELD","modelName":"fi1t3rM0d31"},"interaction":{"idSuffix":"I"}},"clearTextFirst":true,"interactionType":"ENTER_TEXT"}]}
RESULT: {"script":"<script> [776 bytes]","args":[{"enterText":null,"selector":{"controlType":"sap.m.SearchField","viewName":"etm.portal.ui.managehandovers.view.MasterHO","bindingPath":{"propertyPath":"/_BASIC_SEARCH_FIELD","modelName":"fi1t3rM0d31"},"interaction":{"idSuffix":"I"}},"clearTextFirst":true,"interactionType":"ENTER_TEXT"}]}
COMMAND: POST /session/cd4e213f90090bc7497a341d701e98a6/actions - {"actions":[{"id":"action22","type":"key","parameters":{},"actions":[{"type":"keyDown","value":""},{"type":"pause","duration":10},{"type":"keyUp","value":""}]}]}
RESULT: {"actions":[{"id":"action22","type":"key","parameters":{},"actions":[{"type":"keyDown","value":""},{"type":"pause","duration":10},{"type":"keyUp","value":""}]}]}
COMMAND: GET /session/cd4e213f90090bc7497a341d701e98a6/screenshot - {}
RESULT: {}
COMMAND: POST /session/cd4e213f90090bc7497a341d701e98a6/element - {"using":"xpath","value":"//span[(text() = 'null' or . = 'null')]"}
RESULT: {"using":"xpath","value":"//span[(text() = 'null' or . = 'null')]"}
COMMAND: POST /session/cd4e213f90090bc7497a341d701e98a6/elements - {"using":"xpath","value":"//span[(text() = 'null' or . = 'null')]"}
RESULT: {"using":"xpath","value":"//span[(text() = 'null' or . = 'null')]"}
COMMAND: POST /session/cd4e213f90090bc7497a341d701e98a6/elements - {"using":"xpath","value":"//span[(text() = 'null' or . = 'null')]"}
RESULT: {"using":"xpath","value":"//span[(text() = 'null' or . = 'null')]"}
COMMAND: POST /session/cd4e213f90090bc7497a341d701e98a6/elements - {"using":"xpath","value":"//span[(text() = 'null' or . = 'null')]"}
RESULT: {"using":"xpath","value":"//span[(text() = 'null' or . = 'null')]"}
COMMAND: POST /session/cd4e213f90090bc7497a341d701e98a6/elements - {"using":"xpath","value":"//span[(text() = 'null' or . = 'null')]"}
RESULT: {"using":"xpath","value":"//span[(text() = 'null' or . = 'null')]"}
COMMAND: POST /session/cd4e213f90090bc7497a341d701e98a6/elements - {"using":"xpath","value":"//span[(text() = 'null' or . = 'null')]"}
RESULT: {"using":"xpath","value":"//span[(text() = 'null' or . = 'null')]"}
COMMAND: POST /session/cd4e213f90090bc7497a341d701e98a6/elements - {"using":"xpath","value":"//span[(text() = 'null' or . = 'null')]"}
RESULT: {"using":"xpath","value":"//span[(text() = 'null' or . = 'null')]"}
COMMAND: POST /session/cd4e213f90090bc7497a341d701e98a6/elements - {"using":"xpath","value":"//span[(text() = 'null' or . = 'null')]"}
RESULT: {"using":"xpath","value":"//span[(text() = 'null' or . = 'null')]"}
COMMAND: POST /session/cd4e213f90090bc7497a341d701e98a6/elements - {"using":"xpath","value":"//span[(text() = 'null' or . = 'null')]"}
RESULT: {"using":"xpath","value":"//span[(text() = 'null' or . = 'null')]"}
COMMAND: POST /session/cd4e213f90090bc7497a341d701e98a6/elements - {"using":"xpath","value":"//span[(text() = 'null' or . = 'null')]"}
RESULT: {"using":"xpath","value":"//span[(text() = 'null' or . = 'null')]"}
COMMAND: POST /session/cd4e213f90090bc7497a341d701e98a6/elements - {"using":"xpath","value":"//span[(text() = 'null' or . = 'null')]"}
RESULT: {"using":"xpath","value":"//span[(text() = 'null' or . = 'null')]"}
COMMAND: POST /session/cd4e213f90090bc7497a341d701e98a6/elements - {"using":"xpath","value":"//span[(text() = 'null' or . = 'null')]"}
RESULT: {"using":"xpath","value":"//span[(text() = 'null' or . = 'null')]"}
COMMAND: POST /session/cd4e213f90090bc7497a341d701e98a6/elements - {"using":"xpath","value":"//span[(text() = 'null' or . = 'null')]"}
RESULT: {"using":"xpath","value":"//span[(text() = 'null' or . = 'null')]"}
COMMAND: POST /session/cd4e213f90090bc7497a341d701e98a6/elements - {"using":"xpath","value":"//span[(text() = 'null' or . = 'null')]"}
RESULT: {"using":"xpath","value":"//span[(text() = 'null' or . = 'null')]"}
COMMAND: POST /session/cd4e213f90090bc7497a341d701e98a6/elements - {"using":"xpath","value":"//span[(text() = 'null' or . = 'null')]"}
RESULT: {"using":"xpath","value":"//span[(text() = 'null' or . = 'null')]"}
COMMAND: POST /session/cd4e213f90090bc7497a341d701e98a6/elements - {"using":"xpath","value":"//span[(text() = 'null' or . = 'null')]"}
RESULT: {"using":"xpath","value":"//span[(text() = 'null' or . = 'null')]"}
COMMAND: POST /session/cd4e213f90090bc7497a341d701e98a6/elements - {"using":"xpath","value":"//span[(text() = 'null' or . = 'null')]"}
RESULT: {"using":"xpath","value":"//span[(text() = 'null' or . = 'null')]"}
COMMAND: POST /session/cd4e213f90090bc7497a341d701e98a6/elements - {"using":"xpath","value":"//span[(text() = 'null' or . = 'null')]"}
RESULT: {"using":"xpath","value":"//span[(text() = 'null' or . = 'null')]"}
COMMAND: POST /session/cd4e213f90090bc7497a341d701e98a6/elements - {"using":"xpath","value":"//span[(text() = 'null' or . = 'null')]"}
RESULT: {"using":"xpath","value":"//span[(text() = 'null' or . = 'null')]"}
COMMAND: POST /session/cd4e213f90090bc7497a341d701e98a6/elements - {"using":"xpath","value":"//span[(text() = 'null' or . = 'null')]"}
RESULT: {"using":"xpath","value":"//span[(text() = 'null' or . = 'null')]"}
COMMAND: POST /session/cd4e213f90090bc7497a341d701e98a6/elements - {"using":"xpath","value":"//span[(text() = 'null' or . = 'null')]"}
RESULT: {"using":"xpath","value":"//span[(text() = 'null' or . = 'null')]"}
COMMAND: POST /session/cd4e213f90090bc7497a341d701e98a6/elements - {"using":"xpath","value":"//span[(text() = 'null' or . = 'null')]"}
RESULT: {"using":"xpath","value":"//span[(text() = 'null' or . = 'null')]"}
COMMAND: POST /session/cd4e213f90090bc7497a341d701e98a6/elements - {"using":"xpath","value":"//span[(text() = 'null' or . = 'null')]"}
RESULT: {"using":"xpath","value":"//span[(text() = 'null' or . = 'null')]"}
COMMAND: POST /session/cd4e213f90090bc7497a341d701e98a6/elements - {"using":"xpath","value":"//span[(text() = 'null' or . = 'null')]"}
RESULT: {"using":"xpath","value":"//span[(text() = 'null' or . = 'null')]"}
COMMAND: POST /session/cd4e213f90090bc7497a341d701e98a6/elements - {"using":"xpath","value":"//span[(text() = 'null' or . = 'null')]"}
RESULT: {"using":"xpath","value":"//span[(text() = 'null' or . = 'null')]"}
COMMAND: POST /session/cd4e213f90090bc7497a341d701e98a6/elements - {"using":"xpath","value":"//span[(text() = 'null' or . = 'null')]"}
RESULT: {"using":"xpath","value":"//span[(text() = 'null' or . = 'null')]"}
COMMAND: POST /session/cd4e213f90090bc7497a341d701e98a6/elements - {"using":"xpath","value":"//span[(text() = 'null' or . = 'null')]"}
RESULT: {"using":"xpath","value":"//span[(text() = 'null' or . = 'null')]"}
COMMAND: POST /session/cd4e213f90090bc7497a341d701e98a6/elements - {"using":"xpath","value":"//span[(text() = 'null' or . = 'null')]"}
RESULT: {"using":"xpath","value":"//span[(text() = 'null' or . = 'null')]"}
COMMAND: POST /session/cd4e213f90090bc7497a341d701e98a6/elements - {"using":"xpath","value":"//span[(text() = 'null' or . = 'null')]"}
RESULT: {"using":"xpath","value":"//span[(text() = 'null' or . = 'null')]"}
COMMAND: POST /session/cd4e213f90090bc7497a341d701e98a6/elements - {"using":"xpath","value":"//span[(text() = 'null' or . = 'null')]"}
RESULT: {"using":"xpath","value":"//span[(text() = 'null' or . = 'null')]"}
COMMAND: POST /session/cd4e213f90090bc7497a341d701e98a6/elements - {"using":"xpath","value":"//span[(text() = 'null' or . = 'null')]"}
RESULT: {"using":"xpath","value":"//span[(text() = 'null' or . = 'null')]"}
COMMAND: POST /session/cd4e213f90090bc7497a341d701e98a6/elements - {"using":"xpath","value":"//span[(text() = 'null' or . = 'null')]"}
RESULT: {"using":"xpath","value":"//span[(text() = 'null' or . = 'null')]"}
COMMAND: POST /session/cd4e213f90090bc7497a341d701e98a6/elements - {"using":"xpath","value":"//span[(text() = 'null' or . = 'null')]"}
RESULT: {"using":"xpath","value":"//span[(text() = 'null' or . = 'null')]"}
COMMAND: POST /session/cd4e213f90090bc7497a341d701e98a6/elements - {"using":"xpath","value":"//span[(text() = 'null' or . = 'null')]"}
RESULT: {"using":"xpath","value":"//span[(text() = 'null' or . = 'null')]"}
COMMAND: POST /session/cd4e213f90090bc7497a341d701e98a6/elements - {"using":"xpath","value":"//span[(text() = 'null' or . = 'null')]"}
RESULT: {"using":"xpath","value":"//span[(text() = 'null' or . = 'null')]"}
COMMAND: POST /session/cd4e213f90090bc7497a341d701e98a6/elements - {"using":"xpath","value":"//span[(text() = 'null' or . = 'null')]"}
RESULT: {"using":"xpath","value":"//span[(text() = 'null' or . = 'null')]"}
COMMAND: POST /session/cd4e213f90090bc7497a341d701e98a6/elements - {"using":"xpath","value":"//span[(text() = 'null' or . = 'null')]"}
RESULT: {"using":"xpath","value":"//span[(text() = 'null' or . = 'null')]"}
COMMAND: POST /session/cd4e213f90090bc7497a341d701e98a6/elements - {"using":"xpath","value":"//span[(text() = 'null' or . = 'null')]"}
RESULT: {"using":"xpath","value":"//span[(text() = 'null' or . = 'null')]"}
COMMAND: POST /session/cd4e213f90090bc7497a341d701e98a6/elements - {"using":"xpath","value":"//span[(text() = 'null' or . = 'null')]"}
RESULT: {"using":"xpath","value":"//span[(text() = 'null' or . = 'null')]"}
COMMAND: POST /session/cd4e213f90090bc7497a341d701e98a6/elements - {"using":"xpath","value":"//span[(text() = 'null' or . = 'null')]"}
RESULT: {"using":"xpath","value":"//span[(text() = 'null' or . = 'null')]"}
COMMAND: POST /session/cd4e213f90090bc7497a341d701e98a6/elements - {"using":"xpath","value":"//span[(text() = 'null' or . = 'null')]"}
RESULT: {"using":"xpath","value":"//span[(text() = 'null' or . = 'null')]"}
COMMAND: POST /session/cd4e213f90090bc7497a341d701e98a6/elements - {"using":"xpath","value":"//span[(text() = 'null' or . = 'null')]"}
RESULT: {"using":"xpath","value":"//span[(text() = 'null' or . = 'null')]"}
COMMAND: POST /session/cd4e213f90090bc7497a341d701e98a6/elements - {"using":"xpath","value":"//span[(text() = 'null' or . = 'null')]"}
RESULT: {"using":"xpath","value":"//span[(text() = 'null' or . = 'null')]"}
COMMAND: POST /session/cd4e213f90090bc7497a341d701e98a6/elements - {"using":"xpath","value":"//span[(text() = 'null' or . = 'null')]"}
RESULT: {"using":"xpath","value":"//span[(text() = 'null' or . = 'null')]"}
COMMAND: POST /session/cd4e213f90090bc7497a341d701e98a6/elements - {"using":"xpath","value":"//span[(text() = 'null' or . = 'null')]"}
RESULT: {"using":"xpath","value":"//span[(text() = 'null' or . = 'null')]"}
COMMAND: POST /session/cd4e213f90090bc7497a341d701e98a6/elements - {"using":"xpath","value":"//span[(text() = 'null' or . = 'null')]"}
RESULT: {"using":"xpath","value":"//span[(text() = 'null' or . = 'null')]"}
COMMAND: POST /session/cd4e213f90090bc7497a341d701e98a6/elements - {"using":"xpath","value":"//span[(text() = 'null' or . = 'null')]"}
RESULT: {"using":"xpath","value":"//span[(text() = 'null' or . = 'null')]"}
COMMAND: POST /session/cd4e213f90090bc7497a341d701e98a6/elements - {"using":"xpath","value":"//span[(text() = 'null' or . = 'null')]"}
RESULT: {"using":"xpath","value":"//span[(text() = 'null' or . = 'null')]"}
COMMAND: POST /session/cd4e213f90090bc7497a341d701e98a6/elements - {"using":"xpath","value":"//span[(text() = 'null' or . = 'null')]"}
RESULT: {"using":"xpath","value":"//span[(text() = 'null' or . = 'null')]"}
COMMAND: POST /session/cd4e213f90090bc7497a341d701e98a6/elements - {"using":"xpath","value":"//span[(text() = 'null' or . = 'null')]"}
RESULT: {"using":"xpath","value":"//span[(text() = 'null' or . = 'null')]"}
COMMAND: POST /session/cd4e213f90090bc7497a341d701e98a6/elements - {"using":"xpath","value":"//span[(text() = 'null' or . = 'null')]"}
RESULT: {"using":"xpath","value":"//span[(text() = 'null' or . = 'null')]"}
COMMAND: POST /session/cd4e213f90090bc7497a341d701e98a6/elements - {"using":"xpath","value":"//span[(text() = 'null' or . = 'null')]"}
RESULT: {"using":"xpath","value":"//span[(text() = 'null' or . = 'null')]"}
COMMAND: POST /session/cd4e213f90090bc7497a341d701e98a6/elements - {"using":"xpath","value":"//span[(text() = 'null' or . = 'null')]"}
RESULT: {"using":"xpath","value":"//span[(text() = 'null' or . = 'null')]"}
COMMAND: POST /session/cd4e213f90090bc7497a341d701e98a6/elements - {"using":"xpath","value":"//span[(text() = 'null' or . = 'null')]"}
RESULT: {"using":"xpath","value":"//span[(text() = 'null' or . = 'null')]"}
COMMAND: POST /session/cd4e213f90090bc7497a341d701e98a6/elements - {"using":"xpath","value":"//span[(text() = 'null' or . = 'null')]"}
RESULT: {"using":"xpath","value":"//span[(text() = 'null' or . = 'null')]"}
COMMAND: POST /session/cd4e213f90090bc7497a341d701e98a6/elements - {"using":"xpath","value":"//span[(text() = 'null' or . = 'null')]"}
RESULT: {"using":"xpath","value":"//span[(text() = 'null' or . = 'null')]"}
COMMAND: POST /session/cd4e213f90090bc7497a341d701e98a6/elements - {"using":"xpath","value":"//span[(text() = 'null' or . = 'null')]"}
RESULT: {"using":"xpath","value":"//span[(text() = 'null' or . = 'null')]"}
COMMAND: POST /session/cd4e213f90090bc7497a341d701e98a6/elements - {"using":"xpath","value":"//span[(text() = 'null' or . = 'null')]"}
RESULT: {"using":"xpath","value":"//span[(text() = 'null' or . = 'null')]"}
COMMAND: POST /session/cd4e213f90090bc7497a341d701e98a6/elements - {"using":"xpath","value":"//span[(text() = 'null' or . = 'null')]"}
RESULT: {"using":"xpath","value":"//span[(text() = 'null' or . = 'null')]"}
COMMAND: POST /session/cd4e213f90090bc7497a341d701e98a6/elements - {"using":"xpath","value":"//span[(text() = 'null' or . = 'null')]"}
RESULT: {"using":"xpath","value":"//span[(text() = 'null' or . = 'null')]"}
COMMAND: POST /session/cd4e213f90090bc7497a341d701e98a6/elements - {"using":"xpath","value":"//span[(text() = 'null' or . = 'null')]"}
RESULT: {"using":"xpath","value":"//span[(text() = 'null' or . = 'null')]"}
COMMAND: POST /session/cd4e213f90090bc7497a341d701e98a6/elements - {"using":"xpath","value":"//span[(text() = 'null' or . = 'null')]"}
RESULT: {"using":"xpath","value":"//span[(text() = 'null' or . = 'null')]"}
COMMAND: POST /session/cd4e213f90090bc7497a341d701e98a6/elements - {"using":"xpath","value":"//span[(text() = 'null' or . = 'null')]"}
RESULT: {"using":"xpath","value":"//span[(text() = 'null' or . = 'null')]"}
COMMAND: POST /session/cd4e213f90090bc7497a341d701e98a6/elements - {"using":"xpath","value":"//span[(text() = 'null' or . = 'null')]"}
RESULT: {"using":"xpath","value":"//span[(text() = 'null' or . = 'null')]"}
COMMAND: POST /session/cd4e213f90090bc7497a341d701e98a6/elements - {"using":"xpath","value":"//span[(text() = 'null' or . = 'null')]"}
RESULT: {"using":"xpath","value":"//span[(text() = 'null' or . = 'null')]"}
COMMAND: POST /session/cd4e213f90090bc7497a341d701e98a6/elements - {"using":"xpath","value":"//span[(text() = 'null' or . = 'null')]"}
RESULT: {"using":"xpath","value":"//span[(text() = 'null' or . = 'null')]"}
COMMAND: POST /session/cd4e213f90090bc7497a341d701e98a6/elements - {"using":"xpath","value":"//span[(text() = 'null' or . = 'null')]"}
RESULT: {"using":"xpath","value":"//span[(text() = 'null' or . = 'null')]"}
COMMAND: POST /session/cd4e213f90090bc7497a341d701e98a6/elements - {"using":"xpath","value":"//span[(text() = 'null' or . = 'null')]"}
RESULT: {"using":"xpath","value":"//span[(text() = 'null' or . = 'null')]"}
COMMAND: POST /session/cd4e213f90090bc7497a341d701e98a6/elements - {"using":"xpath","value":"//span[(text() = 'null' or . = 'null')]"}
RESULT: {"using":"xpath","value":"//span[(text() = 'null' or . = 'null')]"}
COMMAND: POST /session/cd4e213f90090bc7497a341d701e98a6/elements - {"using":"xpath","value":"//span[(text() = 'null' or . = 'null')]"}
RESULT: {"using":"xpath","value":"//span[(text() = 'null' or . = 'null')]"}
COMMAND: POST /session/cd4e213f90090bc7497a341d701e98a6/elements - {"using":"xpath","value":"//span[(text() = 'null' or . = 'null')]"}
RESULT: {"using":"xpath","value":"//span[(text() = 'null' or . = 'null')]"}
COMMAND: POST /session/cd4e213f90090bc7497a341d701e98a6/elements - {"using":"xpath","value":"//span[(text() = 'null' or . = 'null')]"}
RESULT: {"using":"xpath","value":"//span[(text() = 'null' or . = 'null')]"}
COMMAND: POST /session/cd4e213f90090bc7497a341d701e98a6/elements - {"using":"xpath","value":"//span[(text() = 'null' or . = 'null')]"}
RESULT: {"using":"xpath","value":"//span[(text() = 'null' or . = 'null')]"}
COMMAND: POST /session/cd4e213f90090bc7497a341d701e98a6/elements - {"using":"xpath","value":"//span[(text() = 'null' or . = 'null')]"}
RESULT: {"using":"xpath","value":"//span[(text() = 'null' or . = 'null')]"}
COMMAND: POST /session/cd4e213f90090bc7497a341d701e98a6/elements - {"using":"xpath","value":"//span[(text() = 'null' or . = 'null')]"}
RESULT: {"using":"xpath","value":"//span[(text() = 'null' or . = 'null')]"}
COMMAND: POST /session/cd4e213f90090bc7497a341d701e98a6/elements - {"using":"xpath","value":"//span[(text() = 'null' or . = 'null')]"}
RESULT: {"using":"xpath","value":"//span[(text() = 'null' or . = 'null')]"}
COMMAND: POST /session/cd4e213f90090bc7497a341d701e98a6/elements - {"using":"xpath","value":"//span[(text() = 'null' or . = 'null')]"}
RESULT: {"using":"xpath","value":"//span[(text() = 'null' or . = 'null')]"}
COMMAND: POST /session/cd4e213f90090bc7497a341d701e98a6/elements - {"using":"xpath","value":"//span[(text() = 'null' or . = 'null')]"}
RESULT: {"using":"xpath","value":"//span[(text() = 'null' or . = 'null')]"}
COMMAND: POST /session/cd4e213f90090bc7497a341d701e98a6/elements - {"using":"xpath","value":"//span[(text() = 'null' or . = 'null')]"}
RESULT: {"using":"xpath","value":"//span[(text() = 'null' or . = 'null')]"}
COMMAND: POST /session/cd4e213f90090bc7497a341d701e98a6/elements - {"using":"xpath","value":"//span[(text() = 'null' or . = 'null')]"}
RESULT: {"using":"xpath","value":"//span[(text() = 'null' or . = 'null')]"}
COMMAND: POST /session/cd4e213f90090bc7497a341d701e98a6/elements - {"using":"xpath","value":"//span[(text() = 'null' or . = 'null')]"}
RESULT: {"using":"xpath","value":"//span[(text() = 'null' or . = 'null')]"}
COMMAND: POST /session/cd4e213f90090bc7497a341d701e98a6/elements - {"using":"xpath","value":"//span[(text() = 'null' or . = 'null')]"}
RESULT: {"using":"xpath","value":"//span[(text() = 'null' or . = 'null')]"}
COMMAND: POST /session/cd4e213f90090bc7497a341d701e98a6/elements - {"using":"xpath","value":"//span[(text() = 'null' or . = 'null')]"}
RESULT: {"using":"xpath","value":"//span[(text() = 'null' or . = 'null')]"}
COMMAND: POST /session/cd4e213f90090bc7497a341d701e98a6/elements - {"using":"xpath","value":"//span[(text() = 'null' or . = 'null')]"}
RESULT: {"using":"xpath","value":"//span[(text() = 'null' or . = 'null')]"}
COMMAND: POST /session/cd4e213f90090bc7497a341d701e98a6/elements - {"using":"xpath","value":"//span[(text() = 'null' or . = 'null')]"}
RESULT: {"using":"xpath","value":"//span[(text() = 'null' or . = 'null')]"}
COMMAND: POST /session/cd4e213f90090bc7497a341d701e98a6/elements - {"using":"xpath","value":"//span[(text() = 'null' or . = 'null')]"}
RESULT: {"using":"xpath","value":"//span[(text() = 'null' or . = 'null')]"}
COMMAND: POST /session/cd4e213f90090bc7497a341d701e98a6/elements - {"using":"xpath","value":"//span[(text() = 'null' or . = 'null')]"}
RESULT: {"using":"xpath","value":"//span[(text() = 'null' or . = 'null')]"}
COMMAND: POST /session/cd4e213f90090bc7497a341d701e98a6/elements - {"using":"xpath","value":"//span[(text() = 'null' or . = 'null')]"}
RESULT: {"using":"xpath","value":"//span[(text() = 'null' or . = 'null')]"}
COMMAND: POST /session/cd4e213f90090bc7497a341d701e98a6/elements - {"using":"xpath","value":"//span[(text() = 'null' or . = 'null')]"}
RESULT: {"using":"xpath","value":"//span[(text() = 'null' or . = 'null')]"}
COMMAND: POST /session/cd4e213f90090bc7497a341d701e98a6/elements - {"using":"xpath","value":"//span[(text() = 'null' or . = 'null')]"}
RESULT: {"using":"xpath","value":"//span[(text() = 'null' or . = 'null')]"}
COMMAND: POST /session/cd4e213f90090bc7497a341d701e98a6/elements - {"using":"xpath","value":"//span[(text() = 'null' or . = 'null')]"}
RESULT: {"using":"xpath","value":"//span[(text() = 'null' or . = 'null')]"}
COMMAND: POST /session/cd4e213f90090bc7497a341d701e98a6/elements - {"using":"xpath","value":"//span[(text() = 'null' or . = 'null')]"}
RESULT: {"using":"xpath","value":"//span[(text() = 'null' or . = 'null')]"}
COMMAND: POST /session/cd4e213f90090bc7497a341d701e98a6/elements - {"using":"xpath","value":"//span[(text() = 'null' or . = 'null')]"}
RESULT: {"using":"xpath","value":"//span[(text() = 'null' or . = 'null')]"}
COMMAND: POST /session/cd4e213f90090bc7497a341d701e98a6/elements - {"using":"xpath","value":"//span[(text() = 'null' or . = 'null')]"}
RESULT: {"using":"xpath","value":"//span[(text() = 'null' or . = 'null')]"}
COMMAND: POST /session/cd4e213f90090bc7497a341d701e98a6/elements - {"using":"xpath","value":"//span[(text() = 'null' or . = 'null')]"}
RESULT: {"using":"xpath","value":"//span[(text() = 'null' or . = 'null')]"}
COMMAND: POST /session/cd4e213f90090bc7497a341d701e98a6/elements - {"using":"xpath","value":"//span[(text() = 'null' or . = 'null')]"}
RESULT: {"using":"xpath","value":"//span[(text() = 'null' or . = 'null')]"}
COMMAND: POST /session/cd4e213f90090bc7497a341d701e98a6/elements - {"using":"xpath","value":"//span[(text() = 'null' or . = 'null')]"}
RESULT: {"using":"xpath","value":"//span[(text() = 'null' or . = 'null')]"}
COMMAND: POST /session/cd4e213f90090bc7497a341d701e98a6/elements - {"using":"xpath","value":"//span[(text() = 'null' or . = 'null')]"}
RESULT: {"using":"xpath","value":"//span[(text() = 'null' or . = 'null')]"}
COMMAND: POST /session/cd4e213f90090bc7497a341d701e98a6/elements - {"using":"xpath","value":"//span[(text() = 'null' or . = 'null')]"}
RESULT: {"using":"xpath","value":"//span[(text() = 'null' or . = 'null')]"}
COMMAND: POST /session/cd4e213f90090bc7497a341d701e98a6/elements - {"using":"xpath","value":"//span[(text() = 'null' or . = 'null')]"}
RESULT: {"using":"xpath","value":"//span[(text() = 'null' or . = 'null')]"}
COMMAND: POST /session/cd4e213f90090bc7497a341d701e98a6/elements - {"using":"xpath","value":"//span[(text() = 'null' or . = 'null')]"}
RESULT: {"using":"xpath","value":"//span[(text() = 'null' or . = 'null')]"}
COMMAND: POST /session/cd4e213f90090bc7497a341d701e98a6/elements - {"using":"xpath","value":"//span[(text() = 'null' or . = 'null')]"}
RESULT: {"using":"xpath","value":"//span[(text() = 'null' or . = 'null')]"}
COMMAND: POST /session/cd4e213f90090bc7497a341d701e98a6/elements - {"using":"xpath","value":"//span[(text() = 'null' or . = 'null')]"}
RESULT: {"using":"xpath","value":"//span[(text() = 'null' or . = 'null')]"}
COMMAND: POST /session/cd4e213f90090bc7497a341d701e98a6/elements - {"using":"xpath","value":"//span[(text() = 'null' or . = 'null')]"}
RESULT: {"using":"xpath","value":"//span[(text() = 'null' or . = 'null')]"}
COMMAND: POST /session/cd4e213f90090bc7497a341d701e98a6/elements - {"using":"xpath","value":"//span[(text() = 'null' or . = 'null')]"}
RESULT: {"using":"xpath","value":"//span[(text() = 'null' or . = 'null')]"}
COMMAND: POST /session/cd4e213f90090bc7497a341d701e98a6/elements - {"using":"xpath","value":"//span[(text() = 'null' or . = 'null')]"}
RESULT: {"using":"xpath","value":"//span[(text() = 'null' or . = 'null')]"}
COMMAND: POST /session/cd4e213f90090bc7497a341d701e98a6/elements - {"using":"xpath","value":"//span[(text() = 'null' or . = 'null')]"}
RESULT: {"using":"xpath","value":"//span[(text() = 'null' or . = 'null')]"}
COMMAND: POST /session/cd4e213f90090bc7497a341d701e98a6/elements - {"using":"xpath","value":"//span[(text() = 'null' or . = 'null')]"}
RESULT: {"using":"xpath","value":"//span[(text() = 'null' or . = 'null')]"}
COMMAND: POST /session/cd4e213f90090bc7497a341d701e98a6/elements - {"using":"xpath","value":"//span[(text() = 'null' or . = 'null')]"}
RESULT: {"using":"xpath","value":"//span[(text() = 'null' or . = 'null')]"}
COMMAND: POST /session/cd4e213f90090bc7497a341d701e98a6/elements - {"using":"xpath","value":"//span[(text() = 'null' or . = 'null')]"}
RESULT: {"using":"xpath","value":"//span[(text() = 'null' or . = 'null')]"}
COMMAND: POST /session/cd4e213f90090bc7497a341d701e98a6/elements - {"using":"xpath","value":"//span[(text() = 'null' or . = 'null')]"}
RESULT: {"using":"xpath","value":"//span[(text() = 'null' or . = 'null')]"}
COMMAND: POST /session/cd4e213f90090bc7497a341d701e98a6/elements - {"using":"xpath","value":"//span[(text() = 'null' or . = 'null')]"}
RESULT: {"using":"xpath","value":"//span[(text() = 'null' or . = 'null')]"}
COMMAND: POST /session/cd4e213f90090bc7497a341d701e98a6/elements - {"using":"xpath","value":"//span[(text() = 'null' or . = 'null')]"}
RESULT: {"using":"xpath","value":"//span[(text() = 'null' or . = 'null')]"}
COMMAND: POST /session/cd4e213f90090bc7497a341d701e98a6/elements - {"using":"xpath","value":"//span[(text() = 'null' or . = 'null')]"}
RESULT: {"using":"xpath","value":"//span[(text() = 'null' or . = 'null')]"}
COMMAND: POST /session/cd4e213f90090bc7497a341d701e98a6/elements - {"using":"xpath","value":"//span[(text() = 'null' or . = 'null')]"}
RESULT: {"using":"xpath","value":"//span[(text() = 'null' or . = 'null')]"}
COMMAND: POST /session/cd4e213f90090bc7497a341d701e98a6/elements - {"using":"xpath","value":"//span[(text() = 'null' or . = 'null')]"}
RESULT: {"using":"xpath","value":"//span[(text() = 'null' or . = 'null')]"}
COMMAND: POST /session/cd4e213f90090bc7497a341d701e98a6/elements - {"using":"xpath","value":"//span[(text() = 'null' or . = 'null')]"}
RESULT: {"using":"xpath","value":"//span[(text() = 'null' or . = 'null')]"}
COMMAND: POST /session/cd4e213f90090bc7497a341d701e98a6/elements - {"using":"xpath","value":"//span[(text() = 'null' or . = 'null')]"}
RESULT: {"using":"xpath","value":"//span[(text() = 'null' or . = 'null')]"}
COMMAND: POST /session/cd4e213f90090bc7497a341d701e98a6/elements - {"using":"xpath","value":"//span[(text() = 'null' or . = 'null')]"}
RESULT: {"using":"xpath","value":"//span[(text() = 'null' or . = 'null')]"}
COMMAND: POST /session/cd4e213f90090bc7497a341d701e98a6/elements - {"using":"xpath","value":"//span[(text() = 'null' or . = 'null')]"}
RESULT: {"using":"xpath","value":"//span[(text() = 'null' or . = 'null')]"}
COMMAND: POST /session/cd4e213f90090bc7497a341d701e98a6/elements - {"using":"xpath","value":"//span[(text() = 'null' or . = 'null')]"}
RESULT: {"using":"xpath","value":"//span[(text() = 'null' or . = 'null')]"}
COMMAND: POST /session/cd4e213f90090bc7497a341d701e98a6/elements - {"using":"xpath","value":"//span[(text() = 'null' or . = 'null')]"}
COMMAND: GET /session/cd4e213f90090bc7497a341d701e98a6/screenshot - {}
RESULT: {"using":"xpath","value":"//span[(text() = 'null' or . = 'null')]"}
RESULT: {}
COMMAND: GET /session/cd4e213f90090bc7497a341d701e98a6/screenshot - {}
COMMAND: POST /session/cd4e213f90090bc7497a341d701e98a6/element - {"using":"css selector","value":"#j_username"}
COMMAND: POST /session/cd4e213f90090bc7497a341d701e98a6/url - {"url":"https://qa-testing-00-live-etm-ui.cfapps.eu10-004.hana.ondemand.com/"}
COMMAND: GET /session/cd4e213f90090bc7497a341d701e98a6/screenshot - {}
RESULT: {}
RESULT: {"using":"css selector","value":"#j_username"}
COMMAND: POST /session/cd4e213f90090bc7497a341d701e98a6/element - {"using":"css selector","value":"#j_username"}
RESULT: {"url":"https://qa-testing-00-live-etm-ui.cfapps.eu10-004.hana.ondemand.com/"}
RESULT: undefined
COMMAND: GET /session/cd4e213f90090bc7497a341d701e98a6/screenshot - {}
RESULT: {}
RESULT: {"using":"css selector","value":"#j_username"}
COMMAND: POST /session/cd4e213f90090bc7497a341d701e98a6/element - {"using":"css selector","value":"#shell-header-logo"}
RESULT: {}
RESULT: {"using":"css selector","value":"#shell-header-logo"}
COMMAND: POST /session/cd4e213f90090bc7497a341d701e98a6/execute/sync - {"script":"<script> [8489 bytes]","args":[{"element-6066-11e4-a52e-4f735466cecf":"f.3EFE59E47BCAC700A535F57DF4769BD4.d.FF8D5E3B69C5352738650AEE3CA4E74D.e.5516","ELEMENT":"f.3EFE59E47BCAC700A535F57DF4769BD4.d.FF8D5E3B69C5352738650AEE3CA4E74D.e.5516"}]}
RESULT: {"script":"<script> [8489 bytes]","args":[{"element-6066-11e4-a52e-4f735466cecf":"f.3EFE59E47BCAC700A535F57DF4769BD4.d.FF8D5E3B69C5352738650AEE3CA4E74D.e.5516","ELEMENT":"f.3EFE59E47BCAC700A535F57DF4769BD4.d.FF8D5E3B69C5352738650AEE3CA4E74D.e.5516"}]}
COMMAND: POST /session/cd4e213f90090bc7497a341d701e98a6/element - {"using":"css selector","value":"#shell-header-logo"}
COMMAND: GET /session/cd4e213f90090bc7497a341d701e98a6/screenshot - {}
RESULT: {"using":"css selector","value":"#shell-header-logo"}
COMMAND: POST /session/cd4e213f90090bc7497a341d701e98a6/execute/sync - {"script":"<script> [8489 bytes]","args":[{"element-6066-11e4-a52e-4f735466cecf":"f.3EFE59E47BCAC700A535F57DF4769BD4.d.FF8D5E3B69C5352738650AEE3CA4E74D.e.5516","ELEMENT":"f.3EFE59E47BCAC700A535F57DF4769BD4.d.FF8D5E3B69C5352738650AEE3CA4E74D.e.5516"}]}
RESULT: {}
RESULT: {"script":"<script> [8489 bytes]","args":[{"element-6066-11e4-a52e-4f735466cecf":"f.3EFE59E47BCAC700A535F57DF4769BD4.d.FF8D5E3B69C5352738650AEE3CA4E74D.e.5516","ELEMENT":"f.3EFE59E47BCAC700A535F57DF4769BD4.d.FF8D5E3B69C5352738650AEE3CA4E74D.e.5516"}]}
COMMAND: POST /session/cd4e213f90090bc7497a341d701e98a6/execute/sync - {"script":"<script> [5351 bytes]","args":[{"element-6066-11e4-a52e-4f735466cecf":"f.3EFE59E47BCAC700A535F57DF4769BD4.d.FF8D5E3B69C5352738650AEE3CA4E74D.e.5516","ELEMENT":"f.3EFE59E47BCAC700A535F57DF4769BD4.d.FF8D5E3B69C5352738650AEE3CA4E74D.e.5516"}]}
COMMAND: GET /session/cd4e213f90090bc7497a341d701e98a6/screenshot - {}
RESULT: {"script":"<script> [5351 bytes]","args":[{"element-6066-11e4-a52e-4f735466cecf":"f.3EFE59E47BCAC700A535F57DF4769BD4.d.FF8D5E3B69C5352738650AEE3CA4E74D.e.5516","ELEMENT":"f.3EFE59E47BCAC700A535F57DF4769BD4.d.FF8D5E3B69C5352738650AEE3CA4E74D.e.5516"}]}
COMMAND: POST /session/cd4e213f90090bc7497a341d701e98a6/element - {"using":"css selector","value":"#shell-header-logo"}
COMMAND: GET /session/cd4e213f90090bc7497a341d701e98a6/screenshot - {}
RESULT: {}
RESULT: {"using":"css selector","value":"#shell-header-logo"}
COMMAND: POST /session/cd4e213f90090bc7497a341d701e98a6/element/f.3EFE59E47BCAC700A535F57DF4769BD4.d.FF8D5E3B69C5352738650AEE3CA4E74D.e.5516/click - {}
RESULT: {}
RESULT: {}
COMMAND: GET /session/cd4e213f90090bc7497a341d701e98a6/screenshot - {}
RESULT: {}
COMMAND: POST /session/cd4e213f90090bc7497a341d701e98a6/execute/async - {"script":"<script> [189 bytes]","args":[]}
RESULT: {"script":"<script> [189 bytes]","args":[]}
COMMAND: POST /session/cd4e213f90090bc7497a341d701e98a6/execute/async - {"script":"<script> [123 bytes]","args":[]}
RESULT: {"script":"<script> [123 bytes]","args":[]}
COMMAND: POST /session/cd4e213f90090bc7497a341d701e98a6/timeouts - {"script":"<number>"}
RESULT: {"script":"<number>"}
COMMAND: GET /session/cd4e213f90090bc7497a341d701e98a6/timeouts - {}
RESULT: {}
RESULT: undefined
COMMAND: POST /session/cd4e213f90090bc7497a341d701e98a6/execute/async - {"script":"<script> [2676 bytes]","args":[]}
RESULT: {"script":"<script> [2676 bytes]","args":[]}
COMMAND: POST /session/cd4e213f90090bc7497a341d701e98a6/execute/async - {"script":"<script> [2342 bytes]","args":[{"protocol":"http","hostname":"0.0.0.0","path":"/","capabilities":{"browserName":"chrome","goog:chromeOptions":{"binary":"C:\\Program Files\\Google\\Chrome\\Application\\chrome.exe","args":["--start-maximized"]}},"logLevel":"warn","connectionRetryTimeout":120000,"connectionRetryCount":3,"logLevels":{},"enableDirectConnect":true,"strictSSL":true,"_":"65 more keys: [\"cacheDir\",\"port\",\"requestedCapabilities\",\"automationProtocol\",\"baseUrl\",\"waitforInterval\",\"waitforTimeout\",\"onReload\",\"beforeCommand\",\"afterCommand\",\"rootDir\",\"specs\",\"suites\",\"exclude\",\"groupLogsByTestSpec\",\"excludeDriverLogs\",\"bail\",\"framework\",\"reporters\",\"services\",\"maxInstances\",\"maxInstancesPerCapability\",\"injectGlobals\",\"filesToWatch\",\"execArgv\",\"runnerEnv\",\"runner\",\"shard\",\"specFileRetries\",\"specFileRetriesDelay\",\"specFileRetriesDeferred\",\"reporterSyncInterval\",\"reporterSyncTimeout\",\"cucumberFeaturesWithLineNumbers\",\"autoCompileOpts\",\"mochaOpts\",\"jasmineOpts\",\"cucumberOpts\",\"onPrepare\",\"onWorkerStart\",\"onWorkerEnd\",\"before\",\"beforeSession\",\"beforeSuite\",\"beforeHook\",\"beforeTest\",\"afterTest\",\"afterHook\",\"afterSuite\",\"afterSession\",\"after\",\"onComplete\",\"beforeAssertion\",\"afterAssertion\",\"beforeFeature\",\"beforeScenario\",\"beforeStep\",\"afterStep\",\"afterScenario\",\"afterFeature\",\"_\",\"suite\",\"$0\",\"ignoredWorkerServices\",\"wdi5\"]"}]}
RESULT: {"script":"<script> [2342 bytes]","args":[{"protocol":"http","hostname":"0.0.0.0","path":"/","capabilities":{"browserName":"chrome","goog:chromeOptions":{"binary":"C:\\Program Files\\Google\\Chrome\\Application\\chrome.exe","args":["--start-maximized"]}},"logLevel":"warn","connectionRetryTimeout":120000,"connectionRetryCount":3,"logLevels":{},"enableDirectConnect":true,"strictSSL":true,"_":"65 more keys: [\"cacheDir\",\"port\",\"requestedCapabilities\",\"automationProtocol\",\"baseUrl\",\"waitforInterval\",\"waitforTimeout\",\"onReload\",\"beforeCommand\",\"afterCommand\",\"rootDir\",\"specs\",\"suites\",\"exclude\",\"groupLogsByTestSpec\",\"excludeDriverLogs\",\"bail\",\"framework\",\"reporters\",\"services\",\"maxInstances\",\"maxInstancesPerCapability\",\"injectGlobals\",\"filesToWatch\",\"execArgv\",\"runnerEnv\",\"runner\",\"shard\",\"specFileRetries\",\"specFileRetriesDelay\",\"specFileRetriesDeferred\",\"reporterSyncInterval\",\"reporterSyncTimeout\",\"cucumberFeaturesWithLineNumbers\",\"autoCompileOpts\",\"mochaOpts\",\"jasmineOpts\",\"cucumberOpts\",\"onPrepare\",\"onWorkerStart\",\"onWorkerEnd\",\"before\",\"beforeSession\",\"beforeSuite\",\"beforeHook\",\"beforeTest\",\"afterTest\",\"afterHook\",\"afterSuite\",\"afterSession\",\"after\",\"onComplete\",\"beforeAssertion\",\"afterAssertion\",\"beforeFeature\",\"beforeScenario\",\"beforeStep\",\"afterStep\",\"afterScenario\",\"afterFeature\",\"_\",\"suite\",\"$0\",\"ignoredWorkerServices\",\"wdi5\"]"}]}
COMMAND: POST /session/cd4e213f90090bc7497a341d701e98a6/execute/async - {"script":"<script> [21126 bytes]","args":[35000]}
RESULT: {"script":"<script> [21126 bytes]","args":[35000]}
COMMAND: POST /session/cd4e213f90090bc7497a341d701e98a6/window/maximize - {}
RESULT: {}
COMMAND: POST /session/cd4e213f90090bc7497a341d701e98a6/execute/async - {"script":"<script> [1562 bytes]","args":[{"selector":{"id":"shell-header","interaction":{"idSuffix":"icon"}},"wdio_ui5_key":"shellheader"}]}
COMMAND: GET /session/cd4e213f90090bc7497a341d701e98a6/screenshot - {}
RESULT: {"script":"<script> [1562 bytes]","args":[{"selector":{"id":"shell-header","interaction":{"idSuffix":"icon"}},"wdio_ui5_key":"shellheader"}]}
RESULT: undefined
COMMAND: POST /session/cd4e213f90090bc7497a341d701e98a6/window/fullscreen - {}
RESULT: {}
RESULT: {}
]]></system-out>
      <system-err><![CDATA[
Error: Can't call click on element with selector "//span[(text() = 'null' or . = 'null')]" because element wasn't found
    at async Context.<anonymous> (D:\a\1\s\test\specs\HTR\provide-to-site-w-warehouse-w-clarification.spec.js:393:9)
]]></system-err>
    </testcase>
  </testsuite>
  <testsuite timestamp="2025-05-22T16:43:35" time="171.089" tests="6" failures="0" errors="0" skipped="0">
    <properties>
      <property name="specId" value="0"/>
      <property name="suiteName" value="Provide to Site w/ warehouse management w/o clarification US113782 "/>
      <property name="capabilities" value="chrome.136_0_7103_93.windows"/>
      <property name="file" value="file:///D:/a/1/s/test/specs/HTR/provide-to-site-w-warehouse-wo-clarification.spec.js"/>
    </properties>
    <testcase classname="chrome.136_0_7103_93.windows.Provide_to_Site_w/_warehouse_management_w/o_clarification_US113782_" name="Should create a new WHM yard" time="0.021">
      <system-out><![CDATA[
COMMAND: POST /session/cd4e213f90090bc7497a341d701e98a6/window/fullscreen - {}
RESULT: {}
]]></system-out>
    </testcase>
    <testcase classname="chrome.136_0_7103_93.windows.Provide_to_Site_w/_warehouse_management_w/o_clarification_US113782_" name="Should create a new external WHM partner" time="0.005"/>
    <testcase classname="chrome.136_0_7103_93.windows.Provide_to_Site_w/_warehouse_management_w/o_clarification_US113782_" name="Should create a new WHM site" time="0.004"/>
    <testcase classname="chrome.136_0_7103_93.windows.Provide_to_Site_w/_warehouse_management_w/o_clarification_US113782_" name="Should create a new material" time="143.386">
      <system-out><![CDATA[
COMMAND: POST /session/cd4e213f90090bc7497a341d701e98a6/execute/async - {"script":"<script> [1562 bytes]","args":[{"selector":{"controlType":"sap.m.GenericTile","properties":{"header":"Manage Resources"}},"wdio_ui5_key":"sapm.GenericTile{\"header\":\"Manage Resources\"}"}]}
RESULT: {"script":"<script> [1562 bytes]","args":[{"selector":{"controlType":"sap.m.GenericTile","properties":{"header":"Manage Resources"}},"wdio_ui5_key":"sapm.GenericTile{\"header\":\"Manage Resources\"}"}]}
RESULT: undefined
COMMAND: POST /session/cd4e213f90090bc7497a341d701e98a6/element - {"using":"xpath","value":"//*[@id=\"__tile31\"]"}
RESULT: {"using":"xpath","value":"//*[@id=\"__tile31\"]"}
COMMAND: POST /session/cd4e213f90090bc7497a341d701e98a6/element/f.3EFE59E47BCAC700A535F57DF4769BD4.d.FF8D5E3B69C5352738650AEE3CA4E74D.e.5532/click - {}
RESULT: {}
COMMAND: GET /session/cd4e213f90090bc7497a341d701e98a6/screenshot - {}
RESULT: {}
COMMAND: POST /session/cd4e213f90090bc7497a341d701e98a6/elements - {"using":"xpath","value":"//span[text()='Error']"}
RESULT: {"using":"xpath","value":"//span[text()='Error']"}
COMMAND: POST /session/cd4e213f90090bc7497a341d701e98a6/element - {"using":"xpath","value":"//button[@data-kt=\"addNewRUOverflowToolbarButton\"]"}
RESULT: {"using":"xpath","value":"//button[@data-kt=\"addNewRUOverflowToolbarButton\"]"}
COMMAND: POST /session/cd4e213f90090bc7497a341d701e98a6/elements - {"using":"xpath","value":"//button[@data-kt=\"addNewRUOverflowToolbarButton\"]"}
RESULT: {"using":"xpath","value":"//button[@data-kt=\"addNewRUOverflowToolbarButton\"]"}
COMMAND: POST /session/cd4e213f90090bc7497a341d701e98a6/elements - {"using":"xpath","value":"//button[@data-kt=\"addNewRUOverflowToolbarButton\"]"}
RESULT: {"using":"xpath","value":"//button[@data-kt=\"addNewRUOverflowToolbarButton\"]"}
COMMAND: POST /session/cd4e213f90090bc7497a341d701e98a6/elements - {"using":"xpath","value":"//button[@data-kt=\"addNewRUOverflowToolbarButton\"]"}
RESULT: {"using":"xpath","value":"//button[@data-kt=\"addNewRUOverflowToolbarButton\"]"}
COMMAND: POST /session/cd4e213f90090bc7497a341d701e98a6/elements - {"using":"xpath","value":"//button[@data-kt=\"addNewRUOverflowToolbarButton\"]"}
RESULT: {"using":"xpath","value":"//button[@data-kt=\"addNewRUOverflowToolbarButton\"]"}
COMMAND: POST /session/cd4e213f90090bc7497a341d701e98a6/elements - {"using":"xpath","value":"//button[@data-kt=\"addNewRUOverflowToolbarButton\"]"}
RESULT: {"using":"xpath","value":"//button[@data-kt=\"addNewRUOverflowToolbarButton\"]"}
COMMAND: POST /session/cd4e213f90090bc7497a341d701e98a6/elements - {"using":"xpath","value":"//button[@data-kt=\"addNewRUOverflowToolbarButton\"]"}
RESULT: {"using":"xpath","value":"//button[@data-kt=\"addNewRUOverflowToolbarButton\"]"}
COMMAND: POST /session/cd4e213f90090bc7497a341d701e98a6/elements - {"using":"xpath","value":"//button[@data-kt=\"addNewRUOverflowToolbarButton\"]"}
RESULT: {"using":"xpath","value":"//button[@data-kt=\"addNewRUOverflowToolbarButton\"]"}
COMMAND: POST /session/cd4e213f90090bc7497a341d701e98a6/elements - {"using":"xpath","value":"//button[@data-kt=\"addNewRUOverflowToolbarButton\"]"}
RESULT: {"using":"xpath","value":"//button[@data-kt=\"addNewRUOverflowToolbarButton\"]"}
COMMAND: POST /session/cd4e213f90090bc7497a341d701e98a6/elements - {"using":"xpath","value":"//button[@data-kt=\"addNewRUOverflowToolbarButton\"]"}
RESULT: {"using":"xpath","value":"//button[@data-kt=\"addNewRUOverflowToolbarButton\"]"}
COMMAND: POST /session/cd4e213f90090bc7497a341d701e98a6/elements - {"using":"xpath","value":"//button[@data-kt=\"addNewRUOverflowToolbarButton\"]"}
RESULT: {"using":"xpath","value":"//button[@data-kt=\"addNewRUOverflowToolbarButton\"]"}
COMMAND: POST /session/cd4e213f90090bc7497a341d701e98a6/elements - {"using":"xpath","value":"//button[@data-kt=\"addNewRUOverflowToolbarButton\"]"}
RESULT: {"using":"xpath","value":"//button[@data-kt=\"addNewRUOverflowToolbarButton\"]"}
COMMAND: POST /session/cd4e213f90090bc7497a341d701e98a6/elements - {"using":"xpath","value":"//button[@data-kt=\"addNewRUOverflowToolbarButton\"]"}
RESULT: {"using":"xpath","value":"//button[@data-kt=\"addNewRUOverflowToolbarButton\"]"}
COMMAND: POST /session/cd4e213f90090bc7497a341d701e98a6/elements - {"using":"xpath","value":"//button[@data-kt=\"addNewRUOverflowToolbarButton\"]"}
RESULT: {"using":"xpath","value":"//button[@data-kt=\"addNewRUOverflowToolbarButton\"]"}
COMMAND: POST /session/cd4e213f90090bc7497a341d701e98a6/elements - {"using":"xpath","value":"//button[@data-kt=\"addNewRUOverflowToolbarButton\"]"}
RESULT: {"using":"xpath","value":"//button[@data-kt=\"addNewRUOverflowToolbarButton\"]"}
COMMAND: POST /session/cd4e213f90090bc7497a341d701e98a6/elements - {"using":"xpath","value":"//button[@data-kt=\"addNewRUOverflowToolbarButton\"]"}
RESULT: {"using":"xpath","value":"//button[@data-kt=\"addNewRUOverflowToolbarButton\"]"}
COMMAND: POST /session/cd4e213f90090bc7497a341d701e98a6/elements - {"using":"xpath","value":"//button[@data-kt=\"addNewRUOverflowToolbarButton\"]"}
RESULT: {"using":"xpath","value":"//button[@data-kt=\"addNewRUOverflowToolbarButton\"]"}
COMMAND: POST /session/cd4e213f90090bc7497a341d701e98a6/elements - {"using":"xpath","value":"//button[@data-kt=\"addNewRUOverflowToolbarButton\"]"}
RESULT: {"using":"xpath","value":"//button[@data-kt=\"addNewRUOverflowToolbarButton\"]"}
COMMAND: POST /session/cd4e213f90090bc7497a341d701e98a6/elements - {"using":"xpath","value":"//button[@data-kt=\"addNewRUOverflowToolbarButton\"]"}
RESULT: {"using":"xpath","value":"//button[@data-kt=\"addNewRUOverflowToolbarButton\"]"}
COMMAND: POST /session/cd4e213f90090bc7497a341d701e98a6/elements - {"using":"xpath","value":"//button[@data-kt=\"addNewRUOverflowToolbarButton\"]"}
RESULT: {"using":"xpath","value":"//button[@data-kt=\"addNewRUOverflowToolbarButton\"]"}
COMMAND: POST /session/cd4e213f90090bc7497a341d701e98a6/elements - {"using":"xpath","value":"//button[@data-kt=\"addNewRUOverflowToolbarButton\"]"}
RESULT: {"using":"xpath","value":"//button[@data-kt=\"addNewRUOverflowToolbarButton\"]"}
COMMAND: POST /session/cd4e213f90090bc7497a341d701e98a6/elements - {"using":"xpath","value":"//button[@data-kt=\"addNewRUOverflowToolbarButton\"]"}
RESULT: {"using":"xpath","value":"//button[@data-kt=\"addNewRUOverflowToolbarButton\"]"}
COMMAND: POST /session/cd4e213f90090bc7497a341d701e98a6/elements - {"using":"xpath","value":"//button[@data-kt=\"addNewRUOverflowToolbarButton\"]"}
RESULT: {"using":"xpath","value":"//button[@data-kt=\"addNewRUOverflowToolbarButton\"]"}
COMMAND: POST /session/cd4e213f90090bc7497a341d701e98a6/elements - {"using":"xpath","value":"//button[@data-kt=\"addNewRUOverflowToolbarButton\"]"}
RESULT: {"using":"xpath","value":"//button[@data-kt=\"addNewRUOverflowToolbarButton\"]"}
COMMAND: POST /session/cd4e213f90090bc7497a341d701e98a6/elements - {"using":"xpath","value":"//button[@data-kt=\"addNewRUOverflowToolbarButton\"]"}
RESULT: {"using":"xpath","value":"//button[@data-kt=\"addNewRUOverflowToolbarButton\"]"}
COMMAND: POST /session/cd4e213f90090bc7497a341d701e98a6/elements - {"using":"xpath","value":"//button[@data-kt=\"addNewRUOverflowToolbarButton\"]"}
RESULT: {"using":"xpath","value":"//button[@data-kt=\"addNewRUOverflowToolbarButton\"]"}
COMMAND: POST /session/cd4e213f90090bc7497a341d701e98a6/elements - {"using":"xpath","value":"//button[@data-kt=\"addNewRUOverflowToolbarButton\"]"}
RESULT: {"using":"xpath","value":"//button[@data-kt=\"addNewRUOverflowToolbarButton\"]"}
COMMAND: POST /session/cd4e213f90090bc7497a341d701e98a6/elements - {"using":"xpath","value":"//button[@data-kt=\"addNewRUOverflowToolbarButton\"]"}
RESULT: {"using":"xpath","value":"//button[@data-kt=\"addNewRUOverflowToolbarButton\"]"}
COMMAND: POST /session/cd4e213f90090bc7497a341d701e98a6/elements - {"using":"xpath","value":"//button[@data-kt=\"addNewRUOverflowToolbarButton\"]"}
RESULT: {"using":"xpath","value":"//button[@data-kt=\"addNewRUOverflowToolbarButton\"]"}
COMMAND: POST /session/cd4e213f90090bc7497a341d701e98a6/elements - {"using":"xpath","value":"//button[@data-kt=\"addNewRUOverflowToolbarButton\"]"}
RESULT: {"using":"xpath","value":"//button[@data-kt=\"addNewRUOverflowToolbarButton\"]"}
COMMAND: POST /session/cd4e213f90090bc7497a341d701e98a6/elements - {"using":"xpath","value":"//button[@data-kt=\"addNewRUOverflowToolbarButton\"]"}
RESULT: {"using":"xpath","value":"//button[@data-kt=\"addNewRUOverflowToolbarButton\"]"}
COMMAND: POST /session/cd4e213f90090bc7497a341d701e98a6/elements - {"using":"xpath","value":"//button[@data-kt=\"addNewRUOverflowToolbarButton\"]"}
RESULT: {"using":"xpath","value":"//button[@data-kt=\"addNewRUOverflowToolbarButton\"]"}
COMMAND: POST /session/cd4e213f90090bc7497a341d701e98a6/element - {"using":"xpath","value":"//button[@data-kt=\"addNewRUOverflowToolbarButton\"]"}
RESULT: {"using":"xpath","value":"//button[@data-kt=\"addNewRUOverflowToolbarButton\"]"}
COMMAND: POST /session/cd4e213f90090bc7497a341d701e98a6/execute/sync - {"script":"<script> [8489 bytes]","args":[{"element-6066-11e4-a52e-4f735466cecf":"f.3EFE59E47BCAC700A535F57DF4769BD4.d.FF8D5E3B69C5352738650AEE3CA4E74D.e.5662","ELEMENT":"f.3EFE59E47BCAC700A535F57DF4769BD4.d.FF8D5E3B69C5352738650AEE3CA4E74D.e.5662"}]}
RESULT: {"script":"<script> [8489 bytes]","args":[{"element-6066-11e4-a52e-4f735466cecf":"f.3EFE59E47BCAC700A535F57DF4769BD4.d.FF8D5E3B69C5352738650AEE3CA4E74D.e.5662","ELEMENT":"f.3EFE59E47BCAC700A535F57DF4769BD4.d.FF8D5E3B69C5352738650AEE3CA4E74D.e.5662"}]}
COMMAND: GET /session/cd4e213f90090bc7497a341d701e98a6/element/f.3EFE59E47BCAC700A535F57DF4769BD4.d.FF8D5E3B69C5352738650AEE3CA4E74D.e.5662/enabled - {}
COMMAND: GET /session/cd4e213f90090bc7497a341d701e98a6/screenshot - {}
RESULT: {}
COMMAND: POST /session/cd4e213f90090bc7497a341d701e98a6/execute/sync - {"script":"<script> [8489 bytes]","args":[{"element-6066-11e4-a52e-4f735466cecf":"f.3EFE59E47BCAC700A535F57DF4769BD4.d.FF8D5E3B69C5352738650AEE3CA4E74D.e.5662","ELEMENT":"f.3EFE59E47BCAC700A535F57DF4769BD4.d.FF8D5E3B69C5352738650AEE3CA4E74D.e.5662"}]}
COMMAND: GET /session/cd4e213f90090bc7497a341d701e98a6/screenshot - {}
RESULT: {}
RESULT: {"script":"<script> [8489 bytes]","args":[{"element-6066-11e4-a52e-4f735466cecf":"f.3EFE59E47BCAC700A535F57DF4769BD4.d.FF8D5E3B69C5352738650AEE3CA4E74D.e.5662","ELEMENT":"f.3EFE59E47BCAC700A535F57DF4769BD4.d.FF8D5E3B69C5352738650AEE3CA4E74D.e.5662"}]}
COMMAND: POST /session/cd4e213f90090bc7497a341d701e98a6/execute/sync - {"script":"<script> [5351 bytes]","args":[{"element-6066-11e4-a52e-4f735466cecf":"f.3EFE59E47BCAC700A535F57DF4769BD4.d.FF8D5E3B69C5352738650AEE3CA4E74D.e.5662","ELEMENT":"f.3EFE59E47BCAC700A535F57DF4769BD4.d.FF8D5E3B69C5352738650AEE3CA4E74D.e.5662"}]}
COMMAND: GET /session/cd4e213f90090bc7497a341d701e98a6/screenshot - {}
RESULT: {}
RESULT: {"script":"<script> [5351 bytes]","args":[{"element-6066-11e4-a52e-4f735466cecf":"f.3EFE59E47BCAC700A535F57DF4769BD4.d.FF8D5E3B69C5352738650AEE3CA4E74D.e.5662","ELEMENT":"f.3EFE59E47BCAC700A535F57DF4769BD4.d.FF8D5E3B69C5352738650AEE3CA4E74D.e.5662"}]}
COMMAND: POST /session/cd4e213f90090bc7497a341d701e98a6/element/f.3EFE59E47BCAC700A535F57DF4769BD4.d.FF8D5E3B69C5352738650AEE3CA4E74D.e.5662/click - {}
COMMAND: GET /session/cd4e213f90090bc7497a341d701e98a6/screenshot - {}
RESULT: {}
RESULT: {}
COMMAND: GET /session/cd4e213f90090bc7497a341d701e98a6/screenshot - {}
RESULT: {}
RESULT: {}
COMMAND: POST /session/cd4e213f90090bc7497a341d701e98a6/execute/async - {"script":"<script> [1562 bytes]","args":[{"selector":{"id":"application-manageresources-display-component---newResourceUnit--TYPE-arrow"},"wdio_ui5_key":"applicationmanageresources-display-component---newResourceUnit--TYPE-arrow"}]}
RESULT: {"script":"<script> [1562 bytes]","args":[{"selector":{"id":"application-manageresources-display-component---newResourceUnit--TYPE-arrow"},"wdio_ui5_key":"applicationmanageresources-display-component---newResourceUnit--TYPE-arrow"}]}
RESULT: undefined
COMMAND: POST /session/cd4e213f90090bc7497a341d701e98a6/element - {"using":"xpath","value":"//*[@id=\"application-manageresources-display-component---newResourceUnit--TYPE-arrow\"]"}
RESULT: {"using":"xpath","value":"//*[@id=\"application-manageresources-display-component---newResourceUnit--TYPE-arrow\"]"}
COMMAND: POST /session/cd4e213f90090bc7497a341d701e98a6/element/f.3EFE59E47BCAC700A535F57DF4769BD4.d.FF8D5E3B69C5352738650AEE3CA4E74D.e.6020/click - {}
RESULT: {}
COMMAND: POST /session/cd4e213f90090bc7497a341d701e98a6/element - {"using":"xpath","value":"//input[@id=\"application-manageresources-display-component---newResourceUnit--TYPE-inner\"]"}
COMMAND: GET /session/cd4e213f90090bc7497a341d701e98a6/screenshot - {}
RESULT: {"using":"xpath","value":"//input[@id=\"application-manageresources-display-component---newResourceUnit--TYPE-inner\"]"}
COMMAND: POST /session/cd4e213f90090bc7497a341d701e98a6/element/f.3EFE59E47BCAC700A535F57DF4769BD4.d.FF8D5E3B69C5352738650AEE3CA4E74D.e.6015/clear - {}
RESULT: {}
RESULT: {}
COMMAND: POST /session/cd4e213f90090bc7497a341d701e98a6/element/f.3EFE59E47BCAC700A535F57DF4769BD4.d.FF8D5E3B69C5352738650AEE3CA4E74D.e.6015/value - {"text":"Material"}
COMMAND: GET /session/cd4e213f90090bc7497a341d701e98a6/screenshot - {}
RESULT: {"text":"Material"}
COMMAND: GET /session/cd4e213f90090bc7497a341d701e98a6/screenshot - {}
RESULT: {}
RESULT: {}
COMMAND: POST /session/cd4e213f90090bc7497a341d701e98a6/actions - {"actions":[{"id":"action23","type":"key","parameters":{},"actions":[{"type":"keyDown","value":""},{"type":"pause","duration":10},{"type":"keyUp","value":""}]}]}
RESULT: {"actions":[{"id":"action23","type":"key","parameters":{},"actions":[{"type":"keyDown","value":""},{"type":"pause","duration":10},{"type":"keyUp","value":""}]}]}
COMMAND: POST /session/cd4e213f90090bc7497a341d701e98a6/execute/async - {"script":"<script> [1562 bytes]","args":[{"selector":{"id":"application-manageresources-display-component---newResourceUnit--SHORT_TEXT","interaction":{"idSuffix":"inner"}},"wdio_ui5_key":"applicationmanageresources-display-component---newResourceUnit--SHORT_TEXT"}]}
COMMAND: GET /session/cd4e213f90090bc7497a341d701e98a6/screenshot - {}
RESULT: {"script":"<script> [1562 bytes]","args":[{"selector":{"id":"application-manageresources-display-component---newResourceUnit--SHORT_TEXT","interaction":{"idSuffix":"inner"}},"wdio_ui5_key":"applicationmanageresources-display-component---newResourceUnit--SHORT_TEXT"}]}
RESULT: undefined
COMMAND: POST /session/cd4e213f90090bc7497a341d701e98a6/execute/async - {"script":"<script> [776 bytes]","args":[{"enterText":"Cement WDIO","selector":{"id":"application-manageresources-display-component---newResourceUnit--SHORT_TEXT","interaction":{"idSuffix":"inner"}},"clearTextFirst":true,"interactionType":"ENTER_TEXT"}]}
RESULT: {}
RESULT: {"script":"<script> [776 bytes]","args":[{"enterText":"Cement WDIO","selector":{"id":"application-manageresources-display-component---newResourceUnit--SHORT_TEXT","interaction":{"idSuffix":"inner"}},"clearTextFirst":true,"interactionType":"ENTER_TEXT"}]}
COMMAND: POST /session/cd4e213f90090bc7497a341d701e98a6/execute/async - {"script":"<script> [1562 bytes]","args":[{"selector":{"id":"application-manageresources-display-component---newResourceUnit--BASE_UNIT_OF_MEASURE","interaction":{"idSuffix":"inner"}},"wdio_ui5_key":"applicationmanageresources-display-component---newResourceUnit--BASE_UNIT_OF_MEASURE"}]}
RESULT: {"script":"<script> [1562 bytes]","args":[{"selector":{"id":"application-manageresources-display-component---newResourceUnit--BASE_UNIT_OF_MEASURE","interaction":{"idSuffix":"inner"}},"wdio_ui5_key":"applicationmanageresources-display-component---newResourceUnit--BASE_UNIT_OF_MEASURE"}]}
RESULT: undefined
COMMAND: POST /session/cd4e213f90090bc7497a341d701e98a6/execute/async - {"script":"<script> [776 bytes]","args":[{"enterText":"Piece","selector":{"id":"application-manageresources-display-component---newResourceUnit--BASE_UNIT_OF_MEASURE","interaction":{"idSuffix":"inner"}},"clearTextFirst":true,"interactionType":"ENTER_TEXT"}]}
RESULT: {"script":"<script> [776 bytes]","args":[{"enterText":"Piece","selector":{"id":"application-manageresources-display-component---newResourceUnit--BASE_UNIT_OF_MEASURE","interaction":{"idSuffix":"inner"}},"clearTextFirst":true,"interactionType":"ENTER_TEXT"}]}
COMMAND: POST /session/cd4e213f90090bc7497a341d701e98a6/execute/async - {"script":"<script> [1562 bytes]","args":[{"selector":{"id":"application-manageresources-display-component---newResourceUnit--WEIGHT_UNIT","interaction":{"idSuffix":"inner"}},"wdio_ui5_key":"applicationmanageresources-display-component---newResourceUnit--WEIGHT_UNIT"}]}
RESULT: {"script":"<script> [1562 bytes]","args":[{"selector":{"id":"application-manageresources-display-component---newResourceUnit--WEIGHT_UNIT","interaction":{"idSuffix":"inner"}},"wdio_ui5_key":"applicationmanageresources-display-component---newResourceUnit--WEIGHT_UNIT"}]}
RESULT: undefined
COMMAND: POST /session/cd4e213f90090bc7497a341d701e98a6/execute/async - {"script":"<script> [776 bytes]","args":[{"enterText":"Gram","selector":{"id":"application-manageresources-display-component---newResourceUnit--WEIGHT_UNIT","interaction":{"idSuffix":"inner"}},"clearTextFirst":true,"interactionType":"ENTER_TEXT"}]}
RESULT: {"script":"<script> [776 bytes]","args":[{"enterText":"Gram","selector":{"id":"application-manageresources-display-component---newResourceUnit--WEIGHT_UNIT","interaction":{"idSuffix":"inner"}},"clearTextFirst":true,"interactionType":"ENTER_TEXT"}]}
COMMAND: POST /session/cd4e213f90090bc7497a341d701e98a6/execute/async - {"script":"<script> [1562 bytes]","args":[{"selector":{"id":"application-manageresources-display-component---newResourceUnit--DIMENSION_UNIT","interaction":{"idSuffix":"inner"}},"wdio_ui5_key":"applicationmanageresources-display-component---newResourceUnit--DIMENSION_UNIT"}]}
RESULT: {"script":"<script> [1562 bytes]","args":[{"selector":{"id":"application-manageresources-display-component---newResourceUnit--DIMENSION_UNIT","interaction":{"idSuffix":"inner"}},"wdio_ui5_key":"applicationmanageresources-display-component---newResourceUnit--DIMENSION_UNIT"}]}
RESULT: undefined
COMMAND: POST /session/cd4e213f90090bc7497a341d701e98a6/execute/async - {"script":"<script> [776 bytes]","args":[{"enterText":"Meter","selector":{"id":"application-manageresources-display-component---newResourceUnit--DIMENSION_UNIT","interaction":{"idSuffix":"inner"}},"clearTextFirst":true,"interactionType":"ENTER_TEXT"}]}
RESULT: {"script":"<script> [776 bytes]","args":[{"enterText":"Meter","selector":{"id":"application-manageresources-display-component---newResourceUnit--DIMENSION_UNIT","interaction":{"idSuffix":"inner"}},"clearTextFirst":true,"interactionType":"ENTER_TEXT"}]}
COMMAND: POST /session/cd4e213f90090bc7497a341d701e98a6/execute/async - {"script":"<script> [1562 bytes]","args":[{"selector":{"id":"application-manageresources-display-component---newResourceUnit--newRRUPage-anchBar-application-manageresources-display-component---newResourceUnit--control-anchor","interaction":{"idSuffix":"BDI-content"}},"wdio_ui5_key":"applicationmanageresources-display-component---newResourceUnit--newRRUPage-anchBar-application-manageresources-display-component---newResourceUnit--control-anchor"}]}
RESULT: {"script":"<script> [1562 bytes]","args":[{"selector":{"id":"application-manageresources-display-component---newResourceUnit--newRRUPage-anchBar-application-manageresources-display-component---newResourceUnit--control-anchor","interaction":{"idSuffix":"BDI-content"}},"wdio_ui5_key":"applicationmanageresources-display-component---newResourceUnit--newRRUPage-anchBar-application-manageresources-display-component---newResourceUnit--control-anchor"}]}
RESULT: undefined
COMMAND: POST /session/cd4e213f90090bc7497a341d701e98a6/element - {"using":"xpath","value":"//*[@id=\"application-manageresources-display-component---newResourceUnit--newRRUPage-anchBar-application-manageresources-display-component---newResourceUnit--control-anchor\"]"}
RESULT: {"using":"xpath","value":"//*[@id=\"application-manageresources-display-component---newResourceUnit--newRRUPage-anchBar-application-manageresources-display-component---newResourceUnit--control-anchor\"]"}
COMMAND: POST /session/cd4e213f90090bc7497a341d701e98a6/element/f.3EFE59E47BCAC700A535F57DF4769BD4.d.FF8D5E3B69C5352738650AEE3CA4E74D.e.6085/click - {}
RESULT: {}
COMMAND: POST /session/cd4e213f90090bc7497a341d701e98a6/execute/async - {"script":"<script> [1562 bytes]","args":[{"selector":{"id":"application-manageresources-display-component---newResourceUnit--PLANNING_GROUP","interaction":{"idSuffix":"inner"}},"wdio_ui5_key":"applicationmanageresources-display-component---newResourceUnit--PLANNING_GROUP"}]}
COMMAND: GET /session/cd4e213f90090bc7497a341d701e98a6/screenshot - {}
RESULT: {"script":"<script> [1562 bytes]","args":[{"selector":{"id":"application-manageresources-display-component---newResourceUnit--PLANNING_GROUP","interaction":{"idSuffix":"inner"}},"wdio_ui5_key":"applicationmanageresources-display-component---newResourceUnit--PLANNING_GROUP"}]}
RESULT: undefined
COMMAND: POST /session/cd4e213f90090bc7497a341d701e98a6/execute/async - {"script":"<script> [776 bytes]","args":[{"enterText":"Material","selector":{"id":"application-manageresources-display-component---newResourceUnit--PLANNING_GROUP","interaction":{"idSuffix":"inner"}},"clearTextFirst":true,"interactionType":"ENTER_TEXT"}]}
RESULT: {}
RESULT: {"script":"<script> [776 bytes]","args":[{"enterText":"Material","selector":{"id":"application-manageresources-display-component---newResourceUnit--PLANNING_GROUP","interaction":{"idSuffix":"inner"}},"clearTextFirst":true,"interactionType":"ENTER_TEXT"}]}
COMMAND: POST /session/cd4e213f90090bc7497a341d701e98a6/execute/async - {"script":"<script> [1562 bytes]","args":[{"selector":{"id":"application-manageresources-display-component---newResourceUnit--PLANNING_INDICATOR","interaction":{"idSuffix":"inner"}},"wdio_ui5_key":"applicationmanageresources-display-component---newResourceUnit--PLANNING_INDICATOR"}]}
RESULT: {"script":"<script> [1562 bytes]","args":[{"selector":{"id":"application-manageresources-display-component---newResourceUnit--PLANNING_INDICATOR","interaction":{"idSuffix":"inner"}},"wdio_ui5_key":"applicationmanageresources-display-component---newResourceUnit--PLANNING_INDICATOR"}]}
RESULT: undefined
COMMAND: POST /session/cd4e213f90090bc7497a341d701e98a6/execute/async - {"script":"<script> [776 bytes]","args":[{"enterText":"10 - infinite","selector":{"id":"application-manageresources-display-component---newResourceUnit--PLANNING_INDICATOR","interaction":{"idSuffix":"inner"}},"clearTextFirst":true,"interactionType":"ENTER_TEXT"}]}
RESULT: {"script":"<script> [776 bytes]","args":[{"enterText":"10 - infinite","selector":{"id":"application-manageresources-display-component---newResourceUnit--PLANNING_INDICATOR","interaction":{"idSuffix":"inner"}},"clearTextFirst":true,"interactionType":"ENTER_TEXT"}]}
COMMAND: POST /session/cd4e213f90090bc7497a341d701e98a6/element - {"using":"css selector","value":"#application-manageresources-display-component---newResourceUnit--btnAddTimeSegment"}
RESULT: {"using":"css selector","value":"#application-manageresources-display-component---newResourceUnit--btnAddTimeSegment"}
COMMAND: GET /session/cd4e213f90090bc7497a341d701e98a6/element/f.3EFE59E47BCAC700A535F57DF4769BD4.d.FF8D5E3B69C5352738650AEE3CA4E74D.e.6095/rect - {}
RESULT: {}
COMMAND: GET /session/cd4e213f90090bc7497a341d701e98a6/window/rect - {}
RESULT: {}
COMMAND: POST /session/cd4e213f90090bc7497a341d701e98a6/execute/sync - {"script":"<script> [92 bytes]","args":[]}
RESULT: {"script":"<script> [92 bytes]","args":[]}
COMMAND: POST /session/cd4e213f90090bc7497a341d701e98a6/actions - {"actions":[{"id":"action24","type":"wheel","parameters":{},"actions":[{"type":"scroll","x":-1888,"y":-32,"deltaX":0,"deltaY":0,"duration":0,"origin":{"element-6066-11e4-a52e-4f735466cecf":"f.3EFE59E47BCAC700A535F57DF4769BD4.d.FF8D5E3B69C5352738650AEE3CA4E74D.e.6095"}}]}]}
COMMAND: GET /session/cd4e213f90090bc7497a341d701e98a6/screenshot - {}
RESULT: {}
COMMAND: POST /session/cd4e213f90090bc7497a341d701e98a6/execute/sync - {"script":"<script> [79 bytes]","args":[{"element-6066-11e4-a52e-4f735466cecf":"f.3EFE59E47BCAC700A535F57DF4769BD4.d.FF8D5E3B69C5352738650AEE3CA4E74D.e.6095","ELEMENT":"f.3EFE59E47BCAC700A535F57DF4769BD4.d.FF8D5E3B69C5352738650AEE3CA4E74D.e.6095"},{"block":"start","inline":"nearest"}]}
RESULT: {"script":"<script> [79 bytes]","args":[{"element-6066-11e4-a52e-4f735466cecf":"f.3EFE59E47BCAC700A535F57DF4769BD4.d.FF8D5E3B69C5352738650AEE3CA4E74D.e.6095","ELEMENT":"f.3EFE59E47BCAC700A535F57DF4769BD4.d.FF8D5E3B69C5352738650AEE3CA4E74D.e.6095"},{"block":"start","inline":"nearest"}]}
COMMAND: POST /session/cd4e213f90090bc7497a341d701e98a6/execute/async - {"script":"<script> [1562 bytes]","args":[{"selector":{"id":"application-manageresources-display-component---newResourceUnit--btnAddTimeSegment","interaction":{"idSuffix":"inner"}},"wdio_ui5_key":"applicationmanageresources-display-component---newResourceUnit--btnAddTimeSegment"}]}
COMMAND: GET /session/cd4e213f90090bc7497a341d701e98a6/screenshot - {}
RESULT: {"script":"<script> [1562 bytes]","args":[{"selector":{"id":"application-manageresources-display-component---newResourceUnit--btnAddTimeSegment","interaction":{"idSuffix":"inner"}},"wdio_ui5_key":"applicationmanageresources-display-component---newResourceUnit--btnAddTimeSegment"}]}
RESULT: undefined
COMMAND: POST /session/cd4e213f90090bc7497a341d701e98a6/element - {"using":"xpath","value":"//*[@id=\"application-manageresources-display-component---newResourceUnit--btnAddTimeSegment\"]"}
RESULT: {}
RESULT: {"using":"xpath","value":"//*[@id=\"application-manageresources-display-component---newResourceUnit--btnAddTimeSegment\"]"}
COMMAND: POST /session/cd4e213f90090bc7497a341d701e98a6/element/f.3EFE59E47BCAC700A535F57DF4769BD4.d.FF8D5E3B69C5352738650AEE3CA4E74D.e.6095/click - {}
RESULT: {}
COMMAND: GET /session/cd4e213f90090bc7497a341d701e98a6/screenshot - {}
RESULT: {}
COMMAND: POST /session/cd4e213f90090bc7497a341d701e98a6/element - {"using":"xpath","value":"//input[@id=\"application-manageresources-display-component---newResourceUnit--idRuTSAdmin-application-manageresources-display-component---newResourceUnit--RUTimeSegment-0-inner\"]"}
RESULT: {"using":"xpath","value":"//input[@id=\"application-manageresources-display-component---newResourceUnit--idRuTSAdmin-application-manageresources-display-component---newResourceUnit--RUTimeSegment-0-inner\"]"}
COMMAND: POST /session/cd4e213f90090bc7497a341d701e98a6/element/f.3EFE59E47BCAC700A535F57DF4769BD4.d.FF8D5E3B69C5352738650AEE3CA4E74D.e.6100/clear - {}
RESULT: {}
COMMAND: POST /session/cd4e213f90090bc7497a341d701e98a6/element/f.3EFE59E47BCAC700A535F57DF4769BD4.d.FF8D5E3B69C5352738650AEE3CA4E74D.e.6100/value - {"text":"672"}
COMMAND: GET /session/cd4e213f90090bc7497a341d701e98a6/screenshot - {}
RESULT: {"text":"672"}
COMMAND: GET /session/cd4e213f90090bc7497a341d701e98a6/screenshot - {}
RESULT: {}
RESULT: {}
COMMAND: POST /session/cd4e213f90090bc7497a341d701e98a6/element - {"using":"xpath","value":"//li[.//span[text()='672']]"}
RESULT: {"using":"xpath","value":"//li[.//span[text()='672']]"}
COMMAND: POST /session/cd4e213f90090bc7497a341d701e98a6/element/f.3EFE59E47BCAC700A535F57DF4769BD4.d.FF8D5E3B69C5352738650AEE3CA4E74D.e.6109/click - {}
RESULT: {}
COMMAND: GET /session/cd4e213f90090bc7497a341d701e98a6/screenshot - {}
RESULT: {}
COMMAND: POST /session/cd4e213f90090bc7497a341d701e98a6/element - {"using":"xpath","value":"(//span[contains(@id, \"-application-manageresources-display-component---newResourceUnit--RUTimeSegment-0-arrow\")])[2]"}
RESULT: {"using":"xpath","value":"(//span[contains(@id, \"-application-manageresources-display-component---newResourceUnit--RUTimeSegment-0-arrow\")])[2]"}
COMMAND: POST /session/cd4e213f90090bc7497a341d701e98a6/element/f.3EFE59E47BCAC700A535F57DF4769BD4.d.FF8D5E3B69C5352738650AEE3CA4E74D.e.6110/click - {}
RESULT: {}
COMMAND: POST /session/cd4e213f90090bc7497a341d701e98a6/element - {"using":"xpath","value":"//span[contains(text(), \"PM Order\")]"}
COMMAND: GET /session/cd4e213f90090bc7497a341d701e98a6/screenshot - {}
RESULT: {"using":"xpath","value":"//span[contains(text(), \"PM Order\")]"}
COMMAND: POST /session/cd4e213f90090bc7497a341d701e98a6/element/f.3EFE59E47BCAC700A535F57DF4769BD4.d.FF8D5E3B69C5352738650AEE3CA4E74D.e.6111/click - {}
RESULT: {}
RESULT: {}
COMMAND: GET /session/cd4e213f90090bc7497a341d701e98a6/screenshot - {}
RESULT: {}
COMMAND: POST /session/cd4e213f90090bc7497a341d701e98a6/element - {"using":"xpath","value":"//td/div/div/div/span[contains(@id, \"newResourceUnit--RUTimeSegment-0-vhi\")][1]"}
RESULT: {"using":"xpath","value":"//td/div/div/div/span[contains(@id, \"newResourceUnit--RUTimeSegment-0-vhi\")][1]"}
COMMAND: GET /session/cd4e213f90090bc7497a341d701e98a6/element/f.3EFE59E47BCAC700A535F57DF4769BD4.d.FF8D5E3B69C5352738650AEE3CA4E74D.e.6115/rect - {}
RESULT: {}
COMMAND: GET /session/cd4e213f90090bc7497a341d701e98a6/window/rect - {}
RESULT: {}
COMMAND: POST /session/cd4e213f90090bc7497a341d701e98a6/execute/sync - {"script":"<script> [92 bytes]","args":[]}
RESULT: {"script":"<script> [92 bytes]","args":[]}
COMMAND: POST /session/cd4e213f90090bc7497a341d701e98a6/actions - {"actions":[{"id":"action25","type":"wheel","parameters":{},"actions":[{"type":"scroll","x":-1888,"y":-24,"deltaX":0,"deltaY":0,"duration":0,"origin":{"element-6066-11e4-a52e-4f735466cecf":"f.3EFE59E47BCAC700A535F57DF4769BD4.d.FF8D5E3B69C5352738650AEE3CA4E74D.e.6115"}}]}]}
COMMAND: GET /session/cd4e213f90090bc7497a341d701e98a6/screenshot - {}
RESULT: {}
COMMAND: POST /session/cd4e213f90090bc7497a341d701e98a6/execute/sync - {"script":"<script> [79 bytes]","args":[{"element-6066-11e4-a52e-4f735466cecf":"f.3EFE59E47BCAC700A535F57DF4769BD4.d.FF8D5E3B69C5352738650AEE3CA4E74D.e.6115","ELEMENT":"f.3EFE59E47BCAC700A535F57DF4769BD4.d.FF8D5E3B69C5352738650AEE3CA4E74D.e.6115"},{"block":"start","inline":"nearest"}]}
RESULT: {"script":"<script> [79 bytes]","args":[{"element-6066-11e4-a52e-4f735466cecf":"f.3EFE59E47BCAC700A535F57DF4769BD4.d.FF8D5E3B69C5352738650AEE3CA4E74D.e.6115","ELEMENT":"f.3EFE59E47BCAC700A535F57DF4769BD4.d.FF8D5E3B69C5352738650AEE3CA4E74D.e.6115"},{"block":"start","inline":"nearest"}]}
COMMAND: GET /session/cd4e213f90090bc7497a341d701e98a6/screenshot - {}
RESULT: {}
COMMAND: POST /session/cd4e213f90090bc7497a341d701e98a6/element/f.3EFE59E47BCAC700A535F57DF4769BD4.d.FF8D5E3B69C5352738650AEE3CA4E74D.e.6115/click - {}
RESULT: {}
COMMAND: GET /session/cd4e213f90090bc7497a341d701e98a6/screenshot - {}
RESULT: {}
COMMAND: POST /session/cd4e213f90090bc7497a341d701e98a6/execute/async - {"script":"<script> [1562 bytes]","args":[{"selector":{"controlType":"sap.m.SearchField","properties":{"placeholder":"Search"},"searchOpenDialogs":true,"interaction":{"idSuffix":"I"}},"wdio_ui5_key":"sapm.SearchField{\"placeholder\":\"Search\"}"}]}
RESULT: {"script":"<script> [1562 bytes]","args":[{"selector":{"controlType":"sap.m.SearchField","properties":{"placeholder":"Search"},"searchOpenDialogs":true,"interaction":{"idSuffix":"I"}},"wdio_ui5_key":"sapm.SearchField{\"placeholder\":\"Search\"}"}]}
RESULT: undefined
COMMAND: POST /session/cd4e213f90090bc7497a341d701e98a6/execute/async - {"script":"<script> [776 bytes]","args":[{"enterText":"4000360","selector":{"controlType":"sap.m.SearchField","properties":{"placeholder":"Search"},"searchOpenDialogs":true,"interaction":{"idSuffix":"I"}},"clearTextFirst":true,"interactionType":"ENTER_TEXT"}]}
RESULT: {"script":"<script> [776 bytes]","args":[{"enterText":"4000360","selector":{"controlType":"sap.m.SearchField","properties":{"placeholder":"Search"},"searchOpenDialogs":true,"interaction":{"idSuffix":"I"}},"clearTextFirst":true,"interactionType":"ENTER_TEXT"}]}
COMMAND: POST /session/cd4e213f90090bc7497a341d701e98a6/actions - {"actions":[{"id":"action26","type":"key","parameters":{},"actions":[{"type":"keyDown","value":""},{"type":"pause","duration":10},{"type":"keyUp","value":""}]}]}
RESULT: {"actions":[{"id":"action26","type":"key","parameters":{},"actions":[{"type":"keyDown","value":""},{"type":"pause","duration":10},{"type":"keyUp","value":""}]}]}
COMMAND: GET /session/cd4e213f90090bc7497a341d701e98a6/screenshot - {}
RESULT: {}
COMMAND: POST /session/cd4e213f90090bc7497a341d701e98a6/element - {"using":"xpath","value":"//td/div/span[contains(text(), \"BGL Vehicles\")]"}
RESULT: {"using":"xpath","value":"//td/div/span[contains(text(), \"BGL Vehicles\")]"}
COMMAND: POST /session/cd4e213f90090bc7497a341d701e98a6/element/f.3EFE59E47BCAC700A535F57DF4769BD4.d.FF8D5E3B69C5352738650AEE3CA4E74D.e.6135/click - {}
RESULT: {}
COMMAND: GET /session/cd4e213f90090bc7497a341d701e98a6/screenshot - {}
RESULT: {}
COMMAND: POST /session/cd4e213f90090bc7497a341d701e98a6/element - {"using":"xpath","value":"//bdi[contains(text(), \"OK\")]"}
RESULT: {"using":"xpath","value":"//bdi[contains(text(), \"OK\")]"}
COMMAND: POST /session/cd4e213f90090bc7497a341d701e98a6/element/f.3EFE59E47BCAC700A535F57DF4769BD4.d.FF8D5E3B69C5352738650AEE3CA4E74D.e.6136/click - {}
RESULT: {}
COMMAND: GET /session/cd4e213f90090bc7497a341d701e98a6/screenshot - {}
RESULT: {}
COMMAND: POST /session/cd4e213f90090bc7497a341d701e98a6/element - {"using":"xpath","value":"//label[contains(@class, 'sapMLabelRequired') and .//bdi[contains(text(), 'Planned Retirement')]]"}
RESULT: {"using":"xpath","value":"//label[contains(@class, 'sapMLabelRequired') and .//bdi[contains(text(), 'Planned Retirement')]]"}
COMMAND: POST /session/cd4e213f90090bc7497a341d701e98a6/elements - {"using":"xpath","value":"//label[contains(@class, 'sapMLabelRequired') and .//bdi[contains(text(), 'Planned Retirement')]]"}
RESULT: {"using":"xpath","value":"//label[contains(@class, 'sapMLabelRequired') and .//bdi[contains(text(), 'Planned Retirement')]]"}
COMMAND: POST /session/cd4e213f90090bc7497a341d701e98a6/element - {"using":"xpath","value":"//button[@data-kt=\"resourceUnitSaveButton\"]"}
RESULT: {"using":"xpath","value":"//button[@data-kt=\"resourceUnitSaveButton\"]"}
COMMAND: POST /session/cd4e213f90090bc7497a341d701e98a6/element/f.3EFE59E47BCAC700A535F57DF4769BD4.d.FF8D5E3B69C5352738650AEE3CA4E74D.e.6037/click - {}
RESULT: {}
COMMAND: GET /session/cd4e213f90090bc7497a341d701e98a6/screenshot - {}
RESULT: {}
COMMAND: POST /session/cd4e213f90090bc7497a341d701e98a6/element - {"using":"xpath","value":"//bdi[contains(text(), \"Close\")]"}
RESULT: {"using":"xpath","value":"//bdi[contains(text(), \"Close\")]"}
COMMAND: POST /session/cd4e213f90090bc7497a341d701e98a6/element/f.3EFE59E47BCAC700A535F57DF4769BD4.d.FF8D5E3B69C5352738650AEE3CA4E74D.e.6142/click - {}
RESULT: {}
COMMAND: GET /session/cd4e213f90090bc7497a341d701e98a6/screenshot - {}
RESULT: {}
COMMAND: POST /session/cd4e213f90090bc7497a341d701e98a6/element - {"using":"xpath","value":"//header[contains(@id, 'detailRruPage-headerTitle')]/div[1]/div[2]/div[2]/span[1]"}
RESULT: {"using":"xpath","value":"//header[contains(@id, 'detailRruPage-headerTitle')]/div[1]/div[2]/div[2]/span[1]"}
COMMAND: POST /session/cd4e213f90090bc7497a341d701e98a6/elements - {"using":"xpath","value":"//header[contains(@id, 'detailRruPage-headerTitle')]/div[1]/div[2]/div[2]/span[1]"}
RESULT: {"using":"xpath","value":"//header[contains(@id, 'detailRruPage-headerTitle')]/div[1]/div[2]/div[2]/span[1]"}
COMMAND: POST /session/cd4e213f90090bc7497a341d701e98a6/execute/sync - {"script":"<script> [56 bytes]","args":[{"element-6066-11e4-a52e-4f735466cecf":"f.3EFE59E47BCAC700A535F57DF4769BD4.d.FF8D5E3B69C5352738650AEE3CA4E74D.e.6177","ELEMENT":"f.3EFE59E47BCAC700A535F57DF4769BD4.d.FF8D5E3B69C5352738650AEE3CA4E74D.e.6177"}]}
RESULT: {"script":"<script> [56 bytes]","args":[{"element-6066-11e4-a52e-4f735466cecf":"f.3EFE59E47BCAC700A535F57DF4769BD4.d.FF8D5E3B69C5352738650AEE3CA4E74D.e.6177","ELEMENT":"f.3EFE59E47BCAC700A535F57DF4769BD4.d.FF8D5E3B69C5352738650AEE3CA4E74D.e.6177"}]}
COMMAND: POST /session/cd4e213f90090bc7497a341d701e98a6/element - {"using":"css selector","value":"#shell-header-logo"}
COMMAND: GET /session/cd4e213f90090bc7497a341d701e98a6/screenshot - {}
RESULT: {"using":"css selector","value":"#shell-header-logo"}
COMMAND: POST /session/cd4e213f90090bc7497a341d701e98a6/element/f.3EFE59E47BCAC700A535F57DF4769BD4.d.FF8D5E3B69C5352738650AEE3CA4E74D.e.5516/click - {}
RESULT: {}
RESULT: {}
COMMAND: GET /session/cd4e213f90090bc7497a341d701e98a6/screenshot - {}
RESULT: {}
]]></system-out>
    </testcase>
    <testcase classname="chrome.136_0_7103_93.windows.Provide_to_Site_w/_warehouse_management_w/o_clarification_US113782_" name="Bin Status Report Should Create New Organization yard" time="0.005"/>
    <testcase classname="chrome.136_0_7103_93.windows.Provide_to_Site_w/_warehouse_management_w/o_clarification_US113782_" name="Bin Status Report Should Create New Organization for Site" time="0.004"/>
  </testsuite>
  <testsuite timestamp="2025-05-22T16:46:27" time="275.518" tests="5" failures="5" errors="5" skipped="0">
    <properties>
      <property name="specId" value="0"/>
      <property name="suiteName" value="Provide to Site w/ warehouse management wo clarification"/>
      <property name="capabilities" value="chrome.136_0_7103_93.windows"/>
      <property name="file" value="file:///D:/a/1/s/test/specs/HTR/provide-to-site-w-warehouse-wo-clarification.spec.js"/>
    </properties>
    <testcase classname="chrome.136_0_7103_93.windows.Provide_to_Site_w/_warehouse_management_wo_clarification" name="Should do a stock increase handover" time="59.051">
      <failure/>
      <error message="receiptDate.setValue is not a function"/>
      <system-out><![CDATA[
COMMAND: POST /session/cd4e213f90090bc7497a341d701e98a6/execute/async - {"script":"<script> [1562 bytes]","args":[{"selector":{"controlType":"sap.m.GenericTile","properties":{"header":"Manage Handovers"}},"wdio_ui5_key":"sapm.GenericTile{\"header\":\"Manage Handovers\"}"}]}
RESULT: {"script":"<script> [1562 bytes]","args":[{"selector":{"controlType":"sap.m.GenericTile","properties":{"header":"Manage Handovers"}},"wdio_ui5_key":"sapm.GenericTile{\"header\":\"Manage Handovers\"}"}]}
RESULT: undefined
COMMAND: POST /session/cd4e213f90090bc7497a341d701e98a6/element - {"using":"xpath","value":"//*[@id=\"__tile132\"]"}
RESULT: {"using":"xpath","value":"//*[@id=\"__tile132\"]"}
COMMAND: POST /session/cd4e213f90090bc7497a341d701e98a6/element/f.3EFE59E47BCAC700A535F57DF4769BD4.d.FF8D5E3B69C5352738650AEE3CA4E74D.e.5559/click - {}
RESULT: {}
COMMAND: GET /session/cd4e213f90090bc7497a341d701e98a6/screenshot - {}
RESULT: {}
COMMAND: POST /session/cd4e213f90090bc7497a341d701e98a6/elements - {"using":"xpath","value":"//span[text()='Error']"}
RESULT: {"using":"xpath","value":"//span[text()='Error']"}
COMMAND: POST /session/cd4e213f90090bc7497a341d701e98a6/element - {"using":"xpath","value":"//button[@data-kt=\"masterHOAddButton\"]"}
RESULT: {"using":"xpath","value":"//button[@data-kt=\"masterHOAddButton\"]"}
COMMAND: POST /session/cd4e213f90090bc7497a341d701e98a6/elements - {"using":"xpath","value":"//button[@data-kt=\"masterHOAddButton\"]"}
RESULT: {"using":"xpath","value":"//button[@data-kt=\"masterHOAddButton\"]"}
COMMAND: POST /session/cd4e213f90090bc7497a341d701e98a6/execute/sync - {"script":"<script> [8489 bytes]","args":[{"element-6066-11e4-a52e-4f735466cecf":"f.3EFE59E47BCAC700A535F57DF4769BD4.d.FF8D5E3B69C5352738650AEE3CA4E74D.e.6209","ELEMENT":"f.3EFE59E47BCAC700A535F57DF4769BD4.d.FF8D5E3B69C5352738650AEE3CA4E74D.e.6209"}]}
RESULT: {"script":"<script> [8489 bytes]","args":[{"element-6066-11e4-a52e-4f735466cecf":"f.3EFE59E47BCAC700A535F57DF4769BD4.d.FF8D5E3B69C5352738650AEE3CA4E74D.e.6209","ELEMENT":"f.3EFE59E47BCAC700A535F57DF4769BD4.d.FF8D5E3B69C5352738650AEE3CA4E74D.e.6209"}]}
COMMAND: GET /session/cd4e213f90090bc7497a341d701e98a6/element/f.3EFE59E47BCAC700A535F57DF4769BD4.d.FF8D5E3B69C5352738650AEE3CA4E74D.e.6209/enabled - {}
COMMAND: GET /session/cd4e213f90090bc7497a341d701e98a6/screenshot - {}
RESULT: {}
COMMAND: POST /session/cd4e213f90090bc7497a341d701e98a6/execute/sync - {"script":"<script> [8489 bytes]","args":[{"element-6066-11e4-a52e-4f735466cecf":"f.3EFE59E47BCAC700A535F57DF4769BD4.d.FF8D5E3B69C5352738650AEE3CA4E74D.e.6209","ELEMENT":"f.3EFE59E47BCAC700A535F57DF4769BD4.d.FF8D5E3B69C5352738650AEE3CA4E74D.e.6209"}]}
COMMAND: GET /session/cd4e213f90090bc7497a341d701e98a6/screenshot - {}
RESULT: {}
RESULT: {"script":"<script> [8489 bytes]","args":[{"element-6066-11e4-a52e-4f735466cecf":"f.3EFE59E47BCAC700A535F57DF4769BD4.d.FF8D5E3B69C5352738650AEE3CA4E74D.e.6209","ELEMENT":"f.3EFE59E47BCAC700A535F57DF4769BD4.d.FF8D5E3B69C5352738650AEE3CA4E74D.e.6209"}]}
COMMAND: POST /session/cd4e213f90090bc7497a341d701e98a6/execute/sync - {"script":"<script> [5351 bytes]","args":[{"element-6066-11e4-a52e-4f735466cecf":"f.3EFE59E47BCAC700A535F57DF4769BD4.d.FF8D5E3B69C5352738650AEE3CA4E74D.e.6209","ELEMENT":"f.3EFE59E47BCAC700A535F57DF4769BD4.d.FF8D5E3B69C5352738650AEE3CA4E74D.e.6209"}]}
COMMAND: GET /session/cd4e213f90090bc7497a341d701e98a6/screenshot - {}
RESULT: {}
RESULT: {"script":"<script> [5351 bytes]","args":[{"element-6066-11e4-a52e-4f735466cecf":"f.3EFE59E47BCAC700A535F57DF4769BD4.d.FF8D5E3B69C5352738650AEE3CA4E74D.e.6209","ELEMENT":"f.3EFE59E47BCAC700A535F57DF4769BD4.d.FF8D5E3B69C5352738650AEE3CA4E74D.e.6209"}]}
COMMAND: POST /session/cd4e213f90090bc7497a341d701e98a6/element/f.3EFE59E47BCAC700A535F57DF4769BD4.d.FF8D5E3B69C5352738650AEE3CA4E74D.e.6209/click - {}
COMMAND: GET /session/cd4e213f90090bc7497a341d701e98a6/screenshot - {}
RESULT: {}
RESULT: {}
COMMAND: GET /session/cd4e213f90090bc7497a341d701e98a6/screenshot - {}
RESULT: {}
RESULT: {}
COMMAND: POST /session/cd4e213f90090bc7497a341d701e98a6/element - {"using":"xpath","value":"//span[contains(@id ,\"AddNewHO--typeSelect-arrow\")]"}
RESULT: {"using":"xpath","value":"//span[contains(@id ,\"AddNewHO--typeSelect-arrow\")]"}
COMMAND: POST /session/cd4e213f90090bc7497a341d701e98a6/element/f.3EFE59E47BCAC700A535F57DF4769BD4.d.FF8D5E3B69C5352738650AEE3CA4E74D.e.6572/click - {}
RESULT: {}
COMMAND: GET /session/cd4e213f90090bc7497a341d701e98a6/screenshot - {}
RESULT: {}
COMMAND: POST /session/cd4e213f90090bc7497a341d701e98a6/element - {"using":"xpath","value":"(//li[contains(text(), \"stock increase yard\")])[1]"}
RESULT: {"using":"xpath","value":"(//li[contains(text(), \"stock increase yard\")])[1]"}
COMMAND: POST /session/cd4e213f90090bc7497a341d701e98a6/element/f.3EFE59E47BCAC700A535F57DF4769BD4.d.FF8D5E3B69C5352738650AEE3CA4E74D.e.6573/click - {}
RESULT: {}
COMMAND: GET /session/cd4e213f90090bc7497a341d701e98a6/screenshot - {}
RESULT: {}
COMMAND: POST /session/cd4e213f90090bc7497a341d701e98a6/execute/async - {"script":"<script> [1562 bytes]","args":[{"selector":{"id":"application-managehandovers-display-component---AddNewHO--dueDate","interaction":{"idSuffix":"inner"}},"wdio_ui5_key":"applicationmanagehandovers-display-component---AddNewHO--dueDate"}]}
RESULT: {"script":"<script> [1562 bytes]","args":[{"selector":{"id":"application-managehandovers-display-component---AddNewHO--dueDate","interaction":{"idSuffix":"inner"}},"wdio_ui5_key":"applicationmanagehandovers-display-component---AddNewHO--dueDate"}]}
RESULT: undefined
COMMAND: POST /session/cd4e213f90090bc7497a341d701e98a6/execute/async - {"script":"<script> [6424 bytes]","args":[{"element-6066-11e4-a52e-4f735466cecf":"f.3EFE59E47BCAC700A535F57DF4769BD4.d.FF8D5E3B69C5352738650AEE3CA4E74D.e.6577"},"setValue",["5/22/25"]]}
RESULT: {"script":"<script> [6424 bytes]","args":[{"element-6066-11e4-a52e-4f735466cecf":"f.3EFE59E47BCAC700A535F57DF4769BD4.d.FF8D5E3B69C5352738650AEE3CA4E74D.e.6577"},"setValue",["5/22/25"]]}
COMMAND: POST /session/cd4e213f90090bc7497a341d701e98a6/element - {"using":"xpath","value":"//input[@id=\"generalSectionFrg--receiveYard-inner\"]"}
RESULT: {"using":"xpath","value":"//input[@id=\"generalSectionFrg--receiveYard-inner\"]"}
COMMAND: POST /session/cd4e213f90090bc7497a341d701e98a6/element/f.3EFE59E47BCAC700A535F57DF4769BD4.d.FF8D5E3B69C5352738650AEE3CA4E74D.e.6581/clear - {}
RESULT: {}
COMMAND: POST /session/cd4e213f90090bc7497a341d701e98a6/element/f.3EFE59E47BCAC700A535F57DF4769BD4.d.FF8D5E3B69C5352738650AEE3CA4E74D.e.6581/value - {"text":"672"}
COMMAND: GET /session/cd4e213f90090bc7497a341d701e98a6/screenshot - {}
RESULT: {"text":"672"}
COMMAND: GET /session/cd4e213f90090bc7497a341d701e98a6/screenshot - {}
RESULT: {}
RESULT: {}
COMMAND: POST /session/cd4e213f90090bc7497a341d701e98a6/element - {"using":"xpath","value":"//li[.//span[text()='672']]"}
RESULT: {"using":"xpath","value":"//li[.//span[text()='672']]"}
COMMAND: POST /session/cd4e213f90090bc7497a341d701e98a6/element/f.3EFE59E47BCAC700A535F57DF4769BD4.d.FF8D5E3B69C5352738650AEE3CA4E74D.e.6597/click - {}
RESULT: {}
COMMAND: GET /session/cd4e213f90090bc7497a341d701e98a6/screenshot - {}
RESULT: {}
COMMAND: POST /session/cd4e213f90090bc7497a341d701e98a6/execute/async - {"script":"<script> [1562 bytes]","args":[{"selector":{"id":"application-managehandovers-display-component---AddNewHO--ObjectPageLayout-anchBar-application-managehandovers-display-component---AddNewHO--section4-anchor","interaction":{"idSuffix":"BDI-content"}},"wdio_ui5_key":"applicationmanagehandovers-display-component---AddNewHO--ObjectPageLayout-anchBar-application-managehandovers-display-component---AddNewHO--section4-anchor"}]}
RESULT: {"script":"<script> [1562 bytes]","args":[{"selector":{"id":"application-managehandovers-display-component---AddNewHO--ObjectPageLayout-anchBar-application-managehandovers-display-component---AddNewHO--section4-anchor","interaction":{"idSuffix":"BDI-content"}},"wdio_ui5_key":"applicationmanagehandovers-display-component---AddNewHO--ObjectPageLayout-anchBar-application-managehandovers-display-component---AddNewHO--section4-anchor"}]}
RESULT: undefined
COMMAND: POST /session/cd4e213f90090bc7497a341d701e98a6/element - {"using":"xpath","value":"//*[@id=\"application-managehandovers-display-component---AddNewHO--ObjectPageLayout-anchBar-application-managehandovers-display-component---AddNewHO--section4-anchor\"]"}
RESULT: {"using":"xpath","value":"//*[@id=\"application-managehandovers-display-component---AddNewHO--ObjectPageLayout-anchBar-application-managehandovers-display-component---AddNewHO--section4-anchor\"]"}
COMMAND: POST /session/cd4e213f90090bc7497a341d701e98a6/element/f.3EFE59E47BCAC700A535F57DF4769BD4.d.FF8D5E3B69C5352738650AEE3CA4E74D.e.6599/click - {}
RESULT: {}
COMMAND: POST /session/cd4e213f90090bc7497a341d701e98a6/element - {"using":"xpath","value":"//button[@aria-label=\"Add\"]"}
COMMAND: GET /session/cd4e213f90090bc7497a341d701e98a6/screenshot - {}
RESULT: {"using":"xpath","value":"//button[@aria-label=\"Add\"]"}
COMMAND: POST /session/cd4e213f90090bc7497a341d701e98a6/element/f.3EFE59E47BCAC700A535F57DF4769BD4.d.FF8D5E3B69C5352738650AEE3CA4E74D.e.6601/click - {}
RESULT: {}
RESULT: {}
COMMAND: GET /session/cd4e213f90090bc7497a341d701e98a6/screenshot - {}
RESULT: {}
COMMAND: POST /session/cd4e213f90090bc7497a341d701e98a6/execute/async - {"script":"<script> [1562 bytes]","args":[{"selector":{"id":"application-managehandovers-display-component---AddNewHO--smartFilterBar-btnBasicSearch","searchOpenDialogs":true,"interaction":{"idSuffix":"I"}},"wdio_ui5_key":"applicationmanagehandovers-display-component---AddNewHO--smartFilterBar-btnBasicSearch"}]}
RESULT: {"script":"<script> [1562 bytes]","args":[{"selector":{"id":"application-managehandovers-display-component---AddNewHO--smartFilterBar-btnBasicSearch","searchOpenDialogs":true,"interaction":{"idSuffix":"I"}},"wdio_ui5_key":"applicationmanagehandovers-display-component---AddNewHO--smartFilterBar-btnBasicSearch"}]}
RESULT: undefined
COMMAND: POST /session/cd4e213f90090bc7497a341d701e98a6/execute/async - {"script":"<script> [776 bytes]","args":[{"enterText":"200398","selector":{"id":"application-managehandovers-display-component---AddNewHO--smartFilterBar-btnBasicSearch","searchOpenDialogs":true,"interaction":{"idSuffix":"I"}},"clearTextFirst":true,"interactionType":"ENTER_TEXT"}]}
RESULT: {"script":"<script> [776 bytes]","args":[{"enterText":"200398","selector":{"id":"application-managehandovers-display-component---AddNewHO--smartFilterBar-btnBasicSearch","searchOpenDialogs":true,"interaction":{"idSuffix":"I"}},"clearTextFirst":true,"interactionType":"ENTER_TEXT"}]}
COMMAND: POST /session/cd4e213f90090bc7497a341d701e98a6/actions - {"actions":[{"id":"action27","type":"key","parameters":{},"actions":[{"type":"keyDown","value":""},{"type":"pause","duration":10},{"type":"keyUp","value":""}]}]}
RESULT: {"actions":[{"id":"action27","type":"key","parameters":{},"actions":[{"type":"keyDown","value":""},{"type":"pause","duration":10},{"type":"keyUp","value":""}]}]}
COMMAND: GET /session/cd4e213f90090bc7497a341d701e98a6/screenshot - {}
RESULT: {}
COMMAND: POST /session/cd4e213f90090bc7497a341d701e98a6/execute/async - {"script":"<script> [1562 bytes]","args":[{"selector":{"id":"application-managehandovers-display-component---AddNewHO--popup-sa","searchOpenDialogs":true,"interaction":{"idSuffix":"CbBg"}},"wdio_ui5_key":"applicationmanagehandovers-display-component---AddNewHO--popup-sa"}]}
RESULT: {"script":"<script> [1562 bytes]","args":[{"selector":{"id":"application-managehandovers-display-component---AddNewHO--popup-sa","searchOpenDialogs":true,"interaction":{"idSuffix":"CbBg"}},"wdio_ui5_key":"applicationmanagehandovers-display-component---AddNewHO--popup-sa"}]}
RESULT: undefined
COMMAND: POST /session/cd4e213f90090bc7497a341d701e98a6/element - {"using":"xpath","value":"//*[@id=\"application-managehandovers-display-component---AddNewHO--popup-sa\"]"}
RESULT: {"using":"xpath","value":"//*[@id=\"application-managehandovers-display-component---AddNewHO--popup-sa\"]"}
COMMAND: POST /session/cd4e213f90090bc7497a341d701e98a6/element/f.3EFE59E47BCAC700A535F57DF4769BD4.d.FF8D5E3B69C5352738650AEE3CA4E74D.e.6755/click - {}
RESULT: {}
COMMAND: GET /session/cd4e213f90090bc7497a341d701e98a6/screenshot - {}
RESULT: {}
COMMAND: POST /session/cd4e213f90090bc7497a341d701e98a6/element - {"using":"xpath","value":"//bdi[contains(text(), \"Select\")]"}
RESULT: {"using":"xpath","value":"//bdi[contains(text(), \"Select\")]"}
COMMAND: POST /session/cd4e213f90090bc7497a341d701e98a6/element/f.3EFE59E47BCAC700A535F57DF4769BD4.d.FF8D5E3B69C5352738650AEE3CA4E74D.e.6756/click - {}
RESULT: {}
COMMAND: GET /session/cd4e213f90090bc7497a341d701e98a6/screenshot - {}
RESULT: {}
COMMAND: POST /session/cd4e213f90090bc7497a341d701e98a6/element - {"using":"xpath","value":"//button[@data-kt=\"AddNewHOSaveButton\"]"}
RESULT: {"using":"xpath","value":"//button[@data-kt=\"AddNewHOSaveButton\"]"}
COMMAND: POST /session/cd4e213f90090bc7497a341d701e98a6/element/f.3EFE59E47BCAC700A535F57DF4769BD4.d.FF8D5E3B69C5352738650AEE3CA4E74D.e.6760/click - {}
RESULT: {}
COMMAND: GET /session/cd4e213f90090bc7497a341d701e98a6/screenshot - {}
RESULT: {}
COMMAND: POST /session/cd4e213f90090bc7497a341d701e98a6/execute/async - {"script":"<script> [1562 bytes]","args":[{"selector":{"id":"receiptDatePicker","viewName":"etm.portal.ui.managehandovers.view.DetailExecuteHO","interaction":{"idSuffix":"inner"}},"wdio_ui5_key":"receiptDatePickeretmportal.ui.managehandovers.view.DetailExecuteHO"}]}
RESULT: {"script":"<script> [1562 bytes]","args":[{"selector":{"id":"receiptDatePicker","viewName":"etm.portal.ui.managehandovers.view.DetailExecuteHO","interaction":{"idSuffix":"inner"}},"wdio_ui5_key":"receiptDatePickeretmportal.ui.managehandovers.view.DetailExecuteHO"}]}
RESULT: undefined
COMMAND: GET /session/cd4e213f90090bc7497a341d701e98a6/screenshot - {}
RESULT: {}
]]></system-out>
      <system-err><![CDATA[
TypeError: receiptDate.setValue is not a function
    at UtilsPrerequisites.stockIncrease (D:\a\1\s\test\specs\BTS\prerequisites-and-utils-functions.js:1664:27)
    at async Context.<anonymous> (D:\a\1\s\test\specs\HTR\provide-to-site-w-warehouse-wo-clarification.spec.js:70:9)
]]></system-err>
    </testcase>
    <testcase classname="chrome.136_0_7103_93.windows.Provide_to_Site_w/_warehouse_management_wo_clarification" name="Should create a new contract" time="61.557">
      <failure/>
      <error message="element (&quot;//button[@data-kt=&quot;addButton&quot;]&quot;) still not existing after 45000ms"/>
      <system-out><![CDATA[
COMMAND: POST /session/cd4e213f90090bc7497a341d701e98a6/execute/async - {"script":"<script> [1562 bytes]","args":[{"selector":{"controlType":"sap.m.GenericTile","properties":{"header":"Manage Contracts"}},"wdio_ui5_key":"sapm.GenericTile{\"header\":\"Manage Contracts\"}"}]}
COMMAND: GET /session/cd4e213f90090bc7497a341d701e98a6/screenshot - {}
RESULT: {"script":"<script> [1562 bytes]","args":[{"selector":{"controlType":"sap.m.GenericTile","properties":{"header":"Manage Contracts"}},"wdio_ui5_key":"sapm.GenericTile{\"header\":\"Manage Contracts\"}"}]}
RESULT: undefined
RESULT: {}
COMMAND: POST /session/cd4e213f90090bc7497a341d701e98a6/elements - {"using":"xpath","value":"//span[text()='Error']"}
RESULT: {"using":"xpath","value":"//span[text()='Error']"}
COMMAND: POST /session/cd4e213f90090bc7497a341d701e98a6/elements - {"using":"xpath","value":"//*[text()='Close']"}
RESULT: {"using":"xpath","value":"//*[text()='Close']"}
COMMAND: GET /session/cd4e213f90090bc7497a341d701e98a6/element/f.3EFE59E47BCAC700A535F57DF4769BD4.d.FF8D5E3B69C5352738650AEE3CA4E74D.e.6764/enabled - {}
RESULT: {}
COMMAND: POST /session/cd4e213f90090bc7497a341d701e98a6/execute/sync - {"script":"<script> [8489 bytes]","args":[{"element-6066-11e4-a52e-4f735466cecf":"f.3EFE59E47BCAC700A535F57DF4769BD4.d.FF8D5E3B69C5352738650AEE3CA4E74D.e.6764","ELEMENT":"f.3EFE59E47BCAC700A535F57DF4769BD4.d.FF8D5E3B69C5352738650AEE3CA4E74D.e.6764"}]}
COMMAND: GET /session/cd4e213f90090bc7497a341d701e98a6/screenshot - {}
RESULT: {"script":"<script> [8489 bytes]","args":[{"element-6066-11e4-a52e-4f735466cecf":"f.3EFE59E47BCAC700A535F57DF4769BD4.d.FF8D5E3B69C5352738650AEE3CA4E74D.e.6764","ELEMENT":"f.3EFE59E47BCAC700A535F57DF4769BD4.d.FF8D5E3B69C5352738650AEE3CA4E74D.e.6764"}]}
COMMAND: POST /session/cd4e213f90090bc7497a341d701e98a6/execute/sync - {"script":"<script> [5351 bytes]","args":[{"element-6066-11e4-a52e-4f735466cecf":"f.3EFE59E47BCAC700A535F57DF4769BD4.d.FF8D5E3B69C5352738650AEE3CA4E74D.e.6764","ELEMENT":"f.3EFE59E47BCAC700A535F57DF4769BD4.d.FF8D5E3B69C5352738650AEE3CA4E74D.e.6764"}]}
COMMAND: GET /session/cd4e213f90090bc7497a341d701e98a6/screenshot - {}
RESULT: {}
RESULT: {"script":"<script> [5351 bytes]","args":[{"element-6066-11e4-a52e-4f735466cecf":"f.3EFE59E47BCAC700A535F57DF4769BD4.d.FF8D5E3B69C5352738650AEE3CA4E74D.e.6764","ELEMENT":"f.3EFE59E47BCAC700A535F57DF4769BD4.d.FF8D5E3B69C5352738650AEE3CA4E74D.e.6764"}]}
COMMAND: POST /session/cd4e213f90090bc7497a341d701e98a6/element/f.3EFE59E47BCAC700A535F57DF4769BD4.d.FF8D5E3B69C5352738650AEE3CA4E74D.e.6764/click - {}
COMMAND: GET /session/cd4e213f90090bc7497a341d701e98a6/screenshot - {}
RESULT: {}
RESULT: {}
COMMAND: POST /session/cd4e213f90090bc7497a341d701e98a6/elements - {"using":"xpath","value":"//*[text()='OK']"}
COMMAND: GET /session/cd4e213f90090bc7497a341d701e98a6/screenshot - {}
RESULT: {}
RESULT: {"using":"xpath","value":"//*[text()='OK']"}
RESULT: {}
COMMAND: POST /session/cd4e213f90090bc7497a341d701e98a6/element - {"using":"xpath","value":"//button[@data-kt=\"addButton\"]"}
RESULT: {"using":"xpath","value":"//button[@data-kt=\"addButton\"]"}
COMMAND: POST /session/cd4e213f90090bc7497a341d701e98a6/elements - {"using":"xpath","value":"//button[@data-kt=\"addButton\"]"}
RESULT: {"using":"xpath","value":"//button[@data-kt=\"addButton\"]"}
COMMAND: POST /session/cd4e213f90090bc7497a341d701e98a6/elements - {"using":"xpath","value":"//button[@data-kt=\"addButton\"]"}
RESULT: {"using":"xpath","value":"//button[@data-kt=\"addButton\"]"}
COMMAND: POST /session/cd4e213f90090bc7497a341d701e98a6/elements - {"using":"xpath","value":"//button[@data-kt=\"addButton\"]"}
RESULT: {"using":"xpath","value":"//button[@data-kt=\"addButton\"]"}
COMMAND: POST /session/cd4e213f90090bc7497a341d701e98a6/elements - {"using":"xpath","value":"//button[@data-kt=\"addButton\"]"}
RESULT: {"using":"xpath","value":"//button[@data-kt=\"addButton\"]"}
COMMAND: POST /session/cd4e213f90090bc7497a341d701e98a6/elements - {"using":"xpath","value":"//button[@data-kt=\"addButton\"]"}
RESULT: {"using":"xpath","value":"//button[@data-kt=\"addButton\"]"}
COMMAND: POST /session/cd4e213f90090bc7497a341d701e98a6/elements - {"using":"xpath","value":"//button[@data-kt=\"addButton\"]"}
RESULT: {"using":"xpath","value":"//button[@data-kt=\"addButton\"]"}
COMMAND: POST /session/cd4e213f90090bc7497a341d701e98a6/elements - {"using":"xpath","value":"//button[@data-kt=\"addButton\"]"}
RESULT: {"using":"xpath","value":"//button[@data-kt=\"addButton\"]"}
COMMAND: POST /session/cd4e213f90090bc7497a341d701e98a6/elements - {"using":"xpath","value":"//button[@data-kt=\"addButton\"]"}
RESULT: {"using":"xpath","value":"//button[@data-kt=\"addButton\"]"}
COMMAND: POST /session/cd4e213f90090bc7497a341d701e98a6/elements - {"using":"xpath","value":"//button[@data-kt=\"addButton\"]"}
RESULT: {"using":"xpath","value":"//button[@data-kt=\"addButton\"]"}
COMMAND: POST /session/cd4e213f90090bc7497a341d701e98a6/elements - {"using":"xpath","value":"//button[@data-kt=\"addButton\"]"}
RESULT: {"using":"xpath","value":"//button[@data-kt=\"addButton\"]"}
COMMAND: POST /session/cd4e213f90090bc7497a341d701e98a6/elements - {"using":"xpath","value":"//button[@data-kt=\"addButton\"]"}
RESULT: {"using":"xpath","value":"//button[@data-kt=\"addButton\"]"}
COMMAND: POST /session/cd4e213f90090bc7497a341d701e98a6/elements - {"using":"xpath","value":"//button[@data-kt=\"addButton\"]"}
RESULT: {"using":"xpath","value":"//button[@data-kt=\"addButton\"]"}
COMMAND: POST /session/cd4e213f90090bc7497a341d701e98a6/elements - {"using":"xpath","value":"//button[@data-kt=\"addButton\"]"}
RESULT: {"using":"xpath","value":"//button[@data-kt=\"addButton\"]"}
COMMAND: POST /session/cd4e213f90090bc7497a341d701e98a6/elements - {"using":"xpath","value":"//button[@data-kt=\"addButton\"]"}
RESULT: {"using":"xpath","value":"//button[@data-kt=\"addButton\"]"}
COMMAND: POST /session/cd4e213f90090bc7497a341d701e98a6/elements - {"using":"xpath","value":"//button[@data-kt=\"addButton\"]"}
RESULT: {"using":"xpath","value":"//button[@data-kt=\"addButton\"]"}
COMMAND: POST /session/cd4e213f90090bc7497a341d701e98a6/elements - {"using":"xpath","value":"//button[@data-kt=\"addButton\"]"}
RESULT: {"using":"xpath","value":"//button[@data-kt=\"addButton\"]"}
COMMAND: POST /session/cd4e213f90090bc7497a341d701e98a6/elements - {"using":"xpath","value":"//button[@data-kt=\"addButton\"]"}
RESULT: {"using":"xpath","value":"//button[@data-kt=\"addButton\"]"}
COMMAND: POST /session/cd4e213f90090bc7497a341d701e98a6/elements - {"using":"xpath","value":"//button[@data-kt=\"addButton\"]"}
RESULT: {"using":"xpath","value":"//button[@data-kt=\"addButton\"]"}
COMMAND: POST /session/cd4e213f90090bc7497a341d701e98a6/elements - {"using":"xpath","value":"//button[@data-kt=\"addButton\"]"}
RESULT: {"using":"xpath","value":"//button[@data-kt=\"addButton\"]"}
COMMAND: POST /session/cd4e213f90090bc7497a341d701e98a6/elements - {"using":"xpath","value":"//button[@data-kt=\"addButton\"]"}
RESULT: {"using":"xpath","value":"//button[@data-kt=\"addButton\"]"}
COMMAND: POST /session/cd4e213f90090bc7497a341d701e98a6/elements - {"using":"xpath","value":"//button[@data-kt=\"addButton\"]"}
RESULT: {"using":"xpath","value":"//button[@data-kt=\"addButton\"]"}
COMMAND: POST /session/cd4e213f90090bc7497a341d701e98a6/elements - {"using":"xpath","value":"//button[@data-kt=\"addButton\"]"}
RESULT: {"using":"xpath","value":"//button[@data-kt=\"addButton\"]"}
COMMAND: POST /session/cd4e213f90090bc7497a341d701e98a6/elements - {"using":"xpath","value":"//button[@data-kt=\"addButton\"]"}
RESULT: {"using":"xpath","value":"//button[@data-kt=\"addButton\"]"}
COMMAND: POST /session/cd4e213f90090bc7497a341d701e98a6/elements - {"using":"xpath","value":"//button[@data-kt=\"addButton\"]"}
RESULT: {"using":"xpath","value":"//button[@data-kt=\"addButton\"]"}
COMMAND: POST /session/cd4e213f90090bc7497a341d701e98a6/elements - {"using":"xpath","value":"//button[@data-kt=\"addButton\"]"}
RESULT: {"using":"xpath","value":"//button[@data-kt=\"addButton\"]"}
COMMAND: POST /session/cd4e213f90090bc7497a341d701e98a6/elements - {"using":"xpath","value":"//button[@data-kt=\"addButton\"]"}
RESULT: {"using":"xpath","value":"//button[@data-kt=\"addButton\"]"}
COMMAND: POST /session/cd4e213f90090bc7497a341d701e98a6/elements - {"using":"xpath","value":"//button[@data-kt=\"addButton\"]"}
RESULT: {"using":"xpath","value":"//button[@data-kt=\"addButton\"]"}
COMMAND: POST /session/cd4e213f90090bc7497a341d701e98a6/elements - {"using":"xpath","value":"//button[@data-kt=\"addButton\"]"}
RESULT: {"using":"xpath","value":"//button[@data-kt=\"addButton\"]"}
COMMAND: POST /session/cd4e213f90090bc7497a341d701e98a6/elements - {"using":"xpath","value":"//button[@data-kt=\"addButton\"]"}
RESULT: {"using":"xpath","value":"//button[@data-kt=\"addButton\"]"}
COMMAND: POST /session/cd4e213f90090bc7497a341d701e98a6/elements - {"using":"xpath","value":"//button[@data-kt=\"addButton\"]"}
RESULT: {"using":"xpath","value":"//button[@data-kt=\"addButton\"]"}
COMMAND: POST /session/cd4e213f90090bc7497a341d701e98a6/elements - {"using":"xpath","value":"//button[@data-kt=\"addButton\"]"}
RESULT: {"using":"xpath","value":"//button[@data-kt=\"addButton\"]"}
COMMAND: POST /session/cd4e213f90090bc7497a341d701e98a6/elements - {"using":"xpath","value":"//button[@data-kt=\"addButton\"]"}
RESULT: {"using":"xpath","value":"//button[@data-kt=\"addButton\"]"}
COMMAND: POST /session/cd4e213f90090bc7497a341d701e98a6/elements - {"using":"xpath","value":"//button[@data-kt=\"addButton\"]"}
RESULT: {"using":"xpath","value":"//button[@data-kt=\"addButton\"]"}
COMMAND: POST /session/cd4e213f90090bc7497a341d701e98a6/elements - {"using":"xpath","value":"//button[@data-kt=\"addButton\"]"}
RESULT: {"using":"xpath","value":"//button[@data-kt=\"addButton\"]"}
COMMAND: POST /session/cd4e213f90090bc7497a341d701e98a6/elements - {"using":"xpath","value":"//button[@data-kt=\"addButton\"]"}
RESULT: {"using":"xpath","value":"//button[@data-kt=\"addButton\"]"}
COMMAND: POST /session/cd4e213f90090bc7497a341d701e98a6/elements - {"using":"xpath","value":"//button[@data-kt=\"addButton\"]"}
RESULT: {"using":"xpath","value":"//button[@data-kt=\"addButton\"]"}
COMMAND: POST /session/cd4e213f90090bc7497a341d701e98a6/elements - {"using":"xpath","value":"//button[@data-kt=\"addButton\"]"}
RESULT: {"using":"xpath","value":"//button[@data-kt=\"addButton\"]"}
COMMAND: POST /session/cd4e213f90090bc7497a341d701e98a6/elements - {"using":"xpath","value":"//button[@data-kt=\"addButton\"]"}
RESULT: {"using":"xpath","value":"//button[@data-kt=\"addButton\"]"}
COMMAND: POST /session/cd4e213f90090bc7497a341d701e98a6/elements - {"using":"xpath","value":"//button[@data-kt=\"addButton\"]"}
RESULT: {"using":"xpath","value":"//button[@data-kt=\"addButton\"]"}
COMMAND: POST /session/cd4e213f90090bc7497a341d701e98a6/elements - {"using":"xpath","value":"//button[@data-kt=\"addButton\"]"}
RESULT: {"using":"xpath","value":"//button[@data-kt=\"addButton\"]"}
COMMAND: POST /session/cd4e213f90090bc7497a341d701e98a6/elements - {"using":"xpath","value":"//button[@data-kt=\"addButton\"]"}
RESULT: {"using":"xpath","value":"//button[@data-kt=\"addButton\"]"}
COMMAND: POST /session/cd4e213f90090bc7497a341d701e98a6/elements - {"using":"xpath","value":"//button[@data-kt=\"addButton\"]"}
RESULT: {"using":"xpath","value":"//button[@data-kt=\"addButton\"]"}
COMMAND: POST /session/cd4e213f90090bc7497a341d701e98a6/elements - {"using":"xpath","value":"//button[@data-kt=\"addButton\"]"}
RESULT: {"using":"xpath","value":"//button[@data-kt=\"addButton\"]"}
COMMAND: POST /session/cd4e213f90090bc7497a341d701e98a6/elements - {"using":"xpath","value":"//button[@data-kt=\"addButton\"]"}
RESULT: {"using":"xpath","value":"//button[@data-kt=\"addButton\"]"}
COMMAND: POST /session/cd4e213f90090bc7497a341d701e98a6/elements - {"using":"xpath","value":"//button[@data-kt=\"addButton\"]"}
RESULT: {"using":"xpath","value":"//button[@data-kt=\"addButton\"]"}
COMMAND: POST /session/cd4e213f90090bc7497a341d701e98a6/elements - {"using":"xpath","value":"//button[@data-kt=\"addButton\"]"}
RESULT: {"using":"xpath","value":"//button[@data-kt=\"addButton\"]"}
COMMAND: POST /session/cd4e213f90090bc7497a341d701e98a6/elements - {"using":"xpath","value":"//button[@data-kt=\"addButton\"]"}
RESULT: {"using":"xpath","value":"//button[@data-kt=\"addButton\"]"}
COMMAND: POST /session/cd4e213f90090bc7497a341d701e98a6/elements - {"using":"xpath","value":"//button[@data-kt=\"addButton\"]"}
RESULT: {"using":"xpath","value":"//button[@data-kt=\"addButton\"]"}
COMMAND: POST /session/cd4e213f90090bc7497a341d701e98a6/elements - {"using":"xpath","value":"//button[@data-kt=\"addButton\"]"}
RESULT: {"using":"xpath","value":"//button[@data-kt=\"addButton\"]"}
COMMAND: POST /session/cd4e213f90090bc7497a341d701e98a6/elements - {"using":"xpath","value":"//button[@data-kt=\"addButton\"]"}
RESULT: {"using":"xpath","value":"//button[@data-kt=\"addButton\"]"}
COMMAND: POST /session/cd4e213f90090bc7497a341d701e98a6/elements - {"using":"xpath","value":"//button[@data-kt=\"addButton\"]"}
RESULT: {"using":"xpath","value":"//button[@data-kt=\"addButton\"]"}
COMMAND: POST /session/cd4e213f90090bc7497a341d701e98a6/elements - {"using":"xpath","value":"//button[@data-kt=\"addButton\"]"}
RESULT: {"using":"xpath","value":"//button[@data-kt=\"addButton\"]"}
COMMAND: POST /session/cd4e213f90090bc7497a341d701e98a6/elements - {"using":"xpath","value":"//button[@data-kt=\"addButton\"]"}
RESULT: {"using":"xpath","value":"//button[@data-kt=\"addButton\"]"}
COMMAND: POST /session/cd4e213f90090bc7497a341d701e98a6/elements - {"using":"xpath","value":"//button[@data-kt=\"addButton\"]"}
RESULT: {"using":"xpath","value":"//button[@data-kt=\"addButton\"]"}
COMMAND: POST /session/cd4e213f90090bc7497a341d701e98a6/elements - {"using":"xpath","value":"//button[@data-kt=\"addButton\"]"}
RESULT: {"using":"xpath","value":"//button[@data-kt=\"addButton\"]"}
COMMAND: POST /session/cd4e213f90090bc7497a341d701e98a6/elements - {"using":"xpath","value":"//button[@data-kt=\"addButton\"]"}
RESULT: {"using":"xpath","value":"//button[@data-kt=\"addButton\"]"}
COMMAND: POST /session/cd4e213f90090bc7497a341d701e98a6/elements - {"using":"xpath","value":"//button[@data-kt=\"addButton\"]"}
RESULT: {"using":"xpath","value":"//button[@data-kt=\"addButton\"]"}
COMMAND: POST /session/cd4e213f90090bc7497a341d701e98a6/elements - {"using":"xpath","value":"//button[@data-kt=\"addButton\"]"}
RESULT: {"using":"xpath","value":"//button[@data-kt=\"addButton\"]"}
COMMAND: POST /session/cd4e213f90090bc7497a341d701e98a6/elements - {"using":"xpath","value":"//button[@data-kt=\"addButton\"]"}
RESULT: {"using":"xpath","value":"//button[@data-kt=\"addButton\"]"}
COMMAND: POST /session/cd4e213f90090bc7497a341d701e98a6/elements - {"using":"xpath","value":"//button[@data-kt=\"addButton\"]"}
RESULT: {"using":"xpath","value":"//button[@data-kt=\"addButton\"]"}
COMMAND: POST /session/cd4e213f90090bc7497a341d701e98a6/elements - {"using":"xpath","value":"//button[@data-kt=\"addButton\"]"}
RESULT: {"using":"xpath","value":"//button[@data-kt=\"addButton\"]"}
COMMAND: POST /session/cd4e213f90090bc7497a341d701e98a6/elements - {"using":"xpath","value":"//button[@data-kt=\"addButton\"]"}
RESULT: {"using":"xpath","value":"//button[@data-kt=\"addButton\"]"}
COMMAND: POST /session/cd4e213f90090bc7497a341d701e98a6/elements - {"using":"xpath","value":"//button[@data-kt=\"addButton\"]"}
RESULT: {"using":"xpath","value":"//button[@data-kt=\"addButton\"]"}
COMMAND: POST /session/cd4e213f90090bc7497a341d701e98a6/elements - {"using":"xpath","value":"//button[@data-kt=\"addButton\"]"}
RESULT: {"using":"xpath","value":"//button[@data-kt=\"addButton\"]"}
COMMAND: POST /session/cd4e213f90090bc7497a341d701e98a6/elements - {"using":"xpath","value":"//button[@data-kt=\"addButton\"]"}
RESULT: {"using":"xpath","value":"//button[@data-kt=\"addButton\"]"}
COMMAND: POST /session/cd4e213f90090bc7497a341d701e98a6/elements - {"using":"xpath","value":"//button[@data-kt=\"addButton\"]"}
RESULT: {"using":"xpath","value":"//button[@data-kt=\"addButton\"]"}
COMMAND: POST /session/cd4e213f90090bc7497a341d701e98a6/elements - {"using":"xpath","value":"//button[@data-kt=\"addButton\"]"}
RESULT: {"using":"xpath","value":"//button[@data-kt=\"addButton\"]"}
COMMAND: POST /session/cd4e213f90090bc7497a341d701e98a6/elements - {"using":"xpath","value":"//button[@data-kt=\"addButton\"]"}
RESULT: {"using":"xpath","value":"//button[@data-kt=\"addButton\"]"}
COMMAND: POST /session/cd4e213f90090bc7497a341d701e98a6/elements - {"using":"xpath","value":"//button[@data-kt=\"addButton\"]"}
RESULT: {"using":"xpath","value":"//button[@data-kt=\"addButton\"]"}
COMMAND: POST /session/cd4e213f90090bc7497a341d701e98a6/elements - {"using":"xpath","value":"//button[@data-kt=\"addButton\"]"}
RESULT: {"using":"xpath","value":"//button[@data-kt=\"addButton\"]"}
COMMAND: POST /session/cd4e213f90090bc7497a341d701e98a6/elements - {"using":"xpath","value":"//button[@data-kt=\"addButton\"]"}
RESULT: {"using":"xpath","value":"//button[@data-kt=\"addButton\"]"}
COMMAND: POST /session/cd4e213f90090bc7497a341d701e98a6/elements - {"using":"xpath","value":"//button[@data-kt=\"addButton\"]"}
RESULT: {"using":"xpath","value":"//button[@data-kt=\"addButton\"]"}
COMMAND: POST /session/cd4e213f90090bc7497a341d701e98a6/elements - {"using":"xpath","value":"//button[@data-kt=\"addButton\"]"}
RESULT: {"using":"xpath","value":"//button[@data-kt=\"addButton\"]"}
COMMAND: POST /session/cd4e213f90090bc7497a341d701e98a6/elements - {"using":"xpath","value":"//button[@data-kt=\"addButton\"]"}
RESULT: {"using":"xpath","value":"//button[@data-kt=\"addButton\"]"}
COMMAND: POST /session/cd4e213f90090bc7497a341d701e98a6/elements - {"using":"xpath","value":"//button[@data-kt=\"addButton\"]"}
RESULT: {"using":"xpath","value":"//button[@data-kt=\"addButton\"]"}
COMMAND: POST /session/cd4e213f90090bc7497a341d701e98a6/elements - {"using":"xpath","value":"//button[@data-kt=\"addButton\"]"}
RESULT: {"using":"xpath","value":"//button[@data-kt=\"addButton\"]"}
COMMAND: POST /session/cd4e213f90090bc7497a341d701e98a6/elements - {"using":"xpath","value":"//button[@data-kt=\"addButton\"]"}
RESULT: {"using":"xpath","value":"//button[@data-kt=\"addButton\"]"}
COMMAND: POST /session/cd4e213f90090bc7497a341d701e98a6/elements - {"using":"xpath","value":"//button[@data-kt=\"addButton\"]"}
RESULT: {"using":"xpath","value":"//button[@data-kt=\"addButton\"]"}
COMMAND: POST /session/cd4e213f90090bc7497a341d701e98a6/elements - {"using":"xpath","value":"//button[@data-kt=\"addButton\"]"}
RESULT: {"using":"xpath","value":"//button[@data-kt=\"addButton\"]"}
COMMAND: POST /session/cd4e213f90090bc7497a341d701e98a6/elements - {"using":"xpath","value":"//button[@data-kt=\"addButton\"]"}
RESULT: {"using":"xpath","value":"//button[@data-kt=\"addButton\"]"}
COMMAND: POST /session/cd4e213f90090bc7497a341d701e98a6/elements - {"using":"xpath","value":"//button[@data-kt=\"addButton\"]"}
RESULT: {"using":"xpath","value":"//button[@data-kt=\"addButton\"]"}
COMMAND: POST /session/cd4e213f90090bc7497a341d701e98a6/elements - {"using":"xpath","value":"//button[@data-kt=\"addButton\"]"}
RESULT: {"using":"xpath","value":"//button[@data-kt=\"addButton\"]"}
COMMAND: POST /session/cd4e213f90090bc7497a341d701e98a6/elements - {"using":"xpath","value":"//button[@data-kt=\"addButton\"]"}
RESULT: {"using":"xpath","value":"//button[@data-kt=\"addButton\"]"}
COMMAND: POST /session/cd4e213f90090bc7497a341d701e98a6/elements - {"using":"xpath","value":"//button[@data-kt=\"addButton\"]"}
RESULT: {"using":"xpath","value":"//button[@data-kt=\"addButton\"]"}
COMMAND: POST /session/cd4e213f90090bc7497a341d701e98a6/elements - {"using":"xpath","value":"//button[@data-kt=\"addButton\"]"}
RESULT: {"using":"xpath","value":"//button[@data-kt=\"addButton\"]"}
COMMAND: POST /session/cd4e213f90090bc7497a341d701e98a6/elements - {"using":"xpath","value":"//button[@data-kt=\"addButton\"]"}
RESULT: {"using":"xpath","value":"//button[@data-kt=\"addButton\"]"}
COMMAND: POST /session/cd4e213f90090bc7497a341d701e98a6/elements - {"using":"xpath","value":"//button[@data-kt=\"addButton\"]"}
RESULT: {"using":"xpath","value":"//button[@data-kt=\"addButton\"]"}
COMMAND: POST /session/cd4e213f90090bc7497a341d701e98a6/elements - {"using":"xpath","value":"//button[@data-kt=\"addButton\"]"}
RESULT: {"using":"xpath","value":"//button[@data-kt=\"addButton\"]"}
COMMAND: POST /session/cd4e213f90090bc7497a341d701e98a6/elements - {"using":"xpath","value":"//button[@data-kt=\"addButton\"]"}
RESULT: {"using":"xpath","value":"//button[@data-kt=\"addButton\"]"}
COMMAND: POST /session/cd4e213f90090bc7497a341d701e98a6/elements - {"using":"xpath","value":"//button[@data-kt=\"addButton\"]"}
RESULT: {"using":"xpath","value":"//button[@data-kt=\"addButton\"]"}
COMMAND: GET /session/cd4e213f90090bc7497a341d701e98a6/screenshot - {}
RESULT: {}
]]></system-out>
      <system-err><![CDATA[
Error: element ("//button[@data-kt="addButton"]") still not existing after 45000ms
    at async UtilsPrerequisites.contractCreation (D:\a\1\s\test\specs\BTS\prerequisites-and-utils-functions.js:1711:9)
    at async Context.<anonymous> (D:\a\1\s\test\specs\HTR\provide-to-site-w-warehouse-wo-clarification.spec.js:74:49)
]]></system-err>
    </testcase>
    <testcase classname="chrome.136_0_7103_93.windows.Provide_to_Site_w/_warehouse_management_wo_clarification" name="Should add equipment to the contract" time="60.365">
      <failure/>
      <error message="Can't call click on element with selector &quot;//button[@data-kt=&quot;contractDetailEditBtnButton&quot;]&quot; because element wasn't found"/>
      <system-out><![CDATA[
COMMAND: POST /session/cd4e213f90090bc7497a341d701e98a6/element - {"using":"xpath","value":"//button[@data-kt=\"contractDetailEditBtnButton\"]"}
COMMAND: GET /session/cd4e213f90090bc7497a341d701e98a6/screenshot - {}
RESULT: {"using":"xpath","value":"//button[@data-kt=\"contractDetailEditBtnButton\"]"}
COMMAND: POST /session/cd4e213f90090bc7497a341d701e98a6/elements - {"using":"xpath","value":"//button[@data-kt=\"contractDetailEditBtnButton\"]"}
RESULT: {}
RESULT: {"using":"xpath","value":"//button[@data-kt=\"contractDetailEditBtnButton\"]"}
COMMAND: POST /session/cd4e213f90090bc7497a341d701e98a6/elements - {"using":"xpath","value":"//button[@data-kt=\"contractDetailEditBtnButton\"]"}
RESULT: {"using":"xpath","value":"//button[@data-kt=\"contractDetailEditBtnButton\"]"}
COMMAND: POST /session/cd4e213f90090bc7497a341d701e98a6/elements - {"using":"xpath","value":"//button[@data-kt=\"contractDetailEditBtnButton\"]"}
RESULT: {"using":"xpath","value":"//button[@data-kt=\"contractDetailEditBtnButton\"]"}
COMMAND: POST /session/cd4e213f90090bc7497a341d701e98a6/elements - {"using":"xpath","value":"//button[@data-kt=\"contractDetailEditBtnButton\"]"}
RESULT: {"using":"xpath","value":"//button[@data-kt=\"contractDetailEditBtnButton\"]"}
COMMAND: POST /session/cd4e213f90090bc7497a341d701e98a6/elements - {"using":"xpath","value":"//button[@data-kt=\"contractDetailEditBtnButton\"]"}
RESULT: {"using":"xpath","value":"//button[@data-kt=\"contractDetailEditBtnButton\"]"}
COMMAND: POST /session/cd4e213f90090bc7497a341d701e98a6/elements - {"using":"xpath","value":"//button[@data-kt=\"contractDetailEditBtnButton\"]"}
RESULT: {"using":"xpath","value":"//button[@data-kt=\"contractDetailEditBtnButton\"]"}
COMMAND: POST /session/cd4e213f90090bc7497a341d701e98a6/elements - {"using":"xpath","value":"//button[@data-kt=\"contractDetailEditBtnButton\"]"}
RESULT: {"using":"xpath","value":"//button[@data-kt=\"contractDetailEditBtnButton\"]"}
COMMAND: POST /session/cd4e213f90090bc7497a341d701e98a6/elements - {"using":"xpath","value":"//button[@data-kt=\"contractDetailEditBtnButton\"]"}
RESULT: {"using":"xpath","value":"//button[@data-kt=\"contractDetailEditBtnButton\"]"}
COMMAND: POST /session/cd4e213f90090bc7497a341d701e98a6/elements - {"using":"xpath","value":"//button[@data-kt=\"contractDetailEditBtnButton\"]"}
RESULT: {"using":"xpath","value":"//button[@data-kt=\"contractDetailEditBtnButton\"]"}
COMMAND: POST /session/cd4e213f90090bc7497a341d701e98a6/elements - {"using":"xpath","value":"//button[@data-kt=\"contractDetailEditBtnButton\"]"}
RESULT: {"using":"xpath","value":"//button[@data-kt=\"contractDetailEditBtnButton\"]"}
COMMAND: POST /session/cd4e213f90090bc7497a341d701e98a6/elements - {"using":"xpath","value":"//button[@data-kt=\"contractDetailEditBtnButton\"]"}
RESULT: {"using":"xpath","value":"//button[@data-kt=\"contractDetailEditBtnButton\"]"}
COMMAND: POST /session/cd4e213f90090bc7497a341d701e98a6/elements - {"using":"xpath","value":"//button[@data-kt=\"contractDetailEditBtnButton\"]"}
RESULT: {"using":"xpath","value":"//button[@data-kt=\"contractDetailEditBtnButton\"]"}
COMMAND: POST /session/cd4e213f90090bc7497a341d701e98a6/elements - {"using":"xpath","value":"//button[@data-kt=\"contractDetailEditBtnButton\"]"}
RESULT: {"using":"xpath","value":"//button[@data-kt=\"contractDetailEditBtnButton\"]"}
COMMAND: POST /session/cd4e213f90090bc7497a341d701e98a6/elements - {"using":"xpath","value":"//button[@data-kt=\"contractDetailEditBtnButton\"]"}
RESULT: {"using":"xpath","value":"//button[@data-kt=\"contractDetailEditBtnButton\"]"}
COMMAND: POST /session/cd4e213f90090bc7497a341d701e98a6/elements - {"using":"xpath","value":"//button[@data-kt=\"contractDetailEditBtnButton\"]"}
RESULT: {"using":"xpath","value":"//button[@data-kt=\"contractDetailEditBtnButton\"]"}
COMMAND: POST /session/cd4e213f90090bc7497a341d701e98a6/elements - {"using":"xpath","value":"//button[@data-kt=\"contractDetailEditBtnButton\"]"}
RESULT: {"using":"xpath","value":"//button[@data-kt=\"contractDetailEditBtnButton\"]"}
COMMAND: POST /session/cd4e213f90090bc7497a341d701e98a6/elements - {"using":"xpath","value":"//button[@data-kt=\"contractDetailEditBtnButton\"]"}
RESULT: {"using":"xpath","value":"//button[@data-kt=\"contractDetailEditBtnButton\"]"}
COMMAND: POST /session/cd4e213f90090bc7497a341d701e98a6/elements - {"using":"xpath","value":"//button[@data-kt=\"contractDetailEditBtnButton\"]"}
RESULT: {"using":"xpath","value":"//button[@data-kt=\"contractDetailEditBtnButton\"]"}
COMMAND: POST /session/cd4e213f90090bc7497a341d701e98a6/elements - {"using":"xpath","value":"//button[@data-kt=\"contractDetailEditBtnButton\"]"}
RESULT: {"using":"xpath","value":"//button[@data-kt=\"contractDetailEditBtnButton\"]"}
COMMAND: POST /session/cd4e213f90090bc7497a341d701e98a6/elements - {"using":"xpath","value":"//button[@data-kt=\"contractDetailEditBtnButton\"]"}
RESULT: {"using":"xpath","value":"//button[@data-kt=\"contractDetailEditBtnButton\"]"}
COMMAND: POST /session/cd4e213f90090bc7497a341d701e98a6/elements - {"using":"xpath","value":"//button[@data-kt=\"contractDetailEditBtnButton\"]"}
RESULT: {"using":"xpath","value":"//button[@data-kt=\"contractDetailEditBtnButton\"]"}
COMMAND: POST /session/cd4e213f90090bc7497a341d701e98a6/elements - {"using":"xpath","value":"//button[@data-kt=\"contractDetailEditBtnButton\"]"}
RESULT: {"using":"xpath","value":"//button[@data-kt=\"contractDetailEditBtnButton\"]"}
COMMAND: POST /session/cd4e213f90090bc7497a341d701e98a6/elements - {"using":"xpath","value":"//button[@data-kt=\"contractDetailEditBtnButton\"]"}
RESULT: {"using":"xpath","value":"//button[@data-kt=\"contractDetailEditBtnButton\"]"}
COMMAND: POST /session/cd4e213f90090bc7497a341d701e98a6/elements - {"using":"xpath","value":"//button[@data-kt=\"contractDetailEditBtnButton\"]"}
RESULT: {"using":"xpath","value":"//button[@data-kt=\"contractDetailEditBtnButton\"]"}
COMMAND: POST /session/cd4e213f90090bc7497a341d701e98a6/elements - {"using":"xpath","value":"//button[@data-kt=\"contractDetailEditBtnButton\"]"}
RESULT: {"using":"xpath","value":"//button[@data-kt=\"contractDetailEditBtnButton\"]"}
COMMAND: POST /session/cd4e213f90090bc7497a341d701e98a6/elements - {"using":"xpath","value":"//button[@data-kt=\"contractDetailEditBtnButton\"]"}
RESULT: {"using":"xpath","value":"//button[@data-kt=\"contractDetailEditBtnButton\"]"}
COMMAND: POST /session/cd4e213f90090bc7497a341d701e98a6/elements - {"using":"xpath","value":"//button[@data-kt=\"contractDetailEditBtnButton\"]"}
RESULT: {"using":"xpath","value":"//button[@data-kt=\"contractDetailEditBtnButton\"]"}
COMMAND: POST /session/cd4e213f90090bc7497a341d701e98a6/elements - {"using":"xpath","value":"//button[@data-kt=\"contractDetailEditBtnButton\"]"}
RESULT: {"using":"xpath","value":"//button[@data-kt=\"contractDetailEditBtnButton\"]"}
COMMAND: POST /session/cd4e213f90090bc7497a341d701e98a6/elements - {"using":"xpath","value":"//button[@data-kt=\"contractDetailEditBtnButton\"]"}
RESULT: {"using":"xpath","value":"//button[@data-kt=\"contractDetailEditBtnButton\"]"}
COMMAND: POST /session/cd4e213f90090bc7497a341d701e98a6/elements - {"using":"xpath","value":"//button[@data-kt=\"contractDetailEditBtnButton\"]"}
RESULT: {"using":"xpath","value":"//button[@data-kt=\"contractDetailEditBtnButton\"]"}
COMMAND: POST /session/cd4e213f90090bc7497a341d701e98a6/elements - {"using":"xpath","value":"//button[@data-kt=\"contractDetailEditBtnButton\"]"}
RESULT: {"using":"xpath","value":"//button[@data-kt=\"contractDetailEditBtnButton\"]"}
COMMAND: POST /session/cd4e213f90090bc7497a341d701e98a6/elements - {"using":"xpath","value":"//button[@data-kt=\"contractDetailEditBtnButton\"]"}
RESULT: {"using":"xpath","value":"//button[@data-kt=\"contractDetailEditBtnButton\"]"}
COMMAND: POST /session/cd4e213f90090bc7497a341d701e98a6/elements - {"using":"xpath","value":"//button[@data-kt=\"contractDetailEditBtnButton\"]"}
RESULT: {"using":"xpath","value":"//button[@data-kt=\"contractDetailEditBtnButton\"]"}
COMMAND: POST /session/cd4e213f90090bc7497a341d701e98a6/elements - {"using":"xpath","value":"//button[@data-kt=\"contractDetailEditBtnButton\"]"}
RESULT: {"using":"xpath","value":"//button[@data-kt=\"contractDetailEditBtnButton\"]"}
COMMAND: POST /session/cd4e213f90090bc7497a341d701e98a6/elements - {"using":"xpath","value":"//button[@data-kt=\"contractDetailEditBtnButton\"]"}
RESULT: {"using":"xpath","value":"//button[@data-kt=\"contractDetailEditBtnButton\"]"}
COMMAND: POST /session/cd4e213f90090bc7497a341d701e98a6/elements - {"using":"xpath","value":"//button[@data-kt=\"contractDetailEditBtnButton\"]"}
RESULT: {"using":"xpath","value":"//button[@data-kt=\"contractDetailEditBtnButton\"]"}
COMMAND: POST /session/cd4e213f90090bc7497a341d701e98a6/elements - {"using":"xpath","value":"//button[@data-kt=\"contractDetailEditBtnButton\"]"}
RESULT: {"using":"xpath","value":"//button[@data-kt=\"contractDetailEditBtnButton\"]"}
COMMAND: POST /session/cd4e213f90090bc7497a341d701e98a6/elements - {"using":"xpath","value":"//button[@data-kt=\"contractDetailEditBtnButton\"]"}
RESULT: {"using":"xpath","value":"//button[@data-kt=\"contractDetailEditBtnButton\"]"}
COMMAND: POST /session/cd4e213f90090bc7497a341d701e98a6/elements - {"using":"xpath","value":"//button[@data-kt=\"contractDetailEditBtnButton\"]"}
RESULT: {"using":"xpath","value":"//button[@data-kt=\"contractDetailEditBtnButton\"]"}
COMMAND: POST /session/cd4e213f90090bc7497a341d701e98a6/elements - {"using":"xpath","value":"//button[@data-kt=\"contractDetailEditBtnButton\"]"}
RESULT: {"using":"xpath","value":"//button[@data-kt=\"contractDetailEditBtnButton\"]"}
COMMAND: POST /session/cd4e213f90090bc7497a341d701e98a6/elements - {"using":"xpath","value":"//button[@data-kt=\"contractDetailEditBtnButton\"]"}
RESULT: {"using":"xpath","value":"//button[@data-kt=\"contractDetailEditBtnButton\"]"}
COMMAND: POST /session/cd4e213f90090bc7497a341d701e98a6/elements - {"using":"xpath","value":"//button[@data-kt=\"contractDetailEditBtnButton\"]"}
RESULT: {"using":"xpath","value":"//button[@data-kt=\"contractDetailEditBtnButton\"]"}
COMMAND: POST /session/cd4e213f90090bc7497a341d701e98a6/elements - {"using":"xpath","value":"//button[@data-kt=\"contractDetailEditBtnButton\"]"}
RESULT: {"using":"xpath","value":"//button[@data-kt=\"contractDetailEditBtnButton\"]"}
COMMAND: POST /session/cd4e213f90090bc7497a341d701e98a6/elements - {"using":"xpath","value":"//button[@data-kt=\"contractDetailEditBtnButton\"]"}
RESULT: {"using":"xpath","value":"//button[@data-kt=\"contractDetailEditBtnButton\"]"}
COMMAND: POST /session/cd4e213f90090bc7497a341d701e98a6/elements - {"using":"xpath","value":"//button[@data-kt=\"contractDetailEditBtnButton\"]"}
RESULT: {"using":"xpath","value":"//button[@data-kt=\"contractDetailEditBtnButton\"]"}
COMMAND: POST /session/cd4e213f90090bc7497a341d701e98a6/elements - {"using":"xpath","value":"//button[@data-kt=\"contractDetailEditBtnButton\"]"}
RESULT: {"using":"xpath","value":"//button[@data-kt=\"contractDetailEditBtnButton\"]"}
COMMAND: POST /session/cd4e213f90090bc7497a341d701e98a6/elements - {"using":"xpath","value":"//button[@data-kt=\"contractDetailEditBtnButton\"]"}
RESULT: {"using":"xpath","value":"//button[@data-kt=\"contractDetailEditBtnButton\"]"}
COMMAND: POST /session/cd4e213f90090bc7497a341d701e98a6/elements - {"using":"xpath","value":"//button[@data-kt=\"contractDetailEditBtnButton\"]"}
RESULT: {"using":"xpath","value":"//button[@data-kt=\"contractDetailEditBtnButton\"]"}
COMMAND: POST /session/cd4e213f90090bc7497a341d701e98a6/elements - {"using":"xpath","value":"//button[@data-kt=\"contractDetailEditBtnButton\"]"}
RESULT: {"using":"xpath","value":"//button[@data-kt=\"contractDetailEditBtnButton\"]"}
COMMAND: POST /session/cd4e213f90090bc7497a341d701e98a6/elements - {"using":"xpath","value":"//button[@data-kt=\"contractDetailEditBtnButton\"]"}
RESULT: {"using":"xpath","value":"//button[@data-kt=\"contractDetailEditBtnButton\"]"}
COMMAND: POST /session/cd4e213f90090bc7497a341d701e98a6/elements - {"using":"xpath","value":"//button[@data-kt=\"contractDetailEditBtnButton\"]"}
RESULT: {"using":"xpath","value":"//button[@data-kt=\"contractDetailEditBtnButton\"]"}
COMMAND: POST /session/cd4e213f90090bc7497a341d701e98a6/elements - {"using":"xpath","value":"//button[@data-kt=\"contractDetailEditBtnButton\"]"}
RESULT: {"using":"xpath","value":"//button[@data-kt=\"contractDetailEditBtnButton\"]"}
COMMAND: POST /session/cd4e213f90090bc7497a341d701e98a6/elements - {"using":"xpath","value":"//button[@data-kt=\"contractDetailEditBtnButton\"]"}
RESULT: {"using":"xpath","value":"//button[@data-kt=\"contractDetailEditBtnButton\"]"}
COMMAND: POST /session/cd4e213f90090bc7497a341d701e98a6/elements - {"using":"xpath","value":"//button[@data-kt=\"contractDetailEditBtnButton\"]"}
RESULT: {"using":"xpath","value":"//button[@data-kt=\"contractDetailEditBtnButton\"]"}
COMMAND: POST /session/cd4e213f90090bc7497a341d701e98a6/elements - {"using":"xpath","value":"//button[@data-kt=\"contractDetailEditBtnButton\"]"}
RESULT: {"using":"xpath","value":"//button[@data-kt=\"contractDetailEditBtnButton\"]"}
COMMAND: POST /session/cd4e213f90090bc7497a341d701e98a6/elements - {"using":"xpath","value":"//button[@data-kt=\"contractDetailEditBtnButton\"]"}
RESULT: {"using":"xpath","value":"//button[@data-kt=\"contractDetailEditBtnButton\"]"}
COMMAND: POST /session/cd4e213f90090bc7497a341d701e98a6/elements - {"using":"xpath","value":"//button[@data-kt=\"contractDetailEditBtnButton\"]"}
RESULT: {"using":"xpath","value":"//button[@data-kt=\"contractDetailEditBtnButton\"]"}
COMMAND: POST /session/cd4e213f90090bc7497a341d701e98a6/elements - {"using":"xpath","value":"//button[@data-kt=\"contractDetailEditBtnButton\"]"}
RESULT: {"using":"xpath","value":"//button[@data-kt=\"contractDetailEditBtnButton\"]"}
COMMAND: POST /session/cd4e213f90090bc7497a341d701e98a6/elements - {"using":"xpath","value":"//button[@data-kt=\"contractDetailEditBtnButton\"]"}
RESULT: {"using":"xpath","value":"//button[@data-kt=\"contractDetailEditBtnButton\"]"}
COMMAND: POST /session/cd4e213f90090bc7497a341d701e98a6/elements - {"using":"xpath","value":"//button[@data-kt=\"contractDetailEditBtnButton\"]"}
RESULT: {"using":"xpath","value":"//button[@data-kt=\"contractDetailEditBtnButton\"]"}
COMMAND: POST /session/cd4e213f90090bc7497a341d701e98a6/elements - {"using":"xpath","value":"//button[@data-kt=\"contractDetailEditBtnButton\"]"}
RESULT: {"using":"xpath","value":"//button[@data-kt=\"contractDetailEditBtnButton\"]"}
COMMAND: POST /session/cd4e213f90090bc7497a341d701e98a6/elements - {"using":"xpath","value":"//button[@data-kt=\"contractDetailEditBtnButton\"]"}
RESULT: {"using":"xpath","value":"//button[@data-kt=\"contractDetailEditBtnButton\"]"}
COMMAND: POST /session/cd4e213f90090bc7497a341d701e98a6/elements - {"using":"xpath","value":"//button[@data-kt=\"contractDetailEditBtnButton\"]"}
RESULT: {"using":"xpath","value":"//button[@data-kt=\"contractDetailEditBtnButton\"]"}
COMMAND: POST /session/cd4e213f90090bc7497a341d701e98a6/elements - {"using":"xpath","value":"//button[@data-kt=\"contractDetailEditBtnButton\"]"}
RESULT: {"using":"xpath","value":"//button[@data-kt=\"contractDetailEditBtnButton\"]"}
COMMAND: POST /session/cd4e213f90090bc7497a341d701e98a6/elements - {"using":"xpath","value":"//button[@data-kt=\"contractDetailEditBtnButton\"]"}
RESULT: {"using":"xpath","value":"//button[@data-kt=\"contractDetailEditBtnButton\"]"}
COMMAND: POST /session/cd4e213f90090bc7497a341d701e98a6/elements - {"using":"xpath","value":"//button[@data-kt=\"contractDetailEditBtnButton\"]"}
RESULT: {"using":"xpath","value":"//button[@data-kt=\"contractDetailEditBtnButton\"]"}
COMMAND: POST /session/cd4e213f90090bc7497a341d701e98a6/elements - {"using":"xpath","value":"//button[@data-kt=\"contractDetailEditBtnButton\"]"}
RESULT: {"using":"xpath","value":"//button[@data-kt=\"contractDetailEditBtnButton\"]"}
COMMAND: POST /session/cd4e213f90090bc7497a341d701e98a6/elements - {"using":"xpath","value":"//button[@data-kt=\"contractDetailEditBtnButton\"]"}
RESULT: {"using":"xpath","value":"//button[@data-kt=\"contractDetailEditBtnButton\"]"}
COMMAND: POST /session/cd4e213f90090bc7497a341d701e98a6/elements - {"using":"xpath","value":"//button[@data-kt=\"contractDetailEditBtnButton\"]"}
RESULT: {"using":"xpath","value":"//button[@data-kt=\"contractDetailEditBtnButton\"]"}
COMMAND: POST /session/cd4e213f90090bc7497a341d701e98a6/elements - {"using":"xpath","value":"//button[@data-kt=\"contractDetailEditBtnButton\"]"}
RESULT: {"using":"xpath","value":"//button[@data-kt=\"contractDetailEditBtnButton\"]"}
COMMAND: POST /session/cd4e213f90090bc7497a341d701e98a6/elements - {"using":"xpath","value":"//button[@data-kt=\"contractDetailEditBtnButton\"]"}
RESULT: {"using":"xpath","value":"//button[@data-kt=\"contractDetailEditBtnButton\"]"}
COMMAND: POST /session/cd4e213f90090bc7497a341d701e98a6/elements - {"using":"xpath","value":"//button[@data-kt=\"contractDetailEditBtnButton\"]"}
RESULT: {"using":"xpath","value":"//button[@data-kt=\"contractDetailEditBtnButton\"]"}
COMMAND: POST /session/cd4e213f90090bc7497a341d701e98a6/elements - {"using":"xpath","value":"//button[@data-kt=\"contractDetailEditBtnButton\"]"}
RESULT: {"using":"xpath","value":"//button[@data-kt=\"contractDetailEditBtnButton\"]"}
COMMAND: POST /session/cd4e213f90090bc7497a341d701e98a6/elements - {"using":"xpath","value":"//button[@data-kt=\"contractDetailEditBtnButton\"]"}
RESULT: {"using":"xpath","value":"//button[@data-kt=\"contractDetailEditBtnButton\"]"}
COMMAND: POST /session/cd4e213f90090bc7497a341d701e98a6/elements - {"using":"xpath","value":"//button[@data-kt=\"contractDetailEditBtnButton\"]"}
RESULT: {"using":"xpath","value":"//button[@data-kt=\"contractDetailEditBtnButton\"]"}
COMMAND: POST /session/cd4e213f90090bc7497a341d701e98a6/elements - {"using":"xpath","value":"//button[@data-kt=\"contractDetailEditBtnButton\"]"}
RESULT: {"using":"xpath","value":"//button[@data-kt=\"contractDetailEditBtnButton\"]"}
COMMAND: POST /session/cd4e213f90090bc7497a341d701e98a6/elements - {"using":"xpath","value":"//button[@data-kt=\"contractDetailEditBtnButton\"]"}
RESULT: {"using":"xpath","value":"//button[@data-kt=\"contractDetailEditBtnButton\"]"}
COMMAND: POST /session/cd4e213f90090bc7497a341d701e98a6/elements - {"using":"xpath","value":"//button[@data-kt=\"contractDetailEditBtnButton\"]"}
RESULT: {"using":"xpath","value":"//button[@data-kt=\"contractDetailEditBtnButton\"]"}
COMMAND: POST /session/cd4e213f90090bc7497a341d701e98a6/elements - {"using":"xpath","value":"//button[@data-kt=\"contractDetailEditBtnButton\"]"}
RESULT: {"using":"xpath","value":"//button[@data-kt=\"contractDetailEditBtnButton\"]"}
COMMAND: POST /session/cd4e213f90090bc7497a341d701e98a6/elements - {"using":"xpath","value":"//button[@data-kt=\"contractDetailEditBtnButton\"]"}
RESULT: {"using":"xpath","value":"//button[@data-kt=\"contractDetailEditBtnButton\"]"}
COMMAND: POST /session/cd4e213f90090bc7497a341d701e98a6/elements - {"using":"xpath","value":"//button[@data-kt=\"contractDetailEditBtnButton\"]"}
RESULT: {"using":"xpath","value":"//button[@data-kt=\"contractDetailEditBtnButton\"]"}
COMMAND: POST /session/cd4e213f90090bc7497a341d701e98a6/elements - {"using":"xpath","value":"//button[@data-kt=\"contractDetailEditBtnButton\"]"}
RESULT: {"using":"xpath","value":"//button[@data-kt=\"contractDetailEditBtnButton\"]"}
COMMAND: POST /session/cd4e213f90090bc7497a341d701e98a6/elements - {"using":"xpath","value":"//button[@data-kt=\"contractDetailEditBtnButton\"]"}
RESULT: {"using":"xpath","value":"//button[@data-kt=\"contractDetailEditBtnButton\"]"}
COMMAND: POST /session/cd4e213f90090bc7497a341d701e98a6/elements - {"using":"xpath","value":"//button[@data-kt=\"contractDetailEditBtnButton\"]"}
RESULT: {"using":"xpath","value":"//button[@data-kt=\"contractDetailEditBtnButton\"]"}
COMMAND: POST /session/cd4e213f90090bc7497a341d701e98a6/elements - {"using":"xpath","value":"//button[@data-kt=\"contractDetailEditBtnButton\"]"}
RESULT: {"using":"xpath","value":"//button[@data-kt=\"contractDetailEditBtnButton\"]"}
COMMAND: POST /session/cd4e213f90090bc7497a341d701e98a6/elements - {"using":"xpath","value":"//button[@data-kt=\"contractDetailEditBtnButton\"]"}
RESULT: {"using":"xpath","value":"//button[@data-kt=\"contractDetailEditBtnButton\"]"}
COMMAND: POST /session/cd4e213f90090bc7497a341d701e98a6/elements - {"using":"xpath","value":"//button[@data-kt=\"contractDetailEditBtnButton\"]"}
RESULT: {"using":"xpath","value":"//button[@data-kt=\"contractDetailEditBtnButton\"]"}
COMMAND: POST /session/cd4e213f90090bc7497a341d701e98a6/elements - {"using":"xpath","value":"//button[@data-kt=\"contractDetailEditBtnButton\"]"}
RESULT: {"using":"xpath","value":"//button[@data-kt=\"contractDetailEditBtnButton\"]"}
COMMAND: POST /session/cd4e213f90090bc7497a341d701e98a6/elements - {"using":"xpath","value":"//button[@data-kt=\"contractDetailEditBtnButton\"]"}
RESULT: {"using":"xpath","value":"//button[@data-kt=\"contractDetailEditBtnButton\"]"}
COMMAND: POST /session/cd4e213f90090bc7497a341d701e98a6/elements - {"using":"xpath","value":"//button[@data-kt=\"contractDetailEditBtnButton\"]"}
RESULT: {"using":"xpath","value":"//button[@data-kt=\"contractDetailEditBtnButton\"]"}
COMMAND: POST /session/cd4e213f90090bc7497a341d701e98a6/elements - {"using":"xpath","value":"//button[@data-kt=\"contractDetailEditBtnButton\"]"}
RESULT: {"using":"xpath","value":"//button[@data-kt=\"contractDetailEditBtnButton\"]"}
COMMAND: POST /session/cd4e213f90090bc7497a341d701e98a6/elements - {"using":"xpath","value":"//button[@data-kt=\"contractDetailEditBtnButton\"]"}
RESULT: {"using":"xpath","value":"//button[@data-kt=\"contractDetailEditBtnButton\"]"}
COMMAND: POST /session/cd4e213f90090bc7497a341d701e98a6/elements - {"using":"xpath","value":"//button[@data-kt=\"contractDetailEditBtnButton\"]"}
RESULT: {"using":"xpath","value":"//button[@data-kt=\"contractDetailEditBtnButton\"]"}
COMMAND: POST /session/cd4e213f90090bc7497a341d701e98a6/elements - {"using":"xpath","value":"//button[@data-kt=\"contractDetailEditBtnButton\"]"}
RESULT: {"using":"xpath","value":"//button[@data-kt=\"contractDetailEditBtnButton\"]"}
COMMAND: POST /session/cd4e213f90090bc7497a341d701e98a6/elements - {"using":"xpath","value":"//button[@data-kt=\"contractDetailEditBtnButton\"]"}
RESULT: {"using":"xpath","value":"//button[@data-kt=\"contractDetailEditBtnButton\"]"}
COMMAND: POST /session/cd4e213f90090bc7497a341d701e98a6/elements - {"using":"xpath","value":"//button[@data-kt=\"contractDetailEditBtnButton\"]"}
RESULT: {"using":"xpath","value":"//button[@data-kt=\"contractDetailEditBtnButton\"]"}
COMMAND: POST /session/cd4e213f90090bc7497a341d701e98a6/elements - {"using":"xpath","value":"//button[@data-kt=\"contractDetailEditBtnButton\"]"}
RESULT: {"using":"xpath","value":"//button[@data-kt=\"contractDetailEditBtnButton\"]"}
COMMAND: POST /session/cd4e213f90090bc7497a341d701e98a6/elements - {"using":"xpath","value":"//button[@data-kt=\"contractDetailEditBtnButton\"]"}
RESULT: {"using":"xpath","value":"//button[@data-kt=\"contractDetailEditBtnButton\"]"}
COMMAND: POST /session/cd4e213f90090bc7497a341d701e98a6/elements - {"using":"xpath","value":"//button[@data-kt=\"contractDetailEditBtnButton\"]"}
RESULT: {"using":"xpath","value":"//button[@data-kt=\"contractDetailEditBtnButton\"]"}
COMMAND: POST /session/cd4e213f90090bc7497a341d701e98a6/elements - {"using":"xpath","value":"//button[@data-kt=\"contractDetailEditBtnButton\"]"}
RESULT: {"using":"xpath","value":"//button[@data-kt=\"contractDetailEditBtnButton\"]"}
COMMAND: POST /session/cd4e213f90090bc7497a341d701e98a6/elements - {"using":"xpath","value":"//button[@data-kt=\"contractDetailEditBtnButton\"]"}
RESULT: {"using":"xpath","value":"//button[@data-kt=\"contractDetailEditBtnButton\"]"}
COMMAND: POST /session/cd4e213f90090bc7497a341d701e98a6/elements - {"using":"xpath","value":"//button[@data-kt=\"contractDetailEditBtnButton\"]"}
RESULT: {"using":"xpath","value":"//button[@data-kt=\"contractDetailEditBtnButton\"]"}
COMMAND: POST /session/cd4e213f90090bc7497a341d701e98a6/elements - {"using":"xpath","value":"//button[@data-kt=\"contractDetailEditBtnButton\"]"}
RESULT: {"using":"xpath","value":"//button[@data-kt=\"contractDetailEditBtnButton\"]"}
COMMAND: POST /session/cd4e213f90090bc7497a341d701e98a6/elements - {"using":"xpath","value":"//button[@data-kt=\"contractDetailEditBtnButton\"]"}
RESULT: {"using":"xpath","value":"//button[@data-kt=\"contractDetailEditBtnButton\"]"}
COMMAND: POST /session/cd4e213f90090bc7497a341d701e98a6/elements - {"using":"xpath","value":"//button[@data-kt=\"contractDetailEditBtnButton\"]"}
RESULT: {"using":"xpath","value":"//button[@data-kt=\"contractDetailEditBtnButton\"]"}
COMMAND: POST /session/cd4e213f90090bc7497a341d701e98a6/elements - {"using":"xpath","value":"//button[@data-kt=\"contractDetailEditBtnButton\"]"}
RESULT: {"using":"xpath","value":"//button[@data-kt=\"contractDetailEditBtnButton\"]"}
COMMAND: POST /session/cd4e213f90090bc7497a341d701e98a6/elements - {"using":"xpath","value":"//button[@data-kt=\"contractDetailEditBtnButton\"]"}
RESULT: {"using":"xpath","value":"//button[@data-kt=\"contractDetailEditBtnButton\"]"}
COMMAND: POST /session/cd4e213f90090bc7497a341d701e98a6/elements - {"using":"xpath","value":"//button[@data-kt=\"contractDetailEditBtnButton\"]"}
RESULT: {"using":"xpath","value":"//button[@data-kt=\"contractDetailEditBtnButton\"]"}
COMMAND: POST /session/cd4e213f90090bc7497a341d701e98a6/elements - {"using":"xpath","value":"//button[@data-kt=\"contractDetailEditBtnButton\"]"}
RESULT: {"using":"xpath","value":"//button[@data-kt=\"contractDetailEditBtnButton\"]"}
COMMAND: POST /session/cd4e213f90090bc7497a341d701e98a6/elements - {"using":"xpath","value":"//button[@data-kt=\"contractDetailEditBtnButton\"]"}
RESULT: {"using":"xpath","value":"//button[@data-kt=\"contractDetailEditBtnButton\"]"}
COMMAND: POST /session/cd4e213f90090bc7497a341d701e98a6/elements - {"using":"xpath","value":"//button[@data-kt=\"contractDetailEditBtnButton\"]"}
RESULT: {"using":"xpath","value":"//button[@data-kt=\"contractDetailEditBtnButton\"]"}
COMMAND: POST /session/cd4e213f90090bc7497a341d701e98a6/elements - {"using":"xpath","value":"//button[@data-kt=\"contractDetailEditBtnButton\"]"}
RESULT: {"using":"xpath","value":"//button[@data-kt=\"contractDetailEditBtnButton\"]"}
COMMAND: POST /session/cd4e213f90090bc7497a341d701e98a6/elements - {"using":"xpath","value":"//button[@data-kt=\"contractDetailEditBtnButton\"]"}
RESULT: {"using":"xpath","value":"//button[@data-kt=\"contractDetailEditBtnButton\"]"}
COMMAND: POST /session/cd4e213f90090bc7497a341d701e98a6/elements - {"using":"xpath","value":"//button[@data-kt=\"contractDetailEditBtnButton\"]"}
RESULT: {"using":"xpath","value":"//button[@data-kt=\"contractDetailEditBtnButton\"]"}
COMMAND: POST /session/cd4e213f90090bc7497a341d701e98a6/elements - {"using":"xpath","value":"//button[@data-kt=\"contractDetailEditBtnButton\"]"}
RESULT: {"using":"xpath","value":"//button[@data-kt=\"contractDetailEditBtnButton\"]"}
COMMAND: POST /session/cd4e213f90090bc7497a341d701e98a6/elements - {"using":"xpath","value":"//button[@data-kt=\"contractDetailEditBtnButton\"]"}
RESULT: {"using":"xpath","value":"//button[@data-kt=\"contractDetailEditBtnButton\"]"}
COMMAND: POST /session/cd4e213f90090bc7497a341d701e98a6/elements - {"using":"xpath","value":"//button[@data-kt=\"contractDetailEditBtnButton\"]"}
RESULT: {"using":"xpath","value":"//button[@data-kt=\"contractDetailEditBtnButton\"]"}
COMMAND: POST /session/cd4e213f90090bc7497a341d701e98a6/elements - {"using":"xpath","value":"//button[@data-kt=\"contractDetailEditBtnButton\"]"}
RESULT: {"using":"xpath","value":"//button[@data-kt=\"contractDetailEditBtnButton\"]"}
COMMAND: POST /session/cd4e213f90090bc7497a341d701e98a6/elements - {"using":"xpath","value":"//button[@data-kt=\"contractDetailEditBtnButton\"]"}
RESULT: {"using":"xpath","value":"//button[@data-kt=\"contractDetailEditBtnButton\"]"}
COMMAND: POST /session/cd4e213f90090bc7497a341d701e98a6/elements - {"using":"xpath","value":"//button[@data-kt=\"contractDetailEditBtnButton\"]"}
RESULT: {"using":"xpath","value":"//button[@data-kt=\"contractDetailEditBtnButton\"]"}
COMMAND: GET /session/cd4e213f90090bc7497a341d701e98a6/screenshot - {}
RESULT: {}
]]></system-out>
      <system-err><![CDATA[
Error: Can't call click on element with selector "//button[@data-kt="contractDetailEditBtnButton"]" because element wasn't found
    at async UtilsPrerequisites.addItemToContract (D:\a\1\s\test\specs\BTS\prerequisites-and-utils-functions.js:1822:9)
    at async Context.<anonymous> (D:\a\1\s\test\specs\HTR\provide-to-site-w-warehouse-wo-clarification.spec.js:78:9)
]]></system-err>
    </testcase>
    <testcase classname="chrome.136_0_7103_93.windows.Provide_to_Site_w/_warehouse_management_wo_clarification" name="Should provide to site" time="60.41">
      <failure/>
      <error message="Can't call click on element with selector &quot;//button[@data-kt=&quot;provideButton&quot;]&quot; because element wasn't found"/>
      <system-out><![CDATA[
COMMAND: POST /session/cd4e213f90090bc7497a341d701e98a6/element - {"using":"xpath","value":"//button[@data-kt=\"provideButton\"]"}
COMMAND: GET /session/cd4e213f90090bc7497a341d701e98a6/screenshot - {}
RESULT: {"using":"xpath","value":"//button[@data-kt=\"provideButton\"]"}
COMMAND: POST /session/cd4e213f90090bc7497a341d701e98a6/elements - {"using":"xpath","value":"//button[@data-kt=\"provideButton\"]"}
RESULT: {}
RESULT: {"using":"xpath","value":"//button[@data-kt=\"provideButton\"]"}
COMMAND: POST /session/cd4e213f90090bc7497a341d701e98a6/elements - {"using":"xpath","value":"//button[@data-kt=\"provideButton\"]"}
RESULT: {"using":"xpath","value":"//button[@data-kt=\"provideButton\"]"}
COMMAND: POST /session/cd4e213f90090bc7497a341d701e98a6/elements - {"using":"xpath","value":"//button[@data-kt=\"provideButton\"]"}
RESULT: {"using":"xpath","value":"//button[@data-kt=\"provideButton\"]"}
COMMAND: POST /session/cd4e213f90090bc7497a341d701e98a6/elements - {"using":"xpath","value":"//button[@data-kt=\"provideButton\"]"}
RESULT: {"using":"xpath","value":"//button[@data-kt=\"provideButton\"]"}
COMMAND: POST /session/cd4e213f90090bc7497a341d701e98a6/elements - {"using":"xpath","value":"//button[@data-kt=\"provideButton\"]"}
RESULT: {"using":"xpath","value":"//button[@data-kt=\"provideButton\"]"}
COMMAND: POST /session/cd4e213f90090bc7497a341d701e98a6/elements - {"using":"xpath","value":"//button[@data-kt=\"provideButton\"]"}
RESULT: {"using":"xpath","value":"//button[@data-kt=\"provideButton\"]"}
COMMAND: POST /session/cd4e213f90090bc7497a341d701e98a6/elements - {"using":"xpath","value":"//button[@data-kt=\"provideButton\"]"}
RESULT: {"using":"xpath","value":"//button[@data-kt=\"provideButton\"]"}
COMMAND: POST /session/cd4e213f90090bc7497a341d701e98a6/elements - {"using":"xpath","value":"//button[@data-kt=\"provideButton\"]"}
RESULT: {"using":"xpath","value":"//button[@data-kt=\"provideButton\"]"}
COMMAND: POST /session/cd4e213f90090bc7497a341d701e98a6/elements - {"using":"xpath","value":"//button[@data-kt=\"provideButton\"]"}
RESULT: {"using":"xpath","value":"//button[@data-kt=\"provideButton\"]"}
COMMAND: POST /session/cd4e213f90090bc7497a341d701e98a6/elements - {"using":"xpath","value":"//button[@data-kt=\"provideButton\"]"}
RESULT: {"using":"xpath","value":"//button[@data-kt=\"provideButton\"]"}
COMMAND: POST /session/cd4e213f90090bc7497a341d701e98a6/elements - {"using":"xpath","value":"//button[@data-kt=\"provideButton\"]"}
RESULT: {"using":"xpath","value":"//button[@data-kt=\"provideButton\"]"}
COMMAND: POST /session/cd4e213f90090bc7497a341d701e98a6/elements - {"using":"xpath","value":"//button[@data-kt=\"provideButton\"]"}
RESULT: {"using":"xpath","value":"//button[@data-kt=\"provideButton\"]"}
COMMAND: POST /session/cd4e213f90090bc7497a341d701e98a6/elements - {"using":"xpath","value":"//button[@data-kt=\"provideButton\"]"}
RESULT: {"using":"xpath","value":"//button[@data-kt=\"provideButton\"]"}
COMMAND: POST /session/cd4e213f90090bc7497a341d701e98a6/elements - {"using":"xpath","value":"//button[@data-kt=\"provideButton\"]"}
RESULT: {"using":"xpath","value":"//button[@data-kt=\"provideButton\"]"}
COMMAND: POST /session/cd4e213f90090bc7497a341d701e98a6/elements - {"using":"xpath","value":"//button[@data-kt=\"provideButton\"]"}
RESULT: {"using":"xpath","value":"//button[@data-kt=\"provideButton\"]"}
COMMAND: POST /session/cd4e213f90090bc7497a341d701e98a6/elements - {"using":"xpath","value":"//button[@data-kt=\"provideButton\"]"}
RESULT: {"using":"xpath","value":"//button[@data-kt=\"provideButton\"]"}
COMMAND: POST /session/cd4e213f90090bc7497a341d701e98a6/elements - {"using":"xpath","value":"//button[@data-kt=\"provideButton\"]"}
RESULT: {"using":"xpath","value":"//button[@data-kt=\"provideButton\"]"}
COMMAND: POST /session/cd4e213f90090bc7497a341d701e98a6/elements - {"using":"xpath","value":"//button[@data-kt=\"provideButton\"]"}
RESULT: {"using":"xpath","value":"//button[@data-kt=\"provideButton\"]"}
COMMAND: POST /session/cd4e213f90090bc7497a341d701e98a6/elements - {"using":"xpath","value":"//button[@data-kt=\"provideButton\"]"}
RESULT: {"using":"xpath","value":"//button[@data-kt=\"provideButton\"]"}
COMMAND: POST /session/cd4e213f90090bc7497a341d701e98a6/elements - {"using":"xpath","value":"//button[@data-kt=\"provideButton\"]"}
RESULT: {"using":"xpath","value":"//button[@data-kt=\"provideButton\"]"}
COMMAND: POST /session/cd4e213f90090bc7497a341d701e98a6/elements - {"using":"xpath","value":"//button[@data-kt=\"provideButton\"]"}
RESULT: {"using":"xpath","value":"//button[@data-kt=\"provideButton\"]"}
COMMAND: POST /session/cd4e213f90090bc7497a341d701e98a6/elements - {"using":"xpath","value":"//button[@data-kt=\"provideButton\"]"}
RESULT: {"using":"xpath","value":"//button[@data-kt=\"provideButton\"]"}
COMMAND: POST /session/cd4e213f90090bc7497a341d701e98a6/elements - {"using":"xpath","value":"//button[@data-kt=\"provideButton\"]"}
RESULT: {"using":"xpath","value":"//button[@data-kt=\"provideButton\"]"}
COMMAND: POST /session/cd4e213f90090bc7497a341d701e98a6/elements - {"using":"xpath","value":"//button[@data-kt=\"provideButton\"]"}
RESULT: {"using":"xpath","value":"//button[@data-kt=\"provideButton\"]"}
COMMAND: POST /session/cd4e213f90090bc7497a341d701e98a6/elements - {"using":"xpath","value":"//button[@data-kt=\"provideButton\"]"}
RESULT: {"using":"xpath","value":"//button[@data-kt=\"provideButton\"]"}
COMMAND: POST /session/cd4e213f90090bc7497a341d701e98a6/elements - {"using":"xpath","value":"//button[@data-kt=\"provideButton\"]"}
RESULT: {"using":"xpath","value":"//button[@data-kt=\"provideButton\"]"}
COMMAND: POST /session/cd4e213f90090bc7497a341d701e98a6/elements - {"using":"xpath","value":"//button[@data-kt=\"provideButton\"]"}
RESULT: {"using":"xpath","value":"//button[@data-kt=\"provideButton\"]"}
COMMAND: POST /session/cd4e213f90090bc7497a341d701e98a6/elements - {"using":"xpath","value":"//button[@data-kt=\"provideButton\"]"}
RESULT: {"using":"xpath","value":"//button[@data-kt=\"provideButton\"]"}
COMMAND: POST /session/cd4e213f90090bc7497a341d701e98a6/elements - {"using":"xpath","value":"//button[@data-kt=\"provideButton\"]"}
RESULT: {"using":"xpath","value":"//button[@data-kt=\"provideButton\"]"}
COMMAND: POST /session/cd4e213f90090bc7497a341d701e98a6/elements - {"using":"xpath","value":"//button[@data-kt=\"provideButton\"]"}
RESULT: {"using":"xpath","value":"//button[@data-kt=\"provideButton\"]"}
COMMAND: POST /session/cd4e213f90090bc7497a341d701e98a6/elements - {"using":"xpath","value":"//button[@data-kt=\"provideButton\"]"}
RESULT: {"using":"xpath","value":"//button[@data-kt=\"provideButton\"]"}
COMMAND: POST /session/cd4e213f90090bc7497a341d701e98a6/elements - {"using":"xpath","value":"//button[@data-kt=\"provideButton\"]"}
RESULT: {"using":"xpath","value":"//button[@data-kt=\"provideButton\"]"}
COMMAND: POST /session/cd4e213f90090bc7497a341d701e98a6/elements - {"using":"xpath","value":"//button[@data-kt=\"provideButton\"]"}
RESULT: {"using":"xpath","value":"//button[@data-kt=\"provideButton\"]"}
COMMAND: POST /session/cd4e213f90090bc7497a341d701e98a6/elements - {"using":"xpath","value":"//button[@data-kt=\"provideButton\"]"}
RESULT: {"using":"xpath","value":"//button[@data-kt=\"provideButton\"]"}
COMMAND: POST /session/cd4e213f90090bc7497a341d701e98a6/elements - {"using":"xpath","value":"//button[@data-kt=\"provideButton\"]"}
RESULT: {"using":"xpath","value":"//button[@data-kt=\"provideButton\"]"}
COMMAND: POST /session/cd4e213f90090bc7497a341d701e98a6/elements - {"using":"xpath","value":"//button[@data-kt=\"provideButton\"]"}
RESULT: {"using":"xpath","value":"//button[@data-kt=\"provideButton\"]"}
COMMAND: POST /session/cd4e213f90090bc7497a341d701e98a6/elements - {"using":"xpath","value":"//button[@data-kt=\"provideButton\"]"}
RESULT: {"using":"xpath","value":"//button[@data-kt=\"provideButton\"]"}
COMMAND: POST /session/cd4e213f90090bc7497a341d701e98a6/elements - {"using":"xpath","value":"//button[@data-kt=\"provideButton\"]"}
RESULT: {"using":"xpath","value":"//button[@data-kt=\"provideButton\"]"}
COMMAND: POST /session/cd4e213f90090bc7497a341d701e98a6/elements - {"using":"xpath","value":"//button[@data-kt=\"provideButton\"]"}
RESULT: {"using":"xpath","value":"//button[@data-kt=\"provideButton\"]"}
COMMAND: POST /session/cd4e213f90090bc7497a341d701e98a6/elements - {"using":"xpath","value":"//button[@data-kt=\"provideButton\"]"}
RESULT: {"using":"xpath","value":"//button[@data-kt=\"provideButton\"]"}
COMMAND: POST /session/cd4e213f90090bc7497a341d701e98a6/elements - {"using":"xpath","value":"//button[@data-kt=\"provideButton\"]"}
RESULT: {"using":"xpath","value":"//button[@data-kt=\"provideButton\"]"}
COMMAND: POST /session/cd4e213f90090bc7497a341d701e98a6/elements - {"using":"xpath","value":"//button[@data-kt=\"provideButton\"]"}
RESULT: {"using":"xpath","value":"//button[@data-kt=\"provideButton\"]"}
COMMAND: POST /session/cd4e213f90090bc7497a341d701e98a6/elements - {"using":"xpath","value":"//button[@data-kt=\"provideButton\"]"}
RESULT: {"using":"xpath","value":"//button[@data-kt=\"provideButton\"]"}
COMMAND: POST /session/cd4e213f90090bc7497a341d701e98a6/elements - {"using":"xpath","value":"//button[@data-kt=\"provideButton\"]"}
RESULT: {"using":"xpath","value":"//button[@data-kt=\"provideButton\"]"}
COMMAND: POST /session/cd4e213f90090bc7497a341d701e98a6/elements - {"using":"xpath","value":"//button[@data-kt=\"provideButton\"]"}
RESULT: {"using":"xpath","value":"//button[@data-kt=\"provideButton\"]"}
COMMAND: POST /session/cd4e213f90090bc7497a341d701e98a6/elements - {"using":"xpath","value":"//button[@data-kt=\"provideButton\"]"}
RESULT: {"using":"xpath","value":"//button[@data-kt=\"provideButton\"]"}
COMMAND: POST /session/cd4e213f90090bc7497a341d701e98a6/elements - {"using":"xpath","value":"//button[@data-kt=\"provideButton\"]"}
RESULT: {"using":"xpath","value":"//button[@data-kt=\"provideButton\"]"}
COMMAND: POST /session/cd4e213f90090bc7497a341d701e98a6/elements - {"using":"xpath","value":"//button[@data-kt=\"provideButton\"]"}
RESULT: {"using":"xpath","value":"//button[@data-kt=\"provideButton\"]"}
COMMAND: POST /session/cd4e213f90090bc7497a341d701e98a6/elements - {"using":"xpath","value":"//button[@data-kt=\"provideButton\"]"}
RESULT: {"using":"xpath","value":"//button[@data-kt=\"provideButton\"]"}
COMMAND: POST /session/cd4e213f90090bc7497a341d701e98a6/elements - {"using":"xpath","value":"//button[@data-kt=\"provideButton\"]"}
RESULT: {"using":"xpath","value":"//button[@data-kt=\"provideButton\"]"}
COMMAND: POST /session/cd4e213f90090bc7497a341d701e98a6/elements - {"using":"xpath","value":"//button[@data-kt=\"provideButton\"]"}
RESULT: {"using":"xpath","value":"//button[@data-kt=\"provideButton\"]"}
COMMAND: POST /session/cd4e213f90090bc7497a341d701e98a6/elements - {"using":"xpath","value":"//button[@data-kt=\"provideButton\"]"}
RESULT: {"using":"xpath","value":"//button[@data-kt=\"provideButton\"]"}
COMMAND: POST /session/cd4e213f90090bc7497a341d701e98a6/elements - {"using":"xpath","value":"//button[@data-kt=\"provideButton\"]"}
RESULT: {"using":"xpath","value":"//button[@data-kt=\"provideButton\"]"}
COMMAND: POST /session/cd4e213f90090bc7497a341d701e98a6/elements - {"using":"xpath","value":"//button[@data-kt=\"provideButton\"]"}
RESULT: {"using":"xpath","value":"//button[@data-kt=\"provideButton\"]"}
COMMAND: POST /session/cd4e213f90090bc7497a341d701e98a6/elements - {"using":"xpath","value":"//button[@data-kt=\"provideButton\"]"}
RESULT: {"using":"xpath","value":"//button[@data-kt=\"provideButton\"]"}
COMMAND: POST /session/cd4e213f90090bc7497a341d701e98a6/elements - {"using":"xpath","value":"//button[@data-kt=\"provideButton\"]"}
RESULT: {"using":"xpath","value":"//button[@data-kt=\"provideButton\"]"}
COMMAND: POST /session/cd4e213f90090bc7497a341d701e98a6/elements - {"using":"xpath","value":"//button[@data-kt=\"provideButton\"]"}
RESULT: {"using":"xpath","value":"//button[@data-kt=\"provideButton\"]"}
COMMAND: POST /session/cd4e213f90090bc7497a341d701e98a6/elements - {"using":"xpath","value":"//button[@data-kt=\"provideButton\"]"}
RESULT: {"using":"xpath","value":"//button[@data-kt=\"provideButton\"]"}
COMMAND: POST /session/cd4e213f90090bc7497a341d701e98a6/elements - {"using":"xpath","value":"//button[@data-kt=\"provideButton\"]"}
RESULT: {"using":"xpath","value":"//button[@data-kt=\"provideButton\"]"}
COMMAND: POST /session/cd4e213f90090bc7497a341d701e98a6/elements - {"using":"xpath","value":"//button[@data-kt=\"provideButton\"]"}
RESULT: {"using":"xpath","value":"//button[@data-kt=\"provideButton\"]"}
COMMAND: POST /session/cd4e213f90090bc7497a341d701e98a6/elements - {"using":"xpath","value":"//button[@data-kt=\"provideButton\"]"}
RESULT: {"using":"xpath","value":"//button[@data-kt=\"provideButton\"]"}
COMMAND: POST /session/cd4e213f90090bc7497a341d701e98a6/elements - {"using":"xpath","value":"//button[@data-kt=\"provideButton\"]"}
RESULT: {"using":"xpath","value":"//button[@data-kt=\"provideButton\"]"}
COMMAND: POST /session/cd4e213f90090bc7497a341d701e98a6/elements - {"using":"xpath","value":"//button[@data-kt=\"provideButton\"]"}
RESULT: {"using":"xpath","value":"//button[@data-kt=\"provideButton\"]"}
COMMAND: POST /session/cd4e213f90090bc7497a341d701e98a6/elements - {"using":"xpath","value":"//button[@data-kt=\"provideButton\"]"}
RESULT: {"using":"xpath","value":"//button[@data-kt=\"provideButton\"]"}
COMMAND: POST /session/cd4e213f90090bc7497a341d701e98a6/elements - {"using":"xpath","value":"//button[@data-kt=\"provideButton\"]"}
RESULT: {"using":"xpath","value":"//button[@data-kt=\"provideButton\"]"}
COMMAND: POST /session/cd4e213f90090bc7497a341d701e98a6/elements - {"using":"xpath","value":"//button[@data-kt=\"provideButton\"]"}
RESULT: {"using":"xpath","value":"//button[@data-kt=\"provideButton\"]"}
COMMAND: POST /session/cd4e213f90090bc7497a341d701e98a6/elements - {"using":"xpath","value":"//button[@data-kt=\"provideButton\"]"}
RESULT: {"using":"xpath","value":"//button[@data-kt=\"provideButton\"]"}
COMMAND: POST /session/cd4e213f90090bc7497a341d701e98a6/elements - {"using":"xpath","value":"//button[@data-kt=\"provideButton\"]"}
RESULT: {"using":"xpath","value":"//button[@data-kt=\"provideButton\"]"}
COMMAND: POST /session/cd4e213f90090bc7497a341d701e98a6/elements - {"using":"xpath","value":"//button[@data-kt=\"provideButton\"]"}
RESULT: {"using":"xpath","value":"//button[@data-kt=\"provideButton\"]"}
COMMAND: POST /session/cd4e213f90090bc7497a341d701e98a6/elements - {"using":"xpath","value":"//button[@data-kt=\"provideButton\"]"}
RESULT: {"using":"xpath","value":"//button[@data-kt=\"provideButton\"]"}
COMMAND: POST /session/cd4e213f90090bc7497a341d701e98a6/elements - {"using":"xpath","value":"//button[@data-kt=\"provideButton\"]"}
RESULT: {"using":"xpath","value":"//button[@data-kt=\"provideButton\"]"}
COMMAND: POST /session/cd4e213f90090bc7497a341d701e98a6/elements - {"using":"xpath","value":"//button[@data-kt=\"provideButton\"]"}
RESULT: {"using":"xpath","value":"//button[@data-kt=\"provideButton\"]"}
COMMAND: POST /session/cd4e213f90090bc7497a341d701e98a6/elements - {"using":"xpath","value":"//button[@data-kt=\"provideButton\"]"}
RESULT: {"using":"xpath","value":"//button[@data-kt=\"provideButton\"]"}
COMMAND: POST /session/cd4e213f90090bc7497a341d701e98a6/elements - {"using":"xpath","value":"//button[@data-kt=\"provideButton\"]"}
RESULT: {"using":"xpath","value":"//button[@data-kt=\"provideButton\"]"}
COMMAND: POST /session/cd4e213f90090bc7497a341d701e98a6/elements - {"using":"xpath","value":"//button[@data-kt=\"provideButton\"]"}
RESULT: {"using":"xpath","value":"//button[@data-kt=\"provideButton\"]"}
COMMAND: POST /session/cd4e213f90090bc7497a341d701e98a6/elements - {"using":"xpath","value":"//button[@data-kt=\"provideButton\"]"}
RESULT: {"using":"xpath","value":"//button[@data-kt=\"provideButton\"]"}
COMMAND: POST /session/cd4e213f90090bc7497a341d701e98a6/elements - {"using":"xpath","value":"//button[@data-kt=\"provideButton\"]"}
RESULT: {"using":"xpath","value":"//button[@data-kt=\"provideButton\"]"}
COMMAND: POST /session/cd4e213f90090bc7497a341d701e98a6/elements - {"using":"xpath","value":"//button[@data-kt=\"provideButton\"]"}
RESULT: {"using":"xpath","value":"//button[@data-kt=\"provideButton\"]"}
COMMAND: POST /session/cd4e213f90090bc7497a341d701e98a6/elements - {"using":"xpath","value":"//button[@data-kt=\"provideButton\"]"}
RESULT: {"using":"xpath","value":"//button[@data-kt=\"provideButton\"]"}
COMMAND: POST /session/cd4e213f90090bc7497a341d701e98a6/elements - {"using":"xpath","value":"//button[@data-kt=\"provideButton\"]"}
RESULT: {"using":"xpath","value":"//button[@data-kt=\"provideButton\"]"}
COMMAND: POST /session/cd4e213f90090bc7497a341d701e98a6/elements - {"using":"xpath","value":"//button[@data-kt=\"provideButton\"]"}
RESULT: {"using":"xpath","value":"//button[@data-kt=\"provideButton\"]"}
COMMAND: POST /session/cd4e213f90090bc7497a341d701e98a6/elements - {"using":"xpath","value":"//button[@data-kt=\"provideButton\"]"}
RESULT: {"using":"xpath","value":"//button[@data-kt=\"provideButton\"]"}
COMMAND: POST /session/cd4e213f90090bc7497a341d701e98a6/elements - {"using":"xpath","value":"//button[@data-kt=\"provideButton\"]"}
RESULT: {"using":"xpath","value":"//button[@data-kt=\"provideButton\"]"}
COMMAND: POST /session/cd4e213f90090bc7497a341d701e98a6/elements - {"using":"xpath","value":"//button[@data-kt=\"provideButton\"]"}
RESULT: {"using":"xpath","value":"//button[@data-kt=\"provideButton\"]"}
COMMAND: POST /session/cd4e213f90090bc7497a341d701e98a6/elements - {"using":"xpath","value":"//button[@data-kt=\"provideButton\"]"}
RESULT: {"using":"xpath","value":"//button[@data-kt=\"provideButton\"]"}
COMMAND: POST /session/cd4e213f90090bc7497a341d701e98a6/elements - {"using":"xpath","value":"//button[@data-kt=\"provideButton\"]"}
RESULT: {"using":"xpath","value":"//button[@data-kt=\"provideButton\"]"}
COMMAND: POST /session/cd4e213f90090bc7497a341d701e98a6/elements - {"using":"xpath","value":"//button[@data-kt=\"provideButton\"]"}
RESULT: {"using":"xpath","value":"//button[@data-kt=\"provideButton\"]"}
COMMAND: POST /session/cd4e213f90090bc7497a341d701e98a6/elements - {"using":"xpath","value":"//button[@data-kt=\"provideButton\"]"}
RESULT: {"using":"xpath","value":"//button[@data-kt=\"provideButton\"]"}
COMMAND: POST /session/cd4e213f90090bc7497a341d701e98a6/elements - {"using":"xpath","value":"//button[@data-kt=\"provideButton\"]"}
RESULT: {"using":"xpath","value":"//button[@data-kt=\"provideButton\"]"}
COMMAND: POST /session/cd4e213f90090bc7497a341d701e98a6/elements - {"using":"xpath","value":"//button[@data-kt=\"provideButton\"]"}
RESULT: {"using":"xpath","value":"//button[@data-kt=\"provideButton\"]"}
COMMAND: POST /session/cd4e213f90090bc7497a341d701e98a6/elements - {"using":"xpath","value":"//button[@data-kt=\"provideButton\"]"}
RESULT: {"using":"xpath","value":"//button[@data-kt=\"provideButton\"]"}
COMMAND: POST /session/cd4e213f90090bc7497a341d701e98a6/elements - {"using":"xpath","value":"//button[@data-kt=\"provideButton\"]"}
RESULT: {"using":"xpath","value":"//button[@data-kt=\"provideButton\"]"}
COMMAND: POST /session/cd4e213f90090bc7497a341d701e98a6/elements - {"using":"xpath","value":"//button[@data-kt=\"provideButton\"]"}
RESULT: {"using":"xpath","value":"//button[@data-kt=\"provideButton\"]"}
COMMAND: POST /session/cd4e213f90090bc7497a341d701e98a6/elements - {"using":"xpath","value":"//button[@data-kt=\"provideButton\"]"}
RESULT: {"using":"xpath","value":"//button[@data-kt=\"provideButton\"]"}
COMMAND: POST /session/cd4e213f90090bc7497a341d701e98a6/elements - {"using":"xpath","value":"//button[@data-kt=\"provideButton\"]"}
RESULT: {"using":"xpath","value":"//button[@data-kt=\"provideButton\"]"}
COMMAND: POST /session/cd4e213f90090bc7497a341d701e98a6/elements - {"using":"xpath","value":"//button[@data-kt=\"provideButton\"]"}
RESULT: {"using":"xpath","value":"//button[@data-kt=\"provideButton\"]"}
COMMAND: POST /session/cd4e213f90090bc7497a341d701e98a6/elements - {"using":"xpath","value":"//button[@data-kt=\"provideButton\"]"}
RESULT: {"using":"xpath","value":"//button[@data-kt=\"provideButton\"]"}
COMMAND: POST /session/cd4e213f90090bc7497a341d701e98a6/elements - {"using":"xpath","value":"//button[@data-kt=\"provideButton\"]"}
RESULT: {"using":"xpath","value":"//button[@data-kt=\"provideButton\"]"}
COMMAND: POST /session/cd4e213f90090bc7497a341d701e98a6/elements - {"using":"xpath","value":"//button[@data-kt=\"provideButton\"]"}
RESULT: {"using":"xpath","value":"//button[@data-kt=\"provideButton\"]"}
COMMAND: POST /session/cd4e213f90090bc7497a341d701e98a6/elements - {"using":"xpath","value":"//button[@data-kt=\"provideButton\"]"}
RESULT: {"using":"xpath","value":"//button[@data-kt=\"provideButton\"]"}
COMMAND: POST /session/cd4e213f90090bc7497a341d701e98a6/elements - {"using":"xpath","value":"//button[@data-kt=\"provideButton\"]"}
RESULT: {"using":"xpath","value":"//button[@data-kt=\"provideButton\"]"}
COMMAND: POST /session/cd4e213f90090bc7497a341d701e98a6/elements - {"using":"xpath","value":"//button[@data-kt=\"provideButton\"]"}
RESULT: {"using":"xpath","value":"//button[@data-kt=\"provideButton\"]"}
COMMAND: POST /session/cd4e213f90090bc7497a341d701e98a6/elements - {"using":"xpath","value":"//button[@data-kt=\"provideButton\"]"}
RESULT: {"using":"xpath","value":"//button[@data-kt=\"provideButton\"]"}
COMMAND: POST /session/cd4e213f90090bc7497a341d701e98a6/elements - {"using":"xpath","value":"//button[@data-kt=\"provideButton\"]"}
RESULT: {"using":"xpath","value":"//button[@data-kt=\"provideButton\"]"}
COMMAND: POST /session/cd4e213f90090bc7497a341d701e98a6/elements - {"using":"xpath","value":"//button[@data-kt=\"provideButton\"]"}
RESULT: {"using":"xpath","value":"//button[@data-kt=\"provideButton\"]"}
COMMAND: POST /session/cd4e213f90090bc7497a341d701e98a6/elements - {"using":"xpath","value":"//button[@data-kt=\"provideButton\"]"}
RESULT: {"using":"xpath","value":"//button[@data-kt=\"provideButton\"]"}
COMMAND: POST /session/cd4e213f90090bc7497a341d701e98a6/elements - {"using":"xpath","value":"//button[@data-kt=\"provideButton\"]"}
RESULT: {"using":"xpath","value":"//button[@data-kt=\"provideButton\"]"}
COMMAND: POST /session/cd4e213f90090bc7497a341d701e98a6/elements - {"using":"xpath","value":"//button[@data-kt=\"provideButton\"]"}
RESULT: {"using":"xpath","value":"//button[@data-kt=\"provideButton\"]"}
COMMAND: POST /session/cd4e213f90090bc7497a341d701e98a6/elements - {"using":"xpath","value":"//button[@data-kt=\"provideButton\"]"}
RESULT: {"using":"xpath","value":"//button[@data-kt=\"provideButton\"]"}
COMMAND: POST /session/cd4e213f90090bc7497a341d701e98a6/elements - {"using":"xpath","value":"//button[@data-kt=\"provideButton\"]"}
RESULT: {"using":"xpath","value":"//button[@data-kt=\"provideButton\"]"}
COMMAND: POST /session/cd4e213f90090bc7497a341d701e98a6/elements - {"using":"xpath","value":"//button[@data-kt=\"provideButton\"]"}
RESULT: {"using":"xpath","value":"//button[@data-kt=\"provideButton\"]"}
COMMAND: POST /session/cd4e213f90090bc7497a341d701e98a6/elements - {"using":"xpath","value":"//button[@data-kt=\"provideButton\"]"}
RESULT: {"using":"xpath","value":"//button[@data-kt=\"provideButton\"]"}
COMMAND: POST /session/cd4e213f90090bc7497a341d701e98a6/elements - {"using":"xpath","value":"//button[@data-kt=\"provideButton\"]"}
RESULT: {"using":"xpath","value":"//button[@data-kt=\"provideButton\"]"}
COMMAND: POST /session/cd4e213f90090bc7497a341d701e98a6/elements - {"using":"xpath","value":"//button[@data-kt=\"provideButton\"]"}
RESULT: {"using":"xpath","value":"//button[@data-kt=\"provideButton\"]"}
COMMAND: POST /session/cd4e213f90090bc7497a341d701e98a6/elements - {"using":"xpath","value":"//button[@data-kt=\"provideButton\"]"}
RESULT: {"using":"xpath","value":"//button[@data-kt=\"provideButton\"]"}
COMMAND: POST /session/cd4e213f90090bc7497a341d701e98a6/elements - {"using":"xpath","value":"//button[@data-kt=\"provideButton\"]"}
RESULT: {"using":"xpath","value":"//button[@data-kt=\"provideButton\"]"}
COMMAND: POST /session/cd4e213f90090bc7497a341d701e98a6/elements - {"using":"xpath","value":"//button[@data-kt=\"provideButton\"]"}
RESULT: {"using":"xpath","value":"//button[@data-kt=\"provideButton\"]"}
COMMAND: POST /session/cd4e213f90090bc7497a341d701e98a6/elements - {"using":"xpath","value":"//button[@data-kt=\"provideButton\"]"}
RESULT: {"using":"xpath","value":"//button[@data-kt=\"provideButton\"]"}
COMMAND: POST /session/cd4e213f90090bc7497a341d701e98a6/elements - {"using":"xpath","value":"//button[@data-kt=\"provideButton\"]"}
RESULT: {"using":"xpath","value":"//button[@data-kt=\"provideButton\"]"}
COMMAND: POST /session/cd4e213f90090bc7497a341d701e98a6/elements - {"using":"xpath","value":"//button[@data-kt=\"provideButton\"]"}
RESULT: {"using":"xpath","value":"//button[@data-kt=\"provideButton\"]"}
COMMAND: POST /session/cd4e213f90090bc7497a341d701e98a6/elements - {"using":"xpath","value":"//button[@data-kt=\"provideButton\"]"}
COMMAND: GET /session/cd4e213f90090bc7497a341d701e98a6/screenshot - {}
RESULT: {"using":"xpath","value":"//button[@data-kt=\"provideButton\"]"}
RESULT: {}
]]></system-out>
      <system-err><![CDATA[
Error: Can't call click on element with selector "//button[@data-kt="provideButton"]" because element wasn't found
    at async Context.<anonymous> (D:\a\1\s\test\specs\HTR\provide-to-site-w-warehouse-wo-clarification.spec.js:83:9)
]]></system-err>
    </testcase>
    <testcase classname="chrome.136_0_7103_93.windows.Provide_to_Site_w/_warehouse_management_wo_clarification" name="Should Test for Handover Execution" time="34.111">
      <failure/>
      <error message="expect(received).toEqual(expected) // deep equality&#xA;&#xA;Expected: &quot;stored&quot;&#xA;Received: undefined"/>
      <system-out><![CDATA[
COMMAND: GET /session/cd4e213f90090bc7497a341d701e98a6/screenshot - {}
COMMAND: POST /session/cd4e213f90090bc7497a341d701e98a6/execute/async - {"script":"<script> [1562 bytes]","args":[{"selector":{"controlType":"sap.m.Link","viewName":"etm.portal.ui.managehandovers.view.DetailExecuteHO","bindingPath":{"path":"","propertyPath":"/wmDoc","modelName":"warehouseMovModel"}},"wdio_ui5_key":"etmportal.ui.managehandovers.view.DetailExecuteHOsap.m.Link{\"path\":\"\",\"propertyPath\":\"/wmDoc\",\"modelName\":\"warehouseMovModel\"}"}]}
RESULT: {}
RESULT: {"script":"<script> [1562 bytes]","args":[{"selector":{"controlType":"sap.m.Link","viewName":"etm.portal.ui.managehandovers.view.DetailExecuteHO","bindingPath":{"path":"","propertyPath":"/wmDoc","modelName":"warehouseMovModel"}},"wdio_ui5_key":"etmportal.ui.managehandovers.view.DetailExecuteHOsap.m.Link{\"path\":\"\",\"propertyPath\":\"/wmDoc\",\"modelName\":\"warehouseMovModel\"}"}]}
RESULT: undefined
COMMAND: POST /session/cd4e213f90090bc7497a341d701e98a6/execute/async - {"script":"<script> [1562 bytes]","args":[{"selector":{"controlType":"sap.m.Link","viewName":"etm.portal.ui.managehandovers.view.DetailExecuteHO","properties":{"text":"Warehouse Overview"},"searchOpenDialogs":true},"wdio_ui5_key":"etmportal.ui.managehandovers.view.DetailExecuteHOsap.m.Link{\"text\":\"Warehouse Overview\"}"}]}
RESULT: {"script":"<script> [1562 bytes]","args":[{"selector":{"controlType":"sap.m.Link","viewName":"etm.portal.ui.managehandovers.view.DetailExecuteHO","properties":{"text":"Warehouse Overview"},"searchOpenDialogs":true},"wdio_ui5_key":"etmportal.ui.managehandovers.view.DetailExecuteHOsap.m.Link{\"text\":\"Warehouse Overview\"}"}]}
RESULT: undefined
COMMAND: POST /session/cd4e213f90090bc7497a341d701e98a6/execute/async - {"script":"<script> [1562 bytes]","args":[{"selector":{"controlType":"sap.m.Button","viewName":"etm.portal.ui.warehousemovements.view.DisplayMovement","viewId":"application-warehousemovements-display-component---displayMovement","i18NText":{"propertyName":"text","key":"execution"},"interaction":{"idSuffix":"BDI-content"}},"wdio_ui5_key":"etmportal.ui.warehousemovements.view.DisplayMovementsap.m.Button{\"propertyName\":\"text\",\"key\":\"execution\"}"}]}
RESULT: {"script":"<script> [1562 bytes]","args":[{"selector":{"controlType":"sap.m.Button","viewName":"etm.portal.ui.warehousemovements.view.DisplayMovement","viewId":"application-warehousemovements-display-component---displayMovement","i18NText":{"propertyName":"text","key":"execution"},"interaction":{"idSuffix":"BDI-content"}},"wdio_ui5_key":"etmportal.ui.warehousemovements.view.DisplayMovementsap.m.Button{\"propertyName\":\"text\",\"key\":\"execution\"}"}]}
RESULT: undefined
COMMAND: POST /session/cd4e213f90090bc7497a341d701e98a6/execute/async - {"script":"<script> [1562 bytes]","args":[{"selector":{"controlType":"sap.m.Button","viewName":"etm.portal.ui.warehousemovements.view.ExecuteMovement","viewId":"application-warehousemovements-display-component---executeMovement","properties":{"text":"Items"},"interaction":{"idSuffix":"BDI-content"}},"wdio_ui5_key":"etmportal.ui.warehousemovements.view.ExecuteMovementsap.m.Button{\"text\":\"Items\"}"}]}
RESULT: {"script":"<script> [1562 bytes]","args":[{"selector":{"controlType":"sap.m.Button","viewName":"etm.portal.ui.warehousemovements.view.ExecuteMovement","viewId":"application-warehousemovements-display-component---executeMovement","properties":{"text":"Items"},"interaction":{"idSuffix":"BDI-content"}},"wdio_ui5_key":"etmportal.ui.warehousemovements.view.ExecuteMovementsap.m.Button{\"text\":\"Items\"}"}]}
RESULT: undefined
COMMAND: POST /session/cd4e213f90090bc7497a341d701e98a6/execute/async - {"script":"<script> [1562 bytes]","args":[{"selector":{"controlType":"sap.m.ToggleButton","viewName":"etm.portal.ui.warehousemovements.view.ExecuteMovement","viewId":"application-warehousemovements-display-component---executeMovement","bindingPath":{"propertyPath":"STATUS","modelName":"catalogModel"},"interaction":{"idSuffix":"BDI-content"}},"wdio_ui5_key":"etmportal.ui.warehousemovements.view.ExecuteMovementsap.m.ToggleButton{\"propertyPath\":\"STATUS\",\"modelName\":\"catalogModel\"}"}]}
RESULT: {"script":"<script> [1562 bytes]","args":[{"selector":{"controlType":"sap.m.ToggleButton","viewName":"etm.portal.ui.warehousemovements.view.ExecuteMovement","viewId":"application-warehousemovements-display-component---executeMovement","bindingPath":{"propertyPath":"STATUS","modelName":"catalogModel"},"interaction":{"idSuffix":"BDI-content"}},"wdio_ui5_key":"etmportal.ui.warehousemovements.view.ExecuteMovementsap.m.ToggleButton{\"propertyPath\":\"STATUS\",\"modelName\":\"catalogModel\"}"}]}
RESULT: undefined
RESULT: undefined
RESULT: undefined
COMMAND: GET /session/cd4e213f90090bc7497a341d701e98a6/screenshot - {}
RESULT: {}
COMMAND: POST /session/cd4e213f90090bc7497a341d701e98a6/element - {"using":"css selector","value":"#j_username"}
COMMAND: POST /session/cd4e213f90090bc7497a341d701e98a6/url - {"url":"https://qa-testing-00-live-etm-ui.cfapps.eu10-004.hana.ondemand.com/"}
COMMAND: GET /session/cd4e213f90090bc7497a341d701e98a6/screenshot - {}
COMMAND: GET /session/cd4e213f90090bc7497a341d701e98a6/screenshot - {}
RESULT: {"url":"https://qa-testing-00-live-etm-ui.cfapps.eu10-004.hana.ondemand.com/"}
RESULT: undefined
COMMAND: GET /session/cd4e213f90090bc7497a341d701e98a6/screenshot - {}
RESULT: {"using":"css selector","value":"#j_username"}
COMMAND: POST /session/cd4e213f90090bc7497a341d701e98a6/element - {"using":"css selector","value":"#j_username"}
RESULT: {}
RESULT: {}
RESULT: {}
RESULT: {"using":"css selector","value":"#j_username"}
COMMAND: POST /session/cd4e213f90090bc7497a341d701e98a6/element - {"using":"css selector","value":"#shell-header-logo"}
RESULT: {"using":"css selector","value":"#shell-header-logo"}
COMMAND: POST /session/cd4e213f90090bc7497a341d701e98a6/execute/sync - {"script":"<script> [8489 bytes]","args":[{"element-6066-11e4-a52e-4f735466cecf":"f.3EFE59E47BCAC700A535F57DF4769BD4.d.1117069A24FBF1ACBCB4375B3B083321.e.6775","ELEMENT":"f.3EFE59E47BCAC700A535F57DF4769BD4.d.1117069A24FBF1ACBCB4375B3B083321.e.6775"}]}
RESULT: {"script":"<script> [8489 bytes]","args":[{"element-6066-11e4-a52e-4f735466cecf":"f.3EFE59E47BCAC700A535F57DF4769BD4.d.1117069A24FBF1ACBCB4375B3B083321.e.6775","ELEMENT":"f.3EFE59E47BCAC700A535F57DF4769BD4.d.1117069A24FBF1ACBCB4375B3B083321.e.6775"}]}
COMMAND: POST /session/cd4e213f90090bc7497a341d701e98a6/element - {"using":"css selector","value":"#shell-header-logo"}
COMMAND: GET /session/cd4e213f90090bc7497a341d701e98a6/screenshot - {}
RESULT: {"using":"css selector","value":"#shell-header-logo"}
COMMAND: POST /session/cd4e213f90090bc7497a341d701e98a6/execute/sync - {"script":"<script> [8489 bytes]","args":[{"element-6066-11e4-a52e-4f735466cecf":"f.3EFE59E47BCAC700A535F57DF4769BD4.d.1117069A24FBF1ACBCB4375B3B083321.e.6775","ELEMENT":"f.3EFE59E47BCAC700A535F57DF4769BD4.d.1117069A24FBF1ACBCB4375B3B083321.e.6775"}]}
RESULT: {}
RESULT: {"script":"<script> [8489 bytes]","args":[{"element-6066-11e4-a52e-4f735466cecf":"f.3EFE59E47BCAC700A535F57DF4769BD4.d.1117069A24FBF1ACBCB4375B3B083321.e.6775","ELEMENT":"f.3EFE59E47BCAC700A535F57DF4769BD4.d.1117069A24FBF1ACBCB4375B3B083321.e.6775"}]}
COMMAND: POST /session/cd4e213f90090bc7497a341d701e98a6/execute/sync - {"script":"<script> [5351 bytes]","args":[{"element-6066-11e4-a52e-4f735466cecf":"f.3EFE59E47BCAC700A535F57DF4769BD4.d.1117069A24FBF1ACBCB4375B3B083321.e.6775","ELEMENT":"f.3EFE59E47BCAC700A535F57DF4769BD4.d.1117069A24FBF1ACBCB4375B3B083321.e.6775"}]}
COMMAND: GET /session/cd4e213f90090bc7497a341d701e98a6/screenshot - {}
RESULT: {"script":"<script> [5351 bytes]","args":[{"element-6066-11e4-a52e-4f735466cecf":"f.3EFE59E47BCAC700A535F57DF4769BD4.d.1117069A24FBF1ACBCB4375B3B083321.e.6775","ELEMENT":"f.3EFE59E47BCAC700A535F57DF4769BD4.d.1117069A24FBF1ACBCB4375B3B083321.e.6775"}]}
COMMAND: POST /session/cd4e213f90090bc7497a341d701e98a6/element - {"using":"css selector","value":"#shell-header-logo"}
COMMAND: GET /session/cd4e213f90090bc7497a341d701e98a6/screenshot - {}
RESULT: {}
RESULT: {"using":"css selector","value":"#shell-header-logo"}
COMMAND: POST /session/cd4e213f90090bc7497a341d701e98a6/element/f.3EFE59E47BCAC700A535F57DF4769BD4.d.1117069A24FBF1ACBCB4375B3B083321.e.6775/click - {}
RESULT: {}
RESULT: {}
COMMAND: GET /session/cd4e213f90090bc7497a341d701e98a6/screenshot - {}
RESULT: {}
COMMAND: POST /session/cd4e213f90090bc7497a341d701e98a6/execute/async - {"script":"<script> [189 bytes]","args":[]}
RESULT: {"script":"<script> [189 bytes]","args":[]}
COMMAND: POST /session/cd4e213f90090bc7497a341d701e98a6/execute/async - {"script":"<script> [123 bytes]","args":[]}
RESULT: {"script":"<script> [123 bytes]","args":[]}
COMMAND: POST /session/cd4e213f90090bc7497a341d701e98a6/timeouts - {"script":"<number>"}
RESULT: {"script":"<number>"}
COMMAND: GET /session/cd4e213f90090bc7497a341d701e98a6/timeouts - {}
RESULT: {}
RESULT: undefined
COMMAND: POST /session/cd4e213f90090bc7497a341d701e98a6/execute/async - {"script":"<script> [2676 bytes]","args":[]}
RESULT: {"script":"<script> [2676 bytes]","args":[]}
COMMAND: POST /session/cd4e213f90090bc7497a341d701e98a6/execute/async - {"script":"<script> [2342 bytes]","args":[{"protocol":"http","hostname":"0.0.0.0","path":"/","capabilities":{"browserName":"chrome","goog:chromeOptions":{"binary":"C:\\Program Files\\Google\\Chrome\\Application\\chrome.exe","args":["--start-maximized"]}},"logLevel":"warn","connectionRetryTimeout":120000,"connectionRetryCount":3,"logLevels":{},"enableDirectConnect":true,"strictSSL":true,"_":"65 more keys: [\"cacheDir\",\"port\",\"requestedCapabilities\",\"automationProtocol\",\"baseUrl\",\"waitforInterval\",\"waitforTimeout\",\"onReload\",\"beforeCommand\",\"afterCommand\",\"rootDir\",\"specs\",\"suites\",\"exclude\",\"groupLogsByTestSpec\",\"excludeDriverLogs\",\"bail\",\"framework\",\"reporters\",\"services\",\"maxInstances\",\"maxInstancesPerCapability\",\"injectGlobals\",\"filesToWatch\",\"execArgv\",\"runnerEnv\",\"runner\",\"shard\",\"specFileRetries\",\"specFileRetriesDelay\",\"specFileRetriesDeferred\",\"reporterSyncInterval\",\"reporterSyncTimeout\",\"cucumberFeaturesWithLineNumbers\",\"autoCompileOpts\",\"mochaOpts\",\"jasmineOpts\",\"cucumberOpts\",\"onPrepare\",\"onWorkerStart\",\"onWorkerEnd\",\"before\",\"beforeSession\",\"beforeSuite\",\"beforeHook\",\"beforeTest\",\"afterTest\",\"afterHook\",\"afterSuite\",\"afterSession\",\"after\",\"onComplete\",\"beforeAssertion\",\"afterAssertion\",\"beforeFeature\",\"beforeScenario\",\"beforeStep\",\"afterStep\",\"afterScenario\",\"afterFeature\",\"_\",\"suite\",\"$0\",\"ignoredWorkerServices\",\"wdi5\"]"}]}
RESULT: {"script":"<script> [2342 bytes]","args":[{"protocol":"http","hostname":"0.0.0.0","path":"/","capabilities":{"browserName":"chrome","goog:chromeOptions":{"binary":"C:\\Program Files\\Google\\Chrome\\Application\\chrome.exe","args":["--start-maximized"]}},"logLevel":"warn","connectionRetryTimeout":120000,"connectionRetryCount":3,"logLevels":{},"enableDirectConnect":true,"strictSSL":true,"_":"65 more keys: [\"cacheDir\",\"port\",\"requestedCapabilities\",\"automationProtocol\",\"baseUrl\",\"waitforInterval\",\"waitforTimeout\",\"onReload\",\"beforeCommand\",\"afterCommand\",\"rootDir\",\"specs\",\"suites\",\"exclude\",\"groupLogsByTestSpec\",\"excludeDriverLogs\",\"bail\",\"framework\",\"reporters\",\"services\",\"maxInstances\",\"maxInstancesPerCapability\",\"injectGlobals\",\"filesToWatch\",\"execArgv\",\"runnerEnv\",\"runner\",\"shard\",\"specFileRetries\",\"specFileRetriesDelay\",\"specFileRetriesDeferred\",\"reporterSyncInterval\",\"reporterSyncTimeout\",\"cucumberFeaturesWithLineNumbers\",\"autoCompileOpts\",\"mochaOpts\",\"jasmineOpts\",\"cucumberOpts\",\"onPrepare\",\"onWorkerStart\",\"onWorkerEnd\",\"before\",\"beforeSession\",\"beforeSuite\",\"beforeHook\",\"beforeTest\",\"afterTest\",\"afterHook\",\"afterSuite\",\"afterSession\",\"after\",\"onComplete\",\"beforeAssertion\",\"afterAssertion\",\"beforeFeature\",\"beforeScenario\",\"beforeStep\",\"afterStep\",\"afterScenario\",\"afterFeature\",\"_\",\"suite\",\"$0\",\"ignoredWorkerServices\",\"wdi5\"]"}]}
COMMAND: POST /session/cd4e213f90090bc7497a341d701e98a6/execute/async - {"script":"<script> [21126 bytes]","args":[35000]}
RESULT: {"script":"<script> [21126 bytes]","args":[35000]}
COMMAND: POST /session/cd4e213f90090bc7497a341d701e98a6/window/maximize - {}
RESULT: {}
COMMAND: POST /session/cd4e213f90090bc7497a341d701e98a6/execute/async - {"script":"<script> [1562 bytes]","args":[{"selector":{"id":"shell-header","interaction":{"idSuffix":"icon"}},"wdio_ui5_key":"shellheader"}]}
COMMAND: GET /session/cd4e213f90090bc7497a341d701e98a6/screenshot - {}
RESULT: {"script":"<script> [1562 bytes]","args":[{"selector":{"id":"shell-header","interaction":{"idSuffix":"icon"}},"wdio_ui5_key":"shellheader"}]}
RESULT: undefined
COMMAND: POST /session/cd4e213f90090bc7497a341d701e98a6/window/fullscreen - {}
RESULT: {}
RESULT: {}
]]></system-out>
      <system-err><![CDATA[
Error: expect(received).toEqual(expected) // deep equality

Expected: "stored"
Received: undefined
    at Context.<anonymous> (D:\a\1\s\test\specs\HTR\provide-to-site-w-warehouse-wo-clarification.spec.js:229:28)
]]></system-err>
    </testcase>
  </testsuite>
  <testsuite timestamp="2025-05-22T16:51:02" time="535.288" tests="4" failures="0" errors="0" skipped="0">
    <properties>
      <property name="specId" value="0"/>
      <property name="suiteName" value="Provide to Site w/o warehouse management w/ clarification US116605"/>
      <property name="capabilities" value="chrome.136_0_7103_93.windows"/>
      <property name="file" value="file:///D:/a/1/s/test/specs/HTR/provide-to-site-wo-warehouse-w-clarification.spec.js"/>
    </properties>
    <testcase classname="chrome.136_0_7103_93.windows.Provide_to_Site_w/o_warehouse_management_w/_clarification_US116605" name="Should create a new yard" time="124.877">
      <system-out><![CDATA[
COMMAND: POST /session/cd4e213f90090bc7497a341d701e98a6/window/fullscreen - {}
RESULT: {}
COMMAND: POST /session/cd4e213f90090bc7497a341d701e98a6/execute/async - {"script":"<script> [1562 bytes]","args":[{"selector":{"controlType":"sap.m.GenericTile","properties":{"header":"Manage Yards"}},"wdio_ui5_key":"sapm.GenericTile{\"header\":\"Manage Yards\"}"}]}
RESULT: {"script":"<script> [1562 bytes]","args":[{"selector":{"controlType":"sap.m.GenericTile","properties":{"header":"Manage Yards"}},"wdio_ui5_key":"sapm.GenericTile{\"header\":\"Manage Yards\"}"}]}
RESULT: undefined
COMMAND: POST /session/cd4e213f90090bc7497a341d701e98a6/element - {"using":"xpath","value":"//*[@id=\"__tile33\"]"}
RESULT: {"using":"xpath","value":"//*[@id=\"__tile33\"]"}
COMMAND: POST /session/cd4e213f90090bc7497a341d701e98a6/element/f.3EFE59E47BCAC700A535F57DF4769BD4.d.1117069A24FBF1ACBCB4375B3B083321.e.6805/click - {}
RESULT: {}
COMMAND: GET /session/cd4e213f90090bc7497a341d701e98a6/screenshot - {}
RESULT: {}
COMMAND: POST /session/cd4e213f90090bc7497a341d701e98a6/elements - {"using":"xpath","value":"//span[text()='Error']"}
RESULT: {"using":"xpath","value":"//span[text()='Error']"}
COMMAND: POST /session/cd4e213f90090bc7497a341d701e98a6/element - {"using":"xpath","value":"//button[@data-kt=\"addNewYardOverflowToolbarButton\"]"}
RESULT: {"using":"xpath","value":"//button[@data-kt=\"addNewYardOverflowToolbarButton\"]"}
COMMAND: POST /session/cd4e213f90090bc7497a341d701e98a6/elements - {"using":"xpath","value":"//button[@data-kt=\"addNewYardOverflowToolbarButton\"]"}
RESULT: {"using":"xpath","value":"//button[@data-kt=\"addNewYardOverflowToolbarButton\"]"}
COMMAND: POST /session/cd4e213f90090bc7497a341d701e98a6/execute/sync - {"script":"<script> [8489 bytes]","args":[{"element-6066-11e4-a52e-4f735466cecf":"f.3EFE59E47BCAC700A535F57DF4769BD4.d.1117069A24FBF1ACBCB4375B3B083321.e.6941","ELEMENT":"f.3EFE59E47BCAC700A535F57DF4769BD4.d.1117069A24FBF1ACBCB4375B3B083321.e.6941"}]}
RESULT: {"script":"<script> [8489 bytes]","args":[{"element-6066-11e4-a52e-4f735466cecf":"f.3EFE59E47BCAC700A535F57DF4769BD4.d.1117069A24FBF1ACBCB4375B3B083321.e.6941","ELEMENT":"f.3EFE59E47BCAC700A535F57DF4769BD4.d.1117069A24FBF1ACBCB4375B3B083321.e.6941"}]}
COMMAND: GET /session/cd4e213f90090bc7497a341d701e98a6/element/f.3EFE59E47BCAC700A535F57DF4769BD4.d.1117069A24FBF1ACBCB4375B3B083321.e.6941/enabled - {}
COMMAND: GET /session/cd4e213f90090bc7497a341d701e98a6/screenshot - {}
RESULT: {}
COMMAND: POST /session/cd4e213f90090bc7497a341d701e98a6/execute/sync - {"script":"<script> [8489 bytes]","args":[{"element-6066-11e4-a52e-4f735466cecf":"f.3EFE59E47BCAC700A535F57DF4769BD4.d.1117069A24FBF1ACBCB4375B3B083321.e.6941","ELEMENT":"f.3EFE59E47BCAC700A535F57DF4769BD4.d.1117069A24FBF1ACBCB4375B3B083321.e.6941"}]}
COMMAND: GET /session/cd4e213f90090bc7497a341d701e98a6/screenshot - {}
RESULT: {}
RESULT: {"script":"<script> [8489 bytes]","args":[{"element-6066-11e4-a52e-4f735466cecf":"f.3EFE59E47BCAC700A535F57DF4769BD4.d.1117069A24FBF1ACBCB4375B3B083321.e.6941","ELEMENT":"f.3EFE59E47BCAC700A535F57DF4769BD4.d.1117069A24FBF1ACBCB4375B3B083321.e.6941"}]}
COMMAND: POST /session/cd4e213f90090bc7497a341d701e98a6/execute/sync - {"script":"<script> [5351 bytes]","args":[{"element-6066-11e4-a52e-4f735466cecf":"f.3EFE59E47BCAC700A535F57DF4769BD4.d.1117069A24FBF1ACBCB4375B3B083321.e.6941","ELEMENT":"f.3EFE59E47BCAC700A535F57DF4769BD4.d.1117069A24FBF1ACBCB4375B3B083321.e.6941"}]}
RESULT: {}
COMMAND: GET /session/cd4e213f90090bc7497a341d701e98a6/screenshot - {}
RESULT: {"script":"<script> [5351 bytes]","args":[{"element-6066-11e4-a52e-4f735466cecf":"f.3EFE59E47BCAC700A535F57DF4769BD4.d.1117069A24FBF1ACBCB4375B3B083321.e.6941","ELEMENT":"f.3EFE59E47BCAC700A535F57DF4769BD4.d.1117069A24FBF1ACBCB4375B3B083321.e.6941"}]}
COMMAND: POST /session/cd4e213f90090bc7497a341d701e98a6/element/f.3EFE59E47BCAC700A535F57DF4769BD4.d.1117069A24FBF1ACBCB4375B3B083321.e.6941/click - {}
COMMAND: GET /session/cd4e213f90090bc7497a341d701e98a6/screenshot - {}
RESULT: {}
RESULT: {}
COMMAND: GET /session/cd4e213f90090bc7497a341d701e98a6/screenshot - {}
RESULT: {}
COMMAND: POST /session/cd4e213f90090bc7497a341d701e98a6/element - {"using":"xpath","value":"//input[@id=\"application-manageyards-display-component---NewYard--yardId-inner\"]"}
RESULT: {}
RESULT: {"using":"xpath","value":"//input[@id=\"application-manageyards-display-component---NewYard--yardId-inner\"]"}
COMMAND: POST /session/cd4e213f90090bc7497a341d701e98a6/element - {"using":"xpath","value":"//input[@id=\"application-manageyards-display-component---NewYard--yardId-inner\"]"}
RESULT: {"using":"xpath","value":"//input[@id=\"application-manageyards-display-component---NewYard--yardId-inner\"]"}
COMMAND: POST /session/cd4e213f90090bc7497a341d701e98a6/execute/async - {"script":"<script> [1562 bytes]","args":[{"selector":{"id":"application-manageyards-display-component---NewYard--addressDetailDetailsName1","interaction":{"idSuffix":"inner"}},"wdio_ui5_key":"applicationmanageyards-display-component---NewYard--addressDetailDetailsName1"}]}
RESULT: {"script":"<script> [1562 bytes]","args":[{"selector":{"id":"application-manageyards-display-component---NewYard--addressDetailDetailsName1","interaction":{"idSuffix":"inner"}},"wdio_ui5_key":"applicationmanageyards-display-component---NewYard--addressDetailDetailsName1"}]}
RESULT: undefined
COMMAND: POST /session/cd4e213f90090bc7497a341d701e98a6/execute/async - {"script":"<script> [776 bytes]","args":[{"enterText":"Other Yard WDIO","selector":{"id":"application-manageyards-display-component---NewYard--addressDetailDetailsName1","interaction":{"idSuffix":"inner"}},"clearTextFirst":true,"interactionType":"ENTER_TEXT"}]}
RESULT: {"script":"<script> [776 bytes]","args":[{"enterText":"Other Yard WDIO","selector":{"id":"application-manageyards-display-component---NewYard--addressDetailDetailsName1","interaction":{"idSuffix":"inner"}},"clearTextFirst":true,"interactionType":"ENTER_TEXT"}]}
COMMAND: POST /session/cd4e213f90090bc7497a341d701e98a6/execute/async - {"script":"<script> [1562 bytes]","args":[{"selector":{"id":"application-manageyards-display-component---NewYard--addressDetailDetailsLanguage-arrow"},"wdio_ui5_key":"applicationmanageyards-display-component---NewYard--addressDetailDetailsLanguage-arrow"}]}
RESULT: {"script":"<script> [1562 bytes]","args":[{"selector":{"id":"application-manageyards-display-component---NewYard--addressDetailDetailsLanguage-arrow"},"wdio_ui5_key":"applicationmanageyards-display-component---NewYard--addressDetailDetailsLanguage-arrow"}]}
RESULT: undefined
COMMAND: POST /session/cd4e213f90090bc7497a341d701e98a6/element - {"using":"xpath","value":"//*[@id=\"application-manageyards-display-component---NewYard--addressDetailDetailsLanguage-arrow\"]"}
RESULT: {"using":"xpath","value":"//*[@id=\"application-manageyards-display-component---NewYard--addressDetailDetailsLanguage-arrow\"]"}
COMMAND: POST /session/cd4e213f90090bc7497a341d701e98a6/element/f.3EFE59E47BCAC700A535F57DF4769BD4.d.1117069A24FBF1ACBCB4375B3B083321.e.7357/click - {}
RESULT: {}
COMMAND: POST /session/cd4e213f90090bc7497a341d701e98a6/element - {"using":"xpath","value":"//span[contains(text(), \"English\")]"}
COMMAND: GET /session/cd4e213f90090bc7497a341d701e98a6/screenshot - {}
RESULT: {"using":"xpath","value":"//span[contains(text(), \"English\")]"}
COMMAND: POST /session/cd4e213f90090bc7497a341d701e98a6/element/f.3EFE59E47BCAC700A535F57DF4769BD4.d.1117069A24FBF1ACBCB4375B3B083321.e.7358/click - {}
RESULT: {}
RESULT: {}
COMMAND: POST /session/cd4e213f90090bc7497a341d701e98a6/execute/async - {"script":"<script> [1562 bytes]","args":[{"selector":{"id":"application-manageyards-display-component---NewYard--addressDetailDetailsCity1","interaction":{"idSuffix":"inner"}},"wdio_ui5_key":"applicationmanageyards-display-component---NewYard--addressDetailDetailsCity1"}]}
COMMAND: GET /session/cd4e213f90090bc7497a341d701e98a6/screenshot - {}
RESULT: {"script":"<script> [1562 bytes]","args":[{"selector":{"id":"application-manageyards-display-component---NewYard--addressDetailDetailsCity1","interaction":{"idSuffix":"inner"}},"wdio_ui5_key":"applicationmanageyards-display-component---NewYard--addressDetailDetailsCity1"}]}
RESULT: undefined
COMMAND: POST /session/cd4e213f90090bc7497a341d701e98a6/execute/async - {"script":"<script> [776 bytes]","args":[{"enterText":"Rosario","selector":{"id":"application-manageyards-display-component---NewYard--addressDetailDetailsCity1","interaction":{"idSuffix":"inner"}},"clearTextFirst":true,"interactionType":"ENTER_TEXT"}]}
RESULT: {}
RESULT: {"script":"<script> [776 bytes]","args":[{"enterText":"Rosario","selector":{"id":"application-manageyards-display-component---NewYard--addressDetailDetailsCity1","interaction":{"idSuffix":"inner"}},"clearTextFirst":true,"interactionType":"ENTER_TEXT"}]}
COMMAND: POST /session/cd4e213f90090bc7497a341d701e98a6/execute/async - {"script":"<script> [1562 bytes]","args":[{"selector":{"id":"application-manageyards-display-component---NewYard--addressDetailDetailsCountry-arrow"},"wdio_ui5_key":"applicationmanageyards-display-component---NewYard--addressDetailDetailsCountry-arrow"}]}
RESULT: {"script":"<script> [1562 bytes]","args":[{"selector":{"id":"application-manageyards-display-component---NewYard--addressDetailDetailsCountry-arrow"},"wdio_ui5_key":"applicationmanageyards-display-component---NewYard--addressDetailDetailsCountry-arrow"}]}
RESULT: undefined
COMMAND: POST /session/cd4e213f90090bc7497a341d701e98a6/element - {"using":"xpath","value":"//*[@id=\"application-manageyards-display-component---NewYard--addressDetailDetailsCountry-arrow\"]"}
RESULT: {"using":"xpath","value":"//*[@id=\"application-manageyards-display-component---NewYard--addressDetailDetailsCountry-arrow\"]"}
COMMAND: POST /session/cd4e213f90090bc7497a341d701e98a6/element/f.3EFE59E47BCAC700A535F57DF4769BD4.d.1117069A24FBF1ACBCB4375B3B083321.e.7360/click - {}
RESULT: {}
COMMAND: POST /session/cd4e213f90090bc7497a341d701e98a6/element - {"using":"xpath","value":"//span[contains(text(), \"Argentina\")]"}
COMMAND: GET /session/cd4e213f90090bc7497a341d701e98a6/screenshot - {}
RESULT: {"using":"xpath","value":"//span[contains(text(), \"Argentina\")]"}
COMMAND: POST /session/cd4e213f90090bc7497a341d701e98a6/element/f.3EFE59E47BCAC700A535F57DF4769BD4.d.1117069A24FBF1ACBCB4375B3B083321.e.7361/click - {}
RESULT: {}
RESULT: {}
COMMAND: POST /session/cd4e213f90090bc7497a341d701e98a6/execute/async - {"script":"<script> [1562 bytes]","args":[{"selector":{"id":"application-manageyards-display-component---NewYard--addressEditDetailsCostObjectCstType-arrow"},"wdio_ui5_key":"applicationmanageyards-display-component---NewYard--addressEditDetailsCostObjectCstType-arrow"}]}
COMMAND: GET /session/cd4e213f90090bc7497a341d701e98a6/screenshot - {}
RESULT: {"script":"<script> [1562 bytes]","args":[{"selector":{"id":"application-manageyards-display-component---NewYard--addressEditDetailsCostObjectCstType-arrow"},"wdio_ui5_key":"applicationmanageyards-display-component---NewYard--addressEditDetailsCostObjectCstType-arrow"}]}
RESULT: undefined
COMMAND: POST /session/cd4e213f90090bc7497a341d701e98a6/element - {"using":"xpath","value":"//*[@id=\"application-manageyards-display-component---NewYard--addressEditDetailsCostObjectCstType-arrow\"]"}
RESULT: {}
RESULT: {"using":"xpath","value":"//*[@id=\"application-manageyards-display-component---NewYard--addressEditDetailsCostObjectCstType-arrow\"]"}
COMMAND: POST /session/cd4e213f90090bc7497a341d701e98a6/element/f.3EFE59E47BCAC700A535F57DF4769BD4.d.1117069A24FBF1ACBCB4375B3B083321.e.7362/click - {}
RESULT: {}
COMMAND: POST /session/cd4e213f90090bc7497a341d701e98a6/element - {"using":"xpath","value":"//span[contains(text(), \"Cost Center\")]"}
COMMAND: GET /session/cd4e213f90090bc7497a341d701e98a6/screenshot - {}
RESULT: {"using":"xpath","value":"//span[contains(text(), \"Cost Center\")]"}
COMMAND: POST /session/cd4e213f90090bc7497a341d701e98a6/element/f.3EFE59E47BCAC700A535F57DF4769BD4.d.1117069A24FBF1ACBCB4375B3B083321.e.7363/click - {}
RESULT: {}
RESULT: {}
COMMAND: GET /session/cd4e213f90090bc7497a341d701e98a6/screenshot - {}
RESULT: {}
COMMAND: POST /session/cd4e213f90090bc7497a341d701e98a6/element - {"using":"xpath","value":"//span[@id=\"application-manageyards-display-component---NewYard--addressNewCostObjectCstID-vhi\"]"}
RESULT: {"using":"xpath","value":"//span[@id=\"application-manageyards-display-component---NewYard--addressNewCostObjectCstID-vhi\"]"}
COMMAND: POST /session/cd4e213f90090bc7497a341d701e98a6/execute/sync - {"script":"<script> [8489 bytes]","args":[{"element-6066-11e4-a52e-4f735466cecf":"f.3EFE59E47BCAC700A535F57DF4769BD4.d.1117069A24FBF1ACBCB4375B3B083321.e.7367","ELEMENT":"f.3EFE59E47BCAC700A535F57DF4769BD4.d.1117069A24FBF1ACBCB4375B3B083321.e.7367"}]}
RESULT: {"script":"<script> [8489 bytes]","args":[{"element-6066-11e4-a52e-4f735466cecf":"f.3EFE59E47BCAC700A535F57DF4769BD4.d.1117069A24FBF1ACBCB4375B3B083321.e.7367","ELEMENT":"f.3EFE59E47BCAC700A535F57DF4769BD4.d.1117069A24FBF1ACBCB4375B3B083321.e.7367"}]}
COMMAND: POST /session/cd4e213f90090bc7497a341d701e98a6/execute/async - {"script":"<script> [1562 bytes]","args":[{"selector":{"id":"application-manageyards-display-component---NewYard--addressNewCostObjectCstID-vhi"},"wdio_ui5_key":"applicationmanageyards-display-component---NewYard--addressNewCostObjectCstID-vhi"}]}
COMMAND: GET /session/cd4e213f90090bc7497a341d701e98a6/screenshot - {}
RESULT: {"script":"<script> [1562 bytes]","args":[{"selector":{"id":"application-manageyards-display-component---NewYard--addressNewCostObjectCstID-vhi"},"wdio_ui5_key":"applicationmanageyards-display-component---NewYard--addressNewCostObjectCstID-vhi"}]}
RESULT: undefined
COMMAND: POST /session/cd4e213f90090bc7497a341d701e98a6/element - {"using":"xpath","value":"//*[@id=\"application-manageyards-display-component---NewYard--addressNewCostObjectCstID-vhi\"]"}
RESULT: {}
RESULT: {"using":"xpath","value":"//*[@id=\"application-manageyards-display-component---NewYard--addressNewCostObjectCstID-vhi\"]"}
COMMAND: POST /session/cd4e213f90090bc7497a341d701e98a6/element/f.3EFE59E47BCAC700A535F57DF4769BD4.d.1117069A24FBF1ACBCB4375B3B083321.e.7367/click - {}
RESULT: {}
COMMAND: GET /session/cd4e213f90090bc7497a341d701e98a6/screenshot - {}
RESULT: {}
COMMAND: POST /session/cd4e213f90090bc7497a341d701e98a6/execute/async - {"script":"<script> [1562 bytes]","args":[{"selector":{"controlType":"sap.m.SearchField","properties":{"placeholder":"Search"},"searchOpenDialogs":true,"interaction":{"idSuffix":"I"}},"wdio_ui5_key":"sapm.SearchField{\"placeholder\":\"Search\"}"}]}
RESULT: {"script":"<script> [1562 bytes]","args":[{"selector":{"controlType":"sap.m.SearchField","properties":{"placeholder":"Search"},"searchOpenDialogs":true,"interaction":{"idSuffix":"I"}},"wdio_ui5_key":"sapm.SearchField{\"placeholder\":\"Search\"}"}]}
RESULT: undefined
COMMAND: POST /session/cd4e213f90090bc7497a341d701e98a6/execute/async - {"script":"<script> [776 bytes]","args":[{"enterText":"bauh_b","selector":{"controlType":"sap.m.SearchField","properties":{"placeholder":"Search"},"searchOpenDialogs":true,"interaction":{"idSuffix":"I"}},"clearTextFirst":true,"interactionType":"ENTER_TEXT"}]}
RESULT: {"script":"<script> [776 bytes]","args":[{"enterText":"bauh_b","selector":{"controlType":"sap.m.SearchField","properties":{"placeholder":"Search"},"searchOpenDialogs":true,"interaction":{"idSuffix":"I"}},"clearTextFirst":true,"interactionType":"ENTER_TEXT"}]}
COMMAND: POST /session/cd4e213f90090bc7497a341d701e98a6/actions - {"actions":[{"id":"action28","type":"key","parameters":{},"actions":[{"type":"keyDown","value":""},{"type":"pause","duration":10},{"type":"keyUp","value":""}]}]}
RESULT: {"actions":[{"id":"action28","type":"key","parameters":{},"actions":[{"type":"keyDown","value":""},{"type":"pause","duration":10},{"type":"keyUp","value":""}]}]}
COMMAND: GET /session/cd4e213f90090bc7497a341d701e98a6/screenshot - {}
RESULT: {}
COMMAND: POST /session/cd4e213f90090bc7497a341d701e98a6/element - {"using":"xpath","value":"//span[contains(text(), \"Demo Yard\")]"}
RESULT: {"using":"xpath","value":"//span[contains(text(), \"Demo Yard\")]"}
COMMAND: POST /session/cd4e213f90090bc7497a341d701e98a6/element/f.3EFE59E47BCAC700A535F57DF4769BD4.d.1117069A24FBF1ACBCB4375B3B083321.e.7410/click - {}
RESULT: {}
COMMAND: GET /session/cd4e213f90090bc7497a341d701e98a6/screenshot - {}
RESULT: {}
COMMAND: POST /session/cd4e213f90090bc7497a341d701e98a6/element - {"using":"xpath","value":"//bdi[contains(text(), \"OK\")]"}
RESULT: {"using":"xpath","value":"//bdi[contains(text(), \"OK\")]"}
COMMAND: POST /session/cd4e213f90090bc7497a341d701e98a6/element/f.3EFE59E47BCAC700A535F57DF4769BD4.d.1117069A24FBF1ACBCB4375B3B083321.e.7411/click - {}
RESULT: {}
COMMAND: GET /session/cd4e213f90090bc7497a341d701e98a6/screenshot - {}
RESULT: {}
COMMAND: POST /session/cd4e213f90090bc7497a341d701e98a6/execute/async - {"script":"<script> [1562 bytes]","args":[{"selector":{"id":"application-manageyards-display-component---NewYard--addressEditDetailsCurrency-arrow"},"wdio_ui5_key":"applicationmanageyards-display-component---NewYard--addressEditDetailsCurrency-arrow"}]}
RESULT: {"script":"<script> [1562 bytes]","args":[{"selector":{"id":"application-manageyards-display-component---NewYard--addressEditDetailsCurrency-arrow"},"wdio_ui5_key":"applicationmanageyards-display-component---NewYard--addressEditDetailsCurrency-arrow"}]}
RESULT: undefined
COMMAND: POST /session/cd4e213f90090bc7497a341d701e98a6/element - {"using":"xpath","value":"//*[@id=\"application-manageyards-display-component---NewYard--addressEditDetailsCurrency-arrow\"]"}
RESULT: {"using":"xpath","value":"//*[@id=\"application-manageyards-display-component---NewYard--addressEditDetailsCurrency-arrow\"]"}
COMMAND: POST /session/cd4e213f90090bc7497a341d701e98a6/element/f.3EFE59E47BCAC700A535F57DF4769BD4.d.1117069A24FBF1ACBCB4375B3B083321.e.7414/click - {}
RESULT: {}
COMMAND: POST /session/cd4e213f90090bc7497a341d701e98a6/element - {"using":"xpath","value":"//span[contains(text(), \"Euro\")]"}
COMMAND: GET /session/cd4e213f90090bc7497a341d701e98a6/screenshot - {}
RESULT: {"using":"xpath","value":"//span[contains(text(), \"Euro\")]"}
COMMAND: POST /session/cd4e213f90090bc7497a341d701e98a6/element/f.3EFE59E47BCAC700A535F57DF4769BD4.d.1117069A24FBF1ACBCB4375B3B083321.e.7415/click - {}
RESULT: {}
RESULT: {}
COMMAND: POST /session/cd4e213f90090bc7497a341d701e98a6/execute/async - {"script":"<script> [1562 bytes]","args":[{"selector":{"controlType":"sap.m.Input","viewName":"etm.portal.ui.manageyards.view.New","viewId":"application-manageyards-display-component---NewYard","bindingPath":{"path":"","propertyPath":"/CONTROLLING_AREA","modelName":"NewYardModel"},"interaction":{"idSuffix":"inner"}},"wdio_ui5_key":"etmportal.ui.manageyards.view.Newsap.m.Input{\"path\":\"\",\"propertyPath\":\"/CONTROLLING_AREA\",\"modelName\":\"NewYardModel\"}"}]}
COMMAND: GET /session/cd4e213f90090bc7497a341d701e98a6/screenshot - {}
RESULT: {"script":"<script> [1562 bytes]","args":[{"selector":{"controlType":"sap.m.Input","viewName":"etm.portal.ui.manageyards.view.New","viewId":"application-manageyards-display-component---NewYard","bindingPath":{"path":"","propertyPath":"/CONTROLLING_AREA","modelName":"NewYardModel"},"interaction":{"idSuffix":"inner"}},"wdio_ui5_key":"etmportal.ui.manageyards.view.Newsap.m.Input{\"path\":\"\",\"propertyPath\":\"/CONTROLLING_AREA\",\"modelName\":\"NewYardModel\"}"}]}
RESULT: undefined
COMMAND: POST /session/cd4e213f90090bc7497a341d701e98a6/execute/async - {"script":"<script> [776 bytes]","args":[{"enterText":"Z001","selector":{"controlType":"sap.m.Input","viewName":"etm.portal.ui.manageyards.view.New","viewId":"application-manageyards-display-component---NewYard","bindingPath":{"path":"","propertyPath":"/CONTROLLING_AREA","modelName":"NewYardModel"},"interaction":{"idSuffix":"inner"}},"clearTextFirst":true,"interactionType":"ENTER_TEXT"}]}
RESULT: {}
RESULT: {"script":"<script> [776 bytes]","args":[{"enterText":"Z001","selector":{"controlType":"sap.m.Input","viewName":"etm.portal.ui.manageyards.view.New","viewId":"application-manageyards-display-component---NewYard","bindingPath":{"path":"","propertyPath":"/CONTROLLING_AREA","modelName":"NewYardModel"},"interaction":{"idSuffix":"inner"}},"clearTextFirst":true,"interactionType":"ENTER_TEXT"}]}
COMMAND: POST /session/cd4e213f90090bc7497a341d701e98a6/execute/async - {"script":"<script> [1562 bytes]","args":[{"selector":{"id":"application-manageyards-display-component---NewYard--companyCodeComboBox","interaction":{"idSuffix":"inner"}},"wdio_ui5_key":"applicationmanageyards-display-component---NewYard--companyCodeComboBox"}]}
RESULT: {"script":"<script> [1562 bytes]","args":[{"selector":{"id":"application-manageyards-display-component---NewYard--companyCodeComboBox","interaction":{"idSuffix":"inner"}},"wdio_ui5_key":"applicationmanageyards-display-component---NewYard--companyCodeComboBox"}]}
RESULT: undefined
COMMAND: POST /session/cd4e213f90090bc7497a341d701e98a6/execute/async - {"script":"<script> [776 bytes]","args":[{"enterText":"1000","selector":{"id":"application-manageyards-display-component---NewYard--companyCodeComboBox","interaction":{"idSuffix":"inner"}},"clearTextFirst":true,"interactionType":"ENTER_TEXT"}]}
RESULT: {"script":"<script> [776 bytes]","args":[{"enterText":"1000","selector":{"id":"application-manageyards-display-component---NewYard--companyCodeComboBox","interaction":{"idSuffix":"inner"}},"clearTextFirst":true,"interactionType":"ENTER_TEXT"}]}
COMMAND: POST /session/cd4e213f90090bc7497a341d701e98a6/execute/async - {"script":"<script> [1562 bytes]","args":[{"selector":{"controlType":"sap.m.Input","viewName":"etm.portal.ui.manageyards.view.New","viewId":"application-manageyards-display-component---NewYard","bindingPath":{"path":"","propertyPath":"/PLANT","modelName":"NewYardModel"},"interaction":{"idSuffix":"inner"}},"wdio_ui5_key":"etmportal.ui.manageyards.view.Newsap.m.Input{\"path\":\"\",\"propertyPath\":\"/PLANT\",\"modelName\":\"NewYardModel\"}"}]}
RESULT: {"script":"<script> [1562 bytes]","args":[{"selector":{"controlType":"sap.m.Input","viewName":"etm.portal.ui.manageyards.view.New","viewId":"application-manageyards-display-component---NewYard","bindingPath":{"path":"","propertyPath":"/PLANT","modelName":"NewYardModel"},"interaction":{"idSuffix":"inner"}},"wdio_ui5_key":"etmportal.ui.manageyards.view.Newsap.m.Input{\"path\":\"\",\"propertyPath\":\"/PLANT\",\"modelName\":\"NewYardModel\"}"}]}
RESULT: undefined
COMMAND: POST /session/cd4e213f90090bc7497a341d701e98a6/execute/async - {"script":"<script> [776 bytes]","args":[{"enterText":"1001","selector":{"controlType":"sap.m.Input","viewName":"etm.portal.ui.manageyards.view.New","viewId":"application-manageyards-display-component---NewYard","bindingPath":{"path":"","propertyPath":"/PLANT","modelName":"NewYardModel"},"interaction":{"idSuffix":"inner"}},"clearTextFirst":true,"interactionType":"ENTER_TEXT"}]}
RESULT: {"script":"<script> [776 bytes]","args":[{"enterText":"1001","selector":{"controlType":"sap.m.Input","viewName":"etm.portal.ui.manageyards.view.New","viewId":"application-manageyards-display-component---NewYard","bindingPath":{"path":"","propertyPath":"/PLANT","modelName":"NewYardModel"},"interaction":{"idSuffix":"inner"}},"clearTextFirst":true,"interactionType":"ENTER_TEXT"}]}
COMMAND: POST /session/cd4e213f90090bc7497a341d701e98a6/execute/async - {"script":"<script> [1562 bytes]","args":[{"selector":{"controlType":"sap.m.Input","viewName":"etm.portal.ui.manageyards.view.New","viewId":"application-manageyards-display-component---NewYard","bindingPath":{"path":"","propertyPath":"/SALES_AREA_VKORG","modelName":"NewYardModel"},"interaction":{"idSuffix":"inner"}},"wdio_ui5_key":"etmportal.ui.manageyards.view.Newsap.m.Input{\"path\":\"\",\"propertyPath\":\"/SALES_AREA_VKORG\",\"modelName\":\"NewYardModel\"}"}]}
RESULT: {"script":"<script> [1562 bytes]","args":[{"selector":{"controlType":"sap.m.Input","viewName":"etm.portal.ui.manageyards.view.New","viewId":"application-manageyards-display-component---NewYard","bindingPath":{"path":"","propertyPath":"/SALES_AREA_VKORG","modelName":"NewYardModel"},"interaction":{"idSuffix":"inner"}},"wdio_ui5_key":"etmportal.ui.manageyards.view.Newsap.m.Input{\"path\":\"\",\"propertyPath\":\"/SALES_AREA_VKORG\",\"modelName\":\"NewYardModel\"}"}]}
RESULT: undefined
COMMAND: POST /session/cd4e213f90090bc7497a341d701e98a6/execute/async - {"script":"<script> [776 bytes]","args":[{"enterText":"C002","selector":{"controlType":"sap.m.Input","viewName":"etm.portal.ui.manageyards.view.New","viewId":"application-manageyards-display-component---NewYard","bindingPath":{"path":"","propertyPath":"/SALES_AREA_VKORG","modelName":"NewYardModel"},"interaction":{"idSuffix":"inner"}},"clearTextFirst":true,"interactionType":"ENTER_TEXT"}]}
RESULT: {"script":"<script> [776 bytes]","args":[{"enterText":"C002","selector":{"controlType":"sap.m.Input","viewName":"etm.portal.ui.manageyards.view.New","viewId":"application-manageyards-display-component---NewYard","bindingPath":{"path":"","propertyPath":"/SALES_AREA_VKORG","modelName":"NewYardModel"},"interaction":{"idSuffix":"inner"}},"clearTextFirst":true,"interactionType":"ENTER_TEXT"}]}
COMMAND: POST /session/cd4e213f90090bc7497a341d701e98a6/execute/async - {"script":"<script> [1562 bytes]","args":[{"selector":{"controlType":"sap.m.Input","viewName":"etm.portal.ui.manageyards.view.New","viewId":"application-manageyards-display-component---NewYard","bindingPath":{"path":"","propertyPath":"/SALES_AREA_VTWEG","modelName":"NewYardModel"},"interaction":{"idSuffix":"inner"}},"wdio_ui5_key":"etmportal.ui.manageyards.view.Newsap.m.Input{\"path\":\"\",\"propertyPath\":\"/SALES_AREA_VTWEG\",\"modelName\":\"NewYardModel\"}"}]}
RESULT: {"script":"<script> [1562 bytes]","args":[{"selector":{"controlType":"sap.m.Input","viewName":"etm.portal.ui.manageyards.view.New","viewId":"application-manageyards-display-component---NewYard","bindingPath":{"path":"","propertyPath":"/SALES_AREA_VTWEG","modelName":"NewYardModel"},"interaction":{"idSuffix":"inner"}},"wdio_ui5_key":"etmportal.ui.manageyards.view.Newsap.m.Input{\"path\":\"\",\"propertyPath\":\"/SALES_AREA_VTWEG\",\"modelName\":\"NewYardModel\"}"}]}
RESULT: undefined
COMMAND: POST /session/cd4e213f90090bc7497a341d701e98a6/execute/async - {"script":"<script> [776 bytes]","args":[{"enterText":"C2","selector":{"controlType":"sap.m.Input","viewName":"etm.portal.ui.manageyards.view.New","viewId":"application-manageyards-display-component---NewYard","bindingPath":{"path":"","propertyPath":"/SALES_AREA_VTWEG","modelName":"NewYardModel"},"interaction":{"idSuffix":"inner"}},"clearTextFirst":true,"interactionType":"ENTER_TEXT"}]}
RESULT: {"script":"<script> [776 bytes]","args":[{"enterText":"C2","selector":{"controlType":"sap.m.Input","viewName":"etm.portal.ui.manageyards.view.New","viewId":"application-manageyards-display-component---NewYard","bindingPath":{"path":"","propertyPath":"/SALES_AREA_VTWEG","modelName":"NewYardModel"},"interaction":{"idSuffix":"inner"}},"clearTextFirst":true,"interactionType":"ENTER_TEXT"}]}
COMMAND: POST /session/cd4e213f90090bc7497a341d701e98a6/execute/async - {"script":"<script> [1562 bytes]","args":[{"selector":{"controlType":"sap.m.Input","viewName":"etm.portal.ui.manageyards.view.New","viewId":"application-manageyards-display-component---NewYard","bindingPath":{"path":"","propertyPath":"/SALES_AREA_SPART","modelName":"NewYardModel"},"interaction":{"idSuffix":"inner"}},"wdio_ui5_key":"etmportal.ui.manageyards.view.Newsap.m.Input{\"path\":\"\",\"propertyPath\":\"/SALES_AREA_SPART\",\"modelName\":\"NewYardModel\"}"}]}
RESULT: {"script":"<script> [1562 bytes]","args":[{"selector":{"controlType":"sap.m.Input","viewName":"etm.portal.ui.manageyards.view.New","viewId":"application-manageyards-display-component---NewYard","bindingPath":{"path":"","propertyPath":"/SALES_AREA_SPART","modelName":"NewYardModel"},"interaction":{"idSuffix":"inner"}},"wdio_ui5_key":"etmportal.ui.manageyards.view.Newsap.m.Input{\"path\":\"\",\"propertyPath\":\"/SALES_AREA_SPART\",\"modelName\":\"NewYardModel\"}"}]}
RESULT: undefined
COMMAND: POST /session/cd4e213f90090bc7497a341d701e98a6/execute/async - {"script":"<script> [776 bytes]","args":[{"enterText":"C2","selector":{"controlType":"sap.m.Input","viewName":"etm.portal.ui.manageyards.view.New","viewId":"application-manageyards-display-component---NewYard","bindingPath":{"path":"","propertyPath":"/SALES_AREA_SPART","modelName":"NewYardModel"},"interaction":{"idSuffix":"inner"}},"clearTextFirst":true,"interactionType":"ENTER_TEXT"}]}
RESULT: {"script":"<script> [776 bytes]","args":[{"enterText":"C2","selector":{"controlType":"sap.m.Input","viewName":"etm.portal.ui.manageyards.view.New","viewId":"application-manageyards-display-component---NewYard","bindingPath":{"path":"","propertyPath":"/SALES_AREA_SPART","modelName":"NewYardModel"},"interaction":{"idSuffix":"inner"}},"clearTextFirst":true,"interactionType":"ENTER_TEXT"}]}
COMMAND: POST /session/cd4e213f90090bc7497a341d701e98a6/execute/async - {"script":"<script> [1562 bytes]","args":[{"selector":{"controlType":"sap.m.Input","viewName":"etm.portal.ui.manageyards.view.New","viewId":"application-manageyards-display-component---NewYard","bindingPath":{"path":"","propertyPath":"/SHIP_POINT","modelName":"NewYardModel"},"interaction":{"idSuffix":"inner"}},"wdio_ui5_key":"etmportal.ui.manageyards.view.Newsap.m.Input{\"path\":\"\",\"propertyPath\":\"/SHIP_POINT\",\"modelName\":\"NewYardModel\"}"}]}
RESULT: {"script":"<script> [1562 bytes]","args":[{"selector":{"controlType":"sap.m.Input","viewName":"etm.portal.ui.manageyards.view.New","viewId":"application-manageyards-display-component---NewYard","bindingPath":{"path":"","propertyPath":"/SHIP_POINT","modelName":"NewYardModel"},"interaction":{"idSuffix":"inner"}},"wdio_ui5_key":"etmportal.ui.manageyards.view.Newsap.m.Input{\"path\":\"\",\"propertyPath\":\"/SHIP_POINT\",\"modelName\":\"NewYardModel\"}"}]}
RESULT: undefined
COMMAND: POST /session/cd4e213f90090bc7497a341d701e98a6/execute/async - {"script":"<script> [776 bytes]","args":[{"enterText":"1710","selector":{"controlType":"sap.m.Input","viewName":"etm.portal.ui.manageyards.view.New","viewId":"application-manageyards-display-component---NewYard","bindingPath":{"path":"","propertyPath":"/SHIP_POINT","modelName":"NewYardModel"},"interaction":{"idSuffix":"inner"}},"clearTextFirst":true,"interactionType":"ENTER_TEXT"}]}
RESULT: {"script":"<script> [776 bytes]","args":[{"enterText":"1710","selector":{"controlType":"sap.m.Input","viewName":"etm.portal.ui.manageyards.view.New","viewId":"application-manageyards-display-component---NewYard","bindingPath":{"path":"","propertyPath":"/SHIP_POINT","modelName":"NewYardModel"},"interaction":{"idSuffix":"inner"}},"clearTextFirst":true,"interactionType":"ENTER_TEXT"}]}
COMMAND: POST /session/cd4e213f90090bc7497a341d701e98a6/execute/async - {"script":"<script> [1562 bytes]","args":[{"selector":{"controlType":"sap.m.Input","viewName":"etm.portal.ui.manageyards.view.New","viewId":"application-manageyards-display-component---NewYard","bindingPath":{"path":"","propertyPath":"/DELIVERY_TYPE","modelName":"NewYardModel"},"interaction":{"idSuffix":"inner"}},"wdio_ui5_key":"etmportal.ui.manageyards.view.Newsap.m.Input{\"path\":\"\",\"propertyPath\":\"/DELIVERY_TYPE\",\"modelName\":\"NewYardModel\"}"}]}
RESULT: {"script":"<script> [1562 bytes]","args":[{"selector":{"controlType":"sap.m.Input","viewName":"etm.portal.ui.manageyards.view.New","viewId":"application-manageyards-display-component---NewYard","bindingPath":{"path":"","propertyPath":"/DELIVERY_TYPE","modelName":"NewYardModel"},"interaction":{"idSuffix":"inner"}},"wdio_ui5_key":"etmportal.ui.manageyards.view.Newsap.m.Input{\"path\":\"\",\"propertyPath\":\"/DELIVERY_TYPE\",\"modelName\":\"NewYardModel\"}"}]}
RESULT: undefined
COMMAND: POST /session/cd4e213f90090bc7497a341d701e98a6/execute/async - {"script":"<script> [776 bytes]","args":[{"enterText":"ZL01","selector":{"controlType":"sap.m.Input","viewName":"etm.portal.ui.manageyards.view.New","viewId":"application-manageyards-display-component---NewYard","bindingPath":{"path":"","propertyPath":"/DELIVERY_TYPE","modelName":"NewYardModel"},"interaction":{"idSuffix":"inner"}},"clearTextFirst":true,"interactionType":"ENTER_TEXT"}]}
RESULT: {"script":"<script> [776 bytes]","args":[{"enterText":"ZL01","selector":{"controlType":"sap.m.Input","viewName":"etm.portal.ui.manageyards.view.New","viewId":"application-manageyards-display-component---NewYard","bindingPath":{"path":"","propertyPath":"/DELIVERY_TYPE","modelName":"NewYardModel"},"interaction":{"idSuffix":"inner"}},"clearTextFirst":true,"interactionType":"ENTER_TEXT"}]}
COMMAND: POST /session/cd4e213f90090bc7497a341d701e98a6/execute/async - {"script":"<script> [1562 bytes]","args":[{"selector":{"controlType":"sap.m.Input","viewName":"etm.portal.ui.manageyards.view.New","viewId":"application-manageyards-display-component---NewYard","bindingPath":{"path":"","propertyPath":"/AUART","modelName":"NewYardModel"},"interaction":{"idSuffix":"inner"}},"wdio_ui5_key":"etmportal.ui.manageyards.view.Newsap.m.Input{\"path\":\"\",\"propertyPath\":\"/AUART\",\"modelName\":\"NewYardModel\"}"}]}
RESULT: {"script":"<script> [1562 bytes]","args":[{"selector":{"controlType":"sap.m.Input","viewName":"etm.portal.ui.manageyards.view.New","viewId":"application-manageyards-display-component---NewYard","bindingPath":{"path":"","propertyPath":"/AUART","modelName":"NewYardModel"},"interaction":{"idSuffix":"inner"}},"wdio_ui5_key":"etmportal.ui.manageyards.view.Newsap.m.Input{\"path\":\"\",\"propertyPath\":\"/AUART\",\"modelName\":\"NewYardModel\"}"}]}
RESULT: undefined
COMMAND: POST /session/cd4e213f90090bc7497a341d701e98a6/execute/async - {"script":"<script> [776 bytes]","args":[{"enterText":"TA","selector":{"controlType":"sap.m.Input","viewName":"etm.portal.ui.manageyards.view.New","viewId":"application-manageyards-display-component---NewYard","bindingPath":{"path":"","propertyPath":"/AUART","modelName":"NewYardModel"},"interaction":{"idSuffix":"inner"}},"clearTextFirst":true,"interactionType":"ENTER_TEXT"}]}
RESULT: {"script":"<script> [776 bytes]","args":[{"enterText":"TA","selector":{"controlType":"sap.m.Input","viewName":"etm.portal.ui.manageyards.view.New","viewId":"application-manageyards-display-component---NewYard","bindingPath":{"path":"","propertyPath":"/AUART","modelName":"NewYardModel"},"interaction":{"idSuffix":"inner"}},"clearTextFirst":true,"interactionType":"ENTER_TEXT"}]}
COMMAND: POST /session/cd4e213f90090bc7497a341d701e98a6/element - {"using":"xpath","value":"//button[@data-kt=\"newYardSaveButton\"]"}
RESULT: {"using":"xpath","value":"//button[@data-kt=\"newYardSaveButton\"]"}
COMMAND: POST /session/cd4e213f90090bc7497a341d701e98a6/element/f.3EFE59E47BCAC700A535F57DF4769BD4.d.1117069A24FBF1ACBCB4375B3B083321.e.7314/click - {}
RESULT: {}
COMMAND: GET /session/cd4e213f90090bc7497a341d701e98a6/screenshot - {}
RESULT: {}
COMMAND: POST /session/cd4e213f90090bc7497a341d701e98a6/element - {"using":"xpath","value":"//header[contains(@id, 'ObjectPageLayout-headerTitle')]/div[1]/div[2]/div[1]/span[1]"}
RESULT: {"using":"xpath","value":"//header[contains(@id, 'ObjectPageLayout-headerTitle')]/div[1]/div[2]/div[1]/span[1]"}
COMMAND: POST /session/cd4e213f90090bc7497a341d701e98a6/elements - {"using":"xpath","value":"//header[contains(@id, 'ObjectPageLayout-headerTitle')]/div[1]/div[2]/div[1]/span[1]"}
RESULT: {"using":"xpath","value":"//header[contains(@id, 'ObjectPageLayout-headerTitle')]/div[1]/div[2]/div[1]/span[1]"}
COMMAND: POST /session/cd4e213f90090bc7497a341d701e98a6/execute/sync - {"script":"<script> [56 bytes]","args":[{"element-6066-11e4-a52e-4f735466cecf":"f.3EFE59E47BCAC700A535F57DF4769BD4.d.1117069A24FBF1ACBCB4375B3B083321.e.7641","ELEMENT":"f.3EFE59E47BCAC700A535F57DF4769BD4.d.1117069A24FBF1ACBCB4375B3B083321.e.7641"}]}
RESULT: {"script":"<script> [56 bytes]","args":[{"element-6066-11e4-a52e-4f735466cecf":"f.3EFE59E47BCAC700A535F57DF4769BD4.d.1117069A24FBF1ACBCB4375B3B083321.e.7641","ELEMENT":"f.3EFE59E47BCAC700A535F57DF4769BD4.d.1117069A24FBF1ACBCB4375B3B083321.e.7641"}]}
COMMAND: GET /session/cd4e213f90090bc7497a341d701e98a6/screenshot - {}
RESULT: {}
COMMAND: POST /session/cd4e213f90090bc7497a341d701e98a6/element - {"using":"css selector","value":"#shell-header-logo"}
RESULT: {"using":"css selector","value":"#shell-header-logo"}
COMMAND: POST /session/cd4e213f90090bc7497a341d701e98a6/element/f.3EFE59E47BCAC700A535F57DF4769BD4.d.1117069A24FBF1ACBCB4375B3B083321.e.6775/click - {}
RESULT: {}
COMMAND: GET /session/cd4e213f90090bc7497a341d701e98a6/screenshot - {}
RESULT: {}
COMMAND: POST /session/cd4e213f90090bc7497a341d701e98a6/execute/sync - {"script":"<script> [299 bytes]","args":[["getModel","getResource"]]}
RESULT: {"script":"<script> [299 bytes]","args":[["getModel","getResource"]]}
]]></system-out>
    </testcase>
    <testcase classname="chrome.136_0_7103_93.windows.Provide_to_Site_w/o_warehouse_management_w/_clarification_US116605" name="Should create a new external partner" time="95.649">
      <system-out><![CDATA[
COMMAND: GET /session/cd4e213f90090bc7497a341d701e98a6/screenshot - {}
COMMAND: POST /session/cd4e213f90090bc7497a341d701e98a6/window/fullscreen - {}
RESULT: {}
RESULT: {}
COMMAND: POST /session/cd4e213f90090bc7497a341d701e98a6/execute/async - {"script":"<script> [1562 bytes]","args":[{"selector":{"controlType":"sap.m.GenericTile","properties":{"header":"Manage Partners"}},"wdio_ui5_key":"sapm.GenericTile{\"header\":\"Manage Partners\"}"}]}
RESULT: {"script":"<script> [1562 bytes]","args":[{"selector":{"controlType":"sap.m.GenericTile","properties":{"header":"Manage Partners"}},"wdio_ui5_key":"sapm.GenericTile{\"header\":\"Manage Partners\"}"}]}
RESULT: undefined
COMMAND: POST /session/cd4e213f90090bc7497a341d701e98a6/element - {"using":"xpath","value":"//*[@id=\"__tile30\"]"}
RESULT: {"using":"xpath","value":"//*[@id=\"__tile30\"]"}
COMMAND: POST /session/cd4e213f90090bc7497a341d701e98a6/element/f.3EFE59E47BCAC700A535F57DF4769BD4.d.1117069A24FBF1ACBCB4375B3B083321.e.6796/click - {}
RESULT: {}
COMMAND: GET /session/cd4e213f90090bc7497a341d701e98a6/screenshot - {}
COMMAND: POST /session/cd4e213f90090bc7497a341d701e98a6/elements - {"using":"xpath","value":"//span[text()='Error']"}
RESULT: {}
RESULT: {"using":"xpath","value":"//span[text()='Error']"}
COMMAND: POST /session/cd4e213f90090bc7497a341d701e98a6/element - {"using":"xpath","value":"//button[@data-kt=\"addButton\"]"}
RESULT: {"using":"xpath","value":"//button[@data-kt=\"addButton\"]"}
COMMAND: POST /session/cd4e213f90090bc7497a341d701e98a6/elements - {"using":"xpath","value":"//button[@data-kt=\"addButton\"]"}
RESULT: {"using":"xpath","value":"//button[@data-kt=\"addButton\"]"}
COMMAND: POST /session/cd4e213f90090bc7497a341d701e98a6/execute/sync - {"script":"<script> [8489 bytes]","args":[{"element-6066-11e4-a52e-4f735466cecf":"f.3EFE59E47BCAC700A535F57DF4769BD4.d.1117069A24FBF1ACBCB4375B3B083321.e.7689","ELEMENT":"f.3EFE59E47BCAC700A535F57DF4769BD4.d.1117069A24FBF1ACBCB4375B3B083321.e.7689"}]}
RESULT: {"script":"<script> [8489 bytes]","args":[{"element-6066-11e4-a52e-4f735466cecf":"f.3EFE59E47BCAC700A535F57DF4769BD4.d.1117069A24FBF1ACBCB4375B3B083321.e.7689","ELEMENT":"f.3EFE59E47BCAC700A535F57DF4769BD4.d.1117069A24FBF1ACBCB4375B3B083321.e.7689"}]}
COMMAND: GET /session/cd4e213f90090bc7497a341d701e98a6/element/f.3EFE59E47BCAC700A535F57DF4769BD4.d.1117069A24FBF1ACBCB4375B3B083321.e.7689/enabled - {}
COMMAND: GET /session/cd4e213f90090bc7497a341d701e98a6/screenshot - {}
RESULT: {}
COMMAND: POST /session/cd4e213f90090bc7497a341d701e98a6/execute/sync - {"script":"<script> [8489 bytes]","args":[{"element-6066-11e4-a52e-4f735466cecf":"f.3EFE59E47BCAC700A535F57DF4769BD4.d.1117069A24FBF1ACBCB4375B3B083321.e.7689","ELEMENT":"f.3EFE59E47BCAC700A535F57DF4769BD4.d.1117069A24FBF1ACBCB4375B3B083321.e.7689"}]}
COMMAND: GET /session/cd4e213f90090bc7497a341d701e98a6/screenshot - {}
RESULT: {}
RESULT: {"script":"<script> [8489 bytes]","args":[{"element-6066-11e4-a52e-4f735466cecf":"f.3EFE59E47BCAC700A535F57DF4769BD4.d.1117069A24FBF1ACBCB4375B3B083321.e.7689","ELEMENT":"f.3EFE59E47BCAC700A535F57DF4769BD4.d.1117069A24FBF1ACBCB4375B3B083321.e.7689"}]}
COMMAND: POST /session/cd4e213f90090bc7497a341d701e98a6/execute/sync - {"script":"<script> [5351 bytes]","args":[{"element-6066-11e4-a52e-4f735466cecf":"f.3EFE59E47BCAC700A535F57DF4769BD4.d.1117069A24FBF1ACBCB4375B3B083321.e.7689","ELEMENT":"f.3EFE59E47BCAC700A535F57DF4769BD4.d.1117069A24FBF1ACBCB4375B3B083321.e.7689"}]}
COMMAND: GET /session/cd4e213f90090bc7497a341d701e98a6/screenshot - {}
RESULT: {}
RESULT: {"script":"<script> [5351 bytes]","args":[{"element-6066-11e4-a52e-4f735466cecf":"f.3EFE59E47BCAC700A535F57DF4769BD4.d.1117069A24FBF1ACBCB4375B3B083321.e.7689","ELEMENT":"f.3EFE59E47BCAC700A535F57DF4769BD4.d.1117069A24FBF1ACBCB4375B3B083321.e.7689"}]}
COMMAND: POST /session/cd4e213f90090bc7497a341d701e98a6/element/f.3EFE59E47BCAC700A535F57DF4769BD4.d.1117069A24FBF1ACBCB4375B3B083321.e.7689/click - {}
COMMAND: GET /session/cd4e213f90090bc7497a341d701e98a6/screenshot - {}
RESULT: {}
RESULT: {}
COMMAND: GET /session/cd4e213f90090bc7497a341d701e98a6/screenshot - {}
COMMAND: POST /session/cd4e213f90090bc7497a341d701e98a6/execute/async - {"script":"<script> [1562 bytes]","args":[{"selector":{"id":"application-managepartners-display-component---NewPartner--addressDetailDetailsName1","interaction":{"idSuffix":"inner"}},"wdio_ui5_key":"applicationmanagepartners-display-component---NewPartner--addressDetailDetailsName1"}]}
RESULT: {}
RESULT: {}
RESULT: {"script":"<script> [1562 bytes]","args":[{"selector":{"id":"application-managepartners-display-component---NewPartner--addressDetailDetailsName1","interaction":{"idSuffix":"inner"}},"wdio_ui5_key":"applicationmanagepartners-display-component---NewPartner--addressDetailDetailsName1"}]}
RESULT: undefined
COMMAND: POST /session/cd4e213f90090bc7497a341d701e98a6/execute/async - {"script":"<script> [776 bytes]","args":[{"enterText":"External Partner WDIO","selector":{"id":"application-managepartners-display-component---NewPartner--addressDetailDetailsName1","interaction":{"idSuffix":"inner"}},"clearTextFirst":true,"interactionType":"ENTER_TEXT"}]}
RESULT: {"script":"<script> [776 bytes]","args":[{"enterText":"External Partner WDIO","selector":{"id":"application-managepartners-display-component---NewPartner--addressDetailDetailsName1","interaction":{"idSuffix":"inner"}},"clearTextFirst":true,"interactionType":"ENTER_TEXT"}]}
COMMAND: POST /session/cd4e213f90090bc7497a341d701e98a6/execute/async - {"script":"<script> [1562 bytes]","args":[{"selector":{"id":"application-managepartners-display-component---NewPartner--addressDetailDetailsLanguage-arrow"},"wdio_ui5_key":"applicationmanagepartners-display-component---NewPartner--addressDetailDetailsLanguage-arrow"}]}
RESULT: {"script":"<script> [1562 bytes]","args":[{"selector":{"id":"application-managepartners-display-component---NewPartner--addressDetailDetailsLanguage-arrow"},"wdio_ui5_key":"applicationmanagepartners-display-component---NewPartner--addressDetailDetailsLanguage-arrow"}]}
RESULT: undefined
COMMAND: POST /session/cd4e213f90090bc7497a341d701e98a6/element - {"using":"xpath","value":"//*[@id=\"application-managepartners-display-component---NewPartner--addressDetailDetailsLanguage-arrow\"]"}
RESULT: {"using":"xpath","value":"//*[@id=\"application-managepartners-display-component---NewPartner--addressDetailDetailsLanguage-arrow\"]"}
COMMAND: POST /session/cd4e213f90090bc7497a341d701e98a6/element/f.3EFE59E47BCAC700A535F57DF4769BD4.d.1117069A24FBF1ACBCB4375B3B083321.e.8125/click - {}
RESULT: {}
COMMAND: POST /session/cd4e213f90090bc7497a341d701e98a6/element - {"using":"xpath","value":"//span[contains(text(), \"English\")]"}
COMMAND: GET /session/cd4e213f90090bc7497a341d701e98a6/screenshot - {}
RESULT: {"using":"xpath","value":"//span[contains(text(), \"English\")]"}
COMMAND: POST /session/cd4e213f90090bc7497a341d701e98a6/element/f.3EFE59E47BCAC700A535F57DF4769BD4.d.1117069A24FBF1ACBCB4375B3B083321.e.8126/click - {}
RESULT: {}
RESULT: {}
COMMAND: GET /session/cd4e213f90090bc7497a341d701e98a6/screenshot - {}
RESULT: {}
COMMAND: POST /session/cd4e213f90090bc7497a341d701e98a6/execute/async - {"script":"<script> [1562 bytes]","args":[{"selector":{"id":"application-managepartners-display-component---NewPartner--addressDetailDetailsCity1","interaction":{"idSuffix":"inner"}},"wdio_ui5_key":"applicationmanagepartners-display-component---NewPartner--addressDetailDetailsCity1"}]}
RESULT: {"script":"<script> [1562 bytes]","args":[{"selector":{"id":"application-managepartners-display-component---NewPartner--addressDetailDetailsCity1","interaction":{"idSuffix":"inner"}},"wdio_ui5_key":"applicationmanagepartners-display-component---NewPartner--addressDetailDetailsCity1"}]}
RESULT: undefined
COMMAND: POST /session/cd4e213f90090bc7497a341d701e98a6/execute/async - {"script":"<script> [776 bytes]","args":[{"enterText":"Rosario","selector":{"id":"application-managepartners-display-component---NewPartner--addressDetailDetailsCity1","interaction":{"idSuffix":"inner"}},"clearTextFirst":true,"interactionType":"ENTER_TEXT"}]}
RESULT: {"script":"<script> [776 bytes]","args":[{"enterText":"Rosario","selector":{"id":"application-managepartners-display-component---NewPartner--addressDetailDetailsCity1","interaction":{"idSuffix":"inner"}},"clearTextFirst":true,"interactionType":"ENTER_TEXT"}]}
COMMAND: POST /session/cd4e213f90090bc7497a341d701e98a6/execute/async - {"script":"<script> [1562 bytes]","args":[{"selector":{"id":"application-managepartners-display-component---NewPartner--addressDetailDetailsCountry-arrow"},"wdio_ui5_key":"applicationmanagepartners-display-component---NewPartner--addressDetailDetailsCountry-arrow"}]}
RESULT: {"script":"<script> [1562 bytes]","args":[{"selector":{"id":"application-managepartners-display-component---NewPartner--addressDetailDetailsCountry-arrow"},"wdio_ui5_key":"applicationmanagepartners-display-component---NewPartner--addressDetailDetailsCountry-arrow"}]}
RESULT: undefined
COMMAND: POST /session/cd4e213f90090bc7497a341d701e98a6/element - {"using":"xpath","value":"//*[@id=\"application-managepartners-display-component---NewPartner--addressDetailDetailsCountry-arrow\"]"}
RESULT: {"using":"xpath","value":"//*[@id=\"application-managepartners-display-component---NewPartner--addressDetailDetailsCountry-arrow\"]"}
COMMAND: POST /session/cd4e213f90090bc7497a341d701e98a6/element/f.3EFE59E47BCAC700A535F57DF4769BD4.d.1117069A24FBF1ACBCB4375B3B083321.e.8105/click - {}
RESULT: {}
COMMAND: POST /session/cd4e213f90090bc7497a341d701e98a6/element - {"using":"xpath","value":"//span[contains(text(), \"Argentina\")]"}
COMMAND: GET /session/cd4e213f90090bc7497a341d701e98a6/screenshot - {}
RESULT: {"using":"xpath","value":"//span[contains(text(), \"Argentina\")]"}
COMMAND: POST /session/cd4e213f90090bc7497a341d701e98a6/element/f.3EFE59E47BCAC700A535F57DF4769BD4.d.1117069A24FBF1ACBCB4375B3B083321.e.8128/click - {}
RESULT: {}
RESULT: {}
COMMAND: GET /session/cd4e213f90090bc7497a341d701e98a6/screenshot - {}
RESULT: {}
COMMAND: POST /session/cd4e213f90090bc7497a341d701e98a6/element - {"using":"xpath","value":"//bdi[contains(text(), \"Commercial\")]"}
RESULT: {"using":"xpath","value":"//bdi[contains(text(), \"Commercial\")]"}
COMMAND: POST /session/cd4e213f90090bc7497a341d701e98a6/element/f.3EFE59E47BCAC700A535F57DF4769BD4.d.1117069A24FBF1ACBCB4375B3B083321.e.8129/click - {}
RESULT: {}
COMMAND: GET /session/cd4e213f90090bc7497a341d701e98a6/screenshot - {}
RESULT: {}
COMMAND: POST /session/cd4e213f90090bc7497a341d701e98a6/execute/async - {"script":"<script> [1562 bytes]","args":[{"selector":{"id":"application-managepartners-display-component---NewPartner--partnerDetailInternal-arrow"},"wdio_ui5_key":"applicationmanagepartners-display-component---NewPartner--partnerDetailInternal-arrow"}]}
RESULT: {"script":"<script> [1562 bytes]","args":[{"selector":{"id":"application-managepartners-display-component---NewPartner--partnerDetailInternal-arrow"},"wdio_ui5_key":"applicationmanagepartners-display-component---NewPartner--partnerDetailInternal-arrow"}]}
RESULT: undefined
COMMAND: POST /session/cd4e213f90090bc7497a341d701e98a6/element - {"using":"xpath","value":"//*[@id=\"application-managepartners-display-component---NewPartner--partnerDetailInternal-arrow\"]"}
RESULT: {"using":"xpath","value":"//*[@id=\"application-managepartners-display-component---NewPartner--partnerDetailInternal-arrow\"]"}
COMMAND: POST /session/cd4e213f90090bc7497a341d701e98a6/element/f.3EFE59E47BCAC700A535F57DF4769BD4.d.1117069A24FBF1ACBCB4375B3B083321.e.8135/click - {}
RESULT: {}
COMMAND: POST /session/cd4e213f90090bc7497a341d701e98a6/element - {"using":"xpath","value":"//span[contains(text(), \"External partner\")]"}
COMMAND: GET /session/cd4e213f90090bc7497a341d701e98a6/screenshot - {}
RESULT: {"using":"xpath","value":"//span[contains(text(), \"External partner\")]"}
COMMAND: POST /session/cd4e213f90090bc7497a341d701e98a6/element/f.3EFE59E47BCAC700A535F57DF4769BD4.d.1117069A24FBF1ACBCB4375B3B083321.e.8138/click - {}
RESULT: {}
RESULT: {}
COMMAND: POST /session/cd4e213f90090bc7497a341d701e98a6/execute/async - {"script":"<script> [1562 bytes]","args":[{"selector":{"id":"application-managepartners-display-component---NewPartner--partnerDetailsCurrency-arrow"},"wdio_ui5_key":"applicationmanagepartners-display-component---NewPartner--partnerDetailsCurrency-arrow"}]}
COMMAND: GET /session/cd4e213f90090bc7497a341d701e98a6/screenshot - {}
RESULT: {"script":"<script> [1562 bytes]","args":[{"selector":{"id":"application-managepartners-display-component---NewPartner--partnerDetailsCurrency-arrow"},"wdio_ui5_key":"applicationmanagepartners-display-component---NewPartner--partnerDetailsCurrency-arrow"}]}
RESULT: undefined
COMMAND: POST /session/cd4e213f90090bc7497a341d701e98a6/element - {"using":"xpath","value":"//*[@id=\"application-managepartners-display-component---NewPartner--partnerDetailsCurrency-arrow\"]"}
RESULT: {}
RESULT: {"using":"xpath","value":"//*[@id=\"application-managepartners-display-component---NewPartner--partnerDetailsCurrency-arrow\"]"}
COMMAND: POST /session/cd4e213f90090bc7497a341d701e98a6/element/f.3EFE59E47BCAC700A535F57DF4769BD4.d.1117069A24FBF1ACBCB4375B3B083321.e.8143/click - {}
RESULT: {}
COMMAND: POST /session/cd4e213f90090bc7497a341d701e98a6/element - {"using":"xpath","value":"//span[contains(text(), \"US Dollar\")]"}
COMMAND: GET /session/cd4e213f90090bc7497a341d701e98a6/screenshot - {}
RESULT: {"using":"xpath","value":"//span[contains(text(), \"US Dollar\")]"}
COMMAND: POST /session/cd4e213f90090bc7497a341d701e98a6/element/f.3EFE59E47BCAC700A535F57DF4769BD4.d.1117069A24FBF1ACBCB4375B3B083321.e.8144/click - {}
RESULT: {}
RESULT: {}
COMMAND: GET /session/cd4e213f90090bc7497a341d701e98a6/screenshot - {}
RESULT: {}
COMMAND: POST /session/cd4e213f90090bc7497a341d701e98a6/element - {"using":"xpath","value":"//input[@id=\"application-managepartners-display-component---NewPartner--companyCodeComboBox-inner\"]"}
RESULT: {"using":"xpath","value":"//input[@id=\"application-managepartners-display-component---NewPartner--companyCodeComboBox-inner\"]"}
COMMAND: POST /session/cd4e213f90090bc7497a341d701e98a6/element/f.3EFE59E47BCAC700A535F57DF4769BD4.d.1117069A24FBF1ACBCB4375B3B083321.e.7990/clear - {}
RESULT: {}
COMMAND: POST /session/cd4e213f90090bc7497a341d701e98a6/element/f.3EFE59E47BCAC700A535F57DF4769BD4.d.1117069A24FBF1ACBCB4375B3B083321.e.7990/value - {"text":"C002"}
COMMAND: GET /session/cd4e213f90090bc7497a341d701e98a6/screenshot - {}
RESULT: {"text":"C002"}
COMMAND: GET /session/cd4e213f90090bc7497a341d701e98a6/screenshot - {}
RESULT: {}
RESULT: {}
COMMAND: POST /session/cd4e213f90090bc7497a341d701e98a6/element - {"using":"xpath","value":"//li[.//span[text()= \"C002\"]]"}
RESULT: {"using":"xpath","value":"//li[.//span[text()= \"C002\"]]"}
COMMAND: POST /session/cd4e213f90090bc7497a341d701e98a6/element/f.3EFE59E47BCAC700A535F57DF4769BD4.d.1117069A24FBF1ACBCB4375B3B083321.e.8148/click - {}
RESULT: {}
COMMAND: GET /session/cd4e213f90090bc7497a341d701e98a6/screenshot - {}
RESULT: {}
COMMAND: POST /session/cd4e213f90090bc7497a341d701e98a6/execute/async - {"script":"<script> [1562 bytes]","args":[{"selector":{"id":"application-managepartners-display-component---NewPartner--btnAddTableRow-img"},"wdio_ui5_key":"applicationmanagepartners-display-component---NewPartner--btnAddTableRow-img"}]}
RESULT: {"script":"<script> [1562 bytes]","args":[{"selector":{"id":"application-managepartners-display-component---NewPartner--btnAddTableRow-img"},"wdio_ui5_key":"applicationmanagepartners-display-component---NewPartner--btnAddTableRow-img"}]}
RESULT: undefined
COMMAND: POST /session/cd4e213f90090bc7497a341d701e98a6/element - {"using":"xpath","value":"//*[@id=\"application-managepartners-display-component---NewPartner--btnAddTableRow-img\"]"}
RESULT: {"using":"xpath","value":"//*[@id=\"application-managepartners-display-component---NewPartner--btnAddTableRow-img\"]"}
COMMAND: POST /session/cd4e213f90090bc7497a341d701e98a6/element/f.3EFE59E47BCAC700A535F57DF4769BD4.d.1117069A24FBF1ACBCB4375B3B083321.e.8149/click - {}
RESULT: {}
COMMAND: GET /session/cd4e213f90090bc7497a341d701e98a6/screenshot - {}
RESULT: {}
COMMAND: POST /session/cd4e213f90090bc7497a341d701e98a6/element - {"using":"xpath","value":"//input[@id=\"application-managepartners-display-component---NewPartner--assignmentYard-application-managepartners-display-component---NewPartner--assignmentsTable-0-inner\"]"}
RESULT: {"using":"xpath","value":"//input[@id=\"application-managepartners-display-component---NewPartner--assignmentYard-application-managepartners-display-component---NewPartner--assignmentsTable-0-inner\"]"}
COMMAND: POST /session/cd4e213f90090bc7497a341d701e98a6/element/f.3EFE59E47BCAC700A535F57DF4769BD4.d.1117069A24FBF1ACBCB4375B3B083321.e.8152/clear - {}
RESULT: {}
COMMAND: POST /session/cd4e213f90090bc7497a341d701e98a6/element/f.3EFE59E47BCAC700A535F57DF4769BD4.d.1117069A24FBF1ACBCB4375B3B083321.e.8152/value - {"text":"676"}
COMMAND: GET /session/cd4e213f90090bc7497a341d701e98a6/screenshot - {}
RESULT: {"text":"676"}
COMMAND: GET /session/cd4e213f90090bc7497a341d701e98a6/screenshot - {}
RESULT: {}
RESULT: {}
COMMAND: POST /session/cd4e213f90090bc7497a341d701e98a6/element - {"using":"xpath","value":"//li[.//span[text()='676']]"}
RESULT: {"using":"xpath","value":"//li[.//span[text()='676']]"}
COMMAND: POST /session/cd4e213f90090bc7497a341d701e98a6/element/f.3EFE59E47BCAC700A535F57DF4769BD4.d.1117069A24FBF1ACBCB4375B3B083321.e.8160/click - {}
RESULT: {}
COMMAND: GET /session/cd4e213f90090bc7497a341d701e98a6/screenshot - {}
RESULT: {}
COMMAND: POST /session/cd4e213f90090bc7497a341d701e98a6/actions - {"actions":[{"id":"action29","type":"key","parameters":{},"actions":[{"type":"keyDown","value":""},{"type":"pause","duration":10},{"type":"keyUp","value":""}]}]}
RESULT: {"actions":[{"id":"action29","type":"key","parameters":{},"actions":[{"type":"keyDown","value":""},{"type":"pause","duration":10},{"type":"keyUp","value":""}]}]}
COMMAND: POST /session/cd4e213f90090bc7497a341d701e98a6/element - {"using":"xpath","value":"//td[contains(@id, \"assignmentsTable-0-cell2\")]/div/div"}
COMMAND: GET /session/cd4e213f90090bc7497a341d701e98a6/screenshot - {}
RESULT: {"using":"xpath","value":"//td[contains(@id, \"assignmentsTable-0-cell2\")]/div/div"}
COMMAND: POST /session/cd4e213f90090bc7497a341d701e98a6/element/f.3EFE59E47BCAC700A535F57DF4769BD4.d.1117069A24FBF1ACBCB4375B3B083321.e.8163/click - {}
RESULT: {}
RESULT: {}
COMMAND: GET /session/cd4e213f90090bc7497a341d701e98a6/screenshot - {}
RESULT: {}
COMMAND: POST /session/cd4e213f90090bc7497a341d701e98a6/element - {"using":"xpath","value":"//button[@data-kt=\"saveButton\"]"}
RESULT: {"using":"xpath","value":"//button[@data-kt=\"saveButton\"]"}
COMMAND: POST /session/cd4e213f90090bc7497a341d701e98a6/element/f.3EFE59E47BCAC700A535F57DF4769BD4.d.1117069A24FBF1ACBCB4375B3B083321.e.8044/click - {}
RESULT: {}
COMMAND: GET /session/cd4e213f90090bc7497a341d701e98a6/screenshot - {}
RESULT: {}
COMMAND: POST /session/cd4e213f90090bc7497a341d701e98a6/element - {"using":"xpath","value":"//header[contains(@id, 'ObjectPageLayout-headerTitle')]/div[1]/div[2]/div[2]/span[1]"}
RESULT: {"using":"xpath","value":"//header[contains(@id, 'ObjectPageLayout-headerTitle')]/div[1]/div[2]/div[2]/span[1]"}
COMMAND: POST /session/cd4e213f90090bc7497a341d701e98a6/elements - {"using":"xpath","value":"//header[contains(@id, 'ObjectPageLayout-headerTitle')]/div[1]/div[2]/div[2]/span[1]"}
RESULT: {"using":"xpath","value":"//header[contains(@id, 'ObjectPageLayout-headerTitle')]/div[1]/div[2]/div[2]/span[1]"}
COMMAND: POST /session/cd4e213f90090bc7497a341d701e98a6/execute/sync - {"script":"<script> [56 bytes]","args":[{"element-6066-11e4-a52e-4f735466cecf":"f.3EFE59E47BCAC700A535F57DF4769BD4.d.1117069A24FBF1ACBCB4375B3B083321.e.8327","ELEMENT":"f.3EFE59E47BCAC700A535F57DF4769BD4.d.1117069A24FBF1ACBCB4375B3B083321.e.8327"}]}
RESULT: {"script":"<script> [56 bytes]","args":[{"element-6066-11e4-a52e-4f735466cecf":"f.3EFE59E47BCAC700A535F57DF4769BD4.d.1117069A24FBF1ACBCB4375B3B083321.e.8327","ELEMENT":"f.3EFE59E47BCAC700A535F57DF4769BD4.d.1117069A24FBF1ACBCB4375B3B083321.e.8327"}]}
COMMAND: POST /session/cd4e213f90090bc7497a341d701e98a6/element - {"using":"css selector","value":"#shell-header-logo"}
COMMAND: GET /session/cd4e213f90090bc7497a341d701e98a6/screenshot - {}
RESULT: {"using":"css selector","value":"#shell-header-logo"}
COMMAND: POST /session/cd4e213f90090bc7497a341d701e98a6/element/f.3EFE59E47BCAC700A535F57DF4769BD4.d.1117069A24FBF1ACBCB4375B3B083321.e.7645/click - {}
RESULT: {}
RESULT: {}
COMMAND: GET /session/cd4e213f90090bc7497a341d701e98a6/screenshot - {}
RESULT: {}
COMMAND: POST /session/cd4e213f90090bc7497a341d701e98a6/execute/sync - {"script":"<script> [299 bytes]","args":[["getModel","getResource"]]}
RESULT: {"script":"<script> [299 bytes]","args":[["getModel","getResource"]]}
]]></system-out>
    </testcase>
    <testcase classname="chrome.136_0_7103_93.windows.Provide_to_Site_w/o_warehouse_management_w/_clarification_US116605" name="Should create a new site" time="164.438">
      <system-out><![CDATA[
COMMAND: GET /session/cd4e213f90090bc7497a341d701e98a6/screenshot - {}
COMMAND: POST /session/cd4e213f90090bc7497a341d701e98a6/execute/async - {"script":"<script> [1562 bytes]","args":[{"selector":{"controlType":"sap.m.GenericTile","properties":{"header":"Manage Sites"}},"wdio_ui5_key":"sapm.GenericTile{\"header\":\"Manage Sites\"}"}]}
RESULT: {}
RESULT: {"script":"<script> [1562 bytes]","args":[{"selector":{"controlType":"sap.m.GenericTile","properties":{"header":"Manage Sites"}},"wdio_ui5_key":"sapm.GenericTile{\"header\":\"Manage Sites\"}"}]}
RESULT: undefined
COMMAND: POST /session/cd4e213f90090bc7497a341d701e98a6/element - {"using":"xpath","value":"//*[@id=\"__tile32\"]"}
RESULT: {"using":"xpath","value":"//*[@id=\"__tile32\"]"}
COMMAND: POST /session/cd4e213f90090bc7497a341d701e98a6/element/f.3EFE59E47BCAC700A535F57DF4769BD4.d.1117069A24FBF1ACBCB4375B3B083321.e.6802/click - {}
RESULT: {}
COMMAND: GET /session/cd4e213f90090bc7497a341d701e98a6/screenshot - {}
RESULT: {}
COMMAND: POST /session/cd4e213f90090bc7497a341d701e98a6/elements - {"using":"xpath","value":"//span[text()='Error']"}
RESULT: {"using":"xpath","value":"//span[text()='Error']"}
COMMAND: POST /session/cd4e213f90090bc7497a341d701e98a6/element - {"using":"xpath","value":"//button[@data-kt=\"addOverflowToolbarButton\"]"}
RESULT: {"using":"xpath","value":"//button[@data-kt=\"addOverflowToolbarButton\"]"}
COMMAND: POST /session/cd4e213f90090bc7497a341d701e98a6/elements - {"using":"xpath","value":"//button[@data-kt=\"addOverflowToolbarButton\"]"}
RESULT: {"using":"xpath","value":"//button[@data-kt=\"addOverflowToolbarButton\"]"}
COMMAND: POST /session/cd4e213f90090bc7497a341d701e98a6/execute/sync - {"script":"<script> [8489 bytes]","args":[{"element-6066-11e4-a52e-4f735466cecf":"f.3EFE59E47BCAC700A535F57DF4769BD4.d.1117069A24FBF1ACBCB4375B3B083321.e.8375","ELEMENT":"f.3EFE59E47BCAC700A535F57DF4769BD4.d.1117069A24FBF1ACBCB4375B3B083321.e.8375"}]}
RESULT: {"script":"<script> [8489 bytes]","args":[{"element-6066-11e4-a52e-4f735466cecf":"f.3EFE59E47BCAC700A535F57DF4769BD4.d.1117069A24FBF1ACBCB4375B3B083321.e.8375","ELEMENT":"f.3EFE59E47BCAC700A535F57DF4769BD4.d.1117069A24FBF1ACBCB4375B3B083321.e.8375"}]}
COMMAND: GET /session/cd4e213f90090bc7497a341d701e98a6/element/f.3EFE59E47BCAC700A535F57DF4769BD4.d.1117069A24FBF1ACBCB4375B3B083321.e.8375/enabled - {}
COMMAND: GET /session/cd4e213f90090bc7497a341d701e98a6/screenshot - {}
RESULT: {}
COMMAND: POST /session/cd4e213f90090bc7497a341d701e98a6/execute/sync - {"script":"<script> [8489 bytes]","args":[{"element-6066-11e4-a52e-4f735466cecf":"f.3EFE59E47BCAC700A535F57DF4769BD4.d.1117069A24FBF1ACBCB4375B3B083321.e.8375","ELEMENT":"f.3EFE59E47BCAC700A535F57DF4769BD4.d.1117069A24FBF1ACBCB4375B3B083321.e.8375"}]}
COMMAND: GET /session/cd4e213f90090bc7497a341d701e98a6/screenshot - {}
RESULT: {}
RESULT: {"script":"<script> [8489 bytes]","args":[{"element-6066-11e4-a52e-4f735466cecf":"f.3EFE59E47BCAC700A535F57DF4769BD4.d.1117069A24FBF1ACBCB4375B3B083321.e.8375","ELEMENT":"f.3EFE59E47BCAC700A535F57DF4769BD4.d.1117069A24FBF1ACBCB4375B3B083321.e.8375"}]}
COMMAND: POST /session/cd4e213f90090bc7497a341d701e98a6/execute/sync - {"script":"<script> [5351 bytes]","args":[{"element-6066-11e4-a52e-4f735466cecf":"f.3EFE59E47BCAC700A535F57DF4769BD4.d.1117069A24FBF1ACBCB4375B3B083321.e.8375","ELEMENT":"f.3EFE59E47BCAC700A535F57DF4769BD4.d.1117069A24FBF1ACBCB4375B3B083321.e.8375"}]}
COMMAND: GET /session/cd4e213f90090bc7497a341d701e98a6/screenshot - {}
RESULT: {}
RESULT: {"script":"<script> [5351 bytes]","args":[{"element-6066-11e4-a52e-4f735466cecf":"f.3EFE59E47BCAC700A535F57DF4769BD4.d.1117069A24FBF1ACBCB4375B3B083321.e.8375","ELEMENT":"f.3EFE59E47BCAC700A535F57DF4769BD4.d.1117069A24FBF1ACBCB4375B3B083321.e.8375"}]}
COMMAND: POST /session/cd4e213f90090bc7497a341d701e98a6/element/f.3EFE59E47BCAC700A535F57DF4769BD4.d.1117069A24FBF1ACBCB4375B3B083321.e.8375/click - {}
COMMAND: GET /session/cd4e213f90090bc7497a341d701e98a6/screenshot - {}
RESULT: {}
RESULT: {}
COMMAND: GET /session/cd4e213f90090bc7497a341d701e98a6/screenshot - {}
COMMAND: POST /session/cd4e213f90090bc7497a341d701e98a6/element - {"using":"xpath","value":"//input[@id=\"application-managesites-display-component---NewSite--siteId-inner\"]"}
RESULT: {}
RESULT: {}
RESULT: {"using":"xpath","value":"//input[@id=\"application-managesites-display-component---NewSite--siteId-inner\"]"}
COMMAND: POST /session/cd4e213f90090bc7497a341d701e98a6/element - {"using":"xpath","value":"//input[@id=\"application-managesites-display-component---NewSite--siteId-inner\"]"}
RESULT: {"using":"xpath","value":"//input[@id=\"application-managesites-display-component---NewSite--siteId-inner\"]"}
COMMAND: POST /session/cd4e213f90090bc7497a341d701e98a6/execute/async - {"script":"<script> [1562 bytes]","args":[{"selector":{"id":"application-managesites-display-component---NewSite--addressDetailDetailsName1","interaction":{"idSuffix":"inner"}},"wdio_ui5_key":"applicationmanagesites-display-component---NewSite--addressDetailDetailsName1"}]}
RESULT: {"script":"<script> [1562 bytes]","args":[{"selector":{"id":"application-managesites-display-component---NewSite--addressDetailDetailsName1","interaction":{"idSuffix":"inner"}},"wdio_ui5_key":"applicationmanagesites-display-component---NewSite--addressDetailDetailsName1"}]}
RESULT: undefined
COMMAND: POST /session/cd4e213f90090bc7497a341d701e98a6/execute/async - {"script":"<script> [776 bytes]","args":[{"enterText":"Other Type Site WDIO","selector":{"id":"application-managesites-display-component---NewSite--addressDetailDetailsName1","interaction":{"idSuffix":"inner"}},"clearTextFirst":true,"interactionType":"ENTER_TEXT"}]}
RESULT: {"script":"<script> [776 bytes]","args":[{"enterText":"Other Type Site WDIO","selector":{"id":"application-managesites-display-component---NewSite--addressDetailDetailsName1","interaction":{"idSuffix":"inner"}},"clearTextFirst":true,"interactionType":"ENTER_TEXT"}]}
COMMAND: POST /session/cd4e213f90090bc7497a341d701e98a6/execute/async - {"script":"<script> [1562 bytes]","args":[{"selector":{"id":"application-managesites-display-component---NewSite--addressDetailDetailsLanguage-arrow"},"wdio_ui5_key":"applicationmanagesites-display-component---NewSite--addressDetailDetailsLanguage-arrow"}]}
RESULT: {"script":"<script> [1562 bytes]","args":[{"selector":{"id":"application-managesites-display-component---NewSite--addressDetailDetailsLanguage-arrow"},"wdio_ui5_key":"applicationmanagesites-display-component---NewSite--addressDetailDetailsLanguage-arrow"}]}
RESULT: undefined
COMMAND: POST /session/cd4e213f90090bc7497a341d701e98a6/element - {"using":"xpath","value":"//*[@id=\"application-managesites-display-component---NewSite--addressDetailDetailsLanguage-arrow\"]"}
RESULT: {"using":"xpath","value":"//*[@id=\"application-managesites-display-component---NewSite--addressDetailDetailsLanguage-arrow\"]"}
COMMAND: POST /session/cd4e213f90090bc7497a341d701e98a6/element/f.3EFE59E47BCAC700A535F57DF4769BD4.d.1117069A24FBF1ACBCB4375B3B083321.e.8776/click - {}
RESULT: {}
COMMAND: POST /session/cd4e213f90090bc7497a341d701e98a6/element - {"using":"xpath","value":"//span[contains(text(), \"English\")]"}
COMMAND: GET /session/cd4e213f90090bc7497a341d701e98a6/screenshot - {}
RESULT: {"using":"xpath","value":"//span[contains(text(), \"English\")]"}
COMMAND: POST /session/cd4e213f90090bc7497a341d701e98a6/element/f.3EFE59E47BCAC700A535F57DF4769BD4.d.1117069A24FBF1ACBCB4375B3B083321.e.8777/click - {}
RESULT: {}
RESULT: {}
COMMAND: POST /session/cd4e213f90090bc7497a341d701e98a6/execute/async - {"script":"<script> [1562 bytes]","args":[{"selector":{"id":"application-managesites-display-component---NewSite--addressDetailDetailsCity1","interaction":{"idSuffix":"inner"}},"wdio_ui5_key":"applicationmanagesites-display-component---NewSite--addressDetailDetailsCity1"}]}
COMMAND: GET /session/cd4e213f90090bc7497a341d701e98a6/screenshot - {}
RESULT: {"script":"<script> [1562 bytes]","args":[{"selector":{"id":"application-managesites-display-component---NewSite--addressDetailDetailsCity1","interaction":{"idSuffix":"inner"}},"wdio_ui5_key":"applicationmanagesites-display-component---NewSite--addressDetailDetailsCity1"}]}
RESULT: undefined
COMMAND: POST /session/cd4e213f90090bc7497a341d701e98a6/execute/async - {"script":"<script> [776 bytes]","args":[{"enterText":"Rosario","selector":{"id":"application-managesites-display-component---NewSite--addressDetailDetailsCity1","interaction":{"idSuffix":"inner"}},"clearTextFirst":true,"interactionType":"ENTER_TEXT"}]}
RESULT: {}
RESULT: {"script":"<script> [776 bytes]","args":[{"enterText":"Rosario","selector":{"id":"application-managesites-display-component---NewSite--addressDetailDetailsCity1","interaction":{"idSuffix":"inner"}},"clearTextFirst":true,"interactionType":"ENTER_TEXT"}]}
COMMAND: POST /session/cd4e213f90090bc7497a341d701e98a6/execute/async - {"script":"<script> [1562 bytes]","args":[{"selector":{"id":"application-managesites-display-component---NewSite--addressDetailDetailsCountry-arrow"},"wdio_ui5_key":"applicationmanagesites-display-component---NewSite--addressDetailDetailsCountry-arrow"}]}
RESULT: {"script":"<script> [1562 bytes]","args":[{"selector":{"id":"application-managesites-display-component---NewSite--addressDetailDetailsCountry-arrow"},"wdio_ui5_key":"applicationmanagesites-display-component---NewSite--addressDetailDetailsCountry-arrow"}]}
RESULT: undefined
COMMAND: POST /session/cd4e213f90090bc7497a341d701e98a6/element - {"using":"xpath","value":"//*[@id=\"application-managesites-display-component---NewSite--addressDetailDetailsCountry-arrow\"]"}
RESULT: {"using":"xpath","value":"//*[@id=\"application-managesites-display-component---NewSite--addressDetailDetailsCountry-arrow\"]"}
COMMAND: POST /session/cd4e213f90090bc7497a341d701e98a6/element/f.3EFE59E47BCAC700A535F57DF4769BD4.d.1117069A24FBF1ACBCB4375B3B083321.e.8779/click - {}
RESULT: {}
COMMAND: POST /session/cd4e213f90090bc7497a341d701e98a6/element - {"using":"xpath","value":"//span[contains(text(), \"Argentina\")]"}
COMMAND: GET /session/cd4e213f90090bc7497a341d701e98a6/screenshot - {}
RESULT: {"using":"xpath","value":"//span[contains(text(), \"Argentina\")]"}
COMMAND: POST /session/cd4e213f90090bc7497a341d701e98a6/element/f.3EFE59E47BCAC700A535F57DF4769BD4.d.1117069A24FBF1ACBCB4375B3B083321.e.8781/click - {}
RESULT: {}
RESULT: {}
COMMAND: GET /session/cd4e213f90090bc7497a341d701e98a6/screenshot - {}
RESULT: {}
COMMAND: POST /session/cd4e213f90090bc7497a341d701e98a6/execute/async - {"script":"<script> [1562 bytes]","args":[{"selector":{"id":"application-managesites-display-component---NewSite--addressEditDetailsCostObjectCstType-arrow"},"wdio_ui5_key":"applicationmanagesites-display-component---NewSite--addressEditDetailsCostObjectCstType-arrow"}]}
RESULT: {"script":"<script> [1562 bytes]","args":[{"selector":{"id":"application-managesites-display-component---NewSite--addressEditDetailsCostObjectCstType-arrow"},"wdio_ui5_key":"applicationmanagesites-display-component---NewSite--addressEditDetailsCostObjectCstType-arrow"}]}
RESULT: undefined
COMMAND: POST /session/cd4e213f90090bc7497a341d701e98a6/element - {"using":"xpath","value":"//*[@id=\"application-managesites-display-component---NewSite--addressEditDetailsCostObjectCstType-arrow\"]"}
RESULT: {"using":"xpath","value":"//*[@id=\"application-managesites-display-component---NewSite--addressEditDetailsCostObjectCstType-arrow\"]"}
COMMAND: POST /session/cd4e213f90090bc7497a341d701e98a6/element/f.3EFE59E47BCAC700A535F57DF4769BD4.d.1117069A24FBF1ACBCB4375B3B083321.e.8782/click - {}
RESULT: {}
COMMAND: POST /session/cd4e213f90090bc7497a341d701e98a6/element - {"using":"xpath","value":"//span[contains(text(), \"Cost Center\")]"}
COMMAND: GET /session/cd4e213f90090bc7497a341d701e98a6/screenshot - {}
RESULT: {"using":"xpath","value":"//span[contains(text(), \"Cost Center\")]"}
COMMAND: POST /session/cd4e213f90090bc7497a341d701e98a6/element/f.3EFE59E47BCAC700A535F57DF4769BD4.d.1117069A24FBF1ACBCB4375B3B083321.e.8783/click - {}
RESULT: {}
RESULT: {}
COMMAND: GET /session/cd4e213f90090bc7497a341d701e98a6/screenshot - {}
RESULT: {}
COMMAND: POST /session/cd4e213f90090bc7497a341d701e98a6/element - {"using":"xpath","value":"//span[@id=\"application-managesites-display-component---NewSite--addressNewCostObjectCstID-vhi\"]"}
RESULT: {"using":"xpath","value":"//span[@id=\"application-managesites-display-component---NewSite--addressNewCostObjectCstID-vhi\"]"}
COMMAND: POST /session/cd4e213f90090bc7497a341d701e98a6/execute/sync - {"script":"<script> [8489 bytes]","args":[{"element-6066-11e4-a52e-4f735466cecf":"f.3EFE59E47BCAC700A535F57DF4769BD4.d.1117069A24FBF1ACBCB4375B3B083321.e.8787","ELEMENT":"f.3EFE59E47BCAC700A535F57DF4769BD4.d.1117069A24FBF1ACBCB4375B3B083321.e.8787"}]}
RESULT: {"script":"<script> [8489 bytes]","args":[{"element-6066-11e4-a52e-4f735466cecf":"f.3EFE59E47BCAC700A535F57DF4769BD4.d.1117069A24FBF1ACBCB4375B3B083321.e.8787","ELEMENT":"f.3EFE59E47BCAC700A535F57DF4769BD4.d.1117069A24FBF1ACBCB4375B3B083321.e.8787"}]}
COMMAND: POST /session/cd4e213f90090bc7497a341d701e98a6/execute/async - {"script":"<script> [1562 bytes]","args":[{"selector":{"id":"application-managesites-display-component---NewSite--addressNewCostObjectCstID-vhi"},"wdio_ui5_key":"applicationmanagesites-display-component---NewSite--addressNewCostObjectCstID-vhi"}]}
COMMAND: GET /session/cd4e213f90090bc7497a341d701e98a6/screenshot - {}
RESULT: {"script":"<script> [1562 bytes]","args":[{"selector":{"id":"application-managesites-display-component---NewSite--addressNewCostObjectCstID-vhi"},"wdio_ui5_key":"applicationmanagesites-display-component---NewSite--addressNewCostObjectCstID-vhi"}]}
RESULT: undefined
COMMAND: POST /session/cd4e213f90090bc7497a341d701e98a6/element - {"using":"xpath","value":"//*[@id=\"application-managesites-display-component---NewSite--addressNewCostObjectCstID-vhi\"]"}
RESULT: {}
RESULT: {"using":"xpath","value":"//*[@id=\"application-managesites-display-component---NewSite--addressNewCostObjectCstID-vhi\"]"}
COMMAND: POST /session/cd4e213f90090bc7497a341d701e98a6/element/f.3EFE59E47BCAC700A535F57DF4769BD4.d.1117069A24FBF1ACBCB4375B3B083321.e.8787/click - {}
RESULT: {}
COMMAND: GET /session/cd4e213f90090bc7497a341d701e98a6/screenshot - {}
RESULT: {}
RESULT: undefined
COMMAND: POST /session/cd4e213f90090bc7497a341d701e98a6/execute/async - {"script":"<script> [776 bytes]","args":[{"enterText":"10001013","selector":{"controlType":"sap.m.SearchField","properties":{"placeholder":"Search"},"searchOpenDialogs":true,"interaction":{"idSuffix":"I"}},"clearTextFirst":true,"interactionType":"ENTER_TEXT"}]}
RESULT: {"script":"<script> [776 bytes]","args":[{"enterText":"10001013","selector":{"controlType":"sap.m.SearchField","properties":{"placeholder":"Search"},"searchOpenDialogs":true,"interaction":{"idSuffix":"I"}},"clearTextFirst":true,"interactionType":"ENTER_TEXT"}]}
COMMAND: POST /session/cd4e213f90090bc7497a341d701e98a6/actions - {"actions":[{"id":"action30","type":"key","parameters":{},"actions":[{"type":"keyDown","value":""},{"type":"pause","duration":10},{"type":"keyUp","value":""}]}]}
RESULT: {"actions":[{"id":"action30","type":"key","parameters":{},"actions":[{"type":"keyDown","value":""},{"type":"pause","duration":10},{"type":"keyUp","value":""}]}]}
COMMAND: GET /session/cd4e213f90090bc7497a341d701e98a6/screenshot - {}
RESULT: {}
COMMAND: POST /session/cd4e213f90090bc7497a341d701e98a6/element - {"using":"xpath","value":"//span[contains(text(), \"General Management\")]"}
RESULT: {"using":"xpath","value":"//span[contains(text(), \"General Management\")]"}
COMMAND: POST /session/cd4e213f90090bc7497a341d701e98a6/element/f.3EFE59E47BCAC700A535F57DF4769BD4.d.1117069A24FBF1ACBCB4375B3B083321.e.8825/click - {}
RESULT: {}
COMMAND: GET /session/cd4e213f90090bc7497a341d701e98a6/screenshot - {}
RESULT: {}
COMMAND: POST /session/cd4e213f90090bc7497a341d701e98a6/element - {"using":"xpath","value":"//bdi[contains(text(), \"OK\")]"}
RESULT: {"using":"xpath","value":"//bdi[contains(text(), \"OK\")]"}
COMMAND: POST /session/cd4e213f90090bc7497a341d701e98a6/element/f.3EFE59E47BCAC700A535F57DF4769BD4.d.1117069A24FBF1ACBCB4375B3B083321.e.8826/click - {}
RESULT: {}
COMMAND: GET /session/cd4e213f90090bc7497a341d701e98a6/screenshot - {}
RESULT: {}
COMMAND: POST /session/cd4e213f90090bc7497a341d701e98a6/element - {"using":"xpath","value":"//input[@id=\"application-managesites-display-component---NewSite--addressDetailDetailsCalendar-inner\"]"}
RESULT: {"using":"xpath","value":"//input[@id=\"application-managesites-display-component---NewSite--addressDetailDetailsCalendar-inner\"]"}
COMMAND: POST /session/cd4e213f90090bc7497a341d701e98a6/element/f.3EFE59E47BCAC700A535F57DF4769BD4.d.1117069A24FBF1ACBCB4375B3B083321.e.8574/clear - {}
RESULT: {}
COMMAND: POST /session/cd4e213f90090bc7497a341d701e98a6/element/f.3EFE59E47BCAC700A535F57DF4769BD4.d.1117069A24FBF1ACBCB4375B3B083321.e.8574/value - {"text":"Unit"}
COMMAND: GET /session/cd4e213f90090bc7497a341d701e98a6/screenshot - {}
RESULT: {"text":"Unit"}
COMMAND: GET /session/cd4e213f90090bc7497a341d701e98a6/screenshot - {}
RESULT: {}
RESULT: {}
COMMAND: POST /session/cd4e213f90090bc7497a341d701e98a6/actions - {"actions":[{"id":"action31","type":"key","parameters":{},"actions":[{"type":"keyDown","value":""},{"type":"pause","duration":10},{"type":"keyUp","value":""}]}]}
RESULT: {"actions":[{"id":"action31","type":"key","parameters":{},"actions":[{"type":"keyDown","value":""},{"type":"pause","duration":10},{"type":"keyUp","value":""}]}]}
COMMAND: POST /session/cd4e213f90090bc7497a341d701e98a6/element - {"using":"xpath","value":"//input[@id=\"application-managesites-display-component---NewSite--addressDetailDetailsYard-inner\"]"}
COMMAND: GET /session/cd4e213f90090bc7497a341d701e98a6/screenshot - {}
RESULT: {"using":"xpath","value":"//input[@id=\"application-managesites-display-component---NewSite--addressDetailDetailsYard-inner\"]"}
COMMAND: POST /session/cd4e213f90090bc7497a341d701e98a6/element/f.3EFE59E47BCAC700A535F57DF4769BD4.d.1117069A24FBF1ACBCB4375B3B083321.e.8575/clear - {}
RESULT: {}
RESULT: {}
COMMAND: POST /session/cd4e213f90090bc7497a341d701e98a6/element/f.3EFE59E47BCAC700A535F57DF4769BD4.d.1117069A24FBF1ACBCB4375B3B083321.e.8575/value - {"text":"676"}
COMMAND: GET /session/cd4e213f90090bc7497a341d701e98a6/screenshot - {}
RESULT: {"text":"676"}
COMMAND: GET /session/cd4e213f90090bc7497a341d701e98a6/screenshot - {}
RESULT: {}
RESULT: {}
COMMAND: POST /session/cd4e213f90090bc7497a341d701e98a6/element - {"using":"xpath","value":"//li[.//span[text()='676']]"}
RESULT: {"using":"xpath","value":"//li[.//span[text()='676']]"}
COMMAND: POST /session/cd4e213f90090bc7497a341d701e98a6/element/f.3EFE59E47BCAC700A535F57DF4769BD4.d.1117069A24FBF1ACBCB4375B3B083321.e.8834/click - {}
RESULT: {}
COMMAND: GET /session/cd4e213f90090bc7497a341d701e98a6/screenshot - {}
RESULT: {}
COMMAND: POST /session/cd4e213f90090bc7497a341d701e98a6/element - {"using":"xpath","value":"//input[@id=\"application-managesites-display-component---NewSite--addressDetailDetailsPartner-inner\"]"}
RESULT: {"using":"xpath","value":"//input[@id=\"application-managesites-display-component---NewSite--addressDetailDetailsPartner-inner\"]"}
COMMAND: POST /session/cd4e213f90090bc7497a341d701e98a6/element - {"using":"xpath","value":"//input[@id=\"application-managesites-display-component---NewSite--addressDetailDetailsPartner-inner\"]"}
RESULT: {"using":"xpath","value":"//input[@id=\"application-managesites-display-component---NewSite--addressDetailDetailsPartner-inner\"]"}
COMMAND: POST /session/cd4e213f90090bc7497a341d701e98a6/element - {"using":"xpath","value":"//button[@data-kt=\"saveButton\"]"}
RESULT: {"using":"xpath","value":"//button[@data-kt=\"saveButton\"]"}
COMMAND: POST /session/cd4e213f90090bc7497a341d701e98a6/element/f.3EFE59E47BCAC700A535F57DF4769BD4.d.1117069A24FBF1ACBCB4375B3B083321.e.8704/click - {}
RESULT: {}
COMMAND: GET /session/cd4e213f90090bc7497a341d701e98a6/screenshot - {}
RESULT: {}
COMMAND: POST /session/cd4e213f90090bc7497a341d701e98a6/element - {"using":"xpath","value":"//header[contains(@id, 'ObjectPageLayout-headerTitle')]/div[1]/div[2]/div[2]/span[1]"}
RESULT: {"using":"xpath","value":"//header[contains(@id, 'ObjectPageLayout-headerTitle')]/div[1]/div[2]/div[2]/span[1]"}
COMMAND: POST /session/cd4e213f90090bc7497a341d701e98a6/elements - {"using":"xpath","value":"//header[contains(@id, 'ObjectPageLayout-headerTitle')]/div[1]/div[2]/div[2]/span[1]"}
RESULT: {"using":"xpath","value":"//header[contains(@id, 'ObjectPageLayout-headerTitle')]/div[1]/div[2]/div[2]/span[1]"}
COMMAND: POST /session/cd4e213f90090bc7497a341d701e98a6/execute/sync - {"script":"<script> [56 bytes]","args":[{"element-6066-11e4-a52e-4f735466cecf":"f.3EFE59E47BCAC700A535F57DF4769BD4.d.1117069A24FBF1ACBCB4375B3B083321.e.9041","ELEMENT":"f.3EFE59E47BCAC700A535F57DF4769BD4.d.1117069A24FBF1ACBCB4375B3B083321.e.9041"}]}
RESULT: {"script":"<script> [56 bytes]","args":[{"element-6066-11e4-a52e-4f735466cecf":"f.3EFE59E47BCAC700A535F57DF4769BD4.d.1117069A24FBF1ACBCB4375B3B083321.e.9041","ELEMENT":"f.3EFE59E47BCAC700A535F57DF4769BD4.d.1117069A24FBF1ACBCB4375B3B083321.e.9041"}]}
COMMAND: POST /session/cd4e213f90090bc7497a341d701e98a6/element - {"using":"css selector","value":"#shell-header-logo"}
COMMAND: GET /session/cd4e213f90090bc7497a341d701e98a6/screenshot - {}
RESULT: {"using":"css selector","value":"#shell-header-logo"}
COMMAND: POST /session/cd4e213f90090bc7497a341d701e98a6/element/f.3EFE59E47BCAC700A535F57DF4769BD4.d.1117069A24FBF1ACBCB4375B3B083321.e.8332/click - {}
RESULT: {}
RESULT: {}
COMMAND: GET /session/cd4e213f90090bc7497a341d701e98a6/screenshot - {}
RESULT: {}
COMMAND: POST /session/cd4e213f90090bc7497a341d701e98a6/execute/sync - {"script":"<script> [299 bytes]","args":[["getModel","getResource"]]}
RESULT: {"script":"<script> [299 bytes]","args":[["getModel","getResource"]]}
COMMAND: POST /session/cd4e213f90090bc7497a341d701e98a6/actions - {"actions":[{"id":"action32","type":"key","parameters":{},"actions":[{"type":"keyDown","value":""},{"type":"pause","duration":10},{"type":"keyUp","value":""}]}]}
COMMAND: GET /session/cd4e213f90090bc7497a341d701e98a6/screenshot - {}
RESULT: {"actions":[{"id":"action32","type":"key","parameters":{},"actions":[{"type":"keyDown","value":""},{"type":"pause","duration":10},{"type":"keyUp","value":""}]}]}
COMMAND: GET /session/cd4e213f90090bc7497a341d701e98a6/screenshot - {}
RESULT: {}
RESULT: {}
COMMAND: POST /session/cd4e213f90090bc7497a341d701e98a6/refresh - {}
RESULT: {}
COMMAND: GET /session/cd4e213f90090bc7497a341d701e98a6/screenshot - {}
RESULT: {}
COMMAND: POST /session/cd4e213f90090bc7497a341d701e98a6/refresh - {}
RESULT: {}
COMMAND: GET /session/cd4e213f90090bc7497a341d701e98a6/screenshot - {}
RESULT: {}
COMMAND: POST /session/cd4e213f90090bc7497a341d701e98a6/window/fullscreen - {}
RESULT: {}
COMMAND: POST /session/cd4e213f90090bc7497a341d701e98a6/execute/async - {"script":"<script> [189 bytes]","args":[]}
RESULT: {"script":"<script> [189 bytes]","args":[]}
COMMAND: POST /session/cd4e213f90090bc7497a341d701e98a6/execute/async - {"script":"<script> [123 bytes]","args":[]}
RESULT: {"script":"<script> [123 bytes]","args":[]}
COMMAND: POST /session/cd4e213f90090bc7497a341d701e98a6/timeouts - {"script":"<number>"}
RESULT: {"script":"<number>"}
COMMAND: GET /session/cd4e213f90090bc7497a341d701e98a6/timeouts - {}
RESULT: {}
RESULT: undefined
COMMAND: POST /session/cd4e213f90090bc7497a341d701e98a6/execute/async - {"script":"<script> [2676 bytes]","args":[]}
RESULT: {"script":"<script> [2676 bytes]","args":[]}
COMMAND: POST /session/cd4e213f90090bc7497a341d701e98a6/execute/async - {"script":"<script> [2342 bytes]","args":[{"protocol":"http","hostname":"0.0.0.0","path":"/","capabilities":{"browserName":"chrome","goog:chromeOptions":{"binary":"C:\\Program Files\\Google\\Chrome\\Application\\chrome.exe","args":["--start-maximized"]}},"logLevel":"warn","connectionRetryTimeout":120000,"connectionRetryCount":3,"logLevels":{},"enableDirectConnect":true,"strictSSL":true,"_":"65 more keys: [\"cacheDir\",\"port\",\"requestedCapabilities\",\"automationProtocol\",\"baseUrl\",\"waitforInterval\",\"waitforTimeout\",\"onReload\",\"beforeCommand\",\"afterCommand\",\"rootDir\",\"specs\",\"suites\",\"exclude\",\"groupLogsByTestSpec\",\"excludeDriverLogs\",\"bail\",\"framework\",\"reporters\",\"services\",\"maxInstances\",\"maxInstancesPerCapability\",\"injectGlobals\",\"filesToWatch\",\"execArgv\",\"runnerEnv\",\"runner\",\"shard\",\"specFileRetries\",\"specFileRetriesDelay\",\"specFileRetriesDeferred\",\"reporterSyncInterval\",\"reporterSyncTimeout\",\"cucumberFeaturesWithLineNumbers\",\"autoCompileOpts\",\"mochaOpts\",\"jasmineOpts\",\"cucumberOpts\",\"onPrepare\",\"onWorkerStart\",\"onWorkerEnd\",\"before\",\"beforeSession\",\"beforeSuite\",\"beforeHook\",\"beforeTest\",\"afterTest\",\"afterHook\",\"afterSuite\",\"afterSession\",\"after\",\"onComplete\",\"beforeAssertion\",\"afterAssertion\",\"beforeFeature\",\"beforeScenario\",\"beforeStep\",\"afterStep\",\"afterScenario\",\"afterFeature\",\"_\",\"suite\",\"$0\",\"ignoredWorkerServices\",\"wdi5\"]"}]}
RESULT: {"script":"<script> [2342 bytes]","args":[{"protocol":"http","hostname":"0.0.0.0","path":"/","capabilities":{"browserName":"chrome","goog:chromeOptions":{"binary":"C:\\Program Files\\Google\\Chrome\\Application\\chrome.exe","args":["--start-maximized"]}},"logLevel":"warn","connectionRetryTimeout":120000,"connectionRetryCount":3,"logLevels":{},"enableDirectConnect":true,"strictSSL":true,"_":"65 more keys: [\"cacheDir\",\"port\",\"requestedCapabilities\",\"automationProtocol\",\"baseUrl\",\"waitforInterval\",\"waitforTimeout\",\"onReload\",\"beforeCommand\",\"afterCommand\",\"rootDir\",\"specs\",\"suites\",\"exclude\",\"groupLogsByTestSpec\",\"excludeDriverLogs\",\"bail\",\"framework\",\"reporters\",\"services\",\"maxInstances\",\"maxInstancesPerCapability\",\"injectGlobals\",\"filesToWatch\",\"execArgv\",\"runnerEnv\",\"runner\",\"shard\",\"specFileRetries\",\"specFileRetriesDelay\",\"specFileRetriesDeferred\",\"reporterSyncInterval\",\"reporterSyncTimeout\",\"cucumberFeaturesWithLineNumbers\",\"autoCompileOpts\",\"mochaOpts\",\"jasmineOpts\",\"cucumberOpts\",\"onPrepare\",\"onWorkerStart\",\"onWorkerEnd\",\"before\",\"beforeSession\",\"beforeSuite\",\"beforeHook\",\"beforeTest\",\"afterTest\",\"afterHook\",\"afterSuite\",\"afterSession\",\"after\",\"onComplete\",\"beforeAssertion\",\"afterAssertion\",\"beforeFeature\",\"beforeScenario\",\"beforeStep\",\"afterStep\",\"afterScenario\",\"afterFeature\",\"_\",\"suite\",\"$0\",\"ignoredWorkerServices\",\"wdi5\"]"}]}
COMMAND: POST /session/cd4e213f90090bc7497a341d701e98a6/execute/async - {"script":"<script> [21126 bytes]","args":[35000]}
RESULT: {"script":"<script> [21126 bytes]","args":[35000]}
COMMAND: POST /session/cd4e213f90090bc7497a341d701e98a6/window/fullscreen - {}
RESULT: {}
]]></system-out>
    </testcase>
    <testcase classname="chrome.136_0_7103_93.windows.Provide_to_Site_w/o_warehouse_management_w/_clarification_US116605" name="Should create a new material" time="131.422">
      <system-out><![CDATA[
COMMAND: POST /session/cd4e213f90090bc7497a341d701e98a6/execute/async - {"script":"<script> [1562 bytes]","args":[{"selector":{"controlType":"sap.m.GenericTile","properties":{"header":"Manage Resources"}},"wdio_ui5_key":"sapm.GenericTile{\"header\":\"Manage Resources\"}"}]}
RESULT: {"script":"<script> [1562 bytes]","args":[{"selector":{"controlType":"sap.m.GenericTile","properties":{"header":"Manage Resources"}},"wdio_ui5_key":"sapm.GenericTile{\"header\":\"Manage Resources\"}"}]}
RESULT: undefined
COMMAND: POST /session/cd4e213f90090bc7497a341d701e98a6/element - {"using":"xpath","value":"//*[@id=\"__tile31\"]"}
RESULT: {"using":"xpath","value":"//*[@id=\"__tile31\"]"}
COMMAND: POST /session/cd4e213f90090bc7497a341d701e98a6/element/f.3EFE59E47BCAC700A535F57DF4769BD4.d.2DFD5959AEF6D908FE31427E82DCDB5B.e.9117/click - {}
RESULT: {}
COMMAND: GET /session/cd4e213f90090bc7497a341d701e98a6/screenshot - {}
RESULT: {}
COMMAND: POST /session/cd4e213f90090bc7497a341d701e98a6/elements - {"using":"xpath","value":"//span[text()='Error']"}
RESULT: {"using":"xpath","value":"//span[text()='Error']"}
COMMAND: POST /session/cd4e213f90090bc7497a341d701e98a6/element - {"using":"xpath","value":"//button[@data-kt=\"addNewRUOverflowToolbarButton\"]"}
RESULT: {"using":"xpath","value":"//button[@data-kt=\"addNewRUOverflowToolbarButton\"]"}
COMMAND: POST /session/cd4e213f90090bc7497a341d701e98a6/elements - {"using":"xpath","value":"//button[@data-kt=\"addNewRUOverflowToolbarButton\"]"}
RESULT: {"using":"xpath","value":"//button[@data-kt=\"addNewRUOverflowToolbarButton\"]"}
COMMAND: POST /session/cd4e213f90090bc7497a341d701e98a6/elements - {"using":"xpath","value":"//button[@data-kt=\"addNewRUOverflowToolbarButton\"]"}
RESULT: {"using":"xpath","value":"//button[@data-kt=\"addNewRUOverflowToolbarButton\"]"}
COMMAND: POST /session/cd4e213f90090bc7497a341d701e98a6/elements - {"using":"xpath","value":"//button[@data-kt=\"addNewRUOverflowToolbarButton\"]"}
RESULT: {"using":"xpath","value":"//button[@data-kt=\"addNewRUOverflowToolbarButton\"]"}
COMMAND: POST /session/cd4e213f90090bc7497a341d701e98a6/elements - {"using":"xpath","value":"//button[@data-kt=\"addNewRUOverflowToolbarButton\"]"}
RESULT: {"using":"xpath","value":"//button[@data-kt=\"addNewRUOverflowToolbarButton\"]"}
COMMAND: POST /session/cd4e213f90090bc7497a341d701e98a6/elements - {"using":"xpath","value":"//button[@data-kt=\"addNewRUOverflowToolbarButton\"]"}
RESULT: {"using":"xpath","value":"//button[@data-kt=\"addNewRUOverflowToolbarButton\"]"}
COMMAND: POST /session/cd4e213f90090bc7497a341d701e98a6/element - {"using":"xpath","value":"//button[@data-kt=\"addNewRUOverflowToolbarButton\"]"}
RESULT: {"using":"xpath","value":"//button[@data-kt=\"addNewRUOverflowToolbarButton\"]"}
COMMAND: POST /session/cd4e213f90090bc7497a341d701e98a6/execute/sync - {"script":"<script> [8489 bytes]","args":[{"element-6066-11e4-a52e-4f735466cecf":"f.3EFE59E47BCAC700A535F57DF4769BD4.d.2DFD5959AEF6D908FE31427E82DCDB5B.e.9225","ELEMENT":"f.3EFE59E47BCAC700A535F57DF4769BD4.d.2DFD5959AEF6D908FE31427E82DCDB5B.e.9225"}]}
RESULT: {"script":"<script> [8489 bytes]","args":[{"element-6066-11e4-a52e-4f735466cecf":"f.3EFE59E47BCAC700A535F57DF4769BD4.d.2DFD5959AEF6D908FE31427E82DCDB5B.e.9225","ELEMENT":"f.3EFE59E47BCAC700A535F57DF4769BD4.d.2DFD5959AEF6D908FE31427E82DCDB5B.e.9225"}]}
COMMAND: GET /session/cd4e213f90090bc7497a341d701e98a6/element/f.3EFE59E47BCAC700A535F57DF4769BD4.d.2DFD5959AEF6D908FE31427E82DCDB5B.e.9225/enabled - {}
COMMAND: GET /session/cd4e213f90090bc7497a341d701e98a6/screenshot - {}
RESULT: {}
COMMAND: POST /session/cd4e213f90090bc7497a341d701e98a6/execute/sync - {"script":"<script> [8489 bytes]","args":[{"element-6066-11e4-a52e-4f735466cecf":"f.3EFE59E47BCAC700A535F57DF4769BD4.d.2DFD5959AEF6D908FE31427E82DCDB5B.e.9225","ELEMENT":"f.3EFE59E47BCAC700A535F57DF4769BD4.d.2DFD5959AEF6D908FE31427E82DCDB5B.e.9225"}]}
COMMAND: GET /session/cd4e213f90090bc7497a341d701e98a6/screenshot - {}
RESULT: {}
RESULT: {"script":"<script> [8489 bytes]","args":[{"element-6066-11e4-a52e-4f735466cecf":"f.3EFE59E47BCAC700A535F57DF4769BD4.d.2DFD5959AEF6D908FE31427E82DCDB5B.e.9225","ELEMENT":"f.3EFE59E47BCAC700A535F57DF4769BD4.d.2DFD5959AEF6D908FE31427E82DCDB5B.e.9225"}]}
COMMAND: POST /session/cd4e213f90090bc7497a341d701e98a6/execute/sync - {"script":"<script> [5351 bytes]","args":[{"element-6066-11e4-a52e-4f735466cecf":"f.3EFE59E47BCAC700A535F57DF4769BD4.d.2DFD5959AEF6D908FE31427E82DCDB5B.e.9225","ELEMENT":"f.3EFE59E47BCAC700A535F57DF4769BD4.d.2DFD5959AEF6D908FE31427E82DCDB5B.e.9225"}]}
RESULT: {}
RESULT: {"script":"<script> [5351 bytes]","args":[{"element-6066-11e4-a52e-4f735466cecf":"f.3EFE59E47BCAC700A535F57DF4769BD4.d.2DFD5959AEF6D908FE31427E82DCDB5B.e.9225","ELEMENT":"f.3EFE59E47BCAC700A535F57DF4769BD4.d.2DFD5959AEF6D908FE31427E82DCDB5B.e.9225"}]}
COMMAND: POST /session/cd4e213f90090bc7497a341d701e98a6/element/f.3EFE59E47BCAC700A535F57DF4769BD4.d.2DFD5959AEF6D908FE31427E82DCDB5B.e.9225/click - {}
COMMAND: GET /session/cd4e213f90090bc7497a341d701e98a6/screenshot - {}
COMMAND: GET /session/cd4e213f90090bc7497a341d701e98a6/screenshot - {}
RESULT: {}
COMMAND: GET /session/cd4e213f90090bc7497a341d701e98a6/screenshot - {}
RESULT: {}
RESULT: {}
RESULT: {}
COMMAND: POST /session/cd4e213f90090bc7497a341d701e98a6/execute/async - {"script":"<script> [1562 bytes]","args":[{"selector":{"id":"application-manageresources-display-component---newResourceUnit--TYPE-arrow"},"wdio_ui5_key":"applicationmanageresources-display-component---newResourceUnit--TYPE-arrow"}]}
RESULT: {"script":"<script> [1562 bytes]","args":[{"selector":{"id":"application-manageresources-display-component---newResourceUnit--TYPE-arrow"},"wdio_ui5_key":"applicationmanageresources-display-component---newResourceUnit--TYPE-arrow"}]}
RESULT: undefined
COMMAND: POST /session/cd4e213f90090bc7497a341d701e98a6/element - {"using":"xpath","value":"//*[@id=\"application-manageresources-display-component---newResourceUnit--TYPE-arrow\"]"}
RESULT: {"using":"xpath","value":"//*[@id=\"application-manageresources-display-component---newResourceUnit--TYPE-arrow\"]"}
COMMAND: POST /session/cd4e213f90090bc7497a341d701e98a6/element/f.3EFE59E47BCAC700A535F57DF4769BD4.d.2DFD5959AEF6D908FE31427E82DCDB5B.e.9583/click - {}
RESULT: {}
COMMAND: POST /session/cd4e213f90090bc7497a341d701e98a6/element - {"using":"xpath","value":"//input[@id=\"application-manageresources-display-component---newResourceUnit--TYPE-inner\"]"}
COMMAND: GET /session/cd4e213f90090bc7497a341d701e98a6/screenshot - {}
RESULT: {"using":"xpath","value":"//input[@id=\"application-manageresources-display-component---newResourceUnit--TYPE-inner\"]"}
COMMAND: POST /session/cd4e213f90090bc7497a341d701e98a6/element/f.3EFE59E47BCAC700A535F57DF4769BD4.d.2DFD5959AEF6D908FE31427E82DCDB5B.e.9578/clear - {}
RESULT: {}
RESULT: {}
COMMAND: POST /session/cd4e213f90090bc7497a341d701e98a6/element/f.3EFE59E47BCAC700A535F57DF4769BD4.d.2DFD5959AEF6D908FE31427E82DCDB5B.e.9578/value - {"text":"Material"}
COMMAND: GET /session/cd4e213f90090bc7497a341d701e98a6/screenshot - {}
RESULT: {"text":"Material"}
COMMAND: GET /session/cd4e213f90090bc7497a341d701e98a6/screenshot - {}
RESULT: {}
RESULT: {}
COMMAND: POST /session/cd4e213f90090bc7497a341d701e98a6/actions - {"actions":[{"id":"action33","type":"key","parameters":{},"actions":[{"type":"keyDown","value":""},{"type":"pause","duration":10},{"type":"keyUp","value":""}]}]}
RESULT: {"actions":[{"id":"action33","type":"key","parameters":{},"actions":[{"type":"keyDown","value":""},{"type":"pause","duration":10},{"type":"keyUp","value":""}]}]}
COMMAND: POST /session/cd4e213f90090bc7497a341d701e98a6/execute/async - {"script":"<script> [1562 bytes]","args":[{"selector":{"id":"application-manageresources-display-component---newResourceUnit--SHORT_TEXT","interaction":{"idSuffix":"inner"}},"wdio_ui5_key":"applicationmanageresources-display-component---newResourceUnit--SHORT_TEXT"}]}
COMMAND: GET /session/cd4e213f90090bc7497a341d701e98a6/screenshot - {}
RESULT: {"script":"<script> [1562 bytes]","args":[{"selector":{"id":"application-manageresources-display-component---newResourceUnit--SHORT_TEXT","interaction":{"idSuffix":"inner"}},"wdio_ui5_key":"applicationmanageresources-display-component---newResourceUnit--SHORT_TEXT"}]}
RESULT: undefined
COMMAND: POST /session/cd4e213f90090bc7497a341d701e98a6/execute/async - {"script":"<script> [776 bytes]","args":[{"enterText":"Cement WDIO","selector":{"id":"application-manageresources-display-component---newResourceUnit--SHORT_TEXT","interaction":{"idSuffix":"inner"}},"clearTextFirst":true,"interactionType":"ENTER_TEXT"}]}
RESULT: {}
RESULT: {"script":"<script> [776 bytes]","args":[{"enterText":"Cement WDIO","selector":{"id":"application-manageresources-display-component---newResourceUnit--SHORT_TEXT","interaction":{"idSuffix":"inner"}},"clearTextFirst":true,"interactionType":"ENTER_TEXT"}]}
COMMAND: POST /session/cd4e213f90090bc7497a341d701e98a6/execute/async - {"script":"<script> [1562 bytes]","args":[{"selector":{"id":"application-manageresources-display-component---newResourceUnit--BASE_UNIT_OF_MEASURE","interaction":{"idSuffix":"inner"}},"wdio_ui5_key":"applicationmanageresources-display-component---newResourceUnit--BASE_UNIT_OF_MEASURE"}]}
RESULT: {"script":"<script> [1562 bytes]","args":[{"selector":{"id":"application-manageresources-display-component---newResourceUnit--BASE_UNIT_OF_MEASURE","interaction":{"idSuffix":"inner"}},"wdio_ui5_key":"applicationmanageresources-display-component---newResourceUnit--BASE_UNIT_OF_MEASURE"}]}
RESULT: undefined
COMMAND: POST /session/cd4e213f90090bc7497a341d701e98a6/execute/async - {"script":"<script> [776 bytes]","args":[{"enterText":"Piece","selector":{"id":"application-manageresources-display-component---newResourceUnit--BASE_UNIT_OF_MEASURE","interaction":{"idSuffix":"inner"}},"clearTextFirst":true,"interactionType":"ENTER_TEXT"}]}
RESULT: {"script":"<script> [776 bytes]","args":[{"enterText":"Piece","selector":{"id":"application-manageresources-display-component---newResourceUnit--BASE_UNIT_OF_MEASURE","interaction":{"idSuffix":"inner"}},"clearTextFirst":true,"interactionType":"ENTER_TEXT"}]}
COMMAND: POST /session/cd4e213f90090bc7497a341d701e98a6/execute/async - {"script":"<script> [1562 bytes]","args":[{"selector":{"id":"application-manageresources-display-component---newResourceUnit--WEIGHT_UNIT","interaction":{"idSuffix":"inner"}},"wdio_ui5_key":"applicationmanageresources-display-component---newResourceUnit--WEIGHT_UNIT"}]}
RESULT: {"script":"<script> [1562 bytes]","args":[{"selector":{"id":"application-manageresources-display-component---newResourceUnit--WEIGHT_UNIT","interaction":{"idSuffix":"inner"}},"wdio_ui5_key":"applicationmanageresources-display-component---newResourceUnit--WEIGHT_UNIT"}]}
RESULT: undefined
COMMAND: POST /session/cd4e213f90090bc7497a341d701e98a6/execute/async - {"script":"<script> [776 bytes]","args":[{"enterText":"Gram","selector":{"id":"application-manageresources-display-component---newResourceUnit--WEIGHT_UNIT","interaction":{"idSuffix":"inner"}},"clearTextFirst":true,"interactionType":"ENTER_TEXT"}]}
RESULT: {"script":"<script> [776 bytes]","args":[{"enterText":"Gram","selector":{"id":"application-manageresources-display-component---newResourceUnit--WEIGHT_UNIT","interaction":{"idSuffix":"inner"}},"clearTextFirst":true,"interactionType":"ENTER_TEXT"}]}
COMMAND: POST /session/cd4e213f90090bc7497a341d701e98a6/execute/async - {"script":"<script> [1562 bytes]","args":[{"selector":{"id":"application-manageresources-display-component---newResourceUnit--DIMENSION_UNIT","interaction":{"idSuffix":"inner"}},"wdio_ui5_key":"applicationmanageresources-display-component---newResourceUnit--DIMENSION_UNIT"}]}
RESULT: {"script":"<script> [1562 bytes]","args":[{"selector":{"id":"application-manageresources-display-component---newResourceUnit--DIMENSION_UNIT","interaction":{"idSuffix":"inner"}},"wdio_ui5_key":"applicationmanageresources-display-component---newResourceUnit--DIMENSION_UNIT"}]}
RESULT: undefined
COMMAND: POST /session/cd4e213f90090bc7497a341d701e98a6/execute/async - {"script":"<script> [776 bytes]","args":[{"enterText":"Meter","selector":{"id":"application-manageresources-display-component---newResourceUnit--DIMENSION_UNIT","interaction":{"idSuffix":"inner"}},"clearTextFirst":true,"interactionType":"ENTER_TEXT"}]}
RESULT: {"script":"<script> [776 bytes]","args":[{"enterText":"Meter","selector":{"id":"application-manageresources-display-component---newResourceUnit--DIMENSION_UNIT","interaction":{"idSuffix":"inner"}},"clearTextFirst":true,"interactionType":"ENTER_TEXT"}]}
COMMAND: POST /session/cd4e213f90090bc7497a341d701e98a6/execute/async - {"script":"<script> [1562 bytes]","args":[{"selector":{"id":"application-manageresources-display-component---newResourceUnit--newRRUPage-anchBar-application-manageresources-display-component---newResourceUnit--control-anchor","interaction":{"idSuffix":"BDI-content"}},"wdio_ui5_key":"applicationmanageresources-display-component---newResourceUnit--newRRUPage-anchBar-application-manageresources-display-component---newResourceUnit--control-anchor"}]}
RESULT: {"script":"<script> [1562 bytes]","args":[{"selector":{"id":"application-manageresources-display-component---newResourceUnit--newRRUPage-anchBar-application-manageresources-display-component---newResourceUnit--control-anchor","interaction":{"idSuffix":"BDI-content"}},"wdio_ui5_key":"applicationmanageresources-display-component---newResourceUnit--newRRUPage-anchBar-application-manageresources-display-component---newResourceUnit--control-anchor"}]}
RESULT: undefined
COMMAND: POST /session/cd4e213f90090bc7497a341d701e98a6/element - {"using":"xpath","value":"//*[@id=\"application-manageresources-display-component---newResourceUnit--newRRUPage-anchBar-application-manageresources-display-component---newResourceUnit--control-anchor\"]"}
RESULT: {"using":"xpath","value":"//*[@id=\"application-manageresources-display-component---newResourceUnit--newRRUPage-anchBar-application-manageresources-display-component---newResourceUnit--control-anchor\"]"}
COMMAND: POST /session/cd4e213f90090bc7497a341d701e98a6/element/f.3EFE59E47BCAC700A535F57DF4769BD4.d.2DFD5959AEF6D908FE31427E82DCDB5B.e.9648/click - {}
RESULT: {}
COMMAND: POST /session/cd4e213f90090bc7497a341d701e98a6/execute/async - {"script":"<script> [1562 bytes]","args":[{"selector":{"id":"application-manageresources-display-component---newResourceUnit--PLANNING_GROUP","interaction":{"idSuffix":"inner"}},"wdio_ui5_key":"applicationmanageresources-display-component---newResourceUnit--PLANNING_GROUP"}]}
COMMAND: GET /session/cd4e213f90090bc7497a341d701e98a6/screenshot - {}
RESULT: {"script":"<script> [1562 bytes]","args":[{"selector":{"id":"application-manageresources-display-component---newResourceUnit--PLANNING_GROUP","interaction":{"idSuffix":"inner"}},"wdio_ui5_key":"applicationmanageresources-display-component---newResourceUnit--PLANNING_GROUP"}]}
RESULT: undefined
COMMAND: POST /session/cd4e213f90090bc7497a341d701e98a6/execute/async - {"script":"<script> [776 bytes]","args":[{"enterText":"Material","selector":{"id":"application-manageresources-display-component---newResourceUnit--PLANNING_GROUP","interaction":{"idSuffix":"inner"}},"clearTextFirst":true,"interactionType":"ENTER_TEXT"}]}
RESULT: {}
RESULT: {"script":"<script> [776 bytes]","args":[{"enterText":"Material","selector":{"id":"application-manageresources-display-component---newResourceUnit--PLANNING_GROUP","interaction":{"idSuffix":"inner"}},"clearTextFirst":true,"interactionType":"ENTER_TEXT"}]}
COMMAND: POST /session/cd4e213f90090bc7497a341d701e98a6/execute/async - {"script":"<script> [1562 bytes]","args":[{"selector":{"id":"application-manageresources-display-component---newResourceUnit--PLANNING_INDICATOR","interaction":{"idSuffix":"inner"}},"wdio_ui5_key":"applicationmanageresources-display-component---newResourceUnit--PLANNING_INDICATOR"}]}
RESULT: {"script":"<script> [1562 bytes]","args":[{"selector":{"id":"application-manageresources-display-component---newResourceUnit--PLANNING_INDICATOR","interaction":{"idSuffix":"inner"}},"wdio_ui5_key":"applicationmanageresources-display-component---newResourceUnit--PLANNING_INDICATOR"}]}
RESULT: undefined
COMMAND: POST /session/cd4e213f90090bc7497a341d701e98a6/execute/async - {"script":"<script> [776 bytes]","args":[{"enterText":"10 - infinite","selector":{"id":"application-manageresources-display-component---newResourceUnit--PLANNING_INDICATOR","interaction":{"idSuffix":"inner"}},"clearTextFirst":true,"interactionType":"ENTER_TEXT"}]}
RESULT: {"script":"<script> [776 bytes]","args":[{"enterText":"10 - infinite","selector":{"id":"application-manageresources-display-component---newResourceUnit--PLANNING_INDICATOR","interaction":{"idSuffix":"inner"}},"clearTextFirst":true,"interactionType":"ENTER_TEXT"}]}
COMMAND: POST /session/cd4e213f90090bc7497a341d701e98a6/element - {"using":"css selector","value":"#application-manageresources-display-component---newResourceUnit--btnAddTimeSegment"}
RESULT: {"using":"css selector","value":"#application-manageresources-display-component---newResourceUnit--btnAddTimeSegment"}
COMMAND: GET /session/cd4e213f90090bc7497a341d701e98a6/element/f.3EFE59E47BCAC700A535F57DF4769BD4.d.2DFD5959AEF6D908FE31427E82DCDB5B.e.9658/rect - {}
RESULT: {}
COMMAND: GET /session/cd4e213f90090bc7497a341d701e98a6/window/rect - {}
RESULT: {}
COMMAND: POST /session/cd4e213f90090bc7497a341d701e98a6/execute/sync - {"script":"<script> [92 bytes]","args":[]}
RESULT: {"script":"<script> [92 bytes]","args":[]}
COMMAND: POST /session/cd4e213f90090bc7497a341d701e98a6/actions - {"actions":[{"id":"action34","type":"wheel","parameters":{},"actions":[{"type":"scroll","x":-1888,"y":-32,"deltaX":0,"deltaY":0,"duration":0,"origin":{"element-6066-11e4-a52e-4f735466cecf":"f.3EFE59E47BCAC700A535F57DF4769BD4.d.2DFD5959AEF6D908FE31427E82DCDB5B.e.9658"}}]}]}
COMMAND: GET /session/cd4e213f90090bc7497a341d701e98a6/screenshot - {}
RESULT: {}
COMMAND: POST /session/cd4e213f90090bc7497a341d701e98a6/execute/sync - {"script":"<script> [79 bytes]","args":[{"element-6066-11e4-a52e-4f735466cecf":"f.3EFE59E47BCAC700A535F57DF4769BD4.d.2DFD5959AEF6D908FE31427E82DCDB5B.e.9658","ELEMENT":"f.3EFE59E47BCAC700A535F57DF4769BD4.d.2DFD5959AEF6D908FE31427E82DCDB5B.e.9658"},{"block":"start","inline":"nearest"}]}
RESULT: {"script":"<script> [79 bytes]","args":[{"element-6066-11e4-a52e-4f735466cecf":"f.3EFE59E47BCAC700A535F57DF4769BD4.d.2DFD5959AEF6D908FE31427E82DCDB5B.e.9658","ELEMENT":"f.3EFE59E47BCAC700A535F57DF4769BD4.d.2DFD5959AEF6D908FE31427E82DCDB5B.e.9658"},{"block":"start","inline":"nearest"}]}
COMMAND: POST /session/cd4e213f90090bc7497a341d701e98a6/execute/async - {"script":"<script> [1562 bytes]","args":[{"selector":{"id":"application-manageresources-display-component---newResourceUnit--btnAddTimeSegment","interaction":{"idSuffix":"inner"}},"wdio_ui5_key":"applicationmanageresources-display-component---newResourceUnit--btnAddTimeSegment"}]}
COMMAND: GET /session/cd4e213f90090bc7497a341d701e98a6/screenshot - {}
RESULT: {"script":"<script> [1562 bytes]","args":[{"selector":{"id":"application-manageresources-display-component---newResourceUnit--btnAddTimeSegment","interaction":{"idSuffix":"inner"}},"wdio_ui5_key":"applicationmanageresources-display-component---newResourceUnit--btnAddTimeSegment"}]}
RESULT: undefined
COMMAND: POST /session/cd4e213f90090bc7497a341d701e98a6/element - {"using":"xpath","value":"//*[@id=\"application-manageresources-display-component---newResourceUnit--btnAddTimeSegment\"]"}
RESULT: {}
RESULT: {"using":"xpath","value":"//*[@id=\"application-manageresources-display-component---newResourceUnit--btnAddTimeSegment\"]"}
COMMAND: POST /session/cd4e213f90090bc7497a341d701e98a6/element/f.3EFE59E47BCAC700A535F57DF4769BD4.d.2DFD5959AEF6D908FE31427E82DCDB5B.e.9658/click - {}
RESULT: {}
COMMAND: GET /session/cd4e213f90090bc7497a341d701e98a6/screenshot - {}
RESULT: {}
COMMAND: POST /session/cd4e213f90090bc7497a341d701e98a6/element - {"using":"xpath","value":"//input[@id=\"application-manageresources-display-component---newResourceUnit--idRuTSAdmin-application-manageresources-display-component---newResourceUnit--RUTimeSegment-0-inner\"]"}
RESULT: {"using":"xpath","value":"//input[@id=\"application-manageresources-display-component---newResourceUnit--idRuTSAdmin-application-manageresources-display-component---newResourceUnit--RUTimeSegment-0-inner\"]"}
COMMAND: POST /session/cd4e213f90090bc7497a341d701e98a6/element/f.3EFE59E47BCAC700A535F57DF4769BD4.d.2DFD5959AEF6D908FE31427E82DCDB5B.e.9663/clear - {}
RESULT: {}
COMMAND: POST /session/cd4e213f90090bc7497a341d701e98a6/element/f.3EFE59E47BCAC700A535F57DF4769BD4.d.2DFD5959AEF6D908FE31427E82DCDB5B.e.9663/value - {"text":"676"}
COMMAND: GET /session/cd4e213f90090bc7497a341d701e98a6/screenshot - {}
RESULT: {"text":"676"}
COMMAND: GET /session/cd4e213f90090bc7497a341d701e98a6/screenshot - {}
RESULT: {}
RESULT: {}
COMMAND: POST /session/cd4e213f90090bc7497a341d701e98a6/element - {"using":"xpath","value":"//li[.//span[text()='676']]"}
RESULT: {"using":"xpath","value":"//li[.//span[text()='676']]"}
COMMAND: POST /session/cd4e213f90090bc7497a341d701e98a6/element/f.3EFE59E47BCAC700A535F57DF4769BD4.d.2DFD5959AEF6D908FE31427E82DCDB5B.e.9672/click - {}
RESULT: {}
COMMAND: GET /session/cd4e213f90090bc7497a341d701e98a6/screenshot - {}
RESULT: {}
COMMAND: POST /session/cd4e213f90090bc7497a341d701e98a6/element - {"using":"xpath","value":"(//span[contains(@id, \"-application-manageresources-display-component---newResourceUnit--RUTimeSegment-0-arrow\")])[2]"}
RESULT: {"using":"xpath","value":"(//span[contains(@id, \"-application-manageresources-display-component---newResourceUnit--RUTimeSegment-0-arrow\")])[2]"}
COMMAND: POST /session/cd4e213f90090bc7497a341d701e98a6/element/f.3EFE59E47BCAC700A535F57DF4769BD4.d.2DFD5959AEF6D908FE31427E82DCDB5B.e.9673/click - {}
RESULT: {}
COMMAND: POST /session/cd4e213f90090bc7497a341d701e98a6/element - {"using":"xpath","value":"//span[contains(text(), \"PM Order\")]"}
COMMAND: GET /session/cd4e213f90090bc7497a341d701e98a6/screenshot - {}
RESULT: {"using":"xpath","value":"//span[contains(text(), \"PM Order\")]"}
COMMAND: POST /session/cd4e213f90090bc7497a341d701e98a6/element/f.3EFE59E47BCAC700A535F57DF4769BD4.d.2DFD5959AEF6D908FE31427E82DCDB5B.e.9674/click - {}
RESULT: {}
RESULT: {}
COMMAND: GET /session/cd4e213f90090bc7497a341d701e98a6/screenshot - {}
RESULT: {}
COMMAND: POST /session/cd4e213f90090bc7497a341d701e98a6/element - {"using":"xpath","value":"//td/div/div/div/span[contains(@id, \"newResourceUnit--RUTimeSegment-0-vhi\")][1]"}
RESULT: {"using":"xpath","value":"//td/div/div/div/span[contains(@id, \"newResourceUnit--RUTimeSegment-0-vhi\")][1]"}
COMMAND: GET /session/cd4e213f90090bc7497a341d701e98a6/element/f.3EFE59E47BCAC700A535F57DF4769BD4.d.2DFD5959AEF6D908FE31427E82DCDB5B.e.9678/rect - {}
RESULT: {}
COMMAND: GET /session/cd4e213f90090bc7497a341d701e98a6/window/rect - {}
RESULT: {}
COMMAND: POST /session/cd4e213f90090bc7497a341d701e98a6/execute/sync - {"script":"<script> [92 bytes]","args":[]}
RESULT: {"script":"<script> [92 bytes]","args":[]}
COMMAND: POST /session/cd4e213f90090bc7497a341d701e98a6/actions - {"actions":[{"id":"action35","type":"wheel","parameters":{},"actions":[{"type":"scroll","x":-1888,"y":-24,"deltaX":0,"deltaY":0,"duration":0,"origin":{"element-6066-11e4-a52e-4f735466cecf":"f.3EFE59E47BCAC700A535F57DF4769BD4.d.2DFD5959AEF6D908FE31427E82DCDB5B.e.9678"}}]}]}
COMMAND: GET /session/cd4e213f90090bc7497a341d701e98a6/screenshot - {}
RESULT: {}
COMMAND: POST /session/cd4e213f90090bc7497a341d701e98a6/execute/sync - {"script":"<script> [79 bytes]","args":[{"element-6066-11e4-a52e-4f735466cecf":"f.3EFE59E47BCAC700A535F57DF4769BD4.d.2DFD5959AEF6D908FE31427E82DCDB5B.e.9678","ELEMENT":"f.3EFE59E47BCAC700A535F57DF4769BD4.d.2DFD5959AEF6D908FE31427E82DCDB5B.e.9678"},{"block":"start","inline":"nearest"}]}
RESULT: {"script":"<script> [79 bytes]","args":[{"element-6066-11e4-a52e-4f735466cecf":"f.3EFE59E47BCAC700A535F57DF4769BD4.d.2DFD5959AEF6D908FE31427E82DCDB5B.e.9678","ELEMENT":"f.3EFE59E47BCAC700A535F57DF4769BD4.d.2DFD5959AEF6D908FE31427E82DCDB5B.e.9678"},{"block":"start","inline":"nearest"}]}
COMMAND: GET /session/cd4e213f90090bc7497a341d701e98a6/screenshot - {}
RESULT: {}
COMMAND: POST /session/cd4e213f90090bc7497a341d701e98a6/element/f.3EFE59E47BCAC700A535F57DF4769BD4.d.2DFD5959AEF6D908FE31427E82DCDB5B.e.9678/click - {}
RESULT: {}
COMMAND: GET /session/cd4e213f90090bc7497a341d701e98a6/screenshot - {}
RESULT: {}
COMMAND: POST /session/cd4e213f90090bc7497a341d701e98a6/execute/async - {"script":"<script> [1562 bytes]","args":[{"selector":{"controlType":"sap.m.SearchField","properties":{"placeholder":"Search"},"searchOpenDialogs":true,"interaction":{"idSuffix":"I"}},"wdio_ui5_key":"sapm.SearchField{\"placeholder\":\"Search\"}"}]}
RESULT: {"script":"<script> [1562 bytes]","args":[{"selector":{"controlType":"sap.m.SearchField","properties":{"placeholder":"Search"},"searchOpenDialogs":true,"interaction":{"idSuffix":"I"}},"wdio_ui5_key":"sapm.SearchField{\"placeholder\":\"Search\"}"}]}
RESULT: undefined
COMMAND: POST /session/cd4e213f90090bc7497a341d701e98a6/execute/async - {"script":"<script> [776 bytes]","args":[{"enterText":"4000360","selector":{"controlType":"sap.m.SearchField","properties":{"placeholder":"Search"},"searchOpenDialogs":true,"interaction":{"idSuffix":"I"}},"clearTextFirst":true,"interactionType":"ENTER_TEXT"}]}
RESULT: {"script":"<script> [776 bytes]","args":[{"enterText":"4000360","selector":{"controlType":"sap.m.SearchField","properties":{"placeholder":"Search"},"searchOpenDialogs":true,"interaction":{"idSuffix":"I"}},"clearTextFirst":true,"interactionType":"ENTER_TEXT"}]}
COMMAND: POST /session/cd4e213f90090bc7497a341d701e98a6/actions - {"actions":[{"id":"action36","type":"key","parameters":{},"actions":[{"type":"keyDown","value":""},{"type":"pause","duration":10},{"type":"keyUp","value":""}]}]}
RESULT: {"actions":[{"id":"action36","type":"key","parameters":{},"actions":[{"type":"keyDown","value":""},{"type":"pause","duration":10},{"type":"keyUp","value":""}]}]}
COMMAND: GET /session/cd4e213f90090bc7497a341d701e98a6/screenshot - {}
RESULT: {}
COMMAND: POST /session/cd4e213f90090bc7497a341d701e98a6/element - {"using":"xpath","value":"//td/div/span[contains(text(), \"BGL Vehicles\")]"}
RESULT: {"using":"xpath","value":"//td/div/span[contains(text(), \"BGL Vehicles\")]"}
COMMAND: POST /session/cd4e213f90090bc7497a341d701e98a6/element/f.3EFE59E47BCAC700A535F57DF4769BD4.d.2DFD5959AEF6D908FE31427E82DCDB5B.e.9699/click - {}
RESULT: {}
COMMAND: GET /session/cd4e213f90090bc7497a341d701e98a6/screenshot - {}
RESULT: {}
COMMAND: POST /session/cd4e213f90090bc7497a341d701e98a6/element - {"using":"xpath","value":"//bdi[contains(text(), \"OK\")]"}
RESULT: {"using":"xpath","value":"//bdi[contains(text(), \"OK\")]"}
COMMAND: POST /session/cd4e213f90090bc7497a341d701e98a6/element/f.3EFE59E47BCAC700A535F57DF4769BD4.d.2DFD5959AEF6D908FE31427E82DCDB5B.e.9700/click - {}
RESULT: {}
COMMAND: GET /session/cd4e213f90090bc7497a341d701e98a6/screenshot - {}
RESULT: {}
COMMAND: POST /session/cd4e213f90090bc7497a341d701e98a6/element - {"using":"xpath","value":"//label[contains(@class, 'sapMLabelRequired') and .//bdi[contains(text(), 'Planned Retirement')]]"}
RESULT: {"using":"xpath","value":"//label[contains(@class, 'sapMLabelRequired') and .//bdi[contains(text(), 'Planned Retirement')]]"}
COMMAND: POST /session/cd4e213f90090bc7497a341d701e98a6/elements - {"using":"xpath","value":"//label[contains(@class, 'sapMLabelRequired') and .//bdi[contains(text(), 'Planned Retirement')]]"}
RESULT: {"using":"xpath","value":"//label[contains(@class, 'sapMLabelRequired') and .//bdi[contains(text(), 'Planned Retirement')]]"}
COMMAND: POST /session/cd4e213f90090bc7497a341d701e98a6/element - {"using":"xpath","value":"//button[@data-kt=\"resourceUnitSaveButton\"]"}
RESULT: {"using":"xpath","value":"//button[@data-kt=\"resourceUnitSaveButton\"]"}
COMMAND: POST /session/cd4e213f90090bc7497a341d701e98a6/element/f.3EFE59E47BCAC700A535F57DF4769BD4.d.2DFD5959AEF6D908FE31427E82DCDB5B.e.9600/click - {}
RESULT: {}
COMMAND: GET /session/cd4e213f90090bc7497a341d701e98a6/screenshot - {}
RESULT: {}
COMMAND: POST /session/cd4e213f90090bc7497a341d701e98a6/element - {"using":"xpath","value":"//bdi[contains(text(), \"Close\")]"}
RESULT: {"using":"xpath","value":"//bdi[contains(text(), \"Close\")]"}
COMMAND: POST /session/cd4e213f90090bc7497a341d701e98a6/element/f.3EFE59E47BCAC700A535F57DF4769BD4.d.2DFD5959AEF6D908FE31427E82DCDB5B.e.9707/click - {}
RESULT: {}
COMMAND: GET /session/cd4e213f90090bc7497a341d701e98a6/screenshot - {}
RESULT: {}
COMMAND: POST /session/cd4e213f90090bc7497a341d701e98a6/element - {"using":"xpath","value":"//header[contains(@id, 'detailRruPage-headerTitle')]/div[1]/div[2]/div[2]/span[1]"}
RESULT: {"using":"xpath","value":"//header[contains(@id, 'detailRruPage-headerTitle')]/div[1]/div[2]/div[2]/span[1]"}
COMMAND: POST /session/cd4e213f90090bc7497a341d701e98a6/elements - {"using":"xpath","value":"//header[contains(@id, 'detailRruPage-headerTitle')]/div[1]/div[2]/div[2]/span[1]"}
RESULT: {"using":"xpath","value":"//header[contains(@id, 'detailRruPage-headerTitle')]/div[1]/div[2]/div[2]/span[1]"}
COMMAND: POST /session/cd4e213f90090bc7497a341d701e98a6/execute/sync - {"script":"<script> [56 bytes]","args":[{"element-6066-11e4-a52e-4f735466cecf":"f.3EFE59E47BCAC700A535F57DF4769BD4.d.2DFD5959AEF6D908FE31427E82DCDB5B.e.9736","ELEMENT":"f.3EFE59E47BCAC700A535F57DF4769BD4.d.2DFD5959AEF6D908FE31427E82DCDB5B.e.9736"}]}
RESULT: {"script":"<script> [56 bytes]","args":[{"element-6066-11e4-a52e-4f735466cecf":"f.3EFE59E47BCAC700A535F57DF4769BD4.d.2DFD5959AEF6D908FE31427E82DCDB5B.e.9736","ELEMENT":"f.3EFE59E47BCAC700A535F57DF4769BD4.d.2DFD5959AEF6D908FE31427E82DCDB5B.e.9736"}]}
COMMAND: POST /session/cd4e213f90090bc7497a341d701e98a6/element - {"using":"css selector","value":"#shell-header-logo"}
COMMAND: GET /session/cd4e213f90090bc7497a341d701e98a6/screenshot - {}
RESULT: {"using":"css selector","value":"#shell-header-logo"}
COMMAND: POST /session/cd4e213f90090bc7497a341d701e98a6/element/f.3EFE59E47BCAC700A535F57DF4769BD4.d.2DFD5959AEF6D908FE31427E82DCDB5B.e.9193/click - {}
RESULT: {}
RESULT: {}
COMMAND: GET /session/cd4e213f90090bc7497a341d701e98a6/screenshot - {}
RESULT: {}
]]></system-out>
    </testcase>
  </testsuite>
  <testsuite timestamp="2025-05-22T16:59:57" time="262.69" tests="6" failures="4" errors="4" skipped="0">
    <properties>
      <property name="specId" value="0"/>
      <property name="suiteName" value="Provide to Site w/o warehouse management w clarification"/>
      <property name="capabilities" value="chrome.136_0_7103_93.windows"/>
      <property name="file" value="file:///D:/a/1/s/test/specs/HTR/provide-to-site-wo-warehouse-w-clarification.spec.js"/>
    </properties>
    <testcase classname="chrome.136_0_7103_93.windows.Provide_to_Site_w/o_warehouse_management_w_clarification" name="Should do a stock increase handover" time="66.361">
      <failure/>
      <error message="receiptDate.setValue is not a function"/>
      <system-out><![CDATA[
COMMAND: POST /session/cd4e213f90090bc7497a341d701e98a6/execute/async - {"script":"<script> [1562 bytes]","args":[{"selector":{"controlType":"sap.m.GenericTile","properties":{"header":"Manage Handovers"}},"wdio_ui5_key":"sapm.GenericTile{\"header\":\"Manage Handovers\"}"}]}
RESULT: {"script":"<script> [1562 bytes]","args":[{"selector":{"controlType":"sap.m.GenericTile","properties":{"header":"Manage Handovers"}},"wdio_ui5_key":"sapm.GenericTile{\"header\":\"Manage Handovers\"}"}]}
RESULT: undefined
COMMAND: POST /session/cd4e213f90090bc7497a341d701e98a6/element - {"using":"xpath","value":"//*[@id=\"__tile132\"]"}
RESULT: {"using":"xpath","value":"//*[@id=\"__tile132\"]"}
COMMAND: POST /session/cd4e213f90090bc7497a341d701e98a6/element/f.3EFE59E47BCAC700A535F57DF4769BD4.d.2DFD5959AEF6D908FE31427E82DCDB5B.e.9079/click - {}
RESULT: {}
COMMAND: GET /session/cd4e213f90090bc7497a341d701e98a6/screenshot - {}
COMMAND: POST /session/cd4e213f90090bc7497a341d701e98a6/elements - {"using":"xpath","value":"//span[text()='Error']"}
RESULT: {}
RESULT: {"using":"xpath","value":"//span[text()='Error']"}
COMMAND: POST /session/cd4e213f90090bc7497a341d701e98a6/element - {"using":"xpath","value":"//button[@data-kt=\"masterHOAddButton\"]"}
RESULT: {"using":"xpath","value":"//button[@data-kt=\"masterHOAddButton\"]"}
COMMAND: POST /session/cd4e213f90090bc7497a341d701e98a6/elements - {"using":"xpath","value":"//button[@data-kt=\"masterHOAddButton\"]"}
RESULT: {"using":"xpath","value":"//button[@data-kt=\"masterHOAddButton\"]"}
COMMAND: POST /session/cd4e213f90090bc7497a341d701e98a6/elements - {"using":"xpath","value":"//button[@data-kt=\"masterHOAddButton\"]"}
RESULT: {"using":"xpath","value":"//button[@data-kt=\"masterHOAddButton\"]"}
COMMAND: POST /session/cd4e213f90090bc7497a341d701e98a6/elements - {"using":"xpath","value":"//button[@data-kt=\"masterHOAddButton\"]"}
RESULT: {"using":"xpath","value":"//button[@data-kt=\"masterHOAddButton\"]"}
COMMAND: POST /session/cd4e213f90090bc7497a341d701e98a6/element - {"using":"xpath","value":"//button[@data-kt=\"masterHOAddButton\"]"}
RESULT: {"using":"xpath","value":"//button[@data-kt=\"masterHOAddButton\"]"}
COMMAND: POST /session/cd4e213f90090bc7497a341d701e98a6/execute/sync - {"script":"<script> [8489 bytes]","args":[{"element-6066-11e4-a52e-4f735466cecf":"f.3EFE59E47BCAC700A535F57DF4769BD4.d.2DFD5959AEF6D908FE31427E82DCDB5B.e.9767","ELEMENT":"f.3EFE59E47BCAC700A535F57DF4769BD4.d.2DFD5959AEF6D908FE31427E82DCDB5B.e.9767"}]}
RESULT: {"script":"<script> [8489 bytes]","args":[{"element-6066-11e4-a52e-4f735466cecf":"f.3EFE59E47BCAC700A535F57DF4769BD4.d.2DFD5959AEF6D908FE31427E82DCDB5B.e.9767","ELEMENT":"f.3EFE59E47BCAC700A535F57DF4769BD4.d.2DFD5959AEF6D908FE31427E82DCDB5B.e.9767"}]}
COMMAND: GET /session/cd4e213f90090bc7497a341d701e98a6/element/f.3EFE59E47BCAC700A535F57DF4769BD4.d.2DFD5959AEF6D908FE31427E82DCDB5B.e.9767/enabled - {}
COMMAND: GET /session/cd4e213f90090bc7497a341d701e98a6/screenshot - {}
RESULT: {}
COMMAND: POST /session/cd4e213f90090bc7497a341d701e98a6/execute/sync - {"script":"<script> [8489 bytes]","args":[{"element-6066-11e4-a52e-4f735466cecf":"f.3EFE59E47BCAC700A535F57DF4769BD4.d.2DFD5959AEF6D908FE31427E82DCDB5B.e.9767","ELEMENT":"f.3EFE59E47BCAC700A535F57DF4769BD4.d.2DFD5959AEF6D908FE31427E82DCDB5B.e.9767"}]}
COMMAND: GET /session/cd4e213f90090bc7497a341d701e98a6/screenshot - {}
RESULT: {}
RESULT: {"script":"<script> [8489 bytes]","args":[{"element-6066-11e4-a52e-4f735466cecf":"f.3EFE59E47BCAC700A535F57DF4769BD4.d.2DFD5959AEF6D908FE31427E82DCDB5B.e.9767","ELEMENT":"f.3EFE59E47BCAC700A535F57DF4769BD4.d.2DFD5959AEF6D908FE31427E82DCDB5B.e.9767"}]}
COMMAND: POST /session/cd4e213f90090bc7497a341d701e98a6/execute/sync - {"script":"<script> [5351 bytes]","args":[{"element-6066-11e4-a52e-4f735466cecf":"f.3EFE59E47BCAC700A535F57DF4769BD4.d.2DFD5959AEF6D908FE31427E82DCDB5B.e.9767","ELEMENT":"f.3EFE59E47BCAC700A535F57DF4769BD4.d.2DFD5959AEF6D908FE31427E82DCDB5B.e.9767"}]}
COMMAND: GET /session/cd4e213f90090bc7497a341d701e98a6/screenshot - {}
RESULT: {}
RESULT: {"script":"<script> [5351 bytes]","args":[{"element-6066-11e4-a52e-4f735466cecf":"f.3EFE59E47BCAC700A535F57DF4769BD4.d.2DFD5959AEF6D908FE31427E82DCDB5B.e.9767","ELEMENT":"f.3EFE59E47BCAC700A535F57DF4769BD4.d.2DFD5959AEF6D908FE31427E82DCDB5B.e.9767"}]}
COMMAND: POST /session/cd4e213f90090bc7497a341d701e98a6/element/f.3EFE59E47BCAC700A535F57DF4769BD4.d.2DFD5959AEF6D908FE31427E82DCDB5B.e.9767/click - {}
COMMAND: GET /session/cd4e213f90090bc7497a341d701e98a6/screenshot - {}
RESULT: {}
RESULT: {}
COMMAND: GET /session/cd4e213f90090bc7497a341d701e98a6/screenshot - {}
RESULT: {}
RESULT: {}
COMMAND: POST /session/cd4e213f90090bc7497a341d701e98a6/element - {"using":"xpath","value":"//span[contains(@id ,\"AddNewHO--typeSelect-arrow\")]"}
RESULT: {"using":"xpath","value":"//span[contains(@id ,\"AddNewHO--typeSelect-arrow\")]"}
COMMAND: POST /session/cd4e213f90090bc7497a341d701e98a6/element/f.3EFE59E47BCAC700A535F57DF4769BD4.d.2DFD5959AEF6D908FE31427E82DCDB5B.e.10127/click - {}
RESULT: {}
COMMAND: GET /session/cd4e213f90090bc7497a341d701e98a6/screenshot - {}
RESULT: {}
COMMAND: POST /session/cd4e213f90090bc7497a341d701e98a6/element - {"using":"xpath","value":"(//li[contains(text(), \"stock increase yard\")])[1]"}
RESULT: {"using":"xpath","value":"(//li[contains(text(), \"stock increase yard\")])[1]"}
COMMAND: POST /session/cd4e213f90090bc7497a341d701e98a6/element/f.3EFE59E47BCAC700A535F57DF4769BD4.d.2DFD5959AEF6D908FE31427E82DCDB5B.e.10128/click - {}
RESULT: {}
COMMAND: GET /session/cd4e213f90090bc7497a341d701e98a6/screenshot - {}
RESULT: {}
COMMAND: POST /session/cd4e213f90090bc7497a341d701e98a6/execute/async - {"script":"<script> [1562 bytes]","args":[{"selector":{"id":"application-managehandovers-display-component---AddNewHO--dueDate","interaction":{"idSuffix":"inner"}},"wdio_ui5_key":"applicationmanagehandovers-display-component---AddNewHO--dueDate"}]}
RESULT: {"script":"<script> [1562 bytes]","args":[{"selector":{"id":"application-managehandovers-display-component---AddNewHO--dueDate","interaction":{"idSuffix":"inner"}},"wdio_ui5_key":"applicationmanagehandovers-display-component---AddNewHO--dueDate"}]}
RESULT: undefined
COMMAND: POST /session/cd4e213f90090bc7497a341d701e98a6/execute/async - {"script":"<script> [6424 bytes]","args":[{"element-6066-11e4-a52e-4f735466cecf":"f.3EFE59E47BCAC700A535F57DF4769BD4.d.2DFD5959AEF6D908FE31427E82DCDB5B.e.10130"},"setValue",["5/22/25"]]}
RESULT: {"script":"<script> [6424 bytes]","args":[{"element-6066-11e4-a52e-4f735466cecf":"f.3EFE59E47BCAC700A535F57DF4769BD4.d.2DFD5959AEF6D908FE31427E82DCDB5B.e.10130"},"setValue",["5/22/25"]]}
COMMAND: POST /session/cd4e213f90090bc7497a341d701e98a6/element - {"using":"xpath","value":"//input[@id=\"generalSectionFrg--receiveYard-inner\"]"}
RESULT: {"using":"xpath","value":"//input[@id=\"generalSectionFrg--receiveYard-inner\"]"}
COMMAND: POST /session/cd4e213f90090bc7497a341d701e98a6/element/f.3EFE59E47BCAC700A535F57DF4769BD4.d.2DFD5959AEF6D908FE31427E82DCDB5B.e.10134/clear - {}
RESULT: {}
COMMAND: POST /session/cd4e213f90090bc7497a341d701e98a6/element/f.3EFE59E47BCAC700A535F57DF4769BD4.d.2DFD5959AEF6D908FE31427E82DCDB5B.e.10134/value - {"text":"676"}
COMMAND: GET /session/cd4e213f90090bc7497a341d701e98a6/screenshot - {}
RESULT: {"text":"676"}
COMMAND: GET /session/cd4e213f90090bc7497a341d701e98a6/screenshot - {}
RESULT: {}
RESULT: {}
COMMAND: POST /session/cd4e213f90090bc7497a341d701e98a6/element - {"using":"xpath","value":"//li[.//span[text()='676']]"}
RESULT: {"using":"xpath","value":"//li[.//span[text()='676']]"}
COMMAND: POST /session/cd4e213f90090bc7497a341d701e98a6/element/f.3EFE59E47BCAC700A535F57DF4769BD4.d.2DFD5959AEF6D908FE31427E82DCDB5B.e.10150/click - {}
RESULT: {}
COMMAND: GET /session/cd4e213f90090bc7497a341d701e98a6/screenshot - {}
RESULT: {}
COMMAND: POST /session/cd4e213f90090bc7497a341d701e98a6/execute/async - {"script":"<script> [1562 bytes]","args":[{"selector":{"id":"application-managehandovers-display-component---AddNewHO--ObjectPageLayout-anchBar-application-managehandovers-display-component---AddNewHO--section4-anchor","interaction":{"idSuffix":"BDI-content"}},"wdio_ui5_key":"applicationmanagehandovers-display-component---AddNewHO--ObjectPageLayout-anchBar-application-managehandovers-display-component---AddNewHO--section4-anchor"}]}
RESULT: {"script":"<script> [1562 bytes]","args":[{"selector":{"id":"application-managehandovers-display-component---AddNewHO--ObjectPageLayout-anchBar-application-managehandovers-display-component---AddNewHO--section4-anchor","interaction":{"idSuffix":"BDI-content"}},"wdio_ui5_key":"applicationmanagehandovers-display-component---AddNewHO--ObjectPageLayout-anchBar-application-managehandovers-display-component---AddNewHO--section4-anchor"}]}
RESULT: undefined
COMMAND: POST /session/cd4e213f90090bc7497a341d701e98a6/element - {"using":"xpath","value":"//*[@id=\"application-managehandovers-display-component---AddNewHO--ObjectPageLayout-anchBar-application-managehandovers-display-component---AddNewHO--section4-anchor\"]"}
RESULT: {"using":"xpath","value":"//*[@id=\"application-managehandovers-display-component---AddNewHO--ObjectPageLayout-anchBar-application-managehandovers-display-component---AddNewHO--section4-anchor\"]"}
COMMAND: POST /session/cd4e213f90090bc7497a341d701e98a6/element/f.3EFE59E47BCAC700A535F57DF4769BD4.d.2DFD5959AEF6D908FE31427E82DCDB5B.e.10152/click - {}
RESULT: {}
COMMAND: POST /session/cd4e213f90090bc7497a341d701e98a6/element - {"using":"xpath","value":"//button[@aria-label=\"Add\"]"}
COMMAND: GET /session/cd4e213f90090bc7497a341d701e98a6/screenshot - {}
RESULT: {"using":"xpath","value":"//button[@aria-label=\"Add\"]"}
COMMAND: POST /session/cd4e213f90090bc7497a341d701e98a6/element/f.3EFE59E47BCAC700A535F57DF4769BD4.d.2DFD5959AEF6D908FE31427E82DCDB5B.e.10154/click - {}
RESULT: {}
RESULT: {}
COMMAND: GET /session/cd4e213f90090bc7497a341d701e98a6/screenshot - {}
RESULT: {}
COMMAND: POST /session/cd4e213f90090bc7497a341d701e98a6/execute/async - {"script":"<script> [1562 bytes]","args":[{"selector":{"id":"application-managehandovers-display-component---AddNewHO--smartFilterBar-btnBasicSearch","searchOpenDialogs":true,"interaction":{"idSuffix":"I"}},"wdio_ui5_key":"applicationmanagehandovers-display-component---AddNewHO--smartFilterBar-btnBasicSearch"}]}
RESULT: {"script":"<script> [1562 bytes]","args":[{"selector":{"id":"application-managehandovers-display-component---AddNewHO--smartFilterBar-btnBasicSearch","searchOpenDialogs":true,"interaction":{"idSuffix":"I"}},"wdio_ui5_key":"applicationmanagehandovers-display-component---AddNewHO--smartFilterBar-btnBasicSearch"}]}
RESULT: undefined
COMMAND: POST /session/cd4e213f90090bc7497a341d701e98a6/execute/async - {"script":"<script> [776 bytes]","args":[{"enterText":"200402","selector":{"id":"application-managehandovers-display-component---AddNewHO--smartFilterBar-btnBasicSearch","searchOpenDialogs":true,"interaction":{"idSuffix":"I"}},"clearTextFirst":true,"interactionType":"ENTER_TEXT"}]}
RESULT: {"script":"<script> [776 bytes]","args":[{"enterText":"200402","selector":{"id":"application-managehandovers-display-component---AddNewHO--smartFilterBar-btnBasicSearch","searchOpenDialogs":true,"interaction":{"idSuffix":"I"}},"clearTextFirst":true,"interactionType":"ENTER_TEXT"}]}
COMMAND: POST /session/cd4e213f90090bc7497a341d701e98a6/actions - {"actions":[{"id":"action37","type":"key","parameters":{},"actions":[{"type":"keyDown","value":""},{"type":"pause","duration":10},{"type":"keyUp","value":""}]}]}
RESULT: {"actions":[{"id":"action37","type":"key","parameters":{},"actions":[{"type":"keyDown","value":""},{"type":"pause","duration":10},{"type":"keyUp","value":""}]}]}
COMMAND: GET /session/cd4e213f90090bc7497a341d701e98a6/screenshot - {}
RESULT: {}
COMMAND: POST /session/cd4e213f90090bc7497a341d701e98a6/execute/async - {"script":"<script> [1562 bytes]","args":[{"selector":{"id":"application-managehandovers-display-component---AddNewHO--popup-sa","searchOpenDialogs":true,"interaction":{"idSuffix":"CbBg"}},"wdio_ui5_key":"applicationmanagehandovers-display-component---AddNewHO--popup-sa"}]}
RESULT: {"script":"<script> [1562 bytes]","args":[{"selector":{"id":"application-managehandovers-display-component---AddNewHO--popup-sa","searchOpenDialogs":true,"interaction":{"idSuffix":"CbBg"}},"wdio_ui5_key":"applicationmanagehandovers-display-component---AddNewHO--popup-sa"}]}
RESULT: undefined
COMMAND: POST /session/cd4e213f90090bc7497a341d701e98a6/element - {"using":"xpath","value":"//*[@id=\"application-managehandovers-display-component---AddNewHO--popup-sa\"]"}
RESULT: {"using":"xpath","value":"//*[@id=\"application-managehandovers-display-component---AddNewHO--popup-sa\"]"}
COMMAND: POST /session/cd4e213f90090bc7497a341d701e98a6/element/f.3EFE59E47BCAC700A535F57DF4769BD4.d.2DFD5959AEF6D908FE31427E82DCDB5B.e.10308/click - {}
RESULT: {}
COMMAND: GET /session/cd4e213f90090bc7497a341d701e98a6/screenshot - {}
RESULT: {}
COMMAND: POST /session/cd4e213f90090bc7497a341d701e98a6/element - {"using":"xpath","value":"//bdi[contains(text(), \"Select\")]"}
RESULT: {"using":"xpath","value":"//bdi[contains(text(), \"Select\")]"}
COMMAND: POST /session/cd4e213f90090bc7497a341d701e98a6/element/f.3EFE59E47BCAC700A535F57DF4769BD4.d.2DFD5959AEF6D908FE31427E82DCDB5B.e.10309/click - {}
RESULT: {}
COMMAND: GET /session/cd4e213f90090bc7497a341d701e98a6/screenshot - {}
RESULT: {}
COMMAND: POST /session/cd4e213f90090bc7497a341d701e98a6/element - {"using":"xpath","value":"//button[@data-kt=\"AddNewHOSaveButton\"]"}
RESULT: {"using":"xpath","value":"//button[@data-kt=\"AddNewHOSaveButton\"]"}
COMMAND: POST /session/cd4e213f90090bc7497a341d701e98a6/element/f.3EFE59E47BCAC700A535F57DF4769BD4.d.2DFD5959AEF6D908FE31427E82DCDB5B.e.10313/click - {}
RESULT: {}
COMMAND: GET /session/cd4e213f90090bc7497a341d701e98a6/screenshot - {}
RESULT: {}
COMMAND: POST /session/cd4e213f90090bc7497a341d701e98a6/execute/async - {"script":"<script> [1562 bytes]","args":[{"selector":{"id":"receiptDatePicker","viewName":"etm.portal.ui.managehandovers.view.DetailExecuteHO","interaction":{"idSuffix":"inner"}},"wdio_ui5_key":"receiptDatePickeretmportal.ui.managehandovers.view.DetailExecuteHO"}]}
RESULT: {"script":"<script> [1562 bytes]","args":[{"selector":{"id":"receiptDatePicker","viewName":"etm.portal.ui.managehandovers.view.DetailExecuteHO","interaction":{"idSuffix":"inner"}},"wdio_ui5_key":"receiptDatePickeretmportal.ui.managehandovers.view.DetailExecuteHO"}]}
RESULT: undefined
COMMAND: GET /session/cd4e213f90090bc7497a341d701e98a6/screenshot - {}
RESULT: {}
]]></system-out>
      <system-err><![CDATA[
TypeError: receiptDate.setValue is not a function
    at UtilsPrerequisites.stockIncrease (D:\a\1\s\test\specs\BTS\prerequisites-and-utils-functions.js:1664:27)
    at async Context.<anonymous> (D:\a\1\s\test\specs\HTR\provide-to-site-wo-warehouse-w-clarification.spec.js:55:9)
]]></system-err>
    </testcase>
    <testcase classname="chrome.136_0_7103_93.windows.Provide_to_Site_w/o_warehouse_management_w_clarification" name="Should create a new contract" time="61.541">
      <failure/>
      <error message="element (&quot;//button[@data-kt=&quot;addButton&quot;]&quot;) still not existing after 45000ms"/>
      <system-out><![CDATA[
COMMAND: POST /session/cd4e213f90090bc7497a341d701e98a6/execute/async - {"script":"<script> [1562 bytes]","args":[{"selector":{"controlType":"sap.m.GenericTile","properties":{"header":"Manage Contracts"}},"wdio_ui5_key":"sapm.GenericTile{\"header\":\"Manage Contracts\"}"}]}
COMMAND: GET /session/cd4e213f90090bc7497a341d701e98a6/screenshot - {}
RESULT: {"script":"<script> [1562 bytes]","args":[{"selector":{"controlType":"sap.m.GenericTile","properties":{"header":"Manage Contracts"}},"wdio_ui5_key":"sapm.GenericTile{\"header\":\"Manage Contracts\"}"}]}
RESULT: undefined
RESULT: {}
COMMAND: POST /session/cd4e213f90090bc7497a341d701e98a6/elements - {"using":"xpath","value":"//span[text()='Error']"}
RESULT: {"using":"xpath","value":"//span[text()='Error']"}
COMMAND: POST /session/cd4e213f90090bc7497a341d701e98a6/elements - {"using":"xpath","value":"//*[text()='Close']"}
RESULT: {"using":"xpath","value":"//*[text()='Close']"}
COMMAND: GET /session/cd4e213f90090bc7497a341d701e98a6/element/f.3EFE59E47BCAC700A535F57DF4769BD4.d.2DFD5959AEF6D908FE31427E82DCDB5B.e.10317/enabled - {}
RESULT: {}
COMMAND: POST /session/cd4e213f90090bc7497a341d701e98a6/execute/sync - {"script":"<script> [8489 bytes]","args":[{"element-6066-11e4-a52e-4f735466cecf":"f.3EFE59E47BCAC700A535F57DF4769BD4.d.2DFD5959AEF6D908FE31427E82DCDB5B.e.10317","ELEMENT":"f.3EFE59E47BCAC700A535F57DF4769BD4.d.2DFD5959AEF6D908FE31427E82DCDB5B.e.10317"}]}
COMMAND: GET /session/cd4e213f90090bc7497a341d701e98a6/screenshot - {}
RESULT: {"script":"<script> [8489 bytes]","args":[{"element-6066-11e4-a52e-4f735466cecf":"f.3EFE59E47BCAC700A535F57DF4769BD4.d.2DFD5959AEF6D908FE31427E82DCDB5B.e.10317","ELEMENT":"f.3EFE59E47BCAC700A535F57DF4769BD4.d.2DFD5959AEF6D908FE31427E82DCDB5B.e.10317"}]}
COMMAND: POST /session/cd4e213f90090bc7497a341d701e98a6/execute/sync - {"script":"<script> [5351 bytes]","args":[{"element-6066-11e4-a52e-4f735466cecf":"f.3EFE59E47BCAC700A535F57DF4769BD4.d.2DFD5959AEF6D908FE31427E82DCDB5B.e.10317","ELEMENT":"f.3EFE59E47BCAC700A535F57DF4769BD4.d.2DFD5959AEF6D908FE31427E82DCDB5B.e.10317"}]}
COMMAND: GET /session/cd4e213f90090bc7497a341d701e98a6/screenshot - {}
RESULT: {}
RESULT: {"script":"<script> [5351 bytes]","args":[{"element-6066-11e4-a52e-4f735466cecf":"f.3EFE59E47BCAC700A535F57DF4769BD4.d.2DFD5959AEF6D908FE31427E82DCDB5B.e.10317","ELEMENT":"f.3EFE59E47BCAC700A535F57DF4769BD4.d.2DFD5959AEF6D908FE31427E82DCDB5B.e.10317"}]}
COMMAND: POST /session/cd4e213f90090bc7497a341d701e98a6/element/f.3EFE59E47BCAC700A535F57DF4769BD4.d.2DFD5959AEF6D908FE31427E82DCDB5B.e.10317/click - {}
COMMAND: GET /session/cd4e213f90090bc7497a341d701e98a6/screenshot - {}
RESULT: {}
RESULT: {}
COMMAND: POST /session/cd4e213f90090bc7497a341d701e98a6/elements - {"using":"xpath","value":"//*[text()='OK']"}
COMMAND: GET /session/cd4e213f90090bc7497a341d701e98a6/screenshot - {}
RESULT: {}
RESULT: {"using":"xpath","value":"//*[text()='OK']"}
RESULT: {}
COMMAND: POST /session/cd4e213f90090bc7497a341d701e98a6/element - {"using":"xpath","value":"//button[@data-kt=\"addButton\"]"}
RESULT: {"using":"xpath","value":"//button[@data-kt=\"addButton\"]"}
COMMAND: POST /session/cd4e213f90090bc7497a341d701e98a6/elements - {"using":"xpath","value":"//button[@data-kt=\"addButton\"]"}
RESULT: {"using":"xpath","value":"//button[@data-kt=\"addButton\"]"}
COMMAND: POST /session/cd4e213f90090bc7497a341d701e98a6/elements - {"using":"xpath","value":"//button[@data-kt=\"addButton\"]"}
RESULT: {"using":"xpath","value":"//button[@data-kt=\"addButton\"]"}
COMMAND: POST /session/cd4e213f90090bc7497a341d701e98a6/elements - {"using":"xpath","value":"//button[@data-kt=\"addButton\"]"}
RESULT: {"using":"xpath","value":"//button[@data-kt=\"addButton\"]"}
COMMAND: POST /session/cd4e213f90090bc7497a341d701e98a6/elements - {"using":"xpath","value":"//button[@data-kt=\"addButton\"]"}
RESULT: {"using":"xpath","value":"//button[@data-kt=\"addButton\"]"}
COMMAND: POST /session/cd4e213f90090bc7497a341d701e98a6/elements - {"using":"xpath","value":"//button[@data-kt=\"addButton\"]"}
RESULT: {"using":"xpath","value":"//button[@data-kt=\"addButton\"]"}
COMMAND: POST /session/cd4e213f90090bc7497a341d701e98a6/elements - {"using":"xpath","value":"//button[@data-kt=\"addButton\"]"}
RESULT: {"using":"xpath","value":"//button[@data-kt=\"addButton\"]"}
COMMAND: POST /session/cd4e213f90090bc7497a341d701e98a6/elements - {"using":"xpath","value":"//button[@data-kt=\"addButton\"]"}
RESULT: {"using":"xpath","value":"//button[@data-kt=\"addButton\"]"}
COMMAND: POST /session/cd4e213f90090bc7497a341d701e98a6/elements - {"using":"xpath","value":"//button[@data-kt=\"addButton\"]"}
RESULT: {"using":"xpath","value":"//button[@data-kt=\"addButton\"]"}
COMMAND: POST /session/cd4e213f90090bc7497a341d701e98a6/elements - {"using":"xpath","value":"//button[@data-kt=\"addButton\"]"}
RESULT: {"using":"xpath","value":"//button[@data-kt=\"addButton\"]"}
COMMAND: POST /session/cd4e213f90090bc7497a341d701e98a6/elements - {"using":"xpath","value":"//button[@data-kt=\"addButton\"]"}
RESULT: {"using":"xpath","value":"//button[@data-kt=\"addButton\"]"}
COMMAND: POST /session/cd4e213f90090bc7497a341d701e98a6/elements - {"using":"xpath","value":"//button[@data-kt=\"addButton\"]"}
RESULT: {"using":"xpath","value":"//button[@data-kt=\"addButton\"]"}
COMMAND: POST /session/cd4e213f90090bc7497a341d701e98a6/elements - {"using":"xpath","value":"//button[@data-kt=\"addButton\"]"}
RESULT: {"using":"xpath","value":"//button[@data-kt=\"addButton\"]"}
COMMAND: POST /session/cd4e213f90090bc7497a341d701e98a6/elements - {"using":"xpath","value":"//button[@data-kt=\"addButton\"]"}
RESULT: {"using":"xpath","value":"//button[@data-kt=\"addButton\"]"}
COMMAND: POST /session/cd4e213f90090bc7497a341d701e98a6/elements - {"using":"xpath","value":"//button[@data-kt=\"addButton\"]"}
RESULT: {"using":"xpath","value":"//button[@data-kt=\"addButton\"]"}
COMMAND: POST /session/cd4e213f90090bc7497a341d701e98a6/elements - {"using":"xpath","value":"//button[@data-kt=\"addButton\"]"}
RESULT: {"using":"xpath","value":"//button[@data-kt=\"addButton\"]"}
COMMAND: POST /session/cd4e213f90090bc7497a341d701e98a6/elements - {"using":"xpath","value":"//button[@data-kt=\"addButton\"]"}
RESULT: {"using":"xpath","value":"//button[@data-kt=\"addButton\"]"}
COMMAND: POST /session/cd4e213f90090bc7497a341d701e98a6/elements - {"using":"xpath","value":"//button[@data-kt=\"addButton\"]"}
RESULT: {"using":"xpath","value":"//button[@data-kt=\"addButton\"]"}
COMMAND: POST /session/cd4e213f90090bc7497a341d701e98a6/elements - {"using":"xpath","value":"//button[@data-kt=\"addButton\"]"}
RESULT: {"using":"xpath","value":"//button[@data-kt=\"addButton\"]"}
COMMAND: POST /session/cd4e213f90090bc7497a341d701e98a6/elements - {"using":"xpath","value":"//button[@data-kt=\"addButton\"]"}
RESULT: {"using":"xpath","value":"//button[@data-kt=\"addButton\"]"}
COMMAND: POST /session/cd4e213f90090bc7497a341d701e98a6/elements - {"using":"xpath","value":"//button[@data-kt=\"addButton\"]"}
RESULT: {"using":"xpath","value":"//button[@data-kt=\"addButton\"]"}
COMMAND: POST /session/cd4e213f90090bc7497a341d701e98a6/elements - {"using":"xpath","value":"//button[@data-kt=\"addButton\"]"}
RESULT: {"using":"xpath","value":"//button[@data-kt=\"addButton\"]"}
COMMAND: POST /session/cd4e213f90090bc7497a341d701e98a6/elements - {"using":"xpath","value":"//button[@data-kt=\"addButton\"]"}
RESULT: {"using":"xpath","value":"//button[@data-kt=\"addButton\"]"}
COMMAND: POST /session/cd4e213f90090bc7497a341d701e98a6/elements - {"using":"xpath","value":"//button[@data-kt=\"addButton\"]"}
RESULT: {"using":"xpath","value":"//button[@data-kt=\"addButton\"]"}
COMMAND: POST /session/cd4e213f90090bc7497a341d701e98a6/elements - {"using":"xpath","value":"//button[@data-kt=\"addButton\"]"}
RESULT: {"using":"xpath","value":"//button[@data-kt=\"addButton\"]"}
COMMAND: POST /session/cd4e213f90090bc7497a341d701e98a6/elements - {"using":"xpath","value":"//button[@data-kt=\"addButton\"]"}
RESULT: {"using":"xpath","value":"//button[@data-kt=\"addButton\"]"}
COMMAND: POST /session/cd4e213f90090bc7497a341d701e98a6/elements - {"using":"xpath","value":"//button[@data-kt=\"addButton\"]"}
RESULT: {"using":"xpath","value":"//button[@data-kt=\"addButton\"]"}
COMMAND: POST /session/cd4e213f90090bc7497a341d701e98a6/elements - {"using":"xpath","value":"//button[@data-kt=\"addButton\"]"}
RESULT: {"using":"xpath","value":"//button[@data-kt=\"addButton\"]"}
COMMAND: POST /session/cd4e213f90090bc7497a341d701e98a6/elements - {"using":"xpath","value":"//button[@data-kt=\"addButton\"]"}
RESULT: {"using":"xpath","value":"//button[@data-kt=\"addButton\"]"}
COMMAND: POST /session/cd4e213f90090bc7497a341d701e98a6/elements - {"using":"xpath","value":"//button[@data-kt=\"addButton\"]"}
RESULT: {"using":"xpath","value":"//button[@data-kt=\"addButton\"]"}
COMMAND: POST /session/cd4e213f90090bc7497a341d701e98a6/elements - {"using":"xpath","value":"//button[@data-kt=\"addButton\"]"}
RESULT: {"using":"xpath","value":"//button[@data-kt=\"addButton\"]"}
COMMAND: POST /session/cd4e213f90090bc7497a341d701e98a6/elements - {"using":"xpath","value":"//button[@data-kt=\"addButton\"]"}
RESULT: {"using":"xpath","value":"//button[@data-kt=\"addButton\"]"}
COMMAND: POST /session/cd4e213f90090bc7497a341d701e98a6/elements - {"using":"xpath","value":"//button[@data-kt=\"addButton\"]"}
RESULT: {"using":"xpath","value":"//button[@data-kt=\"addButton\"]"}
COMMAND: POST /session/cd4e213f90090bc7497a341d701e98a6/elements - {"using":"xpath","value":"//button[@data-kt=\"addButton\"]"}
RESULT: {"using":"xpath","value":"//button[@data-kt=\"addButton\"]"}
COMMAND: POST /session/cd4e213f90090bc7497a341d701e98a6/elements - {"using":"xpath","value":"//button[@data-kt=\"addButton\"]"}
RESULT: {"using":"xpath","value":"//button[@data-kt=\"addButton\"]"}
COMMAND: POST /session/cd4e213f90090bc7497a341d701e98a6/elements - {"using":"xpath","value":"//button[@data-kt=\"addButton\"]"}
RESULT: {"using":"xpath","value":"//button[@data-kt=\"addButton\"]"}
COMMAND: POST /session/cd4e213f90090bc7497a341d701e98a6/elements - {"using":"xpath","value":"//button[@data-kt=\"addButton\"]"}
RESULT: {"using":"xpath","value":"//button[@data-kt=\"addButton\"]"}
COMMAND: POST /session/cd4e213f90090bc7497a341d701e98a6/elements - {"using":"xpath","value":"//button[@data-kt=\"addButton\"]"}
RESULT: {"using":"xpath","value":"//button[@data-kt=\"addButton\"]"}
COMMAND: POST /session/cd4e213f90090bc7497a341d701e98a6/elements - {"using":"xpath","value":"//button[@data-kt=\"addButton\"]"}
RESULT: {"using":"xpath","value":"//button[@data-kt=\"addButton\"]"}
COMMAND: POST /session/cd4e213f90090bc7497a341d701e98a6/elements - {"using":"xpath","value":"//button[@data-kt=\"addButton\"]"}
RESULT: {"using":"xpath","value":"//button[@data-kt=\"addButton\"]"}
COMMAND: POST /session/cd4e213f90090bc7497a341d701e98a6/elements - {"using":"xpath","value":"//button[@data-kt=\"addButton\"]"}
RESULT: {"using":"xpath","value":"//button[@data-kt=\"addButton\"]"}
COMMAND: POST /session/cd4e213f90090bc7497a341d701e98a6/elements - {"using":"xpath","value":"//button[@data-kt=\"addButton\"]"}
RESULT: {"using":"xpath","value":"//button[@data-kt=\"addButton\"]"}
COMMAND: POST /session/cd4e213f90090bc7497a341d701e98a6/elements - {"using":"xpath","value":"//button[@data-kt=\"addButton\"]"}
RESULT: {"using":"xpath","value":"//button[@data-kt=\"addButton\"]"}
COMMAND: POST /session/cd4e213f90090bc7497a341d701e98a6/elements - {"using":"xpath","value":"//button[@data-kt=\"addButton\"]"}
RESULT: {"using":"xpath","value":"//button[@data-kt=\"addButton\"]"}
COMMAND: POST /session/cd4e213f90090bc7497a341d701e98a6/elements - {"using":"xpath","value":"//button[@data-kt=\"addButton\"]"}
RESULT: {"using":"xpath","value":"//button[@data-kt=\"addButton\"]"}
COMMAND: POST /session/cd4e213f90090bc7497a341d701e98a6/elements - {"using":"xpath","value":"//button[@data-kt=\"addButton\"]"}
RESULT: {"using":"xpath","value":"//button[@data-kt=\"addButton\"]"}
COMMAND: POST /session/cd4e213f90090bc7497a341d701e98a6/elements - {"using":"xpath","value":"//button[@data-kt=\"addButton\"]"}
RESULT: {"using":"xpath","value":"//button[@data-kt=\"addButton\"]"}
COMMAND: POST /session/cd4e213f90090bc7497a341d701e98a6/elements - {"using":"xpath","value":"//button[@data-kt=\"addButton\"]"}
RESULT: {"using":"xpath","value":"//button[@data-kt=\"addButton\"]"}
COMMAND: POST /session/cd4e213f90090bc7497a341d701e98a6/elements - {"using":"xpath","value":"//button[@data-kt=\"addButton\"]"}
RESULT: {"using":"xpath","value":"//button[@data-kt=\"addButton\"]"}
COMMAND: POST /session/cd4e213f90090bc7497a341d701e98a6/elements - {"using":"xpath","value":"//button[@data-kt=\"addButton\"]"}
RESULT: {"using":"xpath","value":"//button[@data-kt=\"addButton\"]"}
COMMAND: POST /session/cd4e213f90090bc7497a341d701e98a6/elements - {"using":"xpath","value":"//button[@data-kt=\"addButton\"]"}
RESULT: {"using":"xpath","value":"//button[@data-kt=\"addButton\"]"}
COMMAND: POST /session/cd4e213f90090bc7497a341d701e98a6/elements - {"using":"xpath","value":"//button[@data-kt=\"addButton\"]"}
RESULT: {"using":"xpath","value":"//button[@data-kt=\"addButton\"]"}
COMMAND: POST /session/cd4e213f90090bc7497a341d701e98a6/elements - {"using":"xpath","value":"//button[@data-kt=\"addButton\"]"}
RESULT: {"using":"xpath","value":"//button[@data-kt=\"addButton\"]"}
COMMAND: POST /session/cd4e213f90090bc7497a341d701e98a6/elements - {"using":"xpath","value":"//button[@data-kt=\"addButton\"]"}
RESULT: {"using":"xpath","value":"//button[@data-kt=\"addButton\"]"}
COMMAND: POST /session/cd4e213f90090bc7497a341d701e98a6/elements - {"using":"xpath","value":"//button[@data-kt=\"addButton\"]"}
RESULT: {"using":"xpath","value":"//button[@data-kt=\"addButton\"]"}
COMMAND: POST /session/cd4e213f90090bc7497a341d701e98a6/elements - {"using":"xpath","value":"//button[@data-kt=\"addButton\"]"}
RESULT: {"using":"xpath","value":"//button[@data-kt=\"addButton\"]"}
COMMAND: POST /session/cd4e213f90090bc7497a341d701e98a6/elements - {"using":"xpath","value":"//button[@data-kt=\"addButton\"]"}
RESULT: {"using":"xpath","value":"//button[@data-kt=\"addButton\"]"}
COMMAND: POST /session/cd4e213f90090bc7497a341d701e98a6/elements - {"using":"xpath","value":"//button[@data-kt=\"addButton\"]"}
RESULT: {"using":"xpath","value":"//button[@data-kt=\"addButton\"]"}
COMMAND: POST /session/cd4e213f90090bc7497a341d701e98a6/elements - {"using":"xpath","value":"//button[@data-kt=\"addButton\"]"}
RESULT: {"using":"xpath","value":"//button[@data-kt=\"addButton\"]"}
COMMAND: POST /session/cd4e213f90090bc7497a341d701e98a6/elements - {"using":"xpath","value":"//button[@data-kt=\"addButton\"]"}
RESULT: {"using":"xpath","value":"//button[@data-kt=\"addButton\"]"}
COMMAND: POST /session/cd4e213f90090bc7497a341d701e98a6/elements - {"using":"xpath","value":"//button[@data-kt=\"addButton\"]"}
RESULT: {"using":"xpath","value":"//button[@data-kt=\"addButton\"]"}
COMMAND: POST /session/cd4e213f90090bc7497a341d701e98a6/elements - {"using":"xpath","value":"//button[@data-kt=\"addButton\"]"}
RESULT: {"using":"xpath","value":"//button[@data-kt=\"addButton\"]"}
COMMAND: POST /session/cd4e213f90090bc7497a341d701e98a6/elements - {"using":"xpath","value":"//button[@data-kt=\"addButton\"]"}
RESULT: {"using":"xpath","value":"//button[@data-kt=\"addButton\"]"}
COMMAND: POST /session/cd4e213f90090bc7497a341d701e98a6/elements - {"using":"xpath","value":"//button[@data-kt=\"addButton\"]"}
RESULT: {"using":"xpath","value":"//button[@data-kt=\"addButton\"]"}
COMMAND: POST /session/cd4e213f90090bc7497a341d701e98a6/elements - {"using":"xpath","value":"//button[@data-kt=\"addButton\"]"}
RESULT: {"using":"xpath","value":"//button[@data-kt=\"addButton\"]"}
COMMAND: POST /session/cd4e213f90090bc7497a341d701e98a6/elements - {"using":"xpath","value":"//button[@data-kt=\"addButton\"]"}
RESULT: {"using":"xpath","value":"//button[@data-kt=\"addButton\"]"}
COMMAND: POST /session/cd4e213f90090bc7497a341d701e98a6/elements - {"using":"xpath","value":"//button[@data-kt=\"addButton\"]"}
RESULT: {"using":"xpath","value":"//button[@data-kt=\"addButton\"]"}
COMMAND: POST /session/cd4e213f90090bc7497a341d701e98a6/elements - {"using":"xpath","value":"//button[@data-kt=\"addButton\"]"}
RESULT: {"using":"xpath","value":"//button[@data-kt=\"addButton\"]"}
COMMAND: POST /session/cd4e213f90090bc7497a341d701e98a6/elements - {"using":"xpath","value":"//button[@data-kt=\"addButton\"]"}
RESULT: {"using":"xpath","value":"//button[@data-kt=\"addButton\"]"}
COMMAND: POST /session/cd4e213f90090bc7497a341d701e98a6/elements - {"using":"xpath","value":"//button[@data-kt=\"addButton\"]"}
RESULT: {"using":"xpath","value":"//button[@data-kt=\"addButton\"]"}
COMMAND: POST /session/cd4e213f90090bc7497a341d701e98a6/elements - {"using":"xpath","value":"//button[@data-kt=\"addButton\"]"}
RESULT: {"using":"xpath","value":"//button[@data-kt=\"addButton\"]"}
COMMAND: POST /session/cd4e213f90090bc7497a341d701e98a6/elements - {"using":"xpath","value":"//button[@data-kt=\"addButton\"]"}
RESULT: {"using":"xpath","value":"//button[@data-kt=\"addButton\"]"}
COMMAND: POST /session/cd4e213f90090bc7497a341d701e98a6/elements - {"using":"xpath","value":"//button[@data-kt=\"addButton\"]"}
RESULT: {"using":"xpath","value":"//button[@data-kt=\"addButton\"]"}
COMMAND: POST /session/cd4e213f90090bc7497a341d701e98a6/elements - {"using":"xpath","value":"//button[@data-kt=\"addButton\"]"}
RESULT: {"using":"xpath","value":"//button[@data-kt=\"addButton\"]"}
COMMAND: POST /session/cd4e213f90090bc7497a341d701e98a6/elements - {"using":"xpath","value":"//button[@data-kt=\"addButton\"]"}
RESULT: {"using":"xpath","value":"//button[@data-kt=\"addButton\"]"}
COMMAND: POST /session/cd4e213f90090bc7497a341d701e98a6/elements - {"using":"xpath","value":"//button[@data-kt=\"addButton\"]"}
RESULT: {"using":"xpath","value":"//button[@data-kt=\"addButton\"]"}
COMMAND: POST /session/cd4e213f90090bc7497a341d701e98a6/elements - {"using":"xpath","value":"//button[@data-kt=\"addButton\"]"}
RESULT: {"using":"xpath","value":"//button[@data-kt=\"addButton\"]"}
COMMAND: POST /session/cd4e213f90090bc7497a341d701e98a6/elements - {"using":"xpath","value":"//button[@data-kt=\"addButton\"]"}
RESULT: {"using":"xpath","value":"//button[@data-kt=\"addButton\"]"}
COMMAND: POST /session/cd4e213f90090bc7497a341d701e98a6/elements - {"using":"xpath","value":"//button[@data-kt=\"addButton\"]"}
RESULT: {"using":"xpath","value":"//button[@data-kt=\"addButton\"]"}
COMMAND: POST /session/cd4e213f90090bc7497a341d701e98a6/elements - {"using":"xpath","value":"//button[@data-kt=\"addButton\"]"}
RESULT: {"using":"xpath","value":"//button[@data-kt=\"addButton\"]"}
COMMAND: POST /session/cd4e213f90090bc7497a341d701e98a6/elements - {"using":"xpath","value":"//button[@data-kt=\"addButton\"]"}
RESULT: {"using":"xpath","value":"//button[@data-kt=\"addButton\"]"}
COMMAND: POST /session/cd4e213f90090bc7497a341d701e98a6/elements - {"using":"xpath","value":"//button[@data-kt=\"addButton\"]"}
RESULT: {"using":"xpath","value":"//button[@data-kt=\"addButton\"]"}
COMMAND: POST /session/cd4e213f90090bc7497a341d701e98a6/elements - {"using":"xpath","value":"//button[@data-kt=\"addButton\"]"}
RESULT: {"using":"xpath","value":"//button[@data-kt=\"addButton\"]"}
COMMAND: POST /session/cd4e213f90090bc7497a341d701e98a6/elements - {"using":"xpath","value":"//button[@data-kt=\"addButton\"]"}
RESULT: {"using":"xpath","value":"//button[@data-kt=\"addButton\"]"}
COMMAND: POST /session/cd4e213f90090bc7497a341d701e98a6/elements - {"using":"xpath","value":"//button[@data-kt=\"addButton\"]"}
RESULT: {"using":"xpath","value":"//button[@data-kt=\"addButton\"]"}
COMMAND: POST /session/cd4e213f90090bc7497a341d701e98a6/elements - {"using":"xpath","value":"//button[@data-kt=\"addButton\"]"}
RESULT: {"using":"xpath","value":"//button[@data-kt=\"addButton\"]"}
COMMAND: POST /session/cd4e213f90090bc7497a341d701e98a6/elements - {"using":"xpath","value":"//button[@data-kt=\"addButton\"]"}
RESULT: {"using":"xpath","value":"//button[@data-kt=\"addButton\"]"}
COMMAND: POST /session/cd4e213f90090bc7497a341d701e98a6/elements - {"using":"xpath","value":"//button[@data-kt=\"addButton\"]"}
RESULT: {"using":"xpath","value":"//button[@data-kt=\"addButton\"]"}
COMMAND: POST /session/cd4e213f90090bc7497a341d701e98a6/elements - {"using":"xpath","value":"//button[@data-kt=\"addButton\"]"}
RESULT: {"using":"xpath","value":"//button[@data-kt=\"addButton\"]"}
COMMAND: POST /session/cd4e213f90090bc7497a341d701e98a6/elements - {"using":"xpath","value":"//button[@data-kt=\"addButton\"]"}
RESULT: {"using":"xpath","value":"//button[@data-kt=\"addButton\"]"}
COMMAND: POST /session/cd4e213f90090bc7497a341d701e98a6/elements - {"using":"xpath","value":"//button[@data-kt=\"addButton\"]"}
RESULT: {"using":"xpath","value":"//button[@data-kt=\"addButton\"]"}
COMMAND: GET /session/cd4e213f90090bc7497a341d701e98a6/screenshot - {}
RESULT: {}
]]></system-out>
      <system-err><![CDATA[
Error: element ("//button[@data-kt="addButton"]") still not existing after 45000ms
    at async UtilsPrerequisites.contractCreation (D:\a\1\s\test\specs\BTS\prerequisites-and-utils-functions.js:1711:9)
    at async Context.<anonymous> (D:\a\1\s\test\specs\HTR\provide-to-site-wo-warehouse-w-clarification.spec.js:59:49)
]]></system-err>
    </testcase>
    <testcase classname="chrome.136_0_7103_93.windows.Provide_to_Site_w/o_warehouse_management_w_clarification" name="Should add equipment to the contract" time="60.706">
      <failure/>
      <error message="Can't call click on element with selector &quot;//button[@data-kt=&quot;contractDetailEditBtnButton&quot;]&quot; because element wasn't found"/>
      <system-out><![CDATA[
COMMAND: GET /session/cd4e213f90090bc7497a341d701e98a6/screenshot - {}
COMMAND: POST /session/cd4e213f90090bc7497a341d701e98a6/element - {"using":"xpath","value":"//button[@data-kt=\"contractDetailEditBtnButton\"]"}
RESULT: {}
RESULT: {"using":"xpath","value":"//button[@data-kt=\"contractDetailEditBtnButton\"]"}
COMMAND: POST /session/cd4e213f90090bc7497a341d701e98a6/elements - {"using":"xpath","value":"//button[@data-kt=\"contractDetailEditBtnButton\"]"}
RESULT: {"using":"xpath","value":"//button[@data-kt=\"contractDetailEditBtnButton\"]"}
COMMAND: POST /session/cd4e213f90090bc7497a341d701e98a6/elements - {"using":"xpath","value":"//button[@data-kt=\"contractDetailEditBtnButton\"]"}
RESULT: {"using":"xpath","value":"//button[@data-kt=\"contractDetailEditBtnButton\"]"}
COMMAND: POST /session/cd4e213f90090bc7497a341d701e98a6/elements - {"using":"xpath","value":"//button[@data-kt=\"contractDetailEditBtnButton\"]"}
RESULT: {"using":"xpath","value":"//button[@data-kt=\"contractDetailEditBtnButton\"]"}
COMMAND: POST /session/cd4e213f90090bc7497a341d701e98a6/elements - {"using":"xpath","value":"//button[@data-kt=\"contractDetailEditBtnButton\"]"}
RESULT: {"using":"xpath","value":"//button[@data-kt=\"contractDetailEditBtnButton\"]"}
COMMAND: POST /session/cd4e213f90090bc7497a341d701e98a6/elements - {"using":"xpath","value":"//button[@data-kt=\"contractDetailEditBtnButton\"]"}
RESULT: {"using":"xpath","value":"//button[@data-kt=\"contractDetailEditBtnButton\"]"}
COMMAND: POST /session/cd4e213f90090bc7497a341d701e98a6/elements - {"using":"xpath","value":"//button[@data-kt=\"contractDetailEditBtnButton\"]"}
RESULT: {"using":"xpath","value":"//button[@data-kt=\"contractDetailEditBtnButton\"]"}
COMMAND: POST /session/cd4e213f90090bc7497a341d701e98a6/elements - {"using":"xpath","value":"//button[@data-kt=\"contractDetailEditBtnButton\"]"}
RESULT: {"using":"xpath","value":"//button[@data-kt=\"contractDetailEditBtnButton\"]"}
COMMAND: POST /session/cd4e213f90090bc7497a341d701e98a6/elements - {"using":"xpath","value":"//button[@data-kt=\"contractDetailEditBtnButton\"]"}
RESULT: {"using":"xpath","value":"//button[@data-kt=\"contractDetailEditBtnButton\"]"}
COMMAND: POST /session/cd4e213f90090bc7497a341d701e98a6/elements - {"using":"xpath","value":"//button[@data-kt=\"contractDetailEditBtnButton\"]"}
RESULT: {"using":"xpath","value":"//button[@data-kt=\"contractDetailEditBtnButton\"]"}
COMMAND: POST /session/cd4e213f90090bc7497a341d701e98a6/elements - {"using":"xpath","value":"//button[@data-kt=\"contractDetailEditBtnButton\"]"}
RESULT: {"using":"xpath","value":"//button[@data-kt=\"contractDetailEditBtnButton\"]"}
COMMAND: POST /session/cd4e213f90090bc7497a341d701e98a6/elements - {"using":"xpath","value":"//button[@data-kt=\"contractDetailEditBtnButton\"]"}
RESULT: {"using":"xpath","value":"//button[@data-kt=\"contractDetailEditBtnButton\"]"}
COMMAND: POST /session/cd4e213f90090bc7497a341d701e98a6/elements - {"using":"xpath","value":"//button[@data-kt=\"contractDetailEditBtnButton\"]"}
RESULT: {"using":"xpath","value":"//button[@data-kt=\"contractDetailEditBtnButton\"]"}
COMMAND: POST /session/cd4e213f90090bc7497a341d701e98a6/elements - {"using":"xpath","value":"//button[@data-kt=\"contractDetailEditBtnButton\"]"}
RESULT: {"using":"xpath","value":"//button[@data-kt=\"contractDetailEditBtnButton\"]"}
COMMAND: POST /session/cd4e213f90090bc7497a341d701e98a6/elements - {"using":"xpath","value":"//button[@data-kt=\"contractDetailEditBtnButton\"]"}
RESULT: {"using":"xpath","value":"//button[@data-kt=\"contractDetailEditBtnButton\"]"}
COMMAND: POST /session/cd4e213f90090bc7497a341d701e98a6/elements - {"using":"xpath","value":"//button[@data-kt=\"contractDetailEditBtnButton\"]"}
RESULT: {"using":"xpath","value":"//button[@data-kt=\"contractDetailEditBtnButton\"]"}
COMMAND: POST /session/cd4e213f90090bc7497a341d701e98a6/elements - {"using":"xpath","value":"//button[@data-kt=\"contractDetailEditBtnButton\"]"}
RESULT: {"using":"xpath","value":"//button[@data-kt=\"contractDetailEditBtnButton\"]"}
COMMAND: POST /session/cd4e213f90090bc7497a341d701e98a6/elements - {"using":"xpath","value":"//button[@data-kt=\"contractDetailEditBtnButton\"]"}
RESULT: {"using":"xpath","value":"//button[@data-kt=\"contractDetailEditBtnButton\"]"}
COMMAND: POST /session/cd4e213f90090bc7497a341d701e98a6/elements - {"using":"xpath","value":"//button[@data-kt=\"contractDetailEditBtnButton\"]"}
RESULT: {"using":"xpath","value":"//button[@data-kt=\"contractDetailEditBtnButton\"]"}
COMMAND: POST /session/cd4e213f90090bc7497a341d701e98a6/elements - {"using":"xpath","value":"//button[@data-kt=\"contractDetailEditBtnButton\"]"}
RESULT: {"using":"xpath","value":"//button[@data-kt=\"contractDetailEditBtnButton\"]"}
COMMAND: POST /session/cd4e213f90090bc7497a341d701e98a6/elements - {"using":"xpath","value":"//button[@data-kt=\"contractDetailEditBtnButton\"]"}
RESULT: {"using":"xpath","value":"//button[@data-kt=\"contractDetailEditBtnButton\"]"}
COMMAND: POST /session/cd4e213f90090bc7497a341d701e98a6/elements - {"using":"xpath","value":"//button[@data-kt=\"contractDetailEditBtnButton\"]"}
RESULT: {"using":"xpath","value":"//button[@data-kt=\"contractDetailEditBtnButton\"]"}
COMMAND: POST /session/cd4e213f90090bc7497a341d701e98a6/elements - {"using":"xpath","value":"//button[@data-kt=\"contractDetailEditBtnButton\"]"}
RESULT: {"using":"xpath","value":"//button[@data-kt=\"contractDetailEditBtnButton\"]"}
COMMAND: POST /session/cd4e213f90090bc7497a341d701e98a6/elements - {"using":"xpath","value":"//button[@data-kt=\"contractDetailEditBtnButton\"]"}
RESULT: {"using":"xpath","value":"//button[@data-kt=\"contractDetailEditBtnButton\"]"}
COMMAND: POST /session/cd4e213f90090bc7497a341d701e98a6/elements - {"using":"xpath","value":"//button[@data-kt=\"contractDetailEditBtnButton\"]"}
RESULT: {"using":"xpath","value":"//button[@data-kt=\"contractDetailEditBtnButton\"]"}
COMMAND: POST /session/cd4e213f90090bc7497a341d701e98a6/elements - {"using":"xpath","value":"//button[@data-kt=\"contractDetailEditBtnButton\"]"}
RESULT: {"using":"xpath","value":"//button[@data-kt=\"contractDetailEditBtnButton\"]"}
COMMAND: POST /session/cd4e213f90090bc7497a341d701e98a6/elements - {"using":"xpath","value":"//button[@data-kt=\"contractDetailEditBtnButton\"]"}
RESULT: {"using":"xpath","value":"//button[@data-kt=\"contractDetailEditBtnButton\"]"}
COMMAND: POST /session/cd4e213f90090bc7497a341d701e98a6/elements - {"using":"xpath","value":"//button[@data-kt=\"contractDetailEditBtnButton\"]"}
RESULT: {"using":"xpath","value":"//button[@data-kt=\"contractDetailEditBtnButton\"]"}
COMMAND: POST /session/cd4e213f90090bc7497a341d701e98a6/elements - {"using":"xpath","value":"//button[@data-kt=\"contractDetailEditBtnButton\"]"}
RESULT: {"using":"xpath","value":"//button[@data-kt=\"contractDetailEditBtnButton\"]"}
COMMAND: POST /session/cd4e213f90090bc7497a341d701e98a6/elements - {"using":"xpath","value":"//button[@data-kt=\"contractDetailEditBtnButton\"]"}
RESULT: {"using":"xpath","value":"//button[@data-kt=\"contractDetailEditBtnButton\"]"}
COMMAND: POST /session/cd4e213f90090bc7497a341d701e98a6/elements - {"using":"xpath","value":"//button[@data-kt=\"contractDetailEditBtnButton\"]"}
RESULT: {"using":"xpath","value":"//button[@data-kt=\"contractDetailEditBtnButton\"]"}
COMMAND: POST /session/cd4e213f90090bc7497a341d701e98a6/elements - {"using":"xpath","value":"//button[@data-kt=\"contractDetailEditBtnButton\"]"}
RESULT: {"using":"xpath","value":"//button[@data-kt=\"contractDetailEditBtnButton\"]"}
COMMAND: POST /session/cd4e213f90090bc7497a341d701e98a6/elements - {"using":"xpath","value":"//button[@data-kt=\"contractDetailEditBtnButton\"]"}
RESULT: {"using":"xpath","value":"//button[@data-kt=\"contractDetailEditBtnButton\"]"}
COMMAND: POST /session/cd4e213f90090bc7497a341d701e98a6/elements - {"using":"xpath","value":"//button[@data-kt=\"contractDetailEditBtnButton\"]"}
RESULT: {"using":"xpath","value":"//button[@data-kt=\"contractDetailEditBtnButton\"]"}
COMMAND: POST /session/cd4e213f90090bc7497a341d701e98a6/elements - {"using":"xpath","value":"//button[@data-kt=\"contractDetailEditBtnButton\"]"}
RESULT: {"using":"xpath","value":"//button[@data-kt=\"contractDetailEditBtnButton\"]"}
COMMAND: POST /session/cd4e213f90090bc7497a341d701e98a6/elements - {"using":"xpath","value":"//button[@data-kt=\"contractDetailEditBtnButton\"]"}
RESULT: {"using":"xpath","value":"//button[@data-kt=\"contractDetailEditBtnButton\"]"}
COMMAND: POST /session/cd4e213f90090bc7497a341d701e98a6/elements - {"using":"xpath","value":"//button[@data-kt=\"contractDetailEditBtnButton\"]"}
RESULT: {"using":"xpath","value":"//button[@data-kt=\"contractDetailEditBtnButton\"]"}
COMMAND: POST /session/cd4e213f90090bc7497a341d701e98a6/elements - {"using":"xpath","value":"//button[@data-kt=\"contractDetailEditBtnButton\"]"}
RESULT: {"using":"xpath","value":"//button[@data-kt=\"contractDetailEditBtnButton\"]"}
COMMAND: POST /session/cd4e213f90090bc7497a341d701e98a6/elements - {"using":"xpath","value":"//button[@data-kt=\"contractDetailEditBtnButton\"]"}
RESULT: {"using":"xpath","value":"//button[@data-kt=\"contractDetailEditBtnButton\"]"}
COMMAND: POST /session/cd4e213f90090bc7497a341d701e98a6/elements - {"using":"xpath","value":"//button[@data-kt=\"contractDetailEditBtnButton\"]"}
RESULT: {"using":"xpath","value":"//button[@data-kt=\"contractDetailEditBtnButton\"]"}
COMMAND: POST /session/cd4e213f90090bc7497a341d701e98a6/elements - {"using":"xpath","value":"//button[@data-kt=\"contractDetailEditBtnButton\"]"}
RESULT: {"using":"xpath","value":"//button[@data-kt=\"contractDetailEditBtnButton\"]"}
COMMAND: POST /session/cd4e213f90090bc7497a341d701e98a6/elements - {"using":"xpath","value":"//button[@data-kt=\"contractDetailEditBtnButton\"]"}
RESULT: {"using":"xpath","value":"//button[@data-kt=\"contractDetailEditBtnButton\"]"}
COMMAND: POST /session/cd4e213f90090bc7497a341d701e98a6/elements - {"using":"xpath","value":"//button[@data-kt=\"contractDetailEditBtnButton\"]"}
RESULT: {"using":"xpath","value":"//button[@data-kt=\"contractDetailEditBtnButton\"]"}
COMMAND: POST /session/cd4e213f90090bc7497a341d701e98a6/elements - {"using":"xpath","value":"//button[@data-kt=\"contractDetailEditBtnButton\"]"}
RESULT: {"using":"xpath","value":"//button[@data-kt=\"contractDetailEditBtnButton\"]"}
COMMAND: POST /session/cd4e213f90090bc7497a341d701e98a6/elements - {"using":"xpath","value":"//button[@data-kt=\"contractDetailEditBtnButton\"]"}
RESULT: {"using":"xpath","value":"//button[@data-kt=\"contractDetailEditBtnButton\"]"}
COMMAND: POST /session/cd4e213f90090bc7497a341d701e98a6/elements - {"using":"xpath","value":"//button[@data-kt=\"contractDetailEditBtnButton\"]"}
RESULT: {"using":"xpath","value":"//button[@data-kt=\"contractDetailEditBtnButton\"]"}
COMMAND: POST /session/cd4e213f90090bc7497a341d701e98a6/elements - {"using":"xpath","value":"//button[@data-kt=\"contractDetailEditBtnButton\"]"}
RESULT: {"using":"xpath","value":"//button[@data-kt=\"contractDetailEditBtnButton\"]"}
COMMAND: POST /session/cd4e213f90090bc7497a341d701e98a6/elements - {"using":"xpath","value":"//button[@data-kt=\"contractDetailEditBtnButton\"]"}
RESULT: {"using":"xpath","value":"//button[@data-kt=\"contractDetailEditBtnButton\"]"}
COMMAND: POST /session/cd4e213f90090bc7497a341d701e98a6/elements - {"using":"xpath","value":"//button[@data-kt=\"contractDetailEditBtnButton\"]"}
RESULT: {"using":"xpath","value":"//button[@data-kt=\"contractDetailEditBtnButton\"]"}
COMMAND: POST /session/cd4e213f90090bc7497a341d701e98a6/elements - {"using":"xpath","value":"//button[@data-kt=\"contractDetailEditBtnButton\"]"}
RESULT: {"using":"xpath","value":"//button[@data-kt=\"contractDetailEditBtnButton\"]"}
COMMAND: POST /session/cd4e213f90090bc7497a341d701e98a6/elements - {"using":"xpath","value":"//button[@data-kt=\"contractDetailEditBtnButton\"]"}
RESULT: {"using":"xpath","value":"//button[@data-kt=\"contractDetailEditBtnButton\"]"}
COMMAND: POST /session/cd4e213f90090bc7497a341d701e98a6/elements - {"using":"xpath","value":"//button[@data-kt=\"contractDetailEditBtnButton\"]"}
RESULT: {"using":"xpath","value":"//button[@data-kt=\"contractDetailEditBtnButton\"]"}
COMMAND: POST /session/cd4e213f90090bc7497a341d701e98a6/elements - {"using":"xpath","value":"//button[@data-kt=\"contractDetailEditBtnButton\"]"}
RESULT: {"using":"xpath","value":"//button[@data-kt=\"contractDetailEditBtnButton\"]"}
COMMAND: POST /session/cd4e213f90090bc7497a341d701e98a6/elements - {"using":"xpath","value":"//button[@data-kt=\"contractDetailEditBtnButton\"]"}
RESULT: {"using":"xpath","value":"//button[@data-kt=\"contractDetailEditBtnButton\"]"}
COMMAND: POST /session/cd4e213f90090bc7497a341d701e98a6/elements - {"using":"xpath","value":"//button[@data-kt=\"contractDetailEditBtnButton\"]"}
RESULT: {"using":"xpath","value":"//button[@data-kt=\"contractDetailEditBtnButton\"]"}
COMMAND: POST /session/cd4e213f90090bc7497a341d701e98a6/elements - {"using":"xpath","value":"//button[@data-kt=\"contractDetailEditBtnButton\"]"}
RESULT: {"using":"xpath","value":"//button[@data-kt=\"contractDetailEditBtnButton\"]"}
COMMAND: POST /session/cd4e213f90090bc7497a341d701e98a6/elements - {"using":"xpath","value":"//button[@data-kt=\"contractDetailEditBtnButton\"]"}
RESULT: {"using":"xpath","value":"//button[@data-kt=\"contractDetailEditBtnButton\"]"}
COMMAND: POST /session/cd4e213f90090bc7497a341d701e98a6/elements - {"using":"xpath","value":"//button[@data-kt=\"contractDetailEditBtnButton\"]"}
RESULT: {"using":"xpath","value":"//button[@data-kt=\"contractDetailEditBtnButton\"]"}
COMMAND: POST /session/cd4e213f90090bc7497a341d701e98a6/elements - {"using":"xpath","value":"//button[@data-kt=\"contractDetailEditBtnButton\"]"}
RESULT: {"using":"xpath","value":"//button[@data-kt=\"contractDetailEditBtnButton\"]"}
COMMAND: POST /session/cd4e213f90090bc7497a341d701e98a6/elements - {"using":"xpath","value":"//button[@data-kt=\"contractDetailEditBtnButton\"]"}
RESULT: {"using":"xpath","value":"//button[@data-kt=\"contractDetailEditBtnButton\"]"}
COMMAND: POST /session/cd4e213f90090bc7497a341d701e98a6/elements - {"using":"xpath","value":"//button[@data-kt=\"contractDetailEditBtnButton\"]"}
RESULT: {"using":"xpath","value":"//button[@data-kt=\"contractDetailEditBtnButton\"]"}
COMMAND: POST /session/cd4e213f90090bc7497a341d701e98a6/elements - {"using":"xpath","value":"//button[@data-kt=\"contractDetailEditBtnButton\"]"}
RESULT: {"using":"xpath","value":"//button[@data-kt=\"contractDetailEditBtnButton\"]"}
COMMAND: POST /session/cd4e213f90090bc7497a341d701e98a6/elements - {"using":"xpath","value":"//button[@data-kt=\"contractDetailEditBtnButton\"]"}
RESULT: {"using":"xpath","value":"//button[@data-kt=\"contractDetailEditBtnButton\"]"}
COMMAND: POST /session/cd4e213f90090bc7497a341d701e98a6/elements - {"using":"xpath","value":"//button[@data-kt=\"contractDetailEditBtnButton\"]"}
RESULT: {"using":"xpath","value":"//button[@data-kt=\"contractDetailEditBtnButton\"]"}
COMMAND: POST /session/cd4e213f90090bc7497a341d701e98a6/elements - {"using":"xpath","value":"//button[@data-kt=\"contractDetailEditBtnButton\"]"}
RESULT: {"using":"xpath","value":"//button[@data-kt=\"contractDetailEditBtnButton\"]"}
COMMAND: POST /session/cd4e213f90090bc7497a341d701e98a6/elements - {"using":"xpath","value":"//button[@data-kt=\"contractDetailEditBtnButton\"]"}
RESULT: {"using":"xpath","value":"//button[@data-kt=\"contractDetailEditBtnButton\"]"}
COMMAND: POST /session/cd4e213f90090bc7497a341d701e98a6/elements - {"using":"xpath","value":"//button[@data-kt=\"contractDetailEditBtnButton\"]"}
RESULT: {"using":"xpath","value":"//button[@data-kt=\"contractDetailEditBtnButton\"]"}
COMMAND: POST /session/cd4e213f90090bc7497a341d701e98a6/elements - {"using":"xpath","value":"//button[@data-kt=\"contractDetailEditBtnButton\"]"}
RESULT: {"using":"xpath","value":"//button[@data-kt=\"contractDetailEditBtnButton\"]"}
COMMAND: POST /session/cd4e213f90090bc7497a341d701e98a6/elements - {"using":"xpath","value":"//button[@data-kt=\"contractDetailEditBtnButton\"]"}
RESULT: {"using":"xpath","value":"//button[@data-kt=\"contractDetailEditBtnButton\"]"}
COMMAND: POST /session/cd4e213f90090bc7497a341d701e98a6/elements - {"using":"xpath","value":"//button[@data-kt=\"contractDetailEditBtnButton\"]"}
RESULT: {"using":"xpath","value":"//button[@data-kt=\"contractDetailEditBtnButton\"]"}
COMMAND: POST /session/cd4e213f90090bc7497a341d701e98a6/elements - {"using":"xpath","value":"//button[@data-kt=\"contractDetailEditBtnButton\"]"}
RESULT: {"using":"xpath","value":"//button[@data-kt=\"contractDetailEditBtnButton\"]"}
COMMAND: POST /session/cd4e213f90090bc7497a341d701e98a6/elements - {"using":"xpath","value":"//button[@data-kt=\"contractDetailEditBtnButton\"]"}
RESULT: {"using":"xpath","value":"//button[@data-kt=\"contractDetailEditBtnButton\"]"}
COMMAND: POST /session/cd4e213f90090bc7497a341d701e98a6/elements - {"using":"xpath","value":"//button[@data-kt=\"contractDetailEditBtnButton\"]"}
RESULT: {"using":"xpath","value":"//button[@data-kt=\"contractDetailEditBtnButton\"]"}
COMMAND: POST /session/cd4e213f90090bc7497a341d701e98a6/elements - {"using":"xpath","value":"//button[@data-kt=\"contractDetailEditBtnButton\"]"}
RESULT: {"using":"xpath","value":"//button[@data-kt=\"contractDetailEditBtnButton\"]"}
COMMAND: POST /session/cd4e213f90090bc7497a341d701e98a6/elements - {"using":"xpath","value":"//button[@data-kt=\"contractDetailEditBtnButton\"]"}
RESULT: {"using":"xpath","value":"//button[@data-kt=\"contractDetailEditBtnButton\"]"}
COMMAND: POST /session/cd4e213f90090bc7497a341d701e98a6/elements - {"using":"xpath","value":"//button[@data-kt=\"contractDetailEditBtnButton\"]"}
RESULT: {"using":"xpath","value":"//button[@data-kt=\"contractDetailEditBtnButton\"]"}
COMMAND: POST /session/cd4e213f90090bc7497a341d701e98a6/elements - {"using":"xpath","value":"//button[@data-kt=\"contractDetailEditBtnButton\"]"}
RESULT: {"using":"xpath","value":"//button[@data-kt=\"contractDetailEditBtnButton\"]"}
COMMAND: POST /session/cd4e213f90090bc7497a341d701e98a6/elements - {"using":"xpath","value":"//button[@data-kt=\"contractDetailEditBtnButton\"]"}
RESULT: {"using":"xpath","value":"//button[@data-kt=\"contractDetailEditBtnButton\"]"}
COMMAND: POST /session/cd4e213f90090bc7497a341d701e98a6/elements - {"using":"xpath","value":"//button[@data-kt=\"contractDetailEditBtnButton\"]"}
RESULT: {"using":"xpath","value":"//button[@data-kt=\"contractDetailEditBtnButton\"]"}
COMMAND: POST /session/cd4e213f90090bc7497a341d701e98a6/elements - {"using":"xpath","value":"//button[@data-kt=\"contractDetailEditBtnButton\"]"}
RESULT: {"using":"xpath","value":"//button[@data-kt=\"contractDetailEditBtnButton\"]"}
COMMAND: POST /session/cd4e213f90090bc7497a341d701e98a6/elements - {"using":"xpath","value":"//button[@data-kt=\"contractDetailEditBtnButton\"]"}
RESULT: {"using":"xpath","value":"//button[@data-kt=\"contractDetailEditBtnButton\"]"}
COMMAND: POST /session/cd4e213f90090bc7497a341d701e98a6/elements - {"using":"xpath","value":"//button[@data-kt=\"contractDetailEditBtnButton\"]"}
RESULT: {"using":"xpath","value":"//button[@data-kt=\"contractDetailEditBtnButton\"]"}
COMMAND: POST /session/cd4e213f90090bc7497a341d701e98a6/elements - {"using":"xpath","value":"//button[@data-kt=\"contractDetailEditBtnButton\"]"}
RESULT: {"using":"xpath","value":"//button[@data-kt=\"contractDetailEditBtnButton\"]"}
COMMAND: POST /session/cd4e213f90090bc7497a341d701e98a6/elements - {"using":"xpath","value":"//button[@data-kt=\"contractDetailEditBtnButton\"]"}
RESULT: {"using":"xpath","value":"//button[@data-kt=\"contractDetailEditBtnButton\"]"}
COMMAND: POST /session/cd4e213f90090bc7497a341d701e98a6/elements - {"using":"xpath","value":"//button[@data-kt=\"contractDetailEditBtnButton\"]"}
RESULT: {"using":"xpath","value":"//button[@data-kt=\"contractDetailEditBtnButton\"]"}
COMMAND: POST /session/cd4e213f90090bc7497a341d701e98a6/elements - {"using":"xpath","value":"//button[@data-kt=\"contractDetailEditBtnButton\"]"}
RESULT: {"using":"xpath","value":"//button[@data-kt=\"contractDetailEditBtnButton\"]"}
COMMAND: POST /session/cd4e213f90090bc7497a341d701e98a6/elements - {"using":"xpath","value":"//button[@data-kt=\"contractDetailEditBtnButton\"]"}
RESULT: {"using":"xpath","value":"//button[@data-kt=\"contractDetailEditBtnButton\"]"}
COMMAND: POST /session/cd4e213f90090bc7497a341d701e98a6/elements - {"using":"xpath","value":"//button[@data-kt=\"contractDetailEditBtnButton\"]"}
RESULT: {"using":"xpath","value":"//button[@data-kt=\"contractDetailEditBtnButton\"]"}
COMMAND: POST /session/cd4e213f90090bc7497a341d701e98a6/elements - {"using":"xpath","value":"//button[@data-kt=\"contractDetailEditBtnButton\"]"}
RESULT: {"using":"xpath","value":"//button[@data-kt=\"contractDetailEditBtnButton\"]"}
COMMAND: POST /session/cd4e213f90090bc7497a341d701e98a6/elements - {"using":"xpath","value":"//button[@data-kt=\"contractDetailEditBtnButton\"]"}
RESULT: {"using":"xpath","value":"//button[@data-kt=\"contractDetailEditBtnButton\"]"}
COMMAND: POST /session/cd4e213f90090bc7497a341d701e98a6/elements - {"using":"xpath","value":"//button[@data-kt=\"contractDetailEditBtnButton\"]"}
RESULT: {"using":"xpath","value":"//button[@data-kt=\"contractDetailEditBtnButton\"]"}
COMMAND: POST /session/cd4e213f90090bc7497a341d701e98a6/elements - {"using":"xpath","value":"//button[@data-kt=\"contractDetailEditBtnButton\"]"}
RESULT: {"using":"xpath","value":"//button[@data-kt=\"contractDetailEditBtnButton\"]"}
COMMAND: POST /session/cd4e213f90090bc7497a341d701e98a6/elements - {"using":"xpath","value":"//button[@data-kt=\"contractDetailEditBtnButton\"]"}
RESULT: {"using":"xpath","value":"//button[@data-kt=\"contractDetailEditBtnButton\"]"}
COMMAND: POST /session/cd4e213f90090bc7497a341d701e98a6/elements - {"using":"xpath","value":"//button[@data-kt=\"contractDetailEditBtnButton\"]"}
RESULT: {"using":"xpath","value":"//button[@data-kt=\"contractDetailEditBtnButton\"]"}
COMMAND: POST /session/cd4e213f90090bc7497a341d701e98a6/elements - {"using":"xpath","value":"//button[@data-kt=\"contractDetailEditBtnButton\"]"}
RESULT: {"using":"xpath","value":"//button[@data-kt=\"contractDetailEditBtnButton\"]"}
COMMAND: POST /session/cd4e213f90090bc7497a341d701e98a6/elements - {"using":"xpath","value":"//button[@data-kt=\"contractDetailEditBtnButton\"]"}
RESULT: {"using":"xpath","value":"//button[@data-kt=\"contractDetailEditBtnButton\"]"}
COMMAND: POST /session/cd4e213f90090bc7497a341d701e98a6/elements - {"using":"xpath","value":"//button[@data-kt=\"contractDetailEditBtnButton\"]"}
RESULT: {"using":"xpath","value":"//button[@data-kt=\"contractDetailEditBtnButton\"]"}
COMMAND: POST /session/cd4e213f90090bc7497a341d701e98a6/elements - {"using":"xpath","value":"//button[@data-kt=\"contractDetailEditBtnButton\"]"}
RESULT: {"using":"xpath","value":"//button[@data-kt=\"contractDetailEditBtnButton\"]"}
COMMAND: POST /session/cd4e213f90090bc7497a341d701e98a6/elements - {"using":"xpath","value":"//button[@data-kt=\"contractDetailEditBtnButton\"]"}
RESULT: {"using":"xpath","value":"//button[@data-kt=\"contractDetailEditBtnButton\"]"}
COMMAND: POST /session/cd4e213f90090bc7497a341d701e98a6/elements - {"using":"xpath","value":"//button[@data-kt=\"contractDetailEditBtnButton\"]"}
RESULT: {"using":"xpath","value":"//button[@data-kt=\"contractDetailEditBtnButton\"]"}
COMMAND: POST /session/cd4e213f90090bc7497a341d701e98a6/elements - {"using":"xpath","value":"//button[@data-kt=\"contractDetailEditBtnButton\"]"}
RESULT: {"using":"xpath","value":"//button[@data-kt=\"contractDetailEditBtnButton\"]"}
COMMAND: POST /session/cd4e213f90090bc7497a341d701e98a6/elements - {"using":"xpath","value":"//button[@data-kt=\"contractDetailEditBtnButton\"]"}
RESULT: {"using":"xpath","value":"//button[@data-kt=\"contractDetailEditBtnButton\"]"}
COMMAND: POST /session/cd4e213f90090bc7497a341d701e98a6/elements - {"using":"xpath","value":"//button[@data-kt=\"contractDetailEditBtnButton\"]"}
RESULT: {"using":"xpath","value":"//button[@data-kt=\"contractDetailEditBtnButton\"]"}
COMMAND: POST /session/cd4e213f90090bc7497a341d701e98a6/elements - {"using":"xpath","value":"//button[@data-kt=\"contractDetailEditBtnButton\"]"}
RESULT: {"using":"xpath","value":"//button[@data-kt=\"contractDetailEditBtnButton\"]"}
COMMAND: POST /session/cd4e213f90090bc7497a341d701e98a6/elements - {"using":"xpath","value":"//button[@data-kt=\"contractDetailEditBtnButton\"]"}
RESULT: {"using":"xpath","value":"//button[@data-kt=\"contractDetailEditBtnButton\"]"}
COMMAND: POST /session/cd4e213f90090bc7497a341d701e98a6/elements - {"using":"xpath","value":"//button[@data-kt=\"contractDetailEditBtnButton\"]"}
RESULT: {"using":"xpath","value":"//button[@data-kt=\"contractDetailEditBtnButton\"]"}
COMMAND: POST /session/cd4e213f90090bc7497a341d701e98a6/elements - {"using":"xpath","value":"//button[@data-kt=\"contractDetailEditBtnButton\"]"}
RESULT: {"using":"xpath","value":"//button[@data-kt=\"contractDetailEditBtnButton\"]"}
COMMAND: POST /session/cd4e213f90090bc7497a341d701e98a6/elements - {"using":"xpath","value":"//button[@data-kt=\"contractDetailEditBtnButton\"]"}
RESULT: {"using":"xpath","value":"//button[@data-kt=\"contractDetailEditBtnButton\"]"}
COMMAND: POST /session/cd4e213f90090bc7497a341d701e98a6/elements - {"using":"xpath","value":"//button[@data-kt=\"contractDetailEditBtnButton\"]"}
RESULT: {"using":"xpath","value":"//button[@data-kt=\"contractDetailEditBtnButton\"]"}
COMMAND: POST /session/cd4e213f90090bc7497a341d701e98a6/elements - {"using":"xpath","value":"//button[@data-kt=\"contractDetailEditBtnButton\"]"}
RESULT: {"using":"xpath","value":"//button[@data-kt=\"contractDetailEditBtnButton\"]"}
COMMAND: POST /session/cd4e213f90090bc7497a341d701e98a6/elements - {"using":"xpath","value":"//button[@data-kt=\"contractDetailEditBtnButton\"]"}
RESULT: {"using":"xpath","value":"//button[@data-kt=\"contractDetailEditBtnButton\"]"}
COMMAND: POST /session/cd4e213f90090bc7497a341d701e98a6/elements - {"using":"xpath","value":"//button[@data-kt=\"contractDetailEditBtnButton\"]"}
RESULT: {"using":"xpath","value":"//button[@data-kt=\"contractDetailEditBtnButton\"]"}
COMMAND: POST /session/cd4e213f90090bc7497a341d701e98a6/elements - {"using":"xpath","value":"//button[@data-kt=\"contractDetailEditBtnButton\"]"}
RESULT: {"using":"xpath","value":"//button[@data-kt=\"contractDetailEditBtnButton\"]"}
COMMAND: POST /session/cd4e213f90090bc7497a341d701e98a6/elements - {"using":"xpath","value":"//button[@data-kt=\"contractDetailEditBtnButton\"]"}
RESULT: {"using":"xpath","value":"//button[@data-kt=\"contractDetailEditBtnButton\"]"}
COMMAND: POST /session/cd4e213f90090bc7497a341d701e98a6/elements - {"using":"xpath","value":"//button[@data-kt=\"contractDetailEditBtnButton\"]"}
RESULT: {"using":"xpath","value":"//button[@data-kt=\"contractDetailEditBtnButton\"]"}
COMMAND: POST /session/cd4e213f90090bc7497a341d701e98a6/elements - {"using":"xpath","value":"//button[@data-kt=\"contractDetailEditBtnButton\"]"}
RESULT: {"using":"xpath","value":"//button[@data-kt=\"contractDetailEditBtnButton\"]"}
COMMAND: POST /session/cd4e213f90090bc7497a341d701e98a6/elements - {"using":"xpath","value":"//button[@data-kt=\"contractDetailEditBtnButton\"]"}
RESULT: {"using":"xpath","value":"//button[@data-kt=\"contractDetailEditBtnButton\"]"}
COMMAND: POST /session/cd4e213f90090bc7497a341d701e98a6/elements - {"using":"xpath","value":"//button[@data-kt=\"contractDetailEditBtnButton\"]"}
RESULT: {"using":"xpath","value":"//button[@data-kt=\"contractDetailEditBtnButton\"]"}
COMMAND: POST /session/cd4e213f90090bc7497a341d701e98a6/elements - {"using":"xpath","value":"//button[@data-kt=\"contractDetailEditBtnButton\"]"}
RESULT: {"using":"xpath","value":"//button[@data-kt=\"contractDetailEditBtnButton\"]"}
COMMAND: POST /session/cd4e213f90090bc7497a341d701e98a6/elements - {"using":"xpath","value":"//button[@data-kt=\"contractDetailEditBtnButton\"]"}
RESULT: {"using":"xpath","value":"//button[@data-kt=\"contractDetailEditBtnButton\"]"}
COMMAND: POST /session/cd4e213f90090bc7497a341d701e98a6/elements - {"using":"xpath","value":"//button[@data-kt=\"contractDetailEditBtnButton\"]"}
RESULT: {"using":"xpath","value":"//button[@data-kt=\"contractDetailEditBtnButton\"]"}
COMMAND: POST /session/cd4e213f90090bc7497a341d701e98a6/elements - {"using":"xpath","value":"//button[@data-kt=\"contractDetailEditBtnButton\"]"}
COMMAND: GET /session/cd4e213f90090bc7497a341d701e98a6/screenshot - {}
RESULT: {"using":"xpath","value":"//button[@data-kt=\"contractDetailEditBtnButton\"]"}
RESULT: {}
]]></system-out>
      <system-err><![CDATA[
Error: Can't call click on element with selector "//button[@data-kt="contractDetailEditBtnButton"]" because element wasn't found
    at async UtilsPrerequisites.addItemToContract (D:\a\1\s\test\specs\BTS\prerequisites-and-utils-functions.js:1822:9)
    at async Context.<anonymous> (D:\a\1\s\test\specs\HTR\provide-to-site-wo-warehouse-w-clarification.spec.js:63:9)
]]></system-err>
    </testcase>
    <testcase classname="chrome.136_0_7103_93.windows.Provide_to_Site_w/o_warehouse_management_w_clarification" name="Should do provide to site" time="60.398">
      <failure/>
      <error message="Can't call click on element with selector &quot;//button[@data-kt=&quot;provideButton&quot;]&quot; because element wasn't found"/>
      <system-out><![CDATA[
COMMAND: POST /session/cd4e213f90090bc7497a341d701e98a6/element - {"using":"xpath","value":"//button[@data-kt=\"provideButton\"]"}
COMMAND: GET /session/cd4e213f90090bc7497a341d701e98a6/screenshot - {}
RESULT: {"using":"xpath","value":"//button[@data-kt=\"provideButton\"]"}
COMMAND: POST /session/cd4e213f90090bc7497a341d701e98a6/elements - {"using":"xpath","value":"//button[@data-kt=\"provideButton\"]"}
RESULT: {}
RESULT: {"using":"xpath","value":"//button[@data-kt=\"provideButton\"]"}
COMMAND: POST /session/cd4e213f90090bc7497a341d701e98a6/elements - {"using":"xpath","value":"//button[@data-kt=\"provideButton\"]"}
RESULT: {"using":"xpath","value":"//button[@data-kt=\"provideButton\"]"}
COMMAND: POST /session/cd4e213f90090bc7497a341d701e98a6/elements - {"using":"xpath","value":"//button[@data-kt=\"provideButton\"]"}
RESULT: {"using":"xpath","value":"//button[@data-kt=\"provideButton\"]"}
COMMAND: POST /session/cd4e213f90090bc7497a341d701e98a6/elements - {"using":"xpath","value":"//button[@data-kt=\"provideButton\"]"}
RESULT: {"using":"xpath","value":"//button[@data-kt=\"provideButton\"]"}
COMMAND: POST /session/cd4e213f90090bc7497a341d701e98a6/elements - {"using":"xpath","value":"//button[@data-kt=\"provideButton\"]"}
RESULT: {"using":"xpath","value":"//button[@data-kt=\"provideButton\"]"}
COMMAND: POST /session/cd4e213f90090bc7497a341d701e98a6/elements - {"using":"xpath","value":"//button[@data-kt=\"provideButton\"]"}
RESULT: {"using":"xpath","value":"//button[@data-kt=\"provideButton\"]"}
COMMAND: POST /session/cd4e213f90090bc7497a341d701e98a6/elements - {"using":"xpath","value":"//button[@data-kt=\"provideButton\"]"}
RESULT: {"using":"xpath","value":"//button[@data-kt=\"provideButton\"]"}
COMMAND: POST /session/cd4e213f90090bc7497a341d701e98a6/elements - {"using":"xpath","value":"//button[@data-kt=\"provideButton\"]"}
RESULT: {"using":"xpath","value":"//button[@data-kt=\"provideButton\"]"}
COMMAND: POST /session/cd4e213f90090bc7497a341d701e98a6/elements - {"using":"xpath","value":"//button[@data-kt=\"provideButton\"]"}
RESULT: {"using":"xpath","value":"//button[@data-kt=\"provideButton\"]"}
COMMAND: POST /session/cd4e213f90090bc7497a341d701e98a6/elements - {"using":"xpath","value":"//button[@data-kt=\"provideButton\"]"}
RESULT: {"using":"xpath","value":"//button[@data-kt=\"provideButton\"]"}
COMMAND: POST /session/cd4e213f90090bc7497a341d701e98a6/elements - {"using":"xpath","value":"//button[@data-kt=\"provideButton\"]"}
RESULT: {"using":"xpath","value":"//button[@data-kt=\"provideButton\"]"}
COMMAND: POST /session/cd4e213f90090bc7497a341d701e98a6/elements - {"using":"xpath","value":"//button[@data-kt=\"provideButton\"]"}
RESULT: {"using":"xpath","value":"//button[@data-kt=\"provideButton\"]"}
COMMAND: POST /session/cd4e213f90090bc7497a341d701e98a6/elements - {"using":"xpath","value":"//button[@data-kt=\"provideButton\"]"}
RESULT: {"using":"xpath","value":"//button[@data-kt=\"provideButton\"]"}
COMMAND: POST /session/cd4e213f90090bc7497a341d701e98a6/elements - {"using":"xpath","value":"//button[@data-kt=\"provideButton\"]"}
RESULT: {"using":"xpath","value":"//button[@data-kt=\"provideButton\"]"}
COMMAND: POST /session/cd4e213f90090bc7497a341d701e98a6/elements - {"using":"xpath","value":"//button[@data-kt=\"provideButton\"]"}
RESULT: {"using":"xpath","value":"//button[@data-kt=\"provideButton\"]"}
COMMAND: POST /session/cd4e213f90090bc7497a341d701e98a6/elements - {"using":"xpath","value":"//button[@data-kt=\"provideButton\"]"}
RESULT: {"using":"xpath","value":"//button[@data-kt=\"provideButton\"]"}
COMMAND: POST /session/cd4e213f90090bc7497a341d701e98a6/elements - {"using":"xpath","value":"//button[@data-kt=\"provideButton\"]"}
RESULT: {"using":"xpath","value":"//button[@data-kt=\"provideButton\"]"}
COMMAND: POST /session/cd4e213f90090bc7497a341d701e98a6/elements - {"using":"xpath","value":"//button[@data-kt=\"provideButton\"]"}
RESULT: {"using":"xpath","value":"//button[@data-kt=\"provideButton\"]"}
COMMAND: POST /session/cd4e213f90090bc7497a341d701e98a6/elements - {"using":"xpath","value":"//button[@data-kt=\"provideButton\"]"}
RESULT: {"using":"xpath","value":"//button[@data-kt=\"provideButton\"]"}
COMMAND: POST /session/cd4e213f90090bc7497a341d701e98a6/elements - {"using":"xpath","value":"//button[@data-kt=\"provideButton\"]"}
RESULT: {"using":"xpath","value":"//button[@data-kt=\"provideButton\"]"}
COMMAND: POST /session/cd4e213f90090bc7497a341d701e98a6/elements - {"using":"xpath","value":"//button[@data-kt=\"provideButton\"]"}
RESULT: {"using":"xpath","value":"//button[@data-kt=\"provideButton\"]"}
COMMAND: POST /session/cd4e213f90090bc7497a341d701e98a6/elements - {"using":"xpath","value":"//button[@data-kt=\"provideButton\"]"}
RESULT: {"using":"xpath","value":"//button[@data-kt=\"provideButton\"]"}
COMMAND: POST /session/cd4e213f90090bc7497a341d701e98a6/elements - {"using":"xpath","value":"//button[@data-kt=\"provideButton\"]"}
RESULT: {"using":"xpath","value":"//button[@data-kt=\"provideButton\"]"}
COMMAND: POST /session/cd4e213f90090bc7497a341d701e98a6/elements - {"using":"xpath","value":"//button[@data-kt=\"provideButton\"]"}
RESULT: {"using":"xpath","value":"//button[@data-kt=\"provideButton\"]"}
COMMAND: POST /session/cd4e213f90090bc7497a341d701e98a6/elements - {"using":"xpath","value":"//button[@data-kt=\"provideButton\"]"}
RESULT: {"using":"xpath","value":"//button[@data-kt=\"provideButton\"]"}
COMMAND: POST /session/cd4e213f90090bc7497a341d701e98a6/elements - {"using":"xpath","value":"//button[@data-kt=\"provideButton\"]"}
RESULT: {"using":"xpath","value":"//button[@data-kt=\"provideButton\"]"}
COMMAND: POST /session/cd4e213f90090bc7497a341d701e98a6/elements - {"using":"xpath","value":"//button[@data-kt=\"provideButton\"]"}
RESULT: {"using":"xpath","value":"//button[@data-kt=\"provideButton\"]"}
COMMAND: POST /session/cd4e213f90090bc7497a341d701e98a6/elements - {"using":"xpath","value":"//button[@data-kt=\"provideButton\"]"}
RESULT: {"using":"xpath","value":"//button[@data-kt=\"provideButton\"]"}
COMMAND: POST /session/cd4e213f90090bc7497a341d701e98a6/elements - {"using":"xpath","value":"//button[@data-kt=\"provideButton\"]"}
RESULT: {"using":"xpath","value":"//button[@data-kt=\"provideButton\"]"}
COMMAND: POST /session/cd4e213f90090bc7497a341d701e98a6/elements - {"using":"xpath","value":"//button[@data-kt=\"provideButton\"]"}
RESULT: {"using":"xpath","value":"//button[@data-kt=\"provideButton\"]"}
COMMAND: POST /session/cd4e213f90090bc7497a341d701e98a6/elements - {"using":"xpath","value":"//button[@data-kt=\"provideButton\"]"}
RESULT: {"using":"xpath","value":"//button[@data-kt=\"provideButton\"]"}
COMMAND: POST /session/cd4e213f90090bc7497a341d701e98a6/elements - {"using":"xpath","value":"//button[@data-kt=\"provideButton\"]"}
RESULT: {"using":"xpath","value":"//button[@data-kt=\"provideButton\"]"}
COMMAND: POST /session/cd4e213f90090bc7497a341d701e98a6/elements - {"using":"xpath","value":"//button[@data-kt=\"provideButton\"]"}
RESULT: {"using":"xpath","value":"//button[@data-kt=\"provideButton\"]"}
COMMAND: POST /session/cd4e213f90090bc7497a341d701e98a6/elements - {"using":"xpath","value":"//button[@data-kt=\"provideButton\"]"}
RESULT: {"using":"xpath","value":"//button[@data-kt=\"provideButton\"]"}
COMMAND: POST /session/cd4e213f90090bc7497a341d701e98a6/elements - {"using":"xpath","value":"//button[@data-kt=\"provideButton\"]"}
RESULT: {"using":"xpath","value":"//button[@data-kt=\"provideButton\"]"}
COMMAND: POST /session/cd4e213f90090bc7497a341d701e98a6/elements - {"using":"xpath","value":"//button[@data-kt=\"provideButton\"]"}
RESULT: {"using":"xpath","value":"//button[@data-kt=\"provideButton\"]"}
COMMAND: POST /session/cd4e213f90090bc7497a341d701e98a6/elements - {"using":"xpath","value":"//button[@data-kt=\"provideButton\"]"}
RESULT: {"using":"xpath","value":"//button[@data-kt=\"provideButton\"]"}
COMMAND: POST /session/cd4e213f90090bc7497a341d701e98a6/elements - {"using":"xpath","value":"//button[@data-kt=\"provideButton\"]"}
RESULT: {"using":"xpath","value":"//button[@data-kt=\"provideButton\"]"}
COMMAND: POST /session/cd4e213f90090bc7497a341d701e98a6/elements - {"using":"xpath","value":"//button[@data-kt=\"provideButton\"]"}
RESULT: {"using":"xpath","value":"//button[@data-kt=\"provideButton\"]"}
COMMAND: POST /session/cd4e213f90090bc7497a341d701e98a6/elements - {"using":"xpath","value":"//button[@data-kt=\"provideButton\"]"}
RESULT: {"using":"xpath","value":"//button[@data-kt=\"provideButton\"]"}
COMMAND: POST /session/cd4e213f90090bc7497a341d701e98a6/elements - {"using":"xpath","value":"//button[@data-kt=\"provideButton\"]"}
RESULT: {"using":"xpath","value":"//button[@data-kt=\"provideButton\"]"}
COMMAND: POST /session/cd4e213f90090bc7497a341d701e98a6/elements - {"using":"xpath","value":"//button[@data-kt=\"provideButton\"]"}
RESULT: {"using":"xpath","value":"//button[@data-kt=\"provideButton\"]"}
COMMAND: POST /session/cd4e213f90090bc7497a341d701e98a6/elements - {"using":"xpath","value":"//button[@data-kt=\"provideButton\"]"}
RESULT: {"using":"xpath","value":"//button[@data-kt=\"provideButton\"]"}
COMMAND: POST /session/cd4e213f90090bc7497a341d701e98a6/elements - {"using":"xpath","value":"//button[@data-kt=\"provideButton\"]"}
RESULT: {"using":"xpath","value":"//button[@data-kt=\"provideButton\"]"}
COMMAND: POST /session/cd4e213f90090bc7497a341d701e98a6/elements - {"using":"xpath","value":"//button[@data-kt=\"provideButton\"]"}
RESULT: {"using":"xpath","value":"//button[@data-kt=\"provideButton\"]"}
COMMAND: POST /session/cd4e213f90090bc7497a341d701e98a6/elements - {"using":"xpath","value":"//button[@data-kt=\"provideButton\"]"}
RESULT: {"using":"xpath","value":"//button[@data-kt=\"provideButton\"]"}
COMMAND: POST /session/cd4e213f90090bc7497a341d701e98a6/elements - {"using":"xpath","value":"//button[@data-kt=\"provideButton\"]"}
RESULT: {"using":"xpath","value":"//button[@data-kt=\"provideButton\"]"}
COMMAND: POST /session/cd4e213f90090bc7497a341d701e98a6/elements - {"using":"xpath","value":"//button[@data-kt=\"provideButton\"]"}
RESULT: {"using":"xpath","value":"//button[@data-kt=\"provideButton\"]"}
COMMAND: POST /session/cd4e213f90090bc7497a341d701e98a6/elements - {"using":"xpath","value":"//button[@data-kt=\"provideButton\"]"}
RESULT: {"using":"xpath","value":"//button[@data-kt=\"provideButton\"]"}
COMMAND: POST /session/cd4e213f90090bc7497a341d701e98a6/elements - {"using":"xpath","value":"//button[@data-kt=\"provideButton\"]"}
RESULT: {"using":"xpath","value":"//button[@data-kt=\"provideButton\"]"}
COMMAND: POST /session/cd4e213f90090bc7497a341d701e98a6/elements - {"using":"xpath","value":"//button[@data-kt=\"provideButton\"]"}
RESULT: {"using":"xpath","value":"//button[@data-kt=\"provideButton\"]"}
COMMAND: POST /session/cd4e213f90090bc7497a341d701e98a6/elements - {"using":"xpath","value":"//button[@data-kt=\"provideButton\"]"}
RESULT: {"using":"xpath","value":"//button[@data-kt=\"provideButton\"]"}
COMMAND: POST /session/cd4e213f90090bc7497a341d701e98a6/elements - {"using":"xpath","value":"//button[@data-kt=\"provideButton\"]"}
RESULT: {"using":"xpath","value":"//button[@data-kt=\"provideButton\"]"}
COMMAND: POST /session/cd4e213f90090bc7497a341d701e98a6/elements - {"using":"xpath","value":"//button[@data-kt=\"provideButton\"]"}
RESULT: {"using":"xpath","value":"//button[@data-kt=\"provideButton\"]"}
COMMAND: POST /session/cd4e213f90090bc7497a341d701e98a6/elements - {"using":"xpath","value":"//button[@data-kt=\"provideButton\"]"}
RESULT: {"using":"xpath","value":"//button[@data-kt=\"provideButton\"]"}
COMMAND: POST /session/cd4e213f90090bc7497a341d701e98a6/elements - {"using":"xpath","value":"//button[@data-kt=\"provideButton\"]"}
RESULT: {"using":"xpath","value":"//button[@data-kt=\"provideButton\"]"}
COMMAND: POST /session/cd4e213f90090bc7497a341d701e98a6/elements - {"using":"xpath","value":"//button[@data-kt=\"provideButton\"]"}
RESULT: {"using":"xpath","value":"//button[@data-kt=\"provideButton\"]"}
COMMAND: POST /session/cd4e213f90090bc7497a341d701e98a6/elements - {"using":"xpath","value":"//button[@data-kt=\"provideButton\"]"}
RESULT: {"using":"xpath","value":"//button[@data-kt=\"provideButton\"]"}
COMMAND: POST /session/cd4e213f90090bc7497a341d701e98a6/elements - {"using":"xpath","value":"//button[@data-kt=\"provideButton\"]"}
RESULT: {"using":"xpath","value":"//button[@data-kt=\"provideButton\"]"}
COMMAND: POST /session/cd4e213f90090bc7497a341d701e98a6/elements - {"using":"xpath","value":"//button[@data-kt=\"provideButton\"]"}
RESULT: {"using":"xpath","value":"//button[@data-kt=\"provideButton\"]"}
COMMAND: POST /session/cd4e213f90090bc7497a341d701e98a6/elements - {"using":"xpath","value":"//button[@data-kt=\"provideButton\"]"}
RESULT: {"using":"xpath","value":"//button[@data-kt=\"provideButton\"]"}
COMMAND: POST /session/cd4e213f90090bc7497a341d701e98a6/elements - {"using":"xpath","value":"//button[@data-kt=\"provideButton\"]"}
RESULT: {"using":"xpath","value":"//button[@data-kt=\"provideButton\"]"}
COMMAND: POST /session/cd4e213f90090bc7497a341d701e98a6/elements - {"using":"xpath","value":"//button[@data-kt=\"provideButton\"]"}
RESULT: {"using":"xpath","value":"//button[@data-kt=\"provideButton\"]"}
COMMAND: POST /session/cd4e213f90090bc7497a341d701e98a6/elements - {"using":"xpath","value":"//button[@data-kt=\"provideButton\"]"}
RESULT: {"using":"xpath","value":"//button[@data-kt=\"provideButton\"]"}
COMMAND: POST /session/cd4e213f90090bc7497a341d701e98a6/elements - {"using":"xpath","value":"//button[@data-kt=\"provideButton\"]"}
RESULT: {"using":"xpath","value":"//button[@data-kt=\"provideButton\"]"}
COMMAND: POST /session/cd4e213f90090bc7497a341d701e98a6/elements - {"using":"xpath","value":"//button[@data-kt=\"provideButton\"]"}
RESULT: {"using":"xpath","value":"//button[@data-kt=\"provideButton\"]"}
COMMAND: POST /session/cd4e213f90090bc7497a341d701e98a6/elements - {"using":"xpath","value":"//button[@data-kt=\"provideButton\"]"}
RESULT: {"using":"xpath","value":"//button[@data-kt=\"provideButton\"]"}
COMMAND: POST /session/cd4e213f90090bc7497a341d701e98a6/elements - {"using":"xpath","value":"//button[@data-kt=\"provideButton\"]"}
RESULT: {"using":"xpath","value":"//button[@data-kt=\"provideButton\"]"}
COMMAND: POST /session/cd4e213f90090bc7497a341d701e98a6/elements - {"using":"xpath","value":"//button[@data-kt=\"provideButton\"]"}
RESULT: {"using":"xpath","value":"//button[@data-kt=\"provideButton\"]"}
COMMAND: POST /session/cd4e213f90090bc7497a341d701e98a6/elements - {"using":"xpath","value":"//button[@data-kt=\"provideButton\"]"}
RESULT: {"using":"xpath","value":"//button[@data-kt=\"provideButton\"]"}
COMMAND: POST /session/cd4e213f90090bc7497a341d701e98a6/elements - {"using":"xpath","value":"//button[@data-kt=\"provideButton\"]"}
RESULT: {"using":"xpath","value":"//button[@data-kt=\"provideButton\"]"}
COMMAND: POST /session/cd4e213f90090bc7497a341d701e98a6/elements - {"using":"xpath","value":"//button[@data-kt=\"provideButton\"]"}
RESULT: {"using":"xpath","value":"//button[@data-kt=\"provideButton\"]"}
COMMAND: POST /session/cd4e213f90090bc7497a341d701e98a6/elements - {"using":"xpath","value":"//button[@data-kt=\"provideButton\"]"}
RESULT: {"using":"xpath","value":"//button[@data-kt=\"provideButton\"]"}
COMMAND: POST /session/cd4e213f90090bc7497a341d701e98a6/elements - {"using":"xpath","value":"//button[@data-kt=\"provideButton\"]"}
RESULT: {"using":"xpath","value":"//button[@data-kt=\"provideButton\"]"}
COMMAND: POST /session/cd4e213f90090bc7497a341d701e98a6/elements - {"using":"xpath","value":"//button[@data-kt=\"provideButton\"]"}
RESULT: {"using":"xpath","value":"//button[@data-kt=\"provideButton\"]"}
COMMAND: POST /session/cd4e213f90090bc7497a341d701e98a6/elements - {"using":"xpath","value":"//button[@data-kt=\"provideButton\"]"}
RESULT: {"using":"xpath","value":"//button[@data-kt=\"provideButton\"]"}
COMMAND: POST /session/cd4e213f90090bc7497a341d701e98a6/elements - {"using":"xpath","value":"//button[@data-kt=\"provideButton\"]"}
RESULT: {"using":"xpath","value":"//button[@data-kt=\"provideButton\"]"}
COMMAND: POST /session/cd4e213f90090bc7497a341d701e98a6/elements - {"using":"xpath","value":"//button[@data-kt=\"provideButton\"]"}
RESULT: {"using":"xpath","value":"//button[@data-kt=\"provideButton\"]"}
COMMAND: POST /session/cd4e213f90090bc7497a341d701e98a6/elements - {"using":"xpath","value":"//button[@data-kt=\"provideButton\"]"}
RESULT: {"using":"xpath","value":"//button[@data-kt=\"provideButton\"]"}
COMMAND: POST /session/cd4e213f90090bc7497a341d701e98a6/elements - {"using":"xpath","value":"//button[@data-kt=\"provideButton\"]"}
RESULT: {"using":"xpath","value":"//button[@data-kt=\"provideButton\"]"}
COMMAND: POST /session/cd4e213f90090bc7497a341d701e98a6/elements - {"using":"xpath","value":"//button[@data-kt=\"provideButton\"]"}
RESULT: {"using":"xpath","value":"//button[@data-kt=\"provideButton\"]"}
COMMAND: POST /session/cd4e213f90090bc7497a341d701e98a6/elements - {"using":"xpath","value":"//button[@data-kt=\"provideButton\"]"}
RESULT: {"using":"xpath","value":"//button[@data-kt=\"provideButton\"]"}
COMMAND: POST /session/cd4e213f90090bc7497a341d701e98a6/elements - {"using":"xpath","value":"//button[@data-kt=\"provideButton\"]"}
RESULT: {"using":"xpath","value":"//button[@data-kt=\"provideButton\"]"}
COMMAND: POST /session/cd4e213f90090bc7497a341d701e98a6/elements - {"using":"xpath","value":"//button[@data-kt=\"provideButton\"]"}
RESULT: {"using":"xpath","value":"//button[@data-kt=\"provideButton\"]"}
COMMAND: POST /session/cd4e213f90090bc7497a341d701e98a6/elements - {"using":"xpath","value":"//button[@data-kt=\"provideButton\"]"}
RESULT: {"using":"xpath","value":"//button[@data-kt=\"provideButton\"]"}
COMMAND: POST /session/cd4e213f90090bc7497a341d701e98a6/elements - {"using":"xpath","value":"//button[@data-kt=\"provideButton\"]"}
RESULT: {"using":"xpath","value":"//button[@data-kt=\"provideButton\"]"}
COMMAND: POST /session/cd4e213f90090bc7497a341d701e98a6/elements - {"using":"xpath","value":"//button[@data-kt=\"provideButton\"]"}
RESULT: {"using":"xpath","value":"//button[@data-kt=\"provideButton\"]"}
COMMAND: POST /session/cd4e213f90090bc7497a341d701e98a6/elements - {"using":"xpath","value":"//button[@data-kt=\"provideButton\"]"}
RESULT: {"using":"xpath","value":"//button[@data-kt=\"provideButton\"]"}
COMMAND: POST /session/cd4e213f90090bc7497a341d701e98a6/elements - {"using":"xpath","value":"//button[@data-kt=\"provideButton\"]"}
RESULT: {"using":"xpath","value":"//button[@data-kt=\"provideButton\"]"}
COMMAND: POST /session/cd4e213f90090bc7497a341d701e98a6/elements - {"using":"xpath","value":"//button[@data-kt=\"provideButton\"]"}
RESULT: {"using":"xpath","value":"//button[@data-kt=\"provideButton\"]"}
COMMAND: POST /session/cd4e213f90090bc7497a341d701e98a6/elements - {"using":"xpath","value":"//button[@data-kt=\"provideButton\"]"}
RESULT: {"using":"xpath","value":"//button[@data-kt=\"provideButton\"]"}
COMMAND: POST /session/cd4e213f90090bc7497a341d701e98a6/elements - {"using":"xpath","value":"//button[@data-kt=\"provideButton\"]"}
RESULT: {"using":"xpath","value":"//button[@data-kt=\"provideButton\"]"}
COMMAND: POST /session/cd4e213f90090bc7497a341d701e98a6/elements - {"using":"xpath","value":"//button[@data-kt=\"provideButton\"]"}
RESULT: {"using":"xpath","value":"//button[@data-kt=\"provideButton\"]"}
COMMAND: POST /session/cd4e213f90090bc7497a341d701e98a6/elements - {"using":"xpath","value":"//button[@data-kt=\"provideButton\"]"}
RESULT: {"using":"xpath","value":"//button[@data-kt=\"provideButton\"]"}
COMMAND: POST /session/cd4e213f90090bc7497a341d701e98a6/elements - {"using":"xpath","value":"//button[@data-kt=\"provideButton\"]"}
RESULT: {"using":"xpath","value":"//button[@data-kt=\"provideButton\"]"}
COMMAND: POST /session/cd4e213f90090bc7497a341d701e98a6/elements - {"using":"xpath","value":"//button[@data-kt=\"provideButton\"]"}
RESULT: {"using":"xpath","value":"//button[@data-kt=\"provideButton\"]"}
COMMAND: POST /session/cd4e213f90090bc7497a341d701e98a6/elements - {"using":"xpath","value":"//button[@data-kt=\"provideButton\"]"}
RESULT: {"using":"xpath","value":"//button[@data-kt=\"provideButton\"]"}
COMMAND: POST /session/cd4e213f90090bc7497a341d701e98a6/elements - {"using":"xpath","value":"//button[@data-kt=\"provideButton\"]"}
RESULT: {"using":"xpath","value":"//button[@data-kt=\"provideButton\"]"}
COMMAND: POST /session/cd4e213f90090bc7497a341d701e98a6/elements - {"using":"xpath","value":"//button[@data-kt=\"provideButton\"]"}
RESULT: {"using":"xpath","value":"//button[@data-kt=\"provideButton\"]"}
COMMAND: POST /session/cd4e213f90090bc7497a341d701e98a6/elements - {"using":"xpath","value":"//button[@data-kt=\"provideButton\"]"}
RESULT: {"using":"xpath","value":"//button[@data-kt=\"provideButton\"]"}
COMMAND: POST /session/cd4e213f90090bc7497a341d701e98a6/elements - {"using":"xpath","value":"//button[@data-kt=\"provideButton\"]"}
RESULT: {"using":"xpath","value":"//button[@data-kt=\"provideButton\"]"}
COMMAND: POST /session/cd4e213f90090bc7497a341d701e98a6/elements - {"using":"xpath","value":"//button[@data-kt=\"provideButton\"]"}
RESULT: {"using":"xpath","value":"//button[@data-kt=\"provideButton\"]"}
COMMAND: POST /session/cd4e213f90090bc7497a341d701e98a6/elements - {"using":"xpath","value":"//button[@data-kt=\"provideButton\"]"}
RESULT: {"using":"xpath","value":"//button[@data-kt=\"provideButton\"]"}
COMMAND: POST /session/cd4e213f90090bc7497a341d701e98a6/elements - {"using":"xpath","value":"//button[@data-kt=\"provideButton\"]"}
RESULT: {"using":"xpath","value":"//button[@data-kt=\"provideButton\"]"}
COMMAND: POST /session/cd4e213f90090bc7497a341d701e98a6/elements - {"using":"xpath","value":"//button[@data-kt=\"provideButton\"]"}
RESULT: {"using":"xpath","value":"//button[@data-kt=\"provideButton\"]"}
COMMAND: POST /session/cd4e213f90090bc7497a341d701e98a6/elements - {"using":"xpath","value":"//button[@data-kt=\"provideButton\"]"}
RESULT: {"using":"xpath","value":"//button[@data-kt=\"provideButton\"]"}
COMMAND: POST /session/cd4e213f90090bc7497a341d701e98a6/elements - {"using":"xpath","value":"//button[@data-kt=\"provideButton\"]"}
RESULT: {"using":"xpath","value":"//button[@data-kt=\"provideButton\"]"}
COMMAND: POST /session/cd4e213f90090bc7497a341d701e98a6/elements - {"using":"xpath","value":"//button[@data-kt=\"provideButton\"]"}
RESULT: {"using":"xpath","value":"//button[@data-kt=\"provideButton\"]"}
COMMAND: POST /session/cd4e213f90090bc7497a341d701e98a6/elements - {"using":"xpath","value":"//button[@data-kt=\"provideButton\"]"}
RESULT: {"using":"xpath","value":"//button[@data-kt=\"provideButton\"]"}
COMMAND: POST /session/cd4e213f90090bc7497a341d701e98a6/elements - {"using":"xpath","value":"//button[@data-kt=\"provideButton\"]"}
RESULT: {"using":"xpath","value":"//button[@data-kt=\"provideButton\"]"}
COMMAND: POST /session/cd4e213f90090bc7497a341d701e98a6/elements - {"using":"xpath","value":"//button[@data-kt=\"provideButton\"]"}
RESULT: {"using":"xpath","value":"//button[@data-kt=\"provideButton\"]"}
COMMAND: POST /session/cd4e213f90090bc7497a341d701e98a6/elements - {"using":"xpath","value":"//button[@data-kt=\"provideButton\"]"}
RESULT: {"using":"xpath","value":"//button[@data-kt=\"provideButton\"]"}
COMMAND: POST /session/cd4e213f90090bc7497a341d701e98a6/elements - {"using":"xpath","value":"//button[@data-kt=\"provideButton\"]"}
RESULT: {"using":"xpath","value":"//button[@data-kt=\"provideButton\"]"}
COMMAND: POST /session/cd4e213f90090bc7497a341d701e98a6/elements - {"using":"xpath","value":"//button[@data-kt=\"provideButton\"]"}
RESULT: {"using":"xpath","value":"//button[@data-kt=\"provideButton\"]"}
COMMAND: POST /session/cd4e213f90090bc7497a341d701e98a6/elements - {"using":"xpath","value":"//button[@data-kt=\"provideButton\"]"}
RESULT: {"using":"xpath","value":"//button[@data-kt=\"provideButton\"]"}
COMMAND: POST /session/cd4e213f90090bc7497a341d701e98a6/elements - {"using":"xpath","value":"//button[@data-kt=\"provideButton\"]"}
RESULT: {"using":"xpath","value":"//button[@data-kt=\"provideButton\"]"}
COMMAND: POST /session/cd4e213f90090bc7497a341d701e98a6/elements - {"using":"xpath","value":"//button[@data-kt=\"provideButton\"]"}
RESULT: {"using":"xpath","value":"//button[@data-kt=\"provideButton\"]"}
COMMAND: POST /session/cd4e213f90090bc7497a341d701e98a6/elements - {"using":"xpath","value":"//button[@data-kt=\"provideButton\"]"}
RESULT: {"using":"xpath","value":"//button[@data-kt=\"provideButton\"]"}
COMMAND: POST /session/cd4e213f90090bc7497a341d701e98a6/elements - {"using":"xpath","value":"//button[@data-kt=\"provideButton\"]"}
RESULT: {"using":"xpath","value":"//button[@data-kt=\"provideButton\"]"}
COMMAND: POST /session/cd4e213f90090bc7497a341d701e98a6/elements - {"using":"xpath","value":"//button[@data-kt=\"provideButton\"]"}
RESULT: {"using":"xpath","value":"//button[@data-kt=\"provideButton\"]"}
COMMAND: GET /session/cd4e213f90090bc7497a341d701e98a6/screenshot - {}
RESULT: {}
COMMAND: GET /session/cd4e213f90090bc7497a341d701e98a6/screenshot - {}
]]></system-out>
      <system-err><![CDATA[
Error: Can't call click on element with selector "//button[@data-kt="provideButton"]" because element wasn't found
    at async Context.<anonymous> (D:\a\1\s\test\specs\HTR\provide-to-site-wo-warehouse-w-clarification.spec.js:68:9)
]]></system-err>
    </testcase>
    <testcase classname="chrome.136_0_7103_93.windows.Provide_to_Site_w/o_warehouse_management_w_clarification" name="Should Test for Handover Execution" time="13.654">
      <system-out><![CDATA[
COMMAND: POST /session/cd4e213f90090bc7497a341d701e98a6/element - {"using":"xpath","value":"(//span[contains(@id, \"imgNav\")])[1]"}
RESULT: {}
RESULT: {"using":"xpath","value":"(//span[contains(@id, \"imgNav\")])[1]"}
COMMAND: POST /session/cd4e213f90090bc7497a341d701e98a6/element/f.3EFE59E47BCAC700A535F57DF4769BD4.d.2DFD5959AEF6D908FE31427E82DCDB5B.e.9797/click - {}
RESULT: {}
COMMAND: GET /session/cd4e213f90090bc7497a341d701e98a6/screenshot - {}
RESULT: {}
COMMAND: POST /session/cd4e213f90090bc7497a341d701e98a6/element - {"using":"css selector","value":"#shell-header-logo"}
RESULT: {"using":"css selector","value":"#shell-header-logo"}
COMMAND: POST /session/cd4e213f90090bc7497a341d701e98a6/element/f.3EFE59E47BCAC700A535F57DF4769BD4.d.2DFD5959AEF6D908FE31427E82DCDB5B.e.9739/click - {}
RESULT: {}
COMMAND: GET /session/cd4e213f90090bc7497a341d701e98a6/screenshot - {}
RESULT: {}
]]></system-out>
    </testcase>
    <testcase classname="chrome.136_0_7103_93.windows.Provide_to_Site_w/o_warehouse_management_w_clarification" name="Should test for Clarification" time="0.005">
      <system-out><![CDATA[
COMMAND: POST /session/cd4e213f90090bc7497a341d701e98a6/element - {"using":"css selector","value":"#j_username"}
COMMAND: POST /session/cd4e213f90090bc7497a341d701e98a6/url - {"url":"https://qa-testing-00-live-etm-ui.cfapps.eu10-004.hana.ondemand.com/"}
COMMAND: GET /session/cd4e213f90090bc7497a341d701e98a6/screenshot - {}
RESULT: {"using":"css selector","value":"#j_username"}
COMMAND: POST /session/cd4e213f90090bc7497a341d701e98a6/element - {"using":"css selector","value":"#j_username"}
RESULT: {"url":"https://qa-testing-00-live-etm-ui.cfapps.eu10-004.hana.ondemand.com/"}
RESULT: undefined
COMMAND: GET /session/cd4e213f90090bc7497a341d701e98a6/screenshot - {}
RESULT: {}
RESULT: {"using":"css selector","value":"#j_username"}
COMMAND: POST /session/cd4e213f90090bc7497a341d701e98a6/element - {"using":"css selector","value":"#shell-header-logo"}
RESULT: {}
RESULT: {"using":"css selector","value":"#shell-header-logo"}
COMMAND: POST /session/cd4e213f90090bc7497a341d701e98a6/execute/sync - {"script":"<script> [8489 bytes]","args":[{"element-6066-11e4-a52e-4f735466cecf":"f.3EFE59E47BCAC700A535F57DF4769BD4.d.7BD39FEDC192214E082081BF1923EA87.e.10350","ELEMENT":"f.3EFE59E47BCAC700A535F57DF4769BD4.d.7BD39FEDC192214E082081BF1923EA87.e.10350"}]}
RESULT: {"script":"<script> [8489 bytes]","args":[{"element-6066-11e4-a52e-4f735466cecf":"f.3EFE59E47BCAC700A535F57DF4769BD4.d.7BD39FEDC192214E082081BF1923EA87.e.10350","ELEMENT":"f.3EFE59E47BCAC700A535F57DF4769BD4.d.7BD39FEDC192214E082081BF1923EA87.e.10350"}]}
COMMAND: POST /session/cd4e213f90090bc7497a341d701e98a6/element - {"using":"css selector","value":"#shell-header-logo"}
COMMAND: GET /session/cd4e213f90090bc7497a341d701e98a6/screenshot - {}
RESULT: {"using":"css selector","value":"#shell-header-logo"}
COMMAND: POST /session/cd4e213f90090bc7497a341d701e98a6/execute/sync - {"script":"<script> [8489 bytes]","args":[{"element-6066-11e4-a52e-4f735466cecf":"f.3EFE59E47BCAC700A535F57DF4769BD4.d.7BD39FEDC192214E082081BF1923EA87.e.10350","ELEMENT":"f.3EFE59E47BCAC700A535F57DF4769BD4.d.7BD39FEDC192214E082081BF1923EA87.e.10350"}]}
RESULT: {}
RESULT: {"script":"<script> [8489 bytes]","args":[{"element-6066-11e4-a52e-4f735466cecf":"f.3EFE59E47BCAC700A535F57DF4769BD4.d.7BD39FEDC192214E082081BF1923EA87.e.10350","ELEMENT":"f.3EFE59E47BCAC700A535F57DF4769BD4.d.7BD39FEDC192214E082081BF1923EA87.e.10350"}]}
COMMAND: POST /session/cd4e213f90090bc7497a341d701e98a6/execute/sync - {"script":"<script> [5351 bytes]","args":[{"element-6066-11e4-a52e-4f735466cecf":"f.3EFE59E47BCAC700A535F57DF4769BD4.d.7BD39FEDC192214E082081BF1923EA87.e.10350","ELEMENT":"f.3EFE59E47BCAC700A535F57DF4769BD4.d.7BD39FEDC192214E082081BF1923EA87.e.10350"}]}
COMMAND: GET /session/cd4e213f90090bc7497a341d701e98a6/screenshot - {}
RESULT: {"script":"<script> [5351 bytes]","args":[{"element-6066-11e4-a52e-4f735466cecf":"f.3EFE59E47BCAC700A535F57DF4769BD4.d.7BD39FEDC192214E082081BF1923EA87.e.10350","ELEMENT":"f.3EFE59E47BCAC700A535F57DF4769BD4.d.7BD39FEDC192214E082081BF1923EA87.e.10350"}]}
COMMAND: POST /session/cd4e213f90090bc7497a341d701e98a6/element - {"using":"css selector","value":"#shell-header-logo"}
COMMAND: GET /session/cd4e213f90090bc7497a341d701e98a6/screenshot - {}
RESULT: {}
RESULT: {"using":"css selector","value":"#shell-header-logo"}
COMMAND: POST /session/cd4e213f90090bc7497a341d701e98a6/element/f.3EFE59E47BCAC700A535F57DF4769BD4.d.7BD39FEDC192214E082081BF1923EA87.e.10350/click - {}
RESULT: {}
RESULT: {}
COMMAND: GET /session/cd4e213f90090bc7497a341d701e98a6/screenshot - {}
RESULT: {}
COMMAND: POST /session/cd4e213f90090bc7497a341d701e98a6/execute/async - {"script":"<script> [189 bytes]","args":[]}
RESULT: {"script":"<script> [189 bytes]","args":[]}
COMMAND: POST /session/cd4e213f90090bc7497a341d701e98a6/execute/async - {"script":"<script> [123 bytes]","args":[]}
RESULT: {"script":"<script> [123 bytes]","args":[]}
COMMAND: POST /session/cd4e213f90090bc7497a341d701e98a6/timeouts - {"script":"<number>"}
RESULT: {"script":"<number>"}
COMMAND: GET /session/cd4e213f90090bc7497a341d701e98a6/timeouts - {}
RESULT: {}
RESULT: undefined
COMMAND: POST /session/cd4e213f90090bc7497a341d701e98a6/execute/async - {"script":"<script> [2676 bytes]","args":[]}
RESULT: {"script":"<script> [2676 bytes]","args":[]}
COMMAND: POST /session/cd4e213f90090bc7497a341d701e98a6/execute/async - {"script":"<script> [2342 bytes]","args":[{"protocol":"http","hostname":"0.0.0.0","path":"/","capabilities":{"browserName":"chrome","goog:chromeOptions":{"binary":"C:\\Program Files\\Google\\Chrome\\Application\\chrome.exe","args":["--start-maximized"]}},"logLevel":"warn","connectionRetryTimeout":120000,"connectionRetryCount":3,"logLevels":{},"enableDirectConnect":true,"strictSSL":true,"_":"65 more keys: [\"cacheDir\",\"port\",\"requestedCapabilities\",\"automationProtocol\",\"baseUrl\",\"waitforInterval\",\"waitforTimeout\",\"onReload\",\"beforeCommand\",\"afterCommand\",\"rootDir\",\"specs\",\"suites\",\"exclude\",\"groupLogsByTestSpec\",\"excludeDriverLogs\",\"bail\",\"framework\",\"reporters\",\"services\",\"maxInstances\",\"maxInstancesPerCapability\",\"injectGlobals\",\"filesToWatch\",\"execArgv\",\"runnerEnv\",\"runner\",\"shard\",\"specFileRetries\",\"specFileRetriesDelay\",\"specFileRetriesDeferred\",\"reporterSyncInterval\",\"reporterSyncTimeout\",\"cucumberFeaturesWithLineNumbers\",\"autoCompileOpts\",\"mochaOpts\",\"jasmineOpts\",\"cucumberOpts\",\"onPrepare\",\"onWorkerStart\",\"onWorkerEnd\",\"before\",\"beforeSession\",\"beforeSuite\",\"beforeHook\",\"beforeTest\",\"afterTest\",\"afterHook\",\"afterSuite\",\"afterSession\",\"after\",\"onComplete\",\"beforeAssertion\",\"afterAssertion\",\"beforeFeature\",\"beforeScenario\",\"beforeStep\",\"afterStep\",\"afterScenario\",\"afterFeature\",\"_\",\"suite\",\"$0\",\"ignoredWorkerServices\",\"wdi5\"]"}]}
RESULT: {"script":"<script> [2342 bytes]","args":[{"protocol":"http","hostname":"0.0.0.0","path":"/","capabilities":{"browserName":"chrome","goog:chromeOptions":{"binary":"C:\\Program Files\\Google\\Chrome\\Application\\chrome.exe","args":["--start-maximized"]}},"logLevel":"warn","connectionRetryTimeout":120000,"connectionRetryCount":3,"logLevels":{},"enableDirectConnect":true,"strictSSL":true,"_":"65 more keys: [\"cacheDir\",\"port\",\"requestedCapabilities\",\"automationProtocol\",\"baseUrl\",\"waitforInterval\",\"waitforTimeout\",\"onReload\",\"beforeCommand\",\"afterCommand\",\"rootDir\",\"specs\",\"suites\",\"exclude\",\"groupLogsByTestSpec\",\"excludeDriverLogs\",\"bail\",\"framework\",\"reporters\",\"services\",\"maxInstances\",\"maxInstancesPerCapability\",\"injectGlobals\",\"filesToWatch\",\"execArgv\",\"runnerEnv\",\"runner\",\"shard\",\"specFileRetries\",\"specFileRetriesDelay\",\"specFileRetriesDeferred\",\"reporterSyncInterval\",\"reporterSyncTimeout\",\"cucumberFeaturesWithLineNumbers\",\"autoCompileOpts\",\"mochaOpts\",\"jasmineOpts\",\"cucumberOpts\",\"onPrepare\",\"onWorkerStart\",\"onWorkerEnd\",\"before\",\"beforeSession\",\"beforeSuite\",\"beforeHook\",\"beforeTest\",\"afterTest\",\"afterHook\",\"afterSuite\",\"afterSession\",\"after\",\"onComplete\",\"beforeAssertion\",\"afterAssertion\",\"beforeFeature\",\"beforeScenario\",\"beforeStep\",\"afterStep\",\"afterScenario\",\"afterFeature\",\"_\",\"suite\",\"$0\",\"ignoredWorkerServices\",\"wdi5\"]"}]}
COMMAND: POST /session/cd4e213f90090bc7497a341d701e98a6/execute/async - {"script":"<script> [21126 bytes]","args":[35000]}
RESULT: {"script":"<script> [21126 bytes]","args":[35000]}
COMMAND: POST /session/cd4e213f90090bc7497a341d701e98a6/window/maximize - {}
RESULT: {}
COMMAND: POST /session/cd4e213f90090bc7497a341d701e98a6/execute/async - {"script":"<script> [1562 bytes]","args":[{"selector":{"id":"shell-header","interaction":{"idSuffix":"icon"}},"wdio_ui5_key":"shellheader"}]}
COMMAND: GET /session/cd4e213f90090bc7497a341d701e98a6/screenshot - {}
RESULT: {"script":"<script> [1562 bytes]","args":[{"selector":{"id":"shell-header","interaction":{"idSuffix":"icon"}},"wdio_ui5_key":"shellheader"}]}
RESULT: undefined
COMMAND: POST /session/cd4e213f90090bc7497a341d701e98a6/window/fullscreen - {}
RESULT: {}
RESULT: {}
]]></system-out>
    </testcase>
  </testsuite>
  <testsuite timestamp="2025-05-22T17:04:20" time="152.937" tests="4" failures="0" errors="0" skipped="0">
    <properties>
      <property name="specId" value="0"/>
      <property name="suiteName" value="Provide to Site w/o warehouse management w/o clarification US116612"/>
      <property name="capabilities" value="chrome.136_0_7103_93.windows"/>
      <property name="file" value="file:///D:/a/1/s/test/specs/HTR/provide-to-site-wo-warehouse-wo-clarification.spec.js"/>
    </properties>
    <testcase classname="chrome.136_0_7103_93.windows.Provide_to_Site_w/o_warehouse_management_w/o_clarification_US116612" name="Should create a new yard" time="0.011">
      <system-out><![CDATA[
COMMAND: POST /session/cd4e213f90090bc7497a341d701e98a6/window/fullscreen - {}
RESULT: {}
]]></system-out>
    </testcase>
    <testcase classname="chrome.136_0_7103_93.windows.Provide_to_Site_w/o_warehouse_management_w/o_clarification_US116612" name="Should create a new external partner" time="0.003"/>
    <testcase classname="chrome.136_0_7103_93.windows.Provide_to_Site_w/o_warehouse_management_w/o_clarification_US116612" name="Should create a new site" time="0.006"/>
    <testcase classname="chrome.136_0_7103_93.windows.Provide_to_Site_w/o_warehouse_management_w/o_clarification_US116612" name="Should create a new material" time="133.662">
      <system-out><![CDATA[
COMMAND: POST /session/cd4e213f90090bc7497a341d701e98a6/execute/async - {"script":"<script> [1562 bytes]","args":[{"selector":{"controlType":"sap.m.GenericTile","properties":{"header":"Manage Resources"}},"wdio_ui5_key":"sapm.GenericTile{\"header\":\"Manage Resources\"}"}]}
RESULT: {"script":"<script> [1562 bytes]","args":[{"selector":{"controlType":"sap.m.GenericTile","properties":{"header":"Manage Resources"}},"wdio_ui5_key":"sapm.GenericTile{\"header\":\"Manage Resources\"}"}]}
RESULT: undefined
COMMAND: POST /session/cd4e213f90090bc7497a341d701e98a6/element - {"using":"xpath","value":"//*[@id=\"__tile31\"]"}
RESULT: {"using":"xpath","value":"//*[@id=\"__tile31\"]"}
COMMAND: POST /session/cd4e213f90090bc7497a341d701e98a6/element/f.3EFE59E47BCAC700A535F57DF4769BD4.d.7BD39FEDC192214E082081BF1923EA87.e.10369/click - {}
RESULT: {}
COMMAND: GET /session/cd4e213f90090bc7497a341d701e98a6/screenshot - {}
COMMAND: POST /session/cd4e213f90090bc7497a341d701e98a6/elements - {"using":"xpath","value":"//span[text()='Error']"}
RESULT: {}
RESULT: {"using":"xpath","value":"//span[text()='Error']"}
COMMAND: POST /session/cd4e213f90090bc7497a341d701e98a6/element - {"using":"xpath","value":"//button[@data-kt=\"addNewRUOverflowToolbarButton\"]"}
RESULT: {"using":"xpath","value":"//button[@data-kt=\"addNewRUOverflowToolbarButton\"]"}
COMMAND: POST /session/cd4e213f90090bc7497a341d701e98a6/elements - {"using":"xpath","value":"//button[@data-kt=\"addNewRUOverflowToolbarButton\"]"}
RESULT: {"using":"xpath","value":"//button[@data-kt=\"addNewRUOverflowToolbarButton\"]"}
COMMAND: POST /session/cd4e213f90090bc7497a341d701e98a6/execute/sync - {"script":"<script> [8489 bytes]","args":[{"element-6066-11e4-a52e-4f735466cecf":"f.3EFE59E47BCAC700A535F57DF4769BD4.d.7BD39FEDC192214E082081BF1923EA87.e.10500","ELEMENT":"f.3EFE59E47BCAC700A535F57DF4769BD4.d.7BD39FEDC192214E082081BF1923EA87.e.10500"}]}
RESULT: {"script":"<script> [8489 bytes]","args":[{"element-6066-11e4-a52e-4f735466cecf":"f.3EFE59E47BCAC700A535F57DF4769BD4.d.7BD39FEDC192214E082081BF1923EA87.e.10500","ELEMENT":"f.3EFE59E47BCAC700A535F57DF4769BD4.d.7BD39FEDC192214E082081BF1923EA87.e.10500"}]}
COMMAND: GET /session/cd4e213f90090bc7497a341d701e98a6/element/f.3EFE59E47BCAC700A535F57DF4769BD4.d.7BD39FEDC192214E082081BF1923EA87.e.10500/enabled - {}
COMMAND: GET /session/cd4e213f90090bc7497a341d701e98a6/screenshot - {}
RESULT: {}
COMMAND: POST /session/cd4e213f90090bc7497a341d701e98a6/execute/sync - {"script":"<script> [8489 bytes]","args":[{"element-6066-11e4-a52e-4f735466cecf":"f.3EFE59E47BCAC700A535F57DF4769BD4.d.7BD39FEDC192214E082081BF1923EA87.e.10500","ELEMENT":"f.3EFE59E47BCAC700A535F57DF4769BD4.d.7BD39FEDC192214E082081BF1923EA87.e.10500"}]}
COMMAND: GET /session/cd4e213f90090bc7497a341d701e98a6/screenshot - {}
RESULT: {}
RESULT: {"script":"<script> [8489 bytes]","args":[{"element-6066-11e4-a52e-4f735466cecf":"f.3EFE59E47BCAC700A535F57DF4769BD4.d.7BD39FEDC192214E082081BF1923EA87.e.10500","ELEMENT":"f.3EFE59E47BCAC700A535F57DF4769BD4.d.7BD39FEDC192214E082081BF1923EA87.e.10500"}]}
COMMAND: POST /session/cd4e213f90090bc7497a341d701e98a6/execute/sync - {"script":"<script> [5351 bytes]","args":[{"element-6066-11e4-a52e-4f735466cecf":"f.3EFE59E47BCAC700A535F57DF4769BD4.d.7BD39FEDC192214E082081BF1923EA87.e.10500","ELEMENT":"f.3EFE59E47BCAC700A535F57DF4769BD4.d.7BD39FEDC192214E082081BF1923EA87.e.10500"}]}
COMMAND: GET /session/cd4e213f90090bc7497a341d701e98a6/screenshot - {}
RESULT: {}
RESULT: {"script":"<script> [5351 bytes]","args":[{"element-6066-11e4-a52e-4f735466cecf":"f.3EFE59E47BCAC700A535F57DF4769BD4.d.7BD39FEDC192214E082081BF1923EA87.e.10500","ELEMENT":"f.3EFE59E47BCAC700A535F57DF4769BD4.d.7BD39FEDC192214E082081BF1923EA87.e.10500"}]}
COMMAND: POST /session/cd4e213f90090bc7497a341d701e98a6/element/f.3EFE59E47BCAC700A535F57DF4769BD4.d.7BD39FEDC192214E082081BF1923EA87.e.10500/click - {}
COMMAND: GET /session/cd4e213f90090bc7497a341d701e98a6/screenshot - {}
RESULT: {}
RESULT: {}
COMMAND: GET /session/cd4e213f90090bc7497a341d701e98a6/screenshot - {}
RESULT: {}
RESULT: {}
COMMAND: POST /session/cd4e213f90090bc7497a341d701e98a6/execute/async - {"script":"<script> [1562 bytes]","args":[{"selector":{"id":"application-manageresources-display-component---newResourceUnit--TYPE-arrow"},"wdio_ui5_key":"applicationmanageresources-display-component---newResourceUnit--TYPE-arrow"}]}
RESULT: {"script":"<script> [1562 bytes]","args":[{"selector":{"id":"application-manageresources-display-component---newResourceUnit--TYPE-arrow"},"wdio_ui5_key":"applicationmanageresources-display-component---newResourceUnit--TYPE-arrow"}]}
RESULT: undefined
COMMAND: POST /session/cd4e213f90090bc7497a341d701e98a6/element - {"using":"xpath","value":"//*[@id=\"application-manageresources-display-component---newResourceUnit--TYPE-arrow\"]"}
RESULT: {"using":"xpath","value":"//*[@id=\"application-manageresources-display-component---newResourceUnit--TYPE-arrow\"]"}
COMMAND: POST /session/cd4e213f90090bc7497a341d701e98a6/element/f.3EFE59E47BCAC700A535F57DF4769BD4.d.7BD39FEDC192214E082081BF1923EA87.e.10857/click - {}
RESULT: {}
COMMAND: POST /session/cd4e213f90090bc7497a341d701e98a6/element - {"using":"xpath","value":"//input[@id=\"application-manageresources-display-component---newResourceUnit--TYPE-inner\"]"}
COMMAND: GET /session/cd4e213f90090bc7497a341d701e98a6/screenshot - {}
RESULT: {"using":"xpath","value":"//input[@id=\"application-manageresources-display-component---newResourceUnit--TYPE-inner\"]"}
COMMAND: POST /session/cd4e213f90090bc7497a341d701e98a6/element/f.3EFE59E47BCAC700A535F57DF4769BD4.d.7BD39FEDC192214E082081BF1923EA87.e.10852/clear - {}
RESULT: {}
RESULT: {}
COMMAND: POST /session/cd4e213f90090bc7497a341d701e98a6/element/f.3EFE59E47BCAC700A535F57DF4769BD4.d.7BD39FEDC192214E082081BF1923EA87.e.10852/value - {"text":"Material"}
COMMAND: GET /session/cd4e213f90090bc7497a341d701e98a6/screenshot - {}
RESULT: {"text":"Material"}
COMMAND: GET /session/cd4e213f90090bc7497a341d701e98a6/screenshot - {}
RESULT: {}
RESULT: {}
COMMAND: POST /session/cd4e213f90090bc7497a341d701e98a6/actions - {"actions":[{"id":"action38","type":"key","parameters":{},"actions":[{"type":"keyDown","value":""},{"type":"pause","duration":10},{"type":"keyUp","value":""}]}]}
RESULT: {"actions":[{"id":"action38","type":"key","parameters":{},"actions":[{"type":"keyDown","value":""},{"type":"pause","duration":10},{"type":"keyUp","value":""}]}]}
COMMAND: POST /session/cd4e213f90090bc7497a341d701e98a6/execute/async - {"script":"<script> [1562 bytes]","args":[{"selector":{"id":"application-manageresources-display-component---newResourceUnit--SHORT_TEXT","interaction":{"idSuffix":"inner"}},"wdio_ui5_key":"applicationmanageresources-display-component---newResourceUnit--SHORT_TEXT"}]}
COMMAND: GET /session/cd4e213f90090bc7497a341d701e98a6/screenshot - {}
RESULT: {"script":"<script> [1562 bytes]","args":[{"selector":{"id":"application-manageresources-display-component---newResourceUnit--SHORT_TEXT","interaction":{"idSuffix":"inner"}},"wdio_ui5_key":"applicationmanageresources-display-component---newResourceUnit--SHORT_TEXT"}]}
RESULT: undefined
COMMAND: POST /session/cd4e213f90090bc7497a341d701e98a6/execute/async - {"script":"<script> [776 bytes]","args":[{"enterText":"Cement WDIO","selector":{"id":"application-manageresources-display-component---newResourceUnit--SHORT_TEXT","interaction":{"idSuffix":"inner"}},"clearTextFirst":true,"interactionType":"ENTER_TEXT"}]}
RESULT: {}
RESULT: {"script":"<script> [776 bytes]","args":[{"enterText":"Cement WDIO","selector":{"id":"application-manageresources-display-component---newResourceUnit--SHORT_TEXT","interaction":{"idSuffix":"inner"}},"clearTextFirst":true,"interactionType":"ENTER_TEXT"}]}
COMMAND: POST /session/cd4e213f90090bc7497a341d701e98a6/execute/async - {"script":"<script> [1562 bytes]","args":[{"selector":{"id":"application-manageresources-display-component---newResourceUnit--BASE_UNIT_OF_MEASURE","interaction":{"idSuffix":"inner"}},"wdio_ui5_key":"applicationmanageresources-display-component---newResourceUnit--BASE_UNIT_OF_MEASURE"}]}
RESULT: {"script":"<script> [1562 bytes]","args":[{"selector":{"id":"application-manageresources-display-component---newResourceUnit--BASE_UNIT_OF_MEASURE","interaction":{"idSuffix":"inner"}},"wdio_ui5_key":"applicationmanageresources-display-component---newResourceUnit--BASE_UNIT_OF_MEASURE"}]}
RESULT: undefined
COMMAND: POST /session/cd4e213f90090bc7497a341d701e98a6/execute/async - {"script":"<script> [776 bytes]","args":[{"enterText":"Piece","selector":{"id":"application-manageresources-display-component---newResourceUnit--BASE_UNIT_OF_MEASURE","interaction":{"idSuffix":"inner"}},"clearTextFirst":true,"interactionType":"ENTER_TEXT"}]}
RESULT: {"script":"<script> [776 bytes]","args":[{"enterText":"Piece","selector":{"id":"application-manageresources-display-component---newResourceUnit--BASE_UNIT_OF_MEASURE","interaction":{"idSuffix":"inner"}},"clearTextFirst":true,"interactionType":"ENTER_TEXT"}]}
COMMAND: POST /session/cd4e213f90090bc7497a341d701e98a6/execute/async - {"script":"<script> [1562 bytes]","args":[{"selector":{"id":"application-manageresources-display-component---newResourceUnit--WEIGHT_UNIT","interaction":{"idSuffix":"inner"}},"wdio_ui5_key":"applicationmanageresources-display-component---newResourceUnit--WEIGHT_UNIT"}]}
RESULT: {"script":"<script> [1562 bytes]","args":[{"selector":{"id":"application-manageresources-display-component---newResourceUnit--WEIGHT_UNIT","interaction":{"idSuffix":"inner"}},"wdio_ui5_key":"applicationmanageresources-display-component---newResourceUnit--WEIGHT_UNIT"}]}
RESULT: undefined
COMMAND: POST /session/cd4e213f90090bc7497a341d701e98a6/execute/async - {"script":"<script> [776 bytes]","args":[{"enterText":"Gram","selector":{"id":"application-manageresources-display-component---newResourceUnit--WEIGHT_UNIT","interaction":{"idSuffix":"inner"}},"clearTextFirst":true,"interactionType":"ENTER_TEXT"}]}
RESULT: {"script":"<script> [776 bytes]","args":[{"enterText":"Gram","selector":{"id":"application-manageresources-display-component---newResourceUnit--WEIGHT_UNIT","interaction":{"idSuffix":"inner"}},"clearTextFirst":true,"interactionType":"ENTER_TEXT"}]}
COMMAND: POST /session/cd4e213f90090bc7497a341d701e98a6/execute/async - {"script":"<script> [1562 bytes]","args":[{"selector":{"id":"application-manageresources-display-component---newResourceUnit--DIMENSION_UNIT","interaction":{"idSuffix":"inner"}},"wdio_ui5_key":"applicationmanageresources-display-component---newResourceUnit--DIMENSION_UNIT"}]}
RESULT: {"script":"<script> [1562 bytes]","args":[{"selector":{"id":"application-manageresources-display-component---newResourceUnit--DIMENSION_UNIT","interaction":{"idSuffix":"inner"}},"wdio_ui5_key":"applicationmanageresources-display-component---newResourceUnit--DIMENSION_UNIT"}]}
RESULT: undefined
COMMAND: POST /session/cd4e213f90090bc7497a341d701e98a6/execute/async - {"script":"<script> [776 bytes]","args":[{"enterText":"Meter","selector":{"id":"application-manageresources-display-component---newResourceUnit--DIMENSION_UNIT","interaction":{"idSuffix":"inner"}},"clearTextFirst":true,"interactionType":"ENTER_TEXT"}]}
RESULT: {"script":"<script> [776 bytes]","args":[{"enterText":"Meter","selector":{"id":"application-manageresources-display-component---newResourceUnit--DIMENSION_UNIT","interaction":{"idSuffix":"inner"}},"clearTextFirst":true,"interactionType":"ENTER_TEXT"}]}
COMMAND: POST /session/cd4e213f90090bc7497a341d701e98a6/execute/async - {"script":"<script> [1562 bytes]","args":[{"selector":{"id":"application-manageresources-display-component---newResourceUnit--newRRUPage-anchBar-application-manageresources-display-component---newResourceUnit--control-anchor","interaction":{"idSuffix":"BDI-content"}},"wdio_ui5_key":"applicationmanageresources-display-component---newResourceUnit--newRRUPage-anchBar-application-manageresources-display-component---newResourceUnit--control-anchor"}]}
RESULT: {"script":"<script> [1562 bytes]","args":[{"selector":{"id":"application-manageresources-display-component---newResourceUnit--newRRUPage-anchBar-application-manageresources-display-component---newResourceUnit--control-anchor","interaction":{"idSuffix":"BDI-content"}},"wdio_ui5_key":"applicationmanageresources-display-component---newResourceUnit--newRRUPage-anchBar-application-manageresources-display-component---newResourceUnit--control-anchor"}]}
RESULT: undefined
COMMAND: POST /session/cd4e213f90090bc7497a341d701e98a6/element - {"using":"xpath","value":"//*[@id=\"application-manageresources-display-component---newResourceUnit--newRRUPage-anchBar-application-manageresources-display-component---newResourceUnit--control-anchor\"]"}
RESULT: {"using":"xpath","value":"//*[@id=\"application-manageresources-display-component---newResourceUnit--newRRUPage-anchBar-application-manageresources-display-component---newResourceUnit--control-anchor\"]"}
COMMAND: POST /session/cd4e213f90090bc7497a341d701e98a6/element/f.3EFE59E47BCAC700A535F57DF4769BD4.d.7BD39FEDC192214E082081BF1923EA87.e.10923/click - {}
RESULT: {}
COMMAND: POST /session/cd4e213f90090bc7497a341d701e98a6/execute/async - {"script":"<script> [1562 bytes]","args":[{"selector":{"id":"application-manageresources-display-component---newResourceUnit--PLANNING_GROUP","interaction":{"idSuffix":"inner"}},"wdio_ui5_key":"applicationmanageresources-display-component---newResourceUnit--PLANNING_GROUP"}]}
COMMAND: GET /session/cd4e213f90090bc7497a341d701e98a6/screenshot - {}
RESULT: {"script":"<script> [1562 bytes]","args":[{"selector":{"id":"application-manageresources-display-component---newResourceUnit--PLANNING_GROUP","interaction":{"idSuffix":"inner"}},"wdio_ui5_key":"applicationmanageresources-display-component---newResourceUnit--PLANNING_GROUP"}]}
RESULT: undefined
COMMAND: POST /session/cd4e213f90090bc7497a341d701e98a6/execute/async - {"script":"<script> [776 bytes]","args":[{"enterText":"Material","selector":{"id":"application-manageresources-display-component---newResourceUnit--PLANNING_GROUP","interaction":{"idSuffix":"inner"}},"clearTextFirst":true,"interactionType":"ENTER_TEXT"}]}
RESULT: {}
RESULT: {"script":"<script> [776 bytes]","args":[{"enterText":"Material","selector":{"id":"application-manageresources-display-component---newResourceUnit--PLANNING_GROUP","interaction":{"idSuffix":"inner"}},"clearTextFirst":true,"interactionType":"ENTER_TEXT"}]}
COMMAND: POST /session/cd4e213f90090bc7497a341d701e98a6/execute/async - {"script":"<script> [1562 bytes]","args":[{"selector":{"id":"application-manageresources-display-component---newResourceUnit--PLANNING_INDICATOR","interaction":{"idSuffix":"inner"}},"wdio_ui5_key":"applicationmanageresources-display-component---newResourceUnit--PLANNING_INDICATOR"}]}
RESULT: {"script":"<script> [1562 bytes]","args":[{"selector":{"id":"application-manageresources-display-component---newResourceUnit--PLANNING_INDICATOR","interaction":{"idSuffix":"inner"}},"wdio_ui5_key":"applicationmanageresources-display-component---newResourceUnit--PLANNING_INDICATOR"}]}
RESULT: undefined
COMMAND: POST /session/cd4e213f90090bc7497a341d701e98a6/execute/async - {"script":"<script> [776 bytes]","args":[{"enterText":"10 - infinite","selector":{"id":"application-manageresources-display-component---newResourceUnit--PLANNING_INDICATOR","interaction":{"idSuffix":"inner"}},"clearTextFirst":true,"interactionType":"ENTER_TEXT"}]}
RESULT: {"script":"<script> [776 bytes]","args":[{"enterText":"10 - infinite","selector":{"id":"application-manageresources-display-component---newResourceUnit--PLANNING_INDICATOR","interaction":{"idSuffix":"inner"}},"clearTextFirst":true,"interactionType":"ENTER_TEXT"}]}
COMMAND: POST /session/cd4e213f90090bc7497a341d701e98a6/element - {"using":"css selector","value":"#application-manageresources-display-component---newResourceUnit--btnAddTimeSegment"}
RESULT: {"using":"css selector","value":"#application-manageresources-display-component---newResourceUnit--btnAddTimeSegment"}
COMMAND: GET /session/cd4e213f90090bc7497a341d701e98a6/element/f.3EFE59E47BCAC700A535F57DF4769BD4.d.7BD39FEDC192214E082081BF1923EA87.e.10931/rect - {}
RESULT: {}
COMMAND: GET /session/cd4e213f90090bc7497a341d701e98a6/window/rect - {}
RESULT: {}
COMMAND: POST /session/cd4e213f90090bc7497a341d701e98a6/execute/sync - {"script":"<script> [92 bytes]","args":[]}
RESULT: {"script":"<script> [92 bytes]","args":[]}
COMMAND: POST /session/cd4e213f90090bc7497a341d701e98a6/actions - {"actions":[{"id":"action39","type":"wheel","parameters":{},"actions":[{"type":"scroll","x":-1888,"y":-32,"deltaX":0,"deltaY":0,"duration":0,"origin":{"element-6066-11e4-a52e-4f735466cecf":"f.3EFE59E47BCAC700A535F57DF4769BD4.d.7BD39FEDC192214E082081BF1923EA87.e.10931"}}]}]}
COMMAND: GET /session/cd4e213f90090bc7497a341d701e98a6/screenshot - {}
RESULT: {}
COMMAND: POST /session/cd4e213f90090bc7497a341d701e98a6/execute/sync - {"script":"<script> [79 bytes]","args":[{"element-6066-11e4-a52e-4f735466cecf":"f.3EFE59E47BCAC700A535F57DF4769BD4.d.7BD39FEDC192214E082081BF1923EA87.e.10931","ELEMENT":"f.3EFE59E47BCAC700A535F57DF4769BD4.d.7BD39FEDC192214E082081BF1923EA87.e.10931"},{"block":"start","inline":"nearest"}]}
RESULT: {"script":"<script> [79 bytes]","args":[{"element-6066-11e4-a52e-4f735466cecf":"f.3EFE59E47BCAC700A535F57DF4769BD4.d.7BD39FEDC192214E082081BF1923EA87.e.10931","ELEMENT":"f.3EFE59E47BCAC700A535F57DF4769BD4.d.7BD39FEDC192214E082081BF1923EA87.e.10931"},{"block":"start","inline":"nearest"}]}
COMMAND: POST /session/cd4e213f90090bc7497a341d701e98a6/execute/async - {"script":"<script> [1562 bytes]","args":[{"selector":{"id":"application-manageresources-display-component---newResourceUnit--btnAddTimeSegment","interaction":{"idSuffix":"inner"}},"wdio_ui5_key":"applicationmanageresources-display-component---newResourceUnit--btnAddTimeSegment"}]}
COMMAND: GET /session/cd4e213f90090bc7497a341d701e98a6/screenshot - {}
RESULT: {"script":"<script> [1562 bytes]","args":[{"selector":{"id":"application-manageresources-display-component---newResourceUnit--btnAddTimeSegment","interaction":{"idSuffix":"inner"}},"wdio_ui5_key":"applicationmanageresources-display-component---newResourceUnit--btnAddTimeSegment"}]}
RESULT: undefined
COMMAND: POST /session/cd4e213f90090bc7497a341d701e98a6/element - {"using":"xpath","value":"//*[@id=\"application-manageresources-display-component---newResourceUnit--btnAddTimeSegment\"]"}
RESULT: {}
RESULT: {"using":"xpath","value":"//*[@id=\"application-manageresources-display-component---newResourceUnit--btnAddTimeSegment\"]"}
COMMAND: POST /session/cd4e213f90090bc7497a341d701e98a6/element/f.3EFE59E47BCAC700A535F57DF4769BD4.d.7BD39FEDC192214E082081BF1923EA87.e.10931/click - {}
RESULT: {}
COMMAND: GET /session/cd4e213f90090bc7497a341d701e98a6/screenshot - {}
RESULT: {}
COMMAND: POST /session/cd4e213f90090bc7497a341d701e98a6/element - {"using":"xpath","value":"//input[@id=\"application-manageresources-display-component---newResourceUnit--idRuTSAdmin-application-manageresources-display-component---newResourceUnit--RUTimeSegment-0-inner\"]"}
RESULT: {"using":"xpath","value":"//input[@id=\"application-manageresources-display-component---newResourceUnit--idRuTSAdmin-application-manageresources-display-component---newResourceUnit--RUTimeSegment-0-inner\"]"}
COMMAND: POST /session/cd4e213f90090bc7497a341d701e98a6/element/f.3EFE59E47BCAC700A535F57DF4769BD4.d.7BD39FEDC192214E082081BF1923EA87.e.10936/clear - {}
RESULT: {}
COMMAND: POST /session/cd4e213f90090bc7497a341d701e98a6/element/f.3EFE59E47BCAC700A535F57DF4769BD4.d.7BD39FEDC192214E082081BF1923EA87.e.10936/value - {"text":"676"}
COMMAND: GET /session/cd4e213f90090bc7497a341d701e98a6/screenshot - {}
RESULT: {"text":"676"}
COMMAND: GET /session/cd4e213f90090bc7497a341d701e98a6/screenshot - {}
RESULT: {}
RESULT: {}
COMMAND: POST /session/cd4e213f90090bc7497a341d701e98a6/element - {"using":"xpath","value":"//li[.//span[text()='676']]"}
RESULT: {"using":"xpath","value":"//li[.//span[text()='676']]"}
COMMAND: POST /session/cd4e213f90090bc7497a341d701e98a6/element/f.3EFE59E47BCAC700A535F57DF4769BD4.d.7BD39FEDC192214E082081BF1923EA87.e.10947/click - {}
RESULT: {}
COMMAND: GET /session/cd4e213f90090bc7497a341d701e98a6/screenshot - {}
RESULT: {}
COMMAND: POST /session/cd4e213f90090bc7497a341d701e98a6/element - {"using":"xpath","value":"(//span[contains(@id, \"-application-manageresources-display-component---newResourceUnit--RUTimeSegment-0-arrow\")])[2]"}
RESULT: {"using":"xpath","value":"(//span[contains(@id, \"-application-manageresources-display-component---newResourceUnit--RUTimeSegment-0-arrow\")])[2]"}
COMMAND: POST /session/cd4e213f90090bc7497a341d701e98a6/element/f.3EFE59E47BCAC700A535F57DF4769BD4.d.7BD39FEDC192214E082081BF1923EA87.e.10948/click - {}
RESULT: {}
COMMAND: POST /session/cd4e213f90090bc7497a341d701e98a6/element - {"using":"xpath","value":"//span[contains(text(), \"PM Order\")]"}
COMMAND: GET /session/cd4e213f90090bc7497a341d701e98a6/screenshot - {}
RESULT: {"using":"xpath","value":"//span[contains(text(), \"PM Order\")]"}
COMMAND: POST /session/cd4e213f90090bc7497a341d701e98a6/element/f.3EFE59E47BCAC700A535F57DF4769BD4.d.7BD39FEDC192214E082081BF1923EA87.e.10949/click - {}
RESULT: {}
RESULT: {}
COMMAND: GET /session/cd4e213f90090bc7497a341d701e98a6/screenshot - {}
RESULT: {}
COMMAND: POST /session/cd4e213f90090bc7497a341d701e98a6/element - {"using":"xpath","value":"//td/div/div/div/span[contains(@id, \"newResourceUnit--RUTimeSegment-0-vhi\")][1]"}
RESULT: {"using":"xpath","value":"//td/div/div/div/span[contains(@id, \"newResourceUnit--RUTimeSegment-0-vhi\")][1]"}
COMMAND: GET /session/cd4e213f90090bc7497a341d701e98a6/element/f.3EFE59E47BCAC700A535F57DF4769BD4.d.7BD39FEDC192214E082081BF1923EA87.e.10953/rect - {}
RESULT: {}
COMMAND: GET /session/cd4e213f90090bc7497a341d701e98a6/window/rect - {}
RESULT: {}
COMMAND: POST /session/cd4e213f90090bc7497a341d701e98a6/execute/sync - {"script":"<script> [92 bytes]","args":[]}
RESULT: {"script":"<script> [92 bytes]","args":[]}
COMMAND: POST /session/cd4e213f90090bc7497a341d701e98a6/actions - {"actions":[{"id":"action40","type":"wheel","parameters":{},"actions":[{"type":"scroll","x":-1888,"y":-24,"deltaX":0,"deltaY":0,"duration":0,"origin":{"element-6066-11e4-a52e-4f735466cecf":"f.3EFE59E47BCAC700A535F57DF4769BD4.d.7BD39FEDC192214E082081BF1923EA87.e.10953"}}]}]}
COMMAND: GET /session/cd4e213f90090bc7497a341d701e98a6/screenshot - {}
RESULT: {}
COMMAND: POST /session/cd4e213f90090bc7497a341d701e98a6/execute/sync - {"script":"<script> [79 bytes]","args":[{"element-6066-11e4-a52e-4f735466cecf":"f.3EFE59E47BCAC700A535F57DF4769BD4.d.7BD39FEDC192214E082081BF1923EA87.e.10953","ELEMENT":"f.3EFE59E47BCAC700A535F57DF4769BD4.d.7BD39FEDC192214E082081BF1923EA87.e.10953"},{"block":"start","inline":"nearest"}]}
RESULT: {"script":"<script> [79 bytes]","args":[{"element-6066-11e4-a52e-4f735466cecf":"f.3EFE59E47BCAC700A535F57DF4769BD4.d.7BD39FEDC192214E082081BF1923EA87.e.10953","ELEMENT":"f.3EFE59E47BCAC700A535F57DF4769BD4.d.7BD39FEDC192214E082081BF1923EA87.e.10953"},{"block":"start","inline":"nearest"}]}
COMMAND: GET /session/cd4e213f90090bc7497a341d701e98a6/screenshot - {}
RESULT: {}
COMMAND: POST /session/cd4e213f90090bc7497a341d701e98a6/element/f.3EFE59E47BCAC700A535F57DF4769BD4.d.7BD39FEDC192214E082081BF1923EA87.e.10953/click - {}
RESULT: {}
COMMAND: GET /session/cd4e213f90090bc7497a341d701e98a6/screenshot - {}
RESULT: {}
COMMAND: POST /session/cd4e213f90090bc7497a341d701e98a6/execute/async - {"script":"<script> [1562 bytes]","args":[{"selector":{"controlType":"sap.m.SearchField","properties":{"placeholder":"Search"},"searchOpenDialogs":true,"interaction":{"idSuffix":"I"}},"wdio_ui5_key":"sapm.SearchField{\"placeholder\":\"Search\"}"}]}
RESULT: {"script":"<script> [1562 bytes]","args":[{"selector":{"controlType":"sap.m.SearchField","properties":{"placeholder":"Search"},"searchOpenDialogs":true,"interaction":{"idSuffix":"I"}},"wdio_ui5_key":"sapm.SearchField{\"placeholder\":\"Search\"}"}]}
RESULT: undefined
COMMAND: POST /session/cd4e213f90090bc7497a341d701e98a6/execute/async - {"script":"<script> [776 bytes]","args":[{"enterText":"4000360","selector":{"controlType":"sap.m.SearchField","properties":{"placeholder":"Search"},"searchOpenDialogs":true,"interaction":{"idSuffix":"I"}},"clearTextFirst":true,"interactionType":"ENTER_TEXT"}]}
RESULT: {"script":"<script> [776 bytes]","args":[{"enterText":"4000360","selector":{"controlType":"sap.m.SearchField","properties":{"placeholder":"Search"},"searchOpenDialogs":true,"interaction":{"idSuffix":"I"}},"clearTextFirst":true,"interactionType":"ENTER_TEXT"}]}
COMMAND: POST /session/cd4e213f90090bc7497a341d701e98a6/actions - {"actions":[{"id":"action41","type":"key","parameters":{},"actions":[{"type":"keyDown","value":""},{"type":"pause","duration":10},{"type":"keyUp","value":""}]}]}
RESULT: {"actions":[{"id":"action41","type":"key","parameters":{},"actions":[{"type":"keyDown","value":""},{"type":"pause","duration":10},{"type":"keyUp","value":""}]}]}
COMMAND: GET /session/cd4e213f90090bc7497a341d701e98a6/screenshot - {}
RESULT: {}
COMMAND: POST /session/cd4e213f90090bc7497a341d701e98a6/element - {"using":"xpath","value":"//td/div/span[contains(text(), \"BGL Vehicles\")]"}
RESULT: {"using":"xpath","value":"//td/div/span[contains(text(), \"BGL Vehicles\")]"}
COMMAND: POST /session/cd4e213f90090bc7497a341d701e98a6/element/f.3EFE59E47BCAC700A535F57DF4769BD4.d.7BD39FEDC192214E082081BF1923EA87.e.10974/click - {}
RESULT: {}
COMMAND: GET /session/cd4e213f90090bc7497a341d701e98a6/screenshot - {}
RESULT: {}
COMMAND: POST /session/cd4e213f90090bc7497a341d701e98a6/element - {"using":"xpath","value":"//bdi[contains(text(), \"OK\")]"}
RESULT: {"using":"xpath","value":"//bdi[contains(text(), \"OK\")]"}
COMMAND: POST /session/cd4e213f90090bc7497a341d701e98a6/element/f.3EFE59E47BCAC700A535F57DF4769BD4.d.7BD39FEDC192214E082081BF1923EA87.e.10975/click - {}
RESULT: {}
COMMAND: GET /session/cd4e213f90090bc7497a341d701e98a6/screenshot - {}
RESULT: {}
COMMAND: POST /session/cd4e213f90090bc7497a341d701e98a6/element - {"using":"xpath","value":"//label[contains(@class, 'sapMLabelRequired') and .//bdi[contains(text(), 'Planned Retirement')]]"}
RESULT: {"using":"xpath","value":"//label[contains(@class, 'sapMLabelRequired') and .//bdi[contains(text(), 'Planned Retirement')]]"}
COMMAND: POST /session/cd4e213f90090bc7497a341d701e98a6/elements - {"using":"xpath","value":"//label[contains(@class, 'sapMLabelRequired') and .//bdi[contains(text(), 'Planned Retirement')]]"}
RESULT: {"using":"xpath","value":"//label[contains(@class, 'sapMLabelRequired') and .//bdi[contains(text(), 'Planned Retirement')]]"}
COMMAND: POST /session/cd4e213f90090bc7497a341d701e98a6/element - {"using":"xpath","value":"//button[@data-kt=\"resourceUnitSaveButton\"]"}
RESULT: {"using":"xpath","value":"//button[@data-kt=\"resourceUnitSaveButton\"]"}
COMMAND: POST /session/cd4e213f90090bc7497a341d701e98a6/element/f.3EFE59E47BCAC700A535F57DF4769BD4.d.7BD39FEDC192214E082081BF1923EA87.e.10875/click - {}
RESULT: {}
COMMAND: GET /session/cd4e213f90090bc7497a341d701e98a6/screenshot - {}
RESULT: {}
COMMAND: POST /session/cd4e213f90090bc7497a341d701e98a6/element - {"using":"xpath","value":"//bdi[contains(text(), \"Close\")]"}
RESULT: {"using":"xpath","value":"//bdi[contains(text(), \"Close\")]"}
COMMAND: POST /session/cd4e213f90090bc7497a341d701e98a6/element/f.3EFE59E47BCAC700A535F57DF4769BD4.d.7BD39FEDC192214E082081BF1923EA87.e.10981/click - {}
RESULT: {}
COMMAND: GET /session/cd4e213f90090bc7497a341d701e98a6/screenshot - {}
RESULT: {}
COMMAND: POST /session/cd4e213f90090bc7497a341d701e98a6/element - {"using":"xpath","value":"//header[contains(@id, 'detailRruPage-headerTitle')]/div[1]/div[2]/div[2]/span[1]"}
RESULT: {"using":"xpath","value":"//header[contains(@id, 'detailRruPage-headerTitle')]/div[1]/div[2]/div[2]/span[1]"}
COMMAND: POST /session/cd4e213f90090bc7497a341d701e98a6/elements - {"using":"xpath","value":"//header[contains(@id, 'detailRruPage-headerTitle')]/div[1]/div[2]/div[2]/span[1]"}
RESULT: {"using":"xpath","value":"//header[contains(@id, 'detailRruPage-headerTitle')]/div[1]/div[2]/div[2]/span[1]"}
COMMAND: POST /session/cd4e213f90090bc7497a341d701e98a6/execute/sync - {"script":"<script> [56 bytes]","args":[{"element-6066-11e4-a52e-4f735466cecf":"f.3EFE59E47BCAC700A535F57DF4769BD4.d.7BD39FEDC192214E082081BF1923EA87.e.11015","ELEMENT":"f.3EFE59E47BCAC700A535F57DF4769BD4.d.7BD39FEDC192214E082081BF1923EA87.e.11015"}]}
RESULT: {"script":"<script> [56 bytes]","args":[{"element-6066-11e4-a52e-4f735466cecf":"f.3EFE59E47BCAC700A535F57DF4769BD4.d.7BD39FEDC192214E082081BF1923EA87.e.11015","ELEMENT":"f.3EFE59E47BCAC700A535F57DF4769BD4.d.7BD39FEDC192214E082081BF1923EA87.e.11015"}]}
COMMAND: POST /session/cd4e213f90090bc7497a341d701e98a6/element - {"using":"css selector","value":"#shell-header-logo"}
COMMAND: GET /session/cd4e213f90090bc7497a341d701e98a6/screenshot - {}
RESULT: {"using":"css selector","value":"#shell-header-logo"}
COMMAND: POST /session/cd4e213f90090bc7497a341d701e98a6/element/f.3EFE59E47BCAC700A535F57DF4769BD4.d.7BD39FEDC192214E082081BF1923EA87.e.10350/click - {}
RESULT: {}
RESULT: {}
COMMAND: GET /session/cd4e213f90090bc7497a341d701e98a6/screenshot - {}
RESULT: {}
]]></system-out>
    </testcase>
  </testsuite>
  <testsuite timestamp="2025-05-22T17:06:53" time="268.479" tests="6" failures="4" errors="4" skipped="0">
    <properties>
      <property name="specId" value="0"/>
      <property name="suiteName" value="Provide to Site w/o warehouse management w/o clarification"/>
      <property name="capabilities" value="chrome.136_0_7103_93.windows"/>
      <property name="file" value="file:///D:/a/1/s/test/specs/HTR/provide-to-site-wo-warehouse-wo-clarification.spec.js"/>
    </properties>
    <testcase classname="chrome.136_0_7103_93.windows.Provide_to_Site_w/o_warehouse_management_w/o_clarification" name="Should do a stock increase handover" time="65.592">
      <failure/>
      <error message="receiptDate.setValue is not a function"/>
      <system-out><![CDATA[
COMMAND: POST /session/cd4e213f90090bc7497a341d701e98a6/execute/async - {"script":"<script> [1562 bytes]","args":[{"selector":{"controlType":"sap.m.GenericTile","properties":{"header":"Manage Handovers"}},"wdio_ui5_key":"sapm.GenericTile{\"header\":\"Manage Handovers\"}"}]}
RESULT: {"script":"<script> [1562 bytes]","args":[{"selector":{"controlType":"sap.m.GenericTile","properties":{"header":"Manage Handovers"}},"wdio_ui5_key":"sapm.GenericTile{\"header\":\"Manage Handovers\"}"}]}
RESULT: undefined
COMMAND: POST /session/cd4e213f90090bc7497a341d701e98a6/element - {"using":"xpath","value":"//*[@id=\"__tile132\"]"}
RESULT: {"using":"xpath","value":"//*[@id=\"__tile132\"]"}
COMMAND: POST /session/cd4e213f90090bc7497a341d701e98a6/element/f.3EFE59E47BCAC700A535F57DF4769BD4.d.7BD39FEDC192214E082081BF1923EA87.e.10396/click - {}
RESULT: {}
COMMAND: GET /session/cd4e213f90090bc7497a341d701e98a6/screenshot - {}
RESULT: {}
COMMAND: POST /session/cd4e213f90090bc7497a341d701e98a6/elements - {"using":"xpath","value":"//span[text()='Error']"}
RESULT: {"using":"xpath","value":"//span[text()='Error']"}
COMMAND: POST /session/cd4e213f90090bc7497a341d701e98a6/element - {"using":"xpath","value":"//button[@data-kt=\"masterHOAddButton\"]"}
RESULT: {"using":"xpath","value":"//button[@data-kt=\"masterHOAddButton\"]"}
COMMAND: POST /session/cd4e213f90090bc7497a341d701e98a6/elements - {"using":"xpath","value":"//button[@data-kt=\"masterHOAddButton\"]"}
RESULT: {"using":"xpath","value":"//button[@data-kt=\"masterHOAddButton\"]"}
COMMAND: POST /session/cd4e213f90090bc7497a341d701e98a6/execute/sync - {"script":"<script> [8489 bytes]","args":[{"element-6066-11e4-a52e-4f735466cecf":"f.3EFE59E47BCAC700A535F57DF4769BD4.d.7BD39FEDC192214E082081BF1923EA87.e.11048","ELEMENT":"f.3EFE59E47BCAC700A535F57DF4769BD4.d.7BD39FEDC192214E082081BF1923EA87.e.11048"}]}
RESULT: {"script":"<script> [8489 bytes]","args":[{"element-6066-11e4-a52e-4f735466cecf":"f.3EFE59E47BCAC700A535F57DF4769BD4.d.7BD39FEDC192214E082081BF1923EA87.e.11048","ELEMENT":"f.3EFE59E47BCAC700A535F57DF4769BD4.d.7BD39FEDC192214E082081BF1923EA87.e.11048"}]}
COMMAND: GET /session/cd4e213f90090bc7497a341d701e98a6/element/f.3EFE59E47BCAC700A535F57DF4769BD4.d.7BD39FEDC192214E082081BF1923EA87.e.11048/enabled - {}
COMMAND: GET /session/cd4e213f90090bc7497a341d701e98a6/screenshot - {}
RESULT: {}
COMMAND: POST /session/cd4e213f90090bc7497a341d701e98a6/execute/sync - {"script":"<script> [8489 bytes]","args":[{"element-6066-11e4-a52e-4f735466cecf":"f.3EFE59E47BCAC700A535F57DF4769BD4.d.7BD39FEDC192214E082081BF1923EA87.e.11048","ELEMENT":"f.3EFE59E47BCAC700A535F57DF4769BD4.d.7BD39FEDC192214E082081BF1923EA87.e.11048"}]}
COMMAND: GET /session/cd4e213f90090bc7497a341d701e98a6/screenshot - {}
RESULT: {}
RESULT: {"script":"<script> [8489 bytes]","args":[{"element-6066-11e4-a52e-4f735466cecf":"f.3EFE59E47BCAC700A535F57DF4769BD4.d.7BD39FEDC192214E082081BF1923EA87.e.11048","ELEMENT":"f.3EFE59E47BCAC700A535F57DF4769BD4.d.7BD39FEDC192214E082081BF1923EA87.e.11048"}]}
COMMAND: POST /session/cd4e213f90090bc7497a341d701e98a6/execute/sync - {"script":"<script> [5351 bytes]","args":[{"element-6066-11e4-a52e-4f735466cecf":"f.3EFE59E47BCAC700A535F57DF4769BD4.d.7BD39FEDC192214E082081BF1923EA87.e.11048","ELEMENT":"f.3EFE59E47BCAC700A535F57DF4769BD4.d.7BD39FEDC192214E082081BF1923EA87.e.11048"}]}
RESULT: {}
RESULT: {"script":"<script> [5351 bytes]","args":[{"element-6066-11e4-a52e-4f735466cecf":"f.3EFE59E47BCAC700A535F57DF4769BD4.d.7BD39FEDC192214E082081BF1923EA87.e.11048","ELEMENT":"f.3EFE59E47BCAC700A535F57DF4769BD4.d.7BD39FEDC192214E082081BF1923EA87.e.11048"}]}
COMMAND: POST /session/cd4e213f90090bc7497a341d701e98a6/element/f.3EFE59E47BCAC700A535F57DF4769BD4.d.7BD39FEDC192214E082081BF1923EA87.e.11048/click - {}
RESULT: {}
COMMAND: GET /session/cd4e213f90090bc7497a341d701e98a6/screenshot - {}
COMMAND: GET /session/cd4e213f90090bc7497a341d701e98a6/screenshot - {}
COMMAND: GET /session/cd4e213f90090bc7497a341d701e98a6/screenshot - {}
COMMAND: POST /session/cd4e213f90090bc7497a341d701e98a6/element - {"using":"xpath","value":"//span[contains(@id ,\"AddNewHO--typeSelect-arrow\")]"}
RESULT: {}
RESULT: {}
RESULT: {}
RESULT: {"using":"xpath","value":"//span[contains(@id ,\"AddNewHO--typeSelect-arrow\")]"}
COMMAND: POST /session/cd4e213f90090bc7497a341d701e98a6/element/f.3EFE59E47BCAC700A535F57DF4769BD4.d.7BD39FEDC192214E082081BF1923EA87.e.11394/click - {}
RESULT: {}
COMMAND: GET /session/cd4e213f90090bc7497a341d701e98a6/screenshot - {}
RESULT: {}
COMMAND: POST /session/cd4e213f90090bc7497a341d701e98a6/element - {"using":"xpath","value":"(//li[contains(text(), \"stock increase yard\")])[1]"}
RESULT: {"using":"xpath","value":"(//li[contains(text(), \"stock increase yard\")])[1]"}
COMMAND: POST /session/cd4e213f90090bc7497a341d701e98a6/element/f.3EFE59E47BCAC700A535F57DF4769BD4.d.7BD39FEDC192214E082081BF1923EA87.e.11395/click - {}
RESULT: {}
COMMAND: GET /session/cd4e213f90090bc7497a341d701e98a6/screenshot - {}
RESULT: {}
COMMAND: POST /session/cd4e213f90090bc7497a341d701e98a6/execute/async - {"script":"<script> [1562 bytes]","args":[{"selector":{"id":"application-managehandovers-display-component---AddNewHO--dueDate","interaction":{"idSuffix":"inner"}},"wdio_ui5_key":"applicationmanagehandovers-display-component---AddNewHO--dueDate"}]}
RESULT: {"script":"<script> [1562 bytes]","args":[{"selector":{"id":"application-managehandovers-display-component---AddNewHO--dueDate","interaction":{"idSuffix":"inner"}},"wdio_ui5_key":"applicationmanagehandovers-display-component---AddNewHO--dueDate"}]}
RESULT: undefined
COMMAND: POST /session/cd4e213f90090bc7497a341d701e98a6/execute/async - {"script":"<script> [6424 bytes]","args":[{"element-6066-11e4-a52e-4f735466cecf":"f.3EFE59E47BCAC700A535F57DF4769BD4.d.7BD39FEDC192214E082081BF1923EA87.e.11397"},"setValue",["5/22/25"]]}
RESULT: {"script":"<script> [6424 bytes]","args":[{"element-6066-11e4-a52e-4f735466cecf":"f.3EFE59E47BCAC700A535F57DF4769BD4.d.7BD39FEDC192214E082081BF1923EA87.e.11397"},"setValue",["5/22/25"]]}
COMMAND: POST /session/cd4e213f90090bc7497a341d701e98a6/element - {"using":"xpath","value":"//input[@id=\"generalSectionFrg--receiveYard-inner\"]"}
RESULT: {"using":"xpath","value":"//input[@id=\"generalSectionFrg--receiveYard-inner\"]"}
COMMAND: POST /session/cd4e213f90090bc7497a341d701e98a6/element/f.3EFE59E47BCAC700A535F57DF4769BD4.d.7BD39FEDC192214E082081BF1923EA87.e.11401/clear - {}
RESULT: {}
COMMAND: POST /session/cd4e213f90090bc7497a341d701e98a6/element/f.3EFE59E47BCAC700A535F57DF4769BD4.d.7BD39FEDC192214E082081BF1923EA87.e.11401/value - {"text":"676"}
COMMAND: GET /session/cd4e213f90090bc7497a341d701e98a6/screenshot - {}
RESULT: {"text":"676"}
COMMAND: GET /session/cd4e213f90090bc7497a341d701e98a6/screenshot - {}
RESULT: {}
RESULT: {}
COMMAND: POST /session/cd4e213f90090bc7497a341d701e98a6/element - {"using":"xpath","value":"//li[.//span[text()='676']]"}
RESULT: {"using":"xpath","value":"//li[.//span[text()='676']]"}
COMMAND: POST /session/cd4e213f90090bc7497a341d701e98a6/element/f.3EFE59E47BCAC700A535F57DF4769BD4.d.7BD39FEDC192214E082081BF1923EA87.e.11417/click - {}
RESULT: {}
COMMAND: GET /session/cd4e213f90090bc7497a341d701e98a6/screenshot - {}
RESULT: {}
COMMAND: POST /session/cd4e213f90090bc7497a341d701e98a6/execute/async - {"script":"<script> [1562 bytes]","args":[{"selector":{"id":"application-managehandovers-display-component---AddNewHO--ObjectPageLayout-anchBar-application-managehandovers-display-component---AddNewHO--section4-anchor","interaction":{"idSuffix":"BDI-content"}},"wdio_ui5_key":"applicationmanagehandovers-display-component---AddNewHO--ObjectPageLayout-anchBar-application-managehandovers-display-component---AddNewHO--section4-anchor"}]}
RESULT: {"script":"<script> [1562 bytes]","args":[{"selector":{"id":"application-managehandovers-display-component---AddNewHO--ObjectPageLayout-anchBar-application-managehandovers-display-component---AddNewHO--section4-anchor","interaction":{"idSuffix":"BDI-content"}},"wdio_ui5_key":"applicationmanagehandovers-display-component---AddNewHO--ObjectPageLayout-anchBar-application-managehandovers-display-component---AddNewHO--section4-anchor"}]}
RESULT: undefined
COMMAND: POST /session/cd4e213f90090bc7497a341d701e98a6/element - {"using":"xpath","value":"//*[@id=\"application-managehandovers-display-component---AddNewHO--ObjectPageLayout-anchBar-application-managehandovers-display-component---AddNewHO--section4-anchor\"]"}
RESULT: {"using":"xpath","value":"//*[@id=\"application-managehandovers-display-component---AddNewHO--ObjectPageLayout-anchBar-application-managehandovers-display-component---AddNewHO--section4-anchor\"]"}
COMMAND: POST /session/cd4e213f90090bc7497a341d701e98a6/element/f.3EFE59E47BCAC700A535F57DF4769BD4.d.7BD39FEDC192214E082081BF1923EA87.e.11419/click - {}
RESULT: {}
COMMAND: POST /session/cd4e213f90090bc7497a341d701e98a6/element - {"using":"xpath","value":"//button[@aria-label=\"Add\"]"}
COMMAND: GET /session/cd4e213f90090bc7497a341d701e98a6/screenshot - {}
RESULT: {"using":"xpath","value":"//button[@aria-label=\"Add\"]"}
COMMAND: POST /session/cd4e213f90090bc7497a341d701e98a6/element/f.3EFE59E47BCAC700A535F57DF4769BD4.d.7BD39FEDC192214E082081BF1923EA87.e.11421/click - {}
RESULT: {}
RESULT: {}
COMMAND: GET /session/cd4e213f90090bc7497a341d701e98a6/screenshot - {}
RESULT: {}
COMMAND: POST /session/cd4e213f90090bc7497a341d701e98a6/execute/async - {"script":"<script> [1562 bytes]","args":[{"selector":{"id":"application-managehandovers-display-component---AddNewHO--smartFilterBar-btnBasicSearch","searchOpenDialogs":true,"interaction":{"idSuffix":"I"}},"wdio_ui5_key":"applicationmanagehandovers-display-component---AddNewHO--smartFilterBar-btnBasicSearch"}]}
RESULT: {"script":"<script> [1562 bytes]","args":[{"selector":{"id":"application-managehandovers-display-component---AddNewHO--smartFilterBar-btnBasicSearch","searchOpenDialogs":true,"interaction":{"idSuffix":"I"}},"wdio_ui5_key":"applicationmanagehandovers-display-component---AddNewHO--smartFilterBar-btnBasicSearch"}]}
RESULT: undefined
COMMAND: POST /session/cd4e213f90090bc7497a341d701e98a6/execute/async - {"script":"<script> [776 bytes]","args":[{"enterText":"200404","selector":{"id":"application-managehandovers-display-component---AddNewHO--smartFilterBar-btnBasicSearch","searchOpenDialogs":true,"interaction":{"idSuffix":"I"}},"clearTextFirst":true,"interactionType":"ENTER_TEXT"}]}
RESULT: {"script":"<script> [776 bytes]","args":[{"enterText":"200404","selector":{"id":"application-managehandovers-display-component---AddNewHO--smartFilterBar-btnBasicSearch","searchOpenDialogs":true,"interaction":{"idSuffix":"I"}},"clearTextFirst":true,"interactionType":"ENTER_TEXT"}]}
COMMAND: POST /session/cd4e213f90090bc7497a341d701e98a6/actions - {"actions":[{"id":"action42","type":"key","parameters":{},"actions":[{"type":"keyDown","value":""},{"type":"pause","duration":10},{"type":"keyUp","value":""}]}]}
RESULT: {"actions":[{"id":"action42","type":"key","parameters":{},"actions":[{"type":"keyDown","value":""},{"type":"pause","duration":10},{"type":"keyUp","value":""}]}]}
COMMAND: GET /session/cd4e213f90090bc7497a341d701e98a6/screenshot - {}
RESULT: {}
COMMAND: POST /session/cd4e213f90090bc7497a341d701e98a6/execute/async - {"script":"<script> [1562 bytes]","args":[{"selector":{"id":"application-managehandovers-display-component---AddNewHO--popup-sa","searchOpenDialogs":true,"interaction":{"idSuffix":"CbBg"}},"wdio_ui5_key":"applicationmanagehandovers-display-component---AddNewHO--popup-sa"}]}
RESULT: {"script":"<script> [1562 bytes]","args":[{"selector":{"id":"application-managehandovers-display-component---AddNewHO--popup-sa","searchOpenDialogs":true,"interaction":{"idSuffix":"CbBg"}},"wdio_ui5_key":"applicationmanagehandovers-display-component---AddNewHO--popup-sa"}]}
RESULT: undefined
COMMAND: POST /session/cd4e213f90090bc7497a341d701e98a6/element - {"using":"xpath","value":"//*[@id=\"application-managehandovers-display-component---AddNewHO--popup-sa\"]"}
RESULT: {"using":"xpath","value":"//*[@id=\"application-managehandovers-display-component---AddNewHO--popup-sa\"]"}
COMMAND: POST /session/cd4e213f90090bc7497a341d701e98a6/element/f.3EFE59E47BCAC700A535F57DF4769BD4.d.7BD39FEDC192214E082081BF1923EA87.e.11574/click - {}
RESULT: {}
COMMAND: GET /session/cd4e213f90090bc7497a341d701e98a6/screenshot - {}
RESULT: {}
COMMAND: POST /session/cd4e213f90090bc7497a341d701e98a6/element - {"using":"xpath","value":"//bdi[contains(text(), \"Select\")]"}
RESULT: {"using":"xpath","value":"//bdi[contains(text(), \"Select\")]"}
COMMAND: POST /session/cd4e213f90090bc7497a341d701e98a6/element/f.3EFE59E47BCAC700A535F57DF4769BD4.d.7BD39FEDC192214E082081BF1923EA87.e.11575/click - {}
RESULT: {}
COMMAND: GET /session/cd4e213f90090bc7497a341d701e98a6/screenshot - {}
RESULT: {}
COMMAND: POST /session/cd4e213f90090bc7497a341d701e98a6/element - {"using":"xpath","value":"//button[@data-kt=\"AddNewHOSaveButton\"]"}
RESULT: {"using":"xpath","value":"//button[@data-kt=\"AddNewHOSaveButton\"]"}
COMMAND: POST /session/cd4e213f90090bc7497a341d701e98a6/element/f.3EFE59E47BCAC700A535F57DF4769BD4.d.7BD39FEDC192214E082081BF1923EA87.e.11579/click - {}
RESULT: {}
COMMAND: GET /session/cd4e213f90090bc7497a341d701e98a6/screenshot - {}
RESULT: {}
COMMAND: POST /session/cd4e213f90090bc7497a341d701e98a6/execute/async - {"script":"<script> [1562 bytes]","args":[{"selector":{"id":"receiptDatePicker","viewName":"etm.portal.ui.managehandovers.view.DetailExecuteHO","interaction":{"idSuffix":"inner"}},"wdio_ui5_key":"receiptDatePickeretmportal.ui.managehandovers.view.DetailExecuteHO"}]}
RESULT: {"script":"<script> [1562 bytes]","args":[{"selector":{"id":"receiptDatePicker","viewName":"etm.portal.ui.managehandovers.view.DetailExecuteHO","interaction":{"idSuffix":"inner"}},"wdio_ui5_key":"receiptDatePickeretmportal.ui.managehandovers.view.DetailExecuteHO"}]}
RESULT: undefined
COMMAND: GET /session/cd4e213f90090bc7497a341d701e98a6/screenshot - {}
RESULT: {}
]]></system-out>
      <system-err><![CDATA[
TypeError: receiptDate.setValue is not a function
    at UtilsPrerequisites.stockIncrease (D:\a\1\s\test\specs\BTS\prerequisites-and-utils-functions.js:1664:27)
    at async Context.<anonymous> (D:\a\1\s\test\specs\HTR\provide-to-site-wo-warehouse-wo-clarification.spec.js:56:9)
]]></system-err>
    </testcase>
    <testcase classname="chrome.136_0_7103_93.windows.Provide_to_Site_w/o_warehouse_management_w/o_clarification" name="Should create a new contract" time="61.945">
      <failure/>
      <error message="element (&quot;//button[@data-kt=&quot;addButton&quot;]&quot;) still not existing after 45000ms"/>
      <system-out><![CDATA[
COMMAND: GET /session/cd4e213f90090bc7497a341d701e98a6/screenshot - {}
COMMAND: POST /session/cd4e213f90090bc7497a341d701e98a6/execute/async - {"script":"<script> [1562 bytes]","args":[{"selector":{"controlType":"sap.m.GenericTile","properties":{"header":"Manage Contracts"}},"wdio_ui5_key":"sapm.GenericTile{\"header\":\"Manage Contracts\"}"}]}
RESULT: {}
RESULT: {"script":"<script> [1562 bytes]","args":[{"selector":{"controlType":"sap.m.GenericTile","properties":{"header":"Manage Contracts"}},"wdio_ui5_key":"sapm.GenericTile{\"header\":\"Manage Contracts\"}"}]}
RESULT: undefined
COMMAND: POST /session/cd4e213f90090bc7497a341d701e98a6/elements - {"using":"xpath","value":"//span[text()='Error']"}
RESULT: {"using":"xpath","value":"//span[text()='Error']"}
COMMAND: POST /session/cd4e213f90090bc7497a341d701e98a6/elements - {"using":"xpath","value":"//*[text()='Close']"}
RESULT: {"using":"xpath","value":"//*[text()='Close']"}
COMMAND: GET /session/cd4e213f90090bc7497a341d701e98a6/element/f.3EFE59E47BCAC700A535F57DF4769BD4.d.7BD39FEDC192214E082081BF1923EA87.e.11583/enabled - {}
RESULT: {}
COMMAND: POST /session/cd4e213f90090bc7497a341d701e98a6/execute/sync - {"script":"<script> [8489 bytes]","args":[{"element-6066-11e4-a52e-4f735466cecf":"f.3EFE59E47BCAC700A535F57DF4769BD4.d.7BD39FEDC192214E082081BF1923EA87.e.11583","ELEMENT":"f.3EFE59E47BCAC700A535F57DF4769BD4.d.7BD39FEDC192214E082081BF1923EA87.e.11583"}]}
COMMAND: GET /session/cd4e213f90090bc7497a341d701e98a6/screenshot - {}
RESULT: {"script":"<script> [8489 bytes]","args":[{"element-6066-11e4-a52e-4f735466cecf":"f.3EFE59E47BCAC700A535F57DF4769BD4.d.7BD39FEDC192214E082081BF1923EA87.e.11583","ELEMENT":"f.3EFE59E47BCAC700A535F57DF4769BD4.d.7BD39FEDC192214E082081BF1923EA87.e.11583"}]}
COMMAND: POST /session/cd4e213f90090bc7497a341d701e98a6/execute/sync - {"script":"<script> [5351 bytes]","args":[{"element-6066-11e4-a52e-4f735466cecf":"f.3EFE59E47BCAC700A535F57DF4769BD4.d.7BD39FEDC192214E082081BF1923EA87.e.11583","ELEMENT":"f.3EFE59E47BCAC700A535F57DF4769BD4.d.7BD39FEDC192214E082081BF1923EA87.e.11583"}]}
COMMAND: GET /session/cd4e213f90090bc7497a341d701e98a6/screenshot - {}
RESULT: {}
RESULT: {"script":"<script> [5351 bytes]","args":[{"element-6066-11e4-a52e-4f735466cecf":"f.3EFE59E47BCAC700A535F57DF4769BD4.d.7BD39FEDC192214E082081BF1923EA87.e.11583","ELEMENT":"f.3EFE59E47BCAC700A535F57DF4769BD4.d.7BD39FEDC192214E082081BF1923EA87.e.11583"}]}
COMMAND: POST /session/cd4e213f90090bc7497a341d701e98a6/element/f.3EFE59E47BCAC700A535F57DF4769BD4.d.7BD39FEDC192214E082081BF1923EA87.e.11583/click - {}
COMMAND: GET /session/cd4e213f90090bc7497a341d701e98a6/screenshot - {}
RESULT: {}
RESULT: {}
COMMAND: POST /session/cd4e213f90090bc7497a341d701e98a6/elements - {"using":"xpath","value":"//*[text()='OK']"}
COMMAND: GET /session/cd4e213f90090bc7497a341d701e98a6/screenshot - {}
RESULT: {}
RESULT: {"using":"xpath","value":"//*[text()='OK']"}
RESULT: {}
COMMAND: POST /session/cd4e213f90090bc7497a341d701e98a6/element - {"using":"xpath","value":"//button[@data-kt=\"addButton\"]"}
RESULT: {"using":"xpath","value":"//button[@data-kt=\"addButton\"]"}
COMMAND: POST /session/cd4e213f90090bc7497a341d701e98a6/elements - {"using":"xpath","value":"//button[@data-kt=\"addButton\"]"}
RESULT: {"using":"xpath","value":"//button[@data-kt=\"addButton\"]"}
COMMAND: POST /session/cd4e213f90090bc7497a341d701e98a6/elements - {"using":"xpath","value":"//button[@data-kt=\"addButton\"]"}
RESULT: {"using":"xpath","value":"//button[@data-kt=\"addButton\"]"}
COMMAND: POST /session/cd4e213f90090bc7497a341d701e98a6/elements - {"using":"xpath","value":"//button[@data-kt=\"addButton\"]"}
RESULT: {"using":"xpath","value":"//button[@data-kt=\"addButton\"]"}
COMMAND: POST /session/cd4e213f90090bc7497a341d701e98a6/elements - {"using":"xpath","value":"//button[@data-kt=\"addButton\"]"}
RESULT: {"using":"xpath","value":"//button[@data-kt=\"addButton\"]"}
COMMAND: POST /session/cd4e213f90090bc7497a341d701e98a6/elements - {"using":"xpath","value":"//button[@data-kt=\"addButton\"]"}
RESULT: {"using":"xpath","value":"//button[@data-kt=\"addButton\"]"}
COMMAND: POST /session/cd4e213f90090bc7497a341d701e98a6/elements - {"using":"xpath","value":"//button[@data-kt=\"addButton\"]"}
RESULT: {"using":"xpath","value":"//button[@data-kt=\"addButton\"]"}
COMMAND: POST /session/cd4e213f90090bc7497a341d701e98a6/elements - {"using":"xpath","value":"//button[@data-kt=\"addButton\"]"}
RESULT: {"using":"xpath","value":"//button[@data-kt=\"addButton\"]"}
COMMAND: POST /session/cd4e213f90090bc7497a341d701e98a6/elements - {"using":"xpath","value":"//button[@data-kt=\"addButton\"]"}
RESULT: {"using":"xpath","value":"//button[@data-kt=\"addButton\"]"}
COMMAND: POST /session/cd4e213f90090bc7497a341d701e98a6/elements - {"using":"xpath","value":"//button[@data-kt=\"addButton\"]"}
RESULT: {"using":"xpath","value":"//button[@data-kt=\"addButton\"]"}
COMMAND: POST /session/cd4e213f90090bc7497a341d701e98a6/elements - {"using":"xpath","value":"//button[@data-kt=\"addButton\"]"}
RESULT: {"using":"xpath","value":"//button[@data-kt=\"addButton\"]"}
COMMAND: POST /session/cd4e213f90090bc7497a341d701e98a6/elements - {"using":"xpath","value":"//button[@data-kt=\"addButton\"]"}
RESULT: {"using":"xpath","value":"//button[@data-kt=\"addButton\"]"}
COMMAND: POST /session/cd4e213f90090bc7497a341d701e98a6/elements - {"using":"xpath","value":"//button[@data-kt=\"addButton\"]"}
RESULT: {"using":"xpath","value":"//button[@data-kt=\"addButton\"]"}
COMMAND: POST /session/cd4e213f90090bc7497a341d701e98a6/elements - {"using":"xpath","value":"//button[@data-kt=\"addButton\"]"}
RESULT: {"using":"xpath","value":"//button[@data-kt=\"addButton\"]"}
COMMAND: POST /session/cd4e213f90090bc7497a341d701e98a6/elements - {"using":"xpath","value":"//button[@data-kt=\"addButton\"]"}
RESULT: {"using":"xpath","value":"//button[@data-kt=\"addButton\"]"}
COMMAND: POST /session/cd4e213f90090bc7497a341d701e98a6/elements - {"using":"xpath","value":"//button[@data-kt=\"addButton\"]"}
RESULT: {"using":"xpath","value":"//button[@data-kt=\"addButton\"]"}
COMMAND: POST /session/cd4e213f90090bc7497a341d701e98a6/elements - {"using":"xpath","value":"//button[@data-kt=\"addButton\"]"}
RESULT: {"using":"xpath","value":"//button[@data-kt=\"addButton\"]"}
COMMAND: POST /session/cd4e213f90090bc7497a341d701e98a6/elements - {"using":"xpath","value":"//button[@data-kt=\"addButton\"]"}
RESULT: {"using":"xpath","value":"//button[@data-kt=\"addButton\"]"}
COMMAND: POST /session/cd4e213f90090bc7497a341d701e98a6/elements - {"using":"xpath","value":"//button[@data-kt=\"addButton\"]"}
RESULT: {"using":"xpath","value":"//button[@data-kt=\"addButton\"]"}
COMMAND: POST /session/cd4e213f90090bc7497a341d701e98a6/elements - {"using":"xpath","value":"//button[@data-kt=\"addButton\"]"}
RESULT: {"using":"xpath","value":"//button[@data-kt=\"addButton\"]"}
COMMAND: POST /session/cd4e213f90090bc7497a341d701e98a6/elements - {"using":"xpath","value":"//button[@data-kt=\"addButton\"]"}
RESULT: {"using":"xpath","value":"//button[@data-kt=\"addButton\"]"}
COMMAND: POST /session/cd4e213f90090bc7497a341d701e98a6/elements - {"using":"xpath","value":"//button[@data-kt=\"addButton\"]"}
RESULT: {"using":"xpath","value":"//button[@data-kt=\"addButton\"]"}
COMMAND: POST /session/cd4e213f90090bc7497a341d701e98a6/elements - {"using":"xpath","value":"//button[@data-kt=\"addButton\"]"}
RESULT: {"using":"xpath","value":"//button[@data-kt=\"addButton\"]"}
COMMAND: POST /session/cd4e213f90090bc7497a341d701e98a6/elements - {"using":"xpath","value":"//button[@data-kt=\"addButton\"]"}
RESULT: {"using":"xpath","value":"//button[@data-kt=\"addButton\"]"}
COMMAND: POST /session/cd4e213f90090bc7497a341d701e98a6/elements - {"using":"xpath","value":"//button[@data-kt=\"addButton\"]"}
RESULT: {"using":"xpath","value":"//button[@data-kt=\"addButton\"]"}
COMMAND: POST /session/cd4e213f90090bc7497a341d701e98a6/elements - {"using":"xpath","value":"//button[@data-kt=\"addButton\"]"}
RESULT: {"using":"xpath","value":"//button[@data-kt=\"addButton\"]"}
COMMAND: POST /session/cd4e213f90090bc7497a341d701e98a6/elements - {"using":"xpath","value":"//button[@data-kt=\"addButton\"]"}
RESULT: {"using":"xpath","value":"//button[@data-kt=\"addButton\"]"}
COMMAND: POST /session/cd4e213f90090bc7497a341d701e98a6/elements - {"using":"xpath","value":"//button[@data-kt=\"addButton\"]"}
RESULT: {"using":"xpath","value":"//button[@data-kt=\"addButton\"]"}
COMMAND: POST /session/cd4e213f90090bc7497a341d701e98a6/elements - {"using":"xpath","value":"//button[@data-kt=\"addButton\"]"}
RESULT: {"using":"xpath","value":"//button[@data-kt=\"addButton\"]"}
COMMAND: POST /session/cd4e213f90090bc7497a341d701e98a6/elements - {"using":"xpath","value":"//button[@data-kt=\"addButton\"]"}
RESULT: {"using":"xpath","value":"//button[@data-kt=\"addButton\"]"}
COMMAND: POST /session/cd4e213f90090bc7497a341d701e98a6/elements - {"using":"xpath","value":"//button[@data-kt=\"addButton\"]"}
RESULT: {"using":"xpath","value":"//button[@data-kt=\"addButton\"]"}
COMMAND: POST /session/cd4e213f90090bc7497a341d701e98a6/elements - {"using":"xpath","value":"//button[@data-kt=\"addButton\"]"}
RESULT: {"using":"xpath","value":"//button[@data-kt=\"addButton\"]"}
COMMAND: POST /session/cd4e213f90090bc7497a341d701e98a6/elements - {"using":"xpath","value":"//button[@data-kt=\"addButton\"]"}
RESULT: {"using":"xpath","value":"//button[@data-kt=\"addButton\"]"}
COMMAND: POST /session/cd4e213f90090bc7497a341d701e98a6/elements - {"using":"xpath","value":"//button[@data-kt=\"addButton\"]"}
RESULT: {"using":"xpath","value":"//button[@data-kt=\"addButton\"]"}
COMMAND: POST /session/cd4e213f90090bc7497a341d701e98a6/elements - {"using":"xpath","value":"//button[@data-kt=\"addButton\"]"}
RESULT: {"using":"xpath","value":"//button[@data-kt=\"addButton\"]"}
COMMAND: POST /session/cd4e213f90090bc7497a341d701e98a6/elements - {"using":"xpath","value":"//button[@data-kt=\"addButton\"]"}
RESULT: {"using":"xpath","value":"//button[@data-kt=\"addButton\"]"}
COMMAND: POST /session/cd4e213f90090bc7497a341d701e98a6/elements - {"using":"xpath","value":"//button[@data-kt=\"addButton\"]"}
RESULT: {"using":"xpath","value":"//button[@data-kt=\"addButton\"]"}
COMMAND: POST /session/cd4e213f90090bc7497a341d701e98a6/elements - {"using":"xpath","value":"//button[@data-kt=\"addButton\"]"}
RESULT: {"using":"xpath","value":"//button[@data-kt=\"addButton\"]"}
COMMAND: POST /session/cd4e213f90090bc7497a341d701e98a6/elements - {"using":"xpath","value":"//button[@data-kt=\"addButton\"]"}
RESULT: {"using":"xpath","value":"//button[@data-kt=\"addButton\"]"}
COMMAND: POST /session/cd4e213f90090bc7497a341d701e98a6/elements - {"using":"xpath","value":"//button[@data-kt=\"addButton\"]"}
RESULT: {"using":"xpath","value":"//button[@data-kt=\"addButton\"]"}
COMMAND: POST /session/cd4e213f90090bc7497a341d701e98a6/elements - {"using":"xpath","value":"//button[@data-kt=\"addButton\"]"}
RESULT: {"using":"xpath","value":"//button[@data-kt=\"addButton\"]"}
COMMAND: POST /session/cd4e213f90090bc7497a341d701e98a6/elements - {"using":"xpath","value":"//button[@data-kt=\"addButton\"]"}
RESULT: {"using":"xpath","value":"//button[@data-kt=\"addButton\"]"}
COMMAND: POST /session/cd4e213f90090bc7497a341d701e98a6/elements - {"using":"xpath","value":"//button[@data-kt=\"addButton\"]"}
RESULT: {"using":"xpath","value":"//button[@data-kt=\"addButton\"]"}
COMMAND: POST /session/cd4e213f90090bc7497a341d701e98a6/elements - {"using":"xpath","value":"//button[@data-kt=\"addButton\"]"}
RESULT: {"using":"xpath","value":"//button[@data-kt=\"addButton\"]"}
COMMAND: POST /session/cd4e213f90090bc7497a341d701e98a6/elements - {"using":"xpath","value":"//button[@data-kt=\"addButton\"]"}
RESULT: {"using":"xpath","value":"//button[@data-kt=\"addButton\"]"}
COMMAND: POST /session/cd4e213f90090bc7497a341d701e98a6/elements - {"using":"xpath","value":"//button[@data-kt=\"addButton\"]"}
RESULT: {"using":"xpath","value":"//button[@data-kt=\"addButton\"]"}
COMMAND: POST /session/cd4e213f90090bc7497a341d701e98a6/elements - {"using":"xpath","value":"//button[@data-kt=\"addButton\"]"}
RESULT: {"using":"xpath","value":"//button[@data-kt=\"addButton\"]"}
COMMAND: POST /session/cd4e213f90090bc7497a341d701e98a6/elements - {"using":"xpath","value":"//button[@data-kt=\"addButton\"]"}
RESULT: {"using":"xpath","value":"//button[@data-kt=\"addButton\"]"}
COMMAND: POST /session/cd4e213f90090bc7497a341d701e98a6/elements - {"using":"xpath","value":"//button[@data-kt=\"addButton\"]"}
RESULT: {"using":"xpath","value":"//button[@data-kt=\"addButton\"]"}
COMMAND: POST /session/cd4e213f90090bc7497a341d701e98a6/elements - {"using":"xpath","value":"//button[@data-kt=\"addButton\"]"}
RESULT: {"using":"xpath","value":"//button[@data-kt=\"addButton\"]"}
COMMAND: POST /session/cd4e213f90090bc7497a341d701e98a6/elements - {"using":"xpath","value":"//button[@data-kt=\"addButton\"]"}
RESULT: {"using":"xpath","value":"//button[@data-kt=\"addButton\"]"}
COMMAND: POST /session/cd4e213f90090bc7497a341d701e98a6/elements - {"using":"xpath","value":"//button[@data-kt=\"addButton\"]"}
RESULT: {"using":"xpath","value":"//button[@data-kt=\"addButton\"]"}
COMMAND: POST /session/cd4e213f90090bc7497a341d701e98a6/elements - {"using":"xpath","value":"//button[@data-kt=\"addButton\"]"}
RESULT: {"using":"xpath","value":"//button[@data-kt=\"addButton\"]"}
COMMAND: POST /session/cd4e213f90090bc7497a341d701e98a6/elements - {"using":"xpath","value":"//button[@data-kt=\"addButton\"]"}
RESULT: {"using":"xpath","value":"//button[@data-kt=\"addButton\"]"}
COMMAND: POST /session/cd4e213f90090bc7497a341d701e98a6/elements - {"using":"xpath","value":"//button[@data-kt=\"addButton\"]"}
RESULT: {"using":"xpath","value":"//button[@data-kt=\"addButton\"]"}
COMMAND: POST /session/cd4e213f90090bc7497a341d701e98a6/elements - {"using":"xpath","value":"//button[@data-kt=\"addButton\"]"}
RESULT: {"using":"xpath","value":"//button[@data-kt=\"addButton\"]"}
COMMAND: POST /session/cd4e213f90090bc7497a341d701e98a6/elements - {"using":"xpath","value":"//button[@data-kt=\"addButton\"]"}
RESULT: {"using":"xpath","value":"//button[@data-kt=\"addButton\"]"}
COMMAND: POST /session/cd4e213f90090bc7497a341d701e98a6/elements - {"using":"xpath","value":"//button[@data-kt=\"addButton\"]"}
RESULT: {"using":"xpath","value":"//button[@data-kt=\"addButton\"]"}
COMMAND: POST /session/cd4e213f90090bc7497a341d701e98a6/elements - {"using":"xpath","value":"//button[@data-kt=\"addButton\"]"}
RESULT: {"using":"xpath","value":"//button[@data-kt=\"addButton\"]"}
COMMAND: POST /session/cd4e213f90090bc7497a341d701e98a6/elements - {"using":"xpath","value":"//button[@data-kt=\"addButton\"]"}
RESULT: {"using":"xpath","value":"//button[@data-kt=\"addButton\"]"}
COMMAND: POST /session/cd4e213f90090bc7497a341d701e98a6/elements - {"using":"xpath","value":"//button[@data-kt=\"addButton\"]"}
RESULT: {"using":"xpath","value":"//button[@data-kt=\"addButton\"]"}
COMMAND: POST /session/cd4e213f90090bc7497a341d701e98a6/elements - {"using":"xpath","value":"//button[@data-kt=\"addButton\"]"}
RESULT: {"using":"xpath","value":"//button[@data-kt=\"addButton\"]"}
COMMAND: POST /session/cd4e213f90090bc7497a341d701e98a6/elements - {"using":"xpath","value":"//button[@data-kt=\"addButton\"]"}
RESULT: {"using":"xpath","value":"//button[@data-kt=\"addButton\"]"}
COMMAND: POST /session/cd4e213f90090bc7497a341d701e98a6/elements - {"using":"xpath","value":"//button[@data-kt=\"addButton\"]"}
RESULT: {"using":"xpath","value":"//button[@data-kt=\"addButton\"]"}
COMMAND: POST /session/cd4e213f90090bc7497a341d701e98a6/elements - {"using":"xpath","value":"//button[@data-kt=\"addButton\"]"}
RESULT: {"using":"xpath","value":"//button[@data-kt=\"addButton\"]"}
COMMAND: POST /session/cd4e213f90090bc7497a341d701e98a6/elements - {"using":"xpath","value":"//button[@data-kt=\"addButton\"]"}
RESULT: {"using":"xpath","value":"//button[@data-kt=\"addButton\"]"}
COMMAND: POST /session/cd4e213f90090bc7497a341d701e98a6/elements - {"using":"xpath","value":"//button[@data-kt=\"addButton\"]"}
RESULT: {"using":"xpath","value":"//button[@data-kt=\"addButton\"]"}
COMMAND: POST /session/cd4e213f90090bc7497a341d701e98a6/elements - {"using":"xpath","value":"//button[@data-kt=\"addButton\"]"}
RESULT: {"using":"xpath","value":"//button[@data-kt=\"addButton\"]"}
COMMAND: POST /session/cd4e213f90090bc7497a341d701e98a6/elements - {"using":"xpath","value":"//button[@data-kt=\"addButton\"]"}
RESULT: {"using":"xpath","value":"//button[@data-kt=\"addButton\"]"}
COMMAND: POST /session/cd4e213f90090bc7497a341d701e98a6/elements - {"using":"xpath","value":"//button[@data-kt=\"addButton\"]"}
RESULT: {"using":"xpath","value":"//button[@data-kt=\"addButton\"]"}
COMMAND: POST /session/cd4e213f90090bc7497a341d701e98a6/elements - {"using":"xpath","value":"//button[@data-kt=\"addButton\"]"}
RESULT: {"using":"xpath","value":"//button[@data-kt=\"addButton\"]"}
COMMAND: POST /session/cd4e213f90090bc7497a341d701e98a6/elements - {"using":"xpath","value":"//button[@data-kt=\"addButton\"]"}
RESULT: {"using":"xpath","value":"//button[@data-kt=\"addButton\"]"}
COMMAND: POST /session/cd4e213f90090bc7497a341d701e98a6/elements - {"using":"xpath","value":"//button[@data-kt=\"addButton\"]"}
RESULT: {"using":"xpath","value":"//button[@data-kt=\"addButton\"]"}
COMMAND: POST /session/cd4e213f90090bc7497a341d701e98a6/elements - {"using":"xpath","value":"//button[@data-kt=\"addButton\"]"}
RESULT: {"using":"xpath","value":"//button[@data-kt=\"addButton\"]"}
COMMAND: POST /session/cd4e213f90090bc7497a341d701e98a6/elements - {"using":"xpath","value":"//button[@data-kt=\"addButton\"]"}
RESULT: {"using":"xpath","value":"//button[@data-kt=\"addButton\"]"}
COMMAND: POST /session/cd4e213f90090bc7497a341d701e98a6/elements - {"using":"xpath","value":"//button[@data-kt=\"addButton\"]"}
RESULT: {"using":"xpath","value":"//button[@data-kt=\"addButton\"]"}
COMMAND: POST /session/cd4e213f90090bc7497a341d701e98a6/elements - {"using":"xpath","value":"//button[@data-kt=\"addButton\"]"}
RESULT: {"using":"xpath","value":"//button[@data-kt=\"addButton\"]"}
COMMAND: POST /session/cd4e213f90090bc7497a341d701e98a6/elements - {"using":"xpath","value":"//button[@data-kt=\"addButton\"]"}
RESULT: {"using":"xpath","value":"//button[@data-kt=\"addButton\"]"}
COMMAND: POST /session/cd4e213f90090bc7497a341d701e98a6/elements - {"using":"xpath","value":"//button[@data-kt=\"addButton\"]"}
RESULT: {"using":"xpath","value":"//button[@data-kt=\"addButton\"]"}
COMMAND: POST /session/cd4e213f90090bc7497a341d701e98a6/elements - {"using":"xpath","value":"//button[@data-kt=\"addButton\"]"}
RESULT: {"using":"xpath","value":"//button[@data-kt=\"addButton\"]"}
COMMAND: POST /session/cd4e213f90090bc7497a341d701e98a6/elements - {"using":"xpath","value":"//button[@data-kt=\"addButton\"]"}
RESULT: {"using":"xpath","value":"//button[@data-kt=\"addButton\"]"}
COMMAND: POST /session/cd4e213f90090bc7497a341d701e98a6/elements - {"using":"xpath","value":"//button[@data-kt=\"addButton\"]"}
RESULT: {"using":"xpath","value":"//button[@data-kt=\"addButton\"]"}
COMMAND: POST /session/cd4e213f90090bc7497a341d701e98a6/elements - {"using":"xpath","value":"//button[@data-kt=\"addButton\"]"}
RESULT: {"using":"xpath","value":"//button[@data-kt=\"addButton\"]"}
COMMAND: POST /session/cd4e213f90090bc7497a341d701e98a6/elements - {"using":"xpath","value":"//button[@data-kt=\"addButton\"]"}
RESULT: {"using":"xpath","value":"//button[@data-kt=\"addButton\"]"}
COMMAND: POST /session/cd4e213f90090bc7497a341d701e98a6/elements - {"using":"xpath","value":"//button[@data-kt=\"addButton\"]"}
RESULT: {"using":"xpath","value":"//button[@data-kt=\"addButton\"]"}
COMMAND: POST /session/cd4e213f90090bc7497a341d701e98a6/elements - {"using":"xpath","value":"//button[@data-kt=\"addButton\"]"}
RESULT: {"using":"xpath","value":"//button[@data-kt=\"addButton\"]"}
COMMAND: POST /session/cd4e213f90090bc7497a341d701e98a6/elements - {"using":"xpath","value":"//button[@data-kt=\"addButton\"]"}
RESULT: {"using":"xpath","value":"//button[@data-kt=\"addButton\"]"}
COMMAND: POST /session/cd4e213f90090bc7497a341d701e98a6/elements - {"using":"xpath","value":"//button[@data-kt=\"addButton\"]"}
RESULT: {"using":"xpath","value":"//button[@data-kt=\"addButton\"]"}
COMMAND: POST /session/cd4e213f90090bc7497a341d701e98a6/elements - {"using":"xpath","value":"//button[@data-kt=\"addButton\"]"}
RESULT: {"using":"xpath","value":"//button[@data-kt=\"addButton\"]"}
COMMAND: POST /session/cd4e213f90090bc7497a341d701e98a6/elements - {"using":"xpath","value":"//button[@data-kt=\"addButton\"]"}
RESULT: {"using":"xpath","value":"//button[@data-kt=\"addButton\"]"}
COMMAND: POST /session/cd4e213f90090bc7497a341d701e98a6/elements - {"using":"xpath","value":"//button[@data-kt=\"addButton\"]"}
RESULT: {"using":"xpath","value":"//button[@data-kt=\"addButton\"]"}
COMMAND: GET /session/cd4e213f90090bc7497a341d701e98a6/screenshot - {}
RESULT: {}
]]></system-out>
      <system-err><![CDATA[
Error: element ("//button[@data-kt="addButton"]") still not existing after 45000ms
    at async UtilsPrerequisites.contractCreation (D:\a\1\s\test\specs\BTS\prerequisites-and-utils-functions.js:1711:9)
    at async Context.<anonymous> (D:\a\1\s\test\specs\HTR\provide-to-site-wo-warehouse-wo-clarification.spec.js:60:49)
]]></system-err>
    </testcase>
    <testcase classname="chrome.136_0_7103_93.windows.Provide_to_Site_w/o_warehouse_management_w/o_clarification" name="Should add equipment to the contract" time="60.381">
      <failure/>
      <error message="Can't call click on element with selector &quot;//button[@data-kt=&quot;contractDetailEditBtnButton&quot;]&quot; because element wasn't found"/>
      <system-out><![CDATA[
COMMAND: POST /session/cd4e213f90090bc7497a341d701e98a6/element - {"using":"xpath","value":"//button[@data-kt=\"contractDetailEditBtnButton\"]"}
COMMAND: GET /session/cd4e213f90090bc7497a341d701e98a6/screenshot - {}
RESULT: {"using":"xpath","value":"//button[@data-kt=\"contractDetailEditBtnButton\"]"}
COMMAND: POST /session/cd4e213f90090bc7497a341d701e98a6/elements - {"using":"xpath","value":"//button[@data-kt=\"contractDetailEditBtnButton\"]"}
RESULT: {}
RESULT: {"using":"xpath","value":"//button[@data-kt=\"contractDetailEditBtnButton\"]"}
COMMAND: POST /session/cd4e213f90090bc7497a341d701e98a6/elements - {"using":"xpath","value":"//button[@data-kt=\"contractDetailEditBtnButton\"]"}
RESULT: {"using":"xpath","value":"//button[@data-kt=\"contractDetailEditBtnButton\"]"}
COMMAND: POST /session/cd4e213f90090bc7497a341d701e98a6/elements - {"using":"xpath","value":"//button[@data-kt=\"contractDetailEditBtnButton\"]"}
RESULT: {"using":"xpath","value":"//button[@data-kt=\"contractDetailEditBtnButton\"]"}
COMMAND: POST /session/cd4e213f90090bc7497a341d701e98a6/elements - {"using":"xpath","value":"//button[@data-kt=\"contractDetailEditBtnButton\"]"}
RESULT: {"using":"xpath","value":"//button[@data-kt=\"contractDetailEditBtnButton\"]"}
COMMAND: POST /session/cd4e213f90090bc7497a341d701e98a6/elements - {"using":"xpath","value":"//button[@data-kt=\"contractDetailEditBtnButton\"]"}
RESULT: {"using":"xpath","value":"//button[@data-kt=\"contractDetailEditBtnButton\"]"}
COMMAND: POST /session/cd4e213f90090bc7497a341d701e98a6/elements - {"using":"xpath","value":"//button[@data-kt=\"contractDetailEditBtnButton\"]"}
RESULT: {"using":"xpath","value":"//button[@data-kt=\"contractDetailEditBtnButton\"]"}
COMMAND: POST /session/cd4e213f90090bc7497a341d701e98a6/elements - {"using":"xpath","value":"//button[@data-kt=\"contractDetailEditBtnButton\"]"}
RESULT: {"using":"xpath","value":"//button[@data-kt=\"contractDetailEditBtnButton\"]"}
COMMAND: POST /session/cd4e213f90090bc7497a341d701e98a6/elements - {"using":"xpath","value":"//button[@data-kt=\"contractDetailEditBtnButton\"]"}
RESULT: {"using":"xpath","value":"//button[@data-kt=\"contractDetailEditBtnButton\"]"}
COMMAND: POST /session/cd4e213f90090bc7497a341d701e98a6/elements - {"using":"xpath","value":"//button[@data-kt=\"contractDetailEditBtnButton\"]"}
RESULT: {"using":"xpath","value":"//button[@data-kt=\"contractDetailEditBtnButton\"]"}
COMMAND: POST /session/cd4e213f90090bc7497a341d701e98a6/elements - {"using":"xpath","value":"//button[@data-kt=\"contractDetailEditBtnButton\"]"}
RESULT: {"using":"xpath","value":"//button[@data-kt=\"contractDetailEditBtnButton\"]"}
COMMAND: POST /session/cd4e213f90090bc7497a341d701e98a6/elements - {"using":"xpath","value":"//button[@data-kt=\"contractDetailEditBtnButton\"]"}
RESULT: {"using":"xpath","value":"//button[@data-kt=\"contractDetailEditBtnButton\"]"}
COMMAND: POST /session/cd4e213f90090bc7497a341d701e98a6/elements - {"using":"xpath","value":"//button[@data-kt=\"contractDetailEditBtnButton\"]"}
RESULT: {"using":"xpath","value":"//button[@data-kt=\"contractDetailEditBtnButton\"]"}
COMMAND: POST /session/cd4e213f90090bc7497a341d701e98a6/elements - {"using":"xpath","value":"//button[@data-kt=\"contractDetailEditBtnButton\"]"}
RESULT: {"using":"xpath","value":"//button[@data-kt=\"contractDetailEditBtnButton\"]"}
COMMAND: POST /session/cd4e213f90090bc7497a341d701e98a6/elements - {"using":"xpath","value":"//button[@data-kt=\"contractDetailEditBtnButton\"]"}
RESULT: {"using":"xpath","value":"//button[@data-kt=\"contractDetailEditBtnButton\"]"}
COMMAND: POST /session/cd4e213f90090bc7497a341d701e98a6/elements - {"using":"xpath","value":"//button[@data-kt=\"contractDetailEditBtnButton\"]"}
RESULT: {"using":"xpath","value":"//button[@data-kt=\"contractDetailEditBtnButton\"]"}
COMMAND: POST /session/cd4e213f90090bc7497a341d701e98a6/elements - {"using":"xpath","value":"//button[@data-kt=\"contractDetailEditBtnButton\"]"}
RESULT: {"using":"xpath","value":"//button[@data-kt=\"contractDetailEditBtnButton\"]"}
COMMAND: POST /session/cd4e213f90090bc7497a341d701e98a6/elements - {"using":"xpath","value":"//button[@data-kt=\"contractDetailEditBtnButton\"]"}
RESULT: {"using":"xpath","value":"//button[@data-kt=\"contractDetailEditBtnButton\"]"}
COMMAND: POST /session/cd4e213f90090bc7497a341d701e98a6/elements - {"using":"xpath","value":"//button[@data-kt=\"contractDetailEditBtnButton\"]"}
RESULT: {"using":"xpath","value":"//button[@data-kt=\"contractDetailEditBtnButton\"]"}
COMMAND: POST /session/cd4e213f90090bc7497a341d701e98a6/elements - {"using":"xpath","value":"//button[@data-kt=\"contractDetailEditBtnButton\"]"}
RESULT: {"using":"xpath","value":"//button[@data-kt=\"contractDetailEditBtnButton\"]"}
COMMAND: POST /session/cd4e213f90090bc7497a341d701e98a6/elements - {"using":"xpath","value":"//button[@data-kt=\"contractDetailEditBtnButton\"]"}
RESULT: {"using":"xpath","value":"//button[@data-kt=\"contractDetailEditBtnButton\"]"}
COMMAND: POST /session/cd4e213f90090bc7497a341d701e98a6/elements - {"using":"xpath","value":"//button[@data-kt=\"contractDetailEditBtnButton\"]"}
RESULT: {"using":"xpath","value":"//button[@data-kt=\"contractDetailEditBtnButton\"]"}
COMMAND: POST /session/cd4e213f90090bc7497a341d701e98a6/elements - {"using":"xpath","value":"//button[@data-kt=\"contractDetailEditBtnButton\"]"}
RESULT: {"using":"xpath","value":"//button[@data-kt=\"contractDetailEditBtnButton\"]"}
COMMAND: POST /session/cd4e213f90090bc7497a341d701e98a6/elements - {"using":"xpath","value":"//button[@data-kt=\"contractDetailEditBtnButton\"]"}
RESULT: {"using":"xpath","value":"//button[@data-kt=\"contractDetailEditBtnButton\"]"}
COMMAND: POST /session/cd4e213f90090bc7497a341d701e98a6/elements - {"using":"xpath","value":"//button[@data-kt=\"contractDetailEditBtnButton\"]"}
RESULT: {"using":"xpath","value":"//button[@data-kt=\"contractDetailEditBtnButton\"]"}
COMMAND: POST /session/cd4e213f90090bc7497a341d701e98a6/elements - {"using":"xpath","value":"//button[@data-kt=\"contractDetailEditBtnButton\"]"}
RESULT: {"using":"xpath","value":"//button[@data-kt=\"contractDetailEditBtnButton\"]"}
COMMAND: POST /session/cd4e213f90090bc7497a341d701e98a6/elements - {"using":"xpath","value":"//button[@data-kt=\"contractDetailEditBtnButton\"]"}
RESULT: {"using":"xpath","value":"//button[@data-kt=\"contractDetailEditBtnButton\"]"}
COMMAND: POST /session/cd4e213f90090bc7497a341d701e98a6/elements - {"using":"xpath","value":"//button[@data-kt=\"contractDetailEditBtnButton\"]"}
RESULT: {"using":"xpath","value":"//button[@data-kt=\"contractDetailEditBtnButton\"]"}
COMMAND: POST /session/cd4e213f90090bc7497a341d701e98a6/elements - {"using":"xpath","value":"//button[@data-kt=\"contractDetailEditBtnButton\"]"}
RESULT: {"using":"xpath","value":"//button[@data-kt=\"contractDetailEditBtnButton\"]"}
COMMAND: POST /session/cd4e213f90090bc7497a341d701e98a6/elements - {"using":"xpath","value":"//button[@data-kt=\"contractDetailEditBtnButton\"]"}
RESULT: {"using":"xpath","value":"//button[@data-kt=\"contractDetailEditBtnButton\"]"}
COMMAND: POST /session/cd4e213f90090bc7497a341d701e98a6/elements - {"using":"xpath","value":"//button[@data-kt=\"contractDetailEditBtnButton\"]"}
RESULT: {"using":"xpath","value":"//button[@data-kt=\"contractDetailEditBtnButton\"]"}
COMMAND: POST /session/cd4e213f90090bc7497a341d701e98a6/elements - {"using":"xpath","value":"//button[@data-kt=\"contractDetailEditBtnButton\"]"}
RESULT: {"using":"xpath","value":"//button[@data-kt=\"contractDetailEditBtnButton\"]"}
COMMAND: POST /session/cd4e213f90090bc7497a341d701e98a6/elements - {"using":"xpath","value":"//button[@data-kt=\"contractDetailEditBtnButton\"]"}
RESULT: {"using":"xpath","value":"//button[@data-kt=\"contractDetailEditBtnButton\"]"}
COMMAND: POST /session/cd4e213f90090bc7497a341d701e98a6/elements - {"using":"xpath","value":"//button[@data-kt=\"contractDetailEditBtnButton\"]"}
RESULT: {"using":"xpath","value":"//button[@data-kt=\"contractDetailEditBtnButton\"]"}
COMMAND: POST /session/cd4e213f90090bc7497a341d701e98a6/elements - {"using":"xpath","value":"//button[@data-kt=\"contractDetailEditBtnButton\"]"}
RESULT: {"using":"xpath","value":"//button[@data-kt=\"contractDetailEditBtnButton\"]"}
COMMAND: POST /session/cd4e213f90090bc7497a341d701e98a6/elements - {"using":"xpath","value":"//button[@data-kt=\"contractDetailEditBtnButton\"]"}
RESULT: {"using":"xpath","value":"//button[@data-kt=\"contractDetailEditBtnButton\"]"}
COMMAND: POST /session/cd4e213f90090bc7497a341d701e98a6/elements - {"using":"xpath","value":"//button[@data-kt=\"contractDetailEditBtnButton\"]"}
RESULT: {"using":"xpath","value":"//button[@data-kt=\"contractDetailEditBtnButton\"]"}
COMMAND: POST /session/cd4e213f90090bc7497a341d701e98a6/elements - {"using":"xpath","value":"//button[@data-kt=\"contractDetailEditBtnButton\"]"}
RESULT: {"using":"xpath","value":"//button[@data-kt=\"contractDetailEditBtnButton\"]"}
COMMAND: POST /session/cd4e213f90090bc7497a341d701e98a6/elements - {"using":"xpath","value":"//button[@data-kt=\"contractDetailEditBtnButton\"]"}
RESULT: {"using":"xpath","value":"//button[@data-kt=\"contractDetailEditBtnButton\"]"}
COMMAND: POST /session/cd4e213f90090bc7497a341d701e98a6/elements - {"using":"xpath","value":"//button[@data-kt=\"contractDetailEditBtnButton\"]"}
RESULT: {"using":"xpath","value":"//button[@data-kt=\"contractDetailEditBtnButton\"]"}
COMMAND: POST /session/cd4e213f90090bc7497a341d701e98a6/elements - {"using":"xpath","value":"//button[@data-kt=\"contractDetailEditBtnButton\"]"}
RESULT: {"using":"xpath","value":"//button[@data-kt=\"contractDetailEditBtnButton\"]"}
COMMAND: POST /session/cd4e213f90090bc7497a341d701e98a6/elements - {"using":"xpath","value":"//button[@data-kt=\"contractDetailEditBtnButton\"]"}
RESULT: {"using":"xpath","value":"//button[@data-kt=\"contractDetailEditBtnButton\"]"}
COMMAND: POST /session/cd4e213f90090bc7497a341d701e98a6/elements - {"using":"xpath","value":"//button[@data-kt=\"contractDetailEditBtnButton\"]"}
RESULT: {"using":"xpath","value":"//button[@data-kt=\"contractDetailEditBtnButton\"]"}
COMMAND: POST /session/cd4e213f90090bc7497a341d701e98a6/elements - {"using":"xpath","value":"//button[@data-kt=\"contractDetailEditBtnButton\"]"}
RESULT: {"using":"xpath","value":"//button[@data-kt=\"contractDetailEditBtnButton\"]"}
COMMAND: POST /session/cd4e213f90090bc7497a341d701e98a6/elements - {"using":"xpath","value":"//button[@data-kt=\"contractDetailEditBtnButton\"]"}
RESULT: {"using":"xpath","value":"//button[@data-kt=\"contractDetailEditBtnButton\"]"}
COMMAND: POST /session/cd4e213f90090bc7497a341d701e98a6/elements - {"using":"xpath","value":"//button[@data-kt=\"contractDetailEditBtnButton\"]"}
RESULT: {"using":"xpath","value":"//button[@data-kt=\"contractDetailEditBtnButton\"]"}
COMMAND: POST /session/cd4e213f90090bc7497a341d701e98a6/elements - {"using":"xpath","value":"//button[@data-kt=\"contractDetailEditBtnButton\"]"}
RESULT: {"using":"xpath","value":"//button[@data-kt=\"contractDetailEditBtnButton\"]"}
COMMAND: POST /session/cd4e213f90090bc7497a341d701e98a6/elements - {"using":"xpath","value":"//button[@data-kt=\"contractDetailEditBtnButton\"]"}
RESULT: {"using":"xpath","value":"//button[@data-kt=\"contractDetailEditBtnButton\"]"}
COMMAND: POST /session/cd4e213f90090bc7497a341d701e98a6/elements - {"using":"xpath","value":"//button[@data-kt=\"contractDetailEditBtnButton\"]"}
RESULT: {"using":"xpath","value":"//button[@data-kt=\"contractDetailEditBtnButton\"]"}
COMMAND: POST /session/cd4e213f90090bc7497a341d701e98a6/elements - {"using":"xpath","value":"//button[@data-kt=\"contractDetailEditBtnButton\"]"}
RESULT: {"using":"xpath","value":"//button[@data-kt=\"contractDetailEditBtnButton\"]"}
COMMAND: POST /session/cd4e213f90090bc7497a341d701e98a6/elements - {"using":"xpath","value":"//button[@data-kt=\"contractDetailEditBtnButton\"]"}
RESULT: {"using":"xpath","value":"//button[@data-kt=\"contractDetailEditBtnButton\"]"}
COMMAND: POST /session/cd4e213f90090bc7497a341d701e98a6/elements - {"using":"xpath","value":"//button[@data-kt=\"contractDetailEditBtnButton\"]"}
RESULT: {"using":"xpath","value":"//button[@data-kt=\"contractDetailEditBtnButton\"]"}
COMMAND: POST /session/cd4e213f90090bc7497a341d701e98a6/elements - {"using":"xpath","value":"//button[@data-kt=\"contractDetailEditBtnButton\"]"}
RESULT: {"using":"xpath","value":"//button[@data-kt=\"contractDetailEditBtnButton\"]"}
COMMAND: POST /session/cd4e213f90090bc7497a341d701e98a6/elements - {"using":"xpath","value":"//button[@data-kt=\"contractDetailEditBtnButton\"]"}
RESULT: {"using":"xpath","value":"//button[@data-kt=\"contractDetailEditBtnButton\"]"}
COMMAND: POST /session/cd4e213f90090bc7497a341d701e98a6/elements - {"using":"xpath","value":"//button[@data-kt=\"contractDetailEditBtnButton\"]"}
RESULT: {"using":"xpath","value":"//button[@data-kt=\"contractDetailEditBtnButton\"]"}
COMMAND: POST /session/cd4e213f90090bc7497a341d701e98a6/elements - {"using":"xpath","value":"//button[@data-kt=\"contractDetailEditBtnButton\"]"}
RESULT: {"using":"xpath","value":"//button[@data-kt=\"contractDetailEditBtnButton\"]"}
COMMAND: POST /session/cd4e213f90090bc7497a341d701e98a6/elements - {"using":"xpath","value":"//button[@data-kt=\"contractDetailEditBtnButton\"]"}
RESULT: {"using":"xpath","value":"//button[@data-kt=\"contractDetailEditBtnButton\"]"}
COMMAND: POST /session/cd4e213f90090bc7497a341d701e98a6/elements - {"using":"xpath","value":"//button[@data-kt=\"contractDetailEditBtnButton\"]"}
RESULT: {"using":"xpath","value":"//button[@data-kt=\"contractDetailEditBtnButton\"]"}
COMMAND: POST /session/cd4e213f90090bc7497a341d701e98a6/elements - {"using":"xpath","value":"//button[@data-kt=\"contractDetailEditBtnButton\"]"}
RESULT: {"using":"xpath","value":"//button[@data-kt=\"contractDetailEditBtnButton\"]"}
COMMAND: POST /session/cd4e213f90090bc7497a341d701e98a6/elements - {"using":"xpath","value":"//button[@data-kt=\"contractDetailEditBtnButton\"]"}
RESULT: {"using":"xpath","value":"//button[@data-kt=\"contractDetailEditBtnButton\"]"}
COMMAND: POST /session/cd4e213f90090bc7497a341d701e98a6/elements - {"using":"xpath","value":"//button[@data-kt=\"contractDetailEditBtnButton\"]"}
RESULT: {"using":"xpath","value":"//button[@data-kt=\"contractDetailEditBtnButton\"]"}
COMMAND: POST /session/cd4e213f90090bc7497a341d701e98a6/elements - {"using":"xpath","value":"//button[@data-kt=\"contractDetailEditBtnButton\"]"}
RESULT: {"using":"xpath","value":"//button[@data-kt=\"contractDetailEditBtnButton\"]"}
COMMAND: POST /session/cd4e213f90090bc7497a341d701e98a6/elements - {"using":"xpath","value":"//button[@data-kt=\"contractDetailEditBtnButton\"]"}
RESULT: {"using":"xpath","value":"//button[@data-kt=\"contractDetailEditBtnButton\"]"}
COMMAND: POST /session/cd4e213f90090bc7497a341d701e98a6/elements - {"using":"xpath","value":"//button[@data-kt=\"contractDetailEditBtnButton\"]"}
RESULT: {"using":"xpath","value":"//button[@data-kt=\"contractDetailEditBtnButton\"]"}
COMMAND: POST /session/cd4e213f90090bc7497a341d701e98a6/elements - {"using":"xpath","value":"//button[@data-kt=\"contractDetailEditBtnButton\"]"}
RESULT: {"using":"xpath","value":"//button[@data-kt=\"contractDetailEditBtnButton\"]"}
COMMAND: POST /session/cd4e213f90090bc7497a341d701e98a6/elements - {"using":"xpath","value":"//button[@data-kt=\"contractDetailEditBtnButton\"]"}
RESULT: {"using":"xpath","value":"//button[@data-kt=\"contractDetailEditBtnButton\"]"}
COMMAND: POST /session/cd4e213f90090bc7497a341d701e98a6/elements - {"using":"xpath","value":"//button[@data-kt=\"contractDetailEditBtnButton\"]"}
RESULT: {"using":"xpath","value":"//button[@data-kt=\"contractDetailEditBtnButton\"]"}
COMMAND: POST /session/cd4e213f90090bc7497a341d701e98a6/elements - {"using":"xpath","value":"//button[@data-kt=\"contractDetailEditBtnButton\"]"}
RESULT: {"using":"xpath","value":"//button[@data-kt=\"contractDetailEditBtnButton\"]"}
COMMAND: POST /session/cd4e213f90090bc7497a341d701e98a6/elements - {"using":"xpath","value":"//button[@data-kt=\"contractDetailEditBtnButton\"]"}
RESULT: {"using":"xpath","value":"//button[@data-kt=\"contractDetailEditBtnButton\"]"}
COMMAND: POST /session/cd4e213f90090bc7497a341d701e98a6/elements - {"using":"xpath","value":"//button[@data-kt=\"contractDetailEditBtnButton\"]"}
RESULT: {"using":"xpath","value":"//button[@data-kt=\"contractDetailEditBtnButton\"]"}
COMMAND: POST /session/cd4e213f90090bc7497a341d701e98a6/elements - {"using":"xpath","value":"//button[@data-kt=\"contractDetailEditBtnButton\"]"}
RESULT: {"using":"xpath","value":"//button[@data-kt=\"contractDetailEditBtnButton\"]"}
COMMAND: POST /session/cd4e213f90090bc7497a341d701e98a6/elements - {"using":"xpath","value":"//button[@data-kt=\"contractDetailEditBtnButton\"]"}
RESULT: {"using":"xpath","value":"//button[@data-kt=\"contractDetailEditBtnButton\"]"}
COMMAND: POST /session/cd4e213f90090bc7497a341d701e98a6/elements - {"using":"xpath","value":"//button[@data-kt=\"contractDetailEditBtnButton\"]"}
RESULT: {"using":"xpath","value":"//button[@data-kt=\"contractDetailEditBtnButton\"]"}
COMMAND: POST /session/cd4e213f90090bc7497a341d701e98a6/elements - {"using":"xpath","value":"//button[@data-kt=\"contractDetailEditBtnButton\"]"}
RESULT: {"using":"xpath","value":"//button[@data-kt=\"contractDetailEditBtnButton\"]"}
COMMAND: POST /session/cd4e213f90090bc7497a341d701e98a6/elements - {"using":"xpath","value":"//button[@data-kt=\"contractDetailEditBtnButton\"]"}
RESULT: {"using":"xpath","value":"//button[@data-kt=\"contractDetailEditBtnButton\"]"}
COMMAND: POST /session/cd4e213f90090bc7497a341d701e98a6/elements - {"using":"xpath","value":"//button[@data-kt=\"contractDetailEditBtnButton\"]"}
RESULT: {"using":"xpath","value":"//button[@data-kt=\"contractDetailEditBtnButton\"]"}
COMMAND: POST /session/cd4e213f90090bc7497a341d701e98a6/elements - {"using":"xpath","value":"//button[@data-kt=\"contractDetailEditBtnButton\"]"}
RESULT: {"using":"xpath","value":"//button[@data-kt=\"contractDetailEditBtnButton\"]"}
COMMAND: POST /session/cd4e213f90090bc7497a341d701e98a6/elements - {"using":"xpath","value":"//button[@data-kt=\"contractDetailEditBtnButton\"]"}
RESULT: {"using":"xpath","value":"//button[@data-kt=\"contractDetailEditBtnButton\"]"}
COMMAND: POST /session/cd4e213f90090bc7497a341d701e98a6/elements - {"using":"xpath","value":"//button[@data-kt=\"contractDetailEditBtnButton\"]"}
RESULT: {"using":"xpath","value":"//button[@data-kt=\"contractDetailEditBtnButton\"]"}
COMMAND: POST /session/cd4e213f90090bc7497a341d701e98a6/elements - {"using":"xpath","value":"//button[@data-kt=\"contractDetailEditBtnButton\"]"}
RESULT: {"using":"xpath","value":"//button[@data-kt=\"contractDetailEditBtnButton\"]"}
COMMAND: POST /session/cd4e213f90090bc7497a341d701e98a6/elements - {"using":"xpath","value":"//button[@data-kt=\"contractDetailEditBtnButton\"]"}
RESULT: {"using":"xpath","value":"//button[@data-kt=\"contractDetailEditBtnButton\"]"}
COMMAND: POST /session/cd4e213f90090bc7497a341d701e98a6/elements - {"using":"xpath","value":"//button[@data-kt=\"contractDetailEditBtnButton\"]"}
RESULT: {"using":"xpath","value":"//button[@data-kt=\"contractDetailEditBtnButton\"]"}
COMMAND: POST /session/cd4e213f90090bc7497a341d701e98a6/elements - {"using":"xpath","value":"//button[@data-kt=\"contractDetailEditBtnButton\"]"}
RESULT: {"using":"xpath","value":"//button[@data-kt=\"contractDetailEditBtnButton\"]"}
COMMAND: POST /session/cd4e213f90090bc7497a341d701e98a6/elements - {"using":"xpath","value":"//button[@data-kt=\"contractDetailEditBtnButton\"]"}
RESULT: {"using":"xpath","value":"//button[@data-kt=\"contractDetailEditBtnButton\"]"}
COMMAND: POST /session/cd4e213f90090bc7497a341d701e98a6/elements - {"using":"xpath","value":"//button[@data-kt=\"contractDetailEditBtnButton\"]"}
RESULT: {"using":"xpath","value":"//button[@data-kt=\"contractDetailEditBtnButton\"]"}
COMMAND: POST /session/cd4e213f90090bc7497a341d701e98a6/elements - {"using":"xpath","value":"//button[@data-kt=\"contractDetailEditBtnButton\"]"}
RESULT: {"using":"xpath","value":"//button[@data-kt=\"contractDetailEditBtnButton\"]"}
COMMAND: POST /session/cd4e213f90090bc7497a341d701e98a6/elements - {"using":"xpath","value":"//button[@data-kt=\"contractDetailEditBtnButton\"]"}
RESULT: {"using":"xpath","value":"//button[@data-kt=\"contractDetailEditBtnButton\"]"}
COMMAND: POST /session/cd4e213f90090bc7497a341d701e98a6/elements - {"using":"xpath","value":"//button[@data-kt=\"contractDetailEditBtnButton\"]"}
RESULT: {"using":"xpath","value":"//button[@data-kt=\"contractDetailEditBtnButton\"]"}
COMMAND: POST /session/cd4e213f90090bc7497a341d701e98a6/elements - {"using":"xpath","value":"//button[@data-kt=\"contractDetailEditBtnButton\"]"}
RESULT: {"using":"xpath","value":"//button[@data-kt=\"contractDetailEditBtnButton\"]"}
COMMAND: POST /session/cd4e213f90090bc7497a341d701e98a6/elements - {"using":"xpath","value":"//button[@data-kt=\"contractDetailEditBtnButton\"]"}
RESULT: {"using":"xpath","value":"//button[@data-kt=\"contractDetailEditBtnButton\"]"}
COMMAND: POST /session/cd4e213f90090bc7497a341d701e98a6/elements - {"using":"xpath","value":"//button[@data-kt=\"contractDetailEditBtnButton\"]"}
RESULT: {"using":"xpath","value":"//button[@data-kt=\"contractDetailEditBtnButton\"]"}
COMMAND: POST /session/cd4e213f90090bc7497a341d701e98a6/elements - {"using":"xpath","value":"//button[@data-kt=\"contractDetailEditBtnButton\"]"}
RESULT: {"using":"xpath","value":"//button[@data-kt=\"contractDetailEditBtnButton\"]"}
COMMAND: POST /session/cd4e213f90090bc7497a341d701e98a6/elements - {"using":"xpath","value":"//button[@data-kt=\"contractDetailEditBtnButton\"]"}
RESULT: {"using":"xpath","value":"//button[@data-kt=\"contractDetailEditBtnButton\"]"}
COMMAND: POST /session/cd4e213f90090bc7497a341d701e98a6/elements - {"using":"xpath","value":"//button[@data-kt=\"contractDetailEditBtnButton\"]"}
RESULT: {"using":"xpath","value":"//button[@data-kt=\"contractDetailEditBtnButton\"]"}
COMMAND: POST /session/cd4e213f90090bc7497a341d701e98a6/elements - {"using":"xpath","value":"//button[@data-kt=\"contractDetailEditBtnButton\"]"}
RESULT: {"using":"xpath","value":"//button[@data-kt=\"contractDetailEditBtnButton\"]"}
COMMAND: POST /session/cd4e213f90090bc7497a341d701e98a6/elements - {"using":"xpath","value":"//button[@data-kt=\"contractDetailEditBtnButton\"]"}
RESULT: {"using":"xpath","value":"//button[@data-kt=\"contractDetailEditBtnButton\"]"}
COMMAND: POST /session/cd4e213f90090bc7497a341d701e98a6/elements - {"using":"xpath","value":"//button[@data-kt=\"contractDetailEditBtnButton\"]"}
RESULT: {"using":"xpath","value":"//button[@data-kt=\"contractDetailEditBtnButton\"]"}
COMMAND: POST /session/cd4e213f90090bc7497a341d701e98a6/elements - {"using":"xpath","value":"//button[@data-kt=\"contractDetailEditBtnButton\"]"}
RESULT: {"using":"xpath","value":"//button[@data-kt=\"contractDetailEditBtnButton\"]"}
COMMAND: POST /session/cd4e213f90090bc7497a341d701e98a6/elements - {"using":"xpath","value":"//button[@data-kt=\"contractDetailEditBtnButton\"]"}
RESULT: {"using":"xpath","value":"//button[@data-kt=\"contractDetailEditBtnButton\"]"}
COMMAND: POST /session/cd4e213f90090bc7497a341d701e98a6/elements - {"using":"xpath","value":"//button[@data-kt=\"contractDetailEditBtnButton\"]"}
RESULT: {"using":"xpath","value":"//button[@data-kt=\"contractDetailEditBtnButton\"]"}
COMMAND: POST /session/cd4e213f90090bc7497a341d701e98a6/elements - {"using":"xpath","value":"//button[@data-kt=\"contractDetailEditBtnButton\"]"}
RESULT: {"using":"xpath","value":"//button[@data-kt=\"contractDetailEditBtnButton\"]"}
COMMAND: POST /session/cd4e213f90090bc7497a341d701e98a6/elements - {"using":"xpath","value":"//button[@data-kt=\"contractDetailEditBtnButton\"]"}
RESULT: {"using":"xpath","value":"//button[@data-kt=\"contractDetailEditBtnButton\"]"}
COMMAND: POST /session/cd4e213f90090bc7497a341d701e98a6/elements - {"using":"xpath","value":"//button[@data-kt=\"contractDetailEditBtnButton\"]"}
RESULT: {"using":"xpath","value":"//button[@data-kt=\"contractDetailEditBtnButton\"]"}
COMMAND: POST /session/cd4e213f90090bc7497a341d701e98a6/elements - {"using":"xpath","value":"//button[@data-kt=\"contractDetailEditBtnButton\"]"}
RESULT: {"using":"xpath","value":"//button[@data-kt=\"contractDetailEditBtnButton\"]"}
COMMAND: POST /session/cd4e213f90090bc7497a341d701e98a6/elements - {"using":"xpath","value":"//button[@data-kt=\"contractDetailEditBtnButton\"]"}
RESULT: {"using":"xpath","value":"//button[@data-kt=\"contractDetailEditBtnButton\"]"}
COMMAND: POST /session/cd4e213f90090bc7497a341d701e98a6/elements - {"using":"xpath","value":"//button[@data-kt=\"contractDetailEditBtnButton\"]"}
RESULT: {"using":"xpath","value":"//button[@data-kt=\"contractDetailEditBtnButton\"]"}
COMMAND: POST /session/cd4e213f90090bc7497a341d701e98a6/elements - {"using":"xpath","value":"//button[@data-kt=\"contractDetailEditBtnButton\"]"}
RESULT: {"using":"xpath","value":"//button[@data-kt=\"contractDetailEditBtnButton\"]"}
COMMAND: POST /session/cd4e213f90090bc7497a341d701e98a6/elements - {"using":"xpath","value":"//button[@data-kt=\"contractDetailEditBtnButton\"]"}
RESULT: {"using":"xpath","value":"//button[@data-kt=\"contractDetailEditBtnButton\"]"}
COMMAND: POST /session/cd4e213f90090bc7497a341d701e98a6/elements - {"using":"xpath","value":"//button[@data-kt=\"contractDetailEditBtnButton\"]"}
RESULT: {"using":"xpath","value":"//button[@data-kt=\"contractDetailEditBtnButton\"]"}
COMMAND: POST /session/cd4e213f90090bc7497a341d701e98a6/elements - {"using":"xpath","value":"//button[@data-kt=\"contractDetailEditBtnButton\"]"}
RESULT: {"using":"xpath","value":"//button[@data-kt=\"contractDetailEditBtnButton\"]"}
COMMAND: POST /session/cd4e213f90090bc7497a341d701e98a6/elements - {"using":"xpath","value":"//button[@data-kt=\"contractDetailEditBtnButton\"]"}
RESULT: {"using":"xpath","value":"//button[@data-kt=\"contractDetailEditBtnButton\"]"}
COMMAND: POST /session/cd4e213f90090bc7497a341d701e98a6/elements - {"using":"xpath","value":"//button[@data-kt=\"contractDetailEditBtnButton\"]"}
RESULT: {"using":"xpath","value":"//button[@data-kt=\"contractDetailEditBtnButton\"]"}
COMMAND: POST /session/cd4e213f90090bc7497a341d701e98a6/elements - {"using":"xpath","value":"//button[@data-kt=\"contractDetailEditBtnButton\"]"}
RESULT: {"using":"xpath","value":"//button[@data-kt=\"contractDetailEditBtnButton\"]"}
COMMAND: POST /session/cd4e213f90090bc7497a341d701e98a6/elements - {"using":"xpath","value":"//button[@data-kt=\"contractDetailEditBtnButton\"]"}
RESULT: {"using":"xpath","value":"//button[@data-kt=\"contractDetailEditBtnButton\"]"}
COMMAND: POST /session/cd4e213f90090bc7497a341d701e98a6/elements - {"using":"xpath","value":"//button[@data-kt=\"contractDetailEditBtnButton\"]"}
RESULT: {"using":"xpath","value":"//button[@data-kt=\"contractDetailEditBtnButton\"]"}
COMMAND: POST /session/cd4e213f90090bc7497a341d701e98a6/elements - {"using":"xpath","value":"//button[@data-kt=\"contractDetailEditBtnButton\"]"}
RESULT: {"using":"xpath","value":"//button[@data-kt=\"contractDetailEditBtnButton\"]"}
COMMAND: POST /session/cd4e213f90090bc7497a341d701e98a6/elements - {"using":"xpath","value":"//button[@data-kt=\"contractDetailEditBtnButton\"]"}
RESULT: {"using":"xpath","value":"//button[@data-kt=\"contractDetailEditBtnButton\"]"}
COMMAND: POST /session/cd4e213f90090bc7497a341d701e98a6/elements - {"using":"xpath","value":"//button[@data-kt=\"contractDetailEditBtnButton\"]"}
RESULT: {"using":"xpath","value":"//button[@data-kt=\"contractDetailEditBtnButton\"]"}
COMMAND: POST /session/cd4e213f90090bc7497a341d701e98a6/elements - {"using":"xpath","value":"//button[@data-kt=\"contractDetailEditBtnButton\"]"}
RESULT: {"using":"xpath","value":"//button[@data-kt=\"contractDetailEditBtnButton\"]"}
COMMAND: POST /session/cd4e213f90090bc7497a341d701e98a6/elements - {"using":"xpath","value":"//button[@data-kt=\"contractDetailEditBtnButton\"]"}
RESULT: {"using":"xpath","value":"//button[@data-kt=\"contractDetailEditBtnButton\"]"}
COMMAND: POST /session/cd4e213f90090bc7497a341d701e98a6/elements - {"using":"xpath","value":"//button[@data-kt=\"contractDetailEditBtnButton\"]"}
RESULT: {"using":"xpath","value":"//button[@data-kt=\"contractDetailEditBtnButton\"]"}
COMMAND: GET /session/cd4e213f90090bc7497a341d701e98a6/screenshot - {}
RESULT: {}
]]></system-out>
      <system-err><![CDATA[
Error: Can't call click on element with selector "//button[@data-kt="contractDetailEditBtnButton"]" because element wasn't found
    at async UtilsPrerequisites.addItemToContract (D:\a\1\s\test\specs\BTS\prerequisites-and-utils-functions.js:1822:9)
    at async Context.<anonymous> (D:\a\1\s\test\specs\HTR\provide-to-site-wo-warehouse-wo-clarification.spec.js:64:9)
]]></system-err>
    </testcase>
    <testcase classname="chrome.136_0_7103_93.windows.Provide_to_Site_w/o_warehouse_management_w/o_clarification" name="Should do provide to site" time="60.758">
      <failure/>
      <error message="Can't call click on element with selector &quot;//button[@data-kt=&quot;provideButton&quot;]&quot; because element wasn't found"/>
      <system-out><![CDATA[
COMMAND: GET /session/cd4e213f90090bc7497a341d701e98a6/screenshot - {}
COMMAND: POST /session/cd4e213f90090bc7497a341d701e98a6/element - {"using":"xpath","value":"//button[@data-kt=\"provideButton\"]"}
RESULT: {}
RESULT: {"using":"xpath","value":"//button[@data-kt=\"provideButton\"]"}
COMMAND: POST /session/cd4e213f90090bc7497a341d701e98a6/elements - {"using":"xpath","value":"//button[@data-kt=\"provideButton\"]"}
RESULT: {"using":"xpath","value":"//button[@data-kt=\"provideButton\"]"}
COMMAND: POST /session/cd4e213f90090bc7497a341d701e98a6/elements - {"using":"xpath","value":"//button[@data-kt=\"provideButton\"]"}
RESULT: {"using":"xpath","value":"//button[@data-kt=\"provideButton\"]"}
COMMAND: POST /session/cd4e213f90090bc7497a341d701e98a6/elements - {"using":"xpath","value":"//button[@data-kt=\"provideButton\"]"}
RESULT: {"using":"xpath","value":"//button[@data-kt=\"provideButton\"]"}
COMMAND: POST /session/cd4e213f90090bc7497a341d701e98a6/elements - {"using":"xpath","value":"//button[@data-kt=\"provideButton\"]"}
RESULT: {"using":"xpath","value":"//button[@data-kt=\"provideButton\"]"}
COMMAND: POST /session/cd4e213f90090bc7497a341d701e98a6/elements - {"using":"xpath","value":"//button[@data-kt=\"provideButton\"]"}
RESULT: {"using":"xpath","value":"//button[@data-kt=\"provideButton\"]"}
COMMAND: POST /session/cd4e213f90090bc7497a341d701e98a6/elements - {"using":"xpath","value":"//button[@data-kt=\"provideButton\"]"}
RESULT: {"using":"xpath","value":"//button[@data-kt=\"provideButton\"]"}
COMMAND: POST /session/cd4e213f90090bc7497a341d701e98a6/elements - {"using":"xpath","value":"//button[@data-kt=\"provideButton\"]"}
RESULT: {"using":"xpath","value":"//button[@data-kt=\"provideButton\"]"}
COMMAND: POST /session/cd4e213f90090bc7497a341d701e98a6/elements - {"using":"xpath","value":"//button[@data-kt=\"provideButton\"]"}
RESULT: {"using":"xpath","value":"//button[@data-kt=\"provideButton\"]"}
COMMAND: POST /session/cd4e213f90090bc7497a341d701e98a6/elements - {"using":"xpath","value":"//button[@data-kt=\"provideButton\"]"}
RESULT: {"using":"xpath","value":"//button[@data-kt=\"provideButton\"]"}
COMMAND: POST /session/cd4e213f90090bc7497a341d701e98a6/elements - {"using":"xpath","value":"//button[@data-kt=\"provideButton\"]"}
RESULT: {"using":"xpath","value":"//button[@data-kt=\"provideButton\"]"}
COMMAND: POST /session/cd4e213f90090bc7497a341d701e98a6/elements - {"using":"xpath","value":"//button[@data-kt=\"provideButton\"]"}
RESULT: {"using":"xpath","value":"//button[@data-kt=\"provideButton\"]"}
COMMAND: POST /session/cd4e213f90090bc7497a341d701e98a6/elements - {"using":"xpath","value":"//button[@data-kt=\"provideButton\"]"}
RESULT: {"using":"xpath","value":"//button[@data-kt=\"provideButton\"]"}
COMMAND: POST /session/cd4e213f90090bc7497a341d701e98a6/elements - {"using":"xpath","value":"//button[@data-kt=\"provideButton\"]"}
RESULT: {"using":"xpath","value":"//button[@data-kt=\"provideButton\"]"}
COMMAND: POST /session/cd4e213f90090bc7497a341d701e98a6/elements - {"using":"xpath","value":"//button[@data-kt=\"provideButton\"]"}
RESULT: {"using":"xpath","value":"//button[@data-kt=\"provideButton\"]"}
COMMAND: POST /session/cd4e213f90090bc7497a341d701e98a6/elements - {"using":"xpath","value":"//button[@data-kt=\"provideButton\"]"}
RESULT: {"using":"xpath","value":"//button[@data-kt=\"provideButton\"]"}
COMMAND: POST /session/cd4e213f90090bc7497a341d701e98a6/elements - {"using":"xpath","value":"//button[@data-kt=\"provideButton\"]"}
RESULT: {"using":"xpath","value":"//button[@data-kt=\"provideButton\"]"}
COMMAND: POST /session/cd4e213f90090bc7497a341d701e98a6/elements - {"using":"xpath","value":"//button[@data-kt=\"provideButton\"]"}
RESULT: {"using":"xpath","value":"//button[@data-kt=\"provideButton\"]"}
COMMAND: POST /session/cd4e213f90090bc7497a341d701e98a6/elements - {"using":"xpath","value":"//button[@data-kt=\"provideButton\"]"}
RESULT: {"using":"xpath","value":"//button[@data-kt=\"provideButton\"]"}
COMMAND: POST /session/cd4e213f90090bc7497a341d701e98a6/elements - {"using":"xpath","value":"//button[@data-kt=\"provideButton\"]"}
RESULT: {"using":"xpath","value":"//button[@data-kt=\"provideButton\"]"}
COMMAND: POST /session/cd4e213f90090bc7497a341d701e98a6/elements - {"using":"xpath","value":"//button[@data-kt=\"provideButton\"]"}
RESULT: {"using":"xpath","value":"//button[@data-kt=\"provideButton\"]"}
COMMAND: POST /session/cd4e213f90090bc7497a341d701e98a6/elements - {"using":"xpath","value":"//button[@data-kt=\"provideButton\"]"}
RESULT: {"using":"xpath","value":"//button[@data-kt=\"provideButton\"]"}
COMMAND: POST /session/cd4e213f90090bc7497a341d701e98a6/elements - {"using":"xpath","value":"//button[@data-kt=\"provideButton\"]"}
RESULT: {"using":"xpath","value":"//button[@data-kt=\"provideButton\"]"}
COMMAND: POST /session/cd4e213f90090bc7497a341d701e98a6/elements - {"using":"xpath","value":"//button[@data-kt=\"provideButton\"]"}
RESULT: {"using":"xpath","value":"//button[@data-kt=\"provideButton\"]"}
COMMAND: POST /session/cd4e213f90090bc7497a341d701e98a6/elements - {"using":"xpath","value":"//button[@data-kt=\"provideButton\"]"}
RESULT: {"using":"xpath","value":"//button[@data-kt=\"provideButton\"]"}
COMMAND: POST /session/cd4e213f90090bc7497a341d701e98a6/elements - {"using":"xpath","value":"//button[@data-kt=\"provideButton\"]"}
RESULT: {"using":"xpath","value":"//button[@data-kt=\"provideButton\"]"}
COMMAND: POST /session/cd4e213f90090bc7497a341d701e98a6/elements - {"using":"xpath","value":"//button[@data-kt=\"provideButton\"]"}
RESULT: {"using":"xpath","value":"//button[@data-kt=\"provideButton\"]"}
COMMAND: POST /session/cd4e213f90090bc7497a341d701e98a6/elements - {"using":"xpath","value":"//button[@data-kt=\"provideButton\"]"}
RESULT: {"using":"xpath","value":"//button[@data-kt=\"provideButton\"]"}
COMMAND: POST /session/cd4e213f90090bc7497a341d701e98a6/elements - {"using":"xpath","value":"//button[@data-kt=\"provideButton\"]"}
RESULT: {"using":"xpath","value":"//button[@data-kt=\"provideButton\"]"}
COMMAND: POST /session/cd4e213f90090bc7497a341d701e98a6/elements - {"using":"xpath","value":"//button[@data-kt=\"provideButton\"]"}
RESULT: {"using":"xpath","value":"//button[@data-kt=\"provideButton\"]"}
COMMAND: POST /session/cd4e213f90090bc7497a341d701e98a6/elements - {"using":"xpath","value":"//button[@data-kt=\"provideButton\"]"}
RESULT: {"using":"xpath","value":"//button[@data-kt=\"provideButton\"]"}
COMMAND: POST /session/cd4e213f90090bc7497a341d701e98a6/elements - {"using":"xpath","value":"//button[@data-kt=\"provideButton\"]"}
RESULT: {"using":"xpath","value":"//button[@data-kt=\"provideButton\"]"}
COMMAND: POST /session/cd4e213f90090bc7497a341d701e98a6/elements - {"using":"xpath","value":"//button[@data-kt=\"provideButton\"]"}
RESULT: {"using":"xpath","value":"//button[@data-kt=\"provideButton\"]"}
COMMAND: POST /session/cd4e213f90090bc7497a341d701e98a6/elements - {"using":"xpath","value":"//button[@data-kt=\"provideButton\"]"}
RESULT: {"using":"xpath","value":"//button[@data-kt=\"provideButton\"]"}
COMMAND: POST /session/cd4e213f90090bc7497a341d701e98a6/elements - {"using":"xpath","value":"//button[@data-kt=\"provideButton\"]"}
RESULT: {"using":"xpath","value":"//button[@data-kt=\"provideButton\"]"}
COMMAND: POST /session/cd4e213f90090bc7497a341d701e98a6/elements - {"using":"xpath","value":"//button[@data-kt=\"provideButton\"]"}
RESULT: {"using":"xpath","value":"//button[@data-kt=\"provideButton\"]"}
COMMAND: POST /session/cd4e213f90090bc7497a341d701e98a6/elements - {"using":"xpath","value":"//button[@data-kt=\"provideButton\"]"}
RESULT: {"using":"xpath","value":"//button[@data-kt=\"provideButton\"]"}
COMMAND: POST /session/cd4e213f90090bc7497a341d701e98a6/elements - {"using":"xpath","value":"//button[@data-kt=\"provideButton\"]"}
RESULT: {"using":"xpath","value":"//button[@data-kt=\"provideButton\"]"}
COMMAND: POST /session/cd4e213f90090bc7497a341d701e98a6/elements - {"using":"xpath","value":"//button[@data-kt=\"provideButton\"]"}
RESULT: {"using":"xpath","value":"//button[@data-kt=\"provideButton\"]"}
COMMAND: POST /session/cd4e213f90090bc7497a341d701e98a6/elements - {"using":"xpath","value":"//button[@data-kt=\"provideButton\"]"}
RESULT: {"using":"xpath","value":"//button[@data-kt=\"provideButton\"]"}
COMMAND: POST /session/cd4e213f90090bc7497a341d701e98a6/elements - {"using":"xpath","value":"//button[@data-kt=\"provideButton\"]"}
RESULT: {"using":"xpath","value":"//button[@data-kt=\"provideButton\"]"}
COMMAND: POST /session/cd4e213f90090bc7497a341d701e98a6/elements - {"using":"xpath","value":"//button[@data-kt=\"provideButton\"]"}
RESULT: {"using":"xpath","value":"//button[@data-kt=\"provideButton\"]"}
COMMAND: POST /session/cd4e213f90090bc7497a341d701e98a6/elements - {"using":"xpath","value":"//button[@data-kt=\"provideButton\"]"}
RESULT: {"using":"xpath","value":"//button[@data-kt=\"provideButton\"]"}
COMMAND: POST /session/cd4e213f90090bc7497a341d701e98a6/elements - {"using":"xpath","value":"//button[@data-kt=\"provideButton\"]"}
RESULT: {"using":"xpath","value":"//button[@data-kt=\"provideButton\"]"}
COMMAND: POST /session/cd4e213f90090bc7497a341d701e98a6/elements - {"using":"xpath","value":"//button[@data-kt=\"provideButton\"]"}
RESULT: {"using":"xpath","value":"//button[@data-kt=\"provideButton\"]"}
COMMAND: POST /session/cd4e213f90090bc7497a341d701e98a6/elements - {"using":"xpath","value":"//button[@data-kt=\"provideButton\"]"}
RESULT: {"using":"xpath","value":"//button[@data-kt=\"provideButton\"]"}
COMMAND: POST /session/cd4e213f90090bc7497a341d701e98a6/elements - {"using":"xpath","value":"//button[@data-kt=\"provideButton\"]"}
RESULT: {"using":"xpath","value":"//button[@data-kt=\"provideButton\"]"}
COMMAND: POST /session/cd4e213f90090bc7497a341d701e98a6/elements - {"using":"xpath","value":"//button[@data-kt=\"provideButton\"]"}
RESULT: {"using":"xpath","value":"//button[@data-kt=\"provideButton\"]"}
COMMAND: POST /session/cd4e213f90090bc7497a341d701e98a6/elements - {"using":"xpath","value":"//button[@data-kt=\"provideButton\"]"}
RESULT: {"using":"xpath","value":"//button[@data-kt=\"provideButton\"]"}
COMMAND: POST /session/cd4e213f90090bc7497a341d701e98a6/elements - {"using":"xpath","value":"//button[@data-kt=\"provideButton\"]"}
RESULT: {"using":"xpath","value":"//button[@data-kt=\"provideButton\"]"}
COMMAND: POST /session/cd4e213f90090bc7497a341d701e98a6/elements - {"using":"xpath","value":"//button[@data-kt=\"provideButton\"]"}
RESULT: {"using":"xpath","value":"//button[@data-kt=\"provideButton\"]"}
COMMAND: POST /session/cd4e213f90090bc7497a341d701e98a6/elements - {"using":"xpath","value":"//button[@data-kt=\"provideButton\"]"}
RESULT: {"using":"xpath","value":"//button[@data-kt=\"provideButton\"]"}
COMMAND: POST /session/cd4e213f90090bc7497a341d701e98a6/elements - {"using":"xpath","value":"//button[@data-kt=\"provideButton\"]"}
RESULT: {"using":"xpath","value":"//button[@data-kt=\"provideButton\"]"}
COMMAND: POST /session/cd4e213f90090bc7497a341d701e98a6/elements - {"using":"xpath","value":"//button[@data-kt=\"provideButton\"]"}
RESULT: {"using":"xpath","value":"//button[@data-kt=\"provideButton\"]"}
COMMAND: POST /session/cd4e213f90090bc7497a341d701e98a6/elements - {"using":"xpath","value":"//button[@data-kt=\"provideButton\"]"}
RESULT: {"using":"xpath","value":"//button[@data-kt=\"provideButton\"]"}
COMMAND: POST /session/cd4e213f90090bc7497a341d701e98a6/elements - {"using":"xpath","value":"//button[@data-kt=\"provideButton\"]"}
RESULT: {"using":"xpath","value":"//button[@data-kt=\"provideButton\"]"}
COMMAND: POST /session/cd4e213f90090bc7497a341d701e98a6/elements - {"using":"xpath","value":"//button[@data-kt=\"provideButton\"]"}
RESULT: {"using":"xpath","value":"//button[@data-kt=\"provideButton\"]"}
COMMAND: POST /session/cd4e213f90090bc7497a341d701e98a6/elements - {"using":"xpath","value":"//button[@data-kt=\"provideButton\"]"}
RESULT: {"using":"xpath","value":"//button[@data-kt=\"provideButton\"]"}
COMMAND: POST /session/cd4e213f90090bc7497a341d701e98a6/elements - {"using":"xpath","value":"//button[@data-kt=\"provideButton\"]"}
RESULT: {"using":"xpath","value":"//button[@data-kt=\"provideButton\"]"}
COMMAND: POST /session/cd4e213f90090bc7497a341d701e98a6/elements - {"using":"xpath","value":"//button[@data-kt=\"provideButton\"]"}
RESULT: {"using":"xpath","value":"//button[@data-kt=\"provideButton\"]"}
COMMAND: POST /session/cd4e213f90090bc7497a341d701e98a6/elements - {"using":"xpath","value":"//button[@data-kt=\"provideButton\"]"}
RESULT: {"using":"xpath","value":"//button[@data-kt=\"provideButton\"]"}
COMMAND: POST /session/cd4e213f90090bc7497a341d701e98a6/elements - {"using":"xpath","value":"//button[@data-kt=\"provideButton\"]"}
RESULT: {"using":"xpath","value":"//button[@data-kt=\"provideButton\"]"}
COMMAND: POST /session/cd4e213f90090bc7497a341d701e98a6/elements - {"using":"xpath","value":"//button[@data-kt=\"provideButton\"]"}
RESULT: {"using":"xpath","value":"//button[@data-kt=\"provideButton\"]"}
COMMAND: POST /session/cd4e213f90090bc7497a341d701e98a6/elements - {"using":"xpath","value":"//button[@data-kt=\"provideButton\"]"}
RESULT: {"using":"xpath","value":"//button[@data-kt=\"provideButton\"]"}
COMMAND: POST /session/cd4e213f90090bc7497a341d701e98a6/elements - {"using":"xpath","value":"//button[@data-kt=\"provideButton\"]"}
RESULT: {"using":"xpath","value":"//button[@data-kt=\"provideButton\"]"}
COMMAND: POST /session/cd4e213f90090bc7497a341d701e98a6/elements - {"using":"xpath","value":"//button[@data-kt=\"provideButton\"]"}
RESULT: {"using":"xpath","value":"//button[@data-kt=\"provideButton\"]"}
COMMAND: POST /session/cd4e213f90090bc7497a341d701e98a6/elements - {"using":"xpath","value":"//button[@data-kt=\"provideButton\"]"}
RESULT: {"using":"xpath","value":"//button[@data-kt=\"provideButton\"]"}
COMMAND: POST /session/cd4e213f90090bc7497a341d701e98a6/elements - {"using":"xpath","value":"//button[@data-kt=\"provideButton\"]"}
RESULT: {"using":"xpath","value":"//button[@data-kt=\"provideButton\"]"}
COMMAND: POST /session/cd4e213f90090bc7497a341d701e98a6/elements - {"using":"xpath","value":"//button[@data-kt=\"provideButton\"]"}
RESULT: {"using":"xpath","value":"//button[@data-kt=\"provideButton\"]"}
COMMAND: POST /session/cd4e213f90090bc7497a341d701e98a6/elements - {"using":"xpath","value":"//button[@data-kt=\"provideButton\"]"}
RESULT: {"using":"xpath","value":"//button[@data-kt=\"provideButton\"]"}
COMMAND: POST /session/cd4e213f90090bc7497a341d701e98a6/elements - {"using":"xpath","value":"//button[@data-kt=\"provideButton\"]"}
RESULT: {"using":"xpath","value":"//button[@data-kt=\"provideButton\"]"}
COMMAND: POST /session/cd4e213f90090bc7497a341d701e98a6/elements - {"using":"xpath","value":"//button[@data-kt=\"provideButton\"]"}
RESULT: {"using":"xpath","value":"//button[@data-kt=\"provideButton\"]"}
COMMAND: POST /session/cd4e213f90090bc7497a341d701e98a6/elements - {"using":"xpath","value":"//button[@data-kt=\"provideButton\"]"}
RESULT: {"using":"xpath","value":"//button[@data-kt=\"provideButton\"]"}
COMMAND: POST /session/cd4e213f90090bc7497a341d701e98a6/elements - {"using":"xpath","value":"//button[@data-kt=\"provideButton\"]"}
RESULT: {"using":"xpath","value":"//button[@data-kt=\"provideButton\"]"}
COMMAND: POST /session/cd4e213f90090bc7497a341d701e98a6/elements - {"using":"xpath","value":"//button[@data-kt=\"provideButton\"]"}
RESULT: {"using":"xpath","value":"//button[@data-kt=\"provideButton\"]"}
COMMAND: POST /session/cd4e213f90090bc7497a341d701e98a6/elements - {"using":"xpath","value":"//button[@data-kt=\"provideButton\"]"}
RESULT: {"using":"xpath","value":"//button[@data-kt=\"provideButton\"]"}
COMMAND: POST /session/cd4e213f90090bc7497a341d701e98a6/elements - {"using":"xpath","value":"//button[@data-kt=\"provideButton\"]"}
RESULT: {"using":"xpath","value":"//button[@data-kt=\"provideButton\"]"}
COMMAND: POST /session/cd4e213f90090bc7497a341d701e98a6/elements - {"using":"xpath","value":"//button[@data-kt=\"provideButton\"]"}
RESULT: {"using":"xpath","value":"//button[@data-kt=\"provideButton\"]"}
COMMAND: POST /session/cd4e213f90090bc7497a341d701e98a6/elements - {"using":"xpath","value":"//button[@data-kt=\"provideButton\"]"}
RESULT: {"using":"xpath","value":"//button[@data-kt=\"provideButton\"]"}
COMMAND: POST /session/cd4e213f90090bc7497a341d701e98a6/elements - {"using":"xpath","value":"//button[@data-kt=\"provideButton\"]"}
RESULT: {"using":"xpath","value":"//button[@data-kt=\"provideButton\"]"}
COMMAND: POST /session/cd4e213f90090bc7497a341d701e98a6/elements - {"using":"xpath","value":"//button[@data-kt=\"provideButton\"]"}
RESULT: {"using":"xpath","value":"//button[@data-kt=\"provideButton\"]"}
COMMAND: POST /session/cd4e213f90090bc7497a341d701e98a6/elements - {"using":"xpath","value":"//button[@data-kt=\"provideButton\"]"}
RESULT: {"using":"xpath","value":"//button[@data-kt=\"provideButton\"]"}
COMMAND: POST /session/cd4e213f90090bc7497a341d701e98a6/elements - {"using":"xpath","value":"//button[@data-kt=\"provideButton\"]"}
RESULT: {"using":"xpath","value":"//button[@data-kt=\"provideButton\"]"}
COMMAND: POST /session/cd4e213f90090bc7497a341d701e98a6/elements - {"using":"xpath","value":"//button[@data-kt=\"provideButton\"]"}
RESULT: {"using":"xpath","value":"//button[@data-kt=\"provideButton\"]"}
COMMAND: POST /session/cd4e213f90090bc7497a341d701e98a6/elements - {"using":"xpath","value":"//button[@data-kt=\"provideButton\"]"}
RESULT: {"using":"xpath","value":"//button[@data-kt=\"provideButton\"]"}
COMMAND: POST /session/cd4e213f90090bc7497a341d701e98a6/elements - {"using":"xpath","value":"//button[@data-kt=\"provideButton\"]"}
RESULT: {"using":"xpath","value":"//button[@data-kt=\"provideButton\"]"}
COMMAND: POST /session/cd4e213f90090bc7497a341d701e98a6/elements - {"using":"xpath","value":"//button[@data-kt=\"provideButton\"]"}
RESULT: {"using":"xpath","value":"//button[@data-kt=\"provideButton\"]"}
COMMAND: POST /session/cd4e213f90090bc7497a341d701e98a6/elements - {"using":"xpath","value":"//button[@data-kt=\"provideButton\"]"}
RESULT: {"using":"xpath","value":"//button[@data-kt=\"provideButton\"]"}
COMMAND: POST /session/cd4e213f90090bc7497a341d701e98a6/elements - {"using":"xpath","value":"//button[@data-kt=\"provideButton\"]"}
RESULT: {"using":"xpath","value":"//button[@data-kt=\"provideButton\"]"}
COMMAND: POST /session/cd4e213f90090bc7497a341d701e98a6/elements - {"using":"xpath","value":"//button[@data-kt=\"provideButton\"]"}
RESULT: {"using":"xpath","value":"//button[@data-kt=\"provideButton\"]"}
COMMAND: POST /session/cd4e213f90090bc7497a341d701e98a6/elements - {"using":"xpath","value":"//button[@data-kt=\"provideButton\"]"}
RESULT: {"using":"xpath","value":"//button[@data-kt=\"provideButton\"]"}
COMMAND: POST /session/cd4e213f90090bc7497a341d701e98a6/elements - {"using":"xpath","value":"//button[@data-kt=\"provideButton\"]"}
RESULT: {"using":"xpath","value":"//button[@data-kt=\"provideButton\"]"}
COMMAND: POST /session/cd4e213f90090bc7497a341d701e98a6/elements - {"using":"xpath","value":"//button[@data-kt=\"provideButton\"]"}
RESULT: {"using":"xpath","value":"//button[@data-kt=\"provideButton\"]"}
COMMAND: POST /session/cd4e213f90090bc7497a341d701e98a6/elements - {"using":"xpath","value":"//button[@data-kt=\"provideButton\"]"}
RESULT: {"using":"xpath","value":"//button[@data-kt=\"provideButton\"]"}
COMMAND: POST /session/cd4e213f90090bc7497a341d701e98a6/elements - {"using":"xpath","value":"//button[@data-kt=\"provideButton\"]"}
RESULT: {"using":"xpath","value":"//button[@data-kt=\"provideButton\"]"}
COMMAND: POST /session/cd4e213f90090bc7497a341d701e98a6/elements - {"using":"xpath","value":"//button[@data-kt=\"provideButton\"]"}
RESULT: {"using":"xpath","value":"//button[@data-kt=\"provideButton\"]"}
COMMAND: POST /session/cd4e213f90090bc7497a341d701e98a6/elements - {"using":"xpath","value":"//button[@data-kt=\"provideButton\"]"}
RESULT: {"using":"xpath","value":"//button[@data-kt=\"provideButton\"]"}
COMMAND: POST /session/cd4e213f90090bc7497a341d701e98a6/elements - {"using":"xpath","value":"//button[@data-kt=\"provideButton\"]"}
RESULT: {"using":"xpath","value":"//button[@data-kt=\"provideButton\"]"}
COMMAND: POST /session/cd4e213f90090bc7497a341d701e98a6/elements - {"using":"xpath","value":"//button[@data-kt=\"provideButton\"]"}
RESULT: {"using":"xpath","value":"//button[@data-kt=\"provideButton\"]"}
COMMAND: POST /session/cd4e213f90090bc7497a341d701e98a6/elements - {"using":"xpath","value":"//button[@data-kt=\"provideButton\"]"}
RESULT: {"using":"xpath","value":"//button[@data-kt=\"provideButton\"]"}
COMMAND: POST /session/cd4e213f90090bc7497a341d701e98a6/elements - {"using":"xpath","value":"//button[@data-kt=\"provideButton\"]"}
RESULT: {"using":"xpath","value":"//button[@data-kt=\"provideButton\"]"}
COMMAND: POST /session/cd4e213f90090bc7497a341d701e98a6/elements - {"using":"xpath","value":"//button[@data-kt=\"provideButton\"]"}
RESULT: {"using":"xpath","value":"//button[@data-kt=\"provideButton\"]"}
COMMAND: POST /session/cd4e213f90090bc7497a341d701e98a6/elements - {"using":"xpath","value":"//button[@data-kt=\"provideButton\"]"}
RESULT: {"using":"xpath","value":"//button[@data-kt=\"provideButton\"]"}
COMMAND: POST /session/cd4e213f90090bc7497a341d701e98a6/elements - {"using":"xpath","value":"//button[@data-kt=\"provideButton\"]"}
RESULT: {"using":"xpath","value":"//button[@data-kt=\"provideButton\"]"}
COMMAND: POST /session/cd4e213f90090bc7497a341d701e98a6/elements - {"using":"xpath","value":"//button[@data-kt=\"provideButton\"]"}
RESULT: {"using":"xpath","value":"//button[@data-kt=\"provideButton\"]"}
COMMAND: POST /session/cd4e213f90090bc7497a341d701e98a6/elements - {"using":"xpath","value":"//button[@data-kt=\"provideButton\"]"}
RESULT: {"using":"xpath","value":"//button[@data-kt=\"provideButton\"]"}
COMMAND: POST /session/cd4e213f90090bc7497a341d701e98a6/elements - {"using":"xpath","value":"//button[@data-kt=\"provideButton\"]"}
RESULT: {"using":"xpath","value":"//button[@data-kt=\"provideButton\"]"}
COMMAND: POST /session/cd4e213f90090bc7497a341d701e98a6/elements - {"using":"xpath","value":"//button[@data-kt=\"provideButton\"]"}
RESULT: {"using":"xpath","value":"//button[@data-kt=\"provideButton\"]"}
COMMAND: POST /session/cd4e213f90090bc7497a341d701e98a6/elements - {"using":"xpath","value":"//button[@data-kt=\"provideButton\"]"}
RESULT: {"using":"xpath","value":"//button[@data-kt=\"provideButton\"]"}
COMMAND: POST /session/cd4e213f90090bc7497a341d701e98a6/elements - {"using":"xpath","value":"//button[@data-kt=\"provideButton\"]"}
RESULT: {"using":"xpath","value":"//button[@data-kt=\"provideButton\"]"}
COMMAND: POST /session/cd4e213f90090bc7497a341d701e98a6/elements - {"using":"xpath","value":"//button[@data-kt=\"provideButton\"]"}
RESULT: {"using":"xpath","value":"//button[@data-kt=\"provideButton\"]"}
COMMAND: POST /session/cd4e213f90090bc7497a341d701e98a6/elements - {"using":"xpath","value":"//button[@data-kt=\"provideButton\"]"}
RESULT: {"using":"xpath","value":"//button[@data-kt=\"provideButton\"]"}
COMMAND: POST /session/cd4e213f90090bc7497a341d701e98a6/elements - {"using":"xpath","value":"//button[@data-kt=\"provideButton\"]"}
RESULT: {"using":"xpath","value":"//button[@data-kt=\"provideButton\"]"}
COMMAND: POST /session/cd4e213f90090bc7497a341d701e98a6/elements - {"using":"xpath","value":"//button[@data-kt=\"provideButton\"]"}
RESULT: {"using":"xpath","value":"//button[@data-kt=\"provideButton\"]"}
COMMAND: POST /session/cd4e213f90090bc7497a341d701e98a6/elements - {"using":"xpath","value":"//button[@data-kt=\"provideButton\"]"}
RESULT: {"using":"xpath","value":"//button[@data-kt=\"provideButton\"]"}
COMMAND: POST /session/cd4e213f90090bc7497a341d701e98a6/elements - {"using":"xpath","value":"//button[@data-kt=\"provideButton\"]"}
RESULT: {"using":"xpath","value":"//button[@data-kt=\"provideButton\"]"}
COMMAND: POST /session/cd4e213f90090bc7497a341d701e98a6/elements - {"using":"xpath","value":"//button[@data-kt=\"provideButton\"]"}
RESULT: {"using":"xpath","value":"//button[@data-kt=\"provideButton\"]"}
COMMAND: POST /session/cd4e213f90090bc7497a341d701e98a6/elements - {"using":"xpath","value":"//button[@data-kt=\"provideButton\"]"}
RESULT: {"using":"xpath","value":"//button[@data-kt=\"provideButton\"]"}
COMMAND: POST /session/cd4e213f90090bc7497a341d701e98a6/elements - {"using":"xpath","value":"//button[@data-kt=\"provideButton\"]"}
RESULT: {"using":"xpath","value":"//button[@data-kt=\"provideButton\"]"}
COMMAND: POST /session/cd4e213f90090bc7497a341d701e98a6/elements - {"using":"xpath","value":"//button[@data-kt=\"provideButton\"]"}
RESULT: {"using":"xpath","value":"//button[@data-kt=\"provideButton\"]"}
COMMAND: POST /session/cd4e213f90090bc7497a341d701e98a6/elements - {"using":"xpath","value":"//button[@data-kt=\"provideButton\"]"}
RESULT: {"using":"xpath","value":"//button[@data-kt=\"provideButton\"]"}
COMMAND: POST /session/cd4e213f90090bc7497a341d701e98a6/elements - {"using":"xpath","value":"//button[@data-kt=\"provideButton\"]"}
COMMAND: GET /session/cd4e213f90090bc7497a341d701e98a6/screenshot - {}
RESULT: {"using":"xpath","value":"//button[@data-kt=\"provideButton\"]"}
RESULT: {}
]]></system-out>
      <system-err><![CDATA[
Error: Can't call click on element with selector "//button[@data-kt="provideButton"]" because element wasn't found
    at async Context.<anonymous> (D:\a\1\s\test\specs\HTR\provide-to-site-wo-warehouse-wo-clarification.spec.js:69:9)
]]></system-err>
    </testcase>
    <testcase classname="chrome.136_0_7103_93.windows.Provide_to_Site_w/o_warehouse_management_w/o_clarification" name="Should Test for Handover Execution" time="19.779">
      <system-out><![CDATA[
COMMAND: GET /session/cd4e213f90090bc7497a341d701e98a6/screenshot - {}
COMMAND: POST /session/cd4e213f90090bc7497a341d701e98a6/element - {"using":"xpath","value":"(//span[contains(@id, \"imgNav\")])[1]"}
RESULT: {"using":"xpath","value":"(//span[contains(@id, \"imgNav\")])[1]"}
COMMAND: POST /session/cd4e213f90090bc7497a341d701e98a6/element/f.3EFE59E47BCAC700A535F57DF4769BD4.d.7BD39FEDC192214E082081BF1923EA87.e.11078/click - {}
RESULT: {}
RESULT: {}
COMMAND: GET /session/cd4e213f90090bc7497a341d701e98a6/screenshot - {}
RESULT: {}
COMMAND: POST /session/cd4e213f90090bc7497a341d701e98a6/element - {"using":"css selector","value":"#shell-header-logo"}
RESULT: {"using":"css selector","value":"#shell-header-logo"}
COMMAND: POST /session/cd4e213f90090bc7497a341d701e98a6/element/f.3EFE59E47BCAC700A535F57DF4769BD4.d.7BD39FEDC192214E082081BF1923EA87.e.11020/click - {}
RESULT: {}
COMMAND: GET /session/cd4e213f90090bc7497a341d701e98a6/screenshot - {}
RESULT: {}
]]></system-out>
    </testcase>
    <testcase classname="chrome.136_0_7103_93.windows.Provide_to_Site_w/o_warehouse_management_w/o_clarification" name="Should test for Clarification" time="0.005">
      <system-out><![CDATA[
COMMAND: POST /session/cd4e213f90090bc7497a341d701e98a6/element - {"using":"css selector","value":"#j_username"}
COMMAND: POST /session/cd4e213f90090bc7497a341d701e98a6/url - {"url":"https://qa-testing-00-live-etm-ui.cfapps.eu10-004.hana.ondemand.com/"}
COMMAND: GET /session/cd4e213f90090bc7497a341d701e98a6/screenshot - {}
RESULT: {"using":"css selector","value":"#j_username"}
COMMAND: POST /session/cd4e213f90090bc7497a341d701e98a6/element - {"using":"css selector","value":"#j_username"}
RESULT: {"url":"https://qa-testing-00-live-etm-ui.cfapps.eu10-004.hana.ondemand.com/"}
RESULT: undefined
COMMAND: GET /session/cd4e213f90090bc7497a341d701e98a6/screenshot - {}
RESULT: {}
RESULT: {"using":"css selector","value":"#j_username"}
COMMAND: POST /session/cd4e213f90090bc7497a341d701e98a6/element - {"using":"css selector","value":"#shell-header-logo"}
RESULT: {}
RESULT: {"using":"css selector","value":"#shell-header-logo"}
COMMAND: POST /session/cd4e213f90090bc7497a341d701e98a6/execute/sync - {"script":"<script> [8489 bytes]","args":[{"element-6066-11e4-a52e-4f735466cecf":"f.3EFE59E47BCAC700A535F57DF4769BD4.d.C8E68DA8AEC5B9D0D8C5AC5092DFA3DB.e.11600","ELEMENT":"f.3EFE59E47BCAC700A535F57DF4769BD4.d.C8E68DA8AEC5B9D0D8C5AC5092DFA3DB.e.11600"}]}
RESULT: {"script":"<script> [8489 bytes]","args":[{"element-6066-11e4-a52e-4f735466cecf":"f.3EFE59E47BCAC700A535F57DF4769BD4.d.C8E68DA8AEC5B9D0D8C5AC5092DFA3DB.e.11600","ELEMENT":"f.3EFE59E47BCAC700A535F57DF4769BD4.d.C8E68DA8AEC5B9D0D8C5AC5092DFA3DB.e.11600"}]}
COMMAND: POST /session/cd4e213f90090bc7497a341d701e98a6/element - {"using":"css selector","value":"#shell-header-logo"}
COMMAND: GET /session/cd4e213f90090bc7497a341d701e98a6/screenshot - {}
RESULT: {"using":"css selector","value":"#shell-header-logo"}
COMMAND: POST /session/cd4e213f90090bc7497a341d701e98a6/execute/sync - {"script":"<script> [8489 bytes]","args":[{"element-6066-11e4-a52e-4f735466cecf":"f.3EFE59E47BCAC700A535F57DF4769BD4.d.C8E68DA8AEC5B9D0D8C5AC5092DFA3DB.e.11600","ELEMENT":"f.3EFE59E47BCAC700A535F57DF4769BD4.d.C8E68DA8AEC5B9D0D8C5AC5092DFA3DB.e.11600"}]}
RESULT: {}
RESULT: {"script":"<script> [8489 bytes]","args":[{"element-6066-11e4-a52e-4f735466cecf":"f.3EFE59E47BCAC700A535F57DF4769BD4.d.C8E68DA8AEC5B9D0D8C5AC5092DFA3DB.e.11600","ELEMENT":"f.3EFE59E47BCAC700A535F57DF4769BD4.d.C8E68DA8AEC5B9D0D8C5AC5092DFA3DB.e.11600"}]}
COMMAND: POST /session/cd4e213f90090bc7497a341d701e98a6/execute/sync - {"script":"<script> [5351 bytes]","args":[{"element-6066-11e4-a52e-4f735466cecf":"f.3EFE59E47BCAC700A535F57DF4769BD4.d.C8E68DA8AEC5B9D0D8C5AC5092DFA3DB.e.11600","ELEMENT":"f.3EFE59E47BCAC700A535F57DF4769BD4.d.C8E68DA8AEC5B9D0D8C5AC5092DFA3DB.e.11600"}]}
COMMAND: GET /session/cd4e213f90090bc7497a341d701e98a6/screenshot - {}
RESULT: {"script":"<script> [5351 bytes]","args":[{"element-6066-11e4-a52e-4f735466cecf":"f.3EFE59E47BCAC700A535F57DF4769BD4.d.C8E68DA8AEC5B9D0D8C5AC5092DFA3DB.e.11600","ELEMENT":"f.3EFE59E47BCAC700A535F57DF4769BD4.d.C8E68DA8AEC5B9D0D8C5AC5092DFA3DB.e.11600"}]}
COMMAND: POST /session/cd4e213f90090bc7497a341d701e98a6/element - {"using":"css selector","value":"#shell-header-logo"}
COMMAND: GET /session/cd4e213f90090bc7497a341d701e98a6/screenshot - {}
RESULT: {}
RESULT: {"using":"css selector","value":"#shell-header-logo"}
COMMAND: POST /session/cd4e213f90090bc7497a341d701e98a6/element/f.3EFE59E47BCAC700A535F57DF4769BD4.d.C8E68DA8AEC5B9D0D8C5AC5092DFA3DB.e.11600/click - {}
RESULT: {}
RESULT: {}
COMMAND: GET /session/cd4e213f90090bc7497a341d701e98a6/screenshot - {}
RESULT: {}
COMMAND: POST /session/cd4e213f90090bc7497a341d701e98a6/execute/async - {"script":"<script> [189 bytes]","args":[]}
RESULT: {"script":"<script> [189 bytes]","args":[]}
COMMAND: POST /session/cd4e213f90090bc7497a341d701e98a6/execute/async - {"script":"<script> [123 bytes]","args":[]}
RESULT: {"script":"<script> [123 bytes]","args":[]}
COMMAND: POST /session/cd4e213f90090bc7497a341d701e98a6/timeouts - {"script":"<number>"}
RESULT: {"script":"<number>"}
COMMAND: GET /session/cd4e213f90090bc7497a341d701e98a6/timeouts - {}
RESULT: {}
RESULT: undefined
COMMAND: POST /session/cd4e213f90090bc7497a341d701e98a6/execute/async - {"script":"<script> [2676 bytes]","args":[]}
RESULT: {"script":"<script> [2676 bytes]","args":[]}
COMMAND: POST /session/cd4e213f90090bc7497a341d701e98a6/execute/async - {"script":"<script> [2342 bytes]","args":[{"protocol":"http","hostname":"0.0.0.0","path":"/","capabilities":{"browserName":"chrome","goog:chromeOptions":{"binary":"C:\\Program Files\\Google\\Chrome\\Application\\chrome.exe","args":["--start-maximized"]}},"logLevel":"warn","connectionRetryTimeout":120000,"connectionRetryCount":3,"logLevels":{},"enableDirectConnect":true,"strictSSL":true,"_":"65 more keys: [\"cacheDir\",\"port\",\"requestedCapabilities\",\"automationProtocol\",\"baseUrl\",\"waitforInterval\",\"waitforTimeout\",\"onReload\",\"beforeCommand\",\"afterCommand\",\"rootDir\",\"specs\",\"suites\",\"exclude\",\"groupLogsByTestSpec\",\"excludeDriverLogs\",\"bail\",\"framework\",\"reporters\",\"services\",\"maxInstances\",\"maxInstancesPerCapability\",\"injectGlobals\",\"filesToWatch\",\"execArgv\",\"runnerEnv\",\"runner\",\"shard\",\"specFileRetries\",\"specFileRetriesDelay\",\"specFileRetriesDeferred\",\"reporterSyncInterval\",\"reporterSyncTimeout\",\"cucumberFeaturesWithLineNumbers\",\"autoCompileOpts\",\"mochaOpts\",\"jasmineOpts\",\"cucumberOpts\",\"onPrepare\",\"onWorkerStart\",\"onWorkerEnd\",\"before\",\"beforeSession\",\"beforeSuite\",\"beforeHook\",\"beforeTest\",\"afterTest\",\"afterHook\",\"afterSuite\",\"afterSession\",\"after\",\"onComplete\",\"beforeAssertion\",\"afterAssertion\",\"beforeFeature\",\"beforeScenario\",\"beforeStep\",\"afterStep\",\"afterScenario\",\"afterFeature\",\"_\",\"suite\",\"$0\",\"ignoredWorkerServices\",\"wdi5\"]"}]}
RESULT: {"script":"<script> [2342 bytes]","args":[{"protocol":"http","hostname":"0.0.0.0","path":"/","capabilities":{"browserName":"chrome","goog:chromeOptions":{"binary":"C:\\Program Files\\Google\\Chrome\\Application\\chrome.exe","args":["--start-maximized"]}},"logLevel":"warn","connectionRetryTimeout":120000,"connectionRetryCount":3,"logLevels":{},"enableDirectConnect":true,"strictSSL":true,"_":"65 more keys: [\"cacheDir\",\"port\",\"requestedCapabilities\",\"automationProtocol\",\"baseUrl\",\"waitforInterval\",\"waitforTimeout\",\"onReload\",\"beforeCommand\",\"afterCommand\",\"rootDir\",\"specs\",\"suites\",\"exclude\",\"groupLogsByTestSpec\",\"excludeDriverLogs\",\"bail\",\"framework\",\"reporters\",\"services\",\"maxInstances\",\"maxInstancesPerCapability\",\"injectGlobals\",\"filesToWatch\",\"execArgv\",\"runnerEnv\",\"runner\",\"shard\",\"specFileRetries\",\"specFileRetriesDelay\",\"specFileRetriesDeferred\",\"reporterSyncInterval\",\"reporterSyncTimeout\",\"cucumberFeaturesWithLineNumbers\",\"autoCompileOpts\",\"mochaOpts\",\"jasmineOpts\",\"cucumberOpts\",\"onPrepare\",\"onWorkerStart\",\"onWorkerEnd\",\"before\",\"beforeSession\",\"beforeSuite\",\"beforeHook\",\"beforeTest\",\"afterTest\",\"afterHook\",\"afterSuite\",\"afterSession\",\"after\",\"onComplete\",\"beforeAssertion\",\"afterAssertion\",\"beforeFeature\",\"beforeScenario\",\"beforeStep\",\"afterStep\",\"afterScenario\",\"afterFeature\",\"_\",\"suite\",\"$0\",\"ignoredWorkerServices\",\"wdi5\"]"}]}
COMMAND: POST /session/cd4e213f90090bc7497a341d701e98a6/execute/async - {"script":"<script> [21126 bytes]","args":[35000]}
RESULT: {"script":"<script> [21126 bytes]","args":[35000]}
COMMAND: POST /session/cd4e213f90090bc7497a341d701e98a6/window/maximize - {}
RESULT: {}
COMMAND: POST /session/cd4e213f90090bc7497a341d701e98a6/execute/async - {"script":"<script> [1562 bytes]","args":[{"selector":{"id":"shell-header","interaction":{"idSuffix":"icon"}},"wdio_ui5_key":"shellheader"}]}
COMMAND: GET /session/cd4e213f90090bc7497a341d701e98a6/screenshot - {}
RESULT: {"script":"<script> [1562 bytes]","args":[{"selector":{"id":"shell-header","interaction":{"idSuffix":"icon"}},"wdio_ui5_key":"shellheader"}]}
RESULT: undefined
COMMAND: POST /session/cd4e213f90090bc7497a341d701e98a6/refresh - {}
RESULT: {}
RESULT: {}
COMMAND: GET /session/cd4e213f90090bc7497a341d701e98a6/screenshot - {}
RESULT: {}
COMMAND: POST /session/cd4e213f90090bc7497a341d701e98a6/refresh - {}
RESULT: {}
COMMAND: GET /session/cd4e213f90090bc7497a341d701e98a6/screenshot - {}
RESULT: {}
COMMAND: POST /session/cd4e213f90090bc7497a341d701e98a6/window/fullscreen - {}
RESULT: {}
COMMAND: POST /session/cd4e213f90090bc7497a341d701e98a6/execute/async - {"script":"<script> [189 bytes]","args":[]}
RESULT: {"script":"<script> [189 bytes]","args":[]}
COMMAND: POST /session/cd4e213f90090bc7497a341d701e98a6/execute/async - {"script":"<script> [123 bytes]","args":[]}
RESULT: {"script":"<script> [123 bytes]","args":[]}
COMMAND: POST /session/cd4e213f90090bc7497a341d701e98a6/timeouts - {"script":"<number>"}
RESULT: {"script":"<number>"}
COMMAND: GET /session/cd4e213f90090bc7497a341d701e98a6/timeouts - {}
RESULT: {}
RESULT: undefined
COMMAND: POST /session/cd4e213f90090bc7497a341d701e98a6/execute/async - {"script":"<script> [2676 bytes]","args":[]}
RESULT: {"script":"<script> [2676 bytes]","args":[]}
COMMAND: POST /session/cd4e213f90090bc7497a341d701e98a6/execute/async - {"script":"<script> [2342 bytes]","args":[{"protocol":"http","hostname":"0.0.0.0","path":"/","capabilities":{"browserName":"chrome","goog:chromeOptions":{"binary":"C:\\Program Files\\Google\\Chrome\\Application\\chrome.exe","args":["--start-maximized"]}},"logLevel":"warn","connectionRetryTimeout":120000,"connectionRetryCount":3,"logLevels":{},"enableDirectConnect":true,"strictSSL":true,"_":"65 more keys: [\"cacheDir\",\"port\",\"requestedCapabilities\",\"automationProtocol\",\"baseUrl\",\"waitforInterval\",\"waitforTimeout\",\"onReload\",\"beforeCommand\",\"afterCommand\",\"rootDir\",\"specs\",\"suites\",\"exclude\",\"groupLogsByTestSpec\",\"excludeDriverLogs\",\"bail\",\"framework\",\"reporters\",\"services\",\"maxInstances\",\"maxInstancesPerCapability\",\"injectGlobals\",\"filesToWatch\",\"execArgv\",\"runnerEnv\",\"runner\",\"shard\",\"specFileRetries\",\"specFileRetriesDelay\",\"specFileRetriesDeferred\",\"reporterSyncInterval\",\"reporterSyncTimeout\",\"cucumberFeaturesWithLineNumbers\",\"autoCompileOpts\",\"mochaOpts\",\"jasmineOpts\",\"cucumberOpts\",\"onPrepare\",\"onWorkerStart\",\"onWorkerEnd\",\"before\",\"beforeSession\",\"beforeSuite\",\"beforeHook\",\"beforeTest\",\"afterTest\",\"afterHook\",\"afterSuite\",\"afterSession\",\"after\",\"onComplete\",\"beforeAssertion\",\"afterAssertion\",\"beforeFeature\",\"beforeScenario\",\"beforeStep\",\"afterStep\",\"afterScenario\",\"afterFeature\",\"_\",\"suite\",\"$0\",\"ignoredWorkerServices\",\"wdi5\"]"}]}
RESULT: {"script":"<script> [2342 bytes]","args":[{"protocol":"http","hostname":"0.0.0.0","path":"/","capabilities":{"browserName":"chrome","goog:chromeOptions":{"binary":"C:\\Program Files\\Google\\Chrome\\Application\\chrome.exe","args":["--start-maximized"]}},"logLevel":"warn","connectionRetryTimeout":120000,"connectionRetryCount":3,"logLevels":{},"enableDirectConnect":true,"strictSSL":true,"_":"65 more keys: [\"cacheDir\",\"port\",\"requestedCapabilities\",\"automationProtocol\",\"baseUrl\",\"waitforInterval\",\"waitforTimeout\",\"onReload\",\"beforeCommand\",\"afterCommand\",\"rootDir\",\"specs\",\"suites\",\"exclude\",\"groupLogsByTestSpec\",\"excludeDriverLogs\",\"bail\",\"framework\",\"reporters\",\"services\",\"maxInstances\",\"maxInstancesPerCapability\",\"injectGlobals\",\"filesToWatch\",\"execArgv\",\"runnerEnv\",\"runner\",\"shard\",\"specFileRetries\",\"specFileRetriesDelay\",\"specFileRetriesDeferred\",\"reporterSyncInterval\",\"reporterSyncTimeout\",\"cucumberFeaturesWithLineNumbers\",\"autoCompileOpts\",\"mochaOpts\",\"jasmineOpts\",\"cucumberOpts\",\"onPrepare\",\"onWorkerStart\",\"onWorkerEnd\",\"before\",\"beforeSession\",\"beforeSuite\",\"beforeHook\",\"beforeTest\",\"afterTest\",\"afterHook\",\"afterSuite\",\"afterSession\",\"after\",\"onComplete\",\"beforeAssertion\",\"afterAssertion\",\"beforeFeature\",\"beforeScenario\",\"beforeStep\",\"afterStep\",\"afterScenario\",\"afterFeature\",\"_\",\"suite\",\"$0\",\"ignoredWorkerServices\",\"wdi5\"]"}]}
COMMAND: POST /session/cd4e213f90090bc7497a341d701e98a6/execute/async - {"script":"<script> [21126 bytes]","args":[35000]}
RESULT: {"script":"<script> [21126 bytes]","args":[35000]}
]]></system-out>
    </testcase>
  </testsuite>
  <testsuite timestamp="2025-05-22T17:11:21" time="180.389" tests="6" failures="0" errors="0" skipped="0">
    <properties>
      <property name="specId" value="0"/>
      <property name="suiteName" value="Return from Site w/ warehouse management w/ clarification US125588"/>
      <property name="capabilities" value="chrome.136_0_7103_93.windows"/>
      <property name="file" value="file:///D:/a/1/s/test/specs/HTR/return-from-site-w-warehouse-management-w-clarification.spec.js"/>
    </properties>
    <testcase classname="chrome.136_0_7103_93.windows.Return_from_Site_w/_warehouse_management_w/_clarification_US125588" name="Should create a new WHM yard" time="0.031">
      <system-out><![CDATA[
COMMAND: POST /session/cd4e213f90090bc7497a341d701e98a6/window/fullscreen - {}
RESULT: {}
]]></system-out>
    </testcase>
    <testcase classname="chrome.136_0_7103_93.windows.Return_from_Site_w/_warehouse_management_w/_clarification_US125588" name="Should create a new external WHM partner" time="0.004"/>
    <testcase classname="chrome.136_0_7103_93.windows.Return_from_Site_w/_warehouse_management_w/_clarification_US125588" name="Should create a new WHM site" time="0.005"/>
    <testcase classname="chrome.136_0_7103_93.windows.Return_from_Site_w/_warehouse_management_w/_clarification_US125588" name="Should create a new material" time="131.98">
      <system-out><![CDATA[
COMMAND: POST /session/cd4e213f90090bc7497a341d701e98a6/execute/async - {"script":"<script> [1562 bytes]","args":[{"selector":{"controlType":"sap.m.GenericTile","properties":{"header":"Manage Resources"}},"wdio_ui5_key":"sapm.GenericTile{\"header\":\"Manage Resources\"}"}]}
RESULT: {"script":"<script> [1562 bytes]","args":[{"selector":{"controlType":"sap.m.GenericTile","properties":{"header":"Manage Resources"}},"wdio_ui5_key":"sapm.GenericTile{\"header\":\"Manage Resources\"}"}]}
RESULT: undefined
COMMAND: POST /session/cd4e213f90090bc7497a341d701e98a6/element - {"using":"xpath","value":"//*[@id=\"__tile39\"]"}
RESULT: {"using":"xpath","value":"//*[@id=\"__tile39\"]"}
COMMAND: POST /session/cd4e213f90090bc7497a341d701e98a6/element/f.3EFE59E47BCAC700A535F57DF4769BD4.d.DE537A761A3D7379EAAE5349AB46E7D5.e.11751/click - {}
RESULT: {}
COMMAND: GET /session/cd4e213f90090bc7497a341d701e98a6/screenshot - {}
RESULT: {}
COMMAND: POST /session/cd4e213f90090bc7497a341d701e98a6/elements - {"using":"xpath","value":"//span[text()='Error']"}
RESULT: {"using":"xpath","value":"//span[text()='Error']"}
COMMAND: POST /session/cd4e213f90090bc7497a341d701e98a6/element - {"using":"xpath","value":"//button[@data-kt=\"addNewRUOverflowToolbarButton\"]"}
RESULT: {"using":"xpath","value":"//button[@data-kt=\"addNewRUOverflowToolbarButton\"]"}
COMMAND: POST /session/cd4e213f90090bc7497a341d701e98a6/elements - {"using":"xpath","value":"//button[@data-kt=\"addNewRUOverflowToolbarButton\"]"}
RESULT: {"using":"xpath","value":"//button[@data-kt=\"addNewRUOverflowToolbarButton\"]"}
COMMAND: POST /session/cd4e213f90090bc7497a341d701e98a6/elements - {"using":"xpath","value":"//button[@data-kt=\"addNewRUOverflowToolbarButton\"]"}
RESULT: {"using":"xpath","value":"//button[@data-kt=\"addNewRUOverflowToolbarButton\"]"}
COMMAND: POST /session/cd4e213f90090bc7497a341d701e98a6/elements - {"using":"xpath","value":"//button[@data-kt=\"addNewRUOverflowToolbarButton\"]"}
RESULT: {"using":"xpath","value":"//button[@data-kt=\"addNewRUOverflowToolbarButton\"]"}
COMMAND: POST /session/cd4e213f90090bc7497a341d701e98a6/elements - {"using":"xpath","value":"//button[@data-kt=\"addNewRUOverflowToolbarButton\"]"}
RESULT: {"using":"xpath","value":"//button[@data-kt=\"addNewRUOverflowToolbarButton\"]"}
COMMAND: POST /session/cd4e213f90090bc7497a341d701e98a6/elements - {"using":"xpath","value":"//button[@data-kt=\"addNewRUOverflowToolbarButton\"]"}
RESULT: {"using":"xpath","value":"//button[@data-kt=\"addNewRUOverflowToolbarButton\"]"}
COMMAND: POST /session/cd4e213f90090bc7497a341d701e98a6/elements - {"using":"xpath","value":"//button[@data-kt=\"addNewRUOverflowToolbarButton\"]"}
RESULT: {"using":"xpath","value":"//button[@data-kt=\"addNewRUOverflowToolbarButton\"]"}
COMMAND: POST /session/cd4e213f90090bc7497a341d701e98a6/elements - {"using":"xpath","value":"//button[@data-kt=\"addNewRUOverflowToolbarButton\"]"}
RESULT: {"using":"xpath","value":"//button[@data-kt=\"addNewRUOverflowToolbarButton\"]"}
COMMAND: POST /session/cd4e213f90090bc7497a341d701e98a6/elements - {"using":"xpath","value":"//button[@data-kt=\"addNewRUOverflowToolbarButton\"]"}
RESULT: {"using":"xpath","value":"//button[@data-kt=\"addNewRUOverflowToolbarButton\"]"}
COMMAND: POST /session/cd4e213f90090bc7497a341d701e98a6/elements - {"using":"xpath","value":"//button[@data-kt=\"addNewRUOverflowToolbarButton\"]"}
RESULT: {"using":"xpath","value":"//button[@data-kt=\"addNewRUOverflowToolbarButton\"]"}
COMMAND: POST /session/cd4e213f90090bc7497a341d701e98a6/elements - {"using":"xpath","value":"//button[@data-kt=\"addNewRUOverflowToolbarButton\"]"}
RESULT: {"using":"xpath","value":"//button[@data-kt=\"addNewRUOverflowToolbarButton\"]"}
COMMAND: POST /session/cd4e213f90090bc7497a341d701e98a6/elements - {"using":"xpath","value":"//button[@data-kt=\"addNewRUOverflowToolbarButton\"]"}
RESULT: {"using":"xpath","value":"//button[@data-kt=\"addNewRUOverflowToolbarButton\"]"}
COMMAND: POST /session/cd4e213f90090bc7497a341d701e98a6/elements - {"using":"xpath","value":"//button[@data-kt=\"addNewRUOverflowToolbarButton\"]"}
RESULT: {"using":"xpath","value":"//button[@data-kt=\"addNewRUOverflowToolbarButton\"]"}
COMMAND: POST /session/cd4e213f90090bc7497a341d701e98a6/elements - {"using":"xpath","value":"//button[@data-kt=\"addNewRUOverflowToolbarButton\"]"}
RESULT: {"using":"xpath","value":"//button[@data-kt=\"addNewRUOverflowToolbarButton\"]"}
COMMAND: POST /session/cd4e213f90090bc7497a341d701e98a6/elements - {"using":"xpath","value":"//button[@data-kt=\"addNewRUOverflowToolbarButton\"]"}
RESULT: {"using":"xpath","value":"//button[@data-kt=\"addNewRUOverflowToolbarButton\"]"}
COMMAND: POST /session/cd4e213f90090bc7497a341d701e98a6/elements - {"using":"xpath","value":"//button[@data-kt=\"addNewRUOverflowToolbarButton\"]"}
RESULT: {"using":"xpath","value":"//button[@data-kt=\"addNewRUOverflowToolbarButton\"]"}
COMMAND: POST /session/cd4e213f90090bc7497a341d701e98a6/elements - {"using":"xpath","value":"//button[@data-kt=\"addNewRUOverflowToolbarButton\"]"}
RESULT: {"using":"xpath","value":"//button[@data-kt=\"addNewRUOverflowToolbarButton\"]"}
COMMAND: POST /session/cd4e213f90090bc7497a341d701e98a6/elements - {"using":"xpath","value":"//button[@data-kt=\"addNewRUOverflowToolbarButton\"]"}
RESULT: {"using":"xpath","value":"//button[@data-kt=\"addNewRUOverflowToolbarButton\"]"}
COMMAND: POST /session/cd4e213f90090bc7497a341d701e98a6/elements - {"using":"xpath","value":"//button[@data-kt=\"addNewRUOverflowToolbarButton\"]"}
RESULT: {"using":"xpath","value":"//button[@data-kt=\"addNewRUOverflowToolbarButton\"]"}
COMMAND: POST /session/cd4e213f90090bc7497a341d701e98a6/elements - {"using":"xpath","value":"//button[@data-kt=\"addNewRUOverflowToolbarButton\"]"}
RESULT: {"using":"xpath","value":"//button[@data-kt=\"addNewRUOverflowToolbarButton\"]"}
COMMAND: POST /session/cd4e213f90090bc7497a341d701e98a6/elements - {"using":"xpath","value":"//button[@data-kt=\"addNewRUOverflowToolbarButton\"]"}
RESULT: {"using":"xpath","value":"//button[@data-kt=\"addNewRUOverflowToolbarButton\"]"}
COMMAND: POST /session/cd4e213f90090bc7497a341d701e98a6/elements - {"using":"xpath","value":"//button[@data-kt=\"addNewRUOverflowToolbarButton\"]"}
RESULT: {"using":"xpath","value":"//button[@data-kt=\"addNewRUOverflowToolbarButton\"]"}
COMMAND: POST /session/cd4e213f90090bc7497a341d701e98a6/elements - {"using":"xpath","value":"//button[@data-kt=\"addNewRUOverflowToolbarButton\"]"}
RESULT: {"using":"xpath","value":"//button[@data-kt=\"addNewRUOverflowToolbarButton\"]"}
COMMAND: POST /session/cd4e213f90090bc7497a341d701e98a6/element - {"using":"xpath","value":"//button[@data-kt=\"addNewRUOverflowToolbarButton\"]"}
RESULT: {"using":"xpath","value":"//button[@data-kt=\"addNewRUOverflowToolbarButton\"]"}
COMMAND: POST /session/cd4e213f90090bc7497a341d701e98a6/execute/sync - {"script":"<script> [8489 bytes]","args":[{"element-6066-11e4-a52e-4f735466cecf":"f.3EFE59E47BCAC700A535F57DF4769BD4.d.DE537A761A3D7379EAAE5349AB46E7D5.e.11891","ELEMENT":"f.3EFE59E47BCAC700A535F57DF4769BD4.d.DE537A761A3D7379EAAE5349AB46E7D5.e.11891"}]}
RESULT: {"script":"<script> [8489 bytes]","args":[{"element-6066-11e4-a52e-4f735466cecf":"f.3EFE59E47BCAC700A535F57DF4769BD4.d.DE537A761A3D7379EAAE5349AB46E7D5.e.11891","ELEMENT":"f.3EFE59E47BCAC700A535F57DF4769BD4.d.DE537A761A3D7379EAAE5349AB46E7D5.e.11891"}]}
COMMAND: GET /session/cd4e213f90090bc7497a341d701e98a6/element/f.3EFE59E47BCAC700A535F57DF4769BD4.d.DE537A761A3D7379EAAE5349AB46E7D5.e.11891/enabled - {}
COMMAND: GET /session/cd4e213f90090bc7497a341d701e98a6/screenshot - {}
RESULT: {}
COMMAND: POST /session/cd4e213f90090bc7497a341d701e98a6/execute/sync - {"script":"<script> [8489 bytes]","args":[{"element-6066-11e4-a52e-4f735466cecf":"f.3EFE59E47BCAC700A535F57DF4769BD4.d.DE537A761A3D7379EAAE5349AB46E7D5.e.11891","ELEMENT":"f.3EFE59E47BCAC700A535F57DF4769BD4.d.DE537A761A3D7379EAAE5349AB46E7D5.e.11891"}]}
COMMAND: GET /session/cd4e213f90090bc7497a341d701e98a6/screenshot - {}
RESULT: {}
RESULT: {"script":"<script> [8489 bytes]","args":[{"element-6066-11e4-a52e-4f735466cecf":"f.3EFE59E47BCAC700A535F57DF4769BD4.d.DE537A761A3D7379EAAE5349AB46E7D5.e.11891","ELEMENT":"f.3EFE59E47BCAC700A535F57DF4769BD4.d.DE537A761A3D7379EAAE5349AB46E7D5.e.11891"}]}
COMMAND: POST /session/cd4e213f90090bc7497a341d701e98a6/execute/sync - {"script":"<script> [5351 bytes]","args":[{"element-6066-11e4-a52e-4f735466cecf":"f.3EFE59E47BCAC700A535F57DF4769BD4.d.DE537A761A3D7379EAAE5349AB46E7D5.e.11891","ELEMENT":"f.3EFE59E47BCAC700A535F57DF4769BD4.d.DE537A761A3D7379EAAE5349AB46E7D5.e.11891"}]}
COMMAND: GET /session/cd4e213f90090bc7497a341d701e98a6/screenshot - {}
RESULT: {}
RESULT: {"script":"<script> [5351 bytes]","args":[{"element-6066-11e4-a52e-4f735466cecf":"f.3EFE59E47BCAC700A535F57DF4769BD4.d.DE537A761A3D7379EAAE5349AB46E7D5.e.11891","ELEMENT":"f.3EFE59E47BCAC700A535F57DF4769BD4.d.DE537A761A3D7379EAAE5349AB46E7D5.e.11891"}]}
COMMAND: POST /session/cd4e213f90090bc7497a341d701e98a6/element/f.3EFE59E47BCAC700A535F57DF4769BD4.d.DE537A761A3D7379EAAE5349AB46E7D5.e.11891/click - {}
COMMAND: GET /session/cd4e213f90090bc7497a341d701e98a6/screenshot - {}
RESULT: {}
RESULT: {}
COMMAND: GET /session/cd4e213f90090bc7497a341d701e98a6/screenshot - {}
RESULT: {}
COMMAND: POST /session/cd4e213f90090bc7497a341d701e98a6/execute/async - {"script":"<script> [1562 bytes]","args":[{"selector":{"id":"application-manageresources-display-component---newResourceUnit--TYPE-arrow"},"wdio_ui5_key":"applicationmanageresources-display-component---newResourceUnit--TYPE-arrow"}]}
RESULT: {}
RESULT: {"script":"<script> [1562 bytes]","args":[{"selector":{"id":"application-manageresources-display-component---newResourceUnit--TYPE-arrow"},"wdio_ui5_key":"applicationmanageresources-display-component---newResourceUnit--TYPE-arrow"}]}
RESULT: undefined
COMMAND: POST /session/cd4e213f90090bc7497a341d701e98a6/element - {"using":"xpath","value":"//*[@id=\"application-manageresources-display-component---newResourceUnit--TYPE-arrow\"]"}
RESULT: {"using":"xpath","value":"//*[@id=\"application-manageresources-display-component---newResourceUnit--TYPE-arrow\"]"}
COMMAND: POST /session/cd4e213f90090bc7497a341d701e98a6/element/f.3EFE59E47BCAC700A535F57DF4769BD4.d.DE537A761A3D7379EAAE5349AB46E7D5.e.12248/click - {}
RESULT: {}
COMMAND: POST /session/cd4e213f90090bc7497a341d701e98a6/element - {"using":"xpath","value":"//input[@id=\"application-manageresources-display-component---newResourceUnit--TYPE-inner\"]"}
COMMAND: GET /session/cd4e213f90090bc7497a341d701e98a6/screenshot - {}
RESULT: {"using":"xpath","value":"//input[@id=\"application-manageresources-display-component---newResourceUnit--TYPE-inner\"]"}
COMMAND: POST /session/cd4e213f90090bc7497a341d701e98a6/element/f.3EFE59E47BCAC700A535F57DF4769BD4.d.DE537A761A3D7379EAAE5349AB46E7D5.e.12243/clear - {}
RESULT: {}
RESULT: {}
COMMAND: POST /session/cd4e213f90090bc7497a341d701e98a6/element/f.3EFE59E47BCAC700A535F57DF4769BD4.d.DE537A761A3D7379EAAE5349AB46E7D5.e.12243/value - {"text":"Material"}
COMMAND: GET /session/cd4e213f90090bc7497a341d701e98a6/screenshot - {}
RESULT: {"text":"Material"}
COMMAND: GET /session/cd4e213f90090bc7497a341d701e98a6/screenshot - {}
RESULT: {}
RESULT: {}
COMMAND: POST /session/cd4e213f90090bc7497a341d701e98a6/actions - {"actions":[{"id":"action43","type":"key","parameters":{},"actions":[{"type":"keyDown","value":""},{"type":"pause","duration":10},{"type":"keyUp","value":""}]}]}
RESULT: {"actions":[{"id":"action43","type":"key","parameters":{},"actions":[{"type":"keyDown","value":""},{"type":"pause","duration":10},{"type":"keyUp","value":""}]}]}
COMMAND: POST /session/cd4e213f90090bc7497a341d701e98a6/execute/async - {"script":"<script> [1562 bytes]","args":[{"selector":{"id":"application-manageresources-display-component---newResourceUnit--SHORT_TEXT","interaction":{"idSuffix":"inner"}},"wdio_ui5_key":"applicationmanageresources-display-component---newResourceUnit--SHORT_TEXT"}]}
COMMAND: GET /session/cd4e213f90090bc7497a341d701e98a6/screenshot - {}
RESULT: {"script":"<script> [1562 bytes]","args":[{"selector":{"id":"application-manageresources-display-component---newResourceUnit--SHORT_TEXT","interaction":{"idSuffix":"inner"}},"wdio_ui5_key":"applicationmanageresources-display-component---newResourceUnit--SHORT_TEXT"}]}
RESULT: undefined
COMMAND: POST /session/cd4e213f90090bc7497a341d701e98a6/execute/async - {"script":"<script> [776 bytes]","args":[{"enterText":"Cement WDIO","selector":{"id":"application-manageresources-display-component---newResourceUnit--SHORT_TEXT","interaction":{"idSuffix":"inner"}},"clearTextFirst":true,"interactionType":"ENTER_TEXT"}]}
RESULT: {}
RESULT: {"script":"<script> [776 bytes]","args":[{"enterText":"Cement WDIO","selector":{"id":"application-manageresources-display-component---newResourceUnit--SHORT_TEXT","interaction":{"idSuffix":"inner"}},"clearTextFirst":true,"interactionType":"ENTER_TEXT"}]}
COMMAND: POST /session/cd4e213f90090bc7497a341d701e98a6/execute/async - {"script":"<script> [1562 bytes]","args":[{"selector":{"id":"application-manageresources-display-component---newResourceUnit--BASE_UNIT_OF_MEASURE","interaction":{"idSuffix":"inner"}},"wdio_ui5_key":"applicationmanageresources-display-component---newResourceUnit--BASE_UNIT_OF_MEASURE"}]}
RESULT: {"script":"<script> [1562 bytes]","args":[{"selector":{"id":"application-manageresources-display-component---newResourceUnit--BASE_UNIT_OF_MEASURE","interaction":{"idSuffix":"inner"}},"wdio_ui5_key":"applicationmanageresources-display-component---newResourceUnit--BASE_UNIT_OF_MEASURE"}]}
RESULT: undefined
COMMAND: POST /session/cd4e213f90090bc7497a341d701e98a6/execute/async - {"script":"<script> [776 bytes]","args":[{"enterText":"Piece","selector":{"id":"application-manageresources-display-component---newResourceUnit--BASE_UNIT_OF_MEASURE","interaction":{"idSuffix":"inner"}},"clearTextFirst":true,"interactionType":"ENTER_TEXT"}]}
RESULT: {"script":"<script> [776 bytes]","args":[{"enterText":"Piece","selector":{"id":"application-manageresources-display-component---newResourceUnit--BASE_UNIT_OF_MEASURE","interaction":{"idSuffix":"inner"}},"clearTextFirst":true,"interactionType":"ENTER_TEXT"}]}
COMMAND: POST /session/cd4e213f90090bc7497a341d701e98a6/execute/async - {"script":"<script> [1562 bytes]","args":[{"selector":{"id":"application-manageresources-display-component---newResourceUnit--WEIGHT_UNIT","interaction":{"idSuffix":"inner"}},"wdio_ui5_key":"applicationmanageresources-display-component---newResourceUnit--WEIGHT_UNIT"}]}
RESULT: {"script":"<script> [1562 bytes]","args":[{"selector":{"id":"application-manageresources-display-component---newResourceUnit--WEIGHT_UNIT","interaction":{"idSuffix":"inner"}},"wdio_ui5_key":"applicationmanageresources-display-component---newResourceUnit--WEIGHT_UNIT"}]}
RESULT: undefined
COMMAND: POST /session/cd4e213f90090bc7497a341d701e98a6/execute/async - {"script":"<script> [776 bytes]","args":[{"enterText":"Gram","selector":{"id":"application-manageresources-display-component---newResourceUnit--WEIGHT_UNIT","interaction":{"idSuffix":"inner"}},"clearTextFirst":true,"interactionType":"ENTER_TEXT"}]}
RESULT: {"script":"<script> [776 bytes]","args":[{"enterText":"Gram","selector":{"id":"application-manageresources-display-component---newResourceUnit--WEIGHT_UNIT","interaction":{"idSuffix":"inner"}},"clearTextFirst":true,"interactionType":"ENTER_TEXT"}]}
COMMAND: POST /session/cd4e213f90090bc7497a341d701e98a6/execute/async - {"script":"<script> [1562 bytes]","args":[{"selector":{"id":"application-manageresources-display-component---newResourceUnit--DIMENSION_UNIT","interaction":{"idSuffix":"inner"}},"wdio_ui5_key":"applicationmanageresources-display-component---newResourceUnit--DIMENSION_UNIT"}]}
RESULT: {"script":"<script> [1562 bytes]","args":[{"selector":{"id":"application-manageresources-display-component---newResourceUnit--DIMENSION_UNIT","interaction":{"idSuffix":"inner"}},"wdio_ui5_key":"applicationmanageresources-display-component---newResourceUnit--DIMENSION_UNIT"}]}
RESULT: undefined
COMMAND: POST /session/cd4e213f90090bc7497a341d701e98a6/execute/async - {"script":"<script> [776 bytes]","args":[{"enterText":"Meter","selector":{"id":"application-manageresources-display-component---newResourceUnit--DIMENSION_UNIT","interaction":{"idSuffix":"inner"}},"clearTextFirst":true,"interactionType":"ENTER_TEXT"}]}
RESULT: {"script":"<script> [776 bytes]","args":[{"enterText":"Meter","selector":{"id":"application-manageresources-display-component---newResourceUnit--DIMENSION_UNIT","interaction":{"idSuffix":"inner"}},"clearTextFirst":true,"interactionType":"ENTER_TEXT"}]}
COMMAND: POST /session/cd4e213f90090bc7497a341d701e98a6/execute/async - {"script":"<script> [1562 bytes]","args":[{"selector":{"id":"application-manageresources-display-component---newResourceUnit--newRRUPage-anchBar-application-manageresources-display-component---newResourceUnit--control-anchor","interaction":{"idSuffix":"BDI-content"}},"wdio_ui5_key":"applicationmanageresources-display-component---newResourceUnit--newRRUPage-anchBar-application-manageresources-display-component---newResourceUnit--control-anchor"}]}
RESULT: {"script":"<script> [1562 bytes]","args":[{"selector":{"id":"application-manageresources-display-component---newResourceUnit--newRRUPage-anchBar-application-manageresources-display-component---newResourceUnit--control-anchor","interaction":{"idSuffix":"BDI-content"}},"wdio_ui5_key":"applicationmanageresources-display-component---newResourceUnit--newRRUPage-anchBar-application-manageresources-display-component---newResourceUnit--control-anchor"}]}
RESULT: undefined
COMMAND: POST /session/cd4e213f90090bc7497a341d701e98a6/element - {"using":"xpath","value":"//*[@id=\"application-manageresources-display-component---newResourceUnit--newRRUPage-anchBar-application-manageresources-display-component---newResourceUnit--control-anchor\"]"}
RESULT: {"using":"xpath","value":"//*[@id=\"application-manageresources-display-component---newResourceUnit--newRRUPage-anchBar-application-manageresources-display-component---newResourceUnit--control-anchor\"]"}
COMMAND: POST /session/cd4e213f90090bc7497a341d701e98a6/element/f.3EFE59E47BCAC700A535F57DF4769BD4.d.DE537A761A3D7379EAAE5349AB46E7D5.e.12314/click - {}
RESULT: {}
COMMAND: POST /session/cd4e213f90090bc7497a341d701e98a6/execute/async - {"script":"<script> [1562 bytes]","args":[{"selector":{"id":"application-manageresources-display-component---newResourceUnit--PLANNING_GROUP","interaction":{"idSuffix":"inner"}},"wdio_ui5_key":"applicationmanageresources-display-component---newResourceUnit--PLANNING_GROUP"}]}
COMMAND: GET /session/cd4e213f90090bc7497a341d701e98a6/screenshot - {}
RESULT: {"script":"<script> [1562 bytes]","args":[{"selector":{"id":"application-manageresources-display-component---newResourceUnit--PLANNING_GROUP","interaction":{"idSuffix":"inner"}},"wdio_ui5_key":"applicationmanageresources-display-component---newResourceUnit--PLANNING_GROUP"}]}
RESULT: undefined
COMMAND: POST /session/cd4e213f90090bc7497a341d701e98a6/execute/async - {"script":"<script> [776 bytes]","args":[{"enterText":"Material","selector":{"id":"application-manageresources-display-component---newResourceUnit--PLANNING_GROUP","interaction":{"idSuffix":"inner"}},"clearTextFirst":true,"interactionType":"ENTER_TEXT"}]}
RESULT: {}
RESULT: {"script":"<script> [776 bytes]","args":[{"enterText":"Material","selector":{"id":"application-manageresources-display-component---newResourceUnit--PLANNING_GROUP","interaction":{"idSuffix":"inner"}},"clearTextFirst":true,"interactionType":"ENTER_TEXT"}]}
COMMAND: POST /session/cd4e213f90090bc7497a341d701e98a6/execute/async - {"script":"<script> [1562 bytes]","args":[{"selector":{"id":"application-manageresources-display-component---newResourceUnit--PLANNING_INDICATOR","interaction":{"idSuffix":"inner"}},"wdio_ui5_key":"applicationmanageresources-display-component---newResourceUnit--PLANNING_INDICATOR"}]}
RESULT: {"script":"<script> [1562 bytes]","args":[{"selector":{"id":"application-manageresources-display-component---newResourceUnit--PLANNING_INDICATOR","interaction":{"idSuffix":"inner"}},"wdio_ui5_key":"applicationmanageresources-display-component---newResourceUnit--PLANNING_INDICATOR"}]}
RESULT: undefined
COMMAND: POST /session/cd4e213f90090bc7497a341d701e98a6/execute/async - {"script":"<script> [776 bytes]","args":[{"enterText":"10 - infinite","selector":{"id":"application-manageresources-display-component---newResourceUnit--PLANNING_INDICATOR","interaction":{"idSuffix":"inner"}},"clearTextFirst":true,"interactionType":"ENTER_TEXT"}]}
RESULT: {"script":"<script> [776 bytes]","args":[{"enterText":"10 - infinite","selector":{"id":"application-manageresources-display-component---newResourceUnit--PLANNING_INDICATOR","interaction":{"idSuffix":"inner"}},"clearTextFirst":true,"interactionType":"ENTER_TEXT"}]}
COMMAND: POST /session/cd4e213f90090bc7497a341d701e98a6/element - {"using":"css selector","value":"#application-manageresources-display-component---newResourceUnit--btnAddTimeSegment"}
RESULT: {"using":"css selector","value":"#application-manageresources-display-component---newResourceUnit--btnAddTimeSegment"}
COMMAND: GET /session/cd4e213f90090bc7497a341d701e98a6/element/f.3EFE59E47BCAC700A535F57DF4769BD4.d.DE537A761A3D7379EAAE5349AB46E7D5.e.12322/rect - {}
RESULT: {}
COMMAND: GET /session/cd4e213f90090bc7497a341d701e98a6/window/rect - {}
RESULT: {}
COMMAND: POST /session/cd4e213f90090bc7497a341d701e98a6/execute/sync - {"script":"<script> [92 bytes]","args":[]}
RESULT: {"script":"<script> [92 bytes]","args":[]}
COMMAND: POST /session/cd4e213f90090bc7497a341d701e98a6/actions - {"actions":[{"id":"action44","type":"wheel","parameters":{},"actions":[{"type":"scroll","x":-1888,"y":-32,"deltaX":0,"deltaY":0,"duration":0,"origin":{"element-6066-11e4-a52e-4f735466cecf":"f.3EFE59E47BCAC700A535F57DF4769BD4.d.DE537A761A3D7379EAAE5349AB46E7D5.e.12322"}}]}]}
COMMAND: GET /session/cd4e213f90090bc7497a341d701e98a6/screenshot - {}
RESULT: {}
COMMAND: POST /session/cd4e213f90090bc7497a341d701e98a6/execute/sync - {"script":"<script> [79 bytes]","args":[{"element-6066-11e4-a52e-4f735466cecf":"f.3EFE59E47BCAC700A535F57DF4769BD4.d.DE537A761A3D7379EAAE5349AB46E7D5.e.12322","ELEMENT":"f.3EFE59E47BCAC700A535F57DF4769BD4.d.DE537A761A3D7379EAAE5349AB46E7D5.e.12322"},{"block":"start","inline":"nearest"}]}
RESULT: {"script":"<script> [79 bytes]","args":[{"element-6066-11e4-a52e-4f735466cecf":"f.3EFE59E47BCAC700A535F57DF4769BD4.d.DE537A761A3D7379EAAE5349AB46E7D5.e.12322","ELEMENT":"f.3EFE59E47BCAC700A535F57DF4769BD4.d.DE537A761A3D7379EAAE5349AB46E7D5.e.12322"},{"block":"start","inline":"nearest"}]}
COMMAND: POST /session/cd4e213f90090bc7497a341d701e98a6/execute/async - {"script":"<script> [1562 bytes]","args":[{"selector":{"id":"application-manageresources-display-component---newResourceUnit--btnAddTimeSegment","interaction":{"idSuffix":"inner"}},"wdio_ui5_key":"applicationmanageresources-display-component---newResourceUnit--btnAddTimeSegment"}]}
COMMAND: GET /session/cd4e213f90090bc7497a341d701e98a6/screenshot - {}
RESULT: {"script":"<script> [1562 bytes]","args":[{"selector":{"id":"application-manageresources-display-component---newResourceUnit--btnAddTimeSegment","interaction":{"idSuffix":"inner"}},"wdio_ui5_key":"applicationmanageresources-display-component---newResourceUnit--btnAddTimeSegment"}]}
RESULT: undefined
COMMAND: POST /session/cd4e213f90090bc7497a341d701e98a6/element - {"using":"xpath","value":"//*[@id=\"application-manageresources-display-component---newResourceUnit--btnAddTimeSegment\"]"}
RESULT: {}
RESULT: {"using":"xpath","value":"//*[@id=\"application-manageresources-display-component---newResourceUnit--btnAddTimeSegment\"]"}
COMMAND: POST /session/cd4e213f90090bc7497a341d701e98a6/element/f.3EFE59E47BCAC700A535F57DF4769BD4.d.DE537A761A3D7379EAAE5349AB46E7D5.e.12322/click - {}
RESULT: {}
COMMAND: GET /session/cd4e213f90090bc7497a341d701e98a6/screenshot - {}
RESULT: {}
COMMAND: POST /session/cd4e213f90090bc7497a341d701e98a6/element - {"using":"xpath","value":"//input[@id=\"application-manageresources-display-component---newResourceUnit--idRuTSAdmin-application-manageresources-display-component---newResourceUnit--RUTimeSegment-0-inner\"]"}
RESULT: {"using":"xpath","value":"//input[@id=\"application-manageresources-display-component---newResourceUnit--idRuTSAdmin-application-manageresources-display-component---newResourceUnit--RUTimeSegment-0-inner\"]"}
COMMAND: POST /session/cd4e213f90090bc7497a341d701e98a6/element/f.3EFE59E47BCAC700A535F57DF4769BD4.d.DE537A761A3D7379EAAE5349AB46E7D5.e.12327/clear - {}
RESULT: {}
COMMAND: POST /session/cd4e213f90090bc7497a341d701e98a6/element/f.3EFE59E47BCAC700A535F57DF4769BD4.d.DE537A761A3D7379EAAE5349AB46E7D5.e.12327/value - {"text":"672"}
COMMAND: GET /session/cd4e213f90090bc7497a341d701e98a6/screenshot - {}
RESULT: {"text":"672"}
COMMAND: GET /session/cd4e213f90090bc7497a341d701e98a6/screenshot - {}
RESULT: {}
RESULT: {}
COMMAND: POST /session/cd4e213f90090bc7497a341d701e98a6/element - {"using":"xpath","value":"//li[.//span[text()='672']]"}
RESULT: {"using":"xpath","value":"//li[.//span[text()='672']]"}
COMMAND: POST /session/cd4e213f90090bc7497a341d701e98a6/element/f.3EFE59E47BCAC700A535F57DF4769BD4.d.DE537A761A3D7379EAAE5349AB46E7D5.e.12339/click - {}
RESULT: {}
COMMAND: GET /session/cd4e213f90090bc7497a341d701e98a6/screenshot - {}
RESULT: {}
COMMAND: POST /session/cd4e213f90090bc7497a341d701e98a6/element - {"using":"xpath","value":"(//span[contains(@id, \"-application-manageresources-display-component---newResourceUnit--RUTimeSegment-0-arrow\")])[2]"}
RESULT: {"using":"xpath","value":"(//span[contains(@id, \"-application-manageresources-display-component---newResourceUnit--RUTimeSegment-0-arrow\")])[2]"}
COMMAND: POST /session/cd4e213f90090bc7497a341d701e98a6/element/f.3EFE59E47BCAC700A535F57DF4769BD4.d.DE537A761A3D7379EAAE5349AB46E7D5.e.12340/click - {}
RESULT: {}
COMMAND: POST /session/cd4e213f90090bc7497a341d701e98a6/element - {"using":"xpath","value":"//span[contains(text(), \"PM Order\")]"}
COMMAND: GET /session/cd4e213f90090bc7497a341d701e98a6/screenshot - {}
RESULT: {"using":"xpath","value":"//span[contains(text(), \"PM Order\")]"}
COMMAND: POST /session/cd4e213f90090bc7497a341d701e98a6/element/f.3EFE59E47BCAC700A535F57DF4769BD4.d.DE537A761A3D7379EAAE5349AB46E7D5.e.12341/click - {}
RESULT: {}
RESULT: {}
COMMAND: GET /session/cd4e213f90090bc7497a341d701e98a6/screenshot - {}
RESULT: {}
COMMAND: POST /session/cd4e213f90090bc7497a341d701e98a6/element - {"using":"xpath","value":"//td/div/div/div/span[contains(@id, \"newResourceUnit--RUTimeSegment-0-vhi\")][1]"}
RESULT: {"using":"xpath","value":"//td/div/div/div/span[contains(@id, \"newResourceUnit--RUTimeSegment-0-vhi\")][1]"}
COMMAND: GET /session/cd4e213f90090bc7497a341d701e98a6/element/f.3EFE59E47BCAC700A535F57DF4769BD4.d.DE537A761A3D7379EAAE5349AB46E7D5.e.12345/rect - {}
RESULT: {}
COMMAND: GET /session/cd4e213f90090bc7497a341d701e98a6/window/rect - {}
RESULT: {}
COMMAND: POST /session/cd4e213f90090bc7497a341d701e98a6/execute/sync - {"script":"<script> [92 bytes]","args":[]}
RESULT: {"script":"<script> [92 bytes]","args":[]}
COMMAND: POST /session/cd4e213f90090bc7497a341d701e98a6/actions - {"actions":[{"id":"action45","type":"wheel","parameters":{},"actions":[{"type":"scroll","x":-1888,"y":-24,"deltaX":0,"deltaY":0,"duration":0,"origin":{"element-6066-11e4-a52e-4f735466cecf":"f.3EFE59E47BCAC700A535F57DF4769BD4.d.DE537A761A3D7379EAAE5349AB46E7D5.e.12345"}}]}]}
COMMAND: GET /session/cd4e213f90090bc7497a341d701e98a6/screenshot - {}
RESULT: {}
COMMAND: POST /session/cd4e213f90090bc7497a341d701e98a6/execute/sync - {"script":"<script> [79 bytes]","args":[{"element-6066-11e4-a52e-4f735466cecf":"f.3EFE59E47BCAC700A535F57DF4769BD4.d.DE537A761A3D7379EAAE5349AB46E7D5.e.12345","ELEMENT":"f.3EFE59E47BCAC700A535F57DF4769BD4.d.DE537A761A3D7379EAAE5349AB46E7D5.e.12345"},{"block":"start","inline":"nearest"}]}
RESULT: {"script":"<script> [79 bytes]","args":[{"element-6066-11e4-a52e-4f735466cecf":"f.3EFE59E47BCAC700A535F57DF4769BD4.d.DE537A761A3D7379EAAE5349AB46E7D5.e.12345","ELEMENT":"f.3EFE59E47BCAC700A535F57DF4769BD4.d.DE537A761A3D7379EAAE5349AB46E7D5.e.12345"},{"block":"start","inline":"nearest"}]}
COMMAND: GET /session/cd4e213f90090bc7497a341d701e98a6/screenshot - {}
RESULT: {}
COMMAND: POST /session/cd4e213f90090bc7497a341d701e98a6/element/f.3EFE59E47BCAC700A535F57DF4769BD4.d.DE537A761A3D7379EAAE5349AB46E7D5.e.12345/click - {}
RESULT: {}
COMMAND: GET /session/cd4e213f90090bc7497a341d701e98a6/screenshot - {}
RESULT: {}
COMMAND: POST /session/cd4e213f90090bc7497a341d701e98a6/execute/async - {"script":"<script> [1562 bytes]","args":[{"selector":{"controlType":"sap.m.SearchField","properties":{"placeholder":"Search"},"searchOpenDialogs":true,"interaction":{"idSuffix":"I"}},"wdio_ui5_key":"sapm.SearchField{\"placeholder\":\"Search\"}"}]}
RESULT: {"script":"<script> [1562 bytes]","args":[{"selector":{"controlType":"sap.m.SearchField","properties":{"placeholder":"Search"},"searchOpenDialogs":true,"interaction":{"idSuffix":"I"}},"wdio_ui5_key":"sapm.SearchField{\"placeholder\":\"Search\"}"}]}
RESULT: undefined
COMMAND: POST /session/cd4e213f90090bc7497a341d701e98a6/execute/async - {"script":"<script> [776 bytes]","args":[{"enterText":"4000360","selector":{"controlType":"sap.m.SearchField","properties":{"placeholder":"Search"},"searchOpenDialogs":true,"interaction":{"idSuffix":"I"}},"clearTextFirst":true,"interactionType":"ENTER_TEXT"}]}
RESULT: {"script":"<script> [776 bytes]","args":[{"enterText":"4000360","selector":{"controlType":"sap.m.SearchField","properties":{"placeholder":"Search"},"searchOpenDialogs":true,"interaction":{"idSuffix":"I"}},"clearTextFirst":true,"interactionType":"ENTER_TEXT"}]}
COMMAND: POST /session/cd4e213f90090bc7497a341d701e98a6/actions - {"actions":[{"id":"action46","type":"key","parameters":{},"actions":[{"type":"keyDown","value":""},{"type":"pause","duration":10},{"type":"keyUp","value":""}]}]}
RESULT: {"actions":[{"id":"action46","type":"key","parameters":{},"actions":[{"type":"keyDown","value":""},{"type":"pause","duration":10},{"type":"keyUp","value":""}]}]}
COMMAND: GET /session/cd4e213f90090bc7497a341d701e98a6/screenshot - {}
RESULT: {}
COMMAND: POST /session/cd4e213f90090bc7497a341d701e98a6/element - {"using":"xpath","value":"//td/div/span[contains(text(), \"BGL Vehicles\")]"}
RESULT: {"using":"xpath","value":"//td/div/span[contains(text(), \"BGL Vehicles\")]"}
COMMAND: POST /session/cd4e213f90090bc7497a341d701e98a6/element/f.3EFE59E47BCAC700A535F57DF4769BD4.d.DE537A761A3D7379EAAE5349AB46E7D5.e.12366/click - {}
RESULT: {}
COMMAND: GET /session/cd4e213f90090bc7497a341d701e98a6/screenshot - {}
RESULT: {}
COMMAND: POST /session/cd4e213f90090bc7497a341d701e98a6/element - {"using":"xpath","value":"//bdi[contains(text(), \"OK\")]"}
RESULT: {"using":"xpath","value":"//bdi[contains(text(), \"OK\")]"}
COMMAND: POST /session/cd4e213f90090bc7497a341d701e98a6/element/f.3EFE59E47BCAC700A535F57DF4769BD4.d.DE537A761A3D7379EAAE5349AB46E7D5.e.12367/click - {}
RESULT: {}
COMMAND: GET /session/cd4e213f90090bc7497a341d701e98a6/screenshot - {}
RESULT: {}
COMMAND: POST /session/cd4e213f90090bc7497a341d701e98a6/element - {"using":"xpath","value":"//label[contains(@class, 'sapMLabelRequired') and .//bdi[contains(text(), 'Planned Retirement')]]"}
RESULT: {"using":"xpath","value":"//label[contains(@class, 'sapMLabelRequired') and .//bdi[contains(text(), 'Planned Retirement')]]"}
COMMAND: POST /session/cd4e213f90090bc7497a341d701e98a6/elements - {"using":"xpath","value":"//label[contains(@class, 'sapMLabelRequired') and .//bdi[contains(text(), 'Planned Retirement')]]"}
RESULT: {"using":"xpath","value":"//label[contains(@class, 'sapMLabelRequired') and .//bdi[contains(text(), 'Planned Retirement')]]"}
COMMAND: POST /session/cd4e213f90090bc7497a341d701e98a6/element - {"using":"xpath","value":"//button[@data-kt=\"resourceUnitSaveButton\"]"}
RESULT: {"using":"xpath","value":"//button[@data-kt=\"resourceUnitSaveButton\"]"}
COMMAND: POST /session/cd4e213f90090bc7497a341d701e98a6/element/f.3EFE59E47BCAC700A535F57DF4769BD4.d.DE537A761A3D7379EAAE5349AB46E7D5.e.12267/click - {}
RESULT: {}
COMMAND: GET /session/cd4e213f90090bc7497a341d701e98a6/screenshot - {}
RESULT: {}
COMMAND: POST /session/cd4e213f90090bc7497a341d701e98a6/element - {"using":"xpath","value":"//bdi[contains(text(), \"Close\")]"}
RESULT: {"using":"xpath","value":"//bdi[contains(text(), \"Close\")]"}
COMMAND: POST /session/cd4e213f90090bc7497a341d701e98a6/element/f.3EFE59E47BCAC700A535F57DF4769BD4.d.DE537A761A3D7379EAAE5349AB46E7D5.e.12373/click - {}
RESULT: {}
COMMAND: GET /session/cd4e213f90090bc7497a341d701e98a6/screenshot - {}
RESULT: {}
COMMAND: POST /session/cd4e213f90090bc7497a341d701e98a6/element - {"using":"xpath","value":"//header[contains(@id, 'detailRruPage-headerTitle')]/div[1]/div[2]/div[2]/span[1]"}
RESULT: {"using":"xpath","value":"//header[contains(@id, 'detailRruPage-headerTitle')]/div[1]/div[2]/div[2]/span[1]"}
COMMAND: POST /session/cd4e213f90090bc7497a341d701e98a6/elements - {"using":"xpath","value":"//header[contains(@id, 'detailRruPage-headerTitle')]/div[1]/div[2]/div[2]/span[1]"}
RESULT: {"using":"xpath","value":"//header[contains(@id, 'detailRruPage-headerTitle')]/div[1]/div[2]/div[2]/span[1]"}
COMMAND: POST /session/cd4e213f90090bc7497a341d701e98a6/execute/sync - {"script":"<script> [56 bytes]","args":[{"element-6066-11e4-a52e-4f735466cecf":"f.3EFE59E47BCAC700A535F57DF4769BD4.d.DE537A761A3D7379EAAE5349AB46E7D5.e.12417","ELEMENT":"f.3EFE59E47BCAC700A535F57DF4769BD4.d.DE537A761A3D7379EAAE5349AB46E7D5.e.12417"}]}
RESULT: {"script":"<script> [56 bytes]","args":[{"element-6066-11e4-a52e-4f735466cecf":"f.3EFE59E47BCAC700A535F57DF4769BD4.d.DE537A761A3D7379EAAE5349AB46E7D5.e.12417","ELEMENT":"f.3EFE59E47BCAC700A535F57DF4769BD4.d.DE537A761A3D7379EAAE5349AB46E7D5.e.12417"}]}
COMMAND: POST /session/cd4e213f90090bc7497a341d701e98a6/element - {"using":"css selector","value":"#shell-header-logo"}
COMMAND: GET /session/cd4e213f90090bc7497a341d701e98a6/screenshot - {}
RESULT: {"using":"css selector","value":"#shell-header-logo"}
COMMAND: POST /session/cd4e213f90090bc7497a341d701e98a6/element/f.3EFE59E47BCAC700A535F57DF4769BD4.d.DE537A761A3D7379EAAE5349AB46E7D5.e.11859/click - {}
RESULT: {}
RESULT: {}
COMMAND: GET /session/cd4e213f90090bc7497a341d701e98a6/screenshot - {}
RESULT: {}
]]></system-out>
    </testcase>
    <testcase classname="chrome.136_0_7103_93.windows.Return_from_Site_w/_warehouse_management_w/_clarification_US125588" name="Bin Status Report Should Create New Organization yard" time="0.005"/>
    <testcase classname="chrome.136_0_7103_93.windows.Return_from_Site_w/_warehouse_management_w/_clarification_US125588" name="Bin Status Report Should Create New Organization for Site" time="0.009"/>
  </testsuite>
  <testsuite timestamp="2025-05-22T17:14:22" time="479.592" tests="7" failures="7" errors="7" skipped="0">
    <properties>
      <property name="specId" value="0"/>
      <property name="suiteName" value="Return from Site w/ warehouse management w clarification"/>
      <property name="capabilities" value="chrome.136_0_7103_93.windows"/>
      <property name="file" value="file:///D:/a/1/s/test/specs/HTR/return-from-site-w-warehouse-management-w-clarification.spec.js"/>
    </properties>
    <testcase classname="chrome.136_0_7103_93.windows.Return_from_Site_w/_warehouse_management_w_clarification" name="Should do a stock increase handover" time="69.999">
      <failure/>
      <error message="receiptDate.setValue is not a function"/>
      <system-out><![CDATA[
COMMAND: POST /session/cd4e213f90090bc7497a341d701e98a6/execute/async - {"script":"<script> [1562 bytes]","args":[{"selector":{"controlType":"sap.m.GenericTile","properties":{"header":"Manage Handovers"}},"wdio_ui5_key":"sapm.GenericTile{\"header\":\"Manage Handovers\"}"}]}
RESULT: {"script":"<script> [1562 bytes]","args":[{"selector":{"controlType":"sap.m.GenericTile","properties":{"header":"Manage Handovers"}},"wdio_ui5_key":"sapm.GenericTile{\"header\":\"Manage Handovers\"}"}]}
RESULT: undefined
COMMAND: POST /session/cd4e213f90090bc7497a341d701e98a6/element - {"using":"xpath","value":"//*[@id=\"__tile130\"]"}
RESULT: {"using":"xpath","value":"//*[@id=\"__tile130\"]"}
COMMAND: POST /session/cd4e213f90090bc7497a341d701e98a6/element/f.3EFE59E47BCAC700A535F57DF4769BD4.d.DE537A761A3D7379EAAE5349AB46E7D5.e.11833/click - {}
RESULT: {}
COMMAND: GET /session/cd4e213f90090bc7497a341d701e98a6/screenshot - {}
RESULT: {}
COMMAND: POST /session/cd4e213f90090bc7497a341d701e98a6/elements - {"using":"xpath","value":"//span[text()='Error']"}
RESULT: {"using":"xpath","value":"//span[text()='Error']"}
COMMAND: POST /session/cd4e213f90090bc7497a341d701e98a6/element - {"using":"xpath","value":"//button[@data-kt=\"masterHOAddButton\"]"}
RESULT: {"using":"xpath","value":"//button[@data-kt=\"masterHOAddButton\"]"}
COMMAND: POST /session/cd4e213f90090bc7497a341d701e98a6/elements - {"using":"xpath","value":"//button[@data-kt=\"masterHOAddButton\"]"}
RESULT: {"using":"xpath","value":"//button[@data-kt=\"masterHOAddButton\"]"}
COMMAND: POST /session/cd4e213f90090bc7497a341d701e98a6/execute/sync - {"script":"<script> [8489 bytes]","args":[{"element-6066-11e4-a52e-4f735466cecf":"f.3EFE59E47BCAC700A535F57DF4769BD4.d.DE537A761A3D7379EAAE5349AB46E7D5.e.12460","ELEMENT":"f.3EFE59E47BCAC700A535F57DF4769BD4.d.DE537A761A3D7379EAAE5349AB46E7D5.e.12460"}]}
RESULT: {"script":"<script> [8489 bytes]","args":[{"element-6066-11e4-a52e-4f735466cecf":"f.3EFE59E47BCAC700A535F57DF4769BD4.d.DE537A761A3D7379EAAE5349AB46E7D5.e.12460","ELEMENT":"f.3EFE59E47BCAC700A535F57DF4769BD4.d.DE537A761A3D7379EAAE5349AB46E7D5.e.12460"}]}
COMMAND: GET /session/cd4e213f90090bc7497a341d701e98a6/element/f.3EFE59E47BCAC700A535F57DF4769BD4.d.DE537A761A3D7379EAAE5349AB46E7D5.e.12460/enabled - {}
COMMAND: GET /session/cd4e213f90090bc7497a341d701e98a6/screenshot - {}
RESULT: {}
COMMAND: POST /session/cd4e213f90090bc7497a341d701e98a6/execute/sync - {"script":"<script> [8489 bytes]","args":[{"element-6066-11e4-a52e-4f735466cecf":"f.3EFE59E47BCAC700A535F57DF4769BD4.d.DE537A761A3D7379EAAE5349AB46E7D5.e.12460","ELEMENT":"f.3EFE59E47BCAC700A535F57DF4769BD4.d.DE537A761A3D7379EAAE5349AB46E7D5.e.12460"}]}
COMMAND: GET /session/cd4e213f90090bc7497a341d701e98a6/screenshot - {}
RESULT: {}
RESULT: {"script":"<script> [8489 bytes]","args":[{"element-6066-11e4-a52e-4f735466cecf":"f.3EFE59E47BCAC700A535F57DF4769BD4.d.DE537A761A3D7379EAAE5349AB46E7D5.e.12460","ELEMENT":"f.3EFE59E47BCAC700A535F57DF4769BD4.d.DE537A761A3D7379EAAE5349AB46E7D5.e.12460"}]}
COMMAND: POST /session/cd4e213f90090bc7497a341d701e98a6/execute/sync - {"script":"<script> [5351 bytes]","args":[{"element-6066-11e4-a52e-4f735466cecf":"f.3EFE59E47BCAC700A535F57DF4769BD4.d.DE537A761A3D7379EAAE5349AB46E7D5.e.12460","ELEMENT":"f.3EFE59E47BCAC700A535F57DF4769BD4.d.DE537A761A3D7379EAAE5349AB46E7D5.e.12460"}]}
COMMAND: GET /session/cd4e213f90090bc7497a341d701e98a6/screenshot - {}
RESULT: {}
RESULT: {"script":"<script> [5351 bytes]","args":[{"element-6066-11e4-a52e-4f735466cecf":"f.3EFE59E47BCAC700A535F57DF4769BD4.d.DE537A761A3D7379EAAE5349AB46E7D5.e.12460","ELEMENT":"f.3EFE59E47BCAC700A535F57DF4769BD4.d.DE537A761A3D7379EAAE5349AB46E7D5.e.12460"}]}
COMMAND: POST /session/cd4e213f90090bc7497a341d701e98a6/element/f.3EFE59E47BCAC700A535F57DF4769BD4.d.DE537A761A3D7379EAAE5349AB46E7D5.e.12460/click - {}
COMMAND: GET /session/cd4e213f90090bc7497a341d701e98a6/screenshot - {}
RESULT: {}
RESULT: {}
COMMAND: GET /session/cd4e213f90090bc7497a341d701e98a6/screenshot - {}
COMMAND: POST /session/cd4e213f90090bc7497a341d701e98a6/element - {"using":"xpath","value":"//span[contains(@id ,\"AddNewHO--typeSelect-arrow\")]"}
RESULT: {}
RESULT: {}
RESULT: {"using":"xpath","value":"//span[contains(@id ,\"AddNewHO--typeSelect-arrow\")]"}
COMMAND: POST /session/cd4e213f90090bc7497a341d701e98a6/element/f.3EFE59E47BCAC700A535F57DF4769BD4.d.DE537A761A3D7379EAAE5349AB46E7D5.e.12797/click - {}
RESULT: {}
COMMAND: GET /session/cd4e213f90090bc7497a341d701e98a6/screenshot - {}
RESULT: {}
COMMAND: POST /session/cd4e213f90090bc7497a341d701e98a6/element - {"using":"xpath","value":"(//li[contains(text(), \"stock increase yard\")])[1]"}
RESULT: {"using":"xpath","value":"(//li[contains(text(), \"stock increase yard\")])[1]"}
COMMAND: POST /session/cd4e213f90090bc7497a341d701e98a6/element/f.3EFE59E47BCAC700A535F57DF4769BD4.d.DE537A761A3D7379EAAE5349AB46E7D5.e.12798/click - {}
RESULT: {}
COMMAND: GET /session/cd4e213f90090bc7497a341d701e98a6/screenshot - {}
RESULT: {}
COMMAND: POST /session/cd4e213f90090bc7497a341d701e98a6/execute/async - {"script":"<script> [1562 bytes]","args":[{"selector":{"id":"application-managehandovers-display-component---AddNewHO--dueDate","interaction":{"idSuffix":"inner"}},"wdio_ui5_key":"applicationmanagehandovers-display-component---AddNewHO--dueDate"}]}
RESULT: {"script":"<script> [1562 bytes]","args":[{"selector":{"id":"application-managehandovers-display-component---AddNewHO--dueDate","interaction":{"idSuffix":"inner"}},"wdio_ui5_key":"applicationmanagehandovers-display-component---AddNewHO--dueDate"}]}
RESULT: undefined
COMMAND: POST /session/cd4e213f90090bc7497a341d701e98a6/execute/async - {"script":"<script> [6424 bytes]","args":[{"element-6066-11e4-a52e-4f735466cecf":"f.3EFE59E47BCAC700A535F57DF4769BD4.d.DE537A761A3D7379EAAE5349AB46E7D5.e.12800"},"setValue",["5/22/25"]]}
RESULT: {"script":"<script> [6424 bytes]","args":[{"element-6066-11e4-a52e-4f735466cecf":"f.3EFE59E47BCAC700A535F57DF4769BD4.d.DE537A761A3D7379EAAE5349AB46E7D5.e.12800"},"setValue",["5/22/25"]]}
COMMAND: POST /session/cd4e213f90090bc7497a341d701e98a6/element - {"using":"xpath","value":"//input[@id=\"generalSectionFrg--receiveYard-inner\"]"}
RESULT: {"using":"xpath","value":"//input[@id=\"generalSectionFrg--receiveYard-inner\"]"}
COMMAND: POST /session/cd4e213f90090bc7497a341d701e98a6/element/f.3EFE59E47BCAC700A535F57DF4769BD4.d.DE537A761A3D7379EAAE5349AB46E7D5.e.12804/clear - {}
RESULT: {}
COMMAND: POST /session/cd4e213f90090bc7497a341d701e98a6/element/f.3EFE59E47BCAC700A535F57DF4769BD4.d.DE537A761A3D7379EAAE5349AB46E7D5.e.12804/value - {"text":"672"}
COMMAND: GET /session/cd4e213f90090bc7497a341d701e98a6/screenshot - {}
RESULT: {"text":"672"}
COMMAND: GET /session/cd4e213f90090bc7497a341d701e98a6/screenshot - {}
RESULT: {}
RESULT: {}
COMMAND: POST /session/cd4e213f90090bc7497a341d701e98a6/element - {"using":"xpath","value":"//li[.//span[text()='672']]"}
RESULT: {"using":"xpath","value":"//li[.//span[text()='672']]"}
COMMAND: POST /session/cd4e213f90090bc7497a341d701e98a6/element/f.3EFE59E47BCAC700A535F57DF4769BD4.d.DE537A761A3D7379EAAE5349AB46E7D5.e.12822/click - {}
RESULT: {}
COMMAND: GET /session/cd4e213f90090bc7497a341d701e98a6/screenshot - {}
RESULT: {}
COMMAND: POST /session/cd4e213f90090bc7497a341d701e98a6/execute/async - {"script":"<script> [1562 bytes]","args":[{"selector":{"id":"application-managehandovers-display-component---AddNewHO--ObjectPageLayout-anchBar-application-managehandovers-display-component---AddNewHO--section4-anchor","interaction":{"idSuffix":"BDI-content"}},"wdio_ui5_key":"applicationmanagehandovers-display-component---AddNewHO--ObjectPageLayout-anchBar-application-managehandovers-display-component---AddNewHO--section4-anchor"}]}
RESULT: {"script":"<script> [1562 bytes]","args":[{"selector":{"id":"application-managehandovers-display-component---AddNewHO--ObjectPageLayout-anchBar-application-managehandovers-display-component---AddNewHO--section4-anchor","interaction":{"idSuffix":"BDI-content"}},"wdio_ui5_key":"applicationmanagehandovers-display-component---AddNewHO--ObjectPageLayout-anchBar-application-managehandovers-display-component---AddNewHO--section4-anchor"}]}
RESULT: undefined
COMMAND: POST /session/cd4e213f90090bc7497a341d701e98a6/element - {"using":"xpath","value":"//*[@id=\"application-managehandovers-display-component---AddNewHO--ObjectPageLayout-anchBar-application-managehandovers-display-component---AddNewHO--section4-anchor\"]"}
RESULT: {"using":"xpath","value":"//*[@id=\"application-managehandovers-display-component---AddNewHO--ObjectPageLayout-anchBar-application-managehandovers-display-component---AddNewHO--section4-anchor\"]"}
COMMAND: POST /session/cd4e213f90090bc7497a341d701e98a6/element/f.3EFE59E47BCAC700A535F57DF4769BD4.d.DE537A761A3D7379EAAE5349AB46E7D5.e.12824/click - {}
RESULT: {}
COMMAND: POST /session/cd4e213f90090bc7497a341d701e98a6/element - {"using":"xpath","value":"//button[@aria-label=\"Add\"]"}
COMMAND: GET /session/cd4e213f90090bc7497a341d701e98a6/screenshot - {}
RESULT: {"using":"xpath","value":"//button[@aria-label=\"Add\"]"}
COMMAND: POST /session/cd4e213f90090bc7497a341d701e98a6/element/f.3EFE59E47BCAC700A535F57DF4769BD4.d.DE537A761A3D7379EAAE5349AB46E7D5.e.12828/click - {}
RESULT: {}
RESULT: {}
COMMAND: GET /session/cd4e213f90090bc7497a341d701e98a6/screenshot - {}
RESULT: {}
COMMAND: POST /session/cd4e213f90090bc7497a341d701e98a6/execute/async - {"script":"<script> [1562 bytes]","args":[{"selector":{"id":"application-managehandovers-display-component---AddNewHO--smartFilterBar-btnBasicSearch","searchOpenDialogs":true,"interaction":{"idSuffix":"I"}},"wdio_ui5_key":"applicationmanagehandovers-display-component---AddNewHO--smartFilterBar-btnBasicSearch"}]}
RESULT: {"script":"<script> [1562 bytes]","args":[{"selector":{"id":"application-managehandovers-display-component---AddNewHO--smartFilterBar-btnBasicSearch","searchOpenDialogs":true,"interaction":{"idSuffix":"I"}},"wdio_ui5_key":"applicationmanagehandovers-display-component---AddNewHO--smartFilterBar-btnBasicSearch"}]}
RESULT: undefined
COMMAND: POST /session/cd4e213f90090bc7497a341d701e98a6/execute/async - {"script":"<script> [776 bytes]","args":[{"enterText":"200405","selector":{"id":"application-managehandovers-display-component---AddNewHO--smartFilterBar-btnBasicSearch","searchOpenDialogs":true,"interaction":{"idSuffix":"I"}},"clearTextFirst":true,"interactionType":"ENTER_TEXT"}]}
RESULT: {"script":"<script> [776 bytes]","args":[{"enterText":"200405","selector":{"id":"application-managehandovers-display-component---AddNewHO--smartFilterBar-btnBasicSearch","searchOpenDialogs":true,"interaction":{"idSuffix":"I"}},"clearTextFirst":true,"interactionType":"ENTER_TEXT"}]}
COMMAND: POST /session/cd4e213f90090bc7497a341d701e98a6/actions - {"actions":[{"id":"action47","type":"key","parameters":{},"actions":[{"type":"keyDown","value":""},{"type":"pause","duration":10},{"type":"keyUp","value":""}]}]}
RESULT: {"actions":[{"id":"action47","type":"key","parameters":{},"actions":[{"type":"keyDown","value":""},{"type":"pause","duration":10},{"type":"keyUp","value":""}]}]}
COMMAND: GET /session/cd4e213f90090bc7497a341d701e98a6/screenshot - {}
RESULT: {}
COMMAND: POST /session/cd4e213f90090bc7497a341d701e98a6/execute/async - {"script":"<script> [1562 bytes]","args":[{"selector":{"id":"application-managehandovers-display-component---AddNewHO--popup-sa","searchOpenDialogs":true,"interaction":{"idSuffix":"CbBg"}},"wdio_ui5_key":"applicationmanagehandovers-display-component---AddNewHO--popup-sa"}]}
RESULT: {"script":"<script> [1562 bytes]","args":[{"selector":{"id":"application-managehandovers-display-component---AddNewHO--popup-sa","searchOpenDialogs":true,"interaction":{"idSuffix":"CbBg"}},"wdio_ui5_key":"applicationmanagehandovers-display-component---AddNewHO--popup-sa"}]}
RESULT: undefined
COMMAND: POST /session/cd4e213f90090bc7497a341d701e98a6/element - {"using":"xpath","value":"//*[@id=\"application-managehandovers-display-component---AddNewHO--popup-sa\"]"}
RESULT: {"using":"xpath","value":"//*[@id=\"application-managehandovers-display-component---AddNewHO--popup-sa\"]"}
COMMAND: POST /session/cd4e213f90090bc7497a341d701e98a6/element/f.3EFE59E47BCAC700A535F57DF4769BD4.d.DE537A761A3D7379EAAE5349AB46E7D5.e.12982/click - {}
RESULT: {}
COMMAND: GET /session/cd4e213f90090bc7497a341d701e98a6/screenshot - {}
RESULT: {}
COMMAND: POST /session/cd4e213f90090bc7497a341d701e98a6/element - {"using":"xpath","value":"//bdi[contains(text(), \"Select\")]"}
RESULT: {"using":"xpath","value":"//bdi[contains(text(), \"Select\")]"}
COMMAND: POST /session/cd4e213f90090bc7497a341d701e98a6/element/f.3EFE59E47BCAC700A535F57DF4769BD4.d.DE537A761A3D7379EAAE5349AB46E7D5.e.12983/click - {}
RESULT: {}
COMMAND: GET /session/cd4e213f90090bc7497a341d701e98a6/screenshot - {}
RESULT: {}
COMMAND: POST /session/cd4e213f90090bc7497a341d701e98a6/element - {"using":"xpath","value":"//button[@data-kt=\"AddNewHOSaveButton\"]"}
RESULT: {"using":"xpath","value":"//button[@data-kt=\"AddNewHOSaveButton\"]"}
COMMAND: POST /session/cd4e213f90090bc7497a341d701e98a6/element/f.3EFE59E47BCAC700A535F57DF4769BD4.d.DE537A761A3D7379EAAE5349AB46E7D5.e.12987/click - {}
RESULT: {}
COMMAND: GET /session/cd4e213f90090bc7497a341d701e98a6/screenshot - {}
RESULT: {}
COMMAND: POST /session/cd4e213f90090bc7497a341d701e98a6/execute/async - {"script":"<script> [1562 bytes]","args":[{"selector":{"id":"receiptDatePicker","viewName":"etm.portal.ui.managehandovers.view.DetailExecuteHO","interaction":{"idSuffix":"inner"}},"wdio_ui5_key":"receiptDatePickeretmportal.ui.managehandovers.view.DetailExecuteHO"}]}
RESULT: {"script":"<script> [1562 bytes]","args":[{"selector":{"id":"receiptDatePicker","viewName":"etm.portal.ui.managehandovers.view.DetailExecuteHO","interaction":{"idSuffix":"inner"}},"wdio_ui5_key":"receiptDatePickeretmportal.ui.managehandovers.view.DetailExecuteHO"}]}
RESULT: undefined
COMMAND: GET /session/cd4e213f90090bc7497a341d701e98a6/screenshot - {}
RESULT: {}
]]></system-out>
      <system-err><![CDATA[
TypeError: receiptDate.setValue is not a function
    at UtilsPrerequisites.stockIncrease (D:\a\1\s\test\specs\BTS\prerequisites-and-utils-functions.js:1664:27)
    at async Context.<anonymous> (D:\a\1\s\test\specs\HTR\return-from-site-w-warehouse-management-w-clarification.spec.js:70:9)
]]></system-err>
    </testcase>
    <testcase classname="chrome.136_0_7103_93.windows.Return_from_Site_w/_warehouse_management_w_clarification" name="Should create a new contract" time="61.645">
      <failure/>
      <error message="element (&quot;//button[@data-kt=&quot;addButton&quot;]&quot;) still not existing after 45000ms"/>
      <system-out><![CDATA[
COMMAND: POST /session/cd4e213f90090bc7497a341d701e98a6/execute/async - {"script":"<script> [1562 bytes]","args":[{"selector":{"controlType":"sap.m.GenericTile","properties":{"header":"Manage Contracts"}},"wdio_ui5_key":"sapm.GenericTile{\"header\":\"Manage Contracts\"}"}]}
COMMAND: GET /session/cd4e213f90090bc7497a341d701e98a6/screenshot - {}
RESULT: {"script":"<script> [1562 bytes]","args":[{"selector":{"controlType":"sap.m.GenericTile","properties":{"header":"Manage Contracts"}},"wdio_ui5_key":"sapm.GenericTile{\"header\":\"Manage Contracts\"}"}]}
RESULT: undefined
RESULT: {}
COMMAND: POST /session/cd4e213f90090bc7497a341d701e98a6/elements - {"using":"xpath","value":"//span[text()='Error']"}
RESULT: {"using":"xpath","value":"//span[text()='Error']"}
COMMAND: POST /session/cd4e213f90090bc7497a341d701e98a6/elements - {"using":"xpath","value":"//*[text()='Close']"}
RESULT: {"using":"xpath","value":"//*[text()='Close']"}
COMMAND: GET /session/cd4e213f90090bc7497a341d701e98a6/element/f.3EFE59E47BCAC700A535F57DF4769BD4.d.DE537A761A3D7379EAAE5349AB46E7D5.e.12991/enabled - {}
RESULT: {}
COMMAND: POST /session/cd4e213f90090bc7497a341d701e98a6/execute/sync - {"script":"<script> [8489 bytes]","args":[{"element-6066-11e4-a52e-4f735466cecf":"f.3EFE59E47BCAC700A535F57DF4769BD4.d.DE537A761A3D7379EAAE5349AB46E7D5.e.12991","ELEMENT":"f.3EFE59E47BCAC700A535F57DF4769BD4.d.DE537A761A3D7379EAAE5349AB46E7D5.e.12991"}]}
COMMAND: GET /session/cd4e213f90090bc7497a341d701e98a6/screenshot - {}
RESULT: {"script":"<script> [8489 bytes]","args":[{"element-6066-11e4-a52e-4f735466cecf":"f.3EFE59E47BCAC700A535F57DF4769BD4.d.DE537A761A3D7379EAAE5349AB46E7D5.e.12991","ELEMENT":"f.3EFE59E47BCAC700A535F57DF4769BD4.d.DE537A761A3D7379EAAE5349AB46E7D5.e.12991"}]}
COMMAND: POST /session/cd4e213f90090bc7497a341d701e98a6/execute/sync - {"script":"<script> [5351 bytes]","args":[{"element-6066-11e4-a52e-4f735466cecf":"f.3EFE59E47BCAC700A535F57DF4769BD4.d.DE537A761A3D7379EAAE5349AB46E7D5.e.12991","ELEMENT":"f.3EFE59E47BCAC700A535F57DF4769BD4.d.DE537A761A3D7379EAAE5349AB46E7D5.e.12991"}]}
COMMAND: GET /session/cd4e213f90090bc7497a341d701e98a6/screenshot - {}
RESULT: {}
RESULT: {"script":"<script> [5351 bytes]","args":[{"element-6066-11e4-a52e-4f735466cecf":"f.3EFE59E47BCAC700A535F57DF4769BD4.d.DE537A761A3D7379EAAE5349AB46E7D5.e.12991","ELEMENT":"f.3EFE59E47BCAC700A535F57DF4769BD4.d.DE537A761A3D7379EAAE5349AB46E7D5.e.12991"}]}
COMMAND: POST /session/cd4e213f90090bc7497a341d701e98a6/element/f.3EFE59E47BCAC700A535F57DF4769BD4.d.DE537A761A3D7379EAAE5349AB46E7D5.e.12991/click - {}
COMMAND: GET /session/cd4e213f90090bc7497a341d701e98a6/screenshot - {}
RESULT: {}
RESULT: {}
COMMAND: POST /session/cd4e213f90090bc7497a341d701e98a6/elements - {"using":"xpath","value":"//*[text()='OK']"}
COMMAND: GET /session/cd4e213f90090bc7497a341d701e98a6/screenshot - {}
RESULT: {}
RESULT: {"using":"xpath","value":"//*[text()='OK']"}
RESULT: {}
COMMAND: POST /session/cd4e213f90090bc7497a341d701e98a6/element - {"using":"xpath","value":"//button[@data-kt=\"addButton\"]"}
RESULT: {"using":"xpath","value":"//button[@data-kt=\"addButton\"]"}
COMMAND: POST /session/cd4e213f90090bc7497a341d701e98a6/elements - {"using":"xpath","value":"//button[@data-kt=\"addButton\"]"}
RESULT: {"using":"xpath","value":"//button[@data-kt=\"addButton\"]"}
COMMAND: POST /session/cd4e213f90090bc7497a341d701e98a6/elements - {"using":"xpath","value":"//button[@data-kt=\"addButton\"]"}
RESULT: {"using":"xpath","value":"//button[@data-kt=\"addButton\"]"}
COMMAND: POST /session/cd4e213f90090bc7497a341d701e98a6/elements - {"using":"xpath","value":"//button[@data-kt=\"addButton\"]"}
RESULT: {"using":"xpath","value":"//button[@data-kt=\"addButton\"]"}
COMMAND: POST /session/cd4e213f90090bc7497a341d701e98a6/elements - {"using":"xpath","value":"//button[@data-kt=\"addButton\"]"}
RESULT: {"using":"xpath","value":"//button[@data-kt=\"addButton\"]"}
COMMAND: POST /session/cd4e213f90090bc7497a341d701e98a6/elements - {"using":"xpath","value":"//button[@data-kt=\"addButton\"]"}
RESULT: {"using":"xpath","value":"//button[@data-kt=\"addButton\"]"}
COMMAND: POST /session/cd4e213f90090bc7497a341d701e98a6/elements - {"using":"xpath","value":"//button[@data-kt=\"addButton\"]"}
RESULT: {"using":"xpath","value":"//button[@data-kt=\"addButton\"]"}
COMMAND: POST /session/cd4e213f90090bc7497a341d701e98a6/elements - {"using":"xpath","value":"//button[@data-kt=\"addButton\"]"}
RESULT: {"using":"xpath","value":"//button[@data-kt=\"addButton\"]"}
COMMAND: POST /session/cd4e213f90090bc7497a341d701e98a6/elements - {"using":"xpath","value":"//button[@data-kt=\"addButton\"]"}
RESULT: {"using":"xpath","value":"//button[@data-kt=\"addButton\"]"}
COMMAND: POST /session/cd4e213f90090bc7497a341d701e98a6/elements - {"using":"xpath","value":"//button[@data-kt=\"addButton\"]"}
RESULT: {"using":"xpath","value":"//button[@data-kt=\"addButton\"]"}
COMMAND: POST /session/cd4e213f90090bc7497a341d701e98a6/elements - {"using":"xpath","value":"//button[@data-kt=\"addButton\"]"}
RESULT: {"using":"xpath","value":"//button[@data-kt=\"addButton\"]"}
COMMAND: POST /session/cd4e213f90090bc7497a341d701e98a6/elements - {"using":"xpath","value":"//button[@data-kt=\"addButton\"]"}
RESULT: {"using":"xpath","value":"//button[@data-kt=\"addButton\"]"}
COMMAND: POST /session/cd4e213f90090bc7497a341d701e98a6/elements - {"using":"xpath","value":"//button[@data-kt=\"addButton\"]"}
RESULT: {"using":"xpath","value":"//button[@data-kt=\"addButton\"]"}
COMMAND: POST /session/cd4e213f90090bc7497a341d701e98a6/elements - {"using":"xpath","value":"//button[@data-kt=\"addButton\"]"}
RESULT: {"using":"xpath","value":"//button[@data-kt=\"addButton\"]"}
COMMAND: POST /session/cd4e213f90090bc7497a341d701e98a6/elements - {"using":"xpath","value":"//button[@data-kt=\"addButton\"]"}
RESULT: {"using":"xpath","value":"//button[@data-kt=\"addButton\"]"}
COMMAND: POST /session/cd4e213f90090bc7497a341d701e98a6/elements - {"using":"xpath","value":"//button[@data-kt=\"addButton\"]"}
RESULT: {"using":"xpath","value":"//button[@data-kt=\"addButton\"]"}
COMMAND: POST /session/cd4e213f90090bc7497a341d701e98a6/elements - {"using":"xpath","value":"//button[@data-kt=\"addButton\"]"}
RESULT: {"using":"xpath","value":"//button[@data-kt=\"addButton\"]"}
COMMAND: POST /session/cd4e213f90090bc7497a341d701e98a6/elements - {"using":"xpath","value":"//button[@data-kt=\"addButton\"]"}
RESULT: {"using":"xpath","value":"//button[@data-kt=\"addButton\"]"}
COMMAND: POST /session/cd4e213f90090bc7497a341d701e98a6/elements - {"using":"xpath","value":"//button[@data-kt=\"addButton\"]"}
RESULT: {"using":"xpath","value":"//button[@data-kt=\"addButton\"]"}
COMMAND: POST /session/cd4e213f90090bc7497a341d701e98a6/elements - {"using":"xpath","value":"//button[@data-kt=\"addButton\"]"}
RESULT: {"using":"xpath","value":"//button[@data-kt=\"addButton\"]"}
COMMAND: POST /session/cd4e213f90090bc7497a341d701e98a6/elements - {"using":"xpath","value":"//button[@data-kt=\"addButton\"]"}
RESULT: {"using":"xpath","value":"//button[@data-kt=\"addButton\"]"}
COMMAND: POST /session/cd4e213f90090bc7497a341d701e98a6/elements - {"using":"xpath","value":"//button[@data-kt=\"addButton\"]"}
RESULT: {"using":"xpath","value":"//button[@data-kt=\"addButton\"]"}
COMMAND: POST /session/cd4e213f90090bc7497a341d701e98a6/elements - {"using":"xpath","value":"//button[@data-kt=\"addButton\"]"}
RESULT: {"using":"xpath","value":"//button[@data-kt=\"addButton\"]"}
COMMAND: POST /session/cd4e213f90090bc7497a341d701e98a6/elements - {"using":"xpath","value":"//button[@data-kt=\"addButton\"]"}
RESULT: {"using":"xpath","value":"//button[@data-kt=\"addButton\"]"}
COMMAND: POST /session/cd4e213f90090bc7497a341d701e98a6/elements - {"using":"xpath","value":"//button[@data-kt=\"addButton\"]"}
RESULT: {"using":"xpath","value":"//button[@data-kt=\"addButton\"]"}
COMMAND: POST /session/cd4e213f90090bc7497a341d701e98a6/elements - {"using":"xpath","value":"//button[@data-kt=\"addButton\"]"}
RESULT: {"using":"xpath","value":"//button[@data-kt=\"addButton\"]"}
COMMAND: POST /session/cd4e213f90090bc7497a341d701e98a6/elements - {"using":"xpath","value":"//button[@data-kt=\"addButton\"]"}
RESULT: {"using":"xpath","value":"//button[@data-kt=\"addButton\"]"}
COMMAND: POST /session/cd4e213f90090bc7497a341d701e98a6/elements - {"using":"xpath","value":"//button[@data-kt=\"addButton\"]"}
RESULT: {"using":"xpath","value":"//button[@data-kt=\"addButton\"]"}
COMMAND: POST /session/cd4e213f90090bc7497a341d701e98a6/elements - {"using":"xpath","value":"//button[@data-kt=\"addButton\"]"}
RESULT: {"using":"xpath","value":"//button[@data-kt=\"addButton\"]"}
COMMAND: POST /session/cd4e213f90090bc7497a341d701e98a6/elements - {"using":"xpath","value":"//button[@data-kt=\"addButton\"]"}
RESULT: {"using":"xpath","value":"//button[@data-kt=\"addButton\"]"}
COMMAND: POST /session/cd4e213f90090bc7497a341d701e98a6/elements - {"using":"xpath","value":"//button[@data-kt=\"addButton\"]"}
RESULT: {"using":"xpath","value":"//button[@data-kt=\"addButton\"]"}
COMMAND: POST /session/cd4e213f90090bc7497a341d701e98a6/elements - {"using":"xpath","value":"//button[@data-kt=\"addButton\"]"}
RESULT: {"using":"xpath","value":"//button[@data-kt=\"addButton\"]"}
COMMAND: POST /session/cd4e213f90090bc7497a341d701e98a6/elements - {"using":"xpath","value":"//button[@data-kt=\"addButton\"]"}
RESULT: {"using":"xpath","value":"//button[@data-kt=\"addButton\"]"}
COMMAND: POST /session/cd4e213f90090bc7497a341d701e98a6/elements - {"using":"xpath","value":"//button[@data-kt=\"addButton\"]"}
RESULT: {"using":"xpath","value":"//button[@data-kt=\"addButton\"]"}
COMMAND: POST /session/cd4e213f90090bc7497a341d701e98a6/elements - {"using":"xpath","value":"//button[@data-kt=\"addButton\"]"}
RESULT: {"using":"xpath","value":"//button[@data-kt=\"addButton\"]"}
COMMAND: POST /session/cd4e213f90090bc7497a341d701e98a6/elements - {"using":"xpath","value":"//button[@data-kt=\"addButton\"]"}
RESULT: {"using":"xpath","value":"//button[@data-kt=\"addButton\"]"}
COMMAND: POST /session/cd4e213f90090bc7497a341d701e98a6/elements - {"using":"xpath","value":"//button[@data-kt=\"addButton\"]"}
RESULT: {"using":"xpath","value":"//button[@data-kt=\"addButton\"]"}
COMMAND: POST /session/cd4e213f90090bc7497a341d701e98a6/elements - {"using":"xpath","value":"//button[@data-kt=\"addButton\"]"}
RESULT: {"using":"xpath","value":"//button[@data-kt=\"addButton\"]"}
COMMAND: POST /session/cd4e213f90090bc7497a341d701e98a6/elements - {"using":"xpath","value":"//button[@data-kt=\"addButton\"]"}
RESULT: {"using":"xpath","value":"//button[@data-kt=\"addButton\"]"}
COMMAND: POST /session/cd4e213f90090bc7497a341d701e98a6/elements - {"using":"xpath","value":"//button[@data-kt=\"addButton\"]"}
RESULT: {"using":"xpath","value":"//button[@data-kt=\"addButton\"]"}
COMMAND: POST /session/cd4e213f90090bc7497a341d701e98a6/elements - {"using":"xpath","value":"//button[@data-kt=\"addButton\"]"}
RESULT: {"using":"xpath","value":"//button[@data-kt=\"addButton\"]"}
COMMAND: POST /session/cd4e213f90090bc7497a341d701e98a6/elements - {"using":"xpath","value":"//button[@data-kt=\"addButton\"]"}
RESULT: {"using":"xpath","value":"//button[@data-kt=\"addButton\"]"}
COMMAND: POST /session/cd4e213f90090bc7497a341d701e98a6/elements - {"using":"xpath","value":"//button[@data-kt=\"addButton\"]"}
RESULT: {"using":"xpath","value":"//button[@data-kt=\"addButton\"]"}
COMMAND: POST /session/cd4e213f90090bc7497a341d701e98a6/elements - {"using":"xpath","value":"//button[@data-kt=\"addButton\"]"}
RESULT: {"using":"xpath","value":"//button[@data-kt=\"addButton\"]"}
COMMAND: POST /session/cd4e213f90090bc7497a341d701e98a6/elements - {"using":"xpath","value":"//button[@data-kt=\"addButton\"]"}
RESULT: {"using":"xpath","value":"//button[@data-kt=\"addButton\"]"}
COMMAND: POST /session/cd4e213f90090bc7497a341d701e98a6/elements - {"using":"xpath","value":"//button[@data-kt=\"addButton\"]"}
RESULT: {"using":"xpath","value":"//button[@data-kt=\"addButton\"]"}
COMMAND: POST /session/cd4e213f90090bc7497a341d701e98a6/elements - {"using":"xpath","value":"//button[@data-kt=\"addButton\"]"}
RESULT: {"using":"xpath","value":"//button[@data-kt=\"addButton\"]"}
COMMAND: POST /session/cd4e213f90090bc7497a341d701e98a6/elements - {"using":"xpath","value":"//button[@data-kt=\"addButton\"]"}
RESULT: {"using":"xpath","value":"//button[@data-kt=\"addButton\"]"}
COMMAND: POST /session/cd4e213f90090bc7497a341d701e98a6/elements - {"using":"xpath","value":"//button[@data-kt=\"addButton\"]"}
RESULT: {"using":"xpath","value":"//button[@data-kt=\"addButton\"]"}
COMMAND: POST /session/cd4e213f90090bc7497a341d701e98a6/elements - {"using":"xpath","value":"//button[@data-kt=\"addButton\"]"}
RESULT: {"using":"xpath","value":"//button[@data-kt=\"addButton\"]"}
COMMAND: POST /session/cd4e213f90090bc7497a341d701e98a6/elements - {"using":"xpath","value":"//button[@data-kt=\"addButton\"]"}
RESULT: {"using":"xpath","value":"//button[@data-kt=\"addButton\"]"}
COMMAND: POST /session/cd4e213f90090bc7497a341d701e98a6/elements - {"using":"xpath","value":"//button[@data-kt=\"addButton\"]"}
RESULT: {"using":"xpath","value":"//button[@data-kt=\"addButton\"]"}
COMMAND: POST /session/cd4e213f90090bc7497a341d701e98a6/elements - {"using":"xpath","value":"//button[@data-kt=\"addButton\"]"}
RESULT: {"using":"xpath","value":"//button[@data-kt=\"addButton\"]"}
COMMAND: POST /session/cd4e213f90090bc7497a341d701e98a6/elements - {"using":"xpath","value":"//button[@data-kt=\"addButton\"]"}
RESULT: {"using":"xpath","value":"//button[@data-kt=\"addButton\"]"}
COMMAND: POST /session/cd4e213f90090bc7497a341d701e98a6/elements - {"using":"xpath","value":"//button[@data-kt=\"addButton\"]"}
RESULT: {"using":"xpath","value":"//button[@data-kt=\"addButton\"]"}
COMMAND: POST /session/cd4e213f90090bc7497a341d701e98a6/elements - {"using":"xpath","value":"//button[@data-kt=\"addButton\"]"}
RESULT: {"using":"xpath","value":"//button[@data-kt=\"addButton\"]"}
COMMAND: POST /session/cd4e213f90090bc7497a341d701e98a6/elements - {"using":"xpath","value":"//button[@data-kt=\"addButton\"]"}
RESULT: {"using":"xpath","value":"//button[@data-kt=\"addButton\"]"}
COMMAND: POST /session/cd4e213f90090bc7497a341d701e98a6/elements - {"using":"xpath","value":"//button[@data-kt=\"addButton\"]"}
RESULT: {"using":"xpath","value":"//button[@data-kt=\"addButton\"]"}
COMMAND: POST /session/cd4e213f90090bc7497a341d701e98a6/elements - {"using":"xpath","value":"//button[@data-kt=\"addButton\"]"}
RESULT: {"using":"xpath","value":"//button[@data-kt=\"addButton\"]"}
COMMAND: POST /session/cd4e213f90090bc7497a341d701e98a6/elements - {"using":"xpath","value":"//button[@data-kt=\"addButton\"]"}
RESULT: {"using":"xpath","value":"//button[@data-kt=\"addButton\"]"}
COMMAND: POST /session/cd4e213f90090bc7497a341d701e98a6/elements - {"using":"xpath","value":"//button[@data-kt=\"addButton\"]"}
RESULT: {"using":"xpath","value":"//button[@data-kt=\"addButton\"]"}
COMMAND: POST /session/cd4e213f90090bc7497a341d701e98a6/elements - {"using":"xpath","value":"//button[@data-kt=\"addButton\"]"}
RESULT: {"using":"xpath","value":"//button[@data-kt=\"addButton\"]"}
COMMAND: POST /session/cd4e213f90090bc7497a341d701e98a6/elements - {"using":"xpath","value":"//button[@data-kt=\"addButton\"]"}
RESULT: {"using":"xpath","value":"//button[@data-kt=\"addButton\"]"}
COMMAND: POST /session/cd4e213f90090bc7497a341d701e98a6/elements - {"using":"xpath","value":"//button[@data-kt=\"addButton\"]"}
RESULT: {"using":"xpath","value":"//button[@data-kt=\"addButton\"]"}
COMMAND: POST /session/cd4e213f90090bc7497a341d701e98a6/elements - {"using":"xpath","value":"//button[@data-kt=\"addButton\"]"}
RESULT: {"using":"xpath","value":"//button[@data-kt=\"addButton\"]"}
COMMAND: POST /session/cd4e213f90090bc7497a341d701e98a6/elements - {"using":"xpath","value":"//button[@data-kt=\"addButton\"]"}
RESULT: {"using":"xpath","value":"//button[@data-kt=\"addButton\"]"}
COMMAND: POST /session/cd4e213f90090bc7497a341d701e98a6/elements - {"using":"xpath","value":"//button[@data-kt=\"addButton\"]"}
RESULT: {"using":"xpath","value":"//button[@data-kt=\"addButton\"]"}
COMMAND: POST /session/cd4e213f90090bc7497a341d701e98a6/elements - {"using":"xpath","value":"//button[@data-kt=\"addButton\"]"}
RESULT: {"using":"xpath","value":"//button[@data-kt=\"addButton\"]"}
COMMAND: POST /session/cd4e213f90090bc7497a341d701e98a6/elements - {"using":"xpath","value":"//button[@data-kt=\"addButton\"]"}
RESULT: {"using":"xpath","value":"//button[@data-kt=\"addButton\"]"}
COMMAND: POST /session/cd4e213f90090bc7497a341d701e98a6/elements - {"using":"xpath","value":"//button[@data-kt=\"addButton\"]"}
RESULT: {"using":"xpath","value":"//button[@data-kt=\"addButton\"]"}
COMMAND: POST /session/cd4e213f90090bc7497a341d701e98a6/elements - {"using":"xpath","value":"//button[@data-kt=\"addButton\"]"}
RESULT: {"using":"xpath","value":"//button[@data-kt=\"addButton\"]"}
COMMAND: POST /session/cd4e213f90090bc7497a341d701e98a6/elements - {"using":"xpath","value":"//button[@data-kt=\"addButton\"]"}
RESULT: {"using":"xpath","value":"//button[@data-kt=\"addButton\"]"}
COMMAND: POST /session/cd4e213f90090bc7497a341d701e98a6/elements - {"using":"xpath","value":"//button[@data-kt=\"addButton\"]"}
RESULT: {"using":"xpath","value":"//button[@data-kt=\"addButton\"]"}
COMMAND: POST /session/cd4e213f90090bc7497a341d701e98a6/elements - {"using":"xpath","value":"//button[@data-kt=\"addButton\"]"}
RESULT: {"using":"xpath","value":"//button[@data-kt=\"addButton\"]"}
COMMAND: POST /session/cd4e213f90090bc7497a341d701e98a6/elements - {"using":"xpath","value":"//button[@data-kt=\"addButton\"]"}
RESULT: {"using":"xpath","value":"//button[@data-kt=\"addButton\"]"}
COMMAND: POST /session/cd4e213f90090bc7497a341d701e98a6/elements - {"using":"xpath","value":"//button[@data-kt=\"addButton\"]"}
RESULT: {"using":"xpath","value":"//button[@data-kt=\"addButton\"]"}
COMMAND: POST /session/cd4e213f90090bc7497a341d701e98a6/elements - {"using":"xpath","value":"//button[@data-kt=\"addButton\"]"}
RESULT: {"using":"xpath","value":"//button[@data-kt=\"addButton\"]"}
COMMAND: POST /session/cd4e213f90090bc7497a341d701e98a6/elements - {"using":"xpath","value":"//button[@data-kt=\"addButton\"]"}
RESULT: {"using":"xpath","value":"//button[@data-kt=\"addButton\"]"}
COMMAND: POST /session/cd4e213f90090bc7497a341d701e98a6/elements - {"using":"xpath","value":"//button[@data-kt=\"addButton\"]"}
RESULT: {"using":"xpath","value":"//button[@data-kt=\"addButton\"]"}
COMMAND: POST /session/cd4e213f90090bc7497a341d701e98a6/elements - {"using":"xpath","value":"//button[@data-kt=\"addButton\"]"}
RESULT: {"using":"xpath","value":"//button[@data-kt=\"addButton\"]"}
COMMAND: POST /session/cd4e213f90090bc7497a341d701e98a6/elements - {"using":"xpath","value":"//button[@data-kt=\"addButton\"]"}
RESULT: {"using":"xpath","value":"//button[@data-kt=\"addButton\"]"}
COMMAND: POST /session/cd4e213f90090bc7497a341d701e98a6/elements - {"using":"xpath","value":"//button[@data-kt=\"addButton\"]"}
RESULT: {"using":"xpath","value":"//button[@data-kt=\"addButton\"]"}
COMMAND: POST /session/cd4e213f90090bc7497a341d701e98a6/elements - {"using":"xpath","value":"//button[@data-kt=\"addButton\"]"}
RESULT: {"using":"xpath","value":"//button[@data-kt=\"addButton\"]"}
COMMAND: POST /session/cd4e213f90090bc7497a341d701e98a6/elements - {"using":"xpath","value":"//button[@data-kt=\"addButton\"]"}
RESULT: {"using":"xpath","value":"//button[@data-kt=\"addButton\"]"}
COMMAND: POST /session/cd4e213f90090bc7497a341d701e98a6/elements - {"using":"xpath","value":"//button[@data-kt=\"addButton\"]"}
RESULT: {"using":"xpath","value":"//button[@data-kt=\"addButton\"]"}
COMMAND: POST /session/cd4e213f90090bc7497a341d701e98a6/elements - {"using":"xpath","value":"//button[@data-kt=\"addButton\"]"}
RESULT: {"using":"xpath","value":"//button[@data-kt=\"addButton\"]"}
COMMAND: POST /session/cd4e213f90090bc7497a341d701e98a6/elements - {"using":"xpath","value":"//button[@data-kt=\"addButton\"]"}
RESULT: {"using":"xpath","value":"//button[@data-kt=\"addButton\"]"}
COMMAND: POST /session/cd4e213f90090bc7497a341d701e98a6/elements - {"using":"xpath","value":"//button[@data-kt=\"addButton\"]"}
RESULT: {"using":"xpath","value":"//button[@data-kt=\"addButton\"]"}
COMMAND: POST /session/cd4e213f90090bc7497a341d701e98a6/elements - {"using":"xpath","value":"//button[@data-kt=\"addButton\"]"}
RESULT: {"using":"xpath","value":"//button[@data-kt=\"addButton\"]"}
COMMAND: POST /session/cd4e213f90090bc7497a341d701e98a6/elements - {"using":"xpath","value":"//button[@data-kt=\"addButton\"]"}
RESULT: {"using":"xpath","value":"//button[@data-kt=\"addButton\"]"}
COMMAND: POST /session/cd4e213f90090bc7497a341d701e98a6/elements - {"using":"xpath","value":"//button[@data-kt=\"addButton\"]"}
RESULT: {"using":"xpath","value":"//button[@data-kt=\"addButton\"]"}
COMMAND: GET /session/cd4e213f90090bc7497a341d701e98a6/screenshot - {}
RESULT: {}
]]></system-out>
      <system-err><![CDATA[
Error: element ("//button[@data-kt="addButton"]") still not existing after 45000ms
    at async UtilsPrerequisites.contractCreation (D:\a\1\s\test\specs\BTS\prerequisites-and-utils-functions.js:1711:9)
    at async Context.<anonymous> (D:\a\1\s\test\specs\HTR\return-from-site-w-warehouse-management-w-clarification.spec.js:74:49)
]]></system-err>
    </testcase>
    <testcase classname="chrome.136_0_7103_93.windows.Return_from_Site_w/_warehouse_management_w_clarification" name="Should add equipment to the contract" time="60.419">
      <failure/>
      <error message="Can't call click on element with selector &quot;//button[@data-kt=&quot;contractDetailEditBtnButton&quot;]&quot; because element wasn't found"/>
      <system-out><![CDATA[
COMMAND: POST /session/cd4e213f90090bc7497a341d701e98a6/element - {"using":"xpath","value":"//button[@data-kt=\"contractDetailEditBtnButton\"]"}
COMMAND: GET /session/cd4e213f90090bc7497a341d701e98a6/screenshot - {}
RESULT: {"using":"xpath","value":"//button[@data-kt=\"contractDetailEditBtnButton\"]"}
COMMAND: POST /session/cd4e213f90090bc7497a341d701e98a6/elements - {"using":"xpath","value":"//button[@data-kt=\"contractDetailEditBtnButton\"]"}
RESULT: {}
RESULT: {"using":"xpath","value":"//button[@data-kt=\"contractDetailEditBtnButton\"]"}
COMMAND: POST /session/cd4e213f90090bc7497a341d701e98a6/elements - {"using":"xpath","value":"//button[@data-kt=\"contractDetailEditBtnButton\"]"}
RESULT: {"using":"xpath","value":"//button[@data-kt=\"contractDetailEditBtnButton\"]"}
COMMAND: POST /session/cd4e213f90090bc7497a341d701e98a6/elements - {"using":"xpath","value":"//button[@data-kt=\"contractDetailEditBtnButton\"]"}
RESULT: {"using":"xpath","value":"//button[@data-kt=\"contractDetailEditBtnButton\"]"}
COMMAND: POST /session/cd4e213f90090bc7497a341d701e98a6/elements - {"using":"xpath","value":"//button[@data-kt=\"contractDetailEditBtnButton\"]"}
RESULT: {"using":"xpath","value":"//button[@data-kt=\"contractDetailEditBtnButton\"]"}
COMMAND: POST /session/cd4e213f90090bc7497a341d701e98a6/elements - {"using":"xpath","value":"//button[@data-kt=\"contractDetailEditBtnButton\"]"}
RESULT: {"using":"xpath","value":"//button[@data-kt=\"contractDetailEditBtnButton\"]"}
COMMAND: POST /session/cd4e213f90090bc7497a341d701e98a6/elements - {"using":"xpath","value":"//button[@data-kt=\"contractDetailEditBtnButton\"]"}
RESULT: {"using":"xpath","value":"//button[@data-kt=\"contractDetailEditBtnButton\"]"}
COMMAND: POST /session/cd4e213f90090bc7497a341d701e98a6/elements - {"using":"xpath","value":"//button[@data-kt=\"contractDetailEditBtnButton\"]"}
RESULT: {"using":"xpath","value":"//button[@data-kt=\"contractDetailEditBtnButton\"]"}
COMMAND: POST /session/cd4e213f90090bc7497a341d701e98a6/elements - {"using":"xpath","value":"//button[@data-kt=\"contractDetailEditBtnButton\"]"}
RESULT: {"using":"xpath","value":"//button[@data-kt=\"contractDetailEditBtnButton\"]"}
COMMAND: POST /session/cd4e213f90090bc7497a341d701e98a6/elements - {"using":"xpath","value":"//button[@data-kt=\"contractDetailEditBtnButton\"]"}
RESULT: {"using":"xpath","value":"//button[@data-kt=\"contractDetailEditBtnButton\"]"}
COMMAND: POST /session/cd4e213f90090bc7497a341d701e98a6/elements - {"using":"xpath","value":"//button[@data-kt=\"contractDetailEditBtnButton\"]"}
RESULT: {"using":"xpath","value":"//button[@data-kt=\"contractDetailEditBtnButton\"]"}
COMMAND: POST /session/cd4e213f90090bc7497a341d701e98a6/elements - {"using":"xpath","value":"//button[@data-kt=\"contractDetailEditBtnButton\"]"}
RESULT: {"using":"xpath","value":"//button[@data-kt=\"contractDetailEditBtnButton\"]"}
COMMAND: POST /session/cd4e213f90090bc7497a341d701e98a6/elements - {"using":"xpath","value":"//button[@data-kt=\"contractDetailEditBtnButton\"]"}
RESULT: {"using":"xpath","value":"//button[@data-kt=\"contractDetailEditBtnButton\"]"}
COMMAND: POST /session/cd4e213f90090bc7497a341d701e98a6/elements - {"using":"xpath","value":"//button[@data-kt=\"contractDetailEditBtnButton\"]"}
RESULT: {"using":"xpath","value":"//button[@data-kt=\"contractDetailEditBtnButton\"]"}
COMMAND: POST /session/cd4e213f90090bc7497a341d701e98a6/elements - {"using":"xpath","value":"//button[@data-kt=\"contractDetailEditBtnButton\"]"}
RESULT: {"using":"xpath","value":"//button[@data-kt=\"contractDetailEditBtnButton\"]"}
COMMAND: POST /session/cd4e213f90090bc7497a341d701e98a6/elements - {"using":"xpath","value":"//button[@data-kt=\"contractDetailEditBtnButton\"]"}
RESULT: {"using":"xpath","value":"//button[@data-kt=\"contractDetailEditBtnButton\"]"}
COMMAND: POST /session/cd4e213f90090bc7497a341d701e98a6/elements - {"using":"xpath","value":"//button[@data-kt=\"contractDetailEditBtnButton\"]"}
RESULT: {"using":"xpath","value":"//button[@data-kt=\"contractDetailEditBtnButton\"]"}
COMMAND: POST /session/cd4e213f90090bc7497a341d701e98a6/elements - {"using":"xpath","value":"//button[@data-kt=\"contractDetailEditBtnButton\"]"}
RESULT: {"using":"xpath","value":"//button[@data-kt=\"contractDetailEditBtnButton\"]"}
COMMAND: POST /session/cd4e213f90090bc7497a341d701e98a6/elements - {"using":"xpath","value":"//button[@data-kt=\"contractDetailEditBtnButton\"]"}
RESULT: {"using":"xpath","value":"//button[@data-kt=\"contractDetailEditBtnButton\"]"}
COMMAND: POST /session/cd4e213f90090bc7497a341d701e98a6/elements - {"using":"xpath","value":"//button[@data-kt=\"contractDetailEditBtnButton\"]"}
RESULT: {"using":"xpath","value":"//button[@data-kt=\"contractDetailEditBtnButton\"]"}
COMMAND: POST /session/cd4e213f90090bc7497a341d701e98a6/elements - {"using":"xpath","value":"//button[@data-kt=\"contractDetailEditBtnButton\"]"}
RESULT: {"using":"xpath","value":"//button[@data-kt=\"contractDetailEditBtnButton\"]"}
COMMAND: POST /session/cd4e213f90090bc7497a341d701e98a6/elements - {"using":"xpath","value":"//button[@data-kt=\"contractDetailEditBtnButton\"]"}
RESULT: {"using":"xpath","value":"//button[@data-kt=\"contractDetailEditBtnButton\"]"}
COMMAND: POST /session/cd4e213f90090bc7497a341d701e98a6/elements - {"using":"xpath","value":"//button[@data-kt=\"contractDetailEditBtnButton\"]"}
RESULT: {"using":"xpath","value":"//button[@data-kt=\"contractDetailEditBtnButton\"]"}
COMMAND: POST /session/cd4e213f90090bc7497a341d701e98a6/elements - {"using":"xpath","value":"//button[@data-kt=\"contractDetailEditBtnButton\"]"}
RESULT: {"using":"xpath","value":"//button[@data-kt=\"contractDetailEditBtnButton\"]"}
COMMAND: POST /session/cd4e213f90090bc7497a341d701e98a6/elements - {"using":"xpath","value":"//button[@data-kt=\"contractDetailEditBtnButton\"]"}
RESULT: {"using":"xpath","value":"//button[@data-kt=\"contractDetailEditBtnButton\"]"}
COMMAND: POST /session/cd4e213f90090bc7497a341d701e98a6/elements - {"using":"xpath","value":"//button[@data-kt=\"contractDetailEditBtnButton\"]"}
RESULT: {"using":"xpath","value":"//button[@data-kt=\"contractDetailEditBtnButton\"]"}
COMMAND: POST /session/cd4e213f90090bc7497a341d701e98a6/elements - {"using":"xpath","value":"//button[@data-kt=\"contractDetailEditBtnButton\"]"}
RESULT: {"using":"xpath","value":"//button[@data-kt=\"contractDetailEditBtnButton\"]"}
COMMAND: POST /session/cd4e213f90090bc7497a341d701e98a6/elements - {"using":"xpath","value":"//button[@data-kt=\"contractDetailEditBtnButton\"]"}
RESULT: {"using":"xpath","value":"//button[@data-kt=\"contractDetailEditBtnButton\"]"}
COMMAND: POST /session/cd4e213f90090bc7497a341d701e98a6/elements - {"using":"xpath","value":"//button[@data-kt=\"contractDetailEditBtnButton\"]"}
RESULT: {"using":"xpath","value":"//button[@data-kt=\"contractDetailEditBtnButton\"]"}
COMMAND: POST /session/cd4e213f90090bc7497a341d701e98a6/elements - {"using":"xpath","value":"//button[@data-kt=\"contractDetailEditBtnButton\"]"}
RESULT: {"using":"xpath","value":"//button[@data-kt=\"contractDetailEditBtnButton\"]"}
COMMAND: POST /session/cd4e213f90090bc7497a341d701e98a6/elements - {"using":"xpath","value":"//button[@data-kt=\"contractDetailEditBtnButton\"]"}
RESULT: {"using":"xpath","value":"//button[@data-kt=\"contractDetailEditBtnButton\"]"}
COMMAND: POST /session/cd4e213f90090bc7497a341d701e98a6/elements - {"using":"xpath","value":"//button[@data-kt=\"contractDetailEditBtnButton\"]"}
RESULT: {"using":"xpath","value":"//button[@data-kt=\"contractDetailEditBtnButton\"]"}
COMMAND: POST /session/cd4e213f90090bc7497a341d701e98a6/elements - {"using":"xpath","value":"//button[@data-kt=\"contractDetailEditBtnButton\"]"}
RESULT: {"using":"xpath","value":"//button[@data-kt=\"contractDetailEditBtnButton\"]"}
COMMAND: POST /session/cd4e213f90090bc7497a341d701e98a6/elements - {"using":"xpath","value":"//button[@data-kt=\"contractDetailEditBtnButton\"]"}
RESULT: {"using":"xpath","value":"//button[@data-kt=\"contractDetailEditBtnButton\"]"}
COMMAND: POST /session/cd4e213f90090bc7497a341d701e98a6/elements - {"using":"xpath","value":"//button[@data-kt=\"contractDetailEditBtnButton\"]"}
RESULT: {"using":"xpath","value":"//button[@data-kt=\"contractDetailEditBtnButton\"]"}
COMMAND: POST /session/cd4e213f90090bc7497a341d701e98a6/elements - {"using":"xpath","value":"//button[@data-kt=\"contractDetailEditBtnButton\"]"}
RESULT: {"using":"xpath","value":"//button[@data-kt=\"contractDetailEditBtnButton\"]"}
COMMAND: POST /session/cd4e213f90090bc7497a341d701e98a6/elements - {"using":"xpath","value":"//button[@data-kt=\"contractDetailEditBtnButton\"]"}
RESULT: {"using":"xpath","value":"//button[@data-kt=\"contractDetailEditBtnButton\"]"}
COMMAND: POST /session/cd4e213f90090bc7497a341d701e98a6/elements - {"using":"xpath","value":"//button[@data-kt=\"contractDetailEditBtnButton\"]"}
RESULT: {"using":"xpath","value":"//button[@data-kt=\"contractDetailEditBtnButton\"]"}
COMMAND: POST /session/cd4e213f90090bc7497a341d701e98a6/elements - {"using":"xpath","value":"//button[@data-kt=\"contractDetailEditBtnButton\"]"}
RESULT: {"using":"xpath","value":"//button[@data-kt=\"contractDetailEditBtnButton\"]"}
COMMAND: POST /session/cd4e213f90090bc7497a341d701e98a6/elements - {"using":"xpath","value":"//button[@data-kt=\"contractDetailEditBtnButton\"]"}
RESULT: {"using":"xpath","value":"//button[@data-kt=\"contractDetailEditBtnButton\"]"}
COMMAND: POST /session/cd4e213f90090bc7497a341d701e98a6/elements - {"using":"xpath","value":"//button[@data-kt=\"contractDetailEditBtnButton\"]"}
RESULT: {"using":"xpath","value":"//button[@data-kt=\"contractDetailEditBtnButton\"]"}
COMMAND: POST /session/cd4e213f90090bc7497a341d701e98a6/elements - {"using":"xpath","value":"//button[@data-kt=\"contractDetailEditBtnButton\"]"}
RESULT: {"using":"xpath","value":"//button[@data-kt=\"contractDetailEditBtnButton\"]"}
COMMAND: POST /session/cd4e213f90090bc7497a341d701e98a6/elements - {"using":"xpath","value":"//button[@data-kt=\"contractDetailEditBtnButton\"]"}
RESULT: {"using":"xpath","value":"//button[@data-kt=\"contractDetailEditBtnButton\"]"}
COMMAND: POST /session/cd4e213f90090bc7497a341d701e98a6/elements - {"using":"xpath","value":"//button[@data-kt=\"contractDetailEditBtnButton\"]"}
RESULT: {"using":"xpath","value":"//button[@data-kt=\"contractDetailEditBtnButton\"]"}
COMMAND: POST /session/cd4e213f90090bc7497a341d701e98a6/elements - {"using":"xpath","value":"//button[@data-kt=\"contractDetailEditBtnButton\"]"}
RESULT: {"using":"xpath","value":"//button[@data-kt=\"contractDetailEditBtnButton\"]"}
COMMAND: POST /session/cd4e213f90090bc7497a341d701e98a6/elements - {"using":"xpath","value":"//button[@data-kt=\"contractDetailEditBtnButton\"]"}
RESULT: {"using":"xpath","value":"//button[@data-kt=\"contractDetailEditBtnButton\"]"}
COMMAND: POST /session/cd4e213f90090bc7497a341d701e98a6/elements - {"using":"xpath","value":"//button[@data-kt=\"contractDetailEditBtnButton\"]"}
RESULT: {"using":"xpath","value":"//button[@data-kt=\"contractDetailEditBtnButton\"]"}
COMMAND: POST /session/cd4e213f90090bc7497a341d701e98a6/elements - {"using":"xpath","value":"//button[@data-kt=\"contractDetailEditBtnButton\"]"}
RESULT: {"using":"xpath","value":"//button[@data-kt=\"contractDetailEditBtnButton\"]"}
COMMAND: POST /session/cd4e213f90090bc7497a341d701e98a6/elements - {"using":"xpath","value":"//button[@data-kt=\"contractDetailEditBtnButton\"]"}
RESULT: {"using":"xpath","value":"//button[@data-kt=\"contractDetailEditBtnButton\"]"}
COMMAND: POST /session/cd4e213f90090bc7497a341d701e98a6/elements - {"using":"xpath","value":"//button[@data-kt=\"contractDetailEditBtnButton\"]"}
RESULT: {"using":"xpath","value":"//button[@data-kt=\"contractDetailEditBtnButton\"]"}
COMMAND: POST /session/cd4e213f90090bc7497a341d701e98a6/elements - {"using":"xpath","value":"//button[@data-kt=\"contractDetailEditBtnButton\"]"}
RESULT: {"using":"xpath","value":"//button[@data-kt=\"contractDetailEditBtnButton\"]"}
COMMAND: POST /session/cd4e213f90090bc7497a341d701e98a6/elements - {"using":"xpath","value":"//button[@data-kt=\"contractDetailEditBtnButton\"]"}
RESULT: {"using":"xpath","value":"//button[@data-kt=\"contractDetailEditBtnButton\"]"}
COMMAND: POST /session/cd4e213f90090bc7497a341d701e98a6/elements - {"using":"xpath","value":"//button[@data-kt=\"contractDetailEditBtnButton\"]"}
RESULT: {"using":"xpath","value":"//button[@data-kt=\"contractDetailEditBtnButton\"]"}
COMMAND: POST /session/cd4e213f90090bc7497a341d701e98a6/elements - {"using":"xpath","value":"//button[@data-kt=\"contractDetailEditBtnButton\"]"}
RESULT: {"using":"xpath","value":"//button[@data-kt=\"contractDetailEditBtnButton\"]"}
COMMAND: POST /session/cd4e213f90090bc7497a341d701e98a6/elements - {"using":"xpath","value":"//button[@data-kt=\"contractDetailEditBtnButton\"]"}
RESULT: {"using":"xpath","value":"//button[@data-kt=\"contractDetailEditBtnButton\"]"}
COMMAND: POST /session/cd4e213f90090bc7497a341d701e98a6/elements - {"using":"xpath","value":"//button[@data-kt=\"contractDetailEditBtnButton\"]"}
RESULT: {"using":"xpath","value":"//button[@data-kt=\"contractDetailEditBtnButton\"]"}
COMMAND: POST /session/cd4e213f90090bc7497a341d701e98a6/elements - {"using":"xpath","value":"//button[@data-kt=\"contractDetailEditBtnButton\"]"}
RESULT: {"using":"xpath","value":"//button[@data-kt=\"contractDetailEditBtnButton\"]"}
COMMAND: POST /session/cd4e213f90090bc7497a341d701e98a6/elements - {"using":"xpath","value":"//button[@data-kt=\"contractDetailEditBtnButton\"]"}
RESULT: {"using":"xpath","value":"//button[@data-kt=\"contractDetailEditBtnButton\"]"}
COMMAND: POST /session/cd4e213f90090bc7497a341d701e98a6/elements - {"using":"xpath","value":"//button[@data-kt=\"contractDetailEditBtnButton\"]"}
RESULT: {"using":"xpath","value":"//button[@data-kt=\"contractDetailEditBtnButton\"]"}
COMMAND: POST /session/cd4e213f90090bc7497a341d701e98a6/elements - {"using":"xpath","value":"//button[@data-kt=\"contractDetailEditBtnButton\"]"}
RESULT: {"using":"xpath","value":"//button[@data-kt=\"contractDetailEditBtnButton\"]"}
COMMAND: POST /session/cd4e213f90090bc7497a341d701e98a6/elements - {"using":"xpath","value":"//button[@data-kt=\"contractDetailEditBtnButton\"]"}
RESULT: {"using":"xpath","value":"//button[@data-kt=\"contractDetailEditBtnButton\"]"}
COMMAND: POST /session/cd4e213f90090bc7497a341d701e98a6/elements - {"using":"xpath","value":"//button[@data-kt=\"contractDetailEditBtnButton\"]"}
RESULT: {"using":"xpath","value":"//button[@data-kt=\"contractDetailEditBtnButton\"]"}
COMMAND: POST /session/cd4e213f90090bc7497a341d701e98a6/elements - {"using":"xpath","value":"//button[@data-kt=\"contractDetailEditBtnButton\"]"}
RESULT: {"using":"xpath","value":"//button[@data-kt=\"contractDetailEditBtnButton\"]"}
COMMAND: POST /session/cd4e213f90090bc7497a341d701e98a6/elements - {"using":"xpath","value":"//button[@data-kt=\"contractDetailEditBtnButton\"]"}
RESULT: {"using":"xpath","value":"//button[@data-kt=\"contractDetailEditBtnButton\"]"}
COMMAND: POST /session/cd4e213f90090bc7497a341d701e98a6/elements - {"using":"xpath","value":"//button[@data-kt=\"contractDetailEditBtnButton\"]"}
RESULT: {"using":"xpath","value":"//button[@data-kt=\"contractDetailEditBtnButton\"]"}
COMMAND: POST /session/cd4e213f90090bc7497a341d701e98a6/elements - {"using":"xpath","value":"//button[@data-kt=\"contractDetailEditBtnButton\"]"}
RESULT: {"using":"xpath","value":"//button[@data-kt=\"contractDetailEditBtnButton\"]"}
COMMAND: POST /session/cd4e213f90090bc7497a341d701e98a6/elements - {"using":"xpath","value":"//button[@data-kt=\"contractDetailEditBtnButton\"]"}
RESULT: {"using":"xpath","value":"//button[@data-kt=\"contractDetailEditBtnButton\"]"}
COMMAND: POST /session/cd4e213f90090bc7497a341d701e98a6/elements - {"using":"xpath","value":"//button[@data-kt=\"contractDetailEditBtnButton\"]"}
RESULT: {"using":"xpath","value":"//button[@data-kt=\"contractDetailEditBtnButton\"]"}
COMMAND: POST /session/cd4e213f90090bc7497a341d701e98a6/elements - {"using":"xpath","value":"//button[@data-kt=\"contractDetailEditBtnButton\"]"}
RESULT: {"using":"xpath","value":"//button[@data-kt=\"contractDetailEditBtnButton\"]"}
COMMAND: POST /session/cd4e213f90090bc7497a341d701e98a6/elements - {"using":"xpath","value":"//button[@data-kt=\"contractDetailEditBtnButton\"]"}
RESULT: {"using":"xpath","value":"//button[@data-kt=\"contractDetailEditBtnButton\"]"}
COMMAND: POST /session/cd4e213f90090bc7497a341d701e98a6/elements - {"using":"xpath","value":"//button[@data-kt=\"contractDetailEditBtnButton\"]"}
RESULT: {"using":"xpath","value":"//button[@data-kt=\"contractDetailEditBtnButton\"]"}
COMMAND: POST /session/cd4e213f90090bc7497a341d701e98a6/elements - {"using":"xpath","value":"//button[@data-kt=\"contractDetailEditBtnButton\"]"}
RESULT: {"using":"xpath","value":"//button[@data-kt=\"contractDetailEditBtnButton\"]"}
COMMAND: POST /session/cd4e213f90090bc7497a341d701e98a6/elements - {"using":"xpath","value":"//button[@data-kt=\"contractDetailEditBtnButton\"]"}
RESULT: {"using":"xpath","value":"//button[@data-kt=\"contractDetailEditBtnButton\"]"}
COMMAND: POST /session/cd4e213f90090bc7497a341d701e98a6/elements - {"using":"xpath","value":"//button[@data-kt=\"contractDetailEditBtnButton\"]"}
RESULT: {"using":"xpath","value":"//button[@data-kt=\"contractDetailEditBtnButton\"]"}
COMMAND: POST /session/cd4e213f90090bc7497a341d701e98a6/elements - {"using":"xpath","value":"//button[@data-kt=\"contractDetailEditBtnButton\"]"}
RESULT: {"using":"xpath","value":"//button[@data-kt=\"contractDetailEditBtnButton\"]"}
COMMAND: POST /session/cd4e213f90090bc7497a341d701e98a6/elements - {"using":"xpath","value":"//button[@data-kt=\"contractDetailEditBtnButton\"]"}
RESULT: {"using":"xpath","value":"//button[@data-kt=\"contractDetailEditBtnButton\"]"}
COMMAND: POST /session/cd4e213f90090bc7497a341d701e98a6/elements - {"using":"xpath","value":"//button[@data-kt=\"contractDetailEditBtnButton\"]"}
RESULT: {"using":"xpath","value":"//button[@data-kt=\"contractDetailEditBtnButton\"]"}
COMMAND: POST /session/cd4e213f90090bc7497a341d701e98a6/elements - {"using":"xpath","value":"//button[@data-kt=\"contractDetailEditBtnButton\"]"}
RESULT: {"using":"xpath","value":"//button[@data-kt=\"contractDetailEditBtnButton\"]"}
COMMAND: POST /session/cd4e213f90090bc7497a341d701e98a6/elements - {"using":"xpath","value":"//button[@data-kt=\"contractDetailEditBtnButton\"]"}
RESULT: {"using":"xpath","value":"//button[@data-kt=\"contractDetailEditBtnButton\"]"}
COMMAND: POST /session/cd4e213f90090bc7497a341d701e98a6/elements - {"using":"xpath","value":"//button[@data-kt=\"contractDetailEditBtnButton\"]"}
RESULT: {"using":"xpath","value":"//button[@data-kt=\"contractDetailEditBtnButton\"]"}
COMMAND: POST /session/cd4e213f90090bc7497a341d701e98a6/elements - {"using":"xpath","value":"//button[@data-kt=\"contractDetailEditBtnButton\"]"}
RESULT: {"using":"xpath","value":"//button[@data-kt=\"contractDetailEditBtnButton\"]"}
COMMAND: POST /session/cd4e213f90090bc7497a341d701e98a6/elements - {"using":"xpath","value":"//button[@data-kt=\"contractDetailEditBtnButton\"]"}
RESULT: {"using":"xpath","value":"//button[@data-kt=\"contractDetailEditBtnButton\"]"}
COMMAND: POST /session/cd4e213f90090bc7497a341d701e98a6/elements - {"using":"xpath","value":"//button[@data-kt=\"contractDetailEditBtnButton\"]"}
RESULT: {"using":"xpath","value":"//button[@data-kt=\"contractDetailEditBtnButton\"]"}
COMMAND: POST /session/cd4e213f90090bc7497a341d701e98a6/elements - {"using":"xpath","value":"//button[@data-kt=\"contractDetailEditBtnButton\"]"}
RESULT: {"using":"xpath","value":"//button[@data-kt=\"contractDetailEditBtnButton\"]"}
COMMAND: POST /session/cd4e213f90090bc7497a341d701e98a6/elements - {"using":"xpath","value":"//button[@data-kt=\"contractDetailEditBtnButton\"]"}
RESULT: {"using":"xpath","value":"//button[@data-kt=\"contractDetailEditBtnButton\"]"}
COMMAND: POST /session/cd4e213f90090bc7497a341d701e98a6/elements - {"using":"xpath","value":"//button[@data-kt=\"contractDetailEditBtnButton\"]"}
RESULT: {"using":"xpath","value":"//button[@data-kt=\"contractDetailEditBtnButton\"]"}
COMMAND: POST /session/cd4e213f90090bc7497a341d701e98a6/elements - {"using":"xpath","value":"//button[@data-kt=\"contractDetailEditBtnButton\"]"}
RESULT: {"using":"xpath","value":"//button[@data-kt=\"contractDetailEditBtnButton\"]"}
COMMAND: POST /session/cd4e213f90090bc7497a341d701e98a6/elements - {"using":"xpath","value":"//button[@data-kt=\"contractDetailEditBtnButton\"]"}
RESULT: {"using":"xpath","value":"//button[@data-kt=\"contractDetailEditBtnButton\"]"}
COMMAND: POST /session/cd4e213f90090bc7497a341d701e98a6/elements - {"using":"xpath","value":"//button[@data-kt=\"contractDetailEditBtnButton\"]"}
RESULT: {"using":"xpath","value":"//button[@data-kt=\"contractDetailEditBtnButton\"]"}
COMMAND: POST /session/cd4e213f90090bc7497a341d701e98a6/elements - {"using":"xpath","value":"//button[@data-kt=\"contractDetailEditBtnButton\"]"}
RESULT: {"using":"xpath","value":"//button[@data-kt=\"contractDetailEditBtnButton\"]"}
COMMAND: POST /session/cd4e213f90090bc7497a341d701e98a6/elements - {"using":"xpath","value":"//button[@data-kt=\"contractDetailEditBtnButton\"]"}
RESULT: {"using":"xpath","value":"//button[@data-kt=\"contractDetailEditBtnButton\"]"}
COMMAND: POST /session/cd4e213f90090bc7497a341d701e98a6/elements - {"using":"xpath","value":"//button[@data-kt=\"contractDetailEditBtnButton\"]"}
RESULT: {"using":"xpath","value":"//button[@data-kt=\"contractDetailEditBtnButton\"]"}
COMMAND: POST /session/cd4e213f90090bc7497a341d701e98a6/elements - {"using":"xpath","value":"//button[@data-kt=\"contractDetailEditBtnButton\"]"}
RESULT: {"using":"xpath","value":"//button[@data-kt=\"contractDetailEditBtnButton\"]"}
COMMAND: POST /session/cd4e213f90090bc7497a341d701e98a6/elements - {"using":"xpath","value":"//button[@data-kt=\"contractDetailEditBtnButton\"]"}
RESULT: {"using":"xpath","value":"//button[@data-kt=\"contractDetailEditBtnButton\"]"}
COMMAND: POST /session/cd4e213f90090bc7497a341d701e98a6/elements - {"using":"xpath","value":"//button[@data-kt=\"contractDetailEditBtnButton\"]"}
RESULT: {"using":"xpath","value":"//button[@data-kt=\"contractDetailEditBtnButton\"]"}
COMMAND: POST /session/cd4e213f90090bc7497a341d701e98a6/elements - {"using":"xpath","value":"//button[@data-kt=\"contractDetailEditBtnButton\"]"}
RESULT: {"using":"xpath","value":"//button[@data-kt=\"contractDetailEditBtnButton\"]"}
COMMAND: POST /session/cd4e213f90090bc7497a341d701e98a6/elements - {"using":"xpath","value":"//button[@data-kt=\"contractDetailEditBtnButton\"]"}
RESULT: {"using":"xpath","value":"//button[@data-kt=\"contractDetailEditBtnButton\"]"}
COMMAND: POST /session/cd4e213f90090bc7497a341d701e98a6/elements - {"using":"xpath","value":"//button[@data-kt=\"contractDetailEditBtnButton\"]"}
RESULT: {"using":"xpath","value":"//button[@data-kt=\"contractDetailEditBtnButton\"]"}
COMMAND: POST /session/cd4e213f90090bc7497a341d701e98a6/elements - {"using":"xpath","value":"//button[@data-kt=\"contractDetailEditBtnButton\"]"}
RESULT: {"using":"xpath","value":"//button[@data-kt=\"contractDetailEditBtnButton\"]"}
COMMAND: POST /session/cd4e213f90090bc7497a341d701e98a6/elements - {"using":"xpath","value":"//button[@data-kt=\"contractDetailEditBtnButton\"]"}
RESULT: {"using":"xpath","value":"//button[@data-kt=\"contractDetailEditBtnButton\"]"}
COMMAND: POST /session/cd4e213f90090bc7497a341d701e98a6/elements - {"using":"xpath","value":"//button[@data-kt=\"contractDetailEditBtnButton\"]"}
RESULT: {"using":"xpath","value":"//button[@data-kt=\"contractDetailEditBtnButton\"]"}
COMMAND: POST /session/cd4e213f90090bc7497a341d701e98a6/elements - {"using":"xpath","value":"//button[@data-kt=\"contractDetailEditBtnButton\"]"}
RESULT: {"using":"xpath","value":"//button[@data-kt=\"contractDetailEditBtnButton\"]"}
COMMAND: POST /session/cd4e213f90090bc7497a341d701e98a6/elements - {"using":"xpath","value":"//button[@data-kt=\"contractDetailEditBtnButton\"]"}
RESULT: {"using":"xpath","value":"//button[@data-kt=\"contractDetailEditBtnButton\"]"}
COMMAND: POST /session/cd4e213f90090bc7497a341d701e98a6/elements - {"using":"xpath","value":"//button[@data-kt=\"contractDetailEditBtnButton\"]"}
RESULT: {"using":"xpath","value":"//button[@data-kt=\"contractDetailEditBtnButton\"]"}
COMMAND: POST /session/cd4e213f90090bc7497a341d701e98a6/elements - {"using":"xpath","value":"//button[@data-kt=\"contractDetailEditBtnButton\"]"}
RESULT: {"using":"xpath","value":"//button[@data-kt=\"contractDetailEditBtnButton\"]"}
COMMAND: POST /session/cd4e213f90090bc7497a341d701e98a6/elements - {"using":"xpath","value":"//button[@data-kt=\"contractDetailEditBtnButton\"]"}
RESULT: {"using":"xpath","value":"//button[@data-kt=\"contractDetailEditBtnButton\"]"}
COMMAND: POST /session/cd4e213f90090bc7497a341d701e98a6/elements - {"using":"xpath","value":"//button[@data-kt=\"contractDetailEditBtnButton\"]"}
RESULT: {"using":"xpath","value":"//button[@data-kt=\"contractDetailEditBtnButton\"]"}
COMMAND: POST /session/cd4e213f90090bc7497a341d701e98a6/elements - {"using":"xpath","value":"//button[@data-kt=\"contractDetailEditBtnButton\"]"}
RESULT: {"using":"xpath","value":"//button[@data-kt=\"contractDetailEditBtnButton\"]"}
COMMAND: POST /session/cd4e213f90090bc7497a341d701e98a6/elements - {"using":"xpath","value":"//button[@data-kt=\"contractDetailEditBtnButton\"]"}
RESULT: {"using":"xpath","value":"//button[@data-kt=\"contractDetailEditBtnButton\"]"}
COMMAND: POST /session/cd4e213f90090bc7497a341d701e98a6/elements - {"using":"xpath","value":"//button[@data-kt=\"contractDetailEditBtnButton\"]"}
RESULT: {"using":"xpath","value":"//button[@data-kt=\"contractDetailEditBtnButton\"]"}
COMMAND: POST /session/cd4e213f90090bc7497a341d701e98a6/elements - {"using":"xpath","value":"//button[@data-kt=\"contractDetailEditBtnButton\"]"}
RESULT: {"using":"xpath","value":"//button[@data-kt=\"contractDetailEditBtnButton\"]"}
COMMAND: POST /session/cd4e213f90090bc7497a341d701e98a6/elements - {"using":"xpath","value":"//button[@data-kt=\"contractDetailEditBtnButton\"]"}
RESULT: {"using":"xpath","value":"//button[@data-kt=\"contractDetailEditBtnButton\"]"}
COMMAND: POST /session/cd4e213f90090bc7497a341d701e98a6/elements - {"using":"xpath","value":"//button[@data-kt=\"contractDetailEditBtnButton\"]"}
RESULT: {"using":"xpath","value":"//button[@data-kt=\"contractDetailEditBtnButton\"]"}
COMMAND: POST /session/cd4e213f90090bc7497a341d701e98a6/elements - {"using":"xpath","value":"//button[@data-kt=\"contractDetailEditBtnButton\"]"}
RESULT: {"using":"xpath","value":"//button[@data-kt=\"contractDetailEditBtnButton\"]"}
COMMAND: POST /session/cd4e213f90090bc7497a341d701e98a6/elements - {"using":"xpath","value":"//button[@data-kt=\"contractDetailEditBtnButton\"]"}
RESULT: {"using":"xpath","value":"//button[@data-kt=\"contractDetailEditBtnButton\"]"}
COMMAND: POST /session/cd4e213f90090bc7497a341d701e98a6/elements - {"using":"xpath","value":"//button[@data-kt=\"contractDetailEditBtnButton\"]"}
RESULT: {"using":"xpath","value":"//button[@data-kt=\"contractDetailEditBtnButton\"]"}
COMMAND: POST /session/cd4e213f90090bc7497a341d701e98a6/elements - {"using":"xpath","value":"//button[@data-kt=\"contractDetailEditBtnButton\"]"}
RESULT: {"using":"xpath","value":"//button[@data-kt=\"contractDetailEditBtnButton\"]"}
COMMAND: POST /session/cd4e213f90090bc7497a341d701e98a6/elements - {"using":"xpath","value":"//button[@data-kt=\"contractDetailEditBtnButton\"]"}
RESULT: {"using":"xpath","value":"//button[@data-kt=\"contractDetailEditBtnButton\"]"}
COMMAND: POST /session/cd4e213f90090bc7497a341d701e98a6/elements - {"using":"xpath","value":"//button[@data-kt=\"contractDetailEditBtnButton\"]"}
RESULT: {"using":"xpath","value":"//button[@data-kt=\"contractDetailEditBtnButton\"]"}
COMMAND: POST /session/cd4e213f90090bc7497a341d701e98a6/elements - {"using":"xpath","value":"//button[@data-kt=\"contractDetailEditBtnButton\"]"}
RESULT: {"using":"xpath","value":"//button[@data-kt=\"contractDetailEditBtnButton\"]"}
COMMAND: POST /session/cd4e213f90090bc7497a341d701e98a6/elements - {"using":"xpath","value":"//button[@data-kt=\"contractDetailEditBtnButton\"]"}
RESULT: {"using":"xpath","value":"//button[@data-kt=\"contractDetailEditBtnButton\"]"}
COMMAND: POST /session/cd4e213f90090bc7497a341d701e98a6/elements - {"using":"xpath","value":"//button[@data-kt=\"contractDetailEditBtnButton\"]"}
RESULT: {"using":"xpath","value":"//button[@data-kt=\"contractDetailEditBtnButton\"]"}
COMMAND: GET /session/cd4e213f90090bc7497a341d701e98a6/screenshot - {}
RESULT: {}
]]></system-out>
      <system-err><![CDATA[
Error: Can't call click on element with selector "//button[@data-kt="contractDetailEditBtnButton"]" because element wasn't found
    at async UtilsPrerequisites.addItemToContract (D:\a\1\s\test\specs\BTS\prerequisites-and-utils-functions.js:1822:9)
    at async Context.<anonymous> (D:\a\1\s\test\specs\HTR\return-from-site-w-warehouse-management-w-clarification.spec.js:78:9)
]]></system-err>
    </testcase>
    <testcase classname="chrome.136_0_7103_93.windows.Return_from_Site_w/_warehouse_management_w_clarification" name="Should provide to site" time="60.383">
      <failure/>
      <error message="Can't call click on element with selector &quot;//button[@data-kt=&quot;provideButton&quot;]&quot; because element wasn't found"/>
      <system-out><![CDATA[
COMMAND: POST /session/cd4e213f90090bc7497a341d701e98a6/element - {"using":"xpath","value":"//button[@data-kt=\"provideButton\"]"}
COMMAND: GET /session/cd4e213f90090bc7497a341d701e98a6/screenshot - {}
RESULT: {"using":"xpath","value":"//button[@data-kt=\"provideButton\"]"}
COMMAND: POST /session/cd4e213f90090bc7497a341d701e98a6/elements - {"using":"xpath","value":"//button[@data-kt=\"provideButton\"]"}
RESULT: {}
RESULT: {"using":"xpath","value":"//button[@data-kt=\"provideButton\"]"}
COMMAND: POST /session/cd4e213f90090bc7497a341d701e98a6/elements - {"using":"xpath","value":"//button[@data-kt=\"provideButton\"]"}
RESULT: {"using":"xpath","value":"//button[@data-kt=\"provideButton\"]"}
COMMAND: POST /session/cd4e213f90090bc7497a341d701e98a6/elements - {"using":"xpath","value":"//button[@data-kt=\"provideButton\"]"}
RESULT: {"using":"xpath","value":"//button[@data-kt=\"provideButton\"]"}
COMMAND: POST /session/cd4e213f90090bc7497a341d701e98a6/elements - {"using":"xpath","value":"//button[@data-kt=\"provideButton\"]"}
RESULT: {"using":"xpath","value":"//button[@data-kt=\"provideButton\"]"}
COMMAND: POST /session/cd4e213f90090bc7497a341d701e98a6/elements - {"using":"xpath","value":"//button[@data-kt=\"provideButton\"]"}
RESULT: {"using":"xpath","value":"//button[@data-kt=\"provideButton\"]"}
COMMAND: POST /session/cd4e213f90090bc7497a341d701e98a6/elements - {"using":"xpath","value":"//button[@data-kt=\"provideButton\"]"}
RESULT: {"using":"xpath","value":"//button[@data-kt=\"provideButton\"]"}
COMMAND: POST /session/cd4e213f90090bc7497a341d701e98a6/elements - {"using":"xpath","value":"//button[@data-kt=\"provideButton\"]"}
RESULT: {"using":"xpath","value":"//button[@data-kt=\"provideButton\"]"}
COMMAND: POST /session/cd4e213f90090bc7497a341d701e98a6/elements - {"using":"xpath","value":"//button[@data-kt=\"provideButton\"]"}
RESULT: {"using":"xpath","value":"//button[@data-kt=\"provideButton\"]"}
COMMAND: POST /session/cd4e213f90090bc7497a341d701e98a6/elements - {"using":"xpath","value":"//button[@data-kt=\"provideButton\"]"}
RESULT: {"using":"xpath","value":"//button[@data-kt=\"provideButton\"]"}
COMMAND: POST /session/cd4e213f90090bc7497a341d701e98a6/elements - {"using":"xpath","value":"//button[@data-kt=\"provideButton\"]"}
RESULT: {"using":"xpath","value":"//button[@data-kt=\"provideButton\"]"}
COMMAND: POST /session/cd4e213f90090bc7497a341d701e98a6/elements - {"using":"xpath","value":"//button[@data-kt=\"provideButton\"]"}
RESULT: {"using":"xpath","value":"//button[@data-kt=\"provideButton\"]"}
COMMAND: POST /session/cd4e213f90090bc7497a341d701e98a6/elements - {"using":"xpath","value":"//button[@data-kt=\"provideButton\"]"}
RESULT: {"using":"xpath","value":"//button[@data-kt=\"provideButton\"]"}
COMMAND: POST /session/cd4e213f90090bc7497a341d701e98a6/elements - {"using":"xpath","value":"//button[@data-kt=\"provideButton\"]"}
RESULT: {"using":"xpath","value":"//button[@data-kt=\"provideButton\"]"}
COMMAND: POST /session/cd4e213f90090bc7497a341d701e98a6/elements - {"using":"xpath","value":"//button[@data-kt=\"provideButton\"]"}
RESULT: {"using":"xpath","value":"//button[@data-kt=\"provideButton\"]"}
COMMAND: POST /session/cd4e213f90090bc7497a341d701e98a6/elements - {"using":"xpath","value":"//button[@data-kt=\"provideButton\"]"}
RESULT: {"using":"xpath","value":"//button[@data-kt=\"provideButton\"]"}
COMMAND: POST /session/cd4e213f90090bc7497a341d701e98a6/elements - {"using":"xpath","value":"//button[@data-kt=\"provideButton\"]"}
RESULT: {"using":"xpath","value":"//button[@data-kt=\"provideButton\"]"}
COMMAND: POST /session/cd4e213f90090bc7497a341d701e98a6/elements - {"using":"xpath","value":"//button[@data-kt=\"provideButton\"]"}
RESULT: {"using":"xpath","value":"//button[@data-kt=\"provideButton\"]"}
COMMAND: POST /session/cd4e213f90090bc7497a341d701e98a6/elements - {"using":"xpath","value":"//button[@data-kt=\"provideButton\"]"}
RESULT: {"using":"xpath","value":"//button[@data-kt=\"provideButton\"]"}
COMMAND: POST /session/cd4e213f90090bc7497a341d701e98a6/elements - {"using":"xpath","value":"//button[@data-kt=\"provideButton\"]"}
RESULT: {"using":"xpath","value":"//button[@data-kt=\"provideButton\"]"}
COMMAND: POST /session/cd4e213f90090bc7497a341d701e98a6/elements - {"using":"xpath","value":"//button[@data-kt=\"provideButton\"]"}
RESULT: {"using":"xpath","value":"//button[@data-kt=\"provideButton\"]"}
COMMAND: POST /session/cd4e213f90090bc7497a341d701e98a6/elements - {"using":"xpath","value":"//button[@data-kt=\"provideButton\"]"}
RESULT: {"using":"xpath","value":"//button[@data-kt=\"provideButton\"]"}
COMMAND: POST /session/cd4e213f90090bc7497a341d701e98a6/elements - {"using":"xpath","value":"//button[@data-kt=\"provideButton\"]"}
RESULT: {"using":"xpath","value":"//button[@data-kt=\"provideButton\"]"}
COMMAND: POST /session/cd4e213f90090bc7497a341d701e98a6/elements - {"using":"xpath","value":"//button[@data-kt=\"provideButton\"]"}
RESULT: {"using":"xpath","value":"//button[@data-kt=\"provideButton\"]"}
COMMAND: POST /session/cd4e213f90090bc7497a341d701e98a6/elements - {"using":"xpath","value":"//button[@data-kt=\"provideButton\"]"}
RESULT: {"using":"xpath","value":"//button[@data-kt=\"provideButton\"]"}
COMMAND: POST /session/cd4e213f90090bc7497a341d701e98a6/elements - {"using":"xpath","value":"//button[@data-kt=\"provideButton\"]"}
RESULT: {"using":"xpath","value":"//button[@data-kt=\"provideButton\"]"}
COMMAND: POST /session/cd4e213f90090bc7497a341d701e98a6/elements - {"using":"xpath","value":"//button[@data-kt=\"provideButton\"]"}
RESULT: {"using":"xpath","value":"//button[@data-kt=\"provideButton\"]"}
COMMAND: POST /session/cd4e213f90090bc7497a341d701e98a6/elements - {"using":"xpath","value":"//button[@data-kt=\"provideButton\"]"}
RESULT: {"using":"xpath","value":"//button[@data-kt=\"provideButton\"]"}
COMMAND: POST /session/cd4e213f90090bc7497a341d701e98a6/elements - {"using":"xpath","value":"//button[@data-kt=\"provideButton\"]"}
RESULT: {"using":"xpath","value":"//button[@data-kt=\"provideButton\"]"}
COMMAND: POST /session/cd4e213f90090bc7497a341d701e98a6/elements - {"using":"xpath","value":"//button[@data-kt=\"provideButton\"]"}
RESULT: {"using":"xpath","value":"//button[@data-kt=\"provideButton\"]"}
COMMAND: POST /session/cd4e213f90090bc7497a341d701e98a6/elements - {"using":"xpath","value":"//button[@data-kt=\"provideButton\"]"}
RESULT: {"using":"xpath","value":"//button[@data-kt=\"provideButton\"]"}
COMMAND: POST /session/cd4e213f90090bc7497a341d701e98a6/elements - {"using":"xpath","value":"//button[@data-kt=\"provideButton\"]"}
RESULT: {"using":"xpath","value":"//button[@data-kt=\"provideButton\"]"}
COMMAND: POST /session/cd4e213f90090bc7497a341d701e98a6/elements - {"using":"xpath","value":"//button[@data-kt=\"provideButton\"]"}
RESULT: {"using":"xpath","value":"//button[@data-kt=\"provideButton\"]"}
COMMAND: POST /session/cd4e213f90090bc7497a341d701e98a6/elements - {"using":"xpath","value":"//button[@data-kt=\"provideButton\"]"}
RESULT: {"using":"xpath","value":"//button[@data-kt=\"provideButton\"]"}
COMMAND: POST /session/cd4e213f90090bc7497a341d701e98a6/elements - {"using":"xpath","value":"//button[@data-kt=\"provideButton\"]"}
RESULT: {"using":"xpath","value":"//button[@data-kt=\"provideButton\"]"}
COMMAND: POST /session/cd4e213f90090bc7497a341d701e98a6/elements - {"using":"xpath","value":"//button[@data-kt=\"provideButton\"]"}
RESULT: {"using":"xpath","value":"//button[@data-kt=\"provideButton\"]"}
COMMAND: POST /session/cd4e213f90090bc7497a341d701e98a6/elements - {"using":"xpath","value":"//button[@data-kt=\"provideButton\"]"}
RESULT: {"using":"xpath","value":"//button[@data-kt=\"provideButton\"]"}
COMMAND: POST /session/cd4e213f90090bc7497a341d701e98a6/elements - {"using":"xpath","value":"//button[@data-kt=\"provideButton\"]"}
RESULT: {"using":"xpath","value":"//button[@data-kt=\"provideButton\"]"}
COMMAND: POST /session/cd4e213f90090bc7497a341d701e98a6/elements - {"using":"xpath","value":"//button[@data-kt=\"provideButton\"]"}
RESULT: {"using":"xpath","value":"//button[@data-kt=\"provideButton\"]"}
COMMAND: POST /session/cd4e213f90090bc7497a341d701e98a6/elements - {"using":"xpath","value":"//button[@data-kt=\"provideButton\"]"}
RESULT: {"using":"xpath","value":"//button[@data-kt=\"provideButton\"]"}
COMMAND: POST /session/cd4e213f90090bc7497a341d701e98a6/elements - {"using":"xpath","value":"//button[@data-kt=\"provideButton\"]"}
RESULT: {"using":"xpath","value":"//button[@data-kt=\"provideButton\"]"}
COMMAND: POST /session/cd4e213f90090bc7497a341d701e98a6/elements - {"using":"xpath","value":"//button[@data-kt=\"provideButton\"]"}
RESULT: {"using":"xpath","value":"//button[@data-kt=\"provideButton\"]"}
COMMAND: POST /session/cd4e213f90090bc7497a341d701e98a6/elements - {"using":"xpath","value":"//button[@data-kt=\"provideButton\"]"}
RESULT: {"using":"xpath","value":"//button[@data-kt=\"provideButton\"]"}
COMMAND: POST /session/cd4e213f90090bc7497a341d701e98a6/elements - {"using":"xpath","value":"//button[@data-kt=\"provideButton\"]"}
RESULT: {"using":"xpath","value":"//button[@data-kt=\"provideButton\"]"}
COMMAND: POST /session/cd4e213f90090bc7497a341d701e98a6/elements - {"using":"xpath","value":"//button[@data-kt=\"provideButton\"]"}
RESULT: {"using":"xpath","value":"//button[@data-kt=\"provideButton\"]"}
COMMAND: POST /session/cd4e213f90090bc7497a341d701e98a6/elements - {"using":"xpath","value":"//button[@data-kt=\"provideButton\"]"}
RESULT: {"using":"xpath","value":"//button[@data-kt=\"provideButton\"]"}
COMMAND: POST /session/cd4e213f90090bc7497a341d701e98a6/elements - {"using":"xpath","value":"//button[@data-kt=\"provideButton\"]"}
RESULT: {"using":"xpath","value":"//button[@data-kt=\"provideButton\"]"}
COMMAND: POST /session/cd4e213f90090bc7497a341d701e98a6/elements - {"using":"xpath","value":"//button[@data-kt=\"provideButton\"]"}
RESULT: {"using":"xpath","value":"//button[@data-kt=\"provideButton\"]"}
COMMAND: POST /session/cd4e213f90090bc7497a341d701e98a6/elements - {"using":"xpath","value":"//button[@data-kt=\"provideButton\"]"}
RESULT: {"using":"xpath","value":"//button[@data-kt=\"provideButton\"]"}
COMMAND: POST /session/cd4e213f90090bc7497a341d701e98a6/elements - {"using":"xpath","value":"//button[@data-kt=\"provideButton\"]"}
RESULT: {"using":"xpath","value":"//button[@data-kt=\"provideButton\"]"}
COMMAND: POST /session/cd4e213f90090bc7497a341d701e98a6/elements - {"using":"xpath","value":"//button[@data-kt=\"provideButton\"]"}
RESULT: {"using":"xpath","value":"//button[@data-kt=\"provideButton\"]"}
COMMAND: POST /session/cd4e213f90090bc7497a341d701e98a6/elements - {"using":"xpath","value":"//button[@data-kt=\"provideButton\"]"}
RESULT: {"using":"xpath","value":"//button[@data-kt=\"provideButton\"]"}
COMMAND: POST /session/cd4e213f90090bc7497a341d701e98a6/elements - {"using":"xpath","value":"//button[@data-kt=\"provideButton\"]"}
RESULT: {"using":"xpath","value":"//button[@data-kt=\"provideButton\"]"}
COMMAND: POST /session/cd4e213f90090bc7497a341d701e98a6/elements - {"using":"xpath","value":"//button[@data-kt=\"provideButton\"]"}
RESULT: {"using":"xpath","value":"//button[@data-kt=\"provideButton\"]"}
COMMAND: POST /session/cd4e213f90090bc7497a341d701e98a6/elements - {"using":"xpath","value":"//button[@data-kt=\"provideButton\"]"}
RESULT: {"using":"xpath","value":"//button[@data-kt=\"provideButton\"]"}
COMMAND: POST /session/cd4e213f90090bc7497a341d701e98a6/elements - {"using":"xpath","value":"//button[@data-kt=\"provideButton\"]"}
RESULT: {"using":"xpath","value":"//button[@data-kt=\"provideButton\"]"}
COMMAND: POST /session/cd4e213f90090bc7497a341d701e98a6/elements - {"using":"xpath","value":"//button[@data-kt=\"provideButton\"]"}
RESULT: {"using":"xpath","value":"//button[@data-kt=\"provideButton\"]"}
COMMAND: POST /session/cd4e213f90090bc7497a341d701e98a6/elements - {"using":"xpath","value":"//button[@data-kt=\"provideButton\"]"}
RESULT: {"using":"xpath","value":"//button[@data-kt=\"provideButton\"]"}
COMMAND: POST /session/cd4e213f90090bc7497a341d701e98a6/elements - {"using":"xpath","value":"//button[@data-kt=\"provideButton\"]"}
RESULT: {"using":"xpath","value":"//button[@data-kt=\"provideButton\"]"}
COMMAND: POST /session/cd4e213f90090bc7497a341d701e98a6/elements - {"using":"xpath","value":"//button[@data-kt=\"provideButton\"]"}
RESULT: {"using":"xpath","value":"//button[@data-kt=\"provideButton\"]"}
COMMAND: POST /session/cd4e213f90090bc7497a341d701e98a6/elements - {"using":"xpath","value":"//button[@data-kt=\"provideButton\"]"}
RESULT: {"using":"xpath","value":"//button[@data-kt=\"provideButton\"]"}
COMMAND: POST /session/cd4e213f90090bc7497a341d701e98a6/elements - {"using":"xpath","value":"//button[@data-kt=\"provideButton\"]"}
RESULT: {"using":"xpath","value":"//button[@data-kt=\"provideButton\"]"}
COMMAND: POST /session/cd4e213f90090bc7497a341d701e98a6/elements - {"using":"xpath","value":"//button[@data-kt=\"provideButton\"]"}
RESULT: {"using":"xpath","value":"//button[@data-kt=\"provideButton\"]"}
COMMAND: POST /session/cd4e213f90090bc7497a341d701e98a6/elements - {"using":"xpath","value":"//button[@data-kt=\"provideButton\"]"}
RESULT: {"using":"xpath","value":"//button[@data-kt=\"provideButton\"]"}
COMMAND: POST /session/cd4e213f90090bc7497a341d701e98a6/elements - {"using":"xpath","value":"//button[@data-kt=\"provideButton\"]"}
RESULT: {"using":"xpath","value":"//button[@data-kt=\"provideButton\"]"}
COMMAND: POST /session/cd4e213f90090bc7497a341d701e98a6/elements - {"using":"xpath","value":"//button[@data-kt=\"provideButton\"]"}
RESULT: {"using":"xpath","value":"//button[@data-kt=\"provideButton\"]"}
COMMAND: POST /session/cd4e213f90090bc7497a341d701e98a6/elements - {"using":"xpath","value":"//button[@data-kt=\"provideButton\"]"}
RESULT: {"using":"xpath","value":"//button[@data-kt=\"provideButton\"]"}
COMMAND: POST /session/cd4e213f90090bc7497a341d701e98a6/elements - {"using":"xpath","value":"//button[@data-kt=\"provideButton\"]"}
RESULT: {"using":"xpath","value":"//button[@data-kt=\"provideButton\"]"}
COMMAND: POST /session/cd4e213f90090bc7497a341d701e98a6/elements - {"using":"xpath","value":"//button[@data-kt=\"provideButton\"]"}
RESULT: {"using":"xpath","value":"//button[@data-kt=\"provideButton\"]"}
COMMAND: POST /session/cd4e213f90090bc7497a341d701e98a6/elements - {"using":"xpath","value":"//button[@data-kt=\"provideButton\"]"}
RESULT: {"using":"xpath","value":"//button[@data-kt=\"provideButton\"]"}
COMMAND: POST /session/cd4e213f90090bc7497a341d701e98a6/elements - {"using":"xpath","value":"//button[@data-kt=\"provideButton\"]"}
RESULT: {"using":"xpath","value":"//button[@data-kt=\"provideButton\"]"}
COMMAND: POST /session/cd4e213f90090bc7497a341d701e98a6/elements - {"using":"xpath","value":"//button[@data-kt=\"provideButton\"]"}
RESULT: {"using":"xpath","value":"//button[@data-kt=\"provideButton\"]"}
COMMAND: POST /session/cd4e213f90090bc7497a341d701e98a6/elements - {"using":"xpath","value":"//button[@data-kt=\"provideButton\"]"}
RESULT: {"using":"xpath","value":"//button[@data-kt=\"provideButton\"]"}
COMMAND: POST /session/cd4e213f90090bc7497a341d701e98a6/elements - {"using":"xpath","value":"//button[@data-kt=\"provideButton\"]"}
RESULT: {"using":"xpath","value":"//button[@data-kt=\"provideButton\"]"}
COMMAND: POST /session/cd4e213f90090bc7497a341d701e98a6/elements - {"using":"xpath","value":"//button[@data-kt=\"provideButton\"]"}
RESULT: {"using":"xpath","value":"//button[@data-kt=\"provideButton\"]"}
COMMAND: POST /session/cd4e213f90090bc7497a341d701e98a6/elements - {"using":"xpath","value":"//button[@data-kt=\"provideButton\"]"}
RESULT: {"using":"xpath","value":"//button[@data-kt=\"provideButton\"]"}
COMMAND: POST /session/cd4e213f90090bc7497a341d701e98a6/elements - {"using":"xpath","value":"//button[@data-kt=\"provideButton\"]"}
RESULT: {"using":"xpath","value":"//button[@data-kt=\"provideButton\"]"}
COMMAND: POST /session/cd4e213f90090bc7497a341d701e98a6/elements - {"using":"xpath","value":"//button[@data-kt=\"provideButton\"]"}
RESULT: {"using":"xpath","value":"//button[@data-kt=\"provideButton\"]"}
COMMAND: POST /session/cd4e213f90090bc7497a341d701e98a6/elements - {"using":"xpath","value":"//button[@data-kt=\"provideButton\"]"}
RESULT: {"using":"xpath","value":"//button[@data-kt=\"provideButton\"]"}
COMMAND: POST /session/cd4e213f90090bc7497a341d701e98a6/elements - {"using":"xpath","value":"//button[@data-kt=\"provideButton\"]"}
RESULT: {"using":"xpath","value":"//button[@data-kt=\"provideButton\"]"}
COMMAND: POST /session/cd4e213f90090bc7497a341d701e98a6/elements - {"using":"xpath","value":"//button[@data-kt=\"provideButton\"]"}
RESULT: {"using":"xpath","value":"//button[@data-kt=\"provideButton\"]"}
COMMAND: POST /session/cd4e213f90090bc7497a341d701e98a6/elements - {"using":"xpath","value":"//button[@data-kt=\"provideButton\"]"}
RESULT: {"using":"xpath","value":"//button[@data-kt=\"provideButton\"]"}
COMMAND: POST /session/cd4e213f90090bc7497a341d701e98a6/elements - {"using":"xpath","value":"//button[@data-kt=\"provideButton\"]"}
RESULT: {"using":"xpath","value":"//button[@data-kt=\"provideButton\"]"}
COMMAND: POST /session/cd4e213f90090bc7497a341d701e98a6/elements - {"using":"xpath","value":"//button[@data-kt=\"provideButton\"]"}
RESULT: {"using":"xpath","value":"//button[@data-kt=\"provideButton\"]"}
COMMAND: POST /session/cd4e213f90090bc7497a341d701e98a6/elements - {"using":"xpath","value":"//button[@data-kt=\"provideButton\"]"}
RESULT: {"using":"xpath","value":"//button[@data-kt=\"provideButton\"]"}
COMMAND: POST /session/cd4e213f90090bc7497a341d701e98a6/elements - {"using":"xpath","value":"//button[@data-kt=\"provideButton\"]"}
RESULT: {"using":"xpath","value":"//button[@data-kt=\"provideButton\"]"}
COMMAND: POST /session/cd4e213f90090bc7497a341d701e98a6/elements - {"using":"xpath","value":"//button[@data-kt=\"provideButton\"]"}
RESULT: {"using":"xpath","value":"//button[@data-kt=\"provideButton\"]"}
COMMAND: POST /session/cd4e213f90090bc7497a341d701e98a6/elements - {"using":"xpath","value":"//button[@data-kt=\"provideButton\"]"}
RESULT: {"using":"xpath","value":"//button[@data-kt=\"provideButton\"]"}
COMMAND: POST /session/cd4e213f90090bc7497a341d701e98a6/elements - {"using":"xpath","value":"//button[@data-kt=\"provideButton\"]"}
RESULT: {"using":"xpath","value":"//button[@data-kt=\"provideButton\"]"}
COMMAND: POST /session/cd4e213f90090bc7497a341d701e98a6/elements - {"using":"xpath","value":"//button[@data-kt=\"provideButton\"]"}
RESULT: {"using":"xpath","value":"//button[@data-kt=\"provideButton\"]"}
COMMAND: POST /session/cd4e213f90090bc7497a341d701e98a6/elements - {"using":"xpath","value":"//button[@data-kt=\"provideButton\"]"}
RESULT: {"using":"xpath","value":"//button[@data-kt=\"provideButton\"]"}
COMMAND: POST /session/cd4e213f90090bc7497a341d701e98a6/elements - {"using":"xpath","value":"//button[@data-kt=\"provideButton\"]"}
RESULT: {"using":"xpath","value":"//button[@data-kt=\"provideButton\"]"}
COMMAND: POST /session/cd4e213f90090bc7497a341d701e98a6/elements - {"using":"xpath","value":"//button[@data-kt=\"provideButton\"]"}
RESULT: {"using":"xpath","value":"//button[@data-kt=\"provideButton\"]"}
COMMAND: POST /session/cd4e213f90090bc7497a341d701e98a6/elements - {"using":"xpath","value":"//button[@data-kt=\"provideButton\"]"}
RESULT: {"using":"xpath","value":"//button[@data-kt=\"provideButton\"]"}
COMMAND: POST /session/cd4e213f90090bc7497a341d701e98a6/elements - {"using":"xpath","value":"//button[@data-kt=\"provideButton\"]"}
RESULT: {"using":"xpath","value":"//button[@data-kt=\"provideButton\"]"}
COMMAND: POST /session/cd4e213f90090bc7497a341d701e98a6/elements - {"using":"xpath","value":"//button[@data-kt=\"provideButton\"]"}
RESULT: {"using":"xpath","value":"//button[@data-kt=\"provideButton\"]"}
COMMAND: POST /session/cd4e213f90090bc7497a341d701e98a6/elements - {"using":"xpath","value":"//button[@data-kt=\"provideButton\"]"}
RESULT: {"using":"xpath","value":"//button[@data-kt=\"provideButton\"]"}
COMMAND: POST /session/cd4e213f90090bc7497a341d701e98a6/elements - {"using":"xpath","value":"//button[@data-kt=\"provideButton\"]"}
RESULT: {"using":"xpath","value":"//button[@data-kt=\"provideButton\"]"}
COMMAND: POST /session/cd4e213f90090bc7497a341d701e98a6/elements - {"using":"xpath","value":"//button[@data-kt=\"provideButton\"]"}
RESULT: {"using":"xpath","value":"//button[@data-kt=\"provideButton\"]"}
COMMAND: POST /session/cd4e213f90090bc7497a341d701e98a6/elements - {"using":"xpath","value":"//button[@data-kt=\"provideButton\"]"}
RESULT: {"using":"xpath","value":"//button[@data-kt=\"provideButton\"]"}
COMMAND: POST /session/cd4e213f90090bc7497a341d701e98a6/elements - {"using":"xpath","value":"//button[@data-kt=\"provideButton\"]"}
RESULT: {"using":"xpath","value":"//button[@data-kt=\"provideButton\"]"}
COMMAND: POST /session/cd4e213f90090bc7497a341d701e98a6/elements - {"using":"xpath","value":"//button[@data-kt=\"provideButton\"]"}
RESULT: {"using":"xpath","value":"//button[@data-kt=\"provideButton\"]"}
COMMAND: POST /session/cd4e213f90090bc7497a341d701e98a6/elements - {"using":"xpath","value":"//button[@data-kt=\"provideButton\"]"}
RESULT: {"using":"xpath","value":"//button[@data-kt=\"provideButton\"]"}
COMMAND: POST /session/cd4e213f90090bc7497a341d701e98a6/elements - {"using":"xpath","value":"//button[@data-kt=\"provideButton\"]"}
RESULT: {"using":"xpath","value":"//button[@data-kt=\"provideButton\"]"}
COMMAND: POST /session/cd4e213f90090bc7497a341d701e98a6/elements - {"using":"xpath","value":"//button[@data-kt=\"provideButton\"]"}
RESULT: {"using":"xpath","value":"//button[@data-kt=\"provideButton\"]"}
COMMAND: POST /session/cd4e213f90090bc7497a341d701e98a6/elements - {"using":"xpath","value":"//button[@data-kt=\"provideButton\"]"}
RESULT: {"using":"xpath","value":"//button[@data-kt=\"provideButton\"]"}
COMMAND: POST /session/cd4e213f90090bc7497a341d701e98a6/elements - {"using":"xpath","value":"//button[@data-kt=\"provideButton\"]"}
RESULT: {"using":"xpath","value":"//button[@data-kt=\"provideButton\"]"}
COMMAND: POST /session/cd4e213f90090bc7497a341d701e98a6/elements - {"using":"xpath","value":"//button[@data-kt=\"provideButton\"]"}
RESULT: {"using":"xpath","value":"//button[@data-kt=\"provideButton\"]"}
COMMAND: POST /session/cd4e213f90090bc7497a341d701e98a6/elements - {"using":"xpath","value":"//button[@data-kt=\"provideButton\"]"}
RESULT: {"using":"xpath","value":"//button[@data-kt=\"provideButton\"]"}
COMMAND: POST /session/cd4e213f90090bc7497a341d701e98a6/elements - {"using":"xpath","value":"//button[@data-kt=\"provideButton\"]"}
RESULT: {"using":"xpath","value":"//button[@data-kt=\"provideButton\"]"}
COMMAND: POST /session/cd4e213f90090bc7497a341d701e98a6/elements - {"using":"xpath","value":"//button[@data-kt=\"provideButton\"]"}
RESULT: {"using":"xpath","value":"//button[@data-kt=\"provideButton\"]"}
COMMAND: POST /session/cd4e213f90090bc7497a341d701e98a6/elements - {"using":"xpath","value":"//button[@data-kt=\"provideButton\"]"}
RESULT: {"using":"xpath","value":"//button[@data-kt=\"provideButton\"]"}
COMMAND: POST /session/cd4e213f90090bc7497a341d701e98a6/elements - {"using":"xpath","value":"//button[@data-kt=\"provideButton\"]"}
RESULT: {"using":"xpath","value":"//button[@data-kt=\"provideButton\"]"}
COMMAND: POST /session/cd4e213f90090bc7497a341d701e98a6/elements - {"using":"xpath","value":"//button[@data-kt=\"provideButton\"]"}
RESULT: {"using":"xpath","value":"//button[@data-kt=\"provideButton\"]"}
COMMAND: POST /session/cd4e213f90090bc7497a341d701e98a6/elements - {"using":"xpath","value":"//button[@data-kt=\"provideButton\"]"}
RESULT: {"using":"xpath","value":"//button[@data-kt=\"provideButton\"]"}
COMMAND: POST /session/cd4e213f90090bc7497a341d701e98a6/elements - {"using":"xpath","value":"//button[@data-kt=\"provideButton\"]"}
RESULT: {"using":"xpath","value":"//button[@data-kt=\"provideButton\"]"}
COMMAND: POST /session/cd4e213f90090bc7497a341d701e98a6/elements - {"using":"xpath","value":"//button[@data-kt=\"provideButton\"]"}
RESULT: {"using":"xpath","value":"//button[@data-kt=\"provideButton\"]"}
COMMAND: POST /session/cd4e213f90090bc7497a341d701e98a6/elements - {"using":"xpath","value":"//button[@data-kt=\"provideButton\"]"}
RESULT: {"using":"xpath","value":"//button[@data-kt=\"provideButton\"]"}
COMMAND: POST /session/cd4e213f90090bc7497a341d701e98a6/elements - {"using":"xpath","value":"//button[@data-kt=\"provideButton\"]"}
RESULT: {"using":"xpath","value":"//button[@data-kt=\"provideButton\"]"}
COMMAND: POST /session/cd4e213f90090bc7497a341d701e98a6/elements - {"using":"xpath","value":"//button[@data-kt=\"provideButton\"]"}
RESULT: {"using":"xpath","value":"//button[@data-kt=\"provideButton\"]"}
COMMAND: POST /session/cd4e213f90090bc7497a341d701e98a6/elements - {"using":"xpath","value":"//button[@data-kt=\"provideButton\"]"}
RESULT: {"using":"xpath","value":"//button[@data-kt=\"provideButton\"]"}
COMMAND: GET /session/cd4e213f90090bc7497a341d701e98a6/screenshot - {}
RESULT: {}
]]></system-out>
      <system-err><![CDATA[
Error: Can't call click on element with selector "//button[@data-kt="provideButton"]" because element wasn't found
    at async Context.<anonymous> (D:\a\1\s\test\specs\HTR\return-from-site-w-warehouse-management-w-clarification.spec.js:83:9)
]]></system-err>
    </testcase>
    <testcase classname="chrome.136_0_7103_93.windows.Return_from_Site_w/_warehouse_management_w_clarification" name="Should test for Handover Execution" time="78.782">
      <failure/>
      <error message="element (&quot;//section[contains(@id,&quot;FC-NoHead&quot;)]/div[1]/div[5]/div[2]/span&quot;) still not existing after 45000ms"/>
      <system-out><![CDATA[
COMMAND: GET /session/cd4e213f90090bc7497a341d701e98a6/screenshot - {}
COMMAND: POST /session/cd4e213f90090bc7497a341d701e98a6/execute/async - {"script":"<script> [1562 bytes]","args":[{"selector":{"controlType":"sap.m.Link","viewName":"etm.portal.ui.managehandovers.view.DetailExecuteHO","bindingPath":{"path":"","propertyPath":"/wmDoc","modelName":"warehouseMovModel"}},"wdio_ui5_key":"etmportal.ui.managehandovers.view.DetailExecuteHOsap.m.Link{\"path\":\"\",\"propertyPath\":\"/wmDoc\",\"modelName\":\"warehouseMovModel\"}"}]}
RESULT: {"script":"<script> [1562 bytes]","args":[{"selector":{"controlType":"sap.m.Link","viewName":"etm.portal.ui.managehandovers.view.DetailExecuteHO","bindingPath":{"path":"","propertyPath":"/wmDoc","modelName":"warehouseMovModel"}},"wdio_ui5_key":"etmportal.ui.managehandovers.view.DetailExecuteHOsap.m.Link{\"path\":\"\",\"propertyPath\":\"/wmDoc\",\"modelName\":\"warehouseMovModel\"}"}]}
RESULT: undefined
RESULT: {}
COMMAND: POST /session/cd4e213f90090bc7497a341d701e98a6/execute/async - {"script":"<script> [1562 bytes]","args":[{"selector":{"controlType":"sap.m.Link","viewName":"etm.portal.ui.managehandovers.view.DetailExecuteHO","properties":{"text":"Warehouse Overview"},"searchOpenDialogs":true},"wdio_ui5_key":"etmportal.ui.managehandovers.view.DetailExecuteHOsap.m.Link{\"text\":\"Warehouse Overview\"}"}]}
RESULT: {"script":"<script> [1562 bytes]","args":[{"selector":{"controlType":"sap.m.Link","viewName":"etm.portal.ui.managehandovers.view.DetailExecuteHO","properties":{"text":"Warehouse Overview"},"searchOpenDialogs":true},"wdio_ui5_key":"etmportal.ui.managehandovers.view.DetailExecuteHOsap.m.Link{\"text\":\"Warehouse Overview\"}"}]}
RESULT: undefined
COMMAND: POST /session/cd4e213f90090bc7497a341d701e98a6/execute/async - {"script":"<script> [1562 bytes]","args":[{"selector":{"controlType":"sap.m.Button","viewName":"etm.portal.ui.warehousemovements.view.DisplayMovement","viewId":"application-warehousemovements-display-component---displayMovement","i18NText":{"propertyName":"text","key":"execution"},"interaction":{"idSuffix":"BDI-content"}},"wdio_ui5_key":"etmportal.ui.warehousemovements.view.DisplayMovementsap.m.Button{\"propertyName\":\"text\",\"key\":\"execution\"}"}]}
RESULT: {"script":"<script> [1562 bytes]","args":[{"selector":{"controlType":"sap.m.Button","viewName":"etm.portal.ui.warehousemovements.view.DisplayMovement","viewId":"application-warehousemovements-display-component---displayMovement","i18NText":{"propertyName":"text","key":"execution"},"interaction":{"idSuffix":"BDI-content"}},"wdio_ui5_key":"etmportal.ui.warehousemovements.view.DisplayMovementsap.m.Button{\"propertyName\":\"text\",\"key\":\"execution\"}"}]}
RESULT: undefined
COMMAND: POST /session/cd4e213f90090bc7497a341d701e98a6/execute/async - {"script":"<script> [1562 bytes]","args":[{"selector":{"controlType":"sap.m.Button","viewName":"etm.portal.ui.warehousemovements.view.ExecuteMovement","viewId":"application-warehousemovements-display-component---executeMovement","properties":{"text":"Items"},"interaction":{"idSuffix":"BDI-content"}},"wdio_ui5_key":"etmportal.ui.warehousemovements.view.ExecuteMovementsap.m.Button{\"text\":\"Items\"}"}]}
RESULT: {"script":"<script> [1562 bytes]","args":[{"selector":{"controlType":"sap.m.Button","viewName":"etm.portal.ui.warehousemovements.view.ExecuteMovement","viewId":"application-warehousemovements-display-component---executeMovement","properties":{"text":"Items"},"interaction":{"idSuffix":"BDI-content"}},"wdio_ui5_key":"etmportal.ui.warehousemovements.view.ExecuteMovementsap.m.Button{\"text\":\"Items\"}"}]}
RESULT: undefined
COMMAND: POST /session/cd4e213f90090bc7497a341d701e98a6/execute/async - {"script":"<script> [1562 bytes]","args":[{"selector":{"controlType":"sap.m.ToggleButton","viewName":"etm.portal.ui.warehousemovements.view.ExecuteMovement","viewId":"application-warehousemovements-display-component---executeMovement","bindingPath":{"propertyPath":"STATUS","modelName":"catalogModel"},"interaction":{"idSuffix":"BDI-content"}},"wdio_ui5_key":"etmportal.ui.warehousemovements.view.ExecuteMovementsap.m.ToggleButton{\"propertyPath\":\"STATUS\",\"modelName\":\"catalogModel\"}"}]}
RESULT: {"script":"<script> [1562 bytes]","args":[{"selector":{"controlType":"sap.m.ToggleButton","viewName":"etm.portal.ui.warehousemovements.view.ExecuteMovement","viewId":"application-warehousemovements-display-component---executeMovement","bindingPath":{"propertyPath":"STATUS","modelName":"catalogModel"},"interaction":{"idSuffix":"BDI-content"}},"wdio_ui5_key":"etmportal.ui.warehousemovements.view.ExecuteMovementsap.m.ToggleButton{\"propertyPath\":\"STATUS\",\"modelName\":\"catalogModel\"}"}]}
RESULT: undefined
RESULT: undefined
COMMAND: POST /session/cd4e213f90090bc7497a341d701e98a6/element - {"using":"xpath","value":"//section[contains(@id,\"FC-NoHead\")]/div[1]/div[5]/div[2]/span"}
RESULT: {"using":"xpath","value":"//section[contains(@id,\"FC-NoHead\")]/div[1]/div[5]/div[2]/span"}
COMMAND: POST /session/cd4e213f90090bc7497a341d701e98a6/elements - {"using":"xpath","value":"//section[contains(@id,\"FC-NoHead\")]/div[1]/div[5]/div[2]/span"}
RESULT: {"using":"xpath","value":"//section[contains(@id,\"FC-NoHead\")]/div[1]/div[5]/div[2]/span"}
COMMAND: POST /session/cd4e213f90090bc7497a341d701e98a6/elements - {"using":"xpath","value":"//section[contains(@id,\"FC-NoHead\")]/div[1]/div[5]/div[2]/span"}
RESULT: {"using":"xpath","value":"//section[contains(@id,\"FC-NoHead\")]/div[1]/div[5]/div[2]/span"}
COMMAND: POST /session/cd4e213f90090bc7497a341d701e98a6/elements - {"using":"xpath","value":"//section[contains(@id,\"FC-NoHead\")]/div[1]/div[5]/div[2]/span"}
RESULT: {"using":"xpath","value":"//section[contains(@id,\"FC-NoHead\")]/div[1]/div[5]/div[2]/span"}
COMMAND: POST /session/cd4e213f90090bc7497a341d701e98a6/elements - {"using":"xpath","value":"//section[contains(@id,\"FC-NoHead\")]/div[1]/div[5]/div[2]/span"}
RESULT: {"using":"xpath","value":"//section[contains(@id,\"FC-NoHead\")]/div[1]/div[5]/div[2]/span"}
COMMAND: POST /session/cd4e213f90090bc7497a341d701e98a6/elements - {"using":"xpath","value":"//section[contains(@id,\"FC-NoHead\")]/div[1]/div[5]/div[2]/span"}
RESULT: {"using":"xpath","value":"//section[contains(@id,\"FC-NoHead\")]/div[1]/div[5]/div[2]/span"}
COMMAND: POST /session/cd4e213f90090bc7497a341d701e98a6/elements - {"using":"xpath","value":"//section[contains(@id,\"FC-NoHead\")]/div[1]/div[5]/div[2]/span"}
RESULT: {"using":"xpath","value":"//section[contains(@id,\"FC-NoHead\")]/div[1]/div[5]/div[2]/span"}
COMMAND: POST /session/cd4e213f90090bc7497a341d701e98a6/elements - {"using":"xpath","value":"//section[contains(@id,\"FC-NoHead\")]/div[1]/div[5]/div[2]/span"}
RESULT: {"using":"xpath","value":"//section[contains(@id,\"FC-NoHead\")]/div[1]/div[5]/div[2]/span"}
COMMAND: POST /session/cd4e213f90090bc7497a341d701e98a6/elements - {"using":"xpath","value":"//section[contains(@id,\"FC-NoHead\")]/div[1]/div[5]/div[2]/span"}
RESULT: {"using":"xpath","value":"//section[contains(@id,\"FC-NoHead\")]/div[1]/div[5]/div[2]/span"}
COMMAND: POST /session/cd4e213f90090bc7497a341d701e98a6/elements - {"using":"xpath","value":"//section[contains(@id,\"FC-NoHead\")]/div[1]/div[5]/div[2]/span"}
RESULT: {"using":"xpath","value":"//section[contains(@id,\"FC-NoHead\")]/div[1]/div[5]/div[2]/span"}
COMMAND: POST /session/cd4e213f90090bc7497a341d701e98a6/elements - {"using":"xpath","value":"//section[contains(@id,\"FC-NoHead\")]/div[1]/div[5]/div[2]/span"}
RESULT: {"using":"xpath","value":"//section[contains(@id,\"FC-NoHead\")]/div[1]/div[5]/div[2]/span"}
COMMAND: POST /session/cd4e213f90090bc7497a341d701e98a6/elements - {"using":"xpath","value":"//section[contains(@id,\"FC-NoHead\")]/div[1]/div[5]/div[2]/span"}
RESULT: {"using":"xpath","value":"//section[contains(@id,\"FC-NoHead\")]/div[1]/div[5]/div[2]/span"}
COMMAND: POST /session/cd4e213f90090bc7497a341d701e98a6/elements - {"using":"xpath","value":"//section[contains(@id,\"FC-NoHead\")]/div[1]/div[5]/div[2]/span"}
RESULT: {"using":"xpath","value":"//section[contains(@id,\"FC-NoHead\")]/div[1]/div[5]/div[2]/span"}
COMMAND: POST /session/cd4e213f90090bc7497a341d701e98a6/elements - {"using":"xpath","value":"//section[contains(@id,\"FC-NoHead\")]/div[1]/div[5]/div[2]/span"}
RESULT: {"using":"xpath","value":"//section[contains(@id,\"FC-NoHead\")]/div[1]/div[5]/div[2]/span"}
COMMAND: POST /session/cd4e213f90090bc7497a341d701e98a6/elements - {"using":"xpath","value":"//section[contains(@id,\"FC-NoHead\")]/div[1]/div[5]/div[2]/span"}
RESULT: {"using":"xpath","value":"//section[contains(@id,\"FC-NoHead\")]/div[1]/div[5]/div[2]/span"}
COMMAND: POST /session/cd4e213f90090bc7497a341d701e98a6/elements - {"using":"xpath","value":"//section[contains(@id,\"FC-NoHead\")]/div[1]/div[5]/div[2]/span"}
RESULT: {"using":"xpath","value":"//section[contains(@id,\"FC-NoHead\")]/div[1]/div[5]/div[2]/span"}
COMMAND: POST /session/cd4e213f90090bc7497a341d701e98a6/elements - {"using":"xpath","value":"//section[contains(@id,\"FC-NoHead\")]/div[1]/div[5]/div[2]/span"}
RESULT: {"using":"xpath","value":"//section[contains(@id,\"FC-NoHead\")]/div[1]/div[5]/div[2]/span"}
COMMAND: POST /session/cd4e213f90090bc7497a341d701e98a6/elements - {"using":"xpath","value":"//section[contains(@id,\"FC-NoHead\")]/div[1]/div[5]/div[2]/span"}
RESULT: {"using":"xpath","value":"//section[contains(@id,\"FC-NoHead\")]/div[1]/div[5]/div[2]/span"}
COMMAND: POST /session/cd4e213f90090bc7497a341d701e98a6/elements - {"using":"xpath","value":"//section[contains(@id,\"FC-NoHead\")]/div[1]/div[5]/div[2]/span"}
RESULT: {"using":"xpath","value":"//section[contains(@id,\"FC-NoHead\")]/div[1]/div[5]/div[2]/span"}
COMMAND: POST /session/cd4e213f90090bc7497a341d701e98a6/elements - {"using":"xpath","value":"//section[contains(@id,\"FC-NoHead\")]/div[1]/div[5]/div[2]/span"}
RESULT: {"using":"xpath","value":"//section[contains(@id,\"FC-NoHead\")]/div[1]/div[5]/div[2]/span"}
COMMAND: POST /session/cd4e213f90090bc7497a341d701e98a6/elements - {"using":"xpath","value":"//section[contains(@id,\"FC-NoHead\")]/div[1]/div[5]/div[2]/span"}
RESULT: {"using":"xpath","value":"//section[contains(@id,\"FC-NoHead\")]/div[1]/div[5]/div[2]/span"}
COMMAND: POST /session/cd4e213f90090bc7497a341d701e98a6/elements - {"using":"xpath","value":"//section[contains(@id,\"FC-NoHead\")]/div[1]/div[5]/div[2]/span"}
RESULT: {"using":"xpath","value":"//section[contains(@id,\"FC-NoHead\")]/div[1]/div[5]/div[2]/span"}
COMMAND: POST /session/cd4e213f90090bc7497a341d701e98a6/elements - {"using":"xpath","value":"//section[contains(@id,\"FC-NoHead\")]/div[1]/div[5]/div[2]/span"}
RESULT: {"using":"xpath","value":"//section[contains(@id,\"FC-NoHead\")]/div[1]/div[5]/div[2]/span"}
COMMAND: POST /session/cd4e213f90090bc7497a341d701e98a6/elements - {"using":"xpath","value":"//section[contains(@id,\"FC-NoHead\")]/div[1]/div[5]/div[2]/span"}
RESULT: {"using":"xpath","value":"//section[contains(@id,\"FC-NoHead\")]/div[1]/div[5]/div[2]/span"}
COMMAND: POST /session/cd4e213f90090bc7497a341d701e98a6/elements - {"using":"xpath","value":"//section[contains(@id,\"FC-NoHead\")]/div[1]/div[5]/div[2]/span"}
RESULT: {"using":"xpath","value":"//section[contains(@id,\"FC-NoHead\")]/div[1]/div[5]/div[2]/span"}
COMMAND: POST /session/cd4e213f90090bc7497a341d701e98a6/elements - {"using":"xpath","value":"//section[contains(@id,\"FC-NoHead\")]/div[1]/div[5]/div[2]/span"}
RESULT: {"using":"xpath","value":"//section[contains(@id,\"FC-NoHead\")]/div[1]/div[5]/div[2]/span"}
COMMAND: POST /session/cd4e213f90090bc7497a341d701e98a6/elements - {"using":"xpath","value":"//section[contains(@id,\"FC-NoHead\")]/div[1]/div[5]/div[2]/span"}
RESULT: {"using":"xpath","value":"//section[contains(@id,\"FC-NoHead\")]/div[1]/div[5]/div[2]/span"}
COMMAND: POST /session/cd4e213f90090bc7497a341d701e98a6/elements - {"using":"xpath","value":"//section[contains(@id,\"FC-NoHead\")]/div[1]/div[5]/div[2]/span"}
RESULT: {"using":"xpath","value":"//section[contains(@id,\"FC-NoHead\")]/div[1]/div[5]/div[2]/span"}
COMMAND: POST /session/cd4e213f90090bc7497a341d701e98a6/elements - {"using":"xpath","value":"//section[contains(@id,\"FC-NoHead\")]/div[1]/div[5]/div[2]/span"}
RESULT: {"using":"xpath","value":"//section[contains(@id,\"FC-NoHead\")]/div[1]/div[5]/div[2]/span"}
COMMAND: POST /session/cd4e213f90090bc7497a341d701e98a6/elements - {"using":"xpath","value":"//section[contains(@id,\"FC-NoHead\")]/div[1]/div[5]/div[2]/span"}
RESULT: {"using":"xpath","value":"//section[contains(@id,\"FC-NoHead\")]/div[1]/div[5]/div[2]/span"}
COMMAND: POST /session/cd4e213f90090bc7497a341d701e98a6/elements - {"using":"xpath","value":"//section[contains(@id,\"FC-NoHead\")]/div[1]/div[5]/div[2]/span"}
RESULT: {"using":"xpath","value":"//section[contains(@id,\"FC-NoHead\")]/div[1]/div[5]/div[2]/span"}
COMMAND: POST /session/cd4e213f90090bc7497a341d701e98a6/elements - {"using":"xpath","value":"//section[contains(@id,\"FC-NoHead\")]/div[1]/div[5]/div[2]/span"}
RESULT: {"using":"xpath","value":"//section[contains(@id,\"FC-NoHead\")]/div[1]/div[5]/div[2]/span"}
COMMAND: POST /session/cd4e213f90090bc7497a341d701e98a6/elements - {"using":"xpath","value":"//section[contains(@id,\"FC-NoHead\")]/div[1]/div[5]/div[2]/span"}
RESULT: {"using":"xpath","value":"//section[contains(@id,\"FC-NoHead\")]/div[1]/div[5]/div[2]/span"}
COMMAND: POST /session/cd4e213f90090bc7497a341d701e98a6/elements - {"using":"xpath","value":"//section[contains(@id,\"FC-NoHead\")]/div[1]/div[5]/div[2]/span"}
RESULT: {"using":"xpath","value":"//section[contains(@id,\"FC-NoHead\")]/div[1]/div[5]/div[2]/span"}
COMMAND: POST /session/cd4e213f90090bc7497a341d701e98a6/elements - {"using":"xpath","value":"//section[contains(@id,\"FC-NoHead\")]/div[1]/div[5]/div[2]/span"}
RESULT: {"using":"xpath","value":"//section[contains(@id,\"FC-NoHead\")]/div[1]/div[5]/div[2]/span"}
COMMAND: POST /session/cd4e213f90090bc7497a341d701e98a6/elements - {"using":"xpath","value":"//section[contains(@id,\"FC-NoHead\")]/div[1]/div[5]/div[2]/span"}
RESULT: {"using":"xpath","value":"//section[contains(@id,\"FC-NoHead\")]/div[1]/div[5]/div[2]/span"}
COMMAND: POST /session/cd4e213f90090bc7497a341d701e98a6/elements - {"using":"xpath","value":"//section[contains(@id,\"FC-NoHead\")]/div[1]/div[5]/div[2]/span"}
RESULT: {"using":"xpath","value":"//section[contains(@id,\"FC-NoHead\")]/div[1]/div[5]/div[2]/span"}
COMMAND: POST /session/cd4e213f90090bc7497a341d701e98a6/elements - {"using":"xpath","value":"//section[contains(@id,\"FC-NoHead\")]/div[1]/div[5]/div[2]/span"}
RESULT: {"using":"xpath","value":"//section[contains(@id,\"FC-NoHead\")]/div[1]/div[5]/div[2]/span"}
COMMAND: POST /session/cd4e213f90090bc7497a341d701e98a6/elements - {"using":"xpath","value":"//section[contains(@id,\"FC-NoHead\")]/div[1]/div[5]/div[2]/span"}
RESULT: {"using":"xpath","value":"//section[contains(@id,\"FC-NoHead\")]/div[1]/div[5]/div[2]/span"}
COMMAND: POST /session/cd4e213f90090bc7497a341d701e98a6/elements - {"using":"xpath","value":"//section[contains(@id,\"FC-NoHead\")]/div[1]/div[5]/div[2]/span"}
RESULT: {"using":"xpath","value":"//section[contains(@id,\"FC-NoHead\")]/div[1]/div[5]/div[2]/span"}
COMMAND: POST /session/cd4e213f90090bc7497a341d701e98a6/elements - {"using":"xpath","value":"//section[contains(@id,\"FC-NoHead\")]/div[1]/div[5]/div[2]/span"}
RESULT: {"using":"xpath","value":"//section[contains(@id,\"FC-NoHead\")]/div[1]/div[5]/div[2]/span"}
COMMAND: POST /session/cd4e213f90090bc7497a341d701e98a6/elements - {"using":"xpath","value":"//section[contains(@id,\"FC-NoHead\")]/div[1]/div[5]/div[2]/span"}
RESULT: {"using":"xpath","value":"//section[contains(@id,\"FC-NoHead\")]/div[1]/div[5]/div[2]/span"}
COMMAND: POST /session/cd4e213f90090bc7497a341d701e98a6/elements - {"using":"xpath","value":"//section[contains(@id,\"FC-NoHead\")]/div[1]/div[5]/div[2]/span"}
RESULT: {"using":"xpath","value":"//section[contains(@id,\"FC-NoHead\")]/div[1]/div[5]/div[2]/span"}
COMMAND: POST /session/cd4e213f90090bc7497a341d701e98a6/elements - {"using":"xpath","value":"//section[contains(@id,\"FC-NoHead\")]/div[1]/div[5]/div[2]/span"}
RESULT: {"using":"xpath","value":"//section[contains(@id,\"FC-NoHead\")]/div[1]/div[5]/div[2]/span"}
COMMAND: POST /session/cd4e213f90090bc7497a341d701e98a6/elements - {"using":"xpath","value":"//section[contains(@id,\"FC-NoHead\")]/div[1]/div[5]/div[2]/span"}
RESULT: {"using":"xpath","value":"//section[contains(@id,\"FC-NoHead\")]/div[1]/div[5]/div[2]/span"}
COMMAND: POST /session/cd4e213f90090bc7497a341d701e98a6/elements - {"using":"xpath","value":"//section[contains(@id,\"FC-NoHead\")]/div[1]/div[5]/div[2]/span"}
RESULT: {"using":"xpath","value":"//section[contains(@id,\"FC-NoHead\")]/div[1]/div[5]/div[2]/span"}
COMMAND: POST /session/cd4e213f90090bc7497a341d701e98a6/elements - {"using":"xpath","value":"//section[contains(@id,\"FC-NoHead\")]/div[1]/div[5]/div[2]/span"}
RESULT: {"using":"xpath","value":"//section[contains(@id,\"FC-NoHead\")]/div[1]/div[5]/div[2]/span"}
COMMAND: POST /session/cd4e213f90090bc7497a341d701e98a6/elements - {"using":"xpath","value":"//section[contains(@id,\"FC-NoHead\")]/div[1]/div[5]/div[2]/span"}
RESULT: {"using":"xpath","value":"//section[contains(@id,\"FC-NoHead\")]/div[1]/div[5]/div[2]/span"}
COMMAND: POST /session/cd4e213f90090bc7497a341d701e98a6/elements - {"using":"xpath","value":"//section[contains(@id,\"FC-NoHead\")]/div[1]/div[5]/div[2]/span"}
RESULT: {"using":"xpath","value":"//section[contains(@id,\"FC-NoHead\")]/div[1]/div[5]/div[2]/span"}
COMMAND: POST /session/cd4e213f90090bc7497a341d701e98a6/elements - {"using":"xpath","value":"//section[contains(@id,\"FC-NoHead\")]/div[1]/div[5]/div[2]/span"}
RESULT: {"using":"xpath","value":"//section[contains(@id,\"FC-NoHead\")]/div[1]/div[5]/div[2]/span"}
COMMAND: POST /session/cd4e213f90090bc7497a341d701e98a6/elements - {"using":"xpath","value":"//section[contains(@id,\"FC-NoHead\")]/div[1]/div[5]/div[2]/span"}
RESULT: {"using":"xpath","value":"//section[contains(@id,\"FC-NoHead\")]/div[1]/div[5]/div[2]/span"}
COMMAND: POST /session/cd4e213f90090bc7497a341d701e98a6/elements - {"using":"xpath","value":"//section[contains(@id,\"FC-NoHead\")]/div[1]/div[5]/div[2]/span"}
RESULT: {"using":"xpath","value":"//section[contains(@id,\"FC-NoHead\")]/div[1]/div[5]/div[2]/span"}
COMMAND: POST /session/cd4e213f90090bc7497a341d701e98a6/elements - {"using":"xpath","value":"//section[contains(@id,\"FC-NoHead\")]/div[1]/div[5]/div[2]/span"}
RESULT: {"using":"xpath","value":"//section[contains(@id,\"FC-NoHead\")]/div[1]/div[5]/div[2]/span"}
COMMAND: POST /session/cd4e213f90090bc7497a341d701e98a6/elements - {"using":"xpath","value":"//section[contains(@id,\"FC-NoHead\")]/div[1]/div[5]/div[2]/span"}
RESULT: {"using":"xpath","value":"//section[contains(@id,\"FC-NoHead\")]/div[1]/div[5]/div[2]/span"}
COMMAND: POST /session/cd4e213f90090bc7497a341d701e98a6/elements - {"using":"xpath","value":"//section[contains(@id,\"FC-NoHead\")]/div[1]/div[5]/div[2]/span"}
RESULT: {"using":"xpath","value":"//section[contains(@id,\"FC-NoHead\")]/div[1]/div[5]/div[2]/span"}
COMMAND: POST /session/cd4e213f90090bc7497a341d701e98a6/elements - {"using":"xpath","value":"//section[contains(@id,\"FC-NoHead\")]/div[1]/div[5]/div[2]/span"}
RESULT: {"using":"xpath","value":"//section[contains(@id,\"FC-NoHead\")]/div[1]/div[5]/div[2]/span"}
COMMAND: POST /session/cd4e213f90090bc7497a341d701e98a6/elements - {"using":"xpath","value":"//section[contains(@id,\"FC-NoHead\")]/div[1]/div[5]/div[2]/span"}
RESULT: {"using":"xpath","value":"//section[contains(@id,\"FC-NoHead\")]/div[1]/div[5]/div[2]/span"}
COMMAND: POST /session/cd4e213f90090bc7497a341d701e98a6/elements - {"using":"xpath","value":"//section[contains(@id,\"FC-NoHead\")]/div[1]/div[5]/div[2]/span"}
RESULT: {"using":"xpath","value":"//section[contains(@id,\"FC-NoHead\")]/div[1]/div[5]/div[2]/span"}
COMMAND: POST /session/cd4e213f90090bc7497a341d701e98a6/elements - {"using":"xpath","value":"//section[contains(@id,\"FC-NoHead\")]/div[1]/div[5]/div[2]/span"}
RESULT: {"using":"xpath","value":"//section[contains(@id,\"FC-NoHead\")]/div[1]/div[5]/div[2]/span"}
COMMAND: POST /session/cd4e213f90090bc7497a341d701e98a6/elements - {"using":"xpath","value":"//section[contains(@id,\"FC-NoHead\")]/div[1]/div[5]/div[2]/span"}
RESULT: {"using":"xpath","value":"//section[contains(@id,\"FC-NoHead\")]/div[1]/div[5]/div[2]/span"}
COMMAND: POST /session/cd4e213f90090bc7497a341d701e98a6/elements - {"using":"xpath","value":"//section[contains(@id,\"FC-NoHead\")]/div[1]/div[5]/div[2]/span"}
RESULT: {"using":"xpath","value":"//section[contains(@id,\"FC-NoHead\")]/div[1]/div[5]/div[2]/span"}
COMMAND: POST /session/cd4e213f90090bc7497a341d701e98a6/elements - {"using":"xpath","value":"//section[contains(@id,\"FC-NoHead\")]/div[1]/div[5]/div[2]/span"}
RESULT: {"using":"xpath","value":"//section[contains(@id,\"FC-NoHead\")]/div[1]/div[5]/div[2]/span"}
COMMAND: POST /session/cd4e213f90090bc7497a341d701e98a6/elements - {"using":"xpath","value":"//section[contains(@id,\"FC-NoHead\")]/div[1]/div[5]/div[2]/span"}
RESULT: {"using":"xpath","value":"//section[contains(@id,\"FC-NoHead\")]/div[1]/div[5]/div[2]/span"}
COMMAND: POST /session/cd4e213f90090bc7497a341d701e98a6/elements - {"using":"xpath","value":"//section[contains(@id,\"FC-NoHead\")]/div[1]/div[5]/div[2]/span"}
RESULT: {"using":"xpath","value":"//section[contains(@id,\"FC-NoHead\")]/div[1]/div[5]/div[2]/span"}
COMMAND: POST /session/cd4e213f90090bc7497a341d701e98a6/elements - {"using":"xpath","value":"//section[contains(@id,\"FC-NoHead\")]/div[1]/div[5]/div[2]/span"}
RESULT: {"using":"xpath","value":"//section[contains(@id,\"FC-NoHead\")]/div[1]/div[5]/div[2]/span"}
COMMAND: POST /session/cd4e213f90090bc7497a341d701e98a6/elements - {"using":"xpath","value":"//section[contains(@id,\"FC-NoHead\")]/div[1]/div[5]/div[2]/span"}
RESULT: {"using":"xpath","value":"//section[contains(@id,\"FC-NoHead\")]/div[1]/div[5]/div[2]/span"}
COMMAND: POST /session/cd4e213f90090bc7497a341d701e98a6/elements - {"using":"xpath","value":"//section[contains(@id,\"FC-NoHead\")]/div[1]/div[5]/div[2]/span"}
RESULT: {"using":"xpath","value":"//section[contains(@id,\"FC-NoHead\")]/div[1]/div[5]/div[2]/span"}
COMMAND: POST /session/cd4e213f90090bc7497a341d701e98a6/elements - {"using":"xpath","value":"//section[contains(@id,\"FC-NoHead\")]/div[1]/div[5]/div[2]/span"}
RESULT: {"using":"xpath","value":"//section[contains(@id,\"FC-NoHead\")]/div[1]/div[5]/div[2]/span"}
COMMAND: POST /session/cd4e213f90090bc7497a341d701e98a6/elements - {"using":"xpath","value":"//section[contains(@id,\"FC-NoHead\")]/div[1]/div[5]/div[2]/span"}
RESULT: {"using":"xpath","value":"//section[contains(@id,\"FC-NoHead\")]/div[1]/div[5]/div[2]/span"}
COMMAND: POST /session/cd4e213f90090bc7497a341d701e98a6/elements - {"using":"xpath","value":"//section[contains(@id,\"FC-NoHead\")]/div[1]/div[5]/div[2]/span"}
RESULT: {"using":"xpath","value":"//section[contains(@id,\"FC-NoHead\")]/div[1]/div[5]/div[2]/span"}
COMMAND: POST /session/cd4e213f90090bc7497a341d701e98a6/elements - {"using":"xpath","value":"//section[contains(@id,\"FC-NoHead\")]/div[1]/div[5]/div[2]/span"}
RESULT: {"using":"xpath","value":"//section[contains(@id,\"FC-NoHead\")]/div[1]/div[5]/div[2]/span"}
COMMAND: POST /session/cd4e213f90090bc7497a341d701e98a6/elements - {"using":"xpath","value":"//section[contains(@id,\"FC-NoHead\")]/div[1]/div[5]/div[2]/span"}
RESULT: {"using":"xpath","value":"//section[contains(@id,\"FC-NoHead\")]/div[1]/div[5]/div[2]/span"}
COMMAND: POST /session/cd4e213f90090bc7497a341d701e98a6/elements - {"using":"xpath","value":"//section[contains(@id,\"FC-NoHead\")]/div[1]/div[5]/div[2]/span"}
RESULT: {"using":"xpath","value":"//section[contains(@id,\"FC-NoHead\")]/div[1]/div[5]/div[2]/span"}
COMMAND: POST /session/cd4e213f90090bc7497a341d701e98a6/elements - {"using":"xpath","value":"//section[contains(@id,\"FC-NoHead\")]/div[1]/div[5]/div[2]/span"}
RESULT: {"using":"xpath","value":"//section[contains(@id,\"FC-NoHead\")]/div[1]/div[5]/div[2]/span"}
COMMAND: POST /session/cd4e213f90090bc7497a341d701e98a6/elements - {"using":"xpath","value":"//section[contains(@id,\"FC-NoHead\")]/div[1]/div[5]/div[2]/span"}
RESULT: {"using":"xpath","value":"//section[contains(@id,\"FC-NoHead\")]/div[1]/div[5]/div[2]/span"}
COMMAND: POST /session/cd4e213f90090bc7497a341d701e98a6/elements - {"using":"xpath","value":"//section[contains(@id,\"FC-NoHead\")]/div[1]/div[5]/div[2]/span"}
RESULT: {"using":"xpath","value":"//section[contains(@id,\"FC-NoHead\")]/div[1]/div[5]/div[2]/span"}
COMMAND: POST /session/cd4e213f90090bc7497a341d701e98a6/elements - {"using":"xpath","value":"//section[contains(@id,\"FC-NoHead\")]/div[1]/div[5]/div[2]/span"}
RESULT: {"using":"xpath","value":"//section[contains(@id,\"FC-NoHead\")]/div[1]/div[5]/div[2]/span"}
COMMAND: POST /session/cd4e213f90090bc7497a341d701e98a6/elements - {"using":"xpath","value":"//section[contains(@id,\"FC-NoHead\")]/div[1]/div[5]/div[2]/span"}
RESULT: {"using":"xpath","value":"//section[contains(@id,\"FC-NoHead\")]/div[1]/div[5]/div[2]/span"}
COMMAND: POST /session/cd4e213f90090bc7497a341d701e98a6/elements - {"using":"xpath","value":"//section[contains(@id,\"FC-NoHead\")]/div[1]/div[5]/div[2]/span"}
RESULT: {"using":"xpath","value":"//section[contains(@id,\"FC-NoHead\")]/div[1]/div[5]/div[2]/span"}
COMMAND: POST /session/cd4e213f90090bc7497a341d701e98a6/elements - {"using":"xpath","value":"//section[contains(@id,\"FC-NoHead\")]/div[1]/div[5]/div[2]/span"}
RESULT: {"using":"xpath","value":"//section[contains(@id,\"FC-NoHead\")]/div[1]/div[5]/div[2]/span"}
COMMAND: POST /session/cd4e213f90090bc7497a341d701e98a6/elements - {"using":"xpath","value":"//section[contains(@id,\"FC-NoHead\")]/div[1]/div[5]/div[2]/span"}
RESULT: {"using":"xpath","value":"//section[contains(@id,\"FC-NoHead\")]/div[1]/div[5]/div[2]/span"}
COMMAND: POST /session/cd4e213f90090bc7497a341d701e98a6/elements - {"using":"xpath","value":"//section[contains(@id,\"FC-NoHead\")]/div[1]/div[5]/div[2]/span"}
RESULT: {"using":"xpath","value":"//section[contains(@id,\"FC-NoHead\")]/div[1]/div[5]/div[2]/span"}
COMMAND: POST /session/cd4e213f90090bc7497a341d701e98a6/elements - {"using":"xpath","value":"//section[contains(@id,\"FC-NoHead\")]/div[1]/div[5]/div[2]/span"}
RESULT: {"using":"xpath","value":"//section[contains(@id,\"FC-NoHead\")]/div[1]/div[5]/div[2]/span"}
COMMAND: POST /session/cd4e213f90090bc7497a341d701e98a6/elements - {"using":"xpath","value":"//section[contains(@id,\"FC-NoHead\")]/div[1]/div[5]/div[2]/span"}
RESULT: {"using":"xpath","value":"//section[contains(@id,\"FC-NoHead\")]/div[1]/div[5]/div[2]/span"}
COMMAND: POST /session/cd4e213f90090bc7497a341d701e98a6/elements - {"using":"xpath","value":"//section[contains(@id,\"FC-NoHead\")]/div[1]/div[5]/div[2]/span"}
RESULT: {"using":"xpath","value":"//section[contains(@id,\"FC-NoHead\")]/div[1]/div[5]/div[2]/span"}
COMMAND: POST /session/cd4e213f90090bc7497a341d701e98a6/elements - {"using":"xpath","value":"//section[contains(@id,\"FC-NoHead\")]/div[1]/div[5]/div[2]/span"}
RESULT: {"using":"xpath","value":"//section[contains(@id,\"FC-NoHead\")]/div[1]/div[5]/div[2]/span"}
COMMAND: POST /session/cd4e213f90090bc7497a341d701e98a6/elements - {"using":"xpath","value":"//section[contains(@id,\"FC-NoHead\")]/div[1]/div[5]/div[2]/span"}
RESULT: {"using":"xpath","value":"//section[contains(@id,\"FC-NoHead\")]/div[1]/div[5]/div[2]/span"}
COMMAND: POST /session/cd4e213f90090bc7497a341d701e98a6/elements - {"using":"xpath","value":"//section[contains(@id,\"FC-NoHead\")]/div[1]/div[5]/div[2]/span"}
RESULT: {"using":"xpath","value":"//section[contains(@id,\"FC-NoHead\")]/div[1]/div[5]/div[2]/span"}
COMMAND: POST /session/cd4e213f90090bc7497a341d701e98a6/elements - {"using":"xpath","value":"//section[contains(@id,\"FC-NoHead\")]/div[1]/div[5]/div[2]/span"}
RESULT: {"using":"xpath","value":"//section[contains(@id,\"FC-NoHead\")]/div[1]/div[5]/div[2]/span"}
COMMAND: POST /session/cd4e213f90090bc7497a341d701e98a6/elements - {"using":"xpath","value":"//section[contains(@id,\"FC-NoHead\")]/div[1]/div[5]/div[2]/span"}
RESULT: {"using":"xpath","value":"//section[contains(@id,\"FC-NoHead\")]/div[1]/div[5]/div[2]/span"}
COMMAND: POST /session/cd4e213f90090bc7497a341d701e98a6/elements - {"using":"xpath","value":"//section[contains(@id,\"FC-NoHead\")]/div[1]/div[5]/div[2]/span"}
RESULT: {"using":"xpath","value":"//section[contains(@id,\"FC-NoHead\")]/div[1]/div[5]/div[2]/span"}
COMMAND: POST /session/cd4e213f90090bc7497a341d701e98a6/elements - {"using":"xpath","value":"//section[contains(@id,\"FC-NoHead\")]/div[1]/div[5]/div[2]/span"}
COMMAND: GET /session/cd4e213f90090bc7497a341d701e98a6/screenshot - {}
RESULT: {"using":"xpath","value":"//section[contains(@id,\"FC-NoHead\")]/div[1]/div[5]/div[2]/span"}
RESULT: {}
]]></system-out>
      <system-err><![CDATA[
Error: element ("//section[contains(@id,"FC-NoHead")]/div[1]/div[5]/div[2]/span") still not existing after 45000ms
    at async Context.<anonymous> (D:\a\1\s\test\specs\HTR\return-from-site-w-warehouse-management-w-clarification.spec.js:219:9)
]]></system-err>
    </testcase>
    <testcase classname="chrome.136_0_7103_93.windows.Return_from_Site_w/_warehouse_management_w_clarification" name="Should test for Clarification" time="87.892">
      <failure/>
      <error message="Can't call click on element with selector &quot;//span[(text() = 'null' or . = 'null')]&quot; because element wasn't found"/>
      <system-out><![CDATA[
COMMAND: GET /session/cd4e213f90090bc7497a341d701e98a6/screenshot - {}
RESULT: undefined
COMMAND: POST /session/cd4e213f90090bc7497a341d701e98a6/element - {"using":"xpath","value":"//*[@id=\"__tile130\"]"}
RESULT: {}
RESULT: {"using":"xpath","value":"//*[@id=\"__tile130\"]"}
COMMAND: POST /session/cd4e213f90090bc7497a341d701e98a6/element/f.3EFE59E47BCAC700A535F57DF4769BD4.d.DE537A761A3D7379EAAE5349AB46E7D5.e.11833/click - {}
COMMAND: POST /session/cd4e213f90090bc7497a341d701e98a6/elements - {"using":"xpath","value":"//span[text()='Error']"}
RESULT: {"using":"xpath","value":"//span[text()='Error']"}
COMMAND: POST /session/cd4e213f90090bc7497a341d701e98a6/execute/async - {"script":"<script> [1562 bytes]","args":[{"selector":{"controlType":"sap.m.SearchField","viewName":"etm.portal.ui.managehandovers.view.MasterHO","bindingPath":{"propertyPath":"/_BASIC_SEARCH_FIELD","modelName":"fi1t3rM0d31"},"interaction":{"idSuffix":"I"}},"wdio_ui5_key":"etmportal.ui.managehandovers.view.MasterHOsap.m.SearchField{\"propertyPath\":\"/_BASIC_SEARCH_FIELD\",\"modelName\":\"fi1t3rM0d31\"}"}]}
RESULT: {"script":"<script> [1562 bytes]","args":[{"selector":{"controlType":"sap.m.SearchField","viewName":"etm.portal.ui.managehandovers.view.MasterHO","bindingPath":{"propertyPath":"/_BASIC_SEARCH_FIELD","modelName":"fi1t3rM0d31"},"interaction":{"idSuffix":"I"}},"wdio_ui5_key":"etmportal.ui.managehandovers.view.MasterHOsap.m.SearchField{\"propertyPath\":\"/_BASIC_SEARCH_FIELD\",\"modelName\":\"fi1t3rM0d31\"}"}]}
RESULT: undefined
COMMAND: POST /session/cd4e213f90090bc7497a341d701e98a6/execute/async - {"script":"<script> [776 bytes]","args":[{"enterText":null,"selector":{"controlType":"sap.m.SearchField","viewName":"etm.portal.ui.managehandovers.view.MasterHO","bindingPath":{"propertyPath":"/_BASIC_SEARCH_FIELD","modelName":"fi1t3rM0d31"},"interaction":{"idSuffix":"I"}},"clearTextFirst":true,"interactionType":"ENTER_TEXT"}]}
RESULT: {"script":"<script> [776 bytes]","args":[{"enterText":null,"selector":{"controlType":"sap.m.SearchField","viewName":"etm.portal.ui.managehandovers.view.MasterHO","bindingPath":{"propertyPath":"/_BASIC_SEARCH_FIELD","modelName":"fi1t3rM0d31"},"interaction":{"idSuffix":"I"}},"clearTextFirst":true,"interactionType":"ENTER_TEXT"}]}
COMMAND: POST /session/cd4e213f90090bc7497a341d701e98a6/actions - {"actions":[{"id":"action48","type":"key","parameters":{},"actions":[{"type":"keyDown","value":""},{"type":"pause","duration":10},{"type":"keyUp","value":""}]}]}
RESULT: {"actions":[{"id":"action48","type":"key","parameters":{},"actions":[{"type":"keyDown","value":""},{"type":"pause","duration":10},{"type":"keyUp","value":""}]}]}
COMMAND: GET /session/cd4e213f90090bc7497a341d701e98a6/screenshot - {}
RESULT: {}
COMMAND: POST /session/cd4e213f90090bc7497a341d701e98a6/element - {"using":"xpath","value":"//span[(text() = 'null' or . = 'null')]"}
RESULT: {"using":"xpath","value":"//span[(text() = 'null' or . = 'null')]"}
COMMAND: POST /session/cd4e213f90090bc7497a341d701e98a6/elements - {"using":"xpath","value":"//span[(text() = 'null' or . = 'null')]"}
RESULT: {"using":"xpath","value":"//span[(text() = 'null' or . = 'null')]"}
COMMAND: POST /session/cd4e213f90090bc7497a341d701e98a6/elements - {"using":"xpath","value":"//span[(text() = 'null' or . = 'null')]"}
RESULT: {"using":"xpath","value":"//span[(text() = 'null' or . = 'null')]"}
COMMAND: POST /session/cd4e213f90090bc7497a341d701e98a6/elements - {"using":"xpath","value":"//span[(text() = 'null' or . = 'null')]"}
RESULT: {"using":"xpath","value":"//span[(text() = 'null' or . = 'null')]"}
COMMAND: POST /session/cd4e213f90090bc7497a341d701e98a6/elements - {"using":"xpath","value":"//span[(text() = 'null' or . = 'null')]"}
RESULT: {"using":"xpath","value":"//span[(text() = 'null' or . = 'null')]"}
COMMAND: POST /session/cd4e213f90090bc7497a341d701e98a6/elements - {"using":"xpath","value":"//span[(text() = 'null' or . = 'null')]"}
RESULT: {"using":"xpath","value":"//span[(text() = 'null' or . = 'null')]"}
COMMAND: POST /session/cd4e213f90090bc7497a341d701e98a6/elements - {"using":"xpath","value":"//span[(text() = 'null' or . = 'null')]"}
RESULT: {"using":"xpath","value":"//span[(text() = 'null' or . = 'null')]"}
COMMAND: POST /session/cd4e213f90090bc7497a341d701e98a6/elements - {"using":"xpath","value":"//span[(text() = 'null' or . = 'null')]"}
RESULT: {"using":"xpath","value":"//span[(text() = 'null' or . = 'null')]"}
COMMAND: POST /session/cd4e213f90090bc7497a341d701e98a6/elements - {"using":"xpath","value":"//span[(text() = 'null' or . = 'null')]"}
RESULT: {"using":"xpath","value":"//span[(text() = 'null' or . = 'null')]"}
COMMAND: POST /session/cd4e213f90090bc7497a341d701e98a6/elements - {"using":"xpath","value":"//span[(text() = 'null' or . = 'null')]"}
RESULT: {"using":"xpath","value":"//span[(text() = 'null' or . = 'null')]"}
COMMAND: POST /session/cd4e213f90090bc7497a341d701e98a6/elements - {"using":"xpath","value":"//span[(text() = 'null' or . = 'null')]"}
RESULT: {"using":"xpath","value":"//span[(text() = 'null' or . = 'null')]"}
COMMAND: POST /session/cd4e213f90090bc7497a341d701e98a6/elements - {"using":"xpath","value":"//span[(text() = 'null' or . = 'null')]"}
RESULT: {"using":"xpath","value":"//span[(text() = 'null' or . = 'null')]"}
COMMAND: POST /session/cd4e213f90090bc7497a341d701e98a6/elements - {"using":"xpath","value":"//span[(text() = 'null' or . = 'null')]"}
RESULT: {"using":"xpath","value":"//span[(text() = 'null' or . = 'null')]"}
COMMAND: POST /session/cd4e213f90090bc7497a341d701e98a6/elements - {"using":"xpath","value":"//span[(text() = 'null' or . = 'null')]"}
RESULT: {"using":"xpath","value":"//span[(text() = 'null' or . = 'null')]"}
COMMAND: POST /session/cd4e213f90090bc7497a341d701e98a6/elements - {"using":"xpath","value":"//span[(text() = 'null' or . = 'null')]"}
RESULT: {"using":"xpath","value":"//span[(text() = 'null' or . = 'null')]"}
COMMAND: POST /session/cd4e213f90090bc7497a341d701e98a6/elements - {"using":"xpath","value":"//span[(text() = 'null' or . = 'null')]"}
RESULT: {"using":"xpath","value":"//span[(text() = 'null' or . = 'null')]"}
COMMAND: POST /session/cd4e213f90090bc7497a341d701e98a6/elements - {"using":"xpath","value":"//span[(text() = 'null' or . = 'null')]"}
RESULT: {"using":"xpath","value":"//span[(text() = 'null' or . = 'null')]"}
COMMAND: POST /session/cd4e213f90090bc7497a341d701e98a6/elements - {"using":"xpath","value":"//span[(text() = 'null' or . = 'null')]"}
RESULT: {"using":"xpath","value":"//span[(text() = 'null' or . = 'null')]"}
COMMAND: POST /session/cd4e213f90090bc7497a341d701e98a6/elements - {"using":"xpath","value":"//span[(text() = 'null' or . = 'null')]"}
RESULT: {"using":"xpath","value":"//span[(text() = 'null' or . = 'null')]"}
COMMAND: POST /session/cd4e213f90090bc7497a341d701e98a6/elements - {"using":"xpath","value":"//span[(text() = 'null' or . = 'null')]"}
RESULT: {"using":"xpath","value":"//span[(text() = 'null' or . = 'null')]"}
COMMAND: POST /session/cd4e213f90090bc7497a341d701e98a6/elements - {"using":"xpath","value":"//span[(text() = 'null' or . = 'null')]"}
RESULT: {"using":"xpath","value":"//span[(text() = 'null' or . = 'null')]"}
COMMAND: POST /session/cd4e213f90090bc7497a341d701e98a6/elements - {"using":"xpath","value":"//span[(text() = 'null' or . = 'null')]"}
RESULT: {"using":"xpath","value":"//span[(text() = 'null' or . = 'null')]"}
COMMAND: POST /session/cd4e213f90090bc7497a341d701e98a6/elements - {"using":"xpath","value":"//span[(text() = 'null' or . = 'null')]"}
RESULT: {"using":"xpath","value":"//span[(text() = 'null' or . = 'null')]"}
COMMAND: POST /session/cd4e213f90090bc7497a341d701e98a6/elements - {"using":"xpath","value":"//span[(text() = 'null' or . = 'null')]"}
RESULT: {"using":"xpath","value":"//span[(text() = 'null' or . = 'null')]"}
COMMAND: POST /session/cd4e213f90090bc7497a341d701e98a6/elements - {"using":"xpath","value":"//span[(text() = 'null' or . = 'null')]"}
RESULT: {"using":"xpath","value":"//span[(text() = 'null' or . = 'null')]"}
COMMAND: POST /session/cd4e213f90090bc7497a341d701e98a6/elements - {"using":"xpath","value":"//span[(text() = 'null' or . = 'null')]"}
RESULT: {"using":"xpath","value":"//span[(text() = 'null' or . = 'null')]"}
COMMAND: POST /session/cd4e213f90090bc7497a341d701e98a6/elements - {"using":"xpath","value":"//span[(text() = 'null' or . = 'null')]"}
RESULT: {"using":"xpath","value":"//span[(text() = 'null' or . = 'null')]"}
COMMAND: POST /session/cd4e213f90090bc7497a341d701e98a6/elements - {"using":"xpath","value":"//span[(text() = 'null' or . = 'null')]"}
RESULT: {"using":"xpath","value":"//span[(text() = 'null' or . = 'null')]"}
COMMAND: POST /session/cd4e213f90090bc7497a341d701e98a6/elements - {"using":"xpath","value":"//span[(text() = 'null' or . = 'null')]"}
RESULT: {"using":"xpath","value":"//span[(text() = 'null' or . = 'null')]"}
COMMAND: POST /session/cd4e213f90090bc7497a341d701e98a6/elements - {"using":"xpath","value":"//span[(text() = 'null' or . = 'null')]"}
RESULT: {"using":"xpath","value":"//span[(text() = 'null' or . = 'null')]"}
COMMAND: POST /session/cd4e213f90090bc7497a341d701e98a6/elements - {"using":"xpath","value":"//span[(text() = 'null' or . = 'null')]"}
RESULT: {"using":"xpath","value":"//span[(text() = 'null' or . = 'null')]"}
COMMAND: POST /session/cd4e213f90090bc7497a341d701e98a6/elements - {"using":"xpath","value":"//span[(text() = 'null' or . = 'null')]"}
RESULT: {"using":"xpath","value":"//span[(text() = 'null' or . = 'null')]"}
COMMAND: POST /session/cd4e213f90090bc7497a341d701e98a6/elements - {"using":"xpath","value":"//span[(text() = 'null' or . = 'null')]"}
RESULT: {"using":"xpath","value":"//span[(text() = 'null' or . = 'null')]"}
COMMAND: POST /session/cd4e213f90090bc7497a341d701e98a6/elements - {"using":"xpath","value":"//span[(text() = 'null' or . = 'null')]"}
RESULT: {"using":"xpath","value":"//span[(text() = 'null' or . = 'null')]"}
COMMAND: POST /session/cd4e213f90090bc7497a341d701e98a6/elements - {"using":"xpath","value":"//span[(text() = 'null' or . = 'null')]"}
RESULT: {"using":"xpath","value":"//span[(text() = 'null' or . = 'null')]"}
COMMAND: POST /session/cd4e213f90090bc7497a341d701e98a6/elements - {"using":"xpath","value":"//span[(text() = 'null' or . = 'null')]"}
RESULT: {"using":"xpath","value":"//span[(text() = 'null' or . = 'null')]"}
COMMAND: POST /session/cd4e213f90090bc7497a341d701e98a6/elements - {"using":"xpath","value":"//span[(text() = 'null' or . = 'null')]"}
RESULT: {"using":"xpath","value":"//span[(text() = 'null' or . = 'null')]"}
COMMAND: POST /session/cd4e213f90090bc7497a341d701e98a6/elements - {"using":"xpath","value":"//span[(text() = 'null' or . = 'null')]"}
RESULT: {"using":"xpath","value":"//span[(text() = 'null' or . = 'null')]"}
COMMAND: POST /session/cd4e213f90090bc7497a341d701e98a6/elements - {"using":"xpath","value":"//span[(text() = 'null' or . = 'null')]"}
RESULT: {"using":"xpath","value":"//span[(text() = 'null' or . = 'null')]"}
COMMAND: POST /session/cd4e213f90090bc7497a341d701e98a6/elements - {"using":"xpath","value":"//span[(text() = 'null' or . = 'null')]"}
RESULT: {"using":"xpath","value":"//span[(text() = 'null' or . = 'null')]"}
COMMAND: POST /session/cd4e213f90090bc7497a341d701e98a6/elements - {"using":"xpath","value":"//span[(text() = 'null' or . = 'null')]"}
RESULT: {"using":"xpath","value":"//span[(text() = 'null' or . = 'null')]"}
COMMAND: POST /session/cd4e213f90090bc7497a341d701e98a6/elements - {"using":"xpath","value":"//span[(text() = 'null' or . = 'null')]"}
RESULT: {"using":"xpath","value":"//span[(text() = 'null' or . = 'null')]"}
COMMAND: POST /session/cd4e213f90090bc7497a341d701e98a6/elements - {"using":"xpath","value":"//span[(text() = 'null' or . = 'null')]"}
RESULT: {"using":"xpath","value":"//span[(text() = 'null' or . = 'null')]"}
COMMAND: POST /session/cd4e213f90090bc7497a341d701e98a6/elements - {"using":"xpath","value":"//span[(text() = 'null' or . = 'null')]"}
RESULT: {"using":"xpath","value":"//span[(text() = 'null' or . = 'null')]"}
COMMAND: POST /session/cd4e213f90090bc7497a341d701e98a6/elements - {"using":"xpath","value":"//span[(text() = 'null' or . = 'null')]"}
RESULT: {"using":"xpath","value":"//span[(text() = 'null' or . = 'null')]"}
COMMAND: POST /session/cd4e213f90090bc7497a341d701e98a6/elements - {"using":"xpath","value":"//span[(text() = 'null' or . = 'null')]"}
RESULT: {"using":"xpath","value":"//span[(text() = 'null' or . = 'null')]"}
COMMAND: POST /session/cd4e213f90090bc7497a341d701e98a6/elements - {"using":"xpath","value":"//span[(text() = 'null' or . = 'null')]"}
RESULT: {"using":"xpath","value":"//span[(text() = 'null' or . = 'null')]"}
COMMAND: POST /session/cd4e213f90090bc7497a341d701e98a6/elements - {"using":"xpath","value":"//span[(text() = 'null' or . = 'null')]"}
RESULT: {"using":"xpath","value":"//span[(text() = 'null' or . = 'null')]"}
COMMAND: POST /session/cd4e213f90090bc7497a341d701e98a6/elements - {"using":"xpath","value":"//span[(text() = 'null' or . = 'null')]"}
RESULT: {"using":"xpath","value":"//span[(text() = 'null' or . = 'null')]"}
COMMAND: POST /session/cd4e213f90090bc7497a341d701e98a6/elements - {"using":"xpath","value":"//span[(text() = 'null' or . = 'null')]"}
RESULT: {"using":"xpath","value":"//span[(text() = 'null' or . = 'null')]"}
COMMAND: POST /session/cd4e213f90090bc7497a341d701e98a6/elements - {"using":"xpath","value":"//span[(text() = 'null' or . = 'null')]"}
RESULT: {"using":"xpath","value":"//span[(text() = 'null' or . = 'null')]"}
COMMAND: POST /session/cd4e213f90090bc7497a341d701e98a6/elements - {"using":"xpath","value":"//span[(text() = 'null' or . = 'null')]"}
RESULT: {"using":"xpath","value":"//span[(text() = 'null' or . = 'null')]"}
COMMAND: POST /session/cd4e213f90090bc7497a341d701e98a6/elements - {"using":"xpath","value":"//span[(text() = 'null' or . = 'null')]"}
RESULT: {"using":"xpath","value":"//span[(text() = 'null' or . = 'null')]"}
COMMAND: POST /session/cd4e213f90090bc7497a341d701e98a6/elements - {"using":"xpath","value":"//span[(text() = 'null' or . = 'null')]"}
RESULT: {"using":"xpath","value":"//span[(text() = 'null' or . = 'null')]"}
COMMAND: POST /session/cd4e213f90090bc7497a341d701e98a6/elements - {"using":"xpath","value":"//span[(text() = 'null' or . = 'null')]"}
RESULT: {"using":"xpath","value":"//span[(text() = 'null' or . = 'null')]"}
COMMAND: POST /session/cd4e213f90090bc7497a341d701e98a6/elements - {"using":"xpath","value":"//span[(text() = 'null' or . = 'null')]"}
RESULT: {"using":"xpath","value":"//span[(text() = 'null' or . = 'null')]"}
COMMAND: POST /session/cd4e213f90090bc7497a341d701e98a6/elements - {"using":"xpath","value":"//span[(text() = 'null' or . = 'null')]"}
RESULT: {"using":"xpath","value":"//span[(text() = 'null' or . = 'null')]"}
COMMAND: POST /session/cd4e213f90090bc7497a341d701e98a6/elements - {"using":"xpath","value":"//span[(text() = 'null' or . = 'null')]"}
RESULT: {"using":"xpath","value":"//span[(text() = 'null' or . = 'null')]"}
COMMAND: POST /session/cd4e213f90090bc7497a341d701e98a6/elements - {"using":"xpath","value":"//span[(text() = 'null' or . = 'null')]"}
RESULT: {"using":"xpath","value":"//span[(text() = 'null' or . = 'null')]"}
COMMAND: POST /session/cd4e213f90090bc7497a341d701e98a6/elements - {"using":"xpath","value":"//span[(text() = 'null' or . = 'null')]"}
RESULT: {"using":"xpath","value":"//span[(text() = 'null' or . = 'null')]"}
COMMAND: POST /session/cd4e213f90090bc7497a341d701e98a6/elements - {"using":"xpath","value":"//span[(text() = 'null' or . = 'null')]"}
RESULT: {"using":"xpath","value":"//span[(text() = 'null' or . = 'null')]"}
COMMAND: POST /session/cd4e213f90090bc7497a341d701e98a6/elements - {"using":"xpath","value":"//span[(text() = 'null' or . = 'null')]"}
RESULT: {"using":"xpath","value":"//span[(text() = 'null' or . = 'null')]"}
COMMAND: POST /session/cd4e213f90090bc7497a341d701e98a6/elements - {"using":"xpath","value":"//span[(text() = 'null' or . = 'null')]"}
RESULT: {"using":"xpath","value":"//span[(text() = 'null' or . = 'null')]"}
COMMAND: POST /session/cd4e213f90090bc7497a341d701e98a6/elements - {"using":"xpath","value":"//span[(text() = 'null' or . = 'null')]"}
RESULT: {"using":"xpath","value":"//span[(text() = 'null' or . = 'null')]"}
COMMAND: POST /session/cd4e213f90090bc7497a341d701e98a6/elements - {"using":"xpath","value":"//span[(text() = 'null' or . = 'null')]"}
RESULT: {"using":"xpath","value":"//span[(text() = 'null' or . = 'null')]"}
COMMAND: POST /session/cd4e213f90090bc7497a341d701e98a6/elements - {"using":"xpath","value":"//span[(text() = 'null' or . = 'null')]"}
RESULT: {"using":"xpath","value":"//span[(text() = 'null' or . = 'null')]"}
COMMAND: POST /session/cd4e213f90090bc7497a341d701e98a6/elements - {"using":"xpath","value":"//span[(text() = 'null' or . = 'null')]"}
RESULT: {"using":"xpath","value":"//span[(text() = 'null' or . = 'null')]"}
COMMAND: POST /session/cd4e213f90090bc7497a341d701e98a6/elements - {"using":"xpath","value":"//span[(text() = 'null' or . = 'null')]"}
RESULT: {"using":"xpath","value":"//span[(text() = 'null' or . = 'null')]"}
COMMAND: POST /session/cd4e213f90090bc7497a341d701e98a6/elements - {"using":"xpath","value":"//span[(text() = 'null' or . = 'null')]"}
RESULT: {"using":"xpath","value":"//span[(text() = 'null' or . = 'null')]"}
COMMAND: POST /session/cd4e213f90090bc7497a341d701e98a6/elements - {"using":"xpath","value":"//span[(text() = 'null' or . = 'null')]"}
RESULT: {"using":"xpath","value":"//span[(text() = 'null' or . = 'null')]"}
COMMAND: POST /session/cd4e213f90090bc7497a341d701e98a6/elements - {"using":"xpath","value":"//span[(text() = 'null' or . = 'null')]"}
RESULT: {"using":"xpath","value":"//span[(text() = 'null' or . = 'null')]"}
COMMAND: POST /session/cd4e213f90090bc7497a341d701e98a6/elements - {"using":"xpath","value":"//span[(text() = 'null' or . = 'null')]"}
RESULT: {"using":"xpath","value":"//span[(text() = 'null' or . = 'null')]"}
COMMAND: POST /session/cd4e213f90090bc7497a341d701e98a6/elements - {"using":"xpath","value":"//span[(text() = 'null' or . = 'null')]"}
RESULT: {"using":"xpath","value":"//span[(text() = 'null' or . = 'null')]"}
COMMAND: POST /session/cd4e213f90090bc7497a341d701e98a6/elements - {"using":"xpath","value":"//span[(text() = 'null' or . = 'null')]"}
RESULT: {"using":"xpath","value":"//span[(text() = 'null' or . = 'null')]"}
COMMAND: POST /session/cd4e213f90090bc7497a341d701e98a6/elements - {"using":"xpath","value":"//span[(text() = 'null' or . = 'null')]"}
RESULT: {"using":"xpath","value":"//span[(text() = 'null' or . = 'null')]"}
COMMAND: POST /session/cd4e213f90090bc7497a341d701e98a6/elements - {"using":"xpath","value":"//span[(text() = 'null' or . = 'null')]"}
RESULT: {"using":"xpath","value":"//span[(text() = 'null' or . = 'null')]"}
COMMAND: POST /session/cd4e213f90090bc7497a341d701e98a6/elements - {"using":"xpath","value":"//span[(text() = 'null' or . = 'null')]"}
RESULT: {"using":"xpath","value":"//span[(text() = 'null' or . = 'null')]"}
COMMAND: POST /session/cd4e213f90090bc7497a341d701e98a6/elements - {"using":"xpath","value":"//span[(text() = 'null' or . = 'null')]"}
RESULT: {"using":"xpath","value":"//span[(text() = 'null' or . = 'null')]"}
COMMAND: POST /session/cd4e213f90090bc7497a341d701e98a6/elements - {"using":"xpath","value":"//span[(text() = 'null' or . = 'null')]"}
RESULT: {"using":"xpath","value":"//span[(text() = 'null' or . = 'null')]"}
COMMAND: POST /session/cd4e213f90090bc7497a341d701e98a6/elements - {"using":"xpath","value":"//span[(text() = 'null' or . = 'null')]"}
RESULT: {"using":"xpath","value":"//span[(text() = 'null' or . = 'null')]"}
COMMAND: POST /session/cd4e213f90090bc7497a341d701e98a6/elements - {"using":"xpath","value":"//span[(text() = 'null' or . = 'null')]"}
RESULT: {"using":"xpath","value":"//span[(text() = 'null' or . = 'null')]"}
COMMAND: POST /session/cd4e213f90090bc7497a341d701e98a6/elements - {"using":"xpath","value":"//span[(text() = 'null' or . = 'null')]"}
RESULT: {"using":"xpath","value":"//span[(text() = 'null' or . = 'null')]"}
COMMAND: POST /session/cd4e213f90090bc7497a341d701e98a6/elements - {"using":"xpath","value":"//span[(text() = 'null' or . = 'null')]"}
RESULT: {"using":"xpath","value":"//span[(text() = 'null' or . = 'null')]"}
COMMAND: POST /session/cd4e213f90090bc7497a341d701e98a6/elements - {"using":"xpath","value":"//span[(text() = 'null' or . = 'null')]"}
RESULT: {"using":"xpath","value":"//span[(text() = 'null' or . = 'null')]"}
COMMAND: POST /session/cd4e213f90090bc7497a341d701e98a6/elements - {"using":"xpath","value":"//span[(text() = 'null' or . = 'null')]"}
RESULT: {"using":"xpath","value":"//span[(text() = 'null' or . = 'null')]"}
COMMAND: POST /session/cd4e213f90090bc7497a341d701e98a6/elements - {"using":"xpath","value":"//span[(text() = 'null' or . = 'null')]"}
RESULT: {"using":"xpath","value":"//span[(text() = 'null' or . = 'null')]"}
COMMAND: POST /session/cd4e213f90090bc7497a341d701e98a6/elements - {"using":"xpath","value":"//span[(text() = 'null' or . = 'null')]"}
RESULT: {"using":"xpath","value":"//span[(text() = 'null' or . = 'null')]"}
COMMAND: POST /session/cd4e213f90090bc7497a341d701e98a6/elements - {"using":"xpath","value":"//span[(text() = 'null' or . = 'null')]"}
RESULT: {"using":"xpath","value":"//span[(text() = 'null' or . = 'null')]"}
COMMAND: POST /session/cd4e213f90090bc7497a341d701e98a6/elements - {"using":"xpath","value":"//span[(text() = 'null' or . = 'null')]"}
RESULT: {"using":"xpath","value":"//span[(text() = 'null' or . = 'null')]"}
COMMAND: POST /session/cd4e213f90090bc7497a341d701e98a6/elements - {"using":"xpath","value":"//span[(text() = 'null' or . = 'null')]"}
RESULT: {"using":"xpath","value":"//span[(text() = 'null' or . = 'null')]"}
COMMAND: POST /session/cd4e213f90090bc7497a341d701e98a6/elements - {"using":"xpath","value":"//span[(text() = 'null' or . = 'null')]"}
RESULT: {"using":"xpath","value":"//span[(text() = 'null' or . = 'null')]"}
COMMAND: POST /session/cd4e213f90090bc7497a341d701e98a6/elements - {"using":"xpath","value":"//span[(text() = 'null' or . = 'null')]"}
RESULT: {"using":"xpath","value":"//span[(text() = 'null' or . = 'null')]"}
COMMAND: POST /session/cd4e213f90090bc7497a341d701e98a6/elements - {"using":"xpath","value":"//span[(text() = 'null' or . = 'null')]"}
RESULT: {"using":"xpath","value":"//span[(text() = 'null' or . = 'null')]"}
COMMAND: POST /session/cd4e213f90090bc7497a341d701e98a6/elements - {"using":"xpath","value":"//span[(text() = 'null' or . = 'null')]"}
RESULT: {"using":"xpath","value":"//span[(text() = 'null' or . = 'null')]"}
COMMAND: POST /session/cd4e213f90090bc7497a341d701e98a6/elements - {"using":"xpath","value":"//span[(text() = 'null' or . = 'null')]"}
RESULT: {"using":"xpath","value":"//span[(text() = 'null' or . = 'null')]"}
COMMAND: POST /session/cd4e213f90090bc7497a341d701e98a6/elements - {"using":"xpath","value":"//span[(text() = 'null' or . = 'null')]"}
RESULT: {"using":"xpath","value":"//span[(text() = 'null' or . = 'null')]"}
COMMAND: POST /session/cd4e213f90090bc7497a341d701e98a6/elements - {"using":"xpath","value":"//span[(text() = 'null' or . = 'null')]"}
RESULT: {"using":"xpath","value":"//span[(text() = 'null' or . = 'null')]"}
COMMAND: POST /session/cd4e213f90090bc7497a341d701e98a6/elements - {"using":"xpath","value":"//span[(text() = 'null' or . = 'null')]"}
RESULT: {"using":"xpath","value":"//span[(text() = 'null' or . = 'null')]"}
COMMAND: POST /session/cd4e213f90090bc7497a341d701e98a6/elements - {"using":"xpath","value":"//span[(text() = 'null' or . = 'null')]"}
RESULT: {"using":"xpath","value":"//span[(text() = 'null' or . = 'null')]"}
COMMAND: POST /session/cd4e213f90090bc7497a341d701e98a6/elements - {"using":"xpath","value":"//span[(text() = 'null' or . = 'null')]"}
RESULT: {"using":"xpath","value":"//span[(text() = 'null' or . = 'null')]"}
COMMAND: POST /session/cd4e213f90090bc7497a341d701e98a6/elements - {"using":"xpath","value":"//span[(text() = 'null' or . = 'null')]"}
RESULT: {"using":"xpath","value":"//span[(text() = 'null' or . = 'null')]"}
COMMAND: POST /session/cd4e213f90090bc7497a341d701e98a6/elements - {"using":"xpath","value":"//span[(text() = 'null' or . = 'null')]"}
RESULT: {"using":"xpath","value":"//span[(text() = 'null' or . = 'null')]"}
COMMAND: POST /session/cd4e213f90090bc7497a341d701e98a6/elements - {"using":"xpath","value":"//span[(text() = 'null' or . = 'null')]"}
RESULT: {"using":"xpath","value":"//span[(text() = 'null' or . = 'null')]"}
COMMAND: POST /session/cd4e213f90090bc7497a341d701e98a6/elements - {"using":"xpath","value":"//span[(text() = 'null' or . = 'null')]"}
RESULT: {"using":"xpath","value":"//span[(text() = 'null' or . = 'null')]"}
COMMAND: POST /session/cd4e213f90090bc7497a341d701e98a6/elements - {"using":"xpath","value":"//span[(text() = 'null' or . = 'null')]"}
RESULT: {"using":"xpath","value":"//span[(text() = 'null' or . = 'null')]"}
COMMAND: POST /session/cd4e213f90090bc7497a341d701e98a6/elements - {"using":"xpath","value":"//span[(text() = 'null' or . = 'null')]"}
RESULT: {"using":"xpath","value":"//span[(text() = 'null' or . = 'null')]"}
COMMAND: POST /session/cd4e213f90090bc7497a341d701e98a6/elements - {"using":"xpath","value":"//span[(text() = 'null' or . = 'null')]"}
RESULT: {"using":"xpath","value":"//span[(text() = 'null' or . = 'null')]"}
COMMAND: POST /session/cd4e213f90090bc7497a341d701e98a6/elements - {"using":"xpath","value":"//span[(text() = 'null' or . = 'null')]"}
RESULT: {"using":"xpath","value":"//span[(text() = 'null' or . = 'null')]"}
COMMAND: POST /session/cd4e213f90090bc7497a341d701e98a6/elements - {"using":"xpath","value":"//span[(text() = 'null' or . = 'null')]"}
RESULT: {"using":"xpath","value":"//span[(text() = 'null' or . = 'null')]"}
COMMAND: POST /session/cd4e213f90090bc7497a341d701e98a6/elements - {"using":"xpath","value":"//span[(text() = 'null' or . = 'null')]"}
RESULT: {"using":"xpath","value":"//span[(text() = 'null' or . = 'null')]"}
COMMAND: POST /session/cd4e213f90090bc7497a341d701e98a6/elements - {"using":"xpath","value":"//span[(text() = 'null' or . = 'null')]"}
RESULT: {"using":"xpath","value":"//span[(text() = 'null' or . = 'null')]"}
COMMAND: POST /session/cd4e213f90090bc7497a341d701e98a6/elements - {"using":"xpath","value":"//span[(text() = 'null' or . = 'null')]"}
RESULT: {"using":"xpath","value":"//span[(text() = 'null' or . = 'null')]"}
COMMAND: POST /session/cd4e213f90090bc7497a341d701e98a6/elements - {"using":"xpath","value":"//span[(text() = 'null' or . = 'null')]"}
RESULT: {"using":"xpath","value":"//span[(text() = 'null' or . = 'null')]"}
COMMAND: POST /session/cd4e213f90090bc7497a341d701e98a6/elements - {"using":"xpath","value":"//span[(text() = 'null' or . = 'null')]"}
RESULT: {"using":"xpath","value":"//span[(text() = 'null' or . = 'null')]"}
COMMAND: POST /session/cd4e213f90090bc7497a341d701e98a6/elements - {"using":"xpath","value":"//span[(text() = 'null' or . = 'null')]"}
RESULT: {"using":"xpath","value":"//span[(text() = 'null' or . = 'null')]"}
COMMAND: POST /session/cd4e213f90090bc7497a341d701e98a6/elements - {"using":"xpath","value":"//span[(text() = 'null' or . = 'null')]"}
RESULT: {"using":"xpath","value":"//span[(text() = 'null' or . = 'null')]"}
COMMAND: POST /session/cd4e213f90090bc7497a341d701e98a6/elements - {"using":"xpath","value":"//span[(text() = 'null' or . = 'null')]"}
RESULT: {"using":"xpath","value":"//span[(text() = 'null' or . = 'null')]"}
COMMAND: POST /session/cd4e213f90090bc7497a341d701e98a6/elements - {"using":"xpath","value":"//span[(text() = 'null' or . = 'null')]"}
RESULT: {"using":"xpath","value":"//span[(text() = 'null' or . = 'null')]"}
COMMAND: POST /session/cd4e213f90090bc7497a341d701e98a6/elements - {"using":"xpath","value":"//span[(text() = 'null' or . = 'null')]"}
RESULT: {"using":"xpath","value":"//span[(text() = 'null' or . = 'null')]"}
COMMAND: POST /session/cd4e213f90090bc7497a341d701e98a6/elements - {"using":"xpath","value":"//span[(text() = 'null' or . = 'null')]"}
RESULT: {"using":"xpath","value":"//span[(text() = 'null' or . = 'null')]"}
COMMAND: POST /session/cd4e213f90090bc7497a341d701e98a6/elements - {"using":"xpath","value":"//span[(text() = 'null' or . = 'null')]"}
RESULT: {"using":"xpath","value":"//span[(text() = 'null' or . = 'null')]"}
COMMAND: GET /session/cd4e213f90090bc7497a341d701e98a6/screenshot - {}
RESULT: {}
]]></system-out>
      <system-err><![CDATA[
Error: Can't call click on element with selector "//span[(text() = 'null' or . = 'null')]" because element wasn't found
    at async Context.<anonymous> (D:\a\1\s\test\specs\HTR\return-from-site-w-warehouse-management-w-clarification.spec.js:393:9)
]]></system-err>
    </testcase>
    <testcase classname="chrome.136_0_7103_93.windows.Return_from_Site_w/_warehouse_management_w_clarification" name="Should do a return to site from the contracts screen in one step" time="60.444">
      <failure/>
      <error message="element (&quot;//button[@data-kt=&quot;addButton&quot;]&quot;) still not existing after 45000ms"/>
      <system-out><![CDATA[
RESULT: undefined
COMMAND: GET /session/cd4e213f90090bc7497a341d701e98a6/screenshot - {}
RESULT: {}
COMMAND: POST /session/cd4e213f90090bc7497a341d701e98a6/elements - {"using":"xpath","value":"//span[text()='Error']"}
RESULT: {"using":"xpath","value":"//span[text()='Error']"}
COMMAND: POST /session/cd4e213f90090bc7497a341d701e98a6/element - {"using":"xpath","value":"//button[@data-kt=\"addButton\"]"}
RESULT: {"using":"xpath","value":"//button[@data-kt=\"addButton\"]"}
COMMAND: POST /session/cd4e213f90090bc7497a341d701e98a6/elements - {"using":"xpath","value":"//button[@data-kt=\"addButton\"]"}
RESULT: {"using":"xpath","value":"//button[@data-kt=\"addButton\"]"}
COMMAND: POST /session/cd4e213f90090bc7497a341d701e98a6/elements - {"using":"xpath","value":"//button[@data-kt=\"addButton\"]"}
RESULT: {"using":"xpath","value":"//button[@data-kt=\"addButton\"]"}
COMMAND: POST /session/cd4e213f90090bc7497a341d701e98a6/elements - {"using":"xpath","value":"//button[@data-kt=\"addButton\"]"}
RESULT: {"using":"xpath","value":"//button[@data-kt=\"addButton\"]"}
COMMAND: POST /session/cd4e213f90090bc7497a341d701e98a6/elements - {"using":"xpath","value":"//button[@data-kt=\"addButton\"]"}
RESULT: {"using":"xpath","value":"//button[@data-kt=\"addButton\"]"}
COMMAND: POST /session/cd4e213f90090bc7497a341d701e98a6/elements - {"using":"xpath","value":"//button[@data-kt=\"addButton\"]"}
RESULT: {"using":"xpath","value":"//button[@data-kt=\"addButton\"]"}
COMMAND: POST /session/cd4e213f90090bc7497a341d701e98a6/elements - {"using":"xpath","value":"//button[@data-kt=\"addButton\"]"}
RESULT: {"using":"xpath","value":"//button[@data-kt=\"addButton\"]"}
COMMAND: POST /session/cd4e213f90090bc7497a341d701e98a6/elements - {"using":"xpath","value":"//button[@data-kt=\"addButton\"]"}
RESULT: {"using":"xpath","value":"//button[@data-kt=\"addButton\"]"}
COMMAND: POST /session/cd4e213f90090bc7497a341d701e98a6/elements - {"using":"xpath","value":"//button[@data-kt=\"addButton\"]"}
RESULT: {"using":"xpath","value":"//button[@data-kt=\"addButton\"]"}
COMMAND: POST /session/cd4e213f90090bc7497a341d701e98a6/elements - {"using":"xpath","value":"//button[@data-kt=\"addButton\"]"}
RESULT: {"using":"xpath","value":"//button[@data-kt=\"addButton\"]"}
COMMAND: POST /session/cd4e213f90090bc7497a341d701e98a6/elements - {"using":"xpath","value":"//button[@data-kt=\"addButton\"]"}
RESULT: {"using":"xpath","value":"//button[@data-kt=\"addButton\"]"}
COMMAND: POST /session/cd4e213f90090bc7497a341d701e98a6/elements - {"using":"xpath","value":"//button[@data-kt=\"addButton\"]"}
RESULT: {"using":"xpath","value":"//button[@data-kt=\"addButton\"]"}
COMMAND: POST /session/cd4e213f90090bc7497a341d701e98a6/elements - {"using":"xpath","value":"//button[@data-kt=\"addButton\"]"}
RESULT: {"using":"xpath","value":"//button[@data-kt=\"addButton\"]"}
COMMAND: POST /session/cd4e213f90090bc7497a341d701e98a6/elements - {"using":"xpath","value":"//button[@data-kt=\"addButton\"]"}
RESULT: {"using":"xpath","value":"//button[@data-kt=\"addButton\"]"}
COMMAND: POST /session/cd4e213f90090bc7497a341d701e98a6/elements - {"using":"xpath","value":"//button[@data-kt=\"addButton\"]"}
RESULT: {"using":"xpath","value":"//button[@data-kt=\"addButton\"]"}
COMMAND: POST /session/cd4e213f90090bc7497a341d701e98a6/elements - {"using":"xpath","value":"//button[@data-kt=\"addButton\"]"}
RESULT: {"using":"xpath","value":"//button[@data-kt=\"addButton\"]"}
COMMAND: POST /session/cd4e213f90090bc7497a341d701e98a6/elements - {"using":"xpath","value":"//button[@data-kt=\"addButton\"]"}
RESULT: {"using":"xpath","value":"//button[@data-kt=\"addButton\"]"}
COMMAND: POST /session/cd4e213f90090bc7497a341d701e98a6/elements - {"using":"xpath","value":"//button[@data-kt=\"addButton\"]"}
RESULT: {"using":"xpath","value":"//button[@data-kt=\"addButton\"]"}
COMMAND: POST /session/cd4e213f90090bc7497a341d701e98a6/elements - {"using":"xpath","value":"//button[@data-kt=\"addButton\"]"}
RESULT: {"using":"xpath","value":"//button[@data-kt=\"addButton\"]"}
COMMAND: POST /session/cd4e213f90090bc7497a341d701e98a6/elements - {"using":"xpath","value":"//button[@data-kt=\"addButton\"]"}
RESULT: {"using":"xpath","value":"//button[@data-kt=\"addButton\"]"}
COMMAND: POST /session/cd4e213f90090bc7497a341d701e98a6/elements - {"using":"xpath","value":"//button[@data-kt=\"addButton\"]"}
RESULT: {"using":"xpath","value":"//button[@data-kt=\"addButton\"]"}
COMMAND: POST /session/cd4e213f90090bc7497a341d701e98a6/elements - {"using":"xpath","value":"//button[@data-kt=\"addButton\"]"}
RESULT: {"using":"xpath","value":"//button[@data-kt=\"addButton\"]"}
COMMAND: POST /session/cd4e213f90090bc7497a341d701e98a6/elements - {"using":"xpath","value":"//button[@data-kt=\"addButton\"]"}
RESULT: {"using":"xpath","value":"//button[@data-kt=\"addButton\"]"}
COMMAND: POST /session/cd4e213f90090bc7497a341d701e98a6/elements - {"using":"xpath","value":"//button[@data-kt=\"addButton\"]"}
RESULT: {"using":"xpath","value":"//button[@data-kt=\"addButton\"]"}
COMMAND: POST /session/cd4e213f90090bc7497a341d701e98a6/elements - {"using":"xpath","value":"//button[@data-kt=\"addButton\"]"}
RESULT: {"using":"xpath","value":"//button[@data-kt=\"addButton\"]"}
COMMAND: POST /session/cd4e213f90090bc7497a341d701e98a6/elements - {"using":"xpath","value":"//button[@data-kt=\"addButton\"]"}
RESULT: {"using":"xpath","value":"//button[@data-kt=\"addButton\"]"}
COMMAND: POST /session/cd4e213f90090bc7497a341d701e98a6/elements - {"using":"xpath","value":"//button[@data-kt=\"addButton\"]"}
RESULT: {"using":"xpath","value":"//button[@data-kt=\"addButton\"]"}
COMMAND: POST /session/cd4e213f90090bc7497a341d701e98a6/elements - {"using":"xpath","value":"//button[@data-kt=\"addButton\"]"}
RESULT: {"using":"xpath","value":"//button[@data-kt=\"addButton\"]"}
COMMAND: POST /session/cd4e213f90090bc7497a341d701e98a6/elements - {"using":"xpath","value":"//button[@data-kt=\"addButton\"]"}
RESULT: {"using":"xpath","value":"//button[@data-kt=\"addButton\"]"}
COMMAND: POST /session/cd4e213f90090bc7497a341d701e98a6/elements - {"using":"xpath","value":"//button[@data-kt=\"addButton\"]"}
RESULT: {"using":"xpath","value":"//button[@data-kt=\"addButton\"]"}
COMMAND: POST /session/cd4e213f90090bc7497a341d701e98a6/elements - {"using":"xpath","value":"//button[@data-kt=\"addButton\"]"}
RESULT: {"using":"xpath","value":"//button[@data-kt=\"addButton\"]"}
COMMAND: POST /session/cd4e213f90090bc7497a341d701e98a6/elements - {"using":"xpath","value":"//button[@data-kt=\"addButton\"]"}
RESULT: {"using":"xpath","value":"//button[@data-kt=\"addButton\"]"}
COMMAND: POST /session/cd4e213f90090bc7497a341d701e98a6/elements - {"using":"xpath","value":"//button[@data-kt=\"addButton\"]"}
RESULT: {"using":"xpath","value":"//button[@data-kt=\"addButton\"]"}
COMMAND: POST /session/cd4e213f90090bc7497a341d701e98a6/elements - {"using":"xpath","value":"//button[@data-kt=\"addButton\"]"}
RESULT: {"using":"xpath","value":"//button[@data-kt=\"addButton\"]"}
COMMAND: POST /session/cd4e213f90090bc7497a341d701e98a6/elements - {"using":"xpath","value":"//button[@data-kt=\"addButton\"]"}
RESULT: {"using":"xpath","value":"//button[@data-kt=\"addButton\"]"}
COMMAND: POST /session/cd4e213f90090bc7497a341d701e98a6/elements - {"using":"xpath","value":"//button[@data-kt=\"addButton\"]"}
RESULT: {"using":"xpath","value":"//button[@data-kt=\"addButton\"]"}
COMMAND: POST /session/cd4e213f90090bc7497a341d701e98a6/elements - {"using":"xpath","value":"//button[@data-kt=\"addButton\"]"}
RESULT: {"using":"xpath","value":"//button[@data-kt=\"addButton\"]"}
COMMAND: POST /session/cd4e213f90090bc7497a341d701e98a6/elements - {"using":"xpath","value":"//button[@data-kt=\"addButton\"]"}
RESULT: {"using":"xpath","value":"//button[@data-kt=\"addButton\"]"}
COMMAND: POST /session/cd4e213f90090bc7497a341d701e98a6/elements - {"using":"xpath","value":"//button[@data-kt=\"addButton\"]"}
RESULT: {"using":"xpath","value":"//button[@data-kt=\"addButton\"]"}
COMMAND: POST /session/cd4e213f90090bc7497a341d701e98a6/elements - {"using":"xpath","value":"//button[@data-kt=\"addButton\"]"}
RESULT: {"using":"xpath","value":"//button[@data-kt=\"addButton\"]"}
COMMAND: POST /session/cd4e213f90090bc7497a341d701e98a6/elements - {"using":"xpath","value":"//button[@data-kt=\"addButton\"]"}
RESULT: {"using":"xpath","value":"//button[@data-kt=\"addButton\"]"}
COMMAND: POST /session/cd4e213f90090bc7497a341d701e98a6/elements - {"using":"xpath","value":"//button[@data-kt=\"addButton\"]"}
RESULT: {"using":"xpath","value":"//button[@data-kt=\"addButton\"]"}
COMMAND: POST /session/cd4e213f90090bc7497a341d701e98a6/elements - {"using":"xpath","value":"//button[@data-kt=\"addButton\"]"}
RESULT: {"using":"xpath","value":"//button[@data-kt=\"addButton\"]"}
COMMAND: POST /session/cd4e213f90090bc7497a341d701e98a6/elements - {"using":"xpath","value":"//button[@data-kt=\"addButton\"]"}
RESULT: {"using":"xpath","value":"//button[@data-kt=\"addButton\"]"}
COMMAND: POST /session/cd4e213f90090bc7497a341d701e98a6/elements - {"using":"xpath","value":"//button[@data-kt=\"addButton\"]"}
RESULT: {"using":"xpath","value":"//button[@data-kt=\"addButton\"]"}
COMMAND: POST /session/cd4e213f90090bc7497a341d701e98a6/elements - {"using":"xpath","value":"//button[@data-kt=\"addButton\"]"}
RESULT: {"using":"xpath","value":"//button[@data-kt=\"addButton\"]"}
COMMAND: POST /session/cd4e213f90090bc7497a341d701e98a6/elements - {"using":"xpath","value":"//button[@data-kt=\"addButton\"]"}
RESULT: {"using":"xpath","value":"//button[@data-kt=\"addButton\"]"}
COMMAND: POST /session/cd4e213f90090bc7497a341d701e98a6/elements - {"using":"xpath","value":"//button[@data-kt=\"addButton\"]"}
RESULT: {"using":"xpath","value":"//button[@data-kt=\"addButton\"]"}
COMMAND: POST /session/cd4e213f90090bc7497a341d701e98a6/elements - {"using":"xpath","value":"//button[@data-kt=\"addButton\"]"}
RESULT: {"using":"xpath","value":"//button[@data-kt=\"addButton\"]"}
COMMAND: POST /session/cd4e213f90090bc7497a341d701e98a6/elements - {"using":"xpath","value":"//button[@data-kt=\"addButton\"]"}
RESULT: {"using":"xpath","value":"//button[@data-kt=\"addButton\"]"}
COMMAND: POST /session/cd4e213f90090bc7497a341d701e98a6/elements - {"using":"xpath","value":"//button[@data-kt=\"addButton\"]"}
RESULT: {"using":"xpath","value":"//button[@data-kt=\"addButton\"]"}
COMMAND: POST /session/cd4e213f90090bc7497a341d701e98a6/elements - {"using":"xpath","value":"//button[@data-kt=\"addButton\"]"}
RESULT: {"using":"xpath","value":"//button[@data-kt=\"addButton\"]"}
COMMAND: POST /session/cd4e213f90090bc7497a341d701e98a6/elements - {"using":"xpath","value":"//button[@data-kt=\"addButton\"]"}
RESULT: {"using":"xpath","value":"//button[@data-kt=\"addButton\"]"}
COMMAND: POST /session/cd4e213f90090bc7497a341d701e98a6/elements - {"using":"xpath","value":"//button[@data-kt=\"addButton\"]"}
RESULT: {"using":"xpath","value":"//button[@data-kt=\"addButton\"]"}
COMMAND: POST /session/cd4e213f90090bc7497a341d701e98a6/elements - {"using":"xpath","value":"//button[@data-kt=\"addButton\"]"}
RESULT: {"using":"xpath","value":"//button[@data-kt=\"addButton\"]"}
COMMAND: POST /session/cd4e213f90090bc7497a341d701e98a6/elements - {"using":"xpath","value":"//button[@data-kt=\"addButton\"]"}
RESULT: {"using":"xpath","value":"//button[@data-kt=\"addButton\"]"}
COMMAND: POST /session/cd4e213f90090bc7497a341d701e98a6/elements - {"using":"xpath","value":"//button[@data-kt=\"addButton\"]"}
RESULT: {"using":"xpath","value":"//button[@data-kt=\"addButton\"]"}
COMMAND: POST /session/cd4e213f90090bc7497a341d701e98a6/elements - {"using":"xpath","value":"//button[@data-kt=\"addButton\"]"}
RESULT: {"using":"xpath","value":"//button[@data-kt=\"addButton\"]"}
COMMAND: POST /session/cd4e213f90090bc7497a341d701e98a6/elements - {"using":"xpath","value":"//button[@data-kt=\"addButton\"]"}
RESULT: {"using":"xpath","value":"//button[@data-kt=\"addButton\"]"}
COMMAND: POST /session/cd4e213f90090bc7497a341d701e98a6/elements - {"using":"xpath","value":"//button[@data-kt=\"addButton\"]"}
RESULT: {"using":"xpath","value":"//button[@data-kt=\"addButton\"]"}
COMMAND: POST /session/cd4e213f90090bc7497a341d701e98a6/elements - {"using":"xpath","value":"//button[@data-kt=\"addButton\"]"}
RESULT: {"using":"xpath","value":"//button[@data-kt=\"addButton\"]"}
COMMAND: POST /session/cd4e213f90090bc7497a341d701e98a6/elements - {"using":"xpath","value":"//button[@data-kt=\"addButton\"]"}
RESULT: {"using":"xpath","value":"//button[@data-kt=\"addButton\"]"}
COMMAND: POST /session/cd4e213f90090bc7497a341d701e98a6/elements - {"using":"xpath","value":"//button[@data-kt=\"addButton\"]"}
RESULT: {"using":"xpath","value":"//button[@data-kt=\"addButton\"]"}
COMMAND: POST /session/cd4e213f90090bc7497a341d701e98a6/elements - {"using":"xpath","value":"//button[@data-kt=\"addButton\"]"}
RESULT: {"using":"xpath","value":"//button[@data-kt=\"addButton\"]"}
COMMAND: POST /session/cd4e213f90090bc7497a341d701e98a6/elements - {"using":"xpath","value":"//button[@data-kt=\"addButton\"]"}
RESULT: {"using":"xpath","value":"//button[@data-kt=\"addButton\"]"}
COMMAND: POST /session/cd4e213f90090bc7497a341d701e98a6/elements - {"using":"xpath","value":"//button[@data-kt=\"addButton\"]"}
RESULT: {"using":"xpath","value":"//button[@data-kt=\"addButton\"]"}
COMMAND: POST /session/cd4e213f90090bc7497a341d701e98a6/elements - {"using":"xpath","value":"//button[@data-kt=\"addButton\"]"}
RESULT: {"using":"xpath","value":"//button[@data-kt=\"addButton\"]"}
COMMAND: POST /session/cd4e213f90090bc7497a341d701e98a6/elements - {"using":"xpath","value":"//button[@data-kt=\"addButton\"]"}
RESULT: {"using":"xpath","value":"//button[@data-kt=\"addButton\"]"}
COMMAND: POST /session/cd4e213f90090bc7497a341d701e98a6/elements - {"using":"xpath","value":"//button[@data-kt=\"addButton\"]"}
RESULT: {"using":"xpath","value":"//button[@data-kt=\"addButton\"]"}
COMMAND: POST /session/cd4e213f90090bc7497a341d701e98a6/elements - {"using":"xpath","value":"//button[@data-kt=\"addButton\"]"}
RESULT: {"using":"xpath","value":"//button[@data-kt=\"addButton\"]"}
COMMAND: POST /session/cd4e213f90090bc7497a341d701e98a6/elements - {"using":"xpath","value":"//button[@data-kt=\"addButton\"]"}
RESULT: {"using":"xpath","value":"//button[@data-kt=\"addButton\"]"}
COMMAND: POST /session/cd4e213f90090bc7497a341d701e98a6/elements - {"using":"xpath","value":"//button[@data-kt=\"addButton\"]"}
RESULT: {"using":"xpath","value":"//button[@data-kt=\"addButton\"]"}
COMMAND: POST /session/cd4e213f90090bc7497a341d701e98a6/elements - {"using":"xpath","value":"//button[@data-kt=\"addButton\"]"}
RESULT: {"using":"xpath","value":"//button[@data-kt=\"addButton\"]"}
COMMAND: POST /session/cd4e213f90090bc7497a341d701e98a6/elements - {"using":"xpath","value":"//button[@data-kt=\"addButton\"]"}
RESULT: {"using":"xpath","value":"//button[@data-kt=\"addButton\"]"}
COMMAND: POST /session/cd4e213f90090bc7497a341d701e98a6/elements - {"using":"xpath","value":"//button[@data-kt=\"addButton\"]"}
RESULT: {"using":"xpath","value":"//button[@data-kt=\"addButton\"]"}
COMMAND: POST /session/cd4e213f90090bc7497a341d701e98a6/elements - {"using":"xpath","value":"//button[@data-kt=\"addButton\"]"}
RESULT: {"using":"xpath","value":"//button[@data-kt=\"addButton\"]"}
COMMAND: POST /session/cd4e213f90090bc7497a341d701e98a6/elements - {"using":"xpath","value":"//button[@data-kt=\"addButton\"]"}
RESULT: {"using":"xpath","value":"//button[@data-kt=\"addButton\"]"}
COMMAND: POST /session/cd4e213f90090bc7497a341d701e98a6/elements - {"using":"xpath","value":"//button[@data-kt=\"addButton\"]"}
RESULT: {"using":"xpath","value":"//button[@data-kt=\"addButton\"]"}
COMMAND: POST /session/cd4e213f90090bc7497a341d701e98a6/elements - {"using":"xpath","value":"//button[@data-kt=\"addButton\"]"}
RESULT: {"using":"xpath","value":"//button[@data-kt=\"addButton\"]"}
COMMAND: POST /session/cd4e213f90090bc7497a341d701e98a6/elements - {"using":"xpath","value":"//button[@data-kt=\"addButton\"]"}
RESULT: {"using":"xpath","value":"//button[@data-kt=\"addButton\"]"}
COMMAND: POST /session/cd4e213f90090bc7497a341d701e98a6/elements - {"using":"xpath","value":"//button[@data-kt=\"addButton\"]"}
RESULT: {"using":"xpath","value":"//button[@data-kt=\"addButton\"]"}
COMMAND: POST /session/cd4e213f90090bc7497a341d701e98a6/elements - {"using":"xpath","value":"//button[@data-kt=\"addButton\"]"}
RESULT: {"using":"xpath","value":"//button[@data-kt=\"addButton\"]"}
COMMAND: POST /session/cd4e213f90090bc7497a341d701e98a6/elements - {"using":"xpath","value":"//button[@data-kt=\"addButton\"]"}
RESULT: {"using":"xpath","value":"//button[@data-kt=\"addButton\"]"}
COMMAND: POST /session/cd4e213f90090bc7497a341d701e98a6/elements - {"using":"xpath","value":"//button[@data-kt=\"addButton\"]"}
RESULT: {"using":"xpath","value":"//button[@data-kt=\"addButton\"]"}
COMMAND: POST /session/cd4e213f90090bc7497a341d701e98a6/elements - {"using":"xpath","value":"//button[@data-kt=\"addButton\"]"}
RESULT: {"using":"xpath","value":"//button[@data-kt=\"addButton\"]"}
COMMAND: POST /session/cd4e213f90090bc7497a341d701e98a6/elements - {"using":"xpath","value":"//button[@data-kt=\"addButton\"]"}
RESULT: {"using":"xpath","value":"//button[@data-kt=\"addButton\"]"}
COMMAND: POST /session/cd4e213f90090bc7497a341d701e98a6/elements - {"using":"xpath","value":"//button[@data-kt=\"addButton\"]"}
RESULT: {"using":"xpath","value":"//button[@data-kt=\"addButton\"]"}
COMMAND: POST /session/cd4e213f90090bc7497a341d701e98a6/elements - {"using":"xpath","value":"//button[@data-kt=\"addButton\"]"}
RESULT: {"using":"xpath","value":"//button[@data-kt=\"addButton\"]"}
COMMAND: POST /session/cd4e213f90090bc7497a341d701e98a6/elements - {"using":"xpath","value":"//button[@data-kt=\"addButton\"]"}
RESULT: {"using":"xpath","value":"//button[@data-kt=\"addButton\"]"}
COMMAND: POST /session/cd4e213f90090bc7497a341d701e98a6/elements - {"using":"xpath","value":"//button[@data-kt=\"addButton\"]"}
RESULT: {"using":"xpath","value":"//button[@data-kt=\"addButton\"]"}
COMMAND: POST /session/cd4e213f90090bc7497a341d701e98a6/elements - {"using":"xpath","value":"//button[@data-kt=\"addButton\"]"}
RESULT: {"using":"xpath","value":"//button[@data-kt=\"addButton\"]"}
COMMAND: GET /session/cd4e213f90090bc7497a341d701e98a6/screenshot - {}
RESULT: {}
COMMAND: POST /session/cd4e213f90090bc7497a341d701e98a6/element - {"using":"css selector","value":"#j_username"}
COMMAND: POST /session/cd4e213f90090bc7497a341d701e98a6/url - {"url":"https://qa-testing-00-live-etm-ui.cfapps.eu10-004.hana.ondemand.com/"}
COMMAND: GET /session/cd4e213f90090bc7497a341d701e98a6/screenshot - {}
COMMAND: GET /session/cd4e213f90090bc7497a341d701e98a6/screenshot - {}
RESULT: {"using":"css selector","value":"#j_username"}
COMMAND: POST /session/cd4e213f90090bc7497a341d701e98a6/element - {"using":"css selector","value":"#j_username"}
RESULT: {"url":"https://qa-testing-00-live-etm-ui.cfapps.eu10-004.hana.ondemand.com/"}
RESULT: undefined
COMMAND: GET /session/cd4e213f90090bc7497a341d701e98a6/screenshot - {}
RESULT: {}
RESULT: {}
RESULT: {"using":"css selector","value":"#j_username"}
COMMAND: POST /session/cd4e213f90090bc7497a341d701e98a6/element - {"using":"css selector","value":"#shell-header-logo"}
RESULT: {}
RESULT: {"using":"css selector","value":"#shell-header-logo"}
COMMAND: POST /session/cd4e213f90090bc7497a341d701e98a6/execute/sync - {"script":"<script> [8489 bytes]","args":[{"element-6066-11e4-a52e-4f735466cecf":"f.3EFE59E47BCAC700A535F57DF4769BD4.d.050B80B14FBC81AE3CCB10532DFAE159.e.13005","ELEMENT":"f.3EFE59E47BCAC700A535F57DF4769BD4.d.050B80B14FBC81AE3CCB10532DFAE159.e.13005"}]}
RESULT: {"script":"<script> [8489 bytes]","args":[{"element-6066-11e4-a52e-4f735466cecf":"f.3EFE59E47BCAC700A535F57DF4769BD4.d.050B80B14FBC81AE3CCB10532DFAE159.e.13005","ELEMENT":"f.3EFE59E47BCAC700A535F57DF4769BD4.d.050B80B14FBC81AE3CCB10532DFAE159.e.13005"}]}
COMMAND: POST /session/cd4e213f90090bc7497a341d701e98a6/element - {"using":"css selector","value":"#shell-header-logo"}
COMMAND: GET /session/cd4e213f90090bc7497a341d701e98a6/screenshot - {}
RESULT: {"using":"css selector","value":"#shell-header-logo"}
COMMAND: POST /session/cd4e213f90090bc7497a341d701e98a6/execute/sync - {"script":"<script> [8489 bytes]","args":[{"element-6066-11e4-a52e-4f735466cecf":"f.3EFE59E47BCAC700A535F57DF4769BD4.d.050B80B14FBC81AE3CCB10532DFAE159.e.13005","ELEMENT":"f.3EFE59E47BCAC700A535F57DF4769BD4.d.050B80B14FBC81AE3CCB10532DFAE159.e.13005"}]}
RESULT: {}
RESULT: {"script":"<script> [8489 bytes]","args":[{"element-6066-11e4-a52e-4f735466cecf":"f.3EFE59E47BCAC700A535F57DF4769BD4.d.050B80B14FBC81AE3CCB10532DFAE159.e.13005","ELEMENT":"f.3EFE59E47BCAC700A535F57DF4769BD4.d.050B80B14FBC81AE3CCB10532DFAE159.e.13005"}]}
COMMAND: POST /session/cd4e213f90090bc7497a341d701e98a6/execute/sync - {"script":"<script> [5351 bytes]","args":[{"element-6066-11e4-a52e-4f735466cecf":"f.3EFE59E47BCAC700A535F57DF4769BD4.d.050B80B14FBC81AE3CCB10532DFAE159.e.13005","ELEMENT":"f.3EFE59E47BCAC700A535F57DF4769BD4.d.050B80B14FBC81AE3CCB10532DFAE159.e.13005"}]}
COMMAND: GET /session/cd4e213f90090bc7497a341d701e98a6/screenshot - {}
RESULT: {"script":"<script> [5351 bytes]","args":[{"element-6066-11e4-a52e-4f735466cecf":"f.3EFE59E47BCAC700A535F57DF4769BD4.d.050B80B14FBC81AE3CCB10532DFAE159.e.13005","ELEMENT":"f.3EFE59E47BCAC700A535F57DF4769BD4.d.050B80B14FBC81AE3CCB10532DFAE159.e.13005"}]}
COMMAND: POST /session/cd4e213f90090bc7497a341d701e98a6/element - {"using":"css selector","value":"#shell-header-logo"}
COMMAND: GET /session/cd4e213f90090bc7497a341d701e98a6/screenshot - {}
RESULT: {}
RESULT: {"using":"css selector","value":"#shell-header-logo"}
COMMAND: POST /session/cd4e213f90090bc7497a341d701e98a6/element/f.3EFE59E47BCAC700A535F57DF4769BD4.d.050B80B14FBC81AE3CCB10532DFAE159.e.13005/click - {}
RESULT: {}
RESULT: {}
COMMAND: GET /session/cd4e213f90090bc7497a341d701e98a6/screenshot - {}
RESULT: {}
COMMAND: POST /session/cd4e213f90090bc7497a341d701e98a6/execute/async - {"script":"<script> [189 bytes]","args":[]}
RESULT: {"script":"<script> [189 bytes]","args":[]}
COMMAND: POST /session/cd4e213f90090bc7497a341d701e98a6/execute/async - {"script":"<script> [123 bytes]","args":[]}
RESULT: {"script":"<script> [123 bytes]","args":[]}
COMMAND: POST /session/cd4e213f90090bc7497a341d701e98a6/timeouts - {"script":"<number>"}
RESULT: {"script":"<number>"}
COMMAND: GET /session/cd4e213f90090bc7497a341d701e98a6/timeouts - {}
RESULT: {}
RESULT: undefined
COMMAND: POST /session/cd4e213f90090bc7497a341d701e98a6/execute/async - {"script":"<script> [2676 bytes]","args":[]}
RESULT: {"script":"<script> [2676 bytes]","args":[]}
COMMAND: POST /session/cd4e213f90090bc7497a341d701e98a6/execute/async - {"script":"<script> [2342 bytes]","args":[{"protocol":"http","hostname":"0.0.0.0","path":"/","capabilities":{"browserName":"chrome","goog:chromeOptions":{"binary":"C:\\Program Files\\Google\\Chrome\\Application\\chrome.exe","args":["--start-maximized"]}},"logLevel":"warn","connectionRetryTimeout":120000,"connectionRetryCount":3,"logLevels":{},"enableDirectConnect":true,"strictSSL":true,"_":"65 more keys: [\"cacheDir\",\"port\",\"requestedCapabilities\",\"automationProtocol\",\"baseUrl\",\"waitforInterval\",\"waitforTimeout\",\"onReload\",\"beforeCommand\",\"afterCommand\",\"rootDir\",\"specs\",\"suites\",\"exclude\",\"groupLogsByTestSpec\",\"excludeDriverLogs\",\"bail\",\"framework\",\"reporters\",\"services\",\"maxInstances\",\"maxInstancesPerCapability\",\"injectGlobals\",\"filesToWatch\",\"execArgv\",\"runnerEnv\",\"runner\",\"shard\",\"specFileRetries\",\"specFileRetriesDelay\",\"specFileRetriesDeferred\",\"reporterSyncInterval\",\"reporterSyncTimeout\",\"cucumberFeaturesWithLineNumbers\",\"autoCompileOpts\",\"mochaOpts\",\"jasmineOpts\",\"cucumberOpts\",\"onPrepare\",\"onWorkerStart\",\"onWorkerEnd\",\"before\",\"beforeSession\",\"beforeSuite\",\"beforeHook\",\"beforeTest\",\"afterTest\",\"afterHook\",\"afterSuite\",\"afterSession\",\"after\",\"onComplete\",\"beforeAssertion\",\"afterAssertion\",\"beforeFeature\",\"beforeScenario\",\"beforeStep\",\"afterStep\",\"afterScenario\",\"afterFeature\",\"_\",\"suite\",\"$0\",\"ignoredWorkerServices\",\"wdi5\"]"}]}
RESULT: {"script":"<script> [2342 bytes]","args":[{"protocol":"http","hostname":"0.0.0.0","path":"/","capabilities":{"browserName":"chrome","goog:chromeOptions":{"binary":"C:\\Program Files\\Google\\Chrome\\Application\\chrome.exe","args":["--start-maximized"]}},"logLevel":"warn","connectionRetryTimeout":120000,"connectionRetryCount":3,"logLevels":{},"enableDirectConnect":true,"strictSSL":true,"_":"65 more keys: [\"cacheDir\",\"port\",\"requestedCapabilities\",\"automationProtocol\",\"baseUrl\",\"waitforInterval\",\"waitforTimeout\",\"onReload\",\"beforeCommand\",\"afterCommand\",\"rootDir\",\"specs\",\"suites\",\"exclude\",\"groupLogsByTestSpec\",\"excludeDriverLogs\",\"bail\",\"framework\",\"reporters\",\"services\",\"maxInstances\",\"maxInstancesPerCapability\",\"injectGlobals\",\"filesToWatch\",\"execArgv\",\"runnerEnv\",\"runner\",\"shard\",\"specFileRetries\",\"specFileRetriesDelay\",\"specFileRetriesDeferred\",\"reporterSyncInterval\",\"reporterSyncTimeout\",\"cucumberFeaturesWithLineNumbers\",\"autoCompileOpts\",\"mochaOpts\",\"jasmineOpts\",\"cucumberOpts\",\"onPrepare\",\"onWorkerStart\",\"onWorkerEnd\",\"before\",\"beforeSession\",\"beforeSuite\",\"beforeHook\",\"beforeTest\",\"afterTest\",\"afterHook\",\"afterSuite\",\"afterSession\",\"after\",\"onComplete\",\"beforeAssertion\",\"afterAssertion\",\"beforeFeature\",\"beforeScenario\",\"beforeStep\",\"afterStep\",\"afterScenario\",\"afterFeature\",\"_\",\"suite\",\"$0\",\"ignoredWorkerServices\",\"wdi5\"]"}]}
COMMAND: POST /session/cd4e213f90090bc7497a341d701e98a6/execute/async - {"script":"<script> [21126 bytes]","args":[35000]}
RESULT: {"script":"<script> [21126 bytes]","args":[35000]}
COMMAND: POST /session/cd4e213f90090bc7497a341d701e98a6/window/maximize - {}
RESULT: {}
COMMAND: POST /session/cd4e213f90090bc7497a341d701e98a6/execute/async - {"script":"<script> [1562 bytes]","args":[{"selector":{"id":"shell-header","interaction":{"idSuffix":"icon"}},"wdio_ui5_key":"shellheader"}]}
COMMAND: GET /session/cd4e213f90090bc7497a341d701e98a6/screenshot - {}
RESULT: {"script":"<script> [1562 bytes]","args":[{"selector":{"id":"shell-header","interaction":{"idSuffix":"icon"}},"wdio_ui5_key":"shellheader"}]}
RESULT: undefined
COMMAND: POST /session/cd4e213f90090bc7497a341d701e98a6/window/fullscreen - {}
RESULT: {}
RESULT: {}
]]></system-out>
      <system-err><![CDATA[
Error: element ("//button[@data-kt="addButton"]") still not existing after 45000ms
    at async Context.<anonymous> (D:\a\1\s\test\specs\HTR\return-from-site-w-warehouse-management-w-clarification.spec.js:423:9)
]]></system-err>
    </testcase>
  </testsuite>
  <testsuite timestamp="2025-05-22T17:22:21" time="504.933" tests="9" failures="3" errors="3" skipped="0">
    <properties>
      <property name="specId" value="0"/>
      <property name="suiteName" value="Create masterdata for Yard Overview - trigger provide US130988"/>
      <property name="capabilities" value="chrome.136_0_7103_93.windows"/>
      <property name="file" value="file:///D:/a/1/s/test/specs/HTR/stock-decrease.spec.js"/>
    </properties>
    <testcase classname="chrome.136_0_7103_93.windows.Create_masterdata_for_Yard_Overview_-_trigger_provide_US130988" name="Should create a new WHM yard" time="0.016">
      <system-out><![CDATA[
COMMAND: POST /session/cd4e213f90090bc7497a341d701e98a6/window/fullscreen - {}
RESULT: {}
]]></system-out>
    </testcase>
    <testcase classname="chrome.136_0_7103_93.windows.Create_masterdata_for_Yard_Overview_-_trigger_provide_US130988" name="Should create a new partner" time="0.004"/>
    <testcase classname="chrome.136_0_7103_93.windows.Create_masterdata_for_Yard_Overview_-_trigger_provide_US130988" name="Should create a new site" time="0.004"/>
    <testcase classname="chrome.136_0_7103_93.windows.Create_masterdata_for_Yard_Overview_-_trigger_provide_US130988" name="Should create a new material" time="128.994">
      <system-out><![CDATA[
COMMAND: POST /session/cd4e213f90090bc7497a341d701e98a6/execute/async - {"script":"<script> [1562 bytes]","args":[{"selector":{"controlType":"sap.m.GenericTile","properties":{"header":"Manage Resources"}},"wdio_ui5_key":"sapm.GenericTile{\"header\":\"Manage Resources\"}"}]}
RESULT: {"script":"<script> [1562 bytes]","args":[{"selector":{"controlType":"sap.m.GenericTile","properties":{"header":"Manage Resources"}},"wdio_ui5_key":"sapm.GenericTile{\"header\":\"Manage Resources\"}"}]}
RESULT: undefined
COMMAND: POST /session/cd4e213f90090bc7497a341d701e98a6/element - {"using":"xpath","value":"//*[@id=\"__tile31\"]"}
RESULT: {"using":"xpath","value":"//*[@id=\"__tile31\"]"}
COMMAND: POST /session/cd4e213f90090bc7497a341d701e98a6/element/f.3EFE59E47BCAC700A535F57DF4769BD4.d.050B80B14FBC81AE3CCB10532DFAE159.e.13027/click - {}
RESULT: {}
COMMAND: GET /session/cd4e213f90090bc7497a341d701e98a6/screenshot - {}
RESULT: {}
COMMAND: POST /session/cd4e213f90090bc7497a341d701e98a6/elements - {"using":"xpath","value":"//span[text()='Error']"}
RESULT: {"using":"xpath","value":"//span[text()='Error']"}
COMMAND: POST /session/cd4e213f90090bc7497a341d701e98a6/element - {"using":"xpath","value":"//button[@data-kt=\"addNewRUOverflowToolbarButton\"]"}
RESULT: {"using":"xpath","value":"//button[@data-kt=\"addNewRUOverflowToolbarButton\"]"}
COMMAND: POST /session/cd4e213f90090bc7497a341d701e98a6/elements - {"using":"xpath","value":"//button[@data-kt=\"addNewRUOverflowToolbarButton\"]"}
RESULT: {"using":"xpath","value":"//button[@data-kt=\"addNewRUOverflowToolbarButton\"]"}
COMMAND: POST /session/cd4e213f90090bc7497a341d701e98a6/elements - {"using":"xpath","value":"//button[@data-kt=\"addNewRUOverflowToolbarButton\"]"}
RESULT: {"using":"xpath","value":"//button[@data-kt=\"addNewRUOverflowToolbarButton\"]"}
COMMAND: POST /session/cd4e213f90090bc7497a341d701e98a6/elements - {"using":"xpath","value":"//button[@data-kt=\"addNewRUOverflowToolbarButton\"]"}
RESULT: {"using":"xpath","value":"//button[@data-kt=\"addNewRUOverflowToolbarButton\"]"}
COMMAND: POST /session/cd4e213f90090bc7497a341d701e98a6/element - {"using":"xpath","value":"//button[@data-kt=\"addNewRUOverflowToolbarButton\"]"}
RESULT: {"using":"xpath","value":"//button[@data-kt=\"addNewRUOverflowToolbarButton\"]"}
COMMAND: POST /session/cd4e213f90090bc7497a341d701e98a6/execute/sync - {"script":"<script> [8489 bytes]","args":[{"element-6066-11e4-a52e-4f735466cecf":"f.3EFE59E47BCAC700A535F57DF4769BD4.d.050B80B14FBC81AE3CCB10532DFAE159.e.13157","ELEMENT":"f.3EFE59E47BCAC700A535F57DF4769BD4.d.050B80B14FBC81AE3CCB10532DFAE159.e.13157"}]}
RESULT: {"script":"<script> [8489 bytes]","args":[{"element-6066-11e4-a52e-4f735466cecf":"f.3EFE59E47BCAC700A535F57DF4769BD4.d.050B80B14FBC81AE3CCB10532DFAE159.e.13157","ELEMENT":"f.3EFE59E47BCAC700A535F57DF4769BD4.d.050B80B14FBC81AE3CCB10532DFAE159.e.13157"}]}
COMMAND: GET /session/cd4e213f90090bc7497a341d701e98a6/element/f.3EFE59E47BCAC700A535F57DF4769BD4.d.050B80B14FBC81AE3CCB10532DFAE159.e.13157/enabled - {}
COMMAND: GET /session/cd4e213f90090bc7497a341d701e98a6/screenshot - {}
RESULT: {}
COMMAND: POST /session/cd4e213f90090bc7497a341d701e98a6/execute/sync - {"script":"<script> [8489 bytes]","args":[{"element-6066-11e4-a52e-4f735466cecf":"f.3EFE59E47BCAC700A535F57DF4769BD4.d.050B80B14FBC81AE3CCB10532DFAE159.e.13157","ELEMENT":"f.3EFE59E47BCAC700A535F57DF4769BD4.d.050B80B14FBC81AE3CCB10532DFAE159.e.13157"}]}
COMMAND: GET /session/cd4e213f90090bc7497a341d701e98a6/screenshot - {}
RESULT: {}
RESULT: {"script":"<script> [8489 bytes]","args":[{"element-6066-11e4-a52e-4f735466cecf":"f.3EFE59E47BCAC700A535F57DF4769BD4.d.050B80B14FBC81AE3CCB10532DFAE159.e.13157","ELEMENT":"f.3EFE59E47BCAC700A535F57DF4769BD4.d.050B80B14FBC81AE3CCB10532DFAE159.e.13157"}]}
COMMAND: POST /session/cd4e213f90090bc7497a341d701e98a6/execute/sync - {"script":"<script> [5351 bytes]","args":[{"element-6066-11e4-a52e-4f735466cecf":"f.3EFE59E47BCAC700A535F57DF4769BD4.d.050B80B14FBC81AE3CCB10532DFAE159.e.13157","ELEMENT":"f.3EFE59E47BCAC700A535F57DF4769BD4.d.050B80B14FBC81AE3CCB10532DFAE159.e.13157"}]}
RESULT: {"script":"<script> [5351 bytes]","args":[{"element-6066-11e4-a52e-4f735466cecf":"f.3EFE59E47BCAC700A535F57DF4769BD4.d.050B80B14FBC81AE3CCB10532DFAE159.e.13157","ELEMENT":"f.3EFE59E47BCAC700A535F57DF4769BD4.d.050B80B14FBC81AE3CCB10532DFAE159.e.13157"}]}
COMMAND: POST /session/cd4e213f90090bc7497a341d701e98a6/element/f.3EFE59E47BCAC700A535F57DF4769BD4.d.050B80B14FBC81AE3CCB10532DFAE159.e.13157/click - {}
COMMAND: GET /session/cd4e213f90090bc7497a341d701e98a6/screenshot - {}
COMMAND: GET /session/cd4e213f90090bc7497a341d701e98a6/screenshot - {}
RESULT: {}
RESULT: {}
RESULT: {}
COMMAND: GET /session/cd4e213f90090bc7497a341d701e98a6/screenshot - {}
RESULT: {}
RESULT: {}
COMMAND: POST /session/cd4e213f90090bc7497a341d701e98a6/execute/async - {"script":"<script> [1562 bytes]","args":[{"selector":{"id":"application-manageresources-display-component---newResourceUnit--TYPE-arrow"},"wdio_ui5_key":"applicationmanageresources-display-component---newResourceUnit--TYPE-arrow"}]}
RESULT: {"script":"<script> [1562 bytes]","args":[{"selector":{"id":"application-manageresources-display-component---newResourceUnit--TYPE-arrow"},"wdio_ui5_key":"applicationmanageresources-display-component---newResourceUnit--TYPE-arrow"}]}
RESULT: undefined
COMMAND: POST /session/cd4e213f90090bc7497a341d701e98a6/element - {"using":"xpath","value":"//*[@id=\"application-manageresources-display-component---newResourceUnit--TYPE-arrow\"]"}
RESULT: {"using":"xpath","value":"//*[@id=\"application-manageresources-display-component---newResourceUnit--TYPE-arrow\"]"}
COMMAND: POST /session/cd4e213f90090bc7497a341d701e98a6/element/f.3EFE59E47BCAC700A535F57DF4769BD4.d.050B80B14FBC81AE3CCB10532DFAE159.e.13514/click - {}
RESULT: {}
COMMAND: POST /session/cd4e213f90090bc7497a341d701e98a6/element - {"using":"xpath","value":"//input[@id=\"application-manageresources-display-component---newResourceUnit--TYPE-inner\"]"}
COMMAND: GET /session/cd4e213f90090bc7497a341d701e98a6/screenshot - {}
RESULT: {"using":"xpath","value":"//input[@id=\"application-manageresources-display-component---newResourceUnit--TYPE-inner\"]"}
COMMAND: POST /session/cd4e213f90090bc7497a341d701e98a6/element/f.3EFE59E47BCAC700A535F57DF4769BD4.d.050B80B14FBC81AE3CCB10532DFAE159.e.13509/clear - {}
RESULT: {}
RESULT: {}
COMMAND: POST /session/cd4e213f90090bc7497a341d701e98a6/element/f.3EFE59E47BCAC700A535F57DF4769BD4.d.050B80B14FBC81AE3CCB10532DFAE159.e.13509/value - {"text":"Material"}
COMMAND: GET /session/cd4e213f90090bc7497a341d701e98a6/screenshot - {}
RESULT: {"text":"Material"}
COMMAND: GET /session/cd4e213f90090bc7497a341d701e98a6/screenshot - {}
RESULT: {}
RESULT: {}
COMMAND: POST /session/cd4e213f90090bc7497a341d701e98a6/actions - {"actions":[{"id":"action49","type":"key","parameters":{},"actions":[{"type":"keyDown","value":""},{"type":"pause","duration":10},{"type":"keyUp","value":""}]}]}
RESULT: {"actions":[{"id":"action49","type":"key","parameters":{},"actions":[{"type":"keyDown","value":""},{"type":"pause","duration":10},{"type":"keyUp","value":""}]}]}
COMMAND: POST /session/cd4e213f90090bc7497a341d701e98a6/execute/async - {"script":"<script> [1562 bytes]","args":[{"selector":{"id":"application-manageresources-display-component---newResourceUnit--SHORT_TEXT","interaction":{"idSuffix":"inner"}},"wdio_ui5_key":"applicationmanageresources-display-component---newResourceUnit--SHORT_TEXT"}]}
COMMAND: GET /session/cd4e213f90090bc7497a341d701e98a6/screenshot - {}
RESULT: {"script":"<script> [1562 bytes]","args":[{"selector":{"id":"application-manageresources-display-component---newResourceUnit--SHORT_TEXT","interaction":{"idSuffix":"inner"}},"wdio_ui5_key":"applicationmanageresources-display-component---newResourceUnit--SHORT_TEXT"}]}
RESULT: undefined
COMMAND: POST /session/cd4e213f90090bc7497a341d701e98a6/execute/async - {"script":"<script> [776 bytes]","args":[{"enterText":"Cement WDIO","selector":{"id":"application-manageresources-display-component---newResourceUnit--SHORT_TEXT","interaction":{"idSuffix":"inner"}},"clearTextFirst":true,"interactionType":"ENTER_TEXT"}]}
RESULT: {}
RESULT: {"script":"<script> [776 bytes]","args":[{"enterText":"Cement WDIO","selector":{"id":"application-manageresources-display-component---newResourceUnit--SHORT_TEXT","interaction":{"idSuffix":"inner"}},"clearTextFirst":true,"interactionType":"ENTER_TEXT"}]}
COMMAND: POST /session/cd4e213f90090bc7497a341d701e98a6/execute/async - {"script":"<script> [1562 bytes]","args":[{"selector":{"id":"application-manageresources-display-component---newResourceUnit--BASE_UNIT_OF_MEASURE","interaction":{"idSuffix":"inner"}},"wdio_ui5_key":"applicationmanageresources-display-component---newResourceUnit--BASE_UNIT_OF_MEASURE"}]}
RESULT: {"script":"<script> [1562 bytes]","args":[{"selector":{"id":"application-manageresources-display-component---newResourceUnit--BASE_UNIT_OF_MEASURE","interaction":{"idSuffix":"inner"}},"wdio_ui5_key":"applicationmanageresources-display-component---newResourceUnit--BASE_UNIT_OF_MEASURE"}]}
RESULT: undefined
COMMAND: POST /session/cd4e213f90090bc7497a341d701e98a6/execute/async - {"script":"<script> [776 bytes]","args":[{"enterText":"Piece","selector":{"id":"application-manageresources-display-component---newResourceUnit--BASE_UNIT_OF_MEASURE","interaction":{"idSuffix":"inner"}},"clearTextFirst":true,"interactionType":"ENTER_TEXT"}]}
RESULT: {"script":"<script> [776 bytes]","args":[{"enterText":"Piece","selector":{"id":"application-manageresources-display-component---newResourceUnit--BASE_UNIT_OF_MEASURE","interaction":{"idSuffix":"inner"}},"clearTextFirst":true,"interactionType":"ENTER_TEXT"}]}
COMMAND: POST /session/cd4e213f90090bc7497a341d701e98a6/execute/async - {"script":"<script> [1562 bytes]","args":[{"selector":{"id":"application-manageresources-display-component---newResourceUnit--WEIGHT_UNIT","interaction":{"idSuffix":"inner"}},"wdio_ui5_key":"applicationmanageresources-display-component---newResourceUnit--WEIGHT_UNIT"}]}
RESULT: {"script":"<script> [1562 bytes]","args":[{"selector":{"id":"application-manageresources-display-component---newResourceUnit--WEIGHT_UNIT","interaction":{"idSuffix":"inner"}},"wdio_ui5_key":"applicationmanageresources-display-component---newResourceUnit--WEIGHT_UNIT"}]}
RESULT: undefined
COMMAND: POST /session/cd4e213f90090bc7497a341d701e98a6/execute/async - {"script":"<script> [776 bytes]","args":[{"enterText":"Gram","selector":{"id":"application-manageresources-display-component---newResourceUnit--WEIGHT_UNIT","interaction":{"idSuffix":"inner"}},"clearTextFirst":true,"interactionType":"ENTER_TEXT"}]}
RESULT: {"script":"<script> [776 bytes]","args":[{"enterText":"Gram","selector":{"id":"application-manageresources-display-component---newResourceUnit--WEIGHT_UNIT","interaction":{"idSuffix":"inner"}},"clearTextFirst":true,"interactionType":"ENTER_TEXT"}]}
COMMAND: POST /session/cd4e213f90090bc7497a341d701e98a6/execute/async - {"script":"<script> [1562 bytes]","args":[{"selector":{"id":"application-manageresources-display-component---newResourceUnit--DIMENSION_UNIT","interaction":{"idSuffix":"inner"}},"wdio_ui5_key":"applicationmanageresources-display-component---newResourceUnit--DIMENSION_UNIT"}]}
RESULT: {"script":"<script> [1562 bytes]","args":[{"selector":{"id":"application-manageresources-display-component---newResourceUnit--DIMENSION_UNIT","interaction":{"idSuffix":"inner"}},"wdio_ui5_key":"applicationmanageresources-display-component---newResourceUnit--DIMENSION_UNIT"}]}
RESULT: undefined
COMMAND: POST /session/cd4e213f90090bc7497a341d701e98a6/execute/async - {"script":"<script> [776 bytes]","args":[{"enterText":"Meter","selector":{"id":"application-manageresources-display-component---newResourceUnit--DIMENSION_UNIT","interaction":{"idSuffix":"inner"}},"clearTextFirst":true,"interactionType":"ENTER_TEXT"}]}
RESULT: {"script":"<script> [776 bytes]","args":[{"enterText":"Meter","selector":{"id":"application-manageresources-display-component---newResourceUnit--DIMENSION_UNIT","interaction":{"idSuffix":"inner"}},"clearTextFirst":true,"interactionType":"ENTER_TEXT"}]}
COMMAND: POST /session/cd4e213f90090bc7497a341d701e98a6/execute/async - {"script":"<script> [1562 bytes]","args":[{"selector":{"id":"application-manageresources-display-component---newResourceUnit--newRRUPage-anchBar-application-manageresources-display-component---newResourceUnit--control-anchor","interaction":{"idSuffix":"BDI-content"}},"wdio_ui5_key":"applicationmanageresources-display-component---newResourceUnit--newRRUPage-anchBar-application-manageresources-display-component---newResourceUnit--control-anchor"}]}
RESULT: {"script":"<script> [1562 bytes]","args":[{"selector":{"id":"application-manageresources-display-component---newResourceUnit--newRRUPage-anchBar-application-manageresources-display-component---newResourceUnit--control-anchor","interaction":{"idSuffix":"BDI-content"}},"wdio_ui5_key":"applicationmanageresources-display-component---newResourceUnit--newRRUPage-anchBar-application-manageresources-display-component---newResourceUnit--control-anchor"}]}
RESULT: undefined
COMMAND: POST /session/cd4e213f90090bc7497a341d701e98a6/element - {"using":"xpath","value":"//*[@id=\"application-manageresources-display-component---newResourceUnit--newRRUPage-anchBar-application-manageresources-display-component---newResourceUnit--control-anchor\"]"}
RESULT: {"using":"xpath","value":"//*[@id=\"application-manageresources-display-component---newResourceUnit--newRRUPage-anchBar-application-manageresources-display-component---newResourceUnit--control-anchor\"]"}
COMMAND: POST /session/cd4e213f90090bc7497a341d701e98a6/element/f.3EFE59E47BCAC700A535F57DF4769BD4.d.050B80B14FBC81AE3CCB10532DFAE159.e.13579/click - {}
RESULT: {}
COMMAND: POST /session/cd4e213f90090bc7497a341d701e98a6/execute/async - {"script":"<script> [1562 bytes]","args":[{"selector":{"id":"application-manageresources-display-component---newResourceUnit--PLANNING_GROUP","interaction":{"idSuffix":"inner"}},"wdio_ui5_key":"applicationmanageresources-display-component---newResourceUnit--PLANNING_GROUP"}]}
COMMAND: GET /session/cd4e213f90090bc7497a341d701e98a6/screenshot - {}
RESULT: {"script":"<script> [1562 bytes]","args":[{"selector":{"id":"application-manageresources-display-component---newResourceUnit--PLANNING_GROUP","interaction":{"idSuffix":"inner"}},"wdio_ui5_key":"applicationmanageresources-display-component---newResourceUnit--PLANNING_GROUP"}]}
RESULT: undefined
COMMAND: POST /session/cd4e213f90090bc7497a341d701e98a6/execute/async - {"script":"<script> [776 bytes]","args":[{"enterText":"Material","selector":{"id":"application-manageresources-display-component---newResourceUnit--PLANNING_GROUP","interaction":{"idSuffix":"inner"}},"clearTextFirst":true,"interactionType":"ENTER_TEXT"}]}
RESULT: {}
RESULT: {"script":"<script> [776 bytes]","args":[{"enterText":"Material","selector":{"id":"application-manageresources-display-component---newResourceUnit--PLANNING_GROUP","interaction":{"idSuffix":"inner"}},"clearTextFirst":true,"interactionType":"ENTER_TEXT"}]}
COMMAND: POST /session/cd4e213f90090bc7497a341d701e98a6/execute/async - {"script":"<script> [1562 bytes]","args":[{"selector":{"id":"application-manageresources-display-component---newResourceUnit--PLANNING_INDICATOR","interaction":{"idSuffix":"inner"}},"wdio_ui5_key":"applicationmanageresources-display-component---newResourceUnit--PLANNING_INDICATOR"}]}
RESULT: {"script":"<script> [1562 bytes]","args":[{"selector":{"id":"application-manageresources-display-component---newResourceUnit--PLANNING_INDICATOR","interaction":{"idSuffix":"inner"}},"wdio_ui5_key":"applicationmanageresources-display-component---newResourceUnit--PLANNING_INDICATOR"}]}
RESULT: undefined
COMMAND: POST /session/cd4e213f90090bc7497a341d701e98a6/execute/async - {"script":"<script> [776 bytes]","args":[{"enterText":"10 - infinite","selector":{"id":"application-manageresources-display-component---newResourceUnit--PLANNING_INDICATOR","interaction":{"idSuffix":"inner"}},"clearTextFirst":true,"interactionType":"ENTER_TEXT"}]}
RESULT: {"script":"<script> [776 bytes]","args":[{"enterText":"10 - infinite","selector":{"id":"application-manageresources-display-component---newResourceUnit--PLANNING_INDICATOR","interaction":{"idSuffix":"inner"}},"clearTextFirst":true,"interactionType":"ENTER_TEXT"}]}
COMMAND: POST /session/cd4e213f90090bc7497a341d701e98a6/element - {"using":"css selector","value":"#application-manageresources-display-component---newResourceUnit--btnAddTimeSegment"}
RESULT: {"using":"css selector","value":"#application-manageresources-display-component---newResourceUnit--btnAddTimeSegment"}
COMMAND: GET /session/cd4e213f90090bc7497a341d701e98a6/element/f.3EFE59E47BCAC700A535F57DF4769BD4.d.050B80B14FBC81AE3CCB10532DFAE159.e.13588/rect - {}
RESULT: {}
COMMAND: GET /session/cd4e213f90090bc7497a341d701e98a6/window/rect - {}
RESULT: {}
COMMAND: POST /session/cd4e213f90090bc7497a341d701e98a6/execute/sync - {"script":"<script> [92 bytes]","args":[]}
RESULT: {"script":"<script> [92 bytes]","args":[]}
COMMAND: POST /session/cd4e213f90090bc7497a341d701e98a6/actions - {"actions":[{"id":"action50","type":"wheel","parameters":{},"actions":[{"type":"scroll","x":-1888,"y":-32,"deltaX":0,"deltaY":0,"duration":0,"origin":{"element-6066-11e4-a52e-4f735466cecf":"f.3EFE59E47BCAC700A535F57DF4769BD4.d.050B80B14FBC81AE3CCB10532DFAE159.e.13588"}}]}]}
COMMAND: GET /session/cd4e213f90090bc7497a341d701e98a6/screenshot - {}
RESULT: {}
COMMAND: POST /session/cd4e213f90090bc7497a341d701e98a6/execute/sync - {"script":"<script> [79 bytes]","args":[{"element-6066-11e4-a52e-4f735466cecf":"f.3EFE59E47BCAC700A535F57DF4769BD4.d.050B80B14FBC81AE3CCB10532DFAE159.e.13588","ELEMENT":"f.3EFE59E47BCAC700A535F57DF4769BD4.d.050B80B14FBC81AE3CCB10532DFAE159.e.13588"},{"block":"start","inline":"nearest"}]}
RESULT: {"script":"<script> [79 bytes]","args":[{"element-6066-11e4-a52e-4f735466cecf":"f.3EFE59E47BCAC700A535F57DF4769BD4.d.050B80B14FBC81AE3CCB10532DFAE159.e.13588","ELEMENT":"f.3EFE59E47BCAC700A535F57DF4769BD4.d.050B80B14FBC81AE3CCB10532DFAE159.e.13588"},{"block":"start","inline":"nearest"}]}
COMMAND: POST /session/cd4e213f90090bc7497a341d701e98a6/execute/async - {"script":"<script> [1562 bytes]","args":[{"selector":{"id":"application-manageresources-display-component---newResourceUnit--btnAddTimeSegment","interaction":{"idSuffix":"inner"}},"wdio_ui5_key":"applicationmanageresources-display-component---newResourceUnit--btnAddTimeSegment"}]}
COMMAND: GET /session/cd4e213f90090bc7497a341d701e98a6/screenshot - {}
RESULT: {"script":"<script> [1562 bytes]","args":[{"selector":{"id":"application-manageresources-display-component---newResourceUnit--btnAddTimeSegment","interaction":{"idSuffix":"inner"}},"wdio_ui5_key":"applicationmanageresources-display-component---newResourceUnit--btnAddTimeSegment"}]}
RESULT: undefined
COMMAND: POST /session/cd4e213f90090bc7497a341d701e98a6/element - {"using":"xpath","value":"//*[@id=\"application-manageresources-display-component---newResourceUnit--btnAddTimeSegment\"]"}
RESULT: {}
RESULT: {"using":"xpath","value":"//*[@id=\"application-manageresources-display-component---newResourceUnit--btnAddTimeSegment\"]"}
COMMAND: POST /session/cd4e213f90090bc7497a341d701e98a6/element/f.3EFE59E47BCAC700A535F57DF4769BD4.d.050B80B14FBC81AE3CCB10532DFAE159.e.13588/click - {}
RESULT: {}
COMMAND: GET /session/cd4e213f90090bc7497a341d701e98a6/screenshot - {}
RESULT: {}
COMMAND: POST /session/cd4e213f90090bc7497a341d701e98a6/element - {"using":"xpath","value":"//input[@id=\"application-manageresources-display-component---newResourceUnit--idRuTSAdmin-application-manageresources-display-component---newResourceUnit--RUTimeSegment-0-inner\"]"}
RESULT: {"using":"xpath","value":"//input[@id=\"application-manageresources-display-component---newResourceUnit--idRuTSAdmin-application-manageresources-display-component---newResourceUnit--RUTimeSegment-0-inner\"]"}
COMMAND: POST /session/cd4e213f90090bc7497a341d701e98a6/element/f.3EFE59E47BCAC700A535F57DF4769BD4.d.050B80B14FBC81AE3CCB10532DFAE159.e.13593/clear - {}
RESULT: {}
COMMAND: POST /session/cd4e213f90090bc7497a341d701e98a6/element/f.3EFE59E47BCAC700A535F57DF4769BD4.d.050B80B14FBC81AE3CCB10532DFAE159.e.13593/value - {"text":"672"}
COMMAND: GET /session/cd4e213f90090bc7497a341d701e98a6/screenshot - {}
RESULT: {"text":"672"}
COMMAND: GET /session/cd4e213f90090bc7497a341d701e98a6/screenshot - {}
RESULT: {}
RESULT: {}
COMMAND: POST /session/cd4e213f90090bc7497a341d701e98a6/element - {"using":"xpath","value":"//li[.//span[text()='672']]"}
RESULT: {"using":"xpath","value":"//li[.//span[text()='672']]"}
COMMAND: POST /session/cd4e213f90090bc7497a341d701e98a6/element/f.3EFE59E47BCAC700A535F57DF4769BD4.d.050B80B14FBC81AE3CCB10532DFAE159.e.13602/click - {}
RESULT: {}
COMMAND: GET /session/cd4e213f90090bc7497a341d701e98a6/screenshot - {}
RESULT: {}
COMMAND: POST /session/cd4e213f90090bc7497a341d701e98a6/element - {"using":"xpath","value":"(//span[contains(@id, \"-application-manageresources-display-component---newResourceUnit--RUTimeSegment-0-arrow\")])[2]"}
RESULT: {"using":"xpath","value":"(//span[contains(@id, \"-application-manageresources-display-component---newResourceUnit--RUTimeSegment-0-arrow\")])[2]"}
COMMAND: POST /session/cd4e213f90090bc7497a341d701e98a6/element/f.3EFE59E47BCAC700A535F57DF4769BD4.d.050B80B14FBC81AE3CCB10532DFAE159.e.13603/click - {}
RESULT: {}
COMMAND: POST /session/cd4e213f90090bc7497a341d701e98a6/element - {"using":"xpath","value":"//span[contains(text(), \"PM Order\")]"}
COMMAND: GET /session/cd4e213f90090bc7497a341d701e98a6/screenshot - {}
RESULT: {"using":"xpath","value":"//span[contains(text(), \"PM Order\")]"}
COMMAND: POST /session/cd4e213f90090bc7497a341d701e98a6/element/f.3EFE59E47BCAC700A535F57DF4769BD4.d.050B80B14FBC81AE3CCB10532DFAE159.e.13604/click - {}
RESULT: {}
RESULT: {}
COMMAND: GET /session/cd4e213f90090bc7497a341d701e98a6/screenshot - {}
RESULT: {}
COMMAND: POST /session/cd4e213f90090bc7497a341d701e98a6/element - {"using":"xpath","value":"//td/div/div/div/span[contains(@id, \"newResourceUnit--RUTimeSegment-0-vhi\")][1]"}
RESULT: {"using":"xpath","value":"//td/div/div/div/span[contains(@id, \"newResourceUnit--RUTimeSegment-0-vhi\")][1]"}
COMMAND: GET /session/cd4e213f90090bc7497a341d701e98a6/element/f.3EFE59E47BCAC700A535F57DF4769BD4.d.050B80B14FBC81AE3CCB10532DFAE159.e.13608/rect - {}
RESULT: {}
COMMAND: GET /session/cd4e213f90090bc7497a341d701e98a6/window/rect - {}
RESULT: {}
COMMAND: POST /session/cd4e213f90090bc7497a341d701e98a6/execute/sync - {"script":"<script> [92 bytes]","args":[]}
RESULT: {"script":"<script> [92 bytes]","args":[]}
COMMAND: POST /session/cd4e213f90090bc7497a341d701e98a6/actions - {"actions":[{"id":"action51","type":"wheel","parameters":{},"actions":[{"type":"scroll","x":-1888,"y":-24,"deltaX":0,"deltaY":0,"duration":0,"origin":{"element-6066-11e4-a52e-4f735466cecf":"f.3EFE59E47BCAC700A535F57DF4769BD4.d.050B80B14FBC81AE3CCB10532DFAE159.e.13608"}}]}]}
COMMAND: GET /session/cd4e213f90090bc7497a341d701e98a6/screenshot - {}
RESULT: {}
COMMAND: POST /session/cd4e213f90090bc7497a341d701e98a6/execute/sync - {"script":"<script> [79 bytes]","args":[{"element-6066-11e4-a52e-4f735466cecf":"f.3EFE59E47BCAC700A535F57DF4769BD4.d.050B80B14FBC81AE3CCB10532DFAE159.e.13608","ELEMENT":"f.3EFE59E47BCAC700A535F57DF4769BD4.d.050B80B14FBC81AE3CCB10532DFAE159.e.13608"},{"block":"start","inline":"nearest"}]}
RESULT: {"script":"<script> [79 bytes]","args":[{"element-6066-11e4-a52e-4f735466cecf":"f.3EFE59E47BCAC700A535F57DF4769BD4.d.050B80B14FBC81AE3CCB10532DFAE159.e.13608","ELEMENT":"f.3EFE59E47BCAC700A535F57DF4769BD4.d.050B80B14FBC81AE3CCB10532DFAE159.e.13608"},{"block":"start","inline":"nearest"}]}
COMMAND: GET /session/cd4e213f90090bc7497a341d701e98a6/screenshot - {}
RESULT: {}
COMMAND: POST /session/cd4e213f90090bc7497a341d701e98a6/element/f.3EFE59E47BCAC700A535F57DF4769BD4.d.050B80B14FBC81AE3CCB10532DFAE159.e.13608/click - {}
RESULT: {}
COMMAND: GET /session/cd4e213f90090bc7497a341d701e98a6/screenshot - {}
RESULT: {}
COMMAND: POST /session/cd4e213f90090bc7497a341d701e98a6/execute/async - {"script":"<script> [1562 bytes]","args":[{"selector":{"controlType":"sap.m.SearchField","properties":{"placeholder":"Search"},"searchOpenDialogs":true,"interaction":{"idSuffix":"I"}},"wdio_ui5_key":"sapm.SearchField{\"placeholder\":\"Search\"}"}]}
RESULT: {"script":"<script> [1562 bytes]","args":[{"selector":{"controlType":"sap.m.SearchField","properties":{"placeholder":"Search"},"searchOpenDialogs":true,"interaction":{"idSuffix":"I"}},"wdio_ui5_key":"sapm.SearchField{\"placeholder\":\"Search\"}"}]}
RESULT: undefined
COMMAND: POST /session/cd4e213f90090bc7497a341d701e98a6/execute/async - {"script":"<script> [776 bytes]","args":[{"enterText":"4000360","selector":{"controlType":"sap.m.SearchField","properties":{"placeholder":"Search"},"searchOpenDialogs":true,"interaction":{"idSuffix":"I"}},"clearTextFirst":true,"interactionType":"ENTER_TEXT"}]}
RESULT: {"script":"<script> [776 bytes]","args":[{"enterText":"4000360","selector":{"controlType":"sap.m.SearchField","properties":{"placeholder":"Search"},"searchOpenDialogs":true,"interaction":{"idSuffix":"I"}},"clearTextFirst":true,"interactionType":"ENTER_TEXT"}]}
COMMAND: POST /session/cd4e213f90090bc7497a341d701e98a6/actions - {"actions":[{"id":"action52","type":"key","parameters":{},"actions":[{"type":"keyDown","value":""},{"type":"pause","duration":10},{"type":"keyUp","value":""}]}]}
RESULT: {"actions":[{"id":"action52","type":"key","parameters":{},"actions":[{"type":"keyDown","value":""},{"type":"pause","duration":10},{"type":"keyUp","value":""}]}]}
COMMAND: GET /session/cd4e213f90090bc7497a341d701e98a6/screenshot - {}
RESULT: {}
COMMAND: POST /session/cd4e213f90090bc7497a341d701e98a6/element - {"using":"xpath","value":"//td/div/span[contains(text(), \"BGL Vehicles\")]"}
RESULT: {"using":"xpath","value":"//td/div/span[contains(text(), \"BGL Vehicles\")]"}
COMMAND: POST /session/cd4e213f90090bc7497a341d701e98a6/element/f.3EFE59E47BCAC700A535F57DF4769BD4.d.050B80B14FBC81AE3CCB10532DFAE159.e.13629/click - {}
RESULT: {}
COMMAND: GET /session/cd4e213f90090bc7497a341d701e98a6/screenshot - {}
RESULT: {}
COMMAND: POST /session/cd4e213f90090bc7497a341d701e98a6/element - {"using":"xpath","value":"//bdi[contains(text(), \"OK\")]"}
RESULT: {"using":"xpath","value":"//bdi[contains(text(), \"OK\")]"}
COMMAND: POST /session/cd4e213f90090bc7497a341d701e98a6/element/f.3EFE59E47BCAC700A535F57DF4769BD4.d.050B80B14FBC81AE3CCB10532DFAE159.e.13630/click - {}
RESULT: {}
COMMAND: GET /session/cd4e213f90090bc7497a341d701e98a6/screenshot - {}
RESULT: {}
COMMAND: POST /session/cd4e213f90090bc7497a341d701e98a6/element - {"using":"xpath","value":"//label[contains(@class, 'sapMLabelRequired') and .//bdi[contains(text(), 'Planned Retirement')]]"}
RESULT: {"using":"xpath","value":"//label[contains(@class, 'sapMLabelRequired') and .//bdi[contains(text(), 'Planned Retirement')]]"}
COMMAND: POST /session/cd4e213f90090bc7497a341d701e98a6/elements - {"using":"xpath","value":"//label[contains(@class, 'sapMLabelRequired') and .//bdi[contains(text(), 'Planned Retirement')]]"}
RESULT: {"using":"xpath","value":"//label[contains(@class, 'sapMLabelRequired') and .//bdi[contains(text(), 'Planned Retirement')]]"}
COMMAND: POST /session/cd4e213f90090bc7497a341d701e98a6/element - {"using":"xpath","value":"//button[@data-kt=\"resourceUnitSaveButton\"]"}
RESULT: {"using":"xpath","value":"//button[@data-kt=\"resourceUnitSaveButton\"]"}
COMMAND: POST /session/cd4e213f90090bc7497a341d701e98a6/element/f.3EFE59E47BCAC700A535F57DF4769BD4.d.050B80B14FBC81AE3CCB10532DFAE159.e.13531/click - {}
RESULT: {}
COMMAND: GET /session/cd4e213f90090bc7497a341d701e98a6/screenshot - {}
RESULT: {}
COMMAND: POST /session/cd4e213f90090bc7497a341d701e98a6/element - {"using":"xpath","value":"//bdi[contains(text(), \"Close\")]"}
RESULT: {"using":"xpath","value":"//bdi[contains(text(), \"Close\")]"}
COMMAND: POST /session/cd4e213f90090bc7497a341d701e98a6/element/f.3EFE59E47BCAC700A535F57DF4769BD4.d.050B80B14FBC81AE3CCB10532DFAE159.e.13637/click - {}
RESULT: {}
COMMAND: GET /session/cd4e213f90090bc7497a341d701e98a6/screenshot - {}
RESULT: {}
COMMAND: POST /session/cd4e213f90090bc7497a341d701e98a6/element - {"using":"xpath","value":"//header[contains(@id, 'detailRruPage-headerTitle')]/div[1]/div[2]/div[2]/span[1]"}
RESULT: {"using":"xpath","value":"//header[contains(@id, 'detailRruPage-headerTitle')]/div[1]/div[2]/div[2]/span[1]"}
COMMAND: POST /session/cd4e213f90090bc7497a341d701e98a6/elements - {"using":"xpath","value":"//header[contains(@id, 'detailRruPage-headerTitle')]/div[1]/div[2]/div[2]/span[1]"}
RESULT: {"using":"xpath","value":"//header[contains(@id, 'detailRruPage-headerTitle')]/div[1]/div[2]/div[2]/span[1]"}
COMMAND: POST /session/cd4e213f90090bc7497a341d701e98a6/execute/sync - {"script":"<script> [56 bytes]","args":[{"element-6066-11e4-a52e-4f735466cecf":"f.3EFE59E47BCAC700A535F57DF4769BD4.d.050B80B14FBC81AE3CCB10532DFAE159.e.13673","ELEMENT":"f.3EFE59E47BCAC700A535F57DF4769BD4.d.050B80B14FBC81AE3CCB10532DFAE159.e.13673"}]}
RESULT: {"script":"<script> [56 bytes]","args":[{"element-6066-11e4-a52e-4f735466cecf":"f.3EFE59E47BCAC700A535F57DF4769BD4.d.050B80B14FBC81AE3CCB10532DFAE159.e.13673","ELEMENT":"f.3EFE59E47BCAC700A535F57DF4769BD4.d.050B80B14FBC81AE3CCB10532DFAE159.e.13673"}]}
COMMAND: POST /session/cd4e213f90090bc7497a341d701e98a6/element - {"using":"css selector","value":"#shell-header-logo"}
COMMAND: GET /session/cd4e213f90090bc7497a341d701e98a6/screenshot - {}
RESULT: {"using":"css selector","value":"#shell-header-logo"}
COMMAND: POST /session/cd4e213f90090bc7497a341d701e98a6/element/f.3EFE59E47BCAC700A535F57DF4769BD4.d.050B80B14FBC81AE3CCB10532DFAE159.e.13005/click - {}
RESULT: {}
RESULT: {}
COMMAND: GET /session/cd4e213f90090bc7497a341d701e98a6/screenshot - {}
RESULT: {}
]]></system-out>
    </testcase>
    <testcase classname="chrome.136_0_7103_93.windows.Create_masterdata_for_Yard_Overview_-_trigger_provide_US130988" name="Bin Status Report Should Create New Organization yard" time="0.005"/>
    <testcase classname="chrome.136_0_7103_93.windows.Create_masterdata_for_Yard_Overview_-_trigger_provide_US130988" name="Create a Warehouse Movement for created yard" time="46.07">
      <system-out><![CDATA[
COMMAND: POST /session/cd4e213f90090bc7497a341d701e98a6/execute/async - {"script":"<script> [1562 bytes]","args":[{"selector":{"controlType":"sap.m.GenericTile","properties":{"header":"Manage Warehouse Movements"}},"wdio_ui5_key":"sapm.GenericTile{\"header\":\"Manage Warehouse Movements\"}"}]}
RESULT: {"script":"<script> [1562 bytes]","args":[{"selector":{"controlType":"sap.m.GenericTile","properties":{"header":"Manage Warehouse Movements"}},"wdio_ui5_key":"sapm.GenericTile{\"header\":\"Manage Warehouse Movements\"}"}]}
RESULT: undefined
COMMAND: POST /session/cd4e213f90090bc7497a341d701e98a6/element - {"using":"xpath","value":"//*[@id=\"__tile105\"]"}
RESULT: {"using":"xpath","value":"//*[@id=\"__tile105\"]"}
COMMAND: POST /session/cd4e213f90090bc7497a341d701e98a6/element/f.3EFE59E47BCAC700A535F57DF4769BD4.d.050B80B14FBC81AE3CCB10532DFAE159.e.13675/click - {}
RESULT: {}
COMMAND: POST /session/cd4e213f90090bc7497a341d701e98a6/element - {"using":"xpath","value":"//input[@id='application-warehousemovements-display-component---warehouseMovements--smartFilterBar-filterItemControl_BASIC-YARD-inner']"}
COMMAND: GET /session/cd4e213f90090bc7497a341d701e98a6/screenshot - {}
RESULT: {"using":"xpath","value":"//input[@id='application-warehousemovements-display-component---warehouseMovements--smartFilterBar-filterItemControl_BASIC-YARD-inner']"}
COMMAND: POST /session/cd4e213f90090bc7497a341d701e98a6/elements - {"using":"xpath","value":"//input[@id='application-warehousemovements-display-component---warehouseMovements--smartFilterBar-filterItemControl_BASIC-YARD-inner']"}
RESULT: {}
RESULT: {"using":"xpath","value":"//input[@id='application-warehousemovements-display-component---warehouseMovements--smartFilterBar-filterItemControl_BASIC-YARD-inner']"}
COMMAND: POST /session/cd4e213f90090bc7497a341d701e98a6/elements - {"using":"xpath","value":"//input[@id='application-warehousemovements-display-component---warehouseMovements--smartFilterBar-filterItemControl_BASIC-YARD-inner']"}
RESULT: {"using":"xpath","value":"//input[@id='application-warehousemovements-display-component---warehouseMovements--smartFilterBar-filterItemControl_BASIC-YARD-inner']"}
COMMAND: POST /session/cd4e213f90090bc7497a341d701e98a6/element - {"using":"xpath","value":"//input[@id='application-warehousemovements-display-component---warehouseMovements--smartFilterBar-filterItemControl_BASIC-YARD-inner']"}
RESULT: {"using":"xpath","value":"//input[@id='application-warehousemovements-display-component---warehouseMovements--smartFilterBar-filterItemControl_BASIC-YARD-inner']"}
COMMAND: POST /session/cd4e213f90090bc7497a341d701e98a6/execute/sync - {"script":"<script> [8489 bytes]","args":[{"element-6066-11e4-a52e-4f735466cecf":"f.3EFE59E47BCAC700A535F57DF4769BD4.d.050B80B14FBC81AE3CCB10532DFAE159.e.13698","ELEMENT":"f.3EFE59E47BCAC700A535F57DF4769BD4.d.050B80B14FBC81AE3CCB10532DFAE159.e.13698"}]}
RESULT: {"script":"<script> [8489 bytes]","args":[{"element-6066-11e4-a52e-4f735466cecf":"f.3EFE59E47BCAC700A535F57DF4769BD4.d.050B80B14FBC81AE3CCB10532DFAE159.e.13698","ELEMENT":"f.3EFE59E47BCAC700A535F57DF4769BD4.d.050B80B14FBC81AE3CCB10532DFAE159.e.13698"}]}
COMMAND: GET /session/cd4e213f90090bc7497a341d701e98a6/element/f.3EFE59E47BCAC700A535F57DF4769BD4.d.050B80B14FBC81AE3CCB10532DFAE159.e.13698/enabled - {}
COMMAND: GET /session/cd4e213f90090bc7497a341d701e98a6/screenshot - {}
RESULT: {}
COMMAND: POST /session/cd4e213f90090bc7497a341d701e98a6/execute/sync - {"script":"<script> [8489 bytes]","args":[{"element-6066-11e4-a52e-4f735466cecf":"f.3EFE59E47BCAC700A535F57DF4769BD4.d.050B80B14FBC81AE3CCB10532DFAE159.e.13698","ELEMENT":"f.3EFE59E47BCAC700A535F57DF4769BD4.d.050B80B14FBC81AE3CCB10532DFAE159.e.13698"}]}
COMMAND: GET /session/cd4e213f90090bc7497a341d701e98a6/screenshot - {}
RESULT: {}
RESULT: {"script":"<script> [8489 bytes]","args":[{"element-6066-11e4-a52e-4f735466cecf":"f.3EFE59E47BCAC700A535F57DF4769BD4.d.050B80B14FBC81AE3CCB10532DFAE159.e.13698","ELEMENT":"f.3EFE59E47BCAC700A535F57DF4769BD4.d.050B80B14FBC81AE3CCB10532DFAE159.e.13698"}]}
COMMAND: POST /session/cd4e213f90090bc7497a341d701e98a6/execute/sync - {"script":"<script> [5351 bytes]","args":[{"element-6066-11e4-a52e-4f735466cecf":"f.3EFE59E47BCAC700A535F57DF4769BD4.d.050B80B14FBC81AE3CCB10532DFAE159.e.13698","ELEMENT":"f.3EFE59E47BCAC700A535F57DF4769BD4.d.050B80B14FBC81AE3CCB10532DFAE159.e.13698"}]}
COMMAND: GET /session/cd4e213f90090bc7497a341d701e98a6/screenshot - {}
RESULT: {}
RESULT: {"script":"<script> [5351 bytes]","args":[{"element-6066-11e4-a52e-4f735466cecf":"f.3EFE59E47BCAC700A535F57DF4769BD4.d.050B80B14FBC81AE3CCB10532DFAE159.e.13698","ELEMENT":"f.3EFE59E47BCAC700A535F57DF4769BD4.d.050B80B14FBC81AE3CCB10532DFAE159.e.13698"}]}
COMMAND: GET /session/cd4e213f90090bc7497a341d701e98a6/screenshot - {}
RESULT: {}
RESULT: {}
COMMAND: POST /session/cd4e213f90090bc7497a341d701e98a6/element/f.3EFE59E47BCAC700A535F57DF4769BD4.d.050B80B14FBC81AE3CCB10532DFAE159.e.13698/clear - {}
RESULT: {}
COMMAND: POST /session/cd4e213f90090bc7497a341d701e98a6/element/f.3EFE59E47BCAC700A535F57DF4769BD4.d.050B80B14FBC81AE3CCB10532DFAE159.e.13698/value - {"text":"672"}
COMMAND: GET /session/cd4e213f90090bc7497a341d701e98a6/screenshot - {}
RESULT: {"text":"672"}
COMMAND: POST /session/cd4e213f90090bc7497a341d701e98a6/actions - {"actions":[{"id":"action53","type":"key","parameters":{},"actions":[{"type":"keyDown","value":""},{"type":"pause","duration":10},{"type":"keyUp","value":""}]}]}
COMMAND: GET /session/cd4e213f90090bc7497a341d701e98a6/screenshot - {}
RESULT: {}
RESULT: {"actions":[{"id":"action53","type":"key","parameters":{},"actions":[{"type":"keyDown","value":""},{"type":"pause","duration":10},{"type":"keyUp","value":""}]}]}
COMMAND: GET /session/cd4e213f90090bc7497a341d701e98a6/screenshot - {}
RESULT: {}
RESULT: {}
COMMAND: POST /session/cd4e213f90090bc7497a341d701e98a6/element - {"using":"xpath","value":"//button[contains(@data-kt, \"MasterMovementAddOverflowToolbarButton\")]"}
RESULT: {"using":"xpath","value":"//button[contains(@data-kt, \"MasterMovementAddOverflowToolbarButton\")]"}
COMMAND: POST /session/cd4e213f90090bc7497a341d701e98a6/element/f.3EFE59E47BCAC700A535F57DF4769BD4.d.050B80B14FBC81AE3CCB10532DFAE159.e.13720/click - {}
RESULT: {}
COMMAND: GET /session/cd4e213f90090bc7497a341d701e98a6/screenshot - {}
RESULT: {}
COMMAND: POST /session/cd4e213f90090bc7497a341d701e98a6/element - {"using":"xpath","value":"//*[@id=\"application-warehousemovements-display-component---addMovement--sectionsList-arrow\"]"}
RESULT: {"using":"xpath","value":"//*[@id=\"application-warehousemovements-display-component---addMovement--sectionsList-arrow\"]"}
COMMAND: POST /session/cd4e213f90090bc7497a341d701e98a6/element/f.3EFE59E47BCAC700A535F57DF4769BD4.d.050B80B14FBC81AE3CCB10532DFAE159.e.13884/click - {}
RESULT: {}
COMMAND: POST /session/cd4e213f90090bc7497a341d701e98a6/actions - {"actions":[{"id":"action54","type":"key","parameters":{},"actions":[{"type":"keyDown","value":""},{"type":"pause","duration":10},{"type":"keyUp","value":""}]}]}
COMMAND: GET /session/cd4e213f90090bc7497a341d701e98a6/screenshot - {}
RESULT: {"actions":[{"id":"action54","type":"key","parameters":{},"actions":[{"type":"keyDown","value":""},{"type":"pause","duration":10},{"type":"keyUp","value":""}]}]}
COMMAND: GET /session/cd4e213f90090bc7497a341d701e98a6/screenshot - {}
RESULT: {}
RESULT: {}
COMMAND: POST /session/cd4e213f90090bc7497a341d701e98a6/actions - {"actions":[{"id":"action55","type":"key","parameters":{},"actions":[{"type":"keyDown","value":""},{"type":"pause","duration":10},{"type":"keyUp","value":""}]}]}
RESULT: {"actions":[{"id":"action55","type":"key","parameters":{},"actions":[{"type":"keyDown","value":""},{"type":"pause","duration":10},{"type":"keyUp","value":""}]}]}
COMMAND: GET /session/cd4e213f90090bc7497a341d701e98a6/screenshot - {}
RESULT: {}
COMMAND: POST /session/cd4e213f90090bc7497a341d701e98a6/element - {"using":"xpath","value":"//*[@id=\"application-warehousemovements-display-component---addMovement--saveMovementBtn-BDI-content\" and text()=\"Save\"]"}
RESULT: {"using":"xpath","value":"//*[@id=\"application-warehousemovements-display-component---addMovement--saveMovementBtn-BDI-content\" and text()=\"Save\"]"}
COMMAND: POST /session/cd4e213f90090bc7497a341d701e98a6/element/f.3EFE59E47BCAC700A535F57DF4769BD4.d.050B80B14FBC81AE3CCB10532DFAE159.e.13885/click - {}
RESULT: {}
COMMAND: GET /session/cd4e213f90090bc7497a341d701e98a6/screenshot - {}
RESULT: {}
COMMAND: POST /session/cd4e213f90090bc7497a341d701e98a6/element - {"using":"css selector","value":"#shell-header-logo"}
RESULT: {"using":"css selector","value":"#shell-header-logo"}
COMMAND: POST /session/cd4e213f90090bc7497a341d701e98a6/element/f.3EFE59E47BCAC700A535F57DF4769BD4.d.050B80B14FBC81AE3CCB10532DFAE159.e.13679/click - {}
RESULT: {}
COMMAND: GET /session/cd4e213f90090bc7497a341d701e98a6/screenshot - {}
RESULT: {}
]]></system-out>
    </testcase>
    <testcase classname="chrome.136_0_7103_93.windows.Create_masterdata_for_Yard_Overview_-_trigger_provide_US130988" name="Should do a stock increase handover for equipment" time="68.206">
      <failure/>
      <error message="receiptDate.setValue is not a function"/>
      <system-out><![CDATA[
COMMAND: POST /session/cd4e213f90090bc7497a341d701e98a6/execute/async - {"script":"<script> [1562 bytes]","args":[{"selector":{"controlType":"sap.m.GenericTile","properties":{"header":"Manage Handovers"}},"wdio_ui5_key":"sapm.GenericTile{\"header\":\"Manage Handovers\"}"}]}
RESULT: {"script":"<script> [1562 bytes]","args":[{"selector":{"controlType":"sap.m.GenericTile","properties":{"header":"Manage Handovers"}},"wdio_ui5_key":"sapm.GenericTile{\"header\":\"Manage Handovers\"}"}]}
RESULT: undefined
COMMAND: POST /session/cd4e213f90090bc7497a341d701e98a6/element - {"using":"xpath","value":"//*[@id=\"__tile132\"]"}
RESULT: {"using":"xpath","value":"//*[@id=\"__tile132\"]"}
COMMAND: POST /session/cd4e213f90090bc7497a341d701e98a6/element/f.3EFE59E47BCAC700A535F57DF4769BD4.d.050B80B14FBC81AE3CCB10532DFAE159.e.13054/click - {}
RESULT: {}
COMMAND: GET /session/cd4e213f90090bc7497a341d701e98a6/screenshot - {}
RESULT: {}
COMMAND: POST /session/cd4e213f90090bc7497a341d701e98a6/elements - {"using":"xpath","value":"//span[text()='Error']"}
RESULT: {"using":"xpath","value":"//span[text()='Error']"}
COMMAND: POST /session/cd4e213f90090bc7497a341d701e98a6/element - {"using":"xpath","value":"//button[@data-kt=\"masterHOAddButton\"]"}
RESULT: {"using":"xpath","value":"//button[@data-kt=\"masterHOAddButton\"]"}
COMMAND: POST /session/cd4e213f90090bc7497a341d701e98a6/elements - {"using":"xpath","value":"//button[@data-kt=\"masterHOAddButton\"]"}
RESULT: {"using":"xpath","value":"//button[@data-kt=\"masterHOAddButton\"]"}
COMMAND: POST /session/cd4e213f90090bc7497a341d701e98a6/execute/sync - {"script":"<script> [8489 bytes]","args":[{"element-6066-11e4-a52e-4f735466cecf":"f.3EFE59E47BCAC700A535F57DF4769BD4.d.050B80B14FBC81AE3CCB10532DFAE159.e.13974","ELEMENT":"f.3EFE59E47BCAC700A535F57DF4769BD4.d.050B80B14FBC81AE3CCB10532DFAE159.e.13974"}]}
RESULT: {"script":"<script> [8489 bytes]","args":[{"element-6066-11e4-a52e-4f735466cecf":"f.3EFE59E47BCAC700A535F57DF4769BD4.d.050B80B14FBC81AE3CCB10532DFAE159.e.13974","ELEMENT":"f.3EFE59E47BCAC700A535F57DF4769BD4.d.050B80B14FBC81AE3CCB10532DFAE159.e.13974"}]}
COMMAND: GET /session/cd4e213f90090bc7497a341d701e98a6/element/f.3EFE59E47BCAC700A535F57DF4769BD4.d.050B80B14FBC81AE3CCB10532DFAE159.e.13974/enabled - {}
COMMAND: GET /session/cd4e213f90090bc7497a341d701e98a6/screenshot - {}
RESULT: {}
COMMAND: POST /session/cd4e213f90090bc7497a341d701e98a6/execute/sync - {"script":"<script> [8489 bytes]","args":[{"element-6066-11e4-a52e-4f735466cecf":"f.3EFE59E47BCAC700A535F57DF4769BD4.d.050B80B14FBC81AE3CCB10532DFAE159.e.13974","ELEMENT":"f.3EFE59E47BCAC700A535F57DF4769BD4.d.050B80B14FBC81AE3CCB10532DFAE159.e.13974"}]}
COMMAND: GET /session/cd4e213f90090bc7497a341d701e98a6/screenshot - {}
RESULT: {}
RESULT: {"script":"<script> [8489 bytes]","args":[{"element-6066-11e4-a52e-4f735466cecf":"f.3EFE59E47BCAC700A535F57DF4769BD4.d.050B80B14FBC81AE3CCB10532DFAE159.e.13974","ELEMENT":"f.3EFE59E47BCAC700A535F57DF4769BD4.d.050B80B14FBC81AE3CCB10532DFAE159.e.13974"}]}
COMMAND: POST /session/cd4e213f90090bc7497a341d701e98a6/execute/sync - {"script":"<script> [5351 bytes]","args":[{"element-6066-11e4-a52e-4f735466cecf":"f.3EFE59E47BCAC700A535F57DF4769BD4.d.050B80B14FBC81AE3CCB10532DFAE159.e.13974","ELEMENT":"f.3EFE59E47BCAC700A535F57DF4769BD4.d.050B80B14FBC81AE3CCB10532DFAE159.e.13974"}]}
COMMAND: GET /session/cd4e213f90090bc7497a341d701e98a6/screenshot - {}
RESULT: {}
RESULT: {"script":"<script> [5351 bytes]","args":[{"element-6066-11e4-a52e-4f735466cecf":"f.3EFE59E47BCAC700A535F57DF4769BD4.d.050B80B14FBC81AE3CCB10532DFAE159.e.13974","ELEMENT":"f.3EFE59E47BCAC700A535F57DF4769BD4.d.050B80B14FBC81AE3CCB10532DFAE159.e.13974"}]}
COMMAND: POST /session/cd4e213f90090bc7497a341d701e98a6/element/f.3EFE59E47BCAC700A535F57DF4769BD4.d.050B80B14FBC81AE3CCB10532DFAE159.e.13974/click - {}
COMMAND: GET /session/cd4e213f90090bc7497a341d701e98a6/screenshot - {}
RESULT: {}
RESULT: {}
COMMAND: GET /session/cd4e213f90090bc7497a341d701e98a6/screenshot - {}
RESULT: {}
COMMAND: POST /session/cd4e213f90090bc7497a341d701e98a6/element - {"using":"xpath","value":"//span[contains(@id ,\"AddNewHO--typeSelect-arrow\")]"}
RESULT: {}
RESULT: {"using":"xpath","value":"//span[contains(@id ,\"AddNewHO--typeSelect-arrow\")]"}
COMMAND: POST /session/cd4e213f90090bc7497a341d701e98a6/element/f.3EFE59E47BCAC700A535F57DF4769BD4.d.050B80B14FBC81AE3CCB10532DFAE159.e.14322/click - {}
RESULT: {}
COMMAND: GET /session/cd4e213f90090bc7497a341d701e98a6/screenshot - {}
RESULT: {}
COMMAND: POST /session/cd4e213f90090bc7497a341d701e98a6/element - {"using":"xpath","value":"(//li[contains(text(), \"stock increase yard\")])[1]"}
RESULT: {"using":"xpath","value":"(//li[contains(text(), \"stock increase yard\")])[1]"}
COMMAND: POST /session/cd4e213f90090bc7497a341d701e98a6/element/f.3EFE59E47BCAC700A535F57DF4769BD4.d.050B80B14FBC81AE3CCB10532DFAE159.e.14323/click - {}
RESULT: {}
COMMAND: GET /session/cd4e213f90090bc7497a341d701e98a6/screenshot - {}
RESULT: {}
COMMAND: POST /session/cd4e213f90090bc7497a341d701e98a6/execute/async - {"script":"<script> [1562 bytes]","args":[{"selector":{"id":"application-managehandovers-display-component---AddNewHO--dueDate","interaction":{"idSuffix":"inner"}},"wdio_ui5_key":"applicationmanagehandovers-display-component---AddNewHO--dueDate"}]}
RESULT: {"script":"<script> [1562 bytes]","args":[{"selector":{"id":"application-managehandovers-display-component---AddNewHO--dueDate","interaction":{"idSuffix":"inner"}},"wdio_ui5_key":"applicationmanagehandovers-display-component---AddNewHO--dueDate"}]}
RESULT: undefined
COMMAND: POST /session/cd4e213f90090bc7497a341d701e98a6/execute/async - {"script":"<script> [6424 bytes]","args":[{"element-6066-11e4-a52e-4f735466cecf":"f.3EFE59E47BCAC700A535F57DF4769BD4.d.050B80B14FBC81AE3CCB10532DFAE159.e.14325"},"setValue",["5/22/25"]]}
RESULT: {"script":"<script> [6424 bytes]","args":[{"element-6066-11e4-a52e-4f735466cecf":"f.3EFE59E47BCAC700A535F57DF4769BD4.d.050B80B14FBC81AE3CCB10532DFAE159.e.14325"},"setValue",["5/22/25"]]}
COMMAND: POST /session/cd4e213f90090bc7497a341d701e98a6/element - {"using":"xpath","value":"//input[@id=\"generalSectionFrg--receiveYard-inner\"]"}
RESULT: {"using":"xpath","value":"//input[@id=\"generalSectionFrg--receiveYard-inner\"]"}
COMMAND: POST /session/cd4e213f90090bc7497a341d701e98a6/element/f.3EFE59E47BCAC700A535F57DF4769BD4.d.050B80B14FBC81AE3CCB10532DFAE159.e.14329/clear - {}
RESULT: {}
COMMAND: POST /session/cd4e213f90090bc7497a341d701e98a6/element/f.3EFE59E47BCAC700A535F57DF4769BD4.d.050B80B14FBC81AE3CCB10532DFAE159.e.14329/value - {"text":"672"}
COMMAND: GET /session/cd4e213f90090bc7497a341d701e98a6/screenshot - {}
RESULT: {"text":"672"}
COMMAND: GET /session/cd4e213f90090bc7497a341d701e98a6/screenshot - {}
RESULT: {}
RESULT: {}
COMMAND: POST /session/cd4e213f90090bc7497a341d701e98a6/element - {"using":"xpath","value":"//li[.//span[text()='672']]"}
RESULT: {"using":"xpath","value":"//li[.//span[text()='672']]"}
COMMAND: POST /session/cd4e213f90090bc7497a341d701e98a6/element/f.3EFE59E47BCAC700A535F57DF4769BD4.d.050B80B14FBC81AE3CCB10532DFAE159.e.14345/click - {}
RESULT: {}
COMMAND: GET /session/cd4e213f90090bc7497a341d701e98a6/screenshot - {}
RESULT: {}
COMMAND: POST /session/cd4e213f90090bc7497a341d701e98a6/execute/async - {"script":"<script> [1562 bytes]","args":[{"selector":{"id":"application-managehandovers-display-component---AddNewHO--ObjectPageLayout-anchBar-application-managehandovers-display-component---AddNewHO--section4-anchor","interaction":{"idSuffix":"BDI-content"}},"wdio_ui5_key":"applicationmanagehandovers-display-component---AddNewHO--ObjectPageLayout-anchBar-application-managehandovers-display-component---AddNewHO--section4-anchor"}]}
RESULT: {"script":"<script> [1562 bytes]","args":[{"selector":{"id":"application-managehandovers-display-component---AddNewHO--ObjectPageLayout-anchBar-application-managehandovers-display-component---AddNewHO--section4-anchor","interaction":{"idSuffix":"BDI-content"}},"wdio_ui5_key":"applicationmanagehandovers-display-component---AddNewHO--ObjectPageLayout-anchBar-application-managehandovers-display-component---AddNewHO--section4-anchor"}]}
RESULT: undefined
COMMAND: POST /session/cd4e213f90090bc7497a341d701e98a6/element - {"using":"xpath","value":"//*[@id=\"application-managehandovers-display-component---AddNewHO--ObjectPageLayout-anchBar-application-managehandovers-display-component---AddNewHO--section4-anchor\"]"}
RESULT: {"using":"xpath","value":"//*[@id=\"application-managehandovers-display-component---AddNewHO--ObjectPageLayout-anchBar-application-managehandovers-display-component---AddNewHO--section4-anchor\"]"}
COMMAND: POST /session/cd4e213f90090bc7497a341d701e98a6/element/f.3EFE59E47BCAC700A535F57DF4769BD4.d.050B80B14FBC81AE3CCB10532DFAE159.e.14347/click - {}
RESULT: {}
COMMAND: POST /session/cd4e213f90090bc7497a341d701e98a6/element - {"using":"xpath","value":"//button[@aria-label=\"Add\"]"}
COMMAND: GET /session/cd4e213f90090bc7497a341d701e98a6/screenshot - {}
RESULT: {"using":"xpath","value":"//button[@aria-label=\"Add\"]"}
COMMAND: POST /session/cd4e213f90090bc7497a341d701e98a6/element/f.3EFE59E47BCAC700A535F57DF4769BD4.d.050B80B14FBC81AE3CCB10532DFAE159.e.14349/click - {}
RESULT: {}
RESULT: {}
COMMAND: GET /session/cd4e213f90090bc7497a341d701e98a6/screenshot - {}
RESULT: {}
COMMAND: POST /session/cd4e213f90090bc7497a341d701e98a6/execute/async - {"script":"<script> [1562 bytes]","args":[{"selector":{"id":"application-managehandovers-display-component---AddNewHO--smartFilterBar-btnBasicSearch","searchOpenDialogs":true,"interaction":{"idSuffix":"I"}},"wdio_ui5_key":"applicationmanagehandovers-display-component---AddNewHO--smartFilterBar-btnBasicSearch"}]}
RESULT: {"script":"<script> [1562 bytes]","args":[{"selector":{"id":"application-managehandovers-display-component---AddNewHO--smartFilterBar-btnBasicSearch","searchOpenDialogs":true,"interaction":{"idSuffix":"I"}},"wdio_ui5_key":"applicationmanagehandovers-display-component---AddNewHO--smartFilterBar-btnBasicSearch"}]}
RESULT: undefined
COMMAND: POST /session/cd4e213f90090bc7497a341d701e98a6/execute/async - {"script":"<script> [776 bytes]","args":[{"enterText":"200406","selector":{"id":"application-managehandovers-display-component---AddNewHO--smartFilterBar-btnBasicSearch","searchOpenDialogs":true,"interaction":{"idSuffix":"I"}},"clearTextFirst":true,"interactionType":"ENTER_TEXT"}]}
RESULT: {"script":"<script> [776 bytes]","args":[{"enterText":"200406","selector":{"id":"application-managehandovers-display-component---AddNewHO--smartFilterBar-btnBasicSearch","searchOpenDialogs":true,"interaction":{"idSuffix":"I"}},"clearTextFirst":true,"interactionType":"ENTER_TEXT"}]}
COMMAND: POST /session/cd4e213f90090bc7497a341d701e98a6/actions - {"actions":[{"id":"action56","type":"key","parameters":{},"actions":[{"type":"keyDown","value":""},{"type":"pause","duration":10},{"type":"keyUp","value":""}]}]}
RESULT: {"actions":[{"id":"action56","type":"key","parameters":{},"actions":[{"type":"keyDown","value":""},{"type":"pause","duration":10},{"type":"keyUp","value":""}]}]}
COMMAND: GET /session/cd4e213f90090bc7497a341d701e98a6/screenshot - {}
RESULT: {}
COMMAND: POST /session/cd4e213f90090bc7497a341d701e98a6/execute/async - {"script":"<script> [1562 bytes]","args":[{"selector":{"id":"application-managehandovers-display-component---AddNewHO--popup-sa","searchOpenDialogs":true,"interaction":{"idSuffix":"CbBg"}},"wdio_ui5_key":"applicationmanagehandovers-display-component---AddNewHO--popup-sa"}]}
RESULT: {"script":"<script> [1562 bytes]","args":[{"selector":{"id":"application-managehandovers-display-component---AddNewHO--popup-sa","searchOpenDialogs":true,"interaction":{"idSuffix":"CbBg"}},"wdio_ui5_key":"applicationmanagehandovers-display-component---AddNewHO--popup-sa"}]}
RESULT: undefined
COMMAND: POST /session/cd4e213f90090bc7497a341d701e98a6/element - {"using":"xpath","value":"//*[@id=\"application-managehandovers-display-component---AddNewHO--popup-sa\"]"}
RESULT: {"using":"xpath","value":"//*[@id=\"application-managehandovers-display-component---AddNewHO--popup-sa\"]"}
COMMAND: POST /session/cd4e213f90090bc7497a341d701e98a6/element/f.3EFE59E47BCAC700A535F57DF4769BD4.d.050B80B14FBC81AE3CCB10532DFAE159.e.14502/click - {}
RESULT: {}
COMMAND: GET /session/cd4e213f90090bc7497a341d701e98a6/screenshot - {}
RESULT: {}
COMMAND: POST /session/cd4e213f90090bc7497a341d701e98a6/element - {"using":"xpath","value":"//bdi[contains(text(), \"Select\")]"}
RESULT: {"using":"xpath","value":"//bdi[contains(text(), \"Select\")]"}
COMMAND: POST /session/cd4e213f90090bc7497a341d701e98a6/element/f.3EFE59E47BCAC700A535F57DF4769BD4.d.050B80B14FBC81AE3CCB10532DFAE159.e.14503/click - {}
RESULT: {}
COMMAND: GET /session/cd4e213f90090bc7497a341d701e98a6/screenshot - {}
RESULT: {}
COMMAND: POST /session/cd4e213f90090bc7497a341d701e98a6/element - {"using":"xpath","value":"//button[@data-kt=\"AddNewHOSaveButton\"]"}
RESULT: {"using":"xpath","value":"//button[@data-kt=\"AddNewHOSaveButton\"]"}
COMMAND: POST /session/cd4e213f90090bc7497a341d701e98a6/element/f.3EFE59E47BCAC700A535F57DF4769BD4.d.050B80B14FBC81AE3CCB10532DFAE159.e.14507/click - {}
RESULT: {}
COMMAND: GET /session/cd4e213f90090bc7497a341d701e98a6/screenshot - {}
RESULT: {}
COMMAND: POST /session/cd4e213f90090bc7497a341d701e98a6/execute/async - {"script":"<script> [1562 bytes]","args":[{"selector":{"id":"receiptDatePicker","viewName":"etm.portal.ui.managehandovers.view.DetailExecuteHO","interaction":{"idSuffix":"inner"}},"wdio_ui5_key":"receiptDatePickeretmportal.ui.managehandovers.view.DetailExecuteHO"}]}
RESULT: {"script":"<script> [1562 bytes]","args":[{"selector":{"id":"receiptDatePicker","viewName":"etm.portal.ui.managehandovers.view.DetailExecuteHO","interaction":{"idSuffix":"inner"}},"wdio_ui5_key":"receiptDatePickeretmportal.ui.managehandovers.view.DetailExecuteHO"}]}
RESULT: undefined
COMMAND: GET /session/cd4e213f90090bc7497a341d701e98a6/screenshot - {}
RESULT: {}
]]></system-out>
      <system-err><![CDATA[
TypeError: receiptDate.setValue is not a function
    at UtilsPrerequisites.stockIncrease (D:\a\1\s\test\specs\BTS\prerequisites-and-utils-functions.js:1664:27)
    at async Context.<anonymous> (D:\a\1\s\test\specs\HTR\stock-decrease.spec.js:104:9)
]]></system-err>
    </testcase>
    <testcase classname="chrome.136_0_7103_93.windows.Create_masterdata_for_Yard_Overview_-_trigger_provide_US130988" name="Set status to defect" time="95.432">
      <failure/>
      <error message="Can't call click on element with selector &quot;//li[text()=&quot;defect&quot;]&quot; because element wasn't found"/>
      <system-out><![CDATA[
COMMAND: POST /session/cd4e213f90090bc7497a341d701e98a6/execute/async - {"script":"<script> [1562 bytes]","args":[{"selector":{"controlType":"sap.m.GenericTile","properties":{"header":"Manage States & Performance"}},"wdio_ui5_key":"sapm.GenericTile{\"header\":\"Manage States & Performance\"}"}]}
COMMAND: GET /session/cd4e213f90090bc7497a341d701e98a6/screenshot - {}
RESULT: {"script":"<script> [1562 bytes]","args":[{"selector":{"controlType":"sap.m.GenericTile","properties":{"header":"Manage States & Performance"}},"wdio_ui5_key":"sapm.GenericTile{\"header\":\"Manage States & Performance\"}"}]}
RESULT: undefined
RESULT: {}
COMMAND: POST /session/cd4e213f90090bc7497a341d701e98a6/elements - {"using":"xpath","value":"//span[text()='Error']"}
RESULT: {"using":"xpath","value":"//span[text()='Error']"}
COMMAND: POST /session/cd4e213f90090bc7497a341d701e98a6/elements - {"using":"xpath","value":"//*[text()='Close']"}
RESULT: {"using":"xpath","value":"//*[text()='Close']"}
COMMAND: GET /session/cd4e213f90090bc7497a341d701e98a6/element/f.3EFE59E47BCAC700A535F57DF4769BD4.d.050B80B14FBC81AE3CCB10532DFAE159.e.14512/enabled - {}
RESULT: {}
COMMAND: POST /session/cd4e213f90090bc7497a341d701e98a6/execute/sync - {"script":"<script> [8489 bytes]","args":[{"element-6066-11e4-a52e-4f735466cecf":"f.3EFE59E47BCAC700A535F57DF4769BD4.d.050B80B14FBC81AE3CCB10532DFAE159.e.14512","ELEMENT":"f.3EFE59E47BCAC700A535F57DF4769BD4.d.050B80B14FBC81AE3CCB10532DFAE159.e.14512"}]}
COMMAND: GET /session/cd4e213f90090bc7497a341d701e98a6/screenshot - {}
RESULT: {"script":"<script> [8489 bytes]","args":[{"element-6066-11e4-a52e-4f735466cecf":"f.3EFE59E47BCAC700A535F57DF4769BD4.d.050B80B14FBC81AE3CCB10532DFAE159.e.14512","ELEMENT":"f.3EFE59E47BCAC700A535F57DF4769BD4.d.050B80B14FBC81AE3CCB10532DFAE159.e.14512"}]}
COMMAND: POST /session/cd4e213f90090bc7497a341d701e98a6/execute/sync - {"script":"<script> [5351 bytes]","args":[{"element-6066-11e4-a52e-4f735466cecf":"f.3EFE59E47BCAC700A535F57DF4769BD4.d.050B80B14FBC81AE3CCB10532DFAE159.e.14512","ELEMENT":"f.3EFE59E47BCAC700A535F57DF4769BD4.d.050B80B14FBC81AE3CCB10532DFAE159.e.14512"}]}
COMMAND: GET /session/cd4e213f90090bc7497a341d701e98a6/screenshot - {}
RESULT: {}
RESULT: {"script":"<script> [5351 bytes]","args":[{"element-6066-11e4-a52e-4f735466cecf":"f.3EFE59E47BCAC700A535F57DF4769BD4.d.050B80B14FBC81AE3CCB10532DFAE159.e.14512","ELEMENT":"f.3EFE59E47BCAC700A535F57DF4769BD4.d.050B80B14FBC81AE3CCB10532DFAE159.e.14512"}]}
COMMAND: POST /session/cd4e213f90090bc7497a341d701e98a6/element/f.3EFE59E47BCAC700A535F57DF4769BD4.d.050B80B14FBC81AE3CCB10532DFAE159.e.14512/click - {}
COMMAND: GET /session/cd4e213f90090bc7497a341d701e98a6/screenshot - {}
RESULT: {}
RESULT: {}
COMMAND: POST /session/cd4e213f90090bc7497a341d701e98a6/elements - {"using":"xpath","value":"//*[text()='OK']"}
COMMAND: GET /session/cd4e213f90090bc7497a341d701e98a6/screenshot - {}
RESULT: {}
RESULT: {"using":"xpath","value":"//*[text()='OK']"}
RESULT: {}
COMMAND: POST /session/cd4e213f90090bc7497a341d701e98a6/execute/async - {"script":"<script> [1562 bytes]","args":[{"selector":{"controlType":"sap.ui.core.Icon","viewName":"etm.portal.ui.managestatesandperformance.view.Master","viewId":"application-managestatesandperformance-display-component---stateAndPerform","properties":{"src":{"regex":{"source":"inventory"}}}},"wdio_ui5_key":"etmportal.ui.managestatesandperformance.view.Mastersap.ui.core.Icon{\"src\":{\"regex\":{\"source\":\"inventory\"}}}"}]}
RESULT: {"script":"<script> [1562 bytes]","args":[{"selector":{"controlType":"sap.ui.core.Icon","viewName":"etm.portal.ui.managestatesandperformance.view.Master","viewId":"application-managestatesandperformance-display-component---stateAndPerform","properties":{"src":{"regex":{"source":"inventory"}}}},"wdio_ui5_key":"etmportal.ui.managestatesandperformance.view.Mastersap.ui.core.Icon{\"src\":{\"regex\":{\"source\":\"inventory\"}}}"}]}
RESULT: undefined
COMMAND: POST /session/cd4e213f90090bc7497a341d701e98a6/execute/async - {"script":"<script> [1562 bytes]","args":[{"selector":{"id":"application-managestatesandperformance-display-component---stateAndPerform--smartFilterBarYard-btnBasicSearch","interaction":{"idSuffix":"I"}},"wdio_ui5_key":"applicationmanagestatesandperformance-display-component---stateAndPerform--smartFilterBarYard-btnBasicSearch"}]}
RESULT: {"script":"<script> [1562 bytes]","args":[{"selector":{"id":"application-managestatesandperformance-display-component---stateAndPerform--smartFilterBarYard-btnBasicSearch","interaction":{"idSuffix":"I"}},"wdio_ui5_key":"applicationmanagestatesandperformance-display-component---stateAndPerform--smartFilterBarYard-btnBasicSearch"}]}
RESULT: undefined
COMMAND: POST /session/cd4e213f90090bc7497a341d701e98a6/actions - {"actions":[{"id":"action57","type":"key","parameters":{},"actions":[{"type":"keyDown","value":""},{"type":"pause","duration":10},{"type":"keyUp","value":""}]}]}
RESULT: {"actions":[{"id":"action57","type":"key","parameters":{},"actions":[{"type":"keyDown","value":""},{"type":"pause","duration":10},{"type":"keyUp","value":""}]}]}
COMMAND: GET /session/cd4e213f90090bc7497a341d701e98a6/screenshot - {}
RESULT: {}
COMMAND: POST /session/cd4e213f90090bc7497a341d701e98a6/element - {"using":"xpath","value":"(//span[contains(@id, \"imgNav\")])[1]"}
RESULT: {"using":"xpath","value":"(//span[contains(@id, \"imgNav\")])[1]"}
COMMAND: POST /session/cd4e213f90090bc7497a341d701e98a6/element/f.3EFE59E47BCAC700A535F57DF4769BD4.d.050B80B14FBC81AE3CCB10532DFAE159.e.14006/click - {}
RESULT: {}
COMMAND: GET /session/cd4e213f90090bc7497a341d701e98a6/screenshot - {}
RESULT: {}
COMMAND: POST /session/cd4e213f90090bc7497a341d701e98a6/execute/async - {"script":"<script> [1562 bytes]","args":[{"selector":{"controlType":"sap.m.Button","viewName":"etm.portal.ui.managestatesandperformance.view.Detail","viewId":"application-managestatesandperformance-display-component---detailStateAndPerform","i18NText":{"propertyName":"text","key":"createStateChange"},"interaction":{"idSuffix":"content"}},"wdio_ui5_key":"etmportal.ui.managestatesandperformance.view.Detailsap.m.Button{\"propertyName\":\"text\",\"key\":\"createStateChange\"}"}]}
RESULT: {"script":"<script> [1562 bytes]","args":[{"selector":{"controlType":"sap.m.Button","viewName":"etm.portal.ui.managestatesandperformance.view.Detail","viewId":"application-managestatesandperformance-display-component---detailStateAndPerform","i18NText":{"propertyName":"text","key":"createStateChange"},"interaction":{"idSuffix":"content"}},"wdio_ui5_key":"etmportal.ui.managestatesandperformance.view.Detailsap.m.Button{\"propertyName\":\"text\",\"key\":\"createStateChange\"}"}]}
RESULT: undefined
COMMAND: POST /session/cd4e213f90090bc7497a341d701e98a6/execute/async - {"script":"<script> [1562 bytes]","args":[{"selector":{"id":"addStateDialog--stateSelect","searchOpenDialogs":true,"interaction":{"idSuffix":"arrow"}},"wdio_ui5_key":"addStateDialogstateSelect"}]}
RESULT: {"script":"<script> [1562 bytes]","args":[{"selector":{"id":"addStateDialog--stateSelect","searchOpenDialogs":true,"interaction":{"idSuffix":"arrow"}},"wdio_ui5_key":"addStateDialogstateSelect"}]}
RESULT: undefined
COMMAND: POST /session/cd4e213f90090bc7497a341d701e98a6/element - {"using":"xpath","value":"//li[text()=\"defect\"]"}
RESULT: {"using":"xpath","value":"//li[text()=\"defect\"]"}
COMMAND: POST /session/cd4e213f90090bc7497a341d701e98a6/elements - {"using":"xpath","value":"//li[text()=\"defect\"]"}
RESULT: {"using":"xpath","value":"//li[text()=\"defect\"]"}
COMMAND: POST /session/cd4e213f90090bc7497a341d701e98a6/elements - {"using":"xpath","value":"//li[text()=\"defect\"]"}
RESULT: {"using":"xpath","value":"//li[text()=\"defect\"]"}
COMMAND: POST /session/cd4e213f90090bc7497a341d701e98a6/elements - {"using":"xpath","value":"//li[text()=\"defect\"]"}
RESULT: {"using":"xpath","value":"//li[text()=\"defect\"]"}
COMMAND: POST /session/cd4e213f90090bc7497a341d701e98a6/elements - {"using":"xpath","value":"//li[text()=\"defect\"]"}
RESULT: {"using":"xpath","value":"//li[text()=\"defect\"]"}
COMMAND: POST /session/cd4e213f90090bc7497a341d701e98a6/elements - {"using":"xpath","value":"//li[text()=\"defect\"]"}
RESULT: {"using":"xpath","value":"//li[text()=\"defect\"]"}
COMMAND: POST /session/cd4e213f90090bc7497a341d701e98a6/elements - {"using":"xpath","value":"//li[text()=\"defect\"]"}
RESULT: {"using":"xpath","value":"//li[text()=\"defect\"]"}
COMMAND: POST /session/cd4e213f90090bc7497a341d701e98a6/elements - {"using":"xpath","value":"//li[text()=\"defect\"]"}
RESULT: {"using":"xpath","value":"//li[text()=\"defect\"]"}
COMMAND: POST /session/cd4e213f90090bc7497a341d701e98a6/elements - {"using":"xpath","value":"//li[text()=\"defect\"]"}
RESULT: {"using":"xpath","value":"//li[text()=\"defect\"]"}
COMMAND: POST /session/cd4e213f90090bc7497a341d701e98a6/elements - {"using":"xpath","value":"//li[text()=\"defect\"]"}
RESULT: {"using":"xpath","value":"//li[text()=\"defect\"]"}
COMMAND: POST /session/cd4e213f90090bc7497a341d701e98a6/elements - {"using":"xpath","value":"//li[text()=\"defect\"]"}
RESULT: {"using":"xpath","value":"//li[text()=\"defect\"]"}
COMMAND: POST /session/cd4e213f90090bc7497a341d701e98a6/elements - {"using":"xpath","value":"//li[text()=\"defect\"]"}
RESULT: {"using":"xpath","value":"//li[text()=\"defect\"]"}
COMMAND: POST /session/cd4e213f90090bc7497a341d701e98a6/elements - {"using":"xpath","value":"//li[text()=\"defect\"]"}
RESULT: {"using":"xpath","value":"//li[text()=\"defect\"]"}
COMMAND: POST /session/cd4e213f90090bc7497a341d701e98a6/elements - {"using":"xpath","value":"//li[text()=\"defect\"]"}
RESULT: {"using":"xpath","value":"//li[text()=\"defect\"]"}
COMMAND: POST /session/cd4e213f90090bc7497a341d701e98a6/elements - {"using":"xpath","value":"//li[text()=\"defect\"]"}
RESULT: {"using":"xpath","value":"//li[text()=\"defect\"]"}
COMMAND: POST /session/cd4e213f90090bc7497a341d701e98a6/elements - {"using":"xpath","value":"//li[text()=\"defect\"]"}
RESULT: {"using":"xpath","value":"//li[text()=\"defect\"]"}
COMMAND: POST /session/cd4e213f90090bc7497a341d701e98a6/elements - {"using":"xpath","value":"//li[text()=\"defect\"]"}
RESULT: {"using":"xpath","value":"//li[text()=\"defect\"]"}
COMMAND: POST /session/cd4e213f90090bc7497a341d701e98a6/elements - {"using":"xpath","value":"//li[text()=\"defect\"]"}
RESULT: {"using":"xpath","value":"//li[text()=\"defect\"]"}
COMMAND: POST /session/cd4e213f90090bc7497a341d701e98a6/elements - {"using":"xpath","value":"//li[text()=\"defect\"]"}
RESULT: {"using":"xpath","value":"//li[text()=\"defect\"]"}
COMMAND: POST /session/cd4e213f90090bc7497a341d701e98a6/elements - {"using":"xpath","value":"//li[text()=\"defect\"]"}
RESULT: {"using":"xpath","value":"//li[text()=\"defect\"]"}
COMMAND: POST /session/cd4e213f90090bc7497a341d701e98a6/elements - {"using":"xpath","value":"//li[text()=\"defect\"]"}
RESULT: {"using":"xpath","value":"//li[text()=\"defect\"]"}
COMMAND: POST /session/cd4e213f90090bc7497a341d701e98a6/elements - {"using":"xpath","value":"//li[text()=\"defect\"]"}
RESULT: {"using":"xpath","value":"//li[text()=\"defect\"]"}
COMMAND: POST /session/cd4e213f90090bc7497a341d701e98a6/elements - {"using":"xpath","value":"//li[text()=\"defect\"]"}
RESULT: {"using":"xpath","value":"//li[text()=\"defect\"]"}
COMMAND: POST /session/cd4e213f90090bc7497a341d701e98a6/elements - {"using":"xpath","value":"//li[text()=\"defect\"]"}
RESULT: {"using":"xpath","value":"//li[text()=\"defect\"]"}
COMMAND: POST /session/cd4e213f90090bc7497a341d701e98a6/elements - {"using":"xpath","value":"//li[text()=\"defect\"]"}
RESULT: {"using":"xpath","value":"//li[text()=\"defect\"]"}
COMMAND: POST /session/cd4e213f90090bc7497a341d701e98a6/elements - {"using":"xpath","value":"//li[text()=\"defect\"]"}
RESULT: {"using":"xpath","value":"//li[text()=\"defect\"]"}
COMMAND: POST /session/cd4e213f90090bc7497a341d701e98a6/elements - {"using":"xpath","value":"//li[text()=\"defect\"]"}
RESULT: {"using":"xpath","value":"//li[text()=\"defect\"]"}
COMMAND: POST /session/cd4e213f90090bc7497a341d701e98a6/elements - {"using":"xpath","value":"//li[text()=\"defect\"]"}
RESULT: {"using":"xpath","value":"//li[text()=\"defect\"]"}
COMMAND: POST /session/cd4e213f90090bc7497a341d701e98a6/elements - {"using":"xpath","value":"//li[text()=\"defect\"]"}
RESULT: {"using":"xpath","value":"//li[text()=\"defect\"]"}
COMMAND: POST /session/cd4e213f90090bc7497a341d701e98a6/elements - {"using":"xpath","value":"//li[text()=\"defect\"]"}
RESULT: {"using":"xpath","value":"//li[text()=\"defect\"]"}
COMMAND: POST /session/cd4e213f90090bc7497a341d701e98a6/elements - {"using":"xpath","value":"//li[text()=\"defect\"]"}
RESULT: {"using":"xpath","value":"//li[text()=\"defect\"]"}
COMMAND: POST /session/cd4e213f90090bc7497a341d701e98a6/elements - {"using":"xpath","value":"//li[text()=\"defect\"]"}
RESULT: {"using":"xpath","value":"//li[text()=\"defect\"]"}
COMMAND: POST /session/cd4e213f90090bc7497a341d701e98a6/elements - {"using":"xpath","value":"//li[text()=\"defect\"]"}
RESULT: {"using":"xpath","value":"//li[text()=\"defect\"]"}
COMMAND: POST /session/cd4e213f90090bc7497a341d701e98a6/elements - {"using":"xpath","value":"//li[text()=\"defect\"]"}
RESULT: {"using":"xpath","value":"//li[text()=\"defect\"]"}
COMMAND: POST /session/cd4e213f90090bc7497a341d701e98a6/elements - {"using":"xpath","value":"//li[text()=\"defect\"]"}
RESULT: {"using":"xpath","value":"//li[text()=\"defect\"]"}
COMMAND: POST /session/cd4e213f90090bc7497a341d701e98a6/elements - {"using":"xpath","value":"//li[text()=\"defect\"]"}
RESULT: {"using":"xpath","value":"//li[text()=\"defect\"]"}
COMMAND: POST /session/cd4e213f90090bc7497a341d701e98a6/elements - {"using":"xpath","value":"//li[text()=\"defect\"]"}
RESULT: {"using":"xpath","value":"//li[text()=\"defect\"]"}
COMMAND: POST /session/cd4e213f90090bc7497a341d701e98a6/elements - {"using":"xpath","value":"//li[text()=\"defect\"]"}
RESULT: {"using":"xpath","value":"//li[text()=\"defect\"]"}
COMMAND: POST /session/cd4e213f90090bc7497a341d701e98a6/elements - {"using":"xpath","value":"//li[text()=\"defect\"]"}
RESULT: {"using":"xpath","value":"//li[text()=\"defect\"]"}
COMMAND: POST /session/cd4e213f90090bc7497a341d701e98a6/elements - {"using":"xpath","value":"//li[text()=\"defect\"]"}
RESULT: {"using":"xpath","value":"//li[text()=\"defect\"]"}
COMMAND: POST /session/cd4e213f90090bc7497a341d701e98a6/elements - {"using":"xpath","value":"//li[text()=\"defect\"]"}
RESULT: {"using":"xpath","value":"//li[text()=\"defect\"]"}
COMMAND: POST /session/cd4e213f90090bc7497a341d701e98a6/elements - {"using":"xpath","value":"//li[text()=\"defect\"]"}
RESULT: {"using":"xpath","value":"//li[text()=\"defect\"]"}
COMMAND: POST /session/cd4e213f90090bc7497a341d701e98a6/elements - {"using":"xpath","value":"//li[text()=\"defect\"]"}
RESULT: {"using":"xpath","value":"//li[text()=\"defect\"]"}
COMMAND: POST /session/cd4e213f90090bc7497a341d701e98a6/elements - {"using":"xpath","value":"//li[text()=\"defect\"]"}
RESULT: {"using":"xpath","value":"//li[text()=\"defect\"]"}
COMMAND: POST /session/cd4e213f90090bc7497a341d701e98a6/elements - {"using":"xpath","value":"//li[text()=\"defect\"]"}
RESULT: {"using":"xpath","value":"//li[text()=\"defect\"]"}
COMMAND: POST /session/cd4e213f90090bc7497a341d701e98a6/elements - {"using":"xpath","value":"//li[text()=\"defect\"]"}
RESULT: {"using":"xpath","value":"//li[text()=\"defect\"]"}
COMMAND: POST /session/cd4e213f90090bc7497a341d701e98a6/elements - {"using":"xpath","value":"//li[text()=\"defect\"]"}
RESULT: {"using":"xpath","value":"//li[text()=\"defect\"]"}
COMMAND: POST /session/cd4e213f90090bc7497a341d701e98a6/elements - {"using":"xpath","value":"//li[text()=\"defect\"]"}
RESULT: {"using":"xpath","value":"//li[text()=\"defect\"]"}
COMMAND: POST /session/cd4e213f90090bc7497a341d701e98a6/elements - {"using":"xpath","value":"//li[text()=\"defect\"]"}
RESULT: {"using":"xpath","value":"//li[text()=\"defect\"]"}
COMMAND: POST /session/cd4e213f90090bc7497a341d701e98a6/elements - {"using":"xpath","value":"//li[text()=\"defect\"]"}
RESULT: {"using":"xpath","value":"//li[text()=\"defect\"]"}
COMMAND: POST /session/cd4e213f90090bc7497a341d701e98a6/elements - {"using":"xpath","value":"//li[text()=\"defect\"]"}
RESULT: {"using":"xpath","value":"//li[text()=\"defect\"]"}
COMMAND: POST /session/cd4e213f90090bc7497a341d701e98a6/elements - {"using":"xpath","value":"//li[text()=\"defect\"]"}
RESULT: {"using":"xpath","value":"//li[text()=\"defect\"]"}
COMMAND: POST /session/cd4e213f90090bc7497a341d701e98a6/elements - {"using":"xpath","value":"//li[text()=\"defect\"]"}
RESULT: {"using":"xpath","value":"//li[text()=\"defect\"]"}
COMMAND: POST /session/cd4e213f90090bc7497a341d701e98a6/elements - {"using":"xpath","value":"//li[text()=\"defect\"]"}
RESULT: {"using":"xpath","value":"//li[text()=\"defect\"]"}
COMMAND: POST /session/cd4e213f90090bc7497a341d701e98a6/elements - {"using":"xpath","value":"//li[text()=\"defect\"]"}
RESULT: {"using":"xpath","value":"//li[text()=\"defect\"]"}
COMMAND: POST /session/cd4e213f90090bc7497a341d701e98a6/elements - {"using":"xpath","value":"//li[text()=\"defect\"]"}
RESULT: {"using":"xpath","value":"//li[text()=\"defect\"]"}
COMMAND: POST /session/cd4e213f90090bc7497a341d701e98a6/elements - {"using":"xpath","value":"//li[text()=\"defect\"]"}
RESULT: {"using":"xpath","value":"//li[text()=\"defect\"]"}
COMMAND: POST /session/cd4e213f90090bc7497a341d701e98a6/elements - {"using":"xpath","value":"//li[text()=\"defect\"]"}
RESULT: {"using":"xpath","value":"//li[text()=\"defect\"]"}
COMMAND: POST /session/cd4e213f90090bc7497a341d701e98a6/elements - {"using":"xpath","value":"//li[text()=\"defect\"]"}
RESULT: {"using":"xpath","value":"//li[text()=\"defect\"]"}
COMMAND: POST /session/cd4e213f90090bc7497a341d701e98a6/elements - {"using":"xpath","value":"//li[text()=\"defect\"]"}
RESULT: {"using":"xpath","value":"//li[text()=\"defect\"]"}
COMMAND: POST /session/cd4e213f90090bc7497a341d701e98a6/elements - {"using":"xpath","value":"//li[text()=\"defect\"]"}
RESULT: {"using":"xpath","value":"//li[text()=\"defect\"]"}
COMMAND: POST /session/cd4e213f90090bc7497a341d701e98a6/elements - {"using":"xpath","value":"//li[text()=\"defect\"]"}
RESULT: {"using":"xpath","value":"//li[text()=\"defect\"]"}
COMMAND: POST /session/cd4e213f90090bc7497a341d701e98a6/elements - {"using":"xpath","value":"//li[text()=\"defect\"]"}
RESULT: {"using":"xpath","value":"//li[text()=\"defect\"]"}
COMMAND: POST /session/cd4e213f90090bc7497a341d701e98a6/elements - {"using":"xpath","value":"//li[text()=\"defect\"]"}
RESULT: {"using":"xpath","value":"//li[text()=\"defect\"]"}
COMMAND: POST /session/cd4e213f90090bc7497a341d701e98a6/elements - {"using":"xpath","value":"//li[text()=\"defect\"]"}
RESULT: {"using":"xpath","value":"//li[text()=\"defect\"]"}
COMMAND: POST /session/cd4e213f90090bc7497a341d701e98a6/elements - {"using":"xpath","value":"//li[text()=\"defect\"]"}
RESULT: {"using":"xpath","value":"//li[text()=\"defect\"]"}
COMMAND: POST /session/cd4e213f90090bc7497a341d701e98a6/elements - {"using":"xpath","value":"//li[text()=\"defect\"]"}
RESULT: {"using":"xpath","value":"//li[text()=\"defect\"]"}
COMMAND: POST /session/cd4e213f90090bc7497a341d701e98a6/elements - {"using":"xpath","value":"//li[text()=\"defect\"]"}
RESULT: {"using":"xpath","value":"//li[text()=\"defect\"]"}
COMMAND: POST /session/cd4e213f90090bc7497a341d701e98a6/elements - {"using":"xpath","value":"//li[text()=\"defect\"]"}
RESULT: {"using":"xpath","value":"//li[text()=\"defect\"]"}
COMMAND: POST /session/cd4e213f90090bc7497a341d701e98a6/elements - {"using":"xpath","value":"//li[text()=\"defect\"]"}
RESULT: {"using":"xpath","value":"//li[text()=\"defect\"]"}
COMMAND: POST /session/cd4e213f90090bc7497a341d701e98a6/elements - {"using":"xpath","value":"//li[text()=\"defect\"]"}
RESULT: {"using":"xpath","value":"//li[text()=\"defect\"]"}
COMMAND: POST /session/cd4e213f90090bc7497a341d701e98a6/elements - {"using":"xpath","value":"//li[text()=\"defect\"]"}
RESULT: {"using":"xpath","value":"//li[text()=\"defect\"]"}
COMMAND: POST /session/cd4e213f90090bc7497a341d701e98a6/elements - {"using":"xpath","value":"//li[text()=\"defect\"]"}
RESULT: {"using":"xpath","value":"//li[text()=\"defect\"]"}
COMMAND: POST /session/cd4e213f90090bc7497a341d701e98a6/elements - {"using":"xpath","value":"//li[text()=\"defect\"]"}
RESULT: {"using":"xpath","value":"//li[text()=\"defect\"]"}
COMMAND: POST /session/cd4e213f90090bc7497a341d701e98a6/elements - {"using":"xpath","value":"//li[text()=\"defect\"]"}
RESULT: {"using":"xpath","value":"//li[text()=\"defect\"]"}
COMMAND: POST /session/cd4e213f90090bc7497a341d701e98a6/elements - {"using":"xpath","value":"//li[text()=\"defect\"]"}
RESULT: {"using":"xpath","value":"//li[text()=\"defect\"]"}
COMMAND: POST /session/cd4e213f90090bc7497a341d701e98a6/elements - {"using":"xpath","value":"//li[text()=\"defect\"]"}
RESULT: {"using":"xpath","value":"//li[text()=\"defect\"]"}
COMMAND: POST /session/cd4e213f90090bc7497a341d701e98a6/elements - {"using":"xpath","value":"//li[text()=\"defect\"]"}
RESULT: {"using":"xpath","value":"//li[text()=\"defect\"]"}
COMMAND: POST /session/cd4e213f90090bc7497a341d701e98a6/elements - {"using":"xpath","value":"//li[text()=\"defect\"]"}
RESULT: {"using":"xpath","value":"//li[text()=\"defect\"]"}
COMMAND: POST /session/cd4e213f90090bc7497a341d701e98a6/elements - {"using":"xpath","value":"//li[text()=\"defect\"]"}
RESULT: {"using":"xpath","value":"//li[text()=\"defect\"]"}
COMMAND: POST /session/cd4e213f90090bc7497a341d701e98a6/elements - {"using":"xpath","value":"//li[text()=\"defect\"]"}
RESULT: {"using":"xpath","value":"//li[text()=\"defect\"]"}
COMMAND: POST /session/cd4e213f90090bc7497a341d701e98a6/elements - {"using":"xpath","value":"//li[text()=\"defect\"]"}
RESULT: {"using":"xpath","value":"//li[text()=\"defect\"]"}
COMMAND: POST /session/cd4e213f90090bc7497a341d701e98a6/elements - {"using":"xpath","value":"//li[text()=\"defect\"]"}
RESULT: {"using":"xpath","value":"//li[text()=\"defect\"]"}
COMMAND: POST /session/cd4e213f90090bc7497a341d701e98a6/elements - {"using":"xpath","value":"//li[text()=\"defect\"]"}
RESULT: {"using":"xpath","value":"//li[text()=\"defect\"]"}
COMMAND: POST /session/cd4e213f90090bc7497a341d701e98a6/elements - {"using":"xpath","value":"//li[text()=\"defect\"]"}
RESULT: {"using":"xpath","value":"//li[text()=\"defect\"]"}
COMMAND: POST /session/cd4e213f90090bc7497a341d701e98a6/elements - {"using":"xpath","value":"//li[text()=\"defect\"]"}
RESULT: {"using":"xpath","value":"//li[text()=\"defect\"]"}
COMMAND: POST /session/cd4e213f90090bc7497a341d701e98a6/elements - {"using":"xpath","value":"//li[text()=\"defect\"]"}
RESULT: {"using":"xpath","value":"//li[text()=\"defect\"]"}
COMMAND: POST /session/cd4e213f90090bc7497a341d701e98a6/elements - {"using":"xpath","value":"//li[text()=\"defect\"]"}
RESULT: {"using":"xpath","value":"//li[text()=\"defect\"]"}
COMMAND: POST /session/cd4e213f90090bc7497a341d701e98a6/elements - {"using":"xpath","value":"//li[text()=\"defect\"]"}
RESULT: {"using":"xpath","value":"//li[text()=\"defect\"]"}
COMMAND: POST /session/cd4e213f90090bc7497a341d701e98a6/elements - {"using":"xpath","value":"//li[text()=\"defect\"]"}
RESULT: {"using":"xpath","value":"//li[text()=\"defect\"]"}
COMMAND: POST /session/cd4e213f90090bc7497a341d701e98a6/elements - {"using":"xpath","value":"//li[text()=\"defect\"]"}
RESULT: {"using":"xpath","value":"//li[text()=\"defect\"]"}
COMMAND: POST /session/cd4e213f90090bc7497a341d701e98a6/elements - {"using":"xpath","value":"//li[text()=\"defect\"]"}
RESULT: {"using":"xpath","value":"//li[text()=\"defect\"]"}
COMMAND: POST /session/cd4e213f90090bc7497a341d701e98a6/elements - {"using":"xpath","value":"//li[text()=\"defect\"]"}
RESULT: {"using":"xpath","value":"//li[text()=\"defect\"]"}
COMMAND: POST /session/cd4e213f90090bc7497a341d701e98a6/elements - {"using":"xpath","value":"//li[text()=\"defect\"]"}
RESULT: {"using":"xpath","value":"//li[text()=\"defect\"]"}
COMMAND: POST /session/cd4e213f90090bc7497a341d701e98a6/elements - {"using":"xpath","value":"//li[text()=\"defect\"]"}
RESULT: {"using":"xpath","value":"//li[text()=\"defect\"]"}
COMMAND: POST /session/cd4e213f90090bc7497a341d701e98a6/elements - {"using":"xpath","value":"//li[text()=\"defect\"]"}
RESULT: {"using":"xpath","value":"//li[text()=\"defect\"]"}
COMMAND: POST /session/cd4e213f90090bc7497a341d701e98a6/elements - {"using":"xpath","value":"//li[text()=\"defect\"]"}
RESULT: {"using":"xpath","value":"//li[text()=\"defect\"]"}
COMMAND: POST /session/cd4e213f90090bc7497a341d701e98a6/elements - {"using":"xpath","value":"//li[text()=\"defect\"]"}
RESULT: {"using":"xpath","value":"//li[text()=\"defect\"]"}
COMMAND: POST /session/cd4e213f90090bc7497a341d701e98a6/elements - {"using":"xpath","value":"//li[text()=\"defect\"]"}
RESULT: {"using":"xpath","value":"//li[text()=\"defect\"]"}
COMMAND: POST /session/cd4e213f90090bc7497a341d701e98a6/elements - {"using":"xpath","value":"//li[text()=\"defect\"]"}
RESULT: {"using":"xpath","value":"//li[text()=\"defect\"]"}
COMMAND: POST /session/cd4e213f90090bc7497a341d701e98a6/elements - {"using":"xpath","value":"//li[text()=\"defect\"]"}
RESULT: {"using":"xpath","value":"//li[text()=\"defect\"]"}
COMMAND: POST /session/cd4e213f90090bc7497a341d701e98a6/elements - {"using":"xpath","value":"//li[text()=\"defect\"]"}
RESULT: {"using":"xpath","value":"//li[text()=\"defect\"]"}
COMMAND: POST /session/cd4e213f90090bc7497a341d701e98a6/elements - {"using":"xpath","value":"//li[text()=\"defect\"]"}
RESULT: {"using":"xpath","value":"//li[text()=\"defect\"]"}
COMMAND: POST /session/cd4e213f90090bc7497a341d701e98a6/elements - {"using":"xpath","value":"//li[text()=\"defect\"]"}
RESULT: {"using":"xpath","value":"//li[text()=\"defect\"]"}
COMMAND: POST /session/cd4e213f90090bc7497a341d701e98a6/elements - {"using":"xpath","value":"//li[text()=\"defect\"]"}
RESULT: {"using":"xpath","value":"//li[text()=\"defect\"]"}
COMMAND: POST /session/cd4e213f90090bc7497a341d701e98a6/elements - {"using":"xpath","value":"//li[text()=\"defect\"]"}
RESULT: {"using":"xpath","value":"//li[text()=\"defect\"]"}
COMMAND: POST /session/cd4e213f90090bc7497a341d701e98a6/elements - {"using":"xpath","value":"//li[text()=\"defect\"]"}
RESULT: {"using":"xpath","value":"//li[text()=\"defect\"]"}
COMMAND: POST /session/cd4e213f90090bc7497a341d701e98a6/elements - {"using":"xpath","value":"//li[text()=\"defect\"]"}
RESULT: {"using":"xpath","value":"//li[text()=\"defect\"]"}
COMMAND: POST /session/cd4e213f90090bc7497a341d701e98a6/elements - {"using":"xpath","value":"//li[text()=\"defect\"]"}
RESULT: {"using":"xpath","value":"//li[text()=\"defect\"]"}
COMMAND: POST /session/cd4e213f90090bc7497a341d701e98a6/elements - {"using":"xpath","value":"//li[text()=\"defect\"]"}
RESULT: {"using":"xpath","value":"//li[text()=\"defect\"]"}
COMMAND: POST /session/cd4e213f90090bc7497a341d701e98a6/elements - {"using":"xpath","value":"//li[text()=\"defect\"]"}
RESULT: {"using":"xpath","value":"//li[text()=\"defect\"]"}
COMMAND: POST /session/cd4e213f90090bc7497a341d701e98a6/elements - {"using":"xpath","value":"//li[text()=\"defect\"]"}
RESULT: {"using":"xpath","value":"//li[text()=\"defect\"]"}
COMMAND: POST /session/cd4e213f90090bc7497a341d701e98a6/elements - {"using":"xpath","value":"//li[text()=\"defect\"]"}
RESULT: {"using":"xpath","value":"//li[text()=\"defect\"]"}
COMMAND: POST /session/cd4e213f90090bc7497a341d701e98a6/elements - {"using":"xpath","value":"//li[text()=\"defect\"]"}
RESULT: {"using":"xpath","value":"//li[text()=\"defect\"]"}
COMMAND: POST /session/cd4e213f90090bc7497a341d701e98a6/elements - {"using":"xpath","value":"//li[text()=\"defect\"]"}
RESULT: {"using":"xpath","value":"//li[text()=\"defect\"]"}
COMMAND: POST /session/cd4e213f90090bc7497a341d701e98a6/elements - {"using":"xpath","value":"//li[text()=\"defect\"]"}
RESULT: {"using":"xpath","value":"//li[text()=\"defect\"]"}
COMMAND: POST /session/cd4e213f90090bc7497a341d701e98a6/elements - {"using":"xpath","value":"//li[text()=\"defect\"]"}
RESULT: {"using":"xpath","value":"//li[text()=\"defect\"]"}
COMMAND: POST /session/cd4e213f90090bc7497a341d701e98a6/elements - {"using":"xpath","value":"//li[text()=\"defect\"]"}
RESULT: {"using":"xpath","value":"//li[text()=\"defect\"]"}
COMMAND: POST /session/cd4e213f90090bc7497a341d701e98a6/elements - {"using":"xpath","value":"//li[text()=\"defect\"]"}
RESULT: {"using":"xpath","value":"//li[text()=\"defect\"]"}
COMMAND: POST /session/cd4e213f90090bc7497a341d701e98a6/elements - {"using":"xpath","value":"//li[text()=\"defect\"]"}
RESULT: {"using":"xpath","value":"//li[text()=\"defect\"]"}
COMMAND: POST /session/cd4e213f90090bc7497a341d701e98a6/elements - {"using":"xpath","value":"//li[text()=\"defect\"]"}
RESULT: {"using":"xpath","value":"//li[text()=\"defect\"]"}
COMMAND: GET /session/cd4e213f90090bc7497a341d701e98a6/screenshot - {}
RESULT: {}
COMMAND: GET /session/cd4e213f90090bc7497a341d701e98a6/screenshot - {}
]]></system-out>
      <system-err><![CDATA[
Error: Can't call click on element with selector "//li[text()="defect"]" because element wasn't found
    at async Context.<anonymous> (D:\a\1\s\test\specs\HTR\stock-decrease.spec.js:166:9)
]]></system-err>
    </testcase>
    <testcase classname="chrome.136_0_7103_93.windows.Create_masterdata_for_Yard_Overview_-_trigger_provide_US130988" name="Should do a Stock Decrease" time="147.883">
      <failure/>
      <error message="Can't call click on element with selector &quot;//bdi[contains(text(), &quot;Issue&quot;)]&quot; because element wasn't found"/>
      <system-out><![CDATA[
RESULT: undefined
COMMAND: POST /session/cd4e213f90090bc7497a341d701e98a6/element - {"using":"xpath","value":"//*[@id=\"__tile132\"]"}
RESULT: {"using":"xpath","value":"//*[@id=\"__tile132\"]"}
COMMAND: POST /session/cd4e213f90090bc7497a341d701e98a6/element/f.3EFE59E47BCAC700A535F57DF4769BD4.d.050B80B14FBC81AE3CCB10532DFAE159.e.13054/click - {}
RESULT: {}
COMMAND: POST /session/cd4e213f90090bc7497a341d701e98a6/elements - {"using":"xpath","value":"//span[text()='Error']"}
RESULT: {"using":"xpath","value":"//span[text()='Error']"}
COMMAND: POST /session/cd4e213f90090bc7497a341d701e98a6/element - {"using":"xpath","value":"//button[@data-kt=\"masterHOAddButton\"]"}
RESULT: {"using":"xpath","value":"//button[@data-kt=\"masterHOAddButton\"]"}
COMMAND: POST /session/cd4e213f90090bc7497a341d701e98a6/elements - {"using":"xpath","value":"//button[@data-kt=\"masterHOAddButton\"]"}
RESULT: {"using":"xpath","value":"//button[@data-kt=\"masterHOAddButton\"]"}
COMMAND: POST /session/cd4e213f90090bc7497a341d701e98a6/execute/sync - {"script":"<script> [8489 bytes]","args":[{"element-6066-11e4-a52e-4f735466cecf":"f.3EFE59E47BCAC700A535F57DF4769BD4.d.050B80B14FBC81AE3CCB10532DFAE159.e.13974","ELEMENT":"f.3EFE59E47BCAC700A535F57DF4769BD4.d.050B80B14FBC81AE3CCB10532DFAE159.e.13974"}]}
RESULT: {"script":"<script> [8489 bytes]","args":[{"element-6066-11e4-a52e-4f735466cecf":"f.3EFE59E47BCAC700A535F57DF4769BD4.d.050B80B14FBC81AE3CCB10532DFAE159.e.13974","ELEMENT":"f.3EFE59E47BCAC700A535F57DF4769BD4.d.050B80B14FBC81AE3CCB10532DFAE159.e.13974"}]}
COMMAND: GET /session/cd4e213f90090bc7497a341d701e98a6/element/f.3EFE59E47BCAC700A535F57DF4769BD4.d.050B80B14FBC81AE3CCB10532DFAE159.e.13974/enabled - {}
COMMAND: GET /session/cd4e213f90090bc7497a341d701e98a6/screenshot - {}
RESULT: {}
COMMAND: POST /session/cd4e213f90090bc7497a341d701e98a6/execute/sync - {"script":"<script> [8489 bytes]","args":[{"element-6066-11e4-a52e-4f735466cecf":"f.3EFE59E47BCAC700A535F57DF4769BD4.d.050B80B14FBC81AE3CCB10532DFAE159.e.13974","ELEMENT":"f.3EFE59E47BCAC700A535F57DF4769BD4.d.050B80B14FBC81AE3CCB10532DFAE159.e.13974"}]}
COMMAND: GET /session/cd4e213f90090bc7497a341d701e98a6/screenshot - {}
RESULT: {}
RESULT: {"script":"<script> [8489 bytes]","args":[{"element-6066-11e4-a52e-4f735466cecf":"f.3EFE59E47BCAC700A535F57DF4769BD4.d.050B80B14FBC81AE3CCB10532DFAE159.e.13974","ELEMENT":"f.3EFE59E47BCAC700A535F57DF4769BD4.d.050B80B14FBC81AE3CCB10532DFAE159.e.13974"}]}
COMMAND: POST /session/cd4e213f90090bc7497a341d701e98a6/execute/sync - {"script":"<script> [5351 bytes]","args":[{"element-6066-11e4-a52e-4f735466cecf":"f.3EFE59E47BCAC700A535F57DF4769BD4.d.050B80B14FBC81AE3CCB10532DFAE159.e.13974","ELEMENT":"f.3EFE59E47BCAC700A535F57DF4769BD4.d.050B80B14FBC81AE3CCB10532DFAE159.e.13974"}]}
COMMAND: GET /session/cd4e213f90090bc7497a341d701e98a6/screenshot - {}
RESULT: {}
RESULT: {"script":"<script> [5351 bytes]","args":[{"element-6066-11e4-a52e-4f735466cecf":"f.3EFE59E47BCAC700A535F57DF4769BD4.d.050B80B14FBC81AE3CCB10532DFAE159.e.13974","ELEMENT":"f.3EFE59E47BCAC700A535F57DF4769BD4.d.050B80B14FBC81AE3CCB10532DFAE159.e.13974"}]}
COMMAND: POST /session/cd4e213f90090bc7497a341d701e98a6/element/f.3EFE59E47BCAC700A535F57DF4769BD4.d.050B80B14FBC81AE3CCB10532DFAE159.e.13974/click - {}
COMMAND: GET /session/cd4e213f90090bc7497a341d701e98a6/screenshot - {}
RESULT: {}
RESULT: {}
COMMAND: GET /session/cd4e213f90090bc7497a341d701e98a6/screenshot - {}
COMMAND: POST /session/cd4e213f90090bc7497a341d701e98a6/element - {"using":"xpath","value":"//span[contains(@id ,\"AddNewHO--typeSelect-arrow\")]"}
RESULT: {}
RESULT: {}
RESULT: {"using":"xpath","value":"//span[contains(@id ,\"AddNewHO--typeSelect-arrow\")]"}
COMMAND: POST /session/cd4e213f90090bc7497a341d701e98a6/element/f.3EFE59E47BCAC700A535F57DF4769BD4.d.050B80B14FBC81AE3CCB10532DFAE159.e.14544/click - {}
RESULT: {}
COMMAND: GET /session/cd4e213f90090bc7497a341d701e98a6/screenshot - {}
RESULT: {}
COMMAND: POST /session/cd4e213f90090bc7497a341d701e98a6/element - {"using":"xpath","value":"(//li[contains(text(), \"stock decrease yard\")])[1]"}
RESULT: {"using":"xpath","value":"(//li[contains(text(), \"stock decrease yard\")])[1]"}
COMMAND: POST /session/cd4e213f90090bc7497a341d701e98a6/element/f.3EFE59E47BCAC700A535F57DF4769BD4.d.050B80B14FBC81AE3CCB10532DFAE159.e.14547/click - {}
RESULT: {}
COMMAND: GET /session/cd4e213f90090bc7497a341d701e98a6/screenshot - {}
RESULT: {}
RESULT: undefined
COMMAND: POST /session/cd4e213f90090bc7497a341d701e98a6/execute/async - {"script":"<script> [6424 bytes]","args":[{"element-6066-11e4-a52e-4f735466cecf":"f.3EFE59E47BCAC700A535F57DF4769BD4.d.050B80B14FBC81AE3CCB10532DFAE159.e.14325"},"setValue",["5/22/25"]]}
COMMAND: POST /session/cd4e213f90090bc7497a341d701e98a6/execute/async - {"script":"<script> [1562 bytes]","args":[{"selector":{"id":"application-managehandovers-display-component---AddNewHO--dueDate","interaction":{"idSuffix":"inner"}},"wdio_ui5_key":"applicationmanagehandovers-display-component---AddNewHO--dueDate"}]}
RESULT: {"script":"<script> [1562 bytes]","args":[{"selector":{"id":"application-managehandovers-display-component---AddNewHO--dueDate","interaction":{"idSuffix":"inner"}},"wdio_ui5_key":"applicationmanagehandovers-display-component---AddNewHO--dueDate"}]}
COMMAND: POST /session/cd4e213f90090bc7497a341d701e98a6/execute/async - {"script":"<script> [6424 bytes]","args":[{"element-6066-11e4-a52e-4f735466cecf":"f.3EFE59E47BCAC700A535F57DF4769BD4.d.050B80B14FBC81AE3CCB10532DFAE159.e.14559"},"setValue",["5/22/25"]]}
RESULT: {"script":"<script> [6424 bytes]","args":[{"element-6066-11e4-a52e-4f735466cecf":"f.3EFE59E47BCAC700A535F57DF4769BD4.d.050B80B14FBC81AE3CCB10532DFAE159.e.14559"},"setValue",["5/22/25"]]}
COMMAND: POST /session/cd4e213f90090bc7497a341d701e98a6/element - {"using":"xpath","value":"//input[@id=\"generalSectionFrg--sendYard-inner\"]"}
RESULT: {"using":"xpath","value":"//input[@id=\"generalSectionFrg--sendYard-inner\"]"}
COMMAND: POST /session/cd4e213f90090bc7497a341d701e98a6/element/f.3EFE59E47BCAC700A535F57DF4769BD4.d.050B80B14FBC81AE3CCB10532DFAE159.e.14563/clear - {}
RESULT: {}
COMMAND: POST /session/cd4e213f90090bc7497a341d701e98a6/element/f.3EFE59E47BCAC700A535F57DF4769BD4.d.050B80B14FBC81AE3CCB10532DFAE159.e.14563/value - {"text":"672"}
COMMAND: GET /session/cd4e213f90090bc7497a341d701e98a6/screenshot - {}
RESULT: {"text":"672"}
COMMAND: GET /session/cd4e213f90090bc7497a341d701e98a6/screenshot - {}
RESULT: {}
RESULT: {}
COMMAND: POST /session/cd4e213f90090bc7497a341d701e98a6/element - {"using":"xpath","value":"//li[.//span[text()='672']]"}
RESULT: {"using":"xpath","value":"//li[.//span[text()='672']]"}
COMMAND: POST /session/cd4e213f90090bc7497a341d701e98a6/element/f.3EFE59E47BCAC700A535F57DF4769BD4.d.050B80B14FBC81AE3CCB10532DFAE159.e.14579/click - {}
RESULT: {}
COMMAND: GET /session/cd4e213f90090bc7497a341d701e98a6/screenshot - {}
RESULT: {}
COMMAND: POST /session/cd4e213f90090bc7497a341d701e98a6/execute/async - {"script":"<script> [1562 bytes]","args":[{"selector":{"controlType":"sap.ui.core.Icon","viewName":"etm.portal.ui.managehandovers.view.AddNewHO","viewId":"application-managehandovers-display-component---AddNewHO","properties":{"src":{"regex":{"source":"slim\\-arrow\\-down"}}},"ancestor":{"controlType":"etm.portal.ui.reusables.customControls.LiveSearchComboBox","viewName":"etm.portal.ui.managehandovers.view.AddNewHO","viewId":"application-managehandovers-display-component---AddNewHO","bindingPath":{"path":"","propertyPath":"/FORWARDER","modelName":"hoItemsModel"}}},"wdio_ui5_key":"etmportal.ui.managehandovers.view.AddNewHOsap.ui.core.Icon{\"src\":{\"regex\":{\"source\":\"slim\\\\-arrow\\\\-down\"}}}{\"controlType\":\"etm.portal.ui.reusables.customControls.LiveSearchComboBox\",\"viewName\":\"etm.portal.ui.managehandovers.view.AddNewHO\",\"viewId\":\"application-managehandovers-display-component---AddNewHO\",\"bindingPath\":{\"path\":\"\",\"propertyPath\":\"/FORWARDER\",\"modelName\":\"hoItemsModel\"}}"}]}
RESULT: {"script":"<script> [1562 bytes]","args":[{"selector":{"controlType":"sap.ui.core.Icon","viewName":"etm.portal.ui.managehandovers.view.AddNewHO","viewId":"application-managehandovers-display-component---AddNewHO","properties":{"src":{"regex":{"source":"slim\\-arrow\\-down"}}},"ancestor":{"controlType":"etm.portal.ui.reusables.customControls.LiveSearchComboBox","viewName":"etm.portal.ui.managehandovers.view.AddNewHO","viewId":"application-managehandovers-display-component---AddNewHO","bindingPath":{"path":"","propertyPath":"/FORWARDER","modelName":"hoItemsModel"}}},"wdio_ui5_key":"etmportal.ui.managehandovers.view.AddNewHOsap.ui.core.Icon{\"src\":{\"regex\":{\"source\":\"slim\\\\-arrow\\\\-down\"}}}{\"controlType\":\"etm.portal.ui.reusables.customControls.LiveSearchComboBox\",\"viewName\":\"etm.portal.ui.managehandovers.view.AddNewHO\",\"viewId\":\"application-managehandovers-display-component---AddNewHO\",\"bindingPath\":{\"path\":\"\",\"propertyPath\":\"/FORWARDER\",\"modelName\":\"hoItemsModel\"}}"}]}
RESULT: undefined
COMMAND: POST /session/cd4e213f90090bc7497a341d701e98a6/element - {"using":"xpath","value":"//*[@id=\"__box15-arrow\"]"}
RESULT: {"using":"xpath","value":"//*[@id=\"__box15-arrow\"]"}
COMMAND: POST /session/cd4e213f90090bc7497a341d701e98a6/element/f.3EFE59E47BCAC700A535F57DF4769BD4.d.050B80B14FBC81AE3CCB10532DFAE159.e.14580/click - {}
RESULT: {}
COMMAND: GET /session/cd4e213f90090bc7497a341d701e98a6/screenshot - {}
RESULT: {}
COMMAND: POST /session/cd4e213f90090bc7497a341d701e98a6/execute/async - {"script":"<script> [1562 bytes]","args":[{"selector":{"controlType":"sap.m.StandardListItem","viewName":"etm.portal.ui.managehandovers.view.AddNewHO","viewId":"application-managehandovers-display-component---AddNewHO","properties":{"title":"1002 - Test "},"searchOpenDialogs":true,"interaction":{"idSuffix":"content"}},"wdio_ui5_key":"etmportal.ui.managehandovers.view.AddNewHOsap.m.StandardListItem{\"title\":\"1002 - Test \"}"}]}
RESULT: {"script":"<script> [1562 bytes]","args":[{"selector":{"controlType":"sap.m.StandardListItem","viewName":"etm.portal.ui.managehandovers.view.AddNewHO","viewId":"application-managehandovers-display-component---AddNewHO","properties":{"title":"1002 - Test "},"searchOpenDialogs":true,"interaction":{"idSuffix":"content"}},"wdio_ui5_key":"etmportal.ui.managehandovers.view.AddNewHOsap.m.StandardListItem{\"title\":\"1002 - Test \"}"}]}
RESULT: undefined
COMMAND: POST /session/cd4e213f90090bc7497a341d701e98a6/element - {"using":"xpath","value":"//*[@id=\"__item1233\"]"}
RESULT: {"using":"xpath","value":"//*[@id=\"__item1233\"]"}
COMMAND: POST /session/cd4e213f90090bc7497a341d701e98a6/element/f.3EFE59E47BCAC700A535F57DF4769BD4.d.050B80B14FBC81AE3CCB10532DFAE159.e.14583/click - {}
RESULT: {}
COMMAND: GET /session/cd4e213f90090bc7497a341d701e98a6/screenshot - {}
RESULT: {}
COMMAND: POST /session/cd4e213f90090bc7497a341d701e98a6/execute/async - {"script":"<script> [1562 bytes]","args":[{"selector":{"controlType":"sap.m.Input","viewName":"etm.portal.ui.managehandovers.view.AddNewHO","viewId":"application-managehandovers-display-component---AddNewHO","bindingPath":{"path":"","propertyPath":"/DRIVER","modelName":"hoItemsModel"},"interaction":{"idSuffix":"inner"}},"wdio_ui5_key":"etmportal.ui.managehandovers.view.AddNewHOsap.m.Input{\"path\":\"\",\"propertyPath\":\"/DRIVER\",\"modelName\":\"hoItemsModel\"}"}]}
RESULT: {"script":"<script> [1562 bytes]","args":[{"selector":{"controlType":"sap.m.Input","viewName":"etm.portal.ui.managehandovers.view.AddNewHO","viewId":"application-managehandovers-display-component---AddNewHO","bindingPath":{"path":"","propertyPath":"/DRIVER","modelName":"hoItemsModel"},"interaction":{"idSuffix":"inner"}},"wdio_ui5_key":"etmportal.ui.managehandovers.view.AddNewHOsap.m.Input{\"path\":\"\",\"propertyPath\":\"/DRIVER\",\"modelName\":\"hoItemsModel\"}"}]}
RESULT: undefined
COMMAND: POST /session/cd4e213f90090bc7497a341d701e98a6/execute/async - {"script":"<script> [776 bytes]","args":[{"enterText":"StockDecrease Driver","selector":{"controlType":"sap.m.Input","viewName":"etm.portal.ui.managehandovers.view.AddNewHO","viewId":"application-managehandovers-display-component---AddNewHO","bindingPath":{"path":"","propertyPath":"/DRIVER","modelName":"hoItemsModel"},"interaction":{"idSuffix":"inner"}},"clearTextFirst":true,"interactionType":"ENTER_TEXT"}]}
RESULT: {"script":"<script> [776 bytes]","args":[{"enterText":"StockDecrease Driver","selector":{"controlType":"sap.m.Input","viewName":"etm.portal.ui.managehandovers.view.AddNewHO","viewId":"application-managehandovers-display-component---AddNewHO","bindingPath":{"path":"","propertyPath":"/DRIVER","modelName":"hoItemsModel"},"interaction":{"idSuffix":"inner"}},"clearTextFirst":true,"interactionType":"ENTER_TEXT"}]}
COMMAND: POST /session/cd4e213f90090bc7497a341d701e98a6/execute/async - {"script":"<script> [1562 bytes]","args":[{"selector":{"id":"application-managehandovers-display-component---AddNewHO--responsibleCB-arrow"},"wdio_ui5_key":"applicationmanagehandovers-display-component---AddNewHO--responsibleCB-arrow"}]}
RESULT: {"script":"<script> [1562 bytes]","args":[{"selector":{"id":"application-managehandovers-display-component---AddNewHO--responsibleCB-arrow"},"wdio_ui5_key":"applicationmanagehandovers-display-component---AddNewHO--responsibleCB-arrow"}]}
RESULT: undefined
COMMAND: POST /session/cd4e213f90090bc7497a341d701e98a6/element - {"using":"xpath","value":"//*[@id=\"application-managehandovers-display-component---AddNewHO--responsibleCB-arrow\"]"}
RESULT: {"using":"xpath","value":"//*[@id=\"application-managehandovers-display-component---AddNewHO--responsibleCB-arrow\"]"}
COMMAND: POST /session/cd4e213f90090bc7497a341d701e98a6/element/f.3EFE59E47BCAC700A535F57DF4769BD4.d.050B80B14FBC81AE3CCB10532DFAE159.e.14585/click - {}
RESULT: {}
COMMAND: GET /session/cd4e213f90090bc7497a341d701e98a6/screenshot - {}
RESULT: {}
COMMAND: POST /session/cd4e213f90090bc7497a341d701e98a6/execute/async - {"script":"<script> [1562 bytes]","args":[{"selector":{"controlType":"sap.m.StandardListItem","viewName":"etm.portal.ui.managehandovers.view.AddNewHO","viewId":"application-managehandovers-display-component---AddNewHO","properties":{"title":"1 - Test unit Update "},"searchOpenDialogs":true},"wdio_ui5_key":"etmportal.ui.managehandovers.view.AddNewHOsap.m.StandardListItem{\"title\":\"1 - Test unit Update \"}"}]}
RESULT: {"script":"<script> [1562 bytes]","args":[{"selector":{"controlType":"sap.m.StandardListItem","viewName":"etm.portal.ui.managehandovers.view.AddNewHO","viewId":"application-managehandovers-display-component---AddNewHO","properties":{"title":"1 - Test unit Update "},"searchOpenDialogs":true},"wdio_ui5_key":"etmportal.ui.managehandovers.view.AddNewHOsap.m.StandardListItem{\"title\":\"1 - Test unit Update \"}"}]}
RESULT: undefined
COMMAND: POST /session/cd4e213f90090bc7497a341d701e98a6/element - {"using":"xpath","value":"//*[@id=\"__item1332\"]"}
RESULT: {"using":"xpath","value":"//*[@id=\"__item1332\"]"}
COMMAND: POST /session/cd4e213f90090bc7497a341d701e98a6/element/f.3EFE59E47BCAC700A535F57DF4769BD4.d.050B80B14FBC81AE3CCB10532DFAE159.e.14586/click - {}
RESULT: {}
COMMAND: GET /session/cd4e213f90090bc7497a341d701e98a6/screenshot - {}
RESULT: {}
RESULT: undefined
COMMAND: POST /session/cd4e213f90090bc7497a341d701e98a6/element - {"using":"xpath","value":"//*[@id=\"application-managehandovers-display-component---AddNewHO--ObjectPageLayout-anchBar-application-managehandovers-display-component---AddNewHO--section4-anchor\"]"}
RESULT: {"using":"xpath","value":"//*[@id=\"application-managehandovers-display-component---AddNewHO--ObjectPageLayout-anchBar-application-managehandovers-display-component---AddNewHO--section4-anchor\"]"}
COMMAND: POST /session/cd4e213f90090bc7497a341d701e98a6/element/f.3EFE59E47BCAC700A535F57DF4769BD4.d.050B80B14FBC81AE3CCB10532DFAE159.e.14587/click - {}
RESULT: {}
COMMAND: GET /session/cd4e213f90090bc7497a341d701e98a6/screenshot - {}
RESULT: {}
COMMAND: POST /session/cd4e213f90090bc7497a341d701e98a6/execute/async - {"script":"<script> [1562 bytes]","args":[{"selector":{"controlType":"sap.ui.core.Icon","viewName":"etm.portal.ui.managehandovers.view.AddNewHO","viewId":"application-managehandovers-display-component---AddNewHO","properties":{"src":{"regex":{"source":"add"}}}},"wdio_ui5_key":"etmportal.ui.managehandovers.view.AddNewHOsap.ui.core.Icon{\"src\":{\"regex\":{\"source\":\"add\"}}}"}]}
RESULT: {"script":"<script> [1562 bytes]","args":[{"selector":{"controlType":"sap.ui.core.Icon","viewName":"etm.portal.ui.managehandovers.view.AddNewHO","viewId":"application-managehandovers-display-component---AddNewHO","properties":{"src":{"regex":{"source":"add"}}}},"wdio_ui5_key":"etmportal.ui.managehandovers.view.AddNewHOsap.ui.core.Icon{\"src\":{\"regex\":{\"source\":\"add\"}}}"}]}
RESULT: undefined
COMMAND: POST /session/cd4e213f90090bc7497a341d701e98a6/element - {"using":"xpath","value":"//*[@id=\"__button150-img\"]"}
RESULT: {"using":"xpath","value":"//*[@id=\"__button150-img\"]"}
COMMAND: POST /session/cd4e213f90090bc7497a341d701e98a6/element/f.3EFE59E47BCAC700A535F57DF4769BD4.d.050B80B14FBC81AE3CCB10532DFAE159.e.14590/click - {}
RESULT: {}
RESULT: undefined
COMMAND: POST /session/cd4e213f90090bc7497a341d701e98a6/execute/async - {"script":"<script> [776 bytes]","args":[{"enterText":"200406","selector":{"id":"application-managehandovers-display-component---AddNewHO--smartFilterBar-btnBasicSearch","searchOpenDialogs":true,"interaction":{"idSuffix":"I"}},"clearTextFirst":true,"interactionType":"ENTER_TEXT"}]}
COMMAND: GET /session/cd4e213f90090bc7497a341d701e98a6/screenshot - {}
RESULT: {"script":"<script> [776 bytes]","args":[{"enterText":"200406","selector":{"id":"application-managehandovers-display-component---AddNewHO--smartFilterBar-btnBasicSearch","searchOpenDialogs":true,"interaction":{"idSuffix":"I"}},"clearTextFirst":true,"interactionType":"ENTER_TEXT"}]}
RESULT: {}
RESULT: undefined
COMMAND: POST /session/cd4e213f90090bc7497a341d701e98a6/element - {"using":"xpath","value":"//*[@id=\"application-managehandovers-display-component---AddNewHO--popup-sa\"]"}
RESULT: {"using":"xpath","value":"//*[@id=\"application-managehandovers-display-component---AddNewHO--popup-sa\"]"}
COMMAND: POST /session/cd4e213f90090bc7497a341d701e98a6/element/f.3EFE59E47BCAC700A535F57DF4769BD4.d.050B80B14FBC81AE3CCB10532DFAE159.e.14621/click - {}
RESULT: {}
COMMAND: GET /session/cd4e213f90090bc7497a341d701e98a6/screenshot - {}
RESULT: {}
COMMAND: POST /session/cd4e213f90090bc7497a341d701e98a6/element - {"using":"xpath","value":"//*[contains(@id ,\"BDI-content\")][contains(text(), \"Select\")]"}
RESULT: {"using":"xpath","value":"//*[contains(@id ,\"BDI-content\")][contains(text(), \"Select\")]"}
COMMAND: POST /session/cd4e213f90090bc7497a341d701e98a6/element/f.3EFE59E47BCAC700A535F57DF4769BD4.d.050B80B14FBC81AE3CCB10532DFAE159.e.14622/click - {}
RESULT: {}
COMMAND: POST /session/cd4e213f90090bc7497a341d701e98a6/execute/async - {"script":"<script> [1562 bytes]","args":[{"selector":{"controlType":"sap.m.Button","viewName":"etm.portal.ui.managehandovers.view.AddNewHO","viewId":"application-managehandovers-display-component---AddNewHO","bindingPath":{"path":"/items/0","propertyPath":"QUANTITY","modelName":"hoItemsModel"},"interaction":{"idSuffix":"inner"}},"wdio_ui5_key":"etmportal.ui.managehandovers.view.AddNewHOsap.m.Button{\"path\":\"/items/0\",\"propertyPath\":\"QUANTITY\",\"modelName\":\"hoItemsModel\"}"}]}
COMMAND: GET /session/cd4e213f90090bc7497a341d701e98a6/screenshot - {}
RESULT: {"script":"<script> [1562 bytes]","args":[{"selector":{"controlType":"sap.m.Button","viewName":"etm.portal.ui.managehandovers.view.AddNewHO","viewId":"application-managehandovers-display-component---AddNewHO","bindingPath":{"path":"/items/0","propertyPath":"QUANTITY","modelName":"hoItemsModel"},"interaction":{"idSuffix":"inner"}},"wdio_ui5_key":"etmportal.ui.managehandovers.view.AddNewHOsap.m.Button{\"path\":\"/items/0\",\"propertyPath\":\"QUANTITY\",\"modelName\":\"hoItemsModel\"}"}]}
RESULT: undefined
COMMAND: POST /session/cd4e213f90090bc7497a341d701e98a6/execute/async - {"script":"<script> [1562 bytes]","args":[{"selector":{"controlType":"sap.m.NumericInput","viewName":"etm.portal.ui.managehandovers.view.AddNewHO","viewId":"application-managehandovers-display-component---AddNewHO","properties":{"value":"0"},"searchOpenDialogs":true,"interaction":{"idSuffix":"inner"}},"wdio_ui5_key":"etmportal.ui.managehandovers.view.AddNewHOsap.m.NumericInput{\"value\":\"0\"}"}]}
RESULT: {}
RESULT: {"script":"<script> [1562 bytes]","args":[{"selector":{"controlType":"sap.m.NumericInput","viewName":"etm.portal.ui.managehandovers.view.AddNewHO","viewId":"application-managehandovers-display-component---AddNewHO","properties":{"value":"0"},"searchOpenDialogs":true,"interaction":{"idSuffix":"inner"}},"wdio_ui5_key":"etmportal.ui.managehandovers.view.AddNewHOsap.m.NumericInput{\"value\":\"0\"}"}]}
RESULT: undefined
COMMAND: POST /session/cd4e213f90090bc7497a341d701e98a6/execute/async - {"script":"<script> [1562 bytes]","args":[{"selector":{"controlType":"sap.m.Button","viewName":"etm.portal.ui.managehandovers.view.AddNewHO","viewId":"application-managehandovers-display-component---AddNewHO","i18NText":{"propertyName":"text","key":"confirm"},"searchOpenDialogs":true,"interaction":{"idSuffix":"BDI-content"}},"wdio_ui5_key":"etmportal.ui.managehandovers.view.AddNewHOsap.m.Button{\"propertyName\":\"text\",\"key\":\"confirm\"}"}]}
RESULT: {"script":"<script> [1562 bytes]","args":[{"selector":{"controlType":"sap.m.Button","viewName":"etm.portal.ui.managehandovers.view.AddNewHO","viewId":"application-managehandovers-display-component---AddNewHO","i18NText":{"propertyName":"text","key":"confirm"},"searchOpenDialogs":true,"interaction":{"idSuffix":"BDI-content"}},"wdio_ui5_key":"etmportal.ui.managehandovers.view.AddNewHOsap.m.Button{\"propertyName\":\"text\",\"key\":\"confirm\"}"}]}
RESULT: undefined
COMMAND: POST /session/cd4e213f90090bc7497a341d701e98a6/execute/async - {"script":"<script> [1562 bytes]","args":[{"selector":{"id":"application-managehandovers-display-component---AddNewHO--confirmCreationButton","interaction":{"idSuffix":"inner"}},"wdio_ui5_key":"applicationmanagehandovers-display-component---AddNewHO--confirmCreationButton"}]}
RESULT: {"script":"<script> [1562 bytes]","args":[{"selector":{"id":"application-managehandovers-display-component---AddNewHO--confirmCreationButton","interaction":{"idSuffix":"inner"}},"wdio_ui5_key":"applicationmanagehandovers-display-component---AddNewHO--confirmCreationButton"}]}
RESULT: undefined
COMMAND: POST /session/cd4e213f90090bc7497a341d701e98a6/element - {"using":"xpath","value":"//*[@id=\"application-managehandovers-display-component---AddNewHO--confirmCreationButton\"]"}
RESULT: {"using":"xpath","value":"//*[@id=\"application-managehandovers-display-component---AddNewHO--confirmCreationButton\"]"}
COMMAND: POST /session/cd4e213f90090bc7497a341d701e98a6/element/f.3EFE59E47BCAC700A535F57DF4769BD4.d.050B80B14FBC81AE3CCB10532DFAE159.e.14627/click - {}
RESULT: undefined
COMMAND: POST /session/cd4e213f90090bc7497a341d701e98a6/execute/async - {"script":"<script> [1562 bytes]","args":[{"selector":{"controlType":"sap.m.Button","viewName":"etm.portal.ui.managehandovers.view.DetailExecuteHO","i18NText":{"propertyName":"text","key":"confirmAll"},"interaction":{"idSuffix":"BDI-content"}},"wdio_ui5_key":"etmportal.ui.managehandovers.view.DetailExecuteHOsap.m.Button{\"propertyName\":\"text\",\"key\":\"confirmAll\"}"}]}
RESULT: {"script":"<script> [1562 bytes]","args":[{"selector":{"controlType":"sap.m.Button","viewName":"etm.portal.ui.managehandovers.view.DetailExecuteHO","i18NText":{"propertyName":"text","key":"confirmAll"},"interaction":{"idSuffix":"BDI-content"}},"wdio_ui5_key":"etmportal.ui.managehandovers.view.DetailExecuteHOsap.m.Button{\"propertyName\":\"text\",\"key\":\"confirmAll\"}"}]}
RESULT: undefined
COMMAND: POST /session/cd4e213f90090bc7497a341d701e98a6/execute/async - {"script":"<script> [1562 bytes]","args":[{"selector":{"controlType":"sap.m.Button","properties":{"text":"OK"},"searchOpenDialogs":true,"interaction":{"idSuffix":"inner"}},"wdio_ui5_key":"sapm.Button{\"text\":\"OK\"}"}]}
RESULT: {"script":"<script> [1562 bytes]","args":[{"selector":{"controlType":"sap.m.Button","properties":{"text":"OK"},"searchOpenDialogs":true,"interaction":{"idSuffix":"inner"}},"wdio_ui5_key":"sapm.Button{\"text\":\"OK\"}"}]}
RESULT: undefined
COMMAND: POST /session/cd4e213f90090bc7497a341d701e98a6/element - {"using":"xpath","value":"//bdi[contains(text(), \"Issue\")]"}
RESULT: {"using":"xpath","value":"//bdi[contains(text(), \"Issue\")]"}
COMMAND: POST /session/cd4e213f90090bc7497a341d701e98a6/elements - {"using":"xpath","value":"//bdi[contains(text(), \"Issue\")]"}
RESULT: {"using":"xpath","value":"//bdi[contains(text(), \"Issue\")]"}
COMMAND: POST /session/cd4e213f90090bc7497a341d701e98a6/elements - {"using":"xpath","value":"//bdi[contains(text(), \"Issue\")]"}
RESULT: {"using":"xpath","value":"//bdi[contains(text(), \"Issue\")]"}
COMMAND: POST /session/cd4e213f90090bc7497a341d701e98a6/elements - {"using":"xpath","value":"//bdi[contains(text(), \"Issue\")]"}
RESULT: {"using":"xpath","value":"//bdi[contains(text(), \"Issue\")]"}
COMMAND: POST /session/cd4e213f90090bc7497a341d701e98a6/elements - {"using":"xpath","value":"//bdi[contains(text(), \"Issue\")]"}
RESULT: {"using":"xpath","value":"//bdi[contains(text(), \"Issue\")]"}
COMMAND: POST /session/cd4e213f90090bc7497a341d701e98a6/elements - {"using":"xpath","value":"//bdi[contains(text(), \"Issue\")]"}
RESULT: {"using":"xpath","value":"//bdi[contains(text(), \"Issue\")]"}
COMMAND: POST /session/cd4e213f90090bc7497a341d701e98a6/elements - {"using":"xpath","value":"//bdi[contains(text(), \"Issue\")]"}
RESULT: {"using":"xpath","value":"//bdi[contains(text(), \"Issue\")]"}
COMMAND: POST /session/cd4e213f90090bc7497a341d701e98a6/elements - {"using":"xpath","value":"//bdi[contains(text(), \"Issue\")]"}
RESULT: {"using":"xpath","value":"//bdi[contains(text(), \"Issue\")]"}
COMMAND: POST /session/cd4e213f90090bc7497a341d701e98a6/elements - {"using":"xpath","value":"//bdi[contains(text(), \"Issue\")]"}
RESULT: {"using":"xpath","value":"//bdi[contains(text(), \"Issue\")]"}
COMMAND: POST /session/cd4e213f90090bc7497a341d701e98a6/elements - {"using":"xpath","value":"//bdi[contains(text(), \"Issue\")]"}
RESULT: {"using":"xpath","value":"//bdi[contains(text(), \"Issue\")]"}
COMMAND: POST /session/cd4e213f90090bc7497a341d701e98a6/elements - {"using":"xpath","value":"//bdi[contains(text(), \"Issue\")]"}
RESULT: {"using":"xpath","value":"//bdi[contains(text(), \"Issue\")]"}
COMMAND: POST /session/cd4e213f90090bc7497a341d701e98a6/elements - {"using":"xpath","value":"//bdi[contains(text(), \"Issue\")]"}
RESULT: {"using":"xpath","value":"//bdi[contains(text(), \"Issue\")]"}
COMMAND: POST /session/cd4e213f90090bc7497a341d701e98a6/elements - {"using":"xpath","value":"//bdi[contains(text(), \"Issue\")]"}
RESULT: {"using":"xpath","value":"//bdi[contains(text(), \"Issue\")]"}
COMMAND: POST /session/cd4e213f90090bc7497a341d701e98a6/elements - {"using":"xpath","value":"//bdi[contains(text(), \"Issue\")]"}
RESULT: {"using":"xpath","value":"//bdi[contains(text(), \"Issue\")]"}
COMMAND: POST /session/cd4e213f90090bc7497a341d701e98a6/elements - {"using":"xpath","value":"//bdi[contains(text(), \"Issue\")]"}
RESULT: {"using":"xpath","value":"//bdi[contains(text(), \"Issue\")]"}
COMMAND: POST /session/cd4e213f90090bc7497a341d701e98a6/elements - {"using":"xpath","value":"//bdi[contains(text(), \"Issue\")]"}
RESULT: {"using":"xpath","value":"//bdi[contains(text(), \"Issue\")]"}
COMMAND: POST /session/cd4e213f90090bc7497a341d701e98a6/elements - {"using":"xpath","value":"//bdi[contains(text(), \"Issue\")]"}
RESULT: {"using":"xpath","value":"//bdi[contains(text(), \"Issue\")]"}
COMMAND: POST /session/cd4e213f90090bc7497a341d701e98a6/elements - {"using":"xpath","value":"//bdi[contains(text(), \"Issue\")]"}
RESULT: {"using":"xpath","value":"//bdi[contains(text(), \"Issue\")]"}
COMMAND: POST /session/cd4e213f90090bc7497a341d701e98a6/elements - {"using":"xpath","value":"//bdi[contains(text(), \"Issue\")]"}
RESULT: {"using":"xpath","value":"//bdi[contains(text(), \"Issue\")]"}
COMMAND: POST /session/cd4e213f90090bc7497a341d701e98a6/elements - {"using":"xpath","value":"//bdi[contains(text(), \"Issue\")]"}
RESULT: {"using":"xpath","value":"//bdi[contains(text(), \"Issue\")]"}
COMMAND: POST /session/cd4e213f90090bc7497a341d701e98a6/elements - {"using":"xpath","value":"//bdi[contains(text(), \"Issue\")]"}
RESULT: {"using":"xpath","value":"//bdi[contains(text(), \"Issue\")]"}
COMMAND: POST /session/cd4e213f90090bc7497a341d701e98a6/elements - {"using":"xpath","value":"//bdi[contains(text(), \"Issue\")]"}
RESULT: {"using":"xpath","value":"//bdi[contains(text(), \"Issue\")]"}
COMMAND: POST /session/cd4e213f90090bc7497a341d701e98a6/elements - {"using":"xpath","value":"//bdi[contains(text(), \"Issue\")]"}
RESULT: {"using":"xpath","value":"//bdi[contains(text(), \"Issue\")]"}
COMMAND: POST /session/cd4e213f90090bc7497a341d701e98a6/elements - {"using":"xpath","value":"//bdi[contains(text(), \"Issue\")]"}
RESULT: {"using":"xpath","value":"//bdi[contains(text(), \"Issue\")]"}
COMMAND: POST /session/cd4e213f90090bc7497a341d701e98a6/elements - {"using":"xpath","value":"//bdi[contains(text(), \"Issue\")]"}
RESULT: {"using":"xpath","value":"//bdi[contains(text(), \"Issue\")]"}
COMMAND: POST /session/cd4e213f90090bc7497a341d701e98a6/elements - {"using":"xpath","value":"//bdi[contains(text(), \"Issue\")]"}
RESULT: {"using":"xpath","value":"//bdi[contains(text(), \"Issue\")]"}
COMMAND: POST /session/cd4e213f90090bc7497a341d701e98a6/elements - {"using":"xpath","value":"//bdi[contains(text(), \"Issue\")]"}
RESULT: {"using":"xpath","value":"//bdi[contains(text(), \"Issue\")]"}
COMMAND: POST /session/cd4e213f90090bc7497a341d701e98a6/elements - {"using":"xpath","value":"//bdi[contains(text(), \"Issue\")]"}
RESULT: {"using":"xpath","value":"//bdi[contains(text(), \"Issue\")]"}
COMMAND: POST /session/cd4e213f90090bc7497a341d701e98a6/elements - {"using":"xpath","value":"//bdi[contains(text(), \"Issue\")]"}
RESULT: {"using":"xpath","value":"//bdi[contains(text(), \"Issue\")]"}
COMMAND: POST /session/cd4e213f90090bc7497a341d701e98a6/elements - {"using":"xpath","value":"//bdi[contains(text(), \"Issue\")]"}
RESULT: {"using":"xpath","value":"//bdi[contains(text(), \"Issue\")]"}
COMMAND: POST /session/cd4e213f90090bc7497a341d701e98a6/elements - {"using":"xpath","value":"//bdi[contains(text(), \"Issue\")]"}
RESULT: {"using":"xpath","value":"//bdi[contains(text(), \"Issue\")]"}
COMMAND: POST /session/cd4e213f90090bc7497a341d701e98a6/elements - {"using":"xpath","value":"//bdi[contains(text(), \"Issue\")]"}
RESULT: {"using":"xpath","value":"//bdi[contains(text(), \"Issue\")]"}
COMMAND: POST /session/cd4e213f90090bc7497a341d701e98a6/elements - {"using":"xpath","value":"//bdi[contains(text(), \"Issue\")]"}
RESULT: {"using":"xpath","value":"//bdi[contains(text(), \"Issue\")]"}
COMMAND: POST /session/cd4e213f90090bc7497a341d701e98a6/elements - {"using":"xpath","value":"//bdi[contains(text(), \"Issue\")]"}
RESULT: {"using":"xpath","value":"//bdi[contains(text(), \"Issue\")]"}
COMMAND: POST /session/cd4e213f90090bc7497a341d701e98a6/elements - {"using":"xpath","value":"//bdi[contains(text(), \"Issue\")]"}
RESULT: {"using":"xpath","value":"//bdi[contains(text(), \"Issue\")]"}
COMMAND: POST /session/cd4e213f90090bc7497a341d701e98a6/elements - {"using":"xpath","value":"//bdi[contains(text(), \"Issue\")]"}
RESULT: {"using":"xpath","value":"//bdi[contains(text(), \"Issue\")]"}
COMMAND: POST /session/cd4e213f90090bc7497a341d701e98a6/elements - {"using":"xpath","value":"//bdi[contains(text(), \"Issue\")]"}
RESULT: {"using":"xpath","value":"//bdi[contains(text(), \"Issue\")]"}
COMMAND: POST /session/cd4e213f90090bc7497a341d701e98a6/elements - {"using":"xpath","value":"//bdi[contains(text(), \"Issue\")]"}
RESULT: {"using":"xpath","value":"//bdi[contains(text(), \"Issue\")]"}
COMMAND: POST /session/cd4e213f90090bc7497a341d701e98a6/elements - {"using":"xpath","value":"//bdi[contains(text(), \"Issue\")]"}
RESULT: {"using":"xpath","value":"//bdi[contains(text(), \"Issue\")]"}
COMMAND: POST /session/cd4e213f90090bc7497a341d701e98a6/elements - {"using":"xpath","value":"//bdi[contains(text(), \"Issue\")]"}
RESULT: {"using":"xpath","value":"//bdi[contains(text(), \"Issue\")]"}
COMMAND: POST /session/cd4e213f90090bc7497a341d701e98a6/elements - {"using":"xpath","value":"//bdi[contains(text(), \"Issue\")]"}
RESULT: {"using":"xpath","value":"//bdi[contains(text(), \"Issue\")]"}
COMMAND: POST /session/cd4e213f90090bc7497a341d701e98a6/elements - {"using":"xpath","value":"//bdi[contains(text(), \"Issue\")]"}
RESULT: {"using":"xpath","value":"//bdi[contains(text(), \"Issue\")]"}
COMMAND: POST /session/cd4e213f90090bc7497a341d701e98a6/elements - {"using":"xpath","value":"//bdi[contains(text(), \"Issue\")]"}
RESULT: {"using":"xpath","value":"//bdi[contains(text(), \"Issue\")]"}
COMMAND: POST /session/cd4e213f90090bc7497a341d701e98a6/elements - {"using":"xpath","value":"//bdi[contains(text(), \"Issue\")]"}
RESULT: {"using":"xpath","value":"//bdi[contains(text(), \"Issue\")]"}
COMMAND: POST /session/cd4e213f90090bc7497a341d701e98a6/elements - {"using":"xpath","value":"//bdi[contains(text(), \"Issue\")]"}
RESULT: {"using":"xpath","value":"//bdi[contains(text(), \"Issue\")]"}
COMMAND: POST /session/cd4e213f90090bc7497a341d701e98a6/elements - {"using":"xpath","value":"//bdi[contains(text(), \"Issue\")]"}
RESULT: {"using":"xpath","value":"//bdi[contains(text(), \"Issue\")]"}
COMMAND: POST /session/cd4e213f90090bc7497a341d701e98a6/elements - {"using":"xpath","value":"//bdi[contains(text(), \"Issue\")]"}
RESULT: {"using":"xpath","value":"//bdi[contains(text(), \"Issue\")]"}
COMMAND: POST /session/cd4e213f90090bc7497a341d701e98a6/elements - {"using":"xpath","value":"//bdi[contains(text(), \"Issue\")]"}
RESULT: {"using":"xpath","value":"//bdi[contains(text(), \"Issue\")]"}
COMMAND: POST /session/cd4e213f90090bc7497a341d701e98a6/elements - {"using":"xpath","value":"//bdi[contains(text(), \"Issue\")]"}
RESULT: {"using":"xpath","value":"//bdi[contains(text(), \"Issue\")]"}
COMMAND: POST /session/cd4e213f90090bc7497a341d701e98a6/elements - {"using":"xpath","value":"//bdi[contains(text(), \"Issue\")]"}
RESULT: {"using":"xpath","value":"//bdi[contains(text(), \"Issue\")]"}
COMMAND: POST /session/cd4e213f90090bc7497a341d701e98a6/elements - {"using":"xpath","value":"//bdi[contains(text(), \"Issue\")]"}
RESULT: {"using":"xpath","value":"//bdi[contains(text(), \"Issue\")]"}
COMMAND: POST /session/cd4e213f90090bc7497a341d701e98a6/elements - {"using":"xpath","value":"//bdi[contains(text(), \"Issue\")]"}
RESULT: {"using":"xpath","value":"//bdi[contains(text(), \"Issue\")]"}
COMMAND: POST /session/cd4e213f90090bc7497a341d701e98a6/elements - {"using":"xpath","value":"//bdi[contains(text(), \"Issue\")]"}
RESULT: {"using":"xpath","value":"//bdi[contains(text(), \"Issue\")]"}
COMMAND: POST /session/cd4e213f90090bc7497a341d701e98a6/elements - {"using":"xpath","value":"//bdi[contains(text(), \"Issue\")]"}
RESULT: {"using":"xpath","value":"//bdi[contains(text(), \"Issue\")]"}
COMMAND: POST /session/cd4e213f90090bc7497a341d701e98a6/elements - {"using":"xpath","value":"//bdi[contains(text(), \"Issue\")]"}
RESULT: {"using":"xpath","value":"//bdi[contains(text(), \"Issue\")]"}
COMMAND: POST /session/cd4e213f90090bc7497a341d701e98a6/elements - {"using":"xpath","value":"//bdi[contains(text(), \"Issue\")]"}
RESULT: {"using":"xpath","value":"//bdi[contains(text(), \"Issue\")]"}
COMMAND: POST /session/cd4e213f90090bc7497a341d701e98a6/elements - {"using":"xpath","value":"//bdi[contains(text(), \"Issue\")]"}
RESULT: {"using":"xpath","value":"//bdi[contains(text(), \"Issue\")]"}
COMMAND: POST /session/cd4e213f90090bc7497a341d701e98a6/elements - {"using":"xpath","value":"//bdi[contains(text(), \"Issue\")]"}
RESULT: {"using":"xpath","value":"//bdi[contains(text(), \"Issue\")]"}
COMMAND: POST /session/cd4e213f90090bc7497a341d701e98a6/elements - {"using":"xpath","value":"//bdi[contains(text(), \"Issue\")]"}
RESULT: {"using":"xpath","value":"//bdi[contains(text(), \"Issue\")]"}
COMMAND: POST /session/cd4e213f90090bc7497a341d701e98a6/elements - {"using":"xpath","value":"//bdi[contains(text(), \"Issue\")]"}
RESULT: {"using":"xpath","value":"//bdi[contains(text(), \"Issue\")]"}
COMMAND: POST /session/cd4e213f90090bc7497a341d701e98a6/elements - {"using":"xpath","value":"//bdi[contains(text(), \"Issue\")]"}
RESULT: {"using":"xpath","value":"//bdi[contains(text(), \"Issue\")]"}
COMMAND: POST /session/cd4e213f90090bc7497a341d701e98a6/elements - {"using":"xpath","value":"//bdi[contains(text(), \"Issue\")]"}
RESULT: {"using":"xpath","value":"//bdi[contains(text(), \"Issue\")]"}
COMMAND: POST /session/cd4e213f90090bc7497a341d701e98a6/elements - {"using":"xpath","value":"//bdi[contains(text(), \"Issue\")]"}
RESULT: {"using":"xpath","value":"//bdi[contains(text(), \"Issue\")]"}
COMMAND: POST /session/cd4e213f90090bc7497a341d701e98a6/elements - {"using":"xpath","value":"//bdi[contains(text(), \"Issue\")]"}
RESULT: {"using":"xpath","value":"//bdi[contains(text(), \"Issue\")]"}
COMMAND: POST /session/cd4e213f90090bc7497a341d701e98a6/elements - {"using":"xpath","value":"//bdi[contains(text(), \"Issue\")]"}
RESULT: {"using":"xpath","value":"//bdi[contains(text(), \"Issue\")]"}
COMMAND: POST /session/cd4e213f90090bc7497a341d701e98a6/elements - {"using":"xpath","value":"//bdi[contains(text(), \"Issue\")]"}
RESULT: {"using":"xpath","value":"//bdi[contains(text(), \"Issue\")]"}
COMMAND: POST /session/cd4e213f90090bc7497a341d701e98a6/elements - {"using":"xpath","value":"//bdi[contains(text(), \"Issue\")]"}
RESULT: {"using":"xpath","value":"//bdi[contains(text(), \"Issue\")]"}
COMMAND: POST /session/cd4e213f90090bc7497a341d701e98a6/elements - {"using":"xpath","value":"//bdi[contains(text(), \"Issue\")]"}
RESULT: {"using":"xpath","value":"//bdi[contains(text(), \"Issue\")]"}
COMMAND: POST /session/cd4e213f90090bc7497a341d701e98a6/elements - {"using":"xpath","value":"//bdi[contains(text(), \"Issue\")]"}
RESULT: {"using":"xpath","value":"//bdi[contains(text(), \"Issue\")]"}
COMMAND: POST /session/cd4e213f90090bc7497a341d701e98a6/elements - {"using":"xpath","value":"//bdi[contains(text(), \"Issue\")]"}
RESULT: {"using":"xpath","value":"//bdi[contains(text(), \"Issue\")]"}
COMMAND: POST /session/cd4e213f90090bc7497a341d701e98a6/elements - {"using":"xpath","value":"//bdi[contains(text(), \"Issue\")]"}
RESULT: {"using":"xpath","value":"//bdi[contains(text(), \"Issue\")]"}
COMMAND: POST /session/cd4e213f90090bc7497a341d701e98a6/elements - {"using":"xpath","value":"//bdi[contains(text(), \"Issue\")]"}
RESULT: {"using":"xpath","value":"//bdi[contains(text(), \"Issue\")]"}
COMMAND: POST /session/cd4e213f90090bc7497a341d701e98a6/elements - {"using":"xpath","value":"//bdi[contains(text(), \"Issue\")]"}
RESULT: {"using":"xpath","value":"//bdi[contains(text(), \"Issue\")]"}
COMMAND: POST /session/cd4e213f90090bc7497a341d701e98a6/elements - {"using":"xpath","value":"//bdi[contains(text(), \"Issue\")]"}
RESULT: {"using":"xpath","value":"//bdi[contains(text(), \"Issue\")]"}
COMMAND: POST /session/cd4e213f90090bc7497a341d701e98a6/elements - {"using":"xpath","value":"//bdi[contains(text(), \"Issue\")]"}
RESULT: {"using":"xpath","value":"//bdi[contains(text(), \"Issue\")]"}
COMMAND: POST /session/cd4e213f90090bc7497a341d701e98a6/elements - {"using":"xpath","value":"//bdi[contains(text(), \"Issue\")]"}
RESULT: {"using":"xpath","value":"//bdi[contains(text(), \"Issue\")]"}
COMMAND: POST /session/cd4e213f90090bc7497a341d701e98a6/elements - {"using":"xpath","value":"//bdi[contains(text(), \"Issue\")]"}
RESULT: {"using":"xpath","value":"//bdi[contains(text(), \"Issue\")]"}
COMMAND: POST /session/cd4e213f90090bc7497a341d701e98a6/elements - {"using":"xpath","value":"//bdi[contains(text(), \"Issue\")]"}
RESULT: {"using":"xpath","value":"//bdi[contains(text(), \"Issue\")]"}
COMMAND: POST /session/cd4e213f90090bc7497a341d701e98a6/elements - {"using":"xpath","value":"//bdi[contains(text(), \"Issue\")]"}
RESULT: {"using":"xpath","value":"//bdi[contains(text(), \"Issue\")]"}
COMMAND: POST /session/cd4e213f90090bc7497a341d701e98a6/elements - {"using":"xpath","value":"//bdi[contains(text(), \"Issue\")]"}
RESULT: {"using":"xpath","value":"//bdi[contains(text(), \"Issue\")]"}
COMMAND: POST /session/cd4e213f90090bc7497a341d701e98a6/elements - {"using":"xpath","value":"//bdi[contains(text(), \"Issue\")]"}
RESULT: {"using":"xpath","value":"//bdi[contains(text(), \"Issue\")]"}
COMMAND: POST /session/cd4e213f90090bc7497a341d701e98a6/elements - {"using":"xpath","value":"//bdi[contains(text(), \"Issue\")]"}
RESULT: {"using":"xpath","value":"//bdi[contains(text(), \"Issue\")]"}
COMMAND: POST /session/cd4e213f90090bc7497a341d701e98a6/elements - {"using":"xpath","value":"//bdi[contains(text(), \"Issue\")]"}
RESULT: {"using":"xpath","value":"//bdi[contains(text(), \"Issue\")]"}
COMMAND: POST /session/cd4e213f90090bc7497a341d701e98a6/elements - {"using":"xpath","value":"//bdi[contains(text(), \"Issue\")]"}
RESULT: {"using":"xpath","value":"//bdi[contains(text(), \"Issue\")]"}
COMMAND: POST /session/cd4e213f90090bc7497a341d701e98a6/elements - {"using":"xpath","value":"//bdi[contains(text(), \"Issue\")]"}
RESULT: {"using":"xpath","value":"//bdi[contains(text(), \"Issue\")]"}
COMMAND: POST /session/cd4e213f90090bc7497a341d701e98a6/elements - {"using":"xpath","value":"//bdi[contains(text(), \"Issue\")]"}
RESULT: {"using":"xpath","value":"//bdi[contains(text(), \"Issue\")]"}
COMMAND: POST /session/cd4e213f90090bc7497a341d701e98a6/elements - {"using":"xpath","value":"//bdi[contains(text(), \"Issue\")]"}
RESULT: {"using":"xpath","value":"//bdi[contains(text(), \"Issue\")]"}
COMMAND: POST /session/cd4e213f90090bc7497a341d701e98a6/elements - {"using":"xpath","value":"//bdi[contains(text(), \"Issue\")]"}
RESULT: {"using":"xpath","value":"//bdi[contains(text(), \"Issue\")]"}
COMMAND: POST /session/cd4e213f90090bc7497a341d701e98a6/elements - {"using":"xpath","value":"//bdi[contains(text(), \"Issue\")]"}
RESULT: {"using":"xpath","value":"//bdi[contains(text(), \"Issue\")]"}
COMMAND: POST /session/cd4e213f90090bc7497a341d701e98a6/elements - {"using":"xpath","value":"//bdi[contains(text(), \"Issue\")]"}
RESULT: {"using":"xpath","value":"//bdi[contains(text(), \"Issue\")]"}
COMMAND: POST /session/cd4e213f90090bc7497a341d701e98a6/elements - {"using":"xpath","value":"//bdi[contains(text(), \"Issue\")]"}
RESULT: {"using":"xpath","value":"//bdi[contains(text(), \"Issue\")]"}
COMMAND: POST /session/cd4e213f90090bc7497a341d701e98a6/elements - {"using":"xpath","value":"//bdi[contains(text(), \"Issue\")]"}
RESULT: {"using":"xpath","value":"//bdi[contains(text(), \"Issue\")]"}
COMMAND: POST /session/cd4e213f90090bc7497a341d701e98a6/elements - {"using":"xpath","value":"//bdi[contains(text(), \"Issue\")]"}
RESULT: {"using":"xpath","value":"//bdi[contains(text(), \"Issue\")]"}
COMMAND: POST /session/cd4e213f90090bc7497a341d701e98a6/elements - {"using":"xpath","value":"//bdi[contains(text(), \"Issue\")]"}
RESULT: {"using":"xpath","value":"//bdi[contains(text(), \"Issue\")]"}
COMMAND: POST /session/cd4e213f90090bc7497a341d701e98a6/elements - {"using":"xpath","value":"//bdi[contains(text(), \"Issue\")]"}
RESULT: {"using":"xpath","value":"//bdi[contains(text(), \"Issue\")]"}
COMMAND: POST /session/cd4e213f90090bc7497a341d701e98a6/elements - {"using":"xpath","value":"//bdi[contains(text(), \"Issue\")]"}
RESULT: {"using":"xpath","value":"//bdi[contains(text(), \"Issue\")]"}
COMMAND: POST /session/cd4e213f90090bc7497a341d701e98a6/elements - {"using":"xpath","value":"//bdi[contains(text(), \"Issue\")]"}
RESULT: {"using":"xpath","value":"//bdi[contains(text(), \"Issue\")]"}
COMMAND: POST /session/cd4e213f90090bc7497a341d701e98a6/elements - {"using":"xpath","value":"//bdi[contains(text(), \"Issue\")]"}
RESULT: {"using":"xpath","value":"//bdi[contains(text(), \"Issue\")]"}
COMMAND: POST /session/cd4e213f90090bc7497a341d701e98a6/elements - {"using":"xpath","value":"//bdi[contains(text(), \"Issue\")]"}
RESULT: {"using":"xpath","value":"//bdi[contains(text(), \"Issue\")]"}
COMMAND: POST /session/cd4e213f90090bc7497a341d701e98a6/elements - {"using":"xpath","value":"//bdi[contains(text(), \"Issue\")]"}
RESULT: {"using":"xpath","value":"//bdi[contains(text(), \"Issue\")]"}
COMMAND: POST /session/cd4e213f90090bc7497a341d701e98a6/elements - {"using":"xpath","value":"//bdi[contains(text(), \"Issue\")]"}
RESULT: {"using":"xpath","value":"//bdi[contains(text(), \"Issue\")]"}
COMMAND: POST /session/cd4e213f90090bc7497a341d701e98a6/elements - {"using":"xpath","value":"//bdi[contains(text(), \"Issue\")]"}
RESULT: {"using":"xpath","value":"//bdi[contains(text(), \"Issue\")]"}
COMMAND: POST /session/cd4e213f90090bc7497a341d701e98a6/elements - {"using":"xpath","value":"//bdi[contains(text(), \"Issue\")]"}
RESULT: {"using":"xpath","value":"//bdi[contains(text(), \"Issue\")]"}
COMMAND: POST /session/cd4e213f90090bc7497a341d701e98a6/elements - {"using":"xpath","value":"//bdi[contains(text(), \"Issue\")]"}
RESULT: {"using":"xpath","value":"//bdi[contains(text(), \"Issue\")]"}
COMMAND: POST /session/cd4e213f90090bc7497a341d701e98a6/elements - {"using":"xpath","value":"//bdi[contains(text(), \"Issue\")]"}
RESULT: {"using":"xpath","value":"//bdi[contains(text(), \"Issue\")]"}
COMMAND: POST /session/cd4e213f90090bc7497a341d701e98a6/elements - {"using":"xpath","value":"//bdi[contains(text(), \"Issue\")]"}
RESULT: {"using":"xpath","value":"//bdi[contains(text(), \"Issue\")]"}
COMMAND: POST /session/cd4e213f90090bc7497a341d701e98a6/elements - {"using":"xpath","value":"//bdi[contains(text(), \"Issue\")]"}
RESULT: {"using":"xpath","value":"//bdi[contains(text(), \"Issue\")]"}
COMMAND: POST /session/cd4e213f90090bc7497a341d701e98a6/elements - {"using":"xpath","value":"//bdi[contains(text(), \"Issue\")]"}
RESULT: {"using":"xpath","value":"//bdi[contains(text(), \"Issue\")]"}
COMMAND: POST /session/cd4e213f90090bc7497a341d701e98a6/elements - {"using":"xpath","value":"//bdi[contains(text(), \"Issue\")]"}
RESULT: {"using":"xpath","value":"//bdi[contains(text(), \"Issue\")]"}
COMMAND: POST /session/cd4e213f90090bc7497a341d701e98a6/elements - {"using":"xpath","value":"//bdi[contains(text(), \"Issue\")]"}
RESULT: {"using":"xpath","value":"//bdi[contains(text(), \"Issue\")]"}
COMMAND: POST /session/cd4e213f90090bc7497a341d701e98a6/elements - {"using":"xpath","value":"//bdi[contains(text(), \"Issue\")]"}
RESULT: {"using":"xpath","value":"//bdi[contains(text(), \"Issue\")]"}
COMMAND: POST /session/cd4e213f90090bc7497a341d701e98a6/elements - {"using":"xpath","value":"//bdi[contains(text(), \"Issue\")]"}
RESULT: {"using":"xpath","value":"//bdi[contains(text(), \"Issue\")]"}
COMMAND: POST /session/cd4e213f90090bc7497a341d701e98a6/elements - {"using":"xpath","value":"//bdi[contains(text(), \"Issue\")]"}
RESULT: {"using":"xpath","value":"//bdi[contains(text(), \"Issue\")]"}
COMMAND: POST /session/cd4e213f90090bc7497a341d701e98a6/elements - {"using":"xpath","value":"//bdi[contains(text(), \"Issue\")]"}
RESULT: {"using":"xpath","value":"//bdi[contains(text(), \"Issue\")]"}
COMMAND: POST /session/cd4e213f90090bc7497a341d701e98a6/elements - {"using":"xpath","value":"//bdi[contains(text(), \"Issue\")]"}
RESULT: {"using":"xpath","value":"//bdi[contains(text(), \"Issue\")]"}
COMMAND: POST /session/cd4e213f90090bc7497a341d701e98a6/elements - {"using":"xpath","value":"//bdi[contains(text(), \"Issue\")]"}
RESULT: {"using":"xpath","value":"//bdi[contains(text(), \"Issue\")]"}
COMMAND: POST /session/cd4e213f90090bc7497a341d701e98a6/elements - {"using":"xpath","value":"//bdi[contains(text(), \"Issue\")]"}
RESULT: {"using":"xpath","value":"//bdi[contains(text(), \"Issue\")]"}
COMMAND: POST /session/cd4e213f90090bc7497a341d701e98a6/elements - {"using":"xpath","value":"//bdi[contains(text(), \"Issue\")]"}
RESULT: {"using":"xpath","value":"//bdi[contains(text(), \"Issue\")]"}
COMMAND: POST /session/cd4e213f90090bc7497a341d701e98a6/elements - {"using":"xpath","value":"//bdi[contains(text(), \"Issue\")]"}
RESULT: {"using":"xpath","value":"//bdi[contains(text(), \"Issue\")]"}
COMMAND: POST /session/cd4e213f90090bc7497a341d701e98a6/elements - {"using":"xpath","value":"//bdi[contains(text(), \"Issue\")]"}
RESULT: {"using":"xpath","value":"//bdi[contains(text(), \"Issue\")]"}
COMMAND: POST /session/cd4e213f90090bc7497a341d701e98a6/elements - {"using":"xpath","value":"//bdi[contains(text(), \"Issue\")]"}
RESULT: {"using":"xpath","value":"//bdi[contains(text(), \"Issue\")]"}
COMMAND: POST /session/cd4e213f90090bc7497a341d701e98a6/elements - {"using":"xpath","value":"//bdi[contains(text(), \"Issue\")]"}
COMMAND: GET /session/cd4e213f90090bc7497a341d701e98a6/screenshot - {}
RESULT: {"using":"xpath","value":"//bdi[contains(text(), \"Issue\")]"}
RESULT: {}
COMMAND: POST /session/cd4e213f90090bc7497a341d701e98a6/element - {"using":"css selector","value":"#j_username"}
COMMAND: POST /session/cd4e213f90090bc7497a341d701e98a6/url - {"url":"https://qa-testing-00-live-etm-ui.cfapps.eu10-004.hana.ondemand.com/"}
COMMAND: GET /session/cd4e213f90090bc7497a341d701e98a6/screenshot - {}
COMMAND: GET /session/cd4e213f90090bc7497a341d701e98a6/screenshot - {}
RESULT: {"url":"https://qa-testing-00-live-etm-ui.cfapps.eu10-004.hana.ondemand.com/"}
RESULT: undefined
COMMAND: GET /session/cd4e213f90090bc7497a341d701e98a6/screenshot - {}
RESULT: {"using":"css selector","value":"#j_username"}
COMMAND: POST /session/cd4e213f90090bc7497a341d701e98a6/element - {"using":"css selector","value":"#j_username"}
RESULT: {}
RESULT: {}
RESULT: {}
RESULT: {"using":"css selector","value":"#j_username"}
COMMAND: POST /session/cd4e213f90090bc7497a341d701e98a6/element - {"using":"css selector","value":"#shell-header-logo"}
RESULT: {"using":"css selector","value":"#shell-header-logo"}
COMMAND: POST /session/cd4e213f90090bc7497a341d701e98a6/execute/sync - {"script":"<script> [8489 bytes]","args":[{"element-6066-11e4-a52e-4f735466cecf":"f.3EFE59E47BCAC700A535F57DF4769BD4.d.C2453481F8F9FEC29B27A6A1E0450C91.e.14640","ELEMENT":"f.3EFE59E47BCAC700A535F57DF4769BD4.d.C2453481F8F9FEC29B27A6A1E0450C91.e.14640"}]}
RESULT: {"script":"<script> [8489 bytes]","args":[{"element-6066-11e4-a52e-4f735466cecf":"f.3EFE59E47BCAC700A535F57DF4769BD4.d.C2453481F8F9FEC29B27A6A1E0450C91.e.14640","ELEMENT":"f.3EFE59E47BCAC700A535F57DF4769BD4.d.C2453481F8F9FEC29B27A6A1E0450C91.e.14640"}]}
COMMAND: POST /session/cd4e213f90090bc7497a341d701e98a6/element - {"using":"css selector","value":"#shell-header-logo"}
COMMAND: GET /session/cd4e213f90090bc7497a341d701e98a6/screenshot - {}
RESULT: {"using":"css selector","value":"#shell-header-logo"}
COMMAND: POST /session/cd4e213f90090bc7497a341d701e98a6/execute/sync - {"script":"<script> [8489 bytes]","args":[{"element-6066-11e4-a52e-4f735466cecf":"f.3EFE59E47BCAC700A535F57DF4769BD4.d.C2453481F8F9FEC29B27A6A1E0450C91.e.14640","ELEMENT":"f.3EFE59E47BCAC700A535F57DF4769BD4.d.C2453481F8F9FEC29B27A6A1E0450C91.e.14640"}]}
RESULT: {}
RESULT: {"script":"<script> [8489 bytes]","args":[{"element-6066-11e4-a52e-4f735466cecf":"f.3EFE59E47BCAC700A535F57DF4769BD4.d.C2453481F8F9FEC29B27A6A1E0450C91.e.14640","ELEMENT":"f.3EFE59E47BCAC700A535F57DF4769BD4.d.C2453481F8F9FEC29B27A6A1E0450C91.e.14640"}]}
COMMAND: POST /session/cd4e213f90090bc7497a341d701e98a6/execute/sync - {"script":"<script> [5351 bytes]","args":[{"element-6066-11e4-a52e-4f735466cecf":"f.3EFE59E47BCAC700A535F57DF4769BD4.d.C2453481F8F9FEC29B27A6A1E0450C91.e.14640","ELEMENT":"f.3EFE59E47BCAC700A535F57DF4769BD4.d.C2453481F8F9FEC29B27A6A1E0450C91.e.14640"}]}
COMMAND: GET /session/cd4e213f90090bc7497a341d701e98a6/screenshot - {}
RESULT: {"script":"<script> [5351 bytes]","args":[{"element-6066-11e4-a52e-4f735466cecf":"f.3EFE59E47BCAC700A535F57DF4769BD4.d.C2453481F8F9FEC29B27A6A1E0450C91.e.14640","ELEMENT":"f.3EFE59E47BCAC700A535F57DF4769BD4.d.C2453481F8F9FEC29B27A6A1E0450C91.e.14640"}]}
COMMAND: POST /session/cd4e213f90090bc7497a341d701e98a6/element - {"using":"css selector","value":"#shell-header-logo"}
COMMAND: GET /session/cd4e213f90090bc7497a341d701e98a6/screenshot - {}
RESULT: {}
RESULT: {"using":"css selector","value":"#shell-header-logo"}
COMMAND: POST /session/cd4e213f90090bc7497a341d701e98a6/element/f.3EFE59E47BCAC700A535F57DF4769BD4.d.C2453481F8F9FEC29B27A6A1E0450C91.e.14640/click - {}
RESULT: {}
RESULT: {}
COMMAND: GET /session/cd4e213f90090bc7497a341d701e98a6/screenshot - {}
RESULT: {}
COMMAND: POST /session/cd4e213f90090bc7497a341d701e98a6/execute/async - {"script":"<script> [189 bytes]","args":[]}
RESULT: {"script":"<script> [189 bytes]","args":[]}
COMMAND: POST /session/cd4e213f90090bc7497a341d701e98a6/execute/async - {"script":"<script> [123 bytes]","args":[]}
RESULT: {"script":"<script> [123 bytes]","args":[]}
COMMAND: POST /session/cd4e213f90090bc7497a341d701e98a6/timeouts - {"script":"<number>"}
RESULT: {"script":"<number>"}
COMMAND: GET /session/cd4e213f90090bc7497a341d701e98a6/timeouts - {}
RESULT: {}
RESULT: undefined
COMMAND: POST /session/cd4e213f90090bc7497a341d701e98a6/execute/async - {"script":"<script> [2676 bytes]","args":[]}
RESULT: {"script":"<script> [2676 bytes]","args":[]}
COMMAND: POST /session/cd4e213f90090bc7497a341d701e98a6/execute/async - {"script":"<script> [2342 bytes]","args":[{"protocol":"http","hostname":"0.0.0.0","path":"/","capabilities":{"browserName":"chrome","goog:chromeOptions":{"binary":"C:\\Program Files\\Google\\Chrome\\Application\\chrome.exe","args":["--start-maximized"]}},"logLevel":"warn","connectionRetryTimeout":120000,"connectionRetryCount":3,"logLevels":{},"enableDirectConnect":true,"strictSSL":true,"_":"65 more keys: [\"cacheDir\",\"port\",\"requestedCapabilities\",\"automationProtocol\",\"baseUrl\",\"waitforInterval\",\"waitforTimeout\",\"onReload\",\"beforeCommand\",\"afterCommand\",\"rootDir\",\"specs\",\"suites\",\"exclude\",\"groupLogsByTestSpec\",\"excludeDriverLogs\",\"bail\",\"framework\",\"reporters\",\"services\",\"maxInstances\",\"maxInstancesPerCapability\",\"injectGlobals\",\"filesToWatch\",\"execArgv\",\"runnerEnv\",\"runner\",\"shard\",\"specFileRetries\",\"specFileRetriesDelay\",\"specFileRetriesDeferred\",\"reporterSyncInterval\",\"reporterSyncTimeout\",\"cucumberFeaturesWithLineNumbers\",\"autoCompileOpts\",\"mochaOpts\",\"jasmineOpts\",\"cucumberOpts\",\"onPrepare\",\"onWorkerStart\",\"onWorkerEnd\",\"before\",\"beforeSession\",\"beforeSuite\",\"beforeHook\",\"beforeTest\",\"afterTest\",\"afterHook\",\"afterSuite\",\"afterSession\",\"after\",\"onComplete\",\"beforeAssertion\",\"afterAssertion\",\"beforeFeature\",\"beforeScenario\",\"beforeStep\",\"afterStep\",\"afterScenario\",\"afterFeature\",\"_\",\"suite\",\"$0\",\"ignoredWorkerServices\",\"wdi5\"]"}]}
RESULT: {"script":"<script> [2342 bytes]","args":[{"protocol":"http","hostname":"0.0.0.0","path":"/","capabilities":{"browserName":"chrome","goog:chromeOptions":{"binary":"C:\\Program Files\\Google\\Chrome\\Application\\chrome.exe","args":["--start-maximized"]}},"logLevel":"warn","connectionRetryTimeout":120000,"connectionRetryCount":3,"logLevels":{},"enableDirectConnect":true,"strictSSL":true,"_":"65 more keys: [\"cacheDir\",\"port\",\"requestedCapabilities\",\"automationProtocol\",\"baseUrl\",\"waitforInterval\",\"waitforTimeout\",\"onReload\",\"beforeCommand\",\"afterCommand\",\"rootDir\",\"specs\",\"suites\",\"exclude\",\"groupLogsByTestSpec\",\"excludeDriverLogs\",\"bail\",\"framework\",\"reporters\",\"services\",\"maxInstances\",\"maxInstancesPerCapability\",\"injectGlobals\",\"filesToWatch\",\"execArgv\",\"runnerEnv\",\"runner\",\"shard\",\"specFileRetries\",\"specFileRetriesDelay\",\"specFileRetriesDeferred\",\"reporterSyncInterval\",\"reporterSyncTimeout\",\"cucumberFeaturesWithLineNumbers\",\"autoCompileOpts\",\"mochaOpts\",\"jasmineOpts\",\"cucumberOpts\",\"onPrepare\",\"onWorkerStart\",\"onWorkerEnd\",\"before\",\"beforeSession\",\"beforeSuite\",\"beforeHook\",\"beforeTest\",\"afterTest\",\"afterHook\",\"afterSuite\",\"afterSession\",\"after\",\"onComplete\",\"beforeAssertion\",\"afterAssertion\",\"beforeFeature\",\"beforeScenario\",\"beforeStep\",\"afterStep\",\"afterScenario\",\"afterFeature\",\"_\",\"suite\",\"$0\",\"ignoredWorkerServices\",\"wdi5\"]"}]}
COMMAND: POST /session/cd4e213f90090bc7497a341d701e98a6/execute/async - {"script":"<script> [21126 bytes]","args":[35000]}
RESULT: {"script":"<script> [21126 bytes]","args":[35000]}
COMMAND: POST /session/cd4e213f90090bc7497a341d701e98a6/window/maximize - {}
RESULT: {}
COMMAND: POST /session/cd4e213f90090bc7497a341d701e98a6/execute/async - {"script":"<script> [1562 bytes]","args":[{"selector":{"id":"shell-header","interaction":{"idSuffix":"icon"}},"wdio_ui5_key":"shellheader"}]}
COMMAND: GET /session/cd4e213f90090bc7497a341d701e98a6/screenshot - {}
RESULT: {"script":"<script> [1562 bytes]","args":[{"selector":{"id":"shell-header","interaction":{"idSuffix":"icon"}},"wdio_ui5_key":"shellheader"}]}
RESULT: undefined
COMMAND: POST /session/cd4e213f90090bc7497a341d701e98a6/window/fullscreen - {}
RESULT: {}
RESULT: {}
]]></system-out>
      <system-err><![CDATA[
Error: Can't call click on element with selector "//bdi[contains(text(), "Issue")]" because element wasn't found
    at async Context.<anonymous> (D:\a\1\s\test\specs\HTR\stock-decrease.spec.js:428:9)
]]></system-err>
    </testcase>
  </testsuite>
  <testsuite timestamp="2025-05-22T17:30:46" time="699.997" tests="7" failures="3" errors="3" skipped="0">
    <properties>
      <property name="specId" value="0"/>
      <property name="suiteName" value="Transfer Yard to Yard US131076"/>
      <property name="capabilities" value="chrome.136_0_7103_93.windows"/>
      <property name="file" value="file:///D:/a/1/s/test/specs/HTR/transfer-yard-to-yard.spec.js"/>
    </properties>
    <testcase classname="chrome.136_0_7103_93.windows.Transfer_Yard_to_Yard_US131076" name="Should create a new yard" time="0.038">
      <system-out><![CDATA[
COMMAND: POST /session/cd4e213f90090bc7497a341d701e98a6/window/fullscreen - {}
RESULT: {}
]]></system-out>
    </testcase>
    <testcase classname="chrome.136_0_7103_93.windows.Transfer_Yard_to_Yard_US131076" name="Should create a new 2nd yard" time="141.516">
      <system-out><![CDATA[
COMMAND: POST /session/cd4e213f90090bc7497a341d701e98a6/window/fullscreen - {}
RESULT: {}
COMMAND: POST /session/cd4e213f90090bc7497a341d701e98a6/execute/async - {"script":"<script> [1562 bytes]","args":[{"selector":{"controlType":"sap.m.GenericTile","properties":{"header":"Manage Yards"}},"wdio_ui5_key":"sapm.GenericTile{\"header\":\"Manage Yards\"}"}]}
RESULT: {"script":"<script> [1562 bytes]","args":[{"selector":{"controlType":"sap.m.GenericTile","properties":{"header":"Manage Yards"}},"wdio_ui5_key":"sapm.GenericTile{\"header\":\"Manage Yards\"}"}]}
RESULT: undefined
COMMAND: POST /session/cd4e213f90090bc7497a341d701e98a6/element - {"using":"xpath","value":"//*[@id=\"__tile33\"]"}
RESULT: {"using":"xpath","value":"//*[@id=\"__tile33\"]"}
COMMAND: POST /session/cd4e213f90090bc7497a341d701e98a6/element/f.3EFE59E47BCAC700A535F57DF4769BD4.d.C2453481F8F9FEC29B27A6A1E0450C91.e.14668/click - {}
RESULT: {}
COMMAND: GET /session/cd4e213f90090bc7497a341d701e98a6/screenshot - {}
RESULT: {}
COMMAND: POST /session/cd4e213f90090bc7497a341d701e98a6/elements - {"using":"xpath","value":"//span[text()='Error']"}
RESULT: {"using":"xpath","value":"//span[text()='Error']"}
COMMAND: POST /session/cd4e213f90090bc7497a341d701e98a6/element - {"using":"xpath","value":"//button[@data-kt=\"addNewYardOverflowToolbarButton\"]"}
RESULT: {"using":"xpath","value":"//button[@data-kt=\"addNewYardOverflowToolbarButton\"]"}
COMMAND: POST /session/cd4e213f90090bc7497a341d701e98a6/elements - {"using":"xpath","value":"//button[@data-kt=\"addNewYardOverflowToolbarButton\"]"}
RESULT: {"using":"xpath","value":"//button[@data-kt=\"addNewYardOverflowToolbarButton\"]"}
COMMAND: POST /session/cd4e213f90090bc7497a341d701e98a6/execute/sync - {"script":"<script> [8489 bytes]","args":[{"element-6066-11e4-a52e-4f735466cecf":"f.3EFE59E47BCAC700A535F57DF4769BD4.d.C2453481F8F9FEC29B27A6A1E0450C91.e.14789","ELEMENT":"f.3EFE59E47BCAC700A535F57DF4769BD4.d.C2453481F8F9FEC29B27A6A1E0450C91.e.14789"}]}
RESULT: {"script":"<script> [8489 bytes]","args":[{"element-6066-11e4-a52e-4f735466cecf":"f.3EFE59E47BCAC700A535F57DF4769BD4.d.C2453481F8F9FEC29B27A6A1E0450C91.e.14789","ELEMENT":"f.3EFE59E47BCAC700A535F57DF4769BD4.d.C2453481F8F9FEC29B27A6A1E0450C91.e.14789"}]}
COMMAND: GET /session/cd4e213f90090bc7497a341d701e98a6/element/f.3EFE59E47BCAC700A535F57DF4769BD4.d.C2453481F8F9FEC29B27A6A1E0450C91.e.14789/enabled - {}
COMMAND: GET /session/cd4e213f90090bc7497a341d701e98a6/screenshot - {}
RESULT: {}
COMMAND: POST /session/cd4e213f90090bc7497a341d701e98a6/execute/sync - {"script":"<script> [8489 bytes]","args":[{"element-6066-11e4-a52e-4f735466cecf":"f.3EFE59E47BCAC700A535F57DF4769BD4.d.C2453481F8F9FEC29B27A6A1E0450C91.e.14789","ELEMENT":"f.3EFE59E47BCAC700A535F57DF4769BD4.d.C2453481F8F9FEC29B27A6A1E0450C91.e.14789"}]}
COMMAND: GET /session/cd4e213f90090bc7497a341d701e98a6/screenshot - {}
RESULT: {}
RESULT: {"script":"<script> [8489 bytes]","args":[{"element-6066-11e4-a52e-4f735466cecf":"f.3EFE59E47BCAC700A535F57DF4769BD4.d.C2453481F8F9FEC29B27A6A1E0450C91.e.14789","ELEMENT":"f.3EFE59E47BCAC700A535F57DF4769BD4.d.C2453481F8F9FEC29B27A6A1E0450C91.e.14789"}]}
COMMAND: POST /session/cd4e213f90090bc7497a341d701e98a6/execute/sync - {"script":"<script> [5351 bytes]","args":[{"element-6066-11e4-a52e-4f735466cecf":"f.3EFE59E47BCAC700A535F57DF4769BD4.d.C2453481F8F9FEC29B27A6A1E0450C91.e.14789","ELEMENT":"f.3EFE59E47BCAC700A535F57DF4769BD4.d.C2453481F8F9FEC29B27A6A1E0450C91.e.14789"}]}
RESULT: {}
RESULT: {"script":"<script> [5351 bytes]","args":[{"element-6066-11e4-a52e-4f735466cecf":"f.3EFE59E47BCAC700A535F57DF4769BD4.d.C2453481F8F9FEC29B27A6A1E0450C91.e.14789","ELEMENT":"f.3EFE59E47BCAC700A535F57DF4769BD4.d.C2453481F8F9FEC29B27A6A1E0450C91.e.14789"}]}
COMMAND: POST /session/cd4e213f90090bc7497a341d701e98a6/element/f.3EFE59E47BCAC700A535F57DF4769BD4.d.C2453481F8F9FEC29B27A6A1E0450C91.e.14789/click - {}
COMMAND: GET /session/cd4e213f90090bc7497a341d701e98a6/screenshot - {}
COMMAND: GET /session/cd4e213f90090bc7497a341d701e98a6/screenshot - {}
RESULT: {}
COMMAND: GET /session/cd4e213f90090bc7497a341d701e98a6/screenshot - {}
RESULT: {}
COMMAND: POST /session/cd4e213f90090bc7497a341d701e98a6/element - {"using":"xpath","value":"//input[@id=\"application-manageyards-display-component---NewYard--yardId-inner\"]"}
RESULT: {}
RESULT: {}
RESULT: {"using":"xpath","value":"//input[@id=\"application-manageyards-display-component---NewYard--yardId-inner\"]"}
COMMAND: POST /session/cd4e213f90090bc7497a341d701e98a6/element - {"using":"xpath","value":"//input[@id=\"application-manageyards-display-component---NewYard--yardId-inner\"]"}
RESULT: {"using":"xpath","value":"//input[@id=\"application-manageyards-display-component---NewYard--yardId-inner\"]"}
COMMAND: POST /session/cd4e213f90090bc7497a341d701e98a6/execute/async - {"script":"<script> [1562 bytes]","args":[{"selector":{"id":"application-manageyards-display-component---NewYard--addressDetailDetailsName1","interaction":{"idSuffix":"inner"}},"wdio_ui5_key":"applicationmanageyards-display-component---NewYard--addressDetailDetailsName1"}]}
RESULT: {"script":"<script> [1562 bytes]","args":[{"selector":{"id":"application-manageyards-display-component---NewYard--addressDetailDetailsName1","interaction":{"idSuffix":"inner"}},"wdio_ui5_key":"applicationmanageyards-display-component---NewYard--addressDetailDetailsName1"}]}
RESULT: undefined
COMMAND: POST /session/cd4e213f90090bc7497a341d701e98a6/execute/async - {"script":"<script> [776 bytes]","args":[{"enterText":"Intracompany Yard wdIO","selector":{"id":"application-manageyards-display-component---NewYard--addressDetailDetailsName1","interaction":{"idSuffix":"inner"}},"clearTextFirst":true,"interactionType":"ENTER_TEXT"}]}
RESULT: {"script":"<script> [776 bytes]","args":[{"enterText":"Intracompany Yard wdIO","selector":{"id":"application-manageyards-display-component---NewYard--addressDetailDetailsName1","interaction":{"idSuffix":"inner"}},"clearTextFirst":true,"interactionType":"ENTER_TEXT"}]}
COMMAND: POST /session/cd4e213f90090bc7497a341d701e98a6/execute/async - {"script":"<script> [1562 bytes]","args":[{"selector":{"id":"application-manageyards-display-component---NewYard--addressDetailDetailsLanguage-arrow"},"wdio_ui5_key":"applicationmanageyards-display-component---NewYard--addressDetailDetailsLanguage-arrow"}]}
RESULT: {"script":"<script> [1562 bytes]","args":[{"selector":{"id":"application-manageyards-display-component---NewYard--addressDetailDetailsLanguage-arrow"},"wdio_ui5_key":"applicationmanageyards-display-component---NewYard--addressDetailDetailsLanguage-arrow"}]}
RESULT: undefined
COMMAND: POST /session/cd4e213f90090bc7497a341d701e98a6/element - {"using":"xpath","value":"//*[@id=\"application-manageyards-display-component---NewYard--addressDetailDetailsLanguage-arrow\"]"}
RESULT: {"using":"xpath","value":"//*[@id=\"application-manageyards-display-component---NewYard--addressDetailDetailsLanguage-arrow\"]"}
COMMAND: POST /session/cd4e213f90090bc7497a341d701e98a6/element/f.3EFE59E47BCAC700A535F57DF4769BD4.d.C2453481F8F9FEC29B27A6A1E0450C91.e.15226/click - {}
RESULT: {}
COMMAND: POST /session/cd4e213f90090bc7497a341d701e98a6/element - {"using":"xpath","value":"//span[contains(text(), \"English\")]"}
COMMAND: GET /session/cd4e213f90090bc7497a341d701e98a6/screenshot - {}
RESULT: {"using":"xpath","value":"//span[contains(text(), \"English\")]"}
COMMAND: POST /session/cd4e213f90090bc7497a341d701e98a6/element/f.3EFE59E47BCAC700A535F57DF4769BD4.d.C2453481F8F9FEC29B27A6A1E0450C91.e.15227/click - {}
RESULT: {}
RESULT: {}
COMMAND: POST /session/cd4e213f90090bc7497a341d701e98a6/execute/async - {"script":"<script> [1562 bytes]","args":[{"selector":{"id":"application-manageyards-display-component---NewYard--addressDetailDetailsCity1","interaction":{"idSuffix":"inner"}},"wdio_ui5_key":"applicationmanageyards-display-component---NewYard--addressDetailDetailsCity1"}]}
COMMAND: GET /session/cd4e213f90090bc7497a341d701e98a6/screenshot - {}
RESULT: {"script":"<script> [1562 bytes]","args":[{"selector":{"id":"application-manageyards-display-component---NewYard--addressDetailDetailsCity1","interaction":{"idSuffix":"inner"}},"wdio_ui5_key":"applicationmanageyards-display-component---NewYard--addressDetailDetailsCity1"}]}
RESULT: undefined
COMMAND: POST /session/cd4e213f90090bc7497a341d701e98a6/execute/async - {"script":"<script> [776 bytes]","args":[{"enterText":"Rosario","selector":{"id":"application-manageyards-display-component---NewYard--addressDetailDetailsCity1","interaction":{"idSuffix":"inner"}},"clearTextFirst":true,"interactionType":"ENTER_TEXT"}]}
RESULT: {}
RESULT: {"script":"<script> [776 bytes]","args":[{"enterText":"Rosario","selector":{"id":"application-manageyards-display-component---NewYard--addressDetailDetailsCity1","interaction":{"idSuffix":"inner"}},"clearTextFirst":true,"interactionType":"ENTER_TEXT"}]}
COMMAND: POST /session/cd4e213f90090bc7497a341d701e98a6/execute/async - {"script":"<script> [1562 bytes]","args":[{"selector":{"id":"application-manageyards-display-component---NewYard--addressDetailDetailsCountry-arrow"},"wdio_ui5_key":"applicationmanageyards-display-component---NewYard--addressDetailDetailsCountry-arrow"}]}
RESULT: {"script":"<script> [1562 bytes]","args":[{"selector":{"id":"application-manageyards-display-component---NewYard--addressDetailDetailsCountry-arrow"},"wdio_ui5_key":"applicationmanageyards-display-component---NewYard--addressDetailDetailsCountry-arrow"}]}
RESULT: undefined
COMMAND: POST /session/cd4e213f90090bc7497a341d701e98a6/element - {"using":"xpath","value":"//*[@id=\"application-manageyards-display-component---NewYard--addressDetailDetailsCountry-arrow\"]"}
RESULT: {"using":"xpath","value":"//*[@id=\"application-manageyards-display-component---NewYard--addressDetailDetailsCountry-arrow\"]"}
COMMAND: POST /session/cd4e213f90090bc7497a341d701e98a6/element/f.3EFE59E47BCAC700A535F57DF4769BD4.d.C2453481F8F9FEC29B27A6A1E0450C91.e.15229/click - {}
RESULT: {}
COMMAND: POST /session/cd4e213f90090bc7497a341d701e98a6/element - {"using":"xpath","value":"//span[contains(text(), \"Argentina\")]"}
COMMAND: GET /session/cd4e213f90090bc7497a341d701e98a6/screenshot - {}
RESULT: {"using":"xpath","value":"//span[contains(text(), \"Argentina\")]"}
COMMAND: POST /session/cd4e213f90090bc7497a341d701e98a6/element/f.3EFE59E47BCAC700A535F57DF4769BD4.d.C2453481F8F9FEC29B27A6A1E0450C91.e.15231/click - {}
RESULT: {}
RESULT: {}
COMMAND: POST /session/cd4e213f90090bc7497a341d701e98a6/execute/async - {"script":"<script> [1562 bytes]","args":[{"selector":{"id":"application-manageyards-display-component---NewYard--addressEditDetailsCostObjectCstType-arrow"},"wdio_ui5_key":"applicationmanageyards-display-component---NewYard--addressEditDetailsCostObjectCstType-arrow"}]}
COMMAND: GET /session/cd4e213f90090bc7497a341d701e98a6/screenshot - {}
RESULT: {"script":"<script> [1562 bytes]","args":[{"selector":{"id":"application-manageyards-display-component---NewYard--addressEditDetailsCostObjectCstType-arrow"},"wdio_ui5_key":"applicationmanageyards-display-component---NewYard--addressEditDetailsCostObjectCstType-arrow"}]}
RESULT: undefined
COMMAND: POST /session/cd4e213f90090bc7497a341d701e98a6/element - {"using":"xpath","value":"//*[@id=\"application-manageyards-display-component---NewYard--addressEditDetailsCostObjectCstType-arrow\"]"}
RESULT: {}
RESULT: {"using":"xpath","value":"//*[@id=\"application-manageyards-display-component---NewYard--addressEditDetailsCostObjectCstType-arrow\"]"}
COMMAND: POST /session/cd4e213f90090bc7497a341d701e98a6/element/f.3EFE59E47BCAC700A535F57DF4769BD4.d.C2453481F8F9FEC29B27A6A1E0450C91.e.15232/click - {}
RESULT: {}
COMMAND: POST /session/cd4e213f90090bc7497a341d701e98a6/element - {"using":"xpath","value":"//span[contains(text(), \"Cost Center\")]"}
COMMAND: GET /session/cd4e213f90090bc7497a341d701e98a6/screenshot - {}
RESULT: {"using":"xpath","value":"//span[contains(text(), \"Cost Center\")]"}
COMMAND: POST /session/cd4e213f90090bc7497a341d701e98a6/element/f.3EFE59E47BCAC700A535F57DF4769BD4.d.C2453481F8F9FEC29B27A6A1E0450C91.e.15233/click - {}
RESULT: {}
RESULT: {}
COMMAND: GET /session/cd4e213f90090bc7497a341d701e98a6/screenshot - {}
RESULT: {}
COMMAND: POST /session/cd4e213f90090bc7497a341d701e98a6/element - {"using":"xpath","value":"//span[@id=\"application-manageyards-display-component---NewYard--addressNewCostObjectCstID-vhi\"]"}
RESULT: {"using":"xpath","value":"//span[@id=\"application-manageyards-display-component---NewYard--addressNewCostObjectCstID-vhi\"]"}
COMMAND: POST /session/cd4e213f90090bc7497a341d701e98a6/execute/sync - {"script":"<script> [8489 bytes]","args":[{"element-6066-11e4-a52e-4f735466cecf":"f.3EFE59E47BCAC700A535F57DF4769BD4.d.C2453481F8F9FEC29B27A6A1E0450C91.e.15237","ELEMENT":"f.3EFE59E47BCAC700A535F57DF4769BD4.d.C2453481F8F9FEC29B27A6A1E0450C91.e.15237"}]}
RESULT: {"script":"<script> [8489 bytes]","args":[{"element-6066-11e4-a52e-4f735466cecf":"f.3EFE59E47BCAC700A535F57DF4769BD4.d.C2453481F8F9FEC29B27A6A1E0450C91.e.15237","ELEMENT":"f.3EFE59E47BCAC700A535F57DF4769BD4.d.C2453481F8F9FEC29B27A6A1E0450C91.e.15237"}]}
COMMAND: POST /session/cd4e213f90090bc7497a341d701e98a6/execute/async - {"script":"<script> [1562 bytes]","args":[{"selector":{"id":"application-manageyards-display-component---NewYard--addressNewCostObjectCstID-vhi"},"wdio_ui5_key":"applicationmanageyards-display-component---NewYard--addressNewCostObjectCstID-vhi"}]}
COMMAND: GET /session/cd4e213f90090bc7497a341d701e98a6/screenshot - {}
RESULT: {"script":"<script> [1562 bytes]","args":[{"selector":{"id":"application-manageyards-display-component---NewYard--addressNewCostObjectCstID-vhi"},"wdio_ui5_key":"applicationmanageyards-display-component---NewYard--addressNewCostObjectCstID-vhi"}]}
RESULT: undefined
COMMAND: POST /session/cd4e213f90090bc7497a341d701e98a6/element - {"using":"xpath","value":"//*[@id=\"application-manageyards-display-component---NewYard--addressNewCostObjectCstID-vhi\"]"}
RESULT: {}
RESULT: {"using":"xpath","value":"//*[@id=\"application-manageyards-display-component---NewYard--addressNewCostObjectCstID-vhi\"]"}
COMMAND: POST /session/cd4e213f90090bc7497a341d701e98a6/element/f.3EFE59E47BCAC700A535F57DF4769BD4.d.C2453481F8F9FEC29B27A6A1E0450C91.e.15237/click - {}
RESULT: {}
COMMAND: GET /session/cd4e213f90090bc7497a341d701e98a6/screenshot - {}
RESULT: {}
COMMAND: POST /session/cd4e213f90090bc7497a341d701e98a6/execute/async - {"script":"<script> [1562 bytes]","args":[{"selector":{"controlType":"sap.m.SearchField","properties":{"placeholder":"Search"},"searchOpenDialogs":true,"interaction":{"idSuffix":"I"}},"wdio_ui5_key":"sapm.SearchField{\"placeholder\":\"Search\"}"}]}
RESULT: {"script":"<script> [1562 bytes]","args":[{"selector":{"controlType":"sap.m.SearchField","properties":{"placeholder":"Search"},"searchOpenDialogs":true,"interaction":{"idSuffix":"I"}},"wdio_ui5_key":"sapm.SearchField{\"placeholder\":\"Search\"}"}]}
RESULT: undefined
COMMAND: POST /session/cd4e213f90090bc7497a341d701e98a6/execute/async - {"script":"<script> [776 bytes]","args":[{"enterText":"bauh_b","selector":{"controlType":"sap.m.SearchField","properties":{"placeholder":"Search"},"searchOpenDialogs":true,"interaction":{"idSuffix":"I"}},"clearTextFirst":true,"interactionType":"ENTER_TEXT"}]}
RESULT: {"script":"<script> [776 bytes]","args":[{"enterText":"bauh_b","selector":{"controlType":"sap.m.SearchField","properties":{"placeholder":"Search"},"searchOpenDialogs":true,"interaction":{"idSuffix":"I"}},"clearTextFirst":true,"interactionType":"ENTER_TEXT"}]}
COMMAND: POST /session/cd4e213f90090bc7497a341d701e98a6/actions - {"actions":[{"id":"action58","type":"key","parameters":{},"actions":[{"type":"keyDown","value":""},{"type":"pause","duration":10},{"type":"keyUp","value":""}]}]}
RESULT: {"actions":[{"id":"action58","type":"key","parameters":{},"actions":[{"type":"keyDown","value":""},{"type":"pause","duration":10},{"type":"keyUp","value":""}]}]}
COMMAND: GET /session/cd4e213f90090bc7497a341d701e98a6/screenshot - {}
RESULT: {}
COMMAND: POST /session/cd4e213f90090bc7497a341d701e98a6/element - {"using":"xpath","value":"//span[contains(text(), \"Demo Yard\")]"}
RESULT: {"using":"xpath","value":"//span[contains(text(), \"Demo Yard\")]"}
COMMAND: POST /session/cd4e213f90090bc7497a341d701e98a6/element/f.3EFE59E47BCAC700A535F57DF4769BD4.d.C2453481F8F9FEC29B27A6A1E0450C91.e.15278/click - {}
RESULT: {}
COMMAND: GET /session/cd4e213f90090bc7497a341d701e98a6/screenshot - {}
RESULT: {}
COMMAND: POST /session/cd4e213f90090bc7497a341d701e98a6/element - {"using":"xpath","value":"//bdi[contains(text(), \"OK\")]"}
RESULT: {"using":"xpath","value":"//bdi[contains(text(), \"OK\")]"}
COMMAND: POST /session/cd4e213f90090bc7497a341d701e98a6/element/f.3EFE59E47BCAC700A535F57DF4769BD4.d.C2453481F8F9FEC29B27A6A1E0450C91.e.15279/click - {}
RESULT: {}
COMMAND: GET /session/cd4e213f90090bc7497a341d701e98a6/screenshot - {}
RESULT: {}
COMMAND: POST /session/cd4e213f90090bc7497a341d701e98a6/execute/async - {"script":"<script> [1562 bytes]","args":[{"selector":{"id":"application-manageyards-display-component---NewYard--addressEditDetailsCurrency-arrow"},"wdio_ui5_key":"applicationmanageyards-display-component---NewYard--addressEditDetailsCurrency-arrow"}]}
RESULT: {"script":"<script> [1562 bytes]","args":[{"selector":{"id":"application-manageyards-display-component---NewYard--addressEditDetailsCurrency-arrow"},"wdio_ui5_key":"applicationmanageyards-display-component---NewYard--addressEditDetailsCurrency-arrow"}]}
RESULT: undefined
COMMAND: POST /session/cd4e213f90090bc7497a341d701e98a6/element - {"using":"xpath","value":"//*[@id=\"application-manageyards-display-component---NewYard--addressEditDetailsCurrency-arrow\"]"}
RESULT: {"using":"xpath","value":"//*[@id=\"application-manageyards-display-component---NewYard--addressEditDetailsCurrency-arrow\"]"}
COMMAND: POST /session/cd4e213f90090bc7497a341d701e98a6/element/f.3EFE59E47BCAC700A535F57DF4769BD4.d.C2453481F8F9FEC29B27A6A1E0450C91.e.15282/click - {}
RESULT: {}
COMMAND: POST /session/cd4e213f90090bc7497a341d701e98a6/element - {"using":"xpath","value":"//span[contains(text(), \"Euro\")]"}
COMMAND: GET /session/cd4e213f90090bc7497a341d701e98a6/screenshot - {}
RESULT: {"using":"xpath","value":"//span[contains(text(), \"Euro\")]"}
COMMAND: POST /session/cd4e213f90090bc7497a341d701e98a6/element/f.3EFE59E47BCAC700A535F57DF4769BD4.d.C2453481F8F9FEC29B27A6A1E0450C91.e.15283/click - {}
RESULT: {}
RESULT: {}
COMMAND: POST /session/cd4e213f90090bc7497a341d701e98a6/execute/async - {"script":"<script> [1562 bytes]","args":[{"selector":{"controlType":"sap.m.Input","viewName":"etm.portal.ui.manageyards.view.New","viewId":"application-manageyards-display-component---NewYard","bindingPath":{"path":"","propertyPath":"/CONTROLLING_AREA","modelName":"NewYardModel"},"interaction":{"idSuffix":"inner"}},"wdio_ui5_key":"etmportal.ui.manageyards.view.Newsap.m.Input{\"path\":\"\",\"propertyPath\":\"/CONTROLLING_AREA\",\"modelName\":\"NewYardModel\"}"}]}
COMMAND: GET /session/cd4e213f90090bc7497a341d701e98a6/screenshot - {}
RESULT: {"script":"<script> [1562 bytes]","args":[{"selector":{"controlType":"sap.m.Input","viewName":"etm.portal.ui.manageyards.view.New","viewId":"application-manageyards-display-component---NewYard","bindingPath":{"path":"","propertyPath":"/CONTROLLING_AREA","modelName":"NewYardModel"},"interaction":{"idSuffix":"inner"}},"wdio_ui5_key":"etmportal.ui.manageyards.view.Newsap.m.Input{\"path\":\"\",\"propertyPath\":\"/CONTROLLING_AREA\",\"modelName\":\"NewYardModel\"}"}]}
RESULT: undefined
COMMAND: POST /session/cd4e213f90090bc7497a341d701e98a6/execute/async - {"script":"<script> [776 bytes]","args":[{"enterText":"Z001","selector":{"controlType":"sap.m.Input","viewName":"etm.portal.ui.manageyards.view.New","viewId":"application-manageyards-display-component---NewYard","bindingPath":{"path":"","propertyPath":"/CONTROLLING_AREA","modelName":"NewYardModel"},"interaction":{"idSuffix":"inner"}},"clearTextFirst":true,"interactionType":"ENTER_TEXT"}]}
RESULT: {}
RESULT: {"script":"<script> [776 bytes]","args":[{"enterText":"Z001","selector":{"controlType":"sap.m.Input","viewName":"etm.portal.ui.manageyards.view.New","viewId":"application-manageyards-display-component---NewYard","bindingPath":{"path":"","propertyPath":"/CONTROLLING_AREA","modelName":"NewYardModel"},"interaction":{"idSuffix":"inner"}},"clearTextFirst":true,"interactionType":"ENTER_TEXT"}]}
COMMAND: POST /session/cd4e213f90090bc7497a341d701e98a6/execute/async - {"script":"<script> [1562 bytes]","args":[{"selector":{"id":"application-manageyards-display-component---NewYard--companyCodeComboBox","interaction":{"idSuffix":"inner"}},"wdio_ui5_key":"applicationmanageyards-display-component---NewYard--companyCodeComboBox"}]}
RESULT: {"script":"<script> [1562 bytes]","args":[{"selector":{"id":"application-manageyards-display-component---NewYard--companyCodeComboBox","interaction":{"idSuffix":"inner"}},"wdio_ui5_key":"applicationmanageyards-display-component---NewYard--companyCodeComboBox"}]}
RESULT: undefined
COMMAND: POST /session/cd4e213f90090bc7497a341d701e98a6/execute/async - {"script":"<script> [776 bytes]","args":[{"enterText":"1000","selector":{"id":"application-manageyards-display-component---NewYard--companyCodeComboBox","interaction":{"idSuffix":"inner"}},"clearTextFirst":true,"interactionType":"ENTER_TEXT"}]}
RESULT: {"script":"<script> [776 bytes]","args":[{"enterText":"1000","selector":{"id":"application-manageyards-display-component---NewYard--companyCodeComboBox","interaction":{"idSuffix":"inner"}},"clearTextFirst":true,"interactionType":"ENTER_TEXT"}]}
COMMAND: POST /session/cd4e213f90090bc7497a341d701e98a6/execute/async - {"script":"<script> [1562 bytes]","args":[{"selector":{"controlType":"sap.m.Input","viewName":"etm.portal.ui.manageyards.view.New","viewId":"application-manageyards-display-component---NewYard","bindingPath":{"path":"","propertyPath":"/PLANT","modelName":"NewYardModel"},"interaction":{"idSuffix":"inner"}},"wdio_ui5_key":"etmportal.ui.manageyards.view.Newsap.m.Input{\"path\":\"\",\"propertyPath\":\"/PLANT\",\"modelName\":\"NewYardModel\"}"}]}
RESULT: {"script":"<script> [1562 bytes]","args":[{"selector":{"controlType":"sap.m.Input","viewName":"etm.portal.ui.manageyards.view.New","viewId":"application-manageyards-display-component---NewYard","bindingPath":{"path":"","propertyPath":"/PLANT","modelName":"NewYardModel"},"interaction":{"idSuffix":"inner"}},"wdio_ui5_key":"etmportal.ui.manageyards.view.Newsap.m.Input{\"path\":\"\",\"propertyPath\":\"/PLANT\",\"modelName\":\"NewYardModel\"}"}]}
RESULT: undefined
COMMAND: POST /session/cd4e213f90090bc7497a341d701e98a6/execute/async - {"script":"<script> [776 bytes]","args":[{"enterText":"1001","selector":{"controlType":"sap.m.Input","viewName":"etm.portal.ui.manageyards.view.New","viewId":"application-manageyards-display-component---NewYard","bindingPath":{"path":"","propertyPath":"/PLANT","modelName":"NewYardModel"},"interaction":{"idSuffix":"inner"}},"clearTextFirst":true,"interactionType":"ENTER_TEXT"}]}
RESULT: {"script":"<script> [776 bytes]","args":[{"enterText":"1001","selector":{"controlType":"sap.m.Input","viewName":"etm.portal.ui.manageyards.view.New","viewId":"application-manageyards-display-component---NewYard","bindingPath":{"path":"","propertyPath":"/PLANT","modelName":"NewYardModel"},"interaction":{"idSuffix":"inner"}},"clearTextFirst":true,"interactionType":"ENTER_TEXT"}]}
COMMAND: POST /session/cd4e213f90090bc7497a341d701e98a6/execute/async - {"script":"<script> [1562 bytes]","args":[{"selector":{"controlType":"sap.m.Input","viewName":"etm.portal.ui.manageyards.view.New","viewId":"application-manageyards-display-component---NewYard","bindingPath":{"path":"","propertyPath":"/SALES_AREA_VKORG","modelName":"NewYardModel"},"interaction":{"idSuffix":"inner"}},"wdio_ui5_key":"etmportal.ui.manageyards.view.Newsap.m.Input{\"path\":\"\",\"propertyPath\":\"/SALES_AREA_VKORG\",\"modelName\":\"NewYardModel\"}"}]}
RESULT: {"script":"<script> [1562 bytes]","args":[{"selector":{"controlType":"sap.m.Input","viewName":"etm.portal.ui.manageyards.view.New","viewId":"application-manageyards-display-component---NewYard","bindingPath":{"path":"","propertyPath":"/SALES_AREA_VKORG","modelName":"NewYardModel"},"interaction":{"idSuffix":"inner"}},"wdio_ui5_key":"etmportal.ui.manageyards.view.Newsap.m.Input{\"path\":\"\",\"propertyPath\":\"/SALES_AREA_VKORG\",\"modelName\":\"NewYardModel\"}"}]}
RESULT: undefined
COMMAND: POST /session/cd4e213f90090bc7497a341d701e98a6/execute/async - {"script":"<script> [776 bytes]","args":[{"enterText":"C002","selector":{"controlType":"sap.m.Input","viewName":"etm.portal.ui.manageyards.view.New","viewId":"application-manageyards-display-component---NewYard","bindingPath":{"path":"","propertyPath":"/SALES_AREA_VKORG","modelName":"NewYardModel"},"interaction":{"idSuffix":"inner"}},"clearTextFirst":true,"interactionType":"ENTER_TEXT"}]}
RESULT: {"script":"<script> [776 bytes]","args":[{"enterText":"C002","selector":{"controlType":"sap.m.Input","viewName":"etm.portal.ui.manageyards.view.New","viewId":"application-manageyards-display-component---NewYard","bindingPath":{"path":"","propertyPath":"/SALES_AREA_VKORG","modelName":"NewYardModel"},"interaction":{"idSuffix":"inner"}},"clearTextFirst":true,"interactionType":"ENTER_TEXT"}]}
COMMAND: POST /session/cd4e213f90090bc7497a341d701e98a6/execute/async - {"script":"<script> [1562 bytes]","args":[{"selector":{"controlType":"sap.m.Input","viewName":"etm.portal.ui.manageyards.view.New","viewId":"application-manageyards-display-component---NewYard","bindingPath":{"path":"","propertyPath":"/SALES_AREA_VTWEG","modelName":"NewYardModel"},"interaction":{"idSuffix":"inner"}},"wdio_ui5_key":"etmportal.ui.manageyards.view.Newsap.m.Input{\"path\":\"\",\"propertyPath\":\"/SALES_AREA_VTWEG\",\"modelName\":\"NewYardModel\"}"}]}
RESULT: {"script":"<script> [1562 bytes]","args":[{"selector":{"controlType":"sap.m.Input","viewName":"etm.portal.ui.manageyards.view.New","viewId":"application-manageyards-display-component---NewYard","bindingPath":{"path":"","propertyPath":"/SALES_AREA_VTWEG","modelName":"NewYardModel"},"interaction":{"idSuffix":"inner"}},"wdio_ui5_key":"etmportal.ui.manageyards.view.Newsap.m.Input{\"path\":\"\",\"propertyPath\":\"/SALES_AREA_VTWEG\",\"modelName\":\"NewYardModel\"}"}]}
RESULT: undefined
COMMAND: POST /session/cd4e213f90090bc7497a341d701e98a6/execute/async - {"script":"<script> [776 bytes]","args":[{"enterText":"C2","selector":{"controlType":"sap.m.Input","viewName":"etm.portal.ui.manageyards.view.New","viewId":"application-manageyards-display-component---NewYard","bindingPath":{"path":"","propertyPath":"/SALES_AREA_VTWEG","modelName":"NewYardModel"},"interaction":{"idSuffix":"inner"}},"clearTextFirst":true,"interactionType":"ENTER_TEXT"}]}
RESULT: {"script":"<script> [776 bytes]","args":[{"enterText":"C2","selector":{"controlType":"sap.m.Input","viewName":"etm.portal.ui.manageyards.view.New","viewId":"application-manageyards-display-component---NewYard","bindingPath":{"path":"","propertyPath":"/SALES_AREA_VTWEG","modelName":"NewYardModel"},"interaction":{"idSuffix":"inner"}},"clearTextFirst":true,"interactionType":"ENTER_TEXT"}]}
COMMAND: POST /session/cd4e213f90090bc7497a341d701e98a6/execute/async - {"script":"<script> [1562 bytes]","args":[{"selector":{"controlType":"sap.m.Input","viewName":"etm.portal.ui.manageyards.view.New","viewId":"application-manageyards-display-component---NewYard","bindingPath":{"path":"","propertyPath":"/SALES_AREA_SPART","modelName":"NewYardModel"},"interaction":{"idSuffix":"inner"}},"wdio_ui5_key":"etmportal.ui.manageyards.view.Newsap.m.Input{\"path\":\"\",\"propertyPath\":\"/SALES_AREA_SPART\",\"modelName\":\"NewYardModel\"}"}]}
RESULT: {"script":"<script> [1562 bytes]","args":[{"selector":{"controlType":"sap.m.Input","viewName":"etm.portal.ui.manageyards.view.New","viewId":"application-manageyards-display-component---NewYard","bindingPath":{"path":"","propertyPath":"/SALES_AREA_SPART","modelName":"NewYardModel"},"interaction":{"idSuffix":"inner"}},"wdio_ui5_key":"etmportal.ui.manageyards.view.Newsap.m.Input{\"path\":\"\",\"propertyPath\":\"/SALES_AREA_SPART\",\"modelName\":\"NewYardModel\"}"}]}
RESULT: undefined
COMMAND: POST /session/cd4e213f90090bc7497a341d701e98a6/execute/async - {"script":"<script> [776 bytes]","args":[{"enterText":"C2","selector":{"controlType":"sap.m.Input","viewName":"etm.portal.ui.manageyards.view.New","viewId":"application-manageyards-display-component---NewYard","bindingPath":{"path":"","propertyPath":"/SALES_AREA_SPART","modelName":"NewYardModel"},"interaction":{"idSuffix":"inner"}},"clearTextFirst":true,"interactionType":"ENTER_TEXT"}]}
RESULT: {"script":"<script> [776 bytes]","args":[{"enterText":"C2","selector":{"controlType":"sap.m.Input","viewName":"etm.portal.ui.manageyards.view.New","viewId":"application-manageyards-display-component---NewYard","bindingPath":{"path":"","propertyPath":"/SALES_AREA_SPART","modelName":"NewYardModel"},"interaction":{"idSuffix":"inner"}},"clearTextFirst":true,"interactionType":"ENTER_TEXT"}]}
COMMAND: POST /session/cd4e213f90090bc7497a341d701e98a6/execute/async - {"script":"<script> [1562 bytes]","args":[{"selector":{"controlType":"sap.m.Input","viewName":"etm.portal.ui.manageyards.view.New","viewId":"application-manageyards-display-component---NewYard","bindingPath":{"path":"","propertyPath":"/SHIP_POINT","modelName":"NewYardModel"},"interaction":{"idSuffix":"inner"}},"wdio_ui5_key":"etmportal.ui.manageyards.view.Newsap.m.Input{\"path\":\"\",\"propertyPath\":\"/SHIP_POINT\",\"modelName\":\"NewYardModel\"}"}]}
RESULT: {"script":"<script> [1562 bytes]","args":[{"selector":{"controlType":"sap.m.Input","viewName":"etm.portal.ui.manageyards.view.New","viewId":"application-manageyards-display-component---NewYard","bindingPath":{"path":"","propertyPath":"/SHIP_POINT","modelName":"NewYardModel"},"interaction":{"idSuffix":"inner"}},"wdio_ui5_key":"etmportal.ui.manageyards.view.Newsap.m.Input{\"path\":\"\",\"propertyPath\":\"/SHIP_POINT\",\"modelName\":\"NewYardModel\"}"}]}
RESULT: undefined
COMMAND: POST /session/cd4e213f90090bc7497a341d701e98a6/execute/async - {"script":"<script> [776 bytes]","args":[{"enterText":"1710","selector":{"controlType":"sap.m.Input","viewName":"etm.portal.ui.manageyards.view.New","viewId":"application-manageyards-display-component---NewYard","bindingPath":{"path":"","propertyPath":"/SHIP_POINT","modelName":"NewYardModel"},"interaction":{"idSuffix":"inner"}},"clearTextFirst":true,"interactionType":"ENTER_TEXT"}]}
RESULT: {"script":"<script> [776 bytes]","args":[{"enterText":"1710","selector":{"controlType":"sap.m.Input","viewName":"etm.portal.ui.manageyards.view.New","viewId":"application-manageyards-display-component---NewYard","bindingPath":{"path":"","propertyPath":"/SHIP_POINT","modelName":"NewYardModel"},"interaction":{"idSuffix":"inner"}},"clearTextFirst":true,"interactionType":"ENTER_TEXT"}]}
COMMAND: POST /session/cd4e213f90090bc7497a341d701e98a6/execute/async - {"script":"<script> [1562 bytes]","args":[{"selector":{"controlType":"sap.m.Input","viewName":"etm.portal.ui.manageyards.view.New","viewId":"application-manageyards-display-component---NewYard","bindingPath":{"path":"","propertyPath":"/DELIVERY_TYPE","modelName":"NewYardModel"},"interaction":{"idSuffix":"inner"}},"wdio_ui5_key":"etmportal.ui.manageyards.view.Newsap.m.Input{\"path\":\"\",\"propertyPath\":\"/DELIVERY_TYPE\",\"modelName\":\"NewYardModel\"}"}]}
RESULT: {"script":"<script> [1562 bytes]","args":[{"selector":{"controlType":"sap.m.Input","viewName":"etm.portal.ui.manageyards.view.New","viewId":"application-manageyards-display-component---NewYard","bindingPath":{"path":"","propertyPath":"/DELIVERY_TYPE","modelName":"NewYardModel"},"interaction":{"idSuffix":"inner"}},"wdio_ui5_key":"etmportal.ui.manageyards.view.Newsap.m.Input{\"path\":\"\",\"propertyPath\":\"/DELIVERY_TYPE\",\"modelName\":\"NewYardModel\"}"}]}
RESULT: undefined
COMMAND: POST /session/cd4e213f90090bc7497a341d701e98a6/execute/async - {"script":"<script> [776 bytes]","args":[{"enterText":"ZL01","selector":{"controlType":"sap.m.Input","viewName":"etm.portal.ui.manageyards.view.New","viewId":"application-manageyards-display-component---NewYard","bindingPath":{"path":"","propertyPath":"/DELIVERY_TYPE","modelName":"NewYardModel"},"interaction":{"idSuffix":"inner"}},"clearTextFirst":true,"interactionType":"ENTER_TEXT"}]}
RESULT: {"script":"<script> [776 bytes]","args":[{"enterText":"ZL01","selector":{"controlType":"sap.m.Input","viewName":"etm.portal.ui.manageyards.view.New","viewId":"application-manageyards-display-component---NewYard","bindingPath":{"path":"","propertyPath":"/DELIVERY_TYPE","modelName":"NewYardModel"},"interaction":{"idSuffix":"inner"}},"clearTextFirst":true,"interactionType":"ENTER_TEXT"}]}
COMMAND: POST /session/cd4e213f90090bc7497a341d701e98a6/execute/async - {"script":"<script> [1562 bytes]","args":[{"selector":{"controlType":"sap.m.Input","viewName":"etm.portal.ui.manageyards.view.New","viewId":"application-manageyards-display-component---NewYard","bindingPath":{"path":"","propertyPath":"/AUART","modelName":"NewYardModel"},"interaction":{"idSuffix":"inner"}},"wdio_ui5_key":"etmportal.ui.manageyards.view.Newsap.m.Input{\"path\":\"\",\"propertyPath\":\"/AUART\",\"modelName\":\"NewYardModel\"}"}]}
RESULT: {"script":"<script> [1562 bytes]","args":[{"selector":{"controlType":"sap.m.Input","viewName":"etm.portal.ui.manageyards.view.New","viewId":"application-manageyards-display-component---NewYard","bindingPath":{"path":"","propertyPath":"/AUART","modelName":"NewYardModel"},"interaction":{"idSuffix":"inner"}},"wdio_ui5_key":"etmportal.ui.manageyards.view.Newsap.m.Input{\"path\":\"\",\"propertyPath\":\"/AUART\",\"modelName\":\"NewYardModel\"}"}]}
RESULT: undefined
COMMAND: POST /session/cd4e213f90090bc7497a341d701e98a6/execute/async - {"script":"<script> [776 bytes]","args":[{"enterText":"TA","selector":{"controlType":"sap.m.Input","viewName":"etm.portal.ui.manageyards.view.New","viewId":"application-manageyards-display-component---NewYard","bindingPath":{"path":"","propertyPath":"/AUART","modelName":"NewYardModel"},"interaction":{"idSuffix":"inner"}},"clearTextFirst":true,"interactionType":"ENTER_TEXT"}]}
RESULT: {"script":"<script> [776 bytes]","args":[{"enterText":"TA","selector":{"controlType":"sap.m.Input","viewName":"etm.portal.ui.manageyards.view.New","viewId":"application-manageyards-display-component---NewYard","bindingPath":{"path":"","propertyPath":"/AUART","modelName":"NewYardModel"},"interaction":{"idSuffix":"inner"}},"clearTextFirst":true,"interactionType":"ENTER_TEXT"}]}
COMMAND: POST /session/cd4e213f90090bc7497a341d701e98a6/element - {"using":"xpath","value":"//button[@data-kt=\"newYardSaveButton\"]"}
RESULT: {"using":"xpath","value":"//button[@data-kt=\"newYardSaveButton\"]"}
COMMAND: POST /session/cd4e213f90090bc7497a341d701e98a6/element/f.3EFE59E47BCAC700A535F57DF4769BD4.d.C2453481F8F9FEC29B27A6A1E0450C91.e.15190/click - {}
RESULT: {}
COMMAND: GET /session/cd4e213f90090bc7497a341d701e98a6/screenshot - {}
RESULT: {}
COMMAND: POST /session/cd4e213f90090bc7497a341d701e98a6/element - {"using":"xpath","value":"//header[contains(@id, 'ObjectPageLayout-headerTitle')]/div[1]/div[2]/div[1]/span[1]"}
RESULT: {"using":"xpath","value":"//header[contains(@id, 'ObjectPageLayout-headerTitle')]/div[1]/div[2]/div[1]/span[1]"}
COMMAND: POST /session/cd4e213f90090bc7497a341d701e98a6/elements - {"using":"xpath","value":"//header[contains(@id, 'ObjectPageLayout-headerTitle')]/div[1]/div[2]/div[1]/span[1]"}
RESULT: {"using":"xpath","value":"//header[contains(@id, 'ObjectPageLayout-headerTitle')]/div[1]/div[2]/div[1]/span[1]"}
COMMAND: POST /session/cd4e213f90090bc7497a341d701e98a6/execute/sync - {"script":"<script> [56 bytes]","args":[{"element-6066-11e4-a52e-4f735466cecf":"f.3EFE59E47BCAC700A535F57DF4769BD4.d.C2453481F8F9FEC29B27A6A1E0450C91.e.15509","ELEMENT":"f.3EFE59E47BCAC700A535F57DF4769BD4.d.C2453481F8F9FEC29B27A6A1E0450C91.e.15509"}]}
RESULT: {"script":"<script> [56 bytes]","args":[{"element-6066-11e4-a52e-4f735466cecf":"f.3EFE59E47BCAC700A535F57DF4769BD4.d.C2453481F8F9FEC29B27A6A1E0450C91.e.15509","ELEMENT":"f.3EFE59E47BCAC700A535F57DF4769BD4.d.C2453481F8F9FEC29B27A6A1E0450C91.e.15509"}]}
COMMAND: GET /session/cd4e213f90090bc7497a341d701e98a6/screenshot - {}
RESULT: {}
COMMAND: POST /session/cd4e213f90090bc7497a341d701e98a6/element - {"using":"css selector","value":"#shell-header-logo"}
RESULT: {"using":"css selector","value":"#shell-header-logo"}
COMMAND: POST /session/cd4e213f90090bc7497a341d701e98a6/element/f.3EFE59E47BCAC700A535F57DF4769BD4.d.C2453481F8F9FEC29B27A6A1E0450C91.e.14640/click - {}
RESULT: {}
COMMAND: GET /session/cd4e213f90090bc7497a341d701e98a6/screenshot - {}
RESULT: {}
COMMAND: POST /session/cd4e213f90090bc7497a341d701e98a6/execute/sync - {"script":"<script> [299 bytes]","args":[["getModel","getResource"]]}
RESULT: {"script":"<script> [299 bytes]","args":[["getModel","getResource"]]}
]]></system-out>
    </testcase>
    <testcase classname="chrome.136_0_7103_93.windows.Transfer_Yard_to_Yard_US131076" name="Should create an equipment" time="155.188">
      <system-out><![CDATA[
COMMAND: GET /session/cd4e213f90090bc7497a341d701e98a6/screenshot - {}
COMMAND: POST /session/cd4e213f90090bc7497a341d701e98a6/execute/async - {"script":"<script> [1562 bytes]","args":[{"selector":{"controlType":"sap.m.GenericTile","properties":{"header":"Manage Resources"}},"wdio_ui5_key":"sapm.GenericTile{\"header\":\"Manage Resources\"}"}]}
RESULT: {}
RESULT: {"script":"<script> [1562 bytes]","args":[{"selector":{"controlType":"sap.m.GenericTile","properties":{"header":"Manage Resources"}},"wdio_ui5_key":"sapm.GenericTile{\"header\":\"Manage Resources\"}"}]}
RESULT: undefined
COMMAND: POST /session/cd4e213f90090bc7497a341d701e98a6/element - {"using":"xpath","value":"//*[@id=\"__tile31\"]"}
RESULT: {"using":"xpath","value":"//*[@id=\"__tile31\"]"}
COMMAND: POST /session/cd4e213f90090bc7497a341d701e98a6/element/f.3EFE59E47BCAC700A535F57DF4769BD4.d.C2453481F8F9FEC29B27A6A1E0450C91.e.14662/click - {}
RESULT: {}
COMMAND: GET /session/cd4e213f90090bc7497a341d701e98a6/screenshot - {}
COMMAND: POST /session/cd4e213f90090bc7497a341d701e98a6/elements - {"using":"xpath","value":"//span[text()='Error']"}
RESULT: {}
RESULT: {"using":"xpath","value":"//span[text()='Error']"}
COMMAND: POST /session/cd4e213f90090bc7497a341d701e98a6/element - {"using":"xpath","value":"//button[@data-kt=\"addNewRUOverflowToolbarButton\"]"}
RESULT: {"using":"xpath","value":"//button[@data-kt=\"addNewRUOverflowToolbarButton\"]"}
COMMAND: POST /session/cd4e213f90090bc7497a341d701e98a6/elements - {"using":"xpath","value":"//button[@data-kt=\"addNewRUOverflowToolbarButton\"]"}
RESULT: {"using":"xpath","value":"//button[@data-kt=\"addNewRUOverflowToolbarButton\"]"}
COMMAND: POST /session/cd4e213f90090bc7497a341d701e98a6/elements - {"using":"xpath","value":"//button[@data-kt=\"addNewRUOverflowToolbarButton\"]"}
RESULT: {"using":"xpath","value":"//button[@data-kt=\"addNewRUOverflowToolbarButton\"]"}
COMMAND: POST /session/cd4e213f90090bc7497a341d701e98a6/element - {"using":"xpath","value":"//button[@data-kt=\"addNewRUOverflowToolbarButton\"]"}
RESULT: {"using":"xpath","value":"//button[@data-kt=\"addNewRUOverflowToolbarButton\"]"}
COMMAND: POST /session/cd4e213f90090bc7497a341d701e98a6/execute/sync - {"script":"<script> [8489 bytes]","args":[{"element-6066-11e4-a52e-4f735466cecf":"f.3EFE59E47BCAC700A535F57DF4769BD4.d.C2453481F8F9FEC29B27A6A1E0450C91.e.15552","ELEMENT":"f.3EFE59E47BCAC700A535F57DF4769BD4.d.C2453481F8F9FEC29B27A6A1E0450C91.e.15552"}]}
RESULT: {"script":"<script> [8489 bytes]","args":[{"element-6066-11e4-a52e-4f735466cecf":"f.3EFE59E47BCAC700A535F57DF4769BD4.d.C2453481F8F9FEC29B27A6A1E0450C91.e.15552","ELEMENT":"f.3EFE59E47BCAC700A535F57DF4769BD4.d.C2453481F8F9FEC29B27A6A1E0450C91.e.15552"}]}
COMMAND: GET /session/cd4e213f90090bc7497a341d701e98a6/element/f.3EFE59E47BCAC700A535F57DF4769BD4.d.C2453481F8F9FEC29B27A6A1E0450C91.e.15552/enabled - {}
COMMAND: GET /session/cd4e213f90090bc7497a341d701e98a6/screenshot - {}
RESULT: {}
RESULT: {}
COMMAND: POST /session/cd4e213f90090bc7497a341d701e98a6/execute/sync - {"script":"<script> [8489 bytes]","args":[{"element-6066-11e4-a52e-4f735466cecf":"f.3EFE59E47BCAC700A535F57DF4769BD4.d.C2453481F8F9FEC29B27A6A1E0450C91.e.15552","ELEMENT":"f.3EFE59E47BCAC700A535F57DF4769BD4.d.C2453481F8F9FEC29B27A6A1E0450C91.e.15552"}]}
COMMAND: GET /session/cd4e213f90090bc7497a341d701e98a6/screenshot - {}
RESULT: {"script":"<script> [8489 bytes]","args":[{"element-6066-11e4-a52e-4f735466cecf":"f.3EFE59E47BCAC700A535F57DF4769BD4.d.C2453481F8F9FEC29B27A6A1E0450C91.e.15552","ELEMENT":"f.3EFE59E47BCAC700A535F57DF4769BD4.d.C2453481F8F9FEC29B27A6A1E0450C91.e.15552"}]}
COMMAND: POST /session/cd4e213f90090bc7497a341d701e98a6/execute/sync - {"script":"<script> [5351 bytes]","args":[{"element-6066-11e4-a52e-4f735466cecf":"f.3EFE59E47BCAC700A535F57DF4769BD4.d.C2453481F8F9FEC29B27A6A1E0450C91.e.15552","ELEMENT":"f.3EFE59E47BCAC700A535F57DF4769BD4.d.C2453481F8F9FEC29B27A6A1E0450C91.e.15552"}]}
COMMAND: GET /session/cd4e213f90090bc7497a341d701e98a6/screenshot - {}
RESULT: {}
RESULT: {"script":"<script> [5351 bytes]","args":[{"element-6066-11e4-a52e-4f735466cecf":"f.3EFE59E47BCAC700A535F57DF4769BD4.d.C2453481F8F9FEC29B27A6A1E0450C91.e.15552","ELEMENT":"f.3EFE59E47BCAC700A535F57DF4769BD4.d.C2453481F8F9FEC29B27A6A1E0450C91.e.15552"}]}
COMMAND: POST /session/cd4e213f90090bc7497a341d701e98a6/element/f.3EFE59E47BCAC700A535F57DF4769BD4.d.C2453481F8F9FEC29B27A6A1E0450C91.e.15552/click - {}
COMMAND: GET /session/cd4e213f90090bc7497a341d701e98a6/screenshot - {}
RESULT: {}
RESULT: {}
COMMAND: GET /session/cd4e213f90090bc7497a341d701e98a6/screenshot - {}
COMMAND: POST /session/cd4e213f90090bc7497a341d701e98a6/execute/async - {"script":"<script> [1562 bytes]","args":[{"selector":{"id":"application-manageresources-display-component---newResourceUnit--TYPE-arrow"},"wdio_ui5_key":"applicationmanageresources-display-component---newResourceUnit--TYPE-arrow"}]}
RESULT: {}
RESULT: {}
RESULT: {"script":"<script> [1562 bytes]","args":[{"selector":{"id":"application-manageresources-display-component---newResourceUnit--TYPE-arrow"},"wdio_ui5_key":"applicationmanageresources-display-component---newResourceUnit--TYPE-arrow"}]}
RESULT: undefined
COMMAND: POST /session/cd4e213f90090bc7497a341d701e98a6/element - {"using":"xpath","value":"//*[@id=\"application-manageresources-display-component---newResourceUnit--TYPE-arrow\"]"}
RESULT: {"using":"xpath","value":"//*[@id=\"application-manageresources-display-component---newResourceUnit--TYPE-arrow\"]"}
COMMAND: POST /session/cd4e213f90090bc7497a341d701e98a6/element/f.3EFE59E47BCAC700A535F57DF4769BD4.d.C2453481F8F9FEC29B27A6A1E0450C91.e.15899/click - {}
RESULT: {}
COMMAND: POST /session/cd4e213f90090bc7497a341d701e98a6/element - {"using":"xpath","value":"//input[@id=\"application-manageresources-display-component---newResourceUnit--TYPE-inner\"]"}
COMMAND: GET /session/cd4e213f90090bc7497a341d701e98a6/screenshot - {}
RESULT: {"using":"xpath","value":"//input[@id=\"application-manageresources-display-component---newResourceUnit--TYPE-inner\"]"}
COMMAND: POST /session/cd4e213f90090bc7497a341d701e98a6/element/f.3EFE59E47BCAC700A535F57DF4769BD4.d.C2453481F8F9FEC29B27A6A1E0450C91.e.15894/clear - {}
RESULT: {}
RESULT: {}
COMMAND: POST /session/cd4e213f90090bc7497a341d701e98a6/element/f.3EFE59E47BCAC700A535F57DF4769BD4.d.C2453481F8F9FEC29B27A6A1E0450C91.e.15894/value - {"text":"Equipment"}
COMMAND: GET /session/cd4e213f90090bc7497a341d701e98a6/screenshot - {}
RESULT: {"text":"Equipment"}
COMMAND: GET /session/cd4e213f90090bc7497a341d701e98a6/screenshot - {}
RESULT: {}
RESULT: {}
COMMAND: POST /session/cd4e213f90090bc7497a341d701e98a6/actions - {"actions":[{"id":"action59","type":"key","parameters":{},"actions":[{"type":"keyDown","value":""},{"type":"pause","duration":10},{"type":"keyUp","value":""}]}]}
RESULT: {"actions":[{"id":"action59","type":"key","parameters":{},"actions":[{"type":"keyDown","value":""},{"type":"pause","duration":10},{"type":"keyUp","value":""}]}]}
COMMAND: POST /session/cd4e213f90090bc7497a341d701e98a6/execute/async - {"script":"<script> [1562 bytes]","args":[{"selector":{"id":"application-manageresources-display-component---newResourceUnit--resourceId","interaction":{"idSuffix":"inner"}},"wdio_ui5_key":"applicationmanageresources-display-component---newResourceUnit--resourceId"}]}
COMMAND: GET /session/cd4e213f90090bc7497a341d701e98a6/screenshot - {}
RESULT: {"script":"<script> [1562 bytes]","args":[{"selector":{"id":"application-manageresources-display-component---newResourceUnit--resourceId","interaction":{"idSuffix":"inner"}},"wdio_ui5_key":"applicationmanageresources-display-component---newResourceUnit--resourceId"}]}
RESULT: undefined
COMMAND: POST /session/cd4e213f90090bc7497a341d701e98a6/execute/async - {"script":"<script> [776 bytes]","args":[{"enterText":"jToermo2P7","selector":{"id":"application-manageresources-display-component---newResourceUnit--resourceId","interaction":{"idSuffix":"inner"}},"clearTextFirst":true,"interactionType":"ENTER_TEXT"}]}
RESULT: {}
RESULT: {"script":"<script> [776 bytes]","args":[{"enterText":"jToermo2P7","selector":{"id":"application-manageresources-display-component---newResourceUnit--resourceId","interaction":{"idSuffix":"inner"}},"clearTextFirst":true,"interactionType":"ENTER_TEXT"}]}
COMMAND: POST /session/cd4e213f90090bc7497a341d701e98a6/execute/async - {"script":"<script> [1562 bytes]","args":[{"selector":{"id":"application-manageresources-display-component---newResourceUnit--SHORT_TEXT","interaction":{"idSuffix":"inner"}},"wdio_ui5_key":"applicationmanageresources-display-component---newResourceUnit--SHORT_TEXT"}]}
RESULT: {"script":"<script> [1562 bytes]","args":[{"selector":{"id":"application-manageresources-display-component---newResourceUnit--SHORT_TEXT","interaction":{"idSuffix":"inner"}},"wdio_ui5_key":"applicationmanageresources-display-component---newResourceUnit--SHORT_TEXT"}]}
RESULT: undefined
COMMAND: POST /session/cd4e213f90090bc7497a341d701e98a6/execute/async - {"script":"<script> [776 bytes]","args":[{"enterText":"Intercompany Equipment WDIO","selector":{"id":"application-manageresources-display-component---newResourceUnit--SHORT_TEXT","interaction":{"idSuffix":"inner"}},"clearTextFirst":true,"interactionType":"ENTER_TEXT"}]}
RESULT: {"script":"<script> [776 bytes]","args":[{"enterText":"Intercompany Equipment WDIO","selector":{"id":"application-manageresources-display-component---newResourceUnit--SHORT_TEXT","interaction":{"idSuffix":"inner"}},"clearTextFirst":true,"interactionType":"ENTER_TEXT"}]}
COMMAND: POST /session/cd4e213f90090bc7497a341d701e98a6/execute/async - {"script":"<script> [1562 bytes]","args":[{"selector":{"id":"application-manageresources-display-component---newResourceUnit--BASE_UNIT_OF_MEASURE","interaction":{"idSuffix":"inner"}},"wdio_ui5_key":"applicationmanageresources-display-component---newResourceUnit--BASE_UNIT_OF_MEASURE"}]}
RESULT: {"script":"<script> [1562 bytes]","args":[{"selector":{"id":"application-manageresources-display-component---newResourceUnit--BASE_UNIT_OF_MEASURE","interaction":{"idSuffix":"inner"}},"wdio_ui5_key":"applicationmanageresources-display-component---newResourceUnit--BASE_UNIT_OF_MEASURE"}]}
RESULT: undefined
COMMAND: POST /session/cd4e213f90090bc7497a341d701e98a6/execute/async - {"script":"<script> [776 bytes]","args":[{"enterText":"Piece","selector":{"id":"application-manageresources-display-component---newResourceUnit--BASE_UNIT_OF_MEASURE","interaction":{"idSuffix":"inner"}},"clearTextFirst":true,"interactionType":"ENTER_TEXT"}]}
RESULT: {"script":"<script> [776 bytes]","args":[{"enterText":"Piece","selector":{"id":"application-manageresources-display-component---newResourceUnit--BASE_UNIT_OF_MEASURE","interaction":{"idSuffix":"inner"}},"clearTextFirst":true,"interactionType":"ENTER_TEXT"}]}
COMMAND: POST /session/cd4e213f90090bc7497a341d701e98a6/execute/async - {"script":"<script> [1562 bytes]","args":[{"selector":{"id":"application-manageresources-display-component---newResourceUnit--WEIGHT_UNIT","interaction":{"idSuffix":"inner"}},"wdio_ui5_key":"applicationmanageresources-display-component---newResourceUnit--WEIGHT_UNIT"}]}
RESULT: {"script":"<script> [1562 bytes]","args":[{"selector":{"id":"application-manageresources-display-component---newResourceUnit--WEIGHT_UNIT","interaction":{"idSuffix":"inner"}},"wdio_ui5_key":"applicationmanageresources-display-component---newResourceUnit--WEIGHT_UNIT"}]}
RESULT: undefined
COMMAND: POST /session/cd4e213f90090bc7497a341d701e98a6/execute/async - {"script":"<script> [776 bytes]","args":[{"enterText":"Gram","selector":{"id":"application-manageresources-display-component---newResourceUnit--WEIGHT_UNIT","interaction":{"idSuffix":"inner"}},"clearTextFirst":true,"interactionType":"ENTER_TEXT"}]}
RESULT: {"script":"<script> [776 bytes]","args":[{"enterText":"Gram","selector":{"id":"application-manageresources-display-component---newResourceUnit--WEIGHT_UNIT","interaction":{"idSuffix":"inner"}},"clearTextFirst":true,"interactionType":"ENTER_TEXT"}]}
COMMAND: POST /session/cd4e213f90090bc7497a341d701e98a6/execute/async - {"script":"<script> [1562 bytes]","args":[{"selector":{"id":"application-manageresources-display-component---newResourceUnit--DIMENSION_UNIT","interaction":{"idSuffix":"inner"}},"wdio_ui5_key":"applicationmanageresources-display-component---newResourceUnit--DIMENSION_UNIT"}]}
RESULT: {"script":"<script> [1562 bytes]","args":[{"selector":{"id":"application-manageresources-display-component---newResourceUnit--DIMENSION_UNIT","interaction":{"idSuffix":"inner"}},"wdio_ui5_key":"applicationmanageresources-display-component---newResourceUnit--DIMENSION_UNIT"}]}
RESULT: undefined
COMMAND: POST /session/cd4e213f90090bc7497a341d701e98a6/execute/async - {"script":"<script> [776 bytes]","args":[{"enterText":"Meter","selector":{"id":"application-manageresources-display-component---newResourceUnit--DIMENSION_UNIT","interaction":{"idSuffix":"inner"}},"clearTextFirst":true,"interactionType":"ENTER_TEXT"}]}
RESULT: {"script":"<script> [776 bytes]","args":[{"enterText":"Meter","selector":{"id":"application-manageresources-display-component---newResourceUnit--DIMENSION_UNIT","interaction":{"idSuffix":"inner"}},"clearTextFirst":true,"interactionType":"ENTER_TEXT"}]}
COMMAND: POST /session/cd4e213f90090bc7497a341d701e98a6/execute/async - {"script":"<script> [1562 bytes]","args":[{"selector":{"id":"application-manageresources-display-component---newResourceUnit--newRRUPage-anchBar-application-manageresources-display-component---newResourceUnit--control-anchor","interaction":{"idSuffix":"BDI-content"}},"wdio_ui5_key":"applicationmanageresources-display-component---newResourceUnit--newRRUPage-anchBar-application-manageresources-display-component---newResourceUnit--control-anchor"}]}
RESULT: {"script":"<script> [1562 bytes]","args":[{"selector":{"id":"application-manageresources-display-component---newResourceUnit--newRRUPage-anchBar-application-manageresources-display-component---newResourceUnit--control-anchor","interaction":{"idSuffix":"BDI-content"}},"wdio_ui5_key":"applicationmanageresources-display-component---newResourceUnit--newRRUPage-anchBar-application-manageresources-display-component---newResourceUnit--control-anchor"}]}
RESULT: undefined
COMMAND: POST /session/cd4e213f90090bc7497a341d701e98a6/element - {"using":"xpath","value":"//*[@id=\"application-manageresources-display-component---newResourceUnit--newRRUPage-anchBar-application-manageresources-display-component---newResourceUnit--control-anchor\"]"}
RESULT: {"using":"xpath","value":"//*[@id=\"application-manageresources-display-component---newResourceUnit--newRRUPage-anchBar-application-manageresources-display-component---newResourceUnit--control-anchor\"]"}
COMMAND: POST /session/cd4e213f90090bc7497a341d701e98a6/element/f.3EFE59E47BCAC700A535F57DF4769BD4.d.C2453481F8F9FEC29B27A6A1E0450C91.e.16028/click - {}
RESULT: {}
COMMAND: POST /session/cd4e213f90090bc7497a341d701e98a6/execute/async - {"script":"<script> [1562 bytes]","args":[{"selector":{"id":"application-manageresources-display-component---newResourceUnit--PLANNING_GROUP","interaction":{"idSuffix":"inner"}},"wdio_ui5_key":"applicationmanageresources-display-component---newResourceUnit--PLANNING_GROUP"}]}
COMMAND: GET /session/cd4e213f90090bc7497a341d701e98a6/screenshot - {}
RESULT: {"script":"<script> [1562 bytes]","args":[{"selector":{"id":"application-manageresources-display-component---newResourceUnit--PLANNING_GROUP","interaction":{"idSuffix":"inner"}},"wdio_ui5_key":"applicationmanageresources-display-component---newResourceUnit--PLANNING_GROUP"}]}
RESULT: undefined
COMMAND: POST /session/cd4e213f90090bc7497a341d701e98a6/execute/async - {"script":"<script> [776 bytes]","args":[{"enterText":"Heavy Equi","selector":{"id":"application-manageresources-display-component---newResourceUnit--PLANNING_GROUP","interaction":{"idSuffix":"inner"}},"clearTextFirst":true,"interactionType":"ENTER_TEXT"}]}
RESULT: {}
RESULT: {"script":"<script> [776 bytes]","args":[{"enterText":"Heavy Equi","selector":{"id":"application-manageresources-display-component---newResourceUnit--PLANNING_GROUP","interaction":{"idSuffix":"inner"}},"clearTextFirst":true,"interactionType":"ENTER_TEXT"}]}
COMMAND: POST /session/cd4e213f90090bc7497a341d701e98a6/execute/async - {"script":"<script> [1562 bytes]","args":[{"selector":{"id":"application-manageresources-display-component---newResourceUnit--ITEM_TYPE-arrow"},"wdio_ui5_key":"applicationmanageresources-display-component---newResourceUnit--ITEM_TYPE-arrow"}]}
RESULT: {"script":"<script> [1562 bytes]","args":[{"selector":{"id":"application-manageresources-display-component---newResourceUnit--ITEM_TYPE-arrow"},"wdio_ui5_key":"applicationmanageresources-display-component---newResourceUnit--ITEM_TYPE-arrow"}]}
RESULT: undefined
COMMAND: POST /session/cd4e213f90090bc7497a341d701e98a6/element - {"using":"xpath","value":"//*[@id=\"application-manageresources-display-component---newResourceUnit--ITEM_TYPE-arrow\"]"}
RESULT: {"using":"xpath","value":"//*[@id=\"application-manageresources-display-component---newResourceUnit--ITEM_TYPE-arrow\"]"}
COMMAND: POST /session/cd4e213f90090bc7497a341d701e98a6/element/f.3EFE59E47BCAC700A535F57DF4769BD4.d.C2453481F8F9FEC29B27A6A1E0450C91.e.16035/click - {}
RESULT: {}
COMMAND: POST /session/cd4e213f90090bc7497a341d701e98a6/element - {"using":"xpath","value":"(//span[contains(text(), \"Resource Unit\")])[2]"}
COMMAND: GET /session/cd4e213f90090bc7497a341d701e98a6/screenshot - {}
RESULT: {"using":"xpath","value":"(//span[contains(text(), \"Resource Unit\")])[2]"}
COMMAND: POST /session/cd4e213f90090bc7497a341d701e98a6/element/f.3EFE59E47BCAC700A535F57DF4769BD4.d.C2453481F8F9FEC29B27A6A1E0450C91.e.16036/click - {}
RESULT: {}
RESULT: {}
COMMAND: GET /session/cd4e213f90090bc7497a341d701e98a6/screenshot - {}
RESULT: {}
COMMAND: POST /session/cd4e213f90090bc7497a341d701e98a6/element - {"using":"css selector","value":"#application-manageresources-display-component---newResourceUnit--btnAddTimeSegment"}
RESULT: {"using":"css selector","value":"#application-manageresources-display-component---newResourceUnit--btnAddTimeSegment"}
COMMAND: GET /session/cd4e213f90090bc7497a341d701e98a6/element/f.3EFE59E47BCAC700A535F57DF4769BD4.d.C2453481F8F9FEC29B27A6A1E0450C91.e.16037/rect - {}
RESULT: {}
COMMAND: GET /session/cd4e213f90090bc7497a341d701e98a6/window/rect - {}
RESULT: {}
COMMAND: POST /session/cd4e213f90090bc7497a341d701e98a6/execute/sync - {"script":"<script> [92 bytes]","args":[]}
RESULT: {"script":"<script> [92 bytes]","args":[]}
COMMAND: POST /session/cd4e213f90090bc7497a341d701e98a6/actions - {"actions":[{"id":"action60","type":"wheel","parameters":{},"actions":[{"type":"scroll","x":-1888,"y":-32,"deltaX":0,"deltaY":0,"duration":0,"origin":{"element-6066-11e4-a52e-4f735466cecf":"f.3EFE59E47BCAC700A535F57DF4769BD4.d.C2453481F8F9FEC29B27A6A1E0450C91.e.16037"}}]}]}
COMMAND: GET /session/cd4e213f90090bc7497a341d701e98a6/screenshot - {}
RESULT: {}
COMMAND: POST /session/cd4e213f90090bc7497a341d701e98a6/execute/sync - {"script":"<script> [79 bytes]","args":[{"element-6066-11e4-a52e-4f735466cecf":"f.3EFE59E47BCAC700A535F57DF4769BD4.d.C2453481F8F9FEC29B27A6A1E0450C91.e.16037","ELEMENT":"f.3EFE59E47BCAC700A535F57DF4769BD4.d.C2453481F8F9FEC29B27A6A1E0450C91.e.16037"},{"block":"start","inline":"nearest"}]}
RESULT: {"script":"<script> [79 bytes]","args":[{"element-6066-11e4-a52e-4f735466cecf":"f.3EFE59E47BCAC700A535F57DF4769BD4.d.C2453481F8F9FEC29B27A6A1E0450C91.e.16037","ELEMENT":"f.3EFE59E47BCAC700A535F57DF4769BD4.d.C2453481F8F9FEC29B27A6A1E0450C91.e.16037"},{"block":"start","inline":"nearest"}]}
COMMAND: POST /session/cd4e213f90090bc7497a341d701e98a6/execute/async - {"script":"<script> [1562 bytes]","args":[{"selector":{"id":"application-manageresources-display-component---newResourceUnit--btnAddTimeSegment","interaction":{"idSuffix":"inner"}},"wdio_ui5_key":"applicationmanageresources-display-component---newResourceUnit--btnAddTimeSegment"}]}
COMMAND: GET /session/cd4e213f90090bc7497a341d701e98a6/screenshot - {}
RESULT: {"script":"<script> [1562 bytes]","args":[{"selector":{"id":"application-manageresources-display-component---newResourceUnit--btnAddTimeSegment","interaction":{"idSuffix":"inner"}},"wdio_ui5_key":"applicationmanageresources-display-component---newResourceUnit--btnAddTimeSegment"}]}
RESULT: undefined
COMMAND: POST /session/cd4e213f90090bc7497a341d701e98a6/element - {"using":"xpath","value":"//*[@id=\"application-manageresources-display-component---newResourceUnit--btnAddTimeSegment\"]"}
RESULT: {}
RESULT: {"using":"xpath","value":"//*[@id=\"application-manageresources-display-component---newResourceUnit--btnAddTimeSegment\"]"}
COMMAND: POST /session/cd4e213f90090bc7497a341d701e98a6/element/f.3EFE59E47BCAC700A535F57DF4769BD4.d.C2453481F8F9FEC29B27A6A1E0450C91.e.16037/click - {}
RESULT: {}
COMMAND: GET /session/cd4e213f90090bc7497a341d701e98a6/screenshot - {}
RESULT: {}
COMMAND: POST /session/cd4e213f90090bc7497a341d701e98a6/element - {"using":"xpath","value":"//input[@id=\"application-manageresources-display-component---newResourceUnit--idRuTSAdmin-application-manageresources-display-component---newResourceUnit--RUTimeSegment-0-inner\"]"}
RESULT: {"using":"xpath","value":"//input[@id=\"application-manageresources-display-component---newResourceUnit--idRuTSAdmin-application-manageresources-display-component---newResourceUnit--RUTimeSegment-0-inner\"]"}
COMMAND: POST /session/cd4e213f90090bc7497a341d701e98a6/element/f.3EFE59E47BCAC700A535F57DF4769BD4.d.C2453481F8F9FEC29B27A6A1E0450C91.e.16043/clear - {}
RESULT: {}
COMMAND: POST /session/cd4e213f90090bc7497a341d701e98a6/element/f.3EFE59E47BCAC700A535F57DF4769BD4.d.C2453481F8F9FEC29B27A6A1E0450C91.e.16043/value - {"text":"676"}
COMMAND: GET /session/cd4e213f90090bc7497a341d701e98a6/screenshot - {}
RESULT: {"text":"676"}
COMMAND: GET /session/cd4e213f90090bc7497a341d701e98a6/screenshot - {}
RESULT: {}
RESULT: {}
COMMAND: POST /session/cd4e213f90090bc7497a341d701e98a6/element - {"using":"xpath","value":"//li[.//span[text()='676']]"}
RESULT: {"using":"xpath","value":"//li[.//span[text()='676']]"}
COMMAND: POST /session/cd4e213f90090bc7497a341d701e98a6/element/f.3EFE59E47BCAC700A535F57DF4769BD4.d.C2453481F8F9FEC29B27A6A1E0450C91.e.16055/click - {}
RESULT: {}
COMMAND: GET /session/cd4e213f90090bc7497a341d701e98a6/screenshot - {}
RESULT: {}
COMMAND: POST /session/cd4e213f90090bc7497a341d701e98a6/element - {"using":"xpath","value":"(//span[contains(@id, \"-application-manageresources-display-component---newResourceUnit--RUTimeSegment-0-arrow\")])[6]"}
RESULT: {"using":"xpath","value":"(//span[contains(@id, \"-application-manageresources-display-component---newResourceUnit--RUTimeSegment-0-arrow\")])[6]"}
COMMAND: POST /session/cd4e213f90090bc7497a341d701e98a6/element/f.3EFE59E47BCAC700A535F57DF4769BD4.d.C2453481F8F9FEC29B27A6A1E0450C91.e.16056/click - {}
RESULT: {}
COMMAND: GET /session/cd4e213f90090bc7497a341d701e98a6/screenshot - {}
RESULT: {}
COMMAND: POST /session/cd4e213f90090bc7497a341d701e98a6/element - {"using":"xpath","value":"//span[contains(text(), \"PM Order\")]"}
RESULT: {"using":"xpath","value":"//span[contains(text(), \"PM Order\")]"}
COMMAND: POST /session/cd4e213f90090bc7497a341d701e98a6/element/f.3EFE59E47BCAC700A535F57DF4769BD4.d.C2453481F8F9FEC29B27A6A1E0450C91.e.16059/click - {}
RESULT: {}
COMMAND: GET /session/cd4e213f90090bc7497a341d701e98a6/screenshot - {}
RESULT: {}
COMMAND: POST /session/cd4e213f90090bc7497a341d701e98a6/element - {"using":"xpath","value":"(//span[contains(@id ,\"manageresources-display-component---newResourceUnit--RUTimeSegment-0-vhi\")])[1]"}
RESULT: {"using":"xpath","value":"(//span[contains(@id ,\"manageresources-display-component---newResourceUnit--RUTimeSegment-0-vhi\")])[1]"}
COMMAND: GET /session/cd4e213f90090bc7497a341d701e98a6/element/f.3EFE59E47BCAC700A535F57DF4769BD4.d.C2453481F8F9FEC29B27A6A1E0450C91.e.16063/rect - {}
RESULT: {}
COMMAND: GET /session/cd4e213f90090bc7497a341d701e98a6/window/rect - {}
RESULT: {}
COMMAND: POST /session/cd4e213f90090bc7497a341d701e98a6/execute/sync - {"script":"<script> [92 bytes]","args":[]}
RESULT: {"script":"<script> [92 bytes]","args":[]}
COMMAND: POST /session/cd4e213f90090bc7497a341d701e98a6/actions - {"actions":[{"id":"action61","type":"wheel","parameters":{},"actions":[{"type":"scroll","x":-869,"y":-24,"deltaX":0,"deltaY":0,"duration":0,"origin":{"element-6066-11e4-a52e-4f735466cecf":"f.3EFE59E47BCAC700A535F57DF4769BD4.d.C2453481F8F9FEC29B27A6A1E0450C91.e.16063"}}]}]}
COMMAND: GET /session/cd4e213f90090bc7497a341d701e98a6/screenshot - {}
RESULT: {"actions":[{"id":"action61","type":"wheel","parameters":{},"actions":[{"type":"scroll","x":-869,"y":-24,"deltaX":0,"deltaY":0,"duration":0,"origin":{"element-6066-11e4-a52e-4f735466cecf":"f.3EFE59E47BCAC700A535F57DF4769BD4.d.C2453481F8F9FEC29B27A6A1E0450C91.e.16063"}}]}]}
COMMAND: DELETE /session/cd4e213f90090bc7497a341d701e98a6/actions - {}
COMMAND: GET /session/cd4e213f90090bc7497a341d701e98a6/screenshot - {}
RESULT: {}
RESULT: {}
COMMAND: GET /session/cd4e213f90090bc7497a341d701e98a6/screenshot - {}
RESULT: {}
RESULT: {}
COMMAND: POST /session/cd4e213f90090bc7497a341d701e98a6/element/f.3EFE59E47BCAC700A535F57DF4769BD4.d.C2453481F8F9FEC29B27A6A1E0450C91.e.16063/click - {}
RESULT: {}
COMMAND: GET /session/cd4e213f90090bc7497a341d701e98a6/screenshot - {}
RESULT: {}
RESULT: undefined
COMMAND: POST /session/cd4e213f90090bc7497a341d701e98a6/execute/async - {"script":"<script> [776 bytes]","args":[{"enterText":"4000360","selector":{"controlType":"sap.m.SearchField","properties":{"placeholder":"Search"},"searchOpenDialogs":true,"interaction":{"idSuffix":"I"}},"clearTextFirst":true,"interactionType":"ENTER_TEXT"}]}
RESULT: {"script":"<script> [776 bytes]","args":[{"enterText":"4000360","selector":{"controlType":"sap.m.SearchField","properties":{"placeholder":"Search"},"searchOpenDialogs":true,"interaction":{"idSuffix":"I"}},"clearTextFirst":true,"interactionType":"ENTER_TEXT"}]}
COMMAND: POST /session/cd4e213f90090bc7497a341d701e98a6/actions - {"actions":[{"id":"action62","type":"key","parameters":{},"actions":[{"type":"keyDown","value":""},{"type":"pause","duration":10},{"type":"keyUp","value":""}]}]}
RESULT: {"actions":[{"id":"action62","type":"key","parameters":{},"actions":[{"type":"keyDown","value":""},{"type":"pause","duration":10},{"type":"keyUp","value":""}]}]}
COMMAND: GET /session/cd4e213f90090bc7497a341d701e98a6/screenshot - {}
RESULT: {}
COMMAND: POST /session/cd4e213f90090bc7497a341d701e98a6/element - {"using":"xpath","value":"//td/div/span[contains(text(), \"BGL Vehicles\")]"}
RESULT: {"using":"xpath","value":"//td/div/span[contains(text(), \"BGL Vehicles\")]"}
COMMAND: POST /session/cd4e213f90090bc7497a341d701e98a6/element/f.3EFE59E47BCAC700A535F57DF4769BD4.d.C2453481F8F9FEC29B27A6A1E0450C91.e.16083/click - {}
RESULT: {}
COMMAND: GET /session/cd4e213f90090bc7497a341d701e98a6/screenshot - {}
RESULT: {}
COMMAND: POST /session/cd4e213f90090bc7497a341d701e98a6/element - {"using":"xpath","value":"//bdi[contains(text(), \"OK\")]"}
RESULT: {"using":"xpath","value":"//bdi[contains(text(), \"OK\")]"}
COMMAND: POST /session/cd4e213f90090bc7497a341d701e98a6/element/f.3EFE59E47BCAC700A535F57DF4769BD4.d.C2453481F8F9FEC29B27A6A1E0450C91.e.16084/click - {}
RESULT: {}
COMMAND: GET /session/cd4e213f90090bc7497a341d701e98a6/screenshot - {}
RESULT: {}
COMMAND: POST /session/cd4e213f90090bc7497a341d701e98a6/execute/async - {"script":"<script> [1562 bytes]","args":[{"selector":{"id":"application-manageresources-display-component---newResourceUnit--newRRUPage-anchBar-application-manageresources-display-component---newResourceUnit--resource-anchor","interaction":{"idSuffix":"BDI-content"}},"wdio_ui5_key":"applicationmanageresources-display-component---newResourceUnit--newRRUPage-anchBar-application-manageresources-display-component---newResourceUnit--resource-anchor"}]}
RESULT: {"script":"<script> [1562 bytes]","args":[{"selector":{"id":"application-manageresources-display-component---newResourceUnit--newRRUPage-anchBar-application-manageresources-display-component---newResourceUnit--resource-anchor","interaction":{"idSuffix":"BDI-content"}},"wdio_ui5_key":"applicationmanageresources-display-component---newResourceUnit--newRRUPage-anchBar-application-manageresources-display-component---newResourceUnit--resource-anchor"}]}
RESULT: undefined
COMMAND: POST /session/cd4e213f90090bc7497a341d701e98a6/element - {"using":"xpath","value":"//*[@id=\"application-manageresources-display-component---newResourceUnit--newRRUPage-anchBar-application-manageresources-display-component---newResourceUnit--resource-anchor\"]"}
RESULT: {"using":"xpath","value":"//*[@id=\"application-manageresources-display-component---newResourceUnit--newRRUPage-anchBar-application-manageresources-display-component---newResourceUnit--resource-anchor\"]"}
COMMAND: POST /session/cd4e213f90090bc7497a341d701e98a6/element/f.3EFE59E47BCAC700A535F57DF4769BD4.d.C2453481F8F9FEC29B27A6A1E0450C91.e.16088/click - {}
RESULT: {}
COMMAND: POST /session/cd4e213f90090bc7497a341d701e98a6/execute/async - {"script":"<script> [1562 bytes]","args":[{"selector":{"id":"application-manageresources-display-component---newResourceUnit--PLANNED_DELIVERY_DATE","interaction":{"idSuffix":"inner"}},"wdio_ui5_key":"applicationmanageresources-display-component---newResourceUnit--PLANNED_DELIVERY_DATE"}]}
COMMAND: GET /session/cd4e213f90090bc7497a341d701e98a6/screenshot - {}
RESULT: {"script":"<script> [1562 bytes]","args":[{"selector":{"id":"application-manageresources-display-component---newResourceUnit--PLANNED_DELIVERY_DATE","interaction":{"idSuffix":"inner"}},"wdio_ui5_key":"applicationmanageresources-display-component---newResourceUnit--PLANNED_DELIVERY_DATE"}]}
RESULT: undefined
COMMAND: POST /session/cd4e213f90090bc7497a341d701e98a6/execute/async - {"script":"<script> [6424 bytes]","args":[{"element-6066-11e4-a52e-4f735466cecf":"f.3EFE59E47BCAC700A535F57DF4769BD4.d.C2453481F8F9FEC29B27A6A1E0450C91.e.15953"},"setValue",["5/22/25"]]}
RESULT: {}
RESULT: {"script":"<script> [6424 bytes]","args":[{"element-6066-11e4-a52e-4f735466cecf":"f.3EFE59E47BCAC700A535F57DF4769BD4.d.C2453481F8F9FEC29B27A6A1E0450C91.e.15953"},"setValue",["5/22/25"]]}
COMMAND: POST /session/cd4e213f90090bc7497a341d701e98a6/element - {"using":"xpath","value":"//label[contains(@class, 'sapMLabelRequired') and .//bdi[contains(text(), 'Planned Retirement')]]"}
RESULT: {"using":"xpath","value":"//label[contains(@class, 'sapMLabelRequired') and .//bdi[contains(text(), 'Planned Retirement')]]"}
COMMAND: POST /session/cd4e213f90090bc7497a341d701e98a6/elements - {"using":"xpath","value":"//label[contains(@class, 'sapMLabelRequired') and .//bdi[contains(text(), 'Planned Retirement')]]"}
RESULT: {"using":"xpath","value":"//label[contains(@class, 'sapMLabelRequired') and .//bdi[contains(text(), 'Planned Retirement')]]"}
COMMAND: POST /session/cd4e213f90090bc7497a341d701e98a6/element - {"using":"xpath","value":"//button[@data-kt=\"resourceUnitSaveButton\"]"}
RESULT: {"using":"xpath","value":"//button[@data-kt=\"resourceUnitSaveButton\"]"}
COMMAND: POST /session/cd4e213f90090bc7497a341d701e98a6/element/f.3EFE59E47BCAC700A535F57DF4769BD4.d.C2453481F8F9FEC29B27A6A1E0450C91.e.15914/click - {}
RESULT: {}
COMMAND: GET /session/cd4e213f90090bc7497a341d701e98a6/screenshot - {}
RESULT: {}
COMMAND: POST /session/cd4e213f90090bc7497a341d701e98a6/element - {"using":"xpath","value":"//bdi[contains(text(), \"Close\")]"}
RESULT: {"using":"xpath","value":"//bdi[contains(text(), \"Close\")]"}
COMMAND: POST /session/cd4e213f90090bc7497a341d701e98a6/element/f.3EFE59E47BCAC700A535F57DF4769BD4.d.C2453481F8F9FEC29B27A6A1E0450C91.e.16097/click - {}
RESULT: {}
COMMAND: GET /session/cd4e213f90090bc7497a341d701e98a6/screenshot - {}
RESULT: {}
COMMAND: POST /session/cd4e213f90090bc7497a341d701e98a6/element - {"using":"xpath","value":"(//button[contains(@id ,\"actionsToolbar-overflowButton\")])[1]"}
RESULT: {"using":"xpath","value":"(//button[contains(@id ,\"actionsToolbar-overflowButton\")])[1]"}
COMMAND: POST /session/cd4e213f90090bc7497a341d701e98a6/element/f.3EFE59E47BCAC700A535F57DF4769BD4.d.C2453481F8F9FEC29B27A6A1E0450C91.e.16154/click - {}
RESULT: {}
COMMAND: GET /session/cd4e213f90090bc7497a341d701e98a6/screenshot - {}
RESULT: {}
COMMAND: POST /session/cd4e213f90090bc7497a341d701e98a6/element - {"using":"xpath","value":"//button[@data-kt=\"priceInfoButton\"]"}
RESULT: {"using":"xpath","value":"//button[@data-kt=\"priceInfoButton\"]"}
COMMAND: POST /session/cd4e213f90090bc7497a341d701e98a6/element/f.3EFE59E47BCAC700A535F57DF4769BD4.d.C2453481F8F9FEC29B27A6A1E0450C91.e.16156/click - {}
RESULT: {}
COMMAND: GET /session/cd4e213f90090bc7497a341d701e98a6/screenshot - {}
RESULT: {}
COMMAND: POST /session/cd4e213f90090bc7497a341d701e98a6/element - {"using":"css selector","value":"#shell-header-logo"}
RESULT: {"using":"css selector","value":"#shell-header-logo"}
COMMAND: POST /session/cd4e213f90090bc7497a341d701e98a6/element/f.3EFE59E47BCAC700A535F57DF4769BD4.d.C2453481F8F9FEC29B27A6A1E0450C91.e.15513/click - {}
RESULT: {}
COMMAND: GET /session/cd4e213f90090bc7497a341d701e98a6/screenshot - {}
RESULT: {}
]]></system-out>
    </testcase>
    <testcase classname="chrome.136_0_7103_93.windows.Transfer_Yard_to_Yard_US131076" name="Prereq Should create a new equipment multipart" time="135.396">
      <system-out><![CDATA[
RESULT: undefined
COMMAND: POST /session/cd4e213f90090bc7497a341d701e98a6/element - {"using":"xpath","value":"//*[@id=\"__tile31\"]"}
RESULT: {"using":"xpath","value":"//*[@id=\"__tile31\"]"}
COMMAND: POST /session/cd4e213f90090bc7497a341d701e98a6/element/f.3EFE59E47BCAC700A535F57DF4769BD4.d.C2453481F8F9FEC29B27A6A1E0450C91.e.14662/click - {}
RESULT: {}
COMMAND: GET /session/cd4e213f90090bc7497a341d701e98a6/screenshot - {}
RESULT: {}
COMMAND: POST /session/cd4e213f90090bc7497a341d701e98a6/elements - {"using":"xpath","value":"//span[text()='Error']"}
RESULT: {"using":"xpath","value":"//span[text()='Error']"}
COMMAND: POST /session/cd4e213f90090bc7497a341d701e98a6/element - {"using":"xpath","value":"//button[@data-kt=\"addNewRUOverflowToolbarButton\"]"}
RESULT: {"using":"xpath","value":"//button[@data-kt=\"addNewRUOverflowToolbarButton\"]"}
COMMAND: POST /session/cd4e213f90090bc7497a341d701e98a6/elements - {"using":"xpath","value":"//button[@data-kt=\"addNewRUOverflowToolbarButton\"]"}
RESULT: {"using":"xpath","value":"//button[@data-kt=\"addNewRUOverflowToolbarButton\"]"}
COMMAND: POST /session/cd4e213f90090bc7497a341d701e98a6/execute/sync - {"script":"<script> [8489 bytes]","args":[{"element-6066-11e4-a52e-4f735466cecf":"f.3EFE59E47BCAC700A535F57DF4769BD4.d.C2453481F8F9FEC29B27A6A1E0450C91.e.16234","ELEMENT":"f.3EFE59E47BCAC700A535F57DF4769BD4.d.C2453481F8F9FEC29B27A6A1E0450C91.e.16234"}]}
RESULT: {"script":"<script> [8489 bytes]","args":[{"element-6066-11e4-a52e-4f735466cecf":"f.3EFE59E47BCAC700A535F57DF4769BD4.d.C2453481F8F9FEC29B27A6A1E0450C91.e.16234","ELEMENT":"f.3EFE59E47BCAC700A535F57DF4769BD4.d.C2453481F8F9FEC29B27A6A1E0450C91.e.16234"}]}
COMMAND: GET /session/cd4e213f90090bc7497a341d701e98a6/element/f.3EFE59E47BCAC700A535F57DF4769BD4.d.C2453481F8F9FEC29B27A6A1E0450C91.e.16234/enabled - {}
COMMAND: GET /session/cd4e213f90090bc7497a341d701e98a6/screenshot - {}
RESULT: {}
COMMAND: POST /session/cd4e213f90090bc7497a341d701e98a6/execute/sync - {"script":"<script> [8489 bytes]","args":[{"element-6066-11e4-a52e-4f735466cecf":"f.3EFE59E47BCAC700A535F57DF4769BD4.d.C2453481F8F9FEC29B27A6A1E0450C91.e.16234","ELEMENT":"f.3EFE59E47BCAC700A535F57DF4769BD4.d.C2453481F8F9FEC29B27A6A1E0450C91.e.16234"}]}
COMMAND: GET /session/cd4e213f90090bc7497a341d701e98a6/screenshot - {}
RESULT: {}
RESULT: {"script":"<script> [8489 bytes]","args":[{"element-6066-11e4-a52e-4f735466cecf":"f.3EFE59E47BCAC700A535F57DF4769BD4.d.C2453481F8F9FEC29B27A6A1E0450C91.e.16234","ELEMENT":"f.3EFE59E47BCAC700A535F57DF4769BD4.d.C2453481F8F9FEC29B27A6A1E0450C91.e.16234"}]}
COMMAND: POST /session/cd4e213f90090bc7497a341d701e98a6/execute/sync - {"script":"<script> [5351 bytes]","args":[{"element-6066-11e4-a52e-4f735466cecf":"f.3EFE59E47BCAC700A535F57DF4769BD4.d.C2453481F8F9FEC29B27A6A1E0450C91.e.16234","ELEMENT":"f.3EFE59E47BCAC700A535F57DF4769BD4.d.C2453481F8F9FEC29B27A6A1E0450C91.e.16234"}]}
COMMAND: GET /session/cd4e213f90090bc7497a341d701e98a6/screenshot - {}
RESULT: {}
RESULT: {"script":"<script> [5351 bytes]","args":[{"element-6066-11e4-a52e-4f735466cecf":"f.3EFE59E47BCAC700A535F57DF4769BD4.d.C2453481F8F9FEC29B27A6A1E0450C91.e.16234","ELEMENT":"f.3EFE59E47BCAC700A535F57DF4769BD4.d.C2453481F8F9FEC29B27A6A1E0450C91.e.16234"}]}
COMMAND: POST /session/cd4e213f90090bc7497a341d701e98a6/element/f.3EFE59E47BCAC700A535F57DF4769BD4.d.C2453481F8F9FEC29B27A6A1E0450C91.e.16234/click - {}
COMMAND: GET /session/cd4e213f90090bc7497a341d701e98a6/screenshot - {}
RESULT: {}
RESULT: {}
COMMAND: GET /session/cd4e213f90090bc7497a341d701e98a6/screenshot - {}
RESULT: {}
RESULT: {}
RESULT: undefined
COMMAND: POST /session/cd4e213f90090bc7497a341d701e98a6/element - {"using":"xpath","value":"//*[@id=\"application-manageresources-display-component---newResourceUnit--TYPE-arrow\"]"}
RESULT: {"using":"xpath","value":"//*[@id=\"application-manageresources-display-component---newResourceUnit--TYPE-arrow\"]"}
COMMAND: POST /session/cd4e213f90090bc7497a341d701e98a6/element/f.3EFE59E47BCAC700A535F57DF4769BD4.d.C2453481F8F9FEC29B27A6A1E0450C91.e.16581/click - {}
RESULT: {}
COMMAND: POST /session/cd4e213f90090bc7497a341d701e98a6/element - {"using":"xpath","value":"//input[@id=\"application-manageresources-display-component---newResourceUnit--TYPE-inner\"]"}
COMMAND: GET /session/cd4e213f90090bc7497a341d701e98a6/screenshot - {}
RESULT: {"using":"xpath","value":"//input[@id=\"application-manageresources-display-component---newResourceUnit--TYPE-inner\"]"}
COMMAND: POST /session/cd4e213f90090bc7497a341d701e98a6/element/f.3EFE59E47BCAC700A535F57DF4769BD4.d.C2453481F8F9FEC29B27A6A1E0450C91.e.16576/clear - {}
RESULT: {}
RESULT: {}
COMMAND: POST /session/cd4e213f90090bc7497a341d701e98a6/element/f.3EFE59E47BCAC700A535F57DF4769BD4.d.C2453481F8F9FEC29B27A6A1E0450C91.e.16576/value - {"text":"Equi Multipart"}
COMMAND: GET /session/cd4e213f90090bc7497a341d701e98a6/screenshot - {}
RESULT: {"text":"Equi Multipart"}
COMMAND: GET /session/cd4e213f90090bc7497a341d701e98a6/screenshot - {}
RESULT: {}
RESULT: {}
COMMAND: POST /session/cd4e213f90090bc7497a341d701e98a6/actions - {"actions":[{"id":"action63","type":"key","parameters":{},"actions":[{"type":"keyDown","value":""},{"type":"pause","duration":10},{"type":"keyUp","value":""}]}]}
RESULT: {"actions":[{"id":"action63","type":"key","parameters":{},"actions":[{"type":"keyDown","value":""},{"type":"pause","duration":10},{"type":"keyUp","value":""}]}]}
RESULT: undefined
COMMAND: POST /session/cd4e213f90090bc7497a341d701e98a6/execute/async - {"script":"<script> [776 bytes]","args":[{"enterText":"Equipment Multipart WDIO","selector":{"id":"application-manageresources-display-component---newResourceUnit--SHORT_TEXT","interaction":{"idSuffix":"inner"}},"clearTextFirst":true,"interactionType":"ENTER_TEXT"}]}
COMMAND: GET /session/cd4e213f90090bc7497a341d701e98a6/screenshot - {}
RESULT: {"script":"<script> [776 bytes]","args":[{"enterText":"Equipment Multipart WDIO","selector":{"id":"application-manageresources-display-component---newResourceUnit--SHORT_TEXT","interaction":{"idSuffix":"inner"}},"clearTextFirst":true,"interactionType":"ENTER_TEXT"}]}
RESULT: undefined
COMMAND: POST /session/cd4e213f90090bc7497a341d701e98a6/execute/async - {"script":"<script> [776 bytes]","args":[{"enterText":"Piece","selector":{"id":"application-manageresources-display-component---newResourceUnit--BASE_UNIT_OF_MEASURE","interaction":{"idSuffix":"inner"}},"clearTextFirst":true,"interactionType":"ENTER_TEXT"}]}
RESULT: {}
RESULT: {"script":"<script> [776 bytes]","args":[{"enterText":"Piece","selector":{"id":"application-manageresources-display-component---newResourceUnit--BASE_UNIT_OF_MEASURE","interaction":{"idSuffix":"inner"}},"clearTextFirst":true,"interactionType":"ENTER_TEXT"}]}
RESULT: undefined
COMMAND: POST /session/cd4e213f90090bc7497a341d701e98a6/execute/async - {"script":"<script> [776 bytes]","args":[{"enterText":"Gram","selector":{"id":"application-manageresources-display-component---newResourceUnit--WEIGHT_UNIT","interaction":{"idSuffix":"inner"}},"clearTextFirst":true,"interactionType":"ENTER_TEXT"}]}
RESULT: {"script":"<script> [776 bytes]","args":[{"enterText":"Gram","selector":{"id":"application-manageresources-display-component---newResourceUnit--WEIGHT_UNIT","interaction":{"idSuffix":"inner"}},"clearTextFirst":true,"interactionType":"ENTER_TEXT"}]}
RESULT: undefined
COMMAND: POST /session/cd4e213f90090bc7497a341d701e98a6/execute/async - {"script":"<script> [776 bytes]","args":[{"enterText":"Meter","selector":{"id":"application-manageresources-display-component---newResourceUnit--DIMENSION_UNIT","interaction":{"idSuffix":"inner"}},"clearTextFirst":true,"interactionType":"ENTER_TEXT"}]}
RESULT: {"script":"<script> [776 bytes]","args":[{"enterText":"Meter","selector":{"id":"application-manageresources-display-component---newResourceUnit--DIMENSION_UNIT","interaction":{"idSuffix":"inner"}},"clearTextFirst":true,"interactionType":"ENTER_TEXT"}]}
RESULT: undefined
COMMAND: POST /session/cd4e213f90090bc7497a341d701e98a6/element - {"using":"xpath","value":"//*[@id=\"application-manageresources-display-component---newResourceUnit--newRRUPage-anchBar-application-manageresources-display-component---newResourceUnit--control-anchor\"]"}
RESULT: {"using":"xpath","value":"//*[@id=\"application-manageresources-display-component---newResourceUnit--newRRUPage-anchBar-application-manageresources-display-component---newResourceUnit--control-anchor\"]"}
COMMAND: POST /session/cd4e213f90090bc7497a341d701e98a6/element/f.3EFE59E47BCAC700A535F57DF4769BD4.d.C2453481F8F9FEC29B27A6A1E0450C91.e.16643/click - {}
RESULT: {}
RESULT: undefined
COMMAND: POST /session/cd4e213f90090bc7497a341d701e98a6/execute/async - {"script":"<script> [776 bytes]","args":[{"enterText":"Heavy Equi","selector":{"id":"application-manageresources-display-component---newResourceUnit--PLANNING_GROUP","interaction":{"idSuffix":"inner"}},"clearTextFirst":true,"interactionType":"ENTER_TEXT"}]}
COMMAND: GET /session/cd4e213f90090bc7497a341d701e98a6/screenshot - {}
RESULT: {"script":"<script> [776 bytes]","args":[{"enterText":"Heavy Equi","selector":{"id":"application-manageresources-display-component---newResourceUnit--PLANNING_GROUP","interaction":{"idSuffix":"inner"}},"clearTextFirst":true,"interactionType":"ENTER_TEXT"}]}
RESULT: {}
COMMAND: POST /session/cd4e213f90090bc7497a341d701e98a6/execute/async - {"script":"<script> [1562 bytes]","args":[{"selector":{"id":"application-manageresources-display-component---newResourceUnit--PLANNING_INDICATOR","interaction":{"idSuffix":"inner"}},"wdio_ui5_key":"applicationmanageresources-display-component---newResourceUnit--PLANNING_INDICATOR"}]}
RESULT: {"script":"<script> [1562 bytes]","args":[{"selector":{"id":"application-manageresources-display-component---newResourceUnit--PLANNING_INDICATOR","interaction":{"idSuffix":"inner"}},"wdio_ui5_key":"applicationmanageresources-display-component---newResourceUnit--PLANNING_INDICATOR"}]}
RESULT: undefined
COMMAND: POST /session/cd4e213f90090bc7497a341d701e98a6/execute/async - {"script":"<script> [776 bytes]","args":[{"enterText":"10 - infinite","selector":{"id":"application-manageresources-display-component---newResourceUnit--PLANNING_INDICATOR","interaction":{"idSuffix":"inner"}},"clearTextFirst":true,"interactionType":"ENTER_TEXT"}]}
RESULT: {"script":"<script> [776 bytes]","args":[{"enterText":"10 - infinite","selector":{"id":"application-manageresources-display-component---newResourceUnit--PLANNING_INDICATOR","interaction":{"idSuffix":"inner"}},"clearTextFirst":true,"interactionType":"ENTER_TEXT"}]}
RESULT: undefined
COMMAND: POST /session/cd4e213f90090bc7497a341d701e98a6/element - {"using":"xpath","value":"//*[@id=\"application-manageresources-display-component---newResourceUnit--ITEM_TYPE-arrow\"]"}
RESULT: {"using":"xpath","value":"//*[@id=\"application-manageresources-display-component---newResourceUnit--ITEM_TYPE-arrow\"]"}
COMMAND: POST /session/cd4e213f90090bc7497a341d701e98a6/element/f.3EFE59E47BCAC700A535F57DF4769BD4.d.C2453481F8F9FEC29B27A6A1E0450C91.e.16652/click - {}
RESULT: {}
COMMAND: GET /session/cd4e213f90090bc7497a341d701e98a6/screenshot - {}
RESULT: {}
COMMAND: POST /session/cd4e213f90090bc7497a341d701e98a6/execute/async - {"script":"<script> [1562 bytes]","args":[{"selector":{"controlType":"sap.m.StandardListItem","viewName":"reusables.view.manageresources.NewResourceUnit","viewId":"application-manageresources-display-component---newResourceUnit","properties":{"title":"Pool Equipment"},"searchOpenDialogs":true,"interaction":{"idSuffix":"content"}},"wdio_ui5_key":"reusablesview.manageresources.NewResourceUnitsap.m.StandardListItem{\"title\":\"Pool Equipment\"}"}]}
RESULT: {"script":"<script> [1562 bytes]","args":[{"selector":{"controlType":"sap.m.StandardListItem","viewName":"reusables.view.manageresources.NewResourceUnit","viewId":"application-manageresources-display-component---newResourceUnit","properties":{"title":"Pool Equipment"},"searchOpenDialogs":true,"interaction":{"idSuffix":"content"}},"wdio_ui5_key":"reusablesview.manageresources.NewResourceUnitsap.m.StandardListItem{\"title\":\"Pool Equipment\"}"}]}
RESULT: undefined
COMMAND: POST /session/cd4e213f90090bc7497a341d701e98a6/element - {"using":"xpath","value":"//*[@id=\"__item1449\"]"}
RESULT: {"using":"xpath","value":"//*[@id=\"__item1449\"]"}
COMMAND: POST /session/cd4e213f90090bc7497a341d701e98a6/element/f.3EFE59E47BCAC700A535F57DF4769BD4.d.C2453481F8F9FEC29B27A6A1E0450C91.e.16654/click - {}
RESULT: {}
COMMAND: GET /session/cd4e213f90090bc7497a341d701e98a6/screenshot - {}
RESULT: {}
COMMAND: POST /session/cd4e213f90090bc7497a341d701e98a6/element - {"using":"css selector","value":"#application-manageresources-display-component---newResourceUnit--btnAddTimeSegment"}
RESULT: {"using":"css selector","value":"#application-manageresources-display-component---newResourceUnit--btnAddTimeSegment"}
COMMAND: GET /session/cd4e213f90090bc7497a341d701e98a6/element/f.3EFE59E47BCAC700A535F57DF4769BD4.d.C2453481F8F9FEC29B27A6A1E0450C91.e.16655/rect - {}
RESULT: {}
COMMAND: GET /session/cd4e213f90090bc7497a341d701e98a6/window/rect - {}
RESULT: {}
COMMAND: POST /session/cd4e213f90090bc7497a341d701e98a6/execute/sync - {"script":"<script> [92 bytes]","args":[]}
RESULT: {"script":"<script> [92 bytes]","args":[]}
COMMAND: POST /session/cd4e213f90090bc7497a341d701e98a6/actions - {"actions":[{"id":"action64","type":"wheel","parameters":{},"actions":[{"type":"scroll","x":-1888,"y":-32,"deltaX":0,"deltaY":0,"duration":0,"origin":{"element-6066-11e4-a52e-4f735466cecf":"f.3EFE59E47BCAC700A535F57DF4769BD4.d.C2453481F8F9FEC29B27A6A1E0450C91.e.16655"}}]}]}
COMMAND: GET /session/cd4e213f90090bc7497a341d701e98a6/screenshot - {}
RESULT: {}
COMMAND: POST /session/cd4e213f90090bc7497a341d701e98a6/execute/sync - {"script":"<script> [79 bytes]","args":[{"element-6066-11e4-a52e-4f735466cecf":"f.3EFE59E47BCAC700A535F57DF4769BD4.d.C2453481F8F9FEC29B27A6A1E0450C91.e.16655","ELEMENT":"f.3EFE59E47BCAC700A535F57DF4769BD4.d.C2453481F8F9FEC29B27A6A1E0450C91.e.16655"},{"block":"start","inline":"nearest"}]}
RESULT: {"script":"<script> [79 bytes]","args":[{"element-6066-11e4-a52e-4f735466cecf":"f.3EFE59E47BCAC700A535F57DF4769BD4.d.C2453481F8F9FEC29B27A6A1E0450C91.e.16655","ELEMENT":"f.3EFE59E47BCAC700A535F57DF4769BD4.d.C2453481F8F9FEC29B27A6A1E0450C91.e.16655"},{"block":"start","inline":"nearest"}]}
RESULT: undefined
COMMAND: POST /session/cd4e213f90090bc7497a341d701e98a6/element - {"using":"xpath","value":"//*[@id=\"application-manageresources-display-component---newResourceUnit--btnAddTimeSegment\"]"}
COMMAND: GET /session/cd4e213f90090bc7497a341d701e98a6/screenshot - {}
RESULT: {"using":"xpath","value":"//*[@id=\"application-manageresources-display-component---newResourceUnit--btnAddTimeSegment\"]"}
COMMAND: POST /session/cd4e213f90090bc7497a341d701e98a6/element/f.3EFE59E47BCAC700A535F57DF4769BD4.d.C2453481F8F9FEC29B27A6A1E0450C91.e.16655/click - {}
RESULT: {}
RESULT: {}
COMMAND: GET /session/cd4e213f90090bc7497a341d701e98a6/screenshot - {}
RESULT: {}
COMMAND: POST /session/cd4e213f90090bc7497a341d701e98a6/element - {"using":"xpath","value":"//input[@id=\"application-manageresources-display-component---newResourceUnit--idRuTSAdmin-application-manageresources-display-component---newResourceUnit--RUTimeSegment-0-inner\"]"}
RESULT: {"using":"xpath","value":"//input[@id=\"application-manageresources-display-component---newResourceUnit--idRuTSAdmin-application-manageresources-display-component---newResourceUnit--RUTimeSegment-0-inner\"]"}
COMMAND: POST /session/cd4e213f90090bc7497a341d701e98a6/element/f.3EFE59E47BCAC700A535F57DF4769BD4.d.C2453481F8F9FEC29B27A6A1E0450C91.e.16660/clear - {}
RESULT: {}
COMMAND: POST /session/cd4e213f90090bc7497a341d701e98a6/element/f.3EFE59E47BCAC700A535F57DF4769BD4.d.C2453481F8F9FEC29B27A6A1E0450C91.e.16660/value - {"text":"676"}
COMMAND: GET /session/cd4e213f90090bc7497a341d701e98a6/screenshot - {}
RESULT: {"text":"676"}
COMMAND: GET /session/cd4e213f90090bc7497a341d701e98a6/screenshot - {}
RESULT: {}
RESULT: {}
COMMAND: POST /session/cd4e213f90090bc7497a341d701e98a6/element - {"using":"xpath","value":"//li[.//span[text()='676']]"}
RESULT: {"using":"xpath","value":"//li[.//span[text()='676']]"}
COMMAND: POST /session/cd4e213f90090bc7497a341d701e98a6/element/f.3EFE59E47BCAC700A535F57DF4769BD4.d.C2453481F8F9FEC29B27A6A1E0450C91.e.16675/click - {}
RESULT: {}
COMMAND: GET /session/cd4e213f90090bc7497a341d701e98a6/screenshot - {}
RESULT: {}
COMMAND: POST /session/cd4e213f90090bc7497a341d701e98a6/element - {"using":"xpath","value":"(//span[contains(@id, \"-application-manageresources-display-component---newResourceUnit--RUTimeSegment-0-arrow\")])[5]"}
RESULT: {"using":"xpath","value":"(//span[contains(@id, \"-application-manageresources-display-component---newResourceUnit--RUTimeSegment-0-arrow\")])[5]"}
COMMAND: POST /session/cd4e213f90090bc7497a341d701e98a6/element/f.3EFE59E47BCAC700A535F57DF4769BD4.d.C2453481F8F9FEC29B27A6A1E0450C91.e.16676/click - {}
RESULT: {}
COMMAND: GET /session/cd4e213f90090bc7497a341d701e98a6/screenshot - {}
RESULT: {}
COMMAND: POST /session/cd4e213f90090bc7497a341d701e98a6/element - {"using":"xpath","value":"//span[contains(text(), \"PM Order\")]"}
RESULT: {"using":"xpath","value":"//span[contains(text(), \"PM Order\")]"}
COMMAND: POST /session/cd4e213f90090bc7497a341d701e98a6/element/f.3EFE59E47BCAC700A535F57DF4769BD4.d.C2453481F8F9FEC29B27A6A1E0450C91.e.16677/click - {}
RESULT: {}
COMMAND: GET /session/cd4e213f90090bc7497a341d701e98a6/screenshot - {}
RESULT: {}
COMMAND: POST /session/cd4e213f90090bc7497a341d701e98a6/element - {"using":"xpath","value":"(//span[contains(@id ,\"manageresources-display-component---newResourceUnit--RUTimeSegment-0-vhi\")])[1]"}
RESULT: {"using":"xpath","value":"(//span[contains(@id ,\"manageresources-display-component---newResourceUnit--RUTimeSegment-0-vhi\")])[1]"}
COMMAND: GET /session/cd4e213f90090bc7497a341d701e98a6/element/f.3EFE59E47BCAC700A535F57DF4769BD4.d.C2453481F8F9FEC29B27A6A1E0450C91.e.16681/rect - {}
RESULT: {}
COMMAND: GET /session/cd4e213f90090bc7497a341d701e98a6/window/rect - {}
RESULT: {}
COMMAND: POST /session/cd4e213f90090bc7497a341d701e98a6/execute/sync - {"script":"<script> [92 bytes]","args":[]}
RESULT: {"script":"<script> [92 bytes]","args":[]}
COMMAND: POST /session/cd4e213f90090bc7497a341d701e98a6/actions - {"actions":[{"id":"action65","type":"wheel","parameters":{},"actions":[{"type":"scroll","x":-1888,"y":-24,"deltaX":0,"deltaY":0,"duration":0,"origin":{"element-6066-11e4-a52e-4f735466cecf":"f.3EFE59E47BCAC700A535F57DF4769BD4.d.C2453481F8F9FEC29B27A6A1E0450C91.e.16681"}}]}]}
COMMAND: GET /session/cd4e213f90090bc7497a341d701e98a6/screenshot - {}
RESULT: {}
COMMAND: POST /session/cd4e213f90090bc7497a341d701e98a6/execute/sync - {"script":"<script> [79 bytes]","args":[{"element-6066-11e4-a52e-4f735466cecf":"f.3EFE59E47BCAC700A535F57DF4769BD4.d.C2453481F8F9FEC29B27A6A1E0450C91.e.16681","ELEMENT":"f.3EFE59E47BCAC700A535F57DF4769BD4.d.C2453481F8F9FEC29B27A6A1E0450C91.e.16681"},{"block":"start","inline":"nearest"}]}
RESULT: {"script":"<script> [79 bytes]","args":[{"element-6066-11e4-a52e-4f735466cecf":"f.3EFE59E47BCAC700A535F57DF4769BD4.d.C2453481F8F9FEC29B27A6A1E0450C91.e.16681","ELEMENT":"f.3EFE59E47BCAC700A535F57DF4769BD4.d.C2453481F8F9FEC29B27A6A1E0450C91.e.16681"},{"block":"start","inline":"nearest"}]}
COMMAND: GET /session/cd4e213f90090bc7497a341d701e98a6/screenshot - {}
RESULT: {}
COMMAND: POST /session/cd4e213f90090bc7497a341d701e98a6/element/f.3EFE59E47BCAC700A535F57DF4769BD4.d.C2453481F8F9FEC29B27A6A1E0450C91.e.16681/click - {}
RESULT: {}
COMMAND: GET /session/cd4e213f90090bc7497a341d701e98a6/screenshot - {}
RESULT: {}
RESULT: undefined
COMMAND: POST /session/cd4e213f90090bc7497a341d701e98a6/execute/async - {"script":"<script> [776 bytes]","args":[{"enterText":"4000360","selector":{"controlType":"sap.m.SearchField","properties":{"placeholder":"Search"},"searchOpenDialogs":true,"interaction":{"idSuffix":"I"}},"clearTextFirst":true,"interactionType":"ENTER_TEXT"}]}
RESULT: {"script":"<script> [776 bytes]","args":[{"enterText":"4000360","selector":{"controlType":"sap.m.SearchField","properties":{"placeholder":"Search"},"searchOpenDialogs":true,"interaction":{"idSuffix":"I"}},"clearTextFirst":true,"interactionType":"ENTER_TEXT"}]}
COMMAND: POST /session/cd4e213f90090bc7497a341d701e98a6/actions - {"actions":[{"id":"action66","type":"key","parameters":{},"actions":[{"type":"keyDown","value":""},{"type":"pause","duration":10},{"type":"keyUp","value":""}]}]}
RESULT: {"actions":[{"id":"action66","type":"key","parameters":{},"actions":[{"type":"keyDown","value":""},{"type":"pause","duration":10},{"type":"keyUp","value":""}]}]}
COMMAND: GET /session/cd4e213f90090bc7497a341d701e98a6/screenshot - {}
RESULT: {}
COMMAND: POST /session/cd4e213f90090bc7497a341d701e98a6/element - {"using":"xpath","value":"//td/div/span[contains(text(), \"BGL Vehicles\")]"}
RESULT: {"using":"xpath","value":"//td/div/span[contains(text(), \"BGL Vehicles\")]"}
COMMAND: POST /session/cd4e213f90090bc7497a341d701e98a6/element/f.3EFE59E47BCAC700A535F57DF4769BD4.d.C2453481F8F9FEC29B27A6A1E0450C91.e.16701/click - {}
RESULT: {}
COMMAND: GET /session/cd4e213f90090bc7497a341d701e98a6/screenshot - {}
RESULT: {}
COMMAND: POST /session/cd4e213f90090bc7497a341d701e98a6/element - {"using":"xpath","value":"//bdi[contains(text(), \"OK\")]"}
RESULT: {"using":"xpath","value":"//bdi[contains(text(), \"OK\")]"}
COMMAND: POST /session/cd4e213f90090bc7497a341d701e98a6/element/f.3EFE59E47BCAC700A535F57DF4769BD4.d.C2453481F8F9FEC29B27A6A1E0450C91.e.16702/click - {}
RESULT: {}
COMMAND: GET /session/cd4e213f90090bc7497a341d701e98a6/screenshot - {}
RESULT: {}
COMMAND: POST /session/cd4e213f90090bc7497a341d701e98a6/element - {"using":"xpath","value":"//label[contains(@class, 'sapMLabelRequired') and .//bdi[contains(text(), 'Planned Retirement')]]"}
RESULT: {"using":"xpath","value":"//label[contains(@class, 'sapMLabelRequired') and .//bdi[contains(text(), 'Planned Retirement')]]"}
COMMAND: POST /session/cd4e213f90090bc7497a341d701e98a6/elements - {"using":"xpath","value":"//label[contains(@class, 'sapMLabelRequired') and .//bdi[contains(text(), 'Planned Retirement')]]"}
RESULT: {"using":"xpath","value":"//label[contains(@class, 'sapMLabelRequired') and .//bdi[contains(text(), 'Planned Retirement')]]"}
COMMAND: POST /session/cd4e213f90090bc7497a341d701e98a6/element - {"using":"xpath","value":"//button[@data-kt=\"resourceUnitSaveButton\"]"}
RESULT: {"using":"xpath","value":"//button[@data-kt=\"resourceUnitSaveButton\"]"}
COMMAND: POST /session/cd4e213f90090bc7497a341d701e98a6/element/f.3EFE59E47BCAC700A535F57DF4769BD4.d.C2453481F8F9FEC29B27A6A1E0450C91.e.16597/click - {}
RESULT: {}
COMMAND: GET /session/cd4e213f90090bc7497a341d701e98a6/screenshot - {}
RESULT: {}
COMMAND: POST /session/cd4e213f90090bc7497a341d701e98a6/element - {"using":"xpath","value":"//bdi[contains(text(), \"Close\")]"}
RESULT: {"using":"xpath","value":"//bdi[contains(text(), \"Close\")]"}
COMMAND: POST /session/cd4e213f90090bc7497a341d701e98a6/element/f.3EFE59E47BCAC700A535F57DF4769BD4.d.C2453481F8F9FEC29B27A6A1E0450C91.e.16709/click - {}
RESULT: {}
COMMAND: GET /session/cd4e213f90090bc7497a341d701e98a6/screenshot - {}
RESULT: {}
COMMAND: POST /session/cd4e213f90090bc7497a341d701e98a6/element - {"using":"xpath","value":"//header[contains(@id, 'detailRruPage-headerTitle')]/div[1]/div[2]/div[2]/span[1]"}
RESULT: {"using":"xpath","value":"//header[contains(@id, 'detailRruPage-headerTitle')]/div[1]/div[2]/div[2]/span[1]"}
COMMAND: POST /session/cd4e213f90090bc7497a341d701e98a6/elements - {"using":"xpath","value":"//header[contains(@id, 'detailRruPage-headerTitle')]/div[1]/div[2]/div[2]/span[1]"}
RESULT: {"using":"xpath","value":"//header[contains(@id, 'detailRruPage-headerTitle')]/div[1]/div[2]/div[2]/span[1]"}
COMMAND: POST /session/cd4e213f90090bc7497a341d701e98a6/execute/sync - {"script":"<script> [56 bytes]","args":[{"element-6066-11e4-a52e-4f735466cecf":"f.3EFE59E47BCAC700A535F57DF4769BD4.d.C2453481F8F9FEC29B27A6A1E0450C91.e.16743","ELEMENT":"f.3EFE59E47BCAC700A535F57DF4769BD4.d.C2453481F8F9FEC29B27A6A1E0450C91.e.16743"}]}
RESULT: {"script":"<script> [56 bytes]","args":[{"element-6066-11e4-a52e-4f735466cecf":"f.3EFE59E47BCAC700A535F57DF4769BD4.d.C2453481F8F9FEC29B27A6A1E0450C91.e.16743","ELEMENT":"f.3EFE59E47BCAC700A535F57DF4769BD4.d.C2453481F8F9FEC29B27A6A1E0450C91.e.16743"}]}
COMMAND: POST /session/cd4e213f90090bc7497a341d701e98a6/element - {"using":"css selector","value":"#shell-header-logo"}
COMMAND: GET /session/cd4e213f90090bc7497a341d701e98a6/screenshot - {}
RESULT: {}
RESULT: {"using":"css selector","value":"#shell-header-logo"}
COMMAND: POST /session/cd4e213f90090bc7497a341d701e98a6/element/f.3EFE59E47BCAC700A535F57DF4769BD4.d.C2453481F8F9FEC29B27A6A1E0450C91.e.16196/click - {}
RESULT: {}
COMMAND: GET /session/cd4e213f90090bc7497a341d701e98a6/screenshot - {}
RESULT: {}
]]></system-out>
    </testcase>
    <testcase classname="chrome.136_0_7103_93.windows.Transfer_Yard_to_Yard_US131076" name="Should do a stock increase handover for equipment" time="65.686">
      <failure/>
      <error message="receiptDate.setValue is not a function"/>
      <system-out><![CDATA[
COMMAND: POST /session/cd4e213f90090bc7497a341d701e98a6/execute/async - {"script":"<script> [1562 bytes]","args":[{"selector":{"controlType":"sap.m.GenericTile","properties":{"header":"Manage Handovers"}},"wdio_ui5_key":"sapm.GenericTile{\"header\":\"Manage Handovers\"}"}]}
RESULT: {"script":"<script> [1562 bytes]","args":[{"selector":{"controlType":"sap.m.GenericTile","properties":{"header":"Manage Handovers"}},"wdio_ui5_key":"sapm.GenericTile{\"header\":\"Manage Handovers\"}"}]}
RESULT: undefined
COMMAND: POST /session/cd4e213f90090bc7497a341d701e98a6/element - {"using":"xpath","value":"//*[@id=\"__tile133\"]"}
RESULT: {"using":"xpath","value":"//*[@id=\"__tile133\"]"}
COMMAND: POST /session/cd4e213f90090bc7497a341d701e98a6/element/f.3EFE59E47BCAC700A535F57DF4769BD4.d.C2453481F8F9FEC29B27A6A1E0450C91.e.14689/click - {}
RESULT: {}
COMMAND: GET /session/cd4e213f90090bc7497a341d701e98a6/screenshot - {}
RESULT: {}
COMMAND: POST /session/cd4e213f90090bc7497a341d701e98a6/elements - {"using":"xpath","value":"//span[text()='Error']"}
RESULT: {"using":"xpath","value":"//span[text()='Error']"}
COMMAND: POST /session/cd4e213f90090bc7497a341d701e98a6/element - {"using":"xpath","value":"//button[@data-kt=\"masterHOAddButton\"]"}
RESULT: {"using":"xpath","value":"//button[@data-kt=\"masterHOAddButton\"]"}
COMMAND: POST /session/cd4e213f90090bc7497a341d701e98a6/elements - {"using":"xpath","value":"//button[@data-kt=\"masterHOAddButton\"]"}
RESULT: {"using":"xpath","value":"//button[@data-kt=\"masterHOAddButton\"]"}
COMMAND: POST /session/cd4e213f90090bc7497a341d701e98a6/execute/sync - {"script":"<script> [8489 bytes]","args":[{"element-6066-11e4-a52e-4f735466cecf":"f.3EFE59E47BCAC700A535F57DF4769BD4.d.C2453481F8F9FEC29B27A6A1E0450C91.e.16783","ELEMENT":"f.3EFE59E47BCAC700A535F57DF4769BD4.d.C2453481F8F9FEC29B27A6A1E0450C91.e.16783"}]}
RESULT: {"script":"<script> [8489 bytes]","args":[{"element-6066-11e4-a52e-4f735466cecf":"f.3EFE59E47BCAC700A535F57DF4769BD4.d.C2453481F8F9FEC29B27A6A1E0450C91.e.16783","ELEMENT":"f.3EFE59E47BCAC700A535F57DF4769BD4.d.C2453481F8F9FEC29B27A6A1E0450C91.e.16783"}]}
COMMAND: GET /session/cd4e213f90090bc7497a341d701e98a6/element/f.3EFE59E47BCAC700A535F57DF4769BD4.d.C2453481F8F9FEC29B27A6A1E0450C91.e.16783/enabled - {}
COMMAND: GET /session/cd4e213f90090bc7497a341d701e98a6/screenshot - {}
RESULT: {}
COMMAND: POST /session/cd4e213f90090bc7497a341d701e98a6/execute/sync - {"script":"<script> [8489 bytes]","args":[{"element-6066-11e4-a52e-4f735466cecf":"f.3EFE59E47BCAC700A535F57DF4769BD4.d.C2453481F8F9FEC29B27A6A1E0450C91.e.16783","ELEMENT":"f.3EFE59E47BCAC700A535F57DF4769BD4.d.C2453481F8F9FEC29B27A6A1E0450C91.e.16783"}]}
COMMAND: GET /session/cd4e213f90090bc7497a341d701e98a6/screenshot - {}
RESULT: {}
RESULT: {"script":"<script> [8489 bytes]","args":[{"element-6066-11e4-a52e-4f735466cecf":"f.3EFE59E47BCAC700A535F57DF4769BD4.d.C2453481F8F9FEC29B27A6A1E0450C91.e.16783","ELEMENT":"f.3EFE59E47BCAC700A535F57DF4769BD4.d.C2453481F8F9FEC29B27A6A1E0450C91.e.16783"}]}
COMMAND: POST /session/cd4e213f90090bc7497a341d701e98a6/execute/sync - {"script":"<script> [5351 bytes]","args":[{"element-6066-11e4-a52e-4f735466cecf":"f.3EFE59E47BCAC700A535F57DF4769BD4.d.C2453481F8F9FEC29B27A6A1E0450C91.e.16783","ELEMENT":"f.3EFE59E47BCAC700A535F57DF4769BD4.d.C2453481F8F9FEC29B27A6A1E0450C91.e.16783"}]}
COMMAND: GET /session/cd4e213f90090bc7497a341d701e98a6/screenshot - {}
RESULT: {}
RESULT: {"script":"<script> [5351 bytes]","args":[{"element-6066-11e4-a52e-4f735466cecf":"f.3EFE59E47BCAC700A535F57DF4769BD4.d.C2453481F8F9FEC29B27A6A1E0450C91.e.16783","ELEMENT":"f.3EFE59E47BCAC700A535F57DF4769BD4.d.C2453481F8F9FEC29B27A6A1E0450C91.e.16783"}]}
COMMAND: POST /session/cd4e213f90090bc7497a341d701e98a6/element/f.3EFE59E47BCAC700A535F57DF4769BD4.d.C2453481F8F9FEC29B27A6A1E0450C91.e.16783/click - {}
COMMAND: GET /session/cd4e213f90090bc7497a341d701e98a6/screenshot - {}
RESULT: {}
RESULT: {}
COMMAND: GET /session/cd4e213f90090bc7497a341d701e98a6/screenshot - {}
RESULT: {}
COMMAND: POST /session/cd4e213f90090bc7497a341d701e98a6/element - {"using":"xpath","value":"//span[contains(@id ,\"AddNewHO--typeSelect-arrow\")]"}
RESULT: {}
RESULT: {"using":"xpath","value":"//span[contains(@id ,\"AddNewHO--typeSelect-arrow\")]"}
COMMAND: POST /session/cd4e213f90090bc7497a341d701e98a6/element/f.3EFE59E47BCAC700A535F57DF4769BD4.d.C2453481F8F9FEC29B27A6A1E0450C91.e.17132/click - {}
RESULT: {}
COMMAND: GET /session/cd4e213f90090bc7497a341d701e98a6/screenshot - {}
RESULT: {}
COMMAND: POST /session/cd4e213f90090bc7497a341d701e98a6/element - {"using":"xpath","value":"(//li[contains(text(), \"stock increase yard\")])[1]"}
RESULT: {"using":"xpath","value":"(//li[contains(text(), \"stock increase yard\")])[1]"}
COMMAND: POST /session/cd4e213f90090bc7497a341d701e98a6/element/f.3EFE59E47BCAC700A535F57DF4769BD4.d.C2453481F8F9FEC29B27A6A1E0450C91.e.17133/click - {}
RESULT: {}
COMMAND: GET /session/cd4e213f90090bc7497a341d701e98a6/screenshot - {}
RESULT: {}
COMMAND: POST /session/cd4e213f90090bc7497a341d701e98a6/execute/async - {"script":"<script> [1562 bytes]","args":[{"selector":{"id":"application-managehandovers-display-component---AddNewHO--dueDate","interaction":{"idSuffix":"inner"}},"wdio_ui5_key":"applicationmanagehandovers-display-component---AddNewHO--dueDate"}]}
RESULT: {"script":"<script> [1562 bytes]","args":[{"selector":{"id":"application-managehandovers-display-component---AddNewHO--dueDate","interaction":{"idSuffix":"inner"}},"wdio_ui5_key":"applicationmanagehandovers-display-component---AddNewHO--dueDate"}]}
RESULT: undefined
COMMAND: POST /session/cd4e213f90090bc7497a341d701e98a6/execute/async - {"script":"<script> [6424 bytes]","args":[{"element-6066-11e4-a52e-4f735466cecf":"f.3EFE59E47BCAC700A535F57DF4769BD4.d.C2453481F8F9FEC29B27A6A1E0450C91.e.17137"},"setValue",["5/22/25"]]}
RESULT: {"script":"<script> [6424 bytes]","args":[{"element-6066-11e4-a52e-4f735466cecf":"f.3EFE59E47BCAC700A535F57DF4769BD4.d.C2453481F8F9FEC29B27A6A1E0450C91.e.17137"},"setValue",["5/22/25"]]}
COMMAND: POST /session/cd4e213f90090bc7497a341d701e98a6/element - {"using":"xpath","value":"//input[@id=\"generalSectionFrg--receiveYard-inner\"]"}
RESULT: {"using":"xpath","value":"//input[@id=\"generalSectionFrg--receiveYard-inner\"]"}
COMMAND: POST /session/cd4e213f90090bc7497a341d701e98a6/element/f.3EFE59E47BCAC700A535F57DF4769BD4.d.C2453481F8F9FEC29B27A6A1E0450C91.e.17141/clear - {}
RESULT: {}
COMMAND: POST /session/cd4e213f90090bc7497a341d701e98a6/element/f.3EFE59E47BCAC700A535F57DF4769BD4.d.C2453481F8F9FEC29B27A6A1E0450C91.e.17141/value - {"text":"676"}
COMMAND: GET /session/cd4e213f90090bc7497a341d701e98a6/screenshot - {}
RESULT: {"text":"676"}
COMMAND: GET /session/cd4e213f90090bc7497a341d701e98a6/screenshot - {}
RESULT: {}
RESULT: {}
COMMAND: POST /session/cd4e213f90090bc7497a341d701e98a6/element - {"using":"xpath","value":"//li[.//span[text()='676']]"}
RESULT: {"using":"xpath","value":"//li[.//span[text()='676']]"}
COMMAND: POST /session/cd4e213f90090bc7497a341d701e98a6/element/f.3EFE59E47BCAC700A535F57DF4769BD4.d.C2453481F8F9FEC29B27A6A1E0450C91.e.17157/click - {}
RESULT: {}
COMMAND: GET /session/cd4e213f90090bc7497a341d701e98a6/screenshot - {}
RESULT: {}
COMMAND: POST /session/cd4e213f90090bc7497a341d701e98a6/execute/async - {"script":"<script> [1562 bytes]","args":[{"selector":{"id":"application-managehandovers-display-component---AddNewHO--ObjectPageLayout-anchBar-application-managehandovers-display-component---AddNewHO--section4-anchor","interaction":{"idSuffix":"BDI-content"}},"wdio_ui5_key":"applicationmanagehandovers-display-component---AddNewHO--ObjectPageLayout-anchBar-application-managehandovers-display-component---AddNewHO--section4-anchor"}]}
RESULT: {"script":"<script> [1562 bytes]","args":[{"selector":{"id":"application-managehandovers-display-component---AddNewHO--ObjectPageLayout-anchBar-application-managehandovers-display-component---AddNewHO--section4-anchor","interaction":{"idSuffix":"BDI-content"}},"wdio_ui5_key":"applicationmanagehandovers-display-component---AddNewHO--ObjectPageLayout-anchBar-application-managehandovers-display-component---AddNewHO--section4-anchor"}]}
RESULT: undefined
COMMAND: POST /session/cd4e213f90090bc7497a341d701e98a6/element - {"using":"xpath","value":"//*[@id=\"application-managehandovers-display-component---AddNewHO--ObjectPageLayout-anchBar-application-managehandovers-display-component---AddNewHO--section4-anchor\"]"}
RESULT: {"using":"xpath","value":"//*[@id=\"application-managehandovers-display-component---AddNewHO--ObjectPageLayout-anchBar-application-managehandovers-display-component---AddNewHO--section4-anchor\"]"}
COMMAND: POST /session/cd4e213f90090bc7497a341d701e98a6/element/f.3EFE59E47BCAC700A535F57DF4769BD4.d.C2453481F8F9FEC29B27A6A1E0450C91.e.17159/click - {}
RESULT: {}
COMMAND: POST /session/cd4e213f90090bc7497a341d701e98a6/element - {"using":"xpath","value":"//button[@aria-label=\"Add\"]"}
COMMAND: GET /session/cd4e213f90090bc7497a341d701e98a6/screenshot - {}
RESULT: {"using":"xpath","value":"//button[@aria-label=\"Add\"]"}
COMMAND: POST /session/cd4e213f90090bc7497a341d701e98a6/element/f.3EFE59E47BCAC700A535F57DF4769BD4.d.C2453481F8F9FEC29B27A6A1E0450C91.e.17161/click - {}
RESULT: {}
RESULT: {}
COMMAND: GET /session/cd4e213f90090bc7497a341d701e98a6/screenshot - {}
RESULT: {}
COMMAND: POST /session/cd4e213f90090bc7497a341d701e98a6/execute/async - {"script":"<script> [1562 bytes]","args":[{"selector":{"id":"application-managehandovers-display-component---AddNewHO--smartFilterBar-btnBasicSearch","searchOpenDialogs":true,"interaction":{"idSuffix":"I"}},"wdio_ui5_key":"applicationmanagehandovers-display-component---AddNewHO--smartFilterBar-btnBasicSearch"}]}
RESULT: {"script":"<script> [1562 bytes]","args":[{"selector":{"id":"application-managehandovers-display-component---AddNewHO--smartFilterBar-btnBasicSearch","searchOpenDialogs":true,"interaction":{"idSuffix":"I"}},"wdio_ui5_key":"applicationmanagehandovers-display-component---AddNewHO--smartFilterBar-btnBasicSearch"}]}
RESULT: undefined
COMMAND: POST /session/cd4e213f90090bc7497a341d701e98a6/execute/async - {"script":"<script> [776 bytes]","args":[{"enterText":"jToermo2P7","selector":{"id":"application-managehandovers-display-component---AddNewHO--smartFilterBar-btnBasicSearch","searchOpenDialogs":true,"interaction":{"idSuffix":"I"}},"clearTextFirst":true,"interactionType":"ENTER_TEXT"}]}
RESULT: {"script":"<script> [776 bytes]","args":[{"enterText":"jToermo2P7","selector":{"id":"application-managehandovers-display-component---AddNewHO--smartFilterBar-btnBasicSearch","searchOpenDialogs":true,"interaction":{"idSuffix":"I"}},"clearTextFirst":true,"interactionType":"ENTER_TEXT"}]}
COMMAND: POST /session/cd4e213f90090bc7497a341d701e98a6/actions - {"actions":[{"id":"action67","type":"key","parameters":{},"actions":[{"type":"keyDown","value":""},{"type":"pause","duration":10},{"type":"keyUp","value":""}]}]}
RESULT: {"actions":[{"id":"action67","type":"key","parameters":{},"actions":[{"type":"keyDown","value":""},{"type":"pause","duration":10},{"type":"keyUp","value":""}]}]}
COMMAND: GET /session/cd4e213f90090bc7497a341d701e98a6/screenshot - {}
RESULT: {}
COMMAND: POST /session/cd4e213f90090bc7497a341d701e98a6/execute/async - {"script":"<script> [1562 bytes]","args":[{"selector":{"id":"application-managehandovers-display-component---AddNewHO--popup-sa","searchOpenDialogs":true,"interaction":{"idSuffix":"CbBg"}},"wdio_ui5_key":"applicationmanagehandovers-display-component---AddNewHO--popup-sa"}]}
RESULT: {"script":"<script> [1562 bytes]","args":[{"selector":{"id":"application-managehandovers-display-component---AddNewHO--popup-sa","searchOpenDialogs":true,"interaction":{"idSuffix":"CbBg"}},"wdio_ui5_key":"applicationmanagehandovers-display-component---AddNewHO--popup-sa"}]}
RESULT: undefined
COMMAND: POST /session/cd4e213f90090bc7497a341d701e98a6/element - {"using":"xpath","value":"//*[@id=\"application-managehandovers-display-component---AddNewHO--popup-sa\"]"}
RESULT: {"using":"xpath","value":"//*[@id=\"application-managehandovers-display-component---AddNewHO--popup-sa\"]"}
COMMAND: POST /session/cd4e213f90090bc7497a341d701e98a6/element/f.3EFE59E47BCAC700A535F57DF4769BD4.d.C2453481F8F9FEC29B27A6A1E0450C91.e.17315/click - {}
RESULT: {}
COMMAND: GET /session/cd4e213f90090bc7497a341d701e98a6/screenshot - {}
RESULT: {}
COMMAND: POST /session/cd4e213f90090bc7497a341d701e98a6/element - {"using":"xpath","value":"//bdi[contains(text(), \"Select\")]"}
RESULT: {"using":"xpath","value":"//bdi[contains(text(), \"Select\")]"}
COMMAND: POST /session/cd4e213f90090bc7497a341d701e98a6/element/f.3EFE59E47BCAC700A535F57DF4769BD4.d.C2453481F8F9FEC29B27A6A1E0450C91.e.17316/click - {}
RESULT: {}
COMMAND: GET /session/cd4e213f90090bc7497a341d701e98a6/screenshot - {}
RESULT: {}
COMMAND: POST /session/cd4e213f90090bc7497a341d701e98a6/element - {"using":"xpath","value":"//button[@data-kt=\"AddNewHOSaveButton\"]"}
RESULT: {"using":"xpath","value":"//button[@data-kt=\"AddNewHOSaveButton\"]"}
COMMAND: POST /session/cd4e213f90090bc7497a341d701e98a6/element/f.3EFE59E47BCAC700A535F57DF4769BD4.d.C2453481F8F9FEC29B27A6A1E0450C91.e.17320/click - {}
RESULT: {}
COMMAND: GET /session/cd4e213f90090bc7497a341d701e98a6/screenshot - {}
RESULT: {}
COMMAND: POST /session/cd4e213f90090bc7497a341d701e98a6/execute/async - {"script":"<script> [1562 bytes]","args":[{"selector":{"id":"receiptDatePicker","viewName":"etm.portal.ui.managehandovers.view.DetailExecuteHO","interaction":{"idSuffix":"inner"}},"wdio_ui5_key":"receiptDatePickeretmportal.ui.managehandovers.view.DetailExecuteHO"}]}
RESULT: {"script":"<script> [1562 bytes]","args":[{"selector":{"id":"receiptDatePicker","viewName":"etm.portal.ui.managehandovers.view.DetailExecuteHO","interaction":{"idSuffix":"inner"}},"wdio_ui5_key":"receiptDatePickeretmportal.ui.managehandovers.view.DetailExecuteHO"}]}
RESULT: undefined
COMMAND: GET /session/cd4e213f90090bc7497a341d701e98a6/screenshot - {}
RESULT: {}
]]></system-out>
      <system-err><![CDATA[
TypeError: receiptDate.setValue is not a function
    at UtilsPrerequisites.stockIncrease (D:\a\1\s\test\specs\BTS\prerequisites-and-utils-functions.js:1664:27)
    at async Context.<anonymous> (D:\a\1\s\test\specs\HTR\transfer-yard-to-yard.spec.js:52:9)
]]></system-err>
    </testcase>
    <testcase classname="chrome.136_0_7103_93.windows.Transfer_Yard_to_Yard_US131076" name="Should do a stock increase handover for equipment multipart" time="63.648">
      <failure/>
      <error message="receiptDate.setValue is not a function"/>
      <system-out><![CDATA[
COMMAND: GET /session/cd4e213f90090bc7497a341d701e98a6/screenshot - {}
RESULT: undefined
COMMAND: POST /session/cd4e213f90090bc7497a341d701e98a6/element - {"using":"xpath","value":"//*[@id=\"__tile133\"]"}
RESULT: {}
RESULT: {"using":"xpath","value":"//*[@id=\"__tile133\"]"}
COMMAND: POST /session/cd4e213f90090bc7497a341d701e98a6/element/f.3EFE59E47BCAC700A535F57DF4769BD4.d.C2453481F8F9FEC29B27A6A1E0450C91.e.14689/click - {}
COMMAND: POST /session/cd4e213f90090bc7497a341d701e98a6/elements - {"using":"xpath","value":"//span[text()='Error']"}
RESULT: {"using":"xpath","value":"//span[text()='Error']"}
COMMAND: POST /session/cd4e213f90090bc7497a341d701e98a6/elements - {"using":"xpath","value":"//*[text()='Close']"}
RESULT: {"using":"xpath","value":"//*[text()='Close']"}
COMMAND: GET /session/cd4e213f90090bc7497a341d701e98a6/element/f.3EFE59E47BCAC700A535F57DF4769BD4.d.C2453481F8F9FEC29B27A6A1E0450C91.e.17324/enabled - {}
RESULT: {}
COMMAND: POST /session/cd4e213f90090bc7497a341d701e98a6/execute/sync - {"script":"<script> [8489 bytes]","args":[{"element-6066-11e4-a52e-4f735466cecf":"f.3EFE59E47BCAC700A535F57DF4769BD4.d.C2453481F8F9FEC29B27A6A1E0450C91.e.17324","ELEMENT":"f.3EFE59E47BCAC700A535F57DF4769BD4.d.C2453481F8F9FEC29B27A6A1E0450C91.e.17324"}]}
COMMAND: GET /session/cd4e213f90090bc7497a341d701e98a6/screenshot - {}
RESULT: {"script":"<script> [8489 bytes]","args":[{"element-6066-11e4-a52e-4f735466cecf":"f.3EFE59E47BCAC700A535F57DF4769BD4.d.C2453481F8F9FEC29B27A6A1E0450C91.e.17324","ELEMENT":"f.3EFE59E47BCAC700A535F57DF4769BD4.d.C2453481F8F9FEC29B27A6A1E0450C91.e.17324"}]}
COMMAND: POST /session/cd4e213f90090bc7497a341d701e98a6/execute/sync - {"script":"<script> [5351 bytes]","args":[{"element-6066-11e4-a52e-4f735466cecf":"f.3EFE59E47BCAC700A535F57DF4769BD4.d.C2453481F8F9FEC29B27A6A1E0450C91.e.17324","ELEMENT":"f.3EFE59E47BCAC700A535F57DF4769BD4.d.C2453481F8F9FEC29B27A6A1E0450C91.e.17324"}]}
COMMAND: GET /session/cd4e213f90090bc7497a341d701e98a6/screenshot - {}
RESULT: {}
RESULT: {"script":"<script> [5351 bytes]","args":[{"element-6066-11e4-a52e-4f735466cecf":"f.3EFE59E47BCAC700A535F57DF4769BD4.d.C2453481F8F9FEC29B27A6A1E0450C91.e.17324","ELEMENT":"f.3EFE59E47BCAC700A535F57DF4769BD4.d.C2453481F8F9FEC29B27A6A1E0450C91.e.17324"}]}
COMMAND: POST /session/cd4e213f90090bc7497a341d701e98a6/element/f.3EFE59E47BCAC700A535F57DF4769BD4.d.C2453481F8F9FEC29B27A6A1E0450C91.e.17324/click - {}
COMMAND: GET /session/cd4e213f90090bc7497a341d701e98a6/screenshot - {}
RESULT: {}
RESULT: {}
COMMAND: POST /session/cd4e213f90090bc7497a341d701e98a6/elements - {"using":"xpath","value":"//*[text()='OK']"}
COMMAND: GET /session/cd4e213f90090bc7497a341d701e98a6/screenshot - {}
RESULT: {}
RESULT: {"using":"xpath","value":"//*[text()='OK']"}
COMMAND: POST /session/cd4e213f90090bc7497a341d701e98a6/element - {"using":"xpath","value":"//button[@data-kt=\"masterHOAddButton\"]"}
RESULT: {}
RESULT: {"using":"xpath","value":"//button[@data-kt=\"masterHOAddButton\"]"}
COMMAND: POST /session/cd4e213f90090bc7497a341d701e98a6/elements - {"using":"xpath","value":"//button[@data-kt=\"masterHOAddButton\"]"}
RESULT: {"using":"xpath","value":"//button[@data-kt=\"masterHOAddButton\"]"}
COMMAND: POST /session/cd4e213f90090bc7497a341d701e98a6/execute/sync - {"script":"<script> [8489 bytes]","args":[{"element-6066-11e4-a52e-4f735466cecf":"f.3EFE59E47BCAC700A535F57DF4769BD4.d.C2453481F8F9FEC29B27A6A1E0450C91.e.16783","ELEMENT":"f.3EFE59E47BCAC700A535F57DF4769BD4.d.C2453481F8F9FEC29B27A6A1E0450C91.e.16783"}]}
RESULT: {"script":"<script> [8489 bytes]","args":[{"element-6066-11e4-a52e-4f735466cecf":"f.3EFE59E47BCAC700A535F57DF4769BD4.d.C2453481F8F9FEC29B27A6A1E0450C91.e.16783","ELEMENT":"f.3EFE59E47BCAC700A535F57DF4769BD4.d.C2453481F8F9FEC29B27A6A1E0450C91.e.16783"}]}
COMMAND: GET /session/cd4e213f90090bc7497a341d701e98a6/element/f.3EFE59E47BCAC700A535F57DF4769BD4.d.C2453481F8F9FEC29B27A6A1E0450C91.e.16783/enabled - {}
COMMAND: GET /session/cd4e213f90090bc7497a341d701e98a6/screenshot - {}
RESULT: {}
COMMAND: POST /session/cd4e213f90090bc7497a341d701e98a6/execute/sync - {"script":"<script> [8489 bytes]","args":[{"element-6066-11e4-a52e-4f735466cecf":"f.3EFE59E47BCAC700A535F57DF4769BD4.d.C2453481F8F9FEC29B27A6A1E0450C91.e.16783","ELEMENT":"f.3EFE59E47BCAC700A535F57DF4769BD4.d.C2453481F8F9FEC29B27A6A1E0450C91.e.16783"}]}
COMMAND: GET /session/cd4e213f90090bc7497a341d701e98a6/screenshot - {}
RESULT: {}
RESULT: {"script":"<script> [8489 bytes]","args":[{"element-6066-11e4-a52e-4f735466cecf":"f.3EFE59E47BCAC700A535F57DF4769BD4.d.C2453481F8F9FEC29B27A6A1E0450C91.e.16783","ELEMENT":"f.3EFE59E47BCAC700A535F57DF4769BD4.d.C2453481F8F9FEC29B27A6A1E0450C91.e.16783"}]}
COMMAND: POST /session/cd4e213f90090bc7497a341d701e98a6/execute/sync - {"script":"<script> [5351 bytes]","args":[{"element-6066-11e4-a52e-4f735466cecf":"f.3EFE59E47BCAC700A535F57DF4769BD4.d.C2453481F8F9FEC29B27A6A1E0450C91.e.16783","ELEMENT":"f.3EFE59E47BCAC700A535F57DF4769BD4.d.C2453481F8F9FEC29B27A6A1E0450C91.e.16783"}]}
COMMAND: GET /session/cd4e213f90090bc7497a341d701e98a6/screenshot - {}
RESULT: {}
RESULT: {"script":"<script> [5351 bytes]","args":[{"element-6066-11e4-a52e-4f735466cecf":"f.3EFE59E47BCAC700A535F57DF4769BD4.d.C2453481F8F9FEC29B27A6A1E0450C91.e.16783","ELEMENT":"f.3EFE59E47BCAC700A535F57DF4769BD4.d.C2453481F8F9FEC29B27A6A1E0450C91.e.16783"}]}
COMMAND: POST /session/cd4e213f90090bc7497a341d701e98a6/element/f.3EFE59E47BCAC700A535F57DF4769BD4.d.C2453481F8F9FEC29B27A6A1E0450C91.e.16783/click - {}
COMMAND: GET /session/cd4e213f90090bc7497a341d701e98a6/screenshot - {}
RESULT: {}
RESULT: {}
COMMAND: GET /session/cd4e213f90090bc7497a341d701e98a6/screenshot - {}
RESULT: {}
RESULT: {}
COMMAND: POST /session/cd4e213f90090bc7497a341d701e98a6/element - {"using":"xpath","value":"//span[contains(@id ,\"AddNewHO--typeSelect-arrow\")]"}
RESULT: {"using":"xpath","value":"//span[contains(@id ,\"AddNewHO--typeSelect-arrow\")]"}
COMMAND: POST /session/cd4e213f90090bc7497a341d701e98a6/element/f.3EFE59E47BCAC700A535F57DF4769BD4.d.C2453481F8F9FEC29B27A6A1E0450C91.e.17326/click - {}
RESULT: {}
COMMAND: GET /session/cd4e213f90090bc7497a341d701e98a6/screenshot - {}
RESULT: {}
COMMAND: POST /session/cd4e213f90090bc7497a341d701e98a6/element - {"using":"xpath","value":"(//li[contains(text(), \"stock increase yard\")])[1]"}
RESULT: {"using":"xpath","value":"(//li[contains(text(), \"stock increase yard\")])[1]"}
COMMAND: POST /session/cd4e213f90090bc7497a341d701e98a6/element/f.3EFE59E47BCAC700A535F57DF4769BD4.d.C2453481F8F9FEC29B27A6A1E0450C91.e.17133/click - {}
RESULT: {}
COMMAND: GET /session/cd4e213f90090bc7497a341d701e98a6/screenshot - {}
RESULT: {}
RESULT: undefined
COMMAND: POST /session/cd4e213f90090bc7497a341d701e98a6/execute/async - {"script":"<script> [6424 bytes]","args":[{"element-6066-11e4-a52e-4f735466cecf":"f.3EFE59E47BCAC700A535F57DF4769BD4.d.C2453481F8F9FEC29B27A6A1E0450C91.e.17137"},"setValue",["5/22/25"]]}
RESULT: {"script":"<script> [6424 bytes]","args":[{"element-6066-11e4-a52e-4f735466cecf":"f.3EFE59E47BCAC700A535F57DF4769BD4.d.C2453481F8F9FEC29B27A6A1E0450C91.e.17137"},"setValue",["5/22/25"]]}
COMMAND: POST /session/cd4e213f90090bc7497a341d701e98a6/element - {"using":"xpath","value":"//input[@id=\"generalSectionFrg--receiveYard-inner\"]"}
RESULT: {"using":"xpath","value":"//input[@id=\"generalSectionFrg--receiveYard-inner\"]"}
COMMAND: POST /session/cd4e213f90090bc7497a341d701e98a6/element/f.3EFE59E47BCAC700A535F57DF4769BD4.d.C2453481F8F9FEC29B27A6A1E0450C91.e.17141/clear - {}
RESULT: {}
COMMAND: POST /session/cd4e213f90090bc7497a341d701e98a6/element/f.3EFE59E47BCAC700A535F57DF4769BD4.d.C2453481F8F9FEC29B27A6A1E0450C91.e.17141/value - {"text":"676"}
COMMAND: GET /session/cd4e213f90090bc7497a341d701e98a6/screenshot - {}
RESULT: {"text":"676"}
COMMAND: GET /session/cd4e213f90090bc7497a341d701e98a6/screenshot - {}
RESULT: {}
RESULT: {}
COMMAND: POST /session/cd4e213f90090bc7497a341d701e98a6/element - {"using":"xpath","value":"//li[.//span[text()='676']]"}
RESULT: {"using":"xpath","value":"//li[.//span[text()='676']]"}
COMMAND: POST /session/cd4e213f90090bc7497a341d701e98a6/element/f.3EFE59E47BCAC700A535F57DF4769BD4.d.C2453481F8F9FEC29B27A6A1E0450C91.e.17157/click - {}
RESULT: {}
COMMAND: GET /session/cd4e213f90090bc7497a341d701e98a6/screenshot - {}
RESULT: {}
RESULT: undefined
COMMAND: POST /session/cd4e213f90090bc7497a341d701e98a6/element - {"using":"xpath","value":"//*[@id=\"application-managehandovers-display-component---AddNewHO--ObjectPageLayout-anchBar-application-managehandovers-display-component---AddNewHO--section4-anchor\"]"}
RESULT: {"using":"xpath","value":"//*[@id=\"application-managehandovers-display-component---AddNewHO--ObjectPageLayout-anchBar-application-managehandovers-display-component---AddNewHO--section4-anchor\"]"}
COMMAND: POST /session/cd4e213f90090bc7497a341d701e98a6/element/f.3EFE59E47BCAC700A535F57DF4769BD4.d.C2453481F8F9FEC29B27A6A1E0450C91.e.17159/click - {}
RESULT: {}
COMMAND: POST /session/cd4e213f90090bc7497a341d701e98a6/element - {"using":"xpath","value":"//button[@aria-label=\"Add\"]"}
COMMAND: GET /session/cd4e213f90090bc7497a341d701e98a6/screenshot - {}
RESULT: {"using":"xpath","value":"//button[@aria-label=\"Add\"]"}
COMMAND: POST /session/cd4e213f90090bc7497a341d701e98a6/element/f.3EFE59E47BCAC700A535F57DF4769BD4.d.C2453481F8F9FEC29B27A6A1E0450C91.e.17161/click - {}
RESULT: {}
RESULT: {}
COMMAND: GET /session/cd4e213f90090bc7497a341d701e98a6/screenshot - {}
RESULT: {}
RESULT: undefined
COMMAND: POST /session/cd4e213f90090bc7497a341d701e98a6/execute/async - {"script":"<script> [776 bytes]","args":[{"enterText":"400054","selector":{"id":"application-managehandovers-display-component---AddNewHO--smartFilterBar-btnBasicSearch","searchOpenDialogs":true,"interaction":{"idSuffix":"I"}},"clearTextFirst":true,"interactionType":"ENTER_TEXT"}]}
RESULT: {"script":"<script> [776 bytes]","args":[{"enterText":"400054","selector":{"id":"application-managehandovers-display-component---AddNewHO--smartFilterBar-btnBasicSearch","searchOpenDialogs":true,"interaction":{"idSuffix":"I"}},"clearTextFirst":true,"interactionType":"ENTER_TEXT"}]}
COMMAND: POST /session/cd4e213f90090bc7497a341d701e98a6/actions - {"actions":[{"id":"action68","type":"key","parameters":{},"actions":[{"type":"keyDown","value":""},{"type":"pause","duration":10},{"type":"keyUp","value":""}]}]}
RESULT: {"actions":[{"id":"action68","type":"key","parameters":{},"actions":[{"type":"keyDown","value":""},{"type":"pause","duration":10},{"type":"keyUp","value":""}]}]}
COMMAND: GET /session/cd4e213f90090bc7497a341d701e98a6/screenshot - {}
RESULT: {}
RESULT: undefined
COMMAND: POST /session/cd4e213f90090bc7497a341d701e98a6/element - {"using":"xpath","value":"//*[@id=\"application-managehandovers-display-component---AddNewHO--popup-sa\"]"}
RESULT: {"using":"xpath","value":"//*[@id=\"application-managehandovers-display-component---AddNewHO--popup-sa\"]"}
COMMAND: POST /session/cd4e213f90090bc7497a341d701e98a6/element/f.3EFE59E47BCAC700A535F57DF4769BD4.d.C2453481F8F9FEC29B27A6A1E0450C91.e.17478/click - {}
RESULT: {}
COMMAND: GET /session/cd4e213f90090bc7497a341d701e98a6/screenshot - {}
RESULT: {}
COMMAND: POST /session/cd4e213f90090bc7497a341d701e98a6/element - {"using":"xpath","value":"//bdi[contains(text(), \"Select\")]"}
RESULT: {"using":"xpath","value":"//bdi[contains(text(), \"Select\")]"}
COMMAND: POST /session/cd4e213f90090bc7497a341d701e98a6/element/f.3EFE59E47BCAC700A535F57DF4769BD4.d.C2453481F8F9FEC29B27A6A1E0450C91.e.17479/click - {}
RESULT: {}
COMMAND: GET /session/cd4e213f90090bc7497a341d701e98a6/screenshot - {}
RESULT: {}
COMMAND: POST /session/cd4e213f90090bc7497a341d701e98a6/element - {"using":"xpath","value":"//button[@data-kt=\"AddNewHOSaveButton\"]"}
RESULT: {"using":"xpath","value":"//button[@data-kt=\"AddNewHOSaveButton\"]"}
COMMAND: POST /session/cd4e213f90090bc7497a341d701e98a6/element/f.3EFE59E47BCAC700A535F57DF4769BD4.d.C2453481F8F9FEC29B27A6A1E0450C91.e.17320/click - {}
RESULT: {}
COMMAND: GET /session/cd4e213f90090bc7497a341d701e98a6/screenshot - {}
RESULT: {}
RESULT: undefined
COMMAND: GET /session/cd4e213f90090bc7497a341d701e98a6/screenshot - {}
RESULT: {}
]]></system-out>
      <system-err><![CDATA[
TypeError: receiptDate.setValue is not a function
    at UtilsPrerequisites.stockIncrease (D:\a\1\s\test\specs\BTS\prerequisites-and-utils-functions.js:1664:27)
    at async Context.<anonymous> (D:\a\1\s\test\specs\HTR\transfer-yard-to-yard.spec.js:56:9)
]]></system-err>
    </testcase>
    <testcase classname="chrome.136_0_7103_93.windows.Transfer_Yard_to_Yard_US131076" name="Should create a yard to yard transfer handover" time="115.699">
      <failure/>
      <error message="Can't call setValue on element with selector &quot;//table[contains(@id,&quot;AddNewHO--TransferHOTypesRuDialogTable-listUl&quot;)]/tbody/tr[1]/td[6]/div/div/input&quot; because element wasn't found"/>
      <system-out><![CDATA[
RESULT: undefined
COMMAND: POST /session/cd4e213f90090bc7497a341d701e98a6/element - {"using":"xpath","value":"//*[@id=\"__tile133\"]"}
COMMAND: GET /session/cd4e213f90090bc7497a341d701e98a6/screenshot - {}
RESULT: {"using":"xpath","value":"//*[@id=\"__tile133\"]"}
COMMAND: POST /session/cd4e213f90090bc7497a341d701e98a6/element/f.3EFE59E47BCAC700A535F57DF4769BD4.d.C2453481F8F9FEC29B27A6A1E0450C91.e.14689/click - {}
RESULT: {}
COMMAND: POST /session/cd4e213f90090bc7497a341d701e98a6/elements - {"using":"xpath","value":"//span[text()='Error']"}
RESULT: {"using":"xpath","value":"//span[text()='Error']"}
COMMAND: POST /session/cd4e213f90090bc7497a341d701e98a6/elements - {"using":"xpath","value":"//*[text()='Close']"}
RESULT: {"using":"xpath","value":"//*[text()='Close']"}
COMMAND: GET /session/cd4e213f90090bc7497a341d701e98a6/element/f.3EFE59E47BCAC700A535F57DF4769BD4.d.C2453481F8F9FEC29B27A6A1E0450C91.e.17486/enabled - {}
RESULT: {}
COMMAND: POST /session/cd4e213f90090bc7497a341d701e98a6/execute/sync - {"script":"<script> [8489 bytes]","args":[{"element-6066-11e4-a52e-4f735466cecf":"f.3EFE59E47BCAC700A535F57DF4769BD4.d.C2453481F8F9FEC29B27A6A1E0450C91.e.17486","ELEMENT":"f.3EFE59E47BCAC700A535F57DF4769BD4.d.C2453481F8F9FEC29B27A6A1E0450C91.e.17486"}]}
COMMAND: GET /session/cd4e213f90090bc7497a341d701e98a6/screenshot - {}
RESULT: {"script":"<script> [8489 bytes]","args":[{"element-6066-11e4-a52e-4f735466cecf":"f.3EFE59E47BCAC700A535F57DF4769BD4.d.C2453481F8F9FEC29B27A6A1E0450C91.e.17486","ELEMENT":"f.3EFE59E47BCAC700A535F57DF4769BD4.d.C2453481F8F9FEC29B27A6A1E0450C91.e.17486"}]}
COMMAND: POST /session/cd4e213f90090bc7497a341d701e98a6/execute/sync - {"script":"<script> [5351 bytes]","args":[{"element-6066-11e4-a52e-4f735466cecf":"f.3EFE59E47BCAC700A535F57DF4769BD4.d.C2453481F8F9FEC29B27A6A1E0450C91.e.17486","ELEMENT":"f.3EFE59E47BCAC700A535F57DF4769BD4.d.C2453481F8F9FEC29B27A6A1E0450C91.e.17486"}]}
COMMAND: GET /session/cd4e213f90090bc7497a341d701e98a6/screenshot - {}
RESULT: {}
RESULT: {"script":"<script> [5351 bytes]","args":[{"element-6066-11e4-a52e-4f735466cecf":"f.3EFE59E47BCAC700A535F57DF4769BD4.d.C2453481F8F9FEC29B27A6A1E0450C91.e.17486","ELEMENT":"f.3EFE59E47BCAC700A535F57DF4769BD4.d.C2453481F8F9FEC29B27A6A1E0450C91.e.17486"}]}
COMMAND: POST /session/cd4e213f90090bc7497a341d701e98a6/element/f.3EFE59E47BCAC700A535F57DF4769BD4.d.C2453481F8F9FEC29B27A6A1E0450C91.e.17486/click - {}
COMMAND: GET /session/cd4e213f90090bc7497a341d701e98a6/screenshot - {}
RESULT: {}
RESULT: {}
COMMAND: POST /session/cd4e213f90090bc7497a341d701e98a6/elements - {"using":"xpath","value":"//*[text()='OK']"}
COMMAND: GET /session/cd4e213f90090bc7497a341d701e98a6/screenshot - {}
RESULT: {}
RESULT: {"using":"xpath","value":"//*[text()='OK']"}
COMMAND: POST /session/cd4e213f90090bc7497a341d701e98a6/element - {"using":"xpath","value":"//button[@data-kt=\"masterHOAddButton\"]"}
RESULT: {}
RESULT: {"using":"xpath","value":"//button[@data-kt=\"masterHOAddButton\"]"}
COMMAND: POST /session/cd4e213f90090bc7497a341d701e98a6/elements - {"using":"xpath","value":"//button[@data-kt=\"masterHOAddButton\"]"}
RESULT: {"using":"xpath","value":"//button[@data-kt=\"masterHOAddButton\"]"}
COMMAND: POST /session/cd4e213f90090bc7497a341d701e98a6/execute/sync - {"script":"<script> [8489 bytes]","args":[{"element-6066-11e4-a52e-4f735466cecf":"f.3EFE59E47BCAC700A535F57DF4769BD4.d.C2453481F8F9FEC29B27A6A1E0450C91.e.16783","ELEMENT":"f.3EFE59E47BCAC700A535F57DF4769BD4.d.C2453481F8F9FEC29B27A6A1E0450C91.e.16783"}]}
RESULT: {"script":"<script> [8489 bytes]","args":[{"element-6066-11e4-a52e-4f735466cecf":"f.3EFE59E47BCAC700A535F57DF4769BD4.d.C2453481F8F9FEC29B27A6A1E0450C91.e.16783","ELEMENT":"f.3EFE59E47BCAC700A535F57DF4769BD4.d.C2453481F8F9FEC29B27A6A1E0450C91.e.16783"}]}
COMMAND: GET /session/cd4e213f90090bc7497a341d701e98a6/element/f.3EFE59E47BCAC700A535F57DF4769BD4.d.C2453481F8F9FEC29B27A6A1E0450C91.e.16783/enabled - {}
COMMAND: GET /session/cd4e213f90090bc7497a341d701e98a6/screenshot - {}
RESULT: {}
COMMAND: POST /session/cd4e213f90090bc7497a341d701e98a6/execute/sync - {"script":"<script> [8489 bytes]","args":[{"element-6066-11e4-a52e-4f735466cecf":"f.3EFE59E47BCAC700A535F57DF4769BD4.d.C2453481F8F9FEC29B27A6A1E0450C91.e.16783","ELEMENT":"f.3EFE59E47BCAC700A535F57DF4769BD4.d.C2453481F8F9FEC29B27A6A1E0450C91.e.16783"}]}
COMMAND: GET /session/cd4e213f90090bc7497a341d701e98a6/screenshot - {}
RESULT: {}
RESULT: {"script":"<script> [8489 bytes]","args":[{"element-6066-11e4-a52e-4f735466cecf":"f.3EFE59E47BCAC700A535F57DF4769BD4.d.C2453481F8F9FEC29B27A6A1E0450C91.e.16783","ELEMENT":"f.3EFE59E47BCAC700A535F57DF4769BD4.d.C2453481F8F9FEC29B27A6A1E0450C91.e.16783"}]}
COMMAND: POST /session/cd4e213f90090bc7497a341d701e98a6/execute/sync - {"script":"<script> [5351 bytes]","args":[{"element-6066-11e4-a52e-4f735466cecf":"f.3EFE59E47BCAC700A535F57DF4769BD4.d.C2453481F8F9FEC29B27A6A1E0450C91.e.16783","ELEMENT":"f.3EFE59E47BCAC700A535F57DF4769BD4.d.C2453481F8F9FEC29B27A6A1E0450C91.e.16783"}]}
COMMAND: GET /session/cd4e213f90090bc7497a341d701e98a6/screenshot - {}
RESULT: {}
RESULT: {"script":"<script> [5351 bytes]","args":[{"element-6066-11e4-a52e-4f735466cecf":"f.3EFE59E47BCAC700A535F57DF4769BD4.d.C2453481F8F9FEC29B27A6A1E0450C91.e.16783","ELEMENT":"f.3EFE59E47BCAC700A535F57DF4769BD4.d.C2453481F8F9FEC29B27A6A1E0450C91.e.16783"}]}
COMMAND: POST /session/cd4e213f90090bc7497a341d701e98a6/element/f.3EFE59E47BCAC700A535F57DF4769BD4.d.C2453481F8F9FEC29B27A6A1E0450C91.e.16783/click - {}
COMMAND: GET /session/cd4e213f90090bc7497a341d701e98a6/screenshot - {}
RESULT: {}
RESULT: {}
COMMAND: GET /session/cd4e213f90090bc7497a341d701e98a6/screenshot - {}
RESULT: {}
RESULT: {}
COMMAND: POST /session/cd4e213f90090bc7497a341d701e98a6/element - {"using":"xpath","value":"//span[contains(@id ,\"AddNewHO--typeSelect-arrow\")]"}
RESULT: {"using":"xpath","value":"//span[contains(@id ,\"AddNewHO--typeSelect-arrow\")]"}
COMMAND: POST /session/cd4e213f90090bc7497a341d701e98a6/element/f.3EFE59E47BCAC700A535F57DF4769BD4.d.C2453481F8F9FEC29B27A6A1E0450C91.e.17326/click - {}
RESULT: {}
COMMAND: GET /session/cd4e213f90090bc7497a341d701e98a6/screenshot - {}
RESULT: {}
COMMAND: POST /session/cd4e213f90090bc7497a341d701e98a6/element - {"using":"xpath","value":"(//li[contains(text(), \"transfer\")])[1]"}
RESULT: {"using":"xpath","value":"(//li[contains(text(), \"transfer\")])[1]"}
COMMAND: POST /session/cd4e213f90090bc7497a341d701e98a6/element/f.3EFE59E47BCAC700A535F57DF4769BD4.d.C2453481F8F9FEC29B27A6A1E0450C91.e.17487/click - {}
RESULT: {}
COMMAND: GET /session/cd4e213f90090bc7497a341d701e98a6/screenshot - {}
RESULT: {}
RESULT: undefined
COMMAND: POST /session/cd4e213f90090bc7497a341d701e98a6/execute/async - {"script":"<script> [6424 bytes]","args":[{"element-6066-11e4-a52e-4f735466cecf":"f.3EFE59E47BCAC700A535F57DF4769BD4.d.C2453481F8F9FEC29B27A6A1E0450C91.e.17137"},"setValue",["05/22/25"]]}
COMMAND: POST /session/cd4e213f90090bc7497a341d701e98a6/execute/async - {"script":"<script> [1562 bytes]","args":[{"selector":{"id":"application-managehandovers-display-component---AddNewHO--dueDate","interaction":{"idSuffix":"inner"}},"wdio_ui5_key":"applicationmanagehandovers-display-component---AddNewHO--dueDate"}]}
RESULT: {"script":"<script> [1562 bytes]","args":[{"selector":{"id":"application-managehandovers-display-component---AddNewHO--dueDate","interaction":{"idSuffix":"inner"}},"wdio_ui5_key":"applicationmanagehandovers-display-component---AddNewHO--dueDate"}]}
COMMAND: POST /session/cd4e213f90090bc7497a341d701e98a6/execute/async - {"script":"<script> [6424 bytes]","args":[{"element-6066-11e4-a52e-4f735466cecf":"f.3EFE59E47BCAC700A535F57DF4769BD4.d.C2453481F8F9FEC29B27A6A1E0450C91.e.17512"},"setValue",["05/22/25"]]}
RESULT: {"script":"<script> [6424 bytes]","args":[{"element-6066-11e4-a52e-4f735466cecf":"f.3EFE59E47BCAC700A535F57DF4769BD4.d.C2453481F8F9FEC29B27A6A1E0450C91.e.17512"},"setValue",["05/22/25"]]}
COMMAND: POST /session/cd4e213f90090bc7497a341d701e98a6/element - {"using":"xpath","value":"//input[@id=\"generalSectionFrg--sendYard-inner\"]"}
RESULT: {"using":"xpath","value":"//input[@id=\"generalSectionFrg--sendYard-inner\"]"}
COMMAND: POST /session/cd4e213f90090bc7497a341d701e98a6/element/f.3EFE59E47BCAC700A535F57DF4769BD4.d.C2453481F8F9FEC29B27A6A1E0450C91.e.17516/clear - {}
RESULT: {}
COMMAND: POST /session/cd4e213f90090bc7497a341d701e98a6/element/f.3EFE59E47BCAC700A535F57DF4769BD4.d.C2453481F8F9FEC29B27A6A1E0450C91.e.17516/value - {"text":"676"}
COMMAND: GET /session/cd4e213f90090bc7497a341d701e98a6/screenshot - {}
RESULT: {"text":"676"}
COMMAND: GET /session/cd4e213f90090bc7497a341d701e98a6/screenshot - {}
RESULT: {}
RESULT: {}
COMMAND: POST /session/cd4e213f90090bc7497a341d701e98a6/element - {"using":"xpath","value":"//li[.//span[text()='676']]"}
RESULT: {"using":"xpath","value":"//li[.//span[text()='676']]"}
COMMAND: POST /session/cd4e213f90090bc7497a341d701e98a6/element/f.3EFE59E47BCAC700A535F57DF4769BD4.d.C2453481F8F9FEC29B27A6A1E0450C91.e.17536/click - {}
RESULT: {}
COMMAND: GET /session/cd4e213f90090bc7497a341d701e98a6/screenshot - {}
RESULT: {}
COMMAND: POST /session/cd4e213f90090bc7497a341d701e98a6/element - {"using":"xpath","value":"//input[@id=\"generalSectionFrg--receiveYard-inner\"]"}
RESULT: {"using":"xpath","value":"//input[@id=\"generalSectionFrg--receiveYard-inner\"]"}
COMMAND: POST /session/cd4e213f90090bc7497a341d701e98a6/element/f.3EFE59E47BCAC700A535F57DF4769BD4.d.C2453481F8F9FEC29B27A6A1E0450C91.e.17517/clear - {}
RESULT: {}
COMMAND: POST /session/cd4e213f90090bc7497a341d701e98a6/element/f.3EFE59E47BCAC700A535F57DF4769BD4.d.C2453481F8F9FEC29B27A6A1E0450C91.e.17517/value - {"text":"682"}
COMMAND: GET /session/cd4e213f90090bc7497a341d701e98a6/screenshot - {}
RESULT: {"text":"682"}
COMMAND: GET /session/cd4e213f90090bc7497a341d701e98a6/screenshot - {}
RESULT: {}
RESULT: {}
COMMAND: POST /session/cd4e213f90090bc7497a341d701e98a6/element - {"using":"xpath","value":"//li[.//span[text()='682']]"}
RESULT: {"using":"xpath","value":"//li[.//span[text()='682']]"}
COMMAND: POST /session/cd4e213f90090bc7497a341d701e98a6/element/f.3EFE59E47BCAC700A535F57DF4769BD4.d.C2453481F8F9FEC29B27A6A1E0450C91.e.17538/click - {}
RESULT: {}
COMMAND: GET /session/cd4e213f90090bc7497a341d701e98a6/screenshot - {}
RESULT: {}
RESULT: undefined
COMMAND: POST /session/cd4e213f90090bc7497a341d701e98a6/element - {"using":"xpath","value":"//*[@id=\"application-managehandovers-display-component---AddNewHO--ObjectPageLayout-anchBar-application-managehandovers-display-component---AddNewHO--section4-anchor\"]"}
RESULT: {"using":"xpath","value":"//*[@id=\"application-managehandovers-display-component---AddNewHO--ObjectPageLayout-anchBar-application-managehandovers-display-component---AddNewHO--section4-anchor\"]"}
COMMAND: POST /session/cd4e213f90090bc7497a341d701e98a6/element/f.3EFE59E47BCAC700A535F57DF4769BD4.d.C2453481F8F9FEC29B27A6A1E0450C91.e.17539/click - {}
RESULT: {}
COMMAND: GET /session/cd4e213f90090bc7497a341d701e98a6/screenshot - {}
RESULT: {}
COMMAND: POST /session/cd4e213f90090bc7497a341d701e98a6/element - {"using":"xpath","value":"//button[@data-kt=\"AddNewHOProvideAddItemsButton\"]"}
RESULT: {"using":"xpath","value":"//button[@data-kt=\"AddNewHOProvideAddItemsButton\"]"}
COMMAND: POST /session/cd4e213f90090bc7497a341d701e98a6/element/f.3EFE59E47BCAC700A535F57DF4769BD4.d.C2453481F8F9FEC29B27A6A1E0450C91.e.17542/click - {}
RESULT: {}
COMMAND: GET /session/cd4e213f90090bc7497a341d701e98a6/screenshot - {}
RESULT: {}
COMMAND: POST /session/cd4e213f90090bc7497a341d701e98a6/element - {"using":"xpath","value":"//div[contains(@id,\"AddNewHO--TransferHOTypesRuDialogTable-sa-CbBg\")]"}
RESULT: {"using":"xpath","value":"//div[contains(@id,\"AddNewHO--TransferHOTypesRuDialogTable-sa-CbBg\")]"}
COMMAND: POST /session/cd4e213f90090bc7497a341d701e98a6/element/f.3EFE59E47BCAC700A535F57DF4769BD4.d.C2453481F8F9FEC29B27A6A1E0450C91.e.17549/click - {}
RESULT: {}
COMMAND: GET /session/cd4e213f90090bc7497a341d701e98a6/screenshot - {}
RESULT: {}
COMMAND: POST /session/cd4e213f90090bc7497a341d701e98a6/element - {"using":"xpath","value":"//table[contains(@id,\"AddNewHO--TransferHOTypesRuDialogTable-listUl\")]/tbody/tr[1]/td[6]/div/div/input"}
RESULT: {"using":"xpath","value":"//table[contains(@id,\"AddNewHO--TransferHOTypesRuDialogTable-listUl\")]/tbody/tr[1]/td[6]/div/div/input"}
COMMAND: POST /session/cd4e213f90090bc7497a341d701e98a6/elements - {"using":"xpath","value":"//table[contains(@id,\"AddNewHO--TransferHOTypesRuDialogTable-listUl\")]/tbody/tr[1]/td[6]/div/div/input"}
RESULT: {"using":"xpath","value":"//table[contains(@id,\"AddNewHO--TransferHOTypesRuDialogTable-listUl\")]/tbody/tr[1]/td[6]/div/div/input"}
COMMAND: POST /session/cd4e213f90090bc7497a341d701e98a6/elements - {"using":"xpath","value":"//table[contains(@id,\"AddNewHO--TransferHOTypesRuDialogTable-listUl\")]/tbody/tr[1]/td[6]/div/div/input"}
RESULT: {"using":"xpath","value":"//table[contains(@id,\"AddNewHO--TransferHOTypesRuDialogTable-listUl\")]/tbody/tr[1]/td[6]/div/div/input"}
COMMAND: POST /session/cd4e213f90090bc7497a341d701e98a6/elements - {"using":"xpath","value":"//table[contains(@id,\"AddNewHO--TransferHOTypesRuDialogTable-listUl\")]/tbody/tr[1]/td[6]/div/div/input"}
RESULT: {"using":"xpath","value":"//table[contains(@id,\"AddNewHO--TransferHOTypesRuDialogTable-listUl\")]/tbody/tr[1]/td[6]/div/div/input"}
COMMAND: POST /session/cd4e213f90090bc7497a341d701e98a6/elements - {"using":"xpath","value":"//table[contains(@id,\"AddNewHO--TransferHOTypesRuDialogTable-listUl\")]/tbody/tr[1]/td[6]/div/div/input"}
RESULT: {"using":"xpath","value":"//table[contains(@id,\"AddNewHO--TransferHOTypesRuDialogTable-listUl\")]/tbody/tr[1]/td[6]/div/div/input"}
COMMAND: POST /session/cd4e213f90090bc7497a341d701e98a6/elements - {"using":"xpath","value":"//table[contains(@id,\"AddNewHO--TransferHOTypesRuDialogTable-listUl\")]/tbody/tr[1]/td[6]/div/div/input"}
RESULT: {"using":"xpath","value":"//table[contains(@id,\"AddNewHO--TransferHOTypesRuDialogTable-listUl\")]/tbody/tr[1]/td[6]/div/div/input"}
COMMAND: POST /session/cd4e213f90090bc7497a341d701e98a6/elements - {"using":"xpath","value":"//table[contains(@id,\"AddNewHO--TransferHOTypesRuDialogTable-listUl\")]/tbody/tr[1]/td[6]/div/div/input"}
RESULT: {"using":"xpath","value":"//table[contains(@id,\"AddNewHO--TransferHOTypesRuDialogTable-listUl\")]/tbody/tr[1]/td[6]/div/div/input"}
COMMAND: POST /session/cd4e213f90090bc7497a341d701e98a6/elements - {"using":"xpath","value":"//table[contains(@id,\"AddNewHO--TransferHOTypesRuDialogTable-listUl\")]/tbody/tr[1]/td[6]/div/div/input"}
RESULT: {"using":"xpath","value":"//table[contains(@id,\"AddNewHO--TransferHOTypesRuDialogTable-listUl\")]/tbody/tr[1]/td[6]/div/div/input"}
COMMAND: POST /session/cd4e213f90090bc7497a341d701e98a6/elements - {"using":"xpath","value":"//table[contains(@id,\"AddNewHO--TransferHOTypesRuDialogTable-listUl\")]/tbody/tr[1]/td[6]/div/div/input"}
RESULT: {"using":"xpath","value":"//table[contains(@id,\"AddNewHO--TransferHOTypesRuDialogTable-listUl\")]/tbody/tr[1]/td[6]/div/div/input"}
COMMAND: POST /session/cd4e213f90090bc7497a341d701e98a6/elements - {"using":"xpath","value":"//table[contains(@id,\"AddNewHO--TransferHOTypesRuDialogTable-listUl\")]/tbody/tr[1]/td[6]/div/div/input"}
RESULT: {"using":"xpath","value":"//table[contains(@id,\"AddNewHO--TransferHOTypesRuDialogTable-listUl\")]/tbody/tr[1]/td[6]/div/div/input"}
COMMAND: POST /session/cd4e213f90090bc7497a341d701e98a6/elements - {"using":"xpath","value":"//table[contains(@id,\"AddNewHO--TransferHOTypesRuDialogTable-listUl\")]/tbody/tr[1]/td[6]/div/div/input"}
RESULT: {"using":"xpath","value":"//table[contains(@id,\"AddNewHO--TransferHOTypesRuDialogTable-listUl\")]/tbody/tr[1]/td[6]/div/div/input"}
COMMAND: POST /session/cd4e213f90090bc7497a341d701e98a6/elements - {"using":"xpath","value":"//table[contains(@id,\"AddNewHO--TransferHOTypesRuDialogTable-listUl\")]/tbody/tr[1]/td[6]/div/div/input"}
RESULT: {"using":"xpath","value":"//table[contains(@id,\"AddNewHO--TransferHOTypesRuDialogTable-listUl\")]/tbody/tr[1]/td[6]/div/div/input"}
COMMAND: POST /session/cd4e213f90090bc7497a341d701e98a6/elements - {"using":"xpath","value":"//table[contains(@id,\"AddNewHO--TransferHOTypesRuDialogTable-listUl\")]/tbody/tr[1]/td[6]/div/div/input"}
RESULT: {"using":"xpath","value":"//table[contains(@id,\"AddNewHO--TransferHOTypesRuDialogTable-listUl\")]/tbody/tr[1]/td[6]/div/div/input"}
COMMAND: POST /session/cd4e213f90090bc7497a341d701e98a6/elements - {"using":"xpath","value":"//table[contains(@id,\"AddNewHO--TransferHOTypesRuDialogTable-listUl\")]/tbody/tr[1]/td[6]/div/div/input"}
RESULT: {"using":"xpath","value":"//table[contains(@id,\"AddNewHO--TransferHOTypesRuDialogTable-listUl\")]/tbody/tr[1]/td[6]/div/div/input"}
COMMAND: POST /session/cd4e213f90090bc7497a341d701e98a6/elements - {"using":"xpath","value":"//table[contains(@id,\"AddNewHO--TransferHOTypesRuDialogTable-listUl\")]/tbody/tr[1]/td[6]/div/div/input"}
RESULT: {"using":"xpath","value":"//table[contains(@id,\"AddNewHO--TransferHOTypesRuDialogTable-listUl\")]/tbody/tr[1]/td[6]/div/div/input"}
COMMAND: POST /session/cd4e213f90090bc7497a341d701e98a6/elements - {"using":"xpath","value":"//table[contains(@id,\"AddNewHO--TransferHOTypesRuDialogTable-listUl\")]/tbody/tr[1]/td[6]/div/div/input"}
RESULT: {"using":"xpath","value":"//table[contains(@id,\"AddNewHO--TransferHOTypesRuDialogTable-listUl\")]/tbody/tr[1]/td[6]/div/div/input"}
COMMAND: POST /session/cd4e213f90090bc7497a341d701e98a6/elements - {"using":"xpath","value":"//table[contains(@id,\"AddNewHO--TransferHOTypesRuDialogTable-listUl\")]/tbody/tr[1]/td[6]/div/div/input"}
RESULT: {"using":"xpath","value":"//table[contains(@id,\"AddNewHO--TransferHOTypesRuDialogTable-listUl\")]/tbody/tr[1]/td[6]/div/div/input"}
COMMAND: POST /session/cd4e213f90090bc7497a341d701e98a6/elements - {"using":"xpath","value":"//table[contains(@id,\"AddNewHO--TransferHOTypesRuDialogTable-listUl\")]/tbody/tr[1]/td[6]/div/div/input"}
RESULT: {"using":"xpath","value":"//table[contains(@id,\"AddNewHO--TransferHOTypesRuDialogTable-listUl\")]/tbody/tr[1]/td[6]/div/div/input"}
COMMAND: POST /session/cd4e213f90090bc7497a341d701e98a6/elements - {"using":"xpath","value":"//table[contains(@id,\"AddNewHO--TransferHOTypesRuDialogTable-listUl\")]/tbody/tr[1]/td[6]/div/div/input"}
RESULT: {"using":"xpath","value":"//table[contains(@id,\"AddNewHO--TransferHOTypesRuDialogTable-listUl\")]/tbody/tr[1]/td[6]/div/div/input"}
COMMAND: POST /session/cd4e213f90090bc7497a341d701e98a6/elements - {"using":"xpath","value":"//table[contains(@id,\"AddNewHO--TransferHOTypesRuDialogTable-listUl\")]/tbody/tr[1]/td[6]/div/div/input"}
RESULT: {"using":"xpath","value":"//table[contains(@id,\"AddNewHO--TransferHOTypesRuDialogTable-listUl\")]/tbody/tr[1]/td[6]/div/div/input"}
COMMAND: POST /session/cd4e213f90090bc7497a341d701e98a6/elements - {"using":"xpath","value":"//table[contains(@id,\"AddNewHO--TransferHOTypesRuDialogTable-listUl\")]/tbody/tr[1]/td[6]/div/div/input"}
RESULT: {"using":"xpath","value":"//table[contains(@id,\"AddNewHO--TransferHOTypesRuDialogTable-listUl\")]/tbody/tr[1]/td[6]/div/div/input"}
COMMAND: POST /session/cd4e213f90090bc7497a341d701e98a6/elements - {"using":"xpath","value":"//table[contains(@id,\"AddNewHO--TransferHOTypesRuDialogTable-listUl\")]/tbody/tr[1]/td[6]/div/div/input"}
RESULT: {"using":"xpath","value":"//table[contains(@id,\"AddNewHO--TransferHOTypesRuDialogTable-listUl\")]/tbody/tr[1]/td[6]/div/div/input"}
COMMAND: POST /session/cd4e213f90090bc7497a341d701e98a6/elements - {"using":"xpath","value":"//table[contains(@id,\"AddNewHO--TransferHOTypesRuDialogTable-listUl\")]/tbody/tr[1]/td[6]/div/div/input"}
RESULT: {"using":"xpath","value":"//table[contains(@id,\"AddNewHO--TransferHOTypesRuDialogTable-listUl\")]/tbody/tr[1]/td[6]/div/div/input"}
COMMAND: POST /session/cd4e213f90090bc7497a341d701e98a6/elements - {"using":"xpath","value":"//table[contains(@id,\"AddNewHO--TransferHOTypesRuDialogTable-listUl\")]/tbody/tr[1]/td[6]/div/div/input"}
RESULT: {"using":"xpath","value":"//table[contains(@id,\"AddNewHO--TransferHOTypesRuDialogTable-listUl\")]/tbody/tr[1]/td[6]/div/div/input"}
COMMAND: POST /session/cd4e213f90090bc7497a341d701e98a6/elements - {"using":"xpath","value":"//table[contains(@id,\"AddNewHO--TransferHOTypesRuDialogTable-listUl\")]/tbody/tr[1]/td[6]/div/div/input"}
RESULT: {"using":"xpath","value":"//table[contains(@id,\"AddNewHO--TransferHOTypesRuDialogTable-listUl\")]/tbody/tr[1]/td[6]/div/div/input"}
COMMAND: POST /session/cd4e213f90090bc7497a341d701e98a6/elements - {"using":"xpath","value":"//table[contains(@id,\"AddNewHO--TransferHOTypesRuDialogTable-listUl\")]/tbody/tr[1]/td[6]/div/div/input"}
RESULT: {"using":"xpath","value":"//table[contains(@id,\"AddNewHO--TransferHOTypesRuDialogTable-listUl\")]/tbody/tr[1]/td[6]/div/div/input"}
COMMAND: POST /session/cd4e213f90090bc7497a341d701e98a6/elements - {"using":"xpath","value":"//table[contains(@id,\"AddNewHO--TransferHOTypesRuDialogTable-listUl\")]/tbody/tr[1]/td[6]/div/div/input"}
RESULT: {"using":"xpath","value":"//table[contains(@id,\"AddNewHO--TransferHOTypesRuDialogTable-listUl\")]/tbody/tr[1]/td[6]/div/div/input"}
COMMAND: POST /session/cd4e213f90090bc7497a341d701e98a6/elements - {"using":"xpath","value":"//table[contains(@id,\"AddNewHO--TransferHOTypesRuDialogTable-listUl\")]/tbody/tr[1]/td[6]/div/div/input"}
RESULT: {"using":"xpath","value":"//table[contains(@id,\"AddNewHO--TransferHOTypesRuDialogTable-listUl\")]/tbody/tr[1]/td[6]/div/div/input"}
COMMAND: POST /session/cd4e213f90090bc7497a341d701e98a6/elements - {"using":"xpath","value":"//table[contains(@id,\"AddNewHO--TransferHOTypesRuDialogTable-listUl\")]/tbody/tr[1]/td[6]/div/div/input"}
RESULT: {"using":"xpath","value":"//table[contains(@id,\"AddNewHO--TransferHOTypesRuDialogTable-listUl\")]/tbody/tr[1]/td[6]/div/div/input"}
COMMAND: POST /session/cd4e213f90090bc7497a341d701e98a6/elements - {"using":"xpath","value":"//table[contains(@id,\"AddNewHO--TransferHOTypesRuDialogTable-listUl\")]/tbody/tr[1]/td[6]/div/div/input"}
RESULT: {"using":"xpath","value":"//table[contains(@id,\"AddNewHO--TransferHOTypesRuDialogTable-listUl\")]/tbody/tr[1]/td[6]/div/div/input"}
COMMAND: POST /session/cd4e213f90090bc7497a341d701e98a6/elements - {"using":"xpath","value":"//table[contains(@id,\"AddNewHO--TransferHOTypesRuDialogTable-listUl\")]/tbody/tr[1]/td[6]/div/div/input"}
RESULT: {"using":"xpath","value":"//table[contains(@id,\"AddNewHO--TransferHOTypesRuDialogTable-listUl\")]/tbody/tr[1]/td[6]/div/div/input"}
COMMAND: POST /session/cd4e213f90090bc7497a341d701e98a6/elements - {"using":"xpath","value":"//table[contains(@id,\"AddNewHO--TransferHOTypesRuDialogTable-listUl\")]/tbody/tr[1]/td[6]/div/div/input"}
RESULT: {"using":"xpath","value":"//table[contains(@id,\"AddNewHO--TransferHOTypesRuDialogTable-listUl\")]/tbody/tr[1]/td[6]/div/div/input"}
COMMAND: POST /session/cd4e213f90090bc7497a341d701e98a6/elements - {"using":"xpath","value":"//table[contains(@id,\"AddNewHO--TransferHOTypesRuDialogTable-listUl\")]/tbody/tr[1]/td[6]/div/div/input"}
RESULT: {"using":"xpath","value":"//table[contains(@id,\"AddNewHO--TransferHOTypesRuDialogTable-listUl\")]/tbody/tr[1]/td[6]/div/div/input"}
COMMAND: POST /session/cd4e213f90090bc7497a341d701e98a6/elements - {"using":"xpath","value":"//table[contains(@id,\"AddNewHO--TransferHOTypesRuDialogTable-listUl\")]/tbody/tr[1]/td[6]/div/div/input"}
RESULT: {"using":"xpath","value":"//table[contains(@id,\"AddNewHO--TransferHOTypesRuDialogTable-listUl\")]/tbody/tr[1]/td[6]/div/div/input"}
COMMAND: POST /session/cd4e213f90090bc7497a341d701e98a6/elements - {"using":"xpath","value":"//table[contains(@id,\"AddNewHO--TransferHOTypesRuDialogTable-listUl\")]/tbody/tr[1]/td[6]/div/div/input"}
RESULT: {"using":"xpath","value":"//table[contains(@id,\"AddNewHO--TransferHOTypesRuDialogTable-listUl\")]/tbody/tr[1]/td[6]/div/div/input"}
COMMAND: POST /session/cd4e213f90090bc7497a341d701e98a6/elements - {"using":"xpath","value":"//table[contains(@id,\"AddNewHO--TransferHOTypesRuDialogTable-listUl\")]/tbody/tr[1]/td[6]/div/div/input"}
RESULT: {"using":"xpath","value":"//table[contains(@id,\"AddNewHO--TransferHOTypesRuDialogTable-listUl\")]/tbody/tr[1]/td[6]/div/div/input"}
COMMAND: POST /session/cd4e213f90090bc7497a341d701e98a6/elements - {"using":"xpath","value":"//table[contains(@id,\"AddNewHO--TransferHOTypesRuDialogTable-listUl\")]/tbody/tr[1]/td[6]/div/div/input"}
RESULT: {"using":"xpath","value":"//table[contains(@id,\"AddNewHO--TransferHOTypesRuDialogTable-listUl\")]/tbody/tr[1]/td[6]/div/div/input"}
COMMAND: POST /session/cd4e213f90090bc7497a341d701e98a6/elements - {"using":"xpath","value":"//table[contains(@id,\"AddNewHO--TransferHOTypesRuDialogTable-listUl\")]/tbody/tr[1]/td[6]/div/div/input"}
RESULT: {"using":"xpath","value":"//table[contains(@id,\"AddNewHO--TransferHOTypesRuDialogTable-listUl\")]/tbody/tr[1]/td[6]/div/div/input"}
COMMAND: POST /session/cd4e213f90090bc7497a341d701e98a6/elements - {"using":"xpath","value":"//table[contains(@id,\"AddNewHO--TransferHOTypesRuDialogTable-listUl\")]/tbody/tr[1]/td[6]/div/div/input"}
RESULT: {"using":"xpath","value":"//table[contains(@id,\"AddNewHO--TransferHOTypesRuDialogTable-listUl\")]/tbody/tr[1]/td[6]/div/div/input"}
COMMAND: POST /session/cd4e213f90090bc7497a341d701e98a6/elements - {"using":"xpath","value":"//table[contains(@id,\"AddNewHO--TransferHOTypesRuDialogTable-listUl\")]/tbody/tr[1]/td[6]/div/div/input"}
RESULT: {"using":"xpath","value":"//table[contains(@id,\"AddNewHO--TransferHOTypesRuDialogTable-listUl\")]/tbody/tr[1]/td[6]/div/div/input"}
COMMAND: POST /session/cd4e213f90090bc7497a341d701e98a6/elements - {"using":"xpath","value":"//table[contains(@id,\"AddNewHO--TransferHOTypesRuDialogTable-listUl\")]/tbody/tr[1]/td[6]/div/div/input"}
RESULT: {"using":"xpath","value":"//table[contains(@id,\"AddNewHO--TransferHOTypesRuDialogTable-listUl\")]/tbody/tr[1]/td[6]/div/div/input"}
COMMAND: POST /session/cd4e213f90090bc7497a341d701e98a6/elements - {"using":"xpath","value":"//table[contains(@id,\"AddNewHO--TransferHOTypesRuDialogTable-listUl\")]/tbody/tr[1]/td[6]/div/div/input"}
RESULT: {"using":"xpath","value":"//table[contains(@id,\"AddNewHO--TransferHOTypesRuDialogTable-listUl\")]/tbody/tr[1]/td[6]/div/div/input"}
COMMAND: POST /session/cd4e213f90090bc7497a341d701e98a6/elements - {"using":"xpath","value":"//table[contains(@id,\"AddNewHO--TransferHOTypesRuDialogTable-listUl\")]/tbody/tr[1]/td[6]/div/div/input"}
RESULT: {"using":"xpath","value":"//table[contains(@id,\"AddNewHO--TransferHOTypesRuDialogTable-listUl\")]/tbody/tr[1]/td[6]/div/div/input"}
COMMAND: POST /session/cd4e213f90090bc7497a341d701e98a6/elements - {"using":"xpath","value":"//table[contains(@id,\"AddNewHO--TransferHOTypesRuDialogTable-listUl\")]/tbody/tr[1]/td[6]/div/div/input"}
RESULT: {"using":"xpath","value":"//table[contains(@id,\"AddNewHO--TransferHOTypesRuDialogTable-listUl\")]/tbody/tr[1]/td[6]/div/div/input"}
COMMAND: POST /session/cd4e213f90090bc7497a341d701e98a6/elements - {"using":"xpath","value":"//table[contains(@id,\"AddNewHO--TransferHOTypesRuDialogTable-listUl\")]/tbody/tr[1]/td[6]/div/div/input"}
RESULT: {"using":"xpath","value":"//table[contains(@id,\"AddNewHO--TransferHOTypesRuDialogTable-listUl\")]/tbody/tr[1]/td[6]/div/div/input"}
COMMAND: POST /session/cd4e213f90090bc7497a341d701e98a6/elements - {"using":"xpath","value":"//table[contains(@id,\"AddNewHO--TransferHOTypesRuDialogTable-listUl\")]/tbody/tr[1]/td[6]/div/div/input"}
RESULT: {"using":"xpath","value":"//table[contains(@id,\"AddNewHO--TransferHOTypesRuDialogTable-listUl\")]/tbody/tr[1]/td[6]/div/div/input"}
COMMAND: POST /session/cd4e213f90090bc7497a341d701e98a6/elements - {"using":"xpath","value":"//table[contains(@id,\"AddNewHO--TransferHOTypesRuDialogTable-listUl\")]/tbody/tr[1]/td[6]/div/div/input"}
RESULT: {"using":"xpath","value":"//table[contains(@id,\"AddNewHO--TransferHOTypesRuDialogTable-listUl\")]/tbody/tr[1]/td[6]/div/div/input"}
COMMAND: POST /session/cd4e213f90090bc7497a341d701e98a6/elements - {"using":"xpath","value":"//table[contains(@id,\"AddNewHO--TransferHOTypesRuDialogTable-listUl\")]/tbody/tr[1]/td[6]/div/div/input"}
RESULT: {"using":"xpath","value":"//table[contains(@id,\"AddNewHO--TransferHOTypesRuDialogTable-listUl\")]/tbody/tr[1]/td[6]/div/div/input"}
COMMAND: POST /session/cd4e213f90090bc7497a341d701e98a6/elements - {"using":"xpath","value":"//table[contains(@id,\"AddNewHO--TransferHOTypesRuDialogTable-listUl\")]/tbody/tr[1]/td[6]/div/div/input"}
RESULT: {"using":"xpath","value":"//table[contains(@id,\"AddNewHO--TransferHOTypesRuDialogTable-listUl\")]/tbody/tr[1]/td[6]/div/div/input"}
COMMAND: POST /session/cd4e213f90090bc7497a341d701e98a6/elements - {"using":"xpath","value":"//table[contains(@id,\"AddNewHO--TransferHOTypesRuDialogTable-listUl\")]/tbody/tr[1]/td[6]/div/div/input"}
RESULT: {"using":"xpath","value":"//table[contains(@id,\"AddNewHO--TransferHOTypesRuDialogTable-listUl\")]/tbody/tr[1]/td[6]/div/div/input"}
COMMAND: POST /session/cd4e213f90090bc7497a341d701e98a6/elements - {"using":"xpath","value":"//table[contains(@id,\"AddNewHO--TransferHOTypesRuDialogTable-listUl\")]/tbody/tr[1]/td[6]/div/div/input"}
RESULT: {"using":"xpath","value":"//table[contains(@id,\"AddNewHO--TransferHOTypesRuDialogTable-listUl\")]/tbody/tr[1]/td[6]/div/div/input"}
COMMAND: POST /session/cd4e213f90090bc7497a341d701e98a6/elements - {"using":"xpath","value":"//table[contains(@id,\"AddNewHO--TransferHOTypesRuDialogTable-listUl\")]/tbody/tr[1]/td[6]/div/div/input"}
RESULT: {"using":"xpath","value":"//table[contains(@id,\"AddNewHO--TransferHOTypesRuDialogTable-listUl\")]/tbody/tr[1]/td[6]/div/div/input"}
COMMAND: POST /session/cd4e213f90090bc7497a341d701e98a6/elements - {"using":"xpath","value":"//table[contains(@id,\"AddNewHO--TransferHOTypesRuDialogTable-listUl\")]/tbody/tr[1]/td[6]/div/div/input"}
RESULT: {"using":"xpath","value":"//table[contains(@id,\"AddNewHO--TransferHOTypesRuDialogTable-listUl\")]/tbody/tr[1]/td[6]/div/div/input"}
COMMAND: POST /session/cd4e213f90090bc7497a341d701e98a6/elements - {"using":"xpath","value":"//table[contains(@id,\"AddNewHO--TransferHOTypesRuDialogTable-listUl\")]/tbody/tr[1]/td[6]/div/div/input"}
RESULT: {"using":"xpath","value":"//table[contains(@id,\"AddNewHO--TransferHOTypesRuDialogTable-listUl\")]/tbody/tr[1]/td[6]/div/div/input"}
COMMAND: POST /session/cd4e213f90090bc7497a341d701e98a6/elements - {"using":"xpath","value":"//table[contains(@id,\"AddNewHO--TransferHOTypesRuDialogTable-listUl\")]/tbody/tr[1]/td[6]/div/div/input"}
RESULT: {"using":"xpath","value":"//table[contains(@id,\"AddNewHO--TransferHOTypesRuDialogTable-listUl\")]/tbody/tr[1]/td[6]/div/div/input"}
COMMAND: POST /session/cd4e213f90090bc7497a341d701e98a6/elements - {"using":"xpath","value":"//table[contains(@id,\"AddNewHO--TransferHOTypesRuDialogTable-listUl\")]/tbody/tr[1]/td[6]/div/div/input"}
RESULT: {"using":"xpath","value":"//table[contains(@id,\"AddNewHO--TransferHOTypesRuDialogTable-listUl\")]/tbody/tr[1]/td[6]/div/div/input"}
COMMAND: POST /session/cd4e213f90090bc7497a341d701e98a6/elements - {"using":"xpath","value":"//table[contains(@id,\"AddNewHO--TransferHOTypesRuDialogTable-listUl\")]/tbody/tr[1]/td[6]/div/div/input"}
RESULT: {"using":"xpath","value":"//table[contains(@id,\"AddNewHO--TransferHOTypesRuDialogTable-listUl\")]/tbody/tr[1]/td[6]/div/div/input"}
COMMAND: POST /session/cd4e213f90090bc7497a341d701e98a6/elements - {"using":"xpath","value":"//table[contains(@id,\"AddNewHO--TransferHOTypesRuDialogTable-listUl\")]/tbody/tr[1]/td[6]/div/div/input"}
RESULT: {"using":"xpath","value":"//table[contains(@id,\"AddNewHO--TransferHOTypesRuDialogTable-listUl\")]/tbody/tr[1]/td[6]/div/div/input"}
COMMAND: POST /session/cd4e213f90090bc7497a341d701e98a6/elements - {"using":"xpath","value":"//table[contains(@id,\"AddNewHO--TransferHOTypesRuDialogTable-listUl\")]/tbody/tr[1]/td[6]/div/div/input"}
RESULT: {"using":"xpath","value":"//table[contains(@id,\"AddNewHO--TransferHOTypesRuDialogTable-listUl\")]/tbody/tr[1]/td[6]/div/div/input"}
COMMAND: POST /session/cd4e213f90090bc7497a341d701e98a6/elements - {"using":"xpath","value":"//table[contains(@id,\"AddNewHO--TransferHOTypesRuDialogTable-listUl\")]/tbody/tr[1]/td[6]/div/div/input"}
RESULT: {"using":"xpath","value":"//table[contains(@id,\"AddNewHO--TransferHOTypesRuDialogTable-listUl\")]/tbody/tr[1]/td[6]/div/div/input"}
COMMAND: POST /session/cd4e213f90090bc7497a341d701e98a6/elements - {"using":"xpath","value":"//table[contains(@id,\"AddNewHO--TransferHOTypesRuDialogTable-listUl\")]/tbody/tr[1]/td[6]/div/div/input"}
RESULT: {"using":"xpath","value":"//table[contains(@id,\"AddNewHO--TransferHOTypesRuDialogTable-listUl\")]/tbody/tr[1]/td[6]/div/div/input"}
COMMAND: POST /session/cd4e213f90090bc7497a341d701e98a6/elements - {"using":"xpath","value":"//table[contains(@id,\"AddNewHO--TransferHOTypesRuDialogTable-listUl\")]/tbody/tr[1]/td[6]/div/div/input"}
RESULT: {"using":"xpath","value":"//table[contains(@id,\"AddNewHO--TransferHOTypesRuDialogTable-listUl\")]/tbody/tr[1]/td[6]/div/div/input"}
COMMAND: POST /session/cd4e213f90090bc7497a341d701e98a6/elements - {"using":"xpath","value":"//table[contains(@id,\"AddNewHO--TransferHOTypesRuDialogTable-listUl\")]/tbody/tr[1]/td[6]/div/div/input"}
RESULT: {"using":"xpath","value":"//table[contains(@id,\"AddNewHO--TransferHOTypesRuDialogTable-listUl\")]/tbody/tr[1]/td[6]/div/div/input"}
COMMAND: POST /session/cd4e213f90090bc7497a341d701e98a6/elements - {"using":"xpath","value":"//table[contains(@id,\"AddNewHO--TransferHOTypesRuDialogTable-listUl\")]/tbody/tr[1]/td[6]/div/div/input"}
RESULT: {"using":"xpath","value":"//table[contains(@id,\"AddNewHO--TransferHOTypesRuDialogTable-listUl\")]/tbody/tr[1]/td[6]/div/div/input"}
COMMAND: POST /session/cd4e213f90090bc7497a341d701e98a6/elements - {"using":"xpath","value":"//table[contains(@id,\"AddNewHO--TransferHOTypesRuDialogTable-listUl\")]/tbody/tr[1]/td[6]/div/div/input"}
RESULT: {"using":"xpath","value":"//table[contains(@id,\"AddNewHO--TransferHOTypesRuDialogTable-listUl\")]/tbody/tr[1]/td[6]/div/div/input"}
COMMAND: POST /session/cd4e213f90090bc7497a341d701e98a6/elements - {"using":"xpath","value":"//table[contains(@id,\"AddNewHO--TransferHOTypesRuDialogTable-listUl\")]/tbody/tr[1]/td[6]/div/div/input"}
RESULT: {"using":"xpath","value":"//table[contains(@id,\"AddNewHO--TransferHOTypesRuDialogTable-listUl\")]/tbody/tr[1]/td[6]/div/div/input"}
COMMAND: POST /session/cd4e213f90090bc7497a341d701e98a6/elements - {"using":"xpath","value":"//table[contains(@id,\"AddNewHO--TransferHOTypesRuDialogTable-listUl\")]/tbody/tr[1]/td[6]/div/div/input"}
RESULT: {"using":"xpath","value":"//table[contains(@id,\"AddNewHO--TransferHOTypesRuDialogTable-listUl\")]/tbody/tr[1]/td[6]/div/div/input"}
COMMAND: POST /session/cd4e213f90090bc7497a341d701e98a6/elements - {"using":"xpath","value":"//table[contains(@id,\"AddNewHO--TransferHOTypesRuDialogTable-listUl\")]/tbody/tr[1]/td[6]/div/div/input"}
RESULT: {"using":"xpath","value":"//table[contains(@id,\"AddNewHO--TransferHOTypesRuDialogTable-listUl\")]/tbody/tr[1]/td[6]/div/div/input"}
COMMAND: POST /session/cd4e213f90090bc7497a341d701e98a6/elements - {"using":"xpath","value":"//table[contains(@id,\"AddNewHO--TransferHOTypesRuDialogTable-listUl\")]/tbody/tr[1]/td[6]/div/div/input"}
RESULT: {"using":"xpath","value":"//table[contains(@id,\"AddNewHO--TransferHOTypesRuDialogTable-listUl\")]/tbody/tr[1]/td[6]/div/div/input"}
COMMAND: POST /session/cd4e213f90090bc7497a341d701e98a6/elements - {"using":"xpath","value":"//table[contains(@id,\"AddNewHO--TransferHOTypesRuDialogTable-listUl\")]/tbody/tr[1]/td[6]/div/div/input"}
RESULT: {"using":"xpath","value":"//table[contains(@id,\"AddNewHO--TransferHOTypesRuDialogTable-listUl\")]/tbody/tr[1]/td[6]/div/div/input"}
COMMAND: POST /session/cd4e213f90090bc7497a341d701e98a6/elements - {"using":"xpath","value":"//table[contains(@id,\"AddNewHO--TransferHOTypesRuDialogTable-listUl\")]/tbody/tr[1]/td[6]/div/div/input"}
RESULT: {"using":"xpath","value":"//table[contains(@id,\"AddNewHO--TransferHOTypesRuDialogTable-listUl\")]/tbody/tr[1]/td[6]/div/div/input"}
COMMAND: POST /session/cd4e213f90090bc7497a341d701e98a6/elements - {"using":"xpath","value":"//table[contains(@id,\"AddNewHO--TransferHOTypesRuDialogTable-listUl\")]/tbody/tr[1]/td[6]/div/div/input"}
RESULT: {"using":"xpath","value":"//table[contains(@id,\"AddNewHO--TransferHOTypesRuDialogTable-listUl\")]/tbody/tr[1]/td[6]/div/div/input"}
COMMAND: POST /session/cd4e213f90090bc7497a341d701e98a6/elements - {"using":"xpath","value":"//table[contains(@id,\"AddNewHO--TransferHOTypesRuDialogTable-listUl\")]/tbody/tr[1]/td[6]/div/div/input"}
RESULT: {"using":"xpath","value":"//table[contains(@id,\"AddNewHO--TransferHOTypesRuDialogTable-listUl\")]/tbody/tr[1]/td[6]/div/div/input"}
COMMAND: POST /session/cd4e213f90090bc7497a341d701e98a6/elements - {"using":"xpath","value":"//table[contains(@id,\"AddNewHO--TransferHOTypesRuDialogTable-listUl\")]/tbody/tr[1]/td[6]/div/div/input"}
RESULT: {"using":"xpath","value":"//table[contains(@id,\"AddNewHO--TransferHOTypesRuDialogTable-listUl\")]/tbody/tr[1]/td[6]/div/div/input"}
COMMAND: POST /session/cd4e213f90090bc7497a341d701e98a6/elements - {"using":"xpath","value":"//table[contains(@id,\"AddNewHO--TransferHOTypesRuDialogTable-listUl\")]/tbody/tr[1]/td[6]/div/div/input"}
RESULT: {"using":"xpath","value":"//table[contains(@id,\"AddNewHO--TransferHOTypesRuDialogTable-listUl\")]/tbody/tr[1]/td[6]/div/div/input"}
COMMAND: POST /session/cd4e213f90090bc7497a341d701e98a6/elements - {"using":"xpath","value":"//table[contains(@id,\"AddNewHO--TransferHOTypesRuDialogTable-listUl\")]/tbody/tr[1]/td[6]/div/div/input"}
RESULT: {"using":"xpath","value":"//table[contains(@id,\"AddNewHO--TransferHOTypesRuDialogTable-listUl\")]/tbody/tr[1]/td[6]/div/div/input"}
COMMAND: POST /session/cd4e213f90090bc7497a341d701e98a6/elements - {"using":"xpath","value":"//table[contains(@id,\"AddNewHO--TransferHOTypesRuDialogTable-listUl\")]/tbody/tr[1]/td[6]/div/div/input"}
RESULT: {"using":"xpath","value":"//table[contains(@id,\"AddNewHO--TransferHOTypesRuDialogTable-listUl\")]/tbody/tr[1]/td[6]/div/div/input"}
COMMAND: POST /session/cd4e213f90090bc7497a341d701e98a6/elements - {"using":"xpath","value":"//table[contains(@id,\"AddNewHO--TransferHOTypesRuDialogTable-listUl\")]/tbody/tr[1]/td[6]/div/div/input"}
RESULT: {"using":"xpath","value":"//table[contains(@id,\"AddNewHO--TransferHOTypesRuDialogTable-listUl\")]/tbody/tr[1]/td[6]/div/div/input"}
COMMAND: POST /session/cd4e213f90090bc7497a341d701e98a6/elements - {"using":"xpath","value":"//table[contains(@id,\"AddNewHO--TransferHOTypesRuDialogTable-listUl\")]/tbody/tr[1]/td[6]/div/div/input"}
RESULT: {"using":"xpath","value":"//table[contains(@id,\"AddNewHO--TransferHOTypesRuDialogTable-listUl\")]/tbody/tr[1]/td[6]/div/div/input"}
COMMAND: POST /session/cd4e213f90090bc7497a341d701e98a6/elements - {"using":"xpath","value":"//table[contains(@id,\"AddNewHO--TransferHOTypesRuDialogTable-listUl\")]/tbody/tr[1]/td[6]/div/div/input"}
RESULT: {"using":"xpath","value":"//table[contains(@id,\"AddNewHO--TransferHOTypesRuDialogTable-listUl\")]/tbody/tr[1]/td[6]/div/div/input"}
COMMAND: POST /session/cd4e213f90090bc7497a341d701e98a6/elements - {"using":"xpath","value":"//table[contains(@id,\"AddNewHO--TransferHOTypesRuDialogTable-listUl\")]/tbody/tr[1]/td[6]/div/div/input"}
RESULT: {"using":"xpath","value":"//table[contains(@id,\"AddNewHO--TransferHOTypesRuDialogTable-listUl\")]/tbody/tr[1]/td[6]/div/div/input"}
COMMAND: POST /session/cd4e213f90090bc7497a341d701e98a6/elements - {"using":"xpath","value":"//table[contains(@id,\"AddNewHO--TransferHOTypesRuDialogTable-listUl\")]/tbody/tr[1]/td[6]/div/div/input"}
RESULT: {"using":"xpath","value":"//table[contains(@id,\"AddNewHO--TransferHOTypesRuDialogTable-listUl\")]/tbody/tr[1]/td[6]/div/div/input"}
COMMAND: POST /session/cd4e213f90090bc7497a341d701e98a6/elements - {"using":"xpath","value":"//table[contains(@id,\"AddNewHO--TransferHOTypesRuDialogTable-listUl\")]/tbody/tr[1]/td[6]/div/div/input"}
RESULT: {"using":"xpath","value":"//table[contains(@id,\"AddNewHO--TransferHOTypesRuDialogTable-listUl\")]/tbody/tr[1]/td[6]/div/div/input"}
COMMAND: POST /session/cd4e213f90090bc7497a341d701e98a6/elements - {"using":"xpath","value":"//table[contains(@id,\"AddNewHO--TransferHOTypesRuDialogTable-listUl\")]/tbody/tr[1]/td[6]/div/div/input"}
RESULT: {"using":"xpath","value":"//table[contains(@id,\"AddNewHO--TransferHOTypesRuDialogTable-listUl\")]/tbody/tr[1]/td[6]/div/div/input"}
COMMAND: POST /session/cd4e213f90090bc7497a341d701e98a6/elements - {"using":"xpath","value":"//table[contains(@id,\"AddNewHO--TransferHOTypesRuDialogTable-listUl\")]/tbody/tr[1]/td[6]/div/div/input"}
RESULT: {"using":"xpath","value":"//table[contains(@id,\"AddNewHO--TransferHOTypesRuDialogTable-listUl\")]/tbody/tr[1]/td[6]/div/div/input"}
COMMAND: POST /session/cd4e213f90090bc7497a341d701e98a6/elements - {"using":"xpath","value":"//table[contains(@id,\"AddNewHO--TransferHOTypesRuDialogTable-listUl\")]/tbody/tr[1]/td[6]/div/div/input"}
RESULT: {"using":"xpath","value":"//table[contains(@id,\"AddNewHO--TransferHOTypesRuDialogTable-listUl\")]/tbody/tr[1]/td[6]/div/div/input"}
COMMAND: POST /session/cd4e213f90090bc7497a341d701e98a6/elements - {"using":"xpath","value":"//table[contains(@id,\"AddNewHO--TransferHOTypesRuDialogTable-listUl\")]/tbody/tr[1]/td[6]/div/div/input"}
RESULT: {"using":"xpath","value":"//table[contains(@id,\"AddNewHO--TransferHOTypesRuDialogTable-listUl\")]/tbody/tr[1]/td[6]/div/div/input"}
COMMAND: POST /session/cd4e213f90090bc7497a341d701e98a6/elements - {"using":"xpath","value":"//table[contains(@id,\"AddNewHO--TransferHOTypesRuDialogTable-listUl\")]/tbody/tr[1]/td[6]/div/div/input"}
RESULT: {"using":"xpath","value":"//table[contains(@id,\"AddNewHO--TransferHOTypesRuDialogTable-listUl\")]/tbody/tr[1]/td[6]/div/div/input"}
COMMAND: POST /session/cd4e213f90090bc7497a341d701e98a6/elements - {"using":"xpath","value":"//table[contains(@id,\"AddNewHO--TransferHOTypesRuDialogTable-listUl\")]/tbody/tr[1]/td[6]/div/div/input"}
RESULT: {"using":"xpath","value":"//table[contains(@id,\"AddNewHO--TransferHOTypesRuDialogTable-listUl\")]/tbody/tr[1]/td[6]/div/div/input"}
COMMAND: POST /session/cd4e213f90090bc7497a341d701e98a6/elements - {"using":"xpath","value":"//table[contains(@id,\"AddNewHO--TransferHOTypesRuDialogTable-listUl\")]/tbody/tr[1]/td[6]/div/div/input"}
RESULT: {"using":"xpath","value":"//table[contains(@id,\"AddNewHO--TransferHOTypesRuDialogTable-listUl\")]/tbody/tr[1]/td[6]/div/div/input"}
COMMAND: POST /session/cd4e213f90090bc7497a341d701e98a6/elements - {"using":"xpath","value":"//table[contains(@id,\"AddNewHO--TransferHOTypesRuDialogTable-listUl\")]/tbody/tr[1]/td[6]/div/div/input"}
RESULT: {"using":"xpath","value":"//table[contains(@id,\"AddNewHO--TransferHOTypesRuDialogTable-listUl\")]/tbody/tr[1]/td[6]/div/div/input"}
COMMAND: POST /session/cd4e213f90090bc7497a341d701e98a6/elements - {"using":"xpath","value":"//table[contains(@id,\"AddNewHO--TransferHOTypesRuDialogTable-listUl\")]/tbody/tr[1]/td[6]/div/div/input"}
RESULT: {"using":"xpath","value":"//table[contains(@id,\"AddNewHO--TransferHOTypesRuDialogTable-listUl\")]/tbody/tr[1]/td[6]/div/div/input"}
COMMAND: POST /session/cd4e213f90090bc7497a341d701e98a6/elements - {"using":"xpath","value":"//table[contains(@id,\"AddNewHO--TransferHOTypesRuDialogTable-listUl\")]/tbody/tr[1]/td[6]/div/div/input"}
RESULT: {"using":"xpath","value":"//table[contains(@id,\"AddNewHO--TransferHOTypesRuDialogTable-listUl\")]/tbody/tr[1]/td[6]/div/div/input"}
COMMAND: POST /session/cd4e213f90090bc7497a341d701e98a6/elements - {"using":"xpath","value":"//table[contains(@id,\"AddNewHO--TransferHOTypesRuDialogTable-listUl\")]/tbody/tr[1]/td[6]/div/div/input"}
RESULT: {"using":"xpath","value":"//table[contains(@id,\"AddNewHO--TransferHOTypesRuDialogTable-listUl\")]/tbody/tr[1]/td[6]/div/div/input"}
COMMAND: POST /session/cd4e213f90090bc7497a341d701e98a6/elements - {"using":"xpath","value":"//table[contains(@id,\"AddNewHO--TransferHOTypesRuDialogTable-listUl\")]/tbody/tr[1]/td[6]/div/div/input"}
RESULT: {"using":"xpath","value":"//table[contains(@id,\"AddNewHO--TransferHOTypesRuDialogTable-listUl\")]/tbody/tr[1]/td[6]/div/div/input"}
COMMAND: POST /session/cd4e213f90090bc7497a341d701e98a6/elements - {"using":"xpath","value":"//table[contains(@id,\"AddNewHO--TransferHOTypesRuDialogTable-listUl\")]/tbody/tr[1]/td[6]/div/div/input"}
RESULT: {"using":"xpath","value":"//table[contains(@id,\"AddNewHO--TransferHOTypesRuDialogTable-listUl\")]/tbody/tr[1]/td[6]/div/div/input"}
COMMAND: POST /session/cd4e213f90090bc7497a341d701e98a6/elements - {"using":"xpath","value":"//table[contains(@id,\"AddNewHO--TransferHOTypesRuDialogTable-listUl\")]/tbody/tr[1]/td[6]/div/div/input"}
RESULT: {"using":"xpath","value":"//table[contains(@id,\"AddNewHO--TransferHOTypesRuDialogTable-listUl\")]/tbody/tr[1]/td[6]/div/div/input"}
COMMAND: POST /session/cd4e213f90090bc7497a341d701e98a6/elements - {"using":"xpath","value":"//table[contains(@id,\"AddNewHO--TransferHOTypesRuDialogTable-listUl\")]/tbody/tr[1]/td[6]/div/div/input"}
RESULT: {"using":"xpath","value":"//table[contains(@id,\"AddNewHO--TransferHOTypesRuDialogTable-listUl\")]/tbody/tr[1]/td[6]/div/div/input"}
COMMAND: POST /session/cd4e213f90090bc7497a341d701e98a6/elements - {"using":"xpath","value":"//table[contains(@id,\"AddNewHO--TransferHOTypesRuDialogTable-listUl\")]/tbody/tr[1]/td[6]/div/div/input"}
RESULT: {"using":"xpath","value":"//table[contains(@id,\"AddNewHO--TransferHOTypesRuDialogTable-listUl\")]/tbody/tr[1]/td[6]/div/div/input"}
COMMAND: POST /session/cd4e213f90090bc7497a341d701e98a6/elements - {"using":"xpath","value":"//table[contains(@id,\"AddNewHO--TransferHOTypesRuDialogTable-listUl\")]/tbody/tr[1]/td[6]/div/div/input"}
RESULT: {"using":"xpath","value":"//table[contains(@id,\"AddNewHO--TransferHOTypesRuDialogTable-listUl\")]/tbody/tr[1]/td[6]/div/div/input"}
COMMAND: POST /session/cd4e213f90090bc7497a341d701e98a6/elements - {"using":"xpath","value":"//table[contains(@id,\"AddNewHO--TransferHOTypesRuDialogTable-listUl\")]/tbody/tr[1]/td[6]/div/div/input"}
RESULT: {"using":"xpath","value":"//table[contains(@id,\"AddNewHO--TransferHOTypesRuDialogTable-listUl\")]/tbody/tr[1]/td[6]/div/div/input"}
COMMAND: POST /session/cd4e213f90090bc7497a341d701e98a6/elements - {"using":"xpath","value":"//table[contains(@id,\"AddNewHO--TransferHOTypesRuDialogTable-listUl\")]/tbody/tr[1]/td[6]/div/div/input"}
RESULT: {"using":"xpath","value":"//table[contains(@id,\"AddNewHO--TransferHOTypesRuDialogTable-listUl\")]/tbody/tr[1]/td[6]/div/div/input"}
COMMAND: POST /session/cd4e213f90090bc7497a341d701e98a6/elements - {"using":"xpath","value":"//table[contains(@id,\"AddNewHO--TransferHOTypesRuDialogTable-listUl\")]/tbody/tr[1]/td[6]/div/div/input"}
RESULT: {"using":"xpath","value":"//table[contains(@id,\"AddNewHO--TransferHOTypesRuDialogTable-listUl\")]/tbody/tr[1]/td[6]/div/div/input"}
COMMAND: POST /session/cd4e213f90090bc7497a341d701e98a6/elements - {"using":"xpath","value":"//table[contains(@id,\"AddNewHO--TransferHOTypesRuDialogTable-listUl\")]/tbody/tr[1]/td[6]/div/div/input"}
RESULT: {"using":"xpath","value":"//table[contains(@id,\"AddNewHO--TransferHOTypesRuDialogTable-listUl\")]/tbody/tr[1]/td[6]/div/div/input"}
COMMAND: POST /session/cd4e213f90090bc7497a341d701e98a6/elements - {"using":"xpath","value":"//table[contains(@id,\"AddNewHO--TransferHOTypesRuDialogTable-listUl\")]/tbody/tr[1]/td[6]/div/div/input"}
RESULT: {"using":"xpath","value":"//table[contains(@id,\"AddNewHO--TransferHOTypesRuDialogTable-listUl\")]/tbody/tr[1]/td[6]/div/div/input"}
COMMAND: POST /session/cd4e213f90090bc7497a341d701e98a6/elements - {"using":"xpath","value":"//table[contains(@id,\"AddNewHO--TransferHOTypesRuDialogTable-listUl\")]/tbody/tr[1]/td[6]/div/div/input"}
RESULT: {"using":"xpath","value":"//table[contains(@id,\"AddNewHO--TransferHOTypesRuDialogTable-listUl\")]/tbody/tr[1]/td[6]/div/div/input"}
COMMAND: POST /session/cd4e213f90090bc7497a341d701e98a6/elements - {"using":"xpath","value":"//table[contains(@id,\"AddNewHO--TransferHOTypesRuDialogTable-listUl\")]/tbody/tr[1]/td[6]/div/div/input"}
RESULT: {"using":"xpath","value":"//table[contains(@id,\"AddNewHO--TransferHOTypesRuDialogTable-listUl\")]/tbody/tr[1]/td[6]/div/div/input"}
COMMAND: POST /session/cd4e213f90090bc7497a341d701e98a6/elements - {"using":"xpath","value":"//table[contains(@id,\"AddNewHO--TransferHOTypesRuDialogTable-listUl\")]/tbody/tr[1]/td[6]/div/div/input"}
RESULT: {"using":"xpath","value":"//table[contains(@id,\"AddNewHO--TransferHOTypesRuDialogTable-listUl\")]/tbody/tr[1]/td[6]/div/div/input"}
COMMAND: POST /session/cd4e213f90090bc7497a341d701e98a6/elements - {"using":"xpath","value":"//table[contains(@id,\"AddNewHO--TransferHOTypesRuDialogTable-listUl\")]/tbody/tr[1]/td[6]/div/div/input"}
RESULT: {"using":"xpath","value":"//table[contains(@id,\"AddNewHO--TransferHOTypesRuDialogTable-listUl\")]/tbody/tr[1]/td[6]/div/div/input"}
COMMAND: POST /session/cd4e213f90090bc7497a341d701e98a6/elements - {"using":"xpath","value":"//table[contains(@id,\"AddNewHO--TransferHOTypesRuDialogTable-listUl\")]/tbody/tr[1]/td[6]/div/div/input"}
RESULT: {"using":"xpath","value":"//table[contains(@id,\"AddNewHO--TransferHOTypesRuDialogTable-listUl\")]/tbody/tr[1]/td[6]/div/div/input"}
COMMAND: POST /session/cd4e213f90090bc7497a341d701e98a6/elements - {"using":"xpath","value":"//table[contains(@id,\"AddNewHO--TransferHOTypesRuDialogTable-listUl\")]/tbody/tr[1]/td[6]/div/div/input"}
RESULT: {"using":"xpath","value":"//table[contains(@id,\"AddNewHO--TransferHOTypesRuDialogTable-listUl\")]/tbody/tr[1]/td[6]/div/div/input"}
COMMAND: POST /session/cd4e213f90090bc7497a341d701e98a6/elements - {"using":"xpath","value":"//table[contains(@id,\"AddNewHO--TransferHOTypesRuDialogTable-listUl\")]/tbody/tr[1]/td[6]/div/div/input"}
RESULT: {"using":"xpath","value":"//table[contains(@id,\"AddNewHO--TransferHOTypesRuDialogTable-listUl\")]/tbody/tr[1]/td[6]/div/div/input"}
COMMAND: POST /session/cd4e213f90090bc7497a341d701e98a6/elements - {"using":"xpath","value":"//table[contains(@id,\"AddNewHO--TransferHOTypesRuDialogTable-listUl\")]/tbody/tr[1]/td[6]/div/div/input"}
RESULT: {"using":"xpath","value":"//table[contains(@id,\"AddNewHO--TransferHOTypesRuDialogTable-listUl\")]/tbody/tr[1]/td[6]/div/div/input"}
COMMAND: POST /session/cd4e213f90090bc7497a341d701e98a6/elements - {"using":"xpath","value":"//table[contains(@id,\"AddNewHO--TransferHOTypesRuDialogTable-listUl\")]/tbody/tr[1]/td[6]/div/div/input"}
RESULT: {"using":"xpath","value":"//table[contains(@id,\"AddNewHO--TransferHOTypesRuDialogTable-listUl\")]/tbody/tr[1]/td[6]/div/div/input"}
COMMAND: POST /session/cd4e213f90090bc7497a341d701e98a6/elements - {"using":"xpath","value":"//table[contains(@id,\"AddNewHO--TransferHOTypesRuDialogTable-listUl\")]/tbody/tr[1]/td[6]/div/div/input"}
RESULT: {"using":"xpath","value":"//table[contains(@id,\"AddNewHO--TransferHOTypesRuDialogTable-listUl\")]/tbody/tr[1]/td[6]/div/div/input"}
COMMAND: POST /session/cd4e213f90090bc7497a341d701e98a6/elements - {"using":"xpath","value":"//table[contains(@id,\"AddNewHO--TransferHOTypesRuDialogTable-listUl\")]/tbody/tr[1]/td[6]/div/div/input"}
RESULT: {"using":"xpath","value":"//table[contains(@id,\"AddNewHO--TransferHOTypesRuDialogTable-listUl\")]/tbody/tr[1]/td[6]/div/div/input"}
COMMAND: POST /session/cd4e213f90090bc7497a341d701e98a6/elements - {"using":"xpath","value":"//table[contains(@id,\"AddNewHO--TransferHOTypesRuDialogTable-listUl\")]/tbody/tr[1]/td[6]/div/div/input"}
RESULT: {"using":"xpath","value":"//table[contains(@id,\"AddNewHO--TransferHOTypesRuDialogTable-listUl\")]/tbody/tr[1]/td[6]/div/div/input"}
COMMAND: POST /session/cd4e213f90090bc7497a341d701e98a6/elements - {"using":"xpath","value":"//table[contains(@id,\"AddNewHO--TransferHOTypesRuDialogTable-listUl\")]/tbody/tr[1]/td[6]/div/div/input"}
RESULT: {"using":"xpath","value":"//table[contains(@id,\"AddNewHO--TransferHOTypesRuDialogTable-listUl\")]/tbody/tr[1]/td[6]/div/div/input"}
COMMAND: POST /session/cd4e213f90090bc7497a341d701e98a6/elements - {"using":"xpath","value":"//table[contains(@id,\"AddNewHO--TransferHOTypesRuDialogTable-listUl\")]/tbody/tr[1]/td[6]/div/div/input"}
RESULT: {"using":"xpath","value":"//table[contains(@id,\"AddNewHO--TransferHOTypesRuDialogTable-listUl\")]/tbody/tr[1]/td[6]/div/div/input"}
COMMAND: POST /session/cd4e213f90090bc7497a341d701e98a6/elements - {"using":"xpath","value":"//table[contains(@id,\"AddNewHO--TransferHOTypesRuDialogTable-listUl\")]/tbody/tr[1]/td[6]/div/div/input"}
RESULT: {"using":"xpath","value":"//table[contains(@id,\"AddNewHO--TransferHOTypesRuDialogTable-listUl\")]/tbody/tr[1]/td[6]/div/div/input"}
COMMAND: POST /session/cd4e213f90090bc7497a341d701e98a6/elements - {"using":"xpath","value":"//table[contains(@id,\"AddNewHO--TransferHOTypesRuDialogTable-listUl\")]/tbody/tr[1]/td[6]/div/div/input"}
RESULT: {"using":"xpath","value":"//table[contains(@id,\"AddNewHO--TransferHOTypesRuDialogTable-listUl\")]/tbody/tr[1]/td[6]/div/div/input"}
COMMAND: POST /session/cd4e213f90090bc7497a341d701e98a6/elements - {"using":"xpath","value":"//table[contains(@id,\"AddNewHO--TransferHOTypesRuDialogTable-listUl\")]/tbody/tr[1]/td[6]/div/div/input"}
COMMAND: GET /session/cd4e213f90090bc7497a341d701e98a6/screenshot - {}
RESULT: {"using":"xpath","value":"//table[contains(@id,\"AddNewHO--TransferHOTypesRuDialogTable-listUl\")]/tbody/tr[1]/td[6]/div/div/input"}
RESULT: {}
COMMAND: GET /session/cd4e213f90090bc7497a341d701e98a6/screenshot - {}
COMMAND: GET /session/cd4e213f90090bc7497a341d701e98a6/screenshot - {}
RESULT: {}
RESULT: {}
COMMAND: DELETE /session/cd4e213f90090bc7497a341d701e98a6 - {}
RESULT: {}
]]></system-out>
      <system-err><![CDATA[
Error: Can't call setValue on element with selector "//table[contains(@id,"AddNewHO--TransferHOTypesRuDialogTable-listUl")]/tbody/tr[1]/td[6]/div/div/input" because element wasn't found
    at async Context.<anonymous> (D:\a\1\s\test\specs\HTR\transfer-yard-to-yard.spec.js:122:9)
]]></system-err>
    </testcase>
  </testsuite>
</testsuites>