<?xml version="1.0" encoding="UTF-8"?>
<testsuites tests="9" failures="0" errors="0" skipped="0">
  <testsuite timestamp="2025-05-23T16:11:19" time="1017.335" tests="4" failures="0" errors="0" skipped="0">
    <properties>
      <property name="specId" value="0"/>
      <property name="suiteName" value="Webshop - Hyperlinks visible and working properly  US139085"/>
      <property name="capabilities" value="chrome.136_0_7103_93.windows"/>
      <property name="file" value="file:///D:/a/1/s/test/specs/R2C/webshop-hyperlinks-yard-site.spec.js"/>
    </properties>
    <testcase classname="chrome.136_0_7103_93.windows.Webshop_-_Hyperlinks_visible_and_working_properly__US139085" name="Should create prerequisites for webshop suite" time="343.892">
      <system-out><![CDATA[
COMMAND: POST /session/ca2abbe84309923e96ecd53f817ddbdd/execute/async - {"script":"<script> [1562 bytes]","args":[{"selector":{"controlType":"sap.m.GenericTile","properties":{"header":"Manage Yards"}},"wdio_ui5_key":"sapm.GenericTile{\"header\":\"Manage Yards\"}"}]}
RESULT: {"script":"<script> [1562 bytes]","args":[{"selector":{"controlType":"sap.m.GenericTile","properties":{"header":"Manage Yards"}},"wdio_ui5_key":"sapm.GenericTile{\"header\":\"Manage Yards\"}"}]}
RESULT: undefined
COMMAND: POST /session/ca2abbe84309923e96ecd53f817ddbdd/element - {"using":"xpath","value":"//*[@id=\"__tile41\"]"}
RESULT: {"using":"xpath","value":"//*[@id=\"__tile41\"]"}
COMMAND: POST /session/ca2abbe84309923e96ecd53f817ddbdd/element/f.28BC222DDC5CE12B0F2B355DA12E6296.d.5B7BB4E6F64E9054A6B4195C18BA6A15.e.112/click - {}
RESULT: {}
COMMAND: GET /session/ca2abbe84309923e96ecd53f817ddbdd/screenshot - {}
RESULT: {}
COMMAND: POST /session/ca2abbe84309923e96ecd53f817ddbdd/elements - {"using":"xpath","value":"//span[text()='Error']"}
RESULT: {"using":"xpath","value":"//span[text()='Error']"}
COMMAND: POST /session/ca2abbe84309923e96ecd53f817ddbdd/execute/async - {"script":"<script> [1562 bytes]","args":[{"selector":{"controlType":"sap.ui.core.Icon","viewName":"etm.portal.ui.manageyards.view.Master","viewId":"application-manageyards-display-component---masterYard","properties":{"src":{"regex":{"source":"add"}}}},"wdio_ui5_key":"etmportal.ui.manageyards.view.Mastersap.ui.core.Icon{\"src\":{\"regex\":{\"source\":\"add\"}}}"}]}
RESULT: {"script":"<script> [1562 bytes]","args":[{"selector":{"controlType":"sap.ui.core.Icon","viewName":"etm.portal.ui.manageyards.view.Master","viewId":"application-manageyards-display-component---masterYard","properties":{"src":{"regex":{"source":"add"}}}},"wdio_ui5_key":"etmportal.ui.manageyards.view.Mastersap.ui.core.Icon{\"src\":{\"regex\":{\"source\":\"add\"}}}"}]}
RESULT: undefined
COMMAND: POST /session/ca2abbe84309923e96ecd53f817ddbdd/element - {"using":"xpath","value":"//*[@id=\"__button4-img\"]"}
RESULT: {"using":"xpath","value":"//*[@id=\"__button4-img\"]"}
COMMAND: POST /session/ca2abbe84309923e96ecd53f817ddbdd/element/f.28BC222DDC5CE12B0F2B355DA12E6296.d.5B7BB4E6F64E9054A6B4195C18BA6A15.e.160/click - {}
RESULT: {}
COMMAND: GET /session/ca2abbe84309923e96ecd53f817ddbdd/screenshot - {}
RESULT: {}
COMMAND: POST /session/ca2abbe84309923e96ecd53f817ddbdd/execute/async - {"script":"<script> [1562 bytes]","args":[{"selector":{"id":"application-manageyards-display-component---NewYard--yardId","interaction":{"idSuffix":"inner"}},"wdio_ui5_key":"applicationmanageyards-display-component---NewYard--yardId"}]}
RESULT: {"script":"<script> [1562 bytes]","args":[{"selector":{"id":"application-manageyards-display-component---NewYard--yardId","interaction":{"idSuffix":"inner"}},"wdio_ui5_key":"applicationmanageyards-display-component---NewYard--yardId"}]}
RESULT: undefined
COMMAND: POST /session/ca2abbe84309923e96ecd53f817ddbdd/element - {"using":"xpath","value":"//*[@id=\"application-manageyards-display-component---NewYard--addressDetailDetailsName1-inner\"]"}
RESULT: {"using":"xpath","value":"//*[@id=\"application-manageyards-display-component---NewYard--addressDetailDetailsName1-inner\"]"}
COMMAND: POST /session/ca2abbe84309923e96ecd53f817ddbdd/element/f.28BC222DDC5CE12B0F2B355DA12E6296.d.5B7BB4E6F64E9054A6B4195C18BA6A15.e.375/clear - {}
RESULT: {}
COMMAND: POST /session/ca2abbe84309923e96ecd53f817ddbdd/element/f.28BC222DDC5CE12B0F2B355DA12E6296.d.5B7BB4E6F64E9054A6B4195C18BA6A15.e.375/value - {"text":"WebdriverYardeom2e"}
COMMAND: GET /session/ca2abbe84309923e96ecd53f817ddbdd/screenshot - {}
RESULT: {"text":"WebdriverYardeom2e"}
COMMAND: POST /session/ca2abbe84309923e96ecd53f817ddbdd/element - {"using":"xpath","value":"//*[@id=\"application-manageyards-display-component---NewYard--addressDetailDetailsLanguage-inner\"]"}
COMMAND: GET /session/ca2abbe84309923e96ecd53f817ddbdd/screenshot - {}
RESULT: {}
RESULT: {"using":"xpath","value":"//*[@id=\"application-manageyards-display-component---NewYard--addressDetailDetailsLanguage-inner\"]"}
COMMAND: POST /session/ca2abbe84309923e96ecd53f817ddbdd/element/f.28BC222DDC5CE12B0F2B355DA12E6296.d.5B7BB4E6F64E9054A6B4195C18BA6A15.e.376/clear - {}
RESULT: {}
RESULT: {}
COMMAND: POST /session/ca2abbe84309923e96ecd53f817ddbdd/element/f.28BC222DDC5CE12B0F2B355DA12E6296.d.5B7BB4E6F64E9054A6B4195C18BA6A15.e.376/value - {"text":"Romanian"}
COMMAND: GET /session/ca2abbe84309923e96ecd53f817ddbdd/screenshot - {}
RESULT: {"text":"Romanian"}
COMMAND: POST /session/ca2abbe84309923e96ecd53f817ddbdd/element - {"using":"xpath","value":"//input[contains(@id ,\"application-manageyards-display-component---NewYard--addressDetailDetailsName1-inner\")]"}
COMMAND: GET /session/ca2abbe84309923e96ecd53f817ddbdd/screenshot - {}
RESULT: {}
RESULT: {"using":"xpath","value":"//input[contains(@id ,\"application-manageyards-display-component---NewYard--addressDetailDetailsName1-inner\")]"}
COMMAND: GET /session/ca2abbe84309923e96ecd53f817ddbdd/element/f.28BC222DDC5CE12B0F2B355DA12E6296.d.5B7BB4E6F64E9054A6B4195C18BA6A15.e.375/property/value - {}
RESULT: {}
RESULT: {}
COMMAND: GET /session/ca2abbe84309923e96ecd53f817ddbdd/screenshot - {}
RESULT: {}
COMMAND: POST /session/ca2abbe84309923e96ecd53f817ddbdd/element - {"using":"xpath","value":"//*[@id=\"application-manageyards-display-component---NewYard--addressDetailDetailsCity1-inner\"]"}
RESULT: {"using":"xpath","value":"//*[@id=\"application-manageyards-display-component---NewYard--addressDetailDetailsCity1-inner\"]"}
COMMAND: POST /session/ca2abbe84309923e96ecd53f817ddbdd/element/f.28BC222DDC5CE12B0F2B355DA12E6296.d.5B7BB4E6F64E9054A6B4195C18BA6A15.e.378/clear - {}
RESULT: {}
COMMAND: POST /session/ca2abbe84309923e96ecd53f817ddbdd/element/f.28BC222DDC5CE12B0F2B355DA12E6296.d.5B7BB4E6F64E9054A6B4195C18BA6A15.e.378/value - {"text":"Bucuresti"}
COMMAND: GET /session/ca2abbe84309923e96ecd53f817ddbdd/screenshot - {}
RESULT: {"text":"Bucuresti"}
COMMAND: GET /session/ca2abbe84309923e96ecd53f817ddbdd/screenshot - {}
RESULT: {}
RESULT: {}
COMMAND: POST /session/ca2abbe84309923e96ecd53f817ddbdd/element - {"using":"xpath","value":"//*[@id=\"application-manageyards-display-component---NewYard--addressDetailDetailsCountry-inner\"]"}
RESULT: {"using":"xpath","value":"//*[@id=\"application-manageyards-display-component---NewYard--addressDetailDetailsCountry-inner\"]"}
COMMAND: POST /session/ca2abbe84309923e96ecd53f817ddbdd/element/f.28BC222DDC5CE12B0F2B355DA12E6296.d.5B7BB4E6F64E9054A6B4195C18BA6A15.e.382/clear - {}
RESULT: {}
COMMAND: POST /session/ca2abbe84309923e96ecd53f817ddbdd/element/f.28BC222DDC5CE12B0F2B355DA12E6296.d.5B7BB4E6F64E9054A6B4195C18BA6A15.e.382/value - {"text":"Romania"}
COMMAND: GET /session/ca2abbe84309923e96ecd53f817ddbdd/screenshot - {}
RESULT: {"text":"Romania"}
COMMAND: GET /session/ca2abbe84309923e96ecd53f817ddbdd/screenshot - {}
RESULT: {}
RESULT: {}
COMMAND: POST /session/ca2abbe84309923e96ecd53f817ddbdd/element - {"using":"xpath","value":"//div[contains(text(), \"Commercial\")]"}
RESULT: {"using":"xpath","value":"//div[contains(text(), \"Commercial\")]"}
COMMAND: GET /session/ca2abbe84309923e96ecd53f817ddbdd/element/f.28BC222DDC5CE12B0F2B355DA12E6296.d.5B7BB4E6F64E9054A6B4195C18BA6A15.e.569/rect - {}
RESULT: {}
COMMAND: GET /session/ca2abbe84309923e96ecd53f817ddbdd/window/rect - {}
RESULT: {}
COMMAND: POST /session/ca2abbe84309923e96ecd53f817ddbdd/execute/sync - {"script":"<script> [92 bytes]","args":[]}
RESULT: {"script":"<script> [92 bytes]","args":[]}
COMMAND: POST /session/ca2abbe84309923e96ecd53f817ddbdd/actions - {"actions":[{"id":"action1","type":"wheel","parameters":{},"actions":[{"type":"scroll","x":-1841,"y":-44,"deltaX":0,"deltaY":0,"duration":0,"origin":{"element-6066-11e4-a52e-4f735466cecf":"f.28BC222DDC5CE12B0F2B355DA12E6296.d.5B7BB4E6F64E9054A6B4195C18BA6A15.e.569"}}]}]}
COMMAND: GET /session/ca2abbe84309923e96ecd53f817ddbdd/screenshot - {}
RESULT: {}
COMMAND: POST /session/ca2abbe84309923e96ecd53f817ddbdd/execute/sync - {"script":"<script> [79 bytes]","args":[{"element-6066-11e4-a52e-4f735466cecf":"f.28BC222DDC5CE12B0F2B355DA12E6296.d.5B7BB4E6F64E9054A6B4195C18BA6A15.e.569","ELEMENT":"f.28BC222DDC5CE12B0F2B355DA12E6296.d.5B7BB4E6F64E9054A6B4195C18BA6A15.e.569"},{"block":"start","inline":"nearest"}]}
RESULT: {"script":"<script> [79 bytes]","args":[{"element-6066-11e4-a52e-4f735466cecf":"f.28BC222DDC5CE12B0F2B355DA12E6296.d.5B7BB4E6F64E9054A6B4195C18BA6A15.e.569","ELEMENT":"f.28BC222DDC5CE12B0F2B355DA12E6296.d.5B7BB4E6F64E9054A6B4195C18BA6A15.e.569"},{"block":"start","inline":"nearest"}]}
COMMAND: GET /session/ca2abbe84309923e96ecd53f817ddbdd/screenshot - {}
RESULT: {}
COMMAND: POST /session/ca2abbe84309923e96ecd53f817ddbdd/execute/async - {"script":"<script> [1562 bytes]","args":[{"selector":{"id":"application-manageyards-display-component---NewYard--addressEditDetailsCostObjectCstType-arrow"},"wdio_ui5_key":"applicationmanageyards-display-component---NewYard--addressEditDetailsCostObjectCstType-arrow"}]}
RESULT: {"script":"<script> [1562 bytes]","args":[{"selector":{"id":"application-manageyards-display-component---NewYard--addressEditDetailsCostObjectCstType-arrow"},"wdio_ui5_key":"applicationmanageyards-display-component---NewYard--addressEditDetailsCostObjectCstType-arrow"}]}
RESULT: undefined
COMMAND: POST /session/ca2abbe84309923e96ecd53f817ddbdd/element - {"using":"xpath","value":"//*[@id=\"application-manageyards-display-component---NewYard--addressEditDetailsCostObjectCstType-arrow\"]"}
RESULT: {"using":"xpath","value":"//*[@id=\"application-manageyards-display-component---NewYard--addressEditDetailsCostObjectCstType-arrow\"]"}
COMMAND: POST /session/ca2abbe84309923e96ecd53f817ddbdd/element/f.28BC222DDC5CE12B0F2B355DA12E6296.d.5B7BB4E6F64E9054A6B4195C18BA6A15.e.577/click - {}
RESULT: {}
COMMAND: POST /session/ca2abbe84309923e96ecd53f817ddbdd/element - {"using":"xpath","value":"//span[contains(text(), \"Cost Center\")]"}
COMMAND: GET /session/ca2abbe84309923e96ecd53f817ddbdd/screenshot - {}
RESULT: {"using":"xpath","value":"//span[contains(text(), \"Cost Center\")]"}
COMMAND: POST /session/ca2abbe84309923e96ecd53f817ddbdd/element/f.28BC222DDC5CE12B0F2B355DA12E6296.d.5B7BB4E6F64E9054A6B4195C18BA6A15.e.578/click - {}
RESULT: {}
RESULT: {}
COMMAND: GET /session/ca2abbe84309923e96ecd53f817ddbdd/screenshot - {}
RESULT: {}
COMMAND: POST /session/ca2abbe84309923e96ecd53f817ddbdd/execute/async - {"script":"<script> [1562 bytes]","args":[{"selector":{"id":"application-manageyards-display-component---NewYard--addressNewCostObjectCstID-vhi"},"wdio_ui5_key":"applicationmanageyards-display-component---NewYard--addressNewCostObjectCstID-vhi"}]}
RESULT: {"script":"<script> [1562 bytes]","args":[{"selector":{"id":"application-manageyards-display-component---NewYard--addressNewCostObjectCstID-vhi"},"wdio_ui5_key":"applicationmanageyards-display-component---NewYard--addressNewCostObjectCstID-vhi"}]}
RESULT: undefined
COMMAND: POST /session/ca2abbe84309923e96ecd53f817ddbdd/element - {"using":"xpath","value":"//*[@id=\"application-manageyards-display-component---NewYard--addressNewCostObjectCstID-vhi\"]"}
RESULT: {"using":"xpath","value":"//*[@id=\"application-manageyards-display-component---NewYard--addressNewCostObjectCstID-vhi\"]"}
COMMAND: POST /session/ca2abbe84309923e96ecd53f817ddbdd/element/f.28BC222DDC5CE12B0F2B355DA12E6296.d.5B7BB4E6F64E9054A6B4195C18BA6A15.e.582/click - {}
RESULT: {}
COMMAND: GET /session/ca2abbe84309923e96ecd53f817ddbdd/screenshot - {}
RESULT: {}
COMMAND: POST /session/ca2abbe84309923e96ecd53f817ddbdd/execute/async - {"script":"<script> [1562 bytes]","args":[{"selector":{"controlType":"sap.m.SearchField","properties":{"placeholder":"Search"},"searchOpenDialogs":true,"interaction":{"idSuffix":"I"}},"wdio_ui5_key":"sapm.SearchField{\"placeholder\":\"Search\"}"}]}
RESULT: {"script":"<script> [1562 bytes]","args":[{"selector":{"controlType":"sap.m.SearchField","properties":{"placeholder":"Search"},"searchOpenDialogs":true,"interaction":{"idSuffix":"I"}},"wdio_ui5_key":"sapm.SearchField{\"placeholder\":\"Search\"}"}]}
RESULT: undefined
COMMAND: POST /session/ca2abbe84309923e96ecd53f817ddbdd/execute/async - {"script":"<script> [776 bytes]","args":[{"enterText":"10001013","selector":{"controlType":"sap.m.SearchField","properties":{"placeholder":"Search"},"searchOpenDialogs":true,"interaction":{"idSuffix":"I"}},"clearTextFirst":true,"interactionType":"ENTER_TEXT"}]}
RESULT: {"script":"<script> [776 bytes]","args":[{"enterText":"10001013","selector":{"controlType":"sap.m.SearchField","properties":{"placeholder":"Search"},"searchOpenDialogs":true,"interaction":{"idSuffix":"I"}},"clearTextFirst":true,"interactionType":"ENTER_TEXT"}]}
COMMAND: POST /session/ca2abbe84309923e96ecd53f817ddbdd/actions - {"actions":[{"id":"action2","type":"key","parameters":{},"actions":[{"type":"keyDown","value":""},{"type":"pause","duration":10},{"type":"keyUp","value":""}]}]}
RESULT: {"actions":[{"id":"action2","type":"key","parameters":{},"actions":[{"type":"keyDown","value":""},{"type":"pause","duration":10},{"type":"keyUp","value":""}]}]}
COMMAND: GET /session/ca2abbe84309923e96ecd53f817ddbdd/screenshot - {}
RESULT: {}
COMMAND: POST /session/ca2abbe84309923e96ecd53f817ddbdd/element - {"using":"xpath","value":"//span[contains(text(), \"General Management\")]"}
RESULT: {"using":"xpath","value":"//span[contains(text(), \"General Management\")]"}
COMMAND: POST /session/ca2abbe84309923e96ecd53f817ddbdd/element/f.28BC222DDC5CE12B0F2B355DA12E6296.d.5B7BB4E6F64E9054A6B4195C18BA6A15.e.624/click - {}
RESULT: {}
COMMAND: GET /session/ca2abbe84309923e96ecd53f817ddbdd/screenshot - {}
RESULT: {}
COMMAND: POST /session/ca2abbe84309923e96ecd53f817ddbdd/element - {"using":"xpath","value":"//bdi[contains(text(), \"OK\")]"}
RESULT: {"using":"xpath","value":"//bdi[contains(text(), \"OK\")]"}
COMMAND: POST /session/ca2abbe84309923e96ecd53f817ddbdd/element/f.28BC222DDC5CE12B0F2B355DA12E6296.d.5B7BB4E6F64E9054A6B4195C18BA6A15.e.625/click - {}
RESULT: {}
COMMAND: GET /session/ca2abbe84309923e96ecd53f817ddbdd/screenshot - {}
RESULT: {}
COMMAND: POST /session/ca2abbe84309923e96ecd53f817ddbdd/execute/async - {"script":"<script> [1562 bytes]","args":[{"selector":{"controlType":"sap.m.Button","viewName":"etm.portal.ui.manageyards.view.New","viewId":"application-manageyards-display-component---NewYard","i18NText":{"propertyName":"text","key":"save"},"interaction":{"idSuffix":"inner"}},"wdio_ui5_key":"etmportal.ui.manageyards.view.Newsap.m.Button{\"propertyName\":\"text\",\"key\":\"save\"}"}]}
RESULT: {"script":"<script> [1562 bytes]","args":[{"selector":{"controlType":"sap.m.Button","viewName":"etm.portal.ui.manageyards.view.New","viewId":"application-manageyards-display-component---NewYard","i18NText":{"propertyName":"text","key":"save"},"interaction":{"idSuffix":"inner"}},"wdio_ui5_key":"etmportal.ui.manageyards.view.Newsap.m.Button{\"propertyName\":\"text\",\"key\":\"save\"}"}]}
RESULT: undefined
COMMAND: POST /session/ca2abbe84309923e96ecd53f817ddbdd/element - {"using":"xpath","value":"//*[@id=\"__button18\"]"}
RESULT: {"using":"xpath","value":"//*[@id=\"__button18\"]"}
COMMAND: POST /session/ca2abbe84309923e96ecd53f817ddbdd/element/f.28BC222DDC5CE12B0F2B355DA12E6296.d.5B7BB4E6F64E9054A6B4195C18BA6A15.e.549/click - {}
RESULT: {}
COMMAND: GET /session/ca2abbe84309923e96ecd53f817ddbdd/screenshot - {}
RESULT: {}
COMMAND: POST /session/ca2abbe84309923e96ecd53f817ddbdd/element - {"using":"xpath","value":"//header/div/div[2]/div[2]/span"}
RESULT: {"using":"xpath","value":"//header/div/div[2]/div[2]/span"}
COMMAND: GET /session/ca2abbe84309923e96ecd53f817ddbdd/element/f.28BC222DDC5CE12B0F2B355DA12E6296.d.5B7BB4E6F64E9054A6B4195C18BA6A15.e.819/text - {}
RESULT: {}
COMMAND: POST /session/ca2abbe84309923e96ecd53f817ddbdd/execute/async - {"script":"<script> [1562 bytes]","args":[{"selector":{"controlType":"sap.m.OverflowToolbarButton","viewName":"etm.portal.ui.manageyards.view.Detail","viewId":"application-manageyards-display-component---detailYard","i18NText":{"propertyName":"tooltip","key":"closeColumn"},"interaction":{"idSuffix":"inner"}},"wdio_ui5_key":"etmportal.ui.manageyards.view.Detailsap.m.OverflowToolbarButton{\"propertyName\":\"tooltip\",\"key\":\"closeColumn\"}"}]}
RESULT: {"script":"<script> [1562 bytes]","args":[{"selector":{"controlType":"sap.m.OverflowToolbarButton","viewName":"etm.portal.ui.manageyards.view.Detail","viewId":"application-manageyards-display-component---detailYard","i18NText":{"propertyName":"tooltip","key":"closeColumn"},"interaction":{"idSuffix":"inner"}},"wdio_ui5_key":"etmportal.ui.manageyards.view.Detailsap.m.OverflowToolbarButton{\"propertyName\":\"tooltip\",\"key\":\"closeColumn\"}"}]}
RESULT: undefined
COMMAND: POST /session/ca2abbe84309923e96ecd53f817ddbdd/element - {"using":"xpath","value":"//*[@id=\"__button42\"]"}
RESULT: {"using":"xpath","value":"//*[@id=\"__button42\"]"}
COMMAND: POST /session/ca2abbe84309923e96ecd53f817ddbdd/element/f.28BC222DDC5CE12B0F2B355DA12E6296.d.5B7BB4E6F64E9054A6B4195C18BA6A15.e.821/click - {}
RESULT: {}
COMMAND: GET /session/ca2abbe84309923e96ecd53f817ddbdd/screenshot - {}
RESULT: {}
COMMAND: POST /session/ca2abbe84309923e96ecd53f817ddbdd/element - {"using":"css selector","value":"#shell-header-logo"}
RESULT: {"using":"css selector","value":"#shell-header-logo"}
COMMAND: POST /session/ca2abbe84309923e96ecd53f817ddbdd/element/f.28BC222DDC5CE12B0F2B355DA12E6296.d.5B7BB4E6F64E9054A6B4195C18BA6A15.e.115/click - {}
RESULT: {}
COMMAND: GET /session/ca2abbe84309923e96ecd53f817ddbdd/screenshot - {}
RESULT: {}
COMMAND: POST /session/ca2abbe84309923e96ecd53f817ddbdd/refresh - {}
RESULT: {}
COMMAND: GET /session/ca2abbe84309923e96ecd53f817ddbdd/screenshot - {}
RESULT: {}
COMMAND: POST /session/ca2abbe84309923e96ecd53f817ddbdd/execute/async - {"script":"<script> [189 bytes]","args":[]}
RESULT: {"script":"<script> [189 bytes]","args":[]}
COMMAND: POST /session/ca2abbe84309923e96ecd53f817ddbdd/execute/async - {"script":"<script> [123 bytes]","args":[]}
RESULT: {"script":"<script> [123 bytes]","args":[]}
COMMAND: POST /session/ca2abbe84309923e96ecd53f817ddbdd/timeouts - {"script":"<number>"}
RESULT: {"script":"<number>"}
COMMAND: GET /session/ca2abbe84309923e96ecd53f817ddbdd/timeouts - {}
RESULT: {}
RESULT: undefined
COMMAND: POST /session/ca2abbe84309923e96ecd53f817ddbdd/execute/async - {"script":"<script> [2676 bytes]","args":[]}
RESULT: {"script":"<script> [2676 bytes]","args":[]}
COMMAND: POST /session/ca2abbe84309923e96ecd53f817ddbdd/execute/async - {"script":"<script> [2342 bytes]","args":[{"protocol":"http","hostname":"0.0.0.0","path":"/","capabilities":{"browserName":"chrome","goog:chromeOptions":{"binary":"C:\\Program Files\\Google\\Chrome\\Application\\chrome.exe","args":["--start-maximized"]}},"logLevel":"warn","connectionRetryTimeout":120000,"connectionRetryCount":3,"logLevels":{},"enableDirectConnect":true,"strictSSL":true,"_":"65 more keys: [\"cacheDir\",\"port\",\"requestedCapabilities\",\"automationProtocol\",\"baseUrl\",\"waitforInterval\",\"waitforTimeout\",\"onReload\",\"beforeCommand\",\"afterCommand\",\"rootDir\",\"specs\",\"suites\",\"exclude\",\"groupLogsByTestSpec\",\"excludeDriverLogs\",\"bail\",\"framework\",\"reporters\",\"services\",\"maxInstances\",\"maxInstancesPerCapability\",\"injectGlobals\",\"filesToWatch\",\"execArgv\",\"runnerEnv\",\"runner\",\"shard\",\"specFileRetries\",\"specFileRetriesDelay\",\"specFileRetriesDeferred\",\"reporterSyncInterval\",\"reporterSyncTimeout\",\"cucumberFeaturesWithLineNumbers\",\"autoCompileOpts\",\"mochaOpts\",\"jasmineOpts\",\"cucumberOpts\",\"onPrepare\",\"onWorkerStart\",\"onWorkerEnd\",\"before\",\"beforeSession\",\"beforeSuite\",\"beforeHook\",\"beforeTest\",\"afterTest\",\"afterHook\",\"afterSuite\",\"afterSession\",\"after\",\"onComplete\",\"beforeAssertion\",\"afterAssertion\",\"beforeFeature\",\"beforeScenario\",\"beforeStep\",\"afterStep\",\"afterScenario\",\"afterFeature\",\"_\",\"suite\",\"$0\",\"ignoredWorkerServices\",\"wdi5\"]"}]}
RESULT: {"script":"<script> [2342 bytes]","args":[{"protocol":"http","hostname":"0.0.0.0","path":"/","capabilities":{"browserName":"chrome","goog:chromeOptions":{"binary":"C:\\Program Files\\Google\\Chrome\\Application\\chrome.exe","args":["--start-maximized"]}},"logLevel":"warn","connectionRetryTimeout":120000,"connectionRetryCount":3,"logLevels":{},"enableDirectConnect":true,"strictSSL":true,"_":"65 more keys: [\"cacheDir\",\"port\",\"requestedCapabilities\",\"automationProtocol\",\"baseUrl\",\"waitforInterval\",\"waitforTimeout\",\"onReload\",\"beforeCommand\",\"afterCommand\",\"rootDir\",\"specs\",\"suites\",\"exclude\",\"groupLogsByTestSpec\",\"excludeDriverLogs\",\"bail\",\"framework\",\"reporters\",\"services\",\"maxInstances\",\"maxInstancesPerCapability\",\"injectGlobals\",\"filesToWatch\",\"execArgv\",\"runnerEnv\",\"runner\",\"shard\",\"specFileRetries\",\"specFileRetriesDelay\",\"specFileRetriesDeferred\",\"reporterSyncInterval\",\"reporterSyncTimeout\",\"cucumberFeaturesWithLineNumbers\",\"autoCompileOpts\",\"mochaOpts\",\"jasmineOpts\",\"cucumberOpts\",\"onPrepare\",\"onWorkerStart\",\"onWorkerEnd\",\"before\",\"beforeSession\",\"beforeSuite\",\"beforeHook\",\"beforeTest\",\"afterTest\",\"afterHook\",\"afterSuite\",\"afterSession\",\"after\",\"onComplete\",\"beforeAssertion\",\"afterAssertion\",\"beforeFeature\",\"beforeScenario\",\"beforeStep\",\"afterStep\",\"afterScenario\",\"afterFeature\",\"_\",\"suite\",\"$0\",\"ignoredWorkerServices\",\"wdi5\"]"}]}
COMMAND: POST /session/ca2abbe84309923e96ecd53f817ddbdd/execute/async - {"script":"<script> [21126 bytes]","args":[35000]}
RESULT: {"script":"<script> [21126 bytes]","args":[35000]}
COMMAND: POST /session/ca2abbe84309923e96ecd53f817ddbdd/execute/async - {"script":"<script> [1562 bytes]","args":[{"selector":{"controlType":"sap.m.GenericTile","properties":{"header":"Manage Sites"}},"wdio_ui5_key":"sapm.GenericTile{\"header\":\"Manage Sites\"}"}]}
RESULT: {"script":"<script> [1562 bytes]","args":[{"selector":{"controlType":"sap.m.GenericTile","properties":{"header":"Manage Sites"}},"wdio_ui5_key":"sapm.GenericTile{\"header\":\"Manage Sites\"}"}]}
RESULT: undefined
COMMAND: POST /session/ca2abbe84309923e96ecd53f817ddbdd/element - {"using":"xpath","value":"//*[@id=\"__tile40\"]"}
RESULT: {"using":"xpath","value":"//*[@id=\"__tile40\"]"}
COMMAND: POST /session/ca2abbe84309923e96ecd53f817ddbdd/element/f.28BC222DDC5CE12B0F2B355DA12E6296.d.B7E448B2CBE5AB089FB17782ECB01727.e.1176/click - {}
RESULT: {}
COMMAND: GET /session/ca2abbe84309923e96ecd53f817ddbdd/screenshot - {}
RESULT: {}
COMMAND: POST /session/ca2abbe84309923e96ecd53f817ddbdd/elements - {"using":"xpath","value":"//span[text()='Error']"}
RESULT: {"using":"xpath","value":"//span[text()='Error']"}
COMMAND: POST /session/ca2abbe84309923e96ecd53f817ddbdd/execute/async - {"script":"<script> [1562 bytes]","args":[{"selector":{"controlType":"sap.ui.core.Icon","viewName":"etm.portal.ui.managesites.view.Master","viewId":"application-managesites-display-component---masterSite","properties":{"src":{"regex":{"source":"add"}}}},"wdio_ui5_key":"etmportal.ui.managesites.view.Mastersap.ui.core.Icon{\"src\":{\"regex\":{\"source\":\"add\"}}}"}]}
RESULT: {"script":"<script> [1562 bytes]","args":[{"selector":{"controlType":"sap.ui.core.Icon","viewName":"etm.portal.ui.managesites.view.Master","viewId":"application-managesites-display-component---masterSite","properties":{"src":{"regex":{"source":"add"}}}},"wdio_ui5_key":"etmportal.ui.managesites.view.Mastersap.ui.core.Icon{\"src\":{\"regex\":{\"source\":\"add\"}}}"}]}
RESULT: undefined
COMMAND: POST /session/ca2abbe84309923e96ecd53f817ddbdd/element - {"using":"xpath","value":"//*[@id=\"__button4-img\"]"}
RESULT: {"using":"xpath","value":"//*[@id=\"__button4-img\"]"}
COMMAND: POST /session/ca2abbe84309923e96ecd53f817ddbdd/element/f.28BC222DDC5CE12B0F2B355DA12E6296.d.B7E448B2CBE5AB089FB17782ECB01727.e.1226/click - {}
RESULT: {}
COMMAND: POST /session/ca2abbe84309923e96ecd53f817ddbdd/execute/async - {"script":"<script> [1562 bytes]","args":[{"selector":{"id":"application-managesites-display-component---NewSite--siteId","interaction":{"idSuffix":"inner"}},"wdio_ui5_key":"applicationmanagesites-display-component---NewSite--siteId"}]}
COMMAND: GET /session/ca2abbe84309923e96ecd53f817ddbdd/screenshot - {}
RESULT: {"script":"<script> [1562 bytes]","args":[{"selector":{"id":"application-managesites-display-component---NewSite--siteId","interaction":{"idSuffix":"inner"}},"wdio_ui5_key":"applicationmanagesites-display-component---NewSite--siteId"}]}
RESULT: undefined
COMMAND: POST /session/ca2abbe84309923e96ecd53f817ddbdd/execute/async - {"script":"<script> [1562 bytes]","args":[{"selector":{"id":"application-managesites-display-component---NewSite--addressDetailDetailsName1","interaction":{"idSuffix":"inner"}},"wdio_ui5_key":"applicationmanagesites-display-component---NewSite--addressDetailDetailsName1"}]}
RESULT: {}
RESULT: {"script":"<script> [1562 bytes]","args":[{"selector":{"id":"application-managesites-display-component---NewSite--addressDetailDetailsName1","interaction":{"idSuffix":"inner"}},"wdio_ui5_key":"applicationmanagesites-display-component---NewSite--addressDetailDetailsName1"}]}
RESULT: undefined
COMMAND: POST /session/ca2abbe84309923e96ecd53f817ddbdd/execute/async - {"script":"<script> [776 bytes]","args":[{"enterText":"WebdriverSitevxpbr","selector":{"id":"application-managesites-display-component---NewSite--addressDetailDetailsName1","interaction":{"idSuffix":"inner"}},"clearTextFirst":true,"interactionType":"ENTER_TEXT"}]}
RESULT: {"script":"<script> [776 bytes]","args":[{"enterText":"WebdriverSitevxpbr","selector":{"id":"application-managesites-display-component---NewSite--addressDetailDetailsName1","interaction":{"idSuffix":"inner"}},"clearTextFirst":true,"interactionType":"ENTER_TEXT"}]}
COMMAND: POST /session/ca2abbe84309923e96ecd53f817ddbdd/execute/async - {"script":"<script> [1562 bytes]","args":[{"selector":{"id":"application-managesites-display-component---NewSite--addressDetailDetailsLanguage","interaction":{"idSuffix":"inner"}},"wdio_ui5_key":"applicationmanagesites-display-component---NewSite--addressDetailDetailsLanguage"}]}
RESULT: {"script":"<script> [1562 bytes]","args":[{"selector":{"id":"application-managesites-display-component---NewSite--addressDetailDetailsLanguage","interaction":{"idSuffix":"inner"}},"wdio_ui5_key":"applicationmanagesites-display-component---NewSite--addressDetailDetailsLanguage"}]}
RESULT: undefined
COMMAND: POST /session/ca2abbe84309923e96ecd53f817ddbdd/execute/async - {"script":"<script> [776 bytes]","args":[{"enterText":"Romanian","selector":{"id":"application-managesites-display-component---NewSite--addressDetailDetailsLanguage","interaction":{"idSuffix":"inner"}},"clearTextFirst":true,"interactionType":"ENTER_TEXT"}]}
RESULT: {"script":"<script> [776 bytes]","args":[{"enterText":"Romanian","selector":{"id":"application-managesites-display-component---NewSite--addressDetailDetailsLanguage","interaction":{"idSuffix":"inner"}},"clearTextFirst":true,"interactionType":"ENTER_TEXT"}]}
COMMAND: POST /session/ca2abbe84309923e96ecd53f817ddbdd/execute/async - {"script":"<script> [1562 bytes]","args":[{"selector":{"id":"application-managesites-display-component---NewSite--addressDetailDetailsCity1","interaction":{"idSuffix":"inner"}},"wdio_ui5_key":"applicationmanagesites-display-component---NewSite--addressDetailDetailsCity1"}]}
RESULT: {"script":"<script> [1562 bytes]","args":[{"selector":{"id":"application-managesites-display-component---NewSite--addressDetailDetailsCity1","interaction":{"idSuffix":"inner"}},"wdio_ui5_key":"applicationmanagesites-display-component---NewSite--addressDetailDetailsCity1"}]}
RESULT: undefined
COMMAND: POST /session/ca2abbe84309923e96ecd53f817ddbdd/execute/async - {"script":"<script> [776 bytes]","args":[{"enterText":"Bucharest","selector":{"id":"application-managesites-display-component---NewSite--addressDetailDetailsCity1","interaction":{"idSuffix":"inner"}},"clearTextFirst":true,"interactionType":"ENTER_TEXT"}]}
RESULT: {"script":"<script> [776 bytes]","args":[{"enterText":"Bucharest","selector":{"id":"application-managesites-display-component---NewSite--addressDetailDetailsCity1","interaction":{"idSuffix":"inner"}},"clearTextFirst":true,"interactionType":"ENTER_TEXT"}]}
COMMAND: POST /session/ca2abbe84309923e96ecd53f817ddbdd/execute/async - {"script":"<script> [1562 bytes]","args":[{"selector":{"id":"application-managesites-display-component---NewSite--addressDetailDetailsCountry","interaction":{"idSuffix":"inner"}},"wdio_ui5_key":"applicationmanagesites-display-component---NewSite--addressDetailDetailsCountry"}]}
RESULT: {"script":"<script> [1562 bytes]","args":[{"selector":{"id":"application-managesites-display-component---NewSite--addressDetailDetailsCountry","interaction":{"idSuffix":"inner"}},"wdio_ui5_key":"applicationmanagesites-display-component---NewSite--addressDetailDetailsCountry"}]}
RESULT: undefined
COMMAND: POST /session/ca2abbe84309923e96ecd53f817ddbdd/execute/async - {"script":"<script> [776 bytes]","args":[{"enterText":"Romania","selector":{"id":"application-managesites-display-component---NewSite--addressDetailDetailsCountry","interaction":{"idSuffix":"inner"}},"clearTextFirst":true,"interactionType":"ENTER_TEXT"}]}
RESULT: {"script":"<script> [776 bytes]","args":[{"enterText":"Romania","selector":{"id":"application-managesites-display-component---NewSite--addressDetailDetailsCountry","interaction":{"idSuffix":"inner"}},"clearTextFirst":true,"interactionType":"ENTER_TEXT"}]}
COMMAND: POST /session/ca2abbe84309923e96ecd53f817ddbdd/element - {"using":"css selector","value":"#application-managesites-display-component---NewSite--addressDetailDetailsCalendar-inner"}
RESULT: {"using":"css selector","value":"#application-managesites-display-component---NewSite--addressDetailDetailsCalendar-inner"}
COMMAND: POST /session/ca2abbe84309923e96ecd53f817ddbdd/element/f.28BC222DDC5CE12B0F2B355DA12E6296.d.B7E448B2CBE5AB089FB17782ECB01727.e.1381/clear - {}
RESULT: {}
COMMAND: POST /session/ca2abbe84309923e96ecd53f817ddbdd/element/f.28BC222DDC5CE12B0F2B355DA12E6296.d.B7E448B2CBE5AB089FB17782ECB01727.e.1381/value - {"text":"Germany"}
COMMAND: GET /session/ca2abbe84309923e96ecd53f817ddbdd/screenshot - {}
RESULT: {"text":"Germany"}
COMMAND: POST /session/ca2abbe84309923e96ecd53f817ddbdd/execute/async - {"script":"<script> [1562 bytes]","args":[{"selector":{"id":"application-managesites-display-component---NewSite--addressEditDetailsCostObjectCstType-arrow"},"wdio_ui5_key":"applicationmanagesites-display-component---NewSite--addressEditDetailsCostObjectCstType-arrow"}]}
COMMAND: GET /session/ca2abbe84309923e96ecd53f817ddbdd/screenshot - {}
RESULT: {}
RESULT: {"script":"<script> [1562 bytes]","args":[{"selector":{"id":"application-managesites-display-component---NewSite--addressEditDetailsCostObjectCstType-arrow"},"wdio_ui5_key":"applicationmanagesites-display-component---NewSite--addressEditDetailsCostObjectCstType-arrow"}]}
RESULT: undefined
COMMAND: POST /session/ca2abbe84309923e96ecd53f817ddbdd/element - {"using":"xpath","value":"//*[@id=\"application-managesites-display-component---NewSite--addressEditDetailsCostObjectCstType-arrow\"]"}
RESULT: {}
RESULT: {"using":"xpath","value":"//*[@id=\"application-managesites-display-component---NewSite--addressEditDetailsCostObjectCstType-arrow\"]"}
COMMAND: POST /session/ca2abbe84309923e96ecd53f817ddbdd/element/f.28BC222DDC5CE12B0F2B355DA12E6296.d.B7E448B2CBE5AB089FB17782ECB01727.e.1563/click - {}
RESULT: {}
COMMAND: POST /session/ca2abbe84309923e96ecd53f817ddbdd/element - {"using":"xpath","value":"//span[contains(text(), \"Work Breakdown Structure\")]"}
COMMAND: GET /session/ca2abbe84309923e96ecd53f817ddbdd/screenshot - {}
RESULT: {"using":"xpath","value":"//span[contains(text(), \"Work Breakdown Structure\")]"}
COMMAND: POST /session/ca2abbe84309923e96ecd53f817ddbdd/element/f.28BC222DDC5CE12B0F2B355DA12E6296.d.B7E448B2CBE5AB089FB17782ECB01727.e.1564/click - {}
RESULT: {}
RESULT: {}
COMMAND: GET /session/ca2abbe84309923e96ecd53f817ddbdd/screenshot - {}
RESULT: {}
COMMAND: POST /session/ca2abbe84309923e96ecd53f817ddbdd/execute/async - {"script":"<script> [1562 bytes]","args":[{"selector":{"id":"application-managesites-display-component---NewSite--addressNewCostObjectCstID-vhi"},"wdio_ui5_key":"applicationmanagesites-display-component---NewSite--addressNewCostObjectCstID-vhi"}]}
RESULT: {"script":"<script> [1562 bytes]","args":[{"selector":{"id":"application-managesites-display-component---NewSite--addressNewCostObjectCstID-vhi"},"wdio_ui5_key":"applicationmanagesites-display-component---NewSite--addressNewCostObjectCstID-vhi"}]}
RESULT: undefined
COMMAND: POST /session/ca2abbe84309923e96ecd53f817ddbdd/element - {"using":"xpath","value":"//*[@id=\"application-managesites-display-component---NewSite--addressNewCostObjectCstID-vhi\"]"}
RESULT: {"using":"xpath","value":"//*[@id=\"application-managesites-display-component---NewSite--addressNewCostObjectCstID-vhi\"]"}
COMMAND: POST /session/ca2abbe84309923e96ecd53f817ddbdd/element/f.28BC222DDC5CE12B0F2B355DA12E6296.d.B7E448B2CBE5AB089FB17782ECB01727.e.1569/click - {}
RESULT: {}
COMMAND: GET /session/ca2abbe84309923e96ecd53f817ddbdd/screenshot - {}
RESULT: {}
COMMAND: POST /session/ca2abbe84309923e96ecd53f817ddbdd/execute/async - {"script":"<script> [1562 bytes]","args":[{"selector":{"controlType":"sap.m.SearchField","properties":{"placeholder":"Search"},"searchOpenDialogs":true,"interaction":{"idSuffix":"I"}},"wdio_ui5_key":"sapm.SearchField{\"placeholder\":\"Search\"}"}]}
RESULT: {"script":"<script> [1562 bytes]","args":[{"selector":{"controlType":"sap.m.SearchField","properties":{"placeholder":"Search"},"searchOpenDialogs":true,"interaction":{"idSuffix":"I"}},"wdio_ui5_key":"sapm.SearchField{\"placeholder\":\"Search\"}"}]}
RESULT: undefined
COMMAND: POST /session/ca2abbe84309923e96ecd53f817ddbdd/execute/async - {"script":"<script> [776 bytes]","args":[{"enterText":"A1-000100-01","selector":{"controlType":"sap.m.SearchField","properties":{"placeholder":"Search"},"searchOpenDialogs":true,"interaction":{"idSuffix":"I"}},"clearTextFirst":true,"interactionType":"ENTER_TEXT"}]}
RESULT: {"script":"<script> [776 bytes]","args":[{"enterText":"A1-000100-01","selector":{"controlType":"sap.m.SearchField","properties":{"placeholder":"Search"},"searchOpenDialogs":true,"interaction":{"idSuffix":"I"}},"clearTextFirst":true,"interactionType":"ENTER_TEXT"}]}
COMMAND: POST /session/ca2abbe84309923e96ecd53f817ddbdd/actions - {"actions":[{"id":"action3","type":"key","parameters":{},"actions":[{"type":"keyDown","value":""},{"type":"pause","duration":10},{"type":"keyUp","value":""}]}]}
RESULT: {"actions":[{"id":"action3","type":"key","parameters":{},"actions":[{"type":"keyDown","value":""},{"type":"pause","duration":10},{"type":"keyUp","value":""}]}]}
COMMAND: GET /session/ca2abbe84309923e96ecd53f817ddbdd/screenshot - {}
RESULT: {}
COMMAND: POST /session/ca2abbe84309923e96ecd53f817ddbdd/element - {"using":"xpath","value":"//span[contains(text(), \"Template for ETO-Process\")]"}
RESULT: {"using":"xpath","value":"//span[contains(text(), \"Template for ETO-Process\")]"}
COMMAND: POST /session/ca2abbe84309923e96ecd53f817ddbdd/element/f.28BC222DDC5CE12B0F2B355DA12E6296.d.B7E448B2CBE5AB089FB17782ECB01727.e.1588/click - {}
RESULT: {}
COMMAND: GET /session/ca2abbe84309923e96ecd53f817ddbdd/screenshot - {}
RESULT: {}
COMMAND: POST /session/ca2abbe84309923e96ecd53f817ddbdd/element - {"using":"xpath","value":"//bdi[contains(text(), \"OK\")]"}
RESULT: {"using":"xpath","value":"//bdi[contains(text(), \"OK\")]"}
COMMAND: POST /session/ca2abbe84309923e96ecd53f817ddbdd/element/f.28BC222DDC5CE12B0F2B355DA12E6296.d.B7E448B2CBE5AB089FB17782ECB01727.e.1589/click - {}
RESULT: {}
COMMAND: GET /session/ca2abbe84309923e96ecd53f817ddbdd/screenshot - {}
RESULT: {}
COMMAND: POST /session/ca2abbe84309923e96ecd53f817ddbdd/element - {"using":"xpath","value":"//input[@id=\"application-managesites-display-component---NewSite--addressDetailDetailsYard-inner\"]"}
RESULT: {"using":"xpath","value":"//input[@id=\"application-managesites-display-component---NewSite--addressDetailDetailsYard-inner\"]"}
COMMAND: POST /session/ca2abbe84309923e96ecd53f817ddbdd/element/f.28BC222DDC5CE12B0F2B355DA12E6296.d.B7E448B2CBE5AB089FB17782ECB01727.e.1382/value - {"text":"WebdriverYardeom2e"}
RESULT: {"text":"WebdriverYardeom2e"}
COMMAND: GET /session/ca2abbe84309923e96ecd53f817ddbdd/screenshot - {}
RESULT: {}
COMMAND: POST /session/ca2abbe84309923e96ecd53f817ddbdd/actions - {"actions":[{"id":"action4","type":"key","parameters":{},"actions":[{"type":"keyDown","value":""},{"type":"pause","duration":10},{"type":"keyUp","value":""}]}]}
RESULT: {"actions":[{"id":"action4","type":"key","parameters":{},"actions":[{"type":"keyDown","value":""},{"type":"pause","duration":10},{"type":"keyUp","value":""}]}]}
COMMAND: GET /session/ca2abbe84309923e96ecd53f817ddbdd/screenshot - {}
RESULT: {}
COMMAND: POST /session/ca2abbe84309923e96ecd53f817ddbdd/element - {"using":"xpath","value":"//input[@id=\"application-managesites-display-component---NewSite--addressDetailDetailsPartner-inner\"]"}
RESULT: {"using":"xpath","value":"//input[@id=\"application-managesites-display-component---NewSite--addressDetailDetailsPartner-inner\"]"}
COMMAND: POST /session/ca2abbe84309923e96ecd53f817ddbdd/elements - {"using":"xpath","value":"//input[@id=\"application-managesites-display-component---NewSite--addressDetailDetailsPartner-inner\"]"}
RESULT: {"using":"xpath","value":"//input[@id=\"application-managesites-display-component---NewSite--addressDetailDetailsPartner-inner\"]"}
COMMAND: POST /session/ca2abbe84309923e96ecd53f817ddbdd/execute/async - {"script":"<script> [1562 bytes]","args":[{"selector":{"controlType":"sap.m.Button","viewName":"etm.portal.ui.managesites.view.NewSmartSite","viewId":"application-managesites-display-component---NewSite","properties":{"text":"Commercial"},"interaction":{"idSuffix":"BDI-content"}},"wdio_ui5_key":"etmportal.ui.managesites.view.NewSmartSitesap.m.Button{\"text\":\"Commercial\"}"}]}
RESULT: {"script":"<script> [1562 bytes]","args":[{"selector":{"controlType":"sap.m.Button","viewName":"etm.portal.ui.managesites.view.NewSmartSite","viewId":"application-managesites-display-component---NewSite","properties":{"text":"Commercial"},"interaction":{"idSuffix":"BDI-content"}},"wdio_ui5_key":"etmportal.ui.managesites.view.NewSmartSitesap.m.Button{\"text\":\"Commercial\"}"}]}
RESULT: undefined
COMMAND: POST /session/ca2abbe84309923e96ecd53f817ddbdd/element - {"using":"xpath","value":"//*[@id=\"application-managesites-display-component---NewSite--ObjectPageLayout-anchBar-__section5-anchor\"]"}
RESULT: {"using":"xpath","value":"//*[@id=\"application-managesites-display-component---NewSite--ObjectPageLayout-anchBar-__section5-anchor\"]"}
COMMAND: POST /session/ca2abbe84309923e96ecd53f817ddbdd/element/f.28BC222DDC5CE12B0F2B355DA12E6296.d.B7E448B2CBE5AB089FB17782ECB01727.e.1596/click - {}
RESULT: {}
COMMAND: POST /session/ca2abbe84309923e96ecd53f817ddbdd/execute/async - {"script":"<script> [1562 bytes]","args":[{"selector":{"controlType":"sap.m.Button","viewName":"etm.portal.ui.managesites.view.NewSmartSite","viewId":"application-managesites-display-component---NewSite","i18NText":{"propertyName":"text","key":"save"},"interaction":{"idSuffix":"BDI-content"}},"wdio_ui5_key":"etmportal.ui.managesites.view.NewSmartSitesap.m.Button{\"propertyName\":\"text\",\"key\":\"save\"}"}]}
COMMAND: GET /session/ca2abbe84309923e96ecd53f817ddbdd/screenshot - {}
RESULT: {"script":"<script> [1562 bytes]","args":[{"selector":{"controlType":"sap.m.Button","viewName":"etm.portal.ui.managesites.view.NewSmartSite","viewId":"application-managesites-display-component---NewSite","i18NText":{"propertyName":"text","key":"save"},"interaction":{"idSuffix":"BDI-content"}},"wdio_ui5_key":"etmportal.ui.managesites.view.NewSmartSitesap.m.Button{\"propertyName\":\"text\",\"key\":\"save\"}"}]}
RESULT: undefined
COMMAND: POST /session/ca2abbe84309923e96ecd53f817ddbdd/element - {"using":"xpath","value":"//*[@id=\"__button16\"]"}
RESULT: {}
RESULT: {"using":"xpath","value":"//*[@id=\"__button16\"]"}
COMMAND: POST /session/ca2abbe84309923e96ecd53f817ddbdd/element/f.28BC222DDC5CE12B0F2B355DA12E6296.d.B7E448B2CBE5AB089FB17782ECB01727.e.1542/click - {}
RESULT: {}
COMMAND: GET /session/ca2abbe84309923e96ecd53f817ddbdd/screenshot - {}
RESULT: {}
COMMAND: POST /session/ca2abbe84309923e96ecd53f817ddbdd/execute/async - {"script":"<script> [1562 bytes]","args":[{"selector":{"id":"application-managesites-display-component---detailSite--addressDetailDetailsYardText"},"wdio_ui5_key":"applicationmanagesites-display-component---detailSite--addressDetailDetailsYardText"}]}
RESULT: {"script":"<script> [1562 bytes]","args":[{"selector":{"id":"application-managesites-display-component---detailSite--addressDetailDetailsYardText"},"wdio_ui5_key":"applicationmanagesites-display-component---detailSite--addressDetailDetailsYardText"}]}
RESULT: undefined
COMMAND: POST /session/ca2abbe84309923e96ecd53f817ddbdd/element - {"using":"xpath","value":"//header/div/div[2]/div[2]/span"}
RESULT: {"using":"xpath","value":"//header/div/div[2]/div[2]/span"}
COMMAND: GET /session/ca2abbe84309923e96ecd53f817ddbdd/element/f.28BC222DDC5CE12B0F2B355DA12E6296.d.B7E448B2CBE5AB089FB17782ECB01727.e.1778/text - {}
RESULT: {}
COMMAND: POST /session/ca2abbe84309923e96ecd53f817ddbdd/element - {"using":"xpath","value":"//header/div/div/div/div/div/div[2]/div/span"}
RESULT: {"using":"xpath","value":"//header/div/div/div/div/div/div[2]/div/span"}
COMMAND: GET /session/ca2abbe84309923e96ecd53f817ddbdd/element/f.28BC222DDC5CE12B0F2B355DA12E6296.d.B7E448B2CBE5AB089FB17782ECB01727.e.1779/text - {}
RESULT: {}
COMMAND: POST /session/ca2abbe84309923e96ecd53f817ddbdd/element - {"using":"css selector","value":"#shell-header-logo"}
RESULT: {"using":"css selector","value":"#shell-header-logo"}
COMMAND: POST /session/ca2abbe84309923e96ecd53f817ddbdd/element/f.28BC222DDC5CE12B0F2B355DA12E6296.d.B7E448B2CBE5AB089FB17782ECB01727.e.1179/click - {}
RESULT: {}
COMMAND: GET /session/ca2abbe84309923e96ecd53f817ddbdd/screenshot - {}
RESULT: {}
COMMAND: POST /session/ca2abbe84309923e96ecd53f817ddbdd/execute/async - {"script":"<script> [1562 bytes]","args":[{"selector":{"controlType":"sap.m.GenericTile","properties":{"header":"Manage Partners"}},"wdio_ui5_key":"sapm.GenericTile{\"header\":\"Manage Partners\"}"}]}
RESULT: {"script":"<script> [1562 bytes]","args":[{"selector":{"controlType":"sap.m.GenericTile","properties":{"header":"Manage Partners"}},"wdio_ui5_key":"sapm.GenericTile{\"header\":\"Manage Partners\"}"}]}
RESULT: undefined
COMMAND: POST /session/ca2abbe84309923e96ecd53f817ddbdd/element - {"using":"xpath","value":"//*[@id=\"__tile38\"]"}
RESULT: {"using":"xpath","value":"//*[@id=\"__tile38\"]"}
COMMAND: POST /session/ca2abbe84309923e96ecd53f817ddbdd/element/f.28BC222DDC5CE12B0F2B355DA12E6296.d.B7E448B2CBE5AB089FB17782ECB01727.e.1781/click - {}
RESULT: {}
COMMAND: GET /session/ca2abbe84309923e96ecd53f817ddbdd/screenshot - {}
RESULT: {}
COMMAND: POST /session/ca2abbe84309923e96ecd53f817ddbdd/elements - {"using":"xpath","value":"//span[text()='Error']"}
RESULT: {"using":"xpath","value":"//span[text()='Error']"}
COMMAND: POST /session/ca2abbe84309923e96ecd53f817ddbdd/execute/async - {"script":"<script> [1562 bytes]","args":[{"selector":{"controlType":"sap.ui.core.Icon","viewName":"etm.portal.ui.managepartners.view.Master","viewId":"application-managepartners-display-component---masterPtm","properties":{"src":{"regex":{"source":"add"}}}},"wdio_ui5_key":"etmportal.ui.managepartners.view.Mastersap.ui.core.Icon{\"src\":{\"regex\":{\"source\":\"add\"}}}"}]}
RESULT: {"script":"<script> [1562 bytes]","args":[{"selector":{"controlType":"sap.ui.core.Icon","viewName":"etm.portal.ui.managepartners.view.Master","viewId":"application-managepartners-display-component---masterPtm","properties":{"src":{"regex":{"source":"add"}}}},"wdio_ui5_key":"etmportal.ui.managepartners.view.Mastersap.ui.core.Icon{\"src\":{\"regex\":{\"source\":\"add\"}}}"}]}
RESULT: undefined
COMMAND: POST /session/ca2abbe84309923e96ecd53f817ddbdd/element - {"using":"xpath","value":"//*[@id=\"__button60-img\"]"}
RESULT: {"using":"xpath","value":"//*[@id=\"__button60-img\"]"}
COMMAND: POST /session/ca2abbe84309923e96ecd53f817ddbdd/element/f.28BC222DDC5CE12B0F2B355DA12E6296.d.B7E448B2CBE5AB089FB17782ECB01727.e.1831/click - {}
RESULT: {}
COMMAND: GET /session/ca2abbe84309923e96ecd53f817ddbdd/screenshot - {}
RESULT: {}
COMMAND: POST /session/ca2abbe84309923e96ecd53f817ddbdd/execute/async - {"script":"<script> [1562 bytes]","args":[{"selector":{"id":"application-managepartners-display-component---NewPartner--partnerId","interaction":{"idSuffix":"inner"}},"wdio_ui5_key":"applicationmanagepartners-display-component---NewPartner--partnerId"}]}
RESULT: {"script":"<script> [1562 bytes]","args":[{"selector":{"id":"application-managepartners-display-component---NewPartner--partnerId","interaction":{"idSuffix":"inner"}},"wdio_ui5_key":"applicationmanagepartners-display-component---NewPartner--partnerId"}]}
RESULT: undefined
COMMAND: POST /session/ca2abbe84309923e96ecd53f817ddbdd/execute/async - {"script":"<script> [1562 bytes]","args":[{"selector":{"id":"application-managepartners-display-component---NewPartner--addressDetailDetailsName1","interaction":{"idSuffix":"inner"}},"wdio_ui5_key":"applicationmanagepartners-display-component---NewPartner--addressDetailDetailsName1"}]}
RESULT: {"script":"<script> [1562 bytes]","args":[{"selector":{"id":"application-managepartners-display-component---NewPartner--addressDetailDetailsName1","interaction":{"idSuffix":"inner"}},"wdio_ui5_key":"applicationmanagepartners-display-component---NewPartner--addressDetailDetailsName1"}]}
RESULT: undefined
COMMAND: POST /session/ca2abbe84309923e96ecd53f817ddbdd/execute/async - {"script":"<script> [776 bytes]","args":[{"enterText":"WebdriverPartnerziwx","selector":{"id":"application-managepartners-display-component---NewPartner--addressDetailDetailsName1","interaction":{"idSuffix":"inner"}},"clearTextFirst":true,"interactionType":"ENTER_TEXT"}]}
RESULT: {"script":"<script> [776 bytes]","args":[{"enterText":"WebdriverPartnerziwx","selector":{"id":"application-managepartners-display-component---NewPartner--addressDetailDetailsName1","interaction":{"idSuffix":"inner"}},"clearTextFirst":true,"interactionType":"ENTER_TEXT"}]}
COMMAND: POST /session/ca2abbe84309923e96ecd53f817ddbdd/execute/async - {"script":"<script> [1562 bytes]","args":[{"selector":{"id":"application-managepartners-display-component---NewPartner--addressDetailDetailsLanguage","interaction":{"idSuffix":"inner"}},"wdio_ui5_key":"applicationmanagepartners-display-component---NewPartner--addressDetailDetailsLanguage"}]}
RESULT: {"script":"<script> [1562 bytes]","args":[{"selector":{"id":"application-managepartners-display-component---NewPartner--addressDetailDetailsLanguage","interaction":{"idSuffix":"inner"}},"wdio_ui5_key":"applicationmanagepartners-display-component---NewPartner--addressDetailDetailsLanguage"}]}
RESULT: undefined
COMMAND: POST /session/ca2abbe84309923e96ecd53f817ddbdd/execute/async - {"script":"<script> [776 bytes]","args":[{"enterText":"Romanian","selector":{"id":"application-managepartners-display-component---NewPartner--addressDetailDetailsLanguage","interaction":{"idSuffix":"inner"}},"clearTextFirst":true,"interactionType":"ENTER_TEXT"}]}
RESULT: {"script":"<script> [776 bytes]","args":[{"enterText":"Romanian","selector":{"id":"application-managepartners-display-component---NewPartner--addressDetailDetailsLanguage","interaction":{"idSuffix":"inner"}},"clearTextFirst":true,"interactionType":"ENTER_TEXT"}]}
COMMAND: POST /session/ca2abbe84309923e96ecd53f817ddbdd/element - {"using":"xpath","value":"//input[contains(@id ,\"application-managepartners-display-component---NewPartner--addressDetailDetailsName1-inner\")]"}
RESULT: {"using":"xpath","value":"//input[contains(@id ,\"application-managepartners-display-component---NewPartner--addressDetailDetailsName1-inner\")]"}
COMMAND: GET /session/ca2abbe84309923e96ecd53f817ddbdd/element/f.28BC222DDC5CE12B0F2B355DA12E6296.d.B7E448B2CBE5AB089FB17782ECB01727.e.1971/property/value - {}
RESULT: {}
COMMAND: POST /session/ca2abbe84309923e96ecd53f817ddbdd/execute/async - {"script":"<script> [1562 bytes]","args":[{"selector":{"id":"application-managepartners-display-component---NewPartner--addressDetailDetailsCity1","interaction":{"idSuffix":"inner"}},"wdio_ui5_key":"applicationmanagepartners-display-component---NewPartner--addressDetailDetailsCity1"}]}
COMMAND: GET /session/ca2abbe84309923e96ecd53f817ddbdd/screenshot - {}
RESULT: {"script":"<script> [1562 bytes]","args":[{"selector":{"id":"application-managepartners-display-component---NewPartner--addressDetailDetailsCity1","interaction":{"idSuffix":"inner"}},"wdio_ui5_key":"applicationmanagepartners-display-component---NewPartner--addressDetailDetailsCity1"}]}
RESULT: undefined
COMMAND: POST /session/ca2abbe84309923e96ecd53f817ddbdd/execute/async - {"script":"<script> [776 bytes]","args":[{"enterText":"Bucharest","selector":{"id":"application-managepartners-display-component---NewPartner--addressDetailDetailsCity1","interaction":{"idSuffix":"inner"}},"clearTextFirst":true,"interactionType":"ENTER_TEXT"}]}
RESULT: {}
RESULT: {"script":"<script> [776 bytes]","args":[{"enterText":"Bucharest","selector":{"id":"application-managepartners-display-component---NewPartner--addressDetailDetailsCity1","interaction":{"idSuffix":"inner"}},"clearTextFirst":true,"interactionType":"ENTER_TEXT"}]}
COMMAND: POST /session/ca2abbe84309923e96ecd53f817ddbdd/execute/async - {"script":"<script> [1562 bytes]","args":[{"selector":{"id":"application-managepartners-display-component---NewPartner--addressDetailDetailsCountry","interaction":{"idSuffix":"inner"}},"wdio_ui5_key":"applicationmanagepartners-display-component---NewPartner--addressDetailDetailsCountry"}]}
RESULT: {"script":"<script> [1562 bytes]","args":[{"selector":{"id":"application-managepartners-display-component---NewPartner--addressDetailDetailsCountry","interaction":{"idSuffix":"inner"}},"wdio_ui5_key":"applicationmanagepartners-display-component---NewPartner--addressDetailDetailsCountry"}]}
RESULT: undefined
COMMAND: POST /session/ca2abbe84309923e96ecd53f817ddbdd/execute/async - {"script":"<script> [6424 bytes]","args":[{"element-6066-11e4-a52e-4f735466cecf":"f.28BC222DDC5CE12B0F2B355DA12E6296.d.B7E448B2CBE5AB089FB17782ECB01727.e.1978"},"setValue",["Romania"]]}
RESULT: {"script":"<script> [6424 bytes]","args":[{"element-6066-11e4-a52e-4f735466cecf":"f.28BC222DDC5CE12B0F2B355DA12E6296.d.B7E448B2CBE5AB089FB17782ECB01727.e.1978"},"setValue",["Romania"]]}
COMMAND: POST /session/ca2abbe84309923e96ecd53f817ddbdd/execute/async - {"script":"<script> [1562 bytes]","args":[{"selector":{"id":"application-managepartners-display-component---NewPartner--partnerDetailInternal","interaction":{"idSuffix":"inner"}},"wdio_ui5_key":"applicationmanagepartners-display-component---NewPartner--partnerDetailInternal"}]}
RESULT: {"script":"<script> [1562 bytes]","args":[{"selector":{"id":"application-managepartners-display-component---NewPartner--partnerDetailInternal","interaction":{"idSuffix":"inner"}},"wdio_ui5_key":"applicationmanagepartners-display-component---NewPartner--partnerDetailInternal"}]}
RESULT: undefined
COMMAND: POST /session/ca2abbe84309923e96ecd53f817ddbdd/execute/async - {"script":"<script> [776 bytes]","args":[{"enterText":"External partner","selector":{"id":"application-managepartners-display-component---NewPartner--partnerDetailInternal","interaction":{"idSuffix":"inner"}},"clearTextFirst":true,"interactionType":"ENTER_TEXT"}]}
RESULT: {"script":"<script> [776 bytes]","args":[{"enterText":"External partner","selector":{"id":"application-managepartners-display-component---NewPartner--partnerDetailInternal","interaction":{"idSuffix":"inner"}},"clearTextFirst":true,"interactionType":"ENTER_TEXT"}]}
COMMAND: POST /session/ca2abbe84309923e96ecd53f817ddbdd/execute/async - {"script":"<script> [1562 bytes]","args":[{"selector":{"id":"application-managepartners-display-component---NewPartner--partnerDetailsCurrency","interaction":{"idSuffix":"inner"}},"wdio_ui5_key":"applicationmanagepartners-display-component---NewPartner--partnerDetailsCurrency"}]}
RESULT: {"script":"<script> [1562 bytes]","args":[{"selector":{"id":"application-managepartners-display-component---NewPartner--partnerDetailsCurrency","interaction":{"idSuffix":"inner"}},"wdio_ui5_key":"applicationmanagepartners-display-component---NewPartner--partnerDetailsCurrency"}]}
RESULT: undefined
COMMAND: POST /session/ca2abbe84309923e96ecd53f817ddbdd/execute/async - {"script":"<script> [776 bytes]","args":[{"enterText":"Euro","selector":{"id":"application-managepartners-display-component---NewPartner--partnerDetailsCurrency","interaction":{"idSuffix":"inner"}},"clearTextFirst":true,"interactionType":"ENTER_TEXT"}]}
RESULT: {"script":"<script> [776 bytes]","args":[{"enterText":"Euro","selector":{"id":"application-managepartners-display-component---NewPartner--partnerDetailsCurrency","interaction":{"idSuffix":"inner"}},"clearTextFirst":true,"interactionType":"ENTER_TEXT"}]}
COMMAND: POST /session/ca2abbe84309923e96ecd53f817ddbdd/execute/async - {"script":"<script> [1562 bytes]","args":[{"selector":{"controlType":"sap.m.Button","viewName":"etm.portal.ui.managepartners.view.NewPartner","viewId":"application-managepartners-display-component---NewPartner","properties":{"text":"Commercial"},"interaction":{"idSuffix":"BDI-content"}},"wdio_ui5_key":"etmportal.ui.managepartners.view.NewPartnersap.m.Button{\"text\":\"Commercial\"}"}]}
RESULT: {"script":"<script> [1562 bytes]","args":[{"selector":{"controlType":"sap.m.Button","viewName":"etm.portal.ui.managepartners.view.NewPartner","viewId":"application-managepartners-display-component---NewPartner","properties":{"text":"Commercial"},"interaction":{"idSuffix":"BDI-content"}},"wdio_ui5_key":"etmportal.ui.managepartners.view.NewPartnersap.m.Button{\"text\":\"Commercial\"}"}]}
RESULT: undefined
COMMAND: POST /session/ca2abbe84309923e96ecd53f817ddbdd/element - {"using":"xpath","value":"//*[@id=\"application-managepartners-display-component---NewPartner--ObjectPageLayout-anchBar-__section29-anchor\"]"}
RESULT: {"using":"xpath","value":"//*[@id=\"application-managepartners-display-component---NewPartner--ObjectPageLayout-anchBar-__section29-anchor\"]"}
COMMAND: POST /session/ca2abbe84309923e96ecd53f817ddbdd/element/f.28BC222DDC5CE12B0F2B355DA12E6296.d.B7E448B2CBE5AB089FB17782ECB01727.e.2192/click - {}
RESULT: {}
COMMAND: GET /session/ca2abbe84309923e96ecd53f817ddbdd/screenshot - {}
RESULT: {}
COMMAND: POST /session/ca2abbe84309923e96ecd53f817ddbdd/execute/async - {"script":"<script> [1562 bytes]","args":[{"selector":{"id":"application-managepartners-display-component---NewPartner--btnAddTableRow-img"},"wdio_ui5_key":"applicationmanagepartners-display-component---NewPartner--btnAddTableRow-img"}]}
RESULT: {"script":"<script> [1562 bytes]","args":[{"selector":{"id":"application-managepartners-display-component---NewPartner--btnAddTableRow-img"},"wdio_ui5_key":"applicationmanagepartners-display-component---NewPartner--btnAddTableRow-img"}]}
RESULT: undefined
COMMAND: POST /session/ca2abbe84309923e96ecd53f817ddbdd/element - {"using":"xpath","value":"//*[@id=\"application-managepartners-display-component---NewPartner--btnAddTableRow-img\"]"}
RESULT: {"using":"xpath","value":"//*[@id=\"application-managepartners-display-component---NewPartner--btnAddTableRow-img\"]"}
COMMAND: POST /session/ca2abbe84309923e96ecd53f817ddbdd/element/f.28BC222DDC5CE12B0F2B355DA12E6296.d.B7E448B2CBE5AB089FB17782ECB01727.e.2198/click - {}
RESULT: {}
COMMAND: POST /session/ca2abbe84309923e96ecd53f817ddbdd/element - {"using":"xpath","value":"//input[contains(@id ,\"application-managepartners-display-component---NewPartner--assignmentYard-application-managepartners-display-component---NewPartner\")]"}
COMMAND: GET /session/ca2abbe84309923e96ecd53f817ddbdd/screenshot - {}
RESULT: {"using":"xpath","value":"//input[contains(@id ,\"application-managepartners-display-component---NewPartner--assignmentYard-application-managepartners-display-component---NewPartner\")]"}
COMMAND: POST /session/ca2abbe84309923e96ecd53f817ddbdd/element/f.28BC222DDC5CE12B0F2B355DA12E6296.d.B7E448B2CBE5AB089FB17782ECB01727.e.2201/clear - {}
RESULT: {}
RESULT: {}
COMMAND: POST /session/ca2abbe84309923e96ecd53f817ddbdd/element/f.28BC222DDC5CE12B0F2B355DA12E6296.d.B7E448B2CBE5AB089FB17782ECB01727.e.2201/value - {"text":"WebdriverYardeom2e"}
COMMAND: GET /session/ca2abbe84309923e96ecd53f817ddbdd/screenshot - {}
RESULT: {"text":"WebdriverYardeom2e"}
COMMAND: GET /session/ca2abbe84309923e96ecd53f817ddbdd/screenshot - {}
RESULT: {}
RESULT: {}
COMMAND: POST /session/ca2abbe84309923e96ecd53f817ddbdd/execute/async - {"script":"<script> [1562 bytes]","args":[{"selector":{"controlType":"sap.m.Button","viewName":"etm.portal.ui.managepartners.view.NewPartner","viewId":"application-managepartners-display-component---NewPartner","i18NText":{"propertyName":"text","key":"save"},"interaction":{"idSuffix":"BDI-content"}},"wdio_ui5_key":"etmportal.ui.managepartners.view.NewPartnersap.m.Button{\"propertyName\":\"text\",\"key\":\"save\"}"}]}
RESULT: {"script":"<script> [1562 bytes]","args":[{"selector":{"controlType":"sap.m.Button","viewName":"etm.portal.ui.managepartners.view.NewPartner","viewId":"application-managepartners-display-component---NewPartner","i18NText":{"propertyName":"text","key":"save"},"interaction":{"idSuffix":"BDI-content"}},"wdio_ui5_key":"etmportal.ui.managepartners.view.NewPartnersap.m.Button{\"propertyName\":\"text\",\"key\":\"save\"}"}]}
RESULT: undefined
COMMAND: POST /session/ca2abbe84309923e96ecd53f817ddbdd/element - {"using":"xpath","value":"//*[@id=\"__button68\"]"}
RESULT: {"using":"xpath","value":"//*[@id=\"__button68\"]"}
COMMAND: POST /session/ca2abbe84309923e96ecd53f817ddbdd/element/f.28BC222DDC5CE12B0F2B355DA12E6296.d.B7E448B2CBE5AB089FB17782ECB01727.e.2169/click - {}
RESULT: {}
COMMAND: GET /session/ca2abbe84309923e96ecd53f817ddbdd/screenshot - {}
RESULT: {}
COMMAND: POST /session/ca2abbe84309923e96ecd53f817ddbdd/element - {"using":"xpath","value":"//header/div/div[2]/div[2]/span"}
RESULT: {"using":"xpath","value":"//header/div/div[2]/div[2]/span"}
COMMAND: GET /session/ca2abbe84309923e96ecd53f817ddbdd/element/f.28BC222DDC5CE12B0F2B355DA12E6296.d.B7E448B2CBE5AB089FB17782ECB01727.e.2339/text - {}
RESULT: {}
COMMAND: POST /session/ca2abbe84309923e96ecd53f817ddbdd/element - {"using":"xpath","value":"//header/div/div/div/div/div/div[2]/div/span"}
RESULT: {"using":"xpath","value":"//header/div/div/div/div/div/div[2]/div/span"}
COMMAND: GET /session/ca2abbe84309923e96ecd53f817ddbdd/element/f.28BC222DDC5CE12B0F2B355DA12E6296.d.B7E448B2CBE5AB089FB17782ECB01727.e.2340/text - {}
RESULT: {}
COMMAND: POST /session/ca2abbe84309923e96ecd53f817ddbdd/execute/async - {"script":"<script> [1562 bytes]","args":[{"selector":{"id":"application-managepartners-display-component---detailPtm--partnerType"},"wdio_ui5_key":"applicationmanagepartners-display-component---detailPtm--partnerType"}]}
RESULT: {"script":"<script> [1562 bytes]","args":[{"selector":{"id":"application-managepartners-display-component---detailPtm--partnerType"},"wdio_ui5_key":"applicationmanagepartners-display-component---detailPtm--partnerType"}]}
RESULT: undefined
COMMAND: POST /session/ca2abbe84309923e96ecd53f817ddbdd/execute/async - {"script":"<script> [6424 bytes]","args":[{"element-6066-11e4-a52e-4f735466cecf":"f.28BC222DDC5CE12B0F2B355DA12E6296.d.B7E448B2CBE5AB089FB17782ECB01727.e.2341"},"getText",[]]}
RESULT: {"script":"<script> [6424 bytes]","args":[{"element-6066-11e4-a52e-4f735466cecf":"f.28BC222DDC5CE12B0F2B355DA12E6296.d.B7E448B2CBE5AB089FB17782ECB01727.e.2341"},"getText",[]]}
COMMAND: POST /session/ca2abbe84309923e96ecd53f817ddbdd/element - {"using":"css selector","value":"#shell-header-logo"}
RESULT: {"using":"css selector","value":"#shell-header-logo"}
COMMAND: POST /session/ca2abbe84309923e96ecd53f817ddbdd/element/f.28BC222DDC5CE12B0F2B355DA12E6296.d.B7E448B2CBE5AB089FB17782ECB01727.e.1784/click - {}
RESULT: {}
COMMAND: GET /session/ca2abbe84309923e96ecd53f817ddbdd/screenshot - {}
RESULT: {}
]]></system-out>
    </testcase>
    <testcase classname="chrome.136_0_7103_93.windows.Webshop_-_Hyperlinks_visible_and_working_properly__US139085" name="Should create a new contract" time="110.663">
      <system-out><![CDATA[
COMMAND: POST /session/ca2abbe84309923e96ecd53f817ddbdd/execute/async - {"script":"<script> [1562 bytes]","args":[{"selector":{"controlType":"sap.m.GenericTile","properties":{"header":"Manage Contracts"}},"wdio_ui5_key":"sapm.GenericTile{\"header\":\"Manage Contracts\"}"}]}
RESULT: {"script":"<script> [1562 bytes]","args":[{"selector":{"controlType":"sap.m.GenericTile","properties":{"header":"Manage Contracts"}},"wdio_ui5_key":"sapm.GenericTile{\"header\":\"Manage Contracts\"}"}]}
RESULT: undefined
COMMAND: POST /session/ca2abbe84309923e96ecd53f817ddbdd/element - {"using":"xpath","value":"//*[@id=\"__tile130\"]"}
RESULT: {"using":"xpath","value":"//*[@id=\"__tile130\"]"}
COMMAND: POST /session/ca2abbe84309923e96ecd53f817ddbdd/element/f.28BC222DDC5CE12B0F2B355DA12E6296.d.B7E448B2CBE5AB089FB17782ECB01727.e.2343/click - {}
RESULT: {}
COMMAND: GET /session/ca2abbe84309923e96ecd53f817ddbdd/screenshot - {}
RESULT: {}
COMMAND: POST /session/ca2abbe84309923e96ecd53f817ddbdd/elements - {"using":"xpath","value":"//span[text()='Error']"}
RESULT: {"using":"xpath","value":"//span[text()='Error']"}
COMMAND: POST /session/ca2abbe84309923e96ecd53f817ddbdd/element - {"using":"xpath","value":"//button[@data-kt=\"addButton\"]"}
RESULT: {"using":"xpath","value":"//button[@data-kt=\"addButton\"]"}
COMMAND: POST /session/ca2abbe84309923e96ecd53f817ddbdd/element/f.28BC222DDC5CE12B0F2B355DA12E6296.d.B7E448B2CBE5AB089FB17782ECB01727.e.2397/click - {}
RESULT: {}
COMMAND: GET /session/ca2abbe84309923e96ecd53f817ddbdd/screenshot - {}
RESULT: {}
COMMAND: POST /session/ca2abbe84309923e96ecd53f817ddbdd/execute/async - {"script":"<script> [1562 bytes]","args":[{"selector":{"id":"application-managecontracts-display-component---AddNewContract--projectDescription","interaction":{"idSuffix":"inner"}},"wdio_ui5_key":"applicationmanagecontracts-display-component---AddNewContract--projectDescription"}]}
RESULT: {"script":"<script> [1562 bytes]","args":[{"selector":{"id":"application-managecontracts-display-component---AddNewContract--projectDescription","interaction":{"idSuffix":"inner"}},"wdio_ui5_key":"applicationmanagecontracts-display-component---AddNewContract--projectDescription"}]}
RESULT: undefined
COMMAND: POST /session/ca2abbe84309923e96ecd53f817ddbdd/execute/async - {"script":"<script> [776 bytes]","args":[{"enterText":"WdIOR2ciogdh","selector":{"id":"application-managecontracts-display-component---AddNewContract--projectDescription","interaction":{"idSuffix":"inner"}},"clearTextFirst":true,"interactionType":"ENTER_TEXT"}]}
RESULT: {"script":"<script> [776 bytes]","args":[{"enterText":"WdIOR2ciogdh","selector":{"id":"application-managecontracts-display-component---AddNewContract--projectDescription","interaction":{"idSuffix":"inner"}},"clearTextFirst":true,"interactionType":"ENTER_TEXT"}]}
COMMAND: POST /session/ca2abbe84309923e96ecd53f817ddbdd/element - {"using":"xpath","value":"//input[@id=\"application-managecontracts-display-component---AddNewContract--yardId-inner\"]"}
RESULT: {"using":"xpath","value":"//input[@id=\"application-managecontracts-display-component---AddNewContract--yardId-inner\"]"}
COMMAND: POST /session/ca2abbe84309923e96ecd53f817ddbdd/element/f.28BC222DDC5CE12B0F2B355DA12E6296.d.B7E448B2CBE5AB089FB17782ECB01727.e.2661/clear - {}
RESULT: {}
COMMAND: POST /session/ca2abbe84309923e96ecd53f817ddbdd/element/f.28BC222DDC5CE12B0F2B355DA12E6296.d.B7E448B2CBE5AB089FB17782ECB01727.e.2661/value - {"text":"WebdriverYardeom2e"}
COMMAND: GET /session/ca2abbe84309923e96ecd53f817ddbdd/screenshot - {}
RESULT: {"text":"WebdriverYardeom2e"}
COMMAND: GET /session/ca2abbe84309923e96ecd53f817ddbdd/screenshot - {}
RESULT: {}
RESULT: {}
COMMAND: POST /session/ca2abbe84309923e96ecd53f817ddbdd/actions - {"actions":[{"id":"action5","type":"key","parameters":{},"actions":[{"type":"keyDown","value":""},{"type":"pause","duration":10},{"type":"keyUp","value":""}]}]}
RESULT: {"actions":[{"id":"action5","type":"key","parameters":{},"actions":[{"type":"keyDown","value":""},{"type":"pause","duration":10},{"type":"keyUp","value":""}]}]}
COMMAND: GET /session/ca2abbe84309923e96ecd53f817ddbdd/screenshot - {}
RESULT: {}
COMMAND: POST /session/ca2abbe84309923e96ecd53f817ddbdd/element - {"using":"xpath","value":"//input[@id=\"application-managecontracts-display-component---AddNewContract--customerSelect-inner\"]"}
RESULT: {"using":"xpath","value":"//input[@id=\"application-managecontracts-display-component---AddNewContract--customerSelect-inner\"]"}
COMMAND: POST /session/ca2abbe84309923e96ecd53f817ddbdd/element/f.28BC222DDC5CE12B0F2B355DA12E6296.d.B7E448B2CBE5AB089FB17782ECB01727.e.2659/clear - {}
RESULT: {}
COMMAND: POST /session/ca2abbe84309923e96ecd53f817ddbdd/element/f.28BC222DDC5CE12B0F2B355DA12E6296.d.B7E448B2CBE5AB089FB17782ECB01727.e.2659/value - {"text":"WebdriverPartnerziwx"}
COMMAND: GET /session/ca2abbe84309923e96ecd53f817ddbdd/screenshot - {}
RESULT: {"text":"WebdriverPartnerziwx"}
COMMAND: GET /session/ca2abbe84309923e96ecd53f817ddbdd/screenshot - {}
RESULT: {}
RESULT: {}
COMMAND: POST /session/ca2abbe84309923e96ecd53f817ddbdd/actions - {"actions":[{"id":"action6","type":"key","parameters":{},"actions":[{"type":"keyDown","value":""},{"type":"pause","duration":10},{"type":"keyUp","value":""}]}]}
RESULT: {"actions":[{"id":"action6","type":"key","parameters":{},"actions":[{"type":"keyDown","value":""},{"type":"pause","duration":10},{"type":"keyUp","value":""}]}]}
COMMAND: GET /session/ca2abbe84309923e96ecd53f817ddbdd/screenshot - {}
RESULT: {}
COMMAND: POST /session/ca2abbe84309923e96ecd53f817ddbdd/element - {"using":"xpath","value":"//input[@id=\"application-managecontracts-display-component---AddNewContract--site-inner\"]"}
RESULT: {"using":"xpath","value":"//input[@id=\"application-managecontracts-display-component---AddNewContract--site-inner\"]"}
COMMAND: POST /session/ca2abbe84309923e96ecd53f817ddbdd/element/f.28BC222DDC5CE12B0F2B355DA12E6296.d.B7E448B2CBE5AB089FB17782ECB01727.e.2660/clear - {}
RESULT: {}
COMMAND: POST /session/ca2abbe84309923e96ecd53f817ddbdd/element/f.28BC222DDC5CE12B0F2B355DA12E6296.d.B7E448B2CBE5AB089FB17782ECB01727.e.2660/value - {"text":"WebdriverSitevxpbr"}
COMMAND: GET /session/ca2abbe84309923e96ecd53f817ddbdd/screenshot - {}
RESULT: {"text":"WebdriverSitevxpbr"}
COMMAND: GET /session/ca2abbe84309923e96ecd53f817ddbdd/screenshot - {}
RESULT: {}
RESULT: {}
COMMAND: POST /session/ca2abbe84309923e96ecd53f817ddbdd/actions - {"actions":[{"id":"action7","type":"key","parameters":{},"actions":[{"type":"keyDown","value":""},{"type":"pause","duration":10},{"type":"keyUp","value":""}]}]}
RESULT: {"actions":[{"id":"action7","type":"key","parameters":{},"actions":[{"type":"keyDown","value":""},{"type":"pause","duration":10},{"type":"keyUp","value":""}]}]}
COMMAND: GET /session/ca2abbe84309923e96ecd53f817ddbdd/screenshot - {}
RESULT: {}
COMMAND: POST /session/ca2abbe84309923e96ecd53f817ddbdd/element - {"using":"xpath","value":"//button[@data-kt=\"saveButton\"]"}
RESULT: {"using":"xpath","value":"//button[@data-kt=\"saveButton\"]"}
COMMAND: POST /session/ca2abbe84309923e96ecd53f817ddbdd/element/f.28BC222DDC5CE12B0F2B355DA12E6296.d.B7E448B2CBE5AB089FB17782ECB01727.e.2735/click - {}
RESULT: {}
COMMAND: GET /session/ca2abbe84309923e96ecd53f817ddbdd/screenshot - {}
RESULT: {}
COMMAND: POST /session/ca2abbe84309923e96ecd53f817ddbdd/execute/async - {"script":"<script> [1562 bytes]","args":[{"selector":{"id":"contractDetailTitleNoExpanded","viewName":"etm.portal.ui.managecontracts.view.Detail"},"wdio_ui5_key":"contractDetailTitleNoExpandedetmportal.ui.managecontracts.view.Detail"}]}
RESULT: {"script":"<script> [1562 bytes]","args":[{"selector":{"id":"contractDetailTitleNoExpanded","viewName":"etm.portal.ui.managecontracts.view.Detail"},"wdio_ui5_key":"contractDetailTitleNoExpandedetmportal.ui.managecontracts.view.Detail"}]}
RESULT: undefined
COMMAND: POST /session/ca2abbe84309923e96ecd53f817ddbdd/execute/async - {"script":"<script> [6424 bytes]","args":[{"element-6066-11e4-a52e-4f735466cecf":"f.28BC222DDC5CE12B0F2B355DA12E6296.d.B7E448B2CBE5AB089FB17782ECB01727.e.2815"},"getText",[]]}
RESULT: {"script":"<script> [6424 bytes]","args":[{"element-6066-11e4-a52e-4f735466cecf":"f.28BC222DDC5CE12B0F2B355DA12E6296.d.B7E448B2CBE5AB089FB17782ECB01727.e.2815"},"getText",[]]}
COMMAND: POST /session/ca2abbe84309923e96ecd53f817ddbdd/element - {"using":"css selector","value":"#shell-header-logo"}
RESULT: {"using":"css selector","value":"#shell-header-logo"}
COMMAND: POST /session/ca2abbe84309923e96ecd53f817ddbdd/element/f.28BC222DDC5CE12B0F2B355DA12E6296.d.B7E448B2CBE5AB089FB17782ECB01727.e.2346/click - {}
RESULT: {}
COMMAND: GET /session/ca2abbe84309923e96ecd53f817ddbdd/screenshot - {}
RESULT: {}
]]></system-out>
    </testcase>
    <testcase classname="chrome.136_0_7103_93.windows.Webshop_-_Hyperlinks_visible_and_working_properly__US139085" name="Should create a new webshop request and verify yard hyperlinks" time="260.052">
      <system-out><![CDATA[
COMMAND: POST /session/ca2abbe84309923e96ecd53f817ddbdd/execute/async - {"script":"<script> [1562 bytes]","args":[{"selector":{"controlType":"sap.m.GenericTile","properties":{"header":"Webshop"}},"wdio_ui5_key":"sapm.GenericTile{\"header\":\"Webshop\"}"}]}
RESULT: {"script":"<script> [1562 bytes]","args":[{"selector":{"controlType":"sap.m.GenericTile","properties":{"header":"Webshop"}},"wdio_ui5_key":"sapm.GenericTile{\"header\":\"Webshop\"}"}]}
RESULT: undefined
COMMAND: POST /session/ca2abbe84309923e96ecd53f817ddbdd/element - {"using":"xpath","value":"//*[@id=\"__tile49\"]"}
RESULT: {"using":"xpath","value":"//*[@id=\"__tile49\"]"}
COMMAND: POST /session/ca2abbe84309923e96ecd53f817ddbdd/element/f.28BC222DDC5CE12B0F2B355DA12E6296.d.B7E448B2CBE5AB089FB17782ECB01727.e.2818/click - {}
RESULT: {}
COMMAND: GET /session/ca2abbe84309923e96ecd53f817ddbdd/screenshot - {}
RESULT: {}
COMMAND: POST /session/ca2abbe84309923e96ecd53f817ddbdd/elements - {"using":"xpath","value":"//span[text()='Error']"}
RESULT: {"using":"xpath","value":"//span[text()='Error']"}
COMMAND: POST /session/ca2abbe84309923e96ecd53f817ddbdd/element - {"using":"css selector","value":"#requestCreationDialog--createRequestPopUp-title-inner"}
RESULT: {"using":"css selector","value":"#requestCreationDialog--createRequestPopUp-title-inner"}
COMMAND: POST /session/ca2abbe84309923e96ecd53f817ddbdd/execute/sync - {"script":"<script> [8489 bytes]","args":[{"element-6066-11e4-a52e-4f735466cecf":"f.28BC222DDC5CE12B0F2B355DA12E6296.d.B7E448B2CBE5AB089FB17782ECB01727.e.2845","ELEMENT":"f.28BC222DDC5CE12B0F2B355DA12E6296.d.B7E448B2CBE5AB089FB17782ECB01727.e.2845"}]}
RESULT: {"script":"<script> [8489 bytes]","args":[{"element-6066-11e4-a52e-4f735466cecf":"f.28BC222DDC5CE12B0F2B355DA12E6296.d.B7E448B2CBE5AB089FB17782ECB01727.e.2845","ELEMENT":"f.28BC222DDC5CE12B0F2B355DA12E6296.d.B7E448B2CBE5AB089FB17782ECB01727.e.2845"}]}
COMMAND: GET /session/ca2abbe84309923e96ecd53f817ddbdd/element/f.28BC222DDC5CE12B0F2B355DA12E6296.d.B7E448B2CBE5AB089FB17782ECB01727.e.2845/enabled - {}
COMMAND: GET /session/ca2abbe84309923e96ecd53f817ddbdd/screenshot - {}
RESULT: {}
COMMAND: POST /session/ca2abbe84309923e96ecd53f817ddbdd/execute/async - {"script":"<script> [1562 bytes]","args":[{"selector":{"id":"requestCreationDialog--requestName","searchOpenDialogs":true,"interaction":{"idSuffix":"inner"}},"wdio_ui5_key":"requestCreationDialogrequestName"}]}
COMMAND: GET /session/ca2abbe84309923e96ecd53f817ddbdd/screenshot - {}
RESULT: {}
RESULT: {"script":"<script> [1562 bytes]","args":[{"selector":{"id":"requestCreationDialog--requestName","searchOpenDialogs":true,"interaction":{"idSuffix":"inner"}},"wdio_ui5_key":"requestCreationDialogrequestName"}]}
RESULT: undefined
COMMAND: POST /session/ca2abbe84309923e96ecd53f817ddbdd/execute/async - {"script":"<script> [776 bytes]","args":[{"enterText":"WebdriverTest","selector":{"id":"requestCreationDialog--requestName","searchOpenDialogs":true,"interaction":{"idSuffix":"inner"}},"clearTextFirst":true,"interactionType":"ENTER_TEXT"}]}
RESULT: {}
RESULT: {"script":"<script> [776 bytes]","args":[{"enterText":"WebdriverTest","selector":{"id":"requestCreationDialog--requestName","searchOpenDialogs":true,"interaction":{"idSuffix":"inner"}},"clearTextFirst":true,"interactionType":"ENTER_TEXT"}]}
COMMAND: POST /session/ca2abbe84309923e96ecd53f817ddbdd/element - {"using":"xpath","value":"//input[contains(@id ,\"requestCreationDialog--contract-inner\")]"}
RESULT: {"using":"xpath","value":"//input[contains(@id ,\"requestCreationDialog--contract-inner\")]"}
COMMAND: POST /session/ca2abbe84309923e96ecd53f817ddbdd/element/f.28BC222DDC5CE12B0F2B355DA12E6296.d.B7E448B2CBE5AB089FB17782ECB01727.e.2831/clear - {}
RESULT: {}
COMMAND: POST /session/ca2abbe84309923e96ecd53f817ddbdd/element/f.28BC222DDC5CE12B0F2B355DA12E6296.d.B7E448B2CBE5AB089FB17782ECB01727.e.2831/value - {"text":"10159"}
COMMAND: GET /session/ca2abbe84309923e96ecd53f817ddbdd/screenshot - {}
RESULT: {"text":"10159"}
COMMAND: GET /session/ca2abbe84309923e96ecd53f817ddbdd/screenshot - {}
RESULT: {}
RESULT: {}
COMMAND: POST /session/ca2abbe84309923e96ecd53f817ddbdd/actions - {"actions":[{"id":"action8","type":"key","parameters":{},"actions":[{"type":"keyDown","value":""},{"type":"pause","duration":10},{"type":"keyUp","value":""}]}]}
RESULT: {"actions":[{"id":"action8","type":"key","parameters":{},"actions":[{"type":"keyDown","value":""},{"type":"pause","duration":10},{"type":"keyUp","value":""}]}]}
COMMAND: GET /session/ca2abbe84309923e96ecd53f817ddbdd/screenshot - {}
RESULT: {}
COMMAND: POST /session/ca2abbe84309923e96ecd53f817ddbdd/element - {"using":"xpath","value":"//input[contains(@id ,\"requestCreationDialog--contract-inner\")]"}
RESULT: {"using":"xpath","value":"//input[contains(@id ,\"requestCreationDialog--contract-inner\")]"}
COMMAND: GET /session/ca2abbe84309923e96ecd53f817ddbdd/element/f.28BC222DDC5CE12B0F2B355DA12E6296.d.B7E448B2CBE5AB089FB17782ECB01727.e.2831/property/value - {}
RESULT: {}
COMMAND: POST /session/ca2abbe84309923e96ecd53f817ddbdd/element - {"using":"xpath","value":"//input[contains(@id ,\"requestCreationDialog--contract-inner\")]"}
RESULT: {"using":"xpath","value":"//input[contains(@id ,\"requestCreationDialog--contract-inner\")]"}
COMMAND: POST /session/ca2abbe84309923e96ecd53f817ddbdd/execute/async - {"script":"<script> [1562 bytes]","args":[{"selector":{"id":"requestCreationDialog--okButton","searchOpenDialogs":true,"interaction":{"idSuffix":"BDI-content"}},"wdio_ui5_key":"requestCreationDialogokButton"}]}
COMMAND: GET /session/ca2abbe84309923e96ecd53f817ddbdd/screenshot - {}
RESULT: {"script":"<script> [1562 bytes]","args":[{"selector":{"id":"requestCreationDialog--okButton","searchOpenDialogs":true,"interaction":{"idSuffix":"BDI-content"}},"wdio_ui5_key":"requestCreationDialogokButton"}]}
RESULT: undefined
COMMAND: POST /session/ca2abbe84309923e96ecd53f817ddbdd/element - {"using":"xpath","value":"//*[@id=\"requestCreationDialog--okButton\"]"}
RESULT: {}
RESULT: {"using":"xpath","value":"//*[@id=\"requestCreationDialog--okButton\"]"}
COMMAND: POST /session/ca2abbe84309923e96ecd53f817ddbdd/element/f.28BC222DDC5CE12B0F2B355DA12E6296.d.B7E448B2CBE5AB089FB17782ECB01727.e.2853/click - {}
RESULT: {}
COMMAND: GET /session/ca2abbe84309923e96ecd53f817ddbdd/screenshot - {}
RESULT: {}
COMMAND: POST /session/ca2abbe84309923e96ecd53f817ddbdd/element - {"using":"xpath","value":"//input[contains(@id ,\"searchFiledId-I\")]"}
RESULT: {"using":"xpath","value":"//input[contains(@id ,\"searchFiledId-I\")]"}
COMMAND: POST /session/ca2abbe84309923e96ecd53f817ddbdd/element/f.28BC222DDC5CE12B0F2B355DA12E6296.d.B7E448B2CBE5AB089FB17782ECB01727.e.2823/value - {"text":"Dri-Prime CD150M Diesel Pump"}
RESULT: {"text":"Dri-Prime CD150M Diesel Pump"}
COMMAND: POST /session/ca2abbe84309923e96ecd53f817ddbdd/actions - {"actions":[{"id":"action9","type":"key","parameters":{},"actions":[{"type":"keyDown","value":""},{"type":"pause","duration":10},{"type":"keyUp","value":""}]}]}
COMMAND: GET /session/ca2abbe84309923e96ecd53f817ddbdd/screenshot - {}
RESULT: {"actions":[{"id":"action9","type":"key","parameters":{},"actions":[{"type":"keyDown","value":""},{"type":"pause","duration":10},{"type":"keyUp","value":""}]}]}
COMMAND: GET /session/ca2abbe84309923e96ecd53f817ddbdd/screenshot - {}
RESULT: {}
RESULT: {}
COMMAND: POST /session/ca2abbe84309923e96ecd53f817ddbdd/element - {"using":"xpath","value":"//span[contains(@id ,\"subTitle\")][contains(text(), \"Dri-Prime CD150M Diesel Pump\")]"}
RESULT: {"using":"xpath","value":"//span[contains(@id ,\"subTitle\")][contains(text(), \"Dri-Prime CD150M Diesel Pump\")]"}
COMMAND: POST /session/ca2abbe84309923e96ecd53f817ddbdd/element/f.28BC222DDC5CE12B0F2B355DA12E6296.d.B7E448B2CBE5AB089FB17782ECB01727.e.2860/click - {}
RESULT: {}
COMMAND: GET /session/ca2abbe84309923e96ecd53f817ddbdd/screenshot - {}
RESULT: {}
COMMAND: POST /session/ca2abbe84309923e96ecd53f817ddbdd/execute/async - {"script":"<script> [1562 bytes]","args":[{"selector":{"controlType":"sap.m.Button","viewName":"etm.portal.ui.webshop.view.Homepage","i18NText":{"propertyName":"text","key":"addToRequest"},"interaction":{"idSuffix":"BDI-content"}},"wdio_ui5_key":"etmportal.ui.webshop.view.Homepagesap.m.Button{\"propertyName\":\"text\",\"key\":\"addToRequest\"}"}]}
RESULT: {"script":"<script> [1562 bytes]","args":[{"selector":{"controlType":"sap.m.Button","viewName":"etm.portal.ui.webshop.view.Homepage","i18NText":{"propertyName":"text","key":"addToRequest"},"interaction":{"idSuffix":"BDI-content"}},"wdio_ui5_key":"etmportal.ui.webshop.view.Homepagesap.m.Button{\"propertyName\":\"text\",\"key\":\"addToRequest\"}"}]}
RESULT: undefined
COMMAND: POST /session/ca2abbe84309923e96ecd53f817ddbdd/element - {"using":"xpath","value":"//*[@id=\"__button134\"]"}
RESULT: {"using":"xpath","value":"//*[@id=\"__button134\"]"}
COMMAND: POST /session/ca2abbe84309923e96ecd53f817ddbdd/element/f.28BC222DDC5CE12B0F2B355DA12E6296.d.B7E448B2CBE5AB089FB17782ECB01727.e.2873/click - {}
RESULT: {}
COMMAND: GET /session/ca2abbe84309923e96ecd53f817ddbdd/screenshot - {}
RESULT: {}
COMMAND: POST /session/ca2abbe84309923e96ecd53f817ddbdd/element - {"using":"xpath","value":"//*[contains(@id ,\"activeCartId-BDI-content\")]"}
RESULT: {"using":"xpath","value":"//*[contains(@id ,\"activeCartId-BDI-content\")]"}
COMMAND: POST /session/ca2abbe84309923e96ecd53f817ddbdd/element/f.28BC222DDC5CE12B0F2B355DA12E6296.d.B7E448B2CBE5AB089FB17782ECB01727.e.2881/click - {}
RESULT: {}
COMMAND: GET /session/ca2abbe84309923e96ecd53f817ddbdd/screenshot - {}
RESULT: {}
COMMAND: POST /session/ca2abbe84309923e96ecd53f817ddbdd/element - {"using":"xpath","value":"//bdi[contains(text(), \"Check out my request\")]"}
RESULT: {"using":"xpath","value":"//bdi[contains(text(), \"Check out my request\")]"}
COMMAND: POST /session/ca2abbe84309923e96ecd53f817ddbdd/element/f.28BC222DDC5CE12B0F2B355DA12E6296.d.B7E448B2CBE5AB089FB17782ECB01727.e.2883/click - {}
RESULT: {}
COMMAND: GET /session/ca2abbe84309923e96ecd53f817ddbdd/screenshot - {}
RESULT: {}
COMMAND: POST /session/ca2abbe84309923e96ecd53f817ddbdd/element - {"using":"xpath","value":"//*[contains(@data-kt ,\"webshopDetailYardLink\")]"}
RESULT: {"using":"xpath","value":"//*[contains(@data-kt ,\"webshopDetailYardLink\")]"}
COMMAND: POST /session/ca2abbe84309923e96ecd53f817ddbdd/element/f.28BC222DDC5CE12B0F2B355DA12E6296.d.B7E448B2CBE5AB089FB17782ECB01727.e.2936/click - {}
RESULT: {}
COMMAND: POST /session/ca2abbe84309923e96ecd53f817ddbdd/element - {"using":"xpath","value":"//*[contains(@data-kt ,\"ContextMenuId2Link\")][contains(text(), \"Yard Overview\")]"}
COMMAND: GET /session/ca2abbe84309923e96ecd53f817ddbdd/screenshot - {}
RESULT: {"using":"xpath","value":"//*[contains(@data-kt ,\"ContextMenuId2Link\")][contains(text(), \"Yard Overview\")]"}
COMMAND: POST /session/ca2abbe84309923e96ecd53f817ddbdd/execute/sync - {"script":"<script> [8489 bytes]","args":[{"element-6066-11e4-a52e-4f735466cecf":"f.28BC222DDC5CE12B0F2B355DA12E6296.d.B7E448B2CBE5AB089FB17782ECB01727.e.2938","ELEMENT":"f.28BC222DDC5CE12B0F2B355DA12E6296.d.B7E448B2CBE5AB089FB17782ECB01727.e.2938"}]}
COMMAND: POST /session/ca2abbe84309923e96ecd53f817ddbdd/element - {"using":"xpath","value":"//*[contains(@data-kt ,\"ContextMenuId3Link\")][contains(text(), \"Yard Main Address\")]"}
RESULT: {}
RESULT: {"using":"xpath","value":"//*[contains(@data-kt ,\"ContextMenuId3Link\")][contains(text(), \"Yard Main Address\")]"}
COMMAND: POST /session/ca2abbe84309923e96ecd53f817ddbdd/execute/sync - {"script":"<script> [8489 bytes]","args":[{"element-6066-11e4-a52e-4f735466cecf":"f.28BC222DDC5CE12B0F2B355DA12E6296.d.B7E448B2CBE5AB089FB17782ECB01727.e.2939","ELEMENT":"f.28BC222DDC5CE12B0F2B355DA12E6296.d.B7E448B2CBE5AB089FB17782ECB01727.e.2939"}]}
COMMAND: POST /session/ca2abbe84309923e96ecd53f817ddbdd/element - {"using":"xpath","value":"//*[contains(@data-kt ,\"ContextMenuId2Link\")][contains(text(), \"Yard Overview\")]"}
RESULT: {"script":"<script> [8489 bytes]","args":[{"element-6066-11e4-a52e-4f735466cecf":"f.28BC222DDC5CE12B0F2B355DA12E6296.d.B7E448B2CBE5AB089FB17782ECB01727.e.2938","ELEMENT":"f.28BC222DDC5CE12B0F2B355DA12E6296.d.B7E448B2CBE5AB089FB17782ECB01727.e.2938"}]}
COMMAND: GET /session/ca2abbe84309923e96ecd53f817ddbdd/screenshot - {}
RESULT: {"using":"xpath","value":"//*[contains(@data-kt ,\"ContextMenuId2Link\")][contains(text(), \"Yard Overview\")]"}
COMMAND: POST /session/ca2abbe84309923e96ecd53f817ddbdd/element/f.28BC222DDC5CE12B0F2B355DA12E6296.d.B7E448B2CBE5AB089FB17782ECB01727.e.2938/click - {}
RESULT: {"script":"<script> [8489 bytes]","args":[{"element-6066-11e4-a52e-4f735466cecf":"f.28BC222DDC5CE12B0F2B355DA12E6296.d.B7E448B2CBE5AB089FB17782ECB01727.e.2939","ELEMENT":"f.28BC222DDC5CE12B0F2B355DA12E6296.d.B7E448B2CBE5AB089FB17782ECB01727.e.2939"}]}
COMMAND: GET /session/ca2abbe84309923e96ecd53f817ddbdd/screenshot - {}
RESULT: {}
RESULT: {}
COMMAND: GET /session/ca2abbe84309923e96ecd53f817ddbdd/screenshot - {}
RESULT: {}
RESULT: {}
COMMAND: POST /session/ca2abbe84309923e96ecd53f817ddbdd/execute/async - {"script":"<script> [1562 bytes]","args":[{"selector":{"id":"shellAppTitle"},"wdio_ui5_key":"shellAppTitle"}]}
RESULT: {"script":"<script> [1562 bytes]","args":[{"selector":{"id":"shellAppTitle"},"wdio_ui5_key":"shellAppTitle"}]}
RESULT: undefined
COMMAND: POST /session/ca2abbe84309923e96ecd53f817ddbdd/execute/async - {"script":"<script> [6424 bytes]","args":[{"element-6066-11e4-a52e-4f735466cecf":"f.28BC222DDC5CE12B0F2B355DA12E6296.d.B7E448B2CBE5AB089FB17782ECB01727.e.3047"},"getTitle",[]]}
RESULT: {"script":"<script> [6424 bytes]","args":[{"element-6066-11e4-a52e-4f735466cecf":"f.28BC222DDC5CE12B0F2B355DA12E6296.d.B7E448B2CBE5AB089FB17782ECB01727.e.3047"},"getTitle",[]]}
COMMAND: POST /session/ca2abbe84309923e96ecd53f817ddbdd/element - {"using":"xpath","value":"//span[contains(@id ,\"title\")][contains(text(), \"WebdriverYardeom2e\")]"}
RESULT: {"using":"xpath","value":"//span[contains(@id ,\"title\")][contains(text(), \"WebdriverYardeom2e\")]"}
COMMAND: POST /session/ca2abbe84309923e96ecd53f817ddbdd/execute/sync - {"script":"<script> [8489 bytes]","args":[{"element-6066-11e4-a52e-4f735466cecf":"f.28BC222DDC5CE12B0F2B355DA12E6296.d.B7E448B2CBE5AB089FB17782ECB01727.e.3048","ELEMENT":"f.28BC222DDC5CE12B0F2B355DA12E6296.d.B7E448B2CBE5AB089FB17782ECB01727.e.3048"}]}
COMMAND: POST /session/ca2abbe84309923e96ecd53f817ddbdd/execute/async - {"script":"<script> [1562 bytes]","args":[{"selector":{"id":"backBtn"},"wdio_ui5_key":"backBtn"}]}
RESULT: {"script":"<script> [8489 bytes]","args":[{"element-6066-11e4-a52e-4f735466cecf":"f.28BC222DDC5CE12B0F2B355DA12E6296.d.B7E448B2CBE5AB089FB17782ECB01727.e.3048","ELEMENT":"f.28BC222DDC5CE12B0F2B355DA12E6296.d.B7E448B2CBE5AB089FB17782ECB01727.e.3048"}]}
COMMAND: GET /session/ca2abbe84309923e96ecd53f817ddbdd/screenshot - {}
RESULT: {"script":"<script> [1562 bytes]","args":[{"selector":{"id":"backBtn"},"wdio_ui5_key":"backBtn"}]}
RESULT: undefined
COMMAND: POST /session/ca2abbe84309923e96ecd53f817ddbdd/element - {"using":"xpath","value":"//*[@id=\"backBtn\"]"}
COMMAND: POST /session/ca2abbe84309923e96ecd53f817ddbdd/execute/sync - {"script":"<script> [8489 bytes]","args":[{"element-6066-11e4-a52e-4f735466cecf":"f.28BC222DDC5CE12B0F2B355DA12E6296.d.B7E448B2CBE5AB089FB17782ECB01727.e.3048","ELEMENT":"f.28BC222DDC5CE12B0F2B355DA12E6296.d.B7E448B2CBE5AB089FB17782ECB01727.e.3048"}]}
RESULT: {}
RESULT: {"using":"xpath","value":"//*[@id=\"backBtn\"]"}
COMMAND: POST /session/ca2abbe84309923e96ecd53f817ddbdd/element/f.28BC222DDC5CE12B0F2B355DA12E6296.d.B7E448B2CBE5AB089FB17782ECB01727.e.3049/click - {}
RESULT: {"script":"<script> [8489 bytes]","args":[{"element-6066-11e4-a52e-4f735466cecf":"f.28BC222DDC5CE12B0F2B355DA12E6296.d.B7E448B2CBE5AB089FB17782ECB01727.e.3048","ELEMENT":"f.28BC222DDC5CE12B0F2B355DA12E6296.d.B7E448B2CBE5AB089FB17782ECB01727.e.3048"}]}
COMMAND: GET /session/ca2abbe84309923e96ecd53f817ddbdd/screenshot - {}
COMMAND: POST /session/ca2abbe84309923e96ecd53f817ddbdd/execute/sync - {"script":"<script> [8489 bytes]","args":[{"element-6066-11e4-a52e-4f735466cecf":"f.28BC222DDC5CE12B0F2B355DA12E6296.d.B7E448B2CBE5AB089FB17782ECB01727.e.3048","ELEMENT":"f.28BC222DDC5CE12B0F2B355DA12E6296.d.B7E448B2CBE5AB089FB17782ECB01727.e.3048"}]}
RESULT: {}
COMMAND: GET /session/ca2abbe84309923e96ecd53f817ddbdd/screenshot - {}
RESULT: {}
COMMAND: POST /session/ca2abbe84309923e96ecd53f817ddbdd/element - {"using":"xpath","value":"//span[contains(@id ,\"title\")][contains(text(), \"WebdriverYardeom2e\")]"}
RESULT: {"using":"xpath","value":"//span[contains(@id ,\"title\")][contains(text(), \"WebdriverYardeom2e\")]"}
COMMAND: POST /session/ca2abbe84309923e96ecd53f817ddbdd/element - {"using":"xpath","value":"//span[contains(@id ,\"title\")][contains(text(), \"WebdriverYardeom2e\")]"}
RESULT: {"using":"xpath","value":"//span[contains(@id ,\"title\")][contains(text(), \"WebdriverYardeom2e\")]"}
RESULT: {}
COMMAND: POST /session/ca2abbe84309923e96ecd53f817ddbdd/element - {"using":"xpath","value":"//span[contains(@id ,\"title\")][contains(text(), \"WebdriverYardeom2e\")]"}
RESULT: {"using":"xpath","value":"//span[contains(@id ,\"title\")][contains(text(), \"WebdriverYardeom2e\")]"}
COMMAND: POST /session/ca2abbe84309923e96ecd53f817ddbdd/element - {"using":"xpath","value":"//span[contains(@id ,\"title\")][contains(text(), \"WebdriverYardeom2e\")]"}
RESULT: {"using":"xpath","value":"//span[contains(@id ,\"title\")][contains(text(), \"WebdriverYardeom2e\")]"}
COMMAND: POST /session/ca2abbe84309923e96ecd53f817ddbdd/element - {"using":"xpath","value":"//span[contains(@id ,\"title\")][contains(text(), \"WebdriverYardeom2e\")]"}
RESULT: {"using":"xpath","value":"//span[contains(@id ,\"title\")][contains(text(), \"WebdriverYardeom2e\")]"}
COMMAND: POST /session/ca2abbe84309923e96ecd53f817ddbdd/element - {"using":"xpath","value":"//span[contains(@id ,\"title\")][contains(text(), \"WebdriverYardeom2e\")]"}
RESULT: {"using":"xpath","value":"//span[contains(@id ,\"title\")][contains(text(), \"WebdriverYardeom2e\")]"}
COMMAND: POST /session/ca2abbe84309923e96ecd53f817ddbdd/element - {"using":"xpath","value":"//span[contains(@id ,\"title\")][contains(text(), \"WebdriverYardeom2e\")]"}
RESULT: {"using":"xpath","value":"//span[contains(@id ,\"title\")][contains(text(), \"WebdriverYardeom2e\")]"}
COMMAND: POST /session/ca2abbe84309923e96ecd53f817ddbdd/element - {"using":"xpath","value":"//span[contains(@id ,\"title\")][contains(text(), \"WebdriverYardeom2e\")]"}
RESULT: {"using":"xpath","value":"//span[contains(@id ,\"title\")][contains(text(), \"WebdriverYardeom2e\")]"}
COMMAND: POST /session/ca2abbe84309923e96ecd53f817ddbdd/element - {"using":"xpath","value":"//span[contains(@id ,\"title\")][contains(text(), \"WebdriverYardeom2e\")]"}
RESULT: {"using":"xpath","value":"//span[contains(@id ,\"title\")][contains(text(), \"WebdriverYardeom2e\")]"}
COMMAND: POST /session/ca2abbe84309923e96ecd53f817ddbdd/element - {"using":"xpath","value":"//span[contains(@id ,\"title\")][contains(text(), \"WebdriverYardeom2e\")]"}
RESULT: {"using":"xpath","value":"//span[contains(@id ,\"title\")][contains(text(), \"WebdriverYardeom2e\")]"}
COMMAND: POST /session/ca2abbe84309923e96ecd53f817ddbdd/element - {"using":"xpath","value":"//span[contains(@id ,\"title\")][contains(text(), \"WebdriverYardeom2e\")]"}
RESULT: {"using":"xpath","value":"//span[contains(@id ,\"title\")][contains(text(), \"WebdriverYardeom2e\")]"}
COMMAND: POST /session/ca2abbe84309923e96ecd53f817ddbdd/element - {"using":"xpath","value":"//span[contains(@id ,\"title\")][contains(text(), \"WebdriverYardeom2e\")]"}
RESULT: {"using":"xpath","value":"//span[contains(@id ,\"title\")][contains(text(), \"WebdriverYardeom2e\")]"}
COMMAND: POST /session/ca2abbe84309923e96ecd53f817ddbdd/element - {"using":"xpath","value":"//span[contains(@id ,\"title\")][contains(text(), \"WebdriverYardeom2e\")]"}
RESULT: {"using":"xpath","value":"//span[contains(@id ,\"title\")][contains(text(), \"WebdriverYardeom2e\")]"}
COMMAND: POST /session/ca2abbe84309923e96ecd53f817ddbdd/element - {"using":"xpath","value":"//span[contains(@id ,\"title\")][contains(text(), \"WebdriverYardeom2e\")]"}
RESULT: {"using":"xpath","value":"//span[contains(@id ,\"title\")][contains(text(), \"WebdriverYardeom2e\")]"}
COMMAND: POST /session/ca2abbe84309923e96ecd53f817ddbdd/element - {"using":"xpath","value":"//span[contains(@id ,\"title\")][contains(text(), \"WebdriverYardeom2e\")]"}
RESULT: {"using":"xpath","value":"//span[contains(@id ,\"title\")][contains(text(), \"WebdriverYardeom2e\")]"}
COMMAND: POST /session/ca2abbe84309923e96ecd53f817ddbdd/element - {"using":"xpath","value":"//span[contains(@id ,\"title\")][contains(text(), \"WebdriverYardeom2e\")]"}
RESULT: {"using":"xpath","value":"//span[contains(@id ,\"title\")][contains(text(), \"WebdriverYardeom2e\")]"}
COMMAND: POST /session/ca2abbe84309923e96ecd53f817ddbdd/element - {"using":"xpath","value":"//span[contains(@id ,\"title\")][contains(text(), \"WebdriverYardeom2e\")]"}
RESULT: {"using":"xpath","value":"//span[contains(@id ,\"title\")][contains(text(), \"WebdriverYardeom2e\")]"}
COMMAND: POST /session/ca2abbe84309923e96ecd53f817ddbdd/element - {"using":"xpath","value":"//span[contains(@id ,\"title\")][contains(text(), \"WebdriverYardeom2e\")]"}
RESULT: {"using":"xpath","value":"//span[contains(@id ,\"title\")][contains(text(), \"WebdriverYardeom2e\")]"}
COMMAND: POST /session/ca2abbe84309923e96ecd53f817ddbdd/element - {"using":"xpath","value":"//span[contains(@id ,\"title\")][contains(text(), \"WebdriverYardeom2e\")]"}
RESULT: {"using":"xpath","value":"//span[contains(@id ,\"title\")][contains(text(), \"WebdriverYardeom2e\")]"}
COMMAND: POST /session/ca2abbe84309923e96ecd53f817ddbdd/element - {"using":"xpath","value":"//span[contains(@id ,\"title\")][contains(text(), \"WebdriverYardeom2e\")]"}
RESULT: {"using":"xpath","value":"//span[contains(@id ,\"title\")][contains(text(), \"WebdriverYardeom2e\")]"}
COMMAND: POST /session/ca2abbe84309923e96ecd53f817ddbdd/element - {"using":"xpath","value":"//span[contains(@id ,\"title\")][contains(text(), \"WebdriverYardeom2e\")]"}
RESULT: {"using":"xpath","value":"//span[contains(@id ,\"title\")][contains(text(), \"WebdriverYardeom2e\")]"}
COMMAND: POST /session/ca2abbe84309923e96ecd53f817ddbdd/element - {"using":"xpath","value":"//span[contains(@id ,\"title\")][contains(text(), \"WebdriverYardeom2e\")]"}
RESULT: {"using":"xpath","value":"//span[contains(@id ,\"title\")][contains(text(), \"WebdriverYardeom2e\")]"}
COMMAND: POST /session/ca2abbe84309923e96ecd53f817ddbdd/element - {"using":"xpath","value":"//*[contains(@data-kt ,\"webshopDetailYardLink\")]"}
RESULT: {"using":"xpath","value":"//*[contains(@data-kt ,\"webshopDetailYardLink\")]"}
COMMAND: POST /session/ca2abbe84309923e96ecd53f817ddbdd/execute/sync - {"script":"<script> [8489 bytes]","args":[{"element-6066-11e4-a52e-4f735466cecf":"f.28BC222DDC5CE12B0F2B355DA12E6296.d.B7E448B2CBE5AB089FB17782ECB01727.e.3190","ELEMENT":"f.28BC222DDC5CE12B0F2B355DA12E6296.d.B7E448B2CBE5AB089FB17782ECB01727.e.3190"}]}
RESULT: {"script":"<script> [8489 bytes]","args":[{"element-6066-11e4-a52e-4f735466cecf":"f.28BC222DDC5CE12B0F2B355DA12E6296.d.B7E448B2CBE5AB089FB17782ECB01727.e.3190","ELEMENT":"f.28BC222DDC5CE12B0F2B355DA12E6296.d.B7E448B2CBE5AB089FB17782ECB01727.e.3190"}]}
COMMAND: POST /session/ca2abbe84309923e96ecd53f817ddbdd/execute/sync - {"script":"<script> [5351 bytes]","args":[{"element-6066-11e4-a52e-4f735466cecf":"f.28BC222DDC5CE12B0F2B355DA12E6296.d.B7E448B2CBE5AB089FB17782ECB01727.e.3190","ELEMENT":"f.28BC222DDC5CE12B0F2B355DA12E6296.d.B7E448B2CBE5AB089FB17782ECB01727.e.3190"}]}
COMMAND: GET /session/ca2abbe84309923e96ecd53f817ddbdd/screenshot - {}
RESULT: {"script":"<script> [5351 bytes]","args":[{"element-6066-11e4-a52e-4f735466cecf":"f.28BC222DDC5CE12B0F2B355DA12E6296.d.B7E448B2CBE5AB089FB17782ECB01727.e.3190","ELEMENT":"f.28BC222DDC5CE12B0F2B355DA12E6296.d.B7E448B2CBE5AB089FB17782ECB01727.e.3190"}]}
COMMAND: POST /session/ca2abbe84309923e96ecd53f817ddbdd/element - {"using":"xpath","value":"//*[contains(@data-kt ,\"webshopDetailYardLink\")]"}
COMMAND: GET /session/ca2abbe84309923e96ecd53f817ddbdd/screenshot - {}
RESULT: {}
RESULT: {"using":"xpath","value":"//*[contains(@data-kt ,\"webshopDetailYardLink\")]"}
COMMAND: POST /session/ca2abbe84309923e96ecd53f817ddbdd/element/f.28BC222DDC5CE12B0F2B355DA12E6296.d.B7E448B2CBE5AB089FB17782ECB01727.e.3190/click - {}
COMMAND: POST /session/ca2abbe84309923e96ecd53f817ddbdd/element - {"using":"xpath","value":"//span[contains(@id ,\"title\")][contains(text(), \"WebdriverYardeom2e\")]"}
RESULT: {}
RESULT: {}
RESULT: {"using":"xpath","value":"//span[contains(@id ,\"title\")][contains(text(), \"WebdriverYardeom2e\")]"}
COMMAND: POST /session/ca2abbe84309923e96ecd53f817ddbdd/execute/sync - {"script":"<script> [8489 bytes]","args":[{"element-6066-11e4-a52e-4f735466cecf":"f.28BC222DDC5CE12B0F2B355DA12E6296.d.B7E448B2CBE5AB089FB17782ECB01727.e.3192","ELEMENT":"f.28BC222DDC5CE12B0F2B355DA12E6296.d.B7E448B2CBE5AB089FB17782ECB01727.e.3192"}]}
COMMAND: GET /session/ca2abbe84309923e96ecd53f817ddbdd/screenshot - {}
RESULT: {"script":"<script> [8489 bytes]","args":[{"element-6066-11e4-a52e-4f735466cecf":"f.28BC222DDC5CE12B0F2B355DA12E6296.d.B7E448B2CBE5AB089FB17782ECB01727.e.3192","ELEMENT":"f.28BC222DDC5CE12B0F2B355DA12E6296.d.B7E448B2CBE5AB089FB17782ECB01727.e.3192"}]}
COMMAND: GET /session/ca2abbe84309923e96ecd53f817ddbdd/screenshot - {}
RESULT: {}
RESULT: {}
COMMAND: POST /session/ca2abbe84309923e96ecd53f817ddbdd/element - {"using":"xpath","value":"//*[contains(@data-kt ,\"ContextMenuId3Link\")][contains(text(), \"Yard Main Address\")]"}
RESULT: {"using":"xpath","value":"//*[contains(@data-kt ,\"ContextMenuId3Link\")][contains(text(), \"Yard Main Address\")]"}
COMMAND: POST /session/ca2abbe84309923e96ecd53f817ddbdd/element/f.28BC222DDC5CE12B0F2B355DA12E6296.d.B7E448B2CBE5AB089FB17782ECB01727.e.3193/click - {}
RESULT: {}
COMMAND: GET /session/ca2abbe84309923e96ecd53f817ddbdd/screenshot - {}
RESULT: {}
COMMAND: POST /session/ca2abbe84309923e96ecd53f817ddbdd/execute/async - {"script":"<script> [1562 bytes]","args":[{"selector":{"id":"application-addressmanagement-display-component---masterAdm--title1"},"wdio_ui5_key":"applicationaddressmanagement-display-component---masterAdm--title1"}]}
RESULT: {"script":"<script> [1562 bytes]","args":[{"selector":{"id":"application-addressmanagement-display-component---masterAdm--title1"},"wdio_ui5_key":"applicationaddressmanagement-display-component---masterAdm--title1"}]}
RESULT: undefined
COMMAND: POST /session/ca2abbe84309923e96ecd53f817ddbdd/execute/async - {"script":"<script> [6424 bytes]","args":[{"element-6066-11e4-a52e-4f735466cecf":"f.28BC222DDC5CE12B0F2B355DA12E6296.d.B7E448B2CBE5AB089FB17782ECB01727.e.3443"},"getText",[]]}
RESULT: {"script":"<script> [6424 bytes]","args":[{"element-6066-11e4-a52e-4f735466cecf":"f.28BC222DDC5CE12B0F2B355DA12E6296.d.B7E448B2CBE5AB089FB17782ECB01727.e.3443"},"getText",[]]}
COMMAND: POST /session/ca2abbe84309923e96ecd53f817ddbdd/element - {"using":"xpath","value":"//span[contains(text(), \"WebdriverYardjjtihg\")][contains(@id ,\"application-addressmanagement-display-component---detailAdm--addressDetailDetailsName1\")]"}
RESULT: {"using":"xpath","value":"//span[contains(text(), \"WebdriverYardjjtihg\")][contains(@id ,\"application-addressmanagement-display-component---detailAdm--addressDetailDetailsName1\")]"}
COMMAND: POST /session/ca2abbe84309923e96ecd53f817ddbdd/element - {"using":"xpath","value":"//span[contains(text(), \"WebdriverYardjjtihg\")][contains(@id ,\"application-addressmanagement-display-component---detailAdm--addressDetailDetailsName1\")]"}
RESULT: undefined
COMMAND: POST /session/ca2abbe84309923e96ecd53f817ddbdd/element - {"using":"xpath","value":"//*[@id=\"backBtn\"]"}
RESULT: {"using":"xpath","value":"//span[contains(text(), \"WebdriverYardjjtihg\")][contains(@id ,\"application-addressmanagement-display-component---detailAdm--addressDetailDetailsName1\")]"}
RESULT: {"using":"xpath","value":"//*[@id=\"backBtn\"]"}
COMMAND: POST /session/ca2abbe84309923e96ecd53f817ddbdd/element/f.28BC222DDC5CE12B0F2B355DA12E6296.d.B7E448B2CBE5AB089FB17782ECB01727.e.3049/click - {}
RESULT: {}
COMMAND: GET /session/ca2abbe84309923e96ecd53f817ddbdd/screenshot - {}
COMMAND: POST /session/ca2abbe84309923e96ecd53f817ddbdd/element - {"using":"xpath","value":"//span[contains(text(), \"WebdriverYardjjtihg\")][contains(@id ,\"application-addressmanagement-display-component---detailAdm--addressDetailDetailsName1\")]"}
RESULT: {}
RESULT: {"using":"xpath","value":"//span[contains(text(), \"WebdriverYardjjtihg\")][contains(@id ,\"application-addressmanagement-display-component---detailAdm--addressDetailDetailsName1\")]"}
COMMAND: POST /session/ca2abbe84309923e96ecd53f817ddbdd/element - {"using":"xpath","value":"//span[contains(text(), \"WebdriverYardjjtihg\")][contains(@id ,\"application-addressmanagement-display-component---detailAdm--addressDetailDetailsName1\")]"}
RESULT: {"using":"xpath","value":"//span[contains(text(), \"WebdriverYardjjtihg\")][contains(@id ,\"application-addressmanagement-display-component---detailAdm--addressDetailDetailsName1\")]"}
COMMAND: POST /session/ca2abbe84309923e96ecd53f817ddbdd/element - {"using":"xpath","value":"//span[contains(text(), \"WebdriverYardjjtihg\")][contains(@id ,\"application-addressmanagement-display-component---detailAdm--addressDetailDetailsName1\")]"}
COMMAND: POST /session/ca2abbe84309923e96ecd53f817ddbdd/execute/sync - {"script":"<script> [8489 bytes]","args":[{"element-6066-11e4-a52e-4f735466cecf":"f.28BC222DDC5CE12B0F2B355DA12E6296.d.B7E448B2CBE5AB089FB17782ECB01727.e.3190","ELEMENT":"f.28BC222DDC5CE12B0F2B355DA12E6296.d.B7E448B2CBE5AB089FB17782ECB01727.e.3190"}]}
RESULT: {"using":"xpath","value":"//span[contains(text(), \"WebdriverYardjjtihg\")][contains(@id ,\"application-addressmanagement-display-component---detailAdm--addressDetailDetailsName1\")]"}
COMMAND: POST /session/ca2abbe84309923e96ecd53f817ddbdd/element - {"using":"xpath","value":"//*[contains(@data-kt ,\"webshopDetailYardLink\")]"}
RESULT: {"using":"xpath","value":"//*[contains(@data-kt ,\"webshopDetailYardLink\")]"}
COMMAND: POST /session/ca2abbe84309923e96ecd53f817ddbdd/execute/sync - {"script":"<script> [8489 bytes]","args":[{"element-6066-11e4-a52e-4f735466cecf":"f.28BC222DDC5CE12B0F2B355DA12E6296.d.B7E448B2CBE5AB089FB17782ECB01727.e.3607","ELEMENT":"f.28BC222DDC5CE12B0F2B355DA12E6296.d.B7E448B2CBE5AB089FB17782ECB01727.e.3607"}]}
COMMAND: POST /session/ca2abbe84309923e96ecd53f817ddbdd/element - {"using":"xpath","value":"//span[contains(text(), \"WebdriverYardjjtihg\")][contains(@id ,\"application-addressmanagement-display-component---detailAdm--addressDetailDetailsName1\")]"}
RESULT: {"script":"<script> [8489 bytes]","args":[{"element-6066-11e4-a52e-4f735466cecf":"f.28BC222DDC5CE12B0F2B355DA12E6296.d.B7E448B2CBE5AB089FB17782ECB01727.e.3607","ELEMENT":"f.28BC222DDC5CE12B0F2B355DA12E6296.d.B7E448B2CBE5AB089FB17782ECB01727.e.3607"}]}
COMMAND: POST /session/ca2abbe84309923e96ecd53f817ddbdd/execute/sync - {"script":"<script> [5351 bytes]","args":[{"element-6066-11e4-a52e-4f735466cecf":"f.28BC222DDC5CE12B0F2B355DA12E6296.d.B7E448B2CBE5AB089FB17782ECB01727.e.3607","ELEMENT":"f.28BC222DDC5CE12B0F2B355DA12E6296.d.B7E448B2CBE5AB089FB17782ECB01727.e.3607"}]}
COMMAND: GET /session/ca2abbe84309923e96ecd53f817ddbdd/screenshot - {}
RESULT: {"using":"xpath","value":"//span[contains(text(), \"WebdriverYardjjtihg\")][contains(@id ,\"application-addressmanagement-display-component---detailAdm--addressDetailDetailsName1\")]"}
RESULT: {"script":"<script> [5351 bytes]","args":[{"element-6066-11e4-a52e-4f735466cecf":"f.28BC222DDC5CE12B0F2B355DA12E6296.d.B7E448B2CBE5AB089FB17782ECB01727.e.3607","ELEMENT":"f.28BC222DDC5CE12B0F2B355DA12E6296.d.B7E448B2CBE5AB089FB17782ECB01727.e.3607"}]}
COMMAND: POST /session/ca2abbe84309923e96ecd53f817ddbdd/execute/sync - {"script":"<script> [8489 bytes]","args":[{"element-6066-11e4-a52e-4f735466cecf":"f.28BC222DDC5CE12B0F2B355DA12E6296.d.B7E448B2CBE5AB089FB17782ECB01727.e.3607","ELEMENT":"f.28BC222DDC5CE12B0F2B355DA12E6296.d.B7E448B2CBE5AB089FB17782ECB01727.e.3607"}]}
COMMAND: GET /session/ca2abbe84309923e96ecd53f817ddbdd/screenshot - {}
COMMAND: POST /session/ca2abbe84309923e96ecd53f817ddbdd/element - {"using":"xpath","value":"//span[contains(text(), \"WebdriverYardjjtihg\")][contains(@id ,\"application-addressmanagement-display-component---detailAdm--addressDetailDetailsName1\")]"}
RESULT: {}
RESULT: {"script":"<script> [8489 bytes]","args":[{"element-6066-11e4-a52e-4f735466cecf":"f.28BC222DDC5CE12B0F2B355DA12E6296.d.B7E448B2CBE5AB089FB17782ECB01727.e.3607","ELEMENT":"f.28BC222DDC5CE12B0F2B355DA12E6296.d.B7E448B2CBE5AB089FB17782ECB01727.e.3607"}]}
COMMAND: POST /session/ca2abbe84309923e96ecd53f817ddbdd/execute/sync - {"script":"<script> [5351 bytes]","args":[{"element-6066-11e4-a52e-4f735466cecf":"f.28BC222DDC5CE12B0F2B355DA12E6296.d.B7E448B2CBE5AB089FB17782ECB01727.e.3607","ELEMENT":"f.28BC222DDC5CE12B0F2B355DA12E6296.d.B7E448B2CBE5AB089FB17782ECB01727.e.3607"}]}
COMMAND: GET /session/ca2abbe84309923e96ecd53f817ddbdd/screenshot - {}
RESULT: {}
RESULT: {"using":"xpath","value":"//span[contains(text(), \"WebdriverYardjjtihg\")][contains(@id ,\"application-addressmanagement-display-component---detailAdm--addressDetailDetailsName1\")]"}
RESULT: {"script":"<script> [5351 bytes]","args":[{"element-6066-11e4-a52e-4f735466cecf":"f.28BC222DDC5CE12B0F2B355DA12E6296.d.B7E448B2CBE5AB089FB17782ECB01727.e.3607","ELEMENT":"f.28BC222DDC5CE12B0F2B355DA12E6296.d.B7E448B2CBE5AB089FB17782ECB01727.e.3607"}]}
COMMAND: POST /session/ca2abbe84309923e96ecd53f817ddbdd/element - {"using":"xpath","value":"//*[contains(@data-kt ,\"webshopDetailYardLink\")]"}
COMMAND: GET /session/ca2abbe84309923e96ecd53f817ddbdd/screenshot - {}
RESULT: {}
RESULT: {"using":"xpath","value":"//*[contains(@data-kt ,\"webshopDetailYardLink\")]"}
COMMAND: POST /session/ca2abbe84309923e96ecd53f817ddbdd/element/f.28BC222DDC5CE12B0F2B355DA12E6296.d.B7E448B2CBE5AB089FB17782ECB01727.e.3607/click - {}
COMMAND: POST /session/ca2abbe84309923e96ecd53f817ddbdd/element - {"using":"xpath","value":"//span[contains(text(), \"WebdriverYardjjtihg\")][contains(@id ,\"application-addressmanagement-display-component---detailAdm--addressDetailDetailsName1\")]"}
RESULT: {}
RESULT: {}
COMMAND: GET /session/ca2abbe84309923e96ecd53f817ddbdd/screenshot - {}
RESULT: {"using":"xpath","value":"//span[contains(text(), \"WebdriverYardjjtihg\")][contains(@id ,\"application-addressmanagement-display-component---detailAdm--addressDetailDetailsName1\")]"}
RESULT: {}
COMMAND: POST /session/ca2abbe84309923e96ecd53f817ddbdd/element - {"using":"xpath","value":"//span[contains(text(), \"WebdriverYardjjtihg\")][contains(@id ,\"application-addressmanagement-display-component---detailAdm--addressDetailDetailsName1\")]"}
RESULT: {"using":"xpath","value":"//span[contains(text(), \"WebdriverYardjjtihg\")][contains(@id ,\"application-addressmanagement-display-component---detailAdm--addressDetailDetailsName1\")]"}
COMMAND: POST /session/ca2abbe84309923e96ecd53f817ddbdd/element - {"using":"xpath","value":"//span[contains(text(), \"WebdriverYardjjtihg\")][contains(@id ,\"application-addressmanagement-display-component---detailAdm--addressDetailDetailsName1\")]"}
RESULT: {"using":"xpath","value":"//span[contains(text(), \"WebdriverYardjjtihg\")][contains(@id ,\"application-addressmanagement-display-component---detailAdm--addressDetailDetailsName1\")]"}
COMMAND: POST /session/ca2abbe84309923e96ecd53f817ddbdd/element - {"using":"xpath","value":"//span[contains(text(), \"WebdriverYardjjtihg\")][contains(@id ,\"application-addressmanagement-display-component---detailAdm--addressDetailDetailsName1\")]"}
RESULT: {"using":"xpath","value":"//span[contains(text(), \"WebdriverYardjjtihg\")][contains(@id ,\"application-addressmanagement-display-component---detailAdm--addressDetailDetailsName1\")]"}
COMMAND: POST /session/ca2abbe84309923e96ecd53f817ddbdd/element - {"using":"xpath","value":"//button[contains(@data-kt ,\"ContextMenuExternalId2Link\")]"}
RESULT: {"using":"xpath","value":"//button[contains(@data-kt ,\"ContextMenuExternalId2Link\")]"}
COMMAND: POST /session/ca2abbe84309923e96ecd53f817ddbdd/element/f.28BC222DDC5CE12B0F2B355DA12E6296.d.B7E448B2CBE5AB089FB17782ECB01727.e.3611/click - {}
COMMAND: POST /session/ca2abbe84309923e96ecd53f817ddbdd/element - {"using":"xpath","value":"//span[contains(text(), \"WebdriverYardjjtihg\")][contains(@id ,\"application-addressmanagement-display-component---detailAdm--addressDetailDetailsName1\")]"}
RESULT: {}
COMMAND: GET /session/ca2abbe84309923e96ecd53f817ddbdd/screenshot - {}
RESULT: {"using":"xpath","value":"//span[contains(text(), \"WebdriverYardjjtihg\")][contains(@id ,\"application-addressmanagement-display-component---detailAdm--addressDetailDetailsName1\")]"}
COMMAND: POST /session/ca2abbe84309923e96ecd53f817ddbdd/element - {"using":"xpath","value":"//span[contains(text(), \"WebdriverYardjjtihg\")][contains(@id ,\"application-addressmanagement-display-component---detailAdm--addressDetailDetailsName1\")]"}
RESULT: {}
RESULT: {"using":"xpath","value":"//span[contains(text(), \"WebdriverYardjjtihg\")][contains(@id ,\"application-addressmanagement-display-component---detailAdm--addressDetailDetailsName1\")]"}
COMMAND: POST /session/ca2abbe84309923e96ecd53f817ddbdd/element - {"using":"xpath","value":"//span[contains(text(), \"WebdriverYardjjtihg\")][contains(@id ,\"application-addressmanagement-display-component---detailAdm--addressDetailDetailsName1\")]"}
RESULT: {"using":"xpath","value":"//span[contains(text(), \"WebdriverYardjjtihg\")][contains(@id ,\"application-addressmanagement-display-component---detailAdm--addressDetailDetailsName1\")]"}
COMMAND: POST /session/ca2abbe84309923e96ecd53f817ddbdd/element - {"using":"xpath","value":"//span[contains(text(), \"WebdriverYardjjtihg\")][contains(@id ,\"application-addressmanagement-display-component---detailAdm--addressDetailDetailsName1\")]"}
RESULT: {"using":"xpath","value":"//span[contains(text(), \"WebdriverYardjjtihg\")][contains(@id ,\"application-addressmanagement-display-component---detailAdm--addressDetailDetailsName1\")]"}
COMMAND: POST /session/ca2abbe84309923e96ecd53f817ddbdd/element - {"using":"xpath","value":"//span[contains(text(), \"WebdriverYardjjtihg\")][contains(@id ,\"application-addressmanagement-display-component---detailAdm--addressDetailDetailsName1\")]"}
RESULT: {"using":"xpath","value":"//span[contains(text(), \"WebdriverYardjjtihg\")][contains(@id ,\"application-addressmanagement-display-component---detailAdm--addressDetailDetailsName1\")]"}
COMMAND: POST /session/ca2abbe84309923e96ecd53f817ddbdd/element - {"using":"xpath","value":"//span[contains(text(), \"WebdriverYardjjtihg\")][contains(@id ,\"application-addressmanagement-display-component---detailAdm--addressDetailDetailsName1\")]"}
RESULT: {"using":"xpath","value":"//span[contains(text(), \"WebdriverYardjjtihg\")][contains(@id ,\"application-addressmanagement-display-component---detailAdm--addressDetailDetailsName1\")]"}
COMMAND: POST /session/ca2abbe84309923e96ecd53f817ddbdd/element - {"using":"xpath","value":"//span[contains(text(), \"WebdriverYardjjtihg\")][contains(@id ,\"application-addressmanagement-display-component---detailAdm--addressDetailDetailsName1\")]"}
RESULT: {"using":"xpath","value":"//span[contains(text(), \"WebdriverYardjjtihg\")][contains(@id ,\"application-addressmanagement-display-component---detailAdm--addressDetailDetailsName1\")]"}
COMMAND: POST /session/ca2abbe84309923e96ecd53f817ddbdd/element - {"using":"xpath","value":"//span[contains(text(), \"WebdriverYardjjtihg\")][contains(@id ,\"application-addressmanagement-display-component---detailAdm--addressDetailDetailsName1\")]"}
RESULT: {"using":"xpath","value":"//span[contains(text(), \"WebdriverYardjjtihg\")][contains(@id ,\"application-addressmanagement-display-component---detailAdm--addressDetailDetailsName1\")]"}
COMMAND: POST /session/ca2abbe84309923e96ecd53f817ddbdd/element - {"using":"xpath","value":"//span[contains(text(), \"WebdriverYardjjtihg\")][contains(@id ,\"application-addressmanagement-display-component---detailAdm--addressDetailDetailsName1\")]"}
RESULT: {"using":"xpath","value":"//span[contains(text(), \"WebdriverYardjjtihg\")][contains(@id ,\"application-addressmanagement-display-component---detailAdm--addressDetailDetailsName1\")]"}
COMMAND: POST /session/ca2abbe84309923e96ecd53f817ddbdd/element - {"using":"xpath","value":"//span[contains(text(), \"WebdriverYardjjtihg\")][contains(@id ,\"application-addressmanagement-display-component---detailAdm--addressDetailDetailsName1\")]"}
RESULT: {"using":"xpath","value":"//span[contains(text(), \"WebdriverYardjjtihg\")][contains(@id ,\"application-addressmanagement-display-component---detailAdm--addressDetailDetailsName1\")]"}
COMMAND: POST /session/ca2abbe84309923e96ecd53f817ddbdd/element - {"using":"xpath","value":"//span[contains(text(), \"WebdriverYardjjtihg\")][contains(@id ,\"application-addressmanagement-display-component---detailAdm--addressDetailDetailsName1\")]"}
RESULT: {"using":"xpath","value":"//span[contains(text(), \"WebdriverYardjjtihg\")][contains(@id ,\"application-addressmanagement-display-component---detailAdm--addressDetailDetailsName1\")]"}
COMMAND: POST /session/ca2abbe84309923e96ecd53f817ddbdd/element - {"using":"xpath","value":"//span[contains(text(), \"WebdriverYardjjtihg\")][contains(@id ,\"application-addressmanagement-display-component---detailAdm--addressDetailDetailsName1\")]"}
RESULT: {"using":"xpath","value":"//span[contains(text(), \"WebdriverYardjjtihg\")][contains(@id ,\"application-addressmanagement-display-component---detailAdm--addressDetailDetailsName1\")]"}
COMMAND: POST /session/ca2abbe84309923e96ecd53f817ddbdd/element - {"using":"xpath","value":"//span[contains(text(), \"WebdriverYardjjtihg\")][contains(@id ,\"application-addressmanagement-display-component---detailAdm--addressDetailDetailsName1\")]"}
RESULT: {"using":"xpath","value":"//span[contains(text(), \"WebdriverYardjjtihg\")][contains(@id ,\"application-addressmanagement-display-component---detailAdm--addressDetailDetailsName1\")]"}
COMMAND: GET /session/ca2abbe84309923e96ecd53f817ddbdd/window/handles - {}
COMMAND: POST /session/ca2abbe84309923e96ecd53f817ddbdd/element - {"using":"xpath","value":"//span[contains(text(), \"WebdriverYardjjtihg\")][contains(@id ,\"application-addressmanagement-display-component---detailAdm--addressDetailDetailsName1\")]"}
RESULT: {}
COMMAND: POST /session/ca2abbe84309923e96ecd53f817ddbdd/window - {"handle":"B6D46995968045D5D1F61675A61E60E0"}
RESULT: {"handle":"B6D46995968045D5D1F61675A61E60E0"}
COMMAND: GET /session/ca2abbe84309923e96ecd53f817ddbdd/url - {}
RESULT: {"using":"xpath","value":"//span[contains(text(), \"WebdriverYardjjtihg\")][contains(@id ,\"application-addressmanagement-display-component---detailAdm--addressDetailDetailsName1\")]"}
RESULT: {}
COMMAND: GET /session/ca2abbe84309923e96ecd53f817ddbdd/screenshot - {}
RESULT: {}
COMMAND: POST /session/ca2abbe84309923e96ecd53f817ddbdd/element - {"using":"xpath","value":"//span[contains(text(), \"WebdriverYardjjtihg\")][contains(@id ,\"application-addressmanagement-display-component---detailAdm--addressDetailDetailsName1\")]"}
RESULT: {"using":"xpath","value":"//span[contains(text(), \"WebdriverYardjjtihg\")][contains(@id ,\"application-addressmanagement-display-component---detailAdm--addressDetailDetailsName1\")]"}
COMMAND: POST /session/ca2abbe84309923e96ecd53f817ddbdd/element - {"using":"xpath","value":"//span[contains(text(), \"WebdriverYardjjtihg\")][contains(@id ,\"application-addressmanagement-display-component---detailAdm--addressDetailDetailsName1\")]"}
RESULT: {"using":"xpath","value":"//span[contains(text(), \"WebdriverYardjjtihg\")][contains(@id ,\"application-addressmanagement-display-component---detailAdm--addressDetailDetailsName1\")]"}
COMMAND: POST /session/ca2abbe84309923e96ecd53f817ddbdd/element - {"using":"xpath","value":"//span[contains(text(), \"WebdriverYardjjtihg\")][contains(@id ,\"application-addressmanagement-display-component---detailAdm--addressDetailDetailsName1\")]"}
COMMAND: POST /session/ca2abbe84309923e96ecd53f817ddbdd/execute/sync - {"script":"<script> [8489 bytes]","args":[{"element-6066-11e4-a52e-4f735466cecf":"f.28BC222DDC5CE12B0F2B355DA12E6296.d.B7E448B2CBE5AB089FB17782ECB01727.e.3192","ELEMENT":"f.28BC222DDC5CE12B0F2B355DA12E6296.d.B7E448B2CBE5AB089FB17782ECB01727.e.3192"}]}
COMMAND: DELETE /session/ca2abbe84309923e96ecd53f817ddbdd/window - {}
RESULT: {"using":"xpath","value":"//span[contains(text(), \"WebdriverYardjjtihg\")][contains(@id ,\"application-addressmanagement-display-component---detailAdm--addressDetailDetailsName1\")]"}
COMMAND: POST /session/ca2abbe84309923e96ecd53f817ddbdd/element - {"using":"xpath","value":"//span[contains(text(), \"WebdriverYardjjtihg\")][contains(@id ,\"application-addressmanagement-display-component---detailAdm--addressDetailDetailsName1\")]"}
RESULT: {}
COMMAND: POST /session/ca2abbe84309923e96ecd53f817ddbdd/window - {"handle":"28BC222DDC5CE12B0F2B355DA12E6296"}
RESULT: {"handle":"28BC222DDC5CE12B0F2B355DA12E6296"}
COMMAND: GET /session/ca2abbe84309923e96ecd53f817ddbdd/url - {}
COMMAND: POST /session/ca2abbe84309923e96ecd53f817ddbdd/element - {"using":"xpath","value":"//span[contains(@id ,\"title\")][contains(text(), \"WebdriverYardeom2e\")]"}
RESULT: {"using":"xpath","value":"//span[contains(text(), \"WebdriverYardjjtihg\")][contains(@id ,\"application-addressmanagement-display-component---detailAdm--addressDetailDetailsName1\")]"}
RESULT: {}
COMMAND: GET /session/ca2abbe84309923e96ecd53f817ddbdd/screenshot - {}
RESULT: {"using":"xpath","value":"//span[contains(@id ,\"title\")][contains(text(), \"WebdriverYardeom2e\")]"}
COMMAND: POST /session/ca2abbe84309923e96ecd53f817ddbdd/execute/sync - {"script":"<script> [8489 bytes]","args":[{"element-6066-11e4-a52e-4f735466cecf":"f.28BC222DDC5CE12B0F2B355DA12E6296.d.B7E448B2CBE5AB089FB17782ECB01727.e.3714","ELEMENT":"f.28BC222DDC5CE12B0F2B355DA12E6296.d.B7E448B2CBE5AB089FB17782ECB01727.e.3714"}]}
RESULT: {}
RESULT: {"script":"<script> [8489 bytes]","args":[{"element-6066-11e4-a52e-4f735466cecf":"f.28BC222DDC5CE12B0F2B355DA12E6296.d.B7E448B2CBE5AB089FB17782ECB01727.e.3714","ELEMENT":"f.28BC222DDC5CE12B0F2B355DA12E6296.d.B7E448B2CBE5AB089FB17782ECB01727.e.3714"}]}
COMMAND: GET /session/ca2abbe84309923e96ecd53f817ddbdd/screenshot - {}
RESULT: {}
COMMAND: POST /session/ca2abbe84309923e96ecd53f817ddbdd/element - {"using":"xpath","value":"//button[contains(@data-kt ,\"ContextMenuExternalId3Link\")]"}
RESULT: {"using":"xpath","value":"//button[contains(@data-kt ,\"ContextMenuExternalId3Link\")]"}
COMMAND: POST /session/ca2abbe84309923e96ecd53f817ddbdd/element/f.28BC222DDC5CE12B0F2B355DA12E6296.d.B7E448B2CBE5AB089FB17782ECB01727.e.3715/click - {}
RESULT: {}
COMMAND: GET /session/ca2abbe84309923e96ecd53f817ddbdd/screenshot - {}
RESULT: {}
COMMAND: GET /session/ca2abbe84309923e96ecd53f817ddbdd/window/handles - {}
RESULT: {}
COMMAND: POST /session/ca2abbe84309923e96ecd53f817ddbdd/window - {"handle":"546484723345C92BD5BBBE47A6158D75"}
RESULT: {"handle":"546484723345C92BD5BBBE47A6158D75"}
COMMAND: GET /session/ca2abbe84309923e96ecd53f817ddbdd/url - {}
RESULT: {}
COMMAND: GET /session/ca2abbe84309923e96ecd53f817ddbdd/screenshot - {}
RESULT: {}
COMMAND: POST /session/ca2abbe84309923e96ecd53f817ddbdd/element - {"using":"xpath","value":"//span[contains(text(), \"WebdriverYardjjtihg\")][contains(@id ,\"application-addressmanagement-display-component---detailAdm--addressDetailDetailsName1\")]"}
COMMAND: DELETE /session/ca2abbe84309923e96ecd53f817ddbdd/window - {}
RESULT: {}
COMMAND: POST /session/ca2abbe84309923e96ecd53f817ddbdd/window - {"handle":"28BC222DDC5CE12B0F2B355DA12E6296"}
RESULT: {"handle":"28BC222DDC5CE12B0F2B355DA12E6296"}
COMMAND: GET /session/ca2abbe84309923e96ecd53f817ddbdd/url - {}
RESULT: {"using":"xpath","value":"//span[contains(text(), \"WebdriverYardjjtihg\")][contains(@id ,\"application-addressmanagement-display-component---detailAdm--addressDetailDetailsName1\")]"}
RESULT: {}
COMMAND: GET /session/ca2abbe84309923e96ecd53f817ddbdd/screenshot - {}
COMMAND: POST /session/ca2abbe84309923e96ecd53f817ddbdd/element - {"using":"xpath","value":"//span[contains(text(), \"WebdriverYardjjtihg\")][contains(@id ,\"application-addressmanagement-display-component---detailAdm--addressDetailDetailsName1\")]"}
RESULT: {}
RESULT: {"using":"xpath","value":"//span[contains(text(), \"WebdriverYardjjtihg\")][contains(@id ,\"application-addressmanagement-display-component---detailAdm--addressDetailDetailsName1\")]"}
COMMAND: POST /session/ca2abbe84309923e96ecd53f817ddbdd/element - {"using":"xpath","value":"//span[contains(text(), \"WebdriverYardjjtihg\")][contains(@id ,\"application-addressmanagement-display-component---detailAdm--addressDetailDetailsName1\")]"}
RESULT: {"using":"xpath","value":"//span[contains(text(), \"WebdriverYardjjtihg\")][contains(@id ,\"application-addressmanagement-display-component---detailAdm--addressDetailDetailsName1\")]"}
COMMAND: POST /session/ca2abbe84309923e96ecd53f817ddbdd/element - {"using":"xpath","value":"//span[contains(text(), \"WebdriverYardjjtihg\")][contains(@id ,\"application-addressmanagement-display-component---detailAdm--addressDetailDetailsName1\")]"}
RESULT: {"using":"xpath","value":"//span[contains(text(), \"WebdriverYardjjtihg\")][contains(@id ,\"application-addressmanagement-display-component---detailAdm--addressDetailDetailsName1\")]"}
COMMAND: POST /session/ca2abbe84309923e96ecd53f817ddbdd/element - {"using":"xpath","value":"//span[contains(text(), \"WebdriverYardjjtihg\")][contains(@id ,\"application-addressmanagement-display-component---detailAdm--addressDetailDetailsName1\")]"}
RESULT: {"using":"xpath","value":"//span[contains(text(), \"WebdriverYardjjtihg\")][contains(@id ,\"application-addressmanagement-display-component---detailAdm--addressDetailDetailsName1\")]"}
COMMAND: POST /session/ca2abbe84309923e96ecd53f817ddbdd/element - {"using":"xpath","value":"//span[contains(text(), \"WebdriverYardjjtihg\")][contains(@id ,\"application-addressmanagement-display-component---detailAdm--addressDetailDetailsName1\")]"}
RESULT: {"using":"xpath","value":"//span[contains(text(), \"WebdriverYardjjtihg\")][contains(@id ,\"application-addressmanagement-display-component---detailAdm--addressDetailDetailsName1\")]"}
COMMAND: POST /session/ca2abbe84309923e96ecd53f817ddbdd/element - {"using":"xpath","value":"//span[contains(text(), \"WebdriverYardjjtihg\")][contains(@id ,\"application-addressmanagement-display-component---detailAdm--addressDetailDetailsName1\")]"}
RESULT: {"using":"xpath","value":"//span[contains(text(), \"WebdriverYardjjtihg\")][contains(@id ,\"application-addressmanagement-display-component---detailAdm--addressDetailDetailsName1\")]"}
]]></system-out>
    </testcase>
    <testcase classname="chrome.136_0_7103_93.windows.Webshop_-_Hyperlinks_visible_and_working_properly__US139085" name="Shpuld verify site hyperlinks" time="264.736">
      <system-out><![CDATA[
COMMAND: POST /session/ca2abbe84309923e96ecd53f817ddbdd/element - {"using":"xpath","value":"//*[contains(@data-kt ,\"webshopDetailSiteLink\")]"}
RESULT: {"using":"xpath","value":"//*[contains(@data-kt ,\"webshopDetailSiteLink\")]"}
COMMAND: POST /session/ca2abbe84309923e96ecd53f817ddbdd/execute/sync - {"script":"<script> [8489 bytes]","args":[{"element-6066-11e4-a52e-4f735466cecf":"f.28BC222DDC5CE12B0F2B355DA12E6296.d.B7E448B2CBE5AB089FB17782ECB01727.e.3918","ELEMENT":"f.28BC222DDC5CE12B0F2B355DA12E6296.d.B7E448B2CBE5AB089FB17782ECB01727.e.3918"}]}
RESULT: {"script":"<script> [8489 bytes]","args":[{"element-6066-11e4-a52e-4f735466cecf":"f.28BC222DDC5CE12B0F2B355DA12E6296.d.B7E448B2CBE5AB089FB17782ECB01727.e.3918","ELEMENT":"f.28BC222DDC5CE12B0F2B355DA12E6296.d.B7E448B2CBE5AB089FB17782ECB01727.e.3918"}]}
COMMAND: POST /session/ca2abbe84309923e96ecd53f817ddbdd/execute/sync - {"script":"<script> [5351 bytes]","args":[{"element-6066-11e4-a52e-4f735466cecf":"f.28BC222DDC5CE12B0F2B355DA12E6296.d.B7E448B2CBE5AB089FB17782ECB01727.e.3918","ELEMENT":"f.28BC222DDC5CE12B0F2B355DA12E6296.d.B7E448B2CBE5AB089FB17782ECB01727.e.3918"}]}
RESULT: {"script":"<script> [5351 bytes]","args":[{"element-6066-11e4-a52e-4f735466cecf":"f.28BC222DDC5CE12B0F2B355DA12E6296.d.B7E448B2CBE5AB089FB17782ECB01727.e.3918","ELEMENT":"f.28BC222DDC5CE12B0F2B355DA12E6296.d.B7E448B2CBE5AB089FB17782ECB01727.e.3918"}]}
COMMAND: POST /session/ca2abbe84309923e96ecd53f817ddbdd/element - {"using":"xpath","value":"//*[contains(@data-kt ,\"webshopDetailSiteLink\")]"}
RESULT: {"using":"xpath","value":"//*[contains(@data-kt ,\"webshopDetailSiteLink\")]"}
COMMAND: POST /session/ca2abbe84309923e96ecd53f817ddbdd/element/f.28BC222DDC5CE12B0F2B355DA12E6296.d.B7E448B2CBE5AB089FB17782ECB01727.e.3918/click - {}
RESULT: {}
COMMAND: POST /session/ca2abbe84309923e96ecd53f817ddbdd/element - {"using":"xpath","value":"//span[contains(text(), \"WebdriverYardjjtihg\")][contains(@id ,\"application-addressmanagement-display-component---detailAdm--addressDetailDetailsName1\")]"}
COMMAND: GET /session/ca2abbe84309923e96ecd53f817ddbdd/screenshot - {}
COMMAND: GET /session/ca2abbe84309923e96ecd53f817ddbdd/screenshot - {}
COMMAND: GET /session/ca2abbe84309923e96ecd53f817ddbdd/screenshot - {}
RESULT: {"using":"xpath","value":"//span[contains(text(), \"WebdriverYardjjtihg\")][contains(@id ,\"application-addressmanagement-display-component---detailAdm--addressDetailDetailsName1\")]"}
RESULT: {}
COMMAND: POST /session/ca2abbe84309923e96ecd53f817ddbdd/element - {"using":"xpath","value":"//span[contains(text(), \"WebdriverYardjjtihg\")][contains(@id ,\"application-addressmanagement-display-component---detailAdm--addressDetailDetailsName1\")]"}
RESULT: {}
RESULT: {}
RESULT: {"using":"xpath","value":"//span[contains(text(), \"WebdriverYardjjtihg\")][contains(@id ,\"application-addressmanagement-display-component---detailAdm--addressDetailDetailsName1\")]"}
COMMAND: POST /session/ca2abbe84309923e96ecd53f817ddbdd/element - {"using":"xpath","value":"//span[contains(text(), \"WebdriverYardjjtihg\")][contains(@id ,\"application-addressmanagement-display-component---detailAdm--addressDetailDetailsName1\")]"}
RESULT: {"using":"xpath","value":"//span[contains(text(), \"WebdriverYardjjtihg\")][contains(@id ,\"application-addressmanagement-display-component---detailAdm--addressDetailDetailsName1\")]"}
COMMAND: POST /session/ca2abbe84309923e96ecd53f817ddbdd/element - {"using":"xpath","value":"//*[contains(@data-kt ,\"ContextMenuIdLink\")][contains(text(), \"Manage Site\")]"}
RESULT: {"using":"xpath","value":"//*[contains(@data-kt ,\"ContextMenuIdLink\")][contains(text(), \"Manage Site\")]"}
COMMAND: POST /session/ca2abbe84309923e96ecd53f817ddbdd/execute/sync - {"script":"<script> [8489 bytes]","args":[{"element-6066-11e4-a52e-4f735466cecf":"f.28BC222DDC5CE12B0F2B355DA12E6296.d.B7E448B2CBE5AB089FB17782ECB01727.e.3920","ELEMENT":"f.28BC222DDC5CE12B0F2B355DA12E6296.d.B7E448B2CBE5AB089FB17782ECB01727.e.3920"}]}
COMMAND: POST /session/ca2abbe84309923e96ecd53f817ddbdd/element - {"using":"xpath","value":"//*[contains(@data-kt ,\"ContextMenuId2Link\")][contains(text(), \"Site Overview\")]"}
RESULT: {"script":"<script> [8489 bytes]","args":[{"element-6066-11e4-a52e-4f735466cecf":"f.28BC222DDC5CE12B0F2B355DA12E6296.d.B7E448B2CBE5AB089FB17782ECB01727.e.3920","ELEMENT":"f.28BC222DDC5CE12B0F2B355DA12E6296.d.B7E448B2CBE5AB089FB17782ECB01727.e.3920"}]}
RESULT: {"using":"xpath","value":"//*[contains(@data-kt ,\"ContextMenuId2Link\")][contains(text(), \"Site Overview\")]"}
COMMAND: POST /session/ca2abbe84309923e96ecd53f817ddbdd/execute/sync - {"script":"<script> [8489 bytes]","args":[{"element-6066-11e4-a52e-4f735466cecf":"f.28BC222DDC5CE12B0F2B355DA12E6296.d.B7E448B2CBE5AB089FB17782ECB01727.e.3921","ELEMENT":"f.28BC222DDC5CE12B0F2B355DA12E6296.d.B7E448B2CBE5AB089FB17782ECB01727.e.3921"}]}
COMMAND: POST /session/ca2abbe84309923e96ecd53f817ddbdd/element - {"using":"xpath","value":"//*[contains(@data-kt ,\"ContextMenuId3Link\")][contains(text(), \"Site Main Address\")]"}
COMMAND: GET /session/ca2abbe84309923e96ecd53f817ddbdd/screenshot - {}
RESULT: {"script":"<script> [8489 bytes]","args":[{"element-6066-11e4-a52e-4f735466cecf":"f.28BC222DDC5CE12B0F2B355DA12E6296.d.B7E448B2CBE5AB089FB17782ECB01727.e.3921","ELEMENT":"f.28BC222DDC5CE12B0F2B355DA12E6296.d.B7E448B2CBE5AB089FB17782ECB01727.e.3921"}]}
COMMAND: POST /session/ca2abbe84309923e96ecd53f817ddbdd/element - {"using":"xpath","value":"//span[contains(text(), \"WebdriverYardjjtihg\")][contains(@id ,\"application-addressmanagement-display-component---detailAdm--addressDetailDetailsName1\")]"}
RESULT: {"using":"xpath","value":"//*[contains(@data-kt ,\"ContextMenuId3Link\")][contains(text(), \"Site Main Address\")]"}
COMMAND: POST /session/ca2abbe84309923e96ecd53f817ddbdd/execute/sync - {"script":"<script> [8489 bytes]","args":[{"element-6066-11e4-a52e-4f735466cecf":"f.28BC222DDC5CE12B0F2B355DA12E6296.d.B7E448B2CBE5AB089FB17782ECB01727.e.3922","ELEMENT":"f.28BC222DDC5CE12B0F2B355DA12E6296.d.B7E448B2CBE5AB089FB17782ECB01727.e.3922"}]}
COMMAND: POST /session/ca2abbe84309923e96ecd53f817ddbdd/element/f.28BC222DDC5CE12B0F2B355DA12E6296.d.B7E448B2CBE5AB089FB17782ECB01727.e.3920/click - {}
RESULT: {}
COMMAND: GET /session/ca2abbe84309923e96ecd53f817ddbdd/screenshot - {}
RESULT: {"using":"xpath","value":"//span[contains(text(), \"WebdriverYardjjtihg\")][contains(@id ,\"application-addressmanagement-display-component---detailAdm--addressDetailDetailsName1\")]"}
RESULT: {"script":"<script> [8489 bytes]","args":[{"element-6066-11e4-a52e-4f735466cecf":"f.28BC222DDC5CE12B0F2B355DA12E6296.d.B7E448B2CBE5AB089FB17782ECB01727.e.3922","ELEMENT":"f.28BC222DDC5CE12B0F2B355DA12E6296.d.B7E448B2CBE5AB089FB17782ECB01727.e.3922"}]}
RESULT: {}
COMMAND: GET /session/ca2abbe84309923e96ecd53f817ddbdd/screenshot - {}
COMMAND: GET /session/ca2abbe84309923e96ecd53f817ddbdd/screenshot - {}
COMMAND: POST /session/ca2abbe84309923e96ecd53f817ddbdd/element - {"using":"xpath","value":"//span[contains(text(), \"WebdriverYardjjtihg\")][contains(@id ,\"application-addressmanagement-display-component---detailAdm--addressDetailDetailsName1\")]"}
RESULT: {}
RESULT: {}
RESULT: {}
RESULT: {"using":"xpath","value":"//span[contains(text(), \"WebdriverYardjjtihg\")][contains(@id ,\"application-addressmanagement-display-component---detailAdm--addressDetailDetailsName1\")]"}
COMMAND: POST /session/ca2abbe84309923e96ecd53f817ddbdd/element - {"using":"xpath","value":"//span[contains(text(), \"WebdriverYardjjtihg\")][contains(@id ,\"application-addressmanagement-display-component---detailAdm--addressDetailDetailsName1\")]"}
COMMAND: POST /session/ca2abbe84309923e96ecd53f817ddbdd/execute/async - {"script":"<script> [1562 bytes]","args":[{"selector":{"controlType":"sap.m.Title","viewName":"etm.portal.ui.managesites.view.Master","viewId":"application-managesites-display-component---masterSite","i18NText":{"propertyName":"text","key":"sites"}},"wdio_ui5_key":"etmportal.ui.managesites.view.Mastersap.m.Title{\"propertyName\":\"text\",\"key\":\"sites\"}"}]}
RESULT: {"using":"xpath","value":"//span[contains(text(), \"WebdriverYardjjtihg\")][contains(@id ,\"application-addressmanagement-display-component---detailAdm--addressDetailDetailsName1\")]"}
COMMAND: POST /session/ca2abbe84309923e96ecd53f817ddbdd/element - {"using":"xpath","value":"//span[contains(text(), \"WebdriverYardjjtihg\")][contains(@id ,\"application-addressmanagement-display-component---detailAdm--addressDetailDetailsName1\")]"}
RESULT: {"script":"<script> [1562 bytes]","args":[{"selector":{"controlType":"sap.m.Title","viewName":"etm.portal.ui.managesites.view.Master","viewId":"application-managesites-display-component---masterSite","i18NText":{"propertyName":"text","key":"sites"}},"wdio_ui5_key":"etmportal.ui.managesites.view.Mastersap.m.Title{\"propertyName\":\"text\",\"key\":\"sites\"}"}]}
RESULT: undefined
COMMAND: POST /session/ca2abbe84309923e96ecd53f817ddbdd/execute/async - {"script":"<script> [6424 bytes]","args":[{"element-6066-11e4-a52e-4f735466cecf":"f.28BC222DDC5CE12B0F2B355DA12E6296.d.B7E448B2CBE5AB089FB17782ECB01727.e.4108"},"getText",[]]}
RESULT: {"using":"xpath","value":"//span[contains(text(), \"WebdriverYardjjtihg\")][contains(@id ,\"application-addressmanagement-display-component---detailAdm--addressDetailDetailsName1\")]"}
RESULT: {"script":"<script> [6424 bytes]","args":[{"element-6066-11e4-a52e-4f735466cecf":"f.28BC222DDC5CE12B0F2B355DA12E6296.d.B7E448B2CBE5AB089FB17782ECB01727.e.4108"},"getText",[]]}
COMMAND: POST /session/ca2abbe84309923e96ecd53f817ddbdd/execute/async - {"script":"<script> [1562 bytes]","args":[{"selector":{"id":"application-managesites-display-component---detailSite--addressDetailDetailsName1"},"wdio_ui5_key":"applicationmanagesites-display-component---detailSite--addressDetailDetailsName1"}]}
COMMAND: POST /session/ca2abbe84309923e96ecd53f817ddbdd/element - {"using":"xpath","value":"//span[contains(text(), \"WebdriverYardjjtihg\")][contains(@id ,\"application-addressmanagement-display-component---detailAdm--addressDetailDetailsName1\")]"}
RESULT: {"script":"<script> [1562 bytes]","args":[{"selector":{"id":"application-managesites-display-component---detailSite--addressDetailDetailsName1"},"wdio_ui5_key":"applicationmanagesites-display-component---detailSite--addressDetailDetailsName1"}]}
RESULT: undefined
COMMAND: POST /session/ca2abbe84309923e96ecd53f817ddbdd/execute/async - {"script":"<script> [6424 bytes]","args":[{"element-6066-11e4-a52e-4f735466cecf":"f.28BC222DDC5CE12B0F2B355DA12E6296.d.B7E448B2CBE5AB089FB17782ECB01727.e.3986"},"getValue",[]]}
RESULT: {"using":"xpath","value":"//span[contains(text(), \"WebdriverYardjjtihg\")][contains(@id ,\"application-addressmanagement-display-component---detailAdm--addressDetailDetailsName1\")]"}
RESULT: {"script":"<script> [6424 bytes]","args":[{"element-6066-11e4-a52e-4f735466cecf":"f.28BC222DDC5CE12B0F2B355DA12E6296.d.B7E448B2CBE5AB089FB17782ECB01727.e.3986"},"getValue",[]]}
RESULT: undefined
COMMAND: POST /session/ca2abbe84309923e96ecd53f817ddbdd/element - {"using":"xpath","value":"//*[@id=\"backBtn\"]"}
RESULT: {"using":"xpath","value":"//*[@id=\"backBtn\"]"}
COMMAND: POST /session/ca2abbe84309923e96ecd53f817ddbdd/element/f.28BC222DDC5CE12B0F2B355DA12E6296.d.B7E448B2CBE5AB089FB17782ECB01727.e.3049/click - {}
COMMAND: POST /session/ca2abbe84309923e96ecd53f817ddbdd/element - {"using":"xpath","value":"//span[contains(text(), \"WebdriverYardjjtihg\")][contains(@id ,\"application-addressmanagement-display-component---detailAdm--addressDetailDetailsName1\")]"}
RESULT: {}
COMMAND: GET /session/ca2abbe84309923e96ecd53f817ddbdd/screenshot - {}
RESULT: {"using":"xpath","value":"//span[contains(text(), \"WebdriverYardjjtihg\")][contains(@id ,\"application-addressmanagement-display-component---detailAdm--addressDetailDetailsName1\")]"}
RESULT: {}
COMMAND: POST /session/ca2abbe84309923e96ecd53f817ddbdd/element - {"using":"xpath","value":"//span[contains(text(), \"WebdriverYardjjtihg\")][contains(@id ,\"application-addressmanagement-display-component---detailAdm--addressDetailDetailsName1\")]"}
RESULT: {"using":"xpath","value":"//span[contains(text(), \"WebdriverYardjjtihg\")][contains(@id ,\"application-addressmanagement-display-component---detailAdm--addressDetailDetailsName1\")]"}
COMMAND: POST /session/ca2abbe84309923e96ecd53f817ddbdd/element - {"using":"xpath","value":"//span[contains(text(), \"WebdriverYardjjtihg\")][contains(@id ,\"application-addressmanagement-display-component---detailAdm--addressDetailDetailsName1\")]"}
RESULT: {"using":"xpath","value":"//span[contains(text(), \"WebdriverYardjjtihg\")][contains(@id ,\"application-addressmanagement-display-component---detailAdm--addressDetailDetailsName1\")]"}
COMMAND: POST /session/ca2abbe84309923e96ecd53f817ddbdd/element - {"using":"xpath","value":"//span[contains(text(), \"WebdriverYardjjtihg\")][contains(@id ,\"application-addressmanagement-display-component---detailAdm--addressDetailDetailsName1\")]"}
RESULT: {"using":"xpath","value":"//span[contains(text(), \"WebdriverYardjjtihg\")][contains(@id ,\"application-addressmanagement-display-component---detailAdm--addressDetailDetailsName1\")]"}
COMMAND: POST /session/ca2abbe84309923e96ecd53f817ddbdd/element - {"using":"xpath","value":"//span[contains(text(), \"WebdriverYardjjtihg\")][contains(@id ,\"application-addressmanagement-display-component---detailAdm--addressDetailDetailsName1\")]"}
RESULT: {"using":"xpath","value":"//span[contains(text(), \"WebdriverYardjjtihg\")][contains(@id ,\"application-addressmanagement-display-component---detailAdm--addressDetailDetailsName1\")]"}
COMMAND: POST /session/ca2abbe84309923e96ecd53f817ddbdd/element - {"using":"xpath","value":"//span[contains(text(), \"WebdriverYardjjtihg\")][contains(@id ,\"application-addressmanagement-display-component---detailAdm--addressDetailDetailsName1\")]"}
RESULT: {"using":"xpath","value":"//span[contains(text(), \"WebdriverYardjjtihg\")][contains(@id ,\"application-addressmanagement-display-component---detailAdm--addressDetailDetailsName1\")]"}
COMMAND: POST /session/ca2abbe84309923e96ecd53f817ddbdd/element - {"using":"xpath","value":"//span[contains(text(), \"WebdriverYardjjtihg\")][contains(@id ,\"application-addressmanagement-display-component---detailAdm--addressDetailDetailsName1\")]"}
COMMAND: POST /session/ca2abbe84309923e96ecd53f817ddbdd/execute/sync - {"script":"<script> [8489 bytes]","args":[{"element-6066-11e4-a52e-4f735466cecf":"f.28BC222DDC5CE12B0F2B355DA12E6296.d.B7E448B2CBE5AB089FB17782ECB01727.e.3918","ELEMENT":"f.28BC222DDC5CE12B0F2B355DA12E6296.d.B7E448B2CBE5AB089FB17782ECB01727.e.3918"}]}
RESULT: {"using":"xpath","value":"//span[contains(text(), \"WebdriverYardjjtihg\")][contains(@id ,\"application-addressmanagement-display-component---detailAdm--addressDetailDetailsName1\")]"}
COMMAND: POST /session/ca2abbe84309923e96ecd53f817ddbdd/element - {"using":"xpath","value":"//*[contains(@data-kt ,\"webshopDetailSiteLink\")]"}
COMMAND: POST /session/ca2abbe84309923e96ecd53f817ddbdd/element - {"using":"xpath","value":"//span[contains(text(), \"WebdriverYardjjtihg\")][contains(@id ,\"application-addressmanagement-display-component---detailAdm--addressDetailDetailsName1\")]"}
RESULT: {"using":"xpath","value":"//*[contains(@data-kt ,\"webshopDetailSiteLink\")]"}
COMMAND: POST /session/ca2abbe84309923e96ecd53f817ddbdd/execute/sync - {"script":"<script> [8489 bytes]","args":[{"element-6066-11e4-a52e-4f735466cecf":"f.28BC222DDC5CE12B0F2B355DA12E6296.d.B7E448B2CBE5AB089FB17782ECB01727.e.4284","ELEMENT":"f.28BC222DDC5CE12B0F2B355DA12E6296.d.B7E448B2CBE5AB089FB17782ECB01727.e.4284"}]}
RESULT: {"using":"xpath","value":"//span[contains(text(), \"WebdriverYardjjtihg\")][contains(@id ,\"application-addressmanagement-display-component---detailAdm--addressDetailDetailsName1\")]"}
RESULT: {"script":"<script> [8489 bytes]","args":[{"element-6066-11e4-a52e-4f735466cecf":"f.28BC222DDC5CE12B0F2B355DA12E6296.d.B7E448B2CBE5AB089FB17782ECB01727.e.4284","ELEMENT":"f.28BC222DDC5CE12B0F2B355DA12E6296.d.B7E448B2CBE5AB089FB17782ECB01727.e.4284"}]}
COMMAND: POST /session/ca2abbe84309923e96ecd53f817ddbdd/execute/sync - {"script":"<script> [5351 bytes]","args":[{"element-6066-11e4-a52e-4f735466cecf":"f.28BC222DDC5CE12B0F2B355DA12E6296.d.B7E448B2CBE5AB089FB17782ECB01727.e.4284","ELEMENT":"f.28BC222DDC5CE12B0F2B355DA12E6296.d.B7E448B2CBE5AB089FB17782ECB01727.e.4284"}]}
COMMAND: GET /session/ca2abbe84309923e96ecd53f817ddbdd/screenshot - {}
RESULT: {"script":"<script> [5351 bytes]","args":[{"element-6066-11e4-a52e-4f735466cecf":"f.28BC222DDC5CE12B0F2B355DA12E6296.d.B7E448B2CBE5AB089FB17782ECB01727.e.4284","ELEMENT":"f.28BC222DDC5CE12B0F2B355DA12E6296.d.B7E448B2CBE5AB089FB17782ECB01727.e.4284"}]}
COMMAND: POST /session/ca2abbe84309923e96ecd53f817ddbdd/element - {"using":"xpath","value":"//*[contains(@data-kt ,\"webshopDetailSiteLink\")]"}
COMMAND: GET /session/ca2abbe84309923e96ecd53f817ddbdd/screenshot - {}
RESULT: {}
RESULT: {"using":"xpath","value":"//*[contains(@data-kt ,\"webshopDetailSiteLink\")]"}
COMMAND: POST /session/ca2abbe84309923e96ecd53f817ddbdd/element/f.28BC222DDC5CE12B0F2B355DA12E6296.d.B7E448B2CBE5AB089FB17782ECB01727.e.4284/click - {}
COMMAND: POST /session/ca2abbe84309923e96ecd53f817ddbdd/element - {"using":"xpath","value":"//span[contains(text(), \"WebdriverYardjjtihg\")][contains(@id ,\"application-addressmanagement-display-component---detailAdm--addressDetailDetailsName1\")]"}
RESULT: {}
RESULT: {}
RESULT: {"using":"xpath","value":"//span[contains(text(), \"WebdriverYardjjtihg\")][contains(@id ,\"application-addressmanagement-display-component---detailAdm--addressDetailDetailsName1\")]"}
COMMAND: GET /session/ca2abbe84309923e96ecd53f817ddbdd/screenshot - {}
RESULT: {}
COMMAND: POST /session/ca2abbe84309923e96ecd53f817ddbdd/element - {"using":"xpath","value":"//span[contains(text(), \"WebdriverYardjjtihg\")][contains(@id ,\"application-addressmanagement-display-component---detailAdm--addressDetailDetailsName1\")]"}
RESULT: {"using":"xpath","value":"//span[contains(text(), \"WebdriverYardjjtihg\")][contains(@id ,\"application-addressmanagement-display-component---detailAdm--addressDetailDetailsName1\")]"}
COMMAND: POST /session/ca2abbe84309923e96ecd53f817ddbdd/element - {"using":"xpath","value":"//span[contains(text(), \"WebdriverYardjjtihg\")][contains(@id ,\"application-addressmanagement-display-component---detailAdm--addressDetailDetailsName1\")]"}
RESULT: {"using":"xpath","value":"//span[contains(text(), \"WebdriverYardjjtihg\")][contains(@id ,\"application-addressmanagement-display-component---detailAdm--addressDetailDetailsName1\")]"}
COMMAND: POST /session/ca2abbe84309923e96ecd53f817ddbdd/element - {"using":"xpath","value":"//span[contains(text(), \"WebdriverYardjjtihg\")][contains(@id ,\"application-addressmanagement-display-component---detailAdm--addressDetailDetailsName1\")]"}
RESULT: {"using":"xpath","value":"//span[contains(text(), \"WebdriverYardjjtihg\")][contains(@id ,\"application-addressmanagement-display-component---detailAdm--addressDetailDetailsName1\")]"}
COMMAND: POST /session/ca2abbe84309923e96ecd53f817ddbdd/element/f.28BC222DDC5CE12B0F2B355DA12E6296.d.B7E448B2CBE5AB089FB17782ECB01727.e.3921/click - {}
COMMAND: POST /session/ca2abbe84309923e96ecd53f817ddbdd/element - {"using":"xpath","value":"//*[contains(@data-kt ,\"ContextMenuId2Link\")][contains(text(), \"Site Overview\")]"}
RESULT: {"using":"xpath","value":"//*[contains(@data-kt ,\"ContextMenuId2Link\")][contains(text(), \"Site Overview\")]"}
COMMAND: POST /session/ca2abbe84309923e96ecd53f817ddbdd/element/f.28BC222DDC5CE12B0F2B355DA12E6296.d.B7E448B2CBE5AB089FB17782ECB01727.e.3921/click - {}
COMMAND: POST /session/ca2abbe84309923e96ecd53f817ddbdd/element - {"using":"xpath","value":"//*[contains(@data-kt ,\"ContextMenuId2Link\")][contains(text(), \"Site Overview\")]"}
RESULT: {"using":"xpath","value":"//*[contains(@data-kt ,\"ContextMenuId2Link\")][contains(text(), \"Site Overview\")]"}
COMMAND: POST /session/ca2abbe84309923e96ecd53f817ddbdd/element/f.28BC222DDC5CE12B0F2B355DA12E6296.d.B7E448B2CBE5AB089FB17782ECB01727.e.4286/click - {}
COMMAND: POST /session/ca2abbe84309923e96ecd53f817ddbdd/element - {"using":"xpath","value":"//span[contains(text(), \"WebdriverYardjjtihg\")][contains(@id ,\"application-addressmanagement-display-component---detailAdm--addressDetailDetailsName1\")]"}
RESULT: {}
RESULT: {"using":"xpath","value":"//span[contains(text(), \"WebdriverYardjjtihg\")][contains(@id ,\"application-addressmanagement-display-component---detailAdm--addressDetailDetailsName1\")]"}
COMMAND: GET /session/ca2abbe84309923e96ecd53f817ddbdd/screenshot - {}
RESULT: {}
RESULT: undefined
COMMAND: POST /session/ca2abbe84309923e96ecd53f817ddbdd/execute/async - {"script":"<script> [6424 bytes]","args":[{"element-6066-11e4-a52e-4f735466cecf":"f.28BC222DDC5CE12B0F2B355DA12E6296.d.B7E448B2CBE5AB089FB17782ECB01727.e.3047"},"getTitle",[]]}
COMMAND: POST /session/ca2abbe84309923e96ecd53f817ddbdd/execute/async - {"script":"<script> [1562 bytes]","args":[{"selector":{"id":"shellAppTitle"},"wdio_ui5_key":"shellAppTitle"}]}
RESULT: {"script":"<script> [1562 bytes]","args":[{"selector":{"id":"shellAppTitle"},"wdio_ui5_key":"shellAppTitle"}]}
COMMAND: POST /session/ca2abbe84309923e96ecd53f817ddbdd/execute/async - {"script":"<script> [6424 bytes]","args":[{"element-6066-11e4-a52e-4f735466cecf":"f.28BC222DDC5CE12B0F2B355DA12E6296.d.B7E448B2CBE5AB089FB17782ECB01727.e.4313"},"getTitle",[]]}
RESULT: {"script":"<script> [6424 bytes]","args":[{"element-6066-11e4-a52e-4f735466cecf":"f.28BC222DDC5CE12B0F2B355DA12E6296.d.B7E448B2CBE5AB089FB17782ECB01727.e.4313"},"getTitle",[]]}
COMMAND: POST /session/ca2abbe84309923e96ecd53f817ddbdd/element - {"using":"xpath","value":"(//span[contains(text(), \"WebdriverSitevxpbr\")])[2]"}
RESULT: {"using":"xpath","value":"(//span[contains(text(), \"WebdriverSitevxpbr\")])[2]"}
COMMAND: POST /session/ca2abbe84309923e96ecd53f817ddbdd/execute/sync - {"script":"<script> [8489 bytes]","args":[{"element-6066-11e4-a52e-4f735466cecf":"f.28BC222DDC5CE12B0F2B355DA12E6296.d.B7E448B2CBE5AB089FB17782ECB01727.e.4314","ELEMENT":"f.28BC222DDC5CE12B0F2B355DA12E6296.d.B7E448B2CBE5AB089FB17782ECB01727.e.4314"}]}
RESULT: undefined
COMMAND: POST /session/ca2abbe84309923e96ecd53f817ddbdd/element - {"using":"xpath","value":"//*[@id=\"backBtn\"]"}
RESULT: {"script":"<script> [8489 bytes]","args":[{"element-6066-11e4-a52e-4f735466cecf":"f.28BC222DDC5CE12B0F2B355DA12E6296.d.B7E448B2CBE5AB089FB17782ECB01727.e.4314","ELEMENT":"f.28BC222DDC5CE12B0F2B355DA12E6296.d.B7E448B2CBE5AB089FB17782ECB01727.e.4314"}]}
COMMAND: GET /session/ca2abbe84309923e96ecd53f817ddbdd/screenshot - {}
RESULT: {"using":"xpath","value":"//*[@id=\"backBtn\"]"}
COMMAND: POST /session/ca2abbe84309923e96ecd53f817ddbdd/element/f.28BC222DDC5CE12B0F2B355DA12E6296.d.B7E448B2CBE5AB089FB17782ECB01727.e.3049/click - {}
RESULT: {}
RESULT: {}
COMMAND: GET /session/ca2abbe84309923e96ecd53f817ddbdd/screenshot - {}
RESULT: {}
COMMAND: POST /session/ca2abbe84309923e96ecd53f817ddbdd/execute/sync - {"script":"<script> [8489 bytes]","args":[{"element-6066-11e4-a52e-4f735466cecf":"f.28BC222DDC5CE12B0F2B355DA12E6296.d.B7E448B2CBE5AB089FB17782ECB01727.e.4284","ELEMENT":"f.28BC222DDC5CE12B0F2B355DA12E6296.d.B7E448B2CBE5AB089FB17782ECB01727.e.4284"}]}
COMMAND: POST /session/ca2abbe84309923e96ecd53f817ddbdd/element - {"using":"xpath","value":"//*[contains(@data-kt ,\"webshopDetailSiteLink\")]"}
RESULT: {"using":"xpath","value":"//*[contains(@data-kt ,\"webshopDetailSiteLink\")]"}
COMMAND: POST /session/ca2abbe84309923e96ecd53f817ddbdd/execute/sync - {"script":"<script> [8489 bytes]","args":[{"element-6066-11e4-a52e-4f735466cecf":"f.28BC222DDC5CE12B0F2B355DA12E6296.d.B7E448B2CBE5AB089FB17782ECB01727.e.4477","ELEMENT":"f.28BC222DDC5CE12B0F2B355DA12E6296.d.B7E448B2CBE5AB089FB17782ECB01727.e.4477"}]}
RESULT: {"script":"<script> [8489 bytes]","args":[{"element-6066-11e4-a52e-4f735466cecf":"f.28BC222DDC5CE12B0F2B355DA12E6296.d.B7E448B2CBE5AB089FB17782ECB01727.e.4477","ELEMENT":"f.28BC222DDC5CE12B0F2B355DA12E6296.d.B7E448B2CBE5AB089FB17782ECB01727.e.4477"}]}
COMMAND: POST /session/ca2abbe84309923e96ecd53f817ddbdd/execute/sync - {"script":"<script> [5351 bytes]","args":[{"element-6066-11e4-a52e-4f735466cecf":"f.28BC222DDC5CE12B0F2B355DA12E6296.d.B7E448B2CBE5AB089FB17782ECB01727.e.4477","ELEMENT":"f.28BC222DDC5CE12B0F2B355DA12E6296.d.B7E448B2CBE5AB089FB17782ECB01727.e.4477"}]}
COMMAND: GET /session/ca2abbe84309923e96ecd53f817ddbdd/screenshot - {}
RESULT: {"script":"<script> [5351 bytes]","args":[{"element-6066-11e4-a52e-4f735466cecf":"f.28BC222DDC5CE12B0F2B355DA12E6296.d.B7E448B2CBE5AB089FB17782ECB01727.e.4477","ELEMENT":"f.28BC222DDC5CE12B0F2B355DA12E6296.d.B7E448B2CBE5AB089FB17782ECB01727.e.4477"}]}
COMMAND: POST /session/ca2abbe84309923e96ecd53f817ddbdd/element - {"using":"xpath","value":"//*[contains(@data-kt ,\"webshopDetailSiteLink\")]"}
COMMAND: GET /session/ca2abbe84309923e96ecd53f817ddbdd/screenshot - {}
RESULT: {}
RESULT: {"using":"xpath","value":"//*[contains(@data-kt ,\"webshopDetailSiteLink\")]"}
COMMAND: POST /session/ca2abbe84309923e96ecd53f817ddbdd/element/f.28BC222DDC5CE12B0F2B355DA12E6296.d.B7E448B2CBE5AB089FB17782ECB01727.e.4477/click - {}
RESULT: {}
RESULT: {}
COMMAND: GET /session/ca2abbe84309923e96ecd53f817ddbdd/screenshot - {}
RESULT: {}
COMMAND: POST /session/ca2abbe84309923e96ecd53f817ddbdd/element/f.28BC222DDC5CE12B0F2B355DA12E6296.d.B7E448B2CBE5AB089FB17782ECB01727.e.3922/click - {}
COMMAND: POST /session/ca2abbe84309923e96ecd53f817ddbdd/element - {"using":"xpath","value":"//*[contains(@data-kt ,\"ContextMenuId3Link\")][contains(text(), \"Site Main Address\")]"}
RESULT: {"using":"xpath","value":"//*[contains(@data-kt ,\"ContextMenuId3Link\")][contains(text(), \"Site Main Address\")]"}
COMMAND: POST /session/ca2abbe84309923e96ecd53f817ddbdd/element/f.28BC222DDC5CE12B0F2B355DA12E6296.d.B7E448B2CBE5AB089FB17782ECB01727.e.3922/click - {}
COMMAND: POST /session/ca2abbe84309923e96ecd53f817ddbdd/element - {"using":"xpath","value":"//*[contains(@data-kt ,\"ContextMenuId3Link\")][contains(text(), \"Site Main Address\")]"}
RESULT: {"using":"xpath","value":"//*[contains(@data-kt ,\"ContextMenuId3Link\")][contains(text(), \"Site Main Address\")]"}
COMMAND: POST /session/ca2abbe84309923e96ecd53f817ddbdd/element/f.28BC222DDC5CE12B0F2B355DA12E6296.d.B7E448B2CBE5AB089FB17782ECB01727.e.4481/click - {}
RESULT: {}
COMMAND: GET /session/ca2abbe84309923e96ecd53f817ddbdd/screenshot - {}
RESULT: {}
COMMAND: POST /session/ca2abbe84309923e96ecd53f817ddbdd/element - {"using":"xpath","value":"//span[contains(@id ,\"application-addressmanagement-display-component---masterAdm--title1-inner\")]"}
RESULT: {"using":"xpath","value":"//span[contains(@id ,\"application-addressmanagement-display-component---masterAdm--title1-inner\")]"}
COMMAND: GET /session/ca2abbe84309923e96ecd53f817ddbdd/element/f.28BC222DDC5CE12B0F2B355DA12E6296.d.B7E448B2CBE5AB089FB17782ECB01727.e.4753/text - {}
RESULT: {}
COMMAND: POST /session/ca2abbe84309923e96ecd53f817ddbdd/element - {"using":"xpath","value":"//span[contains(@id ,\"application-addressmanagement-display-component---detailAdm--addressDetailDetailsName1\")][contains(text(), \"WebdriverSitevxpbr\")]"}
RESULT: {"using":"xpath","value":"//span[contains(@id ,\"application-addressmanagement-display-component---detailAdm--addressDetailDetailsName1\")][contains(text(), \"WebdriverSitevxpbr\")]"}
COMMAND: POST /session/ca2abbe84309923e96ecd53f817ddbdd/execute/sync - {"script":"<script> [8489 bytes]","args":[{"element-6066-11e4-a52e-4f735466cecf":"f.28BC222DDC5CE12B0F2B355DA12E6296.d.B7E448B2CBE5AB089FB17782ECB01727.e.4754","ELEMENT":"f.28BC222DDC5CE12B0F2B355DA12E6296.d.B7E448B2CBE5AB089FB17782ECB01727.e.4754"}]}
RESULT: undefined
COMMAND: POST /session/ca2abbe84309923e96ecd53f817ddbdd/element - {"using":"xpath","value":"//*[@id=\"backBtn\"]"}
RESULT: {"script":"<script> [8489 bytes]","args":[{"element-6066-11e4-a52e-4f735466cecf":"f.28BC222DDC5CE12B0F2B355DA12E6296.d.B7E448B2CBE5AB089FB17782ECB01727.e.4754","ELEMENT":"f.28BC222DDC5CE12B0F2B355DA12E6296.d.B7E448B2CBE5AB089FB17782ECB01727.e.4754"}]}
COMMAND: GET /session/ca2abbe84309923e96ecd53f817ddbdd/screenshot - {}
RESULT: {"using":"xpath","value":"//*[@id=\"backBtn\"]"}
COMMAND: POST /session/ca2abbe84309923e96ecd53f817ddbdd/element/f.28BC222DDC5CE12B0F2B355DA12E6296.d.B7E448B2CBE5AB089FB17782ECB01727.e.3049/click - {}
RESULT: {}
RESULT: {}
COMMAND: GET /session/ca2abbe84309923e96ecd53f817ddbdd/screenshot - {}
RESULT: {}
COMMAND: POST /session/ca2abbe84309923e96ecd53f817ddbdd/execute/sync - {"script":"<script> [8489 bytes]","args":[{"element-6066-11e4-a52e-4f735466cecf":"f.28BC222DDC5CE12B0F2B355DA12E6296.d.B7E448B2CBE5AB089FB17782ECB01727.e.4477","ELEMENT":"f.28BC222DDC5CE12B0F2B355DA12E6296.d.B7E448B2CBE5AB089FB17782ECB01727.e.4477"}]}
COMMAND: POST /session/ca2abbe84309923e96ecd53f817ddbdd/element - {"using":"xpath","value":"//*[contains(@data-kt ,\"webshopDetailSiteLink\")]"}
RESULT: {"using":"xpath","value":"//*[contains(@data-kt ,\"webshopDetailSiteLink\")]"}
COMMAND: POST /session/ca2abbe84309923e96ecd53f817ddbdd/execute/sync - {"script":"<script> [8489 bytes]","args":[{"element-6066-11e4-a52e-4f735466cecf":"f.28BC222DDC5CE12B0F2B355DA12E6296.d.B7E448B2CBE5AB089FB17782ECB01727.e.4853","ELEMENT":"f.28BC222DDC5CE12B0F2B355DA12E6296.d.B7E448B2CBE5AB089FB17782ECB01727.e.4853"}]}
RESULT: {"script":"<script> [8489 bytes]","args":[{"element-6066-11e4-a52e-4f735466cecf":"f.28BC222DDC5CE12B0F2B355DA12E6296.d.B7E448B2CBE5AB089FB17782ECB01727.e.4853","ELEMENT":"f.28BC222DDC5CE12B0F2B355DA12E6296.d.B7E448B2CBE5AB089FB17782ECB01727.e.4853"}]}
COMMAND: GET /session/ca2abbe84309923e96ecd53f817ddbdd/screenshot - {}
COMMAND: POST /session/ca2abbe84309923e96ecd53f817ddbdd/execute/sync - {"script":"<script> [8489 bytes]","args":[{"element-6066-11e4-a52e-4f735466cecf":"f.28BC222DDC5CE12B0F2B355DA12E6296.d.B7E448B2CBE5AB089FB17782ECB01727.e.4853","ELEMENT":"f.28BC222DDC5CE12B0F2B355DA12E6296.d.B7E448B2CBE5AB089FB17782ECB01727.e.4853"}]}
RESULT: {}
RESULT: {"script":"<script> [8489 bytes]","args":[{"element-6066-11e4-a52e-4f735466cecf":"f.28BC222DDC5CE12B0F2B355DA12E6296.d.B7E448B2CBE5AB089FB17782ECB01727.e.4853","ELEMENT":"f.28BC222DDC5CE12B0F2B355DA12E6296.d.B7E448B2CBE5AB089FB17782ECB01727.e.4853"}]}
COMMAND: POST /session/ca2abbe84309923e96ecd53f817ddbdd/execute/sync - {"script":"<script> [8489 bytes]","args":[{"element-6066-11e4-a52e-4f735466cecf":"f.28BC222DDC5CE12B0F2B355DA12E6296.d.B7E448B2CBE5AB089FB17782ECB01727.e.4853","ELEMENT":"f.28BC222DDC5CE12B0F2B355DA12E6296.d.B7E448B2CBE5AB089FB17782ECB01727.e.4853"}]}
COMMAND: GET /session/ca2abbe84309923e96ecd53f817ddbdd/screenshot - {}
RESULT: {"script":"<script> [8489 bytes]","args":[{"element-6066-11e4-a52e-4f735466cecf":"f.28BC222DDC5CE12B0F2B355DA12E6296.d.B7E448B2CBE5AB089FB17782ECB01727.e.4853","ELEMENT":"f.28BC222DDC5CE12B0F2B355DA12E6296.d.B7E448B2CBE5AB089FB17782ECB01727.e.4853"}]}
COMMAND: POST /session/ca2abbe84309923e96ecd53f817ddbdd/execute/sync - {"script":"<script> [8489 bytes]","args":[{"element-6066-11e4-a52e-4f735466cecf":"f.28BC222DDC5CE12B0F2B355DA12E6296.d.B7E448B2CBE5AB089FB17782ECB01727.e.4853","ELEMENT":"f.28BC222DDC5CE12B0F2B355DA12E6296.d.B7E448B2CBE5AB089FB17782ECB01727.e.4853"}]}
COMMAND: GET /session/ca2abbe84309923e96ecd53f817ddbdd/screenshot - {}
RESULT: {}
RESULT: {"script":"<script> [8489 bytes]","args":[{"element-6066-11e4-a52e-4f735466cecf":"f.28BC222DDC5CE12B0F2B355DA12E6296.d.B7E448B2CBE5AB089FB17782ECB01727.e.4853","ELEMENT":"f.28BC222DDC5CE12B0F2B355DA12E6296.d.B7E448B2CBE5AB089FB17782ECB01727.e.4853"}]}
COMMAND: POST /session/ca2abbe84309923e96ecd53f817ddbdd/execute/sync - {"script":"<script> [8489 bytes]","args":[{"element-6066-11e4-a52e-4f735466cecf":"f.28BC222DDC5CE12B0F2B355DA12E6296.d.B7E448B2CBE5AB089FB17782ECB01727.e.4853","ELEMENT":"f.28BC222DDC5CE12B0F2B355DA12E6296.d.B7E448B2CBE5AB089FB17782ECB01727.e.4853"}]}
COMMAND: GET /session/ca2abbe84309923e96ecd53f817ddbdd/screenshot - {}
RESULT: {}
RESULT: {"script":"<script> [8489 bytes]","args":[{"element-6066-11e4-a52e-4f735466cecf":"f.28BC222DDC5CE12B0F2B355DA12E6296.d.B7E448B2CBE5AB089FB17782ECB01727.e.4853","ELEMENT":"f.28BC222DDC5CE12B0F2B355DA12E6296.d.B7E448B2CBE5AB089FB17782ECB01727.e.4853"}]}
COMMAND: POST /session/ca2abbe84309923e96ecd53f817ddbdd/execute/sync - {"script":"<script> [8489 bytes]","args":[{"element-6066-11e4-a52e-4f735466cecf":"f.28BC222DDC5CE12B0F2B355DA12E6296.d.B7E448B2CBE5AB089FB17782ECB01727.e.4853","ELEMENT":"f.28BC222DDC5CE12B0F2B355DA12E6296.d.B7E448B2CBE5AB089FB17782ECB01727.e.4853"}]}
COMMAND: GET /session/ca2abbe84309923e96ecd53f817ddbdd/screenshot - {}
RESULT: {}
RESULT: {"script":"<script> [8489 bytes]","args":[{"element-6066-11e4-a52e-4f735466cecf":"f.28BC222DDC5CE12B0F2B355DA12E6296.d.B7E448B2CBE5AB089FB17782ECB01727.e.4853","ELEMENT":"f.28BC222DDC5CE12B0F2B355DA12E6296.d.B7E448B2CBE5AB089FB17782ECB01727.e.4853"}]}
COMMAND: POST /session/ca2abbe84309923e96ecd53f817ddbdd/execute/sync - {"script":"<script> [8489 bytes]","args":[{"element-6066-11e4-a52e-4f735466cecf":"f.28BC222DDC5CE12B0F2B355DA12E6296.d.B7E448B2CBE5AB089FB17782ECB01727.e.4853","ELEMENT":"f.28BC222DDC5CE12B0F2B355DA12E6296.d.B7E448B2CBE5AB089FB17782ECB01727.e.4853"}]}
COMMAND: GET /session/ca2abbe84309923e96ecd53f817ddbdd/screenshot - {}
RESULT: {}
RESULT: {"script":"<script> [8489 bytes]","args":[{"element-6066-11e4-a52e-4f735466cecf":"f.28BC222DDC5CE12B0F2B355DA12E6296.d.B7E448B2CBE5AB089FB17782ECB01727.e.4853","ELEMENT":"f.28BC222DDC5CE12B0F2B355DA12E6296.d.B7E448B2CBE5AB089FB17782ECB01727.e.4853"}]}
COMMAND: POST /session/ca2abbe84309923e96ecd53f817ddbdd/execute/sync - {"script":"<script> [8489 bytes]","args":[{"element-6066-11e4-a52e-4f735466cecf":"f.28BC222DDC5CE12B0F2B355DA12E6296.d.B7E448B2CBE5AB089FB17782ECB01727.e.4853","ELEMENT":"f.28BC222DDC5CE12B0F2B355DA12E6296.d.B7E448B2CBE5AB089FB17782ECB01727.e.4853"}]}
COMMAND: GET /session/ca2abbe84309923e96ecd53f817ddbdd/screenshot - {}
RESULT: {}
RESULT: {"script":"<script> [8489 bytes]","args":[{"element-6066-11e4-a52e-4f735466cecf":"f.28BC222DDC5CE12B0F2B355DA12E6296.d.B7E448B2CBE5AB089FB17782ECB01727.e.4853","ELEMENT":"f.28BC222DDC5CE12B0F2B355DA12E6296.d.B7E448B2CBE5AB089FB17782ECB01727.e.4853"}]}
COMMAND: POST /session/ca2abbe84309923e96ecd53f817ddbdd/execute/sync - {"script":"<script> [8489 bytes]","args":[{"element-6066-11e4-a52e-4f735466cecf":"f.28BC222DDC5CE12B0F2B355DA12E6296.d.B7E448B2CBE5AB089FB17782ECB01727.e.4853","ELEMENT":"f.28BC222DDC5CE12B0F2B355DA12E6296.d.B7E448B2CBE5AB089FB17782ECB01727.e.4853"}]}
COMMAND: GET /session/ca2abbe84309923e96ecd53f817ddbdd/screenshot - {}
RESULT: {}
RESULT: {"script":"<script> [8489 bytes]","args":[{"element-6066-11e4-a52e-4f735466cecf":"f.28BC222DDC5CE12B0F2B355DA12E6296.d.B7E448B2CBE5AB089FB17782ECB01727.e.4853","ELEMENT":"f.28BC222DDC5CE12B0F2B355DA12E6296.d.B7E448B2CBE5AB089FB17782ECB01727.e.4853"}]}
COMMAND: POST /session/ca2abbe84309923e96ecd53f817ddbdd/execute/sync - {"script":"<script> [8489 bytes]","args":[{"element-6066-11e4-a52e-4f735466cecf":"f.28BC222DDC5CE12B0F2B355DA12E6296.d.B7E448B2CBE5AB089FB17782ECB01727.e.4853","ELEMENT":"f.28BC222DDC5CE12B0F2B355DA12E6296.d.B7E448B2CBE5AB089FB17782ECB01727.e.4853"}]}
COMMAND: GET /session/ca2abbe84309923e96ecd53f817ddbdd/screenshot - {}
RESULT: {}
RESULT: {"script":"<script> [8489 bytes]","args":[{"element-6066-11e4-a52e-4f735466cecf":"f.28BC222DDC5CE12B0F2B355DA12E6296.d.B7E448B2CBE5AB089FB17782ECB01727.e.4853","ELEMENT":"f.28BC222DDC5CE12B0F2B355DA12E6296.d.B7E448B2CBE5AB089FB17782ECB01727.e.4853"}]}
COMMAND: POST /session/ca2abbe84309923e96ecd53f817ddbdd/execute/sync - {"script":"<script> [8489 bytes]","args":[{"element-6066-11e4-a52e-4f735466cecf":"f.28BC222DDC5CE12B0F2B355DA12E6296.d.B7E448B2CBE5AB089FB17782ECB01727.e.4853","ELEMENT":"f.28BC222DDC5CE12B0F2B355DA12E6296.d.B7E448B2CBE5AB089FB17782ECB01727.e.4853"}]}
COMMAND: GET /session/ca2abbe84309923e96ecd53f817ddbdd/screenshot - {}
RESULT: {}
RESULT: {"script":"<script> [8489 bytes]","args":[{"element-6066-11e4-a52e-4f735466cecf":"f.28BC222DDC5CE12B0F2B355DA12E6296.d.B7E448B2CBE5AB089FB17782ECB01727.e.4853","ELEMENT":"f.28BC222DDC5CE12B0F2B355DA12E6296.d.B7E448B2CBE5AB089FB17782ECB01727.e.4853"}]}
COMMAND: POST /session/ca2abbe84309923e96ecd53f817ddbdd/execute/sync - {"script":"<script> [8489 bytes]","args":[{"element-6066-11e4-a52e-4f735466cecf":"f.28BC222DDC5CE12B0F2B355DA12E6296.d.B7E448B2CBE5AB089FB17782ECB01727.e.4853","ELEMENT":"f.28BC222DDC5CE12B0F2B355DA12E6296.d.B7E448B2CBE5AB089FB17782ECB01727.e.4853"}]}
COMMAND: GET /session/ca2abbe84309923e96ecd53f817ddbdd/screenshot - {}
RESULT: {}
RESULT: {"script":"<script> [8489 bytes]","args":[{"element-6066-11e4-a52e-4f735466cecf":"f.28BC222DDC5CE12B0F2B355DA12E6296.d.B7E448B2CBE5AB089FB17782ECB01727.e.4853","ELEMENT":"f.28BC222DDC5CE12B0F2B355DA12E6296.d.B7E448B2CBE5AB089FB17782ECB01727.e.4853"}]}
COMMAND: POST /session/ca2abbe84309923e96ecd53f817ddbdd/execute/sync - {"script":"<script> [5351 bytes]","args":[{"element-6066-11e4-a52e-4f735466cecf":"f.28BC222DDC5CE12B0F2B355DA12E6296.d.B7E448B2CBE5AB089FB17782ECB01727.e.4853","ELEMENT":"f.28BC222DDC5CE12B0F2B355DA12E6296.d.B7E448B2CBE5AB089FB17782ECB01727.e.4853"}]}
COMMAND: GET /session/ca2abbe84309923e96ecd53f817ddbdd/screenshot - {}
RESULT: {}
RESULT: {"script":"<script> [5351 bytes]","args":[{"element-6066-11e4-a52e-4f735466cecf":"f.28BC222DDC5CE12B0F2B355DA12E6296.d.B7E448B2CBE5AB089FB17782ECB01727.e.4853","ELEMENT":"f.28BC222DDC5CE12B0F2B355DA12E6296.d.B7E448B2CBE5AB089FB17782ECB01727.e.4853"}]}
COMMAND: POST /session/ca2abbe84309923e96ecd53f817ddbdd/execute/sync - {"script":"<script> [8489 bytes]","args":[{"element-6066-11e4-a52e-4f735466cecf":"f.28BC222DDC5CE12B0F2B355DA12E6296.d.B7E448B2CBE5AB089FB17782ECB01727.e.4853","ELEMENT":"f.28BC222DDC5CE12B0F2B355DA12E6296.d.B7E448B2CBE5AB089FB17782ECB01727.e.4853"}]}
COMMAND: GET /session/ca2abbe84309923e96ecd53f817ddbdd/screenshot - {}
RESULT: {}
RESULT: {"script":"<script> [8489 bytes]","args":[{"element-6066-11e4-a52e-4f735466cecf":"f.28BC222DDC5CE12B0F2B355DA12E6296.d.B7E448B2CBE5AB089FB17782ECB01727.e.4853","ELEMENT":"f.28BC222DDC5CE12B0F2B355DA12E6296.d.B7E448B2CBE5AB089FB17782ECB01727.e.4853"}]}
COMMAND: POST /session/ca2abbe84309923e96ecd53f817ddbdd/execute/sync - {"script":"<script> [5351 bytes]","args":[{"element-6066-11e4-a52e-4f735466cecf":"f.28BC222DDC5CE12B0F2B355DA12E6296.d.B7E448B2CBE5AB089FB17782ECB01727.e.4853","ELEMENT":"f.28BC222DDC5CE12B0F2B355DA12E6296.d.B7E448B2CBE5AB089FB17782ECB01727.e.4853"}]}
RESULT: {}
COMMAND: GET /session/ca2abbe84309923e96ecd53f817ddbdd/screenshot - {}
RESULT: {"script":"<script> [5351 bytes]","args":[{"element-6066-11e4-a52e-4f735466cecf":"f.28BC222DDC5CE12B0F2B355DA12E6296.d.B7E448B2CBE5AB089FB17782ECB01727.e.4853","ELEMENT":"f.28BC222DDC5CE12B0F2B355DA12E6296.d.B7E448B2CBE5AB089FB17782ECB01727.e.4853"}]}
COMMAND: GET /session/ca2abbe84309923e96ecd53f817ddbdd/screenshot - {}
COMMAND: POST /session/ca2abbe84309923e96ecd53f817ddbdd/execute/sync - {"script":"<script> [8489 bytes]","args":[{"element-6066-11e4-a52e-4f735466cecf":"f.28BC222DDC5CE12B0F2B355DA12E6296.d.B7E448B2CBE5AB089FB17782ECB01727.e.4853","ELEMENT":"f.28BC222DDC5CE12B0F2B355DA12E6296.d.B7E448B2CBE5AB089FB17782ECB01727.e.4853"}]}
RESULT: {}
RESULT: {}
RESULT: {"script":"<script> [8489 bytes]","args":[{"element-6066-11e4-a52e-4f735466cecf":"f.28BC222DDC5CE12B0F2B355DA12E6296.d.B7E448B2CBE5AB089FB17782ECB01727.e.4853","ELEMENT":"f.28BC222DDC5CE12B0F2B355DA12E6296.d.B7E448B2CBE5AB089FB17782ECB01727.e.4853"}]}
COMMAND: POST /session/ca2abbe84309923e96ecd53f817ddbdd/execute/sync - {"script":"<script> [5351 bytes]","args":[{"element-6066-11e4-a52e-4f735466cecf":"f.28BC222DDC5CE12B0F2B355DA12E6296.d.B7E448B2CBE5AB089FB17782ECB01727.e.4853","ELEMENT":"f.28BC222DDC5CE12B0F2B355DA12E6296.d.B7E448B2CBE5AB089FB17782ECB01727.e.4853"}]}
COMMAND: GET /session/ca2abbe84309923e96ecd53f817ddbdd/screenshot - {}
RESULT: {"script":"<script> [5351 bytes]","args":[{"element-6066-11e4-a52e-4f735466cecf":"f.28BC222DDC5CE12B0F2B355DA12E6296.d.B7E448B2CBE5AB089FB17782ECB01727.e.4853","ELEMENT":"f.28BC222DDC5CE12B0F2B355DA12E6296.d.B7E448B2CBE5AB089FB17782ECB01727.e.4853"}]}
COMMAND: GET /session/ca2abbe84309923e96ecd53f817ddbdd/screenshot - {}
COMMAND: POST /session/ca2abbe84309923e96ecd53f817ddbdd/execute/sync - {"script":"<script> [8489 bytes]","args":[{"element-6066-11e4-a52e-4f735466cecf":"f.28BC222DDC5CE12B0F2B355DA12E6296.d.B7E448B2CBE5AB089FB17782ECB01727.e.4853","ELEMENT":"f.28BC222DDC5CE12B0F2B355DA12E6296.d.B7E448B2CBE5AB089FB17782ECB01727.e.4853"}]}
RESULT: {}
RESULT: {}
RESULT: {"script":"<script> [8489 bytes]","args":[{"element-6066-11e4-a52e-4f735466cecf":"f.28BC222DDC5CE12B0F2B355DA12E6296.d.B7E448B2CBE5AB089FB17782ECB01727.e.4853","ELEMENT":"f.28BC222DDC5CE12B0F2B355DA12E6296.d.B7E448B2CBE5AB089FB17782ECB01727.e.4853"}]}
COMMAND: POST /session/ca2abbe84309923e96ecd53f817ddbdd/execute/sync - {"script":"<script> [5351 bytes]","args":[{"element-6066-11e4-a52e-4f735466cecf":"f.28BC222DDC5CE12B0F2B355DA12E6296.d.B7E448B2CBE5AB089FB17782ECB01727.e.4853","ELEMENT":"f.28BC222DDC5CE12B0F2B355DA12E6296.d.B7E448B2CBE5AB089FB17782ECB01727.e.4853"}]}
COMMAND: GET /session/ca2abbe84309923e96ecd53f817ddbdd/screenshot - {}
RESULT: {"script":"<script> [5351 bytes]","args":[{"element-6066-11e4-a52e-4f735466cecf":"f.28BC222DDC5CE12B0F2B355DA12E6296.d.B7E448B2CBE5AB089FB17782ECB01727.e.4853","ELEMENT":"f.28BC222DDC5CE12B0F2B355DA12E6296.d.B7E448B2CBE5AB089FB17782ECB01727.e.4853"}]}
RESULT: {}
COMMAND: POST /session/ca2abbe84309923e96ecd53f817ddbdd/execute/sync - {"script":"<script> [8489 bytes]","args":[{"element-6066-11e4-a52e-4f735466cecf":"f.28BC222DDC5CE12B0F2B355DA12E6296.d.B7E448B2CBE5AB089FB17782ECB01727.e.4853","ELEMENT":"f.28BC222DDC5CE12B0F2B355DA12E6296.d.B7E448B2CBE5AB089FB17782ECB01727.e.4853"}]}
COMMAND: GET /session/ca2abbe84309923e96ecd53f817ddbdd/screenshot - {}
RESULT: {"script":"<script> [8489 bytes]","args":[{"element-6066-11e4-a52e-4f735466cecf":"f.28BC222DDC5CE12B0F2B355DA12E6296.d.B7E448B2CBE5AB089FB17782ECB01727.e.4853","ELEMENT":"f.28BC222DDC5CE12B0F2B355DA12E6296.d.B7E448B2CBE5AB089FB17782ECB01727.e.4853"}]}
COMMAND: POST /session/ca2abbe84309923e96ecd53f817ddbdd/execute/sync - {"script":"<script> [5351 bytes]","args":[{"element-6066-11e4-a52e-4f735466cecf":"f.28BC222DDC5CE12B0F2B355DA12E6296.d.B7E448B2CBE5AB089FB17782ECB01727.e.4853","ELEMENT":"f.28BC222DDC5CE12B0F2B355DA12E6296.d.B7E448B2CBE5AB089FB17782ECB01727.e.4853"}]}
RESULT: {"script":"<script> [5351 bytes]","args":[{"element-6066-11e4-a52e-4f735466cecf":"f.28BC222DDC5CE12B0F2B355DA12E6296.d.B7E448B2CBE5AB089FB17782ECB01727.e.4853","ELEMENT":"f.28BC222DDC5CE12B0F2B355DA12E6296.d.B7E448B2CBE5AB089FB17782ECB01727.e.4853"}]}
COMMAND: GET /session/ca2abbe84309923e96ecd53f817ddbdd/screenshot - {}
COMMAND: GET /session/ca2abbe84309923e96ecd53f817ddbdd/screenshot - {}
RESULT: {}
COMMAND: POST /session/ca2abbe84309923e96ecd53f817ddbdd/execute/sync - {"script":"<script> [8489 bytes]","args":[{"element-6066-11e4-a52e-4f735466cecf":"f.28BC222DDC5CE12B0F2B355DA12E6296.d.B7E448B2CBE5AB089FB17782ECB01727.e.4853","ELEMENT":"f.28BC222DDC5CE12B0F2B355DA12E6296.d.B7E448B2CBE5AB089FB17782ECB01727.e.4853"}]}
RESULT: {}
RESULT: {}
RESULT: {"script":"<script> [8489 bytes]","args":[{"element-6066-11e4-a52e-4f735466cecf":"f.28BC222DDC5CE12B0F2B355DA12E6296.d.B7E448B2CBE5AB089FB17782ECB01727.e.4853","ELEMENT":"f.28BC222DDC5CE12B0F2B355DA12E6296.d.B7E448B2CBE5AB089FB17782ECB01727.e.4853"}]}
COMMAND: POST /session/ca2abbe84309923e96ecd53f817ddbdd/execute/sync - {"script":"<script> [5351 bytes]","args":[{"element-6066-11e4-a52e-4f735466cecf":"f.28BC222DDC5CE12B0F2B355DA12E6296.d.B7E448B2CBE5AB089FB17782ECB01727.e.4853","ELEMENT":"f.28BC222DDC5CE12B0F2B355DA12E6296.d.B7E448B2CBE5AB089FB17782ECB01727.e.4853"}]}
COMMAND: GET /session/ca2abbe84309923e96ecd53f817ddbdd/screenshot - {}
RESULT: {"script":"<script> [5351 bytes]","args":[{"element-6066-11e4-a52e-4f735466cecf":"f.28BC222DDC5CE12B0F2B355DA12E6296.d.B7E448B2CBE5AB089FB17782ECB01727.e.4853","ELEMENT":"f.28BC222DDC5CE12B0F2B355DA12E6296.d.B7E448B2CBE5AB089FB17782ECB01727.e.4853"}]}
COMMAND: POST /session/ca2abbe84309923e96ecd53f817ddbdd/execute/sync - {"script":"<script> [8489 bytes]","args":[{"element-6066-11e4-a52e-4f735466cecf":"f.28BC222DDC5CE12B0F2B355DA12E6296.d.B7E448B2CBE5AB089FB17782ECB01727.e.4853","ELEMENT":"f.28BC222DDC5CE12B0F2B355DA12E6296.d.B7E448B2CBE5AB089FB17782ECB01727.e.4853"}]}
COMMAND: GET /session/ca2abbe84309923e96ecd53f817ddbdd/screenshot - {}
RESULT: {}
RESULT: {"script":"<script> [8489 bytes]","args":[{"element-6066-11e4-a52e-4f735466cecf":"f.28BC222DDC5CE12B0F2B355DA12E6296.d.B7E448B2CBE5AB089FB17782ECB01727.e.4853","ELEMENT":"f.28BC222DDC5CE12B0F2B355DA12E6296.d.B7E448B2CBE5AB089FB17782ECB01727.e.4853"}]}
COMMAND: POST /session/ca2abbe84309923e96ecd53f817ddbdd/execute/sync - {"script":"<script> [5351 bytes]","args":[{"element-6066-11e4-a52e-4f735466cecf":"f.28BC222DDC5CE12B0F2B355DA12E6296.d.B7E448B2CBE5AB089FB17782ECB01727.e.4853","ELEMENT":"f.28BC222DDC5CE12B0F2B355DA12E6296.d.B7E448B2CBE5AB089FB17782ECB01727.e.4853"}]}
COMMAND: GET /session/ca2abbe84309923e96ecd53f817ddbdd/screenshot - {}
RESULT: {}
RESULT: {"script":"<script> [5351 bytes]","args":[{"element-6066-11e4-a52e-4f735466cecf":"f.28BC222DDC5CE12B0F2B355DA12E6296.d.B7E448B2CBE5AB089FB17782ECB01727.e.4853","ELEMENT":"f.28BC222DDC5CE12B0F2B355DA12E6296.d.B7E448B2CBE5AB089FB17782ECB01727.e.4853"}]}
COMMAND: POST /session/ca2abbe84309923e96ecd53f817ddbdd/execute/sync - {"script":"<script> [8489 bytes]","args":[{"element-6066-11e4-a52e-4f735466cecf":"f.28BC222DDC5CE12B0F2B355DA12E6296.d.B7E448B2CBE5AB089FB17782ECB01727.e.4853","ELEMENT":"f.28BC222DDC5CE12B0F2B355DA12E6296.d.B7E448B2CBE5AB089FB17782ECB01727.e.4853"}]}
COMMAND: GET /session/ca2abbe84309923e96ecd53f817ddbdd/screenshot - {}
RESULT: {}
RESULT: {"script":"<script> [8489 bytes]","args":[{"element-6066-11e4-a52e-4f735466cecf":"f.28BC222DDC5CE12B0F2B355DA12E6296.d.B7E448B2CBE5AB089FB17782ECB01727.e.4853","ELEMENT":"f.28BC222DDC5CE12B0F2B355DA12E6296.d.B7E448B2CBE5AB089FB17782ECB01727.e.4853"}]}
COMMAND: POST /session/ca2abbe84309923e96ecd53f817ddbdd/execute/sync - {"script":"<script> [5351 bytes]","args":[{"element-6066-11e4-a52e-4f735466cecf":"f.28BC222DDC5CE12B0F2B355DA12E6296.d.B7E448B2CBE5AB089FB17782ECB01727.e.4853","ELEMENT":"f.28BC222DDC5CE12B0F2B355DA12E6296.d.B7E448B2CBE5AB089FB17782ECB01727.e.4853"}]}
COMMAND: GET /session/ca2abbe84309923e96ecd53f817ddbdd/screenshot - {}
RESULT: {}
RESULT: {"script":"<script> [5351 bytes]","args":[{"element-6066-11e4-a52e-4f735466cecf":"f.28BC222DDC5CE12B0F2B355DA12E6296.d.B7E448B2CBE5AB089FB17782ECB01727.e.4853","ELEMENT":"f.28BC222DDC5CE12B0F2B355DA12E6296.d.B7E448B2CBE5AB089FB17782ECB01727.e.4853"}]}
COMMAND: POST /session/ca2abbe84309923e96ecd53f817ddbdd/execute/sync - {"script":"<script> [8489 bytes]","args":[{"element-6066-11e4-a52e-4f735466cecf":"f.28BC222DDC5CE12B0F2B355DA12E6296.d.B7E448B2CBE5AB089FB17782ECB01727.e.4853","ELEMENT":"f.28BC222DDC5CE12B0F2B355DA12E6296.d.B7E448B2CBE5AB089FB17782ECB01727.e.4853"}]}
COMMAND: GET /session/ca2abbe84309923e96ecd53f817ddbdd/screenshot - {}
RESULT: {}
RESULT: {"script":"<script> [8489 bytes]","args":[{"element-6066-11e4-a52e-4f735466cecf":"f.28BC222DDC5CE12B0F2B355DA12E6296.d.B7E448B2CBE5AB089FB17782ECB01727.e.4853","ELEMENT":"f.28BC222DDC5CE12B0F2B355DA12E6296.d.B7E448B2CBE5AB089FB17782ECB01727.e.4853"}]}
COMMAND: POST /session/ca2abbe84309923e96ecd53f817ddbdd/execute/sync - {"script":"<script> [5351 bytes]","args":[{"element-6066-11e4-a52e-4f735466cecf":"f.28BC222DDC5CE12B0F2B355DA12E6296.d.B7E448B2CBE5AB089FB17782ECB01727.e.4853","ELEMENT":"f.28BC222DDC5CE12B0F2B355DA12E6296.d.B7E448B2CBE5AB089FB17782ECB01727.e.4853"}]}
COMMAND: GET /session/ca2abbe84309923e96ecd53f817ddbdd/screenshot - {}
RESULT: {}
RESULT: {"script":"<script> [5351 bytes]","args":[{"element-6066-11e4-a52e-4f735466cecf":"f.28BC222DDC5CE12B0F2B355DA12E6296.d.B7E448B2CBE5AB089FB17782ECB01727.e.4853","ELEMENT":"f.28BC222DDC5CE12B0F2B355DA12E6296.d.B7E448B2CBE5AB089FB17782ECB01727.e.4853"}]}
COMMAND: POST /session/ca2abbe84309923e96ecd53f817ddbdd/execute/sync - {"script":"<script> [8489 bytes]","args":[{"element-6066-11e4-a52e-4f735466cecf":"f.28BC222DDC5CE12B0F2B355DA12E6296.d.B7E448B2CBE5AB089FB17782ECB01727.e.4853","ELEMENT":"f.28BC222DDC5CE12B0F2B355DA12E6296.d.B7E448B2CBE5AB089FB17782ECB01727.e.4853"}]}
COMMAND: GET /session/ca2abbe84309923e96ecd53f817ddbdd/screenshot - {}
RESULT: {}
RESULT: {"script":"<script> [8489 bytes]","args":[{"element-6066-11e4-a52e-4f735466cecf":"f.28BC222DDC5CE12B0F2B355DA12E6296.d.B7E448B2CBE5AB089FB17782ECB01727.e.4853","ELEMENT":"f.28BC222DDC5CE12B0F2B355DA12E6296.d.B7E448B2CBE5AB089FB17782ECB01727.e.4853"}]}
COMMAND: POST /session/ca2abbe84309923e96ecd53f817ddbdd/execute/sync - {"script":"<script> [5351 bytes]","args":[{"element-6066-11e4-a52e-4f735466cecf":"f.28BC222DDC5CE12B0F2B355DA12E6296.d.B7E448B2CBE5AB089FB17782ECB01727.e.4853","ELEMENT":"f.28BC222DDC5CE12B0F2B355DA12E6296.d.B7E448B2CBE5AB089FB17782ECB01727.e.4853"}]}
COMMAND: GET /session/ca2abbe84309923e96ecd53f817ddbdd/screenshot - {}
RESULT: {}
RESULT: {"script":"<script> [5351 bytes]","args":[{"element-6066-11e4-a52e-4f735466cecf":"f.28BC222DDC5CE12B0F2B355DA12E6296.d.B7E448B2CBE5AB089FB17782ECB01727.e.4853","ELEMENT":"f.28BC222DDC5CE12B0F2B355DA12E6296.d.B7E448B2CBE5AB089FB17782ECB01727.e.4853"}]}
COMMAND: POST /session/ca2abbe84309923e96ecd53f817ddbdd/execute/sync - {"script":"<script> [8489 bytes]","args":[{"element-6066-11e4-a52e-4f735466cecf":"f.28BC222DDC5CE12B0F2B355DA12E6296.d.B7E448B2CBE5AB089FB17782ECB01727.e.4853","ELEMENT":"f.28BC222DDC5CE12B0F2B355DA12E6296.d.B7E448B2CBE5AB089FB17782ECB01727.e.4853"}]}
COMMAND: GET /session/ca2abbe84309923e96ecd53f817ddbdd/screenshot - {}
RESULT: {}
RESULT: {"script":"<script> [8489 bytes]","args":[{"element-6066-11e4-a52e-4f735466cecf":"f.28BC222DDC5CE12B0F2B355DA12E6296.d.B7E448B2CBE5AB089FB17782ECB01727.e.4853","ELEMENT":"f.28BC222DDC5CE12B0F2B355DA12E6296.d.B7E448B2CBE5AB089FB17782ECB01727.e.4853"}]}
COMMAND: POST /session/ca2abbe84309923e96ecd53f817ddbdd/execute/sync - {"script":"<script> [5351 bytes]","args":[{"element-6066-11e4-a52e-4f735466cecf":"f.28BC222DDC5CE12B0F2B355DA12E6296.d.B7E448B2CBE5AB089FB17782ECB01727.e.4853","ELEMENT":"f.28BC222DDC5CE12B0F2B355DA12E6296.d.B7E448B2CBE5AB089FB17782ECB01727.e.4853"}]}
RESULT: {}
COMMAND: GET /session/ca2abbe84309923e96ecd53f817ddbdd/screenshot - {}
RESULT: {"script":"<script> [5351 bytes]","args":[{"element-6066-11e4-a52e-4f735466cecf":"f.28BC222DDC5CE12B0F2B355DA12E6296.d.B7E448B2CBE5AB089FB17782ECB01727.e.4853","ELEMENT":"f.28BC222DDC5CE12B0F2B355DA12E6296.d.B7E448B2CBE5AB089FB17782ECB01727.e.4853"}]}
COMMAND: GET /session/ca2abbe84309923e96ecd53f817ddbdd/screenshot - {}
RESULT: {}
COMMAND: POST /session/ca2abbe84309923e96ecd53f817ddbdd/execute/sync - {"script":"<script> [8489 bytes]","args":[{"element-6066-11e4-a52e-4f735466cecf":"f.28BC222DDC5CE12B0F2B355DA12E6296.d.B7E448B2CBE5AB089FB17782ECB01727.e.4853","ELEMENT":"f.28BC222DDC5CE12B0F2B355DA12E6296.d.B7E448B2CBE5AB089FB17782ECB01727.e.4853"}]}
RESULT: {}
RESULT: {"script":"<script> [8489 bytes]","args":[{"element-6066-11e4-a52e-4f735466cecf":"f.28BC222DDC5CE12B0F2B355DA12E6296.d.B7E448B2CBE5AB089FB17782ECB01727.e.4853","ELEMENT":"f.28BC222DDC5CE12B0F2B355DA12E6296.d.B7E448B2CBE5AB089FB17782ECB01727.e.4853"}]}
COMMAND: POST /session/ca2abbe84309923e96ecd53f817ddbdd/execute/sync - {"script":"<script> [5351 bytes]","args":[{"element-6066-11e4-a52e-4f735466cecf":"f.28BC222DDC5CE12B0F2B355DA12E6296.d.B7E448B2CBE5AB089FB17782ECB01727.e.4853","ELEMENT":"f.28BC222DDC5CE12B0F2B355DA12E6296.d.B7E448B2CBE5AB089FB17782ECB01727.e.4853"}]}
COMMAND: GET /session/ca2abbe84309923e96ecd53f817ddbdd/screenshot - {}
RESULT: {"script":"<script> [5351 bytes]","args":[{"element-6066-11e4-a52e-4f735466cecf":"f.28BC222DDC5CE12B0F2B355DA12E6296.d.B7E448B2CBE5AB089FB17782ECB01727.e.4853","ELEMENT":"f.28BC222DDC5CE12B0F2B355DA12E6296.d.B7E448B2CBE5AB089FB17782ECB01727.e.4853"}]}
COMMAND: POST /session/ca2abbe84309923e96ecd53f817ddbdd/element - {"using":"xpath","value":"//*[contains(@data-kt ,\"webshopDetailSiteLink\")]"}
COMMAND: GET /session/ca2abbe84309923e96ecd53f817ddbdd/screenshot - {}
RESULT: {}
RESULT: {"using":"xpath","value":"//*[contains(@data-kt ,\"webshopDetailSiteLink\")]"}
COMMAND: POST /session/ca2abbe84309923e96ecd53f817ddbdd/element/f.28BC222DDC5CE12B0F2B355DA12E6296.d.B7E448B2CBE5AB089FB17782ECB01727.e.4853/click - {}
RESULT: {}
RESULT: {}
COMMAND: GET /session/ca2abbe84309923e96ecd53f817ddbdd/screenshot - {}
RESULT: {}
COMMAND: POST /session/ca2abbe84309923e96ecd53f817ddbdd/element - {"using":"xpath","value":"//button[contains(@data-kt ,\"ContextMenuIdExternalLink\")]"}
RESULT: {"using":"xpath","value":"//button[contains(@data-kt ,\"ContextMenuIdExternalLink\")]"}
COMMAND: POST /session/ca2abbe84309923e96ecd53f817ddbdd/element/f.28BC222DDC5CE12B0F2B355DA12E6296.d.B7E448B2CBE5AB089FB17782ECB01727.e.4895/click - {}
RESULT: {}
COMMAND: GET /session/ca2abbe84309923e96ecd53f817ddbdd/screenshot - {}
RESULT: {}
COMMAND: GET /session/ca2abbe84309923e96ecd53f817ddbdd/window/handles - {}
RESULT: {}
COMMAND: POST /session/ca2abbe84309923e96ecd53f817ddbdd/window - {"handle":"EC13945A806293A67D990EC4F311AB51"}
RESULT: {"handle":"EC13945A806293A67D990EC4F311AB51"}
COMMAND: GET /session/ca2abbe84309923e96ecd53f817ddbdd/url - {}
RESULT: {}
COMMAND: GET /session/ca2abbe84309923e96ecd53f817ddbdd/screenshot - {}
COMMAND: DELETE /session/ca2abbe84309923e96ecd53f817ddbdd/window - {}
RESULT: {}
RESULT: {}
COMMAND: POST /session/ca2abbe84309923e96ecd53f817ddbdd/window - {"handle":"28BC222DDC5CE12B0F2B355DA12E6296"}
RESULT: {"handle":"28BC222DDC5CE12B0F2B355DA12E6296"}
COMMAND: GET /session/ca2abbe84309923e96ecd53f817ddbdd/url - {}
RESULT: {}
COMMAND: GET /session/ca2abbe84309923e96ecd53f817ddbdd/screenshot - {}
RESULT: {}
COMMAND: POST /session/ca2abbe84309923e96ecd53f817ddbdd/element - {"using":"xpath","value":"//button[contains(@data-kt ,\"ContextMenuExternalId2Link\")]"}
RESULT: {"using":"xpath","value":"//button[contains(@data-kt ,\"ContextMenuExternalId2Link\")]"}
COMMAND: POST /session/ca2abbe84309923e96ecd53f817ddbdd/element/f.28BC222DDC5CE12B0F2B355DA12E6296.d.B7E448B2CBE5AB089FB17782ECB01727.e.5179/click - {}
RESULT: {}
COMMAND: GET /session/ca2abbe84309923e96ecd53f817ddbdd/screenshot - {}
RESULT: {}
COMMAND: GET /session/ca2abbe84309923e96ecd53f817ddbdd/window/handles - {}
RESULT: {}
COMMAND: POST /session/ca2abbe84309923e96ecd53f817ddbdd/window - {"handle":"B71D4A767BBF00358A89CE9669C8855A"}
RESULT: {"handle":"B71D4A767BBF00358A89CE9669C8855A"}
COMMAND: GET /session/ca2abbe84309923e96ecd53f817ddbdd/url - {}
RESULT: {}
COMMAND: GET /session/ca2abbe84309923e96ecd53f817ddbdd/screenshot - {}
RESULT: {}
COMMAND: POST /session/ca2abbe84309923e96ecd53f817ddbdd/execute/sync - {"script":"<script> [8489 bytes]","args":[{"element-6066-11e4-a52e-4f735466cecf":"f.28BC222DDC5CE12B0F2B355DA12E6296.d.B7E448B2CBE5AB089FB17782ECB01727.e.4314","ELEMENT":"f.28BC222DDC5CE12B0F2B355DA12E6296.d.B7E448B2CBE5AB089FB17782ECB01727.e.4314"}]}
COMMAND: DELETE /session/ca2abbe84309923e96ecd53f817ddbdd/window - {}
RESULT: {"script":"<script> [8489 bytes]","args":[{"element-6066-11e4-a52e-4f735466cecf":"f.28BC222DDC5CE12B0F2B355DA12E6296.d.B7E448B2CBE5AB089FB17782ECB01727.e.4314","ELEMENT":"f.28BC222DDC5CE12B0F2B355DA12E6296.d.B7E448B2CBE5AB089FB17782ECB01727.e.4314"}]}
COMMAND: GET /session/ca2abbe84309923e96ecd53f817ddbdd/screenshot - {}
RESULT: {}
COMMAND: POST /session/ca2abbe84309923e96ecd53f817ddbdd/window - {"handle":"28BC222DDC5CE12B0F2B355DA12E6296"}
RESULT: {"handle":"28BC222DDC5CE12B0F2B355DA12E6296"}
COMMAND: GET /session/ca2abbe84309923e96ecd53f817ddbdd/url - {}
COMMAND: POST /session/ca2abbe84309923e96ecd53f817ddbdd/execute/sync - {"script":"<script> [8489 bytes]","args":[{"element-6066-11e4-a52e-4f735466cecf":"f.28BC222DDC5CE12B0F2B355DA12E6296.d.B7E448B2CBE5AB089FB17782ECB01727.e.4314","ELEMENT":"f.28BC222DDC5CE12B0F2B355DA12E6296.d.B7E448B2CBE5AB089FB17782ECB01727.e.4314"}]}
RESULT: {}
RESULT: {}
COMMAND: POST /session/ca2abbe84309923e96ecd53f817ddbdd/element - {"using":"xpath","value":"(//span[contains(text(), \"WebdriverSitevxpbr\")])[2]"}
COMMAND: GET /session/ca2abbe84309923e96ecd53f817ddbdd/screenshot - {}
RESULT: {"using":"xpath","value":"(//span[contains(text(), \"WebdriverSitevxpbr\")])[2]"}
COMMAND: POST /session/ca2abbe84309923e96ecd53f817ddbdd/element - {"using":"xpath","value":"(//span[contains(text(), \"WebdriverSitevxpbr\")])[2]"}
RESULT: {}
RESULT: {"using":"xpath","value":"(//span[contains(text(), \"WebdriverSitevxpbr\")])[2]"}
COMMAND: POST /session/ca2abbe84309923e96ecd53f817ddbdd/element - {"using":"xpath","value":"(//span[contains(text(), \"WebdriverSitevxpbr\")])[2]"}
RESULT: {"using":"xpath","value":"(//span[contains(text(), \"WebdriverSitevxpbr\")])[2]"}
COMMAND: POST /session/ca2abbe84309923e96ecd53f817ddbdd/element - {"using":"xpath","value":"(//span[contains(text(), \"WebdriverSitevxpbr\")])[2]"}
RESULT: {"using":"xpath","value":"(//span[contains(text(), \"WebdriverSitevxpbr\")])[2]"}
COMMAND: POST /session/ca2abbe84309923e96ecd53f817ddbdd/element - {"using":"xpath","value":"(//span[contains(text(), \"WebdriverSitevxpbr\")])[2]"}
RESULT: {"using":"xpath","value":"(//span[contains(text(), \"WebdriverSitevxpbr\")])[2]"}
COMMAND: POST /session/ca2abbe84309923e96ecd53f817ddbdd/element - {"using":"xpath","value":"(//span[contains(text(), \"WebdriverSitevxpbr\")])[2]"}
RESULT: {"using":"xpath","value":"(//span[contains(text(), \"WebdriverSitevxpbr\")])[2]"}
COMMAND: POST /session/ca2abbe84309923e96ecd53f817ddbdd/element - {"using":"xpath","value":"(//span[contains(text(), \"WebdriverSitevxpbr\")])[2]"}
RESULT: {"using":"xpath","value":"(//span[contains(text(), \"WebdriverSitevxpbr\")])[2]"}
COMMAND: POST /session/ca2abbe84309923e96ecd53f817ddbdd/element - {"using":"xpath","value":"(//span[contains(text(), \"WebdriverSitevxpbr\")])[2]"}
RESULT: {"using":"xpath","value":"(//span[contains(text(), \"WebdriverSitevxpbr\")])[2]"}
COMMAND: POST /session/ca2abbe84309923e96ecd53f817ddbdd/element - {"using":"xpath","value":"(//span[contains(text(), \"WebdriverSitevxpbr\")])[2]"}
RESULT: {"using":"xpath","value":"(//span[contains(text(), \"WebdriverSitevxpbr\")])[2]"}
COMMAND: POST /session/ca2abbe84309923e96ecd53f817ddbdd/execute/sync - {"script":"<script> [8489 bytes]","args":[{"element-6066-11e4-a52e-4f735466cecf":"f.28BC222DDC5CE12B0F2B355DA12E6296.d.B7E448B2CBE5AB089FB17782ECB01727.e.4853","ELEMENT":"f.28BC222DDC5CE12B0F2B355DA12E6296.d.B7E448B2CBE5AB089FB17782ECB01727.e.4853"}]}
COMMAND: POST /session/ca2abbe84309923e96ecd53f817ddbdd/element - {"using":"xpath","value":"(//span[contains(text(), \"WebdriverSitevxpbr\")])[2]"}
RESULT: {"script":"<script> [8489 bytes]","args":[{"element-6066-11e4-a52e-4f735466cecf":"f.28BC222DDC5CE12B0F2B355DA12E6296.d.B7E448B2CBE5AB089FB17782ECB01727.e.4853","ELEMENT":"f.28BC222DDC5CE12B0F2B355DA12E6296.d.B7E448B2CBE5AB089FB17782ECB01727.e.4853"}]}
COMMAND: POST /session/ca2abbe84309923e96ecd53f817ddbdd/execute/sync - {"script":"<script> [5351 bytes]","args":[{"element-6066-11e4-a52e-4f735466cecf":"f.28BC222DDC5CE12B0F2B355DA12E6296.d.B7E448B2CBE5AB089FB17782ECB01727.e.4853","ELEMENT":"f.28BC222DDC5CE12B0F2B355DA12E6296.d.B7E448B2CBE5AB089FB17782ECB01727.e.4853"}]}
COMMAND: GET /session/ca2abbe84309923e96ecd53f817ddbdd/screenshot - {}
RESULT: {"using":"xpath","value":"(//span[contains(text(), \"WebdriverSitevxpbr\")])[2]"}
RESULT: {"script":"<script> [5351 bytes]","args":[{"element-6066-11e4-a52e-4f735466cecf":"f.28BC222DDC5CE12B0F2B355DA12E6296.d.B7E448B2CBE5AB089FB17782ECB01727.e.4853","ELEMENT":"f.28BC222DDC5CE12B0F2B355DA12E6296.d.B7E448B2CBE5AB089FB17782ECB01727.e.4853"}]}
COMMAND: POST /session/ca2abbe84309923e96ecd53f817ddbdd/element - {"using":"xpath","value":"//*[contains(@data-kt ,\"webshopDetailSiteLink\")]"}
COMMAND: GET /session/ca2abbe84309923e96ecd53f817ddbdd/screenshot - {}
RESULT: {}
RESULT: {"using":"xpath","value":"//*[contains(@data-kt ,\"webshopDetailSiteLink\")]"}
COMMAND: POST /session/ca2abbe84309923e96ecd53f817ddbdd/element/f.28BC222DDC5CE12B0F2B355DA12E6296.d.B7E448B2CBE5AB089FB17782ECB01727.e.4853/click - {}
COMMAND: POST /session/ca2abbe84309923e96ecd53f817ddbdd/element - {"using":"xpath","value":"(//span[contains(text(), \"WebdriverSitevxpbr\")])[2]"}
RESULT: {}
RESULT: {}
COMMAND: GET /session/ca2abbe84309923e96ecd53f817ddbdd/screenshot - {}
RESULT: {"using":"xpath","value":"(//span[contains(text(), \"WebdriverSitevxpbr\")])[2]"}
COMMAND: POST /session/ca2abbe84309923e96ecd53f817ddbdd/execute/sync - {"script":"<script> [8489 bytes]","args":[{"element-6066-11e4-a52e-4f735466cecf":"f.28BC222DDC5CE12B0F2B355DA12E6296.d.B7E448B2CBE5AB089FB17782ECB01727.e.5186","ELEMENT":"f.28BC222DDC5CE12B0F2B355DA12E6296.d.B7E448B2CBE5AB089FB17782ECB01727.e.5186"}]}
RESULT: {}
RESULT: {"script":"<script> [8489 bytes]","args":[{"element-6066-11e4-a52e-4f735466cecf":"f.28BC222DDC5CE12B0F2B355DA12E6296.d.B7E448B2CBE5AB089FB17782ECB01727.e.5186","ELEMENT":"f.28BC222DDC5CE12B0F2B355DA12E6296.d.B7E448B2CBE5AB089FB17782ECB01727.e.5186"}]}
COMMAND: GET /session/ca2abbe84309923e96ecd53f817ddbdd/screenshot - {}
RESULT: {}
COMMAND: POST /session/ca2abbe84309923e96ecd53f817ddbdd/element - {"using":"xpath","value":"(//button[contains(@data-kt ,\"ContextMenuExternalId3Link\")])[2]"}
RESULT: {"using":"xpath","value":"(//button[contains(@data-kt ,\"ContextMenuExternalId3Link\")])[2]"}
COMMAND: POST /session/ca2abbe84309923e96ecd53f817ddbdd/element/f.28BC222DDC5CE12B0F2B355DA12E6296.d.B7E448B2CBE5AB089FB17782ECB01727.e.5187/click - {}
RESULT: {}
COMMAND: GET /session/ca2abbe84309923e96ecd53f817ddbdd/screenshot - {}
RESULT: {}
COMMAND: GET /session/ca2abbe84309923e96ecd53f817ddbdd/window/handles - {}
RESULT: {}
COMMAND: POST /session/ca2abbe84309923e96ecd53f817ddbdd/window - {"handle":"F583CDC11E1BC09DAE75422030FF2040"}
RESULT: {"handle":"F583CDC11E1BC09DAE75422030FF2040"}
COMMAND: GET /session/ca2abbe84309923e96ecd53f817ddbdd/url - {}
RESULT: {}
COMMAND: GET /session/ca2abbe84309923e96ecd53f817ddbdd/screenshot - {}
COMMAND: POST /session/ca2abbe84309923e96ecd53f817ddbdd/execute/sync - {"script":"<script> [8489 bytes]","args":[{"element-6066-11e4-a52e-4f735466cecf":"f.28BC222DDC5CE12B0F2B355DA12E6296.d.B7E448B2CBE5AB089FB17782ECB01727.e.4754","ELEMENT":"f.28BC222DDC5CE12B0F2B355DA12E6296.d.B7E448B2CBE5AB089FB17782ECB01727.e.4754"}]}
RESULT: {}
RESULT: {"script":"<script> [8489 bytes]","args":[{"element-6066-11e4-a52e-4f735466cecf":"f.28BC222DDC5CE12B0F2B355DA12E6296.d.B7E448B2CBE5AB089FB17782ECB01727.e.4754","ELEMENT":"f.28BC222DDC5CE12B0F2B355DA12E6296.d.B7E448B2CBE5AB089FB17782ECB01727.e.4754"}]}
COMMAND: GET /session/ca2abbe84309923e96ecd53f817ddbdd/screenshot - {}
RESULT: {}
COMMAND: POST /session/ca2abbe84309923e96ecd53f817ddbdd/execute/sync - {"script":"<script> [8489 bytes]","args":[{"element-6066-11e4-a52e-4f735466cecf":"f.28BC222DDC5CE12B0F2B355DA12E6296.d.B7E448B2CBE5AB089FB17782ECB01727.e.4754","ELEMENT":"f.28BC222DDC5CE12B0F2B355DA12E6296.d.B7E448B2CBE5AB089FB17782ECB01727.e.4754"}]}
RESULT: {"script":"<script> [8489 bytes]","args":[{"element-6066-11e4-a52e-4f735466cecf":"f.28BC222DDC5CE12B0F2B355DA12E6296.d.B7E448B2CBE5AB089FB17782ECB01727.e.4754","ELEMENT":"f.28BC222DDC5CE12B0F2B355DA12E6296.d.B7E448B2CBE5AB089FB17782ECB01727.e.4754"}]}
COMMAND: GET /session/ca2abbe84309923e96ecd53f817ddbdd/screenshot - {}
RESULT: {}
COMMAND: POST /session/ca2abbe84309923e96ecd53f817ddbdd/execute/sync - {"script":"<script> [8489 bytes]","args":[{"element-6066-11e4-a52e-4f735466cecf":"f.28BC222DDC5CE12B0F2B355DA12E6296.d.B7E448B2CBE5AB089FB17782ECB01727.e.4754","ELEMENT":"f.28BC222DDC5CE12B0F2B355DA12E6296.d.B7E448B2CBE5AB089FB17782ECB01727.e.4754"}]}
RESULT: {"script":"<script> [8489 bytes]","args":[{"element-6066-11e4-a52e-4f735466cecf":"f.28BC222DDC5CE12B0F2B355DA12E6296.d.B7E448B2CBE5AB089FB17782ECB01727.e.4754","ELEMENT":"f.28BC222DDC5CE12B0F2B355DA12E6296.d.B7E448B2CBE5AB089FB17782ECB01727.e.4754"}]}
COMMAND: GET /session/ca2abbe84309923e96ecd53f817ddbdd/screenshot - {}
RESULT: {}
COMMAND: DELETE /session/ca2abbe84309923e96ecd53f817ddbdd/window - {}
COMMAND: POST /session/ca2abbe84309923e96ecd53f817ddbdd/execute/sync - {"script":"<script> [8489 bytes]","args":[{"element-6066-11e4-a52e-4f735466cecf":"f.28BC222DDC5CE12B0F2B355DA12E6296.d.B7E448B2CBE5AB089FB17782ECB01727.e.4754","ELEMENT":"f.28BC222DDC5CE12B0F2B355DA12E6296.d.B7E448B2CBE5AB089FB17782ECB01727.e.4754"}]}
RESULT: {}
COMMAND: POST /session/ca2abbe84309923e96ecd53f817ddbdd/window - {"handle":"28BC222DDC5CE12B0F2B355DA12E6296"}
RESULT: {"handle":"28BC222DDC5CE12B0F2B355DA12E6296"}
COMMAND: GET /session/ca2abbe84309923e96ecd53f817ddbdd/url - {}
RESULT: {}
COMMAND: POST /session/ca2abbe84309923e96ecd53f817ddbdd/element - {"using":"xpath","value":"//span[contains(@id ,\"application-addressmanagement-display-component---detailAdm--addressDetailDetailsName1\")][contains(text(), \"WebdriverSitevxpbr\")]"}
COMMAND: GET /session/ca2abbe84309923e96ecd53f817ddbdd/screenshot - {}
RESULT: {"using":"xpath","value":"//span[contains(@id ,\"application-addressmanagement-display-component---detailAdm--addressDetailDetailsName1\")][contains(text(), \"WebdriverSitevxpbr\")]"}
COMMAND: POST /session/ca2abbe84309923e96ecd53f817ddbdd/element - {"using":"xpath","value":"//span[contains(@id ,\"application-addressmanagement-display-component---detailAdm--addressDetailDetailsName1\")][contains(text(), \"WebdriverSitevxpbr\")]"}
RESULT: {}
RESULT: {"using":"xpath","value":"//span[contains(@id ,\"application-addressmanagement-display-component---detailAdm--addressDetailDetailsName1\")][contains(text(), \"WebdriverSitevxpbr\")]"}
COMMAND: POST /session/ca2abbe84309923e96ecd53f817ddbdd/element - {"using":"xpath","value":"//span[contains(@id ,\"application-addressmanagement-display-component---detailAdm--addressDetailDetailsName1\")][contains(text(), \"WebdriverSitevxpbr\")]"}
RESULT: {"using":"xpath","value":"//span[contains(@id ,\"application-addressmanagement-display-component---detailAdm--addressDetailDetailsName1\")][contains(text(), \"WebdriverSitevxpbr\")]"}
COMMAND: POST /session/ca2abbe84309923e96ecd53f817ddbdd/element - {"using":"xpath","value":"//span[contains(@id ,\"application-addressmanagement-display-component---detailAdm--addressDetailDetailsName1\")][contains(text(), \"WebdriverSitevxpbr\")]"}
RESULT: {"using":"xpath","value":"//span[contains(@id ,\"application-addressmanagement-display-component---detailAdm--addressDetailDetailsName1\")][contains(text(), \"WebdriverSitevxpbr\")]"}
COMMAND: POST /session/ca2abbe84309923e96ecd53f817ddbdd/element - {"using":"xpath","value":"//span[contains(@id ,\"application-addressmanagement-display-component---detailAdm--addressDetailDetailsName1\")][contains(text(), \"WebdriverSitevxpbr\")]"}
RESULT: {"using":"xpath","value":"//span[contains(@id ,\"application-addressmanagement-display-component---detailAdm--addressDetailDetailsName1\")][contains(text(), \"WebdriverSitevxpbr\")]"}
COMMAND: POST /session/ca2abbe84309923e96ecd53f817ddbdd/element - {"using":"xpath","value":"//span[contains(@id ,\"application-addressmanagement-display-component---detailAdm--addressDetailDetailsName1\")][contains(text(), \"WebdriverSitevxpbr\")]"}
RESULT: {"using":"xpath","value":"//span[contains(@id ,\"application-addressmanagement-display-component---detailAdm--addressDetailDetailsName1\")][contains(text(), \"WebdriverSitevxpbr\")]"}
COMMAND: POST /session/ca2abbe84309923e96ecd53f817ddbdd/element - {"using":"xpath","value":"//span[contains(@id ,\"application-addressmanagement-display-component---detailAdm--addressDetailDetailsName1\")][contains(text(), \"WebdriverSitevxpbr\")]"}
RESULT: {"using":"xpath","value":"//span[contains(@id ,\"application-addressmanagement-display-component---detailAdm--addressDetailDetailsName1\")][contains(text(), \"WebdriverSitevxpbr\")]"}
COMMAND: POST /session/ca2abbe84309923e96ecd53f817ddbdd/element - {"using":"xpath","value":"//span[contains(@id ,\"application-addressmanagement-display-component---detailAdm--addressDetailDetailsName1\")][contains(text(), \"WebdriverSitevxpbr\")]"}
RESULT: {"using":"xpath","value":"//span[contains(@id ,\"application-addressmanagement-display-component---detailAdm--addressDetailDetailsName1\")][contains(text(), \"WebdriverSitevxpbr\")]"}
COMMAND: POST /session/ca2abbe84309923e96ecd53f817ddbdd/element - {"using":"xpath","value":"//span[contains(@id ,\"application-addressmanagement-display-component---detailAdm--addressDetailDetailsName1\")][contains(text(), \"WebdriverSitevxpbr\")]"}
RESULT: {"using":"xpath","value":"//span[contains(@id ,\"application-addressmanagement-display-component---detailAdm--addressDetailDetailsName1\")][contains(text(), \"WebdriverSitevxpbr\")]"}
COMMAND: POST /session/ca2abbe84309923e96ecd53f817ddbdd/element - {"using":"xpath","value":"//span[contains(@id ,\"application-addressmanagement-display-component---detailAdm--addressDetailDetailsName1\")][contains(text(), \"WebdriverSitevxpbr\")]"}
RESULT: {"using":"xpath","value":"//span[contains(@id ,\"application-addressmanagement-display-component---detailAdm--addressDetailDetailsName1\")][contains(text(), \"WebdriverSitevxpbr\")]"}
]]></system-out>
    </testcase>
  </testsuite>
  <testsuite timestamp="2025-05-23T16:28:16" time="280.508" tests="2" failures="0" errors="0" skipped="0">
    <properties>
      <property name="specId" value="0"/>
      <property name="suiteName" value="Webshop - Hyperlinks visible and working properly  US139085"/>
      <property name="capabilities" value="chrome.136_0_7103_93.windows"/>
      <property name="file" value="file:///D:/a/1/s/test/specs/R2C/webshop-hyperlinks-partner-address-contract-item.spec.js"/>
    </properties>
    <testcase classname="chrome.136_0_7103_93.windows.Webshop_-_Hyperlinks_visible_and_working_properly__US139085" name="Should verify the customer and address hyperlinks" time="170.818">
      <system-out><![CDATA[
COMMAND: POST /session/ca2abbe84309923e96ecd53f817ddbdd/element - {"using":"xpath","value":"//*[contains(@data-kt ,\"webshopDetailAddressLink\")]"}
RESULT: {"using":"xpath","value":"//*[contains(@data-kt ,\"webshopDetailAddressLink\")]"}
COMMAND: POST /session/ca2abbe84309923e96ecd53f817ddbdd/execute/sync - {"script":"<script> [8489 bytes]","args":[{"element-6066-11e4-a52e-4f735466cecf":"f.28BC222DDC5CE12B0F2B355DA12E6296.d.B7E448B2CBE5AB089FB17782ECB01727.e.5400","ELEMENT":"f.28BC222DDC5CE12B0F2B355DA12E6296.d.B7E448B2CBE5AB089FB17782ECB01727.e.5400"}]}
RESULT: {"script":"<script> [8489 bytes]","args":[{"element-6066-11e4-a52e-4f735466cecf":"f.28BC222DDC5CE12B0F2B355DA12E6296.d.B7E448B2CBE5AB089FB17782ECB01727.e.5400","ELEMENT":"f.28BC222DDC5CE12B0F2B355DA12E6296.d.B7E448B2CBE5AB089FB17782ECB01727.e.5400"}]}
COMMAND: POST /session/ca2abbe84309923e96ecd53f817ddbdd/execute/sync - {"script":"<script> [5351 bytes]","args":[{"element-6066-11e4-a52e-4f735466cecf":"f.28BC222DDC5CE12B0F2B355DA12E6296.d.B7E448B2CBE5AB089FB17782ECB01727.e.5400","ELEMENT":"f.28BC222DDC5CE12B0F2B355DA12E6296.d.B7E448B2CBE5AB089FB17782ECB01727.e.5400"}]}
RESULT: {"script":"<script> [5351 bytes]","args":[{"element-6066-11e4-a52e-4f735466cecf":"f.28BC222DDC5CE12B0F2B355DA12E6296.d.B7E448B2CBE5AB089FB17782ECB01727.e.5400","ELEMENT":"f.28BC222DDC5CE12B0F2B355DA12E6296.d.B7E448B2CBE5AB089FB17782ECB01727.e.5400"}]}
COMMAND: GET /session/ca2abbe84309923e96ecd53f817ddbdd/screenshot - {}
COMMAND: GET /session/ca2abbe84309923e96ecd53f817ddbdd/screenshot - {}
COMMAND: POST /session/ca2abbe84309923e96ecd53f817ddbdd/element - {"using":"xpath","value":"//span[contains(@id ,\"application-addressmanagement-display-component---detailAdm--addressDetailDetailsName1\")][contains(text(), \"WebdriverSitevxpbr\")]"}
RESULT: {}
RESULT: {}
RESULT: {"using":"xpath","value":"//span[contains(@id ,\"application-addressmanagement-display-component---detailAdm--addressDetailDetailsName1\")][contains(text(), \"WebdriverSitevxpbr\")]"}
COMMAND: POST /session/ca2abbe84309923e96ecd53f817ddbdd/element - {"using":"xpath","value":"//span[contains(@id ,\"application-addressmanagement-display-component---detailAdm--addressDetailDetailsName1\")][contains(text(), \"WebdriverSitevxpbr\")]"}
RESULT: {"using":"xpath","value":"//span[contains(@id ,\"application-addressmanagement-display-component---detailAdm--addressDetailDetailsName1\")][contains(text(), \"WebdriverSitevxpbr\")]"}
COMMAND: POST /session/ca2abbe84309923e96ecd53f817ddbdd/element - {"using":"xpath","value":"//span[contains(@id ,\"application-addressmanagement-display-component---detailAdm--addressDetailDetailsName1\")][contains(text(), \"WebdriverSitevxpbr\")]"}
RESULT: {"using":"xpath","value":"//span[contains(@id ,\"application-addressmanagement-display-component---detailAdm--addressDetailDetailsName1\")][contains(text(), \"WebdriverSitevxpbr\")]"}
COMMAND: POST /session/ca2abbe84309923e96ecd53f817ddbdd/element - {"using":"xpath","value":"//span[contains(@id ,\"application-addressmanagement-display-component---detailAdm--addressDetailDetailsName1\")][contains(text(), \"WebdriverSitevxpbr\")]"}
RESULT: {"using":"xpath","value":"//span[contains(@id ,\"application-addressmanagement-display-component---detailAdm--addressDetailDetailsName1\")][contains(text(), \"WebdriverSitevxpbr\")]"}
COMMAND: POST /session/ca2abbe84309923e96ecd53f817ddbdd/element - {"using":"xpath","value":"//span[contains(@id ,\"application-addressmanagement-display-component---detailAdm--addressDetailDetailsName1\")][contains(text(), \"WebdriverSitevxpbr\")]"}
RESULT: {"using":"xpath","value":"//span[contains(@id ,\"application-addressmanagement-display-component---detailAdm--addressDetailDetailsName1\")][contains(text(), \"WebdriverSitevxpbr\")]"}
COMMAND: POST /session/ca2abbe84309923e96ecd53f817ddbdd/element - {"using":"xpath","value":"//span[contains(@id ,\"application-addressmanagement-display-component---detailAdm--addressDetailDetailsName1\")][contains(text(), \"WebdriverSitevxpbr\")]"}
RESULT: {"using":"xpath","value":"//span[contains(@id ,\"application-addressmanagement-display-component---detailAdm--addressDetailDetailsName1\")][contains(text(), \"WebdriverSitevxpbr\")]"}
COMMAND: POST /session/ca2abbe84309923e96ecd53f817ddbdd/element - {"using":"xpath","value":"//span[contains(@id ,\"application-addressmanagement-display-component---detailAdm--addressDetailDetailsName1\")][contains(text(), \"WebdriverSitevxpbr\")]"}
RESULT: {"using":"xpath","value":"//span[contains(@id ,\"application-addressmanagement-display-component---detailAdm--addressDetailDetailsName1\")][contains(text(), \"WebdriverSitevxpbr\")]"}
COMMAND: POST /session/ca2abbe84309923e96ecd53f817ddbdd/element - {"using":"xpath","value":"//span[contains(@id ,\"application-addressmanagement-display-component---detailAdm--addressDetailDetailsName1\")][contains(text(), \"WebdriverSitevxpbr\")]"}
RESULT: {"using":"xpath","value":"//span[contains(@id ,\"application-addressmanagement-display-component---detailAdm--addressDetailDetailsName1\")][contains(text(), \"WebdriverSitevxpbr\")]"}
COMMAND: POST /session/ca2abbe84309923e96ecd53f817ddbdd/element - {"using":"xpath","value":"//span[contains(@id ,\"application-addressmanagement-display-component---detailAdm--addressDetailDetailsName1\")][contains(text(), \"WebdriverSitevxpbr\")]"}
RESULT: {"using":"xpath","value":"//span[contains(@id ,\"application-addressmanagement-display-component---detailAdm--addressDetailDetailsName1\")][contains(text(), \"WebdriverSitevxpbr\")]"}
COMMAND: POST /session/ca2abbe84309923e96ecd53f817ddbdd/element - {"using":"xpath","value":"//*[contains(@data-kt ,\"webshopDetailAddressLink\")]"}
RESULT: {"using":"xpath","value":"//*[contains(@data-kt ,\"webshopDetailAddressLink\")]"}
COMMAND: POST /session/ca2abbe84309923e96ecd53f817ddbdd/element/f.28BC222DDC5CE12B0F2B355DA12E6296.d.B7E448B2CBE5AB089FB17782ECB01727.e.5400/click - {}
COMMAND: POST /session/ca2abbe84309923e96ecd53f817ddbdd/element - {"using":"xpath","value":"//span[contains(@id ,\"application-addressmanagement-display-component---detailAdm--addressDetailDetailsName1\")][contains(text(), \"WebdriverSitevxpbr\")]"}
RESULT: {}
RESULT: {"using":"xpath","value":"//span[contains(@id ,\"application-addressmanagement-display-component---detailAdm--addressDetailDetailsName1\")][contains(text(), \"WebdriverSitevxpbr\")]"}
COMMAND: GET /session/ca2abbe84309923e96ecd53f817ddbdd/screenshot - {}
RESULT: {}
COMMAND: POST /session/ca2abbe84309923e96ecd53f817ddbdd/element - {"using":"xpath","value":"//span[contains(@id ,\"application-addressmanagement-display-component---detailAdm--addressDetailDetailsName1\")][contains(text(), \"WebdriverSitevxpbr\")]"}
RESULT: {"using":"xpath","value":"//span[contains(@id ,\"application-addressmanagement-display-component---detailAdm--addressDetailDetailsName1\")][contains(text(), \"WebdriverSitevxpbr\")]"}
COMMAND: POST /session/ca2abbe84309923e96ecd53f817ddbdd/element - {"using":"xpath","value":"//span[contains(@id ,\"application-addressmanagement-display-component---detailAdm--addressDetailDetailsName1\")][contains(text(), \"WebdriverSitevxpbr\")]"}
RESULT: {"using":"xpath","value":"//span[contains(@id ,\"application-addressmanagement-display-component---detailAdm--addressDetailDetailsName1\")][contains(text(), \"WebdriverSitevxpbr\")]"}
COMMAND: POST /session/ca2abbe84309923e96ecd53f817ddbdd/element - {"using":"xpath","value":"//span[contains(@id ,\"application-addressmanagement-display-component---detailAdm--addressDetailDetailsName1\")][contains(text(), \"WebdriverSitevxpbr\")]"}
RESULT: {"using":"xpath","value":"//span[contains(@id ,\"application-addressmanagement-display-component---detailAdm--addressDetailDetailsName1\")][contains(text(), \"WebdriverSitevxpbr\")]"}
COMMAND: POST /session/ca2abbe84309923e96ecd53f817ddbdd/element - {"using":"xpath","value":"//*[contains(@data-kt ,\"ContextMenuId2Link\")][contains(text(), \"Address Overview\")]"}
RESULT: {"using":"xpath","value":"//*[contains(@data-kt ,\"ContextMenuId2Link\")][contains(text(), \"Address Overview\")]"}
COMMAND: POST /session/ca2abbe84309923e96ecd53f817ddbdd/execute/sync - {"script":"<script> [8489 bytes]","args":[{"element-6066-11e4-a52e-4f735466cecf":"f.28BC222DDC5CE12B0F2B355DA12E6296.d.B7E448B2CBE5AB089FB17782ECB01727.e.5402","ELEMENT":"f.28BC222DDC5CE12B0F2B355DA12E6296.d.B7E448B2CBE5AB089FB17782ECB01727.e.5402"}]}
COMMAND: POST /session/ca2abbe84309923e96ecd53f817ddbdd/element - {"using":"xpath","value":"//*[contains(@data-kt ,\"ContextMenuId2Link\")][contains(text(), \"Address Overview\")]"}
RESULT: {"using":"xpath","value":"//*[contains(@data-kt ,\"ContextMenuId2Link\")][contains(text(), \"Address Overview\")]"}
COMMAND: POST /session/ca2abbe84309923e96ecd53f817ddbdd/element/f.28BC222DDC5CE12B0F2B355DA12E6296.d.B7E448B2CBE5AB089FB17782ECB01727.e.5402/click - {}
RESULT: {"script":"<script> [8489 bytes]","args":[{"element-6066-11e4-a52e-4f735466cecf":"f.28BC222DDC5CE12B0F2B355DA12E6296.d.B7E448B2CBE5AB089FB17782ECB01727.e.5402","ELEMENT":"f.28BC222DDC5CE12B0F2B355DA12E6296.d.B7E448B2CBE5AB089FB17782ECB01727.e.5402"}]}
COMMAND: GET /session/ca2abbe84309923e96ecd53f817ddbdd/screenshot - {}
COMMAND: POST /session/ca2abbe84309923e96ecd53f817ddbdd/element - {"using":"xpath","value":"//span[contains(@id ,\"application-addressmanagement-display-component---detailAdm--addressDetailDetailsName1\")][contains(text(), \"WebdriverSitevxpbr\")]"}
RESULT: {}
COMMAND: GET /session/ca2abbe84309923e96ecd53f817ddbdd/screenshot - {}
RESULT: {}
RESULT: {"using":"xpath","value":"//span[contains(@id ,\"application-addressmanagement-display-component---detailAdm--addressDetailDetailsName1\")][contains(text(), \"WebdriverSitevxpbr\")]"}
RESULT: {}
COMMAND: POST /session/ca2abbe84309923e96ecd53f817ddbdd/element - {"using":"xpath","value":"//span[contains(@id ,\"application-addressmanagement-display-component---detailAdm--addressDetailDetailsName1\")][contains(text(), \"WebdriverSitevxpbr\")]"}
RESULT: {"using":"xpath","value":"//span[contains(@id ,\"application-addressmanagement-display-component---detailAdm--addressDetailDetailsName1\")][contains(text(), \"WebdriverSitevxpbr\")]"}
COMMAND: POST /session/ca2abbe84309923e96ecd53f817ddbdd/element - {"using":"xpath","value":"//span[contains(@id ,\"application-addressmanagement-display-component---detailAdm--addressDetailDetailsName1\")][contains(text(), \"WebdriverSitevxpbr\")]"}
RESULT: {"using":"xpath","value":"//span[contains(@id ,\"application-addressmanagement-display-component---detailAdm--addressDetailDetailsName1\")][contains(text(), \"WebdriverSitevxpbr\")]"}
COMMAND: POST /session/ca2abbe84309923e96ecd53f817ddbdd/execute/sync - {"script":"<script> [8489 bytes]","args":[{"element-6066-11e4-a52e-4f735466cecf":"f.28BC222DDC5CE12B0F2B355DA12E6296.d.B7E448B2CBE5AB089FB17782ECB01727.e.5602","ELEMENT":"f.28BC222DDC5CE12B0F2B355DA12E6296.d.B7E448B2CBE5AB089FB17782ECB01727.e.5602"}]}
RESULT: {"script":"<script> [8489 bytes]","args":[{"element-6066-11e4-a52e-4f735466cecf":"f.28BC222DDC5CE12B0F2B355DA12E6296.d.B7E448B2CBE5AB089FB17782ECB01727.e.5602","ELEMENT":"f.28BC222DDC5CE12B0F2B355DA12E6296.d.B7E448B2CBE5AB089FB17782ECB01727.e.5602"}]}
COMMAND: GET /session/ca2abbe84309923e96ecd53f817ddbdd/screenshot - {}
RESULT: undefined
COMMAND: POST /session/ca2abbe84309923e96ecd53f817ddbdd/execute/async - {"script":"<script> [6424 bytes]","args":[{"element-6066-11e4-a52e-4f735466cecf":"f.28BC222DDC5CE12B0F2B355DA12E6296.d.B7E448B2CBE5AB089FB17782ECB01727.e.3047"},"getTitle",[]]}
RESULT: {}
COMMAND: POST /session/ca2abbe84309923e96ecd53f817ddbdd/execute/async - {"script":"<script> [1562 bytes]","args":[{"selector":{"id":"shellAppTitle"},"wdio_ui5_key":"shellAppTitle"}]}
RESULT: {"script":"<script> [1562 bytes]","args":[{"selector":{"id":"shellAppTitle"},"wdio_ui5_key":"shellAppTitle"}]}
COMMAND: POST /session/ca2abbe84309923e96ecd53f817ddbdd/execute/async - {"script":"<script> [6424 bytes]","args":[{"element-6066-11e4-a52e-4f735466cecf":"f.28BC222DDC5CE12B0F2B355DA12E6296.d.B7E448B2CBE5AB089FB17782ECB01727.e.5604"},"getTitle",[]]}
RESULT: {"script":"<script> [6424 bytes]","args":[{"element-6066-11e4-a52e-4f735466cecf":"f.28BC222DDC5CE12B0F2B355DA12E6296.d.B7E448B2CBE5AB089FB17782ECB01727.e.5604"},"getTitle",[]]}
COMMAND: POST /session/ca2abbe84309923e96ecd53f817ddbdd/element - {"using":"xpath","value":"//span[contains(@id ,\"application-addressmanagement-display-component---detailAdm--addressDetailDetailsName1\")][contains(text(), \"WebdriverSitevxpbr\")]"}
RESULT: {"using":"xpath","value":"//span[contains(@id ,\"application-addressmanagement-display-component---detailAdm--addressDetailDetailsName1\")][contains(text(), \"WebdriverSitevxpbr\")]"}
COMMAND: POST /session/ca2abbe84309923e96ecd53f817ddbdd/execute/sync - {"script":"<script> [8489 bytes]","args":[{"element-6066-11e4-a52e-4f735466cecf":"f.28BC222DDC5CE12B0F2B355DA12E6296.d.B7E448B2CBE5AB089FB17782ECB01727.e.5602","ELEMENT":"f.28BC222DDC5CE12B0F2B355DA12E6296.d.B7E448B2CBE5AB089FB17782ECB01727.e.5602"}]}
RESULT: undefined
COMMAND: POST /session/ca2abbe84309923e96ecd53f817ddbdd/element - {"using":"xpath","value":"//*[@id=\"backBtn\"]"}
RESULT: {"script":"<script> [8489 bytes]","args":[{"element-6066-11e4-a52e-4f735466cecf":"f.28BC222DDC5CE12B0F2B355DA12E6296.d.B7E448B2CBE5AB089FB17782ECB01727.e.5602","ELEMENT":"f.28BC222DDC5CE12B0F2B355DA12E6296.d.B7E448B2CBE5AB089FB17782ECB01727.e.5602"}]}
COMMAND: GET /session/ca2abbe84309923e96ecd53f817ddbdd/screenshot - {}
RESULT: {"using":"xpath","value":"//*[@id=\"backBtn\"]"}
COMMAND: POST /session/ca2abbe84309923e96ecd53f817ddbdd/element/f.28BC222DDC5CE12B0F2B355DA12E6296.d.B7E448B2CBE5AB089FB17782ECB01727.e.3049/click - {}
RESULT: {}
RESULT: {}
COMMAND: GET /session/ca2abbe84309923e96ecd53f817ddbdd/screenshot - {}
RESULT: {}
COMMAND: POST /session/ca2abbe84309923e96ecd53f817ddbdd/execute/sync - {"script":"<script> [8489 bytes]","args":[{"element-6066-11e4-a52e-4f735466cecf":"f.28BC222DDC5CE12B0F2B355DA12E6296.d.B7E448B2CBE5AB089FB17782ECB01727.e.5400","ELEMENT":"f.28BC222DDC5CE12B0F2B355DA12E6296.d.B7E448B2CBE5AB089FB17782ECB01727.e.5400"}]}
COMMAND: POST /session/ca2abbe84309923e96ecd53f817ddbdd/element - {"using":"xpath","value":"//*[contains(@data-kt ,\"webshopDetailAddressLink\")]"}
RESULT: {"using":"xpath","value":"//*[contains(@data-kt ,\"webshopDetailAddressLink\")]"}
COMMAND: POST /session/ca2abbe84309923e96ecd53f817ddbdd/execute/sync - {"script":"<script> [8489 bytes]","args":[{"element-6066-11e4-a52e-4f735466cecf":"f.28BC222DDC5CE12B0F2B355DA12E6296.d.B7E448B2CBE5AB089FB17782ECB01727.e.5771","ELEMENT":"f.28BC222DDC5CE12B0F2B355DA12E6296.d.B7E448B2CBE5AB089FB17782ECB01727.e.5771"}]}
RESULT: {"script":"<script> [8489 bytes]","args":[{"element-6066-11e4-a52e-4f735466cecf":"f.28BC222DDC5CE12B0F2B355DA12E6296.d.B7E448B2CBE5AB089FB17782ECB01727.e.5771","ELEMENT":"f.28BC222DDC5CE12B0F2B355DA12E6296.d.B7E448B2CBE5AB089FB17782ECB01727.e.5771"}]}
COMMAND: POST /session/ca2abbe84309923e96ecd53f817ddbdd/execute/sync - {"script":"<script> [5351 bytes]","args":[{"element-6066-11e4-a52e-4f735466cecf":"f.28BC222DDC5CE12B0F2B355DA12E6296.d.B7E448B2CBE5AB089FB17782ECB01727.e.5771","ELEMENT":"f.28BC222DDC5CE12B0F2B355DA12E6296.d.B7E448B2CBE5AB089FB17782ECB01727.e.5771"}]}
COMMAND: GET /session/ca2abbe84309923e96ecd53f817ddbdd/screenshot - {}
RESULT: {"script":"<script> [5351 bytes]","args":[{"element-6066-11e4-a52e-4f735466cecf":"f.28BC222DDC5CE12B0F2B355DA12E6296.d.B7E448B2CBE5AB089FB17782ECB01727.e.5771","ELEMENT":"f.28BC222DDC5CE12B0F2B355DA12E6296.d.B7E448B2CBE5AB089FB17782ECB01727.e.5771"}]}
COMMAND: POST /session/ca2abbe84309923e96ecd53f817ddbdd/element - {"using":"xpath","value":"//*[contains(@data-kt ,\"webshopDetailAddressLink\")]"}
COMMAND: GET /session/ca2abbe84309923e96ecd53f817ddbdd/screenshot - {}
RESULT: {}
RESULT: {"using":"xpath","value":"//*[contains(@data-kt ,\"webshopDetailAddressLink\")]"}
COMMAND: POST /session/ca2abbe84309923e96ecd53f817ddbdd/element/f.28BC222DDC5CE12B0F2B355DA12E6296.d.B7E448B2CBE5AB089FB17782ECB01727.e.5771/click - {}
RESULT: {}
RESULT: {}
COMMAND: GET /session/ca2abbe84309923e96ecd53f817ddbdd/screenshot - {}
RESULT: {}
COMMAND: POST /session/ca2abbe84309923e96ecd53f817ddbdd/element - {"using":"xpath","value":"//button[contains(@data-kt ,\"ContextMenuExternalId2Link\")]"}
RESULT: {"using":"xpath","value":"//button[contains(@data-kt ,\"ContextMenuExternalId2Link\")]"}
COMMAND: POST /session/ca2abbe84309923e96ecd53f817ddbdd/element/f.28BC222DDC5CE12B0F2B355DA12E6296.d.B7E448B2CBE5AB089FB17782ECB01727.e.5773/click - {}
RESULT: {}
COMMAND: GET /session/ca2abbe84309923e96ecd53f817ddbdd/screenshot - {}
RESULT: {}
COMMAND: GET /session/ca2abbe84309923e96ecd53f817ddbdd/window/handles - {}
RESULT: {}
COMMAND: POST /session/ca2abbe84309923e96ecd53f817ddbdd/window - {"handle":"457C63922DCC50A5597F4DD090DE1A5A"}
RESULT: {"handle":"457C63922DCC50A5597F4DD090DE1A5A"}
COMMAND: GET /session/ca2abbe84309923e96ecd53f817ddbdd/url - {}
RESULT: {}
COMMAND: GET /session/ca2abbe84309923e96ecd53f817ddbdd/screenshot - {}
RESULT: {}
COMMAND: POST /session/ca2abbe84309923e96ecd53f817ddbdd/execute/sync - {"script":"<script> [8489 bytes]","args":[{"element-6066-11e4-a52e-4f735466cecf":"f.28BC222DDC5CE12B0F2B355DA12E6296.d.B7E448B2CBE5AB089FB17782ECB01727.e.5602","ELEMENT":"f.28BC222DDC5CE12B0F2B355DA12E6296.d.B7E448B2CBE5AB089FB17782ECB01727.e.5602"}]}
COMMAND: DELETE /session/ca2abbe84309923e96ecd53f817ddbdd/window - {}
RESULT: {}
COMMAND: POST /session/ca2abbe84309923e96ecd53f817ddbdd/window - {"handle":"28BC222DDC5CE12B0F2B355DA12E6296"}
RESULT: {"handle":"28BC222DDC5CE12B0F2B355DA12E6296"}
COMMAND: GET /session/ca2abbe84309923e96ecd53f817ddbdd/url - {}
COMMAND: POST /session/ca2abbe84309923e96ecd53f817ddbdd/element - {"using":"xpath","value":"//span[contains(@id ,\"application-addressmanagement-display-component---detailAdm--addressDetailDetailsName1\")][contains(text(), \"WebdriverSitevxpbr\")]"}
RESULT: {}
COMMAND: GET /session/ca2abbe84309923e96ecd53f817ddbdd/screenshot - {}
RESULT: {"using":"xpath","value":"//span[contains(@id ,\"application-addressmanagement-display-component---detailAdm--addressDetailDetailsName1\")][contains(text(), \"WebdriverSitevxpbr\")]"}
COMMAND: POST /session/ca2abbe84309923e96ecd53f817ddbdd/element - {"using":"xpath","value":"//span[contains(@id ,\"application-addressmanagement-display-component---detailAdm--addressDetailDetailsName1\")][contains(text(), \"WebdriverSitevxpbr\")]"}
RESULT: {}
RESULT: {"using":"xpath","value":"//span[contains(@id ,\"application-addressmanagement-display-component---detailAdm--addressDetailDetailsName1\")][contains(text(), \"WebdriverSitevxpbr\")]"}
COMMAND: POST /session/ca2abbe84309923e96ecd53f817ddbdd/element - {"using":"xpath","value":"//span[contains(@id ,\"application-addressmanagement-display-component---detailAdm--addressDetailDetailsName1\")][contains(text(), \"WebdriverSitevxpbr\")]"}
RESULT: {"using":"xpath","value":"//span[contains(@id ,\"application-addressmanagement-display-component---detailAdm--addressDetailDetailsName1\")][contains(text(), \"WebdriverSitevxpbr\")]"}
COMMAND: POST /session/ca2abbe84309923e96ecd53f817ddbdd/element - {"using":"xpath","value":"//span[contains(@id ,\"application-addressmanagement-display-component---detailAdm--addressDetailDetailsName1\")][contains(text(), \"WebdriverSitevxpbr\")]"}
RESULT: {"using":"xpath","value":"//span[contains(@id ,\"application-addressmanagement-display-component---detailAdm--addressDetailDetailsName1\")][contains(text(), \"WebdriverSitevxpbr\")]"}
COMMAND: POST /session/ca2abbe84309923e96ecd53f817ddbdd/element - {"using":"xpath","value":"//span[contains(@id ,\"application-addressmanagement-display-component---detailAdm--addressDetailDetailsName1\")][contains(text(), \"WebdriverSitevxpbr\")]"}
RESULT: {"using":"xpath","value":"//span[contains(@id ,\"application-addressmanagement-display-component---detailAdm--addressDetailDetailsName1\")][contains(text(), \"WebdriverSitevxpbr\")]"}
COMMAND: POST /session/ca2abbe84309923e96ecd53f817ddbdd/element - {"using":"xpath","value":"//span[contains(@id ,\"application-addressmanagement-display-component---detailAdm--addressDetailDetailsName1\")][contains(text(), \"WebdriverSitevxpbr\")]"}
RESULT: {"using":"xpath","value":"//span[contains(@id ,\"application-addressmanagement-display-component---detailAdm--addressDetailDetailsName1\")][contains(text(), \"WebdriverSitevxpbr\")]"}
COMMAND: POST /session/ca2abbe84309923e96ecd53f817ddbdd/element - {"using":"xpath","value":"//*[contains(@data-kt ,\"webshopDetailCustomerLink\")]"}
RESULT: {"using":"xpath","value":"//*[contains(@data-kt ,\"webshopDetailCustomerLink\")]"}
COMMAND: POST /session/ca2abbe84309923e96ecd53f817ddbdd/execute/sync - {"script":"<script> [8489 bytes]","args":[{"element-6066-11e4-a52e-4f735466cecf":"f.28BC222DDC5CE12B0F2B355DA12E6296.d.B7E448B2CBE5AB089FB17782ECB01727.e.5924","ELEMENT":"f.28BC222DDC5CE12B0F2B355DA12E6296.d.B7E448B2CBE5AB089FB17782ECB01727.e.5924"}]}
RESULT: {"script":"<script> [8489 bytes]","args":[{"element-6066-11e4-a52e-4f735466cecf":"f.28BC222DDC5CE12B0F2B355DA12E6296.d.B7E448B2CBE5AB089FB17782ECB01727.e.5924","ELEMENT":"f.28BC222DDC5CE12B0F2B355DA12E6296.d.B7E448B2CBE5AB089FB17782ECB01727.e.5924"}]}
COMMAND: POST /session/ca2abbe84309923e96ecd53f817ddbdd/execute/sync - {"script":"<script> [5351 bytes]","args":[{"element-6066-11e4-a52e-4f735466cecf":"f.28BC222DDC5CE12B0F2B355DA12E6296.d.B7E448B2CBE5AB089FB17782ECB01727.e.5924","ELEMENT":"f.28BC222DDC5CE12B0F2B355DA12E6296.d.B7E448B2CBE5AB089FB17782ECB01727.e.5924"}]}
COMMAND: GET /session/ca2abbe84309923e96ecd53f817ddbdd/screenshot - {}
RESULT: {"script":"<script> [5351 bytes]","args":[{"element-6066-11e4-a52e-4f735466cecf":"f.28BC222DDC5CE12B0F2B355DA12E6296.d.B7E448B2CBE5AB089FB17782ECB01727.e.5924","ELEMENT":"f.28BC222DDC5CE12B0F2B355DA12E6296.d.B7E448B2CBE5AB089FB17782ECB01727.e.5924"}]}
COMMAND: POST /session/ca2abbe84309923e96ecd53f817ddbdd/element - {"using":"xpath","value":"//*[contains(@data-kt ,\"webshopDetailCustomerLink\")]"}
COMMAND: GET /session/ca2abbe84309923e96ecd53f817ddbdd/screenshot - {}
COMMAND: POST /session/ca2abbe84309923e96ecd53f817ddbdd/element - {"using":"xpath","value":"//span[contains(@id ,\"application-addressmanagement-display-component---detailAdm--addressDetailDetailsName1\")][contains(text(), \"WebdriverSitevxpbr\")]"}
RESULT: {}
RESULT: {"using":"xpath","value":"//*[contains(@data-kt ,\"webshopDetailCustomerLink\")]"}
COMMAND: POST /session/ca2abbe84309923e96ecd53f817ddbdd/element/f.28BC222DDC5CE12B0F2B355DA12E6296.d.B7E448B2CBE5AB089FB17782ECB01727.e.5924/click - {}
RESULT: {}
RESULT: {"using":"xpath","value":"//span[contains(@id ,\"application-addressmanagement-display-component---detailAdm--addressDetailDetailsName1\")][contains(text(), \"WebdriverSitevxpbr\")]"}
RESULT: {}
COMMAND: GET /session/ca2abbe84309923e96ecd53f817ddbdd/screenshot - {}
COMMAND: POST /session/ca2abbe84309923e96ecd53f817ddbdd/element - {"using":"xpath","value":"//span[contains(@id ,\"application-addressmanagement-display-component---detailAdm--addressDetailDetailsName1\")][contains(text(), \"WebdriverSitevxpbr\")]"}
RESULT: {}
RESULT: {"using":"xpath","value":"//span[contains(@id ,\"application-addressmanagement-display-component---detailAdm--addressDetailDetailsName1\")][contains(text(), \"WebdriverSitevxpbr\")]"}
COMMAND: POST /session/ca2abbe84309923e96ecd53f817ddbdd/element - {"using":"xpath","value":"//span[contains(@id ,\"application-addressmanagement-display-component---detailAdm--addressDetailDetailsName1\")][contains(text(), \"WebdriverSitevxpbr\")]"}
RESULT: {"using":"xpath","value":"//span[contains(@id ,\"application-addressmanagement-display-component---detailAdm--addressDetailDetailsName1\")][contains(text(), \"WebdriverSitevxpbr\")]"}
COMMAND: POST /session/ca2abbe84309923e96ecd53f817ddbdd/element - {"using":"xpath","value":"//span[contains(@id ,\"application-addressmanagement-display-component---detailAdm--addressDetailDetailsName1\")][contains(text(), \"WebdriverSitevxpbr\")]"}
RESULT: {"using":"xpath","value":"//span[contains(@id ,\"application-addressmanagement-display-component---detailAdm--addressDetailDetailsName1\")][contains(text(), \"WebdriverSitevxpbr\")]"}
COMMAND: POST /session/ca2abbe84309923e96ecd53f817ddbdd/element - {"using":"xpath","value":"//span[contains(@id ,\"application-addressmanagement-display-component---detailAdm--addressDetailDetailsName1\")][contains(text(), \"WebdriverSitevxpbr\")]"}
COMMAND: POST /session/ca2abbe84309923e96ecd53f817ddbdd/element - {"using":"xpath","value":"//*[contains(@data-kt ,\"ContextMenuId2Link\")][contains(text(), \"Partner Overview\")]"}
RESULT: {"using":"xpath","value":"//span[contains(@id ,\"application-addressmanagement-display-component---detailAdm--addressDetailDetailsName1\")][contains(text(), \"WebdriverSitevxpbr\")]"}
RESULT: {"using":"xpath","value":"//*[contains(@data-kt ,\"ContextMenuId2Link\")][contains(text(), \"Partner Overview\")]"}
COMMAND: POST /session/ca2abbe84309923e96ecd53f817ddbdd/execute/sync - {"script":"<script> [8489 bytes]","args":[{"element-6066-11e4-a52e-4f735466cecf":"f.28BC222DDC5CE12B0F2B355DA12E6296.d.B7E448B2CBE5AB089FB17782ECB01727.e.5926","ELEMENT":"f.28BC222DDC5CE12B0F2B355DA12E6296.d.B7E448B2CBE5AB089FB17782ECB01727.e.5926"}]}
COMMAND: POST /session/ca2abbe84309923e96ecd53f817ddbdd/element - {"using":"xpath","value":"//*[contains(@data-kt ,\"ContextMenuId2Link\")][contains(text(), \"Partner Overview\")]"}
RESULT: {"using":"xpath","value":"//*[contains(@data-kt ,\"ContextMenuId2Link\")][contains(text(), \"Partner Overview\")]"}
COMMAND: POST /session/ca2abbe84309923e96ecd53f817ddbdd/element/f.28BC222DDC5CE12B0F2B355DA12E6296.d.B7E448B2CBE5AB089FB17782ECB01727.e.5926/click - {}
RESULT: {"script":"<script> [8489 bytes]","args":[{"element-6066-11e4-a52e-4f735466cecf":"f.28BC222DDC5CE12B0F2B355DA12E6296.d.B7E448B2CBE5AB089FB17782ECB01727.e.5926","ELEMENT":"f.28BC222DDC5CE12B0F2B355DA12E6296.d.B7E448B2CBE5AB089FB17782ECB01727.e.5926"}]}
COMMAND: GET /session/ca2abbe84309923e96ecd53f817ddbdd/screenshot - {}
RESULT: {}
COMMAND: GET /session/ca2abbe84309923e96ecd53f817ddbdd/screenshot - {}
COMMAND: POST /session/ca2abbe84309923e96ecd53f817ddbdd/element - {"using":"xpath","value":"//span[contains(@id ,\"application-addressmanagement-display-component---detailAdm--addressDetailDetailsName1\")][contains(text(), \"WebdriverSitevxpbr\")]"}
RESULT: undefined
COMMAND: POST /session/ca2abbe84309923e96ecd53f817ddbdd/execute/async - {"script":"<script> [6424 bytes]","args":[{"element-6066-11e4-a52e-4f735466cecf":"f.28BC222DDC5CE12B0F2B355DA12E6296.d.B7E448B2CBE5AB089FB17782ECB01727.e.3047"},"getTitle",[]]}
RESULT: {}
RESULT: {}
RESULT: {"using":"xpath","value":"//span[contains(@id ,\"application-addressmanagement-display-component---detailAdm--addressDetailDetailsName1\")][contains(text(), \"WebdriverSitevxpbr\")]"}
COMMAND: POST /session/ca2abbe84309923e96ecd53f817ddbdd/execute/async - {"script":"<script> [1562 bytes]","args":[{"selector":{"id":"shellAppTitle"},"wdio_ui5_key":"shellAppTitle"}]}
RESULT: {"script":"<script> [1562 bytes]","args":[{"selector":{"id":"shellAppTitle"},"wdio_ui5_key":"shellAppTitle"}]}
COMMAND: POST /session/ca2abbe84309923e96ecd53f817ddbdd/execute/async - {"script":"<script> [6424 bytes]","args":[{"element-6066-11e4-a52e-4f735466cecf":"f.28BC222DDC5CE12B0F2B355DA12E6296.d.B7E448B2CBE5AB089FB17782ECB01727.e.6132"},"getTitle",[]]}
COMMAND: POST /session/ca2abbe84309923e96ecd53f817ddbdd/element - {"using":"xpath","value":"//span[contains(@id ,\"application-addressmanagement-display-component---detailAdm--addressDetailDetailsName1\")][contains(text(), \"WebdriverSitevxpbr\")]"}
RESULT: {"script":"<script> [6424 bytes]","args":[{"element-6066-11e4-a52e-4f735466cecf":"f.28BC222DDC5CE12B0F2B355DA12E6296.d.B7E448B2CBE5AB089FB17782ECB01727.e.6132"},"getTitle",[]]}
COMMAND: POST /session/ca2abbe84309923e96ecd53f817ddbdd/element - {"using":"xpath","value":"//span[contains(@id ,\"title\")][contains(text(), \"WebdriverPartnerziwx\")]"}
RESULT: {"using":"xpath","value":"//span[contains(@id ,\"application-addressmanagement-display-component---detailAdm--addressDetailDetailsName1\")][contains(text(), \"WebdriverSitevxpbr\")]"}
RESULT: {"using":"xpath","value":"//span[contains(@id ,\"title\")][contains(text(), \"WebdriverPartnerziwx\")]"}
COMMAND: POST /session/ca2abbe84309923e96ecd53f817ddbdd/execute/sync - {"script":"<script> [8489 bytes]","args":[{"element-6066-11e4-a52e-4f735466cecf":"f.28BC222DDC5CE12B0F2B355DA12E6296.d.B7E448B2CBE5AB089FB17782ECB01727.e.6133","ELEMENT":"f.28BC222DDC5CE12B0F2B355DA12E6296.d.B7E448B2CBE5AB089FB17782ECB01727.e.6133"}]}
RESULT: undefined
COMMAND: POST /session/ca2abbe84309923e96ecd53f817ddbdd/element - {"using":"xpath","value":"//*[@id=\"backBtn\"]"}
RESULT: {"script":"<script> [8489 bytes]","args":[{"element-6066-11e4-a52e-4f735466cecf":"f.28BC222DDC5CE12B0F2B355DA12E6296.d.B7E448B2CBE5AB089FB17782ECB01727.e.6133","ELEMENT":"f.28BC222DDC5CE12B0F2B355DA12E6296.d.B7E448B2CBE5AB089FB17782ECB01727.e.6133"}]}
COMMAND: GET /session/ca2abbe84309923e96ecd53f817ddbdd/screenshot - {}
RESULT: {"using":"xpath","value":"//*[@id=\"backBtn\"]"}
COMMAND: POST /session/ca2abbe84309923e96ecd53f817ddbdd/element/f.28BC222DDC5CE12B0F2B355DA12E6296.d.B7E448B2CBE5AB089FB17782ECB01727.e.3049/click - {}
RESULT: {}
COMMAND: POST /session/ca2abbe84309923e96ecd53f817ddbdd/element - {"using":"xpath","value":"//span[contains(@id ,\"application-addressmanagement-display-component---detailAdm--addressDetailDetailsName1\")][contains(text(), \"WebdriverSitevxpbr\")]"}
RESULT: {}
COMMAND: POST /session/ca2abbe84309923e96ecd53f817ddbdd/execute/sync - {"script":"<script> [8489 bytes]","args":[{"element-6066-11e4-a52e-4f735466cecf":"f.28BC222DDC5CE12B0F2B355DA12E6296.d.B7E448B2CBE5AB089FB17782ECB01727.e.6133","ELEMENT":"f.28BC222DDC5CE12B0F2B355DA12E6296.d.B7E448B2CBE5AB089FB17782ECB01727.e.6133"}]}
COMMAND: GET /session/ca2abbe84309923e96ecd53f817ddbdd/screenshot - {}
RESULT: {"using":"xpath","value":"//span[contains(@id ,\"application-addressmanagement-display-component---detailAdm--addressDetailDetailsName1\")][contains(text(), \"WebdriverSitevxpbr\")]"}
COMMAND: POST /session/ca2abbe84309923e96ecd53f817ddbdd/element - {"using":"xpath","value":"//span[contains(@id ,\"title\")][contains(text(), \"WebdriverPartnerziwx\")]"}
COMMAND: POST /session/ca2abbe84309923e96ecd53f817ddbdd/element - {"using":"xpath","value":"//span[contains(@id ,\"application-addressmanagement-display-component---detailAdm--addressDetailDetailsName1\")][contains(text(), \"WebdriverSitevxpbr\")]"}
RESULT: {}
RESULT: {"using":"xpath","value":"//span[contains(@id ,\"title\")][contains(text(), \"WebdriverPartnerziwx\")]"}
COMMAND: POST /session/ca2abbe84309923e96ecd53f817ddbdd/element - {"using":"xpath","value":"//span[contains(@id ,\"title\")][contains(text(), \"WebdriverPartnerziwx\")]"}
RESULT: {"using":"xpath","value":"//span[contains(@id ,\"application-addressmanagement-display-component---detailAdm--addressDetailDetailsName1\")][contains(text(), \"WebdriverSitevxpbr\")]"}
RESULT: {"using":"xpath","value":"//span[contains(@id ,\"title\")][contains(text(), \"WebdriverPartnerziwx\")]"}
COMMAND: POST /session/ca2abbe84309923e96ecd53f817ddbdd/element - {"using":"xpath","value":"//span[contains(@id ,\"application-addressmanagement-display-component---detailAdm--addressDetailDetailsName1\")][contains(text(), \"WebdriverSitevxpbr\")]"}
RESULT: {"using":"xpath","value":"//span[contains(@id ,\"application-addressmanagement-display-component---detailAdm--addressDetailDetailsName1\")][contains(text(), \"WebdriverSitevxpbr\")]"}
COMMAND: POST /session/ca2abbe84309923e96ecd53f817ddbdd/element - {"using":"xpath","value":"//span[contains(@id ,\"title\")][contains(text(), \"WebdriverPartnerziwx\")]"}
RESULT: {"using":"xpath","value":"//span[contains(@id ,\"title\")][contains(text(), \"WebdriverPartnerziwx\")]"}
COMMAND: POST /session/ca2abbe84309923e96ecd53f817ddbdd/element - {"using":"xpath","value":"//span[contains(@id ,\"application-addressmanagement-display-component---detailAdm--addressDetailDetailsName1\")][contains(text(), \"WebdriverSitevxpbr\")]"}
RESULT: {"using":"xpath","value":"//span[contains(@id ,\"application-addressmanagement-display-component---detailAdm--addressDetailDetailsName1\")][contains(text(), \"WebdriverSitevxpbr\")]"}
COMMAND: POST /session/ca2abbe84309923e96ecd53f817ddbdd/element - {"using":"xpath","value":"//span[contains(@id ,\"title\")][contains(text(), \"WebdriverPartnerziwx\")]"}
RESULT: {"using":"xpath","value":"//span[contains(@id ,\"title\")][contains(text(), \"WebdriverPartnerziwx\")]"}
COMMAND: POST /session/ca2abbe84309923e96ecd53f817ddbdd/element - {"using":"xpath","value":"//span[contains(@id ,\"application-addressmanagement-display-component---detailAdm--addressDetailDetailsName1\")][contains(text(), \"WebdriverSitevxpbr\")]"}
RESULT: {"using":"xpath","value":"//span[contains(@id ,\"application-addressmanagement-display-component---detailAdm--addressDetailDetailsName1\")][contains(text(), \"WebdriverSitevxpbr\")]"}
COMMAND: POST /session/ca2abbe84309923e96ecd53f817ddbdd/element - {"using":"xpath","value":"//span[contains(@id ,\"title\")][contains(text(), \"WebdriverPartnerziwx\")]"}
RESULT: {"using":"xpath","value":"//span[contains(@id ,\"title\")][contains(text(), \"WebdriverPartnerziwx\")]"}
COMMAND: POST /session/ca2abbe84309923e96ecd53f817ddbdd/element - {"using":"xpath","value":"//span[contains(@id ,\"application-addressmanagement-display-component---detailAdm--addressDetailDetailsName1\")][contains(text(), \"WebdriverSitevxpbr\")]"}
RESULT: {"using":"xpath","value":"//span[contains(@id ,\"application-addressmanagement-display-component---detailAdm--addressDetailDetailsName1\")][contains(text(), \"WebdriverSitevxpbr\")]"}
COMMAND: POST /session/ca2abbe84309923e96ecd53f817ddbdd/element - {"using":"xpath","value":"//span[contains(@id ,\"title\")][contains(text(), \"WebdriverPartnerziwx\")]"}
RESULT: {"using":"xpath","value":"//span[contains(@id ,\"title\")][contains(text(), \"WebdriverPartnerziwx\")]"}
COMMAND: POST /session/ca2abbe84309923e96ecd53f817ddbdd/element - {"using":"xpath","value":"//span[contains(@id ,\"application-addressmanagement-display-component---detailAdm--addressDetailDetailsName1\")][contains(text(), \"WebdriverSitevxpbr\")]"}
RESULT: {"using":"xpath","value":"//span[contains(@id ,\"application-addressmanagement-display-component---detailAdm--addressDetailDetailsName1\")][contains(text(), \"WebdriverSitevxpbr\")]"}
COMMAND: POST /session/ca2abbe84309923e96ecd53f817ddbdd/element - {"using":"xpath","value":"//span[contains(@id ,\"title\")][contains(text(), \"WebdriverPartnerziwx\")]"}
RESULT: {"using":"xpath","value":"//span[contains(@id ,\"title\")][contains(text(), \"WebdriverPartnerziwx\")]"}
COMMAND: POST /session/ca2abbe84309923e96ecd53f817ddbdd/execute/sync - {"script":"<script> [8489 bytes]","args":[{"element-6066-11e4-a52e-4f735466cecf":"f.28BC222DDC5CE12B0F2B355DA12E6296.d.B7E448B2CBE5AB089FB17782ECB01727.e.5924","ELEMENT":"f.28BC222DDC5CE12B0F2B355DA12E6296.d.B7E448B2CBE5AB089FB17782ECB01727.e.5924"}]}
COMMAND: POST /session/ca2abbe84309923e96ecd53f817ddbdd/element - {"using":"xpath","value":"//*[contains(@data-kt ,\"webshopDetailCustomerLink\")]"}
COMMAND: POST /session/ca2abbe84309923e96ecd53f817ddbdd/element - {"using":"xpath","value":"//span[contains(@id ,\"application-addressmanagement-display-component---detailAdm--addressDetailDetailsName1\")][contains(text(), \"WebdriverSitevxpbr\")]"}
RESULT: {"using":"xpath","value":"//*[contains(@data-kt ,\"webshopDetailCustomerLink\")]"}
COMMAND: POST /session/ca2abbe84309923e96ecd53f817ddbdd/execute/sync - {"script":"<script> [8489 bytes]","args":[{"element-6066-11e4-a52e-4f735466cecf":"f.28BC222DDC5CE12B0F2B355DA12E6296.d.B7E448B2CBE5AB089FB17782ECB01727.e.6282","ELEMENT":"f.28BC222DDC5CE12B0F2B355DA12E6296.d.B7E448B2CBE5AB089FB17782ECB01727.e.6282"}]}
RESULT: {"using":"xpath","value":"//span[contains(@id ,\"application-addressmanagement-display-component---detailAdm--addressDetailDetailsName1\")][contains(text(), \"WebdriverSitevxpbr\")]"}
COMMAND: POST /session/ca2abbe84309923e96ecd53f817ddbdd/element - {"using":"xpath","value":"//span[contains(@id ,\"title\")][contains(text(), \"WebdriverPartnerziwx\")]"}
RESULT: {"script":"<script> [8489 bytes]","args":[{"element-6066-11e4-a52e-4f735466cecf":"f.28BC222DDC5CE12B0F2B355DA12E6296.d.B7E448B2CBE5AB089FB17782ECB01727.e.6282","ELEMENT":"f.28BC222DDC5CE12B0F2B355DA12E6296.d.B7E448B2CBE5AB089FB17782ECB01727.e.6282"}]}
COMMAND: POST /session/ca2abbe84309923e96ecd53f817ddbdd/execute/sync - {"script":"<script> [5351 bytes]","args":[{"element-6066-11e4-a52e-4f735466cecf":"f.28BC222DDC5CE12B0F2B355DA12E6296.d.B7E448B2CBE5AB089FB17782ECB01727.e.6282","ELEMENT":"f.28BC222DDC5CE12B0F2B355DA12E6296.d.B7E448B2CBE5AB089FB17782ECB01727.e.6282"}]}
RESULT: {"using":"xpath","value":"//span[contains(@id ,\"title\")][contains(text(), \"WebdriverPartnerziwx\")]"}
COMMAND: POST /session/ca2abbe84309923e96ecd53f817ddbdd/element - {"using":"xpath","value":"//span[contains(@id ,\"application-addressmanagement-display-component---detailAdm--addressDetailDetailsName1\")][contains(text(), \"WebdriverSitevxpbr\")]"}
COMMAND: GET /session/ca2abbe84309923e96ecd53f817ddbdd/screenshot - {}
RESULT: {"script":"<script> [5351 bytes]","args":[{"element-6066-11e4-a52e-4f735466cecf":"f.28BC222DDC5CE12B0F2B355DA12E6296.d.B7E448B2CBE5AB089FB17782ECB01727.e.6282","ELEMENT":"f.28BC222DDC5CE12B0F2B355DA12E6296.d.B7E448B2CBE5AB089FB17782ECB01727.e.6282"}]}
COMMAND: POST /session/ca2abbe84309923e96ecd53f817ddbdd/element - {"using":"xpath","value":"//*[contains(@data-kt ,\"webshopDetailCustomerLink\")]"}
COMMAND: GET /session/ca2abbe84309923e96ecd53f817ddbdd/screenshot - {}
RESULT: {"using":"xpath","value":"//span[contains(@id ,\"application-addressmanagement-display-component---detailAdm--addressDetailDetailsName1\")][contains(text(), \"WebdriverSitevxpbr\")]"}
COMMAND: POST /session/ca2abbe84309923e96ecd53f817ddbdd/element - {"using":"xpath","value":"//span[contains(@id ,\"title\")][contains(text(), \"WebdriverPartnerziwx\")]"}
RESULT: {}
RESULT: {"using":"xpath","value":"//*[contains(@data-kt ,\"webshopDetailCustomerLink\")]"}
COMMAND: POST /session/ca2abbe84309923e96ecd53f817ddbdd/element/f.28BC222DDC5CE12B0F2B355DA12E6296.d.B7E448B2CBE5AB089FB17782ECB01727.e.6282/click - {}
RESULT: {}
RESULT: {"using":"xpath","value":"//span[contains(@id ,\"title\")][contains(text(), \"WebdriverPartnerziwx\")]"}
RESULT: {}
COMMAND: POST /session/ca2abbe84309923e96ecd53f817ddbdd/element - {"using":"xpath","value":"//span[contains(@id ,\"application-addressmanagement-display-component---detailAdm--addressDetailDetailsName1\")][contains(text(), \"WebdriverSitevxpbr\")]"}
COMMAND: POST /session/ca2abbe84309923e96ecd53f817ddbdd/element - {"using":"xpath","value":"//span[contains(@id ,\"title\")][contains(text(), \"WebdriverPartnerziwx\")]"}
COMMAND: GET /session/ca2abbe84309923e96ecd53f817ddbdd/screenshot - {}
RESULT: {"using":"xpath","value":"//span[contains(@id ,\"application-addressmanagement-display-component---detailAdm--addressDetailDetailsName1\")][contains(text(), \"WebdriverSitevxpbr\")]"}
RESULT: {"using":"xpath","value":"//span[contains(@id ,\"title\")][contains(text(), \"WebdriverPartnerziwx\")]"}
COMMAND: POST /session/ca2abbe84309923e96ecd53f817ddbdd/execute/sync - {"script":"<script> [8489 bytes]","args":[{"element-6066-11e4-a52e-4f735466cecf":"f.28BC222DDC5CE12B0F2B355DA12E6296.d.B7E448B2CBE5AB089FB17782ECB01727.e.6286","ELEMENT":"f.28BC222DDC5CE12B0F2B355DA12E6296.d.B7E448B2CBE5AB089FB17782ECB01727.e.6286"}]}
RESULT: {"script":"<script> [8489 bytes]","args":[{"element-6066-11e4-a52e-4f735466cecf":"f.28BC222DDC5CE12B0F2B355DA12E6296.d.B7E448B2CBE5AB089FB17782ECB01727.e.6286","ELEMENT":"f.28BC222DDC5CE12B0F2B355DA12E6296.d.B7E448B2CBE5AB089FB17782ECB01727.e.6286"}]}
RESULT: {}
COMMAND: GET /session/ca2abbe84309923e96ecd53f817ddbdd/screenshot - {}
RESULT: {}
COMMAND: POST /session/ca2abbe84309923e96ecd53f817ddbdd/element - {"using":"xpath","value":"//span[contains(@id ,\"application-addressmanagement-display-component---detailAdm--addressDetailDetailsName1\")][contains(text(), \"WebdriverSitevxpbr\")]"}
RESULT: {"using":"xpath","value":"//span[contains(@id ,\"application-addressmanagement-display-component---detailAdm--addressDetailDetailsName1\")][contains(text(), \"WebdriverSitevxpbr\")]"}
COMMAND: POST /session/ca2abbe84309923e96ecd53f817ddbdd/element - {"using":"xpath","value":"//span[contains(@id ,\"application-addressmanagement-display-component---detailAdm--addressDetailDetailsName1\")][contains(text(), \"WebdriverSitevxpbr\")]"}
RESULT: {"using":"xpath","value":"//span[contains(@id ,\"application-addressmanagement-display-component---detailAdm--addressDetailDetailsName1\")][contains(text(), \"WebdriverSitevxpbr\")]"}
COMMAND: POST /session/ca2abbe84309923e96ecd53f817ddbdd/element - {"using":"xpath","value":"//span[contains(@id ,\"application-addressmanagement-display-component---detailAdm--addressDetailDetailsName1\")][contains(text(), \"WebdriverSitevxpbr\")]"}
RESULT: {"using":"xpath","value":"//span[contains(@id ,\"application-addressmanagement-display-component---detailAdm--addressDetailDetailsName1\")][contains(text(), \"WebdriverSitevxpbr\")]"}
COMMAND: POST /session/ca2abbe84309923e96ecd53f817ddbdd/element - {"using":"xpath","value":"//button[contains(@data-kt ,\"ContextMenuExternalId2Link\")]"}
RESULT: {"using":"xpath","value":"//button[contains(@data-kt ,\"ContextMenuExternalId2Link\")]"}
COMMAND: POST /session/ca2abbe84309923e96ecd53f817ddbdd/element/f.28BC222DDC5CE12B0F2B355DA12E6296.d.B7E448B2CBE5AB089FB17782ECB01727.e.6285/click - {}
RESULT: {}
COMMAND: GET /session/ca2abbe84309923e96ecd53f817ddbdd/screenshot - {}
COMMAND: POST /session/ca2abbe84309923e96ecd53f817ddbdd/element - {"using":"xpath","value":"//span[contains(@id ,\"application-addressmanagement-display-component---detailAdm--addressDetailDetailsName1\")][contains(text(), \"WebdriverSitevxpbr\")]"}
RESULT: {}
RESULT: {"using":"xpath","value":"//span[contains(@id ,\"application-addressmanagement-display-component---detailAdm--addressDetailDetailsName1\")][contains(text(), \"WebdriverSitevxpbr\")]"}
COMMAND: POST /session/ca2abbe84309923e96ecd53f817ddbdd/element - {"using":"xpath","value":"//span[contains(@id ,\"application-addressmanagement-display-component---detailAdm--addressDetailDetailsName1\")][contains(text(), \"WebdriverSitevxpbr\")]"}
RESULT: {"using":"xpath","value":"//span[contains(@id ,\"application-addressmanagement-display-component---detailAdm--addressDetailDetailsName1\")][contains(text(), \"WebdriverSitevxpbr\")]"}
COMMAND: POST /session/ca2abbe84309923e96ecd53f817ddbdd/element - {"using":"xpath","value":"//span[contains(@id ,\"application-addressmanagement-display-component---detailAdm--addressDetailDetailsName1\")][contains(text(), \"WebdriverSitevxpbr\")]"}
RESULT: {"using":"xpath","value":"//span[contains(@id ,\"application-addressmanagement-display-component---detailAdm--addressDetailDetailsName1\")][contains(text(), \"WebdriverSitevxpbr\")]"}
COMMAND: POST /session/ca2abbe84309923e96ecd53f817ddbdd/element - {"using":"xpath","value":"//span[contains(@id ,\"application-addressmanagement-display-component---detailAdm--addressDetailDetailsName1\")][contains(text(), \"WebdriverSitevxpbr\")]"}
RESULT: {"using":"xpath","value":"//span[contains(@id ,\"application-addressmanagement-display-component---detailAdm--addressDetailDetailsName1\")][contains(text(), \"WebdriverSitevxpbr\")]"}
COMMAND: POST /session/ca2abbe84309923e96ecd53f817ddbdd/element - {"using":"xpath","value":"//span[contains(@id ,\"application-addressmanagement-display-component---detailAdm--addressDetailDetailsName1\")][contains(text(), \"WebdriverSitevxpbr\")]"}
RESULT: {"using":"xpath","value":"//span[contains(@id ,\"application-addressmanagement-display-component---detailAdm--addressDetailDetailsName1\")][contains(text(), \"WebdriverSitevxpbr\")]"}
COMMAND: POST /session/ca2abbe84309923e96ecd53f817ddbdd/element - {"using":"xpath","value":"//span[contains(@id ,\"application-addressmanagement-display-component---detailAdm--addressDetailDetailsName1\")][contains(text(), \"WebdriverSitevxpbr\")]"}
RESULT: {"using":"xpath","value":"//span[contains(@id ,\"application-addressmanagement-display-component---detailAdm--addressDetailDetailsName1\")][contains(text(), \"WebdriverSitevxpbr\")]"}
COMMAND: POST /session/ca2abbe84309923e96ecd53f817ddbdd/element - {"using":"xpath","value":"//span[contains(@id ,\"application-addressmanagement-display-component---detailAdm--addressDetailDetailsName1\")][contains(text(), \"WebdriverSitevxpbr\")]"}
RESULT: {"using":"xpath","value":"//span[contains(@id ,\"application-addressmanagement-display-component---detailAdm--addressDetailDetailsName1\")][contains(text(), \"WebdriverSitevxpbr\")]"}
COMMAND: POST /session/ca2abbe84309923e96ecd53f817ddbdd/element - {"using":"xpath","value":"//span[contains(@id ,\"application-addressmanagement-display-component---detailAdm--addressDetailDetailsName1\")][contains(text(), \"WebdriverSitevxpbr\")]"}
RESULT: {"using":"xpath","value":"//span[contains(@id ,\"application-addressmanagement-display-component---detailAdm--addressDetailDetailsName1\")][contains(text(), \"WebdriverSitevxpbr\")]"}
COMMAND: POST /session/ca2abbe84309923e96ecd53f817ddbdd/element - {"using":"xpath","value":"//span[contains(@id ,\"application-addressmanagement-display-component---detailAdm--addressDetailDetailsName1\")][contains(text(), \"WebdriverSitevxpbr\")]"}
RESULT: {"using":"xpath","value":"//span[contains(@id ,\"application-addressmanagement-display-component---detailAdm--addressDetailDetailsName1\")][contains(text(), \"WebdriverSitevxpbr\")]"}
COMMAND: GET /session/ca2abbe84309923e96ecd53f817ddbdd/window/handles - {}
RESULT: {}
COMMAND: POST /session/ca2abbe84309923e96ecd53f817ddbdd/window - {"handle":"B99DDDDC1E5626C4078C8A43BCAB7710"}
RESULT: {"handle":"B99DDDDC1E5626C4078C8A43BCAB7710"}
COMMAND: GET /session/ca2abbe84309923e96ecd53f817ddbdd/url - {}
RESULT: {}
COMMAND: GET /session/ca2abbe84309923e96ecd53f817ddbdd/screenshot - {}
RESULT: {}
COMMAND: POST /session/ca2abbe84309923e96ecd53f817ddbdd/execute/sync - {"script":"<script> [8489 bytes]","args":[{"element-6066-11e4-a52e-4f735466cecf":"f.28BC222DDC5CE12B0F2B355DA12E6296.d.B7E448B2CBE5AB089FB17782ECB01727.e.6286","ELEMENT":"f.28BC222DDC5CE12B0F2B355DA12E6296.d.B7E448B2CBE5AB089FB17782ECB01727.e.6286"}]}
COMMAND: DELETE /session/ca2abbe84309923e96ecd53f817ddbdd/window - {}
RESULT: {"script":"<script> [8489 bytes]","args":[{"element-6066-11e4-a52e-4f735466cecf":"f.28BC222DDC5CE12B0F2B355DA12E6296.d.B7E448B2CBE5AB089FB17782ECB01727.e.6286","ELEMENT":"f.28BC222DDC5CE12B0F2B355DA12E6296.d.B7E448B2CBE5AB089FB17782ECB01727.e.6286"}]}
COMMAND: GET /session/ca2abbe84309923e96ecd53f817ddbdd/screenshot - {}
RESULT: {}
COMMAND: POST /session/ca2abbe84309923e96ecd53f817ddbdd/window - {"handle":"28BC222DDC5CE12B0F2B355DA12E6296"}
COMMAND: POST /session/ca2abbe84309923e96ecd53f817ddbdd/execute/sync - {"script":"<script> [8489 bytes]","args":[{"element-6066-11e4-a52e-4f735466cecf":"f.28BC222DDC5CE12B0F2B355DA12E6296.d.B7E448B2CBE5AB089FB17782ECB01727.e.6286","ELEMENT":"f.28BC222DDC5CE12B0F2B355DA12E6296.d.B7E448B2CBE5AB089FB17782ECB01727.e.6286"}]}
RESULT: {"handle":"28BC222DDC5CE12B0F2B355DA12E6296"}
COMMAND: GET /session/ca2abbe84309923e96ecd53f817ddbdd/url - {}
RESULT: {}
RESULT: {"script":"<script> [8489 bytes]","args":[{"element-6066-11e4-a52e-4f735466cecf":"f.28BC222DDC5CE12B0F2B355DA12E6296.d.B7E448B2CBE5AB089FB17782ECB01727.e.6286","ELEMENT":"f.28BC222DDC5CE12B0F2B355DA12E6296.d.B7E448B2CBE5AB089FB17782ECB01727.e.6286"}]}
RESULT: {}
COMMAND: GET /session/ca2abbe84309923e96ecd53f817ddbdd/screenshot - {}
COMMAND: GET /session/ca2abbe84309923e96ecd53f817ddbdd/screenshot - {}
RESULT: {}
RESULT: {}
]]></system-out>
    </testcase>
    <testcase classname="chrome.136_0_7103_93.windows.Webshop_-_Hyperlinks_visible_and_working_properly__US139085" name="Should verify the contract and catalog item hyperlinks" time="109.685">
      <system-out><![CDATA[
COMMAND: POST /session/ca2abbe84309923e96ecd53f817ddbdd/element - {"using":"xpath","value":"//*[contains(@data-kt ,\"webshopDetailContractLink\")]"}
RESULT: {"using":"xpath","value":"//*[contains(@data-kt ,\"webshopDetailContractLink\")]"}
COMMAND: POST /session/ca2abbe84309923e96ecd53f817ddbdd/execute/sync - {"script":"<script> [8489 bytes]","args":[{"element-6066-11e4-a52e-4f735466cecf":"f.28BC222DDC5CE12B0F2B355DA12E6296.d.B7E448B2CBE5AB089FB17782ECB01727.e.6524","ELEMENT":"f.28BC222DDC5CE12B0F2B355DA12E6296.d.B7E448B2CBE5AB089FB17782ECB01727.e.6524"}]}
RESULT: {"script":"<script> [8489 bytes]","args":[{"element-6066-11e4-a52e-4f735466cecf":"f.28BC222DDC5CE12B0F2B355DA12E6296.d.B7E448B2CBE5AB089FB17782ECB01727.e.6524","ELEMENT":"f.28BC222DDC5CE12B0F2B355DA12E6296.d.B7E448B2CBE5AB089FB17782ECB01727.e.6524"}]}
COMMAND: POST /session/ca2abbe84309923e96ecd53f817ddbdd/execute/sync - {"script":"<script> [5351 bytes]","args":[{"element-6066-11e4-a52e-4f735466cecf":"f.28BC222DDC5CE12B0F2B355DA12E6296.d.B7E448B2CBE5AB089FB17782ECB01727.e.6524","ELEMENT":"f.28BC222DDC5CE12B0F2B355DA12E6296.d.B7E448B2CBE5AB089FB17782ECB01727.e.6524"}]}
COMMAND: GET /session/ca2abbe84309923e96ecd53f817ddbdd/screenshot - {}
RESULT: {"script":"<script> [5351 bytes]","args":[{"element-6066-11e4-a52e-4f735466cecf":"f.28BC222DDC5CE12B0F2B355DA12E6296.d.B7E448B2CBE5AB089FB17782ECB01727.e.6524","ELEMENT":"f.28BC222DDC5CE12B0F2B355DA12E6296.d.B7E448B2CBE5AB089FB17782ECB01727.e.6524"}]}
COMMAND: POST /session/ca2abbe84309923e96ecd53f817ddbdd/element - {"using":"xpath","value":"//*[contains(@data-kt ,\"webshopDetailContractLink\")]"}
COMMAND: GET /session/ca2abbe84309923e96ecd53f817ddbdd/screenshot - {}
RESULT: {}
RESULT: {"using":"xpath","value":"//*[contains(@data-kt ,\"webshopDetailContractLink\")]"}
COMMAND: POST /session/ca2abbe84309923e96ecd53f817ddbdd/element/f.28BC222DDC5CE12B0F2B355DA12E6296.d.B7E448B2CBE5AB089FB17782ECB01727.e.6524/click - {}
RESULT: {}
RESULT: {}
COMMAND: GET /session/ca2abbe84309923e96ecd53f817ddbdd/screenshot - {}
RESULT: {}
COMMAND: POST /session/ca2abbe84309923e96ecd53f817ddbdd/element - {"using":"xpath","value":"//*[contains(@data-kt ,\"ContextMenuId2Link\")][contains(text(), \"Contract Overview\")]"}
RESULT: {"using":"xpath","value":"//*[contains(@data-kt ,\"ContextMenuId2Link\")][contains(text(), \"Contract Overview\")]"}
COMMAND: POST /session/ca2abbe84309923e96ecd53f817ddbdd/execute/sync - {"script":"<script> [8489 bytes]","args":[{"element-6066-11e4-a52e-4f735466cecf":"f.28BC222DDC5CE12B0F2B355DA12E6296.d.B7E448B2CBE5AB089FB17782ECB01727.e.6526","ELEMENT":"f.28BC222DDC5CE12B0F2B355DA12E6296.d.B7E448B2CBE5AB089FB17782ECB01727.e.6526"}]}
COMMAND: POST /session/ca2abbe84309923e96ecd53f817ddbdd/element - {"using":"xpath","value":"//*[contains(@data-kt ,\"ContextMenuId2Link\")][contains(text(), \"Contract Overview\")]"}
RESULT: {"script":"<script> [8489 bytes]","args":[{"element-6066-11e4-a52e-4f735466cecf":"f.28BC222DDC5CE12B0F2B355DA12E6296.d.B7E448B2CBE5AB089FB17782ECB01727.e.6526","ELEMENT":"f.28BC222DDC5CE12B0F2B355DA12E6296.d.B7E448B2CBE5AB089FB17782ECB01727.e.6526"}]}
COMMAND: GET /session/ca2abbe84309923e96ecd53f817ddbdd/screenshot - {}
RESULT: {"using":"xpath","value":"//*[contains(@data-kt ,\"ContextMenuId2Link\")][contains(text(), \"Contract Overview\")]"}
COMMAND: POST /session/ca2abbe84309923e96ecd53f817ddbdd/element/f.28BC222DDC5CE12B0F2B355DA12E6296.d.B7E448B2CBE5AB089FB17782ECB01727.e.6526/click - {}
RESULT: {}
RESULT: {}
COMMAND: GET /session/ca2abbe84309923e96ecd53f817ddbdd/screenshot - {}
RESULT: {}
RESULT: undefined
COMMAND: POST /session/ca2abbe84309923e96ecd53f817ddbdd/execute/async - {"script":"<script> [6424 bytes]","args":[{"element-6066-11e4-a52e-4f735466cecf":"f.28BC222DDC5CE12B0F2B355DA12E6296.d.B7E448B2CBE5AB089FB17782ECB01727.e.3047"},"getTitle",[]]}
COMMAND: POST /session/ca2abbe84309923e96ecd53f817ddbdd/execute/async - {"script":"<script> [1562 bytes]","args":[{"selector":{"id":"shellAppTitle"},"wdio_ui5_key":"shellAppTitle"}]}
RESULT: {"script":"<script> [1562 bytes]","args":[{"selector":{"id":"shellAppTitle"},"wdio_ui5_key":"shellAppTitle"}]}
COMMAND: POST /session/ca2abbe84309923e96ecd53f817ddbdd/execute/async - {"script":"<script> [6424 bytes]","args":[{"element-6066-11e4-a52e-4f735466cecf":"f.28BC222DDC5CE12B0F2B355DA12E6296.d.B7E448B2CBE5AB089FB17782ECB01727.e.6739"},"getTitle",[]]}
RESULT: {"script":"<script> [6424 bytes]","args":[{"element-6066-11e4-a52e-4f735466cecf":"f.28BC222DDC5CE12B0F2B355DA12E6296.d.B7E448B2CBE5AB089FB17782ECB01727.e.6739"},"getTitle",[]]}
COMMAND: POST /session/ca2abbe84309923e96ecd53f817ddbdd/element - {"using":"xpath","value":"//span[contains(@id ,\"contractDetailTitleNoExpanded\")][contains(text(), \"10159\")]"}
RESULT: {"using":"xpath","value":"//span[contains(@id ,\"contractDetailTitleNoExpanded\")][contains(text(), \"10159\")]"}
COMMAND: POST /session/ca2abbe84309923e96ecd53f817ddbdd/execute/sync - {"script":"<script> [8489 bytes]","args":[{"element-6066-11e4-a52e-4f735466cecf":"f.28BC222DDC5CE12B0F2B355DA12E6296.d.B7E448B2CBE5AB089FB17782ECB01727.e.6740","ELEMENT":"f.28BC222DDC5CE12B0F2B355DA12E6296.d.B7E448B2CBE5AB089FB17782ECB01727.e.6740"}]}
RESULT: undefined
COMMAND: POST /session/ca2abbe84309923e96ecd53f817ddbdd/element - {"using":"xpath","value":"//*[@id=\"backBtn\"]"}
RESULT: {"script":"<script> [8489 bytes]","args":[{"element-6066-11e4-a52e-4f735466cecf":"f.28BC222DDC5CE12B0F2B355DA12E6296.d.B7E448B2CBE5AB089FB17782ECB01727.e.6740","ELEMENT":"f.28BC222DDC5CE12B0F2B355DA12E6296.d.B7E448B2CBE5AB089FB17782ECB01727.e.6740"}]}
COMMAND: GET /session/ca2abbe84309923e96ecd53f817ddbdd/screenshot - {}
RESULT: {"using":"xpath","value":"//*[@id=\"backBtn\"]"}
COMMAND: POST /session/ca2abbe84309923e96ecd53f817ddbdd/element/f.28BC222DDC5CE12B0F2B355DA12E6296.d.B7E448B2CBE5AB089FB17782ECB01727.e.3049/click - {}
RESULT: {}
RESULT: {}
COMMAND: GET /session/ca2abbe84309923e96ecd53f817ddbdd/screenshot - {}
RESULT: {}
COMMAND: POST /session/ca2abbe84309923e96ecd53f817ddbdd/execute/sync - {"script":"<script> [8489 bytes]","args":[{"element-6066-11e4-a52e-4f735466cecf":"f.28BC222DDC5CE12B0F2B355DA12E6296.d.B7E448B2CBE5AB089FB17782ECB01727.e.6524","ELEMENT":"f.28BC222DDC5CE12B0F2B355DA12E6296.d.B7E448B2CBE5AB089FB17782ECB01727.e.6524"}]}
COMMAND: POST /session/ca2abbe84309923e96ecd53f817ddbdd/element - {"using":"xpath","value":"//*[contains(@data-kt ,\"webshopDetailContractLink\")]"}
RESULT: {"using":"xpath","value":"//*[contains(@data-kt ,\"webshopDetailContractLink\")]"}
COMMAND: POST /session/ca2abbe84309923e96ecd53f817ddbdd/execute/sync - {"script":"<script> [8489 bytes]","args":[{"element-6066-11e4-a52e-4f735466cecf":"f.28BC222DDC5CE12B0F2B355DA12E6296.d.B7E448B2CBE5AB089FB17782ECB01727.e.6872","ELEMENT":"f.28BC222DDC5CE12B0F2B355DA12E6296.d.B7E448B2CBE5AB089FB17782ECB01727.e.6872"}]}
RESULT: {"script":"<script> [8489 bytes]","args":[{"element-6066-11e4-a52e-4f735466cecf":"f.28BC222DDC5CE12B0F2B355DA12E6296.d.B7E448B2CBE5AB089FB17782ECB01727.e.6872","ELEMENT":"f.28BC222DDC5CE12B0F2B355DA12E6296.d.B7E448B2CBE5AB089FB17782ECB01727.e.6872"}]}
COMMAND: POST /session/ca2abbe84309923e96ecd53f817ddbdd/execute/sync - {"script":"<script> [5351 bytes]","args":[{"element-6066-11e4-a52e-4f735466cecf":"f.28BC222DDC5CE12B0F2B355DA12E6296.d.B7E448B2CBE5AB089FB17782ECB01727.e.6872","ELEMENT":"f.28BC222DDC5CE12B0F2B355DA12E6296.d.B7E448B2CBE5AB089FB17782ECB01727.e.6872"}]}
COMMAND: GET /session/ca2abbe84309923e96ecd53f817ddbdd/screenshot - {}
RESULT: {"script":"<script> [5351 bytes]","args":[{"element-6066-11e4-a52e-4f735466cecf":"f.28BC222DDC5CE12B0F2B355DA12E6296.d.B7E448B2CBE5AB089FB17782ECB01727.e.6872","ELEMENT":"f.28BC222DDC5CE12B0F2B355DA12E6296.d.B7E448B2CBE5AB089FB17782ECB01727.e.6872"}]}
COMMAND: POST /session/ca2abbe84309923e96ecd53f817ddbdd/element - {"using":"xpath","value":"//*[contains(@data-kt ,\"webshopDetailContractLink\")]"}
COMMAND: GET /session/ca2abbe84309923e96ecd53f817ddbdd/screenshot - {}
RESULT: {}
RESULT: {"using":"xpath","value":"//*[contains(@data-kt ,\"webshopDetailContractLink\")]"}
COMMAND: POST /session/ca2abbe84309923e96ecd53f817ddbdd/element/f.28BC222DDC5CE12B0F2B355DA12E6296.d.B7E448B2CBE5AB089FB17782ECB01727.e.6872/click - {}
RESULT: {}
RESULT: {}
COMMAND: GET /session/ca2abbe84309923e96ecd53f817ddbdd/screenshot - {}
RESULT: {}
COMMAND: POST /session/ca2abbe84309923e96ecd53f817ddbdd/element - {"using":"xpath","value":"//button[contains(@data-kt ,\"ContextMenuExternalId2Link\")]"}
RESULT: {"using":"xpath","value":"//button[contains(@data-kt ,\"ContextMenuExternalId2Link\")]"}
COMMAND: POST /session/ca2abbe84309923e96ecd53f817ddbdd/element/f.28BC222DDC5CE12B0F2B355DA12E6296.d.B7E448B2CBE5AB089FB17782ECB01727.e.6874/click - {}
RESULT: {}
COMMAND: GET /session/ca2abbe84309923e96ecd53f817ddbdd/screenshot - {}
RESULT: {}
COMMAND: GET /session/ca2abbe84309923e96ecd53f817ddbdd/window/handles - {}
RESULT: {}
COMMAND: POST /session/ca2abbe84309923e96ecd53f817ddbdd/window - {"handle":"4871768468F0BC1A0FC2336B8183B644"}
RESULT: {"handle":"4871768468F0BC1A0FC2336B8183B644"}
COMMAND: GET /session/ca2abbe84309923e96ecd53f817ddbdd/url - {}
RESULT: {}
COMMAND: GET /session/ca2abbe84309923e96ecd53f817ddbdd/screenshot - {}
RESULT: {}
COMMAND: POST /session/ca2abbe84309923e96ecd53f817ddbdd/execute/sync - {"script":"<script> [8489 bytes]","args":[{"element-6066-11e4-a52e-4f735466cecf":"f.28BC222DDC5CE12B0F2B355DA12E6296.d.B7E448B2CBE5AB089FB17782ECB01727.e.6740","ELEMENT":"f.28BC222DDC5CE12B0F2B355DA12E6296.d.B7E448B2CBE5AB089FB17782ECB01727.e.6740"}]}
COMMAND: DELETE /session/ca2abbe84309923e96ecd53f817ddbdd/window - {}
RESULT: {}
COMMAND: POST /session/ca2abbe84309923e96ecd53f817ddbdd/window - {"handle":"28BC222DDC5CE12B0F2B355DA12E6296"}
RESULT: {"handle":"28BC222DDC5CE12B0F2B355DA12E6296"}
COMMAND: GET /session/ca2abbe84309923e96ecd53f817ddbdd/url - {}
COMMAND: POST /session/ca2abbe84309923e96ecd53f817ddbdd/element - {"using":"xpath","value":"//span[contains(@id ,\"contractDetailTitleNoExpanded\")][contains(text(), \"10159\")]"}
RESULT: {}
COMMAND: GET /session/ca2abbe84309923e96ecd53f817ddbdd/screenshot - {}
RESULT: {"using":"xpath","value":"//span[contains(@id ,\"contractDetailTitleNoExpanded\")][contains(text(), \"10159\")]"}
COMMAND: POST /session/ca2abbe84309923e96ecd53f817ddbdd/element - {"using":"xpath","value":"//span[contains(@id ,\"contractDetailTitleNoExpanded\")][contains(text(), \"10159\")]"}
RESULT: {}
RESULT: {"using":"xpath","value":"//span[contains(@id ,\"contractDetailTitleNoExpanded\")][contains(text(), \"10159\")]"}
COMMAND: POST /session/ca2abbe84309923e96ecd53f817ddbdd/element - {"using":"xpath","value":"//span[contains(@id ,\"contractDetailTitleNoExpanded\")][contains(text(), \"10159\")]"}
RESULT: {"using":"xpath","value":"//span[contains(@id ,\"contractDetailTitleNoExpanded\")][contains(text(), \"10159\")]"}
COMMAND: POST /session/ca2abbe84309923e96ecd53f817ddbdd/element - {"using":"xpath","value":"//span[contains(@id ,\"contractDetailTitleNoExpanded\")][contains(text(), \"10159\")]"}
RESULT: {"using":"xpath","value":"//span[contains(@id ,\"contractDetailTitleNoExpanded\")][contains(text(), \"10159\")]"}
COMMAND: POST /session/ca2abbe84309923e96ecd53f817ddbdd/element - {"using":"xpath","value":"//span[contains(@id ,\"contractDetailTitleNoExpanded\")][contains(text(), \"10159\")]"}
RESULT: {"using":"xpath","value":"//span[contains(@id ,\"contractDetailTitleNoExpanded\")][contains(text(), \"10159\")]"}
COMMAND: POST /session/ca2abbe84309923e96ecd53f817ddbdd/element - {"using":"xpath","value":"//span[contains(@id ,\"contractDetailTitleNoExpanded\")][contains(text(), \"10159\")]"}
RESULT: {"using":"xpath","value":"//span[contains(@id ,\"contractDetailTitleNoExpanded\")][contains(text(), \"10159\")]"}
COMMAND: POST /session/ca2abbe84309923e96ecd53f817ddbdd/element - {"using":"xpath","value":"//span[contains(@id ,\"contractDetailTitleNoExpanded\")][contains(text(), \"10159\")]"}
RESULT: {"using":"xpath","value":"//span[contains(@id ,\"contractDetailTitleNoExpanded\")][contains(text(), \"10159\")]"}
COMMAND: POST /session/ca2abbe84309923e96ecd53f817ddbdd/element - {"using":"xpath","value":"//span[contains(@id ,\"contractDetailTitleNoExpanded\")][contains(text(), \"10159\")]"}
RESULT: {"using":"xpath","value":"//span[contains(@id ,\"contractDetailTitleNoExpanded\")][contains(text(), \"10159\")]"}
COMMAND: POST /session/ca2abbe84309923e96ecd53f817ddbdd/element - {"using":"xpath","value":"//span[contains(@id ,\"contractDetailTitleNoExpanded\")][contains(text(), \"10159\")]"}
RESULT: {"using":"xpath","value":"//span[contains(@id ,\"contractDetailTitleNoExpanded\")][contains(text(), \"10159\")]"}
COMMAND: POST /session/ca2abbe84309923e96ecd53f817ddbdd/element - {"using":"xpath","value":"//span[contains(@id ,\"contractDetailTitleNoExpanded\")][contains(text(), \"10159\")]"}
RESULT: {"using":"xpath","value":"//span[contains(@id ,\"contractDetailTitleNoExpanded\")][contains(text(), \"10159\")]"}
COMMAND: POST /session/ca2abbe84309923e96ecd53f817ddbdd/element - {"using":"xpath","value":"//*[contains(@data-kt ,\"webshopDetailCatalogItemLink\")]"}
RESULT: {"using":"xpath","value":"//*[contains(@data-kt ,\"webshopDetailCatalogItemLink\")]"}
COMMAND: POST /session/ca2abbe84309923e96ecd53f817ddbdd/execute/sync - {"script":"<script> [8489 bytes]","args":[{"element-6066-11e4-a52e-4f735466cecf":"f.28BC222DDC5CE12B0F2B355DA12E6296.d.B7E448B2CBE5AB089FB17782ECB01727.e.7013","ELEMENT":"f.28BC222DDC5CE12B0F2B355DA12E6296.d.B7E448B2CBE5AB089FB17782ECB01727.e.7013"}]}
RESULT: {"script":"<script> [8489 bytes]","args":[{"element-6066-11e4-a52e-4f735466cecf":"f.28BC222DDC5CE12B0F2B355DA12E6296.d.B7E448B2CBE5AB089FB17782ECB01727.e.7013","ELEMENT":"f.28BC222DDC5CE12B0F2B355DA12E6296.d.B7E448B2CBE5AB089FB17782ECB01727.e.7013"}]}
COMMAND: POST /session/ca2abbe84309923e96ecd53f817ddbdd/execute/sync - {"script":"<script> [5351 bytes]","args":[{"element-6066-11e4-a52e-4f735466cecf":"f.28BC222DDC5CE12B0F2B355DA12E6296.d.B7E448B2CBE5AB089FB17782ECB01727.e.7013","ELEMENT":"f.28BC222DDC5CE12B0F2B355DA12E6296.d.B7E448B2CBE5AB089FB17782ECB01727.e.7013"}]}
COMMAND: GET /session/ca2abbe84309923e96ecd53f817ddbdd/screenshot - {}
RESULT: {"script":"<script> [5351 bytes]","args":[{"element-6066-11e4-a52e-4f735466cecf":"f.28BC222DDC5CE12B0F2B355DA12E6296.d.B7E448B2CBE5AB089FB17782ECB01727.e.7013","ELEMENT":"f.28BC222DDC5CE12B0F2B355DA12E6296.d.B7E448B2CBE5AB089FB17782ECB01727.e.7013"}]}
COMMAND: POST /session/ca2abbe84309923e96ecd53f817ddbdd/element - {"using":"xpath","value":"//*[contains(@data-kt ,\"webshopDetailCatalogItemLink\")]"}
COMMAND: GET /session/ca2abbe84309923e96ecd53f817ddbdd/screenshot - {}
RESULT: {}
RESULT: {"using":"xpath","value":"//*[contains(@data-kt ,\"webshopDetailCatalogItemLink\")]"}
COMMAND: POST /session/ca2abbe84309923e96ecd53f817ddbdd/element/f.28BC222DDC5CE12B0F2B355DA12E6296.d.B7E448B2CBE5AB089FB17782ECB01727.e.7013/click - {}
COMMAND: POST /session/ca2abbe84309923e96ecd53f817ddbdd/element - {"using":"xpath","value":"//span[contains(@id ,\"contractDetailTitleNoExpanded\")][contains(text(), \"10159\")]"}
RESULT: {}
RESULT: {}
COMMAND: GET /session/ca2abbe84309923e96ecd53f817ddbdd/screenshot - {}
RESULT: {"using":"xpath","value":"//span[contains(@id ,\"contractDetailTitleNoExpanded\")][contains(text(), \"10159\")]"}
RESULT: {}
COMMAND: POST /session/ca2abbe84309923e96ecd53f817ddbdd/element - {"using":"xpath","value":"//span[contains(@id ,\"contractDetailTitleNoExpanded\")][contains(text(), \"10159\")]"}
RESULT: {"using":"xpath","value":"//span[contains(@id ,\"contractDetailTitleNoExpanded\")][contains(text(), \"10159\")]"}
COMMAND: POST /session/ca2abbe84309923e96ecd53f817ddbdd/element - {"using":"xpath","value":"//span[contains(@id ,\"contractDetailTitleNoExpanded\")][contains(text(), \"10159\")]"}
RESULT: {"using":"xpath","value":"//span[contains(@id ,\"contractDetailTitleNoExpanded\")][contains(text(), \"10159\")]"}
COMMAND: POST /session/ca2abbe84309923e96ecd53f817ddbdd/element - {"using":"xpath","value":"//span[contains(@id ,\"contractDetailTitleNoExpanded\")][contains(text(), \"10159\")]"}
RESULT: {"using":"xpath","value":"//span[contains(@id ,\"contractDetailTitleNoExpanded\")][contains(text(), \"10159\")]"}
COMMAND: POST /session/ca2abbe84309923e96ecd53f817ddbdd/element - {"using":"xpath","value":"//span[contains(@id ,\"contractDetailTitleNoExpanded\")][contains(text(), \"10159\")]"}
RESULT: {"using":"xpath","value":"//span[contains(@id ,\"contractDetailTitleNoExpanded\")][contains(text(), \"10159\")]"}
COMMAND: POST /session/ca2abbe84309923e96ecd53f817ddbdd/element - {"using":"xpath","value":"//span[contains(@id ,\"contractDetailTitleNoExpanded\")][contains(text(), \"10159\")]"}
RESULT: {"using":"xpath","value":"//span[contains(@id ,\"contractDetailTitleNoExpanded\")][contains(text(), \"10159\")]"}
COMMAND: POST /session/ca2abbe84309923e96ecd53f817ddbdd/element - {"using":"xpath","value":"//span[contains(@id ,\"contractDetailTitleNoExpanded\")][contains(text(), \"10159\")]"}
RESULT: {"using":"xpath","value":"//span[contains(@id ,\"contractDetailTitleNoExpanded\")][contains(text(), \"10159\")]"}
COMMAND: POST /session/ca2abbe84309923e96ecd53f817ddbdd/element - {"using":"xpath","value":"//span[contains(@id ,\"contractDetailTitleNoExpanded\")][contains(text(), \"10159\")]"}
RESULT: {"using":"xpath","value":"//span[contains(@id ,\"contractDetailTitleNoExpanded\")][contains(text(), \"10159\")]"}
COMMAND: POST /session/ca2abbe84309923e96ecd53f817ddbdd/element - {"using":"xpath","value":"//span[contains(@id ,\"contractDetailTitleNoExpanded\")][contains(text(), \"10159\")]"}
RESULT: {"using":"xpath","value":"//span[contains(@id ,\"contractDetailTitleNoExpanded\")][contains(text(), \"10159\")]"}
COMMAND: POST /session/ca2abbe84309923e96ecd53f817ddbdd/element - {"using":"xpath","value":"(//span[contains(text(), \"Dri-Prime CD150M Diesel Pump\")])[2]"}
RESULT: {"using":"xpath","value":"(//span[contains(text(), \"Dri-Prime CD150M Diesel Pump\")])[2]"}
COMMAND: POST /session/ca2abbe84309923e96ecd53f817ddbdd/execute/sync - {"script":"<script> [8489 bytes]","args":[{"element-6066-11e4-a52e-4f735466cecf":"f.28BC222DDC5CE12B0F2B355DA12E6296.d.B7E448B2CBE5AB089FB17782ECB01727.e.7020","ELEMENT":"f.28BC222DDC5CE12B0F2B355DA12E6296.d.B7E448B2CBE5AB089FB17782ECB01727.e.7020"}]}
COMMAND: POST /session/ca2abbe84309923e96ecd53f817ddbdd/element - {"using":"xpath","value":"(//span[contains(text(), \"Description\")])[1]"}
RESULT: {"using":"xpath","value":"(//span[contains(text(), \"Description\")])[1]"}
COMMAND: GET /session/ca2abbe84309923e96ecd53f817ddbdd/element/f.28BC222DDC5CE12B0F2B355DA12E6296.d.B7E448B2CBE5AB089FB17782ECB01727.e.7021/rect - {}
RESULT: {"script":"<script> [8489 bytes]","args":[{"element-6066-11e4-a52e-4f735466cecf":"f.28BC222DDC5CE12B0F2B355DA12E6296.d.B7E448B2CBE5AB089FB17782ECB01727.e.7020","ELEMENT":"f.28BC222DDC5CE12B0F2B355DA12E6296.d.B7E448B2CBE5AB089FB17782ECB01727.e.7020"}]}
COMMAND: GET /session/ca2abbe84309923e96ecd53f817ddbdd/screenshot - {}
RESULT: {}
COMMAND: GET /session/ca2abbe84309923e96ecd53f817ddbdd/window/rect - {}
COMMAND: POST /session/ca2abbe84309923e96ecd53f817ddbdd/element - {"using":"xpath","value":"//span[contains(@id ,\"contractDetailTitleNoExpanded\")][contains(text(), \"10159\")]"}
RESULT: {}
RESULT: {}
COMMAND: POST /session/ca2abbe84309923e96ecd53f817ddbdd/execute/sync - {"script":"<script> [92 bytes]","args":[]}
RESULT: {"using":"xpath","value":"//span[contains(@id ,\"contractDetailTitleNoExpanded\")][contains(text(), \"10159\")]"}
RESULT: {"script":"<script> [92 bytes]","args":[]}
COMMAND: POST /session/ca2abbe84309923e96ecd53f817ddbdd/actions - {"actions":[{"id":"action10","type":"wheel","parameters":{},"actions":[{"type":"scroll","x":-1833,"y":-23,"deltaX":0,"deltaY":0,"duration":0,"origin":{"element-6066-11e4-a52e-4f735466cecf":"f.28BC222DDC5CE12B0F2B355DA12E6296.d.B7E448B2CBE5AB089FB17782ECB01727.e.7021"}}]}]}
COMMAND: GET /session/ca2abbe84309923e96ecd53f817ddbdd/screenshot - {}
RESULT: {}
COMMAND: POST /session/ca2abbe84309923e96ecd53f817ddbdd/execute/sync - {"script":"<script> [79 bytes]","args":[{"element-6066-11e4-a52e-4f735466cecf":"f.28BC222DDC5CE12B0F2B355DA12E6296.d.B7E448B2CBE5AB089FB17782ECB01727.e.7021","ELEMENT":"f.28BC222DDC5CE12B0F2B355DA12E6296.d.B7E448B2CBE5AB089FB17782ECB01727.e.7021"},{"block":"start","inline":"nearest"}]}
RESULT: {"script":"<script> [79 bytes]","args":[{"element-6066-11e4-a52e-4f735466cecf":"f.28BC222DDC5CE12B0F2B355DA12E6296.d.B7E448B2CBE5AB089FB17782ECB01727.e.7021","ELEMENT":"f.28BC222DDC5CE12B0F2B355DA12E6296.d.B7E448B2CBE5AB089FB17782ECB01727.e.7021"},{"block":"start","inline":"nearest"}]}
COMMAND: GET /session/ca2abbe84309923e96ecd53f817ddbdd/screenshot - {}
COMMAND: POST /session/ca2abbe84309923e96ecd53f817ddbdd/element - {"using":"xpath","value":"//span[contains(@id ,\"contractDetailTitleNoExpanded\")][contains(text(), \"10159\")]"}
RESULT: {}
RESULT: {"using":"xpath","value":"//span[contains(@id ,\"contractDetailTitleNoExpanded\")][contains(text(), \"10159\")]"}
COMMAND: POST /session/ca2abbe84309923e96ecd53f817ddbdd/element - {"using":"xpath","value":"//span[contains(@id ,\"contractDetailTitleNoExpanded\")][contains(text(), \"10159\")]"}
RESULT: {"using":"xpath","value":"//span[contains(@id ,\"contractDetailTitleNoExpanded\")][contains(text(), \"10159\")]"}
COMMAND: POST /session/ca2abbe84309923e96ecd53f817ddbdd/element - {"using":"xpath","value":"//span[contains(@id ,\"contractDetailTitleNoExpanded\")][contains(text(), \"10159\")]"}
RESULT: {"using":"xpath","value":"//span[contains(@id ,\"contractDetailTitleNoExpanded\")][contains(text(), \"10159\")]"}
COMMAND: POST /session/ca2abbe84309923e96ecd53f817ddbdd/element - {"using":"xpath","value":"//span[contains(@id ,\"contractDetailTitleNoExpanded\")][contains(text(), \"10159\")]"}
RESULT: {"using":"xpath","value":"//span[contains(@id ,\"contractDetailTitleNoExpanded\")][contains(text(), \"10159\")]"}
COMMAND: POST /session/ca2abbe84309923e96ecd53f817ddbdd/element - {"using":"xpath","value":"//span[contains(@id ,\"contractDetailTitleNoExpanded\")][contains(text(), \"10159\")]"}
RESULT: {"using":"xpath","value":"//span[contains(@id ,\"contractDetailTitleNoExpanded\")][contains(text(), \"10159\")]"}
COMMAND: POST /session/ca2abbe84309923e96ecd53f817ddbdd/element - {"using":"xpath","value":"//span[contains(@id ,\"contractDetailTitleNoExpanded\")][contains(text(), \"10159\")]"}
COMMAND: POST /session/ca2abbe84309923e96ecd53f817ddbdd/element - {"using":"xpath","value":"(//textarea[@rows=\"15\"])[1]"}
RESULT: {"using":"xpath","value":"//span[contains(@id ,\"contractDetailTitleNoExpanded\")][contains(text(), \"10159\")]"}
RESULT: {"using":"xpath","value":"(//textarea[@rows=\"15\"])[1]"}
COMMAND: POST /session/ca2abbe84309923e96ecd53f817ddbdd/execute/sync - {"script":"<script> [8489 bytes]","args":[{"element-6066-11e4-a52e-4f735466cecf":"f.28BC222DDC5CE12B0F2B355DA12E6296.d.B7E448B2CBE5AB089FB17782ECB01727.e.7019","ELEMENT":"f.28BC222DDC5CE12B0F2B355DA12E6296.d.B7E448B2CBE5AB089FB17782ECB01727.e.7019"}]}
RESULT: {"script":"<script> [8489 bytes]","args":[{"element-6066-11e4-a52e-4f735466cecf":"f.28BC222DDC5CE12B0F2B355DA12E6296.d.B7E448B2CBE5AB089FB17782ECB01727.e.7019","ELEMENT":"f.28BC222DDC5CE12B0F2B355DA12E6296.d.B7E448B2CBE5AB089FB17782ECB01727.e.7019"}]}
COMMAND: GET /session/ca2abbe84309923e96ecd53f817ddbdd/screenshot - {}
RESULT: {}
COMMAND: POST /session/ca2abbe84309923e96ecd53f817ddbdd/element - {"using":"xpath","value":"//span[contains(@id ,\"contractDetailTitleNoExpanded\")][contains(text(), \"10159\")]"}
RESULT: {"using":"xpath","value":"//span[contains(@id ,\"contractDetailTitleNoExpanded\")][contains(text(), \"10159\")]"}
COMMAND: POST /session/ca2abbe84309923e96ecd53f817ddbdd/element - {"using":"xpath","value":"//span[contains(@id ,\"contractDetailTitleNoExpanded\")][contains(text(), \"10159\")]"}
RESULT: {"using":"xpath","value":"//span[contains(@id ,\"contractDetailTitleNoExpanded\")][contains(text(), \"10159\")]"}
COMMAND: POST /session/ca2abbe84309923e96ecd53f817ddbdd/element - {"using":"xpath","value":"//span[contains(@id ,\"contractDetailTitleNoExpanded\")][contains(text(), \"10159\")]"}
RESULT: {"using":"xpath","value":"//span[contains(@id ,\"contractDetailTitleNoExpanded\")][contains(text(), \"10159\")]"}
COMMAND: POST /session/ca2abbe84309923e96ecd53f817ddbdd/element - {"using":"xpath","value":"//span[contains(@id ,\"contractDetailTitleNoExpanded\")][contains(text(), \"10159\")]"}
RESULT: {"using":"xpath","value":"//span[contains(@id ,\"contractDetailTitleNoExpanded\")][contains(text(), \"10159\")]"}
COMMAND: POST /session/ca2abbe84309923e96ecd53f817ddbdd/element - {"using":"xpath","value":"//span[contains(@id ,\"contractDetailTitleNoExpanded\")][contains(text(), \"10159\")]"}
RESULT: {"using":"xpath","value":"//span[contains(@id ,\"contractDetailTitleNoExpanded\")][contains(text(), \"10159\")]"}
COMMAND: POST /session/ca2abbe84309923e96ecd53f817ddbdd/element - {"using":"xpath","value":"//span[contains(@id ,\"contractDetailTitleNoExpanded\")][contains(text(), \"10159\")]"}
RESULT: {"using":"xpath","value":"//span[contains(@id ,\"contractDetailTitleNoExpanded\")][contains(text(), \"10159\")]"}
COMMAND: POST /session/ca2abbe84309923e96ecd53f817ddbdd/element - {"using":"xpath","value":"//span[contains(@id ,\"contractDetailTitleNoExpanded\")][contains(text(), \"10159\")]"}
RESULT: {"using":"xpath","value":"//span[contains(@id ,\"contractDetailTitleNoExpanded\")][contains(text(), \"10159\")]"}
COMMAND: POST /session/ca2abbe84309923e96ecd53f817ddbdd/element - {"using":"xpath","value":"//span[contains(@id ,\"contractDetailTitleNoExpanded\")][contains(text(), \"10159\")]"}
RESULT: {"using":"xpath","value":"//span[contains(@id ,\"contractDetailTitleNoExpanded\")][contains(text(), \"10159\")]"}
COMMAND: POST /session/ca2abbe84309923e96ecd53f817ddbdd/execute/async - {"script":"<script> [1562 bytes]","args":[{"selector":{"controlType":"sap.tnt.NavigationListItem","viewName":"etm.portal.ui.webshop.view.RequestDetail","i18NText":{"propertyName":"text","key":"exit"},"interaction":{"idSuffix":"a"}},"wdio_ui5_key":"etmportal.ui.webshop.view.RequestDetailsap.tnt.NavigationListItem{\"propertyName\":\"text\",\"key\":\"exit\"}"}]}
COMMAND: POST /session/ca2abbe84309923e96ecd53f817ddbdd/element - {"using":"xpath","value":"//span[contains(@id ,\"contractDetailTitleNoExpanded\")][contains(text(), \"10159\")]"}
RESULT: {"script":"<script> [1562 bytes]","args":[{"selector":{"controlType":"sap.tnt.NavigationListItem","viewName":"etm.portal.ui.webshop.view.RequestDetail","i18NText":{"propertyName":"text","key":"exit"},"interaction":{"idSuffix":"a"}},"wdio_ui5_key":"etmportal.ui.webshop.view.RequestDetailsap.tnt.NavigationListItem{\"propertyName\":\"text\",\"key\":\"exit\"}"}]}
RESULT: undefined
COMMAND: POST /session/ca2abbe84309923e96ecd53f817ddbdd/element - {"using":"xpath","value":"//*[@id=\"__item1928\"]"}
RESULT: {"using":"xpath","value":"//span[contains(@id ,\"contractDetailTitleNoExpanded\")][contains(text(), \"10159\")]"}
RESULT: {"using":"xpath","value":"//*[@id=\"__item1928\"]"}
COMMAND: POST /session/ca2abbe84309923e96ecd53f817ddbdd/element/f.28BC222DDC5CE12B0F2B355DA12E6296.d.B7E448B2CBE5AB089FB17782ECB01727.e.7027/click - {}
RESULT: {}
COMMAND: GET /session/ca2abbe84309923e96ecd53f817ddbdd/screenshot - {}
COMMAND: POST /session/ca2abbe84309923e96ecd53f817ddbdd/element - {"using":"xpath","value":"//span[contains(@id ,\"contractDetailTitleNoExpanded\")][contains(text(), \"10159\")]"}
RESULT: {}
RESULT: {"using":"xpath","value":"//span[contains(@id ,\"contractDetailTitleNoExpanded\")][contains(text(), \"10159\")]"}
COMMAND: POST /session/ca2abbe84309923e96ecd53f817ddbdd/element - {"using":"xpath","value":"//span[contains(@id ,\"contractDetailTitleNoExpanded\")][contains(text(), \"10159\")]"}
RESULT: {"using":"xpath","value":"//span[contains(@id ,\"contractDetailTitleNoExpanded\")][contains(text(), \"10159\")]"}
COMMAND: POST /session/ca2abbe84309923e96ecd53f817ddbdd/element - {"using":"xpath","value":"//span[contains(@id ,\"contractDetailTitleNoExpanded\")][contains(text(), \"10159\")]"}
RESULT: {"using":"xpath","value":"//span[contains(@id ,\"contractDetailTitleNoExpanded\")][contains(text(), \"10159\")]"}
COMMAND: POST /session/ca2abbe84309923e96ecd53f817ddbdd/element - {"using":"xpath","value":"//span[contains(@id ,\"contractDetailTitleNoExpanded\")][contains(text(), \"10159\")]"}
RESULT: {"using":"xpath","value":"//span[contains(@id ,\"contractDetailTitleNoExpanded\")][contains(text(), \"10159\")]"}
COMMAND: POST /session/ca2abbe84309923e96ecd53f817ddbdd/element - {"using":"xpath","value":"//span[contains(@id ,\"contractDetailTitleNoExpanded\")][contains(text(), \"10159\")]"}
RESULT: {"using":"xpath","value":"//span[contains(@id ,\"contractDetailTitleNoExpanded\")][contains(text(), \"10159\")]"}
COMMAND: POST /session/ca2abbe84309923e96ecd53f817ddbdd/element - {"using":"xpath","value":"//span[contains(@id ,\"contractDetailTitleNoExpanded\")][contains(text(), \"10159\")]"}
RESULT: {"using":"xpath","value":"//span[contains(@id ,\"contractDetailTitleNoExpanded\")][contains(text(), \"10159\")]"}
COMMAND: POST /session/ca2abbe84309923e96ecd53f817ddbdd/element - {"using":"css selector","value":"#shell-header-logo"}
RESULT: {"using":"css selector","value":"#shell-header-logo"}
COMMAND: POST /session/ca2abbe84309923e96ecd53f817ddbdd/element/f.28BC222DDC5CE12B0F2B355DA12E6296.d.B7E448B2CBE5AB089FB17782ECB01727.e.3049/click - {}
COMMAND: POST /session/ca2abbe84309923e96ecd53f817ddbdd/element - {"using":"xpath","value":"//span[contains(@id ,\"contractDetailTitleNoExpanded\")][contains(text(), \"10159\")]"}
RESULT: {}
COMMAND: GET /session/ca2abbe84309923e96ecd53f817ddbdd/screenshot - {}
RESULT: {"using":"xpath","value":"//span[contains(@id ,\"contractDetailTitleNoExpanded\")][contains(text(), \"10159\")]"}
RESULT: {}
COMMAND: POST /session/ca2abbe84309923e96ecd53f817ddbdd/element - {"using":"xpath","value":"//span[contains(@id ,\"contractDetailTitleNoExpanded\")][contains(text(), \"10159\")]"}
RESULT: {"using":"xpath","value":"//span[contains(@id ,\"contractDetailTitleNoExpanded\")][contains(text(), \"10159\")]"}
COMMAND: POST /session/ca2abbe84309923e96ecd53f817ddbdd/element - {"using":"xpath","value":"//span[contains(@id ,\"contractDetailTitleNoExpanded\")][contains(text(), \"10159\")]"}
RESULT: {"using":"xpath","value":"//span[contains(@id ,\"contractDetailTitleNoExpanded\")][contains(text(), \"10159\")]"}
COMMAND: POST /session/ca2abbe84309923e96ecd53f817ddbdd/element - {"using":"xpath","value":"//span[contains(@id ,\"contractDetailTitleNoExpanded\")][contains(text(), \"10159\")]"}
RESULT: {"using":"xpath","value":"//span[contains(@id ,\"contractDetailTitleNoExpanded\")][contains(text(), \"10159\")]"}
COMMAND: POST /session/ca2abbe84309923e96ecd53f817ddbdd/element - {"using":"xpath","value":"//span[contains(@id ,\"contractDetailTitleNoExpanded\")][contains(text(), \"10159\")]"}
RESULT: {"using":"xpath","value":"//span[contains(@id ,\"contractDetailTitleNoExpanded\")][contains(text(), \"10159\")]"}
COMMAND: POST /session/ca2abbe84309923e96ecd53f817ddbdd/element - {"using":"xpath","value":"//span[contains(@id ,\"contractDetailTitleNoExpanded\")][contains(text(), \"10159\")]"}
RESULT: {"using":"xpath","value":"//span[contains(@id ,\"contractDetailTitleNoExpanded\")][contains(text(), \"10159\")]"}
]]></system-out>
    </testcase>
  </testsuite>
  <testsuite timestamp="2025-05-23T16:32:56" time="63.379" tests="1" failures="0" errors="0" skipped="0">
    <properties>
      <property name="specId" value="0"/>
      <property name="suiteName" value="Add items into the basket without creating a request US151315"/>
      <property name="capabilities" value="chrome.136_0_7103_93.windows"/>
      <property name="file" value="file:///D:/a/1/s/test/specs/R2C/add-items-into-basket-wo-creating-a-request.spec.js"/>
    </properties>
    <testcase classname="chrome.136_0_7103_93.windows.Add_items_into_the_basket_without_creating_a_request_US151315" name="Should verify if a catalog item can be added without creating a request" time="59.391">
      <system-out><![CDATA[
RESULT: undefined
COMMAND: POST /session/ca2abbe84309923e96ecd53f817ddbdd/element - {"using":"xpath","value":"//*[@id=\"__tile49\"]"}
RESULT: {"using":"xpath","value":"//*[@id=\"__tile49\"]"}
COMMAND: POST /session/ca2abbe84309923e96ecd53f817ddbdd/element/f.28BC222DDC5CE12B0F2B355DA12E6296.d.B7E448B2CBE5AB089FB17782ECB01727.e.2818/click - {}
COMMAND: POST /session/ca2abbe84309923e96ecd53f817ddbdd/element - {"using":"xpath","value":"//span[contains(@id ,\"contractDetailTitleNoExpanded\")][contains(text(), \"10159\")]"}
RESULT: {}
COMMAND: GET /session/ca2abbe84309923e96ecd53f817ddbdd/screenshot - {}
COMMAND: POST /session/ca2abbe84309923e96ecd53f817ddbdd/elements - {"using":"xpath","value":"//span[text()='Error']"}
RESULT: {"using":"xpath","value":"//span[contains(@id ,\"contractDetailTitleNoExpanded\")][contains(text(), \"10159\")]"}
RESULT: {}
RESULT: {"using":"xpath","value":"//span[text()='Error']"}
COMMAND: POST /session/ca2abbe84309923e96ecd53f817ddbdd/element - {"using":"xpath","value":"//span[contains(@id ,\"contractDetailTitleNoExpanded\")][contains(text(), \"10159\")]"}
RESULT: {"using":"xpath","value":"//span[contains(@id ,\"contractDetailTitleNoExpanded\")][contains(text(), \"10159\")]"}
COMMAND: POST /session/ca2abbe84309923e96ecd53f817ddbdd/element - {"using":"xpath","value":"//span[contains(@id ,\"contractDetailTitleNoExpanded\")][contains(text(), \"10159\")]"}
RESULT: {"using":"xpath","value":"//span[contains(@id ,\"contractDetailTitleNoExpanded\")][contains(text(), \"10159\")]"}
COMMAND: POST /session/ca2abbe84309923e96ecd53f817ddbdd/element - {"using":"xpath","value":"//span[contains(@id ,\"contractDetailTitleNoExpanded\")][contains(text(), \"10159\")]"}
RESULT: {"using":"xpath","value":"//span[contains(@id ,\"contractDetailTitleNoExpanded\")][contains(text(), \"10159\")]"}
COMMAND: POST /session/ca2abbe84309923e96ecd53f817ddbdd/element - {"using":"xpath","value":"//span[contains(@id ,\"contractDetailTitleNoExpanded\")][contains(text(), \"10159\")]"}
RESULT: {"using":"xpath","value":"//span[contains(@id ,\"contractDetailTitleNoExpanded\")][contains(text(), \"10159\")]"}
COMMAND: POST /session/ca2abbe84309923e96ecd53f817ddbdd/element - {"using":"css selector","value":"#requestCreationDialog--createRequestPopUp-title-inner"}
RESULT: {"using":"css selector","value":"#requestCreationDialog--createRequestPopUp-title-inner"}
COMMAND: POST /session/ca2abbe84309923e96ecd53f817ddbdd/execute/sync - {"script":"<script> [8489 bytes]","args":[{"element-6066-11e4-a52e-4f735466cecf":"f.28BC222DDC5CE12B0F2B355DA12E6296.d.B7E448B2CBE5AB089FB17782ECB01727.e.7128","ELEMENT":"f.28BC222DDC5CE12B0F2B355DA12E6296.d.B7E448B2CBE5AB089FB17782ECB01727.e.7128"}]}
RESULT: {"script":"<script> [8489 bytes]","args":[{"element-6066-11e4-a52e-4f735466cecf":"f.28BC222DDC5CE12B0F2B355DA12E6296.d.B7E448B2CBE5AB089FB17782ECB01727.e.7128","ELEMENT":"f.28BC222DDC5CE12B0F2B355DA12E6296.d.B7E448B2CBE5AB089FB17782ECB01727.e.7128"}]}
COMMAND: GET /session/ca2abbe84309923e96ecd53f817ddbdd/element/f.28BC222DDC5CE12B0F2B355DA12E6296.d.B7E448B2CBE5AB089FB17782ECB01727.e.7128/enabled - {}
RESULT: {}
COMMAND: POST /session/ca2abbe84309923e96ecd53f817ddbdd/element - {"using":"xpath","value":"//span[contains(@id ,\"requestCreationDialog--cancelButton-content\")]"}
RESULT: {"using":"xpath","value":"//span[contains(@id ,\"requestCreationDialog--cancelButton-content\")]"}
COMMAND: POST /session/ca2abbe84309923e96ecd53f817ddbdd/element/f.28BC222DDC5CE12B0F2B355DA12E6296.d.B7E448B2CBE5AB089FB17782ECB01727.e.7129/click - {}
RESULT: {}
COMMAND: GET /session/ca2abbe84309923e96ecd53f817ddbdd/screenshot - {}
COMMAND: GET /session/ca2abbe84309923e96ecd53f817ddbdd/screenshot - {}
COMMAND: GET /session/ca2abbe84309923e96ecd53f817ddbdd/screenshot - {}
RESULT: {}
RESULT: {}
RESULT: {}
COMMAND: POST /session/ca2abbe84309923e96ecd53f817ddbdd/element - {"using":"xpath","value":"//input[contains(@id ,\"searchFiledId-I\")]"}
RESULT: {"using":"xpath","value":"//input[contains(@id ,\"searchFiledId-I\")]"}
COMMAND: POST /session/ca2abbe84309923e96ecd53f817ddbdd/element/f.28BC222DDC5CE12B0F2B355DA12E6296.d.B7E448B2CBE5AB089FB17782ECB01727.e.7030/value - {"text":"Dri-Prime CD150M Diesel Pump"}
RESULT: {"text":"Dri-Prime CD150M Diesel Pump"}
COMMAND: POST /session/ca2abbe84309923e96ecd53f817ddbdd/actions - {"actions":[{"id":"action11","type":"key","parameters":{},"actions":[{"type":"keyDown","value":""},{"type":"pause","duration":10},{"type":"keyUp","value":""}]}]}
COMMAND: GET /session/ca2abbe84309923e96ecd53f817ddbdd/screenshot - {}
RESULT: {"actions":[{"id":"action11","type":"key","parameters":{},"actions":[{"type":"keyDown","value":""},{"type":"pause","duration":10},{"type":"keyUp","value":""}]}]}
COMMAND: GET /session/ca2abbe84309923e96ecd53f817ddbdd/screenshot - {}
RESULT: {}
RESULT: {}
COMMAND: POST /session/ca2abbe84309923e96ecd53f817ddbdd/element - {"using":"xpath","value":"//span[contains(@id ,\"subTitle\")][contains(text(), \"Dri-Prime CD150M Diesel Pump\")]"}
RESULT: {"using":"xpath","value":"//span[contains(@id ,\"subTitle\")][contains(text(), \"Dri-Prime CD150M Diesel Pump\")]"}
COMMAND: POST /session/ca2abbe84309923e96ecd53f817ddbdd/element/f.28BC222DDC5CE12B0F2B355DA12E6296.d.B7E448B2CBE5AB089FB17782ECB01727.e.7135/click - {}
RESULT: {}
COMMAND: GET /session/ca2abbe84309923e96ecd53f817ddbdd/screenshot - {}
RESULT: {}
COMMAND: POST /session/ca2abbe84309923e96ecd53f817ddbdd/element - {"using":"xpath","value":"//bdi[contains(text(), \"Add to Request\")]"}
RESULT: {"using":"xpath","value":"//bdi[contains(text(), \"Add to Request\")]"}
COMMAND: POST /session/ca2abbe84309923e96ecd53f817ddbdd/element/f.28BC222DDC5CE12B0F2B355DA12E6296.d.B7E448B2CBE5AB089FB17782ECB01727.e.7145/click - {}
RESULT: {}
COMMAND: POST /session/ca2abbe84309923e96ecd53f817ddbdd/element - {"using":"xpath","value":"//div[contains(@class ,\"sapMMessageToast sapUiSelectable sapContrast sapContrastPlus sapUiUserSelectable\")]"}
COMMAND: GET /session/ca2abbe84309923e96ecd53f817ddbdd/screenshot - {}
RESULT: {"using":"xpath","value":"//div[contains(@class ,\"sapMMessageToast sapUiSelectable sapContrast sapContrastPlus sapUiUserSelectable\")]"}
COMMAND: POST /session/ca2abbe84309923e96ecd53f817ddbdd/execute/sync - {"script":"<script> [8489 bytes]","args":[{"element-6066-11e4-a52e-4f735466cecf":"f.28BC222DDC5CE12B0F2B355DA12E6296.d.B7E448B2CBE5AB089FB17782ECB01727.e.7149","ELEMENT":"f.28BC222DDC5CE12B0F2B355DA12E6296.d.B7E448B2CBE5AB089FB17782ECB01727.e.7149"}]}
RESULT: {}
RESULT: {"script":"<script> [8489 bytes]","args":[{"element-6066-11e4-a52e-4f735466cecf":"f.28BC222DDC5CE12B0F2B355DA12E6296.d.B7E448B2CBE5AB089FB17782ECB01727.e.7149","ELEMENT":"f.28BC222DDC5CE12B0F2B355DA12E6296.d.B7E448B2CBE5AB089FB17782ECB01727.e.7149"}]}
COMMAND: GET /session/ca2abbe84309923e96ecd53f817ddbdd/element/f.28BC222DDC5CE12B0F2B355DA12E6296.d.B7E448B2CBE5AB089FB17782ECB01727.e.7149/text - {}
COMMAND: GET /session/ca2abbe84309923e96ecd53f817ddbdd/screenshot - {}
RESULT: {}
RESULT: {}
COMMAND: POST /session/ca2abbe84309923e96ecd53f817ddbdd/element - {"using":"xpath","value":"//bdi[contains(@id ,\"activeCartId-BDI-content\")]"}
RESULT: {"using":"xpath","value":"//bdi[contains(@id ,\"activeCartId-BDI-content\")]"}
COMMAND: GET /session/ca2abbe84309923e96ecd53f817ddbdd/element/f.28BC222DDC5CE12B0F2B355DA12E6296.d.B7E448B2CBE5AB089FB17782ECB01727.e.7150/text - {}
RESULT: {}
COMMAND: POST /session/ca2abbe84309923e96ecd53f817ddbdd/element - {"using":"xpath","value":"//li[@title=\"Exit\"]"}
RESULT: {"using":"xpath","value":"//li[@title=\"Exit\"]"}
COMMAND: POST /session/ca2abbe84309923e96ecd53f817ddbdd/element/f.28BC222DDC5CE12B0F2B355DA12E6296.d.B7E448B2CBE5AB089FB17782ECB01727.e.7109/click - {}
RESULT: {}
COMMAND: GET /session/ca2abbe84309923e96ecd53f817ddbdd/screenshot - {}
RESULT: {}
COMMAND: POST /session/ca2abbe84309923e96ecd53f817ddbdd/element - {"using":"css selector","value":"#shell-header-logo"}
RESULT: {"using":"css selector","value":"#shell-header-logo"}
COMMAND: POST /session/ca2abbe84309923e96ecd53f817ddbdd/element/f.28BC222DDC5CE12B0F2B355DA12E6296.d.B7E448B2CBE5AB089FB17782ECB01727.e.7160/click - {}
RESULT: {}
COMMAND: GET /session/ca2abbe84309923e96ecd53f817ddbdd/screenshot - {}
RESULT: {}
]]></system-out>
    </testcase>
  </testsuite>
  <testsuite timestamp="2025-05-23T16:34:00" time="161.403" tests="1" failures="0" errors="0" skipped="0">
    <properties>
      <property name="specId" value="0"/>
      <property name="suiteName" value=" Webshop - Request management - Verifying the Master List - Filtering /Sorting - Deleting - Creating US151314"/>
      <property name="capabilities" value="chrome.136_0_7103_93.windows"/>
      <property name="file" value="file:///D:/a/1/s/test/specs/R2C/webshop-request-management-verify-master-list.spec.js"/>
    </properties>
    <testcase classname="chrome.136_0_7103_93.windows._Webshop_-_Request_management_-_Verifying_the_Master_List_-_Filtering_/Sorting_-_Deleting_-_Creating_US151314" name="Should navigate to request management in webshop and verify the filters" time="158.211">
      <system-out><![CDATA[
RESULT: undefined
COMMAND: POST /session/ca2abbe84309923e96ecd53f817ddbdd/element - {"using":"xpath","value":"//*[@id=\"__tile49\"]"}
RESULT: {"using":"xpath","value":"//*[@id=\"__tile49\"]"}
COMMAND: POST /session/ca2abbe84309923e96ecd53f817ddbdd/element/f.28BC222DDC5CE12B0F2B355DA12E6296.d.B7E448B2CBE5AB089FB17782ECB01727.e.2818/click - {}
RESULT: {}
COMMAND: GET /session/ca2abbe84309923e96ecd53f817ddbdd/screenshot - {}
RESULT: {}
COMMAND: POST /session/ca2abbe84309923e96ecd53f817ddbdd/elements - {"using":"xpath","value":"//span[text()='Error']"}
RESULT: {"using":"xpath","value":"//span[text()='Error']"}
COMMAND: POST /session/ca2abbe84309923e96ecd53f817ddbdd/execute/async - {"script":"<script> [1562 bytes]","args":[{"selector":{"id":"requestCreationDialog--cancelButton","searchOpenDialogs":true,"interaction":{"idSuffix":"BDI-content"}},"wdio_ui5_key":"requestCreationDialogcancelButton"}]}
RESULT: {"script":"<script> [1562 bytes]","args":[{"selector":{"id":"requestCreationDialog--cancelButton","searchOpenDialogs":true,"interaction":{"idSuffix":"BDI-content"}},"wdio_ui5_key":"requestCreationDialogcancelButton"}]}
RESULT: undefined
COMMAND: POST /session/ca2abbe84309923e96ecd53f817ddbdd/element - {"using":"xpath","value":"//*[@id=\"requestCreationDialog--cancelButton\"]"}
RESULT: {"using":"xpath","value":"//*[@id=\"requestCreationDialog--cancelButton\"]"}
COMMAND: POST /session/ca2abbe84309923e96ecd53f817ddbdd/element/f.28BC222DDC5CE12B0F2B355DA12E6296.d.B7E448B2CBE5AB089FB17782ECB01727.e.7213/click - {}
RESULT: {}
COMMAND: GET /session/ca2abbe84309923e96ecd53f817ddbdd/screenshot - {}
RESULT: {}
COMMAND: POST /session/ca2abbe84309923e96ecd53f817ddbdd/execute/async - {"script":"<script> [1562 bytes]","args":[{"selector":{"controlType":"sap.tnt.NavigationListItem","viewName":"etm.portal.ui.webshop.view.Homepage","i18NText":{"propertyName":"text","key":"requestsManagement"},"interaction":{"idSuffix":"a"}},"wdio_ui5_key":"etmportal.ui.webshop.view.Homepagesap.tnt.NavigationListItem{\"propertyName\":\"text\",\"key\":\"requestsManagement\"}"}]}
RESULT: {"script":"<script> [1562 bytes]","args":[{"selector":{"controlType":"sap.tnt.NavigationListItem","viewName":"etm.portal.ui.webshop.view.Homepage","i18NText":{"propertyName":"text","key":"requestsManagement"},"interaction":{"idSuffix":"a"}},"wdio_ui5_key":"etmportal.ui.webshop.view.Homepagesap.tnt.NavigationListItem{\"propertyName\":\"text\",\"key\":\"requestsManagement\"}"}]}
RESULT: undefined
COMMAND: POST /session/ca2abbe84309923e96ecd53f817ddbdd/element - {"using":"xpath","value":"//*[@id=\"__item2000\"]"}
RESULT: {"using":"xpath","value":"//*[@id=\"__item2000\"]"}
COMMAND: POST /session/ca2abbe84309923e96ecd53f817ddbdd/element/f.28BC222DDC5CE12B0F2B355DA12E6296.d.B7E448B2CBE5AB089FB17782ECB01727.e.7215/click - {}
RESULT: {}
COMMAND: GET /session/ca2abbe84309923e96ecd53f817ddbdd/screenshot - {}
RESULT: {}
COMMAND: POST /session/ca2abbe84309923e96ecd53f817ddbdd/element - {"using":"xpath","value":"//input[contains(@id ,\"smartFilterBar-btnBasicSearch-I\")]"}
RESULT: {"using":"xpath","value":"//input[contains(@id ,\"smartFilterBar-btnBasicSearch-I\")]"}
COMMAND: POST /session/ca2abbe84309923e96ecd53f817ddbdd/element/f.28BC222DDC5CE12B0F2B355DA12E6296.d.B7E448B2CBE5AB089FB17782ECB01727.e.7221/clear - {}
RESULT: {}
COMMAND: POST /session/ca2abbe84309923e96ecd53f817ddbdd/element/f.28BC222DDC5CE12B0F2B355DA12E6296.d.B7E448B2CBE5AB089FB17782ECB01727.e.7221/value - {"text":"20001"}
COMMAND: GET /session/ca2abbe84309923e96ecd53f817ddbdd/screenshot - {}
RESULT: {"text":"20001"}
COMMAND: GET /session/ca2abbe84309923e96ecd53f817ddbdd/screenshot - {}
RESULT: {}
RESULT: {}
COMMAND: POST /session/ca2abbe84309923e96ecd53f817ddbdd/actions - {"actions":[{"id":"action12","type":"key","parameters":{},"actions":[{"type":"keyDown","value":""},{"type":"pause","duration":10},{"type":"keyUp","value":""}]}]}
RESULT: {"actions":[{"id":"action12","type":"key","parameters":{},"actions":[{"type":"keyDown","value":""},{"type":"pause","duration":10},{"type":"keyUp","value":""}]}]}
COMMAND: GET /session/ca2abbe84309923e96ecd53f817ddbdd/screenshot - {}
RESULT: {}
COMMAND: POST /session/ca2abbe84309923e96ecd53f817ddbdd/execute/async - {"script":"<script> [1562 bytes]","args":[{"selector":{"controlType":"sap.m.Title","viewName":"etm.portal.ui.webshop.view.RequestMaster","properties":{"text":"Records (1)"}},"wdio_ui5_key":"etmportal.ui.webshop.view.RequestMastersap.m.Title{\"text\":\"Records (1)\"}"}]}
RESULT: {"script":"<script> [1562 bytes]","args":[{"selector":{"controlType":"sap.m.Title","viewName":"etm.portal.ui.webshop.view.RequestMaster","properties":{"text":"Records (1)"}},"wdio_ui5_key":"etmportal.ui.webshop.view.RequestMastersap.m.Title{\"text\":\"Records (1)\"}"}]}
RESULT: undefined
COMMAND: POST /session/ca2abbe84309923e96ecd53f817ddbdd/execute/async - {"script":"<script> [6424 bytes]","args":[{"element-6066-11e4-a52e-4f735466cecf":"f.28BC222DDC5CE12B0F2B355DA12E6296.d.B7E448B2CBE5AB089FB17782ECB01727.e.7307"},"getText",[]]}
RESULT: {"script":"<script> [6424 bytes]","args":[{"element-6066-11e4-a52e-4f735466cecf":"f.28BC222DDC5CE12B0F2B355DA12E6296.d.B7E448B2CBE5AB089FB17782ECB01727.e.7307"},"getText",[]]}
COMMAND: POST /session/ca2abbe84309923e96ecd53f817ddbdd/element - {"using":"xpath","value":"//div[contains(@id ,\"smartFilterBar-btnBasicSearch-reset\")]"}
RESULT: {"using":"xpath","value":"//div[contains(@id ,\"smartFilterBar-btnBasicSearch-reset\")]"}
COMMAND: POST /session/ca2abbe84309923e96ecd53f817ddbdd/element/f.28BC222DDC5CE12B0F2B355DA12E6296.d.B7E448B2CBE5AB089FB17782ECB01727.e.7308/click - {}
RESULT: {}
COMMAND: GET /session/ca2abbe84309923e96ecd53f817ddbdd/screenshot - {}
COMMAND: POST /session/ca2abbe84309923e96ecd53f817ddbdd/element - {"using":"xpath","value":"//input[contains(@id ,\"smartStatusFilter-inner\")]"}
RESULT: {}
RESULT: {"using":"xpath","value":"//input[contains(@id ,\"smartStatusFilter-inner\")]"}
COMMAND: POST /session/ca2abbe84309923e96ecd53f817ddbdd/element/f.28BC222DDC5CE12B0F2B355DA12E6296.d.B7E448B2CBE5AB089FB17782ECB01727.e.7226/clear - {}
RESULT: {}
COMMAND: POST /session/ca2abbe84309923e96ecd53f817ddbdd/element/f.28BC222DDC5CE12B0F2B355DA12E6296.d.B7E448B2CBE5AB089FB17782ECB01727.e.7226/value - {"text":"draft"}
COMMAND: GET /session/ca2abbe84309923e96ecd53f817ddbdd/screenshot - {}
RESULT: {"text":"draft"}
COMMAND: GET /session/ca2abbe84309923e96ecd53f817ddbdd/screenshot - {}
RESULT: {}
RESULT: {}
COMMAND: POST /session/ca2abbe84309923e96ecd53f817ddbdd/actions - {"actions":[{"id":"action13","type":"key","parameters":{},"actions":[{"type":"keyDown","value":""},{"type":"pause","duration":10},{"type":"keyUp","value":""}]}]}
RESULT: {"actions":[{"id":"action13","type":"key","parameters":{},"actions":[{"type":"keyDown","value":""},{"type":"pause","duration":10},{"type":"keyUp","value":""}]}]}
COMMAND: GET /session/ca2abbe84309923e96ecd53f817ddbdd/screenshot - {}
RESULT: {}
COMMAND: POST /session/ca2abbe84309923e96ecd53f817ddbdd/execute/async - {"script":"<script> [1562 bytes]","args":[{"selector":{"controlType":"sap.m.ObjectStatus","viewName":"etm.portal.ui.webshop.view.RequestMaster","bindingPath":{"propertyPath":"STATUS_DESCRIPTION"}},"wdio_ui5_key":"etmportal.ui.webshop.view.RequestMastersap.m.ObjectStatus{\"propertyPath\":\"STATUS_DESCRIPTION\"}"}]}
RESULT: {"script":"<script> [1562 bytes]","args":[{"selector":{"controlType":"sap.m.ObjectStatus","viewName":"etm.portal.ui.webshop.view.RequestMaster","bindingPath":{"propertyPath":"STATUS_DESCRIPTION"}},"wdio_ui5_key":"etmportal.ui.webshop.view.RequestMastersap.m.ObjectStatus{\"propertyPath\":\"STATUS_DESCRIPTION\"}"}]}
RESULT: undefined
COMMAND: POST /session/ca2abbe84309923e96ecd53f817ddbdd/execute/async - {"script":"<script> [6424 bytes]","args":[{"element-6066-11e4-a52e-4f735466cecf":"f.28BC222DDC5CE12B0F2B355DA12E6296.d.B7E448B2CBE5AB089FB17782ECB01727.e.7494"},"getText",[]]}
RESULT: {"script":"<script> [6424 bytes]","args":[{"element-6066-11e4-a52e-4f735466cecf":"f.28BC222DDC5CE12B0F2B355DA12E6296.d.B7E448B2CBE5AB089FB17782ECB01727.e.7494"},"getText",[]]}
COMMAND: POST /session/ca2abbe84309923e96ecd53f817ddbdd/element - {"using":"xpath","value":"//span[contains(@title ,\"Remove\")]"}
RESULT: {"using":"xpath","value":"//span[contains(@title ,\"Remove\")]"}
COMMAND: POST /session/ca2abbe84309923e96ecd53f817ddbdd/element/f.28BC222DDC5CE12B0F2B355DA12E6296.d.B7E448B2CBE5AB089FB17782ECB01727.e.7495/click - {}
RESULT: {}
COMMAND: GET /session/ca2abbe84309923e96ecd53f817ddbdd/screenshot - {}
COMMAND: POST /session/ca2abbe84309923e96ecd53f817ddbdd/element - {"using":"xpath","value":"//input[contains(@id ,\"smartStatusFilter-inner\")]"}
RESULT: {}
RESULT: {"using":"xpath","value":"//input[contains(@id ,\"smartStatusFilter-inner\")]"}
COMMAND: POST /session/ca2abbe84309923e96ecd53f817ddbdd/element/f.28BC222DDC5CE12B0F2B355DA12E6296.d.B7E448B2CBE5AB089FB17782ECB01727.e.7226/clear - {}
RESULT: {}
COMMAND: POST /session/ca2abbe84309923e96ecd53f817ddbdd/element/f.28BC222DDC5CE12B0F2B355DA12E6296.d.B7E448B2CBE5AB089FB17782ECB01727.e.7226/value - {"text":"created"}
COMMAND: GET /session/ca2abbe84309923e96ecd53f817ddbdd/screenshot - {}
RESULT: {"text":"created"}
COMMAND: GET /session/ca2abbe84309923e96ecd53f817ddbdd/screenshot - {}
RESULT: {}
RESULT: {}
COMMAND: POST /session/ca2abbe84309923e96ecd53f817ddbdd/actions - {"actions":[{"id":"action14","type":"key","parameters":{},"actions":[{"type":"keyDown","value":""},{"type":"pause","duration":10},{"type":"keyUp","value":""}]}]}
RESULT: {"actions":[{"id":"action14","type":"key","parameters":{},"actions":[{"type":"keyDown","value":""},{"type":"pause","duration":10},{"type":"keyUp","value":""}]}]}
COMMAND: GET /session/ca2abbe84309923e96ecd53f817ddbdd/screenshot - {}
RESULT: {}
RESULT: undefined
COMMAND: POST /session/ca2abbe84309923e96ecd53f817ddbdd/execute/async - {"script":"<script> [6424 bytes]","args":[{"element-6066-11e4-a52e-4f735466cecf":"f.28BC222DDC5CE12B0F2B355DA12E6296.d.B7E448B2CBE5AB089FB17782ECB01727.e.7494"},"getText",[]]}
COMMAND: POST /session/ca2abbe84309923e96ecd53f817ddbdd/execute/async - {"script":"<script> [1562 bytes]","args":[{"selector":{"controlType":"sap.m.ObjectStatus","viewName":"etm.portal.ui.webshop.view.RequestMaster","bindingPath":{"propertyPath":"STATUS_DESCRIPTION"}},"wdio_ui5_key":"etmportal.ui.webshop.view.RequestMastersap.m.ObjectStatus{\"propertyPath\":\"STATUS_DESCRIPTION\"}"}]}
RESULT: {"script":"<script> [1562 bytes]","args":[{"selector":{"controlType":"sap.m.ObjectStatus","viewName":"etm.portal.ui.webshop.view.RequestMaster","bindingPath":{"propertyPath":"STATUS_DESCRIPTION"}},"wdio_ui5_key":"etmportal.ui.webshop.view.RequestMastersap.m.ObjectStatus{\"propertyPath\":\"STATUS_DESCRIPTION\"}"}]}
COMMAND: POST /session/ca2abbe84309923e96ecd53f817ddbdd/execute/async - {"script":"<script> [6424 bytes]","args":[{"element-6066-11e4-a52e-4f735466cecf":"f.28BC222DDC5CE12B0F2B355DA12E6296.d.B7E448B2CBE5AB089FB17782ECB01727.e.7548"},"getText",[]]}
RESULT: {"script":"<script> [6424 bytes]","args":[{"element-6066-11e4-a52e-4f735466cecf":"f.28BC222DDC5CE12B0F2B355DA12E6296.d.B7E448B2CBE5AB089FB17782ECB01727.e.7548"},"getText",[]]}
COMMAND: POST /session/ca2abbe84309923e96ecd53f817ddbdd/element - {"using":"xpath","value":"//span[contains(@title ,\"Remove\")]"}
RESULT: {"using":"xpath","value":"//span[contains(@title ,\"Remove\")]"}
COMMAND: POST /session/ca2abbe84309923e96ecd53f817ddbdd/element/f.28BC222DDC5CE12B0F2B355DA12E6296.d.B7E448B2CBE5AB089FB17782ECB01727.e.7549/click - {}
RESULT: {}
COMMAND: GET /session/ca2abbe84309923e96ecd53f817ddbdd/screenshot - {}
COMMAND: POST /session/ca2abbe84309923e96ecd53f817ddbdd/execute/async - {"script":"<script> [1562 bytes]","args":[{"selector":{"controlType":"sap.m.Button","viewName":"etm.portal.ui.webshop.view.RequestMaster","properties":{"text":"Filters (1)"},"interaction":{"idSuffix":"BDI-content"}},"wdio_ui5_key":"etmportal.ui.webshop.view.RequestMastersap.m.Button{\"text\":\"Filters (1)\"}"}]}
RESULT: {}
RESULT: {"script":"<script> [1562 bytes]","args":[{"selector":{"controlType":"sap.m.Button","viewName":"etm.portal.ui.webshop.view.RequestMaster","properties":{"text":"Filters (1)"},"interaction":{"idSuffix":"BDI-content"}},"wdio_ui5_key":"etmportal.ui.webshop.view.RequestMastersap.m.Button{\"text\":\"Filters (1)\"}"}]}
RESULT: undefined
COMMAND: POST /session/ca2abbe84309923e96ecd53f817ddbdd/element - {"using":"xpath","value":"//*[@id=\"__xmlview74--smartFilterBar-btnFilters\"]"}
RESULT: {"using":"xpath","value":"//*[@id=\"__xmlview74--smartFilterBar-btnFilters\"]"}
COMMAND: POST /session/ca2abbe84309923e96ecd53f817ddbdd/element/f.28BC222DDC5CE12B0F2B355DA12E6296.d.B7E448B2CBE5AB089FB17782ECB01727.e.7243/click - {}
RESULT: {}
COMMAND: GET /session/ca2abbe84309923e96ecd53f817ddbdd/screenshot - {}
RESULT: {}
COMMAND: POST /session/ca2abbe84309923e96ecd53f817ddbdd/element - {"using":"xpath","value":"//input[contains(@id ,\"searchField-I\")]"}
RESULT: {"using":"xpath","value":"//input[contains(@id ,\"searchField-I\")]"}
COMMAND: POST /session/ca2abbe84309923e96ecd53f817ddbdd/element/f.28BC222DDC5CE12B0F2B355DA12E6296.d.B7E448B2CBE5AB089FB17782ECB01727.e.7599/clear - {}
RESULT: {}
COMMAND: POST /session/ca2abbe84309923e96ecd53f817ddbdd/element/f.28BC222DDC5CE12B0F2B355DA12E6296.d.B7E448B2CBE5AB089FB17782ECB01727.e.7599/value - {"text":"tags"}
COMMAND: GET /session/ca2abbe84309923e96ecd53f817ddbdd/screenshot - {}
RESULT: {"text":"tags"}
COMMAND: GET /session/ca2abbe84309923e96ecd53f817ddbdd/screenshot - {}
RESULT: {}
RESULT: {}
COMMAND: POST /session/ca2abbe84309923e96ecd53f817ddbdd/element - {"using":"xpath","value":"(//div[contains(@id ,\"selectMulti\")][@role=\"checkbox\"])[8]"}
RESULT: {"using":"xpath","value":"(//div[contains(@id ,\"selectMulti\")][@role=\"checkbox\"])[8]"}
COMMAND: POST /session/ca2abbe84309923e96ecd53f817ddbdd/element/f.28BC222DDC5CE12B0F2B355DA12E6296.d.B7E448B2CBE5AB089FB17782ECB01727.e.7626/click - {}
RESULT: {}
COMMAND: GET /session/ca2abbe84309923e96ecd53f817ddbdd/screenshot - {}
RESULT: {}
COMMAND: POST /session/ca2abbe84309923e96ecd53f817ddbdd/execute/async - {"script":"<script> [1562 bytes]","args":[{"selector":{"controlType":"sap.m.Button","viewName":"etm.portal.ui.webshop.view.RequestMaster","properties":{"text":"OK"},"searchOpenDialogs":true,"interaction":{"idSuffix":"BDI-content"}},"wdio_ui5_key":"etmportal.ui.webshop.view.RequestMastersap.m.Button{\"text\":\"OK\"}"}]}
RESULT: {"script":"<script> [1562 bytes]","args":[{"selector":{"controlType":"sap.m.Button","viewName":"etm.portal.ui.webshop.view.RequestMaster","properties":{"text":"OK"},"searchOpenDialogs":true,"interaction":{"idSuffix":"BDI-content"}},"wdio_ui5_key":"etmportal.ui.webshop.view.RequestMastersap.m.Button{\"text\":\"OK\"}"}]}
RESULT: undefined
COMMAND: POST /session/ca2abbe84309923e96ecd53f817ddbdd/element - {"using":"xpath","value":"//*[@id=\"__xmlview74--smartFilterBar-adapt-filters-dialog-confirmBtn\"]"}
RESULT: {"using":"xpath","value":"//*[@id=\"__xmlview74--smartFilterBar-adapt-filters-dialog-confirmBtn\"]"}
COMMAND: POST /session/ca2abbe84309923e96ecd53f817ddbdd/element/f.28BC222DDC5CE12B0F2B355DA12E6296.d.B7E448B2CBE5AB089FB17782ECB01727.e.7630/click - {}
RESULT: {}
COMMAND: GET /session/ca2abbe84309923e96ecd53f817ddbdd/screenshot - {}
RESULT: {}
COMMAND: POST /session/ca2abbe84309923e96ecd53f817ddbdd/element - {"using":"xpath","value":"//input[contains(@id ,\"smartFilterBar-filterItemControlA_-ALL_TAGS-inner\")]"}
RESULT: {"using":"xpath","value":"//input[contains(@id ,\"smartFilterBar-filterItemControlA_-ALL_TAGS-inner\")]"}
COMMAND: POST /session/ca2abbe84309923e96ecd53f817ddbdd/element/f.28BC222DDC5CE12B0F2B355DA12E6296.d.B7E448B2CBE5AB089FB17782ECB01727.e.7638/clear - {}
RESULT: {}
COMMAND: POST /session/ca2abbe84309923e96ecd53f817ddbdd/element/f.28BC222DDC5CE12B0F2B355DA12E6296.d.B7E448B2CBE5AB089FB17782ECB01727.e.7638/value - {"text":"tag1"}
COMMAND: GET /session/ca2abbe84309923e96ecd53f817ddbdd/screenshot - {}
RESULT: {"text":"tag1"}
COMMAND: GET /session/ca2abbe84309923e96ecd53f817ddbdd/screenshot - {}
RESULT: {}
RESULT: {}
COMMAND: POST /session/ca2abbe84309923e96ecd53f817ddbdd/actions - {"actions":[{"id":"action15","type":"key","parameters":{},"actions":[{"type":"keyDown","value":""},{"type":"pause","duration":10},{"type":"keyUp","value":""}]}]}
RESULT: {"actions":[{"id":"action15","type":"key","parameters":{},"actions":[{"type":"keyDown","value":""},{"type":"pause","duration":10},{"type":"keyUp","value":""}]}]}
COMMAND: GET /session/ca2abbe84309923e96ecd53f817ddbdd/screenshot - {}
RESULT: {}
RESULT: undefined
COMMAND: POST /session/ca2abbe84309923e96ecd53f817ddbdd/execute/async - {"script":"<script> [6424 bytes]","args":[{"element-6066-11e4-a52e-4f735466cecf":"f.28BC222DDC5CE12B0F2B355DA12E6296.d.B7E448B2CBE5AB089FB17782ECB01727.e.7307"},"getText",[]]}
RESULT: {"script":"<script> [6424 bytes]","args":[{"element-6066-11e4-a52e-4f735466cecf":"f.28BC222DDC5CE12B0F2B355DA12E6296.d.B7E448B2CBE5AB089FB17782ECB01727.e.7307"},"getText",[]]}
COMMAND: POST /session/ca2abbe84309923e96ecd53f817ddbdd/execute/async - {"script":"<script> [1562 bytes]","args":[{"selector":{"controlType":"sap.ui.core.Icon","viewName":"etm.portal.ui.webshop.view.RequestMaster","properties":{"src":{"regex":{"source":"action\\-settings"}}}},"wdio_ui5_key":"etmportal.ui.webshop.view.RequestMastersap.ui.core.Icon{\"src\":{\"regex\":{\"source\":\"action\\\\-settings\"}}}"}]}
RESULT: {"script":"<script> [1562 bytes]","args":[{"selector":{"controlType":"sap.ui.core.Icon","viewName":"etm.portal.ui.webshop.view.RequestMaster","properties":{"src":{"regex":{"source":"action\\-settings"}}}},"wdio_ui5_key":"etmportal.ui.webshop.view.RequestMastersap.ui.core.Icon{\"src\":{\"regex\":{\"source\":\"action\\\\-settings\"}}}"}]}
RESULT: undefined
COMMAND: POST /session/ca2abbe84309923e96ecd53f817ddbdd/element - {"using":"xpath","value":"//*[@id=\"__xmlview74--smartTable-btnPersonalisation-img\"]"}
RESULT: {"using":"xpath","value":"//*[@id=\"__xmlview74--smartTable-btnPersonalisation-img\"]"}
COMMAND: POST /session/ca2abbe84309923e96ecd53f817ddbdd/element/f.28BC222DDC5CE12B0F2B355DA12E6296.d.B7E448B2CBE5AB089FB17782ECB01727.e.7268/click - {}
RESULT: {}
COMMAND: GET /session/ca2abbe84309923e96ecd53f817ddbdd/screenshot - {}
RESULT: {}
COMMAND: POST /session/ca2abbe84309923e96ecd53f817ddbdd/element - {"using":"xpath","value":"//input[contains(@id ,\"searchField-I\")]"}
RESULT: {"using":"xpath","value":"//input[contains(@id ,\"searchField-I\")]"}
COMMAND: POST /session/ca2abbe84309923e96ecd53f817ddbdd/element/f.28BC222DDC5CE12B0F2B355DA12E6296.d.B7E448B2CBE5AB089FB17782ECB01727.e.7667/clear - {}
RESULT: {}
COMMAND: POST /session/ca2abbe84309923e96ecd53f817ddbdd/element/f.28BC222DDC5CE12B0F2B355DA12E6296.d.B7E448B2CBE5AB089FB17782ECB01727.e.7667/value - {"text":"tags"}
COMMAND: GET /session/ca2abbe84309923e96ecd53f817ddbdd/screenshot - {}
RESULT: {"text":"tags"}
COMMAND: GET /session/ca2abbe84309923e96ecd53f817ddbdd/screenshot - {}
RESULT: {}
RESULT: {}
COMMAND: POST /session/ca2abbe84309923e96ecd53f817ddbdd/element - {"using":"xpath","value":"(//div[contains(@id ,\"selectMulti\")][@role=\"checkbox\"])[8]"}
RESULT: {"using":"xpath","value":"(//div[contains(@id ,\"selectMulti\")][@role=\"checkbox\"])[8]"}
COMMAND: POST /session/ca2abbe84309923e96ecd53f817ddbdd/element/f.28BC222DDC5CE12B0F2B355DA12E6296.d.B7E448B2CBE5AB089FB17782ECB01727.e.7735/click - {}
RESULT: {}
COMMAND: GET /session/ca2abbe84309923e96ecd53f817ddbdd/screenshot - {}
RESULT: {}
COMMAND: POST /session/ca2abbe84309923e96ecd53f817ddbdd/element - {"using":"xpath","value":"//div[contains(@id ,\"searchField-reset\")]"}
RESULT: {"using":"xpath","value":"//div[contains(@id ,\"searchField-reset\")]"}
COMMAND: POST /session/ca2abbe84309923e96ecd53f817ddbdd/element - {"using":"xpath","value":"//input[contains(@id ,\"searchField-I\")]"}
RESULT: {"using":"xpath","value":"//input[contains(@id ,\"searchField-I\")]"}
COMMAND: POST /session/ca2abbe84309923e96ecd53f817ddbdd/element/f.28BC222DDC5CE12B0F2B355DA12E6296.d.B7E448B2CBE5AB089FB17782ECB01727.e.7667/clear - {}
RESULT: {}
COMMAND: POST /session/ca2abbe84309923e96ecd53f817ddbdd/element/f.28BC222DDC5CE12B0F2B355DA12E6296.d.B7E448B2CBE5AB089FB17782ECB01727.e.7667/value - {"text":"status"}
COMMAND: GET /session/ca2abbe84309923e96ecd53f817ddbdd/screenshot - {}
RESULT: {"text":"status"}
COMMAND: GET /session/ca2abbe84309923e96ecd53f817ddbdd/screenshot - {}
RESULT: {}
RESULT: {}
COMMAND: POST /session/ca2abbe84309923e96ecd53f817ddbdd/element - {"using":"xpath","value":"(//div[contains(@id ,\"selectMulti\")][@role=\"checkbox\"])[8]"}
RESULT: {"using":"xpath","value":"(//div[contains(@id ,\"selectMulti\")][@role=\"checkbox\"])[8]"}
COMMAND: POST /session/ca2abbe84309923e96ecd53f817ddbdd/element/f.28BC222DDC5CE12B0F2B355DA12E6296.d.B7E448B2CBE5AB089FB17782ECB01727.e.7735/click - {}
RESULT: {}
COMMAND: GET /session/ca2abbe84309923e96ecd53f817ddbdd/screenshot - {}
RESULT: {}
COMMAND: POST /session/ca2abbe84309923e96ecd53f817ddbdd/element - {"using":"xpath","value":"//bdi[contains(@id ,\"confirmBtn-BDI-content\")]"}
RESULT: {"using":"xpath","value":"//bdi[contains(@id ,\"confirmBtn-BDI-content\")]"}
COMMAND: POST /session/ca2abbe84309923e96ecd53f817ddbdd/element/f.28BC222DDC5CE12B0F2B355DA12E6296.d.B7E448B2CBE5AB089FB17782ECB01727.e.7757/click - {}
RESULT: {}
COMMAND: GET /session/ca2abbe84309923e96ecd53f817ddbdd/screenshot - {}
RESULT: {}
COMMAND: POST /session/ca2abbe84309923e96ecd53f817ddbdd/element - {"using":"xpath","value":"(//span[contains(text(), \"Status\")])[2]"}
RESULT: {"using":"xpath","value":"(//span[contains(text(), \"Status\")])[2]"}
COMMAND: POST /session/ca2abbe84309923e96ecd53f817ddbdd/element - {"using":"xpath","value":"(//span[contains(text(), \"Status\")])[2]"}
RESULT: {"using":"xpath","value":"(//span[contains(text(), \"Status\")])[2]"}
COMMAND: POST /session/ca2abbe84309923e96ecd53f817ddbdd/element - {"using":"xpath","value":"(//bdi[contains(text(), \"Tags\")])[2]"}
RESULT: {"using":"xpath","value":"(//bdi[contains(text(), \"Tags\")])[2]"}
COMMAND: POST /session/ca2abbe84309923e96ecd53f817ddbdd/execute/sync - {"script":"<script> [8489 bytes]","args":[{"element-6066-11e4-a52e-4f735466cecf":"f.28BC222DDC5CE12B0F2B355DA12E6296.d.B7E448B2CBE5AB089FB17782ECB01727.e.7764","ELEMENT":"f.28BC222DDC5CE12B0F2B355DA12E6296.d.B7E448B2CBE5AB089FB17782ECB01727.e.7764"}]}
RESULT: {"script":"<script> [8489 bytes]","args":[{"element-6066-11e4-a52e-4f735466cecf":"f.28BC222DDC5CE12B0F2B355DA12E6296.d.B7E448B2CBE5AB089FB17782ECB01727.e.7764","ELEMENT":"f.28BC222DDC5CE12B0F2B355DA12E6296.d.B7E448B2CBE5AB089FB17782ECB01727.e.7764"}]}
COMMAND: POST /session/ca2abbe84309923e96ecd53f817ddbdd/element - {"using":"xpath","value":"//span[contains(@title ,\"Remove\")]"}
COMMAND: GET /session/ca2abbe84309923e96ecd53f817ddbdd/screenshot - {}
RESULT: {"using":"xpath","value":"//span[contains(@title ,\"Remove\")]"}
COMMAND: POST /session/ca2abbe84309923e96ecd53f817ddbdd/element/f.28BC222DDC5CE12B0F2B355DA12E6296.d.B7E448B2CBE5AB089FB17782ECB01727.e.7765/click - {}
RESULT: {}
RESULT: {}
COMMAND: GET /session/ca2abbe84309923e96ecd53f817ddbdd/screenshot - {}
RESULT: {}
COMMAND: POST /session/ca2abbe84309923e96ecd53f817ddbdd/element - {"using":"xpath","value":"//button[contains(@id ,\"btnDeleteRequest\")]"}
RESULT: {"using":"xpath","value":"//button[contains(@id ,\"btnDeleteRequest\")]"}
COMMAND: POST /session/ca2abbe84309923e96ecd53f817ddbdd/element - {"using":"xpath","value":"//button[contains(@id ,\"btnDeleteRequest\")]"}
RESULT: {"using":"xpath","value":"//button[contains(@id ,\"btnDeleteRequest\")]"}
COMMAND: POST /session/ca2abbe84309923e96ecd53f817ddbdd/element - {"using":"xpath","value":"(//span[contains(text(), \"Draft\")])[1]"}
RESULT: {"using":"xpath","value":"(//span[contains(text(), \"Draft\")])[1]"}
COMMAND: POST /session/ca2abbe84309923e96ecd53f817ddbdd/element/f.28BC222DDC5CE12B0F2B355DA12E6296.d.B7E448B2CBE5AB089FB17782ECB01727.e.7793/click - {}
RESULT: {}
COMMAND: GET /session/ca2abbe84309923e96ecd53f817ddbdd/screenshot - {}
RESULT: {}
COMMAND: POST /session/ca2abbe84309923e96ecd53f817ddbdd/element - {"using":"xpath","value":"//button[contains(@id ,\"btnDeleteRequest\")]"}
RESULT: {"using":"xpath","value":"//button[contains(@id ,\"btnDeleteRequest\")]"}
COMMAND: POST /session/ca2abbe84309923e96ecd53f817ddbdd/execute/sync - {"script":"<script> [8489 bytes]","args":[{"element-6066-11e4-a52e-4f735466cecf":"f.28BC222DDC5CE12B0F2B355DA12E6296.d.B7E448B2CBE5AB089FB17782ECB01727.e.7826","ELEMENT":"f.28BC222DDC5CE12B0F2B355DA12E6296.d.B7E448B2CBE5AB089FB17782ECB01727.e.7826"}]}
RESULT: {"script":"<script> [8489 bytes]","args":[{"element-6066-11e4-a52e-4f735466cecf":"f.28BC222DDC5CE12B0F2B355DA12E6296.d.B7E448B2CBE5AB089FB17782ECB01727.e.7826","ELEMENT":"f.28BC222DDC5CE12B0F2B355DA12E6296.d.B7E448B2CBE5AB089FB17782ECB01727.e.7826"}]}
COMMAND: POST /session/ca2abbe84309923e96ecd53f817ddbdd/element - {"using":"xpath","value":"(//span[contains(text(), \"Proposal\")])[1]"}
COMMAND: GET /session/ca2abbe84309923e96ecd53f817ddbdd/screenshot - {}
RESULT: {"using":"xpath","value":"(//span[contains(text(), \"Proposal\")])[1]"}
COMMAND: POST /session/ca2abbe84309923e96ecd53f817ddbdd/element/f.28BC222DDC5CE12B0F2B355DA12E6296.d.B7E448B2CBE5AB089FB17782ECB01727.e.7854/click - {}
RESULT: {}
RESULT: {}
COMMAND: GET /session/ca2abbe84309923e96ecd53f817ddbdd/screenshot - {}
RESULT: {}
COMMAND: POST /session/ca2abbe84309923e96ecd53f817ddbdd/execute/sync - {"script":"<script> [8489 bytes]","args":[{"element-6066-11e4-a52e-4f735466cecf":"f.28BC222DDC5CE12B0F2B355DA12E6296.d.B7E448B2CBE5AB089FB17782ECB01727.e.7826","ELEMENT":"f.28BC222DDC5CE12B0F2B355DA12E6296.d.B7E448B2CBE5AB089FB17782ECB01727.e.7826"}]}
RESULT: {"script":"<script> [8489 bytes]","args":[{"element-6066-11e4-a52e-4f735466cecf":"f.28BC222DDC5CE12B0F2B355DA12E6296.d.B7E448B2CBE5AB089FB17782ECB01727.e.7826","ELEMENT":"f.28BC222DDC5CE12B0F2B355DA12E6296.d.B7E448B2CBE5AB089FB17782ECB01727.e.7826"}]}
COMMAND: POST /session/ca2abbe84309923e96ecd53f817ddbdd/element - {"using":"xpath","value":"//li[contains(@data-kt ,\"exitWebshopNavigationListItem\")]"}
COMMAND: GET /session/ca2abbe84309923e96ecd53f817ddbdd/screenshot - {}
RESULT: {"using":"xpath","value":"//li[contains(@data-kt ,\"exitWebshopNavigationListItem\")]"}
COMMAND: POST /session/ca2abbe84309923e96ecd53f817ddbdd/element/f.28BC222DDC5CE12B0F2B355DA12E6296.d.B7E448B2CBE5AB089FB17782ECB01727.e.8042/click - {}
RESULT: {}
RESULT: {}
COMMAND: GET /session/ca2abbe84309923e96ecd53f817ddbdd/screenshot - {}
RESULT: {}
]]></system-out>
    </testcase>
  </testsuite>
  <testsuite timestamp="2025-05-23T16:36:41" time="303.272" tests="1" failures="0" errors="0" skipped="0">
    <properties>
      <property name="specId" value="0"/>
      <property name="suiteName" value="Webshop edit draft change dates pickup and delete items  US151281"/>
      <property name="capabilities" value="chrome.136_0_7103_93.windows"/>
      <property name="file" value="file:///D:/a/1/s/test/specs/R2C/webshop-edit-draft-dates-pickup-delete-items.spec.js"/>
    </properties>
    <testcase classname="chrome.136_0_7103_93.windows.Webshop_edit_draft_change_dates_pickup_and_delete_items__US151281" name="Should create a new draft and add the catalog items" time="303.268">
      <system-out><![CDATA[
RESULT: undefined
COMMAND: POST /session/ca2abbe84309923e96ecd53f817ddbdd/element - {"using":"xpath","value":"//*[@id=\"__tile49\"]"}
RESULT: {"using":"xpath","value":"//*[@id=\"__tile49\"]"}
COMMAND: POST /session/ca2abbe84309923e96ecd53f817ddbdd/element/f.28BC222DDC5CE12B0F2B355DA12E6296.d.B7E448B2CBE5AB089FB17782ECB01727.e.2818/click - {}
RESULT: {}
COMMAND: GET /session/ca2abbe84309923e96ecd53f817ddbdd/screenshot - {}
RESULT: {}
COMMAND: POST /session/ca2abbe84309923e96ecd53f817ddbdd/elements - {"using":"xpath","value":"//span[text()='Error']"}
RESULT: {"using":"xpath","value":"//span[text()='Error']"}
COMMAND: POST /session/ca2abbe84309923e96ecd53f817ddbdd/element - {"using":"css selector","value":"#requestCreationDialog--createRequestPopUp-title-inner"}
RESULT: {"using":"css selector","value":"#requestCreationDialog--createRequestPopUp-title-inner"}
COMMAND: POST /session/ca2abbe84309923e96ecd53f817ddbdd/execute/sync - {"script":"<script> [8489 bytes]","args":[{"element-6066-11e4-a52e-4f735466cecf":"f.28BC222DDC5CE12B0F2B355DA12E6296.d.B7E448B2CBE5AB089FB17782ECB01727.e.8097","ELEMENT":"f.28BC222DDC5CE12B0F2B355DA12E6296.d.B7E448B2CBE5AB089FB17782ECB01727.e.8097"}]}
RESULT: {"script":"<script> [8489 bytes]","args":[{"element-6066-11e4-a52e-4f735466cecf":"f.28BC222DDC5CE12B0F2B355DA12E6296.d.B7E448B2CBE5AB089FB17782ECB01727.e.8097","ELEMENT":"f.28BC222DDC5CE12B0F2B355DA12E6296.d.B7E448B2CBE5AB089FB17782ECB01727.e.8097"}]}
COMMAND: GET /session/ca2abbe84309923e96ecd53f817ddbdd/element/f.28BC222DDC5CE12B0F2B355DA12E6296.d.B7E448B2CBE5AB089FB17782ECB01727.e.8097/enabled - {}
COMMAND: GET /session/ca2abbe84309923e96ecd53f817ddbdd/screenshot - {}
RESULT: {}
RESULT: undefined
COMMAND: POST /session/ca2abbe84309923e96ecd53f817ddbdd/execute/async - {"script":"<script> [776 bytes]","args":[{"enterText":"WebdriverTest","selector":{"id":"requestCreationDialog--requestName","searchOpenDialogs":true,"interaction":{"idSuffix":"inner"}},"clearTextFirst":true,"interactionType":"ENTER_TEXT"}]}
COMMAND: GET /session/ca2abbe84309923e96ecd53f817ddbdd/screenshot - {}
RESULT: {}
RESULT: {"script":"<script> [776 bytes]","args":[{"enterText":"WebdriverTest","selector":{"id":"requestCreationDialog--requestName","searchOpenDialogs":true,"interaction":{"idSuffix":"inner"}},"clearTextFirst":true,"interactionType":"ENTER_TEXT"}]}
COMMAND: POST /session/ca2abbe84309923e96ecd53f817ddbdd/element - {"using":"xpath","value":"//input[contains(@id ,\"requestCreationDialog--contract-inner\")]"}
RESULT: {}
RESULT: {"using":"xpath","value":"//input[contains(@id ,\"requestCreationDialog--contract-inner\")]"}
COMMAND: POST /session/ca2abbe84309923e96ecd53f817ddbdd/element/f.28BC222DDC5CE12B0F2B355DA12E6296.d.B7E448B2CBE5AB089FB17782ECB01727.e.8082/clear - {}
RESULT: {}
COMMAND: POST /session/ca2abbe84309923e96ecd53f817ddbdd/element/f.28BC222DDC5CE12B0F2B355DA12E6296.d.B7E448B2CBE5AB089FB17782ECB01727.e.8082/value - {"text":"10159"}
COMMAND: GET /session/ca2abbe84309923e96ecd53f817ddbdd/screenshot - {}
RESULT: {"text":"10159"}
COMMAND: GET /session/ca2abbe84309923e96ecd53f817ddbdd/screenshot - {}
COMMAND: POST /session/ca2abbe84309923e96ecd53f817ddbdd/actions - {"actions":[{"id":"action16","type":"key","parameters":{},"actions":[{"type":"keyDown","value":""},{"type":"pause","duration":10},{"type":"keyUp","value":""}]}]}
RESULT: {}
RESULT: {}
RESULT: {"actions":[{"id":"action16","type":"key","parameters":{},"actions":[{"type":"keyDown","value":""},{"type":"pause","duration":10},{"type":"keyUp","value":""}]}]}
COMMAND: GET /session/ca2abbe84309923e96ecd53f817ddbdd/screenshot - {}
RESULT: {}
COMMAND: POST /session/ca2abbe84309923e96ecd53f817ddbdd/element - {"using":"xpath","value":"//input[contains(@id ,\"requestCreationDialog--contract-inner\")]"}
RESULT: {"using":"xpath","value":"//input[contains(@id ,\"requestCreationDialog--contract-inner\")]"}
COMMAND: GET /session/ca2abbe84309923e96ecd53f817ddbdd/element/f.28BC222DDC5CE12B0F2B355DA12E6296.d.B7E448B2CBE5AB089FB17782ECB01727.e.8082/property/value - {}
RESULT: {}
COMMAND: POST /session/ca2abbe84309923e96ecd53f817ddbdd/element - {"using":"xpath","value":"//input[contains(@id ,\"requestCreationDialog--contract-inner\")]"}
COMMAND: GET /session/ca2abbe84309923e96ecd53f817ddbdd/screenshot - {}
RESULT: {"using":"xpath","value":"//input[contains(@id ,\"requestCreationDialog--contract-inner\")]"}
RESULT: undefined
COMMAND: POST /session/ca2abbe84309923e96ecd53f817ddbdd/element - {"using":"xpath","value":"//*[@id=\"requestCreationDialog--okButton\"]"}
RESULT: {}
RESULT: {"using":"xpath","value":"//*[@id=\"requestCreationDialog--okButton\"]"}
COMMAND: POST /session/ca2abbe84309923e96ecd53f817ddbdd/element/f.28BC222DDC5CE12B0F2B355DA12E6296.d.B7E448B2CBE5AB089FB17782ECB01727.e.8108/click - {}
RESULT: {}
COMMAND: GET /session/ca2abbe84309923e96ecd53f817ddbdd/screenshot - {}
RESULT: {}
COMMAND: POST /session/ca2abbe84309923e96ecd53f817ddbdd/element - {"using":"xpath","value":"//input[contains(@id ,\"searchFiledId-I\")]"}
RESULT: {"using":"xpath","value":"//input[contains(@id ,\"searchFiledId-I\")]"}
COMMAND: POST /session/ca2abbe84309923e96ecd53f817ddbdd/element/f.28BC222DDC5CE12B0F2B355DA12E6296.d.B7E448B2CBE5AB089FB17782ECB01727.e.8047/value - {"text":"Dri-Prime CD150M Diesel Pump"}
RESULT: {"text":"Dri-Prime CD150M Diesel Pump"}
COMMAND: POST /session/ca2abbe84309923e96ecd53f817ddbdd/actions - {"actions":[{"id":"action17","type":"key","parameters":{},"actions":[{"type":"keyDown","value":""},{"type":"pause","duration":10},{"type":"keyUp","value":""}]}]}
COMMAND: GET /session/ca2abbe84309923e96ecd53f817ddbdd/screenshot - {}
RESULT: {"actions":[{"id":"action17","type":"key","parameters":{},"actions":[{"type":"keyDown","value":""},{"type":"pause","duration":10},{"type":"keyUp","value":""}]}]}
COMMAND: GET /session/ca2abbe84309923e96ecd53f817ddbdd/screenshot - {}
RESULT: {}
RESULT: {}
COMMAND: POST /session/ca2abbe84309923e96ecd53f817ddbdd/element - {"using":"xpath","value":"//span[contains(@id ,\"subTitle\")][contains(text(), \"Dri-Prime CD150M Diesel Pump\")]"}
RESULT: {"using":"xpath","value":"//span[contains(@id ,\"subTitle\")][contains(text(), \"Dri-Prime CD150M Diesel Pump\")]"}
COMMAND: POST /session/ca2abbe84309923e96ecd53f817ddbdd/element/f.28BC222DDC5CE12B0F2B355DA12E6296.d.B7E448B2CBE5AB089FB17782ECB01727.e.8115/click - {}
RESULT: {}
COMMAND: GET /session/ca2abbe84309923e96ecd53f817ddbdd/screenshot - {}
RESULT: {}
COMMAND: POST /session/ca2abbe84309923e96ecd53f817ddbdd/element - {"using":"xpath","value":"//bdi[contains(text(), \"Add to Request\")]"}
RESULT: {"using":"xpath","value":"//bdi[contains(text(), \"Add to Request\")]"}
COMMAND: POST /session/ca2abbe84309923e96ecd53f817ddbdd/element/f.28BC222DDC5CE12B0F2B355DA12E6296.d.B7E448B2CBE5AB089FB17782ECB01727.e.8127/click - {}
RESULT: {}
COMMAND: GET /session/ca2abbe84309923e96ecd53f817ddbdd/screenshot - {}
RESULT: {}
COMMAND: POST /session/ca2abbe84309923e96ecd53f817ddbdd/element/f.28BC222DDC5CE12B0F2B355DA12E6296.d.B7E448B2CBE5AB089FB17782ECB01727.e.8127/click - {}
RESULT: {}
COMMAND: GET /session/ca2abbe84309923e96ecd53f817ddbdd/screenshot - {}
RESULT: {}
COMMAND: POST /session/ca2abbe84309923e96ecd53f817ddbdd/element - {"using":"xpath","value":"//*[contains(@id ,\"activeCartId-BDI-content\")]"}
RESULT: {"using":"xpath","value":"//*[contains(@id ,\"activeCartId-BDI-content\")]"}
COMMAND: POST /session/ca2abbe84309923e96ecd53f817ddbdd/element/f.28BC222DDC5CE12B0F2B355DA12E6296.d.B7E448B2CBE5AB089FB17782ECB01727.e.8137/click - {}
RESULT: {}
COMMAND: GET /session/ca2abbe84309923e96ecd53f817ddbdd/screenshot - {}
RESULT: {}
COMMAND: POST /session/ca2abbe84309923e96ecd53f817ddbdd/element - {"using":"xpath","value":"//bdi[contains(text(), \"Check out my request\")]"}
RESULT: {"using":"xpath","value":"//bdi[contains(text(), \"Check out my request\")]"}
COMMAND: POST /session/ca2abbe84309923e96ecd53f817ddbdd/element/f.28BC222DDC5CE12B0F2B355DA12E6296.d.B7E448B2CBE5AB089FB17782ECB01727.e.8139/click - {}
RESULT: {}
COMMAND: GET /session/ca2abbe84309923e96ecd53f817ddbdd/screenshot - {}
RESULT: {}
COMMAND: POST /session/ca2abbe84309923e96ecd53f817ddbdd/element - {"using":"xpath","value":"//div[contains(@data-kt ,\"characteristicsObjectStatus\")]"}
RESULT: {"using":"xpath","value":"//div[contains(@data-kt ,\"characteristicsObjectStatus\")]"}
COMMAND: POST /session/ca2abbe84309923e96ecd53f817ddbdd/element/f.28BC222DDC5CE12B0F2B355DA12E6296.d.B7E448B2CBE5AB089FB17782ECB01727.e.8192/click - {}
RESULT: {}
COMMAND: GET /session/ca2abbe84309923e96ecd53f817ddbdd/screenshot - {}
RESULT: {}
COMMAND: POST /session/ca2abbe84309923e96ecd53f817ddbdd/element - {"using":"xpath","value":"//input[contains(@id ,\"costObjectAdminTypeComboBox-inner\")]"}
RESULT: {"using":"xpath","value":"//input[contains(@id ,\"costObjectAdminTypeComboBox-inner\")]"}
COMMAND: POST /session/ca2abbe84309923e96ecd53f817ddbdd/element/f.28BC222DDC5CE12B0F2B355DA12E6296.d.B7E448B2CBE5AB089FB17782ECB01727.e.8193/clear - {}
RESULT: {}
COMMAND: POST /session/ca2abbe84309923e96ecd53f817ddbdd/element/f.28BC222DDC5CE12B0F2B355DA12E6296.d.B7E448B2CBE5AB089FB17782ECB01727.e.8193/value - {"text":"Cost Center"}
COMMAND: GET /session/ca2abbe84309923e96ecd53f817ddbdd/screenshot - {}
RESULT: {"text":"Cost Center"}
COMMAND: GET /session/ca2abbe84309923e96ecd53f817ddbdd/screenshot - {}
RESULT: {}
RESULT: {}
COMMAND: POST /session/ca2abbe84309923e96ecd53f817ddbdd/actions - {"actions":[{"id":"action18","type":"key","parameters":{},"actions":[{"type":"keyDown","value":""},{"type":"pause","duration":10},{"type":"keyUp","value":""}]}]}
RESULT: {"actions":[{"id":"action18","type":"key","parameters":{},"actions":[{"type":"keyDown","value":""},{"type":"pause","duration":10},{"type":"keyUp","value":""}]}]}
COMMAND: GET /session/ca2abbe84309923e96ecd53f817ddbdd/screenshot - {}
RESULT: {}
COMMAND: POST /session/ca2abbe84309923e96ecd53f817ddbdd/element - {"using":"xpath","value":"//input[contains(@id ,\"costObjectIdComboBox-inner\")]"}
RESULT: {"using":"xpath","value":"//input[contains(@id ,\"costObjectIdComboBox-inner\")]"}
COMMAND: POST /session/ca2abbe84309923e96ecd53f817ddbdd/element/f.28BC222DDC5CE12B0F2B355DA12E6296.d.B7E448B2CBE5AB089FB17782ECB01727.e.8204/clear - {}
RESULT: {}
COMMAND: POST /session/ca2abbe84309923e96ecd53f817ddbdd/element/f.28BC222DDC5CE12B0F2B355DA12E6296.d.B7E448B2CBE5AB089FB17782ECB01727.e.8204/value - {"text":"Vigra"}
COMMAND: GET /session/ca2abbe84309923e96ecd53f817ddbdd/screenshot - {}
RESULT: {"text":"Vigra"}
COMMAND: GET /session/ca2abbe84309923e96ecd53f817ddbdd/screenshot - {}
RESULT: {}
RESULT: {}
COMMAND: POST /session/ca2abbe84309923e96ecd53f817ddbdd/actions - {"actions":[{"id":"action19","type":"key","parameters":{},"actions":[{"type":"keyDown","value":""},{"type":"pause","duration":10},{"type":"keyUp","value":""}]}]}
RESULT: {"actions":[{"id":"action19","type":"key","parameters":{},"actions":[{"type":"keyDown","value":""},{"type":"pause","duration":10},{"type":"keyUp","value":""}]}]}
COMMAND: GET /session/ca2abbe84309923e96ecd53f817ddbdd/screenshot - {}
RESULT: {}
COMMAND: POST /session/ca2abbe84309923e96ecd53f817ddbdd/element - {"using":"xpath","value":"//bdi[contains(text(), \"Save\")]"}
RESULT: {"using":"xpath","value":"//bdi[contains(text(), \"Save\")]"}
COMMAND: POST /session/ca2abbe84309923e96ecd53f817ddbdd/element/f.28BC222DDC5CE12B0F2B355DA12E6296.d.B7E448B2CBE5AB089FB17782ECB01727.e.8209/click - {}
RESULT: {}
COMMAND: GET /session/ca2abbe84309923e96ecd53f817ddbdd/screenshot - {}
RESULT: {}
COMMAND: POST /session/ca2abbe84309923e96ecd53f817ddbdd/element - {"using":"xpath","value":"(//div[contains(@data-kt ,\"characteristicsObjectStatus\")])[2]"}
RESULT: {"using":"xpath","value":"(//div[contains(@data-kt ,\"characteristicsObjectStatus\")])[2]"}
COMMAND: POST /session/ca2abbe84309923e96ecd53f817ddbdd/element/f.28BC222DDC5CE12B0F2B355DA12E6296.d.B7E448B2CBE5AB089FB17782ECB01727.e.8213/click - {}
RESULT: {}
COMMAND: GET /session/ca2abbe84309923e96ecd53f817ddbdd/screenshot - {}
RESULT: {}
COMMAND: POST /session/ca2abbe84309923e96ecd53f817ddbdd/element - {"using":"xpath","value":"//input[contains(@id ,\"costObjectAdminTypeComboBox-inner\")]"}
RESULT: {"using":"xpath","value":"//input[contains(@id ,\"costObjectAdminTypeComboBox-inner\")]"}
COMMAND: POST /session/ca2abbe84309923e96ecd53f817ddbdd/element/f.28BC222DDC5CE12B0F2B355DA12E6296.d.B7E448B2CBE5AB089FB17782ECB01727.e.8230/clear - {}
RESULT: {}
COMMAND: POST /session/ca2abbe84309923e96ecd53f817ddbdd/element/f.28BC222DDC5CE12B0F2B355DA12E6296.d.B7E448B2CBE5AB089FB17782ECB01727.e.8230/value - {"text":"Cost Center"}
COMMAND: GET /session/ca2abbe84309923e96ecd53f817ddbdd/screenshot - {}
RESULT: {"text":"Cost Center"}
COMMAND: GET /session/ca2abbe84309923e96ecd53f817ddbdd/screenshot - {}
RESULT: {}
RESULT: {}
COMMAND: POST /session/ca2abbe84309923e96ecd53f817ddbdd/actions - {"actions":[{"id":"action20","type":"key","parameters":{},"actions":[{"type":"keyDown","value":""},{"type":"pause","duration":10},{"type":"keyUp","value":""}]}]}
RESULT: {"actions":[{"id":"action20","type":"key","parameters":{},"actions":[{"type":"keyDown","value":""},{"type":"pause","duration":10},{"type":"keyUp","value":""}]}]}
COMMAND: GET /session/ca2abbe84309923e96ecd53f817ddbdd/screenshot - {}
RESULT: {}
COMMAND: POST /session/ca2abbe84309923e96ecd53f817ddbdd/element - {"using":"xpath","value":"//input[contains(@id ,\"costObjectIdComboBox-inner\")]"}
RESULT: {"using":"xpath","value":"//input[contains(@id ,\"costObjectIdComboBox-inner\")]"}
COMMAND: POST /session/ca2abbe84309923e96ecd53f817ddbdd/element/f.28BC222DDC5CE12B0F2B355DA12E6296.d.B7E448B2CBE5AB089FB17782ECB01727.e.8240/clear - {}
RESULT: {}
COMMAND: POST /session/ca2abbe84309923e96ecd53f817ddbdd/element/f.28BC222DDC5CE12B0F2B355DA12E6296.d.B7E448B2CBE5AB089FB17782ECB01727.e.8240/value - {"text":"Vigra"}
COMMAND: GET /session/ca2abbe84309923e96ecd53f817ddbdd/screenshot - {}
RESULT: {"text":"Vigra"}
COMMAND: GET /session/ca2abbe84309923e96ecd53f817ddbdd/screenshot - {}
RESULT: {}
RESULT: {}
COMMAND: POST /session/ca2abbe84309923e96ecd53f817ddbdd/actions - {"actions":[{"id":"action21","type":"key","parameters":{},"actions":[{"type":"keyDown","value":""},{"type":"pause","duration":10},{"type":"keyUp","value":""}]}]}
RESULT: {"actions":[{"id":"action21","type":"key","parameters":{},"actions":[{"type":"keyDown","value":""},{"type":"pause","duration":10},{"type":"keyUp","value":""}]}]}
COMMAND: GET /session/ca2abbe84309923e96ecd53f817ddbdd/screenshot - {}
RESULT: {}
COMMAND: POST /session/ca2abbe84309923e96ecd53f817ddbdd/element - {"using":"xpath","value":"//bdi[contains(text(), \"Save\")]"}
RESULT: {"using":"xpath","value":"//bdi[contains(text(), \"Save\")]"}
COMMAND: POST /session/ca2abbe84309923e96ecd53f817ddbdd/element/f.28BC222DDC5CE12B0F2B355DA12E6296.d.B7E448B2CBE5AB089FB17782ECB01727.e.8245/click - {}
RESULT: {}
COMMAND: GET /session/ca2abbe84309923e96ecd53f817ddbdd/screenshot - {}
RESULT: {}
COMMAND: POST /session/ca2abbe84309923e96ecd53f817ddbdd/element - {"using":"xpath","value":"(//header/div[1]/div[3]/div/span)[1]"}
RESULT: {"using":"xpath","value":"(//header/div[1]/div[3]/div/span)[1]"}
COMMAND: POST /session/ca2abbe84309923e96ecd53f817ddbdd/execute/sync - {"script":"<script> [149 bytes]","args":[{"element-6066-11e4-a52e-4f735466cecf":"f.28BC222DDC5CE12B0F2B355DA12E6296.d.B7E448B2CBE5AB089FB17782ECB01727.e.8265","ELEMENT":"f.28BC222DDC5CE12B0F2B355DA12E6296.d.B7E448B2CBE5AB089FB17782ECB01727.e.8265"},false]}
RESULT: {"script":"<script> [149 bytes]","args":[{"element-6066-11e4-a52e-4f735466cecf":"f.28BC222DDC5CE12B0F2B355DA12E6296.d.B7E448B2CBE5AB089FB17782ECB01727.e.8265","ELEMENT":"f.28BC222DDC5CE12B0F2B355DA12E6296.d.B7E448B2CBE5AB089FB17782ECB01727.e.8265"},false]}
COMMAND: POST /session/ca2abbe84309923e96ecd53f817ddbdd/execute/async - {"script":"<script> [1562 bytes]","args":[{"selector":{"id":"pickUpSwitchHeader","viewName":"etm.portal.ui.webshop.view.RequestDetail","interaction":{"idSuffix":"textoff"}},"wdio_ui5_key":"pickUpSwitchHeaderetmportal.ui.webshop.view.RequestDetail"}]}
COMMAND: GET /session/ca2abbe84309923e96ecd53f817ddbdd/screenshot - {}
RESULT: {"script":"<script> [1562 bytes]","args":[{"selector":{"id":"pickUpSwitchHeader","viewName":"etm.portal.ui.webshop.view.RequestDetail","interaction":{"idSuffix":"textoff"}},"wdio_ui5_key":"pickUpSwitchHeaderetmportal.ui.webshop.view.RequestDetail"}]}
RESULT: undefined
COMMAND: POST /session/ca2abbe84309923e96ecd53f817ddbdd/element - {"using":"xpath","value":"//*[@id=\"__xmlview76--pickUpSwitchHeader\"]"}
RESULT: {}
RESULT: {"using":"xpath","value":"//*[@id=\"__xmlview76--pickUpSwitchHeader\"]"}
COMMAND: POST /session/ca2abbe84309923e96ecd53f817ddbdd/element/f.28BC222DDC5CE12B0F2B355DA12E6296.d.B7E448B2CBE5AB089FB17782ECB01727.e.8267/click - {}
RESULT: {}
COMMAND: GET /session/ca2abbe84309923e96ecd53f817ddbdd/screenshot - {}
RESULT: {}
COMMAND: POST /session/ca2abbe84309923e96ecd53f817ddbdd/execute/async - {"script":"<script> [1562 bytes]","args":[{"selector":{"controlType":"sap.m.Button","viewName":"etm.portal.ui.webshop.view.RequestDetail","bindingPath":{"path":"/RequestItems(REQUEST='20087',ITEM=10m)","propertyPath":"STATUS"}},"wdio_ui5_key":"etmportal.ui.webshop.view.RequestDetailsap.m.Button{\"path\":\"/RequestItems(REQUEST='20087',ITEM=10m)\",\"propertyPath\":\"STATUS\"}"}]}
RESULT: {"script":"<script> [1562 bytes]","args":[{"selector":{"controlType":"sap.m.Button","viewName":"etm.portal.ui.webshop.view.RequestDetail","bindingPath":{"path":"/RequestItems(REQUEST='20087',ITEM=10m)","propertyPath":"STATUS"}},"wdio_ui5_key":"etmportal.ui.webshop.view.RequestDetailsap.m.Button{\"path\":\"/RequestItems(REQUEST='20087',ITEM=10m)\",\"propertyPath\":\"STATUS\"}"}]}
RESULT: undefined
COMMAND: POST /session/ca2abbe84309923e96ecd53f817ddbdd/execute/async - {"script":"<script> [6424 bytes]","args":[{"element-6066-11e4-a52e-4f735466cecf":"f.28BC222DDC5CE12B0F2B355DA12E6296.d.B7E448B2CBE5AB089FB17782ECB01727.e.8271"},"getType",[]]}
RESULT: {"script":"<script> [6424 bytes]","args":[{"element-6066-11e4-a52e-4f735466cecf":"f.28BC222DDC5CE12B0F2B355DA12E6296.d.B7E448B2CBE5AB089FB17782ECB01727.e.8271"},"getType",[]]}
COMMAND: POST /session/ca2abbe84309923e96ecd53f817ddbdd/execute/async - {"script":"<script> [1562 bytes]","args":[{"selector":{"controlType":"sap.m.Button","viewName":"etm.portal.ui.webshop.view.RequestDetail","bindingPath":{"path":"/RequestItems(REQUEST='20087',ITEM=20m)","propertyPath":"STATUS"}},"wdio_ui5_key":"etmportal.ui.webshop.view.RequestDetailsap.m.Button{\"path\":\"/RequestItems(REQUEST='20087',ITEM=20m)\",\"propertyPath\":\"STATUS\"}"}]}
RESULT: {"script":"<script> [1562 bytes]","args":[{"selector":{"controlType":"sap.m.Button","viewName":"etm.portal.ui.webshop.view.RequestDetail","bindingPath":{"path":"/RequestItems(REQUEST='20087',ITEM=20m)","propertyPath":"STATUS"}},"wdio_ui5_key":"etmportal.ui.webshop.view.RequestDetailsap.m.Button{\"path\":\"/RequestItems(REQUEST='20087',ITEM=20m)\",\"propertyPath\":\"STATUS\"}"}]}
RESULT: undefined
COMMAND: POST /session/ca2abbe84309923e96ecd53f817ddbdd/execute/async - {"script":"<script> [6424 bytes]","args":[{"element-6066-11e4-a52e-4f735466cecf":"f.28BC222DDC5CE12B0F2B355DA12E6296.d.B7E448B2CBE5AB089FB17782ECB01727.e.8272"},"getType",[]]}
RESULT: {"script":"<script> [6424 bytes]","args":[{"element-6066-11e4-a52e-4f735466cecf":"f.28BC222DDC5CE12B0F2B355DA12E6296.d.B7E448B2CBE5AB089FB17782ECB01727.e.8272"},"getType",[]]}
RESULT: undefined
COMMAND: POST /session/ca2abbe84309923e96ecd53f817ddbdd/element - {"using":"xpath","value":"//*[@id=\"__xmlview76--pickUpItemButton-__clone19003\"]"}
RESULT: {"using":"xpath","value":"//*[@id=\"__xmlview76--pickUpItemButton-__clone19003\"]"}
COMMAND: POST /session/ca2abbe84309923e96ecd53f817ddbdd/element/f.28BC222DDC5CE12B0F2B355DA12E6296.d.B7E448B2CBE5AB089FB17782ECB01727.e.8271/click - {}
RESULT: {}
COMMAND: GET /session/ca2abbe84309923e96ecd53f817ddbdd/screenshot - {}
RESULT: {}
COMMAND: POST /session/ca2abbe84309923e96ecd53f817ddbdd/element - {"using":"xpath","value":"//span[contains(@class ,\"sapMBtnInner sapMBtnHoverable sapMFocusable sapMBtnText sapMBtnDefault\")][contains(@id ,\"pickUpItemButton\")]"}
RESULT: {"using":"xpath","value":"//span[contains(@class ,\"sapMBtnInner sapMBtnHoverable sapMFocusable sapMBtnText sapMBtnDefault\")][contains(@id ,\"pickUpItemButton\")]"}
COMMAND: POST /session/ca2abbe84309923e96ecd53f817ddbdd/execute/sync - {"script":"<script> [8489 bytes]","args":[{"element-6066-11e4-a52e-4f735466cecf":"f.28BC222DDC5CE12B0F2B355DA12E6296.d.B7E448B2CBE5AB089FB17782ECB01727.e.8273","ELEMENT":"f.28BC222DDC5CE12B0F2B355DA12E6296.d.B7E448B2CBE5AB089FB17782ECB01727.e.8273"}]}
RESULT: undefined
COMMAND: POST /session/ca2abbe84309923e96ecd53f817ddbdd/execute/async - {"script":"<script> [6424 bytes]","args":[{"element-6066-11e4-a52e-4f735466cecf":"f.28BC222DDC5CE12B0F2B355DA12E6296.d.B7E448B2CBE5AB089FB17782ECB01727.e.8266"},"getState",[]]}
RESULT: {"script":"<script> [6424 bytes]","args":[{"element-6066-11e4-a52e-4f735466cecf":"f.28BC222DDC5CE12B0F2B355DA12E6296.d.B7E448B2CBE5AB089FB17782ECB01727.e.8266"},"getState",[]]}
COMMAND: POST /session/ca2abbe84309923e96ecd53f817ddbdd/execute/async - {"script":"<script> [1562 bytes]","args":[{"selector":{"id":"editRequest","viewName":"etm.portal.ui.webshop.view.RequestDetail","interaction":{"idSuffix":"BDI-content"}},"wdio_ui5_key":"editRequestetmportal.ui.webshop.view.RequestDetail"}]}
RESULT: {"script":"<script> [8489 bytes]","args":[{"element-6066-11e4-a52e-4f735466cecf":"f.28BC222DDC5CE12B0F2B355DA12E6296.d.B7E448B2CBE5AB089FB17782ECB01727.e.8273","ELEMENT":"f.28BC222DDC5CE12B0F2B355DA12E6296.d.B7E448B2CBE5AB089FB17782ECB01727.e.8273"}]}
COMMAND: GET /session/ca2abbe84309923e96ecd53f817ddbdd/screenshot - {}
RESULT: {"script":"<script> [1562 bytes]","args":[{"selector":{"id":"editRequest","viewName":"etm.portal.ui.webshop.view.RequestDetail","interaction":{"idSuffix":"BDI-content"}},"wdio_ui5_key":"editRequestetmportal.ui.webshop.view.RequestDetail"}]}
RESULT: undefined
COMMAND: POST /session/ca2abbe84309923e96ecd53f817ddbdd/element - {"using":"xpath","value":"//*[@id=\"__xmlview76--editRequest\"]"}
COMMAND: POST /session/ca2abbe84309923e96ecd53f817ddbdd/execute/sync - {"script":"<script> [8489 bytes]","args":[{"element-6066-11e4-a52e-4f735466cecf":"f.28BC222DDC5CE12B0F2B355DA12E6296.d.B7E448B2CBE5AB089FB17782ECB01727.e.8273","ELEMENT":"f.28BC222DDC5CE12B0F2B355DA12E6296.d.B7E448B2CBE5AB089FB17782ECB01727.e.8273"}]}
RESULT: {}
RESULT: {"using":"xpath","value":"//*[@id=\"__xmlview76--editRequest\"]"}
COMMAND: POST /session/ca2abbe84309923e96ecd53f817ddbdd/element/f.28BC222DDC5CE12B0F2B355DA12E6296.d.B7E448B2CBE5AB089FB17782ECB01727.e.8275/click - {}
RESULT: {"script":"<script> [8489 bytes]","args":[{"element-6066-11e4-a52e-4f735466cecf":"f.28BC222DDC5CE12B0F2B355DA12E6296.d.B7E448B2CBE5AB089FB17782ECB01727.e.8273","ELEMENT":"f.28BC222DDC5CE12B0F2B355DA12E6296.d.B7E448B2CBE5AB089FB17782ECB01727.e.8273"}]}
COMMAND: GET /session/ca2abbe84309923e96ecd53f817ddbdd/screenshot - {}
RESULT: {}
COMMAND: GET /session/ca2abbe84309923e96ecd53f817ddbdd/screenshot - {}
COMMAND: POST /session/ca2abbe84309923e96ecd53f817ddbdd/execute/sync - {"script":"<script> [8489 bytes]","args":[{"element-6066-11e4-a52e-4f735466cecf":"f.28BC222DDC5CE12B0F2B355DA12E6296.d.B7E448B2CBE5AB089FB17782ECB01727.e.8273","ELEMENT":"f.28BC222DDC5CE12B0F2B355DA12E6296.d.B7E448B2CBE5AB089FB17782ECB01727.e.8273"}]}
RESULT: {}
RESULT: {}
RESULT: {"script":"<script> [8489 bytes]","args":[{"element-6066-11e4-a52e-4f735466cecf":"f.28BC222DDC5CE12B0F2B355DA12E6296.d.B7E448B2CBE5AB089FB17782ECB01727.e.8273","ELEMENT":"f.28BC222DDC5CE12B0F2B355DA12E6296.d.B7E448B2CBE5AB089FB17782ECB01727.e.8273"}]}
COMMAND: GET /session/ca2abbe84309923e96ecd53f817ddbdd/screenshot - {}
COMMAND: POST /session/ca2abbe84309923e96ecd53f817ddbdd/execute/sync - {"script":"<script> [8489 bytes]","args":[{"element-6066-11e4-a52e-4f735466cecf":"f.28BC222DDC5CE12B0F2B355DA12E6296.d.B7E448B2CBE5AB089FB17782ECB01727.e.8273","ELEMENT":"f.28BC222DDC5CE12B0F2B355DA12E6296.d.B7E448B2CBE5AB089FB17782ECB01727.e.8273"}]}
RESULT: {}
RESULT: {"script":"<script> [8489 bytes]","args":[{"element-6066-11e4-a52e-4f735466cecf":"f.28BC222DDC5CE12B0F2B355DA12E6296.d.B7E448B2CBE5AB089FB17782ECB01727.e.8273","ELEMENT":"f.28BC222DDC5CE12B0F2B355DA12E6296.d.B7E448B2CBE5AB089FB17782ECB01727.e.8273"}]}
COMMAND: GET /session/ca2abbe84309923e96ecd53f817ddbdd/screenshot - {}
RESULT: {}
COMMAND: POST /session/ca2abbe84309923e96ecd53f817ddbdd/element - {"using":"xpath","value":"//input[contains(@id ,\"startDate\")]"}
RESULT: {"using":"xpath","value":"//input[contains(@id ,\"startDate\")]"}
COMMAND: POST /session/ca2abbe84309923e96ecd53f817ddbdd/element/f.28BC222DDC5CE12B0F2B355DA12E6296.d.B7E448B2CBE5AB089FB17782ECB01727.e.8289/click - {}
RESULT: {}
COMMAND: POST /session/ca2abbe84309923e96ecd53f817ddbdd/actions - {"actions":[{"id":"action22","type":"key","parameters":{},"actions":[{"type":"keyDown","value":""},{"type":"keyDown","value":"a"},{"type":"pause","duration":10},{"type":"keyUp","value":""},{"type":"keyUp","value":"a"}]}]}
COMMAND: GET /session/ca2abbe84309923e96ecd53f817ddbdd/screenshot - {}
RESULT: {"actions":[{"id":"action22","type":"key","parameters":{},"actions":[{"type":"keyDown","value":""},{"type":"keyDown","value":"a"},{"type":"pause","duration":10},{"type":"keyUp","value":""},{"type":"keyUp","value":"a"}]}]}
COMMAND: POST /session/ca2abbe84309923e96ecd53f817ddbdd/actions - {"actions":[{"id":"action23","type":"key","parameters":{},"actions":[{"type":"keyDown","value":""},{"type":"pause","duration":10},{"type":"keyUp","value":""}]}]}
COMMAND: GET /session/ca2abbe84309923e96ecd53f817ddbdd/screenshot - {}
RESULT: {}
RESULT: {"actions":[{"id":"action23","type":"key","parameters":{},"actions":[{"type":"keyDown","value":""},{"type":"pause","duration":10},{"type":"keyUp","value":""}]}]}
COMMAND: GET /session/ca2abbe84309923e96ecd53f817ddbdd/screenshot - {}
RESULT: {}
RESULT: {}
COMMAND: POST /session/ca2abbe84309923e96ecd53f817ddbdd/element/f.28BC222DDC5CE12B0F2B355DA12E6296.d.B7E448B2CBE5AB089FB17782ECB01727.e.8289/clear - {}
RESULT: {}
COMMAND: POST /session/ca2abbe84309923e96ecd53f817ddbdd/element/f.28BC222DDC5CE12B0F2B355DA12E6296.d.B7E448B2CBE5AB089FB17782ECB01727.e.8289/value - {"text":"5/30/25"}
COMMAND: GET /session/ca2abbe84309923e96ecd53f817ddbdd/screenshot - {}
RESULT: {"text":"5/30/25"}
COMMAND: POST /session/ca2abbe84309923e96ecd53f817ddbdd/actions - {"actions":[{"id":"action24","type":"key","parameters":{},"actions":[{"type":"keyDown","value":""},{"type":"pause","duration":10},{"type":"keyUp","value":""}]}]}
COMMAND: GET /session/ca2abbe84309923e96ecd53f817ddbdd/screenshot - {}
RESULT: {}
RESULT: {"actions":[{"id":"action24","type":"key","parameters":{},"actions":[{"type":"keyDown","value":""},{"type":"pause","duration":10},{"type":"keyUp","value":""}]}]}
COMMAND: GET /session/ca2abbe84309923e96ecd53f817ddbdd/screenshot - {}
RESULT: {}
RESULT: {}
COMMAND: POST /session/ca2abbe84309923e96ecd53f817ddbdd/element - {"using":"xpath","value":"//input[contains(@id ,\"endDate\")]"}
RESULT: {"using":"xpath","value":"//input[contains(@id ,\"endDate\")]"}
COMMAND: GET /session/ca2abbe84309923e96ecd53f817ddbdd/element/f.28BC222DDC5CE12B0F2B355DA12E6296.d.B7E448B2CBE5AB089FB17782ECB01727.e.8292/property/value - {}
RESULT: {}
COMMAND: POST /session/ca2abbe84309923e96ecd53f817ddbdd/execute/async - {"script":"<script> [1562 bytes]","args":[{"selector":{"controlType":"sap.ui.core.Icon","viewName":"etm.portal.ui.webshop.view.RequestEdit","properties":{"src":{"regex":{"source":"action\\-settings"}}}},"wdio_ui5_key":"etmportal.ui.webshop.view.RequestEditsap.ui.core.Icon{\"src\":{\"regex\":{\"source\":\"action\\\\-settings\"}}}"}]}
COMMAND: GET /session/ca2abbe84309923e96ecd53f817ddbdd/screenshot - {}
RESULT: {"script":"<script> [1562 bytes]","args":[{"selector":{"controlType":"sap.ui.core.Icon","viewName":"etm.portal.ui.webshop.view.RequestEdit","properties":{"src":{"regex":{"source":"action\\-settings"}}}},"wdio_ui5_key":"etmportal.ui.webshop.view.RequestEditsap.ui.core.Icon{\"src\":{\"regex\":{\"source\":\"action\\\\-settings\"}}}"}]}
RESULT: undefined
COMMAND: POST /session/ca2abbe84309923e96ecd53f817ddbdd/element - {"using":"xpath","value":"//*[@id=\"__xmlview77--smartTable-btnPersonalisation-img\"]"}
RESULT: {}
RESULT: {"using":"xpath","value":"//*[@id=\"__xmlview77--smartTable-btnPersonalisation-img\"]"}
COMMAND: POST /session/ca2abbe84309923e96ecd53f817ddbdd/element/f.28BC222DDC5CE12B0F2B355DA12E6296.d.B7E448B2CBE5AB089FB17782ECB01727.e.8322/click - {}
RESULT: {}
COMMAND: POST /session/ca2abbe84309923e96ecd53f817ddbdd/element - {"using":"xpath","value":"//input[contains(@id ,\"searchField-I\")]"}
COMMAND: GET /session/ca2abbe84309923e96ecd53f817ddbdd/screenshot - {}
RESULT: {"using":"xpath","value":"//input[contains(@id ,\"searchField-I\")]"}
COMMAND: POST /session/ca2abbe84309923e96ecd53f817ddbdd/element/f.28BC222DDC5CE12B0F2B355DA12E6296.d.B7E448B2CBE5AB089FB17782ECB01727.e.8328/clear - {}
RESULT: {}
RESULT: {}
COMMAND: POST /session/ca2abbe84309923e96ecd53f817ddbdd/element/f.28BC222DDC5CE12B0F2B355DA12E6296.d.B7E448B2CBE5AB089FB17782ECB01727.e.8328/value - {"text":"time"}
COMMAND: GET /session/ca2abbe84309923e96ecd53f817ddbdd/screenshot - {}
RESULT: {"text":"time"}
COMMAND: GET /session/ca2abbe84309923e96ecd53f817ddbdd/screenshot - {}
RESULT: {}
RESULT: {}
COMMAND: POST /session/ca2abbe84309923e96ecd53f817ddbdd/element - {"using":"xpath","value":"//div[contains(@id ,\"innerSelectionPanelTable-sa-CbBg\")]"}
RESULT: {"using":"xpath","value":"//div[contains(@id ,\"innerSelectionPanelTable-sa-CbBg\")]"}
COMMAND: POST /session/ca2abbe84309923e96ecd53f817ddbdd/element/f.28BC222DDC5CE12B0F2B355DA12E6296.d.B7E448B2CBE5AB089FB17782ECB01727.e.8350/click - {}
RESULT: {}
COMMAND: POST /session/ca2abbe84309923e96ecd53f817ddbdd/element - {"using":"xpath","value":"//bdi[contains(text(), \"OK\")]"}
COMMAND: GET /session/ca2abbe84309923e96ecd53f817ddbdd/screenshot - {}
RESULT: {"using":"xpath","value":"//bdi[contains(text(), \"OK\")]"}
COMMAND: POST /session/ca2abbe84309923e96ecd53f817ddbdd/element/f.28BC222DDC5CE12B0F2B355DA12E6296.d.B7E448B2CBE5AB089FB17782ECB01727.e.8351/click - {}
RESULT: {}
RESULT: {}
COMMAND: GET /session/ca2abbe84309923e96ecd53f817ddbdd/screenshot - {}
RESULT: {}
COMMAND: POST /session/ca2abbe84309923e96ecd53f817ddbdd/execute/async - {"script":"<script> [1562 bytes]","args":[{"selector":{"controlType":"sap.m.CheckBox","viewName":"etm.portal.ui.webshop.view.RequestEdit","properties":{"editable":true},"ancestor":{"controlType":"sap.m.ColumnListItem","viewName":"etm.portal.ui.webshop.view.RequestEdit","bindingPath":{"path":"/RequestItems(REQUEST='20087',ITEM=10m)"},"ancestor":{"id":"customTable","viewName":"etm.portal.ui.webshop.view.RequestEdit"}},"interaction":{"idSuffix":"CbBg"}},"wdio_ui5_key":"etmportal.ui.webshop.view.RequestEditsap.m.CheckBox{\"editable\":true}{\"controlType\":\"sap.m.ColumnListItem\",\"viewName\":\"etm.portal.ui.webshop.view.RequestEdit\",\"bindingPath\":{\"path\":\"/RequestItems(REQUEST='20087',ITEM=10m)\"},\"ancestor\":{\"id\":\"customTable\",\"viewName\":\"etm.portal.ui.webshop.view.RequestEdit\"}}"}]}
RESULT: {"script":"<script> [1562 bytes]","args":[{"selector":{"controlType":"sap.m.CheckBox","viewName":"etm.portal.ui.webshop.view.RequestEdit","properties":{"editable":true},"ancestor":{"controlType":"sap.m.ColumnListItem","viewName":"etm.portal.ui.webshop.view.RequestEdit","bindingPath":{"path":"/RequestItems(REQUEST='20087',ITEM=10m)"},"ancestor":{"id":"customTable","viewName":"etm.portal.ui.webshop.view.RequestEdit"}},"interaction":{"idSuffix":"CbBg"}},"wdio_ui5_key":"etmportal.ui.webshop.view.RequestEditsap.m.CheckBox{\"editable\":true}{\"controlType\":\"sap.m.ColumnListItem\",\"viewName\":\"etm.portal.ui.webshop.view.RequestEdit\",\"bindingPath\":{\"path\":\"/RequestItems(REQUEST='20087',ITEM=10m)\"},\"ancestor\":{\"id\":\"customTable\",\"viewName\":\"etm.portal.ui.webshop.view.RequestEdit\"}}"}]}
RESULT: undefined
COMMAND: POST /session/ca2abbe84309923e96ecd53f817ddbdd/element - {"using":"xpath","value":"//*[@id=\"__item2976-__clone19414-selectMulti\"]"}
RESULT: {"using":"xpath","value":"//*[@id=\"__item2976-__clone19414-selectMulti\"]"}
COMMAND: POST /session/ca2abbe84309923e96ecd53f817ddbdd/element/f.28BC222DDC5CE12B0F2B355DA12E6296.d.B7E448B2CBE5AB089FB17782ECB01727.e.8390/click - {}
RESULT: {}
COMMAND: POST /session/ca2abbe84309923e96ecd53f817ddbdd/execute/async - {"script":"<script> [1562 bytes]","args":[{"selector":{"controlType":"sap.m.Button","viewName":"etm.portal.ui.webshop.view.RequestEdit","i18NText":{"propertyName":"text","key":"update"},"interaction":{"idSuffix":"BDI-content"}},"wdio_ui5_key":"etmportal.ui.webshop.view.RequestEditsap.m.Button{\"propertyName\":\"text\",\"key\":\"update\"}"}]}
COMMAND: GET /session/ca2abbe84309923e96ecd53f817ddbdd/screenshot - {}
RESULT: {"script":"<script> [1562 bytes]","args":[{"selector":{"controlType":"sap.m.Button","viewName":"etm.portal.ui.webshop.view.RequestEdit","i18NText":{"propertyName":"text","key":"update"},"interaction":{"idSuffix":"BDI-content"}},"wdio_ui5_key":"etmportal.ui.webshop.view.RequestEditsap.m.Button{\"propertyName\":\"text\",\"key\":\"update\"}"}]}
RESULT: undefined
COMMAND: POST /session/ca2abbe84309923e96ecd53f817ddbdd/element - {"using":"xpath","value":"//*[@id=\"__button480\"]"}
RESULT: {}
RESULT: {"using":"xpath","value":"//*[@id=\"__button480\"]"}
COMMAND: POST /session/ca2abbe84309923e96ecd53f817ddbdd/element/f.28BC222DDC5CE12B0F2B355DA12E6296.d.B7E448B2CBE5AB089FB17782ECB01727.e.8392/click - {}
RESULT: {}
COMMAND: POST /session/ca2abbe84309923e96ecd53f817ddbdd/element - {"using":"xpath","value":"(//input[contains(@id ,\"startDateRI\")])[1]"}
COMMAND: GET /session/ca2abbe84309923e96ecd53f817ddbdd/screenshot - {}
RESULT: {"using":"xpath","value":"(//input[contains(@id ,\"startDateRI\")])[1]"}
COMMAND: GET /session/ca2abbe84309923e96ecd53f817ddbdd/element/f.28BC222DDC5CE12B0F2B355DA12E6296.d.B7E448B2CBE5AB089FB17782ECB01727.e.8379/property/value - {}
RESULT: {}
RESULT: {}
RESULT: undefined
COMMAND: POST /session/ca2abbe84309923e96ecd53f817ddbdd/element - {"using":"xpath","value":"//*[@id=\"__item2976-__clone19414-selectMulti\"]"}
COMMAND: GET /session/ca2abbe84309923e96ecd53f817ddbdd/screenshot - {}
RESULT: {"using":"xpath","value":"//*[@id=\"__item2976-__clone19414-selectMulti\"]"}
COMMAND: POST /session/ca2abbe84309923e96ecd53f817ddbdd/element/f.28BC222DDC5CE12B0F2B355DA12E6296.d.B7E448B2CBE5AB089FB17782ECB01727.e.8390/click - {}
RESULT: {}
RESULT: {}
COMMAND: POST /session/ca2abbe84309923e96ecd53f817ddbdd/execute/async - {"script":"<script> [1562 bytes]","args":[{"selector":{"controlType":"sap.m.CheckBox","viewName":"etm.portal.ui.webshop.view.RequestEdit","properties":{"editable":true},"ancestor":{"controlType":"sap.m.ColumnListItem","viewName":"etm.portal.ui.webshop.view.RequestEdit","bindingPath":{"path":"/RequestItems(REQUEST='20087',ITEM=20m)"},"ancestor":{"id":"customTable","viewName":"etm.portal.ui.webshop.view.RequestEdit"}},"interaction":{"idSuffix":"CbBg"}},"wdio_ui5_key":"etmportal.ui.webshop.view.RequestEditsap.m.CheckBox{\"editable\":true}{\"controlType\":\"sap.m.ColumnListItem\",\"viewName\":\"etm.portal.ui.webshop.view.RequestEdit\",\"bindingPath\":{\"path\":\"/RequestItems(REQUEST='20087',ITEM=20m)\"},\"ancestor\":{\"id\":\"customTable\",\"viewName\":\"etm.portal.ui.webshop.view.RequestEdit\"}}"}]}
COMMAND: GET /session/ca2abbe84309923e96ecd53f817ddbdd/screenshot - {}
RESULT: {"script":"<script> [1562 bytes]","args":[{"selector":{"controlType":"sap.m.CheckBox","viewName":"etm.portal.ui.webshop.view.RequestEdit","properties":{"editable":true},"ancestor":{"controlType":"sap.m.ColumnListItem","viewName":"etm.portal.ui.webshop.view.RequestEdit","bindingPath":{"path":"/RequestItems(REQUEST='20087',ITEM=20m)"},"ancestor":{"id":"customTable","viewName":"etm.portal.ui.webshop.view.RequestEdit"}},"interaction":{"idSuffix":"CbBg"}},"wdio_ui5_key":"etmportal.ui.webshop.view.RequestEditsap.m.CheckBox{\"editable\":true}{\"controlType\":\"sap.m.ColumnListItem\",\"viewName\":\"etm.portal.ui.webshop.view.RequestEdit\",\"bindingPath\":{\"path\":\"/RequestItems(REQUEST='20087',ITEM=20m)\"},\"ancestor\":{\"id\":\"customTable\",\"viewName\":\"etm.portal.ui.webshop.view.RequestEdit\"}}"}]}
RESULT: undefined
COMMAND: POST /session/ca2abbe84309923e96ecd53f817ddbdd/element - {"using":"xpath","value":"//*[@id=\"__item2976-__clone19415-selectMulti\"]"}
RESULT: {}
RESULT: {"using":"xpath","value":"//*[@id=\"__item2976-__clone19415-selectMulti\"]"}
COMMAND: POST /session/ca2abbe84309923e96ecd53f817ddbdd/element/f.28BC222DDC5CE12B0F2B355DA12E6296.d.B7E448B2CBE5AB089FB17782ECB01727.e.8395/click - {}
RESULT: {}
COMMAND: POST /session/ca2abbe84309923e96ecd53f817ddbdd/execute/async - {"script":"<script> [1562 bytes]","args":[{"selector":{"controlType":"sap.ui.core.Icon","viewName":"etm.portal.ui.webshop.view.RequestEdit","properties":{"src":{"regex":{"source":"delete"}}}},"wdio_ui5_key":"etmportal.ui.webshop.view.RequestEditsap.ui.core.Icon{\"src\":{\"regex\":{\"source\":\"delete\"}}}"}]}
COMMAND: GET /session/ca2abbe84309923e96ecd53f817ddbdd/screenshot - {}
RESULT: {"script":"<script> [1562 bytes]","args":[{"selector":{"controlType":"sap.ui.core.Icon","viewName":"etm.portal.ui.webshop.view.RequestEdit","properties":{"src":{"regex":{"source":"delete"}}}},"wdio_ui5_key":"etmportal.ui.webshop.view.RequestEditsap.ui.core.Icon{\"src\":{\"regex\":{\"source\":\"delete\"}}}"}]}
RESULT: undefined
COMMAND: POST /session/ca2abbe84309923e96ecd53f817ddbdd/element - {"using":"xpath","value":"//*[@id=\"__xmlview77--deleteItem-img\"]"}
RESULT: {}
RESULT: {"using":"xpath","value":"//*[@id=\"__xmlview77--deleteItem-img\"]"}
COMMAND: POST /session/ca2abbe84309923e96ecd53f817ddbdd/element/f.28BC222DDC5CE12B0F2B355DA12E6296.d.B7E448B2CBE5AB089FB17782ECB01727.e.8396/click - {}
RESULT: {}
COMMAND: GET /session/ca2abbe84309923e96ecd53f817ddbdd/screenshot - {}
RESULT: {}
COMMAND: POST /session/ca2abbe84309923e96ecd53f817ddbdd/execute/async - {"script":"<script> [1562 bytes]","args":[{"selector":{"controlType":"sap.m.Button","properties":{"text":"OK"},"searchOpenDialogs":true,"interaction":{"idSuffix":"BDI-content"}},"wdio_ui5_key":"sapm.Button{\"text\":\"OK\"}"}]}
RESULT: {"script":"<script> [1562 bytes]","args":[{"selector":{"controlType":"sap.m.Button","properties":{"text":"OK"},"searchOpenDialogs":true,"interaction":{"idSuffix":"BDI-content"}},"wdio_ui5_key":"sapm.Button{\"text\":\"OK\"}"}]}
RESULT: undefined
COMMAND: POST /session/ca2abbe84309923e96ecd53f817ddbdd/element - {"using":"xpath","value":"//*[@id=\"__mbox-btn-0\"]"}
RESULT: {"using":"xpath","value":"//*[@id=\"__mbox-btn-0\"]"}
COMMAND: POST /session/ca2abbe84309923e96ecd53f817ddbdd/element/f.28BC222DDC5CE12B0F2B355DA12E6296.d.B7E448B2CBE5AB089FB17782ECB01727.e.8398/click - {}
RESULT: {}
COMMAND: GET /session/ca2abbe84309923e96ecd53f817ddbdd/screenshot - {}
RESULT: {}
COMMAND: POST /session/ca2abbe84309923e96ecd53f817ddbdd/execute/async - {"script":"<script> [1562 bytes]","args":[{"selector":{"id":"saveButtonId","viewName":"etm.portal.ui.webshop.view.RequestEdit","interaction":{"idSuffix":"BDI-content"}},"wdio_ui5_key":"saveButtonIdetmportal.ui.webshop.view.RequestEdit"}]}
RESULT: {"script":"<script> [1562 bytes]","args":[{"selector":{"id":"saveButtonId","viewName":"etm.portal.ui.webshop.view.RequestEdit","interaction":{"idSuffix":"BDI-content"}},"wdio_ui5_key":"saveButtonIdetmportal.ui.webshop.view.RequestEdit"}]}
RESULT: undefined
COMMAND: POST /session/ca2abbe84309923e96ecd53f817ddbdd/element - {"using":"xpath","value":"//*[@id=\"__xmlview77--saveButtonId\"]"}
RESULT: {"using":"xpath","value":"//*[@id=\"__xmlview77--saveButtonId\"]"}
COMMAND: POST /session/ca2abbe84309923e96ecd53f817ddbdd/element/f.28BC222DDC5CE12B0F2B355DA12E6296.d.B7E448B2CBE5AB089FB17782ECB01727.e.8406/click - {}
RESULT: {}
COMMAND: GET /session/ca2abbe84309923e96ecd53f817ddbdd/screenshot - {}
RESULT: {}
COMMAND: POST /session/ca2abbe84309923e96ecd53f817ddbdd/execute/async - {"script":"<script> [1562 bytes]","args":[{"selector":{"controlType":"sap.m.Title","viewName":"etm.portal.ui.webshop.view.RequestDetail","properties":{"text":"Items (1)"}},"wdio_ui5_key":"etmportal.ui.webshop.view.RequestDetailsap.m.Title{\"text\":\"Items (1)\"}"}]}
RESULT: {"script":"<script> [1562 bytes]","args":[{"selector":{"controlType":"sap.m.Title","viewName":"etm.portal.ui.webshop.view.RequestDetail","properties":{"text":"Items (1)"}},"wdio_ui5_key":"etmportal.ui.webshop.view.RequestDetailsap.m.Title{\"text\":\"Items (1)\"}"}]}
RESULT: undefined
COMMAND: POST /session/ca2abbe84309923e96ecd53f817ddbdd/execute/async - {"script":"<script> [6424 bytes]","args":[{"element-6066-11e4-a52e-4f735466cecf":"f.28BC222DDC5CE12B0F2B355DA12E6296.d.B7E448B2CBE5AB089FB17782ECB01727.e.8432"},"getText",[]]}
RESULT: {"script":"<script> [6424 bytes]","args":[{"element-6066-11e4-a52e-4f735466cecf":"f.28BC222DDC5CE12B0F2B355DA12E6296.d.B7E448B2CBE5AB089FB17782ECB01727.e.8432"},"getText",[]]}
COMMAND: POST /session/ca2abbe84309923e96ecd53f817ddbdd/execute/async - {"script":"<script> [1562 bytes]","args":[{"selector":{"controlType":"sap.m.Text","viewName":"etm.portal.ui.webshop.view.RequestDetail","bindingPath":{"path":"/RequestHeaders(NO='20087')","propertyPath":"END_DATE","modelName":"catalogModel"}},"wdio_ui5_key":"etmportal.ui.webshop.view.RequestDetailsap.m.Text{\"path\":\"/RequestHeaders(NO='20087')\",\"propertyPath\":\"END_DATE\",\"modelName\":\"catalogModel\"}"}]}
RESULT: {"script":"<script> [1562 bytes]","args":[{"selector":{"controlType":"sap.m.Text","viewName":"etm.portal.ui.webshop.view.RequestDetail","bindingPath":{"path":"/RequestHeaders(NO='20087')","propertyPath":"END_DATE","modelName":"catalogModel"}},"wdio_ui5_key":"etmportal.ui.webshop.view.RequestDetailsap.m.Text{\"path\":\"/RequestHeaders(NO='20087')\",\"propertyPath\":\"END_DATE\",\"modelName\":\"catalogModel\"}"}]}
RESULT: undefined
COMMAND: POST /session/ca2abbe84309923e96ecd53f817ddbdd/execute/async - {"script":"<script> [1562 bytes]","args":[{"selector":{"controlType":"sap.m.Text","viewName":"etm.portal.ui.webshop.view.RequestDetail","bindingPath":{"path":"/RequestHeaders(NO='20087')","propertyPath":"START_DATE","modelName":"catalogModel"}},"wdio_ui5_key":"etmportal.ui.webshop.view.RequestDetailsap.m.Text{\"path\":\"/RequestHeaders(NO='20087')\",\"propertyPath\":\"START_DATE\",\"modelName\":\"catalogModel\"}"}]}
RESULT: {"script":"<script> [1562 bytes]","args":[{"selector":{"controlType":"sap.m.Text","viewName":"etm.portal.ui.webshop.view.RequestDetail","bindingPath":{"path":"/RequestHeaders(NO='20087')","propertyPath":"START_DATE","modelName":"catalogModel"}},"wdio_ui5_key":"etmportal.ui.webshop.view.RequestDetailsap.m.Text{\"path\":\"/RequestHeaders(NO='20087')\",\"propertyPath\":\"START_DATE\",\"modelName\":\"catalogModel\"}"}]}
RESULT: undefined
COMMAND: POST /session/ca2abbe84309923e96ecd53f817ddbdd/execute/async - {"script":"<script> [6424 bytes]","args":[{"element-6066-11e4-a52e-4f735466cecf":"f.28BC222DDC5CE12B0F2B355DA12E6296.d.B7E448B2CBE5AB089FB17782ECB01727.e.8434"},"getText",[]]}
RESULT: {"script":"<script> [6424 bytes]","args":[{"element-6066-11e4-a52e-4f735466cecf":"f.28BC222DDC5CE12B0F2B355DA12E6296.d.B7E448B2CBE5AB089FB17782ECB01727.e.8434"},"getText",[]]}
RESULT: undefined
COMMAND: POST /session/ca2abbe84309923e96ecd53f817ddbdd/execute/async - {"script":"<script> [6424 bytes]","args":[{"element-6066-11e4-a52e-4f735466cecf":"f.28BC222DDC5CE12B0F2B355DA12E6296.d.B7E448B2CBE5AB089FB17782ECB01727.e.8433"},"getText",[]]}
RESULT: {"script":"<script> [6424 bytes]","args":[{"element-6066-11e4-a52e-4f735466cecf":"f.28BC222DDC5CE12B0F2B355DA12E6296.d.B7E448B2CBE5AB089FB17782ECB01727.e.8433"},"getText",[]]}
COMMAND: POST /session/ca2abbe84309923e96ecd53f817ddbdd/refresh - {}
RESULT: {}
COMMAND: GET /session/ca2abbe84309923e96ecd53f817ddbdd/screenshot - {}
RESULT: {}
COMMAND: POST /session/ca2abbe84309923e96ecd53f817ddbdd/execute/async - {"script":"<script> [189 bytes]","args":[]}
RESULT: {"script":"<script> [189 bytes]","args":[]}
COMMAND: POST /session/ca2abbe84309923e96ecd53f817ddbdd/execute/async - {"script":"<script> [123 bytes]","args":[]}
RESULT: {"script":"<script> [123 bytes]","args":[]}
COMMAND: POST /session/ca2abbe84309923e96ecd53f817ddbdd/timeouts - {"script":"<number>"}
RESULT: {"script":"<number>"}
COMMAND: GET /session/ca2abbe84309923e96ecd53f817ddbdd/timeouts - {}
RESULT: {}
RESULT: undefined
COMMAND: POST /session/ca2abbe84309923e96ecd53f817ddbdd/execute/async - {"script":"<script> [2676 bytes]","args":[]}
RESULT: {"script":"<script> [2676 bytes]","args":[]}
COMMAND: POST /session/ca2abbe84309923e96ecd53f817ddbdd/execute/async - {"script":"<script> [2342 bytes]","args":[{"protocol":"http","hostname":"0.0.0.0","path":"/","capabilities":{"browserName":"chrome","goog:chromeOptions":{"binary":"C:\\Program Files\\Google\\Chrome\\Application\\chrome.exe","args":["--start-maximized"]}},"logLevel":"warn","connectionRetryTimeout":120000,"connectionRetryCount":3,"logLevels":{},"enableDirectConnect":true,"strictSSL":true,"_":"65 more keys: [\"cacheDir\",\"port\",\"requestedCapabilities\",\"automationProtocol\",\"baseUrl\",\"waitforInterval\",\"waitforTimeout\",\"onReload\",\"beforeCommand\",\"afterCommand\",\"rootDir\",\"specs\",\"suites\",\"exclude\",\"groupLogsByTestSpec\",\"excludeDriverLogs\",\"bail\",\"framework\",\"reporters\",\"services\",\"maxInstances\",\"maxInstancesPerCapability\",\"injectGlobals\",\"filesToWatch\",\"execArgv\",\"runnerEnv\",\"runner\",\"shard\",\"specFileRetries\",\"specFileRetriesDelay\",\"specFileRetriesDeferred\",\"reporterSyncInterval\",\"reporterSyncTimeout\",\"cucumberFeaturesWithLineNumbers\",\"autoCompileOpts\",\"mochaOpts\",\"jasmineOpts\",\"cucumberOpts\",\"onPrepare\",\"onWorkerStart\",\"onWorkerEnd\",\"before\",\"beforeSession\",\"beforeSuite\",\"beforeHook\",\"beforeTest\",\"afterTest\",\"afterHook\",\"afterSuite\",\"afterSession\",\"after\",\"onComplete\",\"beforeAssertion\",\"afterAssertion\",\"beforeFeature\",\"beforeScenario\",\"beforeStep\",\"afterStep\",\"afterScenario\",\"afterFeature\",\"_\",\"suite\",\"$0\",\"ignoredWorkerServices\",\"wdi5\"]"}]}
RESULT: {"script":"<script> [2342 bytes]","args":[{"protocol":"http","hostname":"0.0.0.0","path":"/","capabilities":{"browserName":"chrome","goog:chromeOptions":{"binary":"C:\\Program Files\\Google\\Chrome\\Application\\chrome.exe","args":["--start-maximized"]}},"logLevel":"warn","connectionRetryTimeout":120000,"connectionRetryCount":3,"logLevels":{},"enableDirectConnect":true,"strictSSL":true,"_":"65 more keys: [\"cacheDir\",\"port\",\"requestedCapabilities\",\"automationProtocol\",\"baseUrl\",\"waitforInterval\",\"waitforTimeout\",\"onReload\",\"beforeCommand\",\"afterCommand\",\"rootDir\",\"specs\",\"suites\",\"exclude\",\"groupLogsByTestSpec\",\"excludeDriverLogs\",\"bail\",\"framework\",\"reporters\",\"services\",\"maxInstances\",\"maxInstancesPerCapability\",\"injectGlobals\",\"filesToWatch\",\"execArgv\",\"runnerEnv\",\"runner\",\"shard\",\"specFileRetries\",\"specFileRetriesDelay\",\"specFileRetriesDeferred\",\"reporterSyncInterval\",\"reporterSyncTimeout\",\"cucumberFeaturesWithLineNumbers\",\"autoCompileOpts\",\"mochaOpts\",\"jasmineOpts\",\"cucumberOpts\",\"onPrepare\",\"onWorkerStart\",\"onWorkerEnd\",\"before\",\"beforeSession\",\"beforeSuite\",\"beforeHook\",\"beforeTest\",\"afterTest\",\"afterHook\",\"afterSuite\",\"afterSession\",\"after\",\"onComplete\",\"beforeAssertion\",\"afterAssertion\",\"beforeFeature\",\"beforeScenario\",\"beforeStep\",\"afterStep\",\"afterScenario\",\"afterFeature\",\"_\",\"suite\",\"$0\",\"ignoredWorkerServices\",\"wdi5\"]"}]}
COMMAND: POST /session/ca2abbe84309923e96ecd53f817ddbdd/execute/async - {"script":"<script> [21126 bytes]","args":[35000]}
RESULT: {"script":"<script> [21126 bytes]","args":[35000]}
COMMAND: POST /session/ca2abbe84309923e96ecd53f817ddbdd/element - {"using":"xpath","value":"//li[contains(@title ,\"Exit\")]"}
RESULT: {"using":"xpath","value":"//li[contains(@title ,\"Exit\")]"}
COMMAND: POST /session/ca2abbe84309923e96ecd53f817ddbdd/element/f.28BC222DDC5CE12B0F2B355DA12E6296.d.A1576629AAD78E2F4CE418FFEA42D795.e.8536/click - {}
RESULT: {}
COMMAND: GET /session/ca2abbe84309923e96ecd53f817ddbdd/screenshot - {}
RESULT: {}
COMMAND: DELETE /session/ca2abbe84309923e96ecd53f817ddbdd - {}
RESULT: {}
]]></system-out>
    </testcase>
  </testsuite>
</testsuites>