<?xml version="1.0" encoding="UTF-8"?>
<testsuites tests="7" failures="0" errors="0" skipped="0">
  <testsuite timestamp="2025-05-16T15:26:44" time="851.052" tests="7" failures="0" errors="0" skipped="0">
    <properties>
      <property name="specId" value="0" />
      <property name="suiteName" value="Related resources for groups US139107" />
      <property name="capabilities" value="chrome.136_0_7103_93.windows" />
      <property name="file" value="file:///D:/a/1/s/test/specs/R2C/related-resources-area-rpg.spec.js" />
    </properties>
    <testcase classname="chrome.136_0_7103_93.windows.Related_resources_for_groups_US139107" name="Should create a new yard" time="148.697">
      <system-out><![CDATA[
COMMAND: POST /session/d75fb2884b4d02e9e35ce6eb756d8333/execute/async - {"script":"<script> [1562 bytes]","args":[{"selector":{"controlType":"sap.m.GenericTile","properties":{"header":"Manage Yards"}},"wdio_ui5_key":"sapm.GenericTile{\"header\":\"Manage Yards\"}"}]}
RESULT: {"script":"<script> [1562 bytes]","args":[{"selector":{"controlType":"sap.m.GenericTile","properties":{"header":"Manage Yards"}},"wdio_ui5_key":"sapm.GenericTile{\"header\":\"Manage Yards\"}"}]}
RESULT: undefined
COMMAND: POST /session/d75fb2884b4d02e9e35ce6eb756d8333/element - {"using":"xpath","value":"//*[@id=\"__tile41\"]"}
RESULT: {"using":"xpath","value":"//*[@id=\"__tile41\"]"}
COMMAND: POST /session/d75fb2884b4d02e9e35ce6eb756d8333/element/f.C8DAFE98E12733F740FFA5ADB0C206D1.d.2069BCBD33073D56C0C306AAF96258A9.e.128/click - {}
RESULT: {}
COMMAND: GET /session/d75fb2884b4d02e9e35ce6eb756d8333/screenshot - {}
RESULT: {}
COMMAND: POST /session/d75fb2884b4d02e9e35ce6eb756d8333/elements - {"using":"xpath","value":"//span[text()='Error']"}
RESULT: {"using":"xpath","value":"//span[text()='Error']"}
COMMAND: POST /session/d75fb2884b4d02e9e35ce6eb756d8333/execute/async - {"script":"<script> [1562 bytes]","args":[{"selector":{"controlType":"sap.ui.core.Icon","viewName":"etm.portal.ui.manageyards.view.Master","viewId":"application-manageyards-display-component---masterYard","properties":{"src":{"regex":{"source":"add"}}}},"wdio_ui5_key":"etmportal.ui.manageyards.view.Mastersap.ui.core.Icon{\"src\":{\"regex\":{\"source\":\"add\"}}}"}]}
RESULT: {"script":"<script> [1562 bytes]","args":[{"selector":{"controlType":"sap.ui.core.Icon","viewName":"etm.portal.ui.manageyards.view.Master","viewId":"application-manageyards-display-component---masterYard","properties":{"src":{"regex":{"source":"add"}}}},"wdio_ui5_key":"etmportal.ui.manageyards.view.Mastersap.ui.core.Icon{\"src\":{\"regex\":{\"source\":\"add\"}}}"}]}
RESULT: undefined
COMMAND: POST /session/d75fb2884b4d02e9e35ce6eb756d8333/element - {"using":"xpath","value":"//*[@id=\"__button4-img\"]"}
RESULT: {"using":"xpath","value":"//*[@id=\"__button4-img\"]"}
COMMAND: POST /session/d75fb2884b4d02e9e35ce6eb756d8333/element/f.C8DAFE98E12733F740FFA5ADB0C206D1.d.2069BCBD33073D56C0C306AAF96258A9.e.273/click - {}
RESULT: {}
COMMAND: GET /session/d75fb2884b4d02e9e35ce6eb756d8333/screenshot - {}
RESULT: {}
COMMAND: POST /session/d75fb2884b4d02e9e35ce6eb756d8333/execute/async - {"script":"<script> [1562 bytes]","args":[{"selector":{"id":"application-manageyards-display-component---NewYard--yardId","interaction":{"idSuffix":"inner"}},"wdio_ui5_key":"applicationmanageyards-display-component---NewYard--yardId"}]}
RESULT: {"script":"<script> [1562 bytes]","args":[{"selector":{"id":"application-manageyards-display-component---NewYard--yardId","interaction":{"idSuffix":"inner"}},"wdio_ui5_key":"applicationmanageyards-display-component---NewYard--yardId"}]}
RESULT: undefined
COMMAND: POST /session/d75fb2884b4d02e9e35ce6eb756d8333/element - {"using":"xpath","value":"//*[@id=\"application-manageyards-display-component---NewYard--addressDetailDetailsName1-inner\"]"}
RESULT: {"using":"xpath","value":"//*[@id=\"application-manageyards-display-component---NewYard--addressDetailDetailsName1-inner\"]"}
COMMAND: POST /session/d75fb2884b4d02e9e35ce6eb756d8333/element/f.C8DAFE98E12733F740FFA5ADB0C206D1.d.2069BCBD33073D56C0C306AAF96258A9.e.341/clear - {}
RESULT: {}
COMMAND: POST /session/d75fb2884b4d02e9e35ce6eb756d8333/element/f.C8DAFE98E12733F740FFA5ADB0C206D1.d.2069BCBD33073D56C0C306AAF96258A9.e.341/value - {"text":"WebdriverYardj3ul3"}
COMMAND: GET /session/d75fb2884b4d02e9e35ce6eb756d8333/screenshot - {}
RESULT: {"text":"WebdriverYardj3ul3"}
COMMAND: POST /session/d75fb2884b4d02e9e35ce6eb756d8333/element - {"using":"xpath","value":"//*[@id=\"application-manageyards-display-component---NewYard--addressDetailDetailsLanguage-inner\"]"}
COMMAND: GET /session/d75fb2884b4d02e9e35ce6eb756d8333/screenshot - {}
RESULT: {}
RESULT: {"using":"xpath","value":"//*[@id=\"application-manageyards-display-component---NewYard--addressDetailDetailsLanguage-inner\"]"}
COMMAND: POST /session/d75fb2884b4d02e9e35ce6eb756d8333/element/f.C8DAFE98E12733F740FFA5ADB0C206D1.d.2069BCBD33073D56C0C306AAF96258A9.e.342/clear - {}
RESULT: {}
RESULT: {}
COMMAND: POST /session/d75fb2884b4d02e9e35ce6eb756d8333/element/f.C8DAFE98E12733F740FFA5ADB0C206D1.d.2069BCBD33073D56C0C306AAF96258A9.e.342/value - {"text":"Romanian"}
COMMAND: GET /session/d75fb2884b4d02e9e35ce6eb756d8333/screenshot - {}
RESULT: {"text":"Romanian"}
COMMAND: POST /session/d75fb2884b4d02e9e35ce6eb756d8333/element - {"using":"xpath","value":"//input[contains(@id ,\"application-manageyards-display-component---NewYard--addressDetailDetailsName1-inner\")]"}
COMMAND: GET /session/d75fb2884b4d02e9e35ce6eb756d8333/screenshot - {}
RESULT: {}
RESULT: {"using":"xpath","value":"//input[contains(@id ,\"application-manageyards-display-component---NewYard--addressDetailDetailsName1-inner\")]"}
COMMAND: GET /session/d75fb2884b4d02e9e35ce6eb756d8333/element/f.C8DAFE98E12733F740FFA5ADB0C206D1.d.2069BCBD33073D56C0C306AAF96258A9.e.341/property/value - {}
RESULT: {}
RESULT: {}
COMMAND: GET /session/d75fb2884b4d02e9e35ce6eb756d8333/screenshot - {}
RESULT: {}
COMMAND: POST /session/d75fb2884b4d02e9e35ce6eb756d8333/element - {"using":"xpath","value":"//*[@id=\"application-manageyards-display-component---NewYard--addressDetailDetailsCity1-inner\"]"}
RESULT: {"using":"xpath","value":"//*[@id=\"application-manageyards-display-component---NewYard--addressDetailDetailsCity1-inner\"]"}
COMMAND: POST /session/d75fb2884b4d02e9e35ce6eb756d8333/element/f.C8DAFE98E12733F740FFA5ADB0C206D1.d.2069BCBD33073D56C0C306AAF96258A9.e.344/clear - {}
RESULT: {}
COMMAND: POST /session/d75fb2884b4d02e9e35ce6eb756d8333/element/f.C8DAFE98E12733F740FFA5ADB0C206D1.d.2069BCBD33073D56C0C306AAF96258A9.e.344/value - {"text":"Bucuresti"}
COMMAND: GET /session/d75fb2884b4d02e9e35ce6eb756d8333/screenshot - {}
RESULT: {"text":"Bucuresti"}
COMMAND: GET /session/d75fb2884b4d02e9e35ce6eb756d8333/screenshot - {}
RESULT: {}
RESULT: {}
COMMAND: POST /session/d75fb2884b4d02e9e35ce6eb756d8333/element - {"using":"xpath","value":"//*[@id=\"application-manageyards-display-component---NewYard--addressDetailDetailsCountry-inner\"]"}
RESULT: {"using":"xpath","value":"//*[@id=\"application-manageyards-display-component---NewYard--addressDetailDetailsCountry-inner\"]"}
COMMAND: POST /session/d75fb2884b4d02e9e35ce6eb756d8333/element/f.C8DAFE98E12733F740FFA5ADB0C206D1.d.2069BCBD33073D56C0C306AAF96258A9.e.348/clear - {}
RESULT: {}
COMMAND: POST /session/d75fb2884b4d02e9e35ce6eb756d8333/element/f.C8DAFE98E12733F740FFA5ADB0C206D1.d.2069BCBD33073D56C0C306AAF96258A9.e.348/value - {"text":"Romania"}
COMMAND: GET /session/d75fb2884b4d02e9e35ce6eb756d8333/screenshot - {}
RESULT: {"text":"Romania"}
COMMAND: GET /session/d75fb2884b4d02e9e35ce6eb756d8333/screenshot - {}
RESULT: {}
RESULT: {}
COMMAND: POST /session/d75fb2884b4d02e9e35ce6eb756d8333/element - {"using":"xpath","value":"//div[contains(text(), \"Commercial\")]"}
RESULT: {"using":"xpath","value":"//div[contains(text(), \"Commercial\")]"}
COMMAND: GET /session/d75fb2884b4d02e9e35ce6eb756d8333/element/f.C8DAFE98E12733F740FFA5ADB0C206D1.d.2069BCBD33073D56C0C306AAF96258A9.e.584/rect - {}
RESULT: {}
COMMAND: GET /session/d75fb2884b4d02e9e35ce6eb756d8333/window/rect - {}
RESULT: {}
COMMAND: POST /session/d75fb2884b4d02e9e35ce6eb756d8333/execute/sync - {"script":"<script> [92 bytes]","args":[]}
RESULT: {"script":"<script> [92 bytes]","args":[]}
COMMAND: POST /session/d75fb2884b4d02e9e35ce6eb756d8333/actions - {"actions":[{"id":"action1","type":"wheel","parameters":{},"actions":[{"type":"scroll","x":-1841,"y":-44,"deltaX":0,"deltaY":0,"duration":0,"origin":{"element-6066-11e4-a52e-4f735466cecf":"f.C8DAFE98E12733F740FFA5ADB0C206D1.d.2069BCBD33073D56C0C306AAF96258A9.e.584"}}]}]}
COMMAND: GET /session/d75fb2884b4d02e9e35ce6eb756d8333/screenshot - {}
RESULT: {}
COMMAND: POST /session/d75fb2884b4d02e9e35ce6eb756d8333/execute/sync - {"script":"<script> [79 bytes]","args":[{"element-6066-11e4-a52e-4f735466cecf":"f.C8DAFE98E12733F740FFA5ADB0C206D1.d.2069BCBD33073D56C0C306AAF96258A9.e.584","ELEMENT":"f.C8DAFE98E12733F740FFA5ADB0C206D1.d.2069BCBD33073D56C0C306AAF96258A9.e.584"},{"block":"start","inline":"nearest"}]}
RESULT: {"script":"<script> [79 bytes]","args":[{"element-6066-11e4-a52e-4f735466cecf":"f.C8DAFE98E12733F740FFA5ADB0C206D1.d.2069BCBD33073D56C0C306AAF96258A9.e.584","ELEMENT":"f.C8DAFE98E12733F740FFA5ADB0C206D1.d.2069BCBD33073D56C0C306AAF96258A9.e.584"},{"block":"start","inline":"nearest"}]}
COMMAND: GET /session/d75fb2884b4d02e9e35ce6eb756d8333/screenshot - {}
RESULT: {}
COMMAND: POST /session/d75fb2884b4d02e9e35ce6eb756d8333/execute/async - {"script":"<script> [1562 bytes]","args":[{"selector":{"id":"application-manageyards-display-component---NewYard--addressEditDetailsCostObjectCstType-arrow"},"wdio_ui5_key":"applicationmanageyards-display-component---NewYard--addressEditDetailsCostObjectCstType-arrow"}]}
RESULT: {"script":"<script> [1562 bytes]","args":[{"selector":{"id":"application-manageyards-display-component---NewYard--addressEditDetailsCostObjectCstType-arrow"},"wdio_ui5_key":"applicationmanageyards-display-component---NewYard--addressEditDetailsCostObjectCstType-arrow"}]}
RESULT: undefined
COMMAND: POST /session/d75fb2884b4d02e9e35ce6eb756d8333/element - {"using":"xpath","value":"//*[@id=\"application-manageyards-display-component---NewYard--addressEditDetailsCostObjectCstType-arrow\"]"}
RESULT: {"using":"xpath","value":"//*[@id=\"application-manageyards-display-component---NewYard--addressEditDetailsCostObjectCstType-arrow\"]"}
COMMAND: POST /session/d75fb2884b4d02e9e35ce6eb756d8333/element/f.C8DAFE98E12733F740FFA5ADB0C206D1.d.2069BCBD33073D56C0C306AAF96258A9.e.592/click - {}
RESULT: {}
COMMAND: POST /session/d75fb2884b4d02e9e35ce6eb756d8333/element - {"using":"xpath","value":"//span[contains(text(), \"Cost Center\")]"}
COMMAND: GET /session/d75fb2884b4d02e9e35ce6eb756d8333/screenshot - {}
RESULT: {"using":"xpath","value":"//span[contains(text(), \"Cost Center\")]"}
COMMAND: POST /session/d75fb2884b4d02e9e35ce6eb756d8333/element/f.C8DAFE98E12733F740FFA5ADB0C206D1.d.2069BCBD33073D56C0C306AAF96258A9.e.593/click - {}
RESULT: {}
RESULT: {}
COMMAND: GET /session/d75fb2884b4d02e9e35ce6eb756d8333/screenshot - {}
RESULT: {}
COMMAND: POST /session/d75fb2884b4d02e9e35ce6eb756d8333/execute/async - {"script":"<script> [1562 bytes]","args":[{"selector":{"id":"application-manageyards-display-component---NewYard--addressNewCostObjectCstID-vhi"},"wdio_ui5_key":"applicationmanageyards-display-component---NewYard--addressNewCostObjectCstID-vhi"}]}
RESULT: {"script":"<script> [1562 bytes]","args":[{"selector":{"id":"application-manageyards-display-component---NewYard--addressNewCostObjectCstID-vhi"},"wdio_ui5_key":"applicationmanageyards-display-component---NewYard--addressNewCostObjectCstID-vhi"}]}
RESULT: undefined
COMMAND: POST /session/d75fb2884b4d02e9e35ce6eb756d8333/element - {"using":"xpath","value":"//*[@id=\"application-manageyards-display-component---NewYard--addressNewCostObjectCstID-vhi\"]"}
RESULT: {"using":"xpath","value":"//*[@id=\"application-manageyards-display-component---NewYard--addressNewCostObjectCstID-vhi\"]"}
COMMAND: POST /session/d75fb2884b4d02e9e35ce6eb756d8333/element/f.C8DAFE98E12733F740FFA5ADB0C206D1.d.2069BCBD33073D56C0C306AAF96258A9.e.597/click - {}
RESULT: {}
COMMAND: GET /session/d75fb2884b4d02e9e35ce6eb756d8333/screenshot - {}
RESULT: {}
COMMAND: POST /session/d75fb2884b4d02e9e35ce6eb756d8333/execute/async - {"script":"<script> [1562 bytes]","args":[{"selector":{"controlType":"sap.m.SearchField","properties":{"placeholder":"Search"},"searchOpenDialogs":true,"interaction":{"idSuffix":"I"}},"wdio_ui5_key":"sapm.SearchField{\"placeholder\":\"Search\"}"}]}
RESULT: {"script":"<script> [1562 bytes]","args":[{"selector":{"controlType":"sap.m.SearchField","properties":{"placeholder":"Search"},"searchOpenDialogs":true,"interaction":{"idSuffix":"I"}},"wdio_ui5_key":"sapm.SearchField{\"placeholder\":\"Search\"}"}]}
RESULT: undefined
COMMAND: POST /session/d75fb2884b4d02e9e35ce6eb756d8333/execute/async - {"script":"<script> [776 bytes]","args":[{"enterText":"10001013","selector":{"controlType":"sap.m.SearchField","properties":{"placeholder":"Search"},"searchOpenDialogs":true,"interaction":{"idSuffix":"I"}},"clearTextFirst":true,"interactionType":"ENTER_TEXT"}]}
RESULT: {"script":"<script> [776 bytes]","args":[{"enterText":"10001013","selector":{"controlType":"sap.m.SearchField","properties":{"placeholder":"Search"},"searchOpenDialogs":true,"interaction":{"idSuffix":"I"}},"clearTextFirst":true,"interactionType":"ENTER_TEXT"}]}
COMMAND: POST /session/d75fb2884b4d02e9e35ce6eb756d8333/actions - {"actions":[{"id":"action2","type":"key","parameters":{},"actions":[{"type":"keyDown","value":"î€‡"},{"type":"pause","duration":10},{"type":"keyUp","value":"î€‡"}]}]}
RESULT: {"actions":[{"id":"action2","type":"key","parameters":{},"actions":[{"type":"keyDown","value":"î€‡"},{"type":"pause","duration":10},{"type":"keyUp","value":"î€‡"}]}]}
COMMAND: GET /session/d75fb2884b4d02e9e35ce6eb756d8333/screenshot - {}
RESULT: {}
COMMAND: POST /session/d75fb2884b4d02e9e35ce6eb756d8333/element - {"using":"xpath","value":"//span[contains(text(), \"General Management\")]"}
RESULT: {"using":"xpath","value":"//span[contains(text(), \"General Management\")]"}
COMMAND: POST /session/d75fb2884b4d02e9e35ce6eb756d8333/element/f.C8DAFE98E12733F740FFA5ADB0C206D1.d.2069BCBD33073D56C0C306AAF96258A9.e.639/click - {}
RESULT: {}
COMMAND: GET /session/d75fb2884b4d02e9e35ce6eb756d8333/screenshot - {}
RESULT: {}
COMMAND: POST /session/d75fb2884b4d02e9e35ce6eb756d8333/element - {"using":"xpath","value":"//bdi[contains(text(), \"OK\")]"}
RESULT: {"using":"xpath","value":"//bdi[contains(text(), \"OK\")]"}
COMMAND: POST /session/d75fb2884b4d02e9e35ce6eb756d8333/element/f.C8DAFE98E12733F740FFA5ADB0C206D1.d.2069BCBD33073D56C0C306AAF96258A9.e.640/click - {}
RESULT: {}
COMMAND: GET /session/d75fb2884b4d02e9e35ce6eb756d8333/screenshot - {}
RESULT: {}
COMMAND: POST /session/d75fb2884b4d02e9e35ce6eb756d8333/execute/async - {"script":"<script> [1562 bytes]","args":[{"selector":{"controlType":"sap.m.Button","viewName":"etm.portal.ui.manageyards.view.New","viewId":"application-manageyards-display-component---NewYard","i18NText":{"propertyName":"text","key":"save"},"interaction":{"idSuffix":"inner"}},"wdio_ui5_key":"etmportal.ui.manageyards.view.Newsap.m.Button{\"propertyName\":\"text\",\"key\":\"save\"}"}]}
RESULT: {"script":"<script> [1562 bytes]","args":[{"selector":{"controlType":"sap.m.Button","viewName":"etm.portal.ui.manageyards.view.New","viewId":"application-manageyards-display-component---NewYard","i18NText":{"propertyName":"text","key":"save"},"interaction":{"idSuffix":"inner"}},"wdio_ui5_key":"etmportal.ui.manageyards.view.Newsap.m.Button{\"propertyName\":\"text\",\"key\":\"save\"}"}]}
RESULT: undefined
COMMAND: POST /session/d75fb2884b4d02e9e35ce6eb756d8333/element - {"using":"xpath","value":"//*[@id=\"__button18\"]"}
RESULT: {"using":"xpath","value":"//*[@id=\"__button18\"]"}
COMMAND: POST /session/d75fb2884b4d02e9e35ce6eb756d8333/element/f.C8DAFE98E12733F740FFA5ADB0C206D1.d.2069BCBD33073D56C0C306AAF96258A9.e.539/click - {}
RESULT: {}
COMMAND: GET /session/d75fb2884b4d02e9e35ce6eb756d8333/screenshot - {}
RESULT: {}
COMMAND: POST /session/d75fb2884b4d02e9e35ce6eb756d8333/element - {"using":"xpath","value":"//header/div/div[2]/div[2]/span"}
RESULT: {"using":"xpath","value":"//header/div/div[2]/div[2]/span"}
COMMAND: GET /session/d75fb2884b4d02e9e35ce6eb756d8333/element/f.C8DAFE98E12733F740FFA5ADB0C206D1.d.2069BCBD33073D56C0C306AAF96258A9.e.839/text - {}
RESULT: {}
COMMAND: POST /session/d75fb2884b4d02e9e35ce6eb756d8333/execute/async - {"script":"<script> [1562 bytes]","args":[{"selector":{"controlType":"sap.m.OverflowToolbarButton","viewName":"etm.portal.ui.manageyards.view.Detail","viewId":"application-manageyards-display-component---detailYard","i18NText":{"propertyName":"tooltip","key":"closeColumn"},"interaction":{"idSuffix":"inner"}},"wdio_ui5_key":"etmportal.ui.manageyards.view.Detailsap.m.OverflowToolbarButton{\"propertyName\":\"tooltip\",\"key\":\"closeColumn\"}"}]}
RESULT: {"script":"<script> [1562 bytes]","args":[{"selector":{"controlType":"sap.m.OverflowToolbarButton","viewName":"etm.portal.ui.manageyards.view.Detail","viewId":"application-manageyards-display-component---detailYard","i18NText":{"propertyName":"tooltip","key":"closeColumn"},"interaction":{"idSuffix":"inner"}},"wdio_ui5_key":"etmportal.ui.manageyards.view.Detailsap.m.OverflowToolbarButton{\"propertyName\":\"tooltip\",\"key\":\"closeColumn\"}"}]}
RESULT: undefined
COMMAND: POST /session/d75fb2884b4d02e9e35ce6eb756d8333/element - {"using":"xpath","value":"//*[@id=\"__button40\"]"}
RESULT: {"using":"xpath","value":"//*[@id=\"__button40\"]"}
COMMAND: POST /session/d75fb2884b4d02e9e35ce6eb756d8333/element/f.C8DAFE98E12733F740FFA5ADB0C206D1.d.2069BCBD33073D56C0C306AAF96258A9.e.841/click - {}
RESULT: {}
COMMAND: GET /session/d75fb2884b4d02e9e35ce6eb756d8333/screenshot - {}
RESULT: {}
COMMAND: POST /session/d75fb2884b4d02e9e35ce6eb756d8333/element - {"using":"css selector","value":"#shell-header-logo"}
RESULT: {"using":"css selector","value":"#shell-header-logo"}
COMMAND: POST /session/d75fb2884b4d02e9e35ce6eb756d8333/element/f.C8DAFE98E12733F740FFA5ADB0C206D1.d.2069BCBD33073D56C0C306AAF96258A9.e.130/click - {}
RESULT: {}
COMMAND: GET /session/d75fb2884b4d02e9e35ce6eb756d8333/screenshot - {}
RESULT: {}
COMMAND: POST /session/d75fb2884b4d02e9e35ce6eb756d8333/refresh - {}
RESULT: {}
COMMAND: GET /session/d75fb2884b4d02e9e35ce6eb756d8333/screenshot - {}
RESULT: {}
COMMAND: POST /session/d75fb2884b4d02e9e35ce6eb756d8333/execute/async - {"script":"<script> [189 bytes]","args":[]}
RESULT: {"script":"<script> [189 bytes]","args":[]}
COMMAND: POST /session/d75fb2884b4d02e9e35ce6eb756d8333/execute/async - {"script":"<script> [123 bytes]","args":[]}
RESULT: {"script":"<script> [123 bytes]","args":[]}
COMMAND: POST /session/d75fb2884b4d02e9e35ce6eb756d8333/timeouts - {"script":"<number>"}
RESULT: {"script":"<number>"}
COMMAND: GET /session/d75fb2884b4d02e9e35ce6eb756d8333/timeouts - {}
RESULT: {}
RESULT: undefined
COMMAND: POST /session/d75fb2884b4d02e9e35ce6eb756d8333/execute/async - {"script":"<script> [2676 bytes]","args":[]}
RESULT: {"script":"<script> [2676 bytes]","args":[]}
COMMAND: POST /session/d75fb2884b4d02e9e35ce6eb756d8333/execute/async - {"script":"<script> [2342 bytes]","args":[{"protocol":"http","hostname":"0.0.0.0","path":"/","capabilities":{"browserName":"chrome","goog:chromeOptions":{"binary":"C:\\Program Files\\Google\\Chrome\\Application\\chrome.exe","args":["--start-maximized"]}},"logLevel":"warn","connectionRetryTimeout":120000,"connectionRetryCount":3,"logLevels":{},"enableDirectConnect":true,"strictSSL":true,"_":"65 more keys: [\"cacheDir\",\"port\",\"requestedCapabilities\",\"automationProtocol\",\"baseUrl\",\"waitforInterval\",\"waitforTimeout\",\"onReload\",\"beforeCommand\",\"afterCommand\",\"rootDir\",\"specs\",\"suites\",\"exclude\",\"groupLogsByTestSpec\",\"excludeDriverLogs\",\"bail\",\"framework\",\"reporters\",\"services\",\"maxInstances\",\"maxInstancesPerCapability\",\"injectGlobals\",\"filesToWatch\",\"execArgv\",\"runnerEnv\",\"runner\",\"shard\",\"specFileRetries\",\"specFileRetriesDelay\",\"specFileRetriesDeferred\",\"reporterSyncInterval\",\"reporterSyncTimeout\",\"cucumberFeaturesWithLineNumbers\",\"autoCompileOpts\",\"mochaOpts\",\"jasmineOpts\",\"cucumberOpts\",\"onPrepare\",\"onWorkerStart\",\"onWorkerEnd\",\"before\",\"beforeSession\",\"beforeSuite\",\"beforeHook\",\"beforeTest\",\"afterTest\",\"afterHook\",\"afterSuite\",\"afterSession\",\"after\",\"onComplete\",\"beforeAssertion\",\"afterAssertion\",\"beforeFeature\",\"beforeScenario\",\"beforeStep\",\"afterStep\",\"afterScenario\",\"afterFeature\",\"_\",\"suite\",\"$0\",\"ignoredWorkerServices\",\"wdi5\"]"}]}
RESULT: {"script":"<script> [2342 bytes]","args":[{"protocol":"http","hostname":"0.0.0.0","path":"/","capabilities":{"browserName":"chrome","goog:chromeOptions":{"binary":"C:\\Program Files\\Google\\Chrome\\Application\\chrome.exe","args":["--start-maximized"]}},"logLevel":"warn","connectionRetryTimeout":120000,"connectionRetryCount":3,"logLevels":{},"enableDirectConnect":true,"strictSSL":true,"_":"65 more keys: [\"cacheDir\",\"port\",\"requestedCapabilities\",\"automationProtocol\",\"baseUrl\",\"waitforInterval\",\"waitforTimeout\",\"onReload\",\"beforeCommand\",\"afterCommand\",\"rootDir\",\"specs\",\"suites\",\"exclude\",\"groupLogsByTestSpec\",\"excludeDriverLogs\",\"bail\",\"framework\",\"reporters\",\"services\",\"maxInstances\",\"maxInstancesPerCapability\",\"injectGlobals\",\"filesToWatch\",\"execArgv\",\"runnerEnv\",\"runner\",\"shard\",\"specFileRetries\",\"specFileRetriesDelay\",\"specFileRetriesDeferred\",\"reporterSyncInterval\",\"reporterSyncTimeout\",\"cucumberFeaturesWithLineNumbers\",\"autoCompileOpts\",\"mochaOpts\",\"jasmineOpts\",\"cucumberOpts\",\"onPrepare\",\"onWorkerStart\",\"onWorkerEnd\",\"before\",\"beforeSession\",\"beforeSuite\",\"beforeHook\",\"beforeTest\",\"afterTest\",\"afterHook\",\"afterSuite\",\"afterSession\",\"after\",\"onComplete\",\"beforeAssertion\",\"afterAssertion\",\"beforeFeature\",\"beforeScenario\",\"beforeStep\",\"afterStep\",\"afterScenario\",\"afterFeature\",\"_\",\"suite\",\"$0\",\"ignoredWorkerServices\",\"wdi5\"]"}]}
COMMAND: POST /session/d75fb2884b4d02e9e35ce6eb756d8333/execute/async - {"script":"<script> [21126 bytes]","args":[35000]}
RESULT: {"script":"<script> [21126 bytes]","args":[35000]}
]]></system-out>
    </testcase>
    <testcase classname="chrome.136_0_7103_93.windows.Related_resources_for_groups_US139107" name="Should create a resource of type group" time="87.269">
      <system-out><![CDATA[
COMMAND: POST /session/d75fb2884b4d02e9e35ce6eb756d8333/execute/async - {"script":"<script> [1562 bytes]","args":[{"selector":{"controlType":"sap.m.GenericTile","properties":{"header":"Manage Resources"}},"wdio_ui5_key":"sapm.GenericTile{\"header\":\"Manage Resources\"}"}]}
RESULT: {"script":"<script> [1562 bytes]","args":[{"selector":{"controlType":"sap.m.GenericTile","properties":{"header":"Manage Resources"}},"wdio_ui5_key":"sapm.GenericTile{\"header\":\"Manage Resources\"}"}]}
RESULT: undefined
COMMAND: POST /session/d75fb2884b4d02e9e35ce6eb756d8333/element - {"using":"xpath","value":"//*[@id=\"__tile39\"]"}
RESULT: {"using":"xpath","value":"//*[@id=\"__tile39\"]"}
COMMAND: POST /session/d75fb2884b4d02e9e35ce6eb756d8333/element/f.C8DAFE98E12733F740FFA5ADB0C206D1.d.582208320AE8A364C59FF89109785B00.e.1196/click - {}
RESULT: {}
COMMAND: GET /session/d75fb2884b4d02e9e35ce6eb756d8333/screenshot - {}
RESULT: {}
COMMAND: POST /session/d75fb2884b4d02e9e35ce6eb756d8333/elements - {"using":"xpath","value":"//span[text()='Error']"}
RESULT: {"using":"xpath","value":"//span[text()='Error']"}
COMMAND: POST /session/d75fb2884b4d02e9e35ce6eb756d8333/element - {"using":"xpath","value":"//button[@data-kt=\"addNewRUOverflowToolbarButton\"]"}
RESULT: {"using":"xpath","value":"//button[@data-kt=\"addNewRUOverflowToolbarButton\"]"}
COMMAND: POST /session/d75fb2884b4d02e9e35ce6eb756d8333/execute/sync - {"script":"<script> [8489 bytes]","args":[{"element-6066-11e4-a52e-4f735466cecf":"f.C8DAFE98E12733F740FFA5ADB0C206D1.d.582208320AE8A364C59FF89109785B00.e.1242","ELEMENT":"f.C8DAFE98E12733F740FFA5ADB0C206D1.d.582208320AE8A364C59FF89109785B00.e.1242"}]}
RESULT: {"script":"<script> [8489 bytes]","args":[{"element-6066-11e4-a52e-4f735466cecf":"f.C8DAFE98E12733F740FFA5ADB0C206D1.d.582208320AE8A364C59FF89109785B00.e.1242","ELEMENT":"f.C8DAFE98E12733F740FFA5ADB0C206D1.d.582208320AE8A364C59FF89109785B00.e.1242"}]}
COMMAND: POST /session/d75fb2884b4d02e9e35ce6eb756d8333/element/f.C8DAFE98E12733F740FFA5ADB0C206D1.d.582208320AE8A364C59FF89109785B00.e.1242/click - {}
COMMAND: GET /session/d75fb2884b4d02e9e35ce6eb756d8333/screenshot - {}
RESULT: {}
COMMAND: GET /session/d75fb2884b4d02e9e35ce6eb756d8333/screenshot - {}
RESULT: {}
COMMAND: POST /session/d75fb2884b4d02e9e35ce6eb756d8333/execute/async - {"script":"<script> [1562 bytes]","args":[{"selector":{"id":"application-manageresources-display-component---newResourceUnit--TYPE-arrow"},"wdio_ui5_key":"applicationmanageresources-display-component---newResourceUnit--TYPE-arrow"}]}
RESULT: {}
RESULT: {"script":"<script> [1562 bytes]","args":[{"selector":{"id":"application-manageresources-display-component---newResourceUnit--TYPE-arrow"},"wdio_ui5_key":"applicationmanageresources-display-component---newResourceUnit--TYPE-arrow"}]}
RESULT: undefined
COMMAND: POST /session/d75fb2884b4d02e9e35ce6eb756d8333/element - {"using":"xpath","value":"//*[@id=\"application-manageresources-display-component---newResourceUnit--TYPE-arrow\"]"}
RESULT: {"using":"xpath","value":"//*[@id=\"application-manageresources-display-component---newResourceUnit--TYPE-arrow\"]"}
COMMAND: POST /session/d75fb2884b4d02e9e35ce6eb756d8333/element/f.C8DAFE98E12733F740FFA5ADB0C206D1.d.582208320AE8A364C59FF89109785B00.e.1560/click - {}
RESULT: {}
COMMAND: POST /session/d75fb2884b4d02e9e35ce6eb756d8333/execute/async - {"script":"<script> [1562 bytes]","args":[{"selector":{"controlType":"sap.m.StandardListItem","viewName":"reusables.view.manageresources.NewResourceUnit","viewId":"application-manageresources-display-component---newResourceUnit","properties":{"title":"Group"},"searchOpenDialogs":true,"interaction":{"idSuffix":"content"}},"wdio_ui5_key":"reusablesview.manageresources.NewResourceUnitsap.m.StandardListItem{\"title\":\"Group\"}"}]}
COMMAND: GET /session/d75fb2884b4d02e9e35ce6eb756d8333/screenshot - {}
RESULT: {"script":"<script> [1562 bytes]","args":[{"selector":{"controlType":"sap.m.StandardListItem","viewName":"reusables.view.manageresources.NewResourceUnit","viewId":"application-manageresources-display-component---newResourceUnit","properties":{"title":"Group"},"searchOpenDialogs":true,"interaction":{"idSuffix":"content"}},"wdio_ui5_key":"reusablesview.manageresources.NewResourceUnitsap.m.StandardListItem{\"title\":\"Group\"}"}]}
RESULT: undefined
COMMAND: POST /session/d75fb2884b4d02e9e35ce6eb756d8333/element - {"using":"xpath","value":"//*[@id=\"__item149\"]"}
RESULT: {}
RESULT: {"using":"xpath","value":"//*[@id=\"__item149\"]"}
COMMAND: POST /session/d75fb2884b4d02e9e35ce6eb756d8333/element/f.C8DAFE98E12733F740FFA5ADB0C206D1.d.582208320AE8A364C59FF89109785B00.e.1563/click - {}
RESULT: {}
COMMAND: GET /session/d75fb2884b4d02e9e35ce6eb756d8333/screenshot - {}
RESULT: {}
COMMAND: POST /session/d75fb2884b4d02e9e35ce6eb756d8333/execute/async - {"script":"<script> [1562 bytes]","args":[{"selector":{"id":"application-manageresources-display-component---newResourceUnit--SHORT_TEXT","interaction":{"idSuffix":"inner"}},"wdio_ui5_key":"applicationmanageresources-display-component---newResourceUnit--SHORT_TEXT"}]}
RESULT: {"script":"<script> [1562 bytes]","args":[{"selector":{"id":"application-manageresources-display-component---newResourceUnit--SHORT_TEXT","interaction":{"idSuffix":"inner"}},"wdio_ui5_key":"applicationmanageresources-display-component---newResourceUnit--SHORT_TEXT"}]}
RESULT: undefined
COMMAND: POST /session/d75fb2884b4d02e9e35ce6eb756d8333/execute/async - {"script":"<script> [776 bytes]","args":[{"enterText":"WdIORUGroupxgau9","selector":{"id":"application-manageresources-display-component---newResourceUnit--SHORT_TEXT","interaction":{"idSuffix":"inner"}},"clearTextFirst":true,"interactionType":"ENTER_TEXT"}]}
RESULT: {"script":"<script> [776 bytes]","args":[{"enterText":"WdIORUGroupxgau9","selector":{"id":"application-manageresources-display-component---newResourceUnit--SHORT_TEXT","interaction":{"idSuffix":"inner"}},"clearTextFirst":true,"interactionType":"ENTER_TEXT"}]}
COMMAND: POST /session/d75fb2884b4d02e9e35ce6eb756d8333/execute/async - {"script":"<script> [1562 bytes]","args":[{"selector":{"id":"application-manageresources-display-component---newResourceUnit--BASE_UNIT_OF_MEASURE","interaction":{"idSuffix":"inner"}},"wdio_ui5_key":"applicationmanageresources-display-component---newResourceUnit--BASE_UNIT_OF_MEASURE"}]}
RESULT: {"script":"<script> [1562 bytes]","args":[{"selector":{"id":"application-manageresources-display-component---newResourceUnit--BASE_UNIT_OF_MEASURE","interaction":{"idSuffix":"inner"}},"wdio_ui5_key":"applicationmanageresources-display-component---newResourceUnit--BASE_UNIT_OF_MEASURE"}]}
RESULT: undefined
COMMAND: POST /session/d75fb2884b4d02e9e35ce6eb756d8333/execute/async - {"script":"<script> [776 bytes]","args":[{"enterText":"Piece","selector":{"id":"application-manageresources-display-component---newResourceUnit--BASE_UNIT_OF_MEASURE","interaction":{"idSuffix":"inner"}},"clearTextFirst":true,"interactionType":"ENTER_TEXT"}]}
RESULT: {"script":"<script> [776 bytes]","args":[{"enterText":"Piece","selector":{"id":"application-manageresources-display-component---newResourceUnit--BASE_UNIT_OF_MEASURE","interaction":{"idSuffix":"inner"}},"clearTextFirst":true,"interactionType":"ENTER_TEXT"}]}
COMMAND: POST /session/d75fb2884b4d02e9e35ce6eb756d8333/execute/async - {"script":"<script> [1562 bytes]","args":[{"selector":{"id":"application-manageresources-display-component---newResourceUnit--newRRUPage-OPHeaderContent-collapseBtn-img"},"wdio_ui5_key":"applicationmanageresources-display-component---newResourceUnit--newRRUPage-OPHeaderContent-collapseBtn-img"}]}
RESULT: {"script":"<script> [1562 bytes]","args":[{"selector":{"id":"application-manageresources-display-component---newResourceUnit--newRRUPage-OPHeaderContent-collapseBtn-img"},"wdio_ui5_key":"applicationmanageresources-display-component---newResourceUnit--newRRUPage-OPHeaderContent-collapseBtn-img"}]}
RESULT: undefined
COMMAND: POST /session/d75fb2884b4d02e9e35ce6eb756d8333/element - {"using":"xpath","value":"//*[@id=\"application-manageresources-display-component---newResourceUnit--newRRUPage-OPHeaderContent-collapseBtn-img\"]"}
RESULT: {"using":"xpath","value":"//*[@id=\"application-manageresources-display-component---newResourceUnit--newRRUPage-OPHeaderContent-collapseBtn-img\"]"}
COMMAND: POST /session/d75fb2884b4d02e9e35ce6eb756d8333/element/f.C8DAFE98E12733F740FFA5ADB0C206D1.d.582208320AE8A364C59FF89109785B00.e.1572/click - {}
RESULT: {}
COMMAND: GET /session/d75fb2884b4d02e9e35ce6eb756d8333/screenshot - {}
RESULT: {}
COMMAND: POST /session/d75fb2884b4d02e9e35ce6eb756d8333/execute/async - {"script":"<script> [1562 bytes]","args":[{"selector":{"id":"application-manageresources-display-component---newResourceUnit--newRRUPage-anchBar-application-manageresources-display-component---newResourceUnit--control-anchor","interaction":{"idSuffix":"BDI-content"}},"wdio_ui5_key":"applicationmanageresources-display-component---newResourceUnit--newRRUPage-anchBar-application-manageresources-display-component---newResourceUnit--control-anchor"}]}
RESULT: {"script":"<script> [1562 bytes]","args":[{"selector":{"id":"application-manageresources-display-component---newResourceUnit--newRRUPage-anchBar-application-manageresources-display-component---newResourceUnit--control-anchor","interaction":{"idSuffix":"BDI-content"}},"wdio_ui5_key":"applicationmanageresources-display-component---newResourceUnit--newRRUPage-anchBar-application-manageresources-display-component---newResourceUnit--control-anchor"}]}
RESULT: undefined
COMMAND: POST /session/d75fb2884b4d02e9e35ce6eb756d8333/element - {"using":"xpath","value":"//*[@id=\"application-manageresources-display-component---newResourceUnit--newRRUPage-anchBar-application-manageresources-display-component---newResourceUnit--control-anchor\"]"}
RESULT: {"using":"xpath","value":"//*[@id=\"application-manageresources-display-component---newResourceUnit--newRRUPage-anchBar-application-manageresources-display-component---newResourceUnit--control-anchor\"]"}
COMMAND: POST /session/d75fb2884b4d02e9e35ce6eb756d8333/element/f.C8DAFE98E12733F740FFA5ADB0C206D1.d.582208320AE8A364C59FF89109785B00.e.1618/click - {}
RESULT: {}
COMMAND: POST /session/d75fb2884b4d02e9e35ce6eb756d8333/execute/async - {"script":"<script> [1562 bytes]","args":[{"selector":{"id":"application-manageresources-display-component---newResourceUnit--PLANNING_GROUP","interaction":{"idSuffix":"inner"}},"wdio_ui5_key":"applicationmanageresources-display-component---newResourceUnit--PLANNING_GROUP"}]}
COMMAND: GET /session/d75fb2884b4d02e9e35ce6eb756d8333/screenshot - {}
RESULT: {"script":"<script> [1562 bytes]","args":[{"selector":{"id":"application-manageresources-display-component---newResourceUnit--PLANNING_GROUP","interaction":{"idSuffix":"inner"}},"wdio_ui5_key":"applicationmanageresources-display-component---newResourceUnit--PLANNING_GROUP"}]}
RESULT: undefined
COMMAND: POST /session/d75fb2884b4d02e9e35ce6eb756d8333/execute/async - {"script":"<script> [776 bytes]","args":[{"enterText":"Heavy Equi","selector":{"id":"application-manageresources-display-component---newResourceUnit--PLANNING_GROUP","interaction":{"idSuffix":"inner"}},"clearTextFirst":true,"interactionType":"ENTER_TEXT"}]}
RESULT: {}
RESULT: {"script":"<script> [776 bytes]","args":[{"enterText":"Heavy Equi","selector":{"id":"application-manageresources-display-component---newResourceUnit--PLANNING_GROUP","interaction":{"idSuffix":"inner"}},"clearTextFirst":true,"interactionType":"ENTER_TEXT"}]}
COMMAND: POST /session/d75fb2884b4d02e9e35ce6eb756d8333/element - {"using":"xpath","value":"//bdi[contains(text(), \"Time Segment\")]"}
RESULT: {"using":"xpath","value":"//bdi[contains(text(), \"Time Segment\")]"}
COMMAND: GET /session/d75fb2884b4d02e9e35ce6eb756d8333/element/f.C8DAFE98E12733F740FFA5ADB0C206D1.d.582208320AE8A364C59FF89109785B00.e.1623/rect - {}
RESULT: {}
COMMAND: GET /session/d75fb2884b4d02e9e35ce6eb756d8333/window/rect - {}
RESULT: {}
COMMAND: POST /session/d75fb2884b4d02e9e35ce6eb756d8333/execute/sync - {"script":"<script> [92 bytes]","args":[]}
RESULT: {"script":"<script> [92 bytes]","args":[]}
COMMAND: POST /session/d75fb2884b4d02e9e35ce6eb756d8333/actions - {"actions":[{"id":"action3","type":"wheel","parameters":{},"actions":[{"type":"scroll","x":-1820,"y":-21,"deltaX":0,"deltaY":0,"duration":0,"origin":{"element-6066-11e4-a52e-4f735466cecf":"f.C8DAFE98E12733F740FFA5ADB0C206D1.d.582208320AE8A364C59FF89109785B00.e.1623"}}]}]}
COMMAND: GET /session/d75fb2884b4d02e9e35ce6eb756d8333/screenshot - {}
RESULT: {}
COMMAND: POST /session/d75fb2884b4d02e9e35ce6eb756d8333/execute/sync - {"script":"<script> [79 bytes]","args":[{"element-6066-11e4-a52e-4f735466cecf":"f.C8DAFE98E12733F740FFA5ADB0C206D1.d.582208320AE8A364C59FF89109785B00.e.1623","ELEMENT":"f.C8DAFE98E12733F740FFA5ADB0C206D1.d.582208320AE8A364C59FF89109785B00.e.1623"},{"block":"start","inline":"nearest"}]}
RESULT: {"script":"<script> [79 bytes]","args":[{"element-6066-11e4-a52e-4f735466cecf":"f.C8DAFE98E12733F740FFA5ADB0C206D1.d.582208320AE8A364C59FF89109785B00.e.1623","ELEMENT":"f.C8DAFE98E12733F740FFA5ADB0C206D1.d.582208320AE8A364C59FF89109785B00.e.1623"},{"block":"start","inline":"nearest"}]}
COMMAND: GET /session/d75fb2884b4d02e9e35ce6eb756d8333/screenshot - {}
RESULT: {}
COMMAND: POST /session/d75fb2884b4d02e9e35ce6eb756d8333/execute/async - {"script":"<script> [1562 bytes]","args":[{"selector":{"id":"application-manageresources-display-component---newResourceUnit--btnAddTimeSegment-img"},"wdio_ui5_key":"applicationmanageresources-display-component---newResourceUnit--btnAddTimeSegment-img"}]}
RESULT: {"script":"<script> [1562 bytes]","args":[{"selector":{"id":"application-manageresources-display-component---newResourceUnit--btnAddTimeSegment-img"},"wdio_ui5_key":"applicationmanageresources-display-component---newResourceUnit--btnAddTimeSegment-img"}]}
RESULT: undefined
COMMAND: POST /session/d75fb2884b4d02e9e35ce6eb756d8333/element - {"using":"xpath","value":"//*[@id=\"application-manageresources-display-component---newResourceUnit--btnAddTimeSegment-img\"]"}
RESULT: {"using":"xpath","value":"//*[@id=\"application-manageresources-display-component---newResourceUnit--btnAddTimeSegment-img\"]"}
COMMAND: POST /session/d75fb2884b4d02e9e35ce6eb756d8333/element/f.C8DAFE98E12733F740FFA5ADB0C206D1.d.582208320AE8A364C59FF89109785B00.e.1626/click - {}
RESULT: {}
COMMAND: GET /session/d75fb2884b4d02e9e35ce6eb756d8333/screenshot - {}
RESULT: {}
COMMAND: POST /session/d75fb2884b4d02e9e35ce6eb756d8333/element - {"using":"xpath","value":"//input[@id=\"application-manageresources-display-component---newResourceUnit--idRuTSAdmin-application-manageresources-display-component---newResourceUnit--RUTimeSegment-0-inner\"]"}
RESULT: {"using":"xpath","value":"//input[@id=\"application-manageresources-display-component---newResourceUnit--idRuTSAdmin-application-manageresources-display-component---newResourceUnit--RUTimeSegment-0-inner\"]"}
COMMAND: POST /session/d75fb2884b4d02e9e35ce6eb756d8333/element/f.C8DAFE98E12733F740FFA5ADB0C206D1.d.582208320AE8A364C59FF89109785B00.e.1629/clear - {}
RESULT: {}
COMMAND: POST /session/d75fb2884b4d02e9e35ce6eb756d8333/element/f.C8DAFE98E12733F740FFA5ADB0C206D1.d.582208320AE8A364C59FF89109785B00.e.1629/value - {"text":"WebdriverYardj3ul3"}
COMMAND: GET /session/d75fb2884b4d02e9e35ce6eb756d8333/screenshot - {}
RESULT: {"text":"WebdriverYardj3ul3"}
COMMAND: GET /session/d75fb2884b4d02e9e35ce6eb756d8333/screenshot - {}
RESULT: {}
RESULT: {}
COMMAND: POST /session/d75fb2884b4d02e9e35ce6eb756d8333/actions - {"actions":[{"id":"action4","type":"key","parameters":{},"actions":[{"type":"keyDown","value":"î€‡"},{"type":"pause","duration":10},{"type":"keyUp","value":"î€‡"}]}]}
RESULT: {"actions":[{"id":"action4","type":"key","parameters":{},"actions":[{"type":"keyDown","value":"î€‡"},{"type":"pause","duration":10},{"type":"keyUp","value":"î€‡"}]}]}
COMMAND: GET /session/d75fb2884b4d02e9e35ce6eb756d8333/screenshot - {}
RESULT: {}
COMMAND: POST /session/d75fb2884b4d02e9e35ce6eb756d8333/execute/async - {"script":"<script> [1562 bytes]","args":[{"selector":{"controlType":"sap.m.Button","viewName":"reusables.view.manageresources.NewResourceUnit","viewId":"application-manageresources-display-component---newResourceUnit","i18NText":{"propertyName":"tooltip","key":"save"},"interaction":{"idSuffix":"BDI-content"}},"wdio_ui5_key":"reusablesview.manageresources.NewResourceUnitsap.m.Button{\"propertyName\":\"tooltip\",\"key\":\"save\"}"}]}
RESULT: {"script":"<script> [1562 bytes]","args":[{"selector":{"controlType":"sap.m.Button","viewName":"reusables.view.manageresources.NewResourceUnit","viewId":"application-manageresources-display-component---newResourceUnit","i18NText":{"propertyName":"tooltip","key":"save"},"interaction":{"idSuffix":"BDI-content"}},"wdio_ui5_key":"reusablesview.manageresources.NewResourceUnitsap.m.Button{\"propertyName\":\"tooltip\",\"key\":\"save\"}"}]}
RESULT: undefined
COMMAND: POST /session/d75fb2884b4d02e9e35ce6eb756d8333/element - {"using":"xpath","value":"//*[@id=\"application-manageresources-display-component---newResourceUnit--createRuButton\"]"}
RESULT: {"using":"xpath","value":"//*[@id=\"application-manageresources-display-component---newResourceUnit--createRuButton\"]"}
COMMAND: POST /session/d75fb2884b4d02e9e35ce6eb756d8333/element/f.C8DAFE98E12733F740FFA5ADB0C206D1.d.582208320AE8A364C59FF89109785B00.e.1578/click - {}
RESULT: {}
COMMAND: GET /session/d75fb2884b4d02e9e35ce6eb756d8333/screenshot - {}
RESULT: {}
COMMAND: POST /session/d75fb2884b4d02e9e35ce6eb756d8333/execute/async - {"script":"<script> [1562 bytes]","args":[{"selector":{"controlType":"sap.m.Button","properties":{"text":"Close"},"searchOpenDialogs":true,"interaction":{"idSuffix":"inner"}},"wdio_ui5_key":"sapm.Button{\"text\":\"Close\"}"}]}
RESULT: {"script":"<script> [1562 bytes]","args":[{"selector":{"controlType":"sap.m.Button","properties":{"text":"Close"},"searchOpenDialogs":true,"interaction":{"idSuffix":"inner"}},"wdio_ui5_key":"sapm.Button{\"text\":\"Close\"}"}]}
RESULT: undefined
COMMAND: POST /session/d75fb2884b4d02e9e35ce6eb756d8333/element - {"using":"xpath","value":"//*[@id=\"__mbox-btn-0\"]"}
RESULT: {"using":"xpath","value":"//*[@id=\"__mbox-btn-0\"]"}
COMMAND: POST /session/d75fb2884b4d02e9e35ce6eb756d8333/element/f.C8DAFE98E12733F740FFA5ADB0C206D1.d.582208320AE8A364C59FF89109785B00.e.1636/click - {}
RESULT: {}
COMMAND: GET /session/d75fb2884b4d02e9e35ce6eb756d8333/screenshot - {}
RESULT: {}
]]></system-out>
    </testcase>
    <testcase classname="chrome.136_0_7103_93.windows.Related_resources_for_groups_US139107" name="Should create first equipment and add it to the group" time="122.439">
      <system-out><![CDATA[
RESULT: undefined
COMMAND: POST /session/d75fb2884b4d02e9e35ce6eb756d8333/element - {"using":"xpath","value":"//*[@id=\"__tile39\"]"}
RESULT: {"using":"xpath","value":"//*[@id=\"__tile39\"]"}
COMMAND: POST /session/d75fb2884b4d02e9e35ce6eb756d8333/element/f.C8DAFE98E12733F740FFA5ADB0C206D1.d.582208320AE8A364C59FF89109785B00.e.1196/click - {}
COMMAND: POST /session/d75fb2884b4d02e9e35ce6eb756d8333/elements - {"using":"xpath","value":"//span[text()='Error']"}
RESULT: {"using":"xpath","value":"//span[text()='Error']"}
COMMAND: POST /session/d75fb2884b4d02e9e35ce6eb756d8333/element - {"using":"xpath","value":"//button[@data-kt=\"addNewRUOverflowToolbarButton\"]"}
RESULT: {"using":"xpath","value":"//button[@data-kt=\"addNewRUOverflowToolbarButton\"]"}
COMMAND: POST /session/d75fb2884b4d02e9e35ce6eb756d8333/execute/sync - {"script":"<script> [8489 bytes]","args":[{"element-6066-11e4-a52e-4f735466cecf":"f.C8DAFE98E12733F740FFA5ADB0C206D1.d.582208320AE8A364C59FF89109785B00.e.1242","ELEMENT":"f.C8DAFE98E12733F740FFA5ADB0C206D1.d.582208320AE8A364C59FF89109785B00.e.1242"}]}
RESULT: {"script":"<script> [8489 bytes]","args":[{"element-6066-11e4-a52e-4f735466cecf":"f.C8DAFE98E12733F740FFA5ADB0C206D1.d.582208320AE8A364C59FF89109785B00.e.1242","ELEMENT":"f.C8DAFE98E12733F740FFA5ADB0C206D1.d.582208320AE8A364C59FF89109785B00.e.1242"}]}
COMMAND: POST /session/d75fb2884b4d02e9e35ce6eb756d8333/element/f.C8DAFE98E12733F740FFA5ADB0C206D1.d.582208320AE8A364C59FF89109785B00.e.1242/click - {}
COMMAND: GET /session/d75fb2884b4d02e9e35ce6eb756d8333/screenshot - {}
RESULT: {}
COMMAND: GET /session/d75fb2884b4d02e9e35ce6eb756d8333/screenshot - {}
RESULT: undefined
COMMAND: POST /session/d75fb2884b4d02e9e35ce6eb756d8333/element - {"using":"xpath","value":"//*[@id=\"application-manageresources-display-component---newResourceUnit--TYPE-arrow\"]"}
RESULT: {}
RESULT: {}
RESULT: {"using":"xpath","value":"//*[@id=\"application-manageresources-display-component---newResourceUnit--TYPE-arrow\"]"}
COMMAND: POST /session/d75fb2884b4d02e9e35ce6eb756d8333/element/f.C8DAFE98E12733F740FFA5ADB0C206D1.d.582208320AE8A364C59FF89109785B00.e.1560/click - {}
RESULT: {}
COMMAND: POST /session/d75fb2884b4d02e9e35ce6eb756d8333/execute/async - {"script":"<script> [1562 bytes]","args":[{"selector":{"controlType":"sap.m.StandardListItem","viewName":"reusables.view.manageresources.NewResourceUnit","viewId":"application-manageresources-display-component---newResourceUnit","properties":{"title":"Equipment"},"searchOpenDialogs":true,"interaction":{"idSuffix":"content"}},"wdio_ui5_key":"reusablesview.manageresources.NewResourceUnitsap.m.StandardListItem{\"title\":\"Equipment\"}"}]}
COMMAND: GET /session/d75fb2884b4d02e9e35ce6eb756d8333/screenshot - {}
RESULT: {"script":"<script> [1562 bytes]","args":[{"selector":{"controlType":"sap.m.StandardListItem","viewName":"reusables.view.manageresources.NewResourceUnit","viewId":"application-manageresources-display-component---newResourceUnit","properties":{"title":"Equipment"},"searchOpenDialogs":true,"interaction":{"idSuffix":"content"}},"wdio_ui5_key":"reusablesview.manageresources.NewResourceUnitsap.m.StandardListItem{\"title\":\"Equipment\"}"}]}
RESULT: undefined
COMMAND: POST /session/d75fb2884b4d02e9e35ce6eb756d8333/element - {"using":"xpath","value":"//*[@id=\"__item140\"]"}
RESULT: {}
RESULT: {"using":"xpath","value":"//*[@id=\"__item140\"]"}
COMMAND: POST /session/d75fb2884b4d02e9e35ce6eb756d8333/element/f.C8DAFE98E12733F740FFA5ADB0C206D1.d.582208320AE8A364C59FF89109785B00.e.1685/click - {}
RESULT: {}
COMMAND: POST /session/d75fb2884b4d02e9e35ce6eb756d8333/execute/async - {"script":"<script> [1562 bytes]","args":[{"selector":{"id":"application-manageresources-display-component---newResourceUnit--resourceId","interaction":{"idSuffix":"inner"}},"wdio_ui5_key":"applicationmanageresources-display-component---newResourceUnit--resourceId"}]}
COMMAND: GET /session/d75fb2884b4d02e9e35ce6eb756d8333/screenshot - {}
RESULT: {"script":"<script> [1562 bytes]","args":[{"selector":{"id":"application-manageresources-display-component---newResourceUnit--resourceId","interaction":{"idSuffix":"inner"}},"wdio_ui5_key":"applicationmanageresources-display-component---newResourceUnit--resourceId"}]}
RESULT: undefined
COMMAND: POST /session/d75fb2884b4d02e9e35ce6eb756d8333/execute/async - {"script":"<script> [776 bytes]","args":[{"enterText":"WdIORUEquip1d9dc5","selector":{"id":"application-manageresources-display-component---newResourceUnit--resourceId","interaction":{"idSuffix":"inner"}},"clearTextFirst":true,"interactionType":"ENTER_TEXT"}]}
RESULT: {}
RESULT: {"script":"<script> [776 bytes]","args":[{"enterText":"WdIORUEquip1d9dc5","selector":{"id":"application-manageresources-display-component---newResourceUnit--resourceId","interaction":{"idSuffix":"inner"}},"clearTextFirst":true,"interactionType":"ENTER_TEXT"}]}
RESULT: undefined
COMMAND: POST /session/d75fb2884b4d02e9e35ce6eb756d8333/execute/async - {"script":"<script> [776 bytes]","args":[{"enterText":"WdIORUEquip1d9dc5","selector":{"id":"application-manageresources-display-component---newResourceUnit--SHORT_TEXT","interaction":{"idSuffix":"inner"}},"clearTextFirst":true,"interactionType":"ENTER_TEXT"}]}
RESULT: {"script":"<script> [776 bytes]","args":[{"enterText":"WdIORUEquip1d9dc5","selector":{"id":"application-manageresources-display-component---newResourceUnit--SHORT_TEXT","interaction":{"idSuffix":"inner"}},"clearTextFirst":true,"interactionType":"ENTER_TEXT"}]}
RESULT: undefined
COMMAND: POST /session/d75fb2884b4d02e9e35ce6eb756d8333/execute/async - {"script":"<script> [776 bytes]","args":[{"enterText":"Piece","selector":{"id":"application-manageresources-display-component---newResourceUnit--BASE_UNIT_OF_MEASURE","interaction":{"idSuffix":"inner"}},"clearTextFirst":true,"interactionType":"ENTER_TEXT"}]}
RESULT: {"script":"<script> [776 bytes]","args":[{"enterText":"Piece","selector":{"id":"application-manageresources-display-component---newResourceUnit--BASE_UNIT_OF_MEASURE","interaction":{"idSuffix":"inner"}},"clearTextFirst":true,"interactionType":"ENTER_TEXT"}]}
COMMAND: POST /session/d75fb2884b4d02e9e35ce6eb756d8333/element - {"using":"xpath","value":"//input[contains(@id ,\"application-manageresources-display-component---newResourceUnit--HIGHER_LEVEL_RESOURCE-inner\")]"}
RESULT: {"using":"xpath","value":"//input[contains(@id ,\"application-manageresources-display-component---newResourceUnit--HIGHER_LEVEL_RESOURCE-inner\")]"}
COMMAND: POST /session/d75fb2884b4d02e9e35ce6eb756d8333/element/f.C8DAFE98E12733F740FFA5ADB0C206D1.d.582208320AE8A364C59FF89109785B00.e.1691/value - {"text":"WdIORUGroupxgau9"}
RESULT: {"text":"WdIORUGroupxgau9"}
COMMAND: GET /session/d75fb2884b4d02e9e35ce6eb756d8333/screenshot - {}
RESULT: {}
COMMAND: POST /session/d75fb2884b4d02e9e35ce6eb756d8333/actions - {"actions":[{"id":"action5","type":"key","parameters":{},"actions":[{"type":"keyDown","value":"î€‡"},{"type":"pause","duration":10},{"type":"keyUp","value":"î€‡"}]}]}
RESULT: {"actions":[{"id":"action5","type":"key","parameters":{},"actions":[{"type":"keyDown","value":"î€‡"},{"type":"pause","duration":10},{"type":"keyUp","value":"î€‡"}]}]}
COMMAND: POST /session/d75fb2884b4d02e9e35ce6eb756d8333/execute/async - {"script":"<script> [1562 bytes]","args":[{"selector":{"id":"application-manageresources-display-component---newResourceUnit--WEIGHT_UNIT","interaction":{"idSuffix":"inner"}},"wdio_ui5_key":"applicationmanageresources-display-component---newResourceUnit--WEIGHT_UNIT"}]}
COMMAND: GET /session/d75fb2884b4d02e9e35ce6eb756d8333/screenshot - {}
RESULT: {"script":"<script> [1562 bytes]","args":[{"selector":{"id":"application-manageresources-display-component---newResourceUnit--WEIGHT_UNIT","interaction":{"idSuffix":"inner"}},"wdio_ui5_key":"applicationmanageresources-display-component---newResourceUnit--WEIGHT_UNIT"}]}
RESULT: undefined
COMMAND: POST /session/d75fb2884b4d02e9e35ce6eb756d8333/execute/async - {"script":"<script> [776 bytes]","args":[{"enterText":"Gram","selector":{"id":"application-manageresources-display-component---newResourceUnit--WEIGHT_UNIT","interaction":{"idSuffix":"inner"}},"clearTextFirst":true,"interactionType":"ENTER_TEXT"}]}
RESULT: {}
RESULT: {"script":"<script> [776 bytes]","args":[{"enterText":"Gram","selector":{"id":"application-manageresources-display-component---newResourceUnit--WEIGHT_UNIT","interaction":{"idSuffix":"inner"}},"clearTextFirst":true,"interactionType":"ENTER_TEXT"}]}
RESULT: undefined
COMMAND: POST /session/d75fb2884b4d02e9e35ce6eb756d8333/element - {"using":"xpath","value":"//*[@id=\"application-manageresources-display-component---newResourceUnit--newRRUPage-OPHeaderContent-collapseBtn-img\"]"}
RESULT: {"using":"xpath","value":"//*[@id=\"application-manageresources-display-component---newResourceUnit--newRRUPage-OPHeaderContent-collapseBtn-img\"]"}
COMMAND: POST /session/d75fb2884b4d02e9e35ce6eb756d8333/element/f.C8DAFE98E12733F740FFA5ADB0C206D1.d.582208320AE8A364C59FF89109785B00.e.1572/click - {}
RESULT: {}
COMMAND: GET /session/d75fb2884b4d02e9e35ce6eb756d8333/screenshot - {}
RESULT: {}
COMMAND: POST /session/d75fb2884b4d02e9e35ce6eb756d8333/element - {"using":"xpath","value":"(//span[contains(@id ,\"application-manageresources-display-component---newResourceUnit--DIMENSION_UNIT-arrow\")])[1]"}
RESULT: {"using":"xpath","value":"(//span[contains(@id ,\"application-manageresources-display-component---newResourceUnit--DIMENSION_UNIT-arrow\")])[1]"}
COMMAND: POST /session/d75fb2884b4d02e9e35ce6eb756d8333/element/f.C8DAFE98E12733F740FFA5ADB0C206D1.d.582208320AE8A364C59FF89109785B00.e.1815/click - {}
RESULT: {}
COMMAND: GET /session/d75fb2884b4d02e9e35ce6eb756d8333/screenshot - {}
RESULT: {}
COMMAND: POST /session/d75fb2884b4d02e9e35ce6eb756d8333/execute/async - {"script":"<script> [1562 bytes]","args":[{"selector":{"controlType":"sap.m.StandardListItem","viewName":"reusables.view.manageresources.NewResourceUnit","viewId":"application-manageresources-display-component---newResourceUnit","properties":{"title":"Centimeter"},"searchOpenDialogs":true,"interaction":{"idSuffix":"titleText"}},"wdio_ui5_key":"reusablesview.manageresources.NewResourceUnitsap.m.StandardListItem{\"title\":\"Centimeter\"}"}]}
RESULT: {"script":"<script> [1562 bytes]","args":[{"selector":{"controlType":"sap.m.StandardListItem","viewName":"reusables.view.manageresources.NewResourceUnit","viewId":"application-manageresources-display-component---newResourceUnit","properties":{"title":"Centimeter"},"searchOpenDialogs":true,"interaction":{"idSuffix":"titleText"}},"wdio_ui5_key":"reusablesview.manageresources.NewResourceUnitsap.m.StandardListItem{\"title\":\"Centimeter\"}"}]}
RESULT: undefined
COMMAND: POST /session/d75fb2884b4d02e9e35ce6eb756d8333/element - {"using":"xpath","value":"//*[@id=\"__item674\"]"}
RESULT: {"using":"xpath","value":"//*[@id=\"__item674\"]"}
COMMAND: POST /session/d75fb2884b4d02e9e35ce6eb756d8333/element/f.C8DAFE98E12733F740FFA5ADB0C206D1.d.582208320AE8A364C59FF89109785B00.e.1817/click - {}
RESULT: {}
COMMAND: GET /session/d75fb2884b4d02e9e35ce6eb756d8333/screenshot - {}
RESULT: {}
RESULT: undefined
COMMAND: POST /session/d75fb2884b4d02e9e35ce6eb756d8333/element - {"using":"xpath","value":"//*[@id=\"application-manageresources-display-component---newResourceUnit--newRRUPage-anchBar-application-manageresources-display-component---newResourceUnit--control-anchor\"]"}
RESULT: {"using":"xpath","value":"//*[@id=\"application-manageresources-display-component---newResourceUnit--newRRUPage-anchBar-application-manageresources-display-component---newResourceUnit--control-anchor\"]"}
COMMAND: POST /session/d75fb2884b4d02e9e35ce6eb756d8333/element/f.C8DAFE98E12733F740FFA5ADB0C206D1.d.582208320AE8A364C59FF89109785B00.e.1818/click - {}
RESULT: {}
RESULT: undefined
COMMAND: POST /session/d75fb2884b4d02e9e35ce6eb756d8333/execute/async - {"script":"<script> [776 bytes]","args":[{"enterText":"Heavy Equi","selector":{"id":"application-manageresources-display-component---newResourceUnit--PLANNING_GROUP","interaction":{"idSuffix":"inner"}},"clearTextFirst":true,"interactionType":"ENTER_TEXT"}]}
COMMAND: GET /session/d75fb2884b4d02e9e35ce6eb756d8333/screenshot - {}
RESULT: {"script":"<script> [776 bytes]","args":[{"enterText":"Heavy Equi","selector":{"id":"application-manageresources-display-component---newResourceUnit--PLANNING_GROUP","interaction":{"idSuffix":"inner"}},"clearTextFirst":true,"interactionType":"ENTER_TEXT"}]}
RESULT: {}
COMMAND: POST /session/d75fb2884b4d02e9e35ce6eb756d8333/execute/async - {"script":"<script> [1562 bytes]","args":[{"selector":{"id":"application-manageresources-display-component---newResourceUnit--ITEM_TYPE-arrow"},"wdio_ui5_key":"applicationmanageresources-display-component---newResourceUnit--ITEM_TYPE-arrow"}]}
RESULT: {"script":"<script> [1562 bytes]","args":[{"selector":{"id":"application-manageresources-display-component---newResourceUnit--ITEM_TYPE-arrow"},"wdio_ui5_key":"applicationmanageresources-display-component---newResourceUnit--ITEM_TYPE-arrow"}]}
RESULT: undefined
COMMAND: POST /session/d75fb2884b4d02e9e35ce6eb756d8333/element - {"using":"xpath","value":"//*[@id=\"application-manageresources-display-component---newResourceUnit--ITEM_TYPE-arrow\"]"}
RESULT: {"using":"xpath","value":"//*[@id=\"application-manageresources-display-component---newResourceUnit--ITEM_TYPE-arrow\"]"}
COMMAND: POST /session/d75fb2884b4d02e9e35ce6eb756d8333/element/f.C8DAFE98E12733F740FFA5ADB0C206D1.d.582208320AE8A364C59FF89109785B00.e.1824/click - {}
RESULT: {}
COMMAND: POST /session/d75fb2884b4d02e9e35ce6eb756d8333/execute/async - {"script":"<script> [1562 bytes]","args":[{"selector":{"controlType":"sap.m.StandardListItem","viewName":"reusables.view.manageresources.NewResourceUnit","viewId":"application-manageresources-display-component---newResourceUnit","properties":{"title":"Resource Unit"},"searchOpenDialogs":true,"interaction":{"idSuffix":"titleText"}},"wdio_ui5_key":"reusablesview.manageresources.NewResourceUnitsap.m.StandardListItem{\"title\":\"Resource Unit\"}"}]}
COMMAND: GET /session/d75fb2884b4d02e9e35ce6eb756d8333/screenshot - {}
RESULT: {"script":"<script> [1562 bytes]","args":[{"selector":{"controlType":"sap.m.StandardListItem","viewName":"reusables.view.manageresources.NewResourceUnit","viewId":"application-manageresources-display-component---newResourceUnit","properties":{"title":"Resource Unit"},"searchOpenDialogs":true,"interaction":{"idSuffix":"titleText"}},"wdio_ui5_key":"reusablesview.manageresources.NewResourceUnitsap.m.StandardListItem{\"title\":\"Resource Unit\"}"}]}
RESULT: undefined
COMMAND: POST /session/d75fb2884b4d02e9e35ce6eb756d8333/element - {"using":"xpath","value":"//*[@id=\"__item683\"]"}
RESULT: {}
RESULT: {"using":"xpath","value":"//*[@id=\"__item683\"]"}
COMMAND: POST /session/d75fb2884b4d02e9e35ce6eb756d8333/element/f.C8DAFE98E12733F740FFA5ADB0C206D1.d.582208320AE8A364C59FF89109785B00.e.1826/click - {}
RESULT: {}
COMMAND: POST /session/d75fb2884b4d02e9e35ce6eb756d8333/element - {"using":"xpath","value":"//bdi[contains(text(), \"Time Segment\")]"}
COMMAND: GET /session/d75fb2884b4d02e9e35ce6eb756d8333/screenshot - {}
RESULT: {"using":"xpath","value":"//bdi[contains(text(), \"Time Segment\")]"}
COMMAND: GET /session/d75fb2884b4d02e9e35ce6eb756d8333/element/f.C8DAFE98E12733F740FFA5ADB0C206D1.d.582208320AE8A364C59FF89109785B00.e.1827/rect - {}
RESULT: {}
RESULT: {}
COMMAND: GET /session/d75fb2884b4d02e9e35ce6eb756d8333/window/rect - {}
RESULT: {}
COMMAND: POST /session/d75fb2884b4d02e9e35ce6eb756d8333/execute/sync - {"script":"<script> [92 bytes]","args":[]}
RESULT: {"script":"<script> [92 bytes]","args":[]}
COMMAND: POST /session/d75fb2884b4d02e9e35ce6eb756d8333/actions - {"actions":[{"id":"action6","type":"wheel","parameters":{},"actions":[{"type":"scroll","x":-1820,"y":-21,"deltaX":0,"deltaY":0,"duration":0,"origin":{"element-6066-11e4-a52e-4f735466cecf":"f.C8DAFE98E12733F740FFA5ADB0C206D1.d.582208320AE8A364C59FF89109785B00.e.1827"}}]}]}
COMMAND: GET /session/d75fb2884b4d02e9e35ce6eb756d8333/screenshot - {}
RESULT: {}
COMMAND: POST /session/d75fb2884b4d02e9e35ce6eb756d8333/execute/sync - {"script":"<script> [79 bytes]","args":[{"element-6066-11e4-a52e-4f735466cecf":"f.C8DAFE98E12733F740FFA5ADB0C206D1.d.582208320AE8A364C59FF89109785B00.e.1827","ELEMENT":"f.C8DAFE98E12733F740FFA5ADB0C206D1.d.582208320AE8A364C59FF89109785B00.e.1827"},{"block":"start","inline":"nearest"}]}
RESULT: {"script":"<script> [79 bytes]","args":[{"element-6066-11e4-a52e-4f735466cecf":"f.C8DAFE98E12733F740FFA5ADB0C206D1.d.582208320AE8A364C59FF89109785B00.e.1827","ELEMENT":"f.C8DAFE98E12733F740FFA5ADB0C206D1.d.582208320AE8A364C59FF89109785B00.e.1827"},{"block":"start","inline":"nearest"}]}
RESULT: undefined
COMMAND: POST /session/d75fb2884b4d02e9e35ce6eb756d8333/element - {"using":"xpath","value":"//*[@id=\"application-manageresources-display-component---newResourceUnit--btnAddTimeSegment-img\"]"}
COMMAND: GET /session/d75fb2884b4d02e9e35ce6eb756d8333/screenshot - {}
RESULT: {"using":"xpath","value":"//*[@id=\"application-manageresources-display-component---newResourceUnit--btnAddTimeSegment-img\"]"}
COMMAND: POST /session/d75fb2884b4d02e9e35ce6eb756d8333/element/f.C8DAFE98E12733F740FFA5ADB0C206D1.d.582208320AE8A364C59FF89109785B00.e.1828/click - {}
RESULT: {}
RESULT: {}
COMMAND: GET /session/d75fb2884b4d02e9e35ce6eb756d8333/screenshot - {}
RESULT: {}
COMMAND: POST /session/d75fb2884b4d02e9e35ce6eb756d8333/element - {"using":"xpath","value":"//input[@id=\"application-manageresources-display-component---newResourceUnit--idRuTSAdmin-application-manageresources-display-component---newResourceUnit--RUTimeSegment-0-inner\"]"}
RESULT: {"using":"xpath","value":"//input[@id=\"application-manageresources-display-component---newResourceUnit--idRuTSAdmin-application-manageresources-display-component---newResourceUnit--RUTimeSegment-0-inner\"]"}
COMMAND: POST /session/d75fb2884b4d02e9e35ce6eb756d8333/element/f.C8DAFE98E12733F740FFA5ADB0C206D1.d.582208320AE8A364C59FF89109785B00.e.1834/clear - {}
RESULT: {}
COMMAND: POST /session/d75fb2884b4d02e9e35ce6eb756d8333/element/f.C8DAFE98E12733F740FFA5ADB0C206D1.d.582208320AE8A364C59FF89109785B00.e.1834/value - {"text":"WebdriverYardj3ul3"}
COMMAND: GET /session/d75fb2884b4d02e9e35ce6eb756d8333/screenshot - {}
RESULT: {"text":"WebdriverYardj3ul3"}
COMMAND: GET /session/d75fb2884b4d02e9e35ce6eb756d8333/screenshot - {}
RESULT: {}
RESULT: {}
COMMAND: POST /session/d75fb2884b4d02e9e35ce6eb756d8333/actions - {"actions":[{"id":"action7","type":"key","parameters":{},"actions":[{"type":"keyDown","value":"î€‡"},{"type":"pause","duration":10},{"type":"keyUp","value":"î€‡"}]}]}
RESULT: {"actions":[{"id":"action7","type":"key","parameters":{},"actions":[{"type":"keyDown","value":"î€‡"},{"type":"pause","duration":10},{"type":"keyUp","value":"î€‡"}]}]}
COMMAND: POST /session/d75fb2884b4d02e9e35ce6eb756d8333/execute/async - {"script":"<script> [1562 bytes]","args":[{"selector":{"controlType":"sap.ui.core.Icon","viewName":"reusables.view.manageresources.NewResourceUnit","viewId":"application-manageresources-display-component---newResourceUnit","properties":{"src":{"regex":{"source":"slim\\-arrow\\-down"}}},"ancestor":{"controlType":"sap.m.ComboBox","viewName":"reusables.view.manageresources.NewResourceUnit","viewId":"application-manageresources-display-component---newResourceUnit","bindingPath":{"path":"/RESOURCE_UNIT_TIME_SEQUENCES/0","propertyPath":"COST_OBJECT_ADMIN_CST_TYPE","modelName":"oNewRruModel"}}},"wdio_ui5_key":"reusablesview.manageresources.NewResourceUnitsap.ui.core.Icon{\"src\":{\"regex\":{\"source\":\"slim\\\\-arrow\\\\-down\"}}}{\"controlType\":\"sap.m.ComboBox\",\"viewName\":\"reusables.view.manageresources.NewResourceUnit\",\"viewId\":\"application-manageresources-display-component---newResourceUnit\",\"bindingPath\":{\"path\":\"/RESOURCE_UNIT_TIME_SEQUENCES/0\",\"propertyPath\":\"COST_OBJECT_ADMIN_CST_TYPE\",\"modelName\":\"oNewRruModel\"}}"}]}
COMMAND: GET /session/d75fb2884b4d02e9e35ce6eb756d8333/screenshot - {}
RESULT: {"script":"<script> [1562 bytes]","args":[{"selector":{"controlType":"sap.ui.core.Icon","viewName":"reusables.view.manageresources.NewResourceUnit","viewId":"application-manageresources-display-component---newResourceUnit","properties":{"src":{"regex":{"source":"slim\\-arrow\\-down"}}},"ancestor":{"controlType":"sap.m.ComboBox","viewName":"reusables.view.manageresources.NewResourceUnit","viewId":"application-manageresources-display-component---newResourceUnit","bindingPath":{"path":"/RESOURCE_UNIT_TIME_SEQUENCES/0","propertyPath":"COST_OBJECT_ADMIN_CST_TYPE","modelName":"oNewRruModel"}}},"wdio_ui5_key":"reusablesview.manageresources.NewResourceUnitsap.ui.core.Icon{\"src\":{\"regex\":{\"source\":\"slim\\\\-arrow\\\\-down\"}}}{\"controlType\":\"sap.m.ComboBox\",\"viewName\":\"reusables.view.manageresources.NewResourceUnit\",\"viewId\":\"application-manageresources-display-component---newResourceUnit\",\"bindingPath\":{\"path\":\"/RESOURCE_UNIT_TIME_SEQUENCES/0\",\"propertyPath\":\"COST_OBJECT_ADMIN_CST_TYPE\",\"modelName\":\"oNewRruModel\"}}"}]}
RESULT: undefined
COMMAND: POST /session/d75fb2884b4d02e9e35ce6eb756d8333/element - {"using":"xpath","value":"//*[@id=\"__box5-application-manageresources-display-component---newResourceUnit--RUTimeSegment-0-arrow\"]"}
RESULT: {}
RESULT: {"using":"xpath","value":"//*[@id=\"__box5-application-manageresources-display-component---newResourceUnit--RUTimeSegment-0-arrow\"]"}
COMMAND: POST /session/d75fb2884b4d02e9e35ce6eb756d8333/element/f.C8DAFE98E12733F740FFA5ADB0C206D1.d.582208320AE8A364C59FF89109785B00.e.1846/click - {}
RESULT: {}
COMMAND: POST /session/d75fb2884b4d02e9e35ce6eb756d8333/execute/async - {"script":"<script> [1562 bytes]","args":[{"selector":{"controlType":"sap.m.StandardListItem","viewName":"reusables.view.manageresources.NewResourceUnit","viewId":"application-manageresources-display-component---newResourceUnit","properties":{"title":"PM Order"},"searchOpenDialogs":true,"interaction":{"idSuffix":"titleText"}},"wdio_ui5_key":"reusablesview.manageresources.NewResourceUnitsap.m.StandardListItem{\"title\":\"PM Order\"}"}]}
COMMAND: GET /session/d75fb2884b4d02e9e35ce6eb756d8333/screenshot - {}
RESULT: {"script":"<script> [1562 bytes]","args":[{"selector":{"controlType":"sap.m.StandardListItem","viewName":"reusables.view.manageresources.NewResourceUnit","viewId":"application-manageresources-display-component---newResourceUnit","properties":{"title":"PM Order"},"searchOpenDialogs":true,"interaction":{"idSuffix":"titleText"}},"wdio_ui5_key":"reusablesview.manageresources.NewResourceUnitsap.m.StandardListItem{\"title\":\"PM Order\"}"}]}
RESULT: undefined
COMMAND: POST /session/d75fb2884b4d02e9e35ce6eb756d8333/element - {"using":"xpath","value":"//*[@id=\"__item1051\"]"}
RESULT: {}
RESULT: {"using":"xpath","value":"//*[@id=\"__item1051\"]"}
COMMAND: POST /session/d75fb2884b4d02e9e35ce6eb756d8333/element/f.C8DAFE98E12733F740FFA5ADB0C206D1.d.582208320AE8A364C59FF89109785B00.e.1850/click - {}
RESULT: {}
COMMAND: GET /session/d75fb2884b4d02e9e35ce6eb756d8333/screenshot - {}
RESULT: {}
COMMAND: POST /session/d75fb2884b4d02e9e35ce6eb756d8333/element - {"using":"xpath","value":"(//input[contains(@id ,\"-application-manageresources-display-component---newResourceUnit--RUTimeSegment-0-inner\")])[8]"}
RESULT: {"using":"xpath","value":"(//input[contains(@id ,\"-application-manageresources-display-component---newResourceUnit--RUTimeSegment-0-inner\")])[8]"}
COMMAND: POST /session/d75fb2884b4d02e9e35ce6eb756d8333/element/f.C8DAFE98E12733F740FFA5ADB0C206D1.d.582208320AE8A364C59FF89109785B00.e.1853/clear - {}
RESULT: {}
COMMAND: POST /session/d75fb2884b4d02e9e35ce6eb756d8333/element/f.C8DAFE98E12733F740FFA5ADB0C206D1.d.582208320AE8A364C59FF89109785B00.e.1853/value - {"text":"4000360"}
COMMAND: GET /session/d75fb2884b4d02e9e35ce6eb756d8333/screenshot - {}
RESULT: {"text":"4000360"}
COMMAND: GET /session/d75fb2884b4d02e9e35ce6eb756d8333/screenshot - {}
RESULT: {}
RESULT: {}
COMMAND: POST /session/d75fb2884b4d02e9e35ce6eb756d8333/actions - {"actions":[{"id":"action8","type":"key","parameters":{},"actions":[{"type":"keyDown","value":"î€‡"},{"type":"pause","duration":10},{"type":"keyUp","value":"î€‡"}]}]}
RESULT: {"actions":[{"id":"action8","type":"key","parameters":{},"actions":[{"type":"keyDown","value":"î€‡"},{"type":"pause","duration":10},{"type":"keyUp","value":"î€‡"}]}]}
COMMAND: GET /session/d75fb2884b4d02e9e35ce6eb756d8333/screenshot - {}
RESULT: {}
COMMAND: POST /session/d75fb2884b4d02e9e35ce6eb756d8333/element - {"using":"xpath","value":"//input[contains(@id ,\"application-manageresources-display-component---newResourceUnit--newTimeSegmentFromDatePicker-application-manageresources-display-component---newResourceUnit--RUTimeSegment-0-inner\")]"}
RESULT: {"using":"xpath","value":"//input[contains(@id ,\"application-manageresources-display-component---newResourceUnit--newTimeSegmentFromDatePicker-application-manageresources-display-component---newResourceUnit--RUTimeSegment-0-inner\")]"}
COMMAND: POST /session/d75fb2884b4d02e9e35ce6eb756d8333/element/f.C8DAFE98E12733F740FFA5ADB0C206D1.d.582208320AE8A364C59FF89109785B00.e.1841/clear - {}
RESULT: {}
COMMAND: POST /session/d75fb2884b4d02e9e35ce6eb756d8333/element/f.C8DAFE98E12733F740FFA5ADB0C206D1.d.582208320AE8A364C59FF89109785B00.e.1841/clear - {}
COMMAND: GET /session/d75fb2884b4d02e9e35ce6eb756d8333/screenshot - {}
RESULT: {}
COMMAND: POST /session/d75fb2884b4d02e9e35ce6eb756d8333/element/f.C8DAFE98E12733F740FFA5ADB0C206D1.d.582208320AE8A364C59FF89109785B00.e.1841/value - {"text":"06/16/24"}
COMMAND: GET /session/d75fb2884b4d02e9e35ce6eb756d8333/screenshot - {}
RESULT: {}
RESULT: {"text":"06/16/24"}
COMMAND: POST /session/d75fb2884b4d02e9e35ce6eb756d8333/execute/async - {"script":"<script> [1562 bytes]","args":[{"selector":{"id":"application-manageresources-display-component---newResourceUnit--newRRUPage-anchBar-application-manageresources-display-component---newResourceUnit--resource-anchor","interaction":{"idSuffix":"BDI-content"}},"wdio_ui5_key":"applicationmanageresources-display-component---newResourceUnit--newRRUPage-anchBar-application-manageresources-display-component---newResourceUnit--resource-anchor"}]}
COMMAND: GET /session/d75fb2884b4d02e9e35ce6eb756d8333/screenshot - {}
RESULT: {}
RESULT: {"script":"<script> [1562 bytes]","args":[{"selector":{"id":"application-manageresources-display-component---newResourceUnit--newRRUPage-anchBar-application-manageresources-display-component---newResourceUnit--resource-anchor","interaction":{"idSuffix":"BDI-content"}},"wdio_ui5_key":"applicationmanageresources-display-component---newResourceUnit--newRRUPage-anchBar-application-manageresources-display-component---newResourceUnit--resource-anchor"}]}
RESULT: undefined
COMMAND: POST /session/d75fb2884b4d02e9e35ce6eb756d8333/element - {"using":"xpath","value":"//*[@id=\"application-manageresources-display-component---newResourceUnit--newRRUPage-anchBar-application-manageresources-display-component---newResourceUnit--resource-anchor\"]"}
RESULT: {}
RESULT: {"using":"xpath","value":"//*[@id=\"application-manageresources-display-component---newResourceUnit--newRRUPage-anchBar-application-manageresources-display-component---newResourceUnit--resource-anchor\"]"}
COMMAND: POST /session/d75fb2884b4d02e9e35ce6eb756d8333/element/f.C8DAFE98E12733F740FFA5ADB0C206D1.d.582208320AE8A364C59FF89109785B00.e.1875/click - {}
RESULT: {}
COMMAND: POST /session/d75fb2884b4d02e9e35ce6eb756d8333/execute/async - {"script":"<script> [1562 bytes]","args":[{"selector":{"id":"application-manageresources-display-component---newResourceUnit--PLANNED_DELIVERY_DATE","interaction":{"idSuffix":"inner"}},"wdio_ui5_key":"applicationmanageresources-display-component---newResourceUnit--PLANNED_DELIVERY_DATE"}]}
COMMAND: GET /session/d75fb2884b4d02e9e35ce6eb756d8333/screenshot - {}
RESULT: {"script":"<script> [1562 bytes]","args":[{"selector":{"id":"application-manageresources-display-component---newResourceUnit--PLANNED_DELIVERY_DATE","interaction":{"idSuffix":"inner"}},"wdio_ui5_key":"applicationmanageresources-display-component---newResourceUnit--PLANNED_DELIVERY_DATE"}]}
RESULT: undefined
COMMAND: POST /session/d75fb2884b4d02e9e35ce6eb756d8333/execute/async - {"script":"<script> [6424 bytes]","args":[{"element-6066-11e4-a52e-4f735466cecf":"f.C8DAFE98E12733F740FFA5ADB0C206D1.d.582208320AE8A364C59FF89109785B00.e.1721"},"setValue",["06/16/24"]]}
RESULT: {}
RESULT: {"script":"<script> [6424 bytes]","args":[{"element-6066-11e4-a52e-4f735466cecf":"f.C8DAFE98E12733F740FFA5ADB0C206D1.d.582208320AE8A364C59FF89109785B00.e.1721"},"setValue",["06/16/24"]]}
COMMAND: POST /session/d75fb2884b4d02e9e35ce6eb756d8333/execute/async - {"script":"<script> [1562 bytes]","args":[{"selector":{"id":"application-manageresources-display-component---newResourceUnit--RETIRE_PLANNED_DATE","interaction":{"idSuffix":"inner"}},"wdio_ui5_key":"applicationmanageresources-display-component---newResourceUnit--RETIRE_PLANNED_DATE"}]}
RESULT: {"script":"<script> [1562 bytes]","args":[{"selector":{"id":"application-manageresources-display-component---newResourceUnit--RETIRE_PLANNED_DATE","interaction":{"idSuffix":"inner"}},"wdio_ui5_key":"applicationmanageresources-display-component---newResourceUnit--RETIRE_PLANNED_DATE"}]}
RESULT: undefined
COMMAND: POST /session/d75fb2884b4d02e9e35ce6eb756d8333/execute/async - {"script":"<script> [776 bytes]","args":[{"enterText":"3/14/29","selector":{"id":"application-manageresources-display-component---newResourceUnit--RETIRE_PLANNED_DATE","interaction":{"idSuffix":"inner"}},"clearTextFirst":true,"interactionType":"ENTER_TEXT"}]}
RESULT: {"script":"<script> [776 bytes]","args":[{"enterText":"3/14/29","selector":{"id":"application-manageresources-display-component---newResourceUnit--RETIRE_PLANNED_DATE","interaction":{"idSuffix":"inner"}},"clearTextFirst":true,"interactionType":"ENTER_TEXT"}]}
RESULT: undefined
COMMAND: POST /session/d75fb2884b4d02e9e35ce6eb756d8333/element - {"using":"xpath","value":"//*[@id=\"application-manageresources-display-component---newResourceUnit--createRuButton\"]"}
RESULT: {"using":"xpath","value":"//*[@id=\"application-manageresources-display-component---newResourceUnit--createRuButton\"]"}
COMMAND: POST /session/d75fb2884b4d02e9e35ce6eb756d8333/element/f.C8DAFE98E12733F740FFA5ADB0C206D1.d.582208320AE8A364C59FF89109785B00.e.1578/click - {}
RESULT: {}
COMMAND: GET /session/d75fb2884b4d02e9e35ce6eb756d8333/screenshot - {}
RESULT: {}
COMMAND: POST /session/d75fb2884b4d02e9e35ce6eb756d8333/element - {"using":"xpath","value":"(//bdi[contains(text(), \"Close\")])[1]"}
RESULT: {"using":"xpath","value":"(//bdi[contains(text(), \"Close\")])[1]"}
COMMAND: POST /session/d75fb2884b4d02e9e35ce6eb756d8333/element/f.C8DAFE98E12733F740FFA5ADB0C206D1.d.582208320AE8A364C59FF89109785B00.e.1884/click - {}
RESULT: {}
COMMAND: GET /session/d75fb2884b4d02e9e35ce6eb756d8333/screenshot - {}
RESULT: {}
]]></system-out>
    </testcase>
    <testcase classname="chrome.136_0_7103_93.windows.Related_resources_for_groups_US139107" name="Should create one more equipment using copy function and add it to the group" time="76.13">
      <system-out><![CDATA[
COMMAND: POST /session/d75fb2884b4d02e9e35ce6eb756d8333/element - {"using":"xpath","value":"//span[contains(@id ,\"actionsToolbar-overflowButton-img\")]"}
RESULT: {"using":"xpath","value":"//span[contains(@id ,\"actionsToolbar-overflowButton-img\")]"}
COMMAND: POST /session/d75fb2884b4d02e9e35ce6eb756d8333/execute/sync - {"script":"<script> [8489 bytes]","args":[{"element-6066-11e4-a52e-4f735466cecf":"f.C8DAFE98E12733F740FFA5ADB0C206D1.d.582208320AE8A364C59FF89109785B00.e.1946","ELEMENT":"f.C8DAFE98E12733F740FFA5ADB0C206D1.d.582208320AE8A364C59FF89109785B00.e.1946"}]}
RESULT: {"script":"<script> [8489 bytes]","args":[{"element-6066-11e4-a52e-4f735466cecf":"f.C8DAFE98E12733F740FFA5ADB0C206D1.d.582208320AE8A364C59FF89109785B00.e.1946","ELEMENT":"f.C8DAFE98E12733F740FFA5ADB0C206D1.d.582208320AE8A364C59FF89109785B00.e.1946"}]}
COMMAND: POST /session/d75fb2884b4d02e9e35ce6eb756d8333/execute/sync - {"script":"<script> [5351 bytes]","args":[{"element-6066-11e4-a52e-4f735466cecf":"f.C8DAFE98E12733F740FFA5ADB0C206D1.d.582208320AE8A364C59FF89109785B00.e.1946","ELEMENT":"f.C8DAFE98E12733F740FFA5ADB0C206D1.d.582208320AE8A364C59FF89109785B00.e.1946"}]}
COMMAND: GET /session/d75fb2884b4d02e9e35ce6eb756d8333/screenshot - {}
RESULT: {"script":"<script> [5351 bytes]","args":[{"element-6066-11e4-a52e-4f735466cecf":"f.C8DAFE98E12733F740FFA5ADB0C206D1.d.582208320AE8A364C59FF89109785B00.e.1946","ELEMENT":"f.C8DAFE98E12733F740FFA5ADB0C206D1.d.582208320AE8A364C59FF89109785B00.e.1946"}]}
COMMAND: GET /session/d75fb2884b4d02e9e35ce6eb756d8333/screenshot - {}
COMMAND: POST /session/d75fb2884b4d02e9e35ce6eb756d8333/execute/sync - {"script":"<script> [8489 bytes]","args":[{"element-6066-11e4-a52e-4f735466cecf":"f.C8DAFE98E12733F740FFA5ADB0C206D1.d.582208320AE8A364C59FF89109785B00.e.1946","ELEMENT":"f.C8DAFE98E12733F740FFA5ADB0C206D1.d.582208320AE8A364C59FF89109785B00.e.1946"}]}
RESULT: {}
RESULT: {}
COMMAND: POST /session/d75fb2884b4d02e9e35ce6eb756d8333/element - {"using":"xpath","value":"//span[contains(@id ,\"actionsToolbar-overflowButton-img\")]"}
RESULT: {"using":"xpath","value":"//span[contains(@id ,\"actionsToolbar-overflowButton-img\")]"}
COMMAND: POST /session/d75fb2884b4d02e9e35ce6eb756d8333/execute/sync - {"script":"<script> [8489 bytes]","args":[{"element-6066-11e4-a52e-4f735466cecf":"f.C8DAFE98E12733F740FFA5ADB0C206D1.d.582208320AE8A364C59FF89109785B00.e.1951","ELEMENT":"f.C8DAFE98E12733F740FFA5ADB0C206D1.d.582208320AE8A364C59FF89109785B00.e.1951"}]}
RESULT: {"script":"<script> [8489 bytes]","args":[{"element-6066-11e4-a52e-4f735466cecf":"f.C8DAFE98E12733F740FFA5ADB0C206D1.d.582208320AE8A364C59FF89109785B00.e.1951","ELEMENT":"f.C8DAFE98E12733F740FFA5ADB0C206D1.d.582208320AE8A364C59FF89109785B00.e.1951"}]}
COMMAND: POST /session/d75fb2884b4d02e9e35ce6eb756d8333/execute/sync - {"script":"<script> [5351 bytes]","args":[{"element-6066-11e4-a52e-4f735466cecf":"f.C8DAFE98E12733F740FFA5ADB0C206D1.d.582208320AE8A364C59FF89109785B00.e.1951","ELEMENT":"f.C8DAFE98E12733F740FFA5ADB0C206D1.d.582208320AE8A364C59FF89109785B00.e.1951"}]}
COMMAND: GET /session/d75fb2884b4d02e9e35ce6eb756d8333/screenshot - {}
RESULT: {"script":"<script> [5351 bytes]","args":[{"element-6066-11e4-a52e-4f735466cecf":"f.C8DAFE98E12733F740FFA5ADB0C206D1.d.582208320AE8A364C59FF89109785B00.e.1951","ELEMENT":"f.C8DAFE98E12733F740FFA5ADB0C206D1.d.582208320AE8A364C59FF89109785B00.e.1951"}]}
COMMAND: POST /session/d75fb2884b4d02e9e35ce6eb756d8333/element/f.C8DAFE98E12733F740FFA5ADB0C206D1.d.582208320AE8A364C59FF89109785B00.e.1951/click - {}
COMMAND: GET /session/d75fb2884b4d02e9e35ce6eb756d8333/screenshot - {}
RESULT: {}
RESULT: {}
COMMAND: GET /session/d75fb2884b4d02e9e35ce6eb756d8333/screenshot - {}
RESULT: {}
RESULT: {}
COMMAND: POST /session/d75fb2884b4d02e9e35ce6eb756d8333/execute/async - {"script":"<script> [1562 bytes]","args":[{"selector":{"controlType":"sap.m.Button","viewName":"etm.portal.ui.manageresources.view.Detail","viewId":"application-manageresources-display-component---detailRU","i18NText":{"propertyName":"text","key":"copy"},"interaction":{"idSuffix":"BDI-content"}},"wdio_ui5_key":"etmportal.ui.manageresources.view.Detailsap.m.Button{\"propertyName\":\"text\",\"key\":\"copy\"}"}]}
RESULT: {"script":"<script> [1562 bytes]","args":[{"selector":{"controlType":"sap.m.Button","viewName":"etm.portal.ui.manageresources.view.Detail","viewId":"application-manageresources-display-component---detailRU","i18NText":{"propertyName":"text","key":"copy"},"interaction":{"idSuffix":"BDI-content"}},"wdio_ui5_key":"etmportal.ui.manageresources.view.Detailsap.m.Button{\"propertyName\":\"text\",\"key\":\"copy\"}"}]}
RESULT: undefined
COMMAND: POST /session/d75fb2884b4d02e9e35ce6eb756d8333/element - {"using":"xpath","value":"//*[@id=\"__button31\"]"}
RESULT: {"using":"xpath","value":"//*[@id=\"__button31\"]"}
COMMAND: POST /session/d75fb2884b4d02e9e35ce6eb756d8333/element/f.C8DAFE98E12733F740FFA5ADB0C206D1.d.582208320AE8A364C59FF89109785B00.e.1955/click - {}
RESULT: {}
COMMAND: GET /session/d75fb2884b4d02e9e35ce6eb756d8333/screenshot - {}
RESULT: {}
COMMAND: POST /session/d75fb2884b4d02e9e35ce6eb756d8333/execute/async - {"script":"<script> [1562 bytes]","args":[{"selector":{"controlType":"sap.m.Button","viewName":"etm.portal.ui.manageresources.view.Detail","viewId":"application-manageresources-display-component---detailRU","i18NText":{"propertyName":"text","key":"selectAll"},"searchOpenDialogs":true,"interaction":{"idSuffix":"BDI-content"}},"wdio_ui5_key":"etmportal.ui.manageresources.view.Detailsap.m.Button{\"propertyName\":\"text\",\"key\":\"selectAll\"}"}]}
RESULT: {"script":"<script> [1562 bytes]","args":[{"selector":{"controlType":"sap.m.Button","viewName":"etm.portal.ui.manageresources.view.Detail","viewId":"application-manageresources-display-component---detailRU","i18NText":{"propertyName":"text","key":"selectAll"},"searchOpenDialogs":true,"interaction":{"idSuffix":"BDI-content"}},"wdio_ui5_key":"etmportal.ui.manageresources.view.Detailsap.m.Button{\"propertyName\":\"text\",\"key\":\"selectAll\"}"}]}
RESULT: undefined
COMMAND: POST /session/d75fb2884b4d02e9e35ce6eb756d8333/element - {"using":"xpath","value":"//*[@id=\"__button79\"]"}
RESULT: {"using":"xpath","value":"//*[@id=\"__button79\"]"}
COMMAND: POST /session/d75fb2884b4d02e9e35ce6eb756d8333/element/f.C8DAFE98E12733F740FFA5ADB0C206D1.d.582208320AE8A364C59FF89109785B00.e.1956/click - {}
RESULT: {}
COMMAND: GET /session/d75fb2884b4d02e9e35ce6eb756d8333/screenshot - {}
RESULT: {}
COMMAND: POST /session/d75fb2884b4d02e9e35ce6eb756d8333/execute/async - {"script":"<script> [1562 bytes]","args":[{"selector":{"controlType":"sap.m.Button","viewName":"etm.portal.ui.manageresources.view.Detail","viewId":"application-manageresources-display-component---detailRU","i18NText":{"propertyName":"text","key":"confirm"},"searchOpenDialogs":true,"interaction":{"idSuffix":"content"}},"wdio_ui5_key":"etmportal.ui.manageresources.view.Detailsap.m.Button{\"propertyName\":\"text\",\"key\":\"confirm\"}"}]}
RESULT: {"script":"<script> [1562 bytes]","args":[{"selector":{"controlType":"sap.m.Button","viewName":"etm.portal.ui.manageresources.view.Detail","viewId":"application-manageresources-display-component---detailRU","i18NText":{"propertyName":"text","key":"confirm"},"searchOpenDialogs":true,"interaction":{"idSuffix":"content"}},"wdio_ui5_key":"etmportal.ui.manageresources.view.Detailsap.m.Button{\"propertyName\":\"text\",\"key\":\"confirm\"}"}]}
RESULT: undefined
COMMAND: POST /session/d75fb2884b4d02e9e35ce6eb756d8333/element - {"using":"xpath","value":"//*[@id=\"__button80\"]"}
RESULT: {"using":"xpath","value":"//*[@id=\"__button80\"]"}
COMMAND: POST /session/d75fb2884b4d02e9e35ce6eb756d8333/element/f.C8DAFE98E12733F740FFA5ADB0C206D1.d.582208320AE8A364C59FF89109785B00.e.1980/click - {}
RESULT: {}
COMMAND: GET /session/d75fb2884b4d02e9e35ce6eb756d8333/screenshot - {}
RESULT: {}
COMMAND: POST /session/d75fb2884b4d02e9e35ce6eb756d8333/element - {"using":"xpath","value":"(//span[contains(@id ,\"expandBtn-inner\")])[2]"}
RESULT: {"using":"xpath","value":"(//span[contains(@id ,\"expandBtn-inner\")])[2]"}
COMMAND: POST /session/d75fb2884b4d02e9e35ce6eb756d8333/element/f.C8DAFE98E12733F740FFA5ADB0C206D1.d.582208320AE8A364C59FF89109785B00.e.1993/click - {}
RESULT: {}
COMMAND: GET /session/d75fb2884b4d02e9e35ce6eb756d8333/screenshot - {}
RESULT: {}
COMMAND: POST /session/d75fb2884b4d02e9e35ce6eb756d8333/element - {"using":"xpath","value":"//input[contains(@id ,\"application-manageresources-display-component---newResourceUnit--resourceId-inner\")]"}
RESULT: {"using":"xpath","value":"//input[contains(@id ,\"application-manageresources-display-component---newResourceUnit--resourceId-inner\")]"}
COMMAND: POST /session/d75fb2884b4d02e9e35ce6eb756d8333/element/f.C8DAFE98E12733F740FFA5ADB0C206D1.d.582208320AE8A364C59FF89109785B00.e.1686/clear - {}
RESULT: {}
COMMAND: POST /session/d75fb2884b4d02e9e35ce6eb756d8333/element/f.C8DAFE98E12733F740FFA5ADB0C206D1.d.582208320AE8A364C59FF89109785B00.e.1686/value - {"text":"WdIORUEquip2ru3koj"}
COMMAND: GET /session/d75fb2884b4d02e9e35ce6eb756d8333/screenshot - {}
RESULT: {"text":"WdIORUEquip2ru3koj"}
COMMAND: POST /session/d75fb2884b4d02e9e35ce6eb756d8333/element - {"using":"xpath","value":"//input[contains(@id ,\"application-manageresources-display-component---newResourceUnit--SHORT_TEXT-inner\")]"}
COMMAND: GET /session/d75fb2884b4d02e9e35ce6eb756d8333/screenshot - {}
RESULT: {}
RESULT: {"using":"xpath","value":"//input[contains(@id ,\"application-manageresources-display-component---newResourceUnit--SHORT_TEXT-inner\")]"}
COMMAND: POST /session/d75fb2884b4d02e9e35ce6eb756d8333/element/f.C8DAFE98E12733F740FFA5ADB0C206D1.d.582208320AE8A364C59FF89109785B00.e.1687/clear - {}
RESULT: {}
RESULT: {}
COMMAND: POST /session/d75fb2884b4d02e9e35ce6eb756d8333/element/f.C8DAFE98E12733F740FFA5ADB0C206D1.d.582208320AE8A364C59FF89109785B00.e.1687/clear - {}
COMMAND: GET /session/d75fb2884b4d02e9e35ce6eb756d8333/screenshot - {}
RESULT: {}
COMMAND: POST /session/d75fb2884b4d02e9e35ce6eb756d8333/element/f.C8DAFE98E12733F740FFA5ADB0C206D1.d.582208320AE8A364C59FF89109785B00.e.1687/value - {"text":"WdIORUEquip2ru3koj"}
COMMAND: GET /session/d75fb2884b4d02e9e35ce6eb756d8333/screenshot - {}
RESULT: {}
RESULT: {"text":"WdIORUEquip2ru3koj"}
COMMAND: POST /session/d75fb2884b4d02e9e35ce6eb756d8333/element - {"using":"xpath","value":"//bdi[contains(text(), \"Time Segment\")]"}
COMMAND: GET /session/d75fb2884b4d02e9e35ce6eb756d8333/screenshot - {}
RESULT: {}
RESULT: {"using":"xpath","value":"//bdi[contains(text(), \"Time Segment\")]"}
COMMAND: GET /session/d75fb2884b4d02e9e35ce6eb756d8333/element/f.C8DAFE98E12733F740FFA5ADB0C206D1.d.582208320AE8A364C59FF89109785B00.e.1827/rect - {}
RESULT: {}
RESULT: {}
COMMAND: GET /session/d75fb2884b4d02e9e35ce6eb756d8333/window/rect - {}
RESULT: {}
COMMAND: POST /session/d75fb2884b4d02e9e35ce6eb756d8333/execute/sync - {"script":"<script> [92 bytes]","args":[]}
RESULT: {"script":"<script> [92 bytes]","args":[]}
COMMAND: POST /session/d75fb2884b4d02e9e35ce6eb756d8333/actions - {"actions":[{"id":"action9","type":"wheel","parameters":{},"actions":[{"type":"scroll","x":-1820,"y":1110,"deltaX":0,"deltaY":0,"duration":0,"origin":{"element-6066-11e4-a52e-4f735466cecf":"f.C8DAFE98E12733F740FFA5ADB0C206D1.d.582208320AE8A364C59FF89109785B00.e.1827"}}]}]}
COMMAND: GET /session/d75fb2884b4d02e9e35ce6eb756d8333/screenshot - {}
RESULT: {}
COMMAND: POST /session/d75fb2884b4d02e9e35ce6eb756d8333/execute/sync - {"script":"<script> [79 bytes]","args":[{"element-6066-11e4-a52e-4f735466cecf":"f.C8DAFE98E12733F740FFA5ADB0C206D1.d.582208320AE8A364C59FF89109785B00.e.1827","ELEMENT":"f.C8DAFE98E12733F740FFA5ADB0C206D1.d.582208320AE8A364C59FF89109785B00.e.1827"},{"block":"start","inline":"nearest"}]}
RESULT: {"script":"<script> [79 bytes]","args":[{"element-6066-11e4-a52e-4f735466cecf":"f.C8DAFE98E12733F740FFA5ADB0C206D1.d.582208320AE8A364C59FF89109785B00.e.1827","ELEMENT":"f.C8DAFE98E12733F740FFA5ADB0C206D1.d.582208320AE8A364C59FF89109785B00.e.1827"},{"block":"start","inline":"nearest"}]}
COMMAND: GET /session/d75fb2884b4d02e9e35ce6eb756d8333/screenshot - {}
RESULT: {}
COMMAND: POST /session/d75fb2884b4d02e9e35ce6eb756d8333/element - {"using":"xpath","value":"//input[@id=\"application-manageresources-display-component---newResourceUnit--idRuTSAdmin-application-manageresources-display-component---newResourceUnit--RUTimeSegment-0-inner\"]"}
RESULT: {"using":"xpath","value":"//input[@id=\"application-manageresources-display-component---newResourceUnit--idRuTSAdmin-application-manageresources-display-component---newResourceUnit--RUTimeSegment-0-inner\"]"}
COMMAND: POST /session/d75fb2884b4d02e9e35ce6eb756d8333/element/f.C8DAFE98E12733F740FFA5ADB0C206D1.d.582208320AE8A364C59FF89109785B00.e.1834/clear - {}
RESULT: {}
COMMAND: POST /session/d75fb2884b4d02e9e35ce6eb756d8333/element/f.C8DAFE98E12733F740FFA5ADB0C206D1.d.582208320AE8A364C59FF89109785B00.e.1834/value - {"text":"WebdriverYardj3ul3"}
COMMAND: GET /session/d75fb2884b4d02e9e35ce6eb756d8333/screenshot - {}
RESULT: {"text":"WebdriverYardj3ul3"}
COMMAND: GET /session/d75fb2884b4d02e9e35ce6eb756d8333/screenshot - {}
RESULT: {}
RESULT: {}
COMMAND: POST /session/d75fb2884b4d02e9e35ce6eb756d8333/actions - {"actions":[{"id":"action10","type":"key","parameters":{},"actions":[{"type":"keyDown","value":"î€‡"},{"type":"pause","duration":10},{"type":"keyUp","value":"î€‡"}]}]}
RESULT: {"actions":[{"id":"action10","type":"key","parameters":{},"actions":[{"type":"keyDown","value":"î€‡"},{"type":"pause","duration":10},{"type":"keyUp","value":"î€‡"}]}]}
COMMAND: GET /session/d75fb2884b4d02e9e35ce6eb756d8333/screenshot - {}
RESULT: {}
RESULT: undefined
COMMAND: POST /session/d75fb2884b4d02e9e35ce6eb756d8333/element - {"using":"xpath","value":"//*[@id=\"__box5-application-manageresources-display-component---newResourceUnit--RUTimeSegment-0-arrow\"]"}
RESULT: {"using":"xpath","value":"//*[@id=\"__box5-application-manageresources-display-component---newResourceUnit--RUTimeSegment-0-arrow\"]"}
COMMAND: POST /session/d75fb2884b4d02e9e35ce6eb756d8333/element/f.C8DAFE98E12733F740FFA5ADB0C206D1.d.582208320AE8A364C59FF89109785B00.e.1846/click - {}
RESULT: {}
COMMAND: GET /session/d75fb2884b4d02e9e35ce6eb756d8333/screenshot - {}
RESULT: {}
COMMAND: POST /session/d75fb2884b4d02e9e35ce6eb756d8333/element - {"using":"xpath","value":"//span[contains(@id ,\"titleText\")][contains(text(), \"PM Order\")]"}
RESULT: {"using":"xpath","value":"//span[contains(@id ,\"titleText\")][contains(text(), \"PM Order\")]"}
COMMAND: POST /session/d75fb2884b4d02e9e35ce6eb756d8333/element/f.C8DAFE98E12733F740FFA5ADB0C206D1.d.582208320AE8A364C59FF89109785B00.e.2066/click - {}
RESULT: {}
COMMAND: GET /session/d75fb2884b4d02e9e35ce6eb756d8333/screenshot - {}
RESULT: {}
COMMAND: POST /session/d75fb2884b4d02e9e35ce6eb756d8333/element - {"using":"xpath","value":"(//input[contains(@id ,\"-application-manageresources-display-component---newResourceUnit--RUTimeSegment-0-inner\")])[8]"}
RESULT: {"using":"xpath","value":"(//input[contains(@id ,\"-application-manageresources-display-component---newResourceUnit--RUTimeSegment-0-inner\")])[8]"}
COMMAND: POST /session/d75fb2884b4d02e9e35ce6eb756d8333/element/f.C8DAFE98E12733F740FFA5ADB0C206D1.d.582208320AE8A364C59FF89109785B00.e.2069/clear - {}
RESULT: {}
COMMAND: POST /session/d75fb2884b4d02e9e35ce6eb756d8333/element/f.C8DAFE98E12733F740FFA5ADB0C206D1.d.582208320AE8A364C59FF89109785B00.e.2069/value - {"text":"4000360"}
COMMAND: GET /session/d75fb2884b4d02e9e35ce6eb756d8333/screenshot - {}
RESULT: {"text":"4000360"}
COMMAND: GET /session/d75fb2884b4d02e9e35ce6eb756d8333/screenshot - {}
RESULT: {}
RESULT: {}
COMMAND: POST /session/d75fb2884b4d02e9e35ce6eb756d8333/actions - {"actions":[{"id":"action11","type":"key","parameters":{},"actions":[{"type":"keyDown","value":"î€‡"},{"type":"pause","duration":10},{"type":"keyUp","value":"î€‡"}]}]}
RESULT: {"actions":[{"id":"action11","type":"key","parameters":{},"actions":[{"type":"keyDown","value":"î€‡"},{"type":"pause","duration":10},{"type":"keyUp","value":"î€‡"}]}]}
COMMAND: GET /session/d75fb2884b4d02e9e35ce6eb756d8333/screenshot - {}
RESULT: {}
RESULT: undefined
COMMAND: POST /session/d75fb2884b4d02e9e35ce6eb756d8333/element - {"using":"xpath","value":"//*[@id=\"application-manageresources-display-component---newResourceUnit--createRuButton\"]"}
RESULT: {"using":"xpath","value":"//*[@id=\"application-manageresources-display-component---newResourceUnit--createRuButton\"]"}
COMMAND: POST /session/d75fb2884b4d02e9e35ce6eb756d8333/element/f.C8DAFE98E12733F740FFA5ADB0C206D1.d.582208320AE8A364C59FF89109785B00.e.1578/click - {}
RESULT: {}
COMMAND: GET /session/d75fb2884b4d02e9e35ce6eb756d8333/screenshot - {}
RESULT: {}
COMMAND: POST /session/d75fb2884b4d02e9e35ce6eb756d8333/element - {"using":"xpath","value":"(//bdi[contains(text(), \"Close\")])[1]"}
RESULT: {"using":"xpath","value":"(//bdi[contains(text(), \"Close\")])[1]"}
COMMAND: POST /session/d75fb2884b4d02e9e35ce6eb756d8333/element/f.C8DAFE98E12733F740FFA5ADB0C206D1.d.582208320AE8A364C59FF89109785B00.e.2090/click - {}
RESULT: {}
COMMAND: GET /session/d75fb2884b4d02e9e35ce6eb756d8333/screenshot - {}
]]></system-out>
    </testcase>
    <testcase classname="chrome.136_0_7103_93.windows.Related_resources_for_groups_US139107" name="Should verify the Yard Overview hyperlinks in related resource" time="126.493">
      <system-out><![CDATA[
COMMAND: POST /session/d75fb2884b4d02e9e35ce6eb756d8333/execute/async - {"script":"<script> [1562 bytes]","args":[{"selector":{"controlType":"sap.ui.core.Icon","viewName":"etm.portal.ui.manageresources.view.Detail","viewId":"application-manageresources-display-component---detailRU","properties":{"src":{"regex":{"source":"decline"}}}},"wdio_ui5_key":"etmportal.ui.manageresources.view.Detailsap.ui.core.Icon{\"src\":{\"regex\":{\"source\":\"decline\"}}}"}]}
RESULT: {}
RESULT: {"script":"<script> [1562 bytes]","args":[{"selector":{"controlType":"sap.ui.core.Icon","viewName":"etm.portal.ui.manageresources.view.Detail","viewId":"application-manageresources-display-component---detailRU","properties":{"src":{"regex":{"source":"decline"}}}},"wdio_ui5_key":"etmportal.ui.manageresources.view.Detailsap.ui.core.Icon{\"src\":{\"regex\":{\"source\":\"decline\"}}}"}]}
RESULT: undefined
COMMAND: POST /session/d75fb2884b4d02e9e35ce6eb756d8333/element - {"using":"xpath","value":"//input[contains(@id ,\"application-manageresources-display-component---masterRU--smartFilterBar-btnBasicSearch-I\")]"}
RESULT: {"using":"xpath","value":"//input[contains(@id ,\"application-manageresources-display-component---masterRU--smartFilterBar-btnBasicSearch-I\")]"}
COMMAND: POST /session/d75fb2884b4d02e9e35ce6eb756d8333/element/f.C8DAFE98E12733F740FFA5ADB0C206D1.d.582208320AE8A364C59FF89109785B00.e.1217/value - {"text":"WdIORUGroupxgau9"}
RESULT: {"text":"WdIORUGroupxgau9"}
COMMAND: GET /session/d75fb2884b4d02e9e35ce6eb756d8333/screenshot - {}
RESULT: {}
COMMAND: POST /session/d75fb2884b4d02e9e35ce6eb756d8333/actions - {"actions":[{"id":"action12","type":"key","parameters":{},"actions":[{"type":"keyDown","value":"î€‡"},{"type":"pause","duration":10},{"type":"keyUp","value":"î€‡"}]}]}
RESULT: {"actions":[{"id":"action12","type":"key","parameters":{},"actions":[{"type":"keyDown","value":"î€‡"},{"type":"pause","duration":10},{"type":"keyUp","value":"î€‡"}]}]}
COMMAND: GET /session/d75fb2884b4d02e9e35ce6eb756d8333/screenshot - {}
RESULT: {}
COMMAND: POST /session/d75fb2884b4d02e9e35ce6eb756d8333/execute/async - {"script":"<script> [1562 bytes]","args":[{"selector":{"controlType":"sap.ui.core.Icon","viewName":"etm.portal.ui.manageresources.view.Master","viewId":"application-manageresources-display-component---masterRU","properties":{"src":{"regex":{"source":"slim\\-arrow\\-right"}}}},"wdio_ui5_key":"etmportal.ui.manageresources.view.Mastersap.ui.core.Icon{\"src\":{\"regex\":{\"source\":\"slim\\\\-arrow\\\\-right\"}}}"}]}
RESULT: {"script":"<script> [1562 bytes]","args":[{"selector":{"controlType":"sap.ui.core.Icon","viewName":"etm.portal.ui.manageresources.view.Master","viewId":"application-manageresources-display-component---masterRU","properties":{"src":{"regex":{"source":"slim\\-arrow\\-right"}}}},"wdio_ui5_key":"etmportal.ui.manageresources.view.Mastersap.ui.core.Icon{\"src\":{\"regex\":{\"source\":\"slim\\\\-arrow\\\\-right\"}}}"}]}
RESULT: undefined
COMMAND: POST /session/d75fb2884b4d02e9e35ce6eb756d8333/element - {"using":"xpath","value":"//*[@id=\"__item35-__clone109-imgNav\"]"}
RESULT: {"using":"xpath","value":"//*[@id=\"__item35-__clone109-imgNav\"]"}
COMMAND: POST /session/d75fb2884b4d02e9e35ce6eb756d8333/element/f.C8DAFE98E12733F740FFA5ADB0C206D1.d.582208320AE8A364C59FF89109785B00.e.1390/click - {}
RESULT: {}
COMMAND: GET /session/d75fb2884b4d02e9e35ce6eb756d8333/screenshot - {}
RESULT: {}
COMMAND: POST /session/d75fb2884b4d02e9e35ce6eb756d8333/element - {"using":"xpath","value":"//bdi[contains(@id ,\"application-manageresources-display-component---detailRU--openRelatedRus-BDI-content\")]"}
RESULT: {"using":"xpath","value":"//bdi[contains(@id ,\"application-manageresources-display-component---detailRU--openRelatedRus-BDI-content\")]"}
COMMAND: POST /session/d75fb2884b4d02e9e35ce6eb756d8333/execute/sync - {"script":"<script> [8489 bytes]","args":[{"element-6066-11e4-a52e-4f735466cecf":"f.C8DAFE98E12733F740FFA5ADB0C206D1.d.582208320AE8A364C59FF89109785B00.e.2137","ELEMENT":"f.C8DAFE98E12733F740FFA5ADB0C206D1.d.582208320AE8A364C59FF89109785B00.e.2137"}]}
RESULT: {"script":"<script> [8489 bytes]","args":[{"element-6066-11e4-a52e-4f735466cecf":"f.C8DAFE98E12733F740FFA5ADB0C206D1.d.582208320AE8A364C59FF89109785B00.e.2137","ELEMENT":"f.C8DAFE98E12733F740FFA5ADB0C206D1.d.582208320AE8A364C59FF89109785B00.e.2137"}]}
COMMAND: POST /session/d75fb2884b4d02e9e35ce6eb756d8333/execute/sync - {"script":"<script> [5351 bytes]","args":[{"element-6066-11e4-a52e-4f735466cecf":"f.C8DAFE98E12733F740FFA5ADB0C206D1.d.582208320AE8A364C59FF89109785B00.e.2137","ELEMENT":"f.C8DAFE98E12733F740FFA5ADB0C206D1.d.582208320AE8A364C59FF89109785B00.e.2137"}]}
COMMAND: GET /session/d75fb2884b4d02e9e35ce6eb756d8333/screenshot - {}
RESULT: {"script":"<script> [5351 bytes]","args":[{"element-6066-11e4-a52e-4f735466cecf":"f.C8DAFE98E12733F740FFA5ADB0C206D1.d.582208320AE8A364C59FF89109785B00.e.2137","ELEMENT":"f.C8DAFE98E12733F740FFA5ADB0C206D1.d.582208320AE8A364C59FF89109785B00.e.2137"}]}
COMMAND: POST /session/d75fb2884b4d02e9e35ce6eb756d8333/element/f.C8DAFE98E12733F740FFA5ADB0C206D1.d.582208320AE8A364C59FF89109785B00.e.2137/click - {}
COMMAND: GET /session/d75fb2884b4d02e9e35ce6eb756d8333/screenshot - {}
RESULT: {}
RESULT: {}
COMMAND: GET /session/d75fb2884b4d02e9e35ce6eb756d8333/screenshot - {}
RESULT: {}
RESULT: {}
COMMAND: POST /session/d75fb2884b4d02e9e35ce6eb756d8333/element - {"using":"xpath","value":"//*[contains(@data-kt ,\"openRUIdMenuLink\")]"}
RESULT: {"using":"xpath","value":"//*[contains(@data-kt ,\"openRUIdMenuLink\")]"}
COMMAND: POST /session/d75fb2884b4d02e9e35ce6eb756d8333/execute/sync - {"script":"<script> [8489 bytes]","args":[{"element-6066-11e4-a52e-4f735466cecf":"f.C8DAFE98E12733F740FFA5ADB0C206D1.d.582208320AE8A364C59FF89109785B00.e.2143","ELEMENT":"f.C8DAFE98E12733F740FFA5ADB0C206D1.d.582208320AE8A364C59FF89109785B00.e.2143"}]}
RESULT: {"script":"<script> [8489 bytes]","args":[{"element-6066-11e4-a52e-4f735466cecf":"f.C8DAFE98E12733F740FFA5ADB0C206D1.d.582208320AE8A364C59FF89109785B00.e.2143","ELEMENT":"f.C8DAFE98E12733F740FFA5ADB0C206D1.d.582208320AE8A364C59FF89109785B00.e.2143"}]}
COMMAND: POST /session/d75fb2884b4d02e9e35ce6eb756d8333/execute/sync - {"script":"<script> [5351 bytes]","args":[{"element-6066-11e4-a52e-4f735466cecf":"f.C8DAFE98E12733F740FFA5ADB0C206D1.d.582208320AE8A364C59FF89109785B00.e.2143","ELEMENT":"f.C8DAFE98E12733F740FFA5ADB0C206D1.d.582208320AE8A364C59FF89109785B00.e.2143"}]}
COMMAND: GET /session/d75fb2884b4d02e9e35ce6eb756d8333/screenshot - {}
RESULT: {"script":"<script> [5351 bytes]","args":[{"element-6066-11e4-a52e-4f735466cecf":"f.C8DAFE98E12733F740FFA5ADB0C206D1.d.582208320AE8A364C59FF89109785B00.e.2143","ELEMENT":"f.C8DAFE98E12733F740FFA5ADB0C206D1.d.582208320AE8A364C59FF89109785B00.e.2143"}]}
COMMAND: POST /session/d75fb2884b4d02e9e35ce6eb756d8333/execute/async - {"script":"<script> [1562 bytes]","args":[{"selector":{"id":"RelatedRUsFragmentID--smartTableRUs-header","searchOpenDialogs":true},"wdio_ui5_key":"RelatedRUsFragmentIDsmartTableRUs-header"}]}
COMMAND: GET /session/d75fb2884b4d02e9e35ce6eb756d8333/screenshot - {}
RESULT: {}
RESULT: {"script":"<script> [1562 bytes]","args":[{"selector":{"id":"RelatedRUsFragmentID--smartTableRUs-header","searchOpenDialogs":true},"wdio_ui5_key":"RelatedRUsFragmentIDsmartTableRUs-header"}]}
RESULT: undefined
COMMAND: POST /session/d75fb2884b4d02e9e35ce6eb756d8333/execute/async - {"script":"<script> [6424 bytes]","args":[{"element-6066-11e4-a52e-4f735466cecf":"f.C8DAFE98E12733F740FFA5ADB0C206D1.d.582208320AE8A364C59FF89109785B00.e.2144"},"getText",[]]}
RESULT: {}
RESULT: {"script":"<script> [6424 bytes]","args":[{"element-6066-11e4-a52e-4f735466cecf":"f.C8DAFE98E12733F740FFA5ADB0C206D1.d.582208320AE8A364C59FF89109785B00.e.2144"},"getText",[]]}
COMMAND: POST /session/d75fb2884b4d02e9e35ce6eb756d8333/element/f.C8DAFE98E12733F740FFA5ADB0C206D1.d.582208320AE8A364C59FF89109785B00.e.2143/click - {}
RESULT: {}
COMMAND: GET /session/d75fb2884b4d02e9e35ce6eb756d8333/screenshot - {}
RESULT: {}
COMMAND: POST /session/d75fb2884b4d02e9e35ce6eb756d8333/element - {"using":"xpath","value":"//*[contains(@data-kt ,\"ContextMenuId2Link\")][contains(text(), \"RU Overview\")]"}
RESULT: {"using":"xpath","value":"//*[contains(@data-kt ,\"ContextMenuId2Link\")][contains(text(), \"RU Overview\")]"}
COMMAND: POST /session/d75fb2884b4d02e9e35ce6eb756d8333/execute/sync - {"script":"<script> [8489 bytes]","args":[{"element-6066-11e4-a52e-4f735466cecf":"f.C8DAFE98E12733F740FFA5ADB0C206D1.d.582208320AE8A364C59FF89109785B00.e.2146","ELEMENT":"f.C8DAFE98E12733F740FFA5ADB0C206D1.d.582208320AE8A364C59FF89109785B00.e.2146"}]}
COMMAND: POST /session/d75fb2884b4d02e9e35ce6eb756d8333/element/f.C8DAFE98E12733F740FFA5ADB0C206D1.d.582208320AE8A364C59FF89109785B00.e.2146/click - {}
RESULT: {"script":"<script> [8489 bytes]","args":[{"element-6066-11e4-a52e-4f735466cecf":"f.C8DAFE98E12733F740FFA5ADB0C206D1.d.582208320AE8A364C59FF89109785B00.e.2146","ELEMENT":"f.C8DAFE98E12733F740FFA5ADB0C206D1.d.582208320AE8A364C59FF89109785B00.e.2146"}]}
COMMAND: GET /session/d75fb2884b4d02e9e35ce6eb756d8333/screenshot - {}
RESULT: {}
COMMAND: GET /session/d75fb2884b4d02e9e35ce6eb756d8333/screenshot - {}
RESULT: {}
RESULT: {}
COMMAND: POST /session/d75fb2884b4d02e9e35ce6eb756d8333/execute/async - {"script":"<script> [1562 bytes]","args":[{"selector":{"id":"shellAppTitle"},"wdio_ui5_key":"shellAppTitle"}]}
RESULT: {"script":"<script> [1562 bytes]","args":[{"selector":{"id":"shellAppTitle"},"wdio_ui5_key":"shellAppTitle"}]}
RESULT: undefined
COMMAND: POST /session/d75fb2884b4d02e9e35ce6eb756d8333/execute/async - {"script":"<script> [6424 bytes]","args":[{"element-6066-11e4-a52e-4f735466cecf":"f.C8DAFE98E12733F740FFA5ADB0C206D1.d.582208320AE8A364C59FF89109785B00.e.2401"},"getTitle",[]]}
RESULT: {"script":"<script> [6424 bytes]","args":[{"element-6066-11e4-a52e-4f735466cecf":"f.C8DAFE98E12733F740FFA5ADB0C206D1.d.582208320AE8A364C59FF89109785B00.e.2401"},"getTitle",[]]}
COMMAND: POST /session/d75fb2884b4d02e9e35ce6eb756d8333/element - {"using":"xpath","value":"//span[contains(@id ,\"application-manageresources-display-component---detailRU--snappedTitle-inner\")][contains(text(), \"WdIORUEquip1d9dc5\")]"}
RESULT: {"using":"xpath","value":"//span[contains(@id ,\"application-manageresources-display-component---detailRU--snappedTitle-inner\")][contains(text(), \"WdIORUEquip1d9dc5\")]"}
COMMAND: POST /session/d75fb2884b4d02e9e35ce6eb756d8333/execute/sync - {"script":"<script> [8489 bytes]","args":[{"element-6066-11e4-a52e-4f735466cecf":"f.C8DAFE98E12733F740FFA5ADB0C206D1.d.582208320AE8A364C59FF89109785B00.e.2402","ELEMENT":"f.C8DAFE98E12733F740FFA5ADB0C206D1.d.582208320AE8A364C59FF89109785B00.e.2402"}]}
COMMAND: POST /session/d75fb2884b4d02e9e35ce6eb756d8333/execute/async - {"script":"<script> [1562 bytes]","args":[{"selector":{"id":"backBtn"},"wdio_ui5_key":"backBtn"}]}
RESULT: {"script":"<script> [1562 bytes]","args":[{"selector":{"id":"backBtn"},"wdio_ui5_key":"backBtn"}]}
RESULT: undefined
COMMAND: POST /session/d75fb2884b4d02e9e35ce6eb756d8333/element - {"using":"xpath","value":"//*[@id=\"backBtn\"]"}
RESULT: {"script":"<script> [8489 bytes]","args":[{"element-6066-11e4-a52e-4f735466cecf":"f.C8DAFE98E12733F740FFA5ADB0C206D1.d.582208320AE8A364C59FF89109785B00.e.2402","ELEMENT":"f.C8DAFE98E12733F740FFA5ADB0C206D1.d.582208320AE8A364C59FF89109785B00.e.2402"}]}
COMMAND: GET /session/d75fb2884b4d02e9e35ce6eb756d8333/screenshot - {}
RESULT: {"using":"xpath","value":"//*[@id=\"backBtn\"]"}
COMMAND: POST /session/d75fb2884b4d02e9e35ce6eb756d8333/element/f.C8DAFE98E12733F740FFA5ADB0C206D1.d.582208320AE8A364C59FF89109785B00.e.2403/click - {}
RESULT: {}
RESULT: {}
COMMAND: GET /session/d75fb2884b4d02e9e35ce6eb756d8333/screenshot - {}
RESULT: {}
COMMAND: POST /session/d75fb2884b4d02e9e35ce6eb756d8333/execute/sync - {"script":"<script> [8489 bytes]","args":[{"element-6066-11e4-a52e-4f735466cecf":"f.C8DAFE98E12733F740FFA5ADB0C206D1.d.582208320AE8A364C59FF89109785B00.e.2137","ELEMENT":"f.C8DAFE98E12733F740FFA5ADB0C206D1.d.582208320AE8A364C59FF89109785B00.e.2137"}]}
COMMAND: POST /session/d75fb2884b4d02e9e35ce6eb756d8333/element - {"using":"xpath","value":"//bdi[contains(@id ,\"application-manageresources-display-component---detailRU--openRelatedRus-BDI-content\")]"}
RESULT: {"using":"xpath","value":"//bdi[contains(@id ,\"application-manageresources-display-component---detailRU--openRelatedRus-BDI-content\")]"}
COMMAND: POST /session/d75fb2884b4d02e9e35ce6eb756d8333/execute/sync - {"script":"<script> [8489 bytes]","args":[{"element-6066-11e4-a52e-4f735466cecf":"f.C8DAFE98E12733F740FFA5ADB0C206D1.d.582208320AE8A364C59FF89109785B00.e.2746","ELEMENT":"f.C8DAFE98E12733F740FFA5ADB0C206D1.d.582208320AE8A364C59FF89109785B00.e.2746"}]}
RESULT: {"script":"<script> [8489 bytes]","args":[{"element-6066-11e4-a52e-4f735466cecf":"f.C8DAFE98E12733F740FFA5ADB0C206D1.d.582208320AE8A364C59FF89109785B00.e.2746","ELEMENT":"f.C8DAFE98E12733F740FFA5ADB0C206D1.d.582208320AE8A364C59FF89109785B00.e.2746"}]}
COMMAND: POST /session/d75fb2884b4d02e9e35ce6eb756d8333/execute/sync - {"script":"<script> [5351 bytes]","args":[{"element-6066-11e4-a52e-4f735466cecf":"f.C8DAFE98E12733F740FFA5ADB0C206D1.d.582208320AE8A364C59FF89109785B00.e.2746","ELEMENT":"f.C8DAFE98E12733F740FFA5ADB0C206D1.d.582208320AE8A364C59FF89109785B00.e.2746"}]}
COMMAND: GET /session/d75fb2884b4d02e9e35ce6eb756d8333/screenshot - {}
RESULT: {"script":"<script> [5351 bytes]","args":[{"element-6066-11e4-a52e-4f735466cecf":"f.C8DAFE98E12733F740FFA5ADB0C206D1.d.582208320AE8A364C59FF89109785B00.e.2746","ELEMENT":"f.C8DAFE98E12733F740FFA5ADB0C206D1.d.582208320AE8A364C59FF89109785B00.e.2746"}]}
COMMAND: POST /session/d75fb2884b4d02e9e35ce6eb756d8333/element/f.C8DAFE98E12733F740FFA5ADB0C206D1.d.582208320AE8A364C59FF89109785B00.e.2746/click - {}
COMMAND: GET /session/d75fb2884b4d02e9e35ce6eb756d8333/screenshot - {}
RESULT: {}
RESULT: {}
COMMAND: GET /session/d75fb2884b4d02e9e35ce6eb756d8333/screenshot - {}
RESULT: {}
RESULT: {}
COMMAND: POST /session/d75fb2884b4d02e9e35ce6eb756d8333/execute/sync - {"script":"<script> [8489 bytes]","args":[{"element-6066-11e4-a52e-4f735466cecf":"f.C8DAFE98E12733F740FFA5ADB0C206D1.d.582208320AE8A364C59FF89109785B00.e.2143","ELEMENT":"f.C8DAFE98E12733F740FFA5ADB0C206D1.d.582208320AE8A364C59FF89109785B00.e.2143"}]}
COMMAND: POST /session/d75fb2884b4d02e9e35ce6eb756d8333/element - {"using":"xpath","value":"//*[contains(@data-kt ,\"openRUIdMenuLink\")]"}
RESULT: {"using":"xpath","value":"//*[contains(@data-kt ,\"openRUIdMenuLink\")]"}
COMMAND: POST /session/d75fb2884b4d02e9e35ce6eb756d8333/execute/sync - {"script":"<script> [8489 bytes]","args":[{"element-6066-11e4-a52e-4f735466cecf":"f.C8DAFE98E12733F740FFA5ADB0C206D1.d.582208320AE8A364C59FF89109785B00.e.2750","ELEMENT":"f.C8DAFE98E12733F740FFA5ADB0C206D1.d.582208320AE8A364C59FF89109785B00.e.2750"}]}
RESULT: {"script":"<script> [8489 bytes]","args":[{"element-6066-11e4-a52e-4f735466cecf":"f.C8DAFE98E12733F740FFA5ADB0C206D1.d.582208320AE8A364C59FF89109785B00.e.2750","ELEMENT":"f.C8DAFE98E12733F740FFA5ADB0C206D1.d.582208320AE8A364C59FF89109785B00.e.2750"}]}
COMMAND: POST /session/d75fb2884b4d02e9e35ce6eb756d8333/execute/sync - {"script":"<script> [5351 bytes]","args":[{"element-6066-11e4-a52e-4f735466cecf":"f.C8DAFE98E12733F740FFA5ADB0C206D1.d.582208320AE8A364C59FF89109785B00.e.2750","ELEMENT":"f.C8DAFE98E12733F740FFA5ADB0C206D1.d.582208320AE8A364C59FF89109785B00.e.2750"}]}
COMMAND: GET /session/d75fb2884b4d02e9e35ce6eb756d8333/screenshot - {}
RESULT: {"script":"<script> [5351 bytes]","args":[{"element-6066-11e4-a52e-4f735466cecf":"f.C8DAFE98E12733F740FFA5ADB0C206D1.d.582208320AE8A364C59FF89109785B00.e.2750","ELEMENT":"f.C8DAFE98E12733F740FFA5ADB0C206D1.d.582208320AE8A364C59FF89109785B00.e.2750"}]}
COMMAND: POST /session/d75fb2884b4d02e9e35ce6eb756d8333/element/f.C8DAFE98E12733F740FFA5ADB0C206D1.d.582208320AE8A364C59FF89109785B00.e.2750/click - {}
COMMAND: GET /session/d75fb2884b4d02e9e35ce6eb756d8333/screenshot - {}
RESULT: {}
RESULT: {}
COMMAND: GET /session/d75fb2884b4d02e9e35ce6eb756d8333/screenshot - {}
RESULT: {}
RESULT: {}
COMMAND: POST /session/d75fb2884b4d02e9e35ce6eb756d8333/element - {"using":"xpath","value":"//button[contains(@data-kt ,\"ContextMenuExternalId2Link\")]"}
RESULT: {"using":"xpath","value":"//button[contains(@data-kt ,\"ContextMenuExternalId2Link\")]"}
COMMAND: POST /session/d75fb2884b4d02e9e35ce6eb756d8333/element/f.C8DAFE98E12733F740FFA5ADB0C206D1.d.582208320AE8A364C59FF89109785B00.e.2751/click - {}
RESULT: {}
COMMAND: GET /session/d75fb2884b4d02e9e35ce6eb756d8333/screenshot - {}
RESULT: {}
COMMAND: GET /session/d75fb2884b4d02e9e35ce6eb756d8333/window/handles - {}
RESULT: {}
COMMAND: POST /session/d75fb2884b4d02e9e35ce6eb756d8333/window - {"handle":"453E52A1F82ABCD9B39D8935668748EF"}
RESULT: {"handle":"453E52A1F82ABCD9B39D8935668748EF"}
COMMAND: GET /session/d75fb2884b4d02e9e35ce6eb756d8333/url - {}
RESULT: {}
COMMAND: GET /session/d75fb2884b4d02e9e35ce6eb756d8333/screenshot - {}
RESULT: {}
COMMAND: POST /session/d75fb2884b4d02e9e35ce6eb756d8333/execute/sync - {"script":"<script> [8489 bytes]","args":[{"element-6066-11e4-a52e-4f735466cecf":"f.C8DAFE98E12733F740FFA5ADB0C206D1.d.582208320AE8A364C59FF89109785B00.e.2402","ELEMENT":"f.C8DAFE98E12733F740FFA5ADB0C206D1.d.582208320AE8A364C59FF89109785B00.e.2402"}]}
COMMAND: DELETE /session/d75fb2884b4d02e9e35ce6eb756d8333/window - {}
RESULT: {}
COMMAND: POST /session/d75fb2884b4d02e9e35ce6eb756d8333/window - {"handle":"C8DAFE98E12733F740FFA5ADB0C206D1"}
RESULT: {"handle":"C8DAFE98E12733F740FFA5ADB0C206D1"}
COMMAND: GET /session/d75fb2884b4d02e9e35ce6eb756d8333/url - {}
COMMAND: POST /session/d75fb2884b4d02e9e35ce6eb756d8333/element - {"using":"xpath","value":"//span[contains(@id ,\"application-manageresources-display-component---detailRU--snappedTitle-inner\")][contains(text(), \"WdIORUEquip1d9dc5\")]"}
RESULT: {}
COMMAND: GET /session/d75fb2884b4d02e9e35ce6eb756d8333/screenshot - {}
RESULT: {"using":"xpath","value":"//span[contains(@id ,\"application-manageresources-display-component---detailRU--snappedTitle-inner\")][contains(text(), \"WdIORUEquip1d9dc5\")]"}
COMMAND: POST /session/d75fb2884b4d02e9e35ce6eb756d8333/element - {"using":"xpath","value":"//span[contains(@id ,\"application-manageresources-display-component---detailRU--snappedTitle-inner\")][contains(text(), \"WdIORUEquip1d9dc5\")]"}
RESULT: {}
RESULT: {"using":"xpath","value":"//span[contains(@id ,\"application-manageresources-display-component---detailRU--snappedTitle-inner\")][contains(text(), \"WdIORUEquip1d9dc5\")]"}
COMMAND: POST /session/d75fb2884b4d02e9e35ce6eb756d8333/element - {"using":"xpath","value":"//span[contains(@id ,\"application-manageresources-display-component---detailRU--snappedTitle-inner\")][contains(text(), \"WdIORUEquip1d9dc5\")]"}
RESULT: {"using":"xpath","value":"//span[contains(@id ,\"application-manageresources-display-component---detailRU--snappedTitle-inner\")][contains(text(), \"WdIORUEquip1d9dc5\")]"}
COMMAND: POST /session/d75fb2884b4d02e9e35ce6eb756d8333/element - {"using":"xpath","value":"//span[contains(@id ,\"application-manageresources-display-component---detailRU--snappedTitle-inner\")][contains(text(), \"WdIORUEquip1d9dc5\")]"}
RESULT: {"using":"xpath","value":"//span[contains(@id ,\"application-manageresources-display-component---detailRU--snappedTitle-inner\")][contains(text(), \"WdIORUEquip1d9dc5\")]"}
COMMAND: POST /session/d75fb2884b4d02e9e35ce6eb756d8333/element - {"using":"xpath","value":"//span[contains(@id ,\"application-manageresources-display-component---detailRU--snappedTitle-inner\")][contains(text(), \"WdIORUEquip1d9dc5\")]"}
RESULT: {"using":"xpath","value":"//span[contains(@id ,\"application-manageresources-display-component---detailRU--snappedTitle-inner\")][contains(text(), \"WdIORUEquip1d9dc5\")]"}
COMMAND: POST /session/d75fb2884b4d02e9e35ce6eb756d8333/element - {"using":"xpath","value":"//span[contains(@id ,\"application-manageresources-display-component---detailRU--snappedTitle-inner\")][contains(text(), \"WdIORUEquip1d9dc5\")]"}
RESULT: {"using":"xpath","value":"//span[contains(@id ,\"application-manageresources-display-component---detailRU--snappedTitle-inner\")][contains(text(), \"WdIORUEquip1d9dc5\")]"}
COMMAND: POST /session/d75fb2884b4d02e9e35ce6eb756d8333/element - {"using":"xpath","value":"//span[contains(@id ,\"application-manageresources-display-component---detailRU--snappedTitle-inner\")][contains(text(), \"WdIORUEquip1d9dc5\")]"}
RESULT: {"using":"xpath","value":"//span[contains(@id ,\"application-manageresources-display-component---detailRU--snappedTitle-inner\")][contains(text(), \"WdIORUEquip1d9dc5\")]"}
COMMAND: POST /session/d75fb2884b4d02e9e35ce6eb756d8333/element - {"using":"xpath","value":"//span[contains(@id ,\"application-manageresources-display-component---detailRU--snappedTitle-inner\")][contains(text(), \"WdIORUEquip1d9dc5\")]"}
RESULT: {"using":"xpath","value":"//span[contains(@id ,\"application-manageresources-display-component---detailRU--snappedTitle-inner\")][contains(text(), \"WdIORUEquip1d9dc5\")]"}
COMMAND: POST /session/d75fb2884b4d02e9e35ce6eb756d8333/element - {"using":"xpath","value":"//span[contains(@id ,\"application-manageresources-display-component---detailRU--snappedTitle-inner\")][contains(text(), \"WdIORUEquip1d9dc5\")]"}
RESULT: {"using":"xpath","value":"//span[contains(@id ,\"application-manageresources-display-component---detailRU--snappedTitle-inner\")][contains(text(), \"WdIORUEquip1d9dc5\")]"}
COMMAND: POST /session/d75fb2884b4d02e9e35ce6eb756d8333/element - {"using":"xpath","value":"//span[contains(@id ,\"application-manageresources-display-component---detailRU--snappedTitle-inner\")][contains(text(), \"WdIORUEquip1d9dc5\")]"}
RESULT: {"using":"xpath","value":"//span[contains(@id ,\"application-manageresources-display-component---detailRU--snappedTitle-inner\")][contains(text(), \"WdIORUEquip1d9dc5\")]"}
]]></system-out>
    </testcase>
    <testcase classname="chrome.136_0_7103_93.windows.Related_resources_for_groups_US139107" name="Should verify the current location hyperlinks in related resources" time="178.214">
      <system-out><![CDATA[
COMMAND: POST /session/d75fb2884b4d02e9e35ce6eb756d8333/element - {"using":"xpath","value":"//*[contains(@data-kt ,\"openLocationActionMenuLink\")]"}
RESULT: {"using":"xpath","value":"//*[contains(@data-kt ,\"openLocationActionMenuLink\")]"}
COMMAND: POST /session/d75fb2884b4d02e9e35ce6eb756d8333/execute/sync - {"script":"<script> [8489 bytes]","args":[{"element-6066-11e4-a52e-4f735466cecf":"f.C8DAFE98E12733F740FFA5ADB0C206D1.d.582208320AE8A364C59FF89109785B00.e.2931","ELEMENT":"f.C8DAFE98E12733F740FFA5ADB0C206D1.d.582208320AE8A364C59FF89109785B00.e.2931"}]}
RESULT: {"script":"<script> [8489 bytes]","args":[{"element-6066-11e4-a52e-4f735466cecf":"f.C8DAFE98E12733F740FFA5ADB0C206D1.d.582208320AE8A364C59FF89109785B00.e.2931","ELEMENT":"f.C8DAFE98E12733F740FFA5ADB0C206D1.d.582208320AE8A364C59FF89109785B00.e.2931"}]}
COMMAND: POST /session/d75fb2884b4d02e9e35ce6eb756d8333/execute/sync - {"script":"<script> [5351 bytes]","args":[{"element-6066-11e4-a52e-4f735466cecf":"f.C8DAFE98E12733F740FFA5ADB0C206D1.d.582208320AE8A364C59FF89109785B00.e.2931","ELEMENT":"f.C8DAFE98E12733F740FFA5ADB0C206D1.d.582208320AE8A364C59FF89109785B00.e.2931"}]}
COMMAND: GET /session/d75fb2884b4d02e9e35ce6eb756d8333/screenshot - {}
RESULT: {"script":"<script> [5351 bytes]","args":[{"element-6066-11e4-a52e-4f735466cecf":"f.C8DAFE98E12733F740FFA5ADB0C206D1.d.582208320AE8A364C59FF89109785B00.e.2931","ELEMENT":"f.C8DAFE98E12733F740FFA5ADB0C206D1.d.582208320AE8A364C59FF89109785B00.e.2931"}]}
COMMAND: POST /session/d75fb2884b4d02e9e35ce6eb756d8333/element/f.C8DAFE98E12733F740FFA5ADB0C206D1.d.582208320AE8A364C59FF89109785B00.e.2931/click - {}
COMMAND: GET /session/d75fb2884b4d02e9e35ce6eb756d8333/screenshot - {}
RESULT: {}
COMMAND: POST /session/d75fb2884b4d02e9e35ce6eb756d8333/element - {"using":"xpath","value":"//span[contains(@id ,\"application-manageresources-display-component---detailRU--snappedTitle-inner\")][contains(text(), \"WdIORUEquip1d9dc5\")]"}
RESULT: {}
COMMAND: GET /session/d75fb2884b4d02e9e35ce6eb756d8333/screenshot - {}
RESULT: {}
RESULT: {"using":"xpath","value":"//span[contains(@id ,\"application-manageresources-display-component---detailRU--snappedTitle-inner\")][contains(text(), \"WdIORUEquip1d9dc5\")]"}
RESULT: {}
COMMAND: POST /session/d75fb2884b4d02e9e35ce6eb756d8333/element - {"using":"xpath","value":"//span[contains(@id ,\"application-manageresources-display-component---detailRU--snappedTitle-inner\")][contains(text(), \"WdIORUEquip1d9dc5\")]"}
RESULT: {"using":"xpath","value":"//span[contains(@id ,\"application-manageresources-display-component---detailRU--snappedTitle-inner\")][contains(text(), \"WdIORUEquip1d9dc5\")]"}
COMMAND: POST /session/d75fb2884b4d02e9e35ce6eb756d8333/element - {"using":"xpath","value":"//span[contains(@id ,\"application-manageresources-display-component---detailRU--snappedTitle-inner\")][contains(text(), \"WdIORUEquip1d9dc5\")]"}
RESULT: {"using":"xpath","value":"//span[contains(@id ,\"application-manageresources-display-component---detailRU--snappedTitle-inner\")][contains(text(), \"WdIORUEquip1d9dc5\")]"}
COMMAND: POST /session/d75fb2884b4d02e9e35ce6eb756d8333/element - {"using":"xpath","value":"//a[contains(@class ,\"sapMLnk sapMLnkMaxWidth sapUiTinyMarginTop\")][contains(text(), \"Yard Overview\")]"}
COMMAND: POST /session/d75fb2884b4d02e9e35ce6eb756d8333/element - {"using":"xpath","value":"//span[contains(@id ,\"application-manageresources-display-component---detailRU--snappedTitle-inner\")][contains(text(), \"WdIORUEquip1d9dc5\")]"}
RESULT: {"using":"xpath","value":"//a[contains(@class ,\"sapMLnk sapMLnkMaxWidth sapUiTinyMarginTop\")][contains(text(), \"Yard Overview\")]"}
COMMAND: POST /session/d75fb2884b4d02e9e35ce6eb756d8333/execute/sync - {"script":"<script> [8489 bytes]","args":[{"element-6066-11e4-a52e-4f735466cecf":"f.C8DAFE98E12733F740FFA5ADB0C206D1.d.582208320AE8A364C59FF89109785B00.e.2933","ELEMENT":"f.C8DAFE98E12733F740FFA5ADB0C206D1.d.582208320AE8A364C59FF89109785B00.e.2933"}]}
COMMAND: POST /session/d75fb2884b4d02e9e35ce6eb756d8333/element - {"using":"xpath","value":"//a[contains(@class ,\"sapMLnk sapMLnkMaxWidth sapUiTinyMarginTop\")][contains(text(), \"Yard Address\")]"}
RESULT: {"using":"xpath","value":"//span[contains(@id ,\"application-manageresources-display-component---detailRU--snappedTitle-inner\")][contains(text(), \"WdIORUEquip1d9dc5\")]"}
RESULT: {"script":"<script> [8489 bytes]","args":[{"element-6066-11e4-a52e-4f735466cecf":"f.C8DAFE98E12733F740FFA5ADB0C206D1.d.582208320AE8A364C59FF89109785B00.e.2933","ELEMENT":"f.C8DAFE98E12733F740FFA5ADB0C206D1.d.582208320AE8A364C59FF89109785B00.e.2933"}]}
RESULT: {"using":"xpath","value":"//a[contains(@class ,\"sapMLnk sapMLnkMaxWidth sapUiTinyMarginTop\")][contains(text(), \"Yard Address\")]"}
COMMAND: POST /session/d75fb2884b4d02e9e35ce6eb756d8333/execute/sync - {"script":"<script> [8489 bytes]","args":[{"element-6066-11e4-a52e-4f735466cecf":"f.C8DAFE98E12733F740FFA5ADB0C206D1.d.582208320AE8A364C59FF89109785B00.e.2934","ELEMENT":"f.C8DAFE98E12733F740FFA5ADB0C206D1.d.582208320AE8A364C59FF89109785B00.e.2934"}]}
COMMAND: POST /session/d75fb2884b4d02e9e35ce6eb756d8333/element/f.C8DAFE98E12733F740FFA5ADB0C206D1.d.582208320AE8A364C59FF89109785B00.e.2933/click - {}
COMMAND: GET /session/d75fb2884b4d02e9e35ce6eb756d8333/screenshot - {}
RESULT: {"script":"<script> [8489 bytes]","args":[{"element-6066-11e4-a52e-4f735466cecf":"f.C8DAFE98E12733F740FFA5ADB0C206D1.d.582208320AE8A364C59FF89109785B00.e.2934","ELEMENT":"f.C8DAFE98E12733F740FFA5ADB0C206D1.d.582208320AE8A364C59FF89109785B00.e.2934"}]}
RESULT: {}
COMMAND: GET /session/d75fb2884b4d02e9e35ce6eb756d8333/screenshot - {}
COMMAND: GET /session/d75fb2884b4d02e9e35ce6eb756d8333/screenshot - {}
COMMAND: POST /session/d75fb2884b4d02e9e35ce6eb756d8333/element - {"using":"xpath","value":"//span[contains(@id ,\"application-manageresources-display-component---detailRU--snappedTitle-inner\")][contains(text(), \"WdIORUEquip1d9dc5\")]"}
RESULT: {}
RESULT: {}
RESULT: {}
RESULT: {"using":"xpath","value":"//span[contains(@id ,\"application-manageresources-display-component---detailRU--snappedTitle-inner\")][contains(text(), \"WdIORUEquip1d9dc5\")]"}
COMMAND: POST /session/d75fb2884b4d02e9e35ce6eb756d8333/element - {"using":"xpath","value":"//span[contains(@id ,\"application-manageresources-display-component---detailRU--snappedTitle-inner\")][contains(text(), \"WdIORUEquip1d9dc5\")]"}
RESULT: {"using":"xpath","value":"//span[contains(@id ,\"application-manageresources-display-component---detailRU--snappedTitle-inner\")][contains(text(), \"WdIORUEquip1d9dc5\")]"}
COMMAND: POST /session/d75fb2884b4d02e9e35ce6eb756d8333/element - {"using":"xpath","value":"//span[contains(@id ,\"application-manageresources-display-component---detailRU--snappedTitle-inner\")][contains(text(), \"WdIORUEquip1d9dc5\")]"}
RESULT: {"using":"xpath","value":"//span[contains(@id ,\"application-manageresources-display-component---detailRU--snappedTitle-inner\")][contains(text(), \"WdIORUEquip1d9dc5\")]"}
COMMAND: POST /session/d75fb2884b4d02e9e35ce6eb756d8333/element - {"using":"xpath","value":"//span[contains(@id ,\"application-manageresources-display-component---detailRU--snappedTitle-inner\")][contains(text(), \"WdIORUEquip1d9dc5\")]"}
RESULT: {"using":"xpath","value":"//span[contains(@id ,\"application-manageresources-display-component---detailRU--snappedTitle-inner\")][contains(text(), \"WdIORUEquip1d9dc5\")]"}
COMMAND: POST /session/d75fb2884b4d02e9e35ce6eb756d8333/element - {"using":"xpath","value":"//span[contains(@id ,\"application-manageresources-display-component---detailRU--snappedTitle-inner\")][contains(text(), \"WdIORUEquip1d9dc5\")]"}
RESULT: {"using":"xpath","value":"//span[contains(@id ,\"application-manageresources-display-component---detailRU--snappedTitle-inner\")][contains(text(), \"WdIORUEquip1d9dc5\")]"}
COMMAND: POST /session/d75fb2884b4d02e9e35ce6eb756d8333/element - {"using":"xpath","value":"//span[contains(@id ,\"application-manageresources-display-component---detailRU--snappedTitle-inner\")][contains(text(), \"WdIORUEquip1d9dc5\")]"}
RESULT: {"using":"xpath","value":"//span[contains(@id ,\"application-manageresources-display-component---detailRU--snappedTitle-inner\")][contains(text(), \"WdIORUEquip1d9dc5\")]"}
COMMAND: POST /session/d75fb2884b4d02e9e35ce6eb756d8333/element - {"using":"xpath","value":"//span[contains(@id ,\"application-manageresources-display-component---detailRU--snappedTitle-inner\")][contains(text(), \"WdIORUEquip1d9dc5\")]"}
RESULT: {"using":"xpath","value":"//span[contains(@id ,\"application-manageresources-display-component---detailRU--snappedTitle-inner\")][contains(text(), \"WdIORUEquip1d9dc5\")]"}
COMMAND: POST /session/d75fb2884b4d02e9e35ce6eb756d8333/element - {"using":"xpath","value":"//span[contains(@id ,\"application-manageresources-display-component---detailRU--snappedTitle-inner\")][contains(text(), \"WdIORUEquip1d9dc5\")]"}
RESULT: {"using":"xpath","value":"//span[contains(@id ,\"application-manageresources-display-component---detailRU--snappedTitle-inner\")][contains(text(), \"WdIORUEquip1d9dc5\")]"}
COMMAND: POST /session/d75fb2884b4d02e9e35ce6eb756d8333/element - {"using":"xpath","value":"//span[contains(@id ,\"application-manageresources-display-component---detailRU--snappedTitle-inner\")][contains(text(), \"WdIORUEquip1d9dc5\")]"}
RESULT: {"using":"xpath","value":"//span[contains(@id ,\"application-manageresources-display-component---detailRU--snappedTitle-inner\")][contains(text(), \"WdIORUEquip1d9dc5\")]"}
COMMAND: POST /session/d75fb2884b4d02e9e35ce6eb756d8333/element - {"using":"xpath","value":"//span[contains(@id ,\"application-manageresources-display-component---detailRU--snappedTitle-inner\")][contains(text(), \"WdIORUEquip1d9dc5\")]"}
RESULT: {"using":"xpath","value":"//span[contains(@id ,\"application-manageresources-display-component---detailRU--snappedTitle-inner\")][contains(text(), \"WdIORUEquip1d9dc5\")]"}
COMMAND: POST /session/d75fb2884b4d02e9e35ce6eb756d8333/element - {"using":"xpath","value":"//span[contains(@id ,\"application-manageresources-display-component---detailRU--snappedTitle-inner\")][contains(text(), \"WdIORUEquip1d9dc5\")]"}
RESULT: {"using":"xpath","value":"//span[contains(@id ,\"application-manageresources-display-component---detailRU--snappedTitle-inner\")][contains(text(), \"WdIORUEquip1d9dc5\")]"}
COMMAND: POST /session/d75fb2884b4d02e9e35ce6eb756d8333/element - {"using":"xpath","value":"//span[contains(@id ,\"application-manageresources-display-component---detailRU--snappedTitle-inner\")][contains(text(), \"WdIORUEquip1d9dc5\")]"}
RESULT: {"using":"xpath","value":"//span[contains(@id ,\"application-manageresources-display-component---detailRU--snappedTitle-inner\")][contains(text(), \"WdIORUEquip1d9dc5\")]"}
COMMAND: POST /session/d75fb2884b4d02e9e35ce6eb756d8333/element - {"using":"xpath","value":"//span[contains(@id ,\"application-manageresources-display-component---detailRU--snappedTitle-inner\")][contains(text(), \"WdIORUEquip1d9dc5\")]"}
RESULT: {"using":"xpath","value":"//span[contains(@id ,\"application-manageresources-display-component---detailRU--snappedTitle-inner\")][contains(text(), \"WdIORUEquip1d9dc5\")]"}
COMMAND: POST /session/d75fb2884b4d02e9e35ce6eb756d8333/element - {"using":"xpath","value":"//span[contains(@id ,\"application-manageresources-display-component---detailRU--snappedTitle-inner\")][contains(text(), \"WdIORUEquip1d9dc5\")]"}
RESULT: {"using":"xpath","value":"//span[contains(@id ,\"application-manageresources-display-component---detailRU--snappedTitle-inner\")][contains(text(), \"WdIORUEquip1d9dc5\")]"}
RESULT: undefined
COMMAND: POST /session/d75fb2884b4d02e9e35ce6eb756d8333/execute/async - {"script":"<script> [6424 bytes]","args":[{"element-6066-11e4-a52e-4f735466cecf":"f.C8DAFE98E12733F740FFA5ADB0C206D1.d.582208320AE8A364C59FF89109785B00.e.2401"},"getTitle",[]]}
COMMAND: POST /session/d75fb2884b4d02e9e35ce6eb756d8333/execute/async - {"script":"<script> [1562 bytes]","args":[{"selector":{"id":"shellAppTitle"},"wdio_ui5_key":"shellAppTitle"}]}
COMMAND: POST /session/d75fb2884b4d02e9e35ce6eb756d8333/element - {"using":"xpath","value":"//span[contains(@id ,\"application-manageresources-display-component---detailRU--snappedTitle-inner\")][contains(text(), \"WdIORUEquip1d9dc5\")]"}
RESULT: {"script":"<script> [1562 bytes]","args":[{"selector":{"id":"shellAppTitle"},"wdio_ui5_key":"shellAppTitle"}]}
COMMAND: POST /session/d75fb2884b4d02e9e35ce6eb756d8333/execute/async - {"script":"<script> [6424 bytes]","args":[{"element-6066-11e4-a52e-4f735466cecf":"f.C8DAFE98E12733F740FFA5ADB0C206D1.d.582208320AE8A364C59FF89109785B00.e.3059"},"getTitle",[]]}
RESULT: {"using":"xpath","value":"//span[contains(@id ,\"application-manageresources-display-component---detailRU--snappedTitle-inner\")][contains(text(), \"WdIORUEquip1d9dc5\")]"}
RESULT: {"script":"<script> [6424 bytes]","args":[{"element-6066-11e4-a52e-4f735466cecf":"f.C8DAFE98E12733F740FFA5ADB0C206D1.d.582208320AE8A364C59FF89109785B00.e.3059"},"getTitle",[]]}
COMMAND: POST /session/d75fb2884b4d02e9e35ce6eb756d8333/element - {"using":"xpath","value":"(//span[contains(text(), \"null\")])[2]"}
RESULT: {"using":"xpath","value":"(//span[contains(text(), \"null\")])[2]"}
COMMAND: POST /session/d75fb2884b4d02e9e35ce6eb756d8333/element - {"using":"xpath","value":"(//span[contains(text(), \"null\")])[2]"}
RESULT: undefined
COMMAND: POST /session/d75fb2884b4d02e9e35ce6eb756d8333/element - {"using":"xpath","value":"//*[@id=\"backBtn\"]"}
RESULT: {"using":"xpath","value":"//*[@id=\"backBtn\"]"}
COMMAND: POST /session/d75fb2884b4d02e9e35ce6eb756d8333/element/f.C8DAFE98E12733F740FFA5ADB0C206D1.d.582208320AE8A364C59FF89109785B00.e.2403/click - {}
RESULT: {"using":"xpath","value":"(//span[contains(text(), \"null\")])[2]"}
COMMAND: POST /session/d75fb2884b4d02e9e35ce6eb756d8333/element - {"using":"xpath","value":"//span[contains(@id ,\"application-manageresources-display-component---detailRU--snappedTitle-inner\")][contains(text(), \"WdIORUEquip1d9dc5\")]"}
RESULT: {}
COMMAND: GET /session/d75fb2884b4d02e9e35ce6eb756d8333/screenshot - {}
COMMAND: POST /session/d75fb2884b4d02e9e35ce6eb756d8333/element - {"using":"xpath","value":"(//span[contains(text(), \"null\")])[2]"}
RESULT: {"using":"xpath","value":"//span[contains(@id ,\"application-manageresources-display-component---detailRU--snappedTitle-inner\")][contains(text(), \"WdIORUEquip1d9dc5\")]"}
COMMAND: POST /session/d75fb2884b4d02e9e35ce6eb756d8333/element - {"using":"xpath","value":"//span[contains(@id ,\"application-manageresources-display-component---detailRU--snappedTitle-inner\")][contains(text(), \"WdIORUEquip1d9dc5\")]"}
RESULT: {}
RESULT: {"using":"xpath","value":"(//span[contains(text(), \"null\")])[2]"}
RESULT: {"using":"xpath","value":"//span[contains(@id ,\"application-manageresources-display-component---detailRU--snappedTitle-inner\")][contains(text(), \"WdIORUEquip1d9dc5\")]"}
COMMAND: POST /session/d75fb2884b4d02e9e35ce6eb756d8333/element - {"using":"xpath","value":"(//span[contains(text(), \"null\")])[2]"}
RESULT: {"using":"xpath","value":"(//span[contains(text(), \"null\")])[2]"}
COMMAND: POST /session/d75fb2884b4d02e9e35ce6eb756d8333/element - {"using":"xpath","value":"//span[contains(@id ,\"application-manageresources-display-component---detailRU--snappedTitle-inner\")][contains(text(), \"WdIORUEquip1d9dc5\")]"}
RESULT: {"using":"xpath","value":"//span[contains(@id ,\"application-manageresources-display-component---detailRU--snappedTitle-inner\")][contains(text(), \"WdIORUEquip1d9dc5\")]"}
COMMAND: POST /session/d75fb2884b4d02e9e35ce6eb756d8333/element - {"using":"xpath","value":"(//span[contains(text(), \"null\")])[2]"}
RESULT: {"using":"xpath","value":"(//span[contains(text(), \"null\")])[2]"}
COMMAND: POST /session/d75fb2884b4d02e9e35ce6eb756d8333/element - {"using":"xpath","value":"//span[contains(@id ,\"application-manageresources-display-component---detailRU--snappedTitle-inner\")][contains(text(), \"WdIORUEquip1d9dc5\")]"}
RESULT: {"using":"xpath","value":"//span[contains(@id ,\"application-manageresources-display-component---detailRU--snappedTitle-inner\")][contains(text(), \"WdIORUEquip1d9dc5\")]"}
COMMAND: POST /session/d75fb2884b4d02e9e35ce6eb756d8333/element - {"using":"xpath","value":"(//span[contains(text(), \"null\")])[2]"}
RESULT: {"using":"xpath","value":"(//span[contains(text(), \"null\")])[2]"}
COMMAND: POST /session/d75fb2884b4d02e9e35ce6eb756d8333/element - {"using":"xpath","value":"//span[contains(@id ,\"application-manageresources-display-component---detailRU--snappedTitle-inner\")][contains(text(), \"WdIORUEquip1d9dc5\")]"}
RESULT: {"using":"xpath","value":"//span[contains(@id ,\"application-manageresources-display-component---detailRU--snappedTitle-inner\")][contains(text(), \"WdIORUEquip1d9dc5\")]"}
COMMAND: POST /session/d75fb2884b4d02e9e35ce6eb756d8333/element - {"using":"xpath","value":"(//span[contains(text(), \"null\")])[2]"}
RESULT: {"using":"xpath","value":"(//span[contains(text(), \"null\")])[2]"}
COMMAND: POST /session/d75fb2884b4d02e9e35ce6eb756d8333/element - {"using":"xpath","value":"//span[contains(@id ,\"application-manageresources-display-component---detailRU--snappedTitle-inner\")][contains(text(), \"WdIORUEquip1d9dc5\")]"}
RESULT: {"using":"xpath","value":"//span[contains(@id ,\"application-manageresources-display-component---detailRU--snappedTitle-inner\")][contains(text(), \"WdIORUEquip1d9dc5\")]"}
COMMAND: POST /session/d75fb2884b4d02e9e35ce6eb756d8333/element - {"using":"xpath","value":"(//span[contains(text(), \"null\")])[2]"}
RESULT: {"using":"xpath","value":"(//span[contains(text(), \"null\")])[2]"}
COMMAND: POST /session/d75fb2884b4d02e9e35ce6eb756d8333/element - {"using":"xpath","value":"//span[contains(@id ,\"application-manageresources-display-component---detailRU--snappedTitle-inner\")][contains(text(), \"WdIORUEquip1d9dc5\")]"}
RESULT: {"using":"xpath","value":"//span[contains(@id ,\"application-manageresources-display-component---detailRU--snappedTitle-inner\")][contains(text(), \"WdIORUEquip1d9dc5\")]"}
COMMAND: POST /session/d75fb2884b4d02e9e35ce6eb756d8333/element - {"using":"xpath","value":"(//span[contains(text(), \"null\")])[2]"}
RESULT: {"using":"xpath","value":"(//span[contains(text(), \"null\")])[2]"}
COMMAND: POST /session/d75fb2884b4d02e9e35ce6eb756d8333/element - {"using":"xpath","value":"//span[contains(@id ,\"application-manageresources-display-component---detailRU--snappedTitle-inner\")][contains(text(), \"WdIORUEquip1d9dc5\")]"}
RESULT: {"using":"xpath","value":"//span[contains(@id ,\"application-manageresources-display-component---detailRU--snappedTitle-inner\")][contains(text(), \"WdIORUEquip1d9dc5\")]"}
COMMAND: POST /session/d75fb2884b4d02e9e35ce6eb756d8333/element - {"using":"xpath","value":"(//span[contains(text(), \"null\")])[2]"}
RESULT: {"using":"xpath","value":"(//span[contains(text(), \"null\")])[2]"}
COMMAND: POST /session/d75fb2884b4d02e9e35ce6eb756d8333/element - {"using":"xpath","value":"//span[contains(@id ,\"application-manageresources-display-component---detailRU--snappedTitle-inner\")][contains(text(), \"WdIORUEquip1d9dc5\")]"}
RESULT: {"using":"xpath","value":"//span[contains(@id ,\"application-manageresources-display-component---detailRU--snappedTitle-inner\")][contains(text(), \"WdIORUEquip1d9dc5\")]"}
COMMAND: POST /session/d75fb2884b4d02e9e35ce6eb756d8333/element - {"using":"xpath","value":"(//span[contains(text(), \"null\")])[2]"}
RESULT: {"using":"xpath","value":"(//span[contains(text(), \"null\")])[2]"}
COMMAND: POST /session/d75fb2884b4d02e9e35ce6eb756d8333/element - {"using":"xpath","value":"//span[contains(@id ,\"application-manageresources-display-component---detailRU--snappedTitle-inner\")][contains(text(), \"WdIORUEquip1d9dc5\")]"}
RESULT: {"using":"xpath","value":"//span[contains(@id ,\"application-manageresources-display-component---detailRU--snappedTitle-inner\")][contains(text(), \"WdIORUEquip1d9dc5\")]"}
COMMAND: POST /session/d75fb2884b4d02e9e35ce6eb756d8333/element - {"using":"xpath","value":"(//span[contains(text(), \"null\")])[2]"}
RESULT: {"using":"xpath","value":"(//span[contains(text(), \"null\")])[2]"}
COMMAND: POST /session/d75fb2884b4d02e9e35ce6eb756d8333/element - {"using":"xpath","value":"//span[contains(@id ,\"application-manageresources-display-component---detailRU--snappedTitle-inner\")][contains(text(), \"WdIORUEquip1d9dc5\")]"}
COMMAND: POST /session/d75fb2884b4d02e9e35ce6eb756d8333/element - {"using":"xpath","value":"(//span[contains(text(), \"null\")])[2]"}
RESULT: {"using":"xpath","value":"//span[contains(@id ,\"application-manageresources-display-component---detailRU--snappedTitle-inner\")][contains(text(), \"WdIORUEquip1d9dc5\")]"}
RESULT: {"using":"xpath","value":"(//span[contains(text(), \"null\")])[2]"}
COMMAND: POST /session/d75fb2884b4d02e9e35ce6eb756d8333/element - {"using":"xpath","value":"//span[contains(@id ,\"application-manageresources-display-component---detailRU--snappedTitle-inner\")][contains(text(), \"WdIORUEquip1d9dc5\")]"}
COMMAND: POST /session/d75fb2884b4d02e9e35ce6eb756d8333/element - {"using":"xpath","value":"(//span[contains(text(), \"null\")])[2]"}
RESULT: {"using":"xpath","value":"//span[contains(@id ,\"application-manageresources-display-component---detailRU--snappedTitle-inner\")][contains(text(), \"WdIORUEquip1d9dc5\")]"}
RESULT: {"using":"xpath","value":"(//span[contains(text(), \"null\")])[2]"}
COMMAND: POST /session/d75fb2884b4d02e9e35ce6eb756d8333/element - {"using":"xpath","value":"//span[contains(@id ,\"application-manageresources-display-component---detailRU--snappedTitle-inner\")][contains(text(), \"WdIORUEquip1d9dc5\")]"}
COMMAND: POST /session/d75fb2884b4d02e9e35ce6eb756d8333/element - {"using":"xpath","value":"(//span[contains(text(), \"null\")])[2]"}
RESULT: {"using":"xpath","value":"//span[contains(@id ,\"application-manageresources-display-component---detailRU--snappedTitle-inner\")][contains(text(), \"WdIORUEquip1d9dc5\")]"}
RESULT: {"using":"xpath","value":"(//span[contains(text(), \"null\")])[2]"}
COMMAND: POST /session/d75fb2884b4d02e9e35ce6eb756d8333/element - {"using":"xpath","value":"//span[contains(@id ,\"application-manageresources-display-component---detailRU--snappedTitle-inner\")][contains(text(), \"WdIORUEquip1d9dc5\")]"}
COMMAND: POST /session/d75fb2884b4d02e9e35ce6eb756d8333/element - {"using":"xpath","value":"(//span[contains(text(), \"null\")])[2]"}
RESULT: {"using":"xpath","value":"//span[contains(@id ,\"application-manageresources-display-component---detailRU--snappedTitle-inner\")][contains(text(), \"WdIORUEquip1d9dc5\")]"}
RESULT: {"using":"xpath","value":"(//span[contains(text(), \"null\")])[2]"}
COMMAND: POST /session/d75fb2884b4d02e9e35ce6eb756d8333/element - {"using":"xpath","value":"//bdi[contains(@id ,\"application-manageresources-display-component---detailRU--openRelatedRus-BDI-content\")]"}
RESULT: {"using":"xpath","value":"//bdi[contains(@id ,\"application-manageresources-display-component---detailRU--openRelatedRus-BDI-content\")]"}
COMMAND: POST /session/d75fb2884b4d02e9e35ce6eb756d8333/execute/sync - {"script":"<script> [8489 bytes]","args":[{"element-6066-11e4-a52e-4f735466cecf":"f.C8DAFE98E12733F740FFA5ADB0C206D1.d.582208320AE8A364C59FF89109785B00.e.3417","ELEMENT":"f.C8DAFE98E12733F740FFA5ADB0C206D1.d.582208320AE8A364C59FF89109785B00.e.3417"}]}
RESULT: {"script":"<script> [8489 bytes]","args":[{"element-6066-11e4-a52e-4f735466cecf":"f.C8DAFE98E12733F740FFA5ADB0C206D1.d.582208320AE8A364C59FF89109785B00.e.3417","ELEMENT":"f.C8DAFE98E12733F740FFA5ADB0C206D1.d.582208320AE8A364C59FF89109785B00.e.3417"}]}
COMMAND: POST /session/d75fb2884b4d02e9e35ce6eb756d8333/execute/sync - {"script":"<script> [5351 bytes]","args":[{"element-6066-11e4-a52e-4f735466cecf":"f.C8DAFE98E12733F740FFA5ADB0C206D1.d.582208320AE8A364C59FF89109785B00.e.3417","ELEMENT":"f.C8DAFE98E12733F740FFA5ADB0C206D1.d.582208320AE8A364C59FF89109785B00.e.3417"}]}
COMMAND: GET /session/d75fb2884b4d02e9e35ce6eb756d8333/screenshot - {}
RESULT: {"script":"<script> [5351 bytes]","args":[{"element-6066-11e4-a52e-4f735466cecf":"f.C8DAFE98E12733F740FFA5ADB0C206D1.d.582208320AE8A364C59FF89109785B00.e.3417","ELEMENT":"f.C8DAFE98E12733F740FFA5ADB0C206D1.d.582208320AE8A364C59FF89109785B00.e.3417"}]}
COMMAND: POST /session/d75fb2884b4d02e9e35ce6eb756d8333/element/f.C8DAFE98E12733F740FFA5ADB0C206D1.d.582208320AE8A364C59FF89109785B00.e.3417/click - {}
RESULT: {}
COMMAND: GET /session/d75fb2884b4d02e9e35ce6eb756d8333/screenshot - {}
COMMAND: POST /session/d75fb2884b4d02e9e35ce6eb756d8333/element - {"using":"xpath","value":"//span[contains(@id ,\"application-manageresources-display-component---detailRU--snappedTitle-inner\")][contains(text(), \"WdIORUEquip1d9dc5\")]"}
COMMAND: POST /session/d75fb2884b4d02e9e35ce6eb756d8333/element - {"using":"xpath","value":"(//span[contains(text(), \"null\")])[2]"}
RESULT: {}
COMMAND: GET /session/d75fb2884b4d02e9e35ce6eb756d8333/screenshot - {}
RESULT: {}
RESULT: {"using":"xpath","value":"//span[contains(@id ,\"application-manageresources-display-component---detailRU--snappedTitle-inner\")][contains(text(), \"WdIORUEquip1d9dc5\")]"}
RESULT: {"using":"xpath","value":"(//span[contains(text(), \"null\")])[2]"}
RESULT: {}
COMMAND: POST /session/d75fb2884b4d02e9e35ce6eb756d8333/element - {"using":"xpath","value":"//span[contains(@id ,\"application-manageresources-display-component---detailRU--snappedTitle-inner\")][contains(text(), \"WdIORUEquip1d9dc5\")]"}
COMMAND: POST /session/d75fb2884b4d02e9e35ce6eb756d8333/element - {"using":"xpath","value":"(//span[contains(text(), \"null\")])[2]"}
RESULT: {"using":"xpath","value":"//span[contains(@id ,\"application-manageresources-display-component---detailRU--snappedTitle-inner\")][contains(text(), \"WdIORUEquip1d9dc5\")]"}
RESULT: {"using":"xpath","value":"(//span[contains(text(), \"null\")])[2]"}
COMMAND: POST /session/d75fb2884b4d02e9e35ce6eb756d8333/element - {"using":"xpath","value":"//span[contains(@id ,\"application-manageresources-display-component---detailRU--snappedTitle-inner\")][contains(text(), \"WdIORUEquip1d9dc5\")]"}
COMMAND: POST /session/d75fb2884b4d02e9e35ce6eb756d8333/element - {"using":"xpath","value":"(//span[contains(text(), \"null\")])[2]"}
RESULT: {"using":"xpath","value":"//span[contains(@id ,\"application-manageresources-display-component---detailRU--snappedTitle-inner\")][contains(text(), \"WdIORUEquip1d9dc5\")]"}
RESULT: {"using":"xpath","value":"(//span[contains(text(), \"null\")])[2]"}
COMMAND: POST /session/d75fb2884b4d02e9e35ce6eb756d8333/element - {"using":"xpath","value":"//span[contains(@id ,\"application-manageresources-display-component---detailRU--snappedTitle-inner\")][contains(text(), \"WdIORUEquip1d9dc5\")]"}
COMMAND: POST /session/d75fb2884b4d02e9e35ce6eb756d8333/element - {"using":"xpath","value":"(//span[contains(text(), \"null\")])[2]"}
RESULT: {"using":"xpath","value":"//span[contains(@id ,\"application-manageresources-display-component---detailRU--snappedTitle-inner\")][contains(text(), \"WdIORUEquip1d9dc5\")]"}
RESULT: {"using":"xpath","value":"(//span[contains(text(), \"null\")])[2]"}
COMMAND: POST /session/d75fb2884b4d02e9e35ce6eb756d8333/element - {"using":"xpath","value":"//span[contains(@id ,\"application-manageresources-display-component---detailRU--snappedTitle-inner\")][contains(text(), \"WdIORUEquip1d9dc5\")]"}
COMMAND: POST /session/d75fb2884b4d02e9e35ce6eb756d8333/element - {"using":"xpath","value":"(//span[contains(text(), \"null\")])[2]"}
RESULT: {"using":"xpath","value":"//span[contains(@id ,\"application-manageresources-display-component---detailRU--snappedTitle-inner\")][contains(text(), \"WdIORUEquip1d9dc5\")]"}
RESULT: {"using":"xpath","value":"(//span[contains(text(), \"null\")])[2]"}
COMMAND: POST /session/d75fb2884b4d02e9e35ce6eb756d8333/element - {"using":"xpath","value":"//span[contains(@id ,\"application-manageresources-display-component---detailRU--snappedTitle-inner\")][contains(text(), \"WdIORUEquip1d9dc5\")]"}
COMMAND: POST /session/d75fb2884b4d02e9e35ce6eb756d8333/element - {"using":"xpath","value":"(//span[contains(text(), \"null\")])[2]"}
RESULT: {"using":"xpath","value":"//span[contains(@id ,\"application-manageresources-display-component---detailRU--snappedTitle-inner\")][contains(text(), \"WdIORUEquip1d9dc5\")]"}
RESULT: {"using":"xpath","value":"(//span[contains(text(), \"null\")])[2]"}
COMMAND: POST /session/d75fb2884b4d02e9e35ce6eb756d8333/element - {"using":"xpath","value":"//span[contains(@id ,\"application-manageresources-display-component---detailRU--snappedTitle-inner\")][contains(text(), \"WdIORUEquip1d9dc5\")]"}
COMMAND: POST /session/d75fb2884b4d02e9e35ce6eb756d8333/element - {"using":"xpath","value":"(//span[contains(text(), \"null\")])[2]"}
RESULT: {"using":"xpath","value":"//span[contains(@id ,\"application-manageresources-display-component---detailRU--snappedTitle-inner\")][contains(text(), \"WdIORUEquip1d9dc5\")]"}
RESULT: {"using":"xpath","value":"(//span[contains(text(), \"null\")])[2]"}
COMMAND: POST /session/d75fb2884b4d02e9e35ce6eb756d8333/element - {"using":"xpath","value":"//span[contains(@id ,\"application-manageresources-display-component---detailRU--snappedTitle-inner\")][contains(text(), \"WdIORUEquip1d9dc5\")]"}
COMMAND: POST /session/d75fb2884b4d02e9e35ce6eb756d8333/element - {"using":"xpath","value":"(//span[contains(text(), \"null\")])[2]"}
RESULT: {"using":"xpath","value":"//span[contains(@id ,\"application-manageresources-display-component---detailRU--snappedTitle-inner\")][contains(text(), \"WdIORUEquip1d9dc5\")]"}
RESULT: {"using":"xpath","value":"(//span[contains(text(), \"null\")])[2]"}
COMMAND: POST /session/d75fb2884b4d02e9e35ce6eb756d8333/element - {"using":"xpath","value":"//span[contains(@id ,\"application-manageresources-display-component---detailRU--snappedTitle-inner\")][contains(text(), \"WdIORUEquip1d9dc5\")]"}
COMMAND: POST /session/d75fb2884b4d02e9e35ce6eb756d8333/element - {"using":"xpath","value":"(//span[contains(text(), \"null\")])[2]"}
RESULT: {"using":"xpath","value":"//span[contains(@id ,\"application-manageresources-display-component---detailRU--snappedTitle-inner\")][contains(text(), \"WdIORUEquip1d9dc5\")]"}
RESULT: {"using":"xpath","value":"(//span[contains(text(), \"null\")])[2]"}
COMMAND: POST /session/d75fb2884b4d02e9e35ce6eb756d8333/element/f.C8DAFE98E12733F740FFA5ADB0C206D1.d.582208320AE8A364C59FF89109785B00.e.2931/click - {}
COMMAND: POST /session/d75fb2884b4d02e9e35ce6eb756d8333/element - {"using":"xpath","value":"//*[contains(@data-kt ,\"openLocationActionMenuLink\")]"}
RESULT: {"using":"xpath","value":"//*[contains(@data-kt ,\"openLocationActionMenuLink\")]"}
COMMAND: POST /session/d75fb2884b4d02e9e35ce6eb756d8333/element/f.C8DAFE98E12733F740FFA5ADB0C206D1.d.582208320AE8A364C59FF89109785B00.e.2931/click - {}
COMMAND: POST /session/d75fb2884b4d02e9e35ce6eb756d8333/element - {"using":"xpath","value":"//span[contains(@id ,\"application-manageresources-display-component---detailRU--snappedTitle-inner\")][contains(text(), \"WdIORUEquip1d9dc5\")]"}
COMMAND: POST /session/d75fb2884b4d02e9e35ce6eb756d8333/element - {"using":"xpath","value":"(//span[contains(text(), \"null\")])[2]"}
COMMAND: POST /session/d75fb2884b4d02e9e35ce6eb756d8333/element - {"using":"xpath","value":"//*[contains(@data-kt ,\"openLocationActionMenuLink\")]"}
RESULT: {"using":"xpath","value":"//span[contains(@id ,\"application-manageresources-display-component---detailRU--snappedTitle-inner\")][contains(text(), \"WdIORUEquip1d9dc5\")]"}
RESULT: {"using":"xpath","value":"(//span[contains(text(), \"null\")])[2]"}
RESULT: {"using":"xpath","value":"//*[contains(@data-kt ,\"openLocationActionMenuLink\")]"}
COMMAND: POST /session/d75fb2884b4d02e9e35ce6eb756d8333/element/f.C8DAFE98E12733F740FFA5ADB0C206D1.d.582208320AE8A364C59FF89109785B00.e.3421/click - {}
RESULT: {}
COMMAND: GET /session/d75fb2884b4d02e9e35ce6eb756d8333/screenshot - {}
COMMAND: POST /session/d75fb2884b4d02e9e35ce6eb756d8333/element - {"using":"xpath","value":"//span[contains(@id ,\"application-manageresources-display-component---detailRU--snappedTitle-inner\")][contains(text(), \"WdIORUEquip1d9dc5\")]"}
COMMAND: POST /session/d75fb2884b4d02e9e35ce6eb756d8333/element - {"using":"xpath","value":"(//span[contains(text(), \"null\")])[2]"}
RESULT: {}
RESULT: {"using":"xpath","value":"//span[contains(@id ,\"application-manageresources-display-component---detailRU--snappedTitle-inner\")][contains(text(), \"WdIORUEquip1d9dc5\")]"}
RESULT: {"using":"xpath","value":"(//span[contains(text(), \"null\")])[2]"}
COMMAND: POST /session/d75fb2884b4d02e9e35ce6eb756d8333/element - {"using":"xpath","value":"(//span[contains(text(), \"null\")])[2]"}
RESULT: {"using":"xpath","value":"(//span[contains(text(), \"null\")])[2]"}
COMMAND: POST /session/d75fb2884b4d02e9e35ce6eb756d8333/element - {"using":"xpath","value":"(//span[contains(text(), \"null\")])[2]"}
RESULT: {"using":"xpath","value":"(//span[contains(text(), \"null\")])[2]"}
COMMAND: POST /session/d75fb2884b4d02e9e35ce6eb756d8333/element/f.C8DAFE98E12733F740FFA5ADB0C206D1.d.582208320AE8A364C59FF89109785B00.e.2934/click - {}
COMMAND: POST /session/d75fb2884b4d02e9e35ce6eb756d8333/element - {"using":"xpath","value":"//a[contains(@class ,\"sapMLnk sapMLnkMaxWidth sapUiTinyMarginTop\")][contains(text(), \"Yard Address\")]"}
RESULT: {"using":"xpath","value":"//a[contains(@class ,\"sapMLnk sapMLnkMaxWidth sapUiTinyMarginTop\")][contains(text(), \"Yard Address\")]"}
COMMAND: POST /session/d75fb2884b4d02e9e35ce6eb756d8333/element/f.C8DAFE98E12733F740FFA5ADB0C206D1.d.582208320AE8A364C59FF89109785B00.e.2934/click - {}
COMMAND: POST /session/d75fb2884b4d02e9e35ce6eb756d8333/element - {"using":"xpath","value":"//a[contains(@class ,\"sapMLnk sapMLnkMaxWidth sapUiTinyMarginTop\")][contains(text(), \"Yard Address\")]"}
RESULT: {"using":"xpath","value":"//a[contains(@class ,\"sapMLnk sapMLnkMaxWidth sapUiTinyMarginTop\")][contains(text(), \"Yard Address\")]"}
COMMAND: POST /session/d75fb2884b4d02e9e35ce6eb756d8333/element/f.C8DAFE98E12733F740FFA5ADB0C206D1.d.582208320AE8A364C59FF89109785B00.e.3423/click - {}
COMMAND: POST /session/d75fb2884b4d02e9e35ce6eb756d8333/element - {"using":"xpath","value":"(//span[contains(text(), \"null\")])[2]"}
RESULT: {}
RESULT: {"using":"xpath","value":"(//span[contains(text(), \"null\")])[2]"}
COMMAND: GET /session/d75fb2884b4d02e9e35ce6eb756d8333/screenshot - {}
RESULT: {}
COMMAND: POST /session/d75fb2884b4d02e9e35ce6eb756d8333/element - {"using":"xpath","value":"(//span[contains(text(), \"null\")])[2]"}
RESULT: {"using":"xpath","value":"(//span[contains(text(), \"null\")])[2]"}
COMMAND: POST /session/d75fb2884b4d02e9e35ce6eb756d8333/element - {"using":"xpath","value":"(//span[contains(text(), \"null\")])[2]"}
RESULT: {"using":"xpath","value":"(//span[contains(text(), \"null\")])[2]"}
COMMAND: POST /session/d75fb2884b4d02e9e35ce6eb756d8333/element - {"using":"xpath","value":"(//span[contains(text(), \"null\")])[2]"}
RESULT: {"using":"xpath","value":"(//span[contains(text(), \"null\")])[2]"}
COMMAND: POST /session/d75fb2884b4d02e9e35ce6eb756d8333/element - {"using":"xpath","value":"(//span[contains(text(), \"null\")])[2]"}
RESULT: {"using":"xpath","value":"(//span[contains(text(), \"null\")])[2]"}
COMMAND: POST /session/d75fb2884b4d02e9e35ce6eb756d8333/element - {"using":"xpath","value":"(//span[contains(text(), \"null\")])[2]"}
RESULT: {"using":"xpath","value":"(//span[contains(text(), \"null\")])[2]"}
COMMAND: POST /session/d75fb2884b4d02e9e35ce6eb756d8333/element - {"using":"xpath","value":"(//span[contains(text(), \"null\")])[2]"}
RESULT: {"using":"xpath","value":"(//span[contains(text(), \"null\")])[2]"}
COMMAND: POST /session/d75fb2884b4d02e9e35ce6eb756d8333/element - {"using":"xpath","value":"(//span[contains(text(), \"null\")])[2]"}
RESULT: {"using":"xpath","value":"(//span[contains(text(), \"null\")])[2]"}
COMMAND: POST /session/d75fb2884b4d02e9e35ce6eb756d8333/element - {"using":"xpath","value":"(//span[contains(text(), \"null\")])[2]"}
RESULT: {"using":"xpath","value":"(//span[contains(text(), \"null\")])[2]"}
COMMAND: POST /session/d75fb2884b4d02e9e35ce6eb756d8333/element - {"using":"xpath","value":"(//span[contains(text(), \"null\")])[2]"}
RESULT: {"using":"xpath","value":"(//span[contains(text(), \"null\")])[2]"}
COMMAND: POST /session/d75fb2884b4d02e9e35ce6eb756d8333/element - {"using":"xpath","value":"(//span[contains(text(), \"null\")])[2]"}
RESULT: {"using":"xpath","value":"(//span[contains(text(), \"null\")])[2]"}
COMMAND: POST /session/d75fb2884b4d02e9e35ce6eb756d8333/element - {"using":"xpath","value":"(//span[contains(text(), \"null\")])[2]"}
RESULT: {"using":"xpath","value":"(//span[contains(text(), \"null\")])[2]"}
COMMAND: POST /session/d75fb2884b4d02e9e35ce6eb756d8333/element - {"using":"xpath","value":"(//span[contains(text(), \"null\")])[2]"}
RESULT: {"using":"xpath","value":"(//span[contains(text(), \"null\")])[2]"}
COMMAND: POST /session/d75fb2884b4d02e9e35ce6eb756d8333/element - {"using":"xpath","value":"(//span[contains(text(), \"null\")])[2]"}
RESULT: {"using":"xpath","value":"(//span[contains(text(), \"null\")])[2]"}
COMMAND: POST /session/d75fb2884b4d02e9e35ce6eb756d8333/element - {"using":"xpath","value":"(//span[contains(text(), \"null\")])[2]"}
RESULT: {"using":"xpath","value":"(//span[contains(text(), \"null\")])[2]"}
COMMAND: POST /session/d75fb2884b4d02e9e35ce6eb756d8333/element - {"using":"xpath","value":"(//span[contains(text(), \"null\")])[2]"}
RESULT: {"using":"xpath","value":"(//span[contains(text(), \"null\")])[2]"}
COMMAND: POST /session/d75fb2884b4d02e9e35ce6eb756d8333/element - {"using":"xpath","value":"(//span[contains(text(), \"null\")])[2]"}
RESULT: {"using":"xpath","value":"(//span[contains(text(), \"null\")])[2]"}
RESULT: undefined
COMMAND: POST /session/d75fb2884b4d02e9e35ce6eb756d8333/execute/async - {"script":"<script> [6424 bytes]","args":[{"element-6066-11e4-a52e-4f735466cecf":"f.C8DAFE98E12733F740FFA5ADB0C206D1.d.582208320AE8A364C59FF89109785B00.e.2401"},"getTitle",[]]}
COMMAND: POST /session/d75fb2884b4d02e9e35ce6eb756d8333/execute/async - {"script":"<script> [1562 bytes]","args":[{"selector":{"id":"shellAppTitle"},"wdio_ui5_key":"shellAppTitle"}]}
COMMAND: POST /session/d75fb2884b4d02e9e35ce6eb756d8333/element - {"using":"xpath","value":"(//span[contains(text(), \"null\")])[2]"}
RESULT: {"script":"<script> [1562 bytes]","args":[{"selector":{"id":"shellAppTitle"},"wdio_ui5_key":"shellAppTitle"}]}
COMMAND: POST /session/d75fb2884b4d02e9e35ce6eb756d8333/execute/async - {"script":"<script> [6424 bytes]","args":[{"element-6066-11e4-a52e-4f735466cecf":"f.C8DAFE98E12733F740FFA5ADB0C206D1.d.582208320AE8A364C59FF89109785B00.e.3640"},"getTitle",[]]}
RESULT: {"using":"xpath","value":"(//span[contains(text(), \"null\")])[2]"}
RESULT: {"script":"<script> [6424 bytes]","args":[{"element-6066-11e4-a52e-4f735466cecf":"f.C8DAFE98E12733F740FFA5ADB0C206D1.d.582208320AE8A364C59FF89109785B00.e.3640"},"getTitle",[]]}
COMMAND: POST /session/d75fb2884b4d02e9e35ce6eb756d8333/element - {"using":"xpath","value":"//span[contains(@id ,\"application-addressmanagement-display-component---detailAdm--addressDetailDetailsName1\")][contains(text(), \"null\")]"}
RESULT: {"using":"xpath","value":"//span[contains(@id ,\"application-addressmanagement-display-component---detailAdm--addressDetailDetailsName1\")][contains(text(), \"null\")]"}
COMMAND: POST /session/d75fb2884b4d02e9e35ce6eb756d8333/element - {"using":"xpath","value":"//span[contains(@id ,\"application-addressmanagement-display-component---detailAdm--addressDetailDetailsName1\")][contains(text(), \"null\")]"}
RESULT: undefined
COMMAND: POST /session/d75fb2884b4d02e9e35ce6eb756d8333/element - {"using":"xpath","value":"//*[@id=\"backBtn\"]"}
COMMAND: POST /session/d75fb2884b4d02e9e35ce6eb756d8333/element - {"using":"xpath","value":"(//span[contains(text(), \"null\")])[2]"}
RESULT: {"using":"xpath","value":"//span[contains(@id ,\"application-addressmanagement-display-component---detailAdm--addressDetailDetailsName1\")][contains(text(), \"null\")]"}
RESULT: {"using":"xpath","value":"//*[@id=\"backBtn\"]"}
COMMAND: POST /session/d75fb2884b4d02e9e35ce6eb756d8333/element/f.C8DAFE98E12733F740FFA5ADB0C206D1.d.582208320AE8A364C59FF89109785B00.e.2403/click - {}
RESULT: {"using":"xpath","value":"(//span[contains(text(), \"null\")])[2]"}
RESULT: {}
COMMAND: GET /session/d75fb2884b4d02e9e35ce6eb756d8333/screenshot - {}
COMMAND: POST /session/d75fb2884b4d02e9e35ce6eb756d8333/element - {"using":"xpath","value":"//span[contains(@id ,\"application-addressmanagement-display-component---detailAdm--addressDetailDetailsName1\")][contains(text(), \"null\")]"}
COMMAND: POST /session/d75fb2884b4d02e9e35ce6eb756d8333/element - {"using":"xpath","value":"(//span[contains(text(), \"null\")])[2]"}
RESULT: {}
RESULT: {"using":"xpath","value":"//span[contains(@id ,\"application-addressmanagement-display-component---detailAdm--addressDetailDetailsName1\")][contains(text(), \"null\")]"}
RESULT: {"using":"xpath","value":"(//span[contains(text(), \"null\")])[2]"}
COMMAND: POST /session/d75fb2884b4d02e9e35ce6eb756d8333/element - {"using":"xpath","value":"//span[contains(@id ,\"application-addressmanagement-display-component---detailAdm--addressDetailDetailsName1\")][contains(text(), \"null\")]"}
RESULT: {"using":"xpath","value":"//span[contains(@id ,\"application-addressmanagement-display-component---detailAdm--addressDetailDetailsName1\")][contains(text(), \"null\")]"}
COMMAND: POST /session/d75fb2884b4d02e9e35ce6eb756d8333/element - {"using":"xpath","value":"//span[contains(@id ,\"application-addressmanagement-display-component---detailAdm--addressDetailDetailsName1\")][contains(text(), \"null\")]"}
RESULT: {"using":"xpath","value":"//span[contains(@id ,\"application-addressmanagement-display-component---detailAdm--addressDetailDetailsName1\")][contains(text(), \"null\")]"}
COMMAND: POST /session/d75fb2884b4d02e9e35ce6eb756d8333/element - {"using":"xpath","value":"//span[contains(@id ,\"application-addressmanagement-display-component---detailAdm--addressDetailDetailsName1\")][contains(text(), \"null\")]"}
RESULT: {"using":"xpath","value":"//span[contains(@id ,\"application-addressmanagement-display-component---detailAdm--addressDetailDetailsName1\")][contains(text(), \"null\")]"}
COMMAND: POST /session/d75fb2884b4d02e9e35ce6eb756d8333/element - {"using":"xpath","value":"//span[contains(@id ,\"application-addressmanagement-display-component---detailAdm--addressDetailDetailsName1\")][contains(text(), \"null\")]"}
RESULT: {"using":"xpath","value":"//span[contains(@id ,\"application-addressmanagement-display-component---detailAdm--addressDetailDetailsName1\")][contains(text(), \"null\")]"}
COMMAND: POST /session/d75fb2884b4d02e9e35ce6eb756d8333/element - {"using":"xpath","value":"//span[contains(@id ,\"application-addressmanagement-display-component---detailAdm--addressDetailDetailsName1\")][contains(text(), \"null\")]"}
RESULT: {"using":"xpath","value":"//span[contains(@id ,\"application-addressmanagement-display-component---detailAdm--addressDetailDetailsName1\")][contains(text(), \"null\")]"}
COMMAND: POST /session/d75fb2884b4d02e9e35ce6eb756d8333/element - {"using":"xpath","value":"//span[contains(@id ,\"application-addressmanagement-display-component---detailAdm--addressDetailDetailsName1\")][contains(text(), \"null\")]"}
RESULT: {"using":"xpath","value":"//span[contains(@id ,\"application-addressmanagement-display-component---detailAdm--addressDetailDetailsName1\")][contains(text(), \"null\")]"}
COMMAND: POST /session/d75fb2884b4d02e9e35ce6eb756d8333/execute/sync - {"script":"<script> [8489 bytes]","args":[{"element-6066-11e4-a52e-4f735466cecf":"f.C8DAFE98E12733F740FFA5ADB0C206D1.d.582208320AE8A364C59FF89109785B00.e.3417","ELEMENT":"f.C8DAFE98E12733F740FFA5ADB0C206D1.d.582208320AE8A364C59FF89109785B00.e.3417"}]}
COMMAND: POST /session/d75fb2884b4d02e9e35ce6eb756d8333/element - {"using":"xpath","value":"//bdi[contains(@id ,\"application-manageresources-display-component---detailRU--openRelatedRus-BDI-content\")]"}
RESULT: {"using":"xpath","value":"//bdi[contains(@id ,\"application-manageresources-display-component---detailRU--openRelatedRus-BDI-content\")]"}
COMMAND: POST /session/d75fb2884b4d02e9e35ce6eb756d8333/execute/sync - {"script":"<script> [8489 bytes]","args":[{"element-6066-11e4-a52e-4f735466cecf":"f.C8DAFE98E12733F740FFA5ADB0C206D1.d.582208320AE8A364C59FF89109785B00.e.3983","ELEMENT":"f.C8DAFE98E12733F740FFA5ADB0C206D1.d.582208320AE8A364C59FF89109785B00.e.3983"}]}
RESULT: {"script":"<script> [8489 bytes]","args":[{"element-6066-11e4-a52e-4f735466cecf":"f.C8DAFE98E12733F740FFA5ADB0C206D1.d.582208320AE8A364C59FF89109785B00.e.3983","ELEMENT":"f.C8DAFE98E12733F740FFA5ADB0C206D1.d.582208320AE8A364C59FF89109785B00.e.3983"}]}
COMMAND: POST /session/d75fb2884b4d02e9e35ce6eb756d8333/execute/sync - {"script":"<script> [5351 bytes]","args":[{"element-6066-11e4-a52e-4f735466cecf":"f.C8DAFE98E12733F740FFA5ADB0C206D1.d.582208320AE8A364C59FF89109785B00.e.3983","ELEMENT":"f.C8DAFE98E12733F740FFA5ADB0C206D1.d.582208320AE8A364C59FF89109785B00.e.3983"}]}
COMMAND: GET /session/d75fb2884b4d02e9e35ce6eb756d8333/screenshot - {}
RESULT: {"script":"<script> [5351 bytes]","args":[{"element-6066-11e4-a52e-4f735466cecf":"f.C8DAFE98E12733F740FFA5ADB0C206D1.d.582208320AE8A364C59FF89109785B00.e.3983","ELEMENT":"f.C8DAFE98E12733F740FFA5ADB0C206D1.d.582208320AE8A364C59FF89109785B00.e.3983"}]}
COMMAND: POST /session/d75fb2884b4d02e9e35ce6eb756d8333/element/f.C8DAFE98E12733F740FFA5ADB0C206D1.d.582208320AE8A364C59FF89109785B00.e.3983/click - {}
COMMAND: GET /session/d75fb2884b4d02e9e35ce6eb756d8333/screenshot - {}
RESULT: {}
COMMAND: POST /session/d75fb2884b4d02e9e35ce6eb756d8333/element - {"using":"xpath","value":"//span[contains(@id ,\"application-addressmanagement-display-component---detailAdm--addressDetailDetailsName1\")][contains(text(), \"null\")]"}
RESULT: {}
RESULT: {}
COMMAND: GET /session/d75fb2884b4d02e9e35ce6eb756d8333/screenshot - {}
RESULT: {"using":"xpath","value":"//span[contains(@id ,\"application-addressmanagement-display-component---detailAdm--addressDetailDetailsName1\")][contains(text(), \"null\")]"}
RESULT: {}
COMMAND: POST /session/d75fb2884b4d02e9e35ce6eb756d8333/element - {"using":"xpath","value":"//span[contains(@id ,\"application-addressmanagement-display-component---detailAdm--addressDetailDetailsName1\")][contains(text(), \"null\")]"}
RESULT: {"using":"xpath","value":"//span[contains(@id ,\"application-addressmanagement-display-component---detailAdm--addressDetailDetailsName1\")][contains(text(), \"null\")]"}
COMMAND: POST /session/d75fb2884b4d02e9e35ce6eb756d8333/element - {"using":"xpath","value":"//span[contains(@id ,\"application-addressmanagement-display-component---detailAdm--addressDetailDetailsName1\")][contains(text(), \"null\")]"}
RESULT: {"using":"xpath","value":"//span[contains(@id ,\"application-addressmanagement-display-component---detailAdm--addressDetailDetailsName1\")][contains(text(), \"null\")]"}
COMMAND: POST /session/d75fb2884b4d02e9e35ce6eb756d8333/element - {"using":"xpath","value":"//span[contains(@id ,\"application-addressmanagement-display-component---detailAdm--addressDetailDetailsName1\")][contains(text(), \"null\")]"}
RESULT: {"using":"xpath","value":"//span[contains(@id ,\"application-addressmanagement-display-component---detailAdm--addressDetailDetailsName1\")][contains(text(), \"null\")]"}
COMMAND: POST /session/d75fb2884b4d02e9e35ce6eb756d8333/element - {"using":"xpath","value":"//span[contains(@id ,\"application-addressmanagement-display-component---detailAdm--addressDetailDetailsName1\")][contains(text(), \"null\")]"}
RESULT: {"using":"xpath","value":"//span[contains(@id ,\"application-addressmanagement-display-component---detailAdm--addressDetailDetailsName1\")][contains(text(), \"null\")]"}
COMMAND: POST /session/d75fb2884b4d02e9e35ce6eb756d8333/element - {"using":"xpath","value":"//span[contains(@id ,\"application-addressmanagement-display-component---detailAdm--addressDetailDetailsName1\")][contains(text(), \"null\")]"}
RESULT: {"using":"xpath","value":"//span[contains(@id ,\"application-addressmanagement-display-component---detailAdm--addressDetailDetailsName1\")][contains(text(), \"null\")]"}
COMMAND: POST /session/d75fb2884b4d02e9e35ce6eb756d8333/element - {"using":"xpath","value":"//span[contains(@id ,\"application-addressmanagement-display-component---detailAdm--addressDetailDetailsName1\")][contains(text(), \"null\")]"}
RESULT: {"using":"xpath","value":"//span[contains(@id ,\"application-addressmanagement-display-component---detailAdm--addressDetailDetailsName1\")][contains(text(), \"null\")]"}
COMMAND: POST /session/d75fb2884b4d02e9e35ce6eb756d8333/element - {"using":"xpath","value":"//span[contains(@id ,\"application-addressmanagement-display-component---detailAdm--addressDetailDetailsName1\")][contains(text(), \"null\")]"}
RESULT: {"using":"xpath","value":"//span[contains(@id ,\"application-addressmanagement-display-component---detailAdm--addressDetailDetailsName1\")][contains(text(), \"null\")]"}
COMMAND: POST /session/d75fb2884b4d02e9e35ce6eb756d8333/element/f.C8DAFE98E12733F740FFA5ADB0C206D1.d.582208320AE8A364C59FF89109785B00.e.3421/click - {}
COMMAND: POST /session/d75fb2884b4d02e9e35ce6eb756d8333/element - {"using":"xpath","value":"//*[contains(@data-kt ,\"openLocationActionMenuLink\")]"}
RESULT: {"using":"xpath","value":"//*[contains(@data-kt ,\"openLocationActionMenuLink\")]"}
COMMAND: POST /session/d75fb2884b4d02e9e35ce6eb756d8333/element/f.C8DAFE98E12733F740FFA5ADB0C206D1.d.582208320AE8A364C59FF89109785B00.e.3421/click - {}
COMMAND: POST /session/d75fb2884b4d02e9e35ce6eb756d8333/element - {"using":"xpath","value":"//*[contains(@data-kt ,\"openLocationActionMenuLink\")]"}
COMMAND: POST /session/d75fb2884b4d02e9e35ce6eb756d8333/element - {"using":"xpath","value":"//span[contains(@id ,\"application-addressmanagement-display-component---detailAdm--addressDetailDetailsName1\")][contains(text(), \"null\")]"}
RESULT: {"using":"xpath","value":"//*[contains(@data-kt ,\"openLocationActionMenuLink\")]"}
COMMAND: POST /session/d75fb2884b4d02e9e35ce6eb756d8333/element/f.C8DAFE98E12733F740FFA5ADB0C206D1.d.582208320AE8A364C59FF89109785B00.e.3988/click - {}
RESULT: {"using":"xpath","value":"//span[contains(@id ,\"application-addressmanagement-display-component---detailAdm--addressDetailDetailsName1\")][contains(text(), \"null\")]"}
RESULT: {}
COMMAND: GET /session/d75fb2884b4d02e9e35ce6eb756d8333/screenshot - {}
COMMAND: POST /session/d75fb2884b4d02e9e35ce6eb756d8333/element - {"using":"xpath","value":"//span[contains(@id ,\"application-addressmanagement-display-component---detailAdm--addressDetailDetailsName1\")][contains(text(), \"null\")]"}
RESULT: {}
RESULT: {"using":"xpath","value":"//span[contains(@id ,\"application-addressmanagement-display-component---detailAdm--addressDetailDetailsName1\")][contains(text(), \"null\")]"}
COMMAND: POST /session/d75fb2884b4d02e9e35ce6eb756d8333/element - {"using":"xpath","value":"//span[contains(@id ,\"application-addressmanagement-display-component---detailAdm--addressDetailDetailsName1\")][contains(text(), \"null\")]"}
RESULT: {"using":"xpath","value":"//span[contains(@id ,\"application-addressmanagement-display-component---detailAdm--addressDetailDetailsName1\")][contains(text(), \"null\")]"}
COMMAND: POST /session/d75fb2884b4d02e9e35ce6eb756d8333/element - {"using":"xpath","value":"//span[contains(@id ,\"application-addressmanagement-display-component---detailAdm--addressDetailDetailsName1\")][contains(text(), \"null\")]"}
RESULT: {"using":"xpath","value":"//span[contains(@id ,\"application-addressmanagement-display-component---detailAdm--addressDetailDetailsName1\")][contains(text(), \"null\")]"}
COMMAND: POST /session/d75fb2884b4d02e9e35ce6eb756d8333/element - {"using":"xpath","value":"(//button[contains(@title ,\"Open in new tab\")])[1]"}
RESULT: {"using":"xpath","value":"(//button[contains(@title ,\"Open in new tab\")])[1]"}
COMMAND: POST /session/d75fb2884b4d02e9e35ce6eb756d8333/element/f.C8DAFE98E12733F740FFA5ADB0C206D1.d.582208320AE8A364C59FF89109785B00.e.3989/click - {}
COMMAND: POST /session/d75fb2884b4d02e9e35ce6eb756d8333/element - {"using":"xpath","value":"//span[contains(@id ,\"application-addressmanagement-display-component---detailAdm--addressDetailDetailsName1\")][contains(text(), \"null\")]"}
RESULT: {"using":"xpath","value":"//span[contains(@id ,\"application-addressmanagement-display-component---detailAdm--addressDetailDetailsName1\")][contains(text(), \"null\")]"}
RESULT: {}
COMMAND: GET /session/d75fb2884b4d02e9e35ce6eb756d8333/screenshot - {}
COMMAND: POST /session/d75fb2884b4d02e9e35ce6eb756d8333/element - {"using":"xpath","value":"//span[contains(@id ,\"application-addressmanagement-display-component---detailAdm--addressDetailDetailsName1\")][contains(text(), \"null\")]"}
RESULT: {}
RESULT: {"using":"xpath","value":"//span[contains(@id ,\"application-addressmanagement-display-component---detailAdm--addressDetailDetailsName1\")][contains(text(), \"null\")]"}
COMMAND: POST /session/d75fb2884b4d02e9e35ce6eb756d8333/element - {"using":"xpath","value":"//span[contains(@id ,\"application-addressmanagement-display-component---detailAdm--addressDetailDetailsName1\")][contains(text(), \"null\")]"}
RESULT: {"using":"xpath","value":"//span[contains(@id ,\"application-addressmanagement-display-component---detailAdm--addressDetailDetailsName1\")][contains(text(), \"null\")]"}
COMMAND: POST /session/d75fb2884b4d02e9e35ce6eb756d8333/element - {"using":"xpath","value":"//span[contains(@id ,\"application-addressmanagement-display-component---detailAdm--addressDetailDetailsName1\")][contains(text(), \"null\")]"}
RESULT: {"using":"xpath","value":"//span[contains(@id ,\"application-addressmanagement-display-component---detailAdm--addressDetailDetailsName1\")][contains(text(), \"null\")]"}
COMMAND: POST /session/d75fb2884b4d02e9e35ce6eb756d8333/element - {"using":"xpath","value":"//span[contains(@id ,\"application-addressmanagement-display-component---detailAdm--addressDetailDetailsName1\")][contains(text(), \"null\")]"}
RESULT: {"using":"xpath","value":"//span[contains(@id ,\"application-addressmanagement-display-component---detailAdm--addressDetailDetailsName1\")][contains(text(), \"null\")]"}
COMMAND: POST /session/d75fb2884b4d02e9e35ce6eb756d8333/element - {"using":"xpath","value":"//span[contains(@id ,\"application-addressmanagement-display-component---detailAdm--addressDetailDetailsName1\")][contains(text(), \"null\")]"}
RESULT: {"using":"xpath","value":"//span[contains(@id ,\"application-addressmanagement-display-component---detailAdm--addressDetailDetailsName1\")][contains(text(), \"null\")]"}
COMMAND: POST /session/d75fb2884b4d02e9e35ce6eb756d8333/element - {"using":"xpath","value":"//span[contains(@id ,\"application-addressmanagement-display-component---detailAdm--addressDetailDetailsName1\")][contains(text(), \"null\")]"}
RESULT: {"using":"xpath","value":"//span[contains(@id ,\"application-addressmanagement-display-component---detailAdm--addressDetailDetailsName1\")][contains(text(), \"null\")]"}
COMMAND: POST /session/d75fb2884b4d02e9e35ce6eb756d8333/element - {"using":"xpath","value":"//span[contains(@id ,\"application-addressmanagement-display-component---detailAdm--addressDetailDetailsName1\")][contains(text(), \"null\")]"}
COMMAND: GET /session/d75fb2884b4d02e9e35ce6eb756d8333/window/handles - {}
RESULT: {"using":"xpath","value":"//span[contains(@id ,\"application-addressmanagement-display-component---detailAdm--addressDetailDetailsName1\")][contains(text(), \"null\")]"}
RESULT: {}
COMMAND: POST /session/d75fb2884b4d02e9e35ce6eb756d8333/window - {"handle":"F6D7E235226D8EF9E2135A8D74F722E6"}
RESULT: {"handle":"F6D7E235226D8EF9E2135A8D74F722E6"}
COMMAND: GET /session/d75fb2884b4d02e9e35ce6eb756d8333/url - {}
RESULT: {}
COMMAND: GET /session/d75fb2884b4d02e9e35ce6eb756d8333/screenshot - {}
COMMAND: POST /session/d75fb2884b4d02e9e35ce6eb756d8333/element - {"using":"xpath","value":"//span[contains(@id ,\"application-addressmanagement-display-component---detailAdm--addressDetailDetailsName1\")][contains(text(), \"null\")]"}
RESULT: {}
RESULT: {"using":"xpath","value":"//span[contains(@id ,\"application-addressmanagement-display-component---detailAdm--addressDetailDetailsName1\")][contains(text(), \"null\")]"}
COMMAND: POST /session/d75fb2884b4d02e9e35ce6eb756d8333/element - {"using":"xpath","value":"//span[contains(@id ,\"application-addressmanagement-display-component---detailAdm--addressDetailDetailsName1\")][contains(text(), \"null\")]"}
RESULT: {"using":"xpath","value":"//span[contains(@id ,\"application-addressmanagement-display-component---detailAdm--addressDetailDetailsName1\")][contains(text(), \"null\")]"}
COMMAND: POST /session/d75fb2884b4d02e9e35ce6eb756d8333/element - {"using":"xpath","value":"//span[contains(@id ,\"application-addressmanagement-display-component---detailAdm--addressDetailDetailsName1\")][contains(text(), \"null\")]"}
RESULT: {"using":"xpath","value":"//span[contains(@id ,\"application-addressmanagement-display-component---detailAdm--addressDetailDetailsName1\")][contains(text(), \"null\")]"}
COMMAND: POST /session/d75fb2884b4d02e9e35ce6eb756d8333/element - {"using":"xpath","value":"//span[contains(@id ,\"application-addressmanagement-display-component---detailAdm--addressDetailDetailsName1\")][contains(text(), \"null\")]"}
RESULT: {"using":"xpath","value":"//span[contains(@id ,\"application-addressmanagement-display-component---detailAdm--addressDetailDetailsName1\")][contains(text(), \"null\")]"}
COMMAND: POST /session/d75fb2884b4d02e9e35ce6eb756d8333/element - {"using":"xpath","value":"//span[contains(@id ,\"application-addressmanagement-display-component---detailAdm--addressDetailDetailsName1\")][contains(text(), \"null\")]"}
RESULT: {"using":"xpath","value":"//span[contains(@id ,\"application-addressmanagement-display-component---detailAdm--addressDetailDetailsName1\")][contains(text(), \"null\")]"}
COMMAND: POST /session/d75fb2884b4d02e9e35ce6eb756d8333/element - {"using":"xpath","value":"//span[contains(@id ,\"application-addressmanagement-display-component---detailAdm--addressDetailDetailsName1\")][contains(text(), \"null\")]"}
RESULT: {"using":"xpath","value":"//span[contains(@id ,\"application-addressmanagement-display-component---detailAdm--addressDetailDetailsName1\")][contains(text(), \"null\")]"}
COMMAND: POST /session/d75fb2884b4d02e9e35ce6eb756d8333/element - {"using":"xpath","value":"//span[contains(@id ,\"application-addressmanagement-display-component---detailAdm--addressDetailDetailsName1\")][contains(text(), \"null\")]"}
RESULT: {"using":"xpath","value":"//span[contains(@id ,\"application-addressmanagement-display-component---detailAdm--addressDetailDetailsName1\")][contains(text(), \"null\")]"}
COMMAND: POST /session/d75fb2884b4d02e9e35ce6eb756d8333/element - {"using":"xpath","value":"(//span[contains(text(), \"null\")])[2]"}
COMMAND: DELETE /session/d75fb2884b4d02e9e35ce6eb756d8333/window - {}
COMMAND: POST /session/d75fb2884b4d02e9e35ce6eb756d8333/element - {"using":"xpath","value":"//span[contains(@id ,\"application-addressmanagement-display-component---detailAdm--addressDetailDetailsName1\")][contains(text(), \"null\")]"}
RESULT: {}
COMMAND: POST /session/d75fb2884b4d02e9e35ce6eb756d8333/window - {"handle":"C8DAFE98E12733F740FFA5ADB0C206D1"}
RESULT: {"handle":"C8DAFE98E12733F740FFA5ADB0C206D1"}
COMMAND: GET /session/d75fb2884b4d02e9e35ce6eb756d8333/url - {}
RESULT: {"using":"xpath","value":"(//span[contains(text(), \"null\")])[2]"}
RESULT: {"using":"xpath","value":"//span[contains(@id ,\"application-addressmanagement-display-component---detailAdm--addressDetailDetailsName1\")][contains(text(), \"null\")]"}
RESULT: {}
COMMAND: GET /session/d75fb2884b4d02e9e35ce6eb756d8333/screenshot - {}
COMMAND: POST /session/d75fb2884b4d02e9e35ce6eb756d8333/element - {"using":"xpath","value":"(//span[contains(text(), \"null\")])[2]"}
COMMAND: POST /session/d75fb2884b4d02e9e35ce6eb756d8333/element - {"using":"xpath","value":"//span[contains(@id ,\"application-addressmanagement-display-component---detailAdm--addressDetailDetailsName1\")][contains(text(), \"null\")]"}
RESULT: {}
RESULT: {"using":"xpath","value":"(//span[contains(text(), \"null\")])[2]"}
RESULT: {"using":"xpath","value":"//span[contains(@id ,\"application-addressmanagement-display-component---detailAdm--addressDetailDetailsName1\")][contains(text(), \"null\")]"}
COMMAND: POST /session/d75fb2884b4d02e9e35ce6eb756d8333/element - {"using":"xpath","value":"(//span[contains(text(), \"null\")])[2]"}
COMMAND: POST /session/d75fb2884b4d02e9e35ce6eb756d8333/element - {"using":"xpath","value":"//span[contains(@id ,\"application-addressmanagement-display-component---detailAdm--addressDetailDetailsName1\")][contains(text(), \"null\")]"}
RESULT: {"using":"xpath","value":"(//span[contains(text(), \"null\")])[2]"}
RESULT: {"using":"xpath","value":"//span[contains(@id ,\"application-addressmanagement-display-component---detailAdm--addressDetailDetailsName1\")][contains(text(), \"null\")]"}
COMMAND: POST /session/d75fb2884b4d02e9e35ce6eb756d8333/element - {"using":"xpath","value":"(//span[contains(text(), \"null\")])[2]"}
RESULT: {"using":"xpath","value":"(//span[contains(text(), \"null\")])[2]"}
COMMAND: POST /session/d75fb2884b4d02e9e35ce6eb756d8333/element - {"using":"xpath","value":"//span[contains(@id ,\"application-addressmanagement-display-component---detailAdm--addressDetailDetailsName1\")][contains(text(), \"null\")]"}
RESULT: {"using":"xpath","value":"//span[contains(@id ,\"application-addressmanagement-display-component---detailAdm--addressDetailDetailsName1\")][contains(text(), \"null\")]"}
COMMAND: POST /session/d75fb2884b4d02e9e35ce6eb756d8333/element - {"using":"xpath","value":"(//span[contains(text(), \"null\")])[2]"}
RESULT: {"using":"xpath","value":"(//span[contains(text(), \"null\")])[2]"}
COMMAND: POST /session/d75fb2884b4d02e9e35ce6eb756d8333/element - {"using":"xpath","value":"//span[contains(@id ,\"application-addressmanagement-display-component---detailAdm--addressDetailDetailsName1\")][contains(text(), \"null\")]"}
RESULT: {"using":"xpath","value":"//span[contains(@id ,\"application-addressmanagement-display-component---detailAdm--addressDetailDetailsName1\")][contains(text(), \"null\")]"}
COMMAND: POST /session/d75fb2884b4d02e9e35ce6eb756d8333/element - {"using":"xpath","value":"(//span[contains(text(), \"null\")])[2]"}
RESULT: {"using":"xpath","value":"(//span[contains(text(), \"null\")])[2]"}
COMMAND: POST /session/d75fb2884b4d02e9e35ce6eb756d8333/element - {"using":"xpath","value":"(//span[contains(text(), \"null\")])[2]"}
RESULT: {"using":"xpath","value":"(//span[contains(text(), \"null\")])[2]"}
COMMAND: POST /session/d75fb2884b4d02e9e35ce6eb756d8333/element - {"using":"xpath","value":"(//span[contains(text(), \"null\")])[2]"}
RESULT: {"using":"xpath","value":"(//span[contains(text(), \"null\")])[2]"}
COMMAND: POST /session/d75fb2884b4d02e9e35ce6eb756d8333/element - {"using":"xpath","value":"(//span[contains(text(), \"null\")])[2]"}
RESULT: {"using":"xpath","value":"(//span[contains(text(), \"null\")])[2]"}
COMMAND: POST /session/d75fb2884b4d02e9e35ce6eb756d8333/element - {"using":"xpath","value":"(//span[contains(text(), \"null\")])[2]"}
RESULT: {"using":"xpath","value":"(//span[contains(text(), \"null\")])[2]"}
COMMAND: POST /session/d75fb2884b4d02e9e35ce6eb756d8333/element - {"using":"xpath","value":"(//button[contains(@title ,\"Open in new tab\")])[2]"}
RESULT: {"using":"xpath","value":"(//button[contains(@title ,\"Open in new tab\")])[2]"}
COMMAND: POST /session/d75fb2884b4d02e9e35ce6eb756d8333/element/f.C8DAFE98E12733F740FFA5ADB0C206D1.d.582208320AE8A364C59FF89109785B00.e.4020/click - {}
COMMAND: POST /session/d75fb2884b4d02e9e35ce6eb756d8333/element - {"using":"xpath","value":"(//span[contains(text(), \"null\")])[2]"}
RESULT: {}
COMMAND: GET /session/d75fb2884b4d02e9e35ce6eb756d8333/screenshot - {}
RESULT: {"using":"xpath","value":"(//span[contains(text(), \"null\")])[2]"}
COMMAND: POST /session/d75fb2884b4d02e9e35ce6eb756d8333/element - {"using":"xpath","value":"(//span[contains(text(), \"null\")])[2]"}
RESULT: {}
RESULT: {"using":"xpath","value":"(//span[contains(text(), \"null\")])[2]"}
COMMAND: POST /session/d75fb2884b4d02e9e35ce6eb756d8333/element - {"using":"xpath","value":"(//span[contains(text(), \"null\")])[2]"}
RESULT: {"using":"xpath","value":"(//span[contains(text(), \"null\")])[2]"}
COMMAND: POST /session/d75fb2884b4d02e9e35ce6eb756d8333/element - {"using":"xpath","value":"(//span[contains(text(), \"null\")])[2]"}
RESULT: {"using":"xpath","value":"(//span[contains(text(), \"null\")])[2]"}
COMMAND: POST /session/d75fb2884b4d02e9e35ce6eb756d8333/element - {"using":"xpath","value":"(//span[contains(text(), \"null\")])[2]"}
RESULT: {"using":"xpath","value":"(//span[contains(text(), \"null\")])[2]"}
COMMAND: POST /session/d75fb2884b4d02e9e35ce6eb756d8333/element - {"using":"xpath","value":"(//span[contains(text(), \"null\")])[2]"}
RESULT: {"using":"xpath","value":"(//span[contains(text(), \"null\")])[2]"}
COMMAND: POST /session/d75fb2884b4d02e9e35ce6eb756d8333/element - {"using":"xpath","value":"(//span[contains(text(), \"null\")])[2]"}
RESULT: {"using":"xpath","value":"(//span[contains(text(), \"null\")])[2]"}
COMMAND: POST /session/d75fb2884b4d02e9e35ce6eb756d8333/element - {"using":"xpath","value":"(//span[contains(text(), \"null\")])[2]"}
RESULT: {"using":"xpath","value":"(//span[contains(text(), \"null\")])[2]"}
COMMAND: POST /session/d75fb2884b4d02e9e35ce6eb756d8333/element - {"using":"xpath","value":"(//span[contains(text(), \"null\")])[2]"}
RESULT: {"using":"xpath","value":"(//span[contains(text(), \"null\")])[2]"}
COMMAND: POST /session/d75fb2884b4d02e9e35ce6eb756d8333/element - {"using":"xpath","value":"(//span[contains(text(), \"null\")])[2]"}
RESULT: {"using":"xpath","value":"(//span[contains(text(), \"null\")])[2]"}
COMMAND: GET /session/d75fb2884b4d02e9e35ce6eb756d8333/window/handles - {}
COMMAND: POST /session/d75fb2884b4d02e9e35ce6eb756d8333/element - {"using":"xpath","value":"(//span[contains(text(), \"null\")])[2]"}
RESULT: {}
COMMAND: POST /session/d75fb2884b4d02e9e35ce6eb756d8333/window - {"handle":"CD39723654EC2E4E2EE2C3FB1EEA248A"}
RESULT: {"using":"xpath","value":"(//span[contains(text(), \"null\")])[2]"}
RESULT: {"handle":"CD39723654EC2E4E2EE2C3FB1EEA248A"}
COMMAND: GET /session/d75fb2884b4d02e9e35ce6eb756d8333/url - {}
COMMAND: POST /session/d75fb2884b4d02e9e35ce6eb756d8333/element - {"using":"xpath","value":"(//span[contains(text(), \"null\")])[2]"}
RESULT: {}
COMMAND: GET /session/d75fb2884b4d02e9e35ce6eb756d8333/screenshot - {}
RESULT: {"using":"xpath","value":"(//span[contains(text(), \"null\")])[2]"}
RESULT: {}
COMMAND: POST /session/d75fb2884b4d02e9e35ce6eb756d8333/element - {"using":"xpath","value":"(//span[contains(text(), \"null\")])[2]"}
RESULT: {"using":"xpath","value":"(//span[contains(text(), \"null\")])[2]"}
COMMAND: POST /session/d75fb2884b4d02e9e35ce6eb756d8333/element - {"using":"xpath","value":"(//span[contains(text(), \"null\")])[2]"}
RESULT: {"using":"xpath","value":"(//span[contains(text(), \"null\")])[2]"}
COMMAND: POST /session/d75fb2884b4d02e9e35ce6eb756d8333/element - {"using":"xpath","value":"(//span[contains(text(), \"null\")])[2]"}
RESULT: {"using":"xpath","value":"(//span[contains(text(), \"null\")])[2]"}
COMMAND: POST /session/d75fb2884b4d02e9e35ce6eb756d8333/element - {"using":"xpath","value":"(//span[contains(text(), \"null\")])[2]"}
RESULT: {"using":"xpath","value":"(//span[contains(text(), \"null\")])[2]"}
COMMAND: POST /session/d75fb2884b4d02e9e35ce6eb756d8333/element - {"using":"xpath","value":"(//span[contains(text(), \"null\")])[2]"}
RESULT: {"using":"xpath","value":"(//span[contains(text(), \"null\")])[2]"}
COMMAND: POST /session/d75fb2884b4d02e9e35ce6eb756d8333/element - {"using":"xpath","value":"//span[contains(@id ,\"application-addressmanagement-display-component---detailAdm--addressDetailDetailsName1\")][contains(text(), \"null\")]"}
COMMAND: DELETE /session/d75fb2884b4d02e9e35ce6eb756d8333/window - {}
COMMAND: POST /session/d75fb2884b4d02e9e35ce6eb756d8333/element - {"using":"xpath","value":"(//span[contains(text(), \"null\")])[2]"}
RESULT: {}
COMMAND: POST /session/d75fb2884b4d02e9e35ce6eb756d8333/window - {"handle":"C8DAFE98E12733F740FFA5ADB0C206D1"}
RESULT: {"handle":"C8DAFE98E12733F740FFA5ADB0C206D1"}
COMMAND: GET /session/d75fb2884b4d02e9e35ce6eb756d8333/url - {}
RESULT: {"using":"xpath","value":"//span[contains(@id ,\"application-addressmanagement-display-component---detailAdm--addressDetailDetailsName1\")][contains(text(), \"null\")]"}
RESULT: {"using":"xpath","value":"(//span[contains(text(), \"null\")])[2]"}
RESULT: {}
COMMAND: POST /session/d75fb2884b4d02e9e35ce6eb756d8333/element - {"using":"xpath","value":"//span[contains(@id ,\"application-addressmanagement-display-component---detailAdm--addressDetailDetailsName1\")][contains(text(), \"null\")]"}
COMMAND: GET /session/d75fb2884b4d02e9e35ce6eb756d8333/screenshot - {}
COMMAND: POST /session/d75fb2884b4d02e9e35ce6eb756d8333/element - {"using":"xpath","value":"(//span[contains(text(), \"null\")])[2]"}
RESULT: {}
RESULT: {"using":"xpath","value":"//span[contains(@id ,\"application-addressmanagement-display-component---detailAdm--addressDetailDetailsName1\")][contains(text(), \"null\")]"}
RESULT: {"using":"xpath","value":"(//span[contains(text(), \"null\")])[2]"}
COMMAND: POST /session/d75fb2884b4d02e9e35ce6eb756d8333/element - {"using":"xpath","value":"//span[contains(@id ,\"application-addressmanagement-display-component---detailAdm--addressDetailDetailsName1\")][contains(text(), \"null\")]"}
RESULT: {"using":"xpath","value":"//span[contains(@id ,\"application-addressmanagement-display-component---detailAdm--addressDetailDetailsName1\")][contains(text(), \"null\")]"}
COMMAND: POST /session/d75fb2884b4d02e9e35ce6eb756d8333/element - {"using":"xpath","value":"(//span[contains(text(), \"null\")])[2]"}
RESULT: {"using":"xpath","value":"(//span[contains(text(), \"null\")])[2]"}
COMMAND: POST /session/d75fb2884b4d02e9e35ce6eb756d8333/element - {"using":"xpath","value":"//span[contains(@id ,\"application-addressmanagement-display-component---detailAdm--addressDetailDetailsName1\")][contains(text(), \"null\")]"}
RESULT: {"using":"xpath","value":"//span[contains(@id ,\"application-addressmanagement-display-component---detailAdm--addressDetailDetailsName1\")][contains(text(), \"null\")]"}
COMMAND: POST /session/d75fb2884b4d02e9e35ce6eb756d8333/element - {"using":"xpath","value":"(//span[contains(text(), \"null\")])[2]"}
RESULT: {"using":"xpath","value":"(//span[contains(text(), \"null\")])[2]"}
COMMAND: POST /session/d75fb2884b4d02e9e35ce6eb756d8333/element - {"using":"xpath","value":"//span[contains(@id ,\"application-addressmanagement-display-component---detailAdm--addressDetailDetailsName1\")][contains(text(), \"null\")]"}
RESULT: {"using":"xpath","value":"//span[contains(@id ,\"application-addressmanagement-display-component---detailAdm--addressDetailDetailsName1\")][contains(text(), \"null\")]"}
COMMAND: POST /session/d75fb2884b4d02e9e35ce6eb756d8333/element - {"using":"xpath","value":"(//span[contains(text(), \"null\")])[2]"}
RESULT: {"using":"xpath","value":"(//span[contains(text(), \"null\")])[2]"}
COMMAND: POST /session/d75fb2884b4d02e9e35ce6eb756d8333/element - {"using":"xpath","value":"//span[contains(@id ,\"application-addressmanagement-display-component---detailAdm--addressDetailDetailsName1\")][contains(text(), \"null\")]"}
RESULT: {"using":"xpath","value":"//span[contains(@id ,\"application-addressmanagement-display-component---detailAdm--addressDetailDetailsName1\")][contains(text(), \"null\")]"}
COMMAND: POST /session/d75fb2884b4d02e9e35ce6eb756d8333/element - {"using":"xpath","value":"(//span[contains(text(), \"null\")])[2]"}
RESULT: {"using":"xpath","value":"(//span[contains(text(), \"null\")])[2]"}
COMMAND: POST /session/d75fb2884b4d02e9e35ce6eb756d8333/element - {"using":"xpath","value":"//span[contains(@id ,\"application-addressmanagement-display-component---detailAdm--addressDetailDetailsName1\")][contains(text(), \"null\")]"}
RESULT: {"using":"xpath","value":"//span[contains(@id ,\"application-addressmanagement-display-component---detailAdm--addressDetailDetailsName1\")][contains(text(), \"null\")]"}
COMMAND: POST /session/d75fb2884b4d02e9e35ce6eb756d8333/element - {"using":"xpath","value":"(//span[contains(text(), \"null\")])[2]"}
RESULT: {"using":"xpath","value":"(//span[contains(text(), \"null\")])[2]"}
COMMAND: POST /session/d75fb2884b4d02e9e35ce6eb756d8333/element - {"using":"xpath","value":"//span[contains(@id ,\"application-addressmanagement-display-component---detailAdm--addressDetailDetailsName1\")][contains(text(), \"null\")]"}
RESULT: {"using":"xpath","value":"//span[contains(@id ,\"application-addressmanagement-display-component---detailAdm--addressDetailDetailsName1\")][contains(text(), \"null\")]"}
COMMAND: POST /session/d75fb2884b4d02e9e35ce6eb756d8333/element - {"using":"xpath","value":"(//span[contains(text(), \"null\")])[2]"}
RESULT: {"using":"xpath","value":"(//span[contains(text(), \"null\")])[2]"}
COMMAND: POST /session/d75fb2884b4d02e9e35ce6eb756d8333/element - {"using":"xpath","value":"//span[contains(@id ,\"application-addressmanagement-display-component---detailAdm--addressDetailDetailsName1\")][contains(text(), \"null\")]"}
RESULT: {"using":"xpath","value":"//span[contains(@id ,\"application-addressmanagement-display-component---detailAdm--addressDetailDetailsName1\")][contains(text(), \"null\")]"}
COMMAND: POST /session/d75fb2884b4d02e9e35ce6eb756d8333/element - {"using":"xpath","value":"(//span[contains(text(), \"null\")])[2]"}
RESULT: {"using":"xpath","value":"(//span[contains(text(), \"null\")])[2]"}
]]></system-out>
    </testcase>
    <testcase classname="chrome.136_0_7103_93.windows.Related_resources_for_groups_US139107" name="Should set one equipment to inactive and verify that it does not show in the releated resources" time="73.645">
      <system-out><![CDATA[
COMMAND: POST /session/d75fb2884b4d02e9e35ce6eb756d8333/element - {"using":"xpath","value":"//*[contains(@data-kt ,\"openRUIdMenuLink\")]"}
RESULT: {"using":"xpath","value":"//*[contains(@data-kt ,\"openRUIdMenuLink\")]"}
COMMAND: POST /session/d75fb2884b4d02e9e35ce6eb756d8333/execute/sync - {"script":"<script> [8489 bytes]","args":[{"element-6066-11e4-a52e-4f735466cecf":"f.C8DAFE98E12733F740FFA5ADB0C206D1.d.582208320AE8A364C59FF89109785B00.e.4222","ELEMENT":"f.C8DAFE98E12733F740FFA5ADB0C206D1.d.582208320AE8A364C59FF89109785B00.e.4222"}]}
RESULT: {"script":"<script> [8489 bytes]","args":[{"element-6066-11e4-a52e-4f735466cecf":"f.C8DAFE98E12733F740FFA5ADB0C206D1.d.582208320AE8A364C59FF89109785B00.e.4222","ELEMENT":"f.C8DAFE98E12733F740FFA5ADB0C206D1.d.582208320AE8A364C59FF89109785B00.e.4222"}]}
COMMAND: POST /session/d75fb2884b4d02e9e35ce6eb756d8333/execute/sync - {"script":"<script> [5351 bytes]","args":[{"element-6066-11e4-a52e-4f735466cecf":"f.C8DAFE98E12733F740FFA5ADB0C206D1.d.582208320AE8A364C59FF89109785B00.e.4222","ELEMENT":"f.C8DAFE98E12733F740FFA5ADB0C206D1.d.582208320AE8A364C59FF89109785B00.e.4222"}]}
COMMAND: GET /session/d75fb2884b4d02e9e35ce6eb756d8333/screenshot - {}
RESULT: {"script":"<script> [5351 bytes]","args":[{"element-6066-11e4-a52e-4f735466cecf":"f.C8DAFE98E12733F740FFA5ADB0C206D1.d.582208320AE8A364C59FF89109785B00.e.4222","ELEMENT":"f.C8DAFE98E12733F740FFA5ADB0C206D1.d.582208320AE8A364C59FF89109785B00.e.4222"}]}
COMMAND: POST /session/d75fb2884b4d02e9e35ce6eb756d8333/element/f.C8DAFE98E12733F740FFA5ADB0C206D1.d.582208320AE8A364C59FF89109785B00.e.4222/click - {}
COMMAND: GET /session/d75fb2884b4d02e9e35ce6eb756d8333/screenshot - {}
COMMAND: POST /session/d75fb2884b4d02e9e35ce6eb756d8333/element - {"using":"xpath","value":"//span[contains(@id ,\"application-addressmanagement-display-component---detailAdm--addressDetailDetailsName1\")][contains(text(), \"null\")]"}
RESULT: {}
COMMAND: POST /session/d75fb2884b4d02e9e35ce6eb756d8333/element - {"using":"xpath","value":"(//span[contains(text(), \"null\")])[2]"}
RESULT: {}
RESULT: {}
RESULT: {"using":"xpath","value":"//span[contains(@id ,\"application-addressmanagement-display-component---detailAdm--addressDetailDetailsName1\")][contains(text(), \"null\")]"}
COMMAND: GET /session/d75fb2884b4d02e9e35ce6eb756d8333/screenshot - {}
RESULT: {"using":"xpath","value":"(//span[contains(text(), \"null\")])[2]"}
RESULT: {}
COMMAND: POST /session/d75fb2884b4d02e9e35ce6eb756d8333/element - {"using":"xpath","value":"//span[contains(@id ,\"application-addressmanagement-display-component---detailAdm--addressDetailDetailsName1\")][contains(text(), \"null\")]"}
RESULT: {"using":"xpath","value":"//span[contains(@id ,\"application-addressmanagement-display-component---detailAdm--addressDetailDetailsName1\")][contains(text(), \"null\")]"}
COMMAND: POST /session/d75fb2884b4d02e9e35ce6eb756d8333/element - {"using":"xpath","value":"(//span[contains(text(), \"null\")])[2]"}
RESULT: {"using":"xpath","value":"(//span[contains(text(), \"null\")])[2]"}
COMMAND: POST /session/d75fb2884b4d02e9e35ce6eb756d8333/element - {"using":"xpath","value":"//span[contains(@id ,\"application-addressmanagement-display-component---detailAdm--addressDetailDetailsName1\")][contains(text(), \"null\")]"}
RESULT: {"using":"xpath","value":"//span[contains(@id ,\"application-addressmanagement-display-component---detailAdm--addressDetailDetailsName1\")][contains(text(), \"null\")]"}
COMMAND: POST /session/d75fb2884b4d02e9e35ce6eb756d8333/element - {"using":"xpath","value":"(//span[contains(text(), \"null\")])[2]"}
RESULT: {"using":"xpath","value":"(//span[contains(text(), \"null\")])[2]"}
COMMAND: POST /session/d75fb2884b4d02e9e35ce6eb756d8333/element - {"using":"xpath","value":"//span[contains(@id ,\"application-addressmanagement-display-component---detailAdm--addressDetailDetailsName1\")][contains(text(), \"null\")]"}
RESULT: {"using":"xpath","value":"//span[contains(@id ,\"application-addressmanagement-display-component---detailAdm--addressDetailDetailsName1\")][contains(text(), \"null\")]"}
COMMAND: POST /session/d75fb2884b4d02e9e35ce6eb756d8333/element - {"using":"xpath","value":"(//span[contains(text(), \"null\")])[2]"}
RESULT: {"using":"xpath","value":"(//span[contains(text(), \"null\")])[2]"}
COMMAND: POST /session/d75fb2884b4d02e9e35ce6eb756d8333/element - {"using":"xpath","value":"//*[contains(@data-kt ,\"ContextMenuId2Link\")][contains(text(), \"RU Overview\")]"}
RESULT: {"using":"xpath","value":"//*[contains(@data-kt ,\"ContextMenuId2Link\")][contains(text(), \"RU Overview\")]"}
COMMAND: POST /session/d75fb2884b4d02e9e35ce6eb756d8333/execute/sync - {"script":"<script> [8489 bytes]","args":[{"element-6066-11e4-a52e-4f735466cecf":"f.C8DAFE98E12733F740FFA5ADB0C206D1.d.582208320AE8A364C59FF89109785B00.e.4224","ELEMENT":"f.C8DAFE98E12733F740FFA5ADB0C206D1.d.582208320AE8A364C59FF89109785B00.e.4224"}]}
COMMAND: POST /session/d75fb2884b4d02e9e35ce6eb756d8333/element/f.C8DAFE98E12733F740FFA5ADB0C206D1.d.582208320AE8A364C59FF89109785B00.e.4224/click - {}
COMMAND: POST /session/d75fb2884b4d02e9e35ce6eb756d8333/element - {"using":"xpath","value":"//span[contains(@id ,\"application-addressmanagement-display-component---detailAdm--addressDetailDetailsName1\")][contains(text(), \"null\")]"}
RESULT: {}
RESULT: {"script":"<script> [8489 bytes]","args":[{"element-6066-11e4-a52e-4f735466cecf":"f.C8DAFE98E12733F740FFA5ADB0C206D1.d.582208320AE8A364C59FF89109785B00.e.4224","ELEMENT":"f.C8DAFE98E12733F740FFA5ADB0C206D1.d.582208320AE8A364C59FF89109785B00.e.4224"}]}
COMMAND: GET /session/d75fb2884b4d02e9e35ce6eb756d8333/screenshot - {}
COMMAND: GET /session/d75fb2884b4d02e9e35ce6eb756d8333/screenshot - {}
RESULT: {"using":"xpath","value":"//span[contains(@id ,\"application-addressmanagement-display-component---detailAdm--addressDetailDetailsName1\")][contains(text(), \"null\")]"}
COMMAND: POST /session/d75fb2884b4d02e9e35ce6eb756d8333/element - {"using":"xpath","value":"(//span[contains(text(), \"null\")])[2]"}
COMMAND: POST /session/d75fb2884b4d02e9e35ce6eb756d8333/element - {"using":"xpath","value":"//span[contains(@id ,\"application-addressmanagement-display-component---detailAdm--addressDetailDetailsName1\")][contains(text(), \"null\")]"}
RESULT: {}
RESULT: {}
RESULT: {"using":"xpath","value":"(//span[contains(text(), \"null\")])[2]"}
RESULT: {"using":"xpath","value":"//span[contains(@id ,\"application-addressmanagement-display-component---detailAdm--addressDetailDetailsName1\")][contains(text(), \"null\")]"}
COMMAND: POST /session/d75fb2884b4d02e9e35ce6eb756d8333/element - {"using":"xpath","value":"//span[contains(@id ,\"application-addressmanagement-display-component---detailAdm--addressDetailDetailsName1\")][contains(text(), \"null\")]"}
RESULT: {"using":"xpath","value":"//span[contains(@id ,\"application-addressmanagement-display-component---detailAdm--addressDetailDetailsName1\")][contains(text(), \"null\")]"}
COMMAND: POST /session/d75fb2884b4d02e9e35ce6eb756d8333/element - {"using":"xpath","value":"//span[contains(@id ,\"application-addressmanagement-display-component---detailAdm--addressDetailDetailsName1\")][contains(text(), \"null\")]"}
RESULT: {"using":"xpath","value":"//span[contains(@id ,\"application-addressmanagement-display-component---detailAdm--addressDetailDetailsName1\")][contains(text(), \"null\")]"}
COMMAND: POST /session/d75fb2884b4d02e9e35ce6eb756d8333/element - {"using":"xpath","value":"//span[contains(@id ,\"application-addressmanagement-display-component---detailAdm--addressDetailDetailsName1\")][contains(text(), \"null\")]"}
RESULT: {"using":"xpath","value":"//span[contains(@id ,\"application-addressmanagement-display-component---detailAdm--addressDetailDetailsName1\")][contains(text(), \"null\")]"}
COMMAND: POST /session/d75fb2884b4d02e9e35ce6eb756d8333/element - {"using":"xpath","value":"//span[contains(@id ,\"application-addressmanagement-display-component---detailAdm--addressDetailDetailsName1\")][contains(text(), \"null\")]"}
RESULT: {"using":"xpath","value":"//span[contains(@id ,\"application-addressmanagement-display-component---detailAdm--addressDetailDetailsName1\")][contains(text(), \"null\")]"}
COMMAND: POST /session/d75fb2884b4d02e9e35ce6eb756d8333/element - {"using":"xpath","value":"//span[contains(@id ,\"application-addressmanagement-display-component---detailAdm--addressDetailDetailsName1\")][contains(text(), \"null\")]"}
RESULT: {"using":"xpath","value":"//span[contains(@id ,\"application-addressmanagement-display-component---detailAdm--addressDetailDetailsName1\")][contains(text(), \"null\")]"}
COMMAND: POST /session/d75fb2884b4d02e9e35ce6eb756d8333/element - {"using":"xpath","value":"//span[contains(@id ,\"application-addressmanagement-display-component---detailAdm--addressDetailDetailsName1\")][contains(text(), \"null\")]"}
RESULT: {"using":"xpath","value":"//span[contains(@id ,\"application-addressmanagement-display-component---detailAdm--addressDetailDetailsName1\")][contains(text(), \"null\")]"}
COMMAND: POST /session/d75fb2884b4d02e9e35ce6eb756d8333/element - {"using":"xpath","value":"//span[contains(@id ,\"actionsToolbar-overflowButton-img\")]"}
RESULT: {"using":"xpath","value":"//span[contains(@id ,\"actionsToolbar-overflowButton-img\")]"}
COMMAND: POST /session/d75fb2884b4d02e9e35ce6eb756d8333/execute/sync - {"script":"<script> [8489 bytes]","args":[{"element-6066-11e4-a52e-4f735466cecf":"f.C8DAFE98E12733F740FFA5ADB0C206D1.d.582208320AE8A364C59FF89109785B00.e.4368","ELEMENT":"f.C8DAFE98E12733F740FFA5ADB0C206D1.d.582208320AE8A364C59FF89109785B00.e.4368"}]}
RESULT: {"script":"<script> [8489 bytes]","args":[{"element-6066-11e4-a52e-4f735466cecf":"f.C8DAFE98E12733F740FFA5ADB0C206D1.d.582208320AE8A364C59FF89109785B00.e.4368","ELEMENT":"f.C8DAFE98E12733F740FFA5ADB0C206D1.d.582208320AE8A364C59FF89109785B00.e.4368"}]}
COMMAND: POST /session/d75fb2884b4d02e9e35ce6eb756d8333/execute/sync - {"script":"<script> [5351 bytes]","args":[{"element-6066-11e4-a52e-4f735466cecf":"f.C8DAFE98E12733F740FFA5ADB0C206D1.d.582208320AE8A364C59FF89109785B00.e.4368","ELEMENT":"f.C8DAFE98E12733F740FFA5ADB0C206D1.d.582208320AE8A364C59FF89109785B00.e.4368"}]}
COMMAND: GET /session/d75fb2884b4d02e9e35ce6eb756d8333/screenshot - {}
COMMAND: POST /session/d75fb2884b4d02e9e35ce6eb756d8333/element - {"using":"xpath","value":"//span[contains(@id ,\"application-addressmanagement-display-component---detailAdm--addressDetailDetailsName1\")][contains(text(), \"null\")]"}
RESULT: {"script":"<script> [5351 bytes]","args":[{"element-6066-11e4-a52e-4f735466cecf":"f.C8DAFE98E12733F740FFA5ADB0C206D1.d.582208320AE8A364C59FF89109785B00.e.4368","ELEMENT":"f.C8DAFE98E12733F740FFA5ADB0C206D1.d.582208320AE8A364C59FF89109785B00.e.4368"}]}
COMMAND: GET /session/d75fb2884b4d02e9e35ce6eb756d8333/screenshot - {}
COMMAND: POST /session/d75fb2884b4d02e9e35ce6eb756d8333/execute/sync - {"script":"<script> [8489 bytes]","args":[{"element-6066-11e4-a52e-4f735466cecf":"f.C8DAFE98E12733F740FFA5ADB0C206D1.d.582208320AE8A364C59FF89109785B00.e.4368","ELEMENT":"f.C8DAFE98E12733F740FFA5ADB0C206D1.d.582208320AE8A364C59FF89109785B00.e.4368"}]}
RESULT: {}
RESULT: {"using":"xpath","value":"//span[contains(@id ,\"application-addressmanagement-display-component---detailAdm--addressDetailDetailsName1\")][contains(text(), \"null\")]"}
RESULT: {}
RESULT: {"script":"<script> [8489 bytes]","args":[{"element-6066-11e4-a52e-4f735466cecf":"f.C8DAFE98E12733F740FFA5ADB0C206D1.d.582208320AE8A364C59FF89109785B00.e.4368","ELEMENT":"f.C8DAFE98E12733F740FFA5ADB0C206D1.d.582208320AE8A364C59FF89109785B00.e.4368"}]}
COMMAND: POST /session/d75fb2884b4d02e9e35ce6eb756d8333/execute/sync - {"script":"<script> [5351 bytes]","args":[{"element-6066-11e4-a52e-4f735466cecf":"f.C8DAFE98E12733F740FFA5ADB0C206D1.d.582208320AE8A364C59FF89109785B00.e.4368","ELEMENT":"f.C8DAFE98E12733F740FFA5ADB0C206D1.d.582208320AE8A364C59FF89109785B00.e.4368"}]}
COMMAND: POST /session/d75fb2884b4d02e9e35ce6eb756d8333/element - {"using":"xpath","value":"//span[contains(@id ,\"application-addressmanagement-display-component---detailAdm--addressDetailDetailsName1\")][contains(text(), \"null\")]"}
COMMAND: GET /session/d75fb2884b4d02e9e35ce6eb756d8333/screenshot - {}
RESULT: {"script":"<script> [5351 bytes]","args":[{"element-6066-11e4-a52e-4f735466cecf":"f.C8DAFE98E12733F740FFA5ADB0C206D1.d.582208320AE8A364C59FF89109785B00.e.4368","ELEMENT":"f.C8DAFE98E12733F740FFA5ADB0C206D1.d.582208320AE8A364C59FF89109785B00.e.4368"}]}
COMMAND: POST /session/d75fb2884b4d02e9e35ce6eb756d8333/execute/sync - {"script":"<script> [8489 bytes]","args":[{"element-6066-11e4-a52e-4f735466cecf":"f.C8DAFE98E12733F740FFA5ADB0C206D1.d.582208320AE8A364C59FF89109785B00.e.4368","ELEMENT":"f.C8DAFE98E12733F740FFA5ADB0C206D1.d.582208320AE8A364C59FF89109785B00.e.4368"}]}
COMMAND: GET /session/d75fb2884b4d02e9e35ce6eb756d8333/screenshot - {}
RESULT: {"using":"xpath","value":"//span[contains(@id ,\"application-addressmanagement-display-component---detailAdm--addressDetailDetailsName1\")][contains(text(), \"null\")]"}
RESULT: {}
RESULT: {"script":"<script> [8489 bytes]","args":[{"element-6066-11e4-a52e-4f735466cecf":"f.C8DAFE98E12733F740FFA5ADB0C206D1.d.582208320AE8A364C59FF89109785B00.e.4368","ELEMENT":"f.C8DAFE98E12733F740FFA5ADB0C206D1.d.582208320AE8A364C59FF89109785B00.e.4368"}]}
COMMAND: POST /session/d75fb2884b4d02e9e35ce6eb756d8333/execute/sync - {"script":"<script> [5351 bytes]","args":[{"element-6066-11e4-a52e-4f735466cecf":"f.C8DAFE98E12733F740FFA5ADB0C206D1.d.582208320AE8A364C59FF89109785B00.e.4368","ELEMENT":"f.C8DAFE98E12733F740FFA5ADB0C206D1.d.582208320AE8A364C59FF89109785B00.e.4368"}]}
COMMAND: GET /session/d75fb2884b4d02e9e35ce6eb756d8333/screenshot - {}
COMMAND: POST /session/d75fb2884b4d02e9e35ce6eb756d8333/element - {"using":"xpath","value":"//span[contains(@id ,\"application-addressmanagement-display-component---detailAdm--addressDetailDetailsName1\")][contains(text(), \"null\")]"}
RESULT: {}
RESULT: {"script":"<script> [5351 bytes]","args":[{"element-6066-11e4-a52e-4f735466cecf":"f.C8DAFE98E12733F740FFA5ADB0C206D1.d.582208320AE8A364C59FF89109785B00.e.4368","ELEMENT":"f.C8DAFE98E12733F740FFA5ADB0C206D1.d.582208320AE8A364C59FF89109785B00.e.4368"}]}
COMMAND: POST /session/d75fb2884b4d02e9e35ce6eb756d8333/execute/sync - {"script":"<script> [8489 bytes]","args":[{"element-6066-11e4-a52e-4f735466cecf":"f.C8DAFE98E12733F740FFA5ADB0C206D1.d.582208320AE8A364C59FF89109785B00.e.4368","ELEMENT":"f.C8DAFE98E12733F740FFA5ADB0C206D1.d.582208320AE8A364C59FF89109785B00.e.4368"}]}
COMMAND: GET /session/d75fb2884b4d02e9e35ce6eb756d8333/screenshot - {}
RESULT: {}
RESULT: {"using":"xpath","value":"//span[contains(@id ,\"application-addressmanagement-display-component---detailAdm--addressDetailDetailsName1\")][contains(text(), \"null\")]"}
RESULT: {"script":"<script> [8489 bytes]","args":[{"element-6066-11e4-a52e-4f735466cecf":"f.C8DAFE98E12733F740FFA5ADB0C206D1.d.582208320AE8A364C59FF89109785B00.e.4368","ELEMENT":"f.C8DAFE98E12733F740FFA5ADB0C206D1.d.582208320AE8A364C59FF89109785B00.e.4368"}]}
COMMAND: POST /session/d75fb2884b4d02e9e35ce6eb756d8333/execute/sync - {"script":"<script> [5351 bytes]","args":[{"element-6066-11e4-a52e-4f735466cecf":"f.C8DAFE98E12733F740FFA5ADB0C206D1.d.582208320AE8A364C59FF89109785B00.e.4368","ELEMENT":"f.C8DAFE98E12733F740FFA5ADB0C206D1.d.582208320AE8A364C59FF89109785B00.e.4368"}]}
COMMAND: GET /session/d75fb2884b4d02e9e35ce6eb756d8333/screenshot - {}
RESULT: {}
RESULT: {"script":"<script> [5351 bytes]","args":[{"element-6066-11e4-a52e-4f735466cecf":"f.C8DAFE98E12733F740FFA5ADB0C206D1.d.582208320AE8A364C59FF89109785B00.e.4368","ELEMENT":"f.C8DAFE98E12733F740FFA5ADB0C206D1.d.582208320AE8A364C59FF89109785B00.e.4368"}]}
COMMAND: GET /session/d75fb2884b4d02e9e35ce6eb756d8333/screenshot - {}
COMMAND: POST /session/d75fb2884b4d02e9e35ce6eb756d8333/execute/sync - {"script":"<script> [8489 bytes]","args":[{"element-6066-11e4-a52e-4f735466cecf":"f.C8DAFE98E12733F740FFA5ADB0C206D1.d.582208320AE8A364C59FF89109785B00.e.4368","ELEMENT":"f.C8DAFE98E12733F740FFA5ADB0C206D1.d.582208320AE8A364C59FF89109785B00.e.4368"}]}
COMMAND: POST /session/d75fb2884b4d02e9e35ce6eb756d8333/element - {"using":"xpath","value":"//span[contains(@id ,\"application-addressmanagement-display-component---detailAdm--addressDetailDetailsName1\")][contains(text(), \"null\")]"}
RESULT: {}
RESULT: {}
RESULT: {"script":"<script> [8489 bytes]","args":[{"element-6066-11e4-a52e-4f735466cecf":"f.C8DAFE98E12733F740FFA5ADB0C206D1.d.582208320AE8A364C59FF89109785B00.e.4368","ELEMENT":"f.C8DAFE98E12733F740FFA5ADB0C206D1.d.582208320AE8A364C59FF89109785B00.e.4368"}]}
COMMAND: POST /session/d75fb2884b4d02e9e35ce6eb756d8333/execute/sync - {"script":"<script> [5351 bytes]","args":[{"element-6066-11e4-a52e-4f735466cecf":"f.C8DAFE98E12733F740FFA5ADB0C206D1.d.582208320AE8A364C59FF89109785B00.e.4368","ELEMENT":"f.C8DAFE98E12733F740FFA5ADB0C206D1.d.582208320AE8A364C59FF89109785B00.e.4368"}]}
RESULT: {"using":"xpath","value":"//span[contains(@id ,\"application-addressmanagement-display-component---detailAdm--addressDetailDetailsName1\")][contains(text(), \"null\")]"}
RESULT: {"script":"<script> [5351 bytes]","args":[{"element-6066-11e4-a52e-4f735466cecf":"f.C8DAFE98E12733F740FFA5ADB0C206D1.d.582208320AE8A364C59FF89109785B00.e.4368","ELEMENT":"f.C8DAFE98E12733F740FFA5ADB0C206D1.d.582208320AE8A364C59FF89109785B00.e.4368"}]}
COMMAND: GET /session/d75fb2884b4d02e9e35ce6eb756d8333/screenshot - {}
COMMAND: GET /session/d75fb2884b4d02e9e35ce6eb756d8333/screenshot - {}
COMMAND: POST /session/d75fb2884b4d02e9e35ce6eb756d8333/execute/sync - {"script":"<script> [8489 bytes]","args":[{"element-6066-11e4-a52e-4f735466cecf":"f.C8DAFE98E12733F740FFA5ADB0C206D1.d.582208320AE8A364C59FF89109785B00.e.4368","ELEMENT":"f.C8DAFE98E12733F740FFA5ADB0C206D1.d.582208320AE8A364C59FF89109785B00.e.4368"}]}
COMMAND: POST /session/d75fb2884b4d02e9e35ce6eb756d8333/element - {"using":"xpath","value":"//span[contains(@id ,\"application-addressmanagement-display-component---detailAdm--addressDetailDetailsName1\")][contains(text(), \"null\")]"}
RESULT: {}
RESULT: {}
RESULT: {"script":"<script> [8489 bytes]","args":[{"element-6066-11e4-a52e-4f735466cecf":"f.C8DAFE98E12733F740FFA5ADB0C206D1.d.582208320AE8A364C59FF89109785B00.e.4368","ELEMENT":"f.C8DAFE98E12733F740FFA5ADB0C206D1.d.582208320AE8A364C59FF89109785B00.e.4368"}]}
COMMAND: POST /session/d75fb2884b4d02e9e35ce6eb756d8333/execute/sync - {"script":"<script> [5351 bytes]","args":[{"element-6066-11e4-a52e-4f735466cecf":"f.C8DAFE98E12733F740FFA5ADB0C206D1.d.582208320AE8A364C59FF89109785B00.e.4368","ELEMENT":"f.C8DAFE98E12733F740FFA5ADB0C206D1.d.582208320AE8A364C59FF89109785B00.e.4368"}]}
RESULT: {"using":"xpath","value":"//span[contains(@id ,\"application-addressmanagement-display-component---detailAdm--addressDetailDetailsName1\")][contains(text(), \"null\")]"}
COMMAND: GET /session/d75fb2884b4d02e9e35ce6eb756d8333/screenshot - {}
RESULT: {"script":"<script> [5351 bytes]","args":[{"element-6066-11e4-a52e-4f735466cecf":"f.C8DAFE98E12733F740FFA5ADB0C206D1.d.582208320AE8A364C59FF89109785B00.e.4368","ELEMENT":"f.C8DAFE98E12733F740FFA5ADB0C206D1.d.582208320AE8A364C59FF89109785B00.e.4368"}]}
COMMAND: POST /session/d75fb2884b4d02e9e35ce6eb756d8333/element/f.C8DAFE98E12733F740FFA5ADB0C206D1.d.582208320AE8A364C59FF89109785B00.e.4368/click - {}
COMMAND: GET /session/d75fb2884b4d02e9e35ce6eb756d8333/screenshot - {}
RESULT: {}
COMMAND: POST /session/d75fb2884b4d02e9e35ce6eb756d8333/element - {"using":"xpath","value":"//span[contains(@id ,\"application-addressmanagement-display-component---detailAdm--addressDetailDetailsName1\")][contains(text(), \"null\")]"}
RESULT: {}
RESULT: {}
RESULT: {"using":"xpath","value":"//span[contains(@id ,\"application-addressmanagement-display-component---detailAdm--addressDetailDetailsName1\")][contains(text(), \"null\")]"}
COMMAND: GET /session/d75fb2884b4d02e9e35ce6eb756d8333/screenshot - {}
RESULT: {}
COMMAND: POST /session/d75fb2884b4d02e9e35ce6eb756d8333/element - {"using":"xpath","value":"//span[contains(@id ,\"application-addressmanagement-display-component---detailAdm--addressDetailDetailsName1\")][contains(text(), \"null\")]"}
RESULT: {"using":"xpath","value":"//span[contains(@id ,\"application-addressmanagement-display-component---detailAdm--addressDetailDetailsName1\")][contains(text(), \"null\")]"}
COMMAND: POST /session/d75fb2884b4d02e9e35ce6eb756d8333/element - {"using":"xpath","value":"//span[contains(@id ,\"application-addressmanagement-display-component---detailAdm--addressDetailDetailsName1\")][contains(text(), \"null\")]"}
RESULT: {"using":"xpath","value":"//span[contains(@id ,\"application-addressmanagement-display-component---detailAdm--addressDetailDetailsName1\")][contains(text(), \"null\")]"}
COMMAND: POST /session/d75fb2884b4d02e9e35ce6eb756d8333/element - {"using":"xpath","value":"//span[contains(@id ,\"application-addressmanagement-display-component---detailAdm--addressDetailDetailsName1\")][contains(text(), \"null\")]"}
RESULT: {"using":"xpath","value":"//span[contains(@id ,\"application-addressmanagement-display-component---detailAdm--addressDetailDetailsName1\")][contains(text(), \"null\")]"}
COMMAND: POST /session/d75fb2884b4d02e9e35ce6eb756d8333/element - {"using":"xpath","value":"(//bdi[contains(text(), \"Deactivate\")])[1]"}
RESULT: {"using":"xpath","value":"(//bdi[contains(text(), \"Deactivate\")])[1]"}
COMMAND: POST /session/d75fb2884b4d02e9e35ce6eb756d8333/element/f.C8DAFE98E12733F740FFA5ADB0C206D1.d.582208320AE8A364C59FF89109785B00.e.4486/click - {}
COMMAND: POST /session/d75fb2884b4d02e9e35ce6eb756d8333/element - {"using":"xpath","value":"//span[contains(@id ,\"application-addressmanagement-display-component---detailAdm--addressDetailDetailsName1\")][contains(text(), \"null\")]"}
RESULT: {}
COMMAND: GET /session/d75fb2884b4d02e9e35ce6eb756d8333/screenshot - {}
RESULT: {"using":"xpath","value":"//span[contains(@id ,\"application-addressmanagement-display-component---detailAdm--addressDetailDetailsName1\")][contains(text(), \"null\")]"}
RESULT: {}
COMMAND: POST /session/d75fb2884b4d02e9e35ce6eb756d8333/element - {"using":"xpath","value":"//span[contains(@id ,\"application-addressmanagement-display-component---detailAdm--addressDetailDetailsName1\")][contains(text(), \"null\")]"}
RESULT: {"using":"xpath","value":"//span[contains(@id ,\"application-addressmanagement-display-component---detailAdm--addressDetailDetailsName1\")][contains(text(), \"null\")]"}
COMMAND: POST /session/d75fb2884b4d02e9e35ce6eb756d8333/element - {"using":"xpath","value":"//span[contains(@id ,\"application-addressmanagement-display-component---detailAdm--addressDetailDetailsName1\")][contains(text(), \"null\")]"}
RESULT: {"using":"xpath","value":"//span[contains(@id ,\"application-addressmanagement-display-component---detailAdm--addressDetailDetailsName1\")][contains(text(), \"null\")]"}
COMMAND: POST /session/d75fb2884b4d02e9e35ce6eb756d8333/element - {"using":"xpath","value":"//span[contains(@id ,\"application-addressmanagement-display-component---detailAdm--addressDetailDetailsName1\")][contains(text(), \"null\")]"}
RESULT: {"using":"xpath","value":"//span[contains(@id ,\"application-addressmanagement-display-component---detailAdm--addressDetailDetailsName1\")][contains(text(), \"null\")]"}
COMMAND: POST /session/d75fb2884b4d02e9e35ce6eb756d8333/element - {"using":"xpath","value":"(//bdi[contains(text(), \"OK\")])[1]"}
RESULT: {"using":"xpath","value":"(//bdi[contains(text(), \"OK\")])[1]"}
COMMAND: POST /session/d75fb2884b4d02e9e35ce6eb756d8333/element/f.C8DAFE98E12733F740FFA5ADB0C206D1.d.582208320AE8A364C59FF89109785B00.e.4489/click - {}
COMMAND: POST /session/d75fb2884b4d02e9e35ce6eb756d8333/element - {"using":"xpath","value":"//span[contains(@id ,\"application-addressmanagement-display-component---detailAdm--addressDetailDetailsName1\")][contains(text(), \"null\")]"}
RESULT: {}
COMMAND: GET /session/d75fb2884b4d02e9e35ce6eb756d8333/screenshot - {}
RESULT: {"using":"xpath","value":"//span[contains(@id ,\"application-addressmanagement-display-component---detailAdm--addressDetailDetailsName1\")][contains(text(), \"null\")]"}
COMMAND: POST /session/d75fb2884b4d02e9e35ce6eb756d8333/element - {"using":"xpath","value":"//span[contains(@id ,\"application-addressmanagement-display-component---detailAdm--addressDetailDetailsName1\")][contains(text(), \"null\")]"}
RESULT: {}
RESULT: {"using":"xpath","value":"//span[contains(@id ,\"application-addressmanagement-display-component---detailAdm--addressDetailDetailsName1\")][contains(text(), \"null\")]"}
COMMAND: POST /session/d75fb2884b4d02e9e35ce6eb756d8333/element - {"using":"xpath","value":"//span[contains(@id ,\"application-addressmanagement-display-component---detailAdm--addressDetailDetailsName1\")][contains(text(), \"null\")]"}
RESULT: {"using":"xpath","value":"//span[contains(@id ,\"application-addressmanagement-display-component---detailAdm--addressDetailDetailsName1\")][contains(text(), \"null\")]"}
COMMAND: POST /session/d75fb2884b4d02e9e35ce6eb756d8333/element - {"using":"xpath","value":"//input[contains(@id ,\"application-manageresources-display-component---masterRU--smartFilterBar-btnBasicSearch-I\")]"}
RESULT: {"using":"xpath","value":"//input[contains(@id ,\"application-manageresources-display-component---masterRU--smartFilterBar-btnBasicSearch-I\")]"}
COMMAND: POST /session/d75fb2884b4d02e9e35ce6eb756d8333/element/f.C8DAFE98E12733F740FFA5ADB0C206D1.d.582208320AE8A364C59FF89109785B00.e.4234/value - {"text":"WdIORUGroupxgau9"}
RESULT: {"text":"WdIORUGroupxgau9"}
COMMAND: GET /session/d75fb2884b4d02e9e35ce6eb756d8333/screenshot - {}
RESULT: {}
COMMAND: POST /session/d75fb2884b4d02e9e35ce6eb756d8333/actions - {"actions":[{"id":"action13","type":"key","parameters":{},"actions":[{"type":"keyDown","value":"î€‡"},{"type":"pause","duration":10},{"type":"keyUp","value":"î€‡"}]}]}
RESULT: {"actions":[{"id":"action13","type":"key","parameters":{},"actions":[{"type":"keyDown","value":"î€‡"},{"type":"pause","duration":10},{"type":"keyUp","value":"î€‡"}]}]}
COMMAND: GET /session/d75fb2884b4d02e9e35ce6eb756d8333/screenshot - {}
RESULT: {}
COMMAND: POST /session/d75fb2884b4d02e9e35ce6eb756d8333/element - {"using":"xpath","value":"//span[contains(text(), \"WdIORUGroupxgau9\")][contains(@class ,\"sapMText sapUiSelectable sapMTextBreakWord sapMTextMaxWidth\")]"}
RESULT: {"using":"xpath","value":"//span[contains(text(), \"WdIORUGroupxgau9\")][contains(@class ,\"sapMText sapUiSelectable sapMTextBreakWord sapMTextMaxWidth\")]"}
COMMAND: POST /session/d75fb2884b4d02e9e35ce6eb756d8333/element/f.C8DAFE98E12733F740FFA5ADB0C206D1.d.582208320AE8A364C59FF89109785B00.e.4763/click - {}
RESULT: {}
COMMAND: GET /session/d75fb2884b4d02e9e35ce6eb756d8333/screenshot - {}
RESULT: {}
COMMAND: POST /session/d75fb2884b4d02e9e35ce6eb756d8333/element - {"using":"xpath","value":"//bdi[contains(@id ,\"application-manageresources-display-component---detailRU--openRelatedRus-BDI-content\")]"}
RESULT: {"using":"xpath","value":"//bdi[contains(@id ,\"application-manageresources-display-component---detailRU--openRelatedRus-BDI-content\")]"}
COMMAND: POST /session/d75fb2884b4d02e9e35ce6eb756d8333/execute/sync - {"script":"<script> [8489 bytes]","args":[{"element-6066-11e4-a52e-4f735466cecf":"f.C8DAFE98E12733F740FFA5ADB0C206D1.d.582208320AE8A364C59FF89109785B00.e.4812","ELEMENT":"f.C8DAFE98E12733F740FFA5ADB0C206D1.d.582208320AE8A364C59FF89109785B00.e.4812"}]}
RESULT: {"script":"<script> [8489 bytes]","args":[{"element-6066-11e4-a52e-4f735466cecf":"f.C8DAFE98E12733F740FFA5ADB0C206D1.d.582208320AE8A364C59FF89109785B00.e.4812","ELEMENT":"f.C8DAFE98E12733F740FFA5ADB0C206D1.d.582208320AE8A364C59FF89109785B00.e.4812"}]}
COMMAND: POST /session/d75fb2884b4d02e9e35ce6eb756d8333/execute/sync - {"script":"<script> [5351 bytes]","args":[{"element-6066-11e4-a52e-4f735466cecf":"f.C8DAFE98E12733F740FFA5ADB0C206D1.d.582208320AE8A364C59FF89109785B00.e.4812","ELEMENT":"f.C8DAFE98E12733F740FFA5ADB0C206D1.d.582208320AE8A364C59FF89109785B00.e.4812"}]}
COMMAND: GET /session/d75fb2884b4d02e9e35ce6eb756d8333/screenshot - {}
RESULT: {"script":"<script> [5351 bytes]","args":[{"element-6066-11e4-a52e-4f735466cecf":"f.C8DAFE98E12733F740FFA5ADB0C206D1.d.582208320AE8A364C59FF89109785B00.e.4812","ELEMENT":"f.C8DAFE98E12733F740FFA5ADB0C206D1.d.582208320AE8A364C59FF89109785B00.e.4812"}]}
COMMAND: POST /session/d75fb2884b4d02e9e35ce6eb756d8333/element/f.C8DAFE98E12733F740FFA5ADB0C206D1.d.582208320AE8A364C59FF89109785B00.e.4812/click - {}
COMMAND: GET /session/d75fb2884b4d02e9e35ce6eb756d8333/screenshot - {}
RESULT: {}
RESULT: {}
COMMAND: GET /session/d75fb2884b4d02e9e35ce6eb756d8333/screenshot - {}
RESULT: {}
RESULT: {}
RESULT: undefined
COMMAND: POST /session/d75fb2884b4d02e9e35ce6eb756d8333/execute/async - {"script":"<script> [6424 bytes]","args":[{"element-6066-11e4-a52e-4f735466cecf":"f.C8DAFE98E12733F740FFA5ADB0C206D1.d.582208320AE8A364C59FF89109785B00.e.2144"},"getText",[]]}
COMMAND: POST /session/d75fb2884b4d02e9e35ce6eb756d8333/execute/async - {"script":"<script> [1562 bytes]","args":[{"selector":{"id":"RelatedRUsFragmentID--smartTableRUs-header","searchOpenDialogs":true},"wdio_ui5_key":"RelatedRUsFragmentIDsmartTableRUs-header"}]}
RESULT: {"script":"<script> [1562 bytes]","args":[{"selector":{"id":"RelatedRUsFragmentID--smartTableRUs-header","searchOpenDialogs":true},"wdio_ui5_key":"RelatedRUsFragmentIDsmartTableRUs-header"}]}
COMMAND: POST /session/d75fb2884b4d02e9e35ce6eb756d8333/execute/async - {"script":"<script> [6424 bytes]","args":[{"element-6066-11e4-a52e-4f735466cecf":"f.C8DAFE98E12733F740FFA5ADB0C206D1.d.582208320AE8A364C59FF89109785B00.e.4818"},"getText",[]]}
RESULT: {"script":"<script> [6424 bytes]","args":[{"element-6066-11e4-a52e-4f735466cecf":"f.C8DAFE98E12733F740FFA5ADB0C206D1.d.582208320AE8A364C59FF89109785B00.e.4818"},"getText",[]]}
COMMAND: POST /session/d75fb2884b4d02e9e35ce6eb756d8333/element - {"using":"xpath","value":"//span[contains(text(), \"WdIORUEquip1d9dc5\")]"}
RESULT: {"using":"xpath","value":"//span[contains(text(), \"WdIORUEquip1d9dc5\")]"}
COMMAND: POST /session/d75fb2884b4d02e9e35ce6eb756d8333/element - {"using":"xpath","value":"//span[contains(text(), \"WdIORUEquip1d9dc5\")]"}
RESULT: {"using":"xpath","value":"//span[contains(text(), \"WdIORUEquip1d9dc5\")]"}
COMMAND: DELETE /session/d75fb2884b4d02e9e35ce6eb756d8333 - {}
RESULT: {}
]]></system-out>
    </testcase>
  </testsuite>
</testsuites>