<?xml version="1.0" encoding="UTF-8"?>
<testsuites tests="23" failures="14" errors="14" skipped="0">
  <testsuite timestamp="2025-04-25T17:48:48" time="856.98" tests="6" failures="5" errors="5" skipped="0">
    <properties>
      <property name="specId" value="0" />
      <property name="suiteName" value="Standard contract - add contract items by Insert Request US118222" />
      <property name="capabilities" value="chrome.135_0_7049_96.windows" />
      <property name="file" value="file:///D:/a/1/s/test/specs/R2C/standard-contract-add-contract-items-by-insert-request.spec.js" />
    </properties>
    <testcase classname="chrome.135_0_7049_96.windows.Standard_contract_-_add_contract_items_by_Insert_Request_US118222" name="Should create prerequisites yard partner site material and equipment" time="339.975">
      <system-out><![CDATA[
COMMAND: POST /session/1fb9db11838ffc8960fc9c9ba3f7ba06/execute/async - {"script":"<script> [1562 bytes]","args":[{"selector":{"controlType":"sap.m.GenericTile","properties":{"header":"Manage Yards"}},"wdio_ui5_key":"sapm.GenericTile{\"header\":\"Manage Yards\"}"}]}
RESULT: {"script":"<script> [1562 bytes]","args":[{"selector":{"controlType":"sap.m.GenericTile","properties":{"header":"Manage Yards"}},"wdio_ui5_key":"sapm.GenericTile{\"header\":\"Manage Yards\"}"}]}
RESULT: undefined
COMMAND: POST /session/1fb9db11838ffc8960fc9c9ba3f7ba06/element - {"using":"xpath","value":"//*[@id=\"__tile41\"]"}
RESULT: {"using":"xpath","value":"//*[@id=\"__tile41\"]"}
COMMAND: POST /session/1fb9db11838ffc8960fc9c9ba3f7ba06/element/f.03C4E35034780EC6FC2906822C03C136.d.951B7431E0B87CB7EB7A12055CFB42E8.e.114/click - {}
RESULT: {}
COMMAND: GET /session/1fb9db11838ffc8960fc9c9ba3f7ba06/screenshot - {}
RESULT: {}
COMMAND: POST /session/1fb9db11838ffc8960fc9c9ba3f7ba06/execute/async - {"script":"<script> [1562 bytes]","args":[{"selector":{"controlType":"sap.ui.core.Icon","viewName":"etm.portal.ui.manageyards.view.Master","viewId":"application-manageyards-display-component---masterYard","properties":{"src":{"regex":{"source":"add"}}}},"wdio_ui5_key":"etmportal.ui.manageyards.view.Mastersap.ui.core.Icon{\"src\":{\"regex\":{\"source\":\"add\"}}}"}]}
RESULT: {"script":"<script> [1562 bytes]","args":[{"selector":{"controlType":"sap.ui.core.Icon","viewName":"etm.portal.ui.manageyards.view.Master","viewId":"application-manageyards-display-component---masterYard","properties":{"src":{"regex":{"source":"add"}}}},"wdio_ui5_key":"etmportal.ui.manageyards.view.Mastersap.ui.core.Icon{\"src\":{\"regex\":{\"source\":\"add\"}}}"}]}
RESULT: undefined
COMMAND: POST /session/1fb9db11838ffc8960fc9c9ba3f7ba06/element - {"using":"xpath","value":"//*[@id=\"__button4-img\"]"}
RESULT: {"using":"xpath","value":"//*[@id=\"__button4-img\"]"}
COMMAND: POST /session/1fb9db11838ffc8960fc9c9ba3f7ba06/element/f.03C4E35034780EC6FC2906822C03C136.d.951B7431E0B87CB7EB7A12055CFB42E8.e.161/click - {}
RESULT: {}
COMMAND: GET /session/1fb9db11838ffc8960fc9c9ba3f7ba06/screenshot - {}
RESULT: {}
COMMAND: POST /session/1fb9db11838ffc8960fc9c9ba3f7ba06/execute/async - {"script":"<script> [1562 bytes]","args":[{"selector":{"id":"application-manageyards-display-component---NewYard--yardId","interaction":{"idSuffix":"inner"}},"wdio_ui5_key":"applicationmanageyards-display-component---NewYard--yardId"}]}
RESULT: {"script":"<script> [1562 bytes]","args":[{"selector":{"id":"application-manageyards-display-component---NewYard--yardId","interaction":{"idSuffix":"inner"}},"wdio_ui5_key":"applicationmanageyards-display-component---NewYard--yardId"}]}
RESULT: undefined
COMMAND: POST /session/1fb9db11838ffc8960fc9c9ba3f7ba06/element - {"using":"xpath","value":"//*[@id=\"application-manageyards-display-component---NewYard--addressDetailDetailsName1-inner\"]"}
RESULT: {"using":"xpath","value":"//*[@id=\"application-manageyards-display-component---NewYard--addressDetailDetailsName1-inner\"]"}
COMMAND: POST /session/1fb9db11838ffc8960fc9c9ba3f7ba06/element/f.03C4E35034780EC6FC2906822C03C136.d.951B7431E0B87CB7EB7A12055CFB42E8.e.398/clear - {}
RESULT: {}
COMMAND: POST /session/1fb9db11838ffc8960fc9c9ba3f7ba06/element/f.03C4E35034780EC6FC2906822C03C136.d.951B7431E0B87CB7EB7A12055CFB42E8.e.398/value - {"text":"WebdriverYardjv75s"}
COMMAND: GET /session/1fb9db11838ffc8960fc9c9ba3f7ba06/screenshot - {}
RESULT: {"text":"WebdriverYardjv75s"}
COMMAND: POST /session/1fb9db11838ffc8960fc9c9ba3f7ba06/element - {"using":"xpath","value":"//*[@id=\"application-manageyards-display-component---NewYard--addressDetailDetailsLanguage-inner\"]"}
COMMAND: GET /session/1fb9db11838ffc8960fc9c9ba3f7ba06/screenshot - {}
RESULT: {}
RESULT: {"using":"xpath","value":"//*[@id=\"application-manageyards-display-component---NewYard--addressDetailDetailsLanguage-inner\"]"}
COMMAND: POST /session/1fb9db11838ffc8960fc9c9ba3f7ba06/element/f.03C4E35034780EC6FC2906822C03C136.d.951B7431E0B87CB7EB7A12055CFB42E8.e.399/clear - {}
RESULT: {}
RESULT: {}
COMMAND: POST /session/1fb9db11838ffc8960fc9c9ba3f7ba06/element/f.03C4E35034780EC6FC2906822C03C136.d.951B7431E0B87CB7EB7A12055CFB42E8.e.399/value - {"text":"Romanian"}
COMMAND: GET /session/1fb9db11838ffc8960fc9c9ba3f7ba06/screenshot - {}
RESULT: {"text":"Romanian"}
COMMAND: POST /session/1fb9db11838ffc8960fc9c9ba3f7ba06/element - {"using":"xpath","value":"//input[contains(@id ,\"application-manageyards-display-component---NewYard--addressDetailDetailsName1-inner\")]"}
COMMAND: GET /session/1fb9db11838ffc8960fc9c9ba3f7ba06/screenshot - {}
RESULT: {}
RESULT: {"using":"xpath","value":"//input[contains(@id ,\"application-manageyards-display-component---NewYard--addressDetailDetailsName1-inner\")]"}
COMMAND: GET /session/1fb9db11838ffc8960fc9c9ba3f7ba06/element/f.03C4E35034780EC6FC2906822C03C136.d.951B7431E0B87CB7EB7A12055CFB42E8.e.398/property/value - {}
RESULT: {}
RESULT: {}
COMMAND: GET /session/1fb9db11838ffc8960fc9c9ba3f7ba06/screenshot - {}
RESULT: {}
COMMAND: POST /session/1fb9db11838ffc8960fc9c9ba3f7ba06/element - {"using":"xpath","value":"//*[@id=\"application-manageyards-display-component---NewYard--addressDetailDetailsCity1-inner\"]"}
RESULT: {"using":"xpath","value":"//*[@id=\"application-manageyards-display-component---NewYard--addressDetailDetailsCity1-inner\"]"}
COMMAND: POST /session/1fb9db11838ffc8960fc9c9ba3f7ba06/element/f.03C4E35034780EC6FC2906822C03C136.d.951B7431E0B87CB7EB7A12055CFB42E8.e.401/clear - {}
RESULT: {}
COMMAND: POST /session/1fb9db11838ffc8960fc9c9ba3f7ba06/element/f.03C4E35034780EC6FC2906822C03C136.d.951B7431E0B87CB7EB7A12055CFB42E8.e.401/value - {"text":"Bucuresti"}
COMMAND: GET /session/1fb9db11838ffc8960fc9c9ba3f7ba06/screenshot - {}
RESULT: {"text":"Bucuresti"}
COMMAND: GET /session/1fb9db11838ffc8960fc9c9ba3f7ba06/screenshot - {}
RESULT: {}
RESULT: {}
COMMAND: POST /session/1fb9db11838ffc8960fc9c9ba3f7ba06/element - {"using":"xpath","value":"//*[@id=\"application-manageyards-display-component---NewYard--addressDetailDetailsCountry-inner\"]"}
RESULT: {"using":"xpath","value":"//*[@id=\"application-manageyards-display-component---NewYard--addressDetailDetailsCountry-inner\"]"}
COMMAND: POST /session/1fb9db11838ffc8960fc9c9ba3f7ba06/element/f.03C4E35034780EC6FC2906822C03C136.d.951B7431E0B87CB7EB7A12055CFB42E8.e.405/clear - {}
RESULT: {}
COMMAND: POST /session/1fb9db11838ffc8960fc9c9ba3f7ba06/element/f.03C4E35034780EC6FC2906822C03C136.d.951B7431E0B87CB7EB7A12055CFB42E8.e.405/value - {"text":"Romania"}
COMMAND: GET /session/1fb9db11838ffc8960fc9c9ba3f7ba06/screenshot - {}
RESULT: {"text":"Romania"}
COMMAND: GET /session/1fb9db11838ffc8960fc9c9ba3f7ba06/screenshot - {}
RESULT: {}
RESULT: {}
COMMAND: POST /session/1fb9db11838ffc8960fc9c9ba3f7ba06/element - {"using":"xpath","value":"//div[contains(text(), \"Commercial\")]"}
RESULT: {"using":"xpath","value":"//div[contains(text(), \"Commercial\")]"}
COMMAND: GET /session/1fb9db11838ffc8960fc9c9ba3f7ba06/element/f.03C4E35034780EC6FC2906822C03C136.d.951B7431E0B87CB7EB7A12055CFB42E8.e.575/rect - {}
RESULT: {}
COMMAND: GET /session/1fb9db11838ffc8960fc9c9ba3f7ba06/window/rect - {}
RESULT: {}
COMMAND: POST /session/1fb9db11838ffc8960fc9c9ba3f7ba06/execute/sync - {"script":"<script> [92 bytes]","args":[]}
RESULT: {"script":"<script> [92 bytes]","args":[]}
COMMAND: POST /session/1fb9db11838ffc8960fc9c9ba3f7ba06/actions - {"actions":[{"id":"action1","type":"wheel","parameters":{},"actions":[{"type":"scroll","x":-1841,"y":-44,"deltaX":0,"deltaY":0,"duration":0,"origin":{"element-6066-11e4-a52e-4f735466cecf":"f.03C4E35034780EC6FC2906822C03C136.d.951B7431E0B87CB7EB7A12055CFB42E8.e.575"}}]}]}
COMMAND: GET /session/1fb9db11838ffc8960fc9c9ba3f7ba06/screenshot - {}
RESULT: {}
COMMAND: POST /session/1fb9db11838ffc8960fc9c9ba3f7ba06/execute/sync - {"script":"<script> [79 bytes]","args":[{"element-6066-11e4-a52e-4f735466cecf":"f.03C4E35034780EC6FC2906822C03C136.d.951B7431E0B87CB7EB7A12055CFB42E8.e.575","ELEMENT":"f.03C4E35034780EC6FC2906822C03C136.d.951B7431E0B87CB7EB7A12055CFB42E8.e.575"},{"block":"start","inline":"nearest"}]}
RESULT: {"script":"<script> [79 bytes]","args":[{"element-6066-11e4-a52e-4f735466cecf":"f.03C4E35034780EC6FC2906822C03C136.d.951B7431E0B87CB7EB7A12055CFB42E8.e.575","ELEMENT":"f.03C4E35034780EC6FC2906822C03C136.d.951B7431E0B87CB7EB7A12055CFB42E8.e.575"},{"block":"start","inline":"nearest"}]}
COMMAND: GET /session/1fb9db11838ffc8960fc9c9ba3f7ba06/screenshot - {}
RESULT: {}
COMMAND: POST /session/1fb9db11838ffc8960fc9c9ba3f7ba06/execute/async - {"script":"<script> [1562 bytes]","args":[{"selector":{"id":"application-manageyards-display-component---NewYard--addressEditDetailsCostObjectCstType-arrow"},"wdio_ui5_key":"applicationmanageyards-display-component---NewYard--addressEditDetailsCostObjectCstType-arrow"}]}
RESULT: {"script":"<script> [1562 bytes]","args":[{"selector":{"id":"application-manageyards-display-component---NewYard--addressEditDetailsCostObjectCstType-arrow"},"wdio_ui5_key":"applicationmanageyards-display-component---NewYard--addressEditDetailsCostObjectCstType-arrow"}]}
RESULT: undefined
COMMAND: POST /session/1fb9db11838ffc8960fc9c9ba3f7ba06/element - {"using":"xpath","value":"//*[@id=\"application-manageyards-display-component---NewYard--addressEditDetailsCostObjectCstType-arrow\"]"}
RESULT: {"using":"xpath","value":"//*[@id=\"application-manageyards-display-component---NewYard--addressEditDetailsCostObjectCstType-arrow\"]"}
COMMAND: POST /session/1fb9db11838ffc8960fc9c9ba3f7ba06/element/f.03C4E35034780EC6FC2906822C03C136.d.951B7431E0B87CB7EB7A12055CFB42E8.e.584/click - {}
RESULT: {}
COMMAND: POST /session/1fb9db11838ffc8960fc9c9ba3f7ba06/element - {"using":"xpath","value":"//span[contains(text(), \"Cost Center\")]"}
COMMAND: GET /session/1fb9db11838ffc8960fc9c9ba3f7ba06/screenshot - {}
RESULT: {"using":"xpath","value":"//span[contains(text(), \"Cost Center\")]"}
COMMAND: POST /session/1fb9db11838ffc8960fc9c9ba3f7ba06/element/f.03C4E35034780EC6FC2906822C03C136.d.951B7431E0B87CB7EB7A12055CFB42E8.e.585/click - {}
RESULT: {}
RESULT: {}
COMMAND: GET /session/1fb9db11838ffc8960fc9c9ba3f7ba06/screenshot - {}
RESULT: {}
COMMAND: POST /session/1fb9db11838ffc8960fc9c9ba3f7ba06/execute/async - {"script":"<script> [1562 bytes]","args":[{"selector":{"id":"application-manageyards-display-component---NewYard--addressNewCostObjectCstID-vhi"},"wdio_ui5_key":"applicationmanageyards-display-component---NewYard--addressNewCostObjectCstID-vhi"}]}
RESULT: {"script":"<script> [1562 bytes]","args":[{"selector":{"id":"application-manageyards-display-component---NewYard--addressNewCostObjectCstID-vhi"},"wdio_ui5_key":"applicationmanageyards-display-component---NewYard--addressNewCostObjectCstID-vhi"}]}
RESULT: undefined
COMMAND: POST /session/1fb9db11838ffc8960fc9c9ba3f7ba06/element - {"using":"xpath","value":"//*[@id=\"application-manageyards-display-component---NewYard--addressNewCostObjectCstID-vhi\"]"}
RESULT: {"using":"xpath","value":"//*[@id=\"application-manageyards-display-component---NewYard--addressNewCostObjectCstID-vhi\"]"}
COMMAND: POST /session/1fb9db11838ffc8960fc9c9ba3f7ba06/element/f.03C4E35034780EC6FC2906822C03C136.d.951B7431E0B87CB7EB7A12055CFB42E8.e.589/click - {}
RESULT: {}
COMMAND: GET /session/1fb9db11838ffc8960fc9c9ba3f7ba06/screenshot - {}
RESULT: {}
COMMAND: POST /session/1fb9db11838ffc8960fc9c9ba3f7ba06/execute/async - {"script":"<script> [1562 bytes]","args":[{"selector":{"controlType":"sap.m.SearchField","properties":{"placeholder":"Search"},"searchOpenDialogs":true,"interaction":{"idSuffix":"I"}},"wdio_ui5_key":"sapm.SearchField{\"placeholder\":\"Search\"}"}]}
RESULT: {"script":"<script> [1562 bytes]","args":[{"selector":{"controlType":"sap.m.SearchField","properties":{"placeholder":"Search"},"searchOpenDialogs":true,"interaction":{"idSuffix":"I"}},"wdio_ui5_key":"sapm.SearchField{\"placeholder\":\"Search\"}"}]}
RESULT: undefined
COMMAND: POST /session/1fb9db11838ffc8960fc9c9ba3f7ba06/execute/async - {"script":"<script> [776 bytes]","args":[{"enterText":"10001013","selector":{"controlType":"sap.m.SearchField","properties":{"placeholder":"Search"},"searchOpenDialogs":true,"interaction":{"idSuffix":"I"}},"clearTextFirst":true,"interactionType":"ENTER_TEXT"}]}
RESULT: {"script":"<script> [776 bytes]","args":[{"enterText":"10001013","selector":{"controlType":"sap.m.SearchField","properties":{"placeholder":"Search"},"searchOpenDialogs":true,"interaction":{"idSuffix":"I"}},"clearTextFirst":true,"interactionType":"ENTER_TEXT"}]}
COMMAND: POST /session/1fb9db11838ffc8960fc9c9ba3f7ba06/actions - {"actions":[{"id":"action2","type":"key","parameters":{},"actions":[{"type":"keyDown","value":"î€‡"},{"type":"pause","duration":10},{"type":"keyUp","value":"î€‡"}]}]}
RESULT: {"actions":[{"id":"action2","type":"key","parameters":{},"actions":[{"type":"keyDown","value":"î€‡"},{"type":"pause","duration":10},{"type":"keyUp","value":"î€‡"}]}]}
COMMAND: GET /session/1fb9db11838ffc8960fc9c9ba3f7ba06/screenshot - {}
RESULT: {}
COMMAND: POST /session/1fb9db11838ffc8960fc9c9ba3f7ba06/element - {"using":"xpath","value":"//span[contains(text(), \"General Management\")]"}
RESULT: {"using":"xpath","value":"//span[contains(text(), \"General Management\")]"}
COMMAND: POST /session/1fb9db11838ffc8960fc9c9ba3f7ba06/element/f.03C4E35034780EC6FC2906822C03C136.d.951B7431E0B87CB7EB7A12055CFB42E8.e.630/click - {}
RESULT: {}
COMMAND: GET /session/1fb9db11838ffc8960fc9c9ba3f7ba06/screenshot - {}
RESULT: {}
COMMAND: POST /session/1fb9db11838ffc8960fc9c9ba3f7ba06/element - {"using":"xpath","value":"//bdi[contains(text(), \"OK\")]"}
RESULT: {"using":"xpath","value":"//bdi[contains(text(), \"OK\")]"}
COMMAND: POST /session/1fb9db11838ffc8960fc9c9ba3f7ba06/element/f.03C4E35034780EC6FC2906822C03C136.d.951B7431E0B87CB7EB7A12055CFB42E8.e.631/click - {}
RESULT: {}
COMMAND: GET /session/1fb9db11838ffc8960fc9c9ba3f7ba06/screenshot - {}
RESULT: {}
COMMAND: POST /session/1fb9db11838ffc8960fc9c9ba3f7ba06/execute/async - {"script":"<script> [1562 bytes]","args":[{"selector":{"controlType":"sap.m.Button","viewName":"etm.portal.ui.manageyards.view.New","viewId":"application-manageyards-display-component---NewYard","i18NText":{"propertyName":"text","key":"save"},"interaction":{"idSuffix":"inner"}},"wdio_ui5_key":"etmportal.ui.manageyards.view.Newsap.m.Button{\"propertyName\":\"text\",\"key\":\"save\"}"}]}
RESULT: {"script":"<script> [1562 bytes]","args":[{"selector":{"controlType":"sap.m.Button","viewName":"etm.portal.ui.manageyards.view.New","viewId":"application-manageyards-display-component---NewYard","i18NText":{"propertyName":"text","key":"save"},"interaction":{"idSuffix":"inner"}},"wdio_ui5_key":"etmportal.ui.manageyards.view.Newsap.m.Button{\"propertyName\":\"text\",\"key\":\"save\"}"}]}
RESULT: undefined
COMMAND: POST /session/1fb9db11838ffc8960fc9c9ba3f7ba06/element - {"using":"xpath","value":"//*[@id=\"__button18\"]"}
RESULT: {"using":"xpath","value":"//*[@id=\"__button18\"]"}
COMMAND: POST /session/1fb9db11838ffc8960fc9c9ba3f7ba06/element/f.03C4E35034780EC6FC2906822C03C136.d.951B7431E0B87CB7EB7A12055CFB42E8.e.556/click - {}
RESULT: {}
COMMAND: GET /session/1fb9db11838ffc8960fc9c9ba3f7ba06/screenshot - {}
RESULT: {}
COMMAND: POST /session/1fb9db11838ffc8960fc9c9ba3f7ba06/element - {"using":"xpath","value":"//header/div/div[2]/div[2]/span"}
RESULT: {"using":"xpath","value":"//header/div/div[2]/div[2]/span"}
COMMAND: GET /session/1fb9db11838ffc8960fc9c9ba3f7ba06/element/f.03C4E35034780EC6FC2906822C03C136.d.951B7431E0B87CB7EB7A12055CFB42E8.e.828/text - {}
RESULT: {}
COMMAND: POST /session/1fb9db11838ffc8960fc9c9ba3f7ba06/execute/async - {"script":"<script> [1562 bytes]","args":[{"selector":{"controlType":"sap.m.OverflowToolbarButton","viewName":"etm.portal.ui.manageyards.view.Detail","viewId":"application-manageyards-display-component---detailYard","i18NText":{"propertyName":"tooltip","key":"closeColumn"},"interaction":{"idSuffix":"inner"}},"wdio_ui5_key":"etmportal.ui.manageyards.view.Detailsap.m.OverflowToolbarButton{\"propertyName\":\"tooltip\",\"key\":\"closeColumn\"}"}]}
RESULT: {"script":"<script> [1562 bytes]","args":[{"selector":{"controlType":"sap.m.OverflowToolbarButton","viewName":"etm.portal.ui.manageyards.view.Detail","viewId":"application-manageyards-display-component---detailYard","i18NText":{"propertyName":"tooltip","key":"closeColumn"},"interaction":{"idSuffix":"inner"}},"wdio_ui5_key":"etmportal.ui.manageyards.view.Detailsap.m.OverflowToolbarButton{\"propertyName\":\"tooltip\",\"key\":\"closeColumn\"}"}]}
RESULT: undefined
COMMAND: POST /session/1fb9db11838ffc8960fc9c9ba3f7ba06/element - {"using":"xpath","value":"//*[@id=\"__button42\"]"}
RESULT: {"using":"xpath","value":"//*[@id=\"__button42\"]"}
COMMAND: POST /session/1fb9db11838ffc8960fc9c9ba3f7ba06/element/f.03C4E35034780EC6FC2906822C03C136.d.951B7431E0B87CB7EB7A12055CFB42E8.e.830/click - {}
RESULT: {}
COMMAND: GET /session/1fb9db11838ffc8960fc9c9ba3f7ba06/screenshot - {}
RESULT: {}
COMMAND: POST /session/1fb9db11838ffc8960fc9c9ba3f7ba06/element - {"using":"css selector","value":"#shell-header-logo"}
RESULT: {"using":"css selector","value":"#shell-header-logo"}
COMMAND: POST /session/1fb9db11838ffc8960fc9c9ba3f7ba06/element/f.03C4E35034780EC6FC2906822C03C136.d.951B7431E0B87CB7EB7A12055CFB42E8.e.116/click - {}
RESULT: {}
COMMAND: GET /session/1fb9db11838ffc8960fc9c9ba3f7ba06/screenshot - {}
RESULT: {}
COMMAND: POST /session/1fb9db11838ffc8960fc9c9ba3f7ba06/refresh - {}
RESULT: {}
COMMAND: GET /session/1fb9db11838ffc8960fc9c9ba3f7ba06/screenshot - {}
RESULT: {}
COMMAND: POST /session/1fb9db11838ffc8960fc9c9ba3f7ba06/execute/async - {"script":"<script> [189 bytes]","args":[]}
RESULT: {"script":"<script> [189 bytes]","args":[]}
COMMAND: POST /session/1fb9db11838ffc8960fc9c9ba3f7ba06/execute/async - {"script":"<script> [123 bytes]","args":[]}
RESULT: {"script":"<script> [123 bytes]","args":[]}
COMMAND: POST /session/1fb9db11838ffc8960fc9c9ba3f7ba06/timeouts - {"script":"<number>"}
RESULT: {"script":"<number>"}
COMMAND: GET /session/1fb9db11838ffc8960fc9c9ba3f7ba06/timeouts - {}
RESULT: {}
RESULT: undefined
COMMAND: POST /session/1fb9db11838ffc8960fc9c9ba3f7ba06/execute/async - {"script":"<script> [2676 bytes]","args":[]}
RESULT: {"script":"<script> [2676 bytes]","args":[]}
COMMAND: POST /session/1fb9db11838ffc8960fc9c9ba3f7ba06/execute/async - {"script":"<script> [2342 bytes]","args":[{"protocol":"http","hostname":"0.0.0.0","path":"/","capabilities":{"browserName":"chrome","goog:chromeOptions":{"binary":"C:\\Program Files\\Google\\Chrome\\Application\\chrome.exe","args":["--start-maximized"]}},"logLevel":"warn","connectionRetryTimeout":120000,"connectionRetryCount":3,"logLevels":{},"enableDirectConnect":true,"strictSSL":true,"_":"65 more keys: [\"cacheDir\",\"port\",\"requestedCapabilities\",\"automationProtocol\",\"baseUrl\",\"waitforInterval\",\"waitforTimeout\",\"onReload\",\"beforeCommand\",\"afterCommand\",\"rootDir\",\"specs\",\"suites\",\"exclude\",\"groupLogsByTestSpec\",\"excludeDriverLogs\",\"bail\",\"framework\",\"reporters\",\"services\",\"maxInstances\",\"maxInstancesPerCapability\",\"injectGlobals\",\"filesToWatch\",\"execArgv\",\"runnerEnv\",\"runner\",\"shard\",\"specFileRetries\",\"specFileRetriesDelay\",\"specFileRetriesDeferred\",\"reporterSyncInterval\",\"reporterSyncTimeout\",\"cucumberFeaturesWithLineNumbers\",\"autoCompileOpts\",\"mochaOpts\",\"jasmineOpts\",\"cucumberOpts\",\"onPrepare\",\"onWorkerStart\",\"onWorkerEnd\",\"before\",\"beforeSession\",\"beforeSuite\",\"beforeHook\",\"beforeTest\",\"afterTest\",\"afterHook\",\"afterSuite\",\"afterSession\",\"after\",\"onComplete\",\"beforeAssertion\",\"afterAssertion\",\"beforeFeature\",\"beforeScenario\",\"beforeStep\",\"afterStep\",\"afterScenario\",\"afterFeature\",\"_\",\"suite\",\"$0\",\"ignoredWorkerServices\",\"wdi5\"]"}]}
RESULT: {"script":"<script> [2342 bytes]","args":[{"protocol":"http","hostname":"0.0.0.0","path":"/","capabilities":{"browserName":"chrome","goog:chromeOptions":{"binary":"C:\\Program Files\\Google\\Chrome\\Application\\chrome.exe","args":["--start-maximized"]}},"logLevel":"warn","connectionRetryTimeout":120000,"connectionRetryCount":3,"logLevels":{},"enableDirectConnect":true,"strictSSL":true,"_":"65 more keys: [\"cacheDir\",\"port\",\"requestedCapabilities\",\"automationProtocol\",\"baseUrl\",\"waitforInterval\",\"waitforTimeout\",\"onReload\",\"beforeCommand\",\"afterCommand\",\"rootDir\",\"specs\",\"suites\",\"exclude\",\"groupLogsByTestSpec\",\"excludeDriverLogs\",\"bail\",\"framework\",\"reporters\",\"services\",\"maxInstances\",\"maxInstancesPerCapability\",\"injectGlobals\",\"filesToWatch\",\"execArgv\",\"runnerEnv\",\"runner\",\"shard\",\"specFileRetries\",\"specFileRetriesDelay\",\"specFileRetriesDeferred\",\"reporterSyncInterval\",\"reporterSyncTimeout\",\"cucumberFeaturesWithLineNumbers\",\"autoCompileOpts\",\"mochaOpts\",\"jasmineOpts\",\"cucumberOpts\",\"onPrepare\",\"onWorkerStart\",\"onWorkerEnd\",\"before\",\"beforeSession\",\"beforeSuite\",\"beforeHook\",\"beforeTest\",\"afterTest\",\"afterHook\",\"afterSuite\",\"afterSession\",\"after\",\"onComplete\",\"beforeAssertion\",\"afterAssertion\",\"beforeFeature\",\"beforeScenario\",\"beforeStep\",\"afterStep\",\"afterScenario\",\"afterFeature\",\"_\",\"suite\",\"$0\",\"ignoredWorkerServices\",\"wdi5\"]"}]}
COMMAND: POST /session/1fb9db11838ffc8960fc9c9ba3f7ba06/execute/async - {"script":"<script> [21126 bytes]","args":[35000]}
RESULT: {"script":"<script> [21126 bytes]","args":[35000]}
COMMAND: POST /session/1fb9db11838ffc8960fc9c9ba3f7ba06/execute/async - {"script":"<script> [1562 bytes]","args":[{"selector":{"controlType":"sap.m.GenericTile","properties":{"header":"Manage Partners"}},"wdio_ui5_key":"sapm.GenericTile{\"header\":\"Manage Partners\"}"}]}
RESULT: {"script":"<script> [1562 bytes]","args":[{"selector":{"controlType":"sap.m.GenericTile","properties":{"header":"Manage Partners"}},"wdio_ui5_key":"sapm.GenericTile{\"header\":\"Manage Partners\"}"}]}
RESULT: undefined
COMMAND: POST /session/1fb9db11838ffc8960fc9c9ba3f7ba06/element - {"using":"xpath","value":"//*[@id=\"__tile38\"]"}
RESULT: {"using":"xpath","value":"//*[@id=\"__tile38\"]"}
COMMAND: POST /session/1fb9db11838ffc8960fc9c9ba3f7ba06/element/f.03C4E35034780EC6FC2906822C03C136.d.EFA84ECF87E8977E919B8FDC6734090F.e.1188/click - {}
RESULT: {}
COMMAND: GET /session/1fb9db11838ffc8960fc9c9ba3f7ba06/screenshot - {}
RESULT: {}
COMMAND: POST /session/1fb9db11838ffc8960fc9c9ba3f7ba06/execute/async - {"script":"<script> [1562 bytes]","args":[{"selector":{"controlType":"sap.ui.core.Icon","viewName":"etm.portal.ui.managepartners.view.Master","viewId":"application-managepartners-display-component---masterPtm","properties":{"src":{"regex":{"source":"add"}}}},"wdio_ui5_key":"etmportal.ui.managepartners.view.Mastersap.ui.core.Icon{\"src\":{\"regex\":{\"source\":\"add\"}}}"}]}
RESULT: {"script":"<script> [1562 bytes]","args":[{"selector":{"controlType":"sap.ui.core.Icon","viewName":"etm.portal.ui.managepartners.view.Master","viewId":"application-managepartners-display-component---masterPtm","properties":{"src":{"regex":{"source":"add"}}}},"wdio_ui5_key":"etmportal.ui.managepartners.view.Mastersap.ui.core.Icon{\"src\":{\"regex\":{\"source\":\"add\"}}}"}]}
RESULT: undefined
COMMAND: POST /session/1fb9db11838ffc8960fc9c9ba3f7ba06/element - {"using":"xpath","value":"//*[@id=\"__button4-img\"]"}
RESULT: {"using":"xpath","value":"//*[@id=\"__button4-img\"]"}
COMMAND: POST /session/1fb9db11838ffc8960fc9c9ba3f7ba06/element/f.03C4E35034780EC6FC2906822C03C136.d.EFA84ECF87E8977E919B8FDC6734090F.e.1240/click - {}
RESULT: {}
COMMAND: GET /session/1fb9db11838ffc8960fc9c9ba3f7ba06/screenshot - {}
COMMAND: POST /session/1fb9db11838ffc8960fc9c9ba3f7ba06/execute/async - {"script":"<script> [1562 bytes]","args":[{"selector":{"id":"application-managepartners-display-component---NewPartner--partnerId","interaction":{"idSuffix":"inner"}},"wdio_ui5_key":"applicationmanagepartners-display-component---NewPartner--partnerId"}]}
RESULT: {}
RESULT: {"script":"<script> [1562 bytes]","args":[{"selector":{"id":"application-managepartners-display-component---NewPartner--partnerId","interaction":{"idSuffix":"inner"}},"wdio_ui5_key":"applicationmanagepartners-display-component---NewPartner--partnerId"}]}
RESULT: undefined
COMMAND: POST /session/1fb9db11838ffc8960fc9c9ba3f7ba06/execute/async - {"script":"<script> [1562 bytes]","args":[{"selector":{"id":"application-managepartners-display-component---NewPartner--addressDetailDetailsName1","interaction":{"idSuffix":"inner"}},"wdio_ui5_key":"applicationmanagepartners-display-component---NewPartner--addressDetailDetailsName1"}]}
RESULT: {"script":"<script> [1562 bytes]","args":[{"selector":{"id":"application-managepartners-display-component---NewPartner--addressDetailDetailsName1","interaction":{"idSuffix":"inner"}},"wdio_ui5_key":"applicationmanagepartners-display-component---NewPartner--addressDetailDetailsName1"}]}
RESULT: undefined
COMMAND: POST /session/1fb9db11838ffc8960fc9c9ba3f7ba06/execute/async - {"script":"<script> [776 bytes]","args":[{"enterText":"WebdriverPartneryiirr","selector":{"id":"application-managepartners-display-component---NewPartner--addressDetailDetailsName1","interaction":{"idSuffix":"inner"}},"clearTextFirst":true,"interactionType":"ENTER_TEXT"}]}
RESULT: {"script":"<script> [776 bytes]","args":[{"enterText":"WebdriverPartneryiirr","selector":{"id":"application-managepartners-display-component---NewPartner--addressDetailDetailsName1","interaction":{"idSuffix":"inner"}},"clearTextFirst":true,"interactionType":"ENTER_TEXT"}]}
COMMAND: POST /session/1fb9db11838ffc8960fc9c9ba3f7ba06/execute/async - {"script":"<script> [1562 bytes]","args":[{"selector":{"id":"application-managepartners-display-component---NewPartner--addressDetailDetailsLanguage","interaction":{"idSuffix":"inner"}},"wdio_ui5_key":"applicationmanagepartners-display-component---NewPartner--addressDetailDetailsLanguage"}]}
RESULT: {"script":"<script> [1562 bytes]","args":[{"selector":{"id":"application-managepartners-display-component---NewPartner--addressDetailDetailsLanguage","interaction":{"idSuffix":"inner"}},"wdio_ui5_key":"applicationmanagepartners-display-component---NewPartner--addressDetailDetailsLanguage"}]}
RESULT: undefined
COMMAND: POST /session/1fb9db11838ffc8960fc9c9ba3f7ba06/execute/async - {"script":"<script> [776 bytes]","args":[{"enterText":"Romanian","selector":{"id":"application-managepartners-display-component---NewPartner--addressDetailDetailsLanguage","interaction":{"idSuffix":"inner"}},"clearTextFirst":true,"interactionType":"ENTER_TEXT"}]}
RESULT: {"script":"<script> [776 bytes]","args":[{"enterText":"Romanian","selector":{"id":"application-managepartners-display-component---NewPartner--addressDetailDetailsLanguage","interaction":{"idSuffix":"inner"}},"clearTextFirst":true,"interactionType":"ENTER_TEXT"}]}
COMMAND: POST /session/1fb9db11838ffc8960fc9c9ba3f7ba06/element - {"using":"xpath","value":"//input[contains(@id ,\"application-managepartners-display-component---NewPartner--addressDetailDetailsName1-inner\")]"}
RESULT: {"using":"xpath","value":"//input[contains(@id ,\"application-managepartners-display-component---NewPartner--addressDetailDetailsName1-inner\")]"}
COMMAND: GET /session/1fb9db11838ffc8960fc9c9ba3f7ba06/element/f.03C4E35034780EC6FC2906822C03C136.d.EFA84ECF87E8977E919B8FDC6734090F.e.1371/property/value - {}
RESULT: {}
COMMAND: POST /session/1fb9db11838ffc8960fc9c9ba3f7ba06/execute/async - {"script":"<script> [1562 bytes]","args":[{"selector":{"id":"application-managepartners-display-component---NewPartner--addressDetailDetailsCity1","interaction":{"idSuffix":"inner"}},"wdio_ui5_key":"applicationmanagepartners-display-component---NewPartner--addressDetailDetailsCity1"}]}
COMMAND: GET /session/1fb9db11838ffc8960fc9c9ba3f7ba06/screenshot - {}
RESULT: {"script":"<script> [1562 bytes]","args":[{"selector":{"id":"application-managepartners-display-component---NewPartner--addressDetailDetailsCity1","interaction":{"idSuffix":"inner"}},"wdio_ui5_key":"applicationmanagepartners-display-component---NewPartner--addressDetailDetailsCity1"}]}
RESULT: undefined
COMMAND: POST /session/1fb9db11838ffc8960fc9c9ba3f7ba06/execute/async - {"script":"<script> [776 bytes]","args":[{"enterText":"Bucharest","selector":{"id":"application-managepartners-display-component---NewPartner--addressDetailDetailsCity1","interaction":{"idSuffix":"inner"}},"clearTextFirst":true,"interactionType":"ENTER_TEXT"}]}
RESULT: {}
RESULT: {"script":"<script> [776 bytes]","args":[{"enterText":"Bucharest","selector":{"id":"application-managepartners-display-component---NewPartner--addressDetailDetailsCity1","interaction":{"idSuffix":"inner"}},"clearTextFirst":true,"interactionType":"ENTER_TEXT"}]}
COMMAND: POST /session/1fb9db11838ffc8960fc9c9ba3f7ba06/execute/async - {"script":"<script> [1562 bytes]","args":[{"selector":{"id":"application-managepartners-display-component---NewPartner--addressDetailDetailsCountry","interaction":{"idSuffix":"inner"}},"wdio_ui5_key":"applicationmanagepartners-display-component---NewPartner--addressDetailDetailsCountry"}]}
RESULT: {"script":"<script> [1562 bytes]","args":[{"selector":{"id":"application-managepartners-display-component---NewPartner--addressDetailDetailsCountry","interaction":{"idSuffix":"inner"}},"wdio_ui5_key":"applicationmanagepartners-display-component---NewPartner--addressDetailDetailsCountry"}]}
RESULT: undefined
COMMAND: POST /session/1fb9db11838ffc8960fc9c9ba3f7ba06/execute/async - {"script":"<script> [6424 bytes]","args":[{"element-6066-11e4-a52e-4f735466cecf":"f.03C4E35034780EC6FC2906822C03C136.d.EFA84ECF87E8977E919B8FDC6734090F.e.1378"},"setValue",["Romania"]]}
RESULT: {"script":"<script> [6424 bytes]","args":[{"element-6066-11e4-a52e-4f735466cecf":"f.03C4E35034780EC6FC2906822C03C136.d.EFA84ECF87E8977E919B8FDC6734090F.e.1378"},"setValue",["Romania"]]}
COMMAND: POST /session/1fb9db11838ffc8960fc9c9ba3f7ba06/execute/async - {"script":"<script> [1562 bytes]","args":[{"selector":{"id":"application-managepartners-display-component---NewPartner--partnerDetailInternal","interaction":{"idSuffix":"inner"}},"wdio_ui5_key":"applicationmanagepartners-display-component---NewPartner--partnerDetailInternal"}]}
RESULT: {"script":"<script> [1562 bytes]","args":[{"selector":{"id":"application-managepartners-display-component---NewPartner--partnerDetailInternal","interaction":{"idSuffix":"inner"}},"wdio_ui5_key":"applicationmanagepartners-display-component---NewPartner--partnerDetailInternal"}]}
RESULT: undefined
COMMAND: POST /session/1fb9db11838ffc8960fc9c9ba3f7ba06/execute/async - {"script":"<script> [776 bytes]","args":[{"enterText":"External partner","selector":{"id":"application-managepartners-display-component---NewPartner--partnerDetailInternal","interaction":{"idSuffix":"inner"}},"clearTextFirst":true,"interactionType":"ENTER_TEXT"}]}
RESULT: {"script":"<script> [776 bytes]","args":[{"enterText":"External partner","selector":{"id":"application-managepartners-display-component---NewPartner--partnerDetailInternal","interaction":{"idSuffix":"inner"}},"clearTextFirst":true,"interactionType":"ENTER_TEXT"}]}
COMMAND: POST /session/1fb9db11838ffc8960fc9c9ba3f7ba06/execute/async - {"script":"<script> [1562 bytes]","args":[{"selector":{"id":"application-managepartners-display-component---NewPartner--partnerDetailsCurrency","interaction":{"idSuffix":"inner"}},"wdio_ui5_key":"applicationmanagepartners-display-component---NewPartner--partnerDetailsCurrency"}]}
RESULT: {"script":"<script> [1562 bytes]","args":[{"selector":{"id":"application-managepartners-display-component---NewPartner--partnerDetailsCurrency","interaction":{"idSuffix":"inner"}},"wdio_ui5_key":"applicationmanagepartners-display-component---NewPartner--partnerDetailsCurrency"}]}
RESULT: undefined
COMMAND: POST /session/1fb9db11838ffc8960fc9c9ba3f7ba06/execute/async - {"script":"<script> [776 bytes]","args":[{"enterText":"Euro","selector":{"id":"application-managepartners-display-component---NewPartner--partnerDetailsCurrency","interaction":{"idSuffix":"inner"}},"clearTextFirst":true,"interactionType":"ENTER_TEXT"}]}
RESULT: {"script":"<script> [776 bytes]","args":[{"enterText":"Euro","selector":{"id":"application-managepartners-display-component---NewPartner--partnerDetailsCurrency","interaction":{"idSuffix":"inner"}},"clearTextFirst":true,"interactionType":"ENTER_TEXT"}]}
COMMAND: POST /session/1fb9db11838ffc8960fc9c9ba3f7ba06/execute/async - {"script":"<script> [1562 bytes]","args":[{"selector":{"controlType":"sap.m.Button","viewName":"etm.portal.ui.managepartners.view.NewPartner","viewId":"application-managepartners-display-component---NewPartner","properties":{"text":"Commercial"},"interaction":{"idSuffix":"BDI-content"}},"wdio_ui5_key":"etmportal.ui.managepartners.view.NewPartnersap.m.Button{\"text\":\"Commercial\"}"}]}
RESULT: {"script":"<script> [1562 bytes]","args":[{"selector":{"controlType":"sap.m.Button","viewName":"etm.portal.ui.managepartners.view.NewPartner","viewId":"application-managepartners-display-component---NewPartner","properties":{"text":"Commercial"},"interaction":{"idSuffix":"BDI-content"}},"wdio_ui5_key":"etmportal.ui.managepartners.view.NewPartnersap.m.Button{\"text\":\"Commercial\"}"}]}
RESULT: undefined
COMMAND: POST /session/1fb9db11838ffc8960fc9c9ba3f7ba06/element - {"using":"xpath","value":"//*[@id=\"application-managepartners-display-component---NewPartner--ObjectPageLayout-anchBar-__section5-anchor\"]"}
RESULT: {"using":"xpath","value":"//*[@id=\"application-managepartners-display-component---NewPartner--ObjectPageLayout-anchBar-__section5-anchor\"]"}
COMMAND: POST /session/1fb9db11838ffc8960fc9c9ba3f7ba06/element/f.03C4E35034780EC6FC2906822C03C136.d.EFA84ECF87E8977E919B8FDC6734090F.e.1658/click - {}
RESULT: {}
COMMAND: GET /session/1fb9db11838ffc8960fc9c9ba3f7ba06/screenshot - {}
RESULT: {}
COMMAND: POST /session/1fb9db11838ffc8960fc9c9ba3f7ba06/execute/async - {"script":"<script> [1562 bytes]","args":[{"selector":{"id":"application-managepartners-display-component---NewPartner--btnAddTableRow-img"},"wdio_ui5_key":"applicationmanagepartners-display-component---NewPartner--btnAddTableRow-img"}]}
RESULT: {"script":"<script> [1562 bytes]","args":[{"selector":{"id":"application-managepartners-display-component---NewPartner--btnAddTableRow-img"},"wdio_ui5_key":"applicationmanagepartners-display-component---NewPartner--btnAddTableRow-img"}]}
RESULT: undefined
COMMAND: POST /session/1fb9db11838ffc8960fc9c9ba3f7ba06/element - {"using":"xpath","value":"//*[@id=\"application-managepartners-display-component---NewPartner--btnAddTableRow-img\"]"}
RESULT: {"using":"xpath","value":"//*[@id=\"application-managepartners-display-component---NewPartner--btnAddTableRow-img\"]"}
COMMAND: POST /session/1fb9db11838ffc8960fc9c9ba3f7ba06/element/f.03C4E35034780EC6FC2906822C03C136.d.EFA84ECF87E8977E919B8FDC6734090F.e.1664/click - {}
RESULT: {}
COMMAND: POST /session/1fb9db11838ffc8960fc9c9ba3f7ba06/element - {"using":"xpath","value":"//input[contains(@id ,\"application-managepartners-display-component---NewPartner--assignmentYard-application-managepartners-display-component---NewPartner\")]"}
COMMAND: GET /session/1fb9db11838ffc8960fc9c9ba3f7ba06/screenshot - {}
RESULT: {"using":"xpath","value":"//input[contains(@id ,\"application-managepartners-display-component---NewPartner--assignmentYard-application-managepartners-display-component---NewPartner\")]"}
COMMAND: POST /session/1fb9db11838ffc8960fc9c9ba3f7ba06/element/f.03C4E35034780EC6FC2906822C03C136.d.EFA84ECF87E8977E919B8FDC6734090F.e.1667/clear - {}
RESULT: {}
RESULT: {}
COMMAND: POST /session/1fb9db11838ffc8960fc9c9ba3f7ba06/element/f.03C4E35034780EC6FC2906822C03C136.d.EFA84ECF87E8977E919B8FDC6734090F.e.1667/value - {"text":"242"}
COMMAND: GET /session/1fb9db11838ffc8960fc9c9ba3f7ba06/screenshot - {}
RESULT: {"text":"242"}
COMMAND: GET /session/1fb9db11838ffc8960fc9c9ba3f7ba06/screenshot - {}
RESULT: {}
RESULT: {}
COMMAND: POST /session/1fb9db11838ffc8960fc9c9ba3f7ba06/execute/async - {"script":"<script> [1562 bytes]","args":[{"selector":{"controlType":"sap.m.Button","viewName":"etm.portal.ui.managepartners.view.NewPartner","viewId":"application-managepartners-display-component---NewPartner","i18NText":{"propertyName":"text","key":"save"},"interaction":{"idSuffix":"BDI-content"}},"wdio_ui5_key":"etmportal.ui.managepartners.view.NewPartnersap.m.Button{\"propertyName\":\"text\",\"key\":\"save\"}"}]}
RESULT: {"script":"<script> [1562 bytes]","args":[{"selector":{"controlType":"sap.m.Button","viewName":"etm.portal.ui.managepartners.view.NewPartner","viewId":"application-managepartners-display-component---NewPartner","i18NText":{"propertyName":"text","key":"save"},"interaction":{"idSuffix":"BDI-content"}},"wdio_ui5_key":"etmportal.ui.managepartners.view.NewPartnersap.m.Button{\"propertyName\":\"text\",\"key\":\"save\"}"}]}
RESULT: undefined
COMMAND: POST /session/1fb9db11838ffc8960fc9c9ba3f7ba06/element - {"using":"xpath","value":"//*[@id=\"__button12\"]"}
RESULT: {"using":"xpath","value":"//*[@id=\"__button12\"]"}
COMMAND: POST /session/1fb9db11838ffc8960fc9c9ba3f7ba06/element/f.03C4E35034780EC6FC2906822C03C136.d.EFA84ECF87E8977E919B8FDC6734090F.e.1676/click - {}
RESULT: {}
COMMAND: GET /session/1fb9db11838ffc8960fc9c9ba3f7ba06/screenshot - {}
RESULT: {}
COMMAND: POST /session/1fb9db11838ffc8960fc9c9ba3f7ba06/element - {"using":"xpath","value":"//header/div/div[2]/div[2]/span"}
RESULT: {"using":"xpath","value":"//header/div/div[2]/div[2]/span"}
COMMAND: GET /session/1fb9db11838ffc8960fc9c9ba3f7ba06/element/f.03C4E35034780EC6FC2906822C03C136.d.EFA84ECF87E8977E919B8FDC6734090F.e.1835/text - {}
RESULT: {}
COMMAND: POST /session/1fb9db11838ffc8960fc9c9ba3f7ba06/element - {"using":"xpath","value":"//header/div/div/div/div/div/div[2]/div/span"}
RESULT: {"using":"xpath","value":"//header/div/div/div/div/div/div[2]/div/span"}
COMMAND: GET /session/1fb9db11838ffc8960fc9c9ba3f7ba06/element/f.03C4E35034780EC6FC2906822C03C136.d.EFA84ECF87E8977E919B8FDC6734090F.e.1836/text - {}
RESULT: {}
COMMAND: POST /session/1fb9db11838ffc8960fc9c9ba3f7ba06/execute/async - {"script":"<script> [1562 bytes]","args":[{"selector":{"id":"application-managepartners-display-component---detailPtm--partnerType"},"wdio_ui5_key":"applicationmanagepartners-display-component---detailPtm--partnerType"}]}
RESULT: {"script":"<script> [1562 bytes]","args":[{"selector":{"id":"application-managepartners-display-component---detailPtm--partnerType"},"wdio_ui5_key":"applicationmanagepartners-display-component---detailPtm--partnerType"}]}
RESULT: undefined
COMMAND: POST /session/1fb9db11838ffc8960fc9c9ba3f7ba06/execute/async - {"script":"<script> [6424 bytes]","args":[{"element-6066-11e4-a52e-4f735466cecf":"f.03C4E35034780EC6FC2906822C03C136.d.EFA84ECF87E8977E919B8FDC6734090F.e.1837"},"getText",[]]}
RESULT: {"script":"<script> [6424 bytes]","args":[{"element-6066-11e4-a52e-4f735466cecf":"f.03C4E35034780EC6FC2906822C03C136.d.EFA84ECF87E8977E919B8FDC6734090F.e.1837"},"getText",[]]}
COMMAND: POST /session/1fb9db11838ffc8960fc9c9ba3f7ba06/element - {"using":"css selector","value":"#shell-header-logo"}
RESULT: {"using":"css selector","value":"#shell-header-logo"}
COMMAND: POST /session/1fb9db11838ffc8960fc9c9ba3f7ba06/element/f.03C4E35034780EC6FC2906822C03C136.d.EFA84ECF87E8977E919B8FDC6734090F.e.1191/click - {}
RESULT: {}
COMMAND: GET /session/1fb9db11838ffc8960fc9c9ba3f7ba06/screenshot - {}
RESULT: {}
COMMAND: POST /session/1fb9db11838ffc8960fc9c9ba3f7ba06/execute/async - {"script":"<script> [1562 bytes]","args":[{"selector":{"controlType":"sap.m.GenericTile","properties":{"header":"Manage Sites"}},"wdio_ui5_key":"sapm.GenericTile{\"header\":\"Manage Sites\"}"}]}
RESULT: {"script":"<script> [1562 bytes]","args":[{"selector":{"controlType":"sap.m.GenericTile","properties":{"header":"Manage Sites"}},"wdio_ui5_key":"sapm.GenericTile{\"header\":\"Manage Sites\"}"}]}
RESULT: undefined
COMMAND: POST /session/1fb9db11838ffc8960fc9c9ba3f7ba06/element - {"using":"xpath","value":"//*[@id=\"__tile40\"]"}
RESULT: {"using":"xpath","value":"//*[@id=\"__tile40\"]"}
COMMAND: POST /session/1fb9db11838ffc8960fc9c9ba3f7ba06/element/f.03C4E35034780EC6FC2906822C03C136.d.EFA84ECF87E8977E919B8FDC6734090F.e.1839/click - {}
RESULT: {}
COMMAND: GET /session/1fb9db11838ffc8960fc9c9ba3f7ba06/screenshot - {}
RESULT: {}
COMMAND: POST /session/1fb9db11838ffc8960fc9c9ba3f7ba06/execute/async - {"script":"<script> [1562 bytes]","args":[{"selector":{"controlType":"sap.ui.core.Icon","viewName":"etm.portal.ui.managesites.view.Master","viewId":"application-managesites-display-component---masterSite","properties":{"src":{"regex":{"source":"add"}}}},"wdio_ui5_key":"etmportal.ui.managesites.view.Mastersap.ui.core.Icon{\"src\":{\"regex\":{\"source\":\"add\"}}}"}]}
RESULT: {"script":"<script> [1562 bytes]","args":[{"selector":{"controlType":"sap.ui.core.Icon","viewName":"etm.portal.ui.managesites.view.Master","viewId":"application-managesites-display-component---masterSite","properties":{"src":{"regex":{"source":"add"}}}},"wdio_ui5_key":"etmportal.ui.managesites.view.Mastersap.ui.core.Icon{\"src\":{\"regex\":{\"source\":\"add\"}}}"}]}
RESULT: undefined
COMMAND: POST /session/1fb9db11838ffc8960fc9c9ba3f7ba06/element - {"using":"xpath","value":"//*[@id=\"__button52-img\"]"}
RESULT: {"using":"xpath","value":"//*[@id=\"__button52-img\"]"}
COMMAND: POST /session/1fb9db11838ffc8960fc9c9ba3f7ba06/element/f.03C4E35034780EC6FC2906822C03C136.d.EFA84ECF87E8977E919B8FDC6734090F.e.1888/click - {}
RESULT: {}
COMMAND: POST /session/1fb9db11838ffc8960fc9c9ba3f7ba06/execute/async - {"script":"<script> [1562 bytes]","args":[{"selector":{"id":"application-managesites-display-component---NewSite--siteId","interaction":{"idSuffix":"inner"}},"wdio_ui5_key":"applicationmanagesites-display-component---NewSite--siteId"}]}
COMMAND: GET /session/1fb9db11838ffc8960fc9c9ba3f7ba06/screenshot - {}
RESULT: {"script":"<script> [1562 bytes]","args":[{"selector":{"id":"application-managesites-display-component---NewSite--siteId","interaction":{"idSuffix":"inner"}},"wdio_ui5_key":"applicationmanagesites-display-component---NewSite--siteId"}]}
RESULT: undefined
COMMAND: POST /session/1fb9db11838ffc8960fc9c9ba3f7ba06/execute/async - {"script":"<script> [1562 bytes]","args":[{"selector":{"id":"application-managesites-display-component---NewSite--addressDetailDetailsName1","interaction":{"idSuffix":"inner"}},"wdio_ui5_key":"applicationmanagesites-display-component---NewSite--addressDetailDetailsName1"}]}
RESULT: {}
RESULT: {"script":"<script> [1562 bytes]","args":[{"selector":{"id":"application-managesites-display-component---NewSite--addressDetailDetailsName1","interaction":{"idSuffix":"inner"}},"wdio_ui5_key":"applicationmanagesites-display-component---NewSite--addressDetailDetailsName1"}]}
RESULT: undefined
COMMAND: POST /session/1fb9db11838ffc8960fc9c9ba3f7ba06/execute/async - {"script":"<script> [776 bytes]","args":[{"enterText":"WebdriverSitehce96","selector":{"id":"application-managesites-display-component---NewSite--addressDetailDetailsName1","interaction":{"idSuffix":"inner"}},"clearTextFirst":true,"interactionType":"ENTER_TEXT"}]}
RESULT: {"script":"<script> [776 bytes]","args":[{"enterText":"WebdriverSitehce96","selector":{"id":"application-managesites-display-component---NewSite--addressDetailDetailsName1","interaction":{"idSuffix":"inner"}},"clearTextFirst":true,"interactionType":"ENTER_TEXT"}]}
COMMAND: POST /session/1fb9db11838ffc8960fc9c9ba3f7ba06/execute/async - {"script":"<script> [1562 bytes]","args":[{"selector":{"id":"application-managesites-display-component---NewSite--addressDetailDetailsLanguage","interaction":{"idSuffix":"inner"}},"wdio_ui5_key":"applicationmanagesites-display-component---NewSite--addressDetailDetailsLanguage"}]}
RESULT: {"script":"<script> [1562 bytes]","args":[{"selector":{"id":"application-managesites-display-component---NewSite--addressDetailDetailsLanguage","interaction":{"idSuffix":"inner"}},"wdio_ui5_key":"applicationmanagesites-display-component---NewSite--addressDetailDetailsLanguage"}]}
RESULT: undefined
COMMAND: POST /session/1fb9db11838ffc8960fc9c9ba3f7ba06/execute/async - {"script":"<script> [776 bytes]","args":[{"enterText":"Romanian","selector":{"id":"application-managesites-display-component---NewSite--addressDetailDetailsLanguage","interaction":{"idSuffix":"inner"}},"clearTextFirst":true,"interactionType":"ENTER_TEXT"}]}
RESULT: {"script":"<script> [776 bytes]","args":[{"enterText":"Romanian","selector":{"id":"application-managesites-display-component---NewSite--addressDetailDetailsLanguage","interaction":{"idSuffix":"inner"}},"clearTextFirst":true,"interactionType":"ENTER_TEXT"}]}
COMMAND: POST /session/1fb9db11838ffc8960fc9c9ba3f7ba06/execute/async - {"script":"<script> [1562 bytes]","args":[{"selector":{"id":"application-managesites-display-component---NewSite--addressDetailDetailsCity1","interaction":{"idSuffix":"inner"}},"wdio_ui5_key":"applicationmanagesites-display-component---NewSite--addressDetailDetailsCity1"}]}
RESULT: {"script":"<script> [1562 bytes]","args":[{"selector":{"id":"application-managesites-display-component---NewSite--addressDetailDetailsCity1","interaction":{"idSuffix":"inner"}},"wdio_ui5_key":"applicationmanagesites-display-component---NewSite--addressDetailDetailsCity1"}]}
RESULT: undefined
COMMAND: POST /session/1fb9db11838ffc8960fc9c9ba3f7ba06/execute/async - {"script":"<script> [776 bytes]","args":[{"enterText":"Bucharest","selector":{"id":"application-managesites-display-component---NewSite--addressDetailDetailsCity1","interaction":{"idSuffix":"inner"}},"clearTextFirst":true,"interactionType":"ENTER_TEXT"}]}
RESULT: {"script":"<script> [776 bytes]","args":[{"enterText":"Bucharest","selector":{"id":"application-managesites-display-component---NewSite--addressDetailDetailsCity1","interaction":{"idSuffix":"inner"}},"clearTextFirst":true,"interactionType":"ENTER_TEXT"}]}
COMMAND: POST /session/1fb9db11838ffc8960fc9c9ba3f7ba06/execute/async - {"script":"<script> [1562 bytes]","args":[{"selector":{"id":"application-managesites-display-component---NewSite--addressDetailDetailsCountry","interaction":{"idSuffix":"inner"}},"wdio_ui5_key":"applicationmanagesites-display-component---NewSite--addressDetailDetailsCountry"}]}
RESULT: {"script":"<script> [1562 bytes]","args":[{"selector":{"id":"application-managesites-display-component---NewSite--addressDetailDetailsCountry","interaction":{"idSuffix":"inner"}},"wdio_ui5_key":"applicationmanagesites-display-component---NewSite--addressDetailDetailsCountry"}]}
RESULT: undefined
COMMAND: POST /session/1fb9db11838ffc8960fc9c9ba3f7ba06/execute/async - {"script":"<script> [776 bytes]","args":[{"enterText":"Romania","selector":{"id":"application-managesites-display-component---NewSite--addressDetailDetailsCountry","interaction":{"idSuffix":"inner"}},"clearTextFirst":true,"interactionType":"ENTER_TEXT"}]}
RESULT: {"script":"<script> [776 bytes]","args":[{"enterText":"Romania","selector":{"id":"application-managesites-display-component---NewSite--addressDetailDetailsCountry","interaction":{"idSuffix":"inner"}},"clearTextFirst":true,"interactionType":"ENTER_TEXT"}]}
COMMAND: POST /session/1fb9db11838ffc8960fc9c9ba3f7ba06/element - {"using":"css selector","value":"#application-managesites-display-component---NewSite--addressDetailDetailsCalendar-inner"}
RESULT: {"using":"css selector","value":"#application-managesites-display-component---NewSite--addressDetailDetailsCalendar-inner"}
COMMAND: POST /session/1fb9db11838ffc8960fc9c9ba3f7ba06/element/f.03C4E35034780EC6FC2906822C03C136.d.EFA84ECF87E8977E919B8FDC6734090F.e.2128/clear - {}
RESULT: {}
COMMAND: POST /session/1fb9db11838ffc8960fc9c9ba3f7ba06/element/f.03C4E35034780EC6FC2906822C03C136.d.EFA84ECF87E8977E919B8FDC6734090F.e.2128/value - {"text":"Germany"}
COMMAND: GET /session/1fb9db11838ffc8960fc9c9ba3f7ba06/screenshot - {}
RESULT: {"text":"Germany"}
COMMAND: POST /session/1fb9db11838ffc8960fc9c9ba3f7ba06/execute/async - {"script":"<script> [1562 bytes]","args":[{"selector":{"id":"application-managesites-display-component---NewSite--addressEditDetailsCostObjectCstType-arrow"},"wdio_ui5_key":"applicationmanagesites-display-component---NewSite--addressEditDetailsCostObjectCstType-arrow"}]}
COMMAND: GET /session/1fb9db11838ffc8960fc9c9ba3f7ba06/screenshot - {}
RESULT: {}
RESULT: {"script":"<script> [1562 bytes]","args":[{"selector":{"id":"application-managesites-display-component---NewSite--addressEditDetailsCostObjectCstType-arrow"},"wdio_ui5_key":"applicationmanagesites-display-component---NewSite--addressEditDetailsCostObjectCstType-arrow"}]}
RESULT: undefined
COMMAND: POST /session/1fb9db11838ffc8960fc9c9ba3f7ba06/element - {"using":"xpath","value":"//*[@id=\"application-managesites-display-component---NewSite--addressEditDetailsCostObjectCstType-arrow\"]"}
RESULT: {}
RESULT: {"using":"xpath","value":"//*[@id=\"application-managesites-display-component---NewSite--addressEditDetailsCostObjectCstType-arrow\"]"}
COMMAND: POST /session/1fb9db11838ffc8960fc9c9ba3f7ba06/element/f.03C4E35034780EC6FC2906822C03C136.d.EFA84ECF87E8977E919B8FDC6734090F.e.2277/click - {}
RESULT: {}
COMMAND: POST /session/1fb9db11838ffc8960fc9c9ba3f7ba06/element - {"using":"xpath","value":"//span[contains(text(), \"Work Breakdown Structure\")]"}
COMMAND: GET /session/1fb9db11838ffc8960fc9c9ba3f7ba06/screenshot - {}
RESULT: {"using":"xpath","value":"//span[contains(text(), \"Work Breakdown Structure\")]"}
COMMAND: POST /session/1fb9db11838ffc8960fc9c9ba3f7ba06/element/f.03C4E35034780EC6FC2906822C03C136.d.EFA84ECF87E8977E919B8FDC6734090F.e.2278/click - {}
RESULT: {}
RESULT: {}
COMMAND: GET /session/1fb9db11838ffc8960fc9c9ba3f7ba06/screenshot - {}
RESULT: {}
COMMAND: POST /session/1fb9db11838ffc8960fc9c9ba3f7ba06/execute/async - {"script":"<script> [1562 bytes]","args":[{"selector":{"id":"application-managesites-display-component---NewSite--addressNewCostObjectCstID-vhi"},"wdio_ui5_key":"applicationmanagesites-display-component---NewSite--addressNewCostObjectCstID-vhi"}]}
RESULT: {"script":"<script> [1562 bytes]","args":[{"selector":{"id":"application-managesites-display-component---NewSite--addressNewCostObjectCstID-vhi"},"wdio_ui5_key":"applicationmanagesites-display-component---NewSite--addressNewCostObjectCstID-vhi"}]}
RESULT: undefined
COMMAND: POST /session/1fb9db11838ffc8960fc9c9ba3f7ba06/element - {"using":"xpath","value":"//*[@id=\"application-managesites-display-component---NewSite--addressNewCostObjectCstID-vhi\"]"}
RESULT: {"using":"xpath","value":"//*[@id=\"application-managesites-display-component---NewSite--addressNewCostObjectCstID-vhi\"]"}
COMMAND: POST /session/1fb9db11838ffc8960fc9c9ba3f7ba06/element/f.03C4E35034780EC6FC2906822C03C136.d.EFA84ECF87E8977E919B8FDC6734090F.e.2282/click - {}
RESULT: {}
COMMAND: GET /session/1fb9db11838ffc8960fc9c9ba3f7ba06/screenshot - {}
RESULT: {}
COMMAND: POST /session/1fb9db11838ffc8960fc9c9ba3f7ba06/execute/async - {"script":"<script> [1562 bytes]","args":[{"selector":{"controlType":"sap.m.SearchField","properties":{"placeholder":"Search"},"searchOpenDialogs":true,"interaction":{"idSuffix":"I"}},"wdio_ui5_key":"sapm.SearchField{\"placeholder\":\"Search\"}"}]}
RESULT: {"script":"<script> [1562 bytes]","args":[{"selector":{"controlType":"sap.m.SearchField","properties":{"placeholder":"Search"},"searchOpenDialogs":true,"interaction":{"idSuffix":"I"}},"wdio_ui5_key":"sapm.SearchField{\"placeholder\":\"Search\"}"}]}
RESULT: undefined
COMMAND: POST /session/1fb9db11838ffc8960fc9c9ba3f7ba06/execute/async - {"script":"<script> [776 bytes]","args":[{"enterText":"A1-000100-01","selector":{"controlType":"sap.m.SearchField","properties":{"placeholder":"Search"},"searchOpenDialogs":true,"interaction":{"idSuffix":"I"}},"clearTextFirst":true,"interactionType":"ENTER_TEXT"}]}
RESULT: {"script":"<script> [776 bytes]","args":[{"enterText":"A1-000100-01","selector":{"controlType":"sap.m.SearchField","properties":{"placeholder":"Search"},"searchOpenDialogs":true,"interaction":{"idSuffix":"I"}},"clearTextFirst":true,"interactionType":"ENTER_TEXT"}]}
COMMAND: POST /session/1fb9db11838ffc8960fc9c9ba3f7ba06/actions - {"actions":[{"id":"action3","type":"key","parameters":{},"actions":[{"type":"keyDown","value":"î€‡"},{"type":"pause","duration":10},{"type":"keyUp","value":"î€‡"}]}]}
RESULT: {"actions":[{"id":"action3","type":"key","parameters":{},"actions":[{"type":"keyDown","value":"î€‡"},{"type":"pause","duration":10},{"type":"keyUp","value":"î€‡"}]}]}
COMMAND: GET /session/1fb9db11838ffc8960fc9c9ba3f7ba06/screenshot - {}
RESULT: {}
COMMAND: POST /session/1fb9db11838ffc8960fc9c9ba3f7ba06/element - {"using":"xpath","value":"//span[contains(text(), \"Template for ETO-Process\")]"}
RESULT: {"using":"xpath","value":"//span[contains(text(), \"Template for ETO-Process\")]"}
COMMAND: POST /session/1fb9db11838ffc8960fc9c9ba3f7ba06/element/f.03C4E35034780EC6FC2906822C03C136.d.EFA84ECF87E8977E919B8FDC6734090F.e.2302/click - {}
RESULT: {}
COMMAND: GET /session/1fb9db11838ffc8960fc9c9ba3f7ba06/screenshot - {}
RESULT: {}
COMMAND: POST /session/1fb9db11838ffc8960fc9c9ba3f7ba06/element - {"using":"xpath","value":"//bdi[contains(text(), \"OK\")]"}
RESULT: {"using":"xpath","value":"//bdi[contains(text(), \"OK\")]"}
COMMAND: POST /session/1fb9db11838ffc8960fc9c9ba3f7ba06/element/f.03C4E35034780EC6FC2906822C03C136.d.EFA84ECF87E8977E919B8FDC6734090F.e.2303/click - {}
RESULT: {}
COMMAND: GET /session/1fb9db11838ffc8960fc9c9ba3f7ba06/screenshot - {}
RESULT: {}
COMMAND: POST /session/1fb9db11838ffc8960fc9c9ba3f7ba06/element - {"using":"xpath","value":"//input[@id=\"application-managesites-display-component---NewSite--addressDetailDetailsYard-inner\"]"}
RESULT: {"using":"xpath","value":"//input[@id=\"application-managesites-display-component---NewSite--addressDetailDetailsYard-inner\"]"}
COMMAND: POST /session/1fb9db11838ffc8960fc9c9ba3f7ba06/element/f.03C4E35034780EC6FC2906822C03C136.d.EFA84ECF87E8977E919B8FDC6734090F.e.2129/value - {"text":"242"}
RESULT: {"text":"242"}
COMMAND: GET /session/1fb9db11838ffc8960fc9c9ba3f7ba06/screenshot - {}
RESULT: {}
COMMAND: POST /session/1fb9db11838ffc8960fc9c9ba3f7ba06/actions - {"actions":[{"id":"action4","type":"key","parameters":{},"actions":[{"type":"keyDown","value":"î€‡"},{"type":"pause","duration":10},{"type":"keyUp","value":"î€‡"}]}]}
RESULT: {"actions":[{"id":"action4","type":"key","parameters":{},"actions":[{"type":"keyDown","value":"î€‡"},{"type":"pause","duration":10},{"type":"keyUp","value":"î€‡"}]}]}
COMMAND: GET /session/1fb9db11838ffc8960fc9c9ba3f7ba06/screenshot - {}
RESULT: {}
COMMAND: POST /session/1fb9db11838ffc8960fc9c9ba3f7ba06/element - {"using":"xpath","value":"//input[@id=\"application-managesites-display-component---NewSite--addressDetailDetailsPartner-inner\"]"}
RESULT: {"using":"xpath","value":"//input[@id=\"application-managesites-display-component---NewSite--addressDetailDetailsPartner-inner\"]"}
COMMAND: POST /session/1fb9db11838ffc8960fc9c9ba3f7ba06/elements - {"using":"xpath","value":"//input[@id=\"application-managesites-display-component---NewSite--addressDetailDetailsPartner-inner\"]"}
RESULT: {"using":"xpath","value":"//input[@id=\"application-managesites-display-component---NewSite--addressDetailDetailsPartner-inner\"]"}
COMMAND: POST /session/1fb9db11838ffc8960fc9c9ba3f7ba06/execute/async - {"script":"<script> [1562 bytes]","args":[{"selector":{"controlType":"sap.m.Button","viewName":"etm.portal.ui.managesites.view.NewSmartSite","viewId":"application-managesites-display-component---NewSite","properties":{"text":"Commercial"},"interaction":{"idSuffix":"BDI-content"}},"wdio_ui5_key":"etmportal.ui.managesites.view.NewSmartSitesap.m.Button{\"text\":\"Commercial\"}"}]}
RESULT: {"script":"<script> [1562 bytes]","args":[{"selector":{"controlType":"sap.m.Button","viewName":"etm.portal.ui.managesites.view.NewSmartSite","viewId":"application-managesites-display-component---NewSite","properties":{"text":"Commercial"},"interaction":{"idSuffix":"BDI-content"}},"wdio_ui5_key":"etmportal.ui.managesites.view.NewSmartSitesap.m.Button{\"text\":\"Commercial\"}"}]}
RESULT: undefined
COMMAND: POST /session/1fb9db11838ffc8960fc9c9ba3f7ba06/element - {"using":"xpath","value":"//*[@id=\"application-managesites-display-component---NewSite--ObjectPageLayout-anchBar-__section31-anchor\"]"}
RESULT: {"using":"xpath","value":"//*[@id=\"application-managesites-display-component---NewSite--ObjectPageLayout-anchBar-__section31-anchor\"]"}
COMMAND: POST /session/1fb9db11838ffc8960fc9c9ba3f7ba06/element/f.03C4E35034780EC6FC2906822C03C136.d.EFA84ECF87E8977E919B8FDC6734090F.e.2310/click - {}
RESULT: {}
COMMAND: POST /session/1fb9db11838ffc8960fc9c9ba3f7ba06/execute/async - {"script":"<script> [1562 bytes]","args":[{"selector":{"controlType":"sap.m.Button","viewName":"etm.portal.ui.managesites.view.NewSmartSite","viewId":"application-managesites-display-component---NewSite","i18NText":{"propertyName":"text","key":"save"},"interaction":{"idSuffix":"BDI-content"}},"wdio_ui5_key":"etmportal.ui.managesites.view.NewSmartSitesap.m.Button{\"propertyName\":\"text\",\"key\":\"save\"}"}]}
COMMAND: GET /session/1fb9db11838ffc8960fc9c9ba3f7ba06/screenshot - {}
RESULT: {"script":"<script> [1562 bytes]","args":[{"selector":{"controlType":"sap.m.Button","viewName":"etm.portal.ui.managesites.view.NewSmartSite","viewId":"application-managesites-display-component---NewSite","i18NText":{"propertyName":"text","key":"save"},"interaction":{"idSuffix":"BDI-content"}},"wdio_ui5_key":"etmportal.ui.managesites.view.NewSmartSitesap.m.Button{\"propertyName\":\"text\",\"key\":\"save\"}"}]}
RESULT: undefined
COMMAND: POST /session/1fb9db11838ffc8960fc9c9ba3f7ba06/element - {"using":"xpath","value":"//*[@id=\"__button64\"]"}
RESULT: {}
RESULT: {"using":"xpath","value":"//*[@id=\"__button64\"]"}
COMMAND: POST /session/1fb9db11838ffc8960fc9c9ba3f7ba06/element/f.03C4E35034780EC6FC2906822C03C136.d.EFA84ECF87E8977E919B8FDC6734090F.e.2256/click - {}
RESULT: {}
COMMAND: GET /session/1fb9db11838ffc8960fc9c9ba3f7ba06/screenshot - {}
RESULT: {}
COMMAND: POST /session/1fb9db11838ffc8960fc9c9ba3f7ba06/execute/async - {"script":"<script> [1562 bytes]","args":[{"selector":{"id":"application-managesites-display-component---detailSite--addressDetailDetailsYardText"},"wdio_ui5_key":"applicationmanagesites-display-component---detailSite--addressDetailDetailsYardText"}]}
RESULT: {"script":"<script> [1562 bytes]","args":[{"selector":{"id":"application-managesites-display-component---detailSite--addressDetailDetailsYardText"},"wdio_ui5_key":"applicationmanagesites-display-component---detailSite--addressDetailDetailsYardText"}]}
RESULT: undefined
COMMAND: POST /session/1fb9db11838ffc8960fc9c9ba3f7ba06/element - {"using":"xpath","value":"//header/div/div[2]/div[2]/span"}
RESULT: {"using":"xpath","value":"//header/div/div[2]/div[2]/span"}
COMMAND: GET /session/1fb9db11838ffc8960fc9c9ba3f7ba06/element/f.03C4E35034780EC6FC2906822C03C136.d.EFA84ECF87E8977E919B8FDC6734090F.e.2512/text - {}
RESULT: {}
COMMAND: POST /session/1fb9db11838ffc8960fc9c9ba3f7ba06/element - {"using":"xpath","value":"//header/div/div/div/div/div/div[2]/div/span"}
RESULT: {"using":"xpath","value":"//header/div/div/div/div/div/div[2]/div/span"}
COMMAND: GET /session/1fb9db11838ffc8960fc9c9ba3f7ba06/element/f.03C4E35034780EC6FC2906822C03C136.d.EFA84ECF87E8977E919B8FDC6734090F.e.2513/text - {}
RESULT: {}
COMMAND: POST /session/1fb9db11838ffc8960fc9c9ba3f7ba06/element - {"using":"css selector","value":"#shell-header-logo"}
RESULT: {"using":"css selector","value":"#shell-header-logo"}
COMMAND: POST /session/1fb9db11838ffc8960fc9c9ba3f7ba06/element/f.03C4E35034780EC6FC2906822C03C136.d.EFA84ECF87E8977E919B8FDC6734090F.e.1844/click - {}
RESULT: {}
COMMAND: GET /session/1fb9db11838ffc8960fc9c9ba3f7ba06/screenshot - {}
RESULT: {}
]]></system-out>
    </testcase>
  </testsuite>
  <testsuite timestamp="2025-04-25T18:03:05" time="61.408" tests="1" failures="1" errors="1" skipped="0">
    <properties>
      <property name="specId" value="0" />
      <property name="suiteName" value="Manage contracts - revert request US152962" />
      <property name="capabilities" value="chrome.135_0_7049_96.windows" />
      <property name="file" value="file:///D:/a/1/s/test/specs/R2C/manage-contracts-revert-request.spec.js" />
    </properties>
  </testsuite>
  <testsuite timestamp="2025-04-25T18:04:06" time="203.873" tests="4" failures="4" errors="4" skipped="0">
    <properties>
      <property name="specId" value="0" />
      <property name="suiteName" value="Standard contract close-reopen US111278" />
      <property name="capabilities" value="chrome.135_0_7049_96.windows" />
      <property name="file" value="file:///D:/a/1/s/test/specs/R2C/standard-contract-close-reopen.spec.js" />
    </properties>
  </testsuite>
  <testsuite timestamp="2025-04-25T18:07:30" time="76.338" tests="1" failures="1" errors="1" skipped="0">
    <properties>
      <property name="specId" value="0" />
      <property name="suiteName" value="Standard contract decline US151279" />
      <property name="capabilities" value="chrome.135_0_7049_96.windows" />
      <property name="file" value="file:///D:/a/1/s/test/specs/R2C/standard-contract-decline.spec.js" />
    </properties>
  </testsuite>
  <testsuite timestamp="2025-04-25T18:08:46" time="74.07" tests="2" failures="1" errors="1" skipped="0">
    <properties>
      <property name="specId" value="0" />
      <property name="suiteName" value="Insert service into a contract US152956" />
      <property name="capabilities" value="chrome.135_0_7049_96.windows" />
      <property name="file" value="file:///D:/a/1/s/test/specs/R2C/insert-service-into-a-contract.spec.js" />
    </properties>
    <testcase classname="chrome.135_0_7049_96.windows.Insert_service_into_a_contract_US152956" name="Should create a new contract" time="0.009">
      <system-out><![CDATA[
RESULT: undefined
]]></system-out>
    </testcase>
  </testsuite>
  <testsuite timestamp="2025-04-25T18:10:00" time="136.385" tests="2" failures="2" errors="2" skipped="0">
    <properties>
      <property name="specId" value="0" />
      <property name="suiteName" value="Reduced contract US151275" />
      <property name="capabilities" value="chrome.135_0_7049_96.windows" />
      <property name="file" value="file:///D:/a/1/s/test/specs/R2C/reduced-contract-creation.spec.js" />
    </properties>
  </testsuite>
  <testsuite timestamp="2025-04-25T18:12:17" time="1405.845" tests="7" failures="0" errors="0" skipped="0">
    <properties>
      <property name="specId" value="0" />
      <property name="suiteName" value="E2E - Logistical and commercial statuses" />
      <property name="capabilities" value="chrome.135_0_7049_96.windows" />
      <property name="file" value="file:///D:/a/1/s/test/specs/R2C/E2E-Logistical-and-commercial-status.spec.js" />
    </properties>
    <testcase classname="chrome.135_0_7049_96.windows.E2E_-_Logistical_and_commercial_statuses" name="Should create prerequisites yard partner and site" time="302.65">
      <system-out><![CDATA[
COMMAND: POST /session/1fb9db11838ffc8960fc9c9ba3f7ba06/execute/async - {"script":"<script> [1562 bytes]","args":[{"selector":{"controlType":"sap.m.GenericTile","properties":{"header":"Manage Yards"}},"wdio_ui5_key":"sapm.GenericTile{\"header\":\"Manage Yards\"}"}]}
RESULT: {"script":"<script> [1562 bytes]","args":[{"selector":{"controlType":"sap.m.GenericTile","properties":{"header":"Manage Yards"}},"wdio_ui5_key":"sapm.GenericTile{\"header\":\"Manage Yards\"}"}]}
RESULT: undefined
COMMAND: POST /session/1fb9db11838ffc8960fc9c9ba3f7ba06/element - {"using":"xpath","value":"//*[@id=\"__tile41\"]"}
RESULT: {"using":"xpath","value":"//*[@id=\"__tile41\"]"}
COMMAND: POST /session/1fb9db11838ffc8960fc9c9ba3f7ba06/element/f.03C4E35034780EC6FC2906822C03C136.d.4D9C52126CA6CBE30EA1A8A7171A14FC.e.4310/click - {}
RESULT: {}
COMMAND: GET /session/1fb9db11838ffc8960fc9c9ba3f7ba06/screenshot - {}
RESULT: {}
COMMAND: POST /session/1fb9db11838ffc8960fc9c9ba3f7ba06/execute/async - {"script":"<script> [1562 bytes]","args":[{"selector":{"controlType":"sap.ui.core.Icon","viewName":"etm.portal.ui.manageyards.view.Master","viewId":"application-manageyards-display-component---masterYard","properties":{"src":{"regex":{"source":"add"}}}},"wdio_ui5_key":"etmportal.ui.manageyards.view.Mastersap.ui.core.Icon{\"src\":{\"regex\":{\"source\":\"add\"}}}"}]}
RESULT: {"script":"<script> [1562 bytes]","args":[{"selector":{"controlType":"sap.ui.core.Icon","viewName":"etm.portal.ui.manageyards.view.Master","viewId":"application-manageyards-display-component---masterYard","properties":{"src":{"regex":{"source":"add"}}}},"wdio_ui5_key":"etmportal.ui.manageyards.view.Mastersap.ui.core.Icon{\"src\":{\"regex\":{\"source\":\"add\"}}}"}]}
RESULT: undefined
COMMAND: POST /session/1fb9db11838ffc8960fc9c9ba3f7ba06/element - {"using":"xpath","value":"//*[@id=\"__button65-img\"]"}
RESULT: {"using":"xpath","value":"//*[@id=\"__button65-img\"]"}
COMMAND: POST /session/1fb9db11838ffc8960fc9c9ba3f7ba06/element/f.03C4E35034780EC6FC2906822C03C136.d.4D9C52126CA6CBE30EA1A8A7171A14FC.e.4347/click - {}
RESULT: {}
COMMAND: GET /session/1fb9db11838ffc8960fc9c9ba3f7ba06/screenshot - {}
RESULT: {}
COMMAND: POST /session/1fb9db11838ffc8960fc9c9ba3f7ba06/execute/async - {"script":"<script> [1562 bytes]","args":[{"selector":{"id":"application-manageyards-display-component---NewYard--yardId","interaction":{"idSuffix":"inner"}},"wdio_ui5_key":"applicationmanageyards-display-component---NewYard--yardId"}]}
RESULT: {"script":"<script> [1562 bytes]","args":[{"selector":{"id":"application-manageyards-display-component---NewYard--yardId","interaction":{"idSuffix":"inner"}},"wdio_ui5_key":"applicationmanageyards-display-component---NewYard--yardId"}]}
RESULT: undefined
COMMAND: POST /session/1fb9db11838ffc8960fc9c9ba3f7ba06/element - {"using":"xpath","value":"//*[@id=\"application-manageyards-display-component---NewYard--addressDetailDetailsName1-inner\"]"}
RESULT: {"using":"xpath","value":"//*[@id=\"application-manageyards-display-component---NewYard--addressDetailDetailsName1-inner\"]"}
COMMAND: POST /session/1fb9db11838ffc8960fc9c9ba3f7ba06/element/f.03C4E35034780EC6FC2906822C03C136.d.4D9C52126CA6CBE30EA1A8A7171A14FC.e.4579/clear - {}
RESULT: {}
COMMAND: POST /session/1fb9db11838ffc8960fc9c9ba3f7ba06/element/f.03C4E35034780EC6FC2906822C03C136.d.4D9C52126CA6CBE30EA1A8A7171A14FC.e.4579/value - {"text":"WebdriverYard29mcpk"}
COMMAND: GET /session/1fb9db11838ffc8960fc9c9ba3f7ba06/screenshot - {}
RESULT: {"text":"WebdriverYard29mcpk"}
COMMAND: POST /session/1fb9db11838ffc8960fc9c9ba3f7ba06/element - {"using":"xpath","value":"//*[@id=\"application-manageyards-display-component---NewYard--addressDetailDetailsLanguage-inner\"]"}
COMMAND: GET /session/1fb9db11838ffc8960fc9c9ba3f7ba06/screenshot - {}
RESULT: {}
RESULT: {"using":"xpath","value":"//*[@id=\"application-manageyards-display-component---NewYard--addressDetailDetailsLanguage-inner\"]"}
COMMAND: POST /session/1fb9db11838ffc8960fc9c9ba3f7ba06/element/f.03C4E35034780EC6FC2906822C03C136.d.4D9C52126CA6CBE30EA1A8A7171A14FC.e.4580/clear - {}
RESULT: {}
RESULT: {}
COMMAND: POST /session/1fb9db11838ffc8960fc9c9ba3f7ba06/element/f.03C4E35034780EC6FC2906822C03C136.d.4D9C52126CA6CBE30EA1A8A7171A14FC.e.4580/value - {"text":"Romanian"}
COMMAND: GET /session/1fb9db11838ffc8960fc9c9ba3f7ba06/screenshot - {}
RESULT: {"text":"Romanian"}
COMMAND: POST /session/1fb9db11838ffc8960fc9c9ba3f7ba06/element - {"using":"xpath","value":"//input[contains(@id ,\"application-manageyards-display-component---NewYard--addressDetailDetailsName1-inner\")]"}
COMMAND: GET /session/1fb9db11838ffc8960fc9c9ba3f7ba06/screenshot - {}
RESULT: {}
RESULT: {"using":"xpath","value":"//input[contains(@id ,\"application-manageyards-display-component---NewYard--addressDetailDetailsName1-inner\")]"}
COMMAND: GET /session/1fb9db11838ffc8960fc9c9ba3f7ba06/element/f.03C4E35034780EC6FC2906822C03C136.d.4D9C52126CA6CBE30EA1A8A7171A14FC.e.4579/property/value - {}
RESULT: {}
RESULT: {}
COMMAND: GET /session/1fb9db11838ffc8960fc9c9ba3f7ba06/screenshot - {}
RESULT: {}
COMMAND: POST /session/1fb9db11838ffc8960fc9c9ba3f7ba06/element - {"using":"xpath","value":"//*[@id=\"application-manageyards-display-component---NewYard--addressDetailDetailsCity1-inner\"]"}
RESULT: {"using":"xpath","value":"//*[@id=\"application-manageyards-display-component---NewYard--addressDetailDetailsCity1-inner\"]"}
COMMAND: POST /session/1fb9db11838ffc8960fc9c9ba3f7ba06/element/f.03C4E35034780EC6FC2906822C03C136.d.4D9C52126CA6CBE30EA1A8A7171A14FC.e.4582/clear - {}
RESULT: {}
COMMAND: POST /session/1fb9db11838ffc8960fc9c9ba3f7ba06/element/f.03C4E35034780EC6FC2906822C03C136.d.4D9C52126CA6CBE30EA1A8A7171A14FC.e.4582/value - {"text":"Bucuresti"}
COMMAND: GET /session/1fb9db11838ffc8960fc9c9ba3f7ba06/screenshot - {}
RESULT: {"text":"Bucuresti"}
COMMAND: GET /session/1fb9db11838ffc8960fc9c9ba3f7ba06/screenshot - {}
RESULT: {}
RESULT: {}
COMMAND: POST /session/1fb9db11838ffc8960fc9c9ba3f7ba06/element - {"using":"xpath","value":"//*[@id=\"application-manageyards-display-component---NewYard--addressDetailDetailsCountry-inner\"]"}
RESULT: {"using":"xpath","value":"//*[@id=\"application-manageyards-display-component---NewYard--addressDetailDetailsCountry-inner\"]"}
COMMAND: POST /session/1fb9db11838ffc8960fc9c9ba3f7ba06/element/f.03C4E35034780EC6FC2906822C03C136.d.4D9C52126CA6CBE30EA1A8A7171A14FC.e.4586/clear - {}
RESULT: {}
COMMAND: POST /session/1fb9db11838ffc8960fc9c9ba3f7ba06/element/f.03C4E35034780EC6FC2906822C03C136.d.4D9C52126CA6CBE30EA1A8A7171A14FC.e.4586/value - {"text":"Romania"}
COMMAND: GET /session/1fb9db11838ffc8960fc9c9ba3f7ba06/screenshot - {}
RESULT: {"text":"Romania"}
COMMAND: GET /session/1fb9db11838ffc8960fc9c9ba3f7ba06/screenshot - {}
RESULT: {}
RESULT: {}
COMMAND: POST /session/1fb9db11838ffc8960fc9c9ba3f7ba06/element - {"using":"xpath","value":"//div[contains(text(), \"Commercial\")]"}
RESULT: {"using":"xpath","value":"//div[contains(text(), \"Commercial\")]"}
COMMAND: GET /session/1fb9db11838ffc8960fc9c9ba3f7ba06/element/f.03C4E35034780EC6FC2906822C03C136.d.4D9C52126CA6CBE30EA1A8A7171A14FC.e.4774/rect - {}
RESULT: {}
COMMAND: GET /session/1fb9db11838ffc8960fc9c9ba3f7ba06/window/rect - {}
RESULT: {}
COMMAND: POST /session/1fb9db11838ffc8960fc9c9ba3f7ba06/execute/sync - {"script":"<script> [92 bytes]","args":[]}
RESULT: {"script":"<script> [92 bytes]","args":[]}
COMMAND: POST /session/1fb9db11838ffc8960fc9c9ba3f7ba06/actions - {"actions":[{"id":"action10","type":"wheel","parameters":{},"actions":[{"type":"scroll","x":-1841,"y":-44,"deltaX":0,"deltaY":0,"duration":0,"origin":{"element-6066-11e4-a52e-4f735466cecf":"f.03C4E35034780EC6FC2906822C03C136.d.4D9C52126CA6CBE30EA1A8A7171A14FC.e.4774"}}]}]}
COMMAND: GET /session/1fb9db11838ffc8960fc9c9ba3f7ba06/screenshot - {}
RESULT: {}
COMMAND: POST /session/1fb9db11838ffc8960fc9c9ba3f7ba06/execute/sync - {"script":"<script> [79 bytes]","args":[{"element-6066-11e4-a52e-4f735466cecf":"f.03C4E35034780EC6FC2906822C03C136.d.4D9C52126CA6CBE30EA1A8A7171A14FC.e.4774","ELEMENT":"f.03C4E35034780EC6FC2906822C03C136.d.4D9C52126CA6CBE30EA1A8A7171A14FC.e.4774"},{"block":"start","inline":"nearest"}]}
RESULT: {"script":"<script> [79 bytes]","args":[{"element-6066-11e4-a52e-4f735466cecf":"f.03C4E35034780EC6FC2906822C03C136.d.4D9C52126CA6CBE30EA1A8A7171A14FC.e.4774","ELEMENT":"f.03C4E35034780EC6FC2906822C03C136.d.4D9C52126CA6CBE30EA1A8A7171A14FC.e.4774"},{"block":"start","inline":"nearest"}]}
COMMAND: GET /session/1fb9db11838ffc8960fc9c9ba3f7ba06/screenshot - {}
RESULT: {}
COMMAND: POST /session/1fb9db11838ffc8960fc9c9ba3f7ba06/execute/async - {"script":"<script> [1562 bytes]","args":[{"selector":{"id":"application-manageyards-display-component---NewYard--addressEditDetailsCostObjectCstType-arrow"},"wdio_ui5_key":"applicationmanageyards-display-component---NewYard--addressEditDetailsCostObjectCstType-arrow"}]}
RESULT: {"script":"<script> [1562 bytes]","args":[{"selector":{"id":"application-manageyards-display-component---NewYard--addressEditDetailsCostObjectCstType-arrow"},"wdio_ui5_key":"applicationmanageyards-display-component---NewYard--addressEditDetailsCostObjectCstType-arrow"}]}
RESULT: undefined
COMMAND: POST /session/1fb9db11838ffc8960fc9c9ba3f7ba06/element - {"using":"xpath","value":"//*[@id=\"application-manageyards-display-component---NewYard--addressEditDetailsCostObjectCstType-arrow\"]"}
RESULT: {"using":"xpath","value":"//*[@id=\"application-manageyards-display-component---NewYard--addressEditDetailsCostObjectCstType-arrow\"]"}
COMMAND: POST /session/1fb9db11838ffc8960fc9c9ba3f7ba06/element/f.03C4E35034780EC6FC2906822C03C136.d.4D9C52126CA6CBE30EA1A8A7171A14FC.e.4782/click - {}
RESULT: {}
COMMAND: POST /session/1fb9db11838ffc8960fc9c9ba3f7ba06/element - {"using":"xpath","value":"//span[contains(text(), \"Cost Center\")]"}
COMMAND: GET /session/1fb9db11838ffc8960fc9c9ba3f7ba06/screenshot - {}
RESULT: {"using":"xpath","value":"//span[contains(text(), \"Cost Center\")]"}
COMMAND: POST /session/1fb9db11838ffc8960fc9c9ba3f7ba06/element/f.03C4E35034780EC6FC2906822C03C136.d.4D9C52126CA6CBE30EA1A8A7171A14FC.e.4783/click - {}
RESULT: {}
RESULT: {}
COMMAND: GET /session/1fb9db11838ffc8960fc9c9ba3f7ba06/screenshot - {}
RESULT: {}
COMMAND: POST /session/1fb9db11838ffc8960fc9c9ba3f7ba06/execute/async - {"script":"<script> [1562 bytes]","args":[{"selector":{"id":"application-manageyards-display-component---NewYard--addressNewCostObjectCstID-vhi"},"wdio_ui5_key":"applicationmanageyards-display-component---NewYard--addressNewCostObjectCstID-vhi"}]}
RESULT: {"script":"<script> [1562 bytes]","args":[{"selector":{"id":"application-manageyards-display-component---NewYard--addressNewCostObjectCstID-vhi"},"wdio_ui5_key":"applicationmanageyards-display-component---NewYard--addressNewCostObjectCstID-vhi"}]}
RESULT: undefined
COMMAND: POST /session/1fb9db11838ffc8960fc9c9ba3f7ba06/element - {"using":"xpath","value":"//*[@id=\"application-manageyards-display-component---NewYard--addressNewCostObjectCstID-vhi\"]"}
RESULT: {"using":"xpath","value":"//*[@id=\"application-manageyards-display-component---NewYard--addressNewCostObjectCstID-vhi\"]"}
COMMAND: POST /session/1fb9db11838ffc8960fc9c9ba3f7ba06/element/f.03C4E35034780EC6FC2906822C03C136.d.4D9C52126CA6CBE30EA1A8A7171A14FC.e.4799/click - {}
RESULT: {}
COMMAND: GET /session/1fb9db11838ffc8960fc9c9ba3f7ba06/screenshot - {}
RESULT: {}
COMMAND: POST /session/1fb9db11838ffc8960fc9c9ba3f7ba06/execute/async - {"script":"<script> [1562 bytes]","args":[{"selector":{"controlType":"sap.m.SearchField","properties":{"placeholder":"Search"},"searchOpenDialogs":true,"interaction":{"idSuffix":"I"}},"wdio_ui5_key":"sapm.SearchField{\"placeholder\":\"Search\"}"}]}
RESULT: {"script":"<script> [1562 bytes]","args":[{"selector":{"controlType":"sap.m.SearchField","properties":{"placeholder":"Search"},"searchOpenDialogs":true,"interaction":{"idSuffix":"I"}},"wdio_ui5_key":"sapm.SearchField{\"placeholder\":\"Search\"}"}]}
RESULT: undefined
COMMAND: POST /session/1fb9db11838ffc8960fc9c9ba3f7ba06/execute/async - {"script":"<script> [776 bytes]","args":[{"enterText":"10001013","selector":{"controlType":"sap.m.SearchField","properties":{"placeholder":"Search"},"searchOpenDialogs":true,"interaction":{"idSuffix":"I"}},"clearTextFirst":true,"interactionType":"ENTER_TEXT"}]}
RESULT: {"script":"<script> [776 bytes]","args":[{"enterText":"10001013","selector":{"controlType":"sap.m.SearchField","properties":{"placeholder":"Search"},"searchOpenDialogs":true,"interaction":{"idSuffix":"I"}},"clearTextFirst":true,"interactionType":"ENTER_TEXT"}]}
COMMAND: POST /session/1fb9db11838ffc8960fc9c9ba3f7ba06/actions - {"actions":[{"id":"action11","type":"key","parameters":{},"actions":[{"type":"keyDown","value":"î€‡"},{"type":"pause","duration":10},{"type":"keyUp","value":"î€‡"}]}]}
RESULT: {"actions":[{"id":"action11","type":"key","parameters":{},"actions":[{"type":"keyDown","value":"î€‡"},{"type":"pause","duration":10},{"type":"keyUp","value":"î€‡"}]}]}
COMMAND: GET /session/1fb9db11838ffc8960fc9c9ba3f7ba06/screenshot - {}
RESULT: {}
COMMAND: POST /session/1fb9db11838ffc8960fc9c9ba3f7ba06/element - {"using":"xpath","value":"//span[contains(text(), \"General Management\")]"}
RESULT: {"using":"xpath","value":"//span[contains(text(), \"General Management\")]"}
COMMAND: POST /session/1fb9db11838ffc8960fc9c9ba3f7ba06/element/f.03C4E35034780EC6FC2906822C03C136.d.4D9C52126CA6CBE30EA1A8A7171A14FC.e.4841/click - {}
RESULT: {}
COMMAND: GET /session/1fb9db11838ffc8960fc9c9ba3f7ba06/screenshot - {}
RESULT: {}
COMMAND: POST /session/1fb9db11838ffc8960fc9c9ba3f7ba06/element - {"using":"xpath","value":"//bdi[contains(text(), \"OK\")]"}
RESULT: {"using":"xpath","value":"//bdi[contains(text(), \"OK\")]"}
COMMAND: POST /session/1fb9db11838ffc8960fc9c9ba3f7ba06/element/f.03C4E35034780EC6FC2906822C03C136.d.4D9C52126CA6CBE30EA1A8A7171A14FC.e.4842/click - {}
RESULT: {}
COMMAND: GET /session/1fb9db11838ffc8960fc9c9ba3f7ba06/screenshot - {}
RESULT: {}
COMMAND: POST /session/1fb9db11838ffc8960fc9c9ba3f7ba06/execute/async - {"script":"<script> [1562 bytes]","args":[{"selector":{"controlType":"sap.m.Button","viewName":"etm.portal.ui.manageyards.view.New","viewId":"application-manageyards-display-component---NewYard","i18NText":{"propertyName":"text","key":"save"},"interaction":{"idSuffix":"inner"}},"wdio_ui5_key":"etmportal.ui.manageyards.view.Newsap.m.Button{\"propertyName\":\"text\",\"key\":\"save\"}"}]}
RESULT: {"script":"<script> [1562 bytes]","args":[{"selector":{"controlType":"sap.m.Button","viewName":"etm.portal.ui.manageyards.view.New","viewId":"application-manageyards-display-component---NewYard","i18NText":{"propertyName":"text","key":"save"},"interaction":{"idSuffix":"inner"}},"wdio_ui5_key":"etmportal.ui.manageyards.view.Newsap.m.Button{\"propertyName\":\"text\",\"key\":\"save\"}"}]}
RESULT: undefined
COMMAND: POST /session/1fb9db11838ffc8960fc9c9ba3f7ba06/element - {"using":"xpath","value":"//*[@id=\"__button79\"]"}
RESULT: {"using":"xpath","value":"//*[@id=\"__button79\"]"}
COMMAND: POST /session/1fb9db11838ffc8960fc9c9ba3f7ba06/element/f.03C4E35034780EC6FC2906822C03C136.d.4D9C52126CA6CBE30EA1A8A7171A14FC.e.4755/click - {}
RESULT: {}
COMMAND: GET /session/1fb9db11838ffc8960fc9c9ba3f7ba06/screenshot - {}
RESULT: {}
COMMAND: POST /session/1fb9db11838ffc8960fc9c9ba3f7ba06/element - {"using":"xpath","value":"//header/div/div[2]/div[2]/span"}
RESULT: {"using":"xpath","value":"//header/div/div[2]/div[2]/span"}
COMMAND: GET /session/1fb9db11838ffc8960fc9c9ba3f7ba06/element/f.03C4E35034780EC6FC2906822C03C136.d.4D9C52126CA6CBE30EA1A8A7171A14FC.e.5040/text - {}
RESULT: {}
COMMAND: POST /session/1fb9db11838ffc8960fc9c9ba3f7ba06/execute/async - {"script":"<script> [1562 bytes]","args":[{"selector":{"controlType":"sap.m.OverflowToolbarButton","viewName":"etm.portal.ui.manageyards.view.Detail","viewId":"application-manageyards-display-component---detailYard","i18NText":{"propertyName":"tooltip","key":"closeColumn"},"interaction":{"idSuffix":"inner"}},"wdio_ui5_key":"etmportal.ui.manageyards.view.Detailsap.m.OverflowToolbarButton{\"propertyName\":\"tooltip\",\"key\":\"closeColumn\"}"}]}
RESULT: {"script":"<script> [1562 bytes]","args":[{"selector":{"controlType":"sap.m.OverflowToolbarButton","viewName":"etm.portal.ui.manageyards.view.Detail","viewId":"application-manageyards-display-component---detailYard","i18NText":{"propertyName":"tooltip","key":"closeColumn"},"interaction":{"idSuffix":"inner"}},"wdio_ui5_key":"etmportal.ui.manageyards.view.Detailsap.m.OverflowToolbarButton{\"propertyName\":\"tooltip\",\"key\":\"closeColumn\"}"}]}
RESULT: undefined
COMMAND: POST /session/1fb9db11838ffc8960fc9c9ba3f7ba06/element - {"using":"xpath","value":"//*[@id=\"__button103\"]"}
RESULT: {"using":"xpath","value":"//*[@id=\"__button103\"]"}
COMMAND: POST /session/1fb9db11838ffc8960fc9c9ba3f7ba06/element/f.03C4E35034780EC6FC2906822C03C136.d.4D9C52126CA6CBE30EA1A8A7171A14FC.e.5042/click - {}
RESULT: {}
COMMAND: GET /session/1fb9db11838ffc8960fc9c9ba3f7ba06/screenshot - {}
RESULT: {}
COMMAND: POST /session/1fb9db11838ffc8960fc9c9ba3f7ba06/element - {"using":"css selector","value":"#shell-header-logo"}
RESULT: {"using":"css selector","value":"#shell-header-logo"}
COMMAND: POST /session/1fb9db11838ffc8960fc9c9ba3f7ba06/element/f.03C4E35034780EC6FC2906822C03C136.d.4D9C52126CA6CBE30EA1A8A7171A14FC.e.4309/click - {}
RESULT: {}
COMMAND: GET /session/1fb9db11838ffc8960fc9c9ba3f7ba06/screenshot - {}
RESULT: {}
COMMAND: POST /session/1fb9db11838ffc8960fc9c9ba3f7ba06/refresh - {}
RESULT: {}
COMMAND: GET /session/1fb9db11838ffc8960fc9c9ba3f7ba06/screenshot - {}
RESULT: {}
COMMAND: POST /session/1fb9db11838ffc8960fc9c9ba3f7ba06/execute/async - {"script":"<script> [189 bytes]","args":[]}
RESULT: {"script":"<script> [189 bytes]","args":[]}
COMMAND: POST /session/1fb9db11838ffc8960fc9c9ba3f7ba06/execute/async - {"script":"<script> [123 bytes]","args":[]}
RESULT: {"script":"<script> [123 bytes]","args":[]}
COMMAND: POST /session/1fb9db11838ffc8960fc9c9ba3f7ba06/timeouts - {"script":"<number>"}
RESULT: {"script":"<number>"}
COMMAND: GET /session/1fb9db11838ffc8960fc9c9ba3f7ba06/timeouts - {}
RESULT: {}
RESULT: undefined
COMMAND: POST /session/1fb9db11838ffc8960fc9c9ba3f7ba06/execute/async - {"script":"<script> [2676 bytes]","args":[]}
RESULT: {"script":"<script> [2676 bytes]","args":[]}
COMMAND: POST /session/1fb9db11838ffc8960fc9c9ba3f7ba06/execute/async - {"script":"<script> [2342 bytes]","args":[{"protocol":"http","hostname":"0.0.0.0","path":"/","capabilities":{"browserName":"chrome","goog:chromeOptions":{"binary":"C:\\Program Files\\Google\\Chrome\\Application\\chrome.exe","args":["--start-maximized"]}},"logLevel":"warn","connectionRetryTimeout":120000,"connectionRetryCount":3,"logLevels":{},"enableDirectConnect":true,"strictSSL":true,"_":"65 more keys: [\"cacheDir\",\"port\",\"requestedCapabilities\",\"automationProtocol\",\"baseUrl\",\"waitforInterval\",\"waitforTimeout\",\"onReload\",\"beforeCommand\",\"afterCommand\",\"rootDir\",\"specs\",\"suites\",\"exclude\",\"groupLogsByTestSpec\",\"excludeDriverLogs\",\"bail\",\"framework\",\"reporters\",\"services\",\"maxInstances\",\"maxInstancesPerCapability\",\"injectGlobals\",\"filesToWatch\",\"execArgv\",\"runnerEnv\",\"runner\",\"shard\",\"specFileRetries\",\"specFileRetriesDelay\",\"specFileRetriesDeferred\",\"reporterSyncInterval\",\"reporterSyncTimeout\",\"cucumberFeaturesWithLineNumbers\",\"autoCompileOpts\",\"mochaOpts\",\"jasmineOpts\",\"cucumberOpts\",\"onPrepare\",\"onWorkerStart\",\"onWorkerEnd\",\"before\",\"beforeSession\",\"beforeSuite\",\"beforeHook\",\"beforeTest\",\"afterTest\",\"afterHook\",\"afterSuite\",\"afterSession\",\"after\",\"onComplete\",\"beforeAssertion\",\"afterAssertion\",\"beforeFeature\",\"beforeScenario\",\"beforeStep\",\"afterStep\",\"afterScenario\",\"afterFeature\",\"_\",\"suite\",\"$0\",\"ignoredWorkerServices\",\"wdi5\"]"}]}
RESULT: {"script":"<script> [2342 bytes]","args":[{"protocol":"http","hostname":"0.0.0.0","path":"/","capabilities":{"browserName":"chrome","goog:chromeOptions":{"binary":"C:\\Program Files\\Google\\Chrome\\Application\\chrome.exe","args":["--start-maximized"]}},"logLevel":"warn","connectionRetryTimeout":120000,"connectionRetryCount":3,"logLevels":{},"enableDirectConnect":true,"strictSSL":true,"_":"65 more keys: [\"cacheDir\",\"port\",\"requestedCapabilities\",\"automationProtocol\",\"baseUrl\",\"waitforInterval\",\"waitforTimeout\",\"onReload\",\"beforeCommand\",\"afterCommand\",\"rootDir\",\"specs\",\"suites\",\"exclude\",\"groupLogsByTestSpec\",\"excludeDriverLogs\",\"bail\",\"framework\",\"reporters\",\"services\",\"maxInstances\",\"maxInstancesPerCapability\",\"injectGlobals\",\"filesToWatch\",\"execArgv\",\"runnerEnv\",\"runner\",\"shard\",\"specFileRetries\",\"specFileRetriesDelay\",\"specFileRetriesDeferred\",\"reporterSyncInterval\",\"reporterSyncTimeout\",\"cucumberFeaturesWithLineNumbers\",\"autoCompileOpts\",\"mochaOpts\",\"jasmineOpts\",\"cucumberOpts\",\"onPrepare\",\"onWorkerStart\",\"onWorkerEnd\",\"before\",\"beforeSession\",\"beforeSuite\",\"beforeHook\",\"beforeTest\",\"afterTest\",\"afterHook\",\"afterSuite\",\"afterSession\",\"after\",\"onComplete\",\"beforeAssertion\",\"afterAssertion\",\"beforeFeature\",\"beforeScenario\",\"beforeStep\",\"afterStep\",\"afterScenario\",\"afterFeature\",\"_\",\"suite\",\"$0\",\"ignoredWorkerServices\",\"wdi5\"]"}]}
COMMAND: POST /session/1fb9db11838ffc8960fc9c9ba3f7ba06/execute/async - {"script":"<script> [21126 bytes]","args":[35000]}
RESULT: {"script":"<script> [21126 bytes]","args":[35000]}
COMMAND: POST /session/1fb9db11838ffc8960fc9c9ba3f7ba06/execute/async - {"script":"<script> [1562 bytes]","args":[{"selector":{"controlType":"sap.m.GenericTile","properties":{"header":"Manage Partners"}},"wdio_ui5_key":"sapm.GenericTile{\"header\":\"Manage Partners\"}"}]}
RESULT: {"script":"<script> [1562 bytes]","args":[{"selector":{"controlType":"sap.m.GenericTile","properties":{"header":"Manage Partners"}},"wdio_ui5_key":"sapm.GenericTile{\"header\":\"Manage Partners\"}"}]}
RESULT: undefined
COMMAND: POST /session/1fb9db11838ffc8960fc9c9ba3f7ba06/element - {"using":"xpath","value":"//*[@id=\"__tile38\"]"}
RESULT: {"using":"xpath","value":"//*[@id=\"__tile38\"]"}
COMMAND: POST /session/1fb9db11838ffc8960fc9c9ba3f7ba06/element/f.03C4E35034780EC6FC2906822C03C136.d.0BE97E391EA41574F4EC4D95B634094B.e.5398/click - {}
RESULT: {}
COMMAND: GET /session/1fb9db11838ffc8960fc9c9ba3f7ba06/screenshot - {}
RESULT: {}
COMMAND: POST /session/1fb9db11838ffc8960fc9c9ba3f7ba06/execute/async - {"script":"<script> [1562 bytes]","args":[{"selector":{"controlType":"sap.ui.core.Icon","viewName":"etm.portal.ui.managepartners.view.Master","viewId":"application-managepartners-display-component---masterPtm","properties":{"src":{"regex":{"source":"add"}}}},"wdio_ui5_key":"etmportal.ui.managepartners.view.Mastersap.ui.core.Icon{\"src\":{\"regex\":{\"source\":\"add\"}}}"}]}
RESULT: {"script":"<script> [1562 bytes]","args":[{"selector":{"controlType":"sap.ui.core.Icon","viewName":"etm.portal.ui.managepartners.view.Master","viewId":"application-managepartners-display-component---masterPtm","properties":{"src":{"regex":{"source":"add"}}}},"wdio_ui5_key":"etmportal.ui.managepartners.view.Mastersap.ui.core.Icon{\"src\":{\"regex\":{\"source\":\"add\"}}}"}]}
RESULT: undefined
COMMAND: POST /session/1fb9db11838ffc8960fc9c9ba3f7ba06/element - {"using":"xpath","value":"//*[@id=\"__button4-img\"]"}
RESULT: {"using":"xpath","value":"//*[@id=\"__button4-img\"]"}
COMMAND: POST /session/1fb9db11838ffc8960fc9c9ba3f7ba06/element/f.03C4E35034780EC6FC2906822C03C136.d.0BE97E391EA41574F4EC4D95B634094B.e.5448/click - {}
RESULT: {}
COMMAND: GET /session/1fb9db11838ffc8960fc9c9ba3f7ba06/screenshot - {}
RESULT: {}
COMMAND: POST /session/1fb9db11838ffc8960fc9c9ba3f7ba06/execute/async - {"script":"<script> [1562 bytes]","args":[{"selector":{"id":"application-managepartners-display-component---NewPartner--partnerId","interaction":{"idSuffix":"inner"}},"wdio_ui5_key":"applicationmanagepartners-display-component---NewPartner--partnerId"}]}
RESULT: {"script":"<script> [1562 bytes]","args":[{"selector":{"id":"application-managepartners-display-component---NewPartner--partnerId","interaction":{"idSuffix":"inner"}},"wdio_ui5_key":"applicationmanagepartners-display-component---NewPartner--partnerId"}]}
RESULT: undefined
COMMAND: POST /session/1fb9db11838ffc8960fc9c9ba3f7ba06/execute/async - {"script":"<script> [1562 bytes]","args":[{"selector":{"id":"application-managepartners-display-component---NewPartner--addressDetailDetailsName1","interaction":{"idSuffix":"inner"}},"wdio_ui5_key":"applicationmanagepartners-display-component---NewPartner--addressDetailDetailsName1"}]}
RESULT: {"script":"<script> [1562 bytes]","args":[{"selector":{"id":"application-managepartners-display-component---NewPartner--addressDetailDetailsName1","interaction":{"idSuffix":"inner"}},"wdio_ui5_key":"applicationmanagepartners-display-component---NewPartner--addressDetailDetailsName1"}]}
RESULT: undefined
COMMAND: POST /session/1fb9db11838ffc8960fc9c9ba3f7ba06/execute/async - {"script":"<script> [776 bytes]","args":[{"enterText":"WebdriverPartnerlbpxa","selector":{"id":"application-managepartners-display-component---NewPartner--addressDetailDetailsName1","interaction":{"idSuffix":"inner"}},"clearTextFirst":true,"interactionType":"ENTER_TEXT"}]}
RESULT: {"script":"<script> [776 bytes]","args":[{"enterText":"WebdriverPartnerlbpxa","selector":{"id":"application-managepartners-display-component---NewPartner--addressDetailDetailsName1","interaction":{"idSuffix":"inner"}},"clearTextFirst":true,"interactionType":"ENTER_TEXT"}]}
COMMAND: POST /session/1fb9db11838ffc8960fc9c9ba3f7ba06/execute/async - {"script":"<script> [1562 bytes]","args":[{"selector":{"id":"application-managepartners-display-component---NewPartner--addressDetailDetailsLanguage","interaction":{"idSuffix":"inner"}},"wdio_ui5_key":"applicationmanagepartners-display-component---NewPartner--addressDetailDetailsLanguage"}]}
RESULT: {"script":"<script> [1562 bytes]","args":[{"selector":{"id":"application-managepartners-display-component---NewPartner--addressDetailDetailsLanguage","interaction":{"idSuffix":"inner"}},"wdio_ui5_key":"applicationmanagepartners-display-component---NewPartner--addressDetailDetailsLanguage"}]}
RESULT: undefined
COMMAND: POST /session/1fb9db11838ffc8960fc9c9ba3f7ba06/execute/async - {"script":"<script> [776 bytes]","args":[{"enterText":"Romanian","selector":{"id":"application-managepartners-display-component---NewPartner--addressDetailDetailsLanguage","interaction":{"idSuffix":"inner"}},"clearTextFirst":true,"interactionType":"ENTER_TEXT"}]}
RESULT: {"script":"<script> [776 bytes]","args":[{"enterText":"Romanian","selector":{"id":"application-managepartners-display-component---NewPartner--addressDetailDetailsLanguage","interaction":{"idSuffix":"inner"}},"clearTextFirst":true,"interactionType":"ENTER_TEXT"}]}
COMMAND: POST /session/1fb9db11838ffc8960fc9c9ba3f7ba06/element - {"using":"xpath","value":"//input[contains(@id ,\"application-managepartners-display-component---NewPartner--addressDetailDetailsName1-inner\")]"}
RESULT: {"using":"xpath","value":"//input[contains(@id ,\"application-managepartners-display-component---NewPartner--addressDetailDetailsName1-inner\")]"}
COMMAND: GET /session/1fb9db11838ffc8960fc9c9ba3f7ba06/element/f.03C4E35034780EC6FC2906822C03C136.d.0BE97E391EA41574F4EC4D95B634094B.e.5660/property/value - {}
RESULT: {}
COMMAND: POST /session/1fb9db11838ffc8960fc9c9ba3f7ba06/execute/async - {"script":"<script> [1562 bytes]","args":[{"selector":{"id":"application-managepartners-display-component---NewPartner--addressDetailDetailsCity1","interaction":{"idSuffix":"inner"}},"wdio_ui5_key":"applicationmanagepartners-display-component---NewPartner--addressDetailDetailsCity1"}]}
COMMAND: GET /session/1fb9db11838ffc8960fc9c9ba3f7ba06/screenshot - {}
RESULT: {"script":"<script> [1562 bytes]","args":[{"selector":{"id":"application-managepartners-display-component---NewPartner--addressDetailDetailsCity1","interaction":{"idSuffix":"inner"}},"wdio_ui5_key":"applicationmanagepartners-display-component---NewPartner--addressDetailDetailsCity1"}]}
RESULT: undefined
COMMAND: POST /session/1fb9db11838ffc8960fc9c9ba3f7ba06/execute/async - {"script":"<script> [776 bytes]","args":[{"enterText":"Bucharest","selector":{"id":"application-managepartners-display-component---NewPartner--addressDetailDetailsCity1","interaction":{"idSuffix":"inner"}},"clearTextFirst":true,"interactionType":"ENTER_TEXT"}]}
RESULT: {}
RESULT: {"script":"<script> [776 bytes]","args":[{"enterText":"Bucharest","selector":{"id":"application-managepartners-display-component---NewPartner--addressDetailDetailsCity1","interaction":{"idSuffix":"inner"}},"clearTextFirst":true,"interactionType":"ENTER_TEXT"}]}
COMMAND: POST /session/1fb9db11838ffc8960fc9c9ba3f7ba06/execute/async - {"script":"<script> [1562 bytes]","args":[{"selector":{"id":"application-managepartners-display-component---NewPartner--addressDetailDetailsCountry","interaction":{"idSuffix":"inner"}},"wdio_ui5_key":"applicationmanagepartners-display-component---NewPartner--addressDetailDetailsCountry"}]}
RESULT: {"script":"<script> [1562 bytes]","args":[{"selector":{"id":"application-managepartners-display-component---NewPartner--addressDetailDetailsCountry","interaction":{"idSuffix":"inner"}},"wdio_ui5_key":"applicationmanagepartners-display-component---NewPartner--addressDetailDetailsCountry"}]}
RESULT: undefined
COMMAND: POST /session/1fb9db11838ffc8960fc9c9ba3f7ba06/execute/async - {"script":"<script> [6424 bytes]","args":[{"element-6066-11e4-a52e-4f735466cecf":"f.03C4E35034780EC6FC2906822C03C136.d.0BE97E391EA41574F4EC4D95B634094B.e.5667"},"setValue",["Romania"]]}
RESULT: {"script":"<script> [6424 bytes]","args":[{"element-6066-11e4-a52e-4f735466cecf":"f.03C4E35034780EC6FC2906822C03C136.d.0BE97E391EA41574F4EC4D95B634094B.e.5667"},"setValue",["Romania"]]}
COMMAND: POST /session/1fb9db11838ffc8960fc9c9ba3f7ba06/execute/async - {"script":"<script> [1562 bytes]","args":[{"selector":{"id":"application-managepartners-display-component---NewPartner--partnerDetailInternal","interaction":{"idSuffix":"inner"}},"wdio_ui5_key":"applicationmanagepartners-display-component---NewPartner--partnerDetailInternal"}]}
RESULT: {"script":"<script> [1562 bytes]","args":[{"selector":{"id":"application-managepartners-display-component---NewPartner--partnerDetailInternal","interaction":{"idSuffix":"inner"}},"wdio_ui5_key":"applicationmanagepartners-display-component---NewPartner--partnerDetailInternal"}]}
RESULT: undefined
COMMAND: POST /session/1fb9db11838ffc8960fc9c9ba3f7ba06/execute/async - {"script":"<script> [776 bytes]","args":[{"enterText":"External partner","selector":{"id":"application-managepartners-display-component---NewPartner--partnerDetailInternal","interaction":{"idSuffix":"inner"}},"clearTextFirst":true,"interactionType":"ENTER_TEXT"}]}
RESULT: {"script":"<script> [776 bytes]","args":[{"enterText":"External partner","selector":{"id":"application-managepartners-display-component---NewPartner--partnerDetailInternal","interaction":{"idSuffix":"inner"}},"clearTextFirst":true,"interactionType":"ENTER_TEXT"}]}
COMMAND: POST /session/1fb9db11838ffc8960fc9c9ba3f7ba06/execute/async - {"script":"<script> [1562 bytes]","args":[{"selector":{"id":"application-managepartners-display-component---NewPartner--partnerDetailsCurrency","interaction":{"idSuffix":"inner"}},"wdio_ui5_key":"applicationmanagepartners-display-component---NewPartner--partnerDetailsCurrency"}]}
RESULT: {"script":"<script> [1562 bytes]","args":[{"selector":{"id":"application-managepartners-display-component---NewPartner--partnerDetailsCurrency","interaction":{"idSuffix":"inner"}},"wdio_ui5_key":"applicationmanagepartners-display-component---NewPartner--partnerDetailsCurrency"}]}
RESULT: undefined
COMMAND: POST /session/1fb9db11838ffc8960fc9c9ba3f7ba06/execute/async - {"script":"<script> [776 bytes]","args":[{"enterText":"Euro","selector":{"id":"application-managepartners-display-component---NewPartner--partnerDetailsCurrency","interaction":{"idSuffix":"inner"}},"clearTextFirst":true,"interactionType":"ENTER_TEXT"}]}
RESULT: {"script":"<script> [776 bytes]","args":[{"enterText":"Euro","selector":{"id":"application-managepartners-display-component---NewPartner--partnerDetailsCurrency","interaction":{"idSuffix":"inner"}},"clearTextFirst":true,"interactionType":"ENTER_TEXT"}]}
COMMAND: POST /session/1fb9db11838ffc8960fc9c9ba3f7ba06/execute/async - {"script":"<script> [1562 bytes]","args":[{"selector":{"controlType":"sap.m.Button","viewName":"etm.portal.ui.managepartners.view.NewPartner","viewId":"application-managepartners-display-component---NewPartner","properties":{"text":"Commercial"},"interaction":{"idSuffix":"BDI-content"}},"wdio_ui5_key":"etmportal.ui.managepartners.view.NewPartnersap.m.Button{\"text\":\"Commercial\"}"}]}
RESULT: {"script":"<script> [1562 bytes]","args":[{"selector":{"controlType":"sap.m.Button","viewName":"etm.portal.ui.managepartners.view.NewPartner","viewId":"application-managepartners-display-component---NewPartner","properties":{"text":"Commercial"},"interaction":{"idSuffix":"BDI-content"}},"wdio_ui5_key":"etmportal.ui.managepartners.view.NewPartnersap.m.Button{\"text\":\"Commercial\"}"}]}
RESULT: undefined
COMMAND: POST /session/1fb9db11838ffc8960fc9c9ba3f7ba06/element - {"using":"xpath","value":"//*[@id=\"application-managepartners-display-component---NewPartner--ObjectPageLayout-anchBar-__section5-anchor\"]"}
RESULT: {"using":"xpath","value":"//*[@id=\"application-managepartners-display-component---NewPartner--ObjectPageLayout-anchBar-__section5-anchor\"]"}
COMMAND: POST /session/1fb9db11838ffc8960fc9c9ba3f7ba06/element/f.03C4E35034780EC6FC2906822C03C136.d.0BE97E391EA41574F4EC4D95B634094B.e.5860/click - {}
RESULT: {}
COMMAND: GET /session/1fb9db11838ffc8960fc9c9ba3f7ba06/screenshot - {}
RESULT: {}
COMMAND: POST /session/1fb9db11838ffc8960fc9c9ba3f7ba06/execute/async - {"script":"<script> [1562 bytes]","args":[{"selector":{"id":"application-managepartners-display-component---NewPartner--btnAddTableRow-img"},"wdio_ui5_key":"applicationmanagepartners-display-component---NewPartner--btnAddTableRow-img"}]}
RESULT: {"script":"<script> [1562 bytes]","args":[{"selector":{"id":"application-managepartners-display-component---NewPartner--btnAddTableRow-img"},"wdio_ui5_key":"applicationmanagepartners-display-component---NewPartner--btnAddTableRow-img"}]}
RESULT: undefined
COMMAND: POST /session/1fb9db11838ffc8960fc9c9ba3f7ba06/element - {"using":"xpath","value":"//*[@id=\"application-managepartners-display-component---NewPartner--btnAddTableRow-img\"]"}
RESULT: {"using":"xpath","value":"//*[@id=\"application-managepartners-display-component---NewPartner--btnAddTableRow-img\"]"}
COMMAND: POST /session/1fb9db11838ffc8960fc9c9ba3f7ba06/element/f.03C4E35034780EC6FC2906822C03C136.d.0BE97E391EA41574F4EC4D95B634094B.e.5865/click - {}
RESULT: {}
COMMAND: POST /session/1fb9db11838ffc8960fc9c9ba3f7ba06/element - {"using":"xpath","value":"//input[contains(@id ,\"application-managepartners-display-component---NewPartner--assignmentYard-application-managepartners-display-component---NewPartner\")]"}
COMMAND: GET /session/1fb9db11838ffc8960fc9c9ba3f7ba06/screenshot - {}
RESULT: {"using":"xpath","value":"//input[contains(@id ,\"application-managepartners-display-component---NewPartner--assignmentYard-application-managepartners-display-component---NewPartner\")]"}
COMMAND: POST /session/1fb9db11838ffc8960fc9c9ba3f7ba06/element/f.03C4E35034780EC6FC2906822C03C136.d.0BE97E391EA41574F4EC4D95B634094B.e.5870/clear - {}
RESULT: {}
RESULT: {}
COMMAND: POST /session/1fb9db11838ffc8960fc9c9ba3f7ba06/element/f.03C4E35034780EC6FC2906822C03C136.d.0BE97E391EA41574F4EC4D95B634094B.e.5870/value - {"text":"243"}
COMMAND: GET /session/1fb9db11838ffc8960fc9c9ba3f7ba06/screenshot - {}
RESULT: {"text":"243"}
COMMAND: GET /session/1fb9db11838ffc8960fc9c9ba3f7ba06/screenshot - {}
RESULT: {}
RESULT: {}
COMMAND: POST /session/1fb9db11838ffc8960fc9c9ba3f7ba06/execute/async - {"script":"<script> [1562 bytes]","args":[{"selector":{"controlType":"sap.m.Button","viewName":"etm.portal.ui.managepartners.view.NewPartner","viewId":"application-managepartners-display-component---NewPartner","i18NText":{"propertyName":"text","key":"save"},"interaction":{"idSuffix":"BDI-content"}},"wdio_ui5_key":"etmportal.ui.managepartners.view.NewPartnersap.m.Button{\"propertyName\":\"text\",\"key\":\"save\"}"}]}
RESULT: {"script":"<script> [1562 bytes]","args":[{"selector":{"controlType":"sap.m.Button","viewName":"etm.portal.ui.managepartners.view.NewPartner","viewId":"application-managepartners-display-component---NewPartner","i18NText":{"propertyName":"text","key":"save"},"interaction":{"idSuffix":"BDI-content"}},"wdio_ui5_key":"etmportal.ui.managepartners.view.NewPartnersap.m.Button{\"propertyName\":\"text\",\"key\":\"save\"}"}]}
RESULT: undefined
COMMAND: POST /session/1fb9db11838ffc8960fc9c9ba3f7ba06/element - {"using":"xpath","value":"//*[@id=\"__button12\"]"}
RESULT: {"using":"xpath","value":"//*[@id=\"__button12\"]"}
COMMAND: POST /session/1fb9db11838ffc8960fc9c9ba3f7ba06/element/f.03C4E35034780EC6FC2906822C03C136.d.0BE97E391EA41574F4EC4D95B634094B.e.5834/click - {}
RESULT: {}
COMMAND: GET /session/1fb9db11838ffc8960fc9c9ba3f7ba06/screenshot - {}
RESULT: {}
COMMAND: POST /session/1fb9db11838ffc8960fc9c9ba3f7ba06/element - {"using":"xpath","value":"//header/div/div[2]/div[2]/span"}
RESULT: {"using":"xpath","value":"//header/div/div[2]/div[2]/span"}
COMMAND: GET /session/1fb9db11838ffc8960fc9c9ba3f7ba06/element/f.03C4E35034780EC6FC2906822C03C136.d.0BE97E391EA41574F4EC4D95B634094B.e.6039/text - {}
RESULT: {}
COMMAND: POST /session/1fb9db11838ffc8960fc9c9ba3f7ba06/element - {"using":"xpath","value":"//header/div/div/div/div/div/div[2]/div/span"}
RESULT: {"using":"xpath","value":"//header/div/div/div/div/div/div[2]/div/span"}
COMMAND: GET /session/1fb9db11838ffc8960fc9c9ba3f7ba06/element/f.03C4E35034780EC6FC2906822C03C136.d.0BE97E391EA41574F4EC4D95B634094B.e.6040/text - {}
RESULT: {}
COMMAND: POST /session/1fb9db11838ffc8960fc9c9ba3f7ba06/execute/async - {"script":"<script> [1562 bytes]","args":[{"selector":{"id":"application-managepartners-display-component---detailPtm--partnerType"},"wdio_ui5_key":"applicationmanagepartners-display-component---detailPtm--partnerType"}]}
RESULT: {"script":"<script> [1562 bytes]","args":[{"selector":{"id":"application-managepartners-display-component---detailPtm--partnerType"},"wdio_ui5_key":"applicationmanagepartners-display-component---detailPtm--partnerType"}]}
RESULT: undefined
COMMAND: POST /session/1fb9db11838ffc8960fc9c9ba3f7ba06/execute/async - {"script":"<script> [6424 bytes]","args":[{"element-6066-11e4-a52e-4f735466cecf":"f.03C4E35034780EC6FC2906822C03C136.d.0BE97E391EA41574F4EC4D95B634094B.e.6041"},"getText",[]]}
RESULT: {"script":"<script> [6424 bytes]","args":[{"element-6066-11e4-a52e-4f735466cecf":"f.03C4E35034780EC6FC2906822C03C136.d.0BE97E391EA41574F4EC4D95B634094B.e.6041"},"getText",[]]}
COMMAND: POST /session/1fb9db11838ffc8960fc9c9ba3f7ba06/element - {"using":"css selector","value":"#shell-header-logo"}
RESULT: {"using":"css selector","value":"#shell-header-logo"}
COMMAND: POST /session/1fb9db11838ffc8960fc9c9ba3f7ba06/element/f.03C4E35034780EC6FC2906822C03C136.d.0BE97E391EA41574F4EC4D95B634094B.e.5399/click - {}
RESULT: {}
COMMAND: GET /session/1fb9db11838ffc8960fc9c9ba3f7ba06/screenshot - {}
RESULT: {}
COMMAND: POST /session/1fb9db11838ffc8960fc9c9ba3f7ba06/execute/async - {"script":"<script> [1562 bytes]","args":[{"selector":{"controlType":"sap.m.GenericTile","properties":{"header":"Manage Sites"}},"wdio_ui5_key":"sapm.GenericTile{\"header\":\"Manage Sites\"}"}]}
RESULT: {"script":"<script> [1562 bytes]","args":[{"selector":{"controlType":"sap.m.GenericTile","properties":{"header":"Manage Sites"}},"wdio_ui5_key":"sapm.GenericTile{\"header\":\"Manage Sites\"}"}]}
RESULT: undefined
COMMAND: POST /session/1fb9db11838ffc8960fc9c9ba3f7ba06/element - {"using":"xpath","value":"//*[@id=\"__tile40\"]"}
RESULT: {"using":"xpath","value":"//*[@id=\"__tile40\"]"}
COMMAND: POST /session/1fb9db11838ffc8960fc9c9ba3f7ba06/element/f.03C4E35034780EC6FC2906822C03C136.d.0BE97E391EA41574F4EC4D95B634094B.e.6043/click - {}
RESULT: {}
COMMAND: GET /session/1fb9db11838ffc8960fc9c9ba3f7ba06/screenshot - {}
RESULT: {}
COMMAND: POST /session/1fb9db11838ffc8960fc9c9ba3f7ba06/execute/async - {"script":"<script> [1562 bytes]","args":[{"selector":{"controlType":"sap.ui.core.Icon","viewName":"etm.portal.ui.managesites.view.Master","viewId":"application-managesites-display-component---masterSite","properties":{"src":{"regex":{"source":"add"}}}},"wdio_ui5_key":"etmportal.ui.managesites.view.Mastersap.ui.core.Icon{\"src\":{\"regex\":{\"source\":\"add\"}}}"}]}
RESULT: {"script":"<script> [1562 bytes]","args":[{"selector":{"controlType":"sap.ui.core.Icon","viewName":"etm.portal.ui.managesites.view.Master","viewId":"application-managesites-display-component---masterSite","properties":{"src":{"regex":{"source":"add"}}}},"wdio_ui5_key":"etmportal.ui.managesites.view.Mastersap.ui.core.Icon{\"src\":{\"regex\":{\"source\":\"add\"}}}"}]}
RESULT: undefined
COMMAND: POST /session/1fb9db11838ffc8960fc9c9ba3f7ba06/element - {"using":"xpath","value":"//*[@id=\"__button52-img\"]"}
RESULT: {"using":"xpath","value":"//*[@id=\"__button52-img\"]"}
COMMAND: POST /session/1fb9db11838ffc8960fc9c9ba3f7ba06/element/f.03C4E35034780EC6FC2906822C03C136.d.0BE97E391EA41574F4EC4D95B634094B.e.6093/click - {}
RESULT: {}
COMMAND: POST /session/1fb9db11838ffc8960fc9c9ba3f7ba06/execute/async - {"script":"<script> [1562 bytes]","args":[{"selector":{"id":"application-managesites-display-component---NewSite--siteId","interaction":{"idSuffix":"inner"}},"wdio_ui5_key":"applicationmanagesites-display-component---NewSite--siteId"}]}
COMMAND: GET /session/1fb9db11838ffc8960fc9c9ba3f7ba06/screenshot - {}
RESULT: {"script":"<script> [1562 bytes]","args":[{"selector":{"id":"application-managesites-display-component---NewSite--siteId","interaction":{"idSuffix":"inner"}},"wdio_ui5_key":"applicationmanagesites-display-component---NewSite--siteId"}]}
RESULT: undefined
COMMAND: POST /session/1fb9db11838ffc8960fc9c9ba3f7ba06/execute/async - {"script":"<script> [1562 bytes]","args":[{"selector":{"id":"application-managesites-display-component---NewSite--addressDetailDetailsName1","interaction":{"idSuffix":"inner"}},"wdio_ui5_key":"applicationmanagesites-display-component---NewSite--addressDetailDetailsName1"}]}
RESULT: {}
RESULT: {"script":"<script> [1562 bytes]","args":[{"selector":{"id":"application-managesites-display-component---NewSite--addressDetailDetailsName1","interaction":{"idSuffix":"inner"}},"wdio_ui5_key":"applicationmanagesites-display-component---NewSite--addressDetailDetailsName1"}]}
RESULT: undefined
COMMAND: POST /session/1fb9db11838ffc8960fc9c9ba3f7ba06/execute/async - {"script":"<script> [776 bytes]","args":[{"enterText":"WebdriverSiterh6rm","selector":{"id":"application-managesites-display-component---NewSite--addressDetailDetailsName1","interaction":{"idSuffix":"inner"}},"clearTextFirst":true,"interactionType":"ENTER_TEXT"}]}
RESULT: {"script":"<script> [776 bytes]","args":[{"enterText":"WebdriverSiterh6rm","selector":{"id":"application-managesites-display-component---NewSite--addressDetailDetailsName1","interaction":{"idSuffix":"inner"}},"clearTextFirst":true,"interactionType":"ENTER_TEXT"}]}
COMMAND: POST /session/1fb9db11838ffc8960fc9c9ba3f7ba06/execute/async - {"script":"<script> [1562 bytes]","args":[{"selector":{"id":"application-managesites-display-component---NewSite--addressDetailDetailsLanguage","interaction":{"idSuffix":"inner"}},"wdio_ui5_key":"applicationmanagesites-display-component---NewSite--addressDetailDetailsLanguage"}]}
RESULT: {"script":"<script> [1562 bytes]","args":[{"selector":{"id":"application-managesites-display-component---NewSite--addressDetailDetailsLanguage","interaction":{"idSuffix":"inner"}},"wdio_ui5_key":"applicationmanagesites-display-component---NewSite--addressDetailDetailsLanguage"}]}
RESULT: undefined
COMMAND: POST /session/1fb9db11838ffc8960fc9c9ba3f7ba06/execute/async - {"script":"<script> [776 bytes]","args":[{"enterText":"Romanian","selector":{"id":"application-managesites-display-component---NewSite--addressDetailDetailsLanguage","interaction":{"idSuffix":"inner"}},"clearTextFirst":true,"interactionType":"ENTER_TEXT"}]}
RESULT: {"script":"<script> [776 bytes]","args":[{"enterText":"Romanian","selector":{"id":"application-managesites-display-component---NewSite--addressDetailDetailsLanguage","interaction":{"idSuffix":"inner"}},"clearTextFirst":true,"interactionType":"ENTER_TEXT"}]}
COMMAND: POST /session/1fb9db11838ffc8960fc9c9ba3f7ba06/execute/async - {"script":"<script> [1562 bytes]","args":[{"selector":{"id":"application-managesites-display-component---NewSite--addressDetailDetailsCity1","interaction":{"idSuffix":"inner"}},"wdio_ui5_key":"applicationmanagesites-display-component---NewSite--addressDetailDetailsCity1"}]}
RESULT: {"script":"<script> [1562 bytes]","args":[{"selector":{"id":"application-managesites-display-component---NewSite--addressDetailDetailsCity1","interaction":{"idSuffix":"inner"}},"wdio_ui5_key":"applicationmanagesites-display-component---NewSite--addressDetailDetailsCity1"}]}
RESULT: undefined
COMMAND: POST /session/1fb9db11838ffc8960fc9c9ba3f7ba06/execute/async - {"script":"<script> [776 bytes]","args":[{"enterText":"Bucharest","selector":{"id":"application-managesites-display-component---NewSite--addressDetailDetailsCity1","interaction":{"idSuffix":"inner"}},"clearTextFirst":true,"interactionType":"ENTER_TEXT"}]}
RESULT: {"script":"<script> [776 bytes]","args":[{"enterText":"Bucharest","selector":{"id":"application-managesites-display-component---NewSite--addressDetailDetailsCity1","interaction":{"idSuffix":"inner"}},"clearTextFirst":true,"interactionType":"ENTER_TEXT"}]}
COMMAND: POST /session/1fb9db11838ffc8960fc9c9ba3f7ba06/execute/async - {"script":"<script> [1562 bytes]","args":[{"selector":{"id":"application-managesites-display-component---NewSite--addressDetailDetailsCountry","interaction":{"idSuffix":"inner"}},"wdio_ui5_key":"applicationmanagesites-display-component---NewSite--addressDetailDetailsCountry"}]}
RESULT: {"script":"<script> [1562 bytes]","args":[{"selector":{"id":"application-managesites-display-component---NewSite--addressDetailDetailsCountry","interaction":{"idSuffix":"inner"}},"wdio_ui5_key":"applicationmanagesites-display-component---NewSite--addressDetailDetailsCountry"}]}
RESULT: undefined
COMMAND: POST /session/1fb9db11838ffc8960fc9c9ba3f7ba06/execute/async - {"script":"<script> [776 bytes]","args":[{"enterText":"Romania","selector":{"id":"application-managesites-display-component---NewSite--addressDetailDetailsCountry","interaction":{"idSuffix":"inner"}},"clearTextFirst":true,"interactionType":"ENTER_TEXT"}]}
RESULT: {"script":"<script> [776 bytes]","args":[{"enterText":"Romania","selector":{"id":"application-managesites-display-component---NewSite--addressDetailDetailsCountry","interaction":{"idSuffix":"inner"}},"clearTextFirst":true,"interactionType":"ENTER_TEXT"}]}
COMMAND: POST /session/1fb9db11838ffc8960fc9c9ba3f7ba06/element - {"using":"css selector","value":"#application-managesites-display-component---NewSite--addressDetailDetailsCalendar-inner"}
RESULT: {"using":"css selector","value":"#application-managesites-display-component---NewSite--addressDetailDetailsCalendar-inner"}
COMMAND: POST /session/1fb9db11838ffc8960fc9c9ba3f7ba06/element/f.03C4E35034780EC6FC2906822C03C136.d.0BE97E391EA41574F4EC4D95B634094B.e.6283/clear - {}
RESULT: {}
COMMAND: POST /session/1fb9db11838ffc8960fc9c9ba3f7ba06/element/f.03C4E35034780EC6FC2906822C03C136.d.0BE97E391EA41574F4EC4D95B634094B.e.6283/value - {"text":"Germany"}
COMMAND: GET /session/1fb9db11838ffc8960fc9c9ba3f7ba06/screenshot - {}
RESULT: {"text":"Germany"}
COMMAND: POST /session/1fb9db11838ffc8960fc9c9ba3f7ba06/execute/async - {"script":"<script> [1562 bytes]","args":[{"selector":{"id":"application-managesites-display-component---NewSite--addressEditDetailsCostObjectCstType-arrow"},"wdio_ui5_key":"applicationmanagesites-display-component---NewSite--addressEditDetailsCostObjectCstType-arrow"}]}
COMMAND: GET /session/1fb9db11838ffc8960fc9c9ba3f7ba06/screenshot - {}
RESULT: {}
RESULT: {"script":"<script> [1562 bytes]","args":[{"selector":{"id":"application-managesites-display-component---NewSite--addressEditDetailsCostObjectCstType-arrow"},"wdio_ui5_key":"applicationmanagesites-display-component---NewSite--addressEditDetailsCostObjectCstType-arrow"}]}
RESULT: undefined
COMMAND: POST /session/1fb9db11838ffc8960fc9c9ba3f7ba06/element - {"using":"xpath","value":"//*[@id=\"application-managesites-display-component---NewSite--addressEditDetailsCostObjectCstType-arrow\"]"}
RESULT: {}
RESULT: {"using":"xpath","value":"//*[@id=\"application-managesites-display-component---NewSite--addressEditDetailsCostObjectCstType-arrow\"]"}
COMMAND: POST /session/1fb9db11838ffc8960fc9c9ba3f7ba06/element/f.03C4E35034780EC6FC2906822C03C136.d.0BE97E391EA41574F4EC4D95B634094B.e.6476/click - {}
RESULT: {}
COMMAND: POST /session/1fb9db11838ffc8960fc9c9ba3f7ba06/element - {"using":"xpath","value":"//span[contains(text(), \"Work Breakdown Structure\")]"}
COMMAND: GET /session/1fb9db11838ffc8960fc9c9ba3f7ba06/screenshot - {}
RESULT: {"using":"xpath","value":"//span[contains(text(), \"Work Breakdown Structure\")]"}
COMMAND: POST /session/1fb9db11838ffc8960fc9c9ba3f7ba06/element/f.03C4E35034780EC6FC2906822C03C136.d.0BE97E391EA41574F4EC4D95B634094B.e.6477/click - {}
RESULT: {}
RESULT: {}
COMMAND: GET /session/1fb9db11838ffc8960fc9c9ba3f7ba06/screenshot - {}
RESULT: {}
COMMAND: POST /session/1fb9db11838ffc8960fc9c9ba3f7ba06/execute/async - {"script":"<script> [1562 bytes]","args":[{"selector":{"id":"application-managesites-display-component---NewSite--addressNewCostObjectCstID-vhi"},"wdio_ui5_key":"applicationmanagesites-display-component---NewSite--addressNewCostObjectCstID-vhi"}]}
RESULT: {"script":"<script> [1562 bytes]","args":[{"selector":{"id":"application-managesites-display-component---NewSite--addressNewCostObjectCstID-vhi"},"wdio_ui5_key":"applicationmanagesites-display-component---NewSite--addressNewCostObjectCstID-vhi"}]}
RESULT: undefined
COMMAND: POST /session/1fb9db11838ffc8960fc9c9ba3f7ba06/element - {"using":"xpath","value":"//*[@id=\"application-managesites-display-component---NewSite--addressNewCostObjectCstID-vhi\"]"}
RESULT: {"using":"xpath","value":"//*[@id=\"application-managesites-display-component---NewSite--addressNewCostObjectCstID-vhi\"]"}
COMMAND: POST /session/1fb9db11838ffc8960fc9c9ba3f7ba06/element/f.03C4E35034780EC6FC2906822C03C136.d.0BE97E391EA41574F4EC4D95B634094B.e.6482/click - {}
RESULT: {}
COMMAND: GET /session/1fb9db11838ffc8960fc9c9ba3f7ba06/screenshot - {}
RESULT: {}
COMMAND: POST /session/1fb9db11838ffc8960fc9c9ba3f7ba06/execute/async - {"script":"<script> [1562 bytes]","args":[{"selector":{"controlType":"sap.m.SearchField","properties":{"placeholder":"Search"},"searchOpenDialogs":true,"interaction":{"idSuffix":"I"}},"wdio_ui5_key":"sapm.SearchField{\"placeholder\":\"Search\"}"}]}
RESULT: {"script":"<script> [1562 bytes]","args":[{"selector":{"controlType":"sap.m.SearchField","properties":{"placeholder":"Search"},"searchOpenDialogs":true,"interaction":{"idSuffix":"I"}},"wdio_ui5_key":"sapm.SearchField{\"placeholder\":\"Search\"}"}]}
RESULT: undefined
COMMAND: POST /session/1fb9db11838ffc8960fc9c9ba3f7ba06/execute/async - {"script":"<script> [776 bytes]","args":[{"enterText":"A1-000100-01","selector":{"controlType":"sap.m.SearchField","properties":{"placeholder":"Search"},"searchOpenDialogs":true,"interaction":{"idSuffix":"I"}},"clearTextFirst":true,"interactionType":"ENTER_TEXT"}]}
RESULT: {"script":"<script> [776 bytes]","args":[{"enterText":"A1-000100-01","selector":{"controlType":"sap.m.SearchField","properties":{"placeholder":"Search"},"searchOpenDialogs":true,"interaction":{"idSuffix":"I"}},"clearTextFirst":true,"interactionType":"ENTER_TEXT"}]}
COMMAND: POST /session/1fb9db11838ffc8960fc9c9ba3f7ba06/actions - {"actions":[{"id":"action12","type":"key","parameters":{},"actions":[{"type":"keyDown","value":"î€‡"},{"type":"pause","duration":10},{"type":"keyUp","value":"î€‡"}]}]}
RESULT: {"actions":[{"id":"action12","type":"key","parameters":{},"actions":[{"type":"keyDown","value":"î€‡"},{"type":"pause","duration":10},{"type":"keyUp","value":"î€‡"}]}]}
COMMAND: GET /session/1fb9db11838ffc8960fc9c9ba3f7ba06/screenshot - {}
RESULT: {}
COMMAND: POST /session/1fb9db11838ffc8960fc9c9ba3f7ba06/element - {"using":"xpath","value":"//span[contains(text(), \"Template for ETO-Process\")]"}
RESULT: {"using":"xpath","value":"//span[contains(text(), \"Template for ETO-Process\")]"}
COMMAND: POST /session/1fb9db11838ffc8960fc9c9ba3f7ba06/element/f.03C4E35034780EC6FC2906822C03C136.d.0BE97E391EA41574F4EC4D95B634094B.e.6502/click - {}
RESULT: {}
COMMAND: GET /session/1fb9db11838ffc8960fc9c9ba3f7ba06/screenshot - {}
RESULT: {}
COMMAND: POST /session/1fb9db11838ffc8960fc9c9ba3f7ba06/element - {"using":"xpath","value":"//bdi[contains(text(), \"OK\")]"}
RESULT: {"using":"xpath","value":"//bdi[contains(text(), \"OK\")]"}
COMMAND: POST /session/1fb9db11838ffc8960fc9c9ba3f7ba06/element/f.03C4E35034780EC6FC2906822C03C136.d.0BE97E391EA41574F4EC4D95B634094B.e.6503/click - {}
RESULT: {}
COMMAND: GET /session/1fb9db11838ffc8960fc9c9ba3f7ba06/screenshot - {}
RESULT: {}
COMMAND: POST /session/1fb9db11838ffc8960fc9c9ba3f7ba06/element - {"using":"xpath","value":"//input[@id=\"application-managesites-display-component---NewSite--addressDetailDetailsYard-inner\"]"}
RESULT: {"using":"xpath","value":"//input[@id=\"application-managesites-display-component---NewSite--addressDetailDetailsYard-inner\"]"}
COMMAND: POST /session/1fb9db11838ffc8960fc9c9ba3f7ba06/element/f.03C4E35034780EC6FC2906822C03C136.d.0BE97E391EA41574F4EC4D95B634094B.e.6284/value - {"text":"243"}
RESULT: {"text":"243"}
COMMAND: GET /session/1fb9db11838ffc8960fc9c9ba3f7ba06/screenshot - {}
RESULT: {}
COMMAND: POST /session/1fb9db11838ffc8960fc9c9ba3f7ba06/actions - {"actions":[{"id":"action13","type":"key","parameters":{},"actions":[{"type":"keyDown","value":"î€‡"},{"type":"pause","duration":10},{"type":"keyUp","value":"î€‡"}]}]}
RESULT: {"actions":[{"id":"action13","type":"key","parameters":{},"actions":[{"type":"keyDown","value":"î€‡"},{"type":"pause","duration":10},{"type":"keyUp","value":"î€‡"}]}]}
COMMAND: GET /session/1fb9db11838ffc8960fc9c9ba3f7ba06/screenshot - {}
RESULT: {}
COMMAND: POST /session/1fb9db11838ffc8960fc9c9ba3f7ba06/element - {"using":"xpath","value":"//input[@id=\"application-managesites-display-component---NewSite--addressDetailDetailsPartner-inner\"]"}
RESULT: {"using":"xpath","value":"//input[@id=\"application-managesites-display-component---NewSite--addressDetailDetailsPartner-inner\"]"}
COMMAND: POST /session/1fb9db11838ffc8960fc9c9ba3f7ba06/elements - {"using":"xpath","value":"//input[@id=\"application-managesites-display-component---NewSite--addressDetailDetailsPartner-inner\"]"}
RESULT: {"using":"xpath","value":"//input[@id=\"application-managesites-display-component---NewSite--addressDetailDetailsPartner-inner\"]"}
COMMAND: POST /session/1fb9db11838ffc8960fc9c9ba3f7ba06/execute/async - {"script":"<script> [1562 bytes]","args":[{"selector":{"controlType":"sap.m.Button","viewName":"etm.portal.ui.managesites.view.NewSmartSite","viewId":"application-managesites-display-component---NewSite","properties":{"text":"Commercial"},"interaction":{"idSuffix":"BDI-content"}},"wdio_ui5_key":"etmportal.ui.managesites.view.NewSmartSitesap.m.Button{\"text\":\"Commercial\"}"}]}
RESULT: {"script":"<script> [1562 bytes]","args":[{"selector":{"controlType":"sap.m.Button","viewName":"etm.portal.ui.managesites.view.NewSmartSite","viewId":"application-managesites-display-component---NewSite","properties":{"text":"Commercial"},"interaction":{"idSuffix":"BDI-content"}},"wdio_ui5_key":"etmportal.ui.managesites.view.NewSmartSitesap.m.Button{\"text\":\"Commercial\"}"}]}
RESULT: undefined
COMMAND: POST /session/1fb9db11838ffc8960fc9c9ba3f7ba06/element - {"using":"xpath","value":"//*[@id=\"application-managesites-display-component---NewSite--ObjectPageLayout-anchBar-__section31-anchor\"]"}
RESULT: {"using":"xpath","value":"//*[@id=\"application-managesites-display-component---NewSite--ObjectPageLayout-anchBar-__section31-anchor\"]"}
COMMAND: POST /session/1fb9db11838ffc8960fc9c9ba3f7ba06/element/f.03C4E35034780EC6FC2906822C03C136.d.0BE97E391EA41574F4EC4D95B634094B.e.6510/click - {}
RESULT: {}
COMMAND: POST /session/1fb9db11838ffc8960fc9c9ba3f7ba06/execute/async - {"script":"<script> [1562 bytes]","args":[{"selector":{"controlType":"sap.m.Button","viewName":"etm.portal.ui.managesites.view.NewSmartSite","viewId":"application-managesites-display-component---NewSite","i18NText":{"propertyName":"text","key":"save"},"interaction":{"idSuffix":"BDI-content"}},"wdio_ui5_key":"etmportal.ui.managesites.view.NewSmartSitesap.m.Button{\"propertyName\":\"text\",\"key\":\"save\"}"}]}
COMMAND: GET /session/1fb9db11838ffc8960fc9c9ba3f7ba06/screenshot - {}
RESULT: {"script":"<script> [1562 bytes]","args":[{"selector":{"controlType":"sap.m.Button","viewName":"etm.portal.ui.managesites.view.NewSmartSite","viewId":"application-managesites-display-component---NewSite","i18NText":{"propertyName":"text","key":"save"},"interaction":{"idSuffix":"BDI-content"}},"wdio_ui5_key":"etmportal.ui.managesites.view.NewSmartSitesap.m.Button{\"propertyName\":\"text\",\"key\":\"save\"}"}]}
RESULT: undefined
COMMAND: POST /session/1fb9db11838ffc8960fc9c9ba3f7ba06/element - {"using":"xpath","value":"//*[@id=\"__button64\"]"}
RESULT: {}
RESULT: {"using":"xpath","value":"//*[@id=\"__button64\"]"}
COMMAND: POST /session/1fb9db11838ffc8960fc9c9ba3f7ba06/element/f.03C4E35034780EC6FC2906822C03C136.d.0BE97E391EA41574F4EC4D95B634094B.e.6456/click - {}
RESULT: {}
COMMAND: GET /session/1fb9db11838ffc8960fc9c9ba3f7ba06/screenshot - {}
RESULT: {}
COMMAND: POST /session/1fb9db11838ffc8960fc9c9ba3f7ba06/execute/async - {"script":"<script> [1562 bytes]","args":[{"selector":{"id":"application-managesites-display-component---detailSite--addressDetailDetailsYardText"},"wdio_ui5_key":"applicationmanagesites-display-component---detailSite--addressDetailDetailsYardText"}]}
RESULT: {"script":"<script> [1562 bytes]","args":[{"selector":{"id":"application-managesites-display-component---detailSite--addressDetailDetailsYardText"},"wdio_ui5_key":"applicationmanagesites-display-component---detailSite--addressDetailDetailsYardText"}]}
RESULT: undefined
COMMAND: POST /session/1fb9db11838ffc8960fc9c9ba3f7ba06/element - {"using":"xpath","value":"//header/div/div[2]/div[2]/span"}
RESULT: {"using":"xpath","value":"//header/div/div[2]/div[2]/span"}
COMMAND: GET /session/1fb9db11838ffc8960fc9c9ba3f7ba06/element/f.03C4E35034780EC6FC2906822C03C136.d.0BE97E391EA41574F4EC4D95B634094B.e.6713/text - {}
RESULT: {}
COMMAND: POST /session/1fb9db11838ffc8960fc9c9ba3f7ba06/element - {"using":"xpath","value":"//header/div/div/div/div/div/div[2]/div/span"}
RESULT: {"using":"xpath","value":"//header/div/div/div/div/div/div[2]/div/span"}
COMMAND: GET /session/1fb9db11838ffc8960fc9c9ba3f7ba06/element/f.03C4E35034780EC6FC2906822C03C136.d.0BE97E391EA41574F4EC4D95B634094B.e.6714/text - {}
RESULT: {}
COMMAND: POST /session/1fb9db11838ffc8960fc9c9ba3f7ba06/element - {"using":"css selector","value":"#shell-header-logo"}
RESULT: {"using":"css selector","value":"#shell-header-logo"}
COMMAND: POST /session/1fb9db11838ffc8960fc9c9ba3f7ba06/element/f.03C4E35034780EC6FC2906822C03C136.d.0BE97E391EA41574F4EC4D95B634094B.e.6048/click - {}
RESULT: {}
COMMAND: GET /session/1fb9db11838ffc8960fc9c9ba3f7ba06/screenshot - {}
RESULT: {}
]]></system-out>
    </testcase>
    <testcase classname="chrome.135_0_7049_96.windows.E2E_-_Logistical_and_commercial_statuses" name="It should stock increase the resource" time="218.667">
      <system-out><![CDATA[
COMMAND: POST /session/1fb9db11838ffc8960fc9c9ba3f7ba06/execute/async - {"script":"<script> [1562 bytes]","args":[{"selector":{"controlType":"sap.m.GenericTile","properties":{"header":"Manage Resources"}},"wdio_ui5_key":"sapm.GenericTile{\"header\":\"Manage Resources\"}"}]}
RESULT: {"script":"<script> [1562 bytes]","args":[{"selector":{"controlType":"sap.m.GenericTile","properties":{"header":"Manage Resources"}},"wdio_ui5_key":"sapm.GenericTile{\"header\":\"Manage Resources\"}"}]}
RESULT: undefined
COMMAND: POST /session/1fb9db11838ffc8960fc9c9ba3f7ba06/element - {"using":"xpath","value":"//*[@id=\"__tile39\"]"}
RESULT: {"using":"xpath","value":"//*[@id=\"__tile39\"]"}
COMMAND: POST /session/1fb9db11838ffc8960fc9c9ba3f7ba06/element/f.03C4E35034780EC6FC2906822C03C136.d.0BE97E391EA41574F4EC4D95B634094B.e.6716/click - {}
RESULT: {}
COMMAND: GET /session/1fb9db11838ffc8960fc9c9ba3f7ba06/screenshot - {}
RESULT: {}
COMMAND: POST /session/1fb9db11838ffc8960fc9c9ba3f7ba06/element - {"using":"xpath","value":"//button[@data-kt=\"addNewRUOverflowToolbarButton\"]"}
RESULT: {"using":"xpath","value":"//button[@data-kt=\"addNewRUOverflowToolbarButton\"]"}
COMMAND: POST /session/1fb9db11838ffc8960fc9c9ba3f7ba06/execute/sync - {"script":"<script> [8489 bytes]","args":[{"element-6066-11e4-a52e-4f735466cecf":"f.03C4E35034780EC6FC2906822C03C136.d.0BE97E391EA41574F4EC4D95B634094B.e.6757","ELEMENT":"f.03C4E35034780EC6FC2906822C03C136.d.0BE97E391EA41574F4EC4D95B634094B.e.6757"}]}
RESULT: {"script":"<script> [8489 bytes]","args":[{"element-6066-11e4-a52e-4f735466cecf":"f.03C4E35034780EC6FC2906822C03C136.d.0BE97E391EA41574F4EC4D95B634094B.e.6757","ELEMENT":"f.03C4E35034780EC6FC2906822C03C136.d.0BE97E391EA41574F4EC4D95B634094B.e.6757"}]}
COMMAND: POST /session/1fb9db11838ffc8960fc9c9ba3f7ba06/element/f.03C4E35034780EC6FC2906822C03C136.d.0BE97E391EA41574F4EC4D95B634094B.e.6757/click - {}
COMMAND: GET /session/1fb9db11838ffc8960fc9c9ba3f7ba06/screenshot - {}
RESULT: {}
COMMAND: POST /session/1fb9db11838ffc8960fc9c9ba3f7ba06/execute/async - {"script":"<script> [1562 bytes]","args":[{"selector":{"id":"application-manageresources-display-component---newResourceUnit--TYPE-arrow"},"wdio_ui5_key":"applicationmanageresources-display-component---newResourceUnit--TYPE-arrow"}]}
COMMAND: GET /session/1fb9db11838ffc8960fc9c9ba3f7ba06/screenshot - {}
RESULT: {}
RESULT: {"script":"<script> [1562 bytes]","args":[{"selector":{"id":"application-manageresources-display-component---newResourceUnit--TYPE-arrow"},"wdio_ui5_key":"applicationmanageresources-display-component---newResourceUnit--TYPE-arrow"}]}
RESULT: undefined
COMMAND: POST /session/1fb9db11838ffc8960fc9c9ba3f7ba06/element - {"using":"xpath","value":"//*[@id=\"application-manageresources-display-component---newResourceUnit--TYPE-arrow\"]"}
RESULT: {}
RESULT: {"using":"xpath","value":"//*[@id=\"application-manageresources-display-component---newResourceUnit--TYPE-arrow\"]"}
COMMAND: POST /session/1fb9db11838ffc8960fc9c9ba3f7ba06/element/f.03C4E35034780EC6FC2906822C03C136.d.0BE97E391EA41574F4EC4D95B634094B.e.7079/click - {}
RESULT: {}
COMMAND: POST /session/1fb9db11838ffc8960fc9c9ba3f7ba06/execute/async - {"script":"<script> [1562 bytes]","args":[{"selector":{"controlType":"sap.m.StandardListItem","viewName":"reusables.view.manageresources.NewResourceUnit","viewId":"application-manageresources-display-component---newResourceUnit","properties":{"title":"Material"},"searchOpenDialogs":true,"interaction":{"idSuffix":"titleText"}},"wdio_ui5_key":"reusablesview.manageresources.NewResourceUnitsap.m.StandardListItem{\"title\":\"Material\"}"}]}
COMMAND: GET /session/1fb9db11838ffc8960fc9c9ba3f7ba06/screenshot - {}
RESULT: {"script":"<script> [1562 bytes]","args":[{"selector":{"controlType":"sap.m.StandardListItem","viewName":"reusables.view.manageresources.NewResourceUnit","viewId":"application-manageresources-display-component---newResourceUnit","properties":{"title":"Material"},"searchOpenDialogs":true,"interaction":{"idSuffix":"titleText"}},"wdio_ui5_key":"reusablesview.manageresources.NewResourceUnitsap.m.StandardListItem{\"title\":\"Material\"}"}]}
RESULT: undefined
COMMAND: POST /session/1fb9db11838ffc8960fc9c9ba3f7ba06/element - {"using":"xpath","value":"//*[@id=\"__item850\"]"}
RESULT: {}
RESULT: {"using":"xpath","value":"//*[@id=\"__item850\"]"}
COMMAND: POST /session/1fb9db11838ffc8960fc9c9ba3f7ba06/element/f.03C4E35034780EC6FC2906822C03C136.d.0BE97E391EA41574F4EC4D95B634094B.e.7082/click - {}
RESULT: {}
COMMAND: POST /session/1fb9db11838ffc8960fc9c9ba3f7ba06/execute/async - {"script":"<script> [1562 bytes]","args":[{"selector":{"id":"application-manageresources-display-component---newResourceUnit--SHORT_TEXT","interaction":{"idSuffix":"inner"}},"wdio_ui5_key":"applicationmanageresources-display-component---newResourceUnit--SHORT_TEXT"}]}
COMMAND: GET /session/1fb9db11838ffc8960fc9c9ba3f7ba06/screenshot - {}
RESULT: {"script":"<script> [1562 bytes]","args":[{"selector":{"id":"application-manageresources-display-component---newResourceUnit--SHORT_TEXT","interaction":{"idSuffix":"inner"}},"wdio_ui5_key":"applicationmanageresources-display-component---newResourceUnit--SHORT_TEXT"}]}
RESULT: undefined
COMMAND: POST /session/1fb9db11838ffc8960fc9c9ba3f7ba06/execute/async - {"script":"<script> [776 bytes]","args":[{"enterText":"WebdriverRUR2Ca4z3n","selector":{"id":"application-manageresources-display-component---newResourceUnit--SHORT_TEXT","interaction":{"idSuffix":"inner"}},"clearTextFirst":true,"interactionType":"ENTER_TEXT"}]}
RESULT: {}
RESULT: {"script":"<script> [776 bytes]","args":[{"enterText":"WebdriverRUR2Ca4z3n","selector":{"id":"application-manageresources-display-component---newResourceUnit--SHORT_TEXT","interaction":{"idSuffix":"inner"}},"clearTextFirst":true,"interactionType":"ENTER_TEXT"}]}
COMMAND: POST /session/1fb9db11838ffc8960fc9c9ba3f7ba06/execute/async - {"script":"<script> [1562 bytes]","args":[{"selector":{"id":"application-manageresources-display-component---newResourceUnit--BASE_UNIT_OF_MEASURE-arrow"},"wdio_ui5_key":"applicationmanageresources-display-component---newResourceUnit--BASE_UNIT_OF_MEASURE-arrow"}]}
RESULT: {"script":"<script> [1562 bytes]","args":[{"selector":{"id":"application-manageresources-display-component---newResourceUnit--BASE_UNIT_OF_MEASURE-arrow"},"wdio_ui5_key":"applicationmanageresources-display-component---newResourceUnit--BASE_UNIT_OF_MEASURE-arrow"}]}
RESULT: undefined
COMMAND: POST /session/1fb9db11838ffc8960fc9c9ba3f7ba06/element - {"using":"xpath","value":"//*[@id=\"application-manageresources-display-component---newResourceUnit--BASE_UNIT_OF_MEASURE-arrow\"]"}
RESULT: {"using":"xpath","value":"//*[@id=\"application-manageresources-display-component---newResourceUnit--BASE_UNIT_OF_MEASURE-arrow\"]"}
COMMAND: POST /session/1fb9db11838ffc8960fc9c9ba3f7ba06/element/f.03C4E35034780EC6FC2906822C03C136.d.0BE97E391EA41574F4EC4D95B634094B.e.7138/click - {}
RESULT: {}
COMMAND: POST /session/1fb9db11838ffc8960fc9c9ba3f7ba06/execute/async - {"script":"<script> [1562 bytes]","args":[{"selector":{"controlType":"sap.m.StandardListItem","viewName":"reusables.view.manageresources.NewResourceUnit","viewId":"application-manageresources-display-component---newResourceUnit","properties":{"title":"Piece"},"searchOpenDialogs":true,"interaction":{"idSuffix":"titleText"}},"wdio_ui5_key":"reusablesview.manageresources.NewResourceUnitsap.m.StandardListItem{\"title\":\"Piece\"}"}]}
COMMAND: GET /session/1fb9db11838ffc8960fc9c9ba3f7ba06/screenshot - {}
RESULT: {"script":"<script> [1562 bytes]","args":[{"selector":{"controlType":"sap.m.StandardListItem","viewName":"reusables.view.manageresources.NewResourceUnit","viewId":"application-manageresources-display-component---newResourceUnit","properties":{"title":"Piece"},"searchOpenDialogs":true,"interaction":{"idSuffix":"titleText"}},"wdio_ui5_key":"reusablesview.manageresources.NewResourceUnitsap.m.StandardListItem{\"title\":\"Piece\"}"}]}
RESULT: undefined
COMMAND: POST /session/1fb9db11838ffc8960fc9c9ba3f7ba06/element - {"using":"xpath","value":"//*[@id=\"__item894\"]"}
RESULT: {}
RESULT: {"using":"xpath","value":"//*[@id=\"__item894\"]"}
COMMAND: POST /session/1fb9db11838ffc8960fc9c9ba3f7ba06/element/f.03C4E35034780EC6FC2906822C03C136.d.0BE97E391EA41574F4EC4D95B634094B.e.7140/click - {}
RESULT: {}
COMMAND: POST /session/1fb9db11838ffc8960fc9c9ba3f7ba06/element - {"using":"xpath","value":"//input[contains(@id ,\"application-manageresources-display-component---newResourceUnit--SHORT_TEXT-inner\")]"}
COMMAND: GET /session/1fb9db11838ffc8960fc9c9ba3f7ba06/screenshot - {}
RESULT: {"using":"xpath","value":"//input[contains(@id ,\"application-manageresources-display-component---newResourceUnit--SHORT_TEXT-inner\")]"}
COMMAND: GET /session/1fb9db11838ffc8960fc9c9ba3f7ba06/element/f.03C4E35034780EC6FC2906822C03C136.d.0BE97E391EA41574F4EC4D95B634094B.e.7099/property/value - {}
RESULT: {}
RESULT: {}
COMMAND: POST /session/1fb9db11838ffc8960fc9c9ba3f7ba06/execute/async - {"script":"<script> [1562 bytes]","args":[{"selector":{"id":"application-manageresources-display-component---newResourceUnit--WEIGHT_UNIT-arrow"},"wdio_ui5_key":"applicationmanageresources-display-component---newResourceUnit--WEIGHT_UNIT-arrow"}]}
COMMAND: GET /session/1fb9db11838ffc8960fc9c9ba3f7ba06/screenshot - {}
RESULT: {"script":"<script> [1562 bytes]","args":[{"selector":{"id":"application-manageresources-display-component---newResourceUnit--WEIGHT_UNIT-arrow"},"wdio_ui5_key":"applicationmanageresources-display-component---newResourceUnit--WEIGHT_UNIT-arrow"}]}
RESULT: undefined
COMMAND: POST /session/1fb9db11838ffc8960fc9c9ba3f7ba06/element - {"using":"xpath","value":"//*[@id=\"application-manageresources-display-component---newResourceUnit--WEIGHT_UNIT-arrow\"]"}
RESULT: {}
RESULT: {"using":"xpath","value":"//*[@id=\"application-manageresources-display-component---newResourceUnit--WEIGHT_UNIT-arrow\"]"}
COMMAND: POST /session/1fb9db11838ffc8960fc9c9ba3f7ba06/element/f.03C4E35034780EC6FC2906822C03C136.d.0BE97E391EA41574F4EC4D95B634094B.e.7141/click - {}
RESULT: {}
COMMAND: POST /session/1fb9db11838ffc8960fc9c9ba3f7ba06/execute/async - {"script":"<script> [1562 bytes]","args":[{"selector":{"controlType":"sap.m.StandardListItem","viewName":"reusables.view.manageresources.NewResourceUnit","viewId":"application-manageresources-display-component---newResourceUnit","properties":{"title":"Gram"},"searchOpenDialogs":true,"interaction":{"idSuffix":"content"}},"wdio_ui5_key":"reusablesview.manageresources.NewResourceUnitsap.m.StandardListItem{\"title\":\"Gram\"}"}]}
COMMAND: GET /session/1fb9db11838ffc8960fc9c9ba3f7ba06/screenshot - {}
RESULT: {"script":"<script> [1562 bytes]","args":[{"selector":{"controlType":"sap.m.StandardListItem","viewName":"reusables.view.manageresources.NewResourceUnit","viewId":"application-manageresources-display-component---newResourceUnit","properties":{"title":"Gram"},"searchOpenDialogs":true,"interaction":{"idSuffix":"content"}},"wdio_ui5_key":"reusablesview.manageresources.NewResourceUnitsap.m.StandardListItem{\"title\":\"Gram\"}"}]}
RESULT: undefined
COMMAND: POST /session/1fb9db11838ffc8960fc9c9ba3f7ba06/element - {"using":"xpath","value":"//*[@id=\"__item959\"]"}
RESULT: {}
RESULT: {"using":"xpath","value":"//*[@id=\"__item959\"]"}
COMMAND: POST /session/1fb9db11838ffc8960fc9c9ba3f7ba06/element/f.03C4E35034780EC6FC2906822C03C136.d.0BE97E391EA41574F4EC4D95B634094B.e.7143/click - {}
RESULT: {}
COMMAND: POST /session/1fb9db11838ffc8960fc9c9ba3f7ba06/execute/async - {"script":"<script> [1562 bytes]","args":[{"selector":{"id":"application-manageresources-display-component---newResourceUnit--newRRUPage-OPHeaderContent-collapseBtn-img"},"wdio_ui5_key":"applicationmanageresources-display-component---newResourceUnit--newRRUPage-OPHeaderContent-collapseBtn-img"}]}
COMMAND: GET /session/1fb9db11838ffc8960fc9c9ba3f7ba06/screenshot - {}
RESULT: {"script":"<script> [1562 bytes]","args":[{"selector":{"id":"application-manageresources-display-component---newResourceUnit--newRRUPage-OPHeaderContent-collapseBtn-img"},"wdio_ui5_key":"applicationmanageresources-display-component---newResourceUnit--newRRUPage-OPHeaderContent-collapseBtn-img"}]}
RESULT: undefined
COMMAND: POST /session/1fb9db11838ffc8960fc9c9ba3f7ba06/element - {"using":"xpath","value":"//*[@id=\"application-manageresources-display-component---newResourceUnit--newRRUPage-OPHeaderContent-collapseBtn-img\"]"}
RESULT: {}
RESULT: {"using":"xpath","value":"//*[@id=\"application-manageresources-display-component---newResourceUnit--newRRUPage-OPHeaderContent-collapseBtn-img\"]"}
COMMAND: POST /session/1fb9db11838ffc8960fc9c9ba3f7ba06/element/f.03C4E35034780EC6FC2906822C03C136.d.0BE97E391EA41574F4EC4D95B634094B.e.7089/click - {}
RESULT: {}
COMMAND: GET /session/1fb9db11838ffc8960fc9c9ba3f7ba06/screenshot - {}
RESULT: {}
COMMAND: POST /session/1fb9db11838ffc8960fc9c9ba3f7ba06/element - {"using":"xpath","value":"(//span[contains(@id ,\"application-manageresources-display-component---newResourceUnit--DIMENSION_UNIT-arrow\")])[1]"}
RESULT: {"using":"xpath","value":"(//span[contains(@id ,\"application-manageresources-display-component---newResourceUnit--DIMENSION_UNIT-arrow\")])[1]"}
COMMAND: POST /session/1fb9db11838ffc8960fc9c9ba3f7ba06/element/f.03C4E35034780EC6FC2906822C03C136.d.0BE97E391EA41574F4EC4D95B634094B.e.7147/click - {}
RESULT: {}
COMMAND: GET /session/1fb9db11838ffc8960fc9c9ba3f7ba06/screenshot - {}
RESULT: {}
COMMAND: POST /session/1fb9db11838ffc8960fc9c9ba3f7ba06/execute/async - {"script":"<script> [1562 bytes]","args":[{"selector":{"controlType":"sap.m.StandardListItem","viewName":"reusables.view.manageresources.NewResourceUnit","viewId":"application-manageresources-display-component---newResourceUnit","properties":{"title":"Centimeter"},"searchOpenDialogs":true,"interaction":{"idSuffix":"titleText"}},"wdio_ui5_key":"reusablesview.manageresources.NewResourceUnitsap.m.StandardListItem{\"title\":\"Centimeter\"}"}]}
RESULT: {"script":"<script> [1562 bytes]","args":[{"selector":{"controlType":"sap.m.StandardListItem","viewName":"reusables.view.manageresources.NewResourceUnit","viewId":"application-manageresources-display-component---newResourceUnit","properties":{"title":"Centimeter"},"searchOpenDialogs":true,"interaction":{"idSuffix":"titleText"}},"wdio_ui5_key":"reusablesview.manageresources.NewResourceUnitsap.m.StandardListItem{\"title\":\"Centimeter\"}"}]}
RESULT: undefined
COMMAND: POST /session/1fb9db11838ffc8960fc9c9ba3f7ba06/element - {"using":"xpath","value":"//*[@id=\"__item962\"]"}
RESULT: {"using":"xpath","value":"//*[@id=\"__item962\"]"}
COMMAND: POST /session/1fb9db11838ffc8960fc9c9ba3f7ba06/element/f.03C4E35034780EC6FC2906822C03C136.d.0BE97E391EA41574F4EC4D95B634094B.e.7151/click - {}
RESULT: {}
COMMAND: POST /session/1fb9db11838ffc8960fc9c9ba3f7ba06/execute/async - {"script":"<script> [1562 bytes]","args":[{"selector":{"id":"application-manageresources-display-component---newResourceUnit--newRRUPage-anchBar-application-manageresources-display-component---newResourceUnit--reference-anchor","interaction":{"idSuffix":"BDI-content"}},"wdio_ui5_key":"applicationmanageresources-display-component---newResourceUnit--newRRUPage-anchBar-application-manageresources-display-component---newResourceUnit--reference-anchor"}]}
COMMAND: GET /session/1fb9db11838ffc8960fc9c9ba3f7ba06/screenshot - {}
RESULT: {"script":"<script> [1562 bytes]","args":[{"selector":{"id":"application-manageresources-display-component---newResourceUnit--newRRUPage-anchBar-application-manageresources-display-component---newResourceUnit--reference-anchor","interaction":{"idSuffix":"BDI-content"}},"wdio_ui5_key":"applicationmanageresources-display-component---newResourceUnit--newRRUPage-anchBar-application-manageresources-display-component---newResourceUnit--reference-anchor"}]}
RESULT: undefined
COMMAND: POST /session/1fb9db11838ffc8960fc9c9ba3f7ba06/element - {"using":"xpath","value":"//*[@id=\"application-manageresources-display-component---newResourceUnit--newRRUPage-anchBar-application-manageresources-display-component---newResourceUnit--reference-anchor\"]"}
RESULT: {}
RESULT: {"using":"xpath","value":"//*[@id=\"application-manageresources-display-component---newResourceUnit--newRRUPage-anchBar-application-manageresources-display-component---newResourceUnit--reference-anchor\"]"}
COMMAND: POST /session/1fb9db11838ffc8960fc9c9ba3f7ba06/element/f.03C4E35034780EC6FC2906822C03C136.d.0BE97E391EA41574F4EC4D95B634094B.e.7153/click - {}
RESULT: {}
COMMAND: POST /session/1fb9db11838ffc8960fc9c9ba3f7ba06/execute/async - {"script":"<script> [1562 bytes]","args":[{"selector":{"id":"application-manageresources-display-component---newResourceUnit--PLANNING_GROUP-arrow"},"wdio_ui5_key":"applicationmanageresources-display-component---newResourceUnit--PLANNING_GROUP-arrow"}]}
COMMAND: GET /session/1fb9db11838ffc8960fc9c9ba3f7ba06/screenshot - {}
RESULT: {"script":"<script> [1562 bytes]","args":[{"selector":{"id":"application-manageresources-display-component---newResourceUnit--PLANNING_GROUP-arrow"},"wdio_ui5_key":"applicationmanageresources-display-component---newResourceUnit--PLANNING_GROUP-arrow"}]}
RESULT: undefined
COMMAND: POST /session/1fb9db11838ffc8960fc9c9ba3f7ba06/element - {"using":"xpath","value":"//*[@id=\"application-manageresources-display-component---newResourceUnit--PLANNING_GROUP-arrow\"]"}
RESULT: {}
RESULT: {"using":"xpath","value":"//*[@id=\"application-manageresources-display-component---newResourceUnit--PLANNING_GROUP-arrow\"]"}
COMMAND: POST /session/1fb9db11838ffc8960fc9c9ba3f7ba06/element/f.03C4E35034780EC6FC2906822C03C136.d.0BE97E391EA41574F4EC4D95B634094B.e.7159/click - {}
RESULT: {}
COMMAND: POST /session/1fb9db11838ffc8960fc9c9ba3f7ba06/execute/async - {"script":"<script> [1562 bytes]","args":[{"selector":{"controlType":"sap.m.StandardListItem","viewName":"reusables.view.manageresources.NewResourceUnit","viewId":"application-manageresources-display-component---newResourceUnit","properties":{"title":"Heavy Equi"},"searchOpenDialogs":true,"interaction":{"idSuffix":"content"}},"wdio_ui5_key":"reusablesview.manageresources.NewResourceUnitsap.m.StandardListItem{\"title\":\"Heavy Equi\"}"}]}
COMMAND: GET /session/1fb9db11838ffc8960fc9c9ba3f7ba06/screenshot - {}
RESULT: {"script":"<script> [1562 bytes]","args":[{"selector":{"controlType":"sap.m.StandardListItem","viewName":"reusables.view.manageresources.NewResourceUnit","viewId":"application-manageresources-display-component---newResourceUnit","properties":{"title":"Heavy Equi"},"searchOpenDialogs":true,"interaction":{"idSuffix":"content"}},"wdio_ui5_key":"reusablesview.manageresources.NewResourceUnitsap.m.StandardListItem{\"title\":\"Heavy Equi\"}"}]}
RESULT: undefined
COMMAND: POST /session/1fb9db11838ffc8960fc9c9ba3f7ba06/element - {"using":"xpath","value":"//*[@id=\"__item970\"]"}
RESULT: {}
RESULT: {"using":"xpath","value":"//*[@id=\"__item970\"]"}
COMMAND: POST /session/1fb9db11838ffc8960fc9c9ba3f7ba06/element/f.03C4E35034780EC6FC2906822C03C136.d.0BE97E391EA41574F4EC4D95B634094B.e.7161/click - {}
RESULT: {}
COMMAND: GET /session/1fb9db11838ffc8960fc9c9ba3f7ba06/screenshot - {}
RESULT: {}
COMMAND: POST /session/1fb9db11838ffc8960fc9c9ba3f7ba06/execute/async - {"script":"<script> [1562 bytes]","args":[{"selector":{"id":"application-manageresources-display-component---newResourceUnit--PLANNING_INDICATOR-arrow"},"wdio_ui5_key":"applicationmanageresources-display-component---newResourceUnit--PLANNING_INDICATOR-arrow"}]}
RESULT: {"script":"<script> [1562 bytes]","args":[{"selector":{"id":"application-manageresources-display-component---newResourceUnit--PLANNING_INDICATOR-arrow"},"wdio_ui5_key":"applicationmanageresources-display-component---newResourceUnit--PLANNING_INDICATOR-arrow"}]}
RESULT: undefined
COMMAND: POST /session/1fb9db11838ffc8960fc9c9ba3f7ba06/element - {"using":"xpath","value":"//*[@id=\"application-manageresources-display-component---newResourceUnit--PLANNING_INDICATOR-arrow\"]"}
RESULT: {"using":"xpath","value":"//*[@id=\"application-manageresources-display-component---newResourceUnit--PLANNING_INDICATOR-arrow\"]"}
COMMAND: POST /session/1fb9db11838ffc8960fc9c9ba3f7ba06/element/f.03C4E35034780EC6FC2906822C03C136.d.0BE97E391EA41574F4EC4D95B634094B.e.7162/click - {}
RESULT: {}
COMMAND: POST /session/1fb9db11838ffc8960fc9c9ba3f7ba06/execute/async - {"script":"<script> [1562 bytes]","args":[{"selector":{"controlType":"sap.m.StandardListItem","viewName":"reusables.view.manageresources.NewResourceUnit","viewId":"application-manageresources-display-component---newResourceUnit","properties":{"title":"10 - infinite"},"searchOpenDialogs":true,"interaction":{"idSuffix":"content"}},"wdio_ui5_key":"reusablesview.manageresources.NewResourceUnitsap.m.StandardListItem{\"title\":\"10 - infinite\"}"}]}
COMMAND: GET /session/1fb9db11838ffc8960fc9c9ba3f7ba06/screenshot - {}
RESULT: {"script":"<script> [1562 bytes]","args":[{"selector":{"controlType":"sap.m.StandardListItem","viewName":"reusables.view.manageresources.NewResourceUnit","viewId":"application-manageresources-display-component---newResourceUnit","properties":{"title":"10 - infinite"},"searchOpenDialogs":true,"interaction":{"idSuffix":"content"}},"wdio_ui5_key":"reusablesview.manageresources.NewResourceUnitsap.m.StandardListItem{\"title\":\"10 - infinite\"}"}]}
RESULT: undefined
COMMAND: POST /session/1fb9db11838ffc8960fc9c9ba3f7ba06/element - {"using":"xpath","value":"//*[@id=\"__item980\"]"}
RESULT: {}
RESULT: {"using":"xpath","value":"//*[@id=\"__item980\"]"}
COMMAND: POST /session/1fb9db11838ffc8960fc9c9ba3f7ba06/element/f.03C4E35034780EC6FC2906822C03C136.d.0BE97E391EA41574F4EC4D95B634094B.e.7164/click - {}
RESULT: {}
COMMAND: GET /session/1fb9db11838ffc8960fc9c9ba3f7ba06/screenshot - {}
RESULT: {}
COMMAND: POST /session/1fb9db11838ffc8960fc9c9ba3f7ba06/element - {"using":"xpath","value":"//bdi[contains(text(), \"Time Segment\")]"}
RESULT: {"using":"xpath","value":"//bdi[contains(text(), \"Time Segment\")]"}
COMMAND: GET /session/1fb9db11838ffc8960fc9c9ba3f7ba06/element/f.03C4E35034780EC6FC2906822C03C136.d.0BE97E391EA41574F4EC4D95B634094B.e.7165/rect - {}
RESULT: {}
COMMAND: GET /session/1fb9db11838ffc8960fc9c9ba3f7ba06/window/rect - {}
RESULT: {}
COMMAND: POST /session/1fb9db11838ffc8960fc9c9ba3f7ba06/execute/sync - {"script":"<script> [92 bytes]","args":[]}
RESULT: {"script":"<script> [92 bytes]","args":[]}
COMMAND: POST /session/1fb9db11838ffc8960fc9c9ba3f7ba06/actions - {"actions":[{"id":"action14","type":"wheel","parameters":{},"actions":[{"type":"scroll","x":-1820,"y":-21,"deltaX":0,"deltaY":0,"duration":0,"origin":{"element-6066-11e4-a52e-4f735466cecf":"f.03C4E35034780EC6FC2906822C03C136.d.0BE97E391EA41574F4EC4D95B634094B.e.7165"}}]}]}
COMMAND: GET /session/1fb9db11838ffc8960fc9c9ba3f7ba06/screenshot - {}
RESULT: {}
COMMAND: POST /session/1fb9db11838ffc8960fc9c9ba3f7ba06/execute/sync - {"script":"<script> [79 bytes]","args":[{"element-6066-11e4-a52e-4f735466cecf":"f.03C4E35034780EC6FC2906822C03C136.d.0BE97E391EA41574F4EC4D95B634094B.e.7165","ELEMENT":"f.03C4E35034780EC6FC2906822C03C136.d.0BE97E391EA41574F4EC4D95B634094B.e.7165"},{"block":"start","inline":"nearest"}]}
RESULT: {"script":"<script> [79 bytes]","args":[{"element-6066-11e4-a52e-4f735466cecf":"f.03C4E35034780EC6FC2906822C03C136.d.0BE97E391EA41574F4EC4D95B634094B.e.7165","ELEMENT":"f.03C4E35034780EC6FC2906822C03C136.d.0BE97E391EA41574F4EC4D95B634094B.e.7165"},{"block":"start","inline":"nearest"}]}
COMMAND: GET /session/1fb9db11838ffc8960fc9c9ba3f7ba06/screenshot - {}
RESULT: {}
COMMAND: POST /session/1fb9db11838ffc8960fc9c9ba3f7ba06/element - {"using":"xpath","value":"//span[@id=\"application-manageresources-display-component---newResourceUnit--btnAddTimeSegment-img\"]"}
RESULT: {"using":"xpath","value":"//span[@id=\"application-manageresources-display-component---newResourceUnit--btnAddTimeSegment-img\"]"}
COMMAND: POST /session/1fb9db11838ffc8960fc9c9ba3f7ba06/execute/sync - {"script":"<script> [8489 bytes]","args":[{"element-6066-11e4-a52e-4f735466cecf":"f.03C4E35034780EC6FC2906822C03C136.d.0BE97E391EA41574F4EC4D95B634094B.e.7168","ELEMENT":"f.03C4E35034780EC6FC2906822C03C136.d.0BE97E391EA41574F4EC4D95B634094B.e.7168"}]}
RESULT: {"script":"<script> [8489 bytes]","args":[{"element-6066-11e4-a52e-4f735466cecf":"f.03C4E35034780EC6FC2906822C03C136.d.0BE97E391EA41574F4EC4D95B634094B.e.7168","ELEMENT":"f.03C4E35034780EC6FC2906822C03C136.d.0BE97E391EA41574F4EC4D95B634094B.e.7168"}]}
COMMAND: POST /session/1fb9db11838ffc8960fc9c9ba3f7ba06/element/f.03C4E35034780EC6FC2906822C03C136.d.0BE97E391EA41574F4EC4D95B634094B.e.7168/click - {}
COMMAND: GET /session/1fb9db11838ffc8960fc9c9ba3f7ba06/screenshot - {}
RESULT: {}
COMMAND: GET /session/1fb9db11838ffc8960fc9c9ba3f7ba06/screenshot - {}
COMMAND: POST /session/1fb9db11838ffc8960fc9c9ba3f7ba06/element - {"using":"xpath","value":"//input[@id=\"application-manageresources-display-component---newResourceUnit--idRuTSAdmin-application-manageresources-display-component---newResourceUnit--RUTimeSegment-0-inner\"]"}
RESULT: {}
RESULT: {}
RESULT: {"using":"xpath","value":"//input[@id=\"application-manageresources-display-component---newResourceUnit--idRuTSAdmin-application-manageresources-display-component---newResourceUnit--RUTimeSegment-0-inner\"]"}
COMMAND: POST /session/1fb9db11838ffc8960fc9c9ba3f7ba06/element/f.03C4E35034780EC6FC2906822C03C136.d.0BE97E391EA41574F4EC4D95B634094B.e.7171/clear - {}
RESULT: {}
COMMAND: POST /session/1fb9db11838ffc8960fc9c9ba3f7ba06/element/f.03C4E35034780EC6FC2906822C03C136.d.0BE97E391EA41574F4EC4D95B634094B.e.7171/value - {"text":"WebdriverYard29mcpk"}
COMMAND: GET /session/1fb9db11838ffc8960fc9c9ba3f7ba06/screenshot - {}
RESULT: {"text":"WebdriverYard29mcpk"}
COMMAND: GET /session/1fb9db11838ffc8960fc9c9ba3f7ba06/screenshot - {}
RESULT: {}
RESULT: {}
COMMAND: POST /session/1fb9db11838ffc8960fc9c9ba3f7ba06/actions - {"actions":[{"id":"action15","type":"key","parameters":{},"actions":[{"type":"keyDown","value":"î€‡"},{"type":"pause","duration":10},{"type":"keyUp","value":"î€‡"}]}]}
RESULT: {"actions":[{"id":"action15","type":"key","parameters":{},"actions":[{"type":"keyDown","value":"î€‡"},{"type":"pause","duration":10},{"type":"keyUp","value":"î€‡"}]}]}
COMMAND: GET /session/1fb9db11838ffc8960fc9c9ba3f7ba06/screenshot - {}
RESULT: {}
COMMAND: POST /session/1fb9db11838ffc8960fc9c9ba3f7ba06/execute/async - {"script":"<script> [1562 bytes]","args":[{"selector":{"controlType":"sap.m.Button","viewName":"reusables.view.manageresources.NewResourceUnit","viewId":"application-manageresources-display-component---newResourceUnit","i18NText":{"propertyName":"tooltip","key":"save"},"interaction":{"idSuffix":"BDI-content"}},"wdio_ui5_key":"reusablesview.manageresources.NewResourceUnitsap.m.Button{\"propertyName\":\"tooltip\",\"key\":\"save\"}"}]}
RESULT: {"script":"<script> [1562 bytes]","args":[{"selector":{"controlType":"sap.m.Button","viewName":"reusables.view.manageresources.NewResourceUnit","viewId":"application-manageresources-display-component---newResourceUnit","i18NText":{"propertyName":"tooltip","key":"save"},"interaction":{"idSuffix":"BDI-content"}},"wdio_ui5_key":"reusablesview.manageresources.NewResourceUnitsap.m.Button{\"propertyName\":\"tooltip\",\"key\":\"save\"}"}]}
RESULT: undefined
COMMAND: POST /session/1fb9db11838ffc8960fc9c9ba3f7ba06/element - {"using":"xpath","value":"//*[@id=\"application-manageresources-display-component---newResourceUnit--createRuButton\"]"}
RESULT: {"using":"xpath","value":"//*[@id=\"application-manageresources-display-component---newResourceUnit--createRuButton\"]"}
COMMAND: POST /session/1fb9db11838ffc8960fc9c9ba3f7ba06/element/f.03C4E35034780EC6FC2906822C03C136.d.0BE97E391EA41574F4EC4D95B634094B.e.7095/click - {}
RESULT: {}
COMMAND: GET /session/1fb9db11838ffc8960fc9c9ba3f7ba06/screenshot - {}
RESULT: {}
COMMAND: POST /session/1fb9db11838ffc8960fc9c9ba3f7ba06/execute/async - {"script":"<script> [1562 bytes]","args":[{"selector":{"controlType":"sap.m.Title","properties":{"text":"Success"},"searchOpenDialogs":true},"wdio_ui5_key":"sapm.Title{\"text\":\"Success\"}"}]}
RESULT: {"script":"<script> [1562 bytes]","args":[{"selector":{"controlType":"sap.m.Title","properties":{"text":"Success"},"searchOpenDialogs":true},"wdio_ui5_key":"sapm.Title{\"text\":\"Success\"}"}]}
RESULT: undefined
COMMAND: POST /session/1fb9db11838ffc8960fc9c9ba3f7ba06/execute/async - {"script":"<script> [6424 bytes]","args":[{"element-6066-11e4-a52e-4f735466cecf":"f.03C4E35034780EC6FC2906822C03C136.d.0BE97E391EA41574F4EC4D95B634094B.e.7184"},"getText",[]]}
RESULT: {"script":"<script> [6424 bytes]","args":[{"element-6066-11e4-a52e-4f735466cecf":"f.03C4E35034780EC6FC2906822C03C136.d.0BE97E391EA41574F4EC4D95B634094B.e.7184"},"getText",[]]}
COMMAND: POST /session/1fb9db11838ffc8960fc9c9ba3f7ba06/element - {"using":"xpath","value":"//*[contains(@id, '__text') and (contains(text(), 'successfully created') or contains(., 'successfully created'))]"}
RESULT: {"using":"xpath","value":"//*[contains(@id, '__text') and (contains(text(), 'successfully created') or contains(., 'successfully created'))]"}
COMMAND: GET /session/1fb9db11838ffc8960fc9c9ba3f7ba06/element/f.03C4E35034780EC6FC2906822C03C136.d.0BE97E391EA41574F4EC4D95B634094B.e.7182/text - {}
RESULT: {}
COMMAND: POST /session/1fb9db11838ffc8960fc9c9ba3f7ba06/execute/async - {"script":"<script> [1562 bytes]","args":[{"selector":{"controlType":"sap.m.Button","properties":{"text":"Close"},"searchOpenDialogs":true,"interaction":{"idSuffix":"BDI-content"}},"wdio_ui5_key":"sapm.Button{\"text\":\"Close\"}"}]}
RESULT: {"script":"<script> [1562 bytes]","args":[{"selector":{"controlType":"sap.m.Button","properties":{"text":"Close"},"searchOpenDialogs":true,"interaction":{"idSuffix":"BDI-content"}},"wdio_ui5_key":"sapm.Button{\"text\":\"Close\"}"}]}
RESULT: undefined
COMMAND: POST /session/1fb9db11838ffc8960fc9c9ba3f7ba06/element - {"using":"xpath","value":"//*[@id=\"__mbox-btn-0\"]"}
RESULT: {"using":"xpath","value":"//*[@id=\"__mbox-btn-0\"]"}
COMMAND: POST /session/1fb9db11838ffc8960fc9c9ba3f7ba06/element/f.03C4E35034780EC6FC2906822C03C136.d.0BE97E391EA41574F4EC4D95B634094B.e.7181/click - {}
RESULT: {}
COMMAND: GET /session/1fb9db11838ffc8960fc9c9ba3f7ba06/screenshot - {}
RESULT: {}
COMMAND: POST /session/1fb9db11838ffc8960fc9c9ba3f7ba06/execute/async - {"script":"<script> [1562 bytes]","args":[{"selector":{"controlType":"sap.ui.core.Icon","viewName":"etm.portal.ui.manageresources.view.Detail","viewId":"application-manageresources-display-component---detailRU","properties":{"src":{"regex":{"source":"overflow"}}}},"wdio_ui5_key":"etmportal.ui.manageresources.view.Detailsap.ui.core.Icon{\"src\":{\"regex\":{\"source\":\"overflow\"}}}"}]}
RESULT: {"script":"<script> [1562 bytes]","args":[{"selector":{"controlType":"sap.ui.core.Icon","viewName":"etm.portal.ui.manageresources.view.Detail","viewId":"application-manageresources-display-component---detailRU","properties":{"src":{"regex":{"source":"overflow"}}}},"wdio_ui5_key":"etmportal.ui.manageresources.view.Detailsap.ui.core.Icon{\"src\":{\"regex\":{\"source\":\"overflow\"}}}"}]}
RESULT: undefined
COMMAND: POST /session/1fb9db11838ffc8960fc9c9ba3f7ba06/element - {"using":"xpath","value":"//*[@id=\"__title36-_actionsToolbar-overflowButton-img\"]"}
RESULT: {"using":"xpath","value":"//*[@id=\"__title36-_actionsToolbar-overflowButton-img\"]"}
COMMAND: POST /session/1fb9db11838ffc8960fc9c9ba3f7ba06/element/f.03C4E35034780EC6FC2906822C03C136.d.0BE97E391EA41574F4EC4D95B634094B.e.7219/click - {}
RESULT: {}
COMMAND: POST /session/1fb9db11838ffc8960fc9c9ba3f7ba06/execute/async - {"script":"<script> [1562 bytes]","args":[{"selector":{"controlType":"sap.m.Button","viewName":"etm.portal.ui.manageresources.view.Detail","viewId":"application-manageresources-display-component---detailRU","i18NText":{"propertyName":"tooltip","key":"closeColumn"},"searchOpenDialogs":true,"interaction":{"idSuffix":"inner"}},"wdio_ui5_key":"etmportal.ui.manageresources.view.Detailsap.m.Button{\"propertyName\":\"tooltip\",\"key\":\"closeColumn\"}"}]}
COMMAND: GET /session/1fb9db11838ffc8960fc9c9ba3f7ba06/screenshot - {}
RESULT: {"script":"<script> [1562 bytes]","args":[{"selector":{"controlType":"sap.m.Button","viewName":"etm.portal.ui.manageresources.view.Detail","viewId":"application-manageresources-display-component---detailRU","i18NText":{"propertyName":"tooltip","key":"closeColumn"},"searchOpenDialogs":true,"interaction":{"idSuffix":"inner"}},"wdio_ui5_key":"etmportal.ui.manageresources.view.Detailsap.m.Button{\"propertyName\":\"tooltip\",\"key\":\"closeColumn\"}"}]}
RESULT: undefined
COMMAND: POST /session/1fb9db11838ffc8960fc9c9ba3f7ba06/element - {"using":"xpath","value":"//*[@id=\"__button147\"]"}
RESULT: {}
RESULT: {"using":"xpath","value":"//*[@id=\"__button147\"]"}
COMMAND: POST /session/1fb9db11838ffc8960fc9c9ba3f7ba06/element/f.03C4E35034780EC6FC2906822C03C136.d.0BE97E391EA41574F4EC4D95B634094B.e.7221/click - {}
RESULT: {}
COMMAND: GET /session/1fb9db11838ffc8960fc9c9ba3f7ba06/screenshot - {}
RESULT: {}
COMMAND: POST /session/1fb9db11838ffc8960fc9c9ba3f7ba06/refresh - {}
RESULT: {}
COMMAND: GET /session/1fb9db11838ffc8960fc9c9ba3f7ba06/screenshot - {}
RESULT: {}
COMMAND: POST /session/1fb9db11838ffc8960fc9c9ba3f7ba06/execute/async - {"script":"<script> [189 bytes]","args":[]}
RESULT: {"script":"<script> [189 bytes]","args":[]}
COMMAND: POST /session/1fb9db11838ffc8960fc9c9ba3f7ba06/execute/async - {"script":"<script> [123 bytes]","args":[]}
RESULT: {"script":"<script> [123 bytes]","args":[]}
COMMAND: POST /session/1fb9db11838ffc8960fc9c9ba3f7ba06/timeouts - {"script":"<number>"}
RESULT: {"script":"<number>"}
COMMAND: GET /session/1fb9db11838ffc8960fc9c9ba3f7ba06/timeouts - {}
RESULT: {}
RESULT: undefined
COMMAND: POST /session/1fb9db11838ffc8960fc9c9ba3f7ba06/execute/async - {"script":"<script> [2676 bytes]","args":[]}
RESULT: {"script":"<script> [2676 bytes]","args":[]}
COMMAND: POST /session/1fb9db11838ffc8960fc9c9ba3f7ba06/execute/async - {"script":"<script> [2342 bytes]","args":[{"protocol":"http","hostname":"0.0.0.0","path":"/","capabilities":{"browserName":"chrome","goog:chromeOptions":{"binary":"C:\\Program Files\\Google\\Chrome\\Application\\chrome.exe","args":["--start-maximized"]}},"logLevel":"warn","connectionRetryTimeout":120000,"connectionRetryCount":3,"logLevels":{},"enableDirectConnect":true,"strictSSL":true,"_":"65 more keys: [\"cacheDir\",\"port\",\"requestedCapabilities\",\"automationProtocol\",\"baseUrl\",\"waitforInterval\",\"waitforTimeout\",\"onReload\",\"beforeCommand\",\"afterCommand\",\"rootDir\",\"specs\",\"suites\",\"exclude\",\"groupLogsByTestSpec\",\"excludeDriverLogs\",\"bail\",\"framework\",\"reporters\",\"services\",\"maxInstances\",\"maxInstancesPerCapability\",\"injectGlobals\",\"filesToWatch\",\"execArgv\",\"runnerEnv\",\"runner\",\"shard\",\"specFileRetries\",\"specFileRetriesDelay\",\"specFileRetriesDeferred\",\"reporterSyncInterval\",\"reporterSyncTimeout\",\"cucumberFeaturesWithLineNumbers\",\"autoCompileOpts\",\"mochaOpts\",\"jasmineOpts\",\"cucumberOpts\",\"onPrepare\",\"onWorkerStart\",\"onWorkerEnd\",\"before\",\"beforeSession\",\"beforeSuite\",\"beforeHook\",\"beforeTest\",\"afterTest\",\"afterHook\",\"afterSuite\",\"afterSession\",\"after\",\"onComplete\",\"beforeAssertion\",\"afterAssertion\",\"beforeFeature\",\"beforeScenario\",\"beforeStep\",\"afterStep\",\"afterScenario\",\"afterFeature\",\"_\",\"suite\",\"$0\",\"ignoredWorkerServices\",\"wdi5\"]"}]}
RESULT: {"script":"<script> [2342 bytes]","args":[{"protocol":"http","hostname":"0.0.0.0","path":"/","capabilities":{"browserName":"chrome","goog:chromeOptions":{"binary":"C:\\Program Files\\Google\\Chrome\\Application\\chrome.exe","args":["--start-maximized"]}},"logLevel":"warn","connectionRetryTimeout":120000,"connectionRetryCount":3,"logLevels":{},"enableDirectConnect":true,"strictSSL":true,"_":"65 more keys: [\"cacheDir\",\"port\",\"requestedCapabilities\",\"automationProtocol\",\"baseUrl\",\"waitforInterval\",\"waitforTimeout\",\"onReload\",\"beforeCommand\",\"afterCommand\",\"rootDir\",\"specs\",\"suites\",\"exclude\",\"groupLogsByTestSpec\",\"excludeDriverLogs\",\"bail\",\"framework\",\"reporters\",\"services\",\"maxInstances\",\"maxInstancesPerCapability\",\"injectGlobals\",\"filesToWatch\",\"execArgv\",\"runnerEnv\",\"runner\",\"shard\",\"specFileRetries\",\"specFileRetriesDelay\",\"specFileRetriesDeferred\",\"reporterSyncInterval\",\"reporterSyncTimeout\",\"cucumberFeaturesWithLineNumbers\",\"autoCompileOpts\",\"mochaOpts\",\"jasmineOpts\",\"cucumberOpts\",\"onPrepare\",\"onWorkerStart\",\"onWorkerEnd\",\"before\",\"beforeSession\",\"beforeSuite\",\"beforeHook\",\"beforeTest\",\"afterTest\",\"afterHook\",\"afterSuite\",\"afterSession\",\"after\",\"onComplete\",\"beforeAssertion\",\"afterAssertion\",\"beforeFeature\",\"beforeScenario\",\"beforeStep\",\"afterStep\",\"afterScenario\",\"afterFeature\",\"_\",\"suite\",\"$0\",\"ignoredWorkerServices\",\"wdi5\"]"}]}
COMMAND: POST /session/1fb9db11838ffc8960fc9c9ba3f7ba06/execute/async - {"script":"<script> [21126 bytes]","args":[35000]}
RESULT: {"script":"<script> [21126 bytes]","args":[35000]}
COMMAND: POST /session/1fb9db11838ffc8960fc9c9ba3f7ba06/element - {"using":"css selector","value":"#shell-header-logo"}
RESULT: {"using":"css selector","value":"#shell-header-logo"}
COMMAND: POST /session/1fb9db11838ffc8960fc9c9ba3f7ba06/element/f.03C4E35034780EC6FC2906822C03C136.d.C72B9032F234AB954CAA818B9B538BD4.e.7316/click - {}
RESULT: {}
COMMAND: GET /session/1fb9db11838ffc8960fc9c9ba3f7ba06/screenshot - {}
RESULT: {}
COMMAND: POST /session/1fb9db11838ffc8960fc9c9ba3f7ba06/execute/async - {"script":"<script> [1562 bytes]","args":[{"selector":{"controlType":"sap.m.Text","viewName":"etm.portal.ui.managehandoverstile.view.Master","properties":{"text":"Manage Handovers"},"interaction":{"idSuffix":"inner"}},"wdio_ui5_key":"etmportal.ui.managehandoverstile.view.Mastersap.m.Text{\"text\":\"Manage Handovers\"}"}]}
RESULT: {"script":"<script> [1562 bytes]","args":[{"selector":{"controlType":"sap.m.Text","viewName":"etm.portal.ui.managehandoverstile.view.Master","properties":{"text":"Manage Handovers"},"interaction":{"idSuffix":"inner"}},"wdio_ui5_key":"etmportal.ui.managehandoverstile.view.Mastersap.m.Text{\"text\":\"Manage Handovers\"}"}]}
RESULT: undefined
COMMAND: POST /session/1fb9db11838ffc8960fc9c9ba3f7ba06/element - {"using":"xpath","value":"//*[@id=\"__tile132-title\"]"}
RESULT: {"using":"xpath","value":"//*[@id=\"__tile132-title\"]"}
COMMAND: POST /session/1fb9db11838ffc8960fc9c9ba3f7ba06/element/f.03C4E35034780EC6FC2906822C03C136.d.C72B9032F234AB954CAA818B9B538BD4.e.7501/click - {}
RESULT: {}
COMMAND: GET /session/1fb9db11838ffc8960fc9c9ba3f7ba06/screenshot - {}
RESULT: {}
COMMAND: POST /session/1fb9db11838ffc8960fc9c9ba3f7ba06/element - {"using":"xpath","value":"//button[@data-kt=\"masterHOAddButton\"]"}
RESULT: {"using":"xpath","value":"//button[@data-kt=\"masterHOAddButton\"]"}
COMMAND: POST /session/1fb9db11838ffc8960fc9c9ba3f7ba06/execute/sync - {"script":"<script> [8489 bytes]","args":[{"element-6066-11e4-a52e-4f735466cecf":"f.03C4E35034780EC6FC2906822C03C136.d.C72B9032F234AB954CAA818B9B538BD4.e.7536","ELEMENT":"f.03C4E35034780EC6FC2906822C03C136.d.C72B9032F234AB954CAA818B9B538BD4.e.7536"}]}
RESULT: {"script":"<script> [8489 bytes]","args":[{"element-6066-11e4-a52e-4f735466cecf":"f.03C4E35034780EC6FC2906822C03C136.d.C72B9032F234AB954CAA818B9B538BD4.e.7536","ELEMENT":"f.03C4E35034780EC6FC2906822C03C136.d.C72B9032F234AB954CAA818B9B538BD4.e.7536"}]}
COMMAND: POST /session/1fb9db11838ffc8960fc9c9ba3f7ba06/element/f.03C4E35034780EC6FC2906822C03C136.d.C72B9032F234AB954CAA818B9B538BD4.e.7536/click - {}
COMMAND: GET /session/1fb9db11838ffc8960fc9c9ba3f7ba06/screenshot - {}
RESULT: {}
COMMAND: GET /session/1fb9db11838ffc8960fc9c9ba3f7ba06/screenshot - {}
RESULT: {}
RESULT: {}
COMMAND: POST /session/1fb9db11838ffc8960fc9c9ba3f7ba06/element - {"using":"xpath","value":"//span[contains(@id ,\"AddNewHO--typeSelect-arrow\")]"}
RESULT: {"using":"xpath","value":"//span[contains(@id ,\"AddNewHO--typeSelect-arrow\")]"}
COMMAND: POST /session/1fb9db11838ffc8960fc9c9ba3f7ba06/element/f.03C4E35034780EC6FC2906822C03C136.d.C72B9032F234AB954CAA818B9B538BD4.e.7844/click - {}
RESULT: {}
COMMAND: GET /session/1fb9db11838ffc8960fc9c9ba3f7ba06/screenshot - {}
RESULT: {}
COMMAND: POST /session/1fb9db11838ffc8960fc9c9ba3f7ba06/element - {"using":"xpath","value":"(//li[contains(text(), \"stock increase yard\")])[1]"}
RESULT: {"using":"xpath","value":"(//li[contains(text(), \"stock increase yard\")])[1]"}
COMMAND: POST /session/1fb9db11838ffc8960fc9c9ba3f7ba06/element/f.03C4E35034780EC6FC2906822C03C136.d.C72B9032F234AB954CAA818B9B538BD4.e.7847/click - {}
RESULT: {}
COMMAND: GET /session/1fb9db11838ffc8960fc9c9ba3f7ba06/screenshot - {}
RESULT: {}
COMMAND: POST /session/1fb9db11838ffc8960fc9c9ba3f7ba06/execute/async - {"script":"<script> [1562 bytes]","args":[{"selector":{"id":"application-managehandovers-display-component---AddNewHO--dueDate","interaction":{"idSuffix":"inner"}},"wdio_ui5_key":"applicationmanagehandovers-display-component---AddNewHO--dueDate"}]}
RESULT: {"script":"<script> [1562 bytes]","args":[{"selector":{"id":"application-managehandovers-display-component---AddNewHO--dueDate","interaction":{"idSuffix":"inner"}},"wdio_ui5_key":"applicationmanagehandovers-display-component---AddNewHO--dueDate"}]}
RESULT: undefined
COMMAND: POST /session/1fb9db11838ffc8960fc9c9ba3f7ba06/execute/async - {"script":"<script> [6424 bytes]","args":[{"element-6066-11e4-a52e-4f735466cecf":"f.03C4E35034780EC6FC2906822C03C136.d.C72B9032F234AB954CAA818B9B538BD4.e.7851"},"setValue",["04/25/2025"]]}
RESULT: {"script":"<script> [6424 bytes]","args":[{"element-6066-11e4-a52e-4f735466cecf":"f.03C4E35034780EC6FC2906822C03C136.d.C72B9032F234AB954CAA818B9B538BD4.e.7851"},"setValue",["04/25/2025"]]}
COMMAND: POST /session/1fb9db11838ffc8960fc9c9ba3f7ba06/element - {"using":"xpath","value":"//input[@id=\"generalSectionFrg--receiveYard-inner\"]"}
RESULT: {"using":"xpath","value":"//input[@id=\"generalSectionFrg--receiveYard-inner\"]"}
COMMAND: POST /session/1fb9db11838ffc8960fc9c9ba3f7ba06/element/f.03C4E35034780EC6FC2906822C03C136.d.C72B9032F234AB954CAA818B9B538BD4.e.7857/clear - {}
RESULT: {}
COMMAND: POST /session/1fb9db11838ffc8960fc9c9ba3f7ba06/element/f.03C4E35034780EC6FC2906822C03C136.d.C72B9032F234AB954CAA818B9B538BD4.e.7857/value - {"text":"WebdriverYard29mcpk"}
COMMAND: GET /session/1fb9db11838ffc8960fc9c9ba3f7ba06/screenshot - {}
RESULT: {"text":"WebdriverYard29mcpk"}
COMMAND: GET /session/1fb9db11838ffc8960fc9c9ba3f7ba06/screenshot - {}
RESULT: {}
RESULT: {}
COMMAND: POST /session/1fb9db11838ffc8960fc9c9ba3f7ba06/execute/async - {"script":"<script> [1562 bytes]","args":[{"selector":{"id":"application-managehandovers-display-component---AddNewHO--ObjectPageLayout-anchBar-application-managehandovers-display-component---AddNewHO--section4-anchor","interaction":{"idSuffix":"BDI-content"}},"wdio_ui5_key":"applicationmanagehandovers-display-component---AddNewHO--ObjectPageLayout-anchBar-application-managehandovers-display-component---AddNewHO--section4-anchor"}]}
RESULT: {"script":"<script> [1562 bytes]","args":[{"selector":{"id":"application-managehandovers-display-component---AddNewHO--ObjectPageLayout-anchBar-application-managehandovers-display-component---AddNewHO--section4-anchor","interaction":{"idSuffix":"BDI-content"}},"wdio_ui5_key":"applicationmanagehandovers-display-component---AddNewHO--ObjectPageLayout-anchBar-application-managehandovers-display-component---AddNewHO--section4-anchor"}]}
RESULT: undefined
COMMAND: POST /session/1fb9db11838ffc8960fc9c9ba3f7ba06/element - {"using":"xpath","value":"//*[@id=\"application-managehandovers-display-component---AddNewHO--ObjectPageLayout-anchBar-application-managehandovers-display-component---AddNewHO--section4-anchor\"]"}
RESULT: {"using":"xpath","value":"//*[@id=\"application-managehandovers-display-component---AddNewHO--ObjectPageLayout-anchBar-application-managehandovers-display-component---AddNewHO--section4-anchor\"]"}
COMMAND: POST /session/1fb9db11838ffc8960fc9c9ba3f7ba06/element/f.03C4E35034780EC6FC2906822C03C136.d.C72B9032F234AB954CAA818B9B538BD4.e.7874/click - {}
RESULT: {}
COMMAND: GET /session/1fb9db11838ffc8960fc9c9ba3f7ba06/screenshot - {}
RESULT: {}
COMMAND: POST /session/1fb9db11838ffc8960fc9c9ba3f7ba06/element - {"using":"xpath","value":"//button[@aria-label=\"Add\"]"}
RESULT: {"using":"xpath","value":"//button[@aria-label=\"Add\"]"}
COMMAND: POST /session/1fb9db11838ffc8960fc9c9ba3f7ba06/element/f.03C4E35034780EC6FC2906822C03C136.d.C72B9032F234AB954CAA818B9B538BD4.e.7877/click - {}
RESULT: {}
COMMAND: GET /session/1fb9db11838ffc8960fc9c9ba3f7ba06/screenshot - {}
RESULT: {}
COMMAND: POST /session/1fb9db11838ffc8960fc9c9ba3f7ba06/execute/async - {"script":"<script> [1562 bytes]","args":[{"selector":{"id":"application-managehandovers-display-component---AddNewHO--smartFilterBar-btnBasicSearch","searchOpenDialogs":true,"interaction":{"idSuffix":"I"}},"wdio_ui5_key":"applicationmanagehandovers-display-component---AddNewHO--smartFilterBar-btnBasicSearch"}]}
RESULT: {"script":"<script> [1562 bytes]","args":[{"selector":{"id":"application-managehandovers-display-component---AddNewHO--smartFilterBar-btnBasicSearch","searchOpenDialogs":true,"interaction":{"idSuffix":"I"}},"wdio_ui5_key":"applicationmanagehandovers-display-component---AddNewHO--smartFilterBar-btnBasicSearch"}]}
RESULT: undefined
COMMAND: POST /session/1fb9db11838ffc8960fc9c9ba3f7ba06/execute/async - {"script":"<script> [776 bytes]","args":[{"enterText":"WebdriverRUR2Ca4z3n","selector":{"id":"application-managehandovers-display-component---AddNewHO--smartFilterBar-btnBasicSearch","searchOpenDialogs":true,"interaction":{"idSuffix":"I"}},"clearTextFirst":true,"interactionType":"ENTER_TEXT"}]}
RESULT: {"script":"<script> [776 bytes]","args":[{"enterText":"WebdriverRUR2Ca4z3n","selector":{"id":"application-managehandovers-display-component---AddNewHO--smartFilterBar-btnBasicSearch","searchOpenDialogs":true,"interaction":{"idSuffix":"I"}},"clearTextFirst":true,"interactionType":"ENTER_TEXT"}]}
COMMAND: POST /session/1fb9db11838ffc8960fc9c9ba3f7ba06/actions - {"actions":[{"id":"action16","type":"key","parameters":{},"actions":[{"type":"keyDown","value":"î€‡"},{"type":"pause","duration":10},{"type":"keyUp","value":"î€‡"}]}]}
RESULT: {"actions":[{"id":"action16","type":"key","parameters":{},"actions":[{"type":"keyDown","value":"î€‡"},{"type":"pause","duration":10},{"type":"keyUp","value":"î€‡"}]}]}
COMMAND: POST /session/1fb9db11838ffc8960fc9c9ba3f7ba06/execute/async - {"script":"<script> [1562 bytes]","args":[{"selector":{"id":"application-managehandovers-display-component---AddNewHO--popup-sa","searchOpenDialogs":true,"interaction":{"idSuffix":"CbBg"}},"wdio_ui5_key":"applicationmanagehandovers-display-component---AddNewHO--popup-sa"}]}
COMMAND: GET /session/1fb9db11838ffc8960fc9c9ba3f7ba06/screenshot - {}
RESULT: {"script":"<script> [1562 bytes]","args":[{"selector":{"id":"application-managehandovers-display-component---AddNewHO--popup-sa","searchOpenDialogs":true,"interaction":{"idSuffix":"CbBg"}},"wdio_ui5_key":"applicationmanagehandovers-display-component---AddNewHO--popup-sa"}]}
RESULT: undefined
COMMAND: POST /session/1fb9db11838ffc8960fc9c9ba3f7ba06/element - {"using":"xpath","value":"//*[@id=\"application-managehandovers-display-component---AddNewHO--popup-sa\"]"}
RESULT: {}
RESULT: {"using":"xpath","value":"//*[@id=\"application-managehandovers-display-component---AddNewHO--popup-sa\"]"}
COMMAND: POST /session/1fb9db11838ffc8960fc9c9ba3f7ba06/element/f.03C4E35034780EC6FC2906822C03C136.d.C72B9032F234AB954CAA818B9B538BD4.e.7960/click - {}
RESULT: {}
COMMAND: GET /session/1fb9db11838ffc8960fc9c9ba3f7ba06/screenshot - {}
RESULT: {}
COMMAND: POST /session/1fb9db11838ffc8960fc9c9ba3f7ba06/element - {"using":"xpath","value":"//bdi[contains(text(), \"Select\")]"}
RESULT: {"using":"xpath","value":"//bdi[contains(text(), \"Select\")]"}
COMMAND: POST /session/1fb9db11838ffc8960fc9c9ba3f7ba06/element/f.03C4E35034780EC6FC2906822C03C136.d.C72B9032F234AB954CAA818B9B538BD4.e.7961/click - {}
RESULT: {}
COMMAND: GET /session/1fb9db11838ffc8960fc9c9ba3f7ba06/screenshot - {}
RESULT: {}
COMMAND: POST /session/1fb9db11838ffc8960fc9c9ba3f7ba06/execute/async - {"script":"<script> [1562 bytes]","args":[{"selector":{"controlType":"sap.m.Input","viewName":"etm.portal.ui.managehandovers.view.AddNewHO","viewId":"application-managehandovers-display-component---AddNewHO","bindingPath":{"path":"/items/0","propertyPath":"TYPE","modelName":"hoItemsModel"},"interaction":{"idSuffix":"inner"}},"wdio_ui5_key":"etmportal.ui.managehandovers.view.AddNewHOsap.m.Input{\"path\":\"/items/0\",\"propertyPath\":\"TYPE\",\"modelName\":\"hoItemsModel\"}"}]}
RESULT: {"script":"<script> [1562 bytes]","args":[{"selector":{"controlType":"sap.m.Input","viewName":"etm.portal.ui.managehandovers.view.AddNewHO","viewId":"application-managehandovers-display-component---AddNewHO","bindingPath":{"path":"/items/0","propertyPath":"TYPE","modelName":"hoItemsModel"},"interaction":{"idSuffix":"inner"}},"wdio_ui5_key":"etmportal.ui.managehandovers.view.AddNewHOsap.m.Input{\"path\":\"/items/0\",\"propertyPath\":\"TYPE\",\"modelName\":\"hoItemsModel\"}"}]}
RESULT: undefined
COMMAND: POST /session/1fb9db11838ffc8960fc9c9ba3f7ba06/execute/async - {"script":"<script> [776 bytes]","args":[{"enterText":"100","selector":{"controlType":"sap.m.Input","viewName":"etm.portal.ui.managehandovers.view.AddNewHO","viewId":"application-managehandovers-display-component---AddNewHO","bindingPath":{"path":"/items/0","propertyPath":"TYPE","modelName":"hoItemsModel"},"interaction":{"idSuffix":"inner"}},"clearTextFirst":true,"interactionType":"ENTER_TEXT"}]}
RESULT: {"script":"<script> [776 bytes]","args":[{"enterText":"100","selector":{"controlType":"sap.m.Input","viewName":"etm.portal.ui.managehandovers.view.AddNewHO","viewId":"application-managehandovers-display-component---AddNewHO","bindingPath":{"path":"/items/0","propertyPath":"TYPE","modelName":"hoItemsModel"},"interaction":{"idSuffix":"inner"}},"clearTextFirst":true,"interactionType":"ENTER_TEXT"}]}
COMMAND: POST /session/1fb9db11838ffc8960fc9c9ba3f7ba06/element - {"using":"xpath","value":"//button[@data-kt=\"AddNewHOSaveButton\"]"}
RESULT: {"using":"xpath","value":"//button[@data-kt=\"AddNewHOSaveButton\"]"}
COMMAND: POST /session/1fb9db11838ffc8960fc9c9ba3f7ba06/element/f.03C4E35034780EC6FC2906822C03C136.d.C72B9032F234AB954CAA818B9B538BD4.e.7966/click - {}
RESULT: {}
COMMAND: GET /session/1fb9db11838ffc8960fc9c9ba3f7ba06/screenshot - {}
RESULT: {}
COMMAND: POST /session/1fb9db11838ffc8960fc9c9ba3f7ba06/execute/async - {"script":"<script> [1562 bytes]","args":[{"selector":{"id":"receiptDatePicker","viewName":"etm.portal.ui.managehandovers.view.DetailExecuteHO","interaction":{"idSuffix":"inner"}},"wdio_ui5_key":"receiptDatePickeretmportal.ui.managehandovers.view.DetailExecuteHO"}]}
RESULT: {"script":"<script> [1562 bytes]","args":[{"selector":{"id":"receiptDatePicker","viewName":"etm.portal.ui.managehandovers.view.DetailExecuteHO","interaction":{"idSuffix":"inner"}},"wdio_ui5_key":"receiptDatePickeretmportal.ui.managehandovers.view.DetailExecuteHO"}]}
RESULT: undefined
COMMAND: POST /session/1fb9db11838ffc8960fc9c9ba3f7ba06/execute/async - {"script":"<script> [6424 bytes]","args":[{"element-6066-11e4-a52e-4f735466cecf":"f.03C4E35034780EC6FC2906822C03C136.d.C72B9032F234AB954CAA818B9B538BD4.e.7994"},"setValue",["04/25/2025"]]}
RESULT: {"script":"<script> [6424 bytes]","args":[{"element-6066-11e4-a52e-4f735466cecf":"f.03C4E35034780EC6FC2906822C03C136.d.C72B9032F234AB954CAA818B9B538BD4.e.7994"},"setValue",["04/25/2025"]]}
COMMAND: POST /session/1fb9db11838ffc8960fc9c9ba3f7ba06/element - {"using":"xpath","value":"//button[@data-kt=\"PickingTableConfirmAllButton\"]"}
RESULT: {"using":"xpath","value":"//button[@data-kt=\"PickingTableConfirmAllButton\"]"}
COMMAND: POST /session/1fb9db11838ffc8960fc9c9ba3f7ba06/element/f.03C4E35034780EC6FC2906822C03C136.d.C72B9032F234AB954CAA818B9B538BD4.e.8010/click - {}
RESULT: {}
COMMAND: GET /session/1fb9db11838ffc8960fc9c9ba3f7ba06/screenshot - {}
RESULT: {}
COMMAND: POST /session/1fb9db11838ffc8960fc9c9ba3f7ba06/element - {"using":"xpath","value":"//bdi[contains(text(), \"OK\")]"}
RESULT: {"using":"xpath","value":"//bdi[contains(text(), \"OK\")]"}
COMMAND: POST /session/1fb9db11838ffc8960fc9c9ba3f7ba06/element/f.03C4E35034780EC6FC2906822C03C136.d.C72B9032F234AB954CAA818B9B538BD4.e.8012/click - {}
RESULT: {}
COMMAND: GET /session/1fb9db11838ffc8960fc9c9ba3f7ba06/screenshot - {}
RESULT: {}
COMMAND: POST /session/1fb9db11838ffc8960fc9c9ba3f7ba06/element - {"using":"xpath","value":"(//bdi[contains(text(), \"Receive\")])[2]"}
RESULT: {"using":"xpath","value":"(//bdi[contains(text(), \"Receive\")])[2]"}
COMMAND: POST /session/1fb9db11838ffc8960fc9c9ba3f7ba06/element/f.03C4E35034780EC6FC2906822C03C136.d.C72B9032F234AB954CAA818B9B538BD4.e.8014/click - {}
RESULT: {}
COMMAND: GET /session/1fb9db11838ffc8960fc9c9ba3f7ba06/screenshot - {}
RESULT: {}
COMMAND: POST /session/1fb9db11838ffc8960fc9c9ba3f7ba06/element - {"using":"css selector","value":"#shell-header-logo"}
RESULT: {"using":"css selector","value":"#shell-header-logo"}
COMMAND: POST /session/1fb9db11838ffc8960fc9c9ba3f7ba06/element/f.03C4E35034780EC6FC2906822C03C136.d.C72B9032F234AB954CAA818B9B538BD4.e.7504/click - {}
RESULT: {}
COMMAND: GET /session/1fb9db11838ffc8960fc9c9ba3f7ba06/screenshot - {}
]]></system-out>
    </testcase>
    <testcase classname="chrome.135_0_7049_96.windows.E2E_-_Logistical_and_commercial_statuses" name="Should add a pricing rule and a condition to the RU" time="108.565">
      <system-out><![CDATA[
COMMAND: POST /session/1fb9db11838ffc8960fc9c9ba3f7ba06/execute/async - {"script":"<script> [1562 bytes]","args":[{"selector":{"controlType":"sap.m.GenericTile","properties":{"header":"Manage Pricing Rules"}},"wdio_ui5_key":"sapm.GenericTile{\"header\":\"Manage Pricing Rules\"}"}]}
RESULT: {}
RESULT: {"script":"<script> [1562 bytes]","args":[{"selector":{"controlType":"sap.m.GenericTile","properties":{"header":"Manage Pricing Rules"}},"wdio_ui5_key":"sapm.GenericTile{\"header\":\"Manage Pricing Rules\"}"}]}
RESULT: undefined
COMMAND: POST /session/1fb9db11838ffc8960fc9c9ba3f7ba06/element - {"using":"xpath","value":"//*[@id=\"__tile55\"]"}
RESULT: {"using":"xpath","value":"//*[@id=\"__tile55\"]"}
COMMAND: POST /session/1fb9db11838ffc8960fc9c9ba3f7ba06/element/f.03C4E35034780EC6FC2906822C03C136.d.C72B9032F234AB954CAA818B9B538BD4.e.8161/click - {}
RESULT: {}
COMMAND: GET /session/1fb9db11838ffc8960fc9c9ba3f7ba06/screenshot - {}
RESULT: {}
COMMAND: POST /session/1fb9db11838ffc8960fc9c9ba3f7ba06/execute/async - {"script":"<script> [1562 bytes]","args":[{"selector":{"controlType":"sap.ui.core.Icon","viewName":"etm.portal.ui.managepricingrules.view.MasterHeader","viewId":"application-managepricingrules-display-component---priceInfoHeader","properties":{"src":{"regex":{"source":"activity\\-items"}}}},"wdio_ui5_key":"etmportal.ui.managepricingrules.view.MasterHeadersap.ui.core.Icon{\"src\":{\"regex\":{\"source\":\"activity\\\\-items\"}}}"}]}
RESULT: {"script":"<script> [1562 bytes]","args":[{"selector":{"controlType":"sap.ui.core.Icon","viewName":"etm.portal.ui.managepricingrules.view.MasterHeader","viewId":"application-managepricingrules-display-component---priceInfoHeader","properties":{"src":{"regex":{"source":"activity\\-items"}}}},"wdio_ui5_key":"etmportal.ui.managepricingrules.view.MasterHeadersap.ui.core.Icon{\"src\":{\"regex\":{\"source\":\"activity\\\\-items\"}}}"}]}
RESULT: undefined
COMMAND: POST /session/1fb9db11838ffc8960fc9c9ba3f7ba06/element - {"using":"xpath","value":"//*[@id=\"__filter22-icon\"]"}
RESULT: {"using":"xpath","value":"//*[@id=\"__filter22-icon\"]"}
COMMAND: POST /session/1fb9db11838ffc8960fc9c9ba3f7ba06/element/f.03C4E35034780EC6FC2906822C03C136.d.C72B9032F234AB954CAA818B9B538BD4.e.8244/click - {}
RESULT: {}
COMMAND: GET /session/1fb9db11838ffc8960fc9c9ba3f7ba06/screenshot - {}
RESULT: {}
COMMAND: POST /session/1fb9db11838ffc8960fc9c9ba3f7ba06/execute/async - {"script":"<script> [1562 bytes]","args":[{"selector":{"controlType":"sap.ui.core.Icon","viewName":"etm.portal.ui.managepricingrules.view.MasterItem","viewId":"application-managepricingrules-display-component---priceInfoItem","properties":{"src":{"regex":{"source":"add"}}}},"wdio_ui5_key":"etmportal.ui.managepricingrules.view.MasterItemsap.ui.core.Icon{\"src\":{\"regex\":{\"source\":\"add\"}}}"}]}
RESULT: {"script":"<script> [1562 bytes]","args":[{"selector":{"controlType":"sap.ui.core.Icon","viewName":"etm.portal.ui.managepricingrules.view.MasterItem","viewId":"application-managepricingrules-display-component---priceInfoItem","properties":{"src":{"regex":{"source":"add"}}}},"wdio_ui5_key":"etmportal.ui.managepricingrules.view.MasterItemsap.ui.core.Icon{\"src\":{\"regex\":{\"source\":\"add\"}}}"}]}
RESULT: undefined
COMMAND: POST /session/1fb9db11838ffc8960fc9c9ba3f7ba06/element - {"using":"xpath","value":"//*[@id=\"__button76-img\"]"}
RESULT: {"using":"xpath","value":"//*[@id=\"__button76-img\"]"}
COMMAND: POST /session/1fb9db11838ffc8960fc9c9ba3f7ba06/element/f.03C4E35034780EC6FC2906822C03C136.d.C72B9032F234AB954CAA818B9B538BD4.e.8287/click - {}
RESULT: {}
COMMAND: GET /session/1fb9db11838ffc8960fc9c9ba3f7ba06/screenshot - {}
RESULT: {}
COMMAND: POST /session/1fb9db11838ffc8960fc9c9ba3f7ba06/element - {"using":"xpath","value":"//input[@id=\"application-managepricingrules-display-component---newInfoPriceItem--condRU-inner\"]"}
RESULT: {"using":"xpath","value":"//input[@id=\"application-managepricingrules-display-component---newInfoPriceItem--condRU-inner\"]"}
COMMAND: POST /session/1fb9db11838ffc8960fc9c9ba3f7ba06/element/f.03C4E35034780EC6FC2906822C03C136.d.C72B9032F234AB954CAA818B9B538BD4.e.8380/clear - {}
RESULT: {}
COMMAND: POST /session/1fb9db11838ffc8960fc9c9ba3f7ba06/element/f.03C4E35034780EC6FC2906822C03C136.d.C72B9032F234AB954CAA818B9B538BD4.e.8380/value - {"text":"WebdriverRUR2Ca4z3n"}
COMMAND: GET /session/1fb9db11838ffc8960fc9c9ba3f7ba06/screenshot - {}
RESULT: {"text":"WebdriverRUR2Ca4z3n"}
COMMAND: POST /session/1fb9db11838ffc8960fc9c9ba3f7ba06/execute/async - {"script":"<script> [1562 bytes]","args":[{"selector":{"id":"application-managepricingrules-display-component---newInfoPriceItem--condValidTo","interaction":{"idSuffix":"inner"}},"wdio_ui5_key":"applicationmanagepricingrules-display-component---newInfoPriceItem--condValidTo"}]}
COMMAND: GET /session/1fb9db11838ffc8960fc9c9ba3f7ba06/screenshot - {}
RESULT: {}
RESULT: {"script":"<script> [1562 bytes]","args":[{"selector":{"id":"application-managepricingrules-display-component---newInfoPriceItem--condValidTo","interaction":{"idSuffix":"inner"}},"wdio_ui5_key":"applicationmanagepricingrules-display-component---newInfoPriceItem--condValidTo"}]}
RESULT: undefined
COMMAND: POST /session/1fb9db11838ffc8960fc9c9ba3f7ba06/execute/async - {"script":"<script> [776 bytes]","args":[{"enterText":"5/18/33","selector":{"id":"application-managepricingrules-display-component---newInfoPriceItem--condValidTo","interaction":{"idSuffix":"inner"}},"clearTextFirst":true,"interactionType":"ENTER_TEXT"}]}
RESULT: {}
RESULT: {"script":"<script> [776 bytes]","args":[{"enterText":"5/18/33","selector":{"id":"application-managepricingrules-display-component---newInfoPriceItem--condValidTo","interaction":{"idSuffix":"inner"}},"clearTextFirst":true,"interactionType":"ENTER_TEXT"}]}
COMMAND: POST /session/1fb9db11838ffc8960fc9c9ba3f7ba06/execute/async - {"script":"<script> [1562 bytes]","args":[{"selector":{"id":"application-managepricingrules-display-component---newInfoPriceItem--billType-arrow"},"wdio_ui5_key":"applicationmanagepricingrules-display-component---newInfoPriceItem--billType-arrow"}]}
RESULT: {"script":"<script> [1562 bytes]","args":[{"selector":{"id":"application-managepricingrules-display-component---newInfoPriceItem--billType-arrow"},"wdio_ui5_key":"applicationmanagepricingrules-display-component---newInfoPriceItem--billType-arrow"}]}
RESULT: undefined
COMMAND: POST /session/1fb9db11838ffc8960fc9c9ba3f7ba06/element - {"using":"xpath","value":"//*[@id=\"application-managepricingrules-display-component---newInfoPriceItem--billType-arrow\"]"}
RESULT: {"using":"xpath","value":"//*[@id=\"application-managepricingrules-display-component---newInfoPriceItem--billType-arrow\"]"}
COMMAND: POST /session/1fb9db11838ffc8960fc9c9ba3f7ba06/element/f.03C4E35034780EC6FC2906822C03C136.d.C72B9032F234AB954CAA818B9B538BD4.e.8487/click - {}
RESULT: {}
COMMAND: POST /session/1fb9db11838ffc8960fc9c9ba3f7ba06/element - {"using":"xpath","value":"//span[contains(text(), \"TB - Time based\")]"}
COMMAND: GET /session/1fb9db11838ffc8960fc9c9ba3f7ba06/screenshot - {}
RESULT: {"using":"xpath","value":"//span[contains(text(), \"TB - Time based\")]"}
COMMAND: POST /session/1fb9db11838ffc8960fc9c9ba3f7ba06/element/f.03C4E35034780EC6FC2906822C03C136.d.C72B9032F234AB954CAA818B9B538BD4.e.8528/click - {}
RESULT: {}
RESULT: {}
COMMAND: POST /session/1fb9db11838ffc8960fc9c9ba3f7ba06/execute/async - {"script":"<script> [1562 bytes]","args":[{"selector":{"id":"application-managepricingrules-display-component---newInfoPriceItem--priceProc-arrow"},"wdio_ui5_key":"applicationmanagepricingrules-display-component---newInfoPriceItem--priceProc-arrow"}]}
COMMAND: GET /session/1fb9db11838ffc8960fc9c9ba3f7ba06/screenshot - {}
RESULT: {"script":"<script> [1562 bytes]","args":[{"selector":{"id":"application-managepricingrules-display-component---newInfoPriceItem--priceProc-arrow"},"wdio_ui5_key":"applicationmanagepricingrules-display-component---newInfoPriceItem--priceProc-arrow"}]}
RESULT: undefined
COMMAND: POST /session/1fb9db11838ffc8960fc9c9ba3f7ba06/element - {"using":"xpath","value":"//*[@id=\"application-managepricingrules-display-component---newInfoPriceItem--priceProc-arrow\"]"}
RESULT: {}
RESULT: {"using":"xpath","value":"//*[@id=\"application-managepricingrules-display-component---newInfoPriceItem--priceProc-arrow\"]"}
COMMAND: POST /session/1fb9db11838ffc8960fc9c9ba3f7ba06/element/f.03C4E35034780EC6FC2906822C03C136.d.C72B9032F234AB954CAA818B9B538BD4.e.8494/click - {}
RESULT: {}
COMMAND: POST /session/1fb9db11838ffc8960fc9c9ba3f7ba06/element - {"using":"xpath","value":"//span[contains(text(), \"TBS - Time based standard\")]"}
COMMAND: GET /session/1fb9db11838ffc8960fc9c9ba3f7ba06/screenshot - {}
RESULT: {"using":"xpath","value":"//span[contains(text(), \"TBS - Time based standard\")]"}
COMMAND: POST /session/1fb9db11838ffc8960fc9c9ba3f7ba06/element/f.03C4E35034780EC6FC2906822C03C136.d.C72B9032F234AB954CAA818B9B538BD4.e.8529/click - {}
RESULT: {}
RESULT: {}
COMMAND: POST /session/1fb9db11838ffc8960fc9c9ba3f7ba06/execute/async - {"script":"<script> [1562 bytes]","args":[{"selector":{"id":"application-managepricingrules-display-component---newInfoPriceItem--calcBase-arrow"},"wdio_ui5_key":"applicationmanagepricingrules-display-component---newInfoPriceItem--calcBase-arrow"}]}
COMMAND: GET /session/1fb9db11838ffc8960fc9c9ba3f7ba06/screenshot - {}
RESULT: {"script":"<script> [1562 bytes]","args":[{"selector":{"id":"application-managepricingrules-display-component---newInfoPriceItem--calcBase-arrow"},"wdio_ui5_key":"applicationmanagepricingrules-display-component---newInfoPriceItem--calcBase-arrow"}]}
RESULT: undefined
COMMAND: POST /session/1fb9db11838ffc8960fc9c9ba3f7ba06/element - {"using":"xpath","value":"//*[@id=\"application-managepricingrules-display-component---newInfoPriceItem--calcBase-arrow\"]"}
RESULT: {}
RESULT: {"using":"xpath","value":"//*[@id=\"application-managepricingrules-display-component---newInfoPriceItem--calcBase-arrow\"]"}
COMMAND: POST /session/1fb9db11838ffc8960fc9c9ba3f7ba06/element/f.03C4E35034780EC6FC2906822C03C136.d.C72B9032F234AB954CAA818B9B538BD4.e.8501/click - {}
RESULT: {}
COMMAND: GET /session/1fb9db11838ffc8960fc9c9ba3f7ba06/screenshot - {}
RESULT: {}
COMMAND: POST /session/1fb9db11838ffc8960fc9c9ba3f7ba06/element - {"using":"xpath","value":"//span[contains(text(), \"0006 - TB(calendar days)\")]"}
RESULT: {"using":"xpath","value":"//span[contains(text(), \"0006 - TB(calendar days)\")]"}
COMMAND: POST /session/1fb9db11838ffc8960fc9c9ba3f7ba06/element/f.03C4E35034780EC6FC2906822C03C136.d.C72B9032F234AB954CAA818B9B538BD4.e.8530/click - {}
RESULT: {}
COMMAND: POST /session/1fb9db11838ffc8960fc9c9ba3f7ba06/execute/async - {"script":"<script> [1562 bytes]","args":[{"selector":{"id":"application-managepricingrules-display-component---newInfoPriceItem--daysMonth","interaction":{"idSuffix":"inner"}},"wdio_ui5_key":"applicationmanagepricingrules-display-component---newInfoPriceItem--daysMonth"}]}
COMMAND: GET /session/1fb9db11838ffc8960fc9c9ba3f7ba06/screenshot - {}
RESULT: {"script":"<script> [1562 bytes]","args":[{"selector":{"id":"application-managepricingrules-display-component---newInfoPriceItem--daysMonth","interaction":{"idSuffix":"inner"}},"wdio_ui5_key":"applicationmanagepricingrules-display-component---newInfoPriceItem--daysMonth"}]}
RESULT: undefined
COMMAND: POST /session/1fb9db11838ffc8960fc9c9ba3f7ba06/execute/async - {"script":"<script> [776 bytes]","args":[{"enterText":"30","selector":{"id":"application-managepricingrules-display-component---newInfoPriceItem--daysMonth","interaction":{"idSuffix":"inner"}},"clearTextFirst":true,"interactionType":"ENTER_TEXT"}]}
RESULT: {}
RESULT: {"script":"<script> [776 bytes]","args":[{"enterText":"30","selector":{"id":"application-managepricingrules-display-component---newInfoPriceItem--daysMonth","interaction":{"idSuffix":"inner"}},"clearTextFirst":true,"interactionType":"ENTER_TEXT"}]}
COMMAND: POST /session/1fb9db11838ffc8960fc9c9ba3f7ba06/element - {"using":"xpath","value":"//button[@data-kt=\"saveNewRuleButton\"]"}
RESULT: {"using":"xpath","value":"//button[@data-kt=\"saveNewRuleButton\"]"}
COMMAND: POST /session/1fb9db11838ffc8960fc9c9ba3f7ba06/element/f.03C4E35034780EC6FC2906822C03C136.d.C72B9032F234AB954CAA818B9B538BD4.e.8521/click - {}
RESULT: {}
COMMAND: GET /session/1fb9db11838ffc8960fc9c9ba3f7ba06/screenshot - {}
RESULT: {}
COMMAND: POST /session/1fb9db11838ffc8960fc9c9ba3f7ba06/element - {"using":"css selector","value":"#shell-header-logo"}
RESULT: {"using":"css selector","value":"#shell-header-logo"}
COMMAND: POST /session/1fb9db11838ffc8960fc9c9ba3f7ba06/element/f.03C4E35034780EC6FC2906822C03C136.d.C72B9032F234AB954CAA818B9B538BD4.e.8164/click - {}
RESULT: {}
COMMAND: GET /session/1fb9db11838ffc8960fc9c9ba3f7ba06/screenshot - {}
RESULT: {}
COMMAND: POST /session/1fb9db11838ffc8960fc9c9ba3f7ba06/execute/async - {"script":"<script> [1562 bytes]","args":[{"selector":{"controlType":"sap.m.Text","properties":{"text":"Manage Conditions & Prices"},"interaction":{"idSuffix":"inner"}},"wdio_ui5_key":"sapm.Text{\"text\":\"Manage Conditions & Prices\"}"}]}
RESULT: {"script":"<script> [1562 bytes]","args":[{"selector":{"controlType":"sap.m.Text","properties":{"text":"Manage Conditions & Prices"},"interaction":{"idSuffix":"inner"}},"wdio_ui5_key":"sapm.Text{\"text\":\"Manage Conditions & Prices\"}"}]}
RESULT: undefined
COMMAND: POST /session/1fb9db11838ffc8960fc9c9ba3f7ba06/element - {"using":"xpath","value":"//*[@id=\"__tile53-title\"]"}
RESULT: {"using":"xpath","value":"//*[@id=\"__tile53-title\"]"}
COMMAND: POST /session/1fb9db11838ffc8960fc9c9ba3f7ba06/element/f.03C4E35034780EC6FC2906822C03C136.d.C72B9032F234AB954CAA818B9B538BD4.e.8538/click - {}
RESULT: {}
COMMAND: GET /session/1fb9db11838ffc8960fc9c9ba3f7ba06/screenshot - {}
RESULT: {}
COMMAND: POST /session/1fb9db11838ffc8960fc9c9ba3f7ba06/element - {"using":"xpath","value":"//button[@aria-label=\"Create\"]"}
RESULT: {"using":"xpath","value":"//button[@aria-label=\"Create\"]"}
COMMAND: POST /session/1fb9db11838ffc8960fc9c9ba3f7ba06/elements - {"using":"xpath","value":"//button[@aria-label=\"Create\"]"}
RESULT: {"using":"xpath","value":"//button[@aria-label=\"Create\"]"}
COMMAND: POST /session/1fb9db11838ffc8960fc9c9ba3f7ba06/elements - {"using":"xpath","value":"//button[@aria-label=\"Create\"]"}
RESULT: {"using":"xpath","value":"//button[@aria-label=\"Create\"]"}
COMMAND: POST /session/1fb9db11838ffc8960fc9c9ba3f7ba06/elements - {"using":"xpath","value":"//button[@aria-label=\"Create\"]"}
RESULT: {"using":"xpath","value":"//button[@aria-label=\"Create\"]"}
COMMAND: POST /session/1fb9db11838ffc8960fc9c9ba3f7ba06/elements - {"using":"xpath","value":"//button[@aria-label=\"Create\"]"}
RESULT: {"using":"xpath","value":"//button[@aria-label=\"Create\"]"}
COMMAND: POST /session/1fb9db11838ffc8960fc9c9ba3f7ba06/elements - {"using":"xpath","value":"//button[@aria-label=\"Create\"]"}
RESULT: {"using":"xpath","value":"//button[@aria-label=\"Create\"]"}
COMMAND: POST /session/1fb9db11838ffc8960fc9c9ba3f7ba06/elements - {"using":"xpath","value":"//button[@aria-label=\"Create\"]"}
RESULT: {"using":"xpath","value":"//button[@aria-label=\"Create\"]"}
COMMAND: POST /session/1fb9db11838ffc8960fc9c9ba3f7ba06/elements - {"using":"xpath","value":"//button[@aria-label=\"Create\"]"}
RESULT: {"using":"xpath","value":"//button[@aria-label=\"Create\"]"}
COMMAND: POST /session/1fb9db11838ffc8960fc9c9ba3f7ba06/elements - {"using":"xpath","value":"//button[@aria-label=\"Create\"]"}
RESULT: {"using":"xpath","value":"//button[@aria-label=\"Create\"]"}
COMMAND: POST /session/1fb9db11838ffc8960fc9c9ba3f7ba06/elements - {"using":"xpath","value":"//button[@aria-label=\"Create\"]"}
RESULT: {"using":"xpath","value":"//button[@aria-label=\"Create\"]"}
COMMAND: POST /session/1fb9db11838ffc8960fc9c9ba3f7ba06/elements - {"using":"xpath","value":"//button[@aria-label=\"Create\"]"}
RESULT: {"using":"xpath","value":"//button[@aria-label=\"Create\"]"}
COMMAND: POST /session/1fb9db11838ffc8960fc9c9ba3f7ba06/elements - {"using":"xpath","value":"//button[@aria-label=\"Create\"]"}
RESULT: {"using":"xpath","value":"//button[@aria-label=\"Create\"]"}
COMMAND: POST /session/1fb9db11838ffc8960fc9c9ba3f7ba06/elements - {"using":"xpath","value":"//button[@aria-label=\"Create\"]"}
RESULT: {"using":"xpath","value":"//button[@aria-label=\"Create\"]"}
COMMAND: POST /session/1fb9db11838ffc8960fc9c9ba3f7ba06/elements - {"using":"xpath","value":"//button[@aria-label=\"Create\"]"}
RESULT: {"using":"xpath","value":"//button[@aria-label=\"Create\"]"}
COMMAND: POST /session/1fb9db11838ffc8960fc9c9ba3f7ba06/elements - {"using":"xpath","value":"//button[@aria-label=\"Create\"]"}
RESULT: {"using":"xpath","value":"//button[@aria-label=\"Create\"]"}
COMMAND: POST /session/1fb9db11838ffc8960fc9c9ba3f7ba06/elements - {"using":"xpath","value":"//button[@aria-label=\"Create\"]"}
RESULT: {"using":"xpath","value":"//button[@aria-label=\"Create\"]"}
COMMAND: POST /session/1fb9db11838ffc8960fc9c9ba3f7ba06/elements - {"using":"xpath","value":"//button[@aria-label=\"Create\"]"}
RESULT: {"using":"xpath","value":"//button[@aria-label=\"Create\"]"}
COMMAND: POST /session/1fb9db11838ffc8960fc9c9ba3f7ba06/elements - {"using":"xpath","value":"//button[@aria-label=\"Create\"]"}
RESULT: {"using":"xpath","value":"//button[@aria-label=\"Create\"]"}
COMMAND: POST /session/1fb9db11838ffc8960fc9c9ba3f7ba06/elements - {"using":"xpath","value":"//button[@aria-label=\"Create\"]"}
RESULT: {"using":"xpath","value":"//button[@aria-label=\"Create\"]"}
COMMAND: POST /session/1fb9db11838ffc8960fc9c9ba3f7ba06/element - {"using":"xpath","value":"//button[@aria-label=\"Create\"]"}
RESULT: {"using":"xpath","value":"//button[@aria-label=\"Create\"]"}
COMMAND: POST /session/1fb9db11838ffc8960fc9c9ba3f7ba06/element/f.03C4E35034780EC6FC2906822C03C136.d.C72B9032F234AB954CAA818B9B538BD4.e.8570/click - {}
RESULT: {}
COMMAND: POST /session/1fb9db11838ffc8960fc9c9ba3f7ba06/actions - {"actions":[{"id":"action17","type":"key","parameters":{},"actions":[{"type":"keyDown","value":"î€‡"},{"type":"pause","duration":10},{"type":"keyUp","value":"î€‡"}]}]}
COMMAND: GET /session/1fb9db11838ffc8960fc9c9ba3f7ba06/screenshot - {}
RESULT: {"actions":[{"id":"action17","type":"key","parameters":{},"actions":[{"type":"keyDown","value":"î€‡"},{"type":"pause","duration":10},{"type":"keyUp","value":"î€‡"}]}]}
COMMAND: GET /session/1fb9db11838ffc8960fc9c9ba3f7ba06/screenshot - {}
RESULT: {}
RESULT: {}
COMMAND: POST /session/1fb9db11838ffc8960fc9c9ba3f7ba06/execute/async - {"script":"<script> [1562 bytes]","args":[{"selector":{"id":"application-manageconditionprice-display-component---newCondition--condBillCond-arrow"},"wdio_ui5_key":"applicationmanageconditionprice-display-component---newCondition--condBillCond-arrow"}]}
RESULT: {"script":"<script> [1562 bytes]","args":[{"selector":{"id":"application-manageconditionprice-display-component---newCondition--condBillCond-arrow"},"wdio_ui5_key":"applicationmanageconditionprice-display-component---newCondition--condBillCond-arrow"}]}
RESULT: undefined
COMMAND: POST /session/1fb9db11838ffc8960fc9c9ba3f7ba06/element - {"using":"xpath","value":"//*[@id=\"application-manageconditionprice-display-component---newCondition--condBillCond-arrow\"]"}
RESULT: {"using":"xpath","value":"//*[@id=\"application-manageconditionprice-display-component---newCondition--condBillCond-arrow\"]"}
COMMAND: POST /session/1fb9db11838ffc8960fc9c9ba3f7ba06/element/f.03C4E35034780EC6FC2906822C03C136.d.C72B9032F234AB954CAA818B9B538BD4.e.8829/click - {}
RESULT: {}
COMMAND: POST /session/1fb9db11838ffc8960fc9c9ba3f7ba06/element - {"using":"xpath","value":"//span[contains(text(), \"DISP - D&I special price\")]"}
COMMAND: GET /session/1fb9db11838ffc8960fc9c9ba3f7ba06/screenshot - {}
RESULT: {"using":"xpath","value":"//span[contains(text(), \"DISP - D&I special price\")]"}
COMMAND: POST /session/1fb9db11838ffc8960fc9c9ba3f7ba06/element/f.03C4E35034780EC6FC2906822C03C136.d.C72B9032F234AB954CAA818B9B538BD4.e.8832/click - {}
RESULT: {}
RESULT: {}
COMMAND: POST /session/1fb9db11838ffc8960fc9c9ba3f7ba06/execute/async - {"script":"<script> [1562 bytes]","args":[{"selector":{"id":"application-manageconditionprice-display-component---newCondition--condValidTo","interaction":{"idSuffix":"inner"}},"wdio_ui5_key":"applicationmanageconditionprice-display-component---newCondition--condValidTo"}]}
COMMAND: GET /session/1fb9db11838ffc8960fc9c9ba3f7ba06/screenshot - {}
RESULT: {"script":"<script> [1562 bytes]","args":[{"selector":{"id":"application-manageconditionprice-display-component---newCondition--condValidTo","interaction":{"idSuffix":"inner"}},"wdio_ui5_key":"applicationmanageconditionprice-display-component---newCondition--condValidTo"}]}
RESULT: undefined
COMMAND: POST /session/1fb9db11838ffc8960fc9c9ba3f7ba06/execute/async - {"script":"<script> [776 bytes]","args":[{"enterText":"5/11/33","selector":{"id":"application-manageconditionprice-display-component---newCondition--condValidTo","interaction":{"idSuffix":"inner"}},"clearTextFirst":true,"interactionType":"ENTER_TEXT"}]}
RESULT: {}
RESULT: {"script":"<script> [776 bytes]","args":[{"enterText":"5/11/33","selector":{"id":"application-manageconditionprice-display-component---newCondition--condValidTo","interaction":{"idSuffix":"inner"}},"clearTextFirst":true,"interactionType":"ENTER_TEXT"}]}
COMMAND: POST /session/1fb9db11838ffc8960fc9c9ba3f7ba06/element - {"using":"xpath","value":"//input[@id=\"application-manageconditionprice-display-component---newCondition--condRU-inner\"]"}
RESULT: {"using":"xpath","value":"//input[@id=\"application-manageconditionprice-display-component---newCondition--condRU-inner\"]"}
COMMAND: POST /session/1fb9db11838ffc8960fc9c9ba3f7ba06/element/f.03C4E35034780EC6FC2906822C03C136.d.C72B9032F234AB954CAA818B9B538BD4.e.8624/clear - {}
RESULT: {}
COMMAND: POST /session/1fb9db11838ffc8960fc9c9ba3f7ba06/element/f.03C4E35034780EC6FC2906822C03C136.d.C72B9032F234AB954CAA818B9B538BD4.e.8624/value - {"text":"WebdriverRUR2Ca4z3n"}
COMMAND: GET /session/1fb9db11838ffc8960fc9c9ba3f7ba06/screenshot - {}
RESULT: {"text":"WebdriverRUR2Ca4z3n"}
COMMAND: GET /session/1fb9db11838ffc8960fc9c9ba3f7ba06/screenshot - {}
RESULT: {}
RESULT: {}
COMMAND: POST /session/1fb9db11838ffc8960fc9c9ba3f7ba06/actions - {"actions":[{"id":"action18","type":"key","parameters":{},"actions":[{"type":"keyDown","value":"î€‡"},{"type":"pause","duration":10},{"type":"keyUp","value":"î€‡"}]}]}
RESULT: {"actions":[{"id":"action18","type":"key","parameters":{},"actions":[{"type":"keyDown","value":"î€‡"},{"type":"pause","duration":10},{"type":"keyUp","value":"î€‡"}]}]}
COMMAND: POST /session/1fb9db11838ffc8960fc9c9ba3f7ba06/execute/async - {"script":"<script> [1562 bytes]","args":[{"selector":{"id":"application-manageconditionprice-display-component---newCondition--condBaseQty","interaction":{"idSuffix":"inner"}},"wdio_ui5_key":"applicationmanageconditionprice-display-component---newCondition--condBaseQty"}]}
COMMAND: GET /session/1fb9db11838ffc8960fc9c9ba3f7ba06/screenshot - {}
RESULT: {"script":"<script> [1562 bytes]","args":[{"selector":{"id":"application-manageconditionprice-display-component---newCondition--condBaseQty","interaction":{"idSuffix":"inner"}},"wdio_ui5_key":"applicationmanageconditionprice-display-component---newCondition--condBaseQty"}]}
RESULT: undefined
COMMAND: POST /session/1fb9db11838ffc8960fc9c9ba3f7ba06/execute/async - {"script":"<script> [776 bytes]","args":[{"enterText":"1","selector":{"id":"application-manageconditionprice-display-component---newCondition--condBaseQty","interaction":{"idSuffix":"inner"}},"clearTextFirst":true,"interactionType":"ENTER_TEXT"}]}
RESULT: {}
RESULT: {"script":"<script> [776 bytes]","args":[{"enterText":"1","selector":{"id":"application-manageconditionprice-display-component---newCondition--condBaseQty","interaction":{"idSuffix":"inner"}},"clearTextFirst":true,"interactionType":"ENTER_TEXT"}]}
COMMAND: POST /session/1fb9db11838ffc8960fc9c9ba3f7ba06/execute/async - {"script":"<script> [1562 bytes]","args":[{"selector":{"id":"application-manageconditionprice-display-component---newCondition--condValue","interaction":{"idSuffix":"inner"}},"wdio_ui5_key":"applicationmanageconditionprice-display-component---newCondition--condValue"}]}
RESULT: {"script":"<script> [1562 bytes]","args":[{"selector":{"id":"application-manageconditionprice-display-component---newCondition--condValue","interaction":{"idSuffix":"inner"}},"wdio_ui5_key":"applicationmanageconditionprice-display-component---newCondition--condValue"}]}
RESULT: undefined
COMMAND: POST /session/1fb9db11838ffc8960fc9c9ba3f7ba06/execute/async - {"script":"<script> [776 bytes]","args":[{"enterText":"100","selector":{"id":"application-manageconditionprice-display-component---newCondition--condValue","interaction":{"idSuffix":"inner"}},"clearTextFirst":true,"interactionType":"ENTER_TEXT"}]}
RESULT: {"script":"<script> [776 bytes]","args":[{"enterText":"100","selector":{"id":"application-manageconditionprice-display-component---newCondition--condValue","interaction":{"idSuffix":"inner"}},"clearTextFirst":true,"interactionType":"ENTER_TEXT"}]}
COMMAND: POST /session/1fb9db11838ffc8960fc9c9ba3f7ba06/execute/async - {"script":"<script> [1562 bytes]","args":[{"selector":{"id":"application-manageconditionprice-display-component---newCondition--condCurr-arrow"},"wdio_ui5_key":"applicationmanageconditionprice-display-component---newCondition--condCurr-arrow"}]}
RESULT: {"script":"<script> [1562 bytes]","args":[{"selector":{"id":"application-manageconditionprice-display-component---newCondition--condCurr-arrow"},"wdio_ui5_key":"applicationmanageconditionprice-display-component---newCondition--condCurr-arrow"}]}
RESULT: undefined
COMMAND: POST /session/1fb9db11838ffc8960fc9c9ba3f7ba06/element - {"using":"xpath","value":"//*[@id=\"application-manageconditionprice-display-component---newCondition--condCurr-arrow\"]"}
RESULT: {"using":"xpath","value":"//*[@id=\"application-manageconditionprice-display-component---newCondition--condCurr-arrow\"]"}
COMMAND: POST /session/1fb9db11838ffc8960fc9c9ba3f7ba06/element/f.03C4E35034780EC6FC2906822C03C136.d.C72B9032F234AB954CAA818B9B538BD4.e.8770/click - {}
RESULT: {}
COMMAND: POST /session/1fb9db11838ffc8960fc9c9ba3f7ba06/element - {"using":"xpath","value":"//span[contains(text(), \"Euro\")]"}
COMMAND: GET /session/1fb9db11838ffc8960fc9c9ba3f7ba06/screenshot - {}
RESULT: {"using":"xpath","value":"//span[contains(text(), \"Euro\")]"}
COMMAND: POST /session/1fb9db11838ffc8960fc9c9ba3f7ba06/element/f.03C4E35034780EC6FC2906822C03C136.d.C72B9032F234AB954CAA818B9B538BD4.e.8866/click - {}
RESULT: {}
RESULT: {}
COMMAND: POST /session/1fb9db11838ffc8960fc9c9ba3f7ba06/element - {"using":"xpath","value":"//button[@data-kt=\"saveButton\"]"}
COMMAND: GET /session/1fb9db11838ffc8960fc9c9ba3f7ba06/screenshot - {}
RESULT: {"using":"xpath","value":"//button[@data-kt=\"saveButton\"]"}
COMMAND: POST /session/1fb9db11838ffc8960fc9c9ba3f7ba06/element/f.03C4E35034780EC6FC2906822C03C136.d.C72B9032F234AB954CAA818B9B538BD4.e.8771/click - {}
RESULT: {}
RESULT: {}
COMMAND: GET /session/1fb9db11838ffc8960fc9c9ba3f7ba06/screenshot - {}
RESULT: {}
COMMAND: POST /session/1fb9db11838ffc8960fc9c9ba3f7ba06/element - {"using":"css selector","value":"#shell-header-logo"}
RESULT: {"using":"css selector","value":"#shell-header-logo"}
COMMAND: POST /session/1fb9db11838ffc8960fc9c9ba3f7ba06/element/f.03C4E35034780EC6FC2906822C03C136.d.C72B9032F234AB954CAA818B9B538BD4.e.8540/click - {}
RESULT: {}
COMMAND: GET /session/1fb9db11838ffc8960fc9c9ba3f7ba06/screenshot - {}
RESULT: {}
]]></system-out>
    </testcase>
    <testcase classname="chrome.135_0_7049_96.windows.E2E_-_Logistical_and_commercial_statuses" name="Should create a new contract" time="68.933">
      <system-out><![CDATA[
COMMAND: POST /session/1fb9db11838ffc8960fc9c9ba3f7ba06/execute/async - {"script":"<script> [1562 bytes]","args":[{"selector":{"controlType":"sap.m.GenericTile","viewName":"etm.portal.ui.managecontractstile.view.Master","i18NText":{"propertyName":"header","key":"manageContractsTileTitle"}},"wdio_ui5_key":"etmportal.ui.managecontractstile.view.Mastersap.m.GenericTile{\"propertyName\":\"header\",\"key\":\"manageContractsTileTitle\"}"}]}
RESULT: {"script":"<script> [1562 bytes]","args":[{"selector":{"controlType":"sap.m.GenericTile","viewName":"etm.portal.ui.managecontractstile.view.Master","i18NText":{"propertyName":"header","key":"manageContractsTileTitle"}},"wdio_ui5_key":"etmportal.ui.managecontractstile.view.Mastersap.m.GenericTile{\"propertyName\":\"header\",\"key\":\"manageContractsTileTitle\"}"}]}
RESULT: undefined
COMMAND: POST /session/1fb9db11838ffc8960fc9c9ba3f7ba06/element - {"using":"xpath","value":"//*[@id=\"__tile130\"]"}
RESULT: {"using":"xpath","value":"//*[@id=\"__tile130\"]"}
COMMAND: POST /session/1fb9db11838ffc8960fc9c9ba3f7ba06/element/f.03C4E35034780EC6FC2906822C03C136.d.C72B9032F234AB954CAA818B9B538BD4.e.8870/click - {}
RESULT: {}
COMMAND: GET /session/1fb9db11838ffc8960fc9c9ba3f7ba06/screenshot - {}
RESULT: {}
COMMAND: POST /session/1fb9db11838ffc8960fc9c9ba3f7ba06/element - {"using":"xpath","value":"//button[@data-kt=\"addButton\"]"}
RESULT: {"using":"xpath","value":"//button[@data-kt=\"addButton\"]"}
COMMAND: POST /session/1fb9db11838ffc8960fc9c9ba3f7ba06/elements - {"using":"xpath","value":"//button[@data-kt=\"addButton\"]"}
RESULT: {"using":"xpath","value":"//button[@data-kt=\"addButton\"]"}
COMMAND: POST /session/1fb9db11838ffc8960fc9c9ba3f7ba06/element - {"using":"xpath","value":"//button[@data-kt=\"addButton\"]"}
RESULT: {"using":"xpath","value":"//button[@data-kt=\"addButton\"]"}
COMMAND: POST /session/1fb9db11838ffc8960fc9c9ba3f7ba06/element/f.03C4E35034780EC6FC2906822C03C136.d.C72B9032F234AB954CAA818B9B538BD4.e.8944/click - {}
RESULT: {}
COMMAND: GET /session/1fb9db11838ffc8960fc9c9ba3f7ba06/screenshot - {}
RESULT: {}
COMMAND: POST /session/1fb9db11838ffc8960fc9c9ba3f7ba06/execute/async - {"script":"<script> [1562 bytes]","args":[{"selector":{"id":"application-managecontracts-display-component---AddNewContract--projectDescription","interaction":{"idSuffix":"inner"}},"wdio_ui5_key":"applicationmanagecontracts-display-component---AddNewContract--projectDescription"}]}
RESULT: {"script":"<script> [1562 bytes]","args":[{"selector":{"id":"application-managecontracts-display-component---AddNewContract--projectDescription","interaction":{"idSuffix":"inner"}},"wdio_ui5_key":"applicationmanagecontracts-display-component---AddNewContract--projectDescription"}]}
RESULT: undefined
COMMAND: POST /session/1fb9db11838ffc8960fc9c9ba3f7ba06/execute/async - {"script":"<script> [776 bytes]","args":[{"enterText":"WdIOR2c3g7qx","selector":{"id":"application-managecontracts-display-component---AddNewContract--projectDescription","interaction":{"idSuffix":"inner"}},"clearTextFirst":true,"interactionType":"ENTER_TEXT"}]}
RESULT: {"script":"<script> [776 bytes]","args":[{"enterText":"WdIOR2c3g7qx","selector":{"id":"application-managecontracts-display-component---AddNewContract--projectDescription","interaction":{"idSuffix":"inner"}},"clearTextFirst":true,"interactionType":"ENTER_TEXT"}]}
COMMAND: POST /session/1fb9db11838ffc8960fc9c9ba3f7ba06/element - {"using":"xpath","value":"//input[@id=\"application-managecontracts-display-component---AddNewContract--yardId-inner\"]"}
RESULT: {"using":"xpath","value":"//input[@id=\"application-managecontracts-display-component---AddNewContract--yardId-inner\"]"}
COMMAND: POST /session/1fb9db11838ffc8960fc9c9ba3f7ba06/element/f.03C4E35034780EC6FC2906822C03C136.d.C72B9032F234AB954CAA818B9B538BD4.e.9281/clear - {}
RESULT: {}
COMMAND: POST /session/1fb9db11838ffc8960fc9c9ba3f7ba06/element/f.03C4E35034780EC6FC2906822C03C136.d.C72B9032F234AB954CAA818B9B538BD4.e.9281/value - {"text":"WebdriverYard29mcpk"}
COMMAND: GET /session/1fb9db11838ffc8960fc9c9ba3f7ba06/screenshot - {}
RESULT: {"text":"WebdriverYard29mcpk"}
COMMAND: GET /session/1fb9db11838ffc8960fc9c9ba3f7ba06/screenshot - {}
RESULT: {}
RESULT: {}
COMMAND: POST /session/1fb9db11838ffc8960fc9c9ba3f7ba06/actions - {"actions":[{"id":"action19","type":"key","parameters":{},"actions":[{"type":"keyDown","value":"î€‡"},{"type":"pause","duration":10},{"type":"keyUp","value":"î€‡"}]}]}
RESULT: {"actions":[{"id":"action19","type":"key","parameters":{},"actions":[{"type":"keyDown","value":"î€‡"},{"type":"pause","duration":10},{"type":"keyUp","value":"î€‡"}]}]}
COMMAND: GET /session/1fb9db11838ffc8960fc9c9ba3f7ba06/screenshot - {}
RESULT: {}
COMMAND: POST /session/1fb9db11838ffc8960fc9c9ba3f7ba06/element - {"using":"xpath","value":"//input[@id=\"application-managecontracts-display-component---AddNewContract--customerSelect-inner\"]"}
RESULT: {"using":"xpath","value":"//input[@id=\"application-managecontracts-display-component---AddNewContract--customerSelect-inner\"]"}
COMMAND: POST /session/1fb9db11838ffc8960fc9c9ba3f7ba06/element/f.03C4E35034780EC6FC2906822C03C136.d.C72B9032F234AB954CAA818B9B538BD4.e.9279/clear - {}
RESULT: {}
COMMAND: POST /session/1fb9db11838ffc8960fc9c9ba3f7ba06/element/f.03C4E35034780EC6FC2906822C03C136.d.C72B9032F234AB954CAA818B9B538BD4.e.9279/value - {"text":"WebdriverPartnerlbpxa"}
COMMAND: GET /session/1fb9db11838ffc8960fc9c9ba3f7ba06/screenshot - {}
RESULT: {"text":"WebdriverPartnerlbpxa"}
COMMAND: GET /session/1fb9db11838ffc8960fc9c9ba3f7ba06/screenshot - {}
RESULT: {}
RESULT: {}
COMMAND: POST /session/1fb9db11838ffc8960fc9c9ba3f7ba06/actions - {"actions":[{"id":"action20","type":"key","parameters":{},"actions":[{"type":"keyDown","value":"î€‡"},{"type":"pause","duration":10},{"type":"keyUp","value":"î€‡"}]}]}
RESULT: {"actions":[{"id":"action20","type":"key","parameters":{},"actions":[{"type":"keyDown","value":"î€‡"},{"type":"pause","duration":10},{"type":"keyUp","value":"î€‡"}]}]}
COMMAND: GET /session/1fb9db11838ffc8960fc9c9ba3f7ba06/screenshot - {}
RESULT: {}
COMMAND: POST /session/1fb9db11838ffc8960fc9c9ba3f7ba06/element - {"using":"xpath","value":"//input[@id=\"application-managecontracts-display-component---AddNewContract--site-inner\"]"}
RESULT: {"using":"xpath","value":"//input[@id=\"application-managecontracts-display-component---AddNewContract--site-inner\"]"}
COMMAND: POST /session/1fb9db11838ffc8960fc9c9ba3f7ba06/element/f.03C4E35034780EC6FC2906822C03C136.d.C72B9032F234AB954CAA818B9B538BD4.e.9280/clear - {}
RESULT: {}
COMMAND: POST /session/1fb9db11838ffc8960fc9c9ba3f7ba06/element/f.03C4E35034780EC6FC2906822C03C136.d.C72B9032F234AB954CAA818B9B538BD4.e.9280/value - {"text":"WebdriverSiterh6rm"}
COMMAND: GET /session/1fb9db11838ffc8960fc9c9ba3f7ba06/screenshot - {}
RESULT: {"text":"WebdriverSiterh6rm"}
COMMAND: GET /session/1fb9db11838ffc8960fc9c9ba3f7ba06/screenshot - {}
RESULT: {}
RESULT: {}
COMMAND: POST /session/1fb9db11838ffc8960fc9c9ba3f7ba06/actions - {"actions":[{"id":"action21","type":"key","parameters":{},"actions":[{"type":"keyDown","value":"î€‡"},{"type":"pause","duration":10},{"type":"keyUp","value":"î€‡"}]}]}
RESULT: {"actions":[{"id":"action21","type":"key","parameters":{},"actions":[{"type":"keyDown","value":"î€‡"},{"type":"pause","duration":10},{"type":"keyUp","value":"î€‡"}]}]}
COMMAND: POST /session/1fb9db11838ffc8960fc9c9ba3f7ba06/element - {"using":"xpath","value":"//button[@data-kt=\"saveButton\"]"}
COMMAND: GET /session/1fb9db11838ffc8960fc9c9ba3f7ba06/screenshot - {}
RESULT: {"using":"xpath","value":"//button[@data-kt=\"saveButton\"]"}
COMMAND: POST /session/1fb9db11838ffc8960fc9c9ba3f7ba06/element/f.03C4E35034780EC6FC2906822C03C136.d.C72B9032F234AB954CAA818B9B538BD4.e.9297/click - {}
RESULT: {}
RESULT: {}
COMMAND: GET /session/1fb9db11838ffc8960fc9c9ba3f7ba06/screenshot - {}
RESULT: {}
COMMAND: POST /session/1fb9db11838ffc8960fc9c9ba3f7ba06/execute/async - {"script":"<script> [1562 bytes]","args":[{"selector":{"id":"contractDetailTitleNoExpanded","viewName":"etm.portal.ui.managecontracts.view.Detail"},"wdio_ui5_key":"contractDetailTitleNoExpandedetmportal.ui.managecontracts.view.Detail"}]}
RESULT: {"script":"<script> [1562 bytes]","args":[{"selector":{"id":"contractDetailTitleNoExpanded","viewName":"etm.portal.ui.managecontracts.view.Detail"},"wdio_ui5_key":"contractDetailTitleNoExpandedetmportal.ui.managecontracts.view.Detail"}]}
RESULT: undefined
COMMAND: POST /session/1fb9db11838ffc8960fc9c9ba3f7ba06/execute/async - {"script":"<script> [6424 bytes]","args":[{"element-6066-11e4-a52e-4f735466cecf":"f.03C4E35034780EC6FC2906822C03C136.d.C72B9032F234AB954CAA818B9B538BD4.e.9378"},"getText",[]]}
RESULT: {"script":"<script> [6424 bytes]","args":[{"element-6066-11e4-a52e-4f735466cecf":"f.03C4E35034780EC6FC2906822C03C136.d.C72B9032F234AB954CAA818B9B538BD4.e.9378"},"getText",[]]}
]]></system-out>
    </testcase>
    <testcase classname="chrome.135_0_7049_96.windows.E2E_-_Logistical_and_commercial_statuses" name="Should add materialID to the contract" time="48.792">
      <system-out><![CDATA[
COMMAND: POST /session/1fb9db11838ffc8960fc9c9ba3f7ba06/element - {"using":"xpath","value":"//button[@data-kt=\"contractDetailEditBtnButton\"]"}
RESULT: {"using":"xpath","value":"//button[@data-kt=\"contractDetailEditBtnButton\"]"}
COMMAND: POST /session/1fb9db11838ffc8960fc9c9ba3f7ba06/element/f.03C4E35034780EC6FC2906822C03C136.d.C72B9032F234AB954CAA818B9B538BD4.e.9379/click - {}
RESULT: {}
COMMAND: GET /session/1fb9db11838ffc8960fc9c9ba3f7ba06/screenshot - {}
RESULT: {}
COMMAND: POST /session/1fb9db11838ffc8960fc9c9ba3f7ba06/element - {"using":"xpath","value":"(//span[contains(text(), \"Additional Addresses\")])[2]"}
RESULT: {"using":"xpath","value":"(//span[contains(text(), \"Additional Addresses\")])[2]"}
COMMAND: POST /session/1fb9db11838ffc8960fc9c9ba3f7ba06/element/f.03C4E35034780EC6FC2906822C03C136.d.C72B9032F234AB954CAA818B9B538BD4.e.9435/click - {}
RESULT: {}
COMMAND: GET /session/1fb9db11838ffc8960fc9c9ba3f7ba06/screenshot - {}
RESULT: {}
COMMAND: POST /session/1fb9db11838ffc8960fc9c9ba3f7ba06/element - {"using":"xpath","value":"//button[@data-kt=\"btnAddTableRowOverflowToolbarButton\"]"}
RESULT: {"using":"xpath","value":"//button[@data-kt=\"btnAddTableRowOverflowToolbarButton\"]"}
COMMAND: POST /session/1fb9db11838ffc8960fc9c9ba3f7ba06/element/f.03C4E35034780EC6FC2906822C03C136.d.C72B9032F234AB954CAA818B9B538BD4.e.9439/click - {}
RESULT: {}
COMMAND: GET /session/1fb9db11838ffc8960fc9c9ba3f7ba06/screenshot - {}
RESULT: {}
COMMAND: POST /session/1fb9db11838ffc8960fc9c9ba3f7ba06/element - {"using":"xpath","value":"//div[(text() = 'Standard Entry' or . = 'Standard Entry')]"}
RESULT: {"using":"xpath","value":"//div[(text() = 'Standard Entry' or . = 'Standard Entry')]"}
COMMAND: POST /session/1fb9db11838ffc8960fc9c9ba3f7ba06/element/f.03C4E35034780EC6FC2906822C03C136.d.C72B9032F234AB954CAA818B9B538BD4.e.9441/click - {}
RESULT: {}
COMMAND: POST /session/1fb9db11838ffc8960fc9c9ba3f7ba06/element - {"using":"xpath","value":"//td[6]/div/div/input[1]"}
COMMAND: GET /session/1fb9db11838ffc8960fc9c9ba3f7ba06/screenshot - {}
RESULT: {"using":"xpath","value":"//td[6]/div/div/input[1]"}
COMMAND: POST /session/1fb9db11838ffc8960fc9c9ba3f7ba06/element/f.03C4E35034780EC6FC2906822C03C136.d.C72B9032F234AB954CAA818B9B538BD4.e.9443/click - {}
RESULT: {}
RESULT: {}
COMMAND: POST /session/1fb9db11838ffc8960fc9c9ba3f7ba06/actions - {"actions":[{"id":"action22","type":"key","parameters":{},"actions":[{"type":"keyDown","value":"î€ƒ"},{"type":"pause","duration":10},{"type":"keyUp","value":"î€ƒ"}]}]}
COMMAND: GET /session/1fb9db11838ffc8960fc9c9ba3f7ba06/screenshot - {}
RESULT: {"actions":[{"id":"action22","type":"key","parameters":{},"actions":[{"type":"keyDown","value":"î€ƒ"},{"type":"pause","duration":10},{"type":"keyUp","value":"î€ƒ"}]}]}
COMMAND: POST /session/1fb9db11838ffc8960fc9c9ba3f7ba06/element - {"using":"xpath","value":"//td[6]/div/div/input[1]"}
COMMAND: GET /session/1fb9db11838ffc8960fc9c9ba3f7ba06/screenshot - {}
RESULT: {}
RESULT: {"using":"xpath","value":"//td[6]/div/div/input[1]"}
COMMAND: POST /session/1fb9db11838ffc8960fc9c9ba3f7ba06/element/f.03C4E35034780EC6FC2906822C03C136.d.C72B9032F234AB954CAA818B9B538BD4.e.9443/clear - {}
RESULT: {}
RESULT: {}
COMMAND: POST /session/1fb9db11838ffc8960fc9c9ba3f7ba06/element/f.03C4E35034780EC6FC2906822C03C136.d.C72B9032F234AB954CAA818B9B538BD4.e.9443/value - {"text":"Material"}
COMMAND: GET /session/1fb9db11838ffc8960fc9c9ba3f7ba06/screenshot - {}
RESULT: {"text":"Material"}
COMMAND: GET /session/1fb9db11838ffc8960fc9c9ba3f7ba06/screenshot - {}
RESULT: {}
RESULT: {}
COMMAND: POST /session/1fb9db11838ffc8960fc9c9ba3f7ba06/actions - {"actions":[{"id":"action23","type":"key","parameters":{},"actions":[{"type":"keyDown","value":"î€‡"},{"type":"pause","duration":10},{"type":"keyUp","value":"î€‡"}]}]}
RESULT: {"actions":[{"id":"action23","type":"key","parameters":{},"actions":[{"type":"keyDown","value":"î€‡"},{"type":"pause","duration":10},{"type":"keyUp","value":"î€‡"}]}]}
COMMAND: GET /session/1fb9db11838ffc8960fc9c9ba3f7ba06/screenshot - {}
RESULT: {}
COMMAND: POST /session/1fb9db11838ffc8960fc9c9ba3f7ba06/actions - {"actions":[{"id":"action24","type":"key","parameters":{},"actions":[{"type":"keyDown","value":"î€‡"},{"type":"pause","duration":10},{"type":"keyUp","value":"î€‡"}]}]}
RESULT: {"actions":[{"id":"action24","type":"key","parameters":{},"actions":[{"type":"keyDown","value":"î€‡"},{"type":"pause","duration":10},{"type":"keyUp","value":"î€‡"}]}]}
COMMAND: POST /session/1fb9db11838ffc8960fc9c9ba3f7ba06/element - {"using":"xpath","value":"//td[7]/div/div/input"}
COMMAND: GET /session/1fb9db11838ffc8960fc9c9ba3f7ba06/screenshot - {}
RESULT: {"using":"xpath","value":"//td[7]/div/div/input"}
COMMAND: POST /session/1fb9db11838ffc8960fc9c9ba3f7ba06/element/f.03C4E35034780EC6FC2906822C03C136.d.C72B9032F234AB954CAA818B9B538BD4.e.9456/clear - {}
RESULT: {}
RESULT: {}
COMMAND: POST /session/1fb9db11838ffc8960fc9c9ba3f7ba06/element/f.03C4E35034780EC6FC2906822C03C136.d.C72B9032F234AB954CAA818B9B538BD4.e.9456/value - {"text":"WebdriverRUR2Ca4z3n"}
COMMAND: GET /session/1fb9db11838ffc8960fc9c9ba3f7ba06/screenshot - {}
RESULT: {"text":"WebdriverRUR2Ca4z3n"}
COMMAND: GET /session/1fb9db11838ffc8960fc9c9ba3f7ba06/screenshot - {}
RESULT: {}
RESULT: {}
COMMAND: POST /session/1fb9db11838ffc8960fc9c9ba3f7ba06/actions - {"actions":[{"id":"action25","type":"key","parameters":{},"actions":[{"type":"keyDown","value":"î€‡"},{"type":"pause","duration":10},{"type":"keyUp","value":"î€‡"}]}]}
RESULT: {"actions":[{"id":"action25","type":"key","parameters":{},"actions":[{"type":"keyDown","value":"î€‡"},{"type":"pause","duration":10},{"type":"keyUp","value":"î€‡"}]}]}
COMMAND: GET /session/1fb9db11838ffc8960fc9c9ba3f7ba06/screenshot - {}
RESULT: {}
COMMAND: POST /session/1fb9db11838ffc8960fc9c9ba3f7ba06/actions - {"actions":[{"id":"action26","type":"key","parameters":{},"actions":[{"type":"keyDown","value":"î€‡"},{"type":"pause","duration":10},{"type":"keyUp","value":"î€‡"}]}]}
RESULT: {"actions":[{"id":"action26","type":"key","parameters":{},"actions":[{"type":"keyDown","value":"î€‡"},{"type":"pause","duration":10},{"type":"keyUp","value":"î€‡"}]}]}
COMMAND: GET /session/1fb9db11838ffc8960fc9c9ba3f7ba06/screenshot - {}
RESULT: {}
COMMAND: POST /session/1fb9db11838ffc8960fc9c9ba3f7ba06/element - {"using":"xpath","value":"(//button[@data-kt=\"saveButton\"])[2]"}
RESULT: {"using":"xpath","value":"(//button[@data-kt=\"saveButton\"])[2]"}
COMMAND: POST /session/1fb9db11838ffc8960fc9c9ba3f7ba06/element/f.03C4E35034780EC6FC2906822C03C136.d.C72B9032F234AB954CAA818B9B538BD4.e.9479/click - {}
RESULT: {}
COMMAND: GET /session/1fb9db11838ffc8960fc9c9ba3f7ba06/screenshot - {}
RESULT: {}
]]></system-out>
    </testcase>
    <testcase classname="chrome.135_0_7049_96.windows.E2E_-_Logistical_and_commercial_statuses" name="It should follow the handover steps to the status fully provided" time="419.856">
      <system-out><![CDATA[
COMMAND: POST /session/1fb9db11838ffc8960fc9c9ba3f7ba06/execute/async - {"script":"<script> [1562 bytes]","args":[{"selector":{"id":"contractDetailProvideButton","viewName":"etm.portal.ui.managecontracts.view.Detail","interaction":{"idSuffix":"BDI-content"}},"wdio_ui5_key":"contractDetailProvideButtonetmportal.ui.managecontracts.view.Detail"}]}
RESULT: {"script":"<script> [1562 bytes]","args":[{"selector":{"id":"contractDetailProvideButton","viewName":"etm.portal.ui.managecontracts.view.Detail","interaction":{"idSuffix":"BDI-content"}},"wdio_ui5_key":"contractDetailProvideButtonetmportal.ui.managecontracts.view.Detail"}]}
RESULT: undefined
COMMAND: POST /session/1fb9db11838ffc8960fc9c9ba3f7ba06/element - {"using":"xpath","value":"//*[@id=\"__xmlview61--contractDetailProvideButton\"]"}
RESULT: {"using":"xpath","value":"//*[@id=\"__xmlview61--contractDetailProvideButton\"]"}
COMMAND: POST /session/1fb9db11838ffc8960fc9c9ba3f7ba06/element/f.03C4E35034780EC6FC2906822C03C136.d.C72B9032F234AB954CAA818B9B538BD4.e.9483/click - {}
RESULT: {}
COMMAND: GET /session/1fb9db11838ffc8960fc9c9ba3f7ba06/screenshot - {}
RESULT: {}
COMMAND: POST /session/1fb9db11838ffc8960fc9c9ba3f7ba06/execute/async - {"script":"<script> [1562 bytes]","args":[{"selector":{"id":"application-managehandovers-display-component---AddNewHO--oneStep","interaction":{"idSuffix":"CbBg"}},"wdio_ui5_key":"applicationmanagehandovers-display-component---AddNewHO--oneStep"}]}
RESULT: {"script":"<script> [1562 bytes]","args":[{"selector":{"id":"application-managehandovers-display-component---AddNewHO--oneStep","interaction":{"idSuffix":"CbBg"}},"wdio_ui5_key":"applicationmanagehandovers-display-component---AddNewHO--oneStep"}]}
RESULT: undefined
COMMAND: POST /session/1fb9db11838ffc8960fc9c9ba3f7ba06/element - {"using":"xpath","value":"//*[@id=\"application-managehandovers-display-component---AddNewHO--oneStep\"]"}
RESULT: {"using":"xpath","value":"//*[@id=\"application-managehandovers-display-component---AddNewHO--oneStep\"]"}
COMMAND: POST /session/1fb9db11838ffc8960fc9c9ba3f7ba06/element/f.03C4E35034780EC6FC2906822C03C136.d.C72B9032F234AB954CAA818B9B538BD4.e.9653/click - {}
RESULT: {}
RESULT: undefined
COMMAND: POST /session/1fb9db11838ffc8960fc9c9ba3f7ba06/execute/async - {"script":"<script> [776 bytes]","args":[{"enterText":"04/25/25","selector":{"id":"application-managehandovers-display-component---AddNewHO--dueDate","interaction":{"idSuffix":"inner"}},"clearTextFirst":true,"interactionType":"ENTER_TEXT"}]}
COMMAND: GET /session/1fb9db11838ffc8960fc9c9ba3f7ba06/screenshot - {}
RESULT: {"script":"<script> [776 bytes]","args":[{"enterText":"04/25/25","selector":{"id":"application-managehandovers-display-component---AddNewHO--dueDate","interaction":{"idSuffix":"inner"}},"clearTextFirst":true,"interactionType":"ENTER_TEXT"}]}
RESULT: undefined
COMMAND: POST /session/1fb9db11838ffc8960fc9c9ba3f7ba06/element - {"using":"xpath","value":"//*[@id=\"application-managehandovers-display-component---AddNewHO--ObjectPageLayout-anchBar-application-managehandovers-display-component---AddNewHO--section4-anchor\"]"}
RESULT: {}
RESULT: {"using":"xpath","value":"//*[@id=\"application-managehandovers-display-component---AddNewHO--ObjectPageLayout-anchBar-application-managehandovers-display-component---AddNewHO--section4-anchor\"]"}
COMMAND: POST /session/1fb9db11838ffc8960fc9c9ba3f7ba06/element/f.03C4E35034780EC6FC2906822C03C136.d.C72B9032F234AB954CAA818B9B538BD4.e.9656/click - {}
RESULT: {}
COMMAND: POST /session/1fb9db11838ffc8960fc9c9ba3f7ba06/execute/async - {"script":"<script> [1562 bytes]","args":[{"selector":{"controlType":"sap.ui.core.Icon","viewName":"etm.portal.ui.managehandovers.view.AddNewHO","viewId":"application-managehandovers-display-component---AddNewHO","properties":{"src":{"regex":{"source":"add"}}}},"wdio_ui5_key":"etmportal.ui.managehandovers.view.AddNewHOsap.ui.core.Icon{\"src\":{\"regex\":{\"source\":\"add\"}}}"}]}
COMMAND: GET /session/1fb9db11838ffc8960fc9c9ba3f7ba06/screenshot - {}
RESULT: {"script":"<script> [1562 bytes]","args":[{"selector":{"controlType":"sap.ui.core.Icon","viewName":"etm.portal.ui.managehandovers.view.AddNewHO","viewId":"application-managehandovers-display-component---AddNewHO","properties":{"src":{"regex":{"source":"add"}}}},"wdio_ui5_key":"etmportal.ui.managehandovers.view.AddNewHOsap.ui.core.Icon{\"src\":{\"regex\":{\"source\":\"add\"}}}"}]}
RESULT: undefined
COMMAND: POST /session/1fb9db11838ffc8960fc9c9ba3f7ba06/element - {"using":"xpath","value":"//*[@id=\"__button152-img\"]"}
RESULT: {}
RESULT: {"using":"xpath","value":"//*[@id=\"__button152-img\"]"}
COMMAND: POST /session/1fb9db11838ffc8960fc9c9ba3f7ba06/element/f.03C4E35034780EC6FC2906822C03C136.d.C72B9032F234AB954CAA818B9B538BD4.e.9660/click - {}
RESULT: {}
COMMAND: GET /session/1fb9db11838ffc8960fc9c9ba3f7ba06/screenshot - {}
RESULT: {}
RESULT: undefined
COMMAND: POST /session/1fb9db11838ffc8960fc9c9ba3f7ba06/element - {"using":"xpath","value":"//*[@id=\"application-managehandovers-display-component---AddNewHO--popup-sa\"]"}
RESULT: {"using":"xpath","value":"//*[@id=\"application-managehandovers-display-component---AddNewHO--popup-sa\"]"}
COMMAND: POST /session/1fb9db11838ffc8960fc9c9ba3f7ba06/element/f.03C4E35034780EC6FC2906822C03C136.d.C72B9032F234AB954CAA818B9B538BD4.e.9672/click - {}
RESULT: {}
COMMAND: POST /session/1fb9db11838ffc8960fc9c9ba3f7ba06/execute/async - {"script":"<script> [1562 bytes]","args":[{"selector":{"controlType":"sap.m.Button","viewName":"etm.portal.ui.managehandovers.view.AddNewHO","viewId":"application-managehandovers-display-component---AddNewHO","i18NText":{"propertyName":"text","key":"select"},"searchOpenDialogs":true,"interaction":{"idSuffix":"inner"}},"wdio_ui5_key":"etmportal.ui.managehandovers.view.AddNewHOsap.m.Button{\"propertyName\":\"text\",\"key\":\"select\"}"}]}
COMMAND: GET /session/1fb9db11838ffc8960fc9c9ba3f7ba06/screenshot - {}
RESULT: {"script":"<script> [1562 bytes]","args":[{"selector":{"controlType":"sap.m.Button","viewName":"etm.portal.ui.managehandovers.view.AddNewHO","viewId":"application-managehandovers-display-component---AddNewHO","i18NText":{"propertyName":"text","key":"select"},"searchOpenDialogs":true,"interaction":{"idSuffix":"inner"}},"wdio_ui5_key":"etmportal.ui.managehandovers.view.AddNewHOsap.m.Button{\"propertyName\":\"text\",\"key\":\"select\"}"}]}
RESULT: undefined
COMMAND: POST /session/1fb9db11838ffc8960fc9c9ba3f7ba06/element - {"using":"xpath","value":"//*[@id=\"__button156\"]"}
RESULT: {}
RESULT: {"using":"xpath","value":"//*[@id=\"__button156\"]"}
COMMAND: POST /session/1fb9db11838ffc8960fc9c9ba3f7ba06/element/f.03C4E35034780EC6FC2906822C03C136.d.C72B9032F234AB954CAA818B9B538BD4.e.9674/click - {}
RESULT: {}
COMMAND: POST /session/1fb9db11838ffc8960fc9c9ba3f7ba06/execute/async - {"script":"<script> [1562 bytes]","args":[{"selector":{"id":"application-managehandovers-display-component---AddNewHO--confirmCreationButton","interaction":{"idSuffix":"BDI-content"}},"wdio_ui5_key":"applicationmanagehandovers-display-component---AddNewHO--confirmCreationButton"}]}
COMMAND: GET /session/1fb9db11838ffc8960fc9c9ba3f7ba06/screenshot - {}
RESULT: {}
RESULT: {"script":"<script> [1562 bytes]","args":[{"selector":{"id":"application-managehandovers-display-component---AddNewHO--confirmCreationButton","interaction":{"idSuffix":"BDI-content"}},"wdio_ui5_key":"applicationmanagehandovers-display-component---AddNewHO--confirmCreationButton"}]}
RESULT: undefined
COMMAND: POST /session/1fb9db11838ffc8960fc9c9ba3f7ba06/element - {"using":"xpath","value":"//*[@id=\"application-managehandovers-display-component---AddNewHO--confirmCreationButton\"]"}
RESULT: {"using":"xpath","value":"//*[@id=\"application-managehandovers-display-component---AddNewHO--confirmCreationButton\"]"}
COMMAND: POST /session/1fb9db11838ffc8960fc9c9ba3f7ba06/element/f.03C4E35034780EC6FC2906822C03C136.d.C72B9032F234AB954CAA818B9B538BD4.e.9612/click - {}
RESULT: {}
COMMAND: GET /session/1fb9db11838ffc8960fc9c9ba3f7ba06/screenshot - {}
RESULT: {}
COMMAND: POST /session/1fb9db11838ffc8960fc9c9ba3f7ba06/element - {"using":"xpath","value":"//a[contains(@data-kt ,\"GeneralSectionReceiveContracttLink\")]"}
RESULT: {"using":"xpath","value":"//a[contains(@data-kt ,\"GeneralSectionReceiveContracttLink\")]"}
COMMAND: POST /session/1fb9db11838ffc8960fc9c9ba3f7ba06/element/f.03C4E35034780EC6FC2906822C03C136.d.C72B9032F234AB954CAA818B9B538BD4.e.9719/click - {}
RESULT: {}
COMMAND: GET /session/1fb9db11838ffc8960fc9c9ba3f7ba06/screenshot - {}
RESULT: {}
COMMAND: POST /session/1fb9db11838ffc8960fc9c9ba3f7ba06/element - {"using":"xpath","value":"//a[contains(@data-kt ,\"ContextMenuId2Link\")]"}
RESULT: {"using":"xpath","value":"//a[contains(@data-kt ,\"ContextMenuId2Link\")]"}
COMMAND: POST /session/1fb9db11838ffc8960fc9c9ba3f7ba06/element/f.03C4E35034780EC6FC2906822C03C136.d.C72B9032F234AB954CAA818B9B538BD4.e.9731/click - {}
RESULT: {}
COMMAND: GET /session/1fb9db11838ffc8960fc9c9ba3f7ba06/screenshot - {}
COMMAND: POST /session/1fb9db11838ffc8960fc9c9ba3f7ba06/execute/async - {"script":"<script> [1562 bytes]","args":[{"selector":{"controlType":"sap.m.ObjectStatus","viewName":"etm.portal.ui.managecontracts.view.Detail","bindingPath":{"propertyPath":"LINK_TO_LOGISTICAL_STATUS/DESCRIPTION","modelName":"catalogModel"}},"wdio_ui5_key":"etmportal.ui.managecontracts.view.Detailsap.m.ObjectStatus{\"propertyPath\":\"LINK_TO_LOGISTICAL_STATUS/DESCRIPTION\",\"modelName\":\"catalogModel\"}"}]}
RESULT: {}
RESULT: {"script":"<script> [1562 bytes]","args":[{"selector":{"controlType":"sap.m.ObjectStatus","viewName":"etm.portal.ui.managecontracts.view.Detail","bindingPath":{"propertyPath":"LINK_TO_LOGISTICAL_STATUS/DESCRIPTION","modelName":"catalogModel"}},"wdio_ui5_key":"etmportal.ui.managecontracts.view.Detailsap.m.ObjectStatus{\"propertyPath\":\"LINK_TO_LOGISTICAL_STATUS/DESCRIPTION\",\"modelName\":\"catalogModel\"}"}]}
RESULT: undefined
COMMAND: POST /session/1fb9db11838ffc8960fc9c9ba3f7ba06/execute/async - {"script":"<script> [6424 bytes]","args":[{"element-6066-11e4-a52e-4f735466cecf":"f.03C4E35034780EC6FC2906822C03C136.d.C72B9032F234AB954CAA818B9B538BD4.e.9948"},"getText",[]]}
RESULT: {"script":"<script> [6424 bytes]","args":[{"element-6066-11e4-a52e-4f735466cecf":"f.03C4E35034780EC6FC2906822C03C136.d.C72B9032F234AB954CAA818B9B538BD4.e.9948"},"getText",[]]}
COMMAND: POST /session/1fb9db11838ffc8960fc9c9ba3f7ba06/execute/async - {"script":"<script> [1562 bytes]","args":[{"selector":{"controlType":"sap.m.ObjectStatus","viewName":"etm.portal.ui.managecontracts.view.Detail","bindingPath":{"propertyPath":"LINK_TO_COMMERCIAL_STATUS/DESCRIPTION","modelName":"catalogModel"}},"wdio_ui5_key":"etmportal.ui.managecontracts.view.Detailsap.m.ObjectStatus{\"propertyPath\":\"LINK_TO_COMMERCIAL_STATUS/DESCRIPTION\",\"modelName\":\"catalogModel\"}"}]}
RESULT: {"script":"<script> [1562 bytes]","args":[{"selector":{"controlType":"sap.m.ObjectStatus","viewName":"etm.portal.ui.managecontracts.view.Detail","bindingPath":{"propertyPath":"LINK_TO_COMMERCIAL_STATUS/DESCRIPTION","modelName":"catalogModel"}},"wdio_ui5_key":"etmportal.ui.managecontracts.view.Detailsap.m.ObjectStatus{\"propertyPath\":\"LINK_TO_COMMERCIAL_STATUS/DESCRIPTION\",\"modelName\":\"catalogModel\"}"}]}
RESULT: undefined
COMMAND: POST /session/1fb9db11838ffc8960fc9c9ba3f7ba06/execute/async - {"script":"<script> [6424 bytes]","args":[{"element-6066-11e4-a52e-4f735466cecf":"f.03C4E35034780EC6FC2906822C03C136.d.C72B9032F234AB954CAA818B9B538BD4.e.9949"},"getText",[]]}
RESULT: {"script":"<script> [6424 bytes]","args":[{"element-6066-11e4-a52e-4f735466cecf":"f.03C4E35034780EC6FC2906822C03C136.d.C72B9032F234AB954CAA818B9B538BD4.e.9949"},"getText",[]]}
COMMAND: POST /session/1fb9db11838ffc8960fc9c9ba3f7ba06/execute/async - {"script":"<script> [1562 bytes]","args":[{"selector":{"id":"backBtn"},"wdio_ui5_key":"backBtn"}]}
RESULT: {"script":"<script> [1562 bytes]","args":[{"selector":{"id":"backBtn"},"wdio_ui5_key":"backBtn"}]}
RESULT: undefined
COMMAND: POST /session/1fb9db11838ffc8960fc9c9ba3f7ba06/element - {"using":"xpath","value":"//*[@id=\"backBtn\"]"}
RESULT: {"using":"xpath","value":"//*[@id=\"backBtn\"]"}
COMMAND: POST /session/1fb9db11838ffc8960fc9c9ba3f7ba06/element/f.03C4E35034780EC6FC2906822C03C136.d.C72B9032F234AB954CAA818B9B538BD4.e.9950/click - {}
RESULT: {}
COMMAND: GET /session/1fb9db11838ffc8960fc9c9ba3f7ba06/screenshot - {}
COMMAND: POST /session/1fb9db11838ffc8960fc9c9ba3f7ba06/execute/async - {"script":"<script> [1562 bytes]","args":[{"selector":{"controlType":"sap.m.Text","viewName":"etm.portal.ui.managehandovers.view.DetailExecuteHO","bindingPath":{"propertyPath":"NO","modelName":"catalogModel"}},"wdio_ui5_key":"etmportal.ui.managehandovers.view.DetailExecuteHOsap.m.Text{\"propertyPath\":\"NO\",\"modelName\":\"catalogModel\"}"}]}
RESULT: {}
RESULT: {"script":"<script> [1562 bytes]","args":[{"selector":{"controlType":"sap.m.Text","viewName":"etm.portal.ui.managehandovers.view.DetailExecuteHO","bindingPath":{"propertyPath":"NO","modelName":"catalogModel"}},"wdio_ui5_key":"etmportal.ui.managehandovers.view.DetailExecuteHOsap.m.Text{\"propertyPath\":\"NO\",\"modelName\":\"catalogModel\"}"}]}
RESULT: undefined
COMMAND: POST /session/1fb9db11838ffc8960fc9c9ba3f7ba06/execute/async - {"script":"<script> [6424 bytes]","args":[{"element-6066-11e4-a52e-4f735466cecf":"f.03C4E35034780EC6FC2906822C03C136.d.C72B9032F234AB954CAA818B9B538BD4.e.10104"},"getText",[]]}
RESULT: {"script":"<script> [6424 bytes]","args":[{"element-6066-11e4-a52e-4f735466cecf":"f.03C4E35034780EC6FC2906822C03C136.d.C72B9032F234AB954CAA818B9B538BD4.e.10104"},"getText",[]]}
COMMAND: POST /session/1fb9db11838ffc8960fc9c9ba3f7ba06/execute/async - {"script":"<script> [1562 bytes]","args":[{"selector":{"controlType":"sap.m.Button","viewName":"etm.portal.ui.managehandovers.view.DetailExecuteHO","i18NText":{"propertyName":"text","key":"confirmAll"},"interaction":{"idSuffix":"inner"}},"wdio_ui5_key":"etmportal.ui.managehandovers.view.DetailExecuteHOsap.m.Button{\"propertyName\":\"text\",\"key\":\"confirmAll\"}"}]}
RESULT: {"script":"<script> [1562 bytes]","args":[{"selector":{"controlType":"sap.m.Button","viewName":"etm.portal.ui.managehandovers.view.DetailExecuteHO","i18NText":{"propertyName":"text","key":"confirmAll"},"interaction":{"idSuffix":"inner"}},"wdio_ui5_key":"etmportal.ui.managehandovers.view.DetailExecuteHOsap.m.Button{\"propertyName\":\"text\",\"key\":\"confirmAll\"}"}]}
RESULT: undefined
COMMAND: POST /session/1fb9db11838ffc8960fc9c9ba3f7ba06/element - {"using":"xpath","value":"//*[@id=\"__button239\"]"}
RESULT: {"using":"xpath","value":"//*[@id=\"__button239\"]"}
COMMAND: POST /session/1fb9db11838ffc8960fc9c9ba3f7ba06/element/f.03C4E35034780EC6FC2906822C03C136.d.C72B9032F234AB954CAA818B9B538BD4.e.10106/click - {}
RESULT: {}
COMMAND: GET /session/1fb9db11838ffc8960fc9c9ba3f7ba06/screenshot - {}
RESULT: {}
COMMAND: POST /session/1fb9db11838ffc8960fc9c9ba3f7ba06/execute/async - {"script":"<script> [1562 bytes]","args":[{"selector":{"controlType":"sap.m.Button","properties":{"text":"OK"},"searchOpenDialogs":true,"interaction":{"idSuffix":"content"}},"wdio_ui5_key":"sapm.Button{\"text\":\"OK\"}"}]}
RESULT: {"script":"<script> [1562 bytes]","args":[{"selector":{"controlType":"sap.m.Button","properties":{"text":"OK"},"searchOpenDialogs":true,"interaction":{"idSuffix":"content"}},"wdio_ui5_key":"sapm.Button{\"text\":\"OK\"}"}]}
RESULT: undefined
COMMAND: POST /session/1fb9db11838ffc8960fc9c9ba3f7ba06/element - {"using":"xpath","value":"//*[@id=\"__mbox-btn-2\"]"}
RESULT: {"using":"xpath","value":"//*[@id=\"__mbox-btn-2\"]"}
COMMAND: POST /session/1fb9db11838ffc8960fc9c9ba3f7ba06/element/f.03C4E35034780EC6FC2906822C03C136.d.C72B9032F234AB954CAA818B9B538BD4.e.10108/click - {}
RESULT: {}
COMMAND: GET /session/1fb9db11838ffc8960fc9c9ba3f7ba06/screenshot - {}
RESULT: {}
COMMAND: POST /session/1fb9db11838ffc8960fc9c9ba3f7ba06/element - {"using":"xpath","value":"//button[contains(@data-kt ,\"execHoPickFooterButton\")]"}
RESULT: {"using":"xpath","value":"//button[contains(@data-kt ,\"execHoPickFooterButton\")]"}
COMMAND: POST /session/1fb9db11838ffc8960fc9c9ba3f7ba06/element/f.03C4E35034780EC6FC2906822C03C136.d.C72B9032F234AB954CAA818B9B538BD4.e.10111/click - {}
RESULT: {}
COMMAND: GET /session/1fb9db11838ffc8960fc9c9ba3f7ba06/screenshot - {}
RESULT: {}
COMMAND: POST /session/1fb9db11838ffc8960fc9c9ba3f7ba06/refresh - {}
RESULT: {}
COMMAND: GET /session/1fb9db11838ffc8960fc9c9ba3f7ba06/screenshot - {}
RESULT: {}
COMMAND: POST /session/1fb9db11838ffc8960fc9c9ba3f7ba06/refresh - {}
RESULT: {}
COMMAND: GET /session/1fb9db11838ffc8960fc9c9ba3f7ba06/screenshot - {}
RESULT: {}
COMMAND: POST /session/1fb9db11838ffc8960fc9c9ba3f7ba06/window/fullscreen - {}
RESULT: {}
COMMAND: POST /session/1fb9db11838ffc8960fc9c9ba3f7ba06/execute/async - {"script":"<script> [189 bytes]","args":[]}
RESULT: {"script":"<script> [189 bytes]","args":[]}
COMMAND: POST /session/1fb9db11838ffc8960fc9c9ba3f7ba06/execute/async - {"script":"<script> [123 bytes]","args":[]}
RESULT: {"script":"<script> [123 bytes]","args":[]}
COMMAND: POST /session/1fb9db11838ffc8960fc9c9ba3f7ba06/timeouts - {"script":"<number>"}
RESULT: {"script":"<number>"}
COMMAND: GET /session/1fb9db11838ffc8960fc9c9ba3f7ba06/timeouts - {}
RESULT: {}
RESULT: undefined
COMMAND: POST /session/1fb9db11838ffc8960fc9c9ba3f7ba06/execute/async - {"script":"<script> [2676 bytes]","args":[]}
RESULT: {"script":"<script> [2676 bytes]","args":[]}
COMMAND: POST /session/1fb9db11838ffc8960fc9c9ba3f7ba06/execute/async - {"script":"<script> [2342 bytes]","args":[{"protocol":"http","hostname":"0.0.0.0","path":"/","capabilities":{"browserName":"chrome","goog:chromeOptions":{"binary":"C:\\Program Files\\Google\\Chrome\\Application\\chrome.exe","args":["--start-maximized"]}},"logLevel":"warn","connectionRetryTimeout":120000,"connectionRetryCount":3,"logLevels":{},"enableDirectConnect":true,"strictSSL":true,"_":"65 more keys: [\"cacheDir\",\"port\",\"requestedCapabilities\",\"automationProtocol\",\"baseUrl\",\"waitforInterval\",\"waitforTimeout\",\"onReload\",\"beforeCommand\",\"afterCommand\",\"rootDir\",\"specs\",\"suites\",\"exclude\",\"groupLogsByTestSpec\",\"excludeDriverLogs\",\"bail\",\"framework\",\"reporters\",\"services\",\"maxInstances\",\"maxInstancesPerCapability\",\"injectGlobals\",\"filesToWatch\",\"execArgv\",\"runnerEnv\",\"runner\",\"shard\",\"specFileRetries\",\"specFileRetriesDelay\",\"specFileRetriesDeferred\",\"reporterSyncInterval\",\"reporterSyncTimeout\",\"cucumberFeaturesWithLineNumbers\",\"autoCompileOpts\",\"mochaOpts\",\"jasmineOpts\",\"cucumberOpts\",\"onPrepare\",\"onWorkerStart\",\"onWorkerEnd\",\"before\",\"beforeSession\",\"beforeSuite\",\"beforeHook\",\"beforeTest\",\"afterTest\",\"afterHook\",\"afterSuite\",\"afterSession\",\"after\",\"onComplete\",\"beforeAssertion\",\"afterAssertion\",\"beforeFeature\",\"beforeScenario\",\"beforeStep\",\"afterStep\",\"afterScenario\",\"afterFeature\",\"_\",\"suite\",\"$0\",\"ignoredWorkerServices\",\"wdi5\"]"}]}
RESULT: {"script":"<script> [2342 bytes]","args":[{"protocol":"http","hostname":"0.0.0.0","path":"/","capabilities":{"browserName":"chrome","goog:chromeOptions":{"binary":"C:\\Program Files\\Google\\Chrome\\Application\\chrome.exe","args":["--start-maximized"]}},"logLevel":"warn","connectionRetryTimeout":120000,"connectionRetryCount":3,"logLevels":{},"enableDirectConnect":true,"strictSSL":true,"_":"65 more keys: [\"cacheDir\",\"port\",\"requestedCapabilities\",\"automationProtocol\",\"baseUrl\",\"waitforInterval\",\"waitforTimeout\",\"onReload\",\"beforeCommand\",\"afterCommand\",\"rootDir\",\"specs\",\"suites\",\"exclude\",\"groupLogsByTestSpec\",\"excludeDriverLogs\",\"bail\",\"framework\",\"reporters\",\"services\",\"maxInstances\",\"maxInstancesPerCapability\",\"injectGlobals\",\"filesToWatch\",\"execArgv\",\"runnerEnv\",\"runner\",\"shard\",\"specFileRetries\",\"specFileRetriesDelay\",\"specFileRetriesDeferred\",\"reporterSyncInterval\",\"reporterSyncTimeout\",\"cucumberFeaturesWithLineNumbers\",\"autoCompileOpts\",\"mochaOpts\",\"jasmineOpts\",\"cucumberOpts\",\"onPrepare\",\"onWorkerStart\",\"onWorkerEnd\",\"before\",\"beforeSession\",\"beforeSuite\",\"beforeHook\",\"beforeTest\",\"afterTest\",\"afterHook\",\"afterSuite\",\"afterSession\",\"after\",\"onComplete\",\"beforeAssertion\",\"afterAssertion\",\"beforeFeature\",\"beforeScenario\",\"beforeStep\",\"afterStep\",\"afterScenario\",\"afterFeature\",\"_\",\"suite\",\"$0\",\"ignoredWorkerServices\",\"wdi5\"]"}]}
COMMAND: POST /session/1fb9db11838ffc8960fc9c9ba3f7ba06/execute/async - {"script":"<script> [21126 bytes]","args":[35000]}
RESULT: {"script":"<script> [21126 bytes]","args":[35000]}
COMMAND: POST /session/1fb9db11838ffc8960fc9c9ba3f7ba06/execute/async - {"script":"<script> [1562 bytes]","args":[{"selector":{"controlType":"sap.m.SearchField","viewName":"etm.portal.ui.managehandovers.view.MasterHO","bindingPath":{"path":"","propertyPath":"/_BASIC_SEARCH_FIELD","modelName":"fi1t3rM0d31"},"interaction":{"idSuffix":"I"}},"wdio_ui5_key":"etmportal.ui.managehandovers.view.MasterHOsap.m.SearchField{\"path\":\"\",\"propertyPath\":\"/_BASIC_SEARCH_FIELD\",\"modelName\":\"fi1t3rM0d31\"}"}]}
RESULT: {"script":"<script> [1562 bytes]","args":[{"selector":{"controlType":"sap.m.SearchField","viewName":"etm.portal.ui.managehandovers.view.MasterHO","bindingPath":{"path":"","propertyPath":"/_BASIC_SEARCH_FIELD","modelName":"fi1t3rM0d31"},"interaction":{"idSuffix":"I"}},"wdio_ui5_key":"etmportal.ui.managehandovers.view.MasterHOsap.m.SearchField{\"path\":\"\",\"propertyPath\":\"/_BASIC_SEARCH_FIELD\",\"modelName\":\"fi1t3rM0d31\"}"}]}
RESULT: undefined
COMMAND: POST /session/1fb9db11838ffc8960fc9c9ba3f7ba06/execute/async - {"script":"<script> [776 bytes]","args":[{"enterText":"30297","selector":{"controlType":"sap.m.SearchField","viewName":"etm.portal.ui.managehandovers.view.MasterHO","bindingPath":{"path":"","propertyPath":"/_BASIC_SEARCH_FIELD","modelName":"fi1t3rM0d31"},"interaction":{"idSuffix":"I"}},"clearTextFirst":true,"interactionType":"ENTER_TEXT"}]}
RESULT: {"script":"<script> [776 bytes]","args":[{"enterText":"30297","selector":{"controlType":"sap.m.SearchField","viewName":"etm.portal.ui.managehandovers.view.MasterHO","bindingPath":{"path":"","propertyPath":"/_BASIC_SEARCH_FIELD","modelName":"fi1t3rM0d31"},"interaction":{"idSuffix":"I"}},"clearTextFirst":true,"interactionType":"ENTER_TEXT"}]}
COMMAND: POST /session/1fb9db11838ffc8960fc9c9ba3f7ba06/actions - {"actions":[{"id":"action27","type":"key","parameters":{},"actions":[{"type":"keyDown","value":"î€‡"},{"type":"pause","duration":10},{"type":"keyUp","value":"î€‡"}]}]}
RESULT: {"actions":[{"id":"action27","type":"key","parameters":{},"actions":[{"type":"keyDown","value":"î€‡"},{"type":"pause","duration":10},{"type":"keyUp","value":"î€‡"}]}]}
COMMAND: GET /session/1fb9db11838ffc8960fc9c9ba3f7ba06/screenshot - {}
RESULT: {}
COMMAND: POST /session/1fb9db11838ffc8960fc9c9ba3f7ba06/execute/async - {"script":"<script> [1562 bytes]","args":[{"selector":{"controlType":"sap.m.Title","viewName":"etm.portal.ui.managehandovers.view.MasterHO","properties":{"text":"Records (1)"}},"wdio_ui5_key":"etmportal.ui.managehandovers.view.MasterHOsap.m.Title{\"text\":\"Records (1)\"}"}]}
RESULT: {"script":"<script> [1562 bytes]","args":[{"selector":{"controlType":"sap.m.Title","viewName":"etm.portal.ui.managehandovers.view.MasterHO","properties":{"text":"Records (1)"}},"wdio_ui5_key":"etmportal.ui.managehandovers.view.MasterHOsap.m.Title{\"text\":\"Records (1)\"}"}]}
RESULT: undefined
COMMAND: POST /session/1fb9db11838ffc8960fc9c9ba3f7ba06/execute/async - {"script":"<script> [6424 bytes]","args":[{"element-6066-11e4-a52e-4f735466cecf":"f.03C4E35034780EC6FC2906822C03C136.d.D75B1E1C308F82EBBC1487EE11E80119.e.10466"},"getText",[]]}
RESULT: {"script":"<script> [6424 bytes]","args":[{"element-6066-11e4-a52e-4f735466cecf":"f.03C4E35034780EC6FC2906822C03C136.d.D75B1E1C308F82EBBC1487EE11E80119.e.10466"},"getText",[]]}
COMMAND: POST /session/1fb9db11838ffc8960fc9c9ba3f7ba06/execute/async - {"script":"<script> [1562 bytes]","args":[{"selector":{"controlType":"sap.ui.core.Icon","viewName":"etm.portal.ui.managehandovers.view.MasterHO","properties":{"src":{"regex":{"source":"slim\\-arrow\\-right"}}}},"wdio_ui5_key":"etmportal.ui.managehandovers.view.MasterHOsap.ui.core.Icon{\"src\":{\"regex\":{\"source\":\"slim\\\\-arrow\\\\-right\"}}}"}]}
RESULT: {"script":"<script> [1562 bytes]","args":[{"selector":{"controlType":"sap.ui.core.Icon","viewName":"etm.portal.ui.managehandovers.view.MasterHO","properties":{"src":{"regex":{"source":"slim\\-arrow\\-right"}}}},"wdio_ui5_key":"etmportal.ui.managehandovers.view.MasterHOsap.ui.core.Icon{\"src\":{\"regex\":{\"source\":\"slim\\\\-arrow\\\\-right\"}}}"}]}
RESULT: undefined
COMMAND: POST /session/1fb9db11838ffc8960fc9c9ba3f7ba06/element - {"using":"xpath","value":"//*[@id=\"__item30-__clone16-imgNav\"]"}
RESULT: {"using":"xpath","value":"//*[@id=\"__item30-__clone16-imgNav\"]"}
COMMAND: POST /session/1fb9db11838ffc8960fc9c9ba3f7ba06/element/f.03C4E35034780EC6FC2906822C03C136.d.D75B1E1C308F82EBBC1487EE11E80119.e.10465/click - {}
RESULT: {}
COMMAND: GET /session/1fb9db11838ffc8960fc9c9ba3f7ba06/screenshot - {}
RESULT: {}
COMMAND: POST /session/1fb9db11838ffc8960fc9c9ba3f7ba06/element - {"using":"xpath","value":"//a[contains(@data-kt ,\"GeneralSectionReceiveContracttLink\")]"}
RESULT: {"using":"xpath","value":"//a[contains(@data-kt ,\"GeneralSectionReceiveContracttLink\")]"}
COMMAND: POST /session/1fb9db11838ffc8960fc9c9ba3f7ba06/element/f.03C4E35034780EC6FC2906822C03C136.d.D75B1E1C308F82EBBC1487EE11E80119.e.10569/click - {}
RESULT: {}
COMMAND: GET /session/1fb9db11838ffc8960fc9c9ba3f7ba06/screenshot - {}
RESULT: {}
COMMAND: POST /session/1fb9db11838ffc8960fc9c9ba3f7ba06/element - {"using":"xpath","value":"//a[contains(@data-kt ,\"ContextMenuId2Link\")]"}
RESULT: {"using":"xpath","value":"//a[contains(@data-kt ,\"ContextMenuId2Link\")]"}
COMMAND: POST /session/1fb9db11838ffc8960fc9c9ba3f7ba06/element/f.03C4E35034780EC6FC2906822C03C136.d.D75B1E1C308F82EBBC1487EE11E80119.e.10572/click - {}
RESULT: {}
COMMAND: GET /session/1fb9db11838ffc8960fc9c9ba3f7ba06/screenshot - {}
RESULT: {}
COMMAND: POST /session/1fb9db11838ffc8960fc9c9ba3f7ba06/execute/async - {"script":"<script> [1562 bytes]","args":[{"selector":{"controlType":"sap.m.ObjectStatus","viewName":"etm.portal.ui.managecontracts.view.Detail","bindingPath":{"propertyPath":"LINK_TO_LOGISTICAL_STATUS/DESCRIPTION","modelName":"catalogModel"}},"wdio_ui5_key":"etmportal.ui.managecontracts.view.Detailsap.m.ObjectStatus{\"propertyPath\":\"LINK_TO_LOGISTICAL_STATUS/DESCRIPTION\",\"modelName\":\"catalogModel\"}"}]}
RESULT: {"script":"<script> [1562 bytes]","args":[{"selector":{"controlType":"sap.m.ObjectStatus","viewName":"etm.portal.ui.managecontracts.view.Detail","bindingPath":{"propertyPath":"LINK_TO_LOGISTICAL_STATUS/DESCRIPTION","modelName":"catalogModel"}},"wdio_ui5_key":"etmportal.ui.managecontracts.view.Detailsap.m.ObjectStatus{\"propertyPath\":\"LINK_TO_LOGISTICAL_STATUS/DESCRIPTION\",\"modelName\":\"catalogModel\"}"}]}
RESULT: undefined
COMMAND: POST /session/1fb9db11838ffc8960fc9c9ba3f7ba06/execute/async - {"script":"<script> [6424 bytes]","args":[{"element-6066-11e4-a52e-4f735466cecf":"f.03C4E35034780EC6FC2906822C03C136.d.D75B1E1C308F82EBBC1487EE11E80119.e.10806"},"getText",[]]}
RESULT: {"script":"<script> [6424 bytes]","args":[{"element-6066-11e4-a52e-4f735466cecf":"f.03C4E35034780EC6FC2906822C03C136.d.D75B1E1C308F82EBBC1487EE11E80119.e.10806"},"getText",[]]}
COMMAND: POST /session/1fb9db11838ffc8960fc9c9ba3f7ba06/execute/async - {"script":"<script> [1562 bytes]","args":[{"selector":{"controlType":"sap.m.ObjectStatus","viewName":"etm.portal.ui.managecontracts.view.Detail","bindingPath":{"propertyPath":"LINK_TO_COMMERCIAL_STATUS/DESCRIPTION","modelName":"catalogModel"}},"wdio_ui5_key":"etmportal.ui.managecontracts.view.Detailsap.m.ObjectStatus{\"propertyPath\":\"LINK_TO_COMMERCIAL_STATUS/DESCRIPTION\",\"modelName\":\"catalogModel\"}"}]}
RESULT: {"script":"<script> [1562 bytes]","args":[{"selector":{"controlType":"sap.m.ObjectStatus","viewName":"etm.portal.ui.managecontracts.view.Detail","bindingPath":{"propertyPath":"LINK_TO_COMMERCIAL_STATUS/DESCRIPTION","modelName":"catalogModel"}},"wdio_ui5_key":"etmportal.ui.managecontracts.view.Detailsap.m.ObjectStatus{\"propertyPath\":\"LINK_TO_COMMERCIAL_STATUS/DESCRIPTION\",\"modelName\":\"catalogModel\"}"}]}
RESULT: undefined
COMMAND: POST /session/1fb9db11838ffc8960fc9c9ba3f7ba06/execute/async - {"script":"<script> [6424 bytes]","args":[{"element-6066-11e4-a52e-4f735466cecf":"f.03C4E35034780EC6FC2906822C03C136.d.D75B1E1C308F82EBBC1487EE11E80119.e.10809"},"getText",[]]}
RESULT: {"script":"<script> [6424 bytes]","args":[{"element-6066-11e4-a52e-4f735466cecf":"f.03C4E35034780EC6FC2906822C03C136.d.D75B1E1C308F82EBBC1487EE11E80119.e.10809"},"getText",[]]}
COMMAND: POST /session/1fb9db11838ffc8960fc9c9ba3f7ba06/execute/async - {"script":"<script> [1562 bytes]","args":[{"selector":{"id":"backBtn"},"wdio_ui5_key":"backBtn"}]}
RESULT: {"script":"<script> [1562 bytes]","args":[{"selector":{"id":"backBtn"},"wdio_ui5_key":"backBtn"}]}
RESULT: undefined
COMMAND: POST /session/1fb9db11838ffc8960fc9c9ba3f7ba06/element - {"using":"xpath","value":"//*[@id=\"backBtn\"]"}
RESULT: {"using":"xpath","value":"//*[@id=\"backBtn\"]"}
COMMAND: POST /session/1fb9db11838ffc8960fc9c9ba3f7ba06/element/f.03C4E35034780EC6FC2906822C03C136.d.D75B1E1C308F82EBBC1487EE11E80119.e.10810/click - {}
RESULT: {}
COMMAND: GET /session/1fb9db11838ffc8960fc9c9ba3f7ba06/screenshot - {}
RESULT: {}
COMMAND: POST /session/1fb9db11838ffc8960fc9c9ba3f7ba06/execute/async - {"script":"<script> [1562 bytes]","args":[{"selector":{"controlType":"sap.m.Button","viewName":"etm.portal.ui.managehandovers.view.DetailExecuteHO","i18NText":{"propertyName":"text","key":"confirmAll"},"interaction":{"idSuffix":"BDI-content"}},"wdio_ui5_key":"etmportal.ui.managehandovers.view.DetailExecuteHOsap.m.Button{\"propertyName\":\"text\",\"key\":\"confirmAll\"}"}]}
RESULT: {"script":"<script> [1562 bytes]","args":[{"selector":{"controlType":"sap.m.Button","viewName":"etm.portal.ui.managehandovers.view.DetailExecuteHO","i18NText":{"propertyName":"text","key":"confirmAll"},"interaction":{"idSuffix":"BDI-content"}},"wdio_ui5_key":"etmportal.ui.managehandovers.view.DetailExecuteHOsap.m.Button{\"propertyName\":\"text\",\"key\":\"confirmAll\"}"}]}
RESULT: undefined
COMMAND: POST /session/1fb9db11838ffc8960fc9c9ba3f7ba06/element - {"using":"xpath","value":"//*[@id=\"__button84\"]"}
RESULT: {"using":"xpath","value":"//*[@id=\"__button84\"]"}
COMMAND: POST /session/1fb9db11838ffc8960fc9c9ba3f7ba06/element/f.03C4E35034780EC6FC2906822C03C136.d.D75B1E1C308F82EBBC1487EE11E80119.e.10935/click - {}
RESULT: {}
COMMAND: GET /session/1fb9db11838ffc8960fc9c9ba3f7ba06/screenshot - {}
RESULT: {}
COMMAND: POST /session/1fb9db11838ffc8960fc9c9ba3f7ba06/execute/async - {"script":"<script> [1562 bytes]","args":[{"selector":{"controlType":"sap.m.Button","properties":{"text":"OK"},"searchOpenDialogs":true,"interaction":{"idSuffix":"inner"}},"wdio_ui5_key":"sapm.Button{\"text\":\"OK\"}"}]}
RESULT: {"script":"<script> [1562 bytes]","args":[{"selector":{"controlType":"sap.m.Button","properties":{"text":"OK"},"searchOpenDialogs":true,"interaction":{"idSuffix":"inner"}},"wdio_ui5_key":"sapm.Button{\"text\":\"OK\"}"}]}
RESULT: undefined
COMMAND: POST /session/1fb9db11838ffc8960fc9c9ba3f7ba06/element - {"using":"xpath","value":"//*[@id=\"__mbox-btn-0\"]"}
RESULT: {"using":"xpath","value":"//*[@id=\"__mbox-btn-0\"]"}
COMMAND: POST /session/1fb9db11838ffc8960fc9c9ba3f7ba06/element/f.03C4E35034780EC6FC2906822C03C136.d.D75B1E1C308F82EBBC1487EE11E80119.e.10941/click - {}
RESULT: {}
COMMAND: GET /session/1fb9db11838ffc8960fc9c9ba3f7ba06/screenshot - {}
RESULT: {}
COMMAND: POST /session/1fb9db11838ffc8960fc9c9ba3f7ba06/element - {"using":"xpath","value":"//button[contains(@data-kt ,\"execHoIssueFooterButton\")]"}
RESULT: {"using":"xpath","value":"//button[contains(@data-kt ,\"execHoIssueFooterButton\")]"}
COMMAND: POST /session/1fb9db11838ffc8960fc9c9ba3f7ba06/element/f.03C4E35034780EC6FC2906822C03C136.d.D75B1E1C308F82EBBC1487EE11E80119.e.10944/click - {}
RESULT: {}
COMMAND: GET /session/1fb9db11838ffc8960fc9c9ba3f7ba06/screenshot - {}
RESULT: {}
COMMAND: POST /session/1fb9db11838ffc8960fc9c9ba3f7ba06/refresh - {}
RESULT: {}
COMMAND: GET /session/1fb9db11838ffc8960fc9c9ba3f7ba06/screenshot - {}
RESULT: {}
COMMAND: POST /session/1fb9db11838ffc8960fc9c9ba3f7ba06/refresh - {}
RESULT: {}
COMMAND: GET /session/1fb9db11838ffc8960fc9c9ba3f7ba06/screenshot - {}
RESULT: {}
COMMAND: POST /session/1fb9db11838ffc8960fc9c9ba3f7ba06/window/fullscreen - {}
RESULT: {}
COMMAND: POST /session/1fb9db11838ffc8960fc9c9ba3f7ba06/execute/async - {"script":"<script> [189 bytes]","args":[]}
RESULT: {"script":"<script> [189 bytes]","args":[]}
COMMAND: POST /session/1fb9db11838ffc8960fc9c9ba3f7ba06/execute/async - {"script":"<script> [123 bytes]","args":[]}
RESULT: {"script":"<script> [123 bytes]","args":[]}
COMMAND: POST /session/1fb9db11838ffc8960fc9c9ba3f7ba06/timeouts - {"script":"<number>"}
RESULT: {"script":"<number>"}
COMMAND: GET /session/1fb9db11838ffc8960fc9c9ba3f7ba06/timeouts - {}
RESULT: {}
RESULT: undefined
COMMAND: POST /session/1fb9db11838ffc8960fc9c9ba3f7ba06/execute/async - {"script":"<script> [2676 bytes]","args":[]}
RESULT: {"script":"<script> [2676 bytes]","args":[]}
COMMAND: POST /session/1fb9db11838ffc8960fc9c9ba3f7ba06/execute/async - {"script":"<script> [2342 bytes]","args":[{"protocol":"http","hostname":"0.0.0.0","path":"/","capabilities":{"browserName":"chrome","goog:chromeOptions":{"binary":"C:\\Program Files\\Google\\Chrome\\Application\\chrome.exe","args":["--start-maximized"]}},"logLevel":"warn","connectionRetryTimeout":120000,"connectionRetryCount":3,"logLevels":{},"enableDirectConnect":true,"strictSSL":true,"_":"65 more keys: [\"cacheDir\",\"port\",\"requestedCapabilities\",\"automationProtocol\",\"baseUrl\",\"waitforInterval\",\"waitforTimeout\",\"onReload\",\"beforeCommand\",\"afterCommand\",\"rootDir\",\"specs\",\"suites\",\"exclude\",\"groupLogsByTestSpec\",\"excludeDriverLogs\",\"bail\",\"framework\",\"reporters\",\"services\",\"maxInstances\",\"maxInstancesPerCapability\",\"injectGlobals\",\"filesToWatch\",\"execArgv\",\"runnerEnv\",\"runner\",\"shard\",\"specFileRetries\",\"specFileRetriesDelay\",\"specFileRetriesDeferred\",\"reporterSyncInterval\",\"reporterSyncTimeout\",\"cucumberFeaturesWithLineNumbers\",\"autoCompileOpts\",\"mochaOpts\",\"jasmineOpts\",\"cucumberOpts\",\"onPrepare\",\"onWorkerStart\",\"onWorkerEnd\",\"before\",\"beforeSession\",\"beforeSuite\",\"beforeHook\",\"beforeTest\",\"afterTest\",\"afterHook\",\"afterSuite\",\"afterSession\",\"after\",\"onComplete\",\"beforeAssertion\",\"afterAssertion\",\"beforeFeature\",\"beforeScenario\",\"beforeStep\",\"afterStep\",\"afterScenario\",\"afterFeature\",\"_\",\"suite\",\"$0\",\"ignoredWorkerServices\",\"wdi5\"]"}]}
RESULT: {"script":"<script> [2342 bytes]","args":[{"protocol":"http","hostname":"0.0.0.0","path":"/","capabilities":{"browserName":"chrome","goog:chromeOptions":{"binary":"C:\\Program Files\\Google\\Chrome\\Application\\chrome.exe","args":["--start-maximized"]}},"logLevel":"warn","connectionRetryTimeout":120000,"connectionRetryCount":3,"logLevels":{},"enableDirectConnect":true,"strictSSL":true,"_":"65 more keys: [\"cacheDir\",\"port\",\"requestedCapabilities\",\"automationProtocol\",\"baseUrl\",\"waitforInterval\",\"waitforTimeout\",\"onReload\",\"beforeCommand\",\"afterCommand\",\"rootDir\",\"specs\",\"suites\",\"exclude\",\"groupLogsByTestSpec\",\"excludeDriverLogs\",\"bail\",\"framework\",\"reporters\",\"services\",\"maxInstances\",\"maxInstancesPerCapability\",\"injectGlobals\",\"filesToWatch\",\"execArgv\",\"runnerEnv\",\"runner\",\"shard\",\"specFileRetries\",\"specFileRetriesDelay\",\"specFileRetriesDeferred\",\"reporterSyncInterval\",\"reporterSyncTimeout\",\"cucumberFeaturesWithLineNumbers\",\"autoCompileOpts\",\"mochaOpts\",\"jasmineOpts\",\"cucumberOpts\",\"onPrepare\",\"onWorkerStart\",\"onWorkerEnd\",\"before\",\"beforeSession\",\"beforeSuite\",\"beforeHook\",\"beforeTest\",\"afterTest\",\"afterHook\",\"afterSuite\",\"afterSession\",\"after\",\"onComplete\",\"beforeAssertion\",\"afterAssertion\",\"beforeFeature\",\"beforeScenario\",\"beforeStep\",\"afterStep\",\"afterScenario\",\"afterFeature\",\"_\",\"suite\",\"$0\",\"ignoredWorkerServices\",\"wdi5\"]"}]}
COMMAND: POST /session/1fb9db11838ffc8960fc9c9ba3f7ba06/execute/async - {"script":"<script> [21126 bytes]","args":[35000]}
RESULT: {"script":"<script> [21126 bytes]","args":[35000]}
COMMAND: POST /session/1fb9db11838ffc8960fc9c9ba3f7ba06/execute/async - {"script":"<script> [1562 bytes]","args":[{"selector":{"controlType":"sap.m.SearchField","viewName":"etm.portal.ui.managehandovers.view.MasterHO","bindingPath":{"path":"","propertyPath":"/_BASIC_SEARCH_FIELD","modelName":"fi1t3rM0d31"},"interaction":{"idSuffix":"I"}},"wdio_ui5_key":"etmportal.ui.managehandovers.view.MasterHOsap.m.SearchField{\"path\":\"\",\"propertyPath\":\"/_BASIC_SEARCH_FIELD\",\"modelName\":\"fi1t3rM0d31\"}"}]}
RESULT: {"script":"<script> [1562 bytes]","args":[{"selector":{"controlType":"sap.m.SearchField","viewName":"etm.portal.ui.managehandovers.view.MasterHO","bindingPath":{"path":"","propertyPath":"/_BASIC_SEARCH_FIELD","modelName":"fi1t3rM0d31"},"interaction":{"idSuffix":"I"}},"wdio_ui5_key":"etmportal.ui.managehandovers.view.MasterHOsap.m.SearchField{\"path\":\"\",\"propertyPath\":\"/_BASIC_SEARCH_FIELD\",\"modelName\":\"fi1t3rM0d31\"}"}]}
RESULT: undefined
COMMAND: POST /session/1fb9db11838ffc8960fc9c9ba3f7ba06/execute/async - {"script":"<script> [776 bytes]","args":[{"enterText":"30297","selector":{"controlType":"sap.m.SearchField","viewName":"etm.portal.ui.managehandovers.view.MasterHO","bindingPath":{"path":"","propertyPath":"/_BASIC_SEARCH_FIELD","modelName":"fi1t3rM0d31"},"interaction":{"idSuffix":"I"}},"clearTextFirst":true,"interactionType":"ENTER_TEXT"}]}
RESULT: {"script":"<script> [776 bytes]","args":[{"enterText":"30297","selector":{"controlType":"sap.m.SearchField","viewName":"etm.portal.ui.managehandovers.view.MasterHO","bindingPath":{"path":"","propertyPath":"/_BASIC_SEARCH_FIELD","modelName":"fi1t3rM0d31"},"interaction":{"idSuffix":"I"}},"clearTextFirst":true,"interactionType":"ENTER_TEXT"}]}
COMMAND: POST /session/1fb9db11838ffc8960fc9c9ba3f7ba06/actions - {"actions":[{"id":"action28","type":"key","parameters":{},"actions":[{"type":"keyDown","value":"î€‡"},{"type":"pause","duration":10},{"type":"keyUp","value":"î€‡"}]}]}
RESULT: {"actions":[{"id":"action28","type":"key","parameters":{},"actions":[{"type":"keyDown","value":"î€‡"},{"type":"pause","duration":10},{"type":"keyUp","value":"î€‡"}]}]}
COMMAND: GET /session/1fb9db11838ffc8960fc9c9ba3f7ba06/screenshot - {}
RESULT: {}
COMMAND: POST /session/1fb9db11838ffc8960fc9c9ba3f7ba06/execute/async - {"script":"<script> [1562 bytes]","args":[{"selector":{"controlType":"sap.m.Title","viewName":"etm.portal.ui.managehandovers.view.MasterHO","properties":{"text":"Records (1)"}},"wdio_ui5_key":"etmportal.ui.managehandovers.view.MasterHOsap.m.Title{\"text\":\"Records (1)\"}"}]}
RESULT: {"script":"<script> [1562 bytes]","args":[{"selector":{"controlType":"sap.m.Title","viewName":"etm.portal.ui.managehandovers.view.MasterHO","properties":{"text":"Records (1)"}},"wdio_ui5_key":"etmportal.ui.managehandovers.view.MasterHOsap.m.Title{\"text\":\"Records (1)\"}"}]}
RESULT: undefined
COMMAND: POST /session/1fb9db11838ffc8960fc9c9ba3f7ba06/execute/async - {"script":"<script> [6424 bytes]","args":[{"element-6066-11e4-a52e-4f735466cecf":"f.03C4E35034780EC6FC2906822C03C136.d.1F66B04F06D2B68105C15D011C494944.e.11243"},"getText",[]]}
RESULT: {"script":"<script> [6424 bytes]","args":[{"element-6066-11e4-a52e-4f735466cecf":"f.03C4E35034780EC6FC2906822C03C136.d.1F66B04F06D2B68105C15D011C494944.e.11243"},"getText",[]]}
COMMAND: POST /session/1fb9db11838ffc8960fc9c9ba3f7ba06/execute/async - {"script":"<script> [1562 bytes]","args":[{"selector":{"controlType":"sap.ui.core.Icon","viewName":"etm.portal.ui.managehandovers.view.MasterHO","properties":{"src":{"regex":{"source":"slim\\-arrow\\-right"}}}},"wdio_ui5_key":"etmportal.ui.managehandovers.view.MasterHOsap.ui.core.Icon{\"src\":{\"regex\":{\"source\":\"slim\\\\-arrow\\\\-right\"}}}"}]}
RESULT: {"script":"<script> [1562 bytes]","args":[{"selector":{"controlType":"sap.ui.core.Icon","viewName":"etm.portal.ui.managehandovers.view.MasterHO","properties":{"src":{"regex":{"source":"slim\\-arrow\\-right"}}}},"wdio_ui5_key":"etmportal.ui.managehandovers.view.MasterHOsap.ui.core.Icon{\"src\":{\"regex\":{\"source\":\"slim\\\\-arrow\\\\-right\"}}}"}]}
RESULT: undefined
COMMAND: POST /session/1fb9db11838ffc8960fc9c9ba3f7ba06/element - {"using":"xpath","value":"//*[@id=\"__item32-__clone16-imgNav\"]"}
RESULT: {"using":"xpath","value":"//*[@id=\"__item32-__clone16-imgNav\"]"}
COMMAND: POST /session/1fb9db11838ffc8960fc9c9ba3f7ba06/element/f.03C4E35034780EC6FC2906822C03C136.d.1F66B04F06D2B68105C15D011C494944.e.11242/click - {}
RESULT: {}
COMMAND: GET /session/1fb9db11838ffc8960fc9c9ba3f7ba06/screenshot - {}
RESULT: {}
COMMAND: POST /session/1fb9db11838ffc8960fc9c9ba3f7ba06/execute/async - {"script":"<script> [1562 bytes]","args":[{"selector":{"controlType":"sap.m.ObjectStatus","viewName":"etm.portal.ui.managehandovers.view.DetailExecuteHO","labelFor":{"text":"Status"}},"wdio_ui5_key":"etmportal.ui.managehandovers.view.DetailExecuteHOsap.m.ObjectStatus{\"text\":\"Status\"}"}]}
RESULT: {"script":"<script> [1562 bytes]","args":[{"selector":{"controlType":"sap.m.ObjectStatus","viewName":"etm.portal.ui.managehandovers.view.DetailExecuteHO","labelFor":{"text":"Status"}},"wdio_ui5_key":"etmportal.ui.managehandovers.view.DetailExecuteHOsap.m.ObjectStatus{\"text\":\"Status\"}"}]}
RESULT: undefined
COMMAND: POST /session/1fb9db11838ffc8960fc9c9ba3f7ba06/execute/async - {"script":"<script> [6424 bytes]","args":[{"element-6066-11e4-a52e-4f735466cecf":"f.03C4E35034780EC6FC2906822C03C136.d.1F66B04F06D2B68105C15D011C494944.e.11342"},"getText",[]]}
RESULT: {"script":"<script> [6424 bytes]","args":[{"element-6066-11e4-a52e-4f735466cecf":"f.03C4E35034780EC6FC2906822C03C136.d.1F66B04F06D2B68105C15D011C494944.e.11342"},"getText",[]]}
COMMAND: POST /session/1fb9db11838ffc8960fc9c9ba3f7ba06/execute/async - {"script":"<script> [1562 bytes]","args":[{"selector":{"controlType":"sap.m.Button","viewName":"etm.portal.ui.managehandovers.view.DetailExecuteHO","i18NText":{"propertyName":"text","key":"confirmAll"},"interaction":{"idSuffix":"BDI-content"}},"wdio_ui5_key":"etmportal.ui.managehandovers.view.DetailExecuteHOsap.m.Button{\"propertyName\":\"text\",\"key\":\"confirmAll\"}"}]}
RESULT: {"script":"<script> [1562 bytes]","args":[{"selector":{"controlType":"sap.m.Button","viewName":"etm.portal.ui.managehandovers.view.DetailExecuteHO","i18NText":{"propertyName":"text","key":"confirmAll"},"interaction":{"idSuffix":"BDI-content"}},"wdio_ui5_key":"etmportal.ui.managehandovers.view.DetailExecuteHOsap.m.Button{\"propertyName\":\"text\",\"key\":\"confirmAll\"}"}]}
RESULT: undefined
COMMAND: POST /session/1fb9db11838ffc8960fc9c9ba3f7ba06/element - {"using":"xpath","value":"//*[@id=\"__button30\"]"}
RESULT: {"using":"xpath","value":"//*[@id=\"__button30\"]"}
COMMAND: POST /session/1fb9db11838ffc8960fc9c9ba3f7ba06/element/f.03C4E35034780EC6FC2906822C03C136.d.1F66B04F06D2B68105C15D011C494944.e.11346/click - {}
RESULT: {}
COMMAND: GET /session/1fb9db11838ffc8960fc9c9ba3f7ba06/screenshot - {}
RESULT: {}
COMMAND: POST /session/1fb9db11838ffc8960fc9c9ba3f7ba06/execute/async - {"script":"<script> [1562 bytes]","args":[{"selector":{"controlType":"sap.m.Button","properties":{"text":"OK"},"searchOpenDialogs":true,"interaction":{"idSuffix":"BDI-content"}},"wdio_ui5_key":"sapm.Button{\"text\":\"OK\"}"}]}
RESULT: {"script":"<script> [1562 bytes]","args":[{"selector":{"controlType":"sap.m.Button","properties":{"text":"OK"},"searchOpenDialogs":true,"interaction":{"idSuffix":"BDI-content"}},"wdio_ui5_key":"sapm.Button{\"text\":\"OK\"}"}]}
RESULT: undefined
COMMAND: POST /session/1fb9db11838ffc8960fc9c9ba3f7ba06/element - {"using":"xpath","value":"//*[@id=\"__mbox-btn-0\"]"}
RESULT: {"using":"xpath","value":"//*[@id=\"__mbox-btn-0\"]"}
COMMAND: POST /session/1fb9db11838ffc8960fc9c9ba3f7ba06/element/f.03C4E35034780EC6FC2906822C03C136.d.1F66B04F06D2B68105C15D011C494944.e.11347/click - {}
RESULT: {}
COMMAND: GET /session/1fb9db11838ffc8960fc9c9ba3f7ba06/screenshot - {}
RESULT: {}
COMMAND: POST /session/1fb9db11838ffc8960fc9c9ba3f7ba06/element - {"using":"xpath","value":"//button[contains(@data-kt ,\"execHoReceiveFooterButton\")]"}
RESULT: {"using":"xpath","value":"//button[contains(@data-kt ,\"execHoReceiveFooterButton\")]"}
COMMAND: POST /session/1fb9db11838ffc8960fc9c9ba3f7ba06/element/f.03C4E35034780EC6FC2906822C03C136.d.1F66B04F06D2B68105C15D011C494944.e.11297/click - {}
RESULT: {}
COMMAND: GET /session/1fb9db11838ffc8960fc9c9ba3f7ba06/screenshot - {}
RESULT: {}
COMMAND: POST /session/1fb9db11838ffc8960fc9c9ba3f7ba06/refresh - {}
RESULT: {}
COMMAND: GET /session/1fb9db11838ffc8960fc9c9ba3f7ba06/screenshot - {}
RESULT: {}
COMMAND: POST /session/1fb9db11838ffc8960fc9c9ba3f7ba06/refresh - {}
RESULT: {}
COMMAND: GET /session/1fb9db11838ffc8960fc9c9ba3f7ba06/screenshot - {}
RESULT: {}
COMMAND: POST /session/1fb9db11838ffc8960fc9c9ba3f7ba06/window/fullscreen - {}
RESULT: {}
COMMAND: POST /session/1fb9db11838ffc8960fc9c9ba3f7ba06/execute/async - {"script":"<script> [189 bytes]","args":[]}
RESULT: {"script":"<script> [189 bytes]","args":[]}
COMMAND: POST /session/1fb9db11838ffc8960fc9c9ba3f7ba06/execute/async - {"script":"<script> [123 bytes]","args":[]}
RESULT: {"script":"<script> [123 bytes]","args":[]}
COMMAND: POST /session/1fb9db11838ffc8960fc9c9ba3f7ba06/timeouts - {"script":"<number>"}
RESULT: {"script":"<number>"}
COMMAND: GET /session/1fb9db11838ffc8960fc9c9ba3f7ba06/timeouts - {}
RESULT: {}
RESULT: undefined
COMMAND: POST /session/1fb9db11838ffc8960fc9c9ba3f7ba06/execute/async - {"script":"<script> [2676 bytes]","args":[]}
RESULT: {"script":"<script> [2676 bytes]","args":[]}
COMMAND: POST /session/1fb9db11838ffc8960fc9c9ba3f7ba06/execute/async - {"script":"<script> [2342 bytes]","args":[{"protocol":"http","hostname":"0.0.0.0","path":"/","capabilities":{"browserName":"chrome","goog:chromeOptions":{"binary":"C:\\Program Files\\Google\\Chrome\\Application\\chrome.exe","args":["--start-maximized"]}},"logLevel":"warn","connectionRetryTimeout":120000,"connectionRetryCount":3,"logLevels":{},"enableDirectConnect":true,"strictSSL":true,"_":"65 more keys: [\"cacheDir\",\"port\",\"requestedCapabilities\",\"automationProtocol\",\"baseUrl\",\"waitforInterval\",\"waitforTimeout\",\"onReload\",\"beforeCommand\",\"afterCommand\",\"rootDir\",\"specs\",\"suites\",\"exclude\",\"groupLogsByTestSpec\",\"excludeDriverLogs\",\"bail\",\"framework\",\"reporters\",\"services\",\"maxInstances\",\"maxInstancesPerCapability\",\"injectGlobals\",\"filesToWatch\",\"execArgv\",\"runnerEnv\",\"runner\",\"shard\",\"specFileRetries\",\"specFileRetriesDelay\",\"specFileRetriesDeferred\",\"reporterSyncInterval\",\"reporterSyncTimeout\",\"cucumberFeaturesWithLineNumbers\",\"autoCompileOpts\",\"mochaOpts\",\"jasmineOpts\",\"cucumberOpts\",\"onPrepare\",\"onWorkerStart\",\"onWorkerEnd\",\"before\",\"beforeSession\",\"beforeSuite\",\"beforeHook\",\"beforeTest\",\"afterTest\",\"afterHook\",\"afterSuite\",\"afterSession\",\"after\",\"onComplete\",\"beforeAssertion\",\"afterAssertion\",\"beforeFeature\",\"beforeScenario\",\"beforeStep\",\"afterStep\",\"afterScenario\",\"afterFeature\",\"_\",\"suite\",\"$0\",\"ignoredWorkerServices\",\"wdi5\"]"}]}
RESULT: {"script":"<script> [2342 bytes]","args":[{"protocol":"http","hostname":"0.0.0.0","path":"/","capabilities":{"browserName":"chrome","goog:chromeOptions":{"binary":"C:\\Program Files\\Google\\Chrome\\Application\\chrome.exe","args":["--start-maximized"]}},"logLevel":"warn","connectionRetryTimeout":120000,"connectionRetryCount":3,"logLevels":{},"enableDirectConnect":true,"strictSSL":true,"_":"65 more keys: [\"cacheDir\",\"port\",\"requestedCapabilities\",\"automationProtocol\",\"baseUrl\",\"waitforInterval\",\"waitforTimeout\",\"onReload\",\"beforeCommand\",\"afterCommand\",\"rootDir\",\"specs\",\"suites\",\"exclude\",\"groupLogsByTestSpec\",\"excludeDriverLogs\",\"bail\",\"framework\",\"reporters\",\"services\",\"maxInstances\",\"maxInstancesPerCapability\",\"injectGlobals\",\"filesToWatch\",\"execArgv\",\"runnerEnv\",\"runner\",\"shard\",\"specFileRetries\",\"specFileRetriesDelay\",\"specFileRetriesDeferred\",\"reporterSyncInterval\",\"reporterSyncTimeout\",\"cucumberFeaturesWithLineNumbers\",\"autoCompileOpts\",\"mochaOpts\",\"jasmineOpts\",\"cucumberOpts\",\"onPrepare\",\"onWorkerStart\",\"onWorkerEnd\",\"before\",\"beforeSession\",\"beforeSuite\",\"beforeHook\",\"beforeTest\",\"afterTest\",\"afterHook\",\"afterSuite\",\"afterSession\",\"after\",\"onComplete\",\"beforeAssertion\",\"afterAssertion\",\"beforeFeature\",\"beforeScenario\",\"beforeStep\",\"afterStep\",\"afterScenario\",\"afterFeature\",\"_\",\"suite\",\"$0\",\"ignoredWorkerServices\",\"wdi5\"]"}]}
COMMAND: POST /session/1fb9db11838ffc8960fc9c9ba3f7ba06/execute/async - {"script":"<script> [21126 bytes]","args":[35000]}
RESULT: {"script":"<script> [21126 bytes]","args":[35000]}
COMMAND: POST /session/1fb9db11838ffc8960fc9c9ba3f7ba06/execute/async - {"script":"<script> [1562 bytes]","args":[{"selector":{"controlType":"sap.m.SearchField","viewName":"etm.portal.ui.managehandovers.view.MasterHO","bindingPath":{"path":"","propertyPath":"/_BASIC_SEARCH_FIELD","modelName":"fi1t3rM0d31"},"interaction":{"idSuffix":"I"}},"wdio_ui5_key":"etmportal.ui.managehandovers.view.MasterHOsap.m.SearchField{\"path\":\"\",\"propertyPath\":\"/_BASIC_SEARCH_FIELD\",\"modelName\":\"fi1t3rM0d31\"}"}]}
RESULT: {"script":"<script> [1562 bytes]","args":[{"selector":{"controlType":"sap.m.SearchField","viewName":"etm.portal.ui.managehandovers.view.MasterHO","bindingPath":{"path":"","propertyPath":"/_BASIC_SEARCH_FIELD","modelName":"fi1t3rM0d31"},"interaction":{"idSuffix":"I"}},"wdio_ui5_key":"etmportal.ui.managehandovers.view.MasterHOsap.m.SearchField{\"path\":\"\",\"propertyPath\":\"/_BASIC_SEARCH_FIELD\",\"modelName\":\"fi1t3rM0d31\"}"}]}
RESULT: undefined
COMMAND: POST /session/1fb9db11838ffc8960fc9c9ba3f7ba06/execute/async - {"script":"<script> [776 bytes]","args":[{"enterText":"30297","selector":{"controlType":"sap.m.SearchField","viewName":"etm.portal.ui.managehandovers.view.MasterHO","bindingPath":{"path":"","propertyPath":"/_BASIC_SEARCH_FIELD","modelName":"fi1t3rM0d31"},"interaction":{"idSuffix":"I"}},"clearTextFirst":true,"interactionType":"ENTER_TEXT"}]}
RESULT: {"script":"<script> [776 bytes]","args":[{"enterText":"30297","selector":{"controlType":"sap.m.SearchField","viewName":"etm.portal.ui.managehandovers.view.MasterHO","bindingPath":{"path":"","propertyPath":"/_BASIC_SEARCH_FIELD","modelName":"fi1t3rM0d31"},"interaction":{"idSuffix":"I"}},"clearTextFirst":true,"interactionType":"ENTER_TEXT"}]}
COMMAND: POST /session/1fb9db11838ffc8960fc9c9ba3f7ba06/actions - {"actions":[{"id":"action29","type":"key","parameters":{},"actions":[{"type":"keyDown","value":"î€‡"},{"type":"pause","duration":10},{"type":"keyUp","value":"î€‡"}]}]}
RESULT: {"actions":[{"id":"action29","type":"key","parameters":{},"actions":[{"type":"keyDown","value":"î€‡"},{"type":"pause","duration":10},{"type":"keyUp","value":"î€‡"}]}]}
COMMAND: GET /session/1fb9db11838ffc8960fc9c9ba3f7ba06/screenshot - {}
RESULT: {}
COMMAND: POST /session/1fb9db11838ffc8960fc9c9ba3f7ba06/execute/async - {"script":"<script> [1562 bytes]","args":[{"selector":{"controlType":"sap.m.Title","viewName":"etm.portal.ui.managehandovers.view.MasterHO","properties":{"text":"Records (1)"}},"wdio_ui5_key":"etmportal.ui.managehandovers.view.MasterHOsap.m.Title{\"text\":\"Records (1)\"}"}]}
RESULT: {"script":"<script> [1562 bytes]","args":[{"selector":{"controlType":"sap.m.Title","viewName":"etm.portal.ui.managehandovers.view.MasterHO","properties":{"text":"Records (1)"}},"wdio_ui5_key":"etmportal.ui.managehandovers.view.MasterHOsap.m.Title{\"text\":\"Records (1)\"}"}]}
RESULT: undefined
COMMAND: POST /session/1fb9db11838ffc8960fc9c9ba3f7ba06/execute/async - {"script":"<script> [6424 bytes]","args":[{"element-6066-11e4-a52e-4f735466cecf":"f.03C4E35034780EC6FC2906822C03C136.d.973939A7C8FEBFBD3C7CD078A91B700D.e.11514"},"getText",[]]}
RESULT: {"script":"<script> [6424 bytes]","args":[{"element-6066-11e4-a52e-4f735466cecf":"f.03C4E35034780EC6FC2906822C03C136.d.973939A7C8FEBFBD3C7CD078A91B700D.e.11514"},"getText",[]]}
COMMAND: POST /session/1fb9db11838ffc8960fc9c9ba3f7ba06/execute/async - {"script":"<script> [1562 bytes]","args":[{"selector":{"controlType":"sap.ui.core.Icon","viewName":"etm.portal.ui.managehandovers.view.MasterHO","properties":{"src":{"regex":{"source":"slim\\-arrow\\-right"}}}},"wdio_ui5_key":"etmportal.ui.managehandovers.view.MasterHOsap.ui.core.Icon{\"src\":{\"regex\":{\"source\":\"slim\\\\-arrow\\\\-right\"}}}"}]}
RESULT: {"script":"<script> [1562 bytes]","args":[{"selector":{"controlType":"sap.ui.core.Icon","viewName":"etm.portal.ui.managehandovers.view.MasterHO","properties":{"src":{"regex":{"source":"slim\\-arrow\\-right"}}}},"wdio_ui5_key":"etmportal.ui.managehandovers.view.MasterHOsap.ui.core.Icon{\"src\":{\"regex\":{\"source\":\"slim\\\\-arrow\\\\-right\"}}}"}]}
RESULT: undefined
COMMAND: POST /session/1fb9db11838ffc8960fc9c9ba3f7ba06/element - {"using":"xpath","value":"//*[@id=\"__item30-__clone16-imgNav\"]"}
RESULT: {"using":"xpath","value":"//*[@id=\"__item30-__clone16-imgNav\"]"}
COMMAND: POST /session/1fb9db11838ffc8960fc9c9ba3f7ba06/element/f.03C4E35034780EC6FC2906822C03C136.d.973939A7C8FEBFBD3C7CD078A91B700D.e.11513/click - {}
RESULT: {}
COMMAND: GET /session/1fb9db11838ffc8960fc9c9ba3f7ba06/screenshot - {}
RESULT: {}
COMMAND: POST /session/1fb9db11838ffc8960fc9c9ba3f7ba06/execute/async - {"script":"<script> [1562 bytes]","args":[{"selector":{"controlType":"sap.m.ObjectStatus","viewName":"etm.portal.ui.managehandovers.view.DetailManageHO","viewId":"application-managehandovers-display-component---detailManageHO","labelFor":{"text":"Status"}},"wdio_ui5_key":"etmportal.ui.managehandovers.view.DetailManageHOsap.m.ObjectStatus{\"text\":\"Status\"}"}]}
RESULT: {"script":"<script> [1562 bytes]","args":[{"selector":{"controlType":"sap.m.ObjectStatus","viewName":"etm.portal.ui.managehandovers.view.DetailManageHO","viewId":"application-managehandovers-display-component---detailManageHO","labelFor":{"text":"Status"}},"wdio_ui5_key":"etmportal.ui.managehandovers.view.DetailManageHOsap.m.ObjectStatus{\"text\":\"Status\"}"}]}
RESULT: undefined
COMMAND: POST /session/1fb9db11838ffc8960fc9c9ba3f7ba06/execute/async - {"script":"<script> [6424 bytes]","args":[{"element-6066-11e4-a52e-4f735466cecf":"f.03C4E35034780EC6FC2906822C03C136.d.973939A7C8FEBFBD3C7CD078A91B700D.e.11604"},"getText",[]]}
RESULT: {"script":"<script> [6424 bytes]","args":[{"element-6066-11e4-a52e-4f735466cecf":"f.03C4E35034780EC6FC2906822C03C136.d.973939A7C8FEBFBD3C7CD078A91B700D.e.11604"},"getText",[]]}
COMMAND: POST /session/1fb9db11838ffc8960fc9c9ba3f7ba06/element - {"using":"xpath","value":"//a[contains(@data-kt ,\"GeneralSectionReceiveContracttLink\")]"}
RESULT: {"using":"xpath","value":"//a[contains(@data-kt ,\"GeneralSectionReceiveContracttLink\")]"}
COMMAND: POST /session/1fb9db11838ffc8960fc9c9ba3f7ba06/element/f.03C4E35034780EC6FC2906822C03C136.d.973939A7C8FEBFBD3C7CD078A91B700D.e.11605/click - {}
RESULT: {}
COMMAND: GET /session/1fb9db11838ffc8960fc9c9ba3f7ba06/screenshot - {}
RESULT: {}
COMMAND: POST /session/1fb9db11838ffc8960fc9c9ba3f7ba06/element - {"using":"xpath","value":"//a[contains(@data-kt ,\"ContextMenuId2Link\")]"}
RESULT: {"using":"xpath","value":"//a[contains(@data-kt ,\"ContextMenuId2Link\")]"}
COMMAND: POST /session/1fb9db11838ffc8960fc9c9ba3f7ba06/element/f.03C4E35034780EC6FC2906822C03C136.d.973939A7C8FEBFBD3C7CD078A91B700D.e.11608/click - {}
RESULT: {}
COMMAND: GET /session/1fb9db11838ffc8960fc9c9ba3f7ba06/screenshot - {}
RESULT: {}
COMMAND: POST /session/1fb9db11838ffc8960fc9c9ba3f7ba06/execute/async - {"script":"<script> [1562 bytes]","args":[{"selector":{"controlType":"sap.m.ObjectStatus","viewName":"etm.portal.ui.managecontracts.view.Detail","bindingPath":{"propertyPath":"LINK_TO_LOGISTICAL_STATUS/DESCRIPTION","modelName":"catalogModel"}},"wdio_ui5_key":"etmportal.ui.managecontracts.view.Detailsap.m.ObjectStatus{\"propertyPath\":\"LINK_TO_LOGISTICAL_STATUS/DESCRIPTION\",\"modelName\":\"catalogModel\"}"}]}
RESULT: {"script":"<script> [1562 bytes]","args":[{"selector":{"controlType":"sap.m.ObjectStatus","viewName":"etm.portal.ui.managecontracts.view.Detail","bindingPath":{"propertyPath":"LINK_TO_LOGISTICAL_STATUS/DESCRIPTION","modelName":"catalogModel"}},"wdio_ui5_key":"etmportal.ui.managecontracts.view.Detailsap.m.ObjectStatus{\"propertyPath\":\"LINK_TO_LOGISTICAL_STATUS/DESCRIPTION\",\"modelName\":\"catalogModel\"}"}]}
RESULT: undefined
COMMAND: POST /session/1fb9db11838ffc8960fc9c9ba3f7ba06/execute/async - {"script":"<script> [6424 bytes]","args":[{"element-6066-11e4-a52e-4f735466cecf":"f.03C4E35034780EC6FC2906822C03C136.d.973939A7C8FEBFBD3C7CD078A91B700D.e.11851"},"getText",[]]}
RESULT: {"script":"<script> [6424 bytes]","args":[{"element-6066-11e4-a52e-4f735466cecf":"f.03C4E35034780EC6FC2906822C03C136.d.973939A7C8FEBFBD3C7CD078A91B700D.e.11851"},"getText",[]]}
COMMAND: POST /session/1fb9db11838ffc8960fc9c9ba3f7ba06/execute/async - {"script":"<script> [1562 bytes]","args":[{"selector":{"controlType":"sap.m.ObjectStatus","viewName":"etm.portal.ui.managecontracts.view.Detail","bindingPath":{"propertyPath":"LINK_TO_COMMERCIAL_STATUS/DESCRIPTION","modelName":"catalogModel"}},"wdio_ui5_key":"etmportal.ui.managecontracts.view.Detailsap.m.ObjectStatus{\"propertyPath\":\"LINK_TO_COMMERCIAL_STATUS/DESCRIPTION\",\"modelName\":\"catalogModel\"}"}]}
RESULT: {"script":"<script> [1562 bytes]","args":[{"selector":{"controlType":"sap.m.ObjectStatus","viewName":"etm.portal.ui.managecontracts.view.Detail","bindingPath":{"propertyPath":"LINK_TO_COMMERCIAL_STATUS/DESCRIPTION","modelName":"catalogModel"}},"wdio_ui5_key":"etmportal.ui.managecontracts.view.Detailsap.m.ObjectStatus{\"propertyPath\":\"LINK_TO_COMMERCIAL_STATUS/DESCRIPTION\",\"modelName\":\"catalogModel\"}"}]}
RESULT: undefined
COMMAND: POST /session/1fb9db11838ffc8960fc9c9ba3f7ba06/execute/async - {"script":"<script> [6424 bytes]","args":[{"element-6066-11e4-a52e-4f735466cecf":"f.03C4E35034780EC6FC2906822C03C136.d.973939A7C8FEBFBD3C7CD078A91B700D.e.11852"},"getText",[]]}
RESULT: {"script":"<script> [6424 bytes]","args":[{"element-6066-11e4-a52e-4f735466cecf":"f.03C4E35034780EC6FC2906822C03C136.d.973939A7C8FEBFBD3C7CD078A91B700D.e.11852"},"getText",[]]}
]]></system-out>
    </testcase>
    <testcase classname="chrome.135_0_7049_96.windows.E2E_-_Logistical_and_commercial_statuses" name="It should follow the handover steps to the status fully returned" time="234.661">
      <system-out><![CDATA[
COMMAND: POST /session/1fb9db11838ffc8960fc9c9ba3f7ba06/execute/async - {"script":"<script> [1562 bytes]","args":[{"selector":{"id":"contractDetailReturnButton","viewName":"etm.portal.ui.managecontracts.view.Detail","interaction":{"idSuffix":"BDI-content"}},"wdio_ui5_key":"contractDetailReturnButtonetmportal.ui.managecontracts.view.Detail"}]}
RESULT: {"script":"<script> [1562 bytes]","args":[{"selector":{"id":"contractDetailReturnButton","viewName":"etm.portal.ui.managecontracts.view.Detail","interaction":{"idSuffix":"BDI-content"}},"wdio_ui5_key":"contractDetailReturnButtonetmportal.ui.managecontracts.view.Detail"}]}
RESULT: undefined
COMMAND: POST /session/1fb9db11838ffc8960fc9c9ba3f7ba06/element - {"using":"xpath","value":"//*[@id=\"__xmlview2--contractDetailReturnButton\"]"}
RESULT: {"using":"xpath","value":"//*[@id=\"__xmlview2--contractDetailReturnButton\"]"}
COMMAND: POST /session/1fb9db11838ffc8960fc9c9ba3f7ba06/element/f.03C4E35034780EC6FC2906822C03C136.d.973939A7C8FEBFBD3C7CD078A91B700D.e.11733/click - {}
RESULT: {}
COMMAND: POST /session/1fb9db11838ffc8960fc9c9ba3f7ba06/execute/async - {"script":"<script> [1562 bytes]","args":[{"selector":{"id":"application-managehandovers-display-component---AddNewHO--dueDate","interaction":{"idSuffix":"inner"}},"wdio_ui5_key":"applicationmanagehandovers-display-component---AddNewHO--dueDate"}]}
COMMAND: GET /session/1fb9db11838ffc8960fc9c9ba3f7ba06/screenshot - {}
RESULT: {"script":"<script> [1562 bytes]","args":[{"selector":{"id":"application-managehandovers-display-component---AddNewHO--dueDate","interaction":{"idSuffix":"inner"}},"wdio_ui5_key":"applicationmanagehandovers-display-component---AddNewHO--dueDate"}]}
RESULT: undefined
COMMAND: POST /session/1fb9db11838ffc8960fc9c9ba3f7ba06/execute/async - {"script":"<script> [776 bytes]","args":[{"enterText":"04/25/25","selector":{"id":"application-managehandovers-display-component---AddNewHO--dueDate","interaction":{"idSuffix":"inner"}},"clearTextFirst":true,"interactionType":"ENTER_TEXT"}]}
RESULT: {}
RESULT: {"script":"<script> [776 bytes]","args":[{"enterText":"04/25/25","selector":{"id":"application-managehandovers-display-component---AddNewHO--dueDate","interaction":{"idSuffix":"inner"}},"clearTextFirst":true,"interactionType":"ENTER_TEXT"}]}
COMMAND: POST /session/1fb9db11838ffc8960fc9c9ba3f7ba06/element - {"using":"xpath","value":"//bdi[contains(@id ,\"application-managehandovers-display-component---AddNewHO--ObjectPageLayout-anchBar-application-managehandovers-display-component---AddNewHO--section4-anchor-BDI-content\")]"}
RESULT: {"using":"xpath","value":"//bdi[contains(@id ,\"application-managehandovers-display-component---AddNewHO--ObjectPageLayout-anchBar-application-managehandovers-display-component---AddNewHO--section4-anchor-BDI-content\")]"}
COMMAND: POST /session/1fb9db11838ffc8960fc9c9ba3f7ba06/element/f.03C4E35034780EC6FC2906822C03C136.d.973939A7C8FEBFBD3C7CD078A91B700D.e.12184/click - {}
RESULT: {}
COMMAND: GET /session/1fb9db11838ffc8960fc9c9ba3f7ba06/screenshot - {}
RESULT: {}
COMMAND: POST /session/1fb9db11838ffc8960fc9c9ba3f7ba06/element - {"using":"xpath","value":"//button[contains(@data-kt ,\"AddNewHOProvideAddItemsButton\")]"}
RESULT: {"using":"xpath","value":"//button[contains(@data-kt ,\"AddNewHOProvideAddItemsButton\")]"}
COMMAND: POST /session/1fb9db11838ffc8960fc9c9ba3f7ba06/element/f.03C4E35034780EC6FC2906822C03C136.d.973939A7C8FEBFBD3C7CD078A91B700D.e.11972/click - {}
RESULT: {}
COMMAND: GET /session/1fb9db11838ffc8960fc9c9ba3f7ba06/screenshot - {}
RESULT: {}
COMMAND: POST /session/1fb9db11838ffc8960fc9c9ba3f7ba06/execute/async - {"script":"<script> [1562 bytes]","args":[{"selector":{"id":"application-managehandovers-display-component---AddNewHO--popup-sa","searchOpenDialogs":true,"interaction":{"idSuffix":"CbBg"}},"wdio_ui5_key":"applicationmanagehandovers-display-component---AddNewHO--popup-sa"}]}
RESULT: {"script":"<script> [1562 bytes]","args":[{"selector":{"id":"application-managehandovers-display-component---AddNewHO--popup-sa","searchOpenDialogs":true,"interaction":{"idSuffix":"CbBg"}},"wdio_ui5_key":"applicationmanagehandovers-display-component---AddNewHO--popup-sa"}]}
RESULT: undefined
COMMAND: POST /session/1fb9db11838ffc8960fc9c9ba3f7ba06/element - {"using":"xpath","value":"//*[@id=\"application-managehandovers-display-component---AddNewHO--popup-sa\"]"}
RESULT: {"using":"xpath","value":"//*[@id=\"application-managehandovers-display-component---AddNewHO--popup-sa\"]"}
COMMAND: POST /session/1fb9db11838ffc8960fc9c9ba3f7ba06/element/f.03C4E35034780EC6FC2906822C03C136.d.973939A7C8FEBFBD3C7CD078A91B700D.e.12197/click - {}
RESULT: {}
COMMAND: POST /session/1fb9db11838ffc8960fc9c9ba3f7ba06/execute/async - {"script":"<script> [1562 bytes]","args":[{"selector":{"controlType":"sap.m.Button","viewName":"etm.portal.ui.managehandovers.view.AddNewHO","viewId":"application-managehandovers-display-component---AddNewHO","i18NText":{"propertyName":"text","key":"select"},"searchOpenDialogs":true,"interaction":{"idSuffix":"BDI-content"}},"wdio_ui5_key":"etmportal.ui.managehandovers.view.AddNewHOsap.m.Button{\"propertyName\":\"text\",\"key\":\"select\"}"}]}
COMMAND: GET /session/1fb9db11838ffc8960fc9c9ba3f7ba06/screenshot - {}
RESULT: {"script":"<script> [1562 bytes]","args":[{"selector":{"controlType":"sap.m.Button","viewName":"etm.portal.ui.managehandovers.view.AddNewHO","viewId":"application-managehandovers-display-component---AddNewHO","i18NText":{"propertyName":"text","key":"select"},"searchOpenDialogs":true,"interaction":{"idSuffix":"BDI-content"}},"wdio_ui5_key":"etmportal.ui.managehandovers.view.AddNewHOsap.m.Button{\"propertyName\":\"text\",\"key\":\"select\"}"}]}
RESULT: undefined
COMMAND: POST /session/1fb9db11838ffc8960fc9c9ba3f7ba06/element - {"using":"xpath","value":"//*[@id=\"__button60\"]"}
RESULT: {}
RESULT: {"using":"xpath","value":"//*[@id=\"__button60\"]"}
COMMAND: POST /session/1fb9db11838ffc8960fc9c9ba3f7ba06/element/f.03C4E35034780EC6FC2906822C03C136.d.973939A7C8FEBFBD3C7CD078A91B700D.e.12200/click - {}
RESULT: {}
COMMAND: GET /session/1fb9db11838ffc8960fc9c9ba3f7ba06/screenshot - {}
RESULT: {}
COMMAND: POST /session/1fb9db11838ffc8960fc9c9ba3f7ba06/execute/async - {"script":"<script> [1562 bytes]","args":[{"selector":{"id":"application-managehandovers-display-component---AddNewHO--confirmCreationButton","interaction":{"idSuffix":"BDI-content"}},"wdio_ui5_key":"applicationmanagehandovers-display-component---AddNewHO--confirmCreationButton"}]}
RESULT: {"script":"<script> [1562 bytes]","args":[{"selector":{"id":"application-managehandovers-display-component---AddNewHO--confirmCreationButton","interaction":{"idSuffix":"BDI-content"}},"wdio_ui5_key":"applicationmanagehandovers-display-component---AddNewHO--confirmCreationButton"}]}
RESULT: undefined
COMMAND: POST /session/1fb9db11838ffc8960fc9c9ba3f7ba06/element - {"using":"xpath","value":"//*[@id=\"application-managehandovers-display-component---AddNewHO--confirmCreationButton\"]"}
RESULT: {"using":"xpath","value":"//*[@id=\"application-managehandovers-display-component---AddNewHO--confirmCreationButton\"]"}
COMMAND: POST /session/1fb9db11838ffc8960fc9c9ba3f7ba06/element/f.03C4E35034780EC6FC2906822C03C136.d.973939A7C8FEBFBD3C7CD078A91B700D.e.11979/click - {}
RESULT: {}
COMMAND: GET /session/1fb9db11838ffc8960fc9c9ba3f7ba06/screenshot - {}
RESULT: {}
COMMAND: POST /session/1fb9db11838ffc8960fc9c9ba3f7ba06/execute/async - {"script":"<script> [1562 bytes]","args":[{"selector":{"controlType":"sap.m.Text","viewName":"etm.portal.ui.managehandovers.view.DetailExecuteHO","bindingPath":{"propertyPath":"NO","modelName":"catalogModel"}},"wdio_ui5_key":"etmportal.ui.managehandovers.view.DetailExecuteHOsap.m.Text{\"propertyPath\":\"NO\",\"modelName\":\"catalogModel\"}"}]}
RESULT: {"script":"<script> [1562 bytes]","args":[{"selector":{"controlType":"sap.m.Text","viewName":"etm.portal.ui.managehandovers.view.DetailExecuteHO","bindingPath":{"propertyPath":"NO","modelName":"catalogModel"}},"wdio_ui5_key":"etmportal.ui.managehandovers.view.DetailExecuteHOsap.m.Text{\"propertyPath\":\"NO\",\"modelName\":\"catalogModel\"}"}]}
RESULT: undefined
COMMAND: POST /session/1fb9db11838ffc8960fc9c9ba3f7ba06/execute/async - {"script":"<script> [6424 bytes]","args":[{"element-6066-11e4-a52e-4f735466cecf":"f.03C4E35034780EC6FC2906822C03C136.d.973939A7C8FEBFBD3C7CD078A91B700D.e.12256"},"getText",[]]}
RESULT: {"script":"<script> [6424 bytes]","args":[{"element-6066-11e4-a52e-4f735466cecf":"f.03C4E35034780EC6FC2906822C03C136.d.973939A7C8FEBFBD3C7CD078A91B700D.e.12256"},"getText",[]]}
COMMAND: POST /session/1fb9db11838ffc8960fc9c9ba3f7ba06/element - {"using":"xpath","value":"//a[contains(@data-kt ,\"GeneralSectionSendContractLink\")]"}
RESULT: {"using":"xpath","value":"//a[contains(@data-kt ,\"GeneralSectionSendContractLink\")]"}
COMMAND: POST /session/1fb9db11838ffc8960fc9c9ba3f7ba06/element/f.03C4E35034780EC6FC2906822C03C136.d.973939A7C8FEBFBD3C7CD078A91B700D.e.12257/click - {}
RESULT: {}
COMMAND: GET /session/1fb9db11838ffc8960fc9c9ba3f7ba06/screenshot - {}
RESULT: {}
COMMAND: POST /session/1fb9db11838ffc8960fc9c9ba3f7ba06/element - {"using":"xpath","value":"//a[contains(@data-kt ,\"ContextMenuId2Link\")]"}
RESULT: {"using":"xpath","value":"//a[contains(@data-kt ,\"ContextMenuId2Link\")]"}
COMMAND: POST /session/1fb9db11838ffc8960fc9c9ba3f7ba06/elements - {"using":"xpath","value":"//a[contains(@data-kt ,\"ContextMenuId2Link\")]"}
RESULT: {"using":"xpath","value":"//a[contains(@data-kt ,\"ContextMenuId2Link\")]"}
COMMAND: POST /session/1fb9db11838ffc8960fc9c9ba3f7ba06/element/f.03C4E35034780EC6FC2906822C03C136.d.973939A7C8FEBFBD3C7CD078A91B700D.e.12260/click - {}
RESULT: {}
COMMAND: GET /session/1fb9db11838ffc8960fc9c9ba3f7ba06/screenshot - {}
RESULT: {}
COMMAND: POST /session/1fb9db11838ffc8960fc9c9ba3f7ba06/execute/async - {"script":"<script> [1562 bytes]","args":[{"selector":{"controlType":"sap.m.Link","viewName":"etm.portal.ui.managehandovers.view.DetailExecuteHO","properties":{"text":"Contract Overview"},"searchOpenDialogs":true},"wdio_ui5_key":"etmportal.ui.managehandovers.view.DetailExecuteHOsap.m.Link{\"text\":\"Contract Overview\"}"}]}
RESULT: {"script":"<script> [1562 bytes]","args":[{"selector":{"controlType":"sap.m.Link","viewName":"etm.portal.ui.managehandovers.view.DetailExecuteHO","properties":{"text":"Contract Overview"},"searchOpenDialogs":true},"wdio_ui5_key":"etmportal.ui.managehandovers.view.DetailExecuteHOsap.m.Link{\"text\":\"Contract Overview\"}"}]}
RESULT: undefined
RESULT: undefined
COMMAND: POST /session/1fb9db11838ffc8960fc9c9ba3f7ba06/execute/async - {"script":"<script> [6424 bytes]","args":[{"element-6066-11e4-a52e-4f735466cecf":"f.03C4E35034780EC6FC2906822C03C136.d.973939A7C8FEBFBD3C7CD078A91B700D.e.11851"},"getText",[]]}
COMMAND: POST /session/1fb9db11838ffc8960fc9c9ba3f7ba06/execute/async - {"script":"<script> [1562 bytes]","args":[{"selector":{"controlType":"sap.m.ObjectStatus","viewName":"etm.portal.ui.managecontracts.view.Detail","bindingPath":{"propertyPath":"LINK_TO_LOGISTICAL_STATUS/DESCRIPTION","modelName":"catalogModel"}},"wdio_ui5_key":"etmportal.ui.managecontracts.view.Detailsap.m.ObjectStatus{\"propertyPath\":\"LINK_TO_LOGISTICAL_STATUS/DESCRIPTION\",\"modelName\":\"catalogModel\"}"}]}
RESULT: {"script":"<script> [1562 bytes]","args":[{"selector":{"controlType":"sap.m.ObjectStatus","viewName":"etm.portal.ui.managecontracts.view.Detail","bindingPath":{"propertyPath":"LINK_TO_LOGISTICAL_STATUS/DESCRIPTION","modelName":"catalogModel"}},"wdio_ui5_key":"etmportal.ui.managecontracts.view.Detailsap.m.ObjectStatus{\"propertyPath\":\"LINK_TO_LOGISTICAL_STATUS/DESCRIPTION\",\"modelName\":\"catalogModel\"}"}]}
COMMAND: POST /session/1fb9db11838ffc8960fc9c9ba3f7ba06/execute/async - {"script":"<script> [6424 bytes]","args":[{"element-6066-11e4-a52e-4f735466cecf":"f.03C4E35034780EC6FC2906822C03C136.d.973939A7C8FEBFBD3C7CD078A91B700D.e.12484"},"getText",[]]}
RESULT: {"script":"<script> [6424 bytes]","args":[{"element-6066-11e4-a52e-4f735466cecf":"f.03C4E35034780EC6FC2906822C03C136.d.973939A7C8FEBFBD3C7CD078A91B700D.e.12484"},"getText",[]]}
RESULT: undefined
COMMAND: POST /session/1fb9db11838ffc8960fc9c9ba3f7ba06/execute/async - {"script":"<script> [6424 bytes]","args":[{"element-6066-11e4-a52e-4f735466cecf":"f.03C4E35034780EC6FC2906822C03C136.d.973939A7C8FEBFBD3C7CD078A91B700D.e.11852"},"getText",[]]}
COMMAND: POST /session/1fb9db11838ffc8960fc9c9ba3f7ba06/execute/async - {"script":"<script> [1562 bytes]","args":[{"selector":{"controlType":"sap.m.ObjectStatus","viewName":"etm.portal.ui.managecontracts.view.Detail","bindingPath":{"propertyPath":"LINK_TO_COMMERCIAL_STATUS/DESCRIPTION","modelName":"catalogModel"}},"wdio_ui5_key":"etmportal.ui.managecontracts.view.Detailsap.m.ObjectStatus{\"propertyPath\":\"LINK_TO_COMMERCIAL_STATUS/DESCRIPTION\",\"modelName\":\"catalogModel\"}"}]}
RESULT: {"script":"<script> [1562 bytes]","args":[{"selector":{"controlType":"sap.m.ObjectStatus","viewName":"etm.portal.ui.managecontracts.view.Detail","bindingPath":{"propertyPath":"LINK_TO_COMMERCIAL_STATUS/DESCRIPTION","modelName":"catalogModel"}},"wdio_ui5_key":"etmportal.ui.managecontracts.view.Detailsap.m.ObjectStatus{\"propertyPath\":\"LINK_TO_COMMERCIAL_STATUS/DESCRIPTION\",\"modelName\":\"catalogModel\"}"}]}
COMMAND: POST /session/1fb9db11838ffc8960fc9c9ba3f7ba06/execute/async - {"script":"<script> [6424 bytes]","args":[{"element-6066-11e4-a52e-4f735466cecf":"f.03C4E35034780EC6FC2906822C03C136.d.973939A7C8FEBFBD3C7CD078A91B700D.e.12485"},"getText",[]]}
RESULT: {"script":"<script> [6424 bytes]","args":[{"element-6066-11e4-a52e-4f735466cecf":"f.03C4E35034780EC6FC2906822C03C136.d.973939A7C8FEBFBD3C7CD078A91B700D.e.12485"},"getText",[]]}
COMMAND: POST /session/1fb9db11838ffc8960fc9c9ba3f7ba06/execute/async - {"script":"<script> [1562 bytes]","args":[{"selector":{"id":"backBtn"},"wdio_ui5_key":"backBtn"}]}
RESULT: {"script":"<script> [1562 bytes]","args":[{"selector":{"id":"backBtn"},"wdio_ui5_key":"backBtn"}]}
RESULT: undefined
COMMAND: POST /session/1fb9db11838ffc8960fc9c9ba3f7ba06/element - {"using":"xpath","value":"//*[@id=\"backBtn\"]"}
RESULT: {"using":"xpath","value":"//*[@id=\"backBtn\"]"}
COMMAND: POST /session/1fb9db11838ffc8960fc9c9ba3f7ba06/element/f.03C4E35034780EC6FC2906822C03C136.d.973939A7C8FEBFBD3C7CD078A91B700D.e.12486/click - {}
RESULT: {}
COMMAND: GET /session/1fb9db11838ffc8960fc9c9ba3f7ba06/screenshot - {}
COMMAND: POST /session/1fb9db11838ffc8960fc9c9ba3f7ba06/execute/async - {"script":"<script> [1562 bytes]","args":[{"selector":{"controlType":"sap.m.Button","viewName":"etm.portal.ui.managehandovers.view.DetailExecuteHO","i18NText":{"propertyName":"text","key":"confirmAll"},"interaction":{"idSuffix":"BDI-content"}},"wdio_ui5_key":"etmportal.ui.managehandovers.view.DetailExecuteHOsap.m.Button{\"propertyName\":\"text\",\"key\":\"confirmAll\"}"}]}
RESULT: {}
RESULT: {"script":"<script> [1562 bytes]","args":[{"selector":{"controlType":"sap.m.Button","viewName":"etm.portal.ui.managehandovers.view.DetailExecuteHO","i18NText":{"propertyName":"text","key":"confirmAll"},"interaction":{"idSuffix":"BDI-content"}},"wdio_ui5_key":"etmportal.ui.managehandovers.view.DetailExecuteHOsap.m.Button{\"propertyName\":\"text\",\"key\":\"confirmAll\"}"}]}
RESULT: undefined
COMMAND: POST /session/1fb9db11838ffc8960fc9c9ba3f7ba06/element - {"using":"xpath","value":"//*[@id=\"__button143\"]"}
RESULT: {"using":"xpath","value":"//*[@id=\"__button143\"]"}
COMMAND: POST /session/1fb9db11838ffc8960fc9c9ba3f7ba06/element/f.03C4E35034780EC6FC2906822C03C136.d.973939A7C8FEBFBD3C7CD078A91B700D.e.12792/click - {}
RESULT: {}
COMMAND: POST /session/1fb9db11838ffc8960fc9c9ba3f7ba06/execute/async - {"script":"<script> [1562 bytes]","args":[{"selector":{"controlType":"sap.m.Button","properties":{"text":"OK"},"searchOpenDialogs":true,"interaction":{"idSuffix":"BDI-content"}},"wdio_ui5_key":"sapm.Button{\"text\":\"OK\"}"}]}
COMMAND: GET /session/1fb9db11838ffc8960fc9c9ba3f7ba06/screenshot - {}
RESULT: {"script":"<script> [1562 bytes]","args":[{"selector":{"controlType":"sap.m.Button","properties":{"text":"OK"},"searchOpenDialogs":true,"interaction":{"idSuffix":"BDI-content"}},"wdio_ui5_key":"sapm.Button{\"text\":\"OK\"}"}]}
RESULT: undefined
COMMAND: POST /session/1fb9db11838ffc8960fc9c9ba3f7ba06/element - {"using":"xpath","value":"//*[@id=\"__mbox-btn-0\"]"}
RESULT: {}
RESULT: {"using":"xpath","value":"//*[@id=\"__mbox-btn-0\"]"}
COMMAND: POST /session/1fb9db11838ffc8960fc9c9ba3f7ba06/element/f.03C4E35034780EC6FC2906822C03C136.d.973939A7C8FEBFBD3C7CD078A91B700D.e.12793/click - {}
RESULT: {}
COMMAND: GET /session/1fb9db11838ffc8960fc9c9ba3f7ba06/screenshot - {}
RESULT: {}
COMMAND: POST /session/1fb9db11838ffc8960fc9c9ba3f7ba06/element - {"using":"xpath","value":"//button[contains(@data-kt ,\"execHoIssueFooterButton\")]"}
RESULT: {"using":"xpath","value":"//button[contains(@data-kt ,\"execHoIssueFooterButton\")]"}
COMMAND: POST /session/1fb9db11838ffc8960fc9c9ba3f7ba06/element/f.03C4E35034780EC6FC2906822C03C136.d.973939A7C8FEBFBD3C7CD078A91B700D.e.12796/click - {}
RESULT: {}
COMMAND: GET /session/1fb9db11838ffc8960fc9c9ba3f7ba06/screenshot - {}
RESULT: {}
COMMAND: POST /session/1fb9db11838ffc8960fc9c9ba3f7ba06/refresh - {}
RESULT: {}
COMMAND: GET /session/1fb9db11838ffc8960fc9c9ba3f7ba06/screenshot - {}
RESULT: {}
COMMAND: POST /session/1fb9db11838ffc8960fc9c9ba3f7ba06/refresh - {}
RESULT: {}
COMMAND: GET /session/1fb9db11838ffc8960fc9c9ba3f7ba06/screenshot - {}
RESULT: {}
COMMAND: POST /session/1fb9db11838ffc8960fc9c9ba3f7ba06/window/fullscreen - {}
RESULT: {}
COMMAND: POST /session/1fb9db11838ffc8960fc9c9ba3f7ba06/execute/async - {"script":"<script> [189 bytes]","args":[]}
RESULT: {"script":"<script> [189 bytes]","args":[]}
COMMAND: POST /session/1fb9db11838ffc8960fc9c9ba3f7ba06/execute/async - {"script":"<script> [123 bytes]","args":[]}
RESULT: {"script":"<script> [123 bytes]","args":[]}
COMMAND: POST /session/1fb9db11838ffc8960fc9c9ba3f7ba06/timeouts - {"script":"<number>"}
RESULT: {"script":"<number>"}
COMMAND: GET /session/1fb9db11838ffc8960fc9c9ba3f7ba06/timeouts - {}
RESULT: {}
RESULT: undefined
COMMAND: POST /session/1fb9db11838ffc8960fc9c9ba3f7ba06/execute/async - {"script":"<script> [2676 bytes]","args":[]}
RESULT: {"script":"<script> [2676 bytes]","args":[]}
COMMAND: POST /session/1fb9db11838ffc8960fc9c9ba3f7ba06/execute/async - {"script":"<script> [2342 bytes]","args":[{"protocol":"http","hostname":"0.0.0.0","path":"/","capabilities":{"browserName":"chrome","goog:chromeOptions":{"binary":"C:\\Program Files\\Google\\Chrome\\Application\\chrome.exe","args":["--start-maximized"]}},"logLevel":"warn","connectionRetryTimeout":120000,"connectionRetryCount":3,"logLevels":{},"enableDirectConnect":true,"strictSSL":true,"_":"65 more keys: [\"cacheDir\",\"port\",\"requestedCapabilities\",\"automationProtocol\",\"baseUrl\",\"waitforInterval\",\"waitforTimeout\",\"onReload\",\"beforeCommand\",\"afterCommand\",\"rootDir\",\"specs\",\"suites\",\"exclude\",\"groupLogsByTestSpec\",\"excludeDriverLogs\",\"bail\",\"framework\",\"reporters\",\"services\",\"maxInstances\",\"maxInstancesPerCapability\",\"injectGlobals\",\"filesToWatch\",\"execArgv\",\"runnerEnv\",\"runner\",\"shard\",\"specFileRetries\",\"specFileRetriesDelay\",\"specFileRetriesDeferred\",\"reporterSyncInterval\",\"reporterSyncTimeout\",\"cucumberFeaturesWithLineNumbers\",\"autoCompileOpts\",\"mochaOpts\",\"jasmineOpts\",\"cucumberOpts\",\"onPrepare\",\"onWorkerStart\",\"onWorkerEnd\",\"before\",\"beforeSession\",\"beforeSuite\",\"beforeHook\",\"beforeTest\",\"afterTest\",\"afterHook\",\"afterSuite\",\"afterSession\",\"after\",\"onComplete\",\"beforeAssertion\",\"afterAssertion\",\"beforeFeature\",\"beforeScenario\",\"beforeStep\",\"afterStep\",\"afterScenario\",\"afterFeature\",\"_\",\"suite\",\"$0\",\"ignoredWorkerServices\",\"wdi5\"]"}]}
RESULT: {"script":"<script> [2342 bytes]","args":[{"protocol":"http","hostname":"0.0.0.0","path":"/","capabilities":{"browserName":"chrome","goog:chromeOptions":{"binary":"C:\\Program Files\\Google\\Chrome\\Application\\chrome.exe","args":["--start-maximized"]}},"logLevel":"warn","connectionRetryTimeout":120000,"connectionRetryCount":3,"logLevels":{},"enableDirectConnect":true,"strictSSL":true,"_":"65 more keys: [\"cacheDir\",\"port\",\"requestedCapabilities\",\"automationProtocol\",\"baseUrl\",\"waitforInterval\",\"waitforTimeout\",\"onReload\",\"beforeCommand\",\"afterCommand\",\"rootDir\",\"specs\",\"suites\",\"exclude\",\"groupLogsByTestSpec\",\"excludeDriverLogs\",\"bail\",\"framework\",\"reporters\",\"services\",\"maxInstances\",\"maxInstancesPerCapability\",\"injectGlobals\",\"filesToWatch\",\"execArgv\",\"runnerEnv\",\"runner\",\"shard\",\"specFileRetries\",\"specFileRetriesDelay\",\"specFileRetriesDeferred\",\"reporterSyncInterval\",\"reporterSyncTimeout\",\"cucumberFeaturesWithLineNumbers\",\"autoCompileOpts\",\"mochaOpts\",\"jasmineOpts\",\"cucumberOpts\",\"onPrepare\",\"onWorkerStart\",\"onWorkerEnd\",\"before\",\"beforeSession\",\"beforeSuite\",\"beforeHook\",\"beforeTest\",\"afterTest\",\"afterHook\",\"afterSuite\",\"afterSession\",\"after\",\"onComplete\",\"beforeAssertion\",\"afterAssertion\",\"beforeFeature\",\"beforeScenario\",\"beforeStep\",\"afterStep\",\"afterScenario\",\"afterFeature\",\"_\",\"suite\",\"$0\",\"ignoredWorkerServices\",\"wdi5\"]"}]}
COMMAND: POST /session/1fb9db11838ffc8960fc9c9ba3f7ba06/execute/async - {"script":"<script> [21126 bytes]","args":[35000]}
RESULT: {"script":"<script> [21126 bytes]","args":[35000]}
COMMAND: POST /session/1fb9db11838ffc8960fc9c9ba3f7ba06/execute/async - {"script":"<script> [1562 bytes]","args":[{"selector":{"controlType":"sap.m.SearchField","viewName":"etm.portal.ui.managehandovers.view.MasterHO","bindingPath":{"path":"","propertyPath":"/_BASIC_SEARCH_FIELD","modelName":"fi1t3rM0d31"},"interaction":{"idSuffix":"I"}},"wdio_ui5_key":"etmportal.ui.managehandovers.view.MasterHOsap.m.SearchField{\"path\":\"\",\"propertyPath\":\"/_BASIC_SEARCH_FIELD\",\"modelName\":\"fi1t3rM0d31\"}"}]}
RESULT: {"script":"<script> [1562 bytes]","args":[{"selector":{"controlType":"sap.m.SearchField","viewName":"etm.portal.ui.managehandovers.view.MasterHO","bindingPath":{"path":"","propertyPath":"/_BASIC_SEARCH_FIELD","modelName":"fi1t3rM0d31"},"interaction":{"idSuffix":"I"}},"wdio_ui5_key":"etmportal.ui.managehandovers.view.MasterHOsap.m.SearchField{\"path\":\"\",\"propertyPath\":\"/_BASIC_SEARCH_FIELD\",\"modelName\":\"fi1t3rM0d31\"}"}]}
RESULT: undefined
COMMAND: POST /session/1fb9db11838ffc8960fc9c9ba3f7ba06/execute/async - {"script":"<script> [776 bytes]","args":[{"enterText":"30298","selector":{"controlType":"sap.m.SearchField","viewName":"etm.portal.ui.managehandovers.view.MasterHO","bindingPath":{"path":"","propertyPath":"/_BASIC_SEARCH_FIELD","modelName":"fi1t3rM0d31"},"interaction":{"idSuffix":"I"}},"clearTextFirst":true,"interactionType":"ENTER_TEXT"}]}
RESULT: {"script":"<script> [776 bytes]","args":[{"enterText":"30298","selector":{"controlType":"sap.m.SearchField","viewName":"etm.portal.ui.managehandovers.view.MasterHO","bindingPath":{"path":"","propertyPath":"/_BASIC_SEARCH_FIELD","modelName":"fi1t3rM0d31"},"interaction":{"idSuffix":"I"}},"clearTextFirst":true,"interactionType":"ENTER_TEXT"}]}
COMMAND: POST /session/1fb9db11838ffc8960fc9c9ba3f7ba06/actions - {"actions":[{"id":"action30","type":"key","parameters":{},"actions":[{"type":"keyDown","value":"î€‡"},{"type":"pause","duration":10},{"type":"keyUp","value":"î€‡"}]}]}
RESULT: {"actions":[{"id":"action30","type":"key","parameters":{},"actions":[{"type":"keyDown","value":"î€‡"},{"type":"pause","duration":10},{"type":"keyUp","value":"î€‡"}]}]}
COMMAND: GET /session/1fb9db11838ffc8960fc9c9ba3f7ba06/screenshot - {}
RESULT: {}
COMMAND: POST /session/1fb9db11838ffc8960fc9c9ba3f7ba06/execute/async - {"script":"<script> [1562 bytes]","args":[{"selector":{"controlType":"sap.m.Title","viewName":"etm.portal.ui.managehandovers.view.MasterHO","properties":{"text":"Records (1)"}},"wdio_ui5_key":"etmportal.ui.managehandovers.view.MasterHOsap.m.Title{\"text\":\"Records (1)\"}"}]}
RESULT: {"script":"<script> [1562 bytes]","args":[{"selector":{"controlType":"sap.m.Title","viewName":"etm.portal.ui.managehandovers.view.MasterHO","properties":{"text":"Records (1)"}},"wdio_ui5_key":"etmportal.ui.managehandovers.view.MasterHOsap.m.Title{\"text\":\"Records (1)\"}"}]}
RESULT: undefined
COMMAND: POST /session/1fb9db11838ffc8960fc9c9ba3f7ba06/execute/async - {"script":"<script> [6424 bytes]","args":[{"element-6066-11e4-a52e-4f735466cecf":"f.03C4E35034780EC6FC2906822C03C136.d.255669131E79B6CCEB5717D55994D027.e.12984"},"getText",[]]}
RESULT: {"script":"<script> [6424 bytes]","args":[{"element-6066-11e4-a52e-4f735466cecf":"f.03C4E35034780EC6FC2906822C03C136.d.255669131E79B6CCEB5717D55994D027.e.12984"},"getText",[]]}
COMMAND: POST /session/1fb9db11838ffc8960fc9c9ba3f7ba06/execute/async - {"script":"<script> [1562 bytes]","args":[{"selector":{"controlType":"sap.ui.core.Icon","viewName":"etm.portal.ui.managehandovers.view.MasterHO","properties":{"src":{"regex":{"source":"slim\\-arrow\\-right"}}}},"wdio_ui5_key":"etmportal.ui.managehandovers.view.MasterHOsap.ui.core.Icon{\"src\":{\"regex\":{\"source\":\"slim\\\\-arrow\\\\-right\"}}}"}]}
RESULT: {"script":"<script> [1562 bytes]","args":[{"selector":{"controlType":"sap.ui.core.Icon","viewName":"etm.portal.ui.managehandovers.view.MasterHO","properties":{"src":{"regex":{"source":"slim\\-arrow\\-right"}}}},"wdio_ui5_key":"etmportal.ui.managehandovers.view.MasterHOsap.ui.core.Icon{\"src\":{\"regex\":{\"source\":\"slim\\\\-arrow\\\\-right\"}}}"}]}
RESULT: undefined
COMMAND: POST /session/1fb9db11838ffc8960fc9c9ba3f7ba06/element - {"using":"xpath","value":"//*[@id=\"__item22-__clone16-imgNav\"]"}
RESULT: {"using":"xpath","value":"//*[@id=\"__item22-__clone16-imgNav\"]"}
COMMAND: POST /session/1fb9db11838ffc8960fc9c9ba3f7ba06/element/f.03C4E35034780EC6FC2906822C03C136.d.255669131E79B6CCEB5717D55994D027.e.12983/click - {}
RESULT: {}
COMMAND: GET /session/1fb9db11838ffc8960fc9c9ba3f7ba06/screenshot - {}
RESULT: {}
COMMAND: POST /session/1fb9db11838ffc8960fc9c9ba3f7ba06/execute/async - {"script":"<script> [1562 bytes]","args":[{"selector":{"controlType":"sap.m.ObjectStatus","viewName":"etm.portal.ui.managehandovers.view.DetailManageHO","viewId":"application-managehandovers-display-component---detailManageHO","labelFor":{"text":"Status"}},"wdio_ui5_key":"etmportal.ui.managehandovers.view.DetailManageHOsap.m.ObjectStatus{\"text\":\"Status\"}"}]}
RESULT: {"script":"<script> [1562 bytes]","args":[{"selector":{"controlType":"sap.m.ObjectStatus","viewName":"etm.portal.ui.managehandovers.view.DetailManageHO","viewId":"application-managehandovers-display-component---detailManageHO","labelFor":{"text":"Status"}},"wdio_ui5_key":"etmportal.ui.managehandovers.view.DetailManageHOsap.m.ObjectStatus{\"text\":\"Status\"}"}]}
RESULT: undefined
COMMAND: POST /session/1fb9db11838ffc8960fc9c9ba3f7ba06/execute/async - {"script":"<script> [6424 bytes]","args":[{"element-6066-11e4-a52e-4f735466cecf":"f.03C4E35034780EC6FC2906822C03C136.d.255669131E79B6CCEB5717D55994D027.e.13074"},"getText",[]]}
RESULT: {"script":"<script> [6424 bytes]","args":[{"element-6066-11e4-a52e-4f735466cecf":"f.03C4E35034780EC6FC2906822C03C136.d.255669131E79B6CCEB5717D55994D027.e.13074"},"getText",[]]}
COMMAND: POST /session/1fb9db11838ffc8960fc9c9ba3f7ba06/element - {"using":"xpath","value":"//a[contains(@data-kt ,\"GeneralSectionSendContractLink\")]"}
RESULT: {"using":"xpath","value":"//a[contains(@data-kt ,\"GeneralSectionSendContractLink\")]"}
COMMAND: POST /session/1fb9db11838ffc8960fc9c9ba3f7ba06/element/f.03C4E35034780EC6FC2906822C03C136.d.255669131E79B6CCEB5717D55994D027.e.13075/click - {}
RESULT: {}
COMMAND: GET /session/1fb9db11838ffc8960fc9c9ba3f7ba06/screenshot - {}
RESULT: {}
COMMAND: POST /session/1fb9db11838ffc8960fc9c9ba3f7ba06/elements - {"using":"xpath","value":"//a[contains(@data-kt ,\"ContextMenuId2Link\")]"}
RESULT: {"using":"xpath","value":"//a[contains(@data-kt ,\"ContextMenuId2Link\")]"}
COMMAND: POST /session/1fb9db11838ffc8960fc9c9ba3f7ba06/element/f.03C4E35034780EC6FC2906822C03C136.d.973939A7C8FEBFBD3C7CD078A91B700D.e.12260/click - {}
COMMAND: POST /session/1fb9db11838ffc8960fc9c9ba3f7ba06/element - {"using":"xpath","value":"//a[contains(@data-kt ,\"ContextMenuId2Link\")]"}
RESULT: {"using":"xpath","value":"//a[contains(@data-kt ,\"ContextMenuId2Link\")]"}
COMMAND: POST /session/1fb9db11838ffc8960fc9c9ba3f7ba06/element/f.03C4E35034780EC6FC2906822C03C136.d.973939A7C8FEBFBD3C7CD078A91B700D.e.12260/click - {}
COMMAND: POST /session/1fb9db11838ffc8960fc9c9ba3f7ba06/element - {"using":"xpath","value":"//a[contains(@data-kt ,\"ContextMenuId2Link\")]"}
RESULT: {"using":"xpath","value":"//a[contains(@data-kt ,\"ContextMenuId2Link\")]"}
COMMAND: POST /session/1fb9db11838ffc8960fc9c9ba3f7ba06/element/f.03C4E35034780EC6FC2906822C03C136.d.255669131E79B6CCEB5717D55994D027.e.13078/click - {}
RESULT: {}
COMMAND: GET /session/1fb9db11838ffc8960fc9c9ba3f7ba06/screenshot - {}
RESULT: {}
COMMAND: POST /session/1fb9db11838ffc8960fc9c9ba3f7ba06/execute/async - {"script":"<script> [1562 bytes]","args":[{"selector":{"controlType":"sap.m.ObjectStatus","viewName":"etm.portal.ui.managecontracts.view.Detail","bindingPath":{"propertyPath":"LINK_TO_COMMERCIAL_STATUS/DESCRIPTION","modelName":"catalogModel"}},"wdio_ui5_key":"etmportal.ui.managecontracts.view.Detailsap.m.ObjectStatus{\"propertyPath\":\"LINK_TO_COMMERCIAL_STATUS/DESCRIPTION\",\"modelName\":\"catalogModel\"}"}]}
RESULT: {"script":"<script> [1562 bytes]","args":[{"selector":{"controlType":"sap.m.ObjectStatus","viewName":"etm.portal.ui.managecontracts.view.Detail","bindingPath":{"propertyPath":"LINK_TO_COMMERCIAL_STATUS/DESCRIPTION","modelName":"catalogModel"}},"wdio_ui5_key":"etmportal.ui.managecontracts.view.Detailsap.m.ObjectStatus{\"propertyPath\":\"LINK_TO_COMMERCIAL_STATUS/DESCRIPTION\",\"modelName\":\"catalogModel\"}"}]}
RESULT: undefined
COMMAND: POST /session/1fb9db11838ffc8960fc9c9ba3f7ba06/execute/async - {"script":"<script> [6424 bytes]","args":[{"element-6066-11e4-a52e-4f735466cecf":"f.03C4E35034780EC6FC2906822C03C136.d.255669131E79B6CCEB5717D55994D027.e.13302"},"getText",[]]}
RESULT: {"script":"<script> [6424 bytes]","args":[{"element-6066-11e4-a52e-4f735466cecf":"f.03C4E35034780EC6FC2906822C03C136.d.255669131E79B6CCEB5717D55994D027.e.13302"},"getText",[]]}
COMMAND: POST /session/1fb9db11838ffc8960fc9c9ba3f7ba06/execute/async - {"script":"<script> [1562 bytes]","args":[{"selector":{"controlType":"sap.m.ObjectStatus","viewName":"etm.portal.ui.managecontracts.view.Detail","bindingPath":{"propertyPath":"LINK_TO_LOGISTICAL_STATUS/DESCRIPTION","modelName":"catalogModel"}},"wdio_ui5_key":"etmportal.ui.managecontracts.view.Detailsap.m.ObjectStatus{\"propertyPath\":\"LINK_TO_LOGISTICAL_STATUS/DESCRIPTION\",\"modelName\":\"catalogModel\"}"}]}
RESULT: {"script":"<script> [1562 bytes]","args":[{"selector":{"controlType":"sap.m.ObjectStatus","viewName":"etm.portal.ui.managecontracts.view.Detail","bindingPath":{"propertyPath":"LINK_TO_LOGISTICAL_STATUS/DESCRIPTION","modelName":"catalogModel"}},"wdio_ui5_key":"etmportal.ui.managecontracts.view.Detailsap.m.ObjectStatus{\"propertyPath\":\"LINK_TO_LOGISTICAL_STATUS/DESCRIPTION\",\"modelName\":\"catalogModel\"}"}]}
RESULT: undefined
COMMAND: POST /session/1fb9db11838ffc8960fc9c9ba3f7ba06/execute/async - {"script":"<script> [6424 bytes]","args":[{"element-6066-11e4-a52e-4f735466cecf":"f.03C4E35034780EC6FC2906822C03C136.d.255669131E79B6CCEB5717D55994D027.e.13303"},"getText",[]]}
RESULT: {"script":"<script> [6424 bytes]","args":[{"element-6066-11e4-a52e-4f735466cecf":"f.03C4E35034780EC6FC2906822C03C136.d.255669131E79B6CCEB5717D55994D027.e.13303"},"getText",[]]}
COMMAND: POST /session/1fb9db11838ffc8960fc9c9ba3f7ba06/element - {"using":"xpath","value":"//button[@data-kt=\"contractDetailEditBtnButton\"]"}
RESULT: {"using":"xpath","value":"//button[@data-kt=\"contractDetailEditBtnButton\"]"}
COMMAND: POST /session/1fb9db11838ffc8960fc9c9ba3f7ba06/element/f.03C4E35034780EC6FC2906822C03C136.d.255669131E79B6CCEB5717D55994D027.e.13140/click - {}
RESULT: {}
COMMAND: GET /session/1fb9db11838ffc8960fc9c9ba3f7ba06/screenshot - {}
RESULT: {}
COMMAND: POST /session/1fb9db11838ffc8960fc9c9ba3f7ba06/element - {"using":"xpath","value":"(//span[contains(text(), \"Additional Addresses\")])[2]"}
RESULT: {"using":"xpath","value":"(//span[contains(text(), \"Additional Addresses\")])[2]"}
COMMAND: POST /session/1fb9db11838ffc8960fc9c9ba3f7ba06/element/f.03C4E35034780EC6FC2906822C03C136.d.255669131E79B6CCEB5717D55994D027.e.13361/click - {}
RESULT: {}
COMMAND: GET /session/1fb9db11838ffc8960fc9c9ba3f7ba06/screenshot - {}
RESULT: {}
COMMAND: POST /session/1fb9db11838ffc8960fc9c9ba3f7ba06/element - {"using":"xpath","value":"//button[@data-kt=\"btnAddTableRowOverflowToolbarButton\"]"}
RESULT: {"using":"xpath","value":"//button[@data-kt=\"btnAddTableRowOverflowToolbarButton\"]"}
COMMAND: POST /session/1fb9db11838ffc8960fc9c9ba3f7ba06/element/f.03C4E35034780EC6FC2906822C03C136.d.255669131E79B6CCEB5717D55994D027.e.13365/click - {}
RESULT: {}
COMMAND: GET /session/1fb9db11838ffc8960fc9c9ba3f7ba06/screenshot - {}
RESULT: {}
COMMAND: POST /session/1fb9db11838ffc8960fc9c9ba3f7ba06/element - {"using":"xpath","value":"//div[(text() = 'Standard Entry' or . = 'Standard Entry')]"}
RESULT: {"using":"xpath","value":"//div[(text() = 'Standard Entry' or . = 'Standard Entry')]"}
COMMAND: POST /session/1fb9db11838ffc8960fc9c9ba3f7ba06/element/f.03C4E35034780EC6FC2906822C03C136.d.255669131E79B6CCEB5717D55994D027.e.13367/click - {}
RESULT: {}
COMMAND: POST /session/1fb9db11838ffc8960fc9c9ba3f7ba06/execute/async - {"script":"<script> [1562 bytes]","args":[{"selector":{"controlType":"sap.ui.core.Icon","viewName":"etm.portal.ui.managecontracts.view.EditContract","properties":{"src":{"regex":{"source":"slim\\-arrow\\-down"}}},"ancestor":{"controlType":"sap.m.ComboBox","viewName":"etm.portal.ui.managecontracts.view.EditContract","bindingPath":{"propertyPath":"RU_TYPE","modelName":"catalogModel"}}},"wdio_ui5_key":"etmportal.ui.managecontracts.view.EditContractsap.ui.core.Icon{\"src\":{\"regex\":{\"source\":\"slim\\\\-arrow\\\\-down\"}}}{\"controlType\":\"sap.m.ComboBox\",\"viewName\":\"etm.portal.ui.managecontracts.view.EditContract\",\"bindingPath\":{\"propertyPath\":\"RU_TYPE\",\"modelName\":\"catalogModel\"}}"}]}
COMMAND: GET /session/1fb9db11838ffc8960fc9c9ba3f7ba06/screenshot - {}
RESULT: {"script":"<script> [1562 bytes]","args":[{"selector":{"controlType":"sap.ui.core.Icon","viewName":"etm.portal.ui.managecontracts.view.EditContract","properties":{"src":{"regex":{"source":"slim\\-arrow\\-down"}}},"ancestor":{"controlType":"sap.m.ComboBox","viewName":"etm.portal.ui.managecontracts.view.EditContract","bindingPath":{"propertyPath":"RU_TYPE","modelName":"catalogModel"}}},"wdio_ui5_key":"etmportal.ui.managecontracts.view.EditContractsap.ui.core.Icon{\"src\":{\"regex\":{\"source\":\"slim\\\\-arrow\\\\-down\"}}}{\"controlType\":\"sap.m.ComboBox\",\"viewName\":\"etm.portal.ui.managecontracts.view.EditContract\",\"bindingPath\":{\"propertyPath\":\"RU_TYPE\",\"modelName\":\"catalogModel\"}}"}]}
RESULT: undefined
COMMAND: POST /session/1fb9db11838ffc8960fc9c9ba3f7ba06/element - {"using":"xpath","value":"//*[@id=\"__box20-arrow\"]"}
RESULT: {}
RESULT: {"using":"xpath","value":"//*[@id=\"__box20-arrow\"]"}
COMMAND: POST /session/1fb9db11838ffc8960fc9c9ba3f7ba06/element/f.03C4E35034780EC6FC2906822C03C136.d.255669131E79B6CCEB5717D55994D027.e.13382/click - {}
RESULT: {}
COMMAND: POST /session/1fb9db11838ffc8960fc9c9ba3f7ba06/execute/async - {"script":"<script> [1562 bytes]","args":[{"selector":{"controlType":"sap.m.StandardListItem","viewName":"etm.portal.ui.managecontracts.view.EditContract","properties":{"title":"Material"},"searchOpenDialogs":true,"interaction":{"idSuffix":"content"}},"wdio_ui5_key":"etmportal.ui.managecontracts.view.EditContractsap.m.StandardListItem{\"title\":\"Material\"}"}]}
COMMAND: GET /session/1fb9db11838ffc8960fc9c9ba3f7ba06/screenshot - {}
RESULT: {"script":"<script> [1562 bytes]","args":[{"selector":{"controlType":"sap.m.StandardListItem","viewName":"etm.portal.ui.managecontracts.view.EditContract","properties":{"title":"Material"},"searchOpenDialogs":true,"interaction":{"idSuffix":"content"}},"wdio_ui5_key":"etmportal.ui.managecontracts.view.EditContractsap.m.StandardListItem{\"title\":\"Material\"}"}]}
RESULT: undefined
COMMAND: POST /session/1fb9db11838ffc8960fc9c9ba3f7ba06/element - {"using":"xpath","value":"//*[@id=\"__item96\"]"}
RESULT: {}
RESULT: {"using":"xpath","value":"//*[@id=\"__item96\"]"}
COMMAND: POST /session/1fb9db11838ffc8960fc9c9ba3f7ba06/element/f.03C4E35034780EC6FC2906822C03C136.d.255669131E79B6CCEB5717D55994D027.e.13385/click - {}
RESULT: {}
COMMAND: POST /session/1fb9db11838ffc8960fc9c9ba3f7ba06/element - {"using":"xpath","value":"//td[7]/div/div/input"}
COMMAND: GET /session/1fb9db11838ffc8960fc9c9ba3f7ba06/screenshot - {}
RESULT: {"using":"xpath","value":"//td[7]/div/div/input"}
COMMAND: POST /session/1fb9db11838ffc8960fc9c9ba3f7ba06/element/f.03C4E35034780EC6FC2906822C03C136.d.255669131E79B6CCEB5717D55994D027.e.13388/clear - {}
RESULT: {}
RESULT: {}
COMMAND: POST /session/1fb9db11838ffc8960fc9c9ba3f7ba06/element/f.03C4E35034780EC6FC2906822C03C136.d.255669131E79B6CCEB5717D55994D027.e.13388/value - {"text":"WebdriverRUR2Ca4z3n"}
COMMAND: GET /session/1fb9db11838ffc8960fc9c9ba3f7ba06/screenshot - {}
RESULT: {"text":"WebdriverRUR2Ca4z3n"}
COMMAND: GET /session/1fb9db11838ffc8960fc9c9ba3f7ba06/screenshot - {}
RESULT: {}
RESULT: {}
COMMAND: POST /session/1fb9db11838ffc8960fc9c9ba3f7ba06/actions - {"actions":[{"id":"action31","type":"key","parameters":{},"actions":[{"type":"keyDown","value":"î€‡"},{"type":"pause","duration":10},{"type":"keyUp","value":"î€‡"}]}]}
RESULT: {"actions":[{"id":"action31","type":"key","parameters":{},"actions":[{"type":"keyDown","value":"î€‡"},{"type":"pause","duration":10},{"type":"keyUp","value":"î€‡"}]}]}
COMMAND: GET /session/1fb9db11838ffc8960fc9c9ba3f7ba06/screenshot - {}
RESULT: {}
COMMAND: POST /session/1fb9db11838ffc8960fc9c9ba3f7ba06/element - {"using":"xpath","value":"//button[@data-kt=\"saveButton\"]"}
RESULT: {"using":"xpath","value":"//button[@data-kt=\"saveButton\"]"}
COMMAND: POST /session/1fb9db11838ffc8960fc9c9ba3f7ba06/element/f.03C4E35034780EC6FC2906822C03C136.d.255669131E79B6CCEB5717D55994D027.e.13411/click - {}
RESULT: {}
COMMAND: GET /session/1fb9db11838ffc8960fc9c9ba3f7ba06/screenshot - {}
RESULT: {}
RESULT: undefined
COMMAND: POST /session/1fb9db11838ffc8960fc9c9ba3f7ba06/execute/async - {"script":"<script> [6424 bytes]","args":[{"element-6066-11e4-a52e-4f735466cecf":"f.03C4E35034780EC6FC2906822C03C136.d.255669131E79B6CCEB5717D55994D027.e.13303"},"getText",[]]}
RESULT: {"script":"<script> [6424 bytes]","args":[{"element-6066-11e4-a52e-4f735466cecf":"f.03C4E35034780EC6FC2906822C03C136.d.255669131E79B6CCEB5717D55994D027.e.13303"},"getText",[]]}
COMMAND: DELETE /session/1fb9db11838ffc8960fc9c9ba3f7ba06 - {}
RESULT: {}
]]></system-out>
    </testcase>
  </testsuite>
</testsuites>