<?xml version="1.0" encoding="UTF-8"?>
<testsuites tests="23" failures="0" errors="0" skipped="0">
  <testsuite timestamp="2025-05-25T17:46:00" time="1058.34" tests="6" failures="0" errors="0" skipped="0">
    <properties>
      <property name="specId" value="0"/>
      <property name="suiteName" value="Standard contract - add contract items by Insert Request US118222"/>
      <property name="capabilities" value="chrome.136_0_7103_93.windows"/>
      <property name="file" value="file:///D:/a/1/s/test/specs/R2C/standard-contract-add-contract-items-by-insert-request.spec.js"/>
    </properties>
    <testcase classname="chrome.136_0_7103_93.windows.Standard_contract_-_add_contract_items_by_Insert_Request_US118222" name="Should create prerequisites yard partner site material and equipment" time="292.485">
      <system-out><![CDATA[
COMMAND: POST /session/612db7fa7930bbb36023b099dfe9ab59/execute/async - {"script":"<script> [1562 bytes]","args":[{"selector":{"controlType":"sap.m.GenericTile","properties":{"header":"Manage Yards"}},"wdio_ui5_key":"sapm.GenericTile{\"header\":\"Manage Yards\"}"}]}
RESULT: {"script":"<script> [1562 bytes]","args":[{"selector":{"controlType":"sap.m.GenericTile","properties":{"header":"Manage Yards"}},"wdio_ui5_key":"sapm.GenericTile{\"header\":\"Manage Yards\"}"}]}
RESULT: undefined
COMMAND: POST /session/612db7fa7930bbb36023b099dfe9ab59/element - {"using":"xpath","value":"//*[@id=\"__tile41\"]"}
RESULT: {"using":"xpath","value":"//*[@id=\"__tile41\"]"}
COMMAND: POST /session/612db7fa7930bbb36023b099dfe9ab59/element/f.E3CD5E68D1E1B2FCF6DD50D193150CE1.d.672B223790CFE397EFB5BED1F5F7EE51.e.114/click - {}
RESULT: {}
COMMAND: GET /session/612db7fa7930bbb36023b099dfe9ab59/screenshot - {}
RESULT: {}
COMMAND: POST /session/612db7fa7930bbb36023b099dfe9ab59/elements - {"using":"xpath","value":"//span[text()='Error']"}
RESULT: {"using":"xpath","value":"//span[text()='Error']"}
COMMAND: POST /session/612db7fa7930bbb36023b099dfe9ab59/execute/async - {"script":"<script> [1562 bytes]","args":[{"selector":{"controlType":"sap.ui.core.Icon","viewName":"etm.portal.ui.manageyards.view.Master","viewId":"application-manageyards-display-component---masterYard","properties":{"src":{"regex":{"source":"add"}}}},"wdio_ui5_key":"etmportal.ui.manageyards.view.Mastersap.ui.core.Icon{\"src\":{\"regex\":{\"source\":\"add\"}}}"}]}
RESULT: {"script":"<script> [1562 bytes]","args":[{"selector":{"controlType":"sap.ui.core.Icon","viewName":"etm.portal.ui.manageyards.view.Master","viewId":"application-manageyards-display-component---masterYard","properties":{"src":{"regex":{"source":"add"}}}},"wdio_ui5_key":"etmportal.ui.manageyards.view.Mastersap.ui.core.Icon{\"src\":{\"regex\":{\"source\":\"add\"}}}"}]}
RESULT: undefined
COMMAND: POST /session/612db7fa7930bbb36023b099dfe9ab59/element - {"using":"xpath","value":"//*[@id=\"__button4-img\"]"}
RESULT: {"using":"xpath","value":"//*[@id=\"__button4-img\"]"}
COMMAND: POST /session/612db7fa7930bbb36023b099dfe9ab59/element/f.E3CD5E68D1E1B2FCF6DD50D193150CE1.d.672B223790CFE397EFB5BED1F5F7EE51.e.160/click - {}
RESULT: {}
COMMAND: GET /session/612db7fa7930bbb36023b099dfe9ab59/screenshot - {}
RESULT: {}
COMMAND: POST /session/612db7fa7930bbb36023b099dfe9ab59/execute/async - {"script":"<script> [1562 bytes]","args":[{"selector":{"id":"application-manageyards-display-component---NewYard--yardId","interaction":{"idSuffix":"inner"}},"wdio_ui5_key":"applicationmanageyards-display-component---NewYard--yardId"}]}
RESULT: {"script":"<script> [1562 bytes]","args":[{"selector":{"id":"application-manageyards-display-component---NewYard--yardId","interaction":{"idSuffix":"inner"}},"wdio_ui5_key":"applicationmanageyards-display-component---NewYard--yardId"}]}
RESULT: undefined
COMMAND: POST /session/612db7fa7930bbb36023b099dfe9ab59/element - {"using":"xpath","value":"//*[@id=\"application-manageyards-display-component---NewYard--addressDetailDetailsName1-inner\"]"}
RESULT: {"using":"xpath","value":"//*[@id=\"application-manageyards-display-component---NewYard--addressDetailDetailsName1-inner\"]"}
COMMAND: POST /session/612db7fa7930bbb36023b099dfe9ab59/element/f.E3CD5E68D1E1B2FCF6DD50D193150CE1.d.672B223790CFE397EFB5BED1F5F7EE51.e.390/clear - {}
RESULT: {}
COMMAND: POST /session/612db7fa7930bbb36023b099dfe9ab59/element/f.E3CD5E68D1E1B2FCF6DD50D193150CE1.d.672B223790CFE397EFB5BED1F5F7EE51.e.390/value - {"text":"WebdriverYard90ykt"}
COMMAND: GET /session/612db7fa7930bbb36023b099dfe9ab59/screenshot - {}
RESULT: {"text":"WebdriverYard90ykt"}
COMMAND: POST /session/612db7fa7930bbb36023b099dfe9ab59/element - {"using":"xpath","value":"//*[@id=\"application-manageyards-display-component---NewYard--addressDetailDetailsLanguage-inner\"]"}
COMMAND: GET /session/612db7fa7930bbb36023b099dfe9ab59/screenshot - {}
RESULT: {}
RESULT: {"using":"xpath","value":"//*[@id=\"application-manageyards-display-component---NewYard--addressDetailDetailsLanguage-inner\"]"}
COMMAND: POST /session/612db7fa7930bbb36023b099dfe9ab59/element/f.E3CD5E68D1E1B2FCF6DD50D193150CE1.d.672B223790CFE397EFB5BED1F5F7EE51.e.391/clear - {}
RESULT: {}
RESULT: {}
COMMAND: POST /session/612db7fa7930bbb36023b099dfe9ab59/element/f.E3CD5E68D1E1B2FCF6DD50D193150CE1.d.672B223790CFE397EFB5BED1F5F7EE51.e.391/value - {"text":"Romanian"}
COMMAND: GET /session/612db7fa7930bbb36023b099dfe9ab59/screenshot - {}
RESULT: {"text":"Romanian"}
COMMAND: POST /session/612db7fa7930bbb36023b099dfe9ab59/element - {"using":"xpath","value":"//input[contains(@id ,\"application-manageyards-display-component---NewYard--addressDetailDetailsName1-inner\")]"}
COMMAND: GET /session/612db7fa7930bbb36023b099dfe9ab59/screenshot - {}
RESULT: {}
RESULT: {}
RESULT: {"using":"xpath","value":"//input[contains(@id ,\"application-manageyards-display-component---NewYard--addressDetailDetailsName1-inner\")]"}
COMMAND: GET /session/612db7fa7930bbb36023b099dfe9ab59/element/f.E3CD5E68D1E1B2FCF6DD50D193150CE1.d.672B223790CFE397EFB5BED1F5F7EE51.e.390/property/value - {}
RESULT: {}
COMMAND: GET /session/612db7fa7930bbb36023b099dfe9ab59/screenshot - {}
RESULT: {}
COMMAND: POST /session/612db7fa7930bbb36023b099dfe9ab59/element - {"using":"xpath","value":"//*[@id=\"application-manageyards-display-component---NewYard--addressDetailDetailsCity1-inner\"]"}
RESULT: {"using":"xpath","value":"//*[@id=\"application-manageyards-display-component---NewYard--addressDetailDetailsCity1-inner\"]"}
COMMAND: POST /session/612db7fa7930bbb36023b099dfe9ab59/element/f.E3CD5E68D1E1B2FCF6DD50D193150CE1.d.672B223790CFE397EFB5BED1F5F7EE51.e.393/clear - {}
RESULT: {}
COMMAND: POST /session/612db7fa7930bbb36023b099dfe9ab59/element/f.E3CD5E68D1E1B2FCF6DD50D193150CE1.d.672B223790CFE397EFB5BED1F5F7EE51.e.393/value - {"text":"Bucuresti"}
COMMAND: GET /session/612db7fa7930bbb36023b099dfe9ab59/screenshot - {}
RESULT: {"text":"Bucuresti"}
COMMAND: GET /session/612db7fa7930bbb36023b099dfe9ab59/screenshot - {}
RESULT: {}
RESULT: {}
COMMAND: POST /session/612db7fa7930bbb36023b099dfe9ab59/element - {"using":"xpath","value":"//*[@id=\"application-manageyards-display-component---NewYard--addressDetailDetailsCountry-inner\"]"}
RESULT: {"using":"xpath","value":"//*[@id=\"application-manageyards-display-component---NewYard--addressDetailDetailsCountry-inner\"]"}
COMMAND: POST /session/612db7fa7930bbb36023b099dfe9ab59/element/f.E3CD5E68D1E1B2FCF6DD50D193150CE1.d.672B223790CFE397EFB5BED1F5F7EE51.e.397/clear - {}
RESULT: {}
COMMAND: POST /session/612db7fa7930bbb36023b099dfe9ab59/element/f.E3CD5E68D1E1B2FCF6DD50D193150CE1.d.672B223790CFE397EFB5BED1F5F7EE51.e.397/value - {"text":"Romania"}
COMMAND: GET /session/612db7fa7930bbb36023b099dfe9ab59/screenshot - {}
RESULT: {"text":"Romania"}
COMMAND: GET /session/612db7fa7930bbb36023b099dfe9ab59/screenshot - {}
RESULT: {}
RESULT: {}
COMMAND: POST /session/612db7fa7930bbb36023b099dfe9ab59/element - {"using":"xpath","value":"//div[contains(text(), \"Commercial\")]"}
RESULT: {"using":"xpath","value":"//div[contains(text(), \"Commercial\")]"}
COMMAND: GET /session/612db7fa7930bbb36023b099dfe9ab59/element/f.E3CD5E68D1E1B2FCF6DD50D193150CE1.d.672B223790CFE397EFB5BED1F5F7EE51.e.568/rect - {}
RESULT: {}
COMMAND: GET /session/612db7fa7930bbb36023b099dfe9ab59/window/rect - {}
RESULT: {}
COMMAND: POST /session/612db7fa7930bbb36023b099dfe9ab59/execute/sync - {"script":"<script> [92 bytes]","args":[]}
RESULT: {"script":"<script> [92 bytes]","args":[]}
COMMAND: POST /session/612db7fa7930bbb36023b099dfe9ab59/actions - {"actions":[{"id":"action1","type":"wheel","parameters":{},"actions":[{"type":"scroll","x":-1841,"y":-44,"deltaX":0,"deltaY":0,"duration":0,"origin":{"element-6066-11e4-a52e-4f735466cecf":"f.E3CD5E68D1E1B2FCF6DD50D193150CE1.d.672B223790CFE397EFB5BED1F5F7EE51.e.568"}}]}]}
COMMAND: GET /session/612db7fa7930bbb36023b099dfe9ab59/screenshot - {}
RESULT: {}
COMMAND: POST /session/612db7fa7930bbb36023b099dfe9ab59/execute/sync - {"script":"<script> [79 bytes]","args":[{"element-6066-11e4-a52e-4f735466cecf":"f.E3CD5E68D1E1B2FCF6DD50D193150CE1.d.672B223790CFE397EFB5BED1F5F7EE51.e.568","ELEMENT":"f.E3CD5E68D1E1B2FCF6DD50D193150CE1.d.672B223790CFE397EFB5BED1F5F7EE51.e.568"},{"block":"start","inline":"nearest"}]}
RESULT: {"script":"<script> [79 bytes]","args":[{"element-6066-11e4-a52e-4f735466cecf":"f.E3CD5E68D1E1B2FCF6DD50D193150CE1.d.672B223790CFE397EFB5BED1F5F7EE51.e.568","ELEMENT":"f.E3CD5E68D1E1B2FCF6DD50D193150CE1.d.672B223790CFE397EFB5BED1F5F7EE51.e.568"},{"block":"start","inline":"nearest"}]}
COMMAND: GET /session/612db7fa7930bbb36023b099dfe9ab59/screenshot - {}
RESULT: {}
COMMAND: POST /session/612db7fa7930bbb36023b099dfe9ab59/execute/async - {"script":"<script> [1562 bytes]","args":[{"selector":{"id":"application-manageyards-display-component---NewYard--addressEditDetailsCostObjectCstType-arrow"},"wdio_ui5_key":"applicationmanageyards-display-component---NewYard--addressEditDetailsCostObjectCstType-arrow"}]}
RESULT: {"script":"<script> [1562 bytes]","args":[{"selector":{"id":"application-manageyards-display-component---NewYard--addressEditDetailsCostObjectCstType-arrow"},"wdio_ui5_key":"applicationmanageyards-display-component---NewYard--addressEditDetailsCostObjectCstType-arrow"}]}
RESULT: undefined
COMMAND: POST /session/612db7fa7930bbb36023b099dfe9ab59/element - {"using":"xpath","value":"//*[@id=\"application-manageyards-display-component---NewYard--addressEditDetailsCostObjectCstType-arrow\"]"}
RESULT: {"using":"xpath","value":"//*[@id=\"application-manageyards-display-component---NewYard--addressEditDetailsCostObjectCstType-arrow\"]"}
COMMAND: POST /session/612db7fa7930bbb36023b099dfe9ab59/element/f.E3CD5E68D1E1B2FCF6DD50D193150CE1.d.672B223790CFE397EFB5BED1F5F7EE51.e.576/click - {}
RESULT: {}
COMMAND: POST /session/612db7fa7930bbb36023b099dfe9ab59/element - {"using":"xpath","value":"//span[contains(text(), \"Cost Center\")]"}
COMMAND: GET /session/612db7fa7930bbb36023b099dfe9ab59/screenshot - {}
RESULT: {"using":"xpath","value":"//span[contains(text(), \"Cost Center\")]"}
COMMAND: POST /session/612db7fa7930bbb36023b099dfe9ab59/element/f.E3CD5E68D1E1B2FCF6DD50D193150CE1.d.672B223790CFE397EFB5BED1F5F7EE51.e.577/click - {}
RESULT: {}
RESULT: {}
COMMAND: GET /session/612db7fa7930bbb36023b099dfe9ab59/screenshot - {}
RESULT: {}
COMMAND: POST /session/612db7fa7930bbb36023b099dfe9ab59/execute/async - {"script":"<script> [1562 bytes]","args":[{"selector":{"id":"application-manageyards-display-component---NewYard--addressNewCostObjectCstID-vhi"},"wdio_ui5_key":"applicationmanageyards-display-component---NewYard--addressNewCostObjectCstID-vhi"}]}
RESULT: {"script":"<script> [1562 bytes]","args":[{"selector":{"id":"application-manageyards-display-component---NewYard--addressNewCostObjectCstID-vhi"},"wdio_ui5_key":"applicationmanageyards-display-component---NewYard--addressNewCostObjectCstID-vhi"}]}
RESULT: undefined
COMMAND: POST /session/612db7fa7930bbb36023b099dfe9ab59/element - {"using":"xpath","value":"//*[@id=\"application-manageyards-display-component---NewYard--addressNewCostObjectCstID-vhi\"]"}
RESULT: {"using":"xpath","value":"//*[@id=\"application-manageyards-display-component---NewYard--addressNewCostObjectCstID-vhi\"]"}
COMMAND: POST /session/612db7fa7930bbb36023b099dfe9ab59/element/f.E3CD5E68D1E1B2FCF6DD50D193150CE1.d.672B223790CFE397EFB5BED1F5F7EE51.e.581/click - {}
RESULT: {}
COMMAND: GET /session/612db7fa7930bbb36023b099dfe9ab59/screenshot - {}
RESULT: {}
COMMAND: POST /session/612db7fa7930bbb36023b099dfe9ab59/execute/async - {"script":"<script> [1562 bytes]","args":[{"selector":{"controlType":"sap.m.SearchField","properties":{"placeholder":"Search"},"searchOpenDialogs":true,"interaction":{"idSuffix":"I"}},"wdio_ui5_key":"sapm.SearchField{\"placeholder\":\"Search\"}"}]}
RESULT: {"script":"<script> [1562 bytes]","args":[{"selector":{"controlType":"sap.m.SearchField","properties":{"placeholder":"Search"},"searchOpenDialogs":true,"interaction":{"idSuffix":"I"}},"wdio_ui5_key":"sapm.SearchField{\"placeholder\":\"Search\"}"}]}
RESULT: undefined
COMMAND: POST /session/612db7fa7930bbb36023b099dfe9ab59/execute/async - {"script":"<script> [776 bytes]","args":[{"enterText":"10001013","selector":{"controlType":"sap.m.SearchField","properties":{"placeholder":"Search"},"searchOpenDialogs":true,"interaction":{"idSuffix":"I"}},"clearTextFirst":true,"interactionType":"ENTER_TEXT"}]}
RESULT: {"script":"<script> [776 bytes]","args":[{"enterText":"10001013","selector":{"controlType":"sap.m.SearchField","properties":{"placeholder":"Search"},"searchOpenDialogs":true,"interaction":{"idSuffix":"I"}},"clearTextFirst":true,"interactionType":"ENTER_TEXT"}]}
COMMAND: POST /session/612db7fa7930bbb36023b099dfe9ab59/actions - {"actions":[{"id":"action2","type":"key","parameters":{},"actions":[{"type":"keyDown","value":""},{"type":"pause","duration":10},{"type":"keyUp","value":""}]}]}
RESULT: {"actions":[{"id":"action2","type":"key","parameters":{},"actions":[{"type":"keyDown","value":""},{"type":"pause","duration":10},{"type":"keyUp","value":""}]}]}
COMMAND: GET /session/612db7fa7930bbb36023b099dfe9ab59/screenshot - {}
RESULT: {}
COMMAND: POST /session/612db7fa7930bbb36023b099dfe9ab59/element - {"using":"xpath","value":"//span[contains(text(), \"General Management\")]"}
RESULT: {"using":"xpath","value":"//span[contains(text(), \"General Management\")]"}
COMMAND: POST /session/612db7fa7930bbb36023b099dfe9ab59/element/f.E3CD5E68D1E1B2FCF6DD50D193150CE1.d.672B223790CFE397EFB5BED1F5F7EE51.e.622/click - {}
RESULT: {}
COMMAND: GET /session/612db7fa7930bbb36023b099dfe9ab59/screenshot - {}
RESULT: {}
COMMAND: POST /session/612db7fa7930bbb36023b099dfe9ab59/element - {"using":"xpath","value":"//bdi[contains(text(), \"OK\")]"}
RESULT: {"using":"xpath","value":"//bdi[contains(text(), \"OK\")]"}
COMMAND: POST /session/612db7fa7930bbb36023b099dfe9ab59/element/f.E3CD5E68D1E1B2FCF6DD50D193150CE1.d.672B223790CFE397EFB5BED1F5F7EE51.e.623/click - {}
RESULT: {}
COMMAND: GET /session/612db7fa7930bbb36023b099dfe9ab59/screenshot - {}
RESULT: {}
COMMAND: POST /session/612db7fa7930bbb36023b099dfe9ab59/execute/async - {"script":"<script> [1562 bytes]","args":[{"selector":{"controlType":"sap.m.Button","viewName":"etm.portal.ui.manageyards.view.New","viewId":"application-manageyards-display-component---NewYard","i18NText":{"propertyName":"text","key":"save"},"interaction":{"idSuffix":"inner"}},"wdio_ui5_key":"etmportal.ui.manageyards.view.Newsap.m.Button{\"propertyName\":\"text\",\"key\":\"save\"}"}]}
RESULT: {"script":"<script> [1562 bytes]","args":[{"selector":{"controlType":"sap.m.Button","viewName":"etm.portal.ui.manageyards.view.New","viewId":"application-manageyards-display-component---NewYard","i18NText":{"propertyName":"text","key":"save"},"interaction":{"idSuffix":"inner"}},"wdio_ui5_key":"etmportal.ui.manageyards.view.Newsap.m.Button{\"propertyName\":\"text\",\"key\":\"save\"}"}]}
RESULT: undefined
COMMAND: POST /session/612db7fa7930bbb36023b099dfe9ab59/element - {"using":"xpath","value":"//*[@id=\"__button18\"]"}
RESULT: {"using":"xpath","value":"//*[@id=\"__button18\"]"}
COMMAND: POST /session/612db7fa7930bbb36023b099dfe9ab59/element/f.E3CD5E68D1E1B2FCF6DD50D193150CE1.d.672B223790CFE397EFB5BED1F5F7EE51.e.544/click - {}
RESULT: {}
COMMAND: GET /session/612db7fa7930bbb36023b099dfe9ab59/screenshot - {}
RESULT: {}
COMMAND: POST /session/612db7fa7930bbb36023b099dfe9ab59/element - {"using":"xpath","value":"//header/div/div[2]/div[2]/span"}
RESULT: {"using":"xpath","value":"//header/div/div[2]/div[2]/span"}
COMMAND: GET /session/612db7fa7930bbb36023b099dfe9ab59/element/f.E3CD5E68D1E1B2FCF6DD50D193150CE1.d.672B223790CFE397EFB5BED1F5F7EE51.e.818/text - {}
RESULT: {}
COMMAND: POST /session/612db7fa7930bbb36023b099dfe9ab59/execute/async - {"script":"<script> [1562 bytes]","args":[{"selector":{"controlType":"sap.m.OverflowToolbarButton","viewName":"etm.portal.ui.manageyards.view.Detail","viewId":"application-manageyards-display-component---detailYard","i18NText":{"propertyName":"tooltip","key":"closeColumn"},"interaction":{"idSuffix":"inner"}},"wdio_ui5_key":"etmportal.ui.manageyards.view.Detailsap.m.OverflowToolbarButton{\"propertyName\":\"tooltip\",\"key\":\"closeColumn\"}"}]}
RESULT: {"script":"<script> [1562 bytes]","args":[{"selector":{"controlType":"sap.m.OverflowToolbarButton","viewName":"etm.portal.ui.manageyards.view.Detail","viewId":"application-manageyards-display-component---detailYard","i18NText":{"propertyName":"tooltip","key":"closeColumn"},"interaction":{"idSuffix":"inner"}},"wdio_ui5_key":"etmportal.ui.manageyards.view.Detailsap.m.OverflowToolbarButton{\"propertyName\":\"tooltip\",\"key\":\"closeColumn\"}"}]}
RESULT: undefined
COMMAND: POST /session/612db7fa7930bbb36023b099dfe9ab59/element - {"using":"xpath","value":"//*[@id=\"__button42\"]"}
RESULT: {"using":"xpath","value":"//*[@id=\"__button42\"]"}
COMMAND: POST /session/612db7fa7930bbb36023b099dfe9ab59/element/f.E3CD5E68D1E1B2FCF6DD50D193150CE1.d.672B223790CFE397EFB5BED1F5F7EE51.e.820/click - {}
RESULT: {}
COMMAND: GET /session/612db7fa7930bbb36023b099dfe9ab59/screenshot - {}
RESULT: {}
COMMAND: POST /session/612db7fa7930bbb36023b099dfe9ab59/element - {"using":"css selector","value":"#shell-header-logo"}
RESULT: {"using":"css selector","value":"#shell-header-logo"}
COMMAND: POST /session/612db7fa7930bbb36023b099dfe9ab59/element/f.E3CD5E68D1E1B2FCF6DD50D193150CE1.d.672B223790CFE397EFB5BED1F5F7EE51.e.116/click - {}
RESULT: {}
COMMAND: GET /session/612db7fa7930bbb36023b099dfe9ab59/screenshot - {}
RESULT: {}
COMMAND: POST /session/612db7fa7930bbb36023b099dfe9ab59/refresh - {}
RESULT: {}
COMMAND: GET /session/612db7fa7930bbb36023b099dfe9ab59/screenshot - {}
RESULT: {}
COMMAND: POST /session/612db7fa7930bbb36023b099dfe9ab59/execute/async - {"script":"<script> [189 bytes]","args":[]}
RESULT: {"script":"<script> [189 bytes]","args":[]}
COMMAND: POST /session/612db7fa7930bbb36023b099dfe9ab59/execute/async - {"script":"<script> [123 bytes]","args":[]}
RESULT: {"script":"<script> [123 bytes]","args":[]}
COMMAND: POST /session/612db7fa7930bbb36023b099dfe9ab59/timeouts - {"script":"<number>"}
RESULT: {"script":"<number>"}
COMMAND: GET /session/612db7fa7930bbb36023b099dfe9ab59/timeouts - {}
RESULT: {}
RESULT: undefined
COMMAND: POST /session/612db7fa7930bbb36023b099dfe9ab59/execute/async - {"script":"<script> [2676 bytes]","args":[]}
RESULT: {"script":"<script> [2676 bytes]","args":[]}
COMMAND: POST /session/612db7fa7930bbb36023b099dfe9ab59/execute/async - {"script":"<script> [2342 bytes]","args":[{"protocol":"http","hostname":"0.0.0.0","path":"/","capabilities":{"browserName":"chrome","goog:chromeOptions":{"binary":"C:\\Program Files\\Google\\Chrome\\Application\\chrome.exe","args":["--start-maximized"]}},"logLevel":"warn","connectionRetryTimeout":120000,"connectionRetryCount":3,"logLevels":{},"enableDirectConnect":true,"strictSSL":true,"_":"65 more keys: [\"cacheDir\",\"port\",\"requestedCapabilities\",\"automationProtocol\",\"baseUrl\",\"waitforInterval\",\"waitforTimeout\",\"onReload\",\"beforeCommand\",\"afterCommand\",\"rootDir\",\"specs\",\"suites\",\"exclude\",\"groupLogsByTestSpec\",\"excludeDriverLogs\",\"bail\",\"framework\",\"reporters\",\"services\",\"maxInstances\",\"maxInstancesPerCapability\",\"injectGlobals\",\"filesToWatch\",\"execArgv\",\"runnerEnv\",\"runner\",\"shard\",\"specFileRetries\",\"specFileRetriesDelay\",\"specFileRetriesDeferred\",\"reporterSyncInterval\",\"reporterSyncTimeout\",\"cucumberFeaturesWithLineNumbers\",\"autoCompileOpts\",\"mochaOpts\",\"jasmineOpts\",\"cucumberOpts\",\"onPrepare\",\"onWorkerStart\",\"onWorkerEnd\",\"before\",\"beforeSession\",\"beforeSuite\",\"beforeHook\",\"beforeTest\",\"afterTest\",\"afterHook\",\"afterSuite\",\"afterSession\",\"after\",\"onComplete\",\"beforeAssertion\",\"afterAssertion\",\"beforeFeature\",\"beforeScenario\",\"beforeStep\",\"afterStep\",\"afterScenario\",\"afterFeature\",\"_\",\"suite\",\"$0\",\"ignoredWorkerServices\",\"wdi5\"]"}]}
RESULT: {"script":"<script> [2342 bytes]","args":[{"protocol":"http","hostname":"0.0.0.0","path":"/","capabilities":{"browserName":"chrome","goog:chromeOptions":{"binary":"C:\\Program Files\\Google\\Chrome\\Application\\chrome.exe","args":["--start-maximized"]}},"logLevel":"warn","connectionRetryTimeout":120000,"connectionRetryCount":3,"logLevels":{},"enableDirectConnect":true,"strictSSL":true,"_":"65 more keys: [\"cacheDir\",\"port\",\"requestedCapabilities\",\"automationProtocol\",\"baseUrl\",\"waitforInterval\",\"waitforTimeout\",\"onReload\",\"beforeCommand\",\"afterCommand\",\"rootDir\",\"specs\",\"suites\",\"exclude\",\"groupLogsByTestSpec\",\"excludeDriverLogs\",\"bail\",\"framework\",\"reporters\",\"services\",\"maxInstances\",\"maxInstancesPerCapability\",\"injectGlobals\",\"filesToWatch\",\"execArgv\",\"runnerEnv\",\"runner\",\"shard\",\"specFileRetries\",\"specFileRetriesDelay\",\"specFileRetriesDeferred\",\"reporterSyncInterval\",\"reporterSyncTimeout\",\"cucumberFeaturesWithLineNumbers\",\"autoCompileOpts\",\"mochaOpts\",\"jasmineOpts\",\"cucumberOpts\",\"onPrepare\",\"onWorkerStart\",\"onWorkerEnd\",\"before\",\"beforeSession\",\"beforeSuite\",\"beforeHook\",\"beforeTest\",\"afterTest\",\"afterHook\",\"afterSuite\",\"afterSession\",\"after\",\"onComplete\",\"beforeAssertion\",\"afterAssertion\",\"beforeFeature\",\"beforeScenario\",\"beforeStep\",\"afterStep\",\"afterScenario\",\"afterFeature\",\"_\",\"suite\",\"$0\",\"ignoredWorkerServices\",\"wdi5\"]"}]}
COMMAND: POST /session/612db7fa7930bbb36023b099dfe9ab59/execute/async - {"script":"<script> [21126 bytes]","args":[35000]}
RESULT: {"script":"<script> [21126 bytes]","args":[35000]}
COMMAND: POST /session/612db7fa7930bbb36023b099dfe9ab59/execute/async - {"script":"<script> [1562 bytes]","args":[{"selector":{"controlType":"sap.m.GenericTile","properties":{"header":"Manage Partners"}},"wdio_ui5_key":"sapm.GenericTile{\"header\":\"Manage Partners\"}"}]}
RESULT: {"script":"<script> [1562 bytes]","args":[{"selector":{"controlType":"sap.m.GenericTile","properties":{"header":"Manage Partners"}},"wdio_ui5_key":"sapm.GenericTile{\"header\":\"Manage Partners\"}"}]}
RESULT: undefined
COMMAND: POST /session/612db7fa7930bbb36023b099dfe9ab59/element - {"using":"xpath","value":"//*[@id=\"__tile38\"]"}
RESULT: {"using":"xpath","value":"//*[@id=\"__tile38\"]"}
COMMAND: POST /session/612db7fa7930bbb36023b099dfe9ab59/element/f.E3CD5E68D1E1B2FCF6DD50D193150CE1.d.143ABD4511222D2EA8720CC3713D6EE0.e.1177/click - {}
RESULT: {}
COMMAND: GET /session/612db7fa7930bbb36023b099dfe9ab59/screenshot - {}
RESULT: {}
COMMAND: POST /session/612db7fa7930bbb36023b099dfe9ab59/elements - {"using":"xpath","value":"//span[text()='Error']"}
RESULT: {"using":"xpath","value":"//span[text()='Error']"}
COMMAND: POST /session/612db7fa7930bbb36023b099dfe9ab59/execute/async - {"script":"<script> [1562 bytes]","args":[{"selector":{"controlType":"sap.ui.core.Icon","viewName":"etm.portal.ui.managepartners.view.Master","viewId":"application-managepartners-display-component---masterPtm","properties":{"src":{"regex":{"source":"add"}}}},"wdio_ui5_key":"etmportal.ui.managepartners.view.Mastersap.ui.core.Icon{\"src\":{\"regex\":{\"source\":\"add\"}}}"}]}
RESULT: {"script":"<script> [1562 bytes]","args":[{"selector":{"controlType":"sap.ui.core.Icon","viewName":"etm.portal.ui.managepartners.view.Master","viewId":"application-managepartners-display-component---masterPtm","properties":{"src":{"regex":{"source":"add"}}}},"wdio_ui5_key":"etmportal.ui.managepartners.view.Mastersap.ui.core.Icon{\"src\":{\"regex\":{\"source\":\"add\"}}}"}]}
RESULT: undefined
COMMAND: POST /session/612db7fa7930bbb36023b099dfe9ab59/element - {"using":"xpath","value":"//*[@id=\"__button4-img\"]"}
RESULT: {"using":"xpath","value":"//*[@id=\"__button4-img\"]"}
COMMAND: POST /session/612db7fa7930bbb36023b099dfe9ab59/element/f.E3CD5E68D1E1B2FCF6DD50D193150CE1.d.143ABD4511222D2EA8720CC3713D6EE0.e.1227/click - {}
RESULT: {}
COMMAND: GET /session/612db7fa7930bbb36023b099dfe9ab59/screenshot - {}
RESULT: {}
COMMAND: POST /session/612db7fa7930bbb36023b099dfe9ab59/execute/async - {"script":"<script> [1562 bytes]","args":[{"selector":{"id":"application-managepartners-display-component---NewPartner--partnerId","interaction":{"idSuffix":"inner"}},"wdio_ui5_key":"applicationmanagepartners-display-component---NewPartner--partnerId"}]}
RESULT: {"script":"<script> [1562 bytes]","args":[{"selector":{"id":"application-managepartners-display-component---NewPartner--partnerId","interaction":{"idSuffix":"inner"}},"wdio_ui5_key":"applicationmanagepartners-display-component---NewPartner--partnerId"}]}
RESULT: undefined
COMMAND: POST /session/612db7fa7930bbb36023b099dfe9ab59/execute/async - {"script":"<script> [1562 bytes]","args":[{"selector":{"id":"application-managepartners-display-component---NewPartner--addressDetailDetailsName1","interaction":{"idSuffix":"inner"}},"wdio_ui5_key":"applicationmanagepartners-display-component---NewPartner--addressDetailDetailsName1"}]}
RESULT: {"script":"<script> [1562 bytes]","args":[{"selector":{"id":"application-managepartners-display-component---NewPartner--addressDetailDetailsName1","interaction":{"idSuffix":"inner"}},"wdio_ui5_key":"applicationmanagepartners-display-component---NewPartner--addressDetailDetailsName1"}]}
RESULT: undefined
COMMAND: POST /session/612db7fa7930bbb36023b099dfe9ab59/execute/async - {"script":"<script> [776 bytes]","args":[{"enterText":"WebdriverPartner0e1vr","selector":{"id":"application-managepartners-display-component---NewPartner--addressDetailDetailsName1","interaction":{"idSuffix":"inner"}},"clearTextFirst":true,"interactionType":"ENTER_TEXT"}]}
RESULT: {"script":"<script> [776 bytes]","args":[{"enterText":"WebdriverPartner0e1vr","selector":{"id":"application-managepartners-display-component---NewPartner--addressDetailDetailsName1","interaction":{"idSuffix":"inner"}},"clearTextFirst":true,"interactionType":"ENTER_TEXT"}]}
COMMAND: POST /session/612db7fa7930bbb36023b099dfe9ab59/execute/async - {"script":"<script> [1562 bytes]","args":[{"selector":{"id":"application-managepartners-display-component---NewPartner--addressDetailDetailsLanguage","interaction":{"idSuffix":"inner"}},"wdio_ui5_key":"applicationmanagepartners-display-component---NewPartner--addressDetailDetailsLanguage"}]}
RESULT: {"script":"<script> [1562 bytes]","args":[{"selector":{"id":"application-managepartners-display-component---NewPartner--addressDetailDetailsLanguage","interaction":{"idSuffix":"inner"}},"wdio_ui5_key":"applicationmanagepartners-display-component---NewPartner--addressDetailDetailsLanguage"}]}
RESULT: undefined
COMMAND: POST /session/612db7fa7930bbb36023b099dfe9ab59/execute/async - {"script":"<script> [776 bytes]","args":[{"enterText":"Romanian","selector":{"id":"application-managepartners-display-component---NewPartner--addressDetailDetailsLanguage","interaction":{"idSuffix":"inner"}},"clearTextFirst":true,"interactionType":"ENTER_TEXT"}]}
RESULT: {"script":"<script> [776 bytes]","args":[{"enterText":"Romanian","selector":{"id":"application-managepartners-display-component---NewPartner--addressDetailDetailsLanguage","interaction":{"idSuffix":"inner"}},"clearTextFirst":true,"interactionType":"ENTER_TEXT"}]}
COMMAND: POST /session/612db7fa7930bbb36023b099dfe9ab59/element - {"using":"xpath","value":"//input[contains(@id ,\"application-managepartners-display-component---NewPartner--addressDetailDetailsName1-inner\")]"}
RESULT: {"using":"xpath","value":"//input[contains(@id ,\"application-managepartners-display-component---NewPartner--addressDetailDetailsName1-inner\")]"}
COMMAND: GET /session/612db7fa7930bbb36023b099dfe9ab59/element/f.E3CD5E68D1E1B2FCF6DD50D193150CE1.d.143ABD4511222D2EA8720CC3713D6EE0.e.1400/property/value - {}
RESULT: {}
COMMAND: POST /session/612db7fa7930bbb36023b099dfe9ab59/execute/async - {"script":"<script> [1562 bytes]","args":[{"selector":{"id":"application-managepartners-display-component---NewPartner--addressDetailDetailsCity1","interaction":{"idSuffix":"inner"}},"wdio_ui5_key":"applicationmanagepartners-display-component---NewPartner--addressDetailDetailsCity1"}]}
COMMAND: GET /session/612db7fa7930bbb36023b099dfe9ab59/screenshot - {}
RESULT: {"script":"<script> [1562 bytes]","args":[{"selector":{"id":"application-managepartners-display-component---NewPartner--addressDetailDetailsCity1","interaction":{"idSuffix":"inner"}},"wdio_ui5_key":"applicationmanagepartners-display-component---NewPartner--addressDetailDetailsCity1"}]}
RESULT: undefined
COMMAND: POST /session/612db7fa7930bbb36023b099dfe9ab59/execute/async - {"script":"<script> [776 bytes]","args":[{"enterText":"Bucharest","selector":{"id":"application-managepartners-display-component---NewPartner--addressDetailDetailsCity1","interaction":{"idSuffix":"inner"}},"clearTextFirst":true,"interactionType":"ENTER_TEXT"}]}
RESULT: {}
RESULT: {"script":"<script> [776 bytes]","args":[{"enterText":"Bucharest","selector":{"id":"application-managepartners-display-component---NewPartner--addressDetailDetailsCity1","interaction":{"idSuffix":"inner"}},"clearTextFirst":true,"interactionType":"ENTER_TEXT"}]}
COMMAND: POST /session/612db7fa7930bbb36023b099dfe9ab59/execute/async - {"script":"<script> [1562 bytes]","args":[{"selector":{"id":"application-managepartners-display-component---NewPartner--addressDetailDetailsCountry","interaction":{"idSuffix":"inner"}},"wdio_ui5_key":"applicationmanagepartners-display-component---NewPartner--addressDetailDetailsCountry"}]}
RESULT: {"script":"<script> [1562 bytes]","args":[{"selector":{"id":"application-managepartners-display-component---NewPartner--addressDetailDetailsCountry","interaction":{"idSuffix":"inner"}},"wdio_ui5_key":"applicationmanagepartners-display-component---NewPartner--addressDetailDetailsCountry"}]}
RESULT: undefined
COMMAND: POST /session/612db7fa7930bbb36023b099dfe9ab59/execute/async - {"script":"<script> [6424 bytes]","args":[{"element-6066-11e4-a52e-4f735466cecf":"f.E3CD5E68D1E1B2FCF6DD50D193150CE1.d.143ABD4511222D2EA8720CC3713D6EE0.e.1407"},"setValue",["Romania"]]}
RESULT: {"script":"<script> [6424 bytes]","args":[{"element-6066-11e4-a52e-4f735466cecf":"f.E3CD5E68D1E1B2FCF6DD50D193150CE1.d.143ABD4511222D2EA8720CC3713D6EE0.e.1407"},"setValue",["Romania"]]}
COMMAND: POST /session/612db7fa7930bbb36023b099dfe9ab59/execute/async - {"script":"<script> [1562 bytes]","args":[{"selector":{"id":"application-managepartners-display-component---NewPartner--partnerDetailInternal","interaction":{"idSuffix":"inner"}},"wdio_ui5_key":"applicationmanagepartners-display-component---NewPartner--partnerDetailInternal"}]}
RESULT: {"script":"<script> [1562 bytes]","args":[{"selector":{"id":"application-managepartners-display-component---NewPartner--partnerDetailInternal","interaction":{"idSuffix":"inner"}},"wdio_ui5_key":"applicationmanagepartners-display-component---NewPartner--partnerDetailInternal"}]}
RESULT: undefined
COMMAND: POST /session/612db7fa7930bbb36023b099dfe9ab59/execute/async - {"script":"<script> [776 bytes]","args":[{"enterText":"External partner","selector":{"id":"application-managepartners-display-component---NewPartner--partnerDetailInternal","interaction":{"idSuffix":"inner"}},"clearTextFirst":true,"interactionType":"ENTER_TEXT"}]}
RESULT: {"script":"<script> [776 bytes]","args":[{"enterText":"External partner","selector":{"id":"application-managepartners-display-component---NewPartner--partnerDetailInternal","interaction":{"idSuffix":"inner"}},"clearTextFirst":true,"interactionType":"ENTER_TEXT"}]}
COMMAND: POST /session/612db7fa7930bbb36023b099dfe9ab59/execute/async - {"script":"<script> [1562 bytes]","args":[{"selector":{"id":"application-managepartners-display-component---NewPartner--partnerDetailsCurrency","interaction":{"idSuffix":"inner"}},"wdio_ui5_key":"applicationmanagepartners-display-component---NewPartner--partnerDetailsCurrency"}]}
RESULT: {"script":"<script> [1562 bytes]","args":[{"selector":{"id":"application-managepartners-display-component---NewPartner--partnerDetailsCurrency","interaction":{"idSuffix":"inner"}},"wdio_ui5_key":"applicationmanagepartners-display-component---NewPartner--partnerDetailsCurrency"}]}
RESULT: undefined
COMMAND: POST /session/612db7fa7930bbb36023b099dfe9ab59/execute/async - {"script":"<script> [776 bytes]","args":[{"enterText":"Euro","selector":{"id":"application-managepartners-display-component---NewPartner--partnerDetailsCurrency","interaction":{"idSuffix":"inner"}},"clearTextFirst":true,"interactionType":"ENTER_TEXT"}]}
RESULT: {"script":"<script> [776 bytes]","args":[{"enterText":"Euro","selector":{"id":"application-managepartners-display-component---NewPartner--partnerDetailsCurrency","interaction":{"idSuffix":"inner"}},"clearTextFirst":true,"interactionType":"ENTER_TEXT"}]}
COMMAND: POST /session/612db7fa7930bbb36023b099dfe9ab59/execute/async - {"script":"<script> [1562 bytes]","args":[{"selector":{"controlType":"sap.m.Button","viewName":"etm.portal.ui.managepartners.view.NewPartner","viewId":"application-managepartners-display-component---NewPartner","properties":{"text":"Commercial"},"interaction":{"idSuffix":"BDI-content"}},"wdio_ui5_key":"etmportal.ui.managepartners.view.NewPartnersap.m.Button{\"text\":\"Commercial\"}"}]}
RESULT: {"script":"<script> [1562 bytes]","args":[{"selector":{"controlType":"sap.m.Button","viewName":"etm.portal.ui.managepartners.view.NewPartner","viewId":"application-managepartners-display-component---NewPartner","properties":{"text":"Commercial"},"interaction":{"idSuffix":"BDI-content"}},"wdio_ui5_key":"etmportal.ui.managepartners.view.NewPartnersap.m.Button{\"text\":\"Commercial\"}"}]}
RESULT: undefined
COMMAND: POST /session/612db7fa7930bbb36023b099dfe9ab59/element - {"using":"xpath","value":"//*[@id=\"application-managepartners-display-component---NewPartner--ObjectPageLayout-anchBar-__section5-anchor\"]"}
RESULT: {"using":"xpath","value":"//*[@id=\"application-managepartners-display-component---NewPartner--ObjectPageLayout-anchBar-__section5-anchor\"]"}
COMMAND: POST /session/612db7fa7930bbb36023b099dfe9ab59/element/f.E3CD5E68D1E1B2FCF6DD50D193150CE1.d.143ABD4511222D2EA8720CC3713D6EE0.e.1658/click - {}
RESULT: {}
COMMAND: GET /session/612db7fa7930bbb36023b099dfe9ab59/screenshot - {}
RESULT: {}
COMMAND: POST /session/612db7fa7930bbb36023b099dfe9ab59/execute/async - {"script":"<script> [1562 bytes]","args":[{"selector":{"id":"application-managepartners-display-component---NewPartner--btnAddTableRow-img"},"wdio_ui5_key":"applicationmanagepartners-display-component---NewPartner--btnAddTableRow-img"}]}
RESULT: {"script":"<script> [1562 bytes]","args":[{"selector":{"id":"application-managepartners-display-component---NewPartner--btnAddTableRow-img"},"wdio_ui5_key":"applicationmanagepartners-display-component---NewPartner--btnAddTableRow-img"}]}
RESULT: undefined
COMMAND: POST /session/612db7fa7930bbb36023b099dfe9ab59/element - {"using":"xpath","value":"//*[@id=\"application-managepartners-display-component---NewPartner--btnAddTableRow-img\"]"}
RESULT: {"using":"xpath","value":"//*[@id=\"application-managepartners-display-component---NewPartner--btnAddTableRow-img\"]"}
COMMAND: POST /session/612db7fa7930bbb36023b099dfe9ab59/element/f.E3CD5E68D1E1B2FCF6DD50D193150CE1.d.143ABD4511222D2EA8720CC3713D6EE0.e.1664/click - {}
RESULT: {}
COMMAND: POST /session/612db7fa7930bbb36023b099dfe9ab59/element - {"using":"xpath","value":"//input[contains(@id ,\"application-managepartners-display-component---NewPartner--assignmentYard-application-managepartners-display-component---NewPartner\")]"}
COMMAND: GET /session/612db7fa7930bbb36023b099dfe9ab59/screenshot - {}
RESULT: {"using":"xpath","value":"//input[contains(@id ,\"application-managepartners-display-component---NewPartner--assignmentYard-application-managepartners-display-component---NewPartner\")]"}
COMMAND: POST /session/612db7fa7930bbb36023b099dfe9ab59/element/f.E3CD5E68D1E1B2FCF6DD50D193150CE1.d.143ABD4511222D2EA8720CC3713D6EE0.e.1667/clear - {}
RESULT: {}
RESULT: {}
COMMAND: POST /session/612db7fa7930bbb36023b099dfe9ab59/element/f.E3CD5E68D1E1B2FCF6DD50D193150CE1.d.143ABD4511222D2EA8720CC3713D6EE0.e.1667/value - {"text":"WebdriverYard90ykt"}
COMMAND: GET /session/612db7fa7930bbb36023b099dfe9ab59/screenshot - {}
RESULT: {"text":"WebdriverYard90ykt"}
COMMAND: GET /session/612db7fa7930bbb36023b099dfe9ab59/screenshot - {}
RESULT: {}
RESULT: {}
COMMAND: POST /session/612db7fa7930bbb36023b099dfe9ab59/execute/async - {"script":"<script> [1562 bytes]","args":[{"selector":{"controlType":"sap.m.Button","viewName":"etm.portal.ui.managepartners.view.NewPartner","viewId":"application-managepartners-display-component---NewPartner","i18NText":{"propertyName":"text","key":"save"},"interaction":{"idSuffix":"BDI-content"}},"wdio_ui5_key":"etmportal.ui.managepartners.view.NewPartnersap.m.Button{\"propertyName\":\"text\",\"key\":\"save\"}"}]}
RESULT: {"script":"<script> [1562 bytes]","args":[{"selector":{"controlType":"sap.m.Button","viewName":"etm.portal.ui.managepartners.view.NewPartner","viewId":"application-managepartners-display-component---NewPartner","i18NText":{"propertyName":"text","key":"save"},"interaction":{"idSuffix":"BDI-content"}},"wdio_ui5_key":"etmportal.ui.managepartners.view.NewPartnersap.m.Button{\"propertyName\":\"text\",\"key\":\"save\"}"}]}
RESULT: undefined
COMMAND: POST /session/612db7fa7930bbb36023b099dfe9ab59/element - {"using":"xpath","value":"//*[@id=\"__button12\"]"}
RESULT: {"using":"xpath","value":"//*[@id=\"__button12\"]"}
COMMAND: POST /session/612db7fa7930bbb36023b099dfe9ab59/element/f.E3CD5E68D1E1B2FCF6DD50D193150CE1.d.143ABD4511222D2EA8720CC3713D6EE0.e.1598/click - {}
RESULT: {}
COMMAND: GET /session/612db7fa7930bbb36023b099dfe9ab59/screenshot - {}
RESULT: {}
COMMAND: POST /session/612db7fa7930bbb36023b099dfe9ab59/element - {"using":"xpath","value":"//header/div/div[2]/div[2]/span"}
RESULT: {"using":"xpath","value":"//header/div/div[2]/div[2]/span"}
COMMAND: GET /session/612db7fa7930bbb36023b099dfe9ab59/element/f.E3CD5E68D1E1B2FCF6DD50D193150CE1.d.143ABD4511222D2EA8720CC3713D6EE0.e.1837/text - {}
RESULT: {}
COMMAND: POST /session/612db7fa7930bbb36023b099dfe9ab59/element - {"using":"xpath","value":"//header/div/div/div/div/div/div[2]/div/span"}
RESULT: {"using":"xpath","value":"//header/div/div/div/div/div/div[2]/div/span"}
COMMAND: GET /session/612db7fa7930bbb36023b099dfe9ab59/element/f.E3CD5E68D1E1B2FCF6DD50D193150CE1.d.143ABD4511222D2EA8720CC3713D6EE0.e.1838/text - {}
RESULT: {}
COMMAND: POST /session/612db7fa7930bbb36023b099dfe9ab59/execute/async - {"script":"<script> [1562 bytes]","args":[{"selector":{"id":"application-managepartners-display-component---detailPtm--partnerType"},"wdio_ui5_key":"applicationmanagepartners-display-component---detailPtm--partnerType"}]}
RESULT: {"script":"<script> [1562 bytes]","args":[{"selector":{"id":"application-managepartners-display-component---detailPtm--partnerType"},"wdio_ui5_key":"applicationmanagepartners-display-component---detailPtm--partnerType"}]}
RESULT: undefined
COMMAND: POST /session/612db7fa7930bbb36023b099dfe9ab59/execute/async - {"script":"<script> [6424 bytes]","args":[{"element-6066-11e4-a52e-4f735466cecf":"f.E3CD5E68D1E1B2FCF6DD50D193150CE1.d.143ABD4511222D2EA8720CC3713D6EE0.e.1839"},"getText",[]]}
RESULT: {"script":"<script> [6424 bytes]","args":[{"element-6066-11e4-a52e-4f735466cecf":"f.E3CD5E68D1E1B2FCF6DD50D193150CE1.d.143ABD4511222D2EA8720CC3713D6EE0.e.1839"},"getText",[]]}
COMMAND: POST /session/612db7fa7930bbb36023b099dfe9ab59/element - {"using":"css selector","value":"#shell-header-logo"}
RESULT: {"using":"css selector","value":"#shell-header-logo"}
COMMAND: POST /session/612db7fa7930bbb36023b099dfe9ab59/element/f.E3CD5E68D1E1B2FCF6DD50D193150CE1.d.143ABD4511222D2EA8720CC3713D6EE0.e.1162/click - {}
RESULT: {}
COMMAND: GET /session/612db7fa7930bbb36023b099dfe9ab59/screenshot - {}
RESULT: {}
COMMAND: POST /session/612db7fa7930bbb36023b099dfe9ab59/execute/async - {"script":"<script> [1562 bytes]","args":[{"selector":{"controlType":"sap.m.GenericTile","properties":{"header":"Manage Sites"}},"wdio_ui5_key":"sapm.GenericTile{\"header\":\"Manage Sites\"}"}]}
RESULT: {"script":"<script> [1562 bytes]","args":[{"selector":{"controlType":"sap.m.GenericTile","properties":{"header":"Manage Sites"}},"wdio_ui5_key":"sapm.GenericTile{\"header\":\"Manage Sites\"}"}]}
RESULT: undefined
COMMAND: POST /session/612db7fa7930bbb36023b099dfe9ab59/element - {"using":"xpath","value":"//*[@id=\"__tile40\"]"}
RESULT: {"using":"xpath","value":"//*[@id=\"__tile40\"]"}
COMMAND: POST /session/612db7fa7930bbb36023b099dfe9ab59/element/f.E3CD5E68D1E1B2FCF6DD50D193150CE1.d.143ABD4511222D2EA8720CC3713D6EE0.e.1841/click - {}
RESULT: {}
COMMAND: GET /session/612db7fa7930bbb36023b099dfe9ab59/screenshot - {}
RESULT: {}
COMMAND: POST /session/612db7fa7930bbb36023b099dfe9ab59/elements - {"using":"xpath","value":"//span[text()='Error']"}
RESULT: {"using":"xpath","value":"//span[text()='Error']"}
COMMAND: POST /session/612db7fa7930bbb36023b099dfe9ab59/execute/async - {"script":"<script> [1562 bytes]","args":[{"selector":{"controlType":"sap.ui.core.Icon","viewName":"etm.portal.ui.managesites.view.Master","viewId":"application-managesites-display-component---masterSite","properties":{"src":{"regex":{"source":"add"}}}},"wdio_ui5_key":"etmportal.ui.managesites.view.Mastersap.ui.core.Icon{\"src\":{\"regex\":{\"source\":\"add\"}}}"}]}
RESULT: {"script":"<script> [1562 bytes]","args":[{"selector":{"controlType":"sap.ui.core.Icon","viewName":"etm.portal.ui.managesites.view.Master","viewId":"application-managesites-display-component---masterSite","properties":{"src":{"regex":{"source":"add"}}}},"wdio_ui5_key":"etmportal.ui.managesites.view.Mastersap.ui.core.Icon{\"src\":{\"regex\":{\"source\":\"add\"}}}"}]}
RESULT: undefined
COMMAND: POST /session/612db7fa7930bbb36023b099dfe9ab59/element - {"using":"xpath","value":"//*[@id=\"__button52-img\"]"}
RESULT: {"using":"xpath","value":"//*[@id=\"__button52-img\"]"}
COMMAND: POST /session/612db7fa7930bbb36023b099dfe9ab59/element/f.E3CD5E68D1E1B2FCF6DD50D193150CE1.d.143ABD4511222D2EA8720CC3713D6EE0.e.1889/click - {}
RESULT: {}
COMMAND: POST /session/612db7fa7930bbb36023b099dfe9ab59/execute/async - {"script":"<script> [1562 bytes]","args":[{"selector":{"id":"application-managesites-display-component---NewSite--siteId","interaction":{"idSuffix":"inner"}},"wdio_ui5_key":"applicationmanagesites-display-component---NewSite--siteId"}]}
COMMAND: GET /session/612db7fa7930bbb36023b099dfe9ab59/screenshot - {}
RESULT: {"script":"<script> [1562 bytes]","args":[{"selector":{"id":"application-managesites-display-component---NewSite--siteId","interaction":{"idSuffix":"inner"}},"wdio_ui5_key":"applicationmanagesites-display-component---NewSite--siteId"}]}
RESULT: undefined
COMMAND: POST /session/612db7fa7930bbb36023b099dfe9ab59/execute/async - {"script":"<script> [1562 bytes]","args":[{"selector":{"id":"application-managesites-display-component---NewSite--addressDetailDetailsName1","interaction":{"idSuffix":"inner"}},"wdio_ui5_key":"applicationmanagesites-display-component---NewSite--addressDetailDetailsName1"}]}
RESULT: {}
RESULT: {"script":"<script> [1562 bytes]","args":[{"selector":{"id":"application-managesites-display-component---NewSite--addressDetailDetailsName1","interaction":{"idSuffix":"inner"}},"wdio_ui5_key":"applicationmanagesites-display-component---NewSite--addressDetailDetailsName1"}]}
RESULT: undefined
COMMAND: POST /session/612db7fa7930bbb36023b099dfe9ab59/execute/async - {"script":"<script> [776 bytes]","args":[{"enterText":"WebdriverSite3rn05","selector":{"id":"application-managesites-display-component---NewSite--addressDetailDetailsName1","interaction":{"idSuffix":"inner"}},"clearTextFirst":true,"interactionType":"ENTER_TEXT"}]}
RESULT: {"script":"<script> [776 bytes]","args":[{"enterText":"WebdriverSite3rn05","selector":{"id":"application-managesites-display-component---NewSite--addressDetailDetailsName1","interaction":{"idSuffix":"inner"}},"clearTextFirst":true,"interactionType":"ENTER_TEXT"}]}
COMMAND: POST /session/612db7fa7930bbb36023b099dfe9ab59/execute/async - {"script":"<script> [1562 bytes]","args":[{"selector":{"id":"application-managesites-display-component---NewSite--addressDetailDetailsLanguage","interaction":{"idSuffix":"inner"}},"wdio_ui5_key":"applicationmanagesites-display-component---NewSite--addressDetailDetailsLanguage"}]}
RESULT: {"script":"<script> [1562 bytes]","args":[{"selector":{"id":"application-managesites-display-component---NewSite--addressDetailDetailsLanguage","interaction":{"idSuffix":"inner"}},"wdio_ui5_key":"applicationmanagesites-display-component---NewSite--addressDetailDetailsLanguage"}]}
RESULT: undefined
COMMAND: POST /session/612db7fa7930bbb36023b099dfe9ab59/execute/async - {"script":"<script> [776 bytes]","args":[{"enterText":"Romanian","selector":{"id":"application-managesites-display-component---NewSite--addressDetailDetailsLanguage","interaction":{"idSuffix":"inner"}},"clearTextFirst":true,"interactionType":"ENTER_TEXT"}]}
RESULT: {"script":"<script> [776 bytes]","args":[{"enterText":"Romanian","selector":{"id":"application-managesites-display-component---NewSite--addressDetailDetailsLanguage","interaction":{"idSuffix":"inner"}},"clearTextFirst":true,"interactionType":"ENTER_TEXT"}]}
COMMAND: POST /session/612db7fa7930bbb36023b099dfe9ab59/execute/async - {"script":"<script> [1562 bytes]","args":[{"selector":{"id":"application-managesites-display-component---NewSite--addressDetailDetailsCity1","interaction":{"idSuffix":"inner"}},"wdio_ui5_key":"applicationmanagesites-display-component---NewSite--addressDetailDetailsCity1"}]}
RESULT: {"script":"<script> [1562 bytes]","args":[{"selector":{"id":"application-managesites-display-component---NewSite--addressDetailDetailsCity1","interaction":{"idSuffix":"inner"}},"wdio_ui5_key":"applicationmanagesites-display-component---NewSite--addressDetailDetailsCity1"}]}
RESULT: undefined
COMMAND: POST /session/612db7fa7930bbb36023b099dfe9ab59/execute/async - {"script":"<script> [776 bytes]","args":[{"enterText":"Bucharest","selector":{"id":"application-managesites-display-component---NewSite--addressDetailDetailsCity1","interaction":{"idSuffix":"inner"}},"clearTextFirst":true,"interactionType":"ENTER_TEXT"}]}
RESULT: {"script":"<script> [776 bytes]","args":[{"enterText":"Bucharest","selector":{"id":"application-managesites-display-component---NewSite--addressDetailDetailsCity1","interaction":{"idSuffix":"inner"}},"clearTextFirst":true,"interactionType":"ENTER_TEXT"}]}
COMMAND: POST /session/612db7fa7930bbb36023b099dfe9ab59/execute/async - {"script":"<script> [1562 bytes]","args":[{"selector":{"id":"application-managesites-display-component---NewSite--addressDetailDetailsCountry","interaction":{"idSuffix":"inner"}},"wdio_ui5_key":"applicationmanagesites-display-component---NewSite--addressDetailDetailsCountry"}]}
RESULT: {"script":"<script> [1562 bytes]","args":[{"selector":{"id":"application-managesites-display-component---NewSite--addressDetailDetailsCountry","interaction":{"idSuffix":"inner"}},"wdio_ui5_key":"applicationmanagesites-display-component---NewSite--addressDetailDetailsCountry"}]}
RESULT: undefined
COMMAND: POST /session/612db7fa7930bbb36023b099dfe9ab59/execute/async - {"script":"<script> [776 bytes]","args":[{"enterText":"Romania","selector":{"id":"application-managesites-display-component---NewSite--addressDetailDetailsCountry","interaction":{"idSuffix":"inner"}},"clearTextFirst":true,"interactionType":"ENTER_TEXT"}]}
RESULT: {"script":"<script> [776 bytes]","args":[{"enterText":"Romania","selector":{"id":"application-managesites-display-component---NewSite--addressDetailDetailsCountry","interaction":{"idSuffix":"inner"}},"clearTextFirst":true,"interactionType":"ENTER_TEXT"}]}
COMMAND: POST /session/612db7fa7930bbb36023b099dfe9ab59/element - {"using":"css selector","value":"#application-managesites-display-component---NewSite--addressDetailDetailsCalendar-inner"}
RESULT: {"using":"css selector","value":"#application-managesites-display-component---NewSite--addressDetailDetailsCalendar-inner"}
COMMAND: POST /session/612db7fa7930bbb36023b099dfe9ab59/element/f.E3CD5E68D1E1B2FCF6DD50D193150CE1.d.143ABD4511222D2EA8720CC3713D6EE0.e.2083/clear - {}
RESULT: {}
COMMAND: POST /session/612db7fa7930bbb36023b099dfe9ab59/element/f.E3CD5E68D1E1B2FCF6DD50D193150CE1.d.143ABD4511222D2EA8720CC3713D6EE0.e.2083/value - {"text":"Germany"}
COMMAND: GET /session/612db7fa7930bbb36023b099dfe9ab59/screenshot - {}
RESULT: {"text":"Germany"}
COMMAND: POST /session/612db7fa7930bbb36023b099dfe9ab59/execute/async - {"script":"<script> [1562 bytes]","args":[{"selector":{"id":"application-managesites-display-component---NewSite--addressEditDetailsCostObjectCstType-arrow"},"wdio_ui5_key":"applicationmanagesites-display-component---NewSite--addressEditDetailsCostObjectCstType-arrow"}]}
COMMAND: GET /session/612db7fa7930bbb36023b099dfe9ab59/screenshot - {}
RESULT: {}
RESULT: {"script":"<script> [1562 bytes]","args":[{"selector":{"id":"application-managesites-display-component---NewSite--addressEditDetailsCostObjectCstType-arrow"},"wdio_ui5_key":"applicationmanagesites-display-component---NewSite--addressEditDetailsCostObjectCstType-arrow"}]}
RESULT: undefined
COMMAND: POST /session/612db7fa7930bbb36023b099dfe9ab59/element - {"using":"xpath","value":"//*[@id=\"application-managesites-display-component---NewSite--addressEditDetailsCostObjectCstType-arrow\"]"}
RESULT: {}
RESULT: {"using":"xpath","value":"//*[@id=\"application-managesites-display-component---NewSite--addressEditDetailsCostObjectCstType-arrow\"]"}
COMMAND: POST /session/612db7fa7930bbb36023b099dfe9ab59/element/f.E3CD5E68D1E1B2FCF6DD50D193150CE1.d.143ABD4511222D2EA8720CC3713D6EE0.e.2270/click - {}
RESULT: {}
COMMAND: POST /session/612db7fa7930bbb36023b099dfe9ab59/element - {"using":"xpath","value":"//span[contains(text(), \"Work Breakdown Structure\")]"}
COMMAND: GET /session/612db7fa7930bbb36023b099dfe9ab59/screenshot - {}
RESULT: {"using":"xpath","value":"//span[contains(text(), \"Work Breakdown Structure\")]"}
COMMAND: POST /session/612db7fa7930bbb36023b099dfe9ab59/element/f.E3CD5E68D1E1B2FCF6DD50D193150CE1.d.143ABD4511222D2EA8720CC3713D6EE0.e.2271/click - {}
RESULT: {}
RESULT: {}
COMMAND: GET /session/612db7fa7930bbb36023b099dfe9ab59/screenshot - {}
RESULT: {}
COMMAND: POST /session/612db7fa7930bbb36023b099dfe9ab59/execute/async - {"script":"<script> [1562 bytes]","args":[{"selector":{"id":"application-managesites-display-component---NewSite--addressNewCostObjectCstID-vhi"},"wdio_ui5_key":"applicationmanagesites-display-component---NewSite--addressNewCostObjectCstID-vhi"}]}
RESULT: {"script":"<script> [1562 bytes]","args":[{"selector":{"id":"application-managesites-display-component---NewSite--addressNewCostObjectCstID-vhi"},"wdio_ui5_key":"applicationmanagesites-display-component---NewSite--addressNewCostObjectCstID-vhi"}]}
RESULT: undefined
COMMAND: POST /session/612db7fa7930bbb36023b099dfe9ab59/element - {"using":"xpath","value":"//*[@id=\"application-managesites-display-component---NewSite--addressNewCostObjectCstID-vhi\"]"}
RESULT: {"using":"xpath","value":"//*[@id=\"application-managesites-display-component---NewSite--addressNewCostObjectCstID-vhi\"]"}
COMMAND: POST /session/612db7fa7930bbb36023b099dfe9ab59/element/f.E3CD5E68D1E1B2FCF6DD50D193150CE1.d.143ABD4511222D2EA8720CC3713D6EE0.e.2275/click - {}
RESULT: {}
COMMAND: GET /session/612db7fa7930bbb36023b099dfe9ab59/screenshot - {}
RESULT: {}
COMMAND: POST /session/612db7fa7930bbb36023b099dfe9ab59/execute/async - {"script":"<script> [1562 bytes]","args":[{"selector":{"controlType":"sap.m.SearchField","properties":{"placeholder":"Search"},"searchOpenDialogs":true,"interaction":{"idSuffix":"I"}},"wdio_ui5_key":"sapm.SearchField{\"placeholder\":\"Search\"}"}]}
RESULT: {"script":"<script> [1562 bytes]","args":[{"selector":{"controlType":"sap.m.SearchField","properties":{"placeholder":"Search"},"searchOpenDialogs":true,"interaction":{"idSuffix":"I"}},"wdio_ui5_key":"sapm.SearchField{\"placeholder\":\"Search\"}"}]}
RESULT: undefined
COMMAND: POST /session/612db7fa7930bbb36023b099dfe9ab59/execute/async - {"script":"<script> [776 bytes]","args":[{"enterText":"A1-000100-01","selector":{"controlType":"sap.m.SearchField","properties":{"placeholder":"Search"},"searchOpenDialogs":true,"interaction":{"idSuffix":"I"}},"clearTextFirst":true,"interactionType":"ENTER_TEXT"}]}
RESULT: {"script":"<script> [776 bytes]","args":[{"enterText":"A1-000100-01","selector":{"controlType":"sap.m.SearchField","properties":{"placeholder":"Search"},"searchOpenDialogs":true,"interaction":{"idSuffix":"I"}},"clearTextFirst":true,"interactionType":"ENTER_TEXT"}]}
COMMAND: POST /session/612db7fa7930bbb36023b099dfe9ab59/actions - {"actions":[{"id":"action3","type":"key","parameters":{},"actions":[{"type":"keyDown","value":""},{"type":"pause","duration":10},{"type":"keyUp","value":""}]}]}
RESULT: {"actions":[{"id":"action3","type":"key","parameters":{},"actions":[{"type":"keyDown","value":""},{"type":"pause","duration":10},{"type":"keyUp","value":""}]}]}
COMMAND: GET /session/612db7fa7930bbb36023b099dfe9ab59/screenshot - {}
RESULT: {}
COMMAND: POST /session/612db7fa7930bbb36023b099dfe9ab59/element - {"using":"xpath","value":"//span[contains(text(), \"Template for ETO-Process\")]"}
RESULT: {"using":"xpath","value":"//span[contains(text(), \"Template for ETO-Process\")]"}
COMMAND: POST /session/612db7fa7930bbb36023b099dfe9ab59/element/f.E3CD5E68D1E1B2FCF6DD50D193150CE1.d.143ABD4511222D2EA8720CC3713D6EE0.e.2295/click - {}
RESULT: {}
COMMAND: GET /session/612db7fa7930bbb36023b099dfe9ab59/screenshot - {}
RESULT: {}
COMMAND: POST /session/612db7fa7930bbb36023b099dfe9ab59/element - {"using":"xpath","value":"//bdi[contains(text(), \"OK\")]"}
RESULT: {"using":"xpath","value":"//bdi[contains(text(), \"OK\")]"}
COMMAND: POST /session/612db7fa7930bbb36023b099dfe9ab59/element/f.E3CD5E68D1E1B2FCF6DD50D193150CE1.d.143ABD4511222D2EA8720CC3713D6EE0.e.2296/click - {}
RESULT: {}
COMMAND: GET /session/612db7fa7930bbb36023b099dfe9ab59/screenshot - {}
RESULT: {}
COMMAND: POST /session/612db7fa7930bbb36023b099dfe9ab59/element - {"using":"xpath","value":"//input[@id=\"application-managesites-display-component---NewSite--addressDetailDetailsYard-inner\"]"}
RESULT: {"using":"xpath","value":"//input[@id=\"application-managesites-display-component---NewSite--addressDetailDetailsYard-inner\"]"}
COMMAND: POST /session/612db7fa7930bbb36023b099dfe9ab59/element/f.E3CD5E68D1E1B2FCF6DD50D193150CE1.d.143ABD4511222D2EA8720CC3713D6EE0.e.2084/value - {"text":"WebdriverYard90ykt"}
RESULT: {"text":"WebdriverYard90ykt"}
COMMAND: GET /session/612db7fa7930bbb36023b099dfe9ab59/screenshot - {}
RESULT: {}
COMMAND: POST /session/612db7fa7930bbb36023b099dfe9ab59/actions - {"actions":[{"id":"action4","type":"key","parameters":{},"actions":[{"type":"keyDown","value":""},{"type":"pause","duration":10},{"type":"keyUp","value":""}]}]}
RESULT: {"actions":[{"id":"action4","type":"key","parameters":{},"actions":[{"type":"keyDown","value":""},{"type":"pause","duration":10},{"type":"keyUp","value":""}]}]}
COMMAND: GET /session/612db7fa7930bbb36023b099dfe9ab59/screenshot - {}
RESULT: {}
COMMAND: POST /session/612db7fa7930bbb36023b099dfe9ab59/element - {"using":"xpath","value":"//input[@id=\"application-managesites-display-component---NewSite--addressDetailDetailsPartner-inner\"]"}
RESULT: {"using":"xpath","value":"//input[@id=\"application-managesites-display-component---NewSite--addressDetailDetailsPartner-inner\"]"}
COMMAND: POST /session/612db7fa7930bbb36023b099dfe9ab59/elements - {"using":"xpath","value":"//input[@id=\"application-managesites-display-component---NewSite--addressDetailDetailsPartner-inner\"]"}
RESULT: {"using":"xpath","value":"//input[@id=\"application-managesites-display-component---NewSite--addressDetailDetailsPartner-inner\"]"}
COMMAND: POST /session/612db7fa7930bbb36023b099dfe9ab59/execute/async - {"script":"<script> [1562 bytes]","args":[{"selector":{"controlType":"sap.m.Button","viewName":"etm.portal.ui.managesites.view.NewSmartSite","viewId":"application-managesites-display-component---NewSite","properties":{"text":"Commercial"},"interaction":{"idSuffix":"BDI-content"}},"wdio_ui5_key":"etmportal.ui.managesites.view.NewSmartSitesap.m.Button{\"text\":\"Commercial\"}"}]}
RESULT: {"script":"<script> [1562 bytes]","args":[{"selector":{"controlType":"sap.m.Button","viewName":"etm.portal.ui.managesites.view.NewSmartSite","viewId":"application-managesites-display-component---NewSite","properties":{"text":"Commercial"},"interaction":{"idSuffix":"BDI-content"}},"wdio_ui5_key":"etmportal.ui.managesites.view.NewSmartSitesap.m.Button{\"text\":\"Commercial\"}"}]}
RESULT: undefined
COMMAND: POST /session/612db7fa7930bbb36023b099dfe9ab59/element - {"using":"xpath","value":"//*[@id=\"application-managesites-display-component---NewSite--ObjectPageLayout-anchBar-__section31-anchor\"]"}
RESULT: {"using":"xpath","value":"//*[@id=\"application-managesites-display-component---NewSite--ObjectPageLayout-anchBar-__section31-anchor\"]"}
COMMAND: POST /session/612db7fa7930bbb36023b099dfe9ab59/element/f.E3CD5E68D1E1B2FCF6DD50D193150CE1.d.143ABD4511222D2EA8720CC3713D6EE0.e.2303/click - {}
RESULT: {}
COMMAND: POST /session/612db7fa7930bbb36023b099dfe9ab59/execute/async - {"script":"<script> [1562 bytes]","args":[{"selector":{"controlType":"sap.m.Button","viewName":"etm.portal.ui.managesites.view.NewSmartSite","viewId":"application-managesites-display-component---NewSite","i18NText":{"propertyName":"text","key":"save"},"interaction":{"idSuffix":"BDI-content"}},"wdio_ui5_key":"etmportal.ui.managesites.view.NewSmartSitesap.m.Button{\"propertyName\":\"text\",\"key\":\"save\"}"}]}
COMMAND: GET /session/612db7fa7930bbb36023b099dfe9ab59/screenshot - {}
RESULT: {"script":"<script> [1562 bytes]","args":[{"selector":{"controlType":"sap.m.Button","viewName":"etm.portal.ui.managesites.view.NewSmartSite","viewId":"application-managesites-display-component---NewSite","i18NText":{"propertyName":"text","key":"save"},"interaction":{"idSuffix":"BDI-content"}},"wdio_ui5_key":"etmportal.ui.managesites.view.NewSmartSitesap.m.Button{\"propertyName\":\"text\",\"key\":\"save\"}"}]}
RESULT: undefined
COMMAND: POST /session/612db7fa7930bbb36023b099dfe9ab59/element - {"using":"xpath","value":"//*[@id=\"__button64\"]"}
RESULT: {}
RESULT: {"using":"xpath","value":"//*[@id=\"__button64\"]"}
COMMAND: POST /session/612db7fa7930bbb36023b099dfe9ab59/element/f.E3CD5E68D1E1B2FCF6DD50D193150CE1.d.143ABD4511222D2EA8720CC3713D6EE0.e.2258/click - {}
RESULT: {}
COMMAND: GET /session/612db7fa7930bbb36023b099dfe9ab59/screenshot - {}
RESULT: {}
COMMAND: POST /session/612db7fa7930bbb36023b099dfe9ab59/execute/async - {"script":"<script> [1562 bytes]","args":[{"selector":{"id":"application-managesites-display-component---detailSite--addressDetailDetailsYardText"},"wdio_ui5_key":"applicationmanagesites-display-component---detailSite--addressDetailDetailsYardText"}]}
RESULT: {"script":"<script> [1562 bytes]","args":[{"selector":{"id":"application-managesites-display-component---detailSite--addressDetailDetailsYardText"},"wdio_ui5_key":"applicationmanagesites-display-component---detailSite--addressDetailDetailsYardText"}]}
RESULT: undefined
COMMAND: POST /session/612db7fa7930bbb36023b099dfe9ab59/element - {"using":"xpath","value":"//header/div/div[2]/div[2]/span"}
RESULT: {"using":"xpath","value":"//header/div/div[2]/div[2]/span"}
COMMAND: GET /session/612db7fa7930bbb36023b099dfe9ab59/element/f.E3CD5E68D1E1B2FCF6DD50D193150CE1.d.143ABD4511222D2EA8720CC3713D6EE0.e.2507/text - {}
RESULT: {}
COMMAND: POST /session/612db7fa7930bbb36023b099dfe9ab59/element - {"using":"xpath","value":"//header/div/div/div/div/div/div[2]/div/span"}
RESULT: {"using":"xpath","value":"//header/div/div/div/div/div/div[2]/div/span"}
COMMAND: GET /session/612db7fa7930bbb36023b099dfe9ab59/element/f.E3CD5E68D1E1B2FCF6DD50D193150CE1.d.143ABD4511222D2EA8720CC3713D6EE0.e.2508/text - {}
RESULT: {}
COMMAND: POST /session/612db7fa7930bbb36023b099dfe9ab59/element - {"using":"css selector","value":"#shell-header-logo"}
RESULT: {"using":"css selector","value":"#shell-header-logo"}
COMMAND: POST /session/612db7fa7930bbb36023b099dfe9ab59/element/f.E3CD5E68D1E1B2FCF6DD50D193150CE1.d.143ABD4511222D2EA8720CC3713D6EE0.e.1845/click - {}
RESULT: {}
COMMAND: GET /session/612db7fa7930bbb36023b099dfe9ab59/screenshot - {}
RESULT: {}
]]></system-out>
    </testcase>
    <testcase classname="chrome.136_0_7103_93.windows.Standard_contract_-_add_contract_items_by_Insert_Request_US118222" name="Should create 2 new resources and a catalog item" time="374.887">
      <system-out><![CDATA[
COMMAND: POST /session/612db7fa7930bbb36023b099dfe9ab59/execute/async - {"script":"<script> [1562 bytes]","args":[{"selector":{"controlType":"sap.m.GenericTile","properties":{"header":"Manage Resources"}},"wdio_ui5_key":"sapm.GenericTile{\"header\":\"Manage Resources\"}"}]}
RESULT: {"script":"<script> [1562 bytes]","args":[{"selector":{"controlType":"sap.m.GenericTile","properties":{"header":"Manage Resources"}},"wdio_ui5_key":"sapm.GenericTile{\"header\":\"Manage Resources\"}"}]}
RESULT: undefined
COMMAND: POST /session/612db7fa7930bbb36023b099dfe9ab59/element - {"using":"xpath","value":"//*[@id=\"__tile39\"]"}
RESULT: {"using":"xpath","value":"//*[@id=\"__tile39\"]"}
COMMAND: POST /session/612db7fa7930bbb36023b099dfe9ab59/element/f.E3CD5E68D1E1B2FCF6DD50D193150CE1.d.143ABD4511222D2EA8720CC3713D6EE0.e.2511/click - {}
RESULT: {}
COMMAND: GET /session/612db7fa7930bbb36023b099dfe9ab59/screenshot - {}
RESULT: {}
COMMAND: POST /session/612db7fa7930bbb36023b099dfe9ab59/elements - {"using":"xpath","value":"//span[text()='Error']"}
RESULT: {"using":"xpath","value":"//span[text()='Error']"}
COMMAND: POST /session/612db7fa7930bbb36023b099dfe9ab59/element - {"using":"xpath","value":"//button[@data-kt=\"addNewRUOverflowToolbarButton\"]"}
RESULT: {"using":"xpath","value":"//button[@data-kt=\"addNewRUOverflowToolbarButton\"]"}
COMMAND: POST /session/612db7fa7930bbb36023b099dfe9ab59/execute/sync - {"script":"<script> [8489 bytes]","args":[{"element-6066-11e4-a52e-4f735466cecf":"f.E3CD5E68D1E1B2FCF6DD50D193150CE1.d.143ABD4511222D2EA8720CC3713D6EE0.e.2555","ELEMENT":"f.E3CD5E68D1E1B2FCF6DD50D193150CE1.d.143ABD4511222D2EA8720CC3713D6EE0.e.2555"}]}
RESULT: {"script":"<script> [8489 bytes]","args":[{"element-6066-11e4-a52e-4f735466cecf":"f.E3CD5E68D1E1B2FCF6DD50D193150CE1.d.143ABD4511222D2EA8720CC3713D6EE0.e.2555","ELEMENT":"f.E3CD5E68D1E1B2FCF6DD50D193150CE1.d.143ABD4511222D2EA8720CC3713D6EE0.e.2555"}]}
COMMAND: POST /session/612db7fa7930bbb36023b099dfe9ab59/element/f.E3CD5E68D1E1B2FCF6DD50D193150CE1.d.143ABD4511222D2EA8720CC3713D6EE0.e.2555/click - {}
COMMAND: GET /session/612db7fa7930bbb36023b099dfe9ab59/screenshot - {}
RESULT: {}
COMMAND: POST /session/612db7fa7930bbb36023b099dfe9ab59/execute/async - {"script":"<script> [1562 bytes]","args":[{"selector":{"id":"application-manageresources-display-component---newResourceUnit--TYPE-arrow"},"wdio_ui5_key":"applicationmanageresources-display-component---newResourceUnit--TYPE-arrow"}]}
COMMAND: GET /session/612db7fa7930bbb36023b099dfe9ab59/screenshot - {}
RESULT: {}
RESULT: {}
RESULT: {"script":"<script> [1562 bytes]","args":[{"selector":{"id":"application-manageresources-display-component---newResourceUnit--TYPE-arrow"},"wdio_ui5_key":"applicationmanageresources-display-component---newResourceUnit--TYPE-arrow"}]}
RESULT: undefined
COMMAND: POST /session/612db7fa7930bbb36023b099dfe9ab59/element - {"using":"xpath","value":"//*[@id=\"application-manageresources-display-component---newResourceUnit--TYPE-arrow\"]"}
RESULT: {"using":"xpath","value":"//*[@id=\"application-manageresources-display-component---newResourceUnit--TYPE-arrow\"]"}
COMMAND: POST /session/612db7fa7930bbb36023b099dfe9ab59/element/f.E3CD5E68D1E1B2FCF6DD50D193150CE1.d.143ABD4511222D2EA8720CC3713D6EE0.e.2879/click - {}
RESULT: {}
COMMAND: POST /session/612db7fa7930bbb36023b099dfe9ab59/execute/async - {"script":"<script> [1562 bytes]","args":[{"selector":{"controlType":"sap.m.StandardListItem","viewName":"reusables.view.manageresources.NewResourceUnit","viewId":"application-manageresources-display-component---newResourceUnit","properties":{"title":"Material"},"searchOpenDialogs":true,"interaction":{"idSuffix":"titleText"}},"wdio_ui5_key":"reusablesview.manageresources.NewResourceUnitsap.m.StandardListItem{\"title\":\"Material\"}"}]}
COMMAND: GET /session/612db7fa7930bbb36023b099dfe9ab59/screenshot - {}
RESULT: {"script":"<script> [1562 bytes]","args":[{"selector":{"controlType":"sap.m.StandardListItem","viewName":"reusables.view.manageresources.NewResourceUnit","viewId":"application-manageresources-display-component---newResourceUnit","properties":{"title":"Material"},"searchOpenDialogs":true,"interaction":{"idSuffix":"titleText"}},"wdio_ui5_key":"reusablesview.manageresources.NewResourceUnitsap.m.StandardListItem{\"title\":\"Material\"}"}]}
RESULT: undefined
COMMAND: POST /session/612db7fa7930bbb36023b099dfe9ab59/element - {"using":"xpath","value":"//*[@id=\"__item895\"]"}
RESULT: {}
RESULT: {"using":"xpath","value":"//*[@id=\"__item895\"]"}
COMMAND: POST /session/612db7fa7930bbb36023b099dfe9ab59/element/f.E3CD5E68D1E1B2FCF6DD50D193150CE1.d.143ABD4511222D2EA8720CC3713D6EE0.e.2882/click - {}
RESULT: {}
COMMAND: POST /session/612db7fa7930bbb36023b099dfe9ab59/execute/async - {"script":"<script> [1562 bytes]","args":[{"selector":{"id":"application-manageresources-display-component---newResourceUnit--SHORT_TEXT","interaction":{"idSuffix":"inner"}},"wdio_ui5_key":"applicationmanageresources-display-component---newResourceUnit--SHORT_TEXT"}]}
COMMAND: GET /session/612db7fa7930bbb36023b099dfe9ab59/screenshot - {}
RESULT: {"script":"<script> [1562 bytes]","args":[{"selector":{"id":"application-manageresources-display-component---newResourceUnit--SHORT_TEXT","interaction":{"idSuffix":"inner"}},"wdio_ui5_key":"applicationmanageresources-display-component---newResourceUnit--SHORT_TEXT"}]}
RESULT: undefined
COMMAND: POST /session/612db7fa7930bbb36023b099dfe9ab59/execute/async - {"script":"<script> [776 bytes]","args":[{"enterText":"WebdriverRUR2C9eyv5","selector":{"id":"application-manageresources-display-component---newResourceUnit--SHORT_TEXT","interaction":{"idSuffix":"inner"}},"clearTextFirst":true,"interactionType":"ENTER_TEXT"}]}
RESULT: {}
RESULT: {"script":"<script> [776 bytes]","args":[{"enterText":"WebdriverRUR2C9eyv5","selector":{"id":"application-manageresources-display-component---newResourceUnit--SHORT_TEXT","interaction":{"idSuffix":"inner"}},"clearTextFirst":true,"interactionType":"ENTER_TEXT"}]}
COMMAND: POST /session/612db7fa7930bbb36023b099dfe9ab59/execute/async - {"script":"<script> [1562 bytes]","args":[{"selector":{"id":"application-manageresources-display-component---newResourceUnit--BASE_UNIT_OF_MEASURE-arrow"},"wdio_ui5_key":"applicationmanageresources-display-component---newResourceUnit--BASE_UNIT_OF_MEASURE-arrow"}]}
RESULT: {"script":"<script> [1562 bytes]","args":[{"selector":{"id":"application-manageresources-display-component---newResourceUnit--BASE_UNIT_OF_MEASURE-arrow"},"wdio_ui5_key":"applicationmanageresources-display-component---newResourceUnit--BASE_UNIT_OF_MEASURE-arrow"}]}
RESULT: undefined
COMMAND: POST /session/612db7fa7930bbb36023b099dfe9ab59/element - {"using":"xpath","value":"//*[@id=\"application-manageresources-display-component---newResourceUnit--BASE_UNIT_OF_MEASURE-arrow\"]"}
RESULT: {"using":"xpath","value":"//*[@id=\"application-manageresources-display-component---newResourceUnit--BASE_UNIT_OF_MEASURE-arrow\"]"}
COMMAND: POST /session/612db7fa7930bbb36023b099dfe9ab59/element/f.E3CD5E68D1E1B2FCF6DD50D193150CE1.d.143ABD4511222D2EA8720CC3713D6EE0.e.3003/click - {}
RESULT: {}
COMMAND: POST /session/612db7fa7930bbb36023b099dfe9ab59/execute/async - {"script":"<script> [1562 bytes]","args":[{"selector":{"controlType":"sap.m.StandardListItem","viewName":"reusables.view.manageresources.NewResourceUnit","viewId":"application-manageresources-display-component---newResourceUnit","properties":{"title":"Piece"},"searchOpenDialogs":true,"interaction":{"idSuffix":"titleText"}},"wdio_ui5_key":"reusablesview.manageresources.NewResourceUnitsap.m.StandardListItem{\"title\":\"Piece\"}"}]}
COMMAND: GET /session/612db7fa7930bbb36023b099dfe9ab59/screenshot - {}
RESULT: {"script":"<script> [1562 bytes]","args":[{"selector":{"controlType":"sap.m.StandardListItem","viewName":"reusables.view.manageresources.NewResourceUnit","viewId":"application-manageresources-display-component---newResourceUnit","properties":{"title":"Piece"},"searchOpenDialogs":true,"interaction":{"idSuffix":"titleText"}},"wdio_ui5_key":"reusablesview.manageresources.NewResourceUnitsap.m.StandardListItem{\"title\":\"Piece\"}"}]}
RESULT: undefined
COMMAND: POST /session/612db7fa7930bbb36023b099dfe9ab59/element - {"using":"xpath","value":"//*[@id=\"__item948\"]"}
RESULT: {}
RESULT: {"using":"xpath","value":"//*[@id=\"__item948\"]"}
COMMAND: POST /session/612db7fa7930bbb36023b099dfe9ab59/element/f.E3CD5E68D1E1B2FCF6DD50D193150CE1.d.143ABD4511222D2EA8720CC3713D6EE0.e.3005/click - {}
RESULT: {}
COMMAND: POST /session/612db7fa7930bbb36023b099dfe9ab59/element - {"using":"xpath","value":"//input[contains(@id ,\"application-manageresources-display-component---newResourceUnit--SHORT_TEXT-inner\")]"}
COMMAND: GET /session/612db7fa7930bbb36023b099dfe9ab59/screenshot - {}
RESULT: {"using":"xpath","value":"//input[contains(@id ,\"application-manageresources-display-component---newResourceUnit--SHORT_TEXT-inner\")]"}
COMMAND: GET /session/612db7fa7930bbb36023b099dfe9ab59/element/f.E3CD5E68D1E1B2FCF6DD50D193150CE1.d.143ABD4511222D2EA8720CC3713D6EE0.e.2900/property/value - {}
RESULT: {}
RESULT: {}
COMMAND: POST /session/612db7fa7930bbb36023b099dfe9ab59/execute/async - {"script":"<script> [1562 bytes]","args":[{"selector":{"id":"application-manageresources-display-component---newResourceUnit--WEIGHT_UNIT-arrow"},"wdio_ui5_key":"applicationmanageresources-display-component---newResourceUnit--WEIGHT_UNIT-arrow"}]}
COMMAND: GET /session/612db7fa7930bbb36023b099dfe9ab59/screenshot - {}
RESULT: {"script":"<script> [1562 bytes]","args":[{"selector":{"id":"application-manageresources-display-component---newResourceUnit--WEIGHT_UNIT-arrow"},"wdio_ui5_key":"applicationmanageresources-display-component---newResourceUnit--WEIGHT_UNIT-arrow"}]}
RESULT: undefined
COMMAND: POST /session/612db7fa7930bbb36023b099dfe9ab59/element - {"using":"xpath","value":"//*[@id=\"application-manageresources-display-component---newResourceUnit--WEIGHT_UNIT-arrow\"]"}
RESULT: {}
RESULT: {"using":"xpath","value":"//*[@id=\"application-manageresources-display-component---newResourceUnit--WEIGHT_UNIT-arrow\"]"}
COMMAND: POST /session/612db7fa7930bbb36023b099dfe9ab59/element/f.E3CD5E68D1E1B2FCF6DD50D193150CE1.d.143ABD4511222D2EA8720CC3713D6EE0.e.3006/click - {}
RESULT: {}
COMMAND: POST /session/612db7fa7930bbb36023b099dfe9ab59/execute/async - {"script":"<script> [1562 bytes]","args":[{"selector":{"controlType":"sap.m.StandardListItem","viewName":"reusables.view.manageresources.NewResourceUnit","viewId":"application-manageresources-display-component---newResourceUnit","properties":{"title":"Gram"},"searchOpenDialogs":true,"interaction":{"idSuffix":"content"}},"wdio_ui5_key":"reusablesview.manageresources.NewResourceUnitsap.m.StandardListItem{\"title\":\"Gram\"}"}]}
COMMAND: GET /session/612db7fa7930bbb36023b099dfe9ab59/screenshot - {}
RESULT: {"script":"<script> [1562 bytes]","args":[{"selector":{"controlType":"sap.m.StandardListItem","viewName":"reusables.view.manageresources.NewResourceUnit","viewId":"application-manageresources-display-component---newResourceUnit","properties":{"title":"Gram"},"searchOpenDialogs":true,"interaction":{"idSuffix":"content"}},"wdio_ui5_key":"reusablesview.manageresources.NewResourceUnitsap.m.StandardListItem{\"title\":\"Gram\"}"}]}
RESULT: undefined
COMMAND: POST /session/612db7fa7930bbb36023b099dfe9ab59/element - {"using":"xpath","value":"//*[@id=\"__item1013\"]"}
RESULT: {}
RESULT: {"using":"xpath","value":"//*[@id=\"__item1013\"]"}
COMMAND: POST /session/612db7fa7930bbb36023b099dfe9ab59/element/f.E3CD5E68D1E1B2FCF6DD50D193150CE1.d.143ABD4511222D2EA8720CC3713D6EE0.e.3008/click - {}
RESULT: {}
COMMAND: POST /session/612db7fa7930bbb36023b099dfe9ab59/execute/async - {"script":"<script> [1562 bytes]","args":[{"selector":{"id":"application-manageresources-display-component---newResourceUnit--newRRUPage-OPHeaderContent-collapseBtn-img"},"wdio_ui5_key":"applicationmanageresources-display-component---newResourceUnit--newRRUPage-OPHeaderContent-collapseBtn-img"}]}
COMMAND: GET /session/612db7fa7930bbb36023b099dfe9ab59/screenshot - {}
RESULT: {"script":"<script> [1562 bytes]","args":[{"selector":{"id":"application-manageresources-display-component---newResourceUnit--newRRUPage-OPHeaderContent-collapseBtn-img"},"wdio_ui5_key":"applicationmanageresources-display-component---newResourceUnit--newRRUPage-OPHeaderContent-collapseBtn-img"}]}
RESULT: undefined
COMMAND: POST /session/612db7fa7930bbb36023b099dfe9ab59/element - {"using":"xpath","value":"//*[@id=\"application-manageresources-display-component---newResourceUnit--newRRUPage-OPHeaderContent-collapseBtn-img\"]"}
RESULT: {}
RESULT: {"using":"xpath","value":"//*[@id=\"application-manageresources-display-component---newResourceUnit--newRRUPage-OPHeaderContent-collapseBtn-img\"]"}
COMMAND: POST /session/612db7fa7930bbb36023b099dfe9ab59/element/f.E3CD5E68D1E1B2FCF6DD50D193150CE1.d.143ABD4511222D2EA8720CC3713D6EE0.e.2889/click - {}
RESULT: {}
COMMAND: GET /session/612db7fa7930bbb36023b099dfe9ab59/screenshot - {}
RESULT: {}
COMMAND: POST /session/612db7fa7930bbb36023b099dfe9ab59/element - {"using":"xpath","value":"(//span[contains(@id ,\"application-manageresources-display-component---newResourceUnit--DIMENSION_UNIT-arrow\")])[1]"}
RESULT: {"using":"xpath","value":"(//span[contains(@id ,\"application-manageresources-display-component---newResourceUnit--DIMENSION_UNIT-arrow\")])[1]"}
COMMAND: POST /session/612db7fa7930bbb36023b099dfe9ab59/element/f.E3CD5E68D1E1B2FCF6DD50D193150CE1.d.143ABD4511222D2EA8720CC3713D6EE0.e.3014/click - {}
RESULT: {}
COMMAND: GET /session/612db7fa7930bbb36023b099dfe9ab59/screenshot - {}
RESULT: {}
COMMAND: POST /session/612db7fa7930bbb36023b099dfe9ab59/execute/async - {"script":"<script> [1562 bytes]","args":[{"selector":{"controlType":"sap.m.StandardListItem","viewName":"reusables.view.manageresources.NewResourceUnit","viewId":"application-manageresources-display-component---newResourceUnit","properties":{"title":"Centimeter"},"searchOpenDialogs":true,"interaction":{"idSuffix":"titleText"}},"wdio_ui5_key":"reusablesview.manageresources.NewResourceUnitsap.m.StandardListItem{\"title\":\"Centimeter\"}"}]}
RESULT: {"script":"<script> [1562 bytes]","args":[{"selector":{"controlType":"sap.m.StandardListItem","viewName":"reusables.view.manageresources.NewResourceUnit","viewId":"application-manageresources-display-component---newResourceUnit","properties":{"title":"Centimeter"},"searchOpenDialogs":true,"interaction":{"idSuffix":"titleText"}},"wdio_ui5_key":"reusablesview.manageresources.NewResourceUnitsap.m.StandardListItem{\"title\":\"Centimeter\"}"}]}
RESULT: undefined
COMMAND: POST /session/612db7fa7930bbb36023b099dfe9ab59/element - {"using":"xpath","value":"//*[@id=\"__item1016\"]"}
RESULT: {"using":"xpath","value":"//*[@id=\"__item1016\"]"}
COMMAND: POST /session/612db7fa7930bbb36023b099dfe9ab59/element/f.E3CD5E68D1E1B2FCF6DD50D193150CE1.d.143ABD4511222D2EA8720CC3713D6EE0.e.3016/click - {}
RESULT: {}
COMMAND: POST /session/612db7fa7930bbb36023b099dfe9ab59/execute/async - {"script":"<script> [1562 bytes]","args":[{"selector":{"id":"application-manageresources-display-component---newResourceUnit--newRRUPage-anchBar-application-manageresources-display-component---newResourceUnit--reference-anchor","interaction":{"idSuffix":"BDI-content"}},"wdio_ui5_key":"applicationmanageresources-display-component---newResourceUnit--newRRUPage-anchBar-application-manageresources-display-component---newResourceUnit--reference-anchor"}]}
COMMAND: GET /session/612db7fa7930bbb36023b099dfe9ab59/screenshot - {}
RESULT: {"script":"<script> [1562 bytes]","args":[{"selector":{"id":"application-manageresources-display-component---newResourceUnit--newRRUPage-anchBar-application-manageresources-display-component---newResourceUnit--reference-anchor","interaction":{"idSuffix":"BDI-content"}},"wdio_ui5_key":"applicationmanageresources-display-component---newResourceUnit--newRRUPage-anchBar-application-manageresources-display-component---newResourceUnit--reference-anchor"}]}
RESULT: undefined
COMMAND: POST /session/612db7fa7930bbb36023b099dfe9ab59/element - {"using":"xpath","value":"//*[@id=\"application-manageresources-display-component---newResourceUnit--newRRUPage-anchBar-application-manageresources-display-component---newResourceUnit--reference-anchor\"]"}
RESULT: {}
RESULT: {"using":"xpath","value":"//*[@id=\"application-manageresources-display-component---newResourceUnit--newRRUPage-anchBar-application-manageresources-display-component---newResourceUnit--reference-anchor\"]"}
COMMAND: POST /session/612db7fa7930bbb36023b099dfe9ab59/element/f.E3CD5E68D1E1B2FCF6DD50D193150CE1.d.143ABD4511222D2EA8720CC3713D6EE0.e.3018/click - {}
RESULT: {}
COMMAND: POST /session/612db7fa7930bbb36023b099dfe9ab59/execute/async - {"script":"<script> [1562 bytes]","args":[{"selector":{"id":"application-manageresources-display-component---newResourceUnit--PLANNING_GROUP-arrow"},"wdio_ui5_key":"applicationmanageresources-display-component---newResourceUnit--PLANNING_GROUP-arrow"}]}
COMMAND: GET /session/612db7fa7930bbb36023b099dfe9ab59/screenshot - {}
RESULT: {"script":"<script> [1562 bytes]","args":[{"selector":{"id":"application-manageresources-display-component---newResourceUnit--PLANNING_GROUP-arrow"},"wdio_ui5_key":"applicationmanageresources-display-component---newResourceUnit--PLANNING_GROUP-arrow"}]}
RESULT: undefined
COMMAND: POST /session/612db7fa7930bbb36023b099dfe9ab59/element - {"using":"xpath","value":"//*[@id=\"application-manageresources-display-component---newResourceUnit--PLANNING_GROUP-arrow\"]"}
RESULT: {}
RESULT: {"using":"xpath","value":"//*[@id=\"application-manageresources-display-component---newResourceUnit--PLANNING_GROUP-arrow\"]"}
COMMAND: POST /session/612db7fa7930bbb36023b099dfe9ab59/element/f.E3CD5E68D1E1B2FCF6DD50D193150CE1.d.143ABD4511222D2EA8720CC3713D6EE0.e.3022/click - {}
RESULT: {}
COMMAND: POST /session/612db7fa7930bbb36023b099dfe9ab59/execute/async - {"script":"<script> [1562 bytes]","args":[{"selector":{"controlType":"sap.m.StandardListItem","viewName":"reusables.view.manageresources.NewResourceUnit","viewId":"application-manageresources-display-component---newResourceUnit","properties":{"title":"Heavy Equi"},"searchOpenDialogs":true,"interaction":{"idSuffix":"content"}},"wdio_ui5_key":"reusablesview.manageresources.NewResourceUnitsap.m.StandardListItem{\"title\":\"Heavy Equi\"}"}]}
COMMAND: GET /session/612db7fa7930bbb36023b099dfe9ab59/screenshot - {}
RESULT: {"script":"<script> [1562 bytes]","args":[{"selector":{"controlType":"sap.m.StandardListItem","viewName":"reusables.view.manageresources.NewResourceUnit","viewId":"application-manageresources-display-component---newResourceUnit","properties":{"title":"Heavy Equi"},"searchOpenDialogs":true,"interaction":{"idSuffix":"content"}},"wdio_ui5_key":"reusablesview.manageresources.NewResourceUnitsap.m.StandardListItem{\"title\":\"Heavy Equi\"}"}]}
RESULT: undefined
COMMAND: POST /session/612db7fa7930bbb36023b099dfe9ab59/element - {"using":"xpath","value":"//*[@id=\"__item1024\"]"}
RESULT: {}
RESULT: {"using":"xpath","value":"//*[@id=\"__item1024\"]"}
COMMAND: POST /session/612db7fa7930bbb36023b099dfe9ab59/element/f.E3CD5E68D1E1B2FCF6DD50D193150CE1.d.143ABD4511222D2EA8720CC3713D6EE0.e.3024/click - {}
RESULT: {}
COMMAND: GET /session/612db7fa7930bbb36023b099dfe9ab59/screenshot - {}
RESULT: {}
COMMAND: POST /session/612db7fa7930bbb36023b099dfe9ab59/execute/async - {"script":"<script> [1562 bytes]","args":[{"selector":{"id":"application-manageresources-display-component---newResourceUnit--PLANNING_INDICATOR-arrow"},"wdio_ui5_key":"applicationmanageresources-display-component---newResourceUnit--PLANNING_INDICATOR-arrow"}]}
RESULT: {"script":"<script> [1562 bytes]","args":[{"selector":{"id":"application-manageresources-display-component---newResourceUnit--PLANNING_INDICATOR-arrow"},"wdio_ui5_key":"applicationmanageresources-display-component---newResourceUnit--PLANNING_INDICATOR-arrow"}]}
RESULT: undefined
COMMAND: POST /session/612db7fa7930bbb36023b099dfe9ab59/element - {"using":"xpath","value":"//*[@id=\"application-manageresources-display-component---newResourceUnit--PLANNING_INDICATOR-arrow\"]"}
RESULT: {"using":"xpath","value":"//*[@id=\"application-manageresources-display-component---newResourceUnit--PLANNING_INDICATOR-arrow\"]"}
COMMAND: POST /session/612db7fa7930bbb36023b099dfe9ab59/element/f.E3CD5E68D1E1B2FCF6DD50D193150CE1.d.143ABD4511222D2EA8720CC3713D6EE0.e.3025/click - {}
RESULT: {}
COMMAND: POST /session/612db7fa7930bbb36023b099dfe9ab59/execute/async - {"script":"<script> [1562 bytes]","args":[{"selector":{"controlType":"sap.m.StandardListItem","viewName":"reusables.view.manageresources.NewResourceUnit","viewId":"application-manageresources-display-component---newResourceUnit","properties":{"title":"10 - infinite"},"searchOpenDialogs":true,"interaction":{"idSuffix":"content"}},"wdio_ui5_key":"reusablesview.manageresources.NewResourceUnitsap.m.StandardListItem{\"title\":\"10 - infinite\"}"}]}
COMMAND: GET /session/612db7fa7930bbb36023b099dfe9ab59/screenshot - {}
RESULT: {"script":"<script> [1562 bytes]","args":[{"selector":{"controlType":"sap.m.StandardListItem","viewName":"reusables.view.manageresources.NewResourceUnit","viewId":"application-manageresources-display-component---newResourceUnit","properties":{"title":"10 - infinite"},"searchOpenDialogs":true,"interaction":{"idSuffix":"content"}},"wdio_ui5_key":"reusablesview.manageresources.NewResourceUnitsap.m.StandardListItem{\"title\":\"10 - infinite\"}"}]}
RESULT: undefined
COMMAND: POST /session/612db7fa7930bbb36023b099dfe9ab59/element - {"using":"xpath","value":"//*[@id=\"__item1034\"]"}
RESULT: {}
RESULT: {"using":"xpath","value":"//*[@id=\"__item1034\"]"}
COMMAND: POST /session/612db7fa7930bbb36023b099dfe9ab59/element/f.E3CD5E68D1E1B2FCF6DD50D193150CE1.d.143ABD4511222D2EA8720CC3713D6EE0.e.3027/click - {}
RESULT: {}
COMMAND: GET /session/612db7fa7930bbb36023b099dfe9ab59/screenshot - {}
RESULT: {}
COMMAND: POST /session/612db7fa7930bbb36023b099dfe9ab59/element - {"using":"xpath","value":"//bdi[contains(text(), \"Time Segment\")]"}
RESULT: {"using":"xpath","value":"//bdi[contains(text(), \"Time Segment\")]"}
COMMAND: GET /session/612db7fa7930bbb36023b099dfe9ab59/element/f.E3CD5E68D1E1B2FCF6DD50D193150CE1.d.143ABD4511222D2EA8720CC3713D6EE0.e.3028/rect - {}
RESULT: {}
COMMAND: GET /session/612db7fa7930bbb36023b099dfe9ab59/window/rect - {}
RESULT: {}
COMMAND: POST /session/612db7fa7930bbb36023b099dfe9ab59/execute/sync - {"script":"<script> [92 bytes]","args":[]}
RESULT: {"script":"<script> [92 bytes]","args":[]}
COMMAND: POST /session/612db7fa7930bbb36023b099dfe9ab59/actions - {"actions":[{"id":"action5","type":"wheel","parameters":{},"actions":[{"type":"scroll","x":-1820,"y":-21,"deltaX":0,"deltaY":0,"duration":0,"origin":{"element-6066-11e4-a52e-4f735466cecf":"f.E3CD5E68D1E1B2FCF6DD50D193150CE1.d.143ABD4511222D2EA8720CC3713D6EE0.e.3028"}}]}]}
COMMAND: GET /session/612db7fa7930bbb36023b099dfe9ab59/screenshot - {}
RESULT: {}
COMMAND: POST /session/612db7fa7930bbb36023b099dfe9ab59/execute/sync - {"script":"<script> [79 bytes]","args":[{"element-6066-11e4-a52e-4f735466cecf":"f.E3CD5E68D1E1B2FCF6DD50D193150CE1.d.143ABD4511222D2EA8720CC3713D6EE0.e.3028","ELEMENT":"f.E3CD5E68D1E1B2FCF6DD50D193150CE1.d.143ABD4511222D2EA8720CC3713D6EE0.e.3028"},{"block":"start","inline":"nearest"}]}
RESULT: {"script":"<script> [79 bytes]","args":[{"element-6066-11e4-a52e-4f735466cecf":"f.E3CD5E68D1E1B2FCF6DD50D193150CE1.d.143ABD4511222D2EA8720CC3713D6EE0.e.3028","ELEMENT":"f.E3CD5E68D1E1B2FCF6DD50D193150CE1.d.143ABD4511222D2EA8720CC3713D6EE0.e.3028"},{"block":"start","inline":"nearest"}]}
COMMAND: GET /session/612db7fa7930bbb36023b099dfe9ab59/screenshot - {}
RESULT: {}
COMMAND: POST /session/612db7fa7930bbb36023b099dfe9ab59/element - {"using":"xpath","value":"//span[@id=\"application-manageresources-display-component---newResourceUnit--btnAddTimeSegment-img\"]"}
RESULT: {"using":"xpath","value":"//span[@id=\"application-manageresources-display-component---newResourceUnit--btnAddTimeSegment-img\"]"}
COMMAND: POST /session/612db7fa7930bbb36023b099dfe9ab59/execute/sync - {"script":"<script> [8489 bytes]","args":[{"element-6066-11e4-a52e-4f735466cecf":"f.E3CD5E68D1E1B2FCF6DD50D193150CE1.d.143ABD4511222D2EA8720CC3713D6EE0.e.3031","ELEMENT":"f.E3CD5E68D1E1B2FCF6DD50D193150CE1.d.143ABD4511222D2EA8720CC3713D6EE0.e.3031"}]}
RESULT: {"script":"<script> [8489 bytes]","args":[{"element-6066-11e4-a52e-4f735466cecf":"f.E3CD5E68D1E1B2FCF6DD50D193150CE1.d.143ABD4511222D2EA8720CC3713D6EE0.e.3031","ELEMENT":"f.E3CD5E68D1E1B2FCF6DD50D193150CE1.d.143ABD4511222D2EA8720CC3713D6EE0.e.3031"}]}
COMMAND: POST /session/612db7fa7930bbb36023b099dfe9ab59/element/f.E3CD5E68D1E1B2FCF6DD50D193150CE1.d.143ABD4511222D2EA8720CC3713D6EE0.e.3031/click - {}
COMMAND: GET /session/612db7fa7930bbb36023b099dfe9ab59/screenshot - {}
RESULT: {}
COMMAND: GET /session/612db7fa7930bbb36023b099dfe9ab59/screenshot - {}
RESULT: {}
RESULT: {}
COMMAND: POST /session/612db7fa7930bbb36023b099dfe9ab59/element - {"using":"xpath","value":"//input[@id=\"application-manageresources-display-component---newResourceUnit--idRuTSAdmin-application-manageresources-display-component---newResourceUnit--RUTimeSegment-0-inner\"]"}
RESULT: {"using":"xpath","value":"//input[@id=\"application-manageresources-display-component---newResourceUnit--idRuTSAdmin-application-manageresources-display-component---newResourceUnit--RUTimeSegment-0-inner\"]"}
COMMAND: POST /session/612db7fa7930bbb36023b099dfe9ab59/element/f.E3CD5E68D1E1B2FCF6DD50D193150CE1.d.143ABD4511222D2EA8720CC3713D6EE0.e.3034/clear - {}
RESULT: {}
COMMAND: POST /session/612db7fa7930bbb36023b099dfe9ab59/element/f.E3CD5E68D1E1B2FCF6DD50D193150CE1.d.143ABD4511222D2EA8720CC3713D6EE0.e.3034/value - {"text":"WebdriverYard90ykt"}
COMMAND: GET /session/612db7fa7930bbb36023b099dfe9ab59/screenshot - {}
RESULT: {"text":"WebdriverYard90ykt"}
COMMAND: GET /session/612db7fa7930bbb36023b099dfe9ab59/screenshot - {}
RESULT: {}
RESULT: {}
COMMAND: POST /session/612db7fa7930bbb36023b099dfe9ab59/actions - {"actions":[{"id":"action6","type":"key","parameters":{},"actions":[{"type":"keyDown","value":""},{"type":"pause","duration":10},{"type":"keyUp","value":""}]}]}
RESULT: {"actions":[{"id":"action6","type":"key","parameters":{},"actions":[{"type":"keyDown","value":""},{"type":"pause","duration":10},{"type":"keyUp","value":""}]}]}
COMMAND: GET /session/612db7fa7930bbb36023b099dfe9ab59/screenshot - {}
RESULT: {}
COMMAND: POST /session/612db7fa7930bbb36023b099dfe9ab59/execute/async - {"script":"<script> [1562 bytes]","args":[{"selector":{"controlType":"sap.m.Button","viewName":"reusables.view.manageresources.NewResourceUnit","viewId":"application-manageresources-display-component---newResourceUnit","i18NText":{"propertyName":"tooltip","key":"save"},"interaction":{"idSuffix":"BDI-content"}},"wdio_ui5_key":"reusablesview.manageresources.NewResourceUnitsap.m.Button{\"propertyName\":\"tooltip\",\"key\":\"save\"}"}]}
RESULT: {"script":"<script> [1562 bytes]","args":[{"selector":{"controlType":"sap.m.Button","viewName":"reusables.view.manageresources.NewResourceUnit","viewId":"application-manageresources-display-component---newResourceUnit","i18NText":{"propertyName":"tooltip","key":"save"},"interaction":{"idSuffix":"BDI-content"}},"wdio_ui5_key":"reusablesview.manageresources.NewResourceUnitsap.m.Button{\"propertyName\":\"tooltip\",\"key\":\"save\"}"}]}
RESULT: undefined
COMMAND: POST /session/612db7fa7930bbb36023b099dfe9ab59/element - {"using":"xpath","value":"//*[@id=\"application-manageresources-display-component---newResourceUnit--createRuButton\"]"}
RESULT: {"using":"xpath","value":"//*[@id=\"application-manageresources-display-component---newResourceUnit--createRuButton\"]"}
COMMAND: POST /session/612db7fa7930bbb36023b099dfe9ab59/element/f.E3CD5E68D1E1B2FCF6DD50D193150CE1.d.143ABD4511222D2EA8720CC3713D6EE0.e.2895/click - {}
RESULT: {}
COMMAND: GET /session/612db7fa7930bbb36023b099dfe9ab59/screenshot - {}
RESULT: {}
COMMAND: POST /session/612db7fa7930bbb36023b099dfe9ab59/execute/async - {"script":"<script> [1562 bytes]","args":[{"selector":{"controlType":"sap.m.Title","properties":{"text":"Success"},"searchOpenDialogs":true},"wdio_ui5_key":"sapm.Title{\"text\":\"Success\"}"}]}
RESULT: {"script":"<script> [1562 bytes]","args":[{"selector":{"controlType":"sap.m.Title","properties":{"text":"Success"},"searchOpenDialogs":true},"wdio_ui5_key":"sapm.Title{\"text\":\"Success\"}"}]}
RESULT: undefined
COMMAND: POST /session/612db7fa7930bbb36023b099dfe9ab59/execute/async - {"script":"<script> [6424 bytes]","args":[{"element-6066-11e4-a52e-4f735466cecf":"f.E3CD5E68D1E1B2FCF6DD50D193150CE1.d.143ABD4511222D2EA8720CC3713D6EE0.e.3047"},"getText",[]]}
RESULT: {"script":"<script> [6424 bytes]","args":[{"element-6066-11e4-a52e-4f735466cecf":"f.E3CD5E68D1E1B2FCF6DD50D193150CE1.d.143ABD4511222D2EA8720CC3713D6EE0.e.3047"},"getText",[]]}
COMMAND: POST /session/612db7fa7930bbb36023b099dfe9ab59/element - {"using":"xpath","value":"//*[contains(@id, '__text') and (contains(text(), 'successfully created') or contains(., 'successfully created'))]"}
RESULT: {"using":"xpath","value":"//*[contains(@id, '__text') and (contains(text(), 'successfully created') or contains(., 'successfully created'))]"}
COMMAND: GET /session/612db7fa7930bbb36023b099dfe9ab59/element/f.E3CD5E68D1E1B2FCF6DD50D193150CE1.d.143ABD4511222D2EA8720CC3713D6EE0.e.3045/text - {}
RESULT: {}
COMMAND: POST /session/612db7fa7930bbb36023b099dfe9ab59/execute/async - {"script":"<script> [1562 bytes]","args":[{"selector":{"controlType":"sap.m.Button","properties":{"text":"Close"},"searchOpenDialogs":true,"interaction":{"idSuffix":"BDI-content"}},"wdio_ui5_key":"sapm.Button{\"text\":\"Close\"}"}]}
RESULT: {"script":"<script> [1562 bytes]","args":[{"selector":{"controlType":"sap.m.Button","properties":{"text":"Close"},"searchOpenDialogs":true,"interaction":{"idSuffix":"BDI-content"}},"wdio_ui5_key":"sapm.Button{\"text\":\"Close\"}"}]}
RESULT: undefined
COMMAND: POST /session/612db7fa7930bbb36023b099dfe9ab59/element - {"using":"xpath","value":"//*[@id=\"__mbox-btn-0\"]"}
RESULT: {"using":"xpath","value":"//*[@id=\"__mbox-btn-0\"]"}
COMMAND: POST /session/612db7fa7930bbb36023b099dfe9ab59/element/f.E3CD5E68D1E1B2FCF6DD50D193150CE1.d.143ABD4511222D2EA8720CC3713D6EE0.e.3044/click - {}
RESULT: {}
COMMAND: GET /session/612db7fa7930bbb36023b099dfe9ab59/screenshot - {}
RESULT: {}
COMMAND: POST /session/612db7fa7930bbb36023b099dfe9ab59/execute/async - {"script":"<script> [1562 bytes]","args":[{"selector":{"controlType":"sap.ui.core.Icon","viewName":"etm.portal.ui.manageresources.view.Detail","viewId":"application-manageresources-display-component---detailRU","properties":{"src":{"regex":{"source":"overflow"}}}},"wdio_ui5_key":"etmportal.ui.manageresources.view.Detailsap.ui.core.Icon{\"src\":{\"regex\":{\"source\":\"overflow\"}}}"}]}
RESULT: {"script":"<script> [1562 bytes]","args":[{"selector":{"controlType":"sap.ui.core.Icon","viewName":"etm.portal.ui.manageresources.view.Detail","viewId":"application-manageresources-display-component---detailRU","properties":{"src":{"regex":{"source":"overflow"}}}},"wdio_ui5_key":"etmportal.ui.manageresources.view.Detailsap.ui.core.Icon{\"src\":{\"regex\":{\"source\":\"overflow\"}}}"}]}
RESULT: undefined
COMMAND: POST /session/612db7fa7930bbb36023b099dfe9ab59/element - {"using":"xpath","value":"//*[@id=\"__title36-_actionsToolbar-overflowButton-img\"]"}
RESULT: {"using":"xpath","value":"//*[@id=\"__title36-_actionsToolbar-overflowButton-img\"]"}
COMMAND: POST /session/612db7fa7930bbb36023b099dfe9ab59/element/f.E3CD5E68D1E1B2FCF6DD50D193150CE1.d.143ABD4511222D2EA8720CC3713D6EE0.e.3076/click - {}
RESULT: {}
COMMAND: POST /session/612db7fa7930bbb36023b099dfe9ab59/execute/async - {"script":"<script> [1562 bytes]","args":[{"selector":{"controlType":"sap.m.Button","viewName":"etm.portal.ui.manageresources.view.Detail","viewId":"application-manageresources-display-component---detailRU","i18NText":{"propertyName":"tooltip","key":"closeColumn"},"searchOpenDialogs":true,"interaction":{"idSuffix":"inner"}},"wdio_ui5_key":"etmportal.ui.manageresources.view.Detailsap.m.Button{\"propertyName\":\"tooltip\",\"key\":\"closeColumn\"}"}]}
COMMAND: GET /session/612db7fa7930bbb36023b099dfe9ab59/screenshot - {}
RESULT: {"script":"<script> [1562 bytes]","args":[{"selector":{"controlType":"sap.m.Button","viewName":"etm.portal.ui.manageresources.view.Detail","viewId":"application-manageresources-display-component---detailRU","i18NText":{"propertyName":"tooltip","key":"closeColumn"},"searchOpenDialogs":true,"interaction":{"idSuffix":"inner"}},"wdio_ui5_key":"etmportal.ui.manageresources.view.Detailsap.m.Button{\"propertyName\":\"tooltip\",\"key\":\"closeColumn\"}"}]}
RESULT: undefined
COMMAND: POST /session/612db7fa7930bbb36023b099dfe9ab59/element - {"using":"xpath","value":"//*[@id=\"__button151\"]"}
RESULT: {}
RESULT: {"using":"xpath","value":"//*[@id=\"__button151\"]"}
COMMAND: POST /session/612db7fa7930bbb36023b099dfe9ab59/element/f.E3CD5E68D1E1B2FCF6DD50D193150CE1.d.143ABD4511222D2EA8720CC3713D6EE0.e.3078/click - {}
RESULT: {}
COMMAND: GET /session/612db7fa7930bbb36023b099dfe9ab59/screenshot - {}
RESULT: {}
COMMAND: POST /session/612db7fa7930bbb36023b099dfe9ab59/refresh - {}
RESULT: {}
COMMAND: GET /session/612db7fa7930bbb36023b099dfe9ab59/screenshot - {}
RESULT: {}
COMMAND: POST /session/612db7fa7930bbb36023b099dfe9ab59/execute/async - {"script":"<script> [189 bytes]","args":[]}
RESULT: {"script":"<script> [189 bytes]","args":[]}
COMMAND: POST /session/612db7fa7930bbb36023b099dfe9ab59/execute/async - {"script":"<script> [123 bytes]","args":[]}
RESULT: {"script":"<script> [123 bytes]","args":[]}
COMMAND: POST /session/612db7fa7930bbb36023b099dfe9ab59/timeouts - {"script":"<number>"}
RESULT: {"script":"<number>"}
COMMAND: GET /session/612db7fa7930bbb36023b099dfe9ab59/timeouts - {}
RESULT: {}
RESULT: undefined
COMMAND: POST /session/612db7fa7930bbb36023b099dfe9ab59/execute/async - {"script":"<script> [2676 bytes]","args":[]}
RESULT: {"script":"<script> [2676 bytes]","args":[]}
COMMAND: POST /session/612db7fa7930bbb36023b099dfe9ab59/execute/async - {"script":"<script> [2342 bytes]","args":[{"protocol":"http","hostname":"0.0.0.0","path":"/","capabilities":{"browserName":"chrome","goog:chromeOptions":{"binary":"C:\\Program Files\\Google\\Chrome\\Application\\chrome.exe","args":["--start-maximized"]}},"logLevel":"warn","connectionRetryTimeout":120000,"connectionRetryCount":3,"logLevels":{},"enableDirectConnect":true,"strictSSL":true,"_":"65 more keys: [\"cacheDir\",\"port\",\"requestedCapabilities\",\"automationProtocol\",\"baseUrl\",\"waitforInterval\",\"waitforTimeout\",\"onReload\",\"beforeCommand\",\"afterCommand\",\"rootDir\",\"specs\",\"suites\",\"exclude\",\"groupLogsByTestSpec\",\"excludeDriverLogs\",\"bail\",\"framework\",\"reporters\",\"services\",\"maxInstances\",\"maxInstancesPerCapability\",\"injectGlobals\",\"filesToWatch\",\"execArgv\",\"runnerEnv\",\"runner\",\"shard\",\"specFileRetries\",\"specFileRetriesDelay\",\"specFileRetriesDeferred\",\"reporterSyncInterval\",\"reporterSyncTimeout\",\"cucumberFeaturesWithLineNumbers\",\"autoCompileOpts\",\"mochaOpts\",\"jasmineOpts\",\"cucumberOpts\",\"onPrepare\",\"onWorkerStart\",\"onWorkerEnd\",\"before\",\"beforeSession\",\"beforeSuite\",\"beforeHook\",\"beforeTest\",\"afterTest\",\"afterHook\",\"afterSuite\",\"afterSession\",\"after\",\"onComplete\",\"beforeAssertion\",\"afterAssertion\",\"beforeFeature\",\"beforeScenario\",\"beforeStep\",\"afterStep\",\"afterScenario\",\"afterFeature\",\"_\",\"suite\",\"$0\",\"ignoredWorkerServices\",\"wdi5\"]"}]}
RESULT: {"script":"<script> [2342 bytes]","args":[{"protocol":"http","hostname":"0.0.0.0","path":"/","capabilities":{"browserName":"chrome","goog:chromeOptions":{"binary":"C:\\Program Files\\Google\\Chrome\\Application\\chrome.exe","args":["--start-maximized"]}},"logLevel":"warn","connectionRetryTimeout":120000,"connectionRetryCount":3,"logLevels":{},"enableDirectConnect":true,"strictSSL":true,"_":"65 more keys: [\"cacheDir\",\"port\",\"requestedCapabilities\",\"automationProtocol\",\"baseUrl\",\"waitforInterval\",\"waitforTimeout\",\"onReload\",\"beforeCommand\",\"afterCommand\",\"rootDir\",\"specs\",\"suites\",\"exclude\",\"groupLogsByTestSpec\",\"excludeDriverLogs\",\"bail\",\"framework\",\"reporters\",\"services\",\"maxInstances\",\"maxInstancesPerCapability\",\"injectGlobals\",\"filesToWatch\",\"execArgv\",\"runnerEnv\",\"runner\",\"shard\",\"specFileRetries\",\"specFileRetriesDelay\",\"specFileRetriesDeferred\",\"reporterSyncInterval\",\"reporterSyncTimeout\",\"cucumberFeaturesWithLineNumbers\",\"autoCompileOpts\",\"mochaOpts\",\"jasmineOpts\",\"cucumberOpts\",\"onPrepare\",\"onWorkerStart\",\"onWorkerEnd\",\"before\",\"beforeSession\",\"beforeSuite\",\"beforeHook\",\"beforeTest\",\"afterTest\",\"afterHook\",\"afterSuite\",\"afterSession\",\"after\",\"onComplete\",\"beforeAssertion\",\"afterAssertion\",\"beforeFeature\",\"beforeScenario\",\"beforeStep\",\"afterStep\",\"afterScenario\",\"afterFeature\",\"_\",\"suite\",\"$0\",\"ignoredWorkerServices\",\"wdi5\"]"}]}
COMMAND: POST /session/612db7fa7930bbb36023b099dfe9ab59/execute/async - {"script":"<script> [21126 bytes]","args":[35000]}
RESULT: {"script":"<script> [21126 bytes]","args":[35000]}
COMMAND: POST /session/612db7fa7930bbb36023b099dfe9ab59/element - {"using":"css selector","value":"#shell-header-logo"}
RESULT: {"using":"css selector","value":"#shell-header-logo"}
COMMAND: POST /session/612db7fa7930bbb36023b099dfe9ab59/element/f.E3CD5E68D1E1B2FCF6DD50D193150CE1.d.ADBB6EF4D76902EBB2E0667A7BBB82AF.e.3156/click - {}
RESULT: {}
COMMAND: GET /session/612db7fa7930bbb36023b099dfe9ab59/screenshot - {}
RESULT: {}
COMMAND: POST /session/612db7fa7930bbb36023b099dfe9ab59/execute/async - {"script":"<script> [1562 bytes]","args":[{"selector":{"controlType":"sap.m.GenericTile","properties":{"header":"Manage Resources"}},"wdio_ui5_key":"sapm.GenericTile{\"header\":\"Manage Resources\"}"}]}
RESULT: {"script":"<script> [1562 bytes]","args":[{"selector":{"controlType":"sap.m.GenericTile","properties":{"header":"Manage Resources"}},"wdio_ui5_key":"sapm.GenericTile{\"header\":\"Manage Resources\"}"}]}
RESULT: undefined
COMMAND: POST /session/612db7fa7930bbb36023b099dfe9ab59/element - {"using":"xpath","value":"//*[@id=\"__tile39\"]"}
RESULT: {"using":"xpath","value":"//*[@id=\"__tile39\"]"}
COMMAND: POST /session/612db7fa7930bbb36023b099dfe9ab59/element/f.E3CD5E68D1E1B2FCF6DD50D193150CE1.d.ADBB6EF4D76902EBB2E0667A7BBB82AF.e.3340/click - {}
RESULT: {}
COMMAND: GET /session/612db7fa7930bbb36023b099dfe9ab59/screenshot - {}
RESULT: {}
COMMAND: POST /session/612db7fa7930bbb36023b099dfe9ab59/elements - {"using":"xpath","value":"//span[text()='Error']"}
RESULT: {"using":"xpath","value":"//span[text()='Error']"}
COMMAND: POST /session/612db7fa7930bbb36023b099dfe9ab59/element - {"using":"xpath","value":"//button[@data-kt=\"addNewRUOverflowToolbarButton\"]"}
RESULT: {"using":"xpath","value":"//button[@data-kt=\"addNewRUOverflowToolbarButton\"]"}
COMMAND: POST /session/612db7fa7930bbb36023b099dfe9ab59/execute/sync - {"script":"<script> [8489 bytes]","args":[{"element-6066-11e4-a52e-4f735466cecf":"f.E3CD5E68D1E1B2FCF6DD50D193150CE1.d.ADBB6EF4D76902EBB2E0667A7BBB82AF.e.3384","ELEMENT":"f.E3CD5E68D1E1B2FCF6DD50D193150CE1.d.ADBB6EF4D76902EBB2E0667A7BBB82AF.e.3384"}]}
RESULT: {"script":"<script> [8489 bytes]","args":[{"element-6066-11e4-a52e-4f735466cecf":"f.E3CD5E68D1E1B2FCF6DD50D193150CE1.d.ADBB6EF4D76902EBB2E0667A7BBB82AF.e.3384","ELEMENT":"f.E3CD5E68D1E1B2FCF6DD50D193150CE1.d.ADBB6EF4D76902EBB2E0667A7BBB82AF.e.3384"}]}
COMMAND: POST /session/612db7fa7930bbb36023b099dfe9ab59/element/f.E3CD5E68D1E1B2FCF6DD50D193150CE1.d.ADBB6EF4D76902EBB2E0667A7BBB82AF.e.3384/click - {}
COMMAND: GET /session/612db7fa7930bbb36023b099dfe9ab59/screenshot - {}
RESULT: {}
COMMAND: GET /session/612db7fa7930bbb36023b099dfe9ab59/screenshot - {}
RESULT: {}
RESULT: {}
COMMAND: POST /session/612db7fa7930bbb36023b099dfe9ab59/execute/async - {"script":"<script> [1562 bytes]","args":[{"selector":{"id":"application-manageresources-display-component---newResourceUnit--TYPE-arrow"},"wdio_ui5_key":"applicationmanageresources-display-component---newResourceUnit--TYPE-arrow"}]}
RESULT: {"script":"<script> [1562 bytes]","args":[{"selector":{"id":"application-manageresources-display-component---newResourceUnit--TYPE-arrow"},"wdio_ui5_key":"applicationmanageresources-display-component---newResourceUnit--TYPE-arrow"}]}
RESULT: undefined
COMMAND: POST /session/612db7fa7930bbb36023b099dfe9ab59/element - {"using":"xpath","value":"//*[@id=\"application-manageresources-display-component---newResourceUnit--TYPE-arrow\"]"}
RESULT: {"using":"xpath","value":"//*[@id=\"application-manageresources-display-component---newResourceUnit--TYPE-arrow\"]"}
COMMAND: POST /session/612db7fa7930bbb36023b099dfe9ab59/element/f.E3CD5E68D1E1B2FCF6DD50D193150CE1.d.ADBB6EF4D76902EBB2E0667A7BBB82AF.e.3704/click - {}
RESULT: {}
COMMAND: POST /session/612db7fa7930bbb36023b099dfe9ab59/execute/async - {"script":"<script> [1562 bytes]","args":[{"selector":{"controlType":"sap.m.StandardListItem","viewName":"reusables.view.manageresources.NewResourceUnit","viewId":"application-manageresources-display-component---newResourceUnit","properties":{"title":"Equipment"},"searchOpenDialogs":true,"interaction":{"idSuffix":"content"}},"wdio_ui5_key":"reusablesview.manageresources.NewResourceUnitsap.m.StandardListItem{\"title\":\"Equipment\"}"}]}
COMMAND: GET /session/612db7fa7930bbb36023b099dfe9ab59/screenshot - {}
RESULT: {"script":"<script> [1562 bytes]","args":[{"selector":{"controlType":"sap.m.StandardListItem","viewName":"reusables.view.manageresources.NewResourceUnit","viewId":"application-manageresources-display-component---newResourceUnit","properties":{"title":"Equipment"},"searchOpenDialogs":true,"interaction":{"idSuffix":"content"}},"wdio_ui5_key":"reusablesview.manageresources.NewResourceUnitsap.m.StandardListItem{\"title\":\"Equipment\"}"}]}
RESULT: undefined
COMMAND: POST /session/612db7fa7930bbb36023b099dfe9ab59/element - {"using":"xpath","value":"//*[@id=\"__item185\"]"}
RESULT: {}
RESULT: {"using":"xpath","value":"//*[@id=\"__item185\"]"}
COMMAND: POST /session/612db7fa7930bbb36023b099dfe9ab59/element/f.E3CD5E68D1E1B2FCF6DD50D193150CE1.d.ADBB6EF4D76902EBB2E0667A7BBB82AF.e.3707/click - {}
RESULT: {}
COMMAND: POST /session/612db7fa7930bbb36023b099dfe9ab59/execute/async - {"script":"<script> [1562 bytes]","args":[{"selector":{"id":"application-manageresources-display-component---newResourceUnit--resourceId","interaction":{"idSuffix":"inner"}},"wdio_ui5_key":"applicationmanageresources-display-component---newResourceUnit--resourceId"}]}
COMMAND: GET /session/612db7fa7930bbb36023b099dfe9ab59/screenshot - {}
RESULT: {"script":"<script> [1562 bytes]","args":[{"selector":{"id":"application-manageresources-display-component---newResourceUnit--resourceId","interaction":{"idSuffix":"inner"}},"wdio_ui5_key":"applicationmanageresources-display-component---newResourceUnit--resourceId"}]}
RESULT: undefined
COMMAND: POST /session/612db7fa7930bbb36023b099dfe9ab59/execute/async - {"script":"<script> [776 bytes]","args":[{"enterText":"WdIOR2cEquipoux45f","selector":{"id":"application-manageresources-display-component---newResourceUnit--resourceId","interaction":{"idSuffix":"inner"}},"clearTextFirst":true,"interactionType":"ENTER_TEXT"}]}
RESULT: {}
RESULT: {"script":"<script> [776 bytes]","args":[{"enterText":"WdIOR2cEquipoux45f","selector":{"id":"application-manageresources-display-component---newResourceUnit--resourceId","interaction":{"idSuffix":"inner"}},"clearTextFirst":true,"interactionType":"ENTER_TEXT"}]}
COMMAND: POST /session/612db7fa7930bbb36023b099dfe9ab59/execute/async - {"script":"<script> [1562 bytes]","args":[{"selector":{"id":"application-manageresources-display-component---newResourceUnit--SHORT_TEXT","interaction":{"idSuffix":"inner"}},"wdio_ui5_key":"applicationmanageresources-display-component---newResourceUnit--SHORT_TEXT"}]}
RESULT: {"script":"<script> [1562 bytes]","args":[{"selector":{"id":"application-manageresources-display-component---newResourceUnit--SHORT_TEXT","interaction":{"idSuffix":"inner"}},"wdio_ui5_key":"applicationmanageresources-display-component---newResourceUnit--SHORT_TEXT"}]}
RESULT: undefined
COMMAND: POST /session/612db7fa7930bbb36023b099dfe9ab59/execute/async - {"script":"<script> [776 bytes]","args":[{"enterText":"WdIOR2cEquipoux45f","selector":{"id":"application-manageresources-display-component---newResourceUnit--SHORT_TEXT","interaction":{"idSuffix":"inner"}},"clearTextFirst":true,"interactionType":"ENTER_TEXT"}]}
RESULT: {"script":"<script> [776 bytes]","args":[{"enterText":"WdIOR2cEquipoux45f","selector":{"id":"application-manageresources-display-component---newResourceUnit--SHORT_TEXT","interaction":{"idSuffix":"inner"}},"clearTextFirst":true,"interactionType":"ENTER_TEXT"}]}
COMMAND: POST /session/612db7fa7930bbb36023b099dfe9ab59/execute/async - {"script":"<script> [1562 bytes]","args":[{"selector":{"id":"application-manageresources-display-component---newResourceUnit--BASE_UNIT_OF_MEASURE","interaction":{"idSuffix":"inner"}},"wdio_ui5_key":"applicationmanageresources-display-component---newResourceUnit--BASE_UNIT_OF_MEASURE"}]}
RESULT: {"script":"<script> [1562 bytes]","args":[{"selector":{"id":"application-manageresources-display-component---newResourceUnit--BASE_UNIT_OF_MEASURE","interaction":{"idSuffix":"inner"}},"wdio_ui5_key":"applicationmanageresources-display-component---newResourceUnit--BASE_UNIT_OF_MEASURE"}]}
RESULT: undefined
COMMAND: POST /session/612db7fa7930bbb36023b099dfe9ab59/execute/async - {"script":"<script> [776 bytes]","args":[{"enterText":"Piece","selector":{"id":"application-manageresources-display-component---newResourceUnit--BASE_UNIT_OF_MEASURE","interaction":{"idSuffix":"inner"}},"clearTextFirst":true,"interactionType":"ENTER_TEXT"}]}
RESULT: {"script":"<script> [776 bytes]","args":[{"enterText":"Piece","selector":{"id":"application-manageresources-display-component---newResourceUnit--BASE_UNIT_OF_MEASURE","interaction":{"idSuffix":"inner"}},"clearTextFirst":true,"interactionType":"ENTER_TEXT"}]}
COMMAND: POST /session/612db7fa7930bbb36023b099dfe9ab59/execute/async - {"script":"<script> [1562 bytes]","args":[{"selector":{"id":"application-manageresources-display-component---newResourceUnit--WEIGHT_UNIT","interaction":{"idSuffix":"inner"}},"wdio_ui5_key":"applicationmanageresources-display-component---newResourceUnit--WEIGHT_UNIT"}]}
RESULT: {"script":"<script> [1562 bytes]","args":[{"selector":{"id":"application-manageresources-display-component---newResourceUnit--WEIGHT_UNIT","interaction":{"idSuffix":"inner"}},"wdio_ui5_key":"applicationmanageresources-display-component---newResourceUnit--WEIGHT_UNIT"}]}
RESULT: undefined
COMMAND: POST /session/612db7fa7930bbb36023b099dfe9ab59/execute/async - {"script":"<script> [776 bytes]","args":[{"enterText":"Gram","selector":{"id":"application-manageresources-display-component---newResourceUnit--WEIGHT_UNIT","interaction":{"idSuffix":"inner"}},"clearTextFirst":true,"interactionType":"ENTER_TEXT"}]}
RESULT: {"script":"<script> [776 bytes]","args":[{"enterText":"Gram","selector":{"id":"application-manageresources-display-component---newResourceUnit--WEIGHT_UNIT","interaction":{"idSuffix":"inner"}},"clearTextFirst":true,"interactionType":"ENTER_TEXT"}]}
COMMAND: POST /session/612db7fa7930bbb36023b099dfe9ab59/execute/async - {"script":"<script> [1562 bytes]","args":[{"selector":{"id":"application-manageresources-display-component---newResourceUnit--newRRUPage-OPHeaderContent-collapseBtn-img"},"wdio_ui5_key":"applicationmanageresources-display-component---newResourceUnit--newRRUPage-OPHeaderContent-collapseBtn-img"}]}
RESULT: {"script":"<script> [1562 bytes]","args":[{"selector":{"id":"application-manageresources-display-component---newResourceUnit--newRRUPage-OPHeaderContent-collapseBtn-img"},"wdio_ui5_key":"applicationmanageresources-display-component---newResourceUnit--newRRUPage-OPHeaderContent-collapseBtn-img"}]}
RESULT: undefined
COMMAND: POST /session/612db7fa7930bbb36023b099dfe9ab59/element - {"using":"xpath","value":"//*[@id=\"application-manageresources-display-component---newResourceUnit--newRRUPage-OPHeaderContent-collapseBtn-img\"]"}
RESULT: {"using":"xpath","value":"//*[@id=\"application-manageresources-display-component---newResourceUnit--newRRUPage-OPHeaderContent-collapseBtn-img\"]"}
COMMAND: POST /session/612db7fa7930bbb36023b099dfe9ab59/element/f.E3CD5E68D1E1B2FCF6DD50D193150CE1.d.ADBB6EF4D76902EBB2E0667A7BBB82AF.e.3715/click - {}
RESULT: {}
COMMAND: GET /session/612db7fa7930bbb36023b099dfe9ab59/screenshot - {}
RESULT: {}
COMMAND: POST /session/612db7fa7930bbb36023b099dfe9ab59/element - {"using":"xpath","value":"(//span[contains(@id ,\"application-manageresources-display-component---newResourceUnit--DIMENSION_UNIT-arrow\")])[1]"}
RESULT: {"using":"xpath","value":"(//span[contains(@id ,\"application-manageresources-display-component---newResourceUnit--DIMENSION_UNIT-arrow\")])[1]"}
COMMAND: POST /session/612db7fa7930bbb36023b099dfe9ab59/element/f.E3CD5E68D1E1B2FCF6DD50D193150CE1.d.ADBB6EF4D76902EBB2E0667A7BBB82AF.e.3863/click - {}
RESULT: {}
COMMAND: GET /session/612db7fa7930bbb36023b099dfe9ab59/screenshot - {}
RESULT: {}
COMMAND: POST /session/612db7fa7930bbb36023b099dfe9ab59/execute/async - {"script":"<script> [1562 bytes]","args":[{"selector":{"controlType":"sap.m.StandardListItem","viewName":"reusables.view.manageresources.NewResourceUnit","viewId":"application-manageresources-display-component---newResourceUnit","properties":{"title":"Centimeter"},"searchOpenDialogs":true,"interaction":{"idSuffix":"titleText"}},"wdio_ui5_key":"reusablesview.manageresources.NewResourceUnitsap.m.StandardListItem{\"title\":\"Centimeter\"}"}]}
RESULT: {"script":"<script> [1562 bytes]","args":[{"selector":{"controlType":"sap.m.StandardListItem","viewName":"reusables.view.manageresources.NewResourceUnit","viewId":"application-manageresources-display-component---newResourceUnit","properties":{"title":"Centimeter"},"searchOpenDialogs":true,"interaction":{"idSuffix":"titleText"}},"wdio_ui5_key":"reusablesview.manageresources.NewResourceUnitsap.m.StandardListItem{\"title\":\"Centimeter\"}"}]}
RESULT: undefined
COMMAND: POST /session/612db7fa7930bbb36023b099dfe9ab59/element - {"using":"xpath","value":"//*[@id=\"__item245\"]"}
RESULT: {"using":"xpath","value":"//*[@id=\"__item245\"]"}
COMMAND: POST /session/612db7fa7930bbb36023b099dfe9ab59/element/f.E3CD5E68D1E1B2FCF6DD50D193150CE1.d.ADBB6EF4D76902EBB2E0667A7BBB82AF.e.3867/click - {}
RESULT: {}
COMMAND: GET /session/612db7fa7930bbb36023b099dfe9ab59/screenshot - {}
RESULT: {}
COMMAND: POST /session/612db7fa7930bbb36023b099dfe9ab59/execute/async - {"script":"<script> [1562 bytes]","args":[{"selector":{"id":"application-manageresources-display-component---newResourceUnit--newRRUPage-anchBar-application-manageresources-display-component---newResourceUnit--control-anchor","interaction":{"idSuffix":"BDI-content"}},"wdio_ui5_key":"applicationmanageresources-display-component---newResourceUnit--newRRUPage-anchBar-application-manageresources-display-component---newResourceUnit--control-anchor"}]}
RESULT: {"script":"<script> [1562 bytes]","args":[{"selector":{"id":"application-manageresources-display-component---newResourceUnit--newRRUPage-anchBar-application-manageresources-display-component---newResourceUnit--control-anchor","interaction":{"idSuffix":"BDI-content"}},"wdio_ui5_key":"applicationmanageresources-display-component---newResourceUnit--newRRUPage-anchBar-application-manageresources-display-component---newResourceUnit--control-anchor"}]}
RESULT: undefined
COMMAND: POST /session/612db7fa7930bbb36023b099dfe9ab59/element - {"using":"xpath","value":"//*[@id=\"application-manageresources-display-component---newResourceUnit--newRRUPage-anchBar-application-manageresources-display-component---newResourceUnit--control-anchor\"]"}
RESULT: {"using":"xpath","value":"//*[@id=\"application-manageresources-display-component---newResourceUnit--newRRUPage-anchBar-application-manageresources-display-component---newResourceUnit--control-anchor\"]"}
COMMAND: POST /session/612db7fa7930bbb36023b099dfe9ab59/element/f.E3CD5E68D1E1B2FCF6DD50D193150CE1.d.ADBB6EF4D76902EBB2E0667A7BBB82AF.e.3869/click - {}
RESULT: {}
COMMAND: POST /session/612db7fa7930bbb36023b099dfe9ab59/execute/async - {"script":"<script> [1562 bytes]","args":[{"selector":{"id":"application-manageresources-display-component---newResourceUnit--PLANNING_GROUP","interaction":{"idSuffix":"inner"}},"wdio_ui5_key":"applicationmanageresources-display-component---newResourceUnit--PLANNING_GROUP"}]}
COMMAND: GET /session/612db7fa7930bbb36023b099dfe9ab59/screenshot - {}
RESULT: {"script":"<script> [1562 bytes]","args":[{"selector":{"id":"application-manageresources-display-component---newResourceUnit--PLANNING_GROUP","interaction":{"idSuffix":"inner"}},"wdio_ui5_key":"applicationmanageresources-display-component---newResourceUnit--PLANNING_GROUP"}]}
RESULT: undefined
COMMAND: POST /session/612db7fa7930bbb36023b099dfe9ab59/execute/async - {"script":"<script> [776 bytes]","args":[{"enterText":"Heavy Equi","selector":{"id":"application-manageresources-display-component---newResourceUnit--PLANNING_GROUP","interaction":{"idSuffix":"inner"}},"clearTextFirst":true,"interactionType":"ENTER_TEXT"}]}
RESULT: {}
RESULT: {"script":"<script> [776 bytes]","args":[{"enterText":"Heavy Equi","selector":{"id":"application-manageresources-display-component---newResourceUnit--PLANNING_GROUP","interaction":{"idSuffix":"inner"}},"clearTextFirst":true,"interactionType":"ENTER_TEXT"}]}
COMMAND: POST /session/612db7fa7930bbb36023b099dfe9ab59/execute/async - {"script":"<script> [1562 bytes]","args":[{"selector":{"id":"application-manageresources-display-component---newResourceUnit--ITEM_TYPE-arrow"},"wdio_ui5_key":"applicationmanageresources-display-component---newResourceUnit--ITEM_TYPE-arrow"}]}
RESULT: {"script":"<script> [1562 bytes]","args":[{"selector":{"id":"application-manageresources-display-component---newResourceUnit--ITEM_TYPE-arrow"},"wdio_ui5_key":"applicationmanageresources-display-component---newResourceUnit--ITEM_TYPE-arrow"}]}
RESULT: undefined
COMMAND: POST /session/612db7fa7930bbb36023b099dfe9ab59/element - {"using":"xpath","value":"//*[@id=\"application-manageresources-display-component---newResourceUnit--ITEM_TYPE-arrow\"]"}
RESULT: {"using":"xpath","value":"//*[@id=\"application-manageresources-display-component---newResourceUnit--ITEM_TYPE-arrow\"]"}
COMMAND: POST /session/612db7fa7930bbb36023b099dfe9ab59/element/f.E3CD5E68D1E1B2FCF6DD50D193150CE1.d.ADBB6EF4D76902EBB2E0667A7BBB82AF.e.3874/click - {}
RESULT: {}
COMMAND: POST /session/612db7fa7930bbb36023b099dfe9ab59/execute/async - {"script":"<script> [1562 bytes]","args":[{"selector":{"controlType":"sap.m.StandardListItem","viewName":"reusables.view.manageresources.NewResourceUnit","viewId":"application-manageresources-display-component---newResourceUnit","properties":{"title":"Resource Unit"},"searchOpenDialogs":true,"interaction":{"idSuffix":"titleText"}},"wdio_ui5_key":"reusablesview.manageresources.NewResourceUnitsap.m.StandardListItem{\"title\":\"Resource Unit\"}"}]}
COMMAND: GET /session/612db7fa7930bbb36023b099dfe9ab59/screenshot - {}
RESULT: {"script":"<script> [1562 bytes]","args":[{"selector":{"controlType":"sap.m.StandardListItem","viewName":"reusables.view.manageresources.NewResourceUnit","viewId":"application-manageresources-display-component---newResourceUnit","properties":{"title":"Resource Unit"},"searchOpenDialogs":true,"interaction":{"idSuffix":"titleText"}},"wdio_ui5_key":"reusablesview.manageresources.NewResourceUnitsap.m.StandardListItem{\"title\":\"Resource Unit\"}"}]}
RESULT: undefined
COMMAND: POST /session/612db7fa7930bbb36023b099dfe9ab59/element - {"using":"xpath","value":"//*[@id=\"__item267\"]"}
RESULT: {}
RESULT: {"using":"xpath","value":"//*[@id=\"__item267\"]"}
COMMAND: POST /session/612db7fa7930bbb36023b099dfe9ab59/element/f.E3CD5E68D1E1B2FCF6DD50D193150CE1.d.ADBB6EF4D76902EBB2E0667A7BBB82AF.e.3876/click - {}
RESULT: {}
COMMAND: POST /session/612db7fa7930bbb36023b099dfe9ab59/element - {"using":"xpath","value":"//bdi[contains(text(), \"Time Segment\")]"}
COMMAND: GET /session/612db7fa7930bbb36023b099dfe9ab59/screenshot - {}
RESULT: {"using":"xpath","value":"//bdi[contains(text(), \"Time Segment\")]"}
COMMAND: GET /session/612db7fa7930bbb36023b099dfe9ab59/element/f.E3CD5E68D1E1B2FCF6DD50D193150CE1.d.ADBB6EF4D76902EBB2E0667A7BBB82AF.e.3883/rect - {}
RESULT: {}
RESULT: {}
COMMAND: GET /session/612db7fa7930bbb36023b099dfe9ab59/window/rect - {}
RESULT: {}
COMMAND: POST /session/612db7fa7930bbb36023b099dfe9ab59/execute/sync - {"script":"<script> [92 bytes]","args":[]}
RESULT: {"script":"<script> [92 bytes]","args":[]}
COMMAND: POST /session/612db7fa7930bbb36023b099dfe9ab59/actions - {"actions":[{"id":"action7","type":"wheel","parameters":{},"actions":[{"type":"scroll","x":-1820,"y":-21,"deltaX":0,"deltaY":0,"duration":0,"origin":{"element-6066-11e4-a52e-4f735466cecf":"f.E3CD5E68D1E1B2FCF6DD50D193150CE1.d.ADBB6EF4D76902EBB2E0667A7BBB82AF.e.3883"}}]}]}
COMMAND: GET /session/612db7fa7930bbb36023b099dfe9ab59/screenshot - {}
RESULT: {}
COMMAND: POST /session/612db7fa7930bbb36023b099dfe9ab59/execute/sync - {"script":"<script> [79 bytes]","args":[{"element-6066-11e4-a52e-4f735466cecf":"f.E3CD5E68D1E1B2FCF6DD50D193150CE1.d.ADBB6EF4D76902EBB2E0667A7BBB82AF.e.3883","ELEMENT":"f.E3CD5E68D1E1B2FCF6DD50D193150CE1.d.ADBB6EF4D76902EBB2E0667A7BBB82AF.e.3883"},{"block":"start","inline":"nearest"}]}
RESULT: {"script":"<script> [79 bytes]","args":[{"element-6066-11e4-a52e-4f735466cecf":"f.E3CD5E68D1E1B2FCF6DD50D193150CE1.d.ADBB6EF4D76902EBB2E0667A7BBB82AF.e.3883","ELEMENT":"f.E3CD5E68D1E1B2FCF6DD50D193150CE1.d.ADBB6EF4D76902EBB2E0667A7BBB82AF.e.3883"},{"block":"start","inline":"nearest"}]}
COMMAND: POST /session/612db7fa7930bbb36023b099dfe9ab59/execute/async - {"script":"<script> [1562 bytes]","args":[{"selector":{"id":"application-manageresources-display-component---newResourceUnit--btnAddTimeSegment-img"},"wdio_ui5_key":"applicationmanageresources-display-component---newResourceUnit--btnAddTimeSegment-img"}]}
COMMAND: GET /session/612db7fa7930bbb36023b099dfe9ab59/screenshot - {}
RESULT: {"script":"<script> [1562 bytes]","args":[{"selector":{"id":"application-manageresources-display-component---newResourceUnit--btnAddTimeSegment-img"},"wdio_ui5_key":"applicationmanageresources-display-component---newResourceUnit--btnAddTimeSegment-img"}]}
RESULT: undefined
COMMAND: POST /session/612db7fa7930bbb36023b099dfe9ab59/element - {"using":"xpath","value":"//*[@id=\"application-manageresources-display-component---newResourceUnit--btnAddTimeSegment-img\"]"}
RESULT: {}
RESULT: {"using":"xpath","value":"//*[@id=\"application-manageresources-display-component---newResourceUnit--btnAddTimeSegment-img\"]"}
COMMAND: POST /session/612db7fa7930bbb36023b099dfe9ab59/element/f.E3CD5E68D1E1B2FCF6DD50D193150CE1.d.ADBB6EF4D76902EBB2E0667A7BBB82AF.e.3886/click - {}
RESULT: {}
COMMAND: GET /session/612db7fa7930bbb36023b099dfe9ab59/screenshot - {}
RESULT: {}
COMMAND: POST /session/612db7fa7930bbb36023b099dfe9ab59/element - {"using":"xpath","value":"//input[@id=\"application-manageresources-display-component---newResourceUnit--idRuTSAdmin-application-manageresources-display-component---newResourceUnit--RUTimeSegment-0-inner\"]"}
RESULT: {"using":"xpath","value":"//input[@id=\"application-manageresources-display-component---newResourceUnit--idRuTSAdmin-application-manageresources-display-component---newResourceUnit--RUTimeSegment-0-inner\"]"}
COMMAND: POST /session/612db7fa7930bbb36023b099dfe9ab59/element/f.E3CD5E68D1E1B2FCF6DD50D193150CE1.d.ADBB6EF4D76902EBB2E0667A7BBB82AF.e.3890/clear - {}
RESULT: {}
COMMAND: POST /session/612db7fa7930bbb36023b099dfe9ab59/element/f.E3CD5E68D1E1B2FCF6DD50D193150CE1.d.ADBB6EF4D76902EBB2E0667A7BBB82AF.e.3890/value - {"text":"WebdriverYard90ykt"}
COMMAND: GET /session/612db7fa7930bbb36023b099dfe9ab59/screenshot - {}
RESULT: {"text":"WebdriverYard90ykt"}
COMMAND: GET /session/612db7fa7930bbb36023b099dfe9ab59/screenshot - {}
RESULT: {}
RESULT: {}
COMMAND: POST /session/612db7fa7930bbb36023b099dfe9ab59/actions - {"actions":[{"id":"action8","type":"key","parameters":{},"actions":[{"type":"keyDown","value":""},{"type":"pause","duration":10},{"type":"keyUp","value":""}]}]}
RESULT: {"actions":[{"id":"action8","type":"key","parameters":{},"actions":[{"type":"keyDown","value":""},{"type":"pause","duration":10},{"type":"keyUp","value":""}]}]}
COMMAND: POST /session/612db7fa7930bbb36023b099dfe9ab59/execute/async - {"script":"<script> [1562 bytes]","args":[{"selector":{"controlType":"sap.ui.core.Icon","viewName":"reusables.view.manageresources.NewResourceUnit","viewId":"application-manageresources-display-component---newResourceUnit","properties":{"src":{"regex":{"source":"slim\\-arrow\\-down"}}},"ancestor":{"controlType":"sap.m.ComboBox","viewName":"reusables.view.manageresources.NewResourceUnit","viewId":"application-manageresources-display-component---newResourceUnit","bindingPath":{"path":"/RESOURCE_UNIT_TIME_SEQUENCES/0","propertyPath":"COST_OBJECT_ADMIN_CST_TYPE","modelName":"oNewRruModel"}}},"wdio_ui5_key":"reusablesview.manageresources.NewResourceUnitsap.ui.core.Icon{\"src\":{\"regex\":{\"source\":\"slim\\\\-arrow\\\\-down\"}}}{\"controlType\":\"sap.m.ComboBox\",\"viewName\":\"reusables.view.manageresources.NewResourceUnit\",\"viewId\":\"application-manageresources-display-component---newResourceUnit\",\"bindingPath\":{\"path\":\"/RESOURCE_UNIT_TIME_SEQUENCES/0\",\"propertyPath\":\"COST_OBJECT_ADMIN_CST_TYPE\",\"modelName\":\"oNewRruModel\"}}"}]}
COMMAND: GET /session/612db7fa7930bbb36023b099dfe9ab59/screenshot - {}
RESULT: {"script":"<script> [1562 bytes]","args":[{"selector":{"controlType":"sap.ui.core.Icon","viewName":"reusables.view.manageresources.NewResourceUnit","viewId":"application-manageresources-display-component---newResourceUnit","properties":{"src":{"regex":{"source":"slim\\-arrow\\-down"}}},"ancestor":{"controlType":"sap.m.ComboBox","viewName":"reusables.view.manageresources.NewResourceUnit","viewId":"application-manageresources-display-component---newResourceUnit","bindingPath":{"path":"/RESOURCE_UNIT_TIME_SEQUENCES/0","propertyPath":"COST_OBJECT_ADMIN_CST_TYPE","modelName":"oNewRruModel"}}},"wdio_ui5_key":"reusablesview.manageresources.NewResourceUnitsap.ui.core.Icon{\"src\":{\"regex\":{\"source\":\"slim\\\\-arrow\\\\-down\"}}}{\"controlType\":\"sap.m.ComboBox\",\"viewName\":\"reusables.view.manageresources.NewResourceUnit\",\"viewId\":\"application-manageresources-display-component---newResourceUnit\",\"bindingPath\":{\"path\":\"/RESOURCE_UNIT_TIME_SEQUENCES/0\",\"propertyPath\":\"COST_OBJECT_ADMIN_CST_TYPE\",\"modelName\":\"oNewRruModel\"}}"}]}
RESULT: undefined
COMMAND: POST /session/612db7fa7930bbb36023b099dfe9ab59/element - {"using":"xpath","value":"//*[@id=\"__box7-application-manageresources-display-component---newResourceUnit--RUTimeSegment-0-arrow\"]"}
RESULT: {}
RESULT: {"using":"xpath","value":"//*[@id=\"__box7-application-manageresources-display-component---newResourceUnit--RUTimeSegment-0-arrow\"]"}
COMMAND: POST /session/612db7fa7930bbb36023b099dfe9ab59/element/f.E3CD5E68D1E1B2FCF6DD50D193150CE1.d.ADBB6EF4D76902EBB2E0667A7BBB82AF.e.3902/click - {}
RESULT: {}
COMMAND: POST /session/612db7fa7930bbb36023b099dfe9ab59/execute/async - {"script":"<script> [1562 bytes]","args":[{"selector":{"controlType":"sap.m.StandardListItem","viewName":"reusables.view.manageresources.NewResourceUnit","viewId":"application-manageresources-display-component---newResourceUnit","properties":{"title":"PM Order"},"searchOpenDialogs":true,"interaction":{"idSuffix":"titleText"}},"wdio_ui5_key":"reusablesview.manageresources.NewResourceUnitsap.m.StandardListItem{\"title\":\"PM Order\"}"}]}
COMMAND: GET /session/612db7fa7930bbb36023b099dfe9ab59/screenshot - {}
RESULT: {"script":"<script> [1562 bytes]","args":[{"selector":{"controlType":"sap.m.StandardListItem","viewName":"reusables.view.manageresources.NewResourceUnit","viewId":"application-manageresources-display-component---newResourceUnit","properties":{"title":"PM Order"},"searchOpenDialogs":true,"interaction":{"idSuffix":"titleText"}},"wdio_ui5_key":"reusablesview.manageresources.NewResourceUnitsap.m.StandardListItem{\"title\":\"PM Order\"}"}]}
RESULT: undefined
COMMAND: POST /session/612db7fa7930bbb36023b099dfe9ab59/element - {"using":"xpath","value":"//*[@id=\"__item461\"]"}
RESULT: {}
RESULT: {"using":"xpath","value":"//*[@id=\"__item461\"]"}
COMMAND: POST /session/612db7fa7930bbb36023b099dfe9ab59/element/f.E3CD5E68D1E1B2FCF6DD50D193150CE1.d.ADBB6EF4D76902EBB2E0667A7BBB82AF.e.3906/click - {}
RESULT: {}
COMMAND: GET /session/612db7fa7930bbb36023b099dfe9ab59/screenshot - {}
RESULT: {}
COMMAND: POST /session/612db7fa7930bbb36023b099dfe9ab59/element - {"using":"xpath","value":"(//input[contains(@id ,\"-application-manageresources-display-component---newResourceUnit--RUTimeSegment-0-inner\")])[8]"}
RESULT: {"using":"xpath","value":"(//input[contains(@id ,\"-application-manageresources-display-component---newResourceUnit--RUTimeSegment-0-inner\")])[8]"}
COMMAND: POST /session/612db7fa7930bbb36023b099dfe9ab59/element/f.E3CD5E68D1E1B2FCF6DD50D193150CE1.d.ADBB6EF4D76902EBB2E0667A7BBB82AF.e.3909/clear - {}
RESULT: {}
COMMAND: POST /session/612db7fa7930bbb36023b099dfe9ab59/element/f.E3CD5E68D1E1B2FCF6DD50D193150CE1.d.ADBB6EF4D76902EBB2E0667A7BBB82AF.e.3909/value - {"text":"4000360"}
COMMAND: GET /session/612db7fa7930bbb36023b099dfe9ab59/screenshot - {}
RESULT: {"text":"4000360"}
COMMAND: GET /session/612db7fa7930bbb36023b099dfe9ab59/screenshot - {}
RESULT: {}
RESULT: {}
COMMAND: POST /session/612db7fa7930bbb36023b099dfe9ab59/actions - {"actions":[{"id":"action9","type":"key","parameters":{},"actions":[{"type":"keyDown","value":""},{"type":"pause","duration":10},{"type":"keyUp","value":""}]}]}
RESULT: {"actions":[{"id":"action9","type":"key","parameters":{},"actions":[{"type":"keyDown","value":""},{"type":"pause","duration":10},{"type":"keyUp","value":""}]}]}
COMMAND: GET /session/612db7fa7930bbb36023b099dfe9ab59/screenshot - {}
RESULT: {}
COMMAND: POST /session/612db7fa7930bbb36023b099dfe9ab59/element - {"using":"xpath","value":"//input[contains(@id ,\"application-manageresources-display-component---newResourceUnit--newTimeSegmentFromDatePicker-application-manageresources-display-component---newResourceUnit--RUTimeSegment-0-inner\")]"}
RESULT: {"using":"xpath","value":"//input[contains(@id ,\"application-manageresources-display-component---newResourceUnit--newTimeSegmentFromDatePicker-application-manageresources-display-component---newResourceUnit--RUTimeSegment-0-inner\")]"}
COMMAND: POST /session/612db7fa7930bbb36023b099dfe9ab59/element/f.E3CD5E68D1E1B2FCF6DD50D193150CE1.d.ADBB6EF4D76902EBB2E0667A7BBB82AF.e.3897/clear - {}
RESULT: {}
COMMAND: POST /session/612db7fa7930bbb36023b099dfe9ab59/element/f.E3CD5E68D1E1B2FCF6DD50D193150CE1.d.ADBB6EF4D76902EBB2E0667A7BBB82AF.e.3897/clear - {}
COMMAND: GET /session/612db7fa7930bbb36023b099dfe9ab59/screenshot - {}
RESULT: {}
COMMAND: POST /session/612db7fa7930bbb36023b099dfe9ab59/element/f.E3CD5E68D1E1B2FCF6DD50D193150CE1.d.ADBB6EF4D76902EBB2E0667A7BBB82AF.e.3897/value - {"text":"06/25/24"}
COMMAND: GET /session/612db7fa7930bbb36023b099dfe9ab59/screenshot - {}
RESULT: {}
RESULT: {"text":"06/25/24"}
COMMAND: POST /session/612db7fa7930bbb36023b099dfe9ab59/execute/async - {"script":"<script> [1562 bytes]","args":[{"selector":{"id":"application-manageresources-display-component---newResourceUnit--newRRUPage-anchBar-application-manageresources-display-component---newResourceUnit--resource-anchor","interaction":{"idSuffix":"BDI-content"}},"wdio_ui5_key":"applicationmanageresources-display-component---newResourceUnit--newRRUPage-anchBar-application-manageresources-display-component---newResourceUnit--resource-anchor"}]}
COMMAND: GET /session/612db7fa7930bbb36023b099dfe9ab59/screenshot - {}
RESULT: {}
RESULT: {}
RESULT: {"script":"<script> [1562 bytes]","args":[{"selector":{"id":"application-manageresources-display-component---newResourceUnit--newRRUPage-anchBar-application-manageresources-display-component---newResourceUnit--resource-anchor","interaction":{"idSuffix":"BDI-content"}},"wdio_ui5_key":"applicationmanageresources-display-component---newResourceUnit--newRRUPage-anchBar-application-manageresources-display-component---newResourceUnit--resource-anchor"}]}
RESULT: undefined
COMMAND: POST /session/612db7fa7930bbb36023b099dfe9ab59/element - {"using":"xpath","value":"//*[@id=\"application-manageresources-display-component---newResourceUnit--newRRUPage-anchBar-application-manageresources-display-component---newResourceUnit--resource-anchor\"]"}
RESULT: {"using":"xpath","value":"//*[@id=\"application-manageresources-display-component---newResourceUnit--newRRUPage-anchBar-application-manageresources-display-component---newResourceUnit--resource-anchor\"]"}
COMMAND: POST /session/612db7fa7930bbb36023b099dfe9ab59/element/f.E3CD5E68D1E1B2FCF6DD50D193150CE1.d.ADBB6EF4D76902EBB2E0667A7BBB82AF.e.3930/click - {}
RESULT: {}
COMMAND: POST /session/612db7fa7930bbb36023b099dfe9ab59/execute/async - {"script":"<script> [1562 bytes]","args":[{"selector":{"id":"application-manageresources-display-component---newResourceUnit--PLANNED_DELIVERY_DATE","interaction":{"idSuffix":"inner"}},"wdio_ui5_key":"applicationmanageresources-display-component---newResourceUnit--PLANNED_DELIVERY_DATE"}]}
COMMAND: GET /session/612db7fa7930bbb36023b099dfe9ab59/screenshot - {}
RESULT: {"script":"<script> [1562 bytes]","args":[{"selector":{"id":"application-manageresources-display-component---newResourceUnit--PLANNED_DELIVERY_DATE","interaction":{"idSuffix":"inner"}},"wdio_ui5_key":"applicationmanageresources-display-component---newResourceUnit--PLANNED_DELIVERY_DATE"}]}
RESULT: undefined
COMMAND: POST /session/612db7fa7930bbb36023b099dfe9ab59/execute/async - {"script":"<script> [6424 bytes]","args":[{"element-6066-11e4-a52e-4f735466cecf":"f.E3CD5E68D1E1B2FCF6DD50D193150CE1.d.ADBB6EF4D76902EBB2E0667A7BBB82AF.e.3762"},"setValue",["06/25/24"]]}
RESULT: {}
RESULT: {"script":"<script> [6424 bytes]","args":[{"element-6066-11e4-a52e-4f735466cecf":"f.E3CD5E68D1E1B2FCF6DD50D193150CE1.d.ADBB6EF4D76902EBB2E0667A7BBB82AF.e.3762"},"setValue",["06/25/24"]]}
COMMAND: POST /session/612db7fa7930bbb36023b099dfe9ab59/execute/async - {"script":"<script> [1562 bytes]","args":[{"selector":{"id":"application-manageresources-display-component---newResourceUnit--RETIRE_PLANNED_DATE","interaction":{"idSuffix":"inner"}},"wdio_ui5_key":"applicationmanageresources-display-component---newResourceUnit--RETIRE_PLANNED_DATE"}]}
RESULT: {"script":"<script> [1562 bytes]","args":[{"selector":{"id":"application-manageresources-display-component---newResourceUnit--RETIRE_PLANNED_DATE","interaction":{"idSuffix":"inner"}},"wdio_ui5_key":"applicationmanageresources-display-component---newResourceUnit--RETIRE_PLANNED_DATE"}]}
RESULT: undefined
COMMAND: POST /session/612db7fa7930bbb36023b099dfe9ab59/execute/async - {"script":"<script> [776 bytes]","args":[{"enterText":"3/14/29","selector":{"id":"application-manageresources-display-component---newResourceUnit--RETIRE_PLANNED_DATE","interaction":{"idSuffix":"inner"}},"clearTextFirst":true,"interactionType":"ENTER_TEXT"}]}
RESULT: {"script":"<script> [776 bytes]","args":[{"enterText":"3/14/29","selector":{"id":"application-manageresources-display-component---newResourceUnit--RETIRE_PLANNED_DATE","interaction":{"idSuffix":"inner"}},"clearTextFirst":true,"interactionType":"ENTER_TEXT"}]}
COMMAND: POST /session/612db7fa7930bbb36023b099dfe9ab59/execute/async - {"script":"<script> [1562 bytes]","args":[{"selector":{"controlType":"sap.m.Button","viewName":"reusables.view.manageresources.NewResourceUnit","viewId":"application-manageresources-display-component---newResourceUnit","i18NText":{"propertyName":"tooltip","key":"save"},"interaction":{"idSuffix":"BDI-content"}},"wdio_ui5_key":"reusablesview.manageresources.NewResourceUnitsap.m.Button{\"propertyName\":\"tooltip\",\"key\":\"save\"}"}]}
RESULT: {"script":"<script> [1562 bytes]","args":[{"selector":{"controlType":"sap.m.Button","viewName":"reusables.view.manageresources.NewResourceUnit","viewId":"application-manageresources-display-component---newResourceUnit","i18NText":{"propertyName":"tooltip","key":"save"},"interaction":{"idSuffix":"BDI-content"}},"wdio_ui5_key":"reusablesview.manageresources.NewResourceUnitsap.m.Button{\"propertyName\":\"tooltip\",\"key\":\"save\"}"}]}
RESULT: undefined
COMMAND: POST /session/612db7fa7930bbb36023b099dfe9ab59/element - {"using":"xpath","value":"//*[@id=\"application-manageresources-display-component---newResourceUnit--createRuButton\"]"}
RESULT: {"using":"xpath","value":"//*[@id=\"application-manageresources-display-component---newResourceUnit--createRuButton\"]"}
COMMAND: POST /session/612db7fa7930bbb36023b099dfe9ab59/element/f.E3CD5E68D1E1B2FCF6DD50D193150CE1.d.ADBB6EF4D76902EBB2E0667A7BBB82AF.e.3721/click - {}
RESULT: {}
COMMAND: GET /session/612db7fa7930bbb36023b099dfe9ab59/screenshot - {}
RESULT: {}
COMMAND: POST /session/612db7fa7930bbb36023b099dfe9ab59/execute/async - {"script":"<script> [1562 bytes]","args":[{"selector":{"controlType":"sap.m.Button","properties":{"text":"Close"},"searchOpenDialogs":true,"interaction":{"idSuffix":"inner"}},"wdio_ui5_key":"sapm.Button{\"text\":\"Close\"}"}]}
RESULT: {"script":"<script> [1562 bytes]","args":[{"selector":{"controlType":"sap.m.Button","properties":{"text":"Close"},"searchOpenDialogs":true,"interaction":{"idSuffix":"inner"}},"wdio_ui5_key":"sapm.Button{\"text\":\"Close\"}"}]}
RESULT: undefined
COMMAND: POST /session/612db7fa7930bbb36023b099dfe9ab59/element - {"using":"xpath","value":"//*[@id=\"__mbox-btn-0\"]"}
RESULT: {"using":"xpath","value":"//*[@id=\"__mbox-btn-0\"]"}
COMMAND: POST /session/612db7fa7930bbb36023b099dfe9ab59/element/f.E3CD5E68D1E1B2FCF6DD50D193150CE1.d.ADBB6EF4D76902EBB2E0667A7BBB82AF.e.3938/click - {}
RESULT: {}
COMMAND: GET /session/612db7fa7930bbb36023b099dfe9ab59/screenshot - {}
RESULT: {}
COMMAND: POST /session/612db7fa7930bbb36023b099dfe9ab59/execute/async - {"script":"<script> [1562 bytes]","args":[{"selector":{"controlType":"sap.m.Text","viewName":"etm.portal.ui.manageresources.view.Detail","viewId":"application-manageresources-display-component---detailRU","bindingPath":{"propertyPath":"ID","modelName":"catalogModel"}},"wdio_ui5_key":"etmportal.ui.manageresources.view.Detailsap.m.Text{\"propertyPath\":\"ID\",\"modelName\":\"catalogModel\"}"}]}
RESULT: {"script":"<script> [1562 bytes]","args":[{"selector":{"controlType":"sap.m.Text","viewName":"etm.portal.ui.manageresources.view.Detail","viewId":"application-manageresources-display-component---detailRU","bindingPath":{"propertyPath":"ID","modelName":"catalogModel"}},"wdio_ui5_key":"etmportal.ui.manageresources.view.Detailsap.m.Text{\"propertyPath\":\"ID\",\"modelName\":\"catalogModel\"}"}]}
RESULT: undefined
COMMAND: POST /session/612db7fa7930bbb36023b099dfe9ab59/execute/async - {"script":"<script> [6424 bytes]","args":[{"element-6066-11e4-a52e-4f735466cecf":"f.E3CD5E68D1E1B2FCF6DD50D193150CE1.d.ADBB6EF4D76902EBB2E0667A7BBB82AF.e.3993"},"getText",[]]}
RESULT: {"script":"<script> [6424 bytes]","args":[{"element-6066-11e4-a52e-4f735466cecf":"f.E3CD5E68D1E1B2FCF6DD50D193150CE1.d.ADBB6EF4D76902EBB2E0667A7BBB82AF.e.3993"},"getText",[]]}
COMMAND: POST /session/612db7fa7930bbb36023b099dfe9ab59/element - {"using":"css selector","value":"#shell-header-logo"}
RESULT: {"using":"css selector","value":"#shell-header-logo"}
COMMAND: POST /session/612db7fa7930bbb36023b099dfe9ab59/element/f.E3CD5E68D1E1B2FCF6DD50D193150CE1.d.ADBB6EF4D76902EBB2E0667A7BBB82AF.e.3342/click - {}
RESULT: {}
COMMAND: GET /session/612db7fa7930bbb36023b099dfe9ab59/screenshot - {}
RESULT: {}
COMMAND: POST /session/612db7fa7930bbb36023b099dfe9ab59/execute/async - {"script":"<script> [1562 bytes]","args":[{"selector":{"controlType":"sap.m.GenericTile","properties":{"header":"Manage Catalogs"}},"wdio_ui5_key":"sapm.GenericTile{\"header\":\"Manage Catalogs\"}"}]}
RESULT: {"script":"<script> [1562 bytes]","args":[{"selector":{"controlType":"sap.m.GenericTile","properties":{"header":"Manage Catalogs"}},"wdio_ui5_key":"sapm.GenericTile{\"header\":\"Manage Catalogs\"}"}]}
RESULT: undefined
COMMAND: POST /session/612db7fa7930bbb36023b099dfe9ab59/element - {"using":"xpath","value":"//*[@id=\"__tile37\"]"}
RESULT: {"using":"xpath","value":"//*[@id=\"__tile37\"]"}
COMMAND: POST /session/612db7fa7930bbb36023b099dfe9ab59/element/f.E3CD5E68D1E1B2FCF6DD50D193150CE1.d.ADBB6EF4D76902EBB2E0667A7BBB82AF.e.3995/click - {}
RESULT: {}
COMMAND: GET /session/612db7fa7930bbb36023b099dfe9ab59/screenshot - {}
RESULT: {}
COMMAND: POST /session/612db7fa7930bbb36023b099dfe9ab59/elements - {"using":"xpath","value":"//span[text()='Error']"}
RESULT: {"using":"xpath","value":"//span[text()='Error']"}
COMMAND: POST /session/612db7fa7930bbb36023b099dfe9ab59/execute/async - {"script":"<script> [1562 bytes]","args":[{"selector":{"controlType":"sap.m.Text","viewName":"etm.portal.ui.managecatalogs.view.MasterCatalogs","viewId":"application-managecatalogs-display-component---masterCatalogs","bindingPath":{"path":"/Catalogs('0D7502D073D53A0F1700BE067B89AFF9')","propertyPath":"DESCRIPTION","modelName":"catalogModel"}},"wdio_ui5_key":"etmportal.ui.managecatalogs.view.MasterCatalogssap.m.Text{\"path\":\"/Catalogs('0D7502D073D53A0F1700BE067B89AFF9')\",\"propertyPath\":\"DESCRIPTION\",\"modelName\":\"catalogModel\"}"}]}
RESULT: {"script":"<script> [1562 bytes]","args":[{"selector":{"controlType":"sap.m.Text","viewName":"etm.portal.ui.managecatalogs.view.MasterCatalogs","viewId":"application-managecatalogs-display-component---masterCatalogs","bindingPath":{"path":"/Catalogs('0D7502D073D53A0F1700BE067B89AFF9')","propertyPath":"DESCRIPTION","modelName":"catalogModel"}},"wdio_ui5_key":"etmportal.ui.managecatalogs.view.MasterCatalogssap.m.Text{\"path\":\"/Catalogs('0D7502D073D53A0F1700BE067B89AFF9')\",\"propertyPath\":\"DESCRIPTION\",\"modelName\":\"catalogModel\"}"}]}
RESULT: undefined
COMMAND: POST /session/612db7fa7930bbb36023b099dfe9ab59/element - {"using":"xpath","value":"//*[@id=\"__text1058-application-managecatalogs-display-component---masterCatalogs--CatalogsTable-11\"]"}
RESULT: {"using":"xpath","value":"//*[@id=\"__text1058-application-managecatalogs-display-component---masterCatalogs--CatalogsTable-11\"]"}
COMMAND: POST /session/612db7fa7930bbb36023b099dfe9ab59/element/f.E3CD5E68D1E1B2FCF6DD50D193150CE1.d.ADBB6EF4D76902EBB2E0667A7BBB82AF.e.4066/click - {}
RESULT: {}
COMMAND: POST /session/612db7fa7930bbb36023b099dfe9ab59/execute/async - {"script":"<script> [1562 bytes]","args":[{"selector":{"controlType":"sap.ui.layout.HorizontalLayout","viewName":"etm.portal.ui.managecatalogs.view.MasterItems","viewId":"application-managecatalogs-display-component---masterCatalogItems","ancestor":{"id":"application-managecatalogs-display-component---masterCatalogItems--idCatalogItemsTree-rows-row0"}},"wdio_ui5_key":"etmportal.ui.managecatalogs.view.MasterItemssap.ui.layout.HorizontalLayout{\"id\":\"application-managecatalogs-display-component---masterCatalogItems--idCatalogItemsTree-rows-row0\"}"}]}
COMMAND: GET /session/612db7fa7930bbb36023b099dfe9ab59/screenshot - {}
RESULT: {"script":"<script> [1562 bytes]","args":[{"selector":{"controlType":"sap.ui.layout.HorizontalLayout","viewName":"etm.portal.ui.managecatalogs.view.MasterItems","viewId":"application-managecatalogs-display-component---masterCatalogItems","ancestor":{"id":"application-managecatalogs-display-component---masterCatalogItems--idCatalogItemsTree-rows-row0"}},"wdio_ui5_key":"etmportal.ui.managecatalogs.view.MasterItemssap.ui.layout.HorizontalLayout{\"id\":\"application-managecatalogs-display-component---masterCatalogItems--idCatalogItemsTree-rows-row0\"}"}]}
RESULT: undefined
COMMAND: POST /session/612db7fa7930bbb36023b099dfe9ab59/element - {"using":"xpath","value":"//*[@id=\"__layout302-__clone1353\"]"}
RESULT: {}
RESULT: {"using":"xpath","value":"//*[@id=\"__layout302-__clone1353\"]"}
COMMAND: POST /session/612db7fa7930bbb36023b099dfe9ab59/element/f.E3CD5E68D1E1B2FCF6DD50D193150CE1.d.ADBB6EF4D76902EBB2E0667A7BBB82AF.e.4101/click - {}
RESULT: {}
COMMAND: GET /session/612db7fa7930bbb36023b099dfe9ab59/screenshot - {}
COMMAND: POST /session/612db7fa7930bbb36023b099dfe9ab59/execute/async - {"script":"<script> [1562 bytes]","args":[{"selector":{"controlType":"sap.m.Button","viewName":"etm.portal.ui.managecatalogs.view.Detail","viewId":"application-managecatalogs-display-component---detailCatalog","i18NText":{"propertyName":"text","key":"edit"},"interaction":{"idSuffix":"BDI-content"}},"wdio_ui5_key":"etmportal.ui.managecatalogs.view.Detailsap.m.Button{\"propertyName\":\"text\",\"key\":\"edit\"}"}]}
RESULT: {}
RESULT: {"script":"<script> [1562 bytes]","args":[{"selector":{"controlType":"sap.m.Button","viewName":"etm.portal.ui.managecatalogs.view.Detail","viewId":"application-managecatalogs-display-component---detailCatalog","i18NText":{"propertyName":"text","key":"edit"},"interaction":{"idSuffix":"BDI-content"}},"wdio_ui5_key":"etmportal.ui.managecatalogs.view.Detailsap.m.Button{\"propertyName\":\"text\",\"key\":\"edit\"}"}]}
RESULT: undefined
COMMAND: POST /session/612db7fa7930bbb36023b099dfe9ab59/element - {"using":"xpath","value":"//*[@id=\"__button134\"]"}
RESULT: {"using":"xpath","value":"//*[@id=\"__button134\"]"}
COMMAND: POST /session/612db7fa7930bbb36023b099dfe9ab59/element/f.E3CD5E68D1E1B2FCF6DD50D193150CE1.d.ADBB6EF4D76902EBB2E0667A7BBB82AF.e.4217/click - {}
RESULT: {}
COMMAND: GET /session/612db7fa7930bbb36023b099dfe9ab59/screenshot - {}
RESULT: {}
COMMAND: POST /session/612db7fa7930bbb36023b099dfe9ab59/element - {"using":"xpath","value":"//bdi[contains(text(), \"Unlock\")]"}
RESULT: {"using":"xpath","value":"//bdi[contains(text(), \"Unlock\")]"}
COMMAND: POST /session/612db7fa7930bbb36023b099dfe9ab59/elements - {"using":"xpath","value":"//bdi[contains(text(), \"Unlock\")]"}
RESULT: {"using":"xpath","value":"//bdi[contains(text(), \"Unlock\")]"}
COMMAND: POST /session/612db7fa7930bbb36023b099dfe9ab59/execute/async - {"script":"<script> [1562 bytes]","args":[{"selector":{"controlType":"sap.ui.core.Icon","viewName":"etm.portal.ui.managecatalogs.view.Detail","viewId":"application-managecatalogs-display-component---detailCatalog","properties":{"src":{"regex":{"source":"add\\-folder"}}}},"wdio_ui5_key":"etmportal.ui.managecatalogs.view.Detailsap.ui.core.Icon{\"src\":{\"regex\":{\"source\":\"add\\\\-folder\"}}}"}]}
RESULT: {"script":"<script> [1562 bytes]","args":[{"selector":{"controlType":"sap.ui.core.Icon","viewName":"etm.portal.ui.managecatalogs.view.Detail","viewId":"application-managecatalogs-display-component---detailCatalog","properties":{"src":{"regex":{"source":"add\\-folder"}}}},"wdio_ui5_key":"etmportal.ui.managecatalogs.view.Detailsap.ui.core.Icon{\"src\":{\"regex\":{\"source\":\"add\\\\-folder\"}}}"}]}
RESULT: undefined
COMMAND: POST /session/612db7fa7930bbb36023b099dfe9ab59/element - {"using":"xpath","value":"//*[@id=\"__button142-img\"]"}
RESULT: {"using":"xpath","value":"//*[@id=\"__button142-img\"]"}
COMMAND: POST /session/612db7fa7930bbb36023b099dfe9ab59/element/f.E3CD5E68D1E1B2FCF6DD50D193150CE1.d.ADBB6EF4D76902EBB2E0667A7BBB82AF.e.4226/click - {}
RESULT: {}
COMMAND: GET /session/612db7fa7930bbb36023b099dfe9ab59/screenshot - {}
RESULT: {}
COMMAND: POST /session/612db7fa7930bbb36023b099dfe9ab59/execute/async - {"script":"<script> [1562 bytes]","args":[{"selector":{"id":"application-managecatalogs-display-component---detailCatalog--numberInput","searchOpenDialogs":true,"interaction":{"idSuffix":"inner"}},"wdio_ui5_key":"applicationmanagecatalogs-display-component---detailCatalog--numberInput"}]}
RESULT: {"script":"<script> [1562 bytes]","args":[{"selector":{"id":"application-managecatalogs-display-component---detailCatalog--numberInput","searchOpenDialogs":true,"interaction":{"idSuffix":"inner"}},"wdio_ui5_key":"applicationmanagecatalogs-display-component---detailCatalog--numberInput"}]}
RESULT: undefined
COMMAND: POST /session/612db7fa7930bbb36023b099dfe9ab59/execute/async - {"script":"<script> [776 bytes]","args":[{"enterText":"Sectionebpxp","selector":{"id":"application-managecatalogs-display-component---detailCatalog--numberInput","searchOpenDialogs":true,"interaction":{"idSuffix":"inner"}},"clearTextFirst":true,"interactionType":"ENTER_TEXT"}]}
RESULT: {"script":"<script> [776 bytes]","args":[{"enterText":"Sectionebpxp","selector":{"id":"application-managecatalogs-display-component---detailCatalog--numberInput","searchOpenDialogs":true,"interaction":{"idSuffix":"inner"}},"clearTextFirst":true,"interactionType":"ENTER_TEXT"}]}
COMMAND: POST /session/612db7fa7930bbb36023b099dfe9ab59/element - {"using":"css selector","value":"#application-managecatalogs-display-component---detailCatalog--nameInput-inner"}
RESULT: {"using":"css selector","value":"#application-managecatalogs-display-component---detailCatalog--nameInput-inner"}
COMMAND: POST /session/612db7fa7930bbb36023b099dfe9ab59/elements - {"using":"css selector","value":"#application-managecatalogs-display-component---detailCatalog--nameInput-inner"}
RESULT: {"using":"css selector","value":"#application-managecatalogs-display-component---detailCatalog--nameInput-inner"}
COMMAND: POST /session/612db7fa7930bbb36023b099dfe9ab59/element/f.E3CD5E68D1E1B2FCF6DD50D193150CE1.d.ADBB6EF4D76902EBB2E0667A7BBB82AF.e.4230/clear - {}
RESULT: {}
COMMAND: POST /session/612db7fa7930bbb36023b099dfe9ab59/element/f.E3CD5E68D1E1B2FCF6DD50D193150CE1.d.ADBB6EF4D76902EBB2E0667A7BBB82AF.e.4230/value - {"text":"Webdriver6b07n"}
COMMAND: GET /session/612db7fa7930bbb36023b099dfe9ab59/screenshot - {}
RESULT: {"text":"Webdriver6b07n"}
COMMAND: POST /session/612db7fa7930bbb36023b099dfe9ab59/execute/async - {"script":"<script> [1562 bytes]","args":[{"selector":{"controlType":"sap.m.Button","viewName":"etm.portal.ui.managecatalogs.view.Detail","viewId":"application-managecatalogs-display-component---detailCatalog","i18NText":{"propertyName":"text","key":"create"},"searchOpenDialogs":true,"interaction":{"idSuffix":"BDI-content"}},"wdio_ui5_key":"etmportal.ui.managecatalogs.view.Detailsap.m.Button{\"propertyName\":\"text\",\"key\":\"create\"}"}]}
COMMAND: GET /session/612db7fa7930bbb36023b099dfe9ab59/screenshot - {}
RESULT: {}
RESULT: {"script":"<script> [1562 bytes]","args":[{"selector":{"controlType":"sap.m.Button","viewName":"etm.portal.ui.managecatalogs.view.Detail","viewId":"application-managecatalogs-display-component---detailCatalog","i18NText":{"propertyName":"text","key":"create"},"searchOpenDialogs":true,"interaction":{"idSuffix":"BDI-content"}},"wdio_ui5_key":"etmportal.ui.managecatalogs.view.Detailsap.m.Button{\"propertyName\":\"text\",\"key\":\"create\"}"}]}
RESULT: undefined
COMMAND: POST /session/612db7fa7930bbb36023b099dfe9ab59/element - {"using":"xpath","value":"//*[@id=\"__button112\"]"}
RESULT: {}
RESULT: {"using":"xpath","value":"//*[@id=\"__button112\"]"}
COMMAND: POST /session/612db7fa7930bbb36023b099dfe9ab59/element/f.E3CD5E68D1E1B2FCF6DD50D193150CE1.d.ADBB6EF4D76902EBB2E0667A7BBB82AF.e.4234/click - {}
RESULT: {}
COMMAND: GET /session/612db7fa7930bbb36023b099dfe9ab59/screenshot - {}
RESULT: {}
COMMAND: POST /session/612db7fa7930bbb36023b099dfe9ab59/element - {"using":"xpath","value":"//button[@title=\"Save\"]"}
RESULT: {"using":"xpath","value":"//button[@title=\"Save\"]"}
COMMAND: POST /session/612db7fa7930bbb36023b099dfe9ab59/element/f.E3CD5E68D1E1B2FCF6DD50D193150CE1.d.ADBB6EF4D76902EBB2E0667A7BBB82AF.e.4235/click - {}
RESULT: {}
COMMAND: POST /session/612db7fa7930bbb36023b099dfe9ab59/execute/async - {"script":"<script> [1562 bytes]","args":[{"selector":{"controlType":"sap.ui.core.Icon","viewName":"etm.portal.ui.managecatalogs.view.Detail","viewId":"application-managecatalogs-display-component---detailCatalog","properties":{"src":{"regex":{"source":"decline"}}}},"wdio_ui5_key":"etmportal.ui.managecatalogs.view.Detailsap.ui.core.Icon{\"src\":{\"regex\":{\"source\":\"decline\"}}}"}]}
COMMAND: GET /session/612db7fa7930bbb36023b099dfe9ab59/screenshot - {}
RESULT: {"script":"<script> [1562 bytes]","args":[{"selector":{"controlType":"sap.ui.core.Icon","viewName":"etm.portal.ui.managecatalogs.view.Detail","viewId":"application-managecatalogs-display-component---detailCatalog","properties":{"src":{"regex":{"source":"decline"}}}},"wdio_ui5_key":"etmportal.ui.managecatalogs.view.Detailsap.ui.core.Icon{\"src\":{\"regex\":{\"source\":\"decline\"}}}"}]}
RESULT: undefined
COMMAND: POST /session/612db7fa7930bbb36023b099dfe9ab59/element - {"using":"xpath","value":"//*[@id=\"__button137-img\"]"}
RESULT: {}
RESULT: {"using":"xpath","value":"//*[@id=\"__button137-img\"]"}
COMMAND: POST /session/612db7fa7930bbb36023b099dfe9ab59/element/f.E3CD5E68D1E1B2FCF6DD50D193150CE1.d.ADBB6EF4D76902EBB2E0667A7BBB82AF.e.4242/click - {}
RESULT: {}
COMMAND: GET /session/612db7fa7930bbb36023b099dfe9ab59/screenshot - {}
RESULT: {}
COMMAND: POST /session/612db7fa7930bbb36023b099dfe9ab59/execute/async - {"script":"<script> [1562 bytes]","args":[{"selector":{"controlType":"sap.ui.core.Icon","viewName":"etm.portal.ui.managecatalogs.view.MasterItems","viewId":"application-managecatalogs-display-component---masterCatalogItems","properties":{"src":{"regex":{"source":"refresh"}}}},"wdio_ui5_key":"etmportal.ui.managecatalogs.view.MasterItemssap.ui.core.Icon{\"src\":{\"regex\":{\"source\":\"refresh\"}}}"}]}
RESULT: {"script":"<script> [1562 bytes]","args":[{"selector":{"controlType":"sap.ui.core.Icon","viewName":"etm.portal.ui.managecatalogs.view.MasterItems","viewId":"application-managecatalogs-display-component---masterCatalogItems","properties":{"src":{"regex":{"source":"refresh"}}}},"wdio_ui5_key":"etmportal.ui.managecatalogs.view.MasterItemssap.ui.core.Icon{\"src\":{\"regex\":{\"source\":\"refresh\"}}}"}]}
RESULT: undefined
COMMAND: POST /session/612db7fa7930bbb36023b099dfe9ab59/element - {"using":"xpath","value":"//*[@id=\"__button110-img\"]"}
RESULT: {"using":"xpath","value":"//*[@id=\"__button110-img\"]"}
COMMAND: POST /session/612db7fa7930bbb36023b099dfe9ab59/element/f.E3CD5E68D1E1B2FCF6DD50D193150CE1.d.ADBB6EF4D76902EBB2E0667A7BBB82AF.e.4276/click - {}
RESULT: {}
COMMAND: POST /session/612db7fa7930bbb36023b099dfe9ab59/execute/async - {"script":"<script> [1562 bytes]","args":[{"selector":{"id":"application-managecatalogs-display-component---masterCatalogItems--searchItemsField","interaction":{"idSuffix":"I"}},"wdio_ui5_key":"applicationmanagecatalogs-display-component---masterCatalogItems--searchItemsField"}]}
COMMAND: GET /session/612db7fa7930bbb36023b099dfe9ab59/screenshot - {}
RESULT: {"script":"<script> [1562 bytes]","args":[{"selector":{"id":"application-managecatalogs-display-component---masterCatalogItems--searchItemsField","interaction":{"idSuffix":"I"}},"wdio_ui5_key":"applicationmanagecatalogs-display-component---masterCatalogItems--searchItemsField"}]}
RESULT: undefined
COMMAND: POST /session/612db7fa7930bbb36023b099dfe9ab59/execute/async - {"script":"<script> [776 bytes]","args":[{"enterText":"Webdriver6b07n","selector":{"id":"application-managecatalogs-display-component---masterCatalogItems--searchItemsField","interaction":{"idSuffix":"I"}},"clearTextFirst":true,"interactionType":"ENTER_TEXT"}]}
RESULT: {}
RESULT: {"script":"<script> [776 bytes]","args":[{"enterText":"Webdriver6b07n","selector":{"id":"application-managecatalogs-display-component---masterCatalogItems--searchItemsField","interaction":{"idSuffix":"I"}},"clearTextFirst":true,"interactionType":"ENTER_TEXT"}]}
COMMAND: POST /session/612db7fa7930bbb36023b099dfe9ab59/actions - {"actions":[{"id":"action10","type":"key","parameters":{},"actions":[{"type":"keyDown","value":""},{"type":"pause","duration":10},{"type":"keyUp","value":""}]}]}
RESULT: {"actions":[{"id":"action10","type":"key","parameters":{},"actions":[{"type":"keyDown","value":""},{"type":"pause","duration":10},{"type":"keyUp","value":""}]}]}
COMMAND: POST /session/612db7fa7930bbb36023b099dfe9ab59/element - {"using":"xpath","value":"(//span[contains(text(), \"Webdriver6b07n\")])[1]"}
COMMAND: GET /session/612db7fa7930bbb36023b099dfe9ab59/screenshot - {}
RESULT: {"using":"xpath","value":"(//span[contains(text(), \"Webdriver6b07n\")])[1]"}
COMMAND: POST /session/612db7fa7930bbb36023b099dfe9ab59/element/f.E3CD5E68D1E1B2FCF6DD50D193150CE1.d.ADBB6EF4D76902EBB2E0667A7BBB82AF.e.4279/click - {}
RESULT: {}
RESULT: {}
COMMAND: GET /session/612db7fa7930bbb36023b099dfe9ab59/screenshot - {}
RESULT: {}
RESULT: undefined
COMMAND: POST /session/612db7fa7930bbb36023b099dfe9ab59/element - {"using":"xpath","value":"//*[@id=\"__button134\"]"}
RESULT: {"using":"xpath","value":"//*[@id=\"__button134\"]"}
COMMAND: POST /session/612db7fa7930bbb36023b099dfe9ab59/element/f.E3CD5E68D1E1B2FCF6DD50D193150CE1.d.ADBB6EF4D76902EBB2E0667A7BBB82AF.e.4316/click - {}
RESULT: {}
COMMAND: GET /session/612db7fa7930bbb36023b099dfe9ab59/screenshot - {}
RESULT: {}
RESULT: undefined
COMMAND: POST /session/612db7fa7930bbb36023b099dfe9ab59/element - {"using":"xpath","value":"//*[@id=\"__button142-img\"]"}
RESULT: {"using":"xpath","value":"//*[@id=\"__button142-img\"]"}
COMMAND: POST /session/612db7fa7930bbb36023b099dfe9ab59/element/f.E3CD5E68D1E1B2FCF6DD50D193150CE1.d.ADBB6EF4D76902EBB2E0667A7BBB82AF.e.4364/click - {}
RESULT: {}
COMMAND: GET /session/612db7fa7930bbb36023b099dfe9ab59/screenshot - {}
RESULT: {}
RESULT: undefined
COMMAND: POST /session/612db7fa7930bbb36023b099dfe9ab59/execute/async - {"script":"<script> [776 bytes]","args":[{"enterText":"SecondSection22fpf","selector":{"id":"application-managecatalogs-display-component---detailCatalog--numberInput","searchOpenDialogs":true,"interaction":{"idSuffix":"inner"}},"clearTextFirst":true,"interactionType":"ENTER_TEXT"}]}
RESULT: {"script":"<script> [776 bytes]","args":[{"enterText":"SecondSection22fpf","selector":{"id":"application-managecatalogs-display-component---detailCatalog--numberInput","searchOpenDialogs":true,"interaction":{"idSuffix":"inner"}},"clearTextFirst":true,"interactionType":"ENTER_TEXT"}]}
COMMAND: POST /session/612db7fa7930bbb36023b099dfe9ab59/element - {"using":"xpath","value":"//input[contains(@id ,\"application-managecatalogs-display-component---detailCatalog--nameInput-inner\")]"}
RESULT: {"using":"xpath","value":"//input[contains(@id ,\"application-managecatalogs-display-component---detailCatalog--nameInput-inner\")]"}
COMMAND: POST /session/612db7fa7930bbb36023b099dfe9ab59/elements - {"using":"xpath","value":"//input[contains(@id ,\"application-managecatalogs-display-component---detailCatalog--nameInput-inner\")]"}
RESULT: {"using":"xpath","value":"//input[contains(@id ,\"application-managecatalogs-display-component---detailCatalog--nameInput-inner\")]"}
COMMAND: POST /session/612db7fa7930bbb36023b099dfe9ab59/element/f.E3CD5E68D1E1B2FCF6DD50D193150CE1.d.ADBB6EF4D76902EBB2E0667A7BBB82AF.e.4368/clear - {}
RESULT: {}
COMMAND: POST /session/612db7fa7930bbb36023b099dfe9ab59/element/f.E3CD5E68D1E1B2FCF6DD50D193150CE1.d.ADBB6EF4D76902EBB2E0667A7BBB82AF.e.4368/value - {"text":"webdriversecond1yjze"}
COMMAND: GET /session/612db7fa7930bbb36023b099dfe9ab59/screenshot - {}
RESULT: {"text":"webdriversecond1yjze"}
RESULT: undefined
COMMAND: POST /session/612db7fa7930bbb36023b099dfe9ab59/element - {"using":"xpath","value":"//*[@id=\"__button112\"]"}
COMMAND: GET /session/612db7fa7930bbb36023b099dfe9ab59/screenshot - {}
RESULT: {}
RESULT: {"using":"xpath","value":"//*[@id=\"__button112\"]"}
COMMAND: POST /session/612db7fa7930bbb36023b099dfe9ab59/element/f.E3CD5E68D1E1B2FCF6DD50D193150CE1.d.ADBB6EF4D76902EBB2E0667A7BBB82AF.e.4372/click - {}
RESULT: {}
RESULT: {}
COMMAND: GET /session/612db7fa7930bbb36023b099dfe9ab59/screenshot - {}
RESULT: {}
COMMAND: POST /session/612db7fa7930bbb36023b099dfe9ab59/element - {"using":"xpath","value":"//button[@title=\"Save\"]"}
RESULT: {"using":"xpath","value":"//button[@title=\"Save\"]"}
COMMAND: POST /session/612db7fa7930bbb36023b099dfe9ab59/element/f.E3CD5E68D1E1B2FCF6DD50D193150CE1.d.ADBB6EF4D76902EBB2E0667A7BBB82AF.e.4350/click - {}
RESULT: {}
COMMAND: GET /session/612db7fa7930bbb36023b099dfe9ab59/screenshot - {}
RESULT: {}
RESULT: undefined
COMMAND: POST /session/612db7fa7930bbb36023b099dfe9ab59/element - {"using":"xpath","value":"//*[@id=\"__button137-img\"]"}
RESULT: {"using":"xpath","value":"//*[@id=\"__button137-img\"]"}
COMMAND: POST /session/612db7fa7930bbb36023b099dfe9ab59/element/f.E3CD5E68D1E1B2FCF6DD50D193150CE1.d.ADBB6EF4D76902EBB2E0667A7BBB82AF.e.4323/click - {}
RESULT: {}
COMMAND: GET /session/612db7fa7930bbb36023b099dfe9ab59/screenshot - {}
RESULT: {}
RESULT: undefined
COMMAND: POST /session/612db7fa7930bbb36023b099dfe9ab59/element - {"using":"xpath","value":"//*[@id=\"__button110-img\"]"}
RESULT: {"using":"xpath","value":"//*[@id=\"__button110-img\"]"}
COMMAND: POST /session/612db7fa7930bbb36023b099dfe9ab59/element/f.E3CD5E68D1E1B2FCF6DD50D193150CE1.d.ADBB6EF4D76902EBB2E0667A7BBB82AF.e.4412/click - {}
RESULT: {}
COMMAND: GET /session/612db7fa7930bbb36023b099dfe9ab59/screenshot - {}
RESULT: {}
RESULT: undefined
COMMAND: POST /session/612db7fa7930bbb36023b099dfe9ab59/execute/async - {"script":"<script> [776 bytes]","args":[{"enterText":"SecondSection22fpf","selector":{"id":"application-managecatalogs-display-component---masterCatalogItems--searchItemsField","interaction":{"idSuffix":"I"}},"clearTextFirst":true,"interactionType":"ENTER_TEXT"}]}
RESULT: {"script":"<script> [776 bytes]","args":[{"enterText":"SecondSection22fpf","selector":{"id":"application-managecatalogs-display-component---masterCatalogItems--searchItemsField","interaction":{"idSuffix":"I"}},"clearTextFirst":true,"interactionType":"ENTER_TEXT"}]}
COMMAND: POST /session/612db7fa7930bbb36023b099dfe9ab59/actions - {"actions":[{"id":"action11","type":"key","parameters":{},"actions":[{"type":"keyDown","value":""},{"type":"pause","duration":10},{"type":"keyUp","value":""}]}]}
RESULT: {"actions":[{"id":"action11","type":"key","parameters":{},"actions":[{"type":"keyDown","value":""},{"type":"pause","duration":10},{"type":"keyUp","value":""}]}]}
COMMAND: POST /session/612db7fa7930bbb36023b099dfe9ab59/element - {"using":"xpath","value":"(//span[contains(text(), \"SecondSection22fpf\")])[1]"}
COMMAND: GET /session/612db7fa7930bbb36023b099dfe9ab59/screenshot - {}
RESULT: {"using":"xpath","value":"(//span[contains(text(), \"SecondSection22fpf\")])[1]"}
COMMAND: POST /session/612db7fa7930bbb36023b099dfe9ab59/element/f.E3CD5E68D1E1B2FCF6DD50D193150CE1.d.ADBB6EF4D76902EBB2E0667A7BBB82AF.e.4415/click - {}
RESULT: {}
RESULT: {}
COMMAND: POST /session/612db7fa7930bbb36023b099dfe9ab59/element - {"using":"xpath","value":"(//span[contains(text(), \"SecondSection22fpf\")])[1]"}
COMMAND: GET /session/612db7fa7930bbb36023b099dfe9ab59/screenshot - {}
RESULT: {"using":"xpath","value":"(//span[contains(text(), \"SecondSection22fpf\")])[1]"}
COMMAND: GET /session/612db7fa7930bbb36023b099dfe9ab59/element/f.E3CD5E68D1E1B2FCF6DD50D193150CE1.d.ADBB6EF4D76902EBB2E0667A7BBB82AF.e.4415/text - {}
RESULT: {}
COMMAND: POST /session/612db7fa7930bbb36023b099dfe9ab59/element - {"using":"xpath","value":"(//span[contains(text(), \"SecondSection22fpf\")])[1]"}
RESULT: {"using":"xpath","value":"(//span[contains(text(), \"SecondSection22fpf\")])[1]"}
COMMAND: GET /session/612db7fa7930bbb36023b099dfe9ab59/element/f.E3CD5E68D1E1B2FCF6DD50D193150CE1.d.ADBB6EF4D76902EBB2E0667A7BBB82AF.e.4415/text - {}
COMMAND: POST /session/612db7fa7930bbb36023b099dfe9ab59/element - {"using":"xpath","value":"(//span[contains(text(), \"SecondSection22fpf\")])[1]"}
RESULT: {"using":"xpath","value":"(//span[contains(text(), \"SecondSection22fpf\")])[1]"}
COMMAND: GET /session/612db7fa7930bbb36023b099dfe9ab59/element/f.E3CD5E68D1E1B2FCF6DD50D193150CE1.d.ADBB6EF4D76902EBB2E0667A7BBB82AF.e.4467/text - {}
RESULT: {}
COMMAND: POST /session/612db7fa7930bbb36023b099dfe9ab59/refresh - {}
RESULT: {}
COMMAND: GET /session/612db7fa7930bbb36023b099dfe9ab59/screenshot - {}
RESULT: {}
COMMAND: POST /session/612db7fa7930bbb36023b099dfe9ab59/execute/async - {"script":"<script> [189 bytes]","args":[]}
RESULT: {"script":"<script> [189 bytes]","args":[]}
COMMAND: POST /session/612db7fa7930bbb36023b099dfe9ab59/execute/async - {"script":"<script> [123 bytes]","args":[]}
RESULT: {"script":"<script> [123 bytes]","args":[]}
COMMAND: POST /session/612db7fa7930bbb36023b099dfe9ab59/timeouts - {"script":"<number>"}
RESULT: {"script":"<number>"}
COMMAND: GET /session/612db7fa7930bbb36023b099dfe9ab59/timeouts - {}
RESULT: {}
RESULT: undefined
COMMAND: POST /session/612db7fa7930bbb36023b099dfe9ab59/execute/async - {"script":"<script> [2676 bytes]","args":[]}
RESULT: {"script":"<script> [2676 bytes]","args":[]}
COMMAND: POST /session/612db7fa7930bbb36023b099dfe9ab59/execute/async - {"script":"<script> [2342 bytes]","args":[{"protocol":"http","hostname":"0.0.0.0","path":"/","capabilities":{"browserName":"chrome","goog:chromeOptions":{"binary":"C:\\Program Files\\Google\\Chrome\\Application\\chrome.exe","args":["--start-maximized"]}},"logLevel":"warn","connectionRetryTimeout":120000,"connectionRetryCount":3,"logLevels":{},"enableDirectConnect":true,"strictSSL":true,"_":"65 more keys: [\"cacheDir\",\"port\",\"requestedCapabilities\",\"automationProtocol\",\"baseUrl\",\"waitforInterval\",\"waitforTimeout\",\"onReload\",\"beforeCommand\",\"afterCommand\",\"rootDir\",\"specs\",\"suites\",\"exclude\",\"groupLogsByTestSpec\",\"excludeDriverLogs\",\"bail\",\"framework\",\"reporters\",\"services\",\"maxInstances\",\"maxInstancesPerCapability\",\"injectGlobals\",\"filesToWatch\",\"execArgv\",\"runnerEnv\",\"runner\",\"shard\",\"specFileRetries\",\"specFileRetriesDelay\",\"specFileRetriesDeferred\",\"reporterSyncInterval\",\"reporterSyncTimeout\",\"cucumberFeaturesWithLineNumbers\",\"autoCompileOpts\",\"mochaOpts\",\"jasmineOpts\",\"cucumberOpts\",\"onPrepare\",\"onWorkerStart\",\"onWorkerEnd\",\"before\",\"beforeSession\",\"beforeSuite\",\"beforeHook\",\"beforeTest\",\"afterTest\",\"afterHook\",\"afterSuite\",\"afterSession\",\"after\",\"onComplete\",\"beforeAssertion\",\"afterAssertion\",\"beforeFeature\",\"beforeScenario\",\"beforeStep\",\"afterStep\",\"afterScenario\",\"afterFeature\",\"_\",\"suite\",\"$0\",\"ignoredWorkerServices\",\"wdi5\"]"}]}
RESULT: {"script":"<script> [2342 bytes]","args":[{"protocol":"http","hostname":"0.0.0.0","path":"/","capabilities":{"browserName":"chrome","goog:chromeOptions":{"binary":"C:\\Program Files\\Google\\Chrome\\Application\\chrome.exe","args":["--start-maximized"]}},"logLevel":"warn","connectionRetryTimeout":120000,"connectionRetryCount":3,"logLevels":{},"enableDirectConnect":true,"strictSSL":true,"_":"65 more keys: [\"cacheDir\",\"port\",\"requestedCapabilities\",\"automationProtocol\",\"baseUrl\",\"waitforInterval\",\"waitforTimeout\",\"onReload\",\"beforeCommand\",\"afterCommand\",\"rootDir\",\"specs\",\"suites\",\"exclude\",\"groupLogsByTestSpec\",\"excludeDriverLogs\",\"bail\",\"framework\",\"reporters\",\"services\",\"maxInstances\",\"maxInstancesPerCapability\",\"injectGlobals\",\"filesToWatch\",\"execArgv\",\"runnerEnv\",\"runner\",\"shard\",\"specFileRetries\",\"specFileRetriesDelay\",\"specFileRetriesDeferred\",\"reporterSyncInterval\",\"reporterSyncTimeout\",\"cucumberFeaturesWithLineNumbers\",\"autoCompileOpts\",\"mochaOpts\",\"jasmineOpts\",\"cucumberOpts\",\"onPrepare\",\"onWorkerStart\",\"onWorkerEnd\",\"before\",\"beforeSession\",\"beforeSuite\",\"beforeHook\",\"beforeTest\",\"afterTest\",\"afterHook\",\"afterSuite\",\"afterSession\",\"after\",\"onComplete\",\"beforeAssertion\",\"afterAssertion\",\"beforeFeature\",\"beforeScenario\",\"beforeStep\",\"afterStep\",\"afterScenario\",\"afterFeature\",\"_\",\"suite\",\"$0\",\"ignoredWorkerServices\",\"wdi5\"]"}]}
COMMAND: POST /session/612db7fa7930bbb36023b099dfe9ab59/execute/async - {"script":"<script> [21126 bytes]","args":[35000]}
RESULT: {"script":"<script> [21126 bytes]","args":[35000]}
COMMAND: POST /session/612db7fa7930bbb36023b099dfe9ab59/execute/async - {"script":"<script> [1562 bytes]","args":[{"selector":{"controlType":"sap.m.Button","viewName":"etm.portal.ui.managecatalogs.view.Detail","viewId":"application-managecatalogs-display-component---detailCatalog","i18NText":{"propertyName":"text","key":"edit"},"interaction":{"idSuffix":"BDI-content"}},"wdio_ui5_key":"etmportal.ui.managecatalogs.view.Detailsap.m.Button{\"propertyName\":\"text\",\"key\":\"edit\"}"}]}
RESULT: {"script":"<script> [1562 bytes]","args":[{"selector":{"controlType":"sap.m.Button","viewName":"etm.portal.ui.managecatalogs.view.Detail","viewId":"application-managecatalogs-display-component---detailCatalog","i18NText":{"propertyName":"text","key":"edit"},"interaction":{"idSuffix":"BDI-content"}},"wdio_ui5_key":"etmportal.ui.managecatalogs.view.Detailsap.m.Button{\"propertyName\":\"text\",\"key\":\"edit\"}"}]}
RESULT: undefined
COMMAND: POST /session/612db7fa7930bbb36023b099dfe9ab59/element - {"using":"xpath","value":"//*[@id=\"__button25\"]"}
RESULT: {"using":"xpath","value":"//*[@id=\"__button25\"]"}
COMMAND: POST /session/612db7fa7930bbb36023b099dfe9ab59/element/f.E3CD5E68D1E1B2FCF6DD50D193150CE1.d.AF8D86A7A0A5F8A1D7699289F89DD098.e.4526/click - {}
RESULT: {}
COMMAND: GET /session/612db7fa7930bbb36023b099dfe9ab59/screenshot - {}
RESULT: {}
COMMAND: POST /session/612db7fa7930bbb36023b099dfe9ab59/element - {"using":"xpath","value":"//button[contains(@title ,\"Create Catalog Item\")]"}
RESULT: {"using":"xpath","value":"//button[contains(@title ,\"Create Catalog Item\")]"}
COMMAND: POST /session/612db7fa7930bbb36023b099dfe9ab59/element/f.E3CD5E68D1E1B2FCF6DD50D193150CE1.d.AF8D86A7A0A5F8A1D7699289F89DD098.e.4532/click - {}
RESULT: {}
COMMAND: POST /session/612db7fa7930bbb36023b099dfe9ab59/execute/async - {"script":"<script> [1562 bytes]","args":[{"selector":{"id":"application-managecatalogs-display-component---detailCatalog--newItemNumberInput","searchOpenDialogs":true,"interaction":{"idSuffix":"inner"}},"wdio_ui5_key":"applicationmanagecatalogs-display-component---detailCatalog--newItemNumberInput"}]}
COMMAND: GET /session/612db7fa7930bbb36023b099dfe9ab59/screenshot - {}
RESULT: {"script":"<script> [1562 bytes]","args":[{"selector":{"id":"application-managecatalogs-display-component---detailCatalog--newItemNumberInput","searchOpenDialogs":true,"interaction":{"idSuffix":"inner"}},"wdio_ui5_key":"applicationmanagecatalogs-display-component---detailCatalog--newItemNumberInput"}]}
RESULT: undefined
COMMAND: POST /session/612db7fa7930bbb36023b099dfe9ab59/execute/async - {"script":"<script> [776 bytes]","args":[{"enterText":"catalogItemekblc","selector":{"id":"application-managecatalogs-display-component---detailCatalog--newItemNumberInput","searchOpenDialogs":true,"interaction":{"idSuffix":"inner"}},"clearTextFirst":true,"interactionType":"ENTER_TEXT"}]}
RESULT: {}
RESULT: {"script":"<script> [776 bytes]","args":[{"enterText":"catalogItemekblc","selector":{"id":"application-managecatalogs-display-component---detailCatalog--newItemNumberInput","searchOpenDialogs":true,"interaction":{"idSuffix":"inner"}},"clearTextFirst":true,"interactionType":"ENTER_TEXT"}]}
COMMAND: POST /session/612db7fa7930bbb36023b099dfe9ab59/execute/async - {"script":"<script> [1562 bytes]","args":[{"selector":{"controlType":"sap.m.Input","viewName":"etm.portal.ui.managecatalogs.view.Detail","viewId":"application-managecatalogs-display-component---detailCatalog","bindingPath":{"path":"","propertyPath":"/DESCRIPTION"},"searchOpenDialogs":true,"interaction":{"idSuffix":"inner"}},"wdio_ui5_key":"etmportal.ui.managecatalogs.view.Detailsap.m.Input{\"path\":\"\",\"propertyPath\":\"/DESCRIPTION\"}"}]}
RESULT: {"script":"<script> [1562 bytes]","args":[{"selector":{"controlType":"sap.m.Input","viewName":"etm.portal.ui.managecatalogs.view.Detail","viewId":"application-managecatalogs-display-component---detailCatalog","bindingPath":{"path":"","propertyPath":"/DESCRIPTION"},"searchOpenDialogs":true,"interaction":{"idSuffix":"inner"}},"wdio_ui5_key":"etmportal.ui.managecatalogs.view.Detailsap.m.Input{\"path\":\"\",\"propertyPath\":\"/DESCRIPTION\"}"}]}
RESULT: undefined
COMMAND: POST /session/612db7fa7930bbb36023b099dfe9ab59/execute/async - {"script":"<script> [776 bytes]","args":[{"enterText":"catalogItemNames8nzl","selector":{"controlType":"sap.m.Input","viewName":"etm.portal.ui.managecatalogs.view.Detail","viewId":"application-managecatalogs-display-component---detailCatalog","bindingPath":{"path":"","propertyPath":"/DESCRIPTION"},"searchOpenDialogs":true,"interaction":{"idSuffix":"inner"}},"clearTextFirst":true,"interactionType":"ENTER_TEXT"}]}
RESULT: {"script":"<script> [776 bytes]","args":[{"enterText":"catalogItemNames8nzl","selector":{"controlType":"sap.m.Input","viewName":"etm.portal.ui.managecatalogs.view.Detail","viewId":"application-managecatalogs-display-component---detailCatalog","bindingPath":{"path":"","propertyPath":"/DESCRIPTION"},"searchOpenDialogs":true,"interaction":{"idSuffix":"inner"}},"clearTextFirst":true,"interactionType":"ENTER_TEXT"}]}
COMMAND: POST /session/612db7fa7930bbb36023b099dfe9ab59/actions - {"actions":[{"id":"action12","type":"key","parameters":{},"actions":[{"type":"keyDown","value":""},{"type":"pause","duration":10},{"type":"keyUp","value":""}]}]}
RESULT: {"actions":[{"id":"action12","type":"key","parameters":{},"actions":[{"type":"keyDown","value":""},{"type":"pause","duration":10},{"type":"keyUp","value":""}]}]}
COMMAND: GET /session/612db7fa7930bbb36023b099dfe9ab59/screenshot - {}
RESULT: {}
COMMAND: POST /session/612db7fa7930bbb36023b099dfe9ab59/actions - {"actions":[{"id":"action13","type":"key","parameters":{},"actions":[{"type":"keyDown","value":""},{"type":"pause","duration":10},{"type":"keyUp","value":""}]}]}
RESULT: {"actions":[{"id":"action13","type":"key","parameters":{},"actions":[{"type":"keyDown","value":""},{"type":"pause","duration":10},{"type":"keyUp","value":""}]}]}
COMMAND: GET /session/612db7fa7930bbb36023b099dfe9ab59/screenshot - {}
RESULT: {}
COMMAND: POST /session/612db7fa7930bbb36023b099dfe9ab59/element - {"using":"xpath","value":"//button[@title=\"Save\"]"}
RESULT: {"using":"xpath","value":"//button[@title=\"Save\"]"}
COMMAND: POST /session/612db7fa7930bbb36023b099dfe9ab59/element/f.E3CD5E68D1E1B2FCF6DD50D193150CE1.d.AF8D86A7A0A5F8A1D7699289F89DD098.e.4541/click - {}
RESULT: {}
COMMAND: GET /session/612db7fa7930bbb36023b099dfe9ab59/screenshot - {}
RESULT: {}
COMMAND: POST /session/612db7fa7930bbb36023b099dfe9ab59/execute/async - {"script":"<script> [1562 bytes]","args":[{"selector":{"controlType":"sap.ui.core.Icon","viewName":"etm.portal.ui.managecatalogs.view.Detail","viewId":"application-managecatalogs-display-component---detailCatalog","properties":{"src":{"regex":{"source":"decline"}}}},"wdio_ui5_key":"etmportal.ui.managecatalogs.view.Detailsap.ui.core.Icon{\"src\":{\"regex\":{\"source\":\"decline\"}}}"}]}
RESULT: {"script":"<script> [1562 bytes]","args":[{"selector":{"controlType":"sap.ui.core.Icon","viewName":"etm.portal.ui.managecatalogs.view.Detail","viewId":"application-managecatalogs-display-component---detailCatalog","properties":{"src":{"regex":{"source":"decline"}}}},"wdio_ui5_key":"etmportal.ui.managecatalogs.view.Detailsap.ui.core.Icon{\"src\":{\"regex\":{\"source\":\"decline\"}}}"}]}
RESULT: undefined
COMMAND: POST /session/612db7fa7930bbb36023b099dfe9ab59/element - {"using":"xpath","value":"//*[@id=\"__button28-img\"]"}
RESULT: {"using":"xpath","value":"//*[@id=\"__button28-img\"]"}
COMMAND: POST /session/612db7fa7930bbb36023b099dfe9ab59/element/f.E3CD5E68D1E1B2FCF6DD50D193150CE1.d.AF8D86A7A0A5F8A1D7699289F89DD098.e.4546/click - {}
RESULT: {}
COMMAND: GET /session/612db7fa7930bbb36023b099dfe9ab59/screenshot - {}
RESULT: {}
COMMAND: POST /session/612db7fa7930bbb36023b099dfe9ab59/execute/async - {"script":"<script> [1562 bytes]","args":[{"selector":{"controlType":"sap.ui.core.Icon","viewName":"etm.portal.ui.managecatalogs.view.MasterItems","viewId":"application-managecatalogs-display-component---masterCatalogItems","properties":{"src":{"regex":{"source":"refresh"}}}},"wdio_ui5_key":"etmportal.ui.managecatalogs.view.MasterItemssap.ui.core.Icon{\"src\":{\"regex\":{\"source\":\"refresh\"}}}"}]}
RESULT: {"script":"<script> [1562 bytes]","args":[{"selector":{"controlType":"sap.ui.core.Icon","viewName":"etm.portal.ui.managecatalogs.view.MasterItems","viewId":"application-managecatalogs-display-component---masterCatalogItems","properties":{"src":{"regex":{"source":"refresh"}}}},"wdio_ui5_key":"etmportal.ui.managecatalogs.view.MasterItemssap.ui.core.Icon{\"src\":{\"regex\":{\"source\":\"refresh\"}}}"}]}
RESULT: undefined
COMMAND: POST /session/612db7fa7930bbb36023b099dfe9ab59/element - {"using":"xpath","value":"//*[@id=\"__button1-img\"]"}
RESULT: {"using":"xpath","value":"//*[@id=\"__button1-img\"]"}
COMMAND: POST /session/612db7fa7930bbb36023b099dfe9ab59/element/f.E3CD5E68D1E1B2FCF6DD50D193150CE1.d.AF8D86A7A0A5F8A1D7699289F89DD098.e.4555/click - {}
RESULT: {}
COMMAND: GET /session/612db7fa7930bbb36023b099dfe9ab59/screenshot - {}
RESULT: {}
COMMAND: POST /session/612db7fa7930bbb36023b099dfe9ab59/execute/async - {"script":"<script> [1562 bytes]","args":[{"selector":{"id":"application-managecatalogs-display-component---masterCatalogItems--searchItemsField","interaction":{"idSuffix":"I"}},"wdio_ui5_key":"applicationmanagecatalogs-display-component---masterCatalogItems--searchItemsField"}]}
RESULT: {"script":"<script> [1562 bytes]","args":[{"selector":{"id":"application-managecatalogs-display-component---masterCatalogItems--searchItemsField","interaction":{"idSuffix":"I"}},"wdio_ui5_key":"applicationmanagecatalogs-display-component---masterCatalogItems--searchItemsField"}]}
RESULT: undefined
COMMAND: POST /session/612db7fa7930bbb36023b099dfe9ab59/execute/async - {"script":"<script> [776 bytes]","args":[{"enterText":"catalogItemNames8nzl","selector":{"id":"application-managecatalogs-display-component---masterCatalogItems--searchItemsField","interaction":{"idSuffix":"I"}},"clearTextFirst":true,"interactionType":"ENTER_TEXT"}]}
RESULT: {"script":"<script> [776 bytes]","args":[{"enterText":"catalogItemNames8nzl","selector":{"id":"application-managecatalogs-display-component---masterCatalogItems--searchItemsField","interaction":{"idSuffix":"I"}},"clearTextFirst":true,"interactionType":"ENTER_TEXT"}]}
COMMAND: POST /session/612db7fa7930bbb36023b099dfe9ab59/actions - {"actions":[{"id":"action14","type":"key","parameters":{},"actions":[{"type":"keyDown","value":""},{"type":"pause","duration":10},{"type":"keyUp","value":""}]}]}
RESULT: {"actions":[{"id":"action14","type":"key","parameters":{},"actions":[{"type":"keyDown","value":""},{"type":"pause","duration":10},{"type":"keyUp","value":""}]}]}
COMMAND: POST /session/612db7fa7930bbb36023b099dfe9ab59/element - {"using":"xpath","value":"(//span[contains(text(), \"catalogItemNames8nzl\")])[1]"}
COMMAND: GET /session/612db7fa7930bbb36023b099dfe9ab59/screenshot - {}
RESULT: {"using":"xpath","value":"(//span[contains(text(), \"catalogItemNames8nzl\")])[1]"}
COMMAND: POST /session/612db7fa7930bbb36023b099dfe9ab59/element/f.E3CD5E68D1E1B2FCF6DD50D193150CE1.d.AF8D86A7A0A5F8A1D7699289F89DD098.e.4590/click - {}
RESULT: {}
RESULT: {}
COMMAND: GET /session/612db7fa7930bbb36023b099dfe9ab59/screenshot - {}
RESULT: {}
COMMAND: POST /session/612db7fa7930bbb36023b099dfe9ab59/element - {"using":"xpath","value":"//span[contains(text(), \"catalogItemekblc\")]"}
RESULT: {"using":"xpath","value":"//span[contains(text(), \"catalogItemekblc\")]"}
COMMAND: GET /session/612db7fa7930bbb36023b099dfe9ab59/element/f.E3CD5E68D1E1B2FCF6DD50D193150CE1.d.AF8D86A7A0A5F8A1D7699289F89DD098.e.4650/text - {}
RESULT: {}
]]></system-out>
    </testcase>
    <testcase classname="chrome.136_0_7103_93.windows.Standard_contract_-_add_contract_items_by_Insert_Request_US118222" name="Should assign resources to the catalog item" time="50.266">
      <system-out><![CDATA[
RESULT: undefined
COMMAND: POST /session/612db7fa7930bbb36023b099dfe9ab59/element - {"using":"xpath","value":"//*[@id=\"__button25\"]"}
RESULT: {"using":"xpath","value":"//*[@id=\"__button25\"]"}
COMMAND: POST /session/612db7fa7930bbb36023b099dfe9ab59/element/f.E3CD5E68D1E1B2FCF6DD50D193150CE1.d.AF8D86A7A0A5F8A1D7699289F89DD098.e.4651/click - {}
RESULT: {}
COMMAND: GET /session/612db7fa7930bbb36023b099dfe9ab59/screenshot - {}
RESULT: {}
COMMAND: POST /session/612db7fa7930bbb36023b099dfe9ab59/execute/async - {"script":"<script> [1562 bytes]","args":[{"selector":{"id":"application-managecatalogs-display-component---detailCatalog--BASE_UNIT_OF_MEASURE-arrow"},"wdio_ui5_key":"applicationmanagecatalogs-display-component---detailCatalog--BASE_UNIT_OF_MEASURE-arrow"}]}
RESULT: {"script":"<script> [1562 bytes]","args":[{"selector":{"id":"application-managecatalogs-display-component---detailCatalog--BASE_UNIT_OF_MEASURE-arrow"},"wdio_ui5_key":"applicationmanagecatalogs-display-component---detailCatalog--BASE_UNIT_OF_MEASURE-arrow"}]}
RESULT: undefined
COMMAND: POST /session/612db7fa7930bbb36023b099dfe9ab59/element - {"using":"xpath","value":"//*[@id=\"application-managecatalogs-display-component---detailCatalog--BASE_UNIT_OF_MEASURE-arrow\"]"}
RESULT: {"using":"xpath","value":"//*[@id=\"application-managecatalogs-display-component---detailCatalog--BASE_UNIT_OF_MEASURE-arrow\"]"}
COMMAND: POST /session/612db7fa7930bbb36023b099dfe9ab59/element/f.E3CD5E68D1E1B2FCF6DD50D193150CE1.d.AF8D86A7A0A5F8A1D7699289F89DD098.e.4682/click - {}
RESULT: {}
COMMAND: POST /session/612db7fa7930bbb36023b099dfe9ab59/execute/async - {"script":"<script> [1562 bytes]","args":[{"selector":{"controlType":"sap.m.StandardListItem","viewName":"etm.portal.ui.managecatalogs.view.Detail","viewId":"application-managecatalogs-display-component---detailCatalog","properties":{"title":"Piece"},"searchOpenDialogs":true,"interaction":{"idSuffix":"titleText"}},"wdio_ui5_key":"etmportal.ui.managecatalogs.view.Detailsap.m.StandardListItem{\"title\":\"Piece\"}"}]}
COMMAND: GET /session/612db7fa7930bbb36023b099dfe9ab59/screenshot - {}
RESULT: {"script":"<script> [1562 bytes]","args":[{"selector":{"controlType":"sap.m.StandardListItem","viewName":"etm.portal.ui.managecatalogs.view.Detail","viewId":"application-managecatalogs-display-component---detailCatalog","properties":{"title":"Piece"},"searchOpenDialogs":true,"interaction":{"idSuffix":"titleText"}},"wdio_ui5_key":"etmportal.ui.managecatalogs.view.Detailsap.m.StandardListItem{\"title\":\"Piece\"}"}]}
RESULT: undefined
COMMAND: POST /session/612db7fa7930bbb36023b099dfe9ab59/element - {"using":"xpath","value":"//*[@id=\"__item218\"]"}
RESULT: {}
RESULT: {"using":"xpath","value":"//*[@id=\"__item218\"]"}
COMMAND: POST /session/612db7fa7930bbb36023b099dfe9ab59/element/f.E3CD5E68D1E1B2FCF6DD50D193150CE1.d.AF8D86A7A0A5F8A1D7699289F89DD098.e.4684/click - {}
RESULT: {}
COMMAND: POST /session/612db7fa7930bbb36023b099dfe9ab59/execute/async - {"script":"<script> [1562 bytes]","args":[{"selector":{"id":"application-managecatalogs-display-component---detailCatalog--ObjectPageLayout-anchBar-application-managecatalogs-display-component---detailCatalog--sectionRUs-anchor","interaction":{"idSuffix":"BDI-content"}},"wdio_ui5_key":"applicationmanagecatalogs-display-component---detailCatalog--ObjectPageLayout-anchBar-application-managecatalogs-display-component---detailCatalog--sectionRUs-anchor"}]}
COMMAND: GET /session/612db7fa7930bbb36023b099dfe9ab59/screenshot - {}
RESULT: {"script":"<script> [1562 bytes]","args":[{"selector":{"id":"application-managecatalogs-display-component---detailCatalog--ObjectPageLayout-anchBar-application-managecatalogs-display-component---detailCatalog--sectionRUs-anchor","interaction":{"idSuffix":"BDI-content"}},"wdio_ui5_key":"applicationmanagecatalogs-display-component---detailCatalog--ObjectPageLayout-anchBar-application-managecatalogs-display-component---detailCatalog--sectionRUs-anchor"}]}
RESULT: undefined
COMMAND: POST /session/612db7fa7930bbb36023b099dfe9ab59/element - {"using":"xpath","value":"//*[@id=\"application-managecatalogs-display-component---detailCatalog--ObjectPageLayout-anchBar-application-managecatalogs-display-component---detailCatalog--sectionRUs-anchor\"]"}
RESULT: {}
RESULT: {"using":"xpath","value":"//*[@id=\"application-managecatalogs-display-component---detailCatalog--ObjectPageLayout-anchBar-application-managecatalogs-display-component---detailCatalog--sectionRUs-anchor\"]"}
COMMAND: POST /session/612db7fa7930bbb36023b099dfe9ab59/element/f.E3CD5E68D1E1B2FCF6DD50D193150CE1.d.AF8D86A7A0A5F8A1D7699289F89DD098.e.4686/click - {}
RESULT: {}
COMMAND: POST /session/612db7fa7930bbb36023b099dfe9ab59/element - {"using":"xpath","value":"//button[contains(@data-kt ,\"catalogItemAssignRuButton\")]"}
COMMAND: GET /session/612db7fa7930bbb36023b099dfe9ab59/screenshot - {}
RESULT: {"using":"xpath","value":"//button[contains(@data-kt ,\"catalogItemAssignRuButton\")]"}
COMMAND: POST /session/612db7fa7930bbb36023b099dfe9ab59/element/f.E3CD5E68D1E1B2FCF6DD50D193150CE1.d.AF8D86A7A0A5F8A1D7699289F89DD098.e.4690/click - {}
RESULT: {}
RESULT: {}
COMMAND: GET /session/612db7fa7930bbb36023b099dfe9ab59/screenshot - {}
RESULT: {}
COMMAND: POST /session/612db7fa7930bbb36023b099dfe9ab59/actions - {"actions":[{"id":"action15","type":"key","parameters":{},"actions":[{"type":"keyDown","value":""},{"type":"pause","duration":10},{"type":"keyUp","value":""}]}]}
RESULT: {"actions":[{"id":"action15","type":"key","parameters":{},"actions":[{"type":"keyDown","value":""},{"type":"pause","duration":10},{"type":"keyUp","value":""}]}]}
COMMAND: POST /session/612db7fa7930bbb36023b099dfe9ab59/execute/async - {"script":"<script> [1562 bytes]","args":[{"selector":{"id":"application-managecatalogs-display-component---detailCatalog--assignRUSearchField-vhi","searchOpenDialogs":true},"wdio_ui5_key":"applicationmanagecatalogs-display-component---detailCatalog--assignRUSearchField-vhi"}]}
COMMAND: GET /session/612db7fa7930bbb36023b099dfe9ab59/screenshot - {}
RESULT: {"script":"<script> [1562 bytes]","args":[{"selector":{"id":"application-managecatalogs-display-component---detailCatalog--assignRUSearchField-vhi","searchOpenDialogs":true},"wdio_ui5_key":"applicationmanagecatalogs-display-component---detailCatalog--assignRUSearchField-vhi"}]}
RESULT: undefined
COMMAND: POST /session/612db7fa7930bbb36023b099dfe9ab59/element - {"using":"xpath","value":"//*[@id=\"application-managecatalogs-display-component---detailCatalog--assignRUSearchField-vhi\"]"}
RESULT: {}
RESULT: {"using":"xpath","value":"//*[@id=\"application-managecatalogs-display-component---detailCatalog--assignRUSearchField-vhi\"]"}
COMMAND: POST /session/612db7fa7930bbb36023b099dfe9ab59/element/f.E3CD5E68D1E1B2FCF6DD50D193150CE1.d.AF8D86A7A0A5F8A1D7699289F89DD098.e.4711/click - {}
RESULT: {}
COMMAND: GET /session/612db7fa7930bbb36023b099dfe9ab59/screenshot - {}
RESULT: {}
COMMAND: POST /session/612db7fa7930bbb36023b099dfe9ab59/element - {"using":"xpath","value":"//input[contains(@id ,\"searchField-I\")]"}
RESULT: {"using":"xpath","value":"//input[contains(@id ,\"searchField-I\")]"}
COMMAND: POST /session/612db7fa7930bbb36023b099dfe9ab59/element/f.E3CD5E68D1E1B2FCF6DD50D193150CE1.d.AF8D86A7A0A5F8A1D7699289F89DD098.e.4715/clear - {}
RESULT: {}
COMMAND: POST /session/612db7fa7930bbb36023b099dfe9ab59/element/f.E3CD5E68D1E1B2FCF6DD50D193150CE1.d.AF8D86A7A0A5F8A1D7699289F89DD098.e.4715/value - {"text":"WdIOR2cEquipoux45f"}
COMMAND: GET /session/612db7fa7930bbb36023b099dfe9ab59/screenshot - {}
RESULT: {"text":"WdIOR2cEquipoux45f"}
COMMAND: GET /session/612db7fa7930bbb36023b099dfe9ab59/screenshot - {}
RESULT: {}
RESULT: {}
COMMAND: POST /session/612db7fa7930bbb36023b099dfe9ab59/actions - {"actions":[{"id":"action16","type":"key","parameters":{},"actions":[{"type":"keyDown","value":""},{"type":"pause","duration":10},{"type":"keyUp","value":""}]}]}
RESULT: {"actions":[{"id":"action16","type":"key","parameters":{},"actions":[{"type":"keyDown","value":""},{"type":"pause","duration":10},{"type":"keyUp","value":""}]}]}
COMMAND: GET /session/612db7fa7930bbb36023b099dfe9ab59/screenshot - {}
RESULT: {}
COMMAND: POST /session/612db7fa7930bbb36023b099dfe9ab59/actions - {"actions":[{"id":"action17","type":"key","parameters":{},"actions":[{"type":"keyDown","value":""},{"type":"pause","duration":10},{"type":"keyUp","value":""}]}]}
RESULT: {"actions":[{"id":"action17","type":"key","parameters":{},"actions":[{"type":"keyDown","value":""},{"type":"pause","duration":10},{"type":"keyUp","value":""}]}]}
COMMAND: GET /session/612db7fa7930bbb36023b099dfe9ab59/screenshot - {}
RESULT: {}
COMMAND: POST /session/612db7fa7930bbb36023b099dfe9ab59/actions - {"actions":[{"id":"action18","type":"key","parameters":{},"actions":[{"type":"keyDown","value":""},{"type":"pause","duration":10},{"type":"keyUp","value":""}]}]}
RESULT: {"actions":[{"id":"action18","type":"key","parameters":{},"actions":[{"type":"keyDown","value":""},{"type":"pause","duration":10},{"type":"keyUp","value":""}]}]}
COMMAND: GET /session/612db7fa7930bbb36023b099dfe9ab59/screenshot - {}
RESULT: {}
COMMAND: POST /session/612db7fa7930bbb36023b099dfe9ab59/element - {"using":"xpath","value":"//bdi[contains(@id ,\"application-managecatalogs-display-component---detailCatalog--RUAssignmentSaveButton-BDI-content\")]"}
RESULT: {"using":"xpath","value":"//bdi[contains(@id ,\"application-managecatalogs-display-component---detailCatalog--RUAssignmentSaveButton-BDI-content\")]"}
COMMAND: POST /session/612db7fa7930bbb36023b099dfe9ab59/element/f.E3CD5E68D1E1B2FCF6DD50D193150CE1.d.AF8D86A7A0A5F8A1D7699289F89DD098.e.4748/click - {}
RESULT: {}
COMMAND: GET /session/612db7fa7930bbb36023b099dfe9ab59/screenshot - {}
RESULT: {}
COMMAND: POST /session/612db7fa7930bbb36023b099dfe9ab59/element - {"using":"xpath","value":"//bdi[contains(@id ,\"application-managecatalogs-display-component---detailCatalog--ObjectPageLayout-anchBar-application-managecatalogs-display-component---detailCatalog--sectionRUs-anchor-BDI-content\")]"}
RESULT: {"using":"xpath","value":"//bdi[contains(@id ,\"application-managecatalogs-display-component---detailCatalog--ObjectPageLayout-anchBar-application-managecatalogs-display-component---detailCatalog--sectionRUs-anchor-BDI-content\")]"}
COMMAND: POST /session/612db7fa7930bbb36023b099dfe9ab59/element/f.E3CD5E68D1E1B2FCF6DD50D193150CE1.d.AF8D86A7A0A5F8A1D7699289F89DD098.e.4772/click - {}
RESULT: {}
COMMAND: GET /session/612db7fa7930bbb36023b099dfe9ab59/screenshot - {}
RESULT: {}
COMMAND: POST /session/612db7fa7930bbb36023b099dfe9ab59/element - {"using":"xpath","value":"//button[contains(@data-kt ,\"catalogItemAssignRuButton\")]"}
RESULT: {"using":"xpath","value":"//button[contains(@data-kt ,\"catalogItemAssignRuButton\")]"}
COMMAND: POST /session/612db7fa7930bbb36023b099dfe9ab59/element/f.E3CD5E68D1E1B2FCF6DD50D193150CE1.d.AF8D86A7A0A5F8A1D7699289F89DD098.e.4690/click - {}
RESULT: {}
COMMAND: GET /session/612db7fa7930bbb36023b099dfe9ab59/screenshot - {}
RESULT: {}
COMMAND: POST /session/612db7fa7930bbb36023b099dfe9ab59/actions - {"actions":[{"id":"action19","type":"key","parameters":{},"actions":[{"type":"keyDown","value":""},{"type":"pause","duration":10},{"type":"keyUp","value":""}]}]}
RESULT: {"actions":[{"id":"action19","type":"key","parameters":{},"actions":[{"type":"keyDown","value":""},{"type":"pause","duration":10},{"type":"keyUp","value":""}]}]}
RESULT: undefined
COMMAND: POST /session/612db7fa7930bbb36023b099dfe9ab59/element - {"using":"xpath","value":"//*[@id=\"application-managecatalogs-display-component---detailCatalog--assignRUSearchField-vhi\"]"}
COMMAND: GET /session/612db7fa7930bbb36023b099dfe9ab59/screenshot - {}
RESULT: {"using":"xpath","value":"//*[@id=\"application-managecatalogs-display-component---detailCatalog--assignRUSearchField-vhi\"]"}
COMMAND: POST /session/612db7fa7930bbb36023b099dfe9ab59/elements - {"using":"xpath","value":"//*[@id=\"application-managecatalogs-display-component---detailCatalog--assignRUSearchField-vhi\"]"}
RESULT: {}
RESULT: {"using":"xpath","value":"//*[@id=\"application-managecatalogs-display-component---detailCatalog--assignRUSearchField-vhi\"]"}
COMMAND: POST /session/612db7fa7930bbb36023b099dfe9ab59/element - {"using":"xpath","value":"//*[@id=\"application-managecatalogs-display-component---detailCatalog--assignRUSearchField-vhi\"]"}
RESULT: {"using":"xpath","value":"//*[@id=\"application-managecatalogs-display-component---detailCatalog--assignRUSearchField-vhi\"]"}
COMMAND: POST /session/612db7fa7930bbb36023b099dfe9ab59/element/f.E3CD5E68D1E1B2FCF6DD50D193150CE1.d.AF8D86A7A0A5F8A1D7699289F89DD098.e.4797/click - {}
RESULT: {}
COMMAND: POST /session/612db7fa7930bbb36023b099dfe9ab59/execute/async - {"script":"<script> [1562 bytes]","args":[{"selector":{"controlType":"sap.m.SearchField","viewName":"etm.portal.ui.managecatalogs.view.Detail","viewId":"application-managecatalogs-display-component---detailCatalog","searchOpenDialogs":true,"interaction":{"idSuffix":"I"}},"wdio_ui5_key":"etmportal.ui.managecatalogs.view.Detailsap.m.SearchField"}]}
COMMAND: GET /session/612db7fa7930bbb36023b099dfe9ab59/screenshot - {}
RESULT: {"script":"<script> [1562 bytes]","args":[{"selector":{"controlType":"sap.m.SearchField","viewName":"etm.portal.ui.managecatalogs.view.Detail","viewId":"application-managecatalogs-display-component---detailCatalog","searchOpenDialogs":true,"interaction":{"idSuffix":"I"}},"wdio_ui5_key":"etmportal.ui.managecatalogs.view.Detailsap.m.SearchField"}]}
RESULT: undefined
COMMAND: POST /session/612db7fa7930bbb36023b099dfe9ab59/execute/async - {"script":"<script> [776 bytes]","args":[{"enterText":"WebdriverRUR2C9eyv5","selector":{"controlType":"sap.m.SearchField","viewName":"etm.portal.ui.managecatalogs.view.Detail","viewId":"application-managecatalogs-display-component---detailCatalog","searchOpenDialogs":true,"interaction":{"idSuffix":"I"}},"clearTextFirst":true,"interactionType":"ENTER_TEXT"}]}
RESULT: {}
RESULT: {"script":"<script> [776 bytes]","args":[{"enterText":"WebdriverRUR2C9eyv5","selector":{"controlType":"sap.m.SearchField","viewName":"etm.portal.ui.managecatalogs.view.Detail","viewId":"application-managecatalogs-display-component---detailCatalog","searchOpenDialogs":true,"interaction":{"idSuffix":"I"}},"clearTextFirst":true,"interactionType":"ENTER_TEXT"}]}
COMMAND: POST /session/612db7fa7930bbb36023b099dfe9ab59/actions - {"actions":[{"id":"action20","type":"key","parameters":{},"actions":[{"type":"keyDown","value":""},{"type":"pause","duration":10},{"type":"keyUp","value":""}]}]}
RESULT: {"actions":[{"id":"action20","type":"key","parameters":{},"actions":[{"type":"keyDown","value":""},{"type":"pause","duration":10},{"type":"keyUp","value":""}]}]}
COMMAND: GET /session/612db7fa7930bbb36023b099dfe9ab59/screenshot - {}
RESULT: {}
COMMAND: POST /session/612db7fa7930bbb36023b099dfe9ab59/element - {"using":"xpath","value":"(//span[contains(text(), \"WebdriverRUR2C9eyv5\")])[1]"}
RESULT: {"using":"xpath","value":"(//span[contains(text(), \"WebdriverRUR2C9eyv5\")])[1]"}
COMMAND: POST /session/612db7fa7930bbb36023b099dfe9ab59/element/f.E3CD5E68D1E1B2FCF6DD50D193150CE1.d.AF8D86A7A0A5F8A1D7699289F89DD098.e.4829/click - {}
RESULT: {}
COMMAND: POST /session/612db7fa7930bbb36023b099dfe9ab59/execute/async - {"script":"<script> [1562 bytes]","args":[{"selector":{"id":"application-managecatalogs-display-component---detailCatalog--RUAssignmentSaveButton","searchOpenDialogs":true,"interaction":{"idSuffix":"BDI-content"}},"wdio_ui5_key":"applicationmanagecatalogs-display-component---detailCatalog--RUAssignmentSaveButton"}]}
COMMAND: GET /session/612db7fa7930bbb36023b099dfe9ab59/screenshot - {}
RESULT: {"script":"<script> [1562 bytes]","args":[{"selector":{"id":"application-managecatalogs-display-component---detailCatalog--RUAssignmentSaveButton","searchOpenDialogs":true,"interaction":{"idSuffix":"BDI-content"}},"wdio_ui5_key":"applicationmanagecatalogs-display-component---detailCatalog--RUAssignmentSaveButton"}]}
RESULT: undefined
COMMAND: POST /session/612db7fa7930bbb36023b099dfe9ab59/element - {"using":"xpath","value":"//*[@id=\"application-managecatalogs-display-component---detailCatalog--RUAssignmentSaveButton\"]"}
RESULT: {}
RESULT: {"using":"xpath","value":"//*[@id=\"application-managecatalogs-display-component---detailCatalog--RUAssignmentSaveButton\"]"}
COMMAND: POST /session/612db7fa7930bbb36023b099dfe9ab59/element/f.E3CD5E68D1E1B2FCF6DD50D193150CE1.d.AF8D86A7A0A5F8A1D7699289F89DD098.e.4832/click - {}
RESULT: {}
COMMAND: GET /session/612db7fa7930bbb36023b099dfe9ab59/screenshot - {}
RESULT: {}
COMMAND: POST /session/612db7fa7930bbb36023b099dfe9ab59/element - {"using":"xpath","value":"//bdi[contains(text(), \"Save\")]"}
RESULT: {"using":"xpath","value":"//bdi[contains(text(), \"Save\")]"}
COMMAND: POST /session/612db7fa7930bbb36023b099dfe9ab59/element/f.E3CD5E68D1E1B2FCF6DD50D193150CE1.d.AF8D86A7A0A5F8A1D7699289F89DD098.e.4840/click - {}
RESULT: {}
COMMAND: GET /session/612db7fa7930bbb36023b099dfe9ab59/screenshot - {}
RESULT: {}
COMMAND: POST /session/612db7fa7930bbb36023b099dfe9ab59/element - {"using":"css selector","value":"#shell-header-logo"}
RESULT: {"using":"css selector","value":"#shell-header-logo"}
COMMAND: POST /session/612db7fa7930bbb36023b099dfe9ab59/element/f.E3CD5E68D1E1B2FCF6DD50D193150CE1.d.AF8D86A7A0A5F8A1D7699289F89DD098.e.4489/click - {}
RESULT: {}
COMMAND: GET /session/612db7fa7930bbb36023b099dfe9ab59/screenshot - {}
RESULT: {}
]]></system-out>
    </testcase>
    <testcase classname="chrome.136_0_7103_93.windows.Standard_contract_-_add_contract_items_by_Insert_Request_US118222" name="Should create a new contract" time="90.108">
      <system-out><![CDATA[
COMMAND: POST /session/612db7fa7930bbb36023b099dfe9ab59/execute/async - {"script":"<script> [1562 bytes]","args":[{"selector":{"controlType":"sap.m.GenericTile","properties":{"header":"Manage Contracts"}},"wdio_ui5_key":"sapm.GenericTile{\"header\":\"Manage Contracts\"}"}]}
RESULT: {"script":"<script> [1562 bytes]","args":[{"selector":{"controlType":"sap.m.GenericTile","properties":{"header":"Manage Contracts"}},"wdio_ui5_key":"sapm.GenericTile{\"header\":\"Manage Contracts\"}"}]}
RESULT: undefined
COMMAND: POST /session/612db7fa7930bbb36023b099dfe9ab59/element - {"using":"xpath","value":"//*[@id=\"__tile130\"]"}
RESULT: {"using":"xpath","value":"//*[@id=\"__tile130\"]"}
COMMAND: POST /session/612db7fa7930bbb36023b099dfe9ab59/element/f.E3CD5E68D1E1B2FCF6DD50D193150CE1.d.AF8D86A7A0A5F8A1D7699289F89DD098.e.4871/click - {}
RESULT: {}
COMMAND: GET /session/612db7fa7930bbb36023b099dfe9ab59/screenshot - {}
RESULT: {}
COMMAND: POST /session/612db7fa7930bbb36023b099dfe9ab59/elements - {"using":"xpath","value":"//span[text()='Error']"}
RESULT: {"using":"xpath","value":"//span[text()='Error']"}
COMMAND: POST /session/612db7fa7930bbb36023b099dfe9ab59/element - {"using":"xpath","value":"//button[@data-kt=\"addButton\"]"}
RESULT: {"using":"xpath","value":"//button[@data-kt=\"addButton\"]"}
COMMAND: POST /session/612db7fa7930bbb36023b099dfe9ab59/element/f.E3CD5E68D1E1B2FCF6DD50D193150CE1.d.AF8D86A7A0A5F8A1D7699289F89DD098.e.4920/click - {}
RESULT: {}
COMMAND: GET /session/612db7fa7930bbb36023b099dfe9ab59/screenshot - {}
RESULT: {}
COMMAND: POST /session/612db7fa7930bbb36023b099dfe9ab59/execute/async - {"script":"<script> [1562 bytes]","args":[{"selector":{"id":"application-managecontracts-display-component---AddNewContract--projectDescription","interaction":{"idSuffix":"inner"}},"wdio_ui5_key":"applicationmanagecontracts-display-component---AddNewContract--projectDescription"}]}
RESULT: {"script":"<script> [1562 bytes]","args":[{"selector":{"id":"application-managecontracts-display-component---AddNewContract--projectDescription","interaction":{"idSuffix":"inner"}},"wdio_ui5_key":"applicationmanagecontracts-display-component---AddNewContract--projectDescription"}]}
RESULT: undefined
COMMAND: POST /session/612db7fa7930bbb36023b099dfe9ab59/execute/async - {"script":"<script> [776 bytes]","args":[{"enterText":"WdIOR2cj5zto","selector":{"id":"application-managecontracts-display-component---AddNewContract--projectDescription","interaction":{"idSuffix":"inner"}},"clearTextFirst":true,"interactionType":"ENTER_TEXT"}]}
RESULT: {"script":"<script> [776 bytes]","args":[{"enterText":"WdIOR2cj5zto","selector":{"id":"application-managecontracts-display-component---AddNewContract--projectDescription","interaction":{"idSuffix":"inner"}},"clearTextFirst":true,"interactionType":"ENTER_TEXT"}]}
COMMAND: POST /session/612db7fa7930bbb36023b099dfe9ab59/element - {"using":"xpath","value":"//input[@id=\"application-managecontracts-display-component---AddNewContract--yardId-inner\"]"}
RESULT: {"using":"xpath","value":"//input[@id=\"application-managecontracts-display-component---AddNewContract--yardId-inner\"]"}
COMMAND: POST /session/612db7fa7930bbb36023b099dfe9ab59/element/f.E3CD5E68D1E1B2FCF6DD50D193150CE1.d.AF8D86A7A0A5F8A1D7699289F89DD098.e.5183/clear - {}
RESULT: {}
COMMAND: POST /session/612db7fa7930bbb36023b099dfe9ab59/element/f.E3CD5E68D1E1B2FCF6DD50D193150CE1.d.AF8D86A7A0A5F8A1D7699289F89DD098.e.5183/value - {"text":"WebdriverYard90ykt"}
COMMAND: GET /session/612db7fa7930bbb36023b099dfe9ab59/screenshot - {}
RESULT: {"text":"WebdriverYard90ykt"}
COMMAND: GET /session/612db7fa7930bbb36023b099dfe9ab59/screenshot - {}
RESULT: {}
RESULT: {}
COMMAND: POST /session/612db7fa7930bbb36023b099dfe9ab59/actions - {"actions":[{"id":"action21","type":"key","parameters":{},"actions":[{"type":"keyDown","value":""},{"type":"pause","duration":10},{"type":"keyUp","value":""}]}]}
RESULT: {"actions":[{"id":"action21","type":"key","parameters":{},"actions":[{"type":"keyDown","value":""},{"type":"pause","duration":10},{"type":"keyUp","value":""}]}]}
COMMAND: GET /session/612db7fa7930bbb36023b099dfe9ab59/screenshot - {}
RESULT: {}
COMMAND: POST /session/612db7fa7930bbb36023b099dfe9ab59/element - {"using":"xpath","value":"//input[@id=\"application-managecontracts-display-component---AddNewContract--customerSelect-inner\"]"}
RESULT: {"using":"xpath","value":"//input[@id=\"application-managecontracts-display-component---AddNewContract--customerSelect-inner\"]"}
COMMAND: POST /session/612db7fa7930bbb36023b099dfe9ab59/element/f.E3CD5E68D1E1B2FCF6DD50D193150CE1.d.AF8D86A7A0A5F8A1D7699289F89DD098.e.5181/clear - {}
RESULT: {}
COMMAND: POST /session/612db7fa7930bbb36023b099dfe9ab59/element/f.E3CD5E68D1E1B2FCF6DD50D193150CE1.d.AF8D86A7A0A5F8A1D7699289F89DD098.e.5181/value - {"text":"WebdriverPartner0e1vr"}
COMMAND: GET /session/612db7fa7930bbb36023b099dfe9ab59/screenshot - {}
RESULT: {"text":"WebdriverPartner0e1vr"}
COMMAND: GET /session/612db7fa7930bbb36023b099dfe9ab59/screenshot - {}
RESULT: {}
RESULT: {}
COMMAND: POST /session/612db7fa7930bbb36023b099dfe9ab59/actions - {"actions":[{"id":"action22","type":"key","parameters":{},"actions":[{"type":"keyDown","value":""},{"type":"pause","duration":10},{"type":"keyUp","value":""}]}]}
RESULT: {"actions":[{"id":"action22","type":"key","parameters":{},"actions":[{"type":"keyDown","value":""},{"type":"pause","duration":10},{"type":"keyUp","value":""}]}]}
COMMAND: GET /session/612db7fa7930bbb36023b099dfe9ab59/screenshot - {}
RESULT: {}
COMMAND: POST /session/612db7fa7930bbb36023b099dfe9ab59/element - {"using":"xpath","value":"//input[@id=\"application-managecontracts-display-component---AddNewContract--site-inner\"]"}
RESULT: {"using":"xpath","value":"//input[@id=\"application-managecontracts-display-component---AddNewContract--site-inner\"]"}
COMMAND: POST /session/612db7fa7930bbb36023b099dfe9ab59/element/f.E3CD5E68D1E1B2FCF6DD50D193150CE1.d.AF8D86A7A0A5F8A1D7699289F89DD098.e.5182/clear - {}
RESULT: {}
COMMAND: POST /session/612db7fa7930bbb36023b099dfe9ab59/element/f.E3CD5E68D1E1B2FCF6DD50D193150CE1.d.AF8D86A7A0A5F8A1D7699289F89DD098.e.5182/value - {"text":"WebdriverSite3rn05"}
COMMAND: GET /session/612db7fa7930bbb36023b099dfe9ab59/screenshot - {}
RESULT: {"text":"WebdriverSite3rn05"}
COMMAND: GET /session/612db7fa7930bbb36023b099dfe9ab59/screenshot - {}
RESULT: {}
RESULT: {}
COMMAND: POST /session/612db7fa7930bbb36023b099dfe9ab59/actions - {"actions":[{"id":"action23","type":"key","parameters":{},"actions":[{"type":"keyDown","value":""},{"type":"pause","duration":10},{"type":"keyUp","value":""}]}]}
RESULT: {"actions":[{"id":"action23","type":"key","parameters":{},"actions":[{"type":"keyDown","value":""},{"type":"pause","duration":10},{"type":"keyUp","value":""}]}]}
COMMAND: GET /session/612db7fa7930bbb36023b099dfe9ab59/screenshot - {}
RESULT: {}
COMMAND: POST /session/612db7fa7930bbb36023b099dfe9ab59/element - {"using":"xpath","value":"//button[@data-kt=\"saveButton\"]"}
RESULT: {"using":"xpath","value":"//button[@data-kt=\"saveButton\"]"}
COMMAND: POST /session/612db7fa7930bbb36023b099dfe9ab59/element/f.E3CD5E68D1E1B2FCF6DD50D193150CE1.d.AF8D86A7A0A5F8A1D7699289F89DD098.e.5264/click - {}
RESULT: {}
COMMAND: GET /session/612db7fa7930bbb36023b099dfe9ab59/screenshot - {}
RESULT: {}
COMMAND: POST /session/612db7fa7930bbb36023b099dfe9ab59/execute/async - {"script":"<script> [1562 bytes]","args":[{"selector":{"id":"contractDetailTitleNoExpanded","viewName":"etm.portal.ui.managecontracts.view.Detail"},"wdio_ui5_key":"contractDetailTitleNoExpandedetmportal.ui.managecontracts.view.Detail"}]}
RESULT: {"script":"<script> [1562 bytes]","args":[{"selector":{"id":"contractDetailTitleNoExpanded","viewName":"etm.portal.ui.managecontracts.view.Detail"},"wdio_ui5_key":"contractDetailTitleNoExpandedetmportal.ui.managecontracts.view.Detail"}]}
RESULT: undefined
COMMAND: POST /session/612db7fa7930bbb36023b099dfe9ab59/execute/async - {"script":"<script> [6424 bytes]","args":[{"element-6066-11e4-a52e-4f735466cecf":"f.E3CD5E68D1E1B2FCF6DD50D193150CE1.d.AF8D86A7A0A5F8A1D7699289F89DD098.e.5342"},"getText",[]]}
RESULT: {"script":"<script> [6424 bytes]","args":[{"element-6066-11e4-a52e-4f735466cecf":"f.E3CD5E68D1E1B2FCF6DD50D193150CE1.d.AF8D86A7A0A5F8A1D7699289F89DD098.e.5342"},"getText",[]]}
]]></system-out>
    </testcase>
    <testcase classname="chrome.136_0_7103_93.windows.Standard_contract_-_add_contract_items_by_Insert_Request_US118222" name="Should create a new request and plan it" time="160.753">
      <system-out><![CDATA[
COMMAND: POST /session/612db7fa7930bbb36023b099dfe9ab59/element - {"using":"css selector","value":"#shell-header-logo"}
RESULT: {"using":"css selector","value":"#shell-header-logo"}
COMMAND: POST /session/612db7fa7930bbb36023b099dfe9ab59/element/f.E3CD5E68D1E1B2FCF6DD50D193150CE1.d.AF8D86A7A0A5F8A1D7699289F89DD098.e.4874/click - {}
RESULT: {}
COMMAND: GET /session/612db7fa7930bbb36023b099dfe9ab59/screenshot - {}
RESULT: {}
COMMAND: POST /session/612db7fa7930bbb36023b099dfe9ab59/execute/async - {"script":"<script> [1562 bytes]","args":[{"selector":{"controlType":"sap.m.GenericTile","properties":{"header":"Manage Requests"}},"wdio_ui5_key":"sapm.GenericTile{\"header\":\"Manage Requests\"}"}]}
RESULT: {"script":"<script> [1562 bytes]","args":[{"selector":{"controlType":"sap.m.GenericTile","properties":{"header":"Manage Requests"}},"wdio_ui5_key":"sapm.GenericTile{\"header\":\"Manage Requests\"}"}]}
RESULT: undefined
COMMAND: POST /session/612db7fa7930bbb36023b099dfe9ab59/element - {"using":"xpath","value":"//*[@id=\"__tile47\"]"}
RESULT: {"using":"xpath","value":"//*[@id=\"__tile47\"]"}
COMMAND: POST /session/612db7fa7930bbb36023b099dfe9ab59/element/f.E3CD5E68D1E1B2FCF6DD50D193150CE1.d.AF8D86A7A0A5F8A1D7699289F89DD098.e.5347/click - {}
RESULT: {}
COMMAND: GET /session/612db7fa7930bbb36023b099dfe9ab59/screenshot - {}
RESULT: {}
COMMAND: POST /session/612db7fa7930bbb36023b099dfe9ab59/elements - {"using":"xpath","value":"//span[text()='Error']"}
RESULT: {"using":"xpath","value":"//span[text()='Error']"}
COMMAND: POST /session/612db7fa7930bbb36023b099dfe9ab59/element - {"using":"xpath","value":"//button[contains(@data-kt ,\"btnCreateNewOverflowToolbarButton\")]"}
COMMAND: POST /session/612db7fa7930bbb36023b099dfe9ab59/element - {"using":"xpath","value":"(//span[contains(@class ,\"sapMObjStatusText\")])[1]"}
RESULT: {"using":"xpath","value":"//button[contains(@data-kt ,\"btnCreateNewOverflowToolbarButton\")]"}
COMMAND: POST /session/612db7fa7930bbb36023b099dfe9ab59/element/f.E3CD5E68D1E1B2FCF6DD50D193150CE1.d.AF8D86A7A0A5F8A1D7699289F89DD098.e.5386/click - {}
RESULT: {"using":"xpath","value":"(//span[contains(@class ,\"sapMObjStatusText\")])[1]"}
COMMAND: POST /session/612db7fa7930bbb36023b099dfe9ab59/execute/sync - {"script":"<script> [8489 bytes]","args":[{"element-6066-11e4-a52e-4f735466cecf":"f.E3CD5E68D1E1B2FCF6DD50D193150CE1.d.AF8D86A7A0A5F8A1D7699289F89DD098.e.5453","ELEMENT":"f.E3CD5E68D1E1B2FCF6DD50D193150CE1.d.AF8D86A7A0A5F8A1D7699289F89DD098.e.5453"}]}
RESULT: {}
COMMAND: GET /session/612db7fa7930bbb36023b099dfe9ab59/screenshot - {}
RESULT: {"script":"<script> [8489 bytes]","args":[{"element-6066-11e4-a52e-4f735466cecf":"f.E3CD5E68D1E1B2FCF6DD50D193150CE1.d.AF8D86A7A0A5F8A1D7699289F89DD098.e.5453","ELEMENT":"f.E3CD5E68D1E1B2FCF6DD50D193150CE1.d.AF8D86A7A0A5F8A1D7699289F89DD098.e.5453"}]}
COMMAND: GET /session/612db7fa7930bbb36023b099dfe9ab59/screenshot - {}
RESULT: {}
RESULT: {}
COMMAND: POST /session/612db7fa7930bbb36023b099dfe9ab59/element - {"using":"xpath","value":"//input[contains(@id ,\"yardId-inner\")]"}
RESULT: {"using":"xpath","value":"//input[contains(@id ,\"yardId-inner\")]"}
COMMAND: POST /session/612db7fa7930bbb36023b099dfe9ab59/execute/sync - {"script":"<script> [8489 bytes]","args":[{"element-6066-11e4-a52e-4f735466cecf":"f.E3CD5E68D1E1B2FCF6DD50D193150CE1.d.AF8D86A7A0A5F8A1D7699289F89DD098.e.5534","ELEMENT":"f.E3CD5E68D1E1B2FCF6DD50D193150CE1.d.AF8D86A7A0A5F8A1D7699289F89DD098.e.5534"}]}
RESULT: {"script":"<script> [8489 bytes]","args":[{"element-6066-11e4-a52e-4f735466cecf":"f.E3CD5E68D1E1B2FCF6DD50D193150CE1.d.AF8D86A7A0A5F8A1D7699289F89DD098.e.5534","ELEMENT":"f.E3CD5E68D1E1B2FCF6DD50D193150CE1.d.AF8D86A7A0A5F8A1D7699289F89DD098.e.5534"}]}
COMMAND: POST /session/612db7fa7930bbb36023b099dfe9ab59/element - {"using":"xpath","value":"//input[contains(@id ,\"requestContractNo-inner\")]"}
COMMAND: POST /session/612db7fa7930bbb36023b099dfe9ab59/element - {"using":"xpath","value":"//input[contains(@id ,\"requestContractNo-inner\")]"}
COMMAND: GET /session/612db7fa7930bbb36023b099dfe9ab59/screenshot - {}
RESULT: {"using":"xpath","value":"//input[contains(@id ,\"requestContractNo-inner\")]"}
COMMAND: POST /session/612db7fa7930bbb36023b099dfe9ab59/element/f.E3CD5E68D1E1B2FCF6DD50D193150CE1.d.AF8D86A7A0A5F8A1D7699289F89DD098.e.5529/value - {"text":"10218"}
RESULT: {"using":"xpath","value":"//input[contains(@id ,\"requestContractNo-inner\")]"}
COMMAND: GET /session/612db7fa7930bbb36023b099dfe9ab59/element/f.E3CD5E68D1E1B2FCF6DD50D193150CE1.d.AF8D86A7A0A5F8A1D7699289F89DD098.e.5529/enabled - {}
RESULT: {}
RESULT: {"text":"10218"}
COMMAND: GET /session/612db7fa7930bbb36023b099dfe9ab59/screenshot - {}
RESULT: {}
COMMAND: GET /session/612db7fa7930bbb36023b099dfe9ab59/screenshot - {}
RESULT: {}
RESULT: {}
COMMAND: POST /session/612db7fa7930bbb36023b099dfe9ab59/actions - {"actions":[{"id":"action24","type":"key","parameters":{},"actions":[{"type":"keyDown","value":""},{"type":"pause","duration":10},{"type":"keyUp","value":""}]}]}
RESULT: {"actions":[{"id":"action24","type":"key","parameters":{},"actions":[{"type":"keyDown","value":""},{"type":"pause","duration":10},{"type":"keyUp","value":""}]}]}
COMMAND: GET /session/612db7fa7930bbb36023b099dfe9ab59/screenshot - {}
RESULT: {}
COMMAND: POST /session/612db7fa7930bbb36023b099dfe9ab59/execute/async - {"script":"<script> [1562 bytes]","args":[{"selector":{"controlType":"sap.ui.core.Icon","viewName":"etm.portal.ui.managerequests.view.NewRequest","properties":{"src":{"regex":{"source":"add"}}}},"wdio_ui5_key":"etmportal.ui.managerequests.view.NewRequestsap.ui.core.Icon{\"src\":{\"regex\":{\"source\":\"add\"}}}"}]}
RESULT: {"script":"<script> [1562 bytes]","args":[{"selector":{"controlType":"sap.ui.core.Icon","viewName":"etm.portal.ui.managerequests.view.NewRequest","properties":{"src":{"regex":{"source":"add"}}}},"wdio_ui5_key":"etmportal.ui.managerequests.view.NewRequestsap.ui.core.Icon{\"src\":{\"regex\":{\"source\":\"add\"}}}"}]}
RESULT: undefined
COMMAND: POST /session/612db7fa7930bbb36023b099dfe9ab59/element - {"using":"xpath","value":"//*[@id=\"__xmlview61--btnAddTableRow-img\"]"}
RESULT: {"using":"xpath","value":"//*[@id=\"__xmlview61--btnAddTableRow-img\"]"}
COMMAND: POST /session/612db7fa7930bbb36023b099dfe9ab59/element/f.E3CD5E68D1E1B2FCF6DD50D193150CE1.d.AF8D86A7A0A5F8A1D7699289F89DD098.e.5717/click - {}
RESULT: {}
COMMAND: GET /session/612db7fa7930bbb36023b099dfe9ab59/screenshot - {}
RESULT: {}
COMMAND: POST /session/612db7fa7930bbb36023b099dfe9ab59/execute/async - {"script":"<script> [1562 bytes]","args":[{"selector":{"controlType":"sap.ui.unified.MenuItem","viewName":"etm.portal.ui.managerequests.view.NewRequest","i18NText":{"propertyName":"text","key":"standardEntry"},"searchOpenDialogs":true,"interaction":{"idSuffix":"txt"}},"wdio_ui5_key":"etmportal.ui.managerequests.view.NewRequestsap.ui.unified.MenuItem{\"propertyName\":\"text\",\"key\":\"standardEntry\"}"}]}
RESULT: {"script":"<script> [1562 bytes]","args":[{"selector":{"controlType":"sap.ui.unified.MenuItem","viewName":"etm.portal.ui.managerequests.view.NewRequest","i18NText":{"propertyName":"text","key":"standardEntry"},"searchOpenDialogs":true,"interaction":{"idSuffix":"txt"}},"wdio_ui5_key":"etmportal.ui.managerequests.view.NewRequestsap.ui.unified.MenuItem{\"propertyName\":\"text\",\"key\":\"standardEntry\"}"}]}
RESULT: undefined
COMMAND: POST /session/612db7fa7930bbb36023b099dfe9ab59/element - {"using":"xpath","value":"//*[@id=\"__item1163\"]"}
RESULT: {"using":"xpath","value":"//*[@id=\"__item1163\"]"}
COMMAND: POST /session/612db7fa7930bbb36023b099dfe9ab59/element/f.E3CD5E68D1E1B2FCF6DD50D193150CE1.d.AF8D86A7A0A5F8A1D7699289F89DD098.e.5721/click - {}
RESULT: {}
COMMAND: GET /session/612db7fa7930bbb36023b099dfe9ab59/screenshot - {}
RESULT: {}
RESULT: undefined
COMMAND: POST /session/612db7fa7930bbb36023b099dfe9ab59/element - {"using":"xpath","value":"//*[@id=\"__xmlview61--btnAddTableRow-img\"]"}
RESULT: {"using":"xpath","value":"//*[@id=\"__xmlview61--btnAddTableRow-img\"]"}
COMMAND: POST /session/612db7fa7930bbb36023b099dfe9ab59/element/f.E3CD5E68D1E1B2FCF6DD50D193150CE1.d.AF8D86A7A0A5F8A1D7699289F89DD098.e.5717/click - {}
RESULT: {}
COMMAND: GET /session/612db7fa7930bbb36023b099dfe9ab59/screenshot - {}
RESULT: {}
RESULT: undefined
COMMAND: POST /session/612db7fa7930bbb36023b099dfe9ab59/element - {"using":"xpath","value":"//*[@id=\"__item1163\"]"}
RESULT: {"using":"xpath","value":"//*[@id=\"__item1163\"]"}
COMMAND: POST /session/612db7fa7930bbb36023b099dfe9ab59/element/f.E3CD5E68D1E1B2FCF6DD50D193150CE1.d.AF8D86A7A0A5F8A1D7699289F89DD098.e.5733/click - {}
RESULT: {}
COMMAND: GET /session/612db7fa7930bbb36023b099dfe9ab59/screenshot - {}
RESULT: {}
COMMAND: POST /session/612db7fa7930bbb36023b099dfe9ab59/element - {"using":"xpath","value":"(//input[contains(@id ,\"requestItemsTable-0-inner\")])[1]"}
RESULT: {"using":"xpath","value":"(//input[contains(@id ,\"requestItemsTable-0-inner\")])[1]"}
COMMAND: POST /session/612db7fa7930bbb36023b099dfe9ab59/element/f.E3CD5E68D1E1B2FCF6DD50D193150CE1.d.AF8D86A7A0A5F8A1D7699289F89DD098.e.5723/clear - {}
RESULT: {}
COMMAND: POST /session/612db7fa7930bbb36023b099dfe9ab59/element/f.E3CD5E68D1E1B2FCF6DD50D193150CE1.d.AF8D86A7A0A5F8A1D7699289F89DD098.e.5723/value - {"text":"catalogItemekblc"}
COMMAND: GET /session/612db7fa7930bbb36023b099dfe9ab59/screenshot - {}
RESULT: {"text":"catalogItemekblc"}
COMMAND: GET /session/612db7fa7930bbb36023b099dfe9ab59/screenshot - {}
RESULT: {}
RESULT: {}
COMMAND: POST /session/612db7fa7930bbb36023b099dfe9ab59/actions - {"actions":[{"id":"action25","type":"key","parameters":{},"actions":[{"type":"keyDown","value":""},{"type":"pause","duration":10},{"type":"keyUp","value":""}]}]}
RESULT: {"actions":[{"id":"action25","type":"key","parameters":{},"actions":[{"type":"keyDown","value":""},{"type":"pause","duration":10},{"type":"keyUp","value":""}]}]}
COMMAND: POST /session/612db7fa7930bbb36023b099dfe9ab59/element - {"using":"xpath","value":"(//input[contains(@id ,\"requestItemsTable-1-inner\")])[1]"}
COMMAND: GET /session/612db7fa7930bbb36023b099dfe9ab59/screenshot - {}
RESULT: {"using":"xpath","value":"(//input[contains(@id ,\"requestItemsTable-1-inner\")])[1]"}
COMMAND: POST /session/612db7fa7930bbb36023b099dfe9ab59/element/f.E3CD5E68D1E1B2FCF6DD50D193150CE1.d.AF8D86A7A0A5F8A1D7699289F89DD098.e.5735/clear - {}
RESULT: {}
RESULT: {}
COMMAND: POST /session/612db7fa7930bbb36023b099dfe9ab59/element/f.E3CD5E68D1E1B2FCF6DD50D193150CE1.d.AF8D86A7A0A5F8A1D7699289F89DD098.e.5735/value - {"text":"catalogItemekblc"}
COMMAND: GET /session/612db7fa7930bbb36023b099dfe9ab59/screenshot - {}
RESULT: {"text":"catalogItemekblc"}
COMMAND: GET /session/612db7fa7930bbb36023b099dfe9ab59/screenshot - {}
RESULT: {}
RESULT: {}
COMMAND: POST /session/612db7fa7930bbb36023b099dfe9ab59/actions - {"actions":[{"id":"action26","type":"key","parameters":{},"actions":[{"type":"keyDown","value":""},{"type":"pause","duration":10},{"type":"keyUp","value":""}]}]}
RESULT: {"actions":[{"id":"action26","type":"key","parameters":{},"actions":[{"type":"keyDown","value":""},{"type":"pause","duration":10},{"type":"keyUp","value":""}]}]}
COMMAND: GET /session/612db7fa7930bbb36023b099dfe9ab59/screenshot - {}
RESULT: {}
COMMAND: POST /session/612db7fa7930bbb36023b099dfe9ab59/execute/async - {"script":"<script> [1562 bytes]","args":[{"selector":{"controlType":"sap.ui.core.Icon","viewName":"etm.portal.ui.managerequests.view.NewRequest","properties":{"src":{"regex":{"source":"slim\\-arrow\\-down"}}},"ancestor":{"controlType":"sap.m.Button","viewName":"etm.portal.ui.managerequests.view.NewRequest","properties":{"icon":"sap-icon://slim-arrow-down"}}},"wdio_ui5_key":"etmportal.ui.managerequests.view.NewRequestsap.ui.core.Icon{\"src\":{\"regex\":{\"source\":\"slim\\\\-arrow\\\\-down\"}}}{\"controlType\":\"sap.m.Button\",\"viewName\":\"etm.portal.ui.managerequests.view.NewRequest\",\"properties\":{\"icon\":\"sap-icon://slim-arrow-down\"}}"}]}
RESULT: {"script":"<script> [1562 bytes]","args":[{"selector":{"controlType":"sap.ui.core.Icon","viewName":"etm.portal.ui.managerequests.view.NewRequest","properties":{"src":{"regex":{"source":"slim\\-arrow\\-down"}}},"ancestor":{"controlType":"sap.m.Button","viewName":"etm.portal.ui.managerequests.view.NewRequest","properties":{"icon":"sap-icon://slim-arrow-down"}}},"wdio_ui5_key":"etmportal.ui.managerequests.view.NewRequestsap.ui.core.Icon{\"src\":{\"regex\":{\"source\":\"slim\\\\-arrow\\\\-down\"}}}{\"controlType\":\"sap.m.Button\",\"viewName\":\"etm.portal.ui.managerequests.view.NewRequest\",\"properties\":{\"icon\":\"sap-icon://slim-arrow-down\"}}"}]}
RESULT: undefined
COMMAND: POST /session/612db7fa7930bbb36023b099dfe9ab59/element - {"using":"xpath","value":"//*[@id=\"__title47-expandBtn-img\"]"}
RESULT: {"using":"xpath","value":"//*[@id=\"__title47-expandBtn-img\"]"}
COMMAND: POST /session/612db7fa7930bbb36023b099dfe9ab59/element/f.E3CD5E68D1E1B2FCF6DD50D193150CE1.d.AF8D86A7A0A5F8A1D7699289F89DD098.e.5755/click - {}
RESULT: {}
COMMAND: POST /session/612db7fa7930bbb36023b099dfe9ab59/element - {"using":"xpath","value":"//div[contains(@data-kt ,\"splitAllocationObjectStatus\")]"}
COMMAND: GET /session/612db7fa7930bbb36023b099dfe9ab59/screenshot - {}
RESULT: {"using":"xpath","value":"//div[contains(@data-kt ,\"splitAllocationObjectStatus\")]"}
COMMAND: POST /session/612db7fa7930bbb36023b099dfe9ab59/elements - {"using":"xpath","value":"//div[contains(@data-kt ,\"splitAllocationObjectStatus\")]"}
RESULT: {}
RESULT: {"using":"xpath","value":"//div[contains(@data-kt ,\"splitAllocationObjectStatus\")]"}
COMMAND: POST /session/612db7fa7930bbb36023b099dfe9ab59/execute/async - {"script":"<script> [1562 bytes]","args":[{"selector":{"controlType":"sap.ui.core.Icon","viewName":"etm.portal.ui.managerequests.view.NewRequest","properties":{"src":{"regex":{"source":"message\\-error"}}},"ancestor":{"controlType":"sap.m.ColumnListItem","viewName":"etm.portal.ui.managerequests.view.NewRequest","bindingPath":{"modelName":"newRequestItems","path":"/RequestItems/0"},"ancestor":{"id":"requestItemsTable","viewName":"etm.portal.ui.managerequests.view.NewRequest"}}},"wdio_ui5_key":"etmportal.ui.managerequests.view.NewRequestsap.ui.core.Icon{\"src\":{\"regex\":{\"source\":\"message\\\\-error\"}}}{\"controlType\":\"sap.m.ColumnListItem\",\"viewName\":\"etm.portal.ui.managerequests.view.NewRequest\",\"bindingPath\":{\"modelName\":\"newRequestItems\",\"path\":\"/RequestItems/0\"},\"ancestor\":{\"id\":\"requestItemsTable\",\"viewName\":\"etm.portal.ui.managerequests.view.NewRequest\"}}"}]}
RESULT: {"script":"<script> [1562 bytes]","args":[{"selector":{"controlType":"sap.ui.core.Icon","viewName":"etm.portal.ui.managerequests.view.NewRequest","properties":{"src":{"regex":{"source":"message\\-error"}}},"ancestor":{"controlType":"sap.m.ColumnListItem","viewName":"etm.portal.ui.managerequests.view.NewRequest","bindingPath":{"modelName":"newRequestItems","path":"/RequestItems/0"},"ancestor":{"id":"requestItemsTable","viewName":"etm.portal.ui.managerequests.view.NewRequest"}}},"wdio_ui5_key":"etmportal.ui.managerequests.view.NewRequestsap.ui.core.Icon{\"src\":{\"regex\":{\"source\":\"message\\\\-error\"}}}{\"controlType\":\"sap.m.ColumnListItem\",\"viewName\":\"etm.portal.ui.managerequests.view.NewRequest\",\"bindingPath\":{\"modelName\":\"newRequestItems\",\"path\":\"/RequestItems/0\"},\"ancestor\":{\"id\":\"requestItemsTable\",\"viewName\":\"etm.portal.ui.managerequests.view.NewRequest\"}}"}]}
RESULT: undefined
COMMAND: POST /session/612db7fa7930bbb36023b099dfe9ab59/element - {"using":"xpath","value":"//*[@id=\"__status15-__xmlview61--requestItemsTable-0-icon\"]"}
RESULT: {"using":"xpath","value":"//*[@id=\"__status15-__xmlview61--requestItemsTable-0-icon\"]"}
COMMAND: POST /session/612db7fa7930bbb36023b099dfe9ab59/element/f.E3CD5E68D1E1B2FCF6DD50D193150CE1.d.AF8D86A7A0A5F8A1D7699289F89DD098.e.5762/click - {}
RESULT: {}
COMMAND: GET /session/612db7fa7930bbb36023b099dfe9ab59/screenshot - {}
RESULT: {}
COMMAND: POST /session/612db7fa7930bbb36023b099dfe9ab59/execute/async - {"script":"<script> [1562 bytes]","args":[{"selector":{"id":"costObjectAdminTypeComboBox","viewName":"etm.portal.ui.managerequests.view.NewRequest","searchOpenDialogs":true,"interaction":{"idSuffix":"inner"}},"wdio_ui5_key":"costObjectAdminTypeComboBoxetmportal.ui.managerequests.view.NewRequest"}]}
RESULT: {"script":"<script> [1562 bytes]","args":[{"selector":{"id":"costObjectAdminTypeComboBox","viewName":"etm.portal.ui.managerequests.view.NewRequest","searchOpenDialogs":true,"interaction":{"idSuffix":"inner"}},"wdio_ui5_key":"costObjectAdminTypeComboBoxetmportal.ui.managerequests.view.NewRequest"}]}
RESULT: undefined
COMMAND: POST /session/612db7fa7930bbb36023b099dfe9ab59/execute/async - {"script":"<script> [776 bytes]","args":[{"enterText":"Cost Center","selector":{"id":"costObjectAdminTypeComboBox","viewName":"etm.portal.ui.managerequests.view.NewRequest","searchOpenDialogs":true,"interaction":{"idSuffix":"inner"}},"clearTextFirst":true,"interactionType":"ENTER_TEXT"}]}
RESULT: {"script":"<script> [776 bytes]","args":[{"enterText":"Cost Center","selector":{"id":"costObjectAdminTypeComboBox","viewName":"etm.portal.ui.managerequests.view.NewRequest","searchOpenDialogs":true,"interaction":{"idSuffix":"inner"}},"clearTextFirst":true,"interactionType":"ENTER_TEXT"}]}
COMMAND: POST /session/612db7fa7930bbb36023b099dfe9ab59/actions - {"actions":[{"id":"action27","type":"key","parameters":{},"actions":[{"type":"keyDown","value":""},{"type":"pause","duration":10},{"type":"keyUp","value":""}]}]}
RESULT: {"actions":[{"id":"action27","type":"key","parameters":{},"actions":[{"type":"keyDown","value":""},{"type":"pause","duration":10},{"type":"keyUp","value":""}]}]}
COMMAND: GET /session/612db7fa7930bbb36023b099dfe9ab59/screenshot - {}
RESULT: {}
COMMAND: POST /session/612db7fa7930bbb36023b099dfe9ab59/execute/async - {"script":"<script> [1562 bytes]","args":[{"selector":{"controlType":"sap.ui.core.Icon","viewName":"etm.portal.ui.managerequests.view.NewRequest","properties":{"src":{"regex":{"source":"value\\-help"}}},"searchOpenDialogs":true},"wdio_ui5_key":"etmportal.ui.managerequests.view.NewRequestsap.ui.core.Icon{\"src\":{\"regex\":{\"source\":\"value\\\\-help\"}}}"}]}
RESULT: {"script":"<script> [1562 bytes]","args":[{"selector":{"controlType":"sap.ui.core.Icon","viewName":"etm.portal.ui.managerequests.view.NewRequest","properties":{"src":{"regex":{"source":"value\\-help"}}},"searchOpenDialogs":true},"wdio_ui5_key":"etmportal.ui.managerequests.view.NewRequestsap.ui.core.Icon{\"src\":{\"regex\":{\"source\":\"value\\\\-help\"}}}"}]}
RESULT: undefined
COMMAND: POST /session/612db7fa7930bbb36023b099dfe9ab59/element - {"using":"xpath","value":"//*[@id=\"__xmlview61--costObjectIdComboBox-vhi\"]"}
RESULT: {"using":"xpath","value":"//*[@id=\"__xmlview61--costObjectIdComboBox-vhi\"]"}
COMMAND: POST /session/612db7fa7930bbb36023b099dfe9ab59/element/f.E3CD5E68D1E1B2FCF6DD50D193150CE1.d.AF8D86A7A0A5F8A1D7699289F89DD098.e.5774/click - {}
RESULT: {}
COMMAND: POST /session/612db7fa7930bbb36023b099dfe9ab59/execute/async - {"script":"<script> [1562 bytes]","args":[{"selector":{"controlType":"sap.m.SearchField","properties":{"placeholder":"Search"},"searchOpenDialogs":true,"interaction":{"idSuffix":"I"}},"wdio_ui5_key":"sapm.SearchField{\"placeholder\":\"Search\"}"}]}
COMMAND: GET /session/612db7fa7930bbb36023b099dfe9ab59/screenshot - {}
RESULT: {"script":"<script> [1562 bytes]","args":[{"selector":{"controlType":"sap.m.SearchField","properties":{"placeholder":"Search"},"searchOpenDialogs":true,"interaction":{"idSuffix":"I"}},"wdio_ui5_key":"sapm.SearchField{\"placeholder\":\"Search\"}"}]}
RESULT: undefined
COMMAND: POST /session/612db7fa7930bbb36023b099dfe9ab59/execute/async - {"script":"<script> [776 bytes]","args":[{"enterText":"10001013","selector":{"controlType":"sap.m.SearchField","properties":{"placeholder":"Search"},"searchOpenDialogs":true,"interaction":{"idSuffix":"I"}},"clearTextFirst":true,"interactionType":"ENTER_TEXT"}]}
RESULT: {}
RESULT: {"script":"<script> [776 bytes]","args":[{"enterText":"10001013","selector":{"controlType":"sap.m.SearchField","properties":{"placeholder":"Search"},"searchOpenDialogs":true,"interaction":{"idSuffix":"I"}},"clearTextFirst":true,"interactionType":"ENTER_TEXT"}]}
COMMAND: POST /session/612db7fa7930bbb36023b099dfe9ab59/actions - {"actions":[{"id":"action28","type":"key","parameters":{},"actions":[{"type":"keyDown","value":""},{"type":"pause","duration":10},{"type":"keyUp","value":""}]}]}
RESULT: {"actions":[{"id":"action28","type":"key","parameters":{},"actions":[{"type":"keyDown","value":""},{"type":"pause","duration":10},{"type":"keyUp","value":""}]}]}
COMMAND: GET /session/612db7fa7930bbb36023b099dfe9ab59/screenshot - {}
RESULT: {}
COMMAND: POST /session/612db7fa7930bbb36023b099dfe9ab59/element - {"using":"xpath","value":"//span[contains(text(), \"General Management\")]"}
RESULT: {"using":"xpath","value":"//span[contains(text(), \"General Management\")]"}
COMMAND: POST /session/612db7fa7930bbb36023b099dfe9ab59/element/f.E3CD5E68D1E1B2FCF6DD50D193150CE1.d.AF8D86A7A0A5F8A1D7699289F89DD098.e.5814/click - {}
RESULT: {}
COMMAND: GET /session/612db7fa7930bbb36023b099dfe9ab59/screenshot - {}
RESULT: {}
COMMAND: POST /session/612db7fa7930bbb36023b099dfe9ab59/element - {"using":"xpath","value":"//bdi[contains(text(), \"OK\")]"}
RESULT: {"using":"xpath","value":"//bdi[contains(text(), \"OK\")]"}
COMMAND: POST /session/612db7fa7930bbb36023b099dfe9ab59/element/f.E3CD5E68D1E1B2FCF6DD50D193150CE1.d.AF8D86A7A0A5F8A1D7699289F89DD098.e.5815/click - {}
RESULT: {}
COMMAND: GET /session/612db7fa7930bbb36023b099dfe9ab59/screenshot - {}
RESULT: {}
COMMAND: POST /session/612db7fa7930bbb36023b099dfe9ab59/element - {"using":"xpath","value":"(//bdi[contains(@id ,\"BDI-content\")][contains(text(), \"Save\")])[1]"}
RESULT: {"using":"xpath","value":"(//bdi[contains(@id ,\"BDI-content\")][contains(text(), \"Save\")])[1]"}
COMMAND: POST /session/612db7fa7930bbb36023b099dfe9ab59/element/f.E3CD5E68D1E1B2FCF6DD50D193150CE1.d.AF8D86A7A0A5F8A1D7699289F89DD098.e.5819/click - {}
RESULT: {}
COMMAND: GET /session/612db7fa7930bbb36023b099dfe9ab59/screenshot - {}
RESULT: {}
COMMAND: POST /session/612db7fa7930bbb36023b099dfe9ab59/execute/async - {"script":"<script> [1562 bytes]","args":[{"selector":{"controlType":"sap.ui.core.Icon","viewName":"etm.portal.ui.managerequests.view.NewRequest","properties":{"src":{"regex":{"source":"message\\-error"}}},"ancestor":{"controlType":"sap.m.ColumnListItem","viewName":"etm.portal.ui.managerequests.view.NewRequest","bindingPath":{"modelName":"newRequestItems","path":"/RequestItems/1"},"ancestor":{"id":"requestItemsTable","viewName":"etm.portal.ui.managerequests.view.NewRequest"}}},"wdio_ui5_key":"etmportal.ui.managerequests.view.NewRequestsap.ui.core.Icon{\"src\":{\"regex\":{\"source\":\"message\\\\-error\"}}}{\"controlType\":\"sap.m.ColumnListItem\",\"viewName\":\"etm.portal.ui.managerequests.view.NewRequest\",\"bindingPath\":{\"modelName\":\"newRequestItems\",\"path\":\"/RequestItems/1\"},\"ancestor\":{\"id\":\"requestItemsTable\",\"viewName\":\"etm.portal.ui.managerequests.view.NewRequest\"}}"}]}
RESULT: {"script":"<script> [1562 bytes]","args":[{"selector":{"controlType":"sap.ui.core.Icon","viewName":"etm.portal.ui.managerequests.view.NewRequest","properties":{"src":{"regex":{"source":"message\\-error"}}},"ancestor":{"controlType":"sap.m.ColumnListItem","viewName":"etm.portal.ui.managerequests.view.NewRequest","bindingPath":{"modelName":"newRequestItems","path":"/RequestItems/1"},"ancestor":{"id":"requestItemsTable","viewName":"etm.portal.ui.managerequests.view.NewRequest"}}},"wdio_ui5_key":"etmportal.ui.managerequests.view.NewRequestsap.ui.core.Icon{\"src\":{\"regex\":{\"source\":\"message\\\\-error\"}}}{\"controlType\":\"sap.m.ColumnListItem\",\"viewName\":\"etm.portal.ui.managerequests.view.NewRequest\",\"bindingPath\":{\"modelName\":\"newRequestItems\",\"path\":\"/RequestItems/1\"},\"ancestor\":{\"id\":\"requestItemsTable\",\"viewName\":\"etm.portal.ui.managerequests.view.NewRequest\"}}"}]}
RESULT: undefined
COMMAND: POST /session/612db7fa7930bbb36023b099dfe9ab59/element - {"using":"xpath","value":"//*[@id=\"__status15-__xmlview61--requestItemsTable-1-icon\"]"}
RESULT: {"using":"xpath","value":"//*[@id=\"__status15-__xmlview61--requestItemsTable-1-icon\"]"}
COMMAND: POST /session/612db7fa7930bbb36023b099dfe9ab59/element/f.E3CD5E68D1E1B2FCF6DD50D193150CE1.d.AF8D86A7A0A5F8A1D7699289F89DD098.e.5822/click - {}
RESULT: {}
COMMAND: GET /session/612db7fa7930bbb36023b099dfe9ab59/screenshot - {}
RESULT: {}
RESULT: undefined
COMMAND: POST /session/612db7fa7930bbb36023b099dfe9ab59/execute/async - {"script":"<script> [776 bytes]","args":[{"enterText":"Cost Center","selector":{"id":"costObjectAdminTypeComboBox","viewName":"etm.portal.ui.managerequests.view.NewRequest","searchOpenDialogs":true,"interaction":{"idSuffix":"inner"}},"clearTextFirst":true,"interactionType":"ENTER_TEXT"}]}
RESULT: {"script":"<script> [776 bytes]","args":[{"enterText":"Cost Center","selector":{"id":"costObjectAdminTypeComboBox","viewName":"etm.portal.ui.managerequests.view.NewRequest","searchOpenDialogs":true,"interaction":{"idSuffix":"inner"}},"clearTextFirst":true,"interactionType":"ENTER_TEXT"}]}
COMMAND: POST /session/612db7fa7930bbb36023b099dfe9ab59/actions - {"actions":[{"id":"action29","type":"key","parameters":{},"actions":[{"type":"keyDown","value":""},{"type":"pause","duration":10},{"type":"keyUp","value":""}]}]}
RESULT: {"actions":[{"id":"action29","type":"key","parameters":{},"actions":[{"type":"keyDown","value":""},{"type":"pause","duration":10},{"type":"keyUp","value":""}]}]}
COMMAND: GET /session/612db7fa7930bbb36023b099dfe9ab59/screenshot - {}
RESULT: {}
RESULT: undefined
COMMAND: POST /session/612db7fa7930bbb36023b099dfe9ab59/element - {"using":"xpath","value":"//*[@id=\"__xmlview61--costObjectIdComboBox-vhi\"]"}
RESULT: {"using":"xpath","value":"//*[@id=\"__xmlview61--costObjectIdComboBox-vhi\"]"}
COMMAND: POST /session/612db7fa7930bbb36023b099dfe9ab59/element/f.E3CD5E68D1E1B2FCF6DD50D193150CE1.d.AF8D86A7A0A5F8A1D7699289F89DD098.e.5832/click - {}
RESULT: {}
RESULT: undefined
COMMAND: POST /session/612db7fa7930bbb36023b099dfe9ab59/execute/async - {"script":"<script> [776 bytes]","args":[{"enterText":"10001013","selector":{"controlType":"sap.m.SearchField","properties":{"placeholder":"Search"},"searchOpenDialogs":true,"interaction":{"idSuffix":"I"}},"clearTextFirst":true,"interactionType":"ENTER_TEXT"}]}
COMMAND: GET /session/612db7fa7930bbb36023b099dfe9ab59/screenshot - {}
RESULT: {"script":"<script> [776 bytes]","args":[{"enterText":"10001013","selector":{"controlType":"sap.m.SearchField","properties":{"placeholder":"Search"},"searchOpenDialogs":true,"interaction":{"idSuffix":"I"}},"clearTextFirst":true,"interactionType":"ENTER_TEXT"}]}
COMMAND: POST /session/612db7fa7930bbb36023b099dfe9ab59/actions - {"actions":[{"id":"action30","type":"key","parameters":{},"actions":[{"type":"keyDown","value":""},{"type":"pause","duration":10},{"type":"keyUp","value":""}]}]}
RESULT: {}
RESULT: {"actions":[{"id":"action30","type":"key","parameters":{},"actions":[{"type":"keyDown","value":""},{"type":"pause","duration":10},{"type":"keyUp","value":""}]}]}
COMMAND: GET /session/612db7fa7930bbb36023b099dfe9ab59/screenshot - {}
RESULT: {}
COMMAND: POST /session/612db7fa7930bbb36023b099dfe9ab59/element - {"using":"xpath","value":"//span[contains(text(), \"General Management\")]"}
RESULT: {"using":"xpath","value":"//span[contains(text(), \"General Management\")]"}
COMMAND: POST /session/612db7fa7930bbb36023b099dfe9ab59/element/f.E3CD5E68D1E1B2FCF6DD50D193150CE1.d.AF8D86A7A0A5F8A1D7699289F89DD098.e.5870/click - {}
RESULT: {}
COMMAND: GET /session/612db7fa7930bbb36023b099dfe9ab59/screenshot - {}
RESULT: {}
COMMAND: POST /session/612db7fa7930bbb36023b099dfe9ab59/element - {"using":"xpath","value":"//bdi[contains(text(), \"OK\")]"}
RESULT: {"using":"xpath","value":"//bdi[contains(text(), \"OK\")]"}
COMMAND: POST /session/612db7fa7930bbb36023b099dfe9ab59/element/f.E3CD5E68D1E1B2FCF6DD50D193150CE1.d.AF8D86A7A0A5F8A1D7699289F89DD098.e.5871/click - {}
RESULT: {}
COMMAND: GET /session/612db7fa7930bbb36023b099dfe9ab59/screenshot - {}
RESULT: {}
COMMAND: POST /session/612db7fa7930bbb36023b099dfe9ab59/element - {"using":"xpath","value":"(//bdi[contains(@id ,\"BDI-content\")][contains(text(), \"Save\")])[1]"}
RESULT: {"using":"xpath","value":"(//bdi[contains(@id ,\"BDI-content\")][contains(text(), \"Save\")])[1]"}
COMMAND: POST /session/612db7fa7930bbb36023b099dfe9ab59/element/f.E3CD5E68D1E1B2FCF6DD50D193150CE1.d.AF8D86A7A0A5F8A1D7699289F89DD098.e.5875/click - {}
RESULT: {}
COMMAND: GET /session/612db7fa7930bbb36023b099dfe9ab59/screenshot - {}
RESULT: {}
COMMAND: POST /session/612db7fa7930bbb36023b099dfe9ab59/execute/async - {"script":"<script> [1562 bytes]","args":[{"selector":{"controlType":"sap.m.Button","viewName":"etm.portal.ui.managerequests.view.NewRequest","i18NText":{"propertyName":"tooltip","key":"save"},"interaction":{"idSuffix":"content"}},"wdio_ui5_key":"etmportal.ui.managerequests.view.NewRequestsap.m.Button{\"propertyName\":\"tooltip\",\"key\":\"save\"}"}]}
RESULT: {"script":"<script> [1562 bytes]","args":[{"selector":{"controlType":"sap.m.Button","viewName":"etm.portal.ui.managerequests.view.NewRequest","i18NText":{"propertyName":"tooltip","key":"save"},"interaction":{"idSuffix":"content"}},"wdio_ui5_key":"etmportal.ui.managerequests.view.NewRequestsap.m.Button{\"propertyName\":\"tooltip\",\"key\":\"save\"}"}]}
RESULT: undefined
COMMAND: POST /session/612db7fa7930bbb36023b099dfe9ab59/element - {"using":"xpath","value":"//*[@id=\"__button107\"]"}
RESULT: {"using":"xpath","value":"//*[@id=\"__button107\"]"}
COMMAND: POST /session/612db7fa7930bbb36023b099dfe9ab59/element/f.E3CD5E68D1E1B2FCF6DD50D193150CE1.d.AF8D86A7A0A5F8A1D7699289F89DD098.e.5645/click - {}
RESULT: {}
COMMAND: GET /session/612db7fa7930bbb36023b099dfe9ab59/screenshot - {}
RESULT: {}
COMMAND: POST /session/612db7fa7930bbb36023b099dfe9ab59/execute/async - {"script":"<script> [1562 bytes]","args":[{"selector":{"controlType":"sap.m.Title","properties":{"text":"Success"},"searchOpenDialogs":true},"wdio_ui5_key":"sapm.Title{\"text\":\"Success\"}"}]}
RESULT: {"script":"<script> [1562 bytes]","args":[{"selector":{"controlType":"sap.m.Title","properties":{"text":"Success"},"searchOpenDialogs":true},"wdio_ui5_key":"sapm.Title{\"text\":\"Success\"}"}]}
RESULT: undefined
COMMAND: POST /session/612db7fa7930bbb36023b099dfe9ab59/execute/async - {"script":"<script> [6424 bytes]","args":[{"element-6066-11e4-a52e-4f735466cecf":"f.E3CD5E68D1E1B2FCF6DD50D193150CE1.d.AF8D86A7A0A5F8A1D7699289F89DD098.e.5881"},"getText",[]]}
RESULT: {"script":"<script> [6424 bytes]","args":[{"element-6066-11e4-a52e-4f735466cecf":"f.E3CD5E68D1E1B2FCF6DD50D193150CE1.d.AF8D86A7A0A5F8A1D7699289F89DD098.e.5881"},"getText",[]]}
COMMAND: POST /session/612db7fa7930bbb36023b099dfe9ab59/execute/async - {"script":"<script> [1562 bytes]","args":[{"selector":{"controlType":"sap.m.Button","properties":{"text":"Close"},"searchOpenDialogs":true,"interaction":{"idSuffix":"BDI-content"}},"wdio_ui5_key":"sapm.Button{\"text\":\"Close\"}"}]}
RESULT: {"script":"<script> [1562 bytes]","args":[{"selector":{"controlType":"sap.m.Button","properties":{"text":"Close"},"searchOpenDialogs":true,"interaction":{"idSuffix":"BDI-content"}},"wdio_ui5_key":"sapm.Button{\"text\":\"Close\"}"}]}
RESULT: undefined
COMMAND: POST /session/612db7fa7930bbb36023b099dfe9ab59/element - {"using":"xpath","value":"//*[@id=\"__mbox-btn-4\"]"}
RESULT: {"using":"xpath","value":"//*[@id=\"__mbox-btn-4\"]"}
COMMAND: POST /session/612db7fa7930bbb36023b099dfe9ab59/element/f.E3CD5E68D1E1B2FCF6DD50D193150CE1.d.AF8D86A7A0A5F8A1D7699289F89DD098.e.5880/click - {}
RESULT: {}
COMMAND: GET /session/612db7fa7930bbb36023b099dfe9ab59/screenshot - {}
RESULT: {}
COMMAND: POST /session/612db7fa7930bbb36023b099dfe9ab59/execute/async - {"script":"<script> [1562 bytes]","args":[{"selector":{"controlType":"sap.m.Text","viewName":"etm.portal.ui.managerequests.view.Detail","bindingPath":{"propertyPath":"NO","modelName":"catalogModel"}},"wdio_ui5_key":"etmportal.ui.managerequests.view.Detailsap.m.Text{\"propertyPath\":\"NO\",\"modelName\":\"catalogModel\"}"}]}
RESULT: {"script":"<script> [1562 bytes]","args":[{"selector":{"controlType":"sap.m.Text","viewName":"etm.portal.ui.managerequests.view.Detail","bindingPath":{"propertyPath":"NO","modelName":"catalogModel"}},"wdio_ui5_key":"etmportal.ui.managerequests.view.Detailsap.m.Text{\"propertyPath\":\"NO\",\"modelName\":\"catalogModel\"}"}]}
RESULT: undefined
COMMAND: POST /session/612db7fa7930bbb36023b099dfe9ab59/execute/async - {"script":"<script> [6424 bytes]","args":[{"element-6066-11e4-a52e-4f735466cecf":"f.E3CD5E68D1E1B2FCF6DD50D193150CE1.d.AF8D86A7A0A5F8A1D7699289F89DD098.e.6008"},"getText",[]]}
RESULT: {"script":"<script> [6424 bytes]","args":[{"element-6066-11e4-a52e-4f735466cecf":"f.E3CD5E68D1E1B2FCF6DD50D193150CE1.d.AF8D86A7A0A5F8A1D7699289F89DD098.e.6008"},"getText",[]]}
COMMAND: POST /session/612db7fa7930bbb36023b099dfe9ab59/execute/async - {"script":"<script> [1562 bytes]","args":[{"selector":{"controlType":"sap.ui.core.Icon","viewName":"etm.portal.ui.managerequests.view.Detail","properties":{"src":{"regex":{"source":"date\\-time"}}},"ancestor":{"controlType":"sap.m.ColumnListItem","viewName":"etm.portal.ui.managerequests.view.Detail","bindingPath":{"path":"/SmartRequestItemsPlanningBoard(ITEM=10m,REQUEST='20111')"},"ancestor":{"id":"requestItemsTable","viewName":"etm.portal.ui.managerequests.view.Detail"}}},"wdio_ui5_key":"etmportal.ui.managerequests.view.Detailsap.ui.core.Icon{\"src\":{\"regex\":{\"source\":\"date\\\\-time\"}}}{\"controlType\":\"sap.m.ColumnListItem\",\"viewName\":\"etm.portal.ui.managerequests.view.Detail\",\"bindingPath\":{\"path\":\"/SmartRequestItemsPlanningBoard(ITEM=10m,REQUEST='20111')\"},\"ancestor\":{\"id\":\"requestItemsTable\",\"viewName\":\"etm.portal.ui.managerequests.view.Detail\"}}"}]}
RESULT: {"script":"<script> [1562 bytes]","args":[{"selector":{"controlType":"sap.ui.core.Icon","viewName":"etm.portal.ui.managerequests.view.Detail","properties":{"src":{"regex":{"source":"date\\-time"}}},"ancestor":{"controlType":"sap.m.ColumnListItem","viewName":"etm.portal.ui.managerequests.view.Detail","bindingPath":{"path":"/SmartRequestItemsPlanningBoard(ITEM=10m,REQUEST='20111')"},"ancestor":{"id":"requestItemsTable","viewName":"etm.portal.ui.managerequests.view.Detail"}}},"wdio_ui5_key":"etmportal.ui.managerequests.view.Detailsap.ui.core.Icon{\"src\":{\"regex\":{\"source\":\"date\\\\-time\"}}}{\"controlType\":\"sap.m.ColumnListItem\",\"viewName\":\"etm.portal.ui.managerequests.view.Detail\",\"bindingPath\":{\"path\":\"/SmartRequestItemsPlanningBoard(ITEM=10m,REQUEST='20111')\"},\"ancestor\":{\"id\":\"requestItemsTable\",\"viewName\":\"etm.portal.ui.managerequests.view.Detail\"}}"}]}
RESULT: undefined
COMMAND: POST /session/612db7fa7930bbb36023b099dfe9ab59/element - {"using":"xpath","value":"//*[@id=\"__button137-__clone4874-img\"]"}
RESULT: {"using":"xpath","value":"//*[@id=\"__button137-__clone4874-img\"]"}
COMMAND: POST /session/612db7fa7930bbb36023b099dfe9ab59/element/f.E3CD5E68D1E1B2FCF6DD50D193150CE1.d.AF8D86A7A0A5F8A1D7699289F89DD098.e.6009/click - {}
RESULT: {}
COMMAND: POST /session/612db7fa7930bbb36023b099dfe9ab59/execute/async - {"script":"<script> [1562 bytes]","args":[{"selector":{"controlType":"sap.m.Button","viewName":"etm.portal.ui.managerequests.view.Detail","properties":{"text":"Close"},"searchOpenDialogs":true,"interaction":{"idSuffix":"BDI-content"}},"wdio_ui5_key":"etmportal.ui.managerequests.view.Detailsap.m.Button{\"text\":\"Close\"}"}]}
COMMAND: GET /session/612db7fa7930bbb36023b099dfe9ab59/screenshot - {}
RESULT: {"script":"<script> [1562 bytes]","args":[{"selector":{"controlType":"sap.m.Button","viewName":"etm.portal.ui.managerequests.view.Detail","properties":{"text":"Close"},"searchOpenDialogs":true,"interaction":{"idSuffix":"BDI-content"}},"wdio_ui5_key":"etmportal.ui.managerequests.view.Detailsap.m.Button{\"text\":\"Close\"}"}]}
RESULT: undefined
COMMAND: POST /session/612db7fa7930bbb36023b099dfe9ab59/element - {"using":"xpath","value":"//*[@id=\"__button147\"]"}
RESULT: {}
RESULT: {"using":"xpath","value":"//*[@id=\"__button147\"]"}
COMMAND: POST /session/612db7fa7930bbb36023b099dfe9ab59/element/f.E3CD5E68D1E1B2FCF6DD50D193150CE1.d.AF8D86A7A0A5F8A1D7699289F89DD098.e.6012/click - {}
RESULT: {}
COMMAND: POST /session/612db7fa7930bbb36023b099dfe9ab59/execute/async - {"script":"<script> [1562 bytes]","args":[{"selector":{"controlType":"sap.ui.core.Icon","viewName":"etm.portal.ui.managerequests.view.Detail","properties":{"src":{"regex":{"source":"date\\-time"}}},"ancestor":{"controlType":"sap.m.ColumnListItem","viewName":"etm.portal.ui.managerequests.view.Detail","bindingPath":{"path":"/SmartRequestItemsPlanningBoard(ITEM=20m,REQUEST='20111')"},"ancestor":{"id":"requestItemsTable","viewName":"etm.portal.ui.managerequests.view.Detail"}}},"wdio_ui5_key":"etmportal.ui.managerequests.view.Detailsap.ui.core.Icon{\"src\":{\"regex\":{\"source\":\"date\\\\-time\"}}}{\"controlType\":\"sap.m.ColumnListItem\",\"viewName\":\"etm.portal.ui.managerequests.view.Detail\",\"bindingPath\":{\"path\":\"/SmartRequestItemsPlanningBoard(ITEM=20m,REQUEST='20111')\"},\"ancestor\":{\"id\":\"requestItemsTable\",\"viewName\":\"etm.portal.ui.managerequests.view.Detail\"}}"}]}
COMMAND: GET /session/612db7fa7930bbb36023b099dfe9ab59/screenshot - {}
RESULT: {"script":"<script> [1562 bytes]","args":[{"selector":{"controlType":"sap.ui.core.Icon","viewName":"etm.portal.ui.managerequests.view.Detail","properties":{"src":{"regex":{"source":"date\\-time"}}},"ancestor":{"controlType":"sap.m.ColumnListItem","viewName":"etm.portal.ui.managerequests.view.Detail","bindingPath":{"path":"/SmartRequestItemsPlanningBoard(ITEM=20m,REQUEST='20111')"},"ancestor":{"id":"requestItemsTable","viewName":"etm.portal.ui.managerequests.view.Detail"}}},"wdio_ui5_key":"etmportal.ui.managerequests.view.Detailsap.ui.core.Icon{\"src\":{\"regex\":{\"source\":\"date\\\\-time\"}}}{\"controlType\":\"sap.m.ColumnListItem\",\"viewName\":\"etm.portal.ui.managerequests.view.Detail\",\"bindingPath\":{\"path\":\"/SmartRequestItemsPlanningBoard(ITEM=20m,REQUEST='20111')\"},\"ancestor\":{\"id\":\"requestItemsTable\",\"viewName\":\"etm.portal.ui.managerequests.view.Detail\"}}"}]}
RESULT: undefined
COMMAND: POST /session/612db7fa7930bbb36023b099dfe9ab59/element - {"using":"xpath","value":"//*[@id=\"__button137-__clone4875-img\"]"}
RESULT: {}
RESULT: {"using":"xpath","value":"//*[@id=\"__button137-__clone4875-img\"]"}
COMMAND: POST /session/612db7fa7930bbb36023b099dfe9ab59/element/f.E3CD5E68D1E1B2FCF6DD50D193150CE1.d.AF8D86A7A0A5F8A1D7699289F89DD098.e.6019/click - {}
RESULT: {}
RESULT: undefined
COMMAND: POST /session/612db7fa7930bbb36023b099dfe9ab59/element - {"using":"xpath","value":"//*[@id=\"__button147\"]"}
COMMAND: GET /session/612db7fa7930bbb36023b099dfe9ab59/screenshot - {}
RESULT: {"using":"xpath","value":"//*[@id=\"__button147\"]"}
COMMAND: POST /session/612db7fa7930bbb36023b099dfe9ab59/elements - {"using":"xpath","value":"//*[@id=\"__button147\"]"}
RESULT: {}
RESULT: {"using":"xpath","value":"//*[@id=\"__button147\"]"}
COMMAND: POST /session/612db7fa7930bbb36023b099dfe9ab59/element - {"using":"xpath","value":"//*[@id=\"__button147\"]"}
RESULT: {"using":"xpath","value":"//*[@id=\"__button147\"]"}
COMMAND: POST /session/612db7fa7930bbb36023b099dfe9ab59/element/f.E3CD5E68D1E1B2FCF6DD50D193150CE1.d.AF8D86A7A0A5F8A1D7699289F89DD098.e.6025/click - {}
RESULT: {}
COMMAND: POST /session/612db7fa7930bbb36023b099dfe9ab59/element - {"using":"css selector","value":"#shell-header-logo"}
COMMAND: GET /session/612db7fa7930bbb36023b099dfe9ab59/screenshot - {}
RESULT: {"using":"css selector","value":"#shell-header-logo"}
COMMAND: POST /session/612db7fa7930bbb36023b099dfe9ab59/element/f.E3CD5E68D1E1B2FCF6DD50D193150CE1.d.AF8D86A7A0A5F8A1D7699289F89DD098.e.5351/click - {}
RESULT: {}
RESULT: {}
COMMAND: GET /session/612db7fa7930bbb36023b099dfe9ab59/screenshot - {}
RESULT: {}
]]></system-out>
    </testcase>
    <testcase classname="chrome.136_0_7103_93.windows.Standard_contract_-_add_contract_items_by_Insert_Request_US118222" name="Should insert the request into the contract" time="60.188">
      <system-out><![CDATA[
RESULT: undefined
COMMAND: POST /session/612db7fa7930bbb36023b099dfe9ab59/element - {"using":"xpath","value":"//*[@id=\"__tile130\"]"}
RESULT: {"using":"xpath","value":"//*[@id=\"__tile130\"]"}
COMMAND: POST /session/612db7fa7930bbb36023b099dfe9ab59/element/f.E3CD5E68D1E1B2FCF6DD50D193150CE1.d.AF8D86A7A0A5F8A1D7699289F89DD098.e.4871/click - {}
RESULT: {}
COMMAND: GET /session/612db7fa7930bbb36023b099dfe9ab59/screenshot - {}
RESULT: {}
COMMAND: POST /session/612db7fa7930bbb36023b099dfe9ab59/elements - {"using":"xpath","value":"//span[text()='Error']"}
RESULT: {"using":"xpath","value":"//span[text()='Error']"}
COMMAND: POST /session/612db7fa7930bbb36023b099dfe9ab59/execute/async - {"script":"<script> [1562 bytes]","args":[{"selector":{"controlType":"sap.m.SearchField","viewName":"etm.portal.ui.managecontracts.view.Master","bindingPath":{"path":"","propertyPath":"/_BASIC_SEARCH_FIELD","modelName":"fi1t3rM0d31"},"interaction":{"idSuffix":"I"}},"wdio_ui5_key":"etmportal.ui.managecontracts.view.Mastersap.m.SearchField{\"path\":\"\",\"propertyPath\":\"/_BASIC_SEARCH_FIELD\",\"modelName\":\"fi1t3rM0d31\"}"}]}
RESULT: {"script":"<script> [1562 bytes]","args":[{"selector":{"controlType":"sap.m.SearchField","viewName":"etm.portal.ui.managecontracts.view.Master","bindingPath":{"path":"","propertyPath":"/_BASIC_SEARCH_FIELD","modelName":"fi1t3rM0d31"},"interaction":{"idSuffix":"I"}},"wdio_ui5_key":"etmportal.ui.managecontracts.view.Mastersap.m.SearchField{\"path\":\"\",\"propertyPath\":\"/_BASIC_SEARCH_FIELD\",\"modelName\":\"fi1t3rM0d31\"}"}]}
RESULT: undefined
COMMAND: POST /session/612db7fa7930bbb36023b099dfe9ab59/execute/async - {"script":"<script> [776 bytes]","args":[{"enterText":"10218","selector":{"controlType":"sap.m.SearchField","viewName":"etm.portal.ui.managecontracts.view.Master","bindingPath":{"path":"","propertyPath":"/_BASIC_SEARCH_FIELD","modelName":"fi1t3rM0d31"},"interaction":{"idSuffix":"I"}},"clearTextFirst":true,"interactionType":"ENTER_TEXT"}]}
RESULT: {"script":"<script> [776 bytes]","args":[{"enterText":"10218","selector":{"controlType":"sap.m.SearchField","viewName":"etm.portal.ui.managecontracts.view.Master","bindingPath":{"path":"","propertyPath":"/_BASIC_SEARCH_FIELD","modelName":"fi1t3rM0d31"},"interaction":{"idSuffix":"I"}},"clearTextFirst":true,"interactionType":"ENTER_TEXT"}]}
COMMAND: POST /session/612db7fa7930bbb36023b099dfe9ab59/actions - {"actions":[{"id":"action31","type":"key","parameters":{},"actions":[{"type":"keyDown","value":""},{"type":"pause","duration":10},{"type":"keyUp","value":""}]}]}
RESULT: {"actions":[{"id":"action31","type":"key","parameters":{},"actions":[{"type":"keyDown","value":""},{"type":"pause","duration":10},{"type":"keyUp","value":""}]}]}
COMMAND: GET /session/612db7fa7930bbb36023b099dfe9ab59/screenshot - {}
RESULT: {}
COMMAND: POST /session/612db7fa7930bbb36023b099dfe9ab59/execute/async - {"script":"<script> [1562 bytes]","args":[{"selector":{"controlType":"sap.ui.core.Icon","viewName":"etm.portal.ui.managecontracts.view.Master","properties":{"src":{"regex":{"source":"slim\\-arrow\\-right"}}}},"wdio_ui5_key":"etmportal.ui.managecontracts.view.Mastersap.ui.core.Icon{\"src\":{\"regex\":{\"source\":\"slim\\\\-arrow\\\\-right\"}}}"}]}
RESULT: {"script":"<script> [1562 bytes]","args":[{"selector":{"controlType":"sap.ui.core.Icon","viewName":"etm.portal.ui.managecontracts.view.Master","properties":{"src":{"regex":{"source":"slim\\-arrow\\-right"}}}},"wdio_ui5_key":"etmportal.ui.managecontracts.view.Mastersap.ui.core.Icon{\"src\":{\"regex\":{\"source\":\"slim\\\\-arrow\\\\-right\"}}}"}]}
RESULT: undefined
COMMAND: POST /session/612db7fa7930bbb36023b099dfe9ab59/element - {"using":"xpath","value":"//*[@id=\"__item1451-__clone4987-imgNav\"]"}
RESULT: {"using":"xpath","value":"//*[@id=\"__item1451-__clone4987-imgNav\"]"}
COMMAND: POST /session/612db7fa7930bbb36023b099dfe9ab59/element/f.E3CD5E68D1E1B2FCF6DD50D193150CE1.d.AF8D86A7A0A5F8A1D7699289F89DD098.e.6145/click - {}
RESULT: {}
COMMAND: POST /session/612db7fa7930bbb36023b099dfe9ab59/execute/async - {"script":"<script> [1562 bytes]","args":[{"selector":{"id":"addRequestItemBtn","viewName":"etm.portal.ui.managecontracts.view.Detail","interaction":{"idSuffix":"BDI-content"}},"wdio_ui5_key":"addRequestItemBtnetmportal.ui.managecontracts.view.Detail"}]}
COMMAND: GET /session/612db7fa7930bbb36023b099dfe9ab59/screenshot - {}
RESULT: {"script":"<script> [1562 bytes]","args":[{"selector":{"id":"addRequestItemBtn","viewName":"etm.portal.ui.managecontracts.view.Detail","interaction":{"idSuffix":"BDI-content"}},"wdio_ui5_key":"addRequestItemBtnetmportal.ui.managecontracts.view.Detail"}]}
RESULT: undefined
COMMAND: POST /session/612db7fa7930bbb36023b099dfe9ab59/element - {"using":"xpath","value":"//*[@id=\"__xmlview64--addRequestItemBtn\"]"}
RESULT: {}
RESULT: {"using":"xpath","value":"//*[@id=\"__xmlview64--addRequestItemBtn\"]"}
COMMAND: POST /session/612db7fa7930bbb36023b099dfe9ab59/element/f.E3CD5E68D1E1B2FCF6DD50D193150CE1.d.AF8D86A7A0A5F8A1D7699289F89DD098.e.6217/click - {}
RESULT: {}
COMMAND: GET /session/612db7fa7930bbb36023b099dfe9ab59/screenshot - {}
RESULT: {}
COMMAND: POST /session/612db7fa7930bbb36023b099dfe9ab59/element - {"using":"xpath","value":"//div[contains(@id ,\"popupRequestTable-sa-CbBg\")]"}
RESULT: {"using":"xpath","value":"//div[contains(@id ,\"popupRequestTable-sa-CbBg\")]"}
COMMAND: POST /session/612db7fa7930bbb36023b099dfe9ab59/element/f.E3CD5E68D1E1B2FCF6DD50D193150CE1.d.AF8D86A7A0A5F8A1D7699289F89DD098.e.6333/click - {}
RESULT: {}
COMMAND: GET /session/612db7fa7930bbb36023b099dfe9ab59/screenshot - {}
RESULT: {}
COMMAND: POST /session/612db7fa7930bbb36023b099dfe9ab59/execute/async - {"script":"<script> [1562 bytes]","args":[{"selector":{"controlType":"sap.m.Button","viewName":"etm.portal.ui.managecontracts.view.Detail","i18NText":{"propertyName":"text","key":"selectionDone"},"searchOpenDialogs":true,"interaction":{"idSuffix":"BDI-content"}},"wdio_ui5_key":"etmportal.ui.managecontracts.view.Detailsap.m.Button{\"propertyName\":\"text\",\"key\":\"selectionDone\"}"}]}
RESULT: {"script":"<script> [1562 bytes]","args":[{"selector":{"controlType":"sap.m.Button","viewName":"etm.portal.ui.managecontracts.view.Detail","i18NText":{"propertyName":"text","key":"selectionDone"},"searchOpenDialogs":true,"interaction":{"idSuffix":"BDI-content"}},"wdio_ui5_key":"etmportal.ui.managecontracts.view.Detailsap.m.Button{\"propertyName\":\"text\",\"key\":\"selectionDone\"}"}]}
RESULT: undefined
COMMAND: POST /session/612db7fa7930bbb36023b099dfe9ab59/element - {"using":"xpath","value":"//*[@id=\"__button158\"]"}
RESULT: {"using":"xpath","value":"//*[@id=\"__button158\"]"}
COMMAND: POST /session/612db7fa7930bbb36023b099dfe9ab59/element/f.E3CD5E68D1E1B2FCF6DD50D193150CE1.d.AF8D86A7A0A5F8A1D7699289F89DD098.e.6336/click - {}
RESULT: {}
COMMAND: POST /session/612db7fa7930bbb36023b099dfe9ab59/execute/async - {"script":"<script> [1562 bytes]","args":[{"selector":{"controlType":"sap.m.Text","properties":{"text":"Started processing request items into the contract."},"searchOpenDialogs":true},"wdio_ui5_key":"sapm.Text{\"text\":\"Started processing request items into the contract.\"}"}]}
COMMAND: GET /session/612db7fa7930bbb36023b099dfe9ab59/screenshot - {}
RESULT: {"script":"<script> [1562 bytes]","args":[{"selector":{"controlType":"sap.m.Text","properties":{"text":"Started processing request items into the contract."},"searchOpenDialogs":true},"wdio_ui5_key":"sapm.Text{\"text\":\"Started processing request items into the contract.\"}"}]}
RESULT: undefined
COMMAND: POST /session/612db7fa7930bbb36023b099dfe9ab59/execute/async - {"script":"<script> [6424 bytes]","args":[{"element-6066-11e4-a52e-4f735466cecf":"f.E3CD5E68D1E1B2FCF6DD50D193150CE1.d.AF8D86A7A0A5F8A1D7699289F89DD098.e.6338"},"getText",[]]}
RESULT: {}
RESULT: {"script":"<script> [6424 bytes]","args":[{"element-6066-11e4-a52e-4f735466cecf":"f.E3CD5E68D1E1B2FCF6DD50D193150CE1.d.AF8D86A7A0A5F8A1D7699289F89DD098.e.6338"},"getText",[]]}
COMMAND: POST /session/612db7fa7930bbb36023b099dfe9ab59/execute/async - {"script":"<script> [1562 bytes]","args":[{"selector":{"controlType":"sap.m.Button","properties":{"text":"OK"},"searchOpenDialogs":true,"interaction":{"idSuffix":"inner"}},"wdio_ui5_key":"sapm.Button{\"text\":\"OK\"}"}]}
RESULT: {"script":"<script> [1562 bytes]","args":[{"selector":{"controlType":"sap.m.Button","properties":{"text":"OK"},"searchOpenDialogs":true,"interaction":{"idSuffix":"inner"}},"wdio_ui5_key":"sapm.Button{\"text\":\"OK\"}"}]}
RESULT: undefined
COMMAND: POST /session/612db7fa7930bbb36023b099dfe9ab59/element - {"using":"xpath","value":"//*[@id=\"__mbox-btn-5\"]"}
RESULT: {"using":"xpath","value":"//*[@id=\"__mbox-btn-5\"]"}
COMMAND: POST /session/612db7fa7930bbb36023b099dfe9ab59/element/f.E3CD5E68D1E1B2FCF6DD50D193150CE1.d.AF8D86A7A0A5F8A1D7699289F89DD098.e.6337/click - {}
RESULT: {}
COMMAND: POST /session/612db7fa7930bbb36023b099dfe9ab59/execute/async - {"script":"<script> [1562 bytes]","args":[{"selector":{"id":"headerBillingItemsTabFilter","viewName":"etm.portal.ui.managecontracts.view.Detail","interaction":{"idSuffix":"text"}},"wdio_ui5_key":"headerBillingItemsTabFilteretmportal.ui.managecontracts.view.Detail"}]}
COMMAND: GET /session/612db7fa7930bbb36023b099dfe9ab59/screenshot - {}
RESULT: {"script":"<script> [1562 bytes]","args":[{"selector":{"id":"headerBillingItemsTabFilter","viewName":"etm.portal.ui.managecontracts.view.Detail","interaction":{"idSuffix":"text"}},"wdio_ui5_key":"headerBillingItemsTabFilteretmportal.ui.managecontracts.view.Detail"}]}
RESULT: undefined
COMMAND: POST /session/612db7fa7930bbb36023b099dfe9ab59/element - {"using":"xpath","value":"//*[@id=\"__xmlview64--headerBillingItemsTabFilter\"]"}
RESULT: {}
RESULT: {"using":"xpath","value":"//*[@id=\"__xmlview64--headerBillingItemsTabFilter\"]"}
COMMAND: POST /session/612db7fa7930bbb36023b099dfe9ab59/element/f.E3CD5E68D1E1B2FCF6DD50D193150CE1.d.AF8D86A7A0A5F8A1D7699289F89DD098.e.6348/click - {}
RESULT: {}
COMMAND: GET /session/612db7fa7930bbb36023b099dfe9ab59/screenshot - {}
RESULT: {}
COMMAND: POST /session/612db7fa7930bbb36023b099dfe9ab59/execute/async - {"script":"<script> [1562 bytes]","args":[{"selector":{"controlType":"sap.ui.core.Icon","viewName":"etm.portal.ui.managecontracts.view.Detail","properties":{"src":{"regex":{"source":"synchronize"}}}},"wdio_ui5_key":"etmportal.ui.managecontracts.view.Detailsap.ui.core.Icon{\"src\":{\"regex\":{\"source\":\"synchronize\"}}}"}]}
RESULT: {"script":"<script> [1562 bytes]","args":[{"selector":{"controlType":"sap.ui.core.Icon","viewName":"etm.portal.ui.managecontracts.view.Detail","properties":{"src":{"regex":{"source":"synchronize"}}}},"wdio_ui5_key":"etmportal.ui.managecontracts.view.Detailsap.ui.core.Icon{\"src\":{\"regex\":{\"source\":\"synchronize\"}}}"}]}
RESULT: undefined
COMMAND: POST /session/612db7fa7930bbb36023b099dfe9ab59/element - {"using":"xpath","value":"//*[@id=\"__xmlview64--btnToggleUpdate-img\"]"}
RESULT: {"using":"xpath","value":"//*[@id=\"__xmlview64--btnToggleUpdate-img\"]"}
COMMAND: POST /session/612db7fa7930bbb36023b099dfe9ab59/element/f.E3CD5E68D1E1B2FCF6DD50D193150CE1.d.AF8D86A7A0A5F8A1D7699289F89DD098.e.6216/click - {}
RESULT: {}
COMMAND: GET /session/612db7fa7930bbb36023b099dfe9ab59/screenshot - {}
RESULT: {}
RESULT: undefined
COMMAND: POST /session/612db7fa7930bbb36023b099dfe9ab59/element - {"using":"xpath","value":"//*[@id=\"__xmlview64--headerBillingItemsTabFilter\"]"}
RESULT: {"using":"xpath","value":"//*[@id=\"__xmlview64--headerBillingItemsTabFilter\"]"}
COMMAND: POST /session/612db7fa7930bbb36023b099dfe9ab59/element/f.E3CD5E68D1E1B2FCF6DD50D193150CE1.d.AF8D86A7A0A5F8A1D7699289F89DD098.e.6348/click - {}
RESULT: {}
COMMAND: POST /session/612db7fa7930bbb36023b099dfe9ab59/execute/async - {"script":"<script> [1562 bytes]","args":[{"selector":{"controlType":"sap.m.Title","viewName":"etm.portal.ui.managecontracts.view.Detail","properties":{"text":"Contract Items (2)"}},"wdio_ui5_key":"etmportal.ui.managecontracts.view.Detailsap.m.Title{\"text\":\"Contract Items (2)\"}"}]}
COMMAND: GET /session/612db7fa7930bbb36023b099dfe9ab59/screenshot - {}
RESULT: {}
RESULT: {"script":"<script> [1562 bytes]","args":[{"selector":{"controlType":"sap.m.Title","viewName":"etm.portal.ui.managecontracts.view.Detail","properties":{"text":"Contract Items (2)"}},"wdio_ui5_key":"etmportal.ui.managecontracts.view.Detailsap.m.Title{\"text\":\"Contract Items (2)\"}"}]}
RESULT: undefined
COMMAND: POST /session/612db7fa7930bbb36023b099dfe9ab59/execute/async - {"script":"<script> [6424 bytes]","args":[{"element-6066-11e4-a52e-4f735466cecf":"f.E3CD5E68D1E1B2FCF6DD50D193150CE1.d.AF8D86A7A0A5F8A1D7699289F89DD098.e.6356"},"getText",[]]}
RESULT: {"script":"<script> [6424 bytes]","args":[{"element-6066-11e4-a52e-4f735466cecf":"f.E3CD5E68D1E1B2FCF6DD50D193150CE1.d.AF8D86A7A0A5F8A1D7699289F89DD098.e.6356"},"getText",[]]}
COMMAND: POST /session/612db7fa7930bbb36023b099dfe9ab59/execute/async - {"script":"<script> [1562 bytes]","args":[{"selector":{"controlType":"sap.m.ObjectStatus","viewName":"etm.portal.ui.managecontracts.view.Detail","bindingPath":{"path":"/SmartContractItems(CONTRACT='10218',ITEM=10m,SUB_ITEM=0m)","propertyPath":"STATUS"}},"wdio_ui5_key":"etmportal.ui.managecontracts.view.Detailsap.m.ObjectStatus{\"path\":\"/SmartContractItems(CONTRACT='10218',ITEM=10m,SUB_ITEM=0m)\",\"propertyPath\":\"STATUS\"}"}]}
RESULT: {"script":"<script> [1562 bytes]","args":[{"selector":{"controlType":"sap.m.ObjectStatus","viewName":"etm.portal.ui.managecontracts.view.Detail","bindingPath":{"path":"/SmartContractItems(CONTRACT='10218',ITEM=10m,SUB_ITEM=0m)","propertyPath":"STATUS"}},"wdio_ui5_key":"etmportal.ui.managecontracts.view.Detailsap.m.ObjectStatus{\"path\":\"/SmartContractItems(CONTRACT='10218',ITEM=10m,SUB_ITEM=0m)\",\"propertyPath\":\"STATUS\"}"}]}
RESULT: undefined
COMMAND: POST /session/612db7fa7930bbb36023b099dfe9ab59/execute/async - {"script":"<script> [6424 bytes]","args":[{"element-6066-11e4-a52e-4f735466cecf":"f.E3CD5E68D1E1B2FCF6DD50D193150CE1.d.AF8D86A7A0A5F8A1D7699289F89DD098.e.6357"},"getText",[]]}
RESULT: {"script":"<script> [6424 bytes]","args":[{"element-6066-11e4-a52e-4f735466cecf":"f.E3CD5E68D1E1B2FCF6DD50D193150CE1.d.AF8D86A7A0A5F8A1D7699289F89DD098.e.6357"},"getText",[]]}
COMMAND: POST /session/612db7fa7930bbb36023b099dfe9ab59/execute/async - {"script":"<script> [1562 bytes]","args":[{"selector":{"controlType":"sap.m.ObjectStatus","viewName":"etm.portal.ui.managecontracts.view.Detail","bindingPath":{"path":"/SmartContractItems(CONTRACT='10218',ITEM=20m,SUB_ITEM=0m)","propertyPath":"STATUS"}},"wdio_ui5_key":"etmportal.ui.managecontracts.view.Detailsap.m.ObjectStatus{\"path\":\"/SmartContractItems(CONTRACT='10218',ITEM=20m,SUB_ITEM=0m)\",\"propertyPath\":\"STATUS\"}"}]}
RESULT: {"script":"<script> [1562 bytes]","args":[{"selector":{"controlType":"sap.m.ObjectStatus","viewName":"etm.portal.ui.managecontracts.view.Detail","bindingPath":{"path":"/SmartContractItems(CONTRACT='10218',ITEM=20m,SUB_ITEM=0m)","propertyPath":"STATUS"}},"wdio_ui5_key":"etmportal.ui.managecontracts.view.Detailsap.m.ObjectStatus{\"path\":\"/SmartContractItems(CONTRACT='10218',ITEM=20m,SUB_ITEM=0m)\",\"propertyPath\":\"STATUS\"}"}]}
RESULT: undefined
COMMAND: POST /session/612db7fa7930bbb36023b099dfe9ab59/execute/async - {"script":"<script> [6424 bytes]","args":[{"element-6066-11e4-a52e-4f735466cecf":"f.E3CD5E68D1E1B2FCF6DD50D193150CE1.d.AF8D86A7A0A5F8A1D7699289F89DD098.e.6358"},"getText",[]]}
RESULT: {"script":"<script> [6424 bytes]","args":[{"element-6066-11e4-a52e-4f735466cecf":"f.E3CD5E68D1E1B2FCF6DD50D193150CE1.d.AF8D86A7A0A5F8A1D7699289F89DD098.e.6358"},"getText",[]]}
]]></system-out>
    </testcase>
  </testsuite>
  <testsuite timestamp="2025-05-25T18:03:38" time="80.971" tests="1" failures="0" errors="0" skipped="0">
    <properties>
      <property name="specId" value="0"/>
      <property name="suiteName" value="Manage contracts - revert request US152962"/>
      <property name="capabilities" value="chrome.136_0_7103_93.windows"/>
      <property name="file" value="file:///D:/a/1/s/test/specs/R2C/manage-contracts-revert-request.spec.js"/>
    </properties>
    <testcase classname="chrome.136_0_7103_93.windows.Manage_contracts_-_revert_request_US152962" name="Should revert the request" time="80.968">
      <system-out><![CDATA[
COMMAND: POST /session/612db7fa7930bbb36023b099dfe9ab59/execute/async - {"script":"<script> [1562 bytes]","args":[{"selector":{"id":"revertPlanningBtn","viewName":"etm.portal.ui.managecontracts.view.Detail","interaction":{"idSuffix":"BDI-content"}},"wdio_ui5_key":"revertPlanningBtnetmportal.ui.managecontracts.view.Detail"}]}
RESULT: {"script":"<script> [1562 bytes]","args":[{"selector":{"id":"revertPlanningBtn","viewName":"etm.portal.ui.managecontracts.view.Detail","interaction":{"idSuffix":"BDI-content"}},"wdio_ui5_key":"revertPlanningBtnetmportal.ui.managecontracts.view.Detail"}]}
RESULT: undefined
COMMAND: POST /session/612db7fa7930bbb36023b099dfe9ab59/element - {"using":"xpath","value":"//*[@id=\"__xmlview64--revertPlanningBtn\"]"}
RESULT: {"using":"xpath","value":"//*[@id=\"__xmlview64--revertPlanningBtn\"]"}
COMMAND: POST /session/612db7fa7930bbb36023b099dfe9ab59/element/f.E3CD5E68D1E1B2FCF6DD50D193150CE1.d.AF8D86A7A0A5F8A1D7699289F89DD098.e.6220/click - {}
RESULT: {}
COMMAND: POST /session/612db7fa7930bbb36023b099dfe9ab59/element - {"using":"xpath","value":"(//div[contains(@id ,\"selectMulti-CbBg\")])[2]"}
COMMAND: GET /session/612db7fa7930bbb36023b099dfe9ab59/screenshot - {}
RESULT: {"using":"xpath","value":"(//div[contains(@id ,\"selectMulti-CbBg\")])[2]"}
COMMAND: POST /session/612db7fa7930bbb36023b099dfe9ab59/element/f.E3CD5E68D1E1B2FCF6DD50D193150CE1.d.AF8D86A7A0A5F8A1D7699289F89DD098.e.6406/click - {}
RESULT: {}
RESULT: {}
COMMAND: GET /session/612db7fa7930bbb36023b099dfe9ab59/screenshot - {}
RESULT: {}
COMMAND: POST /session/612db7fa7930bbb36023b099dfe9ab59/element - {"using":"xpath","value":"//span[contains(@id ,\"executeRevertPlanningBtn-content\")]"}
RESULT: {"using":"xpath","value":"//span[contains(@id ,\"executeRevertPlanningBtn-content\")]"}
COMMAND: POST /session/612db7fa7930bbb36023b099dfe9ab59/element/f.E3CD5E68D1E1B2FCF6DD50D193150CE1.d.AF8D86A7A0A5F8A1D7699289F89DD098.e.6407/click - {}
RESULT: {}
COMMAND: GET /session/612db7fa7930bbb36023b099dfe9ab59/screenshot - {}
RESULT: {}
COMMAND: POST /session/612db7fa7930bbb36023b099dfe9ab59/actions - {"actions":[{"id":"action32","type":"key","parameters":{},"actions":[{"type":"keyDown","value":""},{"type":"pause","duration":10},{"type":"keyUp","value":""}]}]}
RESULT: {"actions":[{"id":"action32","type":"key","parameters":{},"actions":[{"type":"keyDown","value":""},{"type":"pause","duration":10},{"type":"keyUp","value":""}]}]}
COMMAND: GET /session/612db7fa7930bbb36023b099dfe9ab59/screenshot - {}
RESULT: {}
COMMAND: POST /session/612db7fa7930bbb36023b099dfe9ab59/refresh - {}
RESULT: {}
COMMAND: GET /session/612db7fa7930bbb36023b099dfe9ab59/screenshot - {}
RESULT: {}
COMMAND: POST /session/612db7fa7930bbb36023b099dfe9ab59/execute/async - {"script":"<script> [189 bytes]","args":[]}
RESULT: {"script":"<script> [189 bytes]","args":[]}
COMMAND: POST /session/612db7fa7930bbb36023b099dfe9ab59/execute/async - {"script":"<script> [123 bytes]","args":[]}
RESULT: {"script":"<script> [123 bytes]","args":[]}
COMMAND: POST /session/612db7fa7930bbb36023b099dfe9ab59/timeouts - {"script":"<number>"}
RESULT: {"script":"<number>"}
COMMAND: GET /session/612db7fa7930bbb36023b099dfe9ab59/timeouts - {}
RESULT: {}
RESULT: undefined
COMMAND: POST /session/612db7fa7930bbb36023b099dfe9ab59/execute/async - {"script":"<script> [2676 bytes]","args":[]}
RESULT: {"script":"<script> [2676 bytes]","args":[]}
COMMAND: POST /session/612db7fa7930bbb36023b099dfe9ab59/execute/async - {"script":"<script> [2342 bytes]","args":[{"protocol":"http","hostname":"0.0.0.0","path":"/","capabilities":{"browserName":"chrome","goog:chromeOptions":{"binary":"C:\\Program Files\\Google\\Chrome\\Application\\chrome.exe","args":["--start-maximized"]}},"logLevel":"warn","connectionRetryTimeout":120000,"connectionRetryCount":3,"logLevels":{},"enableDirectConnect":true,"strictSSL":true,"_":"65 more keys: [\"cacheDir\",\"port\",\"requestedCapabilities\",\"automationProtocol\",\"baseUrl\",\"waitforInterval\",\"waitforTimeout\",\"onReload\",\"beforeCommand\",\"afterCommand\",\"rootDir\",\"specs\",\"suites\",\"exclude\",\"groupLogsByTestSpec\",\"excludeDriverLogs\",\"bail\",\"framework\",\"reporters\",\"services\",\"maxInstances\",\"maxInstancesPerCapability\",\"injectGlobals\",\"filesToWatch\",\"execArgv\",\"runnerEnv\",\"runner\",\"shard\",\"specFileRetries\",\"specFileRetriesDelay\",\"specFileRetriesDeferred\",\"reporterSyncInterval\",\"reporterSyncTimeout\",\"cucumberFeaturesWithLineNumbers\",\"autoCompileOpts\",\"mochaOpts\",\"jasmineOpts\",\"cucumberOpts\",\"onPrepare\",\"onWorkerStart\",\"onWorkerEnd\",\"before\",\"beforeSession\",\"beforeSuite\",\"beforeHook\",\"beforeTest\",\"afterTest\",\"afterHook\",\"afterSuite\",\"afterSession\",\"after\",\"onComplete\",\"beforeAssertion\",\"afterAssertion\",\"beforeFeature\",\"beforeScenario\",\"beforeStep\",\"afterStep\",\"afterScenario\",\"afterFeature\",\"_\",\"suite\",\"$0\",\"ignoredWorkerServices\",\"wdi5\"]"}]}
RESULT: {"script":"<script> [2342 bytes]","args":[{"protocol":"http","hostname":"0.0.0.0","path":"/","capabilities":{"browserName":"chrome","goog:chromeOptions":{"binary":"C:\\Program Files\\Google\\Chrome\\Application\\chrome.exe","args":["--start-maximized"]}},"logLevel":"warn","connectionRetryTimeout":120000,"connectionRetryCount":3,"logLevels":{},"enableDirectConnect":true,"strictSSL":true,"_":"65 more keys: [\"cacheDir\",\"port\",\"requestedCapabilities\",\"automationProtocol\",\"baseUrl\",\"waitforInterval\",\"waitforTimeout\",\"onReload\",\"beforeCommand\",\"afterCommand\",\"rootDir\",\"specs\",\"suites\",\"exclude\",\"groupLogsByTestSpec\",\"excludeDriverLogs\",\"bail\",\"framework\",\"reporters\",\"services\",\"maxInstances\",\"maxInstancesPerCapability\",\"injectGlobals\",\"filesToWatch\",\"execArgv\",\"runnerEnv\",\"runner\",\"shard\",\"specFileRetries\",\"specFileRetriesDelay\",\"specFileRetriesDeferred\",\"reporterSyncInterval\",\"reporterSyncTimeout\",\"cucumberFeaturesWithLineNumbers\",\"autoCompileOpts\",\"mochaOpts\",\"jasmineOpts\",\"cucumberOpts\",\"onPrepare\",\"onWorkerStart\",\"onWorkerEnd\",\"before\",\"beforeSession\",\"beforeSuite\",\"beforeHook\",\"beforeTest\",\"afterTest\",\"afterHook\",\"afterSuite\",\"afterSession\",\"after\",\"onComplete\",\"beforeAssertion\",\"afterAssertion\",\"beforeFeature\",\"beforeScenario\",\"beforeStep\",\"afterStep\",\"afterScenario\",\"afterFeature\",\"_\",\"suite\",\"$0\",\"ignoredWorkerServices\",\"wdi5\"]"}]}
COMMAND: POST /session/612db7fa7930bbb36023b099dfe9ab59/execute/async - {"script":"<script> [21126 bytes]","args":[35000]}
RESULT: {"script":"<script> [21126 bytes]","args":[35000]}
COMMAND: POST /session/612db7fa7930bbb36023b099dfe9ab59/execute/async - {"script":"<script> [1562 bytes]","args":[{"selector":{"controlType":"sap.m.Title","viewName":"etm.portal.ui.managecontracts.view.Detail","properties":{"text":"Contract Items (1)"}},"wdio_ui5_key":"etmportal.ui.managecontracts.view.Detailsap.m.Title{\"text\":\"Contract Items (1)\"}"}]}
RESULT: {"script":"<script> [1562 bytes]","args":[{"selector":{"controlType":"sap.m.Title","viewName":"etm.portal.ui.managecontracts.view.Detail","properties":{"text":"Contract Items (1)"}},"wdio_ui5_key":"etmportal.ui.managecontracts.view.Detailsap.m.Title{\"text\":\"Contract Items (1)\"}"}]}
RESULT: undefined
COMMAND: POST /session/612db7fa7930bbb36023b099dfe9ab59/execute/async - {"script":"<script> [6424 bytes]","args":[{"element-6066-11e4-a52e-4f735466cecf":"f.E3CD5E68D1E1B2FCF6DD50D193150CE1.d.BB56DFD4D17E6637776090B06A31AF63.e.6673"},"getText",[]]}
RESULT: {"script":"<script> [6424 bytes]","args":[{"element-6066-11e4-a52e-4f735466cecf":"f.E3CD5E68D1E1B2FCF6DD50D193150CE1.d.BB56DFD4D17E6637776090B06A31AF63.e.6673"},"getText",[]]}
COMMAND: POST /session/612db7fa7930bbb36023b099dfe9ab59/execute/async - {"script":"<script> [1562 bytes]","args":[{"selector":{"id":"contractDetailEditBtn","viewName":"etm.portal.ui.managecontracts.view.Detail","interaction":{"idSuffix":"inner"}},"wdio_ui5_key":"contractDetailEditBtnetmportal.ui.managecontracts.view.Detail"}]}
RESULT: {"script":"<script> [1562 bytes]","args":[{"selector":{"id":"contractDetailEditBtn","viewName":"etm.portal.ui.managecontracts.view.Detail","interaction":{"idSuffix":"inner"}},"wdio_ui5_key":"contractDetailEditBtnetmportal.ui.managecontracts.view.Detail"}]}
RESULT: undefined
COMMAND: POST /session/612db7fa7930bbb36023b099dfe9ab59/element - {"using":"xpath","value":"//*[@id=\"__xmlview1--contractDetailEditBtn\"]"}
RESULT: {"using":"xpath","value":"//*[@id=\"__xmlview1--contractDetailEditBtn\"]"}
COMMAND: POST /session/612db7fa7930bbb36023b099dfe9ab59/element/f.E3CD5E68D1E1B2FCF6DD50D193150CE1.d.BB56DFD4D17E6637776090B06A31AF63.e.6478/click - {}
RESULT: {}
COMMAND: GET /session/612db7fa7930bbb36023b099dfe9ab59/screenshot - {}
RESULT: {}
COMMAND: POST /session/612db7fa7930bbb36023b099dfe9ab59/element - {"using":"xpath","value":"(//span[contains(text(), \"Header Billing Items\")])[2]"}
RESULT: {"using":"xpath","value":"(//span[contains(text(), \"Header Billing Items\")])[2]"}
COMMAND: POST /session/612db7fa7930bbb36023b099dfe9ab59/element/f.E3CD5E68D1E1B2FCF6DD50D193150CE1.d.BB56DFD4D17E6637776090B06A31AF63.e.6737/click - {}
RESULT: {}
COMMAND: GET /session/612db7fa7930bbb36023b099dfe9ab59/screenshot - {}
RESULT: {}
COMMAND: POST /session/612db7fa7930bbb36023b099dfe9ab59/element - {"using":"xpath","value":"//div[contains(@id ,\"ProductsTable-sa-CbBg\")]"}
RESULT: {"using":"xpath","value":"//div[contains(@id ,\"ProductsTable-sa-CbBg\")]"}
COMMAND: POST /session/612db7fa7930bbb36023b099dfe9ab59/element/f.E3CD5E68D1E1B2FCF6DD50D193150CE1.d.BB56DFD4D17E6637776090B06A31AF63.e.6741/click - {}
RESULT: {}
COMMAND: GET /session/612db7fa7930bbb36023b099dfe9ab59/screenshot - {}
RESULT: {}
COMMAND: POST /session/612db7fa7930bbb36023b099dfe9ab59/execute/async - {"script":"<script> [1562 bytes]","args":[{"selector":{"id":"deleteBtn","viewName":"etm.portal.ui.managecontracts.view.EditContract","interaction":{"idSuffix":"BDI-content"}},"wdio_ui5_key":"deleteBtnetmportal.ui.managecontracts.view.EditContract"}]}
RESULT: {"script":"<script> [1562 bytes]","args":[{"selector":{"id":"deleteBtn","viewName":"etm.portal.ui.managecontracts.view.EditContract","interaction":{"idSuffix":"BDI-content"}},"wdio_ui5_key":"deleteBtnetmportal.ui.managecontracts.view.EditContract"}]}
RESULT: undefined
COMMAND: POST /session/612db7fa7930bbb36023b099dfe9ab59/element - {"using":"xpath","value":"//*[@id=\"__xmlview2--deleteBtn\"]"}
RESULT: {"using":"xpath","value":"//*[@id=\"__xmlview2--deleteBtn\"]"}
COMMAND: POST /session/612db7fa7930bbb36023b099dfe9ab59/element/f.E3CD5E68D1E1B2FCF6DD50D193150CE1.d.BB56DFD4D17E6637776090B06A31AF63.e.6743/click - {}
RESULT: {}
COMMAND: POST /session/612db7fa7930bbb36023b099dfe9ab59/element - {"using":"xpath","value":"//bdi[contains(@id ,\"BDI-content\")][contains(text(), \"OK\")]"}
COMMAND: GET /session/612db7fa7930bbb36023b099dfe9ab59/screenshot - {}
RESULT: {"using":"xpath","value":"//bdi[contains(@id ,\"BDI-content\")][contains(text(), \"OK\")]"}
COMMAND: POST /session/612db7fa7930bbb36023b099dfe9ab59/element/f.E3CD5E68D1E1B2FCF6DD50D193150CE1.d.BB56DFD4D17E6637776090B06A31AF63.e.6745/click - {}
RESULT: {}
RESULT: {}
COMMAND: GET /session/612db7fa7930bbb36023b099dfe9ab59/screenshot - {}
RESULT: {}
COMMAND: POST /session/612db7fa7930bbb36023b099dfe9ab59/element - {"using":"xpath","value":"//bdi[contains(@id ,\"BDI-content\")][contains(text(), \"Save\")]"}
RESULT: {"using":"xpath","value":"//bdi[contains(@id ,\"BDI-content\")][contains(text(), \"Save\")]"}
COMMAND: POST /session/612db7fa7930bbb36023b099dfe9ab59/element/f.E3CD5E68D1E1B2FCF6DD50D193150CE1.d.BB56DFD4D17E6637776090B06A31AF63.e.6747/click - {}
RESULT: {}
COMMAND: GET /session/612db7fa7930bbb36023b099dfe9ab59/screenshot - {}
RESULT: {}
COMMAND: POST /session/612db7fa7930bbb36023b099dfe9ab59/element - {"using":"xpath","value":"(//span[contains(text(), \"Header Billing Items\")])[1]"}
RESULT: {"using":"xpath","value":"(//span[contains(text(), \"Header Billing Items\")])[1]"}
COMMAND: POST /session/612db7fa7930bbb36023b099dfe9ab59/element/f.E3CD5E68D1E1B2FCF6DD50D193150CE1.d.BB56DFD4D17E6637776090B06A31AF63.e.6750/click - {}
RESULT: {}
COMMAND: GET /session/612db7fa7930bbb36023b099dfe9ab59/screenshot - {}
RESULT: {}
COMMAND: POST /session/612db7fa7930bbb36023b099dfe9ab59/execute/async - {"script":"<script> [1562 bytes]","args":[{"selector":{"controlType":"sap.m.ObjectStatus","viewName":"etm.portal.ui.managecontracts.view.Detail","bindingPath":{"path":"/SmartContractItems(CONTRACT='10218',ITEM=10m,SUB_ITEM=0m)","propertyPath":"STATUS"}},"wdio_ui5_key":"etmportal.ui.managecontracts.view.Detailsap.m.ObjectStatus{\"path\":\"/SmartContractItems(CONTRACT='10218',ITEM=10m,SUB_ITEM=0m)\",\"propertyPath\":\"STATUS\"}"}]}
RESULT: {"script":"<script> [1562 bytes]","args":[{"selector":{"controlType":"sap.m.ObjectStatus","viewName":"etm.portal.ui.managecontracts.view.Detail","bindingPath":{"path":"/SmartContractItems(CONTRACT='10218',ITEM=10m,SUB_ITEM=0m)","propertyPath":"STATUS"}},"wdio_ui5_key":"etmportal.ui.managecontracts.view.Detailsap.m.ObjectStatus{\"path\":\"/SmartContractItems(CONTRACT='10218',ITEM=10m,SUB_ITEM=0m)\",\"propertyPath\":\"STATUS\"}"}]}
RESULT: undefined
COMMAND: POST /session/612db7fa7930bbb36023b099dfe9ab59/execute/async - {"script":"<script> [6424 bytes]","args":[{"element-6066-11e4-a52e-4f735466cecf":"f.E3CD5E68D1E1B2FCF6DD50D193150CE1.d.BB56DFD4D17E6637776090B06A31AF63.e.6752"},"getText",[]]}
RESULT: {"script":"<script> [6424 bytes]","args":[{"element-6066-11e4-a52e-4f735466cecf":"f.E3CD5E68D1E1B2FCF6DD50D193150CE1.d.BB56DFD4D17E6637776090B06A31AF63.e.6752"},"getText",[]]}
COMMAND: POST /session/612db7fa7930bbb36023b099dfe9ab59/element - {"using":"css selector","value":"#shell-header-logo"}
RESULT: {"using":"css selector","value":"#shell-header-logo"}
COMMAND: POST /session/612db7fa7930bbb36023b099dfe9ab59/element/f.E3CD5E68D1E1B2FCF6DD50D193150CE1.d.BB56DFD4D17E6637776090B06A31AF63.e.6586/click - {}
RESULT: {}
COMMAND: GET /session/612db7fa7930bbb36023b099dfe9ab59/screenshot - {}
RESULT: {}
COMMAND: POST /session/612db7fa7930bbb36023b099dfe9ab59/execute/async - {"script":"<script> [1562 bytes]","args":[{"selector":{"controlType":"sap.m.GenericTile","properties":{"header":"Manage Requests"}},"wdio_ui5_key":"sapm.GenericTile{\"header\":\"Manage Requests\"}"}]}
RESULT: {"script":"<script> [1562 bytes]","args":[{"selector":{"controlType":"sap.m.GenericTile","properties":{"header":"Manage Requests"}},"wdio_ui5_key":"sapm.GenericTile{\"header\":\"Manage Requests\"}"}]}
RESULT: undefined
COMMAND: POST /session/612db7fa7930bbb36023b099dfe9ab59/element - {"using":"xpath","value":"//*[@id=\"__tile47\"]"}
RESULT: {"using":"xpath","value":"//*[@id=\"__tile47\"]"}
COMMAND: POST /session/612db7fa7930bbb36023b099dfe9ab59/element/f.E3CD5E68D1E1B2FCF6DD50D193150CE1.d.BB56DFD4D17E6637776090B06A31AF63.e.6767/click - {}
RESULT: {}
COMMAND: GET /session/612db7fa7930bbb36023b099dfe9ab59/screenshot - {}
RESULT: {}
COMMAND: POST /session/612db7fa7930bbb36023b099dfe9ab59/elements - {"using":"xpath","value":"//span[text()='Error']"}
RESULT: {"using":"xpath","value":"//span[text()='Error']"}
COMMAND: POST /session/612db7fa7930bbb36023b099dfe9ab59/execute/async - {"script":"<script> [1562 bytes]","args":[{"selector":{"controlType":"sap.m.SearchField","viewName":"etm.portal.ui.managerequests.view.Master","bindingPath":{"path":"","propertyPath":"/_BASIC_SEARCH_FIELD","modelName":"fi1t3rM0d31"},"interaction":{"idSuffix":"I"}},"wdio_ui5_key":"etmportal.ui.managerequests.view.Mastersap.m.SearchField{\"path\":\"\",\"propertyPath\":\"/_BASIC_SEARCH_FIELD\",\"modelName\":\"fi1t3rM0d31\"}"}]}
RESULT: {"script":"<script> [1562 bytes]","args":[{"selector":{"controlType":"sap.m.SearchField","viewName":"etm.portal.ui.managerequests.view.Master","bindingPath":{"path":"","propertyPath":"/_BASIC_SEARCH_FIELD","modelName":"fi1t3rM0d31"},"interaction":{"idSuffix":"I"}},"wdio_ui5_key":"etmportal.ui.managerequests.view.Mastersap.m.SearchField{\"path\":\"\",\"propertyPath\":\"/_BASIC_SEARCH_FIELD\",\"modelName\":\"fi1t3rM0d31\"}"}]}
RESULT: undefined
COMMAND: POST /session/612db7fa7930bbb36023b099dfe9ab59/execute/async - {"script":"<script> [776 bytes]","args":[{"enterText":"20111","selector":{"controlType":"sap.m.SearchField","viewName":"etm.portal.ui.managerequests.view.Master","bindingPath":{"path":"","propertyPath":"/_BASIC_SEARCH_FIELD","modelName":"fi1t3rM0d31"},"interaction":{"idSuffix":"I"}},"clearTextFirst":true,"interactionType":"ENTER_TEXT"}]}
RESULT: {"script":"<script> [776 bytes]","args":[{"enterText":"20111","selector":{"controlType":"sap.m.SearchField","viewName":"etm.portal.ui.managerequests.view.Master","bindingPath":{"path":"","propertyPath":"/_BASIC_SEARCH_FIELD","modelName":"fi1t3rM0d31"},"interaction":{"idSuffix":"I"}},"clearTextFirst":true,"interactionType":"ENTER_TEXT"}]}
COMMAND: POST /session/612db7fa7930bbb36023b099dfe9ab59/actions - {"actions":[{"id":"action33","type":"key","parameters":{},"actions":[{"type":"keyDown","value":""},{"type":"pause","duration":10},{"type":"keyUp","value":""}]}]}
RESULT: {"actions":[{"id":"action33","type":"key","parameters":{},"actions":[{"type":"keyDown","value":""},{"type":"pause","duration":10},{"type":"keyUp","value":""}]}]}
COMMAND: GET /session/612db7fa7930bbb36023b099dfe9ab59/screenshot - {}
RESULT: {}
COMMAND: POST /session/612db7fa7930bbb36023b099dfe9ab59/execute/async - {"script":"<script> [1562 bytes]","args":[{"selector":{"controlType":"sap.m.Text","viewName":"etm.portal.ui.managerequests.view.Master","bindingPath":{"path":"/SmartManageRequests('20111')","propertyPath":"NO"}},"wdio_ui5_key":"etmportal.ui.managerequests.view.Mastersap.m.Text{\"path\":\"/SmartManageRequests('20111')\",\"propertyPath\":\"NO\"}"}]}
RESULT: {"script":"<script> [1562 bytes]","args":[{"selector":{"controlType":"sap.m.Text","viewName":"etm.portal.ui.managerequests.view.Master","bindingPath":{"path":"/SmartManageRequests('20111')","propertyPath":"NO"}},"wdio_ui5_key":"etmportal.ui.managerequests.view.Mastersap.m.Text{\"path\":\"/SmartManageRequests('20111')\",\"propertyPath\":\"NO\"}"}]}
RESULT: undefined
COMMAND: POST /session/612db7fa7930bbb36023b099dfe9ab59/element - {"using":"xpath","value":"//*[@id=\"__text463-__clone246\"]"}
RESULT: {"using":"xpath","value":"//*[@id=\"__text463-__clone246\"]"}
COMMAND: POST /session/612db7fa7930bbb36023b099dfe9ab59/element/f.E3CD5E68D1E1B2FCF6DD50D193150CE1.d.BB56DFD4D17E6637776090B06A31AF63.e.6898/click - {}
RESULT: {}
COMMAND: GET /session/612db7fa7930bbb36023b099dfe9ab59/screenshot - {}
RESULT: {}
COMMAND: POST /session/612db7fa7930bbb36023b099dfe9ab59/execute/async - {"script":"<script> [1562 bytes]","args":[{"selector":{"controlType":"sap.ui.core.Icon","viewName":"etm.portal.ui.managerequests.view.Detail","properties":{"src":{"regex":{"source":"slim\\-arrow\\-up"}}}},"wdio_ui5_key":"etmportal.ui.managerequests.view.Detailsap.ui.core.Icon{\"src\":{\"regex\":{\"source\":\"slim\\\\-arrow\\\\-up\"}}}"}]}
RESULT: {"script":"<script> [1562 bytes]","args":[{"selector":{"controlType":"sap.ui.core.Icon","viewName":"etm.portal.ui.managerequests.view.Detail","properties":{"src":{"regex":{"source":"slim\\-arrow\\-up"}}}},"wdio_ui5_key":"etmportal.ui.managerequests.view.Detailsap.ui.core.Icon{\"src\":{\"regex\":{\"source\":\"slim\\\\-arrow\\\\-up\"}}}"}]}
RESULT: undefined
COMMAND: POST /session/612db7fa7930bbb36023b099dfe9ab59/element - {"using":"xpath","value":"//*[@id=\"__xmlview62--detailRequestPage-OPHeaderContent-collapseBtn-img\"]"}
RESULT: {"using":"xpath","value":"//*[@id=\"__xmlview62--detailRequestPage-OPHeaderContent-collapseBtn-img\"]"}
COMMAND: POST /session/612db7fa7930bbb36023b099dfe9ab59/element/f.E3CD5E68D1E1B2FCF6DD50D193150CE1.d.BB56DFD4D17E6637776090B06A31AF63.e.7032/click - {}
RESULT: {}
COMMAND: GET /session/612db7fa7930bbb36023b099dfe9ab59/screenshot - {}
RESULT: {}
COMMAND: POST /session/612db7fa7930bbb36023b099dfe9ab59/execute/async - {"script":"<script> [1562 bytes]","args":[{"selector":{"controlType":"sap.m.Text","viewName":"etm.portal.ui.managerequests.view.Detail","bindingPath":{"path":"/SmartRequestItemsPlanningBoard(ITEM=20m,REQUEST='20111')","propertyPath":"STATUS_DESC"}},"wdio_ui5_key":"etmportal.ui.managerequests.view.Detailsap.m.Text{\"path\":\"/SmartRequestItemsPlanningBoard(ITEM=20m,REQUEST='20111')\",\"propertyPath\":\"STATUS_DESC\"}"}]}
RESULT: {"script":"<script> [1562 bytes]","args":[{"selector":{"controlType":"sap.m.Text","viewName":"etm.portal.ui.managerequests.view.Detail","bindingPath":{"path":"/SmartRequestItemsPlanningBoard(ITEM=20m,REQUEST='20111')","propertyPath":"STATUS_DESC"}},"wdio_ui5_key":"etmportal.ui.managerequests.view.Detailsap.m.Text{\"path\":\"/SmartRequestItemsPlanningBoard(ITEM=20m,REQUEST='20111')\",\"propertyPath\":\"STATUS_DESC\"}"}]}
RESULT: undefined
COMMAND: POST /session/612db7fa7930bbb36023b099dfe9ab59/execute/async - {"script":"<script> [6424 bytes]","args":[{"element-6066-11e4-a52e-4f735466cecf":"f.E3CD5E68D1E1B2FCF6DD50D193150CE1.d.BB56DFD4D17E6637776090B06A31AF63.e.7093"},"getText",[]]}
RESULT: {"script":"<script> [6424 bytes]","args":[{"element-6066-11e4-a52e-4f735466cecf":"f.E3CD5E68D1E1B2FCF6DD50D193150CE1.d.BB56DFD4D17E6637776090B06A31AF63.e.7093"},"getText",[]]}
COMMAND: POST /session/612db7fa7930bbb36023b099dfe9ab59/element - {"using":"css selector","value":"#shell-header-logo"}
RESULT: {"using":"css selector","value":"#shell-header-logo"}
COMMAND: POST /session/612db7fa7930bbb36023b099dfe9ab59/element/f.E3CD5E68D1E1B2FCF6DD50D193150CE1.d.BB56DFD4D17E6637776090B06A31AF63.e.6771/click - {}
RESULT: {}
COMMAND: GET /session/612db7fa7930bbb36023b099dfe9ab59/screenshot - {}
RESULT: {}
]]></system-out>
    </testcase>
  </testsuite>
  <testsuite timestamp="2025-05-25T18:04:59" time="240.837" tests="4" failures="0" errors="0" skipped="0">
    <properties>
      <property name="specId" value="0"/>
      <property name="suiteName" value="Standard contract close-reopen US111278"/>
      <property name="capabilities" value="chrome.136_0_7103_93.windows"/>
      <property name="file" value="file:///D:/a/1/s/test/specs/R2C/standard-contract-close-reopen.spec.js"/>
    </properties>
    <testcase classname="chrome.136_0_7103_93.windows.Standard_contract_close-reopen_US111278" name="Should create a new contract and add an item" time="138.985">
      <system-out><![CDATA[
COMMAND: POST /session/612db7fa7930bbb36023b099dfe9ab59/execute/async - {"script":"<script> [1562 bytes]","args":[{"selector":{"controlType":"sap.m.GenericTile","properties":{"header":"Manage Contracts"}},"wdio_ui5_key":"sapm.GenericTile{\"header\":\"Manage Contracts\"}"}]}
RESULT: {"script":"<script> [1562 bytes]","args":[{"selector":{"controlType":"sap.m.GenericTile","properties":{"header":"Manage Contracts"}},"wdio_ui5_key":"sapm.GenericTile{\"header\":\"Manage Contracts\"}"}]}
RESULT: undefined
COMMAND: POST /session/612db7fa7930bbb36023b099dfe9ab59/element - {"using":"xpath","value":"//*[@id=\"__tile130\"]"}
RESULT: {"using":"xpath","value":"//*[@id=\"__tile130\"]"}
COMMAND: POST /session/612db7fa7930bbb36023b099dfe9ab59/element/f.E3CD5E68D1E1B2FCF6DD50D193150CE1.d.BB56DFD4D17E6637776090B06A31AF63.e.7098/click - {}
RESULT: {}
COMMAND: GET /session/612db7fa7930bbb36023b099dfe9ab59/screenshot - {}
RESULT: {}
COMMAND: POST /session/612db7fa7930bbb36023b099dfe9ab59/elements - {"using":"xpath","value":"//span[text()='Error']"}
RESULT: {"using":"xpath","value":"//span[text()='Error']"}
COMMAND: POST /session/612db7fa7930bbb36023b099dfe9ab59/element - {"using":"xpath","value":"//button[@data-kt=\"addButton\"]"}
RESULT: {"using":"xpath","value":"//button[@data-kt=\"addButton\"]"}
COMMAND: POST /session/612db7fa7930bbb36023b099dfe9ab59/element/f.E3CD5E68D1E1B2FCF6DD50D193150CE1.d.BB56DFD4D17E6637776090B06A31AF63.e.7145/click - {}
RESULT: {}
COMMAND: GET /session/612db7fa7930bbb36023b099dfe9ab59/screenshot - {}
RESULT: {}
COMMAND: POST /session/612db7fa7930bbb36023b099dfe9ab59/execute/async - {"script":"<script> [1562 bytes]","args":[{"selector":{"id":"application-managecontracts-display-component---AddNewContract--projectDescription","interaction":{"idSuffix":"inner"}},"wdio_ui5_key":"applicationmanagecontracts-display-component---AddNewContract--projectDescription"}]}
RESULT: {"script":"<script> [1562 bytes]","args":[{"selector":{"id":"application-managecontracts-display-component---AddNewContract--projectDescription","interaction":{"idSuffix":"inner"}},"wdio_ui5_key":"applicationmanagecontracts-display-component---AddNewContract--projectDescription"}]}
RESULT: undefined
COMMAND: POST /session/612db7fa7930bbb36023b099dfe9ab59/execute/async - {"script":"<script> [776 bytes]","args":[{"enterText":"WdIOR2cey3ic","selector":{"id":"application-managecontracts-display-component---AddNewContract--projectDescription","interaction":{"idSuffix":"inner"}},"clearTextFirst":true,"interactionType":"ENTER_TEXT"}]}
RESULT: {"script":"<script> [776 bytes]","args":[{"enterText":"WdIOR2cey3ic","selector":{"id":"application-managecontracts-display-component---AddNewContract--projectDescription","interaction":{"idSuffix":"inner"}},"clearTextFirst":true,"interactionType":"ENTER_TEXT"}]}
COMMAND: POST /session/612db7fa7930bbb36023b099dfe9ab59/element - {"using":"xpath","value":"//input[@id=\"application-managecontracts-display-component---AddNewContract--yardId-inner\"]"}
RESULT: {"using":"xpath","value":"//input[@id=\"application-managecontracts-display-component---AddNewContract--yardId-inner\"]"}
COMMAND: POST /session/612db7fa7930bbb36023b099dfe9ab59/element/f.E3CD5E68D1E1B2FCF6DD50D193150CE1.d.BB56DFD4D17E6637776090B06A31AF63.e.7411/clear - {}
RESULT: {}
COMMAND: POST /session/612db7fa7930bbb36023b099dfe9ab59/element/f.E3CD5E68D1E1B2FCF6DD50D193150CE1.d.BB56DFD4D17E6637776090B06A31AF63.e.7411/value - {"text":"WebdriverYard90ykt"}
COMMAND: GET /session/612db7fa7930bbb36023b099dfe9ab59/screenshot - {}
RESULT: {"text":"WebdriverYard90ykt"}
COMMAND: GET /session/612db7fa7930bbb36023b099dfe9ab59/screenshot - {}
RESULT: {}
RESULT: {}
COMMAND: POST /session/612db7fa7930bbb36023b099dfe9ab59/actions - {"actions":[{"id":"action34","type":"key","parameters":{},"actions":[{"type":"keyDown","value":""},{"type":"pause","duration":10},{"type":"keyUp","value":""}]}]}
RESULT: {"actions":[{"id":"action34","type":"key","parameters":{},"actions":[{"type":"keyDown","value":""},{"type":"pause","duration":10},{"type":"keyUp","value":""}]}]}
COMMAND: GET /session/612db7fa7930bbb36023b099dfe9ab59/screenshot - {}
RESULT: {}
COMMAND: POST /session/612db7fa7930bbb36023b099dfe9ab59/element - {"using":"xpath","value":"//input[@id=\"application-managecontracts-display-component---AddNewContract--customerSelect-inner\"]"}
RESULT: {"using":"xpath","value":"//input[@id=\"application-managecontracts-display-component---AddNewContract--customerSelect-inner\"]"}
COMMAND: POST /session/612db7fa7930bbb36023b099dfe9ab59/element/f.E3CD5E68D1E1B2FCF6DD50D193150CE1.d.BB56DFD4D17E6637776090B06A31AF63.e.7409/clear - {}
RESULT: {}
COMMAND: POST /session/612db7fa7930bbb36023b099dfe9ab59/element/f.E3CD5E68D1E1B2FCF6DD50D193150CE1.d.BB56DFD4D17E6637776090B06A31AF63.e.7409/value - {"text":"WebdriverPartner0e1vr"}
COMMAND: GET /session/612db7fa7930bbb36023b099dfe9ab59/screenshot - {}
RESULT: {"text":"WebdriverPartner0e1vr"}
COMMAND: GET /session/612db7fa7930bbb36023b099dfe9ab59/screenshot - {}
RESULT: {}
RESULT: {}
COMMAND: POST /session/612db7fa7930bbb36023b099dfe9ab59/actions - {"actions":[{"id":"action35","type":"key","parameters":{},"actions":[{"type":"keyDown","value":""},{"type":"pause","duration":10},{"type":"keyUp","value":""}]}]}
RESULT: {"actions":[{"id":"action35","type":"key","parameters":{},"actions":[{"type":"keyDown","value":""},{"type":"pause","duration":10},{"type":"keyUp","value":""}]}]}
COMMAND: GET /session/612db7fa7930bbb36023b099dfe9ab59/screenshot - {}
RESULT: {}
COMMAND: POST /session/612db7fa7930bbb36023b099dfe9ab59/element - {"using":"xpath","value":"//input[@id=\"application-managecontracts-display-component---AddNewContract--site-inner\"]"}
RESULT: {"using":"xpath","value":"//input[@id=\"application-managecontracts-display-component---AddNewContract--site-inner\"]"}
COMMAND: POST /session/612db7fa7930bbb36023b099dfe9ab59/element/f.E3CD5E68D1E1B2FCF6DD50D193150CE1.d.BB56DFD4D17E6637776090B06A31AF63.e.7410/clear - {}
RESULT: {}
COMMAND: POST /session/612db7fa7930bbb36023b099dfe9ab59/element/f.E3CD5E68D1E1B2FCF6DD50D193150CE1.d.BB56DFD4D17E6637776090B06A31AF63.e.7410/value - {"text":"WebdriverSite3rn05"}
COMMAND: GET /session/612db7fa7930bbb36023b099dfe9ab59/screenshot - {}
RESULT: {"text":"WebdriverSite3rn05"}
COMMAND: GET /session/612db7fa7930bbb36023b099dfe9ab59/screenshot - {}
RESULT: {}
RESULT: {}
COMMAND: POST /session/612db7fa7930bbb36023b099dfe9ab59/actions - {"actions":[{"id":"action36","type":"key","parameters":{},"actions":[{"type":"keyDown","value":""},{"type":"pause","duration":10},{"type":"keyUp","value":""}]}]}
RESULT: {"actions":[{"id":"action36","type":"key","parameters":{},"actions":[{"type":"keyDown","value":""},{"type":"pause","duration":10},{"type":"keyUp","value":""}]}]}
COMMAND: GET /session/612db7fa7930bbb36023b099dfe9ab59/screenshot - {}
RESULT: {}
COMMAND: POST /session/612db7fa7930bbb36023b099dfe9ab59/element - {"using":"xpath","value":"//button[@data-kt=\"saveButton\"]"}
RESULT: {"using":"xpath","value":"//button[@data-kt=\"saveButton\"]"}
COMMAND: POST /session/612db7fa7930bbb36023b099dfe9ab59/element/f.E3CD5E68D1E1B2FCF6DD50D193150CE1.d.BB56DFD4D17E6637776090B06A31AF63.e.7487/click - {}
RESULT: {}
COMMAND: GET /session/612db7fa7930bbb36023b099dfe9ab59/screenshot - {}
RESULT: {}
COMMAND: POST /session/612db7fa7930bbb36023b099dfe9ab59/execute/async - {"script":"<script> [1562 bytes]","args":[{"selector":{"id":"contractDetailTitleNoExpanded","viewName":"etm.portal.ui.managecontracts.view.Detail"},"wdio_ui5_key":"contractDetailTitleNoExpandedetmportal.ui.managecontracts.view.Detail"}]}
RESULT: {"script":"<script> [1562 bytes]","args":[{"selector":{"id":"contractDetailTitleNoExpanded","viewName":"etm.portal.ui.managecontracts.view.Detail"},"wdio_ui5_key":"contractDetailTitleNoExpandedetmportal.ui.managecontracts.view.Detail"}]}
RESULT: undefined
COMMAND: POST /session/612db7fa7930bbb36023b099dfe9ab59/execute/async - {"script":"<script> [6424 bytes]","args":[{"element-6066-11e4-a52e-4f735466cecf":"f.E3CD5E68D1E1B2FCF6DD50D193150CE1.d.BB56DFD4D17E6637776090B06A31AF63.e.7506"},"getText",[]]}
RESULT: {"script":"<script> [6424 bytes]","args":[{"element-6066-11e4-a52e-4f735466cecf":"f.E3CD5E68D1E1B2FCF6DD50D193150CE1.d.BB56DFD4D17E6637776090B06A31AF63.e.7506"},"getText",[]]}
COMMAND: POST /session/612db7fa7930bbb36023b099dfe9ab59/execute/async - {"script":"<script> [1562 bytes]","args":[{"selector":{"id":"closeContractBtn","viewName":"etm.portal.ui.managecontracts.view.Detail"},"wdio_ui5_key":"closeContractBtnetmportal.ui.managecontracts.view.Detail"}]}
RESULT: {"script":"<script> [1562 bytes]","args":[{"selector":{"id":"closeContractBtn","viewName":"etm.portal.ui.managecontracts.view.Detail"},"wdio_ui5_key":"closeContractBtnetmportal.ui.managecontracts.view.Detail"}]}
RESULT: undefined
COMMAND: POST /session/612db7fa7930bbb36023b099dfe9ab59/execute/async - {"script":"<script> [6424 bytes]","args":[{"element-6066-11e4-a52e-4f735466cecf":"f.E3CD5E68D1E1B2FCF6DD50D193150CE1.d.BB56DFD4D17E6637776090B06A31AF63.e.7507"},"getEnabled",[]]}
RESULT: {"script":"<script> [6424 bytes]","args":[{"element-6066-11e4-a52e-4f735466cecf":"f.E3CD5E68D1E1B2FCF6DD50D193150CE1.d.BB56DFD4D17E6637776090B06A31AF63.e.7507"},"getEnabled",[]]}
COMMAND: POST /session/612db7fa7930bbb36023b099dfe9ab59/element - {"using":"xpath","value":"//button[@data-kt=\"contractDetailEditBtnButton\"]"}
RESULT: {"using":"xpath","value":"//button[@data-kt=\"contractDetailEditBtnButton\"]"}
COMMAND: POST /session/612db7fa7930bbb36023b099dfe9ab59/element/f.E3CD5E68D1E1B2FCF6DD50D193150CE1.d.BB56DFD4D17E6637776090B06A31AF63.e.7508/click - {}
RESULT: {}
COMMAND: GET /session/612db7fa7930bbb36023b099dfe9ab59/screenshot - {}
RESULT: {}
COMMAND: POST /session/612db7fa7930bbb36023b099dfe9ab59/element - {"using":"xpath","value":"(//span[contains(text(), \"Additional Addresses\")])[2]"}
RESULT: {"using":"xpath","value":"(//span[contains(text(), \"Additional Addresses\")])[2]"}
COMMAND: POST /session/612db7fa7930bbb36023b099dfe9ab59/element/f.E3CD5E68D1E1B2FCF6DD50D193150CE1.d.BB56DFD4D17E6637776090B06A31AF63.e.7567/click - {}
RESULT: {}
COMMAND: GET /session/612db7fa7930bbb36023b099dfe9ab59/screenshot - {}
RESULT: {}
COMMAND: POST /session/612db7fa7930bbb36023b099dfe9ab59/element - {"using":"xpath","value":"//button[@data-kt=\"btnAddTableRowOverflowToolbarButton\"]"}
RESULT: {"using":"xpath","value":"//button[@data-kt=\"btnAddTableRowOverflowToolbarButton\"]"}
COMMAND: POST /session/612db7fa7930bbb36023b099dfe9ab59/element/f.E3CD5E68D1E1B2FCF6DD50D193150CE1.d.BB56DFD4D17E6637776090B06A31AF63.e.7569/click - {}
RESULT: {}
COMMAND: GET /session/612db7fa7930bbb36023b099dfe9ab59/screenshot - {}
RESULT: {}
COMMAND: POST /session/612db7fa7930bbb36023b099dfe9ab59/element - {"using":"xpath","value":"//div[(text() = 'Standard Entry' or . = 'Standard Entry')]"}
RESULT: {"using":"xpath","value":"//div[(text() = 'Standard Entry' or . = 'Standard Entry')]"}
COMMAND: POST /session/612db7fa7930bbb36023b099dfe9ab59/element/f.E3CD5E68D1E1B2FCF6DD50D193150CE1.d.BB56DFD4D17E6637776090B06A31AF63.e.7571/click - {}
RESULT: {}
COMMAND: POST /session/612db7fa7930bbb36023b099dfe9ab59/element - {"using":"xpath","value":"//td[6]/div/div/input[1]"}
COMMAND: GET /session/612db7fa7930bbb36023b099dfe9ab59/screenshot - {}
RESULT: {"using":"xpath","value":"//td[6]/div/div/input[1]"}
COMMAND: POST /session/612db7fa7930bbb36023b099dfe9ab59/element/f.E3CD5E68D1E1B2FCF6DD50D193150CE1.d.BB56DFD4D17E6637776090B06A31AF63.e.7573/click - {}
RESULT: {}
RESULT: {}
COMMAND: POST /session/612db7fa7930bbb36023b099dfe9ab59/actions - {"actions":[{"id":"action37","type":"key","parameters":{},"actions":[{"type":"keyDown","value":""},{"type":"pause","duration":10},{"type":"keyUp","value":""}]}]}
COMMAND: GET /session/612db7fa7930bbb36023b099dfe9ab59/screenshot - {}
RESULT: {"actions":[{"id":"action37","type":"key","parameters":{},"actions":[{"type":"keyDown","value":""},{"type":"pause","duration":10},{"type":"keyUp","value":""}]}]}
COMMAND: POST /session/612db7fa7930bbb36023b099dfe9ab59/element - {"using":"xpath","value":"//td[6]/div/div/input[1]"}
COMMAND: GET /session/612db7fa7930bbb36023b099dfe9ab59/screenshot - {}
RESULT: {}
RESULT: {"using":"xpath","value":"//td[6]/div/div/input[1]"}
COMMAND: POST /session/612db7fa7930bbb36023b099dfe9ab59/element/f.E3CD5E68D1E1B2FCF6DD50D193150CE1.d.BB56DFD4D17E6637776090B06A31AF63.e.7573/clear - {}
RESULT: {}
RESULT: {}
COMMAND: POST /session/612db7fa7930bbb36023b099dfe9ab59/element/f.E3CD5E68D1E1B2FCF6DD50D193150CE1.d.BB56DFD4D17E6637776090B06A31AF63.e.7573/value - {"text":"Material"}
COMMAND: GET /session/612db7fa7930bbb36023b099dfe9ab59/screenshot - {}
RESULT: {"text":"Material"}
COMMAND: GET /session/612db7fa7930bbb36023b099dfe9ab59/screenshot - {}
RESULT: {}
RESULT: {}
COMMAND: POST /session/612db7fa7930bbb36023b099dfe9ab59/actions - {"actions":[{"id":"action38","type":"key","parameters":{},"actions":[{"type":"keyDown","value":""},{"type":"pause","duration":10},{"type":"keyUp","value":""}]}]}
RESULT: {"actions":[{"id":"action38","type":"key","parameters":{},"actions":[{"type":"keyDown","value":""},{"type":"pause","duration":10},{"type":"keyUp","value":""}]}]}
COMMAND: GET /session/612db7fa7930bbb36023b099dfe9ab59/screenshot - {}
RESULT: {}
COMMAND: POST /session/612db7fa7930bbb36023b099dfe9ab59/actions - {"actions":[{"id":"action39","type":"key","parameters":{},"actions":[{"type":"keyDown","value":""},{"type":"pause","duration":10},{"type":"keyUp","value":""}]}]}
RESULT: {"actions":[{"id":"action39","type":"key","parameters":{},"actions":[{"type":"keyDown","value":""},{"type":"pause","duration":10},{"type":"keyUp","value":""}]}]}
COMMAND: POST /session/612db7fa7930bbb36023b099dfe9ab59/element - {"using":"xpath","value":"//td[7]/div/div/input"}
COMMAND: GET /session/612db7fa7930bbb36023b099dfe9ab59/screenshot - {}
RESULT: {"using":"xpath","value":"//td[7]/div/div/input"}
COMMAND: POST /session/612db7fa7930bbb36023b099dfe9ab59/element/f.E3CD5E68D1E1B2FCF6DD50D193150CE1.d.BB56DFD4D17E6637776090B06A31AF63.e.7586/clear - {}
RESULT: {}
RESULT: {}
COMMAND: POST /session/612db7fa7930bbb36023b099dfe9ab59/element/f.E3CD5E68D1E1B2FCF6DD50D193150CE1.d.BB56DFD4D17E6637776090B06A31AF63.e.7586/value - {"text":"WebdriverRUR2C9eyv5"}
COMMAND: GET /session/612db7fa7930bbb36023b099dfe9ab59/screenshot - {}
RESULT: {"text":"WebdriverRUR2C9eyv5"}
COMMAND: GET /session/612db7fa7930bbb36023b099dfe9ab59/screenshot - {}
RESULT: {}
RESULT: {}
COMMAND: POST /session/612db7fa7930bbb36023b099dfe9ab59/actions - {"actions":[{"id":"action40","type":"key","parameters":{},"actions":[{"type":"keyDown","value":""},{"type":"pause","duration":10},{"type":"keyUp","value":""}]}]}
RESULT: {"actions":[{"id":"action40","type":"key","parameters":{},"actions":[{"type":"keyDown","value":""},{"type":"pause","duration":10},{"type":"keyUp","value":""}]}]}
COMMAND: GET /session/612db7fa7930bbb36023b099dfe9ab59/screenshot - {}
RESULT: {}
COMMAND: POST /session/612db7fa7930bbb36023b099dfe9ab59/actions - {"actions":[{"id":"action41","type":"key","parameters":{},"actions":[{"type":"keyDown","value":""},{"type":"pause","duration":10},{"type":"keyUp","value":""}]}]}
RESULT: {"actions":[{"id":"action41","type":"key","parameters":{},"actions":[{"type":"keyDown","value":""},{"type":"pause","duration":10},{"type":"keyUp","value":""}]}]}
COMMAND: GET /session/612db7fa7930bbb36023b099dfe9ab59/screenshot - {}
RESULT: {}
COMMAND: POST /session/612db7fa7930bbb36023b099dfe9ab59/element - {"using":"xpath","value":"(//button[@data-kt=\"saveButton\"])[2]"}
RESULT: {"using":"xpath","value":"(//button[@data-kt=\"saveButton\"])[2]"}
COMMAND: POST /session/612db7fa7930bbb36023b099dfe9ab59/element/f.E3CD5E68D1E1B2FCF6DD50D193150CE1.d.BB56DFD4D17E6637776090B06A31AF63.e.7612/click - {}
RESULT: {}
COMMAND: GET /session/612db7fa7930bbb36023b099dfe9ab59/screenshot - {}
RESULT: {}
]]></system-out>
    </testcase>
    <testcase classname="chrome.136_0_7103_93.windows.Standard_contract_close-reopen_US111278" name="It should close the contract" time="21.768">
      <system-out><![CDATA[
RESULT: undefined
COMMAND: POST /session/612db7fa7930bbb36023b099dfe9ab59/element - {"using":"xpath","value":"//*[@id=\"__xmlview64--closeContractBtn\"]"}
RESULT: {"using":"xpath","value":"//*[@id=\"__xmlview64--closeContractBtn\"]"}
COMMAND: POST /session/612db7fa7930bbb36023b099dfe9ab59/element/f.E3CD5E68D1E1B2FCF6DD50D193150CE1.d.BB56DFD4D17E6637776090B06A31AF63.e.7507/click - {}
RESULT: {}
COMMAND: GET /session/612db7fa7930bbb36023b099dfe9ab59/screenshot - {}
RESULT: {}
COMMAND: POST /session/612db7fa7930bbb36023b099dfe9ab59/element - {"using":"xpath","value":"//span[contains(text(), \"Do you want to close the whole contract?\")]"}
RESULT: {"using":"xpath","value":"//span[contains(text(), \"Do you want to close the whole contract?\")]"}
COMMAND: POST /session/612db7fa7930bbb36023b099dfe9ab59/execute/sync - {"script":"<script> [8489 bytes]","args":[{"element-6066-11e4-a52e-4f735466cecf":"f.E3CD5E68D1E1B2FCF6DD50D193150CE1.d.BB56DFD4D17E6637776090B06A31AF63.e.7616","ELEMENT":"f.E3CD5E68D1E1B2FCF6DD50D193150CE1.d.BB56DFD4D17E6637776090B06A31AF63.e.7616"}]}
RESULT: {"script":"<script> [8489 bytes]","args":[{"element-6066-11e4-a52e-4f735466cecf":"f.E3CD5E68D1E1B2FCF6DD50D193150CE1.d.BB56DFD4D17E6637776090B06A31AF63.e.7616","ELEMENT":"f.E3CD5E68D1E1B2FCF6DD50D193150CE1.d.BB56DFD4D17E6637776090B06A31AF63.e.7616"}]}
COMMAND: POST /session/612db7fa7930bbb36023b099dfe9ab59/element - {"using":"xpath","value":"//bdi[contains(text(), \"OK\")]"}
COMMAND: GET /session/612db7fa7930bbb36023b099dfe9ab59/screenshot - {}
RESULT: {"using":"xpath","value":"//bdi[contains(text(), \"OK\")]"}
COMMAND: POST /session/612db7fa7930bbb36023b099dfe9ab59/element/f.E3CD5E68D1E1B2FCF6DD50D193150CE1.d.BB56DFD4D17E6637776090B06A31AF63.e.7617/click - {}
RESULT: {}
RESULT: {}
COMMAND: GET /session/612db7fa7930bbb36023b099dfe9ab59/screenshot - {}
RESULT: {}
COMMAND: POST /session/612db7fa7930bbb36023b099dfe9ab59/element - {"using":"xpath","value":"//input[contains(@id ,\"smartContractFilterBar-btnBasicSearch-I\")]"}
RESULT: {"using":"xpath","value":"//input[contains(@id ,\"smartContractFilterBar-btnBasicSearch-I\")]"}
COMMAND: POST /session/612db7fa7930bbb36023b099dfe9ab59/element/f.E3CD5E68D1E1B2FCF6DD50D193150CE1.d.BB56DFD4D17E6637776090B06A31AF63.e.7104/clear - {}
RESULT: {}
COMMAND: POST /session/612db7fa7930bbb36023b099dfe9ab59/element/f.E3CD5E68D1E1B2FCF6DD50D193150CE1.d.BB56DFD4D17E6637776090B06A31AF63.e.7104/value - {"text":"10219"}
COMMAND: GET /session/612db7fa7930bbb36023b099dfe9ab59/screenshot - {}
RESULT: {"text":"10219"}
COMMAND: POST /session/612db7fa7930bbb36023b099dfe9ab59/actions - {"actions":[{"id":"action42","type":"key","parameters":{},"actions":[{"type":"keyDown","value":""},{"type":"pause","duration":10},{"type":"keyUp","value":""}]}]}
COMMAND: GET /session/612db7fa7930bbb36023b099dfe9ab59/screenshot - {}
RESULT: {}
RESULT: {"actions":[{"id":"action42","type":"key","parameters":{},"actions":[{"type":"keyDown","value":""},{"type":"pause","duration":10},{"type":"keyUp","value":""}]}]}
COMMAND: GET /session/612db7fa7930bbb36023b099dfe9ab59/screenshot - {}
RESULT: {}
RESULT: {}
COMMAND: POST /session/612db7fa7930bbb36023b099dfe9ab59/execute/async - {"script":"<script> [1562 bytes]","args":[{"selector":{"controlType":"sap.ui.core.Icon","viewName":"etm.portal.ui.managecontracts.view.Master","properties":{"src":{"regex":{"source":"slim\\-arrow\\-right"}}}},"wdio_ui5_key":"etmportal.ui.managecontracts.view.Mastersap.ui.core.Icon{\"src\":{\"regex\":{\"source\":\"slim\\\\-arrow\\\\-right\"}}}"}]}
RESULT: {"script":"<script> [1562 bytes]","args":[{"selector":{"controlType":"sap.ui.core.Icon","viewName":"etm.portal.ui.managecontracts.view.Master","properties":{"src":{"regex":{"source":"slim\\-arrow\\-right"}}}},"wdio_ui5_key":"etmportal.ui.managecontracts.view.Mastersap.ui.core.Icon{\"src\":{\"regex\":{\"source\":\"slim\\\\-arrow\\\\-right\"}}}"}]}
RESULT: undefined
COMMAND: POST /session/612db7fa7930bbb36023b099dfe9ab59/element - {"using":"xpath","value":"//*[@id=\"__item129-__clone2572-imgNav\"]"}
RESULT: {"using":"xpath","value":"//*[@id=\"__item129-__clone2572-imgNav\"]"}
COMMAND: POST /session/612db7fa7930bbb36023b099dfe9ab59/element/f.E3CD5E68D1E1B2FCF6DD50D193150CE1.d.BB56DFD4D17E6637776090B06A31AF63.e.7822/click - {}
RESULT: {}
COMMAND: POST /session/612db7fa7930bbb36023b099dfe9ab59/execute/async - {"script":"<script> [1562 bytes]","args":[{"selector":{"controlType":"sap.m.ObjectStatus","viewName":"etm.portal.ui.managecontracts.view.Detail","bindingPath":{"propertyPath":"LINK_TO_LOGISTICAL_STATUS/DESCRIPTION","modelName":"catalogModel"}},"wdio_ui5_key":"etmportal.ui.managecontracts.view.Detailsap.m.ObjectStatus{\"propertyPath\":\"LINK_TO_LOGISTICAL_STATUS/DESCRIPTION\",\"modelName\":\"catalogModel\"}"}]}
COMMAND: GET /session/612db7fa7930bbb36023b099dfe9ab59/screenshot - {}
RESULT: {"script":"<script> [1562 bytes]","args":[{"selector":{"controlType":"sap.m.ObjectStatus","viewName":"etm.portal.ui.managecontracts.view.Detail","bindingPath":{"propertyPath":"LINK_TO_LOGISTICAL_STATUS/DESCRIPTION","modelName":"catalogModel"}},"wdio_ui5_key":"etmportal.ui.managecontracts.view.Detailsap.m.ObjectStatus{\"propertyPath\":\"LINK_TO_LOGISTICAL_STATUS/DESCRIPTION\",\"modelName\":\"catalogModel\"}"}]}
RESULT: undefined
COMMAND: POST /session/612db7fa7930bbb36023b099dfe9ab59/execute/async - {"script":"<script> [6424 bytes]","args":[{"element-6066-11e4-a52e-4f735466cecf":"f.E3CD5E68D1E1B2FCF6DD50D193150CE1.d.BB56DFD4D17E6637776090B06A31AF63.e.7864"},"getText",[]]}
RESULT: {}
RESULT: {"script":"<script> [6424 bytes]","args":[{"element-6066-11e4-a52e-4f735466cecf":"f.E3CD5E68D1E1B2FCF6DD50D193150CE1.d.BB56DFD4D17E6637776090B06A31AF63.e.7864"},"getText",[]]}
]]></system-out>
    </testcase>
    <testcase classname="chrome.136_0_7103_93.windows.Standard_contract_close-reopen_US111278" name="Should reopen the contract" time="9.83">
      <system-out><![CDATA[
COMMAND: POST /session/612db7fa7930bbb36023b099dfe9ab59/execute/async - {"script":"<script> [1562 bytes]","args":[{"selector":{"id":"openContractBtn","viewName":"etm.portal.ui.managecontracts.view.Detail"},"wdio_ui5_key":"openContractBtnetmportal.ui.managecontracts.view.Detail"}]}
RESULT: {"script":"<script> [1562 bytes]","args":[{"selector":{"id":"openContractBtn","viewName":"etm.portal.ui.managecontracts.view.Detail"},"wdio_ui5_key":"openContractBtnetmportal.ui.managecontracts.view.Detail"}]}
RESULT: undefined
COMMAND: POST /session/612db7fa7930bbb36023b099dfe9ab59/execute/async - {"script":"<script> [6424 bytes]","args":[{"element-6066-11e4-a52e-4f735466cecf":"f.E3CD5E68D1E1B2FCF6DD50D193150CE1.d.BB56DFD4D17E6637776090B06A31AF63.e.7842"},"getEnabled",[]]}
RESULT: {"script":"<script> [6424 bytes]","args":[{"element-6066-11e4-a52e-4f735466cecf":"f.E3CD5E68D1E1B2FCF6DD50D193150CE1.d.BB56DFD4D17E6637776090B06A31AF63.e.7842"},"getEnabled",[]]}
COMMAND: POST /session/612db7fa7930bbb36023b099dfe9ab59/element - {"using":"xpath","value":"//bdi[contains(text(), \"Edit\")]"}
RESULT: {"using":"xpath","value":"//bdi[contains(text(), \"Edit\")]"}
COMMAND: POST /session/612db7fa7930bbb36023b099dfe9ab59/element - {"using":"xpath","value":"//bdi[contains(text(), \"Edit\")]"}
RESULT: undefined
COMMAND: POST /session/612db7fa7930bbb36023b099dfe9ab59/element - {"using":"xpath","value":"//*[@id=\"__xmlview64--openContractBtn\"]"}
RESULT: {"using":"xpath","value":"//bdi[contains(text(), \"Edit\")]"}
RESULT: {"using":"xpath","value":"//*[@id=\"__xmlview64--openContractBtn\"]"}
COMMAND: POST /session/612db7fa7930bbb36023b099dfe9ab59/element/f.E3CD5E68D1E1B2FCF6DD50D193150CE1.d.BB56DFD4D17E6637776090B06A31AF63.e.7842/click - {}
RESULT: {}
COMMAND: POST /session/612db7fa7930bbb36023b099dfe9ab59/execute/async - {"script":"<script> [1562 bytes]","args":[{"selector":{"controlType":"sap.m.Text","properties":{"text":"Contract has been reopened successfully"},"searchOpenDialogs":true},"wdio_ui5_key":"sapm.Text{\"text\":\"Contract has been reopened successfully\"}"}]}
COMMAND: GET /session/612db7fa7930bbb36023b099dfe9ab59/screenshot - {}
RESULT: {"script":"<script> [1562 bytes]","args":[{"selector":{"controlType":"sap.m.Text","properties":{"text":"Contract has been reopened successfully"},"searchOpenDialogs":true},"wdio_ui5_key":"sapm.Text{\"text\":\"Contract has been reopened successfully\"}"}]}
RESULT: undefined
COMMAND: POST /session/612db7fa7930bbb36023b099dfe9ab59/execute/async - {"script":"<script> [6424 bytes]","args":[{"element-6066-11e4-a52e-4f735466cecf":"f.E3CD5E68D1E1B2FCF6DD50D193150CE1.d.BB56DFD4D17E6637776090B06A31AF63.e.7867"},"getText",[]]}
RESULT: {}
RESULT: {"script":"<script> [6424 bytes]","args":[{"element-6066-11e4-a52e-4f735466cecf":"f.E3CD5E68D1E1B2FCF6DD50D193150CE1.d.BB56DFD4D17E6637776090B06A31AF63.e.7867"},"getText",[]]}
COMMAND: POST /session/612db7fa7930bbb36023b099dfe9ab59/element - {"using":"xpath","value":"//bdi[contains(text(), \"OK\")]"}
RESULT: {"using":"xpath","value":"//bdi[contains(text(), \"OK\")]"}
COMMAND: POST /session/612db7fa7930bbb36023b099dfe9ab59/element/f.E3CD5E68D1E1B2FCF6DD50D193150CE1.d.BB56DFD4D17E6637776090B06A31AF63.e.7868/click - {}
RESULT: {}
COMMAND: GET /session/612db7fa7930bbb36023b099dfe9ab59/screenshot - {}
RESULT: {}
COMMAND: POST /session/612db7fa7930bbb36023b099dfe9ab59/element - {"using":"xpath","value":"//bdi[contains(text(), \"Edit\")]"}
RESULT: undefined
COMMAND: POST /session/612db7fa7930bbb36023b099dfe9ab59/execute/async - {"script":"<script> [6424 bytes]","args":[{"element-6066-11e4-a52e-4f735466cecf":"f.E3CD5E68D1E1B2FCF6DD50D193150CE1.d.BB56DFD4D17E6637776090B06A31AF63.e.7507"},"getEnabled",[]]}
RESULT: {"using":"xpath","value":"//bdi[contains(text(), \"Edit\")]"}
COMMAND: POST /session/612db7fa7930bbb36023b099dfe9ab59/execute/sync - {"script":"<script> [8489 bytes]","args":[{"element-6066-11e4-a52e-4f735466cecf":"f.E3CD5E68D1E1B2FCF6DD50D193150CE1.d.BB56DFD4D17E6637776090B06A31AF63.e.7869","ELEMENT":"f.E3CD5E68D1E1B2FCF6DD50D193150CE1.d.BB56DFD4D17E6637776090B06A31AF63.e.7869"}]}
COMMAND: POST /session/612db7fa7930bbb36023b099dfe9ab59/execute/async - {"script":"<script> [1562 bytes]","args":[{"selector":{"id":"closeContractBtn","viewName":"etm.portal.ui.managecontracts.view.Detail"},"wdio_ui5_key":"closeContractBtnetmportal.ui.managecontracts.view.Detail"}]}
RESULT: {"script":"<script> [8489 bytes]","args":[{"element-6066-11e4-a52e-4f735466cecf":"f.E3CD5E68D1E1B2FCF6DD50D193150CE1.d.BB56DFD4D17E6637776090B06A31AF63.e.7869","ELEMENT":"f.E3CD5E68D1E1B2FCF6DD50D193150CE1.d.BB56DFD4D17E6637776090B06A31AF63.e.7869"}]}
COMMAND: GET /session/612db7fa7930bbb36023b099dfe9ab59/screenshot - {}
RESULT: {"script":"<script> [1562 bytes]","args":[{"selector":{"id":"closeContractBtn","viewName":"etm.portal.ui.managecontracts.view.Detail"},"wdio_ui5_key":"closeContractBtnetmportal.ui.managecontracts.view.Detail"}]}
COMMAND: POST /session/612db7fa7930bbb36023b099dfe9ab59/execute/async - {"script":"<script> [6424 bytes]","args":[{"element-6066-11e4-a52e-4f735466cecf":"f.E3CD5E68D1E1B2FCF6DD50D193150CE1.d.BB56DFD4D17E6637776090B06A31AF63.e.7870"},"getEnabled",[]]}
RESULT: {}
RESULT: {"script":"<script> [6424 bytes]","args":[{"element-6066-11e4-a52e-4f735466cecf":"f.E3CD5E68D1E1B2FCF6DD50D193150CE1.d.BB56DFD4D17E6637776090B06A31AF63.e.7870"},"getEnabled",[]]}
]]></system-out>
    </testcase>
    <testcase classname="chrome.136_0_7103_93.windows.Standard_contract_close-reopen_US111278" name="Should verify for multiple statuses that open button is not visible" time="66.582">
      <system-out><![CDATA[
COMMAND: POST /session/612db7fa7930bbb36023b099dfe9ab59/execute/async - {"script":"<script> [1562 bytes]","args":[{"selector":{"controlType":"sap.ui.core.Icon","viewName":"etm.portal.ui.managecontracts.view.Detail","properties":{"src":{"regex":{"source":"decline"}}}},"wdio_ui5_key":"etmportal.ui.managecontracts.view.Detailsap.ui.core.Icon{\"src\":{\"regex\":{\"source\":\"decline\"}}}"}]}
RESULT: {"script":"<script> [1562 bytes]","args":[{"selector":{"controlType":"sap.ui.core.Icon","viewName":"etm.portal.ui.managecontracts.view.Detail","properties":{"src":{"regex":{"source":"decline"}}}},"wdio_ui5_key":"etmportal.ui.managecontracts.view.Detailsap.ui.core.Icon{\"src\":{\"regex\":{\"source\":\"decline\"}}}"}]}
RESULT: undefined
COMMAND: POST /session/612db7fa7930bbb36023b099dfe9ab59/element - {"using":"xpath","value":"//*[@id=\"__xmlview64--closeColumnBtn-img\"]"}
RESULT: {"using":"xpath","value":"//*[@id=\"__xmlview64--closeColumnBtn-img\"]"}
COMMAND: POST /session/612db7fa7930bbb36023b099dfe9ab59/element/f.E3CD5E68D1E1B2FCF6DD50D193150CE1.d.BB56DFD4D17E6637776090B06A31AF63.e.7839/click - {}
RESULT: {}
COMMAND: GET /session/612db7fa7930bbb36023b099dfe9ab59/screenshot - {}
COMMAND: POST /session/612db7fa7930bbb36023b099dfe9ab59/element - {"using":"xpath","value":"//div[contains(@id ,\"smartContractFilterBar-btnBasicSearch-reset\")]"}
RESULT: {}
RESULT: {"using":"xpath","value":"//div[contains(@id ,\"smartContractFilterBar-btnBasicSearch-reset\")]"}
COMMAND: POST /session/612db7fa7930bbb36023b099dfe9ab59/element/f.E3CD5E68D1E1B2FCF6DD50D193150CE1.d.BB56DFD4D17E6637776090B06A31AF63.e.7863/click - {}
RESULT: {}
COMMAND: GET /session/612db7fa7930bbb36023b099dfe9ab59/screenshot - {}
RESULT: {}
COMMAND: POST /session/612db7fa7930bbb36023b099dfe9ab59/execute/async - {"script":"<script> [1562 bytes]","args":[{"selector":{"controlType":"sap.ui.core.Icon","viewName":"etm.portal.ui.managecontracts.view.Master","properties":{"src":{"regex":{"source":"slim\\-arrow\\-down"}}},"ancestor":{"id":"smartContractStatusFilter","viewName":"etm.portal.ui.managecontracts.view.Master"}},"wdio_ui5_key":"etmportal.ui.managecontracts.view.Mastersap.ui.core.Icon{\"src\":{\"regex\":{\"source\":\"slim\\\\-arrow\\\\-down\"}}}{\"id\":\"smartContractStatusFilter\",\"viewName\":\"etm.portal.ui.managecontracts.view.Master\"}"}]}
RESULT: {"script":"<script> [1562 bytes]","args":[{"selector":{"controlType":"sap.ui.core.Icon","viewName":"etm.portal.ui.managecontracts.view.Master","properties":{"src":{"regex":{"source":"slim\\-arrow\\-down"}}},"ancestor":{"id":"smartContractStatusFilter","viewName":"etm.portal.ui.managecontracts.view.Master"}},"wdio_ui5_key":"etmportal.ui.managecontracts.view.Mastersap.ui.core.Icon{\"src\":{\"regex\":{\"source\":\"slim\\\\-arrow\\\\-down\"}}}{\"id\":\"smartContractStatusFilter\",\"viewName\":\"etm.portal.ui.managecontracts.view.Master\"}"}]}
RESULT: undefined
COMMAND: POST /session/612db7fa7930bbb36023b099dfe9ab59/element - {"using":"xpath","value":"//*[@id=\"__xmlview63--smartContractStatusFilter-arrow\"]"}
RESULT: {"using":"xpath","value":"//*[@id=\"__xmlview63--smartContractStatusFilter-arrow\"]"}
COMMAND: POST /session/612db7fa7930bbb36023b099dfe9ab59/element/f.E3CD5E68D1E1B2FCF6DD50D193150CE1.d.BB56DFD4D17E6637776090B06A31AF63.e.7916/click - {}
RESULT: {}
COMMAND: POST /session/612db7fa7930bbb36023b099dfe9ab59/execute/async - {"script":"<script> [1562 bytes]","args":[{"selector":{"controlType":"sap.m.CheckBox","viewName":"etm.portal.ui.managecontracts.view.Master","properties":{"editable":true},"searchOpenDialogs":true,"ancestor":{"controlType":"sap.m.StandardListItem","viewName":"etm.portal.ui.managecontracts.view.Master","properties":{"title":"partial provided"},"searchOpenDialogs":true},"interaction":{"idSuffix":"CbBg"}},"wdio_ui5_key":"etmportal.ui.managecontracts.view.Mastersap.m.CheckBox{\"editable\":true}{\"controlType\":\"sap.m.StandardListItem\",\"viewName\":\"etm.portal.ui.managecontracts.view.Master\",\"properties\":{\"title\":\"partial provided\"},\"searchOpenDialogs\":true}"}]}
COMMAND: GET /session/612db7fa7930bbb36023b099dfe9ab59/screenshot - {}
RESULT: {"script":"<script> [1562 bytes]","args":[{"selector":{"controlType":"sap.m.CheckBox","viewName":"etm.portal.ui.managecontracts.view.Master","properties":{"editable":true},"searchOpenDialogs":true,"ancestor":{"controlType":"sap.m.StandardListItem","viewName":"etm.portal.ui.managecontracts.view.Master","properties":{"title":"partial provided"},"searchOpenDialogs":true},"interaction":{"idSuffix":"CbBg"}},"wdio_ui5_key":"etmportal.ui.managecontracts.view.Mastersap.m.CheckBox{\"editable\":true}{\"controlType\":\"sap.m.StandardListItem\",\"viewName\":\"etm.portal.ui.managecontracts.view.Master\",\"properties\":{\"title\":\"partial provided\"},\"searchOpenDialogs\":true}"}]}
RESULT: undefined
COMMAND: POST /session/612db7fa7930bbb36023b099dfe9ab59/element - {"using":"xpath","value":"//*[@id=\"__item897-selectMulti\"]"}
RESULT: {}
RESULT: {"using":"xpath","value":"//*[@id=\"__item897-selectMulti\"]"}
COMMAND: POST /session/612db7fa7930bbb36023b099dfe9ab59/element/f.E3CD5E68D1E1B2FCF6DD50D193150CE1.d.BB56DFD4D17E6637776090B06A31AF63.e.7926/click - {}
RESULT: {}
COMMAND: GET /session/612db7fa7930bbb36023b099dfe9ab59/screenshot - {}
RESULT: {}
COMMAND: POST /session/612db7fa7930bbb36023b099dfe9ab59/element - {"using":"xpath","value":"(//span[contains(@title ,\"Navigation\")])[2]"}
RESULT: {"using":"xpath","value":"(//span[contains(@title ,\"Navigation\")])[2]"}
COMMAND: POST /session/612db7fa7930bbb36023b099dfe9ab59/element/f.E3CD5E68D1E1B2FCF6DD50D193150CE1.d.BB56DFD4D17E6637776090B06A31AF63.e.7956/click - {}
RESULT: {}
COMMAND: GET /session/612db7fa7930bbb36023b099dfe9ab59/screenshot - {}
RESULT: {}
COMMAND: POST /session/612db7fa7930bbb36023b099dfe9ab59/element - {"using":"xpath","value":"//bdi[contains(@id ,\"closeContractBtn-BDI-content\")]"}
RESULT: {"using":"xpath","value":"//bdi[contains(@id ,\"closeContractBtn-BDI-content\")]"}
COMMAND: POST /session/612db7fa7930bbb36023b099dfe9ab59/execute/sync - {"script":"<script> [8489 bytes]","args":[{"element-6066-11e4-a52e-4f735466cecf":"f.E3CD5E68D1E1B2FCF6DD50D193150CE1.d.BB56DFD4D17E6637776090B06A31AF63.e.8143","ELEMENT":"f.E3CD5E68D1E1B2FCF6DD50D193150CE1.d.BB56DFD4D17E6637776090B06A31AF63.e.8143"}]}
RESULT: undefined
COMMAND: POST /session/612db7fa7930bbb36023b099dfe9ab59/element - {"using":"xpath","value":"//*[@id=\"__xmlview64--closeColumnBtn-img\"]"}
RESULT: {"script":"<script> [8489 bytes]","args":[{"element-6066-11e4-a52e-4f735466cecf":"f.E3CD5E68D1E1B2FCF6DD50D193150CE1.d.BB56DFD4D17E6637776090B06A31AF63.e.8143","ELEMENT":"f.E3CD5E68D1E1B2FCF6DD50D193150CE1.d.BB56DFD4D17E6637776090B06A31AF63.e.8143"}]}
COMMAND: GET /session/612db7fa7930bbb36023b099dfe9ab59/screenshot - {}
RESULT: {"using":"xpath","value":"//*[@id=\"__xmlview64--closeColumnBtn-img\"]"}
COMMAND: POST /session/612db7fa7930bbb36023b099dfe9ab59/element/f.E3CD5E68D1E1B2FCF6DD50D193150CE1.d.BB56DFD4D17E6637776090B06A31AF63.e.7839/click - {}
RESULT: {}
COMMAND: POST /session/612db7fa7930bbb36023b099dfe9ab59/execute/sync - {"script":"<script> [8489 bytes]","args":[{"element-6066-11e4-a52e-4f735466cecf":"f.E3CD5E68D1E1B2FCF6DD50D193150CE1.d.BB56DFD4D17E6637776090B06A31AF63.e.8143","ELEMENT":"f.E3CD5E68D1E1B2FCF6DD50D193150CE1.d.BB56DFD4D17E6637776090B06A31AF63.e.8143"}]}
RESULT: {}
COMMAND: GET /session/612db7fa7930bbb36023b099dfe9ab59/screenshot - {}
RESULT: {"script":"<script> [8489 bytes]","args":[{"element-6066-11e4-a52e-4f735466cecf":"f.E3CD5E68D1E1B2FCF6DD50D193150CE1.d.BB56DFD4D17E6637776090B06A31AF63.e.8143","ELEMENT":"f.E3CD5E68D1E1B2FCF6DD50D193150CE1.d.BB56DFD4D17E6637776090B06A31AF63.e.8143"}]}
COMMAND: GET /session/612db7fa7930bbb36023b099dfe9ab59/screenshot - {}
COMMAND: POST /session/612db7fa7930bbb36023b099dfe9ab59/execute/sync - {"script":"<script> [8489 bytes]","args":[{"element-6066-11e4-a52e-4f735466cecf":"f.E3CD5E68D1E1B2FCF6DD50D193150CE1.d.BB56DFD4D17E6637776090B06A31AF63.e.8143","ELEMENT":"f.E3CD5E68D1E1B2FCF6DD50D193150CE1.d.BB56DFD4D17E6637776090B06A31AF63.e.8143"}]}
COMMAND: POST /session/612db7fa7930bbb36023b099dfe9ab59/refresh - {}
RESULT: {}
RESULT: {}
RESULT: {"script":"<script> [8489 bytes]","args":[{"element-6066-11e4-a52e-4f735466cecf":"f.E3CD5E68D1E1B2FCF6DD50D193150CE1.d.BB56DFD4D17E6637776090B06A31AF63.e.8143","ELEMENT":"f.E3CD5E68D1E1B2FCF6DD50D193150CE1.d.BB56DFD4D17E6637776090B06A31AF63.e.8143"}]}
COMMAND: GET /session/612db7fa7930bbb36023b099dfe9ab59/screenshot - {}
RESULT: {}
COMMAND: GET /session/612db7fa7930bbb36023b099dfe9ab59/screenshot - {}
RESULT: {}
RESULT: {}
COMMAND: POST /session/612db7fa7930bbb36023b099dfe9ab59/execute/async - {"script":"<script> [189 bytes]","args":[]}
RESULT: {"script":"<script> [189 bytes]","args":[]}
COMMAND: POST /session/612db7fa7930bbb36023b099dfe9ab59/execute/async - {"script":"<script> [123 bytes]","args":[]}
RESULT: {"script":"<script> [123 bytes]","args":[]}
COMMAND: POST /session/612db7fa7930bbb36023b099dfe9ab59/timeouts - {"script":"<number>"}
RESULT: {"script":"<number>"}
COMMAND: GET /session/612db7fa7930bbb36023b099dfe9ab59/timeouts - {}
RESULT: {}
RESULT: undefined
COMMAND: POST /session/612db7fa7930bbb36023b099dfe9ab59/execute/async - {"script":"<script> [2676 bytes]","args":[]}
RESULT: {"script":"<script> [2676 bytes]","args":[]}
COMMAND: POST /session/612db7fa7930bbb36023b099dfe9ab59/execute/async - {"script":"<script> [2342 bytes]","args":[{"protocol":"http","hostname":"0.0.0.0","path":"/","capabilities":{"browserName":"chrome","goog:chromeOptions":{"binary":"C:\\Program Files\\Google\\Chrome\\Application\\chrome.exe","args":["--start-maximized"]}},"logLevel":"warn","connectionRetryTimeout":120000,"connectionRetryCount":3,"logLevels":{},"enableDirectConnect":true,"strictSSL":true,"_":"65 more keys: [\"cacheDir\",\"port\",\"requestedCapabilities\",\"automationProtocol\",\"baseUrl\",\"waitforInterval\",\"waitforTimeout\",\"onReload\",\"beforeCommand\",\"afterCommand\",\"rootDir\",\"specs\",\"suites\",\"exclude\",\"groupLogsByTestSpec\",\"excludeDriverLogs\",\"bail\",\"framework\",\"reporters\",\"services\",\"maxInstances\",\"maxInstancesPerCapability\",\"injectGlobals\",\"filesToWatch\",\"execArgv\",\"runnerEnv\",\"runner\",\"shard\",\"specFileRetries\",\"specFileRetriesDelay\",\"specFileRetriesDeferred\",\"reporterSyncInterval\",\"reporterSyncTimeout\",\"cucumberFeaturesWithLineNumbers\",\"autoCompileOpts\",\"mochaOpts\",\"jasmineOpts\",\"cucumberOpts\",\"onPrepare\",\"onWorkerStart\",\"onWorkerEnd\",\"before\",\"beforeSession\",\"beforeSuite\",\"beforeHook\",\"beforeTest\",\"afterTest\",\"afterHook\",\"afterSuite\",\"afterSession\",\"after\",\"onComplete\",\"beforeAssertion\",\"afterAssertion\",\"beforeFeature\",\"beforeScenario\",\"beforeStep\",\"afterStep\",\"afterScenario\",\"afterFeature\",\"_\",\"suite\",\"$0\",\"ignoredWorkerServices\",\"wdi5\"]"}]}
RESULT: {"script":"<script> [2342 bytes]","args":[{"protocol":"http","hostname":"0.0.0.0","path":"/","capabilities":{"browserName":"chrome","goog:chromeOptions":{"binary":"C:\\Program Files\\Google\\Chrome\\Application\\chrome.exe","args":["--start-maximized"]}},"logLevel":"warn","connectionRetryTimeout":120000,"connectionRetryCount":3,"logLevels":{},"enableDirectConnect":true,"strictSSL":true,"_":"65 more keys: [\"cacheDir\",\"port\",\"requestedCapabilities\",\"automationProtocol\",\"baseUrl\",\"waitforInterval\",\"waitforTimeout\",\"onReload\",\"beforeCommand\",\"afterCommand\",\"rootDir\",\"specs\",\"suites\",\"exclude\",\"groupLogsByTestSpec\",\"excludeDriverLogs\",\"bail\",\"framework\",\"reporters\",\"services\",\"maxInstances\",\"maxInstancesPerCapability\",\"injectGlobals\",\"filesToWatch\",\"execArgv\",\"runnerEnv\",\"runner\",\"shard\",\"specFileRetries\",\"specFileRetriesDelay\",\"specFileRetriesDeferred\",\"reporterSyncInterval\",\"reporterSyncTimeout\",\"cucumberFeaturesWithLineNumbers\",\"autoCompileOpts\",\"mochaOpts\",\"jasmineOpts\",\"cucumberOpts\",\"onPrepare\",\"onWorkerStart\",\"onWorkerEnd\",\"before\",\"beforeSession\",\"beforeSuite\",\"beforeHook\",\"beforeTest\",\"afterTest\",\"afterHook\",\"afterSuite\",\"afterSession\",\"after\",\"onComplete\",\"beforeAssertion\",\"afterAssertion\",\"beforeFeature\",\"beforeScenario\",\"beforeStep\",\"afterStep\",\"afterScenario\",\"afterFeature\",\"_\",\"suite\",\"$0\",\"ignoredWorkerServices\",\"wdi5\"]"}]}
COMMAND: POST /session/612db7fa7930bbb36023b099dfe9ab59/execute/async - {"script":"<script> [21126 bytes]","args":[35000]}
RESULT: {"script":"<script> [21126 bytes]","args":[35000]}
COMMAND: POST /session/612db7fa7930bbb36023b099dfe9ab59/execute/async - {"script":"<script> [1562 bytes]","args":[{"selector":{"controlType":"sap.ui.core.Icon","viewName":"etm.portal.ui.managecontracts.view.Master","properties":{"src":{"regex":{"source":"slim\\-arrow\\-down"}}},"ancestor":{"id":"smartContractStatusFilter","viewName":"etm.portal.ui.managecontracts.view.Master"}},"wdio_ui5_key":"etmportal.ui.managecontracts.view.Mastersap.ui.core.Icon{\"src\":{\"regex\":{\"source\":\"slim\\\\-arrow\\\\-down\"}}}{\"id\":\"smartContractStatusFilter\",\"viewName\":\"etm.portal.ui.managecontracts.view.Master\"}"}]}
RESULT: {"script":"<script> [1562 bytes]","args":[{"selector":{"controlType":"sap.ui.core.Icon","viewName":"etm.portal.ui.managecontracts.view.Master","properties":{"src":{"regex":{"source":"slim\\-arrow\\-down"}}},"ancestor":{"id":"smartContractStatusFilter","viewName":"etm.portal.ui.managecontracts.view.Master"}},"wdio_ui5_key":"etmportal.ui.managecontracts.view.Mastersap.ui.core.Icon{\"src\":{\"regex\":{\"source\":\"slim\\\\-arrow\\\\-down\"}}}{\"id\":\"smartContractStatusFilter\",\"viewName\":\"etm.portal.ui.managecontracts.view.Master\"}"}]}
RESULT: undefined
COMMAND: POST /session/612db7fa7930bbb36023b099dfe9ab59/element - {"using":"xpath","value":"//*[@id=\"__xmlview0--smartContractStatusFilter-arrow\"]"}
RESULT: {"using":"xpath","value":"//*[@id=\"__xmlview0--smartContractStatusFilter-arrow\"]"}
COMMAND: POST /session/612db7fa7930bbb36023b099dfe9ab59/element/f.E3CD5E68D1E1B2FCF6DD50D193150CE1.d.206EA51FDA451DCB51920B39BE4A181B.e.8390/click - {}
RESULT: {}
COMMAND: GET /session/612db7fa7930bbb36023b099dfe9ab59/screenshot - {}
RESULT: {}
COMMAND: POST /session/612db7fa7930bbb36023b099dfe9ab59/execute/async - {"script":"<script> [1562 bytes]","args":[{"selector":{"controlType":"sap.m.CheckBox","viewName":"etm.portal.ui.managecontracts.view.Master","properties":{"editable":true},"searchOpenDialogs":true,"ancestor":{"controlType":"sap.m.StandardListItem","viewName":"etm.portal.ui.managecontracts.view.Master","properties":{"title":"partial billed"},"searchOpenDialogs":true},"interaction":{"idSuffix":"CbBg"}},"wdio_ui5_key":"etmportal.ui.managecontracts.view.Mastersap.m.CheckBox{\"editable\":true}{\"controlType\":\"sap.m.StandardListItem\",\"viewName\":\"etm.portal.ui.managecontracts.view.Master\",\"properties\":{\"title\":\"partial billed\"},\"searchOpenDialogs\":true}"}]}
RESULT: {"script":"<script> [1562 bytes]","args":[{"selector":{"controlType":"sap.m.CheckBox","viewName":"etm.portal.ui.managecontracts.view.Master","properties":{"editable":true},"searchOpenDialogs":true,"ancestor":{"controlType":"sap.m.StandardListItem","viewName":"etm.portal.ui.managecontracts.view.Master","properties":{"title":"partial billed"},"searchOpenDialogs":true},"interaction":{"idSuffix":"CbBg"}},"wdio_ui5_key":"etmportal.ui.managecontracts.view.Mastersap.m.CheckBox{\"editable\":true}{\"controlType\":\"sap.m.StandardListItem\",\"viewName\":\"etm.portal.ui.managecontracts.view.Master\",\"properties\":{\"title\":\"partial billed\"},\"searchOpenDialogs\":true}"}]}
RESULT: undefined
COMMAND: POST /session/612db7fa7930bbb36023b099dfe9ab59/element - {"using":"xpath","value":"//*[@id=\"__item41-selectMulti\"]"}
RESULT: {"using":"xpath","value":"//*[@id=\"__item41-selectMulti\"]"}
COMMAND: POST /session/612db7fa7930bbb36023b099dfe9ab59/element/f.E3CD5E68D1E1B2FCF6DD50D193150CE1.d.206EA51FDA451DCB51920B39BE4A181B.e.8399/click - {}
RESULT: {}
COMMAND: GET /session/612db7fa7930bbb36023b099dfe9ab59/screenshot - {}
RESULT: {}
COMMAND: POST /session/612db7fa7930bbb36023b099dfe9ab59/element - {"using":"xpath","value":"(//span[contains(@title ,\"Navigation\")])[2]"}
RESULT: {"using":"xpath","value":"(//span[contains(@title ,\"Navigation\")])[2]"}
COMMAND: POST /session/612db7fa7930bbb36023b099dfe9ab59/element/f.E3CD5E68D1E1B2FCF6DD50D193150CE1.d.206EA51FDA451DCB51920B39BE4A181B.e.8435/click - {}
RESULT: {}
COMMAND: GET /session/612db7fa7930bbb36023b099dfe9ab59/screenshot - {}
RESULT: {}
COMMAND: POST /session/612db7fa7930bbb36023b099dfe9ab59/execute/sync - {"script":"<script> [8489 bytes]","args":[{"element-6066-11e4-a52e-4f735466cecf":"f.E3CD5E68D1E1B2FCF6DD50D193150CE1.d.BB56DFD4D17E6637776090B06A31AF63.e.8143","ELEMENT":"f.E3CD5E68D1E1B2FCF6DD50D193150CE1.d.BB56DFD4D17E6637776090B06A31AF63.e.8143"}]}
COMMAND: POST /session/612db7fa7930bbb36023b099dfe9ab59/element - {"using":"css selector","value":"#shell-header-logo"}
COMMAND: POST /session/612db7fa7930bbb36023b099dfe9ab59/element - {"using":"xpath","value":"//bdi[contains(@id ,\"closeContractBtn-BDI-content\")]"}
RESULT: {"using":"css selector","value":"#shell-header-logo"}
COMMAND: POST /session/612db7fa7930bbb36023b099dfe9ab59/element/f.E3CD5E68D1E1B2FCF6DD50D193150CE1.d.206EA51FDA451DCB51920B39BE4A181B.e.8355/click - {}
RESULT: {"using":"xpath","value":"//bdi[contains(@id ,\"closeContractBtn-BDI-content\")]"}
COMMAND: POST /session/612db7fa7930bbb36023b099dfe9ab59/element - {"using":"xpath","value":"//bdi[contains(@id ,\"closeContractBtn-BDI-content\")]"}
RESULT: {}
COMMAND: GET /session/612db7fa7930bbb36023b099dfe9ab59/screenshot - {}
RESULT: {"using":"xpath","value":"//bdi[contains(@id ,\"closeContractBtn-BDI-content\")]"}
RESULT: {}
]]></system-out>
    </testcase>
  </testsuite>
  <testsuite timestamp="2025-05-25T18:09:00" time="57.073" tests="1" failures="0" errors="0" skipped="0">
    <properties>
      <property name="specId" value="0"/>
      <property name="suiteName" value="Standard contract decline US151279"/>
      <property name="capabilities" value="chrome.136_0_7103_93.windows"/>
      <property name="file" value="file:///D:/a/1/s/test/specs/R2C/standard-contract-decline.spec.js"/>
    </properties>
    <testcase classname="chrome.136_0_7103_93.windows.Standard_contract_decline_US151279" name="Should decline a contract" time="51.201">
      <system-out><![CDATA[
COMMAND: POST /session/612db7fa7930bbb36023b099dfe9ab59/execute/async - {"script":"<script> [1562 bytes]","args":[{"selector":{"controlType":"sap.m.GenericTile","properties":{"header":"Manage Contracts"}},"wdio_ui5_key":"sapm.GenericTile{\"header\":\"Manage Contracts\"}"}]}
RESULT: {"script":"<script> [1562 bytes]","args":[{"selector":{"controlType":"sap.m.GenericTile","properties":{"header":"Manage Contracts"}},"wdio_ui5_key":"sapm.GenericTile{\"header\":\"Manage Contracts\"}"}]}
RESULT: undefined
COMMAND: POST /session/612db7fa7930bbb36023b099dfe9ab59/element - {"using":"xpath","value":"//*[@id=\"__tile130\"]"}
RESULT: {"using":"xpath","value":"//*[@id=\"__tile130\"]"}
COMMAND: POST /session/612db7fa7930bbb36023b099dfe9ab59/element/f.E3CD5E68D1E1B2FCF6DD50D193150CE1.d.206EA51FDA451DCB51920B39BE4A181B.e.8808/click - {}
RESULT: {}
COMMAND: GET /session/612db7fa7930bbb36023b099dfe9ab59/screenshot - {}
RESULT: {}
COMMAND: POST /session/612db7fa7930bbb36023b099dfe9ab59/element - {"using":"xpath","value":"//input[contains(@id ,\"smartContractFilterBar-btnBasicSearch-I\")]"}
COMMAND: POST /session/612db7fa7930bbb36023b099dfe9ab59/elements - {"using":"xpath","value":"//span[text()='Error']"}
RESULT: {"using":"xpath","value":"//input[contains(@id ,\"smartContractFilterBar-btnBasicSearch-I\")]"}
COMMAND: POST /session/612db7fa7930bbb36023b099dfe9ab59/element/f.E3CD5E68D1E1B2FCF6DD50D193150CE1.d.206EA51FDA451DCB51920B39BE4A181B.e.8814/clear - {}
RESULT: {"using":"xpath","value":"//span[text()='Error']"}
RESULT: {}
COMMAND: POST /session/612db7fa7930bbb36023b099dfe9ab59/element/f.E3CD5E68D1E1B2FCF6DD50D193150CE1.d.206EA51FDA451DCB51920B39BE4A181B.e.8814/value - {"text":"10219"}
COMMAND: GET /session/612db7fa7930bbb36023b099dfe9ab59/screenshot - {}
RESULT: {"text":"10219"}
COMMAND: POST /session/612db7fa7930bbb36023b099dfe9ab59/actions - {"actions":[{"id":"action43","type":"key","parameters":{},"actions":[{"type":"keyDown","value":""},{"type":"pause","duration":10},{"type":"keyUp","value":""}]}]}
COMMAND: GET /session/612db7fa7930bbb36023b099dfe9ab59/screenshot - {}
RESULT: {}
RESULT: {"actions":[{"id":"action43","type":"key","parameters":{},"actions":[{"type":"keyDown","value":""},{"type":"pause","duration":10},{"type":"keyUp","value":""}]}]}
COMMAND: GET /session/612db7fa7930bbb36023b099dfe9ab59/screenshot - {}
RESULT: {}
RESULT: {}
COMMAND: POST /session/612db7fa7930bbb36023b099dfe9ab59/execute/async - {"script":"<script> [1562 bytes]","args":[{"selector":{"controlType":"sap.ui.core.Icon","viewName":"etm.portal.ui.managecontracts.view.Master","properties":{"src":{"regex":{"source":"slim\\-arrow\\-right"}}}},"wdio_ui5_key":"etmportal.ui.managecontracts.view.Mastersap.ui.core.Icon{\"src\":{\"regex\":{\"source\":\"slim\\\\-arrow\\\\-right\"}}}"}]}
RESULT: {"script":"<script> [1562 bytes]","args":[{"selector":{"controlType":"sap.ui.core.Icon","viewName":"etm.portal.ui.managecontracts.view.Master","properties":{"src":{"regex":{"source":"slim\\-arrow\\-right"}}}},"wdio_ui5_key":"etmportal.ui.managecontracts.view.Mastersap.ui.core.Icon{\"src\":{\"regex\":{\"source\":\"slim\\\\-arrow\\\\-right\"}}}"}]}
RESULT: undefined
COMMAND: POST /session/612db7fa7930bbb36023b099dfe9ab59/element - {"using":"xpath","value":"//*[@id=\"__item77-__clone205-imgNav\"]"}
RESULT: {"using":"xpath","value":"//*[@id=\"__item77-__clone205-imgNav\"]"}
COMMAND: POST /session/612db7fa7930bbb36023b099dfe9ab59/element/f.E3CD5E68D1E1B2FCF6DD50D193150CE1.d.206EA51FDA451DCB51920B39BE4A181B.e.8919/click - {}
RESULT: {}
COMMAND: GET /session/612db7fa7930bbb36023b099dfe9ab59/screenshot - {}
COMMAND: POST /session/612db7fa7930bbb36023b099dfe9ab59/execute/async - {"script":"<script> [1562 bytes]","args":[{"selector":{"id":"cancelContractBtn","viewName":"etm.portal.ui.managecontracts.view.Detail","interaction":{"idSuffix":"BDI-content"}},"wdio_ui5_key":"cancelContractBtnetmportal.ui.managecontracts.view.Detail"}]}
RESULT: {}
RESULT: {"script":"<script> [1562 bytes]","args":[{"selector":{"id":"cancelContractBtn","viewName":"etm.portal.ui.managecontracts.view.Detail","interaction":{"idSuffix":"BDI-content"}},"wdio_ui5_key":"cancelContractBtnetmportal.ui.managecontracts.view.Detail"}]}
RESULT: undefined
COMMAND: POST /session/612db7fa7930bbb36023b099dfe9ab59/element - {"using":"xpath","value":"//*[@id=\"__xmlview61--cancelContractBtn\"]"}
RESULT: {"using":"xpath","value":"//*[@id=\"__xmlview61--cancelContractBtn\"]"}
COMMAND: POST /session/612db7fa7930bbb36023b099dfe9ab59/element/f.E3CD5E68D1E1B2FCF6DD50D193150CE1.d.206EA51FDA451DCB51920B39BE4A181B.e.9038/click - {}
RESULT: {}
COMMAND: GET /session/612db7fa7930bbb36023b099dfe9ab59/screenshot - {}
RESULT: {}
COMMAND: POST /session/612db7fa7930bbb36023b099dfe9ab59/execute/async - {"script":"<script> [1562 bytes]","args":[{"selector":{"controlType":"sap.m.Text","properties":{"text":"Do you want to cancel the whole contract?"},"searchOpenDialogs":true},"wdio_ui5_key":"sapm.Text{\"text\":\"Do you want to cancel the whole contract?\"}"}]}
RESULT: {"script":"<script> [1562 bytes]","args":[{"selector":{"controlType":"sap.m.Text","properties":{"text":"Do you want to cancel the whole contract?"},"searchOpenDialogs":true},"wdio_ui5_key":"sapm.Text{\"text\":\"Do you want to cancel the whole contract?\"}"}]}
RESULT: undefined
COMMAND: POST /session/612db7fa7930bbb36023b099dfe9ab59/execute/async - {"script":"<script> [6424 bytes]","args":[{"element-6066-11e4-a52e-4f735466cecf":"f.E3CD5E68D1E1B2FCF6DD50D193150CE1.d.206EA51FDA451DCB51920B39BE4A181B.e.9084"},"getText",[]]}
RESULT: {"script":"<script> [6424 bytes]","args":[{"element-6066-11e4-a52e-4f735466cecf":"f.E3CD5E68D1E1B2FCF6DD50D193150CE1.d.206EA51FDA451DCB51920B39BE4A181B.e.9084"},"getText",[]]}
COMMAND: POST /session/612db7fa7930bbb36023b099dfe9ab59/element - {"using":"xpath","value":"//bdi[contains(text(), \"OK\")]"}
RESULT: {"using":"xpath","value":"//bdi[contains(text(), \"OK\")]"}
COMMAND: POST /session/612db7fa7930bbb36023b099dfe9ab59/element/f.E3CD5E68D1E1B2FCF6DD50D193150CE1.d.206EA51FDA451DCB51920B39BE4A181B.e.9085/click - {}
RESULT: {}
COMMAND: GET /session/612db7fa7930bbb36023b099dfe9ab59/screenshot - {}
RESULT: {}
COMMAND: POST /session/612db7fa7930bbb36023b099dfe9ab59/element - {"using":"xpath","value":"//input[contains(@id ,\"smartContractFilterBar-btnBasicSearch-I\")]"}
RESULT: {"using":"xpath","value":"//input[contains(@id ,\"smartContractFilterBar-btnBasicSearch-I\")]"}
COMMAND: POST /session/612db7fa7930bbb36023b099dfe9ab59/element/f.E3CD5E68D1E1B2FCF6DD50D193150CE1.d.206EA51FDA451DCB51920B39BE4A181B.e.8814/clear - {}
RESULT: {}
COMMAND: POST /session/612db7fa7930bbb36023b099dfe9ab59/element/f.E3CD5E68D1E1B2FCF6DD50D193150CE1.d.206EA51FDA451DCB51920B39BE4A181B.e.8814/value - {"text":"10219"}
COMMAND: GET /session/612db7fa7930bbb36023b099dfe9ab59/screenshot - {}
RESULT: {"text":"10219"}
COMMAND: POST /session/612db7fa7930bbb36023b099dfe9ab59/actions - {"actions":[{"id":"action44","type":"key","parameters":{},"actions":[{"type":"keyDown","value":""},{"type":"pause","duration":10},{"type":"keyUp","value":""}]}]}
COMMAND: GET /session/612db7fa7930bbb36023b099dfe9ab59/screenshot - {}
RESULT: {}
RESULT: {"actions":[{"id":"action44","type":"key","parameters":{},"actions":[{"type":"keyDown","value":""},{"type":"pause","duration":10},{"type":"keyUp","value":""}]}]}
COMMAND: GET /session/612db7fa7930bbb36023b099dfe9ab59/screenshot - {}
RESULT: {}
RESULT: {}
COMMAND: POST /session/612db7fa7930bbb36023b099dfe9ab59/execute/async - {"script":"<script> [1562 bytes]","args":[{"selector":{"controlType":"sap.m.ObjectStatus","viewName":"etm.portal.ui.managecontracts.view.Master","bindingPath":{"path":"/SmartContractHeaders('10219')","propertyPath":"STATUS_DESCRIPTION"}},"wdio_ui5_key":"etmportal.ui.managecontracts.view.Mastersap.m.ObjectStatus{\"path\":\"/SmartContractHeaders('10219')\",\"propertyPath\":\"STATUS_DESCRIPTION\"}"}]}
RESULT: {"script":"<script> [1562 bytes]","args":[{"selector":{"controlType":"sap.m.ObjectStatus","viewName":"etm.portal.ui.managecontracts.view.Master","bindingPath":{"path":"/SmartContractHeaders('10219')","propertyPath":"STATUS_DESCRIPTION"}},"wdio_ui5_key":"etmportal.ui.managecontracts.view.Mastersap.m.ObjectStatus{\"path\":\"/SmartContractHeaders('10219')\",\"propertyPath\":\"STATUS_DESCRIPTION\"}"}]}
RESULT: undefined
COMMAND: POST /session/612db7fa7930bbb36023b099dfe9ab59/execute/async - {"script":"<script> [6424 bytes]","args":[{"element-6066-11e4-a52e-4f735466cecf":"f.E3CD5E68D1E1B2FCF6DD50D193150CE1.d.206EA51FDA451DCB51920B39BE4A181B.e.9141"},"getText",[]]}
RESULT: {"script":"<script> [6424 bytes]","args":[{"element-6066-11e4-a52e-4f735466cecf":"f.E3CD5E68D1E1B2FCF6DD50D193150CE1.d.206EA51FDA451DCB51920B39BE4A181B.e.9141"},"getText",[]]}
RESULT: undefined
COMMAND: POST /session/612db7fa7930bbb36023b099dfe9ab59/element - {"using":"xpath","value":"//*[@id=\"__item77-__clone205-imgNav\"]"}
RESULT: {"using":"xpath","value":"//*[@id=\"__item77-__clone205-imgNav\"]"}
COMMAND: POST /session/612db7fa7930bbb36023b099dfe9ab59/element/f.E3CD5E68D1E1B2FCF6DD50D193150CE1.d.206EA51FDA451DCB51920B39BE4A181B.e.8919/click - {}
RESULT: {}
COMMAND: GET /session/612db7fa7930bbb36023b099dfe9ab59/screenshot - {}
RESULT: {}
COMMAND: POST /session/612db7fa7930bbb36023b099dfe9ab59/execute/async - {"script":"<script> [1562 bytes]","args":[{"selector":{"controlType":"sap.m.ObjectStatus","viewName":"etm.portal.ui.managecontracts.view.Detail","bindingPath":{"path":"/SmartContractItems(CONTRACT='10219',ITEM=10m,SUB_ITEM=0m)","propertyPath":"STATUS"}},"wdio_ui5_key":"etmportal.ui.managecontracts.view.Detailsap.m.ObjectStatus{\"path\":\"/SmartContractItems(CONTRACT='10219',ITEM=10m,SUB_ITEM=0m)\",\"propertyPath\":\"STATUS\"}"}]}
RESULT: {"script":"<script> [1562 bytes]","args":[{"selector":{"controlType":"sap.m.ObjectStatus","viewName":"etm.portal.ui.managecontracts.view.Detail","bindingPath":{"path":"/SmartContractItems(CONTRACT='10219',ITEM=10m,SUB_ITEM=0m)","propertyPath":"STATUS"}},"wdio_ui5_key":"etmportal.ui.managecontracts.view.Detailsap.m.ObjectStatus{\"path\":\"/SmartContractItems(CONTRACT='10219',ITEM=10m,SUB_ITEM=0m)\",\"propertyPath\":\"STATUS\"}"}]}
RESULT: undefined
COMMAND: POST /session/612db7fa7930bbb36023b099dfe9ab59/execute/async - {"script":"<script> [6424 bytes]","args":[{"element-6066-11e4-a52e-4f735466cecf":"f.E3CD5E68D1E1B2FCF6DD50D193150CE1.d.206EA51FDA451DCB51920B39BE4A181B.e.9164"},"getText",[]]}
RESULT: {"script":"<script> [6424 bytes]","args":[{"element-6066-11e4-a52e-4f735466cecf":"f.E3CD5E68D1E1B2FCF6DD50D193150CE1.d.206EA51FDA451DCB51920B39BE4A181B.e.9164"},"getText",[]]}
COMMAND: POST /session/612db7fa7930bbb36023b099dfe9ab59/element - {"using":"css selector","value":"#shell-header-logo"}
RESULT: {"using":"css selector","value":"#shell-header-logo"}
COMMAND: POST /session/612db7fa7930bbb36023b099dfe9ab59/element/f.E3CD5E68D1E1B2FCF6DD50D193150CE1.d.206EA51FDA451DCB51920B39BE4A181B.e.8810/click - {}
RESULT: {}
COMMAND: GET /session/612db7fa7930bbb36023b099dfe9ab59/screenshot - {}
RESULT: {}
]]></system-out>
    </testcase>
  </testsuite>
  <testsuite timestamp="2025-05-25T18:09:57" time="171.874" tests="2" failures="0" errors="0" skipped="0">
    <properties>
      <property name="specId" value="0"/>
      <property name="suiteName" value="Insert service into a contract US152956"/>
      <property name="capabilities" value="chrome.136_0_7103_93.windows"/>
      <property name="file" value="file:///D:/a/1/s/test/specs/R2C/insert-service-into-a-contract.spec.js"/>
    </properties>
    <testcase classname="chrome.136_0_7103_93.windows.Insert_service_into_a_contract_US152956" name="Should create a new contract" time="92.19">
      <system-out><![CDATA[
RESULT: undefined
COMMAND: POST /session/612db7fa7930bbb36023b099dfe9ab59/element - {"using":"xpath","value":"//*[@id=\"__tile130\"]"}
RESULT: {"using":"xpath","value":"//*[@id=\"__tile130\"]"}
COMMAND: POST /session/612db7fa7930bbb36023b099dfe9ab59/element/f.E3CD5E68D1E1B2FCF6DD50D193150CE1.d.206EA51FDA451DCB51920B39BE4A181B.e.8808/click - {}
RESULT: {}
COMMAND: GET /session/612db7fa7930bbb36023b099dfe9ab59/screenshot - {}
RESULT: {}
COMMAND: POST /session/612db7fa7930bbb36023b099dfe9ab59/elements - {"using":"xpath","value":"//span[text()='Error']"}
RESULT: {"using":"xpath","value":"//span[text()='Error']"}
COMMAND: POST /session/612db7fa7930bbb36023b099dfe9ab59/element - {"using":"xpath","value":"//button[@data-kt=\"addButton\"]"}
RESULT: {"using":"xpath","value":"//button[@data-kt=\"addButton\"]"}
COMMAND: POST /session/612db7fa7930bbb36023b099dfe9ab59/element/f.E3CD5E68D1E1B2FCF6DD50D193150CE1.d.206EA51FDA451DCB51920B39BE4A181B.e.9216/click - {}
RESULT: {}
COMMAND: GET /session/612db7fa7930bbb36023b099dfe9ab59/screenshot - {}
RESULT: {}
COMMAND: POST /session/612db7fa7930bbb36023b099dfe9ab59/execute/async - {"script":"<script> [1562 bytes]","args":[{"selector":{"id":"application-managecontracts-display-component---AddNewContract--projectDescription","interaction":{"idSuffix":"inner"}},"wdio_ui5_key":"applicationmanagecontracts-display-component---AddNewContract--projectDescription"}]}
RESULT: {"script":"<script> [1562 bytes]","args":[{"selector":{"id":"application-managecontracts-display-component---AddNewContract--projectDescription","interaction":{"idSuffix":"inner"}},"wdio_ui5_key":"applicationmanagecontracts-display-component---AddNewContract--projectDescription"}]}
RESULT: undefined
COMMAND: POST /session/612db7fa7930bbb36023b099dfe9ab59/execute/async - {"script":"<script> [776 bytes]","args":[{"enterText":"WdIOR2cqto0c","selector":{"id":"application-managecontracts-display-component---AddNewContract--projectDescription","interaction":{"idSuffix":"inner"}},"clearTextFirst":true,"interactionType":"ENTER_TEXT"}]}
RESULT: {"script":"<script> [776 bytes]","args":[{"enterText":"WdIOR2cqto0c","selector":{"id":"application-managecontracts-display-component---AddNewContract--projectDescription","interaction":{"idSuffix":"inner"}},"clearTextFirst":true,"interactionType":"ENTER_TEXT"}]}
COMMAND: POST /session/612db7fa7930bbb36023b099dfe9ab59/element - {"using":"xpath","value":"//input[@id=\"application-managecontracts-display-component---AddNewContract--yardId-inner\"]"}
RESULT: {"using":"xpath","value":"//input[@id=\"application-managecontracts-display-component---AddNewContract--yardId-inner\"]"}
COMMAND: POST /session/612db7fa7930bbb36023b099dfe9ab59/element/f.E3CD5E68D1E1B2FCF6DD50D193150CE1.d.206EA51FDA451DCB51920B39BE4A181B.e.9480/clear - {}
RESULT: {}
COMMAND: POST /session/612db7fa7930bbb36023b099dfe9ab59/element/f.E3CD5E68D1E1B2FCF6DD50D193150CE1.d.206EA51FDA451DCB51920B39BE4A181B.e.9480/value - {"text":"WebdriverYard90ykt"}
COMMAND: GET /session/612db7fa7930bbb36023b099dfe9ab59/screenshot - {}
RESULT: {"text":"WebdriverYard90ykt"}
COMMAND: GET /session/612db7fa7930bbb36023b099dfe9ab59/screenshot - {}
RESULT: {}
RESULT: {}
COMMAND: POST /session/612db7fa7930bbb36023b099dfe9ab59/actions - {"actions":[{"id":"action45","type":"key","parameters":{},"actions":[{"type":"keyDown","value":""},{"type":"pause","duration":10},{"type":"keyUp","value":""}]}]}
RESULT: {"actions":[{"id":"action45","type":"key","parameters":{},"actions":[{"type":"keyDown","value":""},{"type":"pause","duration":10},{"type":"keyUp","value":""}]}]}
COMMAND: GET /session/612db7fa7930bbb36023b099dfe9ab59/screenshot - {}
RESULT: {}
COMMAND: POST /session/612db7fa7930bbb36023b099dfe9ab59/element - {"using":"xpath","value":"//input[@id=\"application-managecontracts-display-component---AddNewContract--customerSelect-inner\"]"}
RESULT: {"using":"xpath","value":"//input[@id=\"application-managecontracts-display-component---AddNewContract--customerSelect-inner\"]"}
COMMAND: POST /session/612db7fa7930bbb36023b099dfe9ab59/element/f.E3CD5E68D1E1B2FCF6DD50D193150CE1.d.206EA51FDA451DCB51920B39BE4A181B.e.9478/clear - {}
RESULT: {}
COMMAND: POST /session/612db7fa7930bbb36023b099dfe9ab59/element/f.E3CD5E68D1E1B2FCF6DD50D193150CE1.d.206EA51FDA451DCB51920B39BE4A181B.e.9478/value - {"text":"WebdriverPartner0e1vr"}
COMMAND: GET /session/612db7fa7930bbb36023b099dfe9ab59/screenshot - {}
RESULT: {"text":"WebdriverPartner0e1vr"}
COMMAND: GET /session/612db7fa7930bbb36023b099dfe9ab59/screenshot - {}
RESULT: {}
RESULT: {}
COMMAND: POST /session/612db7fa7930bbb36023b099dfe9ab59/actions - {"actions":[{"id":"action46","type":"key","parameters":{},"actions":[{"type":"keyDown","value":""},{"type":"pause","duration":10},{"type":"keyUp","value":""}]}]}
RESULT: {"actions":[{"id":"action46","type":"key","parameters":{},"actions":[{"type":"keyDown","value":""},{"type":"pause","duration":10},{"type":"keyUp","value":""}]}]}
COMMAND: GET /session/612db7fa7930bbb36023b099dfe9ab59/screenshot - {}
RESULT: {}
COMMAND: POST /session/612db7fa7930bbb36023b099dfe9ab59/element - {"using":"xpath","value":"//input[@id=\"application-managecontracts-display-component---AddNewContract--site-inner\"]"}
RESULT: {"using":"xpath","value":"//input[@id=\"application-managecontracts-display-component---AddNewContract--site-inner\"]"}
COMMAND: POST /session/612db7fa7930bbb36023b099dfe9ab59/element/f.E3CD5E68D1E1B2FCF6DD50D193150CE1.d.206EA51FDA451DCB51920B39BE4A181B.e.9479/clear - {}
RESULT: {}
COMMAND: POST /session/612db7fa7930bbb36023b099dfe9ab59/element/f.E3CD5E68D1E1B2FCF6DD50D193150CE1.d.206EA51FDA451DCB51920B39BE4A181B.e.9479/value - {"text":"WebdriverSite3rn05"}
COMMAND: GET /session/612db7fa7930bbb36023b099dfe9ab59/screenshot - {}
RESULT: {"text":"WebdriverSite3rn05"}
COMMAND: GET /session/612db7fa7930bbb36023b099dfe9ab59/screenshot - {}
RESULT: {}
RESULT: {}
COMMAND: POST /session/612db7fa7930bbb36023b099dfe9ab59/actions - {"actions":[{"id":"action47","type":"key","parameters":{},"actions":[{"type":"keyDown","value":""},{"type":"pause","duration":10},{"type":"keyUp","value":""}]}]}
RESULT: {"actions":[{"id":"action47","type":"key","parameters":{},"actions":[{"type":"keyDown","value":""},{"type":"pause","duration":10},{"type":"keyUp","value":""}]}]}
COMMAND: GET /session/612db7fa7930bbb36023b099dfe9ab59/screenshot - {}
RESULT: {}
COMMAND: POST /session/612db7fa7930bbb36023b099dfe9ab59/element - {"using":"xpath","value":"//button[@data-kt=\"saveButton\"]"}
RESULT: {"using":"xpath","value":"//button[@data-kt=\"saveButton\"]"}
COMMAND: POST /session/612db7fa7930bbb36023b099dfe9ab59/element/f.E3CD5E68D1E1B2FCF6DD50D193150CE1.d.206EA51FDA451DCB51920B39BE4A181B.e.9556/click - {}
RESULT: {}
COMMAND: GET /session/612db7fa7930bbb36023b099dfe9ab59/screenshot - {}
RESULT: {}
COMMAND: POST /session/612db7fa7930bbb36023b099dfe9ab59/execute/async - {"script":"<script> [1562 bytes]","args":[{"selector":{"id":"contractDetailTitleNoExpanded","viewName":"etm.portal.ui.managecontracts.view.Detail"},"wdio_ui5_key":"contractDetailTitleNoExpandedetmportal.ui.managecontracts.view.Detail"}]}
RESULT: {"script":"<script> [1562 bytes]","args":[{"selector":{"id":"contractDetailTitleNoExpanded","viewName":"etm.portal.ui.managecontracts.view.Detail"},"wdio_ui5_key":"contractDetailTitleNoExpandedetmportal.ui.managecontracts.view.Detail"}]}
RESULT: undefined
COMMAND: POST /session/612db7fa7930bbb36023b099dfe9ab59/execute/async - {"script":"<script> [6424 bytes]","args":[{"element-6066-11e4-a52e-4f735466cecf":"f.E3CD5E68D1E1B2FCF6DD50D193150CE1.d.206EA51FDA451DCB51920B39BE4A181B.e.9577"},"getText",[]]}
RESULT: {"script":"<script> [6424 bytes]","args":[{"element-6066-11e4-a52e-4f735466cecf":"f.E3CD5E68D1E1B2FCF6DD50D193150CE1.d.206EA51FDA451DCB51920B39BE4A181B.e.9577"},"getText",[]]}
]]></system-out>
    </testcase>
    <testcase classname="chrome.136_0_7103_93.windows.Insert_service_into_a_contract_US152956" name="Should add a service unit and a service group to the contract" time="76.139">
      <system-out><![CDATA[
COMMAND: POST /session/612db7fa7930bbb36023b099dfe9ab59/element - {"using":"xpath","value":"//button[@data-kt=\"contractDetailEditBtnButton\"]"}
RESULT: {"using":"xpath","value":"//button[@data-kt=\"contractDetailEditBtnButton\"]"}
COMMAND: POST /session/612db7fa7930bbb36023b099dfe9ab59/execute/sync - {"script":"<script> [8489 bytes]","args":[{"element-6066-11e4-a52e-4f735466cecf":"f.E3CD5E68D1E1B2FCF6DD50D193150CE1.d.206EA51FDA451DCB51920B39BE4A181B.e.9578","ELEMENT":"f.E3CD5E68D1E1B2FCF6DD50D193150CE1.d.206EA51FDA451DCB51920B39BE4A181B.e.9578"}]}
RESULT: {"script":"<script> [8489 bytes]","args":[{"element-6066-11e4-a52e-4f735466cecf":"f.E3CD5E68D1E1B2FCF6DD50D193150CE1.d.206EA51FDA451DCB51920B39BE4A181B.e.9578","ELEMENT":"f.E3CD5E68D1E1B2FCF6DD50D193150CE1.d.206EA51FDA451DCB51920B39BE4A181B.e.9578"}]}
COMMAND: POST /session/612db7fa7930bbb36023b099dfe9ab59/execute/sync - {"script":"<script> [8489 bytes]","args":[{"element-6066-11e4-a52e-4f735466cecf":"f.E3CD5E68D1E1B2FCF6DD50D193150CE1.d.206EA51FDA451DCB51920B39BE4A181B.e.9578","ELEMENT":"f.E3CD5E68D1E1B2FCF6DD50D193150CE1.d.206EA51FDA451DCB51920B39BE4A181B.e.9578"}]}
RESULT: {"script":"<script> [8489 bytes]","args":[{"element-6066-11e4-a52e-4f735466cecf":"f.E3CD5E68D1E1B2FCF6DD50D193150CE1.d.206EA51FDA451DCB51920B39BE4A181B.e.9578","ELEMENT":"f.E3CD5E68D1E1B2FCF6DD50D193150CE1.d.206EA51FDA451DCB51920B39BE4A181B.e.9578"}]}
COMMAND: POST /session/612db7fa7930bbb36023b099dfe9ab59/execute/sync - {"script":"<script> [5351 bytes]","args":[{"element-6066-11e4-a52e-4f735466cecf":"f.E3CD5E68D1E1B2FCF6DD50D193150CE1.d.206EA51FDA451DCB51920B39BE4A181B.e.9578","ELEMENT":"f.E3CD5E68D1E1B2FCF6DD50D193150CE1.d.206EA51FDA451DCB51920B39BE4A181B.e.9578"}]}
RESULT: {"script":"<script> [5351 bytes]","args":[{"element-6066-11e4-a52e-4f735466cecf":"f.E3CD5E68D1E1B2FCF6DD50D193150CE1.d.206EA51FDA451DCB51920B39BE4A181B.e.9578","ELEMENT":"f.E3CD5E68D1E1B2FCF6DD50D193150CE1.d.206EA51FDA451DCB51920B39BE4A181B.e.9578"}]}
COMMAND: POST /session/612db7fa7930bbb36023b099dfe9ab59/element/f.E3CD5E68D1E1B2FCF6DD50D193150CE1.d.206EA51FDA451DCB51920B39BE4A181B.e.9578/click - {}
COMMAND: GET /session/612db7fa7930bbb36023b099dfe9ab59/screenshot - {}
COMMAND: GET /session/612db7fa7930bbb36023b099dfe9ab59/screenshot - {}
COMMAND: GET /session/612db7fa7930bbb36023b099dfe9ab59/screenshot - {}
RESULT: {}
COMMAND: GET /session/612db7fa7930bbb36023b099dfe9ab59/screenshot - {}
RESULT: {}
RESULT: {}
RESULT: {}
RESULT: {}
COMMAND: POST /session/612db7fa7930bbb36023b099dfe9ab59/element - {"using":"xpath","value":"(//span[contains(text(), \"Additional Addresses\")])[2]"}
RESULT: {"using":"xpath","value":"(//span[contains(text(), \"Additional Addresses\")])[2]"}
COMMAND: POST /session/612db7fa7930bbb36023b099dfe9ab59/element/f.E3CD5E68D1E1B2FCF6DD50D193150CE1.d.206EA51FDA451DCB51920B39BE4A181B.e.9635/click - {}
RESULT: {}
COMMAND: GET /session/612db7fa7930bbb36023b099dfe9ab59/screenshot - {}
RESULT: {}
COMMAND: POST /session/612db7fa7930bbb36023b099dfe9ab59/element - {"using":"xpath","value":"//button[@data-kt=\"btnAddTableRowOverflowToolbarButton\"]"}
RESULT: {"using":"xpath","value":"//button[@data-kt=\"btnAddTableRowOverflowToolbarButton\"]"}
COMMAND: POST /session/612db7fa7930bbb36023b099dfe9ab59/element/f.E3CD5E68D1E1B2FCF6DD50D193150CE1.d.206EA51FDA451DCB51920B39BE4A181B.e.9639/click - {}
RESULT: {}
COMMAND: GET /session/612db7fa7930bbb36023b099dfe9ab59/screenshot - {}
RESULT: {}
COMMAND: POST /session/612db7fa7930bbb36023b099dfe9ab59/element - {"using":"xpath","value":"//div[(text() = 'Standard Entry' or . = 'Standard Entry')]"}
RESULT: {"using":"xpath","value":"//div[(text() = 'Standard Entry' or . = 'Standard Entry')]"}
COMMAND: POST /session/612db7fa7930bbb36023b099dfe9ab59/element/f.E3CD5E68D1E1B2FCF6DD50D193150CE1.d.206EA51FDA451DCB51920B39BE4A181B.e.9641/click - {}
RESULT: {}
COMMAND: POST /session/612db7fa7930bbb36023b099dfe9ab59/element - {"using":"xpath","value":"//button[@data-kt=\"btnAddTableRowOverflowToolbarButton\"]"}
COMMAND: GET /session/612db7fa7930bbb36023b099dfe9ab59/screenshot - {}
RESULT: {"using":"xpath","value":"//button[@data-kt=\"btnAddTableRowOverflowToolbarButton\"]"}
COMMAND: POST /session/612db7fa7930bbb36023b099dfe9ab59/element/f.E3CD5E68D1E1B2FCF6DD50D193150CE1.d.206EA51FDA451DCB51920B39BE4A181B.e.9639/click - {}
RESULT: {}
RESULT: {}
COMMAND: GET /session/612db7fa7930bbb36023b099dfe9ab59/screenshot - {}
RESULT: {}
COMMAND: POST /session/612db7fa7930bbb36023b099dfe9ab59/element - {"using":"xpath","value":"//div[(text() = 'Standard Entry' or . = 'Standard Entry')]"}
RESULT: {"using":"xpath","value":"//div[(text() = 'Standard Entry' or . = 'Standard Entry')]"}
COMMAND: POST /session/612db7fa7930bbb36023b099dfe9ab59/element/f.E3CD5E68D1E1B2FCF6DD50D193150CE1.d.206EA51FDA451DCB51920B39BE4A181B.e.9653/click - {}
RESULT: {}
COMMAND: POST /session/612db7fa7930bbb36023b099dfe9ab59/element - {"using":"xpath","value":"(//td[6]/div/div/input)[1]"}
COMMAND: GET /session/612db7fa7930bbb36023b099dfe9ab59/screenshot - {}
RESULT: {"using":"xpath","value":"(//td[6]/div/div/input)[1]"}
COMMAND: POST /session/612db7fa7930bbb36023b099dfe9ab59/element/f.E3CD5E68D1E1B2FCF6DD50D193150CE1.d.206EA51FDA451DCB51920B39BE4A181B.e.9655/click - {}
RESULT: {}
RESULT: {}
COMMAND: POST /session/612db7fa7930bbb36023b099dfe9ab59/actions - {"actions":[{"id":"action48","type":"key","parameters":{},"actions":[{"type":"keyDown","value":""},{"type":"pause","duration":10},{"type":"keyUp","value":""}]}]}
COMMAND: GET /session/612db7fa7930bbb36023b099dfe9ab59/screenshot - {}
RESULT: {"actions":[{"id":"action48","type":"key","parameters":{},"actions":[{"type":"keyDown","value":""},{"type":"pause","duration":10},{"type":"keyUp","value":""}]}]}
COMMAND: POST /session/612db7fa7930bbb36023b099dfe9ab59/element - {"using":"xpath","value":"(//td[6]/div/div/input)[1]"}
COMMAND: GET /session/612db7fa7930bbb36023b099dfe9ab59/screenshot - {}
RESULT: {}
RESULT: {"using":"xpath","value":"(//td[6]/div/div/input)[1]"}
COMMAND: POST /session/612db7fa7930bbb36023b099dfe9ab59/element/f.E3CD5E68D1E1B2FCF6DD50D193150CE1.d.206EA51FDA451DCB51920B39BE4A181B.e.9655/clear - {}
RESULT: {}
RESULT: {}
COMMAND: POST /session/612db7fa7930bbb36023b099dfe9ab59/element/f.E3CD5E68D1E1B2FCF6DD50D193150CE1.d.206EA51FDA451DCB51920B39BE4A181B.e.9655/value - {"text":"Service Unit"}
COMMAND: GET /session/612db7fa7930bbb36023b099dfe9ab59/screenshot - {}
RESULT: {"text":"Service Unit"}
COMMAND: GET /session/612db7fa7930bbb36023b099dfe9ab59/screenshot - {}
RESULT: {}
RESULT: {}
COMMAND: POST /session/612db7fa7930bbb36023b099dfe9ab59/actions - {"actions":[{"id":"action49","type":"key","parameters":{},"actions":[{"type":"keyDown","value":""},{"type":"pause","duration":10},{"type":"keyUp","value":""}]}]}
RESULT: {"actions":[{"id":"action49","type":"key","parameters":{},"actions":[{"type":"keyDown","value":""},{"type":"pause","duration":10},{"type":"keyUp","value":""}]}]}
COMMAND: GET /session/612db7fa7930bbb36023b099dfe9ab59/screenshot - {}
RESULT: {}
COMMAND: POST /session/612db7fa7930bbb36023b099dfe9ab59/actions - {"actions":[{"id":"action50","type":"key","parameters":{},"actions":[{"type":"keyDown","value":""},{"type":"pause","duration":10},{"type":"keyUp","value":""}]}]}
RESULT: {"actions":[{"id":"action50","type":"key","parameters":{},"actions":[{"type":"keyDown","value":""},{"type":"pause","duration":10},{"type":"keyUp","value":""}]}]}
COMMAND: POST /session/612db7fa7930bbb36023b099dfe9ab59/element - {"using":"xpath","value":"(//td[7]/div/div/input)[1]"}
COMMAND: GET /session/612db7fa7930bbb36023b099dfe9ab59/screenshot - {}
RESULT: {"using":"xpath","value":"(//td[7]/div/div/input)[1]"}
COMMAND: POST /session/612db7fa7930bbb36023b099dfe9ab59/element/f.E3CD5E68D1E1B2FCF6DD50D193150CE1.d.206EA51FDA451DCB51920B39BE4A181B.e.9671/clear - {}
RESULT: {}
RESULT: {}
COMMAND: POST /session/612db7fa7930bbb36023b099dfe9ab59/element/f.E3CD5E68D1E1B2FCF6DD50D193150CE1.d.206EA51FDA451DCB51920B39BE4A181B.e.9671/value - {"text":"1000001"}
COMMAND: GET /session/612db7fa7930bbb36023b099dfe9ab59/screenshot - {}
RESULT: {"text":"1000001"}
COMMAND: GET /session/612db7fa7930bbb36023b099dfe9ab59/screenshot - {}
RESULT: {}
RESULT: {}
COMMAND: POST /session/612db7fa7930bbb36023b099dfe9ab59/actions - {"actions":[{"id":"action51","type":"key","parameters":{},"actions":[{"type":"keyDown","value":""},{"type":"pause","duration":10},{"type":"keyUp","value":""}]}]}
RESULT: {"actions":[{"id":"action51","type":"key","parameters":{},"actions":[{"type":"keyDown","value":""},{"type":"pause","duration":10},{"type":"keyUp","value":""}]}]}
COMMAND: GET /session/612db7fa7930bbb36023b099dfe9ab59/screenshot - {}
RESULT: {}
COMMAND: POST /session/612db7fa7930bbb36023b099dfe9ab59/actions - {"actions":[{"id":"action52","type":"key","parameters":{},"actions":[{"type":"keyDown","value":""},{"type":"pause","duration":10},{"type":"keyUp","value":""}]}]}
RESULT: {"actions":[{"id":"action52","type":"key","parameters":{},"actions":[{"type":"keyDown","value":""},{"type":"pause","duration":10},{"type":"keyUp","value":""}]}]}
COMMAND: GET /session/612db7fa7930bbb36023b099dfe9ab59/screenshot - {}
RESULT: {}
COMMAND: POST /session/612db7fa7930bbb36023b099dfe9ab59/element - {"using":"xpath","value":"(//td[6]/div/div/input)[2]"}
RESULT: {"using":"xpath","value":"(//td[6]/div/div/input)[2]"}
COMMAND: POST /session/612db7fa7930bbb36023b099dfe9ab59/element/f.E3CD5E68D1E1B2FCF6DD50D193150CE1.d.206EA51FDA451DCB51920B39BE4A181B.e.9643/click - {}
RESULT: {}
COMMAND: POST /session/612db7fa7930bbb36023b099dfe9ab59/actions - {"actions":[{"id":"action53","type":"key","parameters":{},"actions":[{"type":"keyDown","value":""},{"type":"pause","duration":10},{"type":"keyUp","value":""}]}]}
COMMAND: GET /session/612db7fa7930bbb36023b099dfe9ab59/screenshot - {}
RESULT: {"actions":[{"id":"action53","type":"key","parameters":{},"actions":[{"type":"keyDown","value":""},{"type":"pause","duration":10},{"type":"keyUp","value":""}]}]}
COMMAND: POST /session/612db7fa7930bbb36023b099dfe9ab59/element - {"using":"xpath","value":"(//td[6]/div/div/input)[2]"}
COMMAND: GET /session/612db7fa7930bbb36023b099dfe9ab59/screenshot - {}
RESULT: {}
RESULT: {"using":"xpath","value":"(//td[6]/div/div/input)[2]"}
COMMAND: POST /session/612db7fa7930bbb36023b099dfe9ab59/element/f.E3CD5E68D1E1B2FCF6DD50D193150CE1.d.206EA51FDA451DCB51920B39BE4A181B.e.9643/clear - {}
RESULT: {}
RESULT: {}
COMMAND: POST /session/612db7fa7930bbb36023b099dfe9ab59/element/f.E3CD5E68D1E1B2FCF6DD50D193150CE1.d.206EA51FDA451DCB51920B39BE4A181B.e.9643/value - {"text":"Service Unit Group"}
COMMAND: GET /session/612db7fa7930bbb36023b099dfe9ab59/screenshot - {}
RESULT: {"text":"Service Unit Group"}
COMMAND: GET /session/612db7fa7930bbb36023b099dfe9ab59/screenshot - {}
RESULT: {}
RESULT: {}
COMMAND: POST /session/612db7fa7930bbb36023b099dfe9ab59/actions - {"actions":[{"id":"action54","type":"key","parameters":{},"actions":[{"type":"keyDown","value":""},{"type":"pause","duration":10},{"type":"keyUp","value":""}]}]}
RESULT: {"actions":[{"id":"action54","type":"key","parameters":{},"actions":[{"type":"keyDown","value":""},{"type":"pause","duration":10},{"type":"keyUp","value":""}]}]}
COMMAND: GET /session/612db7fa7930bbb36023b099dfe9ab59/screenshot - {}
RESULT: {}
COMMAND: POST /session/612db7fa7930bbb36023b099dfe9ab59/actions - {"actions":[{"id":"action55","type":"key","parameters":{},"actions":[{"type":"keyDown","value":""},{"type":"pause","duration":10},{"type":"keyUp","value":""}]}]}
RESULT: {"actions":[{"id":"action55","type":"key","parameters":{},"actions":[{"type":"keyDown","value":""},{"type":"pause","duration":10},{"type":"keyUp","value":""}]}]}
COMMAND: POST /session/612db7fa7930bbb36023b099dfe9ab59/element - {"using":"xpath","value":"(//td[7]/div/div/input)[2]"}
COMMAND: GET /session/612db7fa7930bbb36023b099dfe9ab59/screenshot - {}
RESULT: {"using":"xpath","value":"(//td[7]/div/div/input)[2]"}
COMMAND: POST /session/612db7fa7930bbb36023b099dfe9ab59/element/f.E3CD5E68D1E1B2FCF6DD50D193150CE1.d.206EA51FDA451DCB51920B39BE4A181B.e.9700/clear - {}
RESULT: {}
RESULT: {}
COMMAND: POST /session/612db7fa7930bbb36023b099dfe9ab59/element/f.E3CD5E68D1E1B2FCF6DD50D193150CE1.d.206EA51FDA451DCB51920B39BE4A181B.e.9700/value - {"text":"1100001"}
COMMAND: GET /session/612db7fa7930bbb36023b099dfe9ab59/screenshot - {}
RESULT: {"text":"1100001"}
COMMAND: GET /session/612db7fa7930bbb36023b099dfe9ab59/screenshot - {}
RESULT: {}
RESULT: {}
COMMAND: POST /session/612db7fa7930bbb36023b099dfe9ab59/actions - {"actions":[{"id":"action56","type":"key","parameters":{},"actions":[{"type":"keyDown","value":""},{"type":"pause","duration":10},{"type":"keyUp","value":""}]}]}
RESULT: {"actions":[{"id":"action56","type":"key","parameters":{},"actions":[{"type":"keyDown","value":""},{"type":"pause","duration":10},{"type":"keyUp","value":""}]}]}
COMMAND: GET /session/612db7fa7930bbb36023b099dfe9ab59/screenshot - {}
RESULT: {}
COMMAND: POST /session/612db7fa7930bbb36023b099dfe9ab59/actions - {"actions":[{"id":"action57","type":"key","parameters":{},"actions":[{"type":"keyDown","value":""},{"type":"pause","duration":10},{"type":"keyUp","value":""}]}]}
RESULT: {"actions":[{"id":"action57","type":"key","parameters":{},"actions":[{"type":"keyDown","value":""},{"type":"pause","duration":10},{"type":"keyUp","value":""}]}]}
COMMAND: GET /session/612db7fa7930bbb36023b099dfe9ab59/screenshot - {}
RESULT: {}
COMMAND: POST /session/612db7fa7930bbb36023b099dfe9ab59/element - {"using":"xpath","value":"(//button[@data-kt=\"saveButton\"])[2]"}
RESULT: {"using":"xpath","value":"(//button[@data-kt=\"saveButton\"])[2]"}
COMMAND: POST /session/612db7fa7930bbb36023b099dfe9ab59/element/f.E3CD5E68D1E1B2FCF6DD50D193150CE1.d.206EA51FDA451DCB51920B39BE4A181B.e.9724/click - {}
RESULT: {}
COMMAND: GET /session/612db7fa7930bbb36023b099dfe9ab59/screenshot - {}
RESULT: {}
COMMAND: POST /session/612db7fa7930bbb36023b099dfe9ab59/element - {"using":"xpath","value":"(//span[contains(text(), \"Additional Addresses\")])[1]"}
RESULT: {"using":"xpath","value":"(//span[contains(text(), \"Additional Addresses\")])[1]"}
COMMAND: POST /session/612db7fa7930bbb36023b099dfe9ab59/element/f.E3CD5E68D1E1B2FCF6DD50D193150CE1.d.206EA51FDA451DCB51920B39BE4A181B.e.9727/click - {}
RESULT: {}
COMMAND: GET /session/612db7fa7930bbb36023b099dfe9ab59/screenshot - {}
RESULT: {}
COMMAND: POST /session/612db7fa7930bbb36023b099dfe9ab59/execute/async - {"script":"<script> [1562 bytes]","args":[{"selector":{"controlType":"sap.m.Title","viewName":"etm.portal.ui.managecontracts.view.Detail","properties":{"text":"Contract Items (2)"}},"wdio_ui5_key":"etmportal.ui.managecontracts.view.Detailsap.m.Title{\"text\":\"Contract Items (2)\"}"}]}
RESULT: {"script":"<script> [1562 bytes]","args":[{"selector":{"controlType":"sap.m.Title","viewName":"etm.portal.ui.managecontracts.view.Detail","properties":{"text":"Contract Items (2)"}},"wdio_ui5_key":"etmportal.ui.managecontracts.view.Detailsap.m.Title{\"text\":\"Contract Items (2)\"}"}]}
RESULT: undefined
COMMAND: POST /session/612db7fa7930bbb36023b099dfe9ab59/execute/async - {"script":"<script> [6424 bytes]","args":[{"element-6066-11e4-a52e-4f735466cecf":"f.E3CD5E68D1E1B2FCF6DD50D193150CE1.d.206EA51FDA451DCB51920B39BE4A181B.e.9729"},"getText",[]]}
RESULT: {"script":"<script> [6424 bytes]","args":[{"element-6066-11e4-a52e-4f735466cecf":"f.E3CD5E68D1E1B2FCF6DD50D193150CE1.d.206EA51FDA451DCB51920B39BE4A181B.e.9729"},"getText",[]]}
COMMAND: POST /session/612db7fa7930bbb36023b099dfe9ab59/element - {"using":"xpath","value":"(//span[contains(@class ,\"sapMObjStatusText\")])[1]"}
RESULT: {"using":"xpath","value":"(//span[contains(@class ,\"sapMObjStatusText\")])[1]"}
COMMAND: GET /session/612db7fa7930bbb36023b099dfe9ab59/element/f.E3CD5E68D1E1B2FCF6DD50D193150CE1.d.206EA51FDA451DCB51920B39BE4A181B.e.9730/text - {}
RESULT: {}
COMMAND: POST /session/612db7fa7930bbb36023b099dfe9ab59/element - {"using":"xpath","value":"(//span[contains(@class ,\"sapMObjStatusText\")])[4]"}
RESULT: {"using":"xpath","value":"(//span[contains(@class ,\"sapMObjStatusText\")])[4]"}
COMMAND: GET /session/612db7fa7930bbb36023b099dfe9ab59/element/f.E3CD5E68D1E1B2FCF6DD50D193150CE1.d.206EA51FDA451DCB51920B39BE4A181B.e.9731/text - {}
RESULT: {}
COMMAND: POST /session/612db7fa7930bbb36023b099dfe9ab59/element - {"using":"css selector","value":"#shell-header-logo"}
RESULT: {"using":"css selector","value":"#shell-header-logo"}
COMMAND: POST /session/612db7fa7930bbb36023b099dfe9ab59/element/f.E3CD5E68D1E1B2FCF6DD50D193150CE1.d.206EA51FDA451DCB51920B39BE4A181B.e.9169/click - {}
RESULT: {}
COMMAND: GET /session/612db7fa7930bbb36023b099dfe9ab59/screenshot - {}
RESULT: {}
]]></system-out>
    </testcase>
  </testsuite>
  <testsuite timestamp="2025-05-25T18:12:49" time="170.773" tests="2" failures="0" errors="0" skipped="0">
    <properties>
      <property name="specId" value="0"/>
      <property name="suiteName" value="Reduced contract US151275"/>
      <property name="capabilities" value="chrome.136_0_7103_93.windows"/>
      <property name="file" value="file:///D:/a/1/s/test/specs/R2C/reduced-contract-creation.spec.js"/>
    </properties>
    <testcase classname="chrome.136_0_7103_93.windows.Reduced_contract_US151275" name="Should create a new reduced contract" time="119.302">
      <system-out><![CDATA[
RESULT: undefined
COMMAND: POST /session/612db7fa7930bbb36023b099dfe9ab59/element - {"using":"xpath","value":"//*[@id=\"__tile130\"]"}
RESULT: {"using":"xpath","value":"//*[@id=\"__tile130\"]"}
COMMAND: POST /session/612db7fa7930bbb36023b099dfe9ab59/element/f.E3CD5E68D1E1B2FCF6DD50D193150CE1.d.206EA51FDA451DCB51920B39BE4A181B.e.8808/click - {}
RESULT: {}
COMMAND: GET /session/612db7fa7930bbb36023b099dfe9ab59/screenshot - {}
RESULT: {}
COMMAND: POST /session/612db7fa7930bbb36023b099dfe9ab59/element - {"using":"xpath","value":"//button[@data-kt=\"addButton\"]"}
RESULT: {"using":"xpath","value":"//button[@data-kt=\"addButton\"]"}
COMMAND: POST /session/612db7fa7930bbb36023b099dfe9ab59/element/f.E3CD5E68D1E1B2FCF6DD50D193150CE1.d.206EA51FDA451DCB51920B39BE4A181B.e.9786/click - {}
RESULT: {}
COMMAND: GET /session/612db7fa7930bbb36023b099dfe9ab59/screenshot - {}
COMMAND: POST /session/612db7fa7930bbb36023b099dfe9ab59/elements - {"using":"xpath","value":"//span[text()='Error']"}
RESULT: {}
RESULT: {"using":"xpath","value":"//span[text()='Error']"}
COMMAND: POST /session/612db7fa7930bbb36023b099dfe9ab59/refresh - {}
RESULT: {}
COMMAND: GET /session/612db7fa7930bbb36023b099dfe9ab59/screenshot - {}
RESULT: {}
COMMAND: POST /session/612db7fa7930bbb36023b099dfe9ab59/execute/async - {"script":"<script> [189 bytes]","args":[]}
RESULT: {"script":"<script> [189 bytes]","args":[]}
COMMAND: POST /session/612db7fa7930bbb36023b099dfe9ab59/execute/async - {"script":"<script> [123 bytes]","args":[]}
RESULT: {"script":"<script> [123 bytes]","args":[]}
COMMAND: POST /session/612db7fa7930bbb36023b099dfe9ab59/timeouts - {"script":"<number>"}
RESULT: {"script":"<number>"}
COMMAND: GET /session/612db7fa7930bbb36023b099dfe9ab59/timeouts - {}
RESULT: {}
RESULT: undefined
COMMAND: POST /session/612db7fa7930bbb36023b099dfe9ab59/execute/async - {"script":"<script> [2676 bytes]","args":[]}
RESULT: {"script":"<script> [2676 bytes]","args":[]}
COMMAND: POST /session/612db7fa7930bbb36023b099dfe9ab59/execute/async - {"script":"<script> [2342 bytes]","args":[{"protocol":"http","hostname":"0.0.0.0","path":"/","capabilities":{"browserName":"chrome","goog:chromeOptions":{"binary":"C:\\Program Files\\Google\\Chrome\\Application\\chrome.exe","args":["--start-maximized"]}},"logLevel":"warn","connectionRetryTimeout":120000,"connectionRetryCount":3,"logLevels":{},"enableDirectConnect":true,"strictSSL":true,"_":"65 more keys: [\"cacheDir\",\"port\",\"requestedCapabilities\",\"automationProtocol\",\"baseUrl\",\"waitforInterval\",\"waitforTimeout\",\"onReload\",\"beforeCommand\",\"afterCommand\",\"rootDir\",\"specs\",\"suites\",\"exclude\",\"groupLogsByTestSpec\",\"excludeDriverLogs\",\"bail\",\"framework\",\"reporters\",\"services\",\"maxInstances\",\"maxInstancesPerCapability\",\"injectGlobals\",\"filesToWatch\",\"execArgv\",\"runnerEnv\",\"runner\",\"shard\",\"specFileRetries\",\"specFileRetriesDelay\",\"specFileRetriesDeferred\",\"reporterSyncInterval\",\"reporterSyncTimeout\",\"cucumberFeaturesWithLineNumbers\",\"autoCompileOpts\",\"mochaOpts\",\"jasmineOpts\",\"cucumberOpts\",\"onPrepare\",\"onWorkerStart\",\"onWorkerEnd\",\"before\",\"beforeSession\",\"beforeSuite\",\"beforeHook\",\"beforeTest\",\"afterTest\",\"afterHook\",\"afterSuite\",\"afterSession\",\"after\",\"onComplete\",\"beforeAssertion\",\"afterAssertion\",\"beforeFeature\",\"beforeScenario\",\"beforeStep\",\"afterStep\",\"afterScenario\",\"afterFeature\",\"_\",\"suite\",\"$0\",\"ignoredWorkerServices\",\"wdi5\"]"}]}
RESULT: {"script":"<script> [2342 bytes]","args":[{"protocol":"http","hostname":"0.0.0.0","path":"/","capabilities":{"browserName":"chrome","goog:chromeOptions":{"binary":"C:\\Program Files\\Google\\Chrome\\Application\\chrome.exe","args":["--start-maximized"]}},"logLevel":"warn","connectionRetryTimeout":120000,"connectionRetryCount":3,"logLevels":{},"enableDirectConnect":true,"strictSSL":true,"_":"65 more keys: [\"cacheDir\",\"port\",\"requestedCapabilities\",\"automationProtocol\",\"baseUrl\",\"waitforInterval\",\"waitforTimeout\",\"onReload\",\"beforeCommand\",\"afterCommand\",\"rootDir\",\"specs\",\"suites\",\"exclude\",\"groupLogsByTestSpec\",\"excludeDriverLogs\",\"bail\",\"framework\",\"reporters\",\"services\",\"maxInstances\",\"maxInstancesPerCapability\",\"injectGlobals\",\"filesToWatch\",\"execArgv\",\"runnerEnv\",\"runner\",\"shard\",\"specFileRetries\",\"specFileRetriesDelay\",\"specFileRetriesDeferred\",\"reporterSyncInterval\",\"reporterSyncTimeout\",\"cucumberFeaturesWithLineNumbers\",\"autoCompileOpts\",\"mochaOpts\",\"jasmineOpts\",\"cucumberOpts\",\"onPrepare\",\"onWorkerStart\",\"onWorkerEnd\",\"before\",\"beforeSession\",\"beforeSuite\",\"beforeHook\",\"beforeTest\",\"afterTest\",\"afterHook\",\"afterSuite\",\"afterSession\",\"after\",\"onComplete\",\"beforeAssertion\",\"afterAssertion\",\"beforeFeature\",\"beforeScenario\",\"beforeStep\",\"afterStep\",\"afterScenario\",\"afterFeature\",\"_\",\"suite\",\"$0\",\"ignoredWorkerServices\",\"wdi5\"]"}]}
COMMAND: POST /session/612db7fa7930bbb36023b099dfe9ab59/execute/async - {"script":"<script> [21126 bytes]","args":[35000]}
RESULT: {"script":"<script> [21126 bytes]","args":[35000]}
COMMAND: POST /session/612db7fa7930bbb36023b099dfe9ab59/execute/async - {"script":"<script> [1562 bytes]","args":[{"selector":{"id":"application-managecontracts-display-component---AddNewContract--contractType","interaction":{"idSuffix":"arrow"}},"wdio_ui5_key":"applicationmanagecontracts-display-component---AddNewContract--contractType"}]}
RESULT: {"script":"<script> [1562 bytes]","args":[{"selector":{"id":"application-managecontracts-display-component---AddNewContract--contractType","interaction":{"idSuffix":"arrow"}},"wdio_ui5_key":"applicationmanagecontracts-display-component---AddNewContract--contractType"}]}
RESULT: undefined
COMMAND: POST /session/612db7fa7930bbb36023b099dfe9ab59/element - {"using":"xpath","value":"//*[@id=\"application-managecontracts-display-component---AddNewContract--contractType\"]"}
RESULT: {"using":"xpath","value":"//*[@id=\"application-managecontracts-display-component---AddNewContract--contractType\"]"}
COMMAND: POST /session/612db7fa7930bbb36023b099dfe9ab59/element/f.E3CD5E68D1E1B2FCF6DD50D193150CE1.d.649DFC34CA1BEBA634F77EB67F2A4C43.e.10356/click - {}
RESULT: {}
COMMAND: GET /session/612db7fa7930bbb36023b099dfe9ab59/screenshot - {}
RESULT: {}
COMMAND: POST /session/612db7fa7930bbb36023b099dfe9ab59/execute/async - {"script":"<script> [1562 bytes]","args":[{"selector":{"controlType":"sap.ui.core.Item","viewName":"etm.portal.ui.managecontracts.view.AddNewContract","viewId":"application-managecontracts-display-component---AddNewContract","bindingPath":{"path":"/ContractTypes('02')","propertyPath":"ID","modelName":"catalogModel"},"searchOpenDialogs":true},"wdio_ui5_key":"etmportal.ui.managecontracts.view.AddNewContractsap.ui.core.Item{\"path\":\"/ContractTypes('02')\",\"propertyPath\":\"ID\",\"modelName\":\"catalogModel\"}"}]}
RESULT: {"script":"<script> [1562 bytes]","args":[{"selector":{"controlType":"sap.ui.core.Item","viewName":"etm.portal.ui.managecontracts.view.AddNewContract","viewId":"application-managecontracts-display-component---AddNewContract","bindingPath":{"path":"/ContractTypes('02')","propertyPath":"ID","modelName":"catalogModel"},"searchOpenDialogs":true},"wdio_ui5_key":"etmportal.ui.managecontracts.view.AddNewContractsap.ui.core.Item{\"path\":\"/ContractTypes('02')\",\"propertyPath\":\"ID\",\"modelName\":\"catalogModel\"}"}]}
RESULT: undefined
COMMAND: POST /session/612db7fa7930bbb36023b099dfe9ab59/element - {"using":"xpath","value":"//*[@id=\"__item44-application-managecontracts-display-component---AddNewContract--contractType-1\"]"}
RESULT: {"using":"xpath","value":"//*[@id=\"__item44-application-managecontracts-display-component---AddNewContract--contractType-1\"]"}
COMMAND: POST /session/612db7fa7930bbb36023b099dfe9ab59/element/f.E3CD5E68D1E1B2FCF6DD50D193150CE1.d.649DFC34CA1BEBA634F77EB67F2A4C43.e.10357/click - {}
RESULT: {}
COMMAND: GET /session/612db7fa7930bbb36023b099dfe9ab59/screenshot - {}
RESULT: {}
COMMAND: POST /session/612db7fa7930bbb36023b099dfe9ab59/execute/async - {"script":"<script> [1562 bytes]","args":[{"selector":{"id":"application-managecontracts-display-component---AddNewContract--projectDescription","interaction":{"idSuffix":"inner"}},"wdio_ui5_key":"applicationmanagecontracts-display-component---AddNewContract--projectDescription"}]}
RESULT: {"script":"<script> [1562 bytes]","args":[{"selector":{"id":"application-managecontracts-display-component---AddNewContract--projectDescription","interaction":{"idSuffix":"inner"}},"wdio_ui5_key":"applicationmanagecontracts-display-component---AddNewContract--projectDescription"}]}
RESULT: undefined
COMMAND: POST /session/612db7fa7930bbb36023b099dfe9ab59/execute/async - {"script":"<script> [776 bytes]","args":[{"enterText":"WdIOReduced0qrfc","selector":{"id":"application-managecontracts-display-component---AddNewContract--projectDescription","interaction":{"idSuffix":"inner"}},"clearTextFirst":true,"interactionType":"ENTER_TEXT"}]}
RESULT: {"script":"<script> [776 bytes]","args":[{"enterText":"WdIOReduced0qrfc","selector":{"id":"application-managecontracts-display-component---AddNewContract--projectDescription","interaction":{"idSuffix":"inner"}},"clearTextFirst":true,"interactionType":"ENTER_TEXT"}]}
COMMAND: POST /session/612db7fa7930bbb36023b099dfe9ab59/element - {"using":"xpath","value":"//input[@id=\"application-managecontracts-display-component---AddNewContract--yardId-inner\"]"}
RESULT: {"using":"xpath","value":"//input[@id=\"application-managecontracts-display-component---AddNewContract--yardId-inner\"]"}
COMMAND: POST /session/612db7fa7930bbb36023b099dfe9ab59/element/f.E3CD5E68D1E1B2FCF6DD50D193150CE1.d.649DFC34CA1BEBA634F77EB67F2A4C43.e.10217/clear - {}
RESULT: {}
COMMAND: POST /session/612db7fa7930bbb36023b099dfe9ab59/element/f.E3CD5E68D1E1B2FCF6DD50D193150CE1.d.649DFC34CA1BEBA634F77EB67F2A4C43.e.10217/value - {"text":"WebdriverYard90ykt"}
COMMAND: GET /session/612db7fa7930bbb36023b099dfe9ab59/screenshot - {}
RESULT: {"text":"WebdriverYard90ykt"}
COMMAND: GET /session/612db7fa7930bbb36023b099dfe9ab59/screenshot - {}
RESULT: {}
RESULT: {}
COMMAND: POST /session/612db7fa7930bbb36023b099dfe9ab59/actions - {"actions":[{"id":"action58","type":"key","parameters":{},"actions":[{"type":"keyDown","value":""},{"type":"pause","duration":10},{"type":"keyUp","value":""}]}]}
RESULT: {"actions":[{"id":"action58","type":"key","parameters":{},"actions":[{"type":"keyDown","value":""},{"type":"pause","duration":10},{"type":"keyUp","value":""}]}]}
COMMAND: GET /session/612db7fa7930bbb36023b099dfe9ab59/screenshot - {}
RESULT: {}
COMMAND: POST /session/612db7fa7930bbb36023b099dfe9ab59/element - {"using":"xpath","value":"//input[@id=\"application-managecontracts-display-component---AddNewContract--customerSelect-inner\"]"}
RESULT: {"using":"xpath","value":"//input[@id=\"application-managecontracts-display-component---AddNewContract--customerSelect-inner\"]"}
COMMAND: POST /session/612db7fa7930bbb36023b099dfe9ab59/element/f.E3CD5E68D1E1B2FCF6DD50D193150CE1.d.649DFC34CA1BEBA634F77EB67F2A4C43.e.10215/clear - {}
RESULT: {}
COMMAND: POST /session/612db7fa7930bbb36023b099dfe9ab59/element/f.E3CD5E68D1E1B2FCF6DD50D193150CE1.d.649DFC34CA1BEBA634F77EB67F2A4C43.e.10215/value - {"text":"WebdriverPartner0e1vr"}
COMMAND: GET /session/612db7fa7930bbb36023b099dfe9ab59/screenshot - {}
RESULT: {"text":"WebdriverPartner0e1vr"}
COMMAND: GET /session/612db7fa7930bbb36023b099dfe9ab59/screenshot - {}
RESULT: {}
RESULT: {}
COMMAND: POST /session/612db7fa7930bbb36023b099dfe9ab59/actions - {"actions":[{"id":"action59","type":"key","parameters":{},"actions":[{"type":"keyDown","value":""},{"type":"pause","duration":10},{"type":"keyUp","value":""}]}]}
RESULT: {"actions":[{"id":"action59","type":"key","parameters":{},"actions":[{"type":"keyDown","value":""},{"type":"pause","duration":10},{"type":"keyUp","value":""}]}]}
COMMAND: GET /session/612db7fa7930bbb36023b099dfe9ab59/screenshot - {}
RESULT: {}
COMMAND: POST /session/612db7fa7930bbb36023b099dfe9ab59/execute/async - {"script":"<script> [1562 bytes]","args":[{"selector":{"id":"application-managecontracts-display-component---AddNewContract--calendarInput-arrow"},"wdio_ui5_key":"applicationmanagecontracts-display-component---AddNewContract--calendarInput-arrow"}]}
RESULT: {"script":"<script> [1562 bytes]","args":[{"selector":{"id":"application-managecontracts-display-component---AddNewContract--calendarInput-arrow"},"wdio_ui5_key":"applicationmanagecontracts-display-component---AddNewContract--calendarInput-arrow"}]}
RESULT: undefined
COMMAND: POST /session/612db7fa7930bbb36023b099dfe9ab59/element - {"using":"xpath","value":"//*[@id=\"application-managecontracts-display-component---AddNewContract--calendarInput-arrow\"]"}
RESULT: {"using":"xpath","value":"//*[@id=\"application-managecontracts-display-component---AddNewContract--calendarInput-arrow\"]"}
COMMAND: POST /session/612db7fa7930bbb36023b099dfe9ab59/element/f.E3CD5E68D1E1B2FCF6DD50D193150CE1.d.649DFC34CA1BEBA634F77EB67F2A4C43.e.10361/click - {}
RESULT: {}
COMMAND: GET /session/612db7fa7930bbb36023b099dfe9ab59/screenshot - {}
RESULT: {}
COMMAND: POST /session/612db7fa7930bbb36023b099dfe9ab59/execute/async - {"script":"<script> [1562 bytes]","args":[{"selector":{"controlType":"sap.m.StandardListItem","viewName":"etm.portal.ui.managecontracts.view.AddNewContract","viewId":"application-managecontracts-display-component---AddNewContract","properties":{"title":"1 - Calendar unit test patch"},"searchOpenDialogs":true,"interaction":{"idSuffix":"titleText"}},"wdio_ui5_key":"etmportal.ui.managecontracts.view.AddNewContractsap.m.StandardListItem{\"title\":\"1 - Calendar unit test patch\"}"}]}
RESULT: {"script":"<script> [1562 bytes]","args":[{"selector":{"controlType":"sap.m.StandardListItem","viewName":"etm.portal.ui.managecontracts.view.AddNewContract","viewId":"application-managecontracts-display-component---AddNewContract","properties":{"title":"1 - Calendar unit test patch"},"searchOpenDialogs":true,"interaction":{"idSuffix":"titleText"}},"wdio_ui5_key":"etmportal.ui.managecontracts.view.AddNewContractsap.m.StandardListItem{\"title\":\"1 - Calendar unit test patch\"}"}]}
RESULT: undefined
COMMAND: POST /session/612db7fa7930bbb36023b099dfe9ab59/element - {"using":"xpath","value":"//*[@id=\"__item386\"]"}
RESULT: {"using":"xpath","value":"//*[@id=\"__item386\"]"}
COMMAND: POST /session/612db7fa7930bbb36023b099dfe9ab59/element/f.E3CD5E68D1E1B2FCF6DD50D193150CE1.d.649DFC34CA1BEBA634F77EB67F2A4C43.e.10363/click - {}
RESULT: {}
COMMAND: GET /session/612db7fa7930bbb36023b099dfe9ab59/screenshot - {}
RESULT: {}
COMMAND: POST /session/612db7fa7930bbb36023b099dfe9ab59/execute/async - {"script":"<script> [1562 bytes]","args":[{"selector":{"id":"application-managecontracts-display-component---AddNewContract--streetInput","interaction":{"idSuffix":"inner"}},"wdio_ui5_key":"applicationmanagecontracts-display-component---AddNewContract--streetInput"}]}
RESULT: {"script":"<script> [1562 bytes]","args":[{"selector":{"id":"application-managecontracts-display-component---AddNewContract--streetInput","interaction":{"idSuffix":"inner"}},"wdio_ui5_key":"applicationmanagecontracts-display-component---AddNewContract--streetInput"}]}
RESULT: undefined
COMMAND: POST /session/612db7fa7930bbb36023b099dfe9ab59/execute/async - {"script":"<script> [776 bytes]","args":[{"enterText":"StreetWdIO","selector":{"id":"application-managecontracts-display-component---AddNewContract--streetInput","interaction":{"idSuffix":"inner"}},"clearTextFirst":true,"interactionType":"ENTER_TEXT"}]}
RESULT: {"script":"<script> [776 bytes]","args":[{"enterText":"StreetWdIO","selector":{"id":"application-managecontracts-display-component---AddNewContract--streetInput","interaction":{"idSuffix":"inner"}},"clearTextFirst":true,"interactionType":"ENTER_TEXT"}]}
COMMAND: POST /session/612db7fa7930bbb36023b099dfe9ab59/execute/async - {"script":"<script> [1562 bytes]","args":[{"selector":{"id":"application-managecontracts-display-component---AddNewContract--numberInput","interaction":{"idSuffix":"inner"}},"wdio_ui5_key":"applicationmanagecontracts-display-component---AddNewContract--numberInput"}]}
RESULT: {"script":"<script> [1562 bytes]","args":[{"selector":{"id":"application-managecontracts-display-component---AddNewContract--numberInput","interaction":{"idSuffix":"inner"}},"wdio_ui5_key":"applicationmanagecontracts-display-component---AddNewContract--numberInput"}]}
RESULT: undefined
COMMAND: POST /session/612db7fa7930bbb36023b099dfe9ab59/execute/async - {"script":"<script> [776 bytes]","args":[{"enterText":"3","selector":{"id":"application-managecontracts-display-component---AddNewContract--numberInput","interaction":{"idSuffix":"inner"}},"clearTextFirst":true,"interactionType":"ENTER_TEXT"}]}
RESULT: {"script":"<script> [776 bytes]","args":[{"enterText":"3","selector":{"id":"application-managecontracts-display-component---AddNewContract--numberInput","interaction":{"idSuffix":"inner"}},"clearTextFirst":true,"interactionType":"ENTER_TEXT"}]}
COMMAND: POST /session/612db7fa7930bbb36023b099dfe9ab59/execute/async - {"script":"<script> [1562 bytes]","args":[{"selector":{"id":"application-managecontracts-display-component---AddNewContract--cityInput","interaction":{"idSuffix":"inner"}},"wdio_ui5_key":"applicationmanagecontracts-display-component---AddNewContract--cityInput"}]}
RESULT: {"script":"<script> [1562 bytes]","args":[{"selector":{"id":"application-managecontracts-display-component---AddNewContract--cityInput","interaction":{"idSuffix":"inner"}},"wdio_ui5_key":"applicationmanagecontracts-display-component---AddNewContract--cityInput"}]}
RESULT: undefined
COMMAND: POST /session/612db7fa7930bbb36023b099dfe9ab59/execute/async - {"script":"<script> [776 bytes]","args":[{"enterText":"Bucharest","selector":{"id":"application-managecontracts-display-component---AddNewContract--cityInput","interaction":{"idSuffix":"inner"}},"clearTextFirst":true,"interactionType":"ENTER_TEXT"}]}
RESULT: {"script":"<script> [776 bytes]","args":[{"enterText":"Bucharest","selector":{"id":"application-managecontracts-display-component---AddNewContract--cityInput","interaction":{"idSuffix":"inner"}},"clearTextFirst":true,"interactionType":"ENTER_TEXT"}]}
COMMAND: POST /session/612db7fa7930bbb36023b099dfe9ab59/execute/async - {"script":"<script> [1562 bytes]","args":[{"selector":{"id":"application-managecontracts-display-component---AddNewContract--zipInput","interaction":{"idSuffix":"inner"}},"wdio_ui5_key":"applicationmanagecontracts-display-component---AddNewContract--zipInput"}]}
RESULT: {"script":"<script> [1562 bytes]","args":[{"selector":{"id":"application-managecontracts-display-component---AddNewContract--zipInput","interaction":{"idSuffix":"inner"}},"wdio_ui5_key":"applicationmanagecontracts-display-component---AddNewContract--zipInput"}]}
RESULT: undefined
COMMAND: POST /session/612db7fa7930bbb36023b099dfe9ab59/execute/async - {"script":"<script> [776 bytes]","args":[{"enterText":"021210","selector":{"id":"application-managecontracts-display-component---AddNewContract--zipInput","interaction":{"idSuffix":"inner"}},"clearTextFirst":true,"interactionType":"ENTER_TEXT"}]}
RESULT: {"script":"<script> [776 bytes]","args":[{"enterText":"021210","selector":{"id":"application-managecontracts-display-component---AddNewContract--zipInput","interaction":{"idSuffix":"inner"}},"clearTextFirst":true,"interactionType":"ENTER_TEXT"}]}
COMMAND: POST /session/612db7fa7930bbb36023b099dfe9ab59/element - {"using":"xpath","value":"//bdi[contains(@id ,\"application-managecontracts-display-component---AddNewContract--saveBtn-BDI-content\")]"}
RESULT: {"using":"xpath","value":"//bdi[contains(@id ,\"application-managecontracts-display-component---AddNewContract--saveBtn-BDI-content\")]"}
COMMAND: POST /session/612db7fa7930bbb36023b099dfe9ab59/element/f.E3CD5E68D1E1B2FCF6DD50D193150CE1.d.649DFC34CA1BEBA634F77EB67F2A4C43.e.10368/click - {}
RESULT: {}
COMMAND: GET /session/612db7fa7930bbb36023b099dfe9ab59/screenshot - {}
RESULT: {}
COMMAND: POST /session/612db7fa7930bbb36023b099dfe9ab59/element - {"using":"xpath","value":"//button[contains(@data-kt ,\"contractDetailEditBtnButton\")]"}
RESULT: {"using":"xpath","value":"//button[contains(@data-kt ,\"contractDetailEditBtnButton\")]"}
COMMAND: POST /session/612db7fa7930bbb36023b099dfe9ab59/execute/sync - {"script":"<script> [8489 bytes]","args":[{"element-6066-11e4-a52e-4f735466cecf":"f.E3CD5E68D1E1B2FCF6DD50D193150CE1.d.649DFC34CA1BEBA634F77EB67F2A4C43.e.10424","ELEMENT":"f.E3CD5E68D1E1B2FCF6DD50D193150CE1.d.649DFC34CA1BEBA634F77EB67F2A4C43.e.10424"}]}
RESULT: {"script":"<script> [8489 bytes]","args":[{"element-6066-11e4-a52e-4f735466cecf":"f.E3CD5E68D1E1B2FCF6DD50D193150CE1.d.649DFC34CA1BEBA634F77EB67F2A4C43.e.10424","ELEMENT":"f.E3CD5E68D1E1B2FCF6DD50D193150CE1.d.649DFC34CA1BEBA634F77EB67F2A4C43.e.10424"}]}
COMMAND: POST /session/612db7fa7930bbb36023b099dfe9ab59/execute/sync - {"script":"<script> [8489 bytes]","args":[{"element-6066-11e4-a52e-4f735466cecf":"f.E3CD5E68D1E1B2FCF6DD50D193150CE1.d.649DFC34CA1BEBA634F77EB67F2A4C43.e.10424","ELEMENT":"f.E3CD5E68D1E1B2FCF6DD50D193150CE1.d.649DFC34CA1BEBA634F77EB67F2A4C43.e.10424"}]}
COMMAND: GET /session/612db7fa7930bbb36023b099dfe9ab59/screenshot - {}
RESULT: {"script":"<script> [8489 bytes]","args":[{"element-6066-11e4-a52e-4f735466cecf":"f.E3CD5E68D1E1B2FCF6DD50D193150CE1.d.649DFC34CA1BEBA634F77EB67F2A4C43.e.10424","ELEMENT":"f.E3CD5E68D1E1B2FCF6DD50D193150CE1.d.649DFC34CA1BEBA634F77EB67F2A4C43.e.10424"}]}
COMMAND: POST /session/612db7fa7930bbb36023b099dfe9ab59/execute/sync - {"script":"<script> [5351 bytes]","args":[{"element-6066-11e4-a52e-4f735466cecf":"f.E3CD5E68D1E1B2FCF6DD50D193150CE1.d.649DFC34CA1BEBA634F77EB67F2A4C43.e.10424","ELEMENT":"f.E3CD5E68D1E1B2FCF6DD50D193150CE1.d.649DFC34CA1BEBA634F77EB67F2A4C43.e.10424"}]}
COMMAND: GET /session/612db7fa7930bbb36023b099dfe9ab59/screenshot - {}
RESULT: {}
RESULT: {"script":"<script> [5351 bytes]","args":[{"element-6066-11e4-a52e-4f735466cecf":"f.E3CD5E68D1E1B2FCF6DD50D193150CE1.d.649DFC34CA1BEBA634F77EB67F2A4C43.e.10424","ELEMENT":"f.E3CD5E68D1E1B2FCF6DD50D193150CE1.d.649DFC34CA1BEBA634F77EB67F2A4C43.e.10424"}]}
COMMAND: POST /session/612db7fa7930bbb36023b099dfe9ab59/execute/async - {"script":"<script> [1562 bytes]","args":[{"selector":{"controlType":"sap.m.Text","viewName":"etm.portal.ui.managecontracts.view.Detail","bindingPath":{"propertyPath":"LINK_TO_C_CONTRACT_TYPES/DESCRIPTION","modelName":"catalogModel"}},"wdio_ui5_key":"etmportal.ui.managecontracts.view.Detailsap.m.Text{\"propertyPath\":\"LINK_TO_C_CONTRACT_TYPES/DESCRIPTION\",\"modelName\":\"catalogModel\"}"}]}
COMMAND: GET /session/612db7fa7930bbb36023b099dfe9ab59/screenshot - {}
RESULT: {}
RESULT: {"script":"<script> [1562 bytes]","args":[{"selector":{"controlType":"sap.m.Text","viewName":"etm.portal.ui.managecontracts.view.Detail","bindingPath":{"propertyPath":"LINK_TO_C_CONTRACT_TYPES/DESCRIPTION","modelName":"catalogModel"}},"wdio_ui5_key":"etmportal.ui.managecontracts.view.Detailsap.m.Text{\"propertyPath\":\"LINK_TO_C_CONTRACT_TYPES/DESCRIPTION\",\"modelName\":\"catalogModel\"}"}]}
RESULT: undefined
COMMAND: POST /session/612db7fa7930bbb36023b099dfe9ab59/execute/async - {"script":"<script> [6424 bytes]","args":[{"element-6066-11e4-a52e-4f735466cecf":"f.E3CD5E68D1E1B2FCF6DD50D193150CE1.d.649DFC34CA1BEBA634F77EB67F2A4C43.e.10427"},"getText",[]]}
RESULT: {}
RESULT: {"script":"<script> [6424 bytes]","args":[{"element-6066-11e4-a52e-4f735466cecf":"f.E3CD5E68D1E1B2FCF6DD50D193150CE1.d.649DFC34CA1BEBA634F77EB67F2A4C43.e.10427"},"getText",[]]}
COMMAND: POST /session/612db7fa7930bbb36023b099dfe9ab59/element/f.E3CD5E68D1E1B2FCF6DD50D193150CE1.d.649DFC34CA1BEBA634F77EB67F2A4C43.e.10424/click - {}
RESULT: {}
COMMAND: GET /session/612db7fa7930bbb36023b099dfe9ab59/screenshot - {}
RESULT: {}
]]></system-out>
    </testcase>
    <testcase classname="chrome.136_0_7103_93.windows.Reduced_contract_US151275" name="Should add a RU to the contract" time="46.696">
      <system-out><![CDATA[
COMMAND: POST /session/612db7fa7930bbb36023b099dfe9ab59/element - {"using":"xpath","value":"(//span[contains(text(), \"Header Billing Items\")])[2]"}
RESULT: {"using":"xpath","value":"(//span[contains(text(), \"Header Billing Items\")])[2]"}
COMMAND: POST /session/612db7fa7930bbb36023b099dfe9ab59/element/f.E3CD5E68D1E1B2FCF6DD50D193150CE1.d.649DFC34CA1BEBA634F77EB67F2A4C43.e.10471/click - {}
RESULT: {}
COMMAND: GET /session/612db7fa7930bbb36023b099dfe9ab59/screenshot - {}
RESULT: {}
COMMAND: POST /session/612db7fa7930bbb36023b099dfe9ab59/element - {"using":"xpath","value":"//button[@data-kt=\"btnAddTableRowOverflowToolbarButton\"]"}
RESULT: {"using":"xpath","value":"//button[@data-kt=\"btnAddTableRowOverflowToolbarButton\"]"}
COMMAND: POST /session/612db7fa7930bbb36023b099dfe9ab59/element/f.E3CD5E68D1E1B2FCF6DD50D193150CE1.d.649DFC34CA1BEBA634F77EB67F2A4C43.e.10474/click - {}
RESULT: {}
COMMAND: GET /session/612db7fa7930bbb36023b099dfe9ab59/screenshot - {}
RESULT: {}
COMMAND: POST /session/612db7fa7930bbb36023b099dfe9ab59/element - {"using":"xpath","value":"//div[(text() = 'Standard Entry' or . = 'Standard Entry')]"}
RESULT: {"using":"xpath","value":"//div[(text() = 'Standard Entry' or . = 'Standard Entry')]"}
COMMAND: POST /session/612db7fa7930bbb36023b099dfe9ab59/element/f.E3CD5E68D1E1B2FCF6DD50D193150CE1.d.649DFC34CA1BEBA634F77EB67F2A4C43.e.10476/click - {}
RESULT: {}
COMMAND: POST /session/612db7fa7930bbb36023b099dfe9ab59/element - {"using":"xpath","value":"//td[6]/div/div/input[1]"}
COMMAND: GET /session/612db7fa7930bbb36023b099dfe9ab59/screenshot - {}
RESULT: {"using":"xpath","value":"//td[6]/div/div/input[1]"}
COMMAND: POST /session/612db7fa7930bbb36023b099dfe9ab59/element/f.E3CD5E68D1E1B2FCF6DD50D193150CE1.d.649DFC34CA1BEBA634F77EB67F2A4C43.e.10478/click - {}
RESULT: {}
RESULT: {}
COMMAND: POST /session/612db7fa7930bbb36023b099dfe9ab59/actions - {"actions":[{"id":"action60","type":"key","parameters":{},"actions":[{"type":"keyDown","value":""},{"type":"pause","duration":10},{"type":"keyUp","value":""}]}]}
COMMAND: GET /session/612db7fa7930bbb36023b099dfe9ab59/screenshot - {}
RESULT: {"actions":[{"id":"action60","type":"key","parameters":{},"actions":[{"type":"keyDown","value":""},{"type":"pause","duration":10},{"type":"keyUp","value":""}]}]}
COMMAND: POST /session/612db7fa7930bbb36023b099dfe9ab59/element - {"using":"xpath","value":"//td[6]/div/div/input[1]"}
COMMAND: GET /session/612db7fa7930bbb36023b099dfe9ab59/screenshot - {}
RESULT: {}
RESULT: {"using":"xpath","value":"//td[6]/div/div/input[1]"}
COMMAND: POST /session/612db7fa7930bbb36023b099dfe9ab59/element/f.E3CD5E68D1E1B2FCF6DD50D193150CE1.d.649DFC34CA1BEBA634F77EB67F2A4C43.e.10478/clear - {}
RESULT: {}
RESULT: {}
COMMAND: POST /session/612db7fa7930bbb36023b099dfe9ab59/element/f.E3CD5E68D1E1B2FCF6DD50D193150CE1.d.649DFC34CA1BEBA634F77EB67F2A4C43.e.10478/value - {"text":"Material"}
COMMAND: GET /session/612db7fa7930bbb36023b099dfe9ab59/screenshot - {}
RESULT: {"text":"Material"}
COMMAND: GET /session/612db7fa7930bbb36023b099dfe9ab59/screenshot - {}
RESULT: {}
RESULT: {}
COMMAND: POST /session/612db7fa7930bbb36023b099dfe9ab59/actions - {"actions":[{"id":"action61","type":"key","parameters":{},"actions":[{"type":"keyDown","value":""},{"type":"pause","duration":10},{"type":"keyUp","value":""}]}]}
RESULT: {"actions":[{"id":"action61","type":"key","parameters":{},"actions":[{"type":"keyDown","value":""},{"type":"pause","duration":10},{"type":"keyUp","value":""}]}]}
COMMAND: GET /session/612db7fa7930bbb36023b099dfe9ab59/screenshot - {}
RESULT: {}
COMMAND: POST /session/612db7fa7930bbb36023b099dfe9ab59/actions - {"actions":[{"id":"action62","type":"key","parameters":{},"actions":[{"type":"keyDown","value":""},{"type":"pause","duration":10},{"type":"keyUp","value":""}]}]}
RESULT: {"actions":[{"id":"action62","type":"key","parameters":{},"actions":[{"type":"keyDown","value":""},{"type":"pause","duration":10},{"type":"keyUp","value":""}]}]}
COMMAND: POST /session/612db7fa7930bbb36023b099dfe9ab59/element - {"using":"xpath","value":"//td[7]/div/div/input"}
COMMAND: GET /session/612db7fa7930bbb36023b099dfe9ab59/screenshot - {}
RESULT: {"using":"xpath","value":"//td[7]/div/div/input"}
COMMAND: POST /session/612db7fa7930bbb36023b099dfe9ab59/element/f.E3CD5E68D1E1B2FCF6DD50D193150CE1.d.649DFC34CA1BEBA634F77EB67F2A4C43.e.10491/clear - {}
RESULT: {}
RESULT: {}
COMMAND: POST /session/612db7fa7930bbb36023b099dfe9ab59/element/f.E3CD5E68D1E1B2FCF6DD50D193150CE1.d.649DFC34CA1BEBA634F77EB67F2A4C43.e.10491/value - {"text":"WebdriverRUR2C"}
COMMAND: GET /session/612db7fa7930bbb36023b099dfe9ab59/screenshot - {}
RESULT: {"text":"WebdriverRUR2C"}
COMMAND: GET /session/612db7fa7930bbb36023b099dfe9ab59/screenshot - {}
RESULT: {}
RESULT: {}
COMMAND: POST /session/612db7fa7930bbb36023b099dfe9ab59/actions - {"actions":[{"id":"action63","type":"key","parameters":{},"actions":[{"type":"keyDown","value":""},{"type":"pause","duration":10},{"type":"keyUp","value":""}]}]}
RESULT: {"actions":[{"id":"action63","type":"key","parameters":{},"actions":[{"type":"keyDown","value":""},{"type":"pause","duration":10},{"type":"keyUp","value":""}]}]}
COMMAND: GET /session/612db7fa7930bbb36023b099dfe9ab59/screenshot - {}
RESULT: {}
COMMAND: POST /session/612db7fa7930bbb36023b099dfe9ab59/actions - {"actions":[{"id":"action64","type":"key","parameters":{},"actions":[{"type":"keyDown","value":""},{"type":"pause","duration":10},{"type":"keyUp","value":""}]}]}
RESULT: {"actions":[{"id":"action64","type":"key","parameters":{},"actions":[{"type":"keyDown","value":""},{"type":"pause","duration":10},{"type":"keyUp","value":""}]}]}
COMMAND: GET /session/612db7fa7930bbb36023b099dfe9ab59/screenshot - {}
RESULT: {}
COMMAND: POST /session/612db7fa7930bbb36023b099dfe9ab59/element - {"using":"xpath","value":"(//button[@data-kt=\"saveButton\"])[2]"}
RESULT: {"using":"xpath","value":"(//button[@data-kt=\"saveButton\"])[2]"}
COMMAND: POST /session/612db7fa7930bbb36023b099dfe9ab59/element/f.E3CD5E68D1E1B2FCF6DD50D193150CE1.d.649DFC34CA1BEBA634F77EB67F2A4C43.e.10517/click - {}
RESULT: {}
COMMAND: GET /session/612db7fa7930bbb36023b099dfe9ab59/screenshot - {}
RESULT: {}
COMMAND: POST /session/612db7fa7930bbb36023b099dfe9ab59/element - {"using":"xpath","value":"//button[contains(@data-kt ,\"contractDetailEditBtnButton\")]"}
RESULT: {"using":"xpath","value":"//button[contains(@data-kt ,\"contractDetailEditBtnButton\")]"}
COMMAND: POST /session/612db7fa7930bbb36023b099dfe9ab59/execute/sync - {"script":"<script> [8489 bytes]","args":[{"element-6066-11e4-a52e-4f735466cecf":"f.E3CD5E68D1E1B2FCF6DD50D193150CE1.d.649DFC34CA1BEBA634F77EB67F2A4C43.e.10424","ELEMENT":"f.E3CD5E68D1E1B2FCF6DD50D193150CE1.d.649DFC34CA1BEBA634F77EB67F2A4C43.e.10424"}]}
RESULT: {"script":"<script> [8489 bytes]","args":[{"element-6066-11e4-a52e-4f735466cecf":"f.E3CD5E68D1E1B2FCF6DD50D193150CE1.d.649DFC34CA1BEBA634F77EB67F2A4C43.e.10424","ELEMENT":"f.E3CD5E68D1E1B2FCF6DD50D193150CE1.d.649DFC34CA1BEBA634F77EB67F2A4C43.e.10424"}]}
COMMAND: POST /session/612db7fa7930bbb36023b099dfe9ab59/execute/sync - {"script":"<script> [8489 bytes]","args":[{"element-6066-11e4-a52e-4f735466cecf":"f.E3CD5E68D1E1B2FCF6DD50D193150CE1.d.649DFC34CA1BEBA634F77EB67F2A4C43.e.10424","ELEMENT":"f.E3CD5E68D1E1B2FCF6DD50D193150CE1.d.649DFC34CA1BEBA634F77EB67F2A4C43.e.10424"}]}
COMMAND: GET /session/612db7fa7930bbb36023b099dfe9ab59/screenshot - {}
RESULT: {"script":"<script> [8489 bytes]","args":[{"element-6066-11e4-a52e-4f735466cecf":"f.E3CD5E68D1E1B2FCF6DD50D193150CE1.d.649DFC34CA1BEBA634F77EB67F2A4C43.e.10424","ELEMENT":"f.E3CD5E68D1E1B2FCF6DD50D193150CE1.d.649DFC34CA1BEBA634F77EB67F2A4C43.e.10424"}]}
COMMAND: POST /session/612db7fa7930bbb36023b099dfe9ab59/execute/sync - {"script":"<script> [5351 bytes]","args":[{"element-6066-11e4-a52e-4f735466cecf":"f.E3CD5E68D1E1B2FCF6DD50D193150CE1.d.649DFC34CA1BEBA634F77EB67F2A4C43.e.10424","ELEMENT":"f.E3CD5E68D1E1B2FCF6DD50D193150CE1.d.649DFC34CA1BEBA634F77EB67F2A4C43.e.10424"}]}
COMMAND: GET /session/612db7fa7930bbb36023b099dfe9ab59/screenshot - {}
RESULT: {}
RESULT: {"script":"<script> [5351 bytes]","args":[{"element-6066-11e4-a52e-4f735466cecf":"f.E3CD5E68D1E1B2FCF6DD50D193150CE1.d.649DFC34CA1BEBA634F77EB67F2A4C43.e.10424","ELEMENT":"f.E3CD5E68D1E1B2FCF6DD50D193150CE1.d.649DFC34CA1BEBA634F77EB67F2A4C43.e.10424"}]}
COMMAND: POST /session/612db7fa7930bbb36023b099dfe9ab59/element - {"using":"xpath","value":"(//span[contains(text(), \"Header Billing Items\")])[1]"}
COMMAND: GET /session/612db7fa7930bbb36023b099dfe9ab59/screenshot - {}
RESULT: {}
RESULT: {"using":"xpath","value":"(//span[contains(text(), \"Header Billing Items\")])[1]"}
COMMAND: POST /session/612db7fa7930bbb36023b099dfe9ab59/element/f.E3CD5E68D1E1B2FCF6DD50D193150CE1.d.649DFC34CA1BEBA634F77EB67F2A4C43.e.10520/click - {}
RESULT: {}
RESULT: {}
COMMAND: GET /session/612db7fa7930bbb36023b099dfe9ab59/screenshot - {}
RESULT: {}
COMMAND: POST /session/612db7fa7930bbb36023b099dfe9ab59/execute/async - {"script":"<script> [1562 bytes]","args":[{"selector":{"controlType":"sap.m.Title","viewName":"etm.portal.ui.managecontracts.view.Detail","properties":{"text":"Contract Items (1)"}},"wdio_ui5_key":"etmportal.ui.managecontracts.view.Detailsap.m.Title{\"text\":\"Contract Items (1)\"}"}]}
RESULT: {"script":"<script> [1562 bytes]","args":[{"selector":{"controlType":"sap.m.Title","viewName":"etm.portal.ui.managecontracts.view.Detail","properties":{"text":"Contract Items (1)"}},"wdio_ui5_key":"etmportal.ui.managecontracts.view.Detailsap.m.Title{\"text\":\"Contract Items (1)\"}"}]}
RESULT: undefined
COMMAND: POST /session/612db7fa7930bbb36023b099dfe9ab59/execute/async - {"script":"<script> [6424 bytes]","args":[{"element-6066-11e4-a52e-4f735466cecf":"f.E3CD5E68D1E1B2FCF6DD50D193150CE1.d.649DFC34CA1BEBA634F77EB67F2A4C43.e.10522"},"getText",[]]}
RESULT: {"script":"<script> [6424 bytes]","args":[{"element-6066-11e4-a52e-4f735466cecf":"f.E3CD5E68D1E1B2FCF6DD50D193150CE1.d.649DFC34CA1BEBA634F77EB67F2A4C43.e.10522"},"getText",[]]}
COMMAND: POST /session/612db7fa7930bbb36023b099dfe9ab59/element - {"using":"xpath","value":"(//span[contains(@class ,\"sapMObjStatusText\")])[1]"}
RESULT: {"using":"xpath","value":"(//span[contains(@class ,\"sapMObjStatusText\")])[1]"}
COMMAND: GET /session/612db7fa7930bbb36023b099dfe9ab59/element/f.E3CD5E68D1E1B2FCF6DD50D193150CE1.d.649DFC34CA1BEBA634F77EB67F2A4C43.e.10523/text - {}
RESULT: {}
COMMAND: POST /session/612db7fa7930bbb36023b099dfe9ab59/refresh - {}
RESULT: {}
COMMAND: GET /session/612db7fa7930bbb36023b099dfe9ab59/screenshot - {}
RESULT: {}
COMMAND: POST /session/612db7fa7930bbb36023b099dfe9ab59/execute/async - {"script":"<script> [189 bytes]","args":[]}
RESULT: {"script":"<script> [189 bytes]","args":[]}
COMMAND: POST /session/612db7fa7930bbb36023b099dfe9ab59/execute/async - {"script":"<script> [123 bytes]","args":[]}
RESULT: {"script":"<script> [123 bytes]","args":[]}
COMMAND: POST /session/612db7fa7930bbb36023b099dfe9ab59/timeouts - {"script":"<number>"}
RESULT: {"script":"<number>"}
COMMAND: GET /session/612db7fa7930bbb36023b099dfe9ab59/timeouts - {}
RESULT: {}
RESULT: undefined
COMMAND: POST /session/612db7fa7930bbb36023b099dfe9ab59/execute/async - {"script":"<script> [2676 bytes]","args":[]}
RESULT: {"script":"<script> [2676 bytes]","args":[]}
COMMAND: POST /session/612db7fa7930bbb36023b099dfe9ab59/execute/async - {"script":"<script> [2342 bytes]","args":[{"protocol":"http","hostname":"0.0.0.0","path":"/","capabilities":{"browserName":"chrome","goog:chromeOptions":{"binary":"C:\\Program Files\\Google\\Chrome\\Application\\chrome.exe","args":["--start-maximized"]}},"logLevel":"warn","connectionRetryTimeout":120000,"connectionRetryCount":3,"logLevels":{},"enableDirectConnect":true,"strictSSL":true,"_":"65 more keys: [\"cacheDir\",\"port\",\"requestedCapabilities\",\"automationProtocol\",\"baseUrl\",\"waitforInterval\",\"waitforTimeout\",\"onReload\",\"beforeCommand\",\"afterCommand\",\"rootDir\",\"specs\",\"suites\",\"exclude\",\"groupLogsByTestSpec\",\"excludeDriverLogs\",\"bail\",\"framework\",\"reporters\",\"services\",\"maxInstances\",\"maxInstancesPerCapability\",\"injectGlobals\",\"filesToWatch\",\"execArgv\",\"runnerEnv\",\"runner\",\"shard\",\"specFileRetries\",\"specFileRetriesDelay\",\"specFileRetriesDeferred\",\"reporterSyncInterval\",\"reporterSyncTimeout\",\"cucumberFeaturesWithLineNumbers\",\"autoCompileOpts\",\"mochaOpts\",\"jasmineOpts\",\"cucumberOpts\",\"onPrepare\",\"onWorkerStart\",\"onWorkerEnd\",\"before\",\"beforeSession\",\"beforeSuite\",\"beforeHook\",\"beforeTest\",\"afterTest\",\"afterHook\",\"afterSuite\",\"afterSession\",\"after\",\"onComplete\",\"beforeAssertion\",\"afterAssertion\",\"beforeFeature\",\"beforeScenario\",\"beforeStep\",\"afterStep\",\"afterScenario\",\"afterFeature\",\"_\",\"suite\",\"$0\",\"ignoredWorkerServices\",\"wdi5\"]"}]}
RESULT: {"script":"<script> [2342 bytes]","args":[{"protocol":"http","hostname":"0.0.0.0","path":"/","capabilities":{"browserName":"chrome","goog:chromeOptions":{"binary":"C:\\Program Files\\Google\\Chrome\\Application\\chrome.exe","args":["--start-maximized"]}},"logLevel":"warn","connectionRetryTimeout":120000,"connectionRetryCount":3,"logLevels":{},"enableDirectConnect":true,"strictSSL":true,"_":"65 more keys: [\"cacheDir\",\"port\",\"requestedCapabilities\",\"automationProtocol\",\"baseUrl\",\"waitforInterval\",\"waitforTimeout\",\"onReload\",\"beforeCommand\",\"afterCommand\",\"rootDir\",\"specs\",\"suites\",\"exclude\",\"groupLogsByTestSpec\",\"excludeDriverLogs\",\"bail\",\"framework\",\"reporters\",\"services\",\"maxInstances\",\"maxInstancesPerCapability\",\"injectGlobals\",\"filesToWatch\",\"execArgv\",\"runnerEnv\",\"runner\",\"shard\",\"specFileRetries\",\"specFileRetriesDelay\",\"specFileRetriesDeferred\",\"reporterSyncInterval\",\"reporterSyncTimeout\",\"cucumberFeaturesWithLineNumbers\",\"autoCompileOpts\",\"mochaOpts\",\"jasmineOpts\",\"cucumberOpts\",\"onPrepare\",\"onWorkerStart\",\"onWorkerEnd\",\"before\",\"beforeSession\",\"beforeSuite\",\"beforeHook\",\"beforeTest\",\"afterTest\",\"afterHook\",\"afterSuite\",\"afterSession\",\"after\",\"onComplete\",\"beforeAssertion\",\"afterAssertion\",\"beforeFeature\",\"beforeScenario\",\"beforeStep\",\"afterStep\",\"afterScenario\",\"afterFeature\",\"_\",\"suite\",\"$0\",\"ignoredWorkerServices\",\"wdi5\"]"}]}
COMMAND: POST /session/612db7fa7930bbb36023b099dfe9ab59/execute/async - {"script":"<script> [21126 bytes]","args":[35000]}
RESULT: {"script":"<script> [21126 bytes]","args":[35000]}
COMMAND: POST /session/612db7fa7930bbb36023b099dfe9ab59/element - {"using":"css selector","value":"#shell-header-logo"}
RESULT: {"using":"css selector","value":"#shell-header-logo"}
COMMAND: POST /session/612db7fa7930bbb36023b099dfe9ab59/element/f.E3CD5E68D1E1B2FCF6DD50D193150CE1.d.6AF9E8923E42965449640DDCE47212E0.e.10719/click - {}
RESULT: {}
COMMAND: GET /session/612db7fa7930bbb36023b099dfe9ab59/screenshot - {}
RESULT: {}
]]></system-out>
    </testcase>
  </testsuite>
  <testsuite timestamp="2025-05-25T18:15:39" time="1322.313" tests="7" failures="0" errors="0" skipped="0">
    <properties>
      <property name="specId" value="0"/>
      <property name="suiteName" value="E2E - Logistical and commercial statuses"/>
      <property name="capabilities" value="chrome.136_0_7103_93.windows"/>
      <property name="file" value="file:///D:/a/1/s/test/specs/R2C/E2E-Logistical-and-commercial-status.spec.js"/>
    </properties>
    <testcase classname="chrome.136_0_7103_93.windows.E2E_-_Logistical_and_commercial_statuses" name="Should create prerequisites yard partner and site" time="294.173">
      <system-out><![CDATA[
COMMAND: POST /session/612db7fa7930bbb36023b099dfe9ab59/execute/async - {"script":"<script> [1562 bytes]","args":[{"selector":{"controlType":"sap.m.GenericTile","properties":{"header":"Manage Yards"}},"wdio_ui5_key":"sapm.GenericTile{\"header\":\"Manage Yards\"}"}]}
RESULT: {"script":"<script> [1562 bytes]","args":[{"selector":{"controlType":"sap.m.GenericTile","properties":{"header":"Manage Yards"}},"wdio_ui5_key":"sapm.GenericTile{\"header\":\"Manage Yards\"}"}]}
RESULT: undefined
COMMAND: POST /session/612db7fa7930bbb36023b099dfe9ab59/element - {"using":"xpath","value":"//*[@id=\"__tile41\"]"}
RESULT: {"using":"xpath","value":"//*[@id=\"__tile41\"]"}
COMMAND: POST /session/612db7fa7930bbb36023b099dfe9ab59/element/f.E3CD5E68D1E1B2FCF6DD50D193150CE1.d.6AF9E8923E42965449640DDCE47212E0.e.10747/click - {}
RESULT: {}
COMMAND: GET /session/612db7fa7930bbb36023b099dfe9ab59/screenshot - {}
RESULT: {}
COMMAND: POST /session/612db7fa7930bbb36023b099dfe9ab59/elements - {"using":"xpath","value":"//span[text()='Error']"}
RESULT: {"using":"xpath","value":"//span[text()='Error']"}
COMMAND: POST /session/612db7fa7930bbb36023b099dfe9ab59/execute/async - {"script":"<script> [1562 bytes]","args":[{"selector":{"controlType":"sap.ui.core.Icon","viewName":"etm.portal.ui.manageyards.view.Master","viewId":"application-manageyards-display-component---masterYard","properties":{"src":{"regex":{"source":"add"}}}},"wdio_ui5_key":"etmportal.ui.manageyards.view.Mastersap.ui.core.Icon{\"src\":{\"regex\":{\"source\":\"add\"}}}"}]}
RESULT: {"script":"<script> [1562 bytes]","args":[{"selector":{"controlType":"sap.ui.core.Icon","viewName":"etm.portal.ui.manageyards.view.Master","viewId":"application-manageyards-display-component---masterYard","properties":{"src":{"regex":{"source":"add"}}}},"wdio_ui5_key":"etmportal.ui.manageyards.view.Mastersap.ui.core.Icon{\"src\":{\"regex\":{\"source\":\"add\"}}}"}]}
RESULT: undefined
COMMAND: POST /session/612db7fa7930bbb36023b099dfe9ab59/element - {"using":"xpath","value":"//*[@id=\"__button14-img\"]"}
RESULT: {"using":"xpath","value":"//*[@id=\"__button14-img\"]"}
COMMAND: POST /session/612db7fa7930bbb36023b099dfe9ab59/element/f.E3CD5E68D1E1B2FCF6DD50D193150CE1.d.6AF9E8923E42965449640DDCE47212E0.e.10790/click - {}
RESULT: {}
COMMAND: GET /session/612db7fa7930bbb36023b099dfe9ab59/screenshot - {}
RESULT: {}
COMMAND: POST /session/612db7fa7930bbb36023b099dfe9ab59/execute/async - {"script":"<script> [1562 bytes]","args":[{"selector":{"id":"application-manageyards-display-component---NewYard--yardId","interaction":{"idSuffix":"inner"}},"wdio_ui5_key":"applicationmanageyards-display-component---NewYard--yardId"}]}
RESULT: {"script":"<script> [1562 bytes]","args":[{"selector":{"id":"application-manageyards-display-component---NewYard--yardId","interaction":{"idSuffix":"inner"}},"wdio_ui5_key":"applicationmanageyards-display-component---NewYard--yardId"}]}
RESULT: undefined
COMMAND: POST /session/612db7fa7930bbb36023b099dfe9ab59/element - {"using":"xpath","value":"//*[@id=\"application-manageyards-display-component---NewYard--addressDetailDetailsName1-inner\"]"}
RESULT: {"using":"xpath","value":"//*[@id=\"application-manageyards-display-component---NewYard--addressDetailDetailsName1-inner\"]"}
COMMAND: POST /session/612db7fa7930bbb36023b099dfe9ab59/element/f.E3CD5E68D1E1B2FCF6DD50D193150CE1.d.6AF9E8923E42965449640DDCE47212E0.e.11159/clear - {}
RESULT: {}
COMMAND: POST /session/612db7fa7930bbb36023b099dfe9ab59/element/f.E3CD5E68D1E1B2FCF6DD50D193150CE1.d.6AF9E8923E42965449640DDCE47212E0.e.11159/value - {"text":"WebdriverYarddl4ni"}
COMMAND: GET /session/612db7fa7930bbb36023b099dfe9ab59/screenshot - {}
RESULT: {"text":"WebdriverYarddl4ni"}
COMMAND: POST /session/612db7fa7930bbb36023b099dfe9ab59/element - {"using":"xpath","value":"//*[@id=\"application-manageyards-display-component---NewYard--addressDetailDetailsLanguage-inner\"]"}
COMMAND: GET /session/612db7fa7930bbb36023b099dfe9ab59/screenshot - {}
RESULT: {}
RESULT: {"using":"xpath","value":"//*[@id=\"application-manageyards-display-component---NewYard--addressDetailDetailsLanguage-inner\"]"}
COMMAND: POST /session/612db7fa7930bbb36023b099dfe9ab59/element/f.E3CD5E68D1E1B2FCF6DD50D193150CE1.d.6AF9E8923E42965449640DDCE47212E0.e.11160/clear - {}
RESULT: {}
RESULT: {}
COMMAND: POST /session/612db7fa7930bbb36023b099dfe9ab59/element/f.E3CD5E68D1E1B2FCF6DD50D193150CE1.d.6AF9E8923E42965449640DDCE47212E0.e.11160/value - {"text":"Romanian"}
COMMAND: GET /session/612db7fa7930bbb36023b099dfe9ab59/screenshot - {}
RESULT: {"text":"Romanian"}
COMMAND: POST /session/612db7fa7930bbb36023b099dfe9ab59/element - {"using":"xpath","value":"//input[contains(@id ,\"application-manageyards-display-component---NewYard--addressDetailDetailsName1-inner\")]"}
COMMAND: GET /session/612db7fa7930bbb36023b099dfe9ab59/screenshot - {}
RESULT: {}
RESULT: {"using":"xpath","value":"//input[contains(@id ,\"application-manageyards-display-component---NewYard--addressDetailDetailsName1-inner\")]"}
COMMAND: GET /session/612db7fa7930bbb36023b099dfe9ab59/element/f.E3CD5E68D1E1B2FCF6DD50D193150CE1.d.6AF9E8923E42965449640DDCE47212E0.e.11159/property/value - {}
RESULT: {}
RESULT: {}
COMMAND: GET /session/612db7fa7930bbb36023b099dfe9ab59/screenshot - {}
RESULT: {}
COMMAND: POST /session/612db7fa7930bbb36023b099dfe9ab59/element - {"using":"xpath","value":"//*[@id=\"application-manageyards-display-component---NewYard--addressDetailDetailsCity1-inner\"]"}
RESULT: {"using":"xpath","value":"//*[@id=\"application-manageyards-display-component---NewYard--addressDetailDetailsCity1-inner\"]"}
COMMAND: POST /session/612db7fa7930bbb36023b099dfe9ab59/element/f.E3CD5E68D1E1B2FCF6DD50D193150CE1.d.6AF9E8923E42965449640DDCE47212E0.e.11162/clear - {}
RESULT: {}
COMMAND: POST /session/612db7fa7930bbb36023b099dfe9ab59/element/f.E3CD5E68D1E1B2FCF6DD50D193150CE1.d.6AF9E8923E42965449640DDCE47212E0.e.11162/value - {"text":"Bucuresti"}
COMMAND: GET /session/612db7fa7930bbb36023b099dfe9ab59/screenshot - {}
RESULT: {"text":"Bucuresti"}
COMMAND: GET /session/612db7fa7930bbb36023b099dfe9ab59/screenshot - {}
RESULT: {}
RESULT: {}
COMMAND: POST /session/612db7fa7930bbb36023b099dfe9ab59/element - {"using":"xpath","value":"//*[@id=\"application-manageyards-display-component---NewYard--addressDetailDetailsCountry-inner\"]"}
RESULT: {"using":"xpath","value":"//*[@id=\"application-manageyards-display-component---NewYard--addressDetailDetailsCountry-inner\"]"}
COMMAND: POST /session/612db7fa7930bbb36023b099dfe9ab59/element/f.E3CD5E68D1E1B2FCF6DD50D193150CE1.d.6AF9E8923E42965449640DDCE47212E0.e.11166/clear - {}
RESULT: {}
COMMAND: POST /session/612db7fa7930bbb36023b099dfe9ab59/element/f.E3CD5E68D1E1B2FCF6DD50D193150CE1.d.6AF9E8923E42965449640DDCE47212E0.e.11166/value - {"text":"Romania"}
COMMAND: GET /session/612db7fa7930bbb36023b099dfe9ab59/screenshot - {}
RESULT: {"text":"Romania"}
COMMAND: GET /session/612db7fa7930bbb36023b099dfe9ab59/screenshot - {}
RESULT: {}
RESULT: {}
COMMAND: POST /session/612db7fa7930bbb36023b099dfe9ab59/element - {"using":"xpath","value":"//div[contains(text(), \"Commercial\")]"}
RESULT: {"using":"xpath","value":"//div[contains(text(), \"Commercial\")]"}
COMMAND: GET /session/612db7fa7930bbb36023b099dfe9ab59/element/f.E3CD5E68D1E1B2FCF6DD50D193150CE1.d.6AF9E8923E42965449640DDCE47212E0.e.11353/rect - {}
RESULT: {}
COMMAND: GET /session/612db7fa7930bbb36023b099dfe9ab59/window/rect - {}
RESULT: {}
COMMAND: POST /session/612db7fa7930bbb36023b099dfe9ab59/execute/sync - {"script":"<script> [92 bytes]","args":[]}
RESULT: {"script":"<script> [92 bytes]","args":[]}
COMMAND: POST /session/612db7fa7930bbb36023b099dfe9ab59/actions - {"actions":[{"id":"action65","type":"wheel","parameters":{},"actions":[{"type":"scroll","x":-1841,"y":-44,"deltaX":0,"deltaY":0,"duration":0,"origin":{"element-6066-11e4-a52e-4f735466cecf":"f.E3CD5E68D1E1B2FCF6DD50D193150CE1.d.6AF9E8923E42965449640DDCE47212E0.e.11353"}}]}]}
COMMAND: GET /session/612db7fa7930bbb36023b099dfe9ab59/screenshot - {}
RESULT: {}
COMMAND: POST /session/612db7fa7930bbb36023b099dfe9ab59/execute/sync - {"script":"<script> [79 bytes]","args":[{"element-6066-11e4-a52e-4f735466cecf":"f.E3CD5E68D1E1B2FCF6DD50D193150CE1.d.6AF9E8923E42965449640DDCE47212E0.e.11353","ELEMENT":"f.E3CD5E68D1E1B2FCF6DD50D193150CE1.d.6AF9E8923E42965449640DDCE47212E0.e.11353"},{"block":"start","inline":"nearest"}]}
RESULT: {"script":"<script> [79 bytes]","args":[{"element-6066-11e4-a52e-4f735466cecf":"f.E3CD5E68D1E1B2FCF6DD50D193150CE1.d.6AF9E8923E42965449640DDCE47212E0.e.11353","ELEMENT":"f.E3CD5E68D1E1B2FCF6DD50D193150CE1.d.6AF9E8923E42965449640DDCE47212E0.e.11353"},{"block":"start","inline":"nearest"}]}
COMMAND: GET /session/612db7fa7930bbb36023b099dfe9ab59/screenshot - {}
RESULT: {}
COMMAND: POST /session/612db7fa7930bbb36023b099dfe9ab59/execute/async - {"script":"<script> [1562 bytes]","args":[{"selector":{"id":"application-manageyards-display-component---NewYard--addressEditDetailsCostObjectCstType-arrow"},"wdio_ui5_key":"applicationmanageyards-display-component---NewYard--addressEditDetailsCostObjectCstType-arrow"}]}
RESULT: {"script":"<script> [1562 bytes]","args":[{"selector":{"id":"application-manageyards-display-component---NewYard--addressEditDetailsCostObjectCstType-arrow"},"wdio_ui5_key":"applicationmanageyards-display-component---NewYard--addressEditDetailsCostObjectCstType-arrow"}]}
RESULT: undefined
COMMAND: POST /session/612db7fa7930bbb36023b099dfe9ab59/element - {"using":"xpath","value":"//*[@id=\"application-manageyards-display-component---NewYard--addressEditDetailsCostObjectCstType-arrow\"]"}
RESULT: {"using":"xpath","value":"//*[@id=\"application-manageyards-display-component---NewYard--addressEditDetailsCostObjectCstType-arrow\"]"}
COMMAND: POST /session/612db7fa7930bbb36023b099dfe9ab59/element/f.E3CD5E68D1E1B2FCF6DD50D193150CE1.d.6AF9E8923E42965449640DDCE47212E0.e.11361/click - {}
RESULT: {}
COMMAND: POST /session/612db7fa7930bbb36023b099dfe9ab59/element - {"using":"xpath","value":"//span[contains(text(), \"Cost Center\")]"}
COMMAND: GET /session/612db7fa7930bbb36023b099dfe9ab59/screenshot - {}
RESULT: {"using":"xpath","value":"//span[contains(text(), \"Cost Center\")]"}
COMMAND: POST /session/612db7fa7930bbb36023b099dfe9ab59/element/f.E3CD5E68D1E1B2FCF6DD50D193150CE1.d.6AF9E8923E42965449640DDCE47212E0.e.11362/click - {}
RESULT: {}
RESULT: {}
COMMAND: GET /session/612db7fa7930bbb36023b099dfe9ab59/screenshot - {}
RESULT: {}
COMMAND: POST /session/612db7fa7930bbb36023b099dfe9ab59/execute/async - {"script":"<script> [1562 bytes]","args":[{"selector":{"id":"application-manageyards-display-component---NewYard--addressNewCostObjectCstID-vhi"},"wdio_ui5_key":"applicationmanageyards-display-component---NewYard--addressNewCostObjectCstID-vhi"}]}
RESULT: {"script":"<script> [1562 bytes]","args":[{"selector":{"id":"application-manageyards-display-component---NewYard--addressNewCostObjectCstID-vhi"},"wdio_ui5_key":"applicationmanageyards-display-component---NewYard--addressNewCostObjectCstID-vhi"}]}
RESULT: undefined
COMMAND: POST /session/612db7fa7930bbb36023b099dfe9ab59/element - {"using":"xpath","value":"//*[@id=\"application-manageyards-display-component---NewYard--addressNewCostObjectCstID-vhi\"]"}
RESULT: {"using":"xpath","value":"//*[@id=\"application-manageyards-display-component---NewYard--addressNewCostObjectCstID-vhi\"]"}
COMMAND: POST /session/612db7fa7930bbb36023b099dfe9ab59/element/f.E3CD5E68D1E1B2FCF6DD50D193150CE1.d.6AF9E8923E42965449640DDCE47212E0.e.11366/click - {}
RESULT: {}
COMMAND: GET /session/612db7fa7930bbb36023b099dfe9ab59/screenshot - {}
RESULT: {}
COMMAND: POST /session/612db7fa7930bbb36023b099dfe9ab59/execute/async - {"script":"<script> [1562 bytes]","args":[{"selector":{"controlType":"sap.m.SearchField","properties":{"placeholder":"Search"},"searchOpenDialogs":true,"interaction":{"idSuffix":"I"}},"wdio_ui5_key":"sapm.SearchField{\"placeholder\":\"Search\"}"}]}
RESULT: {"script":"<script> [1562 bytes]","args":[{"selector":{"controlType":"sap.m.SearchField","properties":{"placeholder":"Search"},"searchOpenDialogs":true,"interaction":{"idSuffix":"I"}},"wdio_ui5_key":"sapm.SearchField{\"placeholder\":\"Search\"}"}]}
RESULT: undefined
COMMAND: POST /session/612db7fa7930bbb36023b099dfe9ab59/execute/async - {"script":"<script> [776 bytes]","args":[{"enterText":"10001013","selector":{"controlType":"sap.m.SearchField","properties":{"placeholder":"Search"},"searchOpenDialogs":true,"interaction":{"idSuffix":"I"}},"clearTextFirst":true,"interactionType":"ENTER_TEXT"}]}
RESULT: {"script":"<script> [776 bytes]","args":[{"enterText":"10001013","selector":{"controlType":"sap.m.SearchField","properties":{"placeholder":"Search"},"searchOpenDialogs":true,"interaction":{"idSuffix":"I"}},"clearTextFirst":true,"interactionType":"ENTER_TEXT"}]}
COMMAND: POST /session/612db7fa7930bbb36023b099dfe9ab59/actions - {"actions":[{"id":"action66","type":"key","parameters":{},"actions":[{"type":"keyDown","value":""},{"type":"pause","duration":10},{"type":"keyUp","value":""}]}]}
RESULT: {"actions":[{"id":"action66","type":"key","parameters":{},"actions":[{"type":"keyDown","value":""},{"type":"pause","duration":10},{"type":"keyUp","value":""}]}]}
COMMAND: GET /session/612db7fa7930bbb36023b099dfe9ab59/screenshot - {}
RESULT: {}
COMMAND: POST /session/612db7fa7930bbb36023b099dfe9ab59/element - {"using":"xpath","value":"//span[contains(text(), \"General Management\")]"}
RESULT: {"using":"xpath","value":"//span[contains(text(), \"General Management\")]"}
COMMAND: POST /session/612db7fa7930bbb36023b099dfe9ab59/element/f.E3CD5E68D1E1B2FCF6DD50D193150CE1.d.6AF9E8923E42965449640DDCE47212E0.e.11406/click - {}
RESULT: {}
COMMAND: GET /session/612db7fa7930bbb36023b099dfe9ab59/screenshot - {}
RESULT: {}
COMMAND: POST /session/612db7fa7930bbb36023b099dfe9ab59/element - {"using":"xpath","value":"//bdi[contains(text(), \"OK\")]"}
RESULT: {"using":"xpath","value":"//bdi[contains(text(), \"OK\")]"}
COMMAND: POST /session/612db7fa7930bbb36023b099dfe9ab59/element/f.E3CD5E68D1E1B2FCF6DD50D193150CE1.d.6AF9E8923E42965449640DDCE47212E0.e.11407/click - {}
RESULT: {}
COMMAND: GET /session/612db7fa7930bbb36023b099dfe9ab59/screenshot - {}
RESULT: {}
COMMAND: POST /session/612db7fa7930bbb36023b099dfe9ab59/execute/async - {"script":"<script> [1562 bytes]","args":[{"selector":{"controlType":"sap.m.Button","viewName":"etm.portal.ui.manageyards.view.New","viewId":"application-manageyards-display-component---NewYard","i18NText":{"propertyName":"text","key":"save"},"interaction":{"idSuffix":"inner"}},"wdio_ui5_key":"etmportal.ui.manageyards.view.Newsap.m.Button{\"propertyName\":\"text\",\"key\":\"save\"}"}]}
RESULT: {"script":"<script> [1562 bytes]","args":[{"selector":{"controlType":"sap.m.Button","viewName":"etm.portal.ui.manageyards.view.New","viewId":"application-manageyards-display-component---NewYard","i18NText":{"propertyName":"text","key":"save"},"interaction":{"idSuffix":"inner"}},"wdio_ui5_key":"etmportal.ui.manageyards.view.Newsap.m.Button{\"propertyName\":\"text\",\"key\":\"save\"}"}]}
RESULT: undefined
COMMAND: POST /session/612db7fa7930bbb36023b099dfe9ab59/element - {"using":"xpath","value":"//*[@id=\"__button28\"]"}
RESULT: {"using":"xpath","value":"//*[@id=\"__button28\"]"}
COMMAND: POST /session/612db7fa7930bbb36023b099dfe9ab59/element/f.E3CD5E68D1E1B2FCF6DD50D193150CE1.d.6AF9E8923E42965449640DDCE47212E0.e.11333/click - {}
RESULT: {}
COMMAND: GET /session/612db7fa7930bbb36023b099dfe9ab59/screenshot - {}
RESULT: {}
COMMAND: POST /session/612db7fa7930bbb36023b099dfe9ab59/element - {"using":"xpath","value":"//header/div/div[2]/div[2]/span"}
RESULT: {"using":"xpath","value":"//header/div/div[2]/div[2]/span"}
COMMAND: GET /session/612db7fa7930bbb36023b099dfe9ab59/element/f.E3CD5E68D1E1B2FCF6DD50D193150CE1.d.6AF9E8923E42965449640DDCE47212E0.e.11604/text - {}
RESULT: {}
COMMAND: POST /session/612db7fa7930bbb36023b099dfe9ab59/execute/async - {"script":"<script> [1562 bytes]","args":[{"selector":{"controlType":"sap.m.OverflowToolbarButton","viewName":"etm.portal.ui.manageyards.view.Detail","viewId":"application-manageyards-display-component---detailYard","i18NText":{"propertyName":"tooltip","key":"closeColumn"},"interaction":{"idSuffix":"inner"}},"wdio_ui5_key":"etmportal.ui.manageyards.view.Detailsap.m.OverflowToolbarButton{\"propertyName\":\"tooltip\",\"key\":\"closeColumn\"}"}]}
RESULT: {"script":"<script> [1562 bytes]","args":[{"selector":{"controlType":"sap.m.OverflowToolbarButton","viewName":"etm.portal.ui.manageyards.view.Detail","viewId":"application-manageyards-display-component---detailYard","i18NText":{"propertyName":"tooltip","key":"closeColumn"},"interaction":{"idSuffix":"inner"}},"wdio_ui5_key":"etmportal.ui.manageyards.view.Detailsap.m.OverflowToolbarButton{\"propertyName\":\"tooltip\",\"key\":\"closeColumn\"}"}]}
RESULT: undefined
COMMAND: POST /session/612db7fa7930bbb36023b099dfe9ab59/element - {"using":"xpath","value":"//*[@id=\"__button52\"]"}
RESULT: {"using":"xpath","value":"//*[@id=\"__button52\"]"}
COMMAND: POST /session/612db7fa7930bbb36023b099dfe9ab59/element/f.E3CD5E68D1E1B2FCF6DD50D193150CE1.d.6AF9E8923E42965449640DDCE47212E0.e.11606/click - {}
RESULT: {}
COMMAND: GET /session/612db7fa7930bbb36023b099dfe9ab59/screenshot - {}
RESULT: {}
COMMAND: POST /session/612db7fa7930bbb36023b099dfe9ab59/element - {"using":"css selector","value":"#shell-header-logo"}
RESULT: {"using":"css selector","value":"#shell-header-logo"}
COMMAND: POST /session/612db7fa7930bbb36023b099dfe9ab59/element/f.E3CD5E68D1E1B2FCF6DD50D193150CE1.d.6AF9E8923E42965449640DDCE47212E0.e.10750/click - {}
RESULT: {}
COMMAND: GET /session/612db7fa7930bbb36023b099dfe9ab59/screenshot - {}
RESULT: {}
COMMAND: POST /session/612db7fa7930bbb36023b099dfe9ab59/refresh - {}
RESULT: {}
COMMAND: GET /session/612db7fa7930bbb36023b099dfe9ab59/screenshot - {}
RESULT: {}
COMMAND: POST /session/612db7fa7930bbb36023b099dfe9ab59/execute/async - {"script":"<script> [189 bytes]","args":[]}
RESULT: {"script":"<script> [189 bytes]","args":[]}
COMMAND: POST /session/612db7fa7930bbb36023b099dfe9ab59/execute/async - {"script":"<script> [123 bytes]","args":[]}
RESULT: {"script":"<script> [123 bytes]","args":[]}
COMMAND: POST /session/612db7fa7930bbb36023b099dfe9ab59/timeouts - {"script":"<number>"}
RESULT: {"script":"<number>"}
COMMAND: GET /session/612db7fa7930bbb36023b099dfe9ab59/timeouts - {}
RESULT: {}
RESULT: undefined
COMMAND: POST /session/612db7fa7930bbb36023b099dfe9ab59/execute/async - {"script":"<script> [2676 bytes]","args":[]}
RESULT: {"script":"<script> [2676 bytes]","args":[]}
COMMAND: POST /session/612db7fa7930bbb36023b099dfe9ab59/execute/async - {"script":"<script> [2342 bytes]","args":[{"protocol":"http","hostname":"0.0.0.0","path":"/","capabilities":{"browserName":"chrome","goog:chromeOptions":{"binary":"C:\\Program Files\\Google\\Chrome\\Application\\chrome.exe","args":["--start-maximized"]}},"logLevel":"warn","connectionRetryTimeout":120000,"connectionRetryCount":3,"logLevels":{},"enableDirectConnect":true,"strictSSL":true,"_":"65 more keys: [\"cacheDir\",\"port\",\"requestedCapabilities\",\"automationProtocol\",\"baseUrl\",\"waitforInterval\",\"waitforTimeout\",\"onReload\",\"beforeCommand\",\"afterCommand\",\"rootDir\",\"specs\",\"suites\",\"exclude\",\"groupLogsByTestSpec\",\"excludeDriverLogs\",\"bail\",\"framework\",\"reporters\",\"services\",\"maxInstances\",\"maxInstancesPerCapability\",\"injectGlobals\",\"filesToWatch\",\"execArgv\",\"runnerEnv\",\"runner\",\"shard\",\"specFileRetries\",\"specFileRetriesDelay\",\"specFileRetriesDeferred\",\"reporterSyncInterval\",\"reporterSyncTimeout\",\"cucumberFeaturesWithLineNumbers\",\"autoCompileOpts\",\"mochaOpts\",\"jasmineOpts\",\"cucumberOpts\",\"onPrepare\",\"onWorkerStart\",\"onWorkerEnd\",\"before\",\"beforeSession\",\"beforeSuite\",\"beforeHook\",\"beforeTest\",\"afterTest\",\"afterHook\",\"afterSuite\",\"afterSession\",\"after\",\"onComplete\",\"beforeAssertion\",\"afterAssertion\",\"beforeFeature\",\"beforeScenario\",\"beforeStep\",\"afterStep\",\"afterScenario\",\"afterFeature\",\"_\",\"suite\",\"$0\",\"ignoredWorkerServices\",\"wdi5\"]"}]}
RESULT: {"script":"<script> [2342 bytes]","args":[{"protocol":"http","hostname":"0.0.0.0","path":"/","capabilities":{"browserName":"chrome","goog:chromeOptions":{"binary":"C:\\Program Files\\Google\\Chrome\\Application\\chrome.exe","args":["--start-maximized"]}},"logLevel":"warn","connectionRetryTimeout":120000,"connectionRetryCount":3,"logLevels":{},"enableDirectConnect":true,"strictSSL":true,"_":"65 more keys: [\"cacheDir\",\"port\",\"requestedCapabilities\",\"automationProtocol\",\"baseUrl\",\"waitforInterval\",\"waitforTimeout\",\"onReload\",\"beforeCommand\",\"afterCommand\",\"rootDir\",\"specs\",\"suites\",\"exclude\",\"groupLogsByTestSpec\",\"excludeDriverLogs\",\"bail\",\"framework\",\"reporters\",\"services\",\"maxInstances\",\"maxInstancesPerCapability\",\"injectGlobals\",\"filesToWatch\",\"execArgv\",\"runnerEnv\",\"runner\",\"shard\",\"specFileRetries\",\"specFileRetriesDelay\",\"specFileRetriesDeferred\",\"reporterSyncInterval\",\"reporterSyncTimeout\",\"cucumberFeaturesWithLineNumbers\",\"autoCompileOpts\",\"mochaOpts\",\"jasmineOpts\",\"cucumberOpts\",\"onPrepare\",\"onWorkerStart\",\"onWorkerEnd\",\"before\",\"beforeSession\",\"beforeSuite\",\"beforeHook\",\"beforeTest\",\"afterTest\",\"afterHook\",\"afterSuite\",\"afterSession\",\"after\",\"onComplete\",\"beforeAssertion\",\"afterAssertion\",\"beforeFeature\",\"beforeScenario\",\"beforeStep\",\"afterStep\",\"afterScenario\",\"afterFeature\",\"_\",\"suite\",\"$0\",\"ignoredWorkerServices\",\"wdi5\"]"}]}
COMMAND: POST /session/612db7fa7930bbb36023b099dfe9ab59/execute/async - {"script":"<script> [21126 bytes]","args":[35000]}
RESULT: {"script":"<script> [21126 bytes]","args":[35000]}
COMMAND: POST /session/612db7fa7930bbb36023b099dfe9ab59/execute/async - {"script":"<script> [1562 bytes]","args":[{"selector":{"controlType":"sap.m.GenericTile","properties":{"header":"Manage Partners"}},"wdio_ui5_key":"sapm.GenericTile{\"header\":\"Manage Partners\"}"}]}
RESULT: {"script":"<script> [1562 bytes]","args":[{"selector":{"controlType":"sap.m.GenericTile","properties":{"header":"Manage Partners"}},"wdio_ui5_key":"sapm.GenericTile{\"header\":\"Manage Partners\"}"}]}
RESULT: undefined
COMMAND: POST /session/612db7fa7930bbb36023b099dfe9ab59/element - {"using":"xpath","value":"//*[@id=\"__tile38\"]"}
RESULT: {"using":"xpath","value":"//*[@id=\"__tile38\"]"}
COMMAND: POST /session/612db7fa7930bbb36023b099dfe9ab59/element/f.E3CD5E68D1E1B2FCF6DD50D193150CE1.d.7169B0BFFE224562A0CBB0F45A013385.e.11965/click - {}
RESULT: {}
COMMAND: GET /session/612db7fa7930bbb36023b099dfe9ab59/screenshot - {}
RESULT: {}
COMMAND: POST /session/612db7fa7930bbb36023b099dfe9ab59/elements - {"using":"xpath","value":"//span[text()='Error']"}
RESULT: {"using":"xpath","value":"//span[text()='Error']"}
COMMAND: POST /session/612db7fa7930bbb36023b099dfe9ab59/execute/async - {"script":"<script> [1562 bytes]","args":[{"selector":{"controlType":"sap.ui.core.Icon","viewName":"etm.portal.ui.managepartners.view.Master","viewId":"application-managepartners-display-component---masterPtm","properties":{"src":{"regex":{"source":"add"}}}},"wdio_ui5_key":"etmportal.ui.managepartners.view.Mastersap.ui.core.Icon{\"src\":{\"regex\":{\"source\":\"add\"}}}"}]}
RESULT: {"script":"<script> [1562 bytes]","args":[{"selector":{"controlType":"sap.ui.core.Icon","viewName":"etm.portal.ui.managepartners.view.Master","viewId":"application-managepartners-display-component---masterPtm","properties":{"src":{"regex":{"source":"add"}}}},"wdio_ui5_key":"etmportal.ui.managepartners.view.Mastersap.ui.core.Icon{\"src\":{\"regex\":{\"source\":\"add\"}}}"}]}
RESULT: undefined
COMMAND: POST /session/612db7fa7930bbb36023b099dfe9ab59/element - {"using":"xpath","value":"//*[@id=\"__button4-img\"]"}
RESULT: {"using":"xpath","value":"//*[@id=\"__button4-img\"]"}
COMMAND: POST /session/612db7fa7930bbb36023b099dfe9ab59/element/f.E3CD5E68D1E1B2FCF6DD50D193150CE1.d.7169B0BFFE224562A0CBB0F45A013385.e.12112/click - {}
RESULT: {}
COMMAND: GET /session/612db7fa7930bbb36023b099dfe9ab59/screenshot - {}
RESULT: {}
COMMAND: POST /session/612db7fa7930bbb36023b099dfe9ab59/execute/async - {"script":"<script> [1562 bytes]","args":[{"selector":{"id":"application-managepartners-display-component---NewPartner--partnerId","interaction":{"idSuffix":"inner"}},"wdio_ui5_key":"applicationmanagepartners-display-component---NewPartner--partnerId"}]}
RESULT: {"script":"<script> [1562 bytes]","args":[{"selector":{"id":"application-managepartners-display-component---NewPartner--partnerId","interaction":{"idSuffix":"inner"}},"wdio_ui5_key":"applicationmanagepartners-display-component---NewPartner--partnerId"}]}
RESULT: undefined
COMMAND: POST /session/612db7fa7930bbb36023b099dfe9ab59/execute/async - {"script":"<script> [1562 bytes]","args":[{"selector":{"id":"application-managepartners-display-component---NewPartner--addressDetailDetailsName1","interaction":{"idSuffix":"inner"}},"wdio_ui5_key":"applicationmanagepartners-display-component---NewPartner--addressDetailDetailsName1"}]}
RESULT: {"script":"<script> [1562 bytes]","args":[{"selector":{"id":"application-managepartners-display-component---NewPartner--addressDetailDetailsName1","interaction":{"idSuffix":"inner"}},"wdio_ui5_key":"applicationmanagepartners-display-component---NewPartner--addressDetailDetailsName1"}]}
RESULT: undefined
COMMAND: POST /session/612db7fa7930bbb36023b099dfe9ab59/execute/async - {"script":"<script> [776 bytes]","args":[{"enterText":"WebdriverPartner09bh2","selector":{"id":"application-managepartners-display-component---NewPartner--addressDetailDetailsName1","interaction":{"idSuffix":"inner"}},"clearTextFirst":true,"interactionType":"ENTER_TEXT"}]}
RESULT: {"script":"<script> [776 bytes]","args":[{"enterText":"WebdriverPartner09bh2","selector":{"id":"application-managepartners-display-component---NewPartner--addressDetailDetailsName1","interaction":{"idSuffix":"inner"}},"clearTextFirst":true,"interactionType":"ENTER_TEXT"}]}
COMMAND: POST /session/612db7fa7930bbb36023b099dfe9ab59/execute/async - {"script":"<script> [1562 bytes]","args":[{"selector":{"id":"application-managepartners-display-component---NewPartner--addressDetailDetailsLanguage","interaction":{"idSuffix":"inner"}},"wdio_ui5_key":"applicationmanagepartners-display-component---NewPartner--addressDetailDetailsLanguage"}]}
RESULT: {"script":"<script> [1562 bytes]","args":[{"selector":{"id":"application-managepartners-display-component---NewPartner--addressDetailDetailsLanguage","interaction":{"idSuffix":"inner"}},"wdio_ui5_key":"applicationmanagepartners-display-component---NewPartner--addressDetailDetailsLanguage"}]}
RESULT: undefined
COMMAND: POST /session/612db7fa7930bbb36023b099dfe9ab59/execute/async - {"script":"<script> [776 bytes]","args":[{"enterText":"Romanian","selector":{"id":"application-managepartners-display-component---NewPartner--addressDetailDetailsLanguage","interaction":{"idSuffix":"inner"}},"clearTextFirst":true,"interactionType":"ENTER_TEXT"}]}
RESULT: {"script":"<script> [776 bytes]","args":[{"enterText":"Romanian","selector":{"id":"application-managepartners-display-component---NewPartner--addressDetailDetailsLanguage","interaction":{"idSuffix":"inner"}},"clearTextFirst":true,"interactionType":"ENTER_TEXT"}]}
COMMAND: POST /session/612db7fa7930bbb36023b099dfe9ab59/element - {"using":"xpath","value":"//input[contains(@id ,\"application-managepartners-display-component---NewPartner--addressDetailDetailsName1-inner\")]"}
RESULT: {"using":"xpath","value":"//input[contains(@id ,\"application-managepartners-display-component---NewPartner--addressDetailDetailsName1-inner\")]"}
COMMAND: GET /session/612db7fa7930bbb36023b099dfe9ab59/element/f.E3CD5E68D1E1B2FCF6DD50D193150CE1.d.7169B0BFFE224562A0CBB0F45A013385.e.12186/property/value - {}
RESULT: {}
COMMAND: POST /session/612db7fa7930bbb36023b099dfe9ab59/execute/async - {"script":"<script> [1562 bytes]","args":[{"selector":{"id":"application-managepartners-display-component---NewPartner--addressDetailDetailsCity1","interaction":{"idSuffix":"inner"}},"wdio_ui5_key":"applicationmanagepartners-display-component---NewPartner--addressDetailDetailsCity1"}]}
COMMAND: GET /session/612db7fa7930bbb36023b099dfe9ab59/screenshot - {}
RESULT: {"script":"<script> [1562 bytes]","args":[{"selector":{"id":"application-managepartners-display-component---NewPartner--addressDetailDetailsCity1","interaction":{"idSuffix":"inner"}},"wdio_ui5_key":"applicationmanagepartners-display-component---NewPartner--addressDetailDetailsCity1"}]}
RESULT: undefined
COMMAND: POST /session/612db7fa7930bbb36023b099dfe9ab59/execute/async - {"script":"<script> [776 bytes]","args":[{"enterText":"Bucharest","selector":{"id":"application-managepartners-display-component---NewPartner--addressDetailDetailsCity1","interaction":{"idSuffix":"inner"}},"clearTextFirst":true,"interactionType":"ENTER_TEXT"}]}
RESULT: {}
RESULT: {"script":"<script> [776 bytes]","args":[{"enterText":"Bucharest","selector":{"id":"application-managepartners-display-component---NewPartner--addressDetailDetailsCity1","interaction":{"idSuffix":"inner"}},"clearTextFirst":true,"interactionType":"ENTER_TEXT"}]}
COMMAND: POST /session/612db7fa7930bbb36023b099dfe9ab59/execute/async - {"script":"<script> [1562 bytes]","args":[{"selector":{"id":"application-managepartners-display-component---NewPartner--addressDetailDetailsCountry","interaction":{"idSuffix":"inner"}},"wdio_ui5_key":"applicationmanagepartners-display-component---NewPartner--addressDetailDetailsCountry"}]}
RESULT: {"script":"<script> [1562 bytes]","args":[{"selector":{"id":"application-managepartners-display-component---NewPartner--addressDetailDetailsCountry","interaction":{"idSuffix":"inner"}},"wdio_ui5_key":"applicationmanagepartners-display-component---NewPartner--addressDetailDetailsCountry"}]}
RESULT: undefined
COMMAND: POST /session/612db7fa7930bbb36023b099dfe9ab59/execute/async - {"script":"<script> [6424 bytes]","args":[{"element-6066-11e4-a52e-4f735466cecf":"f.E3CD5E68D1E1B2FCF6DD50D193150CE1.d.7169B0BFFE224562A0CBB0F45A013385.e.12193"},"setValue",["Romania"]]}
RESULT: {"script":"<script> [6424 bytes]","args":[{"element-6066-11e4-a52e-4f735466cecf":"f.E3CD5E68D1E1B2FCF6DD50D193150CE1.d.7169B0BFFE224562A0CBB0F45A013385.e.12193"},"setValue",["Romania"]]}
COMMAND: POST /session/612db7fa7930bbb36023b099dfe9ab59/execute/async - {"script":"<script> [1562 bytes]","args":[{"selector":{"id":"application-managepartners-display-component---NewPartner--partnerDetailInternal","interaction":{"idSuffix":"inner"}},"wdio_ui5_key":"applicationmanagepartners-display-component---NewPartner--partnerDetailInternal"}]}
RESULT: {"script":"<script> [1562 bytes]","args":[{"selector":{"id":"application-managepartners-display-component---NewPartner--partnerDetailInternal","interaction":{"idSuffix":"inner"}},"wdio_ui5_key":"applicationmanagepartners-display-component---NewPartner--partnerDetailInternal"}]}
RESULT: undefined
COMMAND: POST /session/612db7fa7930bbb36023b099dfe9ab59/execute/async - {"script":"<script> [776 bytes]","args":[{"enterText":"External partner","selector":{"id":"application-managepartners-display-component---NewPartner--partnerDetailInternal","interaction":{"idSuffix":"inner"}},"clearTextFirst":true,"interactionType":"ENTER_TEXT"}]}
RESULT: {"script":"<script> [776 bytes]","args":[{"enterText":"External partner","selector":{"id":"application-managepartners-display-component---NewPartner--partnerDetailInternal","interaction":{"idSuffix":"inner"}},"clearTextFirst":true,"interactionType":"ENTER_TEXT"}]}
COMMAND: POST /session/612db7fa7930bbb36023b099dfe9ab59/execute/async - {"script":"<script> [1562 bytes]","args":[{"selector":{"id":"application-managepartners-display-component---NewPartner--partnerDetailsCurrency","interaction":{"idSuffix":"inner"}},"wdio_ui5_key":"applicationmanagepartners-display-component---NewPartner--partnerDetailsCurrency"}]}
RESULT: {"script":"<script> [1562 bytes]","args":[{"selector":{"id":"application-managepartners-display-component---NewPartner--partnerDetailsCurrency","interaction":{"idSuffix":"inner"}},"wdio_ui5_key":"applicationmanagepartners-display-component---NewPartner--partnerDetailsCurrency"}]}
RESULT: undefined
COMMAND: POST /session/612db7fa7930bbb36023b099dfe9ab59/execute/async - {"script":"<script> [776 bytes]","args":[{"enterText":"Euro","selector":{"id":"application-managepartners-display-component---NewPartner--partnerDetailsCurrency","interaction":{"idSuffix":"inner"}},"clearTextFirst":true,"interactionType":"ENTER_TEXT"}]}
RESULT: {"script":"<script> [776 bytes]","args":[{"enterText":"Euro","selector":{"id":"application-managepartners-display-component---NewPartner--partnerDetailsCurrency","interaction":{"idSuffix":"inner"}},"clearTextFirst":true,"interactionType":"ENTER_TEXT"}]}
COMMAND: POST /session/612db7fa7930bbb36023b099dfe9ab59/execute/async - {"script":"<script> [1562 bytes]","args":[{"selector":{"controlType":"sap.m.Button","viewName":"etm.portal.ui.managepartners.view.NewPartner","viewId":"application-managepartners-display-component---NewPartner","properties":{"text":"Commercial"},"interaction":{"idSuffix":"BDI-content"}},"wdio_ui5_key":"etmportal.ui.managepartners.view.NewPartnersap.m.Button{\"text\":\"Commercial\"}"}]}
RESULT: {"script":"<script> [1562 bytes]","args":[{"selector":{"controlType":"sap.m.Button","viewName":"etm.portal.ui.managepartners.view.NewPartner","viewId":"application-managepartners-display-component---NewPartner","properties":{"text":"Commercial"},"interaction":{"idSuffix":"BDI-content"}},"wdio_ui5_key":"etmportal.ui.managepartners.view.NewPartnersap.m.Button{\"text\":\"Commercial\"}"}]}
RESULT: undefined
COMMAND: POST /session/612db7fa7930bbb36023b099dfe9ab59/element - {"using":"xpath","value":"//*[@id=\"application-managepartners-display-component---NewPartner--ObjectPageLayout-anchBar-__section5-anchor\"]"}
RESULT: {"using":"xpath","value":"//*[@id=\"application-managepartners-display-component---NewPartner--ObjectPageLayout-anchBar-__section5-anchor\"]"}
COMMAND: POST /session/612db7fa7930bbb36023b099dfe9ab59/element/f.E3CD5E68D1E1B2FCF6DD50D193150CE1.d.7169B0BFFE224562A0CBB0F45A013385.e.12444/click - {}
RESULT: {}
COMMAND: GET /session/612db7fa7930bbb36023b099dfe9ab59/screenshot - {}
RESULT: {}
COMMAND: POST /session/612db7fa7930bbb36023b099dfe9ab59/execute/async - {"script":"<script> [1562 bytes]","args":[{"selector":{"id":"application-managepartners-display-component---NewPartner--btnAddTableRow-img"},"wdio_ui5_key":"applicationmanagepartners-display-component---NewPartner--btnAddTableRow-img"}]}
RESULT: {"script":"<script> [1562 bytes]","args":[{"selector":{"id":"application-managepartners-display-component---NewPartner--btnAddTableRow-img"},"wdio_ui5_key":"applicationmanagepartners-display-component---NewPartner--btnAddTableRow-img"}]}
RESULT: undefined
COMMAND: POST /session/612db7fa7930bbb36023b099dfe9ab59/element - {"using":"xpath","value":"//*[@id=\"application-managepartners-display-component---NewPartner--btnAddTableRow-img\"]"}
RESULT: {"using":"xpath","value":"//*[@id=\"application-managepartners-display-component---NewPartner--btnAddTableRow-img\"]"}
COMMAND: POST /session/612db7fa7930bbb36023b099dfe9ab59/element/f.E3CD5E68D1E1B2FCF6DD50D193150CE1.d.7169B0BFFE224562A0CBB0F45A013385.e.12452/click - {}
RESULT: {}
COMMAND: POST /session/612db7fa7930bbb36023b099dfe9ab59/element - {"using":"xpath","value":"//input[contains(@id ,\"application-managepartners-display-component---NewPartner--assignmentYard-application-managepartners-display-component---NewPartner\")]"}
COMMAND: GET /session/612db7fa7930bbb36023b099dfe9ab59/screenshot - {}
RESULT: {"using":"xpath","value":"//input[contains(@id ,\"application-managepartners-display-component---NewPartner--assignmentYard-application-managepartners-display-component---NewPartner\")]"}
COMMAND: POST /session/612db7fa7930bbb36023b099dfe9ab59/element/f.E3CD5E68D1E1B2FCF6DD50D193150CE1.d.7169B0BFFE224562A0CBB0F45A013385.e.12455/clear - {}
RESULT: {}
RESULT: {}
COMMAND: POST /session/612db7fa7930bbb36023b099dfe9ab59/element/f.E3CD5E68D1E1B2FCF6DD50D193150CE1.d.7169B0BFFE224562A0CBB0F45A013385.e.12455/value - {"text":"WebdriverYarddl4ni"}
COMMAND: GET /session/612db7fa7930bbb36023b099dfe9ab59/screenshot - {}
RESULT: {"text":"WebdriverYarddl4ni"}
COMMAND: GET /session/612db7fa7930bbb36023b099dfe9ab59/screenshot - {}
RESULT: {}
RESULT: {}
COMMAND: POST /session/612db7fa7930bbb36023b099dfe9ab59/execute/async - {"script":"<script> [1562 bytes]","args":[{"selector":{"controlType":"sap.m.Button","viewName":"etm.portal.ui.managepartners.view.NewPartner","viewId":"application-managepartners-display-component---NewPartner","i18NText":{"propertyName":"text","key":"save"},"interaction":{"idSuffix":"BDI-content"}},"wdio_ui5_key":"etmportal.ui.managepartners.view.NewPartnersap.m.Button{\"propertyName\":\"text\",\"key\":\"save\"}"}]}
RESULT: {"script":"<script> [1562 bytes]","args":[{"selector":{"controlType":"sap.m.Button","viewName":"etm.portal.ui.managepartners.view.NewPartner","viewId":"application-managepartners-display-component---NewPartner","i18NText":{"propertyName":"text","key":"save"},"interaction":{"idSuffix":"BDI-content"}},"wdio_ui5_key":"etmportal.ui.managepartners.view.NewPartnersap.m.Button{\"propertyName\":\"text\",\"key\":\"save\"}"}]}
RESULT: undefined
COMMAND: POST /session/612db7fa7930bbb36023b099dfe9ab59/element - {"using":"xpath","value":"//*[@id=\"__button12\"]"}
RESULT: {"using":"xpath","value":"//*[@id=\"__button12\"]"}
COMMAND: POST /session/612db7fa7930bbb36023b099dfe9ab59/element/f.E3CD5E68D1E1B2FCF6DD50D193150CE1.d.7169B0BFFE224562A0CBB0F45A013385.e.12384/click - {}
RESULT: {}
COMMAND: GET /session/612db7fa7930bbb36023b099dfe9ab59/screenshot - {}
RESULT: {}
COMMAND: POST /session/612db7fa7930bbb36023b099dfe9ab59/element - {"using":"xpath","value":"//header/div/div[2]/div[2]/span"}
RESULT: {"using":"xpath","value":"//header/div/div[2]/div[2]/span"}
COMMAND: GET /session/612db7fa7930bbb36023b099dfe9ab59/element/f.E3CD5E68D1E1B2FCF6DD50D193150CE1.d.7169B0BFFE224562A0CBB0F45A013385.e.12628/text - {}
RESULT: {}
COMMAND: POST /session/612db7fa7930bbb36023b099dfe9ab59/element - {"using":"xpath","value":"//header/div/div/div/div/div/div[2]/div/span"}
RESULT: {"using":"xpath","value":"//header/div/div/div/div/div/div[2]/div/span"}
COMMAND: GET /session/612db7fa7930bbb36023b099dfe9ab59/element/f.E3CD5E68D1E1B2FCF6DD50D193150CE1.d.7169B0BFFE224562A0CBB0F45A013385.e.12629/text - {}
RESULT: {}
COMMAND: POST /session/612db7fa7930bbb36023b099dfe9ab59/execute/async - {"script":"<script> [1562 bytes]","args":[{"selector":{"id":"application-managepartners-display-component---detailPtm--partnerType"},"wdio_ui5_key":"applicationmanagepartners-display-component---detailPtm--partnerType"}]}
RESULT: {"script":"<script> [1562 bytes]","args":[{"selector":{"id":"application-managepartners-display-component---detailPtm--partnerType"},"wdio_ui5_key":"applicationmanagepartners-display-component---detailPtm--partnerType"}]}
RESULT: undefined
COMMAND: POST /session/612db7fa7930bbb36023b099dfe9ab59/execute/async - {"script":"<script> [6424 bytes]","args":[{"element-6066-11e4-a52e-4f735466cecf":"f.E3CD5E68D1E1B2FCF6DD50D193150CE1.d.7169B0BFFE224562A0CBB0F45A013385.e.12630"},"getText",[]]}
RESULT: {"script":"<script> [6424 bytes]","args":[{"element-6066-11e4-a52e-4f735466cecf":"f.E3CD5E68D1E1B2FCF6DD50D193150CE1.d.7169B0BFFE224562A0CBB0F45A013385.e.12630"},"getText",[]]}
COMMAND: POST /session/612db7fa7930bbb36023b099dfe9ab59/element - {"using":"css selector","value":"#shell-header-logo"}
RESULT: {"using":"css selector","value":"#shell-header-logo"}
COMMAND: POST /session/612db7fa7930bbb36023b099dfe9ab59/element/f.E3CD5E68D1E1B2FCF6DD50D193150CE1.d.7169B0BFFE224562A0CBB0F45A013385.e.11966/click - {}
RESULT: {}
COMMAND: GET /session/612db7fa7930bbb36023b099dfe9ab59/screenshot - {}
RESULT: {}
COMMAND: POST /session/612db7fa7930bbb36023b099dfe9ab59/execute/async - {"script":"<script> [1562 bytes]","args":[{"selector":{"controlType":"sap.m.GenericTile","properties":{"header":"Manage Sites"}},"wdio_ui5_key":"sapm.GenericTile{\"header\":\"Manage Sites\"}"}]}
RESULT: {"script":"<script> [1562 bytes]","args":[{"selector":{"controlType":"sap.m.GenericTile","properties":{"header":"Manage Sites"}},"wdio_ui5_key":"sapm.GenericTile{\"header\":\"Manage Sites\"}"}]}
RESULT: undefined
COMMAND: POST /session/612db7fa7930bbb36023b099dfe9ab59/element - {"using":"xpath","value":"//*[@id=\"__tile40\"]"}
RESULT: {"using":"xpath","value":"//*[@id=\"__tile40\"]"}
COMMAND: POST /session/612db7fa7930bbb36023b099dfe9ab59/element/f.E3CD5E68D1E1B2FCF6DD50D193150CE1.d.7169B0BFFE224562A0CBB0F45A013385.e.12632/click - {}
RESULT: {}
COMMAND: GET /session/612db7fa7930bbb36023b099dfe9ab59/screenshot - {}
RESULT: {}
COMMAND: POST /session/612db7fa7930bbb36023b099dfe9ab59/elements - {"using":"xpath","value":"//span[text()='Error']"}
RESULT: {"using":"xpath","value":"//span[text()='Error']"}
COMMAND: POST /session/612db7fa7930bbb36023b099dfe9ab59/execute/async - {"script":"<script> [1562 bytes]","args":[{"selector":{"controlType":"sap.ui.core.Icon","viewName":"etm.portal.ui.managesites.view.Master","viewId":"application-managesites-display-component---masterSite","properties":{"src":{"regex":{"source":"add"}}}},"wdio_ui5_key":"etmportal.ui.managesites.view.Mastersap.ui.core.Icon{\"src\":{\"regex\":{\"source\":\"add\"}}}"}]}
RESULT: {"script":"<script> [1562 bytes]","args":[{"selector":{"controlType":"sap.ui.core.Icon","viewName":"etm.portal.ui.managesites.view.Master","viewId":"application-managesites-display-component---masterSite","properties":{"src":{"regex":{"source":"add"}}}},"wdio_ui5_key":"etmportal.ui.managesites.view.Mastersap.ui.core.Icon{\"src\":{\"regex\":{\"source\":\"add\"}}}"}]}
RESULT: undefined
COMMAND: POST /session/612db7fa7930bbb36023b099dfe9ab59/element - {"using":"xpath","value":"//*[@id=\"__button52-img\"]"}
RESULT: {"using":"xpath","value":"//*[@id=\"__button52-img\"]"}
COMMAND: POST /session/612db7fa7930bbb36023b099dfe9ab59/element/f.E3CD5E68D1E1B2FCF6DD50D193150CE1.d.7169B0BFFE224562A0CBB0F45A013385.e.12679/click - {}
RESULT: {}
COMMAND: POST /session/612db7fa7930bbb36023b099dfe9ab59/execute/async - {"script":"<script> [1562 bytes]","args":[{"selector":{"id":"application-managesites-display-component---NewSite--siteId","interaction":{"idSuffix":"inner"}},"wdio_ui5_key":"applicationmanagesites-display-component---NewSite--siteId"}]}
COMMAND: GET /session/612db7fa7930bbb36023b099dfe9ab59/screenshot - {}
RESULT: {"script":"<script> [1562 bytes]","args":[{"selector":{"id":"application-managesites-display-component---NewSite--siteId","interaction":{"idSuffix":"inner"}},"wdio_ui5_key":"applicationmanagesites-display-component---NewSite--siteId"}]}
RESULT: undefined
COMMAND: POST /session/612db7fa7930bbb36023b099dfe9ab59/execute/async - {"script":"<script> [1562 bytes]","args":[{"selector":{"id":"application-managesites-display-component---NewSite--addressDetailDetailsName1","interaction":{"idSuffix":"inner"}},"wdio_ui5_key":"applicationmanagesites-display-component---NewSite--addressDetailDetailsName1"}]}
RESULT: {}
RESULT: {"script":"<script> [1562 bytes]","args":[{"selector":{"id":"application-managesites-display-component---NewSite--addressDetailDetailsName1","interaction":{"idSuffix":"inner"}},"wdio_ui5_key":"applicationmanagesites-display-component---NewSite--addressDetailDetailsName1"}]}
RESULT: undefined
COMMAND: POST /session/612db7fa7930bbb36023b099dfe9ab59/execute/async - {"script":"<script> [776 bytes]","args":[{"enterText":"WebdriverSitetx575","selector":{"id":"application-managesites-display-component---NewSite--addressDetailDetailsName1","interaction":{"idSuffix":"inner"}},"clearTextFirst":true,"interactionType":"ENTER_TEXT"}]}
RESULT: {"script":"<script> [776 bytes]","args":[{"enterText":"WebdriverSitetx575","selector":{"id":"application-managesites-display-component---NewSite--addressDetailDetailsName1","interaction":{"idSuffix":"inner"}},"clearTextFirst":true,"interactionType":"ENTER_TEXT"}]}
COMMAND: POST /session/612db7fa7930bbb36023b099dfe9ab59/execute/async - {"script":"<script> [1562 bytes]","args":[{"selector":{"id":"application-managesites-display-component---NewSite--addressDetailDetailsLanguage","interaction":{"idSuffix":"inner"}},"wdio_ui5_key":"applicationmanagesites-display-component---NewSite--addressDetailDetailsLanguage"}]}
RESULT: {"script":"<script> [1562 bytes]","args":[{"selector":{"id":"application-managesites-display-component---NewSite--addressDetailDetailsLanguage","interaction":{"idSuffix":"inner"}},"wdio_ui5_key":"applicationmanagesites-display-component---NewSite--addressDetailDetailsLanguage"}]}
RESULT: undefined
COMMAND: POST /session/612db7fa7930bbb36023b099dfe9ab59/execute/async - {"script":"<script> [776 bytes]","args":[{"enterText":"Romanian","selector":{"id":"application-managesites-display-component---NewSite--addressDetailDetailsLanguage","interaction":{"idSuffix":"inner"}},"clearTextFirst":true,"interactionType":"ENTER_TEXT"}]}
RESULT: {"script":"<script> [776 bytes]","args":[{"enterText":"Romanian","selector":{"id":"application-managesites-display-component---NewSite--addressDetailDetailsLanguage","interaction":{"idSuffix":"inner"}},"clearTextFirst":true,"interactionType":"ENTER_TEXT"}]}
COMMAND: POST /session/612db7fa7930bbb36023b099dfe9ab59/execute/async - {"script":"<script> [1562 bytes]","args":[{"selector":{"id":"application-managesites-display-component---NewSite--addressDetailDetailsCity1","interaction":{"idSuffix":"inner"}},"wdio_ui5_key":"applicationmanagesites-display-component---NewSite--addressDetailDetailsCity1"}]}
RESULT: {"script":"<script> [1562 bytes]","args":[{"selector":{"id":"application-managesites-display-component---NewSite--addressDetailDetailsCity1","interaction":{"idSuffix":"inner"}},"wdio_ui5_key":"applicationmanagesites-display-component---NewSite--addressDetailDetailsCity1"}]}
RESULT: undefined
COMMAND: POST /session/612db7fa7930bbb36023b099dfe9ab59/execute/async - {"script":"<script> [776 bytes]","args":[{"enterText":"Bucharest","selector":{"id":"application-managesites-display-component---NewSite--addressDetailDetailsCity1","interaction":{"idSuffix":"inner"}},"clearTextFirst":true,"interactionType":"ENTER_TEXT"}]}
RESULT: {"script":"<script> [776 bytes]","args":[{"enterText":"Bucharest","selector":{"id":"application-managesites-display-component---NewSite--addressDetailDetailsCity1","interaction":{"idSuffix":"inner"}},"clearTextFirst":true,"interactionType":"ENTER_TEXT"}]}
COMMAND: POST /session/612db7fa7930bbb36023b099dfe9ab59/execute/async - {"script":"<script> [1562 bytes]","args":[{"selector":{"id":"application-managesites-display-component---NewSite--addressDetailDetailsCountry","interaction":{"idSuffix":"inner"}},"wdio_ui5_key":"applicationmanagesites-display-component---NewSite--addressDetailDetailsCountry"}]}
RESULT: {"script":"<script> [1562 bytes]","args":[{"selector":{"id":"application-managesites-display-component---NewSite--addressDetailDetailsCountry","interaction":{"idSuffix":"inner"}},"wdio_ui5_key":"applicationmanagesites-display-component---NewSite--addressDetailDetailsCountry"}]}
RESULT: undefined
COMMAND: POST /session/612db7fa7930bbb36023b099dfe9ab59/execute/async - {"script":"<script> [776 bytes]","args":[{"enterText":"Romania","selector":{"id":"application-managesites-display-component---NewSite--addressDetailDetailsCountry","interaction":{"idSuffix":"inner"}},"clearTextFirst":true,"interactionType":"ENTER_TEXT"}]}
RESULT: {"script":"<script> [776 bytes]","args":[{"enterText":"Romania","selector":{"id":"application-managesites-display-component---NewSite--addressDetailDetailsCountry","interaction":{"idSuffix":"inner"}},"clearTextFirst":true,"interactionType":"ENTER_TEXT"}]}
COMMAND: POST /session/612db7fa7930bbb36023b099dfe9ab59/element - {"using":"css selector","value":"#application-managesites-display-component---NewSite--addressDetailDetailsCalendar-inner"}
RESULT: {"using":"css selector","value":"#application-managesites-display-component---NewSite--addressDetailDetailsCalendar-inner"}
COMMAND: POST /session/612db7fa7930bbb36023b099dfe9ab59/element/f.E3CD5E68D1E1B2FCF6DD50D193150CE1.d.7169B0BFFE224562A0CBB0F45A013385.e.12928/clear - {}
RESULT: {}
COMMAND: POST /session/612db7fa7930bbb36023b099dfe9ab59/element/f.E3CD5E68D1E1B2FCF6DD50D193150CE1.d.7169B0BFFE224562A0CBB0F45A013385.e.12928/value - {"text":"Germany"}
COMMAND: GET /session/612db7fa7930bbb36023b099dfe9ab59/screenshot - {}
RESULT: {"text":"Germany"}
COMMAND: POST /session/612db7fa7930bbb36023b099dfe9ab59/execute/async - {"script":"<script> [1562 bytes]","args":[{"selector":{"id":"application-managesites-display-component---NewSite--addressEditDetailsCostObjectCstType-arrow"},"wdio_ui5_key":"applicationmanagesites-display-component---NewSite--addressEditDetailsCostObjectCstType-arrow"}]}
COMMAND: GET /session/612db7fa7930bbb36023b099dfe9ab59/screenshot - {}
RESULT: {}
RESULT: {"script":"<script> [1562 bytes]","args":[{"selector":{"id":"application-managesites-display-component---NewSite--addressEditDetailsCostObjectCstType-arrow"},"wdio_ui5_key":"applicationmanagesites-display-component---NewSite--addressEditDetailsCostObjectCstType-arrow"}]}
RESULT: undefined
COMMAND: POST /session/612db7fa7930bbb36023b099dfe9ab59/element - {"using":"xpath","value":"//*[@id=\"application-managesites-display-component---NewSite--addressEditDetailsCostObjectCstType-arrow\"]"}
RESULT: {}
RESULT: {"using":"xpath","value":"//*[@id=\"application-managesites-display-component---NewSite--addressEditDetailsCostObjectCstType-arrow\"]"}
COMMAND: POST /session/612db7fa7930bbb36023b099dfe9ab59/element/f.E3CD5E68D1E1B2FCF6DD50D193150CE1.d.7169B0BFFE224562A0CBB0F45A013385.e.13079/click - {}
RESULT: {}
COMMAND: POST /session/612db7fa7930bbb36023b099dfe9ab59/element - {"using":"xpath","value":"//span[contains(text(), \"Work Breakdown Structure\")]"}
COMMAND: GET /session/612db7fa7930bbb36023b099dfe9ab59/screenshot - {}
RESULT: {"using":"xpath","value":"//span[contains(text(), \"Work Breakdown Structure\")]"}
COMMAND: POST /session/612db7fa7930bbb36023b099dfe9ab59/element/f.E3CD5E68D1E1B2FCF6DD50D193150CE1.d.7169B0BFFE224562A0CBB0F45A013385.e.13080/click - {}
RESULT: {}
RESULT: {}
COMMAND: GET /session/612db7fa7930bbb36023b099dfe9ab59/screenshot - {}
RESULT: {}
COMMAND: POST /session/612db7fa7930bbb36023b099dfe9ab59/execute/async - {"script":"<script> [1562 bytes]","args":[{"selector":{"id":"application-managesites-display-component---NewSite--addressNewCostObjectCstID-vhi"},"wdio_ui5_key":"applicationmanagesites-display-component---NewSite--addressNewCostObjectCstID-vhi"}]}
RESULT: {"script":"<script> [1562 bytes]","args":[{"selector":{"id":"application-managesites-display-component---NewSite--addressNewCostObjectCstID-vhi"},"wdio_ui5_key":"applicationmanagesites-display-component---NewSite--addressNewCostObjectCstID-vhi"}]}
RESULT: undefined
COMMAND: POST /session/612db7fa7930bbb36023b099dfe9ab59/element - {"using":"xpath","value":"//*[@id=\"application-managesites-display-component---NewSite--addressNewCostObjectCstID-vhi\"]"}
RESULT: {"using":"xpath","value":"//*[@id=\"application-managesites-display-component---NewSite--addressNewCostObjectCstID-vhi\"]"}
COMMAND: POST /session/612db7fa7930bbb36023b099dfe9ab59/element/f.E3CD5E68D1E1B2FCF6DD50D193150CE1.d.7169B0BFFE224562A0CBB0F45A013385.e.13084/click - {}
RESULT: {}
COMMAND: GET /session/612db7fa7930bbb36023b099dfe9ab59/screenshot - {}
RESULT: {}
COMMAND: POST /session/612db7fa7930bbb36023b099dfe9ab59/execute/async - {"script":"<script> [1562 bytes]","args":[{"selector":{"controlType":"sap.m.SearchField","properties":{"placeholder":"Search"},"searchOpenDialogs":true,"interaction":{"idSuffix":"I"}},"wdio_ui5_key":"sapm.SearchField{\"placeholder\":\"Search\"}"}]}
RESULT: {"script":"<script> [1562 bytes]","args":[{"selector":{"controlType":"sap.m.SearchField","properties":{"placeholder":"Search"},"searchOpenDialogs":true,"interaction":{"idSuffix":"I"}},"wdio_ui5_key":"sapm.SearchField{\"placeholder\":\"Search\"}"}]}
RESULT: undefined
COMMAND: POST /session/612db7fa7930bbb36023b099dfe9ab59/execute/async - {"script":"<script> [776 bytes]","args":[{"enterText":"A1-000100-01","selector":{"controlType":"sap.m.SearchField","properties":{"placeholder":"Search"},"searchOpenDialogs":true,"interaction":{"idSuffix":"I"}},"clearTextFirst":true,"interactionType":"ENTER_TEXT"}]}
RESULT: {"script":"<script> [776 bytes]","args":[{"enterText":"A1-000100-01","selector":{"controlType":"sap.m.SearchField","properties":{"placeholder":"Search"},"searchOpenDialogs":true,"interaction":{"idSuffix":"I"}},"clearTextFirst":true,"interactionType":"ENTER_TEXT"}]}
COMMAND: POST /session/612db7fa7930bbb36023b099dfe9ab59/actions - {"actions":[{"id":"action67","type":"key","parameters":{},"actions":[{"type":"keyDown","value":""},{"type":"pause","duration":10},{"type":"keyUp","value":""}]}]}
RESULT: {"actions":[{"id":"action67","type":"key","parameters":{},"actions":[{"type":"keyDown","value":""},{"type":"pause","duration":10},{"type":"keyUp","value":""}]}]}
COMMAND: GET /session/612db7fa7930bbb36023b099dfe9ab59/screenshot - {}
RESULT: {}
COMMAND: POST /session/612db7fa7930bbb36023b099dfe9ab59/element - {"using":"xpath","value":"//span[contains(text(), \"Template for ETO-Process\")]"}
RESULT: {"using":"xpath","value":"//span[contains(text(), \"Template for ETO-Process\")]"}
COMMAND: POST /session/612db7fa7930bbb36023b099dfe9ab59/element/f.E3CD5E68D1E1B2FCF6DD50D193150CE1.d.7169B0BFFE224562A0CBB0F45A013385.e.13104/click - {}
RESULT: {}
COMMAND: GET /session/612db7fa7930bbb36023b099dfe9ab59/screenshot - {}
RESULT: {}
COMMAND: POST /session/612db7fa7930bbb36023b099dfe9ab59/element - {"using":"xpath","value":"//bdi[contains(text(), \"OK\")]"}
RESULT: {"using":"xpath","value":"//bdi[contains(text(), \"OK\")]"}
COMMAND: POST /session/612db7fa7930bbb36023b099dfe9ab59/element/f.E3CD5E68D1E1B2FCF6DD50D193150CE1.d.7169B0BFFE224562A0CBB0F45A013385.e.13105/click - {}
RESULT: {}
COMMAND: GET /session/612db7fa7930bbb36023b099dfe9ab59/screenshot - {}
RESULT: {}
COMMAND: POST /session/612db7fa7930bbb36023b099dfe9ab59/element - {"using":"xpath","value":"//input[@id=\"application-managesites-display-component---NewSite--addressDetailDetailsYard-inner\"]"}
RESULT: {"using":"xpath","value":"//input[@id=\"application-managesites-display-component---NewSite--addressDetailDetailsYard-inner\"]"}
COMMAND: POST /session/612db7fa7930bbb36023b099dfe9ab59/element/f.E3CD5E68D1E1B2FCF6DD50D193150CE1.d.7169B0BFFE224562A0CBB0F45A013385.e.12929/value - {"text":"WebdriverYarddl4ni"}
RESULT: {"text":"WebdriverYarddl4ni"}
COMMAND: GET /session/612db7fa7930bbb36023b099dfe9ab59/screenshot - {}
RESULT: {}
COMMAND: POST /session/612db7fa7930bbb36023b099dfe9ab59/actions - {"actions":[{"id":"action68","type":"key","parameters":{},"actions":[{"type":"keyDown","value":""},{"type":"pause","duration":10},{"type":"keyUp","value":""}]}]}
RESULT: {"actions":[{"id":"action68","type":"key","parameters":{},"actions":[{"type":"keyDown","value":""},{"type":"pause","duration":10},{"type":"keyUp","value":""}]}]}
COMMAND: GET /session/612db7fa7930bbb36023b099dfe9ab59/screenshot - {}
RESULT: {}
COMMAND: POST /session/612db7fa7930bbb36023b099dfe9ab59/element - {"using":"xpath","value":"//input[@id=\"application-managesites-display-component---NewSite--addressDetailDetailsPartner-inner\"]"}
RESULT: {"using":"xpath","value":"//input[@id=\"application-managesites-display-component---NewSite--addressDetailDetailsPartner-inner\"]"}
COMMAND: POST /session/612db7fa7930bbb36023b099dfe9ab59/elements - {"using":"xpath","value":"//input[@id=\"application-managesites-display-component---NewSite--addressDetailDetailsPartner-inner\"]"}
RESULT: {"using":"xpath","value":"//input[@id=\"application-managesites-display-component---NewSite--addressDetailDetailsPartner-inner\"]"}
COMMAND: POST /session/612db7fa7930bbb36023b099dfe9ab59/execute/async - {"script":"<script> [1562 bytes]","args":[{"selector":{"controlType":"sap.m.Button","viewName":"etm.portal.ui.managesites.view.NewSmartSite","viewId":"application-managesites-display-component---NewSite","properties":{"text":"Commercial"},"interaction":{"idSuffix":"BDI-content"}},"wdio_ui5_key":"etmportal.ui.managesites.view.NewSmartSitesap.m.Button{\"text\":\"Commercial\"}"}]}
RESULT: {"script":"<script> [1562 bytes]","args":[{"selector":{"controlType":"sap.m.Button","viewName":"etm.portal.ui.managesites.view.NewSmartSite","viewId":"application-managesites-display-component---NewSite","properties":{"text":"Commercial"},"interaction":{"idSuffix":"BDI-content"}},"wdio_ui5_key":"etmportal.ui.managesites.view.NewSmartSitesap.m.Button{\"text\":\"Commercial\"}"}]}
RESULT: undefined
COMMAND: POST /session/612db7fa7930bbb36023b099dfe9ab59/element - {"using":"xpath","value":"//*[@id=\"application-managesites-display-component---NewSite--ObjectPageLayout-anchBar-__section31-anchor\"]"}
RESULT: {"using":"xpath","value":"//*[@id=\"application-managesites-display-component---NewSite--ObjectPageLayout-anchBar-__section31-anchor\"]"}
COMMAND: POST /session/612db7fa7930bbb36023b099dfe9ab59/element/f.E3CD5E68D1E1B2FCF6DD50D193150CE1.d.7169B0BFFE224562A0CBB0F45A013385.e.13112/click - {}
RESULT: {}
COMMAND: POST /session/612db7fa7930bbb36023b099dfe9ab59/execute/async - {"script":"<script> [1562 bytes]","args":[{"selector":{"controlType":"sap.m.Button","viewName":"etm.portal.ui.managesites.view.NewSmartSite","viewId":"application-managesites-display-component---NewSite","i18NText":{"propertyName":"text","key":"save"},"interaction":{"idSuffix":"BDI-content"}},"wdio_ui5_key":"etmportal.ui.managesites.view.NewSmartSitesap.m.Button{\"propertyName\":\"text\",\"key\":\"save\"}"}]}
COMMAND: GET /session/612db7fa7930bbb36023b099dfe9ab59/screenshot - {}
RESULT: {"script":"<script> [1562 bytes]","args":[{"selector":{"controlType":"sap.m.Button","viewName":"etm.portal.ui.managesites.view.NewSmartSite","viewId":"application-managesites-display-component---NewSite","i18NText":{"propertyName":"text","key":"save"},"interaction":{"idSuffix":"BDI-content"}},"wdio_ui5_key":"etmportal.ui.managesites.view.NewSmartSitesap.m.Button{\"propertyName\":\"text\",\"key\":\"save\"}"}]}
RESULT: undefined
COMMAND: POST /session/612db7fa7930bbb36023b099dfe9ab59/element - {"using":"xpath","value":"//*[@id=\"__button64\"]"}
RESULT: {}
RESULT: {"using":"xpath","value":"//*[@id=\"__button64\"]"}
COMMAND: POST /session/612db7fa7930bbb36023b099dfe9ab59/element/f.E3CD5E68D1E1B2FCF6DD50D193150CE1.d.7169B0BFFE224562A0CBB0F45A013385.e.13058/click - {}
RESULT: {}
COMMAND: GET /session/612db7fa7930bbb36023b099dfe9ab59/screenshot - {}
RESULT: {}
COMMAND: POST /session/612db7fa7930bbb36023b099dfe9ab59/execute/async - {"script":"<script> [1562 bytes]","args":[{"selector":{"id":"application-managesites-display-component---detailSite--addressDetailDetailsYardText"},"wdio_ui5_key":"applicationmanagesites-display-component---detailSite--addressDetailDetailsYardText"}]}
RESULT: {"script":"<script> [1562 bytes]","args":[{"selector":{"id":"application-managesites-display-component---detailSite--addressDetailDetailsYardText"},"wdio_ui5_key":"applicationmanagesites-display-component---detailSite--addressDetailDetailsYardText"}]}
RESULT: undefined
COMMAND: POST /session/612db7fa7930bbb36023b099dfe9ab59/element - {"using":"xpath","value":"//header/div/div[2]/div[2]/span"}
RESULT: {"using":"xpath","value":"//header/div/div[2]/div[2]/span"}
COMMAND: GET /session/612db7fa7930bbb36023b099dfe9ab59/element/f.E3CD5E68D1E1B2FCF6DD50D193150CE1.d.7169B0BFFE224562A0CBB0F45A013385.e.13315/text - {}
RESULT: {}
COMMAND: POST /session/612db7fa7930bbb36023b099dfe9ab59/element - {"using":"xpath","value":"//header/div/div/div/div/div/div[2]/div/span"}
RESULT: {"using":"xpath","value":"//header/div/div/div/div/div/div[2]/div/span"}
COMMAND: GET /session/612db7fa7930bbb36023b099dfe9ab59/element/f.E3CD5E68D1E1B2FCF6DD50D193150CE1.d.7169B0BFFE224562A0CBB0F45A013385.e.13316/text - {}
RESULT: {}
COMMAND: POST /session/612db7fa7930bbb36023b099dfe9ab59/element - {"using":"css selector","value":"#shell-header-logo"}
RESULT: {"using":"css selector","value":"#shell-header-logo"}
COMMAND: POST /session/612db7fa7930bbb36023b099dfe9ab59/element/f.E3CD5E68D1E1B2FCF6DD50D193150CE1.d.7169B0BFFE224562A0CBB0F45A013385.e.12635/click - {}
RESULT: {}
COMMAND: GET /session/612db7fa7930bbb36023b099dfe9ab59/screenshot - {}
RESULT: {}
]]></system-out>
    </testcase>
    <testcase classname="chrome.136_0_7103_93.windows.E2E_-_Logistical_and_commercial_statuses" name="It should stock increase the resource" time="204.368">
      <system-out><![CDATA[
COMMAND: POST /session/612db7fa7930bbb36023b099dfe9ab59/execute/async - {"script":"<script> [1562 bytes]","args":[{"selector":{"controlType":"sap.m.GenericTile","properties":{"header":"Manage Resources"}},"wdio_ui5_key":"sapm.GenericTile{\"header\":\"Manage Resources\"}"}]}
RESULT: {"script":"<script> [1562 bytes]","args":[{"selector":{"controlType":"sap.m.GenericTile","properties":{"header":"Manage Resources"}},"wdio_ui5_key":"sapm.GenericTile{\"header\":\"Manage Resources\"}"}]}
RESULT: undefined
COMMAND: POST /session/612db7fa7930bbb36023b099dfe9ab59/element - {"using":"xpath","value":"//*[@id=\"__tile39\"]"}
RESULT: {"using":"xpath","value":"//*[@id=\"__tile39\"]"}
COMMAND: POST /session/612db7fa7930bbb36023b099dfe9ab59/element/f.E3CD5E68D1E1B2FCF6DD50D193150CE1.d.7169B0BFFE224562A0CBB0F45A013385.e.13318/click - {}
RESULT: {}
COMMAND: GET /session/612db7fa7930bbb36023b099dfe9ab59/screenshot - {}
RESULT: {}
COMMAND: POST /session/612db7fa7930bbb36023b099dfe9ab59/elements - {"using":"xpath","value":"//span[text()='Error']"}
RESULT: {"using":"xpath","value":"//span[text()='Error']"}
COMMAND: POST /session/612db7fa7930bbb36023b099dfe9ab59/element - {"using":"xpath","value":"//button[@data-kt=\"addNewRUOverflowToolbarButton\"]"}
RESULT: {"using":"xpath","value":"//button[@data-kt=\"addNewRUOverflowToolbarButton\"]"}
COMMAND: POST /session/612db7fa7930bbb36023b099dfe9ab59/execute/sync - {"script":"<script> [8489 bytes]","args":[{"element-6066-11e4-a52e-4f735466cecf":"f.E3CD5E68D1E1B2FCF6DD50D193150CE1.d.7169B0BFFE224562A0CBB0F45A013385.e.13359","ELEMENT":"f.E3CD5E68D1E1B2FCF6DD50D193150CE1.d.7169B0BFFE224562A0CBB0F45A013385.e.13359"}]}
RESULT: {"script":"<script> [8489 bytes]","args":[{"element-6066-11e4-a52e-4f735466cecf":"f.E3CD5E68D1E1B2FCF6DD50D193150CE1.d.7169B0BFFE224562A0CBB0F45A013385.e.13359","ELEMENT":"f.E3CD5E68D1E1B2FCF6DD50D193150CE1.d.7169B0BFFE224562A0CBB0F45A013385.e.13359"}]}
COMMAND: POST /session/612db7fa7930bbb36023b099dfe9ab59/element/f.E3CD5E68D1E1B2FCF6DD50D193150CE1.d.7169B0BFFE224562A0CBB0F45A013385.e.13359/click - {}
COMMAND: GET /session/612db7fa7930bbb36023b099dfe9ab59/screenshot - {}
RESULT: {}
COMMAND: POST /session/612db7fa7930bbb36023b099dfe9ab59/execute/async - {"script":"<script> [1562 bytes]","args":[{"selector":{"id":"application-manageresources-display-component---newResourceUnit--TYPE-arrow"},"wdio_ui5_key":"applicationmanageresources-display-component---newResourceUnit--TYPE-arrow"}]}
COMMAND: GET /session/612db7fa7930bbb36023b099dfe9ab59/screenshot - {}
RESULT: {}
RESULT: {"script":"<script> [1562 bytes]","args":[{"selector":{"id":"application-manageresources-display-component---newResourceUnit--TYPE-arrow"},"wdio_ui5_key":"applicationmanageresources-display-component---newResourceUnit--TYPE-arrow"}]}
RESULT: undefined
COMMAND: POST /session/612db7fa7930bbb36023b099dfe9ab59/element - {"using":"xpath","value":"//*[@id=\"application-manageresources-display-component---newResourceUnit--TYPE-arrow\"]"}
RESULT: {}
RESULT: {"using":"xpath","value":"//*[@id=\"application-manageresources-display-component---newResourceUnit--TYPE-arrow\"]"}
COMMAND: POST /session/612db7fa7930bbb36023b099dfe9ab59/element/f.E3CD5E68D1E1B2FCF6DD50D193150CE1.d.7169B0BFFE224562A0CBB0F45A013385.e.13683/click - {}
RESULT: {}
COMMAND: POST /session/612db7fa7930bbb36023b099dfe9ab59/execute/async - {"script":"<script> [1562 bytes]","args":[{"selector":{"controlType":"sap.m.StandardListItem","viewName":"reusables.view.manageresources.NewResourceUnit","viewId":"application-manageresources-display-component---newResourceUnit","properties":{"title":"Material"},"searchOpenDialogs":true,"interaction":{"idSuffix":"titleText"}},"wdio_ui5_key":"reusablesview.manageresources.NewResourceUnitsap.m.StandardListItem{\"title\":\"Material\"}"}]}
COMMAND: GET /session/612db7fa7930bbb36023b099dfe9ab59/screenshot - {}
RESULT: {"script":"<script> [1562 bytes]","args":[{"selector":{"controlType":"sap.m.StandardListItem","viewName":"reusables.view.manageresources.NewResourceUnit","viewId":"application-manageresources-display-component---newResourceUnit","properties":{"title":"Material"},"searchOpenDialogs":true,"interaction":{"idSuffix":"titleText"}},"wdio_ui5_key":"reusablesview.manageresources.NewResourceUnitsap.m.StandardListItem{\"title\":\"Material\"}"}]}
RESULT: undefined
COMMAND: POST /session/612db7fa7930bbb36023b099dfe9ab59/element - {"using":"xpath","value":"//*[@id=\"__item893\"]"}
RESULT: {}
RESULT: {"using":"xpath","value":"//*[@id=\"__item893\"]"}
COMMAND: POST /session/612db7fa7930bbb36023b099dfe9ab59/element/f.E3CD5E68D1E1B2FCF6DD50D193150CE1.d.7169B0BFFE224562A0CBB0F45A013385.e.13686/click - {}
RESULT: {}
COMMAND: POST /session/612db7fa7930bbb36023b099dfe9ab59/execute/async - {"script":"<script> [1562 bytes]","args":[{"selector":{"id":"application-manageresources-display-component---newResourceUnit--SHORT_TEXT","interaction":{"idSuffix":"inner"}},"wdio_ui5_key":"applicationmanageresources-display-component---newResourceUnit--SHORT_TEXT"}]}
COMMAND: GET /session/612db7fa7930bbb36023b099dfe9ab59/screenshot - {}
RESULT: {"script":"<script> [1562 bytes]","args":[{"selector":{"id":"application-manageresources-display-component---newResourceUnit--SHORT_TEXT","interaction":{"idSuffix":"inner"}},"wdio_ui5_key":"applicationmanageresources-display-component---newResourceUnit--SHORT_TEXT"}]}
RESULT: undefined
COMMAND: POST /session/612db7fa7930bbb36023b099dfe9ab59/execute/async - {"script":"<script> [776 bytes]","args":[{"enterText":"WebdriverRUR2Cr9zbag","selector":{"id":"application-manageresources-display-component---newResourceUnit--SHORT_TEXT","interaction":{"idSuffix":"inner"}},"clearTextFirst":true,"interactionType":"ENTER_TEXT"}]}
RESULT: {}
RESULT: {"script":"<script> [776 bytes]","args":[{"enterText":"WebdriverRUR2Cr9zbag","selector":{"id":"application-manageresources-display-component---newResourceUnit--SHORT_TEXT","interaction":{"idSuffix":"inner"}},"clearTextFirst":true,"interactionType":"ENTER_TEXT"}]}
COMMAND: POST /session/612db7fa7930bbb36023b099dfe9ab59/execute/async - {"script":"<script> [1562 bytes]","args":[{"selector":{"id":"application-manageresources-display-component---newResourceUnit--BASE_UNIT_OF_MEASURE-arrow"},"wdio_ui5_key":"applicationmanageresources-display-component---newResourceUnit--BASE_UNIT_OF_MEASURE-arrow"}]}
RESULT: {"script":"<script> [1562 bytes]","args":[{"selector":{"id":"application-manageresources-display-component---newResourceUnit--BASE_UNIT_OF_MEASURE-arrow"},"wdio_ui5_key":"applicationmanageresources-display-component---newResourceUnit--BASE_UNIT_OF_MEASURE-arrow"}]}
RESULT: undefined
COMMAND: POST /session/612db7fa7930bbb36023b099dfe9ab59/element - {"using":"xpath","value":"//*[@id=\"application-manageresources-display-component---newResourceUnit--BASE_UNIT_OF_MEASURE-arrow\"]"}
RESULT: {"using":"xpath","value":"//*[@id=\"application-manageresources-display-component---newResourceUnit--BASE_UNIT_OF_MEASURE-arrow\"]"}
COMMAND: POST /session/612db7fa7930bbb36023b099dfe9ab59/element/f.E3CD5E68D1E1B2FCF6DD50D193150CE1.d.7169B0BFFE224562A0CBB0F45A013385.e.13806/click - {}
RESULT: {}
COMMAND: POST /session/612db7fa7930bbb36023b099dfe9ab59/execute/async - {"script":"<script> [1562 bytes]","args":[{"selector":{"controlType":"sap.m.StandardListItem","viewName":"reusables.view.manageresources.NewResourceUnit","viewId":"application-manageresources-display-component---newResourceUnit","properties":{"title":"Piece"},"searchOpenDialogs":true,"interaction":{"idSuffix":"titleText"}},"wdio_ui5_key":"reusablesview.manageresources.NewResourceUnitsap.m.StandardListItem{\"title\":\"Piece\"}"}]}
COMMAND: GET /session/612db7fa7930bbb36023b099dfe9ab59/screenshot - {}
RESULT: {"script":"<script> [1562 bytes]","args":[{"selector":{"controlType":"sap.m.StandardListItem","viewName":"reusables.view.manageresources.NewResourceUnit","viewId":"application-manageresources-display-component---newResourceUnit","properties":{"title":"Piece"},"searchOpenDialogs":true,"interaction":{"idSuffix":"titleText"}},"wdio_ui5_key":"reusablesview.manageresources.NewResourceUnitsap.m.StandardListItem{\"title\":\"Piece\"}"}]}
RESULT: undefined
COMMAND: POST /session/612db7fa7930bbb36023b099dfe9ab59/element - {"using":"xpath","value":"//*[@id=\"__item946\"]"}
RESULT: {}
RESULT: {"using":"xpath","value":"//*[@id=\"__item946\"]"}
COMMAND: POST /session/612db7fa7930bbb36023b099dfe9ab59/element/f.E3CD5E68D1E1B2FCF6DD50D193150CE1.d.7169B0BFFE224562A0CBB0F45A013385.e.13808/click - {}
RESULT: {}
COMMAND: POST /session/612db7fa7930bbb36023b099dfe9ab59/element - {"using":"xpath","value":"//input[contains(@id ,\"application-manageresources-display-component---newResourceUnit--SHORT_TEXT-inner\")]"}
COMMAND: GET /session/612db7fa7930bbb36023b099dfe9ab59/screenshot - {}
RESULT: {"using":"xpath","value":"//input[contains(@id ,\"application-manageresources-display-component---newResourceUnit--SHORT_TEXT-inner\")]"}
COMMAND: GET /session/612db7fa7930bbb36023b099dfe9ab59/element/f.E3CD5E68D1E1B2FCF6DD50D193150CE1.d.7169B0BFFE224562A0CBB0F45A013385.e.13703/property/value - {}
RESULT: {}
RESULT: {}
COMMAND: POST /session/612db7fa7930bbb36023b099dfe9ab59/execute/async - {"script":"<script> [1562 bytes]","args":[{"selector":{"id":"application-manageresources-display-component---newResourceUnit--WEIGHT_UNIT-arrow"},"wdio_ui5_key":"applicationmanageresources-display-component---newResourceUnit--WEIGHT_UNIT-arrow"}]}
COMMAND: GET /session/612db7fa7930bbb36023b099dfe9ab59/screenshot - {}
RESULT: {"script":"<script> [1562 bytes]","args":[{"selector":{"id":"application-manageresources-display-component---newResourceUnit--WEIGHT_UNIT-arrow"},"wdio_ui5_key":"applicationmanageresources-display-component---newResourceUnit--WEIGHT_UNIT-arrow"}]}
RESULT: undefined
COMMAND: POST /session/612db7fa7930bbb36023b099dfe9ab59/element - {"using":"xpath","value":"//*[@id=\"application-manageresources-display-component---newResourceUnit--WEIGHT_UNIT-arrow\"]"}
RESULT: {}
RESULT: {"using":"xpath","value":"//*[@id=\"application-manageresources-display-component---newResourceUnit--WEIGHT_UNIT-arrow\"]"}
COMMAND: POST /session/612db7fa7930bbb36023b099dfe9ab59/element/f.E3CD5E68D1E1B2FCF6DD50D193150CE1.d.7169B0BFFE224562A0CBB0F45A013385.e.13809/click - {}
RESULT: {}
COMMAND: POST /session/612db7fa7930bbb36023b099dfe9ab59/execute/async - {"script":"<script> [1562 bytes]","args":[{"selector":{"controlType":"sap.m.StandardListItem","viewName":"reusables.view.manageresources.NewResourceUnit","viewId":"application-manageresources-display-component---newResourceUnit","properties":{"title":"Gram"},"searchOpenDialogs":true,"interaction":{"idSuffix":"content"}},"wdio_ui5_key":"reusablesview.manageresources.NewResourceUnitsap.m.StandardListItem{\"title\":\"Gram\"}"}]}
COMMAND: GET /session/612db7fa7930bbb36023b099dfe9ab59/screenshot - {}
RESULT: {"script":"<script> [1562 bytes]","args":[{"selector":{"controlType":"sap.m.StandardListItem","viewName":"reusables.view.manageresources.NewResourceUnit","viewId":"application-manageresources-display-component---newResourceUnit","properties":{"title":"Gram"},"searchOpenDialogs":true,"interaction":{"idSuffix":"content"}},"wdio_ui5_key":"reusablesview.manageresources.NewResourceUnitsap.m.StandardListItem{\"title\":\"Gram\"}"}]}
RESULT: undefined
COMMAND: POST /session/612db7fa7930bbb36023b099dfe9ab59/element - {"using":"xpath","value":"//*[@id=\"__item1011\"]"}
RESULT: {}
RESULT: {"using":"xpath","value":"//*[@id=\"__item1011\"]"}
COMMAND: POST /session/612db7fa7930bbb36023b099dfe9ab59/element/f.E3CD5E68D1E1B2FCF6DD50D193150CE1.d.7169B0BFFE224562A0CBB0F45A013385.e.13811/click - {}
RESULT: {}
COMMAND: POST /session/612db7fa7930bbb36023b099dfe9ab59/execute/async - {"script":"<script> [1562 bytes]","args":[{"selector":{"id":"application-manageresources-display-component---newResourceUnit--newRRUPage-OPHeaderContent-collapseBtn-img"},"wdio_ui5_key":"applicationmanageresources-display-component---newResourceUnit--newRRUPage-OPHeaderContent-collapseBtn-img"}]}
COMMAND: GET /session/612db7fa7930bbb36023b099dfe9ab59/screenshot - {}
RESULT: {"script":"<script> [1562 bytes]","args":[{"selector":{"id":"application-manageresources-display-component---newResourceUnit--newRRUPage-OPHeaderContent-collapseBtn-img"},"wdio_ui5_key":"applicationmanageresources-display-component---newResourceUnit--newRRUPage-OPHeaderContent-collapseBtn-img"}]}
RESULT: undefined
COMMAND: POST /session/612db7fa7930bbb36023b099dfe9ab59/element - {"using":"xpath","value":"//*[@id=\"application-manageresources-display-component---newResourceUnit--newRRUPage-OPHeaderContent-collapseBtn-img\"]"}
RESULT: {}
RESULT: {"using":"xpath","value":"//*[@id=\"application-manageresources-display-component---newResourceUnit--newRRUPage-OPHeaderContent-collapseBtn-img\"]"}
COMMAND: POST /session/612db7fa7930bbb36023b099dfe9ab59/element/f.E3CD5E68D1E1B2FCF6DD50D193150CE1.d.7169B0BFFE224562A0CBB0F45A013385.e.13693/click - {}
RESULT: {}
COMMAND: GET /session/612db7fa7930bbb36023b099dfe9ab59/screenshot - {}
RESULT: {}
COMMAND: POST /session/612db7fa7930bbb36023b099dfe9ab59/element - {"using":"xpath","value":"(//span[contains(@id ,\"application-manageresources-display-component---newResourceUnit--DIMENSION_UNIT-arrow\")])[1]"}
RESULT: {"using":"xpath","value":"(//span[contains(@id ,\"application-manageresources-display-component---newResourceUnit--DIMENSION_UNIT-arrow\")])[1]"}
COMMAND: POST /session/612db7fa7930bbb36023b099dfe9ab59/element/f.E3CD5E68D1E1B2FCF6DD50D193150CE1.d.7169B0BFFE224562A0CBB0F45A013385.e.13817/click - {}
RESULT: {}
COMMAND: GET /session/612db7fa7930bbb36023b099dfe9ab59/screenshot - {}
RESULT: {}
COMMAND: POST /session/612db7fa7930bbb36023b099dfe9ab59/execute/async - {"script":"<script> [1562 bytes]","args":[{"selector":{"controlType":"sap.m.StandardListItem","viewName":"reusables.view.manageresources.NewResourceUnit","viewId":"application-manageresources-display-component---newResourceUnit","properties":{"title":"Centimeter"},"searchOpenDialogs":true,"interaction":{"idSuffix":"titleText"}},"wdio_ui5_key":"reusablesview.manageresources.NewResourceUnitsap.m.StandardListItem{\"title\":\"Centimeter\"}"}]}
RESULT: {"script":"<script> [1562 bytes]","args":[{"selector":{"controlType":"sap.m.StandardListItem","viewName":"reusables.view.manageresources.NewResourceUnit","viewId":"application-manageresources-display-component---newResourceUnit","properties":{"title":"Centimeter"},"searchOpenDialogs":true,"interaction":{"idSuffix":"titleText"}},"wdio_ui5_key":"reusablesview.manageresources.NewResourceUnitsap.m.StandardListItem{\"title\":\"Centimeter\"}"}]}
RESULT: undefined
COMMAND: POST /session/612db7fa7930bbb36023b099dfe9ab59/element - {"using":"xpath","value":"//*[@id=\"__item1014\"]"}
RESULT: {"using":"xpath","value":"//*[@id=\"__item1014\"]"}
COMMAND: POST /session/612db7fa7930bbb36023b099dfe9ab59/element/f.E3CD5E68D1E1B2FCF6DD50D193150CE1.d.7169B0BFFE224562A0CBB0F45A013385.e.13819/click - {}
RESULT: {}
COMMAND: POST /session/612db7fa7930bbb36023b099dfe9ab59/execute/async - {"script":"<script> [1562 bytes]","args":[{"selector":{"id":"application-manageresources-display-component---newResourceUnit--newRRUPage-anchBar-application-manageresources-display-component---newResourceUnit--reference-anchor","interaction":{"idSuffix":"BDI-content"}},"wdio_ui5_key":"applicationmanageresources-display-component---newResourceUnit--newRRUPage-anchBar-application-manageresources-display-component---newResourceUnit--reference-anchor"}]}
COMMAND: GET /session/612db7fa7930bbb36023b099dfe9ab59/screenshot - {}
RESULT: {"script":"<script> [1562 bytes]","args":[{"selector":{"id":"application-manageresources-display-component---newResourceUnit--newRRUPage-anchBar-application-manageresources-display-component---newResourceUnit--reference-anchor","interaction":{"idSuffix":"BDI-content"}},"wdio_ui5_key":"applicationmanageresources-display-component---newResourceUnit--newRRUPage-anchBar-application-manageresources-display-component---newResourceUnit--reference-anchor"}]}
RESULT: undefined
COMMAND: POST /session/612db7fa7930bbb36023b099dfe9ab59/element - {"using":"xpath","value":"//*[@id=\"application-manageresources-display-component---newResourceUnit--newRRUPage-anchBar-application-manageresources-display-component---newResourceUnit--reference-anchor\"]"}
RESULT: {}
RESULT: {"using":"xpath","value":"//*[@id=\"application-manageresources-display-component---newResourceUnit--newRRUPage-anchBar-application-manageresources-display-component---newResourceUnit--reference-anchor\"]"}
COMMAND: POST /session/612db7fa7930bbb36023b099dfe9ab59/element/f.E3CD5E68D1E1B2FCF6DD50D193150CE1.d.7169B0BFFE224562A0CBB0F45A013385.e.13821/click - {}
RESULT: {}
COMMAND: POST /session/612db7fa7930bbb36023b099dfe9ab59/execute/async - {"script":"<script> [1562 bytes]","args":[{"selector":{"id":"application-manageresources-display-component---newResourceUnit--PLANNING_GROUP-arrow"},"wdio_ui5_key":"applicationmanageresources-display-component---newResourceUnit--PLANNING_GROUP-arrow"}]}
COMMAND: GET /session/612db7fa7930bbb36023b099dfe9ab59/screenshot - {}
RESULT: {"script":"<script> [1562 bytes]","args":[{"selector":{"id":"application-manageresources-display-component---newResourceUnit--PLANNING_GROUP-arrow"},"wdio_ui5_key":"applicationmanageresources-display-component---newResourceUnit--PLANNING_GROUP-arrow"}]}
RESULT: undefined
COMMAND: POST /session/612db7fa7930bbb36023b099dfe9ab59/element - {"using":"xpath","value":"//*[@id=\"application-manageresources-display-component---newResourceUnit--PLANNING_GROUP-arrow\"]"}
RESULT: {}
RESULT: {"using":"xpath","value":"//*[@id=\"application-manageresources-display-component---newResourceUnit--PLANNING_GROUP-arrow\"]"}
COMMAND: POST /session/612db7fa7930bbb36023b099dfe9ab59/element/f.E3CD5E68D1E1B2FCF6DD50D193150CE1.d.7169B0BFFE224562A0CBB0F45A013385.e.13825/click - {}
RESULT: {}
COMMAND: POST /session/612db7fa7930bbb36023b099dfe9ab59/execute/async - {"script":"<script> [1562 bytes]","args":[{"selector":{"controlType":"sap.m.StandardListItem","viewName":"reusables.view.manageresources.NewResourceUnit","viewId":"application-manageresources-display-component---newResourceUnit","properties":{"title":"Heavy Equi"},"searchOpenDialogs":true,"interaction":{"idSuffix":"content"}},"wdio_ui5_key":"reusablesview.manageresources.NewResourceUnitsap.m.StandardListItem{\"title\":\"Heavy Equi\"}"}]}
COMMAND: GET /session/612db7fa7930bbb36023b099dfe9ab59/screenshot - {}
RESULT: {"script":"<script> [1562 bytes]","args":[{"selector":{"controlType":"sap.m.StandardListItem","viewName":"reusables.view.manageresources.NewResourceUnit","viewId":"application-manageresources-display-component---newResourceUnit","properties":{"title":"Heavy Equi"},"searchOpenDialogs":true,"interaction":{"idSuffix":"content"}},"wdio_ui5_key":"reusablesview.manageresources.NewResourceUnitsap.m.StandardListItem{\"title\":\"Heavy Equi\"}"}]}
RESULT: undefined
COMMAND: POST /session/612db7fa7930bbb36023b099dfe9ab59/element - {"using":"xpath","value":"//*[@id=\"__item1022\"]"}
RESULT: {}
RESULT: {"using":"xpath","value":"//*[@id=\"__item1022\"]"}
COMMAND: POST /session/612db7fa7930bbb36023b099dfe9ab59/element/f.E3CD5E68D1E1B2FCF6DD50D193150CE1.d.7169B0BFFE224562A0CBB0F45A013385.e.13827/click - {}
RESULT: {}
COMMAND: GET /session/612db7fa7930bbb36023b099dfe9ab59/screenshot - {}
RESULT: {}
COMMAND: POST /session/612db7fa7930bbb36023b099dfe9ab59/execute/async - {"script":"<script> [1562 bytes]","args":[{"selector":{"id":"application-manageresources-display-component---newResourceUnit--PLANNING_INDICATOR-arrow"},"wdio_ui5_key":"applicationmanageresources-display-component---newResourceUnit--PLANNING_INDICATOR-arrow"}]}
RESULT: {"script":"<script> [1562 bytes]","args":[{"selector":{"id":"application-manageresources-display-component---newResourceUnit--PLANNING_INDICATOR-arrow"},"wdio_ui5_key":"applicationmanageresources-display-component---newResourceUnit--PLANNING_INDICATOR-arrow"}]}
RESULT: undefined
COMMAND: POST /session/612db7fa7930bbb36023b099dfe9ab59/element - {"using":"xpath","value":"//*[@id=\"application-manageresources-display-component---newResourceUnit--PLANNING_INDICATOR-arrow\"]"}
RESULT: {"using":"xpath","value":"//*[@id=\"application-manageresources-display-component---newResourceUnit--PLANNING_INDICATOR-arrow\"]"}
COMMAND: POST /session/612db7fa7930bbb36023b099dfe9ab59/element/f.E3CD5E68D1E1B2FCF6DD50D193150CE1.d.7169B0BFFE224562A0CBB0F45A013385.e.13828/click - {}
RESULT: {}
COMMAND: POST /session/612db7fa7930bbb36023b099dfe9ab59/execute/async - {"script":"<script> [1562 bytes]","args":[{"selector":{"controlType":"sap.m.StandardListItem","viewName":"reusables.view.manageresources.NewResourceUnit","viewId":"application-manageresources-display-component---newResourceUnit","properties":{"title":"10 - infinite"},"searchOpenDialogs":true,"interaction":{"idSuffix":"content"}},"wdio_ui5_key":"reusablesview.manageresources.NewResourceUnitsap.m.StandardListItem{\"title\":\"10 - infinite\"}"}]}
COMMAND: GET /session/612db7fa7930bbb36023b099dfe9ab59/screenshot - {}
RESULT: {"script":"<script> [1562 bytes]","args":[{"selector":{"controlType":"sap.m.StandardListItem","viewName":"reusables.view.manageresources.NewResourceUnit","viewId":"application-manageresources-display-component---newResourceUnit","properties":{"title":"10 - infinite"},"searchOpenDialogs":true,"interaction":{"idSuffix":"content"}},"wdio_ui5_key":"reusablesview.manageresources.NewResourceUnitsap.m.StandardListItem{\"title\":\"10 - infinite\"}"}]}
RESULT: undefined
COMMAND: POST /session/612db7fa7930bbb36023b099dfe9ab59/element - {"using":"xpath","value":"//*[@id=\"__item1032\"]"}
RESULT: {}
RESULT: {"using":"xpath","value":"//*[@id=\"__item1032\"]"}
COMMAND: POST /session/612db7fa7930bbb36023b099dfe9ab59/element/f.E3CD5E68D1E1B2FCF6DD50D193150CE1.d.7169B0BFFE224562A0CBB0F45A013385.e.13830/click - {}
RESULT: {}
COMMAND: GET /session/612db7fa7930bbb36023b099dfe9ab59/screenshot - {}
RESULT: {}
COMMAND: POST /session/612db7fa7930bbb36023b099dfe9ab59/element - {"using":"xpath","value":"//bdi[contains(text(), \"Time Segment\")]"}
RESULT: {"using":"xpath","value":"//bdi[contains(text(), \"Time Segment\")]"}
COMMAND: GET /session/612db7fa7930bbb36023b099dfe9ab59/element/f.E3CD5E68D1E1B2FCF6DD50D193150CE1.d.7169B0BFFE224562A0CBB0F45A013385.e.13831/rect - {}
RESULT: {}
COMMAND: GET /session/612db7fa7930bbb36023b099dfe9ab59/window/rect - {}
RESULT: {}
COMMAND: POST /session/612db7fa7930bbb36023b099dfe9ab59/execute/sync - {"script":"<script> [92 bytes]","args":[]}
RESULT: {"script":"<script> [92 bytes]","args":[]}
COMMAND: POST /session/612db7fa7930bbb36023b099dfe9ab59/actions - {"actions":[{"id":"action69","type":"wheel","parameters":{},"actions":[{"type":"scroll","x":-1820,"y":-21,"deltaX":0,"deltaY":0,"duration":0,"origin":{"element-6066-11e4-a52e-4f735466cecf":"f.E3CD5E68D1E1B2FCF6DD50D193150CE1.d.7169B0BFFE224562A0CBB0F45A013385.e.13831"}}]}]}
COMMAND: GET /session/612db7fa7930bbb36023b099dfe9ab59/screenshot - {}
RESULT: {}
COMMAND: POST /session/612db7fa7930bbb36023b099dfe9ab59/execute/sync - {"script":"<script> [79 bytes]","args":[{"element-6066-11e4-a52e-4f735466cecf":"f.E3CD5E68D1E1B2FCF6DD50D193150CE1.d.7169B0BFFE224562A0CBB0F45A013385.e.13831","ELEMENT":"f.E3CD5E68D1E1B2FCF6DD50D193150CE1.d.7169B0BFFE224562A0CBB0F45A013385.e.13831"},{"block":"start","inline":"nearest"}]}
RESULT: {"script":"<script> [79 bytes]","args":[{"element-6066-11e4-a52e-4f735466cecf":"f.E3CD5E68D1E1B2FCF6DD50D193150CE1.d.7169B0BFFE224562A0CBB0F45A013385.e.13831","ELEMENT":"f.E3CD5E68D1E1B2FCF6DD50D193150CE1.d.7169B0BFFE224562A0CBB0F45A013385.e.13831"},{"block":"start","inline":"nearest"}]}
COMMAND: GET /session/612db7fa7930bbb36023b099dfe9ab59/screenshot - {}
RESULT: {}
COMMAND: POST /session/612db7fa7930bbb36023b099dfe9ab59/element - {"using":"xpath","value":"//span[@id=\"application-manageresources-display-component---newResourceUnit--btnAddTimeSegment-img\"]"}
RESULT: {"using":"xpath","value":"//span[@id=\"application-manageresources-display-component---newResourceUnit--btnAddTimeSegment-img\"]"}
COMMAND: POST /session/612db7fa7930bbb36023b099dfe9ab59/execute/sync - {"script":"<script> [8489 bytes]","args":[{"element-6066-11e4-a52e-4f735466cecf":"f.E3CD5E68D1E1B2FCF6DD50D193150CE1.d.7169B0BFFE224562A0CBB0F45A013385.e.13834","ELEMENT":"f.E3CD5E68D1E1B2FCF6DD50D193150CE1.d.7169B0BFFE224562A0CBB0F45A013385.e.13834"}]}
RESULT: {"script":"<script> [8489 bytes]","args":[{"element-6066-11e4-a52e-4f735466cecf":"f.E3CD5E68D1E1B2FCF6DD50D193150CE1.d.7169B0BFFE224562A0CBB0F45A013385.e.13834","ELEMENT":"f.E3CD5E68D1E1B2FCF6DD50D193150CE1.d.7169B0BFFE224562A0CBB0F45A013385.e.13834"}]}
COMMAND: POST /session/612db7fa7930bbb36023b099dfe9ab59/element/f.E3CD5E68D1E1B2FCF6DD50D193150CE1.d.7169B0BFFE224562A0CBB0F45A013385.e.13834/click - {}
COMMAND: GET /session/612db7fa7930bbb36023b099dfe9ab59/screenshot - {}
RESULT: {}
COMMAND: GET /session/612db7fa7930bbb36023b099dfe9ab59/screenshot - {}
COMMAND: POST /session/612db7fa7930bbb36023b099dfe9ab59/element - {"using":"xpath","value":"//input[@id=\"application-manageresources-display-component---newResourceUnit--idRuTSAdmin-application-manageresources-display-component---newResourceUnit--RUTimeSegment-0-inner\"]"}
RESULT: {}
RESULT: {}
RESULT: {"using":"xpath","value":"//input[@id=\"application-manageresources-display-component---newResourceUnit--idRuTSAdmin-application-manageresources-display-component---newResourceUnit--RUTimeSegment-0-inner\"]"}
COMMAND: POST /session/612db7fa7930bbb36023b099dfe9ab59/element/f.E3CD5E68D1E1B2FCF6DD50D193150CE1.d.7169B0BFFE224562A0CBB0F45A013385.e.13837/clear - {}
RESULT: {}
COMMAND: POST /session/612db7fa7930bbb36023b099dfe9ab59/element/f.E3CD5E68D1E1B2FCF6DD50D193150CE1.d.7169B0BFFE224562A0CBB0F45A013385.e.13837/value - {"text":"WebdriverYarddl4ni"}
COMMAND: GET /session/612db7fa7930bbb36023b099dfe9ab59/screenshot - {}
RESULT: {"text":"WebdriverYarddl4ni"}
COMMAND: GET /session/612db7fa7930bbb36023b099dfe9ab59/screenshot - {}
RESULT: {}
RESULT: {}
COMMAND: POST /session/612db7fa7930bbb36023b099dfe9ab59/actions - {"actions":[{"id":"action70","type":"key","parameters":{},"actions":[{"type":"keyDown","value":""},{"type":"pause","duration":10},{"type":"keyUp","value":""}]}]}
RESULT: {"actions":[{"id":"action70","type":"key","parameters":{},"actions":[{"type":"keyDown","value":""},{"type":"pause","duration":10},{"type":"keyUp","value":""}]}]}
COMMAND: GET /session/612db7fa7930bbb36023b099dfe9ab59/screenshot - {}
RESULT: {}
COMMAND: POST /session/612db7fa7930bbb36023b099dfe9ab59/execute/async - {"script":"<script> [1562 bytes]","args":[{"selector":{"controlType":"sap.m.Button","viewName":"reusables.view.manageresources.NewResourceUnit","viewId":"application-manageresources-display-component---newResourceUnit","i18NText":{"propertyName":"tooltip","key":"save"},"interaction":{"idSuffix":"BDI-content"}},"wdio_ui5_key":"reusablesview.manageresources.NewResourceUnitsap.m.Button{\"propertyName\":\"tooltip\",\"key\":\"save\"}"}]}
RESULT: {"script":"<script> [1562 bytes]","args":[{"selector":{"controlType":"sap.m.Button","viewName":"reusables.view.manageresources.NewResourceUnit","viewId":"application-manageresources-display-component---newResourceUnit","i18NText":{"propertyName":"tooltip","key":"save"},"interaction":{"idSuffix":"BDI-content"}},"wdio_ui5_key":"reusablesview.manageresources.NewResourceUnitsap.m.Button{\"propertyName\":\"tooltip\",\"key\":\"save\"}"}]}
RESULT: undefined
COMMAND: POST /session/612db7fa7930bbb36023b099dfe9ab59/element - {"using":"xpath","value":"//*[@id=\"application-manageresources-display-component---newResourceUnit--createRuButton\"]"}
RESULT: {"using":"xpath","value":"//*[@id=\"application-manageresources-display-component---newResourceUnit--createRuButton\"]"}
COMMAND: POST /session/612db7fa7930bbb36023b099dfe9ab59/element/f.E3CD5E68D1E1B2FCF6DD50D193150CE1.d.7169B0BFFE224562A0CBB0F45A013385.e.13699/click - {}
RESULT: {}
COMMAND: GET /session/612db7fa7930bbb36023b099dfe9ab59/screenshot - {}
RESULT: {}
COMMAND: POST /session/612db7fa7930bbb36023b099dfe9ab59/execute/async - {"script":"<script> [1562 bytes]","args":[{"selector":{"controlType":"sap.m.Title","properties":{"text":"Success"},"searchOpenDialogs":true},"wdio_ui5_key":"sapm.Title{\"text\":\"Success\"}"}]}
RESULT: {"script":"<script> [1562 bytes]","args":[{"selector":{"controlType":"sap.m.Title","properties":{"text":"Success"},"searchOpenDialogs":true},"wdio_ui5_key":"sapm.Title{\"text\":\"Success\"}"}]}
RESULT: undefined
COMMAND: POST /session/612db7fa7930bbb36023b099dfe9ab59/execute/async - {"script":"<script> [6424 bytes]","args":[{"element-6066-11e4-a52e-4f735466cecf":"f.E3CD5E68D1E1B2FCF6DD50D193150CE1.d.7169B0BFFE224562A0CBB0F45A013385.e.13851"},"getText",[]]}
RESULT: {"script":"<script> [6424 bytes]","args":[{"element-6066-11e4-a52e-4f735466cecf":"f.E3CD5E68D1E1B2FCF6DD50D193150CE1.d.7169B0BFFE224562A0CBB0F45A013385.e.13851"},"getText",[]]}
COMMAND: POST /session/612db7fa7930bbb36023b099dfe9ab59/element - {"using":"xpath","value":"//*[contains(@id, '__text') and (contains(text(), 'successfully created') or contains(., 'successfully created'))]"}
RESULT: {"using":"xpath","value":"//*[contains(@id, '__text') and (contains(text(), 'successfully created') or contains(., 'successfully created'))]"}
COMMAND: GET /session/612db7fa7930bbb36023b099dfe9ab59/element/f.E3CD5E68D1E1B2FCF6DD50D193150CE1.d.7169B0BFFE224562A0CBB0F45A013385.e.13850/text - {}
RESULT: {}
COMMAND: POST /session/612db7fa7930bbb36023b099dfe9ab59/execute/async - {"script":"<script> [1562 bytes]","args":[{"selector":{"controlType":"sap.m.Button","properties":{"text":"Close"},"searchOpenDialogs":true,"interaction":{"idSuffix":"BDI-content"}},"wdio_ui5_key":"sapm.Button{\"text\":\"Close\"}"}]}
RESULT: {"script":"<script> [1562 bytes]","args":[{"selector":{"controlType":"sap.m.Button","properties":{"text":"Close"},"searchOpenDialogs":true,"interaction":{"idSuffix":"BDI-content"}},"wdio_ui5_key":"sapm.Button{\"text\":\"Close\"}"}]}
RESULT: undefined
COMMAND: POST /session/612db7fa7930bbb36023b099dfe9ab59/element - {"using":"xpath","value":"//*[@id=\"__mbox-btn-0\"]"}
RESULT: {"using":"xpath","value":"//*[@id=\"__mbox-btn-0\"]"}
COMMAND: POST /session/612db7fa7930bbb36023b099dfe9ab59/element/f.E3CD5E68D1E1B2FCF6DD50D193150CE1.d.7169B0BFFE224562A0CBB0F45A013385.e.13848/click - {}
RESULT: {}
COMMAND: GET /session/612db7fa7930bbb36023b099dfe9ab59/screenshot - {}
RESULT: {}
COMMAND: POST /session/612db7fa7930bbb36023b099dfe9ab59/execute/async - {"script":"<script> [1562 bytes]","args":[{"selector":{"controlType":"sap.ui.core.Icon","viewName":"etm.portal.ui.manageresources.view.Detail","viewId":"application-manageresources-display-component---detailRU","properties":{"src":{"regex":{"source":"overflow"}}}},"wdio_ui5_key":"etmportal.ui.manageresources.view.Detailsap.ui.core.Icon{\"src\":{\"regex\":{\"source\":\"overflow\"}}}"}]}
RESULT: {"script":"<script> [1562 bytes]","args":[{"selector":{"controlType":"sap.ui.core.Icon","viewName":"etm.portal.ui.manageresources.view.Detail","viewId":"application-manageresources-display-component---detailRU","properties":{"src":{"regex":{"source":"overflow"}}}},"wdio_ui5_key":"etmportal.ui.manageresources.view.Detailsap.ui.core.Icon{\"src\":{\"regex\":{\"source\":\"overflow\"}}}"}]}
RESULT: undefined
COMMAND: POST /session/612db7fa7930bbb36023b099dfe9ab59/element - {"using":"xpath","value":"//*[@id=\"__title36-_actionsToolbar-overflowButton-img\"]"}
RESULT: {"using":"xpath","value":"//*[@id=\"__title36-_actionsToolbar-overflowButton-img\"]"}
COMMAND: POST /session/612db7fa7930bbb36023b099dfe9ab59/element/f.E3CD5E68D1E1B2FCF6DD50D193150CE1.d.7169B0BFFE224562A0CBB0F45A013385.e.13877/click - {}
RESULT: {}
COMMAND: POST /session/612db7fa7930bbb36023b099dfe9ab59/execute/async - {"script":"<script> [1562 bytes]","args":[{"selector":{"controlType":"sap.m.Button","viewName":"etm.portal.ui.manageresources.view.Detail","viewId":"application-manageresources-display-component---detailRU","i18NText":{"propertyName":"tooltip","key":"closeColumn"},"searchOpenDialogs":true,"interaction":{"idSuffix":"inner"}},"wdio_ui5_key":"etmportal.ui.manageresources.view.Detailsap.m.Button{\"propertyName\":\"tooltip\",\"key\":\"closeColumn\"}"}]}
COMMAND: GET /session/612db7fa7930bbb36023b099dfe9ab59/screenshot - {}
RESULT: {"script":"<script> [1562 bytes]","args":[{"selector":{"controlType":"sap.m.Button","viewName":"etm.portal.ui.manageresources.view.Detail","viewId":"application-manageresources-display-component---detailRU","i18NText":{"propertyName":"tooltip","key":"closeColumn"},"searchOpenDialogs":true,"interaction":{"idSuffix":"inner"}},"wdio_ui5_key":"etmportal.ui.manageresources.view.Detailsap.m.Button{\"propertyName\":\"tooltip\",\"key\":\"closeColumn\"}"}]}
RESULT: undefined
COMMAND: POST /session/612db7fa7930bbb36023b099dfe9ab59/element - {"using":"xpath","value":"//*[@id=\"__button151\"]"}
RESULT: {}
RESULT: {"using":"xpath","value":"//*[@id=\"__button151\"]"}
COMMAND: POST /session/612db7fa7930bbb36023b099dfe9ab59/element/f.E3CD5E68D1E1B2FCF6DD50D193150CE1.d.7169B0BFFE224562A0CBB0F45A013385.e.13879/click - {}
RESULT: {}
COMMAND: GET /session/612db7fa7930bbb36023b099dfe9ab59/screenshot - {}
RESULT: {}
COMMAND: POST /session/612db7fa7930bbb36023b099dfe9ab59/refresh - {}
RESULT: {}
COMMAND: GET /session/612db7fa7930bbb36023b099dfe9ab59/screenshot - {}
RESULT: {}
COMMAND: POST /session/612db7fa7930bbb36023b099dfe9ab59/execute/async - {"script":"<script> [189 bytes]","args":[]}
RESULT: {"script":"<script> [189 bytes]","args":[]}
COMMAND: POST /session/612db7fa7930bbb36023b099dfe9ab59/execute/async - {"script":"<script> [123 bytes]","args":[]}
RESULT: {"script":"<script> [123 bytes]","args":[]}
COMMAND: POST /session/612db7fa7930bbb36023b099dfe9ab59/timeouts - {"script":"<number>"}
RESULT: {"script":"<number>"}
COMMAND: GET /session/612db7fa7930bbb36023b099dfe9ab59/timeouts - {}
RESULT: {}
RESULT: undefined
COMMAND: POST /session/612db7fa7930bbb36023b099dfe9ab59/execute/async - {"script":"<script> [2676 bytes]","args":[]}
RESULT: {"script":"<script> [2676 bytes]","args":[]}
COMMAND: POST /session/612db7fa7930bbb36023b099dfe9ab59/execute/async - {"script":"<script> [2342 bytes]","args":[{"protocol":"http","hostname":"0.0.0.0","path":"/","capabilities":{"browserName":"chrome","goog:chromeOptions":{"binary":"C:\\Program Files\\Google\\Chrome\\Application\\chrome.exe","args":["--start-maximized"]}},"logLevel":"warn","connectionRetryTimeout":120000,"connectionRetryCount":3,"logLevels":{},"enableDirectConnect":true,"strictSSL":true,"_":"65 more keys: [\"cacheDir\",\"port\",\"requestedCapabilities\",\"automationProtocol\",\"baseUrl\",\"waitforInterval\",\"waitforTimeout\",\"onReload\",\"beforeCommand\",\"afterCommand\",\"rootDir\",\"specs\",\"suites\",\"exclude\",\"groupLogsByTestSpec\",\"excludeDriverLogs\",\"bail\",\"framework\",\"reporters\",\"services\",\"maxInstances\",\"maxInstancesPerCapability\",\"injectGlobals\",\"filesToWatch\",\"execArgv\",\"runnerEnv\",\"runner\",\"shard\",\"specFileRetries\",\"specFileRetriesDelay\",\"specFileRetriesDeferred\",\"reporterSyncInterval\",\"reporterSyncTimeout\",\"cucumberFeaturesWithLineNumbers\",\"autoCompileOpts\",\"mochaOpts\",\"jasmineOpts\",\"cucumberOpts\",\"onPrepare\",\"onWorkerStart\",\"onWorkerEnd\",\"before\",\"beforeSession\",\"beforeSuite\",\"beforeHook\",\"beforeTest\",\"afterTest\",\"afterHook\",\"afterSuite\",\"afterSession\",\"after\",\"onComplete\",\"beforeAssertion\",\"afterAssertion\",\"beforeFeature\",\"beforeScenario\",\"beforeStep\",\"afterStep\",\"afterScenario\",\"afterFeature\",\"_\",\"suite\",\"$0\",\"ignoredWorkerServices\",\"wdi5\"]"}]}
RESULT: {"script":"<script> [2342 bytes]","args":[{"protocol":"http","hostname":"0.0.0.0","path":"/","capabilities":{"browserName":"chrome","goog:chromeOptions":{"binary":"C:\\Program Files\\Google\\Chrome\\Application\\chrome.exe","args":["--start-maximized"]}},"logLevel":"warn","connectionRetryTimeout":120000,"connectionRetryCount":3,"logLevels":{},"enableDirectConnect":true,"strictSSL":true,"_":"65 more keys: [\"cacheDir\",\"port\",\"requestedCapabilities\",\"automationProtocol\",\"baseUrl\",\"waitforInterval\",\"waitforTimeout\",\"onReload\",\"beforeCommand\",\"afterCommand\",\"rootDir\",\"specs\",\"suites\",\"exclude\",\"groupLogsByTestSpec\",\"excludeDriverLogs\",\"bail\",\"framework\",\"reporters\",\"services\",\"maxInstances\",\"maxInstancesPerCapability\",\"injectGlobals\",\"filesToWatch\",\"execArgv\",\"runnerEnv\",\"runner\",\"shard\",\"specFileRetries\",\"specFileRetriesDelay\",\"specFileRetriesDeferred\",\"reporterSyncInterval\",\"reporterSyncTimeout\",\"cucumberFeaturesWithLineNumbers\",\"autoCompileOpts\",\"mochaOpts\",\"jasmineOpts\",\"cucumberOpts\",\"onPrepare\",\"onWorkerStart\",\"onWorkerEnd\",\"before\",\"beforeSession\",\"beforeSuite\",\"beforeHook\",\"beforeTest\",\"afterTest\",\"afterHook\",\"afterSuite\",\"afterSession\",\"after\",\"onComplete\",\"beforeAssertion\",\"afterAssertion\",\"beforeFeature\",\"beforeScenario\",\"beforeStep\",\"afterStep\",\"afterScenario\",\"afterFeature\",\"_\",\"suite\",\"$0\",\"ignoredWorkerServices\",\"wdi5\"]"}]}
COMMAND: POST /session/612db7fa7930bbb36023b099dfe9ab59/execute/async - {"script":"<script> [21126 bytes]","args":[35000]}
RESULT: {"script":"<script> [21126 bytes]","args":[35000]}
COMMAND: POST /session/612db7fa7930bbb36023b099dfe9ab59/element - {"using":"css selector","value":"#shell-header-logo"}
RESULT: {"using":"css selector","value":"#shell-header-logo"}
COMMAND: POST /session/612db7fa7930bbb36023b099dfe9ab59/element/f.E3CD5E68D1E1B2FCF6DD50D193150CE1.d.F237C36FEA593ABF0523A95212345E79.e.13959/click - {}
RESULT: {}
COMMAND: GET /session/612db7fa7930bbb36023b099dfe9ab59/screenshot - {}
RESULT: {}
COMMAND: POST /session/612db7fa7930bbb36023b099dfe9ab59/execute/async - {"script":"<script> [1562 bytes]","args":[{"selector":{"controlType":"sap.m.GenericTile","properties":{"header":"Manage Handovers"}},"wdio_ui5_key":"sapm.GenericTile{\"header\":\"Manage Handovers\"}"}]}
RESULT: {"script":"<script> [1562 bytes]","args":[{"selector":{"controlType":"sap.m.GenericTile","properties":{"header":"Manage Handovers"}},"wdio_ui5_key":"sapm.GenericTile{\"header\":\"Manage Handovers\"}"}]}
RESULT: undefined
COMMAND: POST /session/612db7fa7930bbb36023b099dfe9ab59/element - {"using":"xpath","value":"//*[@id=\"__tile132\"]"}
RESULT: {"using":"xpath","value":"//*[@id=\"__tile132\"]"}
COMMAND: POST /session/612db7fa7930bbb36023b099dfe9ab59/element/f.E3CD5E68D1E1B2FCF6DD50D193150CE1.d.F237C36FEA593ABF0523A95212345E79.e.14135/click - {}
RESULT: {}
COMMAND: GET /session/612db7fa7930bbb36023b099dfe9ab59/screenshot - {}
RESULT: {}
COMMAND: POST /session/612db7fa7930bbb36023b099dfe9ab59/elements - {"using":"xpath","value":"//span[text()='Error']"}
RESULT: {"using":"xpath","value":"//span[text()='Error']"}
COMMAND: POST /session/612db7fa7930bbb36023b099dfe9ab59/element - {"using":"xpath","value":"//button[@data-kt=\"masterHOAddButton\"]"}
RESULT: {"using":"xpath","value":"//button[@data-kt=\"masterHOAddButton\"]"}
COMMAND: POST /session/612db7fa7930bbb36023b099dfe9ab59/execute/sync - {"script":"<script> [8489 bytes]","args":[{"element-6066-11e4-a52e-4f735466cecf":"f.E3CD5E68D1E1B2FCF6DD50D193150CE1.d.F237C36FEA593ABF0523A95212345E79.e.14177","ELEMENT":"f.E3CD5E68D1E1B2FCF6DD50D193150CE1.d.F237C36FEA593ABF0523A95212345E79.e.14177"}]}
RESULT: {"script":"<script> [8489 bytes]","args":[{"element-6066-11e4-a52e-4f735466cecf":"f.E3CD5E68D1E1B2FCF6DD50D193150CE1.d.F237C36FEA593ABF0523A95212345E79.e.14177","ELEMENT":"f.E3CD5E68D1E1B2FCF6DD50D193150CE1.d.F237C36FEA593ABF0523A95212345E79.e.14177"}]}
COMMAND: POST /session/612db7fa7930bbb36023b099dfe9ab59/element/f.E3CD5E68D1E1B2FCF6DD50D193150CE1.d.F237C36FEA593ABF0523A95212345E79.e.14177/click - {}
COMMAND: GET /session/612db7fa7930bbb36023b099dfe9ab59/screenshot - {}
RESULT: {}
COMMAND: GET /session/612db7fa7930bbb36023b099dfe9ab59/screenshot - {}
COMMAND: POST /session/612db7fa7930bbb36023b099dfe9ab59/element - {"using":"xpath","value":"//span[contains(@id ,\"AddNewHO--typeSelect-arrow\")]"}
RESULT: {}
RESULT: {}
RESULT: {"using":"xpath","value":"//span[contains(@id ,\"AddNewHO--typeSelect-arrow\")]"}
COMMAND: POST /session/612db7fa7930bbb36023b099dfe9ab59/element/f.E3CD5E68D1E1B2FCF6DD50D193150CE1.d.F237C36FEA593ABF0523A95212345E79.e.14469/click - {}
RESULT: {}
COMMAND: GET /session/612db7fa7930bbb36023b099dfe9ab59/screenshot - {}
RESULT: {}
COMMAND: POST /session/612db7fa7930bbb36023b099dfe9ab59/element - {"using":"xpath","value":"(//li[contains(text(), \"stock increase yard\")])[1]"}
RESULT: {"using":"xpath","value":"(//li[contains(text(), \"stock increase yard\")])[1]"}
COMMAND: POST /session/612db7fa7930bbb36023b099dfe9ab59/element/f.E3CD5E68D1E1B2FCF6DD50D193150CE1.d.F237C36FEA593ABF0523A95212345E79.e.14470/click - {}
RESULT: {}
COMMAND: GET /session/612db7fa7930bbb36023b099dfe9ab59/screenshot - {}
RESULT: {}
COMMAND: POST /session/612db7fa7930bbb36023b099dfe9ab59/execute/async - {"script":"<script> [1562 bytes]","args":[{"selector":{"id":"application-managehandovers-display-component---AddNewHO--dueDate","interaction":{"idSuffix":"inner"}},"wdio_ui5_key":"applicationmanagehandovers-display-component---AddNewHO--dueDate"}]}
RESULT: {"script":"<script> [1562 bytes]","args":[{"selector":{"id":"application-managehandovers-display-component---AddNewHO--dueDate","interaction":{"idSuffix":"inner"}},"wdio_ui5_key":"applicationmanagehandovers-display-component---AddNewHO--dueDate"}]}
RESULT: undefined
COMMAND: POST /session/612db7fa7930bbb36023b099dfe9ab59/execute/async - {"script":"<script> [6424 bytes]","args":[{"element-6066-11e4-a52e-4f735466cecf":"f.E3CD5E68D1E1B2FCF6DD50D193150CE1.d.F237C36FEA593ABF0523A95212345E79.e.14473"},"setValue",["5/25/25"]]}
RESULT: {"script":"<script> [6424 bytes]","args":[{"element-6066-11e4-a52e-4f735466cecf":"f.E3CD5E68D1E1B2FCF6DD50D193150CE1.d.F237C36FEA593ABF0523A95212345E79.e.14473"},"setValue",["5/25/25"]]}
COMMAND: POST /session/612db7fa7930bbb36023b099dfe9ab59/element - {"using":"xpath","value":"//input[@id=\"generalSectionFrg--receiveYard-inner\"]"}
RESULT: {"using":"xpath","value":"//input[@id=\"generalSectionFrg--receiveYard-inner\"]"}
COMMAND: POST /session/612db7fa7930bbb36023b099dfe9ab59/element/f.E3CD5E68D1E1B2FCF6DD50D193150CE1.d.F237C36FEA593ABF0523A95212345E79.e.14479/clear - {}
RESULT: {}
COMMAND: POST /session/612db7fa7930bbb36023b099dfe9ab59/element/f.E3CD5E68D1E1B2FCF6DD50D193150CE1.d.F237C36FEA593ABF0523A95212345E79.e.14479/value - {"text":"WebdriverYarddl4ni"}
COMMAND: GET /session/612db7fa7930bbb36023b099dfe9ab59/screenshot - {}
RESULT: {"text":"WebdriverYarddl4ni"}
COMMAND: GET /session/612db7fa7930bbb36023b099dfe9ab59/screenshot - {}
RESULT: {}
RESULT: {}
COMMAND: POST /session/612db7fa7930bbb36023b099dfe9ab59/execute/async - {"script":"<script> [1562 bytes]","args":[{"selector":{"id":"application-managehandovers-display-component---AddNewHO--ObjectPageLayout-anchBar-application-managehandovers-display-component---AddNewHO--section4-anchor","interaction":{"idSuffix":"BDI-content"}},"wdio_ui5_key":"applicationmanagehandovers-display-component---AddNewHO--ObjectPageLayout-anchBar-application-managehandovers-display-component---AddNewHO--section4-anchor"}]}
RESULT: {"script":"<script> [1562 bytes]","args":[{"selector":{"id":"application-managehandovers-display-component---AddNewHO--ObjectPageLayout-anchBar-application-managehandovers-display-component---AddNewHO--section4-anchor","interaction":{"idSuffix":"BDI-content"}},"wdio_ui5_key":"applicationmanagehandovers-display-component---AddNewHO--ObjectPageLayout-anchBar-application-managehandovers-display-component---AddNewHO--section4-anchor"}]}
RESULT: undefined
COMMAND: POST /session/612db7fa7930bbb36023b099dfe9ab59/element - {"using":"xpath","value":"//*[@id=\"application-managehandovers-display-component---AddNewHO--ObjectPageLayout-anchBar-application-managehandovers-display-component---AddNewHO--section4-anchor\"]"}
RESULT: {"using":"xpath","value":"//*[@id=\"application-managehandovers-display-component---AddNewHO--ObjectPageLayout-anchBar-application-managehandovers-display-component---AddNewHO--section4-anchor\"]"}
COMMAND: POST /session/612db7fa7930bbb36023b099dfe9ab59/element/f.E3CD5E68D1E1B2FCF6DD50D193150CE1.d.F237C36FEA593ABF0523A95212345E79.e.14499/click - {}
RESULT: {}
COMMAND: GET /session/612db7fa7930bbb36023b099dfe9ab59/screenshot - {}
RESULT: {}
COMMAND: POST /session/612db7fa7930bbb36023b099dfe9ab59/element - {"using":"xpath","value":"//button[@aria-label=\"Add\"]"}
RESULT: {"using":"xpath","value":"//button[@aria-label=\"Add\"]"}
COMMAND: POST /session/612db7fa7930bbb36023b099dfe9ab59/element/f.E3CD5E68D1E1B2FCF6DD50D193150CE1.d.F237C36FEA593ABF0523A95212345E79.e.14503/click - {}
RESULT: {}
COMMAND: GET /session/612db7fa7930bbb36023b099dfe9ab59/screenshot - {}
RESULT: {}
COMMAND: POST /session/612db7fa7930bbb36023b099dfe9ab59/execute/async - {"script":"<script> [1562 bytes]","args":[{"selector":{"id":"application-managehandovers-display-component---AddNewHO--smartFilterBar-btnBasicSearch","searchOpenDialogs":true,"interaction":{"idSuffix":"I"}},"wdio_ui5_key":"applicationmanagehandovers-display-component---AddNewHO--smartFilterBar-btnBasicSearch"}]}
RESULT: {"script":"<script> [1562 bytes]","args":[{"selector":{"id":"application-managehandovers-display-component---AddNewHO--smartFilterBar-btnBasicSearch","searchOpenDialogs":true,"interaction":{"idSuffix":"I"}},"wdio_ui5_key":"applicationmanagehandovers-display-component---AddNewHO--smartFilterBar-btnBasicSearch"}]}
RESULT: undefined
COMMAND: POST /session/612db7fa7930bbb36023b099dfe9ab59/execute/async - {"script":"<script> [776 bytes]","args":[{"enterText":"WebdriverRUR2Cr9zbag","selector":{"id":"application-managehandovers-display-component---AddNewHO--smartFilterBar-btnBasicSearch","searchOpenDialogs":true,"interaction":{"idSuffix":"I"}},"clearTextFirst":true,"interactionType":"ENTER_TEXT"}]}
RESULT: {"script":"<script> [776 bytes]","args":[{"enterText":"WebdriverRUR2Cr9zbag","selector":{"id":"application-managehandovers-display-component---AddNewHO--smartFilterBar-btnBasicSearch","searchOpenDialogs":true,"interaction":{"idSuffix":"I"}},"clearTextFirst":true,"interactionType":"ENTER_TEXT"}]}
COMMAND: POST /session/612db7fa7930bbb36023b099dfe9ab59/actions - {"actions":[{"id":"action71","type":"key","parameters":{},"actions":[{"type":"keyDown","value":""},{"type":"pause","duration":10},{"type":"keyUp","value":""}]}]}
RESULT: {"actions":[{"id":"action71","type":"key","parameters":{},"actions":[{"type":"keyDown","value":""},{"type":"pause","duration":10},{"type":"keyUp","value":""}]}]}
COMMAND: POST /session/612db7fa7930bbb36023b099dfe9ab59/execute/async - {"script":"<script> [1562 bytes]","args":[{"selector":{"id":"application-managehandovers-display-component---AddNewHO--popup-sa","searchOpenDialogs":true,"interaction":{"idSuffix":"CbBg"}},"wdio_ui5_key":"applicationmanagehandovers-display-component---AddNewHO--popup-sa"}]}
COMMAND: GET /session/612db7fa7930bbb36023b099dfe9ab59/screenshot - {}
RESULT: {"script":"<script> [1562 bytes]","args":[{"selector":{"id":"application-managehandovers-display-component---AddNewHO--popup-sa","searchOpenDialogs":true,"interaction":{"idSuffix":"CbBg"}},"wdio_ui5_key":"applicationmanagehandovers-display-component---AddNewHO--popup-sa"}]}
RESULT: undefined
COMMAND: POST /session/612db7fa7930bbb36023b099dfe9ab59/element - {"using":"xpath","value":"//*[@id=\"application-managehandovers-display-component---AddNewHO--popup-sa\"]"}
RESULT: {}
RESULT: {"using":"xpath","value":"//*[@id=\"application-managehandovers-display-component---AddNewHO--popup-sa\"]"}
COMMAND: POST /session/612db7fa7930bbb36023b099dfe9ab59/element/f.E3CD5E68D1E1B2FCF6DD50D193150CE1.d.F237C36FEA593ABF0523A95212345E79.e.14595/click - {}
RESULT: {}
COMMAND: GET /session/612db7fa7930bbb36023b099dfe9ab59/screenshot - {}
RESULT: {}
COMMAND: POST /session/612db7fa7930bbb36023b099dfe9ab59/element - {"using":"xpath","value":"//bdi[contains(text(), \"Select\")]"}
RESULT: {"using":"xpath","value":"//bdi[contains(text(), \"Select\")]"}
COMMAND: POST /session/612db7fa7930bbb36023b099dfe9ab59/element/f.E3CD5E68D1E1B2FCF6DD50D193150CE1.d.F237C36FEA593ABF0523A95212345E79.e.14596/click - {}
RESULT: {}
COMMAND: GET /session/612db7fa7930bbb36023b099dfe9ab59/screenshot - {}
RESULT: {}
COMMAND: POST /session/612db7fa7930bbb36023b099dfe9ab59/execute/async - {"script":"<script> [1562 bytes]","args":[{"selector":{"controlType":"sap.m.Input","viewName":"etm.portal.ui.managehandovers.view.AddNewHO","viewId":"application-managehandovers-display-component---AddNewHO","bindingPath":{"path":"/items/0","propertyPath":"TYPE","modelName":"hoItemsModel"},"interaction":{"idSuffix":"inner"}},"wdio_ui5_key":"etmportal.ui.managehandovers.view.AddNewHOsap.m.Input{\"path\":\"/items/0\",\"propertyPath\":\"TYPE\",\"modelName\":\"hoItemsModel\"}"}]}
RESULT: {"script":"<script> [1562 bytes]","args":[{"selector":{"controlType":"sap.m.Input","viewName":"etm.portal.ui.managehandovers.view.AddNewHO","viewId":"application-managehandovers-display-component---AddNewHO","bindingPath":{"path":"/items/0","propertyPath":"TYPE","modelName":"hoItemsModel"},"interaction":{"idSuffix":"inner"}},"wdio_ui5_key":"etmportal.ui.managehandovers.view.AddNewHOsap.m.Input{\"path\":\"/items/0\",\"propertyPath\":\"TYPE\",\"modelName\":\"hoItemsModel\"}"}]}
RESULT: undefined
COMMAND: POST /session/612db7fa7930bbb36023b099dfe9ab59/execute/async - {"script":"<script> [776 bytes]","args":[{"enterText":"100","selector":{"controlType":"sap.m.Input","viewName":"etm.portal.ui.managehandovers.view.AddNewHO","viewId":"application-managehandovers-display-component---AddNewHO","bindingPath":{"path":"/items/0","propertyPath":"TYPE","modelName":"hoItemsModel"},"interaction":{"idSuffix":"inner"}},"clearTextFirst":true,"interactionType":"ENTER_TEXT"}]}
RESULT: {"script":"<script> [776 bytes]","args":[{"enterText":"100","selector":{"controlType":"sap.m.Input","viewName":"etm.portal.ui.managehandovers.view.AddNewHO","viewId":"application-managehandovers-display-component---AddNewHO","bindingPath":{"path":"/items/0","propertyPath":"TYPE","modelName":"hoItemsModel"},"interaction":{"idSuffix":"inner"}},"clearTextFirst":true,"interactionType":"ENTER_TEXT"}]}
COMMAND: POST /session/612db7fa7930bbb36023b099dfe9ab59/element - {"using":"xpath","value":"//button[@data-kt=\"AddNewHOSaveButton\"]"}
RESULT: {"using":"xpath","value":"//button[@data-kt=\"AddNewHOSaveButton\"]"}
COMMAND: POST /session/612db7fa7930bbb36023b099dfe9ab59/element/f.E3CD5E68D1E1B2FCF6DD50D193150CE1.d.F237C36FEA593ABF0523A95212345E79.e.14601/click - {}
RESULT: {}
COMMAND: GET /session/612db7fa7930bbb36023b099dfe9ab59/screenshot - {}
RESULT: {}
COMMAND: POST /session/612db7fa7930bbb36023b099dfe9ab59/execute/async - {"script":"<script> [1562 bytes]","args":[{"selector":{"id":"receiptDatePicker","viewName":"etm.portal.ui.managehandovers.view.DetailExecuteHO","interaction":{"idSuffix":"inner"}},"wdio_ui5_key":"receiptDatePickeretmportal.ui.managehandovers.view.DetailExecuteHO"}]}
RESULT: {"script":"<script> [1562 bytes]","args":[{"selector":{"id":"receiptDatePicker","viewName":"etm.portal.ui.managehandovers.view.DetailExecuteHO","interaction":{"idSuffix":"inner"}},"wdio_ui5_key":"receiptDatePickeretmportal.ui.managehandovers.view.DetailExecuteHO"}]}
RESULT: undefined
COMMAND: POST /session/612db7fa7930bbb36023b099dfe9ab59/execute/async - {"script":"<script> [6424 bytes]","args":[{"element-6066-11e4-a52e-4f735466cecf":"f.E3CD5E68D1E1B2FCF6DD50D193150CE1.d.F237C36FEA593ABF0523A95212345E79.e.14628"},"setValue",["5/25/25"]]}
RESULT: {"script":"<script> [6424 bytes]","args":[{"element-6066-11e4-a52e-4f735466cecf":"f.E3CD5E68D1E1B2FCF6DD50D193150CE1.d.F237C36FEA593ABF0523A95212345E79.e.14628"},"setValue",["5/25/25"]]}
COMMAND: POST /session/612db7fa7930bbb36023b099dfe9ab59/actions - {"actions":[{"id":"action72","type":"key","parameters":{},"actions":[{"type":"keyDown","value":""},{"type":"pause","duration":10},{"type":"keyUp","value":""}]}]}
RESULT: {"actions":[{"id":"action72","type":"key","parameters":{},"actions":[{"type":"keyDown","value":""},{"type":"pause","duration":10},{"type":"keyUp","value":""}]}]}
COMMAND: POST /session/612db7fa7930bbb36023b099dfe9ab59/actions - {"actions":[{"id":"action73","type":"key","parameters":{},"actions":[{"type":"keyDown","value":""},{"type":"pause","duration":10},{"type":"keyUp","value":""}]}]}
COMMAND: GET /session/612db7fa7930bbb36023b099dfe9ab59/screenshot - {}
RESULT: {"actions":[{"id":"action73","type":"key","parameters":{},"actions":[{"type":"keyDown","value":""},{"type":"pause","duration":10},{"type":"keyUp","value":""}]}]}
COMMAND: POST /session/612db7fa7930bbb36023b099dfe9ab59/element - {"using":"xpath","value":"//button[@data-kt=\"ReceivingTableConfirmAllButton\"]"}
COMMAND: GET /session/612db7fa7930bbb36023b099dfe9ab59/screenshot - {}
RESULT: {}
RESULT: {"using":"xpath","value":"//button[@data-kt=\"ReceivingTableConfirmAllButton\"]"}
COMMAND: POST /session/612db7fa7930bbb36023b099dfe9ab59/element/f.E3CD5E68D1E1B2FCF6DD50D193150CE1.d.F237C36FEA593ABF0523A95212345E79.e.14644/click - {}
RESULT: {}
RESULT: {}
COMMAND: GET /session/612db7fa7930bbb36023b099dfe9ab59/screenshot - {}
RESULT: {}
COMMAND: POST /session/612db7fa7930bbb36023b099dfe9ab59/element - {"using":"xpath","value":"//bdi[contains(text(), \"OK\")]"}
RESULT: {"using":"xpath","value":"//bdi[contains(text(), \"OK\")]"}
COMMAND: POST /session/612db7fa7930bbb36023b099dfe9ab59/element/f.E3CD5E68D1E1B2FCF6DD50D193150CE1.d.F237C36FEA593ABF0523A95212345E79.e.14647/click - {}
RESULT: {}
COMMAND: GET /session/612db7fa7930bbb36023b099dfe9ab59/screenshot - {}
RESULT: {}
COMMAND: POST /session/612db7fa7930bbb36023b099dfe9ab59/element - {"using":"xpath","value":"(//bdi[contains(text(), \"Receive\")])[2]"}
RESULT: {"using":"xpath","value":"(//bdi[contains(text(), \"Receive\")])[2]"}
COMMAND: POST /session/612db7fa7930bbb36023b099dfe9ab59/element/f.E3CD5E68D1E1B2FCF6DD50D193150CE1.d.F237C36FEA593ABF0523A95212345E79.e.14648/click - {}
RESULT: {}
COMMAND: GET /session/612db7fa7930bbb36023b099dfe9ab59/screenshot - {}
RESULT: {}
COMMAND: POST /session/612db7fa7930bbb36023b099dfe9ab59/element - {"using":"css selector","value":"#shell-header-logo"}
RESULT: {"using":"css selector","value":"#shell-header-logo"}
COMMAND: POST /session/612db7fa7930bbb36023b099dfe9ab59/element/f.E3CD5E68D1E1B2FCF6DD50D193150CE1.d.F237C36FEA593ABF0523A95212345E79.e.14138/click - {}
RESULT: {}
]]></system-out>
    </testcase>
    <testcase classname="chrome.136_0_7103_93.windows.E2E_-_Logistical_and_commercial_statuses" name="Should add a pricing rule and a condition to the RU" time="99.01">
      <system-out><![CDATA[
COMMAND: GET /session/612db7fa7930bbb36023b099dfe9ab59/screenshot - {}
COMMAND: POST /session/612db7fa7930bbb36023b099dfe9ab59/execute/async - {"script":"<script> [1562 bytes]","args":[{"selector":{"controlType":"sap.m.GenericTile","properties":{"header":"Manage Pricing Rules"}},"wdio_ui5_key":"sapm.GenericTile{\"header\":\"Manage Pricing Rules\"}"}]}
RESULT: {}
RESULT: {"script":"<script> [1562 bytes]","args":[{"selector":{"controlType":"sap.m.GenericTile","properties":{"header":"Manage Pricing Rules"}},"wdio_ui5_key":"sapm.GenericTile{\"header\":\"Manage Pricing Rules\"}"}]}
RESULT: undefined
COMMAND: POST /session/612db7fa7930bbb36023b099dfe9ab59/element - {"using":"xpath","value":"//*[@id=\"__tile55\"]"}
RESULT: {"using":"xpath","value":"//*[@id=\"__tile55\"]"}
COMMAND: POST /session/612db7fa7930bbb36023b099dfe9ab59/element/f.E3CD5E68D1E1B2FCF6DD50D193150CE1.d.F237C36FEA593ABF0523A95212345E79.e.14796/click - {}
RESULT: {}
COMMAND: GET /session/612db7fa7930bbb36023b099dfe9ab59/screenshot - {}
RESULT: {}
COMMAND: POST /session/612db7fa7930bbb36023b099dfe9ab59/elements - {"using":"xpath","value":"//span[text()='Error']"}
RESULT: {"using":"xpath","value":"//span[text()='Error']"}
COMMAND: POST /session/612db7fa7930bbb36023b099dfe9ab59/execute/async - {"script":"<script> [1562 bytes]","args":[{"selector":{"controlType":"sap.ui.core.Icon","viewName":"etm.portal.ui.managepricingrules.view.MasterHeader","viewId":"application-managepricingrules-display-component---priceInfoHeader","properties":{"src":{"regex":{"source":"activity\\-items"}}}},"wdio_ui5_key":"etmportal.ui.managepricingrules.view.MasterHeadersap.ui.core.Icon{\"src\":{\"regex\":{\"source\":\"activity\\\\-items\"}}}"}]}
RESULT: {"script":"<script> [1562 bytes]","args":[{"selector":{"controlType":"sap.ui.core.Icon","viewName":"etm.portal.ui.managepricingrules.view.MasterHeader","viewId":"application-managepricingrules-display-component---priceInfoHeader","properties":{"src":{"regex":{"source":"activity\\-items"}}}},"wdio_ui5_key":"etmportal.ui.managepricingrules.view.MasterHeadersap.ui.core.Icon{\"src\":{\"regex\":{\"source\":\"activity\\\\-items\"}}}"}]}
RESULT: undefined
COMMAND: POST /session/612db7fa7930bbb36023b099dfe9ab59/element - {"using":"xpath","value":"//*[@id=\"__filter22-icon\"]"}
RESULT: {"using":"xpath","value":"//*[@id=\"__filter22-icon\"]"}
COMMAND: POST /session/612db7fa7930bbb36023b099dfe9ab59/element/f.E3CD5E68D1E1B2FCF6DD50D193150CE1.d.F237C36FEA593ABF0523A95212345E79.e.14846/click - {}
RESULT: {}
COMMAND: GET /session/612db7fa7930bbb36023b099dfe9ab59/screenshot - {}
RESULT: {}
COMMAND: POST /session/612db7fa7930bbb36023b099dfe9ab59/execute/async - {"script":"<script> [1562 bytes]","args":[{"selector":{"controlType":"sap.ui.core.Icon","viewName":"etm.portal.ui.managepricingrules.view.MasterItem","viewId":"application-managepricingrules-display-component---priceInfoItem","properties":{"src":{"regex":{"source":"add"}}}},"wdio_ui5_key":"etmportal.ui.managepricingrules.view.MasterItemsap.ui.core.Icon{\"src\":{\"regex\":{\"source\":\"add\"}}}"}]}
RESULT: {"script":"<script> [1562 bytes]","args":[{"selector":{"controlType":"sap.ui.core.Icon","viewName":"etm.portal.ui.managepricingrules.view.MasterItem","viewId":"application-managepricingrules-display-component---priceInfoItem","properties":{"src":{"regex":{"source":"add"}}}},"wdio_ui5_key":"etmportal.ui.managepricingrules.view.MasterItemsap.ui.core.Icon{\"src\":{\"regex\":{\"source\":\"add\"}}}"}]}
RESULT: undefined
COMMAND: POST /session/612db7fa7930bbb36023b099dfe9ab59/element - {"using":"xpath","value":"//*[@id=\"__button80-img\"]"}
RESULT: {"using":"xpath","value":"//*[@id=\"__button80-img\"]"}
COMMAND: POST /session/612db7fa7930bbb36023b099dfe9ab59/element/f.E3CD5E68D1E1B2FCF6DD50D193150CE1.d.F237C36FEA593ABF0523A95212345E79.e.14893/click - {}
RESULT: {}
COMMAND: GET /session/612db7fa7930bbb36023b099dfe9ab59/screenshot - {}
RESULT: {}
COMMAND: POST /session/612db7fa7930bbb36023b099dfe9ab59/element - {"using":"xpath","value":"//input[@id=\"application-managepricingrules-display-component---newInfoPriceItem--condRU-inner\"]"}
RESULT: {"using":"xpath","value":"//input[@id=\"application-managepricingrules-display-component---newInfoPriceItem--condRU-inner\"]"}
COMMAND: POST /session/612db7fa7930bbb36023b099dfe9ab59/element/f.E3CD5E68D1E1B2FCF6DD50D193150CE1.d.F237C36FEA593ABF0523A95212345E79.e.15104/clear - {}
RESULT: {}
COMMAND: POST /session/612db7fa7930bbb36023b099dfe9ab59/element/f.E3CD5E68D1E1B2FCF6DD50D193150CE1.d.F237C36FEA593ABF0523A95212345E79.e.15104/value - {"text":"WebdriverRUR2Cr9zbag"}
COMMAND: GET /session/612db7fa7930bbb36023b099dfe9ab59/screenshot - {}
RESULT: {"text":"WebdriverRUR2Cr9zbag"}
COMMAND: POST /session/612db7fa7930bbb36023b099dfe9ab59/execute/async - {"script":"<script> [1562 bytes]","args":[{"selector":{"id":"application-managepricingrules-display-component---newInfoPriceItem--condValidTo","interaction":{"idSuffix":"inner"}},"wdio_ui5_key":"applicationmanagepricingrules-display-component---newInfoPriceItem--condValidTo"}]}
COMMAND: GET /session/612db7fa7930bbb36023b099dfe9ab59/screenshot - {}
RESULT: {}
RESULT: {"script":"<script> [1562 bytes]","args":[{"selector":{"id":"application-managepricingrules-display-component---newInfoPriceItem--condValidTo","interaction":{"idSuffix":"inner"}},"wdio_ui5_key":"applicationmanagepricingrules-display-component---newInfoPriceItem--condValidTo"}]}
RESULT: undefined
COMMAND: POST /session/612db7fa7930bbb36023b099dfe9ab59/execute/async - {"script":"<script> [776 bytes]","args":[{"enterText":"5/18/33","selector":{"id":"application-managepricingrules-display-component---newInfoPriceItem--condValidTo","interaction":{"idSuffix":"inner"}},"clearTextFirst":true,"interactionType":"ENTER_TEXT"}]}
RESULT: {}
RESULT: {"script":"<script> [776 bytes]","args":[{"enterText":"5/18/33","selector":{"id":"application-managepricingrules-display-component---newInfoPriceItem--condValidTo","interaction":{"idSuffix":"inner"}},"clearTextFirst":true,"interactionType":"ENTER_TEXT"}]}
COMMAND: POST /session/612db7fa7930bbb36023b099dfe9ab59/execute/async - {"script":"<script> [1562 bytes]","args":[{"selector":{"id":"application-managepricingrules-display-component---newInfoPriceItem--billType-arrow"},"wdio_ui5_key":"applicationmanagepricingrules-display-component---newInfoPriceItem--billType-arrow"}]}
RESULT: {"script":"<script> [1562 bytes]","args":[{"selector":{"id":"application-managepricingrules-display-component---newInfoPriceItem--billType-arrow"},"wdio_ui5_key":"applicationmanagepricingrules-display-component---newInfoPriceItem--billType-arrow"}]}
RESULT: undefined
COMMAND: POST /session/612db7fa7930bbb36023b099dfe9ab59/element - {"using":"xpath","value":"//*[@id=\"application-managepricingrules-display-component---newInfoPriceItem--billType-arrow\"]"}
RESULT: {"using":"xpath","value":"//*[@id=\"application-managepricingrules-display-component---newInfoPriceItem--billType-arrow\"]"}
COMMAND: POST /session/612db7fa7930bbb36023b099dfe9ab59/element/f.E3CD5E68D1E1B2FCF6DD50D193150CE1.d.F237C36FEA593ABF0523A95212345E79.e.15198/click - {}
RESULT: {}
COMMAND: POST /session/612db7fa7930bbb36023b099dfe9ab59/element - {"using":"xpath","value":"//span[contains(text(), \"TB - Time based\")]"}
COMMAND: GET /session/612db7fa7930bbb36023b099dfe9ab59/screenshot - {}
RESULT: {"using":"xpath","value":"//span[contains(text(), \"TB - Time based\")]"}
COMMAND: POST /session/612db7fa7930bbb36023b099dfe9ab59/element/f.E3CD5E68D1E1B2FCF6DD50D193150CE1.d.F237C36FEA593ABF0523A95212345E79.e.15239/click - {}
RESULT: {}
RESULT: {}
COMMAND: POST /session/612db7fa7930bbb36023b099dfe9ab59/execute/async - {"script":"<script> [1562 bytes]","args":[{"selector":{"id":"application-managepricingrules-display-component---newInfoPriceItem--priceProc-arrow"},"wdio_ui5_key":"applicationmanagepricingrules-display-component---newInfoPriceItem--priceProc-arrow"}]}
COMMAND: GET /session/612db7fa7930bbb36023b099dfe9ab59/screenshot - {}
RESULT: {"script":"<script> [1562 bytes]","args":[{"selector":{"id":"application-managepricingrules-display-component---newInfoPriceItem--priceProc-arrow"},"wdio_ui5_key":"applicationmanagepricingrules-display-component---newInfoPriceItem--priceProc-arrow"}]}
RESULT: undefined
COMMAND: POST /session/612db7fa7930bbb36023b099dfe9ab59/element - {"using":"xpath","value":"//*[@id=\"application-managepricingrules-display-component---newInfoPriceItem--priceProc-arrow\"]"}
RESULT: {}
RESULT: {"using":"xpath","value":"//*[@id=\"application-managepricingrules-display-component---newInfoPriceItem--priceProc-arrow\"]"}
COMMAND: POST /session/612db7fa7930bbb36023b099dfe9ab59/element/f.E3CD5E68D1E1B2FCF6DD50D193150CE1.d.F237C36FEA593ABF0523A95212345E79.e.15205/click - {}
RESULT: {}
COMMAND: POST /session/612db7fa7930bbb36023b099dfe9ab59/element - {"using":"xpath","value":"//span[contains(text(), \"TBS - Time based standard\")]"}
COMMAND: GET /session/612db7fa7930bbb36023b099dfe9ab59/screenshot - {}
RESULT: {"using":"xpath","value":"//span[contains(text(), \"TBS - Time based standard\")]"}
COMMAND: POST /session/612db7fa7930bbb36023b099dfe9ab59/element/f.E3CD5E68D1E1B2FCF6DD50D193150CE1.d.F237C36FEA593ABF0523A95212345E79.e.15240/click - {}
RESULT: {}
RESULT: {}
COMMAND: POST /session/612db7fa7930bbb36023b099dfe9ab59/execute/async - {"script":"<script> [1562 bytes]","args":[{"selector":{"id":"application-managepricingrules-display-component---newInfoPriceItem--calcBase-arrow"},"wdio_ui5_key":"applicationmanagepricingrules-display-component---newInfoPriceItem--calcBase-arrow"}]}
COMMAND: GET /session/612db7fa7930bbb36023b099dfe9ab59/screenshot - {}
RESULT: {"script":"<script> [1562 bytes]","args":[{"selector":{"id":"application-managepricingrules-display-component---newInfoPriceItem--calcBase-arrow"},"wdio_ui5_key":"applicationmanagepricingrules-display-component---newInfoPriceItem--calcBase-arrow"}]}
RESULT: undefined
COMMAND: POST /session/612db7fa7930bbb36023b099dfe9ab59/element - {"using":"xpath","value":"//*[@id=\"application-managepricingrules-display-component---newInfoPriceItem--calcBase-arrow\"]"}
RESULT: {}
RESULT: {"using":"xpath","value":"//*[@id=\"application-managepricingrules-display-component---newInfoPriceItem--calcBase-arrow\"]"}
COMMAND: POST /session/612db7fa7930bbb36023b099dfe9ab59/element/f.E3CD5E68D1E1B2FCF6DD50D193150CE1.d.F237C36FEA593ABF0523A95212345E79.e.15212/click - {}
RESULT: {}
COMMAND: GET /session/612db7fa7930bbb36023b099dfe9ab59/screenshot - {}
RESULT: {}
COMMAND: POST /session/612db7fa7930bbb36023b099dfe9ab59/element - {"using":"xpath","value":"//span[contains(text(), \"0006 - TB(calendar days)\")]"}
RESULT: {"using":"xpath","value":"//span[contains(text(), \"0006 - TB(calendar days)\")]"}
COMMAND: POST /session/612db7fa7930bbb36023b099dfe9ab59/element/f.E3CD5E68D1E1B2FCF6DD50D193150CE1.d.F237C36FEA593ABF0523A95212345E79.e.15241/click - {}
RESULT: {}
COMMAND: POST /session/612db7fa7930bbb36023b099dfe9ab59/execute/async - {"script":"<script> [1562 bytes]","args":[{"selector":{"id":"application-managepricingrules-display-component---newInfoPriceItem--daysMonth","interaction":{"idSuffix":"inner"}},"wdio_ui5_key":"applicationmanagepricingrules-display-component---newInfoPriceItem--daysMonth"}]}
COMMAND: GET /session/612db7fa7930bbb36023b099dfe9ab59/screenshot - {}
RESULT: {"script":"<script> [1562 bytes]","args":[{"selector":{"id":"application-managepricingrules-display-component---newInfoPriceItem--daysMonth","interaction":{"idSuffix":"inner"}},"wdio_ui5_key":"applicationmanagepricingrules-display-component---newInfoPriceItem--daysMonth"}]}
RESULT: undefined
COMMAND: POST /session/612db7fa7930bbb36023b099dfe9ab59/execute/async - {"script":"<script> [776 bytes]","args":[{"enterText":"30","selector":{"id":"application-managepricingrules-display-component---newInfoPriceItem--daysMonth","interaction":{"idSuffix":"inner"}},"clearTextFirst":true,"interactionType":"ENTER_TEXT"}]}
RESULT: {}
RESULT: {"script":"<script> [776 bytes]","args":[{"enterText":"30","selector":{"id":"application-managepricingrules-display-component---newInfoPriceItem--daysMonth","interaction":{"idSuffix":"inner"}},"clearTextFirst":true,"interactionType":"ENTER_TEXT"}]}
COMMAND: POST /session/612db7fa7930bbb36023b099dfe9ab59/element - {"using":"xpath","value":"//button[@data-kt=\"saveNewRuleButton\"]"}
RESULT: {"using":"xpath","value":"//button[@data-kt=\"saveNewRuleButton\"]"}
COMMAND: POST /session/612db7fa7930bbb36023b099dfe9ab59/element/f.E3CD5E68D1E1B2FCF6DD50D193150CE1.d.F237C36FEA593ABF0523A95212345E79.e.15232/click - {}
RESULT: {}
COMMAND: GET /session/612db7fa7930bbb36023b099dfe9ab59/screenshot - {}
RESULT: {}
COMMAND: POST /session/612db7fa7930bbb36023b099dfe9ab59/element - {"using":"css selector","value":"#shell-header-logo"}
RESULT: {"using":"css selector","value":"#shell-header-logo"}
COMMAND: POST /session/612db7fa7930bbb36023b099dfe9ab59/element/f.E3CD5E68D1E1B2FCF6DD50D193150CE1.d.F237C36FEA593ABF0523A95212345E79.e.14800/click - {}
RESULT: {}
COMMAND: GET /session/612db7fa7930bbb36023b099dfe9ab59/screenshot - {}
RESULT: {}
COMMAND: POST /session/612db7fa7930bbb36023b099dfe9ab59/execute/async - {"script":"<script> [1562 bytes]","args":[{"selector":{"controlType":"sap.m.Text","properties":{"text":"Manage Conditions & Prices"},"interaction":{"idSuffix":"inner"}},"wdio_ui5_key":"sapm.Text{\"text\":\"Manage Conditions & Prices\"}"}]}
RESULT: {"script":"<script> [1562 bytes]","args":[{"selector":{"controlType":"sap.m.Text","properties":{"text":"Manage Conditions & Prices"},"interaction":{"idSuffix":"inner"}},"wdio_ui5_key":"sapm.Text{\"text\":\"Manage Conditions & Prices\"}"}]}
RESULT: undefined
COMMAND: POST /session/612db7fa7930bbb36023b099dfe9ab59/element - {"using":"xpath","value":"//*[@id=\"__tile53-title\"]"}
RESULT: {"using":"xpath","value":"//*[@id=\"__tile53-title\"]"}
COMMAND: POST /session/612db7fa7930bbb36023b099dfe9ab59/element/f.E3CD5E68D1E1B2FCF6DD50D193150CE1.d.F237C36FEA593ABF0523A95212345E79.e.15259/click - {}
RESULT: {}
COMMAND: GET /session/612db7fa7930bbb36023b099dfe9ab59/screenshot - {}
RESULT: {}
COMMAND: POST /session/612db7fa7930bbb36023b099dfe9ab59/element - {"using":"xpath","value":"//button[@aria-label=\"Create\"]"}
RESULT: {"using":"xpath","value":"//button[@aria-label=\"Create\"]"}
COMMAND: POST /session/612db7fa7930bbb36023b099dfe9ab59/element/f.E3CD5E68D1E1B2FCF6DD50D193150CE1.d.F237C36FEA593ABF0523A95212345E79.e.15291/click - {}
RESULT: {}
COMMAND: POST /session/612db7fa7930bbb36023b099dfe9ab59/actions - {"actions":[{"id":"action74","type":"key","parameters":{},"actions":[{"type":"keyDown","value":""},{"type":"pause","duration":10},{"type":"keyUp","value":""}]}]}
COMMAND: GET /session/612db7fa7930bbb36023b099dfe9ab59/screenshot - {}
RESULT: {"actions":[{"id":"action74","type":"key","parameters":{},"actions":[{"type":"keyDown","value":""},{"type":"pause","duration":10},{"type":"keyUp","value":""}]}]}
COMMAND: GET /session/612db7fa7930bbb36023b099dfe9ab59/screenshot - {}
RESULT: {}
RESULT: {}
COMMAND: POST /session/612db7fa7930bbb36023b099dfe9ab59/execute/async - {"script":"<script> [1562 bytes]","args":[{"selector":{"id":"application-manageconditionprice-display-component---newCondition--condBillCond-arrow"},"wdio_ui5_key":"applicationmanageconditionprice-display-component---newCondition--condBillCond-arrow"}]}
RESULT: {"script":"<script> [1562 bytes]","args":[{"selector":{"id":"application-manageconditionprice-display-component---newCondition--condBillCond-arrow"},"wdio_ui5_key":"applicationmanageconditionprice-display-component---newCondition--condBillCond-arrow"}]}
RESULT: undefined
COMMAND: POST /session/612db7fa7930bbb36023b099dfe9ab59/element - {"using":"xpath","value":"//*[@id=\"application-manageconditionprice-display-component---newCondition--condBillCond-arrow\"]"}
RESULT: {"using":"xpath","value":"//*[@id=\"application-manageconditionprice-display-component---newCondition--condBillCond-arrow\"]"}
COMMAND: POST /session/612db7fa7930bbb36023b099dfe9ab59/element/f.E3CD5E68D1E1B2FCF6DD50D193150CE1.d.F237C36FEA593ABF0523A95212345E79.e.15684/click - {}
RESULT: {}
COMMAND: POST /session/612db7fa7930bbb36023b099dfe9ab59/element - {"using":"xpath","value":"//span[contains(text(), \"DISP - D&I special price\")]"}
COMMAND: GET /session/612db7fa7930bbb36023b099dfe9ab59/screenshot - {}
RESULT: {"using":"xpath","value":"//span[contains(text(), \"DISP - D&I special price\")]"}
COMMAND: POST /session/612db7fa7930bbb36023b099dfe9ab59/element/f.E3CD5E68D1E1B2FCF6DD50D193150CE1.d.F237C36FEA593ABF0523A95212345E79.e.15685/click - {}
RESULT: {}
RESULT: {}
COMMAND: POST /session/612db7fa7930bbb36023b099dfe9ab59/execute/async - {"script":"<script> [1562 bytes]","args":[{"selector":{"id":"application-manageconditionprice-display-component---newCondition--condValidTo","interaction":{"idSuffix":"inner"}},"wdio_ui5_key":"applicationmanageconditionprice-display-component---newCondition--condValidTo"}]}
COMMAND: GET /session/612db7fa7930bbb36023b099dfe9ab59/screenshot - {}
RESULT: {"script":"<script> [1562 bytes]","args":[{"selector":{"id":"application-manageconditionprice-display-component---newCondition--condValidTo","interaction":{"idSuffix":"inner"}},"wdio_ui5_key":"applicationmanageconditionprice-display-component---newCondition--condValidTo"}]}
RESULT: undefined
COMMAND: POST /session/612db7fa7930bbb36023b099dfe9ab59/execute/async - {"script":"<script> [776 bytes]","args":[{"enterText":"5/11/33","selector":{"id":"application-manageconditionprice-display-component---newCondition--condValidTo","interaction":{"idSuffix":"inner"}},"clearTextFirst":true,"interactionType":"ENTER_TEXT"}]}
RESULT: {}
RESULT: {"script":"<script> [776 bytes]","args":[{"enterText":"5/11/33","selector":{"id":"application-manageconditionprice-display-component---newCondition--condValidTo","interaction":{"idSuffix":"inner"}},"clearTextFirst":true,"interactionType":"ENTER_TEXT"}]}
COMMAND: POST /session/612db7fa7930bbb36023b099dfe9ab59/element - {"using":"xpath","value":"//input[@id=\"application-manageconditionprice-display-component---newCondition--condRU-inner\"]"}
RESULT: {"using":"xpath","value":"//input[@id=\"application-manageconditionprice-display-component---newCondition--condRU-inner\"]"}
COMMAND: POST /session/612db7fa7930bbb36023b099dfe9ab59/element/f.E3CD5E68D1E1B2FCF6DD50D193150CE1.d.F237C36FEA593ABF0523A95212345E79.e.15455/clear - {}
RESULT: {}
COMMAND: POST /session/612db7fa7930bbb36023b099dfe9ab59/element/f.E3CD5E68D1E1B2FCF6DD50D193150CE1.d.F237C36FEA593ABF0523A95212345E79.e.15455/value - {"text":"WebdriverRUR2Cr9zbag"}
COMMAND: GET /session/612db7fa7930bbb36023b099dfe9ab59/screenshot - {}
RESULT: {"text":"WebdriverRUR2Cr9zbag"}
COMMAND: GET /session/612db7fa7930bbb36023b099dfe9ab59/screenshot - {}
RESULT: {}
RESULT: {}
COMMAND: POST /session/612db7fa7930bbb36023b099dfe9ab59/actions - {"actions":[{"id":"action75","type":"key","parameters":{},"actions":[{"type":"keyDown","value":""},{"type":"pause","duration":10},{"type":"keyUp","value":""}]}]}
RESULT: {"actions":[{"id":"action75","type":"key","parameters":{},"actions":[{"type":"keyDown","value":""},{"type":"pause","duration":10},{"type":"keyUp","value":""}]}]}
COMMAND: POST /session/612db7fa7930bbb36023b099dfe9ab59/execute/async - {"script":"<script> [1562 bytes]","args":[{"selector":{"id":"application-manageconditionprice-display-component---newCondition--condBaseQty","interaction":{"idSuffix":"inner"}},"wdio_ui5_key":"applicationmanageconditionprice-display-component---newCondition--condBaseQty"}]}
COMMAND: GET /session/612db7fa7930bbb36023b099dfe9ab59/screenshot - {}
RESULT: {"script":"<script> [1562 bytes]","args":[{"selector":{"id":"application-manageconditionprice-display-component---newCondition--condBaseQty","interaction":{"idSuffix":"inner"}},"wdio_ui5_key":"applicationmanageconditionprice-display-component---newCondition--condBaseQty"}]}
RESULT: undefined
COMMAND: POST /session/612db7fa7930bbb36023b099dfe9ab59/execute/async - {"script":"<script> [776 bytes]","args":[{"enterText":"1","selector":{"id":"application-manageconditionprice-display-component---newCondition--condBaseQty","interaction":{"idSuffix":"inner"}},"clearTextFirst":true,"interactionType":"ENTER_TEXT"}]}
RESULT: {}
RESULT: {"script":"<script> [776 bytes]","args":[{"enterText":"1","selector":{"id":"application-manageconditionprice-display-component---newCondition--condBaseQty","interaction":{"idSuffix":"inner"}},"clearTextFirst":true,"interactionType":"ENTER_TEXT"}]}
COMMAND: POST /session/612db7fa7930bbb36023b099dfe9ab59/execute/async - {"script":"<script> [1562 bytes]","args":[{"selector":{"id":"application-manageconditionprice-display-component---newCondition--condValue","interaction":{"idSuffix":"inner"}},"wdio_ui5_key":"applicationmanageconditionprice-display-component---newCondition--condValue"}]}
RESULT: {"script":"<script> [1562 bytes]","args":[{"selector":{"id":"application-manageconditionprice-display-component---newCondition--condValue","interaction":{"idSuffix":"inner"}},"wdio_ui5_key":"applicationmanageconditionprice-display-component---newCondition--condValue"}]}
RESULT: undefined
COMMAND: POST /session/612db7fa7930bbb36023b099dfe9ab59/execute/async - {"script":"<script> [776 bytes]","args":[{"enterText":"100","selector":{"id":"application-manageconditionprice-display-component---newCondition--condValue","interaction":{"idSuffix":"inner"}},"clearTextFirst":true,"interactionType":"ENTER_TEXT"}]}
RESULT: {"script":"<script> [776 bytes]","args":[{"enterText":"100","selector":{"id":"application-manageconditionprice-display-component---newCondition--condValue","interaction":{"idSuffix":"inner"}},"clearTextFirst":true,"interactionType":"ENTER_TEXT"}]}
COMMAND: POST /session/612db7fa7930bbb36023b099dfe9ab59/execute/async - {"script":"<script> [1562 bytes]","args":[{"selector":{"id":"application-manageconditionprice-display-component---newCondition--condCurr-arrow"},"wdio_ui5_key":"applicationmanageconditionprice-display-component---newCondition--condCurr-arrow"}]}
RESULT: {"script":"<script> [1562 bytes]","args":[{"selector":{"id":"application-manageconditionprice-display-component---newCondition--condCurr-arrow"},"wdio_ui5_key":"applicationmanageconditionprice-display-component---newCondition--condCurr-arrow"}]}
RESULT: undefined
COMMAND: POST /session/612db7fa7930bbb36023b099dfe9ab59/element - {"using":"xpath","value":"//*[@id=\"application-manageconditionprice-display-component---newCondition--condCurr-arrow\"]"}
RESULT: {"using":"xpath","value":"//*[@id=\"application-manageconditionprice-display-component---newCondition--condCurr-arrow\"]"}
COMMAND: POST /session/612db7fa7930bbb36023b099dfe9ab59/element/f.E3CD5E68D1E1B2FCF6DD50D193150CE1.d.F237C36FEA593ABF0523A95212345E79.e.15628/click - {}
RESULT: {}
COMMAND: POST /session/612db7fa7930bbb36023b099dfe9ab59/element - {"using":"xpath","value":"//span[contains(text(), \"Euro\")]"}
COMMAND: GET /session/612db7fa7930bbb36023b099dfe9ab59/screenshot - {}
RESULT: {"using":"xpath","value":"//span[contains(text(), \"Euro\")]"}
COMMAND: POST /session/612db7fa7930bbb36023b099dfe9ab59/element/f.E3CD5E68D1E1B2FCF6DD50D193150CE1.d.F237C36FEA593ABF0523A95212345E79.e.15721/click - {}
RESULT: {}
RESULT: {}
COMMAND: POST /session/612db7fa7930bbb36023b099dfe9ab59/element - {"using":"xpath","value":"//button[@data-kt=\"saveButton\"]"}
COMMAND: GET /session/612db7fa7930bbb36023b099dfe9ab59/screenshot - {}
RESULT: {"using":"xpath","value":"//button[@data-kt=\"saveButton\"]"}
COMMAND: POST /session/612db7fa7930bbb36023b099dfe9ab59/element/f.E3CD5E68D1E1B2FCF6DD50D193150CE1.d.F237C36FEA593ABF0523A95212345E79.e.15629/click - {}
RESULT: {}
RESULT: {}
COMMAND: GET /session/612db7fa7930bbb36023b099dfe9ab59/screenshot - {}
RESULT: {}
COMMAND: POST /session/612db7fa7930bbb36023b099dfe9ab59/element - {"using":"css selector","value":"#shell-header-logo"}
RESULT: {"using":"css selector","value":"#shell-header-logo"}
COMMAND: POST /session/612db7fa7930bbb36023b099dfe9ab59/element/f.E3CD5E68D1E1B2FCF6DD50D193150CE1.d.F237C36FEA593ABF0523A95212345E79.e.15262/click - {}
RESULT: {}
COMMAND: GET /session/612db7fa7930bbb36023b099dfe9ab59/screenshot - {}
RESULT: {}
]]></system-out>
    </testcase>
    <testcase classname="chrome.136_0_7103_93.windows.E2E_-_Logistical_and_commercial_statuses" name="Should create a new contract" time="62.936">
      <system-out><![CDATA[
COMMAND: POST /session/612db7fa7930bbb36023b099dfe9ab59/execute/async - {"script":"<script> [1562 bytes]","args":[{"selector":{"controlType":"sap.m.GenericTile","properties":{"header":"Manage Contracts"}},"wdio_ui5_key":"sapm.GenericTile{\"header\":\"Manage Contracts\"}"}]}
RESULT: {"script":"<script> [1562 bytes]","args":[{"selector":{"controlType":"sap.m.GenericTile","properties":{"header":"Manage Contracts"}},"wdio_ui5_key":"sapm.GenericTile{\"header\":\"Manage Contracts\"}"}]}
RESULT: undefined
COMMAND: POST /session/612db7fa7930bbb36023b099dfe9ab59/element - {"using":"xpath","value":"//*[@id=\"__tile131\"]"}
RESULT: {"using":"xpath","value":"//*[@id=\"__tile131\"]"}
COMMAND: POST /session/612db7fa7930bbb36023b099dfe9ab59/element/f.E3CD5E68D1E1B2FCF6DD50D193150CE1.d.F237C36FEA593ABF0523A95212345E79.e.15835/click - {}
RESULT: {}
COMMAND: GET /session/612db7fa7930bbb36023b099dfe9ab59/screenshot - {}
RESULT: {}
COMMAND: POST /session/612db7fa7930bbb36023b099dfe9ab59/elements - {"using":"xpath","value":"//span[text()='Error']"}
RESULT: {"using":"xpath","value":"//span[text()='Error']"}
COMMAND: POST /session/612db7fa7930bbb36023b099dfe9ab59/element - {"using":"xpath","value":"//button[@data-kt=\"addButton\"]"}
RESULT: {"using":"xpath","value":"//button[@data-kt=\"addButton\"]"}
COMMAND: POST /session/612db7fa7930bbb36023b099dfe9ab59/element/f.E3CD5E68D1E1B2FCF6DD50D193150CE1.d.F237C36FEA593ABF0523A95212345E79.e.15887/click - {}
RESULT: {}
COMMAND: GET /session/612db7fa7930bbb36023b099dfe9ab59/screenshot - {}
RESULT: {}
COMMAND: POST /session/612db7fa7930bbb36023b099dfe9ab59/execute/async - {"script":"<script> [1562 bytes]","args":[{"selector":{"id":"application-managecontracts-display-component---AddNewContract--projectDescription","interaction":{"idSuffix":"inner"}},"wdio_ui5_key":"applicationmanagecontracts-display-component---AddNewContract--projectDescription"}]}
RESULT: {"script":"<script> [1562 bytes]","args":[{"selector":{"id":"application-managecontracts-display-component---AddNewContract--projectDescription","interaction":{"idSuffix":"inner"}},"wdio_ui5_key":"applicationmanagecontracts-display-component---AddNewContract--projectDescription"}]}
RESULT: undefined
COMMAND: POST /session/612db7fa7930bbb36023b099dfe9ab59/execute/async - {"script":"<script> [776 bytes]","args":[{"enterText":"WdIOR2caowk","selector":{"id":"application-managecontracts-display-component---AddNewContract--projectDescription","interaction":{"idSuffix":"inner"}},"clearTextFirst":true,"interactionType":"ENTER_TEXT"}]}
RESULT: {"script":"<script> [776 bytes]","args":[{"enterText":"WdIOR2caowk","selector":{"id":"application-managecontracts-display-component---AddNewContract--projectDescription","interaction":{"idSuffix":"inner"}},"clearTextFirst":true,"interactionType":"ENTER_TEXT"}]}
COMMAND: POST /session/612db7fa7930bbb36023b099dfe9ab59/element - {"using":"xpath","value":"//input[@id=\"application-managecontracts-display-component---AddNewContract--yardId-inner\"]"}
RESULT: {"using":"xpath","value":"//input[@id=\"application-managecontracts-display-component---AddNewContract--yardId-inner\"]"}
COMMAND: POST /session/612db7fa7930bbb36023b099dfe9ab59/element/f.E3CD5E68D1E1B2FCF6DD50D193150CE1.d.F237C36FEA593ABF0523A95212345E79.e.16144/clear - {}
RESULT: {}
COMMAND: POST /session/612db7fa7930bbb36023b099dfe9ab59/element/f.E3CD5E68D1E1B2FCF6DD50D193150CE1.d.F237C36FEA593ABF0523A95212345E79.e.16144/value - {"text":"WebdriverYarddl4ni"}
COMMAND: GET /session/612db7fa7930bbb36023b099dfe9ab59/screenshot - {}
RESULT: {"text":"WebdriverYarddl4ni"}
COMMAND: GET /session/612db7fa7930bbb36023b099dfe9ab59/screenshot - {}
RESULT: {}
RESULT: {}
COMMAND: POST /session/612db7fa7930bbb36023b099dfe9ab59/actions - {"actions":[{"id":"action76","type":"key","parameters":{},"actions":[{"type":"keyDown","value":""},{"type":"pause","duration":10},{"type":"keyUp","value":""}]}]}
RESULT: {"actions":[{"id":"action76","type":"key","parameters":{},"actions":[{"type":"keyDown","value":""},{"type":"pause","duration":10},{"type":"keyUp","value":""}]}]}
COMMAND: GET /session/612db7fa7930bbb36023b099dfe9ab59/screenshot - {}
RESULT: {}
COMMAND: POST /session/612db7fa7930bbb36023b099dfe9ab59/element - {"using":"xpath","value":"//input[@id=\"application-managecontracts-display-component---AddNewContract--customerSelect-inner\"]"}
RESULT: {"using":"xpath","value":"//input[@id=\"application-managecontracts-display-component---AddNewContract--customerSelect-inner\"]"}
COMMAND: POST /session/612db7fa7930bbb36023b099dfe9ab59/element/f.E3CD5E68D1E1B2FCF6DD50D193150CE1.d.F237C36FEA593ABF0523A95212345E79.e.16142/clear - {}
RESULT: {}
COMMAND: POST /session/612db7fa7930bbb36023b099dfe9ab59/element/f.E3CD5E68D1E1B2FCF6DD50D193150CE1.d.F237C36FEA593ABF0523A95212345E79.e.16142/value - {"text":"WebdriverPartner09bh2"}
COMMAND: GET /session/612db7fa7930bbb36023b099dfe9ab59/screenshot - {}
RESULT: {"text":"WebdriverPartner09bh2"}
COMMAND: GET /session/612db7fa7930bbb36023b099dfe9ab59/screenshot - {}
RESULT: {}
RESULT: {}
COMMAND: POST /session/612db7fa7930bbb36023b099dfe9ab59/actions - {"actions":[{"id":"action77","type":"key","parameters":{},"actions":[{"type":"keyDown","value":""},{"type":"pause","duration":10},{"type":"keyUp","value":""}]}]}
RESULT: {"actions":[{"id":"action77","type":"key","parameters":{},"actions":[{"type":"keyDown","value":""},{"type":"pause","duration":10},{"type":"keyUp","value":""}]}]}
COMMAND: GET /session/612db7fa7930bbb36023b099dfe9ab59/screenshot - {}
RESULT: {}
COMMAND: POST /session/612db7fa7930bbb36023b099dfe9ab59/element - {"using":"xpath","value":"//input[@id=\"application-managecontracts-display-component---AddNewContract--site-inner\"]"}
RESULT: {"using":"xpath","value":"//input[@id=\"application-managecontracts-display-component---AddNewContract--site-inner\"]"}
COMMAND: POST /session/612db7fa7930bbb36023b099dfe9ab59/element/f.E3CD5E68D1E1B2FCF6DD50D193150CE1.d.F237C36FEA593ABF0523A95212345E79.e.16143/clear - {}
RESULT: {}
COMMAND: POST /session/612db7fa7930bbb36023b099dfe9ab59/element/f.E3CD5E68D1E1B2FCF6DD50D193150CE1.d.F237C36FEA593ABF0523A95212345E79.e.16143/value - {"text":"WebdriverSitetx575"}
COMMAND: GET /session/612db7fa7930bbb36023b099dfe9ab59/screenshot - {}
RESULT: {"text":"WebdriverSitetx575"}
COMMAND: GET /session/612db7fa7930bbb36023b099dfe9ab59/screenshot - {}
RESULT: {}
RESULT: {}
COMMAND: POST /session/612db7fa7930bbb36023b099dfe9ab59/actions - {"actions":[{"id":"action78","type":"key","parameters":{},"actions":[{"type":"keyDown","value":""},{"type":"pause","duration":10},{"type":"keyUp","value":""}]}]}
RESULT: {"actions":[{"id":"action78","type":"key","parameters":{},"actions":[{"type":"keyDown","value":""},{"type":"pause","duration":10},{"type":"keyUp","value":""}]}]}
COMMAND: POST /session/612db7fa7930bbb36023b099dfe9ab59/element - {"using":"xpath","value":"//button[@data-kt=\"saveButton\"]"}
COMMAND: GET /session/612db7fa7930bbb36023b099dfe9ab59/screenshot - {}
RESULT: {"using":"xpath","value":"//button[@data-kt=\"saveButton\"]"}
COMMAND: POST /session/612db7fa7930bbb36023b099dfe9ab59/element/f.E3CD5E68D1E1B2FCF6DD50D193150CE1.d.F237C36FEA593ABF0523A95212345E79.e.16224/click - {}
RESULT: {}
RESULT: {}
COMMAND: GET /session/612db7fa7930bbb36023b099dfe9ab59/screenshot - {}
RESULT: {}
COMMAND: POST /session/612db7fa7930bbb36023b099dfe9ab59/execute/async - {"script":"<script> [1562 bytes]","args":[{"selector":{"id":"contractDetailTitleNoExpanded","viewName":"etm.portal.ui.managecontracts.view.Detail"},"wdio_ui5_key":"contractDetailTitleNoExpandedetmportal.ui.managecontracts.view.Detail"}]}
RESULT: {"script":"<script> [1562 bytes]","args":[{"selector":{"id":"contractDetailTitleNoExpanded","viewName":"etm.portal.ui.managecontracts.view.Detail"},"wdio_ui5_key":"contractDetailTitleNoExpandedetmportal.ui.managecontracts.view.Detail"}]}
RESULT: undefined
COMMAND: POST /session/612db7fa7930bbb36023b099dfe9ab59/execute/async - {"script":"<script> [6424 bytes]","args":[{"element-6066-11e4-a52e-4f735466cecf":"f.E3CD5E68D1E1B2FCF6DD50D193150CE1.d.F237C36FEA593ABF0523A95212345E79.e.16308"},"getText",[]]}
RESULT: {"script":"<script> [6424 bytes]","args":[{"element-6066-11e4-a52e-4f735466cecf":"f.E3CD5E68D1E1B2FCF6DD50D193150CE1.d.F237C36FEA593ABF0523A95212345E79.e.16308"},"getText",[]]}
]]></system-out>
    </testcase>
    <testcase classname="chrome.136_0_7103_93.windows.E2E_-_Logistical_and_commercial_statuses" name="Should add materialID to the contract" time="43.753">
      <system-out><![CDATA[
COMMAND: POST /session/612db7fa7930bbb36023b099dfe9ab59/element - {"using":"xpath","value":"//button[@data-kt=\"contractDetailEditBtnButton\"]"}
RESULT: {"using":"xpath","value":"//button[@data-kt=\"contractDetailEditBtnButton\"]"}
COMMAND: POST /session/612db7fa7930bbb36023b099dfe9ab59/element/f.E3CD5E68D1E1B2FCF6DD50D193150CE1.d.F237C36FEA593ABF0523A95212345E79.e.16309/click - {}
RESULT: {}
COMMAND: GET /session/612db7fa7930bbb36023b099dfe9ab59/screenshot - {}
RESULT: {}
COMMAND: POST /session/612db7fa7930bbb36023b099dfe9ab59/element - {"using":"xpath","value":"(//span[contains(text(), \"Additional Addresses\")])[2]"}
RESULT: {"using":"xpath","value":"(//span[contains(text(), \"Additional Addresses\")])[2]"}
COMMAND: POST /session/612db7fa7930bbb36023b099dfe9ab59/element/f.E3CD5E68D1E1B2FCF6DD50D193150CE1.d.F237C36FEA593ABF0523A95212345E79.e.16364/click - {}
RESULT: {}
COMMAND: GET /session/612db7fa7930bbb36023b099dfe9ab59/screenshot - {}
RESULT: {}
COMMAND: POST /session/612db7fa7930bbb36023b099dfe9ab59/element - {"using":"xpath","value":"//button[@data-kt=\"btnAddTableRowOverflowToolbarButton\"]"}
RESULT: {"using":"xpath","value":"//button[@data-kt=\"btnAddTableRowOverflowToolbarButton\"]"}
COMMAND: POST /session/612db7fa7930bbb36023b099dfe9ab59/element/f.E3CD5E68D1E1B2FCF6DD50D193150CE1.d.F237C36FEA593ABF0523A95212345E79.e.16368/click - {}
RESULT: {}
COMMAND: GET /session/612db7fa7930bbb36023b099dfe9ab59/screenshot - {}
RESULT: {}
COMMAND: POST /session/612db7fa7930bbb36023b099dfe9ab59/element - {"using":"xpath","value":"//div[(text() = 'Standard Entry' or . = 'Standard Entry')]"}
RESULT: {"using":"xpath","value":"//div[(text() = 'Standard Entry' or . = 'Standard Entry')]"}
COMMAND: POST /session/612db7fa7930bbb36023b099dfe9ab59/element/f.E3CD5E68D1E1B2FCF6DD50D193150CE1.d.F237C36FEA593ABF0523A95212345E79.e.16370/click - {}
RESULT: {}
COMMAND: POST /session/612db7fa7930bbb36023b099dfe9ab59/element - {"using":"xpath","value":"//td[6]/div/div/input[1]"}
COMMAND: GET /session/612db7fa7930bbb36023b099dfe9ab59/screenshot - {}
RESULT: {"using":"xpath","value":"//td[6]/div/div/input[1]"}
COMMAND: POST /session/612db7fa7930bbb36023b099dfe9ab59/element/f.E3CD5E68D1E1B2FCF6DD50D193150CE1.d.F237C36FEA593ABF0523A95212345E79.e.16372/click - {}
RESULT: {}
RESULT: {}
COMMAND: POST /session/612db7fa7930bbb36023b099dfe9ab59/actions - {"actions":[{"id":"action79","type":"key","parameters":{},"actions":[{"type":"keyDown","value":""},{"type":"pause","duration":10},{"type":"keyUp","value":""}]}]}
COMMAND: GET /session/612db7fa7930bbb36023b099dfe9ab59/screenshot - {}
RESULT: {"actions":[{"id":"action79","type":"key","parameters":{},"actions":[{"type":"keyDown","value":""},{"type":"pause","duration":10},{"type":"keyUp","value":""}]}]}
COMMAND: POST /session/612db7fa7930bbb36023b099dfe9ab59/element - {"using":"xpath","value":"//td[6]/div/div/input[1]"}
COMMAND: GET /session/612db7fa7930bbb36023b099dfe9ab59/screenshot - {}
RESULT: {}
RESULT: {}
RESULT: {"using":"xpath","value":"//td[6]/div/div/input[1]"}
COMMAND: POST /session/612db7fa7930bbb36023b099dfe9ab59/element/f.E3CD5E68D1E1B2FCF6DD50D193150CE1.d.F237C36FEA593ABF0523A95212345E79.e.16372/clear - {}
RESULT: {}
COMMAND: POST /session/612db7fa7930bbb36023b099dfe9ab59/element/f.E3CD5E68D1E1B2FCF6DD50D193150CE1.d.F237C36FEA593ABF0523A95212345E79.e.16372/value - {"text":"Material"}
COMMAND: GET /session/612db7fa7930bbb36023b099dfe9ab59/screenshot - {}
RESULT: {"text":"Material"}
COMMAND: GET /session/612db7fa7930bbb36023b099dfe9ab59/screenshot - {}
RESULT: {}
RESULT: {}
COMMAND: POST /session/612db7fa7930bbb36023b099dfe9ab59/actions - {"actions":[{"id":"action80","type":"key","parameters":{},"actions":[{"type":"keyDown","value":""},{"type":"pause","duration":10},{"type":"keyUp","value":""}]}]}
RESULT: {"actions":[{"id":"action80","type":"key","parameters":{},"actions":[{"type":"keyDown","value":""},{"type":"pause","duration":10},{"type":"keyUp","value":""}]}]}
COMMAND: GET /session/612db7fa7930bbb36023b099dfe9ab59/screenshot - {}
RESULT: {}
COMMAND: POST /session/612db7fa7930bbb36023b099dfe9ab59/actions - {"actions":[{"id":"action81","type":"key","parameters":{},"actions":[{"type":"keyDown","value":""},{"type":"pause","duration":10},{"type":"keyUp","value":""}]}]}
RESULT: {"actions":[{"id":"action81","type":"key","parameters":{},"actions":[{"type":"keyDown","value":""},{"type":"pause","duration":10},{"type":"keyUp","value":""}]}]}
COMMAND: POST /session/612db7fa7930bbb36023b099dfe9ab59/element - {"using":"xpath","value":"//td[7]/div/div/input"}
COMMAND: GET /session/612db7fa7930bbb36023b099dfe9ab59/screenshot - {}
RESULT: {"using":"xpath","value":"//td[7]/div/div/input"}
COMMAND: POST /session/612db7fa7930bbb36023b099dfe9ab59/element/f.E3CD5E68D1E1B2FCF6DD50D193150CE1.d.F237C36FEA593ABF0523A95212345E79.e.16385/clear - {}
RESULT: {}
RESULT: {}
COMMAND: POST /session/612db7fa7930bbb36023b099dfe9ab59/element/f.E3CD5E68D1E1B2FCF6DD50D193150CE1.d.F237C36FEA593ABF0523A95212345E79.e.16385/value - {"text":"WebdriverRUR2Cr9zbag"}
COMMAND: GET /session/612db7fa7930bbb36023b099dfe9ab59/screenshot - {}
RESULT: {"text":"WebdriverRUR2Cr9zbag"}
COMMAND: GET /session/612db7fa7930bbb36023b099dfe9ab59/screenshot - {}
RESULT: {}
RESULT: {}
COMMAND: POST /session/612db7fa7930bbb36023b099dfe9ab59/actions - {"actions":[{"id":"action82","type":"key","parameters":{},"actions":[{"type":"keyDown","value":""},{"type":"pause","duration":10},{"type":"keyUp","value":""}]}]}
RESULT: {"actions":[{"id":"action82","type":"key","parameters":{},"actions":[{"type":"keyDown","value":""},{"type":"pause","duration":10},{"type":"keyUp","value":""}]}]}
COMMAND: GET /session/612db7fa7930bbb36023b099dfe9ab59/screenshot - {}
RESULT: {}
COMMAND: POST /session/612db7fa7930bbb36023b099dfe9ab59/actions - {"actions":[{"id":"action83","type":"key","parameters":{},"actions":[{"type":"keyDown","value":""},{"type":"pause","duration":10},{"type":"keyUp","value":""}]}]}
RESULT: {"actions":[{"id":"action83","type":"key","parameters":{},"actions":[{"type":"keyDown","value":""},{"type":"pause","duration":10},{"type":"keyUp","value":""}]}]}
COMMAND: GET /session/612db7fa7930bbb36023b099dfe9ab59/screenshot - {}
RESULT: {}
COMMAND: POST /session/612db7fa7930bbb36023b099dfe9ab59/element - {"using":"xpath","value":"(//button[@data-kt=\"saveButton\"])[2]"}
RESULT: {"using":"xpath","value":"(//button[@data-kt=\"saveButton\"])[2]"}
COMMAND: POST /session/612db7fa7930bbb36023b099dfe9ab59/element/f.E3CD5E68D1E1B2FCF6DD50D193150CE1.d.F237C36FEA593ABF0523A95212345E79.e.16408/click - {}
RESULT: {}
COMMAND: GET /session/612db7fa7930bbb36023b099dfe9ab59/screenshot - {}
RESULT: {}
]]></system-out>
    </testcase>
    <testcase classname="chrome.136_0_7103_93.windows.E2E_-_Logistical_and_commercial_statuses" name="It should follow the handover steps to the status fully provided" time="351.085">
      <system-out><![CDATA[
COMMAND: POST /session/612db7fa7930bbb36023b099dfe9ab59/execute/async - {"script":"<script> [1562 bytes]","args":[{"selector":{"id":"contractDetailProvideButton","viewName":"etm.portal.ui.managecontracts.view.Detail","interaction":{"idSuffix":"BDI-content"}},"wdio_ui5_key":"contractDetailProvideButtonetmportal.ui.managecontracts.view.Detail"}]}
RESULT: {"script":"<script> [1562 bytes]","args":[{"selector":{"id":"contractDetailProvideButton","viewName":"etm.portal.ui.managecontracts.view.Detail","interaction":{"idSuffix":"BDI-content"}},"wdio_ui5_key":"contractDetailProvideButtonetmportal.ui.managecontracts.view.Detail"}]}
RESULT: undefined
COMMAND: POST /session/612db7fa7930bbb36023b099dfe9ab59/element - {"using":"xpath","value":"//*[@id=\"__xmlview61--contractDetailProvideButton\"]"}
RESULT: {"using":"xpath","value":"//*[@id=\"__xmlview61--contractDetailProvideButton\"]"}
COMMAND: POST /session/612db7fa7930bbb36023b099dfe9ab59/element/f.E3CD5E68D1E1B2FCF6DD50D193150CE1.d.F237C36FEA593ABF0523A95212345E79.e.16412/click - {}
RESULT: {}
COMMAND: GET /session/612db7fa7930bbb36023b099dfe9ab59/screenshot - {}
RESULT: {}
COMMAND: POST /session/612db7fa7930bbb36023b099dfe9ab59/execute/async - {"script":"<script> [1562 bytes]","args":[{"selector":{"id":"application-managehandovers-display-component---AddNewHO--oneStep","interaction":{"idSuffix":"CbBg"}},"wdio_ui5_key":"applicationmanagehandovers-display-component---AddNewHO--oneStep"}]}
RESULT: {"script":"<script> [1562 bytes]","args":[{"selector":{"id":"application-managehandovers-display-component---AddNewHO--oneStep","interaction":{"idSuffix":"CbBg"}},"wdio_ui5_key":"applicationmanagehandovers-display-component---AddNewHO--oneStep"}]}
RESULT: undefined
COMMAND: POST /session/612db7fa7930bbb36023b099dfe9ab59/element - {"using":"xpath","value":"//*[@id=\"application-managehandovers-display-component---AddNewHO--oneStep\"]"}
RESULT: {"using":"xpath","value":"//*[@id=\"application-managehandovers-display-component---AddNewHO--oneStep\"]"}
COMMAND: POST /session/612db7fa7930bbb36023b099dfe9ab59/element/f.E3CD5E68D1E1B2FCF6DD50D193150CE1.d.F237C36FEA593ABF0523A95212345E79.e.16593/click - {}
RESULT: {}
RESULT: undefined
COMMAND: POST /session/612db7fa7930bbb36023b099dfe9ab59/execute/async - {"script":"<script> [776 bytes]","args":[{"enterText":"05/25/25","selector":{"id":"application-managehandovers-display-component---AddNewHO--dueDate","interaction":{"idSuffix":"inner"}},"clearTextFirst":true,"interactionType":"ENTER_TEXT"}]}
COMMAND: GET /session/612db7fa7930bbb36023b099dfe9ab59/screenshot - {}
RESULT: {"script":"<script> [776 bytes]","args":[{"enterText":"05/25/25","selector":{"id":"application-managehandovers-display-component---AddNewHO--dueDate","interaction":{"idSuffix":"inner"}},"clearTextFirst":true,"interactionType":"ENTER_TEXT"}]}
RESULT: undefined
COMMAND: POST /session/612db7fa7930bbb36023b099dfe9ab59/element - {"using":"xpath","value":"//*[@id=\"application-managehandovers-display-component---AddNewHO--ObjectPageLayout-anchBar-application-managehandovers-display-component---AddNewHO--section4-anchor\"]"}
RESULT: {}
RESULT: {"using":"xpath","value":"//*[@id=\"application-managehandovers-display-component---AddNewHO--ObjectPageLayout-anchBar-application-managehandovers-display-component---AddNewHO--section4-anchor\"]"}
COMMAND: POST /session/612db7fa7930bbb36023b099dfe9ab59/element/f.E3CD5E68D1E1B2FCF6DD50D193150CE1.d.F237C36FEA593ABF0523A95212345E79.e.16594/click - {}
RESULT: {}
COMMAND: POST /session/612db7fa7930bbb36023b099dfe9ab59/execute/async - {"script":"<script> [1562 bytes]","args":[{"selector":{"controlType":"sap.ui.core.Icon","viewName":"etm.portal.ui.managehandovers.view.AddNewHO","viewId":"application-managehandovers-display-component---AddNewHO","properties":{"src":{"regex":{"source":"add"}}}},"wdio_ui5_key":"etmportal.ui.managehandovers.view.AddNewHOsap.ui.core.Icon{\"src\":{\"regex\":{\"source\":\"add\"}}}"}]}
COMMAND: GET /session/612db7fa7930bbb36023b099dfe9ab59/screenshot - {}
RESULT: {"script":"<script> [1562 bytes]","args":[{"selector":{"controlType":"sap.ui.core.Icon","viewName":"etm.portal.ui.managehandovers.view.AddNewHO","viewId":"application-managehandovers-display-component---AddNewHO","properties":{"src":{"regex":{"source":"add"}}}},"wdio_ui5_key":"etmportal.ui.managehandovers.view.AddNewHOsap.ui.core.Icon{\"src\":{\"regex\":{\"source\":\"add\"}}}"}]}
RESULT: undefined
COMMAND: POST /session/612db7fa7930bbb36023b099dfe9ab59/element - {"using":"xpath","value":"//*[@id=\"__button178-img\"]"}
RESULT: {}
RESULT: {"using":"xpath","value":"//*[@id=\"__button178-img\"]"}
COMMAND: POST /session/612db7fa7930bbb36023b099dfe9ab59/element/f.E3CD5E68D1E1B2FCF6DD50D193150CE1.d.F237C36FEA593ABF0523A95212345E79.e.16598/click - {}
RESULT: {}
COMMAND: GET /session/612db7fa7930bbb36023b099dfe9ab59/screenshot - {}
RESULT: {}
RESULT: undefined
COMMAND: POST /session/612db7fa7930bbb36023b099dfe9ab59/element - {"using":"xpath","value":"//*[@id=\"application-managehandovers-display-component---AddNewHO--popup-sa\"]"}
RESULT: {"using":"xpath","value":"//*[@id=\"application-managehandovers-display-component---AddNewHO--popup-sa\"]"}
COMMAND: POST /session/612db7fa7930bbb36023b099dfe9ab59/element/f.E3CD5E68D1E1B2FCF6DD50D193150CE1.d.F237C36FEA593ABF0523A95212345E79.e.16609/click - {}
RESULT: {}
COMMAND: POST /session/612db7fa7930bbb36023b099dfe9ab59/execute/async - {"script":"<script> [1562 bytes]","args":[{"selector":{"controlType":"sap.m.Button","viewName":"etm.portal.ui.managehandovers.view.AddNewHO","viewId":"application-managehandovers-display-component---AddNewHO","i18NText":{"propertyName":"text","key":"select"},"searchOpenDialogs":true,"interaction":{"idSuffix":"inner"}},"wdio_ui5_key":"etmportal.ui.managehandovers.view.AddNewHOsap.m.Button{\"propertyName\":\"text\",\"key\":\"select\"}"}]}
COMMAND: GET /session/612db7fa7930bbb36023b099dfe9ab59/screenshot - {}
RESULT: {"script":"<script> [1562 bytes]","args":[{"selector":{"controlType":"sap.m.Button","viewName":"etm.portal.ui.managehandovers.view.AddNewHO","viewId":"application-managehandovers-display-component---AddNewHO","i18NText":{"propertyName":"text","key":"select"},"searchOpenDialogs":true,"interaction":{"idSuffix":"inner"}},"wdio_ui5_key":"etmportal.ui.managehandovers.view.AddNewHOsap.m.Button{\"propertyName\":\"text\",\"key\":\"select\"}"}]}
RESULT: undefined
COMMAND: POST /session/612db7fa7930bbb36023b099dfe9ab59/element - {"using":"xpath","value":"//*[@id=\"__button182\"]"}
RESULT: {}
RESULT: {"using":"xpath","value":"//*[@id=\"__button182\"]"}
COMMAND: POST /session/612db7fa7930bbb36023b099dfe9ab59/element/f.E3CD5E68D1E1B2FCF6DD50D193150CE1.d.F237C36FEA593ABF0523A95212345E79.e.16612/click - {}
RESULT: {}
COMMAND: POST /session/612db7fa7930bbb36023b099dfe9ab59/execute/async - {"script":"<script> [1562 bytes]","args":[{"selector":{"id":"application-managehandovers-display-component---AddNewHO--confirmCreationButton","interaction":{"idSuffix":"BDI-content"}},"wdio_ui5_key":"applicationmanagehandovers-display-component---AddNewHO--confirmCreationButton"}]}
COMMAND: GET /session/612db7fa7930bbb36023b099dfe9ab59/screenshot - {}
RESULT: {"script":"<script> [1562 bytes]","args":[{"selector":{"id":"application-managehandovers-display-component---AddNewHO--confirmCreationButton","interaction":{"idSuffix":"BDI-content"}},"wdio_ui5_key":"applicationmanagehandovers-display-component---AddNewHO--confirmCreationButton"}]}
RESULT: undefined
COMMAND: POST /session/612db7fa7930bbb36023b099dfe9ab59/element - {"using":"xpath","value":"//*[@id=\"application-managehandovers-display-component---AddNewHO--confirmCreationButton\"]"}
RESULT: {}
RESULT: {"using":"xpath","value":"//*[@id=\"application-managehandovers-display-component---AddNewHO--confirmCreationButton\"]"}
COMMAND: POST /session/612db7fa7930bbb36023b099dfe9ab59/element/f.E3CD5E68D1E1B2FCF6DD50D193150CE1.d.F237C36FEA593ABF0523A95212345E79.e.16550/click - {}
RESULT: {}
COMMAND: GET /session/612db7fa7930bbb36023b099dfe9ab59/screenshot - {}
RESULT: {}
COMMAND: POST /session/612db7fa7930bbb36023b099dfe9ab59/element - {"using":"xpath","value":"//a[contains(@data-kt ,\"GeneralSectionReceiveContracttLink\")]"}
RESULT: {"using":"xpath","value":"//a[contains(@data-kt ,\"GeneralSectionReceiveContracttLink\")]"}
COMMAND: POST /session/612db7fa7930bbb36023b099dfe9ab59/element/f.E3CD5E68D1E1B2FCF6DD50D193150CE1.d.F237C36FEA593ABF0523A95212345E79.e.16660/click - {}
RESULT: {}
COMMAND: GET /session/612db7fa7930bbb36023b099dfe9ab59/screenshot - {}
RESULT: {}
COMMAND: POST /session/612db7fa7930bbb36023b099dfe9ab59/element - {"using":"xpath","value":"//a[contains(@data-kt ,\"ContextMenuId2Link\")]"}
RESULT: {"using":"xpath","value":"//a[contains(@data-kt ,\"ContextMenuId2Link\")]"}
COMMAND: POST /session/612db7fa7930bbb36023b099dfe9ab59/element/f.E3CD5E68D1E1B2FCF6DD50D193150CE1.d.F237C36FEA593ABF0523A95212345E79.e.16664/click - {}
RESULT: {}
COMMAND: GET /session/612db7fa7930bbb36023b099dfe9ab59/screenshot - {}
RESULT: {}
COMMAND: POST /session/612db7fa7930bbb36023b099dfe9ab59/execute/async - {"script":"<script> [1562 bytes]","args":[{"selector":{"controlType":"sap.m.ObjectStatus","viewName":"etm.portal.ui.managecontracts.view.Detail","bindingPath":{"propertyPath":"LINK_TO_LOGISTICAL_STATUS/DESCRIPTION","modelName":"catalogModel"}},"wdio_ui5_key":"etmportal.ui.managecontracts.view.Detailsap.m.ObjectStatus{\"propertyPath\":\"LINK_TO_LOGISTICAL_STATUS/DESCRIPTION\",\"modelName\":\"catalogModel\"}"}]}
RESULT: {"script":"<script> [1562 bytes]","args":[{"selector":{"controlType":"sap.m.ObjectStatus","viewName":"etm.portal.ui.managecontracts.view.Detail","bindingPath":{"propertyPath":"LINK_TO_LOGISTICAL_STATUS/DESCRIPTION","modelName":"catalogModel"}},"wdio_ui5_key":"etmportal.ui.managecontracts.view.Detailsap.m.ObjectStatus{\"propertyPath\":\"LINK_TO_LOGISTICAL_STATUS/DESCRIPTION\",\"modelName\":\"catalogModel\"}"}]}
RESULT: undefined
COMMAND: POST /session/612db7fa7930bbb36023b099dfe9ab59/execute/async - {"script":"<script> [6424 bytes]","args":[{"element-6066-11e4-a52e-4f735466cecf":"f.E3CD5E68D1E1B2FCF6DD50D193150CE1.d.F237C36FEA593ABF0523A95212345E79.e.16892"},"getText",[]]}
RESULT: {"script":"<script> [6424 bytes]","args":[{"element-6066-11e4-a52e-4f735466cecf":"f.E3CD5E68D1E1B2FCF6DD50D193150CE1.d.F237C36FEA593ABF0523A95212345E79.e.16892"},"getText",[]]}
COMMAND: POST /session/612db7fa7930bbb36023b099dfe9ab59/execute/async - {"script":"<script> [1562 bytes]","args":[{"selector":{"controlType":"sap.m.ObjectStatus","viewName":"etm.portal.ui.managecontracts.view.Detail","bindingPath":{"propertyPath":"LINK_TO_COMMERCIAL_STATUS/DESCRIPTION","modelName":"catalogModel"}},"wdio_ui5_key":"etmportal.ui.managecontracts.view.Detailsap.m.ObjectStatus{\"propertyPath\":\"LINK_TO_COMMERCIAL_STATUS/DESCRIPTION\",\"modelName\":\"catalogModel\"}"}]}
RESULT: {"script":"<script> [1562 bytes]","args":[{"selector":{"controlType":"sap.m.ObjectStatus","viewName":"etm.portal.ui.managecontracts.view.Detail","bindingPath":{"propertyPath":"LINK_TO_COMMERCIAL_STATUS/DESCRIPTION","modelName":"catalogModel"}},"wdio_ui5_key":"etmportal.ui.managecontracts.view.Detailsap.m.ObjectStatus{\"propertyPath\":\"LINK_TO_COMMERCIAL_STATUS/DESCRIPTION\",\"modelName\":\"catalogModel\"}"}]}
RESULT: undefined
COMMAND: POST /session/612db7fa7930bbb36023b099dfe9ab59/execute/async - {"script":"<script> [6424 bytes]","args":[{"element-6066-11e4-a52e-4f735466cecf":"f.E3CD5E68D1E1B2FCF6DD50D193150CE1.d.F237C36FEA593ABF0523A95212345E79.e.16893"},"getText",[]]}
RESULT: {"script":"<script> [6424 bytes]","args":[{"element-6066-11e4-a52e-4f735466cecf":"f.E3CD5E68D1E1B2FCF6DD50D193150CE1.d.F237C36FEA593ABF0523A95212345E79.e.16893"},"getText",[]]}
COMMAND: POST /session/612db7fa7930bbb36023b099dfe9ab59/execute/async - {"script":"<script> [1562 bytes]","args":[{"selector":{"id":"backBtn"},"wdio_ui5_key":"backBtn"}]}
RESULT: {"script":"<script> [1562 bytes]","args":[{"selector":{"id":"backBtn"},"wdio_ui5_key":"backBtn"}]}
RESULT: undefined
COMMAND: POST /session/612db7fa7930bbb36023b099dfe9ab59/element - {"using":"xpath","value":"//*[@id=\"backBtn\"]"}
RESULT: {"using":"xpath","value":"//*[@id=\"backBtn\"]"}
COMMAND: POST /session/612db7fa7930bbb36023b099dfe9ab59/element/f.E3CD5E68D1E1B2FCF6DD50D193150CE1.d.F237C36FEA593ABF0523A95212345E79.e.16894/click - {}
RESULT: {}
COMMAND: GET /session/612db7fa7930bbb36023b099dfe9ab59/screenshot - {}
COMMAND: POST /session/612db7fa7930bbb36023b099dfe9ab59/execute/async - {"script":"<script> [1562 bytes]","args":[{"selector":{"controlType":"sap.m.Text","viewName":"etm.portal.ui.managehandovers.view.DetailExecuteHO","bindingPath":{"propertyPath":"NO","modelName":"catalogModel"}},"wdio_ui5_key":"etmportal.ui.managehandovers.view.DetailExecuteHOsap.m.Text{\"propertyPath\":\"NO\",\"modelName\":\"catalogModel\"}"}]}
RESULT: {}
RESULT: {"script":"<script> [1562 bytes]","args":[{"selector":{"controlType":"sap.m.Text","viewName":"etm.portal.ui.managehandovers.view.DetailExecuteHO","bindingPath":{"propertyPath":"NO","modelName":"catalogModel"}},"wdio_ui5_key":"etmportal.ui.managehandovers.view.DetailExecuteHOsap.m.Text{\"propertyPath\":\"NO\",\"modelName\":\"catalogModel\"}"}]}
RESULT: undefined
COMMAND: POST /session/612db7fa7930bbb36023b099dfe9ab59/execute/async - {"script":"<script> [6424 bytes]","args":[{"element-6066-11e4-a52e-4f735466cecf":"f.E3CD5E68D1E1B2FCF6DD50D193150CE1.d.F237C36FEA593ABF0523A95212345E79.e.17031"},"getText",[]]}
RESULT: {"script":"<script> [6424 bytes]","args":[{"element-6066-11e4-a52e-4f735466cecf":"f.E3CD5E68D1E1B2FCF6DD50D193150CE1.d.F237C36FEA593ABF0523A95212345E79.e.17031"},"getText",[]]}
COMMAND: POST /session/612db7fa7930bbb36023b099dfe9ab59/element - {"using":"xpath","value":"//input[contains(@id ,\"issueDatePicker-inner\")]"}
RESULT: {"using":"xpath","value":"//input[contains(@id ,\"issueDatePicker-inner\")]"}
COMMAND: GET /session/612db7fa7930bbb36023b099dfe9ab59/element/f.E3CD5E68D1E1B2FCF6DD50D193150CE1.d.F237C36FEA593ABF0523A95212345E79.e.17012/property/value - {}
RESULT: {}
COMMAND: POST /session/612db7fa7930bbb36023b099dfe9ab59/element/f.E3CD5E68D1E1B2FCF6DD50D193150CE1.d.F237C36FEA593ABF0523A95212345E79.e.17012/clear - {}
COMMAND: GET /session/612db7fa7930bbb36023b099dfe9ab59/screenshot - {}
RESULT: {}
COMMAND: POST /session/612db7fa7930bbb36023b099dfe9ab59/element/f.E3CD5E68D1E1B2FCF6DD50D193150CE1.d.F237C36FEA593ABF0523A95212345E79.e.17012/value - {"text":"05/25/25"}
COMMAND: GET /session/612db7fa7930bbb36023b099dfe9ab59/screenshot - {}
RESULT: {}
RESULT: {"text":"05/25/25"}
COMMAND: GET /session/612db7fa7930bbb36023b099dfe9ab59/screenshot - {}
RESULT: {}
RESULT: {}
COMMAND: POST /session/612db7fa7930bbb36023b099dfe9ab59/execute/async - {"script":"<script> [1562 bytes]","args":[{"selector":{"controlType":"sap.m.Button","viewName":"etm.portal.ui.managehandovers.view.DetailExecuteHO","i18NText":{"propertyName":"text","key":"confirmAll"},"interaction":{"idSuffix":"inner"}},"wdio_ui5_key":"etmportal.ui.managehandovers.view.DetailExecuteHOsap.m.Button{\"propertyName\":\"text\",\"key\":\"confirmAll\"}"}]}
RESULT: {"script":"<script> [1562 bytes]","args":[{"selector":{"controlType":"sap.m.Button","viewName":"etm.portal.ui.managehandovers.view.DetailExecuteHO","i18NText":{"propertyName":"text","key":"confirmAll"},"interaction":{"idSuffix":"inner"}},"wdio_ui5_key":"etmportal.ui.managehandovers.view.DetailExecuteHOsap.m.Button{\"propertyName\":\"text\",\"key\":\"confirmAll\"}"}]}
RESULT: undefined
COMMAND: POST /session/612db7fa7930bbb36023b099dfe9ab59/element - {"using":"xpath","value":"//*[@id=\"__button266\"]"}
RESULT: {"using":"xpath","value":"//*[@id=\"__button266\"]"}
COMMAND: POST /session/612db7fa7930bbb36023b099dfe9ab59/element/f.E3CD5E68D1E1B2FCF6DD50D193150CE1.d.F237C36FEA593ABF0523A95212345E79.e.17036/click - {}
RESULT: {}
COMMAND: GET /session/612db7fa7930bbb36023b099dfe9ab59/screenshot - {}
RESULT: {}
COMMAND: POST /session/612db7fa7930bbb36023b099dfe9ab59/actions - {"actions":[{"id":"action84","type":"key","parameters":{},"actions":[{"type":"keyDown","value":""},{"type":"pause","duration":10},{"type":"keyUp","value":""}]}]}
RESULT: {"actions":[{"id":"action84","type":"key","parameters":{},"actions":[{"type":"keyDown","value":""},{"type":"pause","duration":10},{"type":"keyUp","value":""}]}]}
COMMAND: GET /session/612db7fa7930bbb36023b099dfe9ab59/screenshot - {}
RESULT: {}
RESULT: undefined
COMMAND: POST /session/612db7fa7930bbb36023b099dfe9ab59/element - {"using":"xpath","value":"//*[@id=\"__button266\"]"}
RESULT: {"using":"xpath","value":"//*[@id=\"__button266\"]"}
COMMAND: POST /session/612db7fa7930bbb36023b099dfe9ab59/element/f.E3CD5E68D1E1B2FCF6DD50D193150CE1.d.F237C36FEA593ABF0523A95212345E79.e.17036/click - {}
RESULT: {}
COMMAND: GET /session/612db7fa7930bbb36023b099dfe9ab59/screenshot - {}
RESULT: {}
COMMAND: POST /session/612db7fa7930bbb36023b099dfe9ab59/execute/async - {"script":"<script> [1562 bytes]","args":[{"selector":{"controlType":"sap.m.Button","properties":{"text":"OK"},"searchOpenDialogs":true,"interaction":{"idSuffix":"content"}},"wdio_ui5_key":"sapm.Button{\"text\":\"OK\"}"}]}
RESULT: {"script":"<script> [1562 bytes]","args":[{"selector":{"controlType":"sap.m.Button","properties":{"text":"OK"},"searchOpenDialogs":true,"interaction":{"idSuffix":"content"}},"wdio_ui5_key":"sapm.Button{\"text\":\"OK\"}"}]}
RESULT: undefined
COMMAND: POST /session/612db7fa7930bbb36023b099dfe9ab59/element - {"using":"xpath","value":"//*[@id=\"__mbox-btn-4\"]"}
RESULT: {"using":"xpath","value":"//*[@id=\"__mbox-btn-4\"]"}
COMMAND: POST /session/612db7fa7930bbb36023b099dfe9ab59/element/f.E3CD5E68D1E1B2FCF6DD50D193150CE1.d.F237C36FEA593ABF0523A95212345E79.e.17044/click - {}
RESULT: {}
COMMAND: GET /session/612db7fa7930bbb36023b099dfe9ab59/screenshot - {}
RESULT: {}
COMMAND: POST /session/612db7fa7930bbb36023b099dfe9ab59/element - {"using":"xpath","value":"//button[contains(@data-kt ,\"execHoPickFooterButton\")]"}
RESULT: {"using":"xpath","value":"//button[contains(@data-kt ,\"execHoPickFooterButton\")]"}
COMMAND: POST /session/612db7fa7930bbb36023b099dfe9ab59/element/f.E3CD5E68D1E1B2FCF6DD50D193150CE1.d.F237C36FEA593ABF0523A95212345E79.e.17048/click - {}
RESULT: {}
COMMAND: GET /session/612db7fa7930bbb36023b099dfe9ab59/screenshot - {}
RESULT: {}
COMMAND: POST /session/612db7fa7930bbb36023b099dfe9ab59/refresh - {}
RESULT: {}
COMMAND: GET /session/612db7fa7930bbb36023b099dfe9ab59/screenshot - {}
RESULT: {}
COMMAND: POST /session/612db7fa7930bbb36023b099dfe9ab59/refresh - {}
RESULT: {}
COMMAND: GET /session/612db7fa7930bbb36023b099dfe9ab59/screenshot - {}
RESULT: {}
COMMAND: POST /session/612db7fa7930bbb36023b099dfe9ab59/window/fullscreen - {}
RESULT: {}
COMMAND: POST /session/612db7fa7930bbb36023b099dfe9ab59/execute/async - {"script":"<script> [189 bytes]","args":[]}
RESULT: {"script":"<script> [189 bytes]","args":[]}
COMMAND: POST /session/612db7fa7930bbb36023b099dfe9ab59/execute/async - {"script":"<script> [123 bytes]","args":[]}
RESULT: {"script":"<script> [123 bytes]","args":[]}
COMMAND: POST /session/612db7fa7930bbb36023b099dfe9ab59/timeouts - {"script":"<number>"}
RESULT: {"script":"<number>"}
COMMAND: GET /session/612db7fa7930bbb36023b099dfe9ab59/timeouts - {}
RESULT: {}
RESULT: undefined
COMMAND: POST /session/612db7fa7930bbb36023b099dfe9ab59/execute/async - {"script":"<script> [2676 bytes]","args":[]}
RESULT: {"script":"<script> [2676 bytes]","args":[]}
COMMAND: POST /session/612db7fa7930bbb36023b099dfe9ab59/execute/async - {"script":"<script> [2342 bytes]","args":[{"protocol":"http","hostname":"0.0.0.0","path":"/","capabilities":{"browserName":"chrome","goog:chromeOptions":{"binary":"C:\\Program Files\\Google\\Chrome\\Application\\chrome.exe","args":["--start-maximized"]}},"logLevel":"warn","connectionRetryTimeout":120000,"connectionRetryCount":3,"logLevels":{},"enableDirectConnect":true,"strictSSL":true,"_":"65 more keys: [\"cacheDir\",\"port\",\"requestedCapabilities\",\"automationProtocol\",\"baseUrl\",\"waitforInterval\",\"waitforTimeout\",\"onReload\",\"beforeCommand\",\"afterCommand\",\"rootDir\",\"specs\",\"suites\",\"exclude\",\"groupLogsByTestSpec\",\"excludeDriverLogs\",\"bail\",\"framework\",\"reporters\",\"services\",\"maxInstances\",\"maxInstancesPerCapability\",\"injectGlobals\",\"filesToWatch\",\"execArgv\",\"runnerEnv\",\"runner\",\"shard\",\"specFileRetries\",\"specFileRetriesDelay\",\"specFileRetriesDeferred\",\"reporterSyncInterval\",\"reporterSyncTimeout\",\"cucumberFeaturesWithLineNumbers\",\"autoCompileOpts\",\"mochaOpts\",\"jasmineOpts\",\"cucumberOpts\",\"onPrepare\",\"onWorkerStart\",\"onWorkerEnd\",\"before\",\"beforeSession\",\"beforeSuite\",\"beforeHook\",\"beforeTest\",\"afterTest\",\"afterHook\",\"afterSuite\",\"afterSession\",\"after\",\"onComplete\",\"beforeAssertion\",\"afterAssertion\",\"beforeFeature\",\"beforeScenario\",\"beforeStep\",\"afterStep\",\"afterScenario\",\"afterFeature\",\"_\",\"suite\",\"$0\",\"ignoredWorkerServices\",\"wdi5\"]"}]}
RESULT: {"script":"<script> [2342 bytes]","args":[{"protocol":"http","hostname":"0.0.0.0","path":"/","capabilities":{"browserName":"chrome","goog:chromeOptions":{"binary":"C:\\Program Files\\Google\\Chrome\\Application\\chrome.exe","args":["--start-maximized"]}},"logLevel":"warn","connectionRetryTimeout":120000,"connectionRetryCount":3,"logLevels":{},"enableDirectConnect":true,"strictSSL":true,"_":"65 more keys: [\"cacheDir\",\"port\",\"requestedCapabilities\",\"automationProtocol\",\"baseUrl\",\"waitforInterval\",\"waitforTimeout\",\"onReload\",\"beforeCommand\",\"afterCommand\",\"rootDir\",\"specs\",\"suites\",\"exclude\",\"groupLogsByTestSpec\",\"excludeDriverLogs\",\"bail\",\"framework\",\"reporters\",\"services\",\"maxInstances\",\"maxInstancesPerCapability\",\"injectGlobals\",\"filesToWatch\",\"execArgv\",\"runnerEnv\",\"runner\",\"shard\",\"specFileRetries\",\"specFileRetriesDelay\",\"specFileRetriesDeferred\",\"reporterSyncInterval\",\"reporterSyncTimeout\",\"cucumberFeaturesWithLineNumbers\",\"autoCompileOpts\",\"mochaOpts\",\"jasmineOpts\",\"cucumberOpts\",\"onPrepare\",\"onWorkerStart\",\"onWorkerEnd\",\"before\",\"beforeSession\",\"beforeSuite\",\"beforeHook\",\"beforeTest\",\"afterTest\",\"afterHook\",\"afterSuite\",\"afterSession\",\"after\",\"onComplete\",\"beforeAssertion\",\"afterAssertion\",\"beforeFeature\",\"beforeScenario\",\"beforeStep\",\"afterStep\",\"afterScenario\",\"afterFeature\",\"_\",\"suite\",\"$0\",\"ignoredWorkerServices\",\"wdi5\"]"}]}
COMMAND: POST /session/612db7fa7930bbb36023b099dfe9ab59/execute/async - {"script":"<script> [21126 bytes]","args":[35000]}
RESULT: {"script":"<script> [21126 bytes]","args":[35000]}
COMMAND: POST /session/612db7fa7930bbb36023b099dfe9ab59/execute/async - {"script":"<script> [1562 bytes]","args":[{"selector":{"controlType":"sap.m.SearchField","viewName":"etm.portal.ui.managehandovers.view.MasterHO","bindingPath":{"path":"","propertyPath":"/_BASIC_SEARCH_FIELD","modelName":"fi1t3rM0d31"},"interaction":{"idSuffix":"I"}},"wdio_ui5_key":"etmportal.ui.managehandovers.view.MasterHOsap.m.SearchField{\"path\":\"\",\"propertyPath\":\"/_BASIC_SEARCH_FIELD\",\"modelName\":\"fi1t3rM0d31\"}"}]}
RESULT: {"script":"<script> [1562 bytes]","args":[{"selector":{"controlType":"sap.m.SearchField","viewName":"etm.portal.ui.managehandovers.view.MasterHO","bindingPath":{"path":"","propertyPath":"/_BASIC_SEARCH_FIELD","modelName":"fi1t3rM0d31"},"interaction":{"idSuffix":"I"}},"wdio_ui5_key":"etmportal.ui.managehandovers.view.MasterHOsap.m.SearchField{\"path\":\"\",\"propertyPath\":\"/_BASIC_SEARCH_FIELD\",\"modelName\":\"fi1t3rM0d31\"}"}]}
RESULT: undefined
COMMAND: POST /session/612db7fa7930bbb36023b099dfe9ab59/execute/async - {"script":"<script> [776 bytes]","args":[{"enterText":"30456","selector":{"controlType":"sap.m.SearchField","viewName":"etm.portal.ui.managehandovers.view.MasterHO","bindingPath":{"path":"","propertyPath":"/_BASIC_SEARCH_FIELD","modelName":"fi1t3rM0d31"},"interaction":{"idSuffix":"I"}},"clearTextFirst":true,"interactionType":"ENTER_TEXT"}]}
RESULT: {"script":"<script> [776 bytes]","args":[{"enterText":"30456","selector":{"controlType":"sap.m.SearchField","viewName":"etm.portal.ui.managehandovers.view.MasterHO","bindingPath":{"path":"","propertyPath":"/_BASIC_SEARCH_FIELD","modelName":"fi1t3rM0d31"},"interaction":{"idSuffix":"I"}},"clearTextFirst":true,"interactionType":"ENTER_TEXT"}]}
COMMAND: POST /session/612db7fa7930bbb36023b099dfe9ab59/actions - {"actions":[{"id":"action85","type":"key","parameters":{},"actions":[{"type":"keyDown","value":""},{"type":"pause","duration":10},{"type":"keyUp","value":""}]}]}
RESULT: {"actions":[{"id":"action85","type":"key","parameters":{},"actions":[{"type":"keyDown","value":""},{"type":"pause","duration":10},{"type":"keyUp","value":""}]}]}
COMMAND: GET /session/612db7fa7930bbb36023b099dfe9ab59/screenshot - {}
RESULT: {}
COMMAND: POST /session/612db7fa7930bbb36023b099dfe9ab59/execute/async - {"script":"<script> [1562 bytes]","args":[{"selector":{"controlType":"sap.m.Title","viewName":"etm.portal.ui.managehandovers.view.MasterHO","properties":{"text":"Records (1)"}},"wdio_ui5_key":"etmportal.ui.managehandovers.view.MasterHOsap.m.Title{\"text\":\"Records (1)\"}"}]}
RESULT: {"script":"<script> [1562 bytes]","args":[{"selector":{"controlType":"sap.m.Title","viewName":"etm.portal.ui.managehandovers.view.MasterHO","properties":{"text":"Records (1)"}},"wdio_ui5_key":"etmportal.ui.managehandovers.view.MasterHOsap.m.Title{\"text\":\"Records (1)\"}"}]}
RESULT: undefined
COMMAND: POST /session/612db7fa7930bbb36023b099dfe9ab59/execute/async - {"script":"<script> [6424 bytes]","args":[{"element-6066-11e4-a52e-4f735466cecf":"f.E3CD5E68D1E1B2FCF6DD50D193150CE1.d.E7B641503E7530A5423313A75AE18464.e.17452"},"getText",[]]}
RESULT: {"script":"<script> [6424 bytes]","args":[{"element-6066-11e4-a52e-4f735466cecf":"f.E3CD5E68D1E1B2FCF6DD50D193150CE1.d.E7B641503E7530A5423313A75AE18464.e.17452"},"getText",[]]}
COMMAND: POST /session/612db7fa7930bbb36023b099dfe9ab59/execute/async - {"script":"<script> [1562 bytes]","args":[{"selector":{"controlType":"sap.ui.core.Icon","viewName":"etm.portal.ui.managehandovers.view.MasterHO","properties":{"src":{"regex":{"source":"slim\\-arrow\\-right"}}}},"wdio_ui5_key":"etmportal.ui.managehandovers.view.MasterHOsap.ui.core.Icon{\"src\":{\"regex\":{\"source\":\"slim\\\\-arrow\\\\-right\"}}}"}]}
RESULT: {"script":"<script> [1562 bytes]","args":[{"selector":{"controlType":"sap.ui.core.Icon","viewName":"etm.portal.ui.managehandovers.view.MasterHO","properties":{"src":{"regex":{"source":"slim\\-arrow\\-right"}}}},"wdio_ui5_key":"etmportal.ui.managehandovers.view.MasterHOsap.ui.core.Icon{\"src\":{\"regex\":{\"source\":\"slim\\\\-arrow\\\\-right\"}}}"}]}
RESULT: undefined
COMMAND: POST /session/612db7fa7930bbb36023b099dfe9ab59/element - {"using":"xpath","value":"//*[@id=\"__item27-__clone17-imgNav\"]"}
RESULT: {"using":"xpath","value":"//*[@id=\"__item27-__clone17-imgNav\"]"}
COMMAND: POST /session/612db7fa7930bbb36023b099dfe9ab59/element/f.E3CD5E68D1E1B2FCF6DD50D193150CE1.d.E7B641503E7530A5423313A75AE18464.e.17451/click - {}
RESULT: {}
COMMAND: GET /session/612db7fa7930bbb36023b099dfe9ab59/screenshot - {}
RESULT: {}
COMMAND: POST /session/612db7fa7930bbb36023b099dfe9ab59/element - {"using":"xpath","value":"//a[contains(@data-kt ,\"GeneralSectionReceiveContracttLink\")]"}
RESULT: {"using":"xpath","value":"//a[contains(@data-kt ,\"GeneralSectionReceiveContracttLink\")]"}
COMMAND: POST /session/612db7fa7930bbb36023b099dfe9ab59/element/f.E3CD5E68D1E1B2FCF6DD50D193150CE1.d.E7B641503E7530A5423313A75AE18464.e.17554/click - {}
RESULT: {}
COMMAND: GET /session/612db7fa7930bbb36023b099dfe9ab59/screenshot - {}
RESULT: {}
COMMAND: POST /session/612db7fa7930bbb36023b099dfe9ab59/element - {"using":"xpath","value":"//a[contains(@data-kt ,\"ContextMenuId2Link\")]"}
RESULT: {"using":"xpath","value":"//a[contains(@data-kt ,\"ContextMenuId2Link\")]"}
COMMAND: POST /session/612db7fa7930bbb36023b099dfe9ab59/element/f.E3CD5E68D1E1B2FCF6DD50D193150CE1.d.E7B641503E7530A5423313A75AE18464.e.17557/click - {}
RESULT: {}
COMMAND: GET /session/612db7fa7930bbb36023b099dfe9ab59/screenshot - {}
RESULT: {}
COMMAND: POST /session/612db7fa7930bbb36023b099dfe9ab59/execute/async - {"script":"<script> [1562 bytes]","args":[{"selector":{"controlType":"sap.m.ObjectStatus","viewName":"etm.portal.ui.managecontracts.view.Detail","bindingPath":{"propertyPath":"LINK_TO_LOGISTICAL_STATUS/DESCRIPTION","modelName":"catalogModel"}},"wdio_ui5_key":"etmportal.ui.managecontracts.view.Detailsap.m.ObjectStatus{\"propertyPath\":\"LINK_TO_LOGISTICAL_STATUS/DESCRIPTION\",\"modelName\":\"catalogModel\"}"}]}
RESULT: {"script":"<script> [1562 bytes]","args":[{"selector":{"controlType":"sap.m.ObjectStatus","viewName":"etm.portal.ui.managecontracts.view.Detail","bindingPath":{"propertyPath":"LINK_TO_LOGISTICAL_STATUS/DESCRIPTION","modelName":"catalogModel"}},"wdio_ui5_key":"etmportal.ui.managecontracts.view.Detailsap.m.ObjectStatus{\"propertyPath\":\"LINK_TO_LOGISTICAL_STATUS/DESCRIPTION\",\"modelName\":\"catalogModel\"}"}]}
RESULT: undefined
COMMAND: POST /session/612db7fa7930bbb36023b099dfe9ab59/execute/async - {"script":"<script> [6424 bytes]","args":[{"element-6066-11e4-a52e-4f735466cecf":"f.E3CD5E68D1E1B2FCF6DD50D193150CE1.d.E7B641503E7530A5423313A75AE18464.e.17793"},"getText",[]]}
RESULT: {"script":"<script> [6424 bytes]","args":[{"element-6066-11e4-a52e-4f735466cecf":"f.E3CD5E68D1E1B2FCF6DD50D193150CE1.d.E7B641503E7530A5423313A75AE18464.e.17793"},"getText",[]]}
COMMAND: POST /session/612db7fa7930bbb36023b099dfe9ab59/execute/async - {"script":"<script> [1562 bytes]","args":[{"selector":{"controlType":"sap.m.ObjectStatus","viewName":"etm.portal.ui.managecontracts.view.Detail","bindingPath":{"propertyPath":"LINK_TO_COMMERCIAL_STATUS/DESCRIPTION","modelName":"catalogModel"}},"wdio_ui5_key":"etmportal.ui.managecontracts.view.Detailsap.m.ObjectStatus{\"propertyPath\":\"LINK_TO_COMMERCIAL_STATUS/DESCRIPTION\",\"modelName\":\"catalogModel\"}"}]}
RESULT: {"script":"<script> [1562 bytes]","args":[{"selector":{"controlType":"sap.m.ObjectStatus","viewName":"etm.portal.ui.managecontracts.view.Detail","bindingPath":{"propertyPath":"LINK_TO_COMMERCIAL_STATUS/DESCRIPTION","modelName":"catalogModel"}},"wdio_ui5_key":"etmportal.ui.managecontracts.view.Detailsap.m.ObjectStatus{\"propertyPath\":\"LINK_TO_COMMERCIAL_STATUS/DESCRIPTION\",\"modelName\":\"catalogModel\"}"}]}
RESULT: undefined
COMMAND: POST /session/612db7fa7930bbb36023b099dfe9ab59/execute/async - {"script":"<script> [6424 bytes]","args":[{"element-6066-11e4-a52e-4f735466cecf":"f.E3CD5E68D1E1B2FCF6DD50D193150CE1.d.E7B641503E7530A5423313A75AE18464.e.17794"},"getText",[]]}
RESULT: {"script":"<script> [6424 bytes]","args":[{"element-6066-11e4-a52e-4f735466cecf":"f.E3CD5E68D1E1B2FCF6DD50D193150CE1.d.E7B641503E7530A5423313A75AE18464.e.17794"},"getText",[]]}
COMMAND: POST /session/612db7fa7930bbb36023b099dfe9ab59/execute/async - {"script":"<script> [1562 bytes]","args":[{"selector":{"id":"backBtn"},"wdio_ui5_key":"backBtn"}]}
RESULT: {"script":"<script> [1562 bytes]","args":[{"selector":{"id":"backBtn"},"wdio_ui5_key":"backBtn"}]}
RESULT: undefined
COMMAND: POST /session/612db7fa7930bbb36023b099dfe9ab59/element - {"using":"xpath","value":"//*[@id=\"backBtn\"]"}
RESULT: {"using":"xpath","value":"//*[@id=\"backBtn\"]"}
COMMAND: POST /session/612db7fa7930bbb36023b099dfe9ab59/element/f.E3CD5E68D1E1B2FCF6DD50D193150CE1.d.E7B641503E7530A5423313A75AE18464.e.17795/click - {}
RESULT: {}
COMMAND: GET /session/612db7fa7930bbb36023b099dfe9ab59/screenshot - {}
COMMAND: POST /session/612db7fa7930bbb36023b099dfe9ab59/execute/async - {"script":"<script> [1562 bytes]","args":[{"selector":{"controlType":"sap.m.Button","viewName":"etm.portal.ui.managehandovers.view.DetailExecuteHO","i18NText":{"propertyName":"text","key":"confirmAll"},"interaction":{"idSuffix":"BDI-content"}},"wdio_ui5_key":"etmportal.ui.managehandovers.view.DetailExecuteHOsap.m.Button{\"propertyName\":\"text\",\"key\":\"confirmAll\"}"}]}
RESULT: {}
RESULT: {"script":"<script> [1562 bytes]","args":[{"selector":{"controlType":"sap.m.Button","viewName":"etm.portal.ui.managehandovers.view.DetailExecuteHO","i18NText":{"propertyName":"text","key":"confirmAll"},"interaction":{"idSuffix":"BDI-content"}},"wdio_ui5_key":"etmportal.ui.managehandovers.view.DetailExecuteHOsap.m.Button{\"propertyName\":\"text\",\"key\":\"confirmAll\"}"}]}
RESULT: undefined
COMMAND: POST /session/612db7fa7930bbb36023b099dfe9ab59/element - {"using":"xpath","value":"//*[@id=\"__button85\"]"}
RESULT: {"using":"xpath","value":"//*[@id=\"__button85\"]"}
COMMAND: POST /session/612db7fa7930bbb36023b099dfe9ab59/element/f.E3CD5E68D1E1B2FCF6DD50D193150CE1.d.E7B641503E7530A5423313A75AE18464.e.18086/click - {}
RESULT: {}
COMMAND: GET /session/612db7fa7930bbb36023b099dfe9ab59/screenshot - {}
RESULT: {}
COMMAND: POST /session/612db7fa7930bbb36023b099dfe9ab59/execute/async - {"script":"<script> [1562 bytes]","args":[{"selector":{"controlType":"sap.m.Button","properties":{"text":"OK"},"searchOpenDialogs":true,"interaction":{"idSuffix":"inner"}},"wdio_ui5_key":"sapm.Button{\"text\":\"OK\"}"}]}
RESULT: {"script":"<script> [1562 bytes]","args":[{"selector":{"controlType":"sap.m.Button","properties":{"text":"OK"},"searchOpenDialogs":true,"interaction":{"idSuffix":"inner"}},"wdio_ui5_key":"sapm.Button{\"text\":\"OK\"}"}]}
RESULT: undefined
COMMAND: POST /session/612db7fa7930bbb36023b099dfe9ab59/element - {"using":"xpath","value":"//*[@id=\"__mbox-btn-0\"]"}
RESULT: {"using":"xpath","value":"//*[@id=\"__mbox-btn-0\"]"}
COMMAND: POST /session/612db7fa7930bbb36023b099dfe9ab59/element/f.E3CD5E68D1E1B2FCF6DD50D193150CE1.d.E7B641503E7530A5423313A75AE18464.e.18091/click - {}
RESULT: {}
COMMAND: GET /session/612db7fa7930bbb36023b099dfe9ab59/screenshot - {}
RESULT: {}
COMMAND: POST /session/612db7fa7930bbb36023b099dfe9ab59/element - {"using":"xpath","value":"//button[contains(@data-kt ,\"execHoIssueFooterButton\")]"}
RESULT: {"using":"xpath","value":"//button[contains(@data-kt ,\"execHoIssueFooterButton\")]"}
COMMAND: POST /session/612db7fa7930bbb36023b099dfe9ab59/element/f.E3CD5E68D1E1B2FCF6DD50D193150CE1.d.E7B641503E7530A5423313A75AE18464.e.18094/click - {}
RESULT: {}
COMMAND: GET /session/612db7fa7930bbb36023b099dfe9ab59/screenshot - {}
RESULT: {}
COMMAND: POST /session/612db7fa7930bbb36023b099dfe9ab59/refresh - {}
RESULT: {}
COMMAND: GET /session/612db7fa7930bbb36023b099dfe9ab59/screenshot - {}
RESULT: {}
COMMAND: POST /session/612db7fa7930bbb36023b099dfe9ab59/refresh - {}
RESULT: {}
COMMAND: GET /session/612db7fa7930bbb36023b099dfe9ab59/screenshot - {}
RESULT: {}
COMMAND: POST /session/612db7fa7930bbb36023b099dfe9ab59/window/fullscreen - {}
RESULT: {}
COMMAND: POST /session/612db7fa7930bbb36023b099dfe9ab59/execute/async - {"script":"<script> [189 bytes]","args":[]}
RESULT: {"script":"<script> [189 bytes]","args":[]}
COMMAND: POST /session/612db7fa7930bbb36023b099dfe9ab59/execute/async - {"script":"<script> [123 bytes]","args":[]}
RESULT: {"script":"<script> [123 bytes]","args":[]}
COMMAND: POST /session/612db7fa7930bbb36023b099dfe9ab59/timeouts - {"script":"<number>"}
RESULT: {"script":"<number>"}
COMMAND: GET /session/612db7fa7930bbb36023b099dfe9ab59/timeouts - {}
RESULT: {}
RESULT: undefined
COMMAND: POST /session/612db7fa7930bbb36023b099dfe9ab59/execute/async - {"script":"<script> [2676 bytes]","args":[]}
RESULT: {"script":"<script> [2676 bytes]","args":[]}
COMMAND: POST /session/612db7fa7930bbb36023b099dfe9ab59/execute/async - {"script":"<script> [2342 bytes]","args":[{"protocol":"http","hostname":"0.0.0.0","path":"/","capabilities":{"browserName":"chrome","goog:chromeOptions":{"binary":"C:\\Program Files\\Google\\Chrome\\Application\\chrome.exe","args":["--start-maximized"]}},"logLevel":"warn","connectionRetryTimeout":120000,"connectionRetryCount":3,"logLevels":{},"enableDirectConnect":true,"strictSSL":true,"_":"65 more keys: [\"cacheDir\",\"port\",\"requestedCapabilities\",\"automationProtocol\",\"baseUrl\",\"waitforInterval\",\"waitforTimeout\",\"onReload\",\"beforeCommand\",\"afterCommand\",\"rootDir\",\"specs\",\"suites\",\"exclude\",\"groupLogsByTestSpec\",\"excludeDriverLogs\",\"bail\",\"framework\",\"reporters\",\"services\",\"maxInstances\",\"maxInstancesPerCapability\",\"injectGlobals\",\"filesToWatch\",\"execArgv\",\"runnerEnv\",\"runner\",\"shard\",\"specFileRetries\",\"specFileRetriesDelay\",\"specFileRetriesDeferred\",\"reporterSyncInterval\",\"reporterSyncTimeout\",\"cucumberFeaturesWithLineNumbers\",\"autoCompileOpts\",\"mochaOpts\",\"jasmineOpts\",\"cucumberOpts\",\"onPrepare\",\"onWorkerStart\",\"onWorkerEnd\",\"before\",\"beforeSession\",\"beforeSuite\",\"beforeHook\",\"beforeTest\",\"afterTest\",\"afterHook\",\"afterSuite\",\"afterSession\",\"after\",\"onComplete\",\"beforeAssertion\",\"afterAssertion\",\"beforeFeature\",\"beforeScenario\",\"beforeStep\",\"afterStep\",\"afterScenario\",\"afterFeature\",\"_\",\"suite\",\"$0\",\"ignoredWorkerServices\",\"wdi5\"]"}]}
RESULT: {"script":"<script> [2342 bytes]","args":[{"protocol":"http","hostname":"0.0.0.0","path":"/","capabilities":{"browserName":"chrome","goog:chromeOptions":{"binary":"C:\\Program Files\\Google\\Chrome\\Application\\chrome.exe","args":["--start-maximized"]}},"logLevel":"warn","connectionRetryTimeout":120000,"connectionRetryCount":3,"logLevels":{},"enableDirectConnect":true,"strictSSL":true,"_":"65 more keys: [\"cacheDir\",\"port\",\"requestedCapabilities\",\"automationProtocol\",\"baseUrl\",\"waitforInterval\",\"waitforTimeout\",\"onReload\",\"beforeCommand\",\"afterCommand\",\"rootDir\",\"specs\",\"suites\",\"exclude\",\"groupLogsByTestSpec\",\"excludeDriverLogs\",\"bail\",\"framework\",\"reporters\",\"services\",\"maxInstances\",\"maxInstancesPerCapability\",\"injectGlobals\",\"filesToWatch\",\"execArgv\",\"runnerEnv\",\"runner\",\"shard\",\"specFileRetries\",\"specFileRetriesDelay\",\"specFileRetriesDeferred\",\"reporterSyncInterval\",\"reporterSyncTimeout\",\"cucumberFeaturesWithLineNumbers\",\"autoCompileOpts\",\"mochaOpts\",\"jasmineOpts\",\"cucumberOpts\",\"onPrepare\",\"onWorkerStart\",\"onWorkerEnd\",\"before\",\"beforeSession\",\"beforeSuite\",\"beforeHook\",\"beforeTest\",\"afterTest\",\"afterHook\",\"afterSuite\",\"afterSession\",\"after\",\"onComplete\",\"beforeAssertion\",\"afterAssertion\",\"beforeFeature\",\"beforeScenario\",\"beforeStep\",\"afterStep\",\"afterScenario\",\"afterFeature\",\"_\",\"suite\",\"$0\",\"ignoredWorkerServices\",\"wdi5\"]"}]}
COMMAND: POST /session/612db7fa7930bbb36023b099dfe9ab59/execute/async - {"script":"<script> [21126 bytes]","args":[35000]}
RESULT: {"script":"<script> [21126 bytes]","args":[35000]}
COMMAND: POST /session/612db7fa7930bbb36023b099dfe9ab59/execute/async - {"script":"<script> [1562 bytes]","args":[{"selector":{"controlType":"sap.m.SearchField","viewName":"etm.portal.ui.managehandovers.view.MasterHO","bindingPath":{"path":"","propertyPath":"/_BASIC_SEARCH_FIELD","modelName":"fi1t3rM0d31"},"interaction":{"idSuffix":"I"}},"wdio_ui5_key":"etmportal.ui.managehandovers.view.MasterHOsap.m.SearchField{\"path\":\"\",\"propertyPath\":\"/_BASIC_SEARCH_FIELD\",\"modelName\":\"fi1t3rM0d31\"}"}]}
RESULT: {"script":"<script> [1562 bytes]","args":[{"selector":{"controlType":"sap.m.SearchField","viewName":"etm.portal.ui.managehandovers.view.MasterHO","bindingPath":{"path":"","propertyPath":"/_BASIC_SEARCH_FIELD","modelName":"fi1t3rM0d31"},"interaction":{"idSuffix":"I"}},"wdio_ui5_key":"etmportal.ui.managehandovers.view.MasterHOsap.m.SearchField{\"path\":\"\",\"propertyPath\":\"/_BASIC_SEARCH_FIELD\",\"modelName\":\"fi1t3rM0d31\"}"}]}
RESULT: undefined
COMMAND: POST /session/612db7fa7930bbb36023b099dfe9ab59/execute/async - {"script":"<script> [776 bytes]","args":[{"enterText":"30456","selector":{"controlType":"sap.m.SearchField","viewName":"etm.portal.ui.managehandovers.view.MasterHO","bindingPath":{"path":"","propertyPath":"/_BASIC_SEARCH_FIELD","modelName":"fi1t3rM0d31"},"interaction":{"idSuffix":"I"}},"clearTextFirst":true,"interactionType":"ENTER_TEXT"}]}
RESULT: {"script":"<script> [776 bytes]","args":[{"enterText":"30456","selector":{"controlType":"sap.m.SearchField","viewName":"etm.portal.ui.managehandovers.view.MasterHO","bindingPath":{"path":"","propertyPath":"/_BASIC_SEARCH_FIELD","modelName":"fi1t3rM0d31"},"interaction":{"idSuffix":"I"}},"clearTextFirst":true,"interactionType":"ENTER_TEXT"}]}
COMMAND: POST /session/612db7fa7930bbb36023b099dfe9ab59/actions - {"actions":[{"id":"action86","type":"key","parameters":{},"actions":[{"type":"keyDown","value":""},{"type":"pause","duration":10},{"type":"keyUp","value":""}]}]}
RESULT: {"actions":[{"id":"action86","type":"key","parameters":{},"actions":[{"type":"keyDown","value":""},{"type":"pause","duration":10},{"type":"keyUp","value":""}]}]}
COMMAND: GET /session/612db7fa7930bbb36023b099dfe9ab59/screenshot - {}
RESULT: {}
COMMAND: POST /session/612db7fa7930bbb36023b099dfe9ab59/execute/async - {"script":"<script> [1562 bytes]","args":[{"selector":{"controlType":"sap.m.Title","viewName":"etm.portal.ui.managehandovers.view.MasterHO","properties":{"text":"Records (1)"}},"wdio_ui5_key":"etmportal.ui.managehandovers.view.MasterHOsap.m.Title{\"text\":\"Records (1)\"}"}]}
RESULT: {"script":"<script> [1562 bytes]","args":[{"selector":{"controlType":"sap.m.Title","viewName":"etm.portal.ui.managehandovers.view.MasterHO","properties":{"text":"Records (1)"}},"wdio_ui5_key":"etmportal.ui.managehandovers.view.MasterHOsap.m.Title{\"text\":\"Records (1)\"}"}]}
RESULT: undefined
COMMAND: POST /session/612db7fa7930bbb36023b099dfe9ab59/execute/async - {"script":"<script> [6424 bytes]","args":[{"element-6066-11e4-a52e-4f735466cecf":"f.E3CD5E68D1E1B2FCF6DD50D193150CE1.d.B531BBD15AEF23D144EBF85F4BC738BE.e.18358"},"getText",[]]}
RESULT: {"script":"<script> [6424 bytes]","args":[{"element-6066-11e4-a52e-4f735466cecf":"f.E3CD5E68D1E1B2FCF6DD50D193150CE1.d.B531BBD15AEF23D144EBF85F4BC738BE.e.18358"},"getText",[]]}
COMMAND: POST /session/612db7fa7930bbb36023b099dfe9ab59/execute/async - {"script":"<script> [1562 bytes]","args":[{"selector":{"controlType":"sap.ui.core.Icon","viewName":"etm.portal.ui.managehandovers.view.MasterHO","properties":{"src":{"regex":{"source":"slim\\-arrow\\-right"}}}},"wdio_ui5_key":"etmportal.ui.managehandovers.view.MasterHOsap.ui.core.Icon{\"src\":{\"regex\":{\"source\":\"slim\\\\-arrow\\\\-right\"}}}"}]}
RESULT: {"script":"<script> [1562 bytes]","args":[{"selector":{"controlType":"sap.ui.core.Icon","viewName":"etm.portal.ui.managehandovers.view.MasterHO","properties":{"src":{"regex":{"source":"slim\\-arrow\\-right"}}}},"wdio_ui5_key":"etmportal.ui.managehandovers.view.MasterHOsap.ui.core.Icon{\"src\":{\"regex\":{\"source\":\"slim\\\\-arrow\\\\-right\"}}}"}]}
RESULT: undefined
COMMAND: POST /session/612db7fa7930bbb36023b099dfe9ab59/element - {"using":"xpath","value":"//*[@id=\"__item17-__clone17-imgNav\"]"}
RESULT: {"using":"xpath","value":"//*[@id=\"__item17-__clone17-imgNav\"]"}
COMMAND: POST /session/612db7fa7930bbb36023b099dfe9ab59/element/f.E3CD5E68D1E1B2FCF6DD50D193150CE1.d.B531BBD15AEF23D144EBF85F4BC738BE.e.18357/click - {}
RESULT: {}
COMMAND: GET /session/612db7fa7930bbb36023b099dfe9ab59/screenshot - {}
RESULT: {}
COMMAND: POST /session/612db7fa7930bbb36023b099dfe9ab59/execute/async - {"script":"<script> [1562 bytes]","args":[{"selector":{"controlType":"sap.m.ObjectStatus","viewName":"etm.portal.ui.managehandovers.view.DetailExecuteHO","labelFor":{"text":"Status"}},"wdio_ui5_key":"etmportal.ui.managehandovers.view.DetailExecuteHOsap.m.ObjectStatus{\"text\":\"Status\"}"}]}
RESULT: {"script":"<script> [1562 bytes]","args":[{"selector":{"controlType":"sap.m.ObjectStatus","viewName":"etm.portal.ui.managehandovers.view.DetailExecuteHO","labelFor":{"text":"Status"}},"wdio_ui5_key":"etmportal.ui.managehandovers.view.DetailExecuteHOsap.m.ObjectStatus{\"text\":\"Status\"}"}]}
RESULT: undefined
COMMAND: POST /session/612db7fa7930bbb36023b099dfe9ab59/execute/async - {"script":"<script> [6424 bytes]","args":[{"element-6066-11e4-a52e-4f735466cecf":"f.E3CD5E68D1E1B2FCF6DD50D193150CE1.d.B531BBD15AEF23D144EBF85F4BC738BE.e.18448"},"getText",[]]}
RESULT: {"script":"<script> [6424 bytes]","args":[{"element-6066-11e4-a52e-4f735466cecf":"f.E3CD5E68D1E1B2FCF6DD50D193150CE1.d.B531BBD15AEF23D144EBF85F4BC738BE.e.18448"},"getText",[]]}
COMMAND: POST /session/612db7fa7930bbb36023b099dfe9ab59/execute/async - {"script":"<script> [1562 bytes]","args":[{"selector":{"controlType":"sap.m.Button","viewName":"etm.portal.ui.managehandovers.view.DetailExecuteHO","i18NText":{"propertyName":"text","key":"confirmAll"},"interaction":{"idSuffix":"BDI-content"}},"wdio_ui5_key":"etmportal.ui.managehandovers.view.DetailExecuteHOsap.m.Button{\"propertyName\":\"text\",\"key\":\"confirmAll\"}"}]}
RESULT: {"script":"<script> [1562 bytes]","args":[{"selector":{"controlType":"sap.m.Button","viewName":"etm.portal.ui.managehandovers.view.DetailExecuteHO","i18NText":{"propertyName":"text","key":"confirmAll"},"interaction":{"idSuffix":"BDI-content"}},"wdio_ui5_key":"etmportal.ui.managehandovers.view.DetailExecuteHOsap.m.Button{\"propertyName\":\"text\",\"key\":\"confirmAll\"}"}]}
RESULT: undefined
COMMAND: POST /session/612db7fa7930bbb36023b099dfe9ab59/element - {"using":"xpath","value":"//*[@id=\"__button30\"]"}
RESULT: {"using":"xpath","value":"//*[@id=\"__button30\"]"}
COMMAND: POST /session/612db7fa7930bbb36023b099dfe9ab59/element/f.E3CD5E68D1E1B2FCF6DD50D193150CE1.d.B531BBD15AEF23D144EBF85F4BC738BE.e.18450/click - {}
RESULT: {}
COMMAND: GET /session/612db7fa7930bbb36023b099dfe9ab59/screenshot - {}
RESULT: {}
COMMAND: POST /session/612db7fa7930bbb36023b099dfe9ab59/execute/async - {"script":"<script> [1562 bytes]","args":[{"selector":{"controlType":"sap.m.Button","properties":{"text":"OK"},"searchOpenDialogs":true,"interaction":{"idSuffix":"BDI-content"}},"wdio_ui5_key":"sapm.Button{\"text\":\"OK\"}"}]}
RESULT: {"script":"<script> [1562 bytes]","args":[{"selector":{"controlType":"sap.m.Button","properties":{"text":"OK"},"searchOpenDialogs":true,"interaction":{"idSuffix":"BDI-content"}},"wdio_ui5_key":"sapm.Button{\"text\":\"OK\"}"}]}
RESULT: undefined
COMMAND: POST /session/612db7fa7930bbb36023b099dfe9ab59/element - {"using":"xpath","value":"//*[@id=\"__mbox-btn-0\"]"}
RESULT: {"using":"xpath","value":"//*[@id=\"__mbox-btn-0\"]"}
COMMAND: POST /session/612db7fa7930bbb36023b099dfe9ab59/element/f.E3CD5E68D1E1B2FCF6DD50D193150CE1.d.B531BBD15AEF23D144EBF85F4BC738BE.e.18451/click - {}
RESULT: {}
COMMAND: GET /session/612db7fa7930bbb36023b099dfe9ab59/screenshot - {}
RESULT: {}
COMMAND: POST /session/612db7fa7930bbb36023b099dfe9ab59/element - {"using":"xpath","value":"//button[contains(@data-kt ,\"execHoReceiveFooterButton\")]"}
RESULT: {"using":"xpath","value":"//button[contains(@data-kt ,\"execHoReceiveFooterButton\")]"}
COMMAND: POST /session/612db7fa7930bbb36023b099dfe9ab59/element/f.E3CD5E68D1E1B2FCF6DD50D193150CE1.d.B531BBD15AEF23D144EBF85F4BC738BE.e.18407/click - {}
RESULT: {}
COMMAND: GET /session/612db7fa7930bbb36023b099dfe9ab59/screenshot - {}
RESULT: {}
COMMAND: POST /session/612db7fa7930bbb36023b099dfe9ab59/refresh - {}
RESULT: {}
COMMAND: GET /session/612db7fa7930bbb36023b099dfe9ab59/screenshot - {}
RESULT: {}
COMMAND: POST /session/612db7fa7930bbb36023b099dfe9ab59/refresh - {}
RESULT: {}
COMMAND: GET /session/612db7fa7930bbb36023b099dfe9ab59/screenshot - {}
RESULT: {}
COMMAND: POST /session/612db7fa7930bbb36023b099dfe9ab59/window/fullscreen - {}
RESULT: {}
COMMAND: POST /session/612db7fa7930bbb36023b099dfe9ab59/execute/async - {"script":"<script> [189 bytes]","args":[]}
RESULT: {"script":"<script> [189 bytes]","args":[]}
COMMAND: POST /session/612db7fa7930bbb36023b099dfe9ab59/execute/async - {"script":"<script> [123 bytes]","args":[]}
RESULT: {"script":"<script> [123 bytes]","args":[]}
COMMAND: POST /session/612db7fa7930bbb36023b099dfe9ab59/timeouts - {"script":"<number>"}
RESULT: {"script":"<number>"}
COMMAND: GET /session/612db7fa7930bbb36023b099dfe9ab59/timeouts - {}
RESULT: {}
RESULT: undefined
COMMAND: POST /session/612db7fa7930bbb36023b099dfe9ab59/execute/async - {"script":"<script> [2676 bytes]","args":[]}
RESULT: {"script":"<script> [2676 bytes]","args":[]}
COMMAND: POST /session/612db7fa7930bbb36023b099dfe9ab59/execute/async - {"script":"<script> [2342 bytes]","args":[{"protocol":"http","hostname":"0.0.0.0","path":"/","capabilities":{"browserName":"chrome","goog:chromeOptions":{"binary":"C:\\Program Files\\Google\\Chrome\\Application\\chrome.exe","args":["--start-maximized"]}},"logLevel":"warn","connectionRetryTimeout":120000,"connectionRetryCount":3,"logLevels":{},"enableDirectConnect":true,"strictSSL":true,"_":"65 more keys: [\"cacheDir\",\"port\",\"requestedCapabilities\",\"automationProtocol\",\"baseUrl\",\"waitforInterval\",\"waitforTimeout\",\"onReload\",\"beforeCommand\",\"afterCommand\",\"rootDir\",\"specs\",\"suites\",\"exclude\",\"groupLogsByTestSpec\",\"excludeDriverLogs\",\"bail\",\"framework\",\"reporters\",\"services\",\"maxInstances\",\"maxInstancesPerCapability\",\"injectGlobals\",\"filesToWatch\",\"execArgv\",\"runnerEnv\",\"runner\",\"shard\",\"specFileRetries\",\"specFileRetriesDelay\",\"specFileRetriesDeferred\",\"reporterSyncInterval\",\"reporterSyncTimeout\",\"cucumberFeaturesWithLineNumbers\",\"autoCompileOpts\",\"mochaOpts\",\"jasmineOpts\",\"cucumberOpts\",\"onPrepare\",\"onWorkerStart\",\"onWorkerEnd\",\"before\",\"beforeSession\",\"beforeSuite\",\"beforeHook\",\"beforeTest\",\"afterTest\",\"afterHook\",\"afterSuite\",\"afterSession\",\"after\",\"onComplete\",\"beforeAssertion\",\"afterAssertion\",\"beforeFeature\",\"beforeScenario\",\"beforeStep\",\"afterStep\",\"afterScenario\",\"afterFeature\",\"_\",\"suite\",\"$0\",\"ignoredWorkerServices\",\"wdi5\"]"}]}
RESULT: {"script":"<script> [2342 bytes]","args":[{"protocol":"http","hostname":"0.0.0.0","path":"/","capabilities":{"browserName":"chrome","goog:chromeOptions":{"binary":"C:\\Program Files\\Google\\Chrome\\Application\\chrome.exe","args":["--start-maximized"]}},"logLevel":"warn","connectionRetryTimeout":120000,"connectionRetryCount":3,"logLevels":{},"enableDirectConnect":true,"strictSSL":true,"_":"65 more keys: [\"cacheDir\",\"port\",\"requestedCapabilities\",\"automationProtocol\",\"baseUrl\",\"waitforInterval\",\"waitforTimeout\",\"onReload\",\"beforeCommand\",\"afterCommand\",\"rootDir\",\"specs\",\"suites\",\"exclude\",\"groupLogsByTestSpec\",\"excludeDriverLogs\",\"bail\",\"framework\",\"reporters\",\"services\",\"maxInstances\",\"maxInstancesPerCapability\",\"injectGlobals\",\"filesToWatch\",\"execArgv\",\"runnerEnv\",\"runner\",\"shard\",\"specFileRetries\",\"specFileRetriesDelay\",\"specFileRetriesDeferred\",\"reporterSyncInterval\",\"reporterSyncTimeout\",\"cucumberFeaturesWithLineNumbers\",\"autoCompileOpts\",\"mochaOpts\",\"jasmineOpts\",\"cucumberOpts\",\"onPrepare\",\"onWorkerStart\",\"onWorkerEnd\",\"before\",\"beforeSession\",\"beforeSuite\",\"beforeHook\",\"beforeTest\",\"afterTest\",\"afterHook\",\"afterSuite\",\"afterSession\",\"after\",\"onComplete\",\"beforeAssertion\",\"afterAssertion\",\"beforeFeature\",\"beforeScenario\",\"beforeStep\",\"afterStep\",\"afterScenario\",\"afterFeature\",\"_\",\"suite\",\"$0\",\"ignoredWorkerServices\",\"wdi5\"]"}]}
COMMAND: POST /session/612db7fa7930bbb36023b099dfe9ab59/execute/async - {"script":"<script> [21126 bytes]","args":[35000]}
RESULT: {"script":"<script> [21126 bytes]","args":[35000]}
COMMAND: POST /session/612db7fa7930bbb36023b099dfe9ab59/execute/async - {"script":"<script> [1562 bytes]","args":[{"selector":{"controlType":"sap.m.SearchField","viewName":"etm.portal.ui.managehandovers.view.MasterHO","bindingPath":{"path":"","propertyPath":"/_BASIC_SEARCH_FIELD","modelName":"fi1t3rM0d31"},"interaction":{"idSuffix":"I"}},"wdio_ui5_key":"etmportal.ui.managehandovers.view.MasterHOsap.m.SearchField{\"path\":\"\",\"propertyPath\":\"/_BASIC_SEARCH_FIELD\",\"modelName\":\"fi1t3rM0d31\"}"}]}
RESULT: {"script":"<script> [1562 bytes]","args":[{"selector":{"controlType":"sap.m.SearchField","viewName":"etm.portal.ui.managehandovers.view.MasterHO","bindingPath":{"path":"","propertyPath":"/_BASIC_SEARCH_FIELD","modelName":"fi1t3rM0d31"},"interaction":{"idSuffix":"I"}},"wdio_ui5_key":"etmportal.ui.managehandovers.view.MasterHOsap.m.SearchField{\"path\":\"\",\"propertyPath\":\"/_BASIC_SEARCH_FIELD\",\"modelName\":\"fi1t3rM0d31\"}"}]}
RESULT: undefined
COMMAND: POST /session/612db7fa7930bbb36023b099dfe9ab59/execute/async - {"script":"<script> [776 bytes]","args":[{"enterText":"30456","selector":{"controlType":"sap.m.SearchField","viewName":"etm.portal.ui.managehandovers.view.MasterHO","bindingPath":{"path":"","propertyPath":"/_BASIC_SEARCH_FIELD","modelName":"fi1t3rM0d31"},"interaction":{"idSuffix":"I"}},"clearTextFirst":true,"interactionType":"ENTER_TEXT"}]}
RESULT: {"script":"<script> [776 bytes]","args":[{"enterText":"30456","selector":{"controlType":"sap.m.SearchField","viewName":"etm.portal.ui.managehandovers.view.MasterHO","bindingPath":{"path":"","propertyPath":"/_BASIC_SEARCH_FIELD","modelName":"fi1t3rM0d31"},"interaction":{"idSuffix":"I"}},"clearTextFirst":true,"interactionType":"ENTER_TEXT"}]}
COMMAND: POST /session/612db7fa7930bbb36023b099dfe9ab59/actions - {"actions":[{"id":"action87","type":"key","parameters":{},"actions":[{"type":"keyDown","value":""},{"type":"pause","duration":10},{"type":"keyUp","value":""}]}]}
RESULT: {"actions":[{"id":"action87","type":"key","parameters":{},"actions":[{"type":"keyDown","value":""},{"type":"pause","duration":10},{"type":"keyUp","value":""}]}]}
COMMAND: GET /session/612db7fa7930bbb36023b099dfe9ab59/screenshot - {}
RESULT: {}
COMMAND: POST /session/612db7fa7930bbb36023b099dfe9ab59/execute/async - {"script":"<script> [1562 bytes]","args":[{"selector":{"controlType":"sap.m.Title","viewName":"etm.portal.ui.managehandovers.view.MasterHO","properties":{"text":"Records (1)"}},"wdio_ui5_key":"etmportal.ui.managehandovers.view.MasterHOsap.m.Title{\"text\":\"Records (1)\"}"}]}
RESULT: {"script":"<script> [1562 bytes]","args":[{"selector":{"controlType":"sap.m.Title","viewName":"etm.portal.ui.managehandovers.view.MasterHO","properties":{"text":"Records (1)"}},"wdio_ui5_key":"etmportal.ui.managehandovers.view.MasterHOsap.m.Title{\"text\":\"Records (1)\"}"}]}
RESULT: undefined
COMMAND: POST /session/612db7fa7930bbb36023b099dfe9ab59/execute/async - {"script":"<script> [6424 bytes]","args":[{"element-6066-11e4-a52e-4f735466cecf":"f.E3CD5E68D1E1B2FCF6DD50D193150CE1.d.7D33876A3EF28C78D8617DFA9998DFA5.e.18680"},"getText",[]]}
RESULT: {"script":"<script> [6424 bytes]","args":[{"element-6066-11e4-a52e-4f735466cecf":"f.E3CD5E68D1E1B2FCF6DD50D193150CE1.d.7D33876A3EF28C78D8617DFA9998DFA5.e.18680"},"getText",[]]}
COMMAND: POST /session/612db7fa7930bbb36023b099dfe9ab59/execute/async - {"script":"<script> [1562 bytes]","args":[{"selector":{"controlType":"sap.ui.core.Icon","viewName":"etm.portal.ui.managehandovers.view.MasterHO","properties":{"src":{"regex":{"source":"slim\\-arrow\\-right"}}}},"wdio_ui5_key":"etmportal.ui.managehandovers.view.MasterHOsap.ui.core.Icon{\"src\":{\"regex\":{\"source\":\"slim\\\\-arrow\\\\-right\"}}}"}]}
RESULT: {"script":"<script> [1562 bytes]","args":[{"selector":{"controlType":"sap.ui.core.Icon","viewName":"etm.portal.ui.managehandovers.view.MasterHO","properties":{"src":{"regex":{"source":"slim\\-arrow\\-right"}}}},"wdio_ui5_key":"etmportal.ui.managehandovers.view.MasterHOsap.ui.core.Icon{\"src\":{\"regex\":{\"source\":\"slim\\\\-arrow\\\\-right\"}}}"}]}
RESULT: undefined
COMMAND: POST /session/612db7fa7930bbb36023b099dfe9ab59/element - {"using":"xpath","value":"//*[@id=\"__item27-__clone17-imgNav\"]"}
RESULT: {"using":"xpath","value":"//*[@id=\"__item27-__clone17-imgNav\"]"}
COMMAND: POST /session/612db7fa7930bbb36023b099dfe9ab59/element/f.E3CD5E68D1E1B2FCF6DD50D193150CE1.d.7D33876A3EF28C78D8617DFA9998DFA5.e.18679/click - {}
RESULT: {}
COMMAND: GET /session/612db7fa7930bbb36023b099dfe9ab59/screenshot - {}
RESULT: {}
COMMAND: POST /session/612db7fa7930bbb36023b099dfe9ab59/execute/async - {"script":"<script> [1562 bytes]","args":[{"selector":{"controlType":"sap.m.ObjectStatus","viewName":"etm.portal.ui.managehandovers.view.DetailManageHO","viewId":"application-managehandovers-display-component---detailManageHO","labelFor":{"text":"Status"}},"wdio_ui5_key":"etmportal.ui.managehandovers.view.DetailManageHOsap.m.ObjectStatus{\"text\":\"Status\"}"}]}
RESULT: {"script":"<script> [1562 bytes]","args":[{"selector":{"controlType":"sap.m.ObjectStatus","viewName":"etm.portal.ui.managehandovers.view.DetailManageHO","viewId":"application-managehandovers-display-component---detailManageHO","labelFor":{"text":"Status"}},"wdio_ui5_key":"etmportal.ui.managehandovers.view.DetailManageHOsap.m.ObjectStatus{\"text\":\"Status\"}"}]}
RESULT: undefined
COMMAND: POST /session/612db7fa7930bbb36023b099dfe9ab59/execute/async - {"script":"<script> [6424 bytes]","args":[{"element-6066-11e4-a52e-4f735466cecf":"f.E3CD5E68D1E1B2FCF6DD50D193150CE1.d.7D33876A3EF28C78D8617DFA9998DFA5.e.18772"},"getText",[]]}
RESULT: {"script":"<script> [6424 bytes]","args":[{"element-6066-11e4-a52e-4f735466cecf":"f.E3CD5E68D1E1B2FCF6DD50D193150CE1.d.7D33876A3EF28C78D8617DFA9998DFA5.e.18772"},"getText",[]]}
COMMAND: POST /session/612db7fa7930bbb36023b099dfe9ab59/element - {"using":"xpath","value":"//a[contains(@data-kt ,\"GeneralSectionReceiveContracttLink\")]"}
RESULT: {"using":"xpath","value":"//a[contains(@data-kt ,\"GeneralSectionReceiveContracttLink\")]"}
COMMAND: POST /session/612db7fa7930bbb36023b099dfe9ab59/element/f.E3CD5E68D1E1B2FCF6DD50D193150CE1.d.7D33876A3EF28C78D8617DFA9998DFA5.e.18773/click - {}
RESULT: {}
COMMAND: GET /session/612db7fa7930bbb36023b099dfe9ab59/screenshot - {}
RESULT: {}
COMMAND: POST /session/612db7fa7930bbb36023b099dfe9ab59/element - {"using":"xpath","value":"//a[contains(@data-kt ,\"ContextMenuId2Link\")]"}
RESULT: {"using":"xpath","value":"//a[contains(@data-kt ,\"ContextMenuId2Link\")]"}
COMMAND: POST /session/612db7fa7930bbb36023b099dfe9ab59/element/f.E3CD5E68D1E1B2FCF6DD50D193150CE1.d.7D33876A3EF28C78D8617DFA9998DFA5.e.18776/click - {}
RESULT: {}
COMMAND: GET /session/612db7fa7930bbb36023b099dfe9ab59/screenshot - {}
RESULT: {}
COMMAND: POST /session/612db7fa7930bbb36023b099dfe9ab59/execute/async - {"script":"<script> [1562 bytes]","args":[{"selector":{"controlType":"sap.m.ObjectStatus","viewName":"etm.portal.ui.managecontracts.view.Detail","bindingPath":{"propertyPath":"LINK_TO_LOGISTICAL_STATUS/DESCRIPTION","modelName":"catalogModel"}},"wdio_ui5_key":"etmportal.ui.managecontracts.view.Detailsap.m.ObjectStatus{\"propertyPath\":\"LINK_TO_LOGISTICAL_STATUS/DESCRIPTION\",\"modelName\":\"catalogModel\"}"}]}
RESULT: {"script":"<script> [1562 bytes]","args":[{"selector":{"controlType":"sap.m.ObjectStatus","viewName":"etm.portal.ui.managecontracts.view.Detail","bindingPath":{"propertyPath":"LINK_TO_LOGISTICAL_STATUS/DESCRIPTION","modelName":"catalogModel"}},"wdio_ui5_key":"etmportal.ui.managecontracts.view.Detailsap.m.ObjectStatus{\"propertyPath\":\"LINK_TO_LOGISTICAL_STATUS/DESCRIPTION\",\"modelName\":\"catalogModel\"}"}]}
RESULT: undefined
COMMAND: POST /session/612db7fa7930bbb36023b099dfe9ab59/execute/async - {"script":"<script> [6424 bytes]","args":[{"element-6066-11e4-a52e-4f735466cecf":"f.E3CD5E68D1E1B2FCF6DD50D193150CE1.d.7D33876A3EF28C78D8617DFA9998DFA5.e.19003"},"getText",[]]}
RESULT: {"script":"<script> [6424 bytes]","args":[{"element-6066-11e4-a52e-4f735466cecf":"f.E3CD5E68D1E1B2FCF6DD50D193150CE1.d.7D33876A3EF28C78D8617DFA9998DFA5.e.19003"},"getText",[]]}
COMMAND: POST /session/612db7fa7930bbb36023b099dfe9ab59/execute/async - {"script":"<script> [1562 bytes]","args":[{"selector":{"controlType":"sap.m.ObjectStatus","viewName":"etm.portal.ui.managecontracts.view.Detail","bindingPath":{"propertyPath":"LINK_TO_COMMERCIAL_STATUS/DESCRIPTION","modelName":"catalogModel"}},"wdio_ui5_key":"etmportal.ui.managecontracts.view.Detailsap.m.ObjectStatus{\"propertyPath\":\"LINK_TO_COMMERCIAL_STATUS/DESCRIPTION\",\"modelName\":\"catalogModel\"}"}]}
RESULT: {"script":"<script> [1562 bytes]","args":[{"selector":{"controlType":"sap.m.ObjectStatus","viewName":"etm.portal.ui.managecontracts.view.Detail","bindingPath":{"propertyPath":"LINK_TO_COMMERCIAL_STATUS/DESCRIPTION","modelName":"catalogModel"}},"wdio_ui5_key":"etmportal.ui.managecontracts.view.Detailsap.m.ObjectStatus{\"propertyPath\":\"LINK_TO_COMMERCIAL_STATUS/DESCRIPTION\",\"modelName\":\"catalogModel\"}"}]}
RESULT: undefined
COMMAND: POST /session/612db7fa7930bbb36023b099dfe9ab59/execute/async - {"script":"<script> [6424 bytes]","args":[{"element-6066-11e4-a52e-4f735466cecf":"f.E3CD5E68D1E1B2FCF6DD50D193150CE1.d.7D33876A3EF28C78D8617DFA9998DFA5.e.19004"},"getText",[]]}
RESULT: {"script":"<script> [6424 bytes]","args":[{"element-6066-11e4-a52e-4f735466cecf":"f.E3CD5E68D1E1B2FCF6DD50D193150CE1.d.7D33876A3EF28C78D8617DFA9998DFA5.e.19004"},"getText",[]]}
]]></system-out>
    </testcase>
    <testcase classname="chrome.136_0_7103_93.windows.E2E_-_Logistical_and_commercial_statuses" name="It should follow the handover steps to the status fully returned" time="239.163">
      <system-out><![CDATA[
COMMAND: POST /session/612db7fa7930bbb36023b099dfe9ab59/execute/async - {"script":"<script> [1562 bytes]","args":[{"selector":{"id":"contractDetailReturnButton","viewName":"etm.portal.ui.managecontracts.view.Detail","interaction":{"idSuffix":"BDI-content"}},"wdio_ui5_key":"contractDetailReturnButtonetmportal.ui.managecontracts.view.Detail"}]}
RESULT: {"script":"<script> [1562 bytes]","args":[{"selector":{"id":"contractDetailReturnButton","viewName":"etm.portal.ui.managecontracts.view.Detail","interaction":{"idSuffix":"BDI-content"}},"wdio_ui5_key":"contractDetailReturnButtonetmportal.ui.managecontracts.view.Detail"}]}
RESULT: undefined
COMMAND: POST /session/612db7fa7930bbb36023b099dfe9ab59/element - {"using":"xpath","value":"//*[@id=\"__xmlview2--contractDetailReturnButton\"]"}
RESULT: {"using":"xpath","value":"//*[@id=\"__xmlview2--contractDetailReturnButton\"]"}
COMMAND: POST /session/612db7fa7930bbb36023b099dfe9ab59/element/f.E3CD5E68D1E1B2FCF6DD50D193150CE1.d.7D33876A3EF28C78D8617DFA9998DFA5.e.18921/click - {}
RESULT: {}
COMMAND: POST /session/612db7fa7930bbb36023b099dfe9ab59/execute/async - {"script":"<script> [1562 bytes]","args":[{"selector":{"id":"application-managehandovers-display-component---AddNewHO--dueDate","interaction":{"idSuffix":"inner"}},"wdio_ui5_key":"applicationmanagehandovers-display-component---AddNewHO--dueDate"}]}
COMMAND: GET /session/612db7fa7930bbb36023b099dfe9ab59/screenshot - {}
RESULT: {"script":"<script> [1562 bytes]","args":[{"selector":{"id":"application-managehandovers-display-component---AddNewHO--dueDate","interaction":{"idSuffix":"inner"}},"wdio_ui5_key":"applicationmanagehandovers-display-component---AddNewHO--dueDate"}]}
RESULT: undefined
COMMAND: POST /session/612db7fa7930bbb36023b099dfe9ab59/execute/async - {"script":"<script> [776 bytes]","args":[{"enterText":"05/25/25","selector":{"id":"application-managehandovers-display-component---AddNewHO--dueDate","interaction":{"idSuffix":"inner"}},"clearTextFirst":true,"interactionType":"ENTER_TEXT"}]}
RESULT: {}
RESULT: {"script":"<script> [776 bytes]","args":[{"enterText":"05/25/25","selector":{"id":"application-managehandovers-display-component---AddNewHO--dueDate","interaction":{"idSuffix":"inner"}},"clearTextFirst":true,"interactionType":"ENTER_TEXT"}]}
COMMAND: POST /session/612db7fa7930bbb36023b099dfe9ab59/element - {"using":"xpath","value":"//bdi[contains(@id ,\"application-managehandovers-display-component---AddNewHO--ObjectPageLayout-anchBar-application-managehandovers-display-component---AddNewHO--section4-anchor-BDI-content\")]"}
RESULT: {"using":"xpath","value":"//bdi[contains(@id ,\"application-managehandovers-display-component---AddNewHO--ObjectPageLayout-anchBar-application-managehandovers-display-component---AddNewHO--section4-anchor-BDI-content\")]"}
COMMAND: POST /session/612db7fa7930bbb36023b099dfe9ab59/element/f.E3CD5E68D1E1B2FCF6DD50D193150CE1.d.7D33876A3EF28C78D8617DFA9998DFA5.e.19312/click - {}
RESULT: {}
COMMAND: GET /session/612db7fa7930bbb36023b099dfe9ab59/screenshot - {}
RESULT: {}
COMMAND: POST /session/612db7fa7930bbb36023b099dfe9ab59/element - {"using":"xpath","value":"//button[contains(@data-kt ,\"AddNewHOProvideAddItemsButton\")]"}
RESULT: {"using":"xpath","value":"//button[contains(@data-kt ,\"AddNewHOProvideAddItemsButton\")]"}
COMMAND: POST /session/612db7fa7930bbb36023b099dfe9ab59/element/f.E3CD5E68D1E1B2FCF6DD50D193150CE1.d.7D33876A3EF28C78D8617DFA9998DFA5.e.19135/click - {}
RESULT: {}
COMMAND: GET /session/612db7fa7930bbb36023b099dfe9ab59/screenshot - {}
RESULT: {}
COMMAND: POST /session/612db7fa7930bbb36023b099dfe9ab59/execute/async - {"script":"<script> [1562 bytes]","args":[{"selector":{"id":"application-managehandovers-display-component---AddNewHO--popup-sa","searchOpenDialogs":true,"interaction":{"idSuffix":"CbBg"}},"wdio_ui5_key":"applicationmanagehandovers-display-component---AddNewHO--popup-sa"}]}
RESULT: {"script":"<script> [1562 bytes]","args":[{"selector":{"id":"application-managehandovers-display-component---AddNewHO--popup-sa","searchOpenDialogs":true,"interaction":{"idSuffix":"CbBg"}},"wdio_ui5_key":"applicationmanagehandovers-display-component---AddNewHO--popup-sa"}]}
RESULT: undefined
COMMAND: POST /session/612db7fa7930bbb36023b099dfe9ab59/element - {"using":"xpath","value":"//*[@id=\"application-managehandovers-display-component---AddNewHO--popup-sa\"]"}
RESULT: {"using":"xpath","value":"//*[@id=\"application-managehandovers-display-component---AddNewHO--popup-sa\"]"}
COMMAND: POST /session/612db7fa7930bbb36023b099dfe9ab59/element/f.E3CD5E68D1E1B2FCF6DD50D193150CE1.d.7D33876A3EF28C78D8617DFA9998DFA5.e.19326/click - {}
RESULT: {}
COMMAND: POST /session/612db7fa7930bbb36023b099dfe9ab59/execute/async - {"script":"<script> [1562 bytes]","args":[{"selector":{"controlType":"sap.m.Button","viewName":"etm.portal.ui.managehandovers.view.AddNewHO","viewId":"application-managehandovers-display-component---AddNewHO","i18NText":{"propertyName":"text","key":"select"},"searchOpenDialogs":true,"interaction":{"idSuffix":"BDI-content"}},"wdio_ui5_key":"etmportal.ui.managehandovers.view.AddNewHOsap.m.Button{\"propertyName\":\"text\",\"key\":\"select\"}"}]}
COMMAND: GET /session/612db7fa7930bbb36023b099dfe9ab59/screenshot - {}
RESULT: {"script":"<script> [1562 bytes]","args":[{"selector":{"controlType":"sap.m.Button","viewName":"etm.portal.ui.managehandovers.view.AddNewHO","viewId":"application-managehandovers-display-component---AddNewHO","i18NText":{"propertyName":"text","key":"select"},"searchOpenDialogs":true,"interaction":{"idSuffix":"BDI-content"}},"wdio_ui5_key":"etmportal.ui.managehandovers.view.AddNewHOsap.m.Button{\"propertyName\":\"text\",\"key\":\"select\"}"}]}
RESULT: undefined
COMMAND: POST /session/612db7fa7930bbb36023b099dfe9ab59/element - {"using":"xpath","value":"//*[@id=\"__button61\"]"}
RESULT: {}
RESULT: {"using":"xpath","value":"//*[@id=\"__button61\"]"}
COMMAND: POST /session/612db7fa7930bbb36023b099dfe9ab59/element/f.E3CD5E68D1E1B2FCF6DD50D193150CE1.d.7D33876A3EF28C78D8617DFA9998DFA5.e.19328/click - {}
RESULT: {}
COMMAND: GET /session/612db7fa7930bbb36023b099dfe9ab59/screenshot - {}
RESULT: {}
COMMAND: POST /session/612db7fa7930bbb36023b099dfe9ab59/execute/async - {"script":"<script> [1562 bytes]","args":[{"selector":{"id":"application-managehandovers-display-component---AddNewHO--confirmCreationButton","interaction":{"idSuffix":"BDI-content"}},"wdio_ui5_key":"applicationmanagehandovers-display-component---AddNewHO--confirmCreationButton"}]}
RESULT: {"script":"<script> [1562 bytes]","args":[{"selector":{"id":"application-managehandovers-display-component---AddNewHO--confirmCreationButton","interaction":{"idSuffix":"BDI-content"}},"wdio_ui5_key":"applicationmanagehandovers-display-component---AddNewHO--confirmCreationButton"}]}
RESULT: undefined
COMMAND: POST /session/612db7fa7930bbb36023b099dfe9ab59/element - {"using":"xpath","value":"//*[@id=\"application-managehandovers-display-component---AddNewHO--confirmCreationButton\"]"}
RESULT: {"using":"xpath","value":"//*[@id=\"application-managehandovers-display-component---AddNewHO--confirmCreationButton\"]"}
COMMAND: POST /session/612db7fa7930bbb36023b099dfe9ab59/element/f.E3CD5E68D1E1B2FCF6DD50D193150CE1.d.7D33876A3EF28C78D8617DFA9998DFA5.e.19142/click - {}
RESULT: {}
COMMAND: GET /session/612db7fa7930bbb36023b099dfe9ab59/screenshot - {}
RESULT: {}
COMMAND: POST /session/612db7fa7930bbb36023b099dfe9ab59/execute/async - {"script":"<script> [1562 bytes]","args":[{"selector":{"controlType":"sap.m.Text","viewName":"etm.portal.ui.managehandovers.view.DetailExecuteHO","bindingPath":{"propertyPath":"NO","modelName":"catalogModel"}},"wdio_ui5_key":"etmportal.ui.managehandovers.view.DetailExecuteHOsap.m.Text{\"propertyPath\":\"NO\",\"modelName\":\"catalogModel\"}"}]}
RESULT: {"script":"<script> [1562 bytes]","args":[{"selector":{"controlType":"sap.m.Text","viewName":"etm.portal.ui.managehandovers.view.DetailExecuteHO","bindingPath":{"propertyPath":"NO","modelName":"catalogModel"}},"wdio_ui5_key":"etmportal.ui.managehandovers.view.DetailExecuteHOsap.m.Text{\"propertyPath\":\"NO\",\"modelName\":\"catalogModel\"}"}]}
RESULT: undefined
COMMAND: POST /session/612db7fa7930bbb36023b099dfe9ab59/execute/async - {"script":"<script> [6424 bytes]","args":[{"element-6066-11e4-a52e-4f735466cecf":"f.E3CD5E68D1E1B2FCF6DD50D193150CE1.d.7D33876A3EF28C78D8617DFA9998DFA5.e.19383"},"getText",[]]}
RESULT: {"script":"<script> [6424 bytes]","args":[{"element-6066-11e4-a52e-4f735466cecf":"f.E3CD5E68D1E1B2FCF6DD50D193150CE1.d.7D33876A3EF28C78D8617DFA9998DFA5.e.19383"},"getText",[]]}
COMMAND: POST /session/612db7fa7930bbb36023b099dfe9ab59/element - {"using":"xpath","value":"//a[contains(@data-kt ,\"GeneralSectionSendContractLink\")]"}
RESULT: {"using":"xpath","value":"//a[contains(@data-kt ,\"GeneralSectionSendContractLink\")]"}
COMMAND: POST /session/612db7fa7930bbb36023b099dfe9ab59/element/f.E3CD5E68D1E1B2FCF6DD50D193150CE1.d.7D33876A3EF28C78D8617DFA9998DFA5.e.19384/click - {}
RESULT: {}
COMMAND: GET /session/612db7fa7930bbb36023b099dfe9ab59/screenshot - {}
RESULT: {}
COMMAND: POST /session/612db7fa7930bbb36023b099dfe9ab59/element - {"using":"xpath","value":"//a[contains(@data-kt ,\"ContextMenuId2Link\")]"}
RESULT: {"using":"xpath","value":"//a[contains(@data-kt ,\"ContextMenuId2Link\")]"}
COMMAND: POST /session/612db7fa7930bbb36023b099dfe9ab59/elements - {"using":"xpath","value":"//a[contains(@data-kt ,\"ContextMenuId2Link\")]"}
RESULT: {"using":"xpath","value":"//a[contains(@data-kt ,\"ContextMenuId2Link\")]"}
COMMAND: POST /session/612db7fa7930bbb36023b099dfe9ab59/element/f.E3CD5E68D1E1B2FCF6DD50D193150CE1.d.7D33876A3EF28C78D8617DFA9998DFA5.e.19388/click - {}
RESULT: {}
COMMAND: GET /session/612db7fa7930bbb36023b099dfe9ab59/screenshot - {}
COMMAND: POST /session/612db7fa7930bbb36023b099dfe9ab59/execute/async - {"script":"<script> [1562 bytes]","args":[{"selector":{"controlType":"sap.m.Link","viewName":"etm.portal.ui.managehandovers.view.DetailExecuteHO","properties":{"text":"Contract Overview"},"searchOpenDialogs":true},"wdio_ui5_key":"etmportal.ui.managehandovers.view.DetailExecuteHOsap.m.Link{\"text\":\"Contract Overview\"}"}]}
RESULT: {}
RESULT: {"script":"<script> [1562 bytes]","args":[{"selector":{"controlType":"sap.m.Link","viewName":"etm.portal.ui.managehandovers.view.DetailExecuteHO","properties":{"text":"Contract Overview"},"searchOpenDialogs":true},"wdio_ui5_key":"etmportal.ui.managehandovers.view.DetailExecuteHOsap.m.Link{\"text\":\"Contract Overview\"}"}]}
RESULT: undefined
RESULT: undefined
COMMAND: POST /session/612db7fa7930bbb36023b099dfe9ab59/execute/async - {"script":"<script> [6424 bytes]","args":[{"element-6066-11e4-a52e-4f735466cecf":"f.E3CD5E68D1E1B2FCF6DD50D193150CE1.d.7D33876A3EF28C78D8617DFA9998DFA5.e.19003"},"getText",[]]}
COMMAND: POST /session/612db7fa7930bbb36023b099dfe9ab59/execute/async - {"script":"<script> [1562 bytes]","args":[{"selector":{"controlType":"sap.m.ObjectStatus","viewName":"etm.portal.ui.managecontracts.view.Detail","bindingPath":{"propertyPath":"LINK_TO_LOGISTICAL_STATUS/DESCRIPTION","modelName":"catalogModel"}},"wdio_ui5_key":"etmportal.ui.managecontracts.view.Detailsap.m.ObjectStatus{\"propertyPath\":\"LINK_TO_LOGISTICAL_STATUS/DESCRIPTION\",\"modelName\":\"catalogModel\"}"}]}
RESULT: {"script":"<script> [1562 bytes]","args":[{"selector":{"controlType":"sap.m.ObjectStatus","viewName":"etm.portal.ui.managecontracts.view.Detail","bindingPath":{"propertyPath":"LINK_TO_LOGISTICAL_STATUS/DESCRIPTION","modelName":"catalogModel"}},"wdio_ui5_key":"etmportal.ui.managecontracts.view.Detailsap.m.ObjectStatus{\"propertyPath\":\"LINK_TO_LOGISTICAL_STATUS/DESCRIPTION\",\"modelName\":\"catalogModel\"}"}]}
COMMAND: POST /session/612db7fa7930bbb36023b099dfe9ab59/execute/async - {"script":"<script> [6424 bytes]","args":[{"element-6066-11e4-a52e-4f735466cecf":"f.E3CD5E68D1E1B2FCF6DD50D193150CE1.d.7D33876A3EF28C78D8617DFA9998DFA5.e.19616"},"getText",[]]}
RESULT: {"script":"<script> [6424 bytes]","args":[{"element-6066-11e4-a52e-4f735466cecf":"f.E3CD5E68D1E1B2FCF6DD50D193150CE1.d.7D33876A3EF28C78D8617DFA9998DFA5.e.19616"},"getText",[]]}
RESULT: undefined
COMMAND: POST /session/612db7fa7930bbb36023b099dfe9ab59/execute/async - {"script":"<script> [6424 bytes]","args":[{"element-6066-11e4-a52e-4f735466cecf":"f.E3CD5E68D1E1B2FCF6DD50D193150CE1.d.7D33876A3EF28C78D8617DFA9998DFA5.e.19004"},"getText",[]]}
COMMAND: POST /session/612db7fa7930bbb36023b099dfe9ab59/execute/async - {"script":"<script> [1562 bytes]","args":[{"selector":{"controlType":"sap.m.ObjectStatus","viewName":"etm.portal.ui.managecontracts.view.Detail","bindingPath":{"propertyPath":"LINK_TO_COMMERCIAL_STATUS/DESCRIPTION","modelName":"catalogModel"}},"wdio_ui5_key":"etmportal.ui.managecontracts.view.Detailsap.m.ObjectStatus{\"propertyPath\":\"LINK_TO_COMMERCIAL_STATUS/DESCRIPTION\",\"modelName\":\"catalogModel\"}"}]}
RESULT: {"script":"<script> [1562 bytes]","args":[{"selector":{"controlType":"sap.m.ObjectStatus","viewName":"etm.portal.ui.managecontracts.view.Detail","bindingPath":{"propertyPath":"LINK_TO_COMMERCIAL_STATUS/DESCRIPTION","modelName":"catalogModel"}},"wdio_ui5_key":"etmportal.ui.managecontracts.view.Detailsap.m.ObjectStatus{\"propertyPath\":\"LINK_TO_COMMERCIAL_STATUS/DESCRIPTION\",\"modelName\":\"catalogModel\"}"}]}
COMMAND: POST /session/612db7fa7930bbb36023b099dfe9ab59/execute/async - {"script":"<script> [6424 bytes]","args":[{"element-6066-11e4-a52e-4f735466cecf":"f.E3CD5E68D1E1B2FCF6DD50D193150CE1.d.7D33876A3EF28C78D8617DFA9998DFA5.e.19617"},"getText",[]]}
RESULT: {"script":"<script> [6424 bytes]","args":[{"element-6066-11e4-a52e-4f735466cecf":"f.E3CD5E68D1E1B2FCF6DD50D193150CE1.d.7D33876A3EF28C78D8617DFA9998DFA5.e.19617"},"getText",[]]}
COMMAND: POST /session/612db7fa7930bbb36023b099dfe9ab59/execute/async - {"script":"<script> [1562 bytes]","args":[{"selector":{"id":"backBtn"},"wdio_ui5_key":"backBtn"}]}
RESULT: {"script":"<script> [1562 bytes]","args":[{"selector":{"id":"backBtn"},"wdio_ui5_key":"backBtn"}]}
RESULT: undefined
COMMAND: POST /session/612db7fa7930bbb36023b099dfe9ab59/element - {"using":"xpath","value":"//*[@id=\"backBtn\"]"}
RESULT: {"using":"xpath","value":"//*[@id=\"backBtn\"]"}
COMMAND: POST /session/612db7fa7930bbb36023b099dfe9ab59/element/f.E3CD5E68D1E1B2FCF6DD50D193150CE1.d.7D33876A3EF28C78D8617DFA9998DFA5.e.19618/click - {}
RESULT: {}
COMMAND: GET /session/612db7fa7930bbb36023b099dfe9ab59/screenshot - {}
RESULT: {}
COMMAND: POST /session/612db7fa7930bbb36023b099dfe9ab59/element - {"using":"xpath","value":"//input[contains(@id ,\"issueDatePicker-inner\")]"}
RESULT: {"using":"xpath","value":"//input[contains(@id ,\"issueDatePicker-inner\")]"}
COMMAND: GET /session/612db7fa7930bbb36023b099dfe9ab59/element/f.E3CD5E68D1E1B2FCF6DD50D193150CE1.d.7D33876A3EF28C78D8617DFA9998DFA5.e.19719/property/value - {}
RESULT: {}
COMMAND: POST /session/612db7fa7930bbb36023b099dfe9ab59/element/f.E3CD5E68D1E1B2FCF6DD50D193150CE1.d.7D33876A3EF28C78D8617DFA9998DFA5.e.19719/clear - {}
COMMAND: GET /session/612db7fa7930bbb36023b099dfe9ab59/screenshot - {}
RESULT: {}
COMMAND: POST /session/612db7fa7930bbb36023b099dfe9ab59/element/f.E3CD5E68D1E1B2FCF6DD50D193150CE1.d.7D33876A3EF28C78D8617DFA9998DFA5.e.19719/value - {"text":"05/25/25"}
COMMAND: GET /session/612db7fa7930bbb36023b099dfe9ab59/screenshot - {}
RESULT: {}
RESULT: {"text":"05/25/25"}
COMMAND: GET /session/612db7fa7930bbb36023b099dfe9ab59/screenshot - {}
RESULT: {}
RESULT: {}
COMMAND: POST /session/612db7fa7930bbb36023b099dfe9ab59/execute/async - {"script":"<script> [1562 bytes]","args":[{"selector":{"controlType":"sap.m.Button","viewName":"etm.portal.ui.managehandovers.view.DetailExecuteHO","i18NText":{"propertyName":"text","key":"confirmAll"},"interaction":{"idSuffix":"inner"}},"wdio_ui5_key":"etmportal.ui.managehandovers.view.DetailExecuteHOsap.m.Button{\"propertyName\":\"text\",\"key\":\"confirmAll\"}"}]}
RESULT: {"script":"<script> [1562 bytes]","args":[{"selector":{"controlType":"sap.m.Button","viewName":"etm.portal.ui.managehandovers.view.DetailExecuteHO","i18NText":{"propertyName":"text","key":"confirmAll"},"interaction":{"idSuffix":"inner"}},"wdio_ui5_key":"etmportal.ui.managehandovers.view.DetailExecuteHOsap.m.Button{\"propertyName\":\"text\",\"key\":\"confirmAll\"}"}]}
RESULT: undefined
COMMAND: POST /session/612db7fa7930bbb36023b099dfe9ab59/element - {"using":"xpath","value":"//*[@id=\"__button145\"]"}
RESULT: {"using":"xpath","value":"//*[@id=\"__button145\"]"}
COMMAND: POST /session/612db7fa7930bbb36023b099dfe9ab59/element/f.E3CD5E68D1E1B2FCF6DD50D193150CE1.d.7D33876A3EF28C78D8617DFA9998DFA5.e.19765/click - {}
RESULT: {}
COMMAND: GET /session/612db7fa7930bbb36023b099dfe9ab59/screenshot - {}
RESULT: {}
COMMAND: POST /session/612db7fa7930bbb36023b099dfe9ab59/actions - {"actions":[{"id":"action88","type":"key","parameters":{},"actions":[{"type":"keyDown","value":""},{"type":"pause","duration":10},{"type":"keyUp","value":""}]}]}
RESULT: {"actions":[{"id":"action88","type":"key","parameters":{},"actions":[{"type":"keyDown","value":""},{"type":"pause","duration":10},{"type":"keyUp","value":""}]}]}
COMMAND: GET /session/612db7fa7930bbb36023b099dfe9ab59/screenshot - {}
RESULT: {}
RESULT: undefined
COMMAND: POST /session/612db7fa7930bbb36023b099dfe9ab59/element - {"using":"xpath","value":"//*[@id=\"__button145\"]"}
RESULT: {"using":"xpath","value":"//*[@id=\"__button145\"]"}
COMMAND: POST /session/612db7fa7930bbb36023b099dfe9ab59/element/f.E3CD5E68D1E1B2FCF6DD50D193150CE1.d.7D33876A3EF28C78D8617DFA9998DFA5.e.19765/click - {}
RESULT: {}
COMMAND: GET /session/612db7fa7930bbb36023b099dfe9ab59/screenshot - {}
RESULT: {}
COMMAND: POST /session/612db7fa7930bbb36023b099dfe9ab59/execute/async - {"script":"<script> [1562 bytes]","args":[{"selector":{"controlType":"sap.m.Button","properties":{"text":"OK"},"searchOpenDialogs":true,"interaction":{"idSuffix":"content"}},"wdio_ui5_key":"sapm.Button{\"text\":\"OK\"}"}]}
RESULT: {"script":"<script> [1562 bytes]","args":[{"selector":{"controlType":"sap.m.Button","properties":{"text":"OK"},"searchOpenDialogs":true,"interaction":{"idSuffix":"content"}},"wdio_ui5_key":"sapm.Button{\"text\":\"OK\"}"}]}
RESULT: undefined
COMMAND: POST /session/612db7fa7930bbb36023b099dfe9ab59/element - {"using":"xpath","value":"//*[@id=\"__mbox-btn-2\"]"}
RESULT: {"using":"xpath","value":"//*[@id=\"__mbox-btn-2\"]"}
COMMAND: POST /session/612db7fa7930bbb36023b099dfe9ab59/element/f.E3CD5E68D1E1B2FCF6DD50D193150CE1.d.7D33876A3EF28C78D8617DFA9998DFA5.e.19774/click - {}
RESULT: {}
COMMAND: GET /session/612db7fa7930bbb36023b099dfe9ab59/screenshot - {}
RESULT: {}
COMMAND: POST /session/612db7fa7930bbb36023b099dfe9ab59/element - {"using":"xpath","value":"//button[contains(@data-kt ,\"execHoIssueFooterButton\")]"}
RESULT: {"using":"xpath","value":"//button[contains(@data-kt ,\"execHoIssueFooterButton\")]"}
COMMAND: POST /session/612db7fa7930bbb36023b099dfe9ab59/element/f.E3CD5E68D1E1B2FCF6DD50D193150CE1.d.7D33876A3EF28C78D8617DFA9998DFA5.e.19778/click - {}
RESULT: {}
COMMAND: GET /session/612db7fa7930bbb36023b099dfe9ab59/screenshot - {}
RESULT: {}
COMMAND: POST /session/612db7fa7930bbb36023b099dfe9ab59/refresh - {}
RESULT: {}
COMMAND: GET /session/612db7fa7930bbb36023b099dfe9ab59/screenshot - {}
RESULT: {}
COMMAND: POST /session/612db7fa7930bbb36023b099dfe9ab59/refresh - {}
RESULT: {}
COMMAND: GET /session/612db7fa7930bbb36023b099dfe9ab59/screenshot - {}
RESULT: {}
COMMAND: POST /session/612db7fa7930bbb36023b099dfe9ab59/window/fullscreen - {}
RESULT: {}
COMMAND: POST /session/612db7fa7930bbb36023b099dfe9ab59/execute/async - {"script":"<script> [189 bytes]","args":[]}
RESULT: {"script":"<script> [189 bytes]","args":[]}
COMMAND: POST /session/612db7fa7930bbb36023b099dfe9ab59/execute/async - {"script":"<script> [123 bytes]","args":[]}
RESULT: {"script":"<script> [123 bytes]","args":[]}
COMMAND: POST /session/612db7fa7930bbb36023b099dfe9ab59/timeouts - {"script":"<number>"}
RESULT: {"script":"<number>"}
COMMAND: GET /session/612db7fa7930bbb36023b099dfe9ab59/timeouts - {}
RESULT: {}
RESULT: undefined
COMMAND: POST /session/612db7fa7930bbb36023b099dfe9ab59/execute/async - {"script":"<script> [2676 bytes]","args":[]}
RESULT: {"script":"<script> [2676 bytes]","args":[]}
COMMAND: POST /session/612db7fa7930bbb36023b099dfe9ab59/execute/async - {"script":"<script> [2342 bytes]","args":[{"protocol":"http","hostname":"0.0.0.0","path":"/","capabilities":{"browserName":"chrome","goog:chromeOptions":{"binary":"C:\\Program Files\\Google\\Chrome\\Application\\chrome.exe","args":["--start-maximized"]}},"logLevel":"warn","connectionRetryTimeout":120000,"connectionRetryCount":3,"logLevels":{},"enableDirectConnect":true,"strictSSL":true,"_":"65 more keys: [\"cacheDir\",\"port\",\"requestedCapabilities\",\"automationProtocol\",\"baseUrl\",\"waitforInterval\",\"waitforTimeout\",\"onReload\",\"beforeCommand\",\"afterCommand\",\"rootDir\",\"specs\",\"suites\",\"exclude\",\"groupLogsByTestSpec\",\"excludeDriverLogs\",\"bail\",\"framework\",\"reporters\",\"services\",\"maxInstances\",\"maxInstancesPerCapability\",\"injectGlobals\",\"filesToWatch\",\"execArgv\",\"runnerEnv\",\"runner\",\"shard\",\"specFileRetries\",\"specFileRetriesDelay\",\"specFileRetriesDeferred\",\"reporterSyncInterval\",\"reporterSyncTimeout\",\"cucumberFeaturesWithLineNumbers\",\"autoCompileOpts\",\"mochaOpts\",\"jasmineOpts\",\"cucumberOpts\",\"onPrepare\",\"onWorkerStart\",\"onWorkerEnd\",\"before\",\"beforeSession\",\"beforeSuite\",\"beforeHook\",\"beforeTest\",\"afterTest\",\"afterHook\",\"afterSuite\",\"afterSession\",\"after\",\"onComplete\",\"beforeAssertion\",\"afterAssertion\",\"beforeFeature\",\"beforeScenario\",\"beforeStep\",\"afterStep\",\"afterScenario\",\"afterFeature\",\"_\",\"suite\",\"$0\",\"ignoredWorkerServices\",\"wdi5\"]"}]}
RESULT: {"script":"<script> [2342 bytes]","args":[{"protocol":"http","hostname":"0.0.0.0","path":"/","capabilities":{"browserName":"chrome","goog:chromeOptions":{"binary":"C:\\Program Files\\Google\\Chrome\\Application\\chrome.exe","args":["--start-maximized"]}},"logLevel":"warn","connectionRetryTimeout":120000,"connectionRetryCount":3,"logLevels":{},"enableDirectConnect":true,"strictSSL":true,"_":"65 more keys: [\"cacheDir\",\"port\",\"requestedCapabilities\",\"automationProtocol\",\"baseUrl\",\"waitforInterval\",\"waitforTimeout\",\"onReload\",\"beforeCommand\",\"afterCommand\",\"rootDir\",\"specs\",\"suites\",\"exclude\",\"groupLogsByTestSpec\",\"excludeDriverLogs\",\"bail\",\"framework\",\"reporters\",\"services\",\"maxInstances\",\"maxInstancesPerCapability\",\"injectGlobals\",\"filesToWatch\",\"execArgv\",\"runnerEnv\",\"runner\",\"shard\",\"specFileRetries\",\"specFileRetriesDelay\",\"specFileRetriesDeferred\",\"reporterSyncInterval\",\"reporterSyncTimeout\",\"cucumberFeaturesWithLineNumbers\",\"autoCompileOpts\",\"mochaOpts\",\"jasmineOpts\",\"cucumberOpts\",\"onPrepare\",\"onWorkerStart\",\"onWorkerEnd\",\"before\",\"beforeSession\",\"beforeSuite\",\"beforeHook\",\"beforeTest\",\"afterTest\",\"afterHook\",\"afterSuite\",\"afterSession\",\"after\",\"onComplete\",\"beforeAssertion\",\"afterAssertion\",\"beforeFeature\",\"beforeScenario\",\"beforeStep\",\"afterStep\",\"afterScenario\",\"afterFeature\",\"_\",\"suite\",\"$0\",\"ignoredWorkerServices\",\"wdi5\"]"}]}
COMMAND: POST /session/612db7fa7930bbb36023b099dfe9ab59/execute/async - {"script":"<script> [21126 bytes]","args":[35000]}
RESULT: {"script":"<script> [21126 bytes]","args":[35000]}
COMMAND: POST /session/612db7fa7930bbb36023b099dfe9ab59/execute/async - {"script":"<script> [1562 bytes]","args":[{"selector":{"controlType":"sap.m.SearchField","viewName":"etm.portal.ui.managehandovers.view.MasterHO","bindingPath":{"path":"","propertyPath":"/_BASIC_SEARCH_FIELD","modelName":"fi1t3rM0d31"},"interaction":{"idSuffix":"I"}},"wdio_ui5_key":"etmportal.ui.managehandovers.view.MasterHOsap.m.SearchField{\"path\":\"\",\"propertyPath\":\"/_BASIC_SEARCH_FIELD\",\"modelName\":\"fi1t3rM0d31\"}"}]}
RESULT: {"script":"<script> [1562 bytes]","args":[{"selector":{"controlType":"sap.m.SearchField","viewName":"etm.portal.ui.managehandovers.view.MasterHO","bindingPath":{"path":"","propertyPath":"/_BASIC_SEARCH_FIELD","modelName":"fi1t3rM0d31"},"interaction":{"idSuffix":"I"}},"wdio_ui5_key":"etmportal.ui.managehandovers.view.MasterHOsap.m.SearchField{\"path\":\"\",\"propertyPath\":\"/_BASIC_SEARCH_FIELD\",\"modelName\":\"fi1t3rM0d31\"}"}]}
RESULT: undefined
COMMAND: POST /session/612db7fa7930bbb36023b099dfe9ab59/execute/async - {"script":"<script> [776 bytes]","args":[{"enterText":"30457","selector":{"controlType":"sap.m.SearchField","viewName":"etm.portal.ui.managehandovers.view.MasterHO","bindingPath":{"path":"","propertyPath":"/_BASIC_SEARCH_FIELD","modelName":"fi1t3rM0d31"},"interaction":{"idSuffix":"I"}},"clearTextFirst":true,"interactionType":"ENTER_TEXT"}]}
RESULT: {"script":"<script> [776 bytes]","args":[{"enterText":"30457","selector":{"controlType":"sap.m.SearchField","viewName":"etm.portal.ui.managehandovers.view.MasterHO","bindingPath":{"path":"","propertyPath":"/_BASIC_SEARCH_FIELD","modelName":"fi1t3rM0d31"},"interaction":{"idSuffix":"I"}},"clearTextFirst":true,"interactionType":"ENTER_TEXT"}]}
COMMAND: POST /session/612db7fa7930bbb36023b099dfe9ab59/actions - {"actions":[{"id":"action89","type":"key","parameters":{},"actions":[{"type":"keyDown","value":""},{"type":"pause","duration":10},{"type":"keyUp","value":""}]}]}
RESULT: {"actions":[{"id":"action89","type":"key","parameters":{},"actions":[{"type":"keyDown","value":""},{"type":"pause","duration":10},{"type":"keyUp","value":""}]}]}
COMMAND: GET /session/612db7fa7930bbb36023b099dfe9ab59/screenshot - {}
RESULT: {}
COMMAND: POST /session/612db7fa7930bbb36023b099dfe9ab59/execute/async - {"script":"<script> [1562 bytes]","args":[{"selector":{"controlType":"sap.m.Title","viewName":"etm.portal.ui.managehandovers.view.MasterHO","properties":{"text":"Records (1)"}},"wdio_ui5_key":"etmportal.ui.managehandovers.view.MasterHOsap.m.Title{\"text\":\"Records (1)\"}"}]}
RESULT: {"script":"<script> [1562 bytes]","args":[{"selector":{"controlType":"sap.m.Title","viewName":"etm.portal.ui.managehandovers.view.MasterHO","properties":{"text":"Records (1)"}},"wdio_ui5_key":"etmportal.ui.managehandovers.view.MasterHOsap.m.Title{\"text\":\"Records (1)\"}"}]}
RESULT: undefined
COMMAND: POST /session/612db7fa7930bbb36023b099dfe9ab59/execute/async - {"script":"<script> [6424 bytes]","args":[{"element-6066-11e4-a52e-4f735466cecf":"f.E3CD5E68D1E1B2FCF6DD50D193150CE1.d.E91BA6C4EE434198203A027A653FA25D.e.20164"},"getText",[]]}
RESULT: {"script":"<script> [6424 bytes]","args":[{"element-6066-11e4-a52e-4f735466cecf":"f.E3CD5E68D1E1B2FCF6DD50D193150CE1.d.E91BA6C4EE434198203A027A653FA25D.e.20164"},"getText",[]]}
COMMAND: POST /session/612db7fa7930bbb36023b099dfe9ab59/execute/async - {"script":"<script> [1562 bytes]","args":[{"selector":{"controlType":"sap.ui.core.Icon","viewName":"etm.portal.ui.managehandovers.view.MasterHO","properties":{"src":{"regex":{"source":"slim\\-arrow\\-right"}}}},"wdio_ui5_key":"etmportal.ui.managehandovers.view.MasterHOsap.ui.core.Icon{\"src\":{\"regex\":{\"source\":\"slim\\\\-arrow\\\\-right\"}}}"}]}
RESULT: {"script":"<script> [1562 bytes]","args":[{"selector":{"controlType":"sap.ui.core.Icon","viewName":"etm.portal.ui.managehandovers.view.MasterHO","properties":{"src":{"regex":{"source":"slim\\-arrow\\-right"}}}},"wdio_ui5_key":"etmportal.ui.managehandovers.view.MasterHOsap.ui.core.Icon{\"src\":{\"regex\":{\"source\":\"slim\\\\-arrow\\\\-right\"}}}"}]}
RESULT: undefined
COMMAND: POST /session/612db7fa7930bbb36023b099dfe9ab59/element - {"using":"xpath","value":"//*[@id=\"__item17-__clone17-imgNav\"]"}
RESULT: {"using":"xpath","value":"//*[@id=\"__item17-__clone17-imgNav\"]"}
COMMAND: POST /session/612db7fa7930bbb36023b099dfe9ab59/element/f.E3CD5E68D1E1B2FCF6DD50D193150CE1.d.E91BA6C4EE434198203A027A653FA25D.e.20163/click - {}
RESULT: {}
COMMAND: GET /session/612db7fa7930bbb36023b099dfe9ab59/screenshot - {}
RESULT: {}
COMMAND: POST /session/612db7fa7930bbb36023b099dfe9ab59/execute/async - {"script":"<script> [1562 bytes]","args":[{"selector":{"controlType":"sap.m.ObjectStatus","viewName":"etm.portal.ui.managehandovers.view.DetailManageHO","viewId":"application-managehandovers-display-component---detailManageHO","labelFor":{"text":"Status"}},"wdio_ui5_key":"etmportal.ui.managehandovers.view.DetailManageHOsap.m.ObjectStatus{\"text\":\"Status\"}"}]}
RESULT: {"script":"<script> [1562 bytes]","args":[{"selector":{"controlType":"sap.m.ObjectStatus","viewName":"etm.portal.ui.managehandovers.view.DetailManageHO","viewId":"application-managehandovers-display-component---detailManageHO","labelFor":{"text":"Status"}},"wdio_ui5_key":"etmportal.ui.managehandovers.view.DetailManageHOsap.m.ObjectStatus{\"text\":\"Status\"}"}]}
RESULT: undefined
COMMAND: POST /session/612db7fa7930bbb36023b099dfe9ab59/execute/async - {"script":"<script> [6424 bytes]","args":[{"element-6066-11e4-a52e-4f735466cecf":"f.E3CD5E68D1E1B2FCF6DD50D193150CE1.d.E91BA6C4EE434198203A027A653FA25D.e.20247"},"getText",[]]}
RESULT: {"script":"<script> [6424 bytes]","args":[{"element-6066-11e4-a52e-4f735466cecf":"f.E3CD5E68D1E1B2FCF6DD50D193150CE1.d.E91BA6C4EE434198203A027A653FA25D.e.20247"},"getText",[]]}
COMMAND: POST /session/612db7fa7930bbb36023b099dfe9ab59/element - {"using":"xpath","value":"//a[contains(@data-kt ,\"GeneralSectionSendContractLink\")]"}
RESULT: {"using":"xpath","value":"//a[contains(@data-kt ,\"GeneralSectionSendContractLink\")]"}
COMMAND: POST /session/612db7fa7930bbb36023b099dfe9ab59/element/f.E3CD5E68D1E1B2FCF6DD50D193150CE1.d.E91BA6C4EE434198203A027A653FA25D.e.20248/click - {}
RESULT: {}
COMMAND: GET /session/612db7fa7930bbb36023b099dfe9ab59/screenshot - {}
RESULT: {}
COMMAND: POST /session/612db7fa7930bbb36023b099dfe9ab59/elements - {"using":"xpath","value":"//a[contains(@data-kt ,\"ContextMenuId2Link\")]"}
RESULT: {"using":"xpath","value":"//a[contains(@data-kt ,\"ContextMenuId2Link\")]"}
COMMAND: POST /session/612db7fa7930bbb36023b099dfe9ab59/element/f.E3CD5E68D1E1B2FCF6DD50D193150CE1.d.7D33876A3EF28C78D8617DFA9998DFA5.e.19388/click - {}
COMMAND: POST /session/612db7fa7930bbb36023b099dfe9ab59/element - {"using":"xpath","value":"//a[contains(@data-kt ,\"ContextMenuId2Link\")]"}
RESULT: {"using":"xpath","value":"//a[contains(@data-kt ,\"ContextMenuId2Link\")]"}
COMMAND: POST /session/612db7fa7930bbb36023b099dfe9ab59/element/f.E3CD5E68D1E1B2FCF6DD50D193150CE1.d.7D33876A3EF28C78D8617DFA9998DFA5.e.19388/click - {}
COMMAND: POST /session/612db7fa7930bbb36023b099dfe9ab59/element - {"using":"xpath","value":"//a[contains(@data-kt ,\"ContextMenuId2Link\")]"}
RESULT: {"using":"xpath","value":"//a[contains(@data-kt ,\"ContextMenuId2Link\")]"}
COMMAND: POST /session/612db7fa7930bbb36023b099dfe9ab59/element/f.E3CD5E68D1E1B2FCF6DD50D193150CE1.d.E91BA6C4EE434198203A027A653FA25D.e.20251/click - {}
RESULT: {}
COMMAND: GET /session/612db7fa7930bbb36023b099dfe9ab59/screenshot - {}
RESULT: {}
COMMAND: POST /session/612db7fa7930bbb36023b099dfe9ab59/execute/async - {"script":"<script> [1562 bytes]","args":[{"selector":{"controlType":"sap.m.ObjectStatus","viewName":"etm.portal.ui.managecontracts.view.Detail","bindingPath":{"propertyPath":"LINK_TO_COMMERCIAL_STATUS/DESCRIPTION","modelName":"catalogModel"}},"wdio_ui5_key":"etmportal.ui.managecontracts.view.Detailsap.m.ObjectStatus{\"propertyPath\":\"LINK_TO_COMMERCIAL_STATUS/DESCRIPTION\",\"modelName\":\"catalogModel\"}"}]}
RESULT: {"script":"<script> [1562 bytes]","args":[{"selector":{"controlType":"sap.m.ObjectStatus","viewName":"etm.portal.ui.managecontracts.view.Detail","bindingPath":{"propertyPath":"LINK_TO_COMMERCIAL_STATUS/DESCRIPTION","modelName":"catalogModel"}},"wdio_ui5_key":"etmportal.ui.managecontracts.view.Detailsap.m.ObjectStatus{\"propertyPath\":\"LINK_TO_COMMERCIAL_STATUS/DESCRIPTION\",\"modelName\":\"catalogModel\"}"}]}
RESULT: undefined
COMMAND: POST /session/612db7fa7930bbb36023b099dfe9ab59/execute/async - {"script":"<script> [6424 bytes]","args":[{"element-6066-11e4-a52e-4f735466cecf":"f.E3CD5E68D1E1B2FCF6DD50D193150CE1.d.E91BA6C4EE434198203A027A653FA25D.e.20483"},"getText",[]]}
RESULT: {"script":"<script> [6424 bytes]","args":[{"element-6066-11e4-a52e-4f735466cecf":"f.E3CD5E68D1E1B2FCF6DD50D193150CE1.d.E91BA6C4EE434198203A027A653FA25D.e.20483"},"getText",[]]}
COMMAND: POST /session/612db7fa7930bbb36023b099dfe9ab59/execute/async - {"script":"<script> [1562 bytes]","args":[{"selector":{"controlType":"sap.m.ObjectStatus","viewName":"etm.portal.ui.managecontracts.view.Detail","bindingPath":{"propertyPath":"LINK_TO_LOGISTICAL_STATUS/DESCRIPTION","modelName":"catalogModel"}},"wdio_ui5_key":"etmportal.ui.managecontracts.view.Detailsap.m.ObjectStatus{\"propertyPath\":\"LINK_TO_LOGISTICAL_STATUS/DESCRIPTION\",\"modelName\":\"catalogModel\"}"}]}
RESULT: {"script":"<script> [1562 bytes]","args":[{"selector":{"controlType":"sap.m.ObjectStatus","viewName":"etm.portal.ui.managecontracts.view.Detail","bindingPath":{"propertyPath":"LINK_TO_LOGISTICAL_STATUS/DESCRIPTION","modelName":"catalogModel"}},"wdio_ui5_key":"etmportal.ui.managecontracts.view.Detailsap.m.ObjectStatus{\"propertyPath\":\"LINK_TO_LOGISTICAL_STATUS/DESCRIPTION\",\"modelName\":\"catalogModel\"}"}]}
RESULT: undefined
COMMAND: POST /session/612db7fa7930bbb36023b099dfe9ab59/execute/async - {"script":"<script> [6424 bytes]","args":[{"element-6066-11e4-a52e-4f735466cecf":"f.E3CD5E68D1E1B2FCF6DD50D193150CE1.d.E91BA6C4EE434198203A027A653FA25D.e.20484"},"getText",[]]}
RESULT: {"script":"<script> [6424 bytes]","args":[{"element-6066-11e4-a52e-4f735466cecf":"f.E3CD5E68D1E1B2FCF6DD50D193150CE1.d.E91BA6C4EE434198203A027A653FA25D.e.20484"},"getText",[]]}
COMMAND: POST /session/612db7fa7930bbb36023b099dfe9ab59/element - {"using":"xpath","value":"//button[@data-kt=\"contractDetailEditBtnButton\"]"}
RESULT: {"using":"xpath","value":"//button[@data-kt=\"contractDetailEditBtnButton\"]"}
COMMAND: POST /session/612db7fa7930bbb36023b099dfe9ab59/element/f.E3CD5E68D1E1B2FCF6DD50D193150CE1.d.E91BA6C4EE434198203A027A653FA25D.e.20315/click - {}
RESULT: {}
COMMAND: GET /session/612db7fa7930bbb36023b099dfe9ab59/screenshot - {}
RESULT: {}
COMMAND: POST /session/612db7fa7930bbb36023b099dfe9ab59/element - {"using":"xpath","value":"(//span[contains(text(), \"Additional Addresses\")])[2]"}
RESULT: {"using":"xpath","value":"(//span[contains(text(), \"Additional Addresses\")])[2]"}
COMMAND: POST /session/612db7fa7930bbb36023b099dfe9ab59/element/f.E3CD5E68D1E1B2FCF6DD50D193150CE1.d.E91BA6C4EE434198203A027A653FA25D.e.20544/click - {}
RESULT: {}
COMMAND: GET /session/612db7fa7930bbb36023b099dfe9ab59/screenshot - {}
RESULT: {}
COMMAND: POST /session/612db7fa7930bbb36023b099dfe9ab59/element - {"using":"xpath","value":"//button[@data-kt=\"btnAddTableRowOverflowToolbarButton\"]"}
RESULT: {"using":"xpath","value":"//button[@data-kt=\"btnAddTableRowOverflowToolbarButton\"]"}
COMMAND: POST /session/612db7fa7930bbb36023b099dfe9ab59/element/f.E3CD5E68D1E1B2FCF6DD50D193150CE1.d.E91BA6C4EE434198203A027A653FA25D.e.20546/click - {}
RESULT: {}
COMMAND: GET /session/612db7fa7930bbb36023b099dfe9ab59/screenshot - {}
RESULT: {}
COMMAND: POST /session/612db7fa7930bbb36023b099dfe9ab59/element - {"using":"xpath","value":"//div[(text() = 'Standard Entry' or . = 'Standard Entry')]"}
RESULT: {"using":"xpath","value":"//div[(text() = 'Standard Entry' or . = 'Standard Entry')]"}
COMMAND: POST /session/612db7fa7930bbb36023b099dfe9ab59/element/f.E3CD5E68D1E1B2FCF6DD50D193150CE1.d.E91BA6C4EE434198203A027A653FA25D.e.20548/click - {}
RESULT: {}
COMMAND: POST /session/612db7fa7930bbb36023b099dfe9ab59/execute/async - {"script":"<script> [1562 bytes]","args":[{"selector":{"controlType":"sap.ui.core.Icon","viewName":"etm.portal.ui.managecontracts.view.EditContract","properties":{"src":{"regex":{"source":"slim\\-arrow\\-down"}}},"ancestor":{"controlType":"sap.m.ComboBox","viewName":"etm.portal.ui.managecontracts.view.EditContract","bindingPath":{"propertyPath":"RU_TYPE","modelName":"catalogModel"}}},"wdio_ui5_key":"etmportal.ui.managecontracts.view.EditContractsap.ui.core.Icon{\"src\":{\"regex\":{\"source\":\"slim\\\\-arrow\\\\-down\"}}}{\"controlType\":\"sap.m.ComboBox\",\"viewName\":\"etm.portal.ui.managecontracts.view.EditContract\",\"bindingPath\":{\"propertyPath\":\"RU_TYPE\",\"modelName\":\"catalogModel\"}}"}]}
COMMAND: GET /session/612db7fa7930bbb36023b099dfe9ab59/screenshot - {}
RESULT: {"script":"<script> [1562 bytes]","args":[{"selector":{"controlType":"sap.ui.core.Icon","viewName":"etm.portal.ui.managecontracts.view.EditContract","properties":{"src":{"regex":{"source":"slim\\-arrow\\-down"}}},"ancestor":{"controlType":"sap.m.ComboBox","viewName":"etm.portal.ui.managecontracts.view.EditContract","bindingPath":{"propertyPath":"RU_TYPE","modelName":"catalogModel"}}},"wdio_ui5_key":"etmportal.ui.managecontracts.view.EditContractsap.ui.core.Icon{\"src\":{\"regex\":{\"source\":\"slim\\\\-arrow\\\\-down\"}}}{\"controlType\":\"sap.m.ComboBox\",\"viewName\":\"etm.portal.ui.managecontracts.view.EditContract\",\"bindingPath\":{\"propertyPath\":\"RU_TYPE\",\"modelName\":\"catalogModel\"}}"}]}
RESULT: undefined
COMMAND: POST /session/612db7fa7930bbb36023b099dfe9ab59/element - {"using":"xpath","value":"//*[@id=\"__box19-arrow\"]"}
RESULT: {}
RESULT: {"using":"xpath","value":"//*[@id=\"__box19-arrow\"]"}
COMMAND: POST /session/612db7fa7930bbb36023b099dfe9ab59/element/f.E3CD5E68D1E1B2FCF6DD50D193150CE1.d.E91BA6C4EE434198203A027A653FA25D.e.20563/click - {}
RESULT: {}
COMMAND: POST /session/612db7fa7930bbb36023b099dfe9ab59/execute/async - {"script":"<script> [1562 bytes]","args":[{"selector":{"controlType":"sap.m.StandardListItem","viewName":"etm.portal.ui.managecontracts.view.EditContract","properties":{"title":"Material"},"searchOpenDialogs":true,"interaction":{"idSuffix":"content"}},"wdio_ui5_key":"etmportal.ui.managecontracts.view.EditContractsap.m.StandardListItem{\"title\":\"Material\"}"}]}
COMMAND: GET /session/612db7fa7930bbb36023b099dfe9ab59/screenshot - {}
RESULT: {"script":"<script> [1562 bytes]","args":[{"selector":{"controlType":"sap.m.StandardListItem","viewName":"etm.portal.ui.managecontracts.view.EditContract","properties":{"title":"Material"},"searchOpenDialogs":true,"interaction":{"idSuffix":"content"}},"wdio_ui5_key":"etmportal.ui.managecontracts.view.EditContractsap.m.StandardListItem{\"title\":\"Material\"}"}]}
RESULT: undefined
COMMAND: POST /session/612db7fa7930bbb36023b099dfe9ab59/element - {"using":"xpath","value":"//*[@id=\"__item94\"]"}
RESULT: {}
RESULT: {"using":"xpath","value":"//*[@id=\"__item94\"]"}
COMMAND: POST /session/612db7fa7930bbb36023b099dfe9ab59/element/f.E3CD5E68D1E1B2FCF6DD50D193150CE1.d.E91BA6C4EE434198203A027A653FA25D.e.20566/click - {}
RESULT: {}
COMMAND: POST /session/612db7fa7930bbb36023b099dfe9ab59/element - {"using":"xpath","value":"//td[7]/div/div/input"}
COMMAND: GET /session/612db7fa7930bbb36023b099dfe9ab59/screenshot - {}
RESULT: {"using":"xpath","value":"//td[7]/div/div/input"}
COMMAND: POST /session/612db7fa7930bbb36023b099dfe9ab59/element/f.E3CD5E68D1E1B2FCF6DD50D193150CE1.d.E91BA6C4EE434198203A027A653FA25D.e.20569/clear - {}
RESULT: {}
RESULT: {}
COMMAND: POST /session/612db7fa7930bbb36023b099dfe9ab59/element/f.E3CD5E68D1E1B2FCF6DD50D193150CE1.d.E91BA6C4EE434198203A027A653FA25D.e.20569/value - {"text":"WebdriverRUR2Cr9zbag"}
COMMAND: GET /session/612db7fa7930bbb36023b099dfe9ab59/screenshot - {}
RESULT: {"text":"WebdriverRUR2Cr9zbag"}
COMMAND: GET /session/612db7fa7930bbb36023b099dfe9ab59/screenshot - {}
RESULT: {}
RESULT: {}
COMMAND: POST /session/612db7fa7930bbb36023b099dfe9ab59/actions - {"actions":[{"id":"action90","type":"key","parameters":{},"actions":[{"type":"keyDown","value":""},{"type":"pause","duration":10},{"type":"keyUp","value":""}]}]}
RESULT: {"actions":[{"id":"action90","type":"key","parameters":{},"actions":[{"type":"keyDown","value":""},{"type":"pause","duration":10},{"type":"keyUp","value":""}]}]}
COMMAND: GET /session/612db7fa7930bbb36023b099dfe9ab59/screenshot - {}
RESULT: {}
COMMAND: POST /session/612db7fa7930bbb36023b099dfe9ab59/element - {"using":"xpath","value":"//button[@data-kt=\"saveButton\"]"}
RESULT: {"using":"xpath","value":"//button[@data-kt=\"saveButton\"]"}
COMMAND: POST /session/612db7fa7930bbb36023b099dfe9ab59/element/f.E3CD5E68D1E1B2FCF6DD50D193150CE1.d.E91BA6C4EE434198203A027A653FA25D.e.20592/click - {}
RESULT: {}
COMMAND: GET /session/612db7fa7930bbb36023b099dfe9ab59/screenshot - {}
RESULT: {}
RESULT: undefined
COMMAND: POST /session/612db7fa7930bbb36023b099dfe9ab59/execute/async - {"script":"<script> [6424 bytes]","args":[{"element-6066-11e4-a52e-4f735466cecf":"f.E3CD5E68D1E1B2FCF6DD50D193150CE1.d.E91BA6C4EE434198203A027A653FA25D.e.20484"},"getText",[]]}
RESULT: {"script":"<script> [6424 bytes]","args":[{"element-6066-11e4-a52e-4f735466cecf":"f.E3CD5E68D1E1B2FCF6DD50D193150CE1.d.E91BA6C4EE434198203A027A653FA25D.e.20484"},"getText",[]]}
COMMAND: DELETE /session/612db7fa7930bbb36023b099dfe9ab59 - {}
RESULT: {}
]]></system-out>
    </testcase>
  </testsuite>
</testsuites>