<?xml version="1.0" encoding="UTF-8"?>
<testsuites tests="4" failures="1" errors="1" skipped="0">
  <testsuite timestamp="2025-05-05T05:37:54" time="891.009" tests="3" failures="0" errors="0" skipped="0">
    <properties>
      <property name="specId" value="0" />
      <property name="suiteName" value="Webshop - Hyperlinks visible and working properly  US139085" />
      <property name="capabilities" value="chrome.135_0_7049_96.windows" />
      <property name="file" value="file:///D:/a/1/s/test/specs/R2C/webshop-hyperlinks-yard-site.spec.js" />
    </properties>
    <testcase classname="chrome.135_0_7049_96.windows.Webshop_-_Hyperlinks_visible_and_working_properly__US139085" name="Should create prerequisites for webshop suite" time="305.001">
      <system-out><![CDATA[
COMMAND: POST /session/c435390b79a190c6dc53366f9dd141eb/execute/async - {"script":"<script> [1562 bytes]","args":[{"selector":{"controlType":"sap.m.GenericTile","properties":{"header":"Manage Yards"}},"wdio_ui5_key":"sapm.GenericTile{\"header\":\"Manage Yards\"}"}]}
RESULT: {"script":"<script> [1562 bytes]","args":[{"selector":{"controlType":"sap.m.GenericTile","properties":{"header":"Manage Yards"}},"wdio_ui5_key":"sapm.GenericTile{\"header\":\"Manage Yards\"}"}]}
RESULT: undefined
COMMAND: POST /session/c435390b79a190c6dc53366f9dd141eb/element - {"using":"xpath","value":"//*[@id=\"__tile41\"]"}
RESULT: {"using":"xpath","value":"//*[@id=\"__tile41\"]"}
COMMAND: POST /session/c435390b79a190c6dc53366f9dd141eb/element/f.6B4F8AFC9C0006834B5D35A7C4DB5060.d.28B8AA0B0DB11F6F8058BB647677E83F.e.117/click - {}
RESULT: {}
COMMAND: GET /session/c435390b79a190c6dc53366f9dd141eb/screenshot - {}
RESULT: {}
COMMAND: POST /session/c435390b79a190c6dc53366f9dd141eb/execute/async - {"script":"<script> [1562 bytes]","args":[{"selector":{"controlType":"sap.ui.core.Icon","viewName":"etm.portal.ui.manageyards.view.Master","viewId":"application-manageyards-display-component---masterYard","properties":{"src":{"regex":{"source":"add"}}}},"wdio_ui5_key":"etmportal.ui.manageyards.view.Mastersap.ui.core.Icon{\"src\":{\"regex\":{\"source\":\"add\"}}}"}]}
RESULT: {"script":"<script> [1562 bytes]","args":[{"selector":{"controlType":"sap.ui.core.Icon","viewName":"etm.portal.ui.manageyards.view.Master","viewId":"application-manageyards-display-component---masterYard","properties":{"src":{"regex":{"source":"add"}}}},"wdio_ui5_key":"etmportal.ui.manageyards.view.Mastersap.ui.core.Icon{\"src\":{\"regex\":{\"source\":\"add\"}}}"}]}
RESULT: undefined
COMMAND: POST /session/c435390b79a190c6dc53366f9dd141eb/element - {"using":"xpath","value":"//*[@id=\"__button4-img\"]"}
RESULT: {"using":"xpath","value":"//*[@id=\"__button4-img\"]"}
COMMAND: POST /session/c435390b79a190c6dc53366f9dd141eb/element/f.6B4F8AFC9C0006834B5D35A7C4DB5060.d.28B8AA0B0DB11F6F8058BB647677E83F.e.164/click - {}
RESULT: {}
COMMAND: GET /session/c435390b79a190c6dc53366f9dd141eb/screenshot - {}
RESULT: {}
COMMAND: POST /session/c435390b79a190c6dc53366f9dd141eb/execute/async - {"script":"<script> [1562 bytes]","args":[{"selector":{"id":"application-manageyards-display-component---NewYard--yardId","interaction":{"idSuffix":"inner"}},"wdio_ui5_key":"applicationmanageyards-display-component---NewYard--yardId"}]}
RESULT: {"script":"<script> [1562 bytes]","args":[{"selector":{"id":"application-manageyards-display-component---NewYard--yardId","interaction":{"idSuffix":"inner"}},"wdio_ui5_key":"applicationmanageyards-display-component---NewYard--yardId"}]}
RESULT: undefined
COMMAND: POST /session/c435390b79a190c6dc53366f9dd141eb/element - {"using":"xpath","value":"//*[@id=\"application-manageyards-display-component---NewYard--addressDetailDetailsName1-inner\"]"}
RESULT: {"using":"xpath","value":"//*[@id=\"application-manageyards-display-component---NewYard--addressDetailDetailsName1-inner\"]"}
COMMAND: POST /session/c435390b79a190c6dc53366f9dd141eb/element/f.6B4F8AFC9C0006834B5D35A7C4DB5060.d.28B8AA0B0DB11F6F8058BB647677E83F.e.378/clear - {}
RESULT: {}
COMMAND: POST /session/c435390b79a190c6dc53366f9dd141eb/element/f.6B4F8AFC9C0006834B5D35A7C4DB5060.d.28B8AA0B0DB11F6F8058BB647677E83F.e.378/value - {"text":"WebdriverYardkki1k"}
COMMAND: GET /session/c435390b79a190c6dc53366f9dd141eb/screenshot - {}
RESULT: {"text":"WebdriverYardkki1k"}
COMMAND: POST /session/c435390b79a190c6dc53366f9dd141eb/element - {"using":"xpath","value":"//*[@id=\"application-manageyards-display-component---NewYard--addressDetailDetailsLanguage-inner\"]"}
COMMAND: GET /session/c435390b79a190c6dc53366f9dd141eb/screenshot - {}
RESULT: {}
RESULT: {"using":"xpath","value":"//*[@id=\"application-manageyards-display-component---NewYard--addressDetailDetailsLanguage-inner\"]"}
COMMAND: POST /session/c435390b79a190c6dc53366f9dd141eb/element/f.6B4F8AFC9C0006834B5D35A7C4DB5060.d.28B8AA0B0DB11F6F8058BB647677E83F.e.379/clear - {}
RESULT: {}
RESULT: {}
COMMAND: POST /session/c435390b79a190c6dc53366f9dd141eb/element/f.6B4F8AFC9C0006834B5D35A7C4DB5060.d.28B8AA0B0DB11F6F8058BB647677E83F.e.379/value - {"text":"Romanian"}
COMMAND: GET /session/c435390b79a190c6dc53366f9dd141eb/screenshot - {}
RESULT: {"text":"Romanian"}
COMMAND: POST /session/c435390b79a190c6dc53366f9dd141eb/element - {"using":"xpath","value":"//input[contains(@id ,\"application-manageyards-display-component---NewYard--addressDetailDetailsName1-inner\")]"}
COMMAND: GET /session/c435390b79a190c6dc53366f9dd141eb/screenshot - {}
RESULT: {}
RESULT: {"using":"xpath","value":"//input[contains(@id ,\"application-manageyards-display-component---NewYard--addressDetailDetailsName1-inner\")]"}
COMMAND: GET /session/c435390b79a190c6dc53366f9dd141eb/element/f.6B4F8AFC9C0006834B5D35A7C4DB5060.d.28B8AA0B0DB11F6F8058BB647677E83F.e.378/property/value - {}
RESULT: {}
RESULT: {}
COMMAND: GET /session/c435390b79a190c6dc53366f9dd141eb/screenshot - {}
RESULT: {}
COMMAND: POST /session/c435390b79a190c6dc53366f9dd141eb/element - {"using":"xpath","value":"//*[@id=\"application-manageyards-display-component---NewYard--addressDetailDetailsCity1-inner\"]"}
RESULT: {"using":"xpath","value":"//*[@id=\"application-manageyards-display-component---NewYard--addressDetailDetailsCity1-inner\"]"}
COMMAND: POST /session/c435390b79a190c6dc53366f9dd141eb/element/f.6B4F8AFC9C0006834B5D35A7C4DB5060.d.28B8AA0B0DB11F6F8058BB647677E83F.e.381/clear - {}
RESULT: {}
COMMAND: POST /session/c435390b79a190c6dc53366f9dd141eb/element/f.6B4F8AFC9C0006834B5D35A7C4DB5060.d.28B8AA0B0DB11F6F8058BB647677E83F.e.381/value - {"text":"Bucuresti"}
COMMAND: GET /session/c435390b79a190c6dc53366f9dd141eb/screenshot - {}
RESULT: {"text":"Bucuresti"}
COMMAND: GET /session/c435390b79a190c6dc53366f9dd141eb/screenshot - {}
RESULT: {}
RESULT: {}
COMMAND: POST /session/c435390b79a190c6dc53366f9dd141eb/element - {"using":"xpath","value":"//*[@id=\"application-manageyards-display-component---NewYard--addressDetailDetailsCountry-inner\"]"}
RESULT: {"using":"xpath","value":"//*[@id=\"application-manageyards-display-component---NewYard--addressDetailDetailsCountry-inner\"]"}
COMMAND: POST /session/c435390b79a190c6dc53366f9dd141eb/element/f.6B4F8AFC9C0006834B5D35A7C4DB5060.d.28B8AA0B0DB11F6F8058BB647677E83F.e.385/clear - {}
RESULT: {}
COMMAND: POST /session/c435390b79a190c6dc53366f9dd141eb/element/f.6B4F8AFC9C0006834B5D35A7C4DB5060.d.28B8AA0B0DB11F6F8058BB647677E83F.e.385/value - {"text":"Romania"}
COMMAND: GET /session/c435390b79a190c6dc53366f9dd141eb/screenshot - {}
RESULT: {"text":"Romania"}
COMMAND: GET /session/c435390b79a190c6dc53366f9dd141eb/screenshot - {}
RESULT: {}
RESULT: {}
COMMAND: POST /session/c435390b79a190c6dc53366f9dd141eb/element - {"using":"xpath","value":"//div[contains(text(), \"Commercial\")]"}
RESULT: {"using":"xpath","value":"//div[contains(text(), \"Commercial\")]"}
COMMAND: GET /session/c435390b79a190c6dc53366f9dd141eb/element/f.6B4F8AFC9C0006834B5D35A7C4DB5060.d.28B8AA0B0DB11F6F8058BB647677E83F.e.574/rect - {}
RESULT: {}
COMMAND: GET /session/c435390b79a190c6dc53366f9dd141eb/window/rect - {}
RESULT: {}
COMMAND: POST /session/c435390b79a190c6dc53366f9dd141eb/execute/sync - {"script":"<script> [92 bytes]","args":[]}
RESULT: {"script":"<script> [92 bytes]","args":[]}
COMMAND: POST /session/c435390b79a190c6dc53366f9dd141eb/actions - {"actions":[{"id":"action1","type":"wheel","parameters":{},"actions":[{"type":"scroll","x":-1841,"y":-44,"deltaX":0,"deltaY":0,"duration":0,"origin":{"element-6066-11e4-a52e-4f735466cecf":"f.6B4F8AFC9C0006834B5D35A7C4DB5060.d.28B8AA0B0DB11F6F8058BB647677E83F.e.574"}}]}]}
COMMAND: GET /session/c435390b79a190c6dc53366f9dd141eb/screenshot - {}
RESULT: {}
COMMAND: POST /session/c435390b79a190c6dc53366f9dd141eb/execute/sync - {"script":"<script> [79 bytes]","args":[{"element-6066-11e4-a52e-4f735466cecf":"f.6B4F8AFC9C0006834B5D35A7C4DB5060.d.28B8AA0B0DB11F6F8058BB647677E83F.e.574","ELEMENT":"f.6B4F8AFC9C0006834B5D35A7C4DB5060.d.28B8AA0B0DB11F6F8058BB647677E83F.e.574"},{"block":"start","inline":"nearest"}]}
RESULT: {"script":"<script> [79 bytes]","args":[{"element-6066-11e4-a52e-4f735466cecf":"f.6B4F8AFC9C0006834B5D35A7C4DB5060.d.28B8AA0B0DB11F6F8058BB647677E83F.e.574","ELEMENT":"f.6B4F8AFC9C0006834B5D35A7C4DB5060.d.28B8AA0B0DB11F6F8058BB647677E83F.e.574"},{"block":"start","inline":"nearest"}]}
COMMAND: GET /session/c435390b79a190c6dc53366f9dd141eb/screenshot - {}
RESULT: {}
COMMAND: POST /session/c435390b79a190c6dc53366f9dd141eb/execute/async - {"script":"<script> [1562 bytes]","args":[{"selector":{"id":"application-manageyards-display-component---NewYard--addressEditDetailsCostObjectCstType-arrow"},"wdio_ui5_key":"applicationmanageyards-display-component---NewYard--addressEditDetailsCostObjectCstType-arrow"}]}
RESULT: {"script":"<script> [1562 bytes]","args":[{"selector":{"id":"application-manageyards-display-component---NewYard--addressEditDetailsCostObjectCstType-arrow"},"wdio_ui5_key":"applicationmanageyards-display-component---NewYard--addressEditDetailsCostObjectCstType-arrow"}]}
RESULT: undefined
COMMAND: POST /session/c435390b79a190c6dc53366f9dd141eb/element - {"using":"xpath","value":"//*[@id=\"application-manageyards-display-component---NewYard--addressEditDetailsCostObjectCstType-arrow\"]"}
RESULT: {"using":"xpath","value":"//*[@id=\"application-manageyards-display-component---NewYard--addressEditDetailsCostObjectCstType-arrow\"]"}
COMMAND: POST /session/c435390b79a190c6dc53366f9dd141eb/element/f.6B4F8AFC9C0006834B5D35A7C4DB5060.d.28B8AA0B0DB11F6F8058BB647677E83F.e.582/click - {}
RESULT: {}
COMMAND: POST /session/c435390b79a190c6dc53366f9dd141eb/element - {"using":"xpath","value":"//span[contains(text(), \"Cost Center\")]"}
COMMAND: GET /session/c435390b79a190c6dc53366f9dd141eb/screenshot - {}
RESULT: {"using":"xpath","value":"//span[contains(text(), \"Cost Center\")]"}
COMMAND: POST /session/c435390b79a190c6dc53366f9dd141eb/element/f.6B4F8AFC9C0006834B5D35A7C4DB5060.d.28B8AA0B0DB11F6F8058BB647677E83F.e.583/click - {}
RESULT: {}
RESULT: {}
COMMAND: GET /session/c435390b79a190c6dc53366f9dd141eb/screenshot - {}
RESULT: {}
COMMAND: POST /session/c435390b79a190c6dc53366f9dd141eb/execute/async - {"script":"<script> [1562 bytes]","args":[{"selector":{"id":"application-manageyards-display-component---NewYard--addressNewCostObjectCstID-vhi"},"wdio_ui5_key":"applicationmanageyards-display-component---NewYard--addressNewCostObjectCstID-vhi"}]}
RESULT: {"script":"<script> [1562 bytes]","args":[{"selector":{"id":"application-manageyards-display-component---NewYard--addressNewCostObjectCstID-vhi"},"wdio_ui5_key":"applicationmanageyards-display-component---NewYard--addressNewCostObjectCstID-vhi"}]}
RESULT: undefined
COMMAND: POST /session/c435390b79a190c6dc53366f9dd141eb/element - {"using":"xpath","value":"//*[@id=\"application-manageyards-display-component---NewYard--addressNewCostObjectCstID-vhi\"]"}
RESULT: {"using":"xpath","value":"//*[@id=\"application-manageyards-display-component---NewYard--addressNewCostObjectCstID-vhi\"]"}
COMMAND: POST /session/c435390b79a190c6dc53366f9dd141eb/element/f.6B4F8AFC9C0006834B5D35A7C4DB5060.d.28B8AA0B0DB11F6F8058BB647677E83F.e.599/click - {}
RESULT: {}
COMMAND: GET /session/c435390b79a190c6dc53366f9dd141eb/screenshot - {}
RESULT: {}
COMMAND: POST /session/c435390b79a190c6dc53366f9dd141eb/execute/async - {"script":"<script> [1562 bytes]","args":[{"selector":{"controlType":"sap.m.SearchField","properties":{"placeholder":"Search"},"searchOpenDialogs":true,"interaction":{"idSuffix":"I"}},"wdio_ui5_key":"sapm.SearchField{\"placeholder\":\"Search\"}"}]}
RESULT: {"script":"<script> [1562 bytes]","args":[{"selector":{"controlType":"sap.m.SearchField","properties":{"placeholder":"Search"},"searchOpenDialogs":true,"interaction":{"idSuffix":"I"}},"wdio_ui5_key":"sapm.SearchField{\"placeholder\":\"Search\"}"}]}
RESULT: undefined
COMMAND: POST /session/c435390b79a190c6dc53366f9dd141eb/execute/async - {"script":"<script> [776 bytes]","args":[{"enterText":"10001013","selector":{"controlType":"sap.m.SearchField","properties":{"placeholder":"Search"},"searchOpenDialogs":true,"interaction":{"idSuffix":"I"}},"clearTextFirst":true,"interactionType":"ENTER_TEXT"}]}
RESULT: {"script":"<script> [776 bytes]","args":[{"enterText":"10001013","selector":{"controlType":"sap.m.SearchField","properties":{"placeholder":"Search"},"searchOpenDialogs":true,"interaction":{"idSuffix":"I"}},"clearTextFirst":true,"interactionType":"ENTER_TEXT"}]}
COMMAND: POST /session/c435390b79a190c6dc53366f9dd141eb/actions - {"actions":[{"id":"action2","type":"key","parameters":{},"actions":[{"type":"keyDown","value":"î€‡"},{"type":"pause","duration":10},{"type":"keyUp","value":"î€‡"}]}]}
RESULT: {"actions":[{"id":"action2","type":"key","parameters":{},"actions":[{"type":"keyDown","value":"î€‡"},{"type":"pause","duration":10},{"type":"keyUp","value":"î€‡"}]}]}
COMMAND: GET /session/c435390b79a190c6dc53366f9dd141eb/screenshot - {}
RESULT: {}
COMMAND: POST /session/c435390b79a190c6dc53366f9dd141eb/element - {"using":"xpath","value":"//span[contains(text(), \"General Management\")]"}
RESULT: {"using":"xpath","value":"//span[contains(text(), \"General Management\")]"}
COMMAND: POST /session/c435390b79a190c6dc53366f9dd141eb/element/f.6B4F8AFC9C0006834B5D35A7C4DB5060.d.28B8AA0B0DB11F6F8058BB647677E83F.e.640/click - {}
RESULT: {}
COMMAND: GET /session/c435390b79a190c6dc53366f9dd141eb/screenshot - {}
RESULT: {}
COMMAND: POST /session/c435390b79a190c6dc53366f9dd141eb/element - {"using":"xpath","value":"//bdi[contains(text(), \"OK\")]"}
RESULT: {"using":"xpath","value":"//bdi[contains(text(), \"OK\")]"}
COMMAND: POST /session/c435390b79a190c6dc53366f9dd141eb/element/f.6B4F8AFC9C0006834B5D35A7C4DB5060.d.28B8AA0B0DB11F6F8058BB647677E83F.e.641/click - {}
RESULT: {}
COMMAND: GET /session/c435390b79a190c6dc53366f9dd141eb/screenshot - {}
RESULT: {}
COMMAND: POST /session/c435390b79a190c6dc53366f9dd141eb/execute/async - {"script":"<script> [1562 bytes]","args":[{"selector":{"controlType":"sap.m.Button","viewName":"etm.portal.ui.manageyards.view.New","viewId":"application-manageyards-display-component---NewYard","i18NText":{"propertyName":"text","key":"save"},"interaction":{"idSuffix":"inner"}},"wdio_ui5_key":"etmportal.ui.manageyards.view.Newsap.m.Button{\"propertyName\":\"text\",\"key\":\"save\"}"}]}
RESULT: {"script":"<script> [1562 bytes]","args":[{"selector":{"controlType":"sap.m.Button","viewName":"etm.portal.ui.manageyards.view.New","viewId":"application-manageyards-display-component---NewYard","i18NText":{"propertyName":"text","key":"save"},"interaction":{"idSuffix":"inner"}},"wdio_ui5_key":"etmportal.ui.manageyards.view.Newsap.m.Button{\"propertyName\":\"text\",\"key\":\"save\"}"}]}
RESULT: undefined
COMMAND: POST /session/c435390b79a190c6dc53366f9dd141eb/element - {"using":"xpath","value":"//*[@id=\"__button18\"]"}
RESULT: {"using":"xpath","value":"//*[@id=\"__button18\"]"}
COMMAND: POST /session/c435390b79a190c6dc53366f9dd141eb/element/f.6B4F8AFC9C0006834B5D35A7C4DB5060.d.28B8AA0B0DB11F6F8058BB647677E83F.e.554/click - {}
RESULT: {}
COMMAND: GET /session/c435390b79a190c6dc53366f9dd141eb/screenshot - {}
RESULT: {}
COMMAND: POST /session/c435390b79a190c6dc53366f9dd141eb/element - {"using":"xpath","value":"//header/div/div[2]/div[2]/span"}
RESULT: {"using":"xpath","value":"//header/div/div[2]/div[2]/span"}
COMMAND: GET /session/c435390b79a190c6dc53366f9dd141eb/element/f.6B4F8AFC9C0006834B5D35A7C4DB5060.d.28B8AA0B0DB11F6F8058BB647677E83F.e.838/text - {}
RESULT: {}
COMMAND: POST /session/c435390b79a190c6dc53366f9dd141eb/execute/async - {"script":"<script> [1562 bytes]","args":[{"selector":{"controlType":"sap.m.OverflowToolbarButton","viewName":"etm.portal.ui.manageyards.view.Detail","viewId":"application-manageyards-display-component---detailYard","i18NText":{"propertyName":"tooltip","key":"closeColumn"},"interaction":{"idSuffix":"inner"}},"wdio_ui5_key":"etmportal.ui.manageyards.view.Detailsap.m.OverflowToolbarButton{\"propertyName\":\"tooltip\",\"key\":\"closeColumn\"}"}]}
RESULT: {"script":"<script> [1562 bytes]","args":[{"selector":{"controlType":"sap.m.OverflowToolbarButton","viewName":"etm.portal.ui.manageyards.view.Detail","viewId":"application-manageyards-display-component---detailYard","i18NText":{"propertyName":"tooltip","key":"closeColumn"},"interaction":{"idSuffix":"inner"}},"wdio_ui5_key":"etmportal.ui.manageyards.view.Detailsap.m.OverflowToolbarButton{\"propertyName\":\"tooltip\",\"key\":\"closeColumn\"}"}]}
RESULT: undefined
COMMAND: POST /session/c435390b79a190c6dc53366f9dd141eb/element - {"using":"xpath","value":"//*[@id=\"__button42\"]"}
RESULT: {"using":"xpath","value":"//*[@id=\"__button42\"]"}
COMMAND: POST /session/c435390b79a190c6dc53366f9dd141eb/element/f.6B4F8AFC9C0006834B5D35A7C4DB5060.d.28B8AA0B0DB11F6F8058BB647677E83F.e.840/click - {}
RESULT: {}
COMMAND: GET /session/c435390b79a190c6dc53366f9dd141eb/screenshot - {}
RESULT: {}
COMMAND: POST /session/c435390b79a190c6dc53366f9dd141eb/element - {"using":"css selector","value":"#shell-header-logo"}
RESULT: {"using":"css selector","value":"#shell-header-logo"}
COMMAND: POST /session/c435390b79a190c6dc53366f9dd141eb/element/f.6B4F8AFC9C0006834B5D35A7C4DB5060.d.28B8AA0B0DB11F6F8058BB647677E83F.e.119/click - {}
RESULT: {}
COMMAND: GET /session/c435390b79a190c6dc53366f9dd141eb/screenshot - {}
RESULT: {}
COMMAND: POST /session/c435390b79a190c6dc53366f9dd141eb/refresh - {}
RESULT: {}
COMMAND: GET /session/c435390b79a190c6dc53366f9dd141eb/screenshot - {}
RESULT: {}
COMMAND: POST /session/c435390b79a190c6dc53366f9dd141eb/execute/async - {"script":"<script> [189 bytes]","args":[]}
RESULT: {"script":"<script> [189 bytes]","args":[]}
COMMAND: POST /session/c435390b79a190c6dc53366f9dd141eb/execute/async - {"script":"<script> [123 bytes]","args":[]}
RESULT: {"script":"<script> [123 bytes]","args":[]}
COMMAND: POST /session/c435390b79a190c6dc53366f9dd141eb/timeouts - {"script":"<number>"}
RESULT: {"script":"<number>"}
COMMAND: GET /session/c435390b79a190c6dc53366f9dd141eb/timeouts - {}
RESULT: {}
RESULT: undefined
COMMAND: POST /session/c435390b79a190c6dc53366f9dd141eb/execute/async - {"script":"<script> [2676 bytes]","args":[]}
RESULT: {"script":"<script> [2676 bytes]","args":[]}
COMMAND: POST /session/c435390b79a190c6dc53366f9dd141eb/execute/async - {"script":"<script> [2342 bytes]","args":[{"protocol":"http","hostname":"0.0.0.0","path":"/","capabilities":{"browserName":"chrome","goog:chromeOptions":{"binary":"C:\\Program Files\\Google\\Chrome\\Application\\chrome.exe","args":["--start-maximized"]}},"logLevel":"warn","connectionRetryTimeout":120000,"connectionRetryCount":3,"logLevels":{},"enableDirectConnect":true,"strictSSL":true,"_":"65 more keys: [\"cacheDir\",\"port\",\"requestedCapabilities\",\"automationProtocol\",\"baseUrl\",\"waitforInterval\",\"waitforTimeout\",\"onReload\",\"beforeCommand\",\"afterCommand\",\"rootDir\",\"specs\",\"suites\",\"exclude\",\"groupLogsByTestSpec\",\"excludeDriverLogs\",\"bail\",\"framework\",\"reporters\",\"services\",\"maxInstances\",\"maxInstancesPerCapability\",\"injectGlobals\",\"filesToWatch\",\"execArgv\",\"runnerEnv\",\"runner\",\"shard\",\"specFileRetries\",\"specFileRetriesDelay\",\"specFileRetriesDeferred\",\"reporterSyncInterval\",\"reporterSyncTimeout\",\"cucumberFeaturesWithLineNumbers\",\"autoCompileOpts\",\"mochaOpts\",\"jasmineOpts\",\"cucumberOpts\",\"onPrepare\",\"onWorkerStart\",\"onWorkerEnd\",\"before\",\"beforeSession\",\"beforeSuite\",\"beforeHook\",\"beforeTest\",\"afterTest\",\"afterHook\",\"afterSuite\",\"afterSession\",\"after\",\"onComplete\",\"beforeAssertion\",\"afterAssertion\",\"beforeFeature\",\"beforeScenario\",\"beforeStep\",\"afterStep\",\"afterScenario\",\"afterFeature\",\"_\",\"suite\",\"$0\",\"ignoredWorkerServices\",\"wdi5\"]"}]}
RESULT: {"script":"<script> [2342 bytes]","args":[{"protocol":"http","hostname":"0.0.0.0","path":"/","capabilities":{"browserName":"chrome","goog:chromeOptions":{"binary":"C:\\Program Files\\Google\\Chrome\\Application\\chrome.exe","args":["--start-maximized"]}},"logLevel":"warn","connectionRetryTimeout":120000,"connectionRetryCount":3,"logLevels":{},"enableDirectConnect":true,"strictSSL":true,"_":"65 more keys: [\"cacheDir\",\"port\",\"requestedCapabilities\",\"automationProtocol\",\"baseUrl\",\"waitforInterval\",\"waitforTimeout\",\"onReload\",\"beforeCommand\",\"afterCommand\",\"rootDir\",\"specs\",\"suites\",\"exclude\",\"groupLogsByTestSpec\",\"excludeDriverLogs\",\"bail\",\"framework\",\"reporters\",\"services\",\"maxInstances\",\"maxInstancesPerCapability\",\"injectGlobals\",\"filesToWatch\",\"execArgv\",\"runnerEnv\",\"runner\",\"shard\",\"specFileRetries\",\"specFileRetriesDelay\",\"specFileRetriesDeferred\",\"reporterSyncInterval\",\"reporterSyncTimeout\",\"cucumberFeaturesWithLineNumbers\",\"autoCompileOpts\",\"mochaOpts\",\"jasmineOpts\",\"cucumberOpts\",\"onPrepare\",\"onWorkerStart\",\"onWorkerEnd\",\"before\",\"beforeSession\",\"beforeSuite\",\"beforeHook\",\"beforeTest\",\"afterTest\",\"afterHook\",\"afterSuite\",\"afterSession\",\"after\",\"onComplete\",\"beforeAssertion\",\"afterAssertion\",\"beforeFeature\",\"beforeScenario\",\"beforeStep\",\"afterStep\",\"afterScenario\",\"afterFeature\",\"_\",\"suite\",\"$0\",\"ignoredWorkerServices\",\"wdi5\"]"}]}
COMMAND: POST /session/c435390b79a190c6dc53366f9dd141eb/execute/async - {"script":"<script> [21126 bytes]","args":[35000]}
RESULT: {"script":"<script> [21126 bytes]","args":[35000]}
COMMAND: POST /session/c435390b79a190c6dc53366f9dd141eb/execute/async - {"script":"<script> [1562 bytes]","args":[{"selector":{"controlType":"sap.m.GenericTile","properties":{"header":"Manage Sites"}},"wdio_ui5_key":"sapm.GenericTile{\"header\":\"Manage Sites\"}"}]}
RESULT: {"script":"<script> [1562 bytes]","args":[{"selector":{"controlType":"sap.m.GenericTile","properties":{"header":"Manage Sites"}},"wdio_ui5_key":"sapm.GenericTile{\"header\":\"Manage Sites\"}"}]}
RESULT: undefined
COMMAND: POST /session/c435390b79a190c6dc53366f9dd141eb/element - {"using":"xpath","value":"//*[@id=\"__tile40\"]"}
RESULT: {"using":"xpath","value":"//*[@id=\"__tile40\"]"}
COMMAND: POST /session/c435390b79a190c6dc53366f9dd141eb/element/f.6B4F8AFC9C0006834B5D35A7C4DB5060.d.BC1078441434CD0F23FA2DBAD76A33CE.e.1194/click - {}
RESULT: {}
COMMAND: GET /session/c435390b79a190c6dc53366f9dd141eb/screenshot - {}
RESULT: {}
COMMAND: POST /session/c435390b79a190c6dc53366f9dd141eb/execute/async - {"script":"<script> [1562 bytes]","args":[{"selector":{"controlType":"sap.ui.core.Icon","viewName":"etm.portal.ui.managesites.view.Master","viewId":"application-managesites-display-component---masterSite","properties":{"src":{"regex":{"source":"add"}}}},"wdio_ui5_key":"etmportal.ui.managesites.view.Mastersap.ui.core.Icon{\"src\":{\"regex\":{\"source\":\"add\"}}}"}]}
RESULT: {"script":"<script> [1562 bytes]","args":[{"selector":{"controlType":"sap.ui.core.Icon","viewName":"etm.portal.ui.managesites.view.Master","viewId":"application-managesites-display-component---masterSite","properties":{"src":{"regex":{"source":"add"}}}},"wdio_ui5_key":"etmportal.ui.managesites.view.Mastersap.ui.core.Icon{\"src\":{\"regex\":{\"source\":\"add\"}}}"}]}
RESULT: undefined
COMMAND: POST /session/c435390b79a190c6dc53366f9dd141eb/element - {"using":"xpath","value":"//*[@id=\"__button4-img\"]"}
RESULT: {"using":"xpath","value":"//*[@id=\"__button4-img\"]"}
COMMAND: POST /session/c435390b79a190c6dc53366f9dd141eb/element/f.6B4F8AFC9C0006834B5D35A7C4DB5060.d.BC1078441434CD0F23FA2DBAD76A33CE.e.1243/click - {}
RESULT: {}
COMMAND: POST /session/c435390b79a190c6dc53366f9dd141eb/execute/async - {"script":"<script> [1562 bytes]","args":[{"selector":{"id":"application-managesites-display-component---NewSite--siteId","interaction":{"idSuffix":"inner"}},"wdio_ui5_key":"applicationmanagesites-display-component---NewSite--siteId"}]}
COMMAND: GET /session/c435390b79a190c6dc53366f9dd141eb/screenshot - {}
RESULT: {"script":"<script> [1562 bytes]","args":[{"selector":{"id":"application-managesites-display-component---NewSite--siteId","interaction":{"idSuffix":"inner"}},"wdio_ui5_key":"applicationmanagesites-display-component---NewSite--siteId"}]}
RESULT: undefined
COMMAND: POST /session/c435390b79a190c6dc53366f9dd141eb/execute/async - {"script":"<script> [1562 bytes]","args":[{"selector":{"id":"application-managesites-display-component---NewSite--addressDetailDetailsName1","interaction":{"idSuffix":"inner"}},"wdio_ui5_key":"applicationmanagesites-display-component---NewSite--addressDetailDetailsName1"}]}
RESULT: {}
RESULT: {"script":"<script> [1562 bytes]","args":[{"selector":{"id":"application-managesites-display-component---NewSite--addressDetailDetailsName1","interaction":{"idSuffix":"inner"}},"wdio_ui5_key":"applicationmanagesites-display-component---NewSite--addressDetailDetailsName1"}]}
RESULT: undefined
COMMAND: POST /session/c435390b79a190c6dc53366f9dd141eb/execute/async - {"script":"<script> [776 bytes]","args":[{"enterText":"WebdriverSited8mn8","selector":{"id":"application-managesites-display-component---NewSite--addressDetailDetailsName1","interaction":{"idSuffix":"inner"}},"clearTextFirst":true,"interactionType":"ENTER_TEXT"}]}
RESULT: {"script":"<script> [776 bytes]","args":[{"enterText":"WebdriverSited8mn8","selector":{"id":"application-managesites-display-component---NewSite--addressDetailDetailsName1","interaction":{"idSuffix":"inner"}},"clearTextFirst":true,"interactionType":"ENTER_TEXT"}]}
COMMAND: POST /session/c435390b79a190c6dc53366f9dd141eb/execute/async - {"script":"<script> [1562 bytes]","args":[{"selector":{"id":"application-managesites-display-component---NewSite--addressDetailDetailsLanguage","interaction":{"idSuffix":"inner"}},"wdio_ui5_key":"applicationmanagesites-display-component---NewSite--addressDetailDetailsLanguage"}]}
RESULT: {"script":"<script> [1562 bytes]","args":[{"selector":{"id":"application-managesites-display-component---NewSite--addressDetailDetailsLanguage","interaction":{"idSuffix":"inner"}},"wdio_ui5_key":"applicationmanagesites-display-component---NewSite--addressDetailDetailsLanguage"}]}
RESULT: undefined
COMMAND: POST /session/c435390b79a190c6dc53366f9dd141eb/execute/async - {"script":"<script> [776 bytes]","args":[{"enterText":"Romanian","selector":{"id":"application-managesites-display-component---NewSite--addressDetailDetailsLanguage","interaction":{"idSuffix":"inner"}},"clearTextFirst":true,"interactionType":"ENTER_TEXT"}]}
RESULT: {"script":"<script> [776 bytes]","args":[{"enterText":"Romanian","selector":{"id":"application-managesites-display-component---NewSite--addressDetailDetailsLanguage","interaction":{"idSuffix":"inner"}},"clearTextFirst":true,"interactionType":"ENTER_TEXT"}]}
COMMAND: POST /session/c435390b79a190c6dc53366f9dd141eb/execute/async - {"script":"<script> [1562 bytes]","args":[{"selector":{"id":"application-managesites-display-component---NewSite--addressDetailDetailsCity1","interaction":{"idSuffix":"inner"}},"wdio_ui5_key":"applicationmanagesites-display-component---NewSite--addressDetailDetailsCity1"}]}
RESULT: {"script":"<script> [1562 bytes]","args":[{"selector":{"id":"application-managesites-display-component---NewSite--addressDetailDetailsCity1","interaction":{"idSuffix":"inner"}},"wdio_ui5_key":"applicationmanagesites-display-component---NewSite--addressDetailDetailsCity1"}]}
RESULT: undefined
COMMAND: POST /session/c435390b79a190c6dc53366f9dd141eb/execute/async - {"script":"<script> [776 bytes]","args":[{"enterText":"Bucharest","selector":{"id":"application-managesites-display-component---NewSite--addressDetailDetailsCity1","interaction":{"idSuffix":"inner"}},"clearTextFirst":true,"interactionType":"ENTER_TEXT"}]}
RESULT: {"script":"<script> [776 bytes]","args":[{"enterText":"Bucharest","selector":{"id":"application-managesites-display-component---NewSite--addressDetailDetailsCity1","interaction":{"idSuffix":"inner"}},"clearTextFirst":true,"interactionType":"ENTER_TEXT"}]}
COMMAND: POST /session/c435390b79a190c6dc53366f9dd141eb/execute/async - {"script":"<script> [1562 bytes]","args":[{"selector":{"id":"application-managesites-display-component---NewSite--addressDetailDetailsCountry","interaction":{"idSuffix":"inner"}},"wdio_ui5_key":"applicationmanagesites-display-component---NewSite--addressDetailDetailsCountry"}]}
RESULT: {"script":"<script> [1562 bytes]","args":[{"selector":{"id":"application-managesites-display-component---NewSite--addressDetailDetailsCountry","interaction":{"idSuffix":"inner"}},"wdio_ui5_key":"applicationmanagesites-display-component---NewSite--addressDetailDetailsCountry"}]}
RESULT: undefined
COMMAND: POST /session/c435390b79a190c6dc53366f9dd141eb/execute/async - {"script":"<script> [776 bytes]","args":[{"enterText":"Romania","selector":{"id":"application-managesites-display-component---NewSite--addressDetailDetailsCountry","interaction":{"idSuffix":"inner"}},"clearTextFirst":true,"interactionType":"ENTER_TEXT"}]}
RESULT: {"script":"<script> [776 bytes]","args":[{"enterText":"Romania","selector":{"id":"application-managesites-display-component---NewSite--addressDetailDetailsCountry","interaction":{"idSuffix":"inner"}},"clearTextFirst":true,"interactionType":"ENTER_TEXT"}]}
COMMAND: POST /session/c435390b79a190c6dc53366f9dd141eb/element - {"using":"css selector","value":"#application-managesites-display-component---NewSite--addressDetailDetailsCalendar-inner"}
RESULT: {"using":"css selector","value":"#application-managesites-display-component---NewSite--addressDetailDetailsCalendar-inner"}
COMMAND: POST /session/c435390b79a190c6dc53366f9dd141eb/element/f.6B4F8AFC9C0006834B5D35A7C4DB5060.d.BC1078441434CD0F23FA2DBAD76A33CE.e.1460/clear - {}
RESULT: {}
COMMAND: POST /session/c435390b79a190c6dc53366f9dd141eb/element/f.6B4F8AFC9C0006834B5D35A7C4DB5060.d.BC1078441434CD0F23FA2DBAD76A33CE.e.1460/value - {"text":"Germany"}
COMMAND: GET /session/c435390b79a190c6dc53366f9dd141eb/screenshot - {}
RESULT: {"text":"Germany"}
COMMAND: POST /session/c435390b79a190c6dc53366f9dd141eb/execute/async - {"script":"<script> [1562 bytes]","args":[{"selector":{"id":"application-managesites-display-component---NewSite--addressEditDetailsCostObjectCstType-arrow"},"wdio_ui5_key":"applicationmanagesites-display-component---NewSite--addressEditDetailsCostObjectCstType-arrow"}]}
COMMAND: GET /session/c435390b79a190c6dc53366f9dd141eb/screenshot - {}
RESULT: {}
RESULT: {"script":"<script> [1562 bytes]","args":[{"selector":{"id":"application-managesites-display-component---NewSite--addressEditDetailsCostObjectCstType-arrow"},"wdio_ui5_key":"applicationmanagesites-display-component---NewSite--addressEditDetailsCostObjectCstType-arrow"}]}
RESULT: undefined
COMMAND: POST /session/c435390b79a190c6dc53366f9dd141eb/element - {"using":"xpath","value":"//*[@id=\"application-managesites-display-component---NewSite--addressEditDetailsCostObjectCstType-arrow\"]"}
RESULT: {}
RESULT: {"using":"xpath","value":"//*[@id=\"application-managesites-display-component---NewSite--addressEditDetailsCostObjectCstType-arrow\"]"}
COMMAND: POST /session/c435390b79a190c6dc53366f9dd141eb/element/f.6B4F8AFC9C0006834B5D35A7C4DB5060.d.BC1078441434CD0F23FA2DBAD76A33CE.e.1626/click - {}
RESULT: {}
COMMAND: POST /session/c435390b79a190c6dc53366f9dd141eb/element - {"using":"xpath","value":"//span[contains(text(), \"Work Breakdown Structure\")]"}
COMMAND: GET /session/c435390b79a190c6dc53366f9dd141eb/screenshot - {}
RESULT: {"using":"xpath","value":"//span[contains(text(), \"Work Breakdown Structure\")]"}
COMMAND: POST /session/c435390b79a190c6dc53366f9dd141eb/element/f.6B4F8AFC9C0006834B5D35A7C4DB5060.d.BC1078441434CD0F23FA2DBAD76A33CE.e.1627/click - {}
RESULT: {}
RESULT: {}
COMMAND: GET /session/c435390b79a190c6dc53366f9dd141eb/screenshot - {}
RESULT: {}
COMMAND: POST /session/c435390b79a190c6dc53366f9dd141eb/execute/async - {"script":"<script> [1562 bytes]","args":[{"selector":{"id":"application-managesites-display-component---NewSite--addressNewCostObjectCstID-vhi"},"wdio_ui5_key":"applicationmanagesites-display-component---NewSite--addressNewCostObjectCstID-vhi"}]}
RESULT: {"script":"<script> [1562 bytes]","args":[{"selector":{"id":"application-managesites-display-component---NewSite--addressNewCostObjectCstID-vhi"},"wdio_ui5_key":"applicationmanagesites-display-component---NewSite--addressNewCostObjectCstID-vhi"}]}
RESULT: undefined
COMMAND: POST /session/c435390b79a190c6dc53366f9dd141eb/element - {"using":"xpath","value":"//*[@id=\"application-managesites-display-component---NewSite--addressNewCostObjectCstID-vhi\"]"}
RESULT: {"using":"xpath","value":"//*[@id=\"application-managesites-display-component---NewSite--addressNewCostObjectCstID-vhi\"]"}
COMMAND: POST /session/c435390b79a190c6dc53366f9dd141eb/element/f.6B4F8AFC9C0006834B5D35A7C4DB5060.d.BC1078441434CD0F23FA2DBAD76A33CE.e.1632/click - {}
RESULT: {}
COMMAND: GET /session/c435390b79a190c6dc53366f9dd141eb/screenshot - {}
RESULT: {}
COMMAND: POST /session/c435390b79a190c6dc53366f9dd141eb/execute/async - {"script":"<script> [1562 bytes]","args":[{"selector":{"controlType":"sap.m.SearchField","properties":{"placeholder":"Search"},"searchOpenDialogs":true,"interaction":{"idSuffix":"I"}},"wdio_ui5_key":"sapm.SearchField{\"placeholder\":\"Search\"}"}]}
RESULT: {"script":"<script> [1562 bytes]","args":[{"selector":{"controlType":"sap.m.SearchField","properties":{"placeholder":"Search"},"searchOpenDialogs":true,"interaction":{"idSuffix":"I"}},"wdio_ui5_key":"sapm.SearchField{\"placeholder\":\"Search\"}"}]}
RESULT: undefined
COMMAND: POST /session/c435390b79a190c6dc53366f9dd141eb/execute/async - {"script":"<script> [776 bytes]","args":[{"enterText":"A1-000100-01","selector":{"controlType":"sap.m.SearchField","properties":{"placeholder":"Search"},"searchOpenDialogs":true,"interaction":{"idSuffix":"I"}},"clearTextFirst":true,"interactionType":"ENTER_TEXT"}]}
RESULT: {"script":"<script> [776 bytes]","args":[{"enterText":"A1-000100-01","selector":{"controlType":"sap.m.SearchField","properties":{"placeholder":"Search"},"searchOpenDialogs":true,"interaction":{"idSuffix":"I"}},"clearTextFirst":true,"interactionType":"ENTER_TEXT"}]}
COMMAND: POST /session/c435390b79a190c6dc53366f9dd141eb/actions - {"actions":[{"id":"action3","type":"key","parameters":{},"actions":[{"type":"keyDown","value":"î€‡"},{"type":"pause","duration":10},{"type":"keyUp","value":"î€‡"}]}]}
RESULT: {"actions":[{"id":"action3","type":"key","parameters":{},"actions":[{"type":"keyDown","value":"î€‡"},{"type":"pause","duration":10},{"type":"keyUp","value":"î€‡"}]}]}
COMMAND: GET /session/c435390b79a190c6dc53366f9dd141eb/screenshot - {}
RESULT: {}
COMMAND: POST /session/c435390b79a190c6dc53366f9dd141eb/element - {"using":"xpath","value":"//span[contains(text(), \"Template for ETO-Process\")]"}
RESULT: {"using":"xpath","value":"//span[contains(text(), \"Template for ETO-Process\")]"}
COMMAND: POST /session/c435390b79a190c6dc53366f9dd141eb/element/f.6B4F8AFC9C0006834B5D35A7C4DB5060.d.BC1078441434CD0F23FA2DBAD76A33CE.e.1651/click - {}
RESULT: {}
COMMAND: GET /session/c435390b79a190c6dc53366f9dd141eb/screenshot - {}
RESULT: {}
COMMAND: POST /session/c435390b79a190c6dc53366f9dd141eb/element - {"using":"xpath","value":"//bdi[contains(text(), \"OK\")]"}
RESULT: {"using":"xpath","value":"//bdi[contains(text(), \"OK\")]"}
COMMAND: POST /session/c435390b79a190c6dc53366f9dd141eb/element/f.6B4F8AFC9C0006834B5D35A7C4DB5060.d.BC1078441434CD0F23FA2DBAD76A33CE.e.1652/click - {}
RESULT: {}
COMMAND: GET /session/c435390b79a190c6dc53366f9dd141eb/screenshot - {}
RESULT: {}
COMMAND: POST /session/c435390b79a190c6dc53366f9dd141eb/element - {"using":"xpath","value":"//input[@id=\"application-managesites-display-component---NewSite--addressDetailDetailsYard-inner\"]"}
RESULT: {"using":"xpath","value":"//input[@id=\"application-managesites-display-component---NewSite--addressDetailDetailsYard-inner\"]"}
COMMAND: POST /session/c435390b79a190c6dc53366f9dd141eb/element/f.6B4F8AFC9C0006834B5D35A7C4DB5060.d.BC1078441434CD0F23FA2DBAD76A33CE.e.1461/value - {"text":"557"}
RESULT: {"text":"557"}
COMMAND: GET /session/c435390b79a190c6dc53366f9dd141eb/screenshot - {}
RESULT: {}
COMMAND: POST /session/c435390b79a190c6dc53366f9dd141eb/actions - {"actions":[{"id":"action4","type":"key","parameters":{},"actions":[{"type":"keyDown","value":"î€‡"},{"type":"pause","duration":10},{"type":"keyUp","value":"î€‡"}]}]}
RESULT: {"actions":[{"id":"action4","type":"key","parameters":{},"actions":[{"type":"keyDown","value":"î€‡"},{"type":"pause","duration":10},{"type":"keyUp","value":"î€‡"}]}]}
COMMAND: GET /session/c435390b79a190c6dc53366f9dd141eb/screenshot - {}
RESULT: {}
COMMAND: POST /session/c435390b79a190c6dc53366f9dd141eb/element - {"using":"xpath","value":"//input[@id=\"application-managesites-display-component---NewSite--addressDetailDetailsPartner-inner\"]"}
RESULT: {"using":"xpath","value":"//input[@id=\"application-managesites-display-component---NewSite--addressDetailDetailsPartner-inner\"]"}
COMMAND: POST /session/c435390b79a190c6dc53366f9dd141eb/elements - {"using":"xpath","value":"//input[@id=\"application-managesites-display-component---NewSite--addressDetailDetailsPartner-inner\"]"}
RESULT: {"using":"xpath","value":"//input[@id=\"application-managesites-display-component---NewSite--addressDetailDetailsPartner-inner\"]"}
COMMAND: POST /session/c435390b79a190c6dc53366f9dd141eb/execute/async - {"script":"<script> [1562 bytes]","args":[{"selector":{"controlType":"sap.m.Button","viewName":"etm.portal.ui.managesites.view.NewSmartSite","viewId":"application-managesites-display-component---NewSite","properties":{"text":"Commercial"},"interaction":{"idSuffix":"BDI-content"}},"wdio_ui5_key":"etmportal.ui.managesites.view.NewSmartSitesap.m.Button{\"text\":\"Commercial\"}"}]}
RESULT: {"script":"<script> [1562 bytes]","args":[{"selector":{"controlType":"sap.m.Button","viewName":"etm.portal.ui.managesites.view.NewSmartSite","viewId":"application-managesites-display-component---NewSite","properties":{"text":"Commercial"},"interaction":{"idSuffix":"BDI-content"}},"wdio_ui5_key":"etmportal.ui.managesites.view.NewSmartSitesap.m.Button{\"text\":\"Commercial\"}"}]}
RESULT: undefined
COMMAND: POST /session/c435390b79a190c6dc53366f9dd141eb/element - {"using":"xpath","value":"//*[@id=\"application-managesites-display-component---NewSite--ObjectPageLayout-anchBar-__section5-anchor\"]"}
RESULT: {"using":"xpath","value":"//*[@id=\"application-managesites-display-component---NewSite--ObjectPageLayout-anchBar-__section5-anchor\"]"}
COMMAND: POST /session/c435390b79a190c6dc53366f9dd141eb/element/f.6B4F8AFC9C0006834B5D35A7C4DB5060.d.BC1078441434CD0F23FA2DBAD76A33CE.e.1659/click - {}
RESULT: {}
COMMAND: POST /session/c435390b79a190c6dc53366f9dd141eb/execute/async - {"script":"<script> [1562 bytes]","args":[{"selector":{"controlType":"sap.m.Button","viewName":"etm.portal.ui.managesites.view.NewSmartSite","viewId":"application-managesites-display-component---NewSite","i18NText":{"propertyName":"text","key":"save"},"interaction":{"idSuffix":"BDI-content"}},"wdio_ui5_key":"etmportal.ui.managesites.view.NewSmartSitesap.m.Button{\"propertyName\":\"text\",\"key\":\"save\"}"}]}
COMMAND: GET /session/c435390b79a190c6dc53366f9dd141eb/screenshot - {}
RESULT: {"script":"<script> [1562 bytes]","args":[{"selector":{"controlType":"sap.m.Button","viewName":"etm.portal.ui.managesites.view.NewSmartSite","viewId":"application-managesites-display-component---NewSite","i18NText":{"propertyName":"text","key":"save"},"interaction":{"idSuffix":"BDI-content"}},"wdio_ui5_key":"etmportal.ui.managesites.view.NewSmartSitesap.m.Button{\"propertyName\":\"text\",\"key\":\"save\"}"}]}
RESULT: undefined
COMMAND: POST /session/c435390b79a190c6dc53366f9dd141eb/element - {"using":"xpath","value":"//*[@id=\"__button16\"]"}
RESULT: {}
RESULT: {"using":"xpath","value":"//*[@id=\"__button16\"]"}
COMMAND: POST /session/c435390b79a190c6dc53366f9dd141eb/element/f.6B4F8AFC9C0006834B5D35A7C4DB5060.d.BC1078441434CD0F23FA2DBAD76A33CE.e.1601/click - {}
RESULT: {}
COMMAND: GET /session/c435390b79a190c6dc53366f9dd141eb/screenshot - {}
RESULT: {}
COMMAND: POST /session/c435390b79a190c6dc53366f9dd141eb/execute/async - {"script":"<script> [1562 bytes]","args":[{"selector":{"id":"application-managesites-display-component---detailSite--addressDetailDetailsYardText"},"wdio_ui5_key":"applicationmanagesites-display-component---detailSite--addressDetailDetailsYardText"}]}
RESULT: {"script":"<script> [1562 bytes]","args":[{"selector":{"id":"application-managesites-display-component---detailSite--addressDetailDetailsYardText"},"wdio_ui5_key":"applicationmanagesites-display-component---detailSite--addressDetailDetailsYardText"}]}
RESULT: undefined
COMMAND: POST /session/c435390b79a190c6dc53366f9dd141eb/element - {"using":"xpath","value":"//header/div/div[2]/div[2]/span"}
RESULT: {"using":"xpath","value":"//header/div/div[2]/div[2]/span"}
COMMAND: GET /session/c435390b79a190c6dc53366f9dd141eb/element/f.6B4F8AFC9C0006834B5D35A7C4DB5060.d.BC1078441434CD0F23FA2DBAD76A33CE.e.1861/text - {}
RESULT: {}
COMMAND: POST /session/c435390b79a190c6dc53366f9dd141eb/element - {"using":"xpath","value":"//header/div/div/div/div/div/div[2]/div/span"}
RESULT: {"using":"xpath","value":"//header/div/div/div/div/div/div[2]/div/span"}
COMMAND: GET /session/c435390b79a190c6dc53366f9dd141eb/element/f.6B4F8AFC9C0006834B5D35A7C4DB5060.d.BC1078441434CD0F23FA2DBAD76A33CE.e.1862/text - {}
RESULT: {}
COMMAND: POST /session/c435390b79a190c6dc53366f9dd141eb/element - {"using":"css selector","value":"#shell-header-logo"}
RESULT: {"using":"css selector","value":"#shell-header-logo"}
COMMAND: POST /session/c435390b79a190c6dc53366f9dd141eb/element/f.6B4F8AFC9C0006834B5D35A7C4DB5060.d.BC1078441434CD0F23FA2DBAD76A33CE.e.1196/click - {}
RESULT: {}
COMMAND: GET /session/c435390b79a190c6dc53366f9dd141eb/screenshot - {}
RESULT: {}
COMMAND: POST /session/c435390b79a190c6dc53366f9dd141eb/execute/async - {"script":"<script> [1562 bytes]","args":[{"selector":{"controlType":"sap.m.GenericTile","properties":{"header":"Manage Partners"}},"wdio_ui5_key":"sapm.GenericTile{\"header\":\"Manage Partners\"}"}]}
RESULT: {"script":"<script> [1562 bytes]","args":[{"selector":{"controlType":"sap.m.GenericTile","properties":{"header":"Manage Partners"}},"wdio_ui5_key":"sapm.GenericTile{\"header\":\"Manage Partners\"}"}]}
RESULT: undefined
COMMAND: POST /session/c435390b79a190c6dc53366f9dd141eb/element - {"using":"xpath","value":"//*[@id=\"__tile38\"]"}
RESULT: {"using":"xpath","value":"//*[@id=\"__tile38\"]"}
COMMAND: POST /session/c435390b79a190c6dc53366f9dd141eb/element/f.6B4F8AFC9C0006834B5D35A7C4DB5060.d.BC1078441434CD0F23FA2DBAD76A33CE.e.1864/click - {}
RESULT: {}
COMMAND: GET /session/c435390b79a190c6dc53366f9dd141eb/screenshot - {}
RESULT: {}
COMMAND: POST /session/c435390b79a190c6dc53366f9dd141eb/execute/async - {"script":"<script> [1562 bytes]","args":[{"selector":{"controlType":"sap.ui.core.Icon","viewName":"etm.portal.ui.managepartners.view.Master","viewId":"application-managepartners-display-component---masterPtm","properties":{"src":{"regex":{"source":"add"}}}},"wdio_ui5_key":"etmportal.ui.managepartners.view.Mastersap.ui.core.Icon{\"src\":{\"regex\":{\"source\":\"add\"}}}"}]}
RESULT: {"script":"<script> [1562 bytes]","args":[{"selector":{"controlType":"sap.ui.core.Icon","viewName":"etm.portal.ui.managepartners.view.Master","viewId":"application-managepartners-display-component---masterPtm","properties":{"src":{"regex":{"source":"add"}}}},"wdio_ui5_key":"etmportal.ui.managepartners.view.Mastersap.ui.core.Icon{\"src\":{\"regex\":{\"source\":\"add\"}}}"}]}
RESULT: undefined
COMMAND: POST /session/c435390b79a190c6dc53366f9dd141eb/element - {"using":"xpath","value":"//*[@id=\"__button60-img\"]"}
RESULT: {"using":"xpath","value":"//*[@id=\"__button60-img\"]"}
COMMAND: POST /session/c435390b79a190c6dc53366f9dd141eb/element/f.6B4F8AFC9C0006834B5D35A7C4DB5060.d.BC1078441434CD0F23FA2DBAD76A33CE.e.1914/click - {}
RESULT: {}
COMMAND: GET /session/c435390b79a190c6dc53366f9dd141eb/screenshot - {}
COMMAND: POST /session/c435390b79a190c6dc53366f9dd141eb/execute/async - {"script":"<script> [1562 bytes]","args":[{"selector":{"id":"application-managepartners-display-component---NewPartner--partnerId","interaction":{"idSuffix":"inner"}},"wdio_ui5_key":"applicationmanagepartners-display-component---NewPartner--partnerId"}]}
RESULT: {}
RESULT: {"script":"<script> [1562 bytes]","args":[{"selector":{"id":"application-managepartners-display-component---NewPartner--partnerId","interaction":{"idSuffix":"inner"}},"wdio_ui5_key":"applicationmanagepartners-display-component---NewPartner--partnerId"}]}
RESULT: undefined
COMMAND: POST /session/c435390b79a190c6dc53366f9dd141eb/execute/async - {"script":"<script> [1562 bytes]","args":[{"selector":{"id":"application-managepartners-display-component---NewPartner--addressDetailDetailsName1","interaction":{"idSuffix":"inner"}},"wdio_ui5_key":"applicationmanagepartners-display-component---NewPartner--addressDetailDetailsName1"}]}
RESULT: {"script":"<script> [1562 bytes]","args":[{"selector":{"id":"application-managepartners-display-component---NewPartner--addressDetailDetailsName1","interaction":{"idSuffix":"inner"}},"wdio_ui5_key":"applicationmanagepartners-display-component---NewPartner--addressDetailDetailsName1"}]}
RESULT: undefined
COMMAND: POST /session/c435390b79a190c6dc53366f9dd141eb/execute/async - {"script":"<script> [776 bytes]","args":[{"enterText":"WebdriverPartner9q4j4","selector":{"id":"application-managepartners-display-component---NewPartner--addressDetailDetailsName1","interaction":{"idSuffix":"inner"}},"clearTextFirst":true,"interactionType":"ENTER_TEXT"}]}
RESULT: {"script":"<script> [776 bytes]","args":[{"enterText":"WebdriverPartner9q4j4","selector":{"id":"application-managepartners-display-component---NewPartner--addressDetailDetailsName1","interaction":{"idSuffix":"inner"}},"clearTextFirst":true,"interactionType":"ENTER_TEXT"}]}
COMMAND: POST /session/c435390b79a190c6dc53366f9dd141eb/execute/async - {"script":"<script> [1562 bytes]","args":[{"selector":{"id":"application-managepartners-display-component---NewPartner--addressDetailDetailsLanguage","interaction":{"idSuffix":"inner"}},"wdio_ui5_key":"applicationmanagepartners-display-component---NewPartner--addressDetailDetailsLanguage"}]}
RESULT: {"script":"<script> [1562 bytes]","args":[{"selector":{"id":"application-managepartners-display-component---NewPartner--addressDetailDetailsLanguage","interaction":{"idSuffix":"inner"}},"wdio_ui5_key":"applicationmanagepartners-display-component---NewPartner--addressDetailDetailsLanguage"}]}
RESULT: undefined
COMMAND: POST /session/c435390b79a190c6dc53366f9dd141eb/execute/async - {"script":"<script> [776 bytes]","args":[{"enterText":"Romanian","selector":{"id":"application-managepartners-display-component---NewPartner--addressDetailDetailsLanguage","interaction":{"idSuffix":"inner"}},"clearTextFirst":true,"interactionType":"ENTER_TEXT"}]}
RESULT: {"script":"<script> [776 bytes]","args":[{"enterText":"Romanian","selector":{"id":"application-managepartners-display-component---NewPartner--addressDetailDetailsLanguage","interaction":{"idSuffix":"inner"}},"clearTextFirst":true,"interactionType":"ENTER_TEXT"}]}
COMMAND: POST /session/c435390b79a190c6dc53366f9dd141eb/element - {"using":"xpath","value":"//input[contains(@id ,\"application-managepartners-display-component---NewPartner--addressDetailDetailsName1-inner\")]"}
RESULT: {"using":"xpath","value":"//input[contains(@id ,\"application-managepartners-display-component---NewPartner--addressDetailDetailsName1-inner\")]"}
COMMAND: GET /session/c435390b79a190c6dc53366f9dd141eb/element/f.6B4F8AFC9C0006834B5D35A7C4DB5060.d.BC1078441434CD0F23FA2DBAD76A33CE.e.2119/property/value - {}
RESULT: {}
COMMAND: POST /session/c435390b79a190c6dc53366f9dd141eb/execute/async - {"script":"<script> [1562 bytes]","args":[{"selector":{"id":"application-managepartners-display-component---NewPartner--addressDetailDetailsCity1","interaction":{"idSuffix":"inner"}},"wdio_ui5_key":"applicationmanagepartners-display-component---NewPartner--addressDetailDetailsCity1"}]}
COMMAND: GET /session/c435390b79a190c6dc53366f9dd141eb/screenshot - {}
RESULT: {"script":"<script> [1562 bytes]","args":[{"selector":{"id":"application-managepartners-display-component---NewPartner--addressDetailDetailsCity1","interaction":{"idSuffix":"inner"}},"wdio_ui5_key":"applicationmanagepartners-display-component---NewPartner--addressDetailDetailsCity1"}]}
RESULT: undefined
COMMAND: POST /session/c435390b79a190c6dc53366f9dd141eb/execute/async - {"script":"<script> [776 bytes]","args":[{"enterText":"Bucharest","selector":{"id":"application-managepartners-display-component---NewPartner--addressDetailDetailsCity1","interaction":{"idSuffix":"inner"}},"clearTextFirst":true,"interactionType":"ENTER_TEXT"}]}
RESULT: {}
RESULT: {"script":"<script> [776 bytes]","args":[{"enterText":"Bucharest","selector":{"id":"application-managepartners-display-component---NewPartner--addressDetailDetailsCity1","interaction":{"idSuffix":"inner"}},"clearTextFirst":true,"interactionType":"ENTER_TEXT"}]}
COMMAND: POST /session/c435390b79a190c6dc53366f9dd141eb/execute/async - {"script":"<script> [1562 bytes]","args":[{"selector":{"id":"application-managepartners-display-component---NewPartner--addressDetailDetailsCountry","interaction":{"idSuffix":"inner"}},"wdio_ui5_key":"applicationmanagepartners-display-component---NewPartner--addressDetailDetailsCountry"}]}
RESULT: {"script":"<script> [1562 bytes]","args":[{"selector":{"id":"application-managepartners-display-component---NewPartner--addressDetailDetailsCountry","interaction":{"idSuffix":"inner"}},"wdio_ui5_key":"applicationmanagepartners-display-component---NewPartner--addressDetailDetailsCountry"}]}
RESULT: undefined
COMMAND: POST /session/c435390b79a190c6dc53366f9dd141eb/execute/async - {"script":"<script> [6424 bytes]","args":[{"element-6066-11e4-a52e-4f735466cecf":"f.6B4F8AFC9C0006834B5D35A7C4DB5060.d.BC1078441434CD0F23FA2DBAD76A33CE.e.2126"},"setValue",["Romania"]]}
RESULT: {"script":"<script> [6424 bytes]","args":[{"element-6066-11e4-a52e-4f735466cecf":"f.6B4F8AFC9C0006834B5D35A7C4DB5060.d.BC1078441434CD0F23FA2DBAD76A33CE.e.2126"},"setValue",["Romania"]]}
COMMAND: POST /session/c435390b79a190c6dc53366f9dd141eb/execute/async - {"script":"<script> [1562 bytes]","args":[{"selector":{"id":"application-managepartners-display-component---NewPartner--partnerDetailInternal","interaction":{"idSuffix":"inner"}},"wdio_ui5_key":"applicationmanagepartners-display-component---NewPartner--partnerDetailInternal"}]}
RESULT: {"script":"<script> [1562 bytes]","args":[{"selector":{"id":"application-managepartners-display-component---NewPartner--partnerDetailInternal","interaction":{"idSuffix":"inner"}},"wdio_ui5_key":"applicationmanagepartners-display-component---NewPartner--partnerDetailInternal"}]}
RESULT: undefined
COMMAND: POST /session/c435390b79a190c6dc53366f9dd141eb/execute/async - {"script":"<script> [776 bytes]","args":[{"enterText":"External partner","selector":{"id":"application-managepartners-display-component---NewPartner--partnerDetailInternal","interaction":{"idSuffix":"inner"}},"clearTextFirst":true,"interactionType":"ENTER_TEXT"}]}
RESULT: {"script":"<script> [776 bytes]","args":[{"enterText":"External partner","selector":{"id":"application-managepartners-display-component---NewPartner--partnerDetailInternal","interaction":{"idSuffix":"inner"}},"clearTextFirst":true,"interactionType":"ENTER_TEXT"}]}
COMMAND: POST /session/c435390b79a190c6dc53366f9dd141eb/execute/async - {"script":"<script> [1562 bytes]","args":[{"selector":{"id":"application-managepartners-display-component---NewPartner--partnerDetailsCurrency","interaction":{"idSuffix":"inner"}},"wdio_ui5_key":"applicationmanagepartners-display-component---NewPartner--partnerDetailsCurrency"}]}
RESULT: {"script":"<script> [1562 bytes]","args":[{"selector":{"id":"application-managepartners-display-component---NewPartner--partnerDetailsCurrency","interaction":{"idSuffix":"inner"}},"wdio_ui5_key":"applicationmanagepartners-display-component---NewPartner--partnerDetailsCurrency"}]}
RESULT: undefined
COMMAND: POST /session/c435390b79a190c6dc53366f9dd141eb/execute/async - {"script":"<script> [776 bytes]","args":[{"enterText":"Euro","selector":{"id":"application-managepartners-display-component---NewPartner--partnerDetailsCurrency","interaction":{"idSuffix":"inner"}},"clearTextFirst":true,"interactionType":"ENTER_TEXT"}]}
RESULT: {"script":"<script> [776 bytes]","args":[{"enterText":"Euro","selector":{"id":"application-managepartners-display-component---NewPartner--partnerDetailsCurrency","interaction":{"idSuffix":"inner"}},"clearTextFirst":true,"interactionType":"ENTER_TEXT"}]}
COMMAND: POST /session/c435390b79a190c6dc53366f9dd141eb/execute/async - {"script":"<script> [1562 bytes]","args":[{"selector":{"controlType":"sap.m.Button","viewName":"etm.portal.ui.managepartners.view.NewPartner","viewId":"application-managepartners-display-component---NewPartner","properties":{"text":"Commercial"},"interaction":{"idSuffix":"BDI-content"}},"wdio_ui5_key":"etmportal.ui.managepartners.view.NewPartnersap.m.Button{\"text\":\"Commercial\"}"}]}
RESULT: {"script":"<script> [1562 bytes]","args":[{"selector":{"controlType":"sap.m.Button","viewName":"etm.portal.ui.managepartners.view.NewPartner","viewId":"application-managepartners-display-component---NewPartner","properties":{"text":"Commercial"},"interaction":{"idSuffix":"BDI-content"}},"wdio_ui5_key":"etmportal.ui.managepartners.view.NewPartnersap.m.Button{\"text\":\"Commercial\"}"}]}
RESULT: undefined
COMMAND: POST /session/c435390b79a190c6dc53366f9dd141eb/element - {"using":"xpath","value":"//*[@id=\"application-managepartners-display-component---NewPartner--ObjectPageLayout-anchBar-__section29-anchor\"]"}
RESULT: {"using":"xpath","value":"//*[@id=\"application-managepartners-display-component---NewPartner--ObjectPageLayout-anchBar-__section29-anchor\"]"}
COMMAND: POST /session/c435390b79a190c6dc53366f9dd141eb/element/f.6B4F8AFC9C0006834B5D35A7C4DB5060.d.BC1078441434CD0F23FA2DBAD76A33CE.e.2331/click - {}
RESULT: {}
COMMAND: GET /session/c435390b79a190c6dc53366f9dd141eb/screenshot - {}
RESULT: {}
COMMAND: POST /session/c435390b79a190c6dc53366f9dd141eb/execute/async - {"script":"<script> [1562 bytes]","args":[{"selector":{"id":"application-managepartners-display-component---NewPartner--btnAddTableRow-img"},"wdio_ui5_key":"applicationmanagepartners-display-component---NewPartner--btnAddTableRow-img"}]}
RESULT: {"script":"<script> [1562 bytes]","args":[{"selector":{"id":"application-managepartners-display-component---NewPartner--btnAddTableRow-img"},"wdio_ui5_key":"applicationmanagepartners-display-component---NewPartner--btnAddTableRow-img"}]}
RESULT: undefined
COMMAND: POST /session/c435390b79a190c6dc53366f9dd141eb/element - {"using":"xpath","value":"//*[@id=\"application-managepartners-display-component---NewPartner--btnAddTableRow-img\"]"}
RESULT: {"using":"xpath","value":"//*[@id=\"application-managepartners-display-component---NewPartner--btnAddTableRow-img\"]"}
COMMAND: POST /session/c435390b79a190c6dc53366f9dd141eb/element/f.6B4F8AFC9C0006834B5D35A7C4DB5060.d.BC1078441434CD0F23FA2DBAD76A33CE.e.2337/click - {}
RESULT: {}
COMMAND: POST /session/c435390b79a190c6dc53366f9dd141eb/element - {"using":"xpath","value":"//input[contains(@id ,\"application-managepartners-display-component---NewPartner--assignmentYard-application-managepartners-display-component---NewPartner\")]"}
COMMAND: GET /session/c435390b79a190c6dc53366f9dd141eb/screenshot - {}
RESULT: {"using":"xpath","value":"//input[contains(@id ,\"application-managepartners-display-component---NewPartner--assignmentYard-application-managepartners-display-component---NewPartner\")]"}
COMMAND: POST /session/c435390b79a190c6dc53366f9dd141eb/element/f.6B4F8AFC9C0006834B5D35A7C4DB5060.d.BC1078441434CD0F23FA2DBAD76A33CE.e.2342/clear - {}
RESULT: {}
RESULT: {}
COMMAND: POST /session/c435390b79a190c6dc53366f9dd141eb/element/f.6B4F8AFC9C0006834B5D35A7C4DB5060.d.BC1078441434CD0F23FA2DBAD76A33CE.e.2342/value - {"text":"557"}
COMMAND: GET /session/c435390b79a190c6dc53366f9dd141eb/screenshot - {}
RESULT: {"text":"557"}
COMMAND: GET /session/c435390b79a190c6dc53366f9dd141eb/screenshot - {}
RESULT: {}
RESULT: {}
COMMAND: POST /session/c435390b79a190c6dc53366f9dd141eb/execute/async - {"script":"<script> [1562 bytes]","args":[{"selector":{"controlType":"sap.m.Button","viewName":"etm.portal.ui.managepartners.view.NewPartner","viewId":"application-managepartners-display-component---NewPartner","i18NText":{"propertyName":"text","key":"save"},"interaction":{"idSuffix":"BDI-content"}},"wdio_ui5_key":"etmportal.ui.managepartners.view.NewPartnersap.m.Button{\"propertyName\":\"text\",\"key\":\"save\"}"}]}
RESULT: {"script":"<script> [1562 bytes]","args":[{"selector":{"controlType":"sap.m.Button","viewName":"etm.portal.ui.managepartners.view.NewPartner","viewId":"application-managepartners-display-component---NewPartner","i18NText":{"propertyName":"text","key":"save"},"interaction":{"idSuffix":"BDI-content"}},"wdio_ui5_key":"etmportal.ui.managepartners.view.NewPartnersap.m.Button{\"propertyName\":\"text\",\"key\":\"save\"}"}]}
RESULT: undefined
COMMAND: POST /session/c435390b79a190c6dc53366f9dd141eb/element - {"using":"xpath","value":"//*[@id=\"__button68\"]"}
RESULT: {"using":"xpath","value":"//*[@id=\"__button68\"]"}
COMMAND: POST /session/c435390b79a190c6dc53366f9dd141eb/element/f.6B4F8AFC9C0006834B5D35A7C4DB5060.d.BC1078441434CD0F23FA2DBAD76A33CE.e.2310/click - {}
RESULT: {}
COMMAND: GET /session/c435390b79a190c6dc53366f9dd141eb/screenshot - {}
RESULT: {}
COMMAND: POST /session/c435390b79a190c6dc53366f9dd141eb/element - {"using":"xpath","value":"//header/div/div[2]/div[2]/span"}
RESULT: {"using":"xpath","value":"//header/div/div[2]/div[2]/span"}
COMMAND: GET /session/c435390b79a190c6dc53366f9dd141eb/element/f.6B4F8AFC9C0006834B5D35A7C4DB5060.d.BC1078441434CD0F23FA2DBAD76A33CE.e.2512/text - {}
RESULT: {}
COMMAND: POST /session/c435390b79a190c6dc53366f9dd141eb/element - {"using":"xpath","value":"//header/div/div/div/div/div/div[2]/div/span"}
RESULT: {"using":"xpath","value":"//header/div/div/div/div/div/div[2]/div/span"}
COMMAND: GET /session/c435390b79a190c6dc53366f9dd141eb/element/f.6B4F8AFC9C0006834B5D35A7C4DB5060.d.BC1078441434CD0F23FA2DBAD76A33CE.e.2513/text - {}
RESULT: {}
COMMAND: POST /session/c435390b79a190c6dc53366f9dd141eb/execute/async - {"script":"<script> [1562 bytes]","args":[{"selector":{"id":"application-managepartners-display-component---detailPtm--partnerType"},"wdio_ui5_key":"applicationmanagepartners-display-component---detailPtm--partnerType"}]}
RESULT: {"script":"<script> [1562 bytes]","args":[{"selector":{"id":"application-managepartners-display-component---detailPtm--partnerType"},"wdio_ui5_key":"applicationmanagepartners-display-component---detailPtm--partnerType"}]}
RESULT: undefined
COMMAND: POST /session/c435390b79a190c6dc53366f9dd141eb/execute/async - {"script":"<script> [6424 bytes]","args":[{"element-6066-11e4-a52e-4f735466cecf":"f.6B4F8AFC9C0006834B5D35A7C4DB5060.d.BC1078441434CD0F23FA2DBAD76A33CE.e.2514"},"getText",[]]}
RESULT: {"script":"<script> [6424 bytes]","args":[{"element-6066-11e4-a52e-4f735466cecf":"f.6B4F8AFC9C0006834B5D35A7C4DB5060.d.BC1078441434CD0F23FA2DBAD76A33CE.e.2514"},"getText",[]]}
COMMAND: POST /session/c435390b79a190c6dc53366f9dd141eb/element - {"using":"css selector","value":"#shell-header-logo"}
RESULT: {"using":"css selector","value":"#shell-header-logo"}
COMMAND: POST /session/c435390b79a190c6dc53366f9dd141eb/element/f.6B4F8AFC9C0006834B5D35A7C4DB5060.d.BC1078441434CD0F23FA2DBAD76A33CE.e.1866/click - {}
RESULT: {}
COMMAND: GET /session/c435390b79a190c6dc53366f9dd141eb/screenshot - {}
RESULT: {}
]]></system-out>
    </testcase>
    <testcase classname="chrome.135_0_7049_96.windows.Webshop_-_Hyperlinks_visible_and_working_properly__US139085" name="Should create a new contract" time="99.65">
      <system-out><![CDATA[
COMMAND: POST /session/c435390b79a190c6dc53366f9dd141eb/execute/async - {"script":"<script> [1562 bytes]","args":[{"selector":{"controlType":"sap.m.Text","viewName":"etm.portal.ui.managecontractstile.view.Master","properties":{"text":"Manage Contracts"},"interaction":{"idSuffix":"inner"}},"wdio_ui5_key":"etmportal.ui.managecontractstile.view.Mastersap.m.Text{\"text\":\"Manage Contracts\"}"}]}
RESULT: {"script":"<script> [1562 bytes]","args":[{"selector":{"controlType":"sap.m.Text","viewName":"etm.portal.ui.managecontractstile.view.Master","properties":{"text":"Manage Contracts"},"interaction":{"idSuffix":"inner"}},"wdio_ui5_key":"etmportal.ui.managecontractstile.view.Mastersap.m.Text{\"text\":\"Manage Contracts\"}"}]}
RESULT: undefined
COMMAND: POST /session/c435390b79a190c6dc53366f9dd141eb/element - {"using":"xpath","value":"//*[@id=\"__tile130-title\"]"}
RESULT: {"using":"xpath","value":"//*[@id=\"__tile130-title\"]"}
COMMAND: POST /session/c435390b79a190c6dc53366f9dd141eb/element/f.6B4F8AFC9C0006834B5D35A7C4DB5060.d.BC1078441434CD0F23FA2DBAD76A33CE.e.2517/click - {}
RESULT: {}
COMMAND: GET /session/c435390b79a190c6dc53366f9dd141eb/screenshot - {}
RESULT: {}
COMMAND: POST /session/c435390b79a190c6dc53366f9dd141eb/element - {"using":"xpath","value":"//button[@data-kt=\"addButton\"]"}
RESULT: {"using":"xpath","value":"//button[@data-kt=\"addButton\"]"}
COMMAND: POST /session/c435390b79a190c6dc53366f9dd141eb/element/f.6B4F8AFC9C0006834B5D35A7C4DB5060.d.BC1078441434CD0F23FA2DBAD76A33CE.e.2567/click - {}
RESULT: {}
COMMAND: GET /session/c435390b79a190c6dc53366f9dd141eb/screenshot - {}
COMMAND: POST /session/c435390b79a190c6dc53366f9dd141eb/execute/async - {"script":"<script> [1562 bytes]","args":[{"selector":{"id":"application-managecontracts-display-component---AddNewContract--projectDescription","interaction":{"idSuffix":"inner"}},"wdio_ui5_key":"applicationmanagecontracts-display-component---AddNewContract--projectDescription"}]}
RESULT: {}
RESULT: {"script":"<script> [1562 bytes]","args":[{"selector":{"id":"application-managecontracts-display-component---AddNewContract--projectDescription","interaction":{"idSuffix":"inner"}},"wdio_ui5_key":"applicationmanagecontracts-display-component---AddNewContract--projectDescription"}]}
RESULT: undefined
COMMAND: POST /session/c435390b79a190c6dc53366f9dd141eb/execute/async - {"script":"<script> [776 bytes]","args":[{"enterText":"WdIOR2c6jx09","selector":{"id":"application-managecontracts-display-component---AddNewContract--projectDescription","interaction":{"idSuffix":"inner"}},"clearTextFirst":true,"interactionType":"ENTER_TEXT"}]}
RESULT: {"script":"<script> [776 bytes]","args":[{"enterText":"WdIOR2c6jx09","selector":{"id":"application-managecontracts-display-component---AddNewContract--projectDescription","interaction":{"idSuffix":"inner"}},"clearTextFirst":true,"interactionType":"ENTER_TEXT"}]}
COMMAND: POST /session/c435390b79a190c6dc53366f9dd141eb/element - {"using":"xpath","value":"//input[@id=\"application-managecontracts-display-component---AddNewContract--yardId-inner\"]"}
RESULT: {"using":"xpath","value":"//input[@id=\"application-managecontracts-display-component---AddNewContract--yardId-inner\"]"}
COMMAND: POST /session/c435390b79a190c6dc53366f9dd141eb/element/f.6B4F8AFC9C0006834B5D35A7C4DB5060.d.BC1078441434CD0F23FA2DBAD76A33CE.e.2855/clear - {}
RESULT: {}
COMMAND: POST /session/c435390b79a190c6dc53366f9dd141eb/element/f.6B4F8AFC9C0006834B5D35A7C4DB5060.d.BC1078441434CD0F23FA2DBAD76A33CE.e.2855/value - {"text":"WebdriverYardkki1k"}
COMMAND: GET /session/c435390b79a190c6dc53366f9dd141eb/screenshot - {}
RESULT: {"text":"WebdriverYardkki1k"}
COMMAND: GET /session/c435390b79a190c6dc53366f9dd141eb/screenshot - {}
RESULT: {}
RESULT: {}
COMMAND: POST /session/c435390b79a190c6dc53366f9dd141eb/actions - {"actions":[{"id":"action5","type":"key","parameters":{},"actions":[{"type":"keyDown","value":"î€‡"},{"type":"pause","duration":10},{"type":"keyUp","value":"î€‡"}]}]}
RESULT: {"actions":[{"id":"action5","type":"key","parameters":{},"actions":[{"type":"keyDown","value":"î€‡"},{"type":"pause","duration":10},{"type":"keyUp","value":"î€‡"}]}]}
COMMAND: GET /session/c435390b79a190c6dc53366f9dd141eb/screenshot - {}
RESULT: {}
COMMAND: POST /session/c435390b79a190c6dc53366f9dd141eb/element - {"using":"xpath","value":"//input[@id=\"application-managecontracts-display-component---AddNewContract--customerSelect-inner\"]"}
RESULT: {"using":"xpath","value":"//input[@id=\"application-managecontracts-display-component---AddNewContract--customerSelect-inner\"]"}
COMMAND: POST /session/c435390b79a190c6dc53366f9dd141eb/element/f.6B4F8AFC9C0006834B5D35A7C4DB5060.d.BC1078441434CD0F23FA2DBAD76A33CE.e.2853/clear - {}
RESULT: {}
COMMAND: POST /session/c435390b79a190c6dc53366f9dd141eb/element/f.6B4F8AFC9C0006834B5D35A7C4DB5060.d.BC1078441434CD0F23FA2DBAD76A33CE.e.2853/value - {"text":"WebdriverPartner9q4j4"}
COMMAND: GET /session/c435390b79a190c6dc53366f9dd141eb/screenshot - {}
RESULT: {"text":"WebdriverPartner9q4j4"}
COMMAND: GET /session/c435390b79a190c6dc53366f9dd141eb/screenshot - {}
RESULT: {}
RESULT: {}
COMMAND: POST /session/c435390b79a190c6dc53366f9dd141eb/actions - {"actions":[{"id":"action6","type":"key","parameters":{},"actions":[{"type":"keyDown","value":"î€‡"},{"type":"pause","duration":10},{"type":"keyUp","value":"î€‡"}]}]}
RESULT: {"actions":[{"id":"action6","type":"key","parameters":{},"actions":[{"type":"keyDown","value":"î€‡"},{"type":"pause","duration":10},{"type":"keyUp","value":"î€‡"}]}]}
COMMAND: GET /session/c435390b79a190c6dc53366f9dd141eb/screenshot - {}
RESULT: {}
COMMAND: POST /session/c435390b79a190c6dc53366f9dd141eb/element - {"using":"xpath","value":"//input[@id=\"application-managecontracts-display-component---AddNewContract--site-inner\"]"}
RESULT: {"using":"xpath","value":"//input[@id=\"application-managecontracts-display-component---AddNewContract--site-inner\"]"}
COMMAND: POST /session/c435390b79a190c6dc53366f9dd141eb/element/f.6B4F8AFC9C0006834B5D35A7C4DB5060.d.BC1078441434CD0F23FA2DBAD76A33CE.e.2854/clear - {}
RESULT: {}
COMMAND: POST /session/c435390b79a190c6dc53366f9dd141eb/element/f.6B4F8AFC9C0006834B5D35A7C4DB5060.d.BC1078441434CD0F23FA2DBAD76A33CE.e.2854/value - {"text":"WebdriverSited8mn8"}
COMMAND: GET /session/c435390b79a190c6dc53366f9dd141eb/screenshot - {}
RESULT: {"text":"WebdriverSited8mn8"}
COMMAND: GET /session/c435390b79a190c6dc53366f9dd141eb/screenshot - {}
RESULT: {}
RESULT: {}
COMMAND: POST /session/c435390b79a190c6dc53366f9dd141eb/actions - {"actions":[{"id":"action7","type":"key","parameters":{},"actions":[{"type":"keyDown","value":"î€‡"},{"type":"pause","duration":10},{"type":"keyUp","value":"î€‡"}]}]}
RESULT: {"actions":[{"id":"action7","type":"key","parameters":{},"actions":[{"type":"keyDown","value":"î€‡"},{"type":"pause","duration":10},{"type":"keyUp","value":"î€‡"}]}]}
COMMAND: GET /session/c435390b79a190c6dc53366f9dd141eb/screenshot - {}
RESULT: {}
COMMAND: POST /session/c435390b79a190c6dc53366f9dd141eb/element - {"using":"xpath","value":"//button[@data-kt=\"saveButton\"]"}
RESULT: {"using":"xpath","value":"//button[@data-kt=\"saveButton\"]"}
COMMAND: POST /session/c435390b79a190c6dc53366f9dd141eb/element/f.6B4F8AFC9C0006834B5D35A7C4DB5060.d.BC1078441434CD0F23FA2DBAD76A33CE.e.2871/click - {}
RESULT: {}
COMMAND: GET /session/c435390b79a190c6dc53366f9dd141eb/screenshot - {}
RESULT: {}
COMMAND: POST /session/c435390b79a190c6dc53366f9dd141eb/execute/async - {"script":"<script> [1562 bytes]","args":[{"selector":{"id":"contractDetailTitleNoExpanded","viewName":"etm.portal.ui.managecontracts.view.Detail"},"wdio_ui5_key":"contractDetailTitleNoExpandedetmportal.ui.managecontracts.view.Detail"}]}
RESULT: {"script":"<script> [1562 bytes]","args":[{"selector":{"id":"contractDetailTitleNoExpanded","viewName":"etm.portal.ui.managecontracts.view.Detail"},"wdio_ui5_key":"contractDetailTitleNoExpandedetmportal.ui.managecontracts.view.Detail"}]}
RESULT: undefined
COMMAND: POST /session/c435390b79a190c6dc53366f9dd141eb/execute/async - {"script":"<script> [6424 bytes]","args":[{"element-6066-11e4-a52e-4f735466cecf":"f.6B4F8AFC9C0006834B5D35A7C4DB5060.d.BC1078441434CD0F23FA2DBAD76A33CE.e.2952"},"getText",[]]}
RESULT: {"script":"<script> [6424 bytes]","args":[{"element-6066-11e4-a52e-4f735466cecf":"f.6B4F8AFC9C0006834B5D35A7C4DB5060.d.BC1078441434CD0F23FA2DBAD76A33CE.e.2952"},"getText",[]]}
COMMAND: POST /session/c435390b79a190c6dc53366f9dd141eb/element - {"using":"css selector","value":"#shell-header-logo"}
RESULT: {"using":"css selector","value":"#shell-header-logo"}
COMMAND: POST /session/c435390b79a190c6dc53366f9dd141eb/element/f.6B4F8AFC9C0006834B5D35A7C4DB5060.d.BC1078441434CD0F23FA2DBAD76A33CE.e.2520/click - {}
RESULT: {}
COMMAND: GET /session/c435390b79a190c6dc53366f9dd141eb/screenshot - {}
RESULT: {}
]]></system-out>
    </testcase>
    <testcase classname="chrome.135_0_7049_96.windows.Webshop_-_Hyperlinks_visible_and_working_properly__US139085" name="Should create a new webshop request and verify the site and yard hyperlinks" time="448.647">
      <system-out><![CDATA[
COMMAND: POST /session/c435390b79a190c6dc53366f9dd141eb/execute/async - {"script":"<script> [1562 bytes]","args":[{"selector":{"controlType":"sap.m.GenericTile","properties":{"header":"Webshop"}},"wdio_ui5_key":"sapm.GenericTile{\"header\":\"Webshop\"}"}]}
RESULT: {"script":"<script> [1562 bytes]","args":[{"selector":{"controlType":"sap.m.GenericTile","properties":{"header":"Webshop"}},"wdio_ui5_key":"sapm.GenericTile{\"header\":\"Webshop\"}"}]}
RESULT: undefined
COMMAND: POST /session/c435390b79a190c6dc53366f9dd141eb/element - {"using":"xpath","value":"//*[@id=\"__tile49\"]"}
RESULT: {"using":"xpath","value":"//*[@id=\"__tile49\"]"}
COMMAND: POST /session/c435390b79a190c6dc53366f9dd141eb/element/f.6B4F8AFC9C0006834B5D35A7C4DB5060.d.BC1078441434CD0F23FA2DBAD76A33CE.e.2955/click - {}
RESULT: {}
COMMAND: GET /session/c435390b79a190c6dc53366f9dd141eb/screenshot - {}
RESULT: {}
COMMAND: POST /session/c435390b79a190c6dc53366f9dd141eb/element - {"using":"css selector","value":"#requestCreationDialog--createRequestPopUp-title-inner"}
RESULT: {"using":"css selector","value":"#requestCreationDialog--createRequestPopUp-title-inner"}
COMMAND: POST /session/c435390b79a190c6dc53366f9dd141eb/execute/sync - {"script":"<script> [8489 bytes]","args":[{"element-6066-11e4-a52e-4f735466cecf":"f.6B4F8AFC9C0006834B5D35A7C4DB5060.d.BC1078441434CD0F23FA2DBAD76A33CE.e.2982","ELEMENT":"f.6B4F8AFC9C0006834B5D35A7C4DB5060.d.BC1078441434CD0F23FA2DBAD76A33CE.e.2982"}]}
RESULT: {"script":"<script> [8489 bytes]","args":[{"element-6066-11e4-a52e-4f735466cecf":"f.6B4F8AFC9C0006834B5D35A7C4DB5060.d.BC1078441434CD0F23FA2DBAD76A33CE.e.2982","ELEMENT":"f.6B4F8AFC9C0006834B5D35A7C4DB5060.d.BC1078441434CD0F23FA2DBAD76A33CE.e.2982"}]}
COMMAND: GET /session/c435390b79a190c6dc53366f9dd141eb/element/f.6B4F8AFC9C0006834B5D35A7C4DB5060.d.BC1078441434CD0F23FA2DBAD76A33CE.e.2982/enabled - {}
COMMAND: GET /session/c435390b79a190c6dc53366f9dd141eb/screenshot - {}
RESULT: {}
COMMAND: POST /session/c435390b79a190c6dc53366f9dd141eb/execute/async - {"script":"<script> [1562 bytes]","args":[{"selector":{"id":"requestCreationDialog--requestName","searchOpenDialogs":true,"interaction":{"idSuffix":"inner"}},"wdio_ui5_key":"requestCreationDialogrequestName"}]}
COMMAND: GET /session/c435390b79a190c6dc53366f9dd141eb/screenshot - {}
RESULT: {}
RESULT: {"script":"<script> [1562 bytes]","args":[{"selector":{"id":"requestCreationDialog--requestName","searchOpenDialogs":true,"interaction":{"idSuffix":"inner"}},"wdio_ui5_key":"requestCreationDialogrequestName"}]}
RESULT: undefined
COMMAND: POST /session/c435390b79a190c6dc53366f9dd141eb/execute/async - {"script":"<script> [776 bytes]","args":[{"enterText":"WebdriverTest","selector":{"id":"requestCreationDialog--requestName","searchOpenDialogs":true,"interaction":{"idSuffix":"inner"}},"clearTextFirst":true,"interactionType":"ENTER_TEXT"}]}
RESULT: {}
RESULT: {"script":"<script> [776 bytes]","args":[{"enterText":"WebdriverTest","selector":{"id":"requestCreationDialog--requestName","searchOpenDialogs":true,"interaction":{"idSuffix":"inner"}},"clearTextFirst":true,"interactionType":"ENTER_TEXT"}]}
COMMAND: POST /session/c435390b79a190c6dc53366f9dd141eb/element - {"using":"xpath","value":"//input[contains(@id ,\"requestCreationDialog--contract-inner\")]"}
RESULT: {"using":"xpath","value":"//input[contains(@id ,\"requestCreationDialog--contract-inner\")]"}
COMMAND: POST /session/c435390b79a190c6dc53366f9dd141eb/element/f.6B4F8AFC9C0006834B5D35A7C4DB5060.d.BC1078441434CD0F23FA2DBAD76A33CE.e.2968/clear - {}
RESULT: {}
COMMAND: POST /session/c435390b79a190c6dc53366f9dd141eb/element/f.6B4F8AFC9C0006834B5D35A7C4DB5060.d.BC1078441434CD0F23FA2DBAD76A33CE.e.2968/value - {"text":"10514"}
COMMAND: GET /session/c435390b79a190c6dc53366f9dd141eb/screenshot - {}
RESULT: {"text":"10514"}
COMMAND: GET /session/c435390b79a190c6dc53366f9dd141eb/screenshot - {}
RESULT: {}
RESULT: {}
COMMAND: POST /session/c435390b79a190c6dc53366f9dd141eb/actions - {"actions":[{"id":"action8","type":"key","parameters":{},"actions":[{"type":"keyDown","value":"î€‡"},{"type":"pause","duration":10},{"type":"keyUp","value":"î€‡"}]}]}
RESULT: {"actions":[{"id":"action8","type":"key","parameters":{},"actions":[{"type":"keyDown","value":"î€‡"},{"type":"pause","duration":10},{"type":"keyUp","value":"î€‡"}]}]}
COMMAND: GET /session/c435390b79a190c6dc53366f9dd141eb/screenshot - {}
RESULT: {}
COMMAND: POST /session/c435390b79a190c6dc53366f9dd141eb/execute/async - {"script":"<script> [1562 bytes]","args":[{"selector":{"id":"requestCreationDialog--okButton","searchOpenDialogs":true,"interaction":{"idSuffix":"BDI-content"}},"wdio_ui5_key":"requestCreationDialogokButton"}]}
RESULT: {"script":"<script> [1562 bytes]","args":[{"selector":{"id":"requestCreationDialog--okButton","searchOpenDialogs":true,"interaction":{"idSuffix":"BDI-content"}},"wdio_ui5_key":"requestCreationDialogokButton"}]}
RESULT: undefined
COMMAND: POST /session/c435390b79a190c6dc53366f9dd141eb/element - {"using":"xpath","value":"//*[@id=\"requestCreationDialog--okButton\"]"}
RESULT: {"using":"xpath","value":"//*[@id=\"requestCreationDialog--okButton\"]"}
COMMAND: POST /session/c435390b79a190c6dc53366f9dd141eb/element/f.6B4F8AFC9C0006834B5D35A7C4DB5060.d.BC1078441434CD0F23FA2DBAD76A33CE.e.2990/click - {}
RESULT: {}
COMMAND: GET /session/c435390b79a190c6dc53366f9dd141eb/screenshot - {}
RESULT: {}
COMMAND: POST /session/c435390b79a190c6dc53366f9dd141eb/element - {"using":"xpath","value":"//input[contains(@id ,\"searchFiledId-I\")]"}
RESULT: {"using":"xpath","value":"//input[contains(@id ,\"searchFiledId-I\")]"}
COMMAND: POST /session/c435390b79a190c6dc53366f9dd141eb/element/f.6B4F8AFC9C0006834B5D35A7C4DB5060.d.BC1078441434CD0F23FA2DBAD76A33CE.e.2960/value - {"text":"Dri-Prime CD150M Diesel Pump"}
RESULT: {"text":"Dri-Prime CD150M Diesel Pump"}
COMMAND: POST /session/c435390b79a190c6dc53366f9dd141eb/actions - {"actions":[{"id":"action9","type":"key","parameters":{},"actions":[{"type":"keyDown","value":"î€‡"},{"type":"pause","duration":10},{"type":"keyUp","value":"î€‡"}]}]}
COMMAND: GET /session/c435390b79a190c6dc53366f9dd141eb/screenshot - {}
RESULT: {"actions":[{"id":"action9","type":"key","parameters":{},"actions":[{"type":"keyDown","value":"î€‡"},{"type":"pause","duration":10},{"type":"keyUp","value":"î€‡"}]}]}
COMMAND: GET /session/c435390b79a190c6dc53366f9dd141eb/screenshot - {}
RESULT: {}
RESULT: {}
COMMAND: POST /session/c435390b79a190c6dc53366f9dd141eb/element - {"using":"xpath","value":"//span[contains(@id ,\"subTitle\")][contains(text(), \"Dri-Prime CD150M Diesel Pump\")]"}
RESULT: {"using":"xpath","value":"//span[contains(@id ,\"subTitle\")][contains(text(), \"Dri-Prime CD150M Diesel Pump\")]"}
COMMAND: POST /session/c435390b79a190c6dc53366f9dd141eb/element/f.6B4F8AFC9C0006834B5D35A7C4DB5060.d.BC1078441434CD0F23FA2DBAD76A33CE.e.2997/click - {}
RESULT: {}
COMMAND: GET /session/c435390b79a190c6dc53366f9dd141eb/screenshot - {}
RESULT: {}
COMMAND: POST /session/c435390b79a190c6dc53366f9dd141eb/execute/async - {"script":"<script> [1562 bytes]","args":[{"selector":{"controlType":"sap.m.Button","viewName":"etm.portal.ui.webshop.view.Homepage","i18NText":{"propertyName":"text","key":"addToRequest"},"interaction":{"idSuffix":"BDI-content"}},"wdio_ui5_key":"etmportal.ui.webshop.view.Homepagesap.m.Button{\"propertyName\":\"text\",\"key\":\"addToRequest\"}"}]}
RESULT: {"script":"<script> [1562 bytes]","args":[{"selector":{"controlType":"sap.m.Button","viewName":"etm.portal.ui.webshop.view.Homepage","i18NText":{"propertyName":"text","key":"addToRequest"},"interaction":{"idSuffix":"BDI-content"}},"wdio_ui5_key":"etmportal.ui.webshop.view.Homepagesap.m.Button{\"propertyName\":\"text\",\"key\":\"addToRequest\"}"}]}
RESULT: undefined
COMMAND: POST /session/c435390b79a190c6dc53366f9dd141eb/element - {"using":"xpath","value":"//*[@id=\"__button132\"]"}
RESULT: {"using":"xpath","value":"//*[@id=\"__button132\"]"}
COMMAND: POST /session/c435390b79a190c6dc53366f9dd141eb/element/f.6B4F8AFC9C0006834B5D35A7C4DB5060.d.BC1078441434CD0F23FA2DBAD76A33CE.e.3011/click - {}
RESULT: {}
COMMAND: GET /session/c435390b79a190c6dc53366f9dd141eb/screenshot - {}
RESULT: {}
COMMAND: POST /session/c435390b79a190c6dc53366f9dd141eb/element - {"using":"xpath","value":"//*[contains(@id ,\"activeCartId-BDI-content\")]"}
RESULT: {"using":"xpath","value":"//*[contains(@id ,\"activeCartId-BDI-content\")]"}
COMMAND: POST /session/c435390b79a190c6dc53366f9dd141eb/element/f.6B4F8AFC9C0006834B5D35A7C4DB5060.d.BC1078441434CD0F23FA2DBAD76A33CE.e.3019/click - {}
RESULT: {}
COMMAND: GET /session/c435390b79a190c6dc53366f9dd141eb/screenshot - {}
RESULT: {}
COMMAND: POST /session/c435390b79a190c6dc53366f9dd141eb/element - {"using":"xpath","value":"//bdi[contains(text(), \"Check out my request\")]"}
RESULT: {"using":"xpath","value":"//bdi[contains(text(), \"Check out my request\")]"}
COMMAND: POST /session/c435390b79a190c6dc53366f9dd141eb/element/f.6B4F8AFC9C0006834B5D35A7C4DB5060.d.BC1078441434CD0F23FA2DBAD76A33CE.e.3021/click - {}
RESULT: {}
COMMAND: GET /session/c435390b79a190c6dc53366f9dd141eb/screenshot - {}
RESULT: {}
COMMAND: POST /session/c435390b79a190c6dc53366f9dd141eb/element - {"using":"xpath","value":"//*[contains(@data-kt ,\"webshopDetailYardLink\")]"}
RESULT: {"using":"xpath","value":"//*[contains(@data-kt ,\"webshopDetailYardLink\")]"}
COMMAND: POST /session/c435390b79a190c6dc53366f9dd141eb/element/f.6B4F8AFC9C0006834B5D35A7C4DB5060.d.BC1078441434CD0F23FA2DBAD76A33CE.e.3059/click - {}
RESULT: {}
COMMAND: POST /session/c435390b79a190c6dc53366f9dd141eb/element - {"using":"xpath","value":"//*[contains(@data-kt ,\"ContextMenuId2Link\")][contains(text(), \"Yard Overview\")]"}
COMMAND: GET /session/c435390b79a190c6dc53366f9dd141eb/screenshot - {}
RESULT: {"using":"xpath","value":"//*[contains(@data-kt ,\"ContextMenuId2Link\")][contains(text(), \"Yard Overview\")]"}
COMMAND: POST /session/c435390b79a190c6dc53366f9dd141eb/execute/sync - {"script":"<script> [8489 bytes]","args":[{"element-6066-11e4-a52e-4f735466cecf":"f.6B4F8AFC9C0006834B5D35A7C4DB5060.d.BC1078441434CD0F23FA2DBAD76A33CE.e.3062","ELEMENT":"f.6B4F8AFC9C0006834B5D35A7C4DB5060.d.BC1078441434CD0F23FA2DBAD76A33CE.e.3062"}]}
COMMAND: POST /session/c435390b79a190c6dc53366f9dd141eb/element - {"using":"xpath","value":"//*[contains(@data-kt ,\"ContextMenuId3Link\")][contains(text(), \"Yard Main Address\")]"}
RESULT: {}
RESULT: {"using":"xpath","value":"//*[contains(@data-kt ,\"ContextMenuId3Link\")][contains(text(), \"Yard Main Address\")]"}
COMMAND: POST /session/c435390b79a190c6dc53366f9dd141eb/execute/sync - {"script":"<script> [8489 bytes]","args":[{"element-6066-11e4-a52e-4f735466cecf":"f.6B4F8AFC9C0006834B5D35A7C4DB5060.d.BC1078441434CD0F23FA2DBAD76A33CE.e.3063","ELEMENT":"f.6B4F8AFC9C0006834B5D35A7C4DB5060.d.BC1078441434CD0F23FA2DBAD76A33CE.e.3063"}]}
COMMAND: POST /session/c435390b79a190c6dc53366f9dd141eb/element - {"using":"xpath","value":"//*[contains(@data-kt ,\"ContextMenuId2Link\")][contains(text(), \"Yard Overview\")]"}
RESULT: {"script":"<script> [8489 bytes]","args":[{"element-6066-11e4-a52e-4f735466cecf":"f.6B4F8AFC9C0006834B5D35A7C4DB5060.d.BC1078441434CD0F23FA2DBAD76A33CE.e.3062","ELEMENT":"f.6B4F8AFC9C0006834B5D35A7C4DB5060.d.BC1078441434CD0F23FA2DBAD76A33CE.e.3062"}]}
COMMAND: GET /session/c435390b79a190c6dc53366f9dd141eb/screenshot - {}
RESULT: {"script":"<script> [8489 bytes]","args":[{"element-6066-11e4-a52e-4f735466cecf":"f.6B4F8AFC9C0006834B5D35A7C4DB5060.d.BC1078441434CD0F23FA2DBAD76A33CE.e.3063","ELEMENT":"f.6B4F8AFC9C0006834B5D35A7C4DB5060.d.BC1078441434CD0F23FA2DBAD76A33CE.e.3063"}]}
COMMAND: GET /session/c435390b79a190c6dc53366f9dd141eb/screenshot - {}
RESULT: {"using":"xpath","value":"//*[contains(@data-kt ,\"ContextMenuId2Link\")][contains(text(), \"Yard Overview\")]"}
COMMAND: POST /session/c435390b79a190c6dc53366f9dd141eb/element/f.6B4F8AFC9C0006834B5D35A7C4DB5060.d.BC1078441434CD0F23FA2DBAD76A33CE.e.3062/click - {}
RESULT: {}
RESULT: {}
RESULT: {}
COMMAND: GET /session/c435390b79a190c6dc53366f9dd141eb/screenshot - {}
RESULT: {}
COMMAND: POST /session/c435390b79a190c6dc53366f9dd141eb/execute/async - {"script":"<script> [1562 bytes]","args":[{"selector":{"id":"shellAppTitle"},"wdio_ui5_key":"shellAppTitle"}]}
RESULT: {"script":"<script> [1562 bytes]","args":[{"selector":{"id":"shellAppTitle"},"wdio_ui5_key":"shellAppTitle"}]}
RESULT: undefined
COMMAND: POST /session/c435390b79a190c6dc53366f9dd141eb/execute/async - {"script":"<script> [6424 bytes]","args":[{"element-6066-11e4-a52e-4f735466cecf":"f.6B4F8AFC9C0006834B5D35A7C4DB5060.d.BC1078441434CD0F23FA2DBAD76A33CE.e.3187"},"getTitle",[]]}
RESULT: {"script":"<script> [6424 bytes]","args":[{"element-6066-11e4-a52e-4f735466cecf":"f.6B4F8AFC9C0006834B5D35A7C4DB5060.d.BC1078441434CD0F23FA2DBAD76A33CE.e.3187"},"getTitle",[]]}
COMMAND: POST /session/c435390b79a190c6dc53366f9dd141eb/element - {"using":"xpath","value":"//span[contains(@id ,\"title\")][contains(text(), \"WebdriverYardkki1k\")]"}
RESULT: {"using":"xpath","value":"//span[contains(@id ,\"title\")][contains(text(), \"WebdriverYardkki1k\")]"}
COMMAND: POST /session/c435390b79a190c6dc53366f9dd141eb/execute/sync - {"script":"<script> [8489 bytes]","args":[{"element-6066-11e4-a52e-4f735466cecf":"f.6B4F8AFC9C0006834B5D35A7C4DB5060.d.BC1078441434CD0F23FA2DBAD76A33CE.e.3188","ELEMENT":"f.6B4F8AFC9C0006834B5D35A7C4DB5060.d.BC1078441434CD0F23FA2DBAD76A33CE.e.3188"}]}
COMMAND: POST /session/c435390b79a190c6dc53366f9dd141eb/execute/async - {"script":"<script> [1562 bytes]","args":[{"selector":{"id":"backBtn"},"wdio_ui5_key":"backBtn"}]}
RESULT: {"script":"<script> [1562 bytes]","args":[{"selector":{"id":"backBtn"},"wdio_ui5_key":"backBtn"}]}
RESULT: undefined
COMMAND: POST /session/c435390b79a190c6dc53366f9dd141eb/element - {"using":"xpath","value":"//*[@id=\"backBtn\"]"}
RESULT: {"script":"<script> [8489 bytes]","args":[{"element-6066-11e4-a52e-4f735466cecf":"f.6B4F8AFC9C0006834B5D35A7C4DB5060.d.BC1078441434CD0F23FA2DBAD76A33CE.e.3188","ELEMENT":"f.6B4F8AFC9C0006834B5D35A7C4DB5060.d.BC1078441434CD0F23FA2DBAD76A33CE.e.3188"}]}
COMMAND: GET /session/c435390b79a190c6dc53366f9dd141eb/screenshot - {}
RESULT: {"using":"xpath","value":"//*[@id=\"backBtn\"]"}
COMMAND: POST /session/c435390b79a190c6dc53366f9dd141eb/element/f.6B4F8AFC9C0006834B5D35A7C4DB5060.d.BC1078441434CD0F23FA2DBAD76A33CE.e.3189/click - {}
RESULT: {}
COMMAND: POST /session/c435390b79a190c6dc53366f9dd141eb/execute/sync - {"script":"<script> [8489 bytes]","args":[{"element-6066-11e4-a52e-4f735466cecf":"f.6B4F8AFC9C0006834B5D35A7C4DB5060.d.BC1078441434CD0F23FA2DBAD76A33CE.e.3188","ELEMENT":"f.6B4F8AFC9C0006834B5D35A7C4DB5060.d.BC1078441434CD0F23FA2DBAD76A33CE.e.3188"}]}
RESULT: {}
COMMAND: GET /session/c435390b79a190c6dc53366f9dd141eb/screenshot - {}
COMMAND: POST /session/c435390b79a190c6dc53366f9dd141eb/element - {"using":"xpath","value":"//span[contains(@id ,\"title\")][contains(text(), \"WebdriverYardkki1k\")]"}
RESULT: {}
RESULT: {"using":"xpath","value":"//span[contains(@id ,\"title\")][contains(text(), \"WebdriverYardkki1k\")]"}
COMMAND: POST /session/c435390b79a190c6dc53366f9dd141eb/element - {"using":"xpath","value":"//span[contains(@id ,\"title\")][contains(text(), \"WebdriverYardkki1k\")]"}
RESULT: {"using":"xpath","value":"//span[contains(@id ,\"title\")][contains(text(), \"WebdriverYardkki1k\")]"}
COMMAND: POST /session/c435390b79a190c6dc53366f9dd141eb/element - {"using":"xpath","value":"//span[contains(@id ,\"title\")][contains(text(), \"WebdriverYardkki1k\")]"}
RESULT: {"using":"xpath","value":"//span[contains(@id ,\"title\")][contains(text(), \"WebdriverYardkki1k\")]"}
COMMAND: POST /session/c435390b79a190c6dc53366f9dd141eb/element - {"using":"xpath","value":"//span[contains(@id ,\"title\")][contains(text(), \"WebdriverYardkki1k\")]"}
RESULT: {"using":"xpath","value":"//span[contains(@id ,\"title\")][contains(text(), \"WebdriverYardkki1k\")]"}
COMMAND: POST /session/c435390b79a190c6dc53366f9dd141eb/element - {"using":"xpath","value":"//span[contains(@id ,\"title\")][contains(text(), \"WebdriverYardkki1k\")]"}
RESULT: {"using":"xpath","value":"//span[contains(@id ,\"title\")][contains(text(), \"WebdriverYardkki1k\")]"}
COMMAND: POST /session/c435390b79a190c6dc53366f9dd141eb/element - {"using":"xpath","value":"//span[contains(@id ,\"title\")][contains(text(), \"WebdriverYardkki1k\")]"}
RESULT: {"using":"xpath","value":"//span[contains(@id ,\"title\")][contains(text(), \"WebdriverYardkki1k\")]"}
COMMAND: POST /session/c435390b79a190c6dc53366f9dd141eb/element - {"using":"xpath","value":"//span[contains(@id ,\"title\")][contains(text(), \"WebdriverYardkki1k\")]"}
RESULT: {"using":"xpath","value":"//span[contains(@id ,\"title\")][contains(text(), \"WebdriverYardkki1k\")]"}
COMMAND: POST /session/c435390b79a190c6dc53366f9dd141eb/element - {"using":"xpath","value":"//span[contains(@id ,\"title\")][contains(text(), \"WebdriverYardkki1k\")]"}
RESULT: {"using":"xpath","value":"//span[contains(@id ,\"title\")][contains(text(), \"WebdriverYardkki1k\")]"}
COMMAND: POST /session/c435390b79a190c6dc53366f9dd141eb/element - {"using":"xpath","value":"//span[contains(@id ,\"title\")][contains(text(), \"WebdriverYardkki1k\")]"}
RESULT: {"using":"xpath","value":"//span[contains(@id ,\"title\")][contains(text(), \"WebdriverYardkki1k\")]"}
COMMAND: POST /session/c435390b79a190c6dc53366f9dd141eb/element - {"using":"xpath","value":"//span[contains(@id ,\"title\")][contains(text(), \"WebdriverYardkki1k\")]"}
RESULT: {"using":"xpath","value":"//span[contains(@id ,\"title\")][contains(text(), \"WebdriverYardkki1k\")]"}
COMMAND: POST /session/c435390b79a190c6dc53366f9dd141eb/element - {"using":"xpath","value":"//span[contains(@id ,\"title\")][contains(text(), \"WebdriverYardkki1k\")]"}
RESULT: {"using":"xpath","value":"//span[contains(@id ,\"title\")][contains(text(), \"WebdriverYardkki1k\")]"}
COMMAND: POST /session/c435390b79a190c6dc53366f9dd141eb/element - {"using":"xpath","value":"//span[contains(@id ,\"title\")][contains(text(), \"WebdriverYardkki1k\")]"}
RESULT: {"using":"xpath","value":"//span[contains(@id ,\"title\")][contains(text(), \"WebdriverYardkki1k\")]"}
COMMAND: POST /session/c435390b79a190c6dc53366f9dd141eb/element - {"using":"xpath","value":"//span[contains(@id ,\"title\")][contains(text(), \"WebdriverYardkki1k\")]"}
RESULT: {"using":"xpath","value":"//span[contains(@id ,\"title\")][contains(text(), \"WebdriverYardkki1k\")]"}
COMMAND: POST /session/c435390b79a190c6dc53366f9dd141eb/element - {"using":"xpath","value":"//span[contains(@id ,\"title\")][contains(text(), \"WebdriverYardkki1k\")]"}
RESULT: {"using":"xpath","value":"//span[contains(@id ,\"title\")][contains(text(), \"WebdriverYardkki1k\")]"}
COMMAND: POST /session/c435390b79a190c6dc53366f9dd141eb/element - {"using":"xpath","value":"//span[contains(@id ,\"title\")][contains(text(), \"WebdriverYardkki1k\")]"}
RESULT: {"using":"xpath","value":"//span[contains(@id ,\"title\")][contains(text(), \"WebdriverYardkki1k\")]"}
COMMAND: POST /session/c435390b79a190c6dc53366f9dd141eb/element - {"using":"xpath","value":"//span[contains(@id ,\"title\")][contains(text(), \"WebdriverYardkki1k\")]"}
RESULT: {"using":"xpath","value":"//span[contains(@id ,\"title\")][contains(text(), \"WebdriverYardkki1k\")]"}
COMMAND: POST /session/c435390b79a190c6dc53366f9dd141eb/element - {"using":"xpath","value":"//span[contains(@id ,\"title\")][contains(text(), \"WebdriverYardkki1k\")]"}
RESULT: {"using":"xpath","value":"//span[contains(@id ,\"title\")][contains(text(), \"WebdriverYardkki1k\")]"}
COMMAND: POST /session/c435390b79a190c6dc53366f9dd141eb/element - {"using":"xpath","value":"//span[contains(@id ,\"title\")][contains(text(), \"WebdriverYardkki1k\")]"}
RESULT: {"using":"xpath","value":"//span[contains(@id ,\"title\")][contains(text(), \"WebdriverYardkki1k\")]"}
COMMAND: POST /session/c435390b79a190c6dc53366f9dd141eb/element - {"using":"xpath","value":"//span[contains(@id ,\"title\")][contains(text(), \"WebdriverYardkki1k\")]"}
RESULT: {"using":"xpath","value":"//span[contains(@id ,\"title\")][contains(text(), \"WebdriverYardkki1k\")]"}
COMMAND: POST /session/c435390b79a190c6dc53366f9dd141eb/element - {"using":"xpath","value":"//span[contains(@id ,\"title\")][contains(text(), \"WebdriverYardkki1k\")]"}
RESULT: {"using":"xpath","value":"//span[contains(@id ,\"title\")][contains(text(), \"WebdriverYardkki1k\")]"}
COMMAND: POST /session/c435390b79a190c6dc53366f9dd141eb/element - {"using":"xpath","value":"//span[contains(@id ,\"title\")][contains(text(), \"WebdriverYardkki1k\")]"}
RESULT: {"using":"xpath","value":"//span[contains(@id ,\"title\")][contains(text(), \"WebdriverYardkki1k\")]"}
COMMAND: POST /session/c435390b79a190c6dc53366f9dd141eb/element - {"using":"xpath","value":"//span[contains(@id ,\"title\")][contains(text(), \"WebdriverYardkki1k\")]"}
RESULT: {"using":"xpath","value":"//span[contains(@id ,\"title\")][contains(text(), \"WebdriverYardkki1k\")]"}
COMMAND: POST /session/c435390b79a190c6dc53366f9dd141eb/element - {"using":"xpath","value":"//span[contains(@id ,\"title\")][contains(text(), \"WebdriverYardkki1k\")]"}
RESULT: {"using":"xpath","value":"//span[contains(@id ,\"title\")][contains(text(), \"WebdriverYardkki1k\")]"}
COMMAND: POST /session/c435390b79a190c6dc53366f9dd141eb/element - {"using":"xpath","value":"//*[contains(@data-kt ,\"webshopDetailYardLink\")]"}
RESULT: {"using":"xpath","value":"//*[contains(@data-kt ,\"webshopDetailYardLink\")]"}
COMMAND: POST /session/c435390b79a190c6dc53366f9dd141eb/element/f.6B4F8AFC9C0006834B5D35A7C4DB5060.d.BC1078441434CD0F23FA2DBAD76A33CE.e.3359/click - {}
COMMAND: POST /session/c435390b79a190c6dc53366f9dd141eb/element - {"using":"xpath","value":"//span[contains(@id ,\"title\")][contains(text(), \"WebdriverYardkki1k\")]"}
RESULT: {}
COMMAND: GET /session/c435390b79a190c6dc53366f9dd141eb/screenshot - {}
RESULT: {"using":"xpath","value":"//span[contains(@id ,\"title\")][contains(text(), \"WebdriverYardkki1k\")]"}
COMMAND: POST /session/c435390b79a190c6dc53366f9dd141eb/execute/sync - {"script":"<script> [8489 bytes]","args":[{"element-6066-11e4-a52e-4f735466cecf":"f.6B4F8AFC9C0006834B5D35A7C4DB5060.d.BC1078441434CD0F23FA2DBAD76A33CE.e.3362","ELEMENT":"f.6B4F8AFC9C0006834B5D35A7C4DB5060.d.BC1078441434CD0F23FA2DBAD76A33CE.e.3362"}]}
RESULT: {}
RESULT: {"script":"<script> [8489 bytes]","args":[{"element-6066-11e4-a52e-4f735466cecf":"f.6B4F8AFC9C0006834B5D35A7C4DB5060.d.BC1078441434CD0F23FA2DBAD76A33CE.e.3362","ELEMENT":"f.6B4F8AFC9C0006834B5D35A7C4DB5060.d.BC1078441434CD0F23FA2DBAD76A33CE.e.3362"}]}
COMMAND: GET /session/c435390b79a190c6dc53366f9dd141eb/screenshot - {}
RESULT: {}
COMMAND: POST /session/c435390b79a190c6dc53366f9dd141eb/element - {"using":"xpath","value":"//*[contains(@data-kt ,\"ContextMenuId3Link\")][contains(text(), \"Yard Main Address\")]"}
RESULT: {"using":"xpath","value":"//*[contains(@data-kt ,\"ContextMenuId3Link\")][contains(text(), \"Yard Main Address\")]"}
COMMAND: POST /session/c435390b79a190c6dc53366f9dd141eb/element/f.6B4F8AFC9C0006834B5D35A7C4DB5060.d.BC1078441434CD0F23FA2DBAD76A33CE.e.3363/click - {}
RESULT: {}
COMMAND: GET /session/c435390b79a190c6dc53366f9dd141eb/screenshot - {}
RESULT: {}
COMMAND: POST /session/c435390b79a190c6dc53366f9dd141eb/execute/async - {"script":"<script> [1562 bytes]","args":[{"selector":{"id":"application-addressmanagement-display-component---masterAdm--title1"},"wdio_ui5_key":"applicationaddressmanagement-display-component---masterAdm--title1"}]}
RESULT: {"script":"<script> [1562 bytes]","args":[{"selector":{"id":"application-addressmanagement-display-component---masterAdm--title1"},"wdio_ui5_key":"applicationaddressmanagement-display-component---masterAdm--title1"}]}
RESULT: undefined
COMMAND: POST /session/c435390b79a190c6dc53366f9dd141eb/execute/async - {"script":"<script> [6424 bytes]","args":[{"element-6066-11e4-a52e-4f735466cecf":"f.6B4F8AFC9C0006834B5D35A7C4DB5060.d.BC1078441434CD0F23FA2DBAD76A33CE.e.3554"},"getText",[]]}
RESULT: {"script":"<script> [6424 bytes]","args":[{"element-6066-11e4-a52e-4f735466cecf":"f.6B4F8AFC9C0006834B5D35A7C4DB5060.d.BC1078441434CD0F23FA2DBAD76A33CE.e.3554"},"getText",[]]}
COMMAND: POST /session/c435390b79a190c6dc53366f9dd141eb/element - {"using":"xpath","value":"//span[contains(text(), \"WebdriverYardjjtihg\")][contains(@id ,\"application-addressmanagement-display-component---detailAdm--addressDetailDetailsName1\")]"}
RESULT: {"using":"xpath","value":"//span[contains(text(), \"WebdriverYardjjtihg\")][contains(@id ,\"application-addressmanagement-display-component---detailAdm--addressDetailDetailsName1\")]"}
COMMAND: POST /session/c435390b79a190c6dc53366f9dd141eb/element - {"using":"xpath","value":"//span[contains(text(), \"WebdriverYardjjtihg\")][contains(@id ,\"application-addressmanagement-display-component---detailAdm--addressDetailDetailsName1\")]"}
RESULT: undefined
COMMAND: POST /session/c435390b79a190c6dc53366f9dd141eb/element - {"using":"xpath","value":"//*[@id=\"backBtn\"]"}
RESULT: {"using":"xpath","value":"//*[@id=\"backBtn\"]"}
COMMAND: POST /session/c435390b79a190c6dc53366f9dd141eb/element/f.6B4F8AFC9C0006834B5D35A7C4DB5060.d.BC1078441434CD0F23FA2DBAD76A33CE.e.3189/click - {}
RESULT: {"using":"xpath","value":"//span[contains(text(), \"WebdriverYardjjtihg\")][contains(@id ,\"application-addressmanagement-display-component---detailAdm--addressDetailDetailsName1\")]"}
RESULT: {}
COMMAND: GET /session/c435390b79a190c6dc53366f9dd141eb/screenshot - {}
COMMAND: POST /session/c435390b79a190c6dc53366f9dd141eb/element - {"using":"xpath","value":"//span[contains(text(), \"WebdriverYardjjtihg\")][contains(@id ,\"application-addressmanagement-display-component---detailAdm--addressDetailDetailsName1\")]"}
RESULT: {}
RESULT: {"using":"xpath","value":"//span[contains(text(), \"WebdriverYardjjtihg\")][contains(@id ,\"application-addressmanagement-display-component---detailAdm--addressDetailDetailsName1\")]"}
COMMAND: POST /session/c435390b79a190c6dc53366f9dd141eb/element - {"using":"xpath","value":"//span[contains(text(), \"WebdriverYardjjtihg\")][contains(@id ,\"application-addressmanagement-display-component---detailAdm--addressDetailDetailsName1\")]"}
RESULT: {"using":"xpath","value":"//span[contains(text(), \"WebdriverYardjjtihg\")][contains(@id ,\"application-addressmanagement-display-component---detailAdm--addressDetailDetailsName1\")]"}
COMMAND: POST /session/c435390b79a190c6dc53366f9dd141eb/element - {"using":"xpath","value":"//span[contains(text(), \"WebdriverYardjjtihg\")][contains(@id ,\"application-addressmanagement-display-component---detailAdm--addressDetailDetailsName1\")]"}
RESULT: {"using":"xpath","value":"//span[contains(text(), \"WebdriverYardjjtihg\")][contains(@id ,\"application-addressmanagement-display-component---detailAdm--addressDetailDetailsName1\")]"}
COMMAND: POST /session/c435390b79a190c6dc53366f9dd141eb/element - {"using":"xpath","value":"//span[contains(text(), \"WebdriverYardjjtihg\")][contains(@id ,\"application-addressmanagement-display-component---detailAdm--addressDetailDetailsName1\")]"}
RESULT: {"using":"xpath","value":"//span[contains(text(), \"WebdriverYardjjtihg\")][contains(@id ,\"application-addressmanagement-display-component---detailAdm--addressDetailDetailsName1\")]"}
COMMAND: POST /session/c435390b79a190c6dc53366f9dd141eb/element - {"using":"xpath","value":"//span[contains(text(), \"WebdriverYardjjtihg\")][contains(@id ,\"application-addressmanagement-display-component---detailAdm--addressDetailDetailsName1\")]"}
RESULT: {"using":"xpath","value":"//span[contains(text(), \"WebdriverYardjjtihg\")][contains(@id ,\"application-addressmanagement-display-component---detailAdm--addressDetailDetailsName1\")]"}
COMMAND: POST /session/c435390b79a190c6dc53366f9dd141eb/element - {"using":"xpath","value":"//span[contains(text(), \"WebdriverYardjjtihg\")][contains(@id ,\"application-addressmanagement-display-component---detailAdm--addressDetailDetailsName1\")]"}
RESULT: {"using":"xpath","value":"//span[contains(text(), \"WebdriverYardjjtihg\")][contains(@id ,\"application-addressmanagement-display-component---detailAdm--addressDetailDetailsName1\")]"}
COMMAND: POST /session/c435390b79a190c6dc53366f9dd141eb/element - {"using":"xpath","value":"//span[contains(text(), \"WebdriverYardjjtihg\")][contains(@id ,\"application-addressmanagement-display-component---detailAdm--addressDetailDetailsName1\")]"}
RESULT: {"using":"xpath","value":"//span[contains(text(), \"WebdriverYardjjtihg\")][contains(@id ,\"application-addressmanagement-display-component---detailAdm--addressDetailDetailsName1\")]"}
COMMAND: POST /session/c435390b79a190c6dc53366f9dd141eb/element - {"using":"xpath","value":"//span[contains(text(), \"WebdriverYardjjtihg\")][contains(@id ,\"application-addressmanagement-display-component---detailAdm--addressDetailDetailsName1\")]"}
RESULT: {"using":"xpath","value":"//span[contains(text(), \"WebdriverYardjjtihg\")][contains(@id ,\"application-addressmanagement-display-component---detailAdm--addressDetailDetailsName1\")]"}
COMMAND: POST /session/c435390b79a190c6dc53366f9dd141eb/element - {"using":"xpath","value":"//*[contains(@data-kt ,\"webshopDetailYardLink\")]"}
RESULT: {"using":"xpath","value":"//*[contains(@data-kt ,\"webshopDetailYardLink\")]"}
COMMAND: POST /session/c435390b79a190c6dc53366f9dd141eb/element/f.6B4F8AFC9C0006834B5D35A7C4DB5060.d.BC1078441434CD0F23FA2DBAD76A33CE.e.3722/click - {}
RESULT: {}
COMMAND: GET /session/c435390b79a190c6dc53366f9dd141eb/screenshot - {}
COMMAND: POST /session/c435390b79a190c6dc53366f9dd141eb/element - {"using":"xpath","value":"//span[contains(text(), \"WebdriverYardjjtihg\")][contains(@id ,\"application-addressmanagement-display-component---detailAdm--addressDetailDetailsName1\")]"}
RESULT: {}
RESULT: {"using":"xpath","value":"//span[contains(text(), \"WebdriverYardjjtihg\")][contains(@id ,\"application-addressmanagement-display-component---detailAdm--addressDetailDetailsName1\")]"}
COMMAND: POST /session/c435390b79a190c6dc53366f9dd141eb/element - {"using":"xpath","value":"//span[contains(text(), \"WebdriverYardjjtihg\")][contains(@id ,\"application-addressmanagement-display-component---detailAdm--addressDetailDetailsName1\")]"}
RESULT: {"using":"xpath","value":"//span[contains(text(), \"WebdriverYardjjtihg\")][contains(@id ,\"application-addressmanagement-display-component---detailAdm--addressDetailDetailsName1\")]"}
COMMAND: POST /session/c435390b79a190c6dc53366f9dd141eb/element - {"using":"xpath","value":"//span[contains(text(), \"WebdriverYardjjtihg\")][contains(@id ,\"application-addressmanagement-display-component---detailAdm--addressDetailDetailsName1\")]"}
RESULT: {"using":"xpath","value":"//span[contains(text(), \"WebdriverYardjjtihg\")][contains(@id ,\"application-addressmanagement-display-component---detailAdm--addressDetailDetailsName1\")]"}
COMMAND: POST /session/c435390b79a190c6dc53366f9dd141eb/element - {"using":"xpath","value":"//span[contains(text(), \"WebdriverYardjjtihg\")][contains(@id ,\"application-addressmanagement-display-component---detailAdm--addressDetailDetailsName1\")]"}
RESULT: {"using":"xpath","value":"//span[contains(text(), \"WebdriverYardjjtihg\")][contains(@id ,\"application-addressmanagement-display-component---detailAdm--addressDetailDetailsName1\")]"}
COMMAND: POST /session/c435390b79a190c6dc53366f9dd141eb/element - {"using":"xpath","value":"//button[contains(@data-kt ,\"ContextMenuExternalId2Link\")]"}
RESULT: {"using":"xpath","value":"//button[contains(@data-kt ,\"ContextMenuExternalId2Link\")]"}
COMMAND: POST /session/c435390b79a190c6dc53366f9dd141eb/element/f.6B4F8AFC9C0006834B5D35A7C4DB5060.d.BC1078441434CD0F23FA2DBAD76A33CE.e.3723/click - {}
COMMAND: POST /session/c435390b79a190c6dc53366f9dd141eb/element - {"using":"xpath","value":"//span[contains(text(), \"WebdriverYardjjtihg\")][contains(@id ,\"application-addressmanagement-display-component---detailAdm--addressDetailDetailsName1\")]"}
RESULT: {}
COMMAND: GET /session/c435390b79a190c6dc53366f9dd141eb/screenshot - {}
RESULT: {"using":"xpath","value":"//span[contains(text(), \"WebdriverYardjjtihg\")][contains(@id ,\"application-addressmanagement-display-component---detailAdm--addressDetailDetailsName1\")]"}
COMMAND: POST /session/c435390b79a190c6dc53366f9dd141eb/element - {"using":"xpath","value":"//span[contains(text(), \"WebdriverYardjjtihg\")][contains(@id ,\"application-addressmanagement-display-component---detailAdm--addressDetailDetailsName1\")]"}
RESULT: {}
RESULT: {"using":"xpath","value":"//span[contains(text(), \"WebdriverYardjjtihg\")][contains(@id ,\"application-addressmanagement-display-component---detailAdm--addressDetailDetailsName1\")]"}
COMMAND: POST /session/c435390b79a190c6dc53366f9dd141eb/element - {"using":"xpath","value":"//span[contains(text(), \"WebdriverYardjjtihg\")][contains(@id ,\"application-addressmanagement-display-component---detailAdm--addressDetailDetailsName1\")]"}
RESULT: {"using":"xpath","value":"//span[contains(text(), \"WebdriverYardjjtihg\")][contains(@id ,\"application-addressmanagement-display-component---detailAdm--addressDetailDetailsName1\")]"}
COMMAND: POST /session/c435390b79a190c6dc53366f9dd141eb/element - {"using":"xpath","value":"//span[contains(text(), \"WebdriverYardjjtihg\")][contains(@id ,\"application-addressmanagement-display-component---detailAdm--addressDetailDetailsName1\")]"}
RESULT: {"using":"xpath","value":"//span[contains(text(), \"WebdriverYardjjtihg\")][contains(@id ,\"application-addressmanagement-display-component---detailAdm--addressDetailDetailsName1\")]"}
COMMAND: POST /session/c435390b79a190c6dc53366f9dd141eb/element - {"using":"xpath","value":"//span[contains(text(), \"WebdriverYardjjtihg\")][contains(@id ,\"application-addressmanagement-display-component---detailAdm--addressDetailDetailsName1\")]"}
RESULT: {"using":"xpath","value":"//span[contains(text(), \"WebdriverYardjjtihg\")][contains(@id ,\"application-addressmanagement-display-component---detailAdm--addressDetailDetailsName1\")]"}
COMMAND: POST /session/c435390b79a190c6dc53366f9dd141eb/element - {"using":"xpath","value":"//span[contains(text(), \"WebdriverYardjjtihg\")][contains(@id ,\"application-addressmanagement-display-component---detailAdm--addressDetailDetailsName1\")]"}
RESULT: {"using":"xpath","value":"//span[contains(text(), \"WebdriverYardjjtihg\")][contains(@id ,\"application-addressmanagement-display-component---detailAdm--addressDetailDetailsName1\")]"}
COMMAND: POST /session/c435390b79a190c6dc53366f9dd141eb/element - {"using":"xpath","value":"//span[contains(text(), \"WebdriverYardjjtihg\")][contains(@id ,\"application-addressmanagement-display-component---detailAdm--addressDetailDetailsName1\")]"}
RESULT: {"using":"xpath","value":"//span[contains(text(), \"WebdriverYardjjtihg\")][contains(@id ,\"application-addressmanagement-display-component---detailAdm--addressDetailDetailsName1\")]"}
COMMAND: POST /session/c435390b79a190c6dc53366f9dd141eb/element - {"using":"xpath","value":"//span[contains(text(), \"WebdriverYardjjtihg\")][contains(@id ,\"application-addressmanagement-display-component---detailAdm--addressDetailDetailsName1\")]"}
RESULT: {"using":"xpath","value":"//span[contains(text(), \"WebdriverYardjjtihg\")][contains(@id ,\"application-addressmanagement-display-component---detailAdm--addressDetailDetailsName1\")]"}
COMMAND: POST /session/c435390b79a190c6dc53366f9dd141eb/element - {"using":"xpath","value":"//span[contains(text(), \"WebdriverYardjjtihg\")][contains(@id ,\"application-addressmanagement-display-component---detailAdm--addressDetailDetailsName1\")]"}
RESULT: {"using":"xpath","value":"//span[contains(text(), \"WebdriverYardjjtihg\")][contains(@id ,\"application-addressmanagement-display-component---detailAdm--addressDetailDetailsName1\")]"}
COMMAND: POST /session/c435390b79a190c6dc53366f9dd141eb/element - {"using":"xpath","value":"//span[contains(text(), \"WebdriverYardjjtihg\")][contains(@id ,\"application-addressmanagement-display-component---detailAdm--addressDetailDetailsName1\")]"}
RESULT: {"using":"xpath","value":"//span[contains(text(), \"WebdriverYardjjtihg\")][contains(@id ,\"application-addressmanagement-display-component---detailAdm--addressDetailDetailsName1\")]"}
COMMAND: POST /session/c435390b79a190c6dc53366f9dd141eb/element - {"using":"xpath","value":"//span[contains(text(), \"WebdriverYardjjtihg\")][contains(@id ,\"application-addressmanagement-display-component---detailAdm--addressDetailDetailsName1\")]"}
RESULT: {"using":"xpath","value":"//span[contains(text(), \"WebdriverYardjjtihg\")][contains(@id ,\"application-addressmanagement-display-component---detailAdm--addressDetailDetailsName1\")]"}
COMMAND: POST /session/c435390b79a190c6dc53366f9dd141eb/element - {"using":"xpath","value":"//span[contains(text(), \"WebdriverYardjjtihg\")][contains(@id ,\"application-addressmanagement-display-component---detailAdm--addressDetailDetailsName1\")]"}
RESULT: {"using":"xpath","value":"//span[contains(text(), \"WebdriverYardjjtihg\")][contains(@id ,\"application-addressmanagement-display-component---detailAdm--addressDetailDetailsName1\")]"}
COMMAND: POST /session/c435390b79a190c6dc53366f9dd141eb/element - {"using":"xpath","value":"//span[contains(text(), \"WebdriverYardjjtihg\")][contains(@id ,\"application-addressmanagement-display-component---detailAdm--addressDetailDetailsName1\")]"}
COMMAND: GET /session/c435390b79a190c6dc53366f9dd141eb/window/handles - {}
RESULT: {"using":"xpath","value":"//span[contains(text(), \"WebdriverYardjjtihg\")][contains(@id ,\"application-addressmanagement-display-component---detailAdm--addressDetailDetailsName1\")]"}
COMMAND: POST /session/c435390b79a190c6dc53366f9dd141eb/element - {"using":"xpath","value":"//span[contains(text(), \"WebdriverYardjjtihg\")][contains(@id ,\"application-addressmanagement-display-component---detailAdm--addressDetailDetailsName1\")]"}
RESULT: {}
COMMAND: POST /session/c435390b79a190c6dc53366f9dd141eb/window - {"handle":"3247509458D627A5D7D87E14058A72FC"}
RESULT: {"using":"xpath","value":"//span[contains(text(), \"WebdriverYardjjtihg\")][contains(@id ,\"application-addressmanagement-display-component---detailAdm--addressDetailDetailsName1\")]"}
RESULT: {"handle":"3247509458D627A5D7D87E14058A72FC"}
COMMAND: GET /session/c435390b79a190c6dc53366f9dd141eb/url - {}
RESULT: {}
COMMAND: GET /session/c435390b79a190c6dc53366f9dd141eb/screenshot - {}
COMMAND: POST /session/c435390b79a190c6dc53366f9dd141eb/element - {"using":"xpath","value":"//span[contains(text(), \"WebdriverYardjjtihg\")][contains(@id ,\"application-addressmanagement-display-component---detailAdm--addressDetailDetailsName1\")]"}
RESULT: {}
RESULT: {"using":"xpath","value":"//span[contains(text(), \"WebdriverYardjjtihg\")][contains(@id ,\"application-addressmanagement-display-component---detailAdm--addressDetailDetailsName1\")]"}
COMMAND: POST /session/c435390b79a190c6dc53366f9dd141eb/element - {"using":"xpath","value":"//span[contains(text(), \"WebdriverYardjjtihg\")][contains(@id ,\"application-addressmanagement-display-component---detailAdm--addressDetailDetailsName1\")]"}
RESULT: {"using":"xpath","value":"//span[contains(text(), \"WebdriverYardjjtihg\")][contains(@id ,\"application-addressmanagement-display-component---detailAdm--addressDetailDetailsName1\")]"}
COMMAND: POST /session/c435390b79a190c6dc53366f9dd141eb/element - {"using":"xpath","value":"//span[contains(text(), \"WebdriverYardjjtihg\")][contains(@id ,\"application-addressmanagement-display-component---detailAdm--addressDetailDetailsName1\")]"}
RESULT: {"using":"xpath","value":"//span[contains(text(), \"WebdriverYardjjtihg\")][contains(@id ,\"application-addressmanagement-display-component---detailAdm--addressDetailDetailsName1\")]"}
COMMAND: POST /session/c435390b79a190c6dc53366f9dd141eb/element - {"using":"xpath","value":"//span[contains(text(), \"WebdriverYardjjtihg\")][contains(@id ,\"application-addressmanagement-display-component---detailAdm--addressDetailDetailsName1\")]"}
RESULT: {"using":"xpath","value":"//span[contains(text(), \"WebdriverYardjjtihg\")][contains(@id ,\"application-addressmanagement-display-component---detailAdm--addressDetailDetailsName1\")]"}
COMMAND: POST /session/c435390b79a190c6dc53366f9dd141eb/execute/sync - {"script":"<script> [8489 bytes]","args":[{"element-6066-11e4-a52e-4f735466cecf":"f.6B4F8AFC9C0006834B5D35A7C4DB5060.d.BC1078441434CD0F23FA2DBAD76A33CE.e.3362","ELEMENT":"f.6B4F8AFC9C0006834B5D35A7C4DB5060.d.BC1078441434CD0F23FA2DBAD76A33CE.e.3362"}]}
COMMAND: DELETE /session/c435390b79a190c6dc53366f9dd141eb/window - {}
COMMAND: POST /session/c435390b79a190c6dc53366f9dd141eb/element - {"using":"xpath","value":"//span[contains(text(), \"WebdriverYardjjtihg\")][contains(@id ,\"application-addressmanagement-display-component---detailAdm--addressDetailDetailsName1\")]"}
RESULT: {}
COMMAND: POST /session/c435390b79a190c6dc53366f9dd141eb/window - {"handle":"6B4F8AFC9C0006834B5D35A7C4DB5060"}
RESULT: {"handle":"6B4F8AFC9C0006834B5D35A7C4DB5060"}
COMMAND: GET /session/c435390b79a190c6dc53366f9dd141eb/url - {}
RESULT: {"using":"xpath","value":"//span[contains(text(), \"WebdriverYardjjtihg\")][contains(@id ,\"application-addressmanagement-display-component---detailAdm--addressDetailDetailsName1\")]"}
COMMAND: POST /session/c435390b79a190c6dc53366f9dd141eb/element - {"using":"xpath","value":"//span[contains(@id ,\"title\")][contains(text(), \"WebdriverYardkki1k\")]"}
RESULT: {}
RESULT: {"using":"xpath","value":"//span[contains(@id ,\"title\")][contains(text(), \"WebdriverYardkki1k\")]"}
COMMAND: POST /session/c435390b79a190c6dc53366f9dd141eb/execute/sync - {"script":"<script> [8489 bytes]","args":[{"element-6066-11e4-a52e-4f735466cecf":"f.6B4F8AFC9C0006834B5D35A7C4DB5060.d.BC1078441434CD0F23FA2DBAD76A33CE.e.3825","ELEMENT":"f.6B4F8AFC9C0006834B5D35A7C4DB5060.d.BC1078441434CD0F23FA2DBAD76A33CE.e.3825"}]}
COMMAND: GET /session/c435390b79a190c6dc53366f9dd141eb/screenshot - {}
RESULT: {"script":"<script> [8489 bytes]","args":[{"element-6066-11e4-a52e-4f735466cecf":"f.6B4F8AFC9C0006834B5D35A7C4DB5060.d.BC1078441434CD0F23FA2DBAD76A33CE.e.3825","ELEMENT":"f.6B4F8AFC9C0006834B5D35A7C4DB5060.d.BC1078441434CD0F23FA2DBAD76A33CE.e.3825"}]}
COMMAND: GET /session/c435390b79a190c6dc53366f9dd141eb/screenshot - {}
COMMAND: POST /session/c435390b79a190c6dc53366f9dd141eb/element - {"using":"xpath","value":"//span[contains(text(), \"WebdriverYardjjtihg\")][contains(@id ,\"application-addressmanagement-display-component---detailAdm--addressDetailDetailsName1\")]"}
RESULT: {}
RESULT: {}
RESULT: {"using":"xpath","value":"//span[contains(text(), \"WebdriverYardjjtihg\")][contains(@id ,\"application-addressmanagement-display-component---detailAdm--addressDetailDetailsName1\")]"}
COMMAND: POST /session/c435390b79a190c6dc53366f9dd141eb/element - {"using":"xpath","value":"//span[contains(text(), \"WebdriverYardjjtihg\")][contains(@id ,\"application-addressmanagement-display-component---detailAdm--addressDetailDetailsName1\")]"}
RESULT: {"using":"xpath","value":"//span[contains(text(), \"WebdriverYardjjtihg\")][contains(@id ,\"application-addressmanagement-display-component---detailAdm--addressDetailDetailsName1\")]"}
COMMAND: POST /session/c435390b79a190c6dc53366f9dd141eb/element - {"using":"xpath","value":"//span[contains(text(), \"WebdriverYardjjtihg\")][contains(@id ,\"application-addressmanagement-display-component---detailAdm--addressDetailDetailsName1\")]"}
RESULT: {"using":"xpath","value":"//span[contains(text(), \"WebdriverYardjjtihg\")][contains(@id ,\"application-addressmanagement-display-component---detailAdm--addressDetailDetailsName1\")]"}
COMMAND: POST /session/c435390b79a190c6dc53366f9dd141eb/element - {"using":"xpath","value":"//span[contains(text(), \"WebdriverYardjjtihg\")][contains(@id ,\"application-addressmanagement-display-component---detailAdm--addressDetailDetailsName1\")]"}
RESULT: {"using":"xpath","value":"//span[contains(text(), \"WebdriverYardjjtihg\")][contains(@id ,\"application-addressmanagement-display-component---detailAdm--addressDetailDetailsName1\")]"}
COMMAND: POST /session/c435390b79a190c6dc53366f9dd141eb/element - {"using":"xpath","value":"//span[contains(text(), \"WebdriverYardjjtihg\")][contains(@id ,\"application-addressmanagement-display-component---detailAdm--addressDetailDetailsName1\")]"}
RESULT: {"using":"xpath","value":"//span[contains(text(), \"WebdriverYardjjtihg\")][contains(@id ,\"application-addressmanagement-display-component---detailAdm--addressDetailDetailsName1\")]"}
COMMAND: POST /session/c435390b79a190c6dc53366f9dd141eb/element - {"using":"xpath","value":"//span[contains(text(), \"WebdriverYardjjtihg\")][contains(@id ,\"application-addressmanagement-display-component---detailAdm--addressDetailDetailsName1\")]"}
RESULT: {"using":"xpath","value":"//span[contains(text(), \"WebdriverYardjjtihg\")][contains(@id ,\"application-addressmanagement-display-component---detailAdm--addressDetailDetailsName1\")]"}
COMMAND: POST /session/c435390b79a190c6dc53366f9dd141eb/element - {"using":"xpath","value":"//span[contains(text(), \"WebdriverYardjjtihg\")][contains(@id ,\"application-addressmanagement-display-component---detailAdm--addressDetailDetailsName1\")]"}
RESULT: {"using":"xpath","value":"//span[contains(text(), \"WebdriverYardjjtihg\")][contains(@id ,\"application-addressmanagement-display-component---detailAdm--addressDetailDetailsName1\")]"}
COMMAND: POST /session/c435390b79a190c6dc53366f9dd141eb/element - {"using":"xpath","value":"//span[contains(text(), \"WebdriverYardjjtihg\")][contains(@id ,\"application-addressmanagement-display-component---detailAdm--addressDetailDetailsName1\")]"}
RESULT: {"using":"xpath","value":"//span[contains(text(), \"WebdriverYardjjtihg\")][contains(@id ,\"application-addressmanagement-display-component---detailAdm--addressDetailDetailsName1\")]"}
COMMAND: POST /session/c435390b79a190c6dc53366f9dd141eb/element - {"using":"xpath","value":"//span[contains(text(), \"WebdriverYardjjtihg\")][contains(@id ,\"application-addressmanagement-display-component---detailAdm--addressDetailDetailsName1\")]"}
RESULT: {"using":"xpath","value":"//span[contains(text(), \"WebdriverYardjjtihg\")][contains(@id ,\"application-addressmanagement-display-component---detailAdm--addressDetailDetailsName1\")]"}
COMMAND: POST /session/c435390b79a190c6dc53366f9dd141eb/element - {"using":"xpath","value":"//button[contains(@data-kt ,\"ContextMenuExternalId3Link\")]"}
RESULT: {"using":"xpath","value":"//button[contains(@data-kt ,\"ContextMenuExternalId3Link\")]"}
COMMAND: POST /session/c435390b79a190c6dc53366f9dd141eb/element/f.6B4F8AFC9C0006834B5D35A7C4DB5060.d.BC1078441434CD0F23FA2DBAD76A33CE.e.3826/click - {}
RESULT: {}
COMMAND: GET /session/c435390b79a190c6dc53366f9dd141eb/screenshot - {}
COMMAND: POST /session/c435390b79a190c6dc53366f9dd141eb/element - {"using":"xpath","value":"//span[contains(text(), \"WebdriverYardjjtihg\")][contains(@id ,\"application-addressmanagement-display-component---detailAdm--addressDetailDetailsName1\")]"}
RESULT: {}
RESULT: {"using":"xpath","value":"//span[contains(text(), \"WebdriverYardjjtihg\")][contains(@id ,\"application-addressmanagement-display-component---detailAdm--addressDetailDetailsName1\")]"}
COMMAND: POST /session/c435390b79a190c6dc53366f9dd141eb/element - {"using":"xpath","value":"//span[contains(text(), \"WebdriverYardjjtihg\")][contains(@id ,\"application-addressmanagement-display-component---detailAdm--addressDetailDetailsName1\")]"}
RESULT: {"using":"xpath","value":"//span[contains(text(), \"WebdriverYardjjtihg\")][contains(@id ,\"application-addressmanagement-display-component---detailAdm--addressDetailDetailsName1\")]"}
COMMAND: POST /session/c435390b79a190c6dc53366f9dd141eb/element - {"using":"xpath","value":"//span[contains(text(), \"WebdriverYardjjtihg\")][contains(@id ,\"application-addressmanagement-display-component---detailAdm--addressDetailDetailsName1\")]"}
RESULT: {"using":"xpath","value":"//span[contains(text(), \"WebdriverYardjjtihg\")][contains(@id ,\"application-addressmanagement-display-component---detailAdm--addressDetailDetailsName1\")]"}
COMMAND: POST /session/c435390b79a190c6dc53366f9dd141eb/element - {"using":"xpath","value":"//span[contains(text(), \"WebdriverYardjjtihg\")][contains(@id ,\"application-addressmanagement-display-component---detailAdm--addressDetailDetailsName1\")]"}
RESULT: {"using":"xpath","value":"//span[contains(text(), \"WebdriverYardjjtihg\")][contains(@id ,\"application-addressmanagement-display-component---detailAdm--addressDetailDetailsName1\")]"}
COMMAND: POST /session/c435390b79a190c6dc53366f9dd141eb/element - {"using":"xpath","value":"//span[contains(text(), \"WebdriverYardjjtihg\")][contains(@id ,\"application-addressmanagement-display-component---detailAdm--addressDetailDetailsName1\")]"}
RESULT: {"using":"xpath","value":"//span[contains(text(), \"WebdriverYardjjtihg\")][contains(@id ,\"application-addressmanagement-display-component---detailAdm--addressDetailDetailsName1\")]"}
COMMAND: POST /session/c435390b79a190c6dc53366f9dd141eb/element - {"using":"xpath","value":"//span[contains(text(), \"WebdriverYardjjtihg\")][contains(@id ,\"application-addressmanagement-display-component---detailAdm--addressDetailDetailsName1\")]"}
RESULT: {"using":"xpath","value":"//span[contains(text(), \"WebdriverYardjjtihg\")][contains(@id ,\"application-addressmanagement-display-component---detailAdm--addressDetailDetailsName1\")]"}
COMMAND: POST /session/c435390b79a190c6dc53366f9dd141eb/element - {"using":"xpath","value":"//span[contains(text(), \"WebdriverYardjjtihg\")][contains(@id ,\"application-addressmanagement-display-component---detailAdm--addressDetailDetailsName1\")]"}
RESULT: {"using":"xpath","value":"//span[contains(text(), \"WebdriverYardjjtihg\")][contains(@id ,\"application-addressmanagement-display-component---detailAdm--addressDetailDetailsName1\")]"}
COMMAND: POST /session/c435390b79a190c6dc53366f9dd141eb/element - {"using":"xpath","value":"//span[contains(text(), \"WebdriverYardjjtihg\")][contains(@id ,\"application-addressmanagement-display-component---detailAdm--addressDetailDetailsName1\")]"}
RESULT: {"using":"xpath","value":"//span[contains(text(), \"WebdriverYardjjtihg\")][contains(@id ,\"application-addressmanagement-display-component---detailAdm--addressDetailDetailsName1\")]"}
COMMAND: POST /session/c435390b79a190c6dc53366f9dd141eb/element - {"using":"xpath","value":"//span[contains(text(), \"WebdriverYardjjtihg\")][contains(@id ,\"application-addressmanagement-display-component---detailAdm--addressDetailDetailsName1\")]"}
RESULT: {"using":"xpath","value":"//span[contains(text(), \"WebdriverYardjjtihg\")][contains(@id ,\"application-addressmanagement-display-component---detailAdm--addressDetailDetailsName1\")]"}
COMMAND: GET /session/c435390b79a190c6dc53366f9dd141eb/window/handles - {}
RESULT: {}
COMMAND: POST /session/c435390b79a190c6dc53366f9dd141eb/window - {"handle":"0303B39FDEA8C7EE1D4808BF1A6D8B23"}
RESULT: {"handle":"0303B39FDEA8C7EE1D4808BF1A6D8B23"}
COMMAND: GET /session/c435390b79a190c6dc53366f9dd141eb/url - {}
RESULT: {}
COMMAND: GET /session/c435390b79a190c6dc53366f9dd141eb/screenshot - {}
RESULT: {}
COMMAND: POST /session/c435390b79a190c6dc53366f9dd141eb/element - {"using":"xpath","value":"//span[contains(text(), \"WebdriverYardjjtihg\")][contains(@id ,\"application-addressmanagement-display-component---detailAdm--addressDetailDetailsName1\")]"}
COMMAND: DELETE /session/c435390b79a190c6dc53366f9dd141eb/window - {}
RESULT: {}
COMMAND: POST /session/c435390b79a190c6dc53366f9dd141eb/window - {"handle":"6B4F8AFC9C0006834B5D35A7C4DB5060"}
RESULT: {"handle":"6B4F8AFC9C0006834B5D35A7C4DB5060"}
COMMAND: GET /session/c435390b79a190c6dc53366f9dd141eb/url - {}
RESULT: {"using":"xpath","value":"//span[contains(text(), \"WebdriverYardjjtihg\")][contains(@id ,\"application-addressmanagement-display-component---detailAdm--addressDetailDetailsName1\")]"}
RESULT: {}
COMMAND: GET /session/c435390b79a190c6dc53366f9dd141eb/screenshot - {}
COMMAND: POST /session/c435390b79a190c6dc53366f9dd141eb/element - {"using":"xpath","value":"//span[contains(text(), \"WebdriverYardjjtihg\")][contains(@id ,\"application-addressmanagement-display-component---detailAdm--addressDetailDetailsName1\")]"}
RESULT: {}
RESULT: {"using":"xpath","value":"//span[contains(text(), \"WebdriverYardjjtihg\")][contains(@id ,\"application-addressmanagement-display-component---detailAdm--addressDetailDetailsName1\")]"}
COMMAND: POST /session/c435390b79a190c6dc53366f9dd141eb/element - {"using":"xpath","value":"//span[contains(text(), \"WebdriverYardjjtihg\")][contains(@id ,\"application-addressmanagement-display-component---detailAdm--addressDetailDetailsName1\")]"}
RESULT: {"using":"xpath","value":"//span[contains(text(), \"WebdriverYardjjtihg\")][contains(@id ,\"application-addressmanagement-display-component---detailAdm--addressDetailDetailsName1\")]"}
COMMAND: POST /session/c435390b79a190c6dc53366f9dd141eb/element - {"using":"xpath","value":"//span[contains(text(), \"WebdriverYardjjtihg\")][contains(@id ,\"application-addressmanagement-display-component---detailAdm--addressDetailDetailsName1\")]"}
COMMAND: POST /session/c435390b79a190c6dc53366f9dd141eb/element - {"using":"xpath","value":"//*[contains(@data-kt ,\"webshopDetailSiteLink\")]"}
RESULT: {"using":"xpath","value":"//span[contains(text(), \"WebdriverYardjjtihg\")][contains(@id ,\"application-addressmanagement-display-component---detailAdm--addressDetailDetailsName1\")]"}
RESULT: {"using":"xpath","value":"//*[contains(@data-kt ,\"webshopDetailSiteLink\")]"}
COMMAND: POST /session/c435390b79a190c6dc53366f9dd141eb/element/f.6B4F8AFC9C0006834B5D35A7C4DB5060.d.BC1078441434CD0F23FA2DBAD76A33CE.e.4047/click - {}
RESULT: {}
COMMAND: GET /session/c435390b79a190c6dc53366f9dd141eb/screenshot - {}
COMMAND: POST /session/c435390b79a190c6dc53366f9dd141eb/element - {"using":"xpath","value":"//span[contains(text(), \"WebdriverYardjjtihg\")][contains(@id ,\"application-addressmanagement-display-component---detailAdm--addressDetailDetailsName1\")]"}
RESULT: {}
RESULT: {"using":"xpath","value":"//span[contains(text(), \"WebdriverYardjjtihg\")][contains(@id ,\"application-addressmanagement-display-component---detailAdm--addressDetailDetailsName1\")]"}
COMMAND: POST /session/c435390b79a190c6dc53366f9dd141eb/element - {"using":"xpath","value":"//span[contains(text(), \"WebdriverYardjjtihg\")][contains(@id ,\"application-addressmanagement-display-component---detailAdm--addressDetailDetailsName1\")]"}
RESULT: {"using":"xpath","value":"//span[contains(text(), \"WebdriverYardjjtihg\")][contains(@id ,\"application-addressmanagement-display-component---detailAdm--addressDetailDetailsName1\")]"}
COMMAND: POST /session/c435390b79a190c6dc53366f9dd141eb/element - {"using":"xpath","value":"//span[contains(text(), \"WebdriverYardjjtihg\")][contains(@id ,\"application-addressmanagement-display-component---detailAdm--addressDetailDetailsName1\")]"}
RESULT: {"using":"xpath","value":"//span[contains(text(), \"WebdriverYardjjtihg\")][contains(@id ,\"application-addressmanagement-display-component---detailAdm--addressDetailDetailsName1\")]"}
COMMAND: POST /session/c435390b79a190c6dc53366f9dd141eb/element - {"using":"xpath","value":"//*[contains(@data-kt ,\"ContextMenuIdLink\")][contains(text(), \"Manage Site\")]"}
COMMAND: POST /session/c435390b79a190c6dc53366f9dd141eb/element - {"using":"xpath","value":"//span[contains(text(), \"WebdriverYardjjtihg\")][contains(@id ,\"application-addressmanagement-display-component---detailAdm--addressDetailDetailsName1\")]"}
RESULT: {"using":"xpath","value":"//*[contains(@data-kt ,\"ContextMenuIdLink\")][contains(text(), \"Manage Site\")]"}
COMMAND: POST /session/c435390b79a190c6dc53366f9dd141eb/execute/sync - {"script":"<script> [8489 bytes]","args":[{"element-6066-11e4-a52e-4f735466cecf":"f.6B4F8AFC9C0006834B5D35A7C4DB5060.d.BC1078441434CD0F23FA2DBAD76A33CE.e.4049","ELEMENT":"f.6B4F8AFC9C0006834B5D35A7C4DB5060.d.BC1078441434CD0F23FA2DBAD76A33CE.e.4049"}]}
COMMAND: POST /session/c435390b79a190c6dc53366f9dd141eb/element - {"using":"xpath","value":"//*[contains(@data-kt ,\"ContextMenuId2Link\")][contains(text(), \"Site Overview\")]"}
RESULT: {"using":"xpath","value":"//span[contains(text(), \"WebdriverYardjjtihg\")][contains(@id ,\"application-addressmanagement-display-component---detailAdm--addressDetailDetailsName1\")]"}
RESULT: {"using":"xpath","value":"//*[contains(@data-kt ,\"ContextMenuId2Link\")][contains(text(), \"Site Overview\")]"}
COMMAND: POST /session/c435390b79a190c6dc53366f9dd141eb/execute/sync - {"script":"<script> [8489 bytes]","args":[{"element-6066-11e4-a52e-4f735466cecf":"f.6B4F8AFC9C0006834B5D35A7C4DB5060.d.BC1078441434CD0F23FA2DBAD76A33CE.e.4050","ELEMENT":"f.6B4F8AFC9C0006834B5D35A7C4DB5060.d.BC1078441434CD0F23FA2DBAD76A33CE.e.4050"}]}
COMMAND: POST /session/c435390b79a190c6dc53366f9dd141eb/element - {"using":"xpath","value":"//*[contains(@data-kt ,\"ContextMenuId3Link\")][contains(text(), \"Site Main Address\")]"}
RESULT: {"script":"<script> [8489 bytes]","args":[{"element-6066-11e4-a52e-4f735466cecf":"f.6B4F8AFC9C0006834B5D35A7C4DB5060.d.BC1078441434CD0F23FA2DBAD76A33CE.e.4049","ELEMENT":"f.6B4F8AFC9C0006834B5D35A7C4DB5060.d.BC1078441434CD0F23FA2DBAD76A33CE.e.4049"}]}
COMMAND: GET /session/c435390b79a190c6dc53366f9dd141eb/screenshot - {}
RESULT: {"script":"<script> [8489 bytes]","args":[{"element-6066-11e4-a52e-4f735466cecf":"f.6B4F8AFC9C0006834B5D35A7C4DB5060.d.BC1078441434CD0F23FA2DBAD76A33CE.e.4050","ELEMENT":"f.6B4F8AFC9C0006834B5D35A7C4DB5060.d.BC1078441434CD0F23FA2DBAD76A33CE.e.4050"}]}
COMMAND: GET /session/c435390b79a190c6dc53366f9dd141eb/screenshot - {}
RESULT: {"using":"xpath","value":"//*[contains(@data-kt ,\"ContextMenuId3Link\")][contains(text(), \"Site Main Address\")]"}
COMMAND: POST /session/c435390b79a190c6dc53366f9dd141eb/execute/sync - {"script":"<script> [8489 bytes]","args":[{"element-6066-11e4-a52e-4f735466cecf":"f.6B4F8AFC9C0006834B5D35A7C4DB5060.d.BC1078441434CD0F23FA2DBAD76A33CE.e.4051","ELEMENT":"f.6B4F8AFC9C0006834B5D35A7C4DB5060.d.BC1078441434CD0F23FA2DBAD76A33CE.e.4051"}]}
COMMAND: POST /session/c435390b79a190c6dc53366f9dd141eb/element/f.6B4F8AFC9C0006834B5D35A7C4DB5060.d.BC1078441434CD0F23FA2DBAD76A33CE.e.4049/click - {}
RESULT: {}
COMMAND: POST /session/c435390b79a190c6dc53366f9dd141eb/element - {"using":"xpath","value":"//span[contains(text(), \"WebdriverYardjjtihg\")][contains(@id ,\"application-addressmanagement-display-component---detailAdm--addressDetailDetailsName1\")]"}
RESULT: {}
RESULT: {}
RESULT: {"script":"<script> [8489 bytes]","args":[{"element-6066-11e4-a52e-4f735466cecf":"f.6B4F8AFC9C0006834B5D35A7C4DB5060.d.BC1078441434CD0F23FA2DBAD76A33CE.e.4051","ELEMENT":"f.6B4F8AFC9C0006834B5D35A7C4DB5060.d.BC1078441434CD0F23FA2DBAD76A33CE.e.4051"}]}
COMMAND: GET /session/c435390b79a190c6dc53366f9dd141eb/screenshot - {}
COMMAND: GET /session/c435390b79a190c6dc53366f9dd141eb/screenshot - {}
RESULT: {"using":"xpath","value":"//span[contains(text(), \"WebdriverYardjjtihg\")][contains(@id ,\"application-addressmanagement-display-component---detailAdm--addressDetailDetailsName1\")]"}
RESULT: {}
COMMAND: POST /session/c435390b79a190c6dc53366f9dd141eb/element - {"using":"xpath","value":"//span[contains(text(), \"WebdriverYardjjtihg\")][contains(@id ,\"application-addressmanagement-display-component---detailAdm--addressDetailDetailsName1\")]"}
RESULT: {}
RESULT: {"using":"xpath","value":"//span[contains(text(), \"WebdriverYardjjtihg\")][contains(@id ,\"application-addressmanagement-display-component---detailAdm--addressDetailDetailsName1\")]"}
COMMAND: POST /session/c435390b79a190c6dc53366f9dd141eb/element - {"using":"xpath","value":"//span[contains(text(), \"WebdriverYardjjtihg\")][contains(@id ,\"application-addressmanagement-display-component---detailAdm--addressDetailDetailsName1\")]"}
COMMAND: POST /session/c435390b79a190c6dc53366f9dd141eb/execute/async - {"script":"<script> [1562 bytes]","args":[{"selector":{"controlType":"sap.m.Title","viewName":"etm.portal.ui.managesites.view.Master","viewId":"application-managesites-display-component---masterSite","i18NText":{"propertyName":"text","key":"sites"}},"wdio_ui5_key":"etmportal.ui.managesites.view.Mastersap.m.Title{\"propertyName\":\"text\",\"key\":\"sites\"}"}]}
RESULT: {"script":"<script> [1562 bytes]","args":[{"selector":{"controlType":"sap.m.Title","viewName":"etm.portal.ui.managesites.view.Master","viewId":"application-managesites-display-component---masterSite","i18NText":{"propertyName":"text","key":"sites"}},"wdio_ui5_key":"etmportal.ui.managesites.view.Mastersap.m.Title{\"propertyName\":\"text\",\"key\":\"sites\"}"}]}
RESULT: undefined
COMMAND: POST /session/c435390b79a190c6dc53366f9dd141eb/execute/async - {"script":"<script> [6424 bytes]","args":[{"element-6066-11e4-a52e-4f735466cecf":"f.6B4F8AFC9C0006834B5D35A7C4DB5060.d.BC1078441434CD0F23FA2DBAD76A33CE.e.4355"},"getText",[]]}
RESULT: {"using":"xpath","value":"//span[contains(text(), \"WebdriverYardjjtihg\")][contains(@id ,\"application-addressmanagement-display-component---detailAdm--addressDetailDetailsName1\")]"}
RESULT: {"script":"<script> [6424 bytes]","args":[{"element-6066-11e4-a52e-4f735466cecf":"f.6B4F8AFC9C0006834B5D35A7C4DB5060.d.BC1078441434CD0F23FA2DBAD76A33CE.e.4355"},"getText",[]]}
COMMAND: POST /session/c435390b79a190c6dc53366f9dd141eb/execute/async - {"script":"<script> [1562 bytes]","args":[{"selector":{"id":"application-managesites-display-component---detailSite--addressDetailDetailsName1"},"wdio_ui5_key":"applicationmanagesites-display-component---detailSite--addressDetailDetailsName1"}]}
COMMAND: POST /session/c435390b79a190c6dc53366f9dd141eb/element - {"using":"xpath","value":"//span[contains(text(), \"WebdriverYardjjtihg\")][contains(@id ,\"application-addressmanagement-display-component---detailAdm--addressDetailDetailsName1\")]"}
RESULT: {"script":"<script> [1562 bytes]","args":[{"selector":{"id":"application-managesites-display-component---detailSite--addressDetailDetailsName1"},"wdio_ui5_key":"applicationmanagesites-display-component---detailSite--addressDetailDetailsName1"}]}
RESULT: undefined
COMMAND: POST /session/c435390b79a190c6dc53366f9dd141eb/execute/async - {"script":"<script> [6424 bytes]","args":[{"element-6066-11e4-a52e-4f735466cecf":"f.6B4F8AFC9C0006834B5D35A7C4DB5060.d.BC1078441434CD0F23FA2DBAD76A33CE.e.4101"},"getValue",[]]}
RESULT: {"using":"xpath","value":"//span[contains(text(), \"WebdriverYardjjtihg\")][contains(@id ,\"application-addressmanagement-display-component---detailAdm--addressDetailDetailsName1\")]"}
RESULT: {"script":"<script> [6424 bytes]","args":[{"element-6066-11e4-a52e-4f735466cecf":"f.6B4F8AFC9C0006834B5D35A7C4DB5060.d.BC1078441434CD0F23FA2DBAD76A33CE.e.4101"},"getValue",[]]}
RESULT: undefined
COMMAND: POST /session/c435390b79a190c6dc53366f9dd141eb/element - {"using":"xpath","value":"//*[@id=\"backBtn\"]"}
RESULT: {"using":"xpath","value":"//*[@id=\"backBtn\"]"}
COMMAND: POST /session/c435390b79a190c6dc53366f9dd141eb/element/f.6B4F8AFC9C0006834B5D35A7C4DB5060.d.BC1078441434CD0F23FA2DBAD76A33CE.e.3189/click - {}
COMMAND: POST /session/c435390b79a190c6dc53366f9dd141eb/element - {"using":"xpath","value":"//span[contains(text(), \"WebdriverYardjjtihg\")][contains(@id ,\"application-addressmanagement-display-component---detailAdm--addressDetailDetailsName1\")]"}
RESULT: {}
COMMAND: GET /session/c435390b79a190c6dc53366f9dd141eb/screenshot - {}
RESULT: {"using":"xpath","value":"//span[contains(text(), \"WebdriverYardjjtihg\")][contains(@id ,\"application-addressmanagement-display-component---detailAdm--addressDetailDetailsName1\")]"}
COMMAND: POST /session/c435390b79a190c6dc53366f9dd141eb/element - {"using":"xpath","value":"//span[contains(text(), \"WebdriverYardjjtihg\")][contains(@id ,\"application-addressmanagement-display-component---detailAdm--addressDetailDetailsName1\")]"}
RESULT: {}
RESULT: {"using":"xpath","value":"//span[contains(text(), \"WebdriverYardjjtihg\")][contains(@id ,\"application-addressmanagement-display-component---detailAdm--addressDetailDetailsName1\")]"}
COMMAND: POST /session/c435390b79a190c6dc53366f9dd141eb/element - {"using":"xpath","value":"//span[contains(text(), \"WebdriverYardjjtihg\")][contains(@id ,\"application-addressmanagement-display-component---detailAdm--addressDetailDetailsName1\")]"}
COMMAND: POST /session/c435390b79a190c6dc53366f9dd141eb/element - {"using":"xpath","value":"//*[contains(@data-kt ,\"webshopDetailSiteLink\")]"}
RESULT: {"using":"xpath","value":"//span[contains(text(), \"WebdriverYardjjtihg\")][contains(@id ,\"application-addressmanagement-display-component---detailAdm--addressDetailDetailsName1\")]"}
RESULT: {"using":"xpath","value":"//*[contains(@data-kt ,\"webshopDetailSiteLink\")]"}
COMMAND: POST /session/c435390b79a190c6dc53366f9dd141eb/element/f.6B4F8AFC9C0006834B5D35A7C4DB5060.d.BC1078441434CD0F23FA2DBAD76A33CE.e.4522/click - {}
COMMAND: POST /session/c435390b79a190c6dc53366f9dd141eb/element - {"using":"xpath","value":"//span[contains(text(), \"WebdriverYardjjtihg\")][contains(@id ,\"application-addressmanagement-display-component---detailAdm--addressDetailDetailsName1\")]"}
RESULT: {}
COMMAND: GET /session/c435390b79a190c6dc53366f9dd141eb/screenshot - {}
RESULT: {"using":"xpath","value":"//span[contains(text(), \"WebdriverYardjjtihg\")][contains(@id ,\"application-addressmanagement-display-component---detailAdm--addressDetailDetailsName1\")]"}
RESULT: {}
COMMAND: POST /session/c435390b79a190c6dc53366f9dd141eb/element - {"using":"xpath","value":"//span[contains(text(), \"WebdriverYardjjtihg\")][contains(@id ,\"application-addressmanagement-display-component---detailAdm--addressDetailDetailsName1\")]"}
RESULT: {"using":"xpath","value":"//span[contains(text(), \"WebdriverYardjjtihg\")][contains(@id ,\"application-addressmanagement-display-component---detailAdm--addressDetailDetailsName1\")]"}
COMMAND: POST /session/c435390b79a190c6dc53366f9dd141eb/element - {"using":"xpath","value":"//span[contains(text(), \"WebdriverYardjjtihg\")][contains(@id ,\"application-addressmanagement-display-component---detailAdm--addressDetailDetailsName1\")]"}
RESULT: {"using":"xpath","value":"//span[contains(text(), \"WebdriverYardjjtihg\")][contains(@id ,\"application-addressmanagement-display-component---detailAdm--addressDetailDetailsName1\")]"}
COMMAND: POST /session/c435390b79a190c6dc53366f9dd141eb/element - {"using":"xpath","value":"//span[contains(text(), \"WebdriverYardjjtihg\")][contains(@id ,\"application-addressmanagement-display-component---detailAdm--addressDetailDetailsName1\")]"}
RESULT: {"using":"xpath","value":"//span[contains(text(), \"WebdriverYardjjtihg\")][contains(@id ,\"application-addressmanagement-display-component---detailAdm--addressDetailDetailsName1\")]"}
COMMAND: POST /session/c435390b79a190c6dc53366f9dd141eb/element/f.6B4F8AFC9C0006834B5D35A7C4DB5060.d.BC1078441434CD0F23FA2DBAD76A33CE.e.4050/click - {}
COMMAND: POST /session/c435390b79a190c6dc53366f9dd141eb/element - {"using":"xpath","value":"//*[contains(@data-kt ,\"ContextMenuId2Link\")][contains(text(), \"Site Overview\")]"}
RESULT: {"using":"xpath","value":"//*[contains(@data-kt ,\"ContextMenuId2Link\")][contains(text(), \"Site Overview\")]"}
COMMAND: POST /session/c435390b79a190c6dc53366f9dd141eb/element/f.6B4F8AFC9C0006834B5D35A7C4DB5060.d.BC1078441434CD0F23FA2DBAD76A33CE.e.4050/click - {}
COMMAND: POST /session/c435390b79a190c6dc53366f9dd141eb/element - {"using":"xpath","value":"//*[contains(@data-kt ,\"ContextMenuId2Link\")][contains(text(), \"Site Overview\")]"}
RESULT: {"using":"xpath","value":"//*[contains(@data-kt ,\"ContextMenuId2Link\")][contains(text(), \"Site Overview\")]"}
COMMAND: POST /session/c435390b79a190c6dc53366f9dd141eb/element/f.6B4F8AFC9C0006834B5D35A7C4DB5060.d.BC1078441434CD0F23FA2DBAD76A33CE.e.4527/click - {}
COMMAND: POST /session/c435390b79a190c6dc53366f9dd141eb/element - {"using":"xpath","value":"//span[contains(text(), \"WebdriverYardjjtihg\")][contains(@id ,\"application-addressmanagement-display-component---detailAdm--addressDetailDetailsName1\")]"}
RESULT: {}
COMMAND: GET /session/c435390b79a190c6dc53366f9dd141eb/screenshot - {}
RESULT: {"using":"xpath","value":"//span[contains(text(), \"WebdriverYardjjtihg\")][contains(@id ,\"application-addressmanagement-display-component---detailAdm--addressDetailDetailsName1\")]"}
RESULT: {}
COMMAND: POST /session/c435390b79a190c6dc53366f9dd141eb/element - {"using":"xpath","value":"//span[contains(text(), \"WebdriverYardjjtihg\")][contains(@id ,\"application-addressmanagement-display-component---detailAdm--addressDetailDetailsName1\")]"}
RESULT: {"using":"xpath","value":"//span[contains(text(), \"WebdriverYardjjtihg\")][contains(@id ,\"application-addressmanagement-display-component---detailAdm--addressDetailDetailsName1\")]"}
COMMAND: POST /session/c435390b79a190c6dc53366f9dd141eb/element - {"using":"xpath","value":"//span[contains(text(), \"WebdriverYardjjtihg\")][contains(@id ,\"application-addressmanagement-display-component---detailAdm--addressDetailDetailsName1\")]"}
RESULT: {"using":"xpath","value":"//span[contains(text(), \"WebdriverYardjjtihg\")][contains(@id ,\"application-addressmanagement-display-component---detailAdm--addressDetailDetailsName1\")]"}
COMMAND: POST /session/c435390b79a190c6dc53366f9dd141eb/element - {"using":"xpath","value":"//span[contains(text(), \"WebdriverYardjjtihg\")][contains(@id ,\"application-addressmanagement-display-component---detailAdm--addressDetailDetailsName1\")]"}
RESULT: {"using":"xpath","value":"//span[contains(text(), \"WebdriverYardjjtihg\")][contains(@id ,\"application-addressmanagement-display-component---detailAdm--addressDetailDetailsName1\")]"}
RESULT: undefined
COMMAND: POST /session/c435390b79a190c6dc53366f9dd141eb/execute/async - {"script":"<script> [6424 bytes]","args":[{"element-6066-11e4-a52e-4f735466cecf":"f.6B4F8AFC9C0006834B5D35A7C4DB5060.d.BC1078441434CD0F23FA2DBAD76A33CE.e.3187"},"getTitle",[]]}
COMMAND: POST /session/c435390b79a190c6dc53366f9dd141eb/execute/async - {"script":"<script> [1562 bytes]","args":[{"selector":{"id":"shellAppTitle"},"wdio_ui5_key":"shellAppTitle"}]}
RESULT: {"script":"<script> [1562 bytes]","args":[{"selector":{"id":"shellAppTitle"},"wdio_ui5_key":"shellAppTitle"}]}
COMMAND: POST /session/c435390b79a190c6dc53366f9dd141eb/execute/async - {"script":"<script> [6424 bytes]","args":[{"element-6066-11e4-a52e-4f735466cecf":"f.6B4F8AFC9C0006834B5D35A7C4DB5060.d.BC1078441434CD0F23FA2DBAD76A33CE.e.4554"},"getTitle",[]]}
RESULT: {"script":"<script> [6424 bytes]","args":[{"element-6066-11e4-a52e-4f735466cecf":"f.6B4F8AFC9C0006834B5D35A7C4DB5060.d.BC1078441434CD0F23FA2DBAD76A33CE.e.4554"},"getTitle",[]]}
COMMAND: POST /session/c435390b79a190c6dc53366f9dd141eb/element - {"using":"xpath","value":"(//span[contains(text(), \"WebdriverSited8mn8\")])[2]"}
RESULT: {"using":"xpath","value":"(//span[contains(text(), \"WebdriverSited8mn8\")])[2]"}
COMMAND: POST /session/c435390b79a190c6dc53366f9dd141eb/execute/sync - {"script":"<script> [8489 bytes]","args":[{"element-6066-11e4-a52e-4f735466cecf":"f.6B4F8AFC9C0006834B5D35A7C4DB5060.d.BC1078441434CD0F23FA2DBAD76A33CE.e.4555","ELEMENT":"f.6B4F8AFC9C0006834B5D35A7C4DB5060.d.BC1078441434CD0F23FA2DBAD76A33CE.e.4555"}]}
RESULT: undefined
COMMAND: POST /session/c435390b79a190c6dc53366f9dd141eb/element - {"using":"xpath","value":"//*[@id=\"backBtn\"]"}
RESULT: {"script":"<script> [8489 bytes]","args":[{"element-6066-11e4-a52e-4f735466cecf":"f.6B4F8AFC9C0006834B5D35A7C4DB5060.d.BC1078441434CD0F23FA2DBAD76A33CE.e.4555","ELEMENT":"f.6B4F8AFC9C0006834B5D35A7C4DB5060.d.BC1078441434CD0F23FA2DBAD76A33CE.e.4555"}]}
COMMAND: GET /session/c435390b79a190c6dc53366f9dd141eb/screenshot - {}
RESULT: {"using":"xpath","value":"//*[@id=\"backBtn\"]"}
COMMAND: POST /session/c435390b79a190c6dc53366f9dd141eb/element/f.6B4F8AFC9C0006834B5D35A7C4DB5060.d.BC1078441434CD0F23FA2DBAD76A33CE.e.3189/click - {}
RESULT: {}
RESULT: {}
COMMAND: GET /session/c435390b79a190c6dc53366f9dd141eb/screenshot - {}
RESULT: {}
COMMAND: POST /session/c435390b79a190c6dc53366f9dd141eb/element - {"using":"xpath","value":"//*[contains(@data-kt ,\"webshopDetailSiteLink\")]"}
RESULT: {"using":"xpath","value":"//*[contains(@data-kt ,\"webshopDetailSiteLink\")]"}
COMMAND: POST /session/c435390b79a190c6dc53366f9dd141eb/element/f.6B4F8AFC9C0006834B5D35A7C4DB5060.d.BC1078441434CD0F23FA2DBAD76A33CE.e.4687/click - {}
RESULT: {}
COMMAND: GET /session/c435390b79a190c6dc53366f9dd141eb/screenshot - {}
RESULT: {}
COMMAND: POST /session/c435390b79a190c6dc53366f9dd141eb/element/f.6B4F8AFC9C0006834B5D35A7C4DB5060.d.BC1078441434CD0F23FA2DBAD76A33CE.e.4051/click - {}
COMMAND: POST /session/c435390b79a190c6dc53366f9dd141eb/element - {"using":"xpath","value":"//*[contains(@data-kt ,\"ContextMenuId3Link\")][contains(text(), \"Site Main Address\")]"}
RESULT: {"using":"xpath","value":"//*[contains(@data-kt ,\"ContextMenuId3Link\")][contains(text(), \"Site Main Address\")]"}
COMMAND: POST /session/c435390b79a190c6dc53366f9dd141eb/element/f.6B4F8AFC9C0006834B5D35A7C4DB5060.d.BC1078441434CD0F23FA2DBAD76A33CE.e.4051/click - {}
COMMAND: POST /session/c435390b79a190c6dc53366f9dd141eb/element - {"using":"xpath","value":"//*[contains(@data-kt ,\"ContextMenuId3Link\")][contains(text(), \"Site Main Address\")]"}
RESULT: {"using":"xpath","value":"//*[contains(@data-kt ,\"ContextMenuId3Link\")][contains(text(), \"Site Main Address\")]"}
COMMAND: POST /session/c435390b79a190c6dc53366f9dd141eb/element/f.6B4F8AFC9C0006834B5D35A7C4DB5060.d.BC1078441434CD0F23FA2DBAD76A33CE.e.4690/click - {}
RESULT: {}
COMMAND: GET /session/c435390b79a190c6dc53366f9dd141eb/screenshot - {}
RESULT: {}
COMMAND: POST /session/c435390b79a190c6dc53366f9dd141eb/element - {"using":"xpath","value":"//span[contains(@id ,\"application-addressmanagement-display-component---masterAdm--title1-inner\")]"}
RESULT: {"using":"xpath","value":"//span[contains(@id ,\"application-addressmanagement-display-component---masterAdm--title1-inner\")]"}
COMMAND: GET /session/c435390b79a190c6dc53366f9dd141eb/element/f.6B4F8AFC9C0006834B5D35A7C4DB5060.d.BC1078441434CD0F23FA2DBAD76A33CE.e.4879/text - {}
RESULT: {}
COMMAND: POST /session/c435390b79a190c6dc53366f9dd141eb/element - {"using":"xpath","value":"//span[contains(@id ,\"application-addressmanagement-display-component---detailAdm--addressDetailDetailsName1\")][contains(text(), \"WebdriverSited8mn8\")]"}
RESULT: {"using":"xpath","value":"//span[contains(@id ,\"application-addressmanagement-display-component---detailAdm--addressDetailDetailsName1\")][contains(text(), \"WebdriverSited8mn8\")]"}
COMMAND: POST /session/c435390b79a190c6dc53366f9dd141eb/execute/sync - {"script":"<script> [8489 bytes]","args":[{"element-6066-11e4-a52e-4f735466cecf":"f.6B4F8AFC9C0006834B5D35A7C4DB5060.d.BC1078441434CD0F23FA2DBAD76A33CE.e.4881","ELEMENT":"f.6B4F8AFC9C0006834B5D35A7C4DB5060.d.BC1078441434CD0F23FA2DBAD76A33CE.e.4881"}]}
RESULT: undefined
COMMAND: POST /session/c435390b79a190c6dc53366f9dd141eb/element - {"using":"xpath","value":"//*[@id=\"backBtn\"]"}
RESULT: {"script":"<script> [8489 bytes]","args":[{"element-6066-11e4-a52e-4f735466cecf":"f.6B4F8AFC9C0006834B5D35A7C4DB5060.d.BC1078441434CD0F23FA2DBAD76A33CE.e.4881","ELEMENT":"f.6B4F8AFC9C0006834B5D35A7C4DB5060.d.BC1078441434CD0F23FA2DBAD76A33CE.e.4881"}]}
COMMAND: GET /session/c435390b79a190c6dc53366f9dd141eb/screenshot - {}
RESULT: {"using":"xpath","value":"//*[@id=\"backBtn\"]"}
COMMAND: POST /session/c435390b79a190c6dc53366f9dd141eb/element/f.6B4F8AFC9C0006834B5D35A7C4DB5060.d.BC1078441434CD0F23FA2DBAD76A33CE.e.3189/click - {}
RESULT: {}
RESULT: {}
COMMAND: GET /session/c435390b79a190c6dc53366f9dd141eb/screenshot - {}
RESULT: {}
COMMAND: POST /session/c435390b79a190c6dc53366f9dd141eb/element - {"using":"xpath","value":"//*[contains(@data-kt ,\"webshopDetailSiteLink\")]"}
RESULT: {"using":"xpath","value":"//*[contains(@data-kt ,\"webshopDetailSiteLink\")]"}
COMMAND: POST /session/c435390b79a190c6dc53366f9dd141eb/element/f.6B4F8AFC9C0006834B5D35A7C4DB5060.d.BC1078441434CD0F23FA2DBAD76A33CE.e.5051/click - {}
RESULT: {}
COMMAND: GET /session/c435390b79a190c6dc53366f9dd141eb/screenshot - {}
RESULT: {}
COMMAND: POST /session/c435390b79a190c6dc53366f9dd141eb/element - {"using":"xpath","value":"//button[contains(@data-kt ,\"ContextMenuIdExternalLink\")]"}
RESULT: {"using":"xpath","value":"//button[contains(@data-kt ,\"ContextMenuIdExternalLink\")]"}
COMMAND: POST /session/c435390b79a190c6dc53366f9dd141eb/element/f.6B4F8AFC9C0006834B5D35A7C4DB5060.d.BC1078441434CD0F23FA2DBAD76A33CE.e.5053/click - {}
RESULT: {}
COMMAND: GET /session/c435390b79a190c6dc53366f9dd141eb/screenshot - {}
RESULT: {}
COMMAND: GET /session/c435390b79a190c6dc53366f9dd141eb/window/handles - {}
RESULT: {}
COMMAND: POST /session/c435390b79a190c6dc53366f9dd141eb/window - {"handle":"A715B36B06E86A8F2B43A87521A2ABAB"}
RESULT: {"handle":"A715B36B06E86A8F2B43A87521A2ABAB"}
COMMAND: GET /session/c435390b79a190c6dc53366f9dd141eb/url - {}
RESULT: {}
COMMAND: GET /session/c435390b79a190c6dc53366f9dd141eb/screenshot - {}
COMMAND: DELETE /session/c435390b79a190c6dc53366f9dd141eb/window - {}
RESULT: {}
RESULT: {}
COMMAND: POST /session/c435390b79a190c6dc53366f9dd141eb/window - {"handle":"6B4F8AFC9C0006834B5D35A7C4DB5060"}
RESULT: {"handle":"6B4F8AFC9C0006834B5D35A7C4DB5060"}
COMMAND: GET /session/c435390b79a190c6dc53366f9dd141eb/url - {}
RESULT: {}
COMMAND: GET /session/c435390b79a190c6dc53366f9dd141eb/screenshot - {}
RESULT: {}
COMMAND: POST /session/c435390b79a190c6dc53366f9dd141eb/element - {"using":"xpath","value":"//button[contains(@data-kt ,\"ContextMenuExternalId2Link\")]"}
RESULT: {"using":"xpath","value":"//button[contains(@data-kt ,\"ContextMenuExternalId2Link\")]"}
COMMAND: POST /session/c435390b79a190c6dc53366f9dd141eb/element/f.6B4F8AFC9C0006834B5D35A7C4DB5060.d.BC1078441434CD0F23FA2DBAD76A33CE.e.5292/click - {}
RESULT: {}
COMMAND: GET /session/c435390b79a190c6dc53366f9dd141eb/screenshot - {}
RESULT: {}
COMMAND: GET /session/c435390b79a190c6dc53366f9dd141eb/window/handles - {}
RESULT: {}
COMMAND: POST /session/c435390b79a190c6dc53366f9dd141eb/window - {"handle":"22EDC167B90B0910645C14EEAB172C45"}
RESULT: {"handle":"22EDC167B90B0910645C14EEAB172C45"}
COMMAND: GET /session/c435390b79a190c6dc53366f9dd141eb/url - {}
RESULT: {}
COMMAND: GET /session/c435390b79a190c6dc53366f9dd141eb/screenshot - {}
RESULT: {}
COMMAND: POST /session/c435390b79a190c6dc53366f9dd141eb/execute/sync - {"script":"<script> [8489 bytes]","args":[{"element-6066-11e4-a52e-4f735466cecf":"f.6B4F8AFC9C0006834B5D35A7C4DB5060.d.BC1078441434CD0F23FA2DBAD76A33CE.e.4555","ELEMENT":"f.6B4F8AFC9C0006834B5D35A7C4DB5060.d.BC1078441434CD0F23FA2DBAD76A33CE.e.4555"}]}
COMMAND: DELETE /session/c435390b79a190c6dc53366f9dd141eb/window - {}
RESULT: {}
COMMAND: POST /session/c435390b79a190c6dc53366f9dd141eb/window - {"handle":"6B4F8AFC9C0006834B5D35A7C4DB5060"}
RESULT: {"handle":"6B4F8AFC9C0006834B5D35A7C4DB5060"}
COMMAND: GET /session/c435390b79a190c6dc53366f9dd141eb/url - {}
COMMAND: POST /session/c435390b79a190c6dc53366f9dd141eb/element - {"using":"xpath","value":"(//span[contains(text(), \"WebdriverSited8mn8\")])[2]"}
RESULT: {}
COMMAND: GET /session/c435390b79a190c6dc53366f9dd141eb/screenshot - {}
RESULT: {"using":"xpath","value":"(//span[contains(text(), \"WebdriverSited8mn8\")])[2]"}
COMMAND: POST /session/c435390b79a190c6dc53366f9dd141eb/element - {"using":"xpath","value":"(//span[contains(text(), \"WebdriverSited8mn8\")])[2]"}
RESULT: {"using":"xpath","value":"(//span[contains(text(), \"WebdriverSited8mn8\")])[2]"}
RESULT: {}
COMMAND: POST /session/c435390b79a190c6dc53366f9dd141eb/element - {"using":"xpath","value":"(//span[contains(text(), \"WebdriverSited8mn8\")])[2]"}
RESULT: {"using":"xpath","value":"(//span[contains(text(), \"WebdriverSited8mn8\")])[2]"}
COMMAND: POST /session/c435390b79a190c6dc53366f9dd141eb/element - {"using":"xpath","value":"(//span[contains(text(), \"WebdriverSited8mn8\")])[2]"}
RESULT: {"using":"xpath","value":"(//span[contains(text(), \"WebdriverSited8mn8\")])[2]"}
COMMAND: POST /session/c435390b79a190c6dc53366f9dd141eb/element - {"using":"xpath","value":"(//span[contains(text(), \"WebdriverSited8mn8\")])[2]"}
RESULT: {"using":"xpath","value":"(//span[contains(text(), \"WebdriverSited8mn8\")])[2]"}
COMMAND: POST /session/c435390b79a190c6dc53366f9dd141eb/element - {"using":"xpath","value":"(//span[contains(text(), \"WebdriverSited8mn8\")])[2]"}
RESULT: {"using":"xpath","value":"(//span[contains(text(), \"WebdriverSited8mn8\")])[2]"}
COMMAND: POST /session/c435390b79a190c6dc53366f9dd141eb/element - {"using":"xpath","value":"(//span[contains(text(), \"WebdriverSited8mn8\")])[2]"}
RESULT: {"using":"xpath","value":"(//span[contains(text(), \"WebdriverSited8mn8\")])[2]"}
COMMAND: POST /session/c435390b79a190c6dc53366f9dd141eb/element - {"using":"xpath","value":"(//span[contains(text(), \"WebdriverSited8mn8\")])[2]"}
RESULT: {"using":"xpath","value":"(//span[contains(text(), \"WebdriverSited8mn8\")])[2]"}
COMMAND: POST /session/c435390b79a190c6dc53366f9dd141eb/element - {"using":"xpath","value":"(//span[contains(text(), \"WebdriverSited8mn8\")])[2]"}
RESULT: {"using":"xpath","value":"(//span[contains(text(), \"WebdriverSited8mn8\")])[2]"}
COMMAND: POST /session/c435390b79a190c6dc53366f9dd141eb/element - {"using":"xpath","value":"(//span[contains(text(), \"WebdriverSited8mn8\")])[2]"}
RESULT: {"using":"xpath","value":"(//span[contains(text(), \"WebdriverSited8mn8\")])[2]"}
COMMAND: POST /session/c435390b79a190c6dc53366f9dd141eb/element - {"using":"xpath","value":"//*[contains(@data-kt ,\"webshopDetailSiteLink\")]"}
RESULT: {"using":"xpath","value":"//*[contains(@data-kt ,\"webshopDetailSiteLink\")]"}
COMMAND: POST /session/c435390b79a190c6dc53366f9dd141eb/element/f.6B4F8AFC9C0006834B5D35A7C4DB5060.d.BC1078441434CD0F23FA2DBAD76A33CE.e.5051/click - {}
RESULT: {}
COMMAND: GET /session/c435390b79a190c6dc53366f9dd141eb/screenshot - {}
COMMAND: POST /session/c435390b79a190c6dc53366f9dd141eb/element - {"using":"xpath","value":"(//span[contains(text(), \"WebdriverSited8mn8\")])[2]"}
RESULT: {}
RESULT: {"using":"xpath","value":"(//span[contains(text(), \"WebdriverSited8mn8\")])[2]"}
COMMAND: POST /session/c435390b79a190c6dc53366f9dd141eb/execute/sync - {"script":"<script> [8489 bytes]","args":[{"element-6066-11e4-a52e-4f735466cecf":"f.6B4F8AFC9C0006834B5D35A7C4DB5060.d.BC1078441434CD0F23FA2DBAD76A33CE.e.5307","ELEMENT":"f.6B4F8AFC9C0006834B5D35A7C4DB5060.d.BC1078441434CD0F23FA2DBAD76A33CE.e.5307"}]}
RESULT: {"script":"<script> [8489 bytes]","args":[{"element-6066-11e4-a52e-4f735466cecf":"f.6B4F8AFC9C0006834B5D35A7C4DB5060.d.BC1078441434CD0F23FA2DBAD76A33CE.e.5307","ELEMENT":"f.6B4F8AFC9C0006834B5D35A7C4DB5060.d.BC1078441434CD0F23FA2DBAD76A33CE.e.5307"}]}
COMMAND: GET /session/c435390b79a190c6dc53366f9dd141eb/screenshot - {}
RESULT: {}
COMMAND: POST /session/c435390b79a190c6dc53366f9dd141eb/element - {"using":"xpath","value":"(//button[contains(@data-kt ,\"ContextMenuExternalId3Link\")])[2]"}
RESULT: {"using":"xpath","value":"(//button[contains(@data-kt ,\"ContextMenuExternalId3Link\")])[2]"}
COMMAND: POST /session/c435390b79a190c6dc53366f9dd141eb/element/f.6B4F8AFC9C0006834B5D35A7C4DB5060.d.BC1078441434CD0F23FA2DBAD76A33CE.e.5308/click - {}
RESULT: {}
COMMAND: GET /session/c435390b79a190c6dc53366f9dd141eb/screenshot - {}
RESULT: {}
COMMAND: GET /session/c435390b79a190c6dc53366f9dd141eb/window/handles - {}
RESULT: {}
COMMAND: POST /session/c435390b79a190c6dc53366f9dd141eb/window - {"handle":"F25061BCEE543CDBBA68264A6AC1C187"}
RESULT: {"handle":"F25061BCEE543CDBBA68264A6AC1C187"}
COMMAND: GET /session/c435390b79a190c6dc53366f9dd141eb/url - {}
RESULT: {}
COMMAND: GET /session/c435390b79a190c6dc53366f9dd141eb/screenshot - {}
COMMAND: POST /session/c435390b79a190c6dc53366f9dd141eb/execute/sync - {"script":"<script> [8489 bytes]","args":[{"element-6066-11e4-a52e-4f735466cecf":"f.6B4F8AFC9C0006834B5D35A7C4DB5060.d.BC1078441434CD0F23FA2DBAD76A33CE.e.4881","ELEMENT":"f.6B4F8AFC9C0006834B5D35A7C4DB5060.d.BC1078441434CD0F23FA2DBAD76A33CE.e.4881"}]}
RESULT: {}
RESULT: {"script":"<script> [8489 bytes]","args":[{"element-6066-11e4-a52e-4f735466cecf":"f.6B4F8AFC9C0006834B5D35A7C4DB5060.d.BC1078441434CD0F23FA2DBAD76A33CE.e.4881","ELEMENT":"f.6B4F8AFC9C0006834B5D35A7C4DB5060.d.BC1078441434CD0F23FA2DBAD76A33CE.e.4881"}]}
COMMAND: GET /session/c435390b79a190c6dc53366f9dd141eb/screenshot - {}
RESULT: {}
COMMAND: POST /session/c435390b79a190c6dc53366f9dd141eb/execute/sync - {"script":"<script> [8489 bytes]","args":[{"element-6066-11e4-a52e-4f735466cecf":"f.6B4F8AFC9C0006834B5D35A7C4DB5060.d.BC1078441434CD0F23FA2DBAD76A33CE.e.4881","ELEMENT":"f.6B4F8AFC9C0006834B5D35A7C4DB5060.d.BC1078441434CD0F23FA2DBAD76A33CE.e.4881"}]}
RESULT: {"script":"<script> [8489 bytes]","args":[{"element-6066-11e4-a52e-4f735466cecf":"f.6B4F8AFC9C0006834B5D35A7C4DB5060.d.BC1078441434CD0F23FA2DBAD76A33CE.e.4881","ELEMENT":"f.6B4F8AFC9C0006834B5D35A7C4DB5060.d.BC1078441434CD0F23FA2DBAD76A33CE.e.4881"}]}
COMMAND: GET /session/c435390b79a190c6dc53366f9dd141eb/screenshot - {}
RESULT: {}
COMMAND: POST /session/c435390b79a190c6dc53366f9dd141eb/execute/sync - {"script":"<script> [8489 bytes]","args":[{"element-6066-11e4-a52e-4f735466cecf":"f.6B4F8AFC9C0006834B5D35A7C4DB5060.d.BC1078441434CD0F23FA2DBAD76A33CE.e.4881","ELEMENT":"f.6B4F8AFC9C0006834B5D35A7C4DB5060.d.BC1078441434CD0F23FA2DBAD76A33CE.e.4881"}]}
RESULT: {"script":"<script> [8489 bytes]","args":[{"element-6066-11e4-a52e-4f735466cecf":"f.6B4F8AFC9C0006834B5D35A7C4DB5060.d.BC1078441434CD0F23FA2DBAD76A33CE.e.4881","ELEMENT":"f.6B4F8AFC9C0006834B5D35A7C4DB5060.d.BC1078441434CD0F23FA2DBAD76A33CE.e.4881"}]}
COMMAND: GET /session/c435390b79a190c6dc53366f9dd141eb/screenshot - {}
RESULT: {}
COMMAND: POST /session/c435390b79a190c6dc53366f9dd141eb/execute/sync - {"script":"<script> [8489 bytes]","args":[{"element-6066-11e4-a52e-4f735466cecf":"f.6B4F8AFC9C0006834B5D35A7C4DB5060.d.BC1078441434CD0F23FA2DBAD76A33CE.e.4881","ELEMENT":"f.6B4F8AFC9C0006834B5D35A7C4DB5060.d.BC1078441434CD0F23FA2DBAD76A33CE.e.4881"}]}
RESULT: {"script":"<script> [8489 bytes]","args":[{"element-6066-11e4-a52e-4f735466cecf":"f.6B4F8AFC9C0006834B5D35A7C4DB5060.d.BC1078441434CD0F23FA2DBAD76A33CE.e.4881","ELEMENT":"f.6B4F8AFC9C0006834B5D35A7C4DB5060.d.BC1078441434CD0F23FA2DBAD76A33CE.e.4881"}]}
COMMAND: GET /session/c435390b79a190c6dc53366f9dd141eb/screenshot - {}
RESULT: {}
COMMAND: POST /session/c435390b79a190c6dc53366f9dd141eb/execute/sync - {"script":"<script> [8489 bytes]","args":[{"element-6066-11e4-a52e-4f735466cecf":"f.6B4F8AFC9C0006834B5D35A7C4DB5060.d.BC1078441434CD0F23FA2DBAD76A33CE.e.4881","ELEMENT":"f.6B4F8AFC9C0006834B5D35A7C4DB5060.d.BC1078441434CD0F23FA2DBAD76A33CE.e.4881"}]}
RESULT: {"script":"<script> [8489 bytes]","args":[{"element-6066-11e4-a52e-4f735466cecf":"f.6B4F8AFC9C0006834B5D35A7C4DB5060.d.BC1078441434CD0F23FA2DBAD76A33CE.e.4881","ELEMENT":"f.6B4F8AFC9C0006834B5D35A7C4DB5060.d.BC1078441434CD0F23FA2DBAD76A33CE.e.4881"}]}
COMMAND: GET /session/c435390b79a190c6dc53366f9dd141eb/screenshot - {}
RESULT: {}
COMMAND: POST /session/c435390b79a190c6dc53366f9dd141eb/execute/sync - {"script":"<script> [8489 bytes]","args":[{"element-6066-11e4-a52e-4f735466cecf":"f.6B4F8AFC9C0006834B5D35A7C4DB5060.d.BC1078441434CD0F23FA2DBAD76A33CE.e.4881","ELEMENT":"f.6B4F8AFC9C0006834B5D35A7C4DB5060.d.BC1078441434CD0F23FA2DBAD76A33CE.e.4881"}]}
RESULT: {"script":"<script> [8489 bytes]","args":[{"element-6066-11e4-a52e-4f735466cecf":"f.6B4F8AFC9C0006834B5D35A7C4DB5060.d.BC1078441434CD0F23FA2DBAD76A33CE.e.4881","ELEMENT":"f.6B4F8AFC9C0006834B5D35A7C4DB5060.d.BC1078441434CD0F23FA2DBAD76A33CE.e.4881"}]}
COMMAND: GET /session/c435390b79a190c6dc53366f9dd141eb/screenshot - {}
RESULT: {}
COMMAND: POST /session/c435390b79a190c6dc53366f9dd141eb/execute/sync - {"script":"<script> [8489 bytes]","args":[{"element-6066-11e4-a52e-4f735466cecf":"f.6B4F8AFC9C0006834B5D35A7C4DB5060.d.BC1078441434CD0F23FA2DBAD76A33CE.e.4881","ELEMENT":"f.6B4F8AFC9C0006834B5D35A7C4DB5060.d.BC1078441434CD0F23FA2DBAD76A33CE.e.4881"}]}
RESULT: {"script":"<script> [8489 bytes]","args":[{"element-6066-11e4-a52e-4f735466cecf":"f.6B4F8AFC9C0006834B5D35A7C4DB5060.d.BC1078441434CD0F23FA2DBAD76A33CE.e.4881","ELEMENT":"f.6B4F8AFC9C0006834B5D35A7C4DB5060.d.BC1078441434CD0F23FA2DBAD76A33CE.e.4881"}]}
COMMAND: GET /session/c435390b79a190c6dc53366f9dd141eb/screenshot - {}
COMMAND: POST /session/c435390b79a190c6dc53366f9dd141eb/execute/sync - {"script":"<script> [8489 bytes]","args":[{"element-6066-11e4-a52e-4f735466cecf":"f.6B4F8AFC9C0006834B5D35A7C4DB5060.d.BC1078441434CD0F23FA2DBAD76A33CE.e.4881","ELEMENT":"f.6B4F8AFC9C0006834B5D35A7C4DB5060.d.BC1078441434CD0F23FA2DBAD76A33CE.e.4881"}]}
COMMAND: DELETE /session/c435390b79a190c6dc53366f9dd141eb/window - {}
RESULT: {}
RESULT: {"script":"<script> [8489 bytes]","args":[{"element-6066-11e4-a52e-4f735466cecf":"f.6B4F8AFC9C0006834B5D35A7C4DB5060.d.BC1078441434CD0F23FA2DBAD76A33CE.e.4881","ELEMENT":"f.6B4F8AFC9C0006834B5D35A7C4DB5060.d.BC1078441434CD0F23FA2DBAD76A33CE.e.4881"}]}
COMMAND: GET /session/c435390b79a190c6dc53366f9dd141eb/screenshot - {}
COMMAND: POST /session/c435390b79a190c6dc53366f9dd141eb/execute/sync - {"script":"<script> [8489 bytes]","args":[{"element-6066-11e4-a52e-4f735466cecf":"f.6B4F8AFC9C0006834B5D35A7C4DB5060.d.BC1078441434CD0F23FA2DBAD76A33CE.e.4881","ELEMENT":"f.6B4F8AFC9C0006834B5D35A7C4DB5060.d.BC1078441434CD0F23FA2DBAD76A33CE.e.4881"}]}
RESULT: {}
COMMAND: POST /session/c435390b79a190c6dc53366f9dd141eb/window - {"handle":"6B4F8AFC9C0006834B5D35A7C4DB5060"}
RESULT: {"handle":"6B4F8AFC9C0006834B5D35A7C4DB5060"}
COMMAND: GET /session/c435390b79a190c6dc53366f9dd141eb/url - {}
RESULT: {}
COMMAND: POST /session/c435390b79a190c6dc53366f9dd141eb/element - {"using":"xpath","value":"//span[contains(@id ,\"application-addressmanagement-display-component---detailAdm--addressDetailDetailsName1\")][contains(text(), \"WebdriverSited8mn8\")]"}
RESULT: {}
COMMAND: GET /session/c435390b79a190c6dc53366f9dd141eb/screenshot - {}
RESULT: {"using":"xpath","value":"//span[contains(@id ,\"application-addressmanagement-display-component---detailAdm--addressDetailDetailsName1\")][contains(text(), \"WebdriverSited8mn8\")]"}
COMMAND: POST /session/c435390b79a190c6dc53366f9dd141eb/element - {"using":"xpath","value":"//span[contains(@id ,\"application-addressmanagement-display-component---detailAdm--addressDetailDetailsName1\")][contains(text(), \"WebdriverSited8mn8\")]"}
RESULT: {}
RESULT: {"using":"xpath","value":"//span[contains(@id ,\"application-addressmanagement-display-component---detailAdm--addressDetailDetailsName1\")][contains(text(), \"WebdriverSited8mn8\")]"}
COMMAND: POST /session/c435390b79a190c6dc53366f9dd141eb/element - {"using":"xpath","value":"//span[contains(@id ,\"application-addressmanagement-display-component---detailAdm--addressDetailDetailsName1\")][contains(text(), \"WebdriverSited8mn8\")]"}
RESULT: {"using":"xpath","value":"//span[contains(@id ,\"application-addressmanagement-display-component---detailAdm--addressDetailDetailsName1\")][contains(text(), \"WebdriverSited8mn8\")]"}
COMMAND: POST /session/c435390b79a190c6dc53366f9dd141eb/element - {"using":"xpath","value":"//span[contains(@id ,\"application-addressmanagement-display-component---detailAdm--addressDetailDetailsName1\")][contains(text(), \"WebdriverSited8mn8\")]"}
RESULT: {"using":"xpath","value":"//span[contains(@id ,\"application-addressmanagement-display-component---detailAdm--addressDetailDetailsName1\")][contains(text(), \"WebdriverSited8mn8\")]"}
COMMAND: POST /session/c435390b79a190c6dc53366f9dd141eb/element - {"using":"xpath","value":"//span[contains(@id ,\"application-addressmanagement-display-component---detailAdm--addressDetailDetailsName1\")][contains(text(), \"WebdriverSited8mn8\")]"}
RESULT: {"using":"xpath","value":"//span[contains(@id ,\"application-addressmanagement-display-component---detailAdm--addressDetailDetailsName1\")][contains(text(), \"WebdriverSited8mn8\")]"}
COMMAND: POST /session/c435390b79a190c6dc53366f9dd141eb/element - {"using":"xpath","value":"//span[contains(@id ,\"application-addressmanagement-display-component---detailAdm--addressDetailDetailsName1\")][contains(text(), \"WebdriverSited8mn8\")]"}
RESULT: {"using":"xpath","value":"//span[contains(@id ,\"application-addressmanagement-display-component---detailAdm--addressDetailDetailsName1\")][contains(text(), \"WebdriverSited8mn8\")]"}
COMMAND: POST /session/c435390b79a190c6dc53366f9dd141eb/element - {"using":"xpath","value":"//span[contains(@id ,\"application-addressmanagement-display-component---detailAdm--addressDetailDetailsName1\")][contains(text(), \"WebdriverSited8mn8\")]"}
RESULT: {"using":"xpath","value":"//span[contains(@id ,\"application-addressmanagement-display-component---detailAdm--addressDetailDetailsName1\")][contains(text(), \"WebdriverSited8mn8\")]"}
COMMAND: POST /session/c435390b79a190c6dc53366f9dd141eb/element - {"using":"xpath","value":"//span[contains(@id ,\"application-addressmanagement-display-component---detailAdm--addressDetailDetailsName1\")][contains(text(), \"WebdriverSited8mn8\")]"}
RESULT: {"using":"xpath","value":"//span[contains(@id ,\"application-addressmanagement-display-component---detailAdm--addressDetailDetailsName1\")][contains(text(), \"WebdriverSited8mn8\")]"}
]]></system-out>
    </testcase>
  </testsuite>
  <testsuite timestamp="2025-05-05T05:52:45" time="240.039" tests="1" failures="1" errors="1" skipped="0">
    <properties>
      <property name="specId" value="0" />
      <property name="suiteName" value="Webshop - Hyperlinks visible and working properly  US139085" />
      <property name="capabilities" value="chrome.135_0_7049_96.windows" />
      <property name="file" value="file:///D:/a/1/s/test/specs/R2C/webshop-hyperlinks-partner-address-contract-item.spec.js" />
    </properties>
  </testsuite>
</testsuites>