<?xml version="1.0" encoding="UTF-8"?>
<testsuites tests="48" failures="36" errors="36" skipped="0">
  <testsuite timestamp="2025-04-28T06:24:08" time="897.084" tests="12" failures="9" errors="9" skipped="0">
    <properties>
      <property name="specId" value="0" />
      <property name="suiteName" value="Billing Transfer - Master data &amp; Intercompany US127250" />
      <property name="capabilities" value="chrome.135_0_7049_96.windows" />
      <property name="file" value="file:///D:/a/1/s/test/specs/BTS/billing-transfer-intercompany.spec.js" />
    </properties>
    <testcase classname="chrome.135_0_7049_96.windows.Billing_Transfer_-_Master_data_&amp;_Intercompany_US127250" name="Should create a new yard" time="96.237">
      <system-out><![CDATA[
COMMAND: POST /session/a8b4babba6878e6b6ef73b52bde1d370/window/fullscreen - {}
RESULT: {}
COMMAND: POST /session/a8b4babba6878e6b6ef73b52bde1d370/execute/async - {"script":"<script> [1562 bytes]","args":[{"selector":{"controlType":"sap.m.GenericTile","properties":{"header":"Manage Yards"}},"wdio_ui5_key":"sapm.GenericTile{\"header\":\"Manage Yards\"}"}]}
RESULT: {"script":"<script> [1562 bytes]","args":[{"selector":{"controlType":"sap.m.GenericTile","properties":{"header":"Manage Yards"}},"wdio_ui5_key":"sapm.GenericTile{\"header\":\"Manage Yards\"}"}]}
RESULT: undefined
COMMAND: POST /session/a8b4babba6878e6b6ef73b52bde1d370/element - {"using":"xpath","value":"//*[@id=\"__tile41\"]"}
RESULT: {"using":"xpath","value":"//*[@id=\"__tile41\"]"}
COMMAND: POST /session/a8b4babba6878e6b6ef73b52bde1d370/element/f.3FF7B4B953F26D70078332F938F6BF9A.d.FC4A88992628B01B8184B622E8DE193B.e.160/click - {}
RESULT: {}
COMMAND: POST /session/a8b4babba6878e6b6ef73b52bde1d370/element - {"using":"xpath","value":"//button[@data-kt=\"addNewYardOverflowToolbarButton\"]"}
COMMAND: GET /session/a8b4babba6878e6b6ef73b52bde1d370/screenshot - {}
RESULT: {"using":"xpath","value":"//button[@data-kt=\"addNewYardOverflowToolbarButton\"]"}
COMMAND: POST /session/a8b4babba6878e6b6ef73b52bde1d370/elements - {"using":"xpath","value":"//button[@data-kt=\"addNewYardOverflowToolbarButton\"]"}
RESULT: {}
RESULT: {"using":"xpath","value":"//button[@data-kt=\"addNewYardOverflowToolbarButton\"]"}
COMMAND: POST /session/a8b4babba6878e6b6ef73b52bde1d370/elements - {"using":"xpath","value":"//button[@data-kt=\"addNewYardOverflowToolbarButton\"]"}
RESULT: {"using":"xpath","value":"//button[@data-kt=\"addNewYardOverflowToolbarButton\"]"}
COMMAND: POST /session/a8b4babba6878e6b6ef73b52bde1d370/elements - {"using":"xpath","value":"//button[@data-kt=\"addNewYardOverflowToolbarButton\"]"}
RESULT: {"using":"xpath","value":"//button[@data-kt=\"addNewYardOverflowToolbarButton\"]"}
COMMAND: POST /session/a8b4babba6878e6b6ef73b52bde1d370/elements - {"using":"xpath","value":"//button[@data-kt=\"addNewYardOverflowToolbarButton\"]"}
RESULT: {"using":"xpath","value":"//button[@data-kt=\"addNewYardOverflowToolbarButton\"]"}
COMMAND: POST /session/a8b4babba6878e6b6ef73b52bde1d370/elements - {"using":"xpath","value":"//button[@data-kt=\"addNewYardOverflowToolbarButton\"]"}
RESULT: {"using":"xpath","value":"//button[@data-kt=\"addNewYardOverflowToolbarButton\"]"}
COMMAND: POST /session/a8b4babba6878e6b6ef73b52bde1d370/elements - {"using":"xpath","value":"//button[@data-kt=\"addNewYardOverflowToolbarButton\"]"}
RESULT: {"using":"xpath","value":"//button[@data-kt=\"addNewYardOverflowToolbarButton\"]"}
COMMAND: POST /session/a8b4babba6878e6b6ef73b52bde1d370/elements - {"using":"xpath","value":"//button[@data-kt=\"addNewYardOverflowToolbarButton\"]"}
RESULT: {"using":"xpath","value":"//button[@data-kt=\"addNewYardOverflowToolbarButton\"]"}
COMMAND: POST /session/a8b4babba6878e6b6ef73b52bde1d370/elements - {"using":"xpath","value":"//button[@data-kt=\"addNewYardOverflowToolbarButton\"]"}
RESULT: {"using":"xpath","value":"//button[@data-kt=\"addNewYardOverflowToolbarButton\"]"}
COMMAND: POST /session/a8b4babba6878e6b6ef73b52bde1d370/elements - {"using":"xpath","value":"//button[@data-kt=\"addNewYardOverflowToolbarButton\"]"}
RESULT: {"using":"xpath","value":"//button[@data-kt=\"addNewYardOverflowToolbarButton\"]"}
COMMAND: POST /session/a8b4babba6878e6b6ef73b52bde1d370/elements - {"using":"xpath","value":"//button[@data-kt=\"addNewYardOverflowToolbarButton\"]"}
RESULT: {"using":"xpath","value":"//button[@data-kt=\"addNewYardOverflowToolbarButton\"]"}
COMMAND: POST /session/a8b4babba6878e6b6ef73b52bde1d370/elements - {"using":"xpath","value":"//button[@data-kt=\"addNewYardOverflowToolbarButton\"]"}
RESULT: {"using":"xpath","value":"//button[@data-kt=\"addNewYardOverflowToolbarButton\"]"}
COMMAND: POST /session/a8b4babba6878e6b6ef73b52bde1d370/elements - {"using":"xpath","value":"//button[@data-kt=\"addNewYardOverflowToolbarButton\"]"}
RESULT: {"using":"xpath","value":"//button[@data-kt=\"addNewYardOverflowToolbarButton\"]"}
COMMAND: POST /session/a8b4babba6878e6b6ef73b52bde1d370/elements - {"using":"xpath","value":"//button[@data-kt=\"addNewYardOverflowToolbarButton\"]"}
RESULT: {"using":"xpath","value":"//button[@data-kt=\"addNewYardOverflowToolbarButton\"]"}
COMMAND: POST /session/a8b4babba6878e6b6ef73b52bde1d370/elements - {"using":"xpath","value":"//button[@data-kt=\"addNewYardOverflowToolbarButton\"]"}
RESULT: {"using":"xpath","value":"//button[@data-kt=\"addNewYardOverflowToolbarButton\"]"}
COMMAND: POST /session/a8b4babba6878e6b6ef73b52bde1d370/elements - {"using":"xpath","value":"//button[@data-kt=\"addNewYardOverflowToolbarButton\"]"}
RESULT: {"using":"xpath","value":"//button[@data-kt=\"addNewYardOverflowToolbarButton\"]"}
COMMAND: POST /session/a8b4babba6878e6b6ef73b52bde1d370/elements - {"using":"xpath","value":"//button[@data-kt=\"addNewYardOverflowToolbarButton\"]"}
RESULT: {"using":"xpath","value":"//button[@data-kt=\"addNewYardOverflowToolbarButton\"]"}
COMMAND: POST /session/a8b4babba6878e6b6ef73b52bde1d370/elements - {"using":"xpath","value":"//button[@data-kt=\"addNewYardOverflowToolbarButton\"]"}
RESULT: {"using":"xpath","value":"//button[@data-kt=\"addNewYardOverflowToolbarButton\"]"}
COMMAND: POST /session/a8b4babba6878e6b6ef73b52bde1d370/elements - {"using":"xpath","value":"//button[@data-kt=\"addNewYardOverflowToolbarButton\"]"}
RESULT: {"using":"xpath","value":"//button[@data-kt=\"addNewYardOverflowToolbarButton\"]"}
COMMAND: POST /session/a8b4babba6878e6b6ef73b52bde1d370/element - {"using":"xpath","value":"//button[@data-kt=\"addNewYardOverflowToolbarButton\"]"}
RESULT: {"using":"xpath","value":"//button[@data-kt=\"addNewYardOverflowToolbarButton\"]"}
COMMAND: POST /session/a8b4babba6878e6b6ef73b52bde1d370/execute/sync - {"script":"<script> [8489 bytes]","args":[{"element-6066-11e4-a52e-4f735466cecf":"f.3FF7B4B953F26D70078332F938F6BF9A.d.FC4A88992628B01B8184B622E8DE193B.e.309","ELEMENT":"f.3FF7B4B953F26D70078332F938F6BF9A.d.FC4A88992628B01B8184B622E8DE193B.e.309"}]}
RESULT: {"script":"<script> [8489 bytes]","args":[{"element-6066-11e4-a52e-4f735466cecf":"f.3FF7B4B953F26D70078332F938F6BF9A.d.FC4A88992628B01B8184B622E8DE193B.e.309","ELEMENT":"f.3FF7B4B953F26D70078332F938F6BF9A.d.FC4A88992628B01B8184B622E8DE193B.e.309"}]}
COMMAND: GET /session/a8b4babba6878e6b6ef73b52bde1d370/element/f.3FF7B4B953F26D70078332F938F6BF9A.d.FC4A88992628B01B8184B622E8DE193B.e.309/enabled - {}
COMMAND: GET /session/a8b4babba6878e6b6ef73b52bde1d370/screenshot - {}
RESULT: {}
COMMAND: POST /session/a8b4babba6878e6b6ef73b52bde1d370/execute/sync - {"script":"<script> [8489 bytes]","args":[{"element-6066-11e4-a52e-4f735466cecf":"f.3FF7B4B953F26D70078332F938F6BF9A.d.FC4A88992628B01B8184B622E8DE193B.e.309","ELEMENT":"f.3FF7B4B953F26D70078332F938F6BF9A.d.FC4A88992628B01B8184B622E8DE193B.e.309"}]}
COMMAND: GET /session/a8b4babba6878e6b6ef73b52bde1d370/screenshot - {}
RESULT: {}
RESULT: {"script":"<script> [8489 bytes]","args":[{"element-6066-11e4-a52e-4f735466cecf":"f.3FF7B4B953F26D70078332F938F6BF9A.d.FC4A88992628B01B8184B622E8DE193B.e.309","ELEMENT":"f.3FF7B4B953F26D70078332F938F6BF9A.d.FC4A88992628B01B8184B622E8DE193B.e.309"}]}
COMMAND: POST /session/a8b4babba6878e6b6ef73b52bde1d370/execute/sync - {"script":"<script> [5351 bytes]","args":[{"element-6066-11e4-a52e-4f735466cecf":"f.3FF7B4B953F26D70078332F938F6BF9A.d.FC4A88992628B01B8184B622E8DE193B.e.309","ELEMENT":"f.3FF7B4B953F26D70078332F938F6BF9A.d.FC4A88992628B01B8184B622E8DE193B.e.309"}]}
COMMAND: GET /session/a8b4babba6878e6b6ef73b52bde1d370/screenshot - {}
RESULT: {}
RESULT: {"script":"<script> [5351 bytes]","args":[{"element-6066-11e4-a52e-4f735466cecf":"f.3FF7B4B953F26D70078332F938F6BF9A.d.FC4A88992628B01B8184B622E8DE193B.e.309","ELEMENT":"f.3FF7B4B953F26D70078332F938F6BF9A.d.FC4A88992628B01B8184B622E8DE193B.e.309"}]}
COMMAND: POST /session/a8b4babba6878e6b6ef73b52bde1d370/element/f.3FF7B4B953F26D70078332F938F6BF9A.d.FC4A88992628B01B8184B622E8DE193B.e.309/click - {}
COMMAND: GET /session/a8b4babba6878e6b6ef73b52bde1d370/screenshot - {}
RESULT: {}
RESULT: {}
COMMAND: GET /session/a8b4babba6878e6b6ef73b52bde1d370/screenshot - {}
RESULT: {}
COMMAND: POST /session/a8b4babba6878e6b6ef73b52bde1d370/element - {"using":"xpath","value":"//input[@id=\"application-manageyards-display-component---NewYard--yardId-inner\"]"}
RESULT: {}
RESULT: {"using":"xpath","value":"//input[@id=\"application-manageyards-display-component---NewYard--yardId-inner\"]"}
COMMAND: POST /session/a8b4babba6878e6b6ef73b52bde1d370/element - {"using":"xpath","value":"//input[@id=\"application-manageyards-display-component---NewYard--yardId-inner\"]"}
RESULT: {"using":"xpath","value":"//input[@id=\"application-manageyards-display-component---NewYard--yardId-inner\"]"}
COMMAND: POST /session/a8b4babba6878e6b6ef73b52bde1d370/execute/async - {"script":"<script> [1562 bytes]","args":[{"selector":{"id":"application-manageyards-display-component---NewYard--addressDetailDetailsName1","interaction":{"idSuffix":"inner"}},"wdio_ui5_key":"applicationmanageyards-display-component---NewYard--addressDetailDetailsName1"}]}
RESULT: {"script":"<script> [1562 bytes]","args":[{"selector":{"id":"application-manageyards-display-component---NewYard--addressDetailDetailsName1","interaction":{"idSuffix":"inner"}},"wdio_ui5_key":"applicationmanageyards-display-component---NewYard--addressDetailDetailsName1"}]}
RESULT: undefined
COMMAND: POST /session/a8b4babba6878e6b6ef73b52bde1d370/execute/async - {"script":"<script> [776 bytes]","args":[{"enterText":"Intercompany Yard wdIO","selector":{"id":"application-manageyards-display-component---NewYard--addressDetailDetailsName1","interaction":{"idSuffix":"inner"}},"clearTextFirst":true,"interactionType":"ENTER_TEXT"}]}
RESULT: {"script":"<script> [776 bytes]","args":[{"enterText":"Intercompany Yard wdIO","selector":{"id":"application-manageyards-display-component---NewYard--addressDetailDetailsName1","interaction":{"idSuffix":"inner"}},"clearTextFirst":true,"interactionType":"ENTER_TEXT"}]}
COMMAND: POST /session/a8b4babba6878e6b6ef73b52bde1d370/execute/async - {"script":"<script> [1562 bytes]","args":[{"selector":{"id":"application-manageyards-display-component---NewYard--addressDetailDetailsLanguage-arrow"},"wdio_ui5_key":"applicationmanageyards-display-component---NewYard--addressDetailDetailsLanguage-arrow"}]}
RESULT: {"script":"<script> [1562 bytes]","args":[{"selector":{"id":"application-manageyards-display-component---NewYard--addressDetailDetailsLanguage-arrow"},"wdio_ui5_key":"applicationmanageyards-display-component---NewYard--addressDetailDetailsLanguage-arrow"}]}
RESULT: undefined
COMMAND: POST /session/a8b4babba6878e6b6ef73b52bde1d370/element - {"using":"xpath","value":"//*[@id=\"application-manageyards-display-component---NewYard--addressDetailDetailsLanguage-arrow\"]"}
RESULT: {"using":"xpath","value":"//*[@id=\"application-manageyards-display-component---NewYard--addressDetailDetailsLanguage-arrow\"]"}
COMMAND: POST /session/a8b4babba6878e6b6ef73b52bde1d370/element/f.3FF7B4B953F26D70078332F938F6BF9A.d.FC4A88992628B01B8184B622E8DE193B.e.730/click - {}
RESULT: {}
COMMAND: POST /session/a8b4babba6878e6b6ef73b52bde1d370/element - {"using":"xpath","value":"//span[contains(text(), \"English\")]"}
COMMAND: GET /session/a8b4babba6878e6b6ef73b52bde1d370/screenshot - {}
RESULT: {"using":"xpath","value":"//span[contains(text(), \"English\")]"}
COMMAND: POST /session/a8b4babba6878e6b6ef73b52bde1d370/element/f.3FF7B4B953F26D70078332F938F6BF9A.d.FC4A88992628B01B8184B622E8DE193B.e.731/click - {}
RESULT: {}
RESULT: {}
COMMAND: POST /session/a8b4babba6878e6b6ef73b52bde1d370/execute/async - {"script":"<script> [1562 bytes]","args":[{"selector":{"id":"application-manageyards-display-component---NewYard--addressDetailDetailsCity1","interaction":{"idSuffix":"inner"}},"wdio_ui5_key":"applicationmanageyards-display-component---NewYard--addressDetailDetailsCity1"}]}
COMMAND: GET /session/a8b4babba6878e6b6ef73b52bde1d370/screenshot - {}
RESULT: {"script":"<script> [1562 bytes]","args":[{"selector":{"id":"application-manageyards-display-component---NewYard--addressDetailDetailsCity1","interaction":{"idSuffix":"inner"}},"wdio_ui5_key":"applicationmanageyards-display-component---NewYard--addressDetailDetailsCity1"}]}
RESULT: undefined
COMMAND: POST /session/a8b4babba6878e6b6ef73b52bde1d370/execute/async - {"script":"<script> [776 bytes]","args":[{"enterText":"Rosario","selector":{"id":"application-manageyards-display-component---NewYard--addressDetailDetailsCity1","interaction":{"idSuffix":"inner"}},"clearTextFirst":true,"interactionType":"ENTER_TEXT"}]}
RESULT: {}
RESULT: {"script":"<script> [776 bytes]","args":[{"enterText":"Rosario","selector":{"id":"application-manageyards-display-component---NewYard--addressDetailDetailsCity1","interaction":{"idSuffix":"inner"}},"clearTextFirst":true,"interactionType":"ENTER_TEXT"}]}
COMMAND: POST /session/a8b4babba6878e6b6ef73b52bde1d370/execute/async - {"script":"<script> [1562 bytes]","args":[{"selector":{"id":"application-manageyards-display-component---NewYard--addressDetailDetailsCountry-arrow"},"wdio_ui5_key":"applicationmanageyards-display-component---NewYard--addressDetailDetailsCountry-arrow"}]}
RESULT: {"script":"<script> [1562 bytes]","args":[{"selector":{"id":"application-manageyards-display-component---NewYard--addressDetailDetailsCountry-arrow"},"wdio_ui5_key":"applicationmanageyards-display-component---NewYard--addressDetailDetailsCountry-arrow"}]}
RESULT: undefined
COMMAND: POST /session/a8b4babba6878e6b6ef73b52bde1d370/element - {"using":"xpath","value":"//*[@id=\"application-manageyards-display-component---NewYard--addressDetailDetailsCountry-arrow\"]"}
RESULT: {"using":"xpath","value":"//*[@id=\"application-manageyards-display-component---NewYard--addressDetailDetailsCountry-arrow\"]"}
COMMAND: POST /session/a8b4babba6878e6b6ef73b52bde1d370/element/f.3FF7B4B953F26D70078332F938F6BF9A.d.FC4A88992628B01B8184B622E8DE193B.e.733/click - {}
RESULT: {}
COMMAND: POST /session/a8b4babba6878e6b6ef73b52bde1d370/element - {"using":"xpath","value":"//span[contains(text(), \"Argentina\")]"}
COMMAND: GET /session/a8b4babba6878e6b6ef73b52bde1d370/screenshot - {}
RESULT: {"using":"xpath","value":"//span[contains(text(), \"Argentina\")]"}
COMMAND: POST /session/a8b4babba6878e6b6ef73b52bde1d370/element/f.3FF7B4B953F26D70078332F938F6BF9A.d.FC4A88992628B01B8184B622E8DE193B.e.734/click - {}
RESULT: {}
RESULT: {}
COMMAND: POST /session/a8b4babba6878e6b6ef73b52bde1d370/execute/async - {"script":"<script> [1562 bytes]","args":[{"selector":{"id":"application-manageyards-display-component---NewYard--addressEditDetailsCostObjectCstType-arrow"},"wdio_ui5_key":"applicationmanageyards-display-component---NewYard--addressEditDetailsCostObjectCstType-arrow"}]}
COMMAND: GET /session/a8b4babba6878e6b6ef73b52bde1d370/screenshot - {}
RESULT: {"script":"<script> [1562 bytes]","args":[{"selector":{"id":"application-manageyards-display-component---NewYard--addressEditDetailsCostObjectCstType-arrow"},"wdio_ui5_key":"applicationmanageyards-display-component---NewYard--addressEditDetailsCostObjectCstType-arrow"}]}
RESULT: undefined
COMMAND: POST /session/a8b4babba6878e6b6ef73b52bde1d370/element - {"using":"xpath","value":"//*[@id=\"application-manageyards-display-component---NewYard--addressEditDetailsCostObjectCstType-arrow\"]"}
RESULT: {}
RESULT: {"using":"xpath","value":"//*[@id=\"application-manageyards-display-component---NewYard--addressEditDetailsCostObjectCstType-arrow\"]"}
COMMAND: POST /session/a8b4babba6878e6b6ef73b52bde1d370/element/f.3FF7B4B953F26D70078332F938F6BF9A.d.FC4A88992628B01B8184B622E8DE193B.e.736/click - {}
RESULT: {}
COMMAND: POST /session/a8b4babba6878e6b6ef73b52bde1d370/element - {"using":"xpath","value":"//span[contains(text(), \"Cost Center\")]"}
COMMAND: GET /session/a8b4babba6878e6b6ef73b52bde1d370/screenshot - {}
RESULT: {"using":"xpath","value":"//span[contains(text(), \"Cost Center\")]"}
COMMAND: POST /session/a8b4babba6878e6b6ef73b52bde1d370/element/f.3FF7B4B953F26D70078332F938F6BF9A.d.FC4A88992628B01B8184B622E8DE193B.e.737/click - {}
RESULT: {}
RESULT: {}
COMMAND: GET /session/a8b4babba6878e6b6ef73b52bde1d370/screenshot - {}
RESULT: {}
COMMAND: POST /session/a8b4babba6878e6b6ef73b52bde1d370/element - {"using":"xpath","value":"//span[@id=\"application-manageyards-display-component---NewYard--addressNewCostObjectCstID-vhi\"]"}
RESULT: {"using":"xpath","value":"//span[@id=\"application-manageyards-display-component---NewYard--addressNewCostObjectCstID-vhi\"]"}
COMMAND: POST /session/a8b4babba6878e6b6ef73b52bde1d370/execute/sync - {"script":"<script> [8489 bytes]","args":[{"element-6066-11e4-a52e-4f735466cecf":"f.3FF7B4B953F26D70078332F938F6BF9A.d.FC4A88992628B01B8184B622E8DE193B.e.741","ELEMENT":"f.3FF7B4B953F26D70078332F938F6BF9A.d.FC4A88992628B01B8184B622E8DE193B.e.741"}]}
RESULT: {"script":"<script> [8489 bytes]","args":[{"element-6066-11e4-a52e-4f735466cecf":"f.3FF7B4B953F26D70078332F938F6BF9A.d.FC4A88992628B01B8184B622E8DE193B.e.741","ELEMENT":"f.3FF7B4B953F26D70078332F938F6BF9A.d.FC4A88992628B01B8184B622E8DE193B.e.741"}]}
COMMAND: POST /session/a8b4babba6878e6b6ef73b52bde1d370/execute/async - {"script":"<script> [1562 bytes]","args":[{"selector":{"id":"application-manageyards-display-component---NewYard--addressNewCostObjectCstID-vhi"},"wdio_ui5_key":"applicationmanageyards-display-component---NewYard--addressNewCostObjectCstID-vhi"}]}
COMMAND: GET /session/a8b4babba6878e6b6ef73b52bde1d370/screenshot - {}
RESULT: {"script":"<script> [1562 bytes]","args":[{"selector":{"id":"application-manageyards-display-component---NewYard--addressNewCostObjectCstID-vhi"},"wdio_ui5_key":"applicationmanageyards-display-component---NewYard--addressNewCostObjectCstID-vhi"}]}
RESULT: undefined
COMMAND: POST /session/a8b4babba6878e6b6ef73b52bde1d370/element - {"using":"xpath","value":"//*[@id=\"application-manageyards-display-component---NewYard--addressNewCostObjectCstID-vhi\"]"}
RESULT: {}
RESULT: {"using":"xpath","value":"//*[@id=\"application-manageyards-display-component---NewYard--addressNewCostObjectCstID-vhi\"]"}
COMMAND: POST /session/a8b4babba6878e6b6ef73b52bde1d370/element/f.3FF7B4B953F26D70078332F938F6BF9A.d.FC4A88992628B01B8184B622E8DE193B.e.741/click - {}
RESULT: {}
COMMAND: GET /session/a8b4babba6878e6b6ef73b52bde1d370/screenshot - {}
RESULT: {}
COMMAND: POST /session/a8b4babba6878e6b6ef73b52bde1d370/execute/async - {"script":"<script> [1562 bytes]","args":[{"selector":{"controlType":"sap.m.SearchField","properties":{"placeholder":"Search"},"searchOpenDialogs":true,"interaction":{"idSuffix":"I"}},"wdio_ui5_key":"sapm.SearchField{\"placeholder\":\"Search\"}"}]}
RESULT: {"script":"<script> [1562 bytes]","args":[{"selector":{"controlType":"sap.m.SearchField","properties":{"placeholder":"Search"},"searchOpenDialogs":true,"interaction":{"idSuffix":"I"}},"wdio_ui5_key":"sapm.SearchField{\"placeholder\":\"Search\"}"}]}
RESULT: undefined
COMMAND: POST /session/a8b4babba6878e6b6ef73b52bde1d370/execute/async - {"script":"<script> [776 bytes]","args":[{"enterText":"10001013","selector":{"controlType":"sap.m.SearchField","properties":{"placeholder":"Search"},"searchOpenDialogs":true,"interaction":{"idSuffix":"I"}},"clearTextFirst":true,"interactionType":"ENTER_TEXT"}]}
RESULT: {"script":"<script> [776 bytes]","args":[{"enterText":"10001013","selector":{"controlType":"sap.m.SearchField","properties":{"placeholder":"Search"},"searchOpenDialogs":true,"interaction":{"idSuffix":"I"}},"clearTextFirst":true,"interactionType":"ENTER_TEXT"}]}
COMMAND: POST /session/a8b4babba6878e6b6ef73b52bde1d370/actions - {"actions":[{"id":"action1","type":"key","parameters":{},"actions":[{"type":"keyDown","value":"î€‡"},{"type":"pause","duration":10},{"type":"keyUp","value":"î€‡"}]}]}
RESULT: {"actions":[{"id":"action1","type":"key","parameters":{},"actions":[{"type":"keyDown","value":"î€‡"},{"type":"pause","duration":10},{"type":"keyUp","value":"î€‡"}]}]}
COMMAND: GET /session/a8b4babba6878e6b6ef73b52bde1d370/screenshot - {}
RESULT: {}
COMMAND: POST /session/a8b4babba6878e6b6ef73b52bde1d370/element - {"using":"xpath","value":"//span[contains(text(), \"General Management\")]"}
RESULT: {"using":"xpath","value":"//span[contains(text(), \"General Management\")]"}
COMMAND: POST /session/a8b4babba6878e6b6ef73b52bde1d370/element/f.3FF7B4B953F26D70078332F938F6BF9A.d.FC4A88992628B01B8184B622E8DE193B.e.782/click - {}
RESULT: {}
COMMAND: GET /session/a8b4babba6878e6b6ef73b52bde1d370/screenshot - {}
RESULT: {}
COMMAND: POST /session/a8b4babba6878e6b6ef73b52bde1d370/element - {"using":"xpath","value":"//bdi[contains(text(), \"OK\")]"}
RESULT: {"using":"xpath","value":"//bdi[contains(text(), \"OK\")]"}
COMMAND: POST /session/a8b4babba6878e6b6ef73b52bde1d370/element/f.3FF7B4B953F26D70078332F938F6BF9A.d.FC4A88992628B01B8184B622E8DE193B.e.783/click - {}
RESULT: {}
COMMAND: GET /session/a8b4babba6878e6b6ef73b52bde1d370/screenshot - {}
RESULT: {}
COMMAND: POST /session/a8b4babba6878e6b6ef73b52bde1d370/execute/async - {"script":"<script> [1562 bytes]","args":[{"selector":{"id":"application-manageyards-display-component---NewYard--addressEditDetailsCurrency-arrow"},"wdio_ui5_key":"applicationmanageyards-display-component---NewYard--addressEditDetailsCurrency-arrow"}]}
RESULT: {"script":"<script> [1562 bytes]","args":[{"selector":{"id":"application-manageyards-display-component---NewYard--addressEditDetailsCurrency-arrow"},"wdio_ui5_key":"applicationmanageyards-display-component---NewYard--addressEditDetailsCurrency-arrow"}]}
RESULT: undefined
COMMAND: POST /session/a8b4babba6878e6b6ef73b52bde1d370/element - {"using":"xpath","value":"//*[@id=\"application-manageyards-display-component---NewYard--addressEditDetailsCurrency-arrow\"]"}
RESULT: {"using":"xpath","value":"//*[@id=\"application-manageyards-display-component---NewYard--addressEditDetailsCurrency-arrow\"]"}
COMMAND: POST /session/a8b4babba6878e6b6ef73b52bde1d370/element/f.3FF7B4B953F26D70078332F938F6BF9A.d.FC4A88992628B01B8184B622E8DE193B.e.786/click - {}
RESULT: {}
COMMAND: POST /session/a8b4babba6878e6b6ef73b52bde1d370/element - {"using":"xpath","value":"//span[contains(text(), \"Euro\")]"}
COMMAND: GET /session/a8b4babba6878e6b6ef73b52bde1d370/screenshot - {}
RESULT: {"using":"xpath","value":"//span[contains(text(), \"Euro\")]"}
COMMAND: POST /session/a8b4babba6878e6b6ef73b52bde1d370/element/f.3FF7B4B953F26D70078332F938F6BF9A.d.FC4A88992628B01B8184B622E8DE193B.e.787/click - {}
RESULT: {}
RESULT: {}
COMMAND: POST /session/a8b4babba6878e6b6ef73b52bde1d370/execute/async - {"script":"<script> [1562 bytes]","args":[{"selector":{"controlType":"sap.m.Input","viewName":"etm.portal.ui.manageyards.view.New","viewId":"application-manageyards-display-component---NewYard","bindingPath":{"path":"","propertyPath":"/CONTROLLING_AREA","modelName":"NewYardModel"},"interaction":{"idSuffix":"inner"}},"wdio_ui5_key":"etmportal.ui.manageyards.view.Newsap.m.Input{\"path\":\"\",\"propertyPath\":\"/CONTROLLING_AREA\",\"modelName\":\"NewYardModel\"}"}]}
COMMAND: GET /session/a8b4babba6878e6b6ef73b52bde1d370/screenshot - {}
RESULT: {"script":"<script> [1562 bytes]","args":[{"selector":{"controlType":"sap.m.Input","viewName":"etm.portal.ui.manageyards.view.New","viewId":"application-manageyards-display-component---NewYard","bindingPath":{"path":"","propertyPath":"/CONTROLLING_AREA","modelName":"NewYardModel"},"interaction":{"idSuffix":"inner"}},"wdio_ui5_key":"etmportal.ui.manageyards.view.Newsap.m.Input{\"path\":\"\",\"propertyPath\":\"/CONTROLLING_AREA\",\"modelName\":\"NewYardModel\"}"}]}
RESULT: undefined
COMMAND: POST /session/a8b4babba6878e6b6ef73b52bde1d370/execute/async - {"script":"<script> [776 bytes]","args":[{"enterText":"Z001","selector":{"controlType":"sap.m.Input","viewName":"etm.portal.ui.manageyards.view.New","viewId":"application-manageyards-display-component---NewYard","bindingPath":{"path":"","propertyPath":"/CONTROLLING_AREA","modelName":"NewYardModel"},"interaction":{"idSuffix":"inner"}},"clearTextFirst":true,"interactionType":"ENTER_TEXT"}]}
RESULT: {}
RESULT: {"script":"<script> [776 bytes]","args":[{"enterText":"Z001","selector":{"controlType":"sap.m.Input","viewName":"etm.portal.ui.manageyards.view.New","viewId":"application-manageyards-display-component---NewYard","bindingPath":{"path":"","propertyPath":"/CONTROLLING_AREA","modelName":"NewYardModel"},"interaction":{"idSuffix":"inner"}},"clearTextFirst":true,"interactionType":"ENTER_TEXT"}]}
COMMAND: POST /session/a8b4babba6878e6b6ef73b52bde1d370/execute/async - {"script":"<script> [1562 bytes]","args":[{"selector":{"id":"application-manageyards-display-component---NewYard--companyCodeComboBox","interaction":{"idSuffix":"inner"}},"wdio_ui5_key":"applicationmanageyards-display-component---NewYard--companyCodeComboBox"}]}
RESULT: {"script":"<script> [1562 bytes]","args":[{"selector":{"id":"application-manageyards-display-component---NewYard--companyCodeComboBox","interaction":{"idSuffix":"inner"}},"wdio_ui5_key":"applicationmanageyards-display-component---NewYard--companyCodeComboBox"}]}
RESULT: undefined
COMMAND: POST /session/a8b4babba6878e6b6ef73b52bde1d370/execute/async - {"script":"<script> [776 bytes]","args":[{"enterText":"1000","selector":{"id":"application-manageyards-display-component---NewYard--companyCodeComboBox","interaction":{"idSuffix":"inner"}},"clearTextFirst":true,"interactionType":"ENTER_TEXT"}]}
RESULT: {"script":"<script> [776 bytes]","args":[{"enterText":"1000","selector":{"id":"application-manageyards-display-component---NewYard--companyCodeComboBox","interaction":{"idSuffix":"inner"}},"clearTextFirst":true,"interactionType":"ENTER_TEXT"}]}
COMMAND: POST /session/a8b4babba6878e6b6ef73b52bde1d370/execute/async - {"script":"<script> [1562 bytes]","args":[{"selector":{"controlType":"sap.m.Input","viewName":"etm.portal.ui.manageyards.view.New","viewId":"application-manageyards-display-component---NewYard","bindingPath":{"path":"","propertyPath":"/PLANT","modelName":"NewYardModel"},"interaction":{"idSuffix":"inner"}},"wdio_ui5_key":"etmportal.ui.manageyards.view.Newsap.m.Input{\"path\":\"\",\"propertyPath\":\"/PLANT\",\"modelName\":\"NewYardModel\"}"}]}
RESULT: {"script":"<script> [1562 bytes]","args":[{"selector":{"controlType":"sap.m.Input","viewName":"etm.portal.ui.manageyards.view.New","viewId":"application-manageyards-display-component---NewYard","bindingPath":{"path":"","propertyPath":"/PLANT","modelName":"NewYardModel"},"interaction":{"idSuffix":"inner"}},"wdio_ui5_key":"etmportal.ui.manageyards.view.Newsap.m.Input{\"path\":\"\",\"propertyPath\":\"/PLANT\",\"modelName\":\"NewYardModel\"}"}]}
RESULT: undefined
COMMAND: POST /session/a8b4babba6878e6b6ef73b52bde1d370/execute/async - {"script":"<script> [776 bytes]","args":[{"enterText":"1001","selector":{"controlType":"sap.m.Input","viewName":"etm.portal.ui.manageyards.view.New","viewId":"application-manageyards-display-component---NewYard","bindingPath":{"path":"","propertyPath":"/PLANT","modelName":"NewYardModel"},"interaction":{"idSuffix":"inner"}},"clearTextFirst":true,"interactionType":"ENTER_TEXT"}]}
RESULT: {"script":"<script> [776 bytes]","args":[{"enterText":"1001","selector":{"controlType":"sap.m.Input","viewName":"etm.portal.ui.manageyards.view.New","viewId":"application-manageyards-display-component---NewYard","bindingPath":{"path":"","propertyPath":"/PLANT","modelName":"NewYardModel"},"interaction":{"idSuffix":"inner"}},"clearTextFirst":true,"interactionType":"ENTER_TEXT"}]}
COMMAND: POST /session/a8b4babba6878e6b6ef73b52bde1d370/execute/async - {"script":"<script> [1562 bytes]","args":[{"selector":{"controlType":"sap.m.Input","viewName":"etm.portal.ui.manageyards.view.New","viewId":"application-manageyards-display-component---NewYard","bindingPath":{"path":"","propertyPath":"/SALES_AREA_VKORG","modelName":"NewYardModel"},"interaction":{"idSuffix":"inner"}},"wdio_ui5_key":"etmportal.ui.manageyards.view.Newsap.m.Input{\"path\":\"\",\"propertyPath\":\"/SALES_AREA_VKORG\",\"modelName\":\"NewYardModel\"}"}]}
RESULT: {"script":"<script> [1562 bytes]","args":[{"selector":{"controlType":"sap.m.Input","viewName":"etm.portal.ui.manageyards.view.New","viewId":"application-manageyards-display-component---NewYard","bindingPath":{"path":"","propertyPath":"/SALES_AREA_VKORG","modelName":"NewYardModel"},"interaction":{"idSuffix":"inner"}},"wdio_ui5_key":"etmportal.ui.manageyards.view.Newsap.m.Input{\"path\":\"\",\"propertyPath\":\"/SALES_AREA_VKORG\",\"modelName\":\"NewYardModel\"}"}]}
RESULT: undefined
COMMAND: POST /session/a8b4babba6878e6b6ef73b52bde1d370/execute/async - {"script":"<script> [776 bytes]","args":[{"enterText":"C002","selector":{"controlType":"sap.m.Input","viewName":"etm.portal.ui.manageyards.view.New","viewId":"application-manageyards-display-component---NewYard","bindingPath":{"path":"","propertyPath":"/SALES_AREA_VKORG","modelName":"NewYardModel"},"interaction":{"idSuffix":"inner"}},"clearTextFirst":true,"interactionType":"ENTER_TEXT"}]}
RESULT: {"script":"<script> [776 bytes]","args":[{"enterText":"C002","selector":{"controlType":"sap.m.Input","viewName":"etm.portal.ui.manageyards.view.New","viewId":"application-manageyards-display-component---NewYard","bindingPath":{"path":"","propertyPath":"/SALES_AREA_VKORG","modelName":"NewYardModel"},"interaction":{"idSuffix":"inner"}},"clearTextFirst":true,"interactionType":"ENTER_TEXT"}]}
COMMAND: POST /session/a8b4babba6878e6b6ef73b52bde1d370/execute/async - {"script":"<script> [1562 bytes]","args":[{"selector":{"controlType":"sap.m.Input","viewName":"etm.portal.ui.manageyards.view.New","viewId":"application-manageyards-display-component---NewYard","bindingPath":{"path":"","propertyPath":"/SALES_AREA_VTWEG","modelName":"NewYardModel"},"interaction":{"idSuffix":"inner"}},"wdio_ui5_key":"etmportal.ui.manageyards.view.Newsap.m.Input{\"path\":\"\",\"propertyPath\":\"/SALES_AREA_VTWEG\",\"modelName\":\"NewYardModel\"}"}]}
RESULT: {"script":"<script> [1562 bytes]","args":[{"selector":{"controlType":"sap.m.Input","viewName":"etm.portal.ui.manageyards.view.New","viewId":"application-manageyards-display-component---NewYard","bindingPath":{"path":"","propertyPath":"/SALES_AREA_VTWEG","modelName":"NewYardModel"},"interaction":{"idSuffix":"inner"}},"wdio_ui5_key":"etmportal.ui.manageyards.view.Newsap.m.Input{\"path\":\"\",\"propertyPath\":\"/SALES_AREA_VTWEG\",\"modelName\":\"NewYardModel\"}"}]}
RESULT: undefined
COMMAND: POST /session/a8b4babba6878e6b6ef73b52bde1d370/execute/async - {"script":"<script> [776 bytes]","args":[{"enterText":"C2","selector":{"controlType":"sap.m.Input","viewName":"etm.portal.ui.manageyards.view.New","viewId":"application-manageyards-display-component---NewYard","bindingPath":{"path":"","propertyPath":"/SALES_AREA_VTWEG","modelName":"NewYardModel"},"interaction":{"idSuffix":"inner"}},"clearTextFirst":true,"interactionType":"ENTER_TEXT"}]}
RESULT: {"script":"<script> [776 bytes]","args":[{"enterText":"C2","selector":{"controlType":"sap.m.Input","viewName":"etm.portal.ui.manageyards.view.New","viewId":"application-manageyards-display-component---NewYard","bindingPath":{"path":"","propertyPath":"/SALES_AREA_VTWEG","modelName":"NewYardModel"},"interaction":{"idSuffix":"inner"}},"clearTextFirst":true,"interactionType":"ENTER_TEXT"}]}
COMMAND: POST /session/a8b4babba6878e6b6ef73b52bde1d370/execute/async - {"script":"<script> [1562 bytes]","args":[{"selector":{"controlType":"sap.m.Input","viewName":"etm.portal.ui.manageyards.view.New","viewId":"application-manageyards-display-component---NewYard","bindingPath":{"path":"","propertyPath":"/SALES_AREA_SPART","modelName":"NewYardModel"},"interaction":{"idSuffix":"inner"}},"wdio_ui5_key":"etmportal.ui.manageyards.view.Newsap.m.Input{\"path\":\"\",\"propertyPath\":\"/SALES_AREA_SPART\",\"modelName\":\"NewYardModel\"}"}]}
RESULT: {"script":"<script> [1562 bytes]","args":[{"selector":{"controlType":"sap.m.Input","viewName":"etm.portal.ui.manageyards.view.New","viewId":"application-manageyards-display-component---NewYard","bindingPath":{"path":"","propertyPath":"/SALES_AREA_SPART","modelName":"NewYardModel"},"interaction":{"idSuffix":"inner"}},"wdio_ui5_key":"etmportal.ui.manageyards.view.Newsap.m.Input{\"path\":\"\",\"propertyPath\":\"/SALES_AREA_SPART\",\"modelName\":\"NewYardModel\"}"}]}
RESULT: undefined
COMMAND: POST /session/a8b4babba6878e6b6ef73b52bde1d370/execute/async - {"script":"<script> [776 bytes]","args":[{"enterText":"C2","selector":{"controlType":"sap.m.Input","viewName":"etm.portal.ui.manageyards.view.New","viewId":"application-manageyards-display-component---NewYard","bindingPath":{"path":"","propertyPath":"/SALES_AREA_SPART","modelName":"NewYardModel"},"interaction":{"idSuffix":"inner"}},"clearTextFirst":true,"interactionType":"ENTER_TEXT"}]}
RESULT: {"script":"<script> [776 bytes]","args":[{"enterText":"C2","selector":{"controlType":"sap.m.Input","viewName":"etm.portal.ui.manageyards.view.New","viewId":"application-manageyards-display-component---NewYard","bindingPath":{"path":"","propertyPath":"/SALES_AREA_SPART","modelName":"NewYardModel"},"interaction":{"idSuffix":"inner"}},"clearTextFirst":true,"interactionType":"ENTER_TEXT"}]}
COMMAND: POST /session/a8b4babba6878e6b6ef73b52bde1d370/execute/async - {"script":"<script> [1562 bytes]","args":[{"selector":{"controlType":"sap.m.Input","viewName":"etm.portal.ui.manageyards.view.New","viewId":"application-manageyards-display-component---NewYard","bindingPath":{"path":"","propertyPath":"/SHIP_POINT","modelName":"NewYardModel"},"interaction":{"idSuffix":"inner"}},"wdio_ui5_key":"etmportal.ui.manageyards.view.Newsap.m.Input{\"path\":\"\",\"propertyPath\":\"/SHIP_POINT\",\"modelName\":\"NewYardModel\"}"}]}
RESULT: {"script":"<script> [1562 bytes]","args":[{"selector":{"controlType":"sap.m.Input","viewName":"etm.portal.ui.manageyards.view.New","viewId":"application-manageyards-display-component---NewYard","bindingPath":{"path":"","propertyPath":"/SHIP_POINT","modelName":"NewYardModel"},"interaction":{"idSuffix":"inner"}},"wdio_ui5_key":"etmportal.ui.manageyards.view.Newsap.m.Input{\"path\":\"\",\"propertyPath\":\"/SHIP_POINT\",\"modelName\":\"NewYardModel\"}"}]}
RESULT: undefined
COMMAND: POST /session/a8b4babba6878e6b6ef73b52bde1d370/execute/async - {"script":"<script> [776 bytes]","args":[{"enterText":"1710","selector":{"controlType":"sap.m.Input","viewName":"etm.portal.ui.manageyards.view.New","viewId":"application-manageyards-display-component---NewYard","bindingPath":{"path":"","propertyPath":"/SHIP_POINT","modelName":"NewYardModel"},"interaction":{"idSuffix":"inner"}},"clearTextFirst":true,"interactionType":"ENTER_TEXT"}]}
RESULT: {"script":"<script> [776 bytes]","args":[{"enterText":"1710","selector":{"controlType":"sap.m.Input","viewName":"etm.portal.ui.manageyards.view.New","viewId":"application-manageyards-display-component---NewYard","bindingPath":{"path":"","propertyPath":"/SHIP_POINT","modelName":"NewYardModel"},"interaction":{"idSuffix":"inner"}},"clearTextFirst":true,"interactionType":"ENTER_TEXT"}]}
COMMAND: POST /session/a8b4babba6878e6b6ef73b52bde1d370/execute/async - {"script":"<script> [1562 bytes]","args":[{"selector":{"controlType":"sap.m.Input","viewName":"etm.portal.ui.manageyards.view.New","viewId":"application-manageyards-display-component---NewYard","bindingPath":{"path":"","propertyPath":"/DELIVERY_TYPE","modelName":"NewYardModel"},"interaction":{"idSuffix":"inner"}},"wdio_ui5_key":"etmportal.ui.manageyards.view.Newsap.m.Input{\"path\":\"\",\"propertyPath\":\"/DELIVERY_TYPE\",\"modelName\":\"NewYardModel\"}"}]}
RESULT: {"script":"<script> [1562 bytes]","args":[{"selector":{"controlType":"sap.m.Input","viewName":"etm.portal.ui.manageyards.view.New","viewId":"application-manageyards-display-component---NewYard","bindingPath":{"path":"","propertyPath":"/DELIVERY_TYPE","modelName":"NewYardModel"},"interaction":{"idSuffix":"inner"}},"wdio_ui5_key":"etmportal.ui.manageyards.view.Newsap.m.Input{\"path\":\"\",\"propertyPath\":\"/DELIVERY_TYPE\",\"modelName\":\"NewYardModel\"}"}]}
RESULT: undefined
COMMAND: POST /session/a8b4babba6878e6b6ef73b52bde1d370/execute/async - {"script":"<script> [776 bytes]","args":[{"enterText":"ZL01","selector":{"controlType":"sap.m.Input","viewName":"etm.portal.ui.manageyards.view.New","viewId":"application-manageyards-display-component---NewYard","bindingPath":{"path":"","propertyPath":"/DELIVERY_TYPE","modelName":"NewYardModel"},"interaction":{"idSuffix":"inner"}},"clearTextFirst":true,"interactionType":"ENTER_TEXT"}]}
RESULT: {"script":"<script> [776 bytes]","args":[{"enterText":"ZL01","selector":{"controlType":"sap.m.Input","viewName":"etm.portal.ui.manageyards.view.New","viewId":"application-manageyards-display-component---NewYard","bindingPath":{"path":"","propertyPath":"/DELIVERY_TYPE","modelName":"NewYardModel"},"interaction":{"idSuffix":"inner"}},"clearTextFirst":true,"interactionType":"ENTER_TEXT"}]}
COMMAND: POST /session/a8b4babba6878e6b6ef73b52bde1d370/execute/async - {"script":"<script> [1562 bytes]","args":[{"selector":{"controlType":"sap.m.Input","viewName":"etm.portal.ui.manageyards.view.New","viewId":"application-manageyards-display-component---NewYard","bindingPath":{"path":"","propertyPath":"/AUART","modelName":"NewYardModel"},"interaction":{"idSuffix":"inner"}},"wdio_ui5_key":"etmportal.ui.manageyards.view.Newsap.m.Input{\"path\":\"\",\"propertyPath\":\"/AUART\",\"modelName\":\"NewYardModel\"}"}]}
RESULT: {"script":"<script> [1562 bytes]","args":[{"selector":{"controlType":"sap.m.Input","viewName":"etm.portal.ui.manageyards.view.New","viewId":"application-manageyards-display-component---NewYard","bindingPath":{"path":"","propertyPath":"/AUART","modelName":"NewYardModel"},"interaction":{"idSuffix":"inner"}},"wdio_ui5_key":"etmportal.ui.manageyards.view.Newsap.m.Input{\"path\":\"\",\"propertyPath\":\"/AUART\",\"modelName\":\"NewYardModel\"}"}]}
RESULT: undefined
COMMAND: POST /session/a8b4babba6878e6b6ef73b52bde1d370/execute/async - {"script":"<script> [776 bytes]","args":[{"enterText":"TA","selector":{"controlType":"sap.m.Input","viewName":"etm.portal.ui.manageyards.view.New","viewId":"application-manageyards-display-component---NewYard","bindingPath":{"path":"","propertyPath":"/AUART","modelName":"NewYardModel"},"interaction":{"idSuffix":"inner"}},"clearTextFirst":true,"interactionType":"ENTER_TEXT"}]}
RESULT: {"script":"<script> [776 bytes]","args":[{"enterText":"TA","selector":{"controlType":"sap.m.Input","viewName":"etm.portal.ui.manageyards.view.New","viewId":"application-manageyards-display-component---NewYard","bindingPath":{"path":"","propertyPath":"/AUART","modelName":"NewYardModel"},"interaction":{"idSuffix":"inner"}},"clearTextFirst":true,"interactionType":"ENTER_TEXT"}]}
COMMAND: POST /session/a8b4babba6878e6b6ef73b52bde1d370/element - {"using":"xpath","value":"//button[@data-kt=\"newYardSaveButton\"]"}
RESULT: {"using":"xpath","value":"//button[@data-kt=\"newYardSaveButton\"]"}
COMMAND: POST /session/a8b4babba6878e6b6ef73b52bde1d370/element/f.3FF7B4B953F26D70078332F938F6BF9A.d.FC4A88992628B01B8184B622E8DE193B.e.711/click - {}
RESULT: {}
COMMAND: GET /session/a8b4babba6878e6b6ef73b52bde1d370/screenshot - {}
RESULT: {}
COMMAND: POST /session/a8b4babba6878e6b6ef73b52bde1d370/element - {"using":"xpath","value":"//header[contains(@id, 'ObjectPageLayout-headerTitle')]/div[1]/div[2]/div[1]/span[1]"}
RESULT: {"using":"xpath","value":"//header[contains(@id, 'ObjectPageLayout-headerTitle')]/div[1]/div[2]/div[1]/span[1]"}
COMMAND: POST /session/a8b4babba6878e6b6ef73b52bde1d370/elements - {"using":"xpath","value":"//header[contains(@id, 'ObjectPageLayout-headerTitle')]/div[1]/div[2]/div[1]/span[1]"}
RESULT: {"using":"xpath","value":"//header[contains(@id, 'ObjectPageLayout-headerTitle')]/div[1]/div[2]/div[1]/span[1]"}
COMMAND: POST /session/a8b4babba6878e6b6ef73b52bde1d370/execute/sync - {"script":"<script> [56 bytes]","args":[{"element-6066-11e4-a52e-4f735466cecf":"f.3FF7B4B953F26D70078332F938F6BF9A.d.FC4A88992628B01B8184B622E8DE193B.e.1011","ELEMENT":"f.3FF7B4B953F26D70078332F938F6BF9A.d.FC4A88992628B01B8184B622E8DE193B.e.1011"}]}
RESULT: {"script":"<script> [56 bytes]","args":[{"element-6066-11e4-a52e-4f735466cecf":"f.3FF7B4B953F26D70078332F938F6BF9A.d.FC4A88992628B01B8184B622E8DE193B.e.1011","ELEMENT":"f.3FF7B4B953F26D70078332F938F6BF9A.d.FC4A88992628B01B8184B622E8DE193B.e.1011"}]}
COMMAND: GET /session/a8b4babba6878e6b6ef73b52bde1d370/screenshot - {}
RESULT: {}
COMMAND: POST /session/a8b4babba6878e6b6ef73b52bde1d370/element - {"using":"css selector","value":"#shell-header-logo"}
RESULT: {"using":"css selector","value":"#shell-header-logo"}
COMMAND: POST /session/a8b4babba6878e6b6ef73b52bde1d370/element/f.3FF7B4B953F26D70078332F938F6BF9A.d.FC4A88992628B01B8184B622E8DE193B.e.267/click - {}
RESULT: {}
COMMAND: GET /session/a8b4babba6878e6b6ef73b52bde1d370/screenshot - {}
RESULT: {}
COMMAND: POST /session/a8b4babba6878e6b6ef73b52bde1d370/execute/sync - {"script":"<script> [299 bytes]","args":[["getModel","getResource"]]}
RESULT: {"script":"<script> [299 bytes]","args":[["getModel","getResource"]]}
]]></system-out>
    </testcase>
    <testcase classname="chrome.135_0_7049_96.windows.Billing_Transfer_-_Master_data_&amp;_Intercompany_US127250" name="Should create a new partner" time="115.302">
      <system-out><![CDATA[
COMMAND: GET /session/a8b4babba6878e6b6ef73b52bde1d370/screenshot - {}
COMMAND: POST /session/a8b4babba6878e6b6ef73b52bde1d370/window/fullscreen - {}
RESULT: {}
RESULT: {}
COMMAND: POST /session/a8b4babba6878e6b6ef73b52bde1d370/execute/async - {"script":"<script> [1562 bytes]","args":[{"selector":{"controlType":"sap.m.GenericTile","properties":{"header":"Manage Partners"}},"wdio_ui5_key":"sapm.GenericTile{\"header\":\"Manage Partners\"}"}]}
RESULT: {"script":"<script> [1562 bytes]","args":[{"selector":{"controlType":"sap.m.GenericTile","properties":{"header":"Manage Partners"}},"wdio_ui5_key":"sapm.GenericTile{\"header\":\"Manage Partners\"}"}]}
RESULT: undefined
COMMAND: POST /session/a8b4babba6878e6b6ef73b52bde1d370/element - {"using":"xpath","value":"//*[@id=\"__tile38\"]"}
RESULT: {"using":"xpath","value":"//*[@id=\"__tile38\"]"}
COMMAND: POST /session/a8b4babba6878e6b6ef73b52bde1d370/element/f.3FF7B4B953F26D70078332F938F6BF9A.d.FC4A88992628B01B8184B622E8DE193B.e.151/click - {}
RESULT: {}
COMMAND: POST /session/a8b4babba6878e6b6ef73b52bde1d370/element - {"using":"xpath","value":"//button[@data-kt=\"addButton\"]"}
COMMAND: GET /session/a8b4babba6878e6b6ef73b52bde1d370/screenshot - {}
RESULT: {}
RESULT: {"using":"xpath","value":"//button[@data-kt=\"addButton\"]"}
COMMAND: POST /session/a8b4babba6878e6b6ef73b52bde1d370/elements - {"using":"xpath","value":"//button[@data-kt=\"addButton\"]"}
RESULT: {"using":"xpath","value":"//button[@data-kt=\"addButton\"]"}
COMMAND: POST /session/a8b4babba6878e6b6ef73b52bde1d370/elements - {"using":"xpath","value":"//button[@data-kt=\"addButton\"]"}
RESULT: {"using":"xpath","value":"//button[@data-kt=\"addButton\"]"}
COMMAND: POST /session/a8b4babba6878e6b6ef73b52bde1d370/elements - {"using":"xpath","value":"//button[@data-kt=\"addButton\"]"}
RESULT: {"using":"xpath","value":"//button[@data-kt=\"addButton\"]"}
COMMAND: POST /session/a8b4babba6878e6b6ef73b52bde1d370/elements - {"using":"xpath","value":"//button[@data-kt=\"addButton\"]"}
RESULT: {"using":"xpath","value":"//button[@data-kt=\"addButton\"]"}
COMMAND: POST /session/a8b4babba6878e6b6ef73b52bde1d370/elements - {"using":"xpath","value":"//button[@data-kt=\"addButton\"]"}
RESULT: {"using":"xpath","value":"//button[@data-kt=\"addButton\"]"}
COMMAND: POST /session/a8b4babba6878e6b6ef73b52bde1d370/elements - {"using":"xpath","value":"//button[@data-kt=\"addButton\"]"}
RESULT: {"using":"xpath","value":"//button[@data-kt=\"addButton\"]"}
COMMAND: POST /session/a8b4babba6878e6b6ef73b52bde1d370/elements - {"using":"xpath","value":"//button[@data-kt=\"addButton\"]"}
RESULT: {"using":"xpath","value":"//button[@data-kt=\"addButton\"]"}
COMMAND: POST /session/a8b4babba6878e6b6ef73b52bde1d370/elements - {"using":"xpath","value":"//button[@data-kt=\"addButton\"]"}
RESULT: {"using":"xpath","value":"//button[@data-kt=\"addButton\"]"}
COMMAND: POST /session/a8b4babba6878e6b6ef73b52bde1d370/elements - {"using":"xpath","value":"//button[@data-kt=\"addButton\"]"}
RESULT: {"using":"xpath","value":"//button[@data-kt=\"addButton\"]"}
COMMAND: POST /session/a8b4babba6878e6b6ef73b52bde1d370/elements - {"using":"xpath","value":"//button[@data-kt=\"addButton\"]"}
RESULT: {"using":"xpath","value":"//button[@data-kt=\"addButton\"]"}
COMMAND: POST /session/a8b4babba6878e6b6ef73b52bde1d370/elements - {"using":"xpath","value":"//button[@data-kt=\"addButton\"]"}
RESULT: {"using":"xpath","value":"//button[@data-kt=\"addButton\"]"}
COMMAND: POST /session/a8b4babba6878e6b6ef73b52bde1d370/elements - {"using":"xpath","value":"//button[@data-kt=\"addButton\"]"}
RESULT: {"using":"xpath","value":"//button[@data-kt=\"addButton\"]"}
COMMAND: POST /session/a8b4babba6878e6b6ef73b52bde1d370/elements - {"using":"xpath","value":"//button[@data-kt=\"addButton\"]"}
RESULT: {"using":"xpath","value":"//button[@data-kt=\"addButton\"]"}
COMMAND: POST /session/a8b4babba6878e6b6ef73b52bde1d370/elements - {"using":"xpath","value":"//button[@data-kt=\"addButton\"]"}
RESULT: {"using":"xpath","value":"//button[@data-kt=\"addButton\"]"}
COMMAND: POST /session/a8b4babba6878e6b6ef73b52bde1d370/elements - {"using":"xpath","value":"//button[@data-kt=\"addButton\"]"}
RESULT: {"using":"xpath","value":"//button[@data-kt=\"addButton\"]"}
COMMAND: POST /session/a8b4babba6878e6b6ef73b52bde1d370/elements - {"using":"xpath","value":"//button[@data-kt=\"addButton\"]"}
RESULT: {"using":"xpath","value":"//button[@data-kt=\"addButton\"]"}
COMMAND: POST /session/a8b4babba6878e6b6ef73b52bde1d370/elements - {"using":"xpath","value":"//button[@data-kt=\"addButton\"]"}
RESULT: {"using":"xpath","value":"//button[@data-kt=\"addButton\"]"}
COMMAND: POST /session/a8b4babba6878e6b6ef73b52bde1d370/elements - {"using":"xpath","value":"//button[@data-kt=\"addButton\"]"}
RESULT: {"using":"xpath","value":"//button[@data-kt=\"addButton\"]"}
COMMAND: POST /session/a8b4babba6878e6b6ef73b52bde1d370/elements - {"using":"xpath","value":"//button[@data-kt=\"addButton\"]"}
RESULT: {"using":"xpath","value":"//button[@data-kt=\"addButton\"]"}
COMMAND: POST /session/a8b4babba6878e6b6ef73b52bde1d370/elements - {"using":"xpath","value":"//button[@data-kt=\"addButton\"]"}
RESULT: {"using":"xpath","value":"//button[@data-kt=\"addButton\"]"}
COMMAND: POST /session/a8b4babba6878e6b6ef73b52bde1d370/elements - {"using":"xpath","value":"//button[@data-kt=\"addButton\"]"}
RESULT: {"using":"xpath","value":"//button[@data-kt=\"addButton\"]"}
COMMAND: POST /session/a8b4babba6878e6b6ef73b52bde1d370/element - {"using":"xpath","value":"//button[@data-kt=\"addButton\"]"}
RESULT: {"using":"xpath","value":"//button[@data-kt=\"addButton\"]"}
COMMAND: POST /session/a8b4babba6878e6b6ef73b52bde1d370/execute/sync - {"script":"<script> [8489 bytes]","args":[{"element-6066-11e4-a52e-4f735466cecf":"f.3FF7B4B953F26D70078332F938F6BF9A.d.FC4A88992628B01B8184B622E8DE193B.e.1061","ELEMENT":"f.3FF7B4B953F26D70078332F938F6BF9A.d.FC4A88992628B01B8184B622E8DE193B.e.1061"}]}
RESULT: {"script":"<script> [8489 bytes]","args":[{"element-6066-11e4-a52e-4f735466cecf":"f.3FF7B4B953F26D70078332F938F6BF9A.d.FC4A88992628B01B8184B622E8DE193B.e.1061","ELEMENT":"f.3FF7B4B953F26D70078332F938F6BF9A.d.FC4A88992628B01B8184B622E8DE193B.e.1061"}]}
COMMAND: GET /session/a8b4babba6878e6b6ef73b52bde1d370/element/f.3FF7B4B953F26D70078332F938F6BF9A.d.FC4A88992628B01B8184B622E8DE193B.e.1061/enabled - {}
COMMAND: GET /session/a8b4babba6878e6b6ef73b52bde1d370/screenshot - {}
RESULT: {}
COMMAND: POST /session/a8b4babba6878e6b6ef73b52bde1d370/execute/sync - {"script":"<script> [8489 bytes]","args":[{"element-6066-11e4-a52e-4f735466cecf":"f.3FF7B4B953F26D70078332F938F6BF9A.d.FC4A88992628B01B8184B622E8DE193B.e.1061","ELEMENT":"f.3FF7B4B953F26D70078332F938F6BF9A.d.FC4A88992628B01B8184B622E8DE193B.e.1061"}]}
COMMAND: GET /session/a8b4babba6878e6b6ef73b52bde1d370/screenshot - {}
RESULT: {}
RESULT: {"script":"<script> [8489 bytes]","args":[{"element-6066-11e4-a52e-4f735466cecf":"f.3FF7B4B953F26D70078332F938F6BF9A.d.FC4A88992628B01B8184B622E8DE193B.e.1061","ELEMENT":"f.3FF7B4B953F26D70078332F938F6BF9A.d.FC4A88992628B01B8184B622E8DE193B.e.1061"}]}
COMMAND: POST /session/a8b4babba6878e6b6ef73b52bde1d370/execute/sync - {"script":"<script> [5351 bytes]","args":[{"element-6066-11e4-a52e-4f735466cecf":"f.3FF7B4B953F26D70078332F938F6BF9A.d.FC4A88992628B01B8184B622E8DE193B.e.1061","ELEMENT":"f.3FF7B4B953F26D70078332F938F6BF9A.d.FC4A88992628B01B8184B622E8DE193B.e.1061"}]}
COMMAND: GET /session/a8b4babba6878e6b6ef73b52bde1d370/screenshot - {}
RESULT: {}
RESULT: {"script":"<script> [5351 bytes]","args":[{"element-6066-11e4-a52e-4f735466cecf":"f.3FF7B4B953F26D70078332F938F6BF9A.d.FC4A88992628B01B8184B622E8DE193B.e.1061","ELEMENT":"f.3FF7B4B953F26D70078332F938F6BF9A.d.FC4A88992628B01B8184B622E8DE193B.e.1061"}]}
COMMAND: POST /session/a8b4babba6878e6b6ef73b52bde1d370/element/f.3FF7B4B953F26D70078332F938F6BF9A.d.FC4A88992628B01B8184B622E8DE193B.e.1061/click - {}
COMMAND: GET /session/a8b4babba6878e6b6ef73b52bde1d370/screenshot - {}
RESULT: {}
RESULT: {}
COMMAND: GET /session/a8b4babba6878e6b6ef73b52bde1d370/screenshot - {}
COMMAND: POST /session/a8b4babba6878e6b6ef73b52bde1d370/execute/async - {"script":"<script> [1562 bytes]","args":[{"selector":{"id":"application-managepartners-display-component---NewPartner--addressDetailDetailsName1","interaction":{"idSuffix":"inner"}},"wdio_ui5_key":"applicationmanagepartners-display-component---NewPartner--addressDetailDetailsName1"}]}
RESULT: {}
RESULT: {}
RESULT: {"script":"<script> [1562 bytes]","args":[{"selector":{"id":"application-managepartners-display-component---NewPartner--addressDetailDetailsName1","interaction":{"idSuffix":"inner"}},"wdio_ui5_key":"applicationmanagepartners-display-component---NewPartner--addressDetailDetailsName1"}]}
RESULT: undefined
COMMAND: POST /session/a8b4babba6878e6b6ef73b52bde1d370/execute/async - {"script":"<script> [776 bytes]","args":[{"enterText":"Intercompany Partner WDIO","selector":{"id":"application-managepartners-display-component---NewPartner--addressDetailDetailsName1","interaction":{"idSuffix":"inner"}},"clearTextFirst":true,"interactionType":"ENTER_TEXT"}]}
RESULT: {"script":"<script> [776 bytes]","args":[{"enterText":"Intercompany Partner WDIO","selector":{"id":"application-managepartners-display-component---NewPartner--addressDetailDetailsName1","interaction":{"idSuffix":"inner"}},"clearTextFirst":true,"interactionType":"ENTER_TEXT"}]}
COMMAND: POST /session/a8b4babba6878e6b6ef73b52bde1d370/execute/async - {"script":"<script> [1562 bytes]","args":[{"selector":{"id":"application-managepartners-display-component---NewPartner--addressDetailDetailsLanguage-arrow"},"wdio_ui5_key":"applicationmanagepartners-display-component---NewPartner--addressDetailDetailsLanguage-arrow"}]}
RESULT: {"script":"<script> [1562 bytes]","args":[{"selector":{"id":"application-managepartners-display-component---NewPartner--addressDetailDetailsLanguage-arrow"},"wdio_ui5_key":"applicationmanagepartners-display-component---NewPartner--addressDetailDetailsLanguage-arrow"}]}
RESULT: undefined
COMMAND: POST /session/a8b4babba6878e6b6ef73b52bde1d370/element - {"using":"xpath","value":"//*[@id=\"application-managepartners-display-component---NewPartner--addressDetailDetailsLanguage-arrow\"]"}
RESULT: {"using":"xpath","value":"//*[@id=\"application-managepartners-display-component---NewPartner--addressDetailDetailsLanguage-arrow\"]"}
COMMAND: POST /session/a8b4babba6878e6b6ef73b52bde1d370/element/f.3FF7B4B953F26D70078332F938F6BF9A.d.FC4A88992628B01B8184B622E8DE193B.e.1509/click - {}
RESULT: {}
COMMAND: POST /session/a8b4babba6878e6b6ef73b52bde1d370/element - {"using":"xpath","value":"//span[contains(text(), \"English\")]"}
COMMAND: GET /session/a8b4babba6878e6b6ef73b52bde1d370/screenshot - {}
RESULT: {"using":"xpath","value":"//span[contains(text(), \"English\")]"}
COMMAND: POST /session/a8b4babba6878e6b6ef73b52bde1d370/element/f.3FF7B4B953F26D70078332F938F6BF9A.d.FC4A88992628B01B8184B622E8DE193B.e.1510/click - {}
RESULT: {}
RESULT: {}
COMMAND: GET /session/a8b4babba6878e6b6ef73b52bde1d370/screenshot - {}
RESULT: {}
COMMAND: POST /session/a8b4babba6878e6b6ef73b52bde1d370/execute/async - {"script":"<script> [1562 bytes]","args":[{"selector":{"id":"application-managepartners-display-component---NewPartner--addressDetailDetailsCity1","interaction":{"idSuffix":"inner"}},"wdio_ui5_key":"applicationmanagepartners-display-component---NewPartner--addressDetailDetailsCity1"}]}
RESULT: {"script":"<script> [1562 bytes]","args":[{"selector":{"id":"application-managepartners-display-component---NewPartner--addressDetailDetailsCity1","interaction":{"idSuffix":"inner"}},"wdio_ui5_key":"applicationmanagepartners-display-component---NewPartner--addressDetailDetailsCity1"}]}
RESULT: undefined
COMMAND: POST /session/a8b4babba6878e6b6ef73b52bde1d370/execute/async - {"script":"<script> [776 bytes]","args":[{"enterText":"Rosario","selector":{"id":"application-managepartners-display-component---NewPartner--addressDetailDetailsCity1","interaction":{"idSuffix":"inner"}},"clearTextFirst":true,"interactionType":"ENTER_TEXT"}]}
RESULT: {"script":"<script> [776 bytes]","args":[{"enterText":"Rosario","selector":{"id":"application-managepartners-display-component---NewPartner--addressDetailDetailsCity1","interaction":{"idSuffix":"inner"}},"clearTextFirst":true,"interactionType":"ENTER_TEXT"}]}
COMMAND: POST /session/a8b4babba6878e6b6ef73b52bde1d370/execute/async - {"script":"<script> [1562 bytes]","args":[{"selector":{"id":"application-managepartners-display-component---NewPartner--addressDetailDetailsCountry-arrow"},"wdio_ui5_key":"applicationmanagepartners-display-component---NewPartner--addressDetailDetailsCountry-arrow"}]}
RESULT: {"script":"<script> [1562 bytes]","args":[{"selector":{"id":"application-managepartners-display-component---NewPartner--addressDetailDetailsCountry-arrow"},"wdio_ui5_key":"applicationmanagepartners-display-component---NewPartner--addressDetailDetailsCountry-arrow"}]}
RESULT: undefined
COMMAND: POST /session/a8b4babba6878e6b6ef73b52bde1d370/element - {"using":"xpath","value":"//*[@id=\"application-managepartners-display-component---NewPartner--addressDetailDetailsCountry-arrow\"]"}
RESULT: {"using":"xpath","value":"//*[@id=\"application-managepartners-display-component---NewPartner--addressDetailDetailsCountry-arrow\"]"}
COMMAND: POST /session/a8b4babba6878e6b6ef73b52bde1d370/element/f.3FF7B4B953F26D70078332F938F6BF9A.d.FC4A88992628B01B8184B622E8DE193B.e.1496/click - {}
RESULT: {}
COMMAND: POST /session/a8b4babba6878e6b6ef73b52bde1d370/element - {"using":"xpath","value":"//span[contains(text(), \"Argentina\")]"}
COMMAND: GET /session/a8b4babba6878e6b6ef73b52bde1d370/screenshot - {}
RESULT: {"using":"xpath","value":"//span[contains(text(), \"Argentina\")]"}
COMMAND: POST /session/a8b4babba6878e6b6ef73b52bde1d370/element/f.3FF7B4B953F26D70078332F938F6BF9A.d.FC4A88992628B01B8184B622E8DE193B.e.1512/click - {}
RESULT: {}
RESULT: {}
COMMAND: GET /session/a8b4babba6878e6b6ef73b52bde1d370/screenshot - {}
RESULT: {}
COMMAND: POST /session/a8b4babba6878e6b6ef73b52bde1d370/element - {"using":"xpath","value":"//bdi[contains(text(), \"Commercial\")]"}
RESULT: {"using":"xpath","value":"//bdi[contains(text(), \"Commercial\")]"}
COMMAND: POST /session/a8b4babba6878e6b6ef73b52bde1d370/element/f.3FF7B4B953F26D70078332F938F6BF9A.d.FC4A88992628B01B8184B622E8DE193B.e.1513/click - {}
RESULT: {}
COMMAND: GET /session/a8b4babba6878e6b6ef73b52bde1d370/screenshot - {}
RESULT: {}
COMMAND: POST /session/a8b4babba6878e6b6ef73b52bde1d370/execute/async - {"script":"<script> [1562 bytes]","args":[{"selector":{"id":"application-managepartners-display-component---NewPartner--partnerDetailInternal-arrow"},"wdio_ui5_key":"applicationmanagepartners-display-component---NewPartner--partnerDetailInternal-arrow"}]}
RESULT: {"script":"<script> [1562 bytes]","args":[{"selector":{"id":"application-managepartners-display-component---NewPartner--partnerDetailInternal-arrow"},"wdio_ui5_key":"applicationmanagepartners-display-component---NewPartner--partnerDetailInternal-arrow"}]}
RESULT: undefined
COMMAND: POST /session/a8b4babba6878e6b6ef73b52bde1d370/element - {"using":"xpath","value":"//*[@id=\"application-managepartners-display-component---NewPartner--partnerDetailInternal-arrow\"]"}
RESULT: {"using":"xpath","value":"//*[@id=\"application-managepartners-display-component---NewPartner--partnerDetailInternal-arrow\"]"}
COMMAND: POST /session/a8b4babba6878e6b6ef73b52bde1d370/element/f.3FF7B4B953F26D70078332F938F6BF9A.d.FC4A88992628B01B8184B622E8DE193B.e.1519/click - {}
RESULT: {}
COMMAND: POST /session/a8b4babba6878e6b6ef73b52bde1d370/element - {"using":"xpath","value":"//span[contains(text(), \"Affiliated company\")]"}
COMMAND: GET /session/a8b4babba6878e6b6ef73b52bde1d370/screenshot - {}
RESULT: {"using":"xpath","value":"//span[contains(text(), \"Affiliated company\")]"}
COMMAND: POST /session/a8b4babba6878e6b6ef73b52bde1d370/element/f.3FF7B4B953F26D70078332F938F6BF9A.d.FC4A88992628B01B8184B622E8DE193B.e.1520/click - {}
RESULT: {}
RESULT: {}
COMMAND: POST /session/a8b4babba6878e6b6ef73b52bde1d370/execute/async - {"script":"<script> [1562 bytes]","args":[{"selector":{"id":"application-managepartners-display-component---NewPartner--partnerDetailsCurrency-arrow"},"wdio_ui5_key":"applicationmanagepartners-display-component---NewPartner--partnerDetailsCurrency-arrow"}]}
COMMAND: GET /session/a8b4babba6878e6b6ef73b52bde1d370/screenshot - {}
RESULT: {"script":"<script> [1562 bytes]","args":[{"selector":{"id":"application-managepartners-display-component---NewPartner--partnerDetailsCurrency-arrow"},"wdio_ui5_key":"applicationmanagepartners-display-component---NewPartner--partnerDetailsCurrency-arrow"}]}
RESULT: undefined
COMMAND: POST /session/a8b4babba6878e6b6ef73b52bde1d370/element - {"using":"xpath","value":"//*[@id=\"application-managepartners-display-component---NewPartner--partnerDetailsCurrency-arrow\"]"}
RESULT: {}
RESULT: {"using":"xpath","value":"//*[@id=\"application-managepartners-display-component---NewPartner--partnerDetailsCurrency-arrow\"]"}
COMMAND: POST /session/a8b4babba6878e6b6ef73b52bde1d370/element/f.3FF7B4B953F26D70078332F938F6BF9A.d.FC4A88992628B01B8184B622E8DE193B.e.1527/click - {}
RESULT: {}
COMMAND: POST /session/a8b4babba6878e6b6ef73b52bde1d370/element - {"using":"xpath","value":"//span[contains(text(), \"Euro\")]"}
COMMAND: GET /session/a8b4babba6878e6b6ef73b52bde1d370/screenshot - {}
RESULT: {"using":"xpath","value":"//span[contains(text(), \"Euro\")]"}
COMMAND: POST /session/a8b4babba6878e6b6ef73b52bde1d370/element/f.3FF7B4B953F26D70078332F938F6BF9A.d.FC4A88992628B01B8184B622E8DE193B.e.1528/click - {}
RESULT: {}
RESULT: {}
COMMAND: POST /session/a8b4babba6878e6b6ef73b52bde1d370/execute/async - {"script":"<script> [1562 bytes]","args":[{"selector":{"id":"application-managepartners-display-component---NewPartner--addressEditDetailsCostObjectCstType-arrow"},"wdio_ui5_key":"applicationmanagepartners-display-component---NewPartner--addressEditDetailsCostObjectCstType-arrow"}]}
COMMAND: GET /session/a8b4babba6878e6b6ef73b52bde1d370/screenshot - {}
RESULT: {"script":"<script> [1562 bytes]","args":[{"selector":{"id":"application-managepartners-display-component---NewPartner--addressEditDetailsCostObjectCstType-arrow"},"wdio_ui5_key":"applicationmanagepartners-display-component---NewPartner--addressEditDetailsCostObjectCstType-arrow"}]}
RESULT: undefined
COMMAND: POST /session/a8b4babba6878e6b6ef73b52bde1d370/element - {"using":"xpath","value":"//*[@id=\"application-managepartners-display-component---NewPartner--addressEditDetailsCostObjectCstType-arrow\"]"}
RESULT: {}
RESULT: {"using":"xpath","value":"//*[@id=\"application-managepartners-display-component---NewPartner--addressEditDetailsCostObjectCstType-arrow\"]"}
COMMAND: POST /session/a8b4babba6878e6b6ef73b52bde1d370/element/f.3FF7B4B953F26D70078332F938F6BF9A.d.FC4A88992628B01B8184B622E8DE193B.e.1529/click - {}
RESULT: {}
COMMAND: POST /session/a8b4babba6878e6b6ef73b52bde1d370/element - {"using":"xpath","value":"//span[contains(text(), \"Cost Center\")]"}
COMMAND: GET /session/a8b4babba6878e6b6ef73b52bde1d370/screenshot - {}
RESULT: {"using":"xpath","value":"//span[contains(text(), \"Cost Center\")]"}
COMMAND: POST /session/a8b4babba6878e6b6ef73b52bde1d370/element/f.3FF7B4B953F26D70078332F938F6BF9A.d.FC4A88992628B01B8184B622E8DE193B.e.1530/click - {}
RESULT: {}
RESULT: {}
COMMAND: GET /session/a8b4babba6878e6b6ef73b52bde1d370/screenshot - {}
RESULT: {}
COMMAND: POST /session/a8b4babba6878e6b6ef73b52bde1d370/element - {"using":"xpath","value":"//span[@id=\"application-managepartners-display-component---NewPartner--addressNewCostObjectCstID-vhi\"]"}
RESULT: {"using":"xpath","value":"//span[@id=\"application-managepartners-display-component---NewPartner--addressNewCostObjectCstID-vhi\"]"}
COMMAND: POST /session/a8b4babba6878e6b6ef73b52bde1d370/execute/sync - {"script":"<script> [8489 bytes]","args":[{"element-6066-11e4-a52e-4f735466cecf":"f.3FF7B4B953F26D70078332F938F6BF9A.d.FC4A88992628B01B8184B622E8DE193B.e.1534","ELEMENT":"f.3FF7B4B953F26D70078332F938F6BF9A.d.FC4A88992628B01B8184B622E8DE193B.e.1534"}]}
RESULT: {"script":"<script> [8489 bytes]","args":[{"element-6066-11e4-a52e-4f735466cecf":"f.3FF7B4B953F26D70078332F938F6BF9A.d.FC4A88992628B01B8184B622E8DE193B.e.1534","ELEMENT":"f.3FF7B4B953F26D70078332F938F6BF9A.d.FC4A88992628B01B8184B622E8DE193B.e.1534"}]}
COMMAND: POST /session/a8b4babba6878e6b6ef73b52bde1d370/execute/async - {"script":"<script> [1562 bytes]","args":[{"selector":{"id":"application-managepartners-display-component---NewPartner--addressNewCostObjectCstID-vhi"},"wdio_ui5_key":"applicationmanagepartners-display-component---NewPartner--addressNewCostObjectCstID-vhi"}]}
COMMAND: GET /session/a8b4babba6878e6b6ef73b52bde1d370/screenshot - {}
RESULT: {"script":"<script> [1562 bytes]","args":[{"selector":{"id":"application-managepartners-display-component---NewPartner--addressNewCostObjectCstID-vhi"},"wdio_ui5_key":"applicationmanagepartners-display-component---NewPartner--addressNewCostObjectCstID-vhi"}]}
RESULT: undefined
COMMAND: POST /session/a8b4babba6878e6b6ef73b52bde1d370/element - {"using":"xpath","value":"//*[@id=\"application-managepartners-display-component---NewPartner--addressNewCostObjectCstID-vhi\"]"}
RESULT: {}
RESULT: {"using":"xpath","value":"//*[@id=\"application-managepartners-display-component---NewPartner--addressNewCostObjectCstID-vhi\"]"}
COMMAND: POST /session/a8b4babba6878e6b6ef73b52bde1d370/element/f.3FF7B4B953F26D70078332F938F6BF9A.d.FC4A88992628B01B8184B622E8DE193B.e.1534/click - {}
RESULT: {}
COMMAND: GET /session/a8b4babba6878e6b6ef73b52bde1d370/screenshot - {}
RESULT: {}
RESULT: undefined
COMMAND: POST /session/a8b4babba6878e6b6ef73b52bde1d370/execute/async - {"script":"<script> [776 bytes]","args":[{"enterText":"10001013","selector":{"controlType":"sap.m.SearchField","properties":{"placeholder":"Search"},"searchOpenDialogs":true,"interaction":{"idSuffix":"I"}},"clearTextFirst":true,"interactionType":"ENTER_TEXT"}]}
RESULT: {"script":"<script> [776 bytes]","args":[{"enterText":"10001013","selector":{"controlType":"sap.m.SearchField","properties":{"placeholder":"Search"},"searchOpenDialogs":true,"interaction":{"idSuffix":"I"}},"clearTextFirst":true,"interactionType":"ENTER_TEXT"}]}
COMMAND: POST /session/a8b4babba6878e6b6ef73b52bde1d370/actions - {"actions":[{"id":"action2","type":"key","parameters":{},"actions":[{"type":"keyDown","value":"î€‡"},{"type":"pause","duration":10},{"type":"keyUp","value":"î€‡"}]}]}
RESULT: {"actions":[{"id":"action2","type":"key","parameters":{},"actions":[{"type":"keyDown","value":"î€‡"},{"type":"pause","duration":10},{"type":"keyUp","value":"î€‡"}]}]}
COMMAND: GET /session/a8b4babba6878e6b6ef73b52bde1d370/screenshot - {}
RESULT: {}
COMMAND: POST /session/a8b4babba6878e6b6ef73b52bde1d370/element - {"using":"xpath","value":"//span[contains(text(), \"General Management\")]"}
RESULT: {"using":"xpath","value":"//span[contains(text(), \"General Management\")]"}
COMMAND: POST /session/a8b4babba6878e6b6ef73b52bde1d370/element/f.3FF7B4B953F26D70078332F938F6BF9A.d.FC4A88992628B01B8184B622E8DE193B.e.1540/click - {}
RESULT: {}
COMMAND: GET /session/a8b4babba6878e6b6ef73b52bde1d370/screenshot - {}
RESULT: {}
COMMAND: POST /session/a8b4babba6878e6b6ef73b52bde1d370/element - {"using":"xpath","value":"//bdi[contains(text(), \"OK\")]"}
RESULT: {"using":"xpath","value":"//bdi[contains(text(), \"OK\")]"}
COMMAND: POST /session/a8b4babba6878e6b6ef73b52bde1d370/element/f.3FF7B4B953F26D70078332F938F6BF9A.d.FC4A88992628B01B8184B622E8DE193B.e.1542/click - {}
RESULT: {}
COMMAND: GET /session/a8b4babba6878e6b6ef73b52bde1d370/screenshot - {}
RESULT: {}
COMMAND: POST /session/a8b4babba6878e6b6ef73b52bde1d370/element - {"using":"xpath","value":"//input[@id=\"application-managepartners-display-component---NewPartner--companyCodeComboBox-inner\"]"}
RESULT: {"using":"xpath","value":"//input[@id=\"application-managepartners-display-component---NewPartner--companyCodeComboBox-inner\"]"}
COMMAND: POST /session/a8b4babba6878e6b6ef73b52bde1d370/element/f.3FF7B4B953F26D70078332F938F6BF9A.d.FC4A88992628B01B8184B622E8DE193B.e.1365/clear - {}
RESULT: {}
COMMAND: POST /session/a8b4babba6878e6b6ef73b52bde1d370/element/f.3FF7B4B953F26D70078332F938F6BF9A.d.FC4A88992628B01B8184B622E8DE193B.e.1365/value - {"text":"C002"}
COMMAND: GET /session/a8b4babba6878e6b6ef73b52bde1d370/screenshot - {}
RESULT: {"text":"C002"}
COMMAND: GET /session/a8b4babba6878e6b6ef73b52bde1d370/screenshot - {}
RESULT: {}
RESULT: {}
COMMAND: POST /session/a8b4babba6878e6b6ef73b52bde1d370/element - {"using":"xpath","value":"//span[contains(text(), \"C002\")]"}
RESULT: {"using":"xpath","value":"//span[contains(text(), \"C002\")]"}
COMMAND: POST /session/a8b4babba6878e6b6ef73b52bde1d370/element/f.3FF7B4B953F26D70078332F938F6BF9A.d.FC4A88992628B01B8184B622E8DE193B.e.1548/click - {}
RESULT: {}
COMMAND: GET /session/a8b4babba6878e6b6ef73b52bde1d370/screenshot - {}
RESULT: {}
COMMAND: POST /session/a8b4babba6878e6b6ef73b52bde1d370/execute/async - {"script":"<script> [1562 bytes]","args":[{"selector":{"id":"application-managepartners-display-component---NewPartner--btnAddTableRow-img"},"wdio_ui5_key":"applicationmanagepartners-display-component---NewPartner--btnAddTableRow-img"}]}
RESULT: {"script":"<script> [1562 bytes]","args":[{"selector":{"id":"application-managepartners-display-component---NewPartner--btnAddTableRow-img"},"wdio_ui5_key":"applicationmanagepartners-display-component---NewPartner--btnAddTableRow-img"}]}
RESULT: undefined
COMMAND: POST /session/a8b4babba6878e6b6ef73b52bde1d370/element - {"using":"xpath","value":"//*[@id=\"application-managepartners-display-component---NewPartner--btnAddTableRow-img\"]"}
RESULT: {"using":"xpath","value":"//*[@id=\"application-managepartners-display-component---NewPartner--btnAddTableRow-img\"]"}
COMMAND: POST /session/a8b4babba6878e6b6ef73b52bde1d370/element/f.3FF7B4B953F26D70078332F938F6BF9A.d.FC4A88992628B01B8184B622E8DE193B.e.1549/click - {}
RESULT: {}
COMMAND: GET /session/a8b4babba6878e6b6ef73b52bde1d370/screenshot - {}
RESULT: {}
COMMAND: POST /session/a8b4babba6878e6b6ef73b52bde1d370/element - {"using":"xpath","value":"//input[@id=\"application-managepartners-display-component---NewPartner--assignmentYard-application-managepartners-display-component---NewPartner--assignmentsTable-0-inner\"]"}
RESULT: {"using":"xpath","value":"//input[@id=\"application-managepartners-display-component---NewPartner--assignmentYard-application-managepartners-display-component---NewPartner--assignmentsTable-0-inner\"]"}
COMMAND: POST /session/a8b4babba6878e6b6ef73b52bde1d370/element/f.3FF7B4B953F26D70078332F938F6BF9A.d.FC4A88992628B01B8184B622E8DE193B.e.1552/clear - {}
RESULT: {}
COMMAND: POST /session/a8b4babba6878e6b6ef73b52bde1d370/element/f.3FF7B4B953F26D70078332F938F6BF9A.d.FC4A88992628B01B8184B622E8DE193B.e.1552/value - {"text":"308"}
COMMAND: GET /session/a8b4babba6878e6b6ef73b52bde1d370/screenshot - {}
RESULT: {"text":"308"}
COMMAND: GET /session/a8b4babba6878e6b6ef73b52bde1d370/screenshot - {}
RESULT: {}
RESULT: {}
COMMAND: POST /session/a8b4babba6878e6b6ef73b52bde1d370/element - {"using":"xpath","value":"//li[.//span[text()='308']]"}
RESULT: {"using":"xpath","value":"//li[.//span[text()='308']]"}
COMMAND: POST /session/a8b4babba6878e6b6ef73b52bde1d370/element/f.3FF7B4B953F26D70078332F938F6BF9A.d.FC4A88992628B01B8184B622E8DE193B.e.1561/click - {}
RESULT: {}
COMMAND: GET /session/a8b4babba6878e6b6ef73b52bde1d370/screenshot - {}
RESULT: {}
COMMAND: POST /session/a8b4babba6878e6b6ef73b52bde1d370/actions - {"actions":[{"id":"action3","type":"key","parameters":{},"actions":[{"type":"keyDown","value":"î€‡"},{"type":"pause","duration":10},{"type":"keyUp","value":"î€‡"}]}]}
RESULT: {"actions":[{"id":"action3","type":"key","parameters":{},"actions":[{"type":"keyDown","value":"î€‡"},{"type":"pause","duration":10},{"type":"keyUp","value":"î€‡"}]}]}
COMMAND: POST /session/a8b4babba6878e6b6ef73b52bde1d370/execute/async - {"script":"<script> [1562 bytes]","args":[{"selector":{"id":"application-managepartners-display-component---NewPartner--externalCustomerComboBox-application-managepartners-display-component---NewPartner--assignmentsTable-0-vhi"},"wdio_ui5_key":"applicationmanagepartners-display-component---NewPartner--externalCustomerComboBox-application-managepartners-display-component---NewPartner--assignmentsTable-0-vhi"}]}
COMMAND: GET /session/a8b4babba6878e6b6ef73b52bde1d370/screenshot - {}
RESULT: {"script":"<script> [1562 bytes]","args":[{"selector":{"id":"application-managepartners-display-component---NewPartner--externalCustomerComboBox-application-managepartners-display-component---NewPartner--assignmentsTable-0-vhi"},"wdio_ui5_key":"applicationmanagepartners-display-component---NewPartner--externalCustomerComboBox-application-managepartners-display-component---NewPartner--assignmentsTable-0-vhi"}]}
RESULT: undefined
COMMAND: POST /session/a8b4babba6878e6b6ef73b52bde1d370/element - {"using":"xpath","value":"//*[@id=\"application-managepartners-display-component---NewPartner--externalCustomerComboBox-application-managepartners-display-component---NewPartner--assignmentsTable-0-vhi\"]"}
RESULT: {}
RESULT: {"using":"xpath","value":"//*[@id=\"application-managepartners-display-component---NewPartner--externalCustomerComboBox-application-managepartners-display-component---NewPartner--assignmentsTable-0-vhi\"]"}
COMMAND: POST /session/a8b4babba6878e6b6ef73b52bde1d370/element/f.3FF7B4B953F26D70078332F938F6BF9A.d.FC4A88992628B01B8184B622E8DE193B.e.1565/click - {}
RESULT: {}
RESULT: undefined
COMMAND: POST /session/a8b4babba6878e6b6ef73b52bde1d370/execute/async - {"script":"<script> [776 bytes]","args":[{"enterText":"300003","selector":{"controlType":"sap.m.SearchField","properties":{"placeholder":"Search"},"searchOpenDialogs":true,"interaction":{"idSuffix":"I"}},"clearTextFirst":true,"interactionType":"ENTER_TEXT"}]}
COMMAND: GET /session/a8b4babba6878e6b6ef73b52bde1d370/screenshot - {}
RESULT: {"script":"<script> [776 bytes]","args":[{"enterText":"300003","selector":{"controlType":"sap.m.SearchField","properties":{"placeholder":"Search"},"searchOpenDialogs":true,"interaction":{"idSuffix":"I"}},"clearTextFirst":true,"interactionType":"ENTER_TEXT"}]}
COMMAND: POST /session/a8b4babba6878e6b6ef73b52bde1d370/actions - {"actions":[{"id":"action4","type":"key","parameters":{},"actions":[{"type":"keyDown","value":"î€‡"},{"type":"pause","duration":10},{"type":"keyUp","value":"î€‡"}]}]}
RESULT: {}
RESULT: {"actions":[{"id":"action4","type":"key","parameters":{},"actions":[{"type":"keyDown","value":"î€‡"},{"type":"pause","duration":10},{"type":"keyUp","value":"î€‡"}]}]}
COMMAND: GET /session/a8b4babba6878e6b6ef73b52bde1d370/screenshot - {}
RESULT: {}
COMMAND: POST /session/a8b4babba6878e6b6ef73b52bde1d370/element - {"using":"xpath","value":"//span[contains(text(), \"300003\")]"}
RESULT: {"using":"xpath","value":"//span[contains(text(), \"300003\")]"}
COMMAND: POST /session/a8b4babba6878e6b6ef73b52bde1d370/element/f.3FF7B4B953F26D70078332F938F6BF9A.d.FC4A88992628B01B8184B622E8DE193B.e.1581/click - {}
RESULT: {}
COMMAND: GET /session/a8b4babba6878e6b6ef73b52bde1d370/screenshot - {}
RESULT: {}
COMMAND: POST /session/a8b4babba6878e6b6ef73b52bde1d370/element - {"using":"xpath","value":"//bdi[contains(text(), \"OK\")]"}
RESULT: {"using":"xpath","value":"//bdi[contains(text(), \"OK\")]"}
COMMAND: POST /session/a8b4babba6878e6b6ef73b52bde1d370/element/f.3FF7B4B953F26D70078332F938F6BF9A.d.FC4A88992628B01B8184B622E8DE193B.e.1583/click - {}
RESULT: {}
COMMAND: GET /session/a8b4babba6878e6b6ef73b52bde1d370/screenshot - {}
RESULT: {}
COMMAND: POST /session/a8b4babba6878e6b6ef73b52bde1d370/execute/async - {"script":"<script> [1562 bytes]","args":[{"selector":{"id":"application-managepartners-display-component---NewPartner--intercompVendorComboBox-application-managepartners-display-component---NewPartner--assignmentsTable-0-vhi"},"wdio_ui5_key":"applicationmanagepartners-display-component---NewPartner--intercompVendorComboBox-application-managepartners-display-component---NewPartner--assignmentsTable-0-vhi"}]}
RESULT: {"script":"<script> [1562 bytes]","args":[{"selector":{"id":"application-managepartners-display-component---NewPartner--intercompVendorComboBox-application-managepartners-display-component---NewPartner--assignmentsTable-0-vhi"},"wdio_ui5_key":"applicationmanagepartners-display-component---NewPartner--intercompVendorComboBox-application-managepartners-display-component---NewPartner--assignmentsTable-0-vhi"}]}
RESULT: undefined
COMMAND: POST /session/a8b4babba6878e6b6ef73b52bde1d370/element - {"using":"xpath","value":"//*[@id=\"application-managepartners-display-component---NewPartner--intercompVendorComboBox-application-managepartners-display-component---NewPartner--assignmentsTable-0-vhi\"]"}
RESULT: {"using":"xpath","value":"//*[@id=\"application-managepartners-display-component---NewPartner--intercompVendorComboBox-application-managepartners-display-component---NewPartner--assignmentsTable-0-vhi\"]"}
COMMAND: POST /session/a8b4babba6878e6b6ef73b52bde1d370/element/f.3FF7B4B953F26D70078332F938F6BF9A.d.FC4A88992628B01B8184B622E8DE193B.e.1587/click - {}
RESULT: {}
RESULT: undefined
COMMAND: POST /session/a8b4babba6878e6b6ef73b52bde1d370/execute/async - {"script":"<script> [776 bytes]","args":[{"enterText":"100005","selector":{"controlType":"sap.m.SearchField","properties":{"placeholder":"Search"},"searchOpenDialogs":true,"interaction":{"idSuffix":"I"}},"clearTextFirst":true,"interactionType":"ENTER_TEXT"}]}
COMMAND: GET /session/a8b4babba6878e6b6ef73b52bde1d370/screenshot - {}
RESULT: {"script":"<script> [776 bytes]","args":[{"enterText":"100005","selector":{"controlType":"sap.m.SearchField","properties":{"placeholder":"Search"},"searchOpenDialogs":true,"interaction":{"idSuffix":"I"}},"clearTextFirst":true,"interactionType":"ENTER_TEXT"}]}
COMMAND: POST /session/a8b4babba6878e6b6ef73b52bde1d370/actions - {"actions":[{"id":"action5","type":"key","parameters":{},"actions":[{"type":"keyDown","value":"î€‡"},{"type":"pause","duration":10},{"type":"keyUp","value":"î€‡"}]}]}
RESULT: {}
RESULT: {"actions":[{"id":"action5","type":"key","parameters":{},"actions":[{"type":"keyDown","value":"î€‡"},{"type":"pause","duration":10},{"type":"keyUp","value":"î€‡"}]}]}
COMMAND: GET /session/a8b4babba6878e6b6ef73b52bde1d370/screenshot - {}
RESULT: {}
COMMAND: POST /session/a8b4babba6878e6b6ef73b52bde1d370/element - {"using":"xpath","value":"//span[contains(text(), \"Penguins - Field/12345 Berlin\")]"}
RESULT: {"using":"xpath","value":"//span[contains(text(), \"Penguins - Field/12345 Berlin\")]"}
COMMAND: POST /session/a8b4babba6878e6b6ef73b52bde1d370/element/f.3FF7B4B953F26D70078332F938F6BF9A.d.FC4A88992628B01B8184B622E8DE193B.e.1606/click - {}
RESULT: {}
COMMAND: GET /session/a8b4babba6878e6b6ef73b52bde1d370/screenshot - {}
RESULT: {}
COMMAND: POST /session/a8b4babba6878e6b6ef73b52bde1d370/element - {"using":"xpath","value":"//bdi[contains(text(), \"OK\")]"}
RESULT: {"using":"xpath","value":"//bdi[contains(text(), \"OK\")]"}
COMMAND: POST /session/a8b4babba6878e6b6ef73b52bde1d370/element/f.3FF7B4B953F26D70078332F938F6BF9A.d.FC4A88992628B01B8184B622E8DE193B.e.1607/click - {}
RESULT: {}
COMMAND: GET /session/a8b4babba6878e6b6ef73b52bde1d370/screenshot - {}
RESULT: {}
COMMAND: POST /session/a8b4babba6878e6b6ef73b52bde1d370/element - {"using":"xpath","value":"//button[@data-kt=\"saveButton\"]"}
RESULT: {"using":"xpath","value":"//button[@data-kt=\"saveButton\"]"}
COMMAND: POST /session/a8b4babba6878e6b6ef73b52bde1d370/element/f.3FF7B4B953F26D70078332F938F6BF9A.d.FC4A88992628B01B8184B622E8DE193B.e.1445/click - {}
RESULT: {}
COMMAND: GET /session/a8b4babba6878e6b6ef73b52bde1d370/screenshot - {}
RESULT: {}
COMMAND: POST /session/a8b4babba6878e6b6ef73b52bde1d370/element - {"using":"xpath","value":"//header[contains(@id, 'ObjectPageLayout-headerTitle')]/div[1]/div[2]/div[2]/span[1]"}
RESULT: {"using":"xpath","value":"//header[contains(@id, 'ObjectPageLayout-headerTitle')]/div[1]/div[2]/div[2]/span[1]"}
COMMAND: POST /session/a8b4babba6878e6b6ef73b52bde1d370/elements - {"using":"xpath","value":"//header[contains(@id, 'ObjectPageLayout-headerTitle')]/div[1]/div[2]/div[2]/span[1]"}
RESULT: {"using":"xpath","value":"//header[contains(@id, 'ObjectPageLayout-headerTitle')]/div[1]/div[2]/div[2]/span[1]"}
COMMAND: POST /session/a8b4babba6878e6b6ef73b52bde1d370/execute/sync - {"script":"<script> [56 bytes]","args":[{"element-6066-11e4-a52e-4f735466cecf":"f.3FF7B4B953F26D70078332F938F6BF9A.d.FC4A88992628B01B8184B622E8DE193B.e.1773","ELEMENT":"f.3FF7B4B953F26D70078332F938F6BF9A.d.FC4A88992628B01B8184B622E8DE193B.e.1773"}]}
RESULT: {"script":"<script> [56 bytes]","args":[{"element-6066-11e4-a52e-4f735466cecf":"f.3FF7B4B953F26D70078332F938F6BF9A.d.FC4A88992628B01B8184B622E8DE193B.e.1773","ELEMENT":"f.3FF7B4B953F26D70078332F938F6BF9A.d.FC4A88992628B01B8184B622E8DE193B.e.1773"}]}
COMMAND: POST /session/a8b4babba6878e6b6ef73b52bde1d370/element - {"using":"css selector","value":"#shell-header-logo"}
COMMAND: GET /session/a8b4babba6878e6b6ef73b52bde1d370/screenshot - {}
RESULT: {"using":"css selector","value":"#shell-header-logo"}
COMMAND: POST /session/a8b4babba6878e6b6ef73b52bde1d370/element/f.3FF7B4B953F26D70078332F938F6BF9A.d.FC4A88992628B01B8184B622E8DE193B.e.1016/click - {}
RESULT: {}
RESULT: {}
COMMAND: GET /session/a8b4babba6878e6b6ef73b52bde1d370/screenshot - {}
RESULT: {}
COMMAND: POST /session/a8b4babba6878e6b6ef73b52bde1d370/execute/sync - {"script":"<script> [299 bytes]","args":[["getModel","getResource"]]}
RESULT: {"script":"<script> [299 bytes]","args":[["getModel","getResource"]]}
]]></system-out>
    </testcase>
    <testcase classname="chrome.135_0_7049_96.windows.Billing_Transfer_-_Master_data_&amp;_Intercompany_US127250" name="Should create a new site" time="74.373">
      <system-out><![CDATA[
COMMAND: GET /session/a8b4babba6878e6b6ef73b52bde1d370/screenshot - {}
COMMAND: POST /session/a8b4babba6878e6b6ef73b52bde1d370/execute/async - {"script":"<script> [1562 bytes]","args":[{"selector":{"controlType":"sap.m.TileContent","bindingPath":{"path":"","propertyPath":"/properties/info"},"ancestor":{"controlType":"sap.m.GenericTile","properties":{"header":"Manage Sites"}}},"wdio_ui5_key":"sapm.TileContent{\"path\":\"\",\"propertyPath\":\"/properties/info\"}{\"controlType\":\"sap.m.GenericTile\",\"properties\":{\"header\":\"Manage Sites\"}}"}]}
RESULT: {}
RESULT: {"script":"<script> [1562 bytes]","args":[{"selector":{"controlType":"sap.m.TileContent","bindingPath":{"path":"","propertyPath":"/properties/info"},"ancestor":{"controlType":"sap.m.GenericTile","properties":{"header":"Manage Sites"}}},"wdio_ui5_key":"sapm.TileContent{\"path\":\"\",\"propertyPath\":\"/properties/info\"}{\"controlType\":\"sap.m.GenericTile\",\"properties\":{\"header\":\"Manage Sites\"}}"}]}
RESULT: undefined
COMMAND: POST /session/a8b4babba6878e6b6ef73b52bde1d370/element - {"using":"xpath","value":"//*[@id=\"__xmlview7--numericTileContent\"]"}
RESULT: {"using":"xpath","value":"//*[@id=\"__xmlview7--numericTileContent\"]"}
COMMAND: POST /session/a8b4babba6878e6b6ef73b52bde1d370/element/f.3FF7B4B953F26D70078332F938F6BF9A.d.FC4A88992628B01B8184B622E8DE193B.e.1775/click - {}
RESULT: {}
COMMAND: POST /session/a8b4babba6878e6b6ef73b52bde1d370/element - {"using":"xpath","value":"//button[@data-kt=\"addOverflowToolbarButton\"]"}
COMMAND: GET /session/a8b4babba6878e6b6ef73b52bde1d370/screenshot - {}
RESULT: {"using":"xpath","value":"//button[@data-kt=\"addOverflowToolbarButton\"]"}
COMMAND: POST /session/a8b4babba6878e6b6ef73b52bde1d370/elements - {"using":"xpath","value":"//button[@data-kt=\"addOverflowToolbarButton\"]"}
RESULT: {}
RESULT: {"using":"xpath","value":"//button[@data-kt=\"addOverflowToolbarButton\"]"}
COMMAND: POST /session/a8b4babba6878e6b6ef73b52bde1d370/elements - {"using":"xpath","value":"//button[@data-kt=\"addOverflowToolbarButton\"]"}
RESULT: {"using":"xpath","value":"//button[@data-kt=\"addOverflowToolbarButton\"]"}
COMMAND: POST /session/a8b4babba6878e6b6ef73b52bde1d370/element - {"using":"xpath","value":"//button[@data-kt=\"addOverflowToolbarButton\"]"}
RESULT: {"using":"xpath","value":"//button[@data-kt=\"addOverflowToolbarButton\"]"}
COMMAND: POST /session/a8b4babba6878e6b6ef73b52bde1d370/execute/sync - {"script":"<script> [8489 bytes]","args":[{"element-6066-11e4-a52e-4f735466cecf":"f.3FF7B4B953F26D70078332F938F6BF9A.d.FC4A88992628B01B8184B622E8DE193B.e.1820","ELEMENT":"f.3FF7B4B953F26D70078332F938F6BF9A.d.FC4A88992628B01B8184B622E8DE193B.e.1820"}]}
RESULT: {"script":"<script> [8489 bytes]","args":[{"element-6066-11e4-a52e-4f735466cecf":"f.3FF7B4B953F26D70078332F938F6BF9A.d.FC4A88992628B01B8184B622E8DE193B.e.1820","ELEMENT":"f.3FF7B4B953F26D70078332F938F6BF9A.d.FC4A88992628B01B8184B622E8DE193B.e.1820"}]}
COMMAND: GET /session/a8b4babba6878e6b6ef73b52bde1d370/element/f.3FF7B4B953F26D70078332F938F6BF9A.d.FC4A88992628B01B8184B622E8DE193B.e.1820/enabled - {}
COMMAND: GET /session/a8b4babba6878e6b6ef73b52bde1d370/screenshot - {}
RESULT: {}
COMMAND: POST /session/a8b4babba6878e6b6ef73b52bde1d370/execute/sync - {"script":"<script> [8489 bytes]","args":[{"element-6066-11e4-a52e-4f735466cecf":"f.3FF7B4B953F26D70078332F938F6BF9A.d.FC4A88992628B01B8184B622E8DE193B.e.1820","ELEMENT":"f.3FF7B4B953F26D70078332F938F6BF9A.d.FC4A88992628B01B8184B622E8DE193B.e.1820"}]}
COMMAND: GET /session/a8b4babba6878e6b6ef73b52bde1d370/screenshot - {}
RESULT: {}
RESULT: {"script":"<script> [8489 bytes]","args":[{"element-6066-11e4-a52e-4f735466cecf":"f.3FF7B4B953F26D70078332F938F6BF9A.d.FC4A88992628B01B8184B622E8DE193B.e.1820","ELEMENT":"f.3FF7B4B953F26D70078332F938F6BF9A.d.FC4A88992628B01B8184B622E8DE193B.e.1820"}]}
COMMAND: POST /session/a8b4babba6878e6b6ef73b52bde1d370/execute/sync - {"script":"<script> [5351 bytes]","args":[{"element-6066-11e4-a52e-4f735466cecf":"f.3FF7B4B953F26D70078332F938F6BF9A.d.FC4A88992628B01B8184B622E8DE193B.e.1820","ELEMENT":"f.3FF7B4B953F26D70078332F938F6BF9A.d.FC4A88992628B01B8184B622E8DE193B.e.1820"}]}
COMMAND: GET /session/a8b4babba6878e6b6ef73b52bde1d370/screenshot - {}
RESULT: {}
RESULT: {"script":"<script> [5351 bytes]","args":[{"element-6066-11e4-a52e-4f735466cecf":"f.3FF7B4B953F26D70078332F938F6BF9A.d.FC4A88992628B01B8184B622E8DE193B.e.1820","ELEMENT":"f.3FF7B4B953F26D70078332F938F6BF9A.d.FC4A88992628B01B8184B622E8DE193B.e.1820"}]}
COMMAND: POST /session/a8b4babba6878e6b6ef73b52bde1d370/element/f.3FF7B4B953F26D70078332F938F6BF9A.d.FC4A88992628B01B8184B622E8DE193B.e.1820/click - {}
COMMAND: GET /session/a8b4babba6878e6b6ef73b52bde1d370/screenshot - {}
RESULT: {}
RESULT: {}
COMMAND: GET /session/a8b4babba6878e6b6ef73b52bde1d370/screenshot - {}
RESULT: {}
RESULT: {}
COMMAND: POST /session/a8b4babba6878e6b6ef73b52bde1d370/execute/async - {"script":"<script> [1562 bytes]","args":[{"selector":{"id":"application-managesites-display-component---NewSite--addressDetailDetailsName1","interaction":{"idSuffix":"inner"}},"wdio_ui5_key":"applicationmanagesites-display-component---NewSite--addressDetailDetailsName1"}]}
RESULT: {"script":"<script> [1562 bytes]","args":[{"selector":{"id":"application-managesites-display-component---NewSite--addressDetailDetailsName1","interaction":{"idSuffix":"inner"}},"wdio_ui5_key":"applicationmanagesites-display-component---NewSite--addressDetailDetailsName1"}]}
RESULT: undefined
COMMAND: POST /session/a8b4babba6878e6b6ef73b52bde1d370/execute/async - {"script":"<script> [776 bytes]","args":[{"enterText":"Intercompany Site wdIO","selector":{"id":"application-managesites-display-component---NewSite--addressDetailDetailsName1","interaction":{"idSuffix":"inner"}},"clearTextFirst":true,"interactionType":"ENTER_TEXT"}]}
RESULT: {"script":"<script> [776 bytes]","args":[{"enterText":"Intercompany Site wdIO","selector":{"id":"application-managesites-display-component---NewSite--addressDetailDetailsName1","interaction":{"idSuffix":"inner"}},"clearTextFirst":true,"interactionType":"ENTER_TEXT"}]}
COMMAND: POST /session/a8b4babba6878e6b6ef73b52bde1d370/execute/async - {"script":"<script> [1562 bytes]","args":[{"selector":{"id":"application-managesites-display-component---NewSite--addressDetailDetailsLanguage-arrow"},"wdio_ui5_key":"applicationmanagesites-display-component---NewSite--addressDetailDetailsLanguage-arrow"}]}
RESULT: {"script":"<script> [1562 bytes]","args":[{"selector":{"id":"application-managesites-display-component---NewSite--addressDetailDetailsLanguage-arrow"},"wdio_ui5_key":"applicationmanagesites-display-component---NewSite--addressDetailDetailsLanguage-arrow"}]}
RESULT: undefined
COMMAND: POST /session/a8b4babba6878e6b6ef73b52bde1d370/element - {"using":"xpath","value":"//*[@id=\"application-managesites-display-component---NewSite--addressDetailDetailsLanguage-arrow\"]"}
RESULT: {"using":"xpath","value":"//*[@id=\"application-managesites-display-component---NewSite--addressDetailDetailsLanguage-arrow\"]"}
COMMAND: POST /session/a8b4babba6878e6b6ef73b52bde1d370/element/f.3FF7B4B953F26D70078332F938F6BF9A.d.FC4A88992628B01B8184B622E8DE193B.e.2433/click - {}
RESULT: {}
COMMAND: POST /session/a8b4babba6878e6b6ef73b52bde1d370/element - {"using":"xpath","value":"//span[contains(text(), \"English\")]"}
COMMAND: GET /session/a8b4babba6878e6b6ef73b52bde1d370/screenshot - {}
RESULT: {"using":"xpath","value":"//span[contains(text(), \"English\")]"}
COMMAND: POST /session/a8b4babba6878e6b6ef73b52bde1d370/element/f.3FF7B4B953F26D70078332F938F6BF9A.d.FC4A88992628B01B8184B622E8DE193B.e.2434/click - {}
RESULT: {}
RESULT: {}
COMMAND: POST /session/a8b4babba6878e6b6ef73b52bde1d370/execute/async - {"script":"<script> [1562 bytes]","args":[{"selector":{"id":"application-managesites-display-component---NewSite--addressDetailDetailsCity1","interaction":{"idSuffix":"inner"}},"wdio_ui5_key":"applicationmanagesites-display-component---NewSite--addressDetailDetailsCity1"}]}
COMMAND: GET /session/a8b4babba6878e6b6ef73b52bde1d370/screenshot - {}
RESULT: {"script":"<script> [1562 bytes]","args":[{"selector":{"id":"application-managesites-display-component---NewSite--addressDetailDetailsCity1","interaction":{"idSuffix":"inner"}},"wdio_ui5_key":"applicationmanagesites-display-component---NewSite--addressDetailDetailsCity1"}]}
RESULT: undefined
COMMAND: POST /session/a8b4babba6878e6b6ef73b52bde1d370/execute/async - {"script":"<script> [776 bytes]","args":[{"enterText":"Rosario","selector":{"id":"application-managesites-display-component---NewSite--addressDetailDetailsCity1","interaction":{"idSuffix":"inner"}},"clearTextFirst":true,"interactionType":"ENTER_TEXT"}]}
RESULT: {}
RESULT: {"script":"<script> [776 bytes]","args":[{"enterText":"Rosario","selector":{"id":"application-managesites-display-component---NewSite--addressDetailDetailsCity1","interaction":{"idSuffix":"inner"}},"clearTextFirst":true,"interactionType":"ENTER_TEXT"}]}
COMMAND: POST /session/a8b4babba6878e6b6ef73b52bde1d370/execute/async - {"script":"<script> [1562 bytes]","args":[{"selector":{"id":"application-managesites-display-component---NewSite--addressDetailDetailsCountry-arrow"},"wdio_ui5_key":"applicationmanagesites-display-component---NewSite--addressDetailDetailsCountry-arrow"}]}
RESULT: {"script":"<script> [1562 bytes]","args":[{"selector":{"id":"application-managesites-display-component---NewSite--addressDetailDetailsCountry-arrow"},"wdio_ui5_key":"applicationmanagesites-display-component---NewSite--addressDetailDetailsCountry-arrow"}]}
RESULT: undefined
COMMAND: POST /session/a8b4babba6878e6b6ef73b52bde1d370/element - {"using":"xpath","value":"//*[@id=\"application-managesites-display-component---NewSite--addressDetailDetailsCountry-arrow\"]"}
RESULT: {"using":"xpath","value":"//*[@id=\"application-managesites-display-component---NewSite--addressDetailDetailsCountry-arrow\"]"}
COMMAND: POST /session/a8b4babba6878e6b6ef73b52bde1d370/element/f.3FF7B4B953F26D70078332F938F6BF9A.d.FC4A88992628B01B8184B622E8DE193B.e.2436/click - {}
RESULT: {}
COMMAND: POST /session/a8b4babba6878e6b6ef73b52bde1d370/element - {"using":"xpath","value":"//span[contains(text(), \"Argentina\")]"}
COMMAND: GET /session/a8b4babba6878e6b6ef73b52bde1d370/screenshot - {}
RESULT: {"using":"xpath","value":"//span[contains(text(), \"Argentina\")]"}
COMMAND: POST /session/a8b4babba6878e6b6ef73b52bde1d370/element/f.3FF7B4B953F26D70078332F938F6BF9A.d.FC4A88992628B01B8184B622E8DE193B.e.2437/click - {}
RESULT: {}
RESULT: {}
COMMAND: GET /session/a8b4babba6878e6b6ef73b52bde1d370/screenshot - {}
RESULT: {}
COMMAND: POST /session/a8b4babba6878e6b6ef73b52bde1d370/execute/async - {"script":"<script> [1562 bytes]","args":[{"selector":{"id":"application-managesites-display-component---NewSite--addressEditDetailsCostObjectCstType-arrow"},"wdio_ui5_key":"applicationmanagesites-display-component---NewSite--addressEditDetailsCostObjectCstType-arrow"}]}
RESULT: {"script":"<script> [1562 bytes]","args":[{"selector":{"id":"application-managesites-display-component---NewSite--addressEditDetailsCostObjectCstType-arrow"},"wdio_ui5_key":"applicationmanagesites-display-component---NewSite--addressEditDetailsCostObjectCstType-arrow"}]}
RESULT: undefined
COMMAND: POST /session/a8b4babba6878e6b6ef73b52bde1d370/element - {"using":"xpath","value":"//*[@id=\"application-managesites-display-component---NewSite--addressEditDetailsCostObjectCstType-arrow\"]"}
RESULT: {"using":"xpath","value":"//*[@id=\"application-managesites-display-component---NewSite--addressEditDetailsCostObjectCstType-arrow\"]"}
COMMAND: POST /session/a8b4babba6878e6b6ef73b52bde1d370/element/f.3FF7B4B953F26D70078332F938F6BF9A.d.FC4A88992628B01B8184B622E8DE193B.e.2438/click - {}
RESULT: {}
COMMAND: POST /session/a8b4babba6878e6b6ef73b52bde1d370/element - {"using":"xpath","value":"//span[contains(text(), \"Cost Center\")]"}
COMMAND: GET /session/a8b4babba6878e6b6ef73b52bde1d370/screenshot - {}
RESULT: {"using":"xpath","value":"//span[contains(text(), \"Cost Center\")]"}
COMMAND: POST /session/a8b4babba6878e6b6ef73b52bde1d370/element/f.3FF7B4B953F26D70078332F938F6BF9A.d.FC4A88992628B01B8184B622E8DE193B.e.2439/click - {}
RESULT: {}
RESULT: {}
COMMAND: GET /session/a8b4babba6878e6b6ef73b52bde1d370/screenshot - {}
RESULT: {}
COMMAND: POST /session/a8b4babba6878e6b6ef73b52bde1d370/element - {"using":"xpath","value":"//span[@id=\"application-managesites-display-component---NewSite--addressNewCostObjectCstID-vhi\"]"}
RESULT: {"using":"xpath","value":"//span[@id=\"application-managesites-display-component---NewSite--addressNewCostObjectCstID-vhi\"]"}
COMMAND: POST /session/a8b4babba6878e6b6ef73b52bde1d370/execute/sync - {"script":"<script> [8489 bytes]","args":[{"element-6066-11e4-a52e-4f735466cecf":"f.3FF7B4B953F26D70078332F938F6BF9A.d.FC4A88992628B01B8184B622E8DE193B.e.2444","ELEMENT":"f.3FF7B4B953F26D70078332F938F6BF9A.d.FC4A88992628B01B8184B622E8DE193B.e.2444"}]}
RESULT: {"script":"<script> [8489 bytes]","args":[{"element-6066-11e4-a52e-4f735466cecf":"f.3FF7B4B953F26D70078332F938F6BF9A.d.FC4A88992628B01B8184B622E8DE193B.e.2444","ELEMENT":"f.3FF7B4B953F26D70078332F938F6BF9A.d.FC4A88992628B01B8184B622E8DE193B.e.2444"}]}
COMMAND: POST /session/a8b4babba6878e6b6ef73b52bde1d370/execute/async - {"script":"<script> [1562 bytes]","args":[{"selector":{"id":"application-managesites-display-component---NewSite--addressNewCostObjectCstID-vhi"},"wdio_ui5_key":"applicationmanagesites-display-component---NewSite--addressNewCostObjectCstID-vhi"}]}
COMMAND: GET /session/a8b4babba6878e6b6ef73b52bde1d370/screenshot - {}
RESULT: {"script":"<script> [1562 bytes]","args":[{"selector":{"id":"application-managesites-display-component---NewSite--addressNewCostObjectCstID-vhi"},"wdio_ui5_key":"applicationmanagesites-display-component---NewSite--addressNewCostObjectCstID-vhi"}]}
RESULT: undefined
COMMAND: POST /session/a8b4babba6878e6b6ef73b52bde1d370/element - {"using":"xpath","value":"//*[@id=\"application-managesites-display-component---NewSite--addressNewCostObjectCstID-vhi\"]"}
RESULT: {}
RESULT: {"using":"xpath","value":"//*[@id=\"application-managesites-display-component---NewSite--addressNewCostObjectCstID-vhi\"]"}
COMMAND: POST /session/a8b4babba6878e6b6ef73b52bde1d370/element/f.3FF7B4B953F26D70078332F938F6BF9A.d.FC4A88992628B01B8184B622E8DE193B.e.2444/click - {}
RESULT: {}
COMMAND: GET /session/a8b4babba6878e6b6ef73b52bde1d370/screenshot - {}
RESULT: {}
RESULT: undefined
COMMAND: POST /session/a8b4babba6878e6b6ef73b52bde1d370/execute/async - {"script":"<script> [776 bytes]","args":[{"enterText":"10001013","selector":{"controlType":"sap.m.SearchField","properties":{"placeholder":"Search"},"searchOpenDialogs":true,"interaction":{"idSuffix":"I"}},"clearTextFirst":true,"interactionType":"ENTER_TEXT"}]}
RESULT: {"script":"<script> [776 bytes]","args":[{"enterText":"10001013","selector":{"controlType":"sap.m.SearchField","properties":{"placeholder":"Search"},"searchOpenDialogs":true,"interaction":{"idSuffix":"I"}},"clearTextFirst":true,"interactionType":"ENTER_TEXT"}]}
COMMAND: POST /session/a8b4babba6878e6b6ef73b52bde1d370/actions - {"actions":[{"id":"action6","type":"key","parameters":{},"actions":[{"type":"keyDown","value":"î€‡"},{"type":"pause","duration":10},{"type":"keyUp","value":"î€‡"}]}]}
RESULT: {"actions":[{"id":"action6","type":"key","parameters":{},"actions":[{"type":"keyDown","value":"î€‡"},{"type":"pause","duration":10},{"type":"keyUp","value":"î€‡"}]}]}
COMMAND: GET /session/a8b4babba6878e6b6ef73b52bde1d370/screenshot - {}
RESULT: {}
COMMAND: POST /session/a8b4babba6878e6b6ef73b52bde1d370/element - {"using":"xpath","value":"//span[contains(text(), \"General Management\")]"}
RESULT: {"using":"xpath","value":"//span[contains(text(), \"General Management\")]"}
COMMAND: POST /session/a8b4babba6878e6b6ef73b52bde1d370/element/f.3FF7B4B953F26D70078332F938F6BF9A.d.FC4A88992628B01B8184B622E8DE193B.e.2484/click - {}
RESULT: {}
COMMAND: GET /session/a8b4babba6878e6b6ef73b52bde1d370/screenshot - {}
RESULT: {}
COMMAND: POST /session/a8b4babba6878e6b6ef73b52bde1d370/element - {"using":"xpath","value":"//bdi[contains(text(), \"OK\")]"}
RESULT: {"using":"xpath","value":"//bdi[contains(text(), \"OK\")]"}
COMMAND: POST /session/a8b4babba6878e6b6ef73b52bde1d370/element/f.3FF7B4B953F26D70078332F938F6BF9A.d.FC4A88992628B01B8184B622E8DE193B.e.2485/click - {}
RESULT: {}
COMMAND: GET /session/a8b4babba6878e6b6ef73b52bde1d370/screenshot - {}
RESULT: {}
COMMAND: POST /session/a8b4babba6878e6b6ef73b52bde1d370/element - {"using":"xpath","value":"//input[@id=\"application-managesites-display-component---NewSite--addressDetailDetailsCalendar-inner\"]"}
RESULT: {"using":"xpath","value":"//input[@id=\"application-managesites-display-component---NewSite--addressDetailDetailsCalendar-inner\"]"}
COMMAND: POST /session/a8b4babba6878e6b6ef73b52bde1d370/element/f.3FF7B4B953F26D70078332F938F6BF9A.d.FC4A88992628B01B8184B622E8DE193B.e.2231/clear - {}
RESULT: {}
COMMAND: POST /session/a8b4babba6878e6b6ef73b52bde1d370/element/f.3FF7B4B953F26D70078332F938F6BF9A.d.FC4A88992628B01B8184B622E8DE193B.e.2231/value - {"text":"Unit"}
COMMAND: GET /session/a8b4babba6878e6b6ef73b52bde1d370/screenshot - {}
RESULT: {"text":"Unit"}
COMMAND: GET /session/a8b4babba6878e6b6ef73b52bde1d370/screenshot - {}
RESULT: {}
RESULT: {}
COMMAND: POST /session/a8b4babba6878e6b6ef73b52bde1d370/actions - {"actions":[{"id":"action7","type":"key","parameters":{},"actions":[{"type":"keyDown","value":"î€‡"},{"type":"pause","duration":10},{"type":"keyUp","value":"î€‡"}]}]}
RESULT: {"actions":[{"id":"action7","type":"key","parameters":{},"actions":[{"type":"keyDown","value":"î€‡"},{"type":"pause","duration":10},{"type":"keyUp","value":"î€‡"}]}]}
COMMAND: POST /session/a8b4babba6878e6b6ef73b52bde1d370/element - {"using":"xpath","value":"//input[@id=\"application-managesites-display-component---NewSite--addressDetailDetailsYard-inner\"]"}
COMMAND: GET /session/a8b4babba6878e6b6ef73b52bde1d370/screenshot - {}
RESULT: {"using":"xpath","value":"//input[@id=\"application-managesites-display-component---NewSite--addressDetailDetailsYard-inner\"]"}
COMMAND: POST /session/a8b4babba6878e6b6ef73b52bde1d370/element/f.3FF7B4B953F26D70078332F938F6BF9A.d.FC4A88992628B01B8184B622E8DE193B.e.2232/clear - {}
RESULT: {}
RESULT: {}
COMMAND: POST /session/a8b4babba6878e6b6ef73b52bde1d370/element/f.3FF7B4B953F26D70078332F938F6BF9A.d.FC4A88992628B01B8184B622E8DE193B.e.2232/value - {"text":"308"}
COMMAND: GET /session/a8b4babba6878e6b6ef73b52bde1d370/screenshot - {}
RESULT: {"text":"308"}
COMMAND: GET /session/a8b4babba6878e6b6ef73b52bde1d370/screenshot - {}
RESULT: {}
RESULT: {}
COMMAND: POST /session/a8b4babba6878e6b6ef73b52bde1d370/element - {"using":"xpath","value":"//li[.//span[text()='308']]"}
RESULT: {"using":"xpath","value":"//li[.//span[text()='308']]"}
COMMAND: POST /session/a8b4babba6878e6b6ef73b52bde1d370/element/f.3FF7B4B953F26D70078332F938F6BF9A.d.FC4A88992628B01B8184B622E8DE193B.e.2493/click - {}
RESULT: {}
COMMAND: GET /session/a8b4babba6878e6b6ef73b52bde1d370/screenshot - {}
RESULT: {}
COMMAND: POST /session/a8b4babba6878e6b6ef73b52bde1d370/element - {"using":"xpath","value":"//input[@id=\"application-managesites-display-component---NewSite--addressDetailDetailsPartner-inner\"]"}
RESULT: {"using":"xpath","value":"//input[@id=\"application-managesites-display-component---NewSite--addressDetailDetailsPartner-inner\"]"}
COMMAND: POST /session/a8b4babba6878e6b6ef73b52bde1d370/element - {"using":"xpath","value":"//input[@id=\"application-managesites-display-component---NewSite--addressDetailDetailsPartner-inner\"]"}
RESULT: {"using":"xpath","value":"//input[@id=\"application-managesites-display-component---NewSite--addressDetailDetailsPartner-inner\"]"}
COMMAND: POST /session/a8b4babba6878e6b6ef73b52bde1d370/element - {"using":"xpath","value":"//button[@data-kt=\"saveButton\"]"}
RESULT: {"using":"xpath","value":"//button[@data-kt=\"saveButton\"]"}
COMMAND: POST /session/a8b4babba6878e6b6ef73b52bde1d370/element/f.3FF7B4B953F26D70078332F938F6BF9A.d.FC4A88992628B01B8184B622E8DE193B.e.2426/click - {}
RESULT: {}
COMMAND: GET /session/a8b4babba6878e6b6ef73b52bde1d370/screenshot - {}
RESULT: {}
COMMAND: POST /session/a8b4babba6878e6b6ef73b52bde1d370/element - {"using":"xpath","value":"//header[contains(@id, 'ObjectPageLayout-headerTitle')]/div[1]/div[2]/div[2]/span[1]"}
RESULT: {"using":"xpath","value":"//header[contains(@id, 'ObjectPageLayout-headerTitle')]/div[1]/div[2]/div[2]/span[1]"}
COMMAND: POST /session/a8b4babba6878e6b6ef73b52bde1d370/elements - {"using":"xpath","value":"//header[contains(@id, 'ObjectPageLayout-headerTitle')]/div[1]/div[2]/div[2]/span[1]"}
RESULT: {"using":"xpath","value":"//header[contains(@id, 'ObjectPageLayout-headerTitle')]/div[1]/div[2]/div[2]/span[1]"}
COMMAND: POST /session/a8b4babba6878e6b6ef73b52bde1d370/execute/sync - {"script":"<script> [56 bytes]","args":[{"element-6066-11e4-a52e-4f735466cecf":"f.3FF7B4B953F26D70078332F938F6BF9A.d.FC4A88992628B01B8184B622E8DE193B.e.2695","ELEMENT":"f.3FF7B4B953F26D70078332F938F6BF9A.d.FC4A88992628B01B8184B622E8DE193B.e.2695"}]}
RESULT: {"script":"<script> [56 bytes]","args":[{"element-6066-11e4-a52e-4f735466cecf":"f.3FF7B4B953F26D70078332F938F6BF9A.d.FC4A88992628B01B8184B622E8DE193B.e.2695","ELEMENT":"f.3FF7B4B953F26D70078332F938F6BF9A.d.FC4A88992628B01B8184B622E8DE193B.e.2695"}]}
COMMAND: POST /session/a8b4babba6878e6b6ef73b52bde1d370/element - {"using":"css selector","value":"#shell-header-logo"}
COMMAND: GET /session/a8b4babba6878e6b6ef73b52bde1d370/screenshot - {}
RESULT: {"using":"css selector","value":"#shell-header-logo"}
COMMAND: POST /session/a8b4babba6878e6b6ef73b52bde1d370/element/f.3FF7B4B953F26D70078332F938F6BF9A.d.FC4A88992628B01B8184B622E8DE193B.e.1778/click - {}
RESULT: {}
RESULT: {}
COMMAND: GET /session/a8b4babba6878e6b6ef73b52bde1d370/screenshot - {}
RESULT: {}
COMMAND: POST /session/a8b4babba6878e6b6ef73b52bde1d370/execute/sync - {"script":"<script> [299 bytes]","args":[["getModel","getResource"]]}
RESULT: {"script":"<script> [299 bytes]","args":[["getModel","getResource"]]}
]]></system-out>
    </testcase>
  </testsuite>
  <testsuite timestamp="2025-04-28T06:39:05" time="937.7" tests="12" failures="9" errors="9" skipped="0">
    <properties>
      <property name="specId" value="0" />
      <property name="suiteName" value="Billing Transfer - Intracompany US127249" />
      <property name="capabilities" value="chrome.135_0_7049_96.windows" />
      <property name="file" value="file:///D:/a/1/s/test/specs/BTS/billing-transfer-intracompany.spec.js" />
    </properties>
    <testcase classname="chrome.135_0_7049_96.windows.Billing_Transfer_-_Intracompany_US127249" name="Should create a new yard" time="94.636">
      <system-out><![CDATA[
COMMAND: POST /session/a8b4babba6878e6b6ef73b52bde1d370/window/fullscreen - {}
RESULT: {}
COMMAND: POST /session/a8b4babba6878e6b6ef73b52bde1d370/execute/async - {"script":"<script> [1562 bytes]","args":[{"selector":{"controlType":"sap.m.GenericTile","properties":{"header":"Manage Yards"}},"wdio_ui5_key":"sapm.GenericTile{\"header\":\"Manage Yards\"}"}]}
RESULT: {"script":"<script> [1562 bytes]","args":[{"selector":{"controlType":"sap.m.GenericTile","properties":{"header":"Manage Yards"}},"wdio_ui5_key":"sapm.GenericTile{\"header\":\"Manage Yards\"}"}]}
RESULT: undefined
COMMAND: POST /session/a8b4babba6878e6b6ef73b52bde1d370/element - {"using":"xpath","value":"//*[@id=\"__tile41\"]"}
RESULT: {"using":"xpath","value":"//*[@id=\"__tile41\"]"}
COMMAND: POST /session/a8b4babba6878e6b6ef73b52bde1d370/element/f.3FF7B4B953F26D70078332F938F6BF9A.d.9A622F11E9F9FF83270A147675D67888.e.3237/click - {}
RESULT: {}
COMMAND: POST /session/a8b4babba6878e6b6ef73b52bde1d370/element - {"using":"xpath","value":"//button[@data-kt=\"addNewYardOverflowToolbarButton\"]"}
COMMAND: GET /session/a8b4babba6878e6b6ef73b52bde1d370/screenshot - {}
RESULT: {"using":"xpath","value":"//button[@data-kt=\"addNewYardOverflowToolbarButton\"]"}
COMMAND: POST /session/a8b4babba6878e6b6ef73b52bde1d370/elements - {"using":"xpath","value":"//button[@data-kt=\"addNewYardOverflowToolbarButton\"]"}
RESULT: {}
RESULT: {"using":"xpath","value":"//button[@data-kt=\"addNewYardOverflowToolbarButton\"]"}
COMMAND: POST /session/a8b4babba6878e6b6ef73b52bde1d370/elements - {"using":"xpath","value":"//button[@data-kt=\"addNewYardOverflowToolbarButton\"]"}
RESULT: {"using":"xpath","value":"//button[@data-kt=\"addNewYardOverflowToolbarButton\"]"}
COMMAND: POST /session/a8b4babba6878e6b6ef73b52bde1d370/elements - {"using":"xpath","value":"//button[@data-kt=\"addNewYardOverflowToolbarButton\"]"}
RESULT: {"using":"xpath","value":"//button[@data-kt=\"addNewYardOverflowToolbarButton\"]"}
COMMAND: POST /session/a8b4babba6878e6b6ef73b52bde1d370/elements - {"using":"xpath","value":"//button[@data-kt=\"addNewYardOverflowToolbarButton\"]"}
RESULT: {"using":"xpath","value":"//button[@data-kt=\"addNewYardOverflowToolbarButton\"]"}
COMMAND: POST /session/a8b4babba6878e6b6ef73b52bde1d370/elements - {"using":"xpath","value":"//button[@data-kt=\"addNewYardOverflowToolbarButton\"]"}
RESULT: {"using":"xpath","value":"//button[@data-kt=\"addNewYardOverflowToolbarButton\"]"}
COMMAND: POST /session/a8b4babba6878e6b6ef73b52bde1d370/elements - {"using":"xpath","value":"//button[@data-kt=\"addNewYardOverflowToolbarButton\"]"}
RESULT: {"using":"xpath","value":"//button[@data-kt=\"addNewYardOverflowToolbarButton\"]"}
COMMAND: POST /session/a8b4babba6878e6b6ef73b52bde1d370/elements - {"using":"xpath","value":"//button[@data-kt=\"addNewYardOverflowToolbarButton\"]"}
RESULT: {"using":"xpath","value":"//button[@data-kt=\"addNewYardOverflowToolbarButton\"]"}
COMMAND: POST /session/a8b4babba6878e6b6ef73b52bde1d370/elements - {"using":"xpath","value":"//button[@data-kt=\"addNewYardOverflowToolbarButton\"]"}
RESULT: {"using":"xpath","value":"//button[@data-kt=\"addNewYardOverflowToolbarButton\"]"}
COMMAND: POST /session/a8b4babba6878e6b6ef73b52bde1d370/elements - {"using":"xpath","value":"//button[@data-kt=\"addNewYardOverflowToolbarButton\"]"}
RESULT: {"using":"xpath","value":"//button[@data-kt=\"addNewYardOverflowToolbarButton\"]"}
COMMAND: POST /session/a8b4babba6878e6b6ef73b52bde1d370/elements - {"using":"xpath","value":"//button[@data-kt=\"addNewYardOverflowToolbarButton\"]"}
RESULT: {"using":"xpath","value":"//button[@data-kt=\"addNewYardOverflowToolbarButton\"]"}
COMMAND: POST /session/a8b4babba6878e6b6ef73b52bde1d370/elements - {"using":"xpath","value":"//button[@data-kt=\"addNewYardOverflowToolbarButton\"]"}
RESULT: {"using":"xpath","value":"//button[@data-kt=\"addNewYardOverflowToolbarButton\"]"}
COMMAND: POST /session/a8b4babba6878e6b6ef73b52bde1d370/elements - {"using":"xpath","value":"//button[@data-kt=\"addNewYardOverflowToolbarButton\"]"}
RESULT: {"using":"xpath","value":"//button[@data-kt=\"addNewYardOverflowToolbarButton\"]"}
COMMAND: POST /session/a8b4babba6878e6b6ef73b52bde1d370/elements - {"using":"xpath","value":"//button[@data-kt=\"addNewYardOverflowToolbarButton\"]"}
RESULT: {"using":"xpath","value":"//button[@data-kt=\"addNewYardOverflowToolbarButton\"]"}
COMMAND: POST /session/a8b4babba6878e6b6ef73b52bde1d370/elements - {"using":"xpath","value":"//button[@data-kt=\"addNewYardOverflowToolbarButton\"]"}
RESULT: {"using":"xpath","value":"//button[@data-kt=\"addNewYardOverflowToolbarButton\"]"}
COMMAND: POST /session/a8b4babba6878e6b6ef73b52bde1d370/elements - {"using":"xpath","value":"//button[@data-kt=\"addNewYardOverflowToolbarButton\"]"}
RESULT: {"using":"xpath","value":"//button[@data-kt=\"addNewYardOverflowToolbarButton\"]"}
COMMAND: POST /session/a8b4babba6878e6b6ef73b52bde1d370/elements - {"using":"xpath","value":"//button[@data-kt=\"addNewYardOverflowToolbarButton\"]"}
RESULT: {"using":"xpath","value":"//button[@data-kt=\"addNewYardOverflowToolbarButton\"]"}
COMMAND: POST /session/a8b4babba6878e6b6ef73b52bde1d370/elements - {"using":"xpath","value":"//button[@data-kt=\"addNewYardOverflowToolbarButton\"]"}
RESULT: {"using":"xpath","value":"//button[@data-kt=\"addNewYardOverflowToolbarButton\"]"}
COMMAND: POST /session/a8b4babba6878e6b6ef73b52bde1d370/elements - {"using":"xpath","value":"//button[@data-kt=\"addNewYardOverflowToolbarButton\"]"}
RESULT: {"using":"xpath","value":"//button[@data-kt=\"addNewYardOverflowToolbarButton\"]"}
COMMAND: POST /session/a8b4babba6878e6b6ef73b52bde1d370/elements - {"using":"xpath","value":"//button[@data-kt=\"addNewYardOverflowToolbarButton\"]"}
RESULT: {"using":"xpath","value":"//button[@data-kt=\"addNewYardOverflowToolbarButton\"]"}
COMMAND: POST /session/a8b4babba6878e6b6ef73b52bde1d370/elements - {"using":"xpath","value":"//button[@data-kt=\"addNewYardOverflowToolbarButton\"]"}
RESULT: {"using":"xpath","value":"//button[@data-kt=\"addNewYardOverflowToolbarButton\"]"}
COMMAND: POST /session/a8b4babba6878e6b6ef73b52bde1d370/elements - {"using":"xpath","value":"//button[@data-kt=\"addNewYardOverflowToolbarButton\"]"}
RESULT: {"using":"xpath","value":"//button[@data-kt=\"addNewYardOverflowToolbarButton\"]"}
COMMAND: POST /session/a8b4babba6878e6b6ef73b52bde1d370/element - {"using":"xpath","value":"//button[@data-kt=\"addNewYardOverflowToolbarButton\"]"}
RESULT: {"using":"xpath","value":"//button[@data-kt=\"addNewYardOverflowToolbarButton\"]"}
COMMAND: POST /session/a8b4babba6878e6b6ef73b52bde1d370/execute/sync - {"script":"<script> [8489 bytes]","args":[{"element-6066-11e4-a52e-4f735466cecf":"f.3FF7B4B953F26D70078332F938F6BF9A.d.9A622F11E9F9FF83270A147675D67888.e.3370","ELEMENT":"f.3FF7B4B953F26D70078332F938F6BF9A.d.9A622F11E9F9FF83270A147675D67888.e.3370"}]}
RESULT: {"script":"<script> [8489 bytes]","args":[{"element-6066-11e4-a52e-4f735466cecf":"f.3FF7B4B953F26D70078332F938F6BF9A.d.9A622F11E9F9FF83270A147675D67888.e.3370","ELEMENT":"f.3FF7B4B953F26D70078332F938F6BF9A.d.9A622F11E9F9FF83270A147675D67888.e.3370"}]}
COMMAND: GET /session/a8b4babba6878e6b6ef73b52bde1d370/element/f.3FF7B4B953F26D70078332F938F6BF9A.d.9A622F11E9F9FF83270A147675D67888.e.3370/enabled - {}
COMMAND: GET /session/a8b4babba6878e6b6ef73b52bde1d370/screenshot - {}
RESULT: {}
COMMAND: POST /session/a8b4babba6878e6b6ef73b52bde1d370/execute/sync - {"script":"<script> [8489 bytes]","args":[{"element-6066-11e4-a52e-4f735466cecf":"f.3FF7B4B953F26D70078332F938F6BF9A.d.9A622F11E9F9FF83270A147675D67888.e.3370","ELEMENT":"f.3FF7B4B953F26D70078332F938F6BF9A.d.9A622F11E9F9FF83270A147675D67888.e.3370"}]}
COMMAND: GET /session/a8b4babba6878e6b6ef73b52bde1d370/screenshot - {}
RESULT: {}
RESULT: {"script":"<script> [8489 bytes]","args":[{"element-6066-11e4-a52e-4f735466cecf":"f.3FF7B4B953F26D70078332F938F6BF9A.d.9A622F11E9F9FF83270A147675D67888.e.3370","ELEMENT":"f.3FF7B4B953F26D70078332F938F6BF9A.d.9A622F11E9F9FF83270A147675D67888.e.3370"}]}
COMMAND: POST /session/a8b4babba6878e6b6ef73b52bde1d370/execute/sync - {"script":"<script> [5351 bytes]","args":[{"element-6066-11e4-a52e-4f735466cecf":"f.3FF7B4B953F26D70078332F938F6BF9A.d.9A622F11E9F9FF83270A147675D67888.e.3370","ELEMENT":"f.3FF7B4B953F26D70078332F938F6BF9A.d.9A622F11E9F9FF83270A147675D67888.e.3370"}]}
COMMAND: GET /session/a8b4babba6878e6b6ef73b52bde1d370/screenshot - {}
RESULT: {}
RESULT: {"script":"<script> [5351 bytes]","args":[{"element-6066-11e4-a52e-4f735466cecf":"f.3FF7B4B953F26D70078332F938F6BF9A.d.9A622F11E9F9FF83270A147675D67888.e.3370","ELEMENT":"f.3FF7B4B953F26D70078332F938F6BF9A.d.9A622F11E9F9FF83270A147675D67888.e.3370"}]}
COMMAND: POST /session/a8b4babba6878e6b6ef73b52bde1d370/element/f.3FF7B4B953F26D70078332F938F6BF9A.d.9A622F11E9F9FF83270A147675D67888.e.3370/click - {}
COMMAND: GET /session/a8b4babba6878e6b6ef73b52bde1d370/screenshot - {}
RESULT: {}
RESULT: {}
COMMAND: GET /session/a8b4babba6878e6b6ef73b52bde1d370/screenshot - {}
RESULT: {}
COMMAND: POST /session/a8b4babba6878e6b6ef73b52bde1d370/element - {"using":"xpath","value":"//input[@id=\"application-manageyards-display-component---NewYard--yardId-inner\"]"}
RESULT: {}
RESULT: {"using":"xpath","value":"//input[@id=\"application-manageyards-display-component---NewYard--yardId-inner\"]"}
COMMAND: POST /session/a8b4babba6878e6b6ef73b52bde1d370/element - {"using":"xpath","value":"//input[@id=\"application-manageyards-display-component---NewYard--yardId-inner\"]"}
RESULT: {"using":"xpath","value":"//input[@id=\"application-manageyards-display-component---NewYard--yardId-inner\"]"}
COMMAND: POST /session/a8b4babba6878e6b6ef73b52bde1d370/execute/async - {"script":"<script> [1562 bytes]","args":[{"selector":{"id":"application-manageyards-display-component---NewYard--addressDetailDetailsName1","interaction":{"idSuffix":"inner"}},"wdio_ui5_key":"applicationmanageyards-display-component---NewYard--addressDetailDetailsName1"}]}
RESULT: {"script":"<script> [1562 bytes]","args":[{"selector":{"id":"application-manageyards-display-component---NewYard--addressDetailDetailsName1","interaction":{"idSuffix":"inner"}},"wdio_ui5_key":"applicationmanageyards-display-component---NewYard--addressDetailDetailsName1"}]}
RESULT: undefined
COMMAND: POST /session/a8b4babba6878e6b6ef73b52bde1d370/execute/async - {"script":"<script> [776 bytes]","args":[{"enterText":"Intracompany Yard wdIO","selector":{"id":"application-manageyards-display-component---NewYard--addressDetailDetailsName1","interaction":{"idSuffix":"inner"}},"clearTextFirst":true,"interactionType":"ENTER_TEXT"}]}
RESULT: {"script":"<script> [776 bytes]","args":[{"enterText":"Intracompany Yard wdIO","selector":{"id":"application-manageyards-display-component---NewYard--addressDetailDetailsName1","interaction":{"idSuffix":"inner"}},"clearTextFirst":true,"interactionType":"ENTER_TEXT"}]}
COMMAND: POST /session/a8b4babba6878e6b6ef73b52bde1d370/execute/async - {"script":"<script> [1562 bytes]","args":[{"selector":{"id":"application-manageyards-display-component---NewYard--addressDetailDetailsLanguage-arrow"},"wdio_ui5_key":"applicationmanageyards-display-component---NewYard--addressDetailDetailsLanguage-arrow"}]}
RESULT: {"script":"<script> [1562 bytes]","args":[{"selector":{"id":"application-manageyards-display-component---NewYard--addressDetailDetailsLanguage-arrow"},"wdio_ui5_key":"applicationmanageyards-display-component---NewYard--addressDetailDetailsLanguage-arrow"}]}
RESULT: undefined
COMMAND: POST /session/a8b4babba6878e6b6ef73b52bde1d370/element - {"using":"xpath","value":"//*[@id=\"application-manageyards-display-component---NewYard--addressDetailDetailsLanguage-arrow\"]"}
RESULT: {"using":"xpath","value":"//*[@id=\"application-manageyards-display-component---NewYard--addressDetailDetailsLanguage-arrow\"]"}
COMMAND: POST /session/a8b4babba6878e6b6ef73b52bde1d370/element/f.3FF7B4B953F26D70078332F938F6BF9A.d.9A622F11E9F9FF83270A147675D67888.e.3810/click - {}
RESULT: {}
COMMAND: POST /session/a8b4babba6878e6b6ef73b52bde1d370/element - {"using":"xpath","value":"//span[contains(text(), \"English\")]"}
COMMAND: GET /session/a8b4babba6878e6b6ef73b52bde1d370/screenshot - {}
RESULT: {"using":"xpath","value":"//span[contains(text(), \"English\")]"}
COMMAND: POST /session/a8b4babba6878e6b6ef73b52bde1d370/element/f.3FF7B4B953F26D70078332F938F6BF9A.d.9A622F11E9F9FF83270A147675D67888.e.3811/click - {}
RESULT: {}
RESULT: {}
COMMAND: POST /session/a8b4babba6878e6b6ef73b52bde1d370/execute/async - {"script":"<script> [1562 bytes]","args":[{"selector":{"id":"application-manageyards-display-component---NewYard--addressDetailDetailsCity1","interaction":{"idSuffix":"inner"}},"wdio_ui5_key":"applicationmanageyards-display-component---NewYard--addressDetailDetailsCity1"}]}
COMMAND: GET /session/a8b4babba6878e6b6ef73b52bde1d370/screenshot - {}
RESULT: {"script":"<script> [1562 bytes]","args":[{"selector":{"id":"application-manageyards-display-component---NewYard--addressDetailDetailsCity1","interaction":{"idSuffix":"inner"}},"wdio_ui5_key":"applicationmanageyards-display-component---NewYard--addressDetailDetailsCity1"}]}
RESULT: undefined
COMMAND: POST /session/a8b4babba6878e6b6ef73b52bde1d370/execute/async - {"script":"<script> [776 bytes]","args":[{"enterText":"Rosario","selector":{"id":"application-manageyards-display-component---NewYard--addressDetailDetailsCity1","interaction":{"idSuffix":"inner"}},"clearTextFirst":true,"interactionType":"ENTER_TEXT"}]}
RESULT: {}
RESULT: {"script":"<script> [776 bytes]","args":[{"enterText":"Rosario","selector":{"id":"application-manageyards-display-component---NewYard--addressDetailDetailsCity1","interaction":{"idSuffix":"inner"}},"clearTextFirst":true,"interactionType":"ENTER_TEXT"}]}
COMMAND: POST /session/a8b4babba6878e6b6ef73b52bde1d370/execute/async - {"script":"<script> [1562 bytes]","args":[{"selector":{"id":"application-manageyards-display-component---NewYard--addressDetailDetailsCountry-arrow"},"wdio_ui5_key":"applicationmanageyards-display-component---NewYard--addressDetailDetailsCountry-arrow"}]}
RESULT: {"script":"<script> [1562 bytes]","args":[{"selector":{"id":"application-manageyards-display-component---NewYard--addressDetailDetailsCountry-arrow"},"wdio_ui5_key":"applicationmanageyards-display-component---NewYard--addressDetailDetailsCountry-arrow"}]}
RESULT: undefined
COMMAND: POST /session/a8b4babba6878e6b6ef73b52bde1d370/element - {"using":"xpath","value":"//*[@id=\"application-manageyards-display-component---NewYard--addressDetailDetailsCountry-arrow\"]"}
RESULT: {"using":"xpath","value":"//*[@id=\"application-manageyards-display-component---NewYard--addressDetailDetailsCountry-arrow\"]"}
COMMAND: POST /session/a8b4babba6878e6b6ef73b52bde1d370/element/f.3FF7B4B953F26D70078332F938F6BF9A.d.9A622F11E9F9FF83270A147675D67888.e.3813/click - {}
RESULT: {}
COMMAND: POST /session/a8b4babba6878e6b6ef73b52bde1d370/element - {"using":"xpath","value":"//span[contains(text(), \"Argentina\")]"}
COMMAND: GET /session/a8b4babba6878e6b6ef73b52bde1d370/screenshot - {}
RESULT: {"using":"xpath","value":"//span[contains(text(), \"Argentina\")]"}
COMMAND: POST /session/a8b4babba6878e6b6ef73b52bde1d370/element/f.3FF7B4B953F26D70078332F938F6BF9A.d.9A622F11E9F9FF83270A147675D67888.e.3815/click - {}
RESULT: {}
RESULT: {}
COMMAND: POST /session/a8b4babba6878e6b6ef73b52bde1d370/execute/async - {"script":"<script> [1562 bytes]","args":[{"selector":{"id":"application-manageyards-display-component---NewYard--addressEditDetailsCostObjectCstType-arrow"},"wdio_ui5_key":"applicationmanageyards-display-component---NewYard--addressEditDetailsCostObjectCstType-arrow"}]}
COMMAND: GET /session/a8b4babba6878e6b6ef73b52bde1d370/screenshot - {}
RESULT: {"script":"<script> [1562 bytes]","args":[{"selector":{"id":"application-manageyards-display-component---NewYard--addressEditDetailsCostObjectCstType-arrow"},"wdio_ui5_key":"applicationmanageyards-display-component---NewYard--addressEditDetailsCostObjectCstType-arrow"}]}
RESULT: undefined
COMMAND: POST /session/a8b4babba6878e6b6ef73b52bde1d370/element - {"using":"xpath","value":"//*[@id=\"application-manageyards-display-component---NewYard--addressEditDetailsCostObjectCstType-arrow\"]"}
RESULT: {}
RESULT: {"using":"xpath","value":"//*[@id=\"application-manageyards-display-component---NewYard--addressEditDetailsCostObjectCstType-arrow\"]"}
COMMAND: POST /session/a8b4babba6878e6b6ef73b52bde1d370/element/f.3FF7B4B953F26D70078332F938F6BF9A.d.9A622F11E9F9FF83270A147675D67888.e.3816/click - {}
RESULT: {}
COMMAND: POST /session/a8b4babba6878e6b6ef73b52bde1d370/element - {"using":"xpath","value":"//span[contains(text(), \"Cost Center\")]"}
COMMAND: GET /session/a8b4babba6878e6b6ef73b52bde1d370/screenshot - {}
RESULT: {"using":"xpath","value":"//span[contains(text(), \"Cost Center\")]"}
COMMAND: POST /session/a8b4babba6878e6b6ef73b52bde1d370/element/f.3FF7B4B953F26D70078332F938F6BF9A.d.9A622F11E9F9FF83270A147675D67888.e.3817/click - {}
RESULT: {}
RESULT: {}
COMMAND: GET /session/a8b4babba6878e6b6ef73b52bde1d370/screenshot - {}
RESULT: {}
COMMAND: POST /session/a8b4babba6878e6b6ef73b52bde1d370/element - {"using":"xpath","value":"//span[@id=\"application-manageyards-display-component---NewYard--addressNewCostObjectCstID-vhi\"]"}
RESULT: {"using":"xpath","value":"//span[@id=\"application-manageyards-display-component---NewYard--addressNewCostObjectCstID-vhi\"]"}
COMMAND: POST /session/a8b4babba6878e6b6ef73b52bde1d370/execute/sync - {"script":"<script> [8489 bytes]","args":[{"element-6066-11e4-a52e-4f735466cecf":"f.3FF7B4B953F26D70078332F938F6BF9A.d.9A622F11E9F9FF83270A147675D67888.e.3821","ELEMENT":"f.3FF7B4B953F26D70078332F938F6BF9A.d.9A622F11E9F9FF83270A147675D67888.e.3821"}]}
RESULT: {"script":"<script> [8489 bytes]","args":[{"element-6066-11e4-a52e-4f735466cecf":"f.3FF7B4B953F26D70078332F938F6BF9A.d.9A622F11E9F9FF83270A147675D67888.e.3821","ELEMENT":"f.3FF7B4B953F26D70078332F938F6BF9A.d.9A622F11E9F9FF83270A147675D67888.e.3821"}]}
COMMAND: POST /session/a8b4babba6878e6b6ef73b52bde1d370/execute/async - {"script":"<script> [1562 bytes]","args":[{"selector":{"id":"application-manageyards-display-component---NewYard--addressNewCostObjectCstID-vhi"},"wdio_ui5_key":"applicationmanageyards-display-component---NewYard--addressNewCostObjectCstID-vhi"}]}
COMMAND: GET /session/a8b4babba6878e6b6ef73b52bde1d370/screenshot - {}
RESULT: {"script":"<script> [1562 bytes]","args":[{"selector":{"id":"application-manageyards-display-component---NewYard--addressNewCostObjectCstID-vhi"},"wdio_ui5_key":"applicationmanageyards-display-component---NewYard--addressNewCostObjectCstID-vhi"}]}
RESULT: undefined
COMMAND: POST /session/a8b4babba6878e6b6ef73b52bde1d370/element - {"using":"xpath","value":"//*[@id=\"application-manageyards-display-component---NewYard--addressNewCostObjectCstID-vhi\"]"}
RESULT: {}
RESULT: {"using":"xpath","value":"//*[@id=\"application-manageyards-display-component---NewYard--addressNewCostObjectCstID-vhi\"]"}
COMMAND: POST /session/a8b4babba6878e6b6ef73b52bde1d370/element/f.3FF7B4B953F26D70078332F938F6BF9A.d.9A622F11E9F9FF83270A147675D67888.e.3821/click - {}
RESULT: {}
COMMAND: GET /session/a8b4babba6878e6b6ef73b52bde1d370/screenshot - {}
RESULT: {}
COMMAND: POST /session/a8b4babba6878e6b6ef73b52bde1d370/execute/async - {"script":"<script> [1562 bytes]","args":[{"selector":{"controlType":"sap.m.SearchField","properties":{"placeholder":"Search"},"searchOpenDialogs":true,"interaction":{"idSuffix":"I"}},"wdio_ui5_key":"sapm.SearchField{\"placeholder\":\"Search\"}"}]}
RESULT: {"script":"<script> [1562 bytes]","args":[{"selector":{"controlType":"sap.m.SearchField","properties":{"placeholder":"Search"},"searchOpenDialogs":true,"interaction":{"idSuffix":"I"}},"wdio_ui5_key":"sapm.SearchField{\"placeholder\":\"Search\"}"}]}
RESULT: undefined
COMMAND: POST /session/a8b4babba6878e6b6ef73b52bde1d370/execute/async - {"script":"<script> [776 bytes]","args":[{"enterText":"10001013","selector":{"controlType":"sap.m.SearchField","properties":{"placeholder":"Search"},"searchOpenDialogs":true,"interaction":{"idSuffix":"I"}},"clearTextFirst":true,"interactionType":"ENTER_TEXT"}]}
RESULT: {"script":"<script> [776 bytes]","args":[{"enterText":"10001013","selector":{"controlType":"sap.m.SearchField","properties":{"placeholder":"Search"},"searchOpenDialogs":true,"interaction":{"idSuffix":"I"}},"clearTextFirst":true,"interactionType":"ENTER_TEXT"}]}
COMMAND: POST /session/a8b4babba6878e6b6ef73b52bde1d370/actions - {"actions":[{"id":"action11","type":"key","parameters":{},"actions":[{"type":"keyDown","value":"î€‡"},{"type":"pause","duration":10},{"type":"keyUp","value":"î€‡"}]}]}
RESULT: {"actions":[{"id":"action11","type":"key","parameters":{},"actions":[{"type":"keyDown","value":"î€‡"},{"type":"pause","duration":10},{"type":"keyUp","value":"î€‡"}]}]}
COMMAND: GET /session/a8b4babba6878e6b6ef73b52bde1d370/screenshot - {}
RESULT: {}
COMMAND: POST /session/a8b4babba6878e6b6ef73b52bde1d370/element - {"using":"xpath","value":"//span[contains(text(), \"General Management\")]"}
RESULT: {"using":"xpath","value":"//span[contains(text(), \"General Management\")]"}
COMMAND: POST /session/a8b4babba6878e6b6ef73b52bde1d370/element/f.3FF7B4B953F26D70078332F938F6BF9A.d.9A622F11E9F9FF83270A147675D67888.e.3861/click - {}
RESULT: {}
COMMAND: GET /session/a8b4babba6878e6b6ef73b52bde1d370/screenshot - {}
RESULT: {}
COMMAND: POST /session/a8b4babba6878e6b6ef73b52bde1d370/element - {"using":"xpath","value":"//bdi[contains(text(), \"OK\")]"}
RESULT: {"using":"xpath","value":"//bdi[contains(text(), \"OK\")]"}
COMMAND: POST /session/a8b4babba6878e6b6ef73b52bde1d370/element/f.3FF7B4B953F26D70078332F938F6BF9A.d.9A622F11E9F9FF83270A147675D67888.e.3862/click - {}
RESULT: {}
COMMAND: GET /session/a8b4babba6878e6b6ef73b52bde1d370/screenshot - {}
RESULT: {}
COMMAND: POST /session/a8b4babba6878e6b6ef73b52bde1d370/execute/async - {"script":"<script> [1562 bytes]","args":[{"selector":{"id":"application-manageyards-display-component---NewYard--addressEditDetailsCurrency-arrow"},"wdio_ui5_key":"applicationmanageyards-display-component---NewYard--addressEditDetailsCurrency-arrow"}]}
RESULT: {"script":"<script> [1562 bytes]","args":[{"selector":{"id":"application-manageyards-display-component---NewYard--addressEditDetailsCurrency-arrow"},"wdio_ui5_key":"applicationmanageyards-display-component---NewYard--addressEditDetailsCurrency-arrow"}]}
RESULT: undefined
COMMAND: POST /session/a8b4babba6878e6b6ef73b52bde1d370/element - {"using":"xpath","value":"//*[@id=\"application-manageyards-display-component---NewYard--addressEditDetailsCurrency-arrow\"]"}
RESULT: {"using":"xpath","value":"//*[@id=\"application-manageyards-display-component---NewYard--addressEditDetailsCurrency-arrow\"]"}
COMMAND: POST /session/a8b4babba6878e6b6ef73b52bde1d370/element/f.3FF7B4B953F26D70078332F938F6BF9A.d.9A622F11E9F9FF83270A147675D67888.e.3865/click - {}
RESULT: {}
COMMAND: POST /session/a8b4babba6878e6b6ef73b52bde1d370/element - {"using":"xpath","value":"//span[contains(text(), \"Euro\")]"}
COMMAND: GET /session/a8b4babba6878e6b6ef73b52bde1d370/screenshot - {}
RESULT: {"using":"xpath","value":"//span[contains(text(), \"Euro\")]"}
COMMAND: POST /session/a8b4babba6878e6b6ef73b52bde1d370/element/f.3FF7B4B953F26D70078332F938F6BF9A.d.9A622F11E9F9FF83270A147675D67888.e.3866/click - {}
RESULT: {}
RESULT: {}
COMMAND: POST /session/a8b4babba6878e6b6ef73b52bde1d370/execute/async - {"script":"<script> [1562 bytes]","args":[{"selector":{"controlType":"sap.m.Input","viewName":"etm.portal.ui.manageyards.view.New","viewId":"application-manageyards-display-component---NewYard","bindingPath":{"path":"","propertyPath":"/CONTROLLING_AREA","modelName":"NewYardModel"},"interaction":{"idSuffix":"inner"}},"wdio_ui5_key":"etmportal.ui.manageyards.view.Newsap.m.Input{\"path\":\"\",\"propertyPath\":\"/CONTROLLING_AREA\",\"modelName\":\"NewYardModel\"}"}]}
COMMAND: GET /session/a8b4babba6878e6b6ef73b52bde1d370/screenshot - {}
RESULT: {"script":"<script> [1562 bytes]","args":[{"selector":{"controlType":"sap.m.Input","viewName":"etm.portal.ui.manageyards.view.New","viewId":"application-manageyards-display-component---NewYard","bindingPath":{"path":"","propertyPath":"/CONTROLLING_AREA","modelName":"NewYardModel"},"interaction":{"idSuffix":"inner"}},"wdio_ui5_key":"etmportal.ui.manageyards.view.Newsap.m.Input{\"path\":\"\",\"propertyPath\":\"/CONTROLLING_AREA\",\"modelName\":\"NewYardModel\"}"}]}
RESULT: undefined
COMMAND: POST /session/a8b4babba6878e6b6ef73b52bde1d370/execute/async - {"script":"<script> [776 bytes]","args":[{"enterText":"Z001","selector":{"controlType":"sap.m.Input","viewName":"etm.portal.ui.manageyards.view.New","viewId":"application-manageyards-display-component---NewYard","bindingPath":{"path":"","propertyPath":"/CONTROLLING_AREA","modelName":"NewYardModel"},"interaction":{"idSuffix":"inner"}},"clearTextFirst":true,"interactionType":"ENTER_TEXT"}]}
RESULT: {}
RESULT: {"script":"<script> [776 bytes]","args":[{"enterText":"Z001","selector":{"controlType":"sap.m.Input","viewName":"etm.portal.ui.manageyards.view.New","viewId":"application-manageyards-display-component---NewYard","bindingPath":{"path":"","propertyPath":"/CONTROLLING_AREA","modelName":"NewYardModel"},"interaction":{"idSuffix":"inner"}},"clearTextFirst":true,"interactionType":"ENTER_TEXT"}]}
COMMAND: POST /session/a8b4babba6878e6b6ef73b52bde1d370/execute/async - {"script":"<script> [1562 bytes]","args":[{"selector":{"id":"application-manageyards-display-component---NewYard--companyCodeComboBox","interaction":{"idSuffix":"inner"}},"wdio_ui5_key":"applicationmanageyards-display-component---NewYard--companyCodeComboBox"}]}
RESULT: {"script":"<script> [1562 bytes]","args":[{"selector":{"id":"application-manageyards-display-component---NewYard--companyCodeComboBox","interaction":{"idSuffix":"inner"}},"wdio_ui5_key":"applicationmanageyards-display-component---NewYard--companyCodeComboBox"}]}
RESULT: undefined
COMMAND: POST /session/a8b4babba6878e6b6ef73b52bde1d370/execute/async - {"script":"<script> [776 bytes]","args":[{"enterText":"1000","selector":{"id":"application-manageyards-display-component---NewYard--companyCodeComboBox","interaction":{"idSuffix":"inner"}},"clearTextFirst":true,"interactionType":"ENTER_TEXT"}]}
RESULT: {"script":"<script> [776 bytes]","args":[{"enterText":"1000","selector":{"id":"application-manageyards-display-component---NewYard--companyCodeComboBox","interaction":{"idSuffix":"inner"}},"clearTextFirst":true,"interactionType":"ENTER_TEXT"}]}
COMMAND: POST /session/a8b4babba6878e6b6ef73b52bde1d370/execute/async - {"script":"<script> [1562 bytes]","args":[{"selector":{"controlType":"sap.m.Input","viewName":"etm.portal.ui.manageyards.view.New","viewId":"application-manageyards-display-component---NewYard","bindingPath":{"path":"","propertyPath":"/PLANT","modelName":"NewYardModel"},"interaction":{"idSuffix":"inner"}},"wdio_ui5_key":"etmportal.ui.manageyards.view.Newsap.m.Input{\"path\":\"\",\"propertyPath\":\"/PLANT\",\"modelName\":\"NewYardModel\"}"}]}
RESULT: {"script":"<script> [1562 bytes]","args":[{"selector":{"controlType":"sap.m.Input","viewName":"etm.portal.ui.manageyards.view.New","viewId":"application-manageyards-display-component---NewYard","bindingPath":{"path":"","propertyPath":"/PLANT","modelName":"NewYardModel"},"interaction":{"idSuffix":"inner"}},"wdio_ui5_key":"etmportal.ui.manageyards.view.Newsap.m.Input{\"path\":\"\",\"propertyPath\":\"/PLANT\",\"modelName\":\"NewYardModel\"}"}]}
RESULT: undefined
COMMAND: POST /session/a8b4babba6878e6b6ef73b52bde1d370/execute/async - {"script":"<script> [776 bytes]","args":[{"enterText":"1001","selector":{"controlType":"sap.m.Input","viewName":"etm.portal.ui.manageyards.view.New","viewId":"application-manageyards-display-component---NewYard","bindingPath":{"path":"","propertyPath":"/PLANT","modelName":"NewYardModel"},"interaction":{"idSuffix":"inner"}},"clearTextFirst":true,"interactionType":"ENTER_TEXT"}]}
RESULT: {"script":"<script> [776 bytes]","args":[{"enterText":"1001","selector":{"controlType":"sap.m.Input","viewName":"etm.portal.ui.manageyards.view.New","viewId":"application-manageyards-display-component---NewYard","bindingPath":{"path":"","propertyPath":"/PLANT","modelName":"NewYardModel"},"interaction":{"idSuffix":"inner"}},"clearTextFirst":true,"interactionType":"ENTER_TEXT"}]}
COMMAND: POST /session/a8b4babba6878e6b6ef73b52bde1d370/execute/async - {"script":"<script> [1562 bytes]","args":[{"selector":{"controlType":"sap.m.Input","viewName":"etm.portal.ui.manageyards.view.New","viewId":"application-manageyards-display-component---NewYard","bindingPath":{"path":"","propertyPath":"/SALES_AREA_VKORG","modelName":"NewYardModel"},"interaction":{"idSuffix":"inner"}},"wdio_ui5_key":"etmportal.ui.manageyards.view.Newsap.m.Input{\"path\":\"\",\"propertyPath\":\"/SALES_AREA_VKORG\",\"modelName\":\"NewYardModel\"}"}]}
RESULT: {"script":"<script> [1562 bytes]","args":[{"selector":{"controlType":"sap.m.Input","viewName":"etm.portal.ui.manageyards.view.New","viewId":"application-manageyards-display-component---NewYard","bindingPath":{"path":"","propertyPath":"/SALES_AREA_VKORG","modelName":"NewYardModel"},"interaction":{"idSuffix":"inner"}},"wdio_ui5_key":"etmportal.ui.manageyards.view.Newsap.m.Input{\"path\":\"\",\"propertyPath\":\"/SALES_AREA_VKORG\",\"modelName\":\"NewYardModel\"}"}]}
RESULT: undefined
COMMAND: POST /session/a8b4babba6878e6b6ef73b52bde1d370/execute/async - {"script":"<script> [776 bytes]","args":[{"enterText":"C002","selector":{"controlType":"sap.m.Input","viewName":"etm.portal.ui.manageyards.view.New","viewId":"application-manageyards-display-component---NewYard","bindingPath":{"path":"","propertyPath":"/SALES_AREA_VKORG","modelName":"NewYardModel"},"interaction":{"idSuffix":"inner"}},"clearTextFirst":true,"interactionType":"ENTER_TEXT"}]}
RESULT: {"script":"<script> [776 bytes]","args":[{"enterText":"C002","selector":{"controlType":"sap.m.Input","viewName":"etm.portal.ui.manageyards.view.New","viewId":"application-manageyards-display-component---NewYard","bindingPath":{"path":"","propertyPath":"/SALES_AREA_VKORG","modelName":"NewYardModel"},"interaction":{"idSuffix":"inner"}},"clearTextFirst":true,"interactionType":"ENTER_TEXT"}]}
COMMAND: POST /session/a8b4babba6878e6b6ef73b52bde1d370/execute/async - {"script":"<script> [1562 bytes]","args":[{"selector":{"controlType":"sap.m.Input","viewName":"etm.portal.ui.manageyards.view.New","viewId":"application-manageyards-display-component---NewYard","bindingPath":{"path":"","propertyPath":"/SALES_AREA_VTWEG","modelName":"NewYardModel"},"interaction":{"idSuffix":"inner"}},"wdio_ui5_key":"etmportal.ui.manageyards.view.Newsap.m.Input{\"path\":\"\",\"propertyPath\":\"/SALES_AREA_VTWEG\",\"modelName\":\"NewYardModel\"}"}]}
RESULT: {"script":"<script> [1562 bytes]","args":[{"selector":{"controlType":"sap.m.Input","viewName":"etm.portal.ui.manageyards.view.New","viewId":"application-manageyards-display-component---NewYard","bindingPath":{"path":"","propertyPath":"/SALES_AREA_VTWEG","modelName":"NewYardModel"},"interaction":{"idSuffix":"inner"}},"wdio_ui5_key":"etmportal.ui.manageyards.view.Newsap.m.Input{\"path\":\"\",\"propertyPath\":\"/SALES_AREA_VTWEG\",\"modelName\":\"NewYardModel\"}"}]}
RESULT: undefined
COMMAND: POST /session/a8b4babba6878e6b6ef73b52bde1d370/execute/async - {"script":"<script> [776 bytes]","args":[{"enterText":"C2","selector":{"controlType":"sap.m.Input","viewName":"etm.portal.ui.manageyards.view.New","viewId":"application-manageyards-display-component---NewYard","bindingPath":{"path":"","propertyPath":"/SALES_AREA_VTWEG","modelName":"NewYardModel"},"interaction":{"idSuffix":"inner"}},"clearTextFirst":true,"interactionType":"ENTER_TEXT"}]}
RESULT: {"script":"<script> [776 bytes]","args":[{"enterText":"C2","selector":{"controlType":"sap.m.Input","viewName":"etm.portal.ui.manageyards.view.New","viewId":"application-manageyards-display-component---NewYard","bindingPath":{"path":"","propertyPath":"/SALES_AREA_VTWEG","modelName":"NewYardModel"},"interaction":{"idSuffix":"inner"}},"clearTextFirst":true,"interactionType":"ENTER_TEXT"}]}
COMMAND: POST /session/a8b4babba6878e6b6ef73b52bde1d370/execute/async - {"script":"<script> [1562 bytes]","args":[{"selector":{"controlType":"sap.m.Input","viewName":"etm.portal.ui.manageyards.view.New","viewId":"application-manageyards-display-component---NewYard","bindingPath":{"path":"","propertyPath":"/SALES_AREA_SPART","modelName":"NewYardModel"},"interaction":{"idSuffix":"inner"}},"wdio_ui5_key":"etmportal.ui.manageyards.view.Newsap.m.Input{\"path\":\"\",\"propertyPath\":\"/SALES_AREA_SPART\",\"modelName\":\"NewYardModel\"}"}]}
RESULT: {"script":"<script> [1562 bytes]","args":[{"selector":{"controlType":"sap.m.Input","viewName":"etm.portal.ui.manageyards.view.New","viewId":"application-manageyards-display-component---NewYard","bindingPath":{"path":"","propertyPath":"/SALES_AREA_SPART","modelName":"NewYardModel"},"interaction":{"idSuffix":"inner"}},"wdio_ui5_key":"etmportal.ui.manageyards.view.Newsap.m.Input{\"path\":\"\",\"propertyPath\":\"/SALES_AREA_SPART\",\"modelName\":\"NewYardModel\"}"}]}
RESULT: undefined
COMMAND: POST /session/a8b4babba6878e6b6ef73b52bde1d370/execute/async - {"script":"<script> [776 bytes]","args":[{"enterText":"C2","selector":{"controlType":"sap.m.Input","viewName":"etm.portal.ui.manageyards.view.New","viewId":"application-manageyards-display-component---NewYard","bindingPath":{"path":"","propertyPath":"/SALES_AREA_SPART","modelName":"NewYardModel"},"interaction":{"idSuffix":"inner"}},"clearTextFirst":true,"interactionType":"ENTER_TEXT"}]}
RESULT: {"script":"<script> [776 bytes]","args":[{"enterText":"C2","selector":{"controlType":"sap.m.Input","viewName":"etm.portal.ui.manageyards.view.New","viewId":"application-manageyards-display-component---NewYard","bindingPath":{"path":"","propertyPath":"/SALES_AREA_SPART","modelName":"NewYardModel"},"interaction":{"idSuffix":"inner"}},"clearTextFirst":true,"interactionType":"ENTER_TEXT"}]}
COMMAND: POST /session/a8b4babba6878e6b6ef73b52bde1d370/execute/async - {"script":"<script> [1562 bytes]","args":[{"selector":{"controlType":"sap.m.Input","viewName":"etm.portal.ui.manageyards.view.New","viewId":"application-manageyards-display-component---NewYard","bindingPath":{"path":"","propertyPath":"/SHIP_POINT","modelName":"NewYardModel"},"interaction":{"idSuffix":"inner"}},"wdio_ui5_key":"etmportal.ui.manageyards.view.Newsap.m.Input{\"path\":\"\",\"propertyPath\":\"/SHIP_POINT\",\"modelName\":\"NewYardModel\"}"}]}
RESULT: {"script":"<script> [1562 bytes]","args":[{"selector":{"controlType":"sap.m.Input","viewName":"etm.portal.ui.manageyards.view.New","viewId":"application-manageyards-display-component---NewYard","bindingPath":{"path":"","propertyPath":"/SHIP_POINT","modelName":"NewYardModel"},"interaction":{"idSuffix":"inner"}},"wdio_ui5_key":"etmportal.ui.manageyards.view.Newsap.m.Input{\"path\":\"\",\"propertyPath\":\"/SHIP_POINT\",\"modelName\":\"NewYardModel\"}"}]}
RESULT: undefined
COMMAND: POST /session/a8b4babba6878e6b6ef73b52bde1d370/execute/async - {"script":"<script> [776 bytes]","args":[{"enterText":"1710","selector":{"controlType":"sap.m.Input","viewName":"etm.portal.ui.manageyards.view.New","viewId":"application-manageyards-display-component---NewYard","bindingPath":{"path":"","propertyPath":"/SHIP_POINT","modelName":"NewYardModel"},"interaction":{"idSuffix":"inner"}},"clearTextFirst":true,"interactionType":"ENTER_TEXT"}]}
RESULT: {"script":"<script> [776 bytes]","args":[{"enterText":"1710","selector":{"controlType":"sap.m.Input","viewName":"etm.portal.ui.manageyards.view.New","viewId":"application-manageyards-display-component---NewYard","bindingPath":{"path":"","propertyPath":"/SHIP_POINT","modelName":"NewYardModel"},"interaction":{"idSuffix":"inner"}},"clearTextFirst":true,"interactionType":"ENTER_TEXT"}]}
COMMAND: POST /session/a8b4babba6878e6b6ef73b52bde1d370/execute/async - {"script":"<script> [1562 bytes]","args":[{"selector":{"controlType":"sap.m.Input","viewName":"etm.portal.ui.manageyards.view.New","viewId":"application-manageyards-display-component---NewYard","bindingPath":{"path":"","propertyPath":"/DELIVERY_TYPE","modelName":"NewYardModel"},"interaction":{"idSuffix":"inner"}},"wdio_ui5_key":"etmportal.ui.manageyards.view.Newsap.m.Input{\"path\":\"\",\"propertyPath\":\"/DELIVERY_TYPE\",\"modelName\":\"NewYardModel\"}"}]}
RESULT: {"script":"<script> [1562 bytes]","args":[{"selector":{"controlType":"sap.m.Input","viewName":"etm.portal.ui.manageyards.view.New","viewId":"application-manageyards-display-component---NewYard","bindingPath":{"path":"","propertyPath":"/DELIVERY_TYPE","modelName":"NewYardModel"},"interaction":{"idSuffix":"inner"}},"wdio_ui5_key":"etmportal.ui.manageyards.view.Newsap.m.Input{\"path\":\"\",\"propertyPath\":\"/DELIVERY_TYPE\",\"modelName\":\"NewYardModel\"}"}]}
RESULT: undefined
COMMAND: POST /session/a8b4babba6878e6b6ef73b52bde1d370/execute/async - {"script":"<script> [776 bytes]","args":[{"enterText":"ZL01","selector":{"controlType":"sap.m.Input","viewName":"etm.portal.ui.manageyards.view.New","viewId":"application-manageyards-display-component---NewYard","bindingPath":{"path":"","propertyPath":"/DELIVERY_TYPE","modelName":"NewYardModel"},"interaction":{"idSuffix":"inner"}},"clearTextFirst":true,"interactionType":"ENTER_TEXT"}]}
RESULT: {"script":"<script> [776 bytes]","args":[{"enterText":"ZL01","selector":{"controlType":"sap.m.Input","viewName":"etm.portal.ui.manageyards.view.New","viewId":"application-manageyards-display-component---NewYard","bindingPath":{"path":"","propertyPath":"/DELIVERY_TYPE","modelName":"NewYardModel"},"interaction":{"idSuffix":"inner"}},"clearTextFirst":true,"interactionType":"ENTER_TEXT"}]}
COMMAND: POST /session/a8b4babba6878e6b6ef73b52bde1d370/execute/async - {"script":"<script> [1562 bytes]","args":[{"selector":{"controlType":"sap.m.Input","viewName":"etm.portal.ui.manageyards.view.New","viewId":"application-manageyards-display-component---NewYard","bindingPath":{"path":"","propertyPath":"/AUART","modelName":"NewYardModel"},"interaction":{"idSuffix":"inner"}},"wdio_ui5_key":"etmportal.ui.manageyards.view.Newsap.m.Input{\"path\":\"\",\"propertyPath\":\"/AUART\",\"modelName\":\"NewYardModel\"}"}]}
RESULT: {"script":"<script> [1562 bytes]","args":[{"selector":{"controlType":"sap.m.Input","viewName":"etm.portal.ui.manageyards.view.New","viewId":"application-manageyards-display-component---NewYard","bindingPath":{"path":"","propertyPath":"/AUART","modelName":"NewYardModel"},"interaction":{"idSuffix":"inner"}},"wdio_ui5_key":"etmportal.ui.manageyards.view.Newsap.m.Input{\"path\":\"\",\"propertyPath\":\"/AUART\",\"modelName\":\"NewYardModel\"}"}]}
RESULT: undefined
COMMAND: POST /session/a8b4babba6878e6b6ef73b52bde1d370/execute/async - {"script":"<script> [776 bytes]","args":[{"enterText":"TA","selector":{"controlType":"sap.m.Input","viewName":"etm.portal.ui.manageyards.view.New","viewId":"application-manageyards-display-component---NewYard","bindingPath":{"path":"","propertyPath":"/AUART","modelName":"NewYardModel"},"interaction":{"idSuffix":"inner"}},"clearTextFirst":true,"interactionType":"ENTER_TEXT"}]}
RESULT: {"script":"<script> [776 bytes]","args":[{"enterText":"TA","selector":{"controlType":"sap.m.Input","viewName":"etm.portal.ui.manageyards.view.New","viewId":"application-manageyards-display-component---NewYard","bindingPath":{"path":"","propertyPath":"/AUART","modelName":"NewYardModel"},"interaction":{"idSuffix":"inner"}},"clearTextFirst":true,"interactionType":"ENTER_TEXT"}]}
COMMAND: POST /session/a8b4babba6878e6b6ef73b52bde1d370/element - {"using":"xpath","value":"//button[@data-kt=\"newYardSaveButton\"]"}
RESULT: {"using":"xpath","value":"//button[@data-kt=\"newYardSaveButton\"]"}
COMMAND: POST /session/a8b4babba6878e6b6ef73b52bde1d370/element/f.3FF7B4B953F26D70078332F938F6BF9A.d.9A622F11E9F9FF83270A147675D67888.e.3793/click - {}
RESULT: {}
COMMAND: GET /session/a8b4babba6878e6b6ef73b52bde1d370/screenshot - {}
RESULT: {}
COMMAND: POST /session/a8b4babba6878e6b6ef73b52bde1d370/element - {"using":"xpath","value":"//header[contains(@id, 'ObjectPageLayout-headerTitle')]/div[1]/div[2]/div[1]/span[1]"}
RESULT: {"using":"xpath","value":"//header[contains(@id, 'ObjectPageLayout-headerTitle')]/div[1]/div[2]/div[1]/span[1]"}
COMMAND: POST /session/a8b4babba6878e6b6ef73b52bde1d370/elements - {"using":"xpath","value":"//header[contains(@id, 'ObjectPageLayout-headerTitle')]/div[1]/div[2]/div[1]/span[1]"}
RESULT: {"using":"xpath","value":"//header[contains(@id, 'ObjectPageLayout-headerTitle')]/div[1]/div[2]/div[1]/span[1]"}
COMMAND: POST /session/a8b4babba6878e6b6ef73b52bde1d370/execute/sync - {"script":"<script> [56 bytes]","args":[{"element-6066-11e4-a52e-4f735466cecf":"f.3FF7B4B953F26D70078332F938F6BF9A.d.9A622F11E9F9FF83270A147675D67888.e.4091","ELEMENT":"f.3FF7B4B953F26D70078332F938F6BF9A.d.9A622F11E9F9FF83270A147675D67888.e.4091"}]}
RESULT: {"script":"<script> [56 bytes]","args":[{"element-6066-11e4-a52e-4f735466cecf":"f.3FF7B4B953F26D70078332F938F6BF9A.d.9A622F11E9F9FF83270A147675D67888.e.4091","ELEMENT":"f.3FF7B4B953F26D70078332F938F6BF9A.d.9A622F11E9F9FF83270A147675D67888.e.4091"}]}
COMMAND: GET /session/a8b4babba6878e6b6ef73b52bde1d370/screenshot - {}
RESULT: {}
COMMAND: POST /session/a8b4babba6878e6b6ef73b52bde1d370/element - {"using":"css selector","value":"#shell-header-logo"}
RESULT: {"using":"css selector","value":"#shell-header-logo"}
COMMAND: POST /session/a8b4babba6878e6b6ef73b52bde1d370/element/f.3FF7B4B953F26D70078332F938F6BF9A.d.9A622F11E9F9FF83270A147675D67888.e.3339/click - {}
RESULT: {}
COMMAND: GET /session/a8b4babba6878e6b6ef73b52bde1d370/screenshot - {}
RESULT: {}
COMMAND: POST /session/a8b4babba6878e6b6ef73b52bde1d370/execute/sync - {"script":"<script> [299 bytes]","args":[["getModel","getResource"]]}
RESULT: {"script":"<script> [299 bytes]","args":[["getModel","getResource"]]}
COMMAND: GET /session/a8b4babba6878e6b6ef73b52bde1d370/screenshot - {}
]]></system-out>
    </testcase>
    <testcase classname="chrome.135_0_7049_96.windows.Billing_Transfer_-_Intracompany_US127249" name="Should create a new partner" time="113.042">
      <system-out><![CDATA[
COMMAND: POST /session/a8b4babba6878e6b6ef73b52bde1d370/window/fullscreen - {}
RESULT: {}
RESULT: {}
COMMAND: POST /session/a8b4babba6878e6b6ef73b52bde1d370/execute/async - {"script":"<script> [1562 bytes]","args":[{"selector":{"controlType":"sap.m.GenericTile","properties":{"header":"Manage Partners"}},"wdio_ui5_key":"sapm.GenericTile{\"header\":\"Manage Partners\"}"}]}
RESULT: {"script":"<script> [1562 bytes]","args":[{"selector":{"controlType":"sap.m.GenericTile","properties":{"header":"Manage Partners"}},"wdio_ui5_key":"sapm.GenericTile{\"header\":\"Manage Partners\"}"}]}
RESULT: undefined
COMMAND: POST /session/a8b4babba6878e6b6ef73b52bde1d370/element - {"using":"xpath","value":"//*[@id=\"__tile38\"]"}
RESULT: {"using":"xpath","value":"//*[@id=\"__tile38\"]"}
COMMAND: POST /session/a8b4babba6878e6b6ef73b52bde1d370/element/f.3FF7B4B953F26D70078332F938F6BF9A.d.9A622F11E9F9FF83270A147675D67888.e.3228/click - {}
RESULT: {}
COMMAND: POST /session/a8b4babba6878e6b6ef73b52bde1d370/element - {"using":"xpath","value":"//button[@data-kt=\"addButton\"]"}
COMMAND: GET /session/a8b4babba6878e6b6ef73b52bde1d370/screenshot - {}
RESULT: {"using":"xpath","value":"//button[@data-kt=\"addButton\"]"}
COMMAND: POST /session/a8b4babba6878e6b6ef73b52bde1d370/elements - {"using":"xpath","value":"//button[@data-kt=\"addButton\"]"}
RESULT: {}
RESULT: {"using":"xpath","value":"//button[@data-kt=\"addButton\"]"}
COMMAND: POST /session/a8b4babba6878e6b6ef73b52bde1d370/elements - {"using":"xpath","value":"//button[@data-kt=\"addButton\"]"}
RESULT: {"using":"xpath","value":"//button[@data-kt=\"addButton\"]"}
COMMAND: POST /session/a8b4babba6878e6b6ef73b52bde1d370/elements - {"using":"xpath","value":"//button[@data-kt=\"addButton\"]"}
RESULT: {"using":"xpath","value":"//button[@data-kt=\"addButton\"]"}
COMMAND: POST /session/a8b4babba6878e6b6ef73b52bde1d370/elements - {"using":"xpath","value":"//button[@data-kt=\"addButton\"]"}
RESULT: {"using":"xpath","value":"//button[@data-kt=\"addButton\"]"}
COMMAND: POST /session/a8b4babba6878e6b6ef73b52bde1d370/elements - {"using":"xpath","value":"//button[@data-kt=\"addButton\"]"}
RESULT: {"using":"xpath","value":"//button[@data-kt=\"addButton\"]"}
COMMAND: POST /session/a8b4babba6878e6b6ef73b52bde1d370/elements - {"using":"xpath","value":"//button[@data-kt=\"addButton\"]"}
RESULT: {"using":"xpath","value":"//button[@data-kt=\"addButton\"]"}
COMMAND: POST /session/a8b4babba6878e6b6ef73b52bde1d370/elements - {"using":"xpath","value":"//button[@data-kt=\"addButton\"]"}
RESULT: {"using":"xpath","value":"//button[@data-kt=\"addButton\"]"}
COMMAND: POST /session/a8b4babba6878e6b6ef73b52bde1d370/elements - {"using":"xpath","value":"//button[@data-kt=\"addButton\"]"}
RESULT: {"using":"xpath","value":"//button[@data-kt=\"addButton\"]"}
COMMAND: POST /session/a8b4babba6878e6b6ef73b52bde1d370/elements - {"using":"xpath","value":"//button[@data-kt=\"addButton\"]"}
RESULT: {"using":"xpath","value":"//button[@data-kt=\"addButton\"]"}
COMMAND: POST /session/a8b4babba6878e6b6ef73b52bde1d370/elements - {"using":"xpath","value":"//button[@data-kt=\"addButton\"]"}
RESULT: {"using":"xpath","value":"//button[@data-kt=\"addButton\"]"}
COMMAND: POST /session/a8b4babba6878e6b6ef73b52bde1d370/elements - {"using":"xpath","value":"//button[@data-kt=\"addButton\"]"}
RESULT: {"using":"xpath","value":"//button[@data-kt=\"addButton\"]"}
COMMAND: POST /session/a8b4babba6878e6b6ef73b52bde1d370/elements - {"using":"xpath","value":"//button[@data-kt=\"addButton\"]"}
RESULT: {"using":"xpath","value":"//button[@data-kt=\"addButton\"]"}
COMMAND: POST /session/a8b4babba6878e6b6ef73b52bde1d370/elements - {"using":"xpath","value":"//button[@data-kt=\"addButton\"]"}
RESULT: {"using":"xpath","value":"//button[@data-kt=\"addButton\"]"}
COMMAND: POST /session/a8b4babba6878e6b6ef73b52bde1d370/elements - {"using":"xpath","value":"//button[@data-kt=\"addButton\"]"}
RESULT: {"using":"xpath","value":"//button[@data-kt=\"addButton\"]"}
COMMAND: POST /session/a8b4babba6878e6b6ef73b52bde1d370/element - {"using":"xpath","value":"//button[@data-kt=\"addButton\"]"}
RESULT: {"using":"xpath","value":"//button[@data-kt=\"addButton\"]"}
COMMAND: POST /session/a8b4babba6878e6b6ef73b52bde1d370/execute/sync - {"script":"<script> [8489 bytes]","args":[{"element-6066-11e4-a52e-4f735466cecf":"f.3FF7B4B953F26D70078332F938F6BF9A.d.9A622F11E9F9FF83270A147675D67888.e.4129","ELEMENT":"f.3FF7B4B953F26D70078332F938F6BF9A.d.9A622F11E9F9FF83270A147675D67888.e.4129"}]}
RESULT: {"script":"<script> [8489 bytes]","args":[{"element-6066-11e4-a52e-4f735466cecf":"f.3FF7B4B953F26D70078332F938F6BF9A.d.9A622F11E9F9FF83270A147675D67888.e.4129","ELEMENT":"f.3FF7B4B953F26D70078332F938F6BF9A.d.9A622F11E9F9FF83270A147675D67888.e.4129"}]}
COMMAND: GET /session/a8b4babba6878e6b6ef73b52bde1d370/element/f.3FF7B4B953F26D70078332F938F6BF9A.d.9A622F11E9F9FF83270A147675D67888.e.4129/enabled - {}
COMMAND: GET /session/a8b4babba6878e6b6ef73b52bde1d370/screenshot - {}
RESULT: {}
COMMAND: POST /session/a8b4babba6878e6b6ef73b52bde1d370/execute/sync - {"script":"<script> [8489 bytes]","args":[{"element-6066-11e4-a52e-4f735466cecf":"f.3FF7B4B953F26D70078332F938F6BF9A.d.9A622F11E9F9FF83270A147675D67888.e.4129","ELEMENT":"f.3FF7B4B953F26D70078332F938F6BF9A.d.9A622F11E9F9FF83270A147675D67888.e.4129"}]}
COMMAND: GET /session/a8b4babba6878e6b6ef73b52bde1d370/screenshot - {}
RESULT: {}
RESULT: {"script":"<script> [8489 bytes]","args":[{"element-6066-11e4-a52e-4f735466cecf":"f.3FF7B4B953F26D70078332F938F6BF9A.d.9A622F11E9F9FF83270A147675D67888.e.4129","ELEMENT":"f.3FF7B4B953F26D70078332F938F6BF9A.d.9A622F11E9F9FF83270A147675D67888.e.4129"}]}
COMMAND: POST /session/a8b4babba6878e6b6ef73b52bde1d370/execute/sync - {"script":"<script> [5351 bytes]","args":[{"element-6066-11e4-a52e-4f735466cecf":"f.3FF7B4B953F26D70078332F938F6BF9A.d.9A622F11E9F9FF83270A147675D67888.e.4129","ELEMENT":"f.3FF7B4B953F26D70078332F938F6BF9A.d.9A622F11E9F9FF83270A147675D67888.e.4129"}]}
COMMAND: GET /session/a8b4babba6878e6b6ef73b52bde1d370/screenshot - {}
RESULT: {}
RESULT: {"script":"<script> [5351 bytes]","args":[{"element-6066-11e4-a52e-4f735466cecf":"f.3FF7B4B953F26D70078332F938F6BF9A.d.9A622F11E9F9FF83270A147675D67888.e.4129","ELEMENT":"f.3FF7B4B953F26D70078332F938F6BF9A.d.9A622F11E9F9FF83270A147675D67888.e.4129"}]}
COMMAND: POST /session/a8b4babba6878e6b6ef73b52bde1d370/element/f.3FF7B4B953F26D70078332F938F6BF9A.d.9A622F11E9F9FF83270A147675D67888.e.4129/click - {}
COMMAND: GET /session/a8b4babba6878e6b6ef73b52bde1d370/screenshot - {}
RESULT: {}
RESULT: {}
COMMAND: GET /session/a8b4babba6878e6b6ef73b52bde1d370/screenshot - {}
COMMAND: POST /session/a8b4babba6878e6b6ef73b52bde1d370/execute/async - {"script":"<script> [1562 bytes]","args":[{"selector":{"id":"application-managepartners-display-component---NewPartner--addressDetailDetailsName1","interaction":{"idSuffix":"inner"}},"wdio_ui5_key":"applicationmanagepartners-display-component---NewPartner--addressDetailDetailsName1"}]}
RESULT: {}
RESULT: {}
RESULT: {"script":"<script> [1562 bytes]","args":[{"selector":{"id":"application-managepartners-display-component---NewPartner--addressDetailDetailsName1","interaction":{"idSuffix":"inner"}},"wdio_ui5_key":"applicationmanagepartners-display-component---NewPartner--addressDetailDetailsName1"}]}
RESULT: undefined
COMMAND: POST /session/a8b4babba6878e6b6ef73b52bde1d370/execute/async - {"script":"<script> [776 bytes]","args":[{"enterText":"Intracompany Partner WDIO","selector":{"id":"application-managepartners-display-component---NewPartner--addressDetailDetailsName1","interaction":{"idSuffix":"inner"}},"clearTextFirst":true,"interactionType":"ENTER_TEXT"}]}
RESULT: {"script":"<script> [776 bytes]","args":[{"enterText":"Intracompany Partner WDIO","selector":{"id":"application-managepartners-display-component---NewPartner--addressDetailDetailsName1","interaction":{"idSuffix":"inner"}},"clearTextFirst":true,"interactionType":"ENTER_TEXT"}]}
COMMAND: POST /session/a8b4babba6878e6b6ef73b52bde1d370/execute/async - {"script":"<script> [1562 bytes]","args":[{"selector":{"id":"application-managepartners-display-component---NewPartner--addressDetailDetailsLanguage-arrow"},"wdio_ui5_key":"applicationmanagepartners-display-component---NewPartner--addressDetailDetailsLanguage-arrow"}]}
RESULT: {"script":"<script> [1562 bytes]","args":[{"selector":{"id":"application-managepartners-display-component---NewPartner--addressDetailDetailsLanguage-arrow"},"wdio_ui5_key":"applicationmanagepartners-display-component---NewPartner--addressDetailDetailsLanguage-arrow"}]}
RESULT: undefined
COMMAND: POST /session/a8b4babba6878e6b6ef73b52bde1d370/element - {"using":"xpath","value":"//*[@id=\"application-managepartners-display-component---NewPartner--addressDetailDetailsLanguage-arrow\"]"}
RESULT: {"using":"xpath","value":"//*[@id=\"application-managepartners-display-component---NewPartner--addressDetailDetailsLanguage-arrow\"]"}
COMMAND: POST /session/a8b4babba6878e6b6ef73b52bde1d370/element/f.3FF7B4B953F26D70078332F938F6BF9A.d.9A622F11E9F9FF83270A147675D67888.e.4580/click - {}
RESULT: {}
COMMAND: POST /session/a8b4babba6878e6b6ef73b52bde1d370/element - {"using":"xpath","value":"//span[contains(text(), \"English\")]"}
COMMAND: GET /session/a8b4babba6878e6b6ef73b52bde1d370/screenshot - {}
RESULT: {"using":"xpath","value":"//span[contains(text(), \"English\")]"}
COMMAND: POST /session/a8b4babba6878e6b6ef73b52bde1d370/element/f.3FF7B4B953F26D70078332F938F6BF9A.d.9A622F11E9F9FF83270A147675D67888.e.4581/click - {}
RESULT: {}
RESULT: {}
COMMAND: GET /session/a8b4babba6878e6b6ef73b52bde1d370/screenshot - {}
RESULT: {}
COMMAND: POST /session/a8b4babba6878e6b6ef73b52bde1d370/execute/async - {"script":"<script> [1562 bytes]","args":[{"selector":{"id":"application-managepartners-display-component---NewPartner--addressDetailDetailsCity1","interaction":{"idSuffix":"inner"}},"wdio_ui5_key":"applicationmanagepartners-display-component---NewPartner--addressDetailDetailsCity1"}]}
RESULT: {"script":"<script> [1562 bytes]","args":[{"selector":{"id":"application-managepartners-display-component---NewPartner--addressDetailDetailsCity1","interaction":{"idSuffix":"inner"}},"wdio_ui5_key":"applicationmanagepartners-display-component---NewPartner--addressDetailDetailsCity1"}]}
RESULT: undefined
COMMAND: POST /session/a8b4babba6878e6b6ef73b52bde1d370/execute/async - {"script":"<script> [776 bytes]","args":[{"enterText":"Rosario","selector":{"id":"application-managepartners-display-component---NewPartner--addressDetailDetailsCity1","interaction":{"idSuffix":"inner"}},"clearTextFirst":true,"interactionType":"ENTER_TEXT"}]}
RESULT: {"script":"<script> [776 bytes]","args":[{"enterText":"Rosario","selector":{"id":"application-managepartners-display-component---NewPartner--addressDetailDetailsCity1","interaction":{"idSuffix":"inner"}},"clearTextFirst":true,"interactionType":"ENTER_TEXT"}]}
COMMAND: POST /session/a8b4babba6878e6b6ef73b52bde1d370/execute/async - {"script":"<script> [1562 bytes]","args":[{"selector":{"id":"application-managepartners-display-component---NewPartner--addressDetailDetailsCountry-arrow"},"wdio_ui5_key":"applicationmanagepartners-display-component---NewPartner--addressDetailDetailsCountry-arrow"}]}
RESULT: {"script":"<script> [1562 bytes]","args":[{"selector":{"id":"application-managepartners-display-component---NewPartner--addressDetailDetailsCountry-arrow"},"wdio_ui5_key":"applicationmanagepartners-display-component---NewPartner--addressDetailDetailsCountry-arrow"}]}
RESULT: undefined
COMMAND: POST /session/a8b4babba6878e6b6ef73b52bde1d370/element - {"using":"xpath","value":"//*[@id=\"application-managepartners-display-component---NewPartner--addressDetailDetailsCountry-arrow\"]"}
RESULT: {"using":"xpath","value":"//*[@id=\"application-managepartners-display-component---NewPartner--addressDetailDetailsCountry-arrow\"]"}
COMMAND: POST /session/a8b4babba6878e6b6ef73b52bde1d370/element/f.3FF7B4B953F26D70078332F938F6BF9A.d.9A622F11E9F9FF83270A147675D67888.e.4559/click - {}
RESULT: {}
COMMAND: POST /session/a8b4babba6878e6b6ef73b52bde1d370/element - {"using":"xpath","value":"//span[contains(text(), \"Argentina\")]"}
COMMAND: GET /session/a8b4babba6878e6b6ef73b52bde1d370/screenshot - {}
RESULT: {"using":"xpath","value":"//span[contains(text(), \"Argentina\")]"}
COMMAND: POST /session/a8b4babba6878e6b6ef73b52bde1d370/element/f.3FF7B4B953F26D70078332F938F6BF9A.d.9A622F11E9F9FF83270A147675D67888.e.4583/click - {}
RESULT: {}
RESULT: {}
COMMAND: GET /session/a8b4babba6878e6b6ef73b52bde1d370/screenshot - {}
RESULT: {}
COMMAND: POST /session/a8b4babba6878e6b6ef73b52bde1d370/element - {"using":"xpath","value":"//bdi[contains(text(), \"Commercial\")]"}
RESULT: {"using":"xpath","value":"//bdi[contains(text(), \"Commercial\")]"}
COMMAND: POST /session/a8b4babba6878e6b6ef73b52bde1d370/element/f.3FF7B4B953F26D70078332F938F6BF9A.d.9A622F11E9F9FF83270A147675D67888.e.4584/click - {}
RESULT: {}
COMMAND: GET /session/a8b4babba6878e6b6ef73b52bde1d370/screenshot - {}
RESULT: {}
COMMAND: POST /session/a8b4babba6878e6b6ef73b52bde1d370/execute/async - {"script":"<script> [1562 bytes]","args":[{"selector":{"id":"application-managepartners-display-component---NewPartner--partnerDetailInternal-arrow"},"wdio_ui5_key":"applicationmanagepartners-display-component---NewPartner--partnerDetailInternal-arrow"}]}
RESULT: {"script":"<script> [1562 bytes]","args":[{"selector":{"id":"application-managepartners-display-component---NewPartner--partnerDetailInternal-arrow"},"wdio_ui5_key":"applicationmanagepartners-display-component---NewPartner--partnerDetailInternal-arrow"}]}
RESULT: undefined
COMMAND: POST /session/a8b4babba6878e6b6ef73b52bde1d370/element - {"using":"xpath","value":"//*[@id=\"application-managepartners-display-component---NewPartner--partnerDetailInternal-arrow\"]"}
RESULT: {"using":"xpath","value":"//*[@id=\"application-managepartners-display-component---NewPartner--partnerDetailInternal-arrow\"]"}
COMMAND: POST /session/a8b4babba6878e6b6ef73b52bde1d370/element/f.3FF7B4B953F26D70078332F938F6BF9A.d.9A622F11E9F9FF83270A147675D67888.e.4590/click - {}
RESULT: {}
COMMAND: POST /session/a8b4babba6878e6b6ef73b52bde1d370/element - {"using":"xpath","value":"//span[contains(text(), \"Affiliated company\")]"}
COMMAND: GET /session/a8b4babba6878e6b6ef73b52bde1d370/screenshot - {}
RESULT: {"using":"xpath","value":"//span[contains(text(), \"Affiliated company\")]"}
COMMAND: POST /session/a8b4babba6878e6b6ef73b52bde1d370/element/f.3FF7B4B953F26D70078332F938F6BF9A.d.9A622F11E9F9FF83270A147675D67888.e.4591/click - {}
RESULT: {}
RESULT: {}
COMMAND: POST /session/a8b4babba6878e6b6ef73b52bde1d370/execute/async - {"script":"<script> [1562 bytes]","args":[{"selector":{"id":"application-managepartners-display-component---NewPartner--partnerDetailsCurrency-arrow"},"wdio_ui5_key":"applicationmanagepartners-display-component---NewPartner--partnerDetailsCurrency-arrow"}]}
COMMAND: GET /session/a8b4babba6878e6b6ef73b52bde1d370/screenshot - {}
RESULT: {"script":"<script> [1562 bytes]","args":[{"selector":{"id":"application-managepartners-display-component---NewPartner--partnerDetailsCurrency-arrow"},"wdio_ui5_key":"applicationmanagepartners-display-component---NewPartner--partnerDetailsCurrency-arrow"}]}
RESULT: undefined
COMMAND: POST /session/a8b4babba6878e6b6ef73b52bde1d370/element - {"using":"xpath","value":"//*[@id=\"application-managepartners-display-component---NewPartner--partnerDetailsCurrency-arrow\"]"}
RESULT: {}
RESULT: {"using":"xpath","value":"//*[@id=\"application-managepartners-display-component---NewPartner--partnerDetailsCurrency-arrow\"]"}
COMMAND: POST /session/a8b4babba6878e6b6ef73b52bde1d370/element/f.3FF7B4B953F26D70078332F938F6BF9A.d.9A622F11E9F9FF83270A147675D67888.e.4598/click - {}
RESULT: {}
COMMAND: POST /session/a8b4babba6878e6b6ef73b52bde1d370/element - {"using":"xpath","value":"//span[contains(text(), \"Euro\")]"}
COMMAND: GET /session/a8b4babba6878e6b6ef73b52bde1d370/screenshot - {}
RESULT: {"using":"xpath","value":"//span[contains(text(), \"Euro\")]"}
COMMAND: POST /session/a8b4babba6878e6b6ef73b52bde1d370/element/f.3FF7B4B953F26D70078332F938F6BF9A.d.9A622F11E9F9FF83270A147675D67888.e.4599/click - {}
RESULT: {}
RESULT: {}
COMMAND: POST /session/a8b4babba6878e6b6ef73b52bde1d370/execute/async - {"script":"<script> [1562 bytes]","args":[{"selector":{"id":"application-managepartners-display-component---NewPartner--addressEditDetailsCostObjectCstType-arrow"},"wdio_ui5_key":"applicationmanagepartners-display-component---NewPartner--addressEditDetailsCostObjectCstType-arrow"}]}
COMMAND: GET /session/a8b4babba6878e6b6ef73b52bde1d370/screenshot - {}
RESULT: {"script":"<script> [1562 bytes]","args":[{"selector":{"id":"application-managepartners-display-component---NewPartner--addressEditDetailsCostObjectCstType-arrow"},"wdio_ui5_key":"applicationmanagepartners-display-component---NewPartner--addressEditDetailsCostObjectCstType-arrow"}]}
RESULT: undefined
COMMAND: POST /session/a8b4babba6878e6b6ef73b52bde1d370/element - {"using":"xpath","value":"//*[@id=\"application-managepartners-display-component---NewPartner--addressEditDetailsCostObjectCstType-arrow\"]"}
RESULT: {}
RESULT: {"using":"xpath","value":"//*[@id=\"application-managepartners-display-component---NewPartner--addressEditDetailsCostObjectCstType-arrow\"]"}
COMMAND: POST /session/a8b4babba6878e6b6ef73b52bde1d370/element/f.3FF7B4B953F26D70078332F938F6BF9A.d.9A622F11E9F9FF83270A147675D67888.e.4600/click - {}
RESULT: {}
COMMAND: POST /session/a8b4babba6878e6b6ef73b52bde1d370/element - {"using":"xpath","value":"//span[contains(text(), \"Cost Center\")]"}
COMMAND: GET /session/a8b4babba6878e6b6ef73b52bde1d370/screenshot - {}
RESULT: {"using":"xpath","value":"//span[contains(text(), \"Cost Center\")]"}
COMMAND: POST /session/a8b4babba6878e6b6ef73b52bde1d370/element/f.3FF7B4B953F26D70078332F938F6BF9A.d.9A622F11E9F9FF83270A147675D67888.e.4601/click - {}
RESULT: {}
RESULT: {}
COMMAND: GET /session/a8b4babba6878e6b6ef73b52bde1d370/screenshot - {}
RESULT: {}
COMMAND: POST /session/a8b4babba6878e6b6ef73b52bde1d370/element - {"using":"xpath","value":"//span[@id=\"application-managepartners-display-component---NewPartner--addressNewCostObjectCstID-vhi\"]"}
RESULT: {"using":"xpath","value":"//span[@id=\"application-managepartners-display-component---NewPartner--addressNewCostObjectCstID-vhi\"]"}
COMMAND: POST /session/a8b4babba6878e6b6ef73b52bde1d370/execute/sync - {"script":"<script> [8489 bytes]","args":[{"element-6066-11e4-a52e-4f735466cecf":"f.3FF7B4B953F26D70078332F938F6BF9A.d.9A622F11E9F9FF83270A147675D67888.e.4605","ELEMENT":"f.3FF7B4B953F26D70078332F938F6BF9A.d.9A622F11E9F9FF83270A147675D67888.e.4605"}]}
RESULT: {"script":"<script> [8489 bytes]","args":[{"element-6066-11e4-a52e-4f735466cecf":"f.3FF7B4B953F26D70078332F938F6BF9A.d.9A622F11E9F9FF83270A147675D67888.e.4605","ELEMENT":"f.3FF7B4B953F26D70078332F938F6BF9A.d.9A622F11E9F9FF83270A147675D67888.e.4605"}]}
COMMAND: POST /session/a8b4babba6878e6b6ef73b52bde1d370/execute/async - {"script":"<script> [1562 bytes]","args":[{"selector":{"id":"application-managepartners-display-component---NewPartner--addressNewCostObjectCstID-vhi"},"wdio_ui5_key":"applicationmanagepartners-display-component---NewPartner--addressNewCostObjectCstID-vhi"}]}
COMMAND: GET /session/a8b4babba6878e6b6ef73b52bde1d370/screenshot - {}
RESULT: {"script":"<script> [1562 bytes]","args":[{"selector":{"id":"application-managepartners-display-component---NewPartner--addressNewCostObjectCstID-vhi"},"wdio_ui5_key":"applicationmanagepartners-display-component---NewPartner--addressNewCostObjectCstID-vhi"}]}
RESULT: undefined
COMMAND: POST /session/a8b4babba6878e6b6ef73b52bde1d370/element - {"using":"xpath","value":"//*[@id=\"application-managepartners-display-component---NewPartner--addressNewCostObjectCstID-vhi\"]"}
RESULT: {}
RESULT: {"using":"xpath","value":"//*[@id=\"application-managepartners-display-component---NewPartner--addressNewCostObjectCstID-vhi\"]"}
COMMAND: POST /session/a8b4babba6878e6b6ef73b52bde1d370/element/f.3FF7B4B953F26D70078332F938F6BF9A.d.9A622F11E9F9FF83270A147675D67888.e.4605/click - {}
RESULT: {}
COMMAND: GET /session/a8b4babba6878e6b6ef73b52bde1d370/screenshot - {}
RESULT: {}
RESULT: undefined
COMMAND: POST /session/a8b4babba6878e6b6ef73b52bde1d370/execute/async - {"script":"<script> [776 bytes]","args":[{"enterText":"10001013","selector":{"controlType":"sap.m.SearchField","properties":{"placeholder":"Search"},"searchOpenDialogs":true,"interaction":{"idSuffix":"I"}},"clearTextFirst":true,"interactionType":"ENTER_TEXT"}]}
RESULT: {"script":"<script> [776 bytes]","args":[{"enterText":"10001013","selector":{"controlType":"sap.m.SearchField","properties":{"placeholder":"Search"},"searchOpenDialogs":true,"interaction":{"idSuffix":"I"}},"clearTextFirst":true,"interactionType":"ENTER_TEXT"}]}
COMMAND: POST /session/a8b4babba6878e6b6ef73b52bde1d370/actions - {"actions":[{"id":"action12","type":"key","parameters":{},"actions":[{"type":"keyDown","value":"î€‡"},{"type":"pause","duration":10},{"type":"keyUp","value":"î€‡"}]}]}
RESULT: {"actions":[{"id":"action12","type":"key","parameters":{},"actions":[{"type":"keyDown","value":"î€‡"},{"type":"pause","duration":10},{"type":"keyUp","value":"î€‡"}]}]}
COMMAND: GET /session/a8b4babba6878e6b6ef73b52bde1d370/screenshot - {}
RESULT: {}
COMMAND: POST /session/a8b4babba6878e6b6ef73b52bde1d370/element - {"using":"xpath","value":"//span[contains(text(), \"General Management\")]"}
RESULT: {"using":"xpath","value":"//span[contains(text(), \"General Management\")]"}
COMMAND: POST /session/a8b4babba6878e6b6ef73b52bde1d370/element/f.3FF7B4B953F26D70078332F938F6BF9A.d.9A622F11E9F9FF83270A147675D67888.e.4644/click - {}
RESULT: {}
COMMAND: GET /session/a8b4babba6878e6b6ef73b52bde1d370/screenshot - {}
RESULT: {}
COMMAND: POST /session/a8b4babba6878e6b6ef73b52bde1d370/element - {"using":"xpath","value":"//bdi[contains(text(), \"OK\")]"}
RESULT: {"using":"xpath","value":"//bdi[contains(text(), \"OK\")]"}
COMMAND: POST /session/a8b4babba6878e6b6ef73b52bde1d370/element/f.3FF7B4B953F26D70078332F938F6BF9A.d.9A622F11E9F9FF83270A147675D67888.e.4645/click - {}
RESULT: {}
COMMAND: GET /session/a8b4babba6878e6b6ef73b52bde1d370/screenshot - {}
RESULT: {}
COMMAND: POST /session/a8b4babba6878e6b6ef73b52bde1d370/element - {"using":"xpath","value":"//input[@id=\"application-managepartners-display-component---NewPartner--companyCodeComboBox-inner\"]"}
RESULT: {"using":"xpath","value":"//input[@id=\"application-managepartners-display-component---NewPartner--companyCodeComboBox-inner\"]"}
COMMAND: POST /session/a8b4babba6878e6b6ef73b52bde1d370/element/f.3FF7B4B953F26D70078332F938F6BF9A.d.9A622F11E9F9FF83270A147675D67888.e.4444/clear - {}
RESULT: {}
COMMAND: POST /session/a8b4babba6878e6b6ef73b52bde1d370/element/f.3FF7B4B953F26D70078332F938F6BF9A.d.9A622F11E9F9FF83270A147675D67888.e.4444/value - {"text":"1000"}
COMMAND: GET /session/a8b4babba6878e6b6ef73b52bde1d370/screenshot - {}
RESULT: {"text":"1000"}
COMMAND: GET /session/a8b4babba6878e6b6ef73b52bde1d370/screenshot - {}
RESULT: {}
RESULT: {}
COMMAND: POST /session/a8b4babba6878e6b6ef73b52bde1d370/element - {"using":"xpath","value":"//span[contains(text(), \"1000\")]"}
RESULT: {"using":"xpath","value":"//span[contains(text(), \"1000\")]"}
COMMAND: POST /session/a8b4babba6878e6b6ef73b52bde1d370/element/f.3FF7B4B953F26D70078332F938F6BF9A.d.9A622F11E9F9FF83270A147675D67888.e.4651/click - {}
RESULT: {}
COMMAND: GET /session/a8b4babba6878e6b6ef73b52bde1d370/screenshot - {}
RESULT: {}
COMMAND: POST /session/a8b4babba6878e6b6ef73b52bde1d370/execute/async - {"script":"<script> [1562 bytes]","args":[{"selector":{"id":"application-managepartners-display-component---NewPartner--btnAddTableRow-img"},"wdio_ui5_key":"applicationmanagepartners-display-component---NewPartner--btnAddTableRow-img"}]}
RESULT: {"script":"<script> [1562 bytes]","args":[{"selector":{"id":"application-managepartners-display-component---NewPartner--btnAddTableRow-img"},"wdio_ui5_key":"applicationmanagepartners-display-component---NewPartner--btnAddTableRow-img"}]}
RESULT: undefined
COMMAND: POST /session/a8b4babba6878e6b6ef73b52bde1d370/element - {"using":"xpath","value":"//*[@id=\"application-managepartners-display-component---NewPartner--btnAddTableRow-img\"]"}
RESULT: {"using":"xpath","value":"//*[@id=\"application-managepartners-display-component---NewPartner--btnAddTableRow-img\"]"}
COMMAND: POST /session/a8b4babba6878e6b6ef73b52bde1d370/element/f.3FF7B4B953F26D70078332F938F6BF9A.d.9A622F11E9F9FF83270A147675D67888.e.4652/click - {}
RESULT: {}
COMMAND: GET /session/a8b4babba6878e6b6ef73b52bde1d370/screenshot - {}
RESULT: {}
COMMAND: POST /session/a8b4babba6878e6b6ef73b52bde1d370/element - {"using":"xpath","value":"//input[@id=\"application-managepartners-display-component---NewPartner--assignmentYard-application-managepartners-display-component---NewPartner--assignmentsTable-0-inner\"]"}
RESULT: {"using":"xpath","value":"//input[@id=\"application-managepartners-display-component---NewPartner--assignmentYard-application-managepartners-display-component---NewPartner--assignmentsTable-0-inner\"]"}
COMMAND: POST /session/a8b4babba6878e6b6ef73b52bde1d370/element/f.3FF7B4B953F26D70078332F938F6BF9A.d.9A622F11E9F9FF83270A147675D67888.e.4655/clear - {}
RESULT: {}
COMMAND: POST /session/a8b4babba6878e6b6ef73b52bde1d370/element/f.3FF7B4B953F26D70078332F938F6BF9A.d.9A622F11E9F9FF83270A147675D67888.e.4655/value - {"text":"312"}
COMMAND: GET /session/a8b4babba6878e6b6ef73b52bde1d370/screenshot - {}
RESULT: {}
RESULT: {"text":"312"}
COMMAND: GET /session/a8b4babba6878e6b6ef73b52bde1d370/screenshot - {}
RESULT: {}
COMMAND: POST /session/a8b4babba6878e6b6ef73b52bde1d370/element - {"using":"xpath","value":"//li[.//span[text()='312']]"}
RESULT: {"using":"xpath","value":"//li[.//span[text()='312']]"}
COMMAND: POST /session/a8b4babba6878e6b6ef73b52bde1d370/element/f.3FF7B4B953F26D70078332F938F6BF9A.d.9A622F11E9F9FF83270A147675D67888.e.4664/click - {}
RESULT: {}
COMMAND: GET /session/a8b4babba6878e6b6ef73b52bde1d370/screenshot - {}
RESULT: {}
COMMAND: POST /session/a8b4babba6878e6b6ef73b52bde1d370/actions - {"actions":[{"id":"action13","type":"key","parameters":{},"actions":[{"type":"keyDown","value":"î€‡"},{"type":"pause","duration":10},{"type":"keyUp","value":"î€‡"}]}]}
RESULT: {"actions":[{"id":"action13","type":"key","parameters":{},"actions":[{"type":"keyDown","value":"î€‡"},{"type":"pause","duration":10},{"type":"keyUp","value":"î€‡"}]}]}
COMMAND: POST /session/a8b4babba6878e6b6ef73b52bde1d370/execute/async - {"script":"<script> [1562 bytes]","args":[{"selector":{"id":"application-managepartners-display-component---NewPartner--externalCustomerComboBox-application-managepartners-display-component---NewPartner--assignmentsTable-0-vhi"},"wdio_ui5_key":"applicationmanagepartners-display-component---NewPartner--externalCustomerComboBox-application-managepartners-display-component---NewPartner--assignmentsTable-0-vhi"}]}
COMMAND: GET /session/a8b4babba6878e6b6ef73b52bde1d370/screenshot - {}
RESULT: {"script":"<script> [1562 bytes]","args":[{"selector":{"id":"application-managepartners-display-component---NewPartner--externalCustomerComboBox-application-managepartners-display-component---NewPartner--assignmentsTable-0-vhi"},"wdio_ui5_key":"applicationmanagepartners-display-component---NewPartner--externalCustomerComboBox-application-managepartners-display-component---NewPartner--assignmentsTable-0-vhi"}]}
RESULT: undefined
COMMAND: POST /session/a8b4babba6878e6b6ef73b52bde1d370/element - {"using":"xpath","value":"//*[@id=\"application-managepartners-display-component---NewPartner--externalCustomerComboBox-application-managepartners-display-component---NewPartner--assignmentsTable-0-vhi\"]"}
RESULT: {}
RESULT: {"using":"xpath","value":"//*[@id=\"application-managepartners-display-component---NewPartner--externalCustomerComboBox-application-managepartners-display-component---NewPartner--assignmentsTable-0-vhi\"]"}
COMMAND: POST /session/a8b4babba6878e6b6ef73b52bde1d370/element/f.3FF7B4B953F26D70078332F938F6BF9A.d.9A622F11E9F9FF83270A147675D67888.e.4668/click - {}
RESULT: {}
RESULT: undefined
COMMAND: POST /session/a8b4babba6878e6b6ef73b52bde1d370/execute/async - {"script":"<script> [776 bytes]","args":[{"enterText":"300003","selector":{"controlType":"sap.m.SearchField","properties":{"placeholder":"Search"},"searchOpenDialogs":true,"interaction":{"idSuffix":"I"}},"clearTextFirst":true,"interactionType":"ENTER_TEXT"}]}
COMMAND: GET /session/a8b4babba6878e6b6ef73b52bde1d370/screenshot - {}
RESULT: {"script":"<script> [776 bytes]","args":[{"enterText":"300003","selector":{"controlType":"sap.m.SearchField","properties":{"placeholder":"Search"},"searchOpenDialogs":true,"interaction":{"idSuffix":"I"}},"clearTextFirst":true,"interactionType":"ENTER_TEXT"}]}
COMMAND: POST /session/a8b4babba6878e6b6ef73b52bde1d370/actions - {"actions":[{"id":"action14","type":"key","parameters":{},"actions":[{"type":"keyDown","value":"î€‡"},{"type":"pause","duration":10},{"type":"keyUp","value":"î€‡"}]}]}
RESULT: {}
RESULT: {"actions":[{"id":"action14","type":"key","parameters":{},"actions":[{"type":"keyDown","value":"î€‡"},{"type":"pause","duration":10},{"type":"keyUp","value":"î€‡"}]}]}
COMMAND: GET /session/a8b4babba6878e6b6ef73b52bde1d370/screenshot - {}
RESULT: {}
COMMAND: POST /session/a8b4babba6878e6b6ef73b52bde1d370/element - {"using":"xpath","value":"//span[contains(text(), \"300003\")]"}
RESULT: {"using":"xpath","value":"//span[contains(text(), \"300003\")]"}
COMMAND: POST /session/a8b4babba6878e6b6ef73b52bde1d370/element/f.3FF7B4B953F26D70078332F938F6BF9A.d.9A622F11E9F9FF83270A147675D67888.e.4686/click - {}
RESULT: {}
COMMAND: GET /session/a8b4babba6878e6b6ef73b52bde1d370/screenshot - {}
RESULT: {}
COMMAND: POST /session/a8b4babba6878e6b6ef73b52bde1d370/element - {"using":"xpath","value":"//bdi[contains(text(), \"OK\")]"}
RESULT: {"using":"xpath","value":"//bdi[contains(text(), \"OK\")]"}
COMMAND: POST /session/a8b4babba6878e6b6ef73b52bde1d370/element/f.3FF7B4B953F26D70078332F938F6BF9A.d.9A622F11E9F9FF83270A147675D67888.e.4688/click - {}
RESULT: {}
COMMAND: GET /session/a8b4babba6878e6b6ef73b52bde1d370/screenshot - {}
RESULT: {}
COMMAND: POST /session/a8b4babba6878e6b6ef73b52bde1d370/execute/async - {"script":"<script> [1562 bytes]","args":[{"selector":{"id":"application-managepartners-display-component---NewPartner--intercompVendorComboBox-application-managepartners-display-component---NewPartner--assignmentsTable-0-vhi"},"wdio_ui5_key":"applicationmanagepartners-display-component---NewPartner--intercompVendorComboBox-application-managepartners-display-component---NewPartner--assignmentsTable-0-vhi"}]}
RESULT: {"script":"<script> [1562 bytes]","args":[{"selector":{"id":"application-managepartners-display-component---NewPartner--intercompVendorComboBox-application-managepartners-display-component---NewPartner--assignmentsTable-0-vhi"},"wdio_ui5_key":"applicationmanagepartners-display-component---NewPartner--intercompVendorComboBox-application-managepartners-display-component---NewPartner--assignmentsTable-0-vhi"}]}
RESULT: undefined
COMMAND: POST /session/a8b4babba6878e6b6ef73b52bde1d370/element - {"using":"xpath","value":"//*[@id=\"application-managepartners-display-component---NewPartner--intercompVendorComboBox-application-managepartners-display-component---NewPartner--assignmentsTable-0-vhi\"]"}
RESULT: {"using":"xpath","value":"//*[@id=\"application-managepartners-display-component---NewPartner--intercompVendorComboBox-application-managepartners-display-component---NewPartner--assignmentsTable-0-vhi\"]"}
COMMAND: POST /session/a8b4babba6878e6b6ef73b52bde1d370/element/f.3FF7B4B953F26D70078332F938F6BF9A.d.9A622F11E9F9FF83270A147675D67888.e.4691/click - {}
RESULT: {}
RESULT: undefined
COMMAND: POST /session/a8b4babba6878e6b6ef73b52bde1d370/execute/async - {"script":"<script> [776 bytes]","args":[{"enterText":"100005","selector":{"controlType":"sap.m.SearchField","properties":{"placeholder":"Search"},"searchOpenDialogs":true,"interaction":{"idSuffix":"I"}},"clearTextFirst":true,"interactionType":"ENTER_TEXT"}]}
COMMAND: GET /session/a8b4babba6878e6b6ef73b52bde1d370/screenshot - {}
RESULT: {"script":"<script> [776 bytes]","args":[{"enterText":"100005","selector":{"controlType":"sap.m.SearchField","properties":{"placeholder":"Search"},"searchOpenDialogs":true,"interaction":{"idSuffix":"I"}},"clearTextFirst":true,"interactionType":"ENTER_TEXT"}]}
COMMAND: POST /session/a8b4babba6878e6b6ef73b52bde1d370/actions - {"actions":[{"id":"action15","type":"key","parameters":{},"actions":[{"type":"keyDown","value":"î€‡"},{"type":"pause","duration":10},{"type":"keyUp","value":"î€‡"}]}]}
RESULT: {}
RESULT: {"actions":[{"id":"action15","type":"key","parameters":{},"actions":[{"type":"keyDown","value":"î€‡"},{"type":"pause","duration":10},{"type":"keyUp","value":"î€‡"}]}]}
COMMAND: GET /session/a8b4babba6878e6b6ef73b52bde1d370/screenshot - {}
RESULT: {}
COMMAND: POST /session/a8b4babba6878e6b6ef73b52bde1d370/element - {"using":"xpath","value":"//span[contains(text(), \"Penguins - Field/12345 Berlin\")]"}
RESULT: {"using":"xpath","value":"//span[contains(text(), \"Penguins - Field/12345 Berlin\")]"}
COMMAND: POST /session/a8b4babba6878e6b6ef73b52bde1d370/element/f.3FF7B4B953F26D70078332F938F6BF9A.d.9A622F11E9F9FF83270A147675D67888.e.4709/click - {}
RESULT: {}
COMMAND: GET /session/a8b4babba6878e6b6ef73b52bde1d370/screenshot - {}
RESULT: {}
COMMAND: POST /session/a8b4babba6878e6b6ef73b52bde1d370/element - {"using":"xpath","value":"//bdi[contains(text(), \"OK\")]"}
RESULT: {"using":"xpath","value":"//bdi[contains(text(), \"OK\")]"}
COMMAND: POST /session/a8b4babba6878e6b6ef73b52bde1d370/element/f.3FF7B4B953F26D70078332F938F6BF9A.d.9A622F11E9F9FF83270A147675D67888.e.4710/click - {}
RESULT: {}
COMMAND: GET /session/a8b4babba6878e6b6ef73b52bde1d370/screenshot - {}
RESULT: {}
COMMAND: POST /session/a8b4babba6878e6b6ef73b52bde1d370/element - {"using":"xpath","value":"//button[@data-kt=\"saveButton\"]"}
RESULT: {"using":"xpath","value":"//button[@data-kt=\"saveButton\"]"}
COMMAND: POST /session/a8b4babba6878e6b6ef73b52bde1d370/element/f.3FF7B4B953F26D70078332F938F6BF9A.d.9A622F11E9F9FF83270A147675D67888.e.4555/click - {}
RESULT: {}
COMMAND: GET /session/a8b4babba6878e6b6ef73b52bde1d370/screenshot - {}
RESULT: {}
COMMAND: POST /session/a8b4babba6878e6b6ef73b52bde1d370/element - {"using":"xpath","value":"//header[contains(@id, 'ObjectPageLayout-headerTitle')]/div[1]/div[2]/div[2]/span[1]"}
RESULT: {"using":"xpath","value":"//header[contains(@id, 'ObjectPageLayout-headerTitle')]/div[1]/div[2]/div[2]/span[1]"}
COMMAND: POST /session/a8b4babba6878e6b6ef73b52bde1d370/elements - {"using":"xpath","value":"//header[contains(@id, 'ObjectPageLayout-headerTitle')]/div[1]/div[2]/div[2]/span[1]"}
RESULT: {"using":"xpath","value":"//header[contains(@id, 'ObjectPageLayout-headerTitle')]/div[1]/div[2]/div[2]/span[1]"}
COMMAND: POST /session/a8b4babba6878e6b6ef73b52bde1d370/execute/sync - {"script":"<script> [56 bytes]","args":[{"element-6066-11e4-a52e-4f735466cecf":"f.3FF7B4B953F26D70078332F938F6BF9A.d.9A622F11E9F9FF83270A147675D67888.e.4878","ELEMENT":"f.3FF7B4B953F26D70078332F938F6BF9A.d.9A622F11E9F9FF83270A147675D67888.e.4878"}]}
RESULT: {"script":"<script> [56 bytes]","args":[{"element-6066-11e4-a52e-4f735466cecf":"f.3FF7B4B953F26D70078332F938F6BF9A.d.9A622F11E9F9FF83270A147675D67888.e.4878","ELEMENT":"f.3FF7B4B953F26D70078332F938F6BF9A.d.9A622F11E9F9FF83270A147675D67888.e.4878"}]}
COMMAND: POST /session/a8b4babba6878e6b6ef73b52bde1d370/element - {"using":"css selector","value":"#shell-header-logo"}
COMMAND: GET /session/a8b4babba6878e6b6ef73b52bde1d370/screenshot - {}
RESULT: {"using":"css selector","value":"#shell-header-logo"}
COMMAND: POST /session/a8b4babba6878e6b6ef73b52bde1d370/element/f.3FF7B4B953F26D70078332F938F6BF9A.d.9A622F11E9F9FF83270A147675D67888.e.4096/click - {}
RESULT: {}
RESULT: {}
COMMAND: GET /session/a8b4babba6878e6b6ef73b52bde1d370/screenshot - {}
RESULT: {}
COMMAND: POST /session/a8b4babba6878e6b6ef73b52bde1d370/execute/sync - {"script":"<script> [299 bytes]","args":[["getModel","getResource"]]}
RESULT: {"script":"<script> [299 bytes]","args":[["getModel","getResource"]]}
]]></system-out>
    </testcase>
    <testcase classname="chrome.135_0_7049_96.windows.Billing_Transfer_-_Intracompany_US127249" name="Should create a new site" time="117.332">
      <system-out><![CDATA[
COMMAND: GET /session/a8b4babba6878e6b6ef73b52bde1d370/screenshot - {}
COMMAND: POST /session/a8b4babba6878e6b6ef73b52bde1d370/execute/async - {"script":"<script> [1562 bytes]","args":[{"selector":{"controlType":"sap.m.TileContent","bindingPath":{"path":"","propertyPath":"/properties/info"},"ancestor":{"controlType":"sap.m.GenericTile","properties":{"header":"Manage Sites"}}},"wdio_ui5_key":"sapm.TileContent{\"path\":\"\",\"propertyPath\":\"/properties/info\"}{\"controlType\":\"sap.m.GenericTile\",\"properties\":{\"header\":\"Manage Sites\"}}"}]}
RESULT: {}
RESULT: {"script":"<script> [1562 bytes]","args":[{"selector":{"controlType":"sap.m.TileContent","bindingPath":{"path":"","propertyPath":"/properties/info"},"ancestor":{"controlType":"sap.m.GenericTile","properties":{"header":"Manage Sites"}}},"wdio_ui5_key":"sapm.TileContent{\"path\":\"\",\"propertyPath\":\"/properties/info\"}{\"controlType\":\"sap.m.GenericTile\",\"properties\":{\"header\":\"Manage Sites\"}}"}]}
RESULT: undefined
COMMAND: POST /session/a8b4babba6878e6b6ef73b52bde1d370/element - {"using":"xpath","value":"//*[@id=\"__xmlview7--numericTileContent\"]"}
RESULT: {"using":"xpath","value":"//*[@id=\"__xmlview7--numericTileContent\"]"}
COMMAND: POST /session/a8b4babba6878e6b6ef73b52bde1d370/element/f.3FF7B4B953F26D70078332F938F6BF9A.d.9A622F11E9F9FF83270A147675D67888.e.4880/click - {}
RESULT: {}
COMMAND: POST /session/a8b4babba6878e6b6ef73b52bde1d370/element - {"using":"xpath","value":"//button[@data-kt=\"addOverflowToolbarButton\"]"}
COMMAND: GET /session/a8b4babba6878e6b6ef73b52bde1d370/screenshot - {}
RESULT: {"using":"xpath","value":"//button[@data-kt=\"addOverflowToolbarButton\"]"}
COMMAND: POST /session/a8b4babba6878e6b6ef73b52bde1d370/elements - {"using":"xpath","value":"//button[@data-kt=\"addOverflowToolbarButton\"]"}
RESULT: {}
RESULT: {"using":"xpath","value":"//button[@data-kt=\"addOverflowToolbarButton\"]"}
COMMAND: POST /session/a8b4babba6878e6b6ef73b52bde1d370/element - {"using":"xpath","value":"//button[@data-kt=\"addOverflowToolbarButton\"]"}
RESULT: {"using":"xpath","value":"//button[@data-kt=\"addOverflowToolbarButton\"]"}
COMMAND: POST /session/a8b4babba6878e6b6ef73b52bde1d370/execute/sync - {"script":"<script> [8489 bytes]","args":[{"element-6066-11e4-a52e-4f735466cecf":"f.3FF7B4B953F26D70078332F938F6BF9A.d.9A622F11E9F9FF83270A147675D67888.e.4919","ELEMENT":"f.3FF7B4B953F26D70078332F938F6BF9A.d.9A622F11E9F9FF83270A147675D67888.e.4919"}]}
RESULT: {"script":"<script> [8489 bytes]","args":[{"element-6066-11e4-a52e-4f735466cecf":"f.3FF7B4B953F26D70078332F938F6BF9A.d.9A622F11E9F9FF83270A147675D67888.e.4919","ELEMENT":"f.3FF7B4B953F26D70078332F938F6BF9A.d.9A622F11E9F9FF83270A147675D67888.e.4919"}]}
COMMAND: GET /session/a8b4babba6878e6b6ef73b52bde1d370/element/f.3FF7B4B953F26D70078332F938F6BF9A.d.9A622F11E9F9FF83270A147675D67888.e.4919/enabled - {}
COMMAND: GET /session/a8b4babba6878e6b6ef73b52bde1d370/screenshot - {}
RESULT: {}
COMMAND: POST /session/a8b4babba6878e6b6ef73b52bde1d370/execute/sync - {"script":"<script> [8489 bytes]","args":[{"element-6066-11e4-a52e-4f735466cecf":"f.3FF7B4B953F26D70078332F938F6BF9A.d.9A622F11E9F9FF83270A147675D67888.e.4919","ELEMENT":"f.3FF7B4B953F26D70078332F938F6BF9A.d.9A622F11E9F9FF83270A147675D67888.e.4919"}]}
COMMAND: GET /session/a8b4babba6878e6b6ef73b52bde1d370/screenshot - {}
RESULT: {}
RESULT: {"script":"<script> [8489 bytes]","args":[{"element-6066-11e4-a52e-4f735466cecf":"f.3FF7B4B953F26D70078332F938F6BF9A.d.9A622F11E9F9FF83270A147675D67888.e.4919","ELEMENT":"f.3FF7B4B953F26D70078332F938F6BF9A.d.9A622F11E9F9FF83270A147675D67888.e.4919"}]}
COMMAND: POST /session/a8b4babba6878e6b6ef73b52bde1d370/execute/sync - {"script":"<script> [5351 bytes]","args":[{"element-6066-11e4-a52e-4f735466cecf":"f.3FF7B4B953F26D70078332F938F6BF9A.d.9A622F11E9F9FF83270A147675D67888.e.4919","ELEMENT":"f.3FF7B4B953F26D70078332F938F6BF9A.d.9A622F11E9F9FF83270A147675D67888.e.4919"}]}
COMMAND: GET /session/a8b4babba6878e6b6ef73b52bde1d370/screenshot - {}
RESULT: {}
RESULT: {"script":"<script> [5351 bytes]","args":[{"element-6066-11e4-a52e-4f735466cecf":"f.3FF7B4B953F26D70078332F938F6BF9A.d.9A622F11E9F9FF83270A147675D67888.e.4919","ELEMENT":"f.3FF7B4B953F26D70078332F938F6BF9A.d.9A622F11E9F9FF83270A147675D67888.e.4919"}]}
COMMAND: POST /session/a8b4babba6878e6b6ef73b52bde1d370/element/f.3FF7B4B953F26D70078332F938F6BF9A.d.9A622F11E9F9FF83270A147675D67888.e.4919/click - {}
COMMAND: GET /session/a8b4babba6878e6b6ef73b52bde1d370/screenshot - {}
RESULT: {}
RESULT: {}
COMMAND: GET /session/a8b4babba6878e6b6ef73b52bde1d370/screenshot - {}
RESULT: {}
COMMAND: POST /session/a8b4babba6878e6b6ef73b52bde1d370/execute/async - {"script":"<script> [1562 bytes]","args":[{"selector":{"id":"application-managesites-display-component---NewSite--addressDetailDetailsName1","interaction":{"idSuffix":"inner"}},"wdio_ui5_key":"applicationmanagesites-display-component---NewSite--addressDetailDetailsName1"}]}
RESULT: {}
RESULT: {"script":"<script> [1562 bytes]","args":[{"selector":{"id":"application-managesites-display-component---NewSite--addressDetailDetailsName1","interaction":{"idSuffix":"inner"}},"wdio_ui5_key":"applicationmanagesites-display-component---NewSite--addressDetailDetailsName1"}]}
RESULT: undefined
COMMAND: POST /session/a8b4babba6878e6b6ef73b52bde1d370/execute/async - {"script":"<script> [776 bytes]","args":[{"enterText":"Intracompany Site wdIO","selector":{"id":"application-managesites-display-component---NewSite--addressDetailDetailsName1","interaction":{"idSuffix":"inner"}},"clearTextFirst":true,"interactionType":"ENTER_TEXT"}]}
RESULT: {"script":"<script> [776 bytes]","args":[{"enterText":"Intracompany Site wdIO","selector":{"id":"application-managesites-display-component---NewSite--addressDetailDetailsName1","interaction":{"idSuffix":"inner"}},"clearTextFirst":true,"interactionType":"ENTER_TEXT"}]}
COMMAND: POST /session/a8b4babba6878e6b6ef73b52bde1d370/execute/async - {"script":"<script> [1562 bytes]","args":[{"selector":{"id":"application-managesites-display-component---NewSite--addressDetailDetailsLanguage-arrow"},"wdio_ui5_key":"applicationmanagesites-display-component---NewSite--addressDetailDetailsLanguage-arrow"}]}
RESULT: {"script":"<script> [1562 bytes]","args":[{"selector":{"id":"application-managesites-display-component---NewSite--addressDetailDetailsLanguage-arrow"},"wdio_ui5_key":"applicationmanagesites-display-component---NewSite--addressDetailDetailsLanguage-arrow"}]}
RESULT: undefined
COMMAND: POST /session/a8b4babba6878e6b6ef73b52bde1d370/element - {"using":"xpath","value":"//*[@id=\"application-managesites-display-component---NewSite--addressDetailDetailsLanguage-arrow\"]"}
RESULT: {"using":"xpath","value":"//*[@id=\"application-managesites-display-component---NewSite--addressDetailDetailsLanguage-arrow\"]"}
COMMAND: POST /session/a8b4babba6878e6b6ef73b52bde1d370/element/f.3FF7B4B953F26D70078332F938F6BF9A.d.9A622F11E9F9FF83270A147675D67888.e.5538/click - {}
RESULT: {}
COMMAND: POST /session/a8b4babba6878e6b6ef73b52bde1d370/element - {"using":"xpath","value":"//span[contains(text(), \"English\")]"}
COMMAND: GET /session/a8b4babba6878e6b6ef73b52bde1d370/screenshot - {}
RESULT: {"using":"xpath","value":"//span[contains(text(), \"English\")]"}
COMMAND: POST /session/a8b4babba6878e6b6ef73b52bde1d370/element/f.3FF7B4B953F26D70078332F938F6BF9A.d.9A622F11E9F9FF83270A147675D67888.e.5539/click - {}
RESULT: {}
RESULT: {}
COMMAND: POST /session/a8b4babba6878e6b6ef73b52bde1d370/execute/async - {"script":"<script> [1562 bytes]","args":[{"selector":{"id":"application-managesites-display-component---NewSite--addressDetailDetailsCity1","interaction":{"idSuffix":"inner"}},"wdio_ui5_key":"applicationmanagesites-display-component---NewSite--addressDetailDetailsCity1"}]}
COMMAND: GET /session/a8b4babba6878e6b6ef73b52bde1d370/screenshot - {}
RESULT: {"script":"<script> [1562 bytes]","args":[{"selector":{"id":"application-managesites-display-component---NewSite--addressDetailDetailsCity1","interaction":{"idSuffix":"inner"}},"wdio_ui5_key":"applicationmanagesites-display-component---NewSite--addressDetailDetailsCity1"}]}
RESULT: undefined
COMMAND: POST /session/a8b4babba6878e6b6ef73b52bde1d370/execute/async - {"script":"<script> [776 bytes]","args":[{"enterText":"Rosario","selector":{"id":"application-managesites-display-component---NewSite--addressDetailDetailsCity1","interaction":{"idSuffix":"inner"}},"clearTextFirst":true,"interactionType":"ENTER_TEXT"}]}
RESULT: {}
RESULT: {"script":"<script> [776 bytes]","args":[{"enterText":"Rosario","selector":{"id":"application-managesites-display-component---NewSite--addressDetailDetailsCity1","interaction":{"idSuffix":"inner"}},"clearTextFirst":true,"interactionType":"ENTER_TEXT"}]}
COMMAND: POST /session/a8b4babba6878e6b6ef73b52bde1d370/execute/async - {"script":"<script> [1562 bytes]","args":[{"selector":{"id":"application-managesites-display-component---NewSite--addressDetailDetailsCountry-arrow"},"wdio_ui5_key":"applicationmanagesites-display-component---NewSite--addressDetailDetailsCountry-arrow"}]}
RESULT: {"script":"<script> [1562 bytes]","args":[{"selector":{"id":"application-managesites-display-component---NewSite--addressDetailDetailsCountry-arrow"},"wdio_ui5_key":"applicationmanagesites-display-component---NewSite--addressDetailDetailsCountry-arrow"}]}
RESULT: undefined
COMMAND: POST /session/a8b4babba6878e6b6ef73b52bde1d370/element - {"using":"xpath","value":"//*[@id=\"application-managesites-display-component---NewSite--addressDetailDetailsCountry-arrow\"]"}
RESULT: {"using":"xpath","value":"//*[@id=\"application-managesites-display-component---NewSite--addressDetailDetailsCountry-arrow\"]"}
COMMAND: POST /session/a8b4babba6878e6b6ef73b52bde1d370/element/f.3FF7B4B953F26D70078332F938F6BF9A.d.9A622F11E9F9FF83270A147675D67888.e.5541/click - {}
RESULT: {}
COMMAND: POST /session/a8b4babba6878e6b6ef73b52bde1d370/element - {"using":"xpath","value":"//span[contains(text(), \"Argentina\")]"}
COMMAND: GET /session/a8b4babba6878e6b6ef73b52bde1d370/screenshot - {}
RESULT: {"using":"xpath","value":"//span[contains(text(), \"Argentina\")]"}
COMMAND: POST /session/a8b4babba6878e6b6ef73b52bde1d370/element/f.3FF7B4B953F26D70078332F938F6BF9A.d.9A622F11E9F9FF83270A147675D67888.e.5542/click - {}
RESULT: {}
RESULT: {}
COMMAND: GET /session/a8b4babba6878e6b6ef73b52bde1d370/screenshot - {}
RESULT: {}
COMMAND: POST /session/a8b4babba6878e6b6ef73b52bde1d370/execute/async - {"script":"<script> [1562 bytes]","args":[{"selector":{"id":"application-managesites-display-component---NewSite--addressEditDetailsCostObjectCstType-arrow"},"wdio_ui5_key":"applicationmanagesites-display-component---NewSite--addressEditDetailsCostObjectCstType-arrow"}]}
RESULT: {"script":"<script> [1562 bytes]","args":[{"selector":{"id":"application-managesites-display-component---NewSite--addressEditDetailsCostObjectCstType-arrow"},"wdio_ui5_key":"applicationmanagesites-display-component---NewSite--addressEditDetailsCostObjectCstType-arrow"}]}
RESULT: undefined
COMMAND: POST /session/a8b4babba6878e6b6ef73b52bde1d370/element - {"using":"xpath","value":"//*[@id=\"application-managesites-display-component---NewSite--addressEditDetailsCostObjectCstType-arrow\"]"}
RESULT: {"using":"xpath","value":"//*[@id=\"application-managesites-display-component---NewSite--addressEditDetailsCostObjectCstType-arrow\"]"}
COMMAND: POST /session/a8b4babba6878e6b6ef73b52bde1d370/element/f.3FF7B4B953F26D70078332F938F6BF9A.d.9A622F11E9F9FF83270A147675D67888.e.5544/click - {}
RESULT: {}
COMMAND: POST /session/a8b4babba6878e6b6ef73b52bde1d370/element - {"using":"xpath","value":"//span[contains(text(), \"Cost Center\")]"}
COMMAND: GET /session/a8b4babba6878e6b6ef73b52bde1d370/screenshot - {}
RESULT: {"using":"xpath","value":"//span[contains(text(), \"Cost Center\")]"}
COMMAND: POST /session/a8b4babba6878e6b6ef73b52bde1d370/element/f.3FF7B4B953F26D70078332F938F6BF9A.d.9A622F11E9F9FF83270A147675D67888.e.5545/click - {}
RESULT: {}
RESULT: {}
COMMAND: GET /session/a8b4babba6878e6b6ef73b52bde1d370/screenshot - {}
RESULT: {}
COMMAND: POST /session/a8b4babba6878e6b6ef73b52bde1d370/element - {"using":"xpath","value":"//span[@id=\"application-managesites-display-component---NewSite--addressNewCostObjectCstID-vhi\"]"}
RESULT: {"using":"xpath","value":"//span[@id=\"application-managesites-display-component---NewSite--addressNewCostObjectCstID-vhi\"]"}
COMMAND: POST /session/a8b4babba6878e6b6ef73b52bde1d370/execute/sync - {"script":"<script> [8489 bytes]","args":[{"element-6066-11e4-a52e-4f735466cecf":"f.3FF7B4B953F26D70078332F938F6BF9A.d.9A622F11E9F9FF83270A147675D67888.e.5550","ELEMENT":"f.3FF7B4B953F26D70078332F938F6BF9A.d.9A622F11E9F9FF83270A147675D67888.e.5550"}]}
RESULT: {"script":"<script> [8489 bytes]","args":[{"element-6066-11e4-a52e-4f735466cecf":"f.3FF7B4B953F26D70078332F938F6BF9A.d.9A622F11E9F9FF83270A147675D67888.e.5550","ELEMENT":"f.3FF7B4B953F26D70078332F938F6BF9A.d.9A622F11E9F9FF83270A147675D67888.e.5550"}]}
COMMAND: POST /session/a8b4babba6878e6b6ef73b52bde1d370/execute/async - {"script":"<script> [1562 bytes]","args":[{"selector":{"id":"application-managesites-display-component---NewSite--addressNewCostObjectCstID-vhi"},"wdio_ui5_key":"applicationmanagesites-display-component---NewSite--addressNewCostObjectCstID-vhi"}]}
COMMAND: GET /session/a8b4babba6878e6b6ef73b52bde1d370/screenshot - {}
RESULT: {"script":"<script> [1562 bytes]","args":[{"selector":{"id":"application-managesites-display-component---NewSite--addressNewCostObjectCstID-vhi"},"wdio_ui5_key":"applicationmanagesites-display-component---NewSite--addressNewCostObjectCstID-vhi"}]}
RESULT: undefined
COMMAND: POST /session/a8b4babba6878e6b6ef73b52bde1d370/element - {"using":"xpath","value":"//*[@id=\"application-managesites-display-component---NewSite--addressNewCostObjectCstID-vhi\"]"}
RESULT: {}
RESULT: {"using":"xpath","value":"//*[@id=\"application-managesites-display-component---NewSite--addressNewCostObjectCstID-vhi\"]"}
COMMAND: POST /session/a8b4babba6878e6b6ef73b52bde1d370/element/f.3FF7B4B953F26D70078332F938F6BF9A.d.9A622F11E9F9FF83270A147675D67888.e.5550/click - {}
RESULT: {}
COMMAND: GET /session/a8b4babba6878e6b6ef73b52bde1d370/screenshot - {}
RESULT: {}
RESULT: undefined
COMMAND: POST /session/a8b4babba6878e6b6ef73b52bde1d370/execute/async - {"script":"<script> [776 bytes]","args":[{"enterText":"10001013","selector":{"controlType":"sap.m.SearchField","properties":{"placeholder":"Search"},"searchOpenDialogs":true,"interaction":{"idSuffix":"I"}},"clearTextFirst":true,"interactionType":"ENTER_TEXT"}]}
RESULT: {"script":"<script> [776 bytes]","args":[{"enterText":"10001013","selector":{"controlType":"sap.m.SearchField","properties":{"placeholder":"Search"},"searchOpenDialogs":true,"interaction":{"idSuffix":"I"}},"clearTextFirst":true,"interactionType":"ENTER_TEXT"}]}
COMMAND: POST /session/a8b4babba6878e6b6ef73b52bde1d370/actions - {"actions":[{"id":"action16","type":"key","parameters":{},"actions":[{"type":"keyDown","value":"î€‡"},{"type":"pause","duration":10},{"type":"keyUp","value":"î€‡"}]}]}
RESULT: {"actions":[{"id":"action16","type":"key","parameters":{},"actions":[{"type":"keyDown","value":"î€‡"},{"type":"pause","duration":10},{"type":"keyUp","value":"î€‡"}]}]}
COMMAND: GET /session/a8b4babba6878e6b6ef73b52bde1d370/screenshot - {}
RESULT: {}
COMMAND: POST /session/a8b4babba6878e6b6ef73b52bde1d370/element - {"using":"xpath","value":"//span[contains(text(), \"General Management\")]"}
RESULT: {"using":"xpath","value":"//span[contains(text(), \"General Management\")]"}
COMMAND: POST /session/a8b4babba6878e6b6ef73b52bde1d370/element/f.3FF7B4B953F26D70078332F938F6BF9A.d.9A622F11E9F9FF83270A147675D67888.e.5590/click - {}
RESULT: {}
COMMAND: GET /session/a8b4babba6878e6b6ef73b52bde1d370/screenshot - {}
RESULT: {}
COMMAND: POST /session/a8b4babba6878e6b6ef73b52bde1d370/element - {"using":"xpath","value":"//bdi[contains(text(), \"OK\")]"}
RESULT: {"using":"xpath","value":"//bdi[contains(text(), \"OK\")]"}
COMMAND: POST /session/a8b4babba6878e6b6ef73b52bde1d370/element/f.3FF7B4B953F26D70078332F938F6BF9A.d.9A622F11E9F9FF83270A147675D67888.e.5591/click - {}
RESULT: {}
COMMAND: GET /session/a8b4babba6878e6b6ef73b52bde1d370/screenshot - {}
RESULT: {}
COMMAND: POST /session/a8b4babba6878e6b6ef73b52bde1d370/element - {"using":"xpath","value":"//input[@id=\"application-managesites-display-component---NewSite--addressDetailDetailsCalendar-inner\"]"}
RESULT: {"using":"xpath","value":"//input[@id=\"application-managesites-display-component---NewSite--addressDetailDetailsCalendar-inner\"]"}
COMMAND: POST /session/a8b4babba6878e6b6ef73b52bde1d370/element/f.3FF7B4B953F26D70078332F938F6BF9A.d.9A622F11E9F9FF83270A147675D67888.e.5336/clear - {}
RESULT: {}
COMMAND: POST /session/a8b4babba6878e6b6ef73b52bde1d370/element/f.3FF7B4B953F26D70078332F938F6BF9A.d.9A622F11E9F9FF83270A147675D67888.e.5336/value - {"text":"Unit"}
COMMAND: GET /session/a8b4babba6878e6b6ef73b52bde1d370/screenshot - {}
RESULT: {"text":"Unit"}
COMMAND: GET /session/a8b4babba6878e6b6ef73b52bde1d370/screenshot - {}
RESULT: {}
RESULT: {}
COMMAND: POST /session/a8b4babba6878e6b6ef73b52bde1d370/actions - {"actions":[{"id":"action17","type":"key","parameters":{},"actions":[{"type":"keyDown","value":"î€‡"},{"type":"pause","duration":10},{"type":"keyUp","value":"î€‡"}]}]}
RESULT: {"actions":[{"id":"action17","type":"key","parameters":{},"actions":[{"type":"keyDown","value":"î€‡"},{"type":"pause","duration":10},{"type":"keyUp","value":"î€‡"}]}]}
COMMAND: POST /session/a8b4babba6878e6b6ef73b52bde1d370/element - {"using":"xpath","value":"//input[@id=\"application-managesites-display-component---NewSite--addressDetailDetailsYard-inner\"]"}
COMMAND: GET /session/a8b4babba6878e6b6ef73b52bde1d370/screenshot - {}
RESULT: {"using":"xpath","value":"//input[@id=\"application-managesites-display-component---NewSite--addressDetailDetailsYard-inner\"]"}
COMMAND: POST /session/a8b4babba6878e6b6ef73b52bde1d370/element/f.3FF7B4B953F26D70078332F938F6BF9A.d.9A622F11E9F9FF83270A147675D67888.e.5337/clear - {}
RESULT: {}
RESULT: {}
COMMAND: POST /session/a8b4babba6878e6b6ef73b52bde1d370/element/f.3FF7B4B953F26D70078332F938F6BF9A.d.9A622F11E9F9FF83270A147675D67888.e.5337/value - {"text":"312"}
COMMAND: GET /session/a8b4babba6878e6b6ef73b52bde1d370/screenshot - {}
RESULT: {"text":"312"}
COMMAND: GET /session/a8b4babba6878e6b6ef73b52bde1d370/screenshot - {}
RESULT: {}
RESULT: {}
COMMAND: POST /session/a8b4babba6878e6b6ef73b52bde1d370/element - {"using":"xpath","value":"//li[.//span[text()='312']]"}
RESULT: {"using":"xpath","value":"//li[.//span[text()='312']]"}
COMMAND: POST /session/a8b4babba6878e6b6ef73b52bde1d370/element/f.3FF7B4B953F26D70078332F938F6BF9A.d.9A622F11E9F9FF83270A147675D67888.e.5599/click - {}
RESULT: {}
COMMAND: GET /session/a8b4babba6878e6b6ef73b52bde1d370/screenshot - {}
RESULT: {}
COMMAND: POST /session/a8b4babba6878e6b6ef73b52bde1d370/element - {"using":"xpath","value":"//input[@id=\"application-managesites-display-component---NewSite--addressDetailDetailsPartner-inner\"]"}
RESULT: {"using":"xpath","value":"//input[@id=\"application-managesites-display-component---NewSite--addressDetailDetailsPartner-inner\"]"}
COMMAND: POST /session/a8b4babba6878e6b6ef73b52bde1d370/element - {"using":"xpath","value":"//input[@id=\"application-managesites-display-component---NewSite--addressDetailDetailsPartner-inner\"]"}
RESULT: {"using":"xpath","value":"//input[@id=\"application-managesites-display-component---NewSite--addressDetailDetailsPartner-inner\"]"}
COMMAND: POST /session/a8b4babba6878e6b6ef73b52bde1d370/element - {"using":"xpath","value":"//button[@data-kt=\"saveButton\"]"}
RESULT: {"using":"xpath","value":"//button[@data-kt=\"saveButton\"]"}
COMMAND: POST /session/a8b4babba6878e6b6ef73b52bde1d370/element/f.3FF7B4B953F26D70078332F938F6BF9A.d.9A622F11E9F9FF83270A147675D67888.e.5519/click - {}
RESULT: {}
COMMAND: GET /session/a8b4babba6878e6b6ef73b52bde1d370/screenshot - {}
RESULT: {}
COMMAND: POST /session/a8b4babba6878e6b6ef73b52bde1d370/element - {"using":"xpath","value":"//header[contains(@id, 'ObjectPageLayout-headerTitle')]/div[1]/div[2]/div[2]/span[1]"}
RESULT: {"using":"xpath","value":"//header[contains(@id, 'ObjectPageLayout-headerTitle')]/div[1]/div[2]/div[2]/span[1]"}
COMMAND: POST /session/a8b4babba6878e6b6ef73b52bde1d370/elements - {"using":"xpath","value":"//header[contains(@id, 'ObjectPageLayout-headerTitle')]/div[1]/div[2]/div[2]/span[1]"}
RESULT: {"using":"xpath","value":"//header[contains(@id, 'ObjectPageLayout-headerTitle')]/div[1]/div[2]/div[2]/span[1]"}
COMMAND: POST /session/a8b4babba6878e6b6ef73b52bde1d370/execute/sync - {"script":"<script> [56 bytes]","args":[{"element-6066-11e4-a52e-4f735466cecf":"f.3FF7B4B953F26D70078332F938F6BF9A.d.9A622F11E9F9FF83270A147675D67888.e.5801","ELEMENT":"f.3FF7B4B953F26D70078332F938F6BF9A.d.9A622F11E9F9FF83270A147675D67888.e.5801"}]}
RESULT: {"script":"<script> [56 bytes]","args":[{"element-6066-11e4-a52e-4f735466cecf":"f.3FF7B4B953F26D70078332F938F6BF9A.d.9A622F11E9F9FF83270A147675D67888.e.5801","ELEMENT":"f.3FF7B4B953F26D70078332F938F6BF9A.d.9A622F11E9F9FF83270A147675D67888.e.5801"}]}
COMMAND: POST /session/a8b4babba6878e6b6ef73b52bde1d370/element - {"using":"css selector","value":"#shell-header-logo"}
COMMAND: GET /session/a8b4babba6878e6b6ef73b52bde1d370/screenshot - {}
RESULT: {"using":"css selector","value":"#shell-header-logo"}
COMMAND: POST /session/a8b4babba6878e6b6ef73b52bde1d370/element/f.3FF7B4B953F26D70078332F938F6BF9A.d.9A622F11E9F9FF83270A147675D67888.e.4884/click - {}
RESULT: {}
RESULT: {}
COMMAND: GET /session/a8b4babba6878e6b6ef73b52bde1d370/screenshot - {}
RESULT: {}
COMMAND: POST /session/a8b4babba6878e6b6ef73b52bde1d370/execute/sync - {"script":"<script> [299 bytes]","args":[["getModel","getResource"]]}
RESULT: {"script":"<script> [299 bytes]","args":[["getModel","getResource"]]}
COMMAND: POST /session/a8b4babba6878e6b6ef73b52bde1d370/element - {"using":"xpath","value":"//button[.//bdi[contains(text(), \"Close\")]]"}
COMMAND: GET /session/a8b4babba6878e6b6ef73b52bde1d370/screenshot - {}
RESULT: {"using":"xpath","value":"//button[.//bdi[contains(text(), \"Close\")]]"}
COMMAND: POST /session/a8b4babba6878e6b6ef73b52bde1d370/element/f.3FF7B4B953F26D70078332F938F6BF9A.d.9A622F11E9F9FF83270A147675D67888.e.5802/click - {}
RESULT: {}
RESULT: {}
COMMAND: GET /session/a8b4babba6878e6b6ef73b52bde1d370/screenshot - {}
RESULT: {}
COMMAND: POST /session/a8b4babba6878e6b6ef73b52bde1d370/refresh - {}
RESULT: {}
COMMAND: GET /session/a8b4babba6878e6b6ef73b52bde1d370/screenshot - {}
RESULT: {}
COMMAND: POST /session/a8b4babba6878e6b6ef73b52bde1d370/refresh - {}
RESULT: {}
COMMAND: GET /session/a8b4babba6878e6b6ef73b52bde1d370/screenshot - {}
RESULT: {}
COMMAND: POST /session/a8b4babba6878e6b6ef73b52bde1d370/window/fullscreen - {}
RESULT: {}
COMMAND: POST /session/a8b4babba6878e6b6ef73b52bde1d370/execute/async - {"script":"<script> [189 bytes]","args":[]}
RESULT: {"script":"<script> [189 bytes]","args":[]}
COMMAND: POST /session/a8b4babba6878e6b6ef73b52bde1d370/execute/async - {"script":"<script> [123 bytes]","args":[]}
RESULT: {"script":"<script> [123 bytes]","args":[]}
COMMAND: POST /session/a8b4babba6878e6b6ef73b52bde1d370/timeouts - {"script":"<number>"}
RESULT: {"script":"<number>"}
COMMAND: GET /session/a8b4babba6878e6b6ef73b52bde1d370/timeouts - {}
RESULT: {}
RESULT: undefined
COMMAND: POST /session/a8b4babba6878e6b6ef73b52bde1d370/execute/async - {"script":"<script> [2676 bytes]","args":[]}
RESULT: {"script":"<script> [2676 bytes]","args":[]}
COMMAND: POST /session/a8b4babba6878e6b6ef73b52bde1d370/execute/async - {"script":"<script> [2342 bytes]","args":[{"protocol":"http","hostname":"0.0.0.0","path":"/","capabilities":{"browserName":"chrome","goog:chromeOptions":{"binary":"C:\\Program Files\\Google\\Chrome\\Application\\chrome.exe","args":["--start-maximized"]}},"logLevel":"warn","connectionRetryTimeout":120000,"connectionRetryCount":3,"logLevels":{},"enableDirectConnect":true,"strictSSL":true,"_":"65 more keys: [\"cacheDir\",\"port\",\"requestedCapabilities\",\"automationProtocol\",\"baseUrl\",\"waitforInterval\",\"waitforTimeout\",\"onReload\",\"beforeCommand\",\"afterCommand\",\"rootDir\",\"specs\",\"suites\",\"exclude\",\"groupLogsByTestSpec\",\"excludeDriverLogs\",\"bail\",\"framework\",\"reporters\",\"services\",\"maxInstances\",\"maxInstancesPerCapability\",\"injectGlobals\",\"filesToWatch\",\"execArgv\",\"runnerEnv\",\"runner\",\"shard\",\"specFileRetries\",\"specFileRetriesDelay\",\"specFileRetriesDeferred\",\"reporterSyncInterval\",\"reporterSyncTimeout\",\"cucumberFeaturesWithLineNumbers\",\"autoCompileOpts\",\"mochaOpts\",\"jasmineOpts\",\"cucumberOpts\",\"onPrepare\",\"onWorkerStart\",\"onWorkerEnd\",\"before\",\"beforeSession\",\"beforeSuite\",\"beforeHook\",\"beforeTest\",\"afterTest\",\"afterHook\",\"afterSuite\",\"afterSession\",\"after\",\"onComplete\",\"beforeAssertion\",\"afterAssertion\",\"beforeFeature\",\"beforeScenario\",\"beforeStep\",\"afterStep\",\"afterScenario\",\"afterFeature\",\"_\",\"suite\",\"$0\",\"ignoredWorkerServices\",\"wdi5\"]"}]}
RESULT: {"script":"<script> [2342 bytes]","args":[{"protocol":"http","hostname":"0.0.0.0","path":"/","capabilities":{"browserName":"chrome","goog:chromeOptions":{"binary":"C:\\Program Files\\Google\\Chrome\\Application\\chrome.exe","args":["--start-maximized"]}},"logLevel":"warn","connectionRetryTimeout":120000,"connectionRetryCount":3,"logLevels":{},"enableDirectConnect":true,"strictSSL":true,"_":"65 more keys: [\"cacheDir\",\"port\",\"requestedCapabilities\",\"automationProtocol\",\"baseUrl\",\"waitforInterval\",\"waitforTimeout\",\"onReload\",\"beforeCommand\",\"afterCommand\",\"rootDir\",\"specs\",\"suites\",\"exclude\",\"groupLogsByTestSpec\",\"excludeDriverLogs\",\"bail\",\"framework\",\"reporters\",\"services\",\"maxInstances\",\"maxInstancesPerCapability\",\"injectGlobals\",\"filesToWatch\",\"execArgv\",\"runnerEnv\",\"runner\",\"shard\",\"specFileRetries\",\"specFileRetriesDelay\",\"specFileRetriesDeferred\",\"reporterSyncInterval\",\"reporterSyncTimeout\",\"cucumberFeaturesWithLineNumbers\",\"autoCompileOpts\",\"mochaOpts\",\"jasmineOpts\",\"cucumberOpts\",\"onPrepare\",\"onWorkerStart\",\"onWorkerEnd\",\"before\",\"beforeSession\",\"beforeSuite\",\"beforeHook\",\"beforeTest\",\"afterTest\",\"afterHook\",\"afterSuite\",\"afterSession\",\"after\",\"onComplete\",\"beforeAssertion\",\"afterAssertion\",\"beforeFeature\",\"beforeScenario\",\"beforeStep\",\"afterStep\",\"afterScenario\",\"afterFeature\",\"_\",\"suite\",\"$0\",\"ignoredWorkerServices\",\"wdi5\"]"}]}
COMMAND: POST /session/a8b4babba6878e6b6ef73b52bde1d370/execute/async - {"script":"<script> [21126 bytes]","args":[35000]}
RESULT: {"script":"<script> [21126 bytes]","args":[35000]}
COMMAND: POST /session/a8b4babba6878e6b6ef73b52bde1d370/window/fullscreen - {}
RESULT: {}
]]></system-out>
    </testcase>
  </testsuite>
  <testsuite timestamp="2025-04-28T06:54:43" time="624.343" tests="12" failures="9" errors="9" skipped="0">
    <properties>
      <property name="specId" value="0" />
      <property name="suiteName" value="Billing transfer US117289" />
      <property name="capabilities" value="chrome.135_0_7049_96.windows" />
      <property name="file" value="file:///D:/a/1/s/test/specs/BTS/billing-transfer.spec.js" />
    </properties>
    <testcase classname="chrome.135_0_7049_96.windows.Billing_transfer_US117289" name="Should create a new yard" time="0.011">
      <system-out><![CDATA[
COMMAND: POST /session/a8b4babba6878e6b6ef73b52bde1d370/window/fullscreen - {}
RESULT: {}
]]></system-out>
    </testcase>
    <testcase classname="chrome.135_0_7049_96.windows.Billing_transfer_US117289" name="Should create a new partner" time="0.003" />
    <testcase classname="chrome.135_0_7049_96.windows.Billing_transfer_US117289" name="Should create a new site" time="0.003" />
  </testsuite>
  <testsuite timestamp="2025-04-28T07:05:07" time="616.13" tests="12" failures="9" errors="9" skipped="0">
    <properties>
      <property name="specId" value="0" />
      <property name="suiteName" value="Create Reverse Billing US127248" />
      <property name="capabilities" value="chrome.135_0_7049_96.windows" />
      <property name="file" value="file:///D:/a/1/s/test/specs/BTS/reverse-billing.spec.js" />
    </properties>
    <testcase classname="chrome.135_0_7049_96.windows.Create_Reverse_Billing_US127248" name="Should create a new yard" time="0.01">
      <system-out><![CDATA[
COMMAND: POST /session/a8b4babba6878e6b6ef73b52bde1d370/window/fullscreen - {}
RESULT: {}
]]></system-out>
    </testcase>
    <testcase classname="chrome.135_0_7049_96.windows.Create_Reverse_Billing_US127248" name="Should create a new partner" time="0.004" />
    <testcase classname="chrome.135_0_7049_96.windows.Create_Reverse_Billing_US127248" name="Should create a new site" time="0.004" />
  </testsuite>
</testsuites>