<?xml version="1.0" encoding="UTF-8"?>
<testsuites tests="49" failures="0" errors="0" skipped="0">
  <testsuite timestamp="2025-06-05T15:07:08" time="1839.99" tests="49" failures="0" errors="0" skipped="0">
    <properties>
      <property name="specId" value="0" />
      <property name="suiteName" value="Sanity Tests US104253" />
      <property name="capabilities" value="chrome.137_0_7151_69.windows" />
      <property name="file" value="file:///D:/a/1/s/test/specs/General/sanity.spec.js" />
    </properties>
    <testcase classname="chrome.137_0_7151_69.windows.Sanity_Tests_US104253" name="Should open Manage Partners page" time="36.694">
      <system-out><![CDATA[
COMMAND: POST /session/8179189192b6e8199f2c8c0ed4dbe55e/execute/async - {"script":"<script> [1562 bytes]","args":[{"selector":{"controlType":"sap.m.GenericTile","properties":{"header":"Manage Partners"}},"wdio_ui5_key":"sapm.GenericTile{\"header\":\"Manage Partners\"}"}]}
RESULT: {"script":"<script> [1562 bytes]","args":[{"selector":{"controlType":"sap.m.GenericTile","properties":{"header":"Manage Partners"}},"wdio_ui5_key":"sapm.GenericTile{\"header\":\"Manage Partners\"}"}]}
RESULT: undefined
COMMAND: POST /session/8179189192b6e8199f2c8c0ed4dbe55e/element - {"using":"xpath","value":"//*[@id=\"__tile38\"]"}
RESULT: {"using":"xpath","value":"//*[@id=\"__tile38\"]"}
COMMAND: POST /session/8179189192b6e8199f2c8c0ed4dbe55e/element/f.B21277114AAE32FBBA00628FF0F6C8E7.d.C060C897B1035F49D16B395A5D66229A.e.116/click - {}
RESULT: {}
COMMAND: GET /session/8179189192b6e8199f2c8c0ed4dbe55e/screenshot - {}
RESULT: {}
COMMAND: POST /session/8179189192b6e8199f2c8c0ed4dbe55e/elements - {"using":"xpath","value":"//span[text()='Error']"}
RESULT: {"using":"xpath","value":"//span[text()='Error']"}
RESULT: undefined
COMMAND: POST /session/8179189192b6e8199f2c8c0ed4dbe55e/element - {"using":"xpath","value":"//*[@id=\"__tile38\"]"}
RESULT: {"using":"xpath","value":"//*[@id=\"__tile38\"]"}
COMMAND: POST /session/8179189192b6e8199f2c8c0ed4dbe55e/element/f.B21277114AAE32FBBA00628FF0F6C8E7.d.C060C897B1035F49D16B395A5D66229A.e.116/click - {}
RESULT: undefined
COMMAND: POST /session/8179189192b6e8199f2c8c0ed4dbe55e/element - {"using":"xpath","value":"//*[@id=\"__tile38\"]"}
RESULT: {"using":"xpath","value":"//*[@id=\"__tile38\"]"}
COMMAND: POST /session/8179189192b6e8199f2c8c0ed4dbe55e/element/f.B21277114AAE32FBBA00628FF0F6C8E7.d.C060C897B1035F49D16B395A5D66229A.e.116/click - {}
COMMAND: POST /session/8179189192b6e8199f2c8c0ed4dbe55e/execute/async - {"script":"<script> [1562 bytes]","args":[{"selector":{"id":"shellAppTitle"},"wdio_ui5_key":"shellAppTitle"}]}
RESULT: {"script":"<script> [1562 bytes]","args":[{"selector":{"id":"shellAppTitle"},"wdio_ui5_key":"shellAppTitle"}]}
RESULT: undefined
COMMAND: POST /session/8179189192b6e8199f2c8c0ed4dbe55e/execute/async - {"script":"<script> [6424 bytes]","args":[{"element-6066-11e4-a52e-4f735466cecf":"f.B21277114AAE32FBBA00628FF0F6C8E7.d.C060C897B1035F49D16B395A5D66229A.e.290"},"getTitle",[]]}
RESULT: {"script":"<script> [6424 bytes]","args":[{"element-6066-11e4-a52e-4f735466cecf":"f.B21277114AAE32FBBA00628FF0F6C8E7.d.C060C897B1035F49D16B395A5D66229A.e.290"},"getTitle",[]]}
COMMAND: POST /session/8179189192b6e8199f2c8c0ed4dbe55e/execute/async - {"script":"<script> [1562 bytes]","args":[{"selector":{"id":"backBtn"},"wdio_ui5_key":"backBtn"}]}
RESULT: {"script":"<script> [1562 bytes]","args":[{"selector":{"id":"backBtn"},"wdio_ui5_key":"backBtn"}]}
RESULT: undefined
COMMAND: POST /session/8179189192b6e8199f2c8c0ed4dbe55e/element - {"using":"xpath","value":"//*[@id=\"backBtn\"]"}
RESULT: {"using":"xpath","value":"//*[@id=\"backBtn\"]"}
COMMAND: POST /session/8179189192b6e8199f2c8c0ed4dbe55e/element/f.B21277114AAE32FBBA00628FF0F6C8E7.d.C060C897B1035F49D16B395A5D66229A.e.291/click - {}
RESULT: {}
COMMAND: GET /session/8179189192b6e8199f2c8c0ed4dbe55e/screenshot - {}
RESULT: {}
]]></system-out>
    </testcase>
    <testcase classname="chrome.137_0_7151_69.windows.Sanity_Tests_US104253" name="Should open Manage Sites page" time="35.999">
      <system-out><![CDATA[
COMMAND: POST /session/8179189192b6e8199f2c8c0ed4dbe55e/execute/async - {"script":"<script> [1562 bytes]","args":[{"selector":{"controlType":"sap.m.GenericTile","properties":{"header":"Manage Sites"}},"wdio_ui5_key":"sapm.GenericTile{\"header\":\"Manage Sites\"}"}]}
RESULT: {"script":"<script> [1562 bytes]","args":[{"selector":{"controlType":"sap.m.GenericTile","properties":{"header":"Manage Sites"}},"wdio_ui5_key":"sapm.GenericTile{\"header\":\"Manage Sites\"}"}]}
RESULT: undefined
COMMAND: POST /session/8179189192b6e8199f2c8c0ed4dbe55e/element - {"using":"xpath","value":"//*[@id=\"__tile40\"]"}
RESULT: {"using":"xpath","value":"//*[@id=\"__tile40\"]"}
COMMAND: POST /session/8179189192b6e8199f2c8c0ed4dbe55e/element/f.B21277114AAE32FBBA00628FF0F6C8E7.d.C060C897B1035F49D16B395A5D66229A.e.110/click - {}
RESULT: {}
COMMAND: GET /session/8179189192b6e8199f2c8c0ed4dbe55e/screenshot - {}
RESULT: {}
COMMAND: POST /session/8179189192b6e8199f2c8c0ed4dbe55e/elements - {"using":"xpath","value":"//span[text()='Error']"}
RESULT: {"using":"xpath","value":"//span[text()='Error']"}
RESULT: undefined
COMMAND: POST /session/8179189192b6e8199f2c8c0ed4dbe55e/element - {"using":"xpath","value":"//*[@id=\"__tile40\"]"}
RESULT: {"using":"xpath","value":"//*[@id=\"__tile40\"]"}
COMMAND: POST /session/8179189192b6e8199f2c8c0ed4dbe55e/element/f.B21277114AAE32FBBA00628FF0F6C8E7.d.C060C897B1035F49D16B395A5D66229A.e.110/click - {}
RESULT: undefined
COMMAND: POST /session/8179189192b6e8199f2c8c0ed4dbe55e/element - {"using":"xpath","value":"//*[@id=\"__tile40\"]"}
RESULT: {"using":"xpath","value":"//*[@id=\"__tile40\"]"}
COMMAND: POST /session/8179189192b6e8199f2c8c0ed4dbe55e/element/f.B21277114AAE32FBBA00628FF0F6C8E7.d.C060C897B1035F49D16B395A5D66229A.e.110/click - {}
RESULT: undefined
COMMAND: POST /session/8179189192b6e8199f2c8c0ed4dbe55e/execute/async - {"script":"<script> [6424 bytes]","args":[{"element-6066-11e4-a52e-4f735466cecf":"f.B21277114AAE32FBBA00628FF0F6C8E7.d.C060C897B1035F49D16B395A5D66229A.e.290"},"getTitle",[]]}
COMMAND: POST /session/8179189192b6e8199f2c8c0ed4dbe55e/execute/async - {"script":"<script> [1562 bytes]","args":[{"selector":{"id":"shellAppTitle"},"wdio_ui5_key":"shellAppTitle"}]}
RESULT: {"script":"<script> [1562 bytes]","args":[{"selector":{"id":"shellAppTitle"},"wdio_ui5_key":"shellAppTitle"}]}
COMMAND: POST /session/8179189192b6e8199f2c8c0ed4dbe55e/execute/async - {"script":"<script> [6424 bytes]","args":[{"element-6066-11e4-a52e-4f735466cecf":"f.B21277114AAE32FBBA00628FF0F6C8E7.d.C060C897B1035F49D16B395A5D66229A.e.482"},"getTitle",[]]}
RESULT: {"script":"<script> [6424 bytes]","args":[{"element-6066-11e4-a52e-4f735466cecf":"f.B21277114AAE32FBBA00628FF0F6C8E7.d.C060C897B1035F49D16B395A5D66229A.e.482"},"getTitle",[]]}
RESULT: undefined
COMMAND: POST /session/8179189192b6e8199f2c8c0ed4dbe55e/element/f.B21277114AAE32FBBA00628FF0F6C8E7.d.C060C897B1035F49D16B395A5D66229A.e.291/click - {}
RESULT: {}
COMMAND: GET /session/8179189192b6e8199f2c8c0ed4dbe55e/screenshot - {}
RESULT: {}
]]></system-out>
    </testcase>
    <testcase classname="chrome.137_0_7151_69.windows.Sanity_Tests_US104253" name="Should open Manage Resources page" time="36.028">
      <system-out><![CDATA[
COMMAND: POST /session/8179189192b6e8199f2c8c0ed4dbe55e/execute/async - {"script":"<script> [1562 bytes]","args":[{"selector":{"controlType":"sap.m.GenericTile","properties":{"header":"Manage Resources"}},"wdio_ui5_key":"sapm.GenericTile{\"header\":\"Manage Resources\"}"}]}
RESULT: {"script":"<script> [1562 bytes]","args":[{"selector":{"controlType":"sap.m.GenericTile","properties":{"header":"Manage Resources"}},"wdio_ui5_key":"sapm.GenericTile{\"header\":\"Manage Resources\"}"}]}
RESULT: undefined
COMMAND: POST /session/8179189192b6e8199f2c8c0ed4dbe55e/element - {"using":"xpath","value":"//*[@id=\"__tile39\"]"}
RESULT: {"using":"xpath","value":"//*[@id=\"__tile39\"]"}
COMMAND: POST /session/8179189192b6e8199f2c8c0ed4dbe55e/element/f.B21277114AAE32FBBA00628FF0F6C8E7.d.C060C897B1035F49D16B395A5D66229A.e.484/click - {}
RESULT: {}
COMMAND: GET /session/8179189192b6e8199f2c8c0ed4dbe55e/screenshot - {}
RESULT: {}
COMMAND: POST /session/8179189192b6e8199f2c8c0ed4dbe55e/elements - {"using":"xpath","value":"//span[text()='Error']"}
RESULT: {"using":"xpath","value":"//span[text()='Error']"}
RESULT: undefined
COMMAND: POST /session/8179189192b6e8199f2c8c0ed4dbe55e/element - {"using":"xpath","value":"//*[@id=\"__tile39\"]"}
RESULT: {"using":"xpath","value":"//*[@id=\"__tile39\"]"}
COMMAND: POST /session/8179189192b6e8199f2c8c0ed4dbe55e/element/f.B21277114AAE32FBBA00628FF0F6C8E7.d.C060C897B1035F49D16B395A5D66229A.e.484/click - {}
RESULT: undefined
COMMAND: POST /session/8179189192b6e8199f2c8c0ed4dbe55e/element - {"using":"xpath","value":"//*[@id=\"__tile39\"]"}
RESULT: {"using":"xpath","value":"//*[@id=\"__tile39\"]"}
COMMAND: POST /session/8179189192b6e8199f2c8c0ed4dbe55e/element/f.B21277114AAE32FBBA00628FF0F6C8E7.d.C060C897B1035F49D16B395A5D66229A.e.484/click - {}
RESULT: undefined
COMMAND: POST /session/8179189192b6e8199f2c8c0ed4dbe55e/execute/async - {"script":"<script> [6424 bytes]","args":[{"element-6066-11e4-a52e-4f735466cecf":"f.B21277114AAE32FBBA00628FF0F6C8E7.d.C060C897B1035F49D16B395A5D66229A.e.290"},"getTitle",[]]}
COMMAND: POST /session/8179189192b6e8199f2c8c0ed4dbe55e/execute/async - {"script":"<script> [1562 bytes]","args":[{"selector":{"id":"shellAppTitle"},"wdio_ui5_key":"shellAppTitle"}]}
RESULT: {"script":"<script> [1562 bytes]","args":[{"selector":{"id":"shellAppTitle"},"wdio_ui5_key":"shellAppTitle"}]}
COMMAND: POST /session/8179189192b6e8199f2c8c0ed4dbe55e/execute/async - {"script":"<script> [6424 bytes]","args":[{"element-6066-11e4-a52e-4f735466cecf":"f.B21277114AAE32FBBA00628FF0F6C8E7.d.C060C897B1035F49D16B395A5D66229A.e.659"},"getTitle",[]]}
RESULT: {"script":"<script> [6424 bytes]","args":[{"element-6066-11e4-a52e-4f735466cecf":"f.B21277114AAE32FBBA00628FF0F6C8E7.d.C060C897B1035F49D16B395A5D66229A.e.659"},"getTitle",[]]}
RESULT: undefined
COMMAND: POST /session/8179189192b6e8199f2c8c0ed4dbe55e/element/f.B21277114AAE32FBBA00628FF0F6C8E7.d.C060C897B1035F49D16B395A5D66229A.e.291/click - {}
COMMAND: POST /session/8179189192b6e8199f2c8c0ed4dbe55e/element - {"using":"xpath","value":"//*[@id=\"backBtn\"]"}
RESULT: {"using":"xpath","value":"//*[@id=\"backBtn\"]"}
COMMAND: POST /session/8179189192b6e8199f2c8c0ed4dbe55e/element/f.B21277114AAE32FBBA00628FF0F6C8E7.d.C060C897B1035F49D16B395A5D66229A.e.291/click - {}
COMMAND: POST /session/8179189192b6e8199f2c8c0ed4dbe55e/element - {"using":"xpath","value":"//*[@id=\"backBtn\"]"}
RESULT: {"using":"xpath","value":"//*[@id=\"backBtn\"]"}
COMMAND: POST /session/8179189192b6e8199f2c8c0ed4dbe55e/element/f.B21277114AAE32FBBA00628FF0F6C8E7.d.C060C897B1035F49D16B395A5D66229A.e.660/click - {}
RESULT: {}
COMMAND: GET /session/8179189192b6e8199f2c8c0ed4dbe55e/screenshot - {}
RESULT: {}
]]></system-out>
    </testcase>
    <testcase classname="chrome.137_0_7151_69.windows.Sanity_Tests_US104253" name="Should open Manage Catalogs page" time="35.79">
      <system-out><![CDATA[
COMMAND: POST /session/8179189192b6e8199f2c8c0ed4dbe55e/execute/async - {"script":"<script> [1562 bytes]","args":[{"selector":{"controlType":"sap.m.GenericTile","properties":{"header":"Manage Catalogs"}},"wdio_ui5_key":"sapm.GenericTile{\"header\":\"Manage Catalogs\"}"}]}
RESULT: {"script":"<script> [1562 bytes]","args":[{"selector":{"controlType":"sap.m.GenericTile","properties":{"header":"Manage Catalogs"}},"wdio_ui5_key":"sapm.GenericTile{\"header\":\"Manage Catalogs\"}"}]}
RESULT: undefined
COMMAND: POST /session/8179189192b6e8199f2c8c0ed4dbe55e/element - {"using":"xpath","value":"//*[@id=\"__tile37\"]"}
RESULT: {"using":"xpath","value":"//*[@id=\"__tile37\"]"}
COMMAND: POST /session/8179189192b6e8199f2c8c0ed4dbe55e/element/f.B21277114AAE32FBBA00628FF0F6C8E7.d.C060C897B1035F49D16B395A5D66229A.e.662/click - {}
RESULT: {}
COMMAND: GET /session/8179189192b6e8199f2c8c0ed4dbe55e/screenshot - {}
RESULT: {}
COMMAND: POST /session/8179189192b6e8199f2c8c0ed4dbe55e/elements - {"using":"xpath","value":"//span[text()='Error']"}
RESULT: {"using":"xpath","value":"//span[text()='Error']"}
RESULT: undefined
COMMAND: POST /session/8179189192b6e8199f2c8c0ed4dbe55e/element - {"using":"xpath","value":"//*[@id=\"__tile37\"]"}
RESULT: {"using":"xpath","value":"//*[@id=\"__tile37\"]"}
COMMAND: POST /session/8179189192b6e8199f2c8c0ed4dbe55e/element/f.B21277114AAE32FBBA00628FF0F6C8E7.d.C060C897B1035F49D16B395A5D66229A.e.662/click - {}
RESULT: undefined
COMMAND: POST /session/8179189192b6e8199f2c8c0ed4dbe55e/element - {"using":"xpath","value":"//*[@id=\"__tile37\"]"}
RESULT: {"using":"xpath","value":"//*[@id=\"__tile37\"]"}
COMMAND: POST /session/8179189192b6e8199f2c8c0ed4dbe55e/element/f.B21277114AAE32FBBA00628FF0F6C8E7.d.C060C897B1035F49D16B395A5D66229A.e.662/click - {}
RESULT: undefined
COMMAND: POST /session/8179189192b6e8199f2c8c0ed4dbe55e/execute/async - {"script":"<script> [6424 bytes]","args":[{"element-6066-11e4-a52e-4f735466cecf":"f.B21277114AAE32FBBA00628FF0F6C8E7.d.C060C897B1035F49D16B395A5D66229A.e.290"},"getTitle",[]]}
COMMAND: POST /session/8179189192b6e8199f2c8c0ed4dbe55e/execute/async - {"script":"<script> [1562 bytes]","args":[{"selector":{"id":"shellAppTitle"},"wdio_ui5_key":"shellAppTitle"}]}
RESULT: {"script":"<script> [1562 bytes]","args":[{"selector":{"id":"shellAppTitle"},"wdio_ui5_key":"shellAppTitle"}]}
COMMAND: POST /session/8179189192b6e8199f2c8c0ed4dbe55e/execute/async - {"script":"<script> [6424 bytes]","args":[{"element-6066-11e4-a52e-4f735466cecf":"f.B21277114AAE32FBBA00628FF0F6C8E7.d.C060C897B1035F49D16B395A5D66229A.e.732"},"getTitle",[]]}
RESULT: {"script":"<script> [6424 bytes]","args":[{"element-6066-11e4-a52e-4f735466cecf":"f.B21277114AAE32FBBA00628FF0F6C8E7.d.C060C897B1035F49D16B395A5D66229A.e.732"},"getTitle",[]]}
RESULT: undefined
COMMAND: POST /session/8179189192b6e8199f2c8c0ed4dbe55e/element/f.B21277114AAE32FBBA00628FF0F6C8E7.d.C060C897B1035F49D16B395A5D66229A.e.660/click - {}
RESULT: {}
COMMAND: GET /session/8179189192b6e8199f2c8c0ed4dbe55e/screenshot - {}
RESULT: {}
]]></system-out>
    </testcase>
    <testcase classname="chrome.137_0_7151_69.windows.Sanity_Tests_US104253" name="Should open Manage Calendars page" time="36.121">
      <system-out><![CDATA[
COMMAND: POST /session/8179189192b6e8199f2c8c0ed4dbe55e/execute/async - {"script":"<script> [1562 bytes]","args":[{"selector":{"controlType":"sap.m.GenericTile","properties":{"header":"Manage Calendars"}},"wdio_ui5_key":"sapm.GenericTile{\"header\":\"Manage Calendars\"}"}]}
RESULT: {"script":"<script> [1562 bytes]","args":[{"selector":{"controlType":"sap.m.GenericTile","properties":{"header":"Manage Calendars"}},"wdio_ui5_key":"sapm.GenericTile{\"header\":\"Manage Calendars\"}"}]}
RESULT: undefined
COMMAND: POST /session/8179189192b6e8199f2c8c0ed4dbe55e/element - {"using":"xpath","value":"//*[@id=\"__tile36\"]"}
RESULT: {"using":"xpath","value":"//*[@id=\"__tile36\"]"}
COMMAND: POST /session/8179189192b6e8199f2c8c0ed4dbe55e/element/f.B21277114AAE32FBBA00628FF0F6C8E7.d.C060C897B1035F49D16B395A5D66229A.e.734/click - {}
RESULT: {}
COMMAND: GET /session/8179189192b6e8199f2c8c0ed4dbe55e/screenshot - {}
RESULT: {}
COMMAND: POST /session/8179189192b6e8199f2c8c0ed4dbe55e/elements - {"using":"xpath","value":"//span[text()='Error']"}
RESULT: {"using":"xpath","value":"//span[text()='Error']"}
RESULT: undefined
COMMAND: POST /session/8179189192b6e8199f2c8c0ed4dbe55e/element - {"using":"xpath","value":"//*[@id=\"__tile36\"]"}
RESULT: {"using":"xpath","value":"//*[@id=\"__tile36\"]"}
COMMAND: POST /session/8179189192b6e8199f2c8c0ed4dbe55e/element/f.B21277114AAE32FBBA00628FF0F6C8E7.d.C060C897B1035F49D16B395A5D66229A.e.734/click - {}
RESULT: undefined
COMMAND: POST /session/8179189192b6e8199f2c8c0ed4dbe55e/element - {"using":"xpath","value":"//*[@id=\"__tile36\"]"}
RESULT: {"using":"xpath","value":"//*[@id=\"__tile36\"]"}
COMMAND: POST /session/8179189192b6e8199f2c8c0ed4dbe55e/element/f.B21277114AAE32FBBA00628FF0F6C8E7.d.C060C897B1035F49D16B395A5D66229A.e.734/click - {}
RESULT: undefined
COMMAND: POST /session/8179189192b6e8199f2c8c0ed4dbe55e/execute/async - {"script":"<script> [6424 bytes]","args":[{"element-6066-11e4-a52e-4f735466cecf":"f.B21277114AAE32FBBA00628FF0F6C8E7.d.C060C897B1035F49D16B395A5D66229A.e.290"},"getTitle",[]]}
COMMAND: POST /session/8179189192b6e8199f2c8c0ed4dbe55e/execute/async - {"script":"<script> [1562 bytes]","args":[{"selector":{"id":"shellAppTitle"},"wdio_ui5_key":"shellAppTitle"}]}
RESULT: {"script":"<script> [1562 bytes]","args":[{"selector":{"id":"shellAppTitle"},"wdio_ui5_key":"shellAppTitle"}]}
COMMAND: POST /session/8179189192b6e8199f2c8c0ed4dbe55e/execute/async - {"script":"<script> [6424 bytes]","args":[{"element-6066-11e4-a52e-4f735466cecf":"f.B21277114AAE32FBBA00628FF0F6C8E7.d.C060C897B1035F49D16B395A5D66229A.e.814"},"getTitle",[]]}
RESULT: {"script":"<script> [6424 bytes]","args":[{"element-6066-11e4-a52e-4f735466cecf":"f.B21277114AAE32FBBA00628FF0F6C8E7.d.C060C897B1035F49D16B395A5D66229A.e.814"},"getTitle",[]]}
RESULT: undefined
COMMAND: POST /session/8179189192b6e8199f2c8c0ed4dbe55e/element/f.B21277114AAE32FBBA00628FF0F6C8E7.d.C060C897B1035F49D16B395A5D66229A.e.660/click - {}
COMMAND: POST /session/8179189192b6e8199f2c8c0ed4dbe55e/element - {"using":"xpath","value":"//*[@id=\"backBtn\"]"}
RESULT: {"using":"xpath","value":"//*[@id=\"backBtn\"]"}
COMMAND: POST /session/8179189192b6e8199f2c8c0ed4dbe55e/element/f.B21277114AAE32FBBA00628FF0F6C8E7.d.C060C897B1035F49D16B395A5D66229A.e.660/click - {}
COMMAND: POST /session/8179189192b6e8199f2c8c0ed4dbe55e/element - {"using":"xpath","value":"//*[@id=\"backBtn\"]"}
RESULT: {"using":"xpath","value":"//*[@id=\"backBtn\"]"}
COMMAND: POST /session/8179189192b6e8199f2c8c0ed4dbe55e/element/f.B21277114AAE32FBBA00628FF0F6C8E7.d.C060C897B1035F49D16B395A5D66229A.e.815/click - {}
RESULT: {}
COMMAND: GET /session/8179189192b6e8199f2c8c0ed4dbe55e/screenshot - {}
RESULT: {}
]]></system-out>
    </testcase>
    <testcase classname="chrome.137_0_7151_69.windows.Sanity_Tests_US104253" name="Should open Address Management page" time="35.896">
      <system-out><![CDATA[
COMMAND: POST /session/8179189192b6e8199f2c8c0ed4dbe55e/execute/async - {"script":"<script> [1562 bytes]","args":[{"selector":{"controlType":"sap.m.GenericTile","properties":{"header":"Address Management"}},"wdio_ui5_key":"sapm.GenericTile{\"header\":\"Address Management\"}"}]}
RESULT: {"script":"<script> [1562 bytes]","args":[{"selector":{"controlType":"sap.m.GenericTile","properties":{"header":"Address Management"}},"wdio_ui5_key":"sapm.GenericTile{\"header\":\"Address Management\"}"}]}
RESULT: undefined
COMMAND: POST /session/8179189192b6e8199f2c8c0ed4dbe55e/element - {"using":"xpath","value":"//*[@id=\"__tile33\"]"}
RESULT: {"using":"xpath","value":"//*[@id=\"__tile33\"]"}
COMMAND: POST /session/8179189192b6e8199f2c8c0ed4dbe55e/element/f.B21277114AAE32FBBA00628FF0F6C8E7.d.C060C897B1035F49D16B395A5D66229A.e.817/click - {}
RESULT: {}
COMMAND: GET /session/8179189192b6e8199f2c8c0ed4dbe55e/screenshot - {}
RESULT: {}
COMMAND: POST /session/8179189192b6e8199f2c8c0ed4dbe55e/elements - {"using":"xpath","value":"//span[text()='Error']"}
RESULT: {"using":"xpath","value":"//span[text()='Error']"}
RESULT: undefined
COMMAND: POST /session/8179189192b6e8199f2c8c0ed4dbe55e/element - {"using":"xpath","value":"//*[@id=\"__tile33\"]"}
RESULT: {"using":"xpath","value":"//*[@id=\"__tile33\"]"}
COMMAND: POST /session/8179189192b6e8199f2c8c0ed4dbe55e/element/f.B21277114AAE32FBBA00628FF0F6C8E7.d.C060C897B1035F49D16B395A5D66229A.e.817/click - {}
RESULT: undefined
COMMAND: POST /session/8179189192b6e8199f2c8c0ed4dbe55e/element - {"using":"xpath","value":"//*[@id=\"__tile33\"]"}
RESULT: {"using":"xpath","value":"//*[@id=\"__tile33\"]"}
COMMAND: POST /session/8179189192b6e8199f2c8c0ed4dbe55e/element/f.B21277114AAE32FBBA00628FF0F6C8E7.d.C060C897B1035F49D16B395A5D66229A.e.817/click - {}
RESULT: undefined
COMMAND: POST /session/8179189192b6e8199f2c8c0ed4dbe55e/execute/async - {"script":"<script> [6424 bytes]","args":[{"element-6066-11e4-a52e-4f735466cecf":"f.B21277114AAE32FBBA00628FF0F6C8E7.d.C060C897B1035F49D16B395A5D66229A.e.290"},"getTitle",[]]}
COMMAND: POST /session/8179189192b6e8199f2c8c0ed4dbe55e/execute/async - {"script":"<script> [1562 bytes]","args":[{"selector":{"id":"shellAppTitle"},"wdio_ui5_key":"shellAppTitle"}]}
RESULT: {"script":"<script> [1562 bytes]","args":[{"selector":{"id":"shellAppTitle"},"wdio_ui5_key":"shellAppTitle"}]}
COMMAND: POST /session/8179189192b6e8199f2c8c0ed4dbe55e/execute/async - {"script":"<script> [6424 bytes]","args":[{"element-6066-11e4-a52e-4f735466cecf":"f.B21277114AAE32FBBA00628FF0F6C8E7.d.C060C897B1035F49D16B395A5D66229A.e.1014"},"getTitle",[]]}
RESULT: {"script":"<script> [6424 bytes]","args":[{"element-6066-11e4-a52e-4f735466cecf":"f.B21277114AAE32FBBA00628FF0F6C8E7.d.C060C897B1035F49D16B395A5D66229A.e.1014"},"getTitle",[]]}
RESULT: undefined
COMMAND: POST /session/8179189192b6e8199f2c8c0ed4dbe55e/element/f.B21277114AAE32FBBA00628FF0F6C8E7.d.C060C897B1035F49D16B395A5D66229A.e.815/click - {}
RESULT: {}
COMMAND: GET /session/8179189192b6e8199f2c8c0ed4dbe55e/screenshot - {}
RESULT: {}
]]></system-out>
    </testcase>
    <testcase classname="chrome.137_0_7151_69.windows.Sanity_Tests_US104253" name="Should open Bill Of Resources page" time="36.007">
      <system-out><![CDATA[
COMMAND: POST /session/8179189192b6e8199f2c8c0ed4dbe55e/execute/async - {"script":"<script> [1562 bytes]","args":[{"selector":{"controlType":"sap.m.GenericTile","properties":{"header":"Bill Of Resources"}},"wdio_ui5_key":"sapm.GenericTile{\"header\":\"Bill Of Resources\"}"}]}
RESULT: {"script":"<script> [1562 bytes]","args":[{"selector":{"controlType":"sap.m.GenericTile","properties":{"header":"Bill Of Resources"}},"wdio_ui5_key":"sapm.GenericTile{\"header\":\"Bill Of Resources\"}"}]}
RESULT: undefined
COMMAND: POST /session/8179189192b6e8199f2c8c0ed4dbe55e/element - {"using":"xpath","value":"//*[@id=\"__tile34\"]"}
RESULT: {"using":"xpath","value":"//*[@id=\"__tile34\"]"}
COMMAND: POST /session/8179189192b6e8199f2c8c0ed4dbe55e/element/f.B21277114AAE32FBBA00628FF0F6C8E7.d.C060C897B1035F49D16B395A5D66229A.e.1016/click - {}
RESULT: {}
COMMAND: GET /session/8179189192b6e8199f2c8c0ed4dbe55e/screenshot - {}
RESULT: {}
COMMAND: POST /session/8179189192b6e8199f2c8c0ed4dbe55e/elements - {"using":"xpath","value":"//span[text()='Error']"}
RESULT: {"using":"xpath","value":"//span[text()='Error']"}
RESULT: undefined
COMMAND: POST /session/8179189192b6e8199f2c8c0ed4dbe55e/element - {"using":"xpath","value":"//*[@id=\"__tile34\"]"}
RESULT: {"using":"xpath","value":"//*[@id=\"__tile34\"]"}
COMMAND: POST /session/8179189192b6e8199f2c8c0ed4dbe55e/element/f.B21277114AAE32FBBA00628FF0F6C8E7.d.C060C897B1035F49D16B395A5D66229A.e.1016/click - {}
RESULT: undefined
COMMAND: POST /session/8179189192b6e8199f2c8c0ed4dbe55e/element - {"using":"xpath","value":"//*[@id=\"__tile34\"]"}
RESULT: {"using":"xpath","value":"//*[@id=\"__tile34\"]"}
COMMAND: POST /session/8179189192b6e8199f2c8c0ed4dbe55e/element/f.B21277114AAE32FBBA00628FF0F6C8E7.d.C060C897B1035F49D16B395A5D66229A.e.1016/click - {}
RESULT: undefined
COMMAND: POST /session/8179189192b6e8199f2c8c0ed4dbe55e/execute/async - {"script":"<script> [6424 bytes]","args":[{"element-6066-11e4-a52e-4f735466cecf":"f.B21277114AAE32FBBA00628FF0F6C8E7.d.C060C897B1035F49D16B395A5D66229A.e.290"},"getTitle",[]]}
COMMAND: POST /session/8179189192b6e8199f2c8c0ed4dbe55e/execute/async - {"script":"<script> [1562 bytes]","args":[{"selector":{"id":"shellAppTitle"},"wdio_ui5_key":"shellAppTitle"}]}
RESULT: {"script":"<script> [1562 bytes]","args":[{"selector":{"id":"shellAppTitle"},"wdio_ui5_key":"shellAppTitle"}]}
COMMAND: POST /session/8179189192b6e8199f2c8c0ed4dbe55e/execute/async - {"script":"<script> [6424 bytes]","args":[{"element-6066-11e4-a52e-4f735466cecf":"f.B21277114AAE32FBBA00628FF0F6C8E7.d.C060C897B1035F49D16B395A5D66229A.e.1126"},"getTitle",[]]}
RESULT: {"script":"<script> [6424 bytes]","args":[{"element-6066-11e4-a52e-4f735466cecf":"f.B21277114AAE32FBBA00628FF0F6C8E7.d.C060C897B1035F49D16B395A5D66229A.e.1126"},"getTitle",[]]}
RESULT: undefined
COMMAND: POST /session/8179189192b6e8199f2c8c0ed4dbe55e/element/f.B21277114AAE32FBBA00628FF0F6C8E7.d.C060C897B1035F49D16B395A5D66229A.e.815/click - {}
COMMAND: POST /session/8179189192b6e8199f2c8c0ed4dbe55e/element - {"using":"xpath","value":"//*[@id=\"backBtn\"]"}
RESULT: {"using":"xpath","value":"//*[@id=\"backBtn\"]"}
COMMAND: POST /session/8179189192b6e8199f2c8c0ed4dbe55e/element/f.B21277114AAE32FBBA00628FF0F6C8E7.d.C060C897B1035F49D16B395A5D66229A.e.815/click - {}
COMMAND: POST /session/8179189192b6e8199f2c8c0ed4dbe55e/element - {"using":"xpath","value":"//*[@id=\"backBtn\"]"}
RESULT: {"using":"xpath","value":"//*[@id=\"backBtn\"]"}
COMMAND: POST /session/8179189192b6e8199f2c8c0ed4dbe55e/element/f.B21277114AAE32FBBA00628FF0F6C8E7.d.C060C897B1035F49D16B395A5D66229A.e.1127/click - {}
RESULT: {}
COMMAND: GET /session/8179189192b6e8199f2c8c0ed4dbe55e/screenshot - {}
RESULT: {}
]]></system-out>
    </testcase>
    <testcase classname="chrome.137_0_7151_69.windows.Sanity_Tests_US104253" name="Should open Manage Yards page" time="35.789">
      <system-out><![CDATA[
COMMAND: POST /session/8179189192b6e8199f2c8c0ed4dbe55e/execute/async - {"script":"<script> [1562 bytes]","args":[{"selector":{"controlType":"sap.m.GenericTile","properties":{"header":"Manage Yards"}},"wdio_ui5_key":"sapm.GenericTile{\"header\":\"Manage Yards\"}"}]}
RESULT: {"script":"<script> [1562 bytes]","args":[{"selector":{"controlType":"sap.m.GenericTile","properties":{"header":"Manage Yards"}},"wdio_ui5_key":"sapm.GenericTile{\"header\":\"Manage Yards\"}"}]}
RESULT: undefined
COMMAND: POST /session/8179189192b6e8199f2c8c0ed4dbe55e/element - {"using":"xpath","value":"//*[@id=\"__tile41\"]"}
RESULT: {"using":"xpath","value":"//*[@id=\"__tile41\"]"}
COMMAND: POST /session/8179189192b6e8199f2c8c0ed4dbe55e/element/f.B21277114AAE32FBBA00628FF0F6C8E7.d.C060C897B1035F49D16B395A5D66229A.e.1129/click - {}
RESULT: {}
COMMAND: GET /session/8179189192b6e8199f2c8c0ed4dbe55e/screenshot - {}
RESULT: {}
COMMAND: POST /session/8179189192b6e8199f2c8c0ed4dbe55e/elements - {"using":"xpath","value":"//span[text()='Error']"}
RESULT: {"using":"xpath","value":"//span[text()='Error']"}
RESULT: undefined
COMMAND: POST /session/8179189192b6e8199f2c8c0ed4dbe55e/element - {"using":"xpath","value":"//*[@id=\"__tile41\"]"}
RESULT: {"using":"xpath","value":"//*[@id=\"__tile41\"]"}
COMMAND: POST /session/8179189192b6e8199f2c8c0ed4dbe55e/element/f.B21277114AAE32FBBA00628FF0F6C8E7.d.C060C897B1035F49D16B395A5D66229A.e.1129/click - {}
RESULT: undefined
COMMAND: POST /session/8179189192b6e8199f2c8c0ed4dbe55e/element - {"using":"xpath","value":"//*[@id=\"__tile41\"]"}
RESULT: {"using":"xpath","value":"//*[@id=\"__tile41\"]"}
COMMAND: POST /session/8179189192b6e8199f2c8c0ed4dbe55e/element/f.B21277114AAE32FBBA00628FF0F6C8E7.d.C060C897B1035F49D16B395A5D66229A.e.1129/click - {}
RESULT: undefined
COMMAND: POST /session/8179189192b6e8199f2c8c0ed4dbe55e/execute/async - {"script":"<script> [6424 bytes]","args":[{"element-6066-11e4-a52e-4f735466cecf":"f.B21277114AAE32FBBA00628FF0F6C8E7.d.C060C897B1035F49D16B395A5D66229A.e.290"},"getTitle",[]]}
COMMAND: POST /session/8179189192b6e8199f2c8c0ed4dbe55e/execute/async - {"script":"<script> [1562 bytes]","args":[{"selector":{"id":"shellAppTitle"},"wdio_ui5_key":"shellAppTitle"}]}
RESULT: {"script":"<script> [1562 bytes]","args":[{"selector":{"id":"shellAppTitle"},"wdio_ui5_key":"shellAppTitle"}]}
COMMAND: POST /session/8179189192b6e8199f2c8c0ed4dbe55e/execute/async - {"script":"<script> [6424 bytes]","args":[{"element-6066-11e4-a52e-4f735466cecf":"f.B21277114AAE32FBBA00628FF0F6C8E7.d.C060C897B1035F49D16B395A5D66229A.e.1305"},"getTitle",[]]}
RESULT: {"script":"<script> [6424 bytes]","args":[{"element-6066-11e4-a52e-4f735466cecf":"f.B21277114AAE32FBBA00628FF0F6C8E7.d.C060C897B1035F49D16B395A5D66229A.e.1305"},"getTitle",[]]}
RESULT: undefined
COMMAND: POST /session/8179189192b6e8199f2c8c0ed4dbe55e/element/f.B21277114AAE32FBBA00628FF0F6C8E7.d.C060C897B1035F49D16B395A5D66229A.e.1127/click - {}
RESULT: {}
COMMAND: GET /session/8179189192b6e8199f2c8c0ed4dbe55e/screenshot - {}
RESULT: {}
]]></system-out>
    </testcase>
    <testcase classname="chrome.137_0_7151_69.windows.Sanity_Tests_US104253" name="Should open Manage Requests page" time="35.83">
      <system-out><![CDATA[
COMMAND: POST /session/8179189192b6e8199f2c8c0ed4dbe55e/execute/async - {"script":"<script> [1562 bytes]","args":[{"selector":{"controlType":"sap.m.GenericTile","properties":{"header":"Manage Requests"}},"wdio_ui5_key":"sapm.GenericTile{\"header\":\"Manage Requests\"}"}]}
RESULT: {"script":"<script> [1562 bytes]","args":[{"selector":{"controlType":"sap.m.GenericTile","properties":{"header":"Manage Requests"}},"wdio_ui5_key":"sapm.GenericTile{\"header\":\"Manage Requests\"}"}]}
RESULT: undefined
COMMAND: POST /session/8179189192b6e8199f2c8c0ed4dbe55e/element - {"using":"xpath","value":"//*[@id=\"__tile47\"]"}
RESULT: {"using":"xpath","value":"//*[@id=\"__tile47\"]"}
COMMAND: POST /session/8179189192b6e8199f2c8c0ed4dbe55e/element/f.B21277114AAE32FBBA00628FF0F6C8E7.d.C060C897B1035F49D16B395A5D66229A.e.1307/click - {}
RESULT: {}
COMMAND: GET /session/8179189192b6e8199f2c8c0ed4dbe55e/screenshot - {}
RESULT: {}
COMMAND: POST /session/8179189192b6e8199f2c8c0ed4dbe55e/elements - {"using":"xpath","value":"//span[text()='Error']"}
RESULT: {"using":"xpath","value":"//span[text()='Error']"}
RESULT: undefined
COMMAND: POST /session/8179189192b6e8199f2c8c0ed4dbe55e/element - {"using":"xpath","value":"//*[@id=\"__tile47\"]"}
RESULT: {"using":"xpath","value":"//*[@id=\"__tile47\"]"}
COMMAND: POST /session/8179189192b6e8199f2c8c0ed4dbe55e/element/f.B21277114AAE32FBBA00628FF0F6C8E7.d.C060C897B1035F49D16B395A5D66229A.e.1307/click - {}
RESULT: undefined
COMMAND: POST /session/8179189192b6e8199f2c8c0ed4dbe55e/element - {"using":"xpath","value":"//*[@id=\"__tile47\"]"}
RESULT: {"using":"xpath","value":"//*[@id=\"__tile47\"]"}
COMMAND: POST /session/8179189192b6e8199f2c8c0ed4dbe55e/element/f.B21277114AAE32FBBA00628FF0F6C8E7.d.C060C897B1035F49D16B395A5D66229A.e.1307/click - {}
RESULT: undefined
COMMAND: POST /session/8179189192b6e8199f2c8c0ed4dbe55e/execute/async - {"script":"<script> [6424 bytes]","args":[{"element-6066-11e4-a52e-4f735466cecf":"f.B21277114AAE32FBBA00628FF0F6C8E7.d.C060C897B1035F49D16B395A5D66229A.e.290"},"getTitle",[]]}
COMMAND: POST /session/8179189192b6e8199f2c8c0ed4dbe55e/execute/async - {"script":"<script> [1562 bytes]","args":[{"selector":{"id":"shellAppTitle"},"wdio_ui5_key":"shellAppTitle"}]}
RESULT: {"script":"<script> [1562 bytes]","args":[{"selector":{"id":"shellAppTitle"},"wdio_ui5_key":"shellAppTitle"}]}
COMMAND: POST /session/8179189192b6e8199f2c8c0ed4dbe55e/execute/async - {"script":"<script> [6424 bytes]","args":[{"element-6066-11e4-a52e-4f735466cecf":"f.B21277114AAE32FBBA00628FF0F6C8E7.d.C060C897B1035F49D16B395A5D66229A.e.1416"},"getTitle",[]]}
RESULT: {"script":"<script> [6424 bytes]","args":[{"element-6066-11e4-a52e-4f735466cecf":"f.B21277114AAE32FBBA00628FF0F6C8E7.d.C060C897B1035F49D16B395A5D66229A.e.1416"},"getTitle",[]]}
RESULT: undefined
COMMAND: POST /session/8179189192b6e8199f2c8c0ed4dbe55e/element/f.B21277114AAE32FBBA00628FF0F6C8E7.d.C060C897B1035F49D16B395A5D66229A.e.1127/click - {}
COMMAND: POST /session/8179189192b6e8199f2c8c0ed4dbe55e/element - {"using":"xpath","value":"//*[@id=\"backBtn\"]"}
RESULT: {"using":"xpath","value":"//*[@id=\"backBtn\"]"}
COMMAND: POST /session/8179189192b6e8199f2c8c0ed4dbe55e/element/f.B21277114AAE32FBBA00628FF0F6C8E7.d.C060C897B1035F49D16B395A5D66229A.e.1127/click - {}
COMMAND: POST /session/8179189192b6e8199f2c8c0ed4dbe55e/element - {"using":"xpath","value":"//*[@id=\"backBtn\"]"}
RESULT: {"using":"xpath","value":"//*[@id=\"backBtn\"]"}
COMMAND: POST /session/8179189192b6e8199f2c8c0ed4dbe55e/element/f.B21277114AAE32FBBA00628FF0F6C8E7.d.C060C897B1035F49D16B395A5D66229A.e.1417/click - {}
RESULT: {}
COMMAND: GET /session/8179189192b6e8199f2c8c0ed4dbe55e/screenshot - {}
RESULT: {}
]]></system-out>
    </testcase>
    <testcase classname="chrome.137_0_7151_69.windows.Sanity_Tests_US104253" name="Should open Manage Purchasing page" time="36.199">
      <system-out><![CDATA[
COMMAND: POST /session/8179189192b6e8199f2c8c0ed4dbe55e/execute/async - {"script":"<script> [1562 bytes]","args":[{"selector":{"controlType":"sap.m.GenericTile","properties":{"header":"Manage Purchasing"}},"wdio_ui5_key":"sapm.GenericTile{\"header\":\"Manage Purchasing\"}"}]}
RESULT: {"script":"<script> [1562 bytes]","args":[{"selector":{"controlType":"sap.m.GenericTile","properties":{"header":"Manage Purchasing"}},"wdio_ui5_key":"sapm.GenericTile{\"header\":\"Manage Purchasing\"}"}]}
RESULT: undefined
COMMAND: POST /session/8179189192b6e8199f2c8c0ed4dbe55e/element - {"using":"xpath","value":"//*[@id=\"__tile46\"]"}
RESULT: {"using":"xpath","value":"//*[@id=\"__tile46\"]"}
COMMAND: POST /session/8179189192b6e8199f2c8c0ed4dbe55e/element/f.B21277114AAE32FBBA00628FF0F6C8E7.d.C060C897B1035F49D16B395A5D66229A.e.1420/click - {}
RESULT: {}
COMMAND: GET /session/8179189192b6e8199f2c8c0ed4dbe55e/screenshot - {}
RESULT: {}
COMMAND: POST /session/8179189192b6e8199f2c8c0ed4dbe55e/elements - {"using":"xpath","value":"//span[text()='Error']"}
RESULT: {"using":"xpath","value":"//span[text()='Error']"}
RESULT: undefined
COMMAND: POST /session/8179189192b6e8199f2c8c0ed4dbe55e/element - {"using":"xpath","value":"//*[@id=\"__tile46\"]"}
RESULT: {"using":"xpath","value":"//*[@id=\"__tile46\"]"}
COMMAND: POST /session/8179189192b6e8199f2c8c0ed4dbe55e/element/f.B21277114AAE32FBBA00628FF0F6C8E7.d.C060C897B1035F49D16B395A5D66229A.e.1420/click - {}
RESULT: undefined
COMMAND: POST /session/8179189192b6e8199f2c8c0ed4dbe55e/element - {"using":"xpath","value":"//*[@id=\"__tile46\"]"}
RESULT: {"using":"xpath","value":"//*[@id=\"__tile46\"]"}
COMMAND: POST /session/8179189192b6e8199f2c8c0ed4dbe55e/element/f.B21277114AAE32FBBA00628FF0F6C8E7.d.C060C897B1035F49D16B395A5D66229A.e.1420/click - {}
RESULT: undefined
COMMAND: POST /session/8179189192b6e8199f2c8c0ed4dbe55e/execute/async - {"script":"<script> [6424 bytes]","args":[{"element-6066-11e4-a52e-4f735466cecf":"f.B21277114AAE32FBBA00628FF0F6C8E7.d.C060C897B1035F49D16B395A5D66229A.e.290"},"getTitle",[]]}
COMMAND: POST /session/8179189192b6e8199f2c8c0ed4dbe55e/execute/async - {"script":"<script> [1562 bytes]","args":[{"selector":{"id":"shellAppTitle"},"wdio_ui5_key":"shellAppTitle"}]}
RESULT: {"script":"<script> [1562 bytes]","args":[{"selector":{"id":"shellAppTitle"},"wdio_ui5_key":"shellAppTitle"}]}
COMMAND: POST /session/8179189192b6e8199f2c8c0ed4dbe55e/execute/async - {"script":"<script> [6424 bytes]","args":[{"element-6066-11e4-a52e-4f735466cecf":"f.B21277114AAE32FBBA00628FF0F6C8E7.d.C060C897B1035F49D16B395A5D66229A.e.1498"},"getTitle",[]]}
RESULT: {"script":"<script> [6424 bytes]","args":[{"element-6066-11e4-a52e-4f735466cecf":"f.B21277114AAE32FBBA00628FF0F6C8E7.d.C060C897B1035F49D16B395A5D66229A.e.1498"},"getTitle",[]]}
RESULT: undefined
COMMAND: POST /session/8179189192b6e8199f2c8c0ed4dbe55e/element/f.B21277114AAE32FBBA00628FF0F6C8E7.d.C060C897B1035F49D16B395A5D66229A.e.1417/click - {}
RESULT: {}
COMMAND: GET /session/8179189192b6e8199f2c8c0ed4dbe55e/screenshot - {}
RESULT: {}
]]></system-out>
    </testcase>
    <testcase classname="chrome.137_0_7151_69.windows.Sanity_Tests_US104253" name="Should open Planning Board page" time="35.969">
      <system-out><![CDATA[
COMMAND: POST /session/8179189192b6e8199f2c8c0ed4dbe55e/execute/async - {"script":"<script> [1562 bytes]","args":[{"selector":{"controlType":"sap.m.GenericTile","properties":{"header":"Planning Board"}},"wdio_ui5_key":"sapm.GenericTile{\"header\":\"Planning Board\"}"}]}
RESULT: {"script":"<script> [1562 bytes]","args":[{"selector":{"controlType":"sap.m.GenericTile","properties":{"header":"Planning Board"}},"wdio_ui5_key":"sapm.GenericTile{\"header\":\"Planning Board\"}"}]}
RESULT: undefined
COMMAND: POST /session/8179189192b6e8199f2c8c0ed4dbe55e/element - {"using":"xpath","value":"//*[@id=\"__tile130\"]"}
RESULT: {"using":"xpath","value":"//*[@id=\"__tile130\"]"}
COMMAND: POST /session/8179189192b6e8199f2c8c0ed4dbe55e/element/f.B21277114AAE32FBBA00628FF0F6C8E7.d.C060C897B1035F49D16B395A5D66229A.e.1500/click - {}
RESULT: {}
COMMAND: GET /session/8179189192b6e8199f2c8c0ed4dbe55e/screenshot - {}
RESULT: {}
COMMAND: POST /session/8179189192b6e8199f2c8c0ed4dbe55e/elements - {"using":"xpath","value":"//span[text()='Error']"}
RESULT: {"using":"xpath","value":"//span[text()='Error']"}
RESULT: undefined
COMMAND: POST /session/8179189192b6e8199f2c8c0ed4dbe55e/element - {"using":"xpath","value":"//*[@id=\"__tile130\"]"}
RESULT: {"using":"xpath","value":"//*[@id=\"__tile130\"]"}
COMMAND: POST /session/8179189192b6e8199f2c8c0ed4dbe55e/element/f.B21277114AAE32FBBA00628FF0F6C8E7.d.C060C897B1035F49D16B395A5D66229A.e.1500/click - {}
RESULT: undefined
COMMAND: POST /session/8179189192b6e8199f2c8c0ed4dbe55e/element - {"using":"xpath","value":"//*[@id=\"__tile130\"]"}
RESULT: {"using":"xpath","value":"//*[@id=\"__tile130\"]"}
COMMAND: POST /session/8179189192b6e8199f2c8c0ed4dbe55e/element/f.B21277114AAE32FBBA00628FF0F6C8E7.d.C060C897B1035F49D16B395A5D66229A.e.1500/click - {}
RESULT: undefined
COMMAND: POST /session/8179189192b6e8199f2c8c0ed4dbe55e/execute/async - {"script":"<script> [6424 bytes]","args":[{"element-6066-11e4-a52e-4f735466cecf":"f.B21277114AAE32FBBA00628FF0F6C8E7.d.C060C897B1035F49D16B395A5D66229A.e.290"},"getTitle",[]]}
COMMAND: POST /session/8179189192b6e8199f2c8c0ed4dbe55e/execute/async - {"script":"<script> [1562 bytes]","args":[{"selector":{"id":"shellAppTitle"},"wdio_ui5_key":"shellAppTitle"}]}
RESULT: {"script":"<script> [1562 bytes]","args":[{"selector":{"id":"shellAppTitle"},"wdio_ui5_key":"shellAppTitle"}]}
COMMAND: POST /session/8179189192b6e8199f2c8c0ed4dbe55e/execute/async - {"script":"<script> [6424 bytes]","args":[{"element-6066-11e4-a52e-4f735466cecf":"f.B21277114AAE32FBBA00628FF0F6C8E7.d.C060C897B1035F49D16B395A5D66229A.e.1547"},"getTitle",[]]}
RESULT: {"script":"<script> [6424 bytes]","args":[{"element-6066-11e4-a52e-4f735466cecf":"f.B21277114AAE32FBBA00628FF0F6C8E7.d.C060C897B1035F49D16B395A5D66229A.e.1547"},"getTitle",[]]}
RESULT: undefined
COMMAND: POST /session/8179189192b6e8199f2c8c0ed4dbe55e/element/f.B21277114AAE32FBBA00628FF0F6C8E7.d.C060C897B1035F49D16B395A5D66229A.e.1417/click - {}
COMMAND: POST /session/8179189192b6e8199f2c8c0ed4dbe55e/element/f.B21277114AAE32FBBA00628FF0F6C8E7.d.C060C897B1035F49D16B395A5D66229A.e.1417/click - {}
COMMAND: POST /session/8179189192b6e8199f2c8c0ed4dbe55e/element - {"using":"xpath","value":"//*[@id=\"backBtn\"]"}
COMMAND: POST /session/8179189192b6e8199f2c8c0ed4dbe55e/element - {"using":"xpath","value":"//*[@id=\"backBtn\"]"}
RESULT: {"using":"xpath","value":"//*[@id=\"backBtn\"]"}
COMMAND: POST /session/8179189192b6e8199f2c8c0ed4dbe55e/element/f.B21277114AAE32FBBA00628FF0F6C8E7.d.C060C897B1035F49D16B395A5D66229A.e.1417/click - {}
RESULT: {"using":"xpath","value":"//*[@id=\"backBtn\"]"}
COMMAND: POST /session/8179189192b6e8199f2c8c0ed4dbe55e/element/f.B21277114AAE32FBBA00628FF0F6C8E7.d.C060C897B1035F49D16B395A5D66229A.e.1417/click - {}
COMMAND: POST /session/8179189192b6e8199f2c8c0ed4dbe55e/element - {"using":"xpath","value":"//*[@id=\"backBtn\"]"}
COMMAND: POST /session/8179189192b6e8199f2c8c0ed4dbe55e/element - {"using":"xpath","value":"//*[@id=\"backBtn\"]"}
RESULT: {"using":"xpath","value":"//*[@id=\"backBtn\"]"}
COMMAND: POST /session/8179189192b6e8199f2c8c0ed4dbe55e/element/f.B21277114AAE32FBBA00628FF0F6C8E7.d.C060C897B1035F49D16B395A5D66229A.e.1548/click - {}
RESULT: {"using":"xpath","value":"//*[@id=\"backBtn\"]"}
COMMAND: POST /session/8179189192b6e8199f2c8c0ed4dbe55e/element/f.B21277114AAE32FBBA00628FF0F6C8E7.d.C060C897B1035F49D16B395A5D66229A.e.1548/click - {}
RESULT: {}
COMMAND: GET /session/8179189192b6e8199f2c8c0ed4dbe55e/screenshot - {}
RESULT: {}
COMMAND: GET /session/8179189192b6e8199f2c8c0ed4dbe55e/screenshot - {}
RESULT: {}
RESULT: {}
]]></system-out>
    </testcase>
    <testcase classname="chrome.137_0_7151_69.windows.Sanity_Tests_US104253" name="Should open Manage Contracts page" time="36.405">
      <system-out><![CDATA[
COMMAND: POST /session/8179189192b6e8199f2c8c0ed4dbe55e/execute/async - {"script":"<script> [1562 bytes]","args":[{"selector":{"controlType":"sap.m.GenericTile","properties":{"header":"Manage Contracts"}},"wdio_ui5_key":"sapm.GenericTile{\"header\":\"Manage Contracts\"}"}]}
RESULT: {"script":"<script> [1562 bytes]","args":[{"selector":{"controlType":"sap.m.GenericTile","properties":{"header":"Manage Contracts"}},"wdio_ui5_key":"sapm.GenericTile{\"header\":\"Manage Contracts\"}"}]}
RESULT: undefined
COMMAND: POST /session/8179189192b6e8199f2c8c0ed4dbe55e/element - {"using":"xpath","value":"//*[@id=\"__tile132\"]"}
RESULT: {"using":"xpath","value":"//*[@id=\"__tile132\"]"}
COMMAND: POST /session/8179189192b6e8199f2c8c0ed4dbe55e/element/f.B21277114AAE32FBBA00628FF0F6C8E7.d.C060C897B1035F49D16B395A5D66229A.e.1550/click - {}
RESULT: {}
COMMAND: GET /session/8179189192b6e8199f2c8c0ed4dbe55e/screenshot - {}
RESULT: {}
COMMAND: POST /session/8179189192b6e8199f2c8c0ed4dbe55e/elements - {"using":"xpath","value":"//span[text()='Error']"}
RESULT: {"using":"xpath","value":"//span[text()='Error']"}
RESULT: undefined
COMMAND: POST /session/8179189192b6e8199f2c8c0ed4dbe55e/element - {"using":"xpath","value":"//*[@id=\"__tile132\"]"}
RESULT: {"using":"xpath","value":"//*[@id=\"__tile132\"]"}
COMMAND: POST /session/8179189192b6e8199f2c8c0ed4dbe55e/element/f.B21277114AAE32FBBA00628FF0F6C8E7.d.C060C897B1035F49D16B395A5D66229A.e.1550/click - {}
RESULT: undefined
COMMAND: POST /session/8179189192b6e8199f2c8c0ed4dbe55e/element - {"using":"xpath","value":"//*[@id=\"__tile132\"]"}
RESULT: {"using":"xpath","value":"//*[@id=\"__tile132\"]"}
COMMAND: POST /session/8179189192b6e8199f2c8c0ed4dbe55e/element/f.B21277114AAE32FBBA00628FF0F6C8E7.d.C060C897B1035F49D16B395A5D66229A.e.1550/click - {}
RESULT: undefined
COMMAND: POST /session/8179189192b6e8199f2c8c0ed4dbe55e/execute/async - {"script":"<script> [6424 bytes]","args":[{"element-6066-11e4-a52e-4f735466cecf":"f.B21277114AAE32FBBA00628FF0F6C8E7.d.C060C897B1035F49D16B395A5D66229A.e.290"},"getTitle",[]]}
COMMAND: POST /session/8179189192b6e8199f2c8c0ed4dbe55e/execute/async - {"script":"<script> [1562 bytes]","args":[{"selector":{"id":"shellAppTitle"},"wdio_ui5_key":"shellAppTitle"}]}
RESULT: {"script":"<script> [1562 bytes]","args":[{"selector":{"id":"shellAppTitle"},"wdio_ui5_key":"shellAppTitle"}]}
COMMAND: POST /session/8179189192b6e8199f2c8c0ed4dbe55e/execute/async - {"script":"<script> [6424 bytes]","args":[{"element-6066-11e4-a52e-4f735466cecf":"f.B21277114AAE32FBBA00628FF0F6C8E7.d.C060C897B1035F49D16B395A5D66229A.e.1612"},"getTitle",[]]}
RESULT: {"script":"<script> [6424 bytes]","args":[{"element-6066-11e4-a52e-4f735466cecf":"f.B21277114AAE32FBBA00628FF0F6C8E7.d.C060C897B1035F49D16B395A5D66229A.e.1612"},"getTitle",[]]}
RESULT: undefined
COMMAND: POST /session/8179189192b6e8199f2c8c0ed4dbe55e/element/f.B21277114AAE32FBBA00628FF0F6C8E7.d.C060C897B1035F49D16B395A5D66229A.e.1548/click - {}
RESULT: {}
COMMAND: GET /session/8179189192b6e8199f2c8c0ed4dbe55e/screenshot - {}
RESULT: {}
]]></system-out>
    </testcase>
    <testcase classname="chrome.137_0_7151_69.windows.Sanity_Tests_US104253" name="Should open Manage Quotations page" time="35.959">
      <system-out><![CDATA[
COMMAND: POST /session/8179189192b6e8199f2c8c0ed4dbe55e/execute/async - {"script":"<script> [1562 bytes]","args":[{"selector":{"controlType":"sap.m.GenericTile","properties":{"header":"Manage Quotations"}},"wdio_ui5_key":"sapm.GenericTile{\"header\":\"Manage Quotations\"}"}]}
RESULT: {"script":"<script> [1562 bytes]","args":[{"selector":{"controlType":"sap.m.GenericTile","properties":{"header":"Manage Quotations"}},"wdio_ui5_key":"sapm.GenericTile{\"header\":\"Manage Quotations\"}"}]}
RESULT: undefined
COMMAND: POST /session/8179189192b6e8199f2c8c0ed4dbe55e/element - {"using":"xpath","value":"//*[@id=\"__tile133\"]"}
RESULT: {"using":"xpath","value":"//*[@id=\"__tile133\"]"}
COMMAND: POST /session/8179189192b6e8199f2c8c0ed4dbe55e/element/f.B21277114AAE32FBBA00628FF0F6C8E7.d.C060C897B1035F49D16B395A5D66229A.e.1614/click - {}
RESULT: {}
COMMAND: GET /session/8179189192b6e8199f2c8c0ed4dbe55e/screenshot - {}
RESULT: {}
COMMAND: POST /session/8179189192b6e8199f2c8c0ed4dbe55e/elements - {"using":"xpath","value":"//span[text()='Error']"}
RESULT: {"using":"xpath","value":"//span[text()='Error']"}
RESULT: undefined
COMMAND: POST /session/8179189192b6e8199f2c8c0ed4dbe55e/element - {"using":"xpath","value":"//*[@id=\"__tile133\"]"}
RESULT: {"using":"xpath","value":"//*[@id=\"__tile133\"]"}
COMMAND: POST /session/8179189192b6e8199f2c8c0ed4dbe55e/element/f.B21277114AAE32FBBA00628FF0F6C8E7.d.C060C897B1035F49D16B395A5D66229A.e.1614/click - {}
RESULT: undefined
COMMAND: POST /session/8179189192b6e8199f2c8c0ed4dbe55e/element - {"using":"xpath","value":"//*[@id=\"__tile133\"]"}
RESULT: {"using":"xpath","value":"//*[@id=\"__tile133\"]"}
COMMAND: POST /session/8179189192b6e8199f2c8c0ed4dbe55e/element/f.B21277114AAE32FBBA00628FF0F6C8E7.d.C060C897B1035F49D16B395A5D66229A.e.1614/click - {}
RESULT: undefined
COMMAND: POST /session/8179189192b6e8199f2c8c0ed4dbe55e/execute/async - {"script":"<script> [6424 bytes]","args":[{"element-6066-11e4-a52e-4f735466cecf":"f.B21277114AAE32FBBA00628FF0F6C8E7.d.C060C897B1035F49D16B395A5D66229A.e.290"},"getTitle",[]]}
COMMAND: POST /session/8179189192b6e8199f2c8c0ed4dbe55e/execute/async - {"script":"<script> [1562 bytes]","args":[{"selector":{"id":"shellAppTitle"},"wdio_ui5_key":"shellAppTitle"}]}
RESULT: {"script":"<script> [1562 bytes]","args":[{"selector":{"id":"shellAppTitle"},"wdio_ui5_key":"shellAppTitle"}]}
COMMAND: POST /session/8179189192b6e8199f2c8c0ed4dbe55e/execute/async - {"script":"<script> [6424 bytes]","args":[{"element-6066-11e4-a52e-4f735466cecf":"f.B21277114AAE32FBBA00628FF0F6C8E7.d.C060C897B1035F49D16B395A5D66229A.e.1688"},"getTitle",[]]}
RESULT: {"script":"<script> [6424 bytes]","args":[{"element-6066-11e4-a52e-4f735466cecf":"f.B21277114AAE32FBBA00628FF0F6C8E7.d.C060C897B1035F49D16B395A5D66229A.e.1688"},"getTitle",[]]}
RESULT: undefined
COMMAND: POST /session/8179189192b6e8199f2c8c0ed4dbe55e/element/f.B21277114AAE32FBBA00628FF0F6C8E7.d.C060C897B1035F49D16B395A5D66229A.e.1548/click - {}
COMMAND: POST /session/8179189192b6e8199f2c8c0ed4dbe55e/element - {"using":"xpath","value":"//*[@id=\"backBtn\"]"}
RESULT: {"using":"xpath","value":"//*[@id=\"backBtn\"]"}
COMMAND: POST /session/8179189192b6e8199f2c8c0ed4dbe55e/element/f.B21277114AAE32FBBA00628FF0F6C8E7.d.C060C897B1035F49D16B395A5D66229A.e.1548/click - {}
COMMAND: POST /session/8179189192b6e8199f2c8c0ed4dbe55e/element - {"using":"xpath","value":"//*[@id=\"backBtn\"]"}
RESULT: {"using":"xpath","value":"//*[@id=\"backBtn\"]"}
COMMAND: POST /session/8179189192b6e8199f2c8c0ed4dbe55e/element/f.B21277114AAE32FBBA00628FF0F6C8E7.d.C060C897B1035F49D16B395A5D66229A.e.1689/click - {}
RESULT: {}
COMMAND: GET /session/8179189192b6e8199f2c8c0ed4dbe55e/screenshot - {}
RESULT: {}
]]></system-out>
    </testcase>
    <testcase classname="chrome.137_0_7151_69.windows.Sanity_Tests_US104253" name="Should open Manage Handovers page" time="38.586">
      <system-out><![CDATA[
COMMAND: POST /session/8179189192b6e8199f2c8c0ed4dbe55e/execute/async - {"script":"<script> [1562 bytes]","args":[{"selector":{"controlType":"sap.m.GenericTile","properties":{"header":"Manage Handovers"}},"wdio_ui5_key":"sapm.GenericTile{\"header\":\"Manage Handovers\"}"}]}
RESULT: {"script":"<script> [1562 bytes]","args":[{"selector":{"controlType":"sap.m.GenericTile","properties":{"header":"Manage Handovers"}},"wdio_ui5_key":"sapm.GenericTile{\"header\":\"Manage Handovers\"}"}]}
RESULT: undefined
COMMAND: POST /session/8179189192b6e8199f2c8c0ed4dbe55e/element - {"using":"xpath","value":"//*[@id=\"__tile131\"]"}
RESULT: {"using":"xpath","value":"//*[@id=\"__tile131\"]"}
COMMAND: POST /session/8179189192b6e8199f2c8c0ed4dbe55e/element/f.B21277114AAE32FBBA00628FF0F6C8E7.d.C060C897B1035F49D16B395A5D66229A.e.1691/click - {}
RESULT: {}
COMMAND: GET /session/8179189192b6e8199f2c8c0ed4dbe55e/screenshot - {}
RESULT: {}
COMMAND: POST /session/8179189192b6e8199f2c8c0ed4dbe55e/elements - {"using":"xpath","value":"//span[text()='Error']"}
RESULT: {"using":"xpath","value":"//span[text()='Error']"}
RESULT: undefined
COMMAND: POST /session/8179189192b6e8199f2c8c0ed4dbe55e/element - {"using":"xpath","value":"//*[@id=\"__tile131\"]"}
RESULT: {"using":"xpath","value":"//*[@id=\"__tile131\"]"}
COMMAND: POST /session/8179189192b6e8199f2c8c0ed4dbe55e/element/f.B21277114AAE32FBBA00628FF0F6C8E7.d.C060C897B1035F49D16B395A5D66229A.e.1691/click - {}
RESULT: undefined
COMMAND: POST /session/8179189192b6e8199f2c8c0ed4dbe55e/element - {"using":"xpath","value":"//*[@id=\"__tile131\"]"}
RESULT: {"using":"xpath","value":"//*[@id=\"__tile131\"]"}
COMMAND: POST /session/8179189192b6e8199f2c8c0ed4dbe55e/element/f.B21277114AAE32FBBA00628FF0F6C8E7.d.C060C897B1035F49D16B395A5D66229A.e.1691/click - {}
RESULT: undefined
COMMAND: POST /session/8179189192b6e8199f2c8c0ed4dbe55e/execute/async - {"script":"<script> [6424 bytes]","args":[{"element-6066-11e4-a52e-4f735466cecf":"f.B21277114AAE32FBBA00628FF0F6C8E7.d.C060C897B1035F49D16B395A5D66229A.e.290"},"getTitle",[]]}
COMMAND: POST /session/8179189192b6e8199f2c8c0ed4dbe55e/execute/async - {"script":"<script> [1562 bytes]","args":[{"selector":{"id":"shellAppTitle"},"wdio_ui5_key":"shellAppTitle"}]}
RESULT: {"script":"<script> [1562 bytes]","args":[{"selector":{"id":"shellAppTitle"},"wdio_ui5_key":"shellAppTitle"}]}
COMMAND: POST /session/8179189192b6e8199f2c8c0ed4dbe55e/execute/async - {"script":"<script> [6424 bytes]","args":[{"element-6066-11e4-a52e-4f735466cecf":"f.B21277114AAE32FBBA00628FF0F6C8E7.d.C060C897B1035F49D16B395A5D66229A.e.1789"},"getTitle",[]]}
RESULT: {"script":"<script> [6424 bytes]","args":[{"element-6066-11e4-a52e-4f735466cecf":"f.B21277114AAE32FBBA00628FF0F6C8E7.d.C060C897B1035F49D16B395A5D66229A.e.1789"},"getTitle",[]]}
RESULT: undefined
COMMAND: POST /session/8179189192b6e8199f2c8c0ed4dbe55e/element/f.B21277114AAE32FBBA00628FF0F6C8E7.d.C060C897B1035F49D16B395A5D66229A.e.1689/click - {}
RESULT: {}
COMMAND: GET /session/8179189192b6e8199f2c8c0ed4dbe55e/screenshot - {}
RESULT: {}
]]></system-out>
    </testcase>
    <testcase classname="chrome.137_0_7151_69.windows.Sanity_Tests_US104253" name="Should open Delivery Monitor page" time="36.199">
      <system-out><![CDATA[
COMMAND: POST /session/8179189192b6e8199f2c8c0ed4dbe55e/execute/async - {"script":"<script> [1562 bytes]","args":[{"selector":{"controlType":"sap.m.GenericTile","properties":{"header":"Delivery Monitor"}},"wdio_ui5_key":"sapm.GenericTile{\"header\":\"Delivery Monitor\"}"}]}
RESULT: {"script":"<script> [1562 bytes]","args":[{"selector":{"controlType":"sap.m.GenericTile","properties":{"header":"Delivery Monitor"}},"wdio_ui5_key":"sapm.GenericTile{\"header\":\"Delivery Monitor\"}"}]}
RESULT: undefined
COMMAND: POST /session/8179189192b6e8199f2c8c0ed4dbe55e/element - {"using":"xpath","value":"//*[@id=\"__tile43\"]"}
RESULT: {"using":"xpath","value":"//*[@id=\"__tile43\"]"}
COMMAND: POST /session/8179189192b6e8199f2c8c0ed4dbe55e/element/f.B21277114AAE32FBBA00628FF0F6C8E7.d.C060C897B1035F49D16B395A5D66229A.e.1791/click - {}
RESULT: {}
COMMAND: GET /session/8179189192b6e8199f2c8c0ed4dbe55e/screenshot - {}
RESULT: {}
COMMAND: POST /session/8179189192b6e8199f2c8c0ed4dbe55e/elements - {"using":"xpath","value":"//span[text()='Error']"}
RESULT: {"using":"xpath","value":"//span[text()='Error']"}
RESULT: undefined
COMMAND: POST /session/8179189192b6e8199f2c8c0ed4dbe55e/element - {"using":"xpath","value":"//*[@id=\"__tile43\"]"}
RESULT: {"using":"xpath","value":"//*[@id=\"__tile43\"]"}
COMMAND: POST /session/8179189192b6e8199f2c8c0ed4dbe55e/element/f.B21277114AAE32FBBA00628FF0F6C8E7.d.C060C897B1035F49D16B395A5D66229A.e.1791/click - {}
RESULT: undefined
COMMAND: POST /session/8179189192b6e8199f2c8c0ed4dbe55e/element - {"using":"xpath","value":"//*[@id=\"__tile43\"]"}
RESULT: {"using":"xpath","value":"//*[@id=\"__tile43\"]"}
COMMAND: POST /session/8179189192b6e8199f2c8c0ed4dbe55e/element/f.B21277114AAE32FBBA00628FF0F6C8E7.d.C060C897B1035F49D16B395A5D66229A.e.1791/click - {}
RESULT: undefined
COMMAND: POST /session/8179189192b6e8199f2c8c0ed4dbe55e/execute/async - {"script":"<script> [6424 bytes]","args":[{"element-6066-11e4-a52e-4f735466cecf":"f.B21277114AAE32FBBA00628FF0F6C8E7.d.C060C897B1035F49D16B395A5D66229A.e.290"},"getTitle",[]]}
COMMAND: POST /session/8179189192b6e8199f2c8c0ed4dbe55e/execute/async - {"script":"<script> [1562 bytes]","args":[{"selector":{"id":"shellAppTitle"},"wdio_ui5_key":"shellAppTitle"}]}
RESULT: {"script":"<script> [1562 bytes]","args":[{"selector":{"id":"shellAppTitle"},"wdio_ui5_key":"shellAppTitle"}]}
COMMAND: POST /session/8179189192b6e8199f2c8c0ed4dbe55e/execute/async - {"script":"<script> [6424 bytes]","args":[{"element-6066-11e4-a52e-4f735466cecf":"f.B21277114AAE32FBBA00628FF0F6C8E7.d.C060C897B1035F49D16B395A5D66229A.e.1888"},"getTitle",[]]}
RESULT: {"script":"<script> [6424 bytes]","args":[{"element-6066-11e4-a52e-4f735466cecf":"f.B21277114AAE32FBBA00628FF0F6C8E7.d.C060C897B1035F49D16B395A5D66229A.e.1888"},"getTitle",[]]}
RESULT: undefined
COMMAND: POST /session/8179189192b6e8199f2c8c0ed4dbe55e/element/f.B21277114AAE32FBBA00628FF0F6C8E7.d.C060C897B1035F49D16B395A5D66229A.e.1689/click - {}
COMMAND: POST /session/8179189192b6e8199f2c8c0ed4dbe55e/element - {"using":"xpath","value":"//*[@id=\"backBtn\"]"}
RESULT: {"using":"xpath","value":"//*[@id=\"backBtn\"]"}
COMMAND: POST /session/8179189192b6e8199f2c8c0ed4dbe55e/element/f.B21277114AAE32FBBA00628FF0F6C8E7.d.C060C897B1035F49D16B395A5D66229A.e.1689/click - {}
COMMAND: POST /session/8179189192b6e8199f2c8c0ed4dbe55e/element - {"using":"xpath","value":"//*[@id=\"backBtn\"]"}
RESULT: {"using":"xpath","value":"//*[@id=\"backBtn\"]"}
COMMAND: POST /session/8179189192b6e8199f2c8c0ed4dbe55e/element/f.B21277114AAE32FBBA00628FF0F6C8E7.d.C060C897B1035F49D16B395A5D66229A.e.1889/click - {}
RESULT: {}
COMMAND: GET /session/8179189192b6e8199f2c8c0ed4dbe55e/screenshot - {}
RESULT: {}
]]></system-out>
    </testcase>
    <testcase classname="chrome.137_0_7151_69.windows.Sanity_Tests_US104253" name="Should open Manage Calendar Exceptions page" time="35.799">
      <system-out><![CDATA[
COMMAND: POST /session/8179189192b6e8199f2c8c0ed4dbe55e/execute/async - {"script":"<script> [1562 bytes]","args":[{"selector":{"controlType":"sap.m.GenericTile","properties":{"header":"Manage Calendar Exceptions"}},"wdio_ui5_key":"sapm.GenericTile{\"header\":\"Manage Calendar Exceptions\"}"}]}
RESULT: {"script":"<script> [1562 bytes]","args":[{"selector":{"controlType":"sap.m.GenericTile","properties":{"header":"Manage Calendar Exceptions"}},"wdio_ui5_key":"sapm.GenericTile{\"header\":\"Manage Calendar Exceptions\"}"}]}
RESULT: undefined
COMMAND: POST /session/8179189192b6e8199f2c8c0ed4dbe55e/element - {"using":"xpath","value":"//*[@id=\"__tile52\"]"}
RESULT: {"using":"xpath","value":"//*[@id=\"__tile52\"]"}
COMMAND: POST /session/8179189192b6e8199f2c8c0ed4dbe55e/element/f.B21277114AAE32FBBA00628FF0F6C8E7.d.C060C897B1035F49D16B395A5D66229A.e.1891/click - {}
RESULT: {}
COMMAND: GET /session/8179189192b6e8199f2c8c0ed4dbe55e/screenshot - {}
RESULT: {}
COMMAND: POST /session/8179189192b6e8199f2c8c0ed4dbe55e/elements - {"using":"xpath","value":"//span[text()='Error']"}
RESULT: {"using":"xpath","value":"//span[text()='Error']"}
RESULT: undefined
COMMAND: POST /session/8179189192b6e8199f2c8c0ed4dbe55e/element - {"using":"xpath","value":"//*[@id=\"__tile52\"]"}
RESULT: {"using":"xpath","value":"//*[@id=\"__tile52\"]"}
COMMAND: POST /session/8179189192b6e8199f2c8c0ed4dbe55e/element/f.B21277114AAE32FBBA00628FF0F6C8E7.d.C060C897B1035F49D16B395A5D66229A.e.1891/click - {}
RESULT: undefined
COMMAND: POST /session/8179189192b6e8199f2c8c0ed4dbe55e/element - {"using":"xpath","value":"//*[@id=\"__tile52\"]"}
RESULT: {"using":"xpath","value":"//*[@id=\"__tile52\"]"}
COMMAND: POST /session/8179189192b6e8199f2c8c0ed4dbe55e/element/f.B21277114AAE32FBBA00628FF0F6C8E7.d.C060C897B1035F49D16B395A5D66229A.e.1891/click - {}
RESULT: undefined
COMMAND: POST /session/8179189192b6e8199f2c8c0ed4dbe55e/execute/async - {"script":"<script> [6424 bytes]","args":[{"element-6066-11e4-a52e-4f735466cecf":"f.B21277114AAE32FBBA00628FF0F6C8E7.d.C060C897B1035F49D16B395A5D66229A.e.290"},"getTitle",[]]}
COMMAND: POST /session/8179189192b6e8199f2c8c0ed4dbe55e/execute/async - {"script":"<script> [1562 bytes]","args":[{"selector":{"id":"shellAppTitle"},"wdio_ui5_key":"shellAppTitle"}]}
RESULT: {"script":"<script> [1562 bytes]","args":[{"selector":{"id":"shellAppTitle"},"wdio_ui5_key":"shellAppTitle"}]}
COMMAND: POST /session/8179189192b6e8199f2c8c0ed4dbe55e/execute/async - {"script":"<script> [6424 bytes]","args":[{"element-6066-11e4-a52e-4f735466cecf":"f.B21277114AAE32FBBA00628FF0F6C8E7.d.C060C897B1035F49D16B395A5D66229A.e.2011"},"getTitle",[]]}
RESULT: {"script":"<script> [6424 bytes]","args":[{"element-6066-11e4-a52e-4f735466cecf":"f.B21277114AAE32FBBA00628FF0F6C8E7.d.C060C897B1035F49D16B395A5D66229A.e.2011"},"getTitle",[]]}
RESULT: undefined
COMMAND: POST /session/8179189192b6e8199f2c8c0ed4dbe55e/element/f.B21277114AAE32FBBA00628FF0F6C8E7.d.C060C897B1035F49D16B395A5D66229A.e.1889/click - {}
RESULT: {}
COMMAND: GET /session/8179189192b6e8199f2c8c0ed4dbe55e/screenshot - {}
RESULT: {}
]]></system-out>
    </testcase>
    <testcase classname="chrome.137_0_7151_69.windows.Sanity_Tests_US104253" name="Should open Manage States Performance page" time="35.793">
      <system-out><![CDATA[
COMMAND: POST /session/8179189192b6e8199f2c8c0ed4dbe55e/execute/async - {"script":"<script> [1562 bytes]","args":[{"selector":{"controlType":"sap.m.GenericTile","properties":{"header":"Manage States & Performance"}},"wdio_ui5_key":"sapm.GenericTile{\"header\":\"Manage States & Performance\"}"}]}
RESULT: {"script":"<script> [1562 bytes]","args":[{"selector":{"controlType":"sap.m.GenericTile","properties":{"header":"Manage States & Performance"}},"wdio_ui5_key":"sapm.GenericTile{\"header\":\"Manage States & Performance\"}"}]}
RESULT: undefined
COMMAND: POST /session/8179189192b6e8199f2c8c0ed4dbe55e/element - {"using":"xpath","value":"//*[@id=\"__tile56\"]"}
RESULT: {"using":"xpath","value":"//*[@id=\"__tile56\"]"}
COMMAND: POST /session/8179189192b6e8199f2c8c0ed4dbe55e/element/f.B21277114AAE32FBBA00628FF0F6C8E7.d.C060C897B1035F49D16B395A5D66229A.e.2015/click - {}
RESULT: {}
COMMAND: GET /session/8179189192b6e8199f2c8c0ed4dbe55e/screenshot - {}
RESULT: {}
COMMAND: POST /session/8179189192b6e8199f2c8c0ed4dbe55e/elements - {"using":"xpath","value":"//span[text()='Error']"}
RESULT: {"using":"xpath","value":"//span[text()='Error']"}
RESULT: undefined
COMMAND: POST /session/8179189192b6e8199f2c8c0ed4dbe55e/element - {"using":"xpath","value":"//*[@id=\"__tile56\"]"}
RESULT: {"using":"xpath","value":"//*[@id=\"__tile56\"]"}
COMMAND: POST /session/8179189192b6e8199f2c8c0ed4dbe55e/element/f.B21277114AAE32FBBA00628FF0F6C8E7.d.C060C897B1035F49D16B395A5D66229A.e.2015/click - {}
RESULT: undefined
COMMAND: POST /session/8179189192b6e8199f2c8c0ed4dbe55e/element - {"using":"xpath","value":"//*[@id=\"__tile56\"]"}
RESULT: {"using":"xpath","value":"//*[@id=\"__tile56\"]"}
COMMAND: POST /session/8179189192b6e8199f2c8c0ed4dbe55e/element/f.B21277114AAE32FBBA00628FF0F6C8E7.d.C060C897B1035F49D16B395A5D66229A.e.2015/click - {}
RESULT: undefined
COMMAND: POST /session/8179189192b6e8199f2c8c0ed4dbe55e/execute/async - {"script":"<script> [6424 bytes]","args":[{"element-6066-11e4-a52e-4f735466cecf":"f.B21277114AAE32FBBA00628FF0F6C8E7.d.C060C897B1035F49D16B395A5D66229A.e.290"},"getTitle",[]]}
COMMAND: POST /session/8179189192b6e8199f2c8c0ed4dbe55e/execute/async - {"script":"<script> [1562 bytes]","args":[{"selector":{"id":"shellAppTitle"},"wdio_ui5_key":"shellAppTitle"}]}
RESULT: {"script":"<script> [1562 bytes]","args":[{"selector":{"id":"shellAppTitle"},"wdio_ui5_key":"shellAppTitle"}]}
COMMAND: POST /session/8179189192b6e8199f2c8c0ed4dbe55e/execute/async - {"script":"<script> [6424 bytes]","args":[{"element-6066-11e4-a52e-4f735466cecf":"f.B21277114AAE32FBBA00628FF0F6C8E7.d.C060C897B1035F49D16B395A5D66229A.e.2115"},"getTitle",[]]}
RESULT: {"script":"<script> [6424 bytes]","args":[{"element-6066-11e4-a52e-4f735466cecf":"f.B21277114AAE32FBBA00628FF0F6C8E7.d.C060C897B1035F49D16B395A5D66229A.e.2115"},"getTitle",[]]}
RESULT: undefined
COMMAND: POST /session/8179189192b6e8199f2c8c0ed4dbe55e/element/f.B21277114AAE32FBBA00628FF0F6C8E7.d.C060C897B1035F49D16B395A5D66229A.e.1889/click - {}
COMMAND: POST /session/8179189192b6e8199f2c8c0ed4dbe55e/element - {"using":"xpath","value":"//*[@id=\"backBtn\"]"}
RESULT: {"using":"xpath","value":"//*[@id=\"backBtn\"]"}
COMMAND: POST /session/8179189192b6e8199f2c8c0ed4dbe55e/element/f.B21277114AAE32FBBA00628FF0F6C8E7.d.C060C897B1035F49D16B395A5D66229A.e.1889/click - {}
COMMAND: POST /session/8179189192b6e8199f2c8c0ed4dbe55e/element - {"using":"xpath","value":"//*[@id=\"backBtn\"]"}
RESULT: {"using":"xpath","value":"//*[@id=\"backBtn\"]"}
COMMAND: POST /session/8179189192b6e8199f2c8c0ed4dbe55e/element/f.B21277114AAE32FBBA00628FF0F6C8E7.d.C060C897B1035F49D16B395A5D66229A.e.2116/click - {}
RESULT: {}
COMMAND: GET /session/8179189192b6e8199f2c8c0ed4dbe55e/screenshot - {}
RESULT: {}
]]></system-out>
    </testcase>
    <testcase classname="chrome.137_0_7151_69.windows.Sanity_Tests_US104253" name="Should open Manage Billings page" time="38.534">
      <system-out><![CDATA[
COMMAND: POST /session/8179189192b6e8199f2c8c0ed4dbe55e/execute/async - {"script":"<script> [1562 bytes]","args":[{"selector":{"controlType":"sap.m.GenericTile","properties":{"header":"Manage Billings"}},"wdio_ui5_key":"sapm.GenericTile{\"header\":\"Manage Billings\"}"}]}
RESULT: {"script":"<script> [1562 bytes]","args":[{"selector":{"controlType":"sap.m.GenericTile","properties":{"header":"Manage Billings"}},"wdio_ui5_key":"sapm.GenericTile{\"header\":\"Manage Billings\"}"}]}
RESULT: undefined
COMMAND: POST /session/8179189192b6e8199f2c8c0ed4dbe55e/element - {"using":"xpath","value":"//*[@id=\"__tile51\"]"}
RESULT: {"using":"xpath","value":"//*[@id=\"__tile51\"]"}
COMMAND: POST /session/8179189192b6e8199f2c8c0ed4dbe55e/element/f.B21277114AAE32FBBA00628FF0F6C8E7.d.C060C897B1035F49D16B395A5D66229A.e.2118/click - {}
RESULT: {}
COMMAND: GET /session/8179189192b6e8199f2c8c0ed4dbe55e/screenshot - {}
RESULT: {}
COMMAND: POST /session/8179189192b6e8199f2c8c0ed4dbe55e/elements - {"using":"xpath","value":"//span[text()='Error']"}
RESULT: {"using":"xpath","value":"//span[text()='Error']"}
RESULT: undefined
COMMAND: POST /session/8179189192b6e8199f2c8c0ed4dbe55e/element - {"using":"xpath","value":"//*[@id=\"__tile51\"]"}
RESULT: {"using":"xpath","value":"//*[@id=\"__tile51\"]"}
COMMAND: POST /session/8179189192b6e8199f2c8c0ed4dbe55e/element/f.B21277114AAE32FBBA00628FF0F6C8E7.d.C060C897B1035F49D16B395A5D66229A.e.2118/click - {}
RESULT: undefined
COMMAND: POST /session/8179189192b6e8199f2c8c0ed4dbe55e/element - {"using":"xpath","value":"//*[@id=\"__tile51\"]"}
RESULT: {"using":"xpath","value":"//*[@id=\"__tile51\"]"}
COMMAND: POST /session/8179189192b6e8199f2c8c0ed4dbe55e/element/f.B21277114AAE32FBBA00628FF0F6C8E7.d.C060C897B1035F49D16B395A5D66229A.e.2118/click - {}
RESULT: undefined
COMMAND: POST /session/8179189192b6e8199f2c8c0ed4dbe55e/execute/async - {"script":"<script> [6424 bytes]","args":[{"element-6066-11e4-a52e-4f735466cecf":"f.B21277114AAE32FBBA00628FF0F6C8E7.d.C060C897B1035F49D16B395A5D66229A.e.290"},"getTitle",[]]}
COMMAND: POST /session/8179189192b6e8199f2c8c0ed4dbe55e/execute/async - {"script":"<script> [1562 bytes]","args":[{"selector":{"id":"shellAppTitle"},"wdio_ui5_key":"shellAppTitle"}]}
RESULT: {"script":"<script> [1562 bytes]","args":[{"selector":{"id":"shellAppTitle"},"wdio_ui5_key":"shellAppTitle"}]}
COMMAND: POST /session/8179189192b6e8199f2c8c0ed4dbe55e/execute/async - {"script":"<script> [6424 bytes]","args":[{"element-6066-11e4-a52e-4f735466cecf":"f.B21277114AAE32FBBA00628FF0F6C8E7.d.C060C897B1035F49D16B395A5D66229A.e.2331"},"getTitle",[]]}
RESULT: {"script":"<script> [6424 bytes]","args":[{"element-6066-11e4-a52e-4f735466cecf":"f.B21277114AAE32FBBA00628FF0F6C8E7.d.C060C897B1035F49D16B395A5D66229A.e.2331"},"getTitle",[]]}
RESULT: undefined
COMMAND: POST /session/8179189192b6e8199f2c8c0ed4dbe55e/element/f.B21277114AAE32FBBA00628FF0F6C8E7.d.C060C897B1035F49D16B395A5D66229A.e.2116/click - {}
COMMAND: POST /session/8179189192b6e8199f2c8c0ed4dbe55e/element/f.B21277114AAE32FBBA00628FF0F6C8E7.d.C060C897B1035F49D16B395A5D66229A.e.2116/click - {}
RESULT: {}
COMMAND: GET /session/8179189192b6e8199f2c8c0ed4dbe55e/screenshot - {}
COMMAND: POST /session/8179189192b6e8199f2c8c0ed4dbe55e/element - {"using":"xpath","value":"//*[@id=\"backBtn\"]"}
RESULT: {}
RESULT: {"using":"xpath","value":"//*[@id=\"backBtn\"]"}
COMMAND: POST /session/8179189192b6e8199f2c8c0ed4dbe55e/elements - {"using":"xpath","value":"//*[@id=\"backBtn\"]"}
RESULT: {"using":"xpath","value":"//*[@id=\"backBtn\"]"}
COMMAND: POST /session/8179189192b6e8199f2c8c0ed4dbe55e/elements - {"using":"xpath","value":"//*[@id=\"backBtn\"]"}
RESULT: {"using":"xpath","value":"//*[@id=\"backBtn\"]"}
COMMAND: POST /session/8179189192b6e8199f2c8c0ed4dbe55e/elements - {"using":"xpath","value":"//*[@id=\"backBtn\"]"}
RESULT: {"using":"xpath","value":"//*[@id=\"backBtn\"]"}
COMMAND: POST /session/8179189192b6e8199f2c8c0ed4dbe55e/elements - {"using":"xpath","value":"//*[@id=\"backBtn\"]"}
RESULT: {"using":"xpath","value":"//*[@id=\"backBtn\"]"}
COMMAND: POST /session/8179189192b6e8199f2c8c0ed4dbe55e/elements - {"using":"xpath","value":"//*[@id=\"backBtn\"]"}
RESULT: {"using":"xpath","value":"//*[@id=\"backBtn\"]"}
COMMAND: POST /session/8179189192b6e8199f2c8c0ed4dbe55e/elements - {"using":"xpath","value":"//*[@id=\"backBtn\"]"}
RESULT: {"using":"xpath","value":"//*[@id=\"backBtn\"]"}
COMMAND: POST /session/8179189192b6e8199f2c8c0ed4dbe55e/elements - {"using":"xpath","value":"//*[@id=\"backBtn\"]"}
RESULT: {"using":"xpath","value":"//*[@id=\"backBtn\"]"}
COMMAND: POST /session/8179189192b6e8199f2c8c0ed4dbe55e/elements - {"using":"xpath","value":"//*[@id=\"backBtn\"]"}
RESULT: {"using":"xpath","value":"//*[@id=\"backBtn\"]"}
COMMAND: POST /session/8179189192b6e8199f2c8c0ed4dbe55e/elements - {"using":"xpath","value":"//*[@id=\"backBtn\"]"}
RESULT: {"using":"xpath","value":"//*[@id=\"backBtn\"]"}
COMMAND: POST /session/8179189192b6e8199f2c8c0ed4dbe55e/elements - {"using":"xpath","value":"//*[@id=\"backBtn\"]"}
RESULT: {"using":"xpath","value":"//*[@id=\"backBtn\"]"}
COMMAND: POST /session/8179189192b6e8199f2c8c0ed4dbe55e/elements - {"using":"xpath","value":"//*[@id=\"backBtn\"]"}
RESULT: {"using":"xpath","value":"//*[@id=\"backBtn\"]"}
COMMAND: POST /session/8179189192b6e8199f2c8c0ed4dbe55e/elements - {"using":"xpath","value":"//*[@id=\"backBtn\"]"}
RESULT: {"using":"xpath","value":"//*[@id=\"backBtn\"]"}
COMMAND: POST /session/8179189192b6e8199f2c8c0ed4dbe55e/elements - {"using":"xpath","value":"//*[@id=\"backBtn\"]"}
RESULT: {"using":"xpath","value":"//*[@id=\"backBtn\"]"}
COMMAND: POST /session/8179189192b6e8199f2c8c0ed4dbe55e/elements - {"using":"xpath","value":"//*[@id=\"backBtn\"]"}
RESULT: {"using":"xpath","value":"//*[@id=\"backBtn\"]"}
COMMAND: POST /session/8179189192b6e8199f2c8c0ed4dbe55e/elements - {"using":"xpath","value":"//*[@id=\"backBtn\"]"}
RESULT: {"using":"xpath","value":"//*[@id=\"backBtn\"]"}
COMMAND: POST /session/8179189192b6e8199f2c8c0ed4dbe55e/elements - {"using":"xpath","value":"//*[@id=\"backBtn\"]"}
RESULT: {"using":"xpath","value":"//*[@id=\"backBtn\"]"}
COMMAND: POST /session/8179189192b6e8199f2c8c0ed4dbe55e/elements - {"using":"xpath","value":"//*[@id=\"backBtn\"]"}
RESULT: {"using":"xpath","value":"//*[@id=\"backBtn\"]"}
COMMAND: POST /session/8179189192b6e8199f2c8c0ed4dbe55e/elements - {"using":"xpath","value":"//*[@id=\"backBtn\"]"}
RESULT: {"using":"xpath","value":"//*[@id=\"backBtn\"]"}
]]></system-out>
    </testcase>
    <testcase classname="chrome.137_0_7151_69.windows.Sanity_Tests_US104253" name="Should open Manage Conditions Prices page" time="43.67">
      <system-out><![CDATA[
COMMAND: POST /session/8179189192b6e8199f2c8c0ed4dbe55e/execute/async - {"script":"<script> [1562 bytes]","args":[{"selector":{"controlType":"sap.m.GenericTile","properties":{"header":"Manage Conditions & Prices"}},"wdio_ui5_key":"sapm.GenericTile{\"header\":\"Manage Conditions & Prices\"}"}]}
COMMAND: POST /session/8179189192b6e8199f2c8c0ed4dbe55e/elements - {"using":"xpath","value":"//*[@id=\"backBtn\"]"}
RESULT: {"script":"<script> [1562 bytes]","args":[{"selector":{"controlType":"sap.m.GenericTile","properties":{"header":"Manage Conditions & Prices"}},"wdio_ui5_key":"sapm.GenericTile{\"header\":\"Manage Conditions & Prices\"}"}]}
RESULT: undefined
COMMAND: POST /session/8179189192b6e8199f2c8c0ed4dbe55e/element - {"using":"xpath","value":"//*[@id=\"__tile53\"]"}
RESULT: {"using":"xpath","value":"//*[@id=\"backBtn\"]"}
RESULT: {"using":"xpath","value":"//*[@id=\"__tile53\"]"}
COMMAND: POST /session/8179189192b6e8199f2c8c0ed4dbe55e/element/f.B21277114AAE32FBBA00628FF0F6C8E7.d.C060C897B1035F49D16B395A5D66229A.e.2333/click - {}
RESULT: {}
COMMAND: GET /session/8179189192b6e8199f2c8c0ed4dbe55e/screenshot - {}
RESULT: {}
COMMAND: POST /session/8179189192b6e8199f2c8c0ed4dbe55e/elements - {"using":"xpath","value":"//*[@id=\"backBtn\"]"}
RESULT: {"using":"xpath","value":"//*[@id=\"backBtn\"]"}
COMMAND: POST /session/8179189192b6e8199f2c8c0ed4dbe55e/elements - {"using":"xpath","value":"//*[@id=\"backBtn\"]"}
RESULT: {"using":"xpath","value":"//*[@id=\"backBtn\"]"}
COMMAND: POST /session/8179189192b6e8199f2c8c0ed4dbe55e/elements - {"using":"xpath","value":"//*[@id=\"backBtn\"]"}
RESULT: {"using":"xpath","value":"//*[@id=\"backBtn\"]"}
COMMAND: POST /session/8179189192b6e8199f2c8c0ed4dbe55e/elements - {"using":"xpath","value":"//*[@id=\"backBtn\"]"}
RESULT: {"using":"xpath","value":"//*[@id=\"backBtn\"]"}
COMMAND: POST /session/8179189192b6e8199f2c8c0ed4dbe55e/element - {"using":"xpath","value":"//*[@id=\"backBtn\"]"}
RESULT: {"using":"xpath","value":"//*[@id=\"backBtn\"]"}
COMMAND: POST /session/8179189192b6e8199f2c8c0ed4dbe55e/element/f.B21277114AAE32FBBA00628FF0F6C8E7.d.C060C897B1035F49D16B395A5D66229A.e.2116/click - {}
COMMAND: POST /session/8179189192b6e8199f2c8c0ed4dbe55e/element - {"using":"xpath","value":"//*[@id=\"backBtn\"]"}
RESULT: {"using":"xpath","value":"//*[@id=\"backBtn\"]"}
COMMAND: POST /session/8179189192b6e8199f2c8c0ed4dbe55e/element/f.B21277114AAE32FBBA00628FF0F6C8E7.d.C060C897B1035F49D16B395A5D66229A.e.2337/click - {}
RESULT: {}
COMMAND: GET /session/8179189192b6e8199f2c8c0ed4dbe55e/screenshot - {}
RESULT: {}
COMMAND: POST /session/8179189192b6e8199f2c8c0ed4dbe55e/elements - {"using":"xpath","value":"//span[text()='Error']"}
RESULT: {"using":"xpath","value":"//span[text()='Error']"}
RESULT: undefined
COMMAND: POST /session/8179189192b6e8199f2c8c0ed4dbe55e/element - {"using":"xpath","value":"//*[@id=\"__tile53\"]"}
RESULT: {"using":"xpath","value":"//*[@id=\"__tile53\"]"}
COMMAND: POST /session/8179189192b6e8199f2c8c0ed4dbe55e/element/f.B21277114AAE32FBBA00628FF0F6C8E7.d.C060C897B1035F49D16B395A5D66229A.e.2333/click - {}
RESULT: {}
RESULT: undefined
COMMAND: POST /session/8179189192b6e8199f2c8c0ed4dbe55e/element - {"using":"xpath","value":"//*[@id=\"__tile53\"]"}
COMMAND: GET /session/8179189192b6e8199f2c8c0ed4dbe55e/screenshot - {}
RESULT: {"using":"xpath","value":"//*[@id=\"__tile53\"]"}
COMMAND: POST /session/8179189192b6e8199f2c8c0ed4dbe55e/element/f.B21277114AAE32FBBA00628FF0F6C8E7.d.C060C897B1035F49D16B395A5D66229A.e.2333/click - {}
RESULT: {}
RESULT: undefined
COMMAND: POST /session/8179189192b6e8199f2c8c0ed4dbe55e/execute/async - {"script":"<script> [6424 bytes]","args":[{"element-6066-11e4-a52e-4f735466cecf":"f.B21277114AAE32FBBA00628FF0F6C8E7.d.C060C897B1035F49D16B395A5D66229A.e.290"},"getTitle",[]]}
COMMAND: POST /session/8179189192b6e8199f2c8c0ed4dbe55e/execute/async - {"script":"<script> [1562 bytes]","args":[{"selector":{"id":"shellAppTitle"},"wdio_ui5_key":"shellAppTitle"}]}
RESULT: {"script":"<script> [1562 bytes]","args":[{"selector":{"id":"shellAppTitle"},"wdio_ui5_key":"shellAppTitle"}]}
COMMAND: POST /session/8179189192b6e8199f2c8c0ed4dbe55e/execute/async - {"script":"<script> [6424 bytes]","args":[{"element-6066-11e4-a52e-4f735466cecf":"f.B21277114AAE32FBBA00628FF0F6C8E7.d.C060C897B1035F49D16B395A5D66229A.e.2824"},"getTitle",[]]}
RESULT: {"script":"<script> [6424 bytes]","args":[{"element-6066-11e4-a52e-4f735466cecf":"f.B21277114AAE32FBBA00628FF0F6C8E7.d.C060C897B1035F49D16B395A5D66229A.e.2824"},"getTitle",[]]}
RESULT: undefined
COMMAND: POST /session/8179189192b6e8199f2c8c0ed4dbe55e/element/f.B21277114AAE32FBBA00628FF0F6C8E7.d.C060C897B1035F49D16B395A5D66229A.e.2337/click - {}
RESULT: {}
COMMAND: GET /session/8179189192b6e8199f2c8c0ed4dbe55e/screenshot - {}
RESULT: {}
]]></system-out>
    </testcase>
    <testcase classname="chrome.137_0_7151_69.windows.Sanity_Tests_US104253" name="Should open Billing Transfer page" time="35.936">
      <system-out><![CDATA[
COMMAND: POST /session/8179189192b6e8199f2c8c0ed4dbe55e/execute/async - {"script":"<script> [1562 bytes]","args":[{"selector":{"controlType":"sap.m.GenericTile","properties":{"header":"Billing Transfer"}},"wdio_ui5_key":"sapm.GenericTile{\"header\":\"Billing Transfer\"}"}]}
RESULT: {"script":"<script> [1562 bytes]","args":[{"selector":{"controlType":"sap.m.GenericTile","properties":{"header":"Billing Transfer"}},"wdio_ui5_key":"sapm.GenericTile{\"header\":\"Billing Transfer\"}"}]}
RESULT: undefined
COMMAND: POST /session/8179189192b6e8199f2c8c0ed4dbe55e/element - {"using":"xpath","value":"//*[@id=\"__tile50\"]"}
RESULT: {"using":"xpath","value":"//*[@id=\"__tile50\"]"}
COMMAND: POST /session/8179189192b6e8199f2c8c0ed4dbe55e/element/f.B21277114AAE32FBBA00628FF0F6C8E7.d.C060C897B1035F49D16B395A5D66229A.e.2826/click - {}
RESULT: {}
COMMAND: GET /session/8179189192b6e8199f2c8c0ed4dbe55e/screenshot - {}
RESULT: {}
COMMAND: POST /session/8179189192b6e8199f2c8c0ed4dbe55e/elements - {"using":"xpath","value":"//span[text()='Error']"}
RESULT: {"using":"xpath","value":"//span[text()='Error']"}
RESULT: undefined
COMMAND: POST /session/8179189192b6e8199f2c8c0ed4dbe55e/element - {"using":"xpath","value":"//*[@id=\"__tile50\"]"}
RESULT: {"using":"xpath","value":"//*[@id=\"__tile50\"]"}
COMMAND: POST /session/8179189192b6e8199f2c8c0ed4dbe55e/element/f.B21277114AAE32FBBA00628FF0F6C8E7.d.C060C897B1035F49D16B395A5D66229A.e.2826/click - {}
RESULT: undefined
COMMAND: POST /session/8179189192b6e8199f2c8c0ed4dbe55e/element - {"using":"xpath","value":"//*[@id=\"__tile50\"]"}
RESULT: {"using":"xpath","value":"//*[@id=\"__tile50\"]"}
COMMAND: POST /session/8179189192b6e8199f2c8c0ed4dbe55e/element/f.B21277114AAE32FBBA00628FF0F6C8E7.d.C060C897B1035F49D16B395A5D66229A.e.2826/click - {}
RESULT: undefined
COMMAND: POST /session/8179189192b6e8199f2c8c0ed4dbe55e/execute/async - {"script":"<script> [6424 bytes]","args":[{"element-6066-11e4-a52e-4f735466cecf":"f.B21277114AAE32FBBA00628FF0F6C8E7.d.C060C897B1035F49D16B395A5D66229A.e.290"},"getTitle",[]]}
COMMAND: POST /session/8179189192b6e8199f2c8c0ed4dbe55e/execute/async - {"script":"<script> [1562 bytes]","args":[{"selector":{"id":"shellAppTitle"},"wdio_ui5_key":"shellAppTitle"}]}
RESULT: {"script":"<script> [1562 bytes]","args":[{"selector":{"id":"shellAppTitle"},"wdio_ui5_key":"shellAppTitle"}]}
COMMAND: POST /session/8179189192b6e8199f2c8c0ed4dbe55e/execute/async - {"script":"<script> [6424 bytes]","args":[{"element-6066-11e4-a52e-4f735466cecf":"f.B21277114AAE32FBBA00628FF0F6C8E7.d.C060C897B1035F49D16B395A5D66229A.e.2908"},"getTitle",[]]}
RESULT: {"script":"<script> [6424 bytes]","args":[{"element-6066-11e4-a52e-4f735466cecf":"f.B21277114AAE32FBBA00628FF0F6C8E7.d.C060C897B1035F49D16B395A5D66229A.e.2908"},"getTitle",[]]}
RESULT: undefined
COMMAND: POST /session/8179189192b6e8199f2c8c0ed4dbe55e/element/f.B21277114AAE32FBBA00628FF0F6C8E7.d.C060C897B1035F49D16B395A5D66229A.e.2337/click - {}
COMMAND: POST /session/8179189192b6e8199f2c8c0ed4dbe55e/element - {"using":"xpath","value":"//*[@id=\"backBtn\"]"}
RESULT: {"using":"xpath","value":"//*[@id=\"backBtn\"]"}
COMMAND: POST /session/8179189192b6e8199f2c8c0ed4dbe55e/element/f.B21277114AAE32FBBA00628FF0F6C8E7.d.C060C897B1035F49D16B395A5D66229A.e.2337/click - {}
COMMAND: POST /session/8179189192b6e8199f2c8c0ed4dbe55e/element - {"using":"xpath","value":"//*[@id=\"backBtn\"]"}
RESULT: {"using":"xpath","value":"//*[@id=\"backBtn\"]"}
COMMAND: POST /session/8179189192b6e8199f2c8c0ed4dbe55e/element/f.B21277114AAE32FBBA00628FF0F6C8E7.d.C060C897B1035F49D16B395A5D66229A.e.2909/click - {}
RESULT: {}
COMMAND: GET /session/8179189192b6e8199f2c8c0ed4dbe55e/screenshot - {}
RESULT: {}
]]></system-out>
    </testcase>
    <testcase classname="chrome.137_0_7151_69.windows.Sanity_Tests_US104253" name="Should open Manage Pricing Rules page" time="36.439">
      <system-out><![CDATA[
COMMAND: POST /session/8179189192b6e8199f2c8c0ed4dbe55e/execute/async - {"script":"<script> [1562 bytes]","args":[{"selector":{"controlType":"sap.m.GenericTile","properties":{"header":"Manage Pricing Rules"}},"wdio_ui5_key":"sapm.GenericTile{\"header\":\"Manage Pricing Rules\"}"}]}
RESULT: {"script":"<script> [1562 bytes]","args":[{"selector":{"controlType":"sap.m.GenericTile","properties":{"header":"Manage Pricing Rules"}},"wdio_ui5_key":"sapm.GenericTile{\"header\":\"Manage Pricing Rules\"}"}]}
RESULT: undefined
COMMAND: POST /session/8179189192b6e8199f2c8c0ed4dbe55e/element - {"using":"xpath","value":"//*[@id=\"__tile55\"]"}
RESULT: {"using":"xpath","value":"//*[@id=\"__tile55\"]"}
COMMAND: POST /session/8179189192b6e8199f2c8c0ed4dbe55e/element/f.B21277114AAE32FBBA00628FF0F6C8E7.d.C060C897B1035F49D16B395A5D66229A.e.2911/click - {}
RESULT: {}
COMMAND: GET /session/8179189192b6e8199f2c8c0ed4dbe55e/screenshot - {}
RESULT: {}
COMMAND: POST /session/8179189192b6e8199f2c8c0ed4dbe55e/elements - {"using":"xpath","value":"//span[text()='Error']"}
RESULT: {"using":"xpath","value":"//span[text()='Error']"}
RESULT: undefined
COMMAND: POST /session/8179189192b6e8199f2c8c0ed4dbe55e/element - {"using":"xpath","value":"//*[@id=\"__tile55\"]"}
RESULT: {"using":"xpath","value":"//*[@id=\"__tile55\"]"}
COMMAND: POST /session/8179189192b6e8199f2c8c0ed4dbe55e/element/f.B21277114AAE32FBBA00628FF0F6C8E7.d.C060C897B1035F49D16B395A5D66229A.e.2911/click - {}
RESULT: undefined
COMMAND: POST /session/8179189192b6e8199f2c8c0ed4dbe55e/element - {"using":"xpath","value":"//*[@id=\"__tile55\"]"}
RESULT: {"using":"xpath","value":"//*[@id=\"__tile55\"]"}
COMMAND: POST /session/8179189192b6e8199f2c8c0ed4dbe55e/element/f.B21277114AAE32FBBA00628FF0F6C8E7.d.C060C897B1035F49D16B395A5D66229A.e.2911/click - {}
RESULT: undefined
COMMAND: POST /session/8179189192b6e8199f2c8c0ed4dbe55e/execute/async - {"script":"<script> [6424 bytes]","args":[{"element-6066-11e4-a52e-4f735466cecf":"f.B21277114AAE32FBBA00628FF0F6C8E7.d.C060C897B1035F49D16B395A5D66229A.e.290"},"getTitle",[]]}
COMMAND: POST /session/8179189192b6e8199f2c8c0ed4dbe55e/execute/async - {"script":"<script> [1562 bytes]","args":[{"selector":{"id":"shellAppTitle"},"wdio_ui5_key":"shellAppTitle"}]}
RESULT: {"script":"<script> [1562 bytes]","args":[{"selector":{"id":"shellAppTitle"},"wdio_ui5_key":"shellAppTitle"}]}
COMMAND: POST /session/8179189192b6e8199f2c8c0ed4dbe55e/execute/async - {"script":"<script> [6424 bytes]","args":[{"element-6066-11e4-a52e-4f735466cecf":"f.B21277114AAE32FBBA00628FF0F6C8E7.d.C060C897B1035F49D16B395A5D66229A.e.2996"},"getTitle",[]]}
RESULT: {"script":"<script> [6424 bytes]","args":[{"element-6066-11e4-a52e-4f735466cecf":"f.B21277114AAE32FBBA00628FF0F6C8E7.d.C060C897B1035F49D16B395A5D66229A.e.2996"},"getTitle",[]]}
RESULT: undefined
COMMAND: POST /session/8179189192b6e8199f2c8c0ed4dbe55e/element/f.B21277114AAE32FBBA00628FF0F6C8E7.d.C060C897B1035F49D16B395A5D66229A.e.2909/click - {}
RESULT: {}
COMMAND: GET /session/8179189192b6e8199f2c8c0ed4dbe55e/screenshot - {}
RESULT: {}
]]></system-out>
    </testcase>
    <testcase classname="chrome.137_0_7151_69.windows.Sanity_Tests_US104253" name="Should open Manage Price Determination Matrices page" time="35.802">
      <system-out><![CDATA[
COMMAND: POST /session/8179189192b6e8199f2c8c0ed4dbe55e/execute/async - {"script":"<script> [1562 bytes]","args":[{"selector":{"controlType":"sap.m.GenericTile","properties":{"header":"Manage Price Determination Matrices"}},"wdio_ui5_key":"sapm.GenericTile{\"header\":\"Manage Price Determination Matrices\"}"}]}
RESULT: {"script":"<script> [1562 bytes]","args":[{"selector":{"controlType":"sap.m.GenericTile","properties":{"header":"Manage Price Determination Matrices"}},"wdio_ui5_key":"sapm.GenericTile{\"header\":\"Manage Price Determination Matrices\"}"}]}
RESULT: undefined
COMMAND: POST /session/8179189192b6e8199f2c8c0ed4dbe55e/element - {"using":"xpath","value":"//*[@id=\"__tile54\"]"}
RESULT: {"using":"xpath","value":"//*[@id=\"__tile54\"]"}
COMMAND: POST /session/8179189192b6e8199f2c8c0ed4dbe55e/element/f.B21277114AAE32FBBA00628FF0F6C8E7.d.C060C897B1035F49D16B395A5D66229A.e.2998/click - {}
RESULT: {}
COMMAND: GET /session/8179189192b6e8199f2c8c0ed4dbe55e/screenshot - {}
RESULT: {}
COMMAND: POST /session/8179189192b6e8199f2c8c0ed4dbe55e/elements - {"using":"xpath","value":"//span[text()='Error']"}
RESULT: {"using":"xpath","value":"//span[text()='Error']"}
RESULT: undefined
COMMAND: POST /session/8179189192b6e8199f2c8c0ed4dbe55e/element - {"using":"xpath","value":"//*[@id=\"__tile54\"]"}
RESULT: {"using":"xpath","value":"//*[@id=\"__tile54\"]"}
COMMAND: POST /session/8179189192b6e8199f2c8c0ed4dbe55e/element/f.B21277114AAE32FBBA00628FF0F6C8E7.d.C060C897B1035F49D16B395A5D66229A.e.2998/click - {}
RESULT: undefined
COMMAND: POST /session/8179189192b6e8199f2c8c0ed4dbe55e/element - {"using":"xpath","value":"//*[@id=\"__tile54\"]"}
RESULT: {"using":"xpath","value":"//*[@id=\"__tile54\"]"}
COMMAND: POST /session/8179189192b6e8199f2c8c0ed4dbe55e/element/f.B21277114AAE32FBBA00628FF0F6C8E7.d.C060C897B1035F49D16B395A5D66229A.e.2998/click - {}
RESULT: undefined
COMMAND: POST /session/8179189192b6e8199f2c8c0ed4dbe55e/execute/async - {"script":"<script> [6424 bytes]","args":[{"element-6066-11e4-a52e-4f735466cecf":"f.B21277114AAE32FBBA00628FF0F6C8E7.d.C060C897B1035F49D16B395A5D66229A.e.290"},"getTitle",[]]}
COMMAND: POST /session/8179189192b6e8199f2c8c0ed4dbe55e/execute/async - {"script":"<script> [1562 bytes]","args":[{"selector":{"id":"shellAppTitle"},"wdio_ui5_key":"shellAppTitle"}]}
RESULT: {"script":"<script> [1562 bytes]","args":[{"selector":{"id":"shellAppTitle"},"wdio_ui5_key":"shellAppTitle"}]}
COMMAND: POST /session/8179189192b6e8199f2c8c0ed4dbe55e/execute/async - {"script":"<script> [6424 bytes]","args":[{"element-6066-11e4-a52e-4f735466cecf":"f.B21277114AAE32FBBA00628FF0F6C8E7.d.C060C897B1035F49D16B395A5D66229A.e.3080"},"getTitle",[]]}
RESULT: {"script":"<script> [6424 bytes]","args":[{"element-6066-11e4-a52e-4f735466cecf":"f.B21277114AAE32FBBA00628FF0F6C8E7.d.C060C897B1035F49D16B395A5D66229A.e.3080"},"getTitle",[]]}
RESULT: undefined
COMMAND: POST /session/8179189192b6e8199f2c8c0ed4dbe55e/element/f.B21277114AAE32FBBA00628FF0F6C8E7.d.C060C897B1035F49D16B395A5D66229A.e.2909/click - {}
COMMAND: POST /session/8179189192b6e8199f2c8c0ed4dbe55e/element - {"using":"xpath","value":"//*[@id=\"backBtn\"]"}
RESULT: {"using":"xpath","value":"//*[@id=\"backBtn\"]"}
COMMAND: POST /session/8179189192b6e8199f2c8c0ed4dbe55e/element/f.B21277114AAE32FBBA00628FF0F6C8E7.d.C060C897B1035F49D16B395A5D66229A.e.2909/click - {}
COMMAND: POST /session/8179189192b6e8199f2c8c0ed4dbe55e/element - {"using":"xpath","value":"//*[@id=\"backBtn\"]"}
RESULT: {"using":"xpath","value":"//*[@id=\"backBtn\"]"}
COMMAND: POST /session/8179189192b6e8199f2c8c0ed4dbe55e/element/f.B21277114AAE32FBBA00628FF0F6C8E7.d.C060C897B1035F49D16B395A5D66229A.e.3081/click - {}
RESULT: {}
COMMAND: GET /session/8179189192b6e8199f2c8c0ed4dbe55e/screenshot - {}
RESULT: {}
]]></system-out>
    </testcase>
    <testcase classname="chrome.137_0_7151_69.windows.Sanity_Tests_US104253" name="Should open Yard Overview page" time="36.274">
      <system-out><![CDATA[
COMMAND: POST /session/8179189192b6e8199f2c8c0ed4dbe55e/execute/async - {"script":"<script> [1562 bytes]","args":[{"selector":{"controlType":"sap.m.GenericTile","properties":{"header":"Yard Overview"}},"wdio_ui5_key":"sapm.GenericTile{\"header\":\"Yard Overview\"}"}]}
RESULT: {"script":"<script> [1562 bytes]","args":[{"selector":{"controlType":"sap.m.GenericTile","properties":{"header":"Yard Overview"}},"wdio_ui5_key":"sapm.GenericTile{\"header\":\"Yard Overview\"}"}]}
RESULT: undefined
COMMAND: POST /session/8179189192b6e8199f2c8c0ed4dbe55e/element - {"using":"xpath","value":"//*[@id=\"__tile102\"]"}
RESULT: {"using":"xpath","value":"//*[@id=\"__tile102\"]"}
COMMAND: POST /session/8179189192b6e8199f2c8c0ed4dbe55e/element/f.B21277114AAE32FBBA00628FF0F6C8E7.d.C060C897B1035F49D16B395A5D66229A.e.3083/click - {}
RESULT: {}
COMMAND: GET /session/8179189192b6e8199f2c8c0ed4dbe55e/screenshot - {}
RESULT: {}
COMMAND: POST /session/8179189192b6e8199f2c8c0ed4dbe55e/elements - {"using":"xpath","value":"//span[text()='Error']"}
RESULT: {"using":"xpath","value":"//span[text()='Error']"}
RESULT: undefined
COMMAND: POST /session/8179189192b6e8199f2c8c0ed4dbe55e/element - {"using":"xpath","value":"//*[@id=\"__tile102\"]"}
RESULT: {"using":"xpath","value":"//*[@id=\"__tile102\"]"}
COMMAND: POST /session/8179189192b6e8199f2c8c0ed4dbe55e/element/f.B21277114AAE32FBBA00628FF0F6C8E7.d.C060C897B1035F49D16B395A5D66229A.e.3083/click - {}
RESULT: undefined
COMMAND: POST /session/8179189192b6e8199f2c8c0ed4dbe55e/element - {"using":"xpath","value":"//*[@id=\"__tile102\"]"}
RESULT: {"using":"xpath","value":"//*[@id=\"__tile102\"]"}
COMMAND: POST /session/8179189192b6e8199f2c8c0ed4dbe55e/element/f.B21277114AAE32FBBA00628FF0F6C8E7.d.C060C897B1035F49D16B395A5D66229A.e.3083/click - {}
RESULT: undefined
COMMAND: POST /session/8179189192b6e8199f2c8c0ed4dbe55e/execute/async - {"script":"<script> [6424 bytes]","args":[{"element-6066-11e4-a52e-4f735466cecf":"f.B21277114AAE32FBBA00628FF0F6C8E7.d.C060C897B1035F49D16B395A5D66229A.e.290"},"getTitle",[]]}
COMMAND: POST /session/8179189192b6e8199f2c8c0ed4dbe55e/execute/async - {"script":"<script> [1562 bytes]","args":[{"selector":{"id":"shellAppTitle"},"wdio_ui5_key":"shellAppTitle"}]}
RESULT: {"script":"<script> [1562 bytes]","args":[{"selector":{"id":"shellAppTitle"},"wdio_ui5_key":"shellAppTitle"}]}
COMMAND: POST /session/8179189192b6e8199f2c8c0ed4dbe55e/execute/async - {"script":"<script> [6424 bytes]","args":[{"element-6066-11e4-a52e-4f735466cecf":"f.B21277114AAE32FBBA00628FF0F6C8E7.d.C060C897B1035F49D16B395A5D66229A.e.3144"},"getTitle",[]]}
RESULT: {"script":"<script> [6424 bytes]","args":[{"element-6066-11e4-a52e-4f735466cecf":"f.B21277114AAE32FBBA00628FF0F6C8E7.d.C060C897B1035F49D16B395A5D66229A.e.3144"},"getTitle",[]]}
RESULT: undefined
COMMAND: POST /session/8179189192b6e8199f2c8c0ed4dbe55e/element/f.B21277114AAE32FBBA00628FF0F6C8E7.d.C060C897B1035F49D16B395A5D66229A.e.3081/click - {}
RESULT: {}
COMMAND: GET /session/8179189192b6e8199f2c8c0ed4dbe55e/screenshot - {}
RESULT: {}
]]></system-out>
    </testcase>
    <testcase classname="chrome.137_0_7151_69.windows.Sanity_Tests_US104253" name="Should open Site Overview page" time="36.907">
      <system-out><![CDATA[
COMMAND: POST /session/8179189192b6e8199f2c8c0ed4dbe55e/execute/async - {"script":"<script> [1562 bytes]","args":[{"selector":{"controlType":"sap.m.GenericTile","properties":{"header":"Site Overview"}},"wdio_ui5_key":"sapm.GenericTile{\"header\":\"Site Overview\"}"}]}
RESULT: {"script":"<script> [1562 bytes]","args":[{"selector":{"controlType":"sap.m.GenericTile","properties":{"header":"Site Overview"}},"wdio_ui5_key":"sapm.GenericTile{\"header\":\"Site Overview\"}"}]}
RESULT: undefined
COMMAND: POST /session/8179189192b6e8199f2c8c0ed4dbe55e/element - {"using":"xpath","value":"//*[@id=\"__tile100\"]"}
RESULT: {"using":"xpath","value":"//*[@id=\"__tile100\"]"}
COMMAND: POST /session/8179189192b6e8199f2c8c0ed4dbe55e/element/f.B21277114AAE32FBBA00628FF0F6C8E7.d.C060C897B1035F49D16B395A5D66229A.e.3147/click - {}
RESULT: {}
COMMAND: GET /session/8179189192b6e8199f2c8c0ed4dbe55e/screenshot - {}
RESULT: {}
COMMAND: POST /session/8179189192b6e8199f2c8c0ed4dbe55e/elements - {"using":"xpath","value":"//span[text()='Error']"}
RESULT: {"using":"xpath","value":"//span[text()='Error']"}
RESULT: undefined
COMMAND: POST /session/8179189192b6e8199f2c8c0ed4dbe55e/element - {"using":"xpath","value":"//*[@id=\"__tile100\"]"}
RESULT: {"using":"xpath","value":"//*[@id=\"__tile100\"]"}
COMMAND: POST /session/8179189192b6e8199f2c8c0ed4dbe55e/element/f.B21277114AAE32FBBA00628FF0F6C8E7.d.C060C897B1035F49D16B395A5D66229A.e.3147/click - {}
RESULT: undefined
COMMAND: POST /session/8179189192b6e8199f2c8c0ed4dbe55e/element - {"using":"xpath","value":"//*[@id=\"__tile100\"]"}
RESULT: {"using":"xpath","value":"//*[@id=\"__tile100\"]"}
COMMAND: POST /session/8179189192b6e8199f2c8c0ed4dbe55e/element/f.B21277114AAE32FBBA00628FF0F6C8E7.d.C060C897B1035F49D16B395A5D66229A.e.3147/click - {}
RESULT: undefined
COMMAND: POST /session/8179189192b6e8199f2c8c0ed4dbe55e/execute/async - {"script":"<script> [6424 bytes]","args":[{"element-6066-11e4-a52e-4f735466cecf":"f.B21277114AAE32FBBA00628FF0F6C8E7.d.C060C897B1035F49D16B395A5D66229A.e.290"},"getTitle",[]]}
COMMAND: POST /session/8179189192b6e8199f2c8c0ed4dbe55e/execute/async - {"script":"<script> [1562 bytes]","args":[{"selector":{"id":"shellAppTitle"},"wdio_ui5_key":"shellAppTitle"}]}
RESULT: {"script":"<script> [1562 bytes]","args":[{"selector":{"id":"shellAppTitle"},"wdio_ui5_key":"shellAppTitle"}]}
COMMAND: POST /session/8179189192b6e8199f2c8c0ed4dbe55e/execute/async - {"script":"<script> [6424 bytes]","args":[{"element-6066-11e4-a52e-4f735466cecf":"f.B21277114AAE32FBBA00628FF0F6C8E7.d.C060C897B1035F49D16B395A5D66229A.e.3407"},"getTitle",[]]}
RESULT: {"script":"<script> [6424 bytes]","args":[{"element-6066-11e4-a52e-4f735466cecf":"f.B21277114AAE32FBBA00628FF0F6C8E7.d.C060C897B1035F49D16B395A5D66229A.e.3407"},"getTitle",[]]}
RESULT: undefined
COMMAND: POST /session/8179189192b6e8199f2c8c0ed4dbe55e/element/f.B21277114AAE32FBBA00628FF0F6C8E7.d.C060C897B1035F49D16B395A5D66229A.e.3081/click - {}
COMMAND: POST /session/8179189192b6e8199f2c8c0ed4dbe55e/element - {"using":"xpath","value":"//*[@id=\"backBtn\"]"}
RESULT: {"using":"xpath","value":"//*[@id=\"backBtn\"]"}
COMMAND: POST /session/8179189192b6e8199f2c8c0ed4dbe55e/element/f.B21277114AAE32FBBA00628FF0F6C8E7.d.C060C897B1035F49D16B395A5D66229A.e.3081/click - {}
COMMAND: POST /session/8179189192b6e8199f2c8c0ed4dbe55e/element - {"using":"xpath","value":"//*[@id=\"backBtn\"]"}
RESULT: {"using":"xpath","value":"//*[@id=\"backBtn\"]"}
COMMAND: POST /session/8179189192b6e8199f2c8c0ed4dbe55e/element/f.B21277114AAE32FBBA00628FF0F6C8E7.d.C060C897B1035F49D16B395A5D66229A.e.3408/click - {}
RESULT: {}
COMMAND: GET /session/8179189192b6e8199f2c8c0ed4dbe55e/screenshot - {}
RESULT: {}
]]></system-out>
    </testcase>
    <testcase classname="chrome.137_0_7151_69.windows.Sanity_Tests_US104253" name="Should open Trace Track Resources page" time="35.929">
      <system-out><![CDATA[
COMMAND: POST /session/8179189192b6e8199f2c8c0ed4dbe55e/execute/async - {"script":"<script> [1562 bytes]","args":[{"selector":{"controlType":"sap.m.GenericTile","properties":{"header":"Trace & Track Resources"}},"wdio_ui5_key":"sapm.GenericTile{\"header\":\"Trace & Track Resources\"}"}]}
RESULT: {"script":"<script> [1562 bytes]","args":[{"selector":{"controlType":"sap.m.GenericTile","properties":{"header":"Trace & Track Resources"}},"wdio_ui5_key":"sapm.GenericTile{\"header\":\"Trace & Track Resources\"}"}]}
RESULT: undefined
COMMAND: POST /session/8179189192b6e8199f2c8c0ed4dbe55e/element - {"using":"xpath","value":"//*[@id=\"__tile101\"]"}
RESULT: {"using":"xpath","value":"//*[@id=\"__tile101\"]"}
COMMAND: POST /session/8179189192b6e8199f2c8c0ed4dbe55e/element/f.B21277114AAE32FBBA00628FF0F6C8E7.d.C060C897B1035F49D16B395A5D66229A.e.3410/click - {}
RESULT: {}
COMMAND: GET /session/8179189192b6e8199f2c8c0ed4dbe55e/screenshot - {}
RESULT: {}
COMMAND: POST /session/8179189192b6e8199f2c8c0ed4dbe55e/elements - {"using":"xpath","value":"//span[text()='Error']"}
RESULT: {"using":"xpath","value":"//span[text()='Error']"}
RESULT: undefined
COMMAND: POST /session/8179189192b6e8199f2c8c0ed4dbe55e/element - {"using":"xpath","value":"//*[@id=\"__tile101\"]"}
RESULT: {"using":"xpath","value":"//*[@id=\"__tile101\"]"}
COMMAND: POST /session/8179189192b6e8199f2c8c0ed4dbe55e/element/f.B21277114AAE32FBBA00628FF0F6C8E7.d.C060C897B1035F49D16B395A5D66229A.e.3410/click - {}
RESULT: undefined
COMMAND: POST /session/8179189192b6e8199f2c8c0ed4dbe55e/element - {"using":"xpath","value":"//*[@id=\"__tile101\"]"}
RESULT: {"using":"xpath","value":"//*[@id=\"__tile101\"]"}
COMMAND: POST /session/8179189192b6e8199f2c8c0ed4dbe55e/element/f.B21277114AAE32FBBA00628FF0F6C8E7.d.C060C897B1035F49D16B395A5D66229A.e.3410/click - {}
RESULT: undefined
COMMAND: POST /session/8179189192b6e8199f2c8c0ed4dbe55e/execute/async - {"script":"<script> [6424 bytes]","args":[{"element-6066-11e4-a52e-4f735466cecf":"f.B21277114AAE32FBBA00628FF0F6C8E7.d.C060C897B1035F49D16B395A5D66229A.e.290"},"getTitle",[]]}
COMMAND: POST /session/8179189192b6e8199f2c8c0ed4dbe55e/execute/async - {"script":"<script> [1562 bytes]","args":[{"selector":{"id":"shellAppTitle"},"wdio_ui5_key":"shellAppTitle"}]}
RESULT: {"script":"<script> [1562 bytes]","args":[{"selector":{"id":"shellAppTitle"},"wdio_ui5_key":"shellAppTitle"}]}
COMMAND: POST /session/8179189192b6e8199f2c8c0ed4dbe55e/execute/async - {"script":"<script> [6424 bytes]","args":[{"element-6066-11e4-a52e-4f735466cecf":"f.B21277114AAE32FBBA00628FF0F6C8E7.d.C060C897B1035F49D16B395A5D66229A.e.3445"},"getTitle",[]]}
RESULT: {"script":"<script> [6424 bytes]","args":[{"element-6066-11e4-a52e-4f735466cecf":"f.B21277114AAE32FBBA00628FF0F6C8E7.d.C060C897B1035F49D16B395A5D66229A.e.3445"},"getTitle",[]]}
RESULT: undefined
COMMAND: POST /session/8179189192b6e8199f2c8c0ed4dbe55e/element/f.B21277114AAE32FBBA00628FF0F6C8E7.d.C060C897B1035F49D16B395A5D66229A.e.3408/click - {}
RESULT: {}
COMMAND: GET /session/8179189192b6e8199f2c8c0ed4dbe55e/screenshot - {}
RESULT: {}
]]></system-out>
    </testcase>
    <testcase classname="chrome.137_0_7151_69.windows.Sanity_Tests_US104253" name="Should open RU Inventory List page" time="36.002">
      <system-out><![CDATA[
COMMAND: POST /session/8179189192b6e8199f2c8c0ed4dbe55e/execute/async - {"script":"<script> [1562 bytes]","args":[{"selector":{"controlType":"sap.m.GenericTile","properties":{"header":"RU Inventory List"}},"wdio_ui5_key":"sapm.GenericTile{\"header\":\"RU Inventory List\"}"}]}
RESULT: {"script":"<script> [1562 bytes]","args":[{"selector":{"controlType":"sap.m.GenericTile","properties":{"header":"RU Inventory List"}},"wdio_ui5_key":"sapm.GenericTile{\"header\":\"RU Inventory List\"}"}]}
RESULT: undefined
COMMAND: POST /session/8179189192b6e8199f2c8c0ed4dbe55e/element - {"using":"xpath","value":"//*[@id=\"__tile99\"]"}
RESULT: {"using":"xpath","value":"//*[@id=\"__tile99\"]"}
COMMAND: POST /session/8179189192b6e8199f2c8c0ed4dbe55e/element/f.B21277114AAE32FBBA00628FF0F6C8E7.d.C060C897B1035F49D16B395A5D66229A.e.3447/click - {}
RESULT: {}
COMMAND: GET /session/8179189192b6e8199f2c8c0ed4dbe55e/screenshot - {}
RESULT: {}
COMMAND: POST /session/8179189192b6e8199f2c8c0ed4dbe55e/elements - {"using":"xpath","value":"//span[text()='Error']"}
RESULT: {"using":"xpath","value":"//span[text()='Error']"}
RESULT: undefined
COMMAND: POST /session/8179189192b6e8199f2c8c0ed4dbe55e/element - {"using":"xpath","value":"//*[@id=\"__tile99\"]"}
RESULT: {"using":"xpath","value":"//*[@id=\"__tile99\"]"}
COMMAND: POST /session/8179189192b6e8199f2c8c0ed4dbe55e/element/f.B21277114AAE32FBBA00628FF0F6C8E7.d.C060C897B1035F49D16B395A5D66229A.e.3447/click - {}
RESULT: undefined
COMMAND: POST /session/8179189192b6e8199f2c8c0ed4dbe55e/element - {"using":"xpath","value":"//*[@id=\"__tile99\"]"}
RESULT: {"using":"xpath","value":"//*[@id=\"__tile99\"]"}
COMMAND: POST /session/8179189192b6e8199f2c8c0ed4dbe55e/element/f.B21277114AAE32FBBA00628FF0F6C8E7.d.C060C897B1035F49D16B395A5D66229A.e.3447/click - {}
RESULT: undefined
COMMAND: POST /session/8179189192b6e8199f2c8c0ed4dbe55e/execute/async - {"script":"<script> [6424 bytes]","args":[{"element-6066-11e4-a52e-4f735466cecf":"f.B21277114AAE32FBBA00628FF0F6C8E7.d.C060C897B1035F49D16B395A5D66229A.e.290"},"getTitle",[]]}
COMMAND: POST /session/8179189192b6e8199f2c8c0ed4dbe55e/execute/async - {"script":"<script> [1562 bytes]","args":[{"selector":{"id":"shellAppTitle"},"wdio_ui5_key":"shellAppTitle"}]}
RESULT: {"script":"<script> [1562 bytes]","args":[{"selector":{"id":"shellAppTitle"},"wdio_ui5_key":"shellAppTitle"}]}
COMMAND: POST /session/8179189192b6e8199f2c8c0ed4dbe55e/execute/async - {"script":"<script> [6424 bytes]","args":[{"element-6066-11e4-a52e-4f735466cecf":"f.B21277114AAE32FBBA00628FF0F6C8E7.d.C060C897B1035F49D16B395A5D66229A.e.3653"},"getTitle",[]]}
RESULT: {"script":"<script> [6424 bytes]","args":[{"element-6066-11e4-a52e-4f735466cecf":"f.B21277114AAE32FBBA00628FF0F6C8E7.d.C060C897B1035F49D16B395A5D66229A.e.3653"},"getTitle",[]]}
RESULT: undefined
COMMAND: POST /session/8179189192b6e8199f2c8c0ed4dbe55e/element/f.B21277114AAE32FBBA00628FF0F6C8E7.d.C060C897B1035F49D16B395A5D66229A.e.3408/click - {}
COMMAND: POST /session/8179189192b6e8199f2c8c0ed4dbe55e/element - {"using":"xpath","value":"//*[@id=\"backBtn\"]"}
RESULT: {"using":"xpath","value":"//*[@id=\"backBtn\"]"}
COMMAND: POST /session/8179189192b6e8199f2c8c0ed4dbe55e/element/f.B21277114AAE32FBBA00628FF0F6C8E7.d.C060C897B1035F49D16B395A5D66229A.e.3408/click - {}
COMMAND: POST /session/8179189192b6e8199f2c8c0ed4dbe55e/element - {"using":"xpath","value":"//*[@id=\"backBtn\"]"}
RESULT: {"using":"xpath","value":"//*[@id=\"backBtn\"]"}
COMMAND: POST /session/8179189192b6e8199f2c8c0ed4dbe55e/element/f.B21277114AAE32FBBA00628FF0F6C8E7.d.C060C897B1035F49D16B395A5D66229A.e.3654/click - {}
RESULT: {}
COMMAND: GET /session/8179189192b6e8199f2c8c0ed4dbe55e/screenshot - {}
RESULT: {}
]]></system-out>
    </testcase>
    <testcase classname="chrome.137_0_7151_69.windows.Sanity_Tests_US104253" name="Should open Contracts Dashboard page" time="38.079">
      <system-out><![CDATA[
COMMAND: POST /session/8179189192b6e8199f2c8c0ed4dbe55e/execute/async - {"script":"<script> [1562 bytes]","args":[{"selector":{"controlType":"sap.m.GenericTile","properties":{"header":"Contracts Dashboard"}},"wdio_ui5_key":"sapm.GenericTile{\"header\":\"Contracts Dashboard\"}"}]}
RESULT: {"script":"<script> [1562 bytes]","args":[{"selector":{"controlType":"sap.m.GenericTile","properties":{"header":"Contracts Dashboard"}},"wdio_ui5_key":"sapm.GenericTile{\"header\":\"Contracts Dashboard\"}"}]}
RESULT: undefined
COMMAND: POST /session/8179189192b6e8199f2c8c0ed4dbe55e/element - {"using":"xpath","value":"//*[@id=\"__tile97\"]"}
RESULT: {"using":"xpath","value":"//*[@id=\"__tile97\"]"}
COMMAND: POST /session/8179189192b6e8199f2c8c0ed4dbe55e/element/f.B21277114AAE32FBBA00628FF0F6C8E7.d.C060C897B1035F49D16B395A5D66229A.e.3656/click - {}
RESULT: {}
COMMAND: GET /session/8179189192b6e8199f2c8c0ed4dbe55e/screenshot - {}
RESULT: {}
COMMAND: POST /session/8179189192b6e8199f2c8c0ed4dbe55e/elements - {"using":"xpath","value":"//span[text()='Error']"}
RESULT: {"using":"xpath","value":"//span[text()='Error']"}
RESULT: undefined
COMMAND: POST /session/8179189192b6e8199f2c8c0ed4dbe55e/element - {"using":"xpath","value":"//*[@id=\"__tile97\"]"}
RESULT: {"using":"xpath","value":"//*[@id=\"__tile97\"]"}
COMMAND: POST /session/8179189192b6e8199f2c8c0ed4dbe55e/element/f.B21277114AAE32FBBA00628FF0F6C8E7.d.C060C897B1035F49D16B395A5D66229A.e.3656/click - {}
RESULT: undefined
COMMAND: POST /session/8179189192b6e8199f2c8c0ed4dbe55e/element - {"using":"xpath","value":"//*[@id=\"__tile97\"]"}
RESULT: {"using":"xpath","value":"//*[@id=\"__tile97\"]"}
COMMAND: POST /session/8179189192b6e8199f2c8c0ed4dbe55e/element/f.B21277114AAE32FBBA00628FF0F6C8E7.d.C060C897B1035F49D16B395A5D66229A.e.3656/click - {}
RESULT: undefined
COMMAND: POST /session/8179189192b6e8199f2c8c0ed4dbe55e/execute/async - {"script":"<script> [6424 bytes]","args":[{"element-6066-11e4-a52e-4f735466cecf":"f.B21277114AAE32FBBA00628FF0F6C8E7.d.C060C897B1035F49D16B395A5D66229A.e.290"},"getTitle",[]]}
COMMAND: POST /session/8179189192b6e8199f2c8c0ed4dbe55e/execute/async - {"script":"<script> [1562 bytes]","args":[{"selector":{"id":"shellAppTitle"},"wdio_ui5_key":"shellAppTitle"}]}
RESULT: {"script":"<script> [1562 bytes]","args":[{"selector":{"id":"shellAppTitle"},"wdio_ui5_key":"shellAppTitle"}]}
COMMAND: POST /session/8179189192b6e8199f2c8c0ed4dbe55e/execute/async - {"script":"<script> [6424 bytes]","args":[{"element-6066-11e4-a52e-4f735466cecf":"f.B21277114AAE32FBBA00628FF0F6C8E7.d.C060C897B1035F49D16B395A5D66229A.e.3682"},"getTitle",[]]}
RESULT: {"script":"<script> [6424 bytes]","args":[{"element-6066-11e4-a52e-4f735466cecf":"f.B21277114AAE32FBBA00628FF0F6C8E7.d.C060C897B1035F49D16B395A5D66229A.e.3682"},"getTitle",[]]}
RESULT: undefined
COMMAND: POST /session/8179189192b6e8199f2c8c0ed4dbe55e/element/f.B21277114AAE32FBBA00628FF0F6C8E7.d.C060C897B1035F49D16B395A5D66229A.e.3654/click - {}
RESULT: {}
COMMAND: GET /session/8179189192b6e8199f2c8c0ed4dbe55e/screenshot - {}
RESULT: {}
]]></system-out>
    </testcase>
    <testcase classname="chrome.137_0_7151_69.windows.Sanity_Tests_US104253" name="Should open Bin Status Report page" time="37.502">
      <system-out><![CDATA[
COMMAND: POST /session/8179189192b6e8199f2c8c0ed4dbe55e/execute/async - {"script":"<script> [1562 bytes]","args":[{"selector":{"controlType":"sap.m.GenericTile","properties":{"header":"Bin Status Report"}},"wdio_ui5_key":"sapm.GenericTile{\"header\":\"Bin Status Report\"}"}]}
RESULT: {"script":"<script> [1562 bytes]","args":[{"selector":{"controlType":"sap.m.GenericTile","properties":{"header":"Bin Status Report"}},"wdio_ui5_key":"sapm.GenericTile{\"header\":\"Bin Status Report\"}"}]}
RESULT: undefined
COMMAND: POST /session/8179189192b6e8199f2c8c0ed4dbe55e/element - {"using":"xpath","value":"//*[@id=\"__tile104\"]"}
RESULT: {"using":"xpath","value":"//*[@id=\"__tile104\"]"}
COMMAND: POST /session/8179189192b6e8199f2c8c0ed4dbe55e/element/f.B21277114AAE32FBBA00628FF0F6C8E7.d.C060C897B1035F49D16B395A5D66229A.e.3684/click - {}
RESULT: {}
COMMAND: GET /session/8179189192b6e8199f2c8c0ed4dbe55e/screenshot - {}
RESULT: {}
COMMAND: POST /session/8179189192b6e8199f2c8c0ed4dbe55e/elements - {"using":"xpath","value":"//span[text()='Error']"}
RESULT: {"using":"xpath","value":"//span[text()='Error']"}
RESULT: undefined
COMMAND: POST /session/8179189192b6e8199f2c8c0ed4dbe55e/element - {"using":"xpath","value":"//*[@id=\"__tile104\"]"}
RESULT: {"using":"xpath","value":"//*[@id=\"__tile104\"]"}
COMMAND: POST /session/8179189192b6e8199f2c8c0ed4dbe55e/element/f.B21277114AAE32FBBA00628FF0F6C8E7.d.C060C897B1035F49D16B395A5D66229A.e.3684/click - {}
RESULT: undefined
COMMAND: POST /session/8179189192b6e8199f2c8c0ed4dbe55e/element - {"using":"xpath","value":"//*[@id=\"__tile104\"]"}
RESULT: {"using":"xpath","value":"//*[@id=\"__tile104\"]"}
COMMAND: POST /session/8179189192b6e8199f2c8c0ed4dbe55e/element/f.B21277114AAE32FBBA00628FF0F6C8E7.d.C060C897B1035F49D16B395A5D66229A.e.3684/click - {}
RESULT: undefined
COMMAND: POST /session/8179189192b6e8199f2c8c0ed4dbe55e/execute/async - {"script":"<script> [6424 bytes]","args":[{"element-6066-11e4-a52e-4f735466cecf":"f.B21277114AAE32FBBA00628FF0F6C8E7.d.C060C897B1035F49D16B395A5D66229A.e.290"},"getTitle",[]]}
COMMAND: POST /session/8179189192b6e8199f2c8c0ed4dbe55e/execute/async - {"script":"<script> [1562 bytes]","args":[{"selector":{"id":"shellAppTitle"},"wdio_ui5_key":"shellAppTitle"}]}
RESULT: {"script":"<script> [1562 bytes]","args":[{"selector":{"id":"shellAppTitle"},"wdio_ui5_key":"shellAppTitle"}]}
COMMAND: POST /session/8179189192b6e8199f2c8c0ed4dbe55e/execute/async - {"script":"<script> [6424 bytes]","args":[{"element-6066-11e4-a52e-4f735466cecf":"f.B21277114AAE32FBBA00628FF0F6C8E7.d.C060C897B1035F49D16B395A5D66229A.e.3779"},"getTitle",[]]}
RESULT: {"script":"<script> [6424 bytes]","args":[{"element-6066-11e4-a52e-4f735466cecf":"f.B21277114AAE32FBBA00628FF0F6C8E7.d.C060C897B1035F49D16B395A5D66229A.e.3779"},"getTitle",[]]}
RESULT: undefined
COMMAND: POST /session/8179189192b6e8199f2c8c0ed4dbe55e/element/f.B21277114AAE32FBBA00628FF0F6C8E7.d.C060C897B1035F49D16B395A5D66229A.e.3654/click - {}
COMMAND: POST /session/8179189192b6e8199f2c8c0ed4dbe55e/element - {"using":"xpath","value":"//*[@id=\"backBtn\"]"}
RESULT: {"using":"xpath","value":"//*[@id=\"backBtn\"]"}
COMMAND: POST /session/8179189192b6e8199f2c8c0ed4dbe55e/element/f.B21277114AAE32FBBA00628FF0F6C8E7.d.C060C897B1035F49D16B395A5D66229A.e.3654/click - {}
COMMAND: POST /session/8179189192b6e8199f2c8c0ed4dbe55e/element - {"using":"xpath","value":"//*[@id=\"backBtn\"]"}
RESULT: {"using":"xpath","value":"//*[@id=\"backBtn\"]"}
COMMAND: POST /session/8179189192b6e8199f2c8c0ed4dbe55e/element/f.B21277114AAE32FBBA00628FF0F6C8E7.d.C060C897B1035F49D16B395A5D66229A.e.3780/click - {}
RESULT: {}
COMMAND: GET /session/8179189192b6e8199f2c8c0ed4dbe55e/screenshot - {}
RESULT: {}
]]></system-out>
    </testcase>
    <testcase classname="chrome.137_0_7151_69.windows.Sanity_Tests_US104253" name="Should open Manage Warehouse Movements page" time="42.996">
      <system-out><![CDATA[
COMMAND: POST /session/8179189192b6e8199f2c8c0ed4dbe55e/execute/async - {"script":"<script> [1562 bytes]","args":[{"selector":{"controlType":"sap.m.GenericTile","properties":{"header":"Manage Warehouse Movements"}},"wdio_ui5_key":"sapm.GenericTile{\"header\":\"Manage Warehouse Movements\"}"}]}
RESULT: {"script":"<script> [1562 bytes]","args":[{"selector":{"controlType":"sap.m.GenericTile","properties":{"header":"Manage Warehouse Movements"}},"wdio_ui5_key":"sapm.GenericTile{\"header\":\"Manage Warehouse Movements\"}"}]}
RESULT: undefined
COMMAND: POST /session/8179189192b6e8199f2c8c0ed4dbe55e/element - {"using":"xpath","value":"//*[@id=\"__tile105\"]"}
RESULT: {"using":"xpath","value":"//*[@id=\"__tile105\"]"}
COMMAND: POST /session/8179189192b6e8199f2c8c0ed4dbe55e/element/f.B21277114AAE32FBBA00628FF0F6C8E7.d.C060C897B1035F49D16B395A5D66229A.e.3784/click - {}
RESULT: {}
COMMAND: GET /session/8179189192b6e8199f2c8c0ed4dbe55e/screenshot - {}
RESULT: {}
COMMAND: POST /session/8179189192b6e8199f2c8c0ed4dbe55e/elements - {"using":"xpath","value":"//span[text()='Error']"}
RESULT: {"using":"xpath","value":"//span[text()='Error']"}
RESULT: undefined
COMMAND: POST /session/8179189192b6e8199f2c8c0ed4dbe55e/element - {"using":"xpath","value":"//*[@id=\"__tile105\"]"}
RESULT: {"using":"xpath","value":"//*[@id=\"__tile105\"]"}
COMMAND: POST /session/8179189192b6e8199f2c8c0ed4dbe55e/element/f.B21277114AAE32FBBA00628FF0F6C8E7.d.C060C897B1035F49D16B395A5D66229A.e.3784/click - {}
RESULT: undefined
COMMAND: POST /session/8179189192b6e8199f2c8c0ed4dbe55e/element - {"using":"xpath","value":"//*[@id=\"__tile105\"]"}
RESULT: {"using":"xpath","value":"//*[@id=\"__tile105\"]"}
COMMAND: POST /session/8179189192b6e8199f2c8c0ed4dbe55e/element/f.B21277114AAE32FBBA00628FF0F6C8E7.d.C060C897B1035F49D16B395A5D66229A.e.3784/click - {}
RESULT: undefined
COMMAND: POST /session/8179189192b6e8199f2c8c0ed4dbe55e/execute/async - {"script":"<script> [6424 bytes]","args":[{"element-6066-11e4-a52e-4f735466cecf":"f.B21277114AAE32FBBA00628FF0F6C8E7.d.C060C897B1035F49D16B395A5D66229A.e.290"},"getTitle",[]]}
COMMAND: POST /session/8179189192b6e8199f2c8c0ed4dbe55e/execute/async - {"script":"<script> [1562 bytes]","args":[{"selector":{"id":"shellAppTitle"},"wdio_ui5_key":"shellAppTitle"}]}
RESULT: {"script":"<script> [1562 bytes]","args":[{"selector":{"id":"shellAppTitle"},"wdio_ui5_key":"shellAppTitle"}]}
COMMAND: POST /session/8179189192b6e8199f2c8c0ed4dbe55e/execute/async - {"script":"<script> [6424 bytes]","args":[{"element-6066-11e4-a52e-4f735466cecf":"f.B21277114AAE32FBBA00628FF0F6C8E7.d.C060C897B1035F49D16B395A5D66229A.e.3860"},"getTitle",[]]}
RESULT: {"script":"<script> [6424 bytes]","args":[{"element-6066-11e4-a52e-4f735466cecf":"f.B21277114AAE32FBBA00628FF0F6C8E7.d.C060C897B1035F49D16B395A5D66229A.e.3860"},"getTitle",[]]}
RESULT: undefined
COMMAND: POST /session/8179189192b6e8199f2c8c0ed4dbe55e/element/f.B21277114AAE32FBBA00628FF0F6C8E7.d.C060C897B1035F49D16B395A5D66229A.e.3780/click - {}
RESULT: {}
COMMAND: GET /session/8179189192b6e8199f2c8c0ed4dbe55e/screenshot - {}
RESULT: {}
]]></system-out>
    </testcase>
    <testcase classname="chrome.137_0_7151_69.windows.Sanity_Tests_US104253" name="Should open Bin Inventory List page" time="36.827">
      <system-out><![CDATA[
COMMAND: POST /session/8179189192b6e8199f2c8c0ed4dbe55e/execute/async - {"script":"<script> [1562 bytes]","args":[{"selector":{"controlType":"sap.m.GenericTile","properties":{"header":"Bin Inventory List"}},"wdio_ui5_key":"sapm.GenericTile{\"header\":\"Bin Inventory List\"}"}]}
RESULT: {"script":"<script> [1562 bytes]","args":[{"selector":{"controlType":"sap.m.GenericTile","properties":{"header":"Bin Inventory List"}},"wdio_ui5_key":"sapm.GenericTile{\"header\":\"Bin Inventory List\"}"}]}
RESULT: undefined
COMMAND: POST /session/8179189192b6e8199f2c8c0ed4dbe55e/element - {"using":"xpath","value":"//*[@id=\"__tile103\"]"}
RESULT: {"using":"xpath","value":"//*[@id=\"__tile103\"]"}
COMMAND: POST /session/8179189192b6e8199f2c8c0ed4dbe55e/element/f.B21277114AAE32FBBA00628FF0F6C8E7.d.C060C897B1035F49D16B395A5D66229A.e.3862/click - {}
RESULT: {}
COMMAND: GET /session/8179189192b6e8199f2c8c0ed4dbe55e/screenshot - {}
RESULT: {}
COMMAND: POST /session/8179189192b6e8199f2c8c0ed4dbe55e/elements - {"using":"xpath","value":"//span[text()='Error']"}
RESULT: {"using":"xpath","value":"//span[text()='Error']"}
RESULT: undefined
COMMAND: POST /session/8179189192b6e8199f2c8c0ed4dbe55e/element - {"using":"xpath","value":"//*[@id=\"__tile103\"]"}
RESULT: {"using":"xpath","value":"//*[@id=\"__tile103\"]"}
COMMAND: POST /session/8179189192b6e8199f2c8c0ed4dbe55e/element/f.B21277114AAE32FBBA00628FF0F6C8E7.d.C060C897B1035F49D16B395A5D66229A.e.3862/click - {}
RESULT: undefined
COMMAND: POST /session/8179189192b6e8199f2c8c0ed4dbe55e/element - {"using":"xpath","value":"//*[@id=\"__tile103\"]"}
RESULT: {"using":"xpath","value":"//*[@id=\"__tile103\"]"}
COMMAND: POST /session/8179189192b6e8199f2c8c0ed4dbe55e/element/f.B21277114AAE32FBBA00628FF0F6C8E7.d.C060C897B1035F49D16B395A5D66229A.e.3862/click - {}
RESULT: undefined
COMMAND: POST /session/8179189192b6e8199f2c8c0ed4dbe55e/execute/async - {"script":"<script> [6424 bytes]","args":[{"element-6066-11e4-a52e-4f735466cecf":"f.B21277114AAE32FBBA00628FF0F6C8E7.d.C060C897B1035F49D16B395A5D66229A.e.290"},"getTitle",[]]}
COMMAND: POST /session/8179189192b6e8199f2c8c0ed4dbe55e/execute/async - {"script":"<script> [1562 bytes]","args":[{"selector":{"id":"shellAppTitle"},"wdio_ui5_key":"shellAppTitle"}]}
RESULT: {"script":"<script> [1562 bytes]","args":[{"selector":{"id":"shellAppTitle"},"wdio_ui5_key":"shellAppTitle"}]}
COMMAND: POST /session/8179189192b6e8199f2c8c0ed4dbe55e/execute/async - {"script":"<script> [6424 bytes]","args":[{"element-6066-11e4-a52e-4f735466cecf":"f.B21277114AAE32FBBA00628FF0F6C8E7.d.C060C897B1035F49D16B395A5D66229A.e.3953"},"getTitle",[]]}
RESULT: {"script":"<script> [6424 bytes]","args":[{"element-6066-11e4-a52e-4f735466cecf":"f.B21277114AAE32FBBA00628FF0F6C8E7.d.C060C897B1035F49D16B395A5D66229A.e.3953"},"getTitle",[]]}
RESULT: undefined
COMMAND: POST /session/8179189192b6e8199f2c8c0ed4dbe55e/element/f.B21277114AAE32FBBA00628FF0F6C8E7.d.C060C897B1035F49D16B395A5D66229A.e.3780/click - {}
COMMAND: POST /session/8179189192b6e8199f2c8c0ed4dbe55e/element - {"using":"xpath","value":"//*[@id=\"backBtn\"]"}
RESULT: {"using":"xpath","value":"//*[@id=\"backBtn\"]"}
COMMAND: POST /session/8179189192b6e8199f2c8c0ed4dbe55e/element/f.B21277114AAE32FBBA00628FF0F6C8E7.d.C060C897B1035F49D16B395A5D66229A.e.3780/click - {}
COMMAND: POST /session/8179189192b6e8199f2c8c0ed4dbe55e/element - {"using":"xpath","value":"//*[@id=\"backBtn\"]"}
RESULT: {"using":"xpath","value":"//*[@id=\"backBtn\"]"}
COMMAND: POST /session/8179189192b6e8199f2c8c0ed4dbe55e/element/f.B21277114AAE32FBBA00628FF0F6C8E7.d.C060C897B1035F49D16B395A5D66229A.e.3954/click - {}
RESULT: {}
COMMAND: GET /session/8179189192b6e8199f2c8c0ed4dbe55e/screenshot - {}
RESULT: {}
]]></system-out>
    </testcase>
    <testcase classname="chrome.137_0_7151_69.windows.Sanity_Tests_US104253" name="Should open ISC Templates page" time="35.911">
      <system-out><![CDATA[
COMMAND: POST /session/8179189192b6e8199f2c8c0ed4dbe55e/execute/async - {"script":"<script> [1562 bytes]","args":[{"selector":{"controlType":"sap.m.GenericTile","properties":{"header":"ISC Templates"}},"wdio_ui5_key":"sapm.GenericTile{\"header\":\"ISC Templates\"}"}]}
RESULT: {"script":"<script> [1562 bytes]","args":[{"selector":{"controlType":"sap.m.GenericTile","properties":{"header":"ISC Templates"}},"wdio_ui5_key":"sapm.GenericTile{\"header\":\"ISC Templates\"}"}]}
RESULT: undefined
COMMAND: POST /session/8179189192b6e8199f2c8c0ed4dbe55e/element - {"using":"xpath","value":"//*[@id=\"__tile111\"]"}
RESULT: {"using":"xpath","value":"//*[@id=\"__tile111\"]"}
COMMAND: POST /session/8179189192b6e8199f2c8c0ed4dbe55e/element/f.B21277114AAE32FBBA00628FF0F6C8E7.d.C060C897B1035F49D16B395A5D66229A.e.3956/click - {}
RESULT: {}
COMMAND: GET /session/8179189192b6e8199f2c8c0ed4dbe55e/screenshot - {}
RESULT: {}
COMMAND: POST /session/8179189192b6e8199f2c8c0ed4dbe55e/elements - {"using":"xpath","value":"//span[text()='Error']"}
RESULT: {"using":"xpath","value":"//span[text()='Error']"}
RESULT: undefined
COMMAND: POST /session/8179189192b6e8199f2c8c0ed4dbe55e/element - {"using":"xpath","value":"//*[@id=\"__tile111\"]"}
RESULT: {"using":"xpath","value":"//*[@id=\"__tile111\"]"}
COMMAND: POST /session/8179189192b6e8199f2c8c0ed4dbe55e/element/f.B21277114AAE32FBBA00628FF0F6C8E7.d.C060C897B1035F49D16B395A5D66229A.e.3956/click - {}
RESULT: undefined
COMMAND: POST /session/8179189192b6e8199f2c8c0ed4dbe55e/element - {"using":"xpath","value":"//*[@id=\"__tile111\"]"}
RESULT: {"using":"xpath","value":"//*[@id=\"__tile111\"]"}
COMMAND: POST /session/8179189192b6e8199f2c8c0ed4dbe55e/element/f.B21277114AAE32FBBA00628FF0F6C8E7.d.C060C897B1035F49D16B395A5D66229A.e.3956/click - {}
RESULT: undefined
COMMAND: POST /session/8179189192b6e8199f2c8c0ed4dbe55e/execute/async - {"script":"<script> [6424 bytes]","args":[{"element-6066-11e4-a52e-4f735466cecf":"f.B21277114AAE32FBBA00628FF0F6C8E7.d.C060C897B1035F49D16B395A5D66229A.e.290"},"getTitle",[]]}
COMMAND: POST /session/8179189192b6e8199f2c8c0ed4dbe55e/execute/async - {"script":"<script> [1562 bytes]","args":[{"selector":{"id":"shellAppTitle"},"wdio_ui5_key":"shellAppTitle"}]}
RESULT: {"script":"<script> [1562 bytes]","args":[{"selector":{"id":"shellAppTitle"},"wdio_ui5_key":"shellAppTitle"}]}
COMMAND: POST /session/8179189192b6e8199f2c8c0ed4dbe55e/execute/async - {"script":"<script> [6424 bytes]","args":[{"element-6066-11e4-a52e-4f735466cecf":"f.B21277114AAE32FBBA00628FF0F6C8E7.d.C060C897B1035F49D16B395A5D66229A.e.4025"},"getTitle",[]]}
RESULT: {"script":"<script> [6424 bytes]","args":[{"element-6066-11e4-a52e-4f735466cecf":"f.B21277114AAE32FBBA00628FF0F6C8E7.d.C060C897B1035F49D16B395A5D66229A.e.4025"},"getTitle",[]]}
RESULT: undefined
COMMAND: POST /session/8179189192b6e8199f2c8c0ed4dbe55e/element/f.B21277114AAE32FBBA00628FF0F6C8E7.d.C060C897B1035F49D16B395A5D66229A.e.3954/click - {}
RESULT: {}
COMMAND: GET /session/8179189192b6e8199f2c8c0ed4dbe55e/screenshot - {}
RESULT: {}
]]></system-out>
    </testcase>
    <testcase classname="chrome.137_0_7151_69.windows.Sanity_Tests_US104253" name="Should open ISC Schedules page" time="35.777">
      <system-out><![CDATA[
COMMAND: POST /session/8179189192b6e8199f2c8c0ed4dbe55e/execute/async - {"script":"<script> [1562 bytes]","args":[{"selector":{"controlType":"sap.m.GenericTile","properties":{"header":"ISC Schedules"}},"wdio_ui5_key":"sapm.GenericTile{\"header\":\"ISC Schedules\"}"}]}
RESULT: {"script":"<script> [1562 bytes]","args":[{"selector":{"controlType":"sap.m.GenericTile","properties":{"header":"ISC Schedules"}},"wdio_ui5_key":"sapm.GenericTile{\"header\":\"ISC Schedules\"}"}]}
RESULT: undefined
COMMAND: POST /session/8179189192b6e8199f2c8c0ed4dbe55e/element - {"using":"xpath","value":"//*[@id=\"__tile109\"]"}
RESULT: {"using":"xpath","value":"//*[@id=\"__tile109\"]"}
COMMAND: POST /session/8179189192b6e8199f2c8c0ed4dbe55e/element/f.B21277114AAE32FBBA00628FF0F6C8E7.d.C060C897B1035F49D16B395A5D66229A.e.4028/click - {}
RESULT: {}
COMMAND: GET /session/8179189192b6e8199f2c8c0ed4dbe55e/screenshot - {}
RESULT: {}
COMMAND: POST /session/8179189192b6e8199f2c8c0ed4dbe55e/elements - {"using":"xpath","value":"//span[text()='Error']"}
RESULT: {"using":"xpath","value":"//span[text()='Error']"}
RESULT: undefined
COMMAND: POST /session/8179189192b6e8199f2c8c0ed4dbe55e/element - {"using":"xpath","value":"//*[@id=\"__tile109\"]"}
RESULT: {"using":"xpath","value":"//*[@id=\"__tile109\"]"}
COMMAND: POST /session/8179189192b6e8199f2c8c0ed4dbe55e/element/f.B21277114AAE32FBBA00628FF0F6C8E7.d.C060C897B1035F49D16B395A5D66229A.e.4028/click - {}
RESULT: undefined
COMMAND: POST /session/8179189192b6e8199f2c8c0ed4dbe55e/element - {"using":"xpath","value":"//*[@id=\"__tile109\"]"}
RESULT: {"using":"xpath","value":"//*[@id=\"__tile109\"]"}
COMMAND: POST /session/8179189192b6e8199f2c8c0ed4dbe55e/element/f.B21277114AAE32FBBA00628FF0F6C8E7.d.C060C897B1035F49D16B395A5D66229A.e.4028/click - {}
RESULT: undefined
COMMAND: POST /session/8179189192b6e8199f2c8c0ed4dbe55e/execute/async - {"script":"<script> [6424 bytes]","args":[{"element-6066-11e4-a52e-4f735466cecf":"f.B21277114AAE32FBBA00628FF0F6C8E7.d.C060C897B1035F49D16B395A5D66229A.e.290"},"getTitle",[]]}
COMMAND: POST /session/8179189192b6e8199f2c8c0ed4dbe55e/execute/async - {"script":"<script> [1562 bytes]","args":[{"selector":{"id":"shellAppTitle"},"wdio_ui5_key":"shellAppTitle"}]}
RESULT: {"script":"<script> [1562 bytes]","args":[{"selector":{"id":"shellAppTitle"},"wdio_ui5_key":"shellAppTitle"}]}
COMMAND: POST /session/8179189192b6e8199f2c8c0ed4dbe55e/execute/async - {"script":"<script> [6424 bytes]","args":[{"element-6066-11e4-a52e-4f735466cecf":"f.B21277114AAE32FBBA00628FF0F6C8E7.d.C060C897B1035F49D16B395A5D66229A.e.4101"},"getTitle",[]]}
RESULT: {"script":"<script> [6424 bytes]","args":[{"element-6066-11e4-a52e-4f735466cecf":"f.B21277114AAE32FBBA00628FF0F6C8E7.d.C060C897B1035F49D16B395A5D66229A.e.4101"},"getTitle",[]]}
RESULT: undefined
COMMAND: POST /session/8179189192b6e8199f2c8c0ed4dbe55e/element/f.B21277114AAE32FBBA00628FF0F6C8E7.d.C060C897B1035F49D16B395A5D66229A.e.3954/click - {}
COMMAND: POST /session/8179189192b6e8199f2c8c0ed4dbe55e/element - {"using":"xpath","value":"//*[@id=\"backBtn\"]"}
RESULT: {"using":"xpath","value":"//*[@id=\"backBtn\"]"}
COMMAND: POST /session/8179189192b6e8199f2c8c0ed4dbe55e/element/f.B21277114AAE32FBBA00628FF0F6C8E7.d.C060C897B1035F49D16B395A5D66229A.e.3954/click - {}
COMMAND: POST /session/8179189192b6e8199f2c8c0ed4dbe55e/element - {"using":"xpath","value":"//*[@id=\"backBtn\"]"}
RESULT: {"using":"xpath","value":"//*[@id=\"backBtn\"]"}
COMMAND: POST /session/8179189192b6e8199f2c8c0ed4dbe55e/element/f.B21277114AAE32FBBA00628FF0F6C8E7.d.C060C897B1035F49D16B395A5D66229A.e.4102/click - {}
RESULT: {}
COMMAND: GET /session/8179189192b6e8199f2c8c0ed4dbe55e/screenshot - {}
RESULT: {}
]]></system-out>
    </testcase>
    <testcase classname="chrome.137_0_7151_69.windows.Sanity_Tests_US104253" name="Should open ISC Dashboard page" time="37.152">
      <system-out><![CDATA[
COMMAND: POST /session/8179189192b6e8199f2c8c0ed4dbe55e/execute/async - {"script":"<script> [1562 bytes]","args":[{"selector":{"controlType":"sap.m.GenericTile","properties":{"header":"ISC Dashboard"}},"wdio_ui5_key":"sapm.GenericTile{\"header\":\"ISC Dashboard\"}"}]}
RESULT: {"script":"<script> [1562 bytes]","args":[{"selector":{"controlType":"sap.m.GenericTile","properties":{"header":"ISC Dashboard"}},"wdio_ui5_key":"sapm.GenericTile{\"header\":\"ISC Dashboard\"}"}]}
RESULT: undefined
COMMAND: POST /session/8179189192b6e8199f2c8c0ed4dbe55e/element - {"using":"xpath","value":"//*[@id=\"__tile106\"]"}
RESULT: {"using":"xpath","value":"//*[@id=\"__tile106\"]"}
COMMAND: POST /session/8179189192b6e8199f2c8c0ed4dbe55e/element/f.B21277114AAE32FBBA00628FF0F6C8E7.d.C060C897B1035F49D16B395A5D66229A.e.4104/click - {}
RESULT: {}
COMMAND: GET /session/8179189192b6e8199f2c8c0ed4dbe55e/screenshot - {}
RESULT: {}
COMMAND: POST /session/8179189192b6e8199f2c8c0ed4dbe55e/elements - {"using":"xpath","value":"//span[text()='Error']"}
RESULT: {"using":"xpath","value":"//span[text()='Error']"}
RESULT: undefined
COMMAND: POST /session/8179189192b6e8199f2c8c0ed4dbe55e/element - {"using":"xpath","value":"//*[@id=\"__tile106\"]"}
RESULT: {"using":"xpath","value":"//*[@id=\"__tile106\"]"}
COMMAND: POST /session/8179189192b6e8199f2c8c0ed4dbe55e/element/f.B21277114AAE32FBBA00628FF0F6C8E7.d.C060C897B1035F49D16B395A5D66229A.e.4104/click - {}
RESULT: undefined
COMMAND: POST /session/8179189192b6e8199f2c8c0ed4dbe55e/element - {"using":"xpath","value":"//*[@id=\"__tile106\"]"}
RESULT: {"using":"xpath","value":"//*[@id=\"__tile106\"]"}
COMMAND: POST /session/8179189192b6e8199f2c8c0ed4dbe55e/element/f.B21277114AAE32FBBA00628FF0F6C8E7.d.C060C897B1035F49D16B395A5D66229A.e.4104/click - {}
RESULT: undefined
COMMAND: POST /session/8179189192b6e8199f2c8c0ed4dbe55e/execute/async - {"script":"<script> [6424 bytes]","args":[{"element-6066-11e4-a52e-4f735466cecf":"f.B21277114AAE32FBBA00628FF0F6C8E7.d.C060C897B1035F49D16B395A5D66229A.e.290"},"getTitle",[]]}
COMMAND: POST /session/8179189192b6e8199f2c8c0ed4dbe55e/execute/async - {"script":"<script> [1562 bytes]","args":[{"selector":{"id":"shellAppTitle"},"wdio_ui5_key":"shellAppTitle"}]}
RESULT: {"script":"<script> [1562 bytes]","args":[{"selector":{"id":"shellAppTitle"},"wdio_ui5_key":"shellAppTitle"}]}
COMMAND: POST /session/8179189192b6e8199f2c8c0ed4dbe55e/execute/async - {"script":"<script> [6424 bytes]","args":[{"element-6066-11e4-a52e-4f735466cecf":"f.B21277114AAE32FBBA00628FF0F6C8E7.d.C060C897B1035F49D16B395A5D66229A.e.4226"},"getTitle",[]]}
RESULT: {"script":"<script> [6424 bytes]","args":[{"element-6066-11e4-a52e-4f735466cecf":"f.B21277114AAE32FBBA00628FF0F6C8E7.d.C060C897B1035F49D16B395A5D66229A.e.4226"},"getTitle",[]]}
RESULT: undefined
COMMAND: POST /session/8179189192b6e8199f2c8c0ed4dbe55e/element/f.B21277114AAE32FBBA00628FF0F6C8E7.d.C060C897B1035F49D16B395A5D66229A.e.4102/click - {}
RESULT: {}
COMMAND: GET /session/8179189192b6e8199f2c8c0ed4dbe55e/screenshot - {}
RESULT: {}
]]></system-out>
    </testcase>
    <testcase classname="chrome.137_0_7151_69.windows.Sanity_Tests_US104253" name="Should open ISC Orders page" time="36.272">
      <system-out><![CDATA[
COMMAND: POST /session/8179189192b6e8199f2c8c0ed4dbe55e/execute/async - {"script":"<script> [1562 bytes]","args":[{"selector":{"controlType":"sap.m.GenericTile","properties":{"header":"ISC Orders"}},"wdio_ui5_key":"sapm.GenericTile{\"header\":\"ISC Orders\"}"}]}
RESULT: {"script":"<script> [1562 bytes]","args":[{"selector":{"controlType":"sap.m.GenericTile","properties":{"header":"ISC Orders"}},"wdio_ui5_key":"sapm.GenericTile{\"header\":\"ISC Orders\"}"}]}
RESULT: undefined
COMMAND: POST /session/8179189192b6e8199f2c8c0ed4dbe55e/element - {"using":"xpath","value":"//*[@id=\"__tile108\"]"}
RESULT: {"using":"xpath","value":"//*[@id=\"__tile108\"]"}
COMMAND: POST /session/8179189192b6e8199f2c8c0ed4dbe55e/element/f.B21277114AAE32FBBA00628FF0F6C8E7.d.C060C897B1035F49D16B395A5D66229A.e.4228/click - {}
RESULT: {}
COMMAND: GET /session/8179189192b6e8199f2c8c0ed4dbe55e/screenshot - {}
RESULT: {}
COMMAND: POST /session/8179189192b6e8199f2c8c0ed4dbe55e/elements - {"using":"xpath","value":"//span[text()='Error']"}
RESULT: {"using":"xpath","value":"//span[text()='Error']"}
RESULT: undefined
COMMAND: POST /session/8179189192b6e8199f2c8c0ed4dbe55e/element - {"using":"xpath","value":"//*[@id=\"__tile108\"]"}
RESULT: {"using":"xpath","value":"//*[@id=\"__tile108\"]"}
COMMAND: POST /session/8179189192b6e8199f2c8c0ed4dbe55e/element/f.B21277114AAE32FBBA00628FF0F6C8E7.d.C060C897B1035F49D16B395A5D66229A.e.4228/click - {}
RESULT: undefined
COMMAND: POST /session/8179189192b6e8199f2c8c0ed4dbe55e/element - {"using":"xpath","value":"//*[@id=\"__tile108\"]"}
RESULT: {"using":"xpath","value":"//*[@id=\"__tile108\"]"}
COMMAND: POST /session/8179189192b6e8199f2c8c0ed4dbe55e/element/f.B21277114AAE32FBBA00628FF0F6C8E7.d.C060C897B1035F49D16B395A5D66229A.e.4228/click - {}
RESULT: undefined
COMMAND: POST /session/8179189192b6e8199f2c8c0ed4dbe55e/execute/async - {"script":"<script> [6424 bytes]","args":[{"element-6066-11e4-a52e-4f735466cecf":"f.B21277114AAE32FBBA00628FF0F6C8E7.d.C060C897B1035F49D16B395A5D66229A.e.290"},"getTitle",[]]}
COMMAND: POST /session/8179189192b6e8199f2c8c0ed4dbe55e/execute/async - {"script":"<script> [1562 bytes]","args":[{"selector":{"id":"shellAppTitle"},"wdio_ui5_key":"shellAppTitle"}]}
RESULT: {"script":"<script> [1562 bytes]","args":[{"selector":{"id":"shellAppTitle"},"wdio_ui5_key":"shellAppTitle"}]}
COMMAND: POST /session/8179189192b6e8199f2c8c0ed4dbe55e/execute/async - {"script":"<script> [6424 bytes]","args":[{"element-6066-11e4-a52e-4f735466cecf":"f.B21277114AAE32FBBA00628FF0F6C8E7.d.C060C897B1035F49D16B395A5D66229A.e.4334"},"getTitle",[]]}
RESULT: {"script":"<script> [6424 bytes]","args":[{"element-6066-11e4-a52e-4f735466cecf":"f.B21277114AAE32FBBA00628FF0F6C8E7.d.C060C897B1035F49D16B395A5D66229A.e.4334"},"getTitle",[]]}
RESULT: undefined
COMMAND: POST /session/8179189192b6e8199f2c8c0ed4dbe55e/element/f.B21277114AAE32FBBA00628FF0F6C8E7.d.C060C897B1035F49D16B395A5D66229A.e.4102/click - {}
COMMAND: POST /session/8179189192b6e8199f2c8c0ed4dbe55e/element - {"using":"xpath","value":"//*[@id=\"backBtn\"]"}
RESULT: {"using":"xpath","value":"//*[@id=\"backBtn\"]"}
COMMAND: POST /session/8179189192b6e8199f2c8c0ed4dbe55e/element/f.B21277114AAE32FBBA00628FF0F6C8E7.d.C060C897B1035F49D16B395A5D66229A.e.4102/click - {}
COMMAND: POST /session/8179189192b6e8199f2c8c0ed4dbe55e/element - {"using":"xpath","value":"//*[@id=\"backBtn\"]"}
RESULT: {"using":"xpath","value":"//*[@id=\"backBtn\"]"}
COMMAND: POST /session/8179189192b6e8199f2c8c0ed4dbe55e/element/f.B21277114AAE32FBBA00628FF0F6C8E7.d.C060C897B1035F49D16B395A5D66229A.e.4335/click - {}
RESULT: {}
COMMAND: GET /session/8179189192b6e8199f2c8c0ed4dbe55e/screenshot - {}
RESULT: {}
]]></system-out>
    </testcase>
    <testcase classname="chrome.137_0_7151_69.windows.Sanity_Tests_US104253" name="Should open ISC Tasks page" time="36.48">
      <system-out><![CDATA[
COMMAND: POST /session/8179189192b6e8199f2c8c0ed4dbe55e/execute/async - {"script":"<script> [1562 bytes]","args":[{"selector":{"controlType":"sap.m.GenericTile","properties":{"header":"ISC Tasks"}},"wdio_ui5_key":"sapm.GenericTile{\"header\":\"ISC Tasks\"}"}]}
RESULT: {"script":"<script> [1562 bytes]","args":[{"selector":{"controlType":"sap.m.GenericTile","properties":{"header":"ISC Tasks"}},"wdio_ui5_key":"sapm.GenericTile{\"header\":\"ISC Tasks\"}"}]}
RESULT: undefined
COMMAND: POST /session/8179189192b6e8199f2c8c0ed4dbe55e/element - {"using":"xpath","value":"//*[@id=\"__tile110\"]"}
RESULT: {"using":"xpath","value":"//*[@id=\"__tile110\"]"}
COMMAND: POST /session/8179189192b6e8199f2c8c0ed4dbe55e/element/f.B21277114AAE32FBBA00628FF0F6C8E7.d.C060C897B1035F49D16B395A5D66229A.e.4337/click - {}
RESULT: {}
COMMAND: GET /session/8179189192b6e8199f2c8c0ed4dbe55e/screenshot - {}
RESULT: {}
COMMAND: POST /session/8179189192b6e8199f2c8c0ed4dbe55e/elements - {"using":"xpath","value":"//span[text()='Error']"}
RESULT: {"using":"xpath","value":"//span[text()='Error']"}
RESULT: undefined
COMMAND: POST /session/8179189192b6e8199f2c8c0ed4dbe55e/element - {"using":"xpath","value":"//*[@id=\"__tile110\"]"}
RESULT: {"using":"xpath","value":"//*[@id=\"__tile110\"]"}
COMMAND: POST /session/8179189192b6e8199f2c8c0ed4dbe55e/element/f.B21277114AAE32FBBA00628FF0F6C8E7.d.C060C897B1035F49D16B395A5D66229A.e.4337/click - {}
RESULT: undefined
COMMAND: POST /session/8179189192b6e8199f2c8c0ed4dbe55e/element - {"using":"xpath","value":"//*[@id=\"__tile110\"]"}
RESULT: {"using":"xpath","value":"//*[@id=\"__tile110\"]"}
COMMAND: POST /session/8179189192b6e8199f2c8c0ed4dbe55e/element/f.B21277114AAE32FBBA00628FF0F6C8E7.d.C060C897B1035F49D16B395A5D66229A.e.4337/click - {}
RESULT: undefined
COMMAND: POST /session/8179189192b6e8199f2c8c0ed4dbe55e/execute/async - {"script":"<script> [6424 bytes]","args":[{"element-6066-11e4-a52e-4f735466cecf":"f.B21277114AAE32FBBA00628FF0F6C8E7.d.C060C897B1035F49D16B395A5D66229A.e.290"},"getTitle",[]]}
COMMAND: POST /session/8179189192b6e8199f2c8c0ed4dbe55e/execute/async - {"script":"<script> [1562 bytes]","args":[{"selector":{"id":"shellAppTitle"},"wdio_ui5_key":"shellAppTitle"}]}
RESULT: {"script":"<script> [1562 bytes]","args":[{"selector":{"id":"shellAppTitle"},"wdio_ui5_key":"shellAppTitle"}]}
COMMAND: POST /session/8179189192b6e8199f2c8c0ed4dbe55e/execute/async - {"script":"<script> [6424 bytes]","args":[{"element-6066-11e4-a52e-4f735466cecf":"f.B21277114AAE32FBBA00628FF0F6C8E7.d.C060C897B1035F49D16B395A5D66229A.e.4421"},"getTitle",[]]}
RESULT: {"script":"<script> [6424 bytes]","args":[{"element-6066-11e4-a52e-4f735466cecf":"f.B21277114AAE32FBBA00628FF0F6C8E7.d.C060C897B1035F49D16B395A5D66229A.e.4421"},"getTitle",[]]}
RESULT: undefined
COMMAND: POST /session/8179189192b6e8199f2c8c0ed4dbe55e/element/f.B21277114AAE32FBBA00628FF0F6C8E7.d.C060C897B1035F49D16B395A5D66229A.e.4335/click - {}
RESULT: {}
COMMAND: GET /session/8179189192b6e8199f2c8c0ed4dbe55e/screenshot - {}
RESULT: {}
]]></system-out>
    </testcase>
    <testcase classname="chrome.137_0_7151_69.windows.Sanity_Tests_US104253" name="Should open Manage Resource Logbook page" time="43.066">
      <system-out><![CDATA[
COMMAND: POST /session/8179189192b6e8199f2c8c0ed4dbe55e/execute/async - {"script":"<script> [1562 bytes]","args":[{"selector":{"controlType":"sap.m.GenericTile","properties":{"header":"Manage Resource Logbook"}},"wdio_ui5_key":"sapm.GenericTile{\"header\":\"Manage Resource Logbook\"}"}]}
RESULT: {"script":"<script> [1562 bytes]","args":[{"selector":{"controlType":"sap.m.GenericTile","properties":{"header":"Manage Resource Logbook"}},"wdio_ui5_key":"sapm.GenericTile{\"header\":\"Manage Resource Logbook\"}"}]}
RESULT: undefined
COMMAND: POST /session/8179189192b6e8199f2c8c0ed4dbe55e/element - {"using":"xpath","value":"//*[@id=\"__tile113\"]"}
RESULT: {"using":"xpath","value":"//*[@id=\"__tile113\"]"}
COMMAND: POST /session/8179189192b6e8199f2c8c0ed4dbe55e/element/f.B21277114AAE32FBBA00628FF0F6C8E7.d.C060C897B1035F49D16B395A5D66229A.e.4423/click - {}
RESULT: {}
COMMAND: GET /session/8179189192b6e8199f2c8c0ed4dbe55e/screenshot - {}
RESULT: {}
COMMAND: POST /session/8179189192b6e8199f2c8c0ed4dbe55e/elements - {"using":"xpath","value":"//span[text()='Error']"}
RESULT: {"using":"xpath","value":"//span[text()='Error']"}
RESULT: undefined
COMMAND: POST /session/8179189192b6e8199f2c8c0ed4dbe55e/element - {"using":"xpath","value":"//*[@id=\"__tile113\"]"}
RESULT: {"using":"xpath","value":"//*[@id=\"__tile113\"]"}
COMMAND: POST /session/8179189192b6e8199f2c8c0ed4dbe55e/element/f.B21277114AAE32FBBA00628FF0F6C8E7.d.C060C897B1035F49D16B395A5D66229A.e.4423/click - {}
RESULT: undefined
COMMAND: POST /session/8179189192b6e8199f2c8c0ed4dbe55e/element - {"using":"xpath","value":"//*[@id=\"__tile113\"]"}
RESULT: {"using":"xpath","value":"//*[@id=\"__tile113\"]"}
COMMAND: POST /session/8179189192b6e8199f2c8c0ed4dbe55e/element/f.B21277114AAE32FBBA00628FF0F6C8E7.d.C060C897B1035F49D16B395A5D66229A.e.4423/click - {}
RESULT: undefined
COMMAND: POST /session/8179189192b6e8199f2c8c0ed4dbe55e/execute/async - {"script":"<script> [6424 bytes]","args":[{"element-6066-11e4-a52e-4f735466cecf":"f.B21277114AAE32FBBA00628FF0F6C8E7.d.C060C897B1035F49D16B395A5D66229A.e.290"},"getTitle",[]]}
COMMAND: POST /session/8179189192b6e8199f2c8c0ed4dbe55e/execute/async - {"script":"<script> [1562 bytes]","args":[{"selector":{"id":"shellAppTitle"},"wdio_ui5_key":"shellAppTitle"}]}
RESULT: {"script":"<script> [1562 bytes]","args":[{"selector":{"id":"shellAppTitle"},"wdio_ui5_key":"shellAppTitle"}]}
COMMAND: POST /session/8179189192b6e8199f2c8c0ed4dbe55e/execute/async - {"script":"<script> [6424 bytes]","args":[{"element-6066-11e4-a52e-4f735466cecf":"f.B21277114AAE32FBBA00628FF0F6C8E7.d.C060C897B1035F49D16B395A5D66229A.e.4518"},"getTitle",[]]}
RESULT: {"script":"<script> [6424 bytes]","args":[{"element-6066-11e4-a52e-4f735466cecf":"f.B21277114AAE32FBBA00628FF0F6C8E7.d.C060C897B1035F49D16B395A5D66229A.e.4518"},"getTitle",[]]}
RESULT: undefined
COMMAND: POST /session/8179189192b6e8199f2c8c0ed4dbe55e/element/f.B21277114AAE32FBBA00628FF0F6C8E7.d.C060C897B1035F49D16B395A5D66229A.e.4335/click - {}
COMMAND: POST /session/8179189192b6e8199f2c8c0ed4dbe55e/element - {"using":"xpath","value":"//*[@id=\"backBtn\"]"}
RESULT: {"using":"xpath","value":"//*[@id=\"backBtn\"]"}
COMMAND: POST /session/8179189192b6e8199f2c8c0ed4dbe55e/element/f.B21277114AAE32FBBA00628FF0F6C8E7.d.C060C897B1035F49D16B395A5D66229A.e.4335/click - {}
COMMAND: POST /session/8179189192b6e8199f2c8c0ed4dbe55e/element - {"using":"xpath","value":"//*[@id=\"backBtn\"]"}
RESULT: {"using":"xpath","value":"//*[@id=\"backBtn\"]"}
COMMAND: POST /session/8179189192b6e8199f2c8c0ed4dbe55e/element/f.B21277114AAE32FBBA00628FF0F6C8E7.d.C060C897B1035F49D16B395A5D66229A.e.4519/click - {}
RESULT: {}
COMMAND: GET /session/8179189192b6e8199f2c8c0ed4dbe55e/screenshot - {}
RESULT: {}
]]></system-out>
    </testcase>
    <testcase classname="chrome.137_0_7151_69.windows.Sanity_Tests_US104253" name="Should open Manage Logbook page" time="35.784">
      <system-out><![CDATA[
COMMAND: POST /session/8179189192b6e8199f2c8c0ed4dbe55e/execute/async - {"script":"<script> [1562 bytes]","args":[{"selector":{"controlType":"sap.m.GenericTile","properties":{"header":"Manage Logbook"}},"wdio_ui5_key":"sapm.GenericTile{\"header\":\"Manage Logbook\"}"}]}
RESULT: {"script":"<script> [1562 bytes]","args":[{"selector":{"controlType":"sap.m.GenericTile","properties":{"header":"Manage Logbook"}},"wdio_ui5_key":"sapm.GenericTile{\"header\":\"Manage Logbook\"}"}]}
RESULT: undefined
COMMAND: POST /session/8179189192b6e8199f2c8c0ed4dbe55e/element - {"using":"xpath","value":"//*[@id=\"__tile112\"]"}
RESULT: {"using":"xpath","value":"//*[@id=\"__tile112\"]"}
COMMAND: POST /session/8179189192b6e8199f2c8c0ed4dbe55e/element/f.B21277114AAE32FBBA00628FF0F6C8E7.d.C060C897B1035F49D16B395A5D66229A.e.4521/click - {}
RESULT: {}
COMMAND: GET /session/8179189192b6e8199f2c8c0ed4dbe55e/screenshot - {}
RESULT: {}
COMMAND: POST /session/8179189192b6e8199f2c8c0ed4dbe55e/elements - {"using":"xpath","value":"//span[text()='Error']"}
RESULT: {"using":"xpath","value":"//span[text()='Error']"}
RESULT: undefined
COMMAND: POST /session/8179189192b6e8199f2c8c0ed4dbe55e/element - {"using":"xpath","value":"//*[@id=\"__tile112\"]"}
RESULT: {"using":"xpath","value":"//*[@id=\"__tile112\"]"}
COMMAND: POST /session/8179189192b6e8199f2c8c0ed4dbe55e/element/f.B21277114AAE32FBBA00628FF0F6C8E7.d.C060C897B1035F49D16B395A5D66229A.e.4521/click - {}
RESULT: undefined
COMMAND: POST /session/8179189192b6e8199f2c8c0ed4dbe55e/element - {"using":"xpath","value":"//*[@id=\"__tile112\"]"}
RESULT: {"using":"xpath","value":"//*[@id=\"__tile112\"]"}
COMMAND: POST /session/8179189192b6e8199f2c8c0ed4dbe55e/element/f.B21277114AAE32FBBA00628FF0F6C8E7.d.C060C897B1035F49D16B395A5D66229A.e.4521/click - {}
RESULT: undefined
COMMAND: POST /session/8179189192b6e8199f2c8c0ed4dbe55e/execute/async - {"script":"<script> [6424 bytes]","args":[{"element-6066-11e4-a52e-4f735466cecf":"f.B21277114AAE32FBBA00628FF0F6C8E7.d.C060C897B1035F49D16B395A5D66229A.e.290"},"getTitle",[]]}
COMMAND: POST /session/8179189192b6e8199f2c8c0ed4dbe55e/execute/async - {"script":"<script> [1562 bytes]","args":[{"selector":{"id":"shellAppTitle"},"wdio_ui5_key":"shellAppTitle"}]}
RESULT: {"script":"<script> [1562 bytes]","args":[{"selector":{"id":"shellAppTitle"},"wdio_ui5_key":"shellAppTitle"}]}
COMMAND: POST /session/8179189192b6e8199f2c8c0ed4dbe55e/execute/async - {"script":"<script> [6424 bytes]","args":[{"element-6066-11e4-a52e-4f735466cecf":"f.B21277114AAE32FBBA00628FF0F6C8E7.d.C060C897B1035F49D16B395A5D66229A.e.4596"},"getTitle",[]]}
RESULT: {"script":"<script> [6424 bytes]","args":[{"element-6066-11e4-a52e-4f735466cecf":"f.B21277114AAE32FBBA00628FF0F6C8E7.d.C060C897B1035F49D16B395A5D66229A.e.4596"},"getTitle",[]]}
RESULT: undefined
COMMAND: POST /session/8179189192b6e8199f2c8c0ed4dbe55e/element/f.B21277114AAE32FBBA00628FF0F6C8E7.d.C060C897B1035F49D16B395A5D66229A.e.4519/click - {}
RESULT: {}
COMMAND: GET /session/8179189192b6e8199f2c8c0ed4dbe55e/screenshot - {}
RESULT: {}
]]></system-out>
    </testcase>
    <testcase classname="chrome.137_0_7151_69.windows.Sanity_Tests_US104253" name="Should open ISC Orders Calendar page" time="36.916">
      <system-out><![CDATA[
COMMAND: POST /session/8179189192b6e8199f2c8c0ed4dbe55e/execute/async - {"script":"<script> [1562 bytes]","args":[{"selector":{"controlType":"sap.m.GenericTile","properties":{"header":"ISC Orders Calendar"}},"wdio_ui5_key":"sapm.GenericTile{\"header\":\"ISC Orders Calendar\"}"}]}
RESULT: {"script":"<script> [1562 bytes]","args":[{"selector":{"controlType":"sap.m.GenericTile","properties":{"header":"ISC Orders Calendar"}},"wdio_ui5_key":"sapm.GenericTile{\"header\":\"ISC Orders Calendar\"}"}]}
RESULT: undefined
COMMAND: POST /session/8179189192b6e8199f2c8c0ed4dbe55e/element - {"using":"xpath","value":"//*[@id=\"__tile107\"]"}
RESULT: {"using":"xpath","value":"//*[@id=\"__tile107\"]"}
COMMAND: POST /session/8179189192b6e8199f2c8c0ed4dbe55e/element/f.B21277114AAE32FBBA00628FF0F6C8E7.d.C060C897B1035F49D16B395A5D66229A.e.4598/click - {}
RESULT: {}
COMMAND: GET /session/8179189192b6e8199f2c8c0ed4dbe55e/screenshot - {}
RESULT: {}
COMMAND: POST /session/8179189192b6e8199f2c8c0ed4dbe55e/elements - {"using":"xpath","value":"//span[text()='Error']"}
RESULT: {"using":"xpath","value":"//span[text()='Error']"}
RESULT: undefined
COMMAND: POST /session/8179189192b6e8199f2c8c0ed4dbe55e/element - {"using":"xpath","value":"//*[@id=\"__tile107\"]"}
RESULT: {"using":"xpath","value":"//*[@id=\"__tile107\"]"}
COMMAND: POST /session/8179189192b6e8199f2c8c0ed4dbe55e/element/f.B21277114AAE32FBBA00628FF0F6C8E7.d.C060C897B1035F49D16B395A5D66229A.e.4598/click - {}
RESULT: undefined
COMMAND: POST /session/8179189192b6e8199f2c8c0ed4dbe55e/element - {"using":"xpath","value":"//*[@id=\"__tile107\"]"}
RESULT: {"using":"xpath","value":"//*[@id=\"__tile107\"]"}
COMMAND: POST /session/8179189192b6e8199f2c8c0ed4dbe55e/element/f.B21277114AAE32FBBA00628FF0F6C8E7.d.C060C897B1035F49D16B395A5D66229A.e.4598/click - {}
RESULT: undefined
COMMAND: POST /session/8179189192b6e8199f2c8c0ed4dbe55e/execute/async - {"script":"<script> [6424 bytes]","args":[{"element-6066-11e4-a52e-4f735466cecf":"f.B21277114AAE32FBBA00628FF0F6C8E7.d.C060C897B1035F49D16B395A5D66229A.e.290"},"getTitle",[]]}
COMMAND: POST /session/8179189192b6e8199f2c8c0ed4dbe55e/execute/async - {"script":"<script> [1562 bytes]","args":[{"selector":{"id":"shellAppTitle"},"wdio_ui5_key":"shellAppTitle"}]}
RESULT: {"script":"<script> [1562 bytes]","args":[{"selector":{"id":"shellAppTitle"},"wdio_ui5_key":"shellAppTitle"}]}
COMMAND: POST /session/8179189192b6e8199f2c8c0ed4dbe55e/execute/async - {"script":"<script> [6424 bytes]","args":[{"element-6066-11e4-a52e-4f735466cecf":"f.B21277114AAE32FBBA00628FF0F6C8E7.d.C060C897B1035F49D16B395A5D66229A.e.4810"},"getTitle",[]]}
RESULT: {"script":"<script> [6424 bytes]","args":[{"element-6066-11e4-a52e-4f735466cecf":"f.B21277114AAE32FBBA00628FF0F6C8E7.d.C060C897B1035F49D16B395A5D66229A.e.4810"},"getTitle",[]]}
RESULT: undefined
COMMAND: POST /session/8179189192b6e8199f2c8c0ed4dbe55e/element/f.B21277114AAE32FBBA00628FF0F6C8E7.d.C060C897B1035F49D16B395A5D66229A.e.4519/click - {}
COMMAND: POST /session/8179189192b6e8199f2c8c0ed4dbe55e/element - {"using":"xpath","value":"//*[@id=\"backBtn\"]"}
RESULT: {"using":"xpath","value":"//*[@id=\"backBtn\"]"}
COMMAND: POST /session/8179189192b6e8199f2c8c0ed4dbe55e/element/f.B21277114AAE32FBBA00628FF0F6C8E7.d.C060C897B1035F49D16B395A5D66229A.e.4519/click - {}
COMMAND: POST /session/8179189192b6e8199f2c8c0ed4dbe55e/element - {"using":"xpath","value":"//*[@id=\"backBtn\"]"}
RESULT: {"using":"xpath","value":"//*[@id=\"backBtn\"]"}
COMMAND: POST /session/8179189192b6e8199f2c8c0ed4dbe55e/element/f.B21277114AAE32FBBA00628FF0F6C8E7.d.C060C897B1035F49D16B395A5D66229A.e.4811/click - {}
RESULT: {}
COMMAND: GET /session/8179189192b6e8199f2c8c0ed4dbe55e/screenshot - {}
RESULT: {}
]]></system-out>
    </testcase>
    <testcase classname="chrome.137_0_7151_69.windows.Sanity_Tests_US104253" name="Should open Configure System page" time="36.029">
      <system-out><![CDATA[
COMMAND: POST /session/8179189192b6e8199f2c8c0ed4dbe55e/execute/async - {"script":"<script> [1562 bytes]","args":[{"selector":{"controlType":"sap.m.GenericTile","properties":{"header":"Configure System"}},"wdio_ui5_key":"sapm.GenericTile{\"header\":\"Configure System\"}"}]}
RESULT: {"script":"<script> [1562 bytes]","args":[{"selector":{"controlType":"sap.m.GenericTile","properties":{"header":"Configure System"}},"wdio_ui5_key":"sapm.GenericTile{\"header\":\"Configure System\"}"}]}
RESULT: undefined
COMMAND: POST /session/8179189192b6e8199f2c8c0ed4dbe55e/element - {"using":"xpath","value":"//*[@id=\"__tile114\"]"}
RESULT: {"using":"xpath","value":"//*[@id=\"__tile114\"]"}
COMMAND: POST /session/8179189192b6e8199f2c8c0ed4dbe55e/element/f.B21277114AAE32FBBA00628FF0F6C8E7.d.C060C897B1035F49D16B395A5D66229A.e.4815/click - {}
RESULT: {}
COMMAND: GET /session/8179189192b6e8199f2c8c0ed4dbe55e/screenshot - {}
RESULT: {}
COMMAND: POST /session/8179189192b6e8199f2c8c0ed4dbe55e/elements - {"using":"xpath","value":"//span[text()='Error']"}
RESULT: {"using":"xpath","value":"//span[text()='Error']"}
RESULT: undefined
COMMAND: POST /session/8179189192b6e8199f2c8c0ed4dbe55e/element - {"using":"xpath","value":"//*[@id=\"__tile114\"]"}
RESULT: {"using":"xpath","value":"//*[@id=\"__tile114\"]"}
COMMAND: POST /session/8179189192b6e8199f2c8c0ed4dbe55e/element/f.B21277114AAE32FBBA00628FF0F6C8E7.d.C060C897B1035F49D16B395A5D66229A.e.4815/click - {}
RESULT: undefined
COMMAND: POST /session/8179189192b6e8199f2c8c0ed4dbe55e/element - {"using":"xpath","value":"//*[@id=\"__tile114\"]"}
RESULT: {"using":"xpath","value":"//*[@id=\"__tile114\"]"}
COMMAND: POST /session/8179189192b6e8199f2c8c0ed4dbe55e/element/f.B21277114AAE32FBBA00628FF0F6C8E7.d.C060C897B1035F49D16B395A5D66229A.e.4815/click - {}
RESULT: undefined
COMMAND: POST /session/8179189192b6e8199f2c8c0ed4dbe55e/execute/async - {"script":"<script> [6424 bytes]","args":[{"element-6066-11e4-a52e-4f735466cecf":"f.B21277114AAE32FBBA00628FF0F6C8E7.d.C060C897B1035F49D16B395A5D66229A.e.290"},"getTitle",[]]}
COMMAND: POST /session/8179189192b6e8199f2c8c0ed4dbe55e/execute/async - {"script":"<script> [1562 bytes]","args":[{"selector":{"id":"shellAppTitle"},"wdio_ui5_key":"shellAppTitle"}]}
RESULT: {"script":"<script> [1562 bytes]","args":[{"selector":{"id":"shellAppTitle"},"wdio_ui5_key":"shellAppTitle"}]}
COMMAND: POST /session/8179189192b6e8199f2c8c0ed4dbe55e/execute/async - {"script":"<script> [6424 bytes]","args":[{"element-6066-11e4-a52e-4f735466cecf":"f.B21277114AAE32FBBA00628FF0F6C8E7.d.C060C897B1035F49D16B395A5D66229A.e.4844"},"getTitle",[]]}
RESULT: {"script":"<script> [6424 bytes]","args":[{"element-6066-11e4-a52e-4f735466cecf":"f.B21277114AAE32FBBA00628FF0F6C8E7.d.C060C897B1035F49D16B395A5D66229A.e.4844"},"getTitle",[]]}
RESULT: undefined
COMMAND: POST /session/8179189192b6e8199f2c8c0ed4dbe55e/element/f.B21277114AAE32FBBA00628FF0F6C8E7.d.C060C897B1035F49D16B395A5D66229A.e.4811/click - {}
RESULT: {}
COMMAND: GET /session/8179189192b6e8199f2c8c0ed4dbe55e/screenshot - {}
RESULT: {}
]]></system-out>
    </testcase>
    <testcase classname="chrome.137_0_7151_69.windows.Sanity_Tests_US104253" name="Should open Manage Classifications page" time="35.835">
      <system-out><![CDATA[
COMMAND: POST /session/8179189192b6e8199f2c8c0ed4dbe55e/execute/async - {"script":"<script> [1562 bytes]","args":[{"selector":{"controlType":"sap.m.GenericTile","properties":{"header":"Manage Classifications"}},"wdio_ui5_key":"sapm.GenericTile{\"header\":\"Manage Classifications\"}"}]}
RESULT: {"script":"<script> [1562 bytes]","args":[{"selector":{"controlType":"sap.m.GenericTile","properties":{"header":"Manage Classifications"}},"wdio_ui5_key":"sapm.GenericTile{\"header\":\"Manage Classifications\"}"}]}
RESULT: undefined
COMMAND: POST /session/8179189192b6e8199f2c8c0ed4dbe55e/element - {"using":"xpath","value":"//*[@id=\"__tile115\"]"}
RESULT: {"using":"xpath","value":"//*[@id=\"__tile115\"]"}
COMMAND: POST /session/8179189192b6e8199f2c8c0ed4dbe55e/element/f.B21277114AAE32FBBA00628FF0F6C8E7.d.C060C897B1035F49D16B395A5D66229A.e.111/click - {}
RESULT: {}
COMMAND: GET /session/8179189192b6e8199f2c8c0ed4dbe55e/screenshot - {}
RESULT: {}
COMMAND: POST /session/8179189192b6e8199f2c8c0ed4dbe55e/elements - {"using":"xpath","value":"//span[text()='Error']"}
RESULT: {"using":"xpath","value":"//span[text()='Error']"}
RESULT: undefined
COMMAND: POST /session/8179189192b6e8199f2c8c0ed4dbe55e/element - {"using":"xpath","value":"//*[@id=\"__tile115\"]"}
RESULT: {"using":"xpath","value":"//*[@id=\"__tile115\"]"}
COMMAND: POST /session/8179189192b6e8199f2c8c0ed4dbe55e/element/f.B21277114AAE32FBBA00628FF0F6C8E7.d.C060C897B1035F49D16B395A5D66229A.e.111/click - {}
RESULT: undefined
COMMAND: POST /session/8179189192b6e8199f2c8c0ed4dbe55e/element - {"using":"xpath","value":"//*[@id=\"__tile115\"]"}
RESULT: {"using":"xpath","value":"//*[@id=\"__tile115\"]"}
COMMAND: POST /session/8179189192b6e8199f2c8c0ed4dbe55e/element/f.B21277114AAE32FBBA00628FF0F6C8E7.d.C060C897B1035F49D16B395A5D66229A.e.111/click - {}
RESULT: undefined
COMMAND: POST /session/8179189192b6e8199f2c8c0ed4dbe55e/execute/async - {"script":"<script> [6424 bytes]","args":[{"element-6066-11e4-a52e-4f735466cecf":"f.B21277114AAE32FBBA00628FF0F6C8E7.d.C060C897B1035F49D16B395A5D66229A.e.290"},"getTitle",[]]}
COMMAND: POST /session/8179189192b6e8199f2c8c0ed4dbe55e/execute/async - {"script":"<script> [1562 bytes]","args":[{"selector":{"id":"shellAppTitle"},"wdio_ui5_key":"shellAppTitle"}]}
RESULT: {"script":"<script> [1562 bytes]","args":[{"selector":{"id":"shellAppTitle"},"wdio_ui5_key":"shellAppTitle"}]}
COMMAND: POST /session/8179189192b6e8199f2c8c0ed4dbe55e/execute/async - {"script":"<script> [6424 bytes]","args":[{"element-6066-11e4-a52e-4f735466cecf":"f.B21277114AAE32FBBA00628FF0F6C8E7.d.C060C897B1035F49D16B395A5D66229A.e.5074"},"getTitle",[]]}
RESULT: {"script":"<script> [6424 bytes]","args":[{"element-6066-11e4-a52e-4f735466cecf":"f.B21277114AAE32FBBA00628FF0F6C8E7.d.C060C897B1035F49D16B395A5D66229A.e.5074"},"getTitle",[]]}
RESULT: undefined
COMMAND: POST /session/8179189192b6e8199f2c8c0ed4dbe55e/element/f.B21277114AAE32FBBA00628FF0F6C8E7.d.C060C897B1035F49D16B395A5D66229A.e.4811/click - {}
COMMAND: POST /session/8179189192b6e8199f2c8c0ed4dbe55e/element - {"using":"xpath","value":"//*[@id=\"backBtn\"]"}
RESULT: {"using":"xpath","value":"//*[@id=\"backBtn\"]"}
COMMAND: POST /session/8179189192b6e8199f2c8c0ed4dbe55e/element/f.B21277114AAE32FBBA00628FF0F6C8E7.d.C060C897B1035F49D16B395A5D66229A.e.4811/click - {}
COMMAND: POST /session/8179189192b6e8199f2c8c0ed4dbe55e/element - {"using":"xpath","value":"//*[@id=\"backBtn\"]"}
RESULT: {"using":"xpath","value":"//*[@id=\"backBtn\"]"}
COMMAND: POST /session/8179189192b6e8199f2c8c0ed4dbe55e/element/f.B21277114AAE32FBBA00628FF0F6C8E7.d.C060C897B1035F49D16B395A5D66229A.e.5075/click - {}
RESULT: {}
COMMAND: GET /session/8179189192b6e8199f2c8c0ed4dbe55e/screenshot - {}
RESULT: {}
]]></system-out>
    </testcase>
    <testcase classname="chrome.137_0_7151_69.windows.Sanity_Tests_US104253" name="Should open Data Explorer page" time="46.908">
      <system-out><![CDATA[
COMMAND: POST /session/8179189192b6e8199f2c8c0ed4dbe55e/execute/async - {"script":"<script> [1562 bytes]","args":[{"selector":{"controlType":"sap.m.GenericTile","properties":{"header":"Data Explorer"}},"wdio_ui5_key":"sapm.GenericTile{\"header\":\"Data Explorer\"}"}]}
RESULT: {"script":"<script> [1562 bytes]","args":[{"selector":{"controlType":"sap.m.GenericTile","properties":{"header":"Data Explorer"}},"wdio_ui5_key":"sapm.GenericTile{\"header\":\"Data Explorer\"}"}]}
RESULT: undefined
COMMAND: POST /session/8179189192b6e8199f2c8c0ed4dbe55e/element - {"using":"xpath","value":"//*[@id=\"__tile117\"]"}
RESULT: {"using":"xpath","value":"//*[@id=\"__tile117\"]"}
COMMAND: POST /session/8179189192b6e8199f2c8c0ed4dbe55e/element/f.B21277114AAE32FBBA00628FF0F6C8E7.d.C060C897B1035F49D16B395A5D66229A.e.5077/click - {}
RESULT: {}
COMMAND: GET /session/8179189192b6e8199f2c8c0ed4dbe55e/screenshot - {}
RESULT: {}
COMMAND: POST /session/8179189192b6e8199f2c8c0ed4dbe55e/elements - {"using":"xpath","value":"//span[text()='Error']"}
RESULT: {"using":"xpath","value":"//span[text()='Error']"}
RESULT: undefined
COMMAND: POST /session/8179189192b6e8199f2c8c0ed4dbe55e/element - {"using":"xpath","value":"//*[@id=\"__tile117\"]"}
RESULT: {"using":"xpath","value":"//*[@id=\"__tile117\"]"}
COMMAND: POST /session/8179189192b6e8199f2c8c0ed4dbe55e/element/f.B21277114AAE32FBBA00628FF0F6C8E7.d.C060C897B1035F49D16B395A5D66229A.e.5077/click - {}
RESULT: undefined
COMMAND: POST /session/8179189192b6e8199f2c8c0ed4dbe55e/element - {"using":"xpath","value":"//*[@id=\"__tile117\"]"}
RESULT: {"using":"xpath","value":"//*[@id=\"__tile117\"]"}
COMMAND: POST /session/8179189192b6e8199f2c8c0ed4dbe55e/element/f.B21277114AAE32FBBA00628FF0F6C8E7.d.C060C897B1035F49D16B395A5D66229A.e.5077/click - {}
RESULT: undefined
COMMAND: POST /session/8179189192b6e8199f2c8c0ed4dbe55e/execute/async - {"script":"<script> [6424 bytes]","args":[{"element-6066-11e4-a52e-4f735466cecf":"f.B21277114AAE32FBBA00628FF0F6C8E7.d.C060C897B1035F49D16B395A5D66229A.e.290"},"getTitle",[]]}
COMMAND: POST /session/8179189192b6e8199f2c8c0ed4dbe55e/execute/async - {"script":"<script> [1562 bytes]","args":[{"selector":{"id":"shellAppTitle"},"wdio_ui5_key":"shellAppTitle"}]}
RESULT: {"script":"<script> [1562 bytes]","args":[{"selector":{"id":"shellAppTitle"},"wdio_ui5_key":"shellAppTitle"}]}
COMMAND: POST /session/8179189192b6e8199f2c8c0ed4dbe55e/execute/async - {"script":"<script> [6424 bytes]","args":[{"element-6066-11e4-a52e-4f735466cecf":"f.B21277114AAE32FBBA00628FF0F6C8E7.d.C060C897B1035F49D16B395A5D66229A.e.5235"},"getTitle",[]]}
RESULT: {"script":"<script> [6424 bytes]","args":[{"element-6066-11e4-a52e-4f735466cecf":"f.B21277114AAE32FBBA00628FF0F6C8E7.d.C060C897B1035F49D16B395A5D66229A.e.5235"},"getTitle",[]]}
RESULT: undefined
COMMAND: POST /session/8179189192b6e8199f2c8c0ed4dbe55e/element/f.B21277114AAE32FBBA00628FF0F6C8E7.d.C060C897B1035F49D16B395A5D66229A.e.5075/click - {}
RESULT: {}
COMMAND: GET /session/8179189192b6e8199f2c8c0ed4dbe55e/screenshot - {}
RESULT: {}
]]></system-out>
    </testcase>
    <testcase classname="chrome.137_0_7151_69.windows.Sanity_Tests_US104253" name="Should open Performance Monitor page" time="35.843">
      <system-out><![CDATA[
COMMAND: POST /session/8179189192b6e8199f2c8c0ed4dbe55e/execute/async - {"script":"<script> [1562 bytes]","args":[{"selector":{"controlType":"sap.m.GenericTile","properties":{"header":"Performance Monitor"}},"wdio_ui5_key":"sapm.GenericTile{\"header\":\"Performance Monitor\"}"}]}
RESULT: {"script":"<script> [1562 bytes]","args":[{"selector":{"controlType":"sap.m.GenericTile","properties":{"header":"Performance Monitor"}},"wdio_ui5_key":"sapm.GenericTile{\"header\":\"Performance Monitor\"}"}]}
RESULT: undefined
COMMAND: POST /session/8179189192b6e8199f2c8c0ed4dbe55e/element - {"using":"xpath","value":"//*[@id=\"__tile116\"]"}
RESULT: {"using":"xpath","value":"//*[@id=\"__tile116\"]"}
COMMAND: POST /session/8179189192b6e8199f2c8c0ed4dbe55e/element/f.B21277114AAE32FBBA00628FF0F6C8E7.d.C060C897B1035F49D16B395A5D66229A.e.5237/click - {}
RESULT: {}
COMMAND: GET /session/8179189192b6e8199f2c8c0ed4dbe55e/screenshot - {}
RESULT: {}
COMMAND: POST /session/8179189192b6e8199f2c8c0ed4dbe55e/elements - {"using":"xpath","value":"//span[text()='Error']"}
RESULT: {"using":"xpath","value":"//span[text()='Error']"}
RESULT: undefined
COMMAND: POST /session/8179189192b6e8199f2c8c0ed4dbe55e/element - {"using":"xpath","value":"//*[@id=\"__tile116\"]"}
RESULT: {"using":"xpath","value":"//*[@id=\"__tile116\"]"}
COMMAND: POST /session/8179189192b6e8199f2c8c0ed4dbe55e/element/f.B21277114AAE32FBBA00628FF0F6C8E7.d.C060C897B1035F49D16B395A5D66229A.e.5237/click - {}
RESULT: undefined
COMMAND: POST /session/8179189192b6e8199f2c8c0ed4dbe55e/element - {"using":"xpath","value":"//*[@id=\"__tile116\"]"}
RESULT: {"using":"xpath","value":"//*[@id=\"__tile116\"]"}
COMMAND: POST /session/8179189192b6e8199f2c8c0ed4dbe55e/element/f.B21277114AAE32FBBA00628FF0F6C8E7.d.C060C897B1035F49D16B395A5D66229A.e.5237/click - {}
RESULT: undefined
COMMAND: POST /session/8179189192b6e8199f2c8c0ed4dbe55e/execute/async - {"script":"<script> [6424 bytes]","args":[{"element-6066-11e4-a52e-4f735466cecf":"f.B21277114AAE32FBBA00628FF0F6C8E7.d.C060C897B1035F49D16B395A5D66229A.e.290"},"getTitle",[]]}
COMMAND: POST /session/8179189192b6e8199f2c8c0ed4dbe55e/execute/async - {"script":"<script> [1562 bytes]","args":[{"selector":{"id":"shellAppTitle"},"wdio_ui5_key":"shellAppTitle"}]}
RESULT: {"script":"<script> [1562 bytes]","args":[{"selector":{"id":"shellAppTitle"},"wdio_ui5_key":"shellAppTitle"}]}
COMMAND: POST /session/8179189192b6e8199f2c8c0ed4dbe55e/execute/async - {"script":"<script> [6424 bytes]","args":[{"element-6066-11e4-a52e-4f735466cecf":"f.B21277114AAE32FBBA00628FF0F6C8E7.d.C060C897B1035F49D16B395A5D66229A.e.5277"},"getTitle",[]]}
RESULT: {"script":"<script> [6424 bytes]","args":[{"element-6066-11e4-a52e-4f735466cecf":"f.B21277114AAE32FBBA00628FF0F6C8E7.d.C060C897B1035F49D16B395A5D66229A.e.5277"},"getTitle",[]]}
RESULT: undefined
COMMAND: POST /session/8179189192b6e8199f2c8c0ed4dbe55e/element/f.B21277114AAE32FBBA00628FF0F6C8E7.d.C060C897B1035F49D16B395A5D66229A.e.5075/click - {}
COMMAND: POST /session/8179189192b6e8199f2c8c0ed4dbe55e/element - {"using":"xpath","value":"//*[@id=\"backBtn\"]"}
RESULT: {"using":"xpath","value":"//*[@id=\"backBtn\"]"}
COMMAND: POST /session/8179189192b6e8199f2c8c0ed4dbe55e/element/f.B21277114AAE32FBBA00628FF0F6C8E7.d.C060C897B1035F49D16B395A5D66229A.e.5075/click - {}
COMMAND: POST /session/8179189192b6e8199f2c8c0ed4dbe55e/element - {"using":"xpath","value":"//*[@id=\"backBtn\"]"}
RESULT: {"using":"xpath","value":"//*[@id=\"backBtn\"]"}
COMMAND: POST /session/8179189192b6e8199f2c8c0ed4dbe55e/element/f.B21277114AAE32FBBA00628FF0F6C8E7.d.C060C897B1035F49D16B395A5D66229A.e.5278/click - {}
RESULT: {}
COMMAND: GET /session/8179189192b6e8199f2c8c0ed4dbe55e/screenshot - {}
RESULT: {}
]]></system-out>
    </testcase>
    <testcase classname="chrome.137_0_7151_69.windows.Sanity_Tests_US104253" name="Should open Organizational Model page" time="35.75">
      <system-out><![CDATA[
COMMAND: POST /session/8179189192b6e8199f2c8c0ed4dbe55e/execute/async - {"script":"<script> [1562 bytes]","args":[{"selector":{"controlType":"sap.m.GenericTile","properties":{"header":"Organizational Model"}},"wdio_ui5_key":"sapm.GenericTile{\"header\":\"Organizational Model\"}"}]}
RESULT: {"script":"<script> [1562 bytes]","args":[{"selector":{"controlType":"sap.m.GenericTile","properties":{"header":"Organizational Model"}},"wdio_ui5_key":"sapm.GenericTile{\"header\":\"Organizational Model\"}"}]}
RESULT: undefined
COMMAND: POST /session/8179189192b6e8199f2c8c0ed4dbe55e/element - {"using":"xpath","value":"//*[@id=\"__tile120\"]"}
RESULT: {"using":"xpath","value":"//*[@id=\"__tile120\"]"}
COMMAND: POST /session/8179189192b6e8199f2c8c0ed4dbe55e/element/f.B21277114AAE32FBBA00628FF0F6C8E7.d.C060C897B1035F49D16B395A5D66229A.e.5280/click - {}
RESULT: {}
COMMAND: GET /session/8179189192b6e8199f2c8c0ed4dbe55e/screenshot - {}
RESULT: {}
COMMAND: POST /session/8179189192b6e8199f2c8c0ed4dbe55e/elements - {"using":"xpath","value":"//span[text()='Error']"}
RESULT: {"using":"xpath","value":"//span[text()='Error']"}
RESULT: undefined
COMMAND: POST /session/8179189192b6e8199f2c8c0ed4dbe55e/element - {"using":"xpath","value":"//*[@id=\"__tile120\"]"}
RESULT: {"using":"xpath","value":"//*[@id=\"__tile120\"]"}
COMMAND: POST /session/8179189192b6e8199f2c8c0ed4dbe55e/element/f.B21277114AAE32FBBA00628FF0F6C8E7.d.C060C897B1035F49D16B395A5D66229A.e.5280/click - {}
RESULT: undefined
COMMAND: POST /session/8179189192b6e8199f2c8c0ed4dbe55e/element - {"using":"xpath","value":"//*[@id=\"__tile120\"]"}
RESULT: {"using":"xpath","value":"//*[@id=\"__tile120\"]"}
COMMAND: POST /session/8179189192b6e8199f2c8c0ed4dbe55e/element/f.B21277114AAE32FBBA00628FF0F6C8E7.d.C060C897B1035F49D16B395A5D66229A.e.5280/click - {}
RESULT: undefined
COMMAND: POST /session/8179189192b6e8199f2c8c0ed4dbe55e/execute/async - {"script":"<script> [6424 bytes]","args":[{"element-6066-11e4-a52e-4f735466cecf":"f.B21277114AAE32FBBA00628FF0F6C8E7.d.C060C897B1035F49D16B395A5D66229A.e.290"},"getTitle",[]]}
COMMAND: POST /session/8179189192b6e8199f2c8c0ed4dbe55e/execute/async - {"script":"<script> [1562 bytes]","args":[{"selector":{"id":"shellAppTitle"},"wdio_ui5_key":"shellAppTitle"}]}
RESULT: {"script":"<script> [1562 bytes]","args":[{"selector":{"id":"shellAppTitle"},"wdio_ui5_key":"shellAppTitle"}]}
COMMAND: POST /session/8179189192b6e8199f2c8c0ed4dbe55e/execute/async - {"script":"<script> [6424 bytes]","args":[{"element-6066-11e4-a52e-4f735466cecf":"f.B21277114AAE32FBBA00628FF0F6C8E7.d.C060C897B1035F49D16B395A5D66229A.e.5299"},"getTitle",[]]}
RESULT: {"script":"<script> [6424 bytes]","args":[{"element-6066-11e4-a52e-4f735466cecf":"f.B21277114AAE32FBBA00628FF0F6C8E7.d.C060C897B1035F49D16B395A5D66229A.e.5299"},"getTitle",[]]}
RESULT: undefined
COMMAND: POST /session/8179189192b6e8199f2c8c0ed4dbe55e/element/f.B21277114AAE32FBBA00628FF0F6C8E7.d.C060C897B1035F49D16B395A5D66229A.e.5278/click - {}
RESULT: {}
COMMAND: GET /session/8179189192b6e8199f2c8c0ed4dbe55e/screenshot - {}
RESULT: {}
]]></system-out>
    </testcase>
    <testcase classname="chrome.137_0_7151_69.windows.Sanity_Tests_US104253" name="Should open Manage Roles page" time="35.764">
      <system-out><![CDATA[
COMMAND: POST /session/8179189192b6e8199f2c8c0ed4dbe55e/execute/async - {"script":"<script> [1562 bytes]","args":[{"selector":{"controlType":"sap.m.GenericTile","properties":{"header":"Manage Roles"}},"wdio_ui5_key":"sapm.GenericTile{\"header\":\"Manage Roles\"}"}]}
RESULT: {"script":"<script> [1562 bytes]","args":[{"selector":{"controlType":"sap.m.GenericTile","properties":{"header":"Manage Roles"}},"wdio_ui5_key":"sapm.GenericTile{\"header\":\"Manage Roles\"}"}]}
RESULT: undefined
COMMAND: POST /session/8179189192b6e8199f2c8c0ed4dbe55e/element - {"using":"xpath","value":"//*[@id=\"__tile119\"]"}
RESULT: {"using":"xpath","value":"//*[@id=\"__tile119\"]"}
COMMAND: POST /session/8179189192b6e8199f2c8c0ed4dbe55e/element/f.B21277114AAE32FBBA00628FF0F6C8E7.d.C060C897B1035F49D16B395A5D66229A.e.5301/click - {}
RESULT: {}
COMMAND: GET /session/8179189192b6e8199f2c8c0ed4dbe55e/screenshot - {}
RESULT: {}
COMMAND: POST /session/8179189192b6e8199f2c8c0ed4dbe55e/elements - {"using":"xpath","value":"//span[text()='Error']"}
RESULT: {"using":"xpath","value":"//span[text()='Error']"}
RESULT: undefined
COMMAND: POST /session/8179189192b6e8199f2c8c0ed4dbe55e/element - {"using":"xpath","value":"//*[@id=\"__tile119\"]"}
RESULT: {"using":"xpath","value":"//*[@id=\"__tile119\"]"}
COMMAND: POST /session/8179189192b6e8199f2c8c0ed4dbe55e/element/f.B21277114AAE32FBBA00628FF0F6C8E7.d.C060C897B1035F49D16B395A5D66229A.e.5301/click - {}
RESULT: undefined
COMMAND: POST /session/8179189192b6e8199f2c8c0ed4dbe55e/element - {"using":"xpath","value":"//*[@id=\"__tile119\"]"}
RESULT: {"using":"xpath","value":"//*[@id=\"__tile119\"]"}
COMMAND: POST /session/8179189192b6e8199f2c8c0ed4dbe55e/element/f.B21277114AAE32FBBA00628FF0F6C8E7.d.C060C897B1035F49D16B395A5D66229A.e.5301/click - {}
RESULT: undefined
COMMAND: POST /session/8179189192b6e8199f2c8c0ed4dbe55e/execute/async - {"script":"<script> [6424 bytes]","args":[{"element-6066-11e4-a52e-4f735466cecf":"f.B21277114AAE32FBBA00628FF0F6C8E7.d.C060C897B1035F49D16B395A5D66229A.e.290"},"getTitle",[]]}
COMMAND: POST /session/8179189192b6e8199f2c8c0ed4dbe55e/execute/async - {"script":"<script> [1562 bytes]","args":[{"selector":{"id":"shellAppTitle"},"wdio_ui5_key":"shellAppTitle"}]}
RESULT: {"script":"<script> [1562 bytes]","args":[{"selector":{"id":"shellAppTitle"},"wdio_ui5_key":"shellAppTitle"}]}
COMMAND: POST /session/8179189192b6e8199f2c8c0ed4dbe55e/execute/async - {"script":"<script> [6424 bytes]","args":[{"element-6066-11e4-a52e-4f735466cecf":"f.B21277114AAE32FBBA00628FF0F6C8E7.d.C060C897B1035F49D16B395A5D66229A.e.5343"},"getTitle",[]]}
RESULT: {"script":"<script> [6424 bytes]","args":[{"element-6066-11e4-a52e-4f735466cecf":"f.B21277114AAE32FBBA00628FF0F6C8E7.d.C060C897B1035F49D16B395A5D66229A.e.5343"},"getTitle",[]]}
RESULT: undefined
COMMAND: POST /session/8179189192b6e8199f2c8c0ed4dbe55e/element/f.B21277114AAE32FBBA00628FF0F6C8E7.d.C060C897B1035F49D16B395A5D66229A.e.5278/click - {}
COMMAND: POST /session/8179189192b6e8199f2c8c0ed4dbe55e/element - {"using":"xpath","value":"//*[@id=\"backBtn\"]"}
RESULT: {"using":"xpath","value":"//*[@id=\"backBtn\"]"}
COMMAND: POST /session/8179189192b6e8199f2c8c0ed4dbe55e/element/f.B21277114AAE32FBBA00628FF0F6C8E7.d.C060C897B1035F49D16B395A5D66229A.e.5278/click - {}
COMMAND: POST /session/8179189192b6e8199f2c8c0ed4dbe55e/element - {"using":"xpath","value":"//*[@id=\"backBtn\"]"}
RESULT: {"using":"xpath","value":"//*[@id=\"backBtn\"]"}
COMMAND: POST /session/8179189192b6e8199f2c8c0ed4dbe55e/element/f.B21277114AAE32FBBA00628FF0F6C8E7.d.C060C897B1035F49D16B395A5D66229A.e.5344/click - {}
RESULT: {}
COMMAND: GET /session/8179189192b6e8199f2c8c0ed4dbe55e/screenshot - {}
RESULT: {}
]]></system-out>
    </testcase>
    <testcase classname="chrome.137_0_7151_69.windows.Sanity_Tests_US104253" name="Should open Authorization Tables page" time="35.721">
      <system-out><![CDATA[
COMMAND: POST /session/8179189192b6e8199f2c8c0ed4dbe55e/execute/async - {"script":"<script> [1562 bytes]","args":[{"selector":{"controlType":"sap.m.GenericTile","properties":{"header":"Authorization Tables"}},"wdio_ui5_key":"sapm.GenericTile{\"header\":\"Authorization Tables\"}"}]}
RESULT: {"script":"<script> [1562 bytes]","args":[{"selector":{"controlType":"sap.m.GenericTile","properties":{"header":"Authorization Tables"}},"wdio_ui5_key":"sapm.GenericTile{\"header\":\"Authorization Tables\"}"}]}
RESULT: undefined
COMMAND: POST /session/8179189192b6e8199f2c8c0ed4dbe55e/element - {"using":"xpath","value":"//*[@id=\"__tile118\"]"}
RESULT: {"using":"xpath","value":"//*[@id=\"__tile118\"]"}
COMMAND: POST /session/8179189192b6e8199f2c8c0ed4dbe55e/element/f.B21277114AAE32FBBA00628FF0F6C8E7.d.C060C897B1035F49D16B395A5D66229A.e.5346/click - {}
RESULT: {}
COMMAND: GET /session/8179189192b6e8199f2c8c0ed4dbe55e/screenshot - {}
RESULT: {}
COMMAND: POST /session/8179189192b6e8199f2c8c0ed4dbe55e/elements - {"using":"xpath","value":"//span[text()='Error']"}
RESULT: {"using":"xpath","value":"//span[text()='Error']"}
RESULT: undefined
COMMAND: POST /session/8179189192b6e8199f2c8c0ed4dbe55e/element - {"using":"xpath","value":"//*[@id=\"__tile118\"]"}
RESULT: {"using":"xpath","value":"//*[@id=\"__tile118\"]"}
COMMAND: POST /session/8179189192b6e8199f2c8c0ed4dbe55e/element/f.B21277114AAE32FBBA00628FF0F6C8E7.d.C060C897B1035F49D16B395A5D66229A.e.5346/click - {}
RESULT: undefined
COMMAND: POST /session/8179189192b6e8199f2c8c0ed4dbe55e/element - {"using":"xpath","value":"//*[@id=\"__tile118\"]"}
RESULT: {"using":"xpath","value":"//*[@id=\"__tile118\"]"}
COMMAND: POST /session/8179189192b6e8199f2c8c0ed4dbe55e/element/f.B21277114AAE32FBBA00628FF0F6C8E7.d.C060C897B1035F49D16B395A5D66229A.e.5346/click - {}
RESULT: undefined
COMMAND: POST /session/8179189192b6e8199f2c8c0ed4dbe55e/execute/async - {"script":"<script> [6424 bytes]","args":[{"element-6066-11e4-a52e-4f735466cecf":"f.B21277114AAE32FBBA00628FF0F6C8E7.d.C060C897B1035F49D16B395A5D66229A.e.290"},"getTitle",[]]}
COMMAND: POST /session/8179189192b6e8199f2c8c0ed4dbe55e/execute/async - {"script":"<script> [1562 bytes]","args":[{"selector":{"id":"shellAppTitle"},"wdio_ui5_key":"shellAppTitle"}]}
RESULT: {"script":"<script> [1562 bytes]","args":[{"selector":{"id":"shellAppTitle"},"wdio_ui5_key":"shellAppTitle"}]}
COMMAND: POST /session/8179189192b6e8199f2c8c0ed4dbe55e/execute/async - {"script":"<script> [6424 bytes]","args":[{"element-6066-11e4-a52e-4f735466cecf":"f.B21277114AAE32FBBA00628FF0F6C8E7.d.C060C897B1035F49D16B395A5D66229A.e.5445"},"getTitle",[]]}
RESULT: {"script":"<script> [6424 bytes]","args":[{"element-6066-11e4-a52e-4f735466cecf":"f.B21277114AAE32FBBA00628FF0F6C8E7.d.C060C897B1035F49D16B395A5D66229A.e.5445"},"getTitle",[]]}
RESULT: undefined
COMMAND: POST /session/8179189192b6e8199f2c8c0ed4dbe55e/element/f.B21277114AAE32FBBA00628FF0F6C8E7.d.C060C897B1035F49D16B395A5D66229A.e.5344/click - {}
RESULT: {}
COMMAND: GET /session/8179189192b6e8199f2c8c0ed4dbe55e/screenshot - {}
RESULT: {}
]]></system-out>
    </testcase>
    <testcase classname="chrome.137_0_7151_69.windows.Sanity_Tests_US104253" name="Should open User Maintenance page" time="37.292">
      <system-out><![CDATA[
COMMAND: POST /session/8179189192b6e8199f2c8c0ed4dbe55e/execute/async - {"script":"<script> [1562 bytes]","args":[{"selector":{"controlType":"sap.m.GenericTile","properties":{"header":"User Maintenance"}},"wdio_ui5_key":"sapm.GenericTile{\"header\":\"User Maintenance\"}"}]}
RESULT: {"script":"<script> [1562 bytes]","args":[{"selector":{"controlType":"sap.m.GenericTile","properties":{"header":"User Maintenance"}},"wdio_ui5_key":"sapm.GenericTile{\"header\":\"User Maintenance\"}"}]}
RESULT: undefined
COMMAND: POST /session/8179189192b6e8199f2c8c0ed4dbe55e/element - {"using":"xpath","value":"//*[@id=\"__tile121\"]"}
RESULT: {"using":"xpath","value":"//*[@id=\"__tile121\"]"}
COMMAND: POST /session/8179189192b6e8199f2c8c0ed4dbe55e/element/f.B21277114AAE32FBBA00628FF0F6C8E7.d.C060C897B1035F49D16B395A5D66229A.e.5447/click - {}
RESULT: {}
COMMAND: GET /session/8179189192b6e8199f2c8c0ed4dbe55e/screenshot - {}
RESULT: {}
COMMAND: POST /session/8179189192b6e8199f2c8c0ed4dbe55e/elements - {"using":"xpath","value":"//span[text()='Error']"}
RESULT: {"using":"xpath","value":"//span[text()='Error']"}
RESULT: undefined
COMMAND: POST /session/8179189192b6e8199f2c8c0ed4dbe55e/element - {"using":"xpath","value":"//*[@id=\"__tile121\"]"}
RESULT: {"using":"xpath","value":"//*[@id=\"__tile121\"]"}
COMMAND: POST /session/8179189192b6e8199f2c8c0ed4dbe55e/element/f.B21277114AAE32FBBA00628FF0F6C8E7.d.C060C897B1035F49D16B395A5D66229A.e.5447/click - {}
RESULT: undefined
COMMAND: POST /session/8179189192b6e8199f2c8c0ed4dbe55e/element - {"using":"xpath","value":"//*[@id=\"__tile121\"]"}
RESULT: {"using":"xpath","value":"//*[@id=\"__tile121\"]"}
COMMAND: POST /session/8179189192b6e8199f2c8c0ed4dbe55e/element/f.B21277114AAE32FBBA00628FF0F6C8E7.d.C060C897B1035F49D16B395A5D66229A.e.5447/click - {}
RESULT: undefined
COMMAND: POST /session/8179189192b6e8199f2c8c0ed4dbe55e/execute/async - {"script":"<script> [6424 bytes]","args":[{"element-6066-11e4-a52e-4f735466cecf":"f.B21277114AAE32FBBA00628FF0F6C8E7.d.C060C897B1035F49D16B395A5D66229A.e.290"},"getTitle",[]]}
COMMAND: POST /session/8179189192b6e8199f2c8c0ed4dbe55e/execute/async - {"script":"<script> [1562 bytes]","args":[{"selector":{"id":"shellAppTitle"},"wdio_ui5_key":"shellAppTitle"}]}
RESULT: {"script":"<script> [1562 bytes]","args":[{"selector":{"id":"shellAppTitle"},"wdio_ui5_key":"shellAppTitle"}]}
COMMAND: POST /session/8179189192b6e8199f2c8c0ed4dbe55e/execute/async - {"script":"<script> [6424 bytes]","args":[{"element-6066-11e4-a52e-4f735466cecf":"f.B21277114AAE32FBBA00628FF0F6C8E7.d.C060C897B1035F49D16B395A5D66229A.e.5541"},"getTitle",[]]}
RESULT: {"script":"<script> [6424 bytes]","args":[{"element-6066-11e4-a52e-4f735466cecf":"f.B21277114AAE32FBBA00628FF0F6C8E7.d.C060C897B1035F49D16B395A5D66229A.e.5541"},"getTitle",[]]}
RESULT: undefined
COMMAND: POST /session/8179189192b6e8199f2c8c0ed4dbe55e/element/f.B21277114AAE32FBBA00628FF0F6C8E7.d.C060C897B1035F49D16B395A5D66229A.e.5344/click - {}
COMMAND: POST /session/8179189192b6e8199f2c8c0ed4dbe55e/element - {"using":"xpath","value":"//*[@id=\"backBtn\"]"}
RESULT: {"using":"xpath","value":"//*[@id=\"backBtn\"]"}
COMMAND: POST /session/8179189192b6e8199f2c8c0ed4dbe55e/element/f.B21277114AAE32FBBA00628FF0F6C8E7.d.C060C897B1035F49D16B395A5D66229A.e.5344/click - {}
COMMAND: POST /session/8179189192b6e8199f2c8c0ed4dbe55e/element - {"using":"xpath","value":"//*[@id=\"backBtn\"]"}
RESULT: {"using":"xpath","value":"//*[@id=\"backBtn\"]"}
COMMAND: POST /session/8179189192b6e8199f2c8c0ed4dbe55e/element/f.B21277114AAE32FBBA00628FF0F6C8E7.d.C060C897B1035F49D16B395A5D66229A.e.5542/click - {}
RESULT: {}
COMMAND: GET /session/8179189192b6e8199f2c8c0ed4dbe55e/screenshot - {}
RESULT: {}
]]></system-out>
    </testcase>
    <testcase classname="chrome.137_0_7151_69.windows.Sanity_Tests_US104253" name="Should open Schedule Jobs page" time="35.728">
      <system-out><![CDATA[
COMMAND: POST /session/8179189192b6e8199f2c8c0ed4dbe55e/execute/async - {"script":"<script> [1562 bytes]","args":[{"selector":{"controlType":"sap.m.GenericTile","properties":{"header":"Schedule Jobs"}},"wdio_ui5_key":"sapm.GenericTile{\"header\":\"Schedule Jobs\"}"}]}
RESULT: {"script":"<script> [1562 bytes]","args":[{"selector":{"controlType":"sap.m.GenericTile","properties":{"header":"Schedule Jobs"}},"wdio_ui5_key":"sapm.GenericTile{\"header\":\"Schedule Jobs\"}"}]}
RESULT: undefined
COMMAND: POST /session/8179189192b6e8199f2c8c0ed4dbe55e/element - {"using":"xpath","value":"//*[@id=\"__tile127\"]"}
RESULT: {"using":"xpath","value":"//*[@id=\"__tile127\"]"}
COMMAND: POST /session/8179189192b6e8199f2c8c0ed4dbe55e/element/f.B21277114AAE32FBBA00628FF0F6C8E7.d.C060C897B1035F49D16B395A5D66229A.e.5546/click - {}
RESULT: {}
COMMAND: GET /session/8179189192b6e8199f2c8c0ed4dbe55e/screenshot - {}
RESULT: {}
COMMAND: POST /session/8179189192b6e8199f2c8c0ed4dbe55e/elements - {"using":"xpath","value":"//span[text()='Error']"}
RESULT: {"using":"xpath","value":"//span[text()='Error']"}
RESULT: undefined
COMMAND: POST /session/8179189192b6e8199f2c8c0ed4dbe55e/element - {"using":"xpath","value":"//*[@id=\"__tile127\"]"}
RESULT: {"using":"xpath","value":"//*[@id=\"__tile127\"]"}
COMMAND: POST /session/8179189192b6e8199f2c8c0ed4dbe55e/element/f.B21277114AAE32FBBA00628FF0F6C8E7.d.C060C897B1035F49D16B395A5D66229A.e.5546/click - {}
RESULT: undefined
COMMAND: POST /session/8179189192b6e8199f2c8c0ed4dbe55e/element - {"using":"xpath","value":"//*[@id=\"__tile127\"]"}
RESULT: {"using":"xpath","value":"//*[@id=\"__tile127\"]"}
COMMAND: POST /session/8179189192b6e8199f2c8c0ed4dbe55e/element/f.B21277114AAE32FBBA00628FF0F6C8E7.d.C060C897B1035F49D16B395A5D66229A.e.5546/click - {}
RESULT: undefined
COMMAND: POST /session/8179189192b6e8199f2c8c0ed4dbe55e/execute/async - {"script":"<script> [6424 bytes]","args":[{"element-6066-11e4-a52e-4f735466cecf":"f.B21277114AAE32FBBA00628FF0F6C8E7.d.C060C897B1035F49D16B395A5D66229A.e.290"},"getTitle",[]]}
COMMAND: POST /session/8179189192b6e8199f2c8c0ed4dbe55e/execute/async - {"script":"<script> [1562 bytes]","args":[{"selector":{"id":"shellAppTitle"},"wdio_ui5_key":"shellAppTitle"}]}
RESULT: {"script":"<script> [1562 bytes]","args":[{"selector":{"id":"shellAppTitle"},"wdio_ui5_key":"shellAppTitle"}]}
COMMAND: POST /session/8179189192b6e8199f2c8c0ed4dbe55e/execute/async - {"script":"<script> [6424 bytes]","args":[{"element-6066-11e4-a52e-4f735466cecf":"f.B21277114AAE32FBBA00628FF0F6C8E7.d.C060C897B1035F49D16B395A5D66229A.e.5591"},"getTitle",[]]}
RESULT: {"script":"<script> [6424 bytes]","args":[{"element-6066-11e4-a52e-4f735466cecf":"f.B21277114AAE32FBBA00628FF0F6C8E7.d.C060C897B1035F49D16B395A5D66229A.e.5591"},"getTitle",[]]}
RESULT: undefined
COMMAND: POST /session/8179189192b6e8199f2c8c0ed4dbe55e/element/f.B21277114AAE32FBBA00628FF0F6C8E7.d.C060C897B1035F49D16B395A5D66229A.e.5542/click - {}
COMMAND: POST /session/8179189192b6e8199f2c8c0ed4dbe55e/element/f.B21277114AAE32FBBA00628FF0F6C8E7.d.C060C897B1035F49D16B395A5D66229A.e.5542/click - {}
RESULT: {}
COMMAND: GET /session/8179189192b6e8199f2c8c0ed4dbe55e/screenshot - {}
COMMAND: POST /session/8179189192b6e8199f2c8c0ed4dbe55e/element - {"using":"xpath","value":"//*[@id=\"backBtn\"]"}
RESULT: {}
RESULT: {"using":"xpath","value":"//*[@id=\"backBtn\"]"}
COMMAND: POST /session/8179189192b6e8199f2c8c0ed4dbe55e/elements - {"using":"xpath","value":"//*[@id=\"backBtn\"]"}
RESULT: {"using":"xpath","value":"//*[@id=\"backBtn\"]"}
COMMAND: POST /session/8179189192b6e8199f2c8c0ed4dbe55e/elements - {"using":"xpath","value":"//*[@id=\"backBtn\"]"}
RESULT: {"using":"xpath","value":"//*[@id=\"backBtn\"]"}
COMMAND: POST /session/8179189192b6e8199f2c8c0ed4dbe55e/elements - {"using":"xpath","value":"//*[@id=\"backBtn\"]"}
RESULT: {"using":"xpath","value":"//*[@id=\"backBtn\"]"}
COMMAND: POST /session/8179189192b6e8199f2c8c0ed4dbe55e/elements - {"using":"xpath","value":"//*[@id=\"backBtn\"]"}
RESULT: {"using":"xpath","value":"//*[@id=\"backBtn\"]"}
COMMAND: POST /session/8179189192b6e8199f2c8c0ed4dbe55e/elements - {"using":"xpath","value":"//*[@id=\"backBtn\"]"}
RESULT: {"using":"xpath","value":"//*[@id=\"backBtn\"]"}
COMMAND: POST /session/8179189192b6e8199f2c8c0ed4dbe55e/elements - {"using":"xpath","value":"//*[@id=\"backBtn\"]"}
RESULT: {"using":"xpath","value":"//*[@id=\"backBtn\"]"}
COMMAND: POST /session/8179189192b6e8199f2c8c0ed4dbe55e/elements - {"using":"xpath","value":"//*[@id=\"backBtn\"]"}
RESULT: {"using":"xpath","value":"//*[@id=\"backBtn\"]"}
COMMAND: POST /session/8179189192b6e8199f2c8c0ed4dbe55e/elements - {"using":"xpath","value":"//*[@id=\"backBtn\"]"}
RESULT: {"using":"xpath","value":"//*[@id=\"backBtn\"]"}
COMMAND: POST /session/8179189192b6e8199f2c8c0ed4dbe55e/elements - {"using":"xpath","value":"//*[@id=\"backBtn\"]"}
RESULT: {"using":"xpath","value":"//*[@id=\"backBtn\"]"}
COMMAND: POST /session/8179189192b6e8199f2c8c0ed4dbe55e/elements - {"using":"xpath","value":"//*[@id=\"backBtn\"]"}
RESULT: {"using":"xpath","value":"//*[@id=\"backBtn\"]"}
COMMAND: POST /session/8179189192b6e8199f2c8c0ed4dbe55e/elements - {"using":"xpath","value":"//*[@id=\"backBtn\"]"}
RESULT: {"using":"xpath","value":"//*[@id=\"backBtn\"]"}
COMMAND: POST /session/8179189192b6e8199f2c8c0ed4dbe55e/elements - {"using":"xpath","value":"//*[@id=\"backBtn\"]"}
RESULT: {"using":"xpath","value":"//*[@id=\"backBtn\"]"}
COMMAND: POST /session/8179189192b6e8199f2c8c0ed4dbe55e/elements - {"using":"xpath","value":"//*[@id=\"backBtn\"]"}
RESULT: {"using":"xpath","value":"//*[@id=\"backBtn\"]"}
COMMAND: POST /session/8179189192b6e8199f2c8c0ed4dbe55e/elements - {"using":"xpath","value":"//*[@id=\"backBtn\"]"}
RESULT: {"using":"xpath","value":"//*[@id=\"backBtn\"]"}
COMMAND: POST /session/8179189192b6e8199f2c8c0ed4dbe55e/elements - {"using":"xpath","value":"//*[@id=\"backBtn\"]"}
RESULT: {"using":"xpath","value":"//*[@id=\"backBtn\"]"}
COMMAND: POST /session/8179189192b6e8199f2c8c0ed4dbe55e/elements - {"using":"xpath","value":"//*[@id=\"backBtn\"]"}
RESULT: {"using":"xpath","value":"//*[@id=\"backBtn\"]"}
COMMAND: POST /session/8179189192b6e8199f2c8c0ed4dbe55e/elements - {"using":"xpath","value":"//*[@id=\"backBtn\"]"}
RESULT: {"using":"xpath","value":"//*[@id=\"backBtn\"]"}
COMMAND: POST /session/8179189192b6e8199f2c8c0ed4dbe55e/elements - {"using":"xpath","value":"//*[@id=\"backBtn\"]"}
RESULT: {"using":"xpath","value":"//*[@id=\"backBtn\"]"}
]]></system-out>
    </testcase>
    <testcase classname="chrome.137_0_7151_69.windows.Sanity_Tests_US104253" name="Should open Jobs Setup page" time="36.508">
      <system-out><![CDATA[
COMMAND: POST /session/8179189192b6e8199f2c8c0ed4dbe55e/execute/async - {"script":"<script> [1562 bytes]","args":[{"selector":{"controlType":"sap.m.GenericTile","properties":{"header":"Jobs Setup"}},"wdio_ui5_key":"sapm.GenericTile{\"header\":\"Jobs Setup\"}"}]}
COMMAND: POST /session/8179189192b6e8199f2c8c0ed4dbe55e/elements - {"using":"xpath","value":"//*[@id=\"backBtn\"]"}
RESULT: {"script":"<script> [1562 bytes]","args":[{"selector":{"controlType":"sap.m.GenericTile","properties":{"header":"Jobs Setup"}},"wdio_ui5_key":"sapm.GenericTile{\"header\":\"Jobs Setup\"}"}]}
RESULT: undefined
COMMAND: POST /session/8179189192b6e8199f2c8c0ed4dbe55e/element - {"using":"xpath","value":"//*[@id=\"__tile128\"]"}
RESULT: {"using":"xpath","value":"//*[@id=\"backBtn\"]"}
COMMAND: POST /session/8179189192b6e8199f2c8c0ed4dbe55e/elements - {"using":"xpath","value":"//*[@id=\"backBtn\"]"}
RESULT: {"using":"xpath","value":"//*[@id=\"__tile128\"]"}
COMMAND: POST /session/8179189192b6e8199f2c8c0ed4dbe55e/element/f.B21277114AAE32FBBA00628FF0F6C8E7.d.C060C897B1035F49D16B395A5D66229A.e.5593/click - {}
RESULT: {"using":"xpath","value":"//*[@id=\"backBtn\"]"}
RESULT: {}
COMMAND: GET /session/8179189192b6e8199f2c8c0ed4dbe55e/screenshot - {}
RESULT: {}
COMMAND: POST /session/8179189192b6e8199f2c8c0ed4dbe55e/elements - {"using":"xpath","value":"//*[@id=\"backBtn\"]"}
RESULT: {"using":"xpath","value":"//*[@id=\"backBtn\"]"}
COMMAND: POST /session/8179189192b6e8199f2c8c0ed4dbe55e/element - {"using":"xpath","value":"//*[@id=\"backBtn\"]"}
RESULT: {"using":"xpath","value":"//*[@id=\"backBtn\"]"}
COMMAND: POST /session/8179189192b6e8199f2c8c0ed4dbe55e/element/f.B21277114AAE32FBBA00628FF0F6C8E7.d.C060C897B1035F49D16B395A5D66229A.e.5542/click - {}
COMMAND: POST /session/8179189192b6e8199f2c8c0ed4dbe55e/element - {"using":"xpath","value":"//*[@id=\"backBtn\"]"}
RESULT: {"using":"xpath","value":"//*[@id=\"backBtn\"]"}
COMMAND: POST /session/8179189192b6e8199f2c8c0ed4dbe55e/element/f.B21277114AAE32FBBA00628FF0F6C8E7.d.C060C897B1035F49D16B395A5D66229A.e.5648/click - {}
RESULT: {}
COMMAND: GET /session/8179189192b6e8199f2c8c0ed4dbe55e/screenshot - {}
RESULT: {}
COMMAND: POST /session/8179189192b6e8199f2c8c0ed4dbe55e/elements - {"using":"xpath","value":"//span[text()='Error']"}
RESULT: {"using":"xpath","value":"//span[text()='Error']"}
RESULT: undefined
COMMAND: POST /session/8179189192b6e8199f2c8c0ed4dbe55e/element - {"using":"xpath","value":"//*[@id=\"__tile128\"]"}
RESULT: {"using":"xpath","value":"//*[@id=\"__tile128\"]"}
COMMAND: POST /session/8179189192b6e8199f2c8c0ed4dbe55e/element/f.B21277114AAE32FBBA00628FF0F6C8E7.d.C060C897B1035F49D16B395A5D66229A.e.5593/click - {}
RESULT: undefined
COMMAND: POST /session/8179189192b6e8199f2c8c0ed4dbe55e/element - {"using":"xpath","value":"//*[@id=\"__tile128\"]"}
RESULT: {"using":"xpath","value":"//*[@id=\"__tile128\"]"}
COMMAND: POST /session/8179189192b6e8199f2c8c0ed4dbe55e/element/f.B21277114AAE32FBBA00628FF0F6C8E7.d.C060C897B1035F49D16B395A5D66229A.e.5593/click - {}
RESULT: undefined
COMMAND: POST /session/8179189192b6e8199f2c8c0ed4dbe55e/execute/async - {"script":"<script> [6424 bytes]","args":[{"element-6066-11e4-a52e-4f735466cecf":"f.B21277114AAE32FBBA00628FF0F6C8E7.d.C060C897B1035F49D16B395A5D66229A.e.290"},"getTitle",[]]}
COMMAND: POST /session/8179189192b6e8199f2c8c0ed4dbe55e/execute/async - {"script":"<script> [1562 bytes]","args":[{"selector":{"id":"shellAppTitle"},"wdio_ui5_key":"shellAppTitle"}]}
RESULT: {"script":"<script> [1562 bytes]","args":[{"selector":{"id":"shellAppTitle"},"wdio_ui5_key":"shellAppTitle"}]}
COMMAND: POST /session/8179189192b6e8199f2c8c0ed4dbe55e/execute/async - {"script":"<script> [6424 bytes]","args":[{"element-6066-11e4-a52e-4f735466cecf":"f.B21277114AAE32FBBA00628FF0F6C8E7.d.C060C897B1035F49D16B395A5D66229A.e.5679"},"getTitle",[]]}
RESULT: {"script":"<script> [6424 bytes]","args":[{"element-6066-11e4-a52e-4f735466cecf":"f.B21277114AAE32FBBA00628FF0F6C8E7.d.C060C897B1035F49D16B395A5D66229A.e.5679"},"getTitle",[]]}
RESULT: undefined
COMMAND: POST /session/8179189192b6e8199f2c8c0ed4dbe55e/element/f.B21277114AAE32FBBA00628FF0F6C8E7.d.C060C897B1035F49D16B395A5D66229A.e.5648/click - {}
COMMAND: POST /session/8179189192b6e8199f2c8c0ed4dbe55e/element/f.B21277114AAE32FBBA00628FF0F6C8E7.d.C060C897B1035F49D16B395A5D66229A.e.5648/click - {}
RESULT: {}
COMMAND: GET /session/8179189192b6e8199f2c8c0ed4dbe55e/screenshot - {}
RESULT: {}
COMMAND: GET /session/8179189192b6e8199f2c8c0ed4dbe55e/screenshot - {}
RESULT: {}
RESULT: {}
]]></system-out>
    </testcase>
    <testcase classname="chrome.137_0_7151_69.windows.Sanity_Tests_US104253" name="Should open Target Systems Configuration page" time="35.859">
      <system-out><![CDATA[
COMMAND: POST /session/8179189192b6e8199f2c8c0ed4dbe55e/execute/async - {"script":"<script> [1562 bytes]","args":[{"selector":{"controlType":"sap.m.GenericTile","properties":{"header":"Target Systems Configuration"}},"wdio_ui5_key":"sapm.GenericTile{\"header\":\"Target Systems Configuration\"}"}]}
RESULT: {"script":"<script> [1562 bytes]","args":[{"selector":{"controlType":"sap.m.GenericTile","properties":{"header":"Target Systems Configuration"}},"wdio_ui5_key":"sapm.GenericTile{\"header\":\"Target Systems Configuration\"}"}]}
RESULT: undefined
COMMAND: POST /session/8179189192b6e8199f2c8c0ed4dbe55e/element - {"using":"xpath","value":"//*[@id=\"__tile129\"]"}
RESULT: {"using":"xpath","value":"//*[@id=\"__tile129\"]"}
COMMAND: POST /session/8179189192b6e8199f2c8c0ed4dbe55e/element/f.B21277114AAE32FBBA00628FF0F6C8E7.d.C060C897B1035F49D16B395A5D66229A.e.5683/click - {}
RESULT: {}
COMMAND: GET /session/8179189192b6e8199f2c8c0ed4dbe55e/screenshot - {}
RESULT: {}
COMMAND: POST /session/8179189192b6e8199f2c8c0ed4dbe55e/elements - {"using":"xpath","value":"//span[text()='Error']"}
RESULT: {"using":"xpath","value":"//span[text()='Error']"}
RESULT: undefined
COMMAND: POST /session/8179189192b6e8199f2c8c0ed4dbe55e/element - {"using":"xpath","value":"//*[@id=\"__tile129\"]"}
RESULT: {"using":"xpath","value":"//*[@id=\"__tile129\"]"}
COMMAND: POST /session/8179189192b6e8199f2c8c0ed4dbe55e/element/f.B21277114AAE32FBBA00628FF0F6C8E7.d.C060C897B1035F49D16B395A5D66229A.e.5683/click - {}
RESULT: undefined
COMMAND: POST /session/8179189192b6e8199f2c8c0ed4dbe55e/element - {"using":"xpath","value":"//*[@id=\"__tile129\"]"}
RESULT: {"using":"xpath","value":"//*[@id=\"__tile129\"]"}
COMMAND: POST /session/8179189192b6e8199f2c8c0ed4dbe55e/element/f.B21277114AAE32FBBA00628FF0F6C8E7.d.C060C897B1035F49D16B395A5D66229A.e.5683/click - {}
RESULT: undefined
COMMAND: POST /session/8179189192b6e8199f2c8c0ed4dbe55e/execute/async - {"script":"<script> [6424 bytes]","args":[{"element-6066-11e4-a52e-4f735466cecf":"f.B21277114AAE32FBBA00628FF0F6C8E7.d.C060C897B1035F49D16B395A5D66229A.e.290"},"getTitle",[]]}
COMMAND: POST /session/8179189192b6e8199f2c8c0ed4dbe55e/execute/async - {"script":"<script> [1562 bytes]","args":[{"selector":{"id":"shellAppTitle"},"wdio_ui5_key":"shellAppTitle"}]}
RESULT: {"script":"<script> [1562 bytes]","args":[{"selector":{"id":"shellAppTitle"},"wdio_ui5_key":"shellAppTitle"}]}
COMMAND: POST /session/8179189192b6e8199f2c8c0ed4dbe55e/execute/async - {"script":"<script> [6424 bytes]","args":[{"element-6066-11e4-a52e-4f735466cecf":"f.B21277114AAE32FBBA00628FF0F6C8E7.d.C060C897B1035F49D16B395A5D66229A.e.5735"},"getTitle",[]]}
RESULT: {"script":"<script> [6424 bytes]","args":[{"element-6066-11e4-a52e-4f735466cecf":"f.B21277114AAE32FBBA00628FF0F6C8E7.d.C060C897B1035F49D16B395A5D66229A.e.5735"},"getTitle",[]]}
RESULT: undefined
COMMAND: POST /session/8179189192b6e8199f2c8c0ed4dbe55e/element/f.B21277114AAE32FBBA00628FF0F6C8E7.d.C060C897B1035F49D16B395A5D66229A.e.5648/click - {}
COMMAND: POST /session/8179189192b6e8199f2c8c0ed4dbe55e/element/f.B21277114AAE32FBBA00628FF0F6C8E7.d.C060C897B1035F49D16B395A5D66229A.e.5648/click - {}
RESULT: {}
COMMAND: GET /session/8179189192b6e8199f2c8c0ed4dbe55e/screenshot - {}
COMMAND: POST /session/8179189192b6e8199f2c8c0ed4dbe55e/element - {"using":"xpath","value":"//*[@id=\"backBtn\"]"}
RESULT: {}
RESULT: {"using":"xpath","value":"//*[@id=\"backBtn\"]"}
COMMAND: POST /session/8179189192b6e8199f2c8c0ed4dbe55e/elements - {"using":"xpath","value":"//*[@id=\"backBtn\"]"}
RESULT: {"using":"xpath","value":"//*[@id=\"backBtn\"]"}
COMMAND: POST /session/8179189192b6e8199f2c8c0ed4dbe55e/elements - {"using":"xpath","value":"//*[@id=\"backBtn\"]"}
RESULT: {"using":"xpath","value":"//*[@id=\"backBtn\"]"}
COMMAND: POST /session/8179189192b6e8199f2c8c0ed4dbe55e/elements - {"using":"xpath","value":"//*[@id=\"backBtn\"]"}
RESULT: {"using":"xpath","value":"//*[@id=\"backBtn\"]"}
COMMAND: POST /session/8179189192b6e8199f2c8c0ed4dbe55e/elements - {"using":"xpath","value":"//*[@id=\"backBtn\"]"}
RESULT: {"using":"xpath","value":"//*[@id=\"backBtn\"]"}
COMMAND: POST /session/8179189192b6e8199f2c8c0ed4dbe55e/elements - {"using":"xpath","value":"//*[@id=\"backBtn\"]"}
RESULT: {"using":"xpath","value":"//*[@id=\"backBtn\"]"}
COMMAND: POST /session/8179189192b6e8199f2c8c0ed4dbe55e/elements - {"using":"xpath","value":"//*[@id=\"backBtn\"]"}
RESULT: {"using":"xpath","value":"//*[@id=\"backBtn\"]"}
COMMAND: POST /session/8179189192b6e8199f2c8c0ed4dbe55e/elements - {"using":"xpath","value":"//*[@id=\"backBtn\"]"}
RESULT: {"using":"xpath","value":"//*[@id=\"backBtn\"]"}
COMMAND: POST /session/8179189192b6e8199f2c8c0ed4dbe55e/elements - {"using":"xpath","value":"//*[@id=\"backBtn\"]"}
RESULT: {"using":"xpath","value":"//*[@id=\"backBtn\"]"}
COMMAND: POST /session/8179189192b6e8199f2c8c0ed4dbe55e/elements - {"using":"xpath","value":"//*[@id=\"backBtn\"]"}
RESULT: {"using":"xpath","value":"//*[@id=\"backBtn\"]"}
COMMAND: POST /session/8179189192b6e8199f2c8c0ed4dbe55e/elements - {"using":"xpath","value":"//*[@id=\"backBtn\"]"}
RESULT: {"using":"xpath","value":"//*[@id=\"backBtn\"]"}
COMMAND: POST /session/8179189192b6e8199f2c8c0ed4dbe55e/elements - {"using":"xpath","value":"//*[@id=\"backBtn\"]"}
RESULT: {"using":"xpath","value":"//*[@id=\"backBtn\"]"}
COMMAND: POST /session/8179189192b6e8199f2c8c0ed4dbe55e/elements - {"using":"xpath","value":"//*[@id=\"backBtn\"]"}
RESULT: {"using":"xpath","value":"//*[@id=\"backBtn\"]"}
COMMAND: POST /session/8179189192b6e8199f2c8c0ed4dbe55e/elements - {"using":"xpath","value":"//*[@id=\"backBtn\"]"}
RESULT: {"using":"xpath","value":"//*[@id=\"backBtn\"]"}
COMMAND: POST /session/8179189192b6e8199f2c8c0ed4dbe55e/elements - {"using":"xpath","value":"//*[@id=\"backBtn\"]"}
RESULT: {"using":"xpath","value":"//*[@id=\"backBtn\"]"}
COMMAND: POST /session/8179189192b6e8199f2c8c0ed4dbe55e/elements - {"using":"xpath","value":"//*[@id=\"backBtn\"]"}
RESULT: {"using":"xpath","value":"//*[@id=\"backBtn\"]"}
COMMAND: POST /session/8179189192b6e8199f2c8c0ed4dbe55e/elements - {"using":"xpath","value":"//*[@id=\"backBtn\"]"}
RESULT: {"using":"xpath","value":"//*[@id=\"backBtn\"]"}
COMMAND: POST /session/8179189192b6e8199f2c8c0ed4dbe55e/elements - {"using":"xpath","value":"//*[@id=\"backBtn\"]"}
RESULT: {"using":"xpath","value":"//*[@id=\"backBtn\"]"}
COMMAND: POST /session/8179189192b6e8199f2c8c0ed4dbe55e/elements - {"using":"xpath","value":"//*[@id=\"backBtn\"]"}
RESULT: {"using":"xpath","value":"//*[@id=\"backBtn\"]"}
COMMAND: POST /session/8179189192b6e8199f2c8c0ed4dbe55e/elements - {"using":"xpath","value":"//*[@id=\"backBtn\"]"}
RESULT: {"using":"xpath","value":"//*[@id=\"backBtn\"]"}
COMMAND: POST /session/8179189192b6e8199f2c8c0ed4dbe55e/elements - {"using":"xpath","value":"//*[@id=\"backBtn\"]"}
RESULT: {"using":"xpath","value":"//*[@id=\"backBtn\"]"}
COMMAND: POST /session/8179189192b6e8199f2c8c0ed4dbe55e/elements - {"using":"xpath","value":"//*[@id=\"backBtn\"]"}
RESULT: {"using":"xpath","value":"//*[@id=\"backBtn\"]"}
COMMAND: POST /session/8179189192b6e8199f2c8c0ed4dbe55e/elements - {"using":"xpath","value":"//*[@id=\"backBtn\"]"}
RESULT: {"using":"xpath","value":"//*[@id=\"backBtn\"]"}
COMMAND: POST /session/8179189192b6e8199f2c8c0ed4dbe55e/elements - {"using":"xpath","value":"//*[@id=\"backBtn\"]"}
RESULT: {"using":"xpath","value":"//*[@id=\"backBtn\"]"}
COMMAND: POST /session/8179189192b6e8199f2c8c0ed4dbe55e/elements - {"using":"xpath","value":"//*[@id=\"backBtn\"]"}
RESULT: {"using":"xpath","value":"//*[@id=\"backBtn\"]"}
COMMAND: POST /session/8179189192b6e8199f2c8c0ed4dbe55e/elements - {"using":"xpath","value":"//*[@id=\"backBtn\"]"}
RESULT: {"using":"xpath","value":"//*[@id=\"backBtn\"]"}
COMMAND: POST /session/8179189192b6e8199f2c8c0ed4dbe55e/elements - {"using":"xpath","value":"//*[@id=\"backBtn\"]"}
RESULT: {"using":"xpath","value":"//*[@id=\"backBtn\"]"}
COMMAND: POST /session/8179189192b6e8199f2c8c0ed4dbe55e/elements - {"using":"xpath","value":"//*[@id=\"backBtn\"]"}
RESULT: {"using":"xpath","value":"//*[@id=\"backBtn\"]"}
COMMAND: POST /session/8179189192b6e8199f2c8c0ed4dbe55e/elements - {"using":"xpath","value":"//*[@id=\"backBtn\"]"}
RESULT: {"using":"xpath","value":"//*[@id=\"backBtn\"]"}
COMMAND: POST /session/8179189192b6e8199f2c8c0ed4dbe55e/elements - {"using":"xpath","value":"//*[@id=\"backBtn\"]"}
RESULT: {"using":"xpath","value":"//*[@id=\"backBtn\"]"}
COMMAND: POST /session/8179189192b6e8199f2c8c0ed4dbe55e/elements - {"using":"xpath","value":"//*[@id=\"backBtn\"]"}
RESULT: {"using":"xpath","value":"//*[@id=\"backBtn\"]"}
COMMAND: POST /session/8179189192b6e8199f2c8c0ed4dbe55e/elements - {"using":"xpath","value":"//*[@id=\"backBtn\"]"}
RESULT: {"using":"xpath","value":"//*[@id=\"backBtn\"]"}
COMMAND: POST /session/8179189192b6e8199f2c8c0ed4dbe55e/elements - {"using":"xpath","value":"//*[@id=\"backBtn\"]"}
RESULT: {"using":"xpath","value":"//*[@id=\"backBtn\"]"}
COMMAND: POST /session/8179189192b6e8199f2c8c0ed4dbe55e/elements - {"using":"xpath","value":"//*[@id=\"backBtn\"]"}
RESULT: {"using":"xpath","value":"//*[@id=\"backBtn\"]"}
COMMAND: POST /session/8179189192b6e8199f2c8c0ed4dbe55e/elements - {"using":"xpath","value":"//*[@id=\"backBtn\"]"}
RESULT: {"using":"xpath","value":"//*[@id=\"backBtn\"]"}
COMMAND: POST /session/8179189192b6e8199f2c8c0ed4dbe55e/elements - {"using":"xpath","value":"//*[@id=\"backBtn\"]"}
RESULT: {"using":"xpath","value":"//*[@id=\"backBtn\"]"}
COMMAND: POST /session/8179189192b6e8199f2c8c0ed4dbe55e/elements - {"using":"xpath","value":"//*[@id=\"backBtn\"]"}
RESULT: {"using":"xpath","value":"//*[@id=\"backBtn\"]"}
COMMAND: POST /session/8179189192b6e8199f2c8c0ed4dbe55e/elements - {"using":"xpath","value":"//*[@id=\"backBtn\"]"}
RESULT: {"using":"xpath","value":"//*[@id=\"backBtn\"]"}
COMMAND: POST /session/8179189192b6e8199f2c8c0ed4dbe55e/elements - {"using":"xpath","value":"//*[@id=\"backBtn\"]"}
RESULT: {"using":"xpath","value":"//*[@id=\"backBtn\"]"}
COMMAND: POST /session/8179189192b6e8199f2c8c0ed4dbe55e/elements - {"using":"xpath","value":"//*[@id=\"backBtn\"]"}
RESULT: {"using":"xpath","value":"//*[@id=\"backBtn\"]"}
COMMAND: DELETE /session/8179189192b6e8199f2c8c0ed4dbe55e - {}
COMMAND: POST /session/8179189192b6e8199f2c8c0ed4dbe55e/elements - {"using":"xpath","value":"//*[@id=\"backBtn\"]"}
RESULT: {}
]]></system-out>
    </testcase>
  </testsuite>
</testsuites>